                Time          Cycles PC       Instr    Mnemonic
20727654ns          344470 1c008080 0640006f jal              x0, 100            
20728111ns          344493 1c0080e4 f1402573 csrrs            x10, x0, 0xf14      x10=00000003
20728151ns          344495 1c0080e8 01f57593 andi             x11, x10, 31        x11=00000003 x10:00000003
20728171ns          344496 1c0080ec 00555513 srli             x10, x10, 0x5       x10=00000000 x10:00000003
20728191ns          344497 1c0080ee 01f00613 addi             x12, x0, 31         x12=0000001f
20728609ns          344518 1c0080f0 00c50463 beq              x10, x12, 8         x10:00000000 x12:0000001f
20728648ns          344520 1c0080f4 fa1ff06f jal              x0, -96            
20729126ns          344544 1c008094 f3ff8117 auipc            x2, 0xf3ff8000       x2=10000094
20729166ns          344546 1c008098 f7010113 addi             x2, x2, -144         x2=10000004  x2:10000094
20729185ns          344547 1c00809c 00012103 lw               x2, 0(x2)            x2=10000008  x2:10000004  PA:10000004
20729623ns          344569 1c0080a0 000011b7 lui              x3, 0x1000           x3=00001000
20729663ns          344571 1c0080a4 80018193 addi             x3, x3, -2048        x3=00000800  x3:00001000
20729683ns          344572 1c0080a8 00158593 addi             x11, x11, 1         x11=00000004 x11:00000003
20729703ns          344573 1c0080ac 02b180b3 mul              x1, x3, x11          x1=00002000  x3:00000800 x11:00000004
20730140ns          344595 1c0080b0 00110133 add              x2, x2, x1           x2=10002008  x2:10000008  x1:00002000
20730180ns          344597 1c0080b4 1d40406f jal              x0, 16852          
20730637ns          344620 1c00c288 ff010113 addi             x2, x2, -16          x2=10001ff8  x2:10002008
20730657ns          344621 1c00c28a 00112623 sw               x1, 12(x2)           x1:00002000  x2:10001ff8  PA:10002004
20730677ns          344622 1c00c28c 002047b7 lui              x15, 0x204000       x15=00204000
20731115ns          344644 1c00c290 00070737 lui              x14, 0x70000        x14=00070000
20731155ns          344646 1c00c294 00e7a423 sw               x14, 8(x15)         x14:00070000 x15:00204000  PA:00204008
20731174ns          344647 1c00c296 00f00713 addi             x14, x0, 15         x14=0000000f
20731194ns          344648 1c00c298 20078793 addi             x15, x15, 512       x15=00204200 x15:00204000
20731214ns          344649 1c00c29c 00e7a023 sw               x14, 0(x15)         x14:0000000f x15:00204200  PA:00204200
20731652ns          344671 1c00c2a0 00e7a623 sw               x14, 12(x15)        x14:0000000f x15:00204200  PA:0020420c
20731692ns          344673 1c00c2a4 1c0017b7 lui              x15, 0x1c001000     x15=1c001000
20731712ns          344674 1c00c2a8 a647a783 lw               x15, -1436(x15)     x15=1c00a884 x15:1c001000  PA:1c000a64
20732149ns          344696 1c00c2ac 000780e7 jalr             x1, x15, 0           x1=1c00c2ae x15:1c00a884
20732627ns          344720 1c00a884 eb010113 addi             x2, x2, -336         x2=10001ea8  x2:10001ff8
20732666ns          344722 1c00a886 14812423 sw               x8, 328(x2)          x8:xxxxxxxx  x2:10001ea8  PA:10001ff0
20732686ns          344723 1c00a88a 14112623 sw               x1, 332(x2)          x1:1c00c2ae  x2:10001ea8  PA:10001ff4
20733124ns          344745 1c00a88e f1402473 csrrs            x8, x0, 0xf14        x8=00000003
20733164ns          344747 1c00a892 14912223 sw               x9, 324(x2)          x9:xxxxxxxx  x2:10001ea8  PA:10001fec
20733183ns          344748 1c00a896 15212023 sw               x18, 320(x2)        x18:xxxxxxxx  x2:10001ea8  PA:10001fe8
20733203ns          344749 1c00a89a ca5417b3 p.extractu       x15, x8, 5, 5       x15=00000000  x8:00000003
20733641ns          344771 1c00a89e 1c079863 bne              x15, x0, 464        x15:00000000
20733681ns          344773 1c00a8a2 f4543433 p.bclr           x8, x8, 26, 5        x8=00000003  x8:00000003
20733701ns          344774 1c00a8a6 1c000537 lui              x10, 0x1c000000     x10=1c000000
20733721ns          344775 1c00a8aa 00800633 add              x12, x0, x8         x12=00000003  x8:00000003
20733740ns          344776 1c00a8ac 00100593 addi             x11, x0, 1          x11=00000001
20734158ns          344797 1c00a8ae 03450513 addi             x10, x10, 52        x10=1c000034 x10:1c000000
20734178ns          344798 1c00a8b2 736000ef jal              x1, 1846             x1=1c00a8b4
20734635ns          344821 1c00afe8 fc010113 addi             x2, x2, -64          x2=10001e68  x2:10001ea8
20734675ns          344823 1c00afea 02410313 addi             x6, x2, 36           x6=10001e8c  x2:10001e68
20734695ns          344824 1c00afee 02c12423 sw               x12, 40(x2)         x12:00000003  x2:10001e68  PA:10001e90
20735113ns          344845 1c00aff0 00a00633 add              x12, x0, x10        x12=1c000034 x10:1c000034
20735153ns          344847 1c00aff2 1c00b537 lui              x10, 0x1c00b000     x10=1c00b000
20735173ns          344848 1c00aff6 02b12223 sw               x11, 36(x2)         x11:00000001  x2:10001e68  PA:10001e8c
20735192ns          344849 1c00aff8 02d12623 sw               x13, 44(x2)         x13:xxxxxxxx  x2:10001e68  PA:10001e94
20735212ns          344850 1c00affa 00200593 addi             x11, x0, 2          x11=00000002
20735232ns          344851 1c00affc 006006b3 add              x13, x0, x6         x13=10001e8c  x6:10001e8c
20735650ns          344872 1c00affe fa450513 addi             x10, x10, -92       x10=1c00afa4 x10:1c00b000
20735670ns          344873 1c00b002 00112e23 sw               x1, 28(x2)           x1:1c00a8b4  x2:10001e68  PA:10001e84
20735690ns          344874 1c00b004 02e12823 sw               x14, 48(x2)         x14:0000000f  x2:10001e68  PA:10001e98
20735710ns          344875 1c00b006 02f12a23 sw               x15, 52(x2)         x15:00000000  x2:10001e68  PA:10001e9c
20735729ns          344876 1c00b008 03012c23 sw               x16, 56(x2)         x16:xxxxxxxx  x2:10001e68  PA:10001ea0
20735749ns          344877 1c00b00a 03112e23 sw               x17, 60(x2)         x17:xxxxxxxx  x2:10001e68  PA:10001ea4
20735769ns          344878 1c00b00c 00612623 sw               x6, 12(x2)           x6:10001e8c  x2:10001e68  PA:10001e74
20735789ns          344879 1c00b00e fbfff0ef jal              x1, -66              x1=1c00b010
20736625ns          344921 1c00afcc 04a0006f jal              x0, 74             
20736664ns          344923 1c00b016 ed010113 addi             x2, x2, -304         x2=10001d38  x2:10001e68
20736684ns          344924 1c00b018 12812423 sw               x8, 296(x2)          x8:00000003  x2:10001d38  PA:10001e60
20736704ns          344925 1c00b01c 00000413 addi             x8, x0, 0            x8=00000000
20737142ns          344947 1c00b01e 11612823 sw               x22, 272(x2)        x22:xxxxxxxx  x2:10001d38  PA:10001e48
20737182ns          344949 1c00b022 11712623 sw               x23, 268(x2)        x23:xxxxxxxx  x2:10001d38  PA:10001e44
20737201ns          344950 1c00b026 11812423 sw               x24, 264(x2)        x24:xxxxxxxx  x2:10001d38  PA:10001e40
20737221ns          344951 1c00b02a 11912223 sw               x25, 260(x2)        x25:xxxxxxxx  x2:10001d38  PA:10001e3c
20737659ns          344973 1c00b02e 11a12023 sw               x26, 256(x2)        x26:xxxxxxxx  x2:10001d38  PA:10001e38
20737679ns          344974 1c00b032 0fb12e23 sw               x27, 252(x2)        x27:xxxxxxxx  x2:10001d38  PA:10001e34
20737699ns          344975 1c00b034 12112623 sw               x1, 300(x2)          x1:1c00b010  x2:10001d38  PA:10001e64
20737719ns          344976 1c00b038 00800db3 add              x27, x0, x8         x27=00000000  x8:00000000
20737738ns          344977 1c00b03a 12912223 sw               x9, 292(x2)          x9:xxxxxxxx  x2:10001d38  PA:10001e5c
20738176ns          344999 1c00b03e 13212023 sw               x18, 288(x2)        x18:xxxxxxxx  x2:10001d38  PA:10001e58
20738216ns          345001 1c00b042 11312e23 sw               x19, 284(x2)        x19:xxxxxxxx  x2:10001d38  PA:10001e54
20738236ns          345002 1c00b046 11412c23 sw               x20, 280(x2)        x20:xxxxxxxx  x2:10001d38  PA:10001e50
20738256ns          345003 1c00b04a 11512a23 sw               x21, 276(x2)        x21:xxxxxxxx  x2:10001d38  PA:10001e4c
20738275ns          345004 1c00b04e 00a00b33 add              x22, x0, x10        x22=1c00afa4 x10:1c00afa4
20738693ns          345025 1c00b050 00b00d33 add              x26, x0, x11        x26=00000002 x11:00000002
20738713ns          345026 1c00b052 00d00c33 add              x24, x0, x13        x24=10001e8c x13:10001e8c
20738733ns          345027 1c00b054 1c000bb7 lui              x23, 0x1c000000     x23=1c000000
20738753ns          345028 1c00b058 02410c93 addi             x25, x2, 36         x25=10001d5c  x2:10001d38
20738773ns          345029 1c00b05c 00c00433 add              x8, x0, x12          x8=1c000034 x12:1c000034
20739210ns          345051 1c00b05e 00044503 lbu              x10, 0(x8)          x10=00000073  x8:1c000034  PA:1c000034
20739668ns          345074 1c00b062 00140413 addi             x8, x8, 1            x8=1c000035  x8:1c000034
20739688ns          345075 1c00b064 00050e63 beq              x10, x0, 28         x10:00000073
20739708ns          345076 1c00b066 02500793 addi             x15, x0, 37         x15=00000025
20739728ns          345077 1c00b06a 04f50863 beq              x10, x15, 80        x10:00000073 x15:00000025
20739747ns          345078 1c00b06e 01a005b3 add              x11, x0, x26        x11=00000002 x26:00000002
20739767ns          345079 1c00b070 000b00e7 jalr             x1, x22, 0           x1=1c00b072 x22:1c00afa4
20740225ns          345102 1c00afa4 000026b7 lui              x13, 0x2000         x13=00002000
20740265ns          345104 1c00afa6 f14027f3 csrrs            x15, x0, 0xf14      x15=00000003
20740284ns          345105 1c00afaa f8068693 addi             x13, x13, -128      x13=00001f80 x13:00002000
20740722ns          345127 1c00afae 00379713 slli             x14, x15, 0x3       x14=00000018 x15:00000003
20740742ns          345128 1c00afb2 00279793 slli             x15, x15, 0x2       x15=0000000c x15:00000003
20740762ns          345129 1c00afb4 00d7f7b3 and              x15, x15, x13       x15=00000000 x15:0000000c x13:00001f80
20740782ns          345130 1c00afb6 ee873733 p.bclr           x14, x14, 23, 8     x14=00000018 x14:00000018
20740802ns          345131 1c00afba 1a10f6b7 lui              x13, 0x1a10f000     x13=1a10f000
20740822ns          345132 1c00afbe 0ff57513 andi             x10, x10, 255       x10=00000073 x10:00000073
20740841ns          345133 1c00afc2 00d70733 add              x14, x14, x13       x14=1a10f018 x14:00000018 x13:1a10f000
20740861ns          345134 1c00afc4 00a7e723 p.sw             x10, x0(x15)        x10:00000073 x15:00000000  PA:1a10f018
20741319ns          345157 1c00afc8 00000513 addi             x10, x0, 0          x10=00000000
20741339ns          345158 1c00afca 00008067 jalr             x0, x1, 0            x1:1c00b072
20741398ns          345161 1c00b072 31f52563 p.beqimm         x10, 778            x10:00000000
20741418ns          345162 1c00b076 001d8d93 addi             x27, x27, 1         x27=00000001 x27:00000000
20741438ns          345163 1c00b078 00044503 lbu              x10, 0(x8)          x10=00000074  x8:1c000035  PA:1c000035
20741916ns          345187 1c00b07c 00140413 addi             x8, x8, 1            x8=1c000036  x8:1c000035
20741935ns          345188 1c00b07e fe0514e3 bne              x10, x0, -24        x10:00000074
20742015ns          345192 1c00b066 02500793 addi             x15, x0, 37         x15=00000025
20742035ns          345193 1c00b06a 04f50863 beq              x10, x15, 80        x10:00000074 x15:00000025
20742055ns          345194 1c00b06e 01a005b3 add              x11, x0, x26        x11=00000002 x26:00000002
20742075ns          345195 1c00b070 000b00e7 jalr             x1, x22, 0           x1=1c00b072 x22:1c00afa4
20742114ns          345197 1c00afa4 000026b7 lui              x13, 0x2000         x13=00002000
20742134ns          345198 1c00afa6 f14027f3 csrrs            x15, x0, 0xf14      x15=00000003
20742154ns          345199 1c00afaa f8068693 addi             x13, x13, -128      x13=00001f80 x13:00002000
20742174ns          345200 1c00afae 00379713 slli             x14, x15, 0x3       x14=00000018 x15:00000003
20742194ns          345201 1c00afb2 00279793 slli             x15, x15, 0x2       x15=0000000c x15:00000003
20742214ns          345202 1c00afb4 00d7f7b3 and              x15, x15, x13       x15=00000000 x15:0000000c x13:00001f80
20742234ns          345203 1c00afb6 ee873733 p.bclr           x14, x14, 23, 8     x14=00000018 x14:00000018
20742254ns          345204 1c00afba 1a10f6b7 lui              x13, 0x1a10f000     x13=1a10f000
20742274ns          345205 1c00afbe 0ff57513 andi             x10, x10, 255       x10=00000074 x10:00000074
20742293ns          345206 1c00afc2 00d70733 add              x14, x14, x13       x14=1a10f018 x14:00000018 x13:1a10f000
20742313ns          345207 1c00afc4 00a7e723 p.sw             x10, x0(x15)        x10:00000074 x15:00000000  PA:1a10f018
20742711ns          345227 1c00afc8 00000513 addi             x10, x0, 0          x10=00000000
20742731ns          345228 1c00afca 00008067 jalr             x0, x1, 0            x1:1c00b072
20742791ns          345231 1c00b072 31f52563 p.beqimm         x10, 778            x10:00000000
20742811ns          345232 1c00b076 001d8d93 addi             x27, x27, 1         x27=00000002 x27:00000001
20742830ns          345233 1c00b078 00044503 lbu              x10, 0(x8)          x10=00000061  x8:1c000036  PA:1c000036
20743129ns          345248 1c00b07c 00140413 addi             x8, x8, 1            x8=1c000037  x8:1c000036
20743149ns          345249 1c00b07e fe0514e3 bne              x10, x0, -24        x10:00000061
20743228ns          345253 1c00b066 02500793 addi             x15, x0, 37         x15=00000025
20743248ns          345254 1c00b06a 04f50863 beq              x10, x15, 80        x10:00000061 x15:00000025
20743268ns          345255 1c00b06e 01a005b3 add              x11, x0, x26        x11=00000002 x26:00000002
20743288ns          345256 1c00b070 000b00e7 jalr             x1, x22, 0           x1=1c00b072 x22:1c00afa4
20743328ns          345258 1c00afa4 000026b7 lui              x13, 0x2000         x13=00002000
20743348ns          345259 1c00afa6 f14027f3 csrrs            x15, x0, 0xf14      x15=00000003
20743368ns          345260 1c00afaa f8068693 addi             x13, x13, -128      x13=00001f80 x13:00002000
20743387ns          345261 1c00afae 00379713 slli             x14, x15, 0x3       x14=00000018 x15:00000003
20743407ns          345262 1c00afb2 00279793 slli             x15, x15, 0x2       x15=0000000c x15:00000003
20743427ns          345263 1c00afb4 00d7f7b3 and              x15, x15, x13       x15=00000000 x15:0000000c x13:00001f80
20743447ns          345264 1c00afb6 ee873733 p.bclr           x14, x14, 23, 8     x14=00000018 x14:00000018
20743467ns          345265 1c00afba 1a10f6b7 lui              x13, 0x1a10f000     x13=1a10f000
20743487ns          345266 1c00afbe 0ff57513 andi             x10, x10, 255       x10=00000061 x10:00000061
20743507ns          345267 1c00afc2 00d70733 add              x14, x14, x13       x14=1a10f018 x14:00000018 x13:1a10f000
20743527ns          345268 1c00afc4 00a7e723 p.sw             x10, x0(x15)        x10:00000061 x15:00000000  PA:1a10f018
20743845ns          345284 1c00afc8 00000513 addi             x10, x0, 0          x10=00000000
20743865ns          345285 1c00afca 00008067 jalr             x0, x1, 0            x1:1c00b072
20743924ns          345288 1c00b072 31f52563 p.beqimm         x10, 778            x10:00000000
20743944ns          345289 1c00b076 001d8d93 addi             x27, x27, 1         x27=00000003 x27:00000002
20743964ns          345290 1c00b078 00044503 lbu              x10, 0(x8)          x10=00000072  x8:1c000037  PA:1c000037
20744263ns          345305 1c00b07c 00140413 addi             x8, x8, 1            x8=1c000038  x8:1c000037
20744283ns          345306 1c00b07e fe0514e3 bne              x10, x0, -24        x10:00000072
20744362ns          345310 1c00b066 02500793 addi             x15, x0, 37         x15=00000025
20744382ns          345311 1c00b06a 04f50863 beq              x10, x15, 80        x10:00000072 x15:00000025
20744402ns          345312 1c00b06e 01a005b3 add              x11, x0, x26        x11=00000002 x26:00000002
20744422ns          345313 1c00b070 000b00e7 jalr             x1, x22, 0           x1=1c00b072 x22:1c00afa4
20744462ns          345315 1c00afa4 000026b7 lui              x13, 0x2000         x13=00002000
20744481ns          345316 1c00afa6 f14027f3 csrrs            x15, x0, 0xf14      x15=00000003
20744501ns          345317 1c00afaa f8068693 addi             x13, x13, -128      x13=00001f80 x13:00002000
20744521ns          345318 1c00afae 00379713 slli             x14, x15, 0x3       x14=00000018 x15:00000003
20744541ns          345319 1c00afb2 00279793 slli             x15, x15, 0x2       x15=0000000c x15:00000003
20744561ns          345320 1c00afb4 00d7f7b3 and              x15, x15, x13       x15=00000000 x15:0000000c x13:00001f80
20744581ns          345321 1c00afb6 ee873733 p.bclr           x14, x14, 23, 8     x14=00000018 x14:00000018
20744601ns          345322 1c00afba 1a10f6b7 lui              x13, 0x1a10f000     x13=1a10f000
20744621ns          345323 1c00afbe 0ff57513 andi             x10, x10, 255       x10=00000072 x10:00000072
20744641ns          345324 1c00afc2 00d70733 add              x14, x14, x13       x14=1a10f018 x14:00000018 x13:1a10f000
20744660ns          345325 1c00afc4 00a7e723 p.sw             x10, x0(x15)        x10:00000072 x15:00000000  PA:1a10f018
20745018ns          345343 1c00afc8 00000513 addi             x10, x0, 0          x10=00000000
20745038ns          345344 1c00afca 00008067 jalr             x0, x1, 0            x1:1c00b072
20745098ns          345347 1c00b072 31f52563 p.beqimm         x10, 778            x10:00000000
20745118ns          345348 1c00b076 001d8d93 addi             x27, x27, 1         x27=00000004 x27:00000003
20745138ns          345349 1c00b078 00044503 lbu              x10, 0(x8)          x10=00000074  x8:1c000038  PA:1c000038
20745436ns          345364 1c00b07c 00140413 addi             x8, x8, 1            x8=1c000039  x8:1c000038
20745456ns          345365 1c00b07e fe0514e3 bne              x10, x0, -24        x10:00000074
20745536ns          345369 1c00b066 02500793 addi             x15, x0, 37         x15=00000025
20745556ns          345370 1c00b06a 04f50863 beq              x10, x15, 80        x10:00000074 x15:00000025
20745575ns          345371 1c00b06e 01a005b3 add              x11, x0, x26        x11=00000002 x26:00000002
20745595ns          345372 1c00b070 000b00e7 jalr             x1, x22, 0           x1=1c00b072 x22:1c00afa4
20745635ns          345374 1c00afa4 000026b7 lui              x13, 0x2000         x13=00002000
20745655ns          345375 1c00afa6 f14027f3 csrrs            x15, x0, 0xf14      x15=00000003
20745675ns          345376 1c00afaa f8068693 addi             x13, x13, -128      x13=00001f80 x13:00002000
20745695ns          345377 1c00afae 00379713 slli             x14, x15, 0x3       x14=00000018 x15:00000003
20745715ns          345378 1c00afb2 00279793 slli             x15, x15, 0x2       x15=0000000c x15:00000003
20745735ns          345379 1c00afb4 00d7f7b3 and              x15, x15, x13       x15=00000000 x15:0000000c x13:00001f80
20745754ns          345380 1c00afb6 ee873733 p.bclr           x14, x14, 23, 8     x14=00000018 x14:00000018
20745774ns          345381 1c00afba 1a10f6b7 lui              x13, 0x1a10f000     x13=1a10f000
20745794ns          345382 1c00afbe 0ff57513 andi             x10, x10, 255       x10=00000074 x10:00000074
20745814ns          345383 1c00afc2 00d70733 add              x14, x14, x13       x14=1a10f018 x14:00000018 x13:1a10f000
20745834ns          345384 1c00afc4 00a7e723 p.sw             x10, x0(x15)        x10:00000074 x15:00000000  PA:1a10f018
20746172ns          345401 1c00afc8 00000513 addi             x10, x0, 0          x10=00000000
20746192ns          345402 1c00afca 00008067 jalr             x0, x1, 0            x1:1c00b072
20746252ns          345405 1c00b072 31f52563 p.beqimm         x10, 778            x10:00000000
20746272ns          345406 1c00b076 001d8d93 addi             x27, x27, 1         x27=00000005 x27:00000004
20746291ns          345407 1c00b078 00044503 lbu              x10, 0(x8)          x10=00000069  x8:1c000039  PA:1c000039
20746590ns          345422 1c00b07c 00140413 addi             x8, x8, 1            x8=1c00003a  x8:1c000039
20746610ns          345423 1c00b07e fe0514e3 bne              x10, x0, -24        x10:00000069
20746689ns          345427 1c00b066 02500793 addi             x15, x0, 37         x15=00000025
20746709ns          345428 1c00b06a 04f50863 beq              x10, x15, 80        x10:00000069 x15:00000025
20746729ns          345429 1c00b06e 01a005b3 add              x11, x0, x26        x11=00000002 x26:00000002
20746749ns          345430 1c00b070 000b00e7 jalr             x1, x22, 0           x1=1c00b072 x22:1c00afa4
20746789ns          345432 1c00afa4 000026b7 lui              x13, 0x2000         x13=00002000
20746809ns          345433 1c00afa6 f14027f3 csrrs            x15, x0, 0xf14      x15=00000003
20746829ns          345434 1c00afaa f8068693 addi             x13, x13, -128      x13=00001f80 x13:00002000
20746848ns          345435 1c00afae 00379713 slli             x14, x15, 0x3       x14=00000018 x15:00000003
20746868ns          345436 1c00afb2 00279793 slli             x15, x15, 0x2       x15=0000000c x15:00000003
20746888ns          345437 1c00afb4 00d7f7b3 and              x15, x15, x13       x15=00000000 x15:0000000c x13:00001f80
20746908ns          345438 1c00afb6 ee873733 p.bclr           x14, x14, 23, 8     x14=00000018 x14:00000018
20746928ns          345439 1c00afba 1a10f6b7 lui              x13, 0x1a10f000     x13=1a10f000
20746948ns          345440 1c00afbe 0ff57513 andi             x10, x10, 255       x10=00000069 x10:00000069
20746968ns          345441 1c00afc2 00d70733 add              x14, x14, x13       x14=1a10f018 x14:00000018 x13:1a10f000
20746988ns          345442 1c00afc4 00a7e723 p.sw             x10, x0(x15)        x10:00000069 x15:00000000  PA:1a10f018
20747306ns          345458 1c00afc8 00000513 addi             x10, x0, 0          x10=00000000
20747326ns          345459 1c00afca 00008067 jalr             x0, x1, 0            x1:1c00b072
20747385ns          345462 1c00b072 31f52563 p.beqimm         x10, 778            x10:00000000
20747405ns          345463 1c00b076 001d8d93 addi             x27, x27, 1         x27=00000006 x27:00000005
20747425ns          345464 1c00b078 00044503 lbu              x10, 0(x8)          x10=0000006e  x8:1c00003a  PA:1c00003a
20747724ns          345479 1c00b07c 00140413 addi             x8, x8, 1            x8=1c00003b  x8:1c00003a
20747743ns          345480 1c00b07e fe0514e3 bne              x10, x0, -24        x10:0000006e
20747823ns          345484 1c00b066 02500793 addi             x15, x0, 37         x15=00000025
20747843ns          345485 1c00b06a 04f50863 beq              x10, x15, 80        x10:0000006e x15:00000025
20747863ns          345486 1c00b06e 01a005b3 add              x11, x0, x26        x11=00000002 x26:00000002
20747883ns          345487 1c00b070 000b00e7 jalr             x1, x22, 0           x1=1c00b072 x22:1c00afa4
20747923ns          345489 1c00afa4 000026b7 lui              x13, 0x2000         x13=00002000
20747942ns          345490 1c00afa6 f14027f3 csrrs            x15, x0, 0xf14      x15=00000003
20747962ns          345491 1c00afaa f8068693 addi             x13, x13, -128      x13=00001f80 x13:00002000
20747982ns          345492 1c00afae 00379713 slli             x14, x15, 0x3       x14=00000018 x15:00000003
20748002ns          345493 1c00afb2 00279793 slli             x15, x15, 0x2       x15=0000000c x15:00000003
20748022ns          345494 1c00afb4 00d7f7b3 and              x15, x15, x13       x15=00000000 x15:0000000c x13:00001f80
20748042ns          345495 1c00afb6 ee873733 p.bclr           x14, x14, 23, 8     x14=00000018 x14:00000018
20748062ns          345496 1c00afba 1a10f6b7 lui              x13, 0x1a10f000     x13=1a10f000
20748082ns          345497 1c00afbe 0ff57513 andi             x10, x10, 255       x10=0000006e x10:0000006e
20748102ns          345498 1c00afc2 00d70733 add              x14, x14, x13       x14=1a10f018 x14:00000018 x13:1a10f000
20748121ns          345499 1c00afc4 00a7e723 p.sw             x10, x0(x15)        x10:0000006e x15:00000000  PA:1a10f018
20748460ns          345516 1c00afc8 00000513 addi             x10, x0, 0          x10=00000000
20748479ns          345517 1c00afca 00008067 jalr             x0, x1, 0            x1:1c00b072
20748539ns          345520 1c00b072 31f52563 p.beqimm         x10, 778            x10:00000000
20748559ns          345521 1c00b076 001d8d93 addi             x27, x27, 1         x27=00000007 x27:00000006
20748579ns          345522 1c00b078 00044503 lbu              x10, 0(x8)          x10=00000067  x8:1c00003b  PA:1c00003b
20748877ns          345537 1c00b07c 00140413 addi             x8, x8, 1            x8=1c00003c  x8:1c00003b
20748897ns          345538 1c00b07e fe0514e3 bne              x10, x0, -24        x10:00000067
20748977ns          345542 1c00b066 02500793 addi             x15, x0, 37         x15=00000025
20748997ns          345543 1c00b06a 04f50863 beq              x10, x15, 80        x10:00000067 x15:00000025
20749017ns          345544 1c00b06e 01a005b3 add              x11, x0, x26        x11=00000002 x26:00000002
20749036ns          345545 1c00b070 000b00e7 jalr             x1, x22, 0           x1=1c00b072 x22:1c00afa4
20749076ns          345547 1c00afa4 000026b7 lui              x13, 0x2000         x13=00002000
20749096ns          345548 1c00afa6 f14027f3 csrrs            x15, x0, 0xf14      x15=00000003
20749116ns          345549 1c00afaa f8068693 addi             x13, x13, -128      x13=00001f80 x13:00002000
20749136ns          345550 1c00afae 00379713 slli             x14, x15, 0x3       x14=00000018 x15:00000003
20749156ns          345551 1c00afb2 00279793 slli             x15, x15, 0x2       x15=0000000c x15:00000003
20749176ns          345552 1c00afb4 00d7f7b3 and              x15, x15, x13       x15=00000000 x15:0000000c x13:00001f80
20749196ns          345553 1c00afb6 ee873733 p.bclr           x14, x14, 23, 8     x14=00000018 x14:00000018
20749215ns          345554 1c00afba 1a10f6b7 lui              x13, 0x1a10f000     x13=1a10f000
20749235ns          345555 1c00afbe 0ff57513 andi             x10, x10, 255       x10=00000067 x10:00000067
20749255ns          345556 1c00afc2 00d70733 add              x14, x14, x13       x14=1a10f018 x14:00000018 x13:1a10f000
20749275ns          345557 1c00afc4 00a7e723 p.sw             x10, x0(x15)        x10:00000067 x15:00000000  PA:1a10f018
20749613ns          345574 1c00afc8 00000513 addi             x10, x0, 0          x10=00000000
20749633ns          345575 1c00afca 00008067 jalr             x0, x1, 0            x1:1c00b072
20749693ns          345578 1c00b072 31f52563 p.beqimm         x10, 778            x10:00000000
20749713ns          345579 1c00b076 001d8d93 addi             x27, x27, 1         x27=00000008 x27:00000007
20749733ns          345580 1c00b078 00044503 lbu              x10, 0(x8)          x10=00000020  x8:1c00003c  PA:1c00003c
20750031ns          345595 1c00b07c 00140413 addi             x8, x8, 1            x8=1c00003d  x8:1c00003c
20750051ns          345596 1c00b07e fe0514e3 bne              x10, x0, -24        x10:00000020
20750130ns          345600 1c00b066 02500793 addi             x15, x0, 37         x15=00000025
20750150ns          345601 1c00b06a 04f50863 beq              x10, x15, 80        x10:00000020 x15:00000025
20750170ns          345602 1c00b06e 01a005b3 add              x11, x0, x26        x11=00000002 x26:00000002
20750190ns          345603 1c00b070 000b00e7 jalr             x1, x22, 0           x1=1c00b072 x22:1c00afa4
20750230ns          345605 1c00afa4 000026b7 lui              x13, 0x2000         x13=00002000
20750250ns          345606 1c00afa6 f14027f3 csrrs            x15, x0, 0xf14      x15=00000003
20750270ns          345607 1c00afaa f8068693 addi             x13, x13, -128      x13=00001f80 x13:00002000
20750290ns          345608 1c00afae 00379713 slli             x14, x15, 0x3       x14=00000018 x15:00000003
20750309ns          345609 1c00afb2 00279793 slli             x15, x15, 0x2       x15=0000000c x15:00000003
20750329ns          345610 1c00afb4 00d7f7b3 and              x15, x15, x13       x15=00000000 x15:0000000c x13:00001f80
20750349ns          345611 1c00afb6 ee873733 p.bclr           x14, x14, 23, 8     x14=00000018 x14:00000018
20750369ns          345612 1c00afba 1a10f6b7 lui              x13, 0x1a10f000     x13=1a10f000
20750389ns          345613 1c00afbe 0ff57513 andi             x10, x10, 255       x10=00000020 x10:00000020
20750409ns          345614 1c00afc2 00d70733 add              x14, x14, x13       x14=1a10f018 x14:00000018 x13:1a10f000
20750429ns          345615 1c00afc4 00a7e723 p.sw             x10, x0(x15)        x10:00000020 x15:00000000  PA:1a10f018
20750747ns          345631 1c00afc8 00000513 addi             x10, x0, 0          x10=00000000
20750767ns          345632 1c00afca 00008067 jalr             x0, x1, 0            x1:1c00b072
20750827ns          345635 1c00b072 31f52563 p.beqimm         x10, 778            x10:00000000
20750846ns          345636 1c00b076 001d8d93 addi             x27, x27, 1         x27=00000009 x27:00000008
20750866ns          345637 1c00b078 00044503 lbu              x10, 0(x8)          x10=00000025  x8:1c00003d  PA:1c00003d
20751165ns          345652 1c00b07c 00140413 addi             x8, x8, 1            x8=1c00003e  x8:1c00003d
20751185ns          345653 1c00b07e fe0514e3 bne              x10, x0, -24        x10:00000025
20751264ns          345657 1c00b066 02500793 addi             x15, x0, 37         x15=00000025
20751284ns          345658 1c00b06a 04f50863 beq              x10, x15, 80        x10:00000025 x15:00000025
20751682ns          345678 1c00b0ba 00044483 lbu              x9, 0(x8)            x9=00000064  x8:1c00003e  PA:1c00003e
20752199ns          345704 1c00b0be 02000693 addi             x13, x0, 32         x13=00000020
20752219ns          345705 1c00b0c2 00140a93 addi             x21, x8, 1          x21=1c00003f  x8:1c00003e
20752239ns          345706 1c00b0c6 009005b3 add              x11, x0, x9         x11=00000064  x9:00000064
20752259ns          345707 1c00b0c8 0c8b8513 addi             x10, x23, 200       x10=1c0000c8 x23:1c000000
20752279ns          345708 1c00b0cc 00d12823 sw               x13, 16(x2)         x13:00000020  x2:10001d38  PA:10001d48
20752298ns          345709 1c00b0ce 00012c23 sw               x0, 24(x2)           x2:10001d38  PA:10001d50
20752637ns          345726 1c00b0d0 00012a23 sw               x0, 20(x2)           x2:10001d38  PA:10001d4c
20752657ns          345727 1c00b0d2 00012e23 sw               x0, 28(x2)           x2:10001d38  PA:10001d54
20752676ns          345728 1c00b0d4 00012623 sw               x0, 12(x2)           x2:10001d38  PA:10001d44
20752696ns          345729 1c00b0d6 02300913 addi             x18, x0, 35         x18=00000023
20752716ns          345730 1c00b0da 02d00a13 addi             x20, x0, 45         x20=0000002d
20752736ns          345731 1c00b0de 015009b3 add              x19, x0, x21        x19=1c00003f x21:1c00003f
20753154ns          345752 1c00b0e0 e97ff0ef jal              x1, -362             x1=1c00b0e2
20753651ns          345777 1c00af76 00054783 lbu              x15, 0(x10)         x15=0000002d x10:1c0000c8  PA:1c0000c8
20754148ns          345802 1c00af7a 0ff5f593 andi             x11, x11, 255       x11=00000064 x11:00000064
20754168ns          345803 1c00af7e 00b78c63 beq              x15, x11, 24        x15:0000002d x11:00000064
20754188ns          345804 1c00af82 00078b63 beq              x15, x0, 22         x15:0000002d
20754208ns          345805 1c00af84 00150793 addi             x15, x10, 1         x15=1c0000c9 x10:1c0000c8
20754228ns          345806 1c00af88 0040006f jal              x0, 4              
20754705ns          345830 1c00af8c 00f00533 add              x10, x0, x15        x10=1c0000c9 x15:1c0000c9
20754725ns          345831 1c00af8e 0017c70b p.lbu            x14, 1(x15!)        x14=0000002b x15=1c0000ca x15:1c0000c9  PA:1c0000c9
20755043ns          345847 1c00af92 feb71ce3 bne              x14, x11, -8        x14:0000002b x11:00000064
20755103ns          345850 1c00af8a 00070763 beq              x14, x0, 14         x14:0000002b
20755123ns          345851 1c00af8c 00f00533 add              x10, x0, x15        x10=1c0000ca x15:1c0000ca
20755143ns          345852 1c00af8e 0017c70b p.lbu            x14, 1(x15!)        x14=00000020 x15=1c0000cb x15:1c0000ca  PA:1c0000ca
20755481ns          345869 1c00af92 feb71ce3 bne              x14, x11, -8        x14:00000020 x11:00000064
20755541ns          345872 1c00af8a 00070763 beq              x14, x0, 14         x14:00000020
20755561ns          345873 1c00af8c 00f00533 add              x10, x0, x15        x10=1c0000cb x15:1c0000cb
20755580ns          345874 1c00af8e 0017c70b p.lbu            x14, 1(x15!)        x14=00000023 x15=1c0000cc x15:1c0000cb  PA:1c0000cb
20755899ns          345890 1c00af92 feb71ce3 bne              x14, x11, -8        x14:00000023 x11:00000064
20755958ns          345893 1c00af8a 00070763 beq              x14, x0, 14         x14:00000023
20755978ns          345894 1c00af8c 00f00533 add              x10, x0, x15        x10=1c0000cc x15:1c0000cc
20755998ns          345895 1c00af8e 0017c70b p.lbu            x14, 1(x15!)        x14=00000030 x15=1c0000cd x15:1c0000cc  PA:1c0000cc
20756316ns          345911 1c00af92 feb71ce3 bne              x14, x11, -8        x14:00000030 x11:00000064
20756376ns          345914 1c00af8a 00070763 beq              x14, x0, 14         x14:00000030
20756396ns          345915 1c00af8c 00f00533 add              x10, x0, x15        x10=1c0000cd x15:1c0000cd
20756416ns          345916 1c00af8e 0017c70b p.lbu            x14, 1(x15!)        x14=00000000 x15=1c0000ce x15:1c0000cd  PA:1c0000cd
20756754ns          345933 1c00af92 feb71ce3 bne              x14, x11, -8        x14:00000000 x11:00000064
20756814ns          345936 1c00af8a 00070763 beq              x14, x0, 14         x14:00000000
20756873ns          345939 1c00af98 0015b593 sltiu            x11, x11, 1         x11=00000000 x11:00000064
20756893ns          345940 1c00af9c 40b005b3 sub              x11, x0, x11        x11=00000000 x11:00000000
20756913ns          345941 1c00afa0 00b57533 and              x10, x10, x11       x10=00000000 x10:1c0000cd x11:00000000
20756933ns          345942 1c00afa2 00008067 jalr             x0, x1, 0            x1:1c00b0e2
20756973ns          345944 1c00b0e2 02050a63 beq              x10, x0, 52         x10:00000000
20757391ns          345965 1c00b116 02a00613 addi             x12, x0, 42         x12=0000002a
20757410ns          345966 1c00b11a 2ac48663 beq              x9, x12, 684         x9:00000064 x12:0000002a
20757848ns          345988 1c00b11e fd048613 addi             x12, x9, -48        x12=00000034  x9:00000064
20757868ns          345989 1c00b122 00900593 addi             x11, x0, 9          x11=00000009
20757888ns          345990 1c00b124 00000913 addi             x18, x0, 0          x18=00000000
20757908ns          345991 1c00b126 28c5f063 bgeu             x11, x12, 640       x11:00000009 x12:00000034
20757928ns          345992 1c00b12a 02e00693 addi             x13, x0, 46         x13=0000002e
20757947ns          345993 1c00b12e fff00a13 addi             x20, x0, -1         x20=ffffffff
20758385ns          346015 1c00b130 2ed48363 beq              x9, x13, 742         x9:00000064 x13:0000002e
20758425ns          346017 1c00b134 1c0007b7 lui              x15, 0x1c000000     x15=1c000000
20758445ns          346018 1c00b138 009005b3 add              x11, x0, x9         x11=00000064  x9:00000064
20758465ns          346019 1c00b13a 0d078513 addi             x10, x15, 208       x10=1c0000d0 x15:1c000000
20758485ns          346020 1c00b13e e39ff0ef jal              x1, -456             x1=1c00b140
20758962ns          346044 1c00af76 00054783 lbu              x15, 0(x10)         x15=00000068 x10:1c0000d0  PA:1c0000d0
20759260ns          346059 1c00af7a 0ff5f593 andi             x11, x11, 255       x11=00000064 x11:00000064
20759280ns          346060 1c00af7e 00b78c63 beq              x15, x11, 24        x15:00000068 x11:00000064
20759300ns          346061 1c00af82 00078b63 beq              x15, x0, 22         x15:00000068
20759320ns          346062 1c00af84 00150793 addi             x15, x10, 1         x15=1c0000d1 x10:1c0000d0
20759340ns          346063 1c00af88 0040006f jal              x0, 4              
20759439ns          346068 1c00af8c 00f00533 add              x10, x0, x15        x10=1c0000d1 x15:1c0000d1
20759459ns          346069 1c00af8e 0017c70b p.lbu            x14, 1(x15!)        x14=0000006c x15=1c0000d2 x15:1c0000d1  PA:1c0000d1
20759777ns          346085 1c00af92 feb71ce3 bne              x14, x11, -8        x14:0000006c x11:00000064
20759837ns          346088 1c00af8a 00070763 beq              x14, x0, 14         x14:0000006c
20759857ns          346089 1c00af8c 00f00533 add              x10, x0, x15        x10=1c0000d2 x15:1c0000d2
20759877ns          346090 1c00af8e 0017c70b p.lbu            x14, 1(x15!)        x14=0000004c x15=1c0000d3 x15:1c0000d2  PA:1c0000d2
20760195ns          346106 1c00af92 feb71ce3 bne              x14, x11, -8        x14:0000004c x11:00000064
20760255ns          346109 1c00af8a 00070763 beq              x14, x0, 14         x14:0000004c
20760275ns          346110 1c00af8c 00f00533 add              x10, x0, x15        x10=1c0000d3 x15:1c0000d3
20760295ns          346111 1c00af8e 0017c70b p.lbu            x14, 1(x15!)        x14=0000007a x15=1c0000d4 x15:1c0000d3  PA:1c0000d3
20760613ns          346127 1c00af92 feb71ce3 bne              x14, x11, -8        x14:0000007a x11:00000064
20760672ns          346130 1c00af8a 00070763 beq              x14, x0, 14         x14:0000007a
20760692ns          346131 1c00af8c 00f00533 add              x10, x0, x15        x10=1c0000d4 x15:1c0000d4
20760712ns          346132 1c00af8e 0017c70b p.lbu            x14, 1(x15!)        x14=00000000 x15=1c0000d5 x15:1c0000d4  PA:1c0000d4
20761031ns          346148 1c00af92 feb71ce3 bne              x14, x11, -8        x14:00000000 x11:00000064
20761090ns          346151 1c00af8a 00070763 beq              x14, x0, 14         x14:00000000
20761150ns          346154 1c00af98 0015b593 sltiu            x11, x11, 1         x11=00000000 x11:00000064
20761170ns          346155 1c00af9c 40b005b3 sub              x11, x0, x11        x11=00000000 x11:00000000
20761190ns          346156 1c00afa0 00b57533 and              x10, x10, x11       x10=00000000 x10:1c0000d4 x11:00000000
20761210ns          346157 1c00afa2 00008067 jalr             x0, x1, 0            x1:1c00b140
20761249ns          346159 1c00b140 01300433 add              x8, x0, x19          x8=1c00003f x19:1c00003f
20761269ns          346160 1c00b142 00050563 beq              x10, x0, 10         x10:00000000
20761329ns          346163 1c00b14c 06700693 addi             x13, x0, 103        x13=00000067
20761766ns          346185 1c00b150 2896d963 bge              x13, x9, 658        x13:00000067  x9:00000064
20762304ns          346212 1c00b3e2 06500693 addi             x13, x0, 101        x13=00000065
20762323ns          346213 1c00b3e6 12d4d563 bge              x9, x13, 298         x9:00000064 x13:00000065
20762343ns          346214 1c00b3ea 04700693 addi             x13, x0, 71         x13=00000047
20762781ns          346236 1c00b3ee dc96cbe3 blt              x13, x9, -554       x13:00000047  x9:00000064
20763258ns          346260 1c00b1c4 06300693 addi             x13, x0, 99         x13=00000063
20763298ns          346262 1c00b1c8 0ad488e3 beq              x9, x13, 2224        x9:00000064 x13:00000063
20763318ns          346263 1c00b1cc 0096c9e3 blt              x13, x9, 2066       x13:00000063  x9:00000064
20764710ns          346333 1c00b9de 000c2583 lw               x11, 0(x24)         x11=00000001 x24:10001e8c  PA:10001e8c
20764730ns          346334 1c00b9e2 004c0c13 addi             x24, x24, 4         x24=10001e90 x24:10001e8c
20764750ns          346335 1c00b9e4 3405cc63 blt              x11, x0, 856        x11:00000001
20764770ns          346336 1c00b9e8 01412603 lw               x12, 20(x2)         x12=00000000  x2:10001d38  PA:10001d4c
20764790ns          346337 1c00b9ea 00b006b3 add              x13, x0, x11        x13=00000001 x11:00000001
20764810ns          346338 1c00b9ec 2e061863 bne              x12, x0, 752        x12:00000000
20765227ns          346359 1c00b9f0 01812703 lw               x14, 24(x2)         x14=00000000  x2:10001d38  PA:10001d50
20765247ns          346360 1c00b9f2 019007b3 add              x15, x0, x25        x15=10001d5c x25:10001d5c
20765267ns          346361 1c00b9f4 00070763 beq              x14, x0, 14         x14:00000000
20765745ns          346385 1c00ba02 00f00733 add              x14, x0, x15        x14=10001d5c x15:10001d5c
20765784ns          346387 1c00ba04 00a00513 addi             x10, x0, 10         x10=0000000a
20765804ns          346388 1c00ba06 02a6f633 remu             x12, x13, x10       x12=00000001 x13:00000001 x10:0000000a
20766421ns          346419 1c00ba0a 02a6d6b3 divu             x13, x13, x10       x13=00000000 x13:00000001 x10:0000000a
20767038ns          346450 1c00ba0e 03060613 addi             x12, x12, 48        x12=00000031 x12:00000001
20767057ns          346451 1c00ba12 00c700ab p.sb             x12, 1(x14!)        x14=10001d5d x12:00000031 x14:10001d5c  PA:10001d5c
20767077ns          346452 1c00ba16 fe0698e3 bne              x13, x0, -16        x13:00000000
20767097ns          346453 1c00ba18 40f706b3 sub              x13, x14, x15       x13=00000001 x14:10001d5d x15:10001d5c
20767117ns          346454 1c00ba1c 0146dc63 bge              x13, x20, 24        x13:00000001 x20:ffffffff
20768012ns          346499 1c00ba34 00e006b3 add              x13, x0, x14        x13=10001d5d x14:10001d5d
20768052ns          346501 1c00ba36 fe068fab p.sb             x0, -1(x13!)        x13=10001d5c x13:10001d5d  PA:10001d5d
20768072ns          346502 1c00ba3a 00d7fc63 bgeu             x15, x13, 24        x15:10001d5c x13:10001d5c
20768987ns          346548 1c00ba52 01412783 lw               x15, 20(x2)         x15=00000000  x2:10001d38  PA:10001d4c
20769027ns          346550 1c00ba54 01812603 lw               x12, 24(x2)         x12=00000000  x2:10001d38  PA:10001d50
20769046ns          346551 1c00ba56 419704b3 sub              x9, x14, x25         x9=00000001 x14:10001d5d x25:10001d5c
20769066ns          346552 1c00ba5a 00c7e7b3 or               x15, x15, x12       x15=00000000 x15:00000000 x12:00000000
20769086ns          346553 1c00ba5c 00f12623 sw               x15, 12(x2)         x15:00000000  x2:10001d38  PA:10001d44
20769106ns          346554 1c00ba5e 00079363 bne              x15, x0, 6          x15:00000000
20769504ns          346574 1c00ba60 01f5d593 srli             x11, x11, 0x1f      x11=00000000 x11:00000001
20769524ns          346575 1c00ba62 00b12623 sw               x11, 12(x2)         x11:00000000  x2:10001d38  PA:10001d44
20769544ns          346576 1c00ba64 e3fa28e3 p.beqimm         x20, -464           x20:ffffffff
20770021ns          346600 1c00b894 0c800793 addi             x15, x0, 200        x15=000000c8
20770061ns          346602 1c00b898 9e97d0e3 bge              x15, x9, -1568      x15:000000c8  x9:00000001
20770976ns          346648 1c00b278 0f24d163 bge              x9, x18, 226         x9:00000001 x18:00000000
20771493ns          346674 1c00b35a d00482e3 beq              x9, x0, -764         x9:00000001
20771513ns          346675 1c00b35e 01900933 add              x18, x0, x25        x18=10001d5c x25:10001d5c
20771931ns          346696 1c00b360 419d8db3 sub              x27, x27, x25       x27=efffe2ad x27:00000009 x25:10001d5c
20771970ns          346698 1c00b364 00a0006f jal              x0, 10             
20772448ns          346722 1c00b36e 0019450b p.lbu            x10, 1(x18!)        x10=00000031 x18=10001d5d x18:10001d5c  PA:10001d5c
20772468ns          346723 1c00b372 01a005b3 add              x11, x0, x26        x11=00000002 x26:00000002
20772488ns          346724 1c00b374 000b00e7 jalr             x1, x22, 0           x1=1c00b376 x22:1c00afa4
20772527ns          346726 1c00afa4 000026b7 lui              x13, 0x2000         x13=00002000
20772547ns          346727 1c00afa6 f14027f3 csrrs            x15, x0, 0xf14      x15=00000003
20772567ns          346728 1c00afaa f8068693 addi             x13, x13, -128      x13=00001f80 x13:00002000
20772627ns          346731 1c00afae 00379713 slli             x14, x15, 0x3       x14=00000018 x15:00000003
20772647ns          346732 1c00afb2 00279793 slli             x15, x15, 0x2       x15=0000000c x15:00000003
20772667ns          346733 1c00afb4 00d7f7b3 and              x15, x15, x13       x15=00000000 x15:0000000c x13:00001f80
20772686ns          346734 1c00afb6 ee873733 p.bclr           x14, x14, 23, 8     x14=00000018 x14:00000018
20772706ns          346735 1c00afba 1a10f6b7 lui              x13, 0x1a10f000     x13=1a10f000
20772766ns          346738 1c00afbe 0ff57513 andi             x10, x10, 255       x10=00000031 x10:00000031
20772786ns          346739 1c00afc2 00d70733 add              x14, x14, x13       x14=1a10f018 x14:00000018 x13:1a10f000
20772806ns          346740 1c00afc4 00a7e723 p.sw             x10, x0(x15)        x10:00000031 x15:00000000  PA:1a10f018
20773263ns          346763 1c00afc8 00000513 addi             x10, x0, 0          x10=00000000
20773283ns          346764 1c00afca 00008067 jalr             x0, x1, 0            x1:1c00b376
20773323ns          346766 1c00b376 fff48493 addi             x9, x9, -1           x9=00000000  x9:00000001
20773343ns          346767 1c00b378 fff537e3 p.bneimm         x10, -18            x10:00000000
20773721ns          346786 1c00b366 012d8733 add              x14, x27, x18       x14=0000000a x27:efffe2ad x18:10001d5d
20773741ns          346787 1c00b36a 5a048b63 beq              x9, x0, 1462         x9:00000000
20774238ns          346812 1c00b920 00e00db3 add              x27, x0, x14        x27=0000000a x14:0000000a
20774278ns          346814 1c00b922 f3cff06f jal              x0, -2244          
20774437ns          346822 1c00b05e 00044503 lbu              x10, 0(x8)          x10=00000020  x8:1c00003f  PA:1c00003f
20774735ns          346837 1c00b062 00140413 addi             x8, x8, 1            x8=1c000040  x8:1c00003f
20774755ns          346838 1c00b064 00050e63 beq              x10, x0, 28         x10:00000020
20774775ns          346839 1c00b066 02500793 addi             x15, x0, 37         x15=00000025
20774795ns          346840 1c00b06a 04f50863 beq              x10, x15, 80        x10:00000020 x15:00000025
20774815ns          346841 1c00b06e 01a005b3 add              x11, x0, x26        x11=00000002 x26:00000002
20774835ns          346842 1c00b070 000b00e7 jalr             x1, x22, 0           x1=1c00b072 x22:1c00afa4
20774914ns          346846 1c00afa4 000026b7 lui              x13, 0x2000         x13=00002000
20774954ns          346848 1c00afa6 f14027f3 csrrs            x15, x0, 0xf14      x15=00000003
20774974ns          346849 1c00afaa f8068693 addi             x13, x13, -128      x13=00001f80 x13:00002000
20774994ns          346850 1c00afae 00379713 slli             x14, x15, 0x3       x14=00000018 x15:00000003
20775014ns          346851 1c00afb2 00279793 slli             x15, x15, 0x2       x15=0000000c x15:00000003
20775034ns          346852 1c00afb4 00d7f7b3 and              x15, x15, x13       x15=00000000 x15:0000000c x13:00001f80
20775053ns          346853 1c00afb6 ee873733 p.bclr           x14, x14, 23, 8     x14=00000018 x14:00000018
20775073ns          346854 1c00afba 1a10f6b7 lui              x13, 0x1a10f000     x13=1a10f000
20775093ns          346855 1c00afbe 0ff57513 andi             x10, x10, 255       x10=00000020 x10:00000020
20775113ns          346856 1c00afc2 00d70733 add              x14, x14, x13       x14=1a10f018 x14:00000018 x13:1a10f000
20775133ns          346857 1c00afc4 00a7e723 p.sw             x10, x0(x15)        x10:00000020 x15:00000000  PA:1a10f018
20775610ns          346881 1c00afc8 00000513 addi             x10, x0, 0          x10=00000000
20775630ns          346882 1c00afca 00008067 jalr             x0, x1, 0            x1:1c00b072
20775690ns          346885 1c00b072 31f52563 p.beqimm         x10, 778            x10:00000000
20775710ns          346886 1c00b076 001d8d93 addi             x27, x27, 1         x27=0000000b x27:0000000a
20775730ns          346887 1c00b078 00044503 lbu              x10, 0(x8)          x10=0000006b  x8:1c000040  PA:1c000040
20776028ns          346902 1c00b07c 00140413 addi             x8, x8, 1            x8=1c000041  x8:1c000040
20776048ns          346903 1c00b07e fe0514e3 bne              x10, x0, -24        x10:0000006b
20776128ns          346907 1c00b066 02500793 addi             x15, x0, 37         x15=00000025
20776147ns          346908 1c00b06a 04f50863 beq              x10, x15, 80        x10:0000006b x15:00000025
20776167ns          346909 1c00b06e 01a005b3 add              x11, x0, x26        x11=00000002 x26:00000002
20776187ns          346910 1c00b070 000b00e7 jalr             x1, x22, 0           x1=1c00b072 x22:1c00afa4
20776227ns          346912 1c00afa4 000026b7 lui              x13, 0x2000         x13=00002000
20776247ns          346913 1c00afa6 f14027f3 csrrs            x15, x0, 0xf14      x15=00000003
20776267ns          346914 1c00afaa f8068693 addi             x13, x13, -128      x13=00001f80 x13:00002000
20776287ns          346915 1c00afae 00379713 slli             x14, x15, 0x3       x14=00000018 x15:00000003
20776307ns          346916 1c00afb2 00279793 slli             x15, x15, 0x2       x15=0000000c x15:00000003
20776327ns          346917 1c00afb4 00d7f7b3 and              x15, x15, x13       x15=00000000 x15:0000000c x13:00001f80
20776346ns          346918 1c00afb6 ee873733 p.bclr           x14, x14, 23, 8     x14=00000018 x14:00000018
20776366ns          346919 1c00afba 1a10f6b7 lui              x13, 0x1a10f000     x13=1a10f000
20776386ns          346920 1c00afbe 0ff57513 andi             x10, x10, 255       x10=0000006b x10:0000006b
20776406ns          346921 1c00afc2 00d70733 add              x14, x14, x13       x14=1a10f018 x14:00000018 x13:1a10f000
20776426ns          346922 1c00afc4 00a7e723 p.sw             x10, x0(x15)        x10:0000006b x15:00000000  PA:1a10f018
20776764ns          346939 1c00afc8 00000513 addi             x10, x0, 0          x10=00000000
20776784ns          346940 1c00afca 00008067 jalr             x0, x1, 0            x1:1c00b072
20776844ns          346943 1c00b072 31f52563 p.beqimm         x10, 778            x10:00000000
20776864ns          346944 1c00b076 001d8d93 addi             x27, x27, 1         x27=0000000c x27:0000000b
20776883ns          346945 1c00b078 00044503 lbu              x10, 0(x8)          x10=00000065  x8:1c000041  PA:1c000041
20777182ns          346960 1c00b07c 00140413 addi             x8, x8, 1            x8=1c000042  x8:1c000041
20777202ns          346961 1c00b07e fe0514e3 bne              x10, x0, -24        x10:00000065
20777281ns          346965 1c00b066 02500793 addi             x15, x0, 37         x15=00000025
20777301ns          346966 1c00b06a 04f50863 beq              x10, x15, 80        x10:00000065 x15:00000025
20777321ns          346967 1c00b06e 01a005b3 add              x11, x0, x26        x11=00000002 x26:00000002
20777341ns          346968 1c00b070 000b00e7 jalr             x1, x22, 0           x1=1c00b072 x22:1c00afa4
20777381ns          346970 1c00afa4 000026b7 lui              x13, 0x2000         x13=00002000
20777401ns          346971 1c00afa6 f14027f3 csrrs            x15, x0, 0xf14      x15=00000003
20777420ns          346972 1c00afaa f8068693 addi             x13, x13, -128      x13=00001f80 x13:00002000
20777440ns          346973 1c00afae 00379713 slli             x14, x15, 0x3       x14=00000018 x15:00000003
20777460ns          346974 1c00afb2 00279793 slli             x15, x15, 0x2       x15=0000000c x15:00000003
20777480ns          346975 1c00afb4 00d7f7b3 and              x15, x15, x13       x15=00000000 x15:0000000c x13:00001f80
20777500ns          346976 1c00afb6 ee873733 p.bclr           x14, x14, 23, 8     x14=00000018 x14:00000018
20777520ns          346977 1c00afba 1a10f6b7 lui              x13, 0x1a10f000     x13=1a10f000
20777540ns          346978 1c00afbe 0ff57513 andi             x10, x10, 255       x10=00000065 x10:00000065
20777560ns          346979 1c00afc2 00d70733 add              x14, x14, x13       x14=1a10f018 x14:00000018 x13:1a10f000
20777580ns          346980 1c00afc4 00a7e723 p.sw             x10, x0(x15)        x10:00000065 x15:00000000  PA:1a10f018
20777898ns          346996 1c00afc8 00000513 addi             x10, x0, 0          x10=00000000
20777918ns          346997 1c00afca 00008067 jalr             x0, x1, 0            x1:1c00b072
20777977ns          347000 1c00b072 31f52563 p.beqimm         x10, 778            x10:00000000
20777997ns          347001 1c00b076 001d8d93 addi             x27, x27, 1         x27=0000000d x27:0000000c
20778017ns          347002 1c00b078 00044503 lbu              x10, 0(x8)          x10=00000072  x8:1c000042  PA:1c000042
20778316ns          347017 1c00b07c 00140413 addi             x8, x8, 1            x8=1c000043  x8:1c000042
20778335ns          347018 1c00b07e fe0514e3 bne              x10, x0, -24        x10:00000072
20778415ns          347022 1c00b066 02500793 addi             x15, x0, 37         x15=00000025
20778435ns          347023 1c00b06a 04f50863 beq              x10, x15, 80        x10:00000072 x15:00000025
20778455ns          347024 1c00b06e 01a005b3 add              x11, x0, x26        x11=00000002 x26:00000002
20778475ns          347025 1c00b070 000b00e7 jalr             x1, x22, 0           x1=1c00b072 x22:1c00afa4
20778514ns          347027 1c00afa4 000026b7 lui              x13, 0x2000         x13=00002000
20778534ns          347028 1c00afa6 f14027f3 csrrs            x15, x0, 0xf14      x15=00000003
20778554ns          347029 1c00afaa f8068693 addi             x13, x13, -128      x13=00001f80 x13:00002000
20778574ns          347030 1c00afae 00379713 slli             x14, x15, 0x3       x14=00000018 x15:00000003
20778594ns          347031 1c00afb2 00279793 slli             x15, x15, 0x2       x15=0000000c x15:00000003
20778614ns          347032 1c00afb4 00d7f7b3 and              x15, x15, x13       x15=00000000 x15:0000000c x13:00001f80
20778634ns          347033 1c00afb6 ee873733 p.bclr           x14, x14, 23, 8     x14=00000018 x14:00000018
20778654ns          347034 1c00afba 1a10f6b7 lui              x13, 0x1a10f000     x13=1a10f000
20778674ns          347035 1c00afbe 0ff57513 andi             x10, x10, 255       x10=00000072 x10:00000072
20778694ns          347036 1c00afc2 00d70733 add              x14, x14, x13       x14=1a10f018 x14:00000018 x13:1a10f000
20778713ns          347037 1c00afc4 00a7e723 p.sw             x10, x0(x15)        x10:00000072 x15:00000000  PA:1a10f018
20779052ns          347054 1c00afc8 00000513 addi             x10, x0, 0          x10=00000000
20779071ns          347055 1c00afca 00008067 jalr             x0, x1, 0            x1:1c00b072
20779131ns          347058 1c00b072 31f52563 p.beqimm         x10, 778            x10:00000000
20779151ns          347059 1c00b076 001d8d93 addi             x27, x27, 1         x27=0000000e x27:0000000d
20779171ns          347060 1c00b078 00044503 lbu              x10, 0(x8)          x10=0000006e  x8:1c000043  PA:1c000043
20779489ns          347076 1c00b07c 00140413 addi             x8, x8, 1            x8=1c000044  x8:1c000043
20779509ns          347077 1c00b07e fe0514e3 bne              x10, x0, -24        x10:0000006e
20779589ns          347081 1c00b066 02500793 addi             x15, x0, 37         x15=00000025
20779608ns          347082 1c00b06a 04f50863 beq              x10, x15, 80        x10:0000006e x15:00000025
20779628ns          347083 1c00b06e 01a005b3 add              x11, x0, x26        x11=00000002 x26:00000002
20779648ns          347084 1c00b070 000b00e7 jalr             x1, x22, 0           x1=1c00b072 x22:1c00afa4
20779688ns          347086 1c00afa4 000026b7 lui              x13, 0x2000         x13=00002000
20779708ns          347087 1c00afa6 f14027f3 csrrs            x15, x0, 0xf14      x15=00000003
20779728ns          347088 1c00afaa f8068693 addi             x13, x13, -128      x13=00001f80 x13:00002000
20779748ns          347089 1c00afae 00379713 slli             x14, x15, 0x3       x14=00000018 x15:00000003
20779768ns          347090 1c00afb2 00279793 slli             x15, x15, 0x2       x15=0000000c x15:00000003
20779787ns          347091 1c00afb4 00d7f7b3 and              x15, x15, x13       x15=00000000 x15:0000000c x13:00001f80
20779807ns          347092 1c00afb6 ee873733 p.bclr           x14, x14, 23, 8     x14=00000018 x14:00000018
20779827ns          347093 1c00afba 1a10f6b7 lui              x13, 0x1a10f000     x13=1a10f000
20779847ns          347094 1c00afbe 0ff57513 andi             x10, x10, 255       x10=0000006e x10:0000006e
20779867ns          347095 1c00afc2 00d70733 add              x14, x14, x13       x14=1a10f018 x14:00000018 x13:1a10f000
20779887ns          347096 1c00afc4 00a7e723 p.sw             x10, x0(x15)        x10:0000006e x15:00000000  PA:1a10f018
20780205ns          347112 1c00afc8 00000513 addi             x10, x0, 0          x10=00000000
20780225ns          347113 1c00afca 00008067 jalr             x0, x1, 0            x1:1c00b072
20780285ns          347116 1c00b072 31f52563 p.beqimm         x10, 778            x10:00000000
20780305ns          347117 1c00b076 001d8d93 addi             x27, x27, 1         x27=0000000f x27:0000000e
20780325ns          347118 1c00b078 00044503 lbu              x10, 0(x8)          x10=00000065  x8:1c000044  PA:1c000044
20780623ns          347133 1c00b07c 00140413 addi             x8, x8, 1            x8=1c000045  x8:1c000044
20780643ns          347134 1c00b07e fe0514e3 bne              x10, x0, -24        x10:00000065
20780722ns          347138 1c00b066 02500793 addi             x15, x0, 37         x15=00000025
20780742ns          347139 1c00b06a 04f50863 beq              x10, x15, 80        x10:00000065 x15:00000025
20780762ns          347140 1c00b06e 01a005b3 add              x11, x0, x26        x11=00000002 x26:00000002
20780782ns          347141 1c00b070 000b00e7 jalr             x1, x22, 0           x1=1c00b072 x22:1c00afa4
20780822ns          347143 1c00afa4 000026b7 lui              x13, 0x2000         x13=00002000
20780842ns          347144 1c00afa6 f14027f3 csrrs            x15, x0, 0xf14      x15=00000003
20780862ns          347145 1c00afaa f8068693 addi             x13, x13, -128      x13=00001f80 x13:00002000
20780881ns          347146 1c00afae 00379713 slli             x14, x15, 0x3       x14=00000018 x15:00000003
20780901ns          347147 1c00afb2 00279793 slli             x15, x15, 0x2       x15=0000000c x15:00000003
20780921ns          347148 1c00afb4 00d7f7b3 and              x15, x15, x13       x15=00000000 x15:0000000c x13:00001f80
20780941ns          347149 1c00afb6 ee873733 p.bclr           x14, x14, 23, 8     x14=00000018 x14:00000018
20780961ns          347150 1c00afba 1a10f6b7 lui              x13, 0x1a10f000     x13=1a10f000
20780981ns          347151 1c00afbe 0ff57513 andi             x10, x10, 255       x10=00000065 x10:00000065
20781001ns          347152 1c00afc2 00d70733 add              x14, x14, x13       x14=1a10f018 x14:00000018 x13:1a10f000
20781021ns          347153 1c00afc4 00a7e723 p.sw             x10, x0(x15)        x10:00000065 x15:00000000  PA:1a10f018
20781339ns          347169 1c00afc8 00000513 addi             x10, x0, 0          x10=00000000
20781359ns          347170 1c00afca 00008067 jalr             x0, x1, 0            x1:1c00b072
20781419ns          347173 1c00b072 31f52563 p.beqimm         x10, 778            x10:00000000
20781438ns          347174 1c00b076 001d8d93 addi             x27, x27, 1         x27=00000010 x27:0000000f
20781458ns          347175 1c00b078 00044503 lbu              x10, 0(x8)          x10=0000006c  x8:1c000045  PA:1c000045
20781757ns          347190 1c00b07c 00140413 addi             x8, x8, 1            x8=1c000046  x8:1c000045
20781777ns          347191 1c00b07e fe0514e3 bne              x10, x0, -24        x10:0000006c
20781856ns          347195 1c00b066 02500793 addi             x15, x0, 37         x15=00000025
20781876ns          347196 1c00b06a 04f50863 beq              x10, x15, 80        x10:0000006c x15:00000025
20781896ns          347197 1c00b06e 01a005b3 add              x11, x0, x26        x11=00000002 x26:00000002
20781916ns          347198 1c00b070 000b00e7 jalr             x1, x22, 0           x1=1c00b072 x22:1c00afa4
20781956ns          347200 1c00afa4 000026b7 lui              x13, 0x2000         x13=00002000
20781975ns          347201 1c00afa6 f14027f3 csrrs            x15, x0, 0xf14      x15=00000003
20781995ns          347202 1c00afaa f8068693 addi             x13, x13, -128      x13=00001f80 x13:00002000
20782015ns          347203 1c00afae 00379713 slli             x14, x15, 0x3       x14=00000018 x15:00000003
20782035ns          347204 1c00afb2 00279793 slli             x15, x15, 0x2       x15=0000000c x15:00000003
20782055ns          347205 1c00afb4 00d7f7b3 and              x15, x15, x13       x15=00000000 x15:0000000c x13:00001f80
20782075ns          347206 1c00afb6 ee873733 p.bclr           x14, x14, 23, 8     x14=00000018 x14:00000018
20782095ns          347207 1c00afba 1a10f6b7 lui              x13, 0x1a10f000     x13=1a10f000
20782115ns          347208 1c00afbe 0ff57513 andi             x10, x10, 255       x10=0000006c x10:0000006c
20782135ns          347209 1c00afc2 00d70733 add              x14, x14, x13       x14=1a10f018 x14:00000018 x13:1a10f000
20782154ns          347210 1c00afc4 00a7e723 p.sw             x10, x0(x15)        x10:0000006c x15:00000000  PA:1a10f018
20782473ns          347226 1c00afc8 00000513 addi             x10, x0, 0          x10=00000000
20782493ns          347227 1c00afca 00008067 jalr             x0, x1, 0            x1:1c00b072
20782552ns          347230 1c00b072 31f52563 p.beqimm         x10, 778            x10:00000000
20782572ns          347231 1c00b076 001d8d93 addi             x27, x27, 1         x27=00000011 x27:00000010
20782592ns          347232 1c00b078 00044503 lbu              x10, 0(x8)          x10=00000020  x8:1c000046  PA:1c000046
20782890ns          347247 1c00b07c 00140413 addi             x8, x8, 1            x8=1c000047  x8:1c000046
20782910ns          347248 1c00b07e fe0514e3 bne              x10, x0, -24        x10:00000020
20782990ns          347252 1c00b066 02500793 addi             x15, x0, 37         x15=00000025
20783010ns          347253 1c00b06a 04f50863 beq              x10, x15, 80        x10:00000020 x15:00000025
20783030ns          347254 1c00b06e 01a005b3 add              x11, x0, x26        x11=00000002 x26:00000002
20783050ns          347255 1c00b070 000b00e7 jalr             x1, x22, 0           x1=1c00b072 x22:1c00afa4
20783089ns          347257 1c00afa4 000026b7 lui              x13, 0x2000         x13=00002000
20783109ns          347258 1c00afa6 f14027f3 csrrs            x15, x0, 0xf14      x15=00000003
20783129ns          347259 1c00afaa f8068693 addi             x13, x13, -128      x13=00001f80 x13:00002000
20783149ns          347260 1c00afae 00379713 slli             x14, x15, 0x3       x14=00000018 x15:00000003
20783169ns          347261 1c00afb2 00279793 slli             x15, x15, 0x2       x15=0000000c x15:00000003
20783189ns          347262 1c00afb4 00d7f7b3 and              x15, x15, x13       x15=00000000 x15:0000000c x13:00001f80
20783209ns          347263 1c00afb6 ee873733 p.bclr           x14, x14, 23, 8     x14=00000018 x14:00000018
20783229ns          347264 1c00afba 1a10f6b7 lui              x13, 0x1a10f000     x13=1a10f000
20783248ns          347265 1c00afbe 0ff57513 andi             x10, x10, 255       x10=00000020 x10:00000020
20783268ns          347266 1c00afc2 00d70733 add              x14, x14, x13       x14=1a10f018 x14:00000018 x13:1a10f000
20783288ns          347267 1c00afc4 00a7e723 p.sw             x10, x0(x15)        x10:00000020 x15:00000000  PA:1a10f018
20783626ns          347284 1c00afc8 00000513 addi             x10, x0, 0          x10=00000000
20783646ns          347285 1c00afca 00008067 jalr             x0, x1, 0            x1:1c00b072
20783706ns          347288 1c00b072 31f52563 p.beqimm         x10, 778            x10:00000000
20783726ns          347289 1c00b076 001d8d93 addi             x27, x27, 1         x27=00000012 x27:00000011
20783746ns          347290 1c00b078 00044503 lbu              x10, 0(x8)          x10=00000069  x8:1c000047  PA:1c000047
20784044ns          347305 1c00b07c 00140413 addi             x8, x8, 1            x8=1c000048  x8:1c000047
20784064ns          347306 1c00b07e fe0514e3 bne              x10, x0, -24        x10:00000069
20784144ns          347310 1c00b066 02500793 addi             x15, x0, 37         x15=00000025
20784163ns          347311 1c00b06a 04f50863 beq              x10, x15, 80        x10:00000069 x15:00000025
20784183ns          347312 1c00b06e 01a005b3 add              x11, x0, x26        x11=00000002 x26:00000002
20784203ns          347313 1c00b070 000b00e7 jalr             x1, x22, 0           x1=1c00b072 x22:1c00afa4
20784243ns          347315 1c00afa4 000026b7 lui              x13, 0x2000         x13=00002000
20784263ns          347316 1c00afa6 f14027f3 csrrs            x15, x0, 0xf14      x15=00000003
20784283ns          347317 1c00afaa f8068693 addi             x13, x13, -128      x13=00001f80 x13:00002000
20784303ns          347318 1c00afae 00379713 slli             x14, x15, 0x3       x14=00000018 x15:00000003
20784323ns          347319 1c00afb2 00279793 slli             x15, x15, 0x2       x15=0000000c x15:00000003
20784342ns          347320 1c00afb4 00d7f7b3 and              x15, x15, x13       x15=00000000 x15:0000000c x13:00001f80
20784362ns          347321 1c00afb6 ee873733 p.bclr           x14, x14, 23, 8     x14=00000018 x14:00000018
20784382ns          347322 1c00afba 1a10f6b7 lui              x13, 0x1a10f000     x13=1a10f000
20784402ns          347323 1c00afbe 0ff57513 andi             x10, x10, 255       x10=00000069 x10:00000069
20784422ns          347324 1c00afc2 00d70733 add              x14, x14, x13       x14=1a10f018 x14:00000018 x13:1a10f000
20784442ns          347325 1c00afc4 00a7e723 p.sw             x10, x0(x15)        x10:00000069 x15:00000000  PA:1a10f018
20784780ns          347342 1c00afc8 00000513 addi             x10, x0, 0          x10=00000000
20784800ns          347343 1c00afca 00008067 jalr             x0, x1, 0            x1:1c00b072
20784860ns          347346 1c00b072 31f52563 p.beqimm         x10, 778            x10:00000000
20784880ns          347347 1c00b076 001d8d93 addi             x27, x27, 1         x27=00000013 x27:00000012
20784899ns          347348 1c00b078 00044503 lbu              x10, 0(x8)          x10=00000074  x8:1c000048  PA:1c000048
20785198ns          347363 1c00b07c 00140413 addi             x8, x8, 1            x8=1c000049  x8:1c000048
20785218ns          347364 1c00b07e fe0514e3 bne              x10, x0, -24        x10:00000074
20785297ns          347368 1c00b066 02500793 addi             x15, x0, 37         x15=00000025
20785317ns          347369 1c00b06a 04f50863 beq              x10, x15, 80        x10:00000074 x15:00000025
20785337ns          347370 1c00b06e 01a005b3 add              x11, x0, x26        x11=00000002 x26:00000002
20785357ns          347371 1c00b070 000b00e7 jalr             x1, x22, 0           x1=1c00b072 x22:1c00afa4
20785397ns          347373 1c00afa4 000026b7 lui              x13, 0x2000         x13=00002000
20785417ns          347374 1c00afa6 f14027f3 csrrs            x15, x0, 0xf14      x15=00000003
20785436ns          347375 1c00afaa f8068693 addi             x13, x13, -128      x13=00001f80 x13:00002000
20785456ns          347376 1c00afae 00379713 slli             x14, x15, 0x3       x14=00000018 x15:00000003
20785476ns          347377 1c00afb2 00279793 slli             x15, x15, 0x2       x15=0000000c x15:00000003
20785496ns          347378 1c00afb4 00d7f7b3 and              x15, x15, x13       x15=00000000 x15:0000000c x13:00001f80
20785516ns          347379 1c00afb6 ee873733 p.bclr           x14, x14, 23, 8     x14=00000018 x14:00000018
20785536ns          347380 1c00afba 1a10f6b7 lui              x13, 0x1a10f000     x13=1a10f000
20785556ns          347381 1c00afbe 0ff57513 andi             x10, x10, 255       x10=00000074 x10:00000074
20785576ns          347382 1c00afc2 00d70733 add              x14, x14, x13       x14=1a10f018 x14:00000018 x13:1a10f000
20785596ns          347383 1c00afc4 00a7e723 p.sw             x10, x0(x15)        x10:00000074 x15:00000000  PA:1a10f018
20785914ns          347399 1c00afc8 00000513 addi             x10, x0, 0          x10=00000000
20785934ns          347400 1c00afca 00008067 jalr             x0, x1, 0            x1:1c00b072
20785993ns          347403 1c00b072 31f52563 p.beqimm         x10, 778            x10:00000000
20786013ns          347404 1c00b076 001d8d93 addi             x27, x27, 1         x27=00000014 x27:00000013
20786033ns          347405 1c00b078 00044503 lbu              x10, 0(x8)          x10=00000065  x8:1c000049  PA:1c000049
20786332ns          347420 1c00b07c 00140413 addi             x8, x8, 1            x8=1c00004a  x8:1c000049
20786351ns          347421 1c00b07e fe0514e3 bne              x10, x0, -24        x10:00000065
20786431ns          347425 1c00b066 02500793 addi             x15, x0, 37         x15=00000025
20786451ns          347426 1c00b06a 04f50863 beq              x10, x15, 80        x10:00000065 x15:00000025
20786471ns          347427 1c00b06e 01a005b3 add              x11, x0, x26        x11=00000002 x26:00000002
20786491ns          347428 1c00b070 000b00e7 jalr             x1, x22, 0           x1=1c00b072 x22:1c00afa4
20786530ns          347430 1c00afa4 000026b7 lui              x13, 0x2000         x13=00002000
20786550ns          347431 1c00afa6 f14027f3 csrrs            x15, x0, 0xf14      x15=00000003
20786570ns          347432 1c00afaa f8068693 addi             x13, x13, -128      x13=00001f80 x13:00002000
20786590ns          347433 1c00afae 00379713 slli             x14, x15, 0x3       x14=00000018 x15:00000003
20786610ns          347434 1c00afb2 00279793 slli             x15, x15, 0x2       x15=0000000c x15:00000003
20786630ns          347435 1c00afb4 00d7f7b3 and              x15, x15, x13       x15=00000000 x15:0000000c x13:00001f80
20786650ns          347436 1c00afb6 ee873733 p.bclr           x14, x14, 23, 8     x14=00000018 x14:00000018
20786670ns          347437 1c00afba 1a10f6b7 lui              x13, 0x1a10f000     x13=1a10f000
20786690ns          347438 1c00afbe 0ff57513 andi             x10, x10, 255       x10=00000065 x10:00000065
20786709ns          347439 1c00afc2 00d70733 add              x14, x14, x13       x14=1a10f018 x14:00000018 x13:1a10f000
20786729ns          347440 1c00afc4 00a7e723 p.sw             x10, x0(x15)        x10:00000065 x15:00000000  PA:1a10f018
20787068ns          347457 1c00afc8 00000513 addi             x10, x0, 0          x10=00000000
20787087ns          347458 1c00afca 00008067 jalr             x0, x1, 0            x1:1c00b072
20787147ns          347461 1c00b072 31f52563 p.beqimm         x10, 778            x10:00000000
20787167ns          347462 1c00b076 001d8d93 addi             x27, x27, 1         x27=00000015 x27:00000014
20787187ns          347463 1c00b078 00044503 lbu              x10, 0(x8)          x10=00000072  x8:1c00004a  PA:1c00004a
20787485ns          347478 1c00b07c 00140413 addi             x8, x8, 1            x8=1c00004b  x8:1c00004a
20787505ns          347479 1c00b07e fe0514e3 bne              x10, x0, -24        x10:00000072
20787585ns          347483 1c00b066 02500793 addi             x15, x0, 37         x15=00000025
20787605ns          347484 1c00b06a 04f50863 beq              x10, x15, 80        x10:00000072 x15:00000025
20787624ns          347485 1c00b06e 01a005b3 add              x11, x0, x26        x11=00000002 x26:00000002
20787644ns          347486 1c00b070 000b00e7 jalr             x1, x22, 0           x1=1c00b072 x22:1c00afa4
20787684ns          347488 1c00afa4 000026b7 lui              x13, 0x2000         x13=00002000
20787704ns          347489 1c00afa6 f14027f3 csrrs            x15, x0, 0xf14      x15=00000003
20787724ns          347490 1c00afaa f8068693 addi             x13, x13, -128      x13=00001f80 x13:00002000
20787744ns          347491 1c00afae 00379713 slli             x14, x15, 0x3       x14=00000018 x15:00000003
20787764ns          347492 1c00afb2 00279793 slli             x15, x15, 0x2       x15=0000000c x15:00000003
20787784ns          347493 1c00afb4 00d7f7b3 and              x15, x15, x13       x15=00000000 x15:0000000c x13:00001f80
20787803ns          347494 1c00afb6 ee873733 p.bclr           x14, x14, 23, 8     x14=00000018 x14:00000018
20787823ns          347495 1c00afba 1a10f6b7 lui              x13, 0x1a10f000     x13=1a10f000
20787843ns          347496 1c00afbe 0ff57513 andi             x10, x10, 255       x10=00000072 x10:00000072
20787863ns          347497 1c00afc2 00d70733 add              x14, x14, x13       x14=1a10f018 x14:00000018 x13:1a10f000
20787883ns          347498 1c00afc4 00a7e723 p.sw             x10, x0(x15)        x10:00000072 x15:00000000  PA:1a10f018
20788221ns          347515 1c00afc8 00000513 addi             x10, x0, 0          x10=00000000
20788241ns          347516 1c00afca 00008067 jalr             x0, x1, 0            x1:1c00b072
20788301ns          347519 1c00b072 31f52563 p.beqimm         x10, 778            x10:00000000
20788321ns          347520 1c00b076 001d8d93 addi             x27, x27, 1         x27=00000016 x27:00000015
20788341ns          347521 1c00b078 00044503 lbu              x10, 0(x8)          x10=00000061  x8:1c00004b  PA:1c00004b
20788639ns          347536 1c00b07c 00140413 addi             x8, x8, 1            x8=1c00004c  x8:1c00004b
20788659ns          347537 1c00b07e fe0514e3 bne              x10, x0, -24        x10:00000061
20788738ns          347541 1c00b066 02500793 addi             x15, x0, 37         x15=00000025
20788758ns          347542 1c00b06a 04f50863 beq              x10, x15, 80        x10:00000061 x15:00000025
20788778ns          347543 1c00b06e 01a005b3 add              x11, x0, x26        x11=00000002 x26:00000002
20788798ns          347544 1c00b070 000b00e7 jalr             x1, x22, 0           x1=1c00b072 x22:1c00afa4
20788838ns          347546 1c00afa4 000026b7 lui              x13, 0x2000         x13=00002000
20788858ns          347547 1c00afa6 f14027f3 csrrs            x15, x0, 0xf14      x15=00000003
20788878ns          347548 1c00afaa f8068693 addi             x13, x13, -128      x13=00001f80 x13:00002000
20788897ns          347549 1c00afae 00379713 slli             x14, x15, 0x3       x14=00000018 x15:00000003
20788917ns          347550 1c00afb2 00279793 slli             x15, x15, 0x2       x15=0000000c x15:00000003
20788937ns          347551 1c00afb4 00d7f7b3 and              x15, x15, x13       x15=00000000 x15:0000000c x13:00001f80
20788957ns          347552 1c00afb6 ee873733 p.bclr           x14, x14, 23, 8     x14=00000018 x14:00000018
20788977ns          347553 1c00afba 1a10f6b7 lui              x13, 0x1a10f000     x13=1a10f000
20788997ns          347554 1c00afbe 0ff57513 andi             x10, x10, 255       x10=00000061 x10:00000061
20789017ns          347555 1c00afc2 00d70733 add              x14, x14, x13       x14=1a10f018 x14:00000018 x13:1a10f000
20789037ns          347556 1c00afc4 00a7e723 p.sw             x10, x0(x15)        x10:00000061 x15:00000000  PA:1a10f018
20789355ns          347572 1c00afc8 00000513 addi             x10, x0, 0          x10=00000000
20789375ns          347573 1c00afca 00008067 jalr             x0, x1, 0            x1:1c00b072
20789435ns          347576 1c00b072 31f52563 p.beqimm         x10, 778            x10:00000000
20789454ns          347577 1c00b076 001d8d93 addi             x27, x27, 1         x27=00000017 x27:00000016
20789474ns          347578 1c00b078 00044503 lbu              x10, 0(x8)          x10=00000074  x8:1c00004c  PA:1c00004c
20789773ns          347593 1c00b07c 00140413 addi             x8, x8, 1            x8=1c00004d  x8:1c00004c
20789793ns          347594 1c00b07e fe0514e3 bne              x10, x0, -24        x10:00000074
20789872ns          347598 1c00b066 02500793 addi             x15, x0, 37         x15=00000025
20789892ns          347599 1c00b06a 04f50863 beq              x10, x15, 80        x10:00000074 x15:00000025
20789912ns          347600 1c00b06e 01a005b3 add              x11, x0, x26        x11=00000002 x26:00000002
20789932ns          347601 1c00b070 000b00e7 jalr             x1, x22, 0           x1=1c00b072 x22:1c00afa4
20789972ns          347603 1c00afa4 000026b7 lui              x13, 0x2000         x13=00002000
20789991ns          347604 1c00afa6 f14027f3 csrrs            x15, x0, 0xf14      x15=00000003
20790011ns          347605 1c00afaa f8068693 addi             x13, x13, -128      x13=00001f80 x13:00002000
20790031ns          347606 1c00afae 00379713 slli             x14, x15, 0x3       x14=00000018 x15:00000003
20790051ns          347607 1c00afb2 00279793 slli             x15, x15, 0x2       x15=0000000c x15:00000003
20790071ns          347608 1c00afb4 00d7f7b3 and              x15, x15, x13       x15=00000000 x15:0000000c x13:00001f80
20790091ns          347609 1c00afb6 ee873733 p.bclr           x14, x14, 23, 8     x14=00000018 x14:00000018
20790111ns          347610 1c00afba 1a10f6b7 lui              x13, 0x1a10f000     x13=1a10f000
20790131ns          347611 1c00afbe 0ff57513 andi             x10, x10, 255       x10=00000074 x10:00000074
20790151ns          347612 1c00afc2 00d70733 add              x14, x14, x13       x14=1a10f018 x14:00000018 x13:1a10f000
20790170ns          347613 1c00afc4 00a7e723 p.sw             x10, x0(x15)        x10:00000074 x15:00000000  PA:1a10f018
20790489ns          347629 1c00afc8 00000513 addi             x10, x0, 0          x10=00000000
20790509ns          347630 1c00afca 00008067 jalr             x0, x1, 0            x1:1c00b072
20790568ns          347633 1c00b072 31f52563 p.beqimm         x10, 778            x10:00000000
20790588ns          347634 1c00b076 001d8d93 addi             x27, x27, 1         x27=00000018 x27:00000017
20790608ns          347635 1c00b078 00044503 lbu              x10, 0(x8)          x10=00000069  x8:1c00004d  PA:1c00004d
20790906ns          347650 1c00b07c 00140413 addi             x8, x8, 1            x8=1c00004e  x8:1c00004d
20790926ns          347651 1c00b07e fe0514e3 bne              x10, x0, -24        x10:00000069
20791006ns          347655 1c00b066 02500793 addi             x15, x0, 37         x15=00000025
20791026ns          347656 1c00b06a 04f50863 beq              x10, x15, 80        x10:00000069 x15:00000025
20791046ns          347657 1c00b06e 01a005b3 add              x11, x0, x26        x11=00000002 x26:00000002
20791066ns          347658 1c00b070 000b00e7 jalr             x1, x22, 0           x1=1c00b072 x22:1c00afa4
20791105ns          347660 1c00afa4 000026b7 lui              x13, 0x2000         x13=00002000
20791125ns          347661 1c00afa6 f14027f3 csrrs            x15, x0, 0xf14      x15=00000003
20791145ns          347662 1c00afaa f8068693 addi             x13, x13, -128      x13=00001f80 x13:00002000
20791165ns          347663 1c00afae 00379713 slli             x14, x15, 0x3       x14=00000018 x15:00000003
20791185ns          347664 1c00afb2 00279793 slli             x15, x15, 0x2       x15=0000000c x15:00000003
20791205ns          347665 1c00afb4 00d7f7b3 and              x15, x15, x13       x15=00000000 x15:0000000c x13:00001f80
20791225ns          347666 1c00afb6 ee873733 p.bclr           x14, x14, 23, 8     x14=00000018 x14:00000018
20791245ns          347667 1c00afba 1a10f6b7 lui              x13, 0x1a10f000     x13=1a10f000
20791264ns          347668 1c00afbe 0ff57513 andi             x10, x10, 255       x10=00000069 x10:00000069
20791284ns          347669 1c00afc2 00d70733 add              x14, x14, x13       x14=1a10f018 x14:00000018 x13:1a10f000
20791304ns          347670 1c00afc4 00a7e723 p.sw             x10, x0(x15)        x10:00000069 x15:00000000  PA:1a10f018
20791642ns          347687 1c00afc8 00000513 addi             x10, x0, 0          x10=00000000
20791662ns          347688 1c00afca 00008067 jalr             x0, x1, 0            x1:1c00b072
20791722ns          347691 1c00b072 31f52563 p.beqimm         x10, 778            x10:00000000
20791742ns          347692 1c00b076 001d8d93 addi             x27, x27, 1         x27=00000019 x27:00000018
20791762ns          347693 1c00b078 00044503 lbu              x10, 0(x8)          x10=0000006f  x8:1c00004e  PA:1c00004e
20792060ns          347708 1c00b07c 00140413 addi             x8, x8, 1            x8=1c00004f  x8:1c00004e
20792080ns          347709 1c00b07e fe0514e3 bne              x10, x0, -24        x10:0000006f
20792160ns          347713 1c00b066 02500793 addi             x15, x0, 37         x15=00000025
20792179ns          347714 1c00b06a 04f50863 beq              x10, x15, 80        x10:0000006f x15:00000025
20792199ns          347715 1c00b06e 01a005b3 add              x11, x0, x26        x11=00000002 x26:00000002
20792219ns          347716 1c00b070 000b00e7 jalr             x1, x22, 0           x1=1c00b072 x22:1c00afa4
20792259ns          347718 1c00afa4 000026b7 lui              x13, 0x2000         x13=00002000
20792279ns          347719 1c00afa6 f14027f3 csrrs            x15, x0, 0xf14      x15=00000003
20792299ns          347720 1c00afaa f8068693 addi             x13, x13, -128      x13=00001f80 x13:00002000
20792319ns          347721 1c00afae 00379713 slli             x14, x15, 0x3       x14=00000018 x15:00000003
20792339ns          347722 1c00afb2 00279793 slli             x15, x15, 0x2       x15=0000000c x15:00000003
20792358ns          347723 1c00afb4 00d7f7b3 and              x15, x15, x13       x15=00000000 x15:0000000c x13:00001f80
20792378ns          347724 1c00afb6 ee873733 p.bclr           x14, x14, 23, 8     x14=00000018 x14:00000018
20792398ns          347725 1c00afba 1a10f6b7 lui              x13, 0x1a10f000     x13=1a10f000
20792418ns          347726 1c00afbe 0ff57513 andi             x10, x10, 255       x10=0000006f x10:0000006f
20792438ns          347727 1c00afc2 00d70733 add              x14, x14, x13       x14=1a10f018 x14:00000018 x13:1a10f000
20792458ns          347728 1c00afc4 00a7e723 p.sw             x10, x0(x15)        x10:0000006f x15:00000000  PA:1a10f018
20792796ns          347745 1c00afc8 00000513 addi             x10, x0, 0          x10=00000000
20792816ns          347746 1c00afca 00008067 jalr             x0, x1, 0            x1:1c00b072
20792876ns          347749 1c00b072 31f52563 p.beqimm         x10, 778            x10:00000000
20792896ns          347750 1c00b076 001d8d93 addi             x27, x27, 1         x27=0000001a x27:00000019
20792915ns          347751 1c00b078 00044503 lbu              x10, 0(x8)          x10=0000006e  x8:1c00004f  PA:1c00004f
20793214ns          347766 1c00b07c 00140413 addi             x8, x8, 1            x8=1c000050  x8:1c00004f
20793234ns          347767 1c00b07e fe0514e3 bne              x10, x0, -24        x10:0000006e
20793313ns          347771 1c00b066 02500793 addi             x15, x0, 37         x15=00000025
20793333ns          347772 1c00b06a 04f50863 beq              x10, x15, 80        x10:0000006e x15:00000025
20793353ns          347773 1c00b06e 01a005b3 add              x11, x0, x26        x11=00000002 x26:00000002
20793373ns          347774 1c00b070 000b00e7 jalr             x1, x22, 0           x1=1c00b072 x22:1c00afa4
20793413ns          347776 1c00afa4 000026b7 lui              x13, 0x2000         x13=00002000
20793433ns          347777 1c00afa6 f14027f3 csrrs            x15, x0, 0xf14      x15=00000003
20793452ns          347778 1c00afaa f8068693 addi             x13, x13, -128      x13=00001f80 x13:00002000
20793472ns          347779 1c00afae 00379713 slli             x14, x15, 0x3       x14=00000018 x15:00000003
20793492ns          347780 1c00afb2 00279793 slli             x15, x15, 0x2       x15=0000000c x15:00000003
20793512ns          347781 1c00afb4 00d7f7b3 and              x15, x15, x13       x15=00000000 x15:0000000c x13:00001f80
20793532ns          347782 1c00afb6 ee873733 p.bclr           x14, x14, 23, 8     x14=00000018 x14:00000018
20793552ns          347783 1c00afba 1a10f6b7 lui              x13, 0x1a10f000     x13=1a10f000
20793572ns          347784 1c00afbe 0ff57513 andi             x10, x10, 255       x10=0000006e x10:0000006e
20793592ns          347785 1c00afc2 00d70733 add              x14, x14, x13       x14=1a10f018 x14:00000018 x13:1a10f000
20793612ns          347786 1c00afc4 00a7e723 p.sw             x10, x0(x15)        x10:0000006e x15:00000000  PA:1a10f018
20793930ns          347802 1c00afc8 00000513 addi             x10, x0, 0          x10=00000000
20793950ns          347803 1c00afca 00008067 jalr             x0, x1, 0            x1:1c00b072
20794009ns          347806 1c00b072 31f52563 p.beqimm         x10, 778            x10:00000000
20794029ns          347807 1c00b076 001d8d93 addi             x27, x27, 1         x27=0000001b x27:0000001a
20794049ns          347808 1c00b078 00044503 lbu              x10, 0(x8)          x10=00000073  x8:1c000050  PA:1c000050
20794348ns          347823 1c00b07c 00140413 addi             x8, x8, 1            x8=1c000051  x8:1c000050
20794367ns          347824 1c00b07e fe0514e3 bne              x10, x0, -24        x10:00000073
20794447ns          347828 1c00b066 02500793 addi             x15, x0, 37         x15=00000025
20794467ns          347829 1c00b06a 04f50863 beq              x10, x15, 80        x10:00000073 x15:00000025
20794487ns          347830 1c00b06e 01a005b3 add              x11, x0, x26        x11=00000002 x26:00000002
20794507ns          347831 1c00b070 000b00e7 jalr             x1, x22, 0           x1=1c00b072 x22:1c00afa4
20794546ns          347833 1c00afa4 000026b7 lui              x13, 0x2000         x13=00002000
20794566ns          347834 1c00afa6 f14027f3 csrrs            x15, x0, 0xf14      x15=00000003
20794586ns          347835 1c00afaa f8068693 addi             x13, x13, -128      x13=00001f80 x13:00002000
20794606ns          347836 1c00afae 00379713 slli             x14, x15, 0x3       x14=00000018 x15:00000003
20794626ns          347837 1c00afb2 00279793 slli             x15, x15, 0x2       x15=0000000c x15:00000003
20794646ns          347838 1c00afb4 00d7f7b3 and              x15, x15, x13       x15=00000000 x15:0000000c x13:00001f80
20794666ns          347839 1c00afb6 ee873733 p.bclr           x14, x14, 23, 8     x14=00000018 x14:00000018
20794686ns          347840 1c00afba 1a10f6b7 lui              x13, 0x1a10f000     x13=1a10f000
20794706ns          347841 1c00afbe 0ff57513 andi             x10, x10, 255       x10=00000073 x10:00000073
20794725ns          347842 1c00afc2 00d70733 add              x14, x14, x13       x14=1a10f018 x14:00000018 x13:1a10f000
20794745ns          347843 1c00afc4 00a7e723 p.sw             x10, x0(x15)        x10:00000073 x15:00000000  PA:1a10f018
20795083ns          347860 1c00afc8 00000513 addi             x10, x0, 0          x10=00000000
20795103ns          347861 1c00afca 00008067 jalr             x0, x1, 0            x1:1c00b072
20795163ns          347864 1c00b072 31f52563 p.beqimm         x10, 778            x10:00000000
20795183ns          347865 1c00b076 001d8d93 addi             x27, x27, 1         x27=0000001c x27:0000001b
20795203ns          347866 1c00b078 00044503 lbu              x10, 0(x8)          x10=0000002e  x8:1c000051  PA:1c000051
20795501ns          347881 1c00b07c 00140413 addi             x8, x8, 1            x8=1c000052  x8:1c000051
20795521ns          347882 1c00b07e fe0514e3 bne              x10, x0, -24        x10:0000002e
20795601ns          347886 1c00b066 02500793 addi             x15, x0, 37         x15=00000025
20795621ns          347887 1c00b06a 04f50863 beq              x10, x15, 80        x10:0000002e x15:00000025
20795640ns          347888 1c00b06e 01a005b3 add              x11, x0, x26        x11=00000002 x26:00000002
20795660ns          347889 1c00b070 000b00e7 jalr             x1, x22, 0           x1=1c00b072 x22:1c00afa4
20795700ns          347891 1c00afa4 000026b7 lui              x13, 0x2000         x13=00002000
20795720ns          347892 1c00afa6 f14027f3 csrrs            x15, x0, 0xf14      x15=00000003
20795740ns          347893 1c00afaa f8068693 addi             x13, x13, -128      x13=00001f80 x13:00002000
20795760ns          347894 1c00afae 00379713 slli             x14, x15, 0x3       x14=00000018 x15:00000003
20795780ns          347895 1c00afb2 00279793 slli             x15, x15, 0x2       x15=0000000c x15:00000003
20795800ns          347896 1c00afb4 00d7f7b3 and              x15, x15, x13       x15=00000000 x15:0000000c x13:00001f80
20795819ns          347897 1c00afb6 ee873733 p.bclr           x14, x14, 23, 8     x14=00000018 x14:00000018
20795839ns          347898 1c00afba 1a10f6b7 lui              x13, 0x1a10f000     x13=1a10f000
20795859ns          347899 1c00afbe 0ff57513 andi             x10, x10, 255       x10=0000002e x10:0000002e
20795879ns          347900 1c00afc2 00d70733 add              x14, x14, x13       x14=1a10f018 x14:00000018 x13:1a10f000
20795899ns          347901 1c00afc4 00a7e723 p.sw             x10, x0(x15)        x10:0000002e x15:00000000  PA:1a10f018
20796237ns          347918 1c00afc8 00000513 addi             x10, x0, 0          x10=00000000
20796257ns          347919 1c00afca 00008067 jalr             x0, x1, 0            x1:1c00b072
20796317ns          347922 1c00b072 31f52563 p.beqimm         x10, 778            x10:00000000
20796337ns          347923 1c00b076 001d8d93 addi             x27, x27, 1         x27=0000001d x27:0000001c
20796356ns          347924 1c00b078 00044503 lbu              x10, 0(x8)          x10=0000002e  x8:1c000052  PA:1c000052
20796675ns          347940 1c00b07c 00140413 addi             x8, x8, 1            x8=1c000053  x8:1c000052
20796695ns          347941 1c00b07e fe0514e3 bne              x10, x0, -24        x10:0000002e
20796774ns          347945 1c00b066 02500793 addi             x15, x0, 37         x15=00000025
20796794ns          347946 1c00b06a 04f50863 beq              x10, x15, 80        x10:0000002e x15:00000025
20796814ns          347947 1c00b06e 01a005b3 add              x11, x0, x26        x11=00000002 x26:00000002
20796834ns          347948 1c00b070 000b00e7 jalr             x1, x22, 0           x1=1c00b072 x22:1c00afa4
20796874ns          347950 1c00afa4 000026b7 lui              x13, 0x2000         x13=00002000
20796894ns          347951 1c00afa6 f14027f3 csrrs            x15, x0, 0xf14      x15=00000003
20796913ns          347952 1c00afaa f8068693 addi             x13, x13, -128      x13=00001f80 x13:00002000
20796933ns          347953 1c00afae 00379713 slli             x14, x15, 0x3       x14=00000018 x15:00000003
20796953ns          347954 1c00afb2 00279793 slli             x15, x15, 0x2       x15=0000000c x15:00000003
20796973ns          347955 1c00afb4 00d7f7b3 and              x15, x15, x13       x15=00000000 x15:0000000c x13:00001f80
20796993ns          347956 1c00afb6 ee873733 p.bclr           x14, x14, 23, 8     x14=00000018 x14:00000018
20797013ns          347957 1c00afba 1a10f6b7 lui              x13, 0x1a10f000     x13=1a10f000
20797033ns          347958 1c00afbe 0ff57513 andi             x10, x10, 255       x10=0000002e x10:0000002e
20797053ns          347959 1c00afc2 00d70733 add              x14, x14, x13       x14=1a10f018 x14:00000018 x13:1a10f000
20797073ns          347960 1c00afc4 00a7e723 p.sw             x10, x0(x15)        x10:0000002e x15:00000000  PA:1a10f018
20797391ns          347976 1c00afc8 00000513 addi             x10, x0, 0          x10=00000000
20797411ns          347977 1c00afca 00008067 jalr             x0, x1, 0            x1:1c00b072
20797470ns          347980 1c00b072 31f52563 p.beqimm         x10, 778            x10:00000000
20797490ns          347981 1c00b076 001d8d93 addi             x27, x27, 1         x27=0000001e x27:0000001d
20797510ns          347982 1c00b078 00044503 lbu              x10, 0(x8)          x10=0000002e  x8:1c000053  PA:1c000053
20797809ns          347997 1c00b07c 00140413 addi             x8, x8, 1            x8=1c000054  x8:1c000053
20797828ns          347998 1c00b07e fe0514e3 bne              x10, x0, -24        x10:0000002e
20797908ns          348002 1c00b066 02500793 addi             x15, x0, 37         x15=00000025
20797928ns          348003 1c00b06a 04f50863 beq              x10, x15, 80        x10:0000002e x15:00000025
20797948ns          348004 1c00b06e 01a005b3 add              x11, x0, x26        x11=00000002 x26:00000002
20797968ns          348005 1c00b070 000b00e7 jalr             x1, x22, 0           x1=1c00b072 x22:1c00afa4
20798007ns          348007 1c00afa4 000026b7 lui              x13, 0x2000         x13=00002000
20798027ns          348008 1c00afa6 f14027f3 csrrs            x15, x0, 0xf14      x15=00000003
20798047ns          348009 1c00afaa f8068693 addi             x13, x13, -128      x13=00001f80 x13:00002000
20798067ns          348010 1c00afae 00379713 slli             x14, x15, 0x3       x14=00000018 x15:00000003
20798087ns          348011 1c00afb2 00279793 slli             x15, x15, 0x2       x15=0000000c x15:00000003
20798107ns          348012 1c00afb4 00d7f7b3 and              x15, x15, x13       x15=00000000 x15:0000000c x13:00001f80
20798127ns          348013 1c00afb6 ee873733 p.bclr           x14, x14, 23, 8     x14=00000018 x14:00000018
20798147ns          348014 1c00afba 1a10f6b7 lui              x13, 0x1a10f000     x13=1a10f000
20798167ns          348015 1c00afbe 0ff57513 andi             x10, x10, 255       x10=0000002e x10:0000002e
20798186ns          348016 1c00afc2 00d70733 add              x14, x14, x13       x14=1a10f018 x14:00000018 x13:1a10f000
20798206ns          348017 1c00afc4 00a7e723 p.sw             x10, x0(x15)        x10:0000002e x15:00000000  PA:1a10f018
20798525ns          348033 1c00afc8 00000513 addi             x10, x0, 0          x10=00000000
20798544ns          348034 1c00afca 00008067 jalr             x0, x1, 0            x1:1c00b072
20798604ns          348037 1c00b072 31f52563 p.beqimm         x10, 778            x10:00000000
20798624ns          348038 1c00b076 001d8d93 addi             x27, x27, 1         x27=0000001f x27:0000001e
20798644ns          348039 1c00b078 00044503 lbu              x10, 0(x8)          x10=00000020  x8:1c000054  PA:1c000054
20798942ns          348054 1c00b07c 00140413 addi             x8, x8, 1            x8=1c000055  x8:1c000054
20798962ns          348055 1c00b07e fe0514e3 bne              x10, x0, -24        x10:00000020
20799042ns          348059 1c00b066 02500793 addi             x15, x0, 37         x15=00000025
20799062ns          348060 1c00b06a 04f50863 beq              x10, x15, 80        x10:00000020 x15:00000025
20799082ns          348061 1c00b06e 01a005b3 add              x11, x0, x26        x11=00000002 x26:00000002
20799101ns          348062 1c00b070 000b00e7 jalr             x1, x22, 0           x1=1c00b072 x22:1c00afa4
20799141ns          348064 1c00afa4 000026b7 lui              x13, 0x2000         x13=00002000
20799161ns          348065 1c00afa6 f14027f3 csrrs            x15, x0, 0xf14      x15=00000003
20799181ns          348066 1c00afaa f8068693 addi             x13, x13, -128      x13=00001f80 x13:00002000
20799201ns          348067 1c00afae 00379713 slli             x14, x15, 0x3       x14=00000018 x15:00000003
20799221ns          348068 1c00afb2 00279793 slli             x15, x15, 0x2       x15=0000000c x15:00000003
20799241ns          348069 1c00afb4 00d7f7b3 and              x15, x15, x13       x15=00000000 x15:0000000c x13:00001f80
20799261ns          348070 1c00afb6 ee873733 p.bclr           x14, x14, 23, 8     x14=00000018 x14:00000018
20799280ns          348071 1c00afba 1a10f6b7 lui              x13, 0x1a10f000     x13=1a10f000
20799300ns          348072 1c00afbe 0ff57513 andi             x10, x10, 255       x10=00000020 x10:00000020
20799320ns          348073 1c00afc2 00d70733 add              x14, x14, x13       x14=1a10f018 x14:00000018 x13:1a10f000
20799340ns          348074 1c00afc4 00a7e723 p.sw             x10, x0(x15)        x10:00000020 x15:00000000  PA:1a10f018
20799658ns          348090 1c00afc8 00000513 addi             x10, x0, 0          x10=00000000
20799678ns          348091 1c00afca 00008067 jalr             x0, x1, 0            x1:1c00b072
20799738ns          348094 1c00b072 31f52563 p.beqimm         x10, 778            x10:00000000
20799758ns          348095 1c00b076 001d8d93 addi             x27, x27, 1         x27=00000020 x27:0000001f
20799778ns          348096 1c00b078 00044503 lbu              x10, 0(x8)          x10=00000028  x8:1c000055  PA:1c000055
20800076ns          348111 1c00b07c 00140413 addi             x8, x8, 1            x8=1c000056  x8:1c000055
20800096ns          348112 1c00b07e fe0514e3 bne              x10, x0, -24        x10:00000028
20800176ns          348116 1c00b066 02500793 addi             x15, x0, 37         x15=00000025
20800195ns          348117 1c00b06a 04f50863 beq              x10, x15, 80        x10:00000028 x15:00000025
20800215ns          348118 1c00b06e 01a005b3 add              x11, x0, x26        x11=00000002 x26:00000002
20800235ns          348119 1c00b070 000b00e7 jalr             x1, x22, 0           x1=1c00b072 x22:1c00afa4
20800275ns          348121 1c00afa4 000026b7 lui              x13, 0x2000         x13=00002000
20800295ns          348122 1c00afa6 f14027f3 csrrs            x15, x0, 0xf14      x15=00000003
20800315ns          348123 1c00afaa f8068693 addi             x13, x13, -128      x13=00001f80 x13:00002000
20800335ns          348124 1c00afae 00379713 slli             x14, x15, 0x3       x14=00000018 x15:00000003
20800355ns          348125 1c00afb2 00279793 slli             x15, x15, 0x2       x15=0000000c x15:00000003
20800374ns          348126 1c00afb4 00d7f7b3 and              x15, x15, x13       x15=00000000 x15:0000000c x13:00001f80
20800394ns          348127 1c00afb6 ee873733 p.bclr           x14, x14, 23, 8     x14=00000018 x14:00000018
20800414ns          348128 1c00afba 1a10f6b7 lui              x13, 0x1a10f000     x13=1a10f000
20800434ns          348129 1c00afbe 0ff57513 andi             x10, x10, 255       x10=00000028 x10:00000028
20800454ns          348130 1c00afc2 00d70733 add              x14, x14, x13       x14=1a10f018 x14:00000018 x13:1a10f000
20800474ns          348131 1c00afc4 00a7e723 p.sw             x10, x0(x15)        x10:00000028 x15:00000000  PA:1a10f018
20800812ns          348148 1c00afc8 00000513 addi             x10, x0, 0          x10=00000000
20800832ns          348149 1c00afca 00008067 jalr             x0, x1, 0            x1:1c00b072
20800892ns          348152 1c00b072 31f52563 p.beqimm         x10, 778            x10:00000000
20800911ns          348153 1c00b076 001d8d93 addi             x27, x27, 1         x27=00000021 x27:00000020
20800931ns          348154 1c00b078 00044503 lbu              x10, 0(x8)          x10=00000063  x8:1c000056  PA:1c000056
20801230ns          348169 1c00b07c 00140413 addi             x8, x8, 1            x8=1c000057  x8:1c000056
20801250ns          348170 1c00b07e fe0514e3 bne              x10, x0, -24        x10:00000063
20801329ns          348174 1c00b066 02500793 addi             x15, x0, 37         x15=00000025
20801349ns          348175 1c00b06a 04f50863 beq              x10, x15, 80        x10:00000063 x15:00000025
20801369ns          348176 1c00b06e 01a005b3 add              x11, x0, x26        x11=00000002 x26:00000002
20801389ns          348177 1c00b070 000b00e7 jalr             x1, x22, 0           x1=1c00b072 x22:1c00afa4
20801429ns          348179 1c00afa4 000026b7 lui              x13, 0x2000         x13=00002000
20801449ns          348180 1c00afa6 f14027f3 csrrs            x15, x0, 0xf14      x15=00000003
20801468ns          348181 1c00afaa f8068693 addi             x13, x13, -128      x13=00001f80 x13:00002000
20801488ns          348182 1c00afae 00379713 slli             x14, x15, 0x3       x14=00000018 x15:00000003
20801508ns          348183 1c00afb2 00279793 slli             x15, x15, 0x2       x15=0000000c x15:00000003
20801528ns          348184 1c00afb4 00d7f7b3 and              x15, x15, x13       x15=00000000 x15:0000000c x13:00001f80
20801548ns          348185 1c00afb6 ee873733 p.bclr           x14, x14, 23, 8     x14=00000018 x14:00000018
20801568ns          348186 1c00afba 1a10f6b7 lui              x13, 0x1a10f000     x13=1a10f000
20801588ns          348187 1c00afbe 0ff57513 andi             x10, x10, 255       x10=00000063 x10:00000063
20801608ns          348188 1c00afc2 00d70733 add              x14, x14, x13       x14=1a10f018 x14:00000018 x13:1a10f000
20801628ns          348189 1c00afc4 00a7e723 p.sw             x10, x0(x15)        x10:00000063 x15:00000000  PA:1a10f018
20801946ns          348205 1c00afc8 00000513 addi             x10, x0, 0          x10=00000000
20801966ns          348206 1c00afca 00008067 jalr             x0, x1, 0            x1:1c00b072
20802025ns          348209 1c00b072 31f52563 p.beqimm         x10, 778            x10:00000000
20802045ns          348210 1c00b076 001d8d93 addi             x27, x27, 1         x27=00000022 x27:00000021
20802065ns          348211 1c00b078 00044503 lbu              x10, 0(x8)          x10=0000006f  x8:1c000057  PA:1c000057
20802363ns          348226 1c00b07c 00140413 addi             x8, x8, 1            x8=1c000058  x8:1c000057
20802383ns          348227 1c00b07e fe0514e3 bne              x10, x0, -24        x10:0000006f
20802463ns          348231 1c00b066 02500793 addi             x15, x0, 37         x15=00000025
20802483ns          348232 1c00b06a 04f50863 beq              x10, x15, 80        x10:0000006f x15:00000025
20802503ns          348233 1c00b06e 01a005b3 add              x11, x0, x26        x11=00000002 x26:00000002
20802523ns          348234 1c00b070 000b00e7 jalr             x1, x22, 0           x1=1c00b072 x22:1c00afa4
20802562ns          348236 1c00afa4 000026b7 lui              x13, 0x2000         x13=00002000
20802582ns          348237 1c00afa6 f14027f3 csrrs            x15, x0, 0xf14      x15=00000003
20802602ns          348238 1c00afaa f8068693 addi             x13, x13, -128      x13=00001f80 x13:00002000
20802622ns          348239 1c00afae 00379713 slli             x14, x15, 0x3       x14=00000018 x15:00000003
20802642ns          348240 1c00afb2 00279793 slli             x15, x15, 0x2       x15=0000000c x15:00000003
20802662ns          348241 1c00afb4 00d7f7b3 and              x15, x15, x13       x15=00000000 x15:0000000c x13:00001f80
20802682ns          348242 1c00afb6 ee873733 p.bclr           x14, x14, 23, 8     x14=00000018 x14:00000018
20802702ns          348243 1c00afba 1a10f6b7 lui              x13, 0x1a10f000     x13=1a10f000
20802722ns          348244 1c00afbe 0ff57513 andi             x10, x10, 255       x10=0000006f x10:0000006f
20802741ns          348245 1c00afc2 00d70733 add              x14, x14, x13       x14=1a10f018 x14:00000018 x13:1a10f000
20802761ns          348246 1c00afc4 00a7e723 p.sw             x10, x0(x15)        x10:0000006f x15:00000000  PA:1a10f018
20803080ns          348262 1c00afc8 00000513 addi             x10, x0, 0          x10=00000000
20803099ns          348263 1c00afca 00008067 jalr             x0, x1, 0            x1:1c00b072
20803159ns          348266 1c00b072 31f52563 p.beqimm         x10, 778            x10:00000000
20803179ns          348267 1c00b076 001d8d93 addi             x27, x27, 1         x27=00000023 x27:00000022
20803199ns          348268 1c00b078 00044503 lbu              x10, 0(x8)          x10=00000072  x8:1c000058  PA:1c000058
20803497ns          348283 1c00b07c 00140413 addi             x8, x8, 1            x8=1c000059  x8:1c000058
20803517ns          348284 1c00b07e fe0514e3 bne              x10, x0, -24        x10:00000072
20803597ns          348288 1c00b066 02500793 addi             x15, x0, 37         x15=00000025
20803617ns          348289 1c00b06a 04f50863 beq              x10, x15, 80        x10:00000072 x15:00000025
20803637ns          348290 1c00b06e 01a005b3 add              x11, x0, x26        x11=00000002 x26:00000002
20803656ns          348291 1c00b070 000b00e7 jalr             x1, x22, 0           x1=1c00b072 x22:1c00afa4
20803696ns          348293 1c00afa4 000026b7 lui              x13, 0x2000         x13=00002000
20803716ns          348294 1c00afa6 f14027f3 csrrs            x15, x0, 0xf14      x15=00000003
20803736ns          348295 1c00afaa f8068693 addi             x13, x13, -128      x13=00001f80 x13:00002000
20803756ns          348296 1c00afae 00379713 slli             x14, x15, 0x3       x14=00000018 x15:00000003
20803776ns          348297 1c00afb2 00279793 slli             x15, x15, 0x2       x15=0000000c x15:00000003
20803796ns          348298 1c00afb4 00d7f7b3 and              x15, x15, x13       x15=00000000 x15:0000000c x13:00001f80
20803816ns          348299 1c00afb6 ee873733 p.bclr           x14, x14, 23, 8     x14=00000018 x14:00000018
20803835ns          348300 1c00afba 1a10f6b7 lui              x13, 0x1a10f000     x13=1a10f000
20803855ns          348301 1c00afbe 0ff57513 andi             x10, x10, 255       x10=00000072 x10:00000072
20803875ns          348302 1c00afc2 00d70733 add              x14, x14, x13       x14=1a10f018 x14:00000018 x13:1a10f000
20803895ns          348303 1c00afc4 00a7e723 p.sw             x10, x0(x15)        x10:00000072 x15:00000000  PA:1a10f018
20804233ns          348320 1c00afc8 00000513 addi             x10, x0, 0          x10=00000000
20804253ns          348321 1c00afca 00008067 jalr             x0, x1, 0            x1:1c00b072
20804313ns          348324 1c00b072 31f52563 p.beqimm         x10, 778            x10:00000000
20804333ns          348325 1c00b076 001d8d93 addi             x27, x27, 1         x27=00000024 x27:00000023
20804353ns          348326 1c00b078 00044503 lbu              x10, 0(x8)          x10=00000065  x8:1c000059  PA:1c000059
20804671ns          348342 1c00b07c 00140413 addi             x8, x8, 1            x8=1c00005a  x8:1c000059
20804691ns          348343 1c00b07e fe0514e3 bne              x10, x0, -24        x10:00000065
20804770ns          348347 1c00b066 02500793 addi             x15, x0, 37         x15=00000025
20804790ns          348348 1c00b06a 04f50863 beq              x10, x15, 80        x10:00000065 x15:00000025
20804810ns          348349 1c00b06e 01a005b3 add              x11, x0, x26        x11=00000002 x26:00000002
20804830ns          348350 1c00b070 000b00e7 jalr             x1, x22, 0           x1=1c00b072 x22:1c00afa4
20804870ns          348352 1c00afa4 000026b7 lui              x13, 0x2000         x13=00002000
20804890ns          348353 1c00afa6 f14027f3 csrrs            x15, x0, 0xf14      x15=00000003
20804910ns          348354 1c00afaa f8068693 addi             x13, x13, -128      x13=00001f80 x13:00002000
20804929ns          348355 1c00afae 00379713 slli             x14, x15, 0x3       x14=00000018 x15:00000003
20804949ns          348356 1c00afb2 00279793 slli             x15, x15, 0x2       x15=0000000c x15:00000003
20804969ns          348357 1c00afb4 00d7f7b3 and              x15, x15, x13       x15=00000000 x15:0000000c x13:00001f80
20804989ns          348358 1c00afb6 ee873733 p.bclr           x14, x14, 23, 8     x14=00000018 x14:00000018
20805009ns          348359 1c00afba 1a10f6b7 lui              x13, 0x1a10f000     x13=1a10f000
20805029ns          348360 1c00afbe 0ff57513 andi             x10, x10, 255       x10=00000065 x10:00000065
20805049ns          348361 1c00afc2 00d70733 add              x14, x14, x13       x14=1a10f018 x14:00000018 x13:1a10f000
20805069ns          348362 1c00afc4 00a7e723 p.sw             x10, x0(x15)        x10:00000065 x15:00000000  PA:1a10f018
20805387ns          348378 1c00afc8 00000513 addi             x10, x0, 0          x10=00000000
20805407ns          348379 1c00afca 00008067 jalr             x0, x1, 0            x1:1c00b072
20805466ns          348382 1c00b072 31f52563 p.beqimm         x10, 778            x10:00000000
20805486ns          348383 1c00b076 001d8d93 addi             x27, x27, 1         x27=00000025 x27:00000024
20805506ns          348384 1c00b078 00044503 lbu              x10, 0(x8)          x10=00000069  x8:1c00005a  PA:1c00005a
20805805ns          348399 1c00b07c 00140413 addi             x8, x8, 1            x8=1c00005b  x8:1c00005a
20805824ns          348400 1c00b07e fe0514e3 bne              x10, x0, -24        x10:00000069
20805904ns          348404 1c00b066 02500793 addi             x15, x0, 37         x15=00000025
20805924ns          348405 1c00b06a 04f50863 beq              x10, x15, 80        x10:00000069 x15:00000025
20805944ns          348406 1c00b06e 01a005b3 add              x11, x0, x26        x11=00000002 x26:00000002
20805964ns          348407 1c00b070 000b00e7 jalr             x1, x22, 0           x1=1c00b072 x22:1c00afa4
20806004ns          348409 1c00afa4 000026b7 lui              x13, 0x2000         x13=00002000
20806023ns          348410 1c00afa6 f14027f3 csrrs            x15, x0, 0xf14      x15=00000003
20806043ns          348411 1c00afaa f8068693 addi             x13, x13, -128      x13=00001f80 x13:00002000
20806063ns          348412 1c00afae 00379713 slli             x14, x15, 0x3       x14=00000018 x15:00000003
20806083ns          348413 1c00afb2 00279793 slli             x15, x15, 0x2       x15=0000000c x15:00000003
20806103ns          348414 1c00afb4 00d7f7b3 and              x15, x15, x13       x15=00000000 x15:0000000c x13:00001f80
20806123ns          348415 1c00afb6 ee873733 p.bclr           x14, x14, 23, 8     x14=00000018 x14:00000018
20806143ns          348416 1c00afba 1a10f6b7 lui              x13, 0x1a10f000     x13=1a10f000
20806163ns          348417 1c00afbe 0ff57513 andi             x10, x10, 255       x10=00000069 x10:00000069
20806183ns          348418 1c00afc2 00d70733 add              x14, x14, x13       x14=1a10f018 x14:00000018 x13:1a10f000
20806202ns          348419 1c00afc4 00a7e723 p.sw             x10, x0(x15)        x10:00000069 x15:00000000  PA:1a10f018
20806521ns          348435 1c00afc8 00000513 addi             x10, x0, 0          x10=00000000
20806541ns          348436 1c00afca 00008067 jalr             x0, x1, 0            x1:1c00b072
20806600ns          348439 1c00b072 31f52563 p.beqimm         x10, 778            x10:00000000
20806620ns          348440 1c00b076 001d8d93 addi             x27, x27, 1         x27=00000026 x27:00000025
20806640ns          348441 1c00b078 00044503 lbu              x10, 0(x8)          x10=00000064  x8:1c00005b  PA:1c00005b
20806938ns          348456 1c00b07c 00140413 addi             x8, x8, 1            x8=1c00005c  x8:1c00005b
20806958ns          348457 1c00b07e fe0514e3 bne              x10, x0, -24        x10:00000064
20807038ns          348461 1c00b066 02500793 addi             x15, x0, 37         x15=00000025
20807058ns          348462 1c00b06a 04f50863 beq              x10, x15, 80        x10:00000064 x15:00000025
20807078ns          348463 1c00b06e 01a005b3 add              x11, x0, x26        x11=00000002 x26:00000002
20807097ns          348464 1c00b070 000b00e7 jalr             x1, x22, 0           x1=1c00b072 x22:1c00afa4
20807137ns          348466 1c00afa4 000026b7 lui              x13, 0x2000         x13=00002000
20807157ns          348467 1c00afa6 f14027f3 csrrs            x15, x0, 0xf14      x15=00000003
20807177ns          348468 1c00afaa f8068693 addi             x13, x13, -128      x13=00001f80 x13:00002000
20807197ns          348469 1c00afae 00379713 slli             x14, x15, 0x3       x14=00000018 x15:00000003
20807217ns          348470 1c00afb2 00279793 slli             x15, x15, 0x2       x15=0000000c x15:00000003
20807237ns          348471 1c00afb4 00d7f7b3 and              x15, x15, x13       x15=00000000 x15:0000000c x13:00001f80
20807257ns          348472 1c00afb6 ee873733 p.bclr           x14, x14, 23, 8     x14=00000018 x14:00000018
20807277ns          348473 1c00afba 1a10f6b7 lui              x13, 0x1a10f000     x13=1a10f000
20807296ns          348474 1c00afbe 0ff57513 andi             x10, x10, 255       x10=00000064 x10:00000064
20807316ns          348475 1c00afc2 00d70733 add              x14, x14, x13       x14=1a10f018 x14:00000018 x13:1a10f000
20807336ns          348476 1c00afc4 00a7e723 p.sw             x10, x0(x15)        x10:00000064 x15:00000000  PA:1a10f018
20807654ns          348492 1c00afc8 00000513 addi             x10, x0, 0          x10=00000000
20807674ns          348493 1c00afca 00008067 jalr             x0, x1, 0            x1:1c00b072
20807734ns          348496 1c00b072 31f52563 p.beqimm         x10, 778            x10:00000000
20807754ns          348497 1c00b076 001d8d93 addi             x27, x27, 1         x27=00000027 x27:00000026
20807774ns          348498 1c00b078 00044503 lbu              x10, 0(x8)          x10=00000020  x8:1c00005c  PA:1c00005c
20808072ns          348513 1c00b07c 00140413 addi             x8, x8, 1            x8=1c00005d  x8:1c00005c
20808092ns          348514 1c00b07e fe0514e3 bne              x10, x0, -24        x10:00000020
20808172ns          348518 1c00b066 02500793 addi             x15, x0, 37         x15=00000025
20808191ns          348519 1c00b06a 04f50863 beq              x10, x15, 80        x10:00000020 x15:00000025
20808211ns          348520 1c00b06e 01a005b3 add              x11, x0, x26        x11=00000002 x26:00000002
20808231ns          348521 1c00b070 000b00e7 jalr             x1, x22, 0           x1=1c00b072 x22:1c00afa4
20808271ns          348523 1c00afa4 000026b7 lui              x13, 0x2000         x13=00002000
20808291ns          348524 1c00afa6 f14027f3 csrrs            x15, x0, 0xf14      x15=00000003
20808311ns          348525 1c00afaa f8068693 addi             x13, x13, -128      x13=00001f80 x13:00002000
20808331ns          348526 1c00afae 00379713 slli             x14, x15, 0x3       x14=00000018 x15:00000003
20808351ns          348527 1c00afb2 00279793 slli             x15, x15, 0x2       x15=0000000c x15:00000003
20808371ns          348528 1c00afb4 00d7f7b3 and              x15, x15, x13       x15=00000000 x15:0000000c x13:00001f80
20808390ns          348529 1c00afb6 ee873733 p.bclr           x14, x14, 23, 8     x14=00000018 x14:00000018
20808410ns          348530 1c00afba 1a10f6b7 lui              x13, 0x1a10f000     x13=1a10f000
20808430ns          348531 1c00afbe 0ff57513 andi             x10, x10, 255       x10=00000020 x10:00000020
20808450ns          348532 1c00afc2 00d70733 add              x14, x14, x13       x14=1a10f018 x14:00000018 x13:1a10f000
20808470ns          348533 1c00afc4 00a7e723 p.sw             x10, x0(x15)        x10:00000020 x15:00000000  PA:1a10f018
20808808ns          348550 1c00afc8 00000513 addi             x10, x0, 0          x10=00000000
20808828ns          348551 1c00afca 00008067 jalr             x0, x1, 0            x1:1c00b072
20808888ns          348554 1c00b072 31f52563 p.beqimm         x10, 778            x10:00000000
20808908ns          348555 1c00b076 001d8d93 addi             x27, x27, 1         x27=00000028 x27:00000027
20808927ns          348556 1c00b078 00044503 lbu              x10, 0(x8)          x10=0000003d  x8:1c00005d  PA:1c00005d
20809226ns          348571 1c00b07c 00140413 addi             x8, x8, 1            x8=1c00005e  x8:1c00005d
20809246ns          348572 1c00b07e fe0514e3 bne              x10, x0, -24        x10:0000003d
20809325ns          348576 1c00b066 02500793 addi             x15, x0, 37         x15=00000025
20809345ns          348577 1c00b06a 04f50863 beq              x10, x15, 80        x10:0000003d x15:00000025
20809365ns          348578 1c00b06e 01a005b3 add              x11, x0, x26        x11=00000002 x26:00000002
20809385ns          348579 1c00b070 000b00e7 jalr             x1, x22, 0           x1=1c00b072 x22:1c00afa4
20809425ns          348581 1c00afa4 000026b7 lui              x13, 0x2000         x13=00002000
20809445ns          348582 1c00afa6 f14027f3 csrrs            x15, x0, 0xf14      x15=00000003
20809464ns          348583 1c00afaa f8068693 addi             x13, x13, -128      x13=00001f80 x13:00002000
20809484ns          348584 1c00afae 00379713 slli             x14, x15, 0x3       x14=00000018 x15:00000003
20809504ns          348585 1c00afb2 00279793 slli             x15, x15, 0x2       x15=0000000c x15:00000003
20809524ns          348586 1c00afb4 00d7f7b3 and              x15, x15, x13       x15=00000000 x15:0000000c x13:00001f80
20809544ns          348587 1c00afb6 ee873733 p.bclr           x14, x14, 23, 8     x14=00000018 x14:00000018
20809564ns          348588 1c00afba 1a10f6b7 lui              x13, 0x1a10f000     x13=1a10f000
20809584ns          348589 1c00afbe 0ff57513 andi             x10, x10, 255       x10=0000003d x10:0000003d
20809604ns          348590 1c00afc2 00d70733 add              x14, x14, x13       x14=1a10f018 x14:00000018 x13:1a10f000
20809624ns          348591 1c00afc4 00a7e723 p.sw             x10, x0(x15)        x10:0000003d x15:00000000  PA:1a10f018
20809942ns          348607 1c00afc8 00000513 addi             x10, x0, 0          x10=00000000
20809962ns          348608 1c00afca 00008067 jalr             x0, x1, 0            x1:1c00b072
20810021ns          348611 1c00b072 31f52563 p.beqimm         x10, 778            x10:00000000
20810041ns          348612 1c00b076 001d8d93 addi             x27, x27, 1         x27=00000029 x27:00000028
20810061ns          348613 1c00b078 00044503 lbu              x10, 0(x8)          x10=00000020  x8:1c00005e  PA:1c00005e
20810360ns          348628 1c00b07c 00140413 addi             x8, x8, 1            x8=1c00005f  x8:1c00005e
20810379ns          348629 1c00b07e fe0514e3 bne              x10, x0, -24        x10:00000020
20810459ns          348633 1c00b066 02500793 addi             x15, x0, 37         x15=00000025
20810479ns          348634 1c00b06a 04f50863 beq              x10, x15, 80        x10:00000020 x15:00000025
20810499ns          348635 1c00b06e 01a005b3 add              x11, x0, x26        x11=00000002 x26:00000002
20810519ns          348636 1c00b070 000b00e7 jalr             x1, x22, 0           x1=1c00b072 x22:1c00afa4
20810558ns          348638 1c00afa4 000026b7 lui              x13, 0x2000         x13=00002000
20810578ns          348639 1c00afa6 f14027f3 csrrs            x15, x0, 0xf14      x15=00000003
20810598ns          348640 1c00afaa f8068693 addi             x13, x13, -128      x13=00001f80 x13:00002000
20810618ns          348641 1c00afae 00379713 slli             x14, x15, 0x3       x14=00000018 x15:00000003
20810638ns          348642 1c00afb2 00279793 slli             x15, x15, 0x2       x15=0000000c x15:00000003
20810658ns          348643 1c00afb4 00d7f7b3 and              x15, x15, x13       x15=00000000 x15:0000000c x13:00001f80
20810678ns          348644 1c00afb6 ee873733 p.bclr           x14, x14, 23, 8     x14=00000018 x14:00000018
20810698ns          348645 1c00afba 1a10f6b7 lui              x13, 0x1a10f000     x13=1a10f000
20810718ns          348646 1c00afbe 0ff57513 andi             x10, x10, 255       x10=00000020 x10:00000020
20810738ns          348647 1c00afc2 00d70733 add              x14, x14, x13       x14=1a10f018 x14:00000018 x13:1a10f000
20810757ns          348648 1c00afc4 00a7e723 p.sw             x10, x0(x15)        x10:00000020 x15:00000000  PA:1a10f018
20811076ns          348664 1c00afc8 00000513 addi             x10, x0, 0          x10=00000000
20811096ns          348665 1c00afca 00008067 jalr             x0, x1, 0            x1:1c00b072
20811155ns          348668 1c00b072 31f52563 p.beqimm         x10, 778            x10:00000000
20811175ns          348669 1c00b076 001d8d93 addi             x27, x27, 1         x27=0000002a x27:00000029
20811195ns          348670 1c00b078 00044503 lbu              x10, 0(x8)          x10=00000025  x8:1c00005f  PA:1c00005f
20811493ns          348685 1c00b07c 00140413 addi             x8, x8, 1            x8=1c000060  x8:1c00005f
20811513ns          348686 1c00b07e fe0514e3 bne              x10, x0, -24        x10:00000025
20811593ns          348690 1c00b066 02500793 addi             x15, x0, 37         x15=00000025
20811613ns          348691 1c00b06a 04f50863 beq              x10, x15, 80        x10:00000025 x15:00000025
20811752ns          348698 1c00b0ba 00044483 lbu              x9, 0(x8)            x9=00000064  x8:1c000060  PA:1c000060
20812050ns          348713 1c00b0be 02000693 addi             x13, x0, 32         x13=00000020
20812070ns          348714 1c00b0c2 00140a93 addi             x21, x8, 1          x21=1c000061  x8:1c000060
20812090ns          348715 1c00b0c6 009005b3 add              x11, x0, x9         x11=00000064  x9:00000064
20812110ns          348716 1c00b0c8 0c8b8513 addi             x10, x23, 200       x10=1c0000c8 x23:1c000000
20812130ns          348717 1c00b0cc 00d12823 sw               x13, 16(x2)         x13:00000020  x2:10001d38  PA:10001d48
20812150ns          348718 1c00b0ce 00012c23 sw               x0, 24(x2)           x2:10001d38  PA:10001d50
20812170ns          348719 1c00b0d0 00012a23 sw               x0, 20(x2)           x2:10001d38  PA:10001d4c
20812190ns          348720 1c00b0d2 00012e23 sw               x0, 28(x2)           x2:10001d38  PA:10001d54
20812209ns          348721 1c00b0d4 00012623 sw               x0, 12(x2)           x2:10001d38  PA:10001d44
20812229ns          348722 1c00b0d6 02300913 addi             x18, x0, 35         x18=00000023
20812249ns          348723 1c00b0da 02d00a13 addi             x20, x0, 45         x20=0000002d
20812269ns          348724 1c00b0de 015009b3 add              x19, x0, x21        x19=1c000061 x21:1c000061
20812309ns          348726 1c00b0e0 e97ff0ef jal              x1, -362             x1=1c00b0e2
20812428ns          348732 1c00af76 00054783 lbu              x15, 0(x10)         x15=0000002d x10:1c0000c8  PA:1c0000c8
20812746ns          348748 1c00af7a 0ff5f593 andi             x11, x11, 255       x11=00000064 x11:00000064
20812766ns          348749 1c00af7e 00b78c63 beq              x15, x11, 24        x15:0000002d x11:00000064
20812786ns          348750 1c00af82 00078b63 beq              x15, x0, 22         x15:0000002d
20812806ns          348751 1c00af84 00150793 addi             x15, x10, 1         x15=1c0000c9 x10:1c0000c8
20812826ns          348752 1c00af88 0040006f jal              x0, 4              
20812925ns          348757 1c00af8c 00f00533 add              x10, x0, x15        x10=1c0000c9 x15:1c0000c9
20812945ns          348758 1c00af8e 0017c70b p.lbu            x14, 1(x15!)        x14=0000002b x15=1c0000ca x15:1c0000c9  PA:1c0000c9
20813264ns          348774 1c00af92 feb71ce3 bne              x14, x11, -8        x14:0000002b x11:00000064
20813323ns          348777 1c00af8a 00070763 beq              x14, x0, 14         x14:0000002b
20813343ns          348778 1c00af8c 00f00533 add              x10, x0, x15        x10=1c0000ca x15:1c0000ca
20813363ns          348779 1c00af8e 0017c70b p.lbu            x14, 1(x15!)        x14=00000020 x15=1c0000cb x15:1c0000ca  PA:1c0000ca
20813681ns          348795 1c00af92 feb71ce3 bne              x14, x11, -8        x14:00000020 x11:00000064
20813741ns          348798 1c00af8a 00070763 beq              x14, x0, 14         x14:00000020
20813761ns          348799 1c00af8c 00f00533 add              x10, x0, x15        x10=1c0000cb x15:1c0000cb
20813781ns          348800 1c00af8e 0017c70b p.lbu            x14, 1(x15!)        x14=00000023 x15=1c0000cc x15:1c0000cb  PA:1c0000cb
20814119ns          348817 1c00af92 feb71ce3 bne              x14, x11, -8        x14:00000023 x11:00000064
20814179ns          348820 1c00af8a 00070763 beq              x14, x0, 14         x14:00000023
20814198ns          348821 1c00af8c 00f00533 add              x10, x0, x15        x10=1c0000cc x15:1c0000cc
20814218ns          348822 1c00af8e 0017c70b p.lbu            x14, 1(x15!)        x14=00000030 x15=1c0000cd x15:1c0000cc  PA:1c0000cc
20814537ns          348838 1c00af92 feb71ce3 bne              x14, x11, -8        x14:00000030 x11:00000064
20814596ns          348841 1c00af8a 00070763 beq              x14, x0, 14         x14:00000030
20814616ns          348842 1c00af8c 00f00533 add              x10, x0, x15        x10=1c0000cd x15:1c0000cd
20814636ns          348843 1c00af8e 0017c70b p.lbu            x14, 1(x15!)        x14=00000000 x15=1c0000ce x15:1c0000cd  PA:1c0000cd
20814954ns          348859 1c00af92 feb71ce3 bne              x14, x11, -8        x14:00000000 x11:00000064
20815014ns          348862 1c00af8a 00070763 beq              x14, x0, 14         x14:00000000
20815074ns          348865 1c00af98 0015b593 sltiu            x11, x11, 1         x11=00000000 x11:00000064
20815094ns          348866 1c00af9c 40b005b3 sub              x11, x0, x11        x11=00000000 x11:00000000
20815113ns          348867 1c00afa0 00b57533 and              x10, x10, x11       x10=00000000 x10:1c0000cd x11:00000000
20815133ns          348868 1c00afa2 00008067 jalr             x0, x1, 0            x1:1c00b0e2
20815173ns          348870 1c00b0e2 02050a63 beq              x10, x0, 52         x10:00000000
20815253ns          348874 1c00b116 02a00613 addi             x12, x0, 42         x12=0000002a
20815273ns          348875 1c00b11a 2ac48663 beq              x9, x12, 684         x9:00000064 x12:0000002a
20815292ns          348876 1c00b11e fd048613 addi             x12, x9, -48        x12=00000034  x9:00000064
20815312ns          348877 1c00b122 00900593 addi             x11, x0, 9          x11=00000009
20815332ns          348878 1c00b124 00000913 addi             x18, x0, 0          x18=00000000
20815352ns          348879 1c00b126 28c5f063 bgeu             x11, x12, 640       x11:00000009 x12:00000034
20815372ns          348880 1c00b12a 02e00693 addi             x13, x0, 46         x13=0000002e
20815392ns          348881 1c00b12e fff00a13 addi             x20, x0, -1         x20=ffffffff
20815412ns          348882 1c00b130 2ed48363 beq              x9, x13, 742         x9:00000064 x13:0000002e
20815432ns          348883 1c00b134 1c0007b7 lui              x15, 0x1c000000     x15=1c000000
20815452ns          348884 1c00b138 009005b3 add              x11, x0, x9         x11=00000064  x9:00000064
20815472ns          348885 1c00b13a 0d078513 addi             x10, x15, 208       x10=1c0000d0 x15:1c000000
20815491ns          348886 1c00b13e e39ff0ef jal              x1, -456             x1=1c00b140
20815551ns          348889 1c00af76 00054783 lbu              x15, 0(x10)         x15=00000068 x10:1c0000d0  PA:1c0000d0
20815849ns          348904 1c00af7a 0ff5f593 andi             x11, x11, 255       x11=00000064 x11:00000064
20815869ns          348905 1c00af7e 00b78c63 beq              x15, x11, 24        x15:00000068 x11:00000064
20815889ns          348906 1c00af82 00078b63 beq              x15, x0, 22         x15:00000068
20815909ns          348907 1c00af84 00150793 addi             x15, x10, 1         x15=1c0000d1 x10:1c0000d0
20815929ns          348908 1c00af88 0040006f jal              x0, 4              
20815969ns          348910 1c00af8c 00f00533 add              x10, x0, x15        x10=1c0000d1 x15:1c0000d1
20815989ns          348911 1c00af8e 0017c70b p.lbu            x14, 1(x15!)        x14=0000006c x15=1c0000d2 x15:1c0000d1  PA:1c0000d1
20816307ns          348927 1c00af92 feb71ce3 bne              x14, x11, -8        x14:0000006c x11:00000064
20816367ns          348930 1c00af8a 00070763 beq              x14, x0, 14         x14:0000006c
20816386ns          348931 1c00af8c 00f00533 add              x10, x0, x15        x10=1c0000d2 x15:1c0000d2
20816406ns          348932 1c00af8e 0017c70b p.lbu            x14, 1(x15!)        x14=0000004c x15=1c0000d3 x15:1c0000d2  PA:1c0000d2
20816745ns          348949 1c00af92 feb71ce3 bne              x14, x11, -8        x14:0000004c x11:00000064
20816804ns          348952 1c00af8a 00070763 beq              x14, x0, 14         x14:0000004c
20816824ns          348953 1c00af8c 00f00533 add              x10, x0, x15        x10=1c0000d3 x15:1c0000d3
20816844ns          348954 1c00af8e 0017c70b p.lbu            x14, 1(x15!)        x14=0000007a x15=1c0000d4 x15:1c0000d3  PA:1c0000d3
20817162ns          348970 1c00af92 feb71ce3 bne              x14, x11, -8        x14:0000007a x11:00000064
20817222ns          348973 1c00af8a 00070763 beq              x14, x0, 14         x14:0000007a
20817242ns          348974 1c00af8c 00f00533 add              x10, x0, x15        x10=1c0000d4 x15:1c0000d4
20817262ns          348975 1c00af8e 0017c70b p.lbu            x14, 1(x15!)        x14=00000000 x15=1c0000d5 x15:1c0000d4  PA:1c0000d4
20817580ns          348991 1c00af92 feb71ce3 bne              x14, x11, -8        x14:00000000 x11:00000064
20817640ns          348994 1c00af8a 00070763 beq              x14, x0, 14         x14:00000000
20817699ns          348997 1c00af98 0015b593 sltiu            x11, x11, 1         x11=00000000 x11:00000064
20817719ns          348998 1c00af9c 40b005b3 sub              x11, x0, x11        x11=00000000 x11:00000000
20817739ns          348999 1c00afa0 00b57533 and              x10, x10, x11       x10=00000000 x10:1c0000d4 x11:00000000
20817759ns          349000 1c00afa2 00008067 jalr             x0, x1, 0            x1:1c00b140
20817799ns          349002 1c00b140 01300433 add              x8, x0, x19          x8=1c000061 x19:1c000061
20817819ns          349003 1c00b142 00050563 beq              x10, x0, 10         x10:00000000
20817878ns          349006 1c00b14c 06700693 addi             x13, x0, 103        x13=00000067
20817938ns          349009 1c00b150 2896d963 bge              x13, x9, 658        x13:00000067  x9:00000064
20818077ns          349016 1c00b3e2 06500693 addi             x13, x0, 101        x13=00000065
20818097ns          349017 1c00b3e6 12d4d563 bge              x9, x13, 298         x9:00000064 x13:00000065
20818117ns          349018 1c00b3ea 04700693 addi             x13, x0, 71         x13=00000047
20818137ns          349019 1c00b3ee dc96cbe3 blt              x13, x9, -554       x13:00000047  x9:00000064
20818236ns          349024 1c00b1c4 06300693 addi             x13, x0, 99         x13=00000063
20818276ns          349026 1c00b1c8 0ad488e3 beq              x9, x13, 2224        x9:00000064 x13:00000063
20818296ns          349027 1c00b1cc 0096c9e3 blt              x13, x9, 2066       x13:00000063  x9:00000064
20818475ns          349036 1c00b9de 000c2583 lw               x11, 0(x24)         x11=00000003 x24:10001e90  PA:10001e90
20818495ns          349037 1c00b9e2 004c0c13 addi             x24, x24, 4         x24=10001e94 x24:10001e90
20818515ns          349038 1c00b9e4 3405cc63 blt              x11, x0, 856        x11:00000003
20818535ns          349039 1c00b9e8 01412603 lw               x12, 20(x2)         x12=00000000  x2:10001d38  PA:10001d4c
20818555ns          349040 1c00b9ea 00b006b3 add              x13, x0, x11        x13=00000003 x11:00000003
20818574ns          349041 1c00b9ec 2e061863 bne              x12, x0, 752        x12:00000000
20818594ns          349042 1c00b9f0 01812703 lw               x14, 24(x2)         x14=00000000  x2:10001d38  PA:10001d50
20818614ns          349043 1c00b9f2 019007b3 add              x15, x0, x25        x15=10001d5c x25:10001d5c
20818634ns          349044 1c00b9f4 00070763 beq              x14, x0, 14         x14:00000000
20818694ns          349047 1c00ba02 00f00733 add              x14, x0, x15        x14=10001d5c x15:10001d5c
20818714ns          349048 1c00ba04 00a00513 addi             x10, x0, 10         x10=0000000a
20818734ns          349049 1c00ba06 02a6f633 remu             x12, x13, x10       x12=00000003 x13:00000003 x10:0000000a
20819350ns          349080 1c00ba0a 02a6d6b3 divu             x13, x13, x10       x13=00000000 x13:00000003 x10:0000000a
20819967ns          349111 1c00ba0e 03060613 addi             x12, x12, 48        x12=00000033 x12:00000003
20819987ns          349112 1c00ba12 00c700ab p.sb             x12, 1(x14!)        x14=10001d5d x12:00000033 x14:10001d5c  PA:10001d5c
20820007ns          349113 1c00ba16 fe0698e3 bne              x13, x0, -16        x13:00000000
20820026ns          349114 1c00ba18 40f706b3 sub              x13, x14, x15       x13=00000001 x14:10001d5d x15:10001d5c
20820046ns          349115 1c00ba1c 0146dc63 bge              x13, x20, 24        x13:00000001 x20:ffffffff
20820166ns          349121 1c00ba34 00e006b3 add              x13, x0, x14        x13=10001d5d x14:10001d5d
20820206ns          349123 1c00ba36 fe068fab p.sb             x0, -1(x13!)        x13=10001d5c x13:10001d5d  PA:10001d5d
20820225ns          349124 1c00ba3a 00d7fc63 bgeu             x15, x13, 24        x15:10001d5c x13:10001d5c
20820365ns          349131 1c00ba52 01412783 lw               x15, 20(x2)         x15=00000000  x2:10001d38  PA:10001d4c
20820404ns          349133 1c00ba54 01812603 lw               x12, 24(x2)         x12=00000000  x2:10001d38  PA:10001d50
20820424ns          349134 1c00ba56 419704b3 sub              x9, x14, x25         x9=00000001 x14:10001d5d x25:10001d5c
20820444ns          349135 1c00ba5a 00c7e7b3 or               x15, x15, x12       x15=00000000 x15:00000000 x12:00000000
20820464ns          349136 1c00ba5c 00f12623 sw               x15, 12(x2)         x15:00000000  x2:10001d38  PA:10001d44
20820484ns          349137 1c00ba5e 00079363 bne              x15, x0, 6          x15:00000000
20820504ns          349138 1c00ba60 01f5d593 srli             x11, x11, 0x1f      x11=00000000 x11:00000003
20820524ns          349139 1c00ba62 00b12623 sw               x11, 12(x2)         x11:00000000  x2:10001d38  PA:10001d44
20820544ns          349140 1c00ba64 e3fa28e3 p.beqimm         x20, -464           x20:ffffffff
20820902ns          349158 1c00b894 0c800793 addi             x15, x0, 200        x15=000000c8
20820922ns          349159 1c00b898 9e97d0e3 bge              x15, x9, -1568      x15:000000c8  x9:00000001
20821459ns          349186 1c00b278 0f24d163 bge              x9, x18, 226         x9:00000001 x18:00000000
20821598ns          349193 1c00b35a d00482e3 beq              x9, x0, -764         x9:00000001
20821618ns          349194 1c00b35e 01900933 add              x18, x0, x25        x18=10001d5c x25:10001d5c
20821658ns          349196 1c00b360 419d8db3 sub              x27, x27, x25       x27=efffe2ce x27:0000002a x25:10001d5c
20821697ns          349198 1c00b364 00a0006f jal              x0, 10             
20821797ns          349203 1c00b36e 0019450b p.lbu            x10, 1(x18!)        x10=00000033 x18=10001d5d x18:10001d5c  PA:10001d5c
20821817ns          349204 1c00b372 01a005b3 add              x11, x0, x26        x11=00000002 x26:00000002
20821837ns          349205 1c00b374 000b00e7 jalr             x1, x22, 0           x1=1c00b376 x22:1c00afa4
20821876ns          349207 1c00afa4 000026b7 lui              x13, 0x2000         x13=00002000
20821896ns          349208 1c00afa6 f14027f3 csrrs            x15, x0, 0xf14      x15=00000003
20821916ns          349209 1c00afaa f8068693 addi             x13, x13, -128      x13=00001f80 x13:00002000
20821936ns          349210 1c00afae 00379713 slli             x14, x15, 0x3       x14=00000018 x15:00000003
20821956ns          349211 1c00afb2 00279793 slli             x15, x15, 0x2       x15=0000000c x15:00000003
20821976ns          349212 1c00afb4 00d7f7b3 and              x15, x15, x13       x15=00000000 x15:0000000c x13:00001f80
20821996ns          349213 1c00afb6 ee873733 p.bclr           x14, x14, 23, 8     x14=00000018 x14:00000018
20822016ns          349214 1c00afba 1a10f6b7 lui              x13, 0x1a10f000     x13=1a10f000
20822035ns          349215 1c00afbe 0ff57513 andi             x10, x10, 255       x10=00000033 x10:00000033
20822055ns          349216 1c00afc2 00d70733 add              x14, x14, x13       x14=1a10f018 x14:00000018 x13:1a10f000
20822075ns          349217 1c00afc4 00a7e723 p.sw             x10, x0(x15)        x10:00000033 x15:00000000  PA:1a10f018
20822533ns          349240 1c00afc8 00000513 addi             x10, x0, 0          x10=00000000
20822553ns          349241 1c00afca 00008067 jalr             x0, x1, 0            x1:1c00b376
20822592ns          349243 1c00b376 fff48493 addi             x9, x9, -1           x9=00000000  x9:00000001
20822612ns          349244 1c00b378 fff537e3 p.bneimm         x10, -18            x10:00000000
20822692ns          349248 1c00b366 012d8733 add              x14, x27, x18       x14=0000002b x27:efffe2ce x18:10001d5d
20822712ns          349249 1c00b36a 5a048b63 beq              x9, x0, 1462         x9:00000000
20822811ns          349254 1c00b920 00e00db3 add              x27, x0, x14        x27=0000002b x14:0000002b
20822851ns          349256 1c00b922 f3cff06f jal              x0, -2244          
20823010ns          349264 1c00b05e 00044503 lbu              x10, 0(x8)          x10=00000029  x8:1c000061  PA:1c000061
20823328ns          349280 1c00b062 00140413 addi             x8, x8, 1            x8=1c000062  x8:1c000061
20823348ns          349281 1c00b064 00050e63 beq              x10, x0, 28         x10:00000029
20823368ns          349282 1c00b066 02500793 addi             x15, x0, 37         x15=00000025
20823388ns          349283 1c00b06a 04f50863 beq              x10, x15, 80        x10:00000029 x15:00000025
20823408ns          349284 1c00b06e 01a005b3 add              x11, x0, x26        x11=00000002 x26:00000002
20823428ns          349285 1c00b070 000b00e7 jalr             x1, x22, 0           x1=1c00b072 x22:1c00afa4
20823468ns          349287 1c00afa4 000026b7 lui              x13, 0x2000         x13=00002000
20823487ns          349288 1c00afa6 f14027f3 csrrs            x15, x0, 0xf14      x15=00000003
20823507ns          349289 1c00afaa f8068693 addi             x13, x13, -128      x13=00001f80 x13:00002000
20823527ns          349290 1c00afae 00379713 slli             x14, x15, 0x3       x14=00000018 x15:00000003
20823547ns          349291 1c00afb2 00279793 slli             x15, x15, 0x2       x15=0000000c x15:00000003
20823567ns          349292 1c00afb4 00d7f7b3 and              x15, x15, x13       x15=00000000 x15:0000000c x13:00001f80
20823587ns          349293 1c00afb6 ee873733 p.bclr           x14, x14, 23, 8     x14=00000018 x14:00000018
20823607ns          349294 1c00afba 1a10f6b7 lui              x13, 0x1a10f000     x13=1a10f000
20823627ns          349295 1c00afbe 0ff57513 andi             x10, x10, 255       x10=00000029 x10:00000029
20823647ns          349296 1c00afc2 00d70733 add              x14, x14, x13       x14=1a10f018 x14:00000018 x13:1a10f000
20823666ns          349297 1c00afc4 00a7e723 p.sw             x10, x0(x15)        x10:00000029 x15:00000000  PA:1a10f018
20823985ns          349313 1c00afc8 00000513 addi             x10, x0, 0          x10=00000000
20824005ns          349314 1c00afca 00008067 jalr             x0, x1, 0            x1:1c00b072
20824064ns          349317 1c00b072 31f52563 p.beqimm         x10, 778            x10:00000000
20824084ns          349318 1c00b076 001d8d93 addi             x27, x27, 1         x27=0000002c x27:0000002b
20824104ns          349319 1c00b078 00044503 lbu              x10, 0(x8)          x10=0000000a  x8:1c000062  PA:1c000062
20824402ns          349334 1c00b07c 00140413 addi             x8, x8, 1            x8=1c000063  x8:1c000062
20824422ns          349335 1c00b07e fe0514e3 bne              x10, x0, -24        x10:0000000a
20824502ns          349339 1c00b066 02500793 addi             x15, x0, 37         x15=00000025
20824522ns          349340 1c00b06a 04f50863 beq              x10, x15, 80        x10:0000000a x15:00000025
20824542ns          349341 1c00b06e 01a005b3 add              x11, x0, x26        x11=00000002 x26:00000002
20824562ns          349342 1c00b070 000b00e7 jalr             x1, x22, 0           x1=1c00b072 x22:1c00afa4
20824601ns          349344 1c00afa4 000026b7 lui              x13, 0x2000         x13=00002000
20824621ns          349345 1c00afa6 f14027f3 csrrs            x15, x0, 0xf14      x15=00000003
20824641ns          349346 1c00afaa f8068693 addi             x13, x13, -128      x13=00001f80 x13:00002000
20824661ns          349347 1c00afae 00379713 slli             x14, x15, 0x3       x14=00000018 x15:00000003
20824681ns          349348 1c00afb2 00279793 slli             x15, x15, 0x2       x15=0000000c x15:00000003
20824701ns          349349 1c00afb4 00d7f7b3 and              x15, x15, x13       x15=00000000 x15:0000000c x13:00001f80
20824721ns          349350 1c00afb6 ee873733 p.bclr           x14, x14, 23, 8     x14=00000018 x14:00000018
20824741ns          349351 1c00afba 1a10f6b7 lui              x13, 0x1a10f000     x13=1a10f000
20824760ns          349352 1c00afbe 0ff57513 andi             x10, x10, 255       x10=0000000a x10:0000000a
20824780ns          349353 1c00afc2 00d70733 add              x14, x14, x13       x14=1a10f018 x14:00000018 x13:1a10f000
20824800ns          349354 1c00afc4 00a7e723 p.sw             x10, x0(x15)        x10:0000000a x15:00000000  PA:1a10f018
20825119ns          349370 1c00afc8 00000513 addi             x10, x0, 0          x10=00000000
20825138ns          349371 1c00afca 00008067 jalr             x0, x1, 0            x1:1c00b072
20825198ns          349374 1c00b072 31f52563 p.beqimm         x10, 778            x10:00000000
20825218ns          349375 1c00b076 001d8d93 addi             x27, x27, 1         x27=0000002d x27:0000002c
20825238ns          349376 1c00b078 00044503 lbu              x10, 0(x8)          x10=00000000  x8:1c000063  PA:1c000063
20825536ns          349391 1c00b07c 00140413 addi             x8, x8, 1            x8=1c000064  x8:1c000063
20825556ns          349392 1c00b07e fe0514e3 bne              x10, x0, -24        x10:00000000
20825576ns          349393 1c00b080 01b00433 add              x8, x0, x27          x8=0000002d x27:0000002d
20825596ns          349394 1c00b082 00800533 add              x10, x0, x8         x10=0000002d  x8:0000002d
20825616ns          349395 1c00b084 12c12083 lw               x1, 300(x2)          x1=1c00b010  x2:10001d38  PA:10001e64
20825636ns          349396 1c00b088 12812403 lw               x8, 296(x2)          x8=00000003  x2:10001d38  PA:10001e60
20825656ns          349397 1c00b08c 12412483 lw               x9, 292(x2)          x9=xxxxxxxx  x2:10001d38  PA:10001e5c
20825914ns          349410 1c00b090 12012903 lw               x18, 288(x2)        x18=xxxxxxxx  x2:10001d38  PA:10001e58
20825954ns          349412 1c00b094 11c12983 lw               x19, 284(x2)        x19=xxxxxxxx  x2:10001d38  PA:10001e54
20825974ns          349413 1c00b098 11812a03 lw               x20, 280(x2)        x20=xxxxxxxx  x2:10001d38  PA:10001e50
20825994ns          349414 1c00b09c 11412a83 lw               x21, 276(x2)        x21=xxxxxxxx  x2:10001d38  PA:10001e4c
20826431ns          349436 1c00b0a0 11012b03 lw               x22, 272(x2)        x22=xxxxxxxx  x2:10001d38  PA:10001e48
20826471ns          349438 1c00b0a4 10c12b83 lw               x23, 268(x2)        x23=xxxxxxxx  x2:10001d38  PA:10001e44
20826491ns          349439 1c00b0a8 10812c03 lw               x24, 264(x2)        x24=xxxxxxxx  x2:10001d38  PA:10001e40
20826511ns          349440 1c00b0ac 10412c83 lw               x25, 260(x2)        x25=xxxxxxxx  x2:10001d38  PA:10001e3c
20826531ns          349441 1c00b0b0 10012d03 lw               x26, 256(x2)        x26=xxxxxxxx  x2:10001d38  PA:10001e38
20826551ns          349442 1c00b0b4 0fc12d83 lw               x27, 252(x2)        x27=xxxxxxxx  x2:10001d38  PA:10001e34
20826571ns          349443 1c00b0b6 13010113 addi             x2, x2, 304          x2=10001e68  x2:10001d38
20826590ns          349444 1c00b0b8 00008067 jalr             x0, x1, 0            x1:1c00b010
20826670ns          349448 1c00b010 01c12083 lw               x1, 28(x2)           x1=1c00a8b4  x2:10001e68  PA:10001e84
20826690ns          349449 1c00b012 04010113 addi             x2, x2, 64           x2=10001ea8  x2:10001e68
20826730ns          349451 1c00b014 00008067 jalr             x0, x1, 0            x1:1c00a8b4
20827187ns          349474 1c00a8b4 00300793 addi             x15, x0, 3          x15=00000003
20827227ns          349476 1c00a8b6 0087f463 bgeu             x15, x8, 8          x15:00000003  x8:00000003
20827744ns          349502 1c00a8be 2e1010ef jal              x1, 6880             x1=1c00a8c2
20828659ns          349548 1c00c39e f14027f3 csrrs            x15, x0, 0xf14      x15=00000003
20828679ns          349549 1c00c3a2 01f00713 addi             x14, x0, 31         x14=0000001f
20828699ns          349550 1c00c3a4 ca5797b3 p.extractu       x15, x15, 5, 5      x15=00000000 x15:00000003
20828719ns          349551 1c00c3a8 00e78863 beq              x15, x14, 16        x15:00000000 x14:0000001f
20828739ns          349552 1c00c3ac 002047b7 lui              x15, 0x204000       x15=00204000
20829176ns          349574 1c00c3b0 20078793 addi             x15, x15, 512       x15=00204200 x15:00204000
20829216ns          349576 1c00c3b4 01c7e703 p.elw            x14, 28(x15)        x14=00010000 x15:00204200  PA:0020421c
20829335ns          349582 1c00c3b8 00008067 jalr             x0, x1, 0            x1:1c00a8c2
20829813ns          349606 1c00a8c2 f14027f3 csrrs            x15, x0, 0xf14      x15=00000003
20829833ns          349607 1c00a8c6 f457b7b3 p.bclr           x15, x15, 26, 5     x15=00000003 x15:00000003
20829853ns          349608 1c00a8ca 02079063 bne              x15, x0, 32         x15:00000003
20830867ns          349659 1c00a8ea 1c0104b7 lui              x9, 0x1c010000       x9=1c010000
20830887ns          349660 1c00a8ee 01900793 addi             x15, x0, 25         x15=00000019
20831305ns          349681 1c00a8f0 00048493 addi             x9, x9, 0            x9=1c010000  x9:1c010000
20831344ns          349683 1c00a8f4 02f407b3 mul              x15, x8, x15        x15=0000004b  x8:00000003 x15:00000019
20831364ns          349684 1c00a8f8 00279793 slli             x15, x15, 0x2       x15=0000012c x15:0000004b
20831384ns          349685 1c00a8fa 07810913 addi             x18, x2, 120        x18=10001f20  x2:10001ea8
20831822ns          349707 1c00a8fe 06048513 addi             x10, x9, 96         x10=1c010060  x9:1c010000
20831842ns          349708 1c00a902 00f50533 add              x10, x10, x15       x10=1c01018c x10:1c010060 x15:0000012c
20831861ns          349709 1c00a904 01410693 addi             x13, x2, 20         x13=10001ebc  x2:10001ea8
20831881ns          349710 1c00a906 00200633 add              x12, x0, x2         x12=10001ea8  x2:10001ea8
20831901ns          349711 1c00a908 012005b3 add              x11, x0, x18        x11=10001f20 x18:10001f20
20831921ns          349712 1c00a90a 835fd0ef jal              x1, -10188           x1=1c00a90e
20832816ns          349757 1c00813e ef010113 addi             x2, x2, -272         x2=10001d98  x2:10001ea8
20833274ns          349780 1c008140 07c10813 addi             x16, x2, 124        x16=10001e14  x2:10001d98
20833314ns          349782 1c008144 0f912423 sw               x25, 232(x2)        x25:xxxxxxxx  x2:10001d98  PA:10001e80
20833333ns          349783 1c008146 0fa12223 sw               x26, 228(x2)        x26:xxxxxxxx  x2:10001d98  PA:10001e7c
20833353ns          349784 1c008148 10812623 sw               x8, 268(x2)          x8:00000003  x2:10001d98  PA:10001ea4
20833373ns          349785 1c00814c 10912423 sw               x9, 264(x2)          x9:1c010000  x2:10001d98  PA:10001ea0
20833791ns          349806 1c008150 11212223 sw               x18, 260(x2)        x18:10001f20  x2:10001d98  PA:10001e9c
20833831ns          349808 1c008154 11312023 sw               x19, 256(x2)        x19:xxxxxxxx  x2:10001d98  PA:10001e98
20833851ns          349809 1c008158 0f412e23 sw               x20, 252(x2)        x20:xxxxxxxx  x2:10001d98  PA:10001e94
20833870ns          349810 1c00815a 0f512c23 sw               x21, 248(x2)        x21:xxxxxxxx  x2:10001d98  PA:10001e90
20833890ns          349811 1c00815c 0f612a23 sw               x22, 244(x2)        x22:xxxxxxxx  x2:10001d98  PA:10001e8c
20833910ns          349812 1c00815e 0f712823 sw               x23, 240(x2)        x23:xxxxxxxx  x2:10001d98  PA:10001e88
20834308ns          349832 1c008160 0f812623 sw               x24, 236(x2)        x24:xxxxxxxx  x2:10001d98  PA:10001e84
20834328ns          349833 1c008162 0fb12023 sw               x27, 224(x2)        x27:xxxxxxxx  x2:10001d98  PA:10001e78
20834348ns          349834 1c008164 00b00cb3 add              x25, x0, x11        x25=10001f20 x11:10001f20
20834368ns          349835 1c008166 00c12e23 sw               x12, 28(x2)         x12:10001ea8  x2:10001d98  PA:10001db4
20834388ns          349836 1c008168 00d00d33 add              x26, x0, x13        x26=10001ebc x13:10001ebc
20834408ns          349837 1c00816a 01000733 add              x14, x0, x16        x14=10001e14 x16:10001e14
20834427ns          349838 1c00816c 019250fb lp.setupi        0x1, 0x19, 0x4     
20834825ns          349858 1c008170 0045268b p.lw             x13, 4(x10!)        x13=4174baa0 x10=1c010190 x10:1c01018c  PA:1c01018c
20835143ns          349874 1c008174 00d7222b p.sw             x13, 4(x14!)        x14=10001e18 x13:4174baa0 x14:10001e14  PA:10001e14
20835163ns          349875 1c008170 0045268b p.lw             x13, 4(x10!)        x13=40075c7c x10=1c010194 x10:1c010190  PA:1c010190
20835482ns          349891 1c008174 00d7222b p.sw             x13, 4(x14!)        x14=10001e1c x13:40075c7c x14:10001e18  PA:10001e18
20835501ns          349892 1c008170 0045268b p.lw             x13, 4(x10!)        x13=3e84f405 x10=1c010198 x10:1c010194  PA:1c010194
20835820ns          349908 1c008174 00d7222b p.sw             x13, 4(x14!)        x14=10001e20 x13:3e84f405 x14:10001e1c  PA:10001e1c
20835840ns          349909 1c008170 0045268b p.lw             x13, 4(x10!)        x13=411f0f27 x10=1c01019c x10:1c010198  PA:1c010198
20836158ns          349925 1c008174 00d7222b p.sw             x13, 4(x14!)        x14=10001e24 x13:411f0f27 x14:10001e20  PA:10001e20
20836178ns          349926 1c008170 0045268b p.lw             x13, 4(x10!)        x13=40ee48fa x10=1c0101a0 x10:1c01019c  PA:1c01019c
20836496ns          349942 1c008174 00d7222b p.sw             x13, 4(x14!)        x14=10001e28 x13:40ee48fa x14:10001e24  PA:10001e24
20836516ns          349943 1c008170 0045268b p.lw             x13, 4(x10!)        x13=411d285a x10=1c0101a4 x10:1c0101a0  PA:1c0101a0
20836834ns          349959 1c008174 00d7222b p.sw             x13, 4(x14!)        x14=10001e2c x13:411d285a x14:10001e28  PA:10001e28
20836854ns          349960 1c008170 0045268b p.lw             x13, 4(x10!)        x13=419c1c4e x10=1c0101a8 x10:1c0101a4  PA:1c0101a4
20837172ns          349976 1c008174 00d7222b p.sw             x13, 4(x14!)        x14=10001e30 x13:419c1c4e x14:10001e2c  PA:10001e2c
20837192ns          349977 1c008170 0045268b p.lw             x13, 4(x10!)        x13=4096ea1c x10=1c0101ac x10:1c0101a8  PA:1c0101a8
20837510ns          349993 1c008174 00d7222b p.sw             x13, 4(x14!)        x14=10001e34 x13:4096ea1c x14:10001e30  PA:10001e30
20837530ns          349994 1c008170 0045268b p.lw             x13, 4(x10!)        x13=411e0175 x10=1c0101b0 x10:1c0101ac  PA:1c0101ac
20837849ns          350010 1c008174 00d7222b p.sw             x13, 4(x14!)        x14=10001e38 x13:411e0175 x14:10001e34  PA:10001e34
20837868ns          350011 1c008170 0045268b p.lw             x13, 4(x10!)        x13=410877a6 x10=1c0101b4 x10:1c0101b0  PA:1c0101b0
20838187ns          350027 1c008174 00d7222b p.sw             x13, 4(x14!)        x14=10001e3c x13:410877a6 x14:10001e38  PA:10001e38
20838207ns          350028 1c008170 0045268b p.lw             x13, 4(x10!)        x13=4045cf2c x10=1c0101b8 x10:1c0101b4  PA:1c0101b4
20838525ns          350044 1c008174 00d7222b p.sw             x13, 4(x14!)        x14=10001e40 x13:4045cf2c x14:10001e3c  PA:10001e3c
20838545ns          350045 1c008170 0045268b p.lw             x13, 4(x10!)        x13=4118471c x10=1c0101bc x10:1c0101b8  PA:1c0101b8
20838863ns          350061 1c008174 00d7222b p.sw             x13, 4(x14!)        x14=10001e44 x13:4118471c x14:10001e40  PA:10001e40
20838883ns          350062 1c008170 0045268b p.lw             x13, 4(x10!)        x13=41322f0d x10=1c0101c0 x10:1c0101bc  PA:1c0101bc
20839201ns          350078 1c008174 00d7222b p.sw             x13, 4(x14!)        x14=10001e48 x13:41322f0d x14:10001e44  PA:10001e44
20839221ns          350079 1c008170 0045268b p.lw             x13, 4(x10!)        x13=3f961c46 x10=1c0101c4 x10:1c0101c0  PA:1c0101c0
20839539ns          350095 1c008174 00d7222b p.sw             x13, 4(x14!)        x14=10001e4c x13:3f961c46 x14:10001e48  PA:10001e48
20839559ns          350096 1c008170 0045268b p.lw             x13, 4(x10!)        x13=3be3df9b x10=1c0101c8 x10:1c0101c4  PA:1c0101c4
20839877ns          350112 1c008174 00d7222b p.sw             x13, 4(x14!)        x14=10001e50 x13:3be3df9b x14:10001e4c  PA:10001e4c
20839897ns          350113 1c008170 0045268b p.lw             x13, 4(x10!)        x13=40420526 x10=1c0101cc x10:1c0101c8  PA:1c0101c8
20840216ns          350129 1c008174 00d7222b p.sw             x13, 4(x14!)        x14=10001e54 x13:40420526 x14:10001e50  PA:10001e50
20840235ns          350130 1c008170 0045268b p.lw             x13, 4(x10!)        x13=406c46ab x10=1c0101d0 x10:1c0101cc  PA:1c0101cc
20840554ns          350146 1c008174 00d7222b p.sw             x13, 4(x14!)        x14=10001e58 x13:406c46ab x14:10001e54  PA:10001e54
20840574ns          350147 1c008170 0045268b p.lw             x13, 4(x10!)        x13=3f9a0961 x10=1c0101d4 x10:1c0101d0  PA:1c0101d0
20840892ns          350163 1c008174 00d7222b p.sw             x13, 4(x14!)        x14=10001e5c x13:3f9a0961 x14:10001e58  PA:10001e58
20840912ns          350164 1c008170 0045268b p.lw             x13, 4(x10!)        x13=4188f3f6 x10=1c0101d8 x10:1c0101d4  PA:1c0101d4
20841230ns          350180 1c008174 00d7222b p.sw             x13, 4(x14!)        x14=10001e60 x13:4188f3f6 x14:10001e5c  PA:10001e5c
20841250ns          350181 1c008170 0045268b p.lw             x13, 4(x10!)        x13=411933c3 x10=1c0101dc x10:1c0101d8  PA:1c0101d8
20841568ns          350197 1c008174 00d7222b p.sw             x13, 4(x14!)        x14=10001e64 x13:411933c3 x14:10001e60  PA:10001e60
20841588ns          350198 1c008170 0045268b p.lw             x13, 4(x10!)        x13=404e43b3 x10=1c0101e0 x10:1c0101dc  PA:1c0101dc
20841906ns          350214 1c008174 00d7222b p.sw             x13, 4(x14!)        x14=10001e68 x13:404e43b3 x14:10001e64  PA:10001e64
20841926ns          350215 1c008170 0045268b p.lw             x13, 4(x10!)        x13=40fc798d x10=1c0101e4 x10:1c0101e0  PA:1c0101e0
20842244ns          350231 1c008174 00d7222b p.sw             x13, 4(x14!)        x14=10001e6c x13:40fc798d x14:10001e68  PA:10001e68
20842264ns          350232 1c008170 0045268b p.lw             x13, 4(x10!)        x13=40d6e020 x10=1c0101e8 x10:1c0101e4  PA:1c0101e4
20842583ns          350248 1c008174 00d7222b p.sw             x13, 4(x14!)        x14=10001e70 x13:40d6e020 x14:10001e6c  PA:10001e6c
20842602ns          350249 1c008170 0045268b p.lw             x13, 4(x10!)        x13=3f8c4e6d x10=1c0101ec x10:1c0101e8  PA:1c0101e8
20842921ns          350265 1c008174 00d7222b p.sw             x13, 4(x14!)        x14=10001e74 x13:3f8c4e6d x14:10001e70  PA:10001e70
20842941ns          350266 1c008170 0045268b p.lw             x13, 4(x10!)        x13=4189eac1 x10=1c0101f0 x10:1c0101ec  PA:1c0101ec
20843418ns          350290 1c008174 00d7222b p.sw             x13, 4(x14!)        x14=10001e78 x13:4189eac1 x14:10001e74  PA:10001e74
20843438ns          350291 1c008178 02012623 sw               x0, 44(x2)           x2:10001d98  PA:10001dc4
20843458ns          350292 1c00817a 04012023 sw               x0, 64(x2)           x2:10001d98  PA:10001dd8
20843478ns          350293 1c00817c 04012a23 sw               x0, 84(x2)           x2:10001d98  PA:10001dec
20843498ns          350294 1c00817e 02012823 sw               x0, 48(x2)           x2:10001d98  PA:10001dc8
20843517ns          350295 1c008180 04012223 sw               x0, 68(x2)           x2:10001d98  PA:10001ddc
20843537ns          350296 1c008182 04012c23 sw               x0, 88(x2)           x2:10001d98  PA:10001df0
20843557ns          350297 1c008184 02012a23 sw               x0, 52(x2)           x2:10001d98  PA:10001dcc
20843577ns          350298 1c008186 04012423 sw               x0, 72(x2)           x2:10001d98  PA:10001de0
20843597ns          350299 1c008188 04012e23 sw               x0, 92(x2)           x2:10001d98  PA:10001df4
20843617ns          350300 1c00818a 02012c23 sw               x0, 56(x2)           x2:10001d98  PA:10001dd0
20843637ns          350301 1c00818c 04012623 sw               x0, 76(x2)           x2:10001d98  PA:10001de4
20843657ns          350302 1c00818e 06012023 sw               x0, 96(x2)           x2:10001d98  PA:10001df8
20843975ns          350318 1c008190 02012e23 sw               x0, 60(x2)           x2:10001d98  PA:10001dd4
20843995ns          350319 1c008192 04012823 sw               x0, 80(x2)           x2:10001d98  PA:10001de8
20844015ns          350320 1c008194 06012223 sw               x0, 100(x2)          x2:10001d98  PA:10001dfc
20844035ns          350321 1c008196 01900eb3 add              x29, x0, x25        x29=10001f20 x25:10001f20
20844055ns          350322 1c008198 01a006b3 add              x13, x0, x26        x13=10001ebc x26:10001ebc
20844074ns          350323 1c00819a 01900733 add              x14, x0, x25        x14=10001f20 x25:10001f20
20844094ns          350324 1c00819c 019350fb lp.setupi        0x1, 0x19, 0x6     
20844492ns          350344 1c0081a0 00000313 addi             x6, x0, 0            x6=00000000
20844532ns          350346 1c0081a4 0067222b p.sw             x6, 4(x14!)         x14=10001f24  x6:00000000 x14:10001f20  PA:10001f20
20844552ns          350347 1c0081a8 0066a22b p.sw             x6, 4(x13!)         x13=10001ec0  x6:00000000 x13:10001ebc  PA:10001ebc
20844572ns          350348 1c0081a0 00000313 addi             x6, x0, 0            x6=00000000
20844592ns          350349 1c0081a4 0067222b p.sw             x6, 4(x14!)         x14=10001f28  x6:00000000 x14:10001f24  PA:10001f24
20844611ns          350350 1c0081a8 0066a22b p.sw             x6, 4(x13!)         x13=10001ec4  x6:00000000 x13:10001ec0  PA:10001ec0
20844631ns          350351 1c0081a0 00000313 addi             x6, x0, 0            x6=00000000
20844651ns          350352 1c0081a4 0067222b p.sw             x6, 4(x14!)         x14=10001f2c  x6:00000000 x14:10001f28  PA:10001f28
20844671ns          350353 1c0081a8 0066a22b p.sw             x6, 4(x13!)         x13=10001ec8  x6:00000000 x13:10001ec4  PA:10001ec4
20844691ns          350354 1c0081a0 00000313 addi             x6, x0, 0            x6=00000000
20844711ns          350355 1c0081a4 0067222b p.sw             x6, 4(x14!)         x14=10001f30  x6:00000000 x14:10001f2c  PA:10001f2c
20844731ns          350356 1c0081a8 0066a22b p.sw             x6, 4(x13!)         x13=10001ecc  x6:00000000 x13:10001ec8  PA:10001ec8
20844751ns          350357 1c0081a0 00000313 addi             x6, x0, 0            x6=00000000
20844771ns          350358 1c0081a4 0067222b p.sw             x6, 4(x14!)         x14=10001f34  x6:00000000 x14:10001f30  PA:10001f30
20844790ns          350359 1c0081a8 0066a22b p.sw             x6, 4(x13!)         x13=10001ed0  x6:00000000 x13:10001ecc  PA:10001ecc
20844810ns          350360 1c0081a0 00000313 addi             x6, x0, 0            x6=00000000
20844830ns          350361 1c0081a4 0067222b p.sw             x6, 4(x14!)         x14=10001f38  x6:00000000 x14:10001f34  PA:10001f34
20844850ns          350362 1c0081a8 0066a22b p.sw             x6, 4(x13!)         x13=10001ed4  x6:00000000 x13:10001ed0  PA:10001ed0
20844870ns          350363 1c0081a0 00000313 addi             x6, x0, 0            x6=00000000
20844890ns          350364 1c0081a4 0067222b p.sw             x6, 4(x14!)         x14=10001f3c  x6:00000000 x14:10001f38  PA:10001f38
20844910ns          350365 1c0081a8 0066a22b p.sw             x6, 4(x13!)         x13=10001ed8  x6:00000000 x13:10001ed4  PA:10001ed4
20844930ns          350366 1c0081a0 00000313 addi             x6, x0, 0            x6=00000000
20844950ns          350367 1c0081a4 0067222b p.sw             x6, 4(x14!)         x14=10001f40  x6:00000000 x14:10001f3c  PA:10001f3c
20844969ns          350368 1c0081a8 0066a22b p.sw             x6, 4(x13!)         x13=10001edc  x6:00000000 x13:10001ed8  PA:10001ed8
20844989ns          350369 1c0081a0 00000313 addi             x6, x0, 0            x6=00000000
20845009ns          350370 1c0081a4 0067222b p.sw             x6, 4(x14!)         x14=10001f44  x6:00000000 x14:10001f40  PA:10001f40
20845029ns          350371 1c0081a8 0066a22b p.sw             x6, 4(x13!)         x13=10001ee0  x6:00000000 x13:10001edc  PA:10001edc
20845049ns          350372 1c0081a0 00000313 addi             x6, x0, 0            x6=00000000
20845069ns          350373 1c0081a4 0067222b p.sw             x6, 4(x14!)         x14=10001f48  x6:00000000 x14:10001f44  PA:10001f44
20845089ns          350374 1c0081a8 0066a22b p.sw             x6, 4(x13!)         x13=10001ee4  x6:00000000 x13:10001ee0  PA:10001ee0
20845109ns          350375 1c0081a0 00000313 addi             x6, x0, 0            x6=00000000
20845129ns          350376 1c0081a4 0067222b p.sw             x6, 4(x14!)         x14=10001f4c  x6:00000000 x14:10001f48  PA:10001f48
20845149ns          350377 1c0081a8 0066a22b p.sw             x6, 4(x13!)         x13=10001ee8  x6:00000000 x13:10001ee4  PA:10001ee4
20845168ns          350378 1c0081a0 00000313 addi             x6, x0, 0            x6=00000000
20845188ns          350379 1c0081a4 0067222b p.sw             x6, 4(x14!)         x14=10001f50  x6:00000000 x14:10001f4c  PA:10001f4c
20845208ns          350380 1c0081a8 0066a22b p.sw             x6, 4(x13!)         x13=10001eec  x6:00000000 x13:10001ee8  PA:10001ee8
20845228ns          350381 1c0081a0 00000313 addi             x6, x0, 0            x6=00000000
20845248ns          350382 1c0081a4 0067222b p.sw             x6, 4(x14!)         x14=10001f54  x6:00000000 x14:10001f50  PA:10001f50
20845268ns          350383 1c0081a8 0066a22b p.sw             x6, 4(x13!)         x13=10001ef0  x6:00000000 x13:10001eec  PA:10001eec
20845288ns          350384 1c0081a0 00000313 addi             x6, x0, 0            x6=00000000
20845308ns          350385 1c0081a4 0067222b p.sw             x6, 4(x14!)         x14=10001f58  x6:00000000 x14:10001f54  PA:10001f54
20845328ns          350386 1c0081a8 0066a22b p.sw             x6, 4(x13!)         x13=10001ef4  x6:00000000 x13:10001ef0  PA:10001ef0
20845347ns          350387 1c0081a0 00000313 addi             x6, x0, 0            x6=00000000
20845367ns          350388 1c0081a4 0067222b p.sw             x6, 4(x14!)         x14=10001f5c  x6:00000000 x14:10001f58  PA:10001f58
20845387ns          350389 1c0081a8 0066a22b p.sw             x6, 4(x13!)         x13=10001ef8  x6:00000000 x13:10001ef4  PA:10001ef4
20845407ns          350390 1c0081a0 00000313 addi             x6, x0, 0            x6=00000000
20845427ns          350391 1c0081a4 0067222b p.sw             x6, 4(x14!)         x14=10001f60  x6:00000000 x14:10001f5c  PA:10001f5c
20845447ns          350392 1c0081a8 0066a22b p.sw             x6, 4(x13!)         x13=10001efc  x6:00000000 x13:10001ef8  PA:10001ef8
20845467ns          350393 1c0081a0 00000313 addi             x6, x0, 0            x6=00000000
20845487ns          350394 1c0081a4 0067222b p.sw             x6, 4(x14!)         x14=10001f64  x6:00000000 x14:10001f60  PA:10001f60
20845507ns          350395 1c0081a8 0066a22b p.sw             x6, 4(x13!)         x13=10001f00  x6:00000000 x13:10001efc  PA:10001efc
20845526ns          350396 1c0081a0 00000313 addi             x6, x0, 0            x6=00000000
20845546ns          350397 1c0081a4 0067222b p.sw             x6, 4(x14!)         x14=10001f68  x6:00000000 x14:10001f64  PA:10001f64
20845566ns          350398 1c0081a8 0066a22b p.sw             x6, 4(x13!)         x13=10001f04  x6:00000000 x13:10001f00  PA:10001f00
20845586ns          350399 1c0081a0 00000313 addi             x6, x0, 0            x6=00000000
20845606ns          350400 1c0081a4 0067222b p.sw             x6, 4(x14!)         x14=10001f6c  x6:00000000 x14:10001f68  PA:10001f68
20845626ns          350401 1c0081a8 0066a22b p.sw             x6, 4(x13!)         x13=10001f08  x6:00000000 x13:10001f04  PA:10001f04
20845646ns          350402 1c0081a0 00000313 addi             x6, x0, 0            x6=00000000
20845666ns          350403 1c0081a4 0067222b p.sw             x6, 4(x14!)         x14=10001f70  x6:00000000 x14:10001f6c  PA:10001f6c
20845686ns          350404 1c0081a8 0066a22b p.sw             x6, 4(x13!)         x13=10001f0c  x6:00000000 x13:10001f08  PA:10001f08
20845705ns          350405 1c0081a0 00000313 addi             x6, x0, 0            x6=00000000
20845725ns          350406 1c0081a4 0067222b p.sw             x6, 4(x14!)         x14=10001f74  x6:00000000 x14:10001f70  PA:10001f70
20845745ns          350407 1c0081a8 0066a22b p.sw             x6, 4(x13!)         x13=10001f10  x6:00000000 x13:10001f0c  PA:10001f0c
20845765ns          350408 1c0081a0 00000313 addi             x6, x0, 0            x6=00000000
20845785ns          350409 1c0081a4 0067222b p.sw             x6, 4(x14!)         x14=10001f78  x6:00000000 x14:10001f74  PA:10001f74
20845805ns          350410 1c0081a8 0066a22b p.sw             x6, 4(x13!)         x13=10001f14  x6:00000000 x13:10001f10  PA:10001f10
20845825ns          350411 1c0081a0 00000313 addi             x6, x0, 0            x6=00000000
20845845ns          350412 1c0081a4 0067222b p.sw             x6, 4(x14!)         x14=10001f7c  x6:00000000 x14:10001f78  PA:10001f78
20845865ns          350413 1c0081a8 0066a22b p.sw             x6, 4(x13!)         x13=10001f18  x6:00000000 x13:10001f14  PA:10001f14
20845884ns          350414 1c0081a0 00000313 addi             x6, x0, 0            x6=00000000
20845904ns          350415 1c0081a4 0067222b p.sw             x6, 4(x14!)         x14=10001f80  x6:00000000 x14:10001f7c  PA:10001f7c
20845924ns          350416 1c0081a8 0066a22b p.sw             x6, 4(x13!)         x13=10001f1c  x6:00000000 x13:10001f18  PA:10001f18
20845944ns          350417 1c0081a0 00000313 addi             x6, x0, 0            x6=00000000
20845964ns          350418 1c0081a4 0067222b p.sw             x6, 4(x14!)         x14=10001f84  x6:00000000 x14:10001f80  PA:10001f80
20845984ns          350419 1c0081a8 0066a22b p.sw             x6, 4(x13!)         x13=10001f20  x6:00000000 x13:10001f1c  PA:10001f1c
20846004ns          350420 1c0081ac 010c8793 addi             x15, x25, 16        x15=10001f30 x25:10001f20
20846441ns          350442 1c0081b0 1c0003b7 lui              x7, 0x1c000000       x7=1c000000
20846481ns          350444 1c0081b4 04010913 addi             x18, x2, 64         x18=10001dd8  x2:10001d98
20846501ns          350445 1c0081b8 08c10693 addi             x13, x2, 140        x13=10001e24  x2:10001d98
20846521ns          350446 1c0081ba 00000b13 addi             x22, x0, 0          x22=00000000
20846541ns          350447 1c0081bc 00000d93 addi             x27, x0, 0          x27=00000000
20846561ns          350448 1c0081be 05410593 addi             x11, x2, 84         x11=10001dec  x2:10001d98
20846959ns          350468 1c0081c0 0203a403 lw               x8, 32(x7)           x8=3f800000  x7:1c000000  PA:1c000020
20847436ns          350492 1c0081c4 01480713 addi             x14, x16, 20        x14=10001e28 x16:10001e14
20847456ns          350493 1c0081c8 010d0a13 addi             x20, x26, 16        x20=10001ecc x26:10001ebc
20847476ns          350494 1c0081cc 004d0a93 addi             x21, x26, 4         x21=10001ec0 x26:10001ebc
20847516ns          350496 1c0081d0 019003b3 add              x7, x0, x25          x7=10001f20 x25:10001f20
20847535ns          350497 1c0081d2 01912a23 sw               x25, 20(x2)         x25:10001f20  x2:10001d98  PA:10001dac
20847555ns          350498 1c0081d4 01a12c23 sw               x26, 24(x2)         x26:10001ebc  x2:10001d98  PA:10001db0
20847575ns          350499 1c0081d6 00d00cb3 add              x25, x0, x13        x25=10001e24 x13:10001e24
20847595ns          350500 1c0081d8 00f00d33 add              x26, x0, x15        x26=10001f30 x15:10001f30
20847615ns          350501 1c0081da 00b12423 sw               x11, 8(x2)          x11:10001dec  x2:10001d98  PA:10001da0
20847635ns          350502 1c0081dc 01212623 sw               x18, 12(x2)         x18:10001dd8  x2:10001d98  PA:10001da4
20847655ns          350503 1c0081de 01d12823 sw               x29, 16(x2)         x29:10001f20  x2:10001d98  PA:10001da8
20848033ns          350522 1c0081e0 001d8793 addi             x15, x27, 1         x15=00000001 x27:00000000
20848072ns          350524 1c0081e4 006b0693 addi             x13, x22, 6         x13=00000006 x22:00000000
20848092ns          350525 1c0081e8 05810493 addi             x9, x2, 88           x9=10001df0  x2:10001d98
20848112ns          350526 1c0081ea 00e00c33 add              x24, x0, x14        x24=10001e28 x14:10001e28
20848132ns          350527 1c0081ec 02c10b93 addi             x23, x2, 44         x23=10001dc4  x2:10001d98
20848550ns          350548 1c0081f0 01200e33 add              x28, x0, x18        x28=10001dd8 x18:10001dd8
20848570ns          350549 1c0081f2 00500f13 addi             x30, x0, 5          x30=00000005
20848590ns          350550 1c0081f4 00200993 addi             x19, x0, 2          x19=00000002
20848609ns          350551 1c0081f6 00000513 addi             x10, x0, 0          x10=00000000
20848629ns          350552 1c0081f8 00600633 add              x12, x0, x6         x12=00000000  x6:00000000
20848649ns          350553 1c0081fa 54d7d1e3 bge              x15, x13, 3394      x15:00000001 x13:00000006
20849067ns          350574 1c0081fe 410c05b3 sub              x11, x24, x16       x11=00000014 x24:10001e28 x16:10001e14
20849107ns          350576 1c008202 1c0006b7 lui              x13, 0x1c000000     x13=1c000000
20849127ns          350577 1c008206 ffc58593 addi             x11, x11, -4        x11=00000010 x11:00000014
20849147ns          350578 1c008208 01c68693 addi             x13, x13, 28        x13=1c00001c x13:1c000000
20849166ns          350579 1c00820c 0025d593 srli             x11, x11, 0x2       x11=00000004 x11:00000010
20849584ns          350600 1c00820e 0006a883 lw               x17, 0(x13)         x17=00800000 x13:1c00001c  PA:1c00001c
20850042ns          350623 1c008212 01000333 add              x6, x0, x16          x6=10001e14 x16:10001e14
20850062ns          350624 1c008214 00000793 addi             x15, x0, 0          x15=00000000
20850081ns          350625 1c008218 00158593 addi             x11, x11, 1         x11=00000005 x11:00000004
20850101ns          350626 1c00821a 0043268b p.lw             x13, 4(x6!)         x13=4174baa0  x6=10001e18  x6:10001e14  PA:10001e14
20850141ns          350628 1c00821e a0c69ed3 flt.s            x29, f13, f12       x29=00000000 f13:4174baa0 f12:00000000
20850181ns          350630 1c008222 000e8463 beq              x29, x0, 8          x29:00000000
20850260ns          350634 1c00822a a0d89ed3 flt.s            x29, f17, f13       x29=00000001 f17:00800000 f13:4174baa0
20850698ns          350656 1c00822e 480e8e63 beq              x29, x0, 1180       x29:00000001
20850738ns          350658 1c008232 18d8fed3 fdiv.s           f29, f17, f13       f29=xxxxxxxx f17:00800000 f13:4174baa0
20851752ns          350709 1c008236 11d7f7d3 fmul.s           f15, f15, f29       f15=xxxxxxxx f15:00000000 f29:00085e52
20851772ns          350710 1c00823a 00d008b3 add              x17, x0, x13        x17=4174baa0 x13:4174baa0
20851792ns          350711 1c00823c 40fef7c3 fmadd.s          f15, f29, f15, f8   f15=xxxxxxxx f29:00085e52 f15:00000000  f8:3f800000
20851812ns          350712 1c008240 fff58593 addi             x11, x11, -1        x11=00000004 x11:00000005
20851832ns          350713 1c008242 fc059ce3 bne              x11, x0, -40        x11:00000004
20851971ns          350720 1c00821a 0043268b p.lw             x13, 4(x6!)         x13=40075c7c  x6=10001e1c  x6:10001e18  PA:10001e18
20852011ns          350722 1c00821e a0c69ed3 flt.s            x29, f13, f12       x29=00000000 f13:40075c7c f12:00000000
20852031ns          350723 1c008222 000e8463 beq              x29, x0, 8          x29:00000000
20852110ns          350727 1c00822a a0d89ed3 flt.s            x29, f17, f13       x29=00000000 f17:4174baa0 f13:40075c7c
20852130ns          350728 1c00822e 480e8e63 beq              x29, x0, 1180       x29:00000000
20852269ns          350735 1c0086ca 1916f6d3 fdiv.s           f13, f13, f17       f13=xxxxxxxx f13:40075c7c f17:4174baa0
20853025ns          350773 1c0086ce 78d6f7c3 fmadd.s          f15, f13, f13, f15  f15=xxxxxxxx f13:3e0d9868 f13:3e0d9868 f15:3f800000
20853045ns          350774 1c0086d2 fff58593 addi             x11, x11, -1        x11=00000003 x11:00000004
20853065ns          350775 1c0086d4 b40593e3 bne              x11, x0, -1210      x11:00000003
20853204ns          350782 1c00821a 0043268b p.lw             x13, 4(x6!)         x13=3e84f405  x6=10001e20  x6:10001e1c  PA:10001e1c
20853244ns          350784 1c00821e a0c69ed3 flt.s            x29, f13, f12       x29=00000000 f13:3e84f405 f12:00000000
20853264ns          350785 1c008222 000e8463 beq              x29, x0, 8          x29:00000000
20853343ns          350789 1c00822a a0d89ed3 flt.s            x29, f17, f13       x29=00000000 f17:4174baa0 f13:3e84f405
20853363ns          350790 1c00822e 480e8e63 beq              x29, x0, 1180       x29:00000000
20853443ns          350794 1c0086ca 1916f6d3 fdiv.s           f13, f13, f17       f13=xxxxxxxx f13:3e84f405 f17:4174baa0
20854119ns          350828 1c0086ce 78d6f7c3 fmadd.s          f15, f13, f13, f15  f15=xxxxxxxx f13:3c8b138c f13:3c8b138c f15:3f82728a
20854139ns          350829 1c0086d2 fff58593 addi             x11, x11, -1        x11=00000002 x11:00000003
20854159ns          350830 1c0086d4 b40593e3 bne              x11, x0, -1210      x11:00000002
20854239ns          350834 1c00821a 0043268b p.lw             x13, 4(x6!)         x13=411f0f27  x6=10001e24  x6:10001e20  PA:10001e20
20854278ns          350836 1c00821e a0c69ed3 flt.s            x29, f13, f12       x29=00000000 f13:411f0f27 f12:00000000
20854298ns          350837 1c008222 000e8463 beq              x29, x0, 8          x29:00000000
20854378ns          350841 1c00822a a0d89ed3 flt.s            x29, f17, f13       x29=00000000 f17:4174baa0 f13:411f0f27
20854398ns          350842 1c00822e 480e8e63 beq              x29, x0, 1180       x29:00000000
20854477ns          350846 1c0086ca 1916f6d3 fdiv.s           f13, f13, f17       f13=xxxxxxxx f13:411f0f27 f17:4174baa0
20855233ns          350884 1c0086ce 78d6f7c3 fmadd.s          f15, f13, f13, f15  f15=xxxxxxxx f13:3f266279 f13:3f266279 f15:3f827bfc
20855253ns          350885 1c0086d2 fff58593 addi             x11, x11, -1        x11=00000001 x11:00000002
20855273ns          350886 1c0086d4 b40593e3 bne              x11, x0, -1210      x11:00000001
20855352ns          350890 1c00821a 0043268b p.lw             x13, 4(x6!)         x13=40ee48fa  x6=10001e28  x6:10001e24  PA:10001e24
20855392ns          350892 1c00821e a0c69ed3 flt.s            x29, f13, f12       x29=00000000 f13:40ee48fa f12:00000000
20855412ns          350893 1c008222 000e8463 beq              x29, x0, 8          x29:00000000
20855492ns          350897 1c00822a a0d89ed3 flt.s            x29, f17, f13       x29=00000000 f17:4174baa0 f13:40ee48fa
20855512ns          350898 1c00822e 480e8e63 beq              x29, x0, 1180       x29:00000000
20855591ns          350902 1c0086ca 1916f6d3 fdiv.s           f13, f13, f17       f13=xxxxxxxx f13:40ee48fa f17:4174baa0
20856347ns          350940 1c0086ce 78d6f7c3 fmadd.s          f15, f13, f13, f15  f15=xxxxxxxx f13:3ef94260 f13:3ef94260 f15:3fb88de9
20856367ns          350941 1c0086d2 fff58593 addi             x11, x11, -1        x11=00000000 x11:00000001
20856387ns          350942 1c0086d4 b40593e3 bne              x11, x0, -1210      x11:00000000
20856407ns          350943 1c0086d8 b6dff06f jal              x0, -1172          
20856486ns          350947 1c008244 5807f7d3 fsqrt.s          f15, f15            f15=xxxxxxxx f15:3fd6e42f
20857481ns          350997 1c008248 10f8f8d3 fmul.s           f17, f17, f15       f17=xxxxxxxx f17:4174baa0 f15:3fa5d980
20857501ns          350998 1c00824c a11617d3 flt.s            x15, f12, f17       x15=00000001 f12:00000000 f17:419e8c36
20857521ns          350999 1c008250 500786e3 beq              x15, x0, 3340       x15:00000001
20857540ns          351000 1c008254 00082783 lw               x15, 0(x16)         x15=4174baa0 x16:10001e14  PA:10001e14
20857560ns          351001 1c008258 211895d3 fsgnjn.s         f11, f17, f17       f11=xxxxxxxx f17:419e8c36 f17:419e8c36
20857580ns          351002 1c00825c a0c796d3 flt.s            x13, f15, f12       x13=00000000 f15:4174baa0 f12:00000000
20857620ns          351004 1c008260 00068363 beq              x13, x0, 6          x13:00000000
20857700ns          351008 1c008266 011ba023 sw               x17, 0(x23)         x17:419e8c36 x23:10001dc4  PA:10001dc4
20857719ns          351009 1c00826a a0c89353 flt.s            x6, f17, f12         x6=00000000 f17:419e8c36 f12:00000000
20857739ns          351010 1c00826e 00b006b3 add              x13, x0, x11        x13=c19e8c36 x11:c19e8c36
20857799ns          351013 1c008270 00031363 bne              x6, x0, 6            x6:00000000
20857839ns          351015 1c008274 011006b3 add              x13, x0, x17        x13=419e8c36 x17:419e8c36
20857859ns          351016 1c008276 1c000fb7 lui              x31, 0x1c000000     x31=1c000000
20857879ns          351017 1c00827a 028f8f93 addi             x31, x31, 40        x31=1c000028 x31:1c000000
20858296ns          351038 1c00827e 000faf83 lw               x31, 0(x31)         x31=0c000000 x31:1c000028  PA:1c000028
20858634ns          351055 1c008282 005b0313 addi             x6, x22, 5           x6=00000005 x22:00000000
20858654ns          351056 1c008286 a0df86d3 fle.s            x13, f31, f13       x13=00000001 f31:0c000000 f13:419e8c36
20858674ns          351057 1c00828a 4c068ee3 beq              x13, x0, 3292       x13:00000001
20859132ns          351080 1c00828e 1c0006b7 lui              x13, 0x1c000000     x13=1c000000
20859171ns          351082 1c008292 02068693 addi             x13, x13, 32        x13=1c000020 x13:1c000000
20859191ns          351083 1c008296 0006a683 lw               x13, 0(x13)         x13=3f800000 x13:1c000020  PA:1c000020
20859609ns          351104 1c008298 1916f8d3 fdiv.s           f17, f13, f17       f17=xxxxxxxx f13:3f800000 f17:419e8c36
20860265ns          351137 1c00829c 026dd263 bge              x27, x6, 36         x27:00000000  x6:00000005
20860285ns          351138 1c0082a0 410c06b3 sub              x13, x24, x16       x13=00000010 x24:10001e28 x16:10001e14
20860305ns          351139 1c0082a4 ffc68693 addi             x13, x13, -4        x13=00000004 x13:00000014
20860325ns          351140 1c0082a6 0026d693 srli             x13, x13, 0x2       x13=xxxxxxxx x13:00000010
20860345ns          351141 1c0082a8 01000eb3 add              x29, x0, x16        x29=xxxxxxxx x16:10001e14
20860365ns          351142 1c0082aa 00168693 addi             x13, x13, 1         x13=xxxxxxxx x13:00000004
20860385ns          351143 1c0082ac 0066c0fb lp.setup         0x1, x13, 0x6       x13:00000005  PA:10001e14
20860405ns          351144 1c0082b0 000ea783 lw               x15, 0(x29)         x15=3e84f405 x29:10001e14
20860524ns          351150 1c0082b4 1117f7d3 fmul.s           f15, f15, f17       f15=xxxxxxxx f15:4174baa0 f17:3d4ead0c
20860544ns          351151 1c0082b8 00fea22b p.sw             x15, 4(x29!)        x29=10001e18 x15:3f45939a x29:10001e14  PA:10001e14
20860564ns          351152 1c0082b0 000ea783 lw               x15, 0(x29)         x15=xxxxxxxx x29:10001e18  PA:10001e18
20860604ns          351154 1c0082b4 1117f7d3 fmul.s           f15, f15, f17       f15=xxxxxxxx f15:40075c7c f17:3d4ead0c
20860624ns          351155 1c0082b8 00fea22b p.sw             x15, 4(x29!)        x29=10001e1c x15:3dda8fd7 x29:10001e18  PA:10001e18
20860643ns          351156 1c0082b0 000ea783 lw               x15, 0(x29)         x15=xxxxxxxx x29:10001e1c  PA:10001e1c
20860683ns          351158 1c0082b4 1117f7d3 fmul.s           f15, f15, f17       f15=xxxxxxxx f15:3e84f405 f17:3d4ead0c
20860703ns          351159 1c0082b8 00fea22b p.sw             x15, 4(x29!)        x29=10001e20 x15:3c56ac76 x29:10001e1c  PA:10001e1c
20860723ns          351160 1c0082b0 000ea783 lw               x15, 0(x29)         x15=xxxxxxxx x29:10001e20  PA:10001e20
20860763ns          351162 1c0082b4 1117f7d3 fmul.s           f15, f15, f17       f15=xxxxxxxx f15:411f0f27 f17:3d4ead0c
20860783ns          351163 1c0082b8 00fea22b p.sw             x15, 4(x29!)        x29=10001e24 x15:3f0069b6 x29:10001e20  PA:10001e20
20860803ns          351164 1c0082b0 000ea783 lw               x15, 0(x29)         x15=3f45939a x29:10001e24  PA:10001e24
20860842ns          351166 1c0082b4 1117f7d3 fmul.s           f15, f15, f17       f15=xxxxxxxx f15:40ee48fa f17:3d4ead0c
20860862ns          351167 1c0082b8 00fea22b p.sw             x15, 4(x29!)        x29=10001e28 x15:3ec05fcc x29:10001e24  PA:10001e24
20860882ns          351168 1c0082bc 00082783 lw               x15, 0(x16)         x15=xxxxxxxx x16:10001e14  PA:10001e14
20860942ns          351171 1c0082c0 1c0008b7 lui              x17, 0x1c000000     x17=1c000000
20860982ns          351173 1c0082c4 02088893 addi             x17, x17, 32        x17=1c000020 x17:1c000000
20861001ns          351174 1c0082c8 0008a883 lw               x17, 0(x17)         x17=3f800000 x17:1c000020  PA:1c000020
20861439ns          351196 1c0082cc 00bba023 sw               x11, 0(x23)         x11:c19e8c36 x23:10001dc4  PA:10001dc4
20861479ns          351198 1c0082d0 0117f7d3 fadd.s           f15, f15, f17       f15=xxxxxxxx f15:3f45939a f17:3f800000
20861519ns          351200 1c0082d4 00100f93 addi             x31, x0, 1          x31=00000001
20861538ns          351201 1c0082d6 00f82023 sw               x15, 0(x16)         x15:3fe2c9cd x16:10001e14  PA:10001e14
20861558ns          351202 1c0082da 00812e83 lw               x29, 8(x2)          x29=10001dec  x2:10001d98  PA:10001da0
20861578ns          351203 1c0082dc 004e0293 addi             x5, x28, 4           x5=10001ddc x28:10001dd8
20861996ns          351224 1c0082e0 405e86b3 sub              x13, x29, x5        x13=00000010 x29:10001dec  x5:10001ddc
20862036ns          351226 1c0082e4 ffc68693 addi             x13, x13, -4        x13=0000000c x13:00000010
20862056ns          351227 1c0082e6 0026d693 srli             x13, x13, 0x2       x13=00000003 x13:0000000c
20862076ns          351228 1c0082e8 00150513 addi             x10, x10, 1         x10=00000001 x10:00000000
20862095ns          351229 1c0082ea 005005b3 add              x11, x0, x5         x11=10001ddc  x5:10001ddc
20862115ns          351230 1c0082ec 00168693 addi             x13, x13, 1         x13=00000004 x13:00000003
20862135ns          351231 1c0082ee 00a00933 add              x18, x0, x10        x18=00000001 x10:00000001
20862513ns          351250 1c0082f0 01c12223 sw               x28, 4(x2)          x28:10001dd8  x2:10001d98  PA:10001d9c
20862553ns          351252 1c0082f2 0306c0fb lp.setup         0x1, x13, 0x30      x13:00000004
20862573ns          351253 1c0082f6 040f8c63 beq              x31, x0, 88         x31:00000001
20862593ns          351254 1c0082fa 00082503 lw               x10, 0(x16)         x10=3fe2c9cd x16:10001e14  PA:10001e14
20863010ns          351275 1c0082fe 00072883 lw               x17, 0(x14)         x17=411d285a x14:10001e28  PA:10001e28
20863050ns          351277 1c008302 00472303 lw               x6, 4(x14)           x6=419c1c4e x14:10001e28  PA:10001e2c
20863070ns          351278 1c008306 611577c3 fmadd.s          f15, f10, f17, f12  f15=xxxxxxxx f10:3fe2c9cd f17:411d285a f12:00000000
20863090ns          351279 1c00830a 00482e83 lw               x29, 4(x16)         x29=3dda8fd7 x16:10001e14  PA:10001e18
20863567ns          351303 1c00830e 786ef7c3 fmadd.s          f15, f29, f6, f15   f15=xxxxxxxx f29:3dda8fd7  f6:419c1c4e f15:418b3982
20863607ns          351305 1c008312 022f2863 p.beqimm         x30, 48             x30:00000005
20863627ns          351306 1c008316 00882e03 lw               x28, 8(x16)         x28=3c56ac76 x16:10001e14  PA:10001e1c
20863647ns          351307 1c00831a 00872e83 lw               x29, 8(x14)         x29=4096ea1c x14:10001e28  PA:10001e30
20864085ns          351329 1c00831e 79de77c3 fmadd.s          f15, f28, f29, f15  f15=xxxxxxxx f28:3c56ac76 f29:4096ea1c f15:419be27c
20864124ns          351331 1c008322 023f2063 p.beqimm         x30, 32             x30:00000005
20864144ns          351332 1c008326 00c82e03 lw               x28, 12(x16)        x28=3f0069b6 x16:10001e14  PA:10001e20
20864164ns          351333 1c00832a 00c72e83 lw               x29, 12(x14)        x29=411e0175 x14:10001e28  PA:10001e34
20864602ns          351355 1c00832e 79de77c3 fmadd.s          f15, f28, f29, f15  f15=xxxxxxxx f28:3f0069b6 f29:411e0175 f15:419c6109
20864641ns          351357 1c008332 005f3863 p.bneimm         x30, 16             x30:00000005
20864661ns          351358 1c008336 01082e03 lw               x28, 16(x16)        x28=3ec05fcc x16:10001e14  PA:10001e24
20864681ns          351359 1c00833a 01072e83 lw               x29, 16(x14)        x29=410877a6 x14:10001e28  PA:10001e38
20865099ns          351380 1c00833e 79de77c3 fmadd.s          f15, f28, f29, f15  f15=xxxxxxxx f28:3ec05fcc f29:410877a6 f15:41c40206
20865139ns          351382 1c008342 18a7f7d3 fdiv.s           f15, f15, f10       f15=xxxxxxxx f15:41dda539 f10:3fe2c9cd
20866173ns          351434 1c008346 a0c7aed3 feq.s            x29, f15, f12       x29=00000000 f15:417a31d6 f12:00000000
20866193ns          351435 1c00834a 300e80e3 beq              x29, x0, 2816       x29:00000000
20866332ns          351442 1c008e4a 20f797d3 fsgnjn.s         f15, f15, f15       f15=xxxxxxxx f15:417a31d6 f15:417a31d6
20866591ns          351455 1c008e4e 88a7f543 fmadd.s          f10, f15, f10, f17  f10=xxxxxxxx f15:c17a31d6 f10:3fe2c9cd f17:411d285a
20866611ns          351456 1c008e52 00a72023 sw               x10, 0(x14)         x10:c18f110b x14:10001e28  PA:10001e28
20866631ns          351457 1c008e54 00482503 lw               x10, 4(x16)         x10=3dda8fd7 x16:10001e14  PA:10001e18
20866670ns          351459 1c008e58 30a7f343 fmadd.s          f6, f15, f10, f6     f6=xxxxxxxx f15:c17a31d6 f10:3dda8fd7  f6:419c1c4e
20866690ns          351460 1c008e5c 00672223 sw               x6, 4(x14)           x6:418ec29e x14:10001e28  PA:10001e2c
20867108ns          351481 1c008e60 ce2f2763 p.beqimm         x30, -2834          x30:00000005
20867148ns          351483 1c008e64 00882503 lw               x10, 8(x16)         x10=3c56ac76 x16:10001e14  PA:10001e1c
20867168ns          351484 1c008e68 00872883 lw               x17, 8(x14)         x17=4096ea1c x14:10001e28  PA:10001e30
20867207ns          351486 1c008e6c 88a7f543 fmadd.s          f10, f15, f10, f17  f10=xxxxxxxx f15:c17a31d6 f10:3c56ac76 f17:4096ea1c
20867625ns          351507 1c008e70 00a72423 sw               x10, 8(x14)         x10:40905baa x14:10001e28  PA:10001e30
20867665ns          351509 1c008e72 cc3f2e63 p.beqimm         x30, -2852          x30:00000005
20867685ns          351510 1c008e76 00c82503 lw               x10, 12(x16)        x10=3f0069b6 x16:10001e14  PA:10001e20
20867705ns          351511 1c008e7a 00c72883 lw               x17, 12(x14)        x17=411e0175 x14:10001e28  PA:10001e34
20868122ns          351532 1c008e7e 88a7f543 fmadd.s          f10, f15, f10, f17  f10=xxxxxxxx f15:c17a31d6 f10:3f0069b6 f17:411e0175
20868142ns          351533 1c008e82 00a72623 sw               x10, 12(x14)        x10:400204e7 x14:10001e28  PA:10001e34
20868162ns          351534 1c008e84 cc5f3563 p.bneimm         x30, -2870          x30:00000005
20868182ns          351535 1c008e88 01082883 lw               x17, 16(x16)        x17=3ec05fcc x16:10001e14  PA:10001e24
20868202ns          351536 1c008e8c 01072503 lw               x10, 16(x14)        x10=410877a6 x14:10001e28  PA:10001e38
20868659ns          351559 1c008e8e 5117f7c3 fmadd.s          f15, f15, f17, f10  f15=xxxxxxxx f15:c17a31d6 f17:3ec05fcc f10:410877a6
20868679ns          351560 1c008e92 00f72823 sw               x15, 16(x14)        x15:4029d897 x14:10001e28  PA:10001e38
20868699ns          351561 1c008e94 cbaff06f jal              x0, -2886          
20868759ns          351564 1c00834e 0147278b p.lw             x15, 20(x14!)       x15=c18f110b x14=10001e3c x14:10001e28  PA:10001e28
20868799ns          351566 1c008352 00f5a22b p.sw             x15, 4(x11!)        x11=10001de0 x15:c18f110b x11:10001ddc  PA:10001ddc
20868878ns          351570 1c0082f6 040f8c63 beq              x31, x0, 88         x31:00000001
20868898ns          351571 1c0082fa 00082503 lw               x10, 0(x16)         x10=3fe2c9cd x16:10001e14  PA:10001e14
20868918ns          351572 1c0082fe 00072883 lw               x17, 0(x14)         x17=4045cf2c x14:10001e3c  PA:10001e3c
20868938ns          351573 1c008302 00472303 lw               x6, 4(x14)           x6=4118471c x14:10001e3c  PA:10001e40
20868978ns          351575 1c008306 611577c3 fmadd.s          f15, f10, f17, f12  f15=xxxxxxxx f10:3fe2c9cd f17:4045cf2c f12:00000000
20868998ns          351576 1c00830a 00482e83 lw               x29, 4(x16)         x29=3dda8fd7 x16:10001e14  PA:10001e18
20869037ns          351578 1c00830e 786ef7c3 fmadd.s          f15, f29, f6, f15   f15=xxxxxxxx f29:3dda8fd7  f6:4118471c f15:40af3cd3
20869057ns          351579 1c008312 022f2863 p.beqimm         x30, 48             x30:00000005
20869077ns          351580 1c008316 00882e03 lw               x28, 8(x16)         x28=3c56ac76 x16:10001e14  PA:10001e1c
20869097ns          351581 1c00831a 00872e83 lw               x29, 8(x14)         x29=41322f0d x14:10001e3c  PA:10001e44
20869137ns          351583 1c00831e 79de77c3 fmadd.s          f15, f28, f29, f15  f15=xxxxxxxx f28:3c56ac76 f29:41322f0d f15:40cfbd5a
20869157ns          351584 1c008322 023f2063 p.beqimm         x30, 32             x30:00000005
20869177ns          351585 1c008326 00c82e03 lw               x28, 12(x16)        x28=3f0069b6 x16:10001e14  PA:10001e20
20869196ns          351586 1c00832a 00c72e83 lw               x29, 12(x14)        x29=3f961c46 x14:10001e3c  PA:10001e48
20869236ns          351588 1c00832e 79de77c3 fmadd.s          f15, f28, f29, f15  f15=xxxxxxxx f28:3f0069b6 f29:3f961c46 f15:40d468b5
20869256ns          351589 1c008332 005f3863 p.bneimm         x30, 16             x30:00000005
20869276ns          351590 1c008336 01082e03 lw               x28, 16(x16)        x28=3ec05fcc x16:10001e14  PA:10001e24
20869296ns          351591 1c00833a 01072e83 lw               x29, 16(x14)        x29=3be3df9b x14:10001e3c  PA:10001e4c
20869336ns          351593 1c00833e 79de77c3 fmadd.s          f15, f28, f29, f15  f15=xxxxxxxx f28:3ec05fcc f29:3be3df9b f15:40e73bbd
20869356ns          351594 1c008342 18a7f7d3 fdiv.s           f15, f15, f10       f15=xxxxxxxx f15:40e75125 f10:3fe2c9cd
20870350ns          351644 1c008346 a0c7aed3 feq.s            x29, f15, f12       x29=00000000 f15:40828e56 f12:00000000
20870370ns          351645 1c00834a 300e80e3 beq              x29, x0, 2816       x29:00000000
20870450ns          351649 1c008e4a 20f797d3 fsgnjn.s         f15, f15, f15       f15=xxxxxxxx f15:40828e56 f15:40828e56
20870469ns          351650 1c008e4e 88a7f543 fmadd.s          f10, f15, f10, f17  f10=xxxxxxxx f15:c0828e56 f10:3fe2c9cd f17:4045cf2c
20870489ns          351651 1c008e52 00a72023 sw               x10, 0(x14)         x10:c084698e x14:10001e3c  PA:10001e3c
20870509ns          351652 1c008e54 00482503 lw               x10, 4(x16)         x10=3dda8fd7 x16:10001e14  PA:10001e18
20870549ns          351654 1c008e58 30a7f343 fmadd.s          f6, f15, f10, f6     f6=xxxxxxxx f15:c0828e56 f10:3dda8fd7  f6:4118471c
20870569ns          351655 1c008e5c 00672223 sw               x6, 4(x14)           x6:41114fb3 x14:10001e3c  PA:10001e40
20870589ns          351656 1c008e60 ce2f2763 p.beqimm         x30, -2834          x30:00000005
20870609ns          351657 1c008e64 00882503 lw               x10, 8(x16)         x10=3c56ac76 x16:10001e14  PA:10001e1c
20870629ns          351658 1c008e68 00872883 lw               x17, 8(x14)         x17=41322f0d x14:10001e3c  PA:10001e44
20870668ns          351660 1c008e6c 88a7f543 fmadd.s          f10, f15, f10, f17  f10=xxxxxxxx f15:c0828e56 f10:3c56ac76 f17:41322f0d
20870688ns          351661 1c008e70 00a72423 sw               x10, 8(x14)         x10:41315417 x14:10001e3c  PA:10001e44
20870708ns          351662 1c008e72 cc3f2e63 p.beqimm         x30, -2852          x30:00000005
20870728ns          351663 1c008e76 00c82503 lw               x10, 12(x16)        x10=3f0069b6 x16:10001e14  PA:10001e20
20870748ns          351664 1c008e7a 00c72883 lw               x17, 12(x14)        x17=3f961c46 x14:10001e3c  PA:10001e48
20870788ns          351666 1c008e7e 88a7f543 fmadd.s          f10, f15, f10, f17  f10=xxxxxxxx f15:c0828e56 f10:3f0069b6 f17:3f961c46
20870808ns          351667 1c008e82 00a72623 sw               x10, 12(x14)        x10:bf5fb016 x14:10001e3c  PA:10001e48
20870827ns          351668 1c008e84 cc5f3563 p.bneimm         x30, -2870          x30:00000005
20870847ns          351669 1c008e88 01082883 lw               x17, 16(x16)        x17=3ec05fcc x16:10001e14  PA:10001e24
20870867ns          351670 1c008e8c 01072503 lw               x10, 16(x14)        x10=3be3df9b x14:10001e3c  PA:10001e4c
20870907ns          351672 1c008e8e 5117f7c3 fmadd.s          f15, f15, f17, f10  f15=xxxxxxxx f15:c0828e56 f17:3ec05fcc f10:3be3df9b
20870927ns          351673 1c008e92 00f72823 sw               x15, 16(x14)        x15:bfc35357 x14:10001e3c  PA:10001e4c
20870947ns          351674 1c008e94 cbaff06f jal              x0, -2886          
20871006ns          351677 1c00834e 0147278b p.lw             x15, 20(x14!)       x15=c084698e x14=10001e50 x14:10001e3c  PA:10001e3c
20871046ns          351679 1c008352 00f5a22b p.sw             x15, 4(x11!)        x11=10001de4 x15:c084698e x11:10001de0  PA:10001de0
20871066ns          351680 1c0082f6 040f8c63 beq              x31, x0, 88         x31:00000001
20871086ns          351681 1c0082fa 00082503 lw               x10, 0(x16)         x10=3fe2c9cd x16:10001e14  PA:10001e14
20871106ns          351682 1c0082fe 00072883 lw               x17, 0(x14)         x17=40420526 x14:10001e50  PA:10001e50
20871126ns          351683 1c008302 00472303 lw               x6, 4(x14)           x6=406c46ab x14:10001e50  PA:10001e54
20871146ns          351684 1c008306 611577c3 fmadd.s          f15, f10, f17, f12  f15=xxxxxxxx f10:3fe2c9cd f17:40420526 f12:00000000
20871166ns          351685 1c00830a 00482e83 lw               x29, 4(x16)         x29=3dda8fd7 x16:10001e14  PA:10001e18
20871205ns          351687 1c00830e 786ef7c3 fmadd.s          f15, f29, f6, f15   f15=xxxxxxxx f29:3dda8fd7  f6:406c46ab f15:40abe17d
20871225ns          351688 1c008312 022f2863 p.beqimm         x30, 48             x30:00000005
20871245ns          351689 1c008316 00882e03 lw               x28, 8(x16)         x28=3c56ac76 x16:10001e14  PA:10001e1c
20871265ns          351690 1c00831a 00872e83 lw               x29, 8(x14)         x29=3f9a0961 x14:10001e50  PA:10001e58
20871305ns          351692 1c00831e 79de77c3 fmadd.s          f15, f28, f29, f15  f15=xxxxxxxx f28:3c56ac76 f29:3f9a0961 f15:40b87d0c
20871325ns          351693 1c008322 023f2063 p.beqimm         x30, 32             x30:00000005
20871345ns          351694 1c008326 00c82e03 lw               x28, 12(x16)        x28=3f0069b6 x16:10001e14  PA:10001e20
20871365ns          351695 1c00832a 00c72e83 lw               x29, 12(x14)        x29=4188f3f6 x14:10001e50  PA:10001e5c
20871404ns          351697 1c00832e 79de77c3 fmadd.s          f15, f28, f29, f15  f15=xxxxxxxx f28:3f0069b6 f29:4188f3f6 f15:40b8fe38
20871424ns          351698 1c008332 005f3863 p.bneimm         x30, 16             x30:00000005
20871444ns          351699 1c008336 01082e03 lw               x28, 16(x16)        x28=3ec05fcc x16:10001e14  PA:10001e24
20871464ns          351700 1c00833a 01072e83 lw               x29, 16(x14)        x29=411933c3 x14:10001e50  PA:10001e60
20871504ns          351702 1c00833e 79de77c3 fmadd.s          f15, f28, f29, f15  f15=xxxxxxxx f28:3ec05fcc f29:411933c3 f15:4165e42d
20871524ns          351703 1c008342 18a7f7d3 fdiv.s           f15, f15, f10       f15=xxxxxxxx f15:418fba20 f10:3fe2c9cd
20871802ns          351717 1c008346 a0c7aed3 feq.s            x29, f15, f12       x29=00000000 f15:41223d6f f12:00000000
20871822ns          351718 1c00834a 300e80e3 beq              x29, x0, 2816       x29:00000000
20871902ns          351722 1c008e4a 20f797d3 fsgnjn.s         f15, f15, f15       f15=xxxxxxxx f15:41223d6f f15:41223d6f
20871921ns          351723 1c008e4e 88a7f543 fmadd.s          f10, f15, f10, f17  f10=xxxxxxxx f15:c1223d6f f10:3fe2c9cd f17:40420526
20871941ns          351724 1c008e52 00a72023 sw               x10, 0(x14)         x10:c16ef2f7 x14:10001e50  PA:10001e50
20871961ns          351725 1c008e54 00482503 lw               x10, 4(x16)         x10=3dda8fd7 x16:10001e14  PA:10001e18
20872001ns          351727 1c008e58 30a7f343 fmadd.s          f6, f15, f10, f6     f6=xxxxxxxx f15:c1223d6f f10:3dda8fd7  f6:406c46ab
20872021ns          351728 1c008e5c 00672223 sw               x6, 4(x14)           x6:402704ee x14:10001e50  PA:10001e54
20872041ns          351729 1c008e60 ce2f2763 p.beqimm         x30, -2834          x30:00000005
20872061ns          351730 1c008e64 00882503 lw               x10, 8(x16)         x10=3c56ac76 x16:10001e14  PA:10001e1c
20872081ns          351731 1c008e68 00872883 lw               x17, 8(x14)         x17=3f9a0961 x14:10001e50  PA:10001e58
20872120ns          351733 1c008e6c 88a7f543 fmadd.s          f10, f15, f10, f17  f10=xxxxxxxx f15:c1223d6f f10:3c56ac76 f17:3f9a0961
20872140ns          351734 1c008e70 00a72423 sw               x10, 8(x14)         x10:3f8907cc x14:10001e50  PA:10001e58
20872160ns          351735 1c008e72 cc3f2e63 p.beqimm         x30, -2852          x30:00000005
20872180ns          351736 1c008e76 00c82503 lw               x10, 12(x16)        x10=3f0069b6 x16:10001e14  PA:10001e20
20872200ns          351737 1c008e7a 00c72883 lw               x17, 12(x14)        x17=4188f3f6 x14:10001e50  PA:10001e5c
20872240ns          351739 1c008e7e 88a7f543 fmadd.s          f10, f15, f10, f17  f10=xxxxxxxx f15:c1223d6f f10:3f0069b6 f17:4188f3f6
20872260ns          351740 1c008e82 00a72623 sw               x10, 12(x14)        x10:41408636 x14:10001e50  PA:10001e5c
20872279ns          351741 1c008e84 cc5f3563 p.bneimm         x30, -2870          x30:00000005
20872299ns          351742 1c008e88 01082883 lw               x17, 16(x16)        x17=3ec05fcc x16:10001e14  PA:10001e24
20872339ns          351744 1c008e8c 01072503 lw               x10, 16(x14)        x10=411933c3 x14:10001e50  PA:10001e60
20872379ns          351746 1c008e8e 5117f7c3 fmadd.s          f15, f15, f17, f10  f15=xxxxxxxx f15:c1223d6f f17:3ec05fcc f10:411933c3
20872399ns          351747 1c008e92 00f72823 sw               x15, 16(x14)        x15:40b87cbd x14:10001e50  PA:10001e60
20872419ns          351748 1c008e94 cbaff06f jal              x0, -2886          
20872478ns          351751 1c00834e 0147278b p.lw             x15, 20(x14!)       x15=c16ef2f7 x14=10001e64 x14:10001e50  PA:10001e50
20872518ns          351753 1c008352 00f5a22b p.sw             x15, 4(x11!)        x11=10001de8 x15:c16ef2f7 x11:10001de4  PA:10001de4
20872538ns          351754 1c0082f6 040f8c63 beq              x31, x0, 88         x31:00000001
20872558ns          351755 1c0082fa 00082503 lw               x10, 0(x16)         x10=3fe2c9cd x16:10001e14  PA:10001e14
20872578ns          351756 1c0082fe 00072883 lw               x17, 0(x14)         x17=404e43b3 x14:10001e64  PA:10001e64
20872598ns          351757 1c008302 00472303 lw               x6, 4(x14)           x6=40fc798d x14:10001e64  PA:10001e68
20872618ns          351758 1c008306 611577c3 fmadd.s          f15, f10, f17, f12  f15=xxxxxxxx f10:3fe2c9cd f17:404e43b3 f12:00000000
20872638ns          351759 1c00830a 00482e83 lw               x29, 4(x16)         x29=3dda8fd7 x16:10001e14  PA:10001e18
20872677ns          351761 1c00830e 786ef7c3 fmadd.s          f15, f29, f6, f15   f15=xxxxxxxx f29:3dda8fd7  f6:40fc798d f15:40b6ba5c
20872697ns          351762 1c008312 022f2863 p.beqimm         x30, 48             x30:00000005
20872717ns          351763 1c008316 00882e03 lw               x28, 8(x16)         x28=3c56ac76 x16:10001e14  PA:10001e1c
20872737ns          351764 1c00831a 00872e83 lw               x29, 8(x14)         x29=40d6e020 x14:10001e64  PA:10001e6c
20872777ns          351766 1c00831e 79de77c3 fmadd.s          f15, f28, f29, f15  f15=xxxxxxxx f28:3c56ac76 f29:40d6e020 f15:40d1ac08
20872797ns          351767 1c008322 023f2063 p.beqimm         x30, 32             x30:00000005
20872817ns          351768 1c008326 00c82e03 lw               x28, 12(x16)        x28=3f0069b6 x16:10001e14  PA:10001e20
20872836ns          351769 1c00832a 00c72e83 lw               x29, 12(x14)        x29=3f8c4e6d x14:10001e64  PA:10001e70
20872876ns          351771 1c00832e 79de77c3 fmadd.s          f15, f28, f29, f15  f15=xxxxxxxx f28:3f0069b6 f29:3f8c4e6d f15:40d47cc8
20872896ns          351772 1c008332 005f3863 p.bneimm         x30, 16             x30:00000005
20872916ns          351773 1c008336 01082e03 lw               x28, 16(x16)        x28=3ec05fcc x16:10001e14  PA:10001e24
20872936ns          351774 1c00833a 01072e83 lw               x29, 16(x14)        x29=4189eac1 x14:10001e64  PA:10001e74
20872976ns          351776 1c00833e 79de77c3 fmadd.s          f15, f28, f29, f15  f15=xxxxxxxx f28:3ec05fcc f29:4189eac1 f15:40e61512
20872996ns          351777 1c008342 18a7f7d3 fdiv.s           f15, f15, f10       f15=xxxxxxxx f15:415aae36 f10:3fe2c9cd
20873314ns          351793 1c008346 a0c7aed3 feq.s            x29, f15, f12       x29=00000000 f15:40f6d910 f12:00000000
20873334ns          351794 1c00834a 300e80e3 beq              x29, x0, 2816       x29:00000000
20873413ns          351798 1c008e4a 20f797d3 fsgnjn.s         f15, f15, f15       f15=xxxxxxxx f15:40f6d910 f15:40f6d910
20873433ns          351799 1c008e4e 88a7f543 fmadd.s          f10, f15, f10, f17  f10=xxxxxxxx f15:c0f6d910 f10:3fe2c9cd f17:404e43b3
20873453ns          351800 1c008e52 00a72023 sw               x10, 0(x14)         x10:c1271d49 x14:10001e64  PA:10001e64
20873473ns          351801 1c008e54 00482503 lw               x10, 4(x16)         x10=3dda8fd7 x16:10001e14  PA:10001e18
20873513ns          351803 1c008e58 30a7f343 fmadd.s          f6, f15, f10, f6     f6=xxxxxxxx f15:c0f6d910 f10:3dda8fd7  f6:40fc798d
20873533ns          351804 1c008e5c 00672223 sw               x6, 4(x14)           x6:40e2219c x14:10001e64  PA:10001e68
20873553ns          351805 1c008e60 ce2f2763 p.beqimm         x30, -2834          x30:00000005
20873572ns          351806 1c008e64 00882503 lw               x10, 8(x16)         x10=3c56ac76 x16:10001e14  PA:10001e1c
20873592ns          351807 1c008e68 00872883 lw               x17, 8(x14)         x17=40d6e020 x14:10001e64  PA:10001e6c
20873632ns          351809 1c008e6c 88a7f543 fmadd.s          f10, f15, f10, f17  f10=xxxxxxxx f15:c0f6d910 f10:3c56ac76 f17:40d6e020
20873652ns          351810 1c008e70 00a72423 sw               x10, 8(x14)         x10:40d3a421 x14:10001e64  PA:10001e6c
20873672ns          351811 1c008e72 cc3f2e63 p.beqimm         x30, -2852          x30:00000005
20873692ns          351812 1c008e76 00c82503 lw               x10, 12(x16)        x10=3f0069b6 x16:10001e14  PA:10001e20
20873732ns          351814 1c008e7a 00c72883 lw               x17, 12(x14)        x17=3f8c4e6d x14:10001e64  PA:10001e70
20873771ns          351816 1c008e7e 88a7f543 fmadd.s          f10, f15, f10, f17  f10=xxxxxxxx f15:c0f6d910 f10:3f0069b6 f17:3f8c4e6d
20873791ns          351817 1c008e82 00a72623 sw               x10, 12(x14)        x10:c0317db7 x14:10001e64  PA:10001e70
20873811ns          351818 1c008e84 cc5f3563 p.bneimm         x30, -2870          x30:00000005
20873831ns          351819 1c008e88 01082883 lw               x17, 16(x16)        x17=3ec05fcc x16:10001e14  PA:10001e24
20873851ns          351820 1c008e8c 01072503 lw               x10, 16(x14)        x10=4189eac1 x14:10001e64  PA:10001e74
20873891ns          351822 1c008e8e 5117f7c3 fmadd.s          f15, f15, f17, f10  f15=xxxxxxxx f15:c0f6d910 f17:3ec05fcc f10:4189eac1
20873911ns          351823 1c008e92 00f72823 sw               x15, 16(x14)        x15:416575b7 x14:10001e64  PA:10001e74
20873930ns          351824 1c008e94 cbaff06f jal              x0, -2886          
20873990ns          351827 1c00834e 0147278b p.lw             x15, 20(x14!)       x15=c1271d49 x14=10001e78 x14:10001e64  PA:10001e64
20874030ns          351829 1c008352 00f5a22b p.sw             x15, 4(x11!)        x11=10001dec x15:c1271d49 x11:10001de8  PA:10001de8
20874050ns          351830 1c008356 00082703 lw               x14, 0(x16)         x14=3fe2c9cd x16:10001e14  PA:10001e14
20874070ns          351831 1c00835a 00482783 lw               x15, 4(x16)         x15=3dda8fd7 x16:10001e14  PA:10001e18
20874109ns          351833 1c00835e 00e3a023 sw               x14, 0(x7)          x14:3fe2c9cd  x7:10001f20  PA:10001f20
20874149ns          351835 1c008362 00f3a223 sw               x15, 4(x7)          x15:3dda8fd7  x7:10001f20  PA:10001f24
20874169ns          351836 1c008366 01200533 add              x10, x0, x18        x10=00000001 x18:00000001
20874189ns          351837 1c008368 00412e03 lw               x28, 4(x2)          x28=10001dd8  x2:10001d98  PA:10001d9c
20874209ns          351838 1c00836a 3659a863 p.beqimm         x19, 880            x19:00000002
20874269ns          351841 1c00836e 00882783 lw               x15, 8(x16)         x15=3c56ac76 x16:10001e14  PA:10001e1c
20874308ns          351843 1c008372 00f3a423 sw               x15, 8(x7)          x15:3c56ac76  x7:10001f20  PA:10001f28
20874328ns          351844 1c008376 00392c63 p.beqimm         x18, 24             x18:00000001
20874348ns          351845 1c00837a 00c82783 lw               x15, 12(x16)        x15=3f0069b6 x16:10001e14  PA:10001e20
20874786ns          351867 1c00837e 00f3a623 sw               x15, 12(x7)         x15:3f0069b6  x7:10001f20  PA:10001f2c
20874826ns          351869 1c008382 34193c63 p.bneimm         x18, 856            x18:00000001
20874845ns          351870 1c008386 000ca783 lw               x15, 0(x25)         x15=3ec05fcc x25:10001e24  PA:10001e24
20874885ns          351872 1c00838a 00fd2023 sw               x15, 0(x26)         x15:3ec05fcc x26:10001f30  PA:10001f30
20874905ns          351873 1c00838e 00500893 addi             x17, x0, 5          x17=00000005
20875303ns          351893 1c008390 40a888b3 sub              x17, x17, x10       x17=00000004 x17:00000005 x10:00000001
20875343ns          351895 1c008394 011985b3 add              x11, x19, x17       x11=00000006 x19:00000002 x17:00000004
20875363ns          351896 1c008398 00b9c463 blt              x19, x11, 8         x19:00000002 x11:00000006
20875860ns          351921 1c0083a0 004e2703 lw               x14, 4(x28)         x14=c18f110b x28:10001dd8  PA:10001ddc
20875900ns          351923 1c0083a4 a0c717d3 flt.s            x15, f14, f12       x15=00000001 f14:c18f110b f12:00000000
20875920ns          351924 1c0083a8 00078363 beq              x15, x0, 6          x15:00000001
20875939ns          351925 1c0083aa 20e71753 fsgnjn.s         f14, f14, f14       f14=xxxxxxxx f14:c18f110b f14:c18f110b
20876357ns          351946 1c0083ae 1c000fb7 lui              x31, 0x1c000000     x31=1c000000
20876397ns          351948 1c0083b2 01cf8f93 addi             x31, x31, 28        x31=1c00001c x31:1c000000
20876417ns          351949 1c0083b6 000faf83 lw               x31, 0(x31)         x31=00800000 x31:1c00001c  PA:1c00001c
20876854ns          351971 1c0083ba a0ef97d3 flt.s            x15, f31, f14       x15=00000001 f31:00800000 f14:418f110b
20876874ns          351972 1c0083be 00078363 beq              x15, x0, 6          x15:00000001
20876894ns          351973 1c0083c0 4410106f jal              x0, 7232           
20877391ns          351998 1c00a000 1c000eb7 lui              x29, 0x1c000000     x29=1c000000
20877431ns          352000 1c00a004 01ce8e93 addi             x29, x29, 28        x29=1c00001c x29:1c000000
20877451ns          352001 1c00a008 1c000fb7 lui              x31, 0x1c000000     x31=1c000000
20877471ns          352002 1c00a00c 000eae83 lw               x29, 0(x29)         x29=00800000 x29:1c00001c  PA:1c00001c
20877928ns          352025 1c00a010 020f8f93 addi             x31, x31, 32        x31=1c000020 x31:1c000000
20877948ns          352026 1c00a014 18eef7d3 fdiv.s           f15, f29, f14       f15=xxxxxxxx f29:00800000 f14:418f110b
20878983ns          352078 1c00a018 10c7f6d3 fmul.s           f13, f15, f12       f13=xxxxxxxx f15:00072852 f12:00000000
20879003ns          352079 1c00a01c 000faf83 lw               x31, 0(x31)         x31=3f800000 x31:1c000020  PA:1c000020
20879341ns          352096 1c00a020 f8d7f7c3 fmadd.s          f15, f15, f13, f31  f15=xxxxxxxx f15:00072852 f13:00000000 f31:3f800000
20879361ns          352097 1c00a024 baafe06f jal              x0, -7254          
20879460ns          352102 1c0083ce 00250693 addi             x13, x10, 2         x13=00000003 x10:00000001
20879500ns          352104 1c0083d2 0eb6db63 bge              x13, x11, 246       x13:00000003 x11:00000006
20879520ns          352105 1c0083d6 008e2683 lw               x13, 8(x28)         x13=c084698e x28:10001dd8  PA:10001de0
20879560ns          352107 1c0083da a0c69353 flt.s            x6, f13, f12         x6=00000001 f13:c084698e f12:00000000
20879679ns          352113 1c0083de 00030463 beq              x6, x0, 8            x6:00000001
20879719ns          352115 1c0083e2 20d696d3 fsgnjn.s         f13, f13, f13       f13=xxxxxxxx f13:c084698e f13:c084698e
20879739ns          352116 1c0083e6 a0d71353 flt.s            x6, f14, f13         x6=00000000 f14:418f110b f13:4084698e
20879758ns          352117 1c0083ea 00030463 beq              x6, x0, 8            x6:00000000
20880276ns          352143 1c0083f2 18e6f353 fdiv.s           f6, f13, f14         f6=xxxxxxxx f13:4084698e f14:418f110b
20881051ns          352182 1c0083f6 00e006b3 add              x13, x0, x14        x13=xxxxxxxx x14:418f110b
20881071ns          352183 1c0083f8 00350713 addi             x14, x10, 3         x14=xxxxxxxx x10:00000001
20881310ns          352195 1c0083fc 786377c3 fmadd.s          f15, f6, f6, f15    f15=xxxxxxxx  f6:3e6cef7f  f6:3e6cef7f f15:3f800000
20881330ns          352196 1c008400 00b74463 blt              x14, x11, 8         x14:00000004 x11:00000006
20881389ns          352199 1c008408 00ce2703 lw               x14, 12(x28)        x14=c16ef2f7 x28:10001dd8  PA:10001de4
20881429ns          352201 1c00840c a0c71353 flt.s            x6, f14, f12         x6=00000001 f14:c16ef2f7 f12:00000000
20881469ns          352203 1c008410 00030463 beq              x6, x0, 8            x6:00000001
20881509ns          352205 1c008414 20e71753 fsgnjn.s         f14, f14, f14       f14=xxxxxxxx f14:c16ef2f7 f14:c16ef2f7
20881529ns          352206 1c008418 a0e69353 flt.s            x6, f13, f14         x6=00000000 f13:418f110b f14:416ef2f7
20881549ns          352207 1c00841c 00030463 beq              x6, x0, 8            x6:00000000
20882046ns          352232 1c008424 18d77353 fdiv.s           f6, f14, f13         f6=xxxxxxxx f14:416ef2f7 f13:418f110b
20882841ns          352272 1c008428 786377c3 fmadd.s          f15, f6, f6, f15    f15=xxxxxxxx  f6:3f55c8f3  f6:3f55c8f3 f15:3f86da54
20882861ns          352273 1c00842c 00d00733 add              x14, x0, x13        x14=418f110b x13:418f110b
20882881ns          352274 1c00842e 00450693 addi             x13, x10, 4         x13=00000005 x10:00000001
20882901ns          352275 1c008432 08b6db63 bge              x13, x11, 150       x13:00000005 x11:00000006
20882921ns          352276 1c008436 010e2683 lw               x13, 16(x28)        x13=c1271d49 x28:10001dd8  PA:10001de8
20882961ns          352278 1c00843a a0c69353 flt.s            x6, f13, f12         x6=00000001 f13:c1271d49 f12:00000000
20883200ns          352290 1c00843e 00030463 beq              x6, x0, 8            x6:00000001
20883239ns          352292 1c008442 20d696d3 fsgnjn.s         f13, f13, f13       f13=xxxxxxxx f13:c1271d49 f13:c1271d49
20883259ns          352293 1c008446 a0d71353 flt.s            x6, f14, f13         x6=00000000 f14:418f110b f13:41271d49
20883279ns          352294 1c00844a 00030463 beq              x6, x0, 8            x6:00000000
20883876ns          352324 1c008452 18e6f353 fdiv.s           f6, f13, f14         f6=xxxxxxxx f13:41271d49 f14:418f110b
20884632ns          352362 1c008456 786377c3 fmadd.s          f15, f6, f6, f15    f15=xxxxxxxx  f6:3f1583eb  f6:3f1583eb f15:3fe01e55
20884652ns          352363 1c00845a 00e006b3 add              x13, x0, x14        x13=418f110b x14:418f110b
20884671ns          352364 1c00845c 00550713 addi             x14, x10, 5         x14=00000006 x10:00000001
20884691ns          352365 1c008460 00b74463 blt              x14, x11, 8         x14:00000006 x11:00000006
20884711ns          352366 1c008464 3f70106f jal              x0, 7158           
20884791ns          352370 1c00a05a 00d00733 add              x14, x0, x13        x14=418f110b x13:418f110b
20884831ns          352372 1c00a05c c6cfe06f jal              x0, -7060          
20885029ns          352382 1c0084c8 5807f7d3 fsqrt.s          f15, f15            f15=xxxxxxxx f15:4005e3df
20885805ns          352421 1c0084cc 10f77753 fmul.s           f14, f14, f15       f14=xxxxxxxx f14:418f110b f15:3fb9232f
20885825ns          352422 1c0084d0 a0c727d3 feq.s            x15, f14, f12       x15=00000000 f14:41ceedf5 f12:00000000
20885845ns          352423 1c0084d4 200799e3 bne              x15, x0, 2578       x15:00000000
20885865ns          352424 1c0084d8 004e2783 lw               x15, 4(x28)         x15=c18f110b x28:10001dd8  PA:10001ddc
20885905ns          352426 1c0084dc a0c796d3 flt.s            x13, f15, f12       x13=00000001 f15:c18f110b f12:00000000
20886044ns          352433 1c0084e0 00068363 beq              x13, x0, 6          x13:00000001
20886084ns          352435 1c0084e2 5a50106f jal              x0, 7588           
20886601ns          352461 1c00a286 20e71753 fsgnjn.s         f14, f14, f14       f14=xxxxxxxx f14:41ceedf5 f14:41ceedf5
20886621ns          352462 1c00a28a 00ee2023 sw               x14, 0(x28)         x14:c1ceedf5 x28:10001dd8  PA:10001dd8
20887038ns          352483 1c00a28e a5cfe06f jal              x0, -7588          
20887098ns          352486 1c0084ea a0c716d3 flt.s            x13, f14, f12       x13=00000001 f14:c1ceedf5 f12:00000000
20887118ns          352487 1c0084ee 00068363 beq              x13, x0, 6          x13:00000001
20887556ns          352509 1c0084f0 58f0106f jal              x0, 7566           
20888093ns          352536 1c00a27e 20e716d3 fsgnjn.s         f13, f14, f14       f13=xxxxxxxx f14:c1ceedf5 f14:c1ceedf5
20888113ns          352537 1c00a282 a74fe06f jal              x0, -7564          
20888232ns          352543 1c0084f6 1c000337 lui              x6, 0x1c000000       x6=1c000000
20888252ns          352544 1c0084fa 02830313 addi             x6, x6, 40           x6=1c000028  x6:1c000000
20888650ns          352564 1c0084fe 00032303 lw               x6, 0(x6)            x6=0c000000  x6:1c000028  PA:1c000028
20888988ns          352581 1c008502 a0d306d3 fle.s            x13, f6, f13        x13=00000001  f6:0c000000 f13:41ceedf5
20889008ns          352582 1c008506 00068363 beq              x13, x0, 6          x13:00000001
20889028ns          352583 1c008508 4730106f jal              x0, 7282           
20889962ns          352630 1c00a17a 008e2683 lw               x13, 8(x28)         x13=c084698e x28:10001dd8  PA:10001de0
20890400ns          352652 1c00a17e 1c000fb7 lui              x31, 0x1c000000     x31=1c000000
20890440ns          352654 1c00a182 020f8f93 addi             x31, x31, 32        x31=1c000020 x31:1c000000
20890460ns          352655 1c00a186 000faf83 lw               x31, 0(x31)         x31=3f800000 x31:1c000020  PA:1c000020
20890877ns          352676 1c00a18a 18eff753 fdiv.s           f14, f31, f14       f14=xxxxxxxx f31:3f800000 f14:c1ceedf5
20891792ns          352722 1c00a18e 10e7f7d3 fmul.s           f15, f15, f14       f15=xxxxxxxx f15:c18f110b f14:bd1e5a7a
20891812ns          352723 1c00a192 10e6f6d3 fmul.s           f13, f13, f14       f13=xxxxxxxx f13:c084698e f14:bd1e5a7a
20891832ns          352724 1c00a196 00fe2223 sw               x15, 4(x28)         x15:3f30fe2a x28:10001dd8  PA:10001ddc
20891852ns          352725 1c00a19a 00de2423 sw               x13, 8(x28)         x13:3e23cfe4 x28:10001dd8  PA:10001de0
20891912ns          352728 1c00a19e 1c352063 p.beqimm         x10, 448            x10:00000001
20891951ns          352730 1c00a1a2 00ce2783 lw               x15, 12(x28)        x15=c16ef2f7 x28:10001dd8  PA:10001de4
20891991ns          352732 1c00a1a6 10e7f7d3 fmul.s           f15, f15, f14       f15=xxxxxxxx f15:c16ef2f7 f14:bd1e5a7a
20892011ns          352733 1c00a1aa 00fe2623 sw               x15, 12(x28)        x15:3f13ce68 x28:10001dd8  PA:10001de4
20892071ns          352736 1c00a1ae 00152463 p.beqimm         x10, 8              x10:00000001
20892130ns          352739 1c00a1b6 05012783 lw               x15, 80(x2)         x15=c1271d49  x2:10001d98  PA:10001de8
20892170ns          352741 1c00a1b8 10e7f753 fmul.s           f14, f15, f14       f14=xxxxxxxx f15:c1271d49 f14:bd1e5a7a
20892190ns          352742 1c00a1bc 04e12823 sw               x14, 80(x2)         x14:3ecebe46  x2:10001d98  PA:10001de8
20893085ns          352787 1c00a1be b82fe06f jal              x0, -7294          
20893165ns          352791 1c008540 1c0006b7 lui              x13, 0x1c000000     x13=1c000000
20893205ns          352793 1c008544 02068693 addi             x13, x13, 32        x13=1c000020 x13:1c000000
20893224ns          352794 1c008548 004e2783 lw               x15, 4(x28)         x15=3f30fe2a x28:10001dd8  PA:10001ddc
20893244ns          352795 1c00854c 0006a683 lw               x13, 0(x13)         x13=3f800000 x13:1c000020  PA:1c000020
20893602ns          352813 1c00854e 000e2703 lw               x14, 0(x28)         x14=c1ceedf5 x28:10001dd8  PA:10001dd8
20893642ns          352815 1c008552 00d7f7d3 fadd.s           f15, f15, f13       f15=xxxxxxxx f15:3f30fe2a f13:3f800000
20893662ns          352816 1c008556 20e71753 fsgnjn.s         f14, f14, f14       f14=xxxxxxxx f14:c1ceedf5 f14:c1ceedf5
20893682ns          352817 1c00855a 00ee2023 sw               x14, 0(x28)         x14:41ceedf5 x28:10001dd8  PA:10001dd8
20894139ns          352840 1c00855e 00fe2223 sw               x15, 4(x28)         x15:3fd87f15 x28:10001dd8  PA:10001ddc
20894179ns          352842 1c008562 0004a023 sw               x0, 0(x9)            x9:10001df0  PA:10001df0
20894199ns          352843 1c008566 0004a223 sw               x0, 4(x9)            x9:10001df0  PA:10001df4
20894219ns          352844 1c00856a 0004a423 sw               x0, 8(x9)            x9:10001df0  PA:10001df8
20894637ns          352865 1c00856e 00153363 p.bneimm         x10, 6              x10:00000001
20894657ns          352866 1c008572 06012223 sw               x0, 100(x2)          x2:10001d98  PA:10001dfc
20894676ns          352867 1c008574 00251313 slli             x6, x10, 0x2         x6=00000004 x10:00000001
20894696ns          352868 1c008578 0048a463 p.beqimm         x17, 8              x17:00000004
20895214ns          352894 1c008580 0e010593 addi             x11, x2, 224        x11=10001e78  x2:10001d98
20895233ns          352895 1c008582 00658733 add              x14, x11, x6        x14=10001e7c x11:10001e78  x6:00000004
20895253ns          352896 1c008586 f6072703 lw               x14, -160(x14)      x14=3fd87f15 x14:10001e7c  PA:10001ddc
20895293ns          352898 1c00858a a0c726d3 feq.s            x13, f14, f12       x13=00000000 f14:3fd87f15 f12:00000000
20895313ns          352899 1c00858e 00069363 bne              x13, x0, 6          x13:00000000
20895711ns          352919 1c008590 53f0106f jal              x0, 7486           
20896626ns          352965 1c00a2ce 0044ae83 lw               x29, 4(x9)          x29=00000000  x9:10001df0  PA:10001df4
20896646ns          352966 1c00a2d2 0004a683 lw               x13, 0(x9)          x13=00000000  x9:10001df0  PA:10001df0
20896666ns          352967 1c00a2d4 0084a903 lw               x18, 8(x9)          x18=00000000  x9:10001df0  PA:10001df8
20896685ns          352968 1c00a2d8 01882583 lw               x11, 24(x16)        x11=418ec29e x16:10001e14  PA:10001e2c
20896705ns          352969 1c00a2dc 02082f83 lw               x31, 32(x16)        x31=400204e7 x16:10001e14  PA:10001e34
20897143ns          352991 1c00a2e0 01c82883 lw               x17, 28(x16)        x17=40905baa x16:10001e14  PA:10001e30
20897183ns          352993 1c00a2e4 68b776c3 fmadd.s          f13, f14, f11, f13  f13=xxxxxxxx f14:3fd87f15 f11:418ec29e f13:00000000
20897203ns          352994 1c00a2e8 e91778c3 fmadd.s          f17, f14, f17, f29  f17=xxxxxxxx f14:3fd87f15 f17:40905baa f29:00000000
20897222ns          352995 1c00a2ec 91f775c3 fmadd.s          f11, f14, f31, f18  f11=xxxxxxxx f14:3fd87f15 f31:400204e7 f18:00000000
20897640ns          353016 1c00a2f0 02482e83 lw               x29, 36(x16)        x29=4029d897 x16:10001e14  PA:10001e38
20897680ns          353018 1c00a2f4 00c4af83 lw               x31, 12(x9)         x31=00000000  x9:10001df0  PA:10001dfc
20897700ns          353019 1c00a2f8 00d4a023 sw               x13, 0(x9)          x13:41f17627  x9:10001df0  PA:10001df0
20897720ns          353020 1c00a2fa f9d77743 fmadd.s          f14, f14, f29, f31  f14=xxxxxxxx f14:3fd87f15 f29:4029d897 f31:00000000
20898197ns          353044 1c00a2fe 0114a223 sw               x17, 4(x9)          x17:40f42a02  x9:10001df0  PA:10001df4
20898217ns          353045 1c00a302 00b4a423 sw               x11, 8(x9)          x11:405be95c  x9:10001df0  PA:10001df8
20898237ns          353046 1c00a304 00e4a623 sw               x14, 12(x9)         x14:408fa310  x9:10001df0  PA:10001dfc
20898257ns          353047 1c00a306 a8efe06f jal              x0, -7538          
20898297ns          353049 1c008594 0459a363 p.beqimm         x19, 70             x19:00000002
20898316ns          353050 1c008598 00299713 slli             x14, x19, 0x2       x14=00000008 x19:00000002
20898336ns          353051 1c00859c 0e010593 addi             x11, x2, 224        x11=10001e78  x2:10001d98
20898356ns          353052 1c00859e 00b70733 add              x14, x14, x11       x14=10001e80 x14:00000008 x11:10001e78
20898774ns          353073 1c0085a0 f6072703 lw               x14, -160(x14)      x14=3e23cfe4 x14:10001e80  PA:10001de0
20898834ns          353076 1c0085a4 a0c726d3 feq.s            x13, f14, f12       x13=00000000 f14:3e23cfe4 f12:00000000
20898854ns          353077 1c0085a8 00069363 bne              x13, x0, 6          x13:00000000
20898873ns          353078 1c0085aa 79b0106f jal              x0, 8090           
20899749ns          353122 1c00a544 0044ae83 lw               x29, 4(x9)          x29=40f42a02  x9:10001df0  PA:10001df4
20899788ns          353124 1c00a548 0004a683 lw               x13, 0(x9)          x13=41f17627  x9:10001df0  PA:10001df0
20899808ns          353125 1c00a54a 0084a903 lw               x18, 8(x9)          x18=405be95c  x9:10001df0  PA:10001df8
20900246ns          353147 1c00a54e 02c82583 lw               x11, 44(x16)        x11=41114fb3 x16:10001e14  PA:10001e40
20900286ns          353149 1c00a552 03482f83 lw               x31, 52(x16)        x31=bf5fb016 x16:10001e14  PA:10001e48
20900306ns          353150 1c00a556 03082883 lw               x17, 48(x16)        x17=41315417 x16:10001e14  PA:10001e44
20900325ns          353151 1c00a55a 68b776c3 fmadd.s          f13, f14, f11, f13  f13=xxxxxxxx f14:3e23cfe4 f11:41114fb3 f13:41f17627
20900783ns          353174 1c00a55e e91778c3 fmadd.s          f17, f14, f17, f29  f17=xxxxxxxx f14:3e23cfe4 f17:41315417 f29:40f42a02
20900823ns          353176 1c00a562 91f775c3 fmadd.s          f11, f14, f31, f18  f11=xxxxxxxx f14:3e23cfe4 f31:bf5fb016 f18:405be95c
20900843ns          353177 1c00a566 03882e83 lw               x29, 56(x16)        x29=bfc35357 x16:10001e14  PA:10001e4c
20900863ns          353178 1c00a56a 00c4af83 lw               x31, 12(x9)         x31=408fa310  x9:10001df0  PA:10001dfc
20900882ns          353179 1c00a56e 00d4a023 sw               x13, 0(x9)          x13:41fd159f  x9:10001df0  PA:10001df0
20901280ns          353199 1c00a570 f9d77743 fmadd.s          f14, f14, f29, f31  f14=xxxxxxxx f14:3e23cfe4 f29:bfc35357 f31:408fa310
20901320ns          353201 1c00a574 0114a223 sw               x17, 4(x9)          x17:41167324  x9:10001df0  PA:10001df4
20901340ns          353202 1c00a578 00b4a423 sw               x11, 8(x9)          x11:4052f730  x9:10001df0  PA:10001df8
20901360ns          353203 1c00a57a 00e4a623 sw               x14, 12(x9)         x14:4087d345  x9:10001df0  PA:10001dfc
20901380ns          353204 1c00a57c 832fe06f jal              x0, -8142          
20901877ns          353229 1c0085ae 00250713 addi             x14, x10, 2         x14=00000003 x10:00000001
20901897ns          353230 1c0085b2 02572463 p.beqimm         x14, 40             x14:00000003
20901917ns          353231 1c0085b6 00271713 slli             x14, x14, 0x2       x14=0000000c x14:00000003
20901937ns          353232 1c0085b8 0e010593 addi             x11, x2, 224        x11=10001e78  x2:10001d98
20901956ns          353233 1c0085ba 00b70733 add              x14, x14, x11       x14=10001e84 x14:0000000c x11:10001e78
20901976ns          353234 1c0085bc f6072703 lw               x14, -160(x14)      x14=3f13ce68 x14:10001e84  PA:10001de4
20902374ns          353254 1c0085c0 a0c726d3 feq.s            x13, f14, f12       x13=00000000 f14:3f13ce68 f12:00000000
20902414ns          353256 1c0085c4 00069363 bne              x13, x0, 6          x13:00000000
20902434ns          353257 1c0085c6 6f90106f jal              x0, 7928           
20903369ns          353304 1c00a4be 0044ae83 lw               x29, 4(x9)          x29=41167324  x9:10001df0  PA:10001df4
20903389ns          353305 1c00a4c2 0004a683 lw               x13, 0(x9)          x13=41fd159f  x9:10001df0  PA:10001df0
20903409ns          353306 1c00a4c4 0084a903 lw               x18, 8(x9)          x18=4052f730  x9:10001df0  PA:10001df8
20903428ns          353307 1c00a4c8 04082583 lw               x11, 64(x16)        x11=402704ee x16:10001e14  PA:10001e54
20903448ns          353308 1c00a4cc 04882f83 lw               x31, 72(x16)        x31=41408636 x16:10001e14  PA:10001e5c
20903886ns          353330 1c00a4d0 04482883 lw               x17, 68(x16)        x17=3f8907cc x16:10001e14  PA:10001e58
20903926ns          353332 1c00a4d4 68b776c3 fmadd.s          f13, f14, f11, f13  f13=xxxxxxxx f14:3f13ce68 f11:402704ee f13:41fd159f
20903946ns          353333 1c00a4d8 e91778c3 fmadd.s          f17, f14, f17, f29  f17=xxxxxxxx f14:3f13ce68 f17:3f8907cc f29:41167324
20903965ns          353334 1c00a4dc 91f775c3 fmadd.s          f11, f14, f31, f18  f11=xxxxxxxx f14:3f13ce68 f31:41408636 f18:4052f730
20904403ns          353356 1c00a4e0 04c82e83 lw               x29, 76(x16)        x29=40b87cbd x16:10001e14  PA:10001e60
20904443ns          353358 1c00a4e4 00c4af83 lw               x31, 12(x9)         x31=4087d345  x9:10001df0  PA:10001dfc
20904463ns          353359 1c00a4e8 00d4a023 sw               x13, 0(x9)          x13:420491b7  x9:10001df0  PA:10001df0
20904483ns          353360 1c00a4ea f9d77743 fmadd.s          f14, f14, f29, f31  f14=xxxxxxxx f14:3f13ce68 f29:40b87cbd f31:4087d345
20904900ns          353381 1c00a4ee 0114a223 sw               x17, 4(x9)          x17:412056e3  x9:10001df0  PA:10001df4
20904920ns          353382 1c00a4f2 00b4a423 sw               x11, 8(x9)          x11:4123e617  x9:10001df0  PA:10001df8
20904940ns          353383 1c00a4f4 00e4a623 sw               x14, 12(x9)         x14:40f257a5  x9:10001df0  PA:10001dfc
20904960ns          353384 1c00a4f6 8d4fe06f jal              x0, -7980          
20905020ns          353387 1c0085ca 00153863 p.bneimm         x10, 16             x10:00000001
20905040ns          353388 1c0085ce 05012703 lw               x14, 80(x2)         x14=3ecebe46  x2:10001d98  PA:10001de8
20905477ns          353410 1c0085d0 a0c726d3 feq.s            x13, f14, f12       x13=00000000 f14:3ecebe46 f12:00000000
20905517ns          353412 1c0085d4 00069363 bne              x13, x0, 6          x13:00000000
20905537ns          353413 1c0085d6 7250106f jal              x0, 7972           
20905597ns          353416 1c00a4fa 0044ae83 lw               x29, 4(x9)          x29=412056e3  x9:10001df0  PA:10001df4
20905616ns          353417 1c00a4fe 0004a683 lw               x13, 0(x9)          x13=420491b7  x9:10001df0  PA:10001df0
20906054ns          353439 1c00a500 0084a903 lw               x18, 8(x9)          x18=4123e617  x9:10001df0  PA:10001df8
20906094ns          353441 1c00a504 05482583 lw               x11, 84(x16)        x11=40e2219c x16:10001e14  PA:10001e68
20906114ns          353442 1c00a508 05c82f83 lw               x31, 92(x16)        x31=c0317db7 x16:10001e14  PA:10001e70
20906134ns          353443 1c00a50c 05882883 lw               x17, 88(x16)        x17=40d3a421 x16:10001e14  PA:10001e6c
20906571ns          353465 1c00a510 68b776c3 fmadd.s          f13, f14, f11, f13  f13=xxxxxxxx f14:3ecebe46 f11:40e2219c f13:420491b7
20906611ns          353467 1c00a514 e91778c3 fmadd.s          f17, f14, f17, f29  f17=xxxxxxxx f14:3ecebe46 f17:40d3a421 f29:412056e3
20906631ns          353468 1c00a518 91f775c3 fmadd.s          f11, f14, f31, f18  f11=xxxxxxxx f14:3ecebe46 f31:c0317db7 f18:4123e617
20906651ns          353469 1c00a51c 06082e83 lw               x29, 96(x16)        x29=416575b7 x16:10001e14  PA:10001e74
20907088ns          353491 1c00a520 00c4af83 lw               x31, 12(x9)         x31=40f257a5  x9:10001df0  PA:10001dfc
20907128ns          353493 1c00a524 00d4a023 sw               x13, 0(x9)          x13:420ffba9  x9:10001df0  PA:10001df0
20907148ns          353494 1c00a526 f9d77743 fmadd.s          f14, f14, f29, f31  f14=xxxxxxxx f14:3ecebe46 f29:416575b7 f31:40f257a5
20907168ns          353495 1c00a52a 0114a223 sw               x17, 4(x9)          x17:414b11bb  x9:10001df0  PA:10001df4
20907188ns          353496 1c00a52e 00b4a423 sw               x11, 8(x9)          x11:4111fb34  x9:10001df0  PA:10001df8
20907586ns          353516 1c00a530 00e4a623 sw               x14, 12(x9)         x14:4155d375  x9:10001df0  PA:10001dfc
20907625ns          353518 1c00a532 8a8fe06f jal              x0, -8024          
20907665ns          353520 1c0085da 0e010713 addi             x14, x2, 224        x14=10001e78  x2:10001d98
20907685ns          353521 1c0085dc 00e30333 add              x6, x6, x14          x6=10001e7c  x6:00000004 x14:10001e78
20908143ns          353544 1c0085de f6032683 lw               x13, -160(x6)       x13=3fd87f15  x6:10001e7c  PA:10001ddc
20908182ns          353546 1c0085e2 18f6f6d3 fdiv.s           f13, f13, f15       f13=xxxxxxxx f13:3fd87f15 f15:3fd87f15
20909197ns          353597 1c0085e6 a0c6a5d3 feq.s            x11, f13, f12       x11=00000000 f13:3f800000 f12:00000000
20909217ns          353598 1c0085ea 00f00733 add              x14, x0, x15        x14=3fd87f15 x15:3fd87f15
20909237ns          353599 1c0085ec 00059363 bne              x11, x0, 6          x11:00000000
20909256ns          353600 1c0085ee 3350106f jal              x0, 6964           
20909376ns          353606 1c00a122 01c82e83 lw               x29, 28(x16)        x29=40905baa x16:10001e14  PA:10001e30
20909396ns          353607 1c00a126 01882583 lw               x11, 24(x16)        x11=418ec29e x16:10001e14  PA:10001e2c
20909416ns          353608 1c00a12a 02082903 lw               x18, 32(x16)        x18=400204e7 x16:10001e14  PA:10001e34
20909634ns          353619 1c00a12e 0004a883 lw               x17, 0(x9)          x17=420ffba9  x9:10001df0  PA:10001df0
20909674ns          353621 1c00a132 0084af83 lw               x31, 8(x9)          x31=4111fb34  x9:10001df0  PA:10001df8
20909694ns          353622 1c00a136 0044a303 lw               x6, 4(x9)            x6=414b11bb  x9:10001df0  PA:10001df4
20909714ns          353623 1c00a13a 20d696d3 fsgnjn.s         f13, f13, f13       f13=xxxxxxxx f13:3f800000 f13:3f800000
20910191ns          353647 1c00a13e 58d8f5c3 fmadd.s          f11, f17, f13, f11  f11=xxxxxxxx f17:420ffba9 f13:bf800000 f11:418ec29e
20910231ns          353649 1c00a142 e866f343 fmadd.s          f6, f13, f6, f29     f6=xxxxxxxx f13:bf800000  f6:414b11bb f29:40905baa
20910251ns          353650 1c00a146 91f6f8c3 fmadd.s          f17, f13, f31, f18  f17=xxxxxxxx f13:bf800000 f31:4111fb34 f18:400204e7
20910271ns          353651 1c00a14a 02482e83 lw               x29, 36(x16)        x29=4029d897 x16:10001e14  PA:10001e38
20910708ns          353673 1c00a14e 00c4af83 lw               x31, 12(x9)         x31=4155d375  x9:10001df0  PA:10001dfc
20910748ns          353675 1c00a152 00b82c23 sw               x11, 24(x16)        x11:c19134b4 x16:10001e14  PA:10001e2c
20910768ns          353676 1c00a156 e9f6f6c3 fmadd.s          f13, f13, f31, f29  f13=xxxxxxxx f13:bf800000 f31:4155d375 f29:4029d897
20910788ns          353677 1c00a15a 00682e23 sw               x6, 28(x16)          x6:c102e3e6 x16:10001e14  PA:10001e30
20911226ns          353699 1c00a15e 03182023 sw               x17, 32(x16)        x17:c0e2f3f4 x16:10001e14  PA:10001e34
20911265ns          353701 1c00a162 02d82223 sw               x13, 36(x16)        x13:c12b5d4f x16:10001e14  PA:10001e38
20911285ns          353702 1c00a166 c8cfe06f jal              x0, -7028          
20911345ns          353705 1c0085f2 0e59aee3 p.beqimm         x19, 2300           x19:00000002
20911365ns          353706 1c0085f6 00299693 slli             x13, x19, 0x2       x13=00000008 x19:00000002
20911385ns          353707 1c0085fa 0e010f93 addi             x31, x2, 224        x31=10001e78  x2:10001d98
20911405ns          353708 1c0085fe 01f686b3 add              x13, x13, x31       x13=10001e80 x13:00000008 x31:10001e78
20911822ns          353729 1c008600 f606a683 lw               x13, -160(x13)      x13=3e23cfe4 x13:10001e80  PA:10001de0
20911882ns          353732 1c008604 18f6f6d3 fdiv.s           f13, f13, f15       f13=xxxxxxxx f13:3e23cfe4 f15:3fd87f15
20912896ns          353783 1c008608 a0c6a5d3 feq.s            x11, f13, f12       x11=00000000 f13:3dc1b3d5 f12:00000000
20912916ns          353784 1c00860c 04059363 bne              x11, x0, 70         x11:00000000
20912936ns          353785 1c00860e 03082e83 lw               x29, 48(x16)        x29=41315417 x16:10001e14  PA:10001e44
20912956ns          353786 1c008612 02c82583 lw               x11, 44(x16)        x11=41114fb3 x16:10001e14  PA:10001e40
20912976ns          353787 1c008616 03482903 lw               x18, 52(x16)        x18=bf5fb016 x16:10001e14  PA:10001e48
20912996ns          353788 1c00861a 0004a883 lw               x17, 0(x9)          x17=420ffba9  x9:10001df0  PA:10001df0
20913056ns          353791 1c00861e 0084af83 lw               x31, 8(x9)          x31=4111fb34  x9:10001df0  PA:10001df8
20913095ns          353793 1c008622 0044a303 lw               x6, 4(x9)            x6=414b11bb  x9:10001df0  PA:10001df4
20913115ns          353794 1c008626 20d696d3 fsgnjn.s         f13, f13, f13       f13=xxxxxxxx f13:3dc1b3d5 f13:3dc1b3d5
20913135ns          353795 1c00862a 5916f5c3 fmadd.s          f11, f13, f17, f11  f11=xxxxxxxx f13:bdc1b3d5 f17:420ffba9 f11:41114fb3
20913374ns          353807 1c00862e e866f343 fmadd.s          f6, f13, f6, f29     f6=xxxxxxxx f13:bdc1b3d5  f6:414b11bb f29:41315417
20913414ns          353809 1c008632 91f6f8c3 fmadd.s          f17, f13, f31, f18  f17=xxxxxxxx f13:bdc1b3d5 f31:4111fb34 f18:bf5fb016
20913433ns          353810 1c008636 00c4ae83 lw               x29, 12(x9)         x29=4155d375  x9:10001df0  PA:10001dfc
20913453ns          353811 1c00863a 03882f83 lw               x31, 56(x16)        x31=bfc35357 x16:10001e14  PA:10001e4c
20913911ns          353834 1c00863e 02b82623 sw               x11, 44(x16)        x11:40b5ad87 x16:10001e14  PA:10001e40
20913951ns          353836 1c008642 f9d6f6c3 fmadd.s          f13, f13, f29, f31  f13=xxxxxxxx f13:bdc1b3d5 f29:4155d375 f31:bfc35357
20913971ns          353837 1c008646 02682823 sw               x6, 48(x16)          x6:411e1f36 x16:10001e14  PA:10001e44
20913990ns          353838 1c00864a 03182a23 sw               x17, 52(x16)        x17:bfde4cf9 x16:10001e14  PA:10001e48
20914428ns          353860 1c00864e 02d82c23 sw               x13, 56(x16)        x13:c0328efb x16:10001e14  PA:10001e4c
20914468ns          353862 1c008652 00250693 addi             x13, x10, 2         x13=00000003 x10:00000001
20914488ns          353863 1c008656 0856ace3 p.beqimm         x13, 2200           x13:00000003
20914508ns          353864 1c00865a 00269693 slli             x13, x13, 0x2       x13=0000000c x13:00000003
20914527ns          353865 1c00865c 0e010313 addi             x6, x2, 224          x6=10001e78  x2:10001d98
20914945ns          353886 1c008660 006686b3 add              x13, x13, x6        x13=10001e84 x13:0000000c  x6:10001e78
20914985ns          353888 1c008662 f606a683 lw               x13, -160(x13)      x13=3f13ce68 x13:10001e84  PA:10001de4
20915025ns          353890 1c008666 18f6f6d3 fdiv.s           f13, f13, f15       f13=xxxxxxxx f13:3f13ce68 f15:3fd87f15
20916039ns          353941 1c00866a a0c6a5d3 feq.s            x11, f13, f12       x11=00000000 f13:3eaec6b0 f12:00000000
20916059ns          353942 1c00866e 00059363 bne              x11, x0, 6          x11:00000000
20916079ns          353943 1c008670 49b0106f jal              x0, 7322           
20916139ns          353946 1c00a30a 04482e83 lw               x29, 68(x16)        x29=3f8907cc x16:10001e14  PA:10001e58
20916198ns          353949 1c00a30e 04082583 lw               x11, 64(x16)        x11=402704ee x16:10001e14  PA:10001e54
20916238ns          353951 1c00a312 04882903 lw               x18, 72(x16)        x18=41408636 x16:10001e14  PA:10001e5c
20916258ns          353952 1c00a316 0004a883 lw               x17, 0(x9)          x17=420ffba9  x9:10001df0  PA:10001df0
20916278ns          353953 1c00a31a 0084af83 lw               x31, 8(x9)          x31=4111fb34  x9:10001df0  PA:10001df8
20916497ns          353964 1c00a31e 0044a303 lw               x6, 4(x9)            x6=414b11bb  x9:10001df0  PA:10001df4
20916536ns          353966 1c00a322 20d696d3 fsgnjn.s         f13, f13, f13       f13=xxxxxxxx f13:3eaec6b0 f13:3eaec6b0
20916556ns          353967 1c00a326 5916f5c3 fmadd.s          f11, f13, f17, f11  f11=xxxxxxxx f13:beaec6b0 f17:420ffba9 f11:402704ee
20916576ns          353968 1c00a32a e866f343 fmadd.s          f6, f13, f6, f29     f6=xxxxxxxx f13:beaec6b0  f6:414b11bb f29:3f8907cc
20916994ns          353989 1c00a32e 91f6f8c3 fmadd.s          f17, f13, f31, f18  f17=xxxxxxxx f13:beaec6b0 f31:4111fb34 f18:41408636
20917034ns          353991 1c00a332 00c4ae83 lw               x29, 12(x9)         x29=4155d375  x9:10001df0  PA:10001dfc
20917054ns          353992 1c00a336 04c82f83 lw               x31, 76(x16)        x31=40b87cbd x16:10001e14  PA:10001e60
20917073ns          353993 1c00a33a 04b82023 sw               x11, 64(x16)        x11:c11ad85d x16:10001e14  PA:10001e54
20917531ns          354016 1c00a33e f9d6f6c3 fmadd.s          f13, f13, f29, f31  f13=xxxxxxxx f13:beaec6b0 f29:4155d375 f31:40b87cbd
20917571ns          354018 1c00a342 04682223 sw               x6, 68(x16)          x6:c050c36b x16:10001e14  PA:10001e58
20917591ns          354019 1c00a346 05182423 sw               x17, 72(x16)        x17:410eb131 x16:10001e14  PA:10001e5c
20917611ns          354020 1c00a34a 04d82623 sw               x13, 76(x16)        x13:3f9a043c x16:10001e14  PA:10001e60
20918068ns          354043 1c00a34e b26fe06f jal              x0, -7386          
20918108ns          354045 1c008674 06153de3 p.bneimm         x10, 2170           x10:00000001
20918128ns          354046 1c008678 05012683 lw               x13, 80(x2)         x13=3ecebe46  x2:10001d98  PA:10001de8
20918167ns          354048 1c00867a 18f6f7d3 fdiv.s           f15, f13, f15       f15=xxxxxxxx f13:3ecebe46 f15:3fd87f15
20919202ns          354100 1c00867e a0c7a6d3 feq.s            x13, f15, f12       x13=00000000 f15:3e74779b f12:00000000
20919222ns          354101 1c008682 060696e3 bne              x13, x0, 2156       x13:00000000
20919242ns          354102 1c008686 05882303 lw               x6, 88(x16)          x6=40d3a421 x16:10001e14  PA:10001e6c
20919261ns          354103 1c00868a 0044a683 lw               x13, 4(x9)          x13=414b11bb  x9:10001df0  PA:10001df4
20919281ns          354104 1c00868c 20f797d3 fsgnjn.s         f15, f15, f15       f15=xxxxxxxx f15:3e74779b f15:3e74779b
20919321ns          354106 1c008690 30d7f6c3 fmadd.s          f13, f15, f13, f6   f13=xxxxxxxx f15:be74779b f13:414b11bb  f6:40d3a421
20919361ns          354108 1c008694 05482883 lw               x17, 84(x16)        x17=40e2219c x16:10001e14  PA:10001e68
20919381ns          354109 1c008698 05c82f83 lw               x31, 92(x16)        x31=c0317db7 x16:10001e14  PA:10001e70
20919401ns          354110 1c00869c 06082303 lw               x6, 96(x16)          x6=416575b7 x16:10001e14  PA:10001e74
20919619ns          354121 1c0086a0 0004a583 lw               x11, 0(x9)          x11=420ffba9  x9:10001df0  PA:10001df0
20919659ns          354123 1c0086a2 0084ae83 lw               x29, 8(x9)          x29=4111fb34  x9:10001df0  PA:10001df8
20919679ns          354124 1c0086a6 00c4a903 lw               x18, 12(x9)         x18=4155d375  x9:10001df0  PA:10001dfc
20919699ns          354125 1c0086aa 88b7f5c3 fmadd.s          f11, f15, f11, f17  f11=xxxxxxxx f15:be74779b f11:420ffba9 f17:40e2219c
20920117ns          354146 1c0086ae f9d7fec3 fmadd.s          f29, f15, f29, f31  f29=xxxxxxxx f15:be74779b f29:4111fb34 f31:c0317db7
20920157ns          354148 1c0086b2 3127f7c3 fmadd.s          f15, f15, f18, f6   f15=xxxxxxxx f15:be74779b f18:4155d375  f6:416575b7
20920176ns          354149 1c0086b6 04b82a23 sw               x11, 84(x16)        x11:bfc372a2 x16:10001e14  PA:10001e68
20920196ns          354150 1c0086ba 04d82c23 sw               x13, 88(x16)        x13:40655c7c x16:10001e14  PA:10001e6c
20920674ns          354174 1c0086be 05d82e23 sw               x29, 92(x16)        x29:c09e72ac x16:10001e14  PA:10001e70
20920713ns          354176 1c0086c2 06f82023 sw               x15, 96(x16)        x15:4132695a x16:10001e14  PA:10001e74
20920733ns          354177 1c0086c6 0290006f jal              x0, 2088           
20921628ns          354222 1c008eee 008e2783 lw               x15, 8(x28)         x15=3e23cfe4 x28:10001dd8  PA:10001de0
20921668ns          354224 1c008ef2 00eaa023 sw               x14, 0(x21)         x14:3fd87f15 x21:10001ec0  PA:10001ec0
20921688ns          354225 1c008ef6 00faa223 sw               x15, 4(x21)         x15:3e23cfe4 x21:10001ec0  PA:10001ec4
20921708ns          354226 1c008efa 00352b63 p.beqimm         x10, 22             x10:00000001
20922185ns          354250 1c008efe 00ce2783 lw               x15, 12(x28)        x15=3f13ce68 x28:10001dd8  PA:10001de4
20922225ns          354252 1c008f02 00faa423 sw               x15, 8(x21)         x15:3f13ce68 x21:10001ec0  PA:10001ec8
20922245ns          354253 1c008f06 00153563 p.bneimm         x10, 10             x10:00000001
20922265ns          354254 1c008f0a 05012783 lw               x15, 80(x2)         x15=3ecebe46  x2:10001d98  PA:10001de8
20922305ns          354256 1c008f0c 00fa2023 sw               x15, 0(x20)         x15:3ecebe46 x20:10001ecc  PA:10001ecc
20922703ns          354276 1c008f10 006d8d93 addi             x27, x27, 6         x27=00000006 x27:00000000
20922722ns          354277 1c008f12 005b0b13 addi             x22, x22, 5         x22=00000005 x22:00000000
20922742ns          354278 1c008f14 01880813 addi             x16, x16, 24        x16=10001e2c x16:10001e14
20922762ns          354279 1c008f16 001d8793 addi             x15, x27, 1         x15=00000007 x27:00000006
20922782ns          354280 1c008f1a 006b0693 addi             x13, x22, 6         x13=0000000b x22:00000005
20922802ns          354281 1c008f1e 014a0a13 addi             x20, x20, 20        x20=10001ee0 x20:10001ecc
20923220ns          354302 1c008f20 018a8a93 addi             x21, x21, 24        x21=10001ed8 x21:10001ec0
20923240ns          354303 1c008f22 00198993 addi             x19, x19, 1         x19=00000003 x19:00000002
20923259ns          354304 1c008f24 00448493 addi             x9, x9, 4            x9=10001df4  x9:10001df0
20923279ns          354305 1c008f26 014c8c93 addi             x25, x25, 20        x25=10001e38 x25:10001e24
20923299ns          354306 1c008f28 014d0d13 addi             x26, x26, 20        x26=10001f44 x26:10001f30
20923319ns          354307 1c008f2a 01838393 addi             x7, x7, 24           x7=10001f38  x7:10001f20
20923339ns          354308 1c008f2c ffff0f13 addi             x30, x30, -1        x30=00000004 x30:00000005
20923359ns          354309 1c008f2e 004b8b93 addi             x23, x23, 4         x23=10001dc8 x23:10001dc4
20923717ns          354327 1c008f30 014c0c13 addi             x24, x24, 20        x24=10001e3c x24:10001e28
20923737ns          354328 1c008f32 00500e33 add              x28, x0, x5         x28=10001ddc  x5:10001ddc
20923757ns          354329 1c008f34 01480713 addi             x14, x16, 20        x14=10001e40 x16:10001e2c
20923777ns          354330 1c008f38 acd7c363 blt              x15, x13, -3386     x15:00000007 x13:0000000b
20925189ns          354401 1c0081fe 410c05b3 sub              x11, x24, x16       x11=00000010 x24:10001e3c x16:10001e2c
20925229ns          354403 1c008202 1c0006b7 lui              x13, 0x1c000000     x13=1c000000
20925249ns          354404 1c008206 ffc58593 addi             x11, x11, -4        x11=0000000c x11:00000010
20925268ns          354405 1c008208 01c68693 addi             x13, x13, 28        x13=1c00001c x13:1c000000
20925288ns          354406 1c00820c 0025d593 srli             x11, x11, 0x2       x11=00000003 x11:0000000c
20925706ns          354427 1c00820e 0006a883 lw               x17, 0(x13)         x17=00800000 x13:1c00001c  PA:1c00001c
20926004ns          354442 1c008212 01000333 add              x6, x0, x16          x6=10001e2c x16:10001e2c
20926024ns          354443 1c008214 00000793 addi             x15, x0, 0          x15=00000000
20926044ns          354444 1c008218 00158593 addi             x11, x11, 1         x11=00000004 x11:00000003
20926064ns          354445 1c00821a 0043268b p.lw             x13, 4(x6!)         x13=c19134b4  x6=10001e30  x6:10001e2c  PA:10001e2c
20926104ns          354447 1c00821e a0c69ed3 flt.s            x29, f13, f12       x29=00000001 f13:c19134b4 f12:00000000
20926124ns          354448 1c008222 000e8463 beq              x29, x0, 8          x29:00000001
20926144ns          354449 1c008226 20d696d3 fsgnjn.s         f13, f13, f13       f13=xxxxxxxx f13:c19134b4 f13:c19134b4
20926164ns          354450 1c00822a a0d89ed3 flt.s            x29, f17, f13       x29=00000001 f17:00800000 f13:419134b4
20926581ns          354471 1c00822e 480e8e63 beq              x29, x0, 1180       x29:00000001
20926621ns          354473 1c008232 18d8fed3 fdiv.s           f29, f17, f13       f29=xxxxxxxx f17:00800000 f13:419134b4
20927655ns          354525 1c008236 11d7f7d3 fmul.s           f15, f15, f29       f15=xxxxxxxx f15:00000000 f29:00070d54
20927675ns          354526 1c00823a 00d008b3 add              x17, x0, x13        x17=419134b4 x13:419134b4
20927695ns          354527 1c00823c 40fef7c3 fmadd.s          f15, f29, f15, f8   f15=xxxxxxxx f29:00070d54 f15:00000000  f8:3f800000
20927715ns          354528 1c008240 fff58593 addi             x11, x11, -1        x11=00000003 x11:00000004
20927735ns          354529 1c008242 fc059ce3 bne              x11, x0, -40        x11:00000003
20927874ns          354536 1c00821a 0043268b p.lw             x13, 4(x6!)         x13=c102e3e6  x6=10001e34  x6:10001e30  PA:10001e30
20927914ns          354538 1c00821e a0c69ed3 flt.s            x29, f13, f12       x29=00000001 f13:c102e3e6 f12:00000000
20927934ns          354539 1c008222 000e8463 beq              x29, x0, 8          x29:00000001
20927954ns          354540 1c008226 20d696d3 fsgnjn.s         f13, f13, f13       f13=xxxxxxxx f13:c102e3e6 f13:c102e3e6
20927974ns          354541 1c00822a a0d89ed3 flt.s            x29, f17, f13       x29=00000000 f17:419134b4 f13:4102e3e6
20927993ns          354542 1c00822e 480e8e63 beq              x29, x0, 1180       x29:00000000
20928073ns          354546 1c0086ca 1916f6d3 fdiv.s           f13, f13, f17       f13=xxxxxxxx f13:4102e3e6 f17:419134b4
20928789ns          354582 1c0086ce 78d6f7c3 fmadd.s          f15, f13, f13, f15  f15=xxxxxxxx f13:3ee6c2e6 f13:3ee6c2e6 f15:3f800000
20928809ns          354583 1c0086d2 fff58593 addi             x11, x11, -1        x11=00000002 x11:00000003
20928829ns          354584 1c0086d4 b40593e3 bne              x11, x0, -1210      x11:00000002
20928968ns          354591 1c00821a 0043268b p.lw             x13, 4(x6!)         x13=c0e2f3f4  x6=10001e38  x6:10001e34  PA:10001e34
20929008ns          354593 1c00821e a0c69ed3 flt.s            x29, f13, f12       x29=00000001 f13:c0e2f3f4 f12:00000000
20929028ns          354594 1c008222 000e8463 beq              x29, x0, 8          x29:00000001
20929048ns          354595 1c008226 20d696d3 fsgnjn.s         f13, f13, f13       f13=xxxxxxxx f13:c0e2f3f4 f13:c0e2f3f4
20929068ns          354596 1c00822a a0d89ed3 flt.s            x29, f17, f13       x29=00000000 f17:419134b4 f13:40e2f3f4
20929087ns          354597 1c00822e 480e8e63 beq              x29, x0, 1180       x29:00000000
20929167ns          354601 1c0086ca 1916f6d3 fdiv.s           f13, f13, f17       f13=xxxxxxxx f13:40e2f3f4 f17:419134b4
20929883ns          354637 1c0086ce 78d6f7c3 fmadd.s          f15, f13, f13, f15  f15=xxxxxxxx f13:3ec80f85 f13:3ec80f85 f15:3f9a0059
20929903ns          354638 1c0086d2 fff58593 addi             x11, x11, -1        x11=00000001 x11:00000002
20929923ns          354639 1c0086d4 b40593e3 bne              x11, x0, -1210      x11:00000001
20930002ns          354643 1c00821a 0043268b p.lw             x13, 4(x6!)         x13=c12b5d4f  x6=10001e3c  x6:10001e38  PA:10001e38
20930042ns          354645 1c00821e a0c69ed3 flt.s            x29, f13, f12       x29=00000001 f13:c12b5d4f f12:00000000
20930062ns          354646 1c008222 000e8463 beq              x29, x0, 8          x29:00000001
20930082ns          354647 1c008226 20d696d3 fsgnjn.s         f13, f13, f13       f13=xxxxxxxx f13:c12b5d4f f13:c12b5d4f
20930102ns          354648 1c00822a a0d89ed3 flt.s            x29, f17, f13       x29=00000000 f17:419134b4 f13:412b5d4f
20930122ns          354649 1c00822e 480e8e63 beq              x29, x0, 1180       x29:00000000
20930201ns          354653 1c0086ca 1916f6d3 fdiv.s           f13, f13, f17       f13=xxxxxxxx f13:412b5d4f f17:419134b4
20930997ns          354693 1c0086ce 78d6f7c3 fmadd.s          f15, f13, f13, f15  f15=xxxxxxxx f13:3f170f1b f13:3f170f1b f15:3fad8b61
20931017ns          354694 1c0086d2 fff58593 addi             x11, x11, -1        x11=00000000 x11:00000001
20931037ns          354695 1c0086d4 b40593e3 bne              x11, x0, -1210      x11:00000000
20931057ns          354696 1c0086d8 b6dff06f jal              x0, -1172          
20931096ns          354698 1c008244 5807f7d3 fsqrt.s          f15, f15            f15=xxxxxxxx f15:3fda1cca
20932111ns          354749 1c008248 10f8f8d3 fmul.s           f17, f17, f15       f17=xxxxxxxx f17:419134b4 f15:3fa71686
20932131ns          354750 1c00824c a11617d3 flt.s            x15, f12, f17       x15=00000001 f12:00000000 f17:41bd8c50
20932151ns          354751 1c008250 500786e3 beq              x15, x0, 3340       x15:00000001
20932171ns          354752 1c008254 00082783 lw               x15, 0(x16)         x15=c19134b4 x16:10001e2c  PA:10001e2c
20932190ns          354753 1c008258 211895d3 fsgnjn.s         f11, f17, f17       f11=xxxxxxxx f17:41bd8c50 f17:41bd8c50
20932210ns          354754 1c00825c a0c796d3 flt.s            x13, f15, f12       x13=00000001 f15:c19134b4 f12:00000000
20932250ns          354756 1c008260 00068363 beq              x13, x0, 6          x13:00000001
20932290ns          354758 1c008262 41b0106f jal              x0, 7194           
20932369ns          354762 1c009e7c 011006b3 add              x13, x0, x17        x13=41bd8c50 x17:41bd8c50
20932469ns          354767 1c009e7e 00bba023 sw               x11, 0(x23)         x11:c1bd8c50 x23:10001dc8  PA:10001dc8
20932489ns          354768 1c009e82 00b008b3 add              x17, x0, x11        x17=c1bd8c50 x11:c1bd8c50
20932509ns          354769 1c009e84 00d005b3 add              x11, x0, x13        x11=41bd8c50 x13:41bd8c50
20932529ns          354770 1c009e86 be4fe06f jal              x0, -7196          
20932588ns          354773 1c00826a a0c89353 flt.s            x6, f17, f12         x6=00000001 f17:c1bd8c50 f12:00000000
20932608ns          354774 1c00826e 00b006b3 add              x13, x0, x11        x13=41bd8c50 x11:41bd8c50
20932648ns          354776 1c008270 00031363 bne              x6, x0, 6            x6:00000001
20932727ns          354780 1c008276 1c000fb7 lui              x31, 0x1c000000     x31=1c000000
20932747ns          354781 1c00827a 028f8f93 addi             x31, x31, 40        x31=1c000028 x31:1c000000
20932807ns          354784 1c00827e 000faf83 lw               x31, 0(x31)         x31=0c000000 x31:1c000028  PA:1c000028
20933145ns          354801 1c008282 005b0313 addi             x6, x22, 5           x6=0000000a x22:00000005
20933165ns          354802 1c008286 a0df86d3 fle.s            x13, f31, f13       x13=00000001 f31:0c000000 f13:41bd8c50
20933185ns          354803 1c00828a 4c068ee3 beq              x13, x0, 3292       x13:00000001
20933623ns          354825 1c00828e 1c0006b7 lui              x13, 0x1c000000     x13=1c000000
20933662ns          354827 1c008292 02068693 addi             x13, x13, 32        x13=1c000020 x13:1c000000
20933682ns          354828 1c008296 0006a683 lw               x13, 0(x13)         x13=3f800000 x13:1c000020  PA:1c000020
20934000ns          354844 1c008298 1916f8d3 fdiv.s           f17, f13, f17       f17=xxxxxxxx f13:3f800000 f17:c1bd8c50
20934776ns          354883 1c00829c 026dd263 bge              x27, x6, 36         x27:00000006  x6:0000000a
20934796ns          354884 1c0082a0 410c06b3 sub              x13, x24, x16       x13=0000000c x24:10001e3c x16:10001e2c
20934816ns          354885 1c0082a4 ffc68693 addi             x13, x13, -4        x13=00000003 x13:00000010
20934836ns          354886 1c0082a6 0026d693 srli             x13, x13, 0x2       x13=xxxxxxxx x13:0000000c
20934856ns          354887 1c0082a8 01000eb3 add              x29, x0, x16        x29=xxxxxxxx x16:10001e2c
20934876ns          354888 1c0082aa 00168693 addi             x13, x13, 1         x13=xxxxxxxx x13:00000003
20934896ns          354889 1c0082ac 0066c0fb lp.setup         0x1, x13, 0x6       x13:00000004  PA:10001e2c
20934915ns          354890 1c0082b0 000ea783 lw               x15, 0(x29)         x15=c0e2f3f4 x29:10001e2c
20935035ns          354896 1c0082b4 1117f7d3 fmul.s           f15, f15, f17       f15=xxxxxxxx f15:c19134b4 f17:bd2cdfd4
20935055ns          354897 1c0082b8 00fea22b p.sw             x15, 4(x29!)        x29=10001e30 x15:3f441cbc x29:10001e2c  PA:10001e2c
20935075ns          354898 1c0082b0 000ea783 lw               x15, 0(x29)         x15=xxxxxxxx x29:10001e30  PA:10001e30
20935114ns          354900 1c0082b4 1117f7d3 fmul.s           f15, f15, f17       f15=xxxxxxxx f15:c102e3e6 f17:bd2cdfd4
20935134ns          354901 1c0082b8 00fea22b p.sw             x15, 4(x29!)        x29=10001e34 x15:3eb0c71f x29:10001e30  PA:10001e30
20935154ns          354902 1c0082b0 000ea783 lw               x15, 0(x29)         x15=xxxxxxxx x29:10001e34  PA:10001e34
20935194ns          354904 1c0082b4 1117f7d3 fmul.s           f15, f15, f17       f15=xxxxxxxx f15:c0e2f3f4 f17:bd2cdfd4
20935214ns          354905 1c0082b8 00fea22b p.sw             x15, 4(x29!)        x29=10001e38 x15:3e994256 x29:10001e34  PA:10001e34
20935234ns          354906 1c0082b0 000ea783 lw               x15, 0(x29)         x15=xxxxxxxx x29:10001e38  PA:10001e38
20935274ns          354908 1c0082b4 1117f7d3 fmul.s           f15, f15, f17       f15=xxxxxxxx f15:c12b5d4f f17:bd2cdfd4
20935293ns          354909 1c0082b8 00fea22b p.sw             x15, 4(x29!)        x29=10001e3c x15:3ee7710b x29:10001e38  PA:10001e38
20935313ns          354910 1c0082bc 00082783 lw               x15, 0(x16)         x15=xxxxxxxx x16:10001e2c  PA:10001e2c
20935333ns          354911 1c0082c0 1c0008b7 lui              x17, 0x1c000000     x17=1c000000
20935373ns          354913 1c0082c4 02088893 addi             x17, x17, 32        x17=1c000020 x17:1c000000
20935393ns          354914 1c0082c8 0008a883 lw               x17, 0(x17)         x17=3f800000 x17:1c000020  PA:1c000020
20935691ns          354929 1c0082cc 00bba023 sw               x11, 0(x23)         x11:41bd8c50 x23:10001dc8  PA:10001dc8
20935711ns          354930 1c0082d0 0117f7d3 fadd.s           f15, f15, f17       f15=xxxxxxxx f15:3f441cbc f17:3f800000
20935731ns          354931 1c0082d4 00100f93 addi             x31, x0, 1          x31=00000001
20935751ns          354932 1c0082d6 00f82023 sw               x15, 0(x16)         x15:3fe20e5e x16:10001e2c  PA:10001e2c
20935771ns          354933 1c0082da 00812e83 lw               x29, 8(x2)          x29=10001dec  x2:10001d98  PA:10001da0
20935791ns          354934 1c0082dc 004e0293 addi             x5, x28, 4           x5=10001de0 x28:10001ddc
20935830ns          354936 1c0082e0 405e86b3 sub              x13, x29, x5        x13=0000000c x29:10001dec  x5:10001de0
20935870ns          354938 1c0082e4 ffc68693 addi             x13, x13, -4        x13=00000008 x13:0000000c
20935890ns          354939 1c0082e6 0026d693 srli             x13, x13, 0x2       x13=00000002 x13:00000008
20935910ns          354940 1c0082e8 00150513 addi             x10, x10, 1         x10=00000002 x10:00000001
20935930ns          354941 1c0082ea 005005b3 add              x11, x0, x5         x11=10001de0  x5:10001de0
20935950ns          354942 1c0082ec 00168693 addi             x13, x13, 1         x13=00000003 x13:00000002
20935970ns          354943 1c0082ee 00a00933 add              x18, x0, x10        x18=00000002 x10:00000002
20935990ns          354944 1c0082f0 01c12223 sw               x28, 4(x2)          x28:10001ddc  x2:10001d98  PA:10001d9c
20936009ns          354945 1c0082f2 0306c0fb lp.setup         0x1, x13, 0x30      x13:00000003
20936029ns          354946 1c0082f6 040f8c63 beq              x31, x0, 88         x31:00000001
20936049ns          354947 1c0082fa 00082503 lw               x10, 0(x16)         x10=3fe20e5e x16:10001e2c  PA:10001e2c
20936109ns          354950 1c0082fe 00072883 lw               x17, 0(x14)         x17=40b5ad87 x14:10001e40  PA:10001e40
20936149ns          354952 1c008302 00472303 lw               x6, 4(x14)           x6=411e1f36 x14:10001e40  PA:10001e44
20936169ns          354953 1c008306 611577c3 fmadd.s          f15, f10, f17, f12  f15=xxxxxxxx f10:3fe20e5e f17:40b5ad87 f12:00000000
20936188ns          354954 1c00830a 00482e83 lw               x29, 4(x16)         x29=3eb0c71f x16:10001e2c  PA:10001e30
20936248ns          354957 1c00830e 786ef7c3 fmadd.s          f15, f29, f6, f15   f15=xxxxxxxx f29:3eb0c71f  f6:411e1f36 f15:41206d63
20936288ns          354959 1c008312 022f2863 p.beqimm         x30, 48             x30:00000004
20936308ns          354960 1c008316 00882e03 lw               x28, 8(x16)         x28=3e994256 x16:10001e2c  PA:10001e34
20936328ns          354961 1c00831a 00872e83 lw               x29, 8(x14)         x29=bfde4cf9 x14:10001e40  PA:10001e48
20936387ns          354964 1c00831e 79de77c3 fmadd.s          f15, f28, f29, f15  f15=xxxxxxxx f28:3e994256 f29:bfde4cf9 f15:4157059c
20936427ns          354966 1c008322 023f2063 p.beqimm         x30, 32             x30:00000004
20936447ns          354967 1c008326 00c82e03 lw               x28, 12(x16)        x28=3ee7710b x16:10001e2c  PA:10001e38
20936467ns          354968 1c00832a 00c72e83 lw               x29, 12(x14)        x29=c0328efb x14:10001e40  PA:10001e4c
20936527ns          354971 1c00832e 79de77c3 fmadd.s          f15, f28, f29, f15  f15=xxxxxxxx f28:3ee7710b f29:c0328efb f15:414eb442
20936566ns          354973 1c008332 005f3863 p.bneimm         x30, 16             x30:00000004
20936706ns          354980 1c008342 18a7f7d3 fdiv.s           f15, f15, f10       f15=xxxxxxxx f15:413a8686 f10:3fe20e5e
20937680ns          355029 1c008346 a0c7aed3 feq.s            x29, f15, f12       x29=00000000 f15:40d33ba9 f12:00000000
20937700ns          355030 1c00834a 300e80e3 beq              x29, x0, 2816       x29:00000000
20937839ns          355037 1c008e4a 20f797d3 fsgnjn.s         f15, f15, f15       f15=xxxxxxxx f15:40d33ba9 f15:40d33ba9
20937899ns          355040 1c008e4e 88a7f543 fmadd.s          f10, f15, f10, f17  f10=xxxxxxxx f15:c0d33ba9 f10:3fe20e5e f17:40b5ad87
20937919ns          355041 1c008e52 00a72023 sw               x10, 0(x14)         x10:c0bf5f85 x14:10001e40  PA:10001e40
20937939ns          355042 1c008e54 00482503 lw               x10, 4(x16)         x10=3eb0c71f x16:10001e2c  PA:10001e30
20937979ns          355044 1c008e58 30a7f343 fmadd.s          f6, f15, f10, f6     f6=xxxxxxxx f15:c0d33ba9 f10:3eb0c71f  f6:411e1f36
20937999ns          355045 1c008e5c 00672223 sw               x6, 4(x14)           x6:40f34fc3 x14:10001e40  PA:10001e44
20938038ns          355047 1c008e60 ce2f2763 p.beqimm         x30, -2834          x30:00000004
20938078ns          355049 1c008e64 00882503 lw               x10, 8(x16)         x10=3e994256 x16:10001e2c  PA:10001e34
20938098ns          355050 1c008e68 00872883 lw               x17, 8(x14)         x17=bfde4cf9 x14:10001e40  PA:10001e48
20938138ns          355052 1c008e6c 88a7f543 fmadd.s          f10, f15, f10, f17  f10=xxxxxxxx f15:c0d33ba9 f10:3e994256 f17:bfde4cf9
20938178ns          355054 1c008e70 00a72423 sw               x10, 8(x14)         x10:c06d9be1 x14:10001e40  PA:10001e48
20938217ns          355056 1c008e72 cc3f2e63 p.beqimm         x30, -2852          x30:00000004
20938237ns          355057 1c008e76 00c82503 lw               x10, 12(x16)        x10=3ee7710b x16:10001e2c  PA:10001e38
20938257ns          355058 1c008e7a 00c72883 lw               x17, 12(x14)        x17=c0328efb x14:10001e40  PA:10001e4c
20938317ns          355061 1c008e7e 88a7f543 fmadd.s          f10, f15, f10, f17  f10=xxxxxxxx f15:c0d33ba9 f10:3ee7710b f17:c0328efb
20938337ns          355062 1c008e82 00a72623 sw               x10, 12(x14)        x10:c0b8c38b x14:10001e40  PA:10001e4c
20938357ns          355063 1c008e84 cc5f3563 p.bneimm         x30, -2870          x30:00000004
20938536ns          355072 1c00834e 0147278b p.lw             x15, 20(x14!)       x15=c0bf5f85 x14=10001e54 x14:10001e40  PA:10001e40
20938575ns          355074 1c008352 00f5a22b p.sw             x15, 4(x11!)        x11=10001de4 x15:c0bf5f85 x11:10001de0  PA:10001de0
20938615ns          355076 1c0082f6 040f8c63 beq              x31, x0, 88         x31:00000001
20938635ns          355077 1c0082fa 00082503 lw               x10, 0(x16)         x10=3fe20e5e x16:10001e2c  PA:10001e2c
20938695ns          355080 1c0082fe 00072883 lw               x17, 0(x14)         x17=c11ad85d x14:10001e54  PA:10001e54
20938734ns          355082 1c008302 00472303 lw               x6, 4(x14)           x6=c050c36b x14:10001e54  PA:10001e58
20938754ns          355083 1c008306 611577c3 fmadd.s          f15, f10, f17, f12  f15=xxxxxxxx f10:3fe20e5e f17:c11ad85d f12:00000000
20938774ns          355084 1c00830a 00482e83 lw               x29, 4(x16)         x29=3eb0c71f x16:10001e2c  PA:10001e30
20938814ns          355086 1c00830e 786ef7c3 fmadd.s          f15, f29, f6, f15   f15=xxxxxxxx f29:3eb0c71f  f6:c050c36b f15:c188bbb3
20938834ns          355087 1c008312 022f2863 p.beqimm         x30, 48             x30:00000004
20938854ns          355088 1c008316 00882e03 lw               x28, 8(x16)         x28=3e994256 x16:10001e2c  PA:10001e34
20938874ns          355089 1c00831a 00872e83 lw               x29, 8(x14)         x29=410eb131 x14:10001e54  PA:10001e5c
20938914ns          355091 1c00831e 79de77c3 fmadd.s          f15, f28, f29, f15  f15=xxxxxxxx f28:3e994256 f29:410eb131 f15:c191be3f
20938933ns          355092 1c008322 023f2063 p.beqimm         x30, 32             x30:00000004
20938953ns          355093 1c008326 00c82e03 lw               x28, 12(x16)        x28=3ee7710b x16:10001e2c  PA:10001e38
20938973ns          355094 1c00832a 00c72e83 lw               x29, 12(x14)        x29=3f9a043c x14:10001e54  PA:10001e60
20939013ns          355096 1c00832e 79de77c3 fmadd.s          f15, f28, f29, f15  f15=xxxxxxxx f28:3ee7710b f29:3f9a043c f15:c178c60e
20939033ns          355097 1c008332 005f3863 p.bneimm         x30, 16             x30:00000004
20939112ns          355101 1c008342 18a7f7d3 fdiv.s           f15, f15, f10       f15=xxxxxxxx f15:c1701231 f10:3fe20e5e
20939769ns          355134 1c008346 a0c7aed3 feq.s            x29, f15, f12       x29=00000000 f15:c107ef8a f12:00000000
20939789ns          355135 1c00834a 300e80e3 beq              x29, x0, 2816       x29:00000000
20939868ns          355139 1c008e4a 20f797d3 fsgnjn.s         f15, f15, f15       f15=xxxxxxxx f15:c107ef8a f15:c107ef8a
20939888ns          355140 1c008e4e 88a7f543 fmadd.s          f10, f15, f10, f17  f10=xxxxxxxx f15:4107ef8a f10:3fe20e5e f17:c11ad85d
20939908ns          355141 1c008e52 00a72023 sw               x10, 0(x14)         x10:40aa73a9 x14:10001e54  PA:10001e54
20939928ns          355142 1c008e54 00482503 lw               x10, 4(x16)         x10=3eb0c71f x16:10001e2c  PA:10001e30
20939988ns          355145 1c008e58 30a7f343 fmadd.s          f6, f15, f10, f6     f6=xxxxxxxx f15:4107ef8a f10:3eb0c71f  f6:c050c36b
20940008ns          355146 1c008e5c 00672223 sw               x6, 4(x14)           x6:bea834af x14:10001e54  PA:10001e58
20940027ns          355147 1c008e60 ce2f2763 p.beqimm         x30, -2834          x30:00000004
20940047ns          355148 1c008e64 00882503 lw               x10, 8(x16)         x10=3e994256 x16:10001e2c  PA:10001e34
20940067ns          355149 1c008e68 00872883 lw               x17, 8(x14)         x17=410eb131 x14:10001e54  PA:10001e5c
20940107ns          355151 1c008e6c 88a7f543 fmadd.s          f10, f15, f10, f17  f10=xxxxxxxx f15:4107ef8a f10:3e994256 f17:410eb131
20940127ns          355152 1c008e70 00a72423 sw               x10, 8(x14)         x10:413761e2 x14:10001e54  PA:10001e5c
20940147ns          355153 1c008e72 cc3f2e63 p.beqimm         x30, -2852          x30:00000004
20940167ns          355154 1c008e76 00c82503 lw               x10, 12(x16)        x10=3ee7710b x16:10001e2c  PA:10001e38
20940187ns          355155 1c008e7a 00c72883 lw               x17, 12(x14)        x17=3f9a043c x14:10001e54  PA:10001e60
20940246ns          355158 1c008e7e 88a7f543 fmadd.s          f10, f15, f10, f17  f10=xxxxxxxx f15:4107ef8a f10:3ee7710b f17:3f9a043c
20940266ns          355159 1c008e82 00a72623 sw               x10, 12(x14)        x10:40a1663b x14:10001e54  PA:10001e60
20940286ns          355160 1c008e84 cc5f3563 p.bneimm         x30, -2870          x30:00000004
20940366ns          355164 1c00834e 0147278b p.lw             x15, 20(x14!)       x15=40aa73a9 x14=10001e68 x14:10001e54  PA:10001e54
20940405ns          355166 1c008352 00f5a22b p.sw             x15, 4(x11!)        x11=10001de8 x15:40aa73a9 x11:10001de4  PA:10001de4
20940425ns          355167 1c0082f6 040f8c63 beq              x31, x0, 88         x31:00000001
20940445ns          355168 1c0082fa 00082503 lw               x10, 0(x16)         x10=3fe20e5e x16:10001e2c  PA:10001e2c
20940505ns          355171 1c0082fe 00072883 lw               x17, 0(x14)         x17=bfc372a2 x14:10001e68  PA:10001e68
20940545ns          355173 1c008302 00472303 lw               x6, 4(x14)           x6=40655c7c x14:10001e68  PA:10001e6c
20940564ns          355174 1c008306 611577c3 fmadd.s          f15, f10, f17, f12  f15=xxxxxxxx f10:3fe20e5e f17:bfc372a2 f12:00000000
20940584ns          355175 1c00830a 00482e83 lw               x29, 4(x16)         x29=3eb0c71f x16:10001e2c  PA:10001e30
20940624ns          355177 1c00830e 786ef7c3 fmadd.s          f15, f29, f6, f15   f15=xxxxxxxx f29:3eb0c71f  f6:40655c7c f15:c02c962b
20940644ns          355178 1c008312 022f2863 p.beqimm         x30, 48             x30:00000004
20940664ns          355179 1c008316 00882e03 lw               x28, 8(x16)         x28=3e994256 x16:10001e2c  PA:10001e34
20940684ns          355180 1c00831a 00872e83 lw               x29, 8(x14)         x29=c09e72ac x14:10001e68  PA:10001e70
20940743ns          355183 1c00831e 79de77c3 fmadd.s          f15, f28, f29, f15  f15=xxxxxxxx f28:3e994256 f29:c09e72ac f15:bfbaca5a
20940763ns          355184 1c008322 023f2063 p.beqimm         x30, 32             x30:00000004
20940783ns          355185 1c008326 00c82e03 lw               x28, 12(x16)        x28=3ee7710b x16:10001e2c  PA:10001e38
20940803ns          355186 1c00832a 00c72e83 lw               x29, 12(x14)        x29=4132695a x14:10001e68  PA:10001e74
20940843ns          355188 1c00832e 79de77c3 fmadd.s          f15, f28, f29, f15  f15=xxxxxxxx f28:3ee7710b f29:4132695a f15:c03c40c5
20940863ns          355189 1c008332 005f3863 p.bneimm         x30, 16             x30:00000004
20940942ns          355193 1c008342 18a7f7d3 fdiv.s           f15, f15, f10       f15=xxxxxxxx f15:400656ec f10:3fe20e5e
20941221ns          355207 1c008346 a0c7aed3 feq.s            x29, f15, f12       x29=00000000 f15:3f98226b f12:00000000
20941241ns          355208 1c00834a 300e80e3 beq              x29, x0, 2816       x29:00000000
20941320ns          355212 1c008e4a 20f797d3 fsgnjn.s         f15, f15, f15       f15=xxxxxxxx f15:3f98226b f15:3f98226b
20941340ns          355213 1c008e4e 88a7f543 fmadd.s          f10, f15, f10, f17  f10=xxxxxxxx f15:bf98226b f10:3fe20e5e f17:bfc372a2
20941360ns          355214 1c008e52 00a72023 sw               x10, 0(x14)         x10:c068103d x14:10001e68  PA:10001e68
20941380ns          355215 1c008e54 00482503 lw               x10, 4(x16)         x10=3eb0c71f x16:10001e2c  PA:10001e30
20941420ns          355217 1c008e58 30a7f343 fmadd.s          f6, f15, f10, f6     f6=xxxxxxxx f15:bf98226b f10:3eb0c71f  f6:40655c7c
20941440ns          355218 1c008e5c 00672223 sw               x6, 4(x14)           x6:404b18fc x14:10001e68  PA:10001e6c
20941460ns          355219 1c008e60 ce2f2763 p.beqimm         x30, -2834          x30:00000004
20941479ns          355220 1c008e64 00882503 lw               x10, 8(x16)         x10=3e994256 x16:10001e2c  PA:10001e34
20941499ns          355221 1c008e68 00872883 lw               x17, 8(x14)         x17=c09e72ac x14:10001e68  PA:10001e70
20941539ns          355223 1c008e6c 88a7f543 fmadd.s          f10, f15, f10, f17  f10=xxxxxxxx f15:bf98226b f10:3e994256 f17:c09e72ac
20941559ns          355224 1c008e70 00a72423 sw               x10, 8(x14)         x10:c0a9d52c x14:10001e68  PA:10001e70
20941579ns          355225 1c008e72 cc3f2e63 p.beqimm         x30, -2852          x30:00000004
20941599ns          355226 1c008e76 00c82503 lw               x10, 12(x16)        x10=3ee7710b x16:10001e2c  PA:10001e38
20941619ns          355227 1c008e7a 00c72883 lw               x17, 12(x14)        x17=4132695a x14:10001e68  PA:10001e74
20941678ns          355230 1c008e7e 88a7f543 fmadd.s          f10, f15, f10, f17  f10=xxxxxxxx f15:bf98226b f10:3ee7710b f17:4132695a
20941698ns          355231 1c008e82 00a72623 sw               x10, 12(x14)        x10:4129d0b6 x14:10001e68  PA:10001e74
20941718ns          355232 1c008e84 cc5f3563 p.bneimm         x30, -2870          x30:00000004
20941798ns          355236 1c00834e 0147278b p.lw             x15, 20(x14!)       x15=c068103d x14=10001e7c x14:10001e68  PA:10001e68
20941837ns          355238 1c008352 00f5a22b p.sw             x15, 4(x11!)        x11=10001dec x15:c068103d x11:10001de8  PA:10001de8
20941857ns          355239 1c008356 00082703 lw               x14, 0(x16)         x14=3fe20e5e x16:10001e2c  PA:10001e2c
20941877ns          355240 1c00835a 00482783 lw               x15, 4(x16)         x15=3eb0c71f x16:10001e2c  PA:10001e30
20941917ns          355242 1c00835e 00e3a023 sw               x14, 0(x7)          x14:3fe20e5e  x7:10001f38  PA:10001f38
20941957ns          355244 1c008362 00f3a223 sw               x15, 4(x7)          x15:3eb0c71f  x7:10001f38  PA:10001f3c
20941977ns          355245 1c008366 01200533 add              x10, x0, x18        x10=00000002 x18:00000002
20941997ns          355246 1c008368 00412e03 lw               x28, 4(x2)          x28=10001ddc  x2:10001d98  PA:10001d9c
20942016ns          355247 1c00836a 3659a863 p.beqimm         x19, 880            x19:00000003
20942056ns          355249 1c00836e 00882783 lw               x15, 8(x16)         x15=3e994256 x16:10001e2c  PA:10001e34
20942096ns          355251 1c008372 00f3a423 sw               x15, 8(x7)          x15:3e994256  x7:10001f38  PA:10001f40
20942116ns          355252 1c008376 00392c63 p.beqimm         x18, 24             x18:00000002
20942136ns          355253 1c00837a 00c82783 lw               x15, 12(x16)        x15=3ee7710b x16:10001e2c  PA:10001e38
20942195ns          355256 1c00837e 00f3a623 sw               x15, 12(x7)         x15:3ee7710b  x7:10001f38  PA:10001f44
20942235ns          355258 1c008382 34193c63 p.bneimm         x18, 856            x18:00000002
20942315ns          355262 1c0086da ca453ae3 p.bneimm         x10, -844           x10:00000002
20942414ns          355267 1c00838e 00500893 addi             x17, x0, 5          x17=00000005
20942474ns          355270 1c008390 40a888b3 sub              x17, x17, x10       x17=00000003 x17:00000005 x10:00000002
20942514ns          355272 1c008394 011985b3 add              x11, x19, x17       x11=00000006 x19:00000003 x17:00000003
20942534ns          355273 1c008398 00b9c463 blt              x19, x11, 8         x19:00000003 x11:00000006
20942653ns          355279 1c0083a0 004e2703 lw               x14, 4(x28)         x14=c0bf5f85 x28:10001ddc  PA:10001de0
20942693ns          355281 1c0083a4 a0c717d3 flt.s            x15, f14, f12       x15=00000001 f14:c0bf5f85 f12:00000000
20942713ns          355282 1c0083a8 00078363 beq              x15, x0, 6          x15:00000001
20942733ns          355283 1c0083aa 20e71753 fsgnjn.s         f14, f14, f14       f14=xxxxxxxx f14:c0bf5f85 f14:c0bf5f85
20942772ns          355285 1c0083ae 1c000fb7 lui              x31, 0x1c000000     x31=1c000000
20942812ns          355287 1c0083b2 01cf8f93 addi             x31, x31, 28        x31=1c00001c x31:1c000000
20942832ns          355288 1c0083b6 000faf83 lw               x31, 0(x31)         x31=00800000 x31:1c00001c  PA:1c00001c
20943210ns          355307 1c0083ba a0ef97d3 flt.s            x15, f31, f14       x15=00000001 f31:00800000 f14:40bf5f85
20943230ns          355308 1c0083be 00078363 beq              x15, x0, 6          x15:00000001
20943250ns          355309 1c0083c0 4410106f jal              x0, 7232           
20943329ns          355313 1c00a000 1c000eb7 lui              x29, 0x1c000000     x29=1c000000
20943369ns          355315 1c00a004 01ce8e93 addi             x29, x29, 28        x29=1c00001c x29:1c000000
20943389ns          355316 1c00a008 1c000fb7 lui              x31, 0x1c000000     x31=1c000000
20943409ns          355317 1c00a00c 000eae83 lw               x29, 0(x29)         x29=00800000 x29:1c00001c  PA:1c00001c
20943747ns          355334 1c00a010 020f8f93 addi             x31, x31, 32        x31=1c000020 x31:1c000000
20943767ns          355335 1c00a014 18eef7d3 fdiv.s           f15, f29, f14       f15=xxxxxxxx f29:00800000 f14:40bf5f85
20944045ns          355349 1c00a018 10c7f6d3 fmul.s           f13, f15, f12       f13=xxxxxxxx f15:00156739 f12:00000000
20944065ns          355350 1c00a01c 000faf83 lw               x31, 0(x31)         x31=3f800000 x31:1c000020  PA:1c000020
20944383ns          355366 1c00a020 f8d7f7c3 fmadd.s          f15, f15, f13, f31  f15=xxxxxxxx f15:00156739 f13:00000000 f31:3f800000
20944403ns          355367 1c00a024 baafe06f jal              x0, -7254          
20944503ns          355372 1c0083ce 00250693 addi             x13, x10, 2         x13=00000004 x10:00000002
20944543ns          355374 1c0083d2 0eb6db63 bge              x13, x11, 246       x13:00000004 x11:00000006
20944562ns          355375 1c0083d6 008e2683 lw               x13, 8(x28)         x13=40aa73a9 x28:10001ddc  PA:10001de4
20944602ns          355377 1c0083da a0c69353 flt.s            x6, f13, f12         x6=00000000 f13:40aa73a9 f12:00000000
20944642ns          355379 1c0083de 00030463 beq              x6, x0, 8            x6:00000000
20944722ns          355383 1c0083e6 a0d71353 flt.s            x6, f14, f13         x6=00000000 f14:40bf5f85 f13:40aa73a9
20944742ns          355384 1c0083ea 00030463 beq              x6, x0, 8            x6:00000000
20944861ns          355390 1c0083f2 18e6f353 fdiv.s           f6, f13, f14         f6=xxxxxxxx f13:40aa73a9 f14:40bf5f85
20944901ns          355392 1c0083f6 00e006b3 add              x13, x0, x14        x13=xxxxxxxx x14:40bf5f85
20944921ns          355393 1c0083f8 00350713 addi             x14, x10, 3         x14=xxxxxxxx x10:00000002
20945159ns          355405 1c0083fc 786377c3 fmadd.s          f15, f6, f6, f15    f15=xxxxxxxx  f6:3f640376  f6:3f640376 f15:3f800000
20945179ns          355406 1c008400 00b74463 blt              x14, x11, 8         x14:00000005 x11:00000006
20945239ns          355409 1c008408 00ce2703 lw               x14, 12(x28)        x14=c068103d x28:10001ddc  PA:10001de8
20945279ns          355411 1c00840c a0c71353 flt.s            x6, f14, f12         x6=00000001 f14:c068103d f12:00000000
20945318ns          355413 1c008410 00030463 beq              x6, x0, 8            x6:00000001
20945358ns          355415 1c008414 20e71753 fsgnjn.s         f14, f14, f14       f14=xxxxxxxx f14:c068103d f14:c068103d
20945378ns          355416 1c008418 a0e69353 flt.s            x6, f13, f14         x6=00000000 f13:40bf5f85 f14:4068103d
20945398ns          355417 1c00841c 00030463 beq              x6, x0, 8            x6:00000000
20945497ns          355422 1c008424 18d77353 fdiv.s           f6, f14, f13         f6=xxxxxxxx f14:4068103d f13:40bf5f85
20946273ns          355461 1c008428 786377c3 fmadd.s          f15, f6, f6, f15    f15=xxxxxxxx  f6:3f1b373a  f6:3f1b373a f15:3fe58b15
20946293ns          355462 1c00842c 00d00733 add              x14, x0, x13        x14=40bf5f85 x13:40bf5f85
20946313ns          355463 1c00842e 00450693 addi             x13, x10, 4         x13=00000006 x10:00000002
20946333ns          355464 1c008432 08b6db63 bge              x13, x11, 150       x13:00000006 x11:00000006
20946432ns          355469 1c0084c8 5807f7d3 fsqrt.s          f15, f15            f15=xxxxxxxx f15:400a4c86
20947407ns          355518 1c0084cc 10f77753 fmul.s           f14, f14, f15       f14=xxxxxxxx f14:40bf5f85 f15:3fbc2930
20947427ns          355519 1c0084d0 a0c727d3 feq.s            x15, f14, f12       x15=00000000 f14:410ca8f0 f12:00000000
20947447ns          355520 1c0084d4 200799e3 bne              x15, x0, 2578       x15:00000000
20947467ns          355521 1c0084d8 004e2783 lw               x15, 4(x28)         x15=c0bf5f85 x28:10001ddc  PA:10001de0
20947506ns          355523 1c0084dc a0c796d3 flt.s            x13, f15, f12       x13=00000001 f15:c0bf5f85 f12:00000000
20947526ns          355524 1c0084e0 00068363 beq              x13, x0, 6          x13:00000001
20947566ns          355526 1c0084e2 5a50106f jal              x0, 7588           
20947685ns          355532 1c00a286 20e71753 fsgnjn.s         f14, f14, f14       f14=xxxxxxxx f14:410ca8f0 f14:410ca8f0
20947705ns          355533 1c00a28a 00ee2023 sw               x14, 0(x28)         x14:c10ca8f0 x28:10001ddc  PA:10001ddc
20947765ns          355536 1c00a28e a5cfe06f jal              x0, -7588          
20947825ns          355539 1c0084ea a0c716d3 flt.s            x13, f14, f12       x13=00000001 f14:c10ca8f0 f12:00000000
20947844ns          355540 1c0084ee 00068363 beq              x13, x0, 6          x13:00000001
20947944ns          355545 1c0084f0 58f0106f jal              x0, 7566           
20948063ns          355551 1c00a27e 20e716d3 fsgnjn.s         f13, f14, f14       f13=xxxxxxxx f14:c10ca8f0 f14:c10ca8f0
20948083ns          355552 1c00a282 a74fe06f jal              x0, -7564          
20948143ns          355555 1c0084f6 1c000337 lui              x6, 0x1c000000       x6=1c000000
20948163ns          355556 1c0084fa 02830313 addi             x6, x6, 40           x6=1c000028  x6:1c000000
20948222ns          355559 1c0084fe 00032303 lw               x6, 0(x6)            x6=0c000000  x6:1c000028  PA:1c000028
20948580ns          355577 1c008502 a0d306d3 fle.s            x13, f6, f13        x13=00000001  f6:0c000000 f13:410ca8f0
20948600ns          355578 1c008506 00068363 beq              x13, x0, 6          x13:00000001
20948620ns          355579 1c008508 4730106f jal              x0, 7282           
20948799ns          355588 1c00a17a 008e2683 lw               x13, 8(x28)         x13=40aa73a9 x28:10001ddc  PA:10001de4
20948859ns          355591 1c00a17e 1c000fb7 lui              x31, 0x1c000000     x31=1c000000
20948899ns          355593 1c00a182 020f8f93 addi             x31, x31, 32        x31=1c000020 x31:1c000000
20948919ns          355594 1c00a186 000faf83 lw               x31, 0(x31)         x31=3f800000 x31:1c000020  PA:1c000020
20949237ns          355610 1c00a18a 18eff753 fdiv.s           f14, f31, f14       f14=xxxxxxxx f31:3f800000 f14:c10ca8f0
20949595ns          355628 1c00a18e 10e7f7d3 fmul.s           f15, f15, f14       f15=xxxxxxxx f15:c0bf5f85 f14:bde8f584
20949615ns          355629 1c00a192 10e6f6d3 fmul.s           f13, f13, f14       f13=xxxxxxxx f13:40aa73a9 f14:bde8f584
20949635ns          355630 1c00a196 00fe2223 sw               x15, 4(x28)         x15:3f2e261a x28:10001ddc  PA:10001de0
20949655ns          355631 1c00a19a 00de2423 sw               x13, 8(x28)         x13:bf1b1c4a x28:10001ddc  PA:10001de4
20949714ns          355634 1c00a19e 1c352063 p.beqimm         x10, 448            x10:00000002
20949754ns          355636 1c00a1a2 00ce2783 lw               x15, 12(x28)        x15=c068103d x28:10001ddc  PA:10001de8
20949794ns          355638 1c00a1a6 10e7f7d3 fmul.s           f15, f15, f14       f15=xxxxxxxx f15:c068103d f14:bde8f584
20949814ns          355639 1c00a1aa 00fe2623 sw               x15, 12(x28)        x15:3ed32d46 x28:10001ddc  PA:10001de8
20949853ns          355641 1c00a1ae 00152463 p.beqimm         x10, 8              x10:00000002
20949893ns          355643 1c00a1b2 b8efe06f jal              x0, -7282          
20949973ns          355647 1c008540 1c0006b7 lui              x13, 0x1c000000     x13=1c000000
20950013ns          355649 1c008544 02068693 addi             x13, x13, 32        x13=1c000020 x13:1c000000
20950032ns          355650 1c008548 004e2783 lw               x15, 4(x28)         x15=3f2e261a x28:10001ddc  PA:10001de0
20950052ns          355651 1c00854c 0006a683 lw               x13, 0(x13)         x13=3f800000 x13:1c000020  PA:1c000020
20950390ns          355668 1c00854e 000e2703 lw               x14, 0(x28)         x14=c10ca8f0 x28:10001ddc  PA:10001ddc
20950410ns          355669 1c008552 00d7f7d3 fadd.s           f15, f15, f13       f15=xxxxxxxx f15:3f2e261a f13:3f800000
20950430ns          355670 1c008556 20e71753 fsgnjn.s         f14, f14, f14       f14=xxxxxxxx f14:c10ca8f0 f14:c10ca8f0
20950450ns          355671 1c00855a 00ee2023 sw               x14, 0(x28)         x14:410ca8f0 x28:10001ddc  PA:10001ddc
20950510ns          355674 1c00855e 00fe2223 sw               x15, 4(x28)         x15:3fd7130d x28:10001ddc  PA:10001de0
20950550ns          355676 1c008562 0004a023 sw               x0, 0(x9)            x9:10001df4  PA:10001df4
20950569ns          355677 1c008566 0004a223 sw               x0, 4(x9)            x9:10001df4  PA:10001df8
20950589ns          355678 1c00856a 0004a423 sw               x0, 8(x9)            x9:10001df4  PA:10001dfc
20950649ns          355681 1c00856e 00153363 p.bneimm         x10, 6              x10:00000002
20950709ns          355684 1c008574 00251313 slli             x6, x10, 0x2         x6=00000008 x10:00000002
20950729ns          355685 1c008578 0048a463 p.beqimm         x17, 8              x17:00000003
20950749ns          355686 1c00857c 6150106f jal              x0, 7700           
20951166ns          355707 1c00a390 3028aa63 p.beqimm         x17, 788            x17:00000003
20951206ns          355709 1c00a394 0e010893 addi             x17, x2, 224        x17=10001e78  x2:10001d98
20951226ns          355710 1c00a398 00688733 add              x14, x17, x6        x14=10001e80 x17:10001e78  x6:00000008
20951246ns          355711 1c00a39c f6072703 lw               x14, -160(x14)      x14=3fd7130d x14:10001e80  PA:10001de0
20951683ns          355733 1c00a3a0 a0c726d3 feq.s            x13, f14, f12       x13=00000000 f14:3fd7130d f12:00000000
20951723ns          355735 1c00a3a4 20068863 beq              x13, x0, 528        x13:00000000
20952201ns          355759 1c00a5b4 0004a583 lw               x11, 0(x9)          x11=00000000  x9:10001df4  PA:10001df4
20952240ns          355761 1c00a5b6 0044ae83 lw               x29, 4(x9)          x29=00000000  x9:10001df4  PA:10001df8
20952260ns          355762 1c00a5ba 0084a903 lw               x18, 8(x9)          x18=00000000  x9:10001df4  PA:10001dfc
20952718ns          355785 1c00a5be 01882683 lw               x13, 24(x16)        x13=40f34fc3 x16:10001e2c  PA:10001e44
20952757ns          355787 1c00a5c2 01c82883 lw               x17, 28(x16)        x17=c06d9be1 x16:10001e2c  PA:10001e48
20952777ns          355788 1c00a5c6 02082f83 lw               x31, 32(x16)        x31=c0b8c38b x16:10001e2c  PA:10001e4c
20952797ns          355789 1c00a5ca 58d776c3 fmadd.s          f13, f14, f13, f11  f13=xxxxxxxx f14:3fd7130d f13:40f34fc3 f11:00000000
20953235ns          355811 1c00a5ce e91778c3 fmadd.s          f17, f14, f17, f29  f17=xxxxxxxx f14:3fd7130d f17:c06d9be1 f29:00000000
20953275ns          355813 1c00a5d2 91f77743 fmadd.s          f14, f14, f31, f18  f14=xxxxxxxx f14:3fd7130d f31:c0b8c38b f18:00000000
20953295ns          355814 1c00a5d6 00d4a023 sw               x13, 0(x9)          x13:414c6a18  x9:10001df4  PA:10001df4
20953314ns          355815 1c00a5d8 0114a223 sw               x17, 4(x9)          x17:c0c79f99  x9:10001df4  PA:10001df8
20953334ns          355816 1c00a5dc 00e4a423 sw               x14, 8(x9)          x14:c11b39fa  x9:10001df4  PA:10001dfc
20953354ns          355817 1c00a5de dcbff06f jal              x0, -566           
20953792ns          355839 1c00a3a8 0659a663 p.beqimm         x19, 108            x19:00000003
20953812ns          355840 1c00a3ac 00299713 slli             x14, x19, 0x2       x14=0000000c x19:00000003
20954249ns          355862 1c00a3b0 0e010e93 addi             x29, x2, 224        x29=10001e78  x2:10001d98
20954289ns          355864 1c00a3b4 01d70733 add              x14, x14, x29       x14=10001e84 x14:0000000c x29:10001e78
20954309ns          355865 1c00a3b6 f6072703 lw               x14, -160(x14)      x14=bf1b1c4a x14:10001e84  PA:10001de4
20954349ns          355867 1c00a3ba a0c726d3 feq.s            x13, f14, f12       x13=00000000 f14:bf1b1c4a f12:00000000
20954766ns          355888 1c00a3be 2a068d63 beq              x13, x0, 698        x13:00000000
20955264ns          355913 1c00a678 0004a583 lw               x11, 0(x9)          x11=414c6a18  x9:10001df4  PA:10001df4
20955303ns          355915 1c00a67a 0044ae83 lw               x29, 4(x9)          x29=c0c79f99  x9:10001df4  PA:10001df8
20955741ns          355937 1c00a67e 0084a903 lw               x18, 8(x9)          x18=c11b39fa  x9:10001df4  PA:10001dfc
20955781ns          355939 1c00a682 02c82683 lw               x13, 44(x16)        x13=bea834af x16:10001e2c  PA:10001e58
20955801ns          355940 1c00a686 03082883 lw               x17, 48(x16)        x17=413761e2 x16:10001e2c  PA:10001e5c
20955821ns          355941 1c00a68a 03482f83 lw               x31, 52(x16)        x31=40a1663b x16:10001e2c  PA:10001e60
20956258ns          355963 1c00a68e 58d776c3 fmadd.s          f13, f14, f13, f11  f13=xxxxxxxx f14:bf1b1c4a f13:bea834af f11:414c6a18
20956298ns          355965 1c00a692 e91778c3 fmadd.s          f17, f14, f17, f29  f17=xxxxxxxx f14:bf1b1c4a f17:413761e2 f29:c0c79f99
20956318ns          355966 1c00a696 91f77743 fmadd.s          f14, f14, f31, f18  f14=xxxxxxxx f14:bf1b1c4a f31:40a1663b f18:c11b39fa
20956338ns          355967 1c00a69a 00d4a023 sw               x13, 0(x9)          x13:414f996c  x9:10001df4  PA:10001df4
20956358ns          355968 1c00a69c 0114a223 sw               x17, 4(x9)          x17:c152ec54  x9:10001df4  PA:10001df8
20956795ns          355990 1c00a6a0 00e4a423 sw               x14, 8(x9)          x14:c14c1f58  x9:10001df4  PA:10001dfc
20956815ns          355991 1c00a6a2 d21ff06f jal              x0, -736           
20956875ns          355994 1c00a3c2 00250713 addi             x14, x10, 2         x14=00000004 x10:00000002
20956895ns          355995 1c00a3c6 04572763 p.beqimm         x14, 78             x14:00000004
20956915ns          355996 1c00a3ca 00271713 slli             x14, x14, 0x2       x14=00000010 x14:00000004
20956935ns          355997 1c00a3cc 0e010f93 addi             x31, x2, 224        x31=10001e78  x2:10001d98
20957352ns          356018 1c00a3d0 01f70733 add              x14, x14, x31       x14=10001e88 x14:00000010 x31:10001e78
20957392ns          356020 1c00a3d2 f6072703 lw               x14, -160(x14)      x14=3ed32d46 x14:10001e88  PA:10001de8
20957432ns          356022 1c00a3d6 a0c726d3 feq.s            x13, f14, f12       x13=00000000 f14:3ed32d46 f12:00000000
20957452ns          356023 1c00a3da 22068d63 beq              x13, x0, 570        x13:00000000
20958347ns          356068 1c00a614 0004a583 lw               x11, 0(x9)          x11=414f996c  x9:10001df4  PA:10001df4
20958387ns          356070 1c00a616 0044ae83 lw               x29, 4(x9)          x29=c152ec54  x9:10001df4  PA:10001df8
20958406ns          356071 1c00a61a 0084a903 lw               x18, 8(x9)          x18=c14c1f58  x9:10001df4  PA:10001dfc
20958844ns          356093 1c00a61e 04082683 lw               x13, 64(x16)        x13=404b18fc x16:10001e2c  PA:10001e6c
20958884ns          356095 1c00a622 04482883 lw               x17, 68(x16)        x17=c0a9d52c x16:10001e2c  PA:10001e70
20958904ns          356096 1c00a626 04882f83 lw               x31, 72(x16)        x31=4129d0b6 x16:10001e2c  PA:10001e74
20958924ns          356097 1c00a62a 58d776c3 fmadd.s          f13, f14, f13, f11  f13=xxxxxxxx f14:3ed32d46 f13:404b18fc f11:414f996c
20959381ns          356120 1c00a62e e91778c3 fmadd.s          f17, f14, f17, f29  f17=xxxxxxxx f14:3ed32d46 f17:c0a9d52c f29:c152ec54
20959421ns          356122 1c00a632 91f77743 fmadd.s          f14, f14, f31, f18  f14=xxxxxxxx f14:3ed32d46 f31:4129d0b6 f18:c14c1f58
20959441ns          356123 1c00a636 00d4a023 sw               x13, 0(x9)          x13:41648a9c  x9:10001df4  PA:10001df4
20959461ns          356124 1c00a638 0114a223 sw               x17, 4(x9)          x17:c175f283  x9:10001df4  PA:10001df8
20959481ns          356125 1c00a63c 00e4a423 sw               x14, 8(x9)          x14:c10614d1  x9:10001df4  PA:10001dfc
20959898ns          356146 1c00a63e da1522e3 p.beqimm         x10, -604           x10:00000002
20959918ns          356147 1c00a642 dd3ff06f jal              x0, -558           
20960376ns          356170 1c00a414 0e010893 addi             x17, x2, 224        x17=10001e78  x2:10001d98
20960415ns          356172 1c00a418 01130333 add              x6, x6, x17          x6=10001e80  x6:00000008 x17:10001e78
20960435ns          356173 1c00a41a f6032683 lw               x13, -160(x6)       x13=3fd7130d  x6:10001e80  PA:10001de0
20960873ns          356195 1c00a41e 18f6f6d3 fdiv.s           f13, f13, f15       f13=xxxxxxxx f13:3fd7130d f15:3fd7130d
20961927ns          356248 1c00a422 a0c6a5d3 feq.s            x11, f13, f12       x11=00000000 f13:3f800000 f12:00000000
20961947ns          356249 1c00a426 00f00733 add              x14, x0, x15        x14=3fd7130d x15:3fd7130d
20961967ns          356250 1c00a428 14058c63 beq              x11, x0, 344        x11:00000000
20962106ns          356257 1c00a580 01882883 lw               x17, 24(x16)        x17=40f34fc3 x16:10001e2c  PA:10001e44
20962146ns          356259 1c00a584 01c82e83 lw               x29, 28(x16)        x29=c06d9be1 x16:10001e2c  PA:10001e48
20962166ns          356260 1c00a588 02082903 lw               x18, 32(x16)        x18=c0b8c38b x16:10001e2c  PA:10001e4c
20962186ns          356261 1c00a58c 0004a583 lw               x11, 0(x9)          x11=41648a9c  x9:10001df4  PA:10001df4
20962245ns          356264 1c00a58e 0044a303 lw               x6, 4(x9)            x6=c175f283  x9:10001df4  PA:10001df8
20962285ns          356266 1c00a592 0084af83 lw               x31, 8(x9)          x31=c10614d1  x9:10001df4  PA:10001dfc
20962305ns          356267 1c00a596 20d696d3 fsgnjn.s         f13, f13, f13       f13=xxxxxxxx f13:3f800000 f13:3f800000
20962325ns          356268 1c00a59a 88b6f5c3 fmadd.s          f11, f13, f11, f17  f11=xxxxxxxx f13:bf800000 f11:41648a9c f17:40f34fc3
20962763ns          356290 1c00a59e e866f343 fmadd.s          f6, f13, f6, f29     f6=xxxxxxxx f13:bf800000  f6:c175f283 f29:c06d9be1
20962802ns          356292 1c00a5a2 91f6f6c3 fmadd.s          f13, f13, f31, f18  f13=xxxxxxxx f13:bf800000 f31:c10614d1 f18:c0b8c38b
20962822ns          356293 1c00a5a6 00b82c23 sw               x11, 24(x16)        x11:c0d5c575 x16:10001e2c  PA:10001e44
20962842ns          356294 1c00a5aa 00682e23 sw               x6, 28(x16)          x6:413a8b8b x16:10001e2c  PA:10001e48
20962862ns          356295 1c00a5ae 02d82023 sw               x13, 32(x16)        x13:4026cc2e x16:10001e2c  PA:10001e4c
20962882ns          356296 1c00a5b2 e7bff06f jal              x0, -390           
20962961ns          356300 1c00a42c 0059b463 p.bneimm         x19, 8              x19:00000003
20963021ns          356303 1c00a434 00299693 slli             x13, x19, 0x2       x13=0000000c x19:00000003
20963041ns          356304 1c00a438 0e010893 addi             x17, x2, 224        x17=10001e78  x2:10001d98
20963061ns          356305 1c00a43c 011686b3 add              x13, x13, x17       x13=10001e84 x13:0000000c x17:10001e78
20963518ns          356328 1c00a43e f606a683 lw               x13, -160(x13)      x13=bf1b1c4a x13:10001e84  PA:10001de4
20963578ns          356331 1c00a442 18f6f6d3 fdiv.s           f13, f13, f15       f13=xxxxxxxx f13:bf1b1c4a f15:3fd7130d
20964592ns          356382 1c00a446 a0c6a5d3 feq.s            x11, f13, f12       x11=00000000 f13:beb8a035 f12:00000000
20964612ns          356383 1c00a44a 1e058d63 beq              x11, x0, 506        x11:00000000
20964672ns          356386 1c00a644 02c82883 lw               x17, 44(x16)        x17=bea834af x16:10001e2c  PA:10001e58
20964692ns          356387 1c00a648 03082e83 lw               x29, 48(x16)        x29=413761e2 x16:10001e2c  PA:10001e5c
20964712ns          356388 1c00a64c 03482903 lw               x18, 52(x16)        x18=40a1663b x16:10001e2c  PA:10001e60
20964771ns          356391 1c00a650 0004a583 lw               x11, 0(x9)          x11=41648a9c  x9:10001df4  PA:10001df4
20964811ns          356393 1c00a652 0044a303 lw               x6, 4(x9)            x6=c175f283  x9:10001df4  PA:10001df8
20964831ns          356394 1c00a656 0084af83 lw               x31, 8(x9)          x31=c10614d1  x9:10001df4  PA:10001dfc
20964851ns          356395 1c00a65a 20d696d3 fsgnjn.s         f13, f13, f13       f13=xxxxxxxx f13:beb8a035 f13:beb8a035
20965070ns          356406 1c00a65e 88b6f5c3 fmadd.s          f11, f13, f11, f17  f11=xxxxxxxx f13:3eb8a035 f11:41648a9c f17:bea834af
20965110ns          356408 1c00a662 e8d37343 fmadd.s          f6, f6, f13, f29     f6=xxxxxxxx  f6:c175f283 f13:3eb8a035 f29:413761e2
20965130ns          356409 1c00a666 90dff6c3 fmadd.s          f13, f31, f13, f18  f13=xxxxxxxx f31:c10614d1 f13:3eb8a035 f18:40a1663b
20965149ns          356410 1c00a66a 02b82623 sw               x11, 44(x16)        x11:409a4f5b x16:10001e2c  PA:10001e58
20965169ns          356411 1c00a66e 02682823 sw               x6, 48(x16)          x6:40bd638b x16:10001e2c  PA:10001e5c
20965189ns          356412 1c00a672 02d82a23 sw               x13, 52(x16)        x13:400166b8 x16:10001e2c  PA:10001e60
20965209ns          356413 1c00a676 dd9ff06f jal              x0, -552           
20965309ns          356418 1c00a44e 00250693 addi             x13, x10, 2         x13=00000004 x10:00000002
20965348ns          356420 1c00a452 0056b463 p.bneimm         x13, 8              x13:00000004
20965408ns          356423 1c00a45a 00269693 slli             x13, x13, 0x2       x13=00000010 x13:00000004
20965428ns          356424 1c00a45c 0e010e93 addi             x29, x2, 224        x29=10001e78  x2:10001d98
20965846ns          356445 1c00a460 01d686b3 add              x13, x13, x29       x13=10001e88 x13:00000010 x29:10001e78
20965885ns          356447 1c00a462 f606a683 lw               x13, -160(x13)      x13=3ed32d46 x13:10001e88  PA:10001de8
20965925ns          356449 1c00a466 18f6f6d3 fdiv.s           f13, f13, f15       f13=xxxxxxxx f13:3ed32d46 f15:3fd7130d
20966959ns          356501 1c00a46a a0c6a5d3 feq.s            x11, f13, f12       x11=00000000 f13:3e7b5c5c f12:00000000
20966979ns          356502 1c00a46e 16058963 beq              x11, x0, 370        x11:00000000
20967079ns          356507 1c00a5e0 04082883 lw               x17, 64(x16)        x17=404b18fc x16:10001e2c  PA:10001e6c
20967119ns          356509 1c00a5e4 04482e83 lw               x29, 68(x16)        x29=c0a9d52c x16:10001e2c  PA:10001e70
20967138ns          356510 1c00a5e8 04882903 lw               x18, 72(x16)        x18=4129d0b6 x16:10001e2c  PA:10001e74
20967158ns          356511 1c00a5ec 0004a583 lw               x11, 0(x9)          x11=41648a9c  x9:10001df4  PA:10001df4
20967218ns          356514 1c00a5ee 0044a303 lw               x6, 4(x9)            x6=c175f283  x9:10001df4  PA:10001df8
20967258ns          356516 1c00a5f2 0084af83 lw               x31, 8(x9)          x31=c10614d1  x9:10001df4  PA:10001dfc
20967278ns          356517 1c00a5f6 20d696d3 fsgnjn.s         f13, f13, f13       f13=xxxxxxxx f13:3e7b5c5c f13:3e7b5c5c
20967298ns          356518 1c00a5fa 88d5f5c3 fmadd.s          f11, f11, f13, f17  f11=xxxxxxxx f11:41648a9c f13:be7b5c5c f17:404b18fc
20967437ns          356525 1c00a5fe e8d37343 fmadd.s          f6, f6, f13, f29     f6=xxxxxxxx  f6:c175f283 f13:be7b5c5c f29:c0a9d52c
20967477ns          356527 1c00a602 90dff6c3 fmadd.s          f13, f31, f13, f18  f13=xxxxxxxx f31:c10614d1 f13:be7b5c5c f18:4129d0b6
20967497ns          356528 1c00a606 04b82023 sw               x11, 64(x16)        x11:beaa6af7 x16:10001e2c  PA:10001e6c
20967516ns          356529 1c00a60a 04682223 sw               x6, 68(x16)          x6:bfc459ac x16:10001e2c  PA:10001e70
20967576ns          356532 1c00a60e 04d82423 sw               x13, 72(x16)        x13:414aba68 x16:10001e2c  PA:10001e74
20967596ns          356533 1c00a612 e61ff06f jal              x0, -416           
20967715ns          356539 1c00a472 00152463 p.beqimm         x10, 8              x10:00000002
20967735ns          356540 1c00a476 a79fe06f jal              x0, -5512          
20967894ns          356548 1c008eee 008e2783 lw               x15, 8(x28)         x15=bf1b1c4a x28:10001ddc  PA:10001de4
20967934ns          356550 1c008ef2 00eaa023 sw               x14, 0(x21)         x14:3fd7130d x21:10001ed8  PA:10001ed8
20967954ns          356551 1c008ef6 00faa223 sw               x15, 4(x21)         x15:bf1b1c4a x21:10001ed8  PA:10001edc
20967974ns          356552 1c008efa 00352b63 p.beqimm         x10, 22             x10:00000002
20968034ns          356555 1c008efe 00ce2783 lw               x15, 12(x28)        x15=3ed32d46 x28:10001ddc  PA:10001de8
20968073ns          356557 1c008f02 00faa423 sw               x15, 8(x21)         x15:3ed32d46 x21:10001ed8  PA:10001ee0
20968093ns          356558 1c008f06 00153563 p.bneimm         x10, 10             x10:00000002
20968213ns          356564 1c008f10 006d8d93 addi             x27, x27, 6         x27=0000000c x27:00000006
20968232ns          356565 1c008f12 005b0b13 addi             x22, x22, 5         x22=0000000a x22:00000005
20968252ns          356566 1c008f14 01880813 addi             x16, x16, 24        x16=10001e44 x16:10001e2c
20968272ns          356567 1c008f16 001d8793 addi             x15, x27, 1         x15=0000000d x27:0000000c
20968292ns          356568 1c008f1a 006b0693 addi             x13, x22, 6         x13=00000010 x22:0000000a
20968312ns          356569 1c008f1e 014a0a13 addi             x20, x20, 20        x20=10001ef4 x20:10001ee0
20968332ns          356570 1c008f20 018a8a93 addi             x21, x21, 24        x21=10001ef0 x21:10001ed8
20968352ns          356571 1c008f22 00198993 addi             x19, x19, 1         x19=00000004 x19:00000003
20968372ns          356572 1c008f24 00448493 addi             x9, x9, 4            x9=10001df8  x9:10001df4
20968392ns          356573 1c008f26 014c8c93 addi             x25, x25, 20        x25=10001e4c x25:10001e38
20968411ns          356574 1c008f28 014d0d13 addi             x26, x26, 20        x26=10001f58 x26:10001f44
20968431ns          356575 1c008f2a 01838393 addi             x7, x7, 24           x7=10001f50  x7:10001f38
20968451ns          356576 1c008f2c ffff0f13 addi             x30, x30, -1        x30=00000003 x30:00000004
20968471ns          356577 1c008f2e 004b8b93 addi             x23, x23, 4         x23=10001dcc x23:10001dc8
20968491ns          356578 1c008f30 014c0c13 addi             x24, x24, 20        x24=10001e50 x24:10001e3c
20968511ns          356579 1c008f32 00500e33 add              x28, x0, x5         x28=10001de0  x5:10001de0
20968531ns          356580 1c008f34 01480713 addi             x14, x16, 20        x14=10001e58 x16:10001e44
20968551ns          356581 1c008f38 acd7c363 blt              x15, x13, -3386     x15:0000000d x13:00000010
20969048ns          356606 1c0081fe 410c05b3 sub              x11, x24, x16       x11=0000000c x24:10001e50 x16:10001e44
20969088ns          356608 1c008202 1c0006b7 lui              x13, 0x1c000000     x13=1c000000
20969108ns          356609 1c008206 ffc58593 addi             x11, x11, -4        x11=00000008 x11:0000000c
20969128ns          356610 1c008208 01c68693 addi             x13, x13, 28        x13=1c00001c x13:1c000000
20969147ns          356611 1c00820c 0025d593 srli             x11, x11, 0x2       x11=00000002 x11:00000008
20969187ns          356613 1c00820e 0006a883 lw               x17, 0(x13)         x17=00800000 x13:1c00001c  PA:1c00001c
20969486ns          356628 1c008212 01000333 add              x6, x0, x16          x6=10001e44 x16:10001e44
20969505ns          356629 1c008214 00000793 addi             x15, x0, 0          x15=00000000
20969525ns          356630 1c008218 00158593 addi             x11, x11, 1         x11=00000003 x11:00000002
20969545ns          356631 1c00821a 0043268b p.lw             x13, 4(x6!)         x13=c0d5c575  x6=10001e48  x6:10001e44  PA:10001e44
20969744ns          356641 1c00821e a0c69ed3 flt.s            x29, f13, f12       x29=00000001 f13:c0d5c575 f12:00000000
20969784ns          356643 1c008222 000e8463 beq              x29, x0, 8          x29:00000001
20969804ns          356644 1c008226 20d696d3 fsgnjn.s         f13, f13, f13       f13=xxxxxxxx f13:c0d5c575 f13:c0d5c575
20969824ns          356645 1c00822a a0d89ed3 flt.s            x29, f17, f13       x29=00000001 f17:00800000 f13:40d5c575
20969883ns          356648 1c00822e 480e8e63 beq              x29, x0, 1180       x29:00000001
20969923ns          356650 1c008232 18d8fed3 fdiv.s           f29, f17, f13       f29=xxxxxxxx f17:00800000 f13:40d5c575
20970938ns          356701 1c008236 11d7f7d3 fmul.s           f15, f15, f29       f15=xxxxxxxx f15:00000000 f29:00132921
20970958ns          356702 1c00823a 00d008b3 add              x17, x0, x13        x17=40d5c575 x13:40d5c575
20970977ns          356703 1c00823c 40fef7c3 fmadd.s          f15, f29, f15, f8   f15=xxxxxxxx f29:00132921 f15:00000000  f8:3f800000
20970997ns          356704 1c008240 fff58593 addi             x11, x11, -1        x11=00000002 x11:00000003
20971017ns          356705 1c008242 fc059ce3 bne              x11, x0, -40        x11:00000002
20971156ns          356712 1c00821a 0043268b p.lw             x13, 4(x6!)         x13=413a8b8b  x6=10001e4c  x6:10001e48  PA:10001e48
20971196ns          356714 1c00821e a0c69ed3 flt.s            x29, f13, f12       x29=00000000 f13:413a8b8b f12:00000000
20971216ns          356715 1c008222 000e8463 beq              x29, x0, 8          x29:00000000
20971296ns          356719 1c00822a a0d89ed3 flt.s            x29, f17, f13       x29=00000001 f17:40d5c575 f13:413a8b8b
20971316ns          356720 1c00822e 480e8e63 beq              x29, x0, 1180       x29:00000001
20971335ns          356721 1c008232 18d8fed3 fdiv.s           f29, f17, f13       f29=xxxxxxxx f17:40d5c575 f13:413a8b8b
20972052ns          356757 1c008236 11d7f7d3 fmul.s           f15, f15, f29       f15=xxxxxxxx f15:3f800000 f29:3f12ae7c
20972071ns          356758 1c00823a 00d008b3 add              x17, x0, x13        x17=413a8b8b x13:413a8b8b
20972091ns          356759 1c00823c 40fef7c3 fmadd.s          f15, f29, f15, f8   f15=xxxxxxxx f29:3f12ae7c f15:3f12ae7c  f8:3f800000
20972111ns          356760 1c008240 fff58593 addi             x11, x11, -1        x11=00000001 x11:00000002
20972131ns          356761 1c008242 fc059ce3 bne              x11, x0, -40        x11:00000001
20972211ns          356765 1c00821a 0043268b p.lw             x13, 4(x6!)         x13=4026cc2e  x6=10001e50  x6:10001e4c  PA:10001e4c
20972250ns          356767 1c00821e a0c69ed3 flt.s            x29, f13, f12       x29=00000000 f13:4026cc2e f12:00000000
20972270ns          356768 1c008222 000e8463 beq              x29, x0, 8          x29:00000000
20972350ns          356772 1c00822a a0d89ed3 flt.s            x29, f17, f13       x29=00000000 f17:413a8b8b f13:4026cc2e
20972370ns          356773 1c00822e 480e8e63 beq              x29, x0, 1180       x29:00000000
20972509ns          356780 1c0086ca 1916f6d3 fdiv.s           f13, f13, f17       f13=xxxxxxxx f13:4026cc2e f17:413a8b8b
20973185ns          356814 1c0086ce 78d6f7c3 fmadd.s          f15, f13, f13, f15  f15=xxxxxxxx f13:3e64e669 f13:3e64e669 f15:3faa05be
20973205ns          356815 1c0086d2 fff58593 addi             x11, x11, -1        x11=00000000 x11:00000001
20973225ns          356816 1c0086d4 b40593e3 bne              x11, x0, -1210      x11:00000000
20973245ns          356817 1c0086d8 b6dff06f jal              x0, -1172          
20973344ns          356822 1c008244 5807f7d3 fsqrt.s          f15, f15            f15=xxxxxxxx f15:3fb06b18
20974279ns          356869 1c008248 10f8f8d3 fmul.s           f17, f17, f15       f17=xxxxxxxx f17:413a8b8b f15:3f964586
20974299ns          356870 1c00824c a11617d3 flt.s            x15, f12, f17       x15=00000001 f12:00000000 f17:415b00d9
20974319ns          356871 1c008250 500786e3 beq              x15, x0, 3340       x15:00000001
20974339ns          356872 1c008254 00082783 lw               x15, 0(x16)         x15=c0d5c575 x16:10001e44  PA:10001e44
20974359ns          356873 1c008258 211895d3 fsgnjn.s         f11, f17, f17       f11=xxxxxxxx f17:415b00d9 f17:415b00d9
20974379ns          356874 1c00825c a0c796d3 flt.s            x13, f15, f12       x13=00000001 f15:c0d5c575 f12:00000000
20974419ns          356876 1c008260 00068363 beq              x13, x0, 6          x13:00000001
20974458ns          356878 1c008262 41b0106f jal              x0, 7194           
20974538ns          356882 1c009e7c 011006b3 add              x13, x0, x17        x13=415b00d9 x17:415b00d9
20974995ns          356905 1c009e7e 00bba023 sw               x11, 0(x23)         x11:c15b00d9 x23:10001dcc  PA:10001dcc
20975015ns          356906 1c009e82 00b008b3 add              x17, x0, x11        x17=c15b00d9 x11:c15b00d9
20975035ns          356907 1c009e84 00d005b3 add              x11, x0, x13        x11=415b00d9 x13:415b00d9
20975055ns          356908 1c009e86 be4fe06f jal              x0, -7196          
20975115ns          356911 1c00826a a0c89353 flt.s            x6, f17, f12         x6=00000001 f17:c15b00d9 f12:00000000
20975135ns          356912 1c00826e 00b006b3 add              x13, x0, x11        x13=415b00d9 x11:415b00d9
20975174ns          356914 1c008270 00031363 bne              x6, x0, 6            x6:00000001
20975254ns          356918 1c008276 1c000fb7 lui              x31, 0x1c000000     x31=1c000000
20975274ns          356919 1c00827a 028f8f93 addi             x31, x31, 40        x31=1c000028 x31:1c000000
20975333ns          356922 1c00827e 000faf83 lw               x31, 0(x31)         x31=0c000000 x31:1c000028  PA:1c000028
20975672ns          356939 1c008282 005b0313 addi             x6, x22, 5           x6=0000000f x22:0000000a
20975692ns          356940 1c008286 a0df86d3 fle.s            x13, f31, f13       x13=00000001 f31:0c000000 f13:415b00d9
20975711ns          356941 1c00828a 4c068ee3 beq              x13, x0, 3292       x13:00000001
20975771ns          356944 1c00828e 1c0006b7 lui              x13, 0x1c000000     x13=1c000000
20975811ns          356946 1c008292 02068693 addi             x13, x13, 32        x13=1c000020 x13:1c000000
20975831ns          356947 1c008296 0006a683 lw               x13, 0(x13)         x13=3f800000 x13:1c000020  PA:1c000020
20976169ns          356964 1c008298 1916f8d3 fdiv.s           f17, f13, f17       f17=xxxxxxxx f13:3f800000 f17:c15b00d9
20976567ns          356984 1c00829c 026dd263 bge              x27, x6, 36         x27:0000000c  x6:0000000f
20976587ns          356985 1c0082a0 410c06b3 sub              x13, x24, x16       x13=00000008 x24:10001e50 x16:10001e44
20976606ns          356986 1c0082a4 ffc68693 addi             x13, x13, -4        x13=00000002 x13:0000000c
20976626ns          356987 1c0082a6 0026d693 srli             x13, x13, 0x2       x13=xxxxxxxx x13:00000008
20976646ns          356988 1c0082a8 01000eb3 add              x29, x0, x16        x29=xxxxxxxx x16:10001e44
20976666ns          356989 1c0082aa 00168693 addi             x13, x13, 1         x13=xxxxxxxx x13:00000002
20976686ns          356990 1c0082ac 0066c0fb lp.setup         0x1, x13, 0x6       x13:00000003  PA:10001e44
20976706ns          356991 1c0082b0 000ea783 lw               x15, 0(x29)         x15=4026cc2e x29:10001e44
20976825ns          356997 1c0082b4 1117f7d3 fmul.s           f15, f15, f17       f15=xxxxxxxx f15:c0d5c575 f17:bd959f91
20976845ns          356998 1c0082b8 00fea22b p.sw             x15, 4(x29!)        x29=10001e48 x15:3ef9e258 x29:10001e44  PA:10001e44
20976865ns          356999 1c0082b0 000ea783 lw               x15, 0(x29)         x15=xxxxxxxx x29:10001e48  PA:10001e48
20976905ns          357001 1c0082b4 1117f7d3 fmul.s           f15, f15, f17       f15=xxxxxxxx f15:413a8b8b f17:bd959f91
20976925ns          357002 1c0082b8 00fea22b p.sw             x15, 4(x29!)        x29=10001e4c x15:bf5a0efc x29:10001e48  PA:10001e48
20976945ns          357003 1c0082b0 000ea783 lw               x15, 0(x29)         x15=xxxxxxxx x29:10001e4c  PA:10001e4c
20976984ns          357005 1c0082b4 1117f7d3 fmul.s           f15, f15, f17       f15=xxxxxxxx f15:4026cc2e f17:bd959f91
20977004ns          357006 1c0082b8 00fea22b p.sw             x15, 4(x29!)        x29=10001e50 x15:be42f99c x29:10001e4c  PA:10001e4c
20977024ns          357007 1c0082bc 00082783 lw               x15, 0(x16)         x15=xxxxxxxx x16:10001e44  PA:10001e44
20977044ns          357008 1c0082c0 1c0008b7 lui              x17, 0x1c000000     x17=1c000000
20977084ns          357010 1c0082c4 02088893 addi             x17, x17, 32        x17=1c000020 x17:1c000000
20977104ns          357011 1c0082c8 0008a883 lw               x17, 0(x17)         x17=3f800000 x17:1c000020  PA:1c000020
20977402ns          357026 1c0082cc 00bba023 sw               x11, 0(x23)         x11:415b00d9 x23:10001dcc  PA:10001dcc
20977422ns          357027 1c0082d0 0117f7d3 fadd.s           f15, f15, f17       f15=xxxxxxxx f15:3ef9e258 f17:3f800000
20977442ns          357028 1c0082d4 00100f93 addi             x31, x0, 1          x31=00000001
20977462ns          357029 1c0082d6 00f82023 sw               x15, 0(x16)         x15:3fbe7896 x16:10001e44  PA:10001e44
20977482ns          357030 1c0082da 00812e83 lw               x29, 8(x2)          x29=10001dec  x2:10001d98  PA:10001da0
20977502ns          357031 1c0082dc 004e0293 addi             x5, x28, 4           x5=10001de4 x28:10001de0
20977541ns          357033 1c0082e0 405e86b3 sub              x13, x29, x5        x13=00000008 x29:10001dec  x5:10001de4
20977581ns          357035 1c0082e4 ffc68693 addi             x13, x13, -4        x13=00000004 x13:00000008
20977601ns          357036 1c0082e6 0026d693 srli             x13, x13, 0x2       x13=00000001 x13:00000004
20977621ns          357037 1c0082e8 00150513 addi             x10, x10, 1         x10=00000003 x10:00000002
20977641ns          357038 1c0082ea 005005b3 add              x11, x0, x5         x11=10001de4  x5:10001de4
20977661ns          357039 1c0082ec 00168693 addi             x13, x13, 1         x13=00000002 x13:00000001
20977681ns          357040 1c0082ee 00a00933 add              x18, x0, x10        x18=00000003 x10:00000003
20977700ns          357041 1c0082f0 01c12223 sw               x28, 4(x2)          x28:10001de0  x2:10001d98  PA:10001d9c
20977720ns          357042 1c0082f2 0306c0fb lp.setup         0x1, x13, 0x30      x13:00000002
20977740ns          357043 1c0082f6 040f8c63 beq              x31, x0, 88         x31:00000001
20977760ns          357044 1c0082fa 00082503 lw               x10, 0(x16)         x10=3fbe7896 x16:10001e44  PA:10001e44
20977919ns          357052 1c0082fe 00072883 lw               x17, 0(x14)         x17=409a4f5b x14:10001e58  PA:10001e58
20977959ns          357054 1c008302 00472303 lw               x6, 4(x14)           x6=40bd638b x14:10001e58  PA:10001e5c
20977979ns          357055 1c008306 611577c3 fmadd.s          f15, f10, f17, f12  f15=xxxxxxxx f10:3fbe7896 f17:409a4f5b f12:00000000
20977999ns          357056 1c00830a 00482e83 lw               x29, 4(x16)         x29=bf5a0efc x16:10001e44  PA:10001e48
20978059ns          357059 1c00830e 786ef7c3 fmadd.s          f15, f29, f6, f15   f15=xxxxxxxx f29:bf5a0efc  f6:40bd638b f15:40e59f2a
20978098ns          357061 1c008312 022f2863 p.beqimm         x30, 48             x30:00000003
20978118ns          357062 1c008316 00882e03 lw               x28, 8(x16)         x28=be42f99c x16:10001e44  PA:10001e4c
20978138ns          357063 1c00831a 00872e83 lw               x29, 8(x14)         x29=400166b8 x14:10001e58  PA:10001e60
20978198ns          357066 1c00831e 79de77c3 fmadd.s          f15, f28, f29, f15  f15=xxxxxxxx f28:be42f99c f29:400166b8 f15:40089aa0
20978238ns          357068 1c008322 023f2063 p.beqimm         x30, 32             x30:00000003
20978377ns          357075 1c008342 18a7f7d3 fdiv.s           f15, f15, f10       f15=xxxxxxxx f15:3fdfee3e f10:3fbe7896
20978993ns          357106 1c008346 a0c7aed3 feq.s            x29, f15, f12       x29=00000000 f15:3f967c47 f12:00000000
20979013ns          357107 1c00834a 300e80e3 beq              x29, x0, 2816       x29:00000000
20979153ns          357114 1c008e4a 20f797d3 fsgnjn.s         f15, f15, f15       f15=xxxxxxxx f15:3f967c47 f15:3f967c47
20979212ns          357117 1c008e4e 88a7f543 fmadd.s          f10, f15, f10, f17  f10=xxxxxxxx f15:bf967c47 f10:3fbe7896 f17:409a4f5b
20979232ns          357118 1c008e52 00a72023 sw               x10, 0(x14)         x10:4044a797 x14:10001e58  PA:10001e58
20979252ns          357119 1c008e54 00482503 lw               x10, 4(x16)         x10=bf5a0efc x16:10001e44  PA:10001e48
20979292ns          357121 1c008e58 30a7f343 fmadd.s          f6, f15, f10, f6     f6=xxxxxxxx f15:bf967c47 f10:bf5a0efc  f6:40bd638b
20979312ns          357122 1c008e5c 00672223 sw               x6, 4(x14)           x6:40dd6f34 x14:10001e58  PA:10001e5c
20979371ns          357125 1c008e60 ce2f2763 p.beqimm         x30, -2834          x30:00000003
20979411ns          357127 1c008e64 00882503 lw               x10, 8(x16)         x10=be42f99c x16:10001e44  PA:10001e4c
20979431ns          357128 1c008e68 00872883 lw               x17, 8(x14)         x17=400166b8 x14:10001e58  PA:10001e60
20979471ns          357130 1c008e6c 88a7f543 fmadd.s          f10, f15, f10, f17  f10=xxxxxxxx f15:bf967c47 f10:be42f99c f17:400166b8
20979908ns          357152 1c008e70 00a72423 sw               x10, 8(x14)         x10:400fba55 x14:10001e58  PA:10001e60
20979948ns          357154 1c008e72 cc3f2e63 p.beqimm         x30, -2852          x30:00000003
20980028ns          357158 1c00834e 0147278b p.lw             x15, 20(x14!)       x15=4044a797 x14=10001e6c x14:10001e58  PA:10001e58
20980067ns          357160 1c008352 00f5a22b p.sw             x15, 4(x11!)        x11=10001de8 x15:4044a797 x11:10001de4  PA:10001de4
20980147ns          357164 1c0082f6 040f8c63 beq              x31, x0, 88         x31:00000001
20980167ns          357165 1c0082fa 00082503 lw               x10, 0(x16)         x10=3fbe7896 x16:10001e44  PA:10001e44
20980187ns          357166 1c0082fe 00072883 lw               x17, 0(x14)         x17=beaa6af7 x14:10001e6c  PA:10001e6c
20980207ns          357167 1c008302 00472303 lw               x6, 4(x14)           x6=bfc459ac x14:10001e6c  PA:10001e70
20980227ns          357168 1c008306 611577c3 fmadd.s          f15, f10, f17, f12  f15=xxxxxxxx f10:3fbe7896 f17:beaa6af7 f12:00000000
20980246ns          357169 1c00830a 00482e83 lw               x29, 4(x16)         x29=bf5a0efc x16:10001e44  PA:10001e48
20980286ns          357171 1c00830e 786ef7c3 fmadd.s          f15, f29, f6, f15   f15=xxxxxxxx f29:bf5a0efc  f6:bfc459ac f15:befd9753
20980306ns          357172 1c008312 022f2863 p.beqimm         x30, 48             x30:00000003
20980326ns          357173 1c008316 00882e03 lw               x28, 8(x16)         x28=be42f99c x16:10001e44  PA:10001e4c
20980346ns          357174 1c00831a 00872e83 lw               x29, 8(x14)         x29=414aba68 x14:10001e6c  PA:10001e74
20980386ns          357176 1c00831e 79de77c3 fmadd.s          f15, f28, f29, f15  f15=xxxxxxxx f28:be42f99c f29:414aba68 f15:3f4fb40c
20980406ns          357177 1c008322 023f2063 p.beqimm         x30, 32             x30:00000003
20980485ns          357181 1c008342 18a7f7d3 fdiv.s           f15, f15, f10       f15=xxxxxxxx f15:bfccf3d5 f10:3fbe7896
20981440ns          357229 1c008346 a0c7aed3 feq.s            x29, f15, f12       x29=00000000 f15:bf89bb56 f12:00000000
20981460ns          357230 1c00834a 300e80e3 beq              x29, x0, 2816       x29:00000000
20981539ns          357234 1c008e4a 20f797d3 fsgnjn.s         f15, f15, f15       f15=xxxxxxxx f15:bf89bb56 f15:bf89bb56
20981559ns          357235 1c008e4e 88a7f543 fmadd.s          f10, f15, f10, f17  f10=xxxxxxxx f15:3f89bb56 f10:3fbe7896 f17:beaa6af7
20981579ns          357236 1c008e52 00a72023 sw               x10, 0(x14)         x10:3fa25917 x14:10001e6c  PA:10001e6c
20981599ns          357237 1c008e54 00482503 lw               x10, 4(x16)         x10=bf5a0efc x16:10001e44  PA:10001e48
20981639ns          357239 1c008e58 30a7f343 fmadd.s          f6, f15, f10, f6     f6=xxxxxxxx f15:3f89bb56 f10:bf5a0efc  f6:bfc459ac
20981659ns          357240 1c008e5c 00672223 sw               x6, 4(x14)           x6:c01cd5a2 x14:10001e6c  PA:10001e70
20981679ns          357241 1c008e60 ce2f2763 p.beqimm         x30, -2834          x30:00000003
20981699ns          357242 1c008e64 00882503 lw               x10, 8(x16)         x10=be42f99c x16:10001e44  PA:10001e4c
20981718ns          357243 1c008e68 00872883 lw               x17, 8(x14)         x17=414aba68 x14:10001e6c  PA:10001e74
20981758ns          357245 1c008e6c 88a7f543 fmadd.s          f10, f15, f10, f17  f10=xxxxxxxx f15:3f89bb56 f10:be42f99c f17:414aba68
20981778ns          357246 1c008e70 00a72423 sw               x10, 8(x14)         x10:41477336 x14:10001e6c  PA:10001e74
20981798ns          357247 1c008e72 cc3f2e63 p.beqimm         x30, -2852          x30:00000003
20981878ns          357251 1c00834e 0147278b p.lw             x15, 20(x14!)       x15=3fa25917 x14=10001e80 x14:10001e6c  PA:10001e6c
20981917ns          357253 1c008352 00f5a22b p.sw             x15, 4(x11!)        x11=10001dec x15:3fa25917 x11:10001de8  PA:10001de8
20981937ns          357254 1c008356 00082703 lw               x14, 0(x16)         x14=3fbe7896 x16:10001e44  PA:10001e44
20981957ns          357255 1c00835a 00482783 lw               x15, 4(x16)         x15=bf5a0efc x16:10001e44  PA:10001e48
20981997ns          357257 1c00835e 00e3a023 sw               x14, 0(x7)          x14:3fbe7896  x7:10001f50  PA:10001f50
20982037ns          357259 1c008362 00f3a223 sw               x15, 4(x7)          x15:bf5a0efc  x7:10001f50  PA:10001f54
20982057ns          357260 1c008366 01200533 add              x10, x0, x18        x10=00000003 x18:00000003
20982076ns          357261 1c008368 00412e03 lw               x28, 4(x2)          x28=10001de0  x2:10001d98  PA:10001d9c
20982096ns          357262 1c00836a 3659a863 p.beqimm         x19, 880            x19:00000004
20982136ns          357264 1c00836e 00882783 lw               x15, 8(x16)         x15=be42f99c x16:10001e44  PA:10001e4c
20982176ns          357266 1c008372 00f3a423 sw               x15, 8(x7)          x15:be42f99c  x7:10001f50  PA:10001f58
20982196ns          357267 1c008376 00392c63 p.beqimm         x18, 24             x18:00000003
20982315ns          357273 1c00838e 00500893 addi             x17, x0, 5          x17=00000005
20982375ns          357276 1c008390 40a888b3 sub              x17, x17, x10       x17=00000002 x17:00000005 x10:00000003
20982415ns          357278 1c008394 011985b3 add              x11, x19, x17       x11=00000006 x19:00000004 x17:00000002
20982434ns          357279 1c008398 00b9c463 blt              x19, x11, 8         x19:00000004 x11:00000006
20982554ns          357285 1c0083a0 004e2703 lw               x14, 4(x28)         x14=4044a797 x28:10001de0  PA:10001de4
20982594ns          357287 1c0083a4 a0c717d3 flt.s            x15, f14, f12       x15=00000000 f14:4044a797 f12:00000000
20982613ns          357288 1c0083a8 00078363 beq              x15, x0, 6          x15:00000000
20982733ns          357294 1c0083ae 1c000fb7 lui              x31, 0x1c000000     x31=1c000000
20982753ns          357295 1c0083b2 01cf8f93 addi             x31, x31, 28        x31=1c00001c x31:1c000000
20982773ns          357296 1c0083b6 000faf83 lw               x31, 0(x31)         x31=00800000 x31:1c00001c  PA:1c00001c
20983111ns          357313 1c0083ba a0ef97d3 flt.s            x15, f31, f14       x15=00000001 f31:00800000 f14:4044a797
20983131ns          357314 1c0083be 00078363 beq              x15, x0, 6          x15:00000001
20983151ns          357315 1c0083c0 4410106f jal              x0, 7232           
20983230ns          357319 1c00a000 1c000eb7 lui              x29, 0x1c000000     x29=1c000000
20983270ns          357321 1c00a004 01ce8e93 addi             x29, x29, 28        x29=1c00001c x29:1c000000
20983290ns          357322 1c00a008 1c000fb7 lui              x31, 0x1c000000     x31=1c000000
20983310ns          357323 1c00a00c 000eae83 lw               x29, 0(x29)         x29=00800000 x29:1c00001c  PA:1c00001c
20983668ns          357341 1c00a010 020f8f93 addi             x31, x31, 32        x31=1c000020 x31:1c000000
20983688ns          357342 1c00a014 18eef7d3 fdiv.s           f15, f29, f14       f15=xxxxxxxx f29:00800000 f14:4044a797
20984026ns          357359 1c00a018 10c7f6d3 fmul.s           f13, f15, f12       f13=xxxxxxxx f15:0029a823 f12:00000000
20984046ns          357360 1c00a01c 000faf83 lw               x31, 0(x31)         x31=3f800000 x31:1c000020  PA:1c000020
20984364ns          357376 1c00a020 f8d7f7c3 fmadd.s          f15, f15, f13, f31  f15=xxxxxxxx f15:0029a823 f13:00000000 f31:3f800000
20984384ns          357377 1c00a024 baafe06f jal              x0, -7254          
20984483ns          357382 1c0083ce 00250693 addi             x13, x10, 2         x13=00000005 x10:00000003
20984523ns          357384 1c0083d2 0eb6db63 bge              x13, x11, 246       x13:00000005 x11:00000006
20984543ns          357385 1c0083d6 008e2683 lw               x13, 8(x28)         x13=3fa25917 x28:10001de0  PA:10001de8
20984583ns          357387 1c0083da a0c69353 flt.s            x6, f13, f12         x6=00000000 f13:3fa25917 f12:00000000
20984622ns          357389 1c0083de 00030463 beq              x6, x0, 8            x6:00000000
20984702ns          357393 1c0083e6 a0d71353 flt.s            x6, f14, f13         x6=00000000 f14:4044a797 f13:3fa25917
20984722ns          357394 1c0083ea 00030463 beq              x6, x0, 8            x6:00000000
20984841ns          357400 1c0083f2 18e6f353 fdiv.s           f6, f13, f14         f6=xxxxxxxx f13:3fa25917 f14:4044a797
20984901ns          357403 1c0083f6 00e006b3 add              x13, x0, x14        x13=xxxxxxxx x14:4044a797
20984921ns          357404 1c0083f8 00350713 addi             x14, x10, 3         x14=xxxxxxxx x10:00000003
20985160ns          357416 1c0083fc 786377c3 fmadd.s          f15, f6, f6, f15    f15=xxxxxxxx  f6:3ed3572a  f6:3ed3572a f15:3f800000
20985179ns          357417 1c008400 00b74463 blt              x14, x11, 8         x14:00000006 x11:00000006
20985199ns          357418 1c008404 4570106f jal              x0, 7254           
20985279ns          357422 1c00a05a 00d00733 add              x14, x0, x13        x14=4044a797 x13:4044a797
20985319ns          357424 1c00a05c c6cfe06f jal              x0, -7060          
20985418ns          357429 1c0084c8 5807f7d3 fsqrt.s          f15, f15            f15=xxxxxxxx f15:3f95cf1a
20986393ns          357478 1c0084cc 10f77753 fmul.s           f14, f14, f15       f14=xxxxxxxx f14:4044a797 f15:3f8a79cf
20986413ns          357479 1c0084d0 a0c727d3 feq.s            x15, f14, f12       x15=00000000 f14:4054bfd3 f12:00000000
20986433ns          357480 1c0084d4 200799e3 bne              x15, x0, 2578       x15:00000000
20986452ns          357481 1c0084d8 004e2783 lw               x15, 4(x28)         x15=4044a797 x28:10001de0  PA:10001de4
20986492ns          357483 1c0084dc a0c796d3 flt.s            x13, f15, f12       x13=00000000 f15:4044a797 f12:00000000
20986512ns          357484 1c0084e0 00068363 beq              x13, x0, 6          x13:00000000
20986592ns          357488 1c0084e6 00ee2023 sw               x14, 0(x28)         x14:4054bfd3 x28:10001de0  PA:10001de0
20986612ns          357489 1c0084ea a0c716d3 flt.s            x13, f14, f12       x13=00000000 f14:4054bfd3 f12:00000000
20986631ns          357490 1c0084ee 00068363 beq              x13, x0, 6          x13:00000000
20986711ns          357494 1c0084f4 00e006b3 add              x13, x0, x14        x13=4054bfd3 x14:4054bfd3
20986731ns          357495 1c0084f6 1c000337 lui              x6, 0x1c000000       x6=1c000000
20986751ns          357496 1c0084fa 02830313 addi             x6, x6, 40           x6=1c000028  x6:1c000000
20986810ns          357499 1c0084fe 00032303 lw               x6, 0(x6)            x6=0c000000  x6:1c000028  PA:1c000028
20987168ns          357517 1c008502 a0d306d3 fle.s            x13, f6, f13        x13=00000001  f6:0c000000 f13:4054bfd3
20987188ns          357518 1c008506 00068363 beq              x13, x0, 6          x13:00000001
20987208ns          357519 1c008508 4730106f jal              x0, 7282           
20987328ns          357525 1c00a17a 008e2683 lw               x13, 8(x28)         x13=3fa25917 x28:10001de0  PA:10001de8
20987387ns          357528 1c00a17e 1c000fb7 lui              x31, 0x1c000000     x31=1c000000
20987427ns          357530 1c00a182 020f8f93 addi             x31, x31, 32        x31=1c000020 x31:1c000000
20987447ns          357531 1c00a186 000faf83 lw               x31, 0(x31)         x31=3f800000 x31:1c000020  PA:1c000020
20987765ns          357547 1c00a18a 18eff753 fdiv.s           f14, f31, f14       f14=xxxxxxxx f31:3f800000 f14:4054bfd3
20988481ns          357583 1c00a18e 10e7f7d3 fmul.s           f15, f15, f14       f15=xxxxxxxx f15:4044a797 f14:3e9a058b
20988501ns          357584 1c00a192 10e6f6d3 fmul.s           f13, f13, f14       f13=xxxxxxxx f13:3fa25917 f14:3e9a058b
20988521ns          357585 1c00a196 00fe2223 sw               x15, 4(x28)         x15:3f6ca226 x28:10001de0  PA:10001de4
20988541ns          357586 1c00a19a 00de2423 sw               x13, 8(x28)         x13:3ec35a37 x28:10001de0  PA:10001de8
20988621ns          357590 1c00a19e 1c352063 p.beqimm         x10, 448            x10:00000003
20988800ns          357599 1c00a35e 1c0005b7 lui              x11, 0x1c000000     x11=1c000000
20988839ns          357601 1c00a362 02058593 addi             x11, x11, 32        x11=1c000020 x11:1c000000
20988859ns          357602 1c00a366 0005a583 lw               x11, 0(x11)         x11=3f800000 x11:1c000020  PA:1c000020
20989158ns          357617 1c00a368 000e2703 lw               x14, 0(x28)         x14=4054bfd3 x28:10001de0  PA:10001de0
20989177ns          357618 1c00a36c 00b7f7d3 fadd.s           f15, f15, f11       f15=xxxxxxxx f15:3f6ca226 f11:3f800000
20989197ns          357619 1c00a370 20e71753 fsgnjn.s         f14, f14, f14       f14=xxxxxxxx f14:4054bfd3 f14:4054bfd3
20989217ns          357620 1c00a374 00ee2023 sw               x14, 0(x28)         x14:c054bfd3 x28:10001de0  PA:10001de0
20989237ns          357621 1c00a378 00fe2223 sw               x15, 4(x28)         x15:3ff65113 x28:10001de0  PA:10001de4
20989257ns          357622 1c00a37c 0004a023 sw               x0, 0(x9)            x9:10001df8  PA:10001df8
20989476ns          357633 1c00a380 0004a223 sw               x0, 4(x9)            x9:10001df8  PA:10001dfc
20989516ns          357635 1c00a384 00251313 slli             x6, x10, 0x2         x6=0000000c x10:00000003
20989535ns          357636 1c00a388 0048b463 p.bneimm         x17, 8              x17:00000002
20989655ns          357642 1c00a390 3028aa63 p.beqimm         x17, 788            x17:00000002
20989754ns          357647 1c00a6a4 0e010f93 addi             x31, x2, 224        x31=10001e78  x2:10001d98
20989794ns          357649 1c00a6a8 006f8733 add              x14, x31, x6        x14=10001e84 x31:10001e78  x6:0000000c
20989814ns          357650 1c00a6ac f6072703 lw               x14, -160(x14)      x14=3ff65113 x14:10001e84  PA:10001de4
20990232ns          357671 1c00a6b0 a0c726d3 feq.s            x13, f14, f12       x13=00000000 f14:3ff65113 f12:00000000
20990271ns          357673 1c00a6b4 14068d63 beq              x13, x0, 346        x13:00000000
20990769ns          357698 1c00a80e 0004a583 lw               x11, 0(x9)          x11=00000000  x9:10001df8  PA:10001df8
20991226ns          357721 1c00a810 0044ae83 lw               x29, 4(x9)          x29=00000000  x9:10001df8  PA:10001dfc
20991266ns          357723 1c00a814 01882683 lw               x13, 24(x16)        x13=40dd6f34 x16:10001e44  PA:10001e5c
20991286ns          357724 1c00a818 01c82883 lw               x17, 28(x16)        x17=400fba55 x16:10001e44  PA:10001e60
20991306ns          357725 1c00a81c 58d776c3 fmadd.s          f13, f14, f13, f11  f13=xxxxxxxx f14:3ff65113 f13:40dd6f34 f11:00000000
20991743ns          357747 1c00a820 e9177743 fmadd.s          f14, f14, f17, f29  f14=xxxxxxxx f14:3ff65113 f17:400fba55 f29:00000000
20991783ns          357749 1c00a824 00d4a023 sw               x13, 0(x9)          x13:41550efd  x9:10001df8  PA:10001df8
20991803ns          357750 1c00a826 00e4a223 sw               x14, 4(x9)          x14:408a4a92  x9:10001df8  PA:10001dfc
20991823ns          357751 1c00a828 e91ff06f jal              x0, -368           
20992300ns          357775 1c00a6b8 0459ac63 p.beqimm         x19, 88             x19:00000004
20992320ns          357776 1c00a6bc 00299713 slli             x14, x19, 0x2       x14=00000010 x19:00000004
20992778ns          357799 1c00a6c0 0e010593 addi             x11, x2, 224        x11=10001e78  x2:10001d98
20992798ns          357800 1c00a6c2 00b70733 add              x14, x14, x11       x14=10001e88 x14:00000010 x11:10001e78
20992817ns          357801 1c00a6c4 f6072703 lw               x14, -160(x14)      x14=3ec35a37 x14:10001e88  PA:10001de8
20992857ns          357803 1c00a6c8 a0c726d3 feq.s            x13, f14, f12       x13=00000000 f14:3ec35a37 f12:00000000
20992877ns          357804 1c00a6cc 14068f63 beq              x13, x0, 350        x13:00000000
20993315ns          357826 1c00a82a 0004a583 lw               x11, 0(x9)          x11=41550efd  x9:10001df8  PA:10001df8
20993335ns          357827 1c00a82c 0044ae83 lw               x29, 4(x9)          x29=408a4a92  x9:10001df8  PA:10001dfc
20993355ns          357828 1c00a830 02c82683 lw               x13, 44(x16)        x13=c01cd5a2 x16:10001e44  PA:10001e70
20993374ns          357829 1c00a834 03082883 lw               x17, 48(x16)        x17=41477336 x16:10001e44  PA:10001e74
20993394ns          357830 1c00a838 58d776c3 fmadd.s          f13, f14, f13, f11  f13=xxxxxxxx f14:3ec35a37 f13:c01cd5a2 f11:41550efd
20993414ns          357831 1c00a83c e9177743 fmadd.s          f14, f14, f17, f29  f14=xxxxxxxx f14:3ec35a37 f17:41477336 f29:408a4a92
20993892ns          357855 1c00a840 00d4a023 sw               x13, 0(x9)          x13:4146193d  x9:10001df8  PA:10001df8
20993911ns          357856 1c00a842 00e4a223 sw               x14, 4(x9)          x14:41113ecf  x9:10001df8  PA:10001dfc
20993931ns          357857 1c00a844 e8dff06f jal              x0, -372           
20993971ns          357859 1c00a6d0 00250713 addi             x14, x10, 2         x14=00000005 x10:00000003
20993991ns          357860 1c00a6d4 02572e63 p.beqimm         x14, 60             x14:00000005
20994448ns          357883 1c00a710 0e010e93 addi             x29, x2, 224        x29=10001e78  x2:10001d98
20994488ns          357885 1c00a714 01d30333 add              x6, x6, x29          x6=10001e84  x6:0000000c x29:10001e78
20994508ns          357886 1c00a716 f6032683 lw               x13, -160(x6)       x13=3ff65113  x6:10001e84  PA:10001de4
20994548ns          357888 1c00a71a 18f6f6d3 fdiv.s           f13, f13, f15       f13=xxxxxxxx f13:3ff65113 f15:3ff65113
20995602ns          357941 1c00a71e a0c6a5d3 feq.s            x11, f13, f12       x11=00000000 f13:3f800000 f12:00000000
20995622ns          357942 1c00a722 00f00733 add              x14, x0, x15        x14=3ff65113 x15:3ff65113
20995642ns          357943 1c00a724 0c058363 beq              x11, x0, 198        x11:00000000
20995841ns          357953 1c00a7ea 01882883 lw               x17, 24(x16)        x17=40dd6f34 x16:10001e44  PA:10001e5c
20996099ns          357966 1c00a7ee 01c82e83 lw               x29, 28(x16)        x29=400fba55 x16:10001e44  PA:10001e60
20996119ns          357967 1c00a7f2 0004a583 lw               x11, 0(x9)          x11=4146193d  x9:10001df8  PA:10001df8
20996139ns          357968 1c00a7f4 0044a303 lw               x6, 4(x9)            x6=41113ecf  x9:10001df8  PA:10001dfc
20996159ns          357969 1c00a7f8 20d696d3 fsgnjn.s         f13, f13, f13       f13=xxxxxxxx f13:3f800000 f13:3f800000
20996179ns          357970 1c00a7fc 88b6f5c3 fmadd.s          f11, f13, f11, f17  f11=xxxxxxxx f13:bf800000 f11:4146193d f17:40dd6f34
20996199ns          357971 1c00a800 e8d376c3 fmadd.s          f13, f6, f13, f29   f13=xxxxxxxx  f6:41113ecf f13:bf800000 f29:400fba55
20996219ns          357972 1c00a804 00b82c23 sw               x11, 24(x16)        x11:c0aec346 x16:10001e44  PA:10001e5c
20996239ns          357973 1c00a808 00d82e23 sw               x13, 28(x16)        x13:c0daa074 x16:10001e44  PA:10001e60
20996259ns          357974 1c00a80c f1bff06f jal              x0, -230           
20996378ns          357980 1c00a726 0059b463 p.bneimm         x19, 8              x19:00000004
20996457ns          357984 1c00a72e 00299693 slli             x13, x19, 0x2       x13=00000010 x19:00000004
20996477ns          357985 1c00a732 0e010313 addi             x6, x2, 224          x6=10001e78  x2:10001d98
20996497ns          357986 1c00a736 006686b3 add              x13, x13, x6        x13=10001e88 x13:00000010  x6:10001e78
20996517ns          357987 1c00a738 f606a683 lw               x13, -160(x13)      x13=3ec35a37 x13:10001e88  PA:10001de8
20996557ns          357989 1c00a73c 18f6f6d3 fdiv.s           f13, f13, f15       f13=xxxxxxxx f13:3ec35a37 f15:3ff65113
20997631ns          358043 1c00a740 a0c6a5d3 feq.s            x11, f13, f12       x11=00000000 f13:3e4b083c f12:00000000
20997651ns          358044 1c00a744 02059263 bne              x11, x0, 36         x11:00000000
20997671ns          358045 1c00a746 02c82883 lw               x17, 44(x16)        x17=c01cd5a2 x16:10001e44  PA:10001e70
20997691ns          358046 1c00a74a 03082e83 lw               x29, 48(x16)        x29=41477336 x16:10001e44  PA:10001e74
20997711ns          358047 1c00a74e 0004a583 lw               x11, 0(x9)          x11=4146193d  x9:10001df8  PA:10001df8
20997750ns          358049 1c00a750 0044a303 lw               x6, 4(x9)            x6=41113ecf  x9:10001df8  PA:10001dfc
20997790ns          358051 1c00a754 20d696d3 fsgnjn.s         f13, f13, f13       f13=xxxxxxxx f13:3e4b083c f13:3e4b083c
20997810ns          358052 1c00a758 88b6f5c3 fmadd.s          f11, f13, f11, f17  f11=xxxxxxxx f13:be4b083c f11:4146193d f17:c01cd5a2
20997830ns          358053 1c00a75c e866f6c3 fmadd.s          f13, f13, f6, f29   f13=xxxxxxxx f13:be4b083c  f6:41113ecf f29:41477336
20998029ns          358063 1c00a760 02b82623 sw               x11, 44(x16)        x11:c09cf902 x16:10001e44  PA:10001e70
20998069ns          358065 1c00a764 02d82823 sw               x13, 48(x16)        x13:412aa6d7 x16:10001e44  PA:10001e74
20998088ns          358066 1c00a768 00250693 addi             x13, x10, 2         x13=00000005 x10:00000003
20998108ns          358067 1c00a76c 0056b463 p.bneimm         x13, 8              x13:00000005
20998546ns          358089 1c00a770 f7efe06f jal              x0, -6274          
20998705ns          358097 1c008eee 008e2783 lw               x15, 8(x28)         x15=3ec35a37 x28:10001de0  PA:10001de8
20998745ns          358099 1c008ef2 00eaa023 sw               x14, 0(x21)         x14:3ff65113 x21:10001ef0  PA:10001ef0
20998765ns          358100 1c008ef6 00faa223 sw               x15, 4(x21)         x15:3ec35a37 x21:10001ef0  PA:10001ef4
20998785ns          358101 1c008efa 00352b63 p.beqimm         x10, 22             x10:00000003
20998924ns          358108 1c008f10 006d8d93 addi             x27, x27, 6         x27=00000012 x27:0000000c
20998944ns          358109 1c008f12 005b0b13 addi             x22, x22, 5         x22=0000000f x22:0000000a
20998964ns          358110 1c008f14 01880813 addi             x16, x16, 24        x16=10001e5c x16:10001e44
20998984ns          358111 1c008f16 001d8793 addi             x15, x27, 1         x15=00000013 x27:00000012
20999003ns          358112 1c008f1a 006b0693 addi             x13, x22, 6         x13=00000015 x22:0000000f
20999023ns          358113 1c008f1e 014a0a13 addi             x20, x20, 20        x20=10001f08 x20:10001ef4
20999401ns          358132 1c008f20 018a8a93 addi             x21, x21, 24        x21=10001f08 x21:10001ef0
20999421ns          358133 1c008f22 00198993 addi             x19, x19, 1         x19=00000005 x19:00000004
20999441ns          358134 1c008f24 00448493 addi             x9, x9, 4            x9=10001dfc  x9:10001df8
20999461ns          358135 1c008f26 014c8c93 addi             x25, x25, 20        x25=10001e60 x25:10001e4c
20999481ns          358136 1c008f28 014d0d13 addi             x26, x26, 20        x26=10001f6c x26:10001f58
20999501ns          358137 1c008f2a 01838393 addi             x7, x7, 24           x7=10001f68  x7:10001f50
20999521ns          358138 1c008f2c ffff0f13 addi             x30, x30, -1        x30=00000002 x30:00000003
20999541ns          358139 1c008f2e 004b8b93 addi             x23, x23, 4         x23=10001dd0 x23:10001dcc
20999918ns          358158 1c008f30 014c0c13 addi             x24, x24, 20        x24=10001e64 x24:10001e50
20999938ns          358159 1c008f32 00500e33 add              x28, x0, x5         x28=10001de4  x5:10001de4
20999958ns          358160 1c008f34 01480713 addi             x14, x16, 20        x14=10001e70 x16:10001e5c
20999978ns          358161 1c008f38 acd7c363 blt              x15, x13, -3386     x15:00000013 x13:00000015
21000217ns          358173 1c0081fe 410c05b3 sub              x11, x24, x16       x11=00000008 x24:10001e64 x16:10001e5c
21000257ns          358175 1c008202 1c0006b7 lui              x13, 0x1c000000     x13=1c000000
21000276ns          358176 1c008206 ffc58593 addi             x11, x11, -4        x11=00000004 x11:00000008
21000296ns          358177 1c008208 01c68693 addi             x13, x13, 28        x13=1c00001c x13:1c000000
21000316ns          358178 1c00820c 0025d593 srli             x11, x11, 0x2       x11=00000001 x11:00000004
21000356ns          358180 1c00820e 0006a883 lw               x17, 0(x13)         x17=00800000 x13:1c00001c  PA:1c00001c
21000654ns          358195 1c008212 01000333 add              x6, x0, x16          x6=10001e5c x16:10001e5c
21000674ns          358196 1c008214 00000793 addi             x15, x0, 0          x15=00000000
21000694ns          358197 1c008218 00158593 addi             x11, x11, 1         x11=00000002 x11:00000001
21000714ns          358198 1c00821a 0043268b p.lw             x13, 4(x6!)         x13=c0aec346  x6=10001e60  x6:10001e5c  PA:10001e5c
21000754ns          358200 1c00821e a0c69ed3 flt.s            x29, f13, f12       x29=00000001 f13:c0aec346 f12:00000000
21000774ns          358201 1c008222 000e8463 beq              x29, x0, 8          x29:00000001
21000794ns          358202 1c008226 20d696d3 fsgnjn.s         f13, f13, f13       f13=xxxxxxxx f13:c0aec346 f13:c0aec346
21000814ns          358203 1c00822a a0d89ed3 flt.s            x29, f17, f13       x29=00000001 f17:00800000 f13:40aec346
21000853ns          358205 1c00822e 480e8e63 beq              x29, x0, 1180       x29:00000001
21000893ns          358207 1c008232 18d8fed3 fdiv.s           f29, f17, f13       f29=xxxxxxxx f17:00800000 f13:40aec346
21001927ns          358259 1c008236 11d7f7d3 fmul.s           f15, f15, f29       f15=xxxxxxxx f15:00000000 f29:00176fff
21001947ns          358260 1c00823a 00d008b3 add              x17, x0, x13        x17=40aec346 x13:40aec346
21001967ns          358261 1c00823c 40fef7c3 fmadd.s          f15, f29, f15, f8   f15=xxxxxxxx f29:00176fff f15:00000000  f8:3f800000
21001987ns          358262 1c008240 fff58593 addi             x11, x11, -1        x11=00000001 x11:00000002
21002007ns          358263 1c008242 fc059ce3 bne              x11, x0, -40        x11:00000001
21002146ns          358270 1c00821a 0043268b p.lw             x13, 4(x6!)         x13=c0daa074  x6=10001e64  x6:10001e60  PA:10001e60
21002186ns          358272 1c00821e a0c69ed3 flt.s            x29, f13, f12       x29=00000001 f13:c0daa074 f12:00000000
21002206ns          358273 1c008222 000e8463 beq              x29, x0, 8          x29:00000001
21002226ns          358274 1c008226 20d696d3 fsgnjn.s         f13, f13, f13       f13=xxxxxxxx f13:c0daa074 f13:c0daa074
21002246ns          358275 1c00822a a0d89ed3 flt.s            x29, f17, f13       x29=00000001 f17:40aec346 f13:40daa074
21002266ns          358276 1c00822e 480e8e63 beq              x29, x0, 1180       x29:00000001
21002285ns          358277 1c008232 18d8fed3 fdiv.s           f29, f17, f13       f29=xxxxxxxx f17:40aec346 f13:40daa074
21003041ns          358315 1c008236 11d7f7d3 fmul.s           f15, f15, f29       f15=xxxxxxxx f15:3f800000 f29:3f4ca33e
21003061ns          358316 1c00823a 00d008b3 add              x17, x0, x13        x17=40daa074 x13:40daa074
21003081ns          358317 1c00823c 40fef7c3 fmadd.s          f15, f29, f15, f8   f15=xxxxxxxx f29:3f4ca33e f15:3f4ca33e  f8:3f800000
21003101ns          358318 1c008240 fff58593 addi             x11, x11, -1        x11=00000000 x11:00000001
21003121ns          358319 1c008242 fc059ce3 bne              x11, x0, -40        x11:00000000
21003141ns          358320 1c008244 5807f7d3 fsqrt.s          f15, f15            f15=xxxxxxxx f15:3fd1ca49
21004155ns          358371 1c008248 10f8f8d3 fmul.s           f17, f17, f15       f17=xxxxxxxx f17:40daa074 f15:3fa3de89
21004175ns          358372 1c00824c a11617d3 flt.s            x15, f12, f17       x15=00000001 f12:00000000 f17:410bf236
21004195ns          358373 1c008250 500786e3 beq              x15, x0, 3340       x15:00000001
21004215ns          358374 1c008254 00082783 lw               x15, 0(x16)         x15=c0aec346 x16:10001e5c  PA:10001e5c
21004235ns          358375 1c008258 211895d3 fsgnjn.s         f11, f17, f17       f11=xxxxxxxx f17:410bf236 f17:410bf236
21004255ns          358376 1c00825c a0c796d3 flt.s            x13, f15, f12       x13=00000001 f15:c0aec346 f12:00000000
21004294ns          358378 1c008260 00068363 beq              x13, x0, 6          x13:00000001
21004334ns          358380 1c008262 41b0106f jal              x0, 7194           
21004672ns          358397 1c009e7c 011006b3 add              x13, x0, x17        x13=410bf236 x17:410bf236
21004752ns          358401 1c009e7e 00bba023 sw               x11, 0(x23)         x11:c10bf236 x23:10001dd0  PA:10001dd0
21004772ns          358402 1c009e82 00b008b3 add              x17, x0, x11        x17=c10bf236 x11:c10bf236
21004792ns          358403 1c009e84 00d005b3 add              x11, x0, x13        x11=410bf236 x13:410bf236
21004812ns          358404 1c009e86 be4fe06f jal              x0, -7196          
21004871ns          358407 1c00826a a0c89353 flt.s            x6, f17, f12         x6=00000001 f17:c10bf236 f12:00000000
21004891ns          358408 1c00826e 00b006b3 add              x13, x0, x11        x13=410bf236 x11:410bf236
21004931ns          358410 1c008270 00031363 bne              x6, x0, 6            x6:00000001
21005010ns          358414 1c008276 1c000fb7 lui              x31, 0x1c000000     x31=1c000000
21005030ns          358415 1c00827a 028f8f93 addi             x31, x31, 40        x31=1c000028 x31:1c000000
21005090ns          358418 1c00827e 000faf83 lw               x31, 0(x31)         x31=0c000000 x31:1c000028  PA:1c000028
21005428ns          358435 1c008282 005b0313 addi             x6, x22, 5           x6=00000014 x22:0000000f
21005448ns          358436 1c008286 a0df86d3 fle.s            x13, f31, f13       x13=00000001 f31:0c000000 f13:410bf236
21005468ns          358437 1c00828a 4c068ee3 beq              x13, x0, 3292       x13:00000001
21005528ns          358440 1c00828e 1c0006b7 lui              x13, 0x1c000000     x13=1c000000
21005567ns          358442 1c008292 02068693 addi             x13, x13, 32        x13=1c000020 x13:1c000000
21005587ns          358443 1c008296 0006a683 lw               x13, 0(x13)         x13=3f800000 x13:1c000020  PA:1c000020
21005906ns          358459 1c008298 1916f8d3 fdiv.s           f17, f13, f17       f17=xxxxxxxx f13:3f800000 f17:c10bf236
21006164ns          358472 1c00829c 026dd263 bge              x27, x6, 36         x27:00000012  x6:00000014
21006184ns          358473 1c0082a0 410c06b3 sub              x13, x24, x16       x13=00000004 x24:10001e64 x16:10001e5c
21006204ns          358474 1c0082a4 ffc68693 addi             x13, x13, -4        x13=00000001 x13:00000008
21006224ns          358475 1c0082a6 0026d693 srli             x13, x13, 0x2       x13=xxxxxxxx x13:00000004
21006244ns          358476 1c0082a8 01000eb3 add              x29, x0, x16        x29=xxxxxxxx x16:10001e5c
21006264ns          358477 1c0082aa 00168693 addi             x13, x13, 1         x13=xxxxxxxx x13:00000001
21006283ns          358478 1c0082ac 0066c0fb lp.setup         0x1, x13, 0x6       x13:00000002  PA:10001e5c
21006303ns          358479 1c0082b0 000ea783 lw               x15, 0(x29)         x15=xxxxxxxx x29:10001e5c
21006423ns          358485 1c0082b4 1117f7d3 fmul.s           f15, f15, f17       f15=xxxxxxxx f15:c0aec346 f17:bdea25b1
21006443ns          358486 1c0082b8 00fea22b p.sw             x15, 4(x29!)        x29=10001e60 x15:3f1fd839 x29:10001e5c  PA:10001e5c
21006482ns          358488 1c0082b0 000ea783 lw               x15, 0(x29)         x15=xxxxxxxx x29:10001e60  PA:10001e60
21006522ns          358490 1c0082b4 1117f7d3 fmul.s           f15, f15, f17       f15=xxxxxxxx f15:c0daa074 f17:bdea25b1
21006542ns          358491 1c0082b8 00fea22b p.sw             x15, 4(x29!)        x29=10001e64 x15:3f47f6da x29:10001e60  PA:10001e60
21006562ns          358492 1c0082bc 00082783 lw               x15, 0(x16)         x15=xxxxxxxx x16:10001e5c  PA:10001e5c
21006602ns          358494 1c0082c0 1c0008b7 lui              x17, 0x1c000000     x17=1c000000
21006622ns          358495 1c0082c4 02088893 addi             x17, x17, 32        x17=1c000020 x17:1c000000
21006642ns          358496 1c0082c8 0008a883 lw               x17, 0(x17)         x17=3f800000 x17:1c000020  PA:1c000020
21007039ns          358516 1c0082cc 00bba023 sw               x11, 0(x23)         x11:410bf236 x23:10001dd0  PA:10001dd0
21007059ns          358517 1c0082d0 0117f7d3 fadd.s           f15, f15, f17       f15=xxxxxxxx f15:3f1fd839 f17:3f800000
21007079ns          358518 1c0082d4 00100f93 addi             x31, x0, 1          x31=00000001
21007099ns          358519 1c0082d6 00f82023 sw               x15, 0(x16)         x15:3fcfec1c x16:10001e5c  PA:10001e5c
21007119ns          358520 1c0082da 00812e83 lw               x29, 8(x2)          x29=10001dec  x2:10001d98  PA:10001da0
21007139ns          358521 1c0082dc 004e0293 addi             x5, x28, 4           x5=10001de8 x28:10001de4
21007179ns          358523 1c0082e0 405e86b3 sub              x13, x29, x5        x13=00000004 x29:10001dec  x5:10001de8
21007218ns          358525 1c0082e4 ffc68693 addi             x13, x13, -4        x13=00000000 x13:00000004
21007238ns          358526 1c0082e6 0026d693 srli             x13, x13, 0x2       x13=00000000 x13:00000000
21007258ns          358527 1c0082e8 00150513 addi             x10, x10, 1         x10=00000004 x10:00000003
21007278ns          358528 1c0082ea 005005b3 add              x11, x0, x5         x11=10001de8  x5:10001de8
21007298ns          358529 1c0082ec 00168693 addi             x13, x13, 1         x13=00000001 x13:00000000
21007318ns          358530 1c0082ee 00a00933 add              x18, x0, x10        x18=00000004 x10:00000004
21007338ns          358531 1c0082f0 01c12223 sw               x28, 4(x2)          x28:10001de4  x2:10001d98  PA:10001d9c
21007358ns          358532 1c0082f2 0306c0fb lp.setup         0x1, x13, 0x30      x13:00000001
21007377ns          358533 1c0082f6 040f8c63 beq              x31, x0, 88         x31:00000001
21007397ns          358534 1c0082fa 00082503 lw               x10, 0(x16)         x10=3fcfec1c x16:10001e5c  PA:10001e5c
21007616ns          358545 1c0082fe 00072883 lw               x17, 0(x14)         x17=c09cf902 x14:10001e70  PA:10001e70
21007656ns          358547 1c008302 00472303 lw               x6, 4(x14)           x6=412aa6d7 x14:10001e70  PA:10001e74
21007676ns          358548 1c008306 611577c3 fmadd.s          f15, f10, f17, f12  f15=xxxxxxxx f10:3fcfec1c f17:c09cf902 f12:00000000
21007696ns          358549 1c00830a 00482e83 lw               x29, 4(x16)         x29=3f47f6da x16:10001e5c  PA:10001e60
21008173ns          358573 1c00830e 786ef7c3 fmadd.s          f15, f29, f6, f15   f15=xxxxxxxx f29:3f47f6da  f6:412aa6d7 f15:c0fefc3f
21008213ns          358575 1c008312 022f2863 p.beqimm         x30, 48             x30:00000002
21008352ns          358582 1c008342 18a7f7d3 fdiv.s           f15, f15, f10       f15=xxxxxxxx f15:3eb9c3e9 f10:3fcfec1c
21008690ns          358599 1c008346 a0c7aed3 feq.s            x29, f15, f12       x29=00000000 f15:3e64b839 f12:00000000
21008710ns          358600 1c00834a 300e80e3 beq              x29, x0, 2816       x29:00000000
21008849ns          358607 1c008e4a 20f797d3 fsgnjn.s         f15, f15, f15       f15=xxxxxxxx f15:3e64b839 f15:3e64b839
21008869ns          358608 1c008e4e 88a7f543 fmadd.s          f10, f15, f10, f17  f10=xxxxxxxx f15:be64b839 f10:3fcfec1c f17:c09cf902
21008889ns          358609 1c008e52 00a72023 sw               x10, 0(x14)         x10:c0a89541 x14:10001e70  PA:10001e70
21008909ns          358610 1c008e54 00482503 lw               x10, 4(x16)         x10=3f47f6da x16:10001e5c  PA:10001e60
21008949ns          358612 1c008e58 30a7f343 fmadd.s          f6, f15, f10, f6     f6=xxxxxxxx f15:be64b839 f10:3f47f6da  f6:412aa6d7
21008969ns          358613 1c008e5c 00672223 sw               x6, 4(x14)           x6:4127dc38 x14:10001e70  PA:10001e74
21008989ns          358614 1c008e60 ce2f2763 p.beqimm         x30, -2834          x30:00000002
21009068ns          358618 1c00834e 0147278b p.lw             x15, 20(x14!)       x15=c0a89541 x14=10001e84 x14:10001e70  PA:10001e70
21009108ns          358620 1c008352 00f5a22b p.sw             x15, 4(x11!)        x11=10001dec x15:c0a89541 x11:10001de8  PA:10001de8
21009128ns          358621 1c008356 00082703 lw               x14, 0(x16)         x14=3fcfec1c x16:10001e5c  PA:10001e5c
21009148ns          358622 1c00835a 00482783 lw               x15, 4(x16)         x15=3f47f6da x16:10001e5c  PA:10001e60
21009188ns          358624 1c00835e 00e3a023 sw               x14, 0(x7)          x14:3fcfec1c  x7:10001f68  PA:10001f68
21009227ns          358626 1c008362 00f3a223 sw               x15, 4(x7)          x15:3f47f6da  x7:10001f68  PA:10001f6c
21009247ns          358627 1c008366 01200533 add              x10, x0, x18        x10=00000004 x18:00000004
21009267ns          358628 1c008368 00412e03 lw               x28, 4(x2)          x28=10001de4  x2:10001d98  PA:10001d9c
21009287ns          358629 1c00836a 3659a863 p.beqimm         x19, 880            x19:00000005
21009625ns          358646 1c0086da ca453ae3 p.bneimm         x10, -844           x10:00000004
21009685ns          358649 1c0086de 1c0003b7 lui              x7, 0x1c000000       x7=1c000000
21009705ns          358650 1c0086e2 0dc12703 lw               x14, 220(x2)        x14=4127dc38  x2:10001d98  PA:10001e74
21009725ns          358651 1c0086e4 01412c83 lw               x25, 20(x2)         x25=10001f20  x2:10001d98  PA:10001dac
21009744ns          358652 1c0086e6 0203a783 lw               x15, 32(x7)         x15=3f800000  x7:1c000000  PA:1c000020
21010142ns          358672 1c0086ea 02e12e23 sw               x14, 60(x2)         x14:4127dc38  x2:10001d98  PA:10001dd4
21010162ns          358673 1c0086ec 03810313 addi             x6, x2, 56           x6=10001dd0  x2:10001d98
21010202ns          358675 1c0086f0 00f00e33 add              x28, x0, x15        x28=3f800000 x15:3f800000
21010242ns          358677 1c0086f2 06fca023 sw               x15, 96(x25)        x15:3f800000 x25:10001f20  PA:10001f80
21010262ns          358678 1c0086f6 00f00433 add              x8, x0, x15          x8=3f800000 x15:3f800000
21010282ns          358679 1c0086f8 00f003b3 add              x7, x0, x15          x7=3f800000 x15:3f800000
21010301ns          358680 1c0086fa 00f00f33 add              x30, x0, x15        x30=3f800000 x15:3f800000
21010321ns          358681 1c0086fc ffc3278b p.lw             x15, -4(x6!)        x15=410bf236  x6=10001dcc  x6:10001dd0  PA:10001dd0
21010719ns          358701 1c008700 00000893 addi             x17, x0, 0          x17=00000000
21010759ns          358703 1c008704 0d812703 lw               x14, 216(x2)        x14=c0a89541  x2:10001d98  PA:10001e70
21010779ns          358704 1c008706 a117a7d3 feq.s            x15, f15, f17       x15=00000000 f15:410bf236 f17:00000000
21010799ns          358705 1c00870a 04e12623 sw               x14, 76(x2)         x14:c0a89541  x2:10001d98  PA:10001de4
21010819ns          358706 1c00870c 04012823 sw               x0, 80(x2)           x2:10001d98  PA:10001de8
21011256ns          358728 1c00870e 040ca823 sw               x0, 80(x25)         x25:10001f20  PA:10001f70
21011296ns          358730 1c008712 040caa23 sw               x0, 84(x25)         x25:10001f20  PA:10001f74
21011316ns          358731 1c008716 040cac23 sw               x0, 88(x25)         x25:10001f20  PA:10001f78
21011336ns          358732 1c00871a 040cae23 sw               x0, 92(x25)         x25:10001f20  PA:10001f7c
21011356ns          358733 1c00871e 00c12903 lw               x18, 12(x2)         x18=10001dd8  x2:10001d98  PA:10001da4
21011793ns          358755 1c008720 01012e83 lw               x29, 16(x2)         x29=10001f20  x2:10001d98  PA:10001da8
21011813ns          358756 1c008722 01812d03 lw               x26, 24(x2)         x26=10001ebc  x2:10001d98  PA:10001db0
21011833ns          358757 1c008724 03cc8813 addi             x16, x25, 60        x16=10001f5c x25:10001f20
21011853ns          358758 1c008728 048c8593 addi             x11, x25, 72        x11=10001f68 x25:10001f20
21011873ns          358759 1c00872c 00200513 addi             x10, x0, 2          x10=00000002
21012290ns          358780 1c00872e 078c8f93 addi             x31, x25, 120       x31=10001f98 x25:10001f20
21012310ns          358781 1c008732 00500293 addi             x5, x0, 5            x5=00000005
21012330ns          358782 1c008734 02078763 beq              x15, x0, 46         x15:00000000
21012867ns          358809 1c008762 00251693 slli             x13, x10, 0x2       x13=00000008 x10:00000002
21012887ns          358810 1c008766 01458713 addi             x14, x11, 20        x14=10001f7c x11:10001f68
21012907ns          358811 1c00876a 40df86b3 sub              x13, x31, x13       x13=10001f90 x31:10001f98 x13:00000008
21012927ns          358812 1c00876e 40e686b3 sub              x13, x13, x14       x13=00000014 x13:10001f90 x14:10001f7c
21013325ns          358832 1c008770 fec68693 addi             x13, x13, -20       x13=00000000 x13:00000014
21013365ns          358834 1c008772 0cccd7b7 lui              x15, 0xcccd000      x15=0cccd000
21013384ns          358835 1c008776 0026d693 srli             x13, x13, 0x2       x13=00000000 x13:00000000
21013404ns          358836 1c008778 ccd78793 addi             x15, x15, -819      x15=0ccccccd x15:0cccd000
21013424ns          358837 1c00877c 02f686b3 mul              x13, x13, x15       x13=00000000 x13:00000000 x15:0ccccccd
21013862ns          358859 1c008780 c3e6b6b3 p.bclr           x13, x13, 1, 30     x13=00000000 x13:00000000
21013902ns          358861 1c008784 0005a483 lw               x9, 0(x11)           x9=3fcfec1c x11:10001f68  PA:10001f68
21013922ns          358862 1c008786 0045aa83 lw               x21, 4(x11)         x21=3f47f6da x11:10001f68  PA:10001f6c
21013941ns          358863 1c00878a 00168693 addi             x13, x13, 1         x13=00000001 x13:00000000
21013961ns          358864 1c00878c 00072983 lw               x19, 0(x14)         x19=00000000 x14:10001f7c  PA:10001f7c
21014379ns          358885 1c008790 00472a03 lw               x20, 4(x14)         x20=3f800000 x14:10001f7c  PA:10001f80
21014419ns          358887 1c008794 8934f7c3 fmadd.s          f15, f9, f19, f17   f15=xxxxxxxx  f9:3fcfec1c f19:00000000 f17:00000000
21014439ns          358888 1c008798 794af7c3 fmadd.s          f15, f21, f20, f15  f15=xxxxxxxx f21:3f47f6da f20:3f800000 f15:00000000
21014459ns          358889 1c00879c 02252563 p.beqimm         x10, 42             x10:00000002
21015413ns          358937 1c0087c6 1897f7d3 fdiv.s           f15, f15, f9        f15=xxxxxxxx f15:3f47f6da  f9:3fcfec1c
21016448ns          358989 1c0087ca a117a653 feq.s            x12, f15, f17       x12=00000000 f15:3ef633ab f17:00000000
21016468ns          358990 1c0087ce 6c060563 beq              x12, x0, 1738       x12:00000000
21016567ns          358995 1c008e98 20f797d3 fsgnjn.s         f15, f15, f15       f15=xxxxxxxx f15:3ef633ab f15:3ef633ab
21016607ns          358997 1c008e9c 98f4f4c3 fmadd.s          f9, f9, f15, f19     f9=xxxxxxxx  f9:3fcfec1c f15:bef633ab f19:00000000
21016666ns          359000 1c008ea0 00972023 sw               x9, 0(x14)           x9:bf47f6da x14:10001f7c  PA:10001f7c
21016686ns          359001 1c008ea2 0045a603 lw               x12, 4(x11)         x12=3f47f6da x11:10001f68  PA:10001f6c
21016726ns          359003 1c008ea4 a0f67a43 fmadd.s          f20, f12, f15, f20  f20=xxxxxxxx f12:3f47f6da f15:bef633ab f20:3f800000
21016746ns          359004 1c008ea8 01472223 sw               x20, 4(x14)         x20:3f1fd837 x14:10001f7c  PA:10001f80
21016766ns          359005 1c008eac 02252563 p.beqimm         x10, 42             x10:00000002
21017462ns          359040 1c008ed6 0005a483 lw               x9, 0(x11)           x9=3fcfec1c x11:10001f68  PA:10001f68
21017502ns          359042 1c008ed8 0045aa83 lw               x21, 4(x11)         x21=3f47f6da x11:10001f68  PA:10001f6c
21017522ns          359043 1c008edc 01470713 addi             x14, x14, 20        x14=10001f90 x14:10001f7c
21017542ns          359044 1c008ede fff68693 addi             x13, x13, -1        x13=00000000 x13:00000001
21017581ns          359046 1c008ee0 8a0696e3 bne              x13, x0, -1876      x13:00000000
21017621ns          359048 1c008ee4 8f5ff06f jal              x0, -1804          
21017661ns          359050 1c0087d8 209497d3 fsgnjn.s         f15, f9, f9         f15=xxxxxxxx  f9:3fcfec1c  f9:3fcfec1c
21017681ns          359051 1c0087dc 215a9753 fsgnjn.s         f14, f21, f21       f14=xxxxxxxx f21:3f47f6da f21:3f47f6da
21018118ns          359073 1c0087e0 00f5a023 sw               x15, 0(x11)         x15:bfcfec1c x11:10001f68  PA:10001f68
21018138ns          359074 1c0087e2 00e5a223 sw               x14, 4(x11)         x14:bf47f6da x11:10001f68  PA:10001f6c
21018158ns          359075 1c0087e4 7a252363 p.beqimm         x10, 1958           x10:00000002
21018675ns          359101 1c008f8a 0077f7d3 fadd.s           f15, f15, f7        f15=xxxxxxxx f15:bfcfec1c  f7:3f800000
21019133ns          359124 1c008f8e 40a28733 sub              x14, x5, x10        x14=00000003  x5:00000005 x10:00000002
21019153ns          359125 1c008f92 00f5a023 sw               x15, 0(x11)         x15:bf1fd838 x11:10001f68  PA:10001f68
21019173ns          359126 1c008f94 fa070d63 beq              x14, x0, -2118      x14:00000003
21019193ns          359127 1c008f98 00082023 sw               x0, 0(x16)          x16:10001f5c  PA:10001f5c
21019212ns          359128 1c008f9c fa172b63 p.beqimm         x14, -2122          x14:00000003
21019630ns          359149 1c008fa0 00082223 sw               x0, 4(x16)          x16:10001f5c  PA:10001f60
21019670ns          359151 1c008fa4 fa373563 p.bneimm         x14, -2134          x14:00000003
21019690ns          359152 1c008fa8 00082423 sw               x0, 8(x16)          x16:10001f5c  PA:10001f64
21019710ns          359153 1c008fac fa6ff06f jal              x0, -2138          
21020684ns          359202 1c008752 ffc3278b p.lw             x15, -4(x6!)        x15=415b00d9  x6=10001dc8  x6:10001dcc  PA:10001dcc
21020704ns          359203 1c008756 fec80813 addi             x16, x16, -20       x16=10001f48 x16:10001f5c
21020724ns          359204 1c008758 a117a7d3 feq.s            x15, f15, f17       x15=00000000 f15:415b00d9 f17:00000000
21020744ns          359205 1c00875c fe858593 addi             x11, x11, -24       x11=10001f50 x11:10001f68
21020764ns          359206 1c00875e 00150513 addi             x10, x10, 1         x10=00000003 x10:00000002
21020784ns          359207 1c008760 fc079be3 bne              x15, x0, -42        x15:00000000
21020804ns          359208 1c008762 00251693 slli             x13, x10, 0x2       x13=0000000c x10:00000003
21020824ns          359209 1c008766 01458713 addi             x14, x11, 20        x14=10001f64 x11:10001f50
21020844ns          359210 1c00876a 40df86b3 sub              x13, x31, x13       x13=10001f8c x31:10001f98 x13:0000000c
21020863ns          359211 1c00876e 40e686b3 sub              x13, x13, x14       x13=00000028 x13:10001f8c x14:10001f64
21020883ns          359212 1c008770 fec68693 addi             x13, x13, -20       x13=00000014 x13:00000028
21020903ns          359213 1c008772 0cccd7b7 lui              x15, 0xcccd000      x15=0cccd000
21020923ns          359214 1c008776 0026d693 srli             x13, x13, 0x2       x13=00000005 x13:00000014
21020943ns          359215 1c008778 ccd78793 addi             x15, x15, -819      x15=0ccccccd x15:0cccd000
21020963ns          359216 1c00877c 02f686b3 mul              x13, x13, x15       x13=40000001 x13:00000005 x15:0ccccccd
21020983ns          359217 1c008780 c3e6b6b3 p.bclr           x13, x13, 1, 30     x13=00000001 x13:40000001
21021023ns          359219 1c008784 0005a483 lw               x9, 0(x11)           x9=3fbe7896 x11:10001f50  PA:10001f50
21021042ns          359220 1c008786 0045aa83 lw               x21, 4(x11)         x21=bf5a0efc x11:10001f50  PA:10001f54
21021062ns          359221 1c00878a 00168693 addi             x13, x13, 1         x13=00000002 x13:00000001
21021082ns          359222 1c00878c 00072983 lw               x19, 0(x14)         x19=00000000 x14:10001f64  PA:10001f64
21021420ns          359239 1c008790 00472a03 lw               x20, 4(x14)         x20=bf1fd838 x14:10001f64  PA:10001f68
21021460ns          359241 1c008794 8934f7c3 fmadd.s          f15, f9, f19, f17   f15=xxxxxxxx  f9:3fbe7896 f19:00000000 f17:00000000
21021480ns          359242 1c008798 794af7c3 fmadd.s          f15, f21, f20, f15  f15=xxxxxxxx f21:bf5a0efc f20:bf1fd838 f15:00000000
21021500ns          359243 1c00879c 02252563 p.beqimm         x10, 42             x10:00000003
21021520ns          359244 1c0087a0 0085ab03 lw               x22, 8(x11)         x22=be42f99c x11:10001f50  PA:10001f58
21021540ns          359245 1c0087a4 00872603 lw               x12, 8(x14)         x12=bf47f6da x14:10001f64  PA:10001f6c
21021599ns          359248 1c0087a6 78cb77c3 fmadd.s          f15, f22, f12, f15  f15=xxxxxxxx f22:be42f99c f12:bf47f6da f15:3f08277b
21021619ns          359249 1c0087aa 00352e63 p.beqimm         x10, 28             x10:00000003
21021878ns          359262 1c0087c6 1897f7d3 fdiv.s           f15, f15, f9        f15=xxxxxxxx f15:3f2e3a7e  f9:3fbe7896
21022614ns          359299 1c0087ca a117a653 feq.s            x12, f15, f17       x12=00000000 f15:3eea2b5f f17:00000000
21022634ns          359300 1c0087ce 6c060563 beq              x12, x0, 1738       x12:00000000
21022733ns          359305 1c008e98 20f797d3 fsgnjn.s         f15, f15, f15       f15=xxxxxxxx f15:3eea2b5f f15:3eea2b5f
21022773ns          359307 1c008e9c 98f4f4c3 fmadd.s          f9, f9, f15, f19     f9=xxxxxxxx  f9:3fbe7896 f15:beea2b5f f19:00000000
21022833ns          359310 1c008ea0 00972023 sw               x9, 0(x14)           x9:bf2e3a7e x14:10001f64  PA:10001f64
21022852ns          359311 1c008ea2 0045a603 lw               x12, 4(x11)         x12=bf5a0efc x11:10001f50  PA:10001f54
21022892ns          359313 1c008ea4 a0f67a43 fmadd.s          f20, f12, f15, f20  f20=xxxxxxxx f12:bf5a0efc f15:beea2b5f f20:bf1fd838
21022912ns          359314 1c008ea8 01472223 sw               x20, 4(x14)         x20:be707398 x14:10001f64  PA:10001f68
21022932ns          359315 1c008eac 02252563 p.beqimm         x10, 42             x10:00000003
21022972ns          359317 1c008eb0 0085a603 lw               x12, 8(x11)         x12=be42f99c x11:10001f50  PA:10001f58
21022992ns          359318 1c008eb2 00872483 lw               x9, 8(x14)           x9=bf47f6da x14:10001f64  PA:10001f6c
21023032ns          359320 1c008eb4 48f67643 fmadd.s          f12, f12, f15, f9   f12=xxxxxxxx f12:be42f99c f15:beea2b5f  f9:bf47f6da
21023051ns          359321 1c008eb8 00c72423 sw               x12, 8(x14)         x12:bf31abb4 x14:10001f64  PA:10001f6c
21023071ns          359322 1c008eba 00352e63 p.beqimm         x10, 28             x10:00000003
21023151ns          359326 1c008ed6 0005a483 lw               x9, 0(x11)           x9=3fbe7896 x11:10001f50  PA:10001f50
21023171ns          359327 1c008ed8 0045aa83 lw               x21, 4(x11)         x21=bf5a0efc x11:10001f50  PA:10001f54
21023191ns          359328 1c008edc 01470713 addi             x14, x14, 20        x14=10001f78 x14:10001f64
21023211ns          359329 1c008ede fff68693 addi             x13, x13, -1        x13=00000001 x13:00000002
21023230ns          359330 1c008ee0 8a0696e3 bne              x13, x0, -1876      x13:00000001
21023290ns          359333 1c00878c 00072983 lw               x19, 0(x14)         x19=00000000 x14:10001f78  PA:10001f78
21023310ns          359334 1c008790 00472a03 lw               x20, 4(x14)         x20=bf47f6da x14:10001f78  PA:10001f7c
21023330ns          359335 1c008794 8934f7c3 fmadd.s          f15, f9, f19, f17   f15=xxxxxxxx  f9:3fbe7896 f19:00000000 f17:00000000
21023350ns          359336 1c008798 794af7c3 fmadd.s          f15, f21, f20, f15  f15=xxxxxxxx f21:bf5a0efc f20:bf47f6da f15:00000000
21023370ns          359337 1c00879c 02252563 p.beqimm         x10, 42             x10:00000003
21023390ns          359338 1c0087a0 0085ab03 lw               x22, 8(x11)         x22=be42f99c x11:10001f50  PA:10001f58
21023409ns          359339 1c0087a4 00872603 lw               x12, 8(x14)         x12=3f1fd837 x14:10001f78  PA:10001f80
21023449ns          359341 1c0087a6 78cb77c3 fmadd.s          f15, f22, f12, f15  f15=xxxxxxxx f22:be42f99c f12:3f1fd837 f15:3f2a53ea
21023469ns          359342 1c0087aa 00352e63 p.beqimm         x10, 28             x10:00000003
21023549ns          359346 1c0087c6 1897f7d3 fdiv.s           f15, f15, f9        f15=xxxxxxxx f15:3f0be47d  f9:3fbe7896
21024285ns          359383 1c0087ca a117a653 feq.s            x12, f15, f17       x12=00000000 f15:3ebc0549 f17:00000000
21024305ns          359384 1c0087ce 6c060563 beq              x12, x0, 1738       x12:00000000
21024364ns          359387 1c008e98 20f797d3 fsgnjn.s         f15, f15, f15       f15=xxxxxxxx f15:3ebc0549 f15:3ebc0549
21024384ns          359388 1c008e9c 98f4f4c3 fmadd.s          f9, f9, f15, f19     f9=xxxxxxxx  f9:3fbe7896 f15:bebc0549 f19:00000000
21024404ns          359389 1c008ea0 00972023 sw               x9, 0(x14)           x9:bf0be47d x14:10001f78  PA:10001f78
21024424ns          359390 1c008ea2 0045a603 lw               x12, 4(x11)         x12=bf5a0efc x11:10001f50  PA:10001f54
21024464ns          359392 1c008ea4 a0f67a43 fmadd.s          f20, f12, f15, f20  f20=xxxxxxxx f12:bf5a0efc f15:bebc0549 f20:bf47f6da
21024484ns          359393 1c008ea8 01472223 sw               x20, 4(x14)         x20:beefc632 x14:10001f78  PA:10001f7c
21024503ns          359394 1c008eac 02252563 p.beqimm         x10, 42             x10:00000003
21024523ns          359395 1c008eb0 0085a603 lw               x12, 8(x11)         x12=be42f99c x11:10001f50  PA:10001f58
21024543ns          359396 1c008eb2 00872483 lw               x9, 8(x14)           x9=3f1fd837 x14:10001f78  PA:10001f80
21024583ns          359398 1c008eb4 48f67643 fmadd.s          f12, f12, f15, f9   f12=xxxxxxxx f12:be42f99c f15:bebc0549  f9:3f1fd837
21024603ns          359399 1c008eb8 00c72423 sw               x12, 8(x14)         x12:3f31bea2 x14:10001f78  PA:10001f80
21024623ns          359400 1c008eba 00352e63 p.beqimm         x10, 28             x10:00000003
21024682ns          359403 1c008ed6 0005a483 lw               x9, 0(x11)           x9=3fbe7896 x11:10001f50  PA:10001f50
21024702ns          359404 1c008ed8 0045aa83 lw               x21, 4(x11)         x21=bf5a0efc x11:10001f50  PA:10001f54
21024742ns          359406 1c008edc 01470713 addi             x14, x14, 20        x14=10001f8c x14:10001f78
21024762ns          359407 1c008ede fff68693 addi             x13, x13, -1        x13=00000000 x13:00000001
21024782ns          359408 1c008ee0 8a0696e3 bne              x13, x0, -1876      x13:00000000
21024802ns          359409 1c008ee4 8f5ff06f jal              x0, -1804          
21024921ns          359415 1c0087d8 209497d3 fsgnjn.s         f15, f9, f9         f15=xxxxxxxx  f9:3fbe7896  f9:3fbe7896
21024941ns          359416 1c0087dc 215a9753 fsgnjn.s         f14, f21, f21       f14=xxxxxxxx f21:bf5a0efc f21:bf5a0efc
21024961ns          359417 1c0087e0 00f5a023 sw               x15, 0(x11)         x15:bfbe7896 x11:10001f50  PA:10001f50
21024981ns          359418 1c0087e2 00e5a223 sw               x14, 4(x11)         x14:3f5a0efc x11:10001f50  PA:10001f54
21025001ns          359419 1c0087e4 7a252363 p.beqimm         x10, 1958           x10:00000003
21025021ns          359420 1c0087e8 0085a703 lw               x14, 8(x11)         x14=be42f99c x11:10001f50  PA:10001f58
21025060ns          359422 1c0087ea 20e71753 fsgnjn.s         f14, f14, f14       f14=xxxxxxxx f14:be42f99c f14:be42f99c
21025080ns          359423 1c0087ee 00e5a423 sw               x14, 8(x11)         x14:3e42f99c x11:10001f50  PA:10001f58
21025100ns          359424 1c0087f0 78352d63 p.beqimm         x10, 1946           x10:00000003
21025180ns          359428 1c008f8a 0077f7d3 fadd.s           f15, f15, f7        f15=xxxxxxxx f15:bfbe7896  f7:3f800000
21025200ns          359429 1c008f8e 40a28733 sub              x14, x5, x10        x14=00000002  x5:00000005 x10:00000003
21025219ns          359430 1c008f92 00f5a023 sw               x15, 0(x11)         x15:bef9e258 x11:10001f50  PA:10001f50
21025239ns          359431 1c008f94 fa070d63 beq              x14, x0, -2118      x14:00000002
21025259ns          359432 1c008f98 00082023 sw               x0, 0(x16)          x16:10001f48  PA:10001f48
21025279ns          359433 1c008f9c fa172b63 p.beqimm         x14, -2122          x14:00000002
21025299ns          359434 1c008fa0 00082223 sw               x0, 4(x16)          x16:10001f48  PA:10001f4c
21025319ns          359435 1c008fa4 fa373563 p.bneimm         x14, -2134          x14:00000002
21025657ns          359452 1c00874e 0c552763 p.beqimm         x10, 206            x10:00000003
21025677ns          359453 1c008752 ffc3278b p.lw             x15, -4(x6!)        x15=41bd8c50  x6=10001dc4  x6:10001dc8  PA:10001dc8
21025697ns          359454 1c008756 fec80813 addi             x16, x16, -20       x16=10001f34 x16:10001f48
21025717ns          359455 1c008758 a117a7d3 feq.s            x15, f15, f17       x15=00000000 f15:41bd8c50 f17:00000000
21025737ns          359456 1c00875c fe858593 addi             x11, x11, -24       x11=10001f38 x11:10001f50
21025757ns          359457 1c00875e 00150513 addi             x10, x10, 1         x10=00000004 x10:00000003
21025776ns          359458 1c008760 fc079be3 bne              x15, x0, -42        x15:00000000
21025796ns          359459 1c008762 00251693 slli             x13, x10, 0x2       x13=00000010 x10:00000004
21025816ns          359460 1c008766 01458713 addi             x14, x11, 20        x14=10001f4c x11:10001f38
21025836ns          359461 1c00876a 40df86b3 sub              x13, x31, x13       x13=10001f88 x31:10001f98 x13:00000010
21025856ns          359462 1c00876e 40e686b3 sub              x13, x13, x14       x13=0000003c x13:10001f88 x14:10001f4c
21025876ns          359463 1c008770 fec68693 addi             x13, x13, -20       x13=00000028 x13:0000003c
21025896ns          359464 1c008772 0cccd7b7 lui              x15, 0xcccd000      x15=0cccd000
21025916ns          359465 1c008776 0026d693 srli             x13, x13, 0x2       x13=0000000a x13:00000028
21025936ns          359466 1c008778 ccd78793 addi             x15, x15, -819      x15=0ccccccd x15:0cccd000
21025955ns          359467 1c00877c 02f686b3 mul              x13, x13, x15       x13=80000002 x13:0000000a x15:0ccccccd
21025975ns          359468 1c008780 c3e6b6b3 p.bclr           x13, x13, 1, 30     x13=00000002 x13:80000002
21025995ns          359469 1c008784 0005a483 lw               x9, 0(x11)           x9=3fe20e5e x11:10001f38  PA:10001f38
21026035ns          359471 1c008786 0045aa83 lw               x21, 4(x11)         x21=3eb0c71f x11:10001f38  PA:10001f3c
21026055ns          359472 1c00878a 00168693 addi             x13, x13, 1         x13=00000003 x13:00000002
21026075ns          359473 1c00878c 00072983 lw               x19, 0(x14)         x19=00000000 x14:10001f4c  PA:10001f4c
21026095ns          359474 1c008790 00472a03 lw               x20, 4(x14)         x20=bef9e258 x14:10001f4c  PA:10001f50
21026115ns          359475 1c008794 8934f7c3 fmadd.s          f15, f9, f19, f17   f15=xxxxxxxx  f9:3fe20e5e f19:00000000 f17:00000000
21026134ns          359476 1c008798 794af7c3 fmadd.s          f15, f21, f20, f15  f15=xxxxxxxx f21:3eb0c71f f20:bef9e258 f15:00000000
21026154ns          359477 1c00879c 02252563 p.beqimm         x10, 42             x10:00000004
21026174ns          359478 1c0087a0 0085ab03 lw               x22, 8(x11)         x22=3e994256 x11:10001f38  PA:10001f40
21026194ns          359479 1c0087a4 00872603 lw               x12, 8(x14)         x12=3f5a0efc x14:10001f4c  PA:10001f54
21026234ns          359481 1c0087a6 78cb77c3 fmadd.s          f15, f22, f12, f15  f15=xxxxxxxx f22:3e994256 f12:3f5a0efc f15:be2c8dfa
21026254ns          359482 1c0087aa 00352e63 p.beqimm         x10, 28             x10:00000004
21026274ns          359483 1c0087ae 00c5ab03 lw               x22, 12(x11)        x22=3ee7710b x11:10001f38  PA:10001f44
21026294ns          359484 1c0087b2 00c72603 lw               x12, 12(x14)        x12=3e42f99c x14:10001f4c  PA:10001f58
21026333ns          359486 1c0087b4 78cb77c3 fmadd.s          f15, f22, f12, f15  f15=xxxxxxxx f22:3ee7710b f12:3e42f99c f15:3db111e3
21026353ns          359487 1c0087b8 00553763 p.bneimm         x10, 14             x10:00000004
21026453ns          359492 1c0087c6 1897f7d3 fdiv.s           f15, f15, f9        f15=xxxxxxxx f15:3e30ab9c  f9:3fe20e5e
21027547ns          359547 1c0087ca a117a653 feq.s            x12, f15, f17       x12=00000000 f15:3dc8128e f17:00000000
21027567ns          359548 1c0087ce 6c060563 beq              x12, x0, 1738       x12:00000000
21027626ns          359551 1c008e98 20f797d3 fsgnjn.s         f15, f15, f15       f15=xxxxxxxx f15:3dc8128e f15:3dc8128e
21027646ns          359552 1c008e9c 98f4f4c3 fmadd.s          f9, f9, f15, f19     f9=xxxxxxxx  f9:3fe20e5e f15:bdc8128e f19:00000000
21027666ns          359553 1c008ea0 00972023 sw               x9, 0(x14)           x9:be30ab9c x14:10001f4c  PA:10001f4c
21027686ns          359554 1c008ea2 0045a603 lw               x12, 4(x11)         x12=3eb0c71f x11:10001f38  PA:10001f3c
21027726ns          359556 1c008ea4 a0f67a43 fmadd.s          f20, f12, f15, f20  f20=xxxxxxxx f12:3eb0c71f f15:bdc8128e f20:bef9e258
21027746ns          359557 1c008ea8 01472223 sw               x20, 4(x14)         x20:bf0593b2 x14:10001f4c  PA:10001f50
21027766ns          359558 1c008eac 02252563 p.beqimm         x10, 42             x10:00000004
21027785ns          359559 1c008eb0 0085a603 lw               x12, 8(x11)         x12=3e994256 x11:10001f38  PA:10001f40
21027805ns          359560 1c008eb2 00872483 lw               x9, 8(x14)           x9=3f5a0efc x14:10001f4c  PA:10001f54
21027845ns          359562 1c008eb4 48f67643 fmadd.s          f12, f12, f15, f9   f12=xxxxxxxx f12:3e994256 f15:bdc8128e  f9:3f5a0efc
21027865ns          359563 1c008eb8 00c72423 sw               x12, 8(x14)         x12:3f52928d x14:10001f4c  PA:10001f54
21027885ns          359564 1c008eba 00352e63 p.beqimm         x10, 28             x10:00000004
21027905ns          359565 1c008ebe 00c5a603 lw               x12, 12(x11)        x12=3ee7710b x11:10001f38  PA:10001f44
21027925ns          359566 1c008ec0 00c72483 lw               x9, 12(x14)          x9=3e42f99c x14:10001f4c  PA:10001f58
21027964ns          359568 1c008ec2 48f67643 fmadd.s          f12, f12, f15, f9   f12=xxxxxxxx f12:3ee7710b f15:bdc8128e  f9:3e42f99c
21027984ns          359569 1c008ec6 00c72623 sw               x12, 12(x14)        x12:3e15c156 x14:10001f4c  PA:10001f58
21028004ns          359570 1c008ec8 00553763 p.bneimm         x10, 14             x10:00000004
21028064ns          359573 1c008ed6 0005a483 lw               x9, 0(x11)           x9=3fe20e5e x11:10001f38  PA:10001f38
21028084ns          359574 1c008ed8 0045aa83 lw               x21, 4(x11)         x21=3eb0c71f x11:10001f38  PA:10001f3c
21028104ns          359575 1c008edc 01470713 addi             x14, x14, 20        x14=10001f60 x14:10001f4c
21028124ns          359576 1c008ede fff68693 addi             x13, x13, -1        x13=00000002 x13:00000003
21028143ns          359577 1c008ee0 8a0696e3 bne              x13, x0, -1876      x13:00000002
21028203ns          359580 1c00878c 00072983 lw               x19, 0(x14)         x19=00000000 x14:10001f60  PA:10001f60
21028223ns          359581 1c008790 00472a03 lw               x20, 4(x14)         x20=bf2e3a7e x14:10001f60  PA:10001f64
21028243ns          359582 1c008794 8934f7c3 fmadd.s          f15, f9, f19, f17   f15=xxxxxxxx  f9:3fe20e5e f19:00000000 f17:00000000
21028263ns          359583 1c008798 794af7c3 fmadd.s          f15, f21, f20, f15  f15=xxxxxxxx f21:3eb0c71f f20:bf2e3a7e f15:00000000
21028283ns          359584 1c00879c 02252563 p.beqimm         x10, 42             x10:00000004
21028303ns          359585 1c0087a0 0085ab03 lw               x22, 8(x11)         x22=3e994256 x11:10001f38  PA:10001f40
21028322ns          359586 1c0087a4 00872603 lw               x12, 8(x14)         x12=be707398 x14:10001f60  PA:10001f68
21028382ns          359589 1c0087a6 78cb77c3 fmadd.s          f15, f22, f12, f15  f15=xxxxxxxx f22:3e994256 f12:be707398 f15:be709f76
21028402ns          359590 1c0087aa 00352e63 p.beqimm         x10, 28             x10:00000004
21028422ns          359591 1c0087ae 00c5ab03 lw               x22, 12(x11)        x22=3ee7710b x11:10001f38  PA:10001f44
21028442ns          359592 1c0087b2 00c72603 lw               x12, 12(x14)        x12=bf31abb4 x14:10001f60  PA:10001f6c
21028501ns          359595 1c0087b4 78cb77c3 fmadd.s          f15, f22, f12, f15  f15=xxxxxxxx f22:3ee7710b f12:bf31abb4 f15:be9c4c94
21028521ns          359596 1c0087b8 00553763 p.bneimm         x10, 14             x10:00000004
21028601ns          359600 1c0087c6 1897f7d3 fdiv.s           f15, f15, f9        f15=xxxxxxxx f15:bf1e767c  f9:3fe20e5e
21028879ns          359614 1c0087ca a117a653 feq.s            x12, f15, f17       x12=00000000 f15:beb37402 f17:00000000
21028899ns          359615 1c0087ce 6c060563 beq              x12, x0, 1738       x12:00000000
21028959ns          359618 1c008e98 20f797d3 fsgnjn.s         f15, f15, f15       f15=xxxxxxxx f15:beb37402 f15:beb37402
21028979ns          359619 1c008e9c 98f4f4c3 fmadd.s          f9, f9, f15, f19     f9=xxxxxxxx  f9:3fe20e5e f15:3eb37402 f19:00000000
21028999ns          359620 1c008ea0 00972023 sw               x9, 0(x14)           x9:3f1e767c x14:10001f60  PA:10001f60
21029019ns          359621 1c008ea2 0045a603 lw               x12, 4(x11)         x12=3eb0c71f x11:10001f38  PA:10001f3c
21029058ns          359623 1c008ea4 a0f67a43 fmadd.s          f20, f12, f15, f20  f20=xxxxxxxx f12:3eb0c71f f15:3eb37402 f20:bf2e3a7e
21029078ns          359624 1c008ea8 01472223 sw               x20, 4(x14)         x20:bf0f3fa8 x14:10001f60  PA:10001f64
21029098ns          359625 1c008eac 02252563 p.beqimm         x10, 42             x10:00000004
21029118ns          359626 1c008eb0 0085a603 lw               x12, 8(x11)         x12=3e994256 x11:10001f38  PA:10001f40
21029138ns          359627 1c008eb2 00872483 lw               x9, 8(x14)           x9=be707398 x14:10001f60  PA:10001f68
21029178ns          359629 1c008eb4 48f67643 fmadd.s          f12, f12, f15, f9   f12=xxxxxxxx f12:3e994256 f15:3eb37402  f9:be707398
21029198ns          359630 1c008eb8 00c72423 sw               x12, 8(x14)         x12:be0504c3 x14:10001f60  PA:10001f68
21029218ns          359631 1c008eba 00352e63 p.beqimm         x10, 28             x10:00000004
21029237ns          359632 1c008ebe 00c5a603 lw               x12, 12(x11)        x12=3ee7710b x11:10001f38  PA:10001f44
21029257ns          359633 1c008ec0 00c72483 lw               x9, 12(x14)          x9=bf31abb4 x14:10001f60  PA:10001f6c
21029297ns          359635 1c008ec2 48f67643 fmadd.s          f12, f12, f15, f9   f12=xxxxxxxx f12:3ee7710b f15:3eb37402  f9:bf31abb4
21029317ns          359636 1c008ec6 00c72623 sw               x12, 12(x14)        x12:bf091c79 x14:10001f60  PA:10001f6c
21029337ns          359637 1c008ec8 00553763 p.bneimm         x10, 14             x10:00000004
21029397ns          359640 1c008ed6 0005a483 lw               x9, 0(x11)           x9=3fe20e5e x11:10001f38  PA:10001f38
21029416ns          359641 1c008ed8 0045aa83 lw               x21, 4(x11)         x21=3eb0c71f x11:10001f38  PA:10001f3c
21029436ns          359642 1c008edc 01470713 addi             x14, x14, 20        x14=10001f74 x14:10001f60
21029456ns          359643 1c008ede fff68693 addi             x13, x13, -1        x13=00000001 x13:00000002
21029476ns          359644 1c008ee0 8a0696e3 bne              x13, x0, -1876      x13:00000001
21029536ns          359647 1c00878c 00072983 lw               x19, 0(x14)         x19=00000000 x14:10001f74  PA:10001f74
21029556ns          359648 1c008790 00472a03 lw               x20, 4(x14)         x20=bf0be47d x14:10001f74  PA:10001f78
21029576ns          359649 1c008794 8934f7c3 fmadd.s          f15, f9, f19, f17   f15=xxxxxxxx  f9:3fe20e5e f19:00000000 f17:00000000
21029595ns          359650 1c008798 794af7c3 fmadd.s          f15, f21, f20, f15  f15=xxxxxxxx f21:3eb0c71f f20:bf0be47d f15:00000000
21029615ns          359651 1c00879c 02252563 p.beqimm         x10, 42             x10:00000004
21029635ns          359652 1c0087a0 0085ab03 lw               x22, 8(x11)         x22=3e994256 x11:10001f38  PA:10001f40
21029655ns          359653 1c0087a4 00872603 lw               x12, 8(x14)         x12=beefc632 x14:10001f74  PA:10001f7c
21029695ns          359655 1c0087a6 78cb77c3 fmadd.s          f15, f22, f12, f15  f15=xxxxxxxx f22:3e994256 f12:beefc632 f15:be4133cb
21029715ns          359656 1c0087aa 00352e63 p.beqimm         x10, 28             x10:00000004
21029735ns          359657 1c0087ae 00c5ab03 lw               x22, 12(x11)        x22=3ee7710b x11:10001f38  PA:10001f44
21029755ns          359658 1c0087b2 00c72603 lw               x12, 12(x14)        x12=3f31bea2 x14:10001f74  PA:10001f80
21029794ns          359660 1c0087b4 78cb77c3 fmadd.s          f15, f22, f12, f15  f15=xxxxxxxx f22:3ee7710b f12:3f31bea2 f15:bea85fb0
21029814ns          359661 1c0087b8 00553763 p.bneimm         x10, 14             x10:00000004
21029894ns          359665 1c0087c6 1897f7d3 fdiv.s           f15, f15, f9        f15=xxxxxxxx f15:bc75c5e1  f9:3fe20e5e
21030172ns          359679 1c0087ca a117a653 feq.s            x12, f15, f17       x12=00000000 f15:bc0b2a0f f17:00000000
21030192ns          359680 1c0087ce 6c060563 beq              x12, x0, 1738       x12:00000000
21030252ns          359683 1c008e98 20f797d3 fsgnjn.s         f15, f15, f15       f15=xxxxxxxx f15:bc0b2a0f f15:bc0b2a0f
21030272ns          359684 1c008e9c 98f4f4c3 fmadd.s          f9, f9, f15, f19     f9=xxxxxxxx  f9:3fe20e5e f15:3c0b2a0f f19:00000000
21030292ns          359685 1c008ea0 00972023 sw               x9, 0(x14)           x9:3c75c5e1 x14:10001f74  PA:10001f74
21030312ns          359686 1c008ea2 0045a603 lw               x12, 4(x11)         x12=3eb0c71f x11:10001f38  PA:10001f3c
21030351ns          359688 1c008ea4 a0f67a43 fmadd.s          f20, f12, f15, f20  f20=xxxxxxxx f12:3eb0c71f f15:3c0b2a0f f20:bf0be47d
21030371ns          359689 1c008ea8 01472223 sw               x20, 4(x14)         x20:bf0b244b x14:10001f74  PA:10001f78
21030391ns          359690 1c008eac 02252563 p.beqimm         x10, 42             x10:00000004
21030411ns          359691 1c008eb0 0085a603 lw               x12, 8(x11)         x12=3e994256 x11:10001f38  PA:10001f40
21030451ns          359693 1c008eb2 00872483 lw               x9, 8(x14)           x9=beefc632 x14:10001f74  PA:10001f7c
21030491ns          359695 1c008eb4 48f67643 fmadd.s          f12, f12, f15, f9   f12=xxxxxxxx f12:3e994256 f15:3c0b2a0f  f9:beefc632
21030510ns          359696 1c008eb8 00c72423 sw               x12, 8(x14)         x12:beee78f1 x14:10001f74  PA:10001f7c
21030530ns          359697 1c008eba 00352e63 p.beqimm         x10, 28             x10:00000004
21030550ns          359698 1c008ebe 00c5a603 lw               x12, 12(x11)        x12=3ee7710b x11:10001f38  PA:10001f44
21030570ns          359699 1c008ec0 00c72483 lw               x9, 12(x14)          x9=3f31bea2 x14:10001f74  PA:10001f80
21030610ns          359701 1c008ec2 48f67643 fmadd.s          f12, f12, f15, f9   f12=xxxxxxxx f12:3ee7710b f15:3c0b2a0f  f9:3f31bea2
21030630ns          359702 1c008ec6 00c72623 sw               x12, 12(x14)        x12:3f32ba43 x14:10001f74  PA:10001f80
21030650ns          359703 1c008ec8 00553763 p.bneimm         x10, 14             x10:00000004
21030709ns          359706 1c008ed6 0005a483 lw               x9, 0(x11)           x9=3fe20e5e x11:10001f38  PA:10001f38
21030729ns          359707 1c008ed8 0045aa83 lw               x21, 4(x11)         x21=3eb0c71f x11:10001f38  PA:10001f3c
21030749ns          359708 1c008edc 01470713 addi             x14, x14, 20        x14=10001f88 x14:10001f74
21030769ns          359709 1c008ede fff68693 addi             x13, x13, -1        x13=00000000 x13:00000001
21030789ns          359710 1c008ee0 8a0696e3 bne              x13, x0, -1876      x13:00000000
21030809ns          359711 1c008ee4 8f5ff06f jal              x0, -1804          
21030849ns          359713 1c0087d8 209497d3 fsgnjn.s         f15, f9, f9         f15=xxxxxxxx  f9:3fe20e5e  f9:3fe20e5e
21030868ns          359714 1c0087dc 215a9753 fsgnjn.s         f14, f21, f21       f14=xxxxxxxx f21:3eb0c71f f21:3eb0c71f
21030888ns          359715 1c0087e0 00f5a023 sw               x15, 0(x11)         x15:bfe20e5e x11:10001f38  PA:10001f38
21030908ns          359716 1c0087e2 00e5a223 sw               x14, 4(x11)         x14:beb0c71f x11:10001f38  PA:10001f3c
21030928ns          359717 1c0087e4 7a252363 p.beqimm         x10, 1958           x10:00000004
21030948ns          359718 1c0087e8 0085a703 lw               x14, 8(x11)         x14=3e994256 x11:10001f38  PA:10001f40
21030988ns          359720 1c0087ea 20e71753 fsgnjn.s         f14, f14, f14       f14=xxxxxxxx f14:3e994256 f14:3e994256
21031008ns          359721 1c0087ee 00e5a423 sw               x14, 8(x11)         x14:be994256 x11:10001f38  PA:10001f40
21031028ns          359722 1c0087f0 78352d63 p.beqimm         x10, 1946           x10:00000004
21031047ns          359723 1c0087f4 00c5a703 lw               x14, 12(x11)        x14=3ee7710b x11:10001f38  PA:10001f44
21031087ns          359725 1c0087f6 20e71753 fsgnjn.s         f14, f14, f14       f14=xxxxxxxx f14:3ee7710b f14:3ee7710b
21031107ns          359726 1c0087fa 00e5a623 sw               x14, 12(x11)        x14:bee7710b x11:10001f38  PA:10001f44
21031127ns          359727 1c0087fc 00552463 p.beqimm         x10, 8              x10:00000004
21031147ns          359728 1c008800 5370106f jal              x0, 7478           
21031266ns          359734 1c00a536 01c7f7d3 fadd.s           f15, f15, f28       f15=xxxxxxxx f15:bfe20e5e f28:3f800000
21031286ns          359735 1c00a53a 40a28733 sub              x14, x5, x10        x14=00000001  x5:00000005 x10:00000004
21031306ns          359736 1c00a53e 00f5a023 sw               x15, 0(x11)         x15:bf441cbc x11:10001f38  PA:10001f38
21031346ns          359738 1c00a540 a59fe06f jal              x0, -5544          
21031386ns          359740 1c008f98 00082023 sw               x0, 0(x16)          x16:10001f34  PA:10001f34
21031406ns          359741 1c008f9c fa172b63 p.beqimm         x14, -2122          x14:00000001
21031485ns          359745 1c008752 ffc3278b p.lw             x15, -4(x6!)        x15=c19e8c36  x6=10001dc0  x6:10001dc4  PA:10001dc4
21031505ns          359746 1c008756 fec80813 addi             x16, x16, -20       x16=10001f20 x16:10001f34
21031525ns          359747 1c008758 a117a7d3 feq.s            x15, f15, f17       x15=00000000 f15:c19e8c36 f17:00000000
21031545ns          359748 1c00875c fe858593 addi             x11, x11, -24       x11=10001f20 x11:10001f38
21031565ns          359749 1c00875e 00150513 addi             x10, x10, 1         x10=00000005 x10:00000004
21031585ns          359750 1c008760 fc079be3 bne              x15, x0, -42        x15:00000000
21031604ns          359751 1c008762 00251693 slli             x13, x10, 0x2       x13=00000014 x10:00000005
21031624ns          359752 1c008766 01458713 addi             x14, x11, 20        x14=10001f34 x11:10001f20
21031644ns          359753 1c00876a 40df86b3 sub              x13, x31, x13       x13=10001f84 x31:10001f98 x13:00000014
21031664ns          359754 1c00876e 40e686b3 sub              x13, x13, x14       x13=00000050 x13:10001f84 x14:10001f34
21031684ns          359755 1c008770 fec68693 addi             x13, x13, -20       x13=0000003c x13:00000050
21031704ns          359756 1c008772 0cccd7b7 lui              x15, 0xcccd000      x15=0cccd000
21031724ns          359757 1c008776 0026d693 srli             x13, x13, 0x2       x13=0000000f x13:0000003c
21031744ns          359758 1c008778 ccd78793 addi             x15, x15, -819      x15=0ccccccd x15:0cccd000
21031764ns          359759 1c00877c 02f686b3 mul              x13, x13, x15       x13=c0000003 x13:0000000f x15:0ccccccd
21031783ns          359760 1c008780 c3e6b6b3 p.bclr           x13, x13, 1, 30     x13=00000003 x13:c0000003
21031823ns          359762 1c008784 0005a483 lw               x9, 0(x11)           x9=3fe2c9cd x11:10001f20  PA:10001f20
21031843ns          359763 1c008786 0045aa83 lw               x21, 4(x11)         x21=3dda8fd7 x11:10001f20  PA:10001f24
21031863ns          359764 1c00878a 00168693 addi             x13, x13, 1         x13=00000004 x13:00000003
21031883ns          359765 1c00878c 00072983 lw               x19, 0(x14)         x19=00000000 x14:10001f34  PA:10001f34
21031903ns          359766 1c008790 00472a03 lw               x20, 4(x14)         x20=bf441cbc x14:10001f34  PA:10001f38
21031923ns          359767 1c008794 8934f7c3 fmadd.s          f15, f9, f19, f17   f15=xxxxxxxx  f9:3fe2c9cd f19:00000000 f17:00000000
21031943ns          359768 1c008798 794af7c3 fmadd.s          f15, f21, f20, f15  f15=xxxxxxxx f21:3dda8fd7 f20:bf441cbc f15:00000000
21031962ns          359769 1c00879c 02252563 p.beqimm         x10, 42             x10:00000005
21031982ns          359770 1c0087a0 0085ab03 lw               x22, 8(x11)         x22=3c56ac76 x11:10001f20  PA:10001f28
21032002ns          359771 1c0087a4 00872603 lw               x12, 8(x14)         x12=beb0c71f x14:10001f34  PA:10001f3c
21032042ns          359773 1c0087a6 78cb77c3 fmadd.s          f15, f22, f12, f15  f15=xxxxxxxx f22:3c56ac76 f12:beb0c71f f15:bda76ea9
21032062ns          359774 1c0087aa 00352e63 p.beqimm         x10, 28             x10:00000005
21032082ns          359775 1c0087ae 00c5ab03 lw               x22, 12(x11)        x22=3f0069b6 x11:10001f20  PA:10001f2c
21032102ns          359776 1c0087b2 00c72603 lw               x12, 12(x14)        x12=be994256 x14:10001f34  PA:10001f40
21032141ns          359778 1c0087b4 78cb77c3 fmadd.s          f15, f22, f12, f15  f15=xxxxxxxx f22:3f0069b6 f12:be994256 f15:bdb0b282
21032161ns          359779 1c0087b8 00553763 p.bneimm         x10, 14             x10:00000005
21032181ns          359780 1c0087bc 0105ab03 lw               x22, 16(x11)        x22=3ec05fcc x11:10001f20  PA:10001f30
21032201ns          359781 1c0087c0 01072603 lw               x12, 16(x14)        x12=bee7710b x14:10001f34  PA:10001f44
21032241ns          359783 1c0087c2 78cb77c3 fmadd.s          f15, f22, f12, f15  f15=xxxxxxxx f22:3ec05fcc f12:bee7710b f15:be721a29
21032261ns          359784 1c0087c6 1897f7d3 fdiv.s           f15, f15, f9        f15=xxxxxxxx f15:bed002c6  f9:3fe2c9cd
21032858ns          359814 1c0087ca a117a653 feq.s            x12, f15, f17       x12=00000000 f15:be6acdcc f17:00000000
21032877ns          359815 1c0087ce 6c060563 beq              x12, x0, 1738       x12:00000000
21032937ns          359818 1c008e98 20f797d3 fsgnjn.s         f15, f15, f15       f15=xxxxxxxx f15:be6acdcc f15:be6acdcc
21032957ns          359819 1c008e9c 98f4f4c3 fmadd.s          f9, f9, f15, f19     f9=xxxxxxxx  f9:3fe2c9cd f15:3e6acdcc f19:00000000
21032977ns          359820 1c008ea0 00972023 sw               x9, 0(x14)           x9:3ed002c6 x14:10001f34  PA:10001f34
21032997ns          359821 1c008ea2 0045a603 lw               x12, 4(x11)         x12=3dda8fd7 x11:10001f20  PA:10001f24
21033037ns          359823 1c008ea4 a0f67a43 fmadd.s          f20, f12, f15, f20  f20=xxxxxxxx f12:3dda8fd7 f15:3e6acdcc f20:bf441cbc
21033056ns          359824 1c008ea8 01472223 sw               x20, 4(x14)         x20:bf3dd903 x14:10001f34  PA:10001f38
21033076ns          359825 1c008eac 02252563 p.beqimm         x10, 42             x10:00000005
21033096ns          359826 1c008eb0 0085a603 lw               x12, 8(x11)         x12=3c56ac76 x11:10001f20  PA:10001f28
21033116ns          359827 1c008eb2 00872483 lw               x9, 8(x14)           x9=beb0c71f x14:10001f34  PA:10001f3c
21033156ns          359829 1c008eb4 48f67643 fmadd.s          f12, f12, f15, f9   f12=xxxxxxxx f12:3c56ac76 f15:3e6acdcc  f9:beb0c71f
21033176ns          359830 1c008eb8 00c72423 sw               x12, 8(x14)         x12:beaf3d53 x14:10001f34  PA:10001f3c
21033196ns          359831 1c008eba 00352e63 p.beqimm         x10, 28             x10:00000005
21033216ns          359832 1c008ebe 00c5a603 lw               x12, 12(x11)        x12=3f0069b6 x11:10001f20  PA:10001f2c
21033235ns          359833 1c008ec0 00c72483 lw               x9, 12(x14)          x9=be994256 x14:10001f34  PA:10001f40
21033275ns          359835 1c008ec2 48f67643 fmadd.s          f12, f12, f15, f9   f12=xxxxxxxx f12:3f0069b6 f15:3e6acdcc  f9:be994256
21033295ns          359836 1c008ec6 00c72623 sw               x12, 12(x14)        x12:be3cbcd1 x14:10001f34  PA:10001f40
21033315ns          359837 1c008ec8 00553763 p.bneimm         x10, 14             x10:00000005
21033335ns          359838 1c008ecc 0105a603 lw               x12, 16(x11)        x12=3ec05fcc x11:10001f20  PA:10001f30
21033355ns          359839 1c008ece 01072483 lw               x9, 16(x14)          x9=bee7710b x14:10001f34  PA:10001f44
21033395ns          359841 1c008ed0 48f677c3 fmadd.s          f15, f12, f15, f9   f15=xxxxxxxx f12:3ec05fcc f15:3e6acdcc  f9:bee7710b
21033414ns          359842 1c008ed4 00f72823 sw               x15, 16(x14)        x15:bebb547d x14:10001f34  PA:10001f44
21033434ns          359843 1c008ed6 0005a483 lw               x9, 0(x11)           x9=3fe2c9cd x11:10001f20  PA:10001f20
21033454ns          359844 1c008ed8 0045aa83 lw               x21, 4(x11)         x21=3dda8fd7 x11:10001f20  PA:10001f24
21033474ns          359845 1c008edc 01470713 addi             x14, x14, 20        x14=10001f48 x14:10001f34
21033494ns          359846 1c008ede fff68693 addi             x13, x13, -1        x13=00000003 x13:00000004
21033514ns          359847 1c008ee0 8a0696e3 bne              x13, x0, -1876      x13:00000003
21033574ns          359850 1c00878c 00072983 lw               x19, 0(x14)         x19=00000000 x14:10001f48  PA:10001f48
21033593ns          359851 1c008790 00472a03 lw               x20, 4(x14)         x20=be30ab9c x14:10001f48  PA:10001f4c
21033613ns          359852 1c008794 8934f7c3 fmadd.s          f15, f9, f19, f17   f15=xxxxxxxx  f9:3fe2c9cd f19:00000000 f17:00000000
21033633ns          359853 1c008798 794af7c3 fmadd.s          f15, f21, f20, f15  f15=xxxxxxxx f21:3dda8fd7 f20:be30ab9c f15:00000000
21033653ns          359854 1c00879c 02252563 p.beqimm         x10, 42             x10:00000005
21033673ns          359855 1c0087a0 0085ab03 lw               x22, 8(x11)         x22=3c56ac76 x11:10001f20  PA:10001f28
21033693ns          359856 1c0087a4 00872603 lw               x12, 8(x14)         x12=bf0593b2 x14:10001f48  PA:10001f50
21033733ns          359858 1c0087a6 78cb77c3 fmadd.s          f15, f22, f12, f15  f15=xxxxxxxx f22:3c56ac76 f12:bf0593b2 f15:bc96d567
21033753ns          359859 1c0087aa 00352e63 p.beqimm         x10, 28             x10:00000005
21033773ns          359860 1c0087ae 00c5ab03 lw               x22, 12(x11)        x22=3f0069b6 x11:10001f20  PA:10001f2c
21033792ns          359861 1c0087b2 00c72603 lw               x12, 12(x14)        x12=3f52928d x14:10001f48  PA:10001f54
21033832ns          359863 1c0087b4 78cb77c3 fmadd.s          f15, f22, f12, f15  f15=xxxxxxxx f22:3f0069b6 f12:3f52928d f15:bcced721
21033852ns          359864 1c0087b8 00553763 p.bneimm         x10, 14             x10:00000005
21033872ns          359865 1c0087bc 0105ab03 lw               x22, 16(x11)        x22=3ec05fcc x11:10001f20  PA:10001f30
21033892ns          359866 1c0087c0 01072603 lw               x12, 16(x14)        x12=3e15c156 x14:10001f48  PA:10001f58
21033932ns          359868 1c0087c2 78cb77c3 fmadd.s          f15, f22, f12, f15  f15=xxxxxxxx f22:3ec05fcc f12:3e15c156 f15:3ec65303
21033952ns          359869 1c0087c6 1897f7d3 fdiv.s           f15, f15, f9        f15=xxxxxxxx f15:3ee27546  f9:3fe2c9cd
21034310ns          359887 1c0087ca a117a653 feq.s            x12, f15, f17       x12=00000000 f15:3e7fa096 f17:00000000
21034329ns          359888 1c0087ce 6c060563 beq              x12, x0, 1738       x12:00000000
21034389ns          359891 1c008e98 20f797d3 fsgnjn.s         f15, f15, f15       f15=xxxxxxxx f15:3e7fa096 f15:3e7fa096
21034409ns          359892 1c008e9c 98f4f4c3 fmadd.s          f9, f9, f15, f19     f9=xxxxxxxx  f9:3fe2c9cd f15:be7fa096 f19:00000000
21034429ns          359893 1c008ea0 00972023 sw               x9, 0(x14)           x9:bee27546 x14:10001f48  PA:10001f48
21034449ns          359894 1c008ea2 0045a603 lw               x12, 4(x11)         x12=3dda8fd7 x11:10001f20  PA:10001f24
21034489ns          359896 1c008ea4 a0f67a43 fmadd.s          f20, f12, f15, f20  f20=xxxxxxxx f12:3dda8fd7 f15:be7fa096 f20:be30ab9c
21034508ns          359897 1c008ea8 01472223 sw               x20, 4(x14)         x20:be4bf368 x14:10001f48  PA:10001f4c
21034528ns          359898 1c008eac 02252563 p.beqimm         x10, 42             x10:00000005
21034548ns          359899 1c008eb0 0085a603 lw               x12, 8(x11)         x12=3c56ac76 x11:10001f20  PA:10001f28
21034588ns          359901 1c008eb2 00872483 lw               x9, 8(x14)           x9=bf0593b2 x14:10001f48  PA:10001f50
21034628ns          359903 1c008eb4 48f67643 fmadd.s          f12, f12, f15, f9   f12=xxxxxxxx f12:3c56ac76 f15:be7fa096  f9:bf0593b2
21034648ns          359904 1c008eb8 00c72423 sw               x12, 8(x14)         x12:bf066a0e x14:10001f48  PA:10001f50
21034668ns          359905 1c008eba 00352e63 p.beqimm         x10, 28             x10:00000005
21034687ns          359906 1c008ebe 00c5a603 lw               x12, 12(x11)        x12=3f0069b6 x11:10001f20  PA:10001f2c
21034707ns          359907 1c008ec0 00c72483 lw               x9, 12(x14)          x9=3f52928d x14:10001f48  PA:10001f54
21034747ns          359909 1c008ec2 48f67643 fmadd.s          f12, f12, f15, f9   f12=xxxxxxxx f12:3f0069b6 f15:be7fa096  f9:3f52928d
21034767ns          359910 1c008ec6 00c72623 sw               x12, 12(x14)        x12:3f328417 x14:10001f48  PA:10001f54
21034787ns          359911 1c008ec8 00553763 p.bneimm         x10, 14             x10:00000005
21034807ns          359912 1c008ecc 0105a603 lw               x12, 16(x11)        x12=3ec05fcc x11:10001f20  PA:10001f30
21034827ns          359913 1c008ece 01072483 lw               x9, 16(x14)          x9=3e15c156 x14:10001f48  PA:10001f58
21034866ns          359915 1c008ed0 48f677c3 fmadd.s          f15, f12, f15, f9   f15=xxxxxxxx f12:3ec05fcc f15:be7fa096  f9:3e15c156
21034886ns          359916 1c008ed4 00f72823 sw               x15, 16(x14)        x15:3d56d526 x14:10001f48  PA:10001f58
21034906ns          359917 1c008ed6 0005a483 lw               x9, 0(x11)           x9=3fe2c9cd x11:10001f20  PA:10001f20
21034926ns          359918 1c008ed8 0045aa83 lw               x21, 4(x11)         x21=3dda8fd7 x11:10001f20  PA:10001f24
21034946ns          359919 1c008edc 01470713 addi             x14, x14, 20        x14=10001f5c x14:10001f48
21034966ns          359920 1c008ede fff68693 addi             x13, x13, -1        x13=00000002 x13:00000003
21034986ns          359921 1c008ee0 8a0696e3 bne              x13, x0, -1876      x13:00000002
21035046ns          359924 1c00878c 00072983 lw               x19, 0(x14)         x19=00000000 x14:10001f5c  PA:10001f5c
21035065ns          359925 1c008790 00472a03 lw               x20, 4(x14)         x20=3f1e767c x14:10001f5c  PA:10001f60
21035085ns          359926 1c008794 8934f7c3 fmadd.s          f15, f9, f19, f17   f15=xxxxxxxx  f9:3fe2c9cd f19:00000000 f17:00000000
21035105ns          359927 1c008798 794af7c3 fmadd.s          f15, f21, f20, f15  f15=xxxxxxxx f21:3dda8fd7 f20:3f1e767c f15:00000000
21035125ns          359928 1c00879c 02252563 p.beqimm         x10, 42             x10:00000005
21035145ns          359929 1c0087a0 0085ab03 lw               x22, 8(x11)         x22=3c56ac76 x11:10001f20  PA:10001f28
21035165ns          359930 1c0087a4 00872603 lw               x12, 8(x14)         x12=bf0f3fa8 x14:10001f5c  PA:10001f64
21035205ns          359932 1c0087a6 78cb77c3 fmadd.s          f15, f22, f12, f15  f15=xxxxxxxx f22:3c56ac76 f12:bf0f3fa8 f15:3d8749ef
21035225ns          359933 1c0087aa 00352e63 p.beqimm         x10, 28             x10:00000005
21035244ns          359934 1c0087ae 00c5ab03 lw               x22, 12(x11)        x22=3f0069b6 x11:10001f20  PA:10001f2c
21035264ns          359935 1c0087b2 00c72603 lw               x12, 12(x14)        x12=be0504c3 x14:10001f5c  PA:10001f68
21035304ns          359937 1c0087b4 78cb77c3 fmadd.s          f15, f22, f12, f15  f15=xxxxxxxx f22:3f0069b6 f12:be0504c3 f15:3d708bf0
21035324ns          359938 1c0087b8 00553763 p.bneimm         x10, 14             x10:00000005
21035344ns          359939 1c0087bc 0105ab03 lw               x22, 16(x11)        x22=3ec05fcc x11:10001f20  PA:10001f30
21035364ns          359940 1c0087c0 01072603 lw               x12, 16(x14)        x12=bf091c79 x14:10001f5c  PA:10001f6c
21035423ns          359943 1c0087c2 78cb77c3 fmadd.s          f15, f22, f12, f15  f15=xxxxxxxx f22:3ec05fcc f12:bf091c79 f15:bbd2ca61
21035443ns          359944 1c0087c6 1897f7d3 fdiv.s           f15, f15, f9        f15=xxxxxxxx f15:be54a7a6  f9:3fe2c9cd
21035722ns          359958 1c0087ca a117a653 feq.s            x12, f15, f17       x12=00000000 f15:bdf00bce f17:00000000
21035742ns          359959 1c0087ce 6c060563 beq              x12, x0, 1738       x12:00000000
21035801ns          359962 1c008e98 20f797d3 fsgnjn.s         f15, f15, f15       f15=xxxxxxxx f15:bdf00bce f15:bdf00bce
21035821ns          359963 1c008e9c 98f4f4c3 fmadd.s          f9, f9, f15, f19     f9=xxxxxxxx  f9:3fe2c9cd f15:3df00bce f19:00000000
21035841ns          359964 1c008ea0 00972023 sw               x9, 0(x14)           x9:3e54a7a5 x14:10001f5c  PA:10001f5c
21035861ns          359965 1c008ea2 0045a603 lw               x12, 4(x11)         x12=3dda8fd7 x11:10001f20  PA:10001f24
21035901ns          359967 1c008ea4 a0f67a43 fmadd.s          f20, f12, f15, f20  f20=xxxxxxxx f12:3dda8fd7 f15:3df00bce f20:3f1e767c
21035921ns          359968 1c008ea8 01472223 sw               x20, 4(x14)         x20:3f21aa40 x14:10001f5c  PA:10001f60
21035941ns          359969 1c008eac 02252563 p.beqimm         x10, 42             x10:00000005
21035960ns          359970 1c008eb0 0085a603 lw               x12, 8(x11)         x12=3c56ac76 x11:10001f20  PA:10001f28
21035980ns          359971 1c008eb2 00872483 lw               x9, 8(x14)           x9=bf0f3fa8 x14:10001f5c  PA:10001f64
21036020ns          359973 1c008eb4 48f67643 fmadd.s          f12, f12, f15, f9   f12=xxxxxxxx f12:3c56ac76 f15:3df00bce  f9:bf0f3fa8
21036040ns          359974 1c008eb8 00c72423 sw               x12, 8(x14)         x12:bf0edb02 x14:10001f5c  PA:10001f64
21036060ns          359975 1c008eba 00352e63 p.beqimm         x10, 28             x10:00000005
21036080ns          359976 1c008ebe 00c5a603 lw               x12, 12(x11)        x12=3f0069b6 x11:10001f20  PA:10001f2c
21036100ns          359977 1c008ec0 00c72483 lw               x9, 12(x14)          x9=be0504c3 x14:10001f5c  PA:10001f68
21036140ns          359979 1c008ec2 48f67643 fmadd.s          f12, f12, f15, f9   f12=xxxxxxxx f12:3f0069b6 f15:3df00bce  f9:be0504c3
21036159ns          359980 1c008ec6 00c72623 sw               x12, 12(x14)        x12:bd91a080 x14:10001f5c  PA:10001f68
21036179ns          359981 1c008ec8 00553763 p.bneimm         x10, 14             x10:00000005
21036199ns          359982 1c008ecc 0105a603 lw               x12, 16(x11)        x12=3ec05fcc x11:10001f20  PA:10001f30
21036219ns          359983 1c008ece 01072483 lw               x9, 16(x14)          x9=bf091c79 x14:10001f5c  PA:10001f6c
21036259ns          359985 1c008ed0 48f677c3 fmadd.s          f15, f12, f15, f9   f15=xxxxxxxx f12:3ec05fcc f15:3df00bce  f9:bf091c79
21036279ns          359986 1c008ed4 00f72823 sw               x15, 16(x14)        x15:befbac9c x14:10001f5c  PA:10001f6c
21036299ns          359987 1c008ed6 0005a483 lw               x9, 0(x11)           x9=3fe2c9cd x11:10001f20  PA:10001f20
21036319ns          359988 1c008ed8 0045aa83 lw               x21, 4(x11)         x21=3dda8fd7 x11:10001f20  PA:10001f24
21036338ns          359989 1c008edc 01470713 addi             x14, x14, 20        x14=10001f70 x14:10001f5c
21036358ns          359990 1c008ede fff68693 addi             x13, x13, -1        x13=00000001 x13:00000002
21036378ns          359991 1c008ee0 8a0696e3 bne              x13, x0, -1876      x13:00000001
21036438ns          359994 1c00878c 00072983 lw               x19, 0(x14)         x19=00000000 x14:10001f70  PA:10001f70
21036458ns          359995 1c008790 00472a03 lw               x20, 4(x14)         x20=3c75c5e1 x14:10001f70  PA:10001f74
21036478ns          359996 1c008794 8934f7c3 fmadd.s          f15, f9, f19, f17   f15=xxxxxxxx  f9:3fe2c9cd f19:00000000 f17:00000000
21036498ns          359997 1c008798 794af7c3 fmadd.s          f15, f21, f20, f15  f15=xxxxxxxx f21:3dda8fd7 f20:3c75c5e1 f15:00000000
21036517ns          359998 1c00879c 02252563 p.beqimm         x10, 42             x10:00000005
21036537ns          359999 1c0087a0 0085ab03 lw               x22, 8(x11)         x22=3c56ac76 x11:10001f20  PA:10001f28
21036557ns          360000 1c0087a4 00872603 lw               x12, 8(x14)         x12=bf0b244b x14:10001f70  PA:10001f78
21036597ns          360002 1c0087a6 78cb77c3 fmadd.s          f15, f22, f12, f15  f15=xxxxxxxx f22:3c56ac76 f12:bf0b244b f15:3ad1d49a
21036617ns          360003 1c0087aa 00352e63 p.beqimm         x10, 28             x10:00000005
21036637ns          360004 1c0087ae 00c5ab03 lw               x22, 12(x11)        x22=3f0069b6 x11:10001f20  PA:10001f2c
21036657ns          360005 1c0087b2 00c72603 lw               x12, 12(x14)        x12=beee78f1 x14:10001f70  PA:10001f7c
21036696ns          360007 1c0087b4 78cb77c3 fmadd.s          f15, f22, f12, f15  f15=xxxxxxxx f22:3f0069b6 f12:beee78f1 f15:bbb4e700
21036716ns          360008 1c0087b8 00553763 p.bneimm         x10, 14             x10:00000005
21036736ns          360009 1c0087bc 0105ab03 lw               x22, 16(x11)        x22=3ec05fcc x11:10001f20  PA:10001f30
21036756ns          360010 1c0087c0 01072603 lw               x12, 16(x14)        x12=3f32ba43 x14:10001f70  PA:10001f80
21036816ns          360013 1c0087c2 78cb77c3 fmadd.s          f15, f22, f12, f15  f15=xxxxxxxx f22:3ec05fcc f12:3f32ba43 f15:be74e51b
21036836ns          360014 1c0087c6 1897f7d3 fdiv.s           f15, f15, f9        f15=xxxxxxxx f15:3cbdc065  f9:3fe2c9cd
21037114ns          360028 1c0087ca a117a653 feq.s            x12, f15, f17       x12=00000000 f15:3c563154 f17:00000000
21037134ns          360029 1c0087ce 6c060563 beq              x12, x0, 1738       x12:00000000
21037194ns          360032 1c008e98 20f797d3 fsgnjn.s         f15, f15, f15       f15=xxxxxxxx f15:3c563154 f15:3c563154
21037214ns          360033 1c008e9c 98f4f4c3 fmadd.s          f9, f9, f15, f19     f9=xxxxxxxx  f9:3fe2c9cd f15:bc563154 f19:00000000
21037233ns          360034 1c008ea0 00972023 sw               x9, 0(x14)           x9:bcbdc064 x14:10001f70  PA:10001f70
21037253ns          360035 1c008ea2 0045a603 lw               x12, 4(x11)         x12=3dda8fd7 x11:10001f20  PA:10001f24
21037293ns          360037 1c008ea4 a0f67a43 fmadd.s          f20, f12, f15, f20  f20=xxxxxxxx f12:3dda8fd7 f15:bc563154 f20:3c75c5e1
21037313ns          360038 1c008ea8 01472223 sw               x20, 4(x14)         x20:3c5eea16 x14:10001f70  PA:10001f74
21037333ns          360039 1c008eac 02252563 p.beqimm         x10, 42             x10:00000005
21037353ns          360040 1c008eb0 0085a603 lw               x12, 8(x11)         x12=3c56ac76 x11:10001f20  PA:10001f28
21037373ns          360041 1c008eb2 00872483 lw               x9, 8(x14)           x9=bf0b244b x14:10001f70  PA:10001f78
21037413ns          360043 1c008eb4 48f67643 fmadd.s          f12, f12, f15, f9   f12=xxxxxxxx f12:3c56ac76 f15:bc563154  f9:bf0b244b
21037432ns          360044 1c008eb8 00c72423 sw               x12, 8(x14)         x12:bf0b2f85 x14:10001f70  PA:10001f78
21037452ns          360045 1c008eba 00352e63 p.beqimm         x10, 28             x10:00000005
21037472ns          360046 1c008ebe 00c5a603 lw               x12, 12(x11)        x12=3f0069b6 x11:10001f20  PA:10001f2c
21037512ns          360048 1c008ec0 00c72483 lw               x9, 12(x14)          x9=beee78f1 x14:10001f70  PA:10001f7c
21037552ns          360050 1c008ec2 48f67643 fmadd.s          f12, f12, f15, f9   f12=xxxxxxxx f12:3f0069b6 f15:bc563154  f9:beee78f1
21037572ns          360051 1c008ec6 00c72623 sw               x12, 12(x14)        x12:bef1d47a x14:10001f70  PA:10001f7c
21037592ns          360052 1c008ec8 00553763 p.bneimm         x10, 14             x10:00000005
21037611ns          360053 1c008ecc 0105a603 lw               x12, 16(x11)        x12=3ec05fcc x11:10001f20  PA:10001f30
21037651ns          360055 1c008ece 01072483 lw               x9, 16(x14)          x9=3f32ba43 x14:10001f70  PA:10001f80
21037691ns          360057 1c008ed0 48f677c3 fmadd.s          f15, f12, f15, f9   f15=xxxxxxxx f12:3ec05fcc f15:bc563154  f9:3f32ba43
21037711ns          360058 1c008ed4 00f72823 sw               x15, 16(x14)        x15:3f317859 x14:10001f70  PA:10001f80
21037731ns          360059 1c008ed6 0005a483 lw               x9, 0(x11)           x9=3fe2c9cd x11:10001f20  PA:10001f20
21037751ns          360060 1c008ed8 0045aa83 lw               x21, 4(x11)         x21=3dda8fd7 x11:10001f20  PA:10001f24
21037771ns          360061 1c008edc 01470713 addi             x14, x14, 20        x14=10001f84 x14:10001f70
21037790ns          360062 1c008ede fff68693 addi             x13, x13, -1        x13=00000000 x13:00000001
21037810ns          360063 1c008ee0 8a0696e3 bne              x13, x0, -1876      x13:00000000
21037830ns          360064 1c008ee4 8f5ff06f jal              x0, -1804          
21037870ns          360066 1c0087d8 209497d3 fsgnjn.s         f15, f9, f9         f15=xxxxxxxx  f9:3fe2c9cd  f9:3fe2c9cd
21037890ns          360067 1c0087dc 215a9753 fsgnjn.s         f14, f21, f21       f14=xxxxxxxx f21:3dda8fd7 f21:3dda8fd7
21037910ns          360068 1c0087e0 00f5a023 sw               x15, 0(x11)         x15:bfe2c9cd x11:10001f20  PA:10001f20
21037930ns          360069 1c0087e2 00e5a223 sw               x14, 4(x11)         x14:bdda8fd7 x11:10001f20  PA:10001f24
21037950ns          360070 1c0087e4 7a252363 p.beqimm         x10, 1958           x10:00000005
21037969ns          360071 1c0087e8 0085a703 lw               x14, 8(x11)         x14=3c56ac76 x11:10001f20  PA:10001f28
21038009ns          360073 1c0087ea 20e71753 fsgnjn.s         f14, f14, f14       f14=xxxxxxxx f14:3c56ac76 f14:3c56ac76
21038029ns          360074 1c0087ee 00e5a423 sw               x14, 8(x11)         x14:bc56ac76 x11:10001f20  PA:10001f28
21038049ns          360075 1c0087f0 78352d63 p.beqimm         x10, 1946           x10:00000005
21038069ns          360076 1c0087f4 00c5a703 lw               x14, 12(x11)        x14=3f0069b6 x11:10001f20  PA:10001f2c
21038109ns          360078 1c0087f6 20e71753 fsgnjn.s         f14, f14, f14       f14=xxxxxxxx f14:3f0069b6 f14:3f0069b6
21038129ns          360079 1c0087fa 00e5a623 sw               x14, 12(x11)        x14:bf0069b6 x11:10001f20  PA:10001f2c
21038148ns          360080 1c0087fc 00552463 p.beqimm         x10, 8              x10:00000005
21038208ns          360083 1c008804 01082783 lw               x15, 16(x16)        x15=3ec05fcc x16:10001f20  PA:10001f30
21038248ns          360085 1c008808 20f797d3 fsgnjn.s         f15, f15, f15       f15=xxxxxxxx f15:3ec05fcc f15:3ec05fcc
21038268ns          360086 1c00880c 00f82823 sw               x15, 16(x16)        x15:bec05fcc x16:10001f20  PA:10001f30
21038308ns          360088 1c008810 0005a783 lw               x15, 0(x11)         x15=bfe2c9cd x11:10001f20  PA:10001f20
21038347ns          360090 1c008812 0087f7d3 fadd.s           f15, f15, f8        f15=xxxxxxxx f15:bfe2c9cd  f8:3f800000
21038367ns          360091 1c008816 00f5a023 sw               x15, 0(x11)         x15:bf45939a x11:10001f20  PA:10001f20
21038387ns          360092 1c008818 f2553de3 p.bneimm         x10, -198           x10:00000005
21038407ns          360093 1c00881c 1c000437 lui              x8, 0x1c000000       x8=1c000000
21038447ns          360095 1c008820 050d0593 addi             x11, x26, 80        x11=10001f0c x26:10001ebc
21038487ns          360097 1c008824 02042f03 lw               x30, 32(x8)         x30=3f800000  x8:1c000000  PA:1c000020
21038825ns          360114 1c008828 04cd0513 addi             x10, x26, 76        x10=10001f08 x26:10001ebc
21038845ns          360115 1c00882c 0005a023 sw               x0, 0(x11)          x11:10001f0c  PA:10001f0c
21038904ns          360118 1c008830 0005a223 sw               x0, 4(x11)          x11:10001f0c  PA:10001f10
21038944ns          360120 1c008834 0005a423 sw               x0, 8(x11)          x11:10001f0c  PA:10001f14
21038964ns          360121 1c008838 0005a623 sw               x0, 12(x11)         x11:10001f0c  PA:10001f18
21038984ns          360122 1c00883c 0005a823 sw               x0, 16(x11)         x11:10001f0c  PA:10001f1c
21039402ns          360143 1c008840 00100893 addi             x17, x0, 1          x17=00000001
21039441ns          360145 1c008842 01e52a23 sw               x30, 20(x10)        x30:3f800000 x10:10001f08  PA:10001f1c
21039461ns          360146 1c008846 04c10e13 addi             x28, x2, 76         x28=10001de4  x2:10001d98
21039481ns          360147 1c00884a 00000313 addi             x6, x0, 0            x6=00000000
21039939ns          360170 1c00884e 078d0f93 addi             x31, x26, 120       x31=10001f34 x26:10001ebc
21039978ns          360172 1c008852 0258ad63 p.beqimm         x17, 58             x17:00000001
21039998ns          360173 1c008856 0018a963 p.beqimm         x17, 18             x17:00000001
21040496ns          360198 1c008868 fec58593 addi             x11, x11, -20       x11=10001ef8 x11:10001f0c
21040515ns          360199 1c00886a fe850513 addi             x10, x10, -24       x10=10001ef0 x10:10001f08
21040535ns          360200 1c00886c 0005a023 sw               x0, 0(x11)          x11:10001ef8  PA:10001ef8
21040973ns          360222 1c008870 0005a223 sw               x0, 4(x11)          x11:10001ef8  PA:10001efc
21041013ns          360224 1c008874 0005a423 sw               x0, 8(x11)          x11:10001ef8  PA:10001f00
21041033ns          360225 1c008878 0005a623 sw               x0, 12(x11)         x11:10001ef8  PA:10001f04
21041053ns          360226 1c00887c 0005a823 sw               x0, 16(x11)         x11:10001ef8  PA:10001f08
21041470ns          360247 1c008880 00188893 addi             x17, x17, 1         x17=00000002 x17:00000001
21041510ns          360249 1c008882 01e52a23 sw               x30, 20(x10)        x30:3f800000 x10:10001ef0  PA:10001f04
21041530ns          360250 1c008886 ffce0e13 addi             x28, x28, -4        x28=10001de0 x28:10001de4
21041550ns          360251 1c008888 fc58b7e3 p.bneimm         x17, -50            x17:00000002
21042067ns          360277 1c008856 0018a963 p.beqimm         x17, 18             x17:00000002
21042087ns          360278 1c00885a 000e2783 lw               x15, 0(x28)         x15=c054bfd3 x28:10001de0  PA:10001de0
21042127ns          360280 1c00885e a067a7d3 feq.s            x15, f15, f6        x15=00000000 f15:c054bfd3  f6:00000000
21042147ns          360281 1c008862 00079363 bne              x15, x0, 6          x15:00000000
21042166ns          360282 1c008864 56e0106f jal              x0, 5486           
21042664ns          360307 1c009dd2 00289713 slli             x14, x17, 0x2       x14=00000008 x17:00000002
21042684ns          360308 1c009dd6 01450693 addi             x13, x10, 20        x13=10001f04 x10:10001ef0
21042703ns          360309 1c009dda 40ef8733 sub              x14, x31, x14       x14=10001f2c x31:10001f34 x14:00000008
21042723ns          360310 1c009dde 40d70733 sub              x14, x14, x13       x14=00000028 x14:10001f2c x13:10001f04
21043141ns          360331 1c009de0 fec70713 addi             x14, x14, -20       x14=00000014 x14:00000028
21043181ns          360333 1c009de2 0cccd7b7 lui              x15, 0xcccd000      x15=0cccd000
21043201ns          360334 1c009de6 00275713 srli             x14, x14, 0x2       x14=00000005 x14:00000014
21043221ns          360335 1c009de8 ccd78793 addi             x15, x15, -819      x15=0ccccccd x15:0cccd000
21043241ns          360336 1c009dec 02f70733 mul              x14, x14, x15       x14=40000001 x14:00000005 x15:0ccccccd
21043678ns          360358 1c009df0 c3e73733 p.bclr           x14, x14, 1, 30     x14=00000001 x14:40000001
21043718ns          360360 1c009df4 00170713 addi             x14, x14, 1         x14=00000002 x14:00000001
21043738ns          360361 1c009df6 00052603 lw               x12, 0(x10)         x12=3ff65113 x10:10001ef0  PA:10001ef0
21043758ns          360362 1c009df8 0006a803 lw               x16, 0(x13)         x16=3f800000 x13:10001f04  PA:10001f04
21043778ns          360363 1c009dfc 0046a283 lw               x5, 4(x13)           x5=00000000 x13:10001f04  PA:10001f08
21044175ns          360383 1c009e00 310673c3 fmadd.s          f7, f12, f16, f6     f7=xxxxxxxx f12:3ff65113 f16:3f800000  f6:00000000
21044215ns          360385 1c009e04 00452783 lw               x15, 4(x10)         x15=3ec35a37 x10:10001ef0  PA:10001ef4
21044255ns          360387 1c009e06 3857f7c3 fmadd.s          f15, f15, f5, f7    f15=xxxxxxxx f15:3ec35a37  f5:00000000  f7:3ff65113
21044275ns          360388 1c009e0a 0028ae63 p.beqimm         x17, 28             x17:00000002
21045190ns          360434 1c009e26 18c7f7d3 fdiv.s           f15, f15, f12       f15=xxxxxxxx f15:3ff65113 f12:3ff65113
21046224ns          360486 1c009e2a a067a3d3 feq.s            x7, f15, f6          x7=00000000 f15:3f800000  f6:00000000
21046244ns          360487 1c009e2e 00038763 beq              x7, x0, 14           x7:00000000
21046304ns          360490 1c009e3c 20f797d3 fsgnjn.s         f15, f15, f15       f15=xxxxxxxx f15:3f800000 f15:3f800000
21046363ns          360493 1c009e40 80f67643 fmadd.s          f12, f12, f15, f16  f12=xxxxxxxx f12:3ff65113 f15:bf800000 f16:3f800000
21046403ns          360495 1c009e44 00c6a023 sw               x12, 0(x13)         x12:bf6ca226 x13:10001f04  PA:10001f04
21046423ns          360496 1c009e46 00452603 lw               x12, 4(x10)         x12=3ec35a37 x10:10001ef0  PA:10001ef4
21046463ns          360498 1c009e48 28f672c3 fmadd.s          f5, f12, f15, f5     f5=xxxxxxxx f12:3ec35a37 f15:bf800000  f5:00000000
21046483ns          360499 1c009e4c 0056a223 sw               x5, 4(x13)           x5:bec35a37 x13:10001f04  PA:10001f08
21046682ns          360509 1c009e50 fe28a1e3 p.beqimm         x17, -30            x17:00000002
21046741ns          360512 1c009e32 01468693 addi             x13, x13, 20        x13=10001f18 x13:10001f04
21046761ns          360513 1c009e34 fff70713 addi             x14, x14, -1        x14=00000001 x14:00000002
21046781ns          360514 1c009e36 fc0710e3 bne              x14, x0, -64        x14:00000001
21046841ns          360517 1c009df6 00052603 lw               x12, 0(x10)         x12=3ff65113 x10:10001ef0  PA:10001ef0
21046861ns          360518 1c009df8 0006a803 lw               x16, 0(x13)         x16=00000000 x13:10001f18  PA:10001f18
21046881ns          360519 1c009dfc 0046a283 lw               x5, 4(x13)           x5=3f800000 x13:10001f18  PA:10001f1c
21046900ns          360520 1c009e00 310673c3 fmadd.s          f7, f12, f16, f6     f7=xxxxxxxx f12:3ff65113 f16:00000000  f6:00000000
21046920ns          360521 1c009e04 00452783 lw               x15, 4(x10)         x15=3ec35a37 x10:10001ef0  PA:10001ef4
21046960ns          360523 1c009e06 3857f7c3 fmadd.s          f15, f15, f5, f7    f15=xxxxxxxx f15:3ec35a37  f5:3f800000  f7:00000000
21046980ns          360524 1c009e0a 0028ae63 p.beqimm         x17, 28             x17:00000002
21047060ns          360528 1c009e26 18c7f7d3 fdiv.s           f15, f15, f12       f15=xxxxxxxx f15:3ec35a37 f12:3ff65113
21048074ns          360579 1c009e2a a067a3d3 feq.s            x7, f15, f6          x7=00000000 f15:3e4b083c  f6:00000000
21048094ns          360580 1c009e2e 00038763 beq              x7, x0, 14           x7:00000000
21048154ns          360583 1c009e3c 20f797d3 fsgnjn.s         f15, f15, f15       f15=xxxxxxxx f15:3e4b083c f15:3e4b083c
21048173ns          360584 1c009e40 80f67643 fmadd.s          f12, f12, f15, f16  f12=xxxxxxxx f12:3ff65113 f15:be4b083c f16:00000000
21048193ns          360585 1c009e44 00c6a023 sw               x12, 0(x13)         x12:bec35a36 x13:10001f18  PA:10001f18
21048213ns          360586 1c009e46 00452603 lw               x12, 4(x10)         x12=3ec35a37 x10:10001ef0  PA:10001ef4
21048253ns          360588 1c009e48 28f672c3 fmadd.s          f5, f12, f15, f5     f5=xxxxxxxx f12:3ec35a37 f15:be4b083c  f5:3f800000
21048273ns          360589 1c009e4c 0056a223 sw               x5, 4(x13)           x5:3f6ca226 x13:10001f18  PA:10001f1c
21048293ns          360590 1c009e50 fe28a1e3 p.beqimm         x17, -30            x17:00000002
21048412ns          360596 1c009e32 01468693 addi             x13, x13, 20        x13=10001f2c x13:10001f18
21048432ns          360597 1c009e34 fff70713 addi             x14, x14, -1        x14=00000000 x14:00000001
21048452ns          360598 1c009e36 fc0710e3 bne              x14, x0, -64        x14:00000000
21048472ns          360599 1c009e38 a31fe06f jal              x0, -5584          
21048512ns          360601 1c008868 fec58593 addi             x11, x11, -20       x11=10001ee4 x11:10001ef8
21048531ns          360602 1c00886a fe850513 addi             x10, x10, -24       x10=10001ed8 x10:10001ef0
21048551ns          360603 1c00886c 0005a023 sw               x0, 0(x11)          x11:10001ee4  PA:10001ee4
21048571ns          360604 1c008870 0005a223 sw               x0, 4(x11)          x11:10001ee4  PA:10001ee8
21048591ns          360605 1c008874 0005a423 sw               x0, 8(x11)          x11:10001ee4  PA:10001eec
21048611ns          360606 1c008878 0005a623 sw               x0, 12(x11)         x11:10001ee4  PA:10001ef0
21048631ns          360607 1c00887c 0005a823 sw               x0, 16(x11)         x11:10001ee4  PA:10001ef4
21048651ns          360608 1c008880 00188893 addi             x17, x17, 1         x17=00000003 x17:00000002
21048671ns          360609 1c008882 01e52a23 sw               x30, 20(x10)        x30:3f800000 x10:10001ed8  PA:10001eec
21048691ns          360610 1c008886 ffce0e13 addi             x28, x28, -4        x28=10001ddc x28:10001de0
21048710ns          360611 1c008888 fc58b7e3 p.bneimm         x17, -50            x17:00000003
21048790ns          360615 1c008856 0018a963 p.beqimm         x17, 18             x17:00000003
21048810ns          360616 1c00885a 000e2783 lw               x15, 0(x28)         x15=410ca8f0 x28:10001ddc  PA:10001ddc
21048850ns          360618 1c00885e a067a7d3 feq.s            x15, f15, f6        x15=00000000 f15:410ca8f0  f6:00000000
21048870ns          360619 1c008862 00079363 bne              x15, x0, 6          x15:00000000
21048889ns          360620 1c008864 56e0106f jal              x0, 5486           
21048949ns          360623 1c009dd2 00289713 slli             x14, x17, 0x2       x14=0000000c x17:00000003
21048969ns          360624 1c009dd6 01450693 addi             x13, x10, 20        x13=10001eec x10:10001ed8
21048989ns          360625 1c009dda 40ef8733 sub              x14, x31, x14       x14=10001f28 x31:10001f34 x14:0000000c
21049009ns          360626 1c009dde 40d70733 sub              x14, x14, x13       x14=0000003c x14:10001f28 x13:10001eec
21049029ns          360627 1c009de0 fec70713 addi             x14, x14, -20       x14=00000028 x14:0000003c
21049049ns          360628 1c009de2 0cccd7b7 lui              x15, 0xcccd000      x15=0cccd000
21049068ns          360629 1c009de6 00275713 srli             x14, x14, 0x2       x14=0000000a x14:00000028
21049088ns          360630 1c009de8 ccd78793 addi             x15, x15, -819      x15=0ccccccd x15:0cccd000
21049108ns          360631 1c009dec 02f70733 mul              x14, x14, x15       x14=80000002 x14:0000000a x15:0ccccccd
21049128ns          360632 1c009df0 c3e73733 p.bclr           x14, x14, 1, 30     x14=00000002 x14:80000002
21049148ns          360633 1c009df4 00170713 addi             x14, x14, 1         x14=00000003 x14:00000002
21049168ns          360634 1c009df6 00052603 lw               x12, 0(x10)         x12=3fd7130d x10:10001ed8  PA:10001ed8
21049188ns          360635 1c009df8 0006a803 lw               x16, 0(x13)         x16=3f800000 x13:10001eec  PA:10001eec
21049208ns          360636 1c009dfc 0046a283 lw               x5, 4(x13)           x5=00000000 x13:10001eec  PA:10001ef0
21049228ns          360637 1c009e00 310673c3 fmadd.s          f7, f12, f16, f6     f7=xxxxxxxx f12:3fd7130d f16:3f800000  f6:00000000
21049248ns          360638 1c009e04 00452783 lw               x15, 4(x10)         x15=bf1b1c4a x10:10001ed8  PA:10001edc
21049287ns          360640 1c009e06 3857f7c3 fmadd.s          f15, f15, f5, f7    f15=xxxxxxxx f15:bf1b1c4a  f5:00000000  f7:3fd7130d
21049307ns          360641 1c009e0a 0028ae63 p.beqimm         x17, 28             x17:00000003
21049327ns          360642 1c009e0e 0086a383 lw               x7, 8(x13)           x7=00000000 x13:10001eec  PA:10001ef4
21049347ns          360643 1c009e12 00852403 lw               x8, 8(x10)           x8=3ed32d46 x10:10001ed8  PA:10001ee0
21049387ns          360645 1c009e14 787477c3 fmadd.s          f15, f8, f7, f15    f15=xxxxxxxx  f8:3ed32d46  f7:00000000 f15:3fd7130d
21049407ns          360646 1c009e18 0048b763 p.bneimm         x17, 14             x17:00000003
21049486ns          360650 1c009e26 18c7f7d3 fdiv.s           f15, f15, f12       f15=xxxxxxxx f15:3fd7130d f12:3fd7130d
21050282ns          360690 1c009e2a a067a3d3 feq.s            x7, f15, f6          x7=00000000 f15:3f800000  f6:00000000
21050302ns          360691 1c009e2e 00038763 beq              x7, x0, 14           x7:00000000
21050361ns          360694 1c009e3c 20f797d3 fsgnjn.s         f15, f15, f15       f15=xxxxxxxx f15:3f800000 f15:3f800000
21050381ns          360695 1c009e40 80f67643 fmadd.s          f12, f12, f15, f16  f12=xxxxxxxx f12:3fd7130d f15:bf800000 f16:3f800000
21050401ns          360696 1c009e44 00c6a023 sw               x12, 0(x13)         x12:bf2e261a x13:10001eec  PA:10001eec
21050421ns          360697 1c009e46 00452603 lw               x12, 4(x10)         x12=bf1b1c4a x10:10001ed8  PA:10001edc
21050461ns          360699 1c009e48 28f672c3 fmadd.s          f5, f12, f15, f5     f5=xxxxxxxx f12:bf1b1c4a f15:bf800000  f5:00000000
21050481ns          360700 1c009e4c 0056a223 sw               x5, 4(x13)           x5:3f1b1c4a x13:10001eec  PA:10001ef0
21050501ns          360701 1c009e50 fe28a1e3 p.beqimm         x17, -30            x17:00000003
21050521ns          360702 1c009e54 00852603 lw               x12, 8(x10)         x12=3ed32d46 x10:10001ed8  PA:10001ee0
21050540ns          360703 1c009e56 0086a803 lw               x16, 8(x13)         x16=00000000 x13:10001eec  PA:10001ef4
21050580ns          360705 1c009e5a 80f67643 fmadd.s          f12, f12, f15, f16  f12=xxxxxxxx f12:3ed32d46 f15:bf800000 f16:00000000
21050600ns          360706 1c009e5e 00c6a423 sw               x12, 8(x13)         x12:bed32d46 x13:10001eec  PA:10001ef4
21050620ns          360707 1c009e60 fc48b9e3 p.bneimm         x17, -46            x17:00000003
21050739ns          360713 1c009e32 01468693 addi             x13, x13, 20        x13=10001f00 x13:10001eec
21050759ns          360714 1c009e34 fff70713 addi             x14, x14, -1        x14=00000002 x14:00000003
21050779ns          360715 1c009e36 fc0710e3 bne              x14, x0, -64        x14:00000002
21050839ns          360718 1c009df6 00052603 lw               x12, 0(x10)         x12=3fd7130d x10:10001ed8  PA:10001ed8
21050859ns          360719 1c009df8 0006a803 lw               x16, 0(x13)         x16=00000000 x13:10001f00  PA:10001f00
21050879ns          360720 1c009dfc 0046a283 lw               x5, 4(x13)           x5=bf6ca226 x13:10001f00  PA:10001f04
21050898ns          360721 1c009e00 310673c3 fmadd.s          f7, f12, f16, f6     f7=xxxxxxxx f12:3fd7130d f16:00000000  f6:00000000
21050918ns          360722 1c009e04 00452783 lw               x15, 4(x10)         x15=bf1b1c4a x10:10001ed8  PA:10001edc
21050958ns          360724 1c009e06 3857f7c3 fmadd.s          f15, f15, f5, f7    f15=xxxxxxxx f15:bf1b1c4a  f5:bf6ca226  f7:00000000
21050978ns          360725 1c009e0a 0028ae63 p.beqimm         x17, 28             x17:00000003
21050998ns          360726 1c009e0e 0086a383 lw               x7, 8(x13)           x7=bec35a37 x13:10001f00  PA:10001f08
21051018ns          360727 1c009e12 00852403 lw               x8, 8(x10)           x8=3ed32d46 x10:10001ed8  PA:10001ee0
21051058ns          360729 1c009e14 787477c3 fmadd.s          f15, f8, f7, f15    f15=xxxxxxxx  f8:3ed32d46  f7:bec35a37 f15:3f0f6053
21051077ns          360730 1c009e18 0048b763 p.bneimm         x17, 14             x17:00000003
21051157ns          360734 1c009e26 18c7f7d3 fdiv.s           f15, f15, f12       f15=xxxxxxxx f15:3ece2db2 f12:3fd7130d
21051515ns          360752 1c009e2a a067a3d3 feq.s            x7, f15, f6          x7=00000000 f15:3e75694c  f6:00000000
21051535ns          360753 1c009e2e 00038763 beq              x7, x0, 14           x7:00000000
21051595ns          360756 1c009e3c 20f797d3 fsgnjn.s         f15, f15, f15       f15=xxxxxxxx f15:3e75694c f15:3e75694c
21051615ns          360757 1c009e40 80f67643 fmadd.s          f12, f12, f15, f16  f12=xxxxxxxx f12:3fd7130d f15:be75694c f16:00000000
21051634ns          360758 1c009e44 00c6a023 sw               x12, 0(x13)         x12:bece2db2 x13:10001f00  PA:10001f00
21051654ns          360759 1c009e46 00452603 lw               x12, 4(x10)         x12=bf1b1c4a x10:10001ed8  PA:10001edc
21051694ns          360761 1c009e48 28f672c3 fmadd.s          f5, f12, f15, f5     f5=xxxxxxxx f12:bf1b1c4a f15:be75694c  f5:bf6ca226
21051714ns          360762 1c009e4c 0056a223 sw               x5, 4(x13)           x5:bf4775ae x13:10001f00  PA:10001f04
21051734ns          360763 1c009e50 fe28a1e3 p.beqimm         x17, -30            x17:00000003
21051754ns          360764 1c009e54 00852603 lw               x12, 8(x10)         x12=3ed32d46 x10:10001ed8  PA:10001ee0
21051774ns          360765 1c009e56 0086a803 lw               x16, 8(x13)         x16=bec35a37 x13:10001f00  PA:10001f08
21051813ns          360767 1c009e5a 80f67643 fmadd.s          f12, f12, f15, f16  f12=xxxxxxxx f12:3ed32d46 f15:be75694c f16:bec35a37
21051833ns          360768 1c009e5e 00c6a423 sw               x12, 8(x13)         x12:bef5f683 x13:10001f00  PA:10001f08
21051853ns          360769 1c009e60 fc48b9e3 p.bneimm         x17, -46            x17:00000003
21051913ns          360772 1c009e32 01468693 addi             x13, x13, 20        x13=10001f14 x13:10001f00
21051933ns          360773 1c009e34 fff70713 addi             x14, x14, -1        x14=00000001 x14:00000002
21051953ns          360774 1c009e36 fc0710e3 bne              x14, x0, -64        x14:00000001
21052012ns          360777 1c009df6 00052603 lw               x12, 0(x10)         x12=3fd7130d x10:10001ed8  PA:10001ed8
21052032ns          360778 1c009df8 0006a803 lw               x16, 0(x13)         x16=00000000 x13:10001f14  PA:10001f14
21052052ns          360779 1c009dfc 0046a283 lw               x5, 4(x13)           x5=bec35a36 x13:10001f14  PA:10001f18
21052072ns          360780 1c009e00 310673c3 fmadd.s          f7, f12, f16, f6     f7=xxxxxxxx f12:3fd7130d f16:00000000  f6:00000000
21052092ns          360781 1c009e04 00452783 lw               x15, 4(x10)         x15=bf1b1c4a x10:10001ed8  PA:10001edc
21052132ns          360783 1c009e06 3857f7c3 fmadd.s          f15, f15, f5, f7    f15=xxxxxxxx f15:bf1b1c4a  f5:bec35a36  f7:00000000
21052152ns          360784 1c009e0a 0028ae63 p.beqimm         x17, 28             x17:00000003
21052171ns          360785 1c009e0e 0086a383 lw               x7, 8(x13)           x7=3f6ca226 x13:10001f14  PA:10001f1c
21052191ns          360786 1c009e12 00852403 lw               x8, 8(x10)           x8=3ed32d46 x10:10001ed8  PA:10001ee0
21052231ns          360788 1c009e14 787477c3 fmadd.s          f15, f8, f7, f15    f15=xxxxxxxx  f8:3ed32d46  f7:3f6ca226 f15:3e6cba6a
21052251ns          360789 1c009e18 0048b763 p.bneimm         x17, 14             x17:00000003
21052331ns          360793 1c009e26 18c7f7d3 fdiv.s           f15, f15, f12       f15=xxxxxxxx f15:3f1cc85a f12:3fd7130d
21052629ns          360808 1c009e2a a067a3d3 feq.s            x7, f15, f6          x7=00000000 f15:3eba9dba  f6:00000000
21052649ns          360809 1c009e2e 00038763 beq              x7, x0, 14           x7:00000000
21052709ns          360812 1c009e3c 20f797d3 fsgnjn.s         f15, f15, f15       f15=xxxxxxxx f15:3eba9dba f15:3eba9dba
21052728ns          360813 1c009e40 80f67643 fmadd.s          f12, f12, f15, f16  f12=xxxxxxxx f12:3fd7130d f15:beba9dba f16:00000000
21052748ns          360814 1c009e44 00c6a023 sw               x12, 0(x13)         x12:bf1cc85a x13:10001f14  PA:10001f14
21052768ns          360815 1c009e46 00452603 lw               x12, 4(x10)         x12=bf1b1c4a x10:10001ed8  PA:10001edc
21052808ns          360817 1c009e48 28f672c3 fmadd.s          f5, f12, f15, f5     f5=xxxxxxxx f12:bf1b1c4a f15:beba9dba  f5:bec35a36
21052828ns          360818 1c009e4c 0056a223 sw               x5, 4(x13)           x5:be24902e x13:10001f14  PA:10001f18
21052848ns          360819 1c009e50 fe28a1e3 p.beqimm         x17, -30            x17:00000003
21052868ns          360820 1c009e54 00852603 lw               x12, 8(x10)         x12=3ed32d46 x10:10001ed8  PA:10001ee0
21052888ns          360821 1c009e56 0086a803 lw               x16, 8(x13)         x16=3f6ca226 x13:10001f14  PA:10001f1c
21052927ns          360823 1c009e5a 80f67643 fmadd.s          f12, f12, f15, f16  f12=xxxxxxxx f12:3ed32d46 f15:beba9dba f16:3f6ca226
21052947ns          360824 1c009e5e 00c6a423 sw               x12, 8(x13)         x12:3f4625e6 x13:10001f14  PA:10001f1c
21052967ns          360825 1c009e60 fc48b9e3 p.bneimm         x17, -46            x17:00000003
21053027ns          360828 1c009e32 01468693 addi             x13, x13, 20        x13=10001f28 x13:10001f14
21053047ns          360829 1c009e34 fff70713 addi             x14, x14, -1        x14=00000000 x14:00000001
21053067ns          360830 1c009e36 fc0710e3 bne              x14, x0, -64        x14:00000000
21053086ns          360831 1c009e38 a31fe06f jal              x0, -5584          
21053126ns          360833 1c008868 fec58593 addi             x11, x11, -20       x11=10001ed0 x11:10001ee4
21053146ns          360834 1c00886a fe850513 addi             x10, x10, -24       x10=10001ec0 x10:10001ed8
21053166ns          360835 1c00886c 0005a023 sw               x0, 0(x11)          x11:10001ed0  PA:10001ed0
21053186ns          360836 1c008870 0005a223 sw               x0, 4(x11)          x11:10001ed0  PA:10001ed4
21053206ns          360837 1c008874 0005a423 sw               x0, 8(x11)          x11:10001ed0  PA:10001ed8
21053226ns          360838 1c008878 0005a623 sw               x0, 12(x11)         x11:10001ed0  PA:10001edc
21053246ns          360839 1c00887c 0005a823 sw               x0, 16(x11)         x11:10001ed0  PA:10001ee0
21053265ns          360840 1c008880 00188893 addi             x17, x17, 1         x17=00000004 x17:00000003
21053285ns          360841 1c008882 01e52a23 sw               x30, 20(x10)        x30:3f800000 x10:10001ec0  PA:10001ed4
21053305ns          360842 1c008886 ffce0e13 addi             x28, x28, -4        x28=10001dd8 x28:10001ddc
21053325ns          360843 1c008888 fc58b7e3 p.bneimm         x17, -50            x17:00000004
21053405ns          360847 1c008856 0018a963 p.beqimm         x17, 18             x17:00000004
21053425ns          360848 1c00885a 000e2783 lw               x15, 0(x28)         x15=41ceedf5 x28:10001dd8  PA:10001dd8
21053464ns          360850 1c00885e a067a7d3 feq.s            x15, f15, f6        x15=00000000 f15:41ceedf5  f6:00000000
21053484ns          360851 1c008862 00079363 bne              x15, x0, 6          x15:00000000
21053504ns          360852 1c008864 56e0106f jal              x0, 5486           
21053564ns          360855 1c009dd2 00289713 slli             x14, x17, 0x2       x14=00000010 x17:00000004
21053584ns          360856 1c009dd6 01450693 addi             x13, x10, 20        x13=10001ed4 x10:10001ec0
21053604ns          360857 1c009dda 40ef8733 sub              x14, x31, x14       x14=10001f24 x31:10001f34 x14:00000010
21053623ns          360858 1c009dde 40d70733 sub              x14, x14, x13       x14=00000050 x14:10001f24 x13:10001ed4
21053643ns          360859 1c009de0 fec70713 addi             x14, x14, -20       x14=0000003c x14:00000050
21053663ns          360860 1c009de2 0cccd7b7 lui              x15, 0xcccd000      x15=0cccd000
21053683ns          360861 1c009de6 00275713 srli             x14, x14, 0x2       x14=0000000f x14:0000003c
21053703ns          360862 1c009de8 ccd78793 addi             x15, x15, -819      x15=0ccccccd x15:0cccd000
21053723ns          360863 1c009dec 02f70733 mul              x14, x14, x15       x14=c0000003 x14:0000000f x15:0ccccccd
21053743ns          360864 1c009df0 c3e73733 p.bclr           x14, x14, 1, 30     x14=00000003 x14:c0000003
21053763ns          360865 1c009df4 00170713 addi             x14, x14, 1         x14=00000004 x14:00000003
21053783ns          360866 1c009df6 00052603 lw               x12, 0(x10)         x12=3fd87f15 x10:10001ec0  PA:10001ec0
21053802ns          360867 1c009df8 0006a803 lw               x16, 0(x13)         x16=3f800000 x13:10001ed4  PA:10001ed4
21053822ns          360868 1c009dfc 0046a283 lw               x5, 4(x13)           x5=00000000 x13:10001ed4  PA:10001ed8
21053842ns          360869 1c009e00 310673c3 fmadd.s          f7, f12, f16, f6     f7=xxxxxxxx f12:3fd87f15 f16:3f800000  f6:00000000
21053862ns          360870 1c009e04 00452783 lw               x15, 4(x10)         x15=3e23cfe4 x10:10001ec0  PA:10001ec4
21053902ns          360872 1c009e06 3857f7c3 fmadd.s          f15, f15, f5, f7    f15=xxxxxxxx f15:3e23cfe4  f5:00000000  f7:3fd87f15
21053922ns          360873 1c009e0a 0028ae63 p.beqimm         x17, 28             x17:00000004
21053942ns          360874 1c009e0e 0086a383 lw               x7, 8(x13)           x7=00000000 x13:10001ed4  PA:10001edc
21053962ns          360875 1c009e12 00852403 lw               x8, 8(x10)           x8=3f13ce68 x10:10001ec0  PA:10001ec8
21054001ns          360877 1c009e14 787477c3 fmadd.s          f15, f8, f7, f15    f15=xxxxxxxx  f8:3f13ce68  f7:00000000 f15:3fd87f15
21054021ns          360878 1c009e18 0048b763 p.bneimm         x17, 14             x17:00000004
21054041ns          360879 1c009e1c 00c52403 lw               x8, 12(x10)          x8=3ecebe46 x10:10001ec0  PA:10001ecc
21054061ns          360880 1c009e1e 00c6a383 lw               x7, 12(x13)          x7=00000000 x13:10001ed4  PA:10001ee0
21054101ns          360882 1c009e22 787477c3 fmadd.s          f15, f8, f7, f15    f15=xxxxxxxx  f8:3ecebe46  f7:00000000 f15:3fd87f15
21054121ns          360883 1c009e26 18c7f7d3 fdiv.s           f15, f15, f12       f15=xxxxxxxx f15:3fd87f15 f12:3fd87f15
21054439ns          360899 1c009e2a a067a3d3 feq.s            x7, f15, f6          x7=00000000 f15:3f800000  f6:00000000
21054459ns          360900 1c009e2e 00038763 beq              x7, x0, 14           x7:00000000
21054519ns          360903 1c009e3c 20f797d3 fsgnjn.s         f15, f15, f15       f15=xxxxxxxx f15:3f800000 f15:3f800000
21054538ns          360904 1c009e40 80f67643 fmadd.s          f12, f12, f15, f16  f12=xxxxxxxx f12:3fd87f15 f15:bf800000 f16:3f800000
21054558ns          360905 1c009e44 00c6a023 sw               x12, 0(x13)         x12:bf30fe2a x13:10001ed4  PA:10001ed4
21054578ns          360906 1c009e46 00452603 lw               x12, 4(x10)         x12=3e23cfe4 x10:10001ec0  PA:10001ec4
21054618ns          360908 1c009e48 28f672c3 fmadd.s          f5, f12, f15, f5     f5=xxxxxxxx f12:3e23cfe4 f15:bf800000  f5:00000000
21054638ns          360909 1c009e4c 0056a223 sw               x5, 4(x13)           x5:be23cfe4 x13:10001ed4  PA:10001ed8
21054658ns          360910 1c009e50 fe28a1e3 p.beqimm         x17, -30            x17:00000004
21054678ns          360911 1c009e54 00852603 lw               x12, 8(x10)         x12=3f13ce68 x10:10001ec0  PA:10001ec8
21054698ns          360912 1c009e56 0086a803 lw               x16, 8(x13)         x16=00000000 x13:10001ed4  PA:10001edc
21054737ns          360914 1c009e5a 80f67643 fmadd.s          f12, f12, f15, f16  f12=xxxxxxxx f12:3f13ce68 f15:bf800000 f16:00000000
21054757ns          360915 1c009e5e 00c6a423 sw               x12, 8(x13)         x12:bf13ce68 x13:10001ed4  PA:10001edc
21054777ns          360916 1c009e60 fc48b9e3 p.bneimm         x17, -46            x17:00000004
21054797ns          360917 1c009e64 00c6a803 lw               x16, 12(x13)        x16=00000000 x13:10001ed4  PA:10001ee0
21054817ns          360918 1c009e68 00c52603 lw               x12, 12(x10)        x12=3ecebe46 x10:10001ec0  PA:10001ecc
21054837ns          360919 1c009e6a 01468693 addi             x13, x13, 20        x13=10001ee8 x13:10001ed4
21054857ns          360920 1c009e6c 80f677c3 fmadd.s          f15, f12, f15, f16  f15=xxxxxxxx f12:3ecebe46 f15:bf800000 f16:00000000
21054877ns          360921 1c009e70 fef6ac23 sw               x15, -8(x13)        x15:becebe46 x13:10001ee8  PA:10001ee0
21054896ns          360922 1c009e74 fff70713 addi             x14, x14, -1        x14=00000003 x14:00000004
21054916ns          360923 1c009e76 f80710e3 bne              x14, x0, -128       x14:00000003
21055016ns          360928 1c009df6 00052603 lw               x12, 0(x10)         x12=3fd87f15 x10:10001ec0  PA:10001ec0
21055036ns          360929 1c009df8 0006a803 lw               x16, 0(x13)         x16=00000000 x13:10001ee8  PA:10001ee8
21055056ns          360930 1c009dfc 0046a283 lw               x5, 4(x13)           x5=bf2e261a x13:10001ee8  PA:10001eec
21055076ns          360931 1c009e00 310673c3 fmadd.s          f7, f12, f16, f6     f7=xxxxxxxx f12:3fd87f15 f16:00000000  f6:00000000
21055095ns          360932 1c009e04 00452783 lw               x15, 4(x10)         x15=3e23cfe4 x10:10001ec0  PA:10001ec4
21055135ns          360934 1c009e06 3857f7c3 fmadd.s          f15, f15, f5, f7    f15=xxxxxxxx f15:3e23cfe4  f5:bf2e261a  f7:00000000
21055155ns          360935 1c009e0a 0028ae63 p.beqimm         x17, 28             x17:00000004
21055175ns          360936 1c009e0e 0086a383 lw               x7, 8(x13)           x7=3f1b1c4a x13:10001ee8  PA:10001ef0
21055195ns          360937 1c009e12 00852403 lw               x8, 8(x10)           x8=3f13ce68 x10:10001ec0  PA:10001ec8
21055235ns          360939 1c009e14 787477c3 fmadd.s          f15, f8, f7, f15    f15=xxxxxxxx  f8:3f13ce68  f7:3f1b1c4a f15:bddedf5d
21055255ns          360940 1c009e18 0048b763 p.bneimm         x17, 14             x17:00000004
21055274ns          360941 1c009e1c 00c52403 lw               x8, 12(x10)          x8=3ecebe46 x10:10001ec0  PA:10001ecc
21055294ns          360942 1c009e1e 00c6a383 lw               x7, 12(x13)          x7=bed32d46 x13:10001ee8  PA:10001ef4
21055334ns          360944 1c009e22 787477c3 fmadd.s          f15, f8, f7, f15    f15=xxxxxxxx  f8:3ecebe46  f7:bed32d46 f15:3e76c98b
21055354ns          360945 1c009e26 18c7f7d3 fdiv.s           f15, f15, f12       f15=xxxxxxxx f15:3d987c4f f12:3fd87f15
21055692ns          360962 1c009e2a a067a3d3 feq.s            x7, f15, f6          x7=00000000 f15:3d344f2c  f6:00000000
21055712ns          360963 1c009e2e 00038763 beq              x7, x0, 14           x7:00000000
21055772ns          360966 1c009e3c 20f797d3 fsgnjn.s         f15, f15, f15       f15=xxxxxxxx f15:3d344f2c f15:3d344f2c
21055792ns          360967 1c009e40 80f67643 fmadd.s          f12, f12, f15, f16  f12=xxxxxxxx f12:3fd87f15 f15:bd344f2c f16:00000000
21055811ns          360968 1c009e44 00c6a023 sw               x12, 0(x13)         x12:bd987c4f x13:10001ee8  PA:10001ee8
21055831ns          360969 1c009e46 00452603 lw               x12, 4(x10)         x12=3e23cfe4 x10:10001ec0  PA:10001ec4
21055891ns          360972 1c009e48 28f672c3 fmadd.s          f5, f12, f15, f5     f5=xxxxxxxx f12:3e23cfe4 f15:bd344f2c  f5:bf2e261a
21055911ns          360973 1c009e4c 0056a223 sw               x5, 4(x13)           x5:bf2ff39d x13:10001ee8  PA:10001eec
21055931ns          360974 1c009e50 fe28a1e3 p.beqimm         x17, -30            x17:00000004
21055951ns          360975 1c009e54 00852603 lw               x12, 8(x10)         x12=3f13ce68 x10:10001ec0  PA:10001ec8
21055990ns          360977 1c009e56 0086a803 lw               x16, 8(x13)         x16=3f1b1c4a x13:10001ee8  PA:10001ef0
21056030ns          360979 1c009e5a 80f67643 fmadd.s          f12, f12, f15, f16  f12=xxxxxxxx f12:3f13ce68 f15:bd344f2c f16:3f1b1c4a
21056050ns          360980 1c009e5e 00c6a423 sw               x12, 8(x13)         x12:3f149a9d x13:10001ee8  PA:10001ef0
21056070ns          360981 1c009e60 fc48b9e3 p.bneimm         x17, -46            x17:00000004
21056090ns          360982 1c009e64 00c6a803 lw               x16, 12(x13)        x16=bed32d46 x13:10001ee8  PA:10001ef4
21056110ns          360983 1c009e68 00c52603 lw               x12, 12(x10)        x12=3ecebe46 x10:10001ec0  PA:10001ecc
21056130ns          360984 1c009e6a 01468693 addi             x13, x13, 20        x13=10001efc x13:10001ee8
21056150ns          360985 1c009e6c 80f677c3 fmadd.s          f15, f12, f15, f16  f15=xxxxxxxx f12:3ecebe46 f15:bd344f2c f16:bed32d46
21056169ns          360986 1c009e70 fef6ac23 sw               x15, -8(x13)        x15:bedc4722 x13:10001efc  PA:10001ef4
21056189ns          360987 1c009e74 fff70713 addi             x14, x14, -1        x14=00000002 x14:00000003
21056209ns          360988 1c009e76 f80710e3 bne              x14, x0, -128       x14:00000002
21056269ns          360991 1c009df6 00052603 lw               x12, 0(x10)         x12=3fd87f15 x10:10001ec0  PA:10001ec0
21056289ns          360992 1c009df8 0006a803 lw               x16, 0(x13)         x16=00000000 x13:10001efc  PA:10001efc
21056309ns          360993 1c009dfc 0046a283 lw               x5, 4(x13)           x5=bece2db2 x13:10001efc  PA:10001f00
21056329ns          360994 1c009e00 310673c3 fmadd.s          f7, f12, f16, f6     f7=xxxxxxxx f12:3fd87f15 f16:00000000  f6:00000000
21056349ns          360995 1c009e04 00452783 lw               x15, 4(x10)         x15=3e23cfe4 x10:10001ec0  PA:10001ec4
21056408ns          360998 1c009e06 3857f7c3 fmadd.s          f15, f15, f5, f7    f15=xxxxxxxx f15:3e23cfe4  f5:bece2db2  f7:00000000
21056428ns          360999 1c009e0a 0028ae63 p.beqimm         x17, 28             x17:00000004
21056448ns          361000 1c009e0e 0086a383 lw               x7, 8(x13)           x7=bf4775ae x13:10001efc  PA:10001f04
21056468ns          361001 1c009e12 00852403 lw               x8, 8(x10)           x8=3f13ce68 x10:10001ec0  PA:10001ec8
21056528ns          361004 1c009e14 787477c3 fmadd.s          f15, f8, f7, f15    f15=xxxxxxxx  f8:3f13ce68  f7:bf4775ae f15:bd83ee87
21056547ns          361005 1c009e18 0048b763 p.bneimm         x17, 14             x17:00000004
21056567ns          361006 1c009e1c 00c52403 lw               x8, 12(x10)          x8=3ecebe46 x10:10001ec0  PA:10001ecc
21056587ns          361007 1c009e1e 00c6a383 lw               x7, 12(x13)          x7=bef5f683 x13:10001efc  PA:10001f08
21056627ns          361009 1c009e22 787477c3 fmadd.s          f15, f8, f7, f15    f15=xxxxxxxx  f8:3ecebe46  f7:bef5f683 f15:bf03a736
21056647ns          361010 1c009e26 18c7f7d3 fdiv.s           f15, f15, f12       f15=xxxxxxxx f15:bf355001 f12:3fd87f15
21056925ns          361024 1c009e2a a067a3d3 feq.s            x7, f15, f6          x7=00000000 f15:bed6656c  f6:00000000
21056945ns          361025 1c009e2e 00038763 beq              x7, x0, 14           x7:00000000
21057005ns          361028 1c009e3c 20f797d3 fsgnjn.s         f15, f15, f15       f15=xxxxxxxx f15:bed6656c f15:bed6656c
21057025ns          361029 1c009e40 80f67643 fmadd.s          f12, f12, f15, f16  f12=xxxxxxxx f12:3fd87f15 f15:3ed6656c f16:00000000
21057045ns          361030 1c009e44 00c6a023 sw               x12, 0(x13)         x12:3f355001 x13:10001efc  PA:10001efc
21057065ns          361031 1c009e46 00452603 lw               x12, 4(x10)         x12=3e23cfe4 x10:10001ec0  PA:10001ec4
21057104ns          361033 1c009e48 28f672c3 fmadd.s          f5, f12, f15, f5     f5=xxxxxxxx f12:3e23cfe4 f15:3ed6656c  f5:bece2db2
21057124ns          361034 1c009e4c 0056a223 sw               x5, 4(x13)           x5:beabe186 x13:10001efc  PA:10001f00
21057164ns          361036 1c009e50 fe28a1e3 p.beqimm         x17, -30            x17:00000004
21057184ns          361037 1c009e54 00852603 lw               x12, 8(x10)         x12=3f13ce68 x10:10001ec0  PA:10001ec8
21057204ns          361038 1c009e56 0086a803 lw               x16, 8(x13)         x16=bf4775ae x13:10001efc  PA:10001f04
21057244ns          361040 1c009e5a 80f67643 fmadd.s          f12, f12, f15, f16  f12=xxxxxxxx f12:3f13ce68 f15:3ed6656c f16:bf4775ae
21057263ns          361041 1c009e5e 00c6a423 sw               x12, 8(x13)         x12:bf099121 x13:10001efc  PA:10001f04
21057283ns          361042 1c009e60 fc48b9e3 p.bneimm         x17, -46            x17:00000004
21057303ns          361043 1c009e64 00c6a803 lw               x16, 12(x13)        x16=bef5f683 x13:10001efc  PA:10001f08
21057323ns          361044 1c009e68 00c52603 lw               x12, 12(x10)        x12=3ecebe46 x10:10001ec0  PA:10001ecc
21057343ns          361045 1c009e6a 01468693 addi             x13, x13, 20        x13=10001f10 x13:10001efc
21057363ns          361046 1c009e6c 80f677c3 fmadd.s          f15, f12, f15, f16  f15=xxxxxxxx f12:3ecebe46 f15:3ed6656c f16:bef5f683
21057383ns          361047 1c009e70 fef6ac23 sw               x15, -8(x13)        x15:be9f6408 x13:10001f10  PA:10001f08
21057403ns          361048 1c009e74 fff70713 addi             x14, x14, -1        x14=00000001 x14:00000002
21057423ns          361049 1c009e76 f80710e3 bne              x14, x0, -128       x14:00000001
21057482ns          361052 1c009df6 00052603 lw               x12, 0(x10)         x12=3fd87f15 x10:10001ec0  PA:10001ec0
21057502ns          361053 1c009df8 0006a803 lw               x16, 0(x13)         x16=00000000 x13:10001f10  PA:10001f10
21057522ns          361054 1c009dfc 0046a283 lw               x5, 4(x13)           x5=bf1cc85a x13:10001f10  PA:10001f14
21057542ns          361055 1c009e00 310673c3 fmadd.s          f7, f12, f16, f6     f7=xxxxxxxx f12:3fd87f15 f16:00000000  f6:00000000
21057562ns          361056 1c009e04 00452783 lw               x15, 4(x10)         x15=3e23cfe4 x10:10001ec0  PA:10001ec4
21057602ns          361058 1c009e06 3857f7c3 fmadd.s          f15, f15, f5, f7    f15=xxxxxxxx f15:3e23cfe4  f5:bf1cc85a  f7:00000000
21057622ns          361059 1c009e0a 0028ae63 p.beqimm         x17, 28             x17:00000004
21057641ns          361060 1c009e0e 0086a383 lw               x7, 8(x13)           x7=be24902e x13:10001f10  PA:10001f18
21057661ns          361061 1c009e12 00852403 lw               x8, 8(x10)           x8=3f13ce68 x10:10001ec0  PA:10001ec8
21057701ns          361063 1c009e14 787477c3 fmadd.s          f15, f8, f7, f15    f15=xxxxxxxx  f8:3f13ce68  f7:be24902e f15:bdc8a5c6
21057721ns          361064 1c009e18 0048b763 p.bneimm         x17, 14             x17:00000004
21057741ns          361065 1c009e1c 00c52403 lw               x8, 12(x10)          x8=3ecebe46 x10:10001ec0  PA:10001ecc
21057761ns          361066 1c009e1e 00c6a383 lw               x7, 12(x13)          x7=3f4625e6 x13:10001f10  PA:10001f1c
21057801ns          361068 1c009e22 787477c3 fmadd.s          f15, f8, f7, f15    f15=xxxxxxxx  f8:3ecebe46  f7:3f4625e6 f15:be43565c
21057820ns          361069 1c009e26 18c7f7d3 fdiv.s           f15, f15, f12       f15=xxxxxxxx f15:3df96a5e f12:3fd87f15
21058099ns          361083 1c009e2a a067a3d3 feq.s            x7, f15, f6          x7=00000000 f15:3d93767f  f6:00000000
21058119ns          361084 1c009e2e 00038763 beq              x7, x0, 14           x7:00000000
21058178ns          361087 1c009e3c 20f797d3 fsgnjn.s         f15, f15, f15       f15=xxxxxxxx f15:3d93767f f15:3d93767f
21058198ns          361088 1c009e40 80f67643 fmadd.s          f12, f12, f15, f16  f12=xxxxxxxx f12:3fd87f15 f15:bd93767f f16:00000000
21058218ns          361089 1c009e44 00c6a023 sw               x12, 0(x13)         x12:bdf96a5e x13:10001f10  PA:10001f10
21058238ns          361090 1c009e46 00452603 lw               x12, 4(x10)         x12=3e23cfe4 x10:10001ec0  PA:10001ec4
21058278ns          361092 1c009e48 28f672c3 fmadd.s          f5, f12, f15, f5     f5=xxxxxxxx f12:3e23cfe4 f15:bd93767f  f5:bf1cc85a
21058298ns          361093 1c009e4c 0056a223 sw               x5, 4(x13)           x5:bf1fbb3c x13:10001f10  PA:10001f14
21058318ns          361094 1c009e50 fe28a1e3 p.beqimm         x17, -30            x17:00000004
21058338ns          361095 1c009e54 00852603 lw               x12, 8(x10)         x12=3f13ce68 x10:10001ec0  PA:10001ec8
21058357ns          361096 1c009e56 0086a803 lw               x16, 8(x13)         x16=be24902e x13:10001f10  PA:10001f18
21058397ns          361098 1c009e5a 80f67643 fmadd.s          f12, f12, f15, f16  f12=xxxxxxxx f12:3f13ce68 f15:bd93767f f16:be24902e
21058417ns          361099 1c009e5e 00c6a423 sw               x12, 8(x13)         x12:be4f2226 x13:10001f10  PA:10001f18
21058437ns          361100 1c009e60 fc48b9e3 p.bneimm         x17, -46            x17:00000004
21058457ns          361101 1c009e64 00c6a803 lw               x16, 12(x13)        x16=3f4625e6 x13:10001f10  PA:10001f1c
21058477ns          361102 1c009e68 00c52603 lw               x12, 12(x10)        x12=3ecebe46 x10:10001ec0  PA:10001ecc
21058497ns          361103 1c009e6a 01468693 addi             x13, x13, 20        x13=10001f24 x13:10001f10
21058517ns          361104 1c009e6c 80f677c3 fmadd.s          f15, f12, f15, f16  f15=xxxxxxxx f12:3ecebe46 f15:bd93767f f16:3f4625e6
21058536ns          361105 1c009e70 fef6ac23 sw               x15, -8(x13)        x15:3f3eb477 x13:10001f24  PA:10001f1c
21058556ns          361106 1c009e74 fff70713 addi             x14, x14, -1        x14=00000000 x14:00000001
21058576ns          361107 1c009e76 f80710e3 bne              x14, x0, -128       x14:00000000
21058596ns          361108 1c009e78 9f1fe06f jal              x0, -5648          
21058636ns          361110 1c008868 fec58593 addi             x11, x11, -20       x11=10001ebc x11:10001ed0
21058656ns          361111 1c00886a fe850513 addi             x10, x10, -24       x10=10001ea8 x10:10001ec0
21058676ns          361112 1c00886c 0005a023 sw               x0, 0(x11)          x11:10001ebc  PA:10001ebc
21058696ns          361113 1c008870 0005a223 sw               x0, 4(x11)          x11:10001ebc  PA:10001ec0
21058716ns          361114 1c008874 0005a423 sw               x0, 8(x11)          x11:10001ebc  PA:10001ec4
21058735ns          361115 1c008878 0005a623 sw               x0, 12(x11)         x11:10001ebc  PA:10001ec8
21058755ns          361116 1c00887c 0005a823 sw               x0, 16(x11)         x11:10001ebc  PA:10001ecc
21058775ns          361117 1c008880 00188893 addi             x17, x17, 1         x17=00000005 x17:00000004
21058795ns          361118 1c008882 01e52a23 sw               x30, 20(x10)        x30:3f800000 x10:10001ea8  PA:10001ebc
21058815ns          361119 1c008886 ffce0e13 addi             x28, x28, -4        x28=10001dd4 x28:10001dd8
21058835ns          361120 1c008888 fc58b7e3 p.bneimm         x17, -50            x17:00000005
21058855ns          361121 1c00888c 014d0613 addi             x12, x26, 20        x12=10001ed0 x26:10001ebc
21058875ns          361122 1c008890 02c10813 addi             x16, x2, 44         x16=10001dc4  x2:10001d98
21058895ns          361123 1c008894 00000593 addi             x11, x0, 0          x11=00000000
21058914ns          361124 1c008896 00000893 addi             x17, x0, 0          x17=00000000
21058934ns          361125 1c00889a 00500513 addi             x10, x0, 5          x10=00000005
21058954ns          361126 1c00889c 015540fb lp.setup         0x1, x10, 0x15      x10:00000005
21058974ns          361127 1c0088a0 0048270b p.lw             x14, 4(x16!)        x14=c19e8c36 x16=10001dc8 x16:10001dc4  PA:10001dc4
21058994ns          361128 1c0088a4 0049278b p.lw             x15, 4(x18!)        x15=41ceedf5 x18=10001ddc x18:10001dd8  PA:10001dd8
21059014ns          361129 1c0088a8 a11726d3 feq.s            x13, f14, f17       x13=00000000 f14:c19e8c36 f17:00000000
21059034ns          361130 1c0088ac 70068263 beq              x13, x0, 1796       x13:00000000
21059173ns          361137 1c008fb0 a11716d3 flt.s            x13, f14, f17       x13=00000001 f14:c19e8c36 f17:00000000
21059213ns          361139 1c008fb4 00068363 beq              x13, x0, 6          x13:00000001
21059233ns          361140 1c008fb6 0c60106f jal              x0, 4294           
21059670ns          361162 1c00a07c 20e716d3 fsgnjn.s         f13, f14, f14       f13=xxxxxxxx f14:c19e8c36 f14:c19e8c36
21060227ns          361190 1c00a080 f3dfe06f jal              x0, -4292          
21060267ns          361192 1c008fbc fed82e23 sw               x13, -4(x16)        x13:419e8c36 x16:10001dc8  PA:10001dc4
21060327ns          361195 1c008fc0 18d77753 fdiv.s           f14, f14, f13       f14=xxxxxxxx f14:c19e8c36 f13:419e8c36
21061262ns          361242 1c008fc4 0045a463 p.beqimm         x11, 8              x11:00000000
21061281ns          361243 1c008fc8 18e7f7d3 fdiv.s           f15, f15, f14       f15=xxxxxxxx f15:41ceedf5 f14:bf800000  PA:10001f20
21062097ns          361284 1c008fcc 000eaf83 lw               x31, 0(x29)         x31=xxxxxxxx x29:10001f20  PA:10001f24
21062117ns          361285 1c008fd0 004eaf03 lw               x30, 4(x29)         x30=xxxxxxxx x29:10001f20  PA:10001f28
21062137ns          361286 1c008fd4 008eae03 lw               x28, 8(x29)         x28=xxxxxxxx x29:10001f20  PA:10001f2c
21062157ns          361287 1c008fd8 00cea303 lw               x6, 12(x29)          x6=xxxxxxxx x29:10001f20  PA:10001f30
21062177ns          361288 1c008fdc 010ea683 lw               x13, 16(x29)        x13=xxxxxxxx x29:10001f20
21062216ns          361290 1c008fe0 10efffd3 fmul.s           f31, f31, f14       f31=xxxxxxxx f31:bf45939a f14:bf800000
21062395ns          361299 1c008fe4 10ef7f53 fmul.s           f30, f30, f14       f30=xxxxxxxx f30:bdda8fd7 f14:bf800000
21062415ns          361300 1c008fe8 10ee7e53 fmul.s           f28, f28, f14       f28=xxxxxxxx f28:bc56ac76 f14:bf800000
21062435ns          361301 1c008fec 10e37353 fmul.s           f6, f6, f14          f6=xxxxxxxx  f6:bf0069b6 f14:bf800000
21062455ns          361302 1c008ff0 10e6f753 fmul.s           f14, f13, f14       f14=xxxxxxxx f13:bec05fcc f14:bf800000
21062475ns          361303 1c008ff4 01fea023 sw               x31, 0(x29)         x31:3f45939a x29:10001f20  PA:10001f20
21062495ns          361304 1c008ff8 01eea223 sw               x30, 4(x29)         x30:3dda8fd7 x29:10001f20  PA:10001f24
21062515ns          361305 1c008ffc 01cea423 sw               x28, 8(x29)         x28:3c56ac76 x29:10001f20  PA:10001f28
21062893ns          361324 1c009000 006ea623 sw               x6, 12(x29)          x6:3f0069b6 x29:10001f20  PA:10001f2c
21062932ns          361326 1c009004 00eea823 sw               x14, 16(x29)        x14:3ec05fcc x29:10001f20  PA:10001f30
21062952ns          361327 1c009008 8a9ff06f jal              x0, -1880          
21063032ns          361331 1c0088b0 0045a763 p.beqimm         x11, 14             x11:00000000
21063072ns          361333 1c0088b4 a117a753 feq.s            x14, f15, f17       x14=00000000 f15:c1ceedf5 f17:00000000
21063091ns          361334 1c0088b8 00071363 bne              x14, x0, 6          x14:00000000
21063111ns          361335 1c0088ba 2e40106f jal              x0, 4836           
21064484ns          361404 1c009b9e a1179753 flt.s            x14, f15, f17       x14=00000001 f15:c1ceedf5 f17:00000000
21064504ns          361405 1c009ba2 00f002b3 add              x5, x0, x15          x5=c1ceedf5 x15:c1ceedf5
21064524ns          361406 1c009ba4 00070363 beq              x14, x0, 6          x14:00000001
21064544ns          361407 1c009ba6 20f792d3 fsgnjn.s         f5, f15, f15         f5=xxxxxxxx f15:c1ceedf5 f15:c1ceedf5
21064563ns          361408 1c009baa 00082f83 lw               x31, 0(x16)         x31=41bd8c50 x16:10001dc8  PA:10001dc8
21064981ns          361429 1c009bae 00062f03 lw               x30, 0(x12)         x30=00000000 x12:10001ed0  PA:10001ed0
21065021ns          361431 1c009bb2 00462e03 lw               x28, 4(x12)         x28=bf30fe2a x12:10001ed0  PA:10001ed4
21065041ns          361432 1c009bb6 00862303 lw               x6, 8(x12)           x6=be23cfe4 x12:10001ed0  PA:10001ed8
21065061ns          361433 1c009bba 00c62683 lw               x13, 12(x12)        x13=bf13ce68 x12:10001ed0  PA:10001edc
21065081ns          361434 1c009bbc 01062703 lw               x14, 16(x12)        x14=becebe46 x12:10001ed0  PA:10001ee0
21065498ns          361455 1c009bbe 18f2f7d3 fdiv.s           f15, f5, f15        f15=xxxxxxxx  f5:41ceedf5 f15:c1ceedf5
21066552ns          361508 1c009bc2 10ffffd3 fmul.s           f31, f31, f15       f31=xxxxxxxx f31:41bd8c50 f15:bf800000
21066572ns          361509 1c009bc6 10ff7f53 fmul.s           f30, f30, f15       f30=xxxxxxxx f30:00000000 f15:bf800000
21066592ns          361510 1c009bca 10fe7e53 fmul.s           f28, f28, f15       f28=xxxxxxxx f28:bf30fe2a f15:bf800000
21066652ns          361513 1c009bce 10f37353 fmul.s           f6, f6, f15          f6=xxxxxxxx  f6:be23cfe4 f15:bf800000
21066692ns          361515 1c009bd2 10f6f6d3 fmul.s           f13, f13, f15       f13=xxxxxxxx f13:bf13ce68 f15:bf800000
21066712ns          361516 1c009bd6 10f777d3 fmul.s           f15, f14, f15       f15=xxxxxxxx f14:becebe46 f15:bf800000
21066731ns          361517 1c009bda 01f82023 sw               x31, 0(x16)         x31:c1bd8c50 x16:10001dc8  PA:10001dc8
21066811ns          361521 1c009bde 01e62023 sw               x30, 0(x12)         x30:80000000 x12:10001ed0  PA:10001ed0
21066831ns          361522 1c009be2 00f62823 sw               x15, 16(x12)        x15:3ecebe46 x12:10001ed0  PA:10001ee0
21066851ns          361523 1c009be4 01c62223 sw               x28, 4(x12)         x28:3f30fe2a x12:10001ed0  PA:10001ed4
21066871ns          361524 1c009be8 00662423 sw               x6, 8(x12)           x6:3e23cfe4 x12:10001ed0  PA:10001ed8
21066891ns          361525 1c009bec 00d62623 sw               x13, 12(x12)        x13:3f13ce68 x12:10001ed0  PA:10001edc
21066911ns          361526 1c009bee 005007b3 add              x15, x0, x5         x15=41ceedf5  x5:41ceedf5
21067328ns          361547 1c009bf0 ccffe06f jal              x0, -4914          
21067448ns          361553 1c0088be fef92e23 sw               x15, -4(x18)        x15:41ceedf5 x18:10001ddc  PA:10001dd8
21067467ns          361554 1c0088c2 00158593 addi             x11, x11, 1         x11=00000001 x11:00000000
21067487ns          361555 1c0088c4 01460613 addi             x12, x12, 20        x12=10001ee4 x12:10001ed0
21067507ns          361556 1c0088c6 014e8e93 addi             x29, x29, 20        x29=10001f34 x29:10001f20
21067567ns          361559 1c0088a0 0048270b p.lw             x14, 4(x16!)        x14=c1bd8c50 x16=10001dcc x16:10001dc8  PA:10001dc8
21067607ns          361561 1c0088a4 0049278b p.lw             x15, 4(x18!)        x15=410ca8f0 x18=10001de0 x18:10001ddc  PA:10001ddc
21067627ns          361562 1c0088a8 a11726d3 feq.s            x13, f14, f17       x13=00000000 f14:c1bd8c50 f17:00000000
21067646ns          361563 1c0088ac 70068263 beq              x13, x0, 1796       x13:00000000
21067706ns          361566 1c008fb0 a11716d3 flt.s            x13, f14, f17       x13=00000001 f14:c1bd8c50 f17:00000000
21067726ns          361567 1c008fb4 00068363 beq              x13, x0, 6          x13:00000001
21067746ns          361568 1c008fb6 0c60106f jal              x0, 4294           
21067786ns          361570 1c00a07c 20e716d3 fsgnjn.s         f13, f14, f14       f13=xxxxxxxx f14:c1bd8c50 f14:c1bd8c50
21067806ns          361571 1c00a080 f3dfe06f jal              x0, -4292          
21067845ns          361573 1c008fbc fed82e23 sw               x13, -4(x16)        x13:41bd8c50 x16:10001dcc  PA:10001dc8
21067905ns          361576 1c008fc0 18d77753 fdiv.s           f14, f14, f13       f14=xxxxxxxx f14:c1bd8c50 f13:41bd8c50
21068840ns          361623 1c008fc4 0045a463 p.beqimm         x11, 8              x11:00000001
21068860ns          361624 1c008fc8 18e7f7d3 fdiv.s           f15, f15, f14       f15=xxxxxxxx f15:410ca8f0 f14:bf800000  PA:10001f34
21069118ns          361637 1c008fcc 000eaf83 lw               x31, 0(x29)         x31=xxxxxxxx x29:10001f34  PA:10001f38
21069138ns          361638 1c008fd0 004eaf03 lw               x30, 4(x29)         x30=xxxxxxxx x29:10001f34  PA:10001f3c
21069158ns          361639 1c008fd4 008eae03 lw               x28, 8(x29)         x28=xxxxxxxx x29:10001f34  PA:10001f40
21069178ns          361640 1c008fd8 00cea303 lw               x6, 12(x29)          x6=xxxxxxxx x29:10001f34  PA:10001f44
21069198ns          361641 1c008fdc 010ea683 lw               x13, 16(x29)        x13=xxxxxxxx x29:10001f34
21069218ns          361642 1c008fe0 10efffd3 fmul.s           f31, f31, f14       f31=xxxxxxxx f31:3ed002c6 f14:bf800000
21069397ns          361651 1c008fe4 10ef7f53 fmul.s           f30, f30, f14       f30=xxxxxxxx f30:bf3dd903 f14:bf800000
21069417ns          361652 1c008fe8 10ee7e53 fmul.s           f28, f28, f14       f28=xxxxxxxx f28:beaf3d53 f14:bf800000
21069437ns          361653 1c008fec 10e37353 fmul.s           f6, f6, f14          f6=xxxxxxxx  f6:be3cbcd1 f14:bf800000
21069457ns          361654 1c008ff0 10e6f753 fmul.s           f14, f13, f14       f14=xxxxxxxx f13:bebb547d f14:bf800000
21069476ns          361655 1c008ff4 01fea023 sw               x31, 0(x29)         x31:bed002c6 x29:10001f34  PA:10001f34
21069496ns          361656 1c008ff8 01eea223 sw               x30, 4(x29)         x30:3f3dd903 x29:10001f34  PA:10001f38
21069516ns          361657 1c008ffc 01cea423 sw               x28, 8(x29)         x28:3eaf3d53 x29:10001f34  PA:10001f3c
21069536ns          361658 1c009000 006ea623 sw               x6, 12(x29)          x6:3e3cbcd1 x29:10001f34  PA:10001f40
21069556ns          361659 1c009004 00eea823 sw               x14, 16(x29)        x14:3ebb547d x29:10001f34  PA:10001f44
21069576ns          361660 1c009008 8a9ff06f jal              x0, -1880          
21069675ns          361665 1c0088b0 0045a763 p.beqimm         x11, 14             x11:00000001
21069695ns          361666 1c0088b4 a117a753 feq.s            x14, f15, f17       x14=00000000 f15:c10ca8f0 f17:00000000
21069715ns          361667 1c0088b8 00071363 bne              x14, x0, 6          x14:00000000
21069735ns          361668 1c0088ba 2e40106f jal              x0, 4836           
21069834ns          361673 1c009b9e a1179753 flt.s            x14, f15, f17       x14=00000001 f15:c10ca8f0 f17:00000000
21069854ns          361674 1c009ba2 00f002b3 add              x5, x0, x15          x5=c10ca8f0 x15:c10ca8f0
21069874ns          361675 1c009ba4 00070363 beq              x14, x0, 6          x14:00000001
21069894ns          361676 1c009ba6 20f792d3 fsgnjn.s         f5, f15, f15         f5=xxxxxxxx f15:c10ca8f0 f15:c10ca8f0
21069914ns          361677 1c009baa 00082f83 lw               x31, 0(x16)         x31=415b00d9 x16:10001dcc  PA:10001dcc
21069934ns          361678 1c009bae 00062f03 lw               x30, 0(x12)         x30=00000000 x12:10001ee4  PA:10001ee4
21069954ns          361679 1c009bb2 00462e03 lw               x28, 4(x12)         x28=bd987c4f x12:10001ee4  PA:10001ee8
21069974ns          361680 1c009bb6 00862303 lw               x6, 8(x12)           x6=bf2ff39d x12:10001ee4  PA:10001eec
21069994ns          361681 1c009bba 00c62683 lw               x13, 12(x12)        x13=3f149a9d x12:10001ee4  PA:10001ef0
21070013ns          361682 1c009bbc 01062703 lw               x14, 16(x12)        x14=bedc4722 x12:10001ee4  PA:10001ef4
21070033ns          361683 1c009bbe 18f2f7d3 fdiv.s           f15, f5, f15        f15=xxxxxxxx  f5:410ca8f0 f15:c10ca8f0
21070491ns          361706 1c009bc2 10ffffd3 fmul.s           f31, f31, f15       f31=xxxxxxxx f31:415b00d9 f15:bf800000
21070511ns          361707 1c009bc6 10ff7f53 fmul.s           f30, f30, f15       f30=xxxxxxxx f30:00000000 f15:bf800000
21070531ns          361708 1c009bca 10fe7e53 fmul.s           f28, f28, f15       f28=xxxxxxxx f28:bd987c4f f15:bf800000
21070551ns          361709 1c009bce 10f37353 fmul.s           f6, f6, f15          f6=xxxxxxxx  f6:bf2ff39d f15:bf800000
21070570ns          361710 1c009bd2 10f6f6d3 fmul.s           f13, f13, f15       f13=xxxxxxxx f13:3f149a9d f15:bf800000
21070590ns          361711 1c009bd6 10f777d3 fmul.s           f15, f14, f15       f15=xxxxxxxx f14:bedc4722 f15:bf800000
21070610ns          361712 1c009bda 01f82023 sw               x31, 0(x16)         x31:c15b00d9 x16:10001dcc  PA:10001dcc
21070630ns          361713 1c009bde 01e62023 sw               x30, 0(x12)         x30:80000000 x12:10001ee4  PA:10001ee4
21070650ns          361714 1c009be2 00f62823 sw               x15, 16(x12)        x15:3edc4722 x12:10001ee4  PA:10001ef4
21070670ns          361715 1c009be4 01c62223 sw               x28, 4(x12)         x28:3d987c4f x12:10001ee4  PA:10001ee8
21070690ns          361716 1c009be8 00662423 sw               x6, 8(x12)           x6:3f2ff39d x12:10001ee4  PA:10001eec
21070710ns          361717 1c009bec 00d62623 sw               x13, 12(x12)        x13:bf149a9d x12:10001ee4  PA:10001ef0
21070730ns          361718 1c009bee 005007b3 add              x15, x0, x5         x15=410ca8f0  x5:410ca8f0
21070749ns          361719 1c009bf0 ccffe06f jal              x0, -4914          
21070809ns          361722 1c0088be fef92e23 sw               x15, -4(x18)        x15:410ca8f0 x18:10001de0  PA:10001ddc
21070829ns          361723 1c0088c2 00158593 addi             x11, x11, 1         x11=00000002 x11:00000001
21070849ns          361724 1c0088c4 01460613 addi             x12, x12, 20        x12=10001ef8 x12:10001ee4
21070869ns          361725 1c0088c6 014e8e93 addi             x29, x29, 20        x29=10001f48 x29:10001f34
21070889ns          361726 1c0088a0 0048270b p.lw             x14, 4(x16!)        x14=c15b00d9 x16=10001dd0 x16:10001dcc  PA:10001dcc
21070928ns          361728 1c0088a4 0049278b p.lw             x15, 4(x18!)        x15=c054bfd3 x18=10001de4 x18:10001de0  PA:10001de0
21070948ns          361729 1c0088a8 a11726d3 feq.s            x13, f14, f17       x13=00000000 f14:c15b00d9 f17:00000000
21070968ns          361730 1c0088ac 70068263 beq              x13, x0, 1796       x13:00000000
21071028ns          361733 1c008fb0 a11716d3 flt.s            x13, f14, f17       x13=00000001 f14:c15b00d9 f17:00000000
21071048ns          361734 1c008fb4 00068363 beq              x13, x0, 6          x13:00000001
21071068ns          361735 1c008fb6 0c60106f jal              x0, 4294           
21071107ns          361737 1c00a07c 20e716d3 fsgnjn.s         f13, f14, f14       f13=xxxxxxxx f14:c15b00d9 f14:c15b00d9
21071127ns          361738 1c00a080 f3dfe06f jal              x0, -4292          
21071167ns          361740 1c008fbc fed82e23 sw               x13, -4(x16)        x13:415b00d9 x16:10001dd0  PA:10001dcc
21071187ns          361741 1c008fc0 18d77753 fdiv.s           f14, f14, f13       f14=xxxxxxxx f14:c15b00d9 f13:415b00d9
21071903ns          361777 1c008fc4 0045a463 p.beqimm         x11, 8              x11:00000002
21072162ns          361790 1c008fc8 18e7f7d3 fdiv.s           f15, f15, f14       f15=xxxxxxxx f15:c054bfd3 f14:bf800000  PA:10001f48
21073017ns          361833 1c008fcc 000eaf83 lw               x31, 0(x29)         x31=xxxxxxxx x29:10001f48  PA:10001f4c
21073037ns          361834 1c008fd0 004eaf03 lw               x30, 4(x29)         x30=xxxxxxxx x29:10001f48  PA:10001f50
21073057ns          361835 1c008fd4 008eae03 lw               x28, 8(x29)         x28=xxxxxxxx x29:10001f48  PA:10001f54
21073077ns          361836 1c008fd8 00cea303 lw               x6, 12(x29)          x6=xxxxxxxx x29:10001f48  PA:10001f58
21073097ns          361837 1c008fdc 010ea683 lw               x13, 16(x29)        x13=xxxxxxxx x29:10001f48
21073116ns          361838 1c008fe0 10efffd3 fmul.s           f31, f31, f14       f31=xxxxxxxx f31:bee27546 f14:bf800000
21073295ns          361847 1c008fe4 10ef7f53 fmul.s           f30, f30, f14       f30=xxxxxxxx f30:be4bf368 f14:bf800000
21073315ns          361848 1c008fe8 10ee7e53 fmul.s           f28, f28, f14       f28=xxxxxxxx f28:bf066a0e f14:bf800000
21073335ns          361849 1c008fec 10e37353 fmul.s           f6, f6, f14          f6=xxxxxxxx  f6:3f328417 f14:bf800000
21073355ns          361850 1c008ff0 10e6f753 fmul.s           f14, f13, f14       f14=xxxxxxxx f13:3d56d526 f14:bf800000
21073375ns          361851 1c008ff4 01fea023 sw               x31, 0(x29)         x31:3ee27546 x29:10001f48  PA:10001f48
21073395ns          361852 1c008ff8 01eea223 sw               x30, 4(x29)         x30:3e4bf368 x29:10001f48  PA:10001f4c
21073415ns          361853 1c008ffc 01cea423 sw               x28, 8(x29)         x28:3f066a0e x29:10001f48  PA:10001f50
21073435ns          361854 1c009000 006ea623 sw               x6, 12(x29)          x6:bf328417 x29:10001f48  PA:10001f54
21073455ns          361855 1c009004 00eea823 sw               x14, 16(x29)        x14:bd56d526 x29:10001f48  PA:10001f58
21073474ns          361856 1c009008 8a9ff06f jal              x0, -1880          
21073514ns          361858 1c0088b0 0045a763 p.beqimm         x11, 14             x11:00000002
21073534ns          361859 1c0088b4 a117a753 feq.s            x14, f15, f17       x14=00000000 f15:4054bfd3 f17:00000000
21073554ns          361860 1c0088b8 00071363 bne              x14, x0, 6          x14:00000000
21073574ns          361861 1c0088ba 2e40106f jal              x0, 4836           
21073634ns          361864 1c009b9e a1179753 flt.s            x14, f15, f17       x14=00000000 f15:4054bfd3 f17:00000000
21073653ns          361865 1c009ba2 00f002b3 add              x5, x0, x15          x5=4054bfd3 x15:4054bfd3
21073673ns          361866 1c009ba4 00070363 beq              x14, x0, 6          x14:00000000
21073753ns          361870 1c009baa 00082f83 lw               x31, 0(x16)         x31=410bf236 x16:10001dd0  PA:10001dd0
21073773ns          361871 1c009bae 00062f03 lw               x30, 0(x12)         x30=00000000 x12:10001ef8  PA:10001ef8
21073793ns          361872 1c009bb2 00462e03 lw               x28, 4(x12)         x28=3f355001 x12:10001ef8  PA:10001efc
21073813ns          361873 1c009bb6 00862303 lw               x6, 8(x12)           x6=beabe186 x12:10001ef8  PA:10001f00
21073832ns          361874 1c009bba 00c62683 lw               x13, 12(x12)        x13=bf099121 x12:10001ef8  PA:10001f04
21073852ns          361875 1c009bbc 01062703 lw               x14, 16(x12)        x14=be9f6408 x12:10001ef8  PA:10001f08
21073872ns          361876 1c009bbe 18f2f7d3 fdiv.s           f15, f5, f15        f15=xxxxxxxx  f5:4054bfd3 f15:4054bfd3
21074389ns          361902 1c009bc2 10ffffd3 fmul.s           f31, f31, f15       f31=xxxxxxxx f31:410bf236 f15:3f800000
21074409ns          361903 1c009bc6 10ff7f53 fmul.s           f30, f30, f15       f30=xxxxxxxx f30:00000000 f15:3f800000
21074429ns          361904 1c009bca 10fe7e53 fmul.s           f28, f28, f15       f28=xxxxxxxx f28:3f355001 f15:3f800000
21074449ns          361905 1c009bce 10f37353 fmul.s           f6, f6, f15          f6=xxxxxxxx  f6:beabe186 f15:3f800000
21074469ns          361906 1c009bd2 10f6f6d3 fmul.s           f13, f13, f15       f13=xxxxxxxx f13:bf099121 f15:3f800000
21074489ns          361907 1c009bd6 10f777d3 fmul.s           f15, f14, f15       f15=xxxxxxxx f14:be9f6408 f15:3f800000
21074509ns          361908 1c009bda 01f82023 sw               x31, 0(x16)         x31:410bf236 x16:10001dd0  PA:10001dd0
21074549ns          361910 1c009bde 01e62023 sw               x30, 0(x12)         x30:00000000 x12:10001ef8  PA:10001ef8
21074568ns          361911 1c009be2 00f62823 sw               x15, 16(x12)        x15:be9f6408 x12:10001ef8  PA:10001f08
21074588ns          361912 1c009be4 01c62223 sw               x28, 4(x12)         x28:3f355001 x12:10001ef8  PA:10001efc
21074608ns          361913 1c009be8 00662423 sw               x6, 8(x12)           x6:beabe186 x12:10001ef8  PA:10001f00
21074628ns          361914 1c009bec 00d62623 sw               x13, 12(x12)        x13:bf099121 x12:10001ef8  PA:10001f04
21074648ns          361915 1c009bee 005007b3 add              x15, x0, x5         x15=4054bfd3  x5:4054bfd3
21074668ns          361916 1c009bf0 ccffe06f jal              x0, -4914          
21074728ns          361919 1c0088be fef92e23 sw               x15, -4(x18)        x15:4054bfd3 x18:10001de4  PA:10001de0
21074747ns          361920 1c0088c2 00158593 addi             x11, x11, 1         x11=00000003 x11:00000002
21074767ns          361921 1c0088c4 01460613 addi             x12, x12, 20        x12=10001f0c x12:10001ef8
21074787ns          361922 1c0088c6 014e8e93 addi             x29, x29, 20        x29=10001f5c x29:10001f48
21074807ns          361923 1c0088a0 0048270b p.lw             x14, 4(x16!)        x14=410bf236 x16=10001dd4 x16:10001dd0  PA:10001dd0
21074827ns          361924 1c0088a4 0049278b p.lw             x15, 4(x18!)        x15=c0a89541 x18=10001de8 x18:10001de4  PA:10001de4
21074847ns          361925 1c0088a8 a11726d3 feq.s            x13, f14, f17       x13=00000000 f14:410bf236 f17:00000000
21074867ns          361926 1c0088ac 70068263 beq              x13, x0, 1796       x13:00000000
21074926ns          361929 1c008fb0 a11716d3 flt.s            x13, f14, f17       x13=00000000 f14:410bf236 f17:00000000
21074946ns          361930 1c008fb4 00068363 beq              x13, x0, 6          x13:00000000
21075006ns          361933 1c008fba 00e006b3 add              x13, x0, x14        x13=410bf236 x14:410bf236
21075026ns          361934 1c008fbc fed82e23 sw               x13, -4(x16)        x13:410bf236 x16:10001dd4  PA:10001dd0
21075046ns          361935 1c008fc0 18d77753 fdiv.s           f14, f14, f13       f14=xxxxxxxx f14:410bf236 f13:410bf236
21075245ns          361945 1c008fc4 0045a463 p.beqimm         x11, 8              x11:00000003
21075503ns          361958 1c008fc8 18e7f7d3 fdiv.s           f15, f15, f14       f15=xxxxxxxx f15:c0a89541 f14:3f800000  PA:10001f5c
21076359ns          362001 1c008fcc 000eaf83 lw               x31, 0(x29)         x31=xxxxxxxx x29:10001f5c  PA:10001f60
21076378ns          362002 1c008fd0 004eaf03 lw               x30, 4(x29)         x30=xxxxxxxx x29:10001f5c  PA:10001f64
21076398ns          362003 1c008fd4 008eae03 lw               x28, 8(x29)         x28=xxxxxxxx x29:10001f5c  PA:10001f68
21076418ns          362004 1c008fd8 00cea303 lw               x6, 12(x29)          x6=xxxxxxxx x29:10001f5c  PA:10001f6c
21076438ns          362005 1c008fdc 010ea683 lw               x13, 16(x29)        x13=xxxxxxxx x29:10001f5c
21076458ns          362006 1c008fe0 10efffd3 fmul.s           f31, f31, f14       f31=xxxxxxxx f31:3e54a7a5 f14:3f800000
21076637ns          362015 1c008fe4 10ef7f53 fmul.s           f30, f30, f14       f30=xxxxxxxx f30:3f21aa40 f14:3f800000
21076657ns          362016 1c008fe8 10ee7e53 fmul.s           f28, f28, f14       f28=xxxxxxxx f28:bf0edb02 f14:3f800000
21076677ns          362017 1c008fec 10e37353 fmul.s           f6, f6, f14          f6=xxxxxxxx  f6:bd91a080 f14:3f800000
21076697ns          362018 1c008ff0 10e6f753 fmul.s           f14, f13, f14       f14=xxxxxxxx f13:befbac9c f14:3f800000
21076717ns          362019 1c008ff4 01fea023 sw               x31, 0(x29)         x31:3e54a7a5 x29:10001f5c  PA:10001f5c
21076737ns          362020 1c008ff8 01eea223 sw               x30, 4(x29)         x30:3f21aa40 x29:10001f5c  PA:10001f60
21076756ns          362021 1c008ffc 01cea423 sw               x28, 8(x29)         x28:bf0edb02 x29:10001f5c  PA:10001f64
21076776ns          362022 1c009000 006ea623 sw               x6, 12(x29)          x6:bd91a080 x29:10001f5c  PA:10001f68
21076796ns          362023 1c009004 00eea823 sw               x14, 16(x29)        x14:befbac9c x29:10001f5c  PA:10001f6c
21076816ns          362024 1c009008 8a9ff06f jal              x0, -1880          
21076856ns          362026 1c0088b0 0045a763 p.beqimm         x11, 14             x11:00000003
21076876ns          362027 1c0088b4 a117a753 feq.s            x14, f15, f17       x14=00000000 f15:c0a89541 f17:00000000
21076896ns          362028 1c0088b8 00071363 bne              x14, x0, 6          x14:00000000
21076916ns          362029 1c0088ba 2e40106f jal              x0, 4836           
21076975ns          362032 1c009b9e a1179753 flt.s            x14, f15, f17       x14=00000001 f15:c0a89541 f17:00000000
21076995ns          362033 1c009ba2 00f002b3 add              x5, x0, x15          x5=c0a89541 x15:c0a89541
21077015ns          362034 1c009ba4 00070363 beq              x14, x0, 6          x14:00000001
21077035ns          362035 1c009ba6 20f792d3 fsgnjn.s         f5, f15, f15         f5=xxxxxxxx f15:c0a89541 f15:c0a89541
21077055ns          362036 1c009baa 00082f83 lw               x31, 0(x16)         x31=xxxxxxxx x16:10001dd4  PA:10001dd4
21077075ns          362037 1c009bae 00062f03 lw               x30, 0(x12)         x30=xxxxxxxx x12:10001f0c  PA:10001f0c
21077095ns          362038 1c009bb2 00462e03 lw               x28, 4(x12)         x28=xxxxxxxx x12:10001f0c  PA:10001f10
21077114ns          362039 1c009bb6 00862303 lw               x6, 8(x12)           x6=xxxxxxxx x12:10001f0c  PA:10001f14
21077134ns          362040 1c009bba 00c62683 lw               x13, 12(x12)        x13=xxxxxxxx x12:10001f0c  PA:10001f18
21077154ns          362041 1c009bbc 01062703 lw               x14, 16(x12)        x14=xxxxxxxx x12:10001f0c  PA:10001f1c
21077174ns          362042 1c009bbe 18f2f7d3 fdiv.s           f15, f5, f15        f15=xxxxxxxx  f5:40a89541 f15:c0a89541
21077731ns          362070 1c009bc2 10ffffd3 fmul.s           f31, f31, f15       f31=xxxxxxxx f31:4127dc38 f15:bf800000
21077751ns          362071 1c009bc6 10ff7f53 fmul.s           f30, f30, f15       f30=xxxxxxxx f30:00000000 f15:bf800000
21077771ns          362072 1c009bca 10fe7e53 fmul.s           f28, f28, f15       f28=xxxxxxxx f28:bdf96a5e f15:bf800000
21077791ns          362073 1c009bce 10f37353 fmul.s           f6, f6, f15          f6=xxxxxxxx  f6:bf1fbb3c f15:bf800000
21077811ns          362074 1c009bd2 10f6f6d3 fmul.s           f13, f13, f15       f13=xxxxxxxx f13:be4f2226 f15:bf800000
21077831ns          362075 1c009bd6 10f777d3 fmul.s           f15, f14, f15       f15=xxxxxxxx f14:3f3eb477 f15:bf800000
21077850ns          362076 1c009bda 01f82023 sw               x31, 0(x16)         x31:c127dc38 x16:10001dd4  PA:10001dd4
21077890ns          362078 1c009bde 01e62023 sw               x30, 0(x12)         x30:80000000 x12:10001f0c  PA:10001f0c
21077910ns          362079 1c009be2 00f62823 sw               x15, 16(x12)        x15:bf3eb477 x12:10001f0c  PA:10001f1c
21077930ns          362080 1c009be4 01c62223 sw               x28, 4(x12)         x28:3df96a5e x12:10001f0c  PA:10001f10
21077950ns          362081 1c009be8 00662423 sw               x6, 8(x12)           x6:3f1fbb3c x12:10001f0c  PA:10001f14
21077970ns          362082 1c009bec 00d62623 sw               x13, 12(x12)        x13:3e4f2226 x12:10001f0c  PA:10001f18
21077990ns          362083 1c009bee 005007b3 add              x15, x0, x5         x15=40a89541  x5:40a89541
21078010ns          362084 1c009bf0 ccffe06f jal              x0, -4914          
21078069ns          362087 1c0088be fef92e23 sw               x15, -4(x18)        x15:40a89541 x18:10001de8  PA:10001de4
21078089ns          362088 1c0088c2 00158593 addi             x11, x11, 1         x11=00000004 x11:00000003
21078109ns          362089 1c0088c4 01460613 addi             x12, x12, 20        x12=10001f20 x12:10001f0c
21078129ns          362090 1c0088c6 014e8e93 addi             x29, x29, 20        x29=10001f70 x29:10001f5c
21078149ns          362091 1c0088a0 0048270b p.lw             x14, 4(x16!)        x14=c127dc38 x16=10001dd8 x16:10001dd4  PA:10001dd4
21078169ns          362092 1c0088a4 0049278b p.lw             x15, 4(x18!)        x15=00000000 x18=10001dec x18:10001de8  PA:10001de8
21078189ns          362093 1c0088a8 a11726d3 feq.s            x13, f14, f17       x13=00000000 f14:c127dc38 f17:00000000
21078208ns          362094 1c0088ac 70068263 beq              x13, x0, 1796       x13:00000000
21078268ns          362097 1c008fb0 a11716d3 flt.s            x13, f14, f17       x13=00000001 f14:c127dc38 f17:00000000
21078288ns          362098 1c008fb4 00068363 beq              x13, x0, 6          x13:00000001
21078308ns          362099 1c008fb6 0c60106f jal              x0, 4294           
21078348ns          362101 1c00a07c 20e716d3 fsgnjn.s         f13, f14, f14       f13=xxxxxxxx f14:c127dc38 f14:c127dc38
21078368ns          362102 1c00a080 f3dfe06f jal              x0, -4292          
21078407ns          362104 1c008fbc fed82e23 sw               x13, -4(x16)        x13:4127dc38 x16:10001dd8  PA:10001dd4
21078447ns          362106 1c008fc0 18d77753 fdiv.s           f14, f14, f13       f14=xxxxxxxx f14:c127dc38 f13:4127dc38
21078467ns          362107 1c008fc4 0045a463 p.beqimm         x11, 8              x11:00000004
21078745ns          362121 1c008fcc 000eaf83 lw               x31, 0(x29)         x31=bcbdc064 x29:10001f70  PA:10001f70
21078765ns          362122 1c008fd0 004eaf03 lw               x30, 4(x29)         x30=3c5eea16 x29:10001f70  PA:10001f74
21078785ns          362123 1c008fd4 008eae03 lw               x28, 8(x29)         x28=bf0b2f85 x29:10001f70  PA:10001f78
21078805ns          362124 1c008fd8 00cea303 lw               x6, 12(x29)          x6=bef1d47a x29:10001f70  PA:10001f7c
21078825ns          362125 1c008fdc 010ea683 lw               x13, 16(x29)        x13=3f317859 x29:10001f70  PA:10001f80
21078845ns          362126 1c008fe0 10efffd3 fmul.s           f31, f31, f14       f31=xxxxxxxx f31:bcbdc064 f14:bf800000
21078865ns          362127 1c008fe4 10ef7f53 fmul.s           f30, f30, f14       f30=xxxxxxxx f30:3c5eea16 f14:bf800000
21078885ns          362128 1c008fe8 10ee7e53 fmul.s           f28, f28, f14       f28=xxxxxxxx f28:bf0b2f85 f14:bf800000
21078905ns          362129 1c008fec 10e37353 fmul.s           f6, f6, f14          f6=xxxxxxxx  f6:bef1d47a f14:bf800000
21078925ns          362130 1c008ff0 10e6f753 fmul.s           f14, f13, f14       f14=xxxxxxxx f13:3f317859 f14:bf800000
21078944ns          362131 1c008ff4 01fea023 sw               x31, 0(x29)         x31:3cbdc064 x29:10001f70  PA:10001f70
21078964ns          362132 1c008ff8 01eea223 sw               x30, 4(x29)         x30:bc5eea16 x29:10001f70  PA:10001f74
21078984ns          362133 1c008ffc 01cea423 sw               x28, 8(x29)         x28:3f0b2f85 x29:10001f70  PA:10001f78
21079004ns          362134 1c009000 006ea623 sw               x6, 12(x29)          x6:3ef1d47a x29:10001f70  PA:10001f7c
21079024ns          362135 1c009004 00eea823 sw               x14, 16(x29)        x14:bf317859 x29:10001f70  PA:10001f80
21079044ns          362136 1c009008 8a9ff06f jal              x0, -1880          
21079084ns          362138 1c0088b0 0045a763 p.beqimm         x11, 14             x11:00000004
21079163ns          362142 1c0088be fef92e23 sw               x15, -4(x18)        x15:00000000 x18:10001dec  PA:10001de8
21079183ns          362143 1c0088c2 00158593 addi             x11, x11, 1         x11=00000005 x11:00000004
21079203ns          362144 1c0088c4 01460613 addi             x12, x12, 20        x12=10001f34 x12:10001f20
21079223ns          362145 1c0088c6 014e8e93 addi             x29, x29, 20        x29=10001f84 x29:10001f70
21079243ns          362146 1c0088c8 02c12483 lw               x9, 44(x2)           x9=419e8c36  x2:10001d98  PA:10001dc4
21079263ns          362147 1c0088ca 00000793 addi             x15, x0, 0          x15=00000000
21079283ns          362148 1c0088ce a0f497d3 flt.s            x15, f9, f15        x15=00000000  f9:419e8c36 f15:00000000
21079302ns          362149 1c0088d2 00912823 sw               x9, 16(x2)           x9:419e8c36  x2:10001d98  PA:10001da8
21079322ns          362150 1c0088d4 00078463 beq              x15, x0, 8          x15:00000000
21079382ns          362153 1c0088dc 04012783 lw               x15, 64(x2)         x15=41ceedf5  x2:10001d98  PA:10001dd8
21079442ns          362156 1c0088de 00000713 addi             x14, x0, 0          x14=00000000
21079481ns          362158 1c0088e2 a0e79753 flt.s            x14, f15, f14       x14=00000000 f15:41ceedf5 f14:00000000
21079501ns          362159 1c0088e6 00070363 beq              x14, x0, 6          x14:00000000
21079621ns          362165 1c0088ec 01012503 lw               x10, 16(x2)         x10=419e8c36  x2:10001d98  PA:10001da8
21079660ns          362167 1c0088ee a0a78753 fle.s            x14, f15, f10       x14=00000000 f15:41ceedf5 f10:419e8c36
21079680ns          362168 1c0088f2 00071663 bne              x14, x0, 12         x14:00000000
21079700ns          362169 1c0088f4 a0f7a753 feq.s            x14, f15, f15       x14=00000001 f15:41ceedf5 f15:41ceedf5
21079720ns          362170 1c0088f8 00070363 beq              x14, x0, 6          x14:00000001
21079740ns          362171 1c0088fa 0230106f jal              x0, 6178           
21080277ns          362198 1c00a11c 00f12823 sw               x15, 16(x2)         x15:41ceedf5  x2:10001d98  PA:10001da8
21080357ns          362202 1c00a11e fe0fe06f jal              x0, -6176          
21080396ns          362204 1c0088fe 01012583 lw               x11, 16(x2)         x11=41ceedf5  x2:10001d98  PA:10001da8
21080416ns          362205 1c008900 00000793 addi             x15, x0, 0          x15=00000000
21080436ns          362206 1c008904 a0f587d3 fle.s            x15, f11, f15       x15=00000000 f11:41ceedf5 f15:00000000
21080456ns          362207 1c008908 70079763 bne              x15, x0, 1806       x15:00000000
21080476ns          362208 1c00890c a0b5a7d3 feq.s            x15, f11, f11       x15=00000001 f11:41ceedf5 f11:41ceedf5
21080914ns          362230 1c008910 70078363 beq              x15, x0, 1798       x15:00000001
21080953ns          362232 1c008914 03012783 lw               x15, 48(x2)         x15=41bd8c50  x2:10001d98  PA:10001dc8
21080973ns          362233 1c008916 00000713 addi             x14, x0, 0          x14=00000000
21080993ns          362234 1c00891a a0e79753 flt.s            x14, f15, f14       x14=00000000 f15:41bd8c50 f14:00000000
21081013ns          362235 1c00891e 00070363 beq              x14, x0, 6          x14:00000000
21081490ns          362259 1c008924 04412703 lw               x14, 68(x2)         x14=410ca8f0  x2:10001d98  PA:10001ddc
21081510ns          362260 1c008926 00000693 addi             x13, x0, 0          x13=00000000
21081530ns          362261 1c00892a a0d716d3 flt.s            x13, f14, f13       x13=00000000 f14:410ca8f0 f13:00000000
21081550ns          362262 1c00892e 00068363 beq              x13, x0, 6          x13:00000000
21082008ns          362285 1c008934 a0f706d3 fle.s            x13, f14, f15       x13=00000001 f14:410ca8f0 f15:41bd8c50
21082027ns          362286 1c008938 00069663 bne              x13, x0, 12         x13:00000001
21082525ns          362311 1c008944 01012603 lw               x12, 16(x2)         x12=41ceedf5  x2:10001d98  PA:10001da8
21082565ns          362313 1c008946 a0c78753 fle.s            x14, f15, f12       x14=00000001 f15:41bd8c50 f12:41ceedf5
21082584ns          362314 1c00894a 00071663 bne              x14, x0, 12         x14:00000001
21083022ns          362336 1c008956 03412783 lw               x15, 52(x2)         x15=415b00d9  x2:10001d98  PA:10001dcc
21083042ns          362337 1c008958 00000713 addi             x14, x0, 0          x14=00000000
21083062ns          362338 1c00895c a0e79753 flt.s            x14, f15, f14       x14=00000000 f15:415b00d9 f14:00000000
21083519ns          362361 1c008960 00070363 beq              x14, x0, 6          x14:00000000
21083579ns          362364 1c008966 04812703 lw               x14, 72(x2)         x14=4054bfd3  x2:10001d98  PA:10001de0
21083599ns          362365 1c008968 00000693 addi             x13, x0, 0          x13=00000000
21083619ns          362366 1c00896c a0d716d3 flt.s            x13, f14, f13       x13=00000000 f14:4054bfd3 f13:00000000
21084056ns          362388 1c008970 00068363 beq              x13, x0, 6          x13:00000000
21084136ns          362392 1c008976 a0f706d3 fle.s            x13, f14, f15       x13=00000001 f14:4054bfd3 f15:415b00d9
21084156ns          362393 1c00897a 00069663 bne              x13, x0, 12         x13:00000001
21084653ns          362418 1c008986 01012683 lw               x13, 16(x2)         x13=41ceedf5  x2:10001d98  PA:10001da8
21084693ns          362420 1c008988 a0d78753 fle.s            x14, f15, f13       x14=00000001 f15:415b00d9 f13:41ceedf5
21084713ns          362421 1c00898c 00071663 bne              x14, x0, 12         x14:00000001
21085150ns          362443 1c008998 03812783 lw               x15, 56(x2)         x15=410bf236  x2:10001d98  PA:10001dd0
21085170ns          362444 1c00899a 00000713 addi             x14, x0, 0          x14=00000000
21085628ns          362467 1c00899e a0e79753 flt.s            x14, f15, f14       x14=00000000 f15:410bf236 f14:00000000
21085648ns          362468 1c0089a2 00070363 beq              x14, x0, 6          x14:00000000
21085707ns          362471 1c0089a8 04c12703 lw               x14, 76(x2)         x14=40a89541  x2:10001d98  PA:10001de4
21085727ns          362472 1c0089aa 00000693 addi             x13, x0, 0          x13=00000000
21086165ns          362494 1c0089ae a0d716d3 flt.s            x13, f14, f13       x13=00000000 f14:40a89541 f13:00000000
21086185ns          362495 1c0089b2 00068363 beq              x13, x0, 6          x13:00000000
21086244ns          362498 1c0089b8 a0f706d3 fle.s            x13, f14, f15       x13=00000001 f14:40a89541 f15:410bf236
21086264ns          362499 1c0089bc 00069663 bne              x13, x0, 12         x13:00000001
21086742ns          362523 1c0089c8 01012803 lw               x16, 16(x2)         x16=41ceedf5  x2:10001d98  PA:10001da8
21086781ns          362525 1c0089ca a1078753 fle.s            x14, f15, f16       x14=00000001 f15:410bf236 f16:41ceedf5
21086801ns          362526 1c0089ce 00071663 bne              x14, x0, 12         x14:00000001
21087239ns          362548 1c0089da 03c12783 lw               x15, 60(x2)         x15=4127dc38  x2:10001d98  PA:10001dd4
21087259ns          362549 1c0089dc 00000713 addi             x14, x0, 0          x14=00000000
21087716ns          362572 1c0089e0 a0e79753 flt.s            x14, f15, f14       x14=00000000 f15:4127dc38 f14:00000000
21087756ns          362574 1c0089e4 00070363 beq              x14, x0, 6          x14:00000000
21087816ns          362577 1c0089ea 05012703 lw               x14, 80(x2)         x14=00000000  x2:10001d98  PA:10001de8
21087836ns          362578 1c0089ec 00000693 addi             x13, x0, 0          x13=00000000
21088273ns          362600 1c0089f0 a0d716d3 flt.s            x13, f14, f13       x13=00000000 f14:00000000 f13:00000000
21088313ns          362602 1c0089f4 00068363 beq              x13, x0, 6          x13:00000000
21088393ns          362606 1c0089fa a0f706d3 fle.s            x13, f14, f15       x13=00000001 f14:00000000 f15:4127dc38
21088412ns          362607 1c0089fe 00069663 bne              x13, x0, 12         x13:00000001
21088870ns          362630 1c008a0a 01012883 lw               x17, 16(x2)         x17=41ceedf5  x2:10001d98  PA:10001da8
21088910ns          362632 1c008a0c a1178753 fle.s            x14, f15, f17       x14=00000001 f15:4127dc38 f17:41ceedf5
21089307ns          362652 1c008a10 00071663 bne              x14, x0, 12         x14:00000001
21089367ns          362655 1c008a1c 00c00993 addi             x19, x0, 12         x19=0000000c
21089387ns          362656 1c008a1e 00300d93 addi             x27, x0, 3          x27=00000003
21089845ns          362679 1c008a20 00012a23 sw               x0, 20(x2)           x2:10001d98  PA:10001dac
21089864ns          362680 1c008a22 01312423 sw               x19, 8(x2)          x19:0000000c  x2:10001d98  PA:10001da0
21089904ns          362682 1c008a24 00400c13 addi             x24, x0, 4          x24=00000004
21089924ns          362683 1c008a26 00812503 lw               x10, 8(x2)          x10=0000000c  x2:10001d98  PA:10001da0
21089944ns          362684 1c008a28 04010613 addi             x12, x2, 64         x12=10001dd8  x2:10001d98
21089964ns          362685 1c008a2a 01b509b3 add              x19, x10, x27       x19=0000000f x10:0000000c x27:00000003
21089984ns          362686 1c008a2e 02c10593 addi             x11, x2, 44         x11=10001dc4  x2:10001d98
21090362ns          362705 1c008a30 00a60633 add              x12, x12, x10       x12=10001de4 x12:10001dd8 x10:0000000c
21090401ns          362707 1c008a32 002d8693 addi             x13, x27, 2         x13=00000005 x27:00000003
21090421ns          362708 1c008a36 1c000437 lui              x8, 0x1c000000       x8=1c000000
21090441ns          362709 1c008a3a 1c0004b7 lui              x9, 0x1c000000       x9=1c000000
21090461ns          362710 1c008a3e 00299993 slli             x19, x19, 0x2       x19=0000003c x19:0000000f
21090879ns          362731 1c008a40 00a58b33 add              x22, x11, x10       x22=10001dd0 x11:10001dc4 x10:0000000c
21090919ns          362733 1c008a44 00c12623 sw               x12, 12(x2)         x12:10001de4  x2:10001d98  PA:10001da4
21090939ns          362734 1c008a46 00d12c23 sw               x13, 24(x2)         x13:00000005  x2:10001d98  PA:10001db0
21090958ns          362735 1c008a48 02842a83 lw               x21, 40(x8)         x21=0c000000  x8:1c000000  PA:1c000028
21091356ns          362755 1c008a4c 02c4ab83 lw               x23, 44(x9)         x23=34000000  x9:1c000000  PA:1c00002c
21091655ns          362770 1c008a50 01a989b3 add              x19, x19, x26       x19=10001ef8 x19:0000003c x26:10001ebc
21091674ns          362771 1c008a52 00000f13 addi             x30, x0, 0          x30=00000000
21091694ns          362772 1c008a56 018007b3 add              x15, x0, x24        x15=00000004 x24:00000004
21091714ns          362773 1c008a58 004b2283 lw               x5, 4(x22)           x5=4127dc38 x22:10001dd0  PA:10001dd4
21091734ns          362774 1c008a5c 71fdace3 p.beqimm         x27, 3864           x27:00000003
21092172ns          362796 1c008a60 01412e03 lw               x28, 20(x2)         x28=00000000  x2:10001d98  PA:10001dac
21092192ns          362797 1c008a62 01400e93 addi             x29, x0, 20         x29=00000014
21092212ns          362798 1c008a64 77cec8e3 blt              x29, x28, 3952      x29:00000014 x28:00000000
21092231ns          362799 1c008a68 00c12f83 lw               x31, 12(x2)         x31=10001de4  x2:10001d98  PA:10001da4
21092271ns          362801 1c008a6a 000fa683 lw               x13, 0(x31)         x13=40a89541 x31:10001de4  PA:10001de4
21092709ns          362823 1c008a6e a1e69753 flt.s            x14, f13, f30       x14=00000000 f13:40a89541 f30:00000000
21092729ns          362824 1c008a72 00070363 beq              x14, x0, 6          x14:00000000
21092788ns          362827 1c008a78 000b2603 lw               x12, 0(x22)         x12=410bf236 x22:10001dd0  PA:10001dd0
21092828ns          362829 1c008a7c a1e61753 flt.s            x14, f12, f30       x14=00000000 f12:410bf236 f30:00000000
21093226ns          362849 1c008a80 00c005b3 add              x11, x0, x12        x11=410bf236 x12:410bf236
21093246ns          362850 1c008a82 00070363 beq              x14, x0, 6          x14:00000000
21093306ns          362853 1c008a88 a1e29753 flt.s            x14, f5, f30        x14=00000000  f5:4127dc38 f30:00000000
21093325ns          362854 1c008a8c 00070363 beq              x14, x0, 6          x14:00000000
21093843ns          362880 1c008a92 00500733 add              x14, x0, x5         x14=4127dc38  x5:4127dc38
21093862ns          362881 1c008a94 00b77753 fadd.s           f14, f14, f11       f14=xxxxxxxx f14:4127dc38 f11:410bf236
21093882ns          362882 1c008a98 11777753 fmul.s           f14, f14, f23       f14=xxxxxxxx f14:4199e737 f23:34000000
21093902ns          362883 1c008a9c a0e68753 fle.s            x14, f13, f14       x14=00000000 f13:40a89541 f14:3619e737
21094320ns          362904 1c008aa0 00070363 beq              x14, x0, 6          x14:00000000
21094400ns          362908 1c008aa6 1c000337 lui              x6, 0x1c000000       x6=1c000000
21094419ns          362909 1c008aaa 02830313 addi             x6, x6, 40           x6=1c000028  x6:1c000000
21094877ns          362932 1c008aae 00032303 lw               x6, 0(x6)            x6=0c000000  x6:1c000028  PA:1c000028
21095275ns          362952 1c008ab2 a06686d3 fle.s            x13, f13, f6        x13=00000000 f13:40a89541  f6:0c000000
21095295ns          362953 1c008ab6 00068363 beq              x13, x0, 6          x13:00000000
21095732ns          362975 1c008abc fffd8693 addi             x13, x27, -1        x13=00000002 x27:00000003
21095752ns          362976 1c008ac0 000d9463 bne              x27, x0, 8          x27:00000003
21095812ns          362979 1c008ac8 00269713 slli             x14, x13, 0x2       x14=00000008 x13:00000002
21095832ns          362980 1c008acc 0e010393 addi             x7, x2, 224          x7=10001e78  x2:10001d98
21096289ns          363003 1c008ad0 00e385b3 add              x11, x7, x14        x11=10001e80  x7:10001e78 x14:00000008
21096329ns          363005 1c008ad4 f605a503 lw               x10, -160(x11)      x10=4054bfd3 x11:10001e80  PA:10001de0
21096369ns          363007 1c008ad8 a1e515d3 flt.s            x11, f10, f30       x11=00000000 f10:4054bfd3 f30:00000000
21096389ns          363008 1c008adc 00058363 beq              x11, x0, 6          x11:00000000
21096826ns          363030 1c008ae2 0e010413 addi             x8, x2, 224          x8=10001e78  x2:10001d98
21096846ns          363031 1c008ae4 00e405b3 add              x11, x8, x14        x11=10001e80  x8:10001e78 x14:00000008
21096866ns          363032 1c008ae8 f4c5a583 lw               x11, -180(x11)      x11=415b00d9 x11:10001e80  PA:10001dcc
21096906ns          363034 1c008aec a1e59853 flt.s            x16, f11, f30       x16=00000000 f11:415b00d9 f30:00000000
21097343ns          363056 1c008af0 00080463 beq              x16, x0, 8          x16:00000000
21097403ns          363059 1c008af8 00b00833 add              x16, x0, x11        x16=415b00d9 x11:415b00d9
21097423ns          363060 1c008afa a1e618d3 flt.s            x17, f12, f30       x17=00000000 f12:410bf236 f30:00000000
21097861ns          363082 1c008afe 00088463 beq              x17, x0, 8          x17:00000000
21097940ns          363086 1c008b06 1c0004b7 lui              x9, 0x1c000000       x9=1c000000
21097960ns          363087 1c008b0a 01067653 fadd.s           f12, f12, f16       f12=xxxxxxxx f12:410bf236 f16:415b00d9
21098417ns          363110 1c008b0e 02c48493 addi             x9, x9, 44           x9=1c00002c  x9:1c000000
21098437ns          363111 1c008b12 0004a483 lw               x9, 0(x9)            x9=34000000  x9:1c00002c  PA:1c00002c
21098875ns          363133 1c008b14 10967653 fmul.s           f12, f12, f9        f12=xxxxxxxx f12:41b37988  f9:34000000
21098895ns          363134 1c008b18 a0c50653 fle.s            x12, f10, f12       x12=00000000 f10:4054bfd3 f12:36337988
21098915ns          363135 1c008b1c 00060363 beq              x12, x0, 6          x12:00000000
21098994ns          363139 1c008b22 1c000637 lui              x12, 0x1c000000     x12=1c000000
21099014ns          363140 1c008b26 02860613 addi             x12, x12, 40        x12=1c000028 x12:1c000000
21099034ns          363141 1c008b2a 00062603 lw               x12, 0(x12)         x12=0c000000 x12:1c000028  PA:1c000028
21099531ns          363166 1c008b2c a0c50553 fle.s            x10, f10, f12       x10=00000000 f10:4054bfd3 f12:0c000000
21099551ns          363167 1c008b30 00050363 beq              x10, x0, 6          x10:00000000
21099631ns          363171 1c008b36 ffed8813 addi             x16, x27, -2        x16=00000001 x27:00000003
21099651ns          363172 1c008b3a 01f83463 p.bneimm         x16, 8              x16:00000001
21100088ns          363194 1c008b42 00281713 slli             x14, x16, 0x2       x14=00000004 x16:00000001
21100108ns          363195 1c008b46 0e010893 addi             x17, x2, 224        x17=10001e78  x2:10001d98
21100128ns          363196 1c008b4a 00e88633 add              x12, x17, x14       x12=10001e7c x17:10001e78 x14:00000004
21100605ns          363220 1c008b4e f6062503 lw               x10, -160(x12)      x10=410ca8f0 x12:10001e7c  PA:10001ddc
21100645ns          363222 1c008b52 a1e51653 flt.s            x12, f10, f30       x12=00000000 f10:410ca8f0 f30:00000000
21100665ns          363223 1c008b56 00060363 beq              x12, x0, 6          x12:00000000
21101142ns          363247 1c008b5c 0e010e13 addi             x28, x2, 224        x28=10001e78  x2:10001d98
21101162ns          363248 1c008b60 01c70733 add              x14, x14, x28       x14=10001e7c x14:00000004 x28:10001e78
21101182ns          363249 1c008b62 f4c72883 lw               x17, -180(x14)      x17=41bd8c50 x14:10001e7c  PA:10001dc8
21101222ns          363251 1c008b66 a1e89753 flt.s            x14, f17, f30       x14=00000000 f17:41bd8c50 f30:00000000
21101242ns          363252 1c008b6a 00070363 beq              x14, x0, 6          x14:00000000
21101719ns          363276 1c008b70 01100733 add              x14, x0, x17        x14=41bd8c50 x17:41bd8c50
21101739ns          363277 1c008b72 a1e59653 flt.s            x12, f11, f30       x12=00000000 f11:415b00d9 f30:00000000
21101759ns          363278 1c008b76 00060363 beq              x12, x0, 6          x12:00000000
21102236ns          363302 1c008b7c 1c000eb7 lui              x29, 0x1c000000     x29=1c000000
21102256ns          363303 1c008b80 00e5f753 fadd.s           f14, f11, f14       f14=xxxxxxxx f11:415b00d9 f14:41bd8c50
21102276ns          363304 1c008b84 02ce8e93 addi             x29, x29, 44        x29=1c00002c x29:1c000000
21102296ns          363305 1c008b88 000eae83 lw               x29, 0(x29)         x29=34000000 x29:1c00002c  PA:1c00002c
21102754ns          363328 1c008b8c 11d77753 fmul.s           f14, f14, f29       f14=xxxxxxxx f14:4215865e f29:34000000
21102774ns          363329 1c008b90 a0e50753 fle.s            x14, f10, f14       x14=00000000 f10:410ca8f0 f14:3695865e
21102813ns          363331 1c008b94 440718e3 bne              x14, x0, 3152       x14:00000000
21102833ns          363332 1c008b98 1c000fb7 lui              x31, 0x1c000000     x31=1c000000
21102853ns          363333 1c008b9c 028f8f93 addi             x31, x31, 40        x31=1c000028 x31:1c000000
21103271ns          363354 1c008ba0 000faf83 lw               x31, 0(x31)         x31=0c000000 x31:1c000028  PA:1c000028
21103609ns          363371 1c008ba4 a1f50553 fle.s            x10, f10, f31       x10=00000000 f10:410ca8f0 f31:0c000000
21103629ns          363372 1c008ba8 42051ee3 bne              x10, x0, 3132       x10:00000000
21103649ns          363373 1c008bac ffdd8693 addi             x13, x27, -3        x13=00000000 x27:00000003
21103828ns          363382 1c008bb0 01f6b463 p.bneimm         x13, 8              x13:00000000
21103887ns          363385 1c008bb8 00269713 slli             x14, x13, 0x2       x14=00000000 x13:00000000
21103907ns          363386 1c008bbc 0e010313 addi             x6, x2, 224          x6=10001e78  x2:10001d98
21104345ns          363408 1c008bc0 00e30633 add              x12, x6, x14        x12=10001e78  x6:10001e78 x14:00000000
21104385ns          363410 1c008bc4 f6062583 lw               x11, -160(x12)      x11=41ceedf5 x12:10001e78  PA:10001dd8
21104424ns          363412 1c008bc8 a1e59653 flt.s            x12, f11, f30       x12=00000000 f11:41ceedf5 f30:00000000
21104444ns          363413 1c008bcc 00060363 beq              x12, x0, 6          x12:00000000
21104942ns          363438 1c008bd2 0e010393 addi             x7, x2, 224          x7=10001e78  x2:10001d98
21104962ns          363439 1c008bd6 00e38633 add              x12, x7, x14        x12=10001e78  x7:10001e78 x14:00000000
21104981ns          363440 1c008bda f4c62603 lw               x12, -180(x12)      x12=419e8c36 x12:10001e78  PA:10001dc4
21105399ns          363461 1c008bde a1e61553 flt.s            x10, f12, f30       x10=00000000 f12:419e8c36 f30:00000000
21105419ns          363462 1c008be2 00050363 beq              x10, x0, 6          x10:00000000
21105479ns          363465 1c008be8 a1e89553 flt.s            x10, f17, f30       x10=00000000 f17:41bd8c50 f30:00000000
21105499ns          363466 1c008bec 00050363 beq              x10, x0, 6          x10:00000000
21106016ns          363492 1c008bf2 1c000437 lui              x8, 0x1c000000       x8=1c000000
21106036ns          363493 1c008bf6 01167653 fadd.s           f12, f12, f17       f12=xxxxxxxx f12:419e8c36 f17:41bd8c50
21106056ns          363494 1c008bfa 02c40413 addi             x8, x8, 44           x8=1c00002c  x8:1c000000
21106075ns          363495 1c008bfe 00042403 lw               x8, 0(x8)            x8=34000000  x8:1c00002c  PA:1c00002c
21106493ns          363516 1c008c00 10867653 fmul.s           f12, f12, f8        f12=xxxxxxxx f12:422e0c43  f8:34000000
21106513ns          363517 1c008c04 a0c58653 fle.s            x12, f11, f12       x12=00000000 f11:41ceedf5 f12:36ae0c43
21106533ns          363518 1c008c08 3e0613e3 bne              x12, x0, 3046       x12:00000000
21106553ns          363519 1c008c0c 1c0004b7 lui              x9, 0x1c000000       x9=1c000000
21107030ns          363543 1c008c10 02848493 addi             x9, x9, 40           x9=1c000028  x9:1c000000
21107070ns          363545 1c008c14 0004a483 lw               x9, 0(x9)            x9=0c000000  x9:1c000028  PA:1c000028
21107508ns          363567 1c008c16 a09585d3 fle.s            x11, f11, f9        x11=00000000 f11:41ceedf5  f9:0c000000
21107527ns          363568 1c008c1a 3c059ae3 bne              x11, x0, 3028       x11:00000000
21107547ns          363569 1c008c1e 00000813 addi             x16, x0, 0          x16=00000000
21107567ns          363570 1c008c20 fff00693 addi             x13, x0, -1         x13=ffffffff
21107587ns          363571 1c008c22 3d880de3 beq              x16, x24, 3034      x16:00000000 x24:00000004
21107607ns          363572 1c008c26 002d8393 addi             x7, x27, 2           x7=00000005 x27:00000003
21107627ns          363573 1c008c2a 7c76d5e3 bge              x13, x7, 4042       x13:ffffffff  x7:00000005
21108084ns          363596 1c008c2e 00268f93 addi             x31, x13, 2         x31=00000001 x13:ffffffff
21108124ns          363598 1c008c32 3e780a63 beq              x16, x7, 1012       x16:00000000  x7:00000005
21108144ns          363599 1c008c36 002c1e93 slli             x29, x24, 0x2       x29=00000010 x24:00000004
21108164ns          363600 1c008c3a 04010493 addi             x9, x2, 64           x9=10001dd8  x2:10001d98
21108184ns          363601 1c008c3c ffce8593 addi             x11, x29, -4        x11=0000000c x29:00000010
21108582ns          363621 1c008c40 1c000637 lui              x12, 0x1c000000     x12=1c000000
21108621ns          363623 1c008c44 02c10413 addi             x8, x2, 44           x8=10001dc4  x2:10001d98
21108641ns          363624 1c008c46 1c000537 lui              x10, 0x1c000000     x10=1c000000
21108661ns          363625 1c008c4a 009585b3 add              x11, x11, x9        x11=10001de4 x11:0000000c  x9:10001dd8
21108681ns          363626 1c008c4c 02862483 lw               x9, 40(x12)          x9=0c000000 x12:1c000000  PA:1c000028
21109119ns          363648 1c008c50 01d40333 add              x6, x8, x29          x6=10001dd4  x8:10001dc4 x29:00000010
21109158ns          363650 1c008c54 00700733 add              x14, x0, x7         x14=00000005  x7:00000005
21109178ns          363651 1c008c56 02c52403 lw               x8, 44(x10)          x8=34000000 x10:1c000000  PA:1c00002c
21109596ns          363672 1c008c5a 00168693 addi             x13, x13, 1         x13=00000000 x13:ffffffff
21109616ns          363673 1c008c5c 00000e13 addi             x28, x0, 0          x28=00000000
21109636ns          363674 1c008c60 41038533 sub              x10, x7, x16        x10=00000005  x7:00000005 x16:00000000
21109656ns          363675 1c008c64 1e0540fb lp.setup         0x1, x10, 0x1e0     x10:00000005
21109676ns          363676 1c008c68 fff70893 addi             x17, x14, -1        x17=00000004 x14:00000005
21109696ns          363677 1c008c6c 00000793 addi             x15, x0, 0          x15=00000000
21110153ns          363700 1c008c70 00ec4763 blt              x24, x14, 14        x24:00000004 x14:00000005
21110630ns          363724 1c008c7e 00efd963 bge              x31, x14, 18        x31:00000001 x14:00000005
21110650ns          363725 1c008c82 0005a603 lw               x12, 0(x11)         x12=40a89541 x11:10001de4  PA:10001de4
21110690ns          363727 1c008c84 a1c61f53 flt.s            x30, f12, f28       x30=00000000 f12:40a89541 f28:00000000
21110710ns          363728 1c008c88 380f1163 bne              x30, x0, 898        x30:00000000
21110730ns          363729 1c008c8c 00c7f7d3 fadd.s           f15, f15, f12       f15=xxxxxxxx f15:00000000 f12:40a89541
21111187ns          363752 1c008c90 ffc3260b p.lw             x12, -4(x6!)        x12=4127dc38  x6=10001dd0  x6:10001dd4  PA:10001dd4
21111227ns          363754 1c008c94 a1c61f53 flt.s            x30, f12, f28       x30=00000000 f12:4127dc38 f28:00000000
21111247ns          363755 1c008c98 000f0463 beq              x30, x0, 8          x30:00000000
21111724ns          363779 1c008ca0 1087f7d3 fmul.s           f15, f15, f8        f15=xxxxxxxx f15:40a89541  f8:34000000
21111744ns          363780 1c008ca4 a0f607d3 fle.s            x15, f12, f15       x15=00000000 f12:4127dc38 f15:35289541
21111764ns          363781 1c008ca8 00079563 bne              x15, x0, 10         x15:00000000
21111784ns          363782 1c008caa a0960653 fle.s            x12, f12, f9        x12=00000000 f12:4127dc38  f9:0c000000
21112242ns          363805 1c008cae 36060663 beq              x12, x0, 876        x12:00000000
21112381ns          363812 1c00901a 00d71463 bne              x14, x13, 8         x14:00000005 x13:00000000
21112838ns          363835 1c009022 01100733 add              x14, x0, x17        x14=00000004 x17:00000004
21112858ns          363836 1c009024 ffc58593 addi             x11, x11, -4        x11=10001de0 x11:10001de4
21112878ns          363837 1c008c68 fff70893 addi             x17, x14, -1        x17=00000003 x14:00000004
21112898ns          363838 1c008c6c 00000793 addi             x15, x0, 0          x15=00000000
21112918ns          363839 1c008c70 00ec4763 blt              x24, x14, 14        x24:00000004 x14:00000004
21112938ns          363840 1c008c74 0045a783 lw               x15, 4(x11)         x15=40a89541 x11:10001de0  PA:10001de4
21112977ns          363842 1c008c76 a1c79653 flt.s            x12, f15, f28       x12=00000000 f15:40a89541 f28:00000000
21112997ns          363843 1c008c7a 38061b63 bne              x12, x0, 918        x12:00000000
21113017ns          363844 1c008c7e 00efd963 bge              x31, x14, 18        x31:00000001 x14:00000004
21113037ns          363845 1c008c82 0005a603 lw               x12, 0(x11)         x12=4054bfd3 x11:10001de0  PA:10001de0
21113077ns          363847 1c008c84 a1c61f53 flt.s            x30, f12, f28       x30=00000000 f12:4054bfd3 f28:00000000
21113097ns          363848 1c008c88 380f1163 bne              x30, x0, 898        x30:00000000
21113117ns          363849 1c008c8c 00c7f7d3 fadd.s           f15, f15, f12       f15=xxxxxxxx f15:40a89541 f12:4054bfd3
21113137ns          363850 1c008c90 ffc3260b p.lw             x12, -4(x6!)        x12=410bf236  x6=10001dcc  x6:10001dd0  PA:10001dd0
21113176ns          363852 1c008c94 a1c61f53 flt.s            x30, f12, f28       x30=00000000 f12:410bf236 f28:00000000
21113196ns          363853 1c008c98 000f0463 beq              x30, x0, 8          x30:00000000
21113256ns          363856 1c008ca0 1087f7d3 fmul.s           f15, f15, f8        f15=xxxxxxxx f15:41097a95  f8:34000000
21113276ns          363857 1c008ca4 a0f607d3 fle.s            x15, f12, f15       x15=00000000 f12:410bf236 f15:35897a95
21113296ns          363858 1c008ca8 00079563 bne              x15, x0, 10         x15:00000000
21113316ns          363859 1c008caa a0960653 fle.s            x12, f12, f9        x12=00000000 f12:410bf236  f9:0c000000
21113336ns          363860 1c008cae 36060663 beq              x12, x0, 876        x12:00000000
21113415ns          363864 1c00901a 00d71463 bne              x14, x13, 8         x14:00000004 x13:00000000
21113475ns          363867 1c009022 01100733 add              x14, x0, x17        x14=00000003 x17:00000003
21113495ns          363868 1c009024 ffc58593 addi             x11, x11, -4        x11=10001ddc x11:10001de0
21113515ns          363869 1c008c68 fff70893 addi             x17, x14, -1        x17=00000002 x14:00000003
21113534ns          363870 1c008c6c 00000793 addi             x15, x0, 0          x15=00000000
21113554ns          363871 1c008c70 00ec4763 blt              x24, x14, 14        x24:00000004 x14:00000003
21113574ns          363872 1c008c74 0045a783 lw               x15, 4(x11)         x15=4054bfd3 x11:10001ddc  PA:10001de0
21113614ns          363874 1c008c76 a1c79653 flt.s            x12, f15, f28       x12=00000000 f15:4054bfd3 f28:00000000
21113634ns          363875 1c008c7a 38061b63 bne              x12, x0, 918        x12:00000000
21113654ns          363876 1c008c7e 00efd963 bge              x31, x14, 18        x31:00000001 x14:00000003
21113674ns          363877 1c008c82 0005a603 lw               x12, 0(x11)         x12=410ca8f0 x11:10001ddc  PA:10001ddc
21113713ns          363879 1c008c84 a1c61f53 flt.s            x30, f12, f28       x30=00000000 f12:410ca8f0 f28:00000000
21113733ns          363880 1c008c88 380f1163 bne              x30, x0, 898        x30:00000000
21113753ns          363881 1c008c8c 00c7f7d3 fadd.s           f15, f15, f12       f15=xxxxxxxx f15:4054bfd3 f12:410ca8f0
21113773ns          363882 1c008c90 ffc3260b p.lw             x12, -4(x6!)        x12=415b00d9  x6=10001dc8  x6:10001dcc  PA:10001dcc
21113813ns          363884 1c008c94 a1c61f53 flt.s            x30, f12, f28       x30=00000000 f12:415b00d9 f28:00000000
21113833ns          363885 1c008c98 000f0463 beq              x30, x0, 8          x30:00000000
21113892ns          363888 1c008ca0 1087f7d3 fmul.s           f15, f15, f8        f15=xxxxxxxx f15:4141d8e5  f8:34000000
21113912ns          363889 1c008ca4 a0f607d3 fle.s            x15, f12, f15       x15=00000000 f12:415b00d9 f15:35c1d8e5
21113932ns          363890 1c008ca8 00079563 bne              x15, x0, 10         x15:00000000
21113952ns          363891 1c008caa a0960653 fle.s            x12, f12, f9        x12=00000000 f12:415b00d9  f9:0c000000
21113972ns          363892 1c008cae 36060663 beq              x12, x0, 876        x12:00000000
21114052ns          363896 1c00901a 00d71463 bne              x14, x13, 8         x14:00000003 x13:00000000
21114111ns          363899 1c009022 01100733 add              x14, x0, x17        x14=00000002 x17:00000002
21114131ns          363900 1c009024 ffc58593 addi             x11, x11, -4        x11=10001dd8 x11:10001ddc
21114151ns          363901 1c008c68 fff70893 addi             x17, x14, -1        x17=00000001 x14:00000002
21114171ns          363902 1c008c6c 00000793 addi             x15, x0, 0          x15=00000000
21114191ns          363903 1c008c70 00ec4763 blt              x24, x14, 14        x24:00000004 x14:00000002
21114211ns          363904 1c008c74 0045a783 lw               x15, 4(x11)         x15=410ca8f0 x11:10001dd8  PA:10001ddc
21114250ns          363906 1c008c76 a1c79653 flt.s            x12, f15, f28       x12=00000000 f15:410ca8f0 f28:00000000
21114270ns          363907 1c008c7a 38061b63 bne              x12, x0, 918        x12:00000000
21114290ns          363908 1c008c7e 00efd963 bge              x31, x14, 18        x31:00000001 x14:00000002
21114310ns          363909 1c008c82 0005a603 lw               x12, 0(x11)         x12=41ceedf5 x11:10001dd8  PA:10001dd8
21114350ns          363911 1c008c84 a1c61f53 flt.s            x30, f12, f28       x30=00000000 f12:41ceedf5 f28:00000000
21114370ns          363912 1c008c88 380f1163 bne              x30, x0, 898        x30:00000000
21114390ns          363913 1c008c8c 00c7f7d3 fadd.s           f15, f15, f12       f15=xxxxxxxx f15:410ca8f0 f12:41ceedf5
21114410ns          363914 1c008c90 ffc3260b p.lw             x12, -4(x6!)        x12=41bd8c50  x6=10001dc4  x6:10001dc8  PA:10001dc8
21114449ns          363916 1c008c94 a1c61f53 flt.s            x30, f12, f28       x30=00000000 f12:41bd8c50 f28:00000000
21114469ns          363917 1c008c98 000f0463 beq              x30, x0, 8          x30:00000000
21114529ns          363920 1c008ca0 1087f7d3 fmul.s           f15, f15, f8        f15=xxxxxxxx f15:420aa136  f8:34000000
21114549ns          363921 1c008ca4 a0f607d3 fle.s            x15, f12, f15       x15=00000000 f12:41bd8c50 f15:368aa136
21114569ns          363922 1c008ca8 00079563 bne              x15, x0, 10         x15:00000000
21114589ns          363923 1c008caa a0960653 fle.s            x12, f12, f9        x12=00000000 f12:41bd8c50  f9:0c000000
21114609ns          363924 1c008cae 36060663 beq              x12, x0, 876        x12:00000000
21114688ns          363928 1c00901a 00d71463 bne              x14, x13, 8         x14:00000002 x13:00000000
21114748ns          363931 1c009022 01100733 add              x14, x0, x17        x14=00000001 x17:00000001
21114768ns          363932 1c009024 ffc58593 addi             x11, x11, -4        x11=10001dd4 x11:10001dd8
21114788ns          363933 1c008c68 fff70893 addi             x17, x14, -1        x17=00000000 x14:00000001
21114807ns          363934 1c008c6c 00000793 addi             x15, x0, 0          x15=00000000
21114827ns          363935 1c008c70 00ec4763 blt              x24, x14, 14        x24:00000004 x14:00000001
21114847ns          363936 1c008c74 0045a783 lw               x15, 4(x11)         x15=41ceedf5 x11:10001dd4  PA:10001dd8
21114887ns          363938 1c008c76 a1c79653 flt.s            x12, f15, f28       x12=00000000 f15:41ceedf5 f28:00000000
21114907ns          363939 1c008c7a 38061b63 bne              x12, x0, 918        x12:00000000
21114927ns          363940 1c008c7e 00efd963 bge              x31, x14, 18        x31:00000001 x14:00000001
21114986ns          363943 1c008c90 ffc3260b p.lw             x12, -4(x6!)        x12=419e8c36  x6=10001dc0  x6:10001dc4  PA:10001dc4
21115026ns          363945 1c008c94 a1c61f53 flt.s            x30, f12, f28       x30=00000000 f12:419e8c36 f28:00000000
21115046ns          363946 1c008c98 000f0463 beq              x30, x0, 8          x30:00000000
21115106ns          363949 1c008ca0 1087f7d3 fmul.s           f15, f15, f8        f15=xxxxxxxx f15:41ceedf5  f8:34000000
21115126ns          363950 1c008ca4 a0f607d3 fle.s            x15, f12, f15       x15=00000000 f12:419e8c36 f15:364eedf5
21115146ns          363951 1c008ca8 00079563 bne              x15, x0, 10         x15:00000000
21115165ns          363952 1c008caa a0960653 fle.s            x12, f12, f9        x12=00000000 f12:419e8c36  f9:0c000000
21115185ns          363953 1c008cae 36060663 beq              x12, x0, 876        x12:00000000
21115265ns          363957 1c00901a 00d71463 bne              x14, x13, 8         x14:00000001 x13:00000000
21115325ns          363960 1c009022 01100733 add              x14, x0, x17        x14=00000000 x17:00000000
21115344ns          363961 1c009024 ffc58593 addi             x11, x11, -4        x11=10001dd0 x11:10001dd4
21115364ns          363962 1c009026 00000793 addi             x15, x0, 0          x15=00000000
21115384ns          363963 1c00902a a0f297d3 flt.s            x15, f5, f15        x15=00000000  f5:4127dc38 f15:00000000
21115404ns          363964 1c00902e 005006b3 add              x13, x0, x5         x13=4127dc38  x5:4127dc38
21115842ns          363986 1c009030 00078363 beq              x15, x0, 6          x15:00000000
21115921ns          363990 1c009036 002d9593 slli             x11, x27, 0x2       x11=0000000c x27:00000003
21115941ns          363991 1c00903a 0e010613 addi             x12, x2, 224        x12=10001e78  x2:10001d98
21115961ns          363992 1c00903c 00b607b3 add              x15, x12, x11       x15=10001e84 x12:10001e78 x11:0000000c
21116379ns          364013 1c009040 f4c7a603 lw               x12, -180(x15)      x12=410bf236 x15:10001e84  PA:10001dd0
21116419ns          364015 1c009044 00000793 addi             x15, x0, 0          x15=00000000
21116438ns          364016 1c009048 a0f617d3 flt.s            x15, f12, f15       x15=00000000 f12:410bf236 f15:00000000
21116458ns          364017 1c00904c 00b12423 sw               x11, 8(x2)          x11:0000000c  x2:10001d98  PA:10001da0
21116478ns          364018 1c00904e 06d12423 sw               x13, 104(x2)        x13:4127dc38  x2:10001d98  PA:10001e00
21116916ns          364040 1c009050 00c00533 add              x10, x0, x12        x10=410bf236 x12:410bf236
21116936ns          364041 1c009052 00b008b3 add              x17, x0, x11        x17=0000000c x11:0000000c
21116956ns          364042 1c009054 00078363 beq              x15, x0, 6          x15:00000000
21117015ns          364045 1c00905a 0e010713 addi             x14, x2, 224        x14=10001e78  x2:10001d98
21117035ns          364046 1c00905c 011707b3 add              x15, x14, x17       x15=10001e84 x14:10001e78 x17:0000000c
21117453ns          364067 1c009060 f607a783 lw               x15, -160(x15)      x15=40a89541 x15:10001e84  PA:10001de4
21117513ns          364070 1c009064 00000713 addi             x14, x0, 0          x14=00000000
21117532ns          364071 1c009068 a0e79753 flt.s            x14, f15, f14       x14=00000000 f15:40a89541 f14:00000000
21117552ns          364072 1c00906c 06a12623 sw               x10, 108(x2)        x10:410bf236  x2:10001d98  PA:10001e04
21117572ns          364073 1c00906e 00070363 beq              x14, x0, 6          x14:00000000
21118030ns          364096 1c009074 00f00733 add              x14, x0, x15        x14=40a89541 x15:40a89541
21118050ns          364097 1c009076 00281813 slli             x16, x16, 0x2       x16=00000000 x16:00000000
21118070ns          364098 1c009078 0e010993 addi             x19, x2, 224        x19=10001e78  x2:10001d98
21118089ns          364099 1c00907c 010985b3 add              x11, x19, x16       x11=10001e78 x19:10001e78 x16:00000000
21118487ns          364119 1c009080 f4c5a883 lw               x17, -180(x11)      x17=419e8c36 x11:10001e78  PA:10001dc4
21118527ns          364121 1c009084 00000593 addi             x11, x0, 0          x11=00000000
21118547ns          364122 1c009088 a0b895d3 flt.s            x11, f17, f11       x11=00000000 f17:419e8c36 f11:00000000
21118567ns          364123 1c00908c 06e12823 sw               x14, 112(x2)        x14:40a89541  x2:10001d98  PA:10001e08
21118587ns          364124 1c00908e 01100e33 add              x28, x0, x17        x28=419e8c36 x17:419e8c36
21119044ns          364147 1c009090 00058363 beq              x11, x0, 6          x11:00000000
21119124ns          364151 1c009096 0e010e93 addi             x29, x2, 224        x29=10001e78  x2:10001d98
21119144ns          364152 1c00909a 01d80833 add              x16, x16, x29       x16=10001e78 x16:00000000 x29:10001e78
21119164ns          364153 1c00909c f6082303 lw               x6, -160(x16)        x6=41ceedf5 x16:10001e78  PA:10001dd8
21119561ns          364173 1c0090a0 00000593 addi             x11, x0, 0          x11=00000000
21119601ns          364175 1c0090a4 a0b315d3 flt.s            x11, f6, f11        x11=00000000  f6:41ceedf5 f11:00000000
21119621ns          364176 1c0090a8 07c12a23 sw               x28, 116(x2)        x28:419e8c36  x2:10001d98  PA:10001e0c
21119641ns          364177 1c0090aa 00058363 beq              x11, x0, 6          x11:00000000
21120138ns          364202 1c0090b0 006005b3 add              x11, x0, x6         x11=41ceedf5  x6:41ceedf5
21120158ns          364203 1c0090b2 a0d6a853 feq.s            x16, f13, f13       x16=00000001 f13:4127dc38 f13:4127dc38
21120178ns          364204 1c0090b6 06b12c23 sw               x11, 120(x2)        x11:41ceedf5  x2:10001d98  PA:10001e10
21120198ns          364205 1c0090b8 00080463 beq              x16, x0, 8          x16:00000001
21120218ns          364206 1c0090bc 0080106f jal              x0, 4104           
21121073ns          364249 1c00a0c4 a0a69853 flt.s            x16, f13, f10       x16=00000000 f13:4127dc38 f10:410bf236
21121113ns          364251 1c00a0c8 1e080563 beq              x16, x0, 490        x16:00000000
21122167ns          364304 1c00a2b2 a0e69553 flt.s            x10, f13, f14       x10=00000000 f13:4127dc38 f14:40a89541
21122187ns          364305 1c00a2b6 00100813 addi             x16, x0, 1          x16=00000001
21122207ns          364306 1c00a2b8 00300e13 addi             x28, x0, 3          x28=00000003
21122227ns          364307 1c00a2ba 00050363 beq              x10, x0, 6          x10:00000000
21122724ns          364332 1c00a2c0 07412703 lw               x14, 116(x2)        x14=419e8c36  x2:10001d98  PA:10001e0c
21122764ns          364334 1c00a2c2 a0e69553 flt.s            x10, f13, f14       x10=00000001 f13:4127dc38 f14:419e8c36
21122784ns          364335 1c00a2c6 e0051ce3 bne              x10, x0, -488       x10:00000001
21123380ns          364365 1c00a0de a0b716d3 flt.s            x13, f14, f11       x13=00000001 f14:419e8c36 f11:41ceedf5
21123420ns          364367 1c00a0e2 84069063 bne              x13, x0, -4032      x13:00000001
21123559ns          364374 1c009122 1c0004b7 lui              x9, 0x1c000000       x9=1c000000
21123579ns          364375 1c009126 0204a703 lw               x14, 32(x9)         x14=3f800000  x9:1c000000  PA:1c000020
21123898ns          364391 1c00912a 18b77753 fdiv.s           f14, f14, f11       f14=xxxxxxxx f14:3f800000 f11:41ceedf5
21124176ns          364405 1c00912e 105772d3 fmul.s           f5, f14, f5          f5=xxxxxxxx f14:3d1e5a7a  f5:4127dc38
21124196ns          364406 1c009132 10e7f7d3 fmul.s           f15, f15, f14       f15=xxxxxxxx f15:40a89541 f14:3d1e5a7a
21124216ns          364407 1c009136 00000513 addi             x10, x0, 0          x10=00000000
21124236ns          364408 1c00913a 28e676c3 fmadd.s          f13, f12, f14, f5   f13=xxxxxxxx f12:410bf236 f14:3d1e5a7a  f5:3ecfaa7c
21124295ns          364411 1c00913e 28e67e47 fmsub.s          f28, f12, f14, f5   f28=xxxxxxxx f12:410bf236 f14:3d1e5a7a  f5:3ecfaa7c
21124335ns          364413 1c009142 10f7f853 fmul.s           f16, f15, f15       f16=xxxxxxxx f15:3e508f66 f15:3e508f66
21124355ns          364414 1c009146 10f2f653 fmul.s           f12, f5, f15        f12=xxxxxxxx  f5:3ecfaa7c f15:3e508f66
21124375ns          364415 1c00914a 10e8f7d3 fmul.s           f15, f17, f14       f15=xxxxxxxx f17:419e8c36 f14:3d1e5a7a
21124435ns          364418 1c00914e 1c000737 lui              x14, 0x1c000000     x14=1c000000
21124474ns          364420 1c009152 81c6f6c3 fmadd.s          f13, f13, f28, f16  f13=xxxxxxxx f13:3f3e6631 f28:bd8a2257 f16:3d29e956
21124494ns          364421 1c009156 03070713 addi             x14, x14, 48        x14=1c000030 x14:1c000000
21124514ns          364422 1c00915a 00072703 lw               x14, 0(x14)         x14=3f000000 x14:1c000030  PA:1c000030
21124872ns          364440 1c00915c 10c67653 fmul.s           f12, f12, f12       f12=xxxxxxxx f12:3da92ed8 f12:3da92ed8
21124892ns          364441 1c009160 10e6f6d3 fmul.s           f13, f13, f14       f13=xxxxxxxx f13:bc0e3fae f14:3f000000
21124932ns          364443 1c009164 a0a6a753 feq.s            x14, f13, f10       x14=00000000 f13:bb8e3fae f10:00000000
21124952ns          364444 1c009168 00070663 beq              x14, x0, 12         x14:00000000
21125449ns          364469 1c009174 00000513 addi             x10, x0, 0          x10=00000000
21125469ns          364470 1c009178 a0a69553 flt.s            x10, f13, f10       x10=00000001 f13:bb8e3fae f10:00000000
21125489ns          364471 1c00917c 60d6f743 fmadd.s          f14, f13, f13, f12  f14=xxxxxxxx f13:bb8e3fae f13:bb8e3fae f12:3bdf9dc4
21125946ns          364494 1c009180 58077753 fsqrt.s          f14, f14            f14=xxxxxxxx f14:3be03bd9
21126981ns          364546 1c009184 00050363 beq              x10, x0, 6          x10:00000001
21127000ns          364547 1c009186 20e71753 fsgnjn.s         f14, f14, f14       f14=xxxxxxxx f14:3da96a9a f14:3da96a9a
21127020ns          364548 1c00918a 00e6f6d3 fadd.s           f13, f13, f14       f13=xxxxxxxx f13:bb8e3fae f14:bda96a9a
21127040ns          364549 1c00918e 18d67753 fdiv.s           f14, f12, f13       f14=xxxxxxxx f12:3bdf9dc4 f13:bdb24e95
21127816ns          364588 1c009192 00f2f853 fadd.s           f16, f5, f15        f16=xxxxxxxx  f5:3ecfaa7c f15:3f442524
21128094ns          364602 1c009196 0857f6d3 fsub.s           f13, f15, f5        f13=xxxxxxxx f15:3f442524  f5:3ecfaa7c
21128114ns          364603 1c00919a 18b375d3 fdiv.s           f11, f6, f11        f11=xxxxxxxx  f6:41ceedf5 f11:41ceedf5
21129188ns          364657 1c00919e 10b7f7d3 fmul.s           f15, f15, f11       f15=xxxxxxxx f15:3f442524 f11:3f800000
21129208ns          364658 1c0091a2 70d87843 fmadd.s          f16, f16, f13, f14  f16=xxxxxxxx f16:3f95fd31 f13:3eb89fcc f14:bda086a0
21129228ns          364659 1c0091a6 5dfc4563 blt              x24, x31, 1482      x24:00000004 x31:00000001
21129248ns          364660 1c0091aa 002f9693 slli             x13, x31, 0x2       x13=00000004 x31:00000001
21129308ns          364663 1c0091ae 01f68333 add              x6, x13, x31         x6=00000005 x13:00000004 x31:00000001
21129328ns          364664 1c0091b2 00231313 slli             x6, x6, 0x2          x6=00000014  x6:00000005
21129348ns          364665 1c0091b4 058fc733 p.min            x14, x31, x24       x14=00000001 x31:00000001 x24:00000004
21129367ns          364666 1c0091b8 02c10893 addi             x17, x2, 44         x17=10001dc4  x2:10001d98
21129387ns          364667 1c0091bc 0e010993 addi             x19, x2, 224        x19=10001e78  x2:10001d98
21129467ns          364671 1c0091c0 ffc68a13 addi             x20, x13, -4        x20=00000000 x13:00000004
21129507ns          364673 1c0091c4 fec30e13 addi             x28, x6, -20        x28=00000000  x6:00000014
21129527ns          364674 1c0091c8 00d88ab3 add              x21, x17, x13       x21=10001dc8 x17:10001dc4 x13:00000004
21129546ns          364675 1c0091cc 00d98633 add              x12, x19, x13       x12=10001e7c x19:10001e78 x13:00000004
21129964ns          364696 1c0091d0 41f70b33 sub              x22, x14, x31       x22=00000000 x14:00000001 x31:00000001
21130004ns          364698 1c0091d4 04010393 addi             x7, x2, 64           x7=10001dd8  x2:10001d98
21130024ns          364699 1c0091d8 001f8693 addi             x13, x31, 1         x13=00000002 x31:00000001
21130044ns          364700 1c0091dc 00170713 addi             x14, x14, 1         x14=00000002 x14:00000001
21130481ns          364722 1c0091de 006c8eb3 add              x29, x25, x6        x29=10001f34 x25:10001f20  x6:00000014
21130521ns          364724 1c0091e2 01488bb3 add              x23, x17, x20       x23=10001dc4 x17:10001dc4 x20:00000000
21130541ns          364725 1c0091e6 01cc8f33 add              x30, x25, x28       x30=10001f20 x25:10001f20 x28:00000000
21130561ns          364726 1c0091ea f5c62503 lw               x10, -164(x12)      x10=41ceedf5 x12:10001e7c  PA:10001dd8
21131018ns          364749 1c0091ee ffcaa583 lw               x11, -4(x21)        x11=419e8c36 x21:10001dc8  PA:10001dc4
21131038ns          364750 1c0091f2 01a30333 add              x6, x6, x26          x6=10001ed0  x6:00000014 x26:10001ebc
21131058ns          364751 1c0091f4 007a0a33 add              x20, x20, x7        x20=10001dd8 x20:00000000  x7:10001dd8
21131078ns          364752 1c0091f6 01ae0e33 add              x28, x28, x26       x28=10001ebc x28:00000000 x26:10001ebc
21131098ns          364753 1c0091f8 00000293 addi             x5, x0, 0            x5=00000000
21131118ns          364754 1c0091fc 001b0b13 addi             x22, x22, 1         x22=00000001 x22:00000000
21131555ns          364776 1c0091fe 00d75463 bge              x14, x13, 8         x14:00000002 x13:00000002
21131635ns          364780 1c009206 145b40fb lp.setup         0x1, x22, 0x145     x22:00000001
21131655ns          364781 1c00920a a0581753 flt.s            x14, f16, f5        x14=00000000 f16:3eb0358e  f5:00000000
21131675ns          364782 1c00920e 01000633 add              x12, x0, x16        x12=3eb0358e x16:3eb0358e
21132073ns          364802 1c009210 00070363 beq              x14, x0, 6          x14:00000000
21132152ns          364806 1c009216 a0579753 flt.s            x14, f15, f5        x14=00000000 f15:3f442524  f5:00000000
21132172ns          364807 1c00921a 00f008b3 add              x17, x0, x15        x17=3f442524 x15:3f442524
21132192ns          364808 1c00921c 00070363 beq              x14, x0, 6          x14:00000000
21132669ns          364832 1c009222 a0c89753 flt.s            x14, f17, f12       x14=00000000 f17:3f442524 f12:3eb0358e
21132689ns          364833 1c009226 010006b3 add              x13, x0, x16        x13=3eb0358e x16:3eb0358e
21132709ns          364834 1c009228 00071263 bne              x14, x0, 4          x14:00000000
21132729ns          364835 1c00922a 00f006b3 add              x13, x0, x15        x13=3f442524 x15:3f442524
21132749ns          364836 1c00922c 01167753 fadd.s           f14, f12, f17       f14=xxxxxxxx f12:3eb0358e f17:3f442524
21133147ns          364856 1c009230 a05723d3 feq.s            x7, f14, f5          x7=00000000 f14:3f8e1ff6  f5:00000000
21133186ns          364858 1c009234 00038463 beq              x7, x0, 8            x7:00000000
21133246ns          364861 1c00923c 1c000437 lui              x8, 0x1c000000       x8=1c000000
21133724ns          364885 1c009240 02040413 addi             x8, x8, 32           x8=1c000020  x8:1c000000
21133763ns          364887 1c009244 00042403 lw               x8, 0(x8)            x8=3f800000  x8:1c000020  PA:1c000020
21134201ns          364909 1c009246 18e473d3 fdiv.s           f7, f8, f14          f7=xxxxxxxx  f8:3f800000 f14:3f8e1ff6
21135096ns          364954 1c00924a 1078f8d3 fmul.s           f17, f17, f7        f17=xxxxxxxx f17:3f442524  f7:3f668ed0
21135116ns          364955 1c00924e 10767653 fmul.s           f12, f12, f7        f12=xxxxxxxx f12:3eb0358e  f7:3f668ed0
21135136ns          364956 1c009252 a05696d3 flt.s            x13, f13, f5        x13=00000000 f13:3f442524  f5:00000000
21135156ns          364957 1c009256 1118f8d3 fmul.s           f17, f17, f17       f17=xxxxxxxx f17:3f30a6ca f17:3f30a6ca
21135176ns          364958 1c00925a 88c67643 fmadd.s          f12, f12, f12, f17  f12=xxxxxxxx f12:3e9eb26a f12:3e9eb26a f17:3ef3cb85
21135235ns          364961 1c00925e 58067653 fsqrt.s          f12, f12            f12=xxxxxxxx f12:3f127df0
21136230ns          365011 1c009262 10c77753 fmul.s           f14, f14, f12       f14=xxxxxxxx f14:3f8e1ff6 f12:3f41a778
21136250ns          365012 1c009266 00068363 beq              x13, x0, 6          x13:00000000
21136369ns          365018 1c00926c 1c0004b7 lui              x9, 0x1c000000       x9=1c000000
21136389ns          365019 1c009270 02048493 addi             x9, x9, 32           x9=1c000020  x9:1c000000
21136409ns          365020 1c009274 0004a483 lw               x9, 0(x9)            x9=3f800000  x9:1c000020  PA:1c000020
21136727ns          365036 1c009276 18e4f753 fdiv.s           f14, f9, f14        f14=xxxxxxxx  f9:3f800000 f14:3f570624
21137403ns          365070 1c00927a 10e87653 fmul.s           f12, f16, f14       f12=xxxxxxxx f16:3eb0358e f14:3f98646e
21137423ns          365071 1c00927e 10e7f7d3 fmul.s           f15, f15, f14       f15=xxxxxxxx f15:3f442524 f14:3f98646e
21137443ns          365072 1c009282 000e2683 lw               x13, 0(x28)         x13=3f800000 x28:10001ebc  PA:10001ebc
21137463ns          365073 1c009286 00032803 lw               x16, 0(x6)          x16=80000000  x6:10001ed0  PA:10001ed0
21137483ns          365074 1c00928a 10d7f3d3 fmul.s           f7, f15, f13         f7=xxxxxxxx f15:3f698600 f13:3f800000
21137543ns          365077 1c00928e 1107f8d3 fmul.s           f17, f15, f16       f17=xxxxxxxx f15:3f698600 f16:80000000
21137582ns          365079 1c009292 10f57753 fmul.s           f14, f10, f15       f14=xxxxxxxx f10:41ceedf5 f15:3f698600
21137602ns          365080 1c009296 39067847 fmsub.s          f16, f12, f16, f7   f16=xxxxxxxx f12:3ed1c9da f16:80000000  f7:3f698600
21137622ns          365081 1c00929a 88d676c3 fmadd.s          f13, f12, f13, f17  f13=xxxxxxxx f12:3ed1c9da f13:3f800000 f17:80000000
21137702ns          365085 1c00929e 10b7f3d3 fmul.s           f7, f15, f11         f7=xxxxxxxx f15:3f698600 f11:419e8c36
21137741ns          365087 1c0092a2 01032023 sw               x16, 0(x6)          x16:bf698600  x6:10001ed0  PA:10001ed0
21137761ns          365088 1c0092a6 00de2023 sw               x13, 0(x28)         x13:3ed1c9da x28:10001ebc  PA:10001ebc
21137781ns          365089 1c0092aa 004e2803 lw               x16, 4(x28)         x16=00000000 x28:10001ebc  PA:10001ec0
21138219ns          365111 1c0092ae 00432883 lw               x17, 4(x6)          x17=3f30fe2a  x6:10001ed0  PA:10001ed4
21138259ns          365113 1c0092b2 1107f453 fmul.s           f8, f15, f16         f8=xxxxxxxx f15:3f698600 f16:00000000
21138279ns          365114 1c0092b6 1117f6d3 fmul.s           f13, f15, f17       f13=xxxxxxxx f15:3f698600 f17:3f30fe2a
21138298ns          365115 1c0092ba 70b67743 fmadd.s          f14, f12, f11, f14  f14=xxxxxxxx f12:3ed1c9da f11:419e8c36 f14:41bcc2e5
21138756ns          365138 1c0092be 411678c7 fmsub.s          f17, f12, f17, f8   f17=xxxxxxxx f12:3ed1c9da f17:3f30fe2a  f8:00000000
21138796ns          365140 1c0092c2 69067843 fmadd.s          f16, f12, f16, f13  f16=xxxxxxxx f12:3ed1c9da f16:00000000 f13:3f2173f9
21138816ns          365141 1c0092c6 38c576c7 fmsub.s          f13, f10, f12, f7   f13=xxxxxxxx f10:41ceedf5 f12:3ed1c9da  f7:4190a09b
21138835ns          365142 1c0092ca 01132223 sw               x17, 4(x6)          x17:3e910b0f  x6:10001ed0  PA:10001ed4
21139253ns          365163 1c0092ce 008e2583 lw               x11, 8(x28)         x11=00000000 x28:10001ebc  PA:10001ec4
21139293ns          365165 1c0092d2 010e2223 sw               x16, 4(x28)         x16:3f2173f9 x28:10001ebc  PA:10001ec0
21139313ns          365166 1c0092d6 00832803 lw               x16, 8(x6)          x16=3e23cfe4  x6:10001ed0  PA:10001ed8
21139333ns          365167 1c0092da 10b7f8d3 fmul.s           f17, f15, f11       f17=xxxxxxxx f15:3f698600 f11:00000000
21139770ns          365189 1c0092de 1107f553 fmul.s           f10, f15, f16       f10=xxxxxxxx f15:3f698600 f16:3e23cfe4
21139810ns          365191 1c0092e2 a05713d3 flt.s            x7, f14, f5          x7=00000000 f14:41fdb9a3  f5:00000000
21139830ns          365192 1c0092e6 890678c7 fmsub.s          f17, f12, f16, f17  f17=xxxxxxxx f12:3ed1c9da f16:3e23cfe4 f17:00000000
21139850ns          365193 1c0092ea 50b67543 fmadd.s          f10, f12, f11, f10  f10=xxxxxxxx f12:3ed1c9da f11:00000000 f10:3e156df5
21140307ns          365216 1c0092ee 000aa803 lw               x16, 0(x21)         x16=41bd8c50 x21:10001dc8  PA:10001dc8
21140347ns          365218 1c0092f2 01132423 sw               x17, 8(x6)          x17:3d863de3  x6:10001ed0  PA:10001ed8
21140367ns          365219 1c0092f6 00ce2583 lw               x11, 12(x28)        x11=00000000 x28:10001ebc  PA:10001ec8
21140387ns          365220 1c0092fa 00ae2423 sw               x10, 8(x28)         x10:3e156df5 x28:10001ebc  PA:10001ec4
21140844ns          365243 1c0092fe 00c32403 lw               x8, 12(x6)           x8=3f13ce68  x6:10001ed0  PA:10001edc
21140884ns          365245 1c009302 10b7f8d3 fmul.s           f17, f15, f11       f17=xxxxxxxx f15:3f698600 f11:00000000
21140904ns          365246 1c009306 1087f553 fmul.s           f10, f15, f8        f10=xxxxxxxx f15:3f698600  f8:3f13ce68
21140924ns          365247 1c00930a 00da222b p.sw             x13, 4(x20!)        x20=10001ddc x13:c0ef5b90 x20:10001dd8  PA:10001dd8
21141342ns          365268 1c00930e 88867447 fmsub.s          f8, f12, f8, f17     f8=xxxxxxxx f12:3ed1c9da  f8:3f13ce68 f17:00000000
21141381ns          365270 1c009312 50b67543 fmadd.s          f10, f12, f11, f10  f10=xxxxxxxx f12:3ed1c9da f11:00000000 f10:3f06d43b
21141401ns          365271 1c009316 10f875d3 fmul.s           f11, f16, f15       f11=xxxxxxxx f16:41bd8c50 f15:3f698600
21141421ns          365272 1c00931a 00832623 sw               x8, 12(x6)           x8:3e72401c  x6:10001ed0  PA:10001edc
21141859ns          365294 1c00931e 010e2403 lw               x8, 16(x28)          x8=00000000 x28:10001ebc  PA:10001ecc
21141899ns          365296 1c009322 00ae2623 sw               x10, 12(x28)        x10:3f06d43b x28:10001ebc  PA:10001ec8
21141919ns          365297 1c009326 01032503 lw               x10, 16(x6)         x10=3ecebe46  x6:10001ed0  PA:10001ee0
21141938ns          365298 1c00932a 1087f4d3 fmul.s           f9, f15, f8          f9=xxxxxxxx f15:3f698600  f8:00000000
21142376ns          365320 1c00932e 10a7f7d3 fmul.s           f15, f15, f10       f15=xxxxxxxx f15:3f698600 f10:3ecebe46
21142416ns          365322 1c009332 10c878d3 fmul.s           f17, f16, f12       f17=xxxxxxxx f16:41bd8c50 f12:3ed1c9da
21142436ns          365323 1c009336 48a67547 fmsub.s          f10, f12, f10, f9   f10=xxxxxxxx f12:3ed1c9da f10:3ecebe46  f9:00000000
21142456ns          365324 1c00933a 788677c3 fmadd.s          f15, f12, f8, f15   f15=xxxxxxxx f12:3ed1c9da  f8:00000000 f15:3ebc9765
21142913ns          365347 1c00933e 00a32823 sw               x10, 16(x6)         x10:3e296c5b  x6:10001ed0  PA:10001ee0
21142953ns          365349 1c009342 00fe2823 sw               x15, 16(x28)        x15:3ebc9765 x28:10001ebc  PA:10001ecc
21142973ns          365350 1c009346 00e007b3 add              x15, x0, x14        x15=41fdb9a3 x14:41fdb9a3
21142993ns          365351 1c009348 00038463 beq              x7, x0, 8            x7:00000000
21143450ns          365374 1c009350 a0559653 flt.s            x12, f11, f5        x12=00000000 f11:41ace7ec  f5:00000000
21143470ns          365375 1c009354 700616e3 bne              x12, x0, 3852       x12:00000000
21143490ns          365376 1c009358 00b00633 add              x12, x0, x11        x12=41ace7ec x11:41ace7ec
21143510ns          365377 1c00935a a0f61553 flt.s            x10, f12, f15       x10=00000001 f12:41ace7ec f15:41fdb9a3
21143530ns          365378 1c00935e 00e00833 add              x16, x0, x14        x16=41fdb9a3 x14:41fdb9a3
21143947ns          365399 1c009360 00051263 bne              x10, x0, 4          x10:00000001
21144007ns          365402 1c009364 00c7f453 fadd.s           f8, f15, f12         f8=xxxxxxxx f15:41fdb9a3 f12:41ace7ec
21144027ns          365403 1c009368 a05423d3 feq.s            x7, f8, f5           x7=00000000  f8:425550c8  f5:00000000
21144047ns          365404 1c00936c 6a0397e3 bne              x7, x0, 3758         x7:00000000
21144504ns          365427 1c009370 1c0009b7 lui              x19, 0x1c000000     x19=1c000000
21144544ns          365429 1c009374 02098993 addi             x19, x19, 32        x19=1c000020 x19:1c000000
21144564ns          365430 1c009378 0009a983 lw               x19, 0(x19)         x19=3f800000 x19:1c000020  PA:1c000020
21144982ns          365451 1c00937c 1889f3d3 fdiv.s           f7, f19, f8          f7=xxxxxxxx f19:3f800000  f8:425550c8
21145917ns          365498 1c009380 10767653 fmul.s           f12, f12, f7        f12=xxxxxxxx f12:41ace7ec  f7:3c999ce0
21145936ns          365499 1c009384 1077f7d3 fmul.s           f15, f15, f7        f15=xxxxxxxx f15:41fdb9a3  f7:3c999ce0
21145956ns          365500 1c009388 a0581853 flt.s            x16, f16, f5        x16=00000000 f16:41fdb9a3  f5:00000000
21145976ns          365501 1c00938c 10c67653 fmul.s           f12, f12, f12       f12=xxxxxxxx f12:3ecf8121 f12:3ecf8121
21146016ns          365503 1c009390 60f7f7c3 fmadd.s          f15, f15, f15, f12  f15=xxxxxxxx f15:3f183f6e f15:3f183f6e f12:3e283215
21146056ns          365505 1c009394 5807f7d3 fsqrt.s          f15, f15            f15=xxxxxxxx f15:3f0497e8
21147030ns          365554 1c009398 10f47453 fmul.s           f8, f8, f15          f8=xxxxxxxx  f8:425550c8 f15:3f383d1d
21147050ns          365555 1c00939c 00080463 beq              x16, x0, 8          x16:00000000
21147110ns          365558 1c0093a4 1c0003b7 lui              x7, 0x1c000000       x7=1c000000
21147130ns          365559 1c0093a8 02038393 addi             x7, x7, 32           x7=1c000020  x7:1c000000
21147150ns          365560 1c0093ac 0003a383 lw               x7, 0(x7)            x7=3f800000  x7:1c000020  PA:1c000020
21147508ns          365578 1c0093b0 1883f7d3 fdiv.s           f15, f7, f8         f15=xxxxxxxx  f7:3f800000  f8:421984fc
21148144ns          365610 1c0093b4 10f77653 fmul.s           f12, f14, f15       f12=xxxxxxxx f14:41fdb9a3 f15:3cd571fb
21148164ns          365611 1c0093b8 10f5f3d3 fmul.s           f7, f11, f15         f7=xxxxxxxx f11:41ace7ec f15:3cd571fb
21148184ns          365612 1c0093bc 10c6f853 fmul.s           f16, f13, f12       f16=xxxxxxxx f13:c0ef5b90 f12:3f538c6c
21148204ns          365613 1c0093c0 207395d3 fsgnjn.s         f11, f7, f7         f11=xxxxxxxx  f7:3f1029f3  f7:3f1029f3
21148224ns          365614 1c0093c4 000f2783 lw               x15, 0(x30)         x15=3f45939a x30:10001f20  PA:10001f20
21148244ns          365615 1c0093c8 000ea483 lw               x9, 0(x29)           x9=bed002c6 x29:10001f34  PA:10001f34
21148264ns          365616 1c0093cc 1077f953 fmul.s           f18, f15, f7        f18=xxxxxxxx f15:3f45939a  f7:3f1029f3
21148303ns          365618 1c0093d0 1074f553 fmul.s           f10, f9, f7         f10=xxxxxxxx  f9:bed002c6  f7:3f1029f3
21148343ns          365620 1c0093d4 10c8f753 fmul.s           f14, f17, f12       f14=xxxxxxxx f17:411b5502 f12:3f538c6c
21148363ns          365621 1c0093d8 90c4f4c7 fmsub.s          f9, f9, f12, f18     f9=xxxxxxxx  f9:bed002c6 f12:3f538c6c f18:3ede86ce
21148383ns          365622 1c0093dc 50c7f543 fmadd.s          f10, f15, f12, f10  f10=xxxxxxxx f15:3f45939a f12:3f538c6c f10:be6a474b
21148463ns          365626 1c0093e0 70b6f5c3 fmadd.s          f11, f13, f11, f14  f11=xxxxxxxx f13:c0ef5b90 f11:bf1029f3 f14:41005c45
21148502ns          365628 1c0093e4 009ea023 sw               x9, 0(x29)           x9:bf453598 x29:10001f34  PA:10001f34
21148522ns          365629 1c0093e8 00af2023 sw               x10, 0(x30)         x10:3ed1666b x30:10001f20  PA:10001f20
21148542ns          365630 1c0093ec 004f2503 lw               x10, 4(x30)         x10=3dda8fd7 x30:10001f20  PA:10001f24
21148980ns          365652 1c0093f0 004ea483 lw               x9, 4(x29)           x9=3f3dd903 x29:10001f34  PA:10001f38
21149020ns          365654 1c0093f4 10a3f9d3 fmul.s           f19, f7, f10        f19=xxxxxxxx  f7:3f1029f3 f10:3dda8fd7
21149039ns          365655 1c0093f8 1093f953 fmul.s           f18, f7, f9         f18=xxxxxxxx  f7:3f1029f3  f9:3f3dd903
21149059ns          365656 1c0093fc 008ba22b p.sw             x8, 4(x23!)         x23=10001dc8  x8:421984fc x23:10001dc4  PA:10001dc4
21149517ns          365679 1c009400 989674c7 fmsub.s          f9, f12, f9, f19     f9=xxxxxxxx f12:3f538c6c  f9:3f3dd903 f19:3d762973
21149557ns          365681 1c009404 90a67743 fmadd.s          f14, f12, f10, f18  f14=xxxxxxxx f12:3f538c6c f10:3dda8fd7 f18:3ed5d25b
21149576ns          365682 1c009408 8078f843 fmadd.s          f16, f17, f7, f16   f16=xxxxxxxx f17:411b5502  f7:3f1029f3 f16:c0c5cbc3
21149596ns          365683 1c00940c 009ea223 sw               x9, 4(x29)           x9:3f0d7f69 x29:10001f34  PA:10001f38
21150014ns          365704 1c009410 00ef2223 sw               x14, 4(x30)         x14:3f017cbc x30:10001f20  PA:10001f24
21150054ns          365706 1c009414 008f2703 lw               x14, 8(x30)         x14=3c56ac76 x30:10001f20  PA:10001f28
21150074ns          365707 1c009418 008ea483 lw               x9, 8(x29)           x9=3eaf3d53 x29:10001f34  PA:10001f3c
21150094ns          365708 1c00941c 10e3f953 fmul.s           f18, f7, f14        f18=xxxxxxxx  f7:3f1029f3 f14:3c56ac76
21150531ns          365730 1c009420 1093f6d3 fmul.s           f13, f7, f9         f13=xxxxxxxx  f7:3f1029f3  f9:3eaf3d53
21150571ns          365732 1c009424 000a2783 lw               x15, 0(x20)         x15=410ca8f0 x20:10001ddc  PA:10001ddc
21150591ns          365733 1c009428 909674c7 fmsub.s          f9, f12, f9, f18     f9=xxxxxxxx f12:3f538c6c  f9:3eaf3d53 f18:3bf1c860
21150611ns          365734 1c00942c 68e676c3 fmadd.s          f13, f12, f14, f13  f13=xxxxxxxx f12:3f538c6c f14:3c56ac76 f13:3e455e6c
21151068ns          365757 1c009430 10c7f553 fmul.s           f10, f15, f12       f10=xxxxxxxx f15:410ca8f0 f12:3f538c6c
21151108ns          365759 1c009434 009ea423 sw               x9, 8(x29)           x9:3e8d0889 x29:10001f34  PA:10001f3c
21151128ns          365760 1c009438 00cf2703 lw               x14, 12(x30)        x14=3f0069b6 x30:10001f20  PA:10001f2c
21151148ns          365761 1c00943c 00df2423 sw               x13, 8(x30)         x13:3e5074ca x30:10001f20  PA:10001f28
21151605ns          365784 1c009440 00cea683 lw               x13, 12(x29)        x13=3e3cbcd1 x29:10001f34  PA:10001f40
21151645ns          365786 1c009444 10e3f4d3 fmul.s           f9, f7, f14          f9=xxxxxxxx  f7:3f1029f3 f14:3f0069b6
21151665ns          365787 1c009448 10d3f453 fmul.s           f8, f7, f13          f8=xxxxxxxx  f7:3f1029f3 f13:3e3cbcd1
21151685ns          365788 1c00944c 00baa22b p.sw             x11, 4(x21!)        x21=10001dcc x11:4143c1a2 x21:10001dc8  PA:10001dc8
21152103ns          365809 1c009450 48d676c7 fmsub.s          f13, f12, f13, f9   f13=xxxxxxxx f12:3f538c6c f13:3e3cbcd1  f9:3e90a102
21152142ns          365811 1c009454 40e67743 fmadd.s          f14, f12, f14, f8   f14=xxxxxxxx f12:3f538c6c f14:3f0069b6  f8:3dd49246
21152162ns          365812 1c009458 00aa2023 sw               x10, 0(x20)         x10:40e878cb x20:10001ddc  PA:10001ddc
21152182ns          365813 1c00945c 00dea623 sw               x13, 12(x29)        x13:be054add x29:10001f34  PA:10001f40
21152620ns          365835 1c009460 010f2883 lw               x17, 16(x30)        x17=3ec05fcc x30:10001f20  PA:10001f30
21152660ns          365837 1c009464 00ef2623 sw               x14, 12(x30)        x14:3f04afda x30:10001f20  PA:10001f2c
21152679ns          365838 1c009468 010ea683 lw               x13, 16(x29)        x13=3ebb547d x29:10001f34  PA:10001f44
21152699ns          365839 1c00946c 1113f453 fmul.s           f8, f7, f17          f8=xxxxxxxx  f7:3f1029f3 f17:3ec05fcc
21153137ns          365861 1c009470 10d3f753 fmul.s           f14, f7, f13        f14=xxxxxxxx  f7:3f1029f3 f13:3ebb547d
21153177ns          365863 1c009474 1077f7d3 fmul.s           f15, f15, f7        f15=xxxxxxxx f15:410ca8f0  f7:3f1029f3
21153197ns          365864 1c009478 40d676c7 fmsub.s          f13, f12, f13, f8   f13=xxxxxxxx f12:3f538c6c f13:3ebb547d  f8:3e58aad1
21153216ns          365865 1c00947c 71167743 fmadd.s          f14, f12, f17, f14  f14=xxxxxxxx f12:3f538c6c f17:3ec05fcc f14:3e52fc71
21153694ns          365889 1c009480 001f8f93 addi             x31, x31, 1         x31=00000002 x31:00000001
21153734ns          365891 1c009482 00dea823 sw               x13, 16(x29)        x13:3db9dfef x29:10001f34  PA:10001f44
21153754ns          365892 1c009486 00ef2823 sw               x14, 16(x30)        x14:3f043b5a x30:10001f20  PA:10001f30
21153773ns          365893 1c00948a 014e8e93 addi             x29, x29, 20        x29=10001f48 x29:10001f34
21153793ns          365894 1c00948c 01430313 addi             x6, x6, 20           x6=10001ee4  x6:10001ed0
21153813ns          365895 1c00948e 014f0f13 addi             x30, x30, 20        x30=10001f34 x30:10001f20
21154191ns          365914 1c009490 014e0e13 addi             x28, x28, 20        x28=10001ed0 x28:10001ebc
21154231ns          365916 1c009492 2dfc4f63 blt              x24, x31, 734       x24:00000004 x31:00000002
21154251ns          365917 1c009496 002f9713 slli             x14, x31, 0x2       x14=00000008 x31:00000002
21154271ns          365918 1c00949a ffc70b13 addi             x22, x14, -4        x22=00000004 x14:00000008
21154708ns          365940 1c00949e 002c1913 slli             x18, x24, 0x2       x18=00000010 x24:00000004
21154748ns          365942 1c0094a2 01f70633 add              x12, x14, x31       x12=0000000a x14:00000008 x31:00000002
21154768ns          365943 1c0094a6 41690933 sub              x18, x18, x22       x18=0000000c x18:00000010 x22:00000004
21154788ns          365944 1c0094aa 02c10513 addi             x10, x2, 44         x10=10001dc4  x2:10001d98
21154808ns          365945 1c0094ac 04010593 addi             x11, x2, 64         x11=10001dd8  x2:10001d98
21154828ns          365946 1c0094ae 00261613 slli             x12, x12, 0x2       x12=00000028 x12:0000000a
21155225ns          365966 1c0094b0 00e50ab3 add              x21, x10, x14       x21=10001dcc x10:10001dc4 x14:00000008
21155265ns          365968 1c0094b4 00e58a33 add              x20, x11, x14       x20=10001de0 x11:10001dd8 x14:00000008
21155285ns          365969 1c0094b8 ffc90913 addi             x18, x18, -4        x18=00000008 x18:0000000c
21155305ns          365970 1c0094ba ff870713 addi             x14, x14, -8        x14=00000000 x14:00000008
21155325ns          365971 1c0094bc 04010693 addi             x13, x2, 64         x13=10001dd8  x2:10001d98
21155762ns          365993 1c0094be fec60e13 addi             x28, x12, -20       x28=00000014 x12:00000028
21155802ns          365995 1c0094c2 00295913 srli             x18, x18, 0x2       x18=00000002 x18:00000008
21155822ns          365996 1c0094c6 00e689b3 add              x19, x13, x14       x19=10001dd8 x13:10001dd8 x14:00000000
21155842ns          365997 1c0094ca ffcaa583 lw               x11, -4(x21)        x11=4143c1a2 x21:10001dcc  PA:10001dc8
21155862ns          365998 1c0094ce 02c10713 addi             x14, x2, 44         x14=10001dc4  x2:10001d98
21156280ns          366019 1c0094d0 ffca2503 lw               x10, -4(x20)        x10=40e878cb x20:10001de0  PA:10001ddc
21156319ns          366021 1c0094d4 00cc8f33 add              x30, x25, x12       x30=10001f48 x25:10001f20 x12:00000028
21156339ns          366022 1c0094d8 01cc8eb3 add              x29, x25, x28       x29=10001f34 x25:10001f20 x28:00000014
21156359ns          366023 1c0094dc 01a60633 add              x12, x12, x26       x12=10001ee4 x12:00000028 x26:10001ebc
21156379ns          366024 1c0094de 01ae0e33 add              x28, x28, x26       x28=10001ed0 x28:00000014 x26:10001ebc
21156797ns          366045 1c0094e0 00eb0b33 add              x22, x22, x14       x22=10001dc8 x22:00000004 x14:10001dc4
21156837ns          366047 1c0094e2 00000f93 addi             x31, x0, 0          x31=00000000
21156856ns          366048 1c0094e6 00190913 addi             x18, x18, 1         x18=00000003 x18:00000002
21156876ns          366049 1c0094e8 142940fb lp.setup         0x1, x18, 0x142     x18:00000003
21156896ns          366050 1c0094ec a1f81753 flt.s            x14, f16, f31       x14=00000001 f16:bf36c9c5 f31:00000000
21157314ns          366071 1c0094f0 010002b3 add              x5, x0, x16          x5=bf36c9c5 x16:bf36c9c5
21157334ns          366072 1c0094f2 00070363 beq              x14, x0, 6          x14:00000001
21157354ns          366073 1c0094f4 210812d3 fsgnjn.s         f5, f16, f16         f5=xxxxxxxx f16:bf36c9c5 f16:bf36c9c5
21157374ns          366074 1c0094f8 a1f79753 flt.s            x14, f15, f31       x14=00000000 f15:409e6c27 f31:00000000
21157394ns          366075 1c0094fc 00f006b3 add              x13, x0, x15        x13=409e6c27 x15:409e6c27
21157413ns          366076 1c0094fe 00070363 beq              x14, x0, 6          x14:00000000
21157911ns          366101 1c009504 a0569753 flt.s            x14, f13, f5        x14=00000000 f13:409e6c27  f5:3f36c9c5
21157931ns          366102 1c009508 01000333 add              x6, x0, x16          x6=bf36c9c5 x16:bf36c9c5
21157950ns          366103 1c00950a 00071263 bne              x14, x0, 4          x14:00000000
21157970ns          366104 1c00950c 00f00333 add              x6, x0, x15          x6=409e6c27 x15:409e6c27
21158368ns          366124 1c00950e 0056f753 fadd.s           f14, f13, f5        f14=xxxxxxxx f13:409e6c27  f5:3f36c9c5
21158408ns          366126 1c009512 a1f728d3 feq.s            x17, f14, f31       x17=00000000 f14:40b54560 f31:00000000
21158428ns          366127 1c009516 52089be3 bne              x17, x0, 3382       x17:00000000
21158448ns          366128 1c00951a 1c0003b7 lui              x7, 0x1c000000       x7=1c000000
21158885ns          366150 1c00951e 02038393 addi             x7, x7, 32           x7=1c000020  x7:1c000000
21158925ns          366152 1c009522 0003a383 lw               x7, 0(x7)            x7=3f800000  x7:1c000020  PA:1c000020
21159363ns          366174 1c009526 18e3f8d3 fdiv.s           f17, f7, f14        f17=xxxxxxxx  f7:3f800000 f14:40b54560
21160278ns          366220 1c00952a 10d8f6d3 fmul.s           f13, f17, f13       f13=xxxxxxxx f17:3e34c49d f13:409e6c27
21160298ns          366221 1c00952e 1058f8d3 fmul.s           f17, f17, f5        f17=xxxxxxxx f17:3e34c49d  f5:3f36c9c5
21160317ns          366222 1c009532 a1f312d3 flt.s            x5, f6, f31          x5=00000000  f6:409e6c27 f31:00000000
21160337ns          366223 1c009536 10d6f6d3 fmul.s           f13, f13, f13       f13=xxxxxxxx f13:3f5fbb6f f13:3f5fbb6f
21160357ns          366224 1c00953a 6918f6c3 fmadd.s          f13, f17, f17, f13  f13=xxxxxxxx f17:3e011241 f17:3e011241 f13:3f438815
21160417ns          366227 1c00953e 5806f353 fsqrt.s          f6, f13              f6=xxxxxxxx f13:3f47994b
21161392ns          366276 1c009542 10e37353 fmul.s           f6, f6, f14          f6=xxxxxxxx  f6:3f620c0f f14:40b54560
21161411ns          366277 1c009546 00028463 beq              x5, x0, 8            x5:00000000
21161551ns          366284 1c00954e 1c000437 lui              x8, 0x1c000000       x8=1c000000
21161571ns          366285 1c009552 02040413 addi             x8, x8, 32           x8=1c000020  x8:1c000000
21161590ns          366286 1c009556 00042403 lw               x8, 0(x8)            x8=3f800000  x8:1c000020  PA:1c000020
21161929ns          366303 1c009558 18647753 fdiv.s           f14, f8, f6         f14=xxxxxxxx  f8:3f800000  f6:40a00fc9
21162565ns          366335 1c00955c 10e876d3 fmul.s           f13, f16, f14       f13=xxxxxxxx f16:bf36c9c5 f14:3e4cb89a
21162585ns          366336 1c009560 10e7f7d3 fmul.s           f15, f15, f14       f15=xxxxxxxx f15:409e6c27 f14:3e4cb89a
21162605ns          366337 1c009564 000e2703 lw               x14, 0(x28)         x14=bf698600 x28:10001ed0  PA:10001ed0
21162625ns          366338 1c009568 00062803 lw               x16, 0(x12)         x16=80000000 x12:10001ee4  PA:10001ee4
21162645ns          366339 1c00956c 10e7f3d3 fmul.s           f7, f15, f14         f7=xxxxxxxx f15:3f7d60d8 f14:bf698600
21162684ns          366341 1c009570 1107f2d3 fmul.s           f5, f15, f16         f5=xxxxxxxx f15:3f7d60d8 f16:80000000
21162724ns          366343 1c009574 10f578d3 fmul.s           f17, f10, f15       f17=xxxxxxxx f10:40e878cb f15:3f7d60d8
21162744ns          366344 1c009578 3906f847 fmsub.s          f16, f13, f16, f7   f16=xxxxxxxx f13:be122c98 f16:80000000  f7:bf6721c5
21162764ns          366345 1c00957c 28e6f743 fmadd.s          f14, f13, f14, f5   f14=xxxxxxxx f13:be122c98 f14:bf698600  f5:80000000
21162844ns          366349 1c009580 88d5f8c3 fmadd.s          f17, f11, f13, f17  f17=xxxxxxxx f11:4143c1a2 f13:be122c98 f17:40e61752
21162883ns          366351 1c009584 01062023 sw               x16, 0(x12)         x16:3f6721c5 x12:10001ee4  PA:10001ee4
21162903ns          366352 1c009588 00ee2023 sw               x14, 0(x28)         x14:3e05571a x28:10001ed0  PA:10001ed0
21162923ns          366353 1c00958c 004e2703 lw               x14, 4(x28)         x14=3e910b0f x28:10001ed0  PA:10001ed4
21163341ns          366374 1c009590 00462803 lw               x16, 4(x12)         x16=3d987c4f x12:10001ee4  PA:10001ee8
21163381ns          366376 1c009594 10e7f453 fmul.s           f8, f15, f14         f8=xxxxxxxx f15:3f7d60d8 f14:3e910b0f
21163401ns          366377 1c009598 10f873d3 fmul.s           f7, f16, f15         f7=xxxxxxxx f16:3d987c4f f15:3f7d60d8
21163420ns          366378 1c00959c 10f5f2d3 fmul.s           f5, f11, f15         f5=xxxxxxxx f11:4143c1a2 f15:3f7d60d8
21163858ns          366400 1c0095a0 40d87847 fmsub.s          f16, f16, f13, f8   f16=xxxxxxxx f16:3d987c4f f13:be122c98  f8:3e8f8ecc
21163898ns          366402 1c0095a4 38e6f743 fmadd.s          f14, f13, f14, f7   f14=xxxxxxxx f13:be122c98 f14:3e910b0f  f7:3d96ec89
21163918ns          366403 1c0095a8 0069a22b p.sw             x6, 4(x19!)         x19=10001ddc  x6:40a00fc9 x19:10001dd8  PA:10001dd8
21163938ns          366404 1c0095ac 01062223 sw               x16, 4(x12)         x16:be94ffe3 x12:10001ee4  PA:10001ee8
21164395ns          366427 1c0095b0 00ee2223 sw               x14, 4(x28)         x14:3d0835ed x28:10001ed0  PA:10001ed4
21164435ns          366429 1c0095b4 008e2703 lw               x14, 8(x28)         x14=3d863de3 x28:10001ed0  PA:10001ed8
21164455ns          366430 1c0095b8 00862803 lw               x16, 8(x12)         x16=3f2ff39d x12:10001ee4  PA:10001eec
21164475ns          366431 1c0095bc 10f773d3 fmul.s           f7, f14, f15         f7=xxxxxxxx f14:3d863de3 f15:3f7d60d8
21164932ns          366454 1c0095c0 10f875d3 fmul.s           f11, f16, f15       f11=xxxxxxxx f16:3f2ff39d f15:3f7d60d8
21164972ns          366456 1c0095c4 28d57547 fmsub.s          f10, f10, f13, f5   f10=xxxxxxxx f10:40e878cb f13:be122c98  f5:4141c06b
21164992ns          366457 1c0095c8 38d873c7 fmsub.s          f7, f16, f13, f7     f7=xxxxxxxx f16:3f2ff39d f13:be122c98  f7:3d84ddf2
21165012ns          366458 1c0095cc 58d775c3 fmadd.s          f11, f14, f13, f11  f11=xxxxxxxx f14:3d863de3 f13:be122c98 f11:3f2e2652
21165429ns          366479 1c0095d0 a1f892d3 flt.s            x5, f17, f31         x5=00000000 f17:40ae340e f31:00000000
21165469ns          366481 1c0095d4 00762423 sw               x7, 8(x12)           x7:be26e68f x12:10001ee4  PA:10001eec
21165489ns          366482 1c0095d8 00ce2703 lw               x14, 12(x28)        x14=3e72401c x28:10001ed0  PA:10001edc
21165509ns          366483 1c0095dc 00be2423 sw               x11, 8(x28)         x11:3f2bc11d x28:10001ed0  PA:10001ed8
21165947ns          366505 1c0095e0 00c62383 lw               x7, 12(x12)          x7=bf149a9d x12:10001ee4  PA:10001ef0
21165986ns          366507 1c0095e4 10f77453 fmul.s           f8, f14, f15         f8=xxxxxxxx f14:3e72401c f15:3f7d60d8
21166006ns          366508 1c0095e8 10f3f5d3 fmul.s           f11, f7, f15        f11=xxxxxxxx  f7:bf149a9d f15:3f7d60d8
21166026ns          366509 1c0095ec 000aa803 lw               x16, 0(x21)         x16=415b00d9 x21:10001dcc  PA:10001dcc
21166464ns          366531 1c0095f0 40d3f3c7 fmsub.s          f7, f7, f13, f8      f7=xxxxxxxx  f7:bf149a9d f13:be122c98  f8:3e6fc500
21166503ns          366533 1c0095f4 58d775c3 fmadd.s          f11, f14, f13, f11  f11=xxxxxxxx f14:3e72401c f13:be122c98 f11:bf131505
21166523ns          366534 1c0095f8 00a9a023 sw               x10, 0(x19)         x10:c1525817 x19:10001ddc  PA:10001ddc
21166543ns          366535 1c0095fc 00762623 sw               x7, 12(x12)          x7:be1aeaf0 x12:10001ee4  PA:10001ef0
21167021ns          366559 1c009600 010e2703 lw               x14, 16(x28)        x14=3e296c5b x28:10001ed0  PA:10001ee0
21167060ns          366561 1c009604 00be2623 sw               x11, 12(x28)        x11:bf1bba31 x28:10001ed0  PA:10001edc
21167080ns          366562 1c009608 01062583 lw               x11, 16(x12)        x11=3edc4722 x12:10001ee4  PA:10001ef4
21167100ns          366563 1c00960a 10f773d3 fmul.s           f7, f14, f15         f7=xxxxxxxx f14:3e296c5b f15:3f7d60d8
21167518ns          366584 1c00960e 10f5f353 fmul.s           f6, f11, f15         f6=xxxxxxxx f11:3edc4722 f15:3f7d60d8
21167558ns          366586 1c009612 1107f7d3 fmul.s           f15, f15, f16       f15=xxxxxxxx f15:3f7d60d8 f16:415b00d9
21167578ns          366587 1c009616 38d5f5c7 fmsub.s          f11, f11, f13, f7   f11=xxxxxxxx f11:3edc4722 f13:be122c98  f7:3e27b02e
21167597ns          366588 1c00961a 30d77743 fmadd.s          f14, f14, f13, f6   f14=xxxxxxxx f14:3e296c5b f13:be122c98  f6:3eda05a1
21168035ns          366610 1c00961e 1106f6d3 fmul.s           f13, f13, f16       f13=xxxxxxxx f13:be122c98 f16:415b00d9
21168055ns          366611 1c009622 00b62823 sw               x11, 16(x12)        x11:be6693a6 x12:10001ee4  PA:10001ef4
21168075ns          366612 1c009624 00ee2823 sw               x14, 16(x28)        x14:3ecdedf7 x28:10001ed0  PA:10001ee0
21168095ns          366613 1c009628 01100333 add              x6, x0, x17          x6=40ae340e x17:40ae340e
21168115ns          366614 1c00962a 00028463 beq              x5, x0, 8            x5:00000000
21168612ns          366639 1c009632 a1f79753 flt.s            x14, f15, f31       x14=00000000 f15:4158c2b0 f31:00000000
21168632ns          366640 1c009636 420719e3 bne              x14, x0, 3122       x14:00000000
21168652ns          366641 1c00963a 00f00733 add              x14, x0, x15        x14=4158c2b0 x15:4158c2b0
21168672ns          366642 1c00963c a0671853 flt.s            x16, f14, f6        x16=00000000 f14:4158c2b0  f6:40ae340e
21169109ns          366664 1c009640 011003b3 add              x7, x0, x17          x7=40ae340e x17:40ae340e
21169149ns          366666 1c009642 00081363 bne              x16, x0, 6          x16:00000000
21169169ns          366667 1c009646 00f003b3 add              x7, x0, x15          x7=4158c2b0 x15:4158c2b0
21169189ns          366668 1c009648 006772d3 fadd.s           f5, f14, f6          f5=xxxxxxxx f14:4158c2b0  f6:40ae340e
21169209ns          366669 1c00964c a1f2a5d3 feq.s            x11, f5, f31        x11=00000000  f5:4197ee5c f31:00000000
21169626ns          366690 1c009650 3a0593e3 bne              x11, x0, 2982       x11:00000000
21169666ns          366692 1c009654 1c000437 lui              x8, 0x1c000000       x8=1c000000
21169686ns          366693 1c009658 02040413 addi             x8, x8, 32           x8=1c000020  x8:1c000000
21169706ns          366694 1c00965c 00042403 lw               x8, 0(x8)            x8=3f800000  x8:1c000020  PA:1c000020
21170203ns          366719 1c00965e 185475d3 fdiv.s           f11, f8, f5         f11=xxxxxxxx  f8:3f800000  f5:4197ee5c
21171257ns          366772 1c009662 10e5f753 fmul.s           f14, f11, f14       f14=xxxxxxxx f11:3d57ad3e f14:4158c2b0
21171277ns          366773 1c009666 a1f393d3 flt.s            x7, f7, f31          x7=00000000  f7:4158c2b0 f31:00000000
21171297ns          366774 1c00966a 1065f5d3 fmul.s           f11, f11, f6        f11=xxxxxxxx f11:3d57ad3e  f6:40ae340e
21171317ns          366775 1c00966e 10e77753 fmul.s           f14, f14, f14       f14=xxxxxxxx f14:3f369e32 f14:3f369e32
21171337ns          366776 1c009672 70b5f743 fmadd.s          f14, f11, f11, f14  f14=xxxxxxxx f11:3e92c39b f11:3e92c39b f14:3f024551
21171357ns          366777 1c009676 58077353 fsqrt.s          f6, f14              f6=xxxxxxxx f14:3f174e3e
21172371ns          366828 1c00967a 10537353 fmul.s           f6, f6, f5           f6=xxxxxxxx  f6:3f44cf67  f5:4197ee5c
21172391ns          366829 1c00967e 00038463 beq              x7, x0, 8            x7:00000000
21172471ns          366833 1c009686 1c0004b7 lui              x9, 0x1c000000       x9=1c000000
21172491ns          366834 1c00968a 02048493 addi             x9, x9, 32           x9=1c000020  x9:1c000000
21172511ns          366835 1c00968e 0004a483 lw               x9, 0(x9)            x9=3f800000  x9:1c000020  PA:1c000020
21172849ns          366852 1c009690 1864f753 fdiv.s           f14, f9, f6         f14=xxxxxxxx  f9:3f800000  f6:41699b2b
21173485ns          366884 1c009694 111778d3 fmul.s           f17, f14, f17       f17=xxxxxxxx f14:3d8c4532 f17:40ae340e
21173505ns          366885 1c009698 10f77753 fmul.s           f14, f14, f15       f14=xxxxxxxx f14:3d8c4532 f15:4158c2b0
21173525ns          366886 1c00969c 10a8f853 fmul.s           f16, f17, f10       f16=xxxxxxxx f17:3ebee71b f10:c1525817
21173545ns          366887 1c0096a0 20e71bd3 fsgnjn.s         f23, f14, f14       f23=xxxxxxxx f14:3f6d8a1e f14:3f6d8a1e
21173565ns          366888 1c0096a4 000ea783 lw               x15, 0(x29)         x15=bf453598 x29:10001f34  PA:10001f34
21173585ns          366889 1c0096a8 000f2383 lw               x7, 0(x30)           x7=3ee27546 x30:10001f48  PA:10001f48
21173604ns          366890 1c0096ac 10e7f453 fmul.s           f8, f15, f14         f8=xxxxxxxx f15:bf453598 f14:3f6d8a1e
21173644ns          366892 1c0096b0 10e3f2d3 fmul.s           f5, f7, f14          f5=xxxxxxxx  f7:3ee27546 f14:3f6d8a1e
21173684ns          366894 1c0096b4 006b222b p.sw             x6, 4(x22!)         x22=10001dcc  x6:41699b2b x22:10001dc8  PA:10001dc8
21173704ns          366895 1c0096b8 4113f3c7 fmsub.s          f7, f7, f17, f8      f7=xxxxxxxx  f7:3ee27546 f17:3ebee71b  f8:bf36fd04
21173724ns          366896 1c0096bc 2917f2c3 fmadd.s          f5, f15, f17, f5     f5=xxxxxxxx f15:bf453598 f17:3ebee71b  f5:3ed220c0
21173823ns          366901 1c0096c0 10d8f5d3 fmul.s           f11, f17, f13       f11=xxxxxxxx f17:3ebee71b f13:bffa1944
21173863ns          366903 1c0096c4 007f2023 sw               x7, 0(x30)           x7:3f6134e2 x30:10001f48  PA:10001f48
21173883ns          366904 1c0096c8 005ea023 sw               x5, 0(x29)           x5:3dfc43c4 x29:10001f34  PA:10001f34
21173903ns          366905 1c0096cc 004ea283 lw               x5, 4(x29)           x5=3f0d7f69 x29:10001f34  PA:10001f38
21174321ns          366926 1c0096d0 004f2383 lw               x7, 4(x30)           x7=3e4bf368 x30:10001f48  PA:10001f4c
21174360ns          366928 1c0096d4 10e2f4d3 fmul.s           f9, f5, f14          f9=xxxxxxxx  f5:3f0d7f69 f14:3f6d8a1e
21174380ns          366929 1c0096d8 10e3f453 fmul.s           f8, f7, f14          f8=xxxxxxxx  f7:3e4bf368 f14:3f6d8a1e
21174400ns          366930 1c0096dc 80d77843 fmadd.s          f16, f14, f13, f16  f16=xxxxxxxx f14:3f6d8a1e f13:bffa1944 f16:c09cdb45
21174838ns          366952 1c0096e0 4913f3c7 fmsub.s          f7, f7, f17, f9      f7=xxxxxxxx  f7:3e4bf368 f17:3ebee71b  f9:3f034b4b
21174878ns          366954 1c0096e4 4112f2c3 fmadd.s          f5, f5, f17, f8      f5=xxxxxxxx  f5:3f0d7f69 f17:3ebee71b  f8:3e3d3e60
21174897ns          366955 1c0096e8 000a2783 lw               x15, 0(x20)         x15=4054bfd3 x20:10001de0  PA:10001de0
21174917ns          366956 1c0096ec 007f2223 sw               x7, 4(x30)           x7:bee090e5 x30:10001f48  PA:10001f4c
21175355ns          366978 1c0096f0 005ea223 sw               x5, 4(x29)           x5:3ec8237d x29:10001f34  PA:10001f38
21175395ns          366980 1c0096f4 008ea283 lw               x5, 8(x29)           x5=3e8d0889 x29:10001f34  PA:10001f3c
21175415ns          366981 1c0096f8 008f2383 lw               x7, 8(x30)           x7=3f066a0e x30:10001f48  PA:10001f50
21175434ns          366982 1c0096fc 10e2f4d3 fmul.s           f9, f5, f14          f9=xxxxxxxx  f5:3e8d0889 f14:3f6d8a1e
21175892ns          367005 1c009700 10e3f453 fmul.s           f8, f7, f14          f8=xxxxxxxx  f7:3f066a0e f14:3f6d8a1e
21175932ns          367007 1c009704 58abf5c3 fmadd.s          f11, f23, f10, f11  f11=xxxxxxxx f23:bf6d8a1e f10:c1525817 f11:bf3a8088
21175952ns          367008 1c009708 4913f3c7 fmsub.s          f7, f7, f17, f9      f7=xxxxxxxx  f7:3f066a0e f17:3ebee71b  f9:3e82dcfe
21175971ns          367009 1c00970c 4112f2c3 fmadd.s          f5, f5, f17, f8      f5=xxxxxxxx  f5:3e8d0889 f17:3ebee71b  f8:3ef97168
21176409ns          367031 1c009710 1117f553 fmul.s           f10, f15, f17       f10=xxxxxxxx f15:4054bfd3 f17:3ebee71b
21176449ns          367033 1c009714 007f2423 sw               x7, 8(x30)           x7:bd75077e x30:10001f48  PA:10001f50
21176469ns          367034 1c009718 00cea303 lw               x6, 12(x29)          x6=be054add x29:10001f34  PA:10001f40
21176489ns          367035 1c00971c 005ea423 sw               x5, 8(x29)           x5:3f17039e x29:10001f34  PA:10001f3c
21176926ns          367057 1c009720 00cf2283 lw               x5, 12(x30)          x5=bf328417 x30:10001f48  PA:10001f54
21176966ns          367059 1c009724 10e37453 fmul.s           f8, f6, f14          f8=xxxxxxxx  f6:be054add f14:3f6d8a1e
21176986ns          367060 1c009728 10e2f3d3 fmul.s           f7, f5, f14          f7=xxxxxxxx  f5:bf328417 f14:3f6d8a1e
21177006ns          367061 1c00972c 014f0f13 addi             x30, x30, 20        x30=10001f5c x30:10001f48
21177443ns          367083 1c00972e 4112f2c7 fmsub.s          f5, f5, f17, f8      f5=xxxxxxxx  f5:bf328417 f17:3ebee71b  f8:bdf75c71
21177483ns          367085 1c009732 39137343 fmadd.s          f6, f6, f17, f7      f6=xxxxxxxx  f6:be054add f17:3ebee71b  f7:bf25a499
21177503ns          367086 1c009736 00baa22b p.sw             x11, 4(x21!)        x21=10001dd0 x11:41378501 x21:10001dcc  PA:10001dcc
21177523ns          367087 1c00973a fe5f2c23 sw               x5, -8(x30)          x5:be0e902a x30:10001f5c  PA:10001f54
21177980ns          367110 1c00973e 010ea683 lw               x13, 16(x29)        x13=3db9dfef x29:10001f34  PA:10001f44
21178020ns          367112 1c009742 006ea623 sw               x6, 12(x29)          x6:bf321156 x29:10001f34  PA:10001f40
21178040ns          367113 1c009746 ffcf2303 lw               x6, -4(x30)          x6=bd56d526 x30:10001f5c  PA:10001f58
21178060ns          367114 1c00974a 10e6f3d3 fmul.s           f7, f13, f14         f7=xxxxxxxx f13:3db9dfef f14:3f6d8a1e
21178478ns          367135 1c00974e 10e372d3 fmul.s           f5, f6, f14          f5=xxxxxxxx  f6:bd56d526 f14:3f6d8a1e
21178518ns          367137 1c009752 00aa222b p.sw             x10, 4(x20!)        x20=10001de4 x10:3f9ea66e x20:10001de0  PA:10001de0
21178537ns          367138 1c009756 39137347 fmsub.s          f6, f6, f17, f7      f6=xxxxxxxx  f6:bd56d526 f17:3ebee71b  f7:3dac7899
21178557ns          367139 1c00975a 2916f8c3 fmadd.s          f17, f13, f17, f5   f17=xxxxxxxx f13:3db9dfef f17:3ebee71b  f5:bd47573c
21178577ns          367140 1c00975e 01460613 addi             x12, x12, 20        x12=10001ef8 x12:10001ee4
21179015ns          367162 1c009760 fe6f2e23 sw               x6, -4(x30)          x6:bdd485a2 x30:10001f5c  PA:10001f58
21179055ns          367164 1c009764 011ea823 sw               x17, 16(x29)        x17:bc72ecf0 x29:10001f34  PA:10001f44
21179074ns          367165 1c009768 014e0e13 addi             x28, x28, 20        x28=10001ee4 x28:10001ed0
21179094ns          367166 1c00976a 014e8e93 addi             x29, x29, 20        x29=10001f48 x29:10001f34
21179114ns          367167 1c00976c 10e7f7d3 fmul.s           f15, f15, f14       f15=xxxxxxxx f15:4054bfd3 f14:3f6d8a1e
21179612ns          367192 1c0094ec a1f81753 flt.s            x14, f16, f31       x14=00000001 f16:c0d6df5a f31:00000000
21179691ns          367196 1c0094f0 010002b3 add              x5, x0, x16          x5=c0d6df5a x16:c0d6df5a
21179711ns          367197 1c0094f2 00070363 beq              x14, x0, 6          x14:00000001
21179731ns          367198 1c0094f4 210812d3 fsgnjn.s         f5, f16, f16         f5=xxxxxxxx f16:c0d6df5a f16:c0d6df5a
21179751ns          367199 1c0094f8 a1f79753 flt.s            x14, f15, f31       x14=00000000 f15:4045685f f31:00000000
21179771ns          367200 1c0094fc 00f006b3 add              x13, x0, x15        x13=4045685f x15:4045685f
21179791ns          367201 1c0094fe 00070363 beq              x14, x0, 6          x14:00000000
21179870ns          367205 1c009504 a0569753 flt.s            x14, f13, f5        x14=00000001 f13:4045685f  f5:40d6df5a
21179890ns          367206 1c009508 01000333 add              x6, x0, x16          x6=c0d6df5a x16:c0d6df5a
21179910ns          367207 1c00950a 00071263 bne              x14, x0, 4          x14:00000001
21180029ns          367213 1c00950e 0056f753 fadd.s           f14, f13, f5        f14=xxxxxxxx f13:4045685f  f5:40d6df5a
21180049ns          367214 1c009512 a1f728d3 feq.s            x17, f14, f31       x17=00000000 f14:411cc9c5 f31:00000000
21180069ns          367215 1c009516 52089be3 bne              x17, x0, 3382       x17:00000000
21180089ns          367216 1c00951a 1c0003b7 lui              x7, 0x1c000000       x7=1c000000
21180109ns          367217 1c00951e 02038393 addi             x7, x7, 32           x7=1c000020  x7:1c000000
21180129ns          367218 1c009522 0003a383 lw               x7, 0(x7)            x7=3f800000  x7:1c000020  PA:1c000020
21180487ns          367236 1c009526 18e3f8d3 fdiv.s           f17, f7, f14        f17=xxxxxxxx  f7:3f800000 f14:411cc9c5
21181501ns          367287 1c00952a 10d8f6d3 fmul.s           f13, f17, f13       f13=xxxxxxxx f17:3dd0fed0 f13:4045685f
21181521ns          367288 1c00952e 1058f8d3 fmul.s           f17, f17, f5        f17=xxxxxxxx f17:3dd0fed0  f5:40d6df5a
21181541ns          367289 1c009532 a1f312d3 flt.s            x5, f6, f31          x5=00000001  f6:c0d6df5a f31:00000000
21181561ns          367290 1c009536 10d6f6d3 fmul.s           f13, f13, f13       f13=xxxxxxxx f13:3ea1294b f13:3ea1294b
21181581ns          367291 1c00953a 6918f6c3 fmadd.s          f13, f17, f17, f13  f13=xxxxxxxx f17:3f2f6b59 f17:3f2f6b59 f13:3dcae9ee
21181640ns          367294 1c00953e 5806f353 fsqrt.s          f6, f13              f6=xxxxxxxx f13:3f11912e
21182615ns          367343 1c009542 10e37353 fmul.s           f6, f6, f14          f6=xxxxxxxx  f6:3f410abb f14:411cc9c5
21182635ns          367344 1c009546 00028463 beq              x5, x0, 8            x5:00000001
21182655ns          367345 1c00954a 20631353 fsgnjn.s         f6, f6, f6           f6=xxxxxxxx  f6:40ec7560  f6:40ec7560
21182675ns          367346 1c00954e 1c000437 lui              x8, 0x1c000000       x8=1c000000
21182695ns          367347 1c009552 02040413 addi             x8, x8, 32           x8=1c000020  x8:1c000000
21182714ns          367348 1c009556 00042403 lw               x8, 0(x8)            x8=3f800000  x8:1c000020  PA:1c000020
21183033ns          367364 1c009558 18647753 fdiv.s           f14, f8, f6         f14=xxxxxxxx  f8:3f800000  f6:c0ec7560
21183729ns          367399 1c00955c 10e876d3 fmul.s           f13, f16, f14       f13=xxxxxxxx f16:c0d6df5a f14:be0a9407
21183749ns          367400 1c009560 10e7f7d3 fmul.s           f15, f15, f14       f15=xxxxxxxx f15:4045685f f14:be0a9407
21183769ns          367401 1c009564 000e2703 lw               x14, 0(x28)         x14=3f6721c5 x28:10001ee4  PA:10001ee4
21183789ns          367402 1c009568 00062803 lw               x16, 0(x12)         x16=00000000 x12:10001ef8  PA:10001ef8
21183808ns          367403 1c00956c 10e7f3d3 fmul.s           f7, f15, f14         f7=xxxxxxxx f15:bed5b8d2 f14:3f6721c5
21183848ns          367405 1c009570 1107f2d3 fmul.s           f5, f15, f16         f5=xxxxxxxx f15:bed5b8d2 f16:00000000
21183888ns          367407 1c009574 10f578d3 fmul.s           f17, f10, f15       f17=xxxxxxxx f10:3f9ea66e f15:bed5b8d2
21183908ns          367408 1c009578 3906f847 fmsub.s          f16, f13, f16, f7   f16=xxxxxxxx f13:3f68a14b f16:00000000  f7:bec0f5f7
21183928ns          367409 1c00957c 28e6f743 fmadd.s          f14, f13, f14, f5   f14=xxxxxxxx f13:3f68a14b f14:3f6721c5  f5:80000000
21183987ns          367412 1c009580 88d5f8c3 fmadd.s          f17, f11, f13, f17  f17=xxxxxxxx f11:41378501 f13:3f68a14b f17:bf047303
21184027ns          367414 1c009584 01062023 sw               x16, 0(x12)         x16:3ec0f5f7 x12:10001ef8  PA:10001ef8
21184047ns          367415 1c009588 00ee2023 sw               x14, 0(x28)         x14:3f52083a x28:10001ee4  PA:10001ee4
21184067ns          367416 1c00958c 004e2703 lw               x14, 4(x28)         x14=be94ffe3 x28:10001ee4  PA:10001ee8
21184087ns          367417 1c009590 00462803 lw               x16, 4(x12)         x16=3f355001 x12:10001ef8  PA:10001efc
21184107ns          367418 1c009594 10e7f453 fmul.s           f8, f15, f14         f8=xxxxxxxx f15:bed5b8d2 f14:be94ffe3
21184127ns          367419 1c009598 10f873d3 fmul.s           f7, f16, f15         f7=xxxxxxxx f16:3f355001 f15:bed5b8d2
21184147ns          367420 1c00959c 10f5f2d3 fmul.s           f5, f11, f15         f5=xxxxxxxx f11:41378501 f15:bed5b8d2
21184206ns          367423 1c0095a0 40d87847 fmsub.s          f16, f16, f13, f8   f16=xxxxxxxx f16:3f355001 f13:3f68a14b  f8:3df8c8f4
21184246ns          367425 1c0095a4 38e6f743 fmadd.s          f14, f13, f14, f7   f14=xxxxxxxx f13:3f68a14b f14:be94ffe3  f7:be975e77
21184266ns          367426 1c0095a8 0069a22b p.sw             x6, 4(x19!)         x19=10001de0  x6:c0ec7560 x19:10001ddc  PA:10001ddc
21184286ns          367427 1c0095ac 01062223 sw               x16, 4(x12)         x16:3f05a99f x12:10001ef8  PA:10001efc
21184346ns          367430 1c0095b0 00ee2223 sw               x14, 4(x28)         x14:bf0f621f x28:10001ee4  PA:10001ee8
21184385ns          367432 1c0095b4 008e2703 lw               x14, 8(x28)         x14=be26e68f x28:10001ee4  PA:10001eec
21184405ns          367433 1c0095b8 00862803 lw               x16, 8(x12)         x16=beabe186 x12:10001ef8  PA:10001f00
21184425ns          367434 1c0095bc 10f773d3 fmul.s           f7, f14, f15         f7=xxxxxxxx f14:be26e68f f15:bed5b8d2
21184445ns          367435 1c0095c0 10f875d3 fmul.s           f11, f16, f15       f11=xxxxxxxx f16:beabe186 f15:bed5b8d2
21184465ns          367436 1c0095c4 28d57547 fmsub.s          f10, f10, f13, f5   f10=xxxxxxxx f10:3f9ea66e f13:3f68a14b  f5:c0993628
21184485ns          367437 1c0095c8 38d873c7 fmsub.s          f7, f16, f13, f7     f7=xxxxxxxx f16:beabe186 f13:3f68a14b  f7:3d8b5654
21184505ns          367438 1c0095cc 58d775c3 fmadd.s          f11, f14, f13, f11  f11=xxxxxxxx f14:be26e68f f13:3f68a14b f11:3e0f7ebc
21184564ns          367441 1c0095d0 a1f892d3 flt.s            x5, f17, f31         x5=00000000 f17:411e7cf9 f31:00000000
21184604ns          367443 1c0095d4 00762423 sw               x7, 8(x12)           x7:bebf0642 x12:10001ef8  PA:10001f00
21184624ns          367444 1c0095d8 00ce2703 lw               x14, 12(x28)        x14=be1aeaf0 x28:10001ee4  PA:10001ef0
21184644ns          367445 1c0095dc 00be2423 sw               x11, 8(x28)         x11:bc02b5d8 x28:10001ee4  PA:10001eec
21184704ns          367448 1c0095e0 00c62383 lw               x7, 12(x12)          x7=bf099121 x12:10001ef8  PA:10001f04
21184743ns          367450 1c0095e4 10f77453 fmul.s           f8, f14, f15         f8=xxxxxxxx f14:be1aeaf0 f15:bed5b8d2
21184763ns          367451 1c0095e8 10f3f5d3 fmul.s           f11, f7, f15        f11=xxxxxxxx  f7:bf099121 f15:bed5b8d2
21184783ns          367452 1c0095ec 000aa803 lw               x16, 0(x21)         x16=410bf236 x21:10001dd0  PA:10001dd0
21184843ns          367455 1c0095f0 40d3f3c7 fmsub.s          f7, f7, f13, f8      f7=xxxxxxxx  f7:bf099121 f13:3f68a14b  f8:3d815552
21184883ns          367457 1c0095f4 58d775c3 fmadd.s          f11, f14, f13, f11  f11=xxxxxxxx f14:be1aeaf0 f13:3f68a14b f11:3e65b223
21184902ns          367458 1c0095f8 00a9a023 sw               x10, 0(x19)         x10:40bd40da x19:10001de0  PA:10001de0
21184922ns          367459 1c0095fc 00762623 sw               x7, 12(x12)          x7:bf0d2cdd x12:10001ef8  PA:10001f04
21184982ns          367462 1c009600 010e2703 lw               x14, 16(x28)        x14=be6693a6 x28:10001ee4  PA:10001ef4
21185022ns          367464 1c009604 00be2623 sw               x11, 12(x28)        x11:3db1d73d x28:10001ee4  PA:10001ef0
21185042ns          367465 1c009608 01062583 lw               x11, 16(x12)        x11=be9f6408 x12:10001ef8  PA:10001f08
21185062ns          367466 1c00960a 10f773d3 fmul.s           f7, f14, f15         f7=xxxxxxxx f14:be6693a6 f15:bed5b8d2
21185081ns          367467 1c00960e 10f5f353 fmul.s           f6, f11, f15         f6=xxxxxxxx f11:be9f6408 f15:bed5b8d2
21185101ns          367468 1c009612 1107f7d3 fmul.s           f15, f15, f16       f15=xxxxxxxx f15:bed5b8d2 f16:410bf236
21185121ns          367469 1c009616 38d5f5c7 fmsub.s          f11, f11, f13, f7   f11=xxxxxxxx f11:be9f6408 f13:3f68a14b  f7:3dc07f50
21185141ns          367470 1c00961a 30d77743 fmadd.s          f14, f14, f13, f6   f14=xxxxxxxx f14:be6693a6 f13:3f68a14b  f6:3e05114d
21185161ns          367471 1c00961e 1106f6d3 fmul.s           f13, f13, f16       f13=xxxxxxxx f13:3f68a14b f16:410bf236
21185181ns          367472 1c009622 00b62823 sw               x11, 16(x12)        x11:bec0f6e8 x12:10001ef8  PA:10001f08
21185201ns          367473 1c009624 00ee2823 sw               x14, 16(x28)        x14:bd98eb90 x28:10001ee4  PA:10001ef4
21185221ns          367474 1c009628 01100333 add              x6, x0, x17          x6=411e7cf9 x17:411e7cf9
21185241ns          367475 1c00962a 00028463 beq              x5, x0, 8            x5:00000000
21185340ns          367480 1c009632 a1f79753 flt.s            x14, f15, f31       x14=00000001 f15:c069ab20 f31:00000000
21185360ns          367481 1c009636 420719e3 bne              x14, x0, 3122       x14:00000001
21185897ns          367508 1c00a268 20f79753 fsgnjn.s         f14, f15, f15       f14=xxxxxxxx f15:c069ab20 f15:c069ab20
21185937ns          367510 1c00a26c bd0ff06f jal              x0, -3120          
21186414ns          367534 1c00963c a0671853 flt.s            x16, f14, f6        x16=00000001 f14:4069ab20  f6:411e7cf9
21186434ns          367535 1c009640 011003b3 add              x7, x0, x17          x7=411e7cf9 x17:411e7cf9
21186454ns          367536 1c009642 00081363 bne              x16, x0, 6          x16:00000001
21186514ns          367539 1c009648 006772d3 fadd.s           f5, f14, f6          f5=xxxxxxxx f14:4069ab20  f6:411e7cf9
21186533ns          367540 1c00964c a1f2a5d3 feq.s            x11, f5, f31        x11=00000000  f5:4158e7c1 f31:00000000
21186593ns          367543 1c009650 3a0593e3 bne              x11, x0, 2982       x11:00000000
21186633ns          367545 1c009654 1c000437 lui              x8, 0x1c000000       x8=1c000000
21186653ns          367546 1c009658 02040413 addi             x8, x8, 32           x8=1c000020  x8:1c000000
21186673ns          367547 1c00965c 00042403 lw               x8, 0(x8)            x8=3f800000  x8:1c000020  PA:1c000020
21187031ns          367565 1c00965e 185475d3 fdiv.s           f11, f8, f5         f11=xxxxxxxx  f8:3f800000  f5:4158e7c1
21187369ns          367582 1c009662 10e5f753 fmul.s           f14, f11, f14       f14=xxxxxxxx f11:3d97120f f14:4069ab20
21187389ns          367583 1c009666 a1f393d3 flt.s            x7, f7, f31          x7=00000000  f7:411e7cf9 f31:00000000
21187409ns          367584 1c00966a 1065f5d3 fmul.s           f11, f11, f6        f11=xxxxxxxx f11:3d97120f  f6:411e7cf9
21187429ns          367585 1c00966e 10e77753 fmul.s           f14, f14, f14       f14=xxxxxxxx f14:3e89e46c f14:3e89e46c
21187448ns          367586 1c009672 70b5f743 fmadd.s          f14, f11, f11, f14  f14=xxxxxxxx f11:3f3b0dca f11:3f3b0dca f14:3d948c8f
21187468ns          367587 1c009676 58077353 fsqrt.s          f6, f14              f6=xxxxxxxx f14:3f1b3eb8
21187926ns          367610 1c00967a 10537353 fmul.s           f6, f6, f5           f6=xxxxxxxx  f6:3f475b13  f5:4158e7c1
21187946ns          367611 1c00967e 00038463 beq              x7, x0, 8            x7:00000000
21188025ns          367615 1c009686 1c0004b7 lui              x9, 0x1c000000       x9=1c000000
21188045ns          367616 1c00968a 02048493 addi             x9, x9, 32           x9=1c000020  x9:1c000000
21188065ns          367617 1c00968e 0004a483 lw               x9, 0(x9)            x9=3f800000  x9:1c000020  PA:1c000020
21188383ns          367633 1c009690 1864f753 fdiv.s           f14, f9, f6         f14=xxxxxxxx  f9:3f800000  f6:4128e952
21188662ns          367647 1c009694 111778d3 fmul.s           f17, f14, f17       f17=xxxxxxxx f14:3dc1fec4 f17:411e7cf9
21188682ns          367648 1c009698 10f77753 fmul.s           f14, f14, f15       f14=xxxxxxxx f14:3dc1fec4 f15:c069ab20
21188702ns          367649 1c00969c 10a8f853 fmul.s           f16, f17, f10       f16=xxxxxxxx f17:3f7033e2 f10:40bd40da
21188721ns          367650 1c0096a0 20e71bd3 fsgnjn.s         f23, f14, f14       f23=xxxxxxxx f14:beb1128e f14:beb1128e
21188741ns          367651 1c0096a4 000ea783 lw               x15, 0(x29)         x15=3f6134e2 x29:10001f48  PA:10001f48
21188761ns          367652 1c0096a8 000f2383 lw               x7, 0(x30)           x7=3e54a7a5 x30:10001f5c  PA:10001f5c
21188781ns          367653 1c0096ac 10e7f453 fmul.s           f8, f15, f14         f8=xxxxxxxx f15:3f6134e2 f14:beb1128e
21188801ns          367654 1c0096b0 10e3f2d3 fmul.s           f5, f7, f14          f5=xxxxxxxx  f7:3e54a7a5 f14:beb1128e
21188821ns          367655 1c0096b4 006b222b p.sw             x6, 4(x22!)         x22=10001dd0  x6:4128e952 x22:10001dcc  PA:10001dcc
21188841ns          367656 1c0096b8 4113f3c7 fmsub.s          f7, f7, f17, f8      f7=xxxxxxxx  f7:3e54a7a5 f17:3f7033e2  f8:be9bc5e3
21188861ns          367657 1c0096bc 2917f2c3 fmadd.s          f5, f15, f17, f5     f5=xxxxxxxx f15:3f6134e2 f17:3f7033e2  f5:bd931753
21188881ns          367658 1c0096c0 10d8f5d3 fmul.s           f11, f17, f13       f11=xxxxxxxx f17:3f7033e2 f13:40fe575b
21188900ns          367659 1c0096c4 007f2023 sw               x7, 0(x30)           x7:3eff8a05 x30:10001f5c  PA:10001f5c
21188920ns          367660 1c0096c8 005ea023 sw               x5, 0(x29)           x5:3f40ec4e x29:10001f48  PA:10001f48
21188940ns          367661 1c0096cc 004ea283 lw               x5, 4(x29)           x5=bee090e5 x29:10001f48  PA:10001f4c
21188960ns          367662 1c0096d0 004f2383 lw               x7, 4(x30)           x7=3f21aa40 x30:10001f5c  PA:10001f60
21188980ns          367663 1c0096d4 10e2f4d3 fmul.s           f9, f5, f14          f9=xxxxxxxx  f5:bee090e5 f14:beb1128e
21189000ns          367664 1c0096d8 10e3f453 fmul.s           f8, f7, f14          f8=xxxxxxxx  f7:3f21aa40 f14:beb1128e
21189020ns          367665 1c0096dc 80d77843 fmadd.s          f16, f14, f13, f16  f16=xxxxxxxx f14:beb1128e f13:40fe575b f16:40b19327
21189060ns          367667 1c0096e0 4913f3c7 fmsub.s          f7, f7, f17, f9      f7=xxxxxxxx  f7:3f21aa40 f17:3f7033e2  f9:3e1b5475
21189099ns          367669 1c0096e4 4112f2c3 fmadd.s          f5, f5, f17, f8      f5=xxxxxxxx  f5:bee090e5 f17:3f7033e2  f8:be5fa4dc
21189119ns          367670 1c0096e8 000a2783 lw               x15, 0(x20)         x15=40a89541 x20:10001de4  PA:10001de4
21189139ns          367671 1c0096ec 007f2223 sw               x7, 4(x30)           x7:3ee1b685 x30:10001f5c  PA:10001f60
21189199ns          367674 1c0096f0 005ea223 sw               x5, 4(x29)           x5:bf2143e4 x29:10001f48  PA:10001f4c
21189239ns          367676 1c0096f4 008ea283 lw               x5, 8(x29)           x5=bd75077e x29:10001f48  PA:10001f50
21189259ns          367677 1c0096f8 008f2383 lw               x7, 8(x30)           x7=bf0edb02 x30:10001f5c  PA:10001f64
21189278ns          367678 1c0096fc 10e2f4d3 fmul.s           f9, f5, f14          f9=xxxxxxxx  f5:bd75077e f14:beb1128e
21189338ns          367681 1c009700 10e3f453 fmul.s           f8, f7, f14          f8=xxxxxxxx  f7:bf0edb02 f14:beb1128e
21189378ns          367683 1c009704 58abf5c3 fmadd.s          f11, f23, f10, f11  f11=xxxxxxxx f23:3eb1128e f10:40bd40da f11:40eea571
21189398ns          367684 1c009708 4913f3c7 fmsub.s          f7, f7, f17, f9      f7=xxxxxxxx  f7:bf0edb02 f17:3f7033e2  f9:3ca97bf1
21189418ns          367685 1c00970c 4112f2c3 fmadd.s          f5, f5, f17, f8      f5=xxxxxxxx  f5:bd75077e f17:3f7033e2  f8:3e459f8e
21189477ns          367688 1c009710 1117f553 fmul.s           f10, f15, f17       f10=xxxxxxxx f15:40a89541 f17:3f7033e2
21189517ns          367690 1c009714 007f2423 sw               x7, 8(x30)           x7:bf0b5625 x30:10001f5c  PA:10001f64
21189537ns          367691 1c009718 00cea303 lw               x6, 12(x29)          x6=be0e902a x29:10001f48  PA:10001f54
21189557ns          367692 1c00971c 005ea423 sw               x5, 8(x29)           x5:3e0c2562 x29:10001f48  PA:10001f50
21189617ns          367695 1c009720 00cf2283 lw               x5, 12(x30)          x5=bd91a080 x30:10001f5c  PA:10001f68
21189656ns          367697 1c009724 10e37453 fmul.s           f8, f6, f14          f8=xxxxxxxx  f6:be0e902a f14:beb1128e
21189676ns          367698 1c009728 10e2f3d3 fmul.s           f7, f5, f14          f7=xxxxxxxx  f5:bd91a080 f14:beb1128e
21189696ns          367699 1c00972c 014f0f13 addi             x30, x30, 20        x30=10001f70 x30:10001f5c
21189716ns          367700 1c00972e 4112f2c7 fmsub.s          f5, f5, f17, f8      f5=xxxxxxxx  f5:bd91a080 f17:3f7033e2  f8:3d453805
21189736ns          367701 1c009732 39137343 fmadd.s          f6, f6, f17, f7      f6=xxxxxxxx  f6:be0e902a f17:3f7033e2  f7:3cc9750d
21189756ns          367702 1c009736 00baa22b p.sw             x11, 4(x21!)        x21=10001dd4 x11:41180c9c x21:10001dd0  PA:10001dd0
21189776ns          367703 1c00973a fe5f2c23 sw               x5, -8(x30)          x5:bdeb3ffe x30:10001f70  PA:10001f68
21189796ns          367704 1c00973e 010ea683 lw               x13, 16(x29)        x13=bdd485a2 x29:10001f48  PA:10001f58
21189815ns          367705 1c009742 006ea623 sw               x6, 12(x29)          x6:bdd92ad5 x29:10001f48  PA:10001f54
21189835ns          367706 1c009746 ffcf2303 lw               x6, -4(x30)          x6=befbac9c x30:10001f70  PA:10001f6c
21189855ns          367707 1c00974a 10e6f3d3 fmul.s           f7, f13, f14         f7=xxxxxxxx f13:bdd485a2 f14:beb1128e
21189875ns          367708 1c00974e 10e372d3 fmul.s           f5, f6, f14          f5=xxxxxxxx  f6:befbac9c f14:beb1128e
21189895ns          367709 1c009752 00aa222b p.sw             x10, 4(x20!)        x20=10001de8 x10:409e2e17 x20:10001de4  PA:10001de4
21189915ns          367710 1c009756 39137347 fmsub.s          f6, f6, f17, f7      f6=xxxxxxxx  f6:befbac9c f17:3f7033e2  f7:3d12ffcc
21189935ns          367711 1c00975a 2916f8c3 fmadd.s          f17, f13, f17, f5   f17=xxxxxxxx f13:bdd485a2 f17:3f7033e2  f5:3e2e1496
21189955ns          367712 1c00975e 01460613 addi             x12, x12, 20        x12=10001f0c x12:10001ef8
21189975ns          367713 1c009760 fe6f2e23 sw               x6, -4(x30)          x6:befe84cd x30:10001f70  PA:10001f6c
21189994ns          367714 1c009764 011ea823 sw               x17, 16(x29)        x17:3d94c0d2 x29:10001f48  PA:10001f58
21190014ns          367715 1c009768 014e0e13 addi             x28, x28, 20        x28=10001ef8 x28:10001ee4
21190034ns          367716 1c00976a 014e8e93 addi             x29, x29, 20        x29=10001f5c x29:10001f48
21190054ns          367717 1c00976c 10e7f7d3 fmul.s           f15, f15, f14       f15=xxxxxxxx f15:40a89541 f14:beb1128e
21190154ns          367722 1c0094ec a1f81753 flt.s            x14, f16, f31       x14=00000000 f16:40333979 f31:00000000
21190233ns          367726 1c0094f0 010002b3 add              x5, x0, x16          x5=40333979 x16:40333979
21190253ns          367727 1c0094f2 00070363 beq              x14, x0, 6          x14:00000000
21190313ns          367730 1c0094f8 a1f79753 flt.s            x14, f15, f31       x14=00000001 f15:bfe936d4 f31:00000000
21190333ns          367731 1c0094fc 00f006b3 add              x13, x0, x15        x13=bfe936d4 x15:bfe936d4
21190353ns          367732 1c0094fe 00070363 beq              x14, x0, 6          x14:00000001
21190392ns          367734 1c009500 20f796d3 fsgnjn.s         f13, f15, f15       f13=xxxxxxxx f15:bfe936d4 f15:bfe936d4
21190432ns          367736 1c009504 a0569753 flt.s            x14, f13, f5        x14=00000001 f13:3fe936d4  f5:40333979
21190452ns          367737 1c009508 01000333 add              x6, x0, x16          x6=40333979 x16:40333979
21190472ns          367738 1c00950a 00071263 bne              x14, x0, 4          x14:00000001
21190591ns          367744 1c00950e 0056f753 fadd.s           f14, f13, f5        f14=xxxxxxxx f13:3fe936d4  f5:40333979
21190611ns          367745 1c009512 a1f728d3 feq.s            x17, f14, f31       x17=00000000 f14:4093ea72 f31:00000000
21190631ns          367746 1c009516 52089be3 bne              x17, x0, 3382       x17:00000000
21190651ns          367747 1c00951a 1c0003b7 lui              x7, 0x1c000000       x7=1c000000
21190671ns          367748 1c00951e 02038393 addi             x7, x7, 32           x7=1c000020  x7:1c000000
21190691ns          367749 1c009522 0003a383 lw               x7, 0(x7)            x7=3f800000  x7:1c000020  PA:1c000020
21191009ns          367765 1c009526 18e3f8d3 fdiv.s           f17, f7, f14        f17=xxxxxxxx  f7:3f800000 f14:4093ea72
21191287ns          367779 1c00952a 10d8f6d3 fmul.s           f13, f17, f13       f13=xxxxxxxx f17:3e5d880c f13:3fe936d4
21191307ns          367780 1c00952e 1058f8d3 fmul.s           f17, f17, f5        f17=xxxxxxxx f17:3e5d880c  f5:40333979
21191327ns          367781 1c009532 a1f312d3 flt.s            x5, f6, f31          x5=00000000  f6:40333979 f31:00000000
21191347ns          367782 1c009536 10d6f6d3 fmul.s           f13, f13, f13       f13=xxxxxxxx f13:3ec9d045 f13:3ec9d045
21191367ns          367783 1c00953a 6918f6c3 fmadd.s          f13, f17, f17, f13  f13=xxxxxxxx f17:3f1b17dc f17:3f1b17dc f13:3e1f18b6
21191387ns          367784 1c00953e 5806f353 fsqrt.s          f6, f13              f6=xxxxxxxx f13:3f05bc14
21192123ns          367821 1c009542 10e37353 fmul.s           f6, f6, f14          f6=xxxxxxxx  f6:3f3907aa f14:4093ea72
21192143ns          367822 1c009546 00028463 beq              x5, x0, 8            x5:00000000
21192222ns          367826 1c00954e 1c000437 lui              x8, 0x1c000000       x8=1c000000
21192242ns          367827 1c009552 02040413 addi             x8, x8, 32           x8=1c000020  x8:1c000000
21192262ns          367828 1c009556 00042403 lw               x8, 0(x8)            x8=3f800000  x8:1c000020  PA:1c000020
21192580ns          367844 1c009558 18647753 fdiv.s           f14, f8, f6         f14=xxxxxxxx  f8:3f800000  f6:4055d1b4
21192859ns          367858 1c00955c 10e876d3 fmul.s           f13, f16, f14       f13=xxxxxxxx f16:40333979 f14:3e994042
21192879ns          367859 1c009560 10e7f7d3 fmul.s           f15, f15, f14       f15=xxxxxxxx f15:bfe936d4 f14:3e994042
21192899ns          367860 1c009564 000e2703 lw               x14, 0(x28)         x14=3ec0f5f7 x28:10001ef8  PA:10001ef8
21192918ns          367861 1c009568 00062803 lw               x16, 0(x12)         x16=80000000 x12:10001f0c  PA:10001f0c
21192938ns          367862 1c00956c 10e7f3d3 fmul.s           f7, f15, f14         f7=xxxxxxxx f15:bf0b9c4f f14:3ec0f5f7
21192958ns          367863 1c009570 1107f2d3 fmul.s           f5, f15, f16         f5=xxxxxxxx f15:bf0b9c4f f16:80000000
21192978ns          367864 1c009574 10f578d3 fmul.s           f17, f10, f15       f17=xxxxxxxx f10:409e2e17 f15:bf0b9c4f
21192998ns          367865 1c009578 3906f847 fmsub.s          f16, f13, f16, f7   f16=xxxxxxxx f13:3f5694ac f16:80000000  f7:be5276bd
21193018ns          367866 1c00957c 28e6f743 fmadd.s          f14, f13, f14, f5   f14=xxxxxxxx f13:3f5694ac f14:3ec0f5f7  f5:00000000
21193058ns          367868 1c009580 88d5f8c3 fmadd.s          f17, f11, f13, f17  f17=xxxxxxxx f11:41180c9c f13:3f5694ac f17:c02c8737
21193097ns          367870 1c009584 01062023 sw               x16, 0(x12)         x16:3e5276bd x12:10001f0c  PA:10001f0c
21193117ns          367871 1c009588 00ee2023 sw               x14, 0(x28)         x14:3ea1bdac x28:10001ef8  PA:10001ef8
21193137ns          367872 1c00958c 004e2703 lw               x14, 4(x28)         x14=3f05a99f x28:10001ef8  PA:10001efc
21193157ns          367873 1c009590 00462803 lw               x16, 4(x12)         x16=3df96a5e x12:10001f0c  PA:10001f10
21193177ns          367874 1c009594 10e7f453 fmul.s           f8, f15, f14         f8=xxxxxxxx f15:bf0b9c4f f14:3f05a99f
21193197ns          367875 1c009598 10f873d3 fmul.s           f7, f16, f15         f7=xxxxxxxx f16:3df96a5e f15:bf0b9c4f
21193217ns          367876 1c00959c 10f5f2d3 fmul.s           f5, f11, f15         f5=xxxxxxxx f11:41180c9c f15:bf0b9c4f
21193237ns          367877 1c0095a0 40d87847 fmsub.s          f16, f16, f13, f8   f16=xxxxxxxx f16:3df96a5e f13:3f5694ac  f8:be91c96c
21193257ns          367878 1c0095a4 38e6f743 fmadd.s          f14, f13, f14, f7   f14=xxxxxxxx f13:3f5694ac f14:3f05a99f  f7:bd88050b
21193276ns          367879 1c0095a8 0069a22b p.sw             x6, 4(x19!)         x19=10001de4  x6:4055d1b4 x19:10001de0  PA:10001de0
21193296ns          367880 1c0095ac 01062223 sw               x16, 4(x12)         x16:3ec60d5d x12:10001f0c  PA:10001f10
21193316ns          367881 1c0095b0 00ee2223 sw               x14, 4(x28)         x14:3ebe1193 x28:10001ef8  PA:10001efc
21193336ns          367882 1c0095b4 008e2703 lw               x14, 8(x28)         x14=bebf0642 x28:10001ef8  PA:10001f00
21193356ns          367883 1c0095b8 00862803 lw               x16, 8(x12)         x16=3f1fbb3c x12:10001f0c  PA:10001f14
21193376ns          367884 1c0095bc 10f773d3 fmul.s           f7, f14, f15         f7=xxxxxxxx f14:bebf0642 f15:bf0b9c4f
21193436ns          367887 1c0095c0 10f875d3 fmul.s           f11, f16, f15       f11=xxxxxxxx f16:3f1fbb3c f15:bf0b9c4f
21193475ns          367889 1c0095c4 28d57547 fmsub.s          f10, f10, f13, f5   f10=xxxxxxxx f10:409e2e17 f13:3f5694ac  f5:c0a5d75f
21193495ns          367890 1c0095c8 38d873c7 fmsub.s          f7, f16, f13, f7     f7=xxxxxxxx f16:3f1fbb3c f13:3f5694ac  f7:3e505a11
21193515ns          367891 1c0095cc 58d775c3 fmadd.s          f11, f14, f13, f11  f11=xxxxxxxx f14:bebf0642 f13:3f5694ac f11:beae3862
21193535ns          367892 1c0095d0 a1f892d3 flt.s            x5, f17, f31         x5=00000000 f17:40a8a214 f31:00000000
21193555ns          367893 1c0095d4 00762423 sw               x7, 8(x12)           x7:3ea39987 x12:10001f0c  PA:10001f14
21193575ns          367894 1c0095d8 00ce2703 lw               x14, 12(x28)        x14=bf0d2cdd x28:10001ef8  PA:10001f04
21193595ns          367895 1c0095dc 00be2423 sw               x11, 8(x28)         x11:bf272b47 x28:10001ef8  PA:10001f00
21193654ns          367898 1c0095e0 00c62383 lw               x7, 12(x12)          x7=3e4f2226 x12:10001f0c  PA:10001f18
21193694ns          367900 1c0095e4 10f77453 fmul.s           f8, f14, f15         f8=xxxxxxxx f14:bf0d2cdd f15:bf0b9c4f
21193714ns          367901 1c0095e8 10f3f5d3 fmul.s           f11, f7, f15        f11=xxxxxxxx  f7:3e4f2226 f15:bf0b9c4f
21193734ns          367902 1c0095ec 000aa803 lw               x16, 0(x21)         x16=4127dc38 x21:10001dd4  PA:10001dd4
21193794ns          367905 1c0095f0 40d3f3c7 fmsub.s          f7, f7, f13, f8      f7=xxxxxxxx  f7:3e4f2226 f13:3f5694ac  f8:3e99fb1e
21193833ns          367907 1c0095f4 58d775c3 fmadd.s          f11, f14, f13, f11  f11=xxxxxxxx f14:bf0d2cdd f13:3f5694ac f11:bde1ec07
21193853ns          367908 1c0095f8 00a9a023 sw               x10, 0(x19)         x10:411536e2 x19:10001de4  PA:10001de4
21193873ns          367909 1c0095fc 00762623 sw               x7, 12(x12)          x7:be065765 x12:10001f0c  PA:10001f18
21193953ns          367913 1c009600 010e2703 lw               x14, 16(x28)        x14=bec0f6e8 x28:10001ef8  PA:10001f08
21193993ns          367915 1c009604 00be2623 sw               x11, 12(x28)        x11:bf1292fe x28:10001ef8  PA:10001f04
21194012ns          367916 1c009608 01062583 lw               x11, 16(x12)        x11=bf3eb477 x12:10001f0c  PA:10001f1c
21194032ns          367917 1c00960a 10f773d3 fmul.s           f7, f14, f15         f7=xxxxxxxx f14:bec0f6e8 f15:bf0b9c4f
21194052ns          367918 1c00960e 10f5f353 fmul.s           f6, f11, f15         f6=xxxxxxxx f11:bf3eb477 f15:bf0b9c4f
21194072ns          367919 1c009612 1107f7d3 fmul.s           f15, f15, f16       f15=xxxxxxxx f15:bf0b9c4f f16:4127dc38
21194092ns          367920 1c009616 38d5f5c7 fmsub.s          f11, f11, f13, f7   f11=xxxxxxxx f11:bf3eb477 f13:3f5694ac  f7:3e5277c4
21194112ns          367921 1c00961a 30d77743 fmadd.s          f14, f14, f13, f6   f14=xxxxxxxx f14:bec0f6e8 f13:3f5694ac  f6:3ed000db
21194172ns          367924 1c00961e 1106f6d3 fmul.s           f13, f13, f16       f13=xxxxxxxx f13:3f5694ac f16:4127dc38
21194191ns          367925 1c009622 00b62823 sw               x11, 16(x12)        x11:bf54778d x12:10001f0c  PA:10001f1c
21194211ns          367926 1c009624 00ee2823 sw               x14, 16(x28)        x14:3db90993 x28:10001ef8  PA:10001f08
21194231ns          367927 1c009628 01100333 add              x6, x0, x17          x6=40a8a214 x17:40a8a214
21194251ns          367928 1c00962a 00028463 beq              x5, x0, 8            x5:00000000
21194331ns          367932 1c009632 a1f79753 flt.s            x14, f15, f31       x14=00000001 f15:c0b71621 f31:00000000
21194351ns          367933 1c009636 420719e3 bne              x14, x0, 3122       x14:00000001
21194450ns          367938 1c00a268 20f79753 fsgnjn.s         f14, f15, f15       f14=xxxxxxxx f15:c0b71621 f15:c0b71621
21194490ns          367940 1c00a26c bd0ff06f jal              x0, -3120          
21194589ns          367945 1c00963c a0671853 flt.s            x16, f14, f6        x16=00000000 f14:40b71621  f6:40a8a214
21194609ns          367946 1c009640 011003b3 add              x7, x0, x17          x7=40a8a214 x17:40a8a214
21194629ns          367947 1c009642 00081363 bne              x16, x0, 6          x16:00000000
21194649ns          367948 1c009646 00f003b3 add              x7, x0, x15          x7=c0b71621 x15:c0b71621
21194669ns          367949 1c009648 006772d3 fadd.s           f5, f14, f6          f5=xxxxxxxx f14:40b71621  f6:40a8a214
21194689ns          367950 1c00964c a1f2a5d3 feq.s            x11, f5, f31        x11=00000000  f5:412fdc1a f31:00000000
21194748ns          367953 1c009650 3a0593e3 bne              x11, x0, 2982       x11:00000000
21194788ns          367955 1c009654 1c000437 lui              x8, 0x1c000000       x8=1c000000
21194808ns          367956 1c009658 02040413 addi             x8, x8, 32           x8=1c000020  x8:1c000000
21194828ns          367957 1c00965c 00042403 lw               x8, 0(x8)            x8=3f800000  x8:1c000020  PA:1c000020
21195146ns          367973 1c00965e 185475d3 fdiv.s           f11, f8, f5         f11=xxxxxxxx  f8:3f800000  f5:412fdc1a
21195504ns          367991 1c009662 10e5f753 fmul.s           f14, f11, f14       f14=xxxxxxxx f11:3dba548d f14:40b71621
21195524ns          367992 1c009666 a1f393d3 flt.s            x7, f7, f31          x7=00000001  f7:c0b71621 f31:00000000
21195544ns          367993 1c00966a 1065f5d3 fmul.s           f11, f11, f6        f11=xxxxxxxx f11:3dba548d  f6:40a8a214
21195604ns          367996 1c00966e 10e77753 fmul.s           f14, f14, f14       f14=xxxxxxxx f14:3f05428c f14:3f05428c
21195643ns          367998 1c009672 70b5f743 fmadd.s          f14, f11, f11, f14  f14=xxxxxxxx f11:3ef57ae9 f11:3ef57ae9 f14:3e8abc6e
21195663ns          367999 1c009676 58077353 fsqrt.s          f6, f14              f6=xxxxxxxx f14:3f003756
21196340ns          368033 1c00967a 10537353 fmul.s           f6, f6, f5           f6=xxxxxxxx  f6:3f352c10  f5:412fdc1a
21196360ns          368034 1c00967e 00038463 beq              x7, x0, 8            x7:00000001
21196379ns          368035 1c009682 20631353 fsgnjn.s         f6, f6, f6           f6=xxxxxxxx  f6:40f8e9c6  f6:40f8e9c6
21196399ns          368036 1c009686 1c0004b7 lui              x9, 0x1c000000       x9=1c000000
21196419ns          368037 1c00968a 02048493 addi             x9, x9, 32           x9=1c000020  x9:1c000000
21196439ns          368038 1c00968e 0004a483 lw               x9, 0(x9)            x9=3f800000  x9:1c000020  PA:1c000020
21196777ns          368055 1c009690 1864f753 fdiv.s           f14, f9, f6         f14=xxxxxxxx  f9:3f800000  f6:c0f8e9c6
21197056ns          368069 1c009694 111778d3 fmul.s           f17, f14, f17       f17=xxxxxxxx f14:be03a4f0 f17:40a8a214
21197076ns          368070 1c009698 10f77753 fmul.s           f14, f14, f15       f14=xxxxxxxx f14:be03a4f0 f15:c0b71621
21197095ns          368071 1c00969c 10a8f853 fmul.s           f16, f17, f10       f16=xxxxxxxx f17:bf2d6f2c f10:411536e2
21197115ns          368072 1c0096a0 20e71bd3 fsgnjn.s         f23, f14, f14       f23=xxxxxxxx f14:3f3c4c91 f14:3f3c4c91
21197135ns          368073 1c0096a4 000ea783 lw               x15, 0(x29)         x15=3eff8a05 x29:10001f5c  PA:10001f5c
21197155ns          368074 1c0096a8 000f2383 lw               x7, 0(x30)           x7=3cbdc064 x30:10001f70  PA:10001f70
21197175ns          368075 1c0096ac 10e7f453 fmul.s           f8, f15, f14         f8=xxxxxxxx f15:3eff8a05 f14:3f3c4c91
21197195ns          368076 1c0096b0 10e3f2d3 fmul.s           f5, f7, f14          f5=xxxxxxxx  f7:3cbdc064 f14:3f3c4c91
21197215ns          368077 1c0096b4 006b222b p.sw             x6, 4(x22!)         x22=10001dd4  x6:c0f8e9c6 x22:10001dd0  PA:10001dd0
21197235ns          368078 1c0096b8 4113f3c7 fmsub.s          f7, f7, f17, f8      f7=xxxxxxxx  f7:3cbdc064 f17:bf2d6f2c  f8:3ebbf5c9
21197255ns          368079 1c0096bc 2917f2c3 fmadd.s          f5, f15, f17, f5     f5=xxxxxxxx f15:3eff8a05 f17:bf2d6f2c  f5:3c8b920a
21197274ns          368080 1c0096c0 10d8f5d3 fmul.s           f11, f17, f13       f11=xxxxxxxx f17:bf2d6f2c f13:410cb393
21197294ns          368081 1c0096c4 007f2023 sw               x7, 0(x30)           x7:bec3fea0 x30:10001f70  PA:10001f70
21197314ns          368082 1c0096c8 005ea023 sw               x5, 0(x29)           x5:bea4661e x29:10001f5c  PA:10001f5c
21197334ns          368083 1c0096cc 004ea283 lw               x5, 4(x29)           x5=3ee1b685 x29:10001f5c  PA:10001f60
21197354ns          368084 1c0096d0 004f2383 lw               x7, 4(x30)           x7=bc5eea16 x30:10001f70  PA:10001f74
21197374ns          368085 1c0096d4 10e2f4d3 fmul.s           f9, f5, f14          f9=xxxxxxxx  f5:3ee1b685 f14:3f3c4c91
21197394ns          368086 1c0096d8 10e3f453 fmul.s           f8, f7, f14          f8=xxxxxxxx  f7:bc5eea16 f14:3f3c4c91
21197414ns          368087 1c0096dc 80d77843 fmadd.s          f16, f14, f13, f16  f16=xxxxxxxx f14:3f3c4c91 f13:410cb393 f16:c0ca2dc6
21197454ns          368089 1c0096e0 4913f3c7 fmsub.s          f7, f7, f17, f9      f7=xxxxxxxx  f7:bc5eea16 f17:bf2d6f2c  f9:3ea6058c
21197493ns          368091 1c0096e4 4112f2c3 fmadd.s          f5, f5, f17, f8      f5=xxxxxxxx  f5:3ee1b685 f17:bf2d6f2c  f8:bc23f694
21197513ns          368092 1c0096e8 000a2783 lw               x15, 0(x20)         x15=00000000 x20:10001de8  PA:10001de8
21197533ns          368093 1c0096ec 007f2223 sw               x7, 4(x30)           x7:bea14d64 x30:10001f70  PA:10001f74
21197633ns          368098 1c0096f0 005ea223 sw               x5, 4(x29)           x5:be9e0a11 x29:10001f5c  PA:10001f60
21197672ns          368100 1c0096f4 008ea283 lw               x5, 8(x29)           x5=bf0b5625 x29:10001f5c  PA:10001f64
21197692ns          368101 1c0096f8 008f2383 lw               x7, 8(x30)           x7=3f0b2f85 x30:10001f70  PA:10001f78
21197712ns          368102 1c0096fc 10e2f4d3 fmul.s           f9, f5, f14          f9=xxxxxxxx  f5:bf0b5625 f14:3f3c4c91
21197772ns          368105 1c009700 10e3f453 fmul.s           f8, f7, f14          f8=xxxxxxxx  f7:3f0b2f85 f14:3f3c4c91
21197812ns          368107 1c009704 58abf5c3 fmadd.s          f11, f23, f10, f11  f11=xxxxxxxx f23:bf3c4c91 f10:411536e2 f11:c0bea4e9
21197831ns          368108 1c009708 4913f3c7 fmsub.s          f7, f7, f17, f9      f7=xxxxxxxx  f7:3f0b2f85 f17:bf2d6f2c  f9:beccf9df
21197851ns          368109 1c00970c 4112f2c3 fmadd.s          f5, f5, f17, f8      f5=xxxxxxxx  f5:bf0b5625 f17:bf2d6f2c  f8:3eccc10d
21197911ns          368112 1c009710 1117f553 fmul.s           f10, f15, f17       f10=xxxxxxxx f15:00000000 f17:bf2d6f2c
21197951ns          368114 1c009714 007f2423 sw               x7, 8(x30)           x7:3d031612 x30:10001f70  PA:10001f78
21197971ns          368115 1c009718 00cea303 lw               x6, 12(x29)          x6=bdeb3ffe x29:10001f5c  PA:10001f68
21197991ns          368116 1c00971c 005ea423 sw               x5, 8(x29)           x5:3f44c640 x29:10001f5c  PA:10001f64
21198070ns          368120 1c009720 00cf2283 lw               x5, 12(x30)          x5=3ef1d47a x30:10001f70  PA:10001f7c
21198110ns          368122 1c009724 10e37453 fmul.s           f8, f6, f14          f8=xxxxxxxx  f6:bdeb3ffe f14:3f3c4c91
21198130ns          368123 1c009728 10e2f3d3 fmul.s           f7, f5, f14          f7=xxxxxxxx  f5:3ef1d47a f14:3f3c4c91
21198150ns          368124 1c00972c 014f0f13 addi             x30, x30, 20        x30=10001f84 x30:10001f70
21198209ns          368127 1c00972e 4112f2c7 fmsub.s          f5, f5, f17, f8      f5=xxxxxxxx  f5:3ef1d47a f17:bf2d6f2c  f8:bdad095b
21198249ns          368129 1c009732 39137343 fmadd.s          f6, f6, f17, f7      f6=xxxxxxxx  f6:bdeb3ffe f17:bf2d6f2c  f7:3eb1e05e
21198269ns          368130 1c009736 00baa22b p.sw             x11, 4(x21!)        x21=10001dd8 x11:c14d1363 x21:10001dd4  PA:10001dd4
21198289ns          368131 1c00973a fe5f2c23 sw               x5, -8(x30)          x5:be712689 x30:10001f84  PA:10001f7c
21198309ns          368132 1c00973e 010ea683 lw               x13, 16(x29)        x13=befe84cd x29:10001f5c  PA:10001f6c
21198329ns          368133 1c009742 006ea623 sw               x6, 12(x29)          x6:3ed9b878 x29:10001f5c  PA:10001f68
21198349ns          368134 1c009746 ffcf2303 lw               x6, -4(x30)          x6=bf317859 x30:10001f84  PA:10001f80
21198368ns          368135 1c00974a 10e6f3d3 fmul.s           f7, f13, f14         f7=xxxxxxxx f13:befe84cd f14:3f3c4c91
21198448ns          368139 1c00974e 10e372d3 fmul.s           f5, f6, f14          f5=xxxxxxxx  f6:bf317859 f14:3f3c4c91
21198488ns          368141 1c009752 00aa222b p.sw             x10, 4(x20!)        x20=10001dec x10:80000000 x20:10001de8  PA:10001de8
21198508ns          368142 1c009756 39137347 fmsub.s          f6, f6, f17, f7      f6=xxxxxxxx  f6:bf317859 f17:bf2d6f2c  f7:bebb35a6
21198528ns          368143 1c00975a 2916f8c3 fmadd.s          f17, f13, f17, f5   f17=xxxxxxxx f13:befe84cd f17:bf2d6f2c  f5:bf028976
21198547ns          368144 1c00975e 01460613 addi             x12, x12, 20        x12=10001f20 x12:10001f0c
21198587ns          368146 1c009760 fe6f2e23 sw               x6, -4(x30)          x6:3f55d639 x30:10001f84  PA:10001f80
21198627ns          368148 1c009764 011ea823 sw               x17, 16(x29)        x17:be31494c x29:10001f5c  PA:10001f6c
21198647ns          368149 1c009768 014e0e13 addi             x28, x28, 20        x28=10001f0c x28:10001ef8
21198667ns          368150 1c00976a 014e8e93 addi             x29, x29, 20        x29=10001f70 x29:10001f5c
21198687ns          368151 1c00976c 10e7f7d3 fmul.s           f15, f15, f14       f15=xxxxxxxx f15:00000000 f14:3f3c4c91
21198746ns          368154 1c009770 01412e03 lw               x28, 20(x2)         x28=00000000  x2:10001d98  PA:10001dac
21198766ns          368155 1c009772 00812983 lw               x19, 8(x2)          x19=0000000c  x2:10001d98  PA:10001da0
21198786ns          368156 1c009774 0e010893 addi             x17, x2, 224        x17=10001e78  x2:10001d98
21198806ns          368157 1c009778 013887b3 add              x15, x17, x19       x15=10001e84 x17:10001e78 x19:0000000c
21198826ns          368158 1c00977c 001e0e13 addi             x28, x28, 1         x28=00000001 x28:00000000
21198886ns          368161 1c00977e f707a023 sw               x16, -160(x15)      x16:3e19c47d x15:10001e84  PA:10001de4
21198906ns          368162 1c009782 01c12a23 sw               x28, 20(x2)         x28:00000001  x2:10001d98  PA:10001dac
21198925ns          368163 1c009784 fff00793 addi             x15, x0, -1         x15=ffffffff
21198945ns          368164 1c009786 00fdc663 blt              x27, x15, 12        x27:00000003 x15:ffffffff
21198965ns          368165 1c00978a 04b00793 addi             x15, x0, 75         x15=0000004b
21199025ns          368168 1c00978e a8fe1c63 bne              x28, x15, -3432     x28:00000001 x15:0000004b
21199124ns          368173 1c008a26 00812503 lw               x10, 8(x2)          x10=0000000c  x2:10001d98  PA:10001da0
21199164ns          368175 1c008a28 04010613 addi             x12, x2, 64         x12=10001dd8  x2:10001d98
21199184ns          368176 1c008a2a 01b509b3 add              x19, x10, x27       x19=0000000f x10:0000000c x27:00000003
21199204ns          368177 1c008a2e 02c10593 addi             x11, x2, 44         x11=10001dc4  x2:10001d98
21199244ns          368179 1c008a30 00a60633 add              x12, x12, x10       x12=10001de4 x12:10001dd8 x10:0000000c
21199283ns          368181 1c008a32 002d8693 addi             x13, x27, 2         x13=00000005 x27:00000003
21199303ns          368182 1c008a36 1c000437 lui              x8, 0x1c000000       x8=1c000000
21199323ns          368183 1c008a3a 1c0004b7 lui              x9, 0x1c000000       x9=1c000000
21199343ns          368184 1c008a3e 00299993 slli             x19, x19, 0x2       x19=0000003c x19:0000000f
21199383ns          368186 1c008a40 00a58b33 add              x22, x11, x10       x22=10001dd0 x11:10001dc4 x10:0000000c
21199423ns          368188 1c008a44 00c12623 sw               x12, 12(x2)         x12:10001de4  x2:10001d98  PA:10001da4
21199443ns          368189 1c008a46 00d12c23 sw               x13, 24(x2)         x13:00000005  x2:10001d98  PA:10001db0
21199462ns          368190 1c008a48 02842a83 lw               x21, 40(x8)         x21=0c000000  x8:1c000000  PA:1c000028
21199761ns          368205 1c008a4c 02c4ab83 lw               x23, 44(x9)         x23=34000000  x9:1c000000  PA:1c00002c
21200119ns          368223 1c008a50 01a989b3 add              x19, x19, x26       x19=10001ef8 x19:0000003c x26:10001ebc
21200139ns          368224 1c008a52 00000f13 addi             x30, x0, 0          x30=00000000
21200159ns          368225 1c008a56 018007b3 add              x15, x0, x24        x15=00000004 x24:00000004
21200179ns          368226 1c008a58 004b2283 lw               x5, 4(x22)           x5=c14d1363 x22:10001dd0  PA:10001dd4
21200198ns          368227 1c008a5c 71fdace3 p.beqimm         x27, 3864           x27:00000003
21200238ns          368229 1c008a60 01412e03 lw               x28, 20(x2)         x28=00000001  x2:10001d98  PA:10001dac
21200258ns          368230 1c008a62 01400e93 addi             x29, x0, 20         x29=00000014
21200278ns          368231 1c008a64 77cec8e3 blt              x29, x28, 3952      x29:00000014 x28:00000001
21200298ns          368232 1c008a68 00c12f83 lw               x31, 12(x2)         x31=10001de4  x2:10001d98  PA:10001da4
21200338ns          368234 1c008a6a 000fa683 lw               x13, 0(x31)         x13=3e19c47d x31:10001de4  PA:10001de4
21200437ns          368239 1c008a6e a1e69753 flt.s            x14, f13, f30       x14=00000000 f13:3e19c47d f30:00000000
21200457ns          368240 1c008a72 00070363 beq              x14, x0, 6          x14:00000000
21200517ns          368243 1c008a78 000b2603 lw               x12, 0(x22)         x12=c0f8e9c6 x22:10001dd0  PA:10001dd0
21200556ns          368245 1c008a7c a1e61753 flt.s            x14, f12, f30       x14=00000001 f12:c0f8e9c6 f30:00000000
21200596ns          368247 1c008a80 00c005b3 add              x11, x0, x12        x11=c0f8e9c6 x12:c0f8e9c6
21200616ns          368248 1c008a82 00070363 beq              x14, x0, 6          x14:00000001
21200636ns          368249 1c008a84 20c615d3 fsgnjn.s         f11, f12, f12       f11=xxxxxxxx f12:c0f8e9c6 f12:c0f8e9c6
21200656ns          368250 1c008a88 a1e29753 flt.s            x14, f5, f30        x14=00000001  f5:c14d1363 f30:00000000
21200676ns          368251 1c008a8c 00070363 beq              x14, x0, 6          x14:00000001
21200735ns          368254 1c008a8e 33c0106f jal              x0, 4924           
21201233ns          368279 1c009dca 20529753 fsgnjn.s         f14, f5, f5         f14=xxxxxxxx  f5:c14d1363  f5:c14d1363
21201292ns          368282 1c009dce cc7fe06f jal              x0, -4922          
21201332ns          368284 1c008a94 00b77753 fadd.s           f14, f14, f11       f14=xxxxxxxx f14:414d1363 f11:40f8e9c6
21201352ns          368285 1c008a98 11777753 fmul.s           f14, f14, f23       f14=xxxxxxxx f14:41a4c423 f23:34000000
21201372ns          368286 1c008a9c a0e68753 fle.s            x14, f13, f14       x14=00000000 f13:3e19c47d f14:3624c423
21201432ns          368289 1c008aa0 00070363 beq              x14, x0, 6          x14:00000000
21201511ns          368293 1c008aa6 1c000337 lui              x6, 0x1c000000       x6=1c000000
21201531ns          368294 1c008aaa 02830313 addi             x6, x6, 40           x6=1c000028  x6:1c000000
21201591ns          368297 1c008aae 00032303 lw               x6, 0(x6)            x6=0c000000  x6:1c000028  PA:1c000028
21201929ns          368314 1c008ab2 a06686d3 fle.s            x13, f13, f6        x13=00000000 f13:3e19c47d  f6:0c000000
21201949ns          368315 1c008ab6 00068363 beq              x13, x0, 6          x13:00000000
21202068ns          368321 1c008abc fffd8693 addi             x13, x27, -1        x13=00000002 x27:00000003
21202088ns          368322 1c008ac0 000d9463 bne              x27, x0, 8          x27:00000003
21202148ns          368325 1c008ac8 00269713 slli             x14, x13, 0x2       x14=00000008 x13:00000002
21202168ns          368326 1c008acc 0e010393 addi             x7, x2, 224          x7=10001e78  x2:10001d98
21202367ns          368336 1c008ad0 00e385b3 add              x11, x7, x14        x11=10001e80  x7:10001e78 x14:00000008
21202406ns          368338 1c008ad4 f605a503 lw               x10, -160(x11)      x10=4055d1b4 x11:10001e80  PA:10001de0
21202446ns          368340 1c008ad8 a1e515d3 flt.s            x11, f10, f30       x11=00000000 f10:4055d1b4 f30:00000000
21202466ns          368341 1c008adc 00058363 beq              x11, x0, 6          x11:00000000
21202943ns          368365 1c008ae2 0e010413 addi             x8, x2, 224          x8=10001e78  x2:10001d98
21202963ns          368366 1c008ae4 00e405b3 add              x11, x8, x14        x11=10001e80  x8:10001e78 x14:00000008
21202983ns          368367 1c008ae8 f4c5a583 lw               x11, -180(x11)      x11=4128e952 x11:10001e80  PA:10001dcc
21203023ns          368369 1c008aec a1e59853 flt.s            x16, f11, f30       x16=00000000 f11:4128e952 f30:00000000
21203421ns          368389 1c008af0 00080463 beq              x16, x0, 8          x16:00000000
21203480ns          368392 1c008af8 00b00833 add              x16, x0, x11        x16=4128e952 x11:4128e952
21203500ns          368393 1c008afa a1e618d3 flt.s            x17, f12, f30       x17=00000001 f12:c0f8e9c6 f30:00000000
21203958ns          368416 1c008afe 00088463 beq              x17, x0, 8          x17:00000001
21203998ns          368418 1c008b02 20c61653 fsgnjn.s         f12, f12, f12       f12=xxxxxxxx f12:c0f8e9c6 f12:c0f8e9c6
21204017ns          368419 1c008b06 1c0004b7 lui              x9, 0x1c000000       x9=1c000000
21204037ns          368420 1c008b0a 01067653 fadd.s           f12, f12, f16       f12=xxxxxxxx f12:40f8e9c6 f16:4128e952
21204455ns          368441 1c008b0e 02c48493 addi             x9, x9, 44           x9=1c00002c  x9:1c000000
21204475ns          368442 1c008b12 0004a483 lw               x9, 0(x9)            x9=34000000  x9:1c00002c  PA:1c00002c
21204793ns          368458 1c008b14 10967653 fmul.s           f12, f12, f9        f12=xxxxxxxx f12:4192af1a  f9:34000000
21204813ns          368459 1c008b18 a0c50653 fle.s            x12, f10, f12       x12=00000000 f10:4055d1b4 f12:3612af1a
21204833ns          368460 1c008b1c 00060363 beq              x12, x0, 6          x12:00000000
21205111ns          368474 1c008b22 1c000637 lui              x12, 0x1c000000     x12=1c000000
21205131ns          368475 1c008b26 02860613 addi             x12, x12, 40        x12=1c000028 x12:1c000000
21205151ns          368476 1c008b2a 00062603 lw               x12, 0(x12)         x12=0c000000 x12:1c000028  PA:1c000028
21205529ns          368495 1c008b2c a0c50553 fle.s            x10, f10, f12       x10=00000000 f10:4055d1b4 f12:0c000000
21205549ns          368496 1c008b30 00050363 beq              x10, x0, 6          x10:00000000
21205629ns          368500 1c008b36 ffed8813 addi             x16, x27, -2        x16=00000001 x27:00000003
21205648ns          368501 1c008b3a 01f83463 p.bneimm         x16, 8              x16:00000001
21206106ns          368524 1c008b42 00281713 slli             x14, x16, 0x2       x14=00000004 x16:00000001
21206126ns          368525 1c008b46 0e010893 addi             x17, x2, 224        x17=10001e78  x2:10001d98
21206146ns          368526 1c008b4a 00e88633 add              x12, x17, x14       x12=10001e7c x17:10001e78 x14:00000004
21206205ns          368529 1c008b4e f6062503 lw               x10, -160(x12)      x10=c0ec7560 x12:10001e7c  PA:10001ddc
21206245ns          368531 1c008b52 a1e51653 flt.s            x12, f10, f30       x12=00000001 f10:c0ec7560 f30:00000000
21206265ns          368532 1c008b56 00060363 beq              x12, x0, 6          x12:00000001
21206285ns          368533 1c008b58 20a51553 fsgnjn.s         f10, f10, f10       f10=xxxxxxxx f10:c0ec7560 f10:c0ec7560
21206305ns          368534 1c008b5c 0e010e13 addi             x28, x2, 224        x28=10001e78  x2:10001d98
21206345ns          368536 1c008b60 01c70733 add              x14, x14, x28       x14=10001e7c x14:00000004 x28:10001e78
21206384ns          368538 1c008b62 f4c72883 lw               x17, -180(x14)      x17=41699b2b x14:10001e7c  PA:10001dc8
21206424ns          368540 1c008b66 a1e89753 flt.s            x14, f17, f30       x14=00000000 f17:41699b2b f30:00000000
21206444ns          368541 1c008b6a 00070363 beq              x14, x0, 6          x14:00000000
21206981ns          368568 1c008b70 01100733 add              x14, x0, x17        x14=41699b2b x17:41699b2b
21207001ns          368569 1c008b72 a1e59653 flt.s            x12, f11, f30       x12=00000000 f11:4128e952 f30:00000000
21207021ns          368570 1c008b76 00060363 beq              x12, x0, 6          x12:00000000
21207140ns          368576 1c008b7c 1c000eb7 lui              x29, 0x1c000000     x29=1c000000
21207160ns          368577 1c008b80 00e5f753 fadd.s           f14, f11, f14       f14=xxxxxxxx f11:4128e952 f14:41699b2b
21207180ns          368578 1c008b84 02ce8e93 addi             x29, x29, 44        x29=1c00002c x29:1c000000
21207200ns          368579 1c008b88 000eae83 lw               x29, 0(x29)         x29=34000000 x29:1c00002c  PA:1c00002c
21207518ns          368595 1c008b8c 11d77753 fmul.s           f14, f14, f29       f14=xxxxxxxx f14:41c9423e f29:34000000
21207538ns          368596 1c008b90 a0e50753 fle.s            x14, f10, f14       x14=00000000 f10:40ec7560 f14:3649423e
21207558ns          368597 1c008b94 440718e3 bne              x14, x0, 3152       x14:00000000
21207578ns          368598 1c008b98 1c000fb7 lui              x31, 0x1c000000     x31=1c000000
21207598ns          368599 1c008b9c 028f8f93 addi             x31, x31, 40        x31=1c000028 x31:1c000000
21207638ns          368601 1c008ba0 000faf83 lw               x31, 0(x31)         x31=0c000000 x31:1c000028  PA:1c000028
21207976ns          368618 1c008ba4 a1f50553 fle.s            x10, f10, f31       x10=00000000 f10:40ec7560 f31:0c000000
21207996ns          368619 1c008ba8 42051ee3 bne              x10, x0, 3132       x10:00000000
21208015ns          368620 1c008bac ffdd8693 addi             x13, x27, -3        x13=00000000 x27:00000003
21208035ns          368621 1c008bb0 01f6b463 p.bneimm         x13, 8              x13:00000000
21208095ns          368624 1c008bb8 00269713 slli             x14, x13, 0x2       x14=00000000 x13:00000000
21208115ns          368625 1c008bbc 0e010313 addi             x6, x2, 224          x6=10001e78  x2:10001d98
21208175ns          368628 1c008bc0 00e30633 add              x12, x6, x14        x12=10001e78  x6:10001e78 x14:00000000
21208214ns          368630 1c008bc4 f6062583 lw               x11, -160(x12)      x11=40a00fc9 x12:10001e78  PA:10001dd8
21208254ns          368632 1c008bc8 a1e59653 flt.s            x12, f11, f30       x12=00000000 f11:40a00fc9 f30:00000000
21208274ns          368633 1c008bcc 00060363 beq              x12, x0, 6          x12:00000000
21208374ns          368638 1c008bd2 0e010393 addi             x7, x2, 224          x7=10001e78  x2:10001d98
21208393ns          368639 1c008bd6 00e38633 add              x12, x7, x14        x12=10001e78  x7:10001e78 x14:00000000
21208413ns          368640 1c008bda f4c62603 lw               x12, -180(x12)      x12=421984fc x12:10001e78  PA:10001dc4
21208473ns          368643 1c008bde a1e61553 flt.s            x10, f12, f30       x10=00000000 f12:421984fc f30:00000000
21208493ns          368644 1c008be2 00050363 beq              x10, x0, 6          x10:00000000
21208553ns          368647 1c008be8 a1e89553 flt.s            x10, f17, f30       x10=00000000 f17:41699b2b f30:00000000
21208572ns          368648 1c008bec 00050363 beq              x10, x0, 6          x10:00000000
21209070ns          368673 1c008bf2 1c000437 lui              x8, 0x1c000000       x8=1c000000
21209090ns          368674 1c008bf6 01167653 fadd.s           f12, f12, f17       f12=xxxxxxxx f12:421984fc f17:41699b2b
21209109ns          368675 1c008bfa 02c40413 addi             x8, x8, 44           x8=1c00002c  x8:1c000000
21209129ns          368676 1c008bfe 00042403 lw               x8, 0(x8)            x8=34000000  x8:1c00002c  PA:1c00002c
21209547ns          368697 1c008c00 10867653 fmul.s           f12, f12, f8        f12=xxxxxxxx f12:4253ebc7  f8:34000000
21209587ns          368699 1c008c04 a0c58653 fle.s            x12, f11, f12       x12=00000000 f11:40a00fc9 f12:36d3ebc7
21209607ns          368700 1c008c08 3e0613e3 bne              x12, x0, 3046       x12:00000000
21209627ns          368701 1c008c0c 1c0004b7 lui              x9, 0x1c000000       x9=1c000000
21210084ns          368724 1c008c10 02848493 addi             x9, x9, 40           x9=1c000028  x9:1c000000
21210124ns          368726 1c008c14 0004a483 lw               x9, 0(x9)            x9=0c000000  x9:1c000028  PA:1c000028
21210542ns          368747 1c008c16 a09585d3 fle.s            x11, f11, f9        x11=00000000 f11:40a00fc9  f9:0c000000
21210562ns          368748 1c008c1a 3c059ae3 bne              x11, x0, 3028       x11:00000000
21210581ns          368749 1c008c1e 00000813 addi             x16, x0, 0          x16=00000000
21210621ns          368751 1c008c20 fff00693 addi             x13, x0, -1         x13=ffffffff
21210661ns          368753 1c008c22 3d880de3 beq              x16, x24, 3034      x16:00000000 x24:00000004
21210681ns          368754 1c008c26 002d8393 addi             x7, x27, 2           x7=00000005 x27:00000003
21210701ns          368755 1c008c2a 7c76d5e3 bge              x13, x7, 4042       x13:ffffffff  x7:00000005
21211158ns          368778 1c008c2e 00268f93 addi             x31, x13, 2         x31=00000001 x13:ffffffff
21211198ns          368780 1c008c32 3e780a63 beq              x16, x7, 1012       x16:00000000  x7:00000005
21211218ns          368781 1c008c36 002c1e93 slli             x29, x24, 0x2       x29=00000010 x24:00000004
21211238ns          368782 1c008c3a 04010493 addi             x9, x2, 64           x9=10001dd8  x2:10001d98
21211258ns          368783 1c008c3c ffce8593 addi             x11, x29, -4        x11=0000000c x29:00000010
21211656ns          368803 1c008c40 1c000637 lui              x12, 0x1c000000     x12=1c000000
21211695ns          368805 1c008c44 02c10413 addi             x8, x2, 44           x8=10001dc4  x2:10001d98
21211715ns          368806 1c008c46 1c000537 lui              x10, 0x1c000000     x10=1c000000
21211735ns          368807 1c008c4a 009585b3 add              x11, x11, x9        x11=10001de4 x11:0000000c  x9:10001dd8
21211755ns          368808 1c008c4c 02862483 lw               x9, 40(x12)          x9=0c000000 x12:1c000000  PA:1c000028
21212133ns          368827 1c008c50 01d40333 add              x6, x8, x29          x6=10001dd4  x8:10001dc4 x29:00000010
21212153ns          368828 1c008c54 00700733 add              x14, x0, x7         x14=00000005  x7:00000005
21212173ns          368829 1c008c56 02c52403 lw               x8, 44(x10)          x8=34000000 x10:1c000000  PA:1c00002c
21212531ns          368847 1c008c5a 00168693 addi             x13, x13, 1         x13=00000000 x13:ffffffff
21212551ns          368848 1c008c5c 00000e13 addi             x28, x0, 0          x28=00000000
21212590ns          368850 1c008c60 41038533 sub              x10, x7, x16        x10=00000005  x7:00000005 x16:00000000
21212630ns          368852 1c008c64 1e0540fb lp.setup         0x1, x10, 0x1e0     x10:00000005
21212650ns          368853 1c008c68 fff70893 addi             x17, x14, -1        x17=00000004 x14:00000005
21212670ns          368854 1c008c6c 00000793 addi             x15, x0, 0          x15=00000000
21212730ns          368857 1c008c70 00ec4763 blt              x24, x14, 14        x24:00000004 x14:00000005
21213227ns          368882 1c008c7e 00efd963 bge              x31, x14, 18        x31:00000001 x14:00000005
21213247ns          368883 1c008c82 0005a603 lw               x12, 0(x11)         x12=3e19c47d x11:10001de4  PA:10001de4
21213287ns          368885 1c008c84 a1c61f53 flt.s            x30, f12, f28       x30=00000000 f12:3e19c47d f28:00000000
21213306ns          368886 1c008c88 380f1163 bne              x30, x0, 898        x30:00000000
21213326ns          368887 1c008c8c 00c7f7d3 fadd.s           f15, f15, f12       f15=xxxxxxxx f15:00000000 f12:3e19c47d
21213366ns          368889 1c008c90 ffc3260b p.lw             x12, -4(x6!)        x12=c14d1363  x6=10001dd0  x6:10001dd4  PA:10001dd4
21213406ns          368891 1c008c94 a1c61f53 flt.s            x30, f12, f28       x30=00000001 f12:c14d1363 f28:00000000
21213426ns          368892 1c008c98 000f0463 beq              x30, x0, 8          x30:00000001
21213446ns          368893 1c008c9c 20c61653 fsgnjn.s         f12, f12, f12       f12=xxxxxxxx f12:c14d1363 f12:c14d1363
21213883ns          368915 1c008ca0 1087f7d3 fmul.s           f15, f15, f8        f15=xxxxxxxx f15:3e19c47d  f8:34000000
21213923ns          368917 1c008ca4 a0f607d3 fle.s            x15, f12, f15       x15=00000000 f12:414d1363 f15:3299c47d
21213943ns          368918 1c008ca8 00079563 bne              x15, x0, 10         x15:00000000
21213963ns          368919 1c008caa a0960653 fle.s            x12, f12, f9        x12=00000000 f12:414d1363  f9:0c000000
21214023ns          368922 1c008cae 36060663 beq              x12, x0, 876        x12:00000000
21214361ns          368939 1c00901a 00d71463 bne              x14, x13, 8         x14:00000005 x13:00000000
21214460ns          368944 1c009022 01100733 add              x14, x0, x17        x14=00000004 x17:00000004
21214480ns          368945 1c009024 ffc58593 addi             x11, x11, -4        x11=10001de0 x11:10001de4
21214500ns          368946 1c008c68 fff70893 addi             x17, x14, -1        x17=00000003 x14:00000004
21214520ns          368947 1c008c6c 00000793 addi             x15, x0, 0          x15=00000000
21214540ns          368948 1c008c70 00ec4763 blt              x24, x14, 14        x24:00000004 x14:00000004
21214560ns          368949 1c008c74 0045a783 lw               x15, 4(x11)         x15=3e19c47d x11:10001de0  PA:10001de4
21214599ns          368951 1c008c76 a1c79653 flt.s            x12, f15, f28       x12=00000000 f15:3e19c47d f28:00000000
21214619ns          368952 1c008c7a 38061b63 bne              x12, x0, 918        x12:00000000
21214639ns          368953 1c008c7e 00efd963 bge              x31, x14, 18        x31:00000001 x14:00000004
21214659ns          368954 1c008c82 0005a603 lw               x12, 0(x11)         x12=4055d1b4 x11:10001de0  PA:10001de0
21214699ns          368956 1c008c84 a1c61f53 flt.s            x30, f12, f28       x30=00000000 f12:4055d1b4 f28:00000000
21214719ns          368957 1c008c88 380f1163 bne              x30, x0, 898        x30:00000000
21214739ns          368958 1c008c8c 00c7f7d3 fadd.s           f15, f15, f12       f15=xxxxxxxx f15:3e19c47d f12:4055d1b4
21214758ns          368959 1c008c90 ffc3260b p.lw             x12, -4(x6!)        x12=c0f8e9c6  x6=10001dcc  x6:10001dd0  PA:10001dd0
21214798ns          368961 1c008c94 a1c61f53 flt.s            x30, f12, f28       x30=00000001 f12:c0f8e9c6 f28:00000000
21214818ns          368962 1c008c98 000f0463 beq              x30, x0, 8          x30:00000001
21214838ns          368963 1c008c9c 20c61653 fsgnjn.s         f12, f12, f12       f12=xxxxxxxx f12:c0f8e9c6 f12:c0f8e9c6
21214878ns          368965 1c008ca0 1087f7d3 fmul.s           f15, f15, f8        f15=xxxxxxxx f15:405f6dfc  f8:34000000
21214918ns          368967 1c008ca4 a0f607d3 fle.s            x15, f12, f15       x15=00000000 f12:40f8e9c6 f15:34df6dfc
21214937ns          368968 1c008ca8 00079563 bne              x15, x0, 10         x15:00000000
21214957ns          368969 1c008caa a0960653 fle.s            x12, f12, f9        x12=00000000 f12:40f8e9c6  f9:0c000000
21214977ns          368970 1c008cae 36060663 beq              x12, x0, 876        x12:00000000
21215057ns          368974 1c00901a 00d71463 bne              x14, x13, 8         x14:00000004 x13:00000000
21215116ns          368977 1c009022 01100733 add              x14, x0, x17        x14=00000003 x17:00000003
21215136ns          368978 1c009024 ffc58593 addi             x11, x11, -4        x11=10001ddc x11:10001de0
21215156ns          368979 1c008c68 fff70893 addi             x17, x14, -1        x17=00000002 x14:00000003
21215176ns          368980 1c008c6c 00000793 addi             x15, x0, 0          x15=00000000
21215196ns          368981 1c008c70 00ec4763 blt              x24, x14, 14        x24:00000004 x14:00000003
21215216ns          368982 1c008c74 0045a783 lw               x15, 4(x11)         x15=4055d1b4 x11:10001ddc  PA:10001de0
21215256ns          368984 1c008c76 a1c79653 flt.s            x12, f15, f28       x12=00000000 f15:4055d1b4 f28:00000000
21215276ns          368985 1c008c7a 38061b63 bne              x12, x0, 918        x12:00000000
21215296ns          368986 1c008c7e 00efd963 bge              x31, x14, 18        x31:00000001 x14:00000003
21215315ns          368987 1c008c82 0005a603 lw               x12, 0(x11)         x12=c0ec7560 x11:10001ddc  PA:10001ddc
21215355ns          368989 1c008c84 a1c61f53 flt.s            x30, f12, f28       x30=00000001 f12:c0ec7560 f28:00000000
21215375ns          368990 1c008c88 380f1163 bne              x30, x0, 898        x30:00000001
21215514ns          368997 1c00900a 20c61653 fsgnjn.s         f12, f12, f12       f12=xxxxxxxx f12:c0ec7560 f12:c0ec7560
21215534ns          368998 1c00900e c7fff06f jal              x0, -898           
21215574ns          369000 1c008c8c 00c7f7d3 fadd.s           f15, f15, f12       f15=xxxxxxxx f15:4055d1b4 f12:40ec7560
21215594ns          369001 1c008c90 ffc3260b p.lw             x12, -4(x6!)        x12=4128e952  x6=10001dc8  x6:10001dcc  PA:10001dcc
21215634ns          369003 1c008c94 a1c61f53 flt.s            x30, f12, f28       x30=00000000 f12:4128e952 f28:00000000
21215654ns          369004 1c008c98 000f0463 beq              x30, x0, 8          x30:00000000
21215713ns          369007 1c008ca0 1087f7d3 fmul.s           f15, f15, f8        f15=xxxxxxxx f15:412baf1d  f8:34000000
21215733ns          369008 1c008ca4 a0f607d3 fle.s            x15, f12, f15       x15=00000000 f12:4128e952 f15:35abaf1d
21215753ns          369009 1c008ca8 00079563 bne              x15, x0, 10         x15:00000000
21215773ns          369010 1c008caa a0960653 fle.s            x12, f12, f9        x12=00000000 f12:4128e952  f9:0c000000
21215793ns          369011 1c008cae 36060663 beq              x12, x0, 876        x12:00000000
21215872ns          369015 1c00901a 00d71463 bne              x14, x13, 8         x14:00000003 x13:00000000
21215932ns          369018 1c009022 01100733 add              x14, x0, x17        x14=00000002 x17:00000002
21215952ns          369019 1c009024 ffc58593 addi             x11, x11, -4        x11=10001dd8 x11:10001ddc
21215972ns          369020 1c008c68 fff70893 addi             x17, x14, -1        x17=00000001 x14:00000002
21215992ns          369021 1c008c6c 00000793 addi             x15, x0, 0          x15=00000000
21216012ns          369022 1c008c70 00ec4763 blt              x24, x14, 14        x24:00000004 x14:00000002
21216031ns          369023 1c008c74 0045a783 lw               x15, 4(x11)         x15=c0ec7560 x11:10001dd8  PA:10001ddc
21216071ns          369025 1c008c76 a1c79653 flt.s            x12, f15, f28       x12=00000001 f15:c0ec7560 f28:00000000
21216091ns          369026 1c008c7a 38061b63 bne              x12, x0, 918        x12:00000001
21216151ns          369029 1c009010 20f797d3 fsgnjn.s         f15, f15, f15       f15=xxxxxxxx f15:c0ec7560 f15:c0ec7560
21216171ns          369030 1c009014 c6bff06f jal              x0, -918           
21216230ns          369033 1c008c7e 00efd963 bge              x31, x14, 18        x31:00000001 x14:00000002
21216250ns          369034 1c008c82 0005a603 lw               x12, 0(x11)         x12=40a00fc9 x11:10001dd8  PA:10001dd8
21216290ns          369036 1c008c84 a1c61f53 flt.s            x30, f12, f28       x30=00000000 f12:40a00fc9 f28:00000000
21216310ns          369037 1c008c88 380f1163 bne              x30, x0, 898        x30:00000000
21216330ns          369038 1c008c8c 00c7f7d3 fadd.s           f15, f15, f12       f15=xxxxxxxx f15:40ec7560 f12:40a00fc9
21216350ns          369039 1c008c90 ffc3260b p.lw             x12, -4(x6!)        x12=41699b2b  x6=10001dc4  x6:10001dc8  PA:10001dc8
21216390ns          369041 1c008c94 a1c61f53 flt.s            x30, f12, f28       x30=00000000 f12:41699b2b f28:00000000
21216409ns          369042 1c008c98 000f0463 beq              x30, x0, 8          x30:00000000
21216469ns          369045 1c008ca0 1087f7d3 fmul.s           f15, f15, f8        f15=xxxxxxxx f15:41464294  f8:34000000
21216489ns          369046 1c008ca4 a0f607d3 fle.s            x15, f12, f15       x15=00000000 f12:41699b2b f15:35c64294
21216509ns          369047 1c008ca8 00079563 bne              x15, x0, 10         x15:00000000
21216529ns          369048 1c008caa a0960653 fle.s            x12, f12, f9        x12=00000000 f12:41699b2b  f9:0c000000
21216549ns          369049 1c008cae 36060663 beq              x12, x0, 876        x12:00000000
21216628ns          369053 1c00901a 00d71463 bne              x14, x13, 8         x14:00000002 x13:00000000
21216688ns          369056 1c009022 01100733 add              x14, x0, x17        x14=00000001 x17:00000001
21216708ns          369057 1c009024 ffc58593 addi             x11, x11, -4        x11=10001dd4 x11:10001dd8
21216728ns          369058 1c008c68 fff70893 addi             x17, x14, -1        x17=00000000 x14:00000001
21216748ns          369059 1c008c6c 00000793 addi             x15, x0, 0          x15=00000000
21216767ns          369060 1c008c70 00ec4763 blt              x24, x14, 14        x24:00000004 x14:00000001
21216787ns          369061 1c008c74 0045a783 lw               x15, 4(x11)         x15=40a00fc9 x11:10001dd4  PA:10001dd8
21216827ns          369063 1c008c76 a1c79653 flt.s            x12, f15, f28       x12=00000000 f15:40a00fc9 f28:00000000
21216847ns          369064 1c008c7a 38061b63 bne              x12, x0, 918        x12:00000000
21216867ns          369065 1c008c7e 00efd963 bge              x31, x14, 18        x31:00000001 x14:00000001
21216927ns          369068 1c008c90 ffc3260b p.lw             x12, -4(x6!)        x12=421984fc  x6=10001dc0  x6:10001dc4  PA:10001dc4
21216966ns          369070 1c008c94 a1c61f53 flt.s            x30, f12, f28       x30=00000000 f12:421984fc f28:00000000
21216986ns          369071 1c008c98 000f0463 beq              x30, x0, 8          x30:00000000
21217046ns          369074 1c008ca0 1087f7d3 fmul.s           f15, f15, f8        f15=xxxxxxxx f15:40a00fc9  f8:34000000
21217066ns          369075 1c008ca4 a0f607d3 fle.s            x15, f12, f15       x15=00000000 f12:421984fc f15:35200fc9
21217086ns          369076 1c008ca8 00079563 bne              x15, x0, 10         x15:00000000
21217106ns          369077 1c008caa a0960653 fle.s            x12, f12, f9        x12=00000000 f12:421984fc  f9:0c000000
21217125ns          369078 1c008cae 36060663 beq              x12, x0, 876        x12:00000000
21217205ns          369082 1c00901a 00d71463 bne              x14, x13, 8         x14:00000001 x13:00000000
21217265ns          369085 1c009022 01100733 add              x14, x0, x17        x14=00000000 x17:00000000
21217285ns          369086 1c009024 ffc58593 addi             x11, x11, -4        x11=10001dd0 x11:10001dd4
21217304ns          369087 1c009026 00000793 addi             x15, x0, 0          x15=00000000
21217324ns          369088 1c00902a a0f297d3 flt.s            x15, f5, f15        x15=00000001  f5:c14d1363 f15:00000000
21217344ns          369089 1c00902e 005006b3 add              x13, x0, x5         x13=c14d1363  x5:c14d1363
21217384ns          369091 1c009030 00078363 beq              x15, x0, 6          x15:00000001
21217424ns          369093 1c009032 205296d3 fsgnjn.s         f13, f5, f5         f13=xxxxxxxx  f5:c14d1363  f5:c14d1363
21217444ns          369094 1c009036 002d9593 slli             x11, x27, 0x2       x11=0000000c x27:00000003
21217464ns          369095 1c00903a 0e010613 addi             x12, x2, 224        x12=10001e78  x2:10001d98
21217483ns          369096 1c00903c 00b607b3 add              x15, x12, x11       x15=10001e84 x12:10001e78 x11:0000000c
21217523ns          369098 1c009040 f4c7a603 lw               x12, -180(x15)      x12=c0f8e9c6 x15:10001e84  PA:10001dd0
21217563ns          369100 1c009044 00000793 addi             x15, x0, 0          x15=00000000
21217583ns          369101 1c009048 a0f617d3 flt.s            x15, f12, f15       x15=00000001 f12:c0f8e9c6 f15:00000000
21217603ns          369102 1c00904c 00b12423 sw               x11, 8(x2)          x11:0000000c  x2:10001d98  PA:10001da0
21217623ns          369103 1c00904e 06d12423 sw               x13, 104(x2)        x13:414d1363  x2:10001d98  PA:10001e00
21217663ns          369105 1c009050 00c00533 add              x10, x0, x12        x10=c0f8e9c6 x12:c0f8e9c6
21217682ns          369106 1c009052 00b008b3 add              x17, x0, x11        x17=0000000c x11:0000000c
21217702ns          369107 1c009054 00078363 beq              x15, x0, 6          x15:00000001
21217722ns          369108 1c009056 20c61553 fsgnjn.s         f10, f12, f12       f10=xxxxxxxx f12:c0f8e9c6 f12:c0f8e9c6
21217742ns          369109 1c00905a 0e010713 addi             x14, x2, 224        x14=10001e78  x2:10001d98
21217762ns          369110 1c00905c 011707b3 add              x15, x14, x17       x15=10001e84 x14:10001e78 x17:0000000c
21217802ns          369112 1c009060 f607a783 lw               x15, -160(x15)      x15=3e19c47d x15:10001e84  PA:10001de4
21217861ns          369115 1c009064 00000713 addi             x14, x0, 0          x14=00000000
21217881ns          369116 1c009068 a0e79753 flt.s            x14, f15, f14       x14=00000000 f15:3e19c47d f14:00000000
21217901ns          369117 1c00906c 06a12623 sw               x10, 108(x2)        x10:40f8e9c6  x2:10001d98  PA:10001e04
21217921ns          369118 1c00906e 00070363 beq              x14, x0, 6          x14:00000000
21217981ns          369121 1c009074 00f00733 add              x14, x0, x15        x14=3e19c47d x15:3e19c47d
21218001ns          369122 1c009076 00281813 slli             x16, x16, 0x2       x16=00000000 x16:00000000
21218021ns          369123 1c009078 0e010993 addi             x19, x2, 224        x19=10001e78  x2:10001d98
21218040ns          369124 1c00907c 010985b3 add              x11, x19, x16       x11=10001e78 x19:10001e78 x16:00000000
21218458ns          369145 1c009080 f4c5a883 lw               x17, -180(x11)      x17=421984fc x11:10001e78  PA:10001dc4
21218498ns          369147 1c009084 00000593 addi             x11, x0, 0          x11=00000000
21218518ns          369148 1c009088 a0b895d3 flt.s            x11, f17, f11       x11=00000000 f17:421984fc f11:00000000
21218538ns          369149 1c00908c 06e12823 sw               x14, 112(x2)        x14:3e19c47d  x2:10001d98  PA:10001e08
21218558ns          369150 1c00908e 01100e33 add              x28, x0, x17        x28=421984fc x17:421984fc
21218597ns          369152 1c009090 00058363 beq              x11, x0, 6          x11:00000000
21218677ns          369156 1c009096 0e010e93 addi             x29, x2, 224        x29=10001e78  x2:10001d98
21218697ns          369157 1c00909a 01d80833 add              x16, x16, x29       x16=10001e78 x16:00000000 x29:10001e78
21218717ns          369158 1c00909c f6082303 lw               x6, -160(x16)        x6=40a00fc9 x16:10001e78  PA:10001dd8
21219134ns          369179 1c0090a0 00000593 addi             x11, x0, 0          x11=00000000
21219174ns          369181 1c0090a4 a0b315d3 flt.s            x11, f6, f11        x11=00000000  f6:40a00fc9 f11:00000000
21219194ns          369182 1c0090a8 07c12a23 sw               x28, 116(x2)        x28:421984fc  x2:10001d98  PA:10001e0c
21219214ns          369183 1c0090aa 00058363 beq              x11, x0, 6          x11:00000000
21219313ns          369188 1c0090b0 006005b3 add              x11, x0, x6         x11=40a00fc9  x6:40a00fc9
21219333ns          369189 1c0090b2 a0d6a853 feq.s            x16, f13, f13       x16=00000001 f13:414d1363 f13:414d1363
21219353ns          369190 1c0090b6 06b12c23 sw               x11, 120(x2)        x11:40a00fc9  x2:10001d98  PA:10001e10
21219373ns          369191 1c0090b8 00080463 beq              x16, x0, 8          x16:00000001
21219393ns          369192 1c0090bc 0080106f jal              x0, 4104           
21219890ns          369217 1c00a0c4 a0a69853 flt.s            x16, f13, f10       x16=00000000 f13:414d1363 f10:40f8e9c6
21219930ns          369219 1c00a0c8 1e080563 beq              x16, x0, 490        x16:00000000
21220129ns          369229 1c00a2b2 a0e69553 flt.s            x10, f13, f14       x10=00000000 f13:414d1363 f14:3e19c47d
21220149ns          369230 1c00a2b6 00100813 addi             x16, x0, 1          x16=00000001
21220169ns          369231 1c00a2b8 00300e13 addi             x28, x0, 3          x28=00000003
21220189ns          369232 1c00a2ba 00050363 beq              x10, x0, 6          x10:00000000
21220646ns          369255 1c00a2c0 07412703 lw               x14, 116(x2)        x14=421984fc  x2:10001d98  PA:10001e0c
21220686ns          369257 1c00a2c2 a0e69553 flt.s            x10, f13, f14       x10=00000001 f13:414d1363 f14:421984fc
21220706ns          369258 1c00a2c6 e0051ce3 bne              x10, x0, -488       x10:00000001
21221243ns          369285 1c00a0de a0b716d3 flt.s            x13, f14, f11       x13=00000000 f14:421984fc f11:40a00fc9
21221283ns          369287 1c00a0e2 84069063 bne              x13, x0, -4032      x13:00000000
21221303ns          369288 1c00a0e6 00e005b3 add              x11, x0, x14        x11=421984fc x14:421984fc
21221322ns          369289 1c00a0e8 83aff06f jal              x0, -4038          
21221501ns          369298 1c009122 1c0004b7 lui              x9, 0x1c000000       x9=1c000000
21221521ns          369299 1c009126 0204a703 lw               x14, 32(x9)         x14=3f800000  x9:1c000000  PA:1c000020
21221840ns          369315 1c00912a 18b77753 fdiv.s           f14, f14, f11       f14=xxxxxxxx f14:3f800000 f11:421984fc
21222118ns          369329 1c00912e 105772d3 fmul.s           f5, f14, f5          f5=xxxxxxxx f14:3cd571fb  f5:c14d1363
21222138ns          369330 1c009132 10e7f7d3 fmul.s           f15, f15, f14       f15=xxxxxxxx f15:3e19c47d f14:3cd571fb
21222158ns          369331 1c009136 00000513 addi             x10, x0, 0          x10=00000000
21222178ns          369332 1c00913a 28e676c3 fmadd.s          f13, f12, f14, f5   f13=xxxxxxxx f12:c0f8e9c6 f14:3cd571fb  f5:beaafc70
21222237ns          369335 1c00913e 28e67e47 fmsub.s          f28, f12, f14, f5   f28=xxxxxxxx f12:c0f8e9c6 f14:3cd571fb  f5:beaafc70
21222277ns          369337 1c009142 10f7f853 fmul.s           f16, f15, f15       f16=xxxxxxxx f15:3b8034f2 f15:3b8034f2
21222297ns          369338 1c009146 10f2f653 fmul.s           f12, f5, f15        f12=xxxxxxxx  f5:beaafc70 f15:3b8034f2
21222317ns          369339 1c00914a 10e8f7d3 fmul.s           f15, f17, f14       f15=xxxxxxxx f17:421984fc f14:3cd571fb
21222377ns          369342 1c00914e 1c000737 lui              x14, 0x1c000000     x14=1c000000
21222416ns          369344 1c009152 81c6f6c3 fmadd.s          f13, f13, f28, f16  f13=xxxxxxxx f13:bf09608d f28:3e066f8b f16:378069fa
21222436ns          369345 1c009156 03070713 addi             x14, x14, 48        x14=1c000030 x14:1c000000
21222456ns          369346 1c00915a 00072703 lw               x14, 0(x14)         x14=3f000000 x14:1c000030  PA:1c000030
21222774ns          369362 1c00915c 10c67653 fmul.s           f12, f12, f12       f12=xxxxxxxx f12:baab432a f12:baab432a
21222794ns          369363 1c009160 10e6f6d3 fmul.s           f13, f13, f14       f13=xxxxxxxx f13:bd9040c4 f14:3f000000
21222814ns          369364 1c009164 a0a6a753 feq.s            x14, f13, f10       x14=00000000 f13:bd1040c4 f10:00000000
21222834ns          369365 1c009168 00070663 beq              x14, x0, 12         x14:00000000
21222934ns          369370 1c009174 00000513 addi             x10, x0, 0          x10=00000000
21222953ns          369371 1c009178 a0a69553 flt.s            x10, f13, f10       x10=00000001 f13:bd1040c4 f10:00000000
21222973ns          369372 1c00917c 60d6f743 fmadd.s          f14, f13, f13, f12  f14=xxxxxxxx f13:bd1040c4 f13:bd1040c4 f12:35e52597
21223033ns          369375 1c009180 58077753 fsqrt.s          f14, f14            f14=xxxxxxxx f14:3aa2cb23
21223491ns          369398 1c009184 00050363 beq              x10, x0, 6          x10:00000001
21223510ns          369399 1c009186 20e71753 fsgnjn.s         f14, f14, f14       f14=xxxxxxxx f14:3d105a2c f14:3d105a2c
21223530ns          369400 1c00918a 00e6f6d3 fadd.s           f13, f13, f14       f13=xxxxxxxx f13:bd1040c4 f14:bd105a2c
21223550ns          369401 1c00918e 18d67753 fdiv.s           f14, f12, f13       f14=xxxxxxxx f12:35e52597 f13:bd904d78
21223769ns          369412 1c009192 00f2f853 fadd.s           f16, f5, f15        f16=xxxxxxxx  f5:beaafc70 f15:3f800000
21224047ns          369426 1c009196 0857f6d3 fsub.s           f13, f15, f5        f13=xxxxxxxx f15:3f800000  f5:beaafc70
21224067ns          369427 1c00919a 18b375d3 fdiv.s           f11, f6, f11        f11=xxxxxxxx  f6:40a00fc9 f11:421984fc
21225141ns          369481 1c00919e 10b7f7d3 fmul.s           f15, f15, f11       f15=xxxxxxxx f15:3f800000 f11:3e057466
21225161ns          369482 1c0091a2 70d87843 fmadd.s          f16, f16, f13, f14  f16=xxxxxxxx f16:3f2a81c8 f13:3faabf1c f14:b7cb4249
21225181ns          369483 1c0091a6 5dfc4563 blt              x24, x31, 1482      x24:00000004 x31:00000001
21225201ns          369484 1c0091aa 002f9693 slli             x13, x31, 0x2       x13=00000004 x31:00000001
21225659ns          369507 1c0091ae 01f68333 add              x6, x13, x31         x6=00000005 x13:00000004 x31:00000001
21225678ns          369508 1c0091b2 00231313 slli             x6, x6, 0x2          x6=00000014  x6:00000005
21225698ns          369509 1c0091b4 058fc733 p.min            x14, x31, x24       x14=00000001 x31:00000001 x24:00000004
21225718ns          369510 1c0091b8 02c10893 addi             x17, x2, 44         x17=10001dc4  x2:10001d98
21225738ns          369511 1c0091bc 0e010993 addi             x19, x2, 224        x19=10001e78  x2:10001d98
21225798ns          369514 1c0091c0 ffc68a13 addi             x20, x13, -4        x20=00000000 x13:00000004
21225838ns          369516 1c0091c4 fec30e13 addi             x28, x6, -20        x28=00000000  x6:00000014
21225858ns          369517 1c0091c8 00d88ab3 add              x21, x17, x13       x21=10001dc8 x17:10001dc4 x13:00000004
21225877ns          369518 1c0091cc 00d98633 add              x12, x19, x13       x12=10001e7c x19:10001e78 x13:00000004
21225937ns          369521 1c0091d0 41f70b33 sub              x22, x14, x31       x22=00000000 x14:00000001 x31:00000001
21225977ns          369523 1c0091d4 04010393 addi             x7, x2, 64           x7=10001dd8  x2:10001d98
21225997ns          369524 1c0091d8 001f8693 addi             x13, x31, 1         x13=00000002 x31:00000001
21226017ns          369525 1c0091dc 00170713 addi             x14, x14, 1         x14=00000002 x14:00000001
21226076ns          369528 1c0091de 006c8eb3 add              x29, x25, x6        x29=10001f34 x25:10001f20  x6:00000014
21226116ns          369530 1c0091e2 01488bb3 add              x23, x17, x20       x23=10001dc4 x17:10001dc4 x20:00000000
21226136ns          369531 1c0091e6 01cc8f33 add              x30, x25, x28       x30=10001f20 x25:10001f20 x28:00000000
21226156ns          369532 1c0091ea f5c62503 lw               x10, -164(x12)      x10=40a00fc9 x12:10001e7c  PA:10001dd8
21226593ns          369554 1c0091ee ffcaa583 lw               x11, -4(x21)        x11=421984fc x21:10001dc8  PA:10001dc4
21226613ns          369555 1c0091f2 01a30333 add              x6, x6, x26          x6=10001ed0  x6:00000014 x26:10001ebc
21226633ns          369556 1c0091f4 007a0a33 add              x20, x20, x7        x20=10001dd8 x20:00000000  x7:10001dd8
21226653ns          369557 1c0091f6 01ae0e33 add              x28, x28, x26       x28=10001ebc x28:00000000 x26:10001ebc
21226673ns          369558 1c0091f8 00000293 addi             x5, x0, 0            x5=00000000
21226693ns          369559 1c0091fc 001b0b13 addi             x22, x22, 1         x22=00000001 x22:00000000
21227111ns          369580 1c0091fe 00d75463 bge              x14, x13, 8         x14:00000002 x13:00000002
21227190ns          369584 1c009206 145b40fb lp.setup         0x1, x22, 0x145     x22:00000001
21227210ns          369585 1c00920a a0581753 flt.s            x14, f16, f5        x14=00000000 f16:3f63715a  f5:00000000
21227230ns          369586 1c00920e 01000633 add              x12, x0, x16        x12=3f63715a x16:3f63715a
21227270ns          369588 1c009210 00070363 beq              x14, x0, 6          x14:00000000
21227349ns          369592 1c009216 a0579753 flt.s            x14, f15, f5        x14=00000000 f15:3e057466  f5:00000000
21227369ns          369593 1c00921a 00f008b3 add              x17, x0, x15        x17=3e057466 x15:3e057466
21227389ns          369594 1c00921c 00070363 beq              x14, x0, 6          x14:00000000
21227489ns          369599 1c009222 a0c89753 flt.s            x14, f17, f12       x14=00000001 f17:3e057466 f12:3f63715a
21227508ns          369600 1c009226 010006b3 add              x13, x0, x16        x13=3f63715a x16:3f63715a
21227528ns          369601 1c009228 00071263 bne              x14, x0, 4          x14:00000001
21228006ns          369625 1c00922c 01167753 fadd.s           f14, f12, f17       f14=xxxxxxxx f12:3f63715a f17:3e057466
21228026ns          369626 1c009230 a05723d3 feq.s            x7, f14, f5          x7=00000000 f14:3f82673a  f5:00000000
21228045ns          369627 1c009234 00038463 beq              x7, x0, 8            x7:00000000
21228105ns          369630 1c00923c 1c000437 lui              x8, 0x1c000000       x8=1c000000
21228543ns          369652 1c009240 02040413 addi             x8, x8, 32           x8=1c000020  x8:1c000000
21228583ns          369654 1c009244 00042403 lw               x8, 0(x8)            x8=3f800000  x8:1c000020  PA:1c000020
21228901ns          369670 1c009246 18e473d3 fdiv.s           f7, f8, f14          f7=xxxxxxxx  f8:3f800000 f14:3f82673a
21229179ns          369684 1c00924a 1078f8d3 fmul.s           f17, f17, f7        f17=xxxxxxxx f17:3e057466  f7:3f7b4839
21229199ns          369685 1c00924e 10767653 fmul.s           f12, f12, f7        f12=xxxxxxxx f12:3f63715a  f7:3f7b4839
21229219ns          369686 1c009252 a05696d3 flt.s            x13, f13, f5        x13=00000000 f13:3f63715a  f5:00000000
21229239ns          369687 1c009256 1118f8d3 fmul.s           f17, f17, f17       f17=xxxxxxxx f17:3e02fec6 f17:3e02fec6
21229259ns          369688 1c00925a 88c67643 fmadd.s          f12, f12, f12, f17  f12=xxxxxxxx f12:3f5f404e f12:3f5f404e f17:3c860f7d
21229696ns          369710 1c00925e 58067653 fsqrt.s          f12, f12            f12=xxxxxxxx f12:3f46e194
21230035ns          369727 1c009262 10c77753 fmul.s           f14, f14, f12       f14=xxxxxxxx f14:3f82673a f12:3f61a3f0
21230054ns          369728 1c009266 00068363 beq              x13, x0, 6          x13:00000000
21230174ns          369734 1c00926c 1c0004b7 lui              x9, 0x1c000000       x9=1c000000
21230194ns          369735 1c009270 02048493 addi             x9, x9, 32           x9=1c000020  x9:1c000000
21230214ns          369736 1c009274 0004a483 lw               x9, 0(x9)            x9=3f800000  x9:1c000020  PA:1c000020
21230532ns          369752 1c009276 18e4f753 fdiv.s           f14, f9, f14        f14=xxxxxxxx  f9:3f800000 f14:3f65e078
21231129ns          369782 1c00927a 10e87653 fmul.s           f12, f16, f14       f12=xxxxxxxx f16:3f63715a f14:3f8e8bc0
21231148ns          369783 1c00927e 10e7f7d3 fmul.s           f15, f15, f14       f15=xxxxxxxx f15:3e057466 f14:3f8e8bc0
21231168ns          369784 1c009282 000e2683 lw               x13, 0(x28)         x13=3ed1c9da x28:10001ebc  PA:10001ebc
21231188ns          369785 1c009286 00032803 lw               x16, 0(x6)          x16=3e05571a  x6:10001ed0  PA:10001ed0
21231208ns          369786 1c00928a 10d7f3d3 fmul.s           f7, f15, f13         f7=xxxxxxxx f15:3e149ed6 f13:3ed1c9da
21231268ns          369789 1c00928e 1107f8d3 fmul.s           f17, f15, f16       f17=xxxxxxxx f15:3e149ed6 f16:3e05571a
21231308ns          369791 1c009292 10f57753 fmul.s           f14, f10, f15       f14=xxxxxxxx f10:40a00fc9 f15:3e149ed6
21231327ns          369792 1c009296 39067847 fmsub.s          f16, f12, f16, f7   f16=xxxxxxxx f12:3f7d4a12 f16:3e05571a  f7:3d7395b8
21231347ns          369793 1c00929a 88d676c3 fmadd.s          f13, f12, f13, f17  f13=xxxxxxxx f12:3f7d4a12 f13:3ed1c9da f17:3c9ad22d
21231785ns          369815 1c00929e 10b7f3d3 fmul.s           f7, f15, f11         f7=xxxxxxxx f15:3e149ed6 f11:421984fc
21231825ns          369817 1c0092a2 01032023 sw               x16, 0(x6)          x16:3d8e1076  x6:10001ed0  PA:10001ed0
21231845ns          369818 1c0092a6 00de2023 sw               x13, 0(x28)         x13:3ed93e52 x28:10001ebc  PA:10001ebc
21231865ns          369819 1c0092aa 004e2803 lw               x16, 4(x28)         x16=3f2173f9 x28:10001ebc  PA:10001ec0
21231924ns          369822 1c0092ae 00432883 lw               x17, 4(x6)          x17=3d0835ed  x6:10001ed0  PA:10001ed4
21231964ns          369824 1c0092b2 1107f453 fmul.s           f8, f15, f16         f8=xxxxxxxx f15:3e149ed6 f16:3f2173f9
21231984ns          369825 1c0092b6 1117f6d3 fmul.s           f13, f15, f17       f13=xxxxxxxx f15:3e149ed6 f17:3d0835ed
21232004ns          369826 1c0092ba 70b67743 fmadd.s          f14, f12, f11, f14  f14=xxxxxxxx f12:3f7d4a12 f11:421984fc f14:3f39d8df
21232063ns          369829 1c0092be 411678c7 fmsub.s          f17, f12, f17, f8   f17=xxxxxxxx f12:3f7d4a12 f17:3d0835ed  f8:3dbb7671
21232103ns          369831 1c0092c2 69067843 fmadd.s          f16, f12, f16, f13  f16=xxxxxxxx f12:3f7d4a12 f16:3f2173f9 f13:3b9e2760
21232123ns          369832 1c0092c6 38c576c7 fmsub.s          f13, f10, f12, f7   f13=xxxxxxxx f10:40a00fc9 f12:3f7d4a12  f7:40b24044
21232143ns          369833 1c0092ca 01132223 sw               x17, 4(x6)          x17:bd70282e  x6:10001ed0  PA:10001ed4
21232581ns          369855 1c0092ce 008e2583 lw               x11, 8(x28)         x11=3e156df5 x28:10001ebc  PA:10001ec4
21232620ns          369857 1c0092d2 010e2223 sw               x16, 4(x28)         x16:3f20faa3 x28:10001ebc  PA:10001ec0
21232640ns          369858 1c0092d6 00832803 lw               x16, 8(x6)          x16=3f2bc11d  x6:10001ed0  PA:10001ed8
21232660ns          369859 1c0092da 10b7f8d3 fmul.s           f17, f15, f11       f17=xxxxxxxx f15:3e149ed6 f11:3e156df5
21232720ns          369862 1c0092de 1107f553 fmul.s           f10, f15, f16       f10=xxxxxxxx f15:3e149ed6 f16:3f2bc11d
21232760ns          369864 1c0092e2 a05713d3 flt.s            x7, f14, f5          x7=00000000 f14:421acc3c  f5:00000000
21232779ns          369865 1c0092e6 890678c7 fmsub.s          f17, f12, f16, f17  f17=xxxxxxxx f12:3f7d4a12 f16:3f2bc11d f17:3cad8091
21232799ns          369866 1c0092ea 50b67543 fmadd.s          f10, f12, f11, f10  f10=xxxxxxxx f12:3f7d4a12 f11:3e156df5 f10:3dc76c6b
21232859ns          369869 1c0092ee 000aa803 lw               x16, 0(x21)         x16=41699b2b x21:10001dc8  PA:10001dc8
21232899ns          369871 1c0092f2 01132423 sw               x17, 8(x6)          x17:3f248387  x6:10001ed0  PA:10001ed8
21232919ns          369872 1c0092f6 00ce2583 lw               x11, 12(x28)        x11=3f06d43b x28:10001ebc  PA:10001ec8
21232939ns          369873 1c0092fa 00ae2423 sw               x10, 8(x28)         x10:3e778f1d x28:10001ebc  PA:10001ec4
21232998ns          369876 1c0092fe 00c32403 lw               x8, 12(x6)           x8=bf1bba31  x6:10001ed0  PA:10001edc
21233038ns          369878 1c009302 10b7f8d3 fmul.s           f17, f15, f11       f17=xxxxxxxx f15:3e149ed6 f11:3f06d43b
21233058ns          369879 1c009306 1087f553 fmul.s           f10, f15, f8        f10=xxxxxxxx f15:3e149ed6  f8:bf1bba31
21233078ns          369880 1c00930a 00da222b p.sw             x13, 4(x20!)        x20=10001ddc x13:bf1f12d4 x20:10001dd8  PA:10001dd8
21233138ns          369883 1c00930e 88867447 fmsub.s          f8, f12, f8, f17     f8=xxxxxxxx f12:3f7d4a12  f8:bf1bba31 f17:3d9c8cb4
21233177ns          369885 1c009312 50b67543 fmadd.s          f10, f12, f11, f10  f10=xxxxxxxx f12:3f7d4a12 f11:3f06d43b f10:bdb4d087
21233197ns          369886 1c009316 10f875d3 fmul.s           f11, f16, f15       f11=xxxxxxxx f16:41699b2b f15:3e149ed6
21233217ns          369887 1c00931a 00832623 sw               x8, 12(x6)           x8:bf2da5a8  x6:10001ed0  PA:10001edc
21233277ns          369890 1c00931e 010e2403 lw               x8, 16(x28)          x8=3ebc9765 x28:10001ebc  PA:10001ecc
21233317ns          369892 1c009322 00ae2623 sw               x10, 12(x28)        x10:3edd9961 x28:10001ebc  PA:10001ec8
21233336ns          369893 1c009326 01032503 lw               x10, 16(x6)         x10=3ecdedf7  x6:10001ed0  PA:10001ee0
21233356ns          369894 1c00932a 1087f4d3 fmul.s           f9, f15, f8          f9=xxxxxxxx f15:3e149ed6  f8:3ebc9765
21233416ns          369897 1c00932e 10a7f7d3 fmul.s           f15, f15, f10       f15=xxxxxxxx f15:3e149ed6 f10:3ecdedf7
21233456ns          369899 1c009332 10c878d3 fmul.s           f17, f16, f12       f17=xxxxxxxx f16:41699b2b f12:3f7d4a12
21233476ns          369900 1c009336 48a67547 fmsub.s          f10, f12, f10, f9   f10=xxxxxxxx f12:3f7d4a12 f10:3ecdedf7  f9:3d5af913
21233496ns          369901 1c00933a 788677c3 fmadd.s          f15, f12, f8, f15   f15=xxxxxxxx f12:3f7d4a12  f8:3ebc9765 f15:3d6f1ab0
21233555ns          369904 1c00933e 00a32823 sw               x10, 16(x6)         x10:3eb060a0  x6:10001ed0  PA:10001ee0
21233595ns          369906 1c009342 00fe2823 sw               x15, 16(x28)        x15:3ed87b86 x28:10001ebc  PA:10001ecc
21233615ns          369907 1c009346 00e007b3 add              x15, x0, x14        x15=421acc3c x14:421acc3c
21233635ns          369908 1c009348 00038463 beq              x7, x0, 8            x7:00000000
21233734ns          369913 1c009350 a0559653 flt.s            x12, f11, f5        x12=00000000 f11:40079ea6  f5:00000000
21233754ns          369914 1c009354 700616e3 bne              x12, x0, 3852       x12:00000000
21233774ns          369915 1c009358 00b00633 add              x12, x0, x11        x12=40079ea6 x11:40079ea6
21233794ns          369916 1c00935a a0f61553 flt.s            x10, f12, f15       x10=00000001 f12:40079ea6 f15:421acc3c
21233814ns          369917 1c00935e 00e00833 add              x16, x0, x14        x16=421acc3c x14:421acc3c
21233854ns          369919 1c009360 00051263 bne              x10, x0, 4          x10:00000001
21233913ns          369922 1c009364 00c7f453 fadd.s           f8, f15, f12         f8=xxxxxxxx f15:421acc3c f12:40079ea6
21233933ns          369923 1c009368 a05423d3 feq.s            x7, f8, f5           x7=00000000  f8:42234626  f5:00000000
21233953ns          369924 1c00936c 6a0397e3 bne              x7, x0, 3758         x7:00000000
21234013ns          369927 1c009370 1c0009b7 lui              x19, 0x1c000000     x19=1c000000
21234052ns          369929 1c009374 02098993 addi             x19, x19, 32        x19=1c000020 x19:1c000000
21234072ns          369930 1c009378 0009a983 lw               x19, 0(x19)         x19=3f800000 x19:1c000020  PA:1c000020
21234411ns          369947 1c00937c 1889f3d3 fdiv.s           f7, f19, f8          f7=xxxxxxxx f19:3f800000  f8:42234626
21234689ns          369961 1c009380 10767653 fmul.s           f12, f12, f7        f12=xxxxxxxx f12:40079ea6  f7:3cc8b17c
21234709ns          369962 1c009384 1077f7d3 fmul.s           f15, f15, f7        f15=xxxxxxxx f15:421acc3c  f7:3cc8b17c
21234729ns          369963 1c009388 a0581853 flt.s            x16, f16, f5        x16=00000000 f16:421acc3c  f5:00000000
21234749ns          369964 1c00938c 10c67653 fmul.s           f12, f12, f12       f12=xxxxxxxx f12:3d54a3f0 f12:3d54a3f0
21234788ns          369966 1c009390 60f7f7c3 fmadd.s          f15, f15, f15, f12  f15=xxxxxxxx f15:3f72b5c2 f15:3f72b5c2 f12:3b309fee
21234828ns          369968 1c009394 5807f7d3 fsqrt.s          f15, f15            f15=xxxxxxxx f15:3f66ccc4
21235524ns          370003 1c009398 10f47453 fmul.s           f8, f8, f15          f8=xxxxxxxx  f8:42234626 f15:3f7312d6
21235544ns          370004 1c00939c 00080463 beq              x16, x0, 8          x16:00000000
21235604ns          370007 1c0093a4 1c0003b7 lui              x7, 0x1c000000       x7=1c000000
21235624ns          370008 1c0093a8 02038393 addi             x7, x7, 32           x7=1c000020  x7:1c000000
21235644ns          370009 1c0093ac 0003a383 lw               x7, 0(x7)            x7=3f800000  x7:1c000020  PA:1c000020
21235982ns          370026 1c0093b0 1883f7d3 fdiv.s           f15, f7, f8         f15=xxxxxxxx  f7:3f800000  f8:421b0799
21236638ns          370059 1c0093b4 10f77653 fmul.s           f12, f14, f15       f12=xxxxxxxx f14:421acc3c f15:3cd35db1
21236658ns          370060 1c0093b8 10f5f3d3 fmul.s           f7, f11, f15         f7=xxxxxxxx f11:40079ea6 f15:3cd35db1
21236678ns          370061 1c0093bc 10c6f853 fmul.s           f16, f13, f12       f16=xxxxxxxx f13:bf1f12d4 f12:3f7f9df9
21236698ns          370062 1c0093c0 207395d3 fsgnjn.s         f11, f7, f7         f11=xxxxxxxx  f7:3d5ff2ca  f7:3d5ff2ca
21236718ns          370063 1c0093c4 000f2783 lw               x15, 0(x30)         x15=3ed1666b x30:10001f20  PA:10001f20
21236738ns          370064 1c0093c8 000ea483 lw               x9, 0(x29)           x9=3dfc43c4 x29:10001f34  PA:10001f34
21236758ns          370065 1c0093cc 1077f953 fmul.s           f18, f15, f7        f18=xxxxxxxx f15:3ed1666b  f7:3d5ff2ca
21236797ns          370067 1c0093d0 1074f553 fmul.s           f10, f9, f7         f10=xxxxxxxx  f9:3dfc43c4  f7:3d5ff2ca
21236837ns          370069 1c0093d4 10c8f753 fmul.s           f14, f17, f12       f14=xxxxxxxx f17:416721f1 f12:3f7f9df9
21236857ns          370070 1c0093d8 90c4f4c7 fmsub.s          f9, f9, f12, f18     f9=xxxxxxxx  f9:3dfc43c4 f12:3f7f9df9 f18:3cb72ecf
21236877ns          370071 1c0093dc 50c7f543 fmadd.s          f10, f15, f12, f10  f10=xxxxxxxx f15:3ed1666b f12:3f7f9df9 f10:3bdcae47
21236937ns          370074 1c0093e0 70b6f5c3 fmadd.s          f11, f13, f11, f14  f11=xxxxxxxx f13:bf1f12d4 f11:bd5ff2ca f14:4166c970
21236976ns          370076 1c0093e4 009ea023 sw               x9, 0(x29)           x9:3dce1777 x29:10001f34  PA:10001f34
21236996ns          370077 1c0093e8 00af2023 sw               x10, 0(x30)         x10:3ed488f5 x30:10001f20  PA:10001f20
21237016ns          370078 1c0093ec 004f2503 lw               x10, 4(x30)         x10=3f017cbc x30:10001f20  PA:10001f24
21237076ns          370081 1c0093f0 004ea483 lw               x9, 4(x29)           x9=3ec8237d x29:10001f34  PA:10001f38
21237116ns          370083 1c0093f4 10a3f9d3 fmul.s           f19, f7, f10        f19=xxxxxxxx  f7:3d5ff2ca f10:3f017cbc
21237136ns          370084 1c0093f8 1093f953 fmul.s           f18, f7, f9         f18=xxxxxxxx  f7:3d5ff2ca  f9:3ec8237d
21237155ns          370085 1c0093fc 008ba22b p.sw             x8, 4(x23!)         x23=10001dc8  x8:421b0799 x23:10001dc4  PA:10001dc4
21237215ns          370088 1c009400 989674c7 fmsub.s          f9, f12, f9, f19     f9=xxxxxxxx f12:3f7f9df9  f9:3ec8237d f19:3ce28cec
21237255ns          370090 1c009404 90a67743 fmadd.s          f14, f12, f10, f18  f14=xxxxxxxx f12:3f7f9df9 f10:3f017cbc f18:3caf14b9
21237275ns          370091 1c009408 8078f843 fmadd.s          f16, f17, f7, f16   f16=xxxxxxxx f17:416721f1  f7:3d5ff2ca f16:bf1ed5ea
21237295ns          370092 1c00940c 009ea223 sw               x9, 4(x29)           x9:3eb9ae0b x29:10001f34  PA:10001f38
21237374ns          370096 1c009410 00ef2223 sw               x14, 4(x30)         x14:3f06c3cc x30:10001f20  PA:10001f24
21237414ns          370098 1c009414 008f2703 lw               x14, 8(x30)         x14=3e5074ca x30:10001f20  PA:10001f28
21237434ns          370099 1c009418 008ea483 lw               x9, 8(x29)           x9=3f17039e x29:10001f34  PA:10001f3c
21237454ns          370100 1c00941c 10e3f953 fmul.s           f18, f7, f14        f18=xxxxxxxx  f7:3d5ff2ca f14:3e5074ca
21237891ns          370122 1c009420 1093f6d3 fmul.s           f13, f7, f9         f13=xxxxxxxx  f7:3d5ff2ca  f9:3f17039e
21237931ns          370124 1c009424 000a2783 lw               x15, 0(x20)         x15=c0ec7560 x20:10001ddc  PA:10001ddc
21237951ns          370125 1c009428 909674c7 fmsub.s          f9, f12, f9, f18     f9=xxxxxxxx f12:3f7f9df9  f9:3f17039e f18:3c365b6f
21237971ns          370126 1c00942c 68e676c3 fmadd.s          f13, f12, f14, f13  f13=xxxxxxxx f12:3f7f9df9 f14:3e5074ca f13:3d041b5f
21238409ns          370148 1c009430 10c7f553 fmul.s           f10, f15, f12       f10=xxxxxxxx f15:c0ec7560 f12:3f7f9df9
21238448ns          370150 1c009434 009ea423 sw               x9, 8(x29)           x9:3f13f05d x29:10001f34  PA:10001f3c
21238468ns          370151 1c009438 00cf2703 lw               x14, 12(x30)        x14=3f04afda x30:10001f20  PA:10001f2c
21238488ns          370152 1c00943c 00df2423 sw               x13, 8(x30)         x13:3e712bcf x30:10001f20  PA:10001f28
21238548ns          370155 1c009440 00cea683 lw               x13, 12(x29)        x13=bf321156 x29:10001f34  PA:10001f40
21238588ns          370157 1c009444 10e3f4d3 fmul.s           f9, f7, f14          f9=xxxxxxxx  f7:3d5ff2ca f14:3f04afda
21238607ns          370158 1c009448 10d3f453 fmul.s           f8, f7, f13          f8=xxxxxxxx  f7:3d5ff2ca f13:bf321156
21238627ns          370159 1c00944c 00baa22b p.sw             x11, 4(x21!)        x21=10001dcc x11:41675498 x21:10001dc8  PA:10001dc8
21238687ns          370162 1c009450 48d676c7 fmsub.s          f13, f12, f13, f9   f13=xxxxxxxx f12:3f7f9df9 f13:bf321156  f9:3ce8260c
21238727ns          370164 1c009454 40e67743 fmadd.s          f14, f12, f14, f8   f14=xxxxxxxx f12:3f7f9df9 f14:3f04afda  f8:bd1bc5fb
21238747ns          370165 1c009458 00aa2023 sw               x10, 0(x20)         x10:c0ec1ad5 x20:10001ddc  PA:10001ddc
21238767ns          370166 1c00945c 00dea623 sw               x13, 12(x29)        x13:bf390e57 x29:10001f34  PA:10001f40
21239204ns          370188 1c009460 010f2883 lw               x17, 16(x30)        x17=3f043b5a x30:10001f20  PA:10001f30
21239244ns          370190 1c009464 00ef2623 sw               x14, 12(x30)        x14:3ef58157 x30:10001f20  PA:10001f2c
21239264ns          370191 1c009468 010ea683 lw               x13, 16(x29)        x13=bc72ecf0 x29:10001f34  PA:10001f44
21239284ns          370192 1c00946c 1113f453 fmul.s           f8, f7, f17          f8=xxxxxxxx  f7:3d5ff2ca f17:3f043b5a
21239343ns          370195 1c009470 10d3f753 fmul.s           f14, f7, f13        f14=xxxxxxxx  f7:3d5ff2ca f13:bc72ecf0
21239383ns          370197 1c009474 1077f7d3 fmul.s           f15, f15, f7        f15=xxxxxxxx f15:c0ec7560  f7:3d5ff2ca
21239403ns          370198 1c009478 40d676c7 fmsub.s          f13, f12, f13, f8   f13=xxxxxxxx f12:3f7f9df9 f13:bc72ecf0  f8:3ce75a38
21239423ns          370199 1c00947c 71167743 fmadd.s          f14, f12, f17, f14  f14=xxxxxxxx f12:3f7f9df9 f17:3f043b5a f14:ba5482c9
21239861ns          370221 1c009480 001f8f93 addi             x31, x31, 1         x31=00000002 x31:00000001
21239900ns          370223 1c009482 00dea823 sw               x13, 16(x29)        x13:bd305117 x29:10001f34  PA:10001f44
21239920ns          370224 1c009486 00ef2823 sw               x14, 16(x30)        x14:3f03d397 x30:10001f20  PA:10001f30
21239940ns          370225 1c00948a 014e8e93 addi             x29, x29, 20        x29=10001f48 x29:10001f34
21239960ns          370226 1c00948c 01430313 addi             x6, x6, 20           x6=10001ee4  x6:10001ed0
21239980ns          370227 1c00948e 014f0f13 addi             x30, x30, 20        x30=10001f34 x30:10001f20
21240000ns          370228 1c009490 014e0e13 addi             x28, x28, 20        x28=10001ed0 x28:10001ebc
21240040ns          370230 1c009492 2dfc4f63 blt              x24, x31, 734       x24:00000004 x31:00000002
21240059ns          370231 1c009496 002f9713 slli             x14, x31, 0x2       x14=00000008 x31:00000002
21240079ns          370232 1c00949a ffc70b13 addi             x22, x14, -4        x22=00000004 x14:00000008
21240139ns          370235 1c00949e 002c1913 slli             x18, x24, 0x2       x18=00000010 x24:00000004
21240179ns          370237 1c0094a2 01f70633 add              x12, x14, x31       x12=0000000a x14:00000008 x31:00000002
21240199ns          370238 1c0094a6 41690933 sub              x18, x18, x22       x18=0000000c x18:00000010 x22:00000004
21240219ns          370239 1c0094aa 02c10513 addi             x10, x2, 44         x10=10001dc4  x2:10001d98
21240239ns          370240 1c0094ac 04010593 addi             x11, x2, 64         x11=10001dd8  x2:10001d98
21240258ns          370241 1c0094ae 00261613 slli             x12, x12, 0x2       x12=00000028 x12:0000000a
21240278ns          370242 1c0094b0 00e50ab3 add              x21, x10, x14       x21=10001dcc x10:10001dc4 x14:00000008
21240318ns          370244 1c0094b4 00e58a33 add              x20, x11, x14       x20=10001de0 x11:10001dd8 x14:00000008
21240338ns          370245 1c0094b8 ffc90913 addi             x18, x18, -4        x18=00000008 x18:0000000c
21240358ns          370246 1c0094ba ff870713 addi             x14, x14, -8        x14=00000000 x14:00000008
21240378ns          370247 1c0094bc 04010693 addi             x13, x2, 64         x13=10001dd8  x2:10001d98
21240795ns          370268 1c0094be fec60e13 addi             x28, x12, -20       x28=00000014 x12:00000028
21240835ns          370270 1c0094c2 00295913 srli             x18, x18, 0x2       x18=00000002 x18:00000008
21240855ns          370271 1c0094c6 00e689b3 add              x19, x13, x14       x19=10001dd8 x13:10001dd8 x14:00000000
21240875ns          370272 1c0094ca ffcaa583 lw               x11, -4(x21)        x11=41675498 x21:10001dcc  PA:10001dc8
21240895ns          370273 1c0094ce 02c10713 addi             x14, x2, 44         x14=10001dc4  x2:10001d98
21240935ns          370275 1c0094d0 ffca2503 lw               x10, -4(x20)        x10=c0ec1ad5 x20:10001de0  PA:10001ddc
21240974ns          370277 1c0094d4 00cc8f33 add              x30, x25, x12       x30=10001f48 x25:10001f20 x12:00000028
21240994ns          370278 1c0094d8 01cc8eb3 add              x29, x25, x28       x29=10001f34 x25:10001f20 x28:00000014
21241014ns          370279 1c0094dc 01a60633 add              x12, x12, x26       x12=10001ee4 x12:00000028 x26:10001ebc
21241034ns          370280 1c0094de 01ae0e33 add              x28, x28, x26       x28=10001ed0 x28:00000014 x26:10001ebc
21241074ns          370282 1c0094e0 00eb0b33 add              x22, x22, x14       x22=10001dc8 x22:00000004 x14:10001dc4
21241114ns          370284 1c0094e2 00000f93 addi             x31, x0, 0          x31=00000000
21241134ns          370285 1c0094e6 00190913 addi             x18, x18, 1         x18=00000003 x18:00000002
21241153ns          370286 1c0094e8 142940fb lp.setup         0x1, x18, 0x142     x18:00000003
21241173ns          370287 1c0094ec a1f81753 flt.s            x14, f16, f31       x14=00000000 f16:3e2d6f6e f31:00000000
21241213ns          370289 1c0094f0 010002b3 add              x5, x0, x16          x5=3e2d6f6e x16:3e2d6f6e
21241233ns          370290 1c0094f2 00070363 beq              x14, x0, 6          x14:00000000
21241293ns          370293 1c0094f8 a1f79753 flt.s            x14, f15, f31       x14=00000001 f15:beceda80 f31:00000000
21241313ns          370294 1c0094fc 00f006b3 add              x13, x0, x15        x13=beceda80 x15:beceda80
21241333ns          370295 1c0094fe 00070363 beq              x14, x0, 6          x14:00000001
21241372ns          370297 1c009500 20f796d3 fsgnjn.s         f13, f15, f15       f13=xxxxxxxx f15:beceda80 f15:beceda80
21241412ns          370299 1c009504 a0569753 flt.s            x14, f13, f5        x14=00000000 f13:3eceda80  f5:3e2d6f6e
21241432ns          370300 1c009508 01000333 add              x6, x0, x16          x6=3e2d6f6e x16:3e2d6f6e
21241452ns          370301 1c00950a 00071263 bne              x14, x0, 4          x14:00000000
21241472ns          370302 1c00950c 00f00333 add              x6, x0, x15          x6=beceda80 x15:beceda80
21241512ns          370304 1c00950e 0056f753 fadd.s           f14, f13, f5        f14=xxxxxxxx f13:3eceda80  f5:3e2d6f6e
21241551ns          370306 1c009512 a1f728d3 feq.s            x17, f14, f31       x17=00000000 f14:3f12c91c f31:00000000
21241571ns          370307 1c009516 52089be3 bne              x17, x0, 3382       x17:00000000
21241591ns          370308 1c00951a 1c0003b7 lui              x7, 0x1c000000       x7=1c000000
21241651ns          370311 1c00951e 02038393 addi             x7, x7, 32           x7=1c000020  x7:1c000000
21241691ns          370313 1c009522 0003a383 lw               x7, 0(x7)            x7=3f800000  x7:1c000020  PA:1c000020
21242009ns          370329 1c009526 18e3f8d3 fdiv.s           f17, f7, f14        f17=xxxxxxxx  f7:3f800000 f14:3f12c91c
21242287ns          370343 1c00952a 10d8f6d3 fmul.s           f13, f17, f13       f13=xxxxxxxx f17:3fdf3cb8 f13:3eceda80
21242307ns          370344 1c00952e 1058f8d3 fmul.s           f17, f17, f5        f17=xxxxxxxx f17:3fdf3cb8  f5:3e2d6f6e
21242327ns          370345 1c009532 a1f312d3 flt.s            x5, f6, f31          x5=00000001  f6:beceda80 f31:00000000
21242347ns          370346 1c009536 10d6f6d3 fmul.s           f13, f13, f13       f13=xxxxxxxx f13:3f346165 f13:3f346165
21242367ns          370347 1c00953a 6918f6c3 fmadd.s          f13, f17, f17, f13  f13=xxxxxxxx f17:3e973d34 f17:3e973d34 f13:3efe3236
21242824ns          370370 1c00953e 5806f353 fsqrt.s          f6, f13              f6=xxxxxxxx f13:3f156f6b
21243123ns          370385 1c009542 10e37353 fmul.s           f6, f6, f14          f6=xxxxxxxx  f6:3f439705 f14:3f12c91c
21243143ns          370386 1c009546 00028463 beq              x5, x0, 8            x5:00000001
21243162ns          370387 1c00954a 20631353 fsgnjn.s         f6, f6, f6           f6=xxxxxxxx  f6:3ee04b90  f6:3ee04b90
21243182ns          370388 1c00954e 1c000437 lui              x8, 0x1c000000       x8=1c000000
21243202ns          370389 1c009552 02040413 addi             x8, x8, 32           x8=1c000020  x8:1c000000
21243222ns          370390 1c009556 00042403 lw               x8, 0(x8)            x8=3f800000  x8:1c000020  PA:1c000020
21243540ns          370406 1c009558 18647753 fdiv.s           f14, f8, f6         f14=xxxxxxxx  f8:3f800000  f6:bee04b90
21244237ns          370441 1c00955c 10e876d3 fmul.s           f13, f16, f14       f13=xxxxxxxx f16:3e2d6f6e f14:c01217dc
21244256ns          370442 1c009560 10e7f7d3 fmul.s           f15, f15, f14       f15=xxxxxxxx f15:beceda80 f14:c01217dc
21244276ns          370443 1c009564 000e2703 lw               x14, 0(x28)         x14=3d8e1076 x28:10001ed0  PA:10001ed0
21244296ns          370444 1c009568 00062803 lw               x16, 0(x12)         x16=3f52083a x12:10001ee4  PA:10001ee4
21244316ns          370445 1c00956c 10e7f3d3 fmul.s           f7, f15, f14         f7=xxxxxxxx f15:3f6c17c9 f14:3d8e1076
21244734ns          370466 1c009570 1107f2d3 fmul.s           f5, f15, f16         f5=xxxxxxxx f15:3f6c17c9 f16:3f52083a
21244774ns          370468 1c009574 10f578d3 fmul.s           f17, f10, f15       f17=xxxxxxxx f10:c0ec1ad5 f15:3f6c17c9
21244793ns          370469 1c009578 3906f847 fmsub.s          f16, f13, f16, f7   f16=xxxxxxxx f13:bec5f36e f16:3f52083a  f7:3d830460
21244813ns          370470 1c00957c 28e6f743 fmadd.s          f14, f13, f14, f5   f14=xxxxxxxx f13:bec5f36e f14:3d8e1076  f5:3f41b319
21244873ns          370473 1c009580 88d5f8c3 fmadd.s          f17, f11, f13, f17  f17=xxxxxxxx f11:41675498 f13:bec5f36e f17:c0d9beac
21244913ns          370475 1c009584 01062023 sw               x16, 0(x12)         x16:bec32925 x12:10001ee4  PA:10001ee4
21244933ns          370476 1c009588 00ee2023 sw               x14, 0(x28)         x14:3f3ad57d x28:10001ed0  PA:10001ed0
21244953ns          370477 1c00958c 004e2703 lw               x14, 4(x28)         x14=bd70282e x28:10001ed0  PA:10001ed4
21245012ns          370480 1c009590 00462803 lw               x16, 4(x12)         x16=bf0f621f x12:10001ee4  PA:10001ee8
21245052ns          370482 1c009594 10e7f453 fmul.s           f8, f15, f14         f8=xxxxxxxx f15:3f6c17c9 f14:bd70282e
21245072ns          370483 1c009598 10f873d3 fmul.s           f7, f16, f15         f7=xxxxxxxx f16:bf0f621f f15:3f6c17c9
21245092ns          370484 1c00959c 10f5f2d3 fmul.s           f5, f11, f15         f5=xxxxxxxx f11:41675498 f15:3f6c17c9
21245152ns          370487 1c0095a0 40d87847 fmsub.s          f16, f16, f13, f8   f16=xxxxxxxx f16:bf0f621f f13:bec5f36e  f8:bd5d7b5b
21245191ns          370489 1c0095a4 38e6f743 fmadd.s          f14, f13, f14, f7   f14=xxxxxxxx f13:bec5f36e f14:bd70282e  f7:bf043bc7
21245211ns          370490 1c0095a8 0069a22b p.sw             x6, 4(x19!)         x19=10001ddc  x6:bee04b90 x19:10001dd8  PA:10001dd8
21245231ns          370491 1c0095ac 01062223 sw               x16, 4(x12)         x16:3e8a8e45 x12:10001ee4  PA:10001ee8
21245291ns          370494 1c0095b0 00ee2223 sw               x14, 4(x28)         x14:befcdc59 x28:10001ed0  PA:10001ed4
21245331ns          370496 1c0095b4 008e2703 lw               x14, 8(x28)         x14=3f248387 x28:10001ed0  PA:10001ed8
21245350ns          370497 1c0095b8 00862803 lw               x16, 8(x12)         x16=bc02b5d8 x12:10001ee4  PA:10001eec
21245370ns          370498 1c0095bc 10f773d3 fmul.s           f7, f14, f15         f7=xxxxxxxx f14:3f248387 f15:3f6c17c9
21245430ns          370501 1c0095c0 10f875d3 fmul.s           f11, f16, f15       f11=xxxxxxxx f16:bc02b5d8 f15:3f6c17c9
21245470ns          370503 1c0095c4 28d57547 fmsub.s          f10, f10, f13, f5   f10=xxxxxxxx f10:c0ec1ad5 f13:bec5f36e  f5:4155577a
21245490ns          370504 1c0095c8 38d873c7 fmsub.s          f7, f16, f13, f7     f7=xxxxxxxx f16:bc02b5d8 f13:bec5f36e  f7:3f17b889
21245510ns          370505 1c0095cc 58d775c3 fmadd.s          f11, f14, f13, f11  f11=xxxxxxxx f14:3f248387 f13:bec5f36e f11:bbf11790
21245569ns          370508 1c0095d0 a1f892d3 flt.s            x5, f17, f31         x5=00000001 f17:c1464f5f f31:00000000
21245609ns          370510 1c0095d4 00762423 sw               x7, 8(x12)           x7:bf16ee65 x12:10001ee4  PA:10001eec
21245629ns          370511 1c0095d8 00ce2703 lw               x14, 12(x28)        x14=bf2da5a8 x28:10001ed0  PA:10001edc
21245649ns          370512 1c0095dc 00be2423 sw               x11, 8(x28)         x11:be82fa05 x28:10001ed0  PA:10001ed8
21245708ns          370515 1c0095e0 00c62383 lw               x7, 12(x12)          x7=3db1d73d x12:10001ee4  PA:10001ef0
21245748ns          370517 1c0095e4 10f77453 fmul.s           f8, f14, f15         f8=xxxxxxxx f14:bf2da5a8 f15:3f6c17c9
21245768ns          370518 1c0095e8 10f3f5d3 fmul.s           f11, f7, f15        f11=xxxxxxxx  f7:3db1d73d f15:3f6c17c9
21245788ns          370519 1c0095ec 000aa803 lw               x16, 0(x21)         x16=4128e952 x21:10001dcc  PA:10001dcc
21245848ns          370522 1c0095f0 40d3f3c7 fmsub.s          f7, f7, f13, f8      f7=xxxxxxxx  f7:3db1d73d f13:bec5f36e  f8:bf2024d9
21245887ns          370524 1c0095f4 58d775c3 fmadd.s          f11, f14, f13, f11  f11=xxxxxxxx f14:bf2da5a8 f13:bec5f36e f11:3da402f2
21245907ns          370525 1c0095f8 00a9a023 sw               x10, 0(x19)         x10:c127b330 x19:10001ddc  PA:10001ddc
21245927ns          370526 1c0095fc 00762623 sw               x7, 12(x12)          x7:3f178c9d x12:10001ee4  PA:10001ef0
21245987ns          370529 1c009600 010e2703 lw               x14, 16(x28)        x14=3eb060a0 x28:10001ed0  PA:10001ee0
21246027ns          370531 1c009604 00be2623 sw               x11, 12(x28)        x11:3eaf4656 x28:10001ed0  PA:10001edc
21246047ns          370532 1c009608 01062583 lw               x11, 16(x12)        x11=bd98eb90 x12:10001ee4  PA:10001ef4
21246067ns          370533 1c00960a 10f773d3 fmul.s           f7, f14, f15         f7=xxxxxxxx f14:3eb060a0 f15:3f6c17c9
21246126ns          370536 1c00960e 10f5f353 fmul.s           f6, f11, f15         f6=xxxxxxxx f11:bd98eb90 f15:3f6c17c9
21246166ns          370538 1c009612 1107f7d3 fmul.s           f15, f15, f16       f15=xxxxxxxx f15:3f6c17c9 f16:4128e952
21246186ns          370539 1c009616 38d5f5c7 fmsub.s          f11, f11, f13, f7   f11=xxxxxxxx f11:bd98eb90 f13:bec5f36e  f7:3ea2a977
21246206ns          370540 1c00961a 30d77743 fmadd.s          f14, f14, f13, f6   f14=xxxxxxxx f14:3eb060a0 f13:bec5f36e  f6:bd8d075e
21246265ns          370543 1c00961e 1106f6d3 fmul.s           f13, f13, f16       f13=xxxxxxxx f13:bec5f36e f16:4128e952
21246285ns          370544 1c009622 00b62823 sw               x11, 16(x12)        x11:be93e1a1 x12:10001ee4  PA:10001ef4
21246305ns          370545 1c009624 00ee2823 sw               x14, 16(x28)        x14:be4ee5c2 x28:10001ed0  PA:10001ee0
21246325ns          370546 1c009628 01100333 add              x6, x0, x17          x6=c1464f5f x17:c1464f5f
21246345ns          370547 1c00962a 00028463 beq              x5, x0, 8            x5:00000001
21246405ns          370550 1c00962e 21189353 fsgnjn.s         f6, f17, f17         f6=xxxxxxxx f17:c1464f5f f17:c1464f5f
21246444ns          370552 1c009632 a1f79753 flt.s            x14, f15, f31       x14=00000000 f15:411bc6c9 f31:00000000
21246464ns          370553 1c009636 420719e3 bne              x14, x0, 3122       x14:00000000
21246484ns          370554 1c00963a 00f00733 add              x14, x0, x15        x14=411bc6c9 x15:411bc6c9
21246504ns          370555 1c00963c a0671853 flt.s            x16, f14, f6        x16=00000001 f14:411bc6c9  f6:41464f5f
21246544ns          370557 1c009640 011003b3 add              x7, x0, x17          x7=c1464f5f x17:c1464f5f
21246584ns          370559 1c009642 00081363 bne              x16, x0, 6          x16:00000001
21246643ns          370562 1c009648 006772d3 fadd.s           f5, f14, f6          f5=xxxxxxxx f14:411bc6c9  f6:41464f5f
21246663ns          370563 1c00964c a1f2a5d3 feq.s            x11, f5, f31        x11=00000000  f5:41b10b14 f31:00000000
21246723ns          370566 1c009650 3a0593e3 bne              x11, x0, 2982       x11:00000000
21246763ns          370568 1c009654 1c000437 lui              x8, 0x1c000000       x8=1c000000
21246783ns          370569 1c009658 02040413 addi             x8, x8, 32           x8=1c000020  x8:1c000000
21246802ns          370570 1c00965c 00042403 lw               x8, 0(x8)            x8=3f800000  x8:1c000020  PA:1c000020
21247141ns          370587 1c00965e 185475d3 fdiv.s           f11, f8, f5         f11=xxxxxxxx  f8:3f800000  f5:41b10b14
21247419ns          370601 1c009662 10e5f753 fmul.s           f14, f11, f14       f14=xxxxxxxx f11:3d3915ae f14:411bc6c9
21247439ns          370602 1c009666 a1f393d3 flt.s            x7, f7, f31          x7=00000001  f7:c1464f5f f31:00000000
21247459ns          370603 1c00966a 1065f5d3 fmul.s           f11, f11, f6        f11=xxxxxxxx f11:3d3915ae  f6:41464f5f
21247479ns          370604 1c00966e 10e77753 fmul.s           f14, f14, f14       f14=xxxxxxxx f14:3ee13fb1 f14:3ee13fb1
21247499ns          370605 1c009672 70b5f743 fmadd.s          f14, f11, f11, f14  f14=xxxxxxxx f11:3f0f6027 f11:3f0f6027 f14:3e463105
21247519ns          370606 1c009676 58077353 fsqrt.s          f6, f14              f6=xxxxxxxx f14:3f01d8d1
21248254ns          370643 1c00967a 10537353 fmul.s           f6, f6, f5           f6=xxxxxxxx  f6:3f365216  f5:41b10b14
21248274ns          370644 1c00967e 00038463 beq              x7, x0, 8            x7:00000001
21248294ns          370645 1c009682 20631353 fsgnjn.s         f6, f6, f6           f6=xxxxxxxx  f6:417c2d4a  f6:417c2d4a
21248314ns          370646 1c009686 1c0004b7 lui              x9, 0x1c000000       x9=1c000000
21248334ns          370647 1c00968a 02048493 addi             x9, x9, 32           x9=1c000020  x9:1c000000
21248354ns          370648 1c00968e 0004a483 lw               x9, 0(x9)            x9=3f800000  x9:1c000020  PA:1c000020
21248712ns          370666 1c009690 1864f753 fdiv.s           f14, f9, f6         f14=xxxxxxxx  f9:3f800000  f6:c17c2d4a
21249368ns          370699 1c009694 111778d3 fmul.s           f17, f14, f17       f17=xxxxxxxx f14:bd81f0c6 f17:c1464f5f
21249388ns          370700 1c009698 10f77753 fmul.s           f14, f14, f15       f14=xxxxxxxx f14:bd81f0c6 f15:411bc6c9
21249408ns          370701 1c00969c 10a8f853 fmul.s           f16, f17, f10       f16=xxxxxxxx f17:3f495105 f10:c127b330
21249428ns          370702 1c0096a0 20e71bd3 fsgnjn.s         f23, f14, f14       f23=xxxxxxxx f14:bf1e235c f14:bf1e235c
21249448ns          370703 1c0096a4 000ea783 lw               x15, 0(x29)         x15=3dce1777 x29:10001f34  PA:10001f34
21249468ns          370704 1c0096a8 000f2383 lw               x7, 0(x30)           x7=3f40ec4e x30:10001f48  PA:10001f48
21249488ns          370705 1c0096ac 10e7f453 fmul.s           f8, f15, f14         f8=xxxxxxxx f15:3dce1777 f14:bf1e235c
21249527ns          370707 1c0096b0 10e3f2d3 fmul.s           f5, f7, f14          f5=xxxxxxxx  f7:3f40ec4e f14:bf1e235c
21249567ns          370709 1c0096b4 006b222b p.sw             x6, 4(x22!)         x22=10001dcc  x6:c17c2d4a x22:10001dc8  PA:10001dc8
21249587ns          370710 1c0096b8 4113f3c7 fmsub.s          f7, f7, f17, f8      f7=xxxxxxxx  f7:3f40ec4e f17:3f495105  f8:bd7e9de5
21249607ns          370711 1c0096bc 2917f2c3 fmadd.s          f5, f15, f17, f5     f5=xxxxxxxx f15:3dce1777 f17:3f495105  f5:beee58fc
21249667ns          370714 1c0096c0 10d8f5d3 fmul.s           f11, f17, f13       f11=xxxxxxxx f17:3f495105 f13:c0829c2a
21249707ns          370716 1c0096c4 007f2023 sw               x7, 0(x30)           x7:3f27a076 x30:10001f48  PA:10001f48
21249726ns          370717 1c0096c8 005ea023 sw               x5, 0(x29)           x5:bec5d493 x29:10001f34  PA:10001f34
21249746ns          370718 1c0096cc 004ea283 lw               x5, 4(x29)           x5=3eb9ae0b x29:10001f34  PA:10001f38
21249806ns          370721 1c0096d0 004f2383 lw               x7, 4(x30)           x7=bf2143e4 x30:10001f48  PA:10001f4c
21249846ns          370723 1c0096d4 10e2f4d3 fmul.s           f9, f5, f14          f9=xxxxxxxx  f5:3eb9ae0b f14:bf1e235c
21249866ns          370724 1c0096d8 10e3f453 fmul.s           f8, f7, f14          f8=xxxxxxxx  f7:bf2143e4 f14:bf1e235c
21249886ns          370725 1c0096dc 80d77843 fmadd.s          f16, f14, f13, f16  f16=xxxxxxxx f14:bf1e235c f13:c0829c2a f16:c103e0c4
21250323ns          370747 1c0096e0 4913f3c7 fmsub.s          f7, f7, f17, f9      f7=xxxxxxxx  f7:bf2143e4 f17:3f495105  f9:be656621
21250363ns          370749 1c0096e4 4112f2c3 fmadd.s          f5, f5, f17, f8      f5=xxxxxxxx  f5:3eb9ae0b f17:3f495105  f8:3ec73c5a
21250383ns          370750 1c0096e8 000a2783 lw               x15, 0(x20)         x15=4055d1b4 x20:10001de0  PA:10001de0
21250403ns          370751 1c0096ec 007f2223 sw               x7, 4(x30)           x7:be8aef9f x30:10001f48  PA:10001f4c
21250860ns          370774 1c0096f0 005ea223 sw               x5, 4(x29)           x5:3f2ca062 x29:10001f34  PA:10001f38
21250900ns          370776 1c0096f4 008ea283 lw               x5, 8(x29)           x5=3f13f05d x29:10001f34  PA:10001f3c
21250920ns          370777 1c0096f8 008f2383 lw               x7, 8(x30)           x7=3e0c2562 x30:10001f48  PA:10001f50
21250940ns          370778 1c0096fc 10e2f4d3 fmul.s           f9, f5, f14          f9=xxxxxxxx  f5:3f13f05d f14:bf1e235c
21251377ns          370800 1c009700 10e3f453 fmul.s           f8, f7, f14          f8=xxxxxxxx  f7:3e0c2562 f14:bf1e235c
21251417ns          370802 1c009704 58abf5c3 fmadd.s          f11, f23, f10, f11  f11=xxxxxxxx f23:3f1e235c f10:c127b330 f11:c04d6be6
21251437ns          370803 1c009708 4913f3c7 fmsub.s          f7, f7, f17, f9      f7=xxxxxxxx  f7:3e0c2562 f17:3f495105  f9:beb6c591
21251457ns          370804 1c00970c 4112f2c3 fmadd.s          f5, f5, f17, f8      f5=xxxxxxxx  f5:3f13f05d f17:3f495105  f8:bdad24dc
21251517ns          370807 1c009710 1117f553 fmul.s           f10, f15, f17       f10=xxxxxxxx f15:4055d1b4 f17:3f495105
21251556ns          370809 1c009714 007f2423 sw               x7, 8(x30)           x7:3eede06b x30:10001f48  PA:10001f50
21251576ns          370810 1c009718 00cea303 lw               x6, 12(x29)          x6=bf390e57 x29:10001f34  PA:10001f40
21251596ns          370811 1c00971c 005ea423 sw               x5, 8(x29)           x5:3ebd63df x29:10001f34  PA:10001f3c
21251656ns          370814 1c009720 00cf2283 lw               x5, 12(x30)          x5=bdd92ad5 x30:10001f48  PA:10001f54
21251696ns          370816 1c009724 10e37453 fmul.s           f8, f6, f14          f8=xxxxxxxx  f6:bf390e57 f14:bf1e235c
21251715ns          370817 1c009728 10e2f3d3 fmul.s           f7, f5, f14          f7=xxxxxxxx  f5:bdd92ad5 f14:bf1e235c
21251735ns          370818 1c00972c 014f0f13 addi             x30, x30, 20        x30=10001f5c x30:10001f48
21251795ns          370821 1c00972e 4112f2c7 fmsub.s          f5, f5, f17, f8      f5=xxxxxxxx  f5:bdd92ad5 f17:3f495105  f8:3ee4a0d2
21251835ns          370823 1c009732 39137343 fmadd.s          f6, f6, f17, f7      f6=xxxxxxxx  f6:bf390e57 f17:3f495105  f7:3d86266e
21251855ns          370824 1c009736 00baa22b p.sw             x11, 4(x21!)        x21=10001dd0 x11:c11af2bb x21:10001dcc  PA:10001dcc
21251875ns          370825 1c00973a fe5f2c23 sw               x5, -8(x30)          x5:bf07a955 x30:10001f5c  PA:10001f54
21252312ns          370847 1c00973e 010ea683 lw               x13, 16(x29)        x13=bd305117 x29:10001f34  PA:10001f44
21252352ns          370849 1c009742 006ea623 sw               x6, 12(x29)          x6:bf00c206 x29:10001f34  PA:10001f40
21252372ns          370850 1c009746 ffcf2303 lw               x6, -4(x30)          x6=3d94c0d2 x30:10001f5c  PA:10001f58
21252392ns          370851 1c00974a 10e6f3d3 fmul.s           f7, f13, f14         f7=xxxxxxxx f13:bd305117 f14:bf1e235c
21252451ns          370854 1c00974e 10e372d3 fmul.s           f5, f6, f14          f5=xxxxxxxx  f6:3d94c0d2 f14:bf1e235c
21252491ns          370856 1c009752 00aa222b p.sw             x10, 4(x20!)        x20=10001de4 x10:40282552 x20:10001de0  PA:10001de0
21252511ns          370857 1c009756 39137347 fmsub.s          f6, f6, f17, f7      f6=xxxxxxxx  f6:3d94c0d2 f17:3f495105  f7:3cd9d4cd
21252531ns          370858 1c00975a 2916f8c3 fmadd.s          f17, f13, f17, f5   f17=xxxxxxxx f13:bd305117 f17:3f495105  f5:bd37c71b
21252551ns          370859 1c00975e 01460613 addi             x12, x12, 20        x12=10001ef8 x12:10001ee4
21252591ns          370861 1c009760 fe6f2e23 sw               x6, -4(x30)          x6:3cfa1516 x30:10001f5c  PA:10001f58
21252630ns          370863 1c009764 011ea823 sw               x17, 16(x29)        x17:bda1374a x29:10001f34  PA:10001f44
21252650ns          370864 1c009768 014e0e13 addi             x28, x28, 20        x28=10001ee4 x28:10001ed0
21252670ns          370865 1c00976a 014e8e93 addi             x29, x29, 20        x29=10001f48 x29:10001f34
21252690ns          370866 1c00976c 10e7f7d3 fmul.s           f15, f15, f14       f15=xxxxxxxx f15:4055d1b4 f14:bf1e235c
21252770ns          370870 1c0094ec a1f81753 flt.s            x14, f16, f31       x14=00000001 f16:c0b7131c f31:00000000
21252790ns          370871 1c0094f0 010002b3 add              x5, x0, x16          x5=c0b7131c x16:c0b7131c
21252809ns          370872 1c0094f2 00070363 beq              x14, x0, 6          x14:00000001
21252829ns          370873 1c0094f4 210812d3 fsgnjn.s         f5, f16, f16         f5=xxxxxxxx f16:c0b7131c f16:c0b7131c
21252849ns          370874 1c0094f8 a1f79753 flt.s            x14, f15, f31       x14=00000001 f15:c00414f6 f31:00000000
21252869ns          370875 1c0094fc 00f006b3 add              x13, x0, x15        x13=c00414f6 x15:c00414f6
21252889ns          370876 1c0094fe 00070363 beq              x14, x0, 6          x14:00000001
21252909ns          370877 1c009500 20f796d3 fsgnjn.s         f13, f15, f15       f13=xxxxxxxx f15:c00414f6 f15:c00414f6
21252949ns          370879 1c009504 a0569753 flt.s            x14, f13, f5        x14=00000001 f13:400414f6  f5:40b7131c
21252969ns          370880 1c009508 01000333 add              x6, x0, x16          x6=c0b7131c x16:c0b7131c
21252988ns          370881 1c00950a 00071263 bne              x14, x0, 4          x14:00000001
21253108ns          370887 1c00950e 0056f753 fadd.s           f14, f13, f5        f14=xxxxxxxx f13:400414f6  f5:40b7131c
21253128ns          370888 1c009512 a1f728d3 feq.s            x17, f14, f31       x17=00000000 f14:40f91d97 f31:00000000
21253148ns          370889 1c009516 52089be3 bne              x17, x0, 3382       x17:00000000
21253168ns          370890 1c00951a 1c0003b7 lui              x7, 0x1c000000       x7=1c000000
21253227ns          370893 1c00951e 02038393 addi             x7, x7, 32           x7=1c000020  x7:1c000000
21253267ns          370895 1c009522 0003a383 lw               x7, 0(x7)            x7=3f800000  x7:1c000020  PA:1c000020
21253585ns          370911 1c009526 18e3f8d3 fdiv.s           f17, f7, f14        f17=xxxxxxxx  f7:3f800000 f14:40f91d97
21254102ns          370937 1c00952a 10d8f6d3 fmul.s           f13, f17, f13       f13=xxxxxxxx f17:3e03898e f13:400414f6
21254122ns          370938 1c00952e 1058f8d3 fmul.s           f17, f17, f5        f17=xxxxxxxx f17:3e03898e  f5:40b7131c
21254142ns          370939 1c009532 a1f312d3 flt.s            x5, f6, f31          x5=00000001  f6:c0b7131c f31:00000000
21254162ns          370940 1c009536 10d6f6d3 fmul.s           f13, f13, f13       f13=xxxxxxxx f13:3e87bb65 f13:3e87bb65
21254182ns          370941 1c00953a 6918f6c3 fmadd.s          f13, f17, f17, f13  f13=xxxxxxxx f17:3f3c224c f17:3f3c224c f13:3d8fee5b
21254242ns          370944 1c00953e 5806f353 fsqrt.s          f6, f13              f6=xxxxxxxx f13:3f1c4030
21254659ns          370965 1c009542 10e37353 fmul.s           f6, f6, f14          f6=xxxxxxxx  f6:3f48001f f14:40f91d97
21254679ns          370966 1c009546 00028463 beq              x5, x0, 8            x5:00000001
21254699ns          370967 1c00954a 20631353 fsgnjn.s         f6, f6, f6           f6=xxxxxxxx  f6:40c29f3c  f6:40c29f3c
21254759ns          370970 1c00954e 1c000437 lui              x8, 0x1c000000       x8=1c000000
21254799ns          370972 1c009552 02040413 addi             x8, x8, 32           x8=1c000020  x8:1c000000
21254818ns          370973 1c009556 00042403 lw               x8, 0(x8)            x8=3f800000  x8:1c000020  PA:1c000020
21255157ns          370990 1c009558 18647753 fdiv.s           f14, f8, f6         f14=xxxxxxxx  f8:3f800000  f6:c0c29f3c
21255773ns          371021 1c00955c 10e876d3 fmul.s           f13, f16, f14       f13=xxxxxxxx f16:c0b7131c f14:be285e0d
21255793ns          371022 1c009560 10e7f7d3 fmul.s           f15, f15, f14       f15=xxxxxxxx f15:c00414f6 f14:be285e0d
21255813ns          371023 1c009564 000e2703 lw               x14, 0(x28)         x14=bec32925 x28:10001ee4  PA:10001ee4
21255833ns          371024 1c009568 00062803 lw               x16, 0(x12)         x16=3ea1bdac x12:10001ef8  PA:10001ef8
21255853ns          371025 1c00956c 10e7f3d3 fmul.s           f7, f15, f14         f7=xxxxxxxx f15:3eadbc90 f14:bec32925
21255893ns          371027 1c009570 1107f2d3 fmul.s           f5, f15, f16         f5=xxxxxxxx f15:3eadbc90 f16:3ea1bdac
21255932ns          371029 1c009574 10f578d3 fmul.s           f17, f10, f15       f17=xxxxxxxx f10:40282552 f15:3eadbc90
21255952ns          371030 1c009578 3906f847 fmsub.s          f16, f13, f16, f7   f16=xxxxxxxx f13:3f70cf99 f16:3ea1bdac  f7:be04728e
21255972ns          371031 1c00957c 28e6f743 fmadd.s          f14, f13, f14, f5   f14=xxxxxxxx f13:3f70cf99 f14:bec32925  f5:3ddb889f
21256032ns          371034 1c009580 88d5f8c3 fmadd.s          f17, f11, f13, f17  f17=xxxxxxxx f11:c11af2bb f13:3f70cf99 f17:3f643a25
21256072ns          371036 1c009584 01062023 sw               x16, 0(x12)         x16:3eda5e41 x12:10001ef8  PA:10001ef8
21256091ns          371037 1c009588 00ee2023 sw               x14, 0(x28)         x14:be80b2ae x28:10001ee4  PA:10001ee4
21256111ns          371038 1c00958c 004e2703 lw               x14, 4(x28)         x14=3e8a8e45 x28:10001ee4  PA:10001ee8
21256171ns          371041 1c009590 00462803 lw               x16, 4(x12)         x16=3ebe1193 x12:10001ef8  PA:10001efc
21256211ns          371043 1c009594 10e7f453 fmul.s           f8, f15, f14         f8=xxxxxxxx f15:3eadbc90 f14:3e8a8e45
21256231ns          371044 1c009598 10f873d3 fmul.s           f7, f16, f15         f7=xxxxxxxx f16:3ebe1193 f15:3eadbc90
21256251ns          371045 1c00959c 10f5f2d3 fmul.s           f5, f11, f15         f5=xxxxxxxx f11:c11af2bb f15:3eadbc90
21256310ns          371048 1c0095a0 40d87847 fmsub.s          f16, f16, f13, f8   f16=xxxxxxxx f16:3ebe1193 f13:3f70cf99  f8:3dbc1066
21256350ns          371050 1c0095a4 38e6f743 fmadd.s          f14, f13, f14, f7   f14=xxxxxxxx f13:3f70cf99 f14:3e8a8e45  f7:3e00fde0
21256370ns          371051 1c0095a8 0069a22b p.sw             x6, 4(x19!)         x19=10001de0  x6:c0c29f3c x19:10001ddc  PA:10001ddc
21256390ns          371052 1c0095ac 01062223 sw               x16, 4(x12)         x16:3e83c682 x12:10001ef8  PA:10001efc
21256449ns          371055 1c0095b0 00ee2223 sw               x14, 4(x28)         x14:3ec2d4ad x28:10001ee4  PA:10001ee8
21256489ns          371057 1c0095b4 008e2703 lw               x14, 8(x28)         x14=bf16ee65 x28:10001ee4  PA:10001eec
21256509ns          371058 1c0095b8 00862803 lw               x16, 8(x12)         x16=bf272b47 x12:10001ef8  PA:10001f00
21256529ns          371059 1c0095bc 10f773d3 fmul.s           f7, f14, f15         f7=xxxxxxxx f14:bf16ee65 f15:3eadbc90
21256589ns          371062 1c0095c0 10f875d3 fmul.s           f11, f16, f15       f11=xxxxxxxx f16:bf272b47 f15:3eadbc90
21256628ns          371064 1c0095c4 28d57547 fmsub.s          f10, f10, f13, f5   f10=xxxxxxxx f10:40282552 f13:3f70cf99  f5:c0525054
21256648ns          371065 1c0095c8 38d873c7 fmsub.s          f7, f16, f13, f7     f7=xxxxxxxx f16:bf272b47 f13:3f70cf99  f7:be4cdc8c
21256668ns          371066 1c0095cc 58d775c3 fmadd.s          f11, f14, f13, f11  f11=xxxxxxxx f14:bf16ee65 f13:3f70cf99 f11:be62e6c2
21256728ns          371069 1c0095d0 a1f892d3 flt.s            x5, f17, f31         x5=00000001 f17:c1037d94 f31:00000000
21256768ns          371071 1c0095d4 00762423 sw               x7, 8(x12)           x7:bed411ff x12:10001ef8  PA:10001f00
21256788ns          371072 1c0095d8 00ce2703 lw               x14, 12(x28)        x14=3f178c9d x28:10001ee4  PA:10001ef0
21256808ns          371073 1c0095dc 00be2423 sw               x11, 8(x28)         x11:bf46b394 x28:10001ee4  PA:10001eec
21256867ns          371076 1c0095e0 00c62383 lw               x7, 12(x12)          x7=bf1292fe x12:10001ef8  PA:10001f04
21256907ns          371078 1c0095e4 10f77453 fmul.s           f8, f14, f15         f8=xxxxxxxx f14:3f178c9d f15:3eadbc90
21256927ns          371079 1c0095e8 10f3f5d3 fmul.s           f11, f7, f15        f11=xxxxxxxx  f7:bf1292fe f15:3eadbc90
21256947ns          371080 1c0095ec 000aa803 lw               x16, 0(x21)         x16=c0f8e9c6 x21:10001dd0  PA:10001dd0
21257006ns          371083 1c0095f0 40d3f3c7 fmsub.s          f7, f7, f13, f8      f7=xxxxxxxx  f7:bf1292fe f13:3f70cf99  f8:3e4db34d
21257046ns          371085 1c0095f4 58d775c3 fmadd.s          f11, f14, f13, f11  f11=xxxxxxxx f14:3f178c9d f13:3f70cf99 f11:be46f298
21257066ns          371086 1c0095f8 00a9a023 sw               x10, 0(x19)         x10:40b83dd6 x19:10001de0  PA:10001de0
21257086ns          371087 1c0095fc 00762623 sw               x7, 12(x12)          x7:bf3d4d7e x12:10001ef8  PA:10001f04
21257106ns          371088 1c009600 010e2703 lw               x14, 16(x28)        x14=be93e1a1 x28:10001ee4  PA:10001ef4
21257126ns          371089 1c009604 00be2623 sw               x11, 12(x28)        x11:3eb9a425 x28:10001ee4  PA:10001ef0
21257146ns          371090 1c009608 01062583 lw               x11, 16(x12)        x11=3db90993 x12:10001ef8  PA:10001f08
21257166ns          371091 1c00960a 10f773d3 fmul.s           f7, f14, f15         f7=xxxxxxxx f14:be93e1a1 f15:3eadbc90
21257225ns          371094 1c00960e 10f5f353 fmul.s           f6, f11, f15         f6=xxxxxxxx f11:3db90993 f15:3eadbc90
21257265ns          371096 1c009612 1107f7d3 fmul.s           f15, f15, f16       f15=xxxxxxxx f15:3eadbc90 f16:c0f8e9c6
21257285ns          371097 1c009616 38d5f5c7 fmsub.s          f11, f11, f13, f7   f11=xxxxxxxx f11:3db90993 f13:3f70cf99  f7:bdc8b8cd
21257305ns          371098 1c00961a 30d77743 fmadd.s          f14, f14, f13, f6   f14=xxxxxxxx f14:be93e1a1 f13:3f70cf99  f6:3cfb2787
21257325ns          371099 1c00961e 1106f6d3 fmul.s           f13, f13, f16       f13=xxxxxxxx f13:3f70cf99 f16:c0f8e9c6
21257345ns          371100 1c009622 00b62823 sw               x11, 16(x12)        x11:3e3b63ea x12:10001ef8  PA:10001f08
21257364ns          371101 1c009624 00ee2823 sw               x14, 16(x28)        x14:be76d1f5 x28:10001ee4  PA:10001ef4
21257384ns          371102 1c009628 01100333 add              x6, x0, x17          x6=c1037d94 x17:c1037d94
21257404ns          371103 1c00962a 00028463 beq              x5, x0, 8            x5:00000001
21257424ns          371104 1c00962e 21189353 fsgnjn.s         f6, f17, f17         f6=xxxxxxxx f17:c1037d94 f17:c1037d94
21257444ns          371105 1c009632 a1f79753 flt.s            x14, f15, f31       x14=00000001 f15:c028ed52 f31:00000000
21257464ns          371106 1c009636 420719e3 bne              x14, x0, 3122       x14:00000001
21257603ns          371113 1c00a268 20f79753 fsgnjn.s         f14, f15, f15       f14=xxxxxxxx f15:c028ed52 f15:c028ed52
21257643ns          371115 1c00a26c bd0ff06f jal              x0, -3120          
21258120ns          371139 1c00963c a0671853 flt.s            x16, f14, f6        x16=00000001 f14:4028ed52  f6:41037d94
21258140ns          371140 1c009640 011003b3 add              x7, x0, x17          x7=c1037d94 x17:c1037d94
21258160ns          371141 1c009642 00081363 bne              x16, x0, 6          x16:00000001
21258220ns          371144 1c009648 006772d3 fadd.s           f5, f14, f6          f5=xxxxxxxx f14:4028ed52  f6:41037d94
21258240ns          371145 1c00964c a1f2a5d3 feq.s            x11, f5, f31        x11=00000000  f5:412db8e8 f31:00000000
21258299ns          371148 1c009650 3a0593e3 bne              x11, x0, 2982       x11:00000000
21258339ns          371150 1c009654 1c000437 lui              x8, 0x1c000000       x8=1c000000
21258359ns          371151 1c009658 02040413 addi             x8, x8, 32           x8=1c000020  x8:1c000000
21258379ns          371152 1c00965c 00042403 lw               x8, 0(x8)            x8=3f800000  x8:1c000020  PA:1c000020
21258737ns          371170 1c00965e 185475d3 fdiv.s           f11, f8, f5         f11=xxxxxxxx  f8:3f800000  f5:412db8e8
21259015ns          371184 1c009662 10e5f753 fmul.s           f14, f11, f14       f14=xxxxxxxx f11:3dbc9f76 f14:4028ed52
21259035ns          371185 1c009666 a1f393d3 flt.s            x7, f7, f31          x7=00000001  f7:c1037d94 f31:00000000
21259055ns          371186 1c00966a 1065f5d3 fmul.s           f11, f11, f6        f11=xxxxxxxx f11:3dbc9f76  f6:41037d94
21259075ns          371187 1c00966e 10e77753 fmul.s           f14, f14, f14       f14=xxxxxxxx f14:3e78ef03 f14:3e78ef03
21259095ns          371188 1c009672 70b5f743 fmadd.s          f14, f11, f11, f14  f14=xxxxxxxx f11:3f41c441 f11:3f41c441 f14:3d720ff5
21259115ns          371189 1c009676 58077353 fsqrt.s          f6, f14              f6=xxxxxxxx f14:3f21ca80
21259572ns          371212 1c00967a 10537353 fmul.s           f6, f6, f5           f6=xxxxxxxx  f6:3f4b83ee  f5:412db8e8
21259592ns          371213 1c00967e 00038463 beq              x7, x0, 8            x7:00000001
21259612ns          371214 1c009682 20631353 fsgnjn.s         f6, f6, f6           f6=xxxxxxxx  f6:410a1b27  f6:410a1b27
21259632ns          371215 1c009686 1c0004b7 lui              x9, 0x1c000000       x9=1c000000
21259652ns          371216 1c00968a 02048493 addi             x9, x9, 32           x9=1c000020  x9:1c000000
21259672ns          371217 1c00968e 0004a483 lw               x9, 0(x9)            x9=3f800000  x9:1c000020  PA:1c000020
21260010ns          371234 1c009690 1864f753 fdiv.s           f14, f9, f6         f14=xxxxxxxx  f9:3f800000  f6:c10a1b27
21260965ns          371282 1c009694 111778d3 fmul.s           f17, f14, f17       f17=xxxxxxxx f14:bded4454 f17:c1037d94
21260985ns          371283 1c009698 10f77753 fmul.s           f14, f14, f15       f14=xxxxxxxx f14:bded4454 f15:c028ed52
21261004ns          371284 1c00969c 10a8f853 fmul.s           f16, f17, f10       f16=xxxxxxxx f17:3f73bcb5 f10:40b83dd6
21261024ns          371285 1c0096a0 20e71bd3 fsgnjn.s         f23, f14, f14       f23=xxxxxxxx f14:3e9c90cb f14:3e9c90cb
21261044ns          371286 1c0096a4 000ea783 lw               x15, 0(x29)         x15=3f27a076 x29:10001f48  PA:10001f48
21261064ns          371287 1c0096a8 000f2383 lw               x7, 0(x30)           x7=bea4661e x30:10001f5c  PA:10001f5c
21261084ns          371288 1c0096ac 10e7f453 fmul.s           f8, f15, f14         f8=xxxxxxxx f15:3f27a076 f14:3e9c90cb
21261124ns          371290 1c0096b0 10e3f2d3 fmul.s           f5, f7, f14          f5=xxxxxxxx  f7:bea4661e f14:3e9c90cb
21261164ns          371292 1c0096b4 006b222b p.sw             x6, 4(x22!)         x22=10001dd0  x6:c10a1b27 x22:10001dcc  PA:10001dcc
21261183ns          371293 1c0096b8 4113f3c7 fmsub.s          f7, f7, f17, f8      f7=xxxxxxxx  f7:bea4661e f17:3f73bcb5  f8:3e4d092e
21261203ns          371294 1c0096bc 2917f2c3 fmadd.s          f5, f15, f17, f5     f5=xxxxxxxx f15:3f27a076 f17:3f73bcb5  f5:bdc9166c
21261263ns          371297 1c0096c0 10d8f5d3 fmul.s           f11, f17, f13       f11=xxxxxxxx f17:3f73bcb5 f13:c0ea2503
21261303ns          371299 1c0096c4 007f2023 sw               x7, 0(x30)           x7:bf01855a x30:10001f5c  PA:10001f5c
21261323ns          371300 1c0096c8 005ea023 sw               x5, 0(x29)           x5:3f067613 x29:10001f48  PA:10001f48
21261343ns          371301 1c0096cc 004ea283 lw               x5, 4(x29)           x5=be8aef9f x29:10001f48  PA:10001f4c
21261362ns          371302 1c0096d0 004f2383 lw               x7, 4(x30)           x7=be9e0a11 x30:10001f5c  PA:10001f60
21261382ns          371303 1c0096d4 10e2f4d3 fmul.s           f9, f5, f14          f9=xxxxxxxx  f5:be8aef9f f14:3e9c90cb
21261402ns          371304 1c0096d8 10e3f453 fmul.s           f8, f7, f14          f8=xxxxxxxx  f7:be9e0a11 f14:3e9c90cb
21261422ns          371305 1c0096dc 80d77843 fmadd.s          f16, f14, f13, f16  f16=xxxxxxxx f14:3e9c90cb f13:c0ea2503 f16:40af6a82
21261482ns          371308 1c0096e0 4913f3c7 fmsub.s          f7, f7, f17, f9      f7=xxxxxxxx  f7:be9e0a11 f17:3f73bcb5  f9:bda9f134
21261522ns          371310 1c0096e4 4112f2c3 fmadd.s          f5, f5, f17, f8      f5=xxxxxxxx  f5:be8aef9f f17:3f73bcb5  f8:bdc14f0b
21261542ns          371311 1c0096e8 000a2783 lw               x15, 0(x20)         x15=3e19c47d x20:10001de4  PA:10001de4
21261561ns          371312 1c0096ec 007f2223 sw               x7, 4(x30)           x7:be57f781 x30:10001f5c  PA:10001f60
21261621ns          371315 1c0096f0 005ea223 sw               x5, 4(x29)           x5:beb49ba1 x29:10001f48  PA:10001f4c
21261661ns          371317 1c0096f4 008ea283 lw               x5, 8(x29)           x5=3eede06b x29:10001f48  PA:10001f50
21261681ns          371318 1c0096f8 008f2383 lw               x7, 8(x30)           x7=3f44c640 x30:10001f5c  PA:10001f64
21261701ns          371319 1c0096fc 10e2f4d3 fmul.s           f9, f5, f14          f9=xxxxxxxx  f5:3eede06b f14:3e9c90cb
21261780ns          371323 1c009700 10e3f453 fmul.s           f8, f7, f14          f8=xxxxxxxx  f7:3f44c640 f14:3e9c90cb
21261820ns          371325 1c009704 58abf5c3 fmadd.s          f11, f23, f10, f11  f11=xxxxxxxx f23:be9c90cb f10:40b83dd6 f11:c0deedbb
21261840ns          371326 1c009708 4913f3c7 fmsub.s          f7, f7, f17, f9      f7=xxxxxxxx  f7:3f44c640 f17:3f73bcb5  f9:3e117b4c
21261860ns          371327 1c00970c 4112f2c3 fmadd.s          f5, f5, f17, f8      f5=xxxxxxxx  f5:3eede06b f17:3f73bcb5  f8:3e70b035
21261919ns          371330 1c009710 1117f553 fmul.s           f10, f15, f17       f10=xxxxxxxx f15:3e19c47d f17:3f73bcb5
21261959ns          371332 1c009714 007f2423 sw               x7, 8(x30)           x7:3f16fa68 x30:10001f5c  PA:10001f64
21261979ns          371333 1c009718 00cea303 lw               x6, 12(x29)          x6=bf07a955 x29:10001f48  PA:10001f54
21261999ns          371334 1c00971c 005ea423 sw               x5, 8(x29)           x5:3f2d69bd x29:10001f48  PA:10001f50
21262019ns          371335 1c009720 00cf2283 lw               x5, 12(x30)          x5=3ed9b878 x30:10001f5c  PA:10001f68
21262039ns          371336 1c009724 10e37453 fmul.s           f8, f6, f14          f8=xxxxxxxx  f6:bf07a955 f14:3e9c90cb
21262059ns          371337 1c009728 10e2f3d3 fmul.s           f7, f5, f14          f7=xxxxxxxx  f5:3ed9b878 f14:3e9c90cb
21262079ns          371338 1c00972c 014f0f13 addi             x30, x30, 20        x30=10001f70 x30:10001f5c
21262098ns          371339 1c00972e 4112f2c7 fmsub.s          f5, f5, f17, f8      f5=xxxxxxxx  f5:3ed9b878 f17:3f73bcb5  f8:be25efd5
21262118ns          371340 1c009732 39137343 fmadd.s          f6, f6, f17, f7      f6=xxxxxxxx  f6:bf07a955 f17:3f73bcb5  f7:3e05278e
21262138ns          371341 1c009736 00baa22b p.sw             x11, 4(x21!)        x21=10001dd4 x11:c10ba256 x21:10001dd0  PA:10001dd0
21262158ns          371342 1c00973a fe5f2c23 sw               x5, -8(x30)          x5:3f112141 x30:10001f70  PA:10001f68
21262178ns          371343 1c00973e 010ea683 lw               x13, 16(x29)        x13=3cfa1516 x29:10001f48  PA:10001f58
21262198ns          371344 1c009742 006ea623 sw               x6, 12(x29)          x6:bebfbfb1 x29:10001f48  PA:10001f54
21262218ns          371345 1c009746 ffcf2303 lw               x6, -4(x30)          x6=be31494c x30:10001f70  PA:10001f6c
21262238ns          371346 1c00974a 10e6f3d3 fmul.s           f7, f13, f14         f7=xxxxxxxx f13:3cfa1516 f14:3e9c90cb
21262258ns          371347 1c00974e 10e372d3 fmul.s           f5, f6, f14          f5=xxxxxxxx  f6:be31494c f14:3e9c90cb
21262277ns          371348 1c009752 00aa222b p.sw             x10, 4(x20!)        x20=10001de8 x10:3e1266dc x20:10001de4  PA:10001de4
21262297ns          371349 1c009756 39137347 fmsub.s          f6, f6, f17, f7      f6=xxxxxxxx  f6:be31494c f17:3f73bcb5  f7:3c18f24c
21262317ns          371350 1c00975a 2916f8c3 fmadd.s          f17, f13, f17, f5   f17=xxxxxxxx f13:3cfa1516 f17:3f73bcb5  f5:bd58d9e0
21262337ns          371351 1c00975e 01460613 addi             x12, x12, 20        x12=10001f0c x12:10001ef8
21262357ns          371352 1c009760 fe6f2e23 sw               x6, -4(x30)          x6:be325a67 x30:10001f70  PA:10001f6c
21262377ns          371353 1c009764 011ea823 sw               x17, 16(x29)        x17:bcc39964 x29:10001f48  PA:10001f58
21262397ns          371354 1c009768 014e0e13 addi             x28, x28, 20        x28=10001ef8 x28:10001ee4
21262417ns          371355 1c00976a 014e8e93 addi             x29, x29, 20        x29=10001f5c x29:10001f48
21262437ns          371356 1c00976c 10e7f7d3 fmul.s           f15, f15, f14       f15=xxxxxxxx f15:3e19c47d f14:3e9c90cb
21262496ns          371359 1c0094ec a1f81753 flt.s            x14, f16, f31       x14=00000000 f16:404fa208 f31:00000000
21262576ns          371363 1c0094f0 010002b3 add              x5, x0, x16          x5=404fa208 x16:404fa208
21262596ns          371364 1c0094f2 00070363 beq              x14, x0, 6          x14:00000000
21262655ns          371367 1c0094f8 a1f79753 flt.s            x14, f15, f31       x14=00000000 f15:3d3c1569 f31:00000000
21262675ns          371368 1c0094fc 00f006b3 add              x13, x0, x15        x13=3d3c1569 x15:3d3c1569
21262695ns          371369 1c0094fe 00070363 beq              x14, x0, 6          x14:00000000
21262755ns          371372 1c009504 a0569753 flt.s            x14, f13, f5        x14=00000001 f13:3d3c1569  f5:404fa208
21262775ns          371373 1c009508 01000333 add              x6, x0, x16          x6=404fa208 x16:404fa208
21262795ns          371374 1c00950a 00071263 bne              x14, x0, 4          x14:00000001
21262874ns          371378 1c00950e 0056f753 fadd.s           f14, f13, f5        f14=xxxxxxxx f13:3d3c1569  f5:404fa208
21262894ns          371379 1c009512 a1f728d3 feq.s            x17, f14, f31       x17=00000000 f14:4052925e f31:00000000
21262914ns          371380 1c009516 52089be3 bne              x17, x0, 3382       x17:00000000
21262934ns          371381 1c00951a 1c0003b7 lui              x7, 0x1c000000       x7=1c000000
21262994ns          371384 1c00951e 02038393 addi             x7, x7, 32           x7=1c000020  x7:1c000000
21263033ns          371386 1c009522 0003a383 lw               x7, 0(x7)            x7=3f800000  x7:1c000020  PA:1c000020
21263371ns          371403 1c009526 18e3f8d3 fdiv.s           f17, f7, f14        f17=xxxxxxxx  f7:3f800000 f14:4052925e
21263650ns          371417 1c00952a 10d8f6d3 fmul.s           f13, f17, f13       f13=xxxxxxxx f17:3e9b9d4a f13:3d3c1569
21263670ns          371418 1c00952e 1058f8d3 fmul.s           f17, f17, f5        f17=xxxxxxxx f17:3e9b9d4a  f5:404fa208
21263690ns          371419 1c009532 a1f312d3 flt.s            x5, f6, f31          x5=00000000  f6:404fa208 f31:00000000
21263710ns          371420 1c009536 10d6f6d3 fmul.s           f13, f13, f13       f13=xxxxxxxx f13:3c64a90c f13:3c64a90c
21263729ns          371421 1c00953a 6918f6c3 fmadd.s          f13, f17, f17, f13  f13=xxxxxxxx f17:3f7c6d5a f17:3f7c6d5a f13:394c3d8d
21263789ns          371424 1c00953e 5806f353 fsqrt.s          f6, f13              f6=xxxxxxxx f13:3f78f43c
21264068ns          371438 1c009542 10e37353 fmul.s           f6, f6, f14          f6=xxxxxxxx  f6:3f7c73d3 f14:4052925e
21264088ns          371439 1c009546 00028463 beq              x5, x0, 8            x5:00000000
21264167ns          371443 1c00954e 1c000437 lui              x8, 0x1c000000       x8=1c000000
21264187ns          371444 1c009552 02040413 addi             x8, x8, 32           x8=1c000020  x8:1c000000
21264207ns          371445 1c009556 00042403 lw               x8, 0(x8)            x8=3f800000  x8:1c000020  PA:1c000020
21264525ns          371461 1c009558 18647753 fdiv.s           f14, f8, f6         f14=xxxxxxxx  f8:3f800000  f6:404fa75a
21265182ns          371494 1c00955c 10e876d3 fmul.s           f13, f16, f14       f13=xxxxxxxx f16:404fa208 f14:3e9dcd1a
21265201ns          371495 1c009560 10e7f7d3 fmul.s           f15, f15, f14       f15=xxxxxxxx f15:3d3c1569 f14:3e9dcd1a
21265221ns          371496 1c009564 000e2703 lw               x14, 0(x28)         x14=3eda5e41 x28:10001ef8  PA:10001ef8
21265241ns          371497 1c009568 00062803 lw               x16, 0(x12)         x16=3e5276bd x12:10001f0c  PA:10001f0c
21265261ns          371498 1c00956c 10e7f3d3 fmul.s           f7, f15, f14         f7=xxxxxxxx f15:3c67dfa3 f14:3eda5e41
21265301ns          371500 1c009570 1107f2d3 fmul.s           f5, f15, f16         f5=xxxxxxxx f15:3c67dfa3 f16:3e5276bd
21265341ns          371502 1c009574 10f578d3 fmul.s           f17, f10, f15       f17=xxxxxxxx f10:3e1266dc f15:3c67dfa3
21265361ns          371503 1c009578 3906f847 fmsub.s          f16, f13, f16, f7   f16=xxxxxxxx f13:3f7ff971 f16:3e5276bd  f7:3bc5c9d0
21265380ns          371504 1c00957c 28e6f743 fmadd.s          f14, f13, f14, f5   f14=xxxxxxxx f13:3f7ff971 f14:3eda5e41  f5:3b3ea100
21265440ns          371507 1c009580 88d5f8c3 fmadd.s          f17, f11, f13, f17  f17=xxxxxxxx f11:c10ba256 f13:3f7ff971 f17:3b049ab5
21265480ns          371509 1c009584 01062023 sw               x16, 0(x12)         x16:3e4c430a x12:10001f0c  PA:10001f0c
21265500ns          371510 1c009588 00ee2023 sw               x14, 0(x28)         x14:3edbd5eb x28:10001ef8  PA:10001ef8
21265520ns          371511 1c00958c 004e2703 lw               x14, 4(x28)         x14=3e83c682 x28:10001ef8  PA:10001efc
21265579ns          371514 1c009590 00462803 lw               x16, 4(x12)         x16=3ec60d5d x12:10001f0c  PA:10001f10
21265619ns          371516 1c009594 10e7f453 fmul.s           f8, f15, f14         f8=xxxxxxxx f15:3c67dfa3 f14:3e83c682
21265639ns          371517 1c009598 10f873d3 fmul.s           f7, f16, f15         f7=xxxxxxxx f16:3ec60d5d f15:3c67dfa3
21265659ns          371518 1c00959c 10f5f2d3 fmul.s           f5, f11, f15         f5=xxxxxxxx f11:c10ba256 f15:3c67dfa3
21265719ns          371521 1c0095a0 40d87847 fmsub.s          f16, f16, f13, f8   f16=xxxxxxxx f16:3ec60d5d f13:3f7ff971  f8:3b6eb67a
21265758ns          371523 1c0095a4 38e6f743 fmadd.s          f14, f13, f14, f7   f14=xxxxxxxx f13:3f7ff971 f14:3e83c682  f7:3bb36313
21265778ns          371524 1c0095a8 0069a22b p.sw             x6, 4(x19!)         x19=10001de4  x6:404fa75a x19:10001de0  PA:10001de0
21265798ns          371525 1c0095ac 01062223 sw               x16, 4(x12)         x16:3ec42add x12:10001f0c  PA:10001f10
21265858ns          371528 1c0095b0 00ee2223 sw               x14, 4(x28)         x14:3e8690ae x28:10001ef8  PA:10001efc
21265898ns          371530 1c0095b4 008e2703 lw               x14, 8(x28)         x14=bed411ff x28:10001ef8  PA:10001f00
21265917ns          371531 1c0095b8 00862803 lw               x16, 8(x12)         x16=3ea39987 x12:10001f0c  PA:10001f14
21265937ns          371532 1c0095bc 10f773d3 fmul.s           f7, f14, f15         f7=xxxxxxxx f14:bed411ff f15:3c67dfa3
21265997ns          371535 1c0095c0 10f875d3 fmul.s           f11, f16, f15       f11=xxxxxxxx f16:3ea39987 f15:3c67dfa3
21266037ns          371537 1c0095c4 28d57547 fmsub.s          f10, f10, f13, f5   f10=xxxxxxxx f10:3e1266dc f13:3f7ff971  f5:bdfcf2ee
21266057ns          371538 1c0095c8 38d873c7 fmsub.s          f7, f16, f13, f7     f7=xxxxxxxx f16:3ea39987 f13:3f7ff971  f7:bbc01580
21266077ns          371539 1c0095cc 58d775c3 fmadd.s          f11, f14, f13, f11  f11=xxxxxxxx f14:bed411ff f13:3f7ff971 f11:3b942e74
21266136ns          371542 1c0095d0 a1f892d3 flt.s            x5, f17, f31         x5=00000001 f17:c10b9679 f31:00000000
21266176ns          371544 1c0095d4 00762423 sw               x7, 8(x12)           x7:3ea695ac x12:10001f0c  PA:10001f14
21266196ns          371545 1c0095d8 00ce2703 lw               x14, 12(x28)        x14=bf3d4d7e x28:10001ef8  PA:10001f04
21266216ns          371546 1c0095dc 00be2423 sw               x11, 8(x28)         x11:bed1bbd6 x28:10001ef8  PA:10001f00
21266276ns          371549 1c0095e0 00c62383 lw               x7, 12(x12)          x7=be065765 x12:10001f0c  PA:10001f18
21266315ns          371551 1c0095e4 10f77453 fmul.s           f8, f14, f15         f8=xxxxxxxx f14:bf3d4d7e f15:3c67dfa3
21266335ns          371552 1c0095e8 10f3f5d3 fmul.s           f11, f7, f15        f11=xxxxxxxx  f7:be065765 f15:3c67dfa3
21266355ns          371553 1c0095ec 000aa803 lw               x16, 0(x21)         x16=c14d1363 x21:10001dd4  PA:10001dd4
21266375ns          371554 1c0095f0 40d3f3c7 fmsub.s          f7, f7, f13, f8      f7=xxxxxxxx  f7:be065765 f13:3f7ff971  f8:bc2b764c
21266395ns          371555 1c0095f4 58d775c3 fmadd.s          f11, f14, f13, f11  f11=xxxxxxxx f14:bf3d4d7e f13:3f7ff971 f11:baf35c70
21266415ns          371556 1c0095f8 00a9a023 sw               x10, 0(x19)         x10:3e886e49 x19:10001de4  PA:10001de4
21266435ns          371557 1c0095fc 00762623 sw               x7, 12(x12)          x7:bdf7391e x12:10001f0c  PA:10001f18
21266455ns          371558 1c009600 010e2703 lw               x14, 16(x28)        x14=3e3b63ea x28:10001ef8  PA:10001f08
21266474ns          371559 1c009604 00be2623 sw               x11, 12(x28)        x11:bf3dc253 x28:10001ef8  PA:10001f04
21266494ns          371560 1c009608 01062583 lw               x11, 16(x12)        x11=bf54778d x12:10001f0c  PA:10001f1c
21266514ns          371561 1c00960a 10f773d3 fmul.s           f7, f14, f15         f7=xxxxxxxx f14:3e3b63ea f15:3c67dfa3
21266534ns          371562 1c00960e 10f5f353 fmul.s           f6, f11, f15         f6=xxxxxxxx f11:bf54778d f15:3c67dfa3
21266554ns          371563 1c009612 1107f7d3 fmul.s           f15, f15, f16       f15=xxxxxxxx f15:3c67dfa3 f16:c14d1363
21266574ns          371564 1c009616 38d5f5c7 fmsub.s          f11, f11, f13, f7   f11=xxxxxxxx f11:bf54778d f13:3f7ff971  f7:3b29badb
21266594ns          371565 1c00961a 30d77743 fmadd.s          f14, f14, f13, f6   f14=xxxxxxxx f14:3e3b63ea f13:3f7ff971  f6:bc40717c
21266653ns          371568 1c00961e 1106f6d3 fmul.s           f13, f13, f16       f13=xxxxxxxx f13:3f7ff971 f16:c14d1363
21266673ns          371569 1c009622 00b62823 sw               x11, 16(x12)        x11:bf551bd6 x12:10001f0c  PA:10001f1c
21266693ns          371570 1c009624 00ee2823 sw               x14, 16(x28)        x14:3e2f5805 x28:10001ef8  PA:10001f08
21266713ns          371571 1c009628 01100333 add              x6, x0, x17          x6=c10b9679 x17:c10b9679
21266733ns          371572 1c00962a 00028463 beq              x5, x0, 8            x5:00000001
21266793ns          371575 1c00962e 21189353 fsgnjn.s         f6, f17, f17         f6=xxxxxxxx f17:c10b9679 f17:c10b9679
21266832ns          371577 1c009632 a1f79753 flt.s            x14, f15, f31       x14=00000001 f15:be39bfa5 f31:00000000
21266852ns          371578 1c009636 420719e3 bne              x14, x0, 3122       x14:00000001
21267011ns          371586 1c00a268 20f79753 fsgnjn.s         f14, f15, f15       f14=xxxxxxxx f15:be39bfa5 f15:be39bfa5
21267051ns          371588 1c00a26c bd0ff06f jal              x0, -3120          
21267151ns          371593 1c00963c a0671853 flt.s            x16, f14, f6        x16=00000001 f14:3e39bfa5  f6:410b9679
21267171ns          371594 1c009640 011003b3 add              x7, x0, x17          x7=c10b9679 x17:c10b9679
21267190ns          371595 1c009642 00081363 bne              x16, x0, 6          x16:00000001
21267250ns          371598 1c009648 006772d3 fadd.s           f5, f14, f6          f5=xxxxxxxx f14:3e39bfa5  f6:410b9679
21267270ns          371599 1c00964c a1f2a5d3 feq.s            x11, f5, f31        x11=00000000  f5:410e7d78 f31:00000000
21267330ns          371602 1c009650 3a0593e3 bne              x11, x0, 2982       x11:00000000
21267370ns          371604 1c009654 1c000437 lui              x8, 0x1c000000       x8=1c000000
21267389ns          371605 1c009658 02040413 addi             x8, x8, 32           x8=1c000020  x8:1c000000
21267409ns          371606 1c00965c 00042403 lw               x8, 0(x8)            x8=3f800000  x8:1c000020  PA:1c000020
21267767ns          371624 1c00965e 185475d3 fdiv.s           f11, f8, f5         f11=xxxxxxxx  f8:3f800000  f5:410e7d78
21268046ns          371638 1c009662 10e5f753 fmul.s           f14, f11, f14       f14=xxxxxxxx f11:3de5f782 f14:3e39bfa5
21268066ns          371639 1c009666 a1f393d3 flt.s            x7, f7, f31          x7=00000001  f7:c10b9679 f31:00000000
21268086ns          371640 1c00966a 1065f5d3 fmul.s           f11, f11, f6        f11=xxxxxxxx f11:3de5f782  f6:410b9679
21268105ns          371641 1c00966e 10e77753 fmul.s           f14, f14, f14       f14=xxxxxxxx f14:3ca6dc05 f14:3ca6dc05
21268125ns          371642 1c009672 70b5f743 fmadd.s          f14, f11, f11, f14  f14=xxxxxxxx f11:3f7ac91f f11:3f7ac91f f14:39d98427
21268145ns          371643 1c009676 58077353 fsqrt.s          f6, f14              f6=xxxxxxxx f14:3f75c89f
21268424ns          371657 1c00967a 10537353 fmul.s           f6, f6, f5           f6=xxxxxxxx  f6:3f7ad6ff  f5:410e7d78
21268444ns          371658 1c00967e 00038463 beq              x7, x0, 8            x7:00000001
21268463ns          371659 1c009682 20631353 fsgnjn.s         f6, f6, f6           f6=xxxxxxxx  f6:410b9e32  f6:410b9e32
21268483ns          371660 1c009686 1c0004b7 lui              x9, 0x1c000000       x9=1c000000
21268503ns          371661 1c00968a 02048493 addi             x9, x9, 32           x9=1c000020  x9:1c000000
21268523ns          371662 1c00968e 0004a483 lw               x9, 0(x9)            x9=3f800000  x9:1c000020  PA:1c000020
21268881ns          371680 1c009690 1864f753 fdiv.s           f14, f9, f6         f14=xxxxxxxx  f9:3f800000  f6:c10b9e32
21269259ns          371699 1c009694 111778d3 fmul.s           f17, f14, f17       f17=xxxxxxxx f14:bdeab297 f17:c10b9679
21269279ns          371700 1c009698 10f77753 fmul.s           f14, f14, f15       f14=xxxxxxxx f14:bdeab297 f15:be39bfa5
21269299ns          371701 1c00969c 10a8f853 fmul.s           f16, f17, f10       f16=xxxxxxxx f17:3f7ff1d7 f10:3e886e49
21269319ns          371702 1c0096a0 20e71bd3 fsgnjn.s         f23, f14, f14       f23=xxxxxxxx f14:3caa4ac2 f14:3caa4ac2
21269339ns          371703 1c0096a4 000ea783 lw               x15, 0(x29)         x15=bf01855a x29:10001f5c  PA:10001f5c
21269359ns          371704 1c0096a8 000f2383 lw               x7, 0(x30)           x7=bec3fea0 x30:10001f70  PA:10001f70
21269378ns          371705 1c0096ac 10e7f453 fmul.s           f8, f15, f14         f8=xxxxxxxx f15:bf01855a f14:3caa4ac2
21269398ns          371706 1c0096b0 10e3f2d3 fmul.s           f5, f7, f14          f5=xxxxxxxx  f7:bec3fea0 f14:3caa4ac2
21269418ns          371707 1c0096b4 006b222b p.sw             x6, 4(x22!)         x22=10001dd4  x6:c10b9e32 x22:10001dd0  PA:10001dd0
21269438ns          371708 1c0096b8 4113f3c7 fmsub.s          f7, f7, f17, f8      f7=xxxxxxxx  f7:bec3fea0 f17:3f7ff1d7  f8:bc2c50c1
21269458ns          371709 1c0096bc 2917f2c3 fmadd.s          f5, f15, f17, f5     f5=xxxxxxxx f15:bf01855a f17:3f7ff1d7  f5:bc026052
21269498ns          371711 1c0096c0 10d8f5d3 fmul.s           f11, f17, f13       f11=xxxxxxxx f17:3f7ff1d7 f13:c14d0e22
21269538ns          371713 1c0096c4 007f2023 sw               x7, 0(x30)           x7:bebe9143 x30:10001f70  PA:10001f70
21269557ns          371714 1c0096c8 005ea023 sw               x5, 0(x29)           x5:bf0387b1 x29:10001f5c  PA:10001f5c
21269577ns          371715 1c0096cc 004ea283 lw               x5, 4(x29)           x5=be57f781 x29:10001f5c  PA:10001f60
21270075ns          371740 1c0096d0 004f2383 lw               x7, 4(x30)           x7=bea14d64 x30:10001f70  PA:10001f74
21270114ns          371742 1c0096d4 10e2f4d3 fmul.s           f9, f5, f14          f9=xxxxxxxx  f5:be57f781 f14:3caa4ac2
21270134ns          371743 1c0096d8 10e3f453 fmul.s           f8, f7, f14          f8=xxxxxxxx  f7:bea14d64 f14:3caa4ac2
21270154ns          371744 1c0096dc 80d77843 fmadd.s          f16, f14, f13, f16  f16=xxxxxxxx f14:3caa4ac2 f13:c14d0e22 f16:3e8866bd
21270214ns          371747 1c0096e0 4913f3c7 fmsub.s          f7, f7, f17, f9      f7=xxxxxxxx  f7:bea14d64 f17:3f7ff1d7  f9:bb8fa96d
21270254ns          371749 1c0096e4 4112f2c3 fmadd.s          f5, f5, f17, f8      f5=xxxxxxxx  f5:be57f781 f17:3f7ff1d7  f8:bbd698fe
21270274ns          371750 1c0096e8 000a2783 lw               x15, 0(x20)         x15=80000000 x20:10001de8  PA:10001de8
21270293ns          371751 1c0096ec 007f2223 sw               x7, 4(x30)           x7:be9f05d2 x30:10001f70  PA:10001f74
21270353ns          371754 1c0096f0 005ea223 sw               x5, 4(x29)           x5:be5ea057 x29:10001f5c  PA:10001f60
21270393ns          371756 1c0096f4 008ea283 lw               x5, 8(x29)           x5=3f16fa68 x29:10001f5c  PA:10001f64
21270413ns          371757 1c0096f8 008f2383 lw               x7, 8(x30)           x7=3d031612 x30:10001f70  PA:10001f78
21270433ns          371758 1c0096fc 10e2f4d3 fmul.s           f9, f5, f14          f9=xxxxxxxx  f5:3f16fa68 f14:3caa4ac2
21270453ns          371759 1c009700 10e3f453 fmul.s           f8, f7, f14          f8=xxxxxxxx  f7:3d031612 f14:3caa4ac2
21270472ns          371760 1c009704 58abf5c3 fmadd.s          f11, f23, f10, f11  f11=xxxxxxxx f23:bcaa4ac2 f10:3e886e49 f11:c14d02ca
21270492ns          371761 1c009708 4913f3c7 fmsub.s          f7, f7, f17, f9      f7=xxxxxxxx  f7:3d031612 f17:3f7ff1d7  f9:3c48dcc0
21270512ns          371762 1c00970c 4112f2c3 fmadd.s          f5, f5, f17, f8      f5=xxxxxxxx  f5:3f16fa68 f17:3f7ff1d7  f8:3a2e65df
21270572ns          371765 1c009710 1117f553 fmul.s           f10, f15, f17       f10=xxxxxxxx f15:80000000 f17:3f7ff1d7
21270612ns          371767 1c009714 007f2423 sw               x7, 8(x30)           x7:3ca1af44 x30:10001f70  PA:10001f78
21270632ns          371768 1c009718 00cea303 lw               x6, 12(x29)          x6=3f112141 x29:10001f5c  PA:10001f68
21270651ns          371769 1c00971c 005ea423 sw               x5, 8(x29)           x5:3f171da8 x29:10001f5c  PA:10001f64
21270671ns          371770 1c009720 00cf2283 lw               x5, 12(x30)          x5=be712689 x30:10001f70  PA:10001f7c
21270691ns          371771 1c009724 10e37453 fmul.s           f8, f6, f14          f8=xxxxxxxx  f6:3f112141 f14:3caa4ac2
21270711ns          371772 1c009728 10e2f3d3 fmul.s           f7, f5, f14          f7=xxxxxxxx  f5:be712689 f14:3caa4ac2
21270731ns          371773 1c00972c 014f0f13 addi             x30, x30, 20        x30=10001f84 x30:10001f70
21270751ns          371774 1c00972e 4112f2c7 fmsub.s          f5, f5, f17, f8      f5=xxxxxxxx  f5:be712689 f17:3f7ff1d7  f8:3c4114ee
21270771ns          371775 1c009732 39137343 fmadd.s          f6, f6, f17, f7      f6=xxxxxxxx  f6:3f112141 f17:3f7ff1d7  f7:bba06a03
21270791ns          371776 1c009736 00baa22b p.sw             x11, 4(x21!)        x21=10001dd8 x11:c14d197a x21:10001dd4  PA:10001dd4
21270811ns          371777 1c00973a fe5f2c23 sw               x5, -8(x30)          x5:be7d2a81 x30:10001f84  PA:10001f7c
21270830ns          371778 1c00973e 010ea683 lw               x13, 16(x29)        x13=be325a67 x29:10001f5c  PA:10001f6c
21270850ns          371779 1c009742 006ea623 sw               x6, 12(x29)          x6:3f0fd866 x29:10001f5c  PA:10001f68
21270870ns          371780 1c009746 ffcf2303 lw               x6, -4(x30)          x6=3f55d639 x30:10001f84  PA:10001f80
21270890ns          371781 1c00974a 10e6f3d3 fmul.s           f7, f13, f14         f7=xxxxxxxx f13:be325a67 f14:3caa4ac2
21270910ns          371782 1c00974e 10e372d3 fmul.s           f5, f6, f14          f5=xxxxxxxx  f6:3f55d639 f14:3caa4ac2
21270930ns          371783 1c009752 00aa222b p.sw             x10, 4(x20!)        x20=10001dec x10:80000000 x20:10001de8  PA:10001de8
21270950ns          371784 1c009756 39137347 fmsub.s          f6, f6, f17, f7      f6=xxxxxxxx  f6:3f55d639 f17:3f7ff1d7  f7:bb6d483b
21270970ns          371785 1c00975a 2916f8c3 fmadd.s          f17, f13, f17, f5   f17=xxxxxxxx f13:be325a67 f17:3f7ff1d7  f5:3c8e3eb4
21270990ns          371786 1c00975e 01460613 addi             x12, x12, 20        x12=10001f20 x12:10001f0c
21271029ns          371788 1c009760 fe6f2e23 sw               x6, -4(x30)          x6:3f56b7ad x30:10001f84  PA:10001f80
21271069ns          371790 1c009764 011ea823 sw               x17, 16(x29)        x17:be2088b3 x29:10001f5c  PA:10001f6c
21271089ns          371791 1c009768 014e0e13 addi             x28, x28, 20        x28=10001f0c x28:10001ef8
21271109ns          371792 1c00976a 014e8e93 addi             x29, x29, 20        x29=10001f70 x29:10001f5c
21271129ns          371793 1c00976c 10e7f7d3 fmul.s           f15, f15, f14       f15=xxxxxxxx f15:80000000 f14:3caa4ac2
21271169ns          371795 1c009770 01412e03 lw               x28, 20(x2)         x28=00000001  x2:10001d98  PA:10001dac
21271189ns          371796 1c009772 00812983 lw               x19, 8(x2)          x19=0000000c  x2:10001d98  PA:10001da0
21271208ns          371797 1c009774 0e010893 addi             x17, x2, 224        x17=10001e78  x2:10001d98
21271228ns          371798 1c009778 013887b3 add              x15, x17, x19       x15=10001e84 x17:10001e78 x19:0000000c
21271248ns          371799 1c00977c 001e0e13 addi             x28, x28, 1         x28=00000002 x28:00000001
21271308ns          371802 1c00977e f707a023 sw               x16, -160(x15)      x16:b6870e8a x15:10001e84  PA:10001de4
21271328ns          371803 1c009782 01c12a23 sw               x28, 20(x2)         x28:00000002  x2:10001d98  PA:10001dac
21271348ns          371804 1c009784 fff00793 addi             x15, x0, -1         x15=ffffffff
21271368ns          371805 1c009786 00fdc663 blt              x27, x15, 12        x27:00000003 x15:ffffffff
21271387ns          371806 1c00978a 04b00793 addi             x15, x0, 75         x15=0000004b
21271447ns          371809 1c00978e a8fe1c63 bne              x28, x15, -3432     x28:00000002 x15:0000004b
21271547ns          371814 1c008a26 00812503 lw               x10, 8(x2)          x10=0000000c  x2:10001d98  PA:10001da0
21271586ns          371816 1c008a28 04010613 addi             x12, x2, 64         x12=10001dd8  x2:10001d98
21271606ns          371817 1c008a2a 01b509b3 add              x19, x10, x27       x19=0000000f x10:0000000c x27:00000003
21271626ns          371818 1c008a2e 02c10593 addi             x11, x2, 44         x11=10001dc4  x2:10001d98
21271666ns          371820 1c008a30 00a60633 add              x12, x12, x10       x12=10001de4 x12:10001dd8 x10:0000000c
21271706ns          371822 1c008a32 002d8693 addi             x13, x27, 2         x13=00000005 x27:00000003
21271726ns          371823 1c008a36 1c000437 lui              x8, 0x1c000000       x8=1c000000
21271745ns          371824 1c008a3a 1c0004b7 lui              x9, 0x1c000000       x9=1c000000
21271765ns          371825 1c008a3e 00299993 slli             x19, x19, 0x2       x19=0000003c x19:0000000f
21271805ns          371827 1c008a40 00a58b33 add              x22, x11, x10       x22=10001dd0 x11:10001dc4 x10:0000000c
21271845ns          371829 1c008a44 00c12623 sw               x12, 12(x2)         x12:10001de4  x2:10001d98  PA:10001da4
21271865ns          371830 1c008a46 00d12c23 sw               x13, 24(x2)         x13:00000005  x2:10001d98  PA:10001db0
21271885ns          371831 1c008a48 02842a83 lw               x21, 40(x8)         x21=0c000000  x8:1c000000  PA:1c000028
21272183ns          371846 1c008a4c 02c4ab83 lw               x23, 44(x9)         x23=34000000  x9:1c000000  PA:1c00002c
21272481ns          371861 1c008a50 01a989b3 add              x19, x19, x26       x19=10001ef8 x19:0000003c x26:10001ebc
21272501ns          371862 1c008a52 00000f13 addi             x30, x0, 0          x30=00000000
21272521ns          371863 1c008a56 018007b3 add              x15, x0, x24        x15=00000004 x24:00000004
21272541ns          371864 1c008a58 004b2283 lw               x5, 4(x22)           x5=c14d197a x22:10001dd0  PA:10001dd4
21272561ns          371865 1c008a5c 71fdace3 p.beqimm         x27, 3864           x27:00000003
21272601ns          371867 1c008a60 01412e03 lw               x28, 20(x2)         x28=00000002  x2:10001d98  PA:10001dac
21272621ns          371868 1c008a62 01400e93 addi             x29, x0, 20         x29=00000014
21272641ns          371869 1c008a64 77cec8e3 blt              x29, x28, 3952      x29:00000014 x28:00000002
21272660ns          371870 1c008a68 00c12f83 lw               x31, 12(x2)         x31=10001de4  x2:10001d98  PA:10001da4
21272700ns          371872 1c008a6a 000fa683 lw               x13, 0(x31)         x13=b6870e8a x31:10001de4  PA:10001de4
21272740ns          371874 1c008a6e a1e69753 flt.s            x14, f13, f30       x14=00000001 f13:b6870e8a f30:00000000
21272760ns          371875 1c008a72 00070363 beq              x14, x0, 6          x14:00000001
21272780ns          371876 1c008a74 20d696d3 fsgnjn.s         f13, f13, f13       f13=xxxxxxxx f13:b6870e8a f13:b6870e8a
21272800ns          371877 1c008a78 000b2603 lw               x12, 0(x22)         x12=c10b9e32 x22:10001dd0  PA:10001dd0
21272839ns          371879 1c008a7c a1e61753 flt.s            x14, f12, f30       x14=00000001 f12:c10b9e32 f30:00000000
21272879ns          371881 1c008a80 00c005b3 add              x11, x0, x12        x11=c10b9e32 x12:c10b9e32
21272899ns          371882 1c008a82 00070363 beq              x14, x0, 6          x14:00000001
21272919ns          371883 1c008a84 20c615d3 fsgnjn.s         f11, f12, f12       f11=xxxxxxxx f12:c10b9e32 f12:c10b9e32
21272939ns          371884 1c008a88 a1e29753 flt.s            x14, f5, f30        x14=00000001  f5:c14d197a f30:00000000
21272959ns          371885 1c008a8c 00070363 beq              x14, x0, 6          x14:00000001
21273018ns          371888 1c008a8e 33c0106f jal              x0, 4924           
21273138ns          371894 1c009dca 20529753 fsgnjn.s         f14, f5, f5         f14=xxxxxxxx  f5:c14d197a  f5:c14d197a
21273197ns          371897 1c009dce cc7fe06f jal              x0, -4922          
21273237ns          371899 1c008a94 00b77753 fadd.s           f14, f14, f11       f14=xxxxxxxx f14:414d197a f11:410b9e32
21273257ns          371900 1c008a98 11777753 fmul.s           f14, f14, f23       f14=xxxxxxxx f14:41ac5bd6 f23:34000000
21273277ns          371901 1c008a9c a0e68753 fle.s            x14, f13, f14       x14=00000000 f13:36870e8a f14:362c5bd6
21273337ns          371904 1c008aa0 00070363 beq              x14, x0, 6          x14:00000000
21273416ns          371908 1c008aa6 1c000337 lui              x6, 0x1c000000       x6=1c000000
21273436ns          371909 1c008aaa 02830313 addi             x6, x6, 40           x6=1c000028  x6:1c000000
21273496ns          371912 1c008aae 00032303 lw               x6, 0(x6)            x6=0c000000  x6:1c000028  PA:1c000028
21273834ns          371929 1c008ab2 a06686d3 fle.s            x13, f13, f6        x13=00000000 f13:36870e8a  f6:0c000000
21273854ns          371930 1c008ab6 00068363 beq              x13, x0, 6          x13:00000000
21273973ns          371936 1c008abc fffd8693 addi             x13, x27, -1        x13=00000002 x27:00000003
21273993ns          371937 1c008ac0 000d9463 bne              x27, x0, 8          x27:00000003
21274053ns          371940 1c008ac8 00269713 slli             x14, x13, 0x2       x14=00000008 x13:00000002
21274073ns          371941 1c008acc 0e010393 addi             x7, x2, 224          x7=10001e78  x2:10001d98
21274132ns          371944 1c008ad0 00e385b3 add              x11, x7, x14        x11=10001e80  x7:10001e78 x14:00000008
21274172ns          371946 1c008ad4 f605a503 lw               x10, -160(x11)      x10=404fa75a x11:10001e80  PA:10001de0
21274212ns          371948 1c008ad8 a1e515d3 flt.s            x11, f10, f30       x11=00000000 f10:404fa75a f30:00000000
21274232ns          371949 1c008adc 00058363 beq              x11, x0, 6          x11:00000000
21274311ns          371953 1c008ae2 0e010413 addi             x8, x2, 224          x8=10001e78  x2:10001d98
21274331ns          371954 1c008ae4 00e405b3 add              x11, x8, x14        x11=10001e80  x8:10001e78 x14:00000008
21274351ns          371955 1c008ae8 f4c5a583 lw               x11, -180(x11)      x11=c10a1b27 x11:10001e80  PA:10001dcc
21274391ns          371957 1c008aec a1e59853 flt.s            x16, f11, f30       x16=00000001 f11:c10a1b27 f30:00000000
21274431ns          371959 1c008af0 00080463 beq              x16, x0, 8          x16:00000001
21274470ns          371961 1c008af4 39c0106f jal              x0, 5020           
21274928ns          371984 1c009e90 20b59853 fsgnjn.s         f16, f11, f11       f16=xxxxxxxx f11:c10a1b27 f11:c10a1b27
21274968ns          371986 1c009e94 c67fe06f jal              x0, -5018          
21275027ns          371989 1c008afa a1e618d3 flt.s            x17, f12, f30       x17=00000001 f12:c10b9e32 f30:00000000
21275107ns          371993 1c008afe 00088463 beq              x17, x0, 8          x17:00000001
21275147ns          371995 1c008b02 20c61653 fsgnjn.s         f12, f12, f12       f12=xxxxxxxx f12:c10b9e32 f12:c10b9e32
21275167ns          371996 1c008b06 1c0004b7 lui              x9, 0x1c000000       x9=1c000000
21275187ns          371997 1c008b0a 01067653 fadd.s           f12, f12, f16       f12=xxxxxxxx f12:410b9e32 f16:410a1b27
21275246ns          372000 1c008b0e 02c48493 addi             x9, x9, 44           x9=1c00002c  x9:1c000000
21275266ns          372001 1c008b12 0004a483 lw               x9, 0(x9)            x9=34000000  x9:1c00002c  PA:1c00002c
21275604ns          372018 1c008b14 10967653 fmul.s           f12, f12, f9        f12=xxxxxxxx f12:418adcac  f9:34000000
21275624ns          372019 1c008b18 a0c50653 fle.s            x12, f10, f12       x12=00000000 f10:404fa75a f12:360adcac
21275644ns          372020 1c008b1c 00060363 beq              x12, x0, 6          x12:00000000
21275724ns          372024 1c008b22 1c000637 lui              x12, 0x1c000000     x12=1c000000
21275744ns          372025 1c008b26 02860613 addi             x12, x12, 40        x12=1c000028 x12:1c000000
21275763ns          372026 1c008b2a 00062603 lw               x12, 0(x12)         x12=0c000000 x12:1c000028  PA:1c000028
21276121ns          372044 1c008b2c a0c50553 fle.s            x10, f10, f12       x10=00000000 f10:404fa75a f12:0c000000
21276141ns          372045 1c008b30 00050363 beq              x10, x0, 6          x10:00000000
21276221ns          372049 1c008b36 ffed8813 addi             x16, x27, -2        x16=00000001 x27:00000003
21276241ns          372050 1c008b3a 01f83463 p.bneimm         x16, 8              x16:00000001
21276360ns          372056 1c008b42 00281713 slli             x14, x16, 0x2       x14=00000004 x16:00000001
21276380ns          372057 1c008b46 0e010893 addi             x17, x2, 224        x17=10001e78  x2:10001d98
21276400ns          372058 1c008b4a 00e88633 add              x12, x17, x14       x12=10001e7c x17:10001e78 x14:00000004
21276460ns          372061 1c008b4e f6062503 lw               x10, -160(x12)      x10=c0c29f3c x12:10001e7c  PA:10001ddc
21276499ns          372063 1c008b52 a1e51653 flt.s            x12, f10, f30       x12=00000001 f10:c0c29f3c f30:00000000
21276519ns          372064 1c008b56 00060363 beq              x12, x0, 6          x12:00000001
21276539ns          372065 1c008b58 20a51553 fsgnjn.s         f10, f10, f10       f10=xxxxxxxx f10:c0c29f3c f10:c0c29f3c
21276559ns          372066 1c008b5c 0e010e13 addi             x28, x2, 224        x28=10001e78  x2:10001d98
21276599ns          372068 1c008b60 01c70733 add              x14, x14, x28       x14=10001e7c x14:00000004 x28:10001e78
21276639ns          372070 1c008b62 f4c72883 lw               x17, -180(x14)      x17=c17c2d4a x14:10001e7c  PA:10001dc8
21276678ns          372072 1c008b66 a1e89753 flt.s            x14, f17, f30       x14=00000001 f17:c17c2d4a f30:00000000
21276698ns          372073 1c008b6a 00070363 beq              x14, x0, 6          x14:00000001
21276718ns          372074 1c008b6c 4bc0106f jal              x0, 5308           
21277196ns          372098 1c00a028 21189753 fsgnjn.s         f14, f17, f17       f14=xxxxxxxx f17:c17c2d4a f17:c17c2d4a
21277235ns          372100 1c00a02c b47fe06f jal              x0, -5306          
21277733ns          372125 1c008b72 a1e59653 flt.s            x12, f11, f30       x12=00000001 f11:c10a1b27 f30:00000000
21277752ns          372126 1c008b76 00060363 beq              x12, x0, 6          x12:00000001
21277772ns          372127 1c008b78 20b595d3 fsgnjn.s         f11, f11, f11       f11=xxxxxxxx f11:c10a1b27 f11:c10a1b27
21277792ns          372128 1c008b7c 1c000eb7 lui              x29, 0x1c000000     x29=1c000000
21277832ns          372130 1c008b80 00e5f753 fadd.s           f14, f11, f14       f14=xxxxxxxx f11:410a1b27 f14:417c2d4a
21277872ns          372132 1c008b84 02ce8e93 addi             x29, x29, 44        x29=1c00002c x29:1c000000
21277892ns          372133 1c008b88 000eae83 lw               x29, 0(x29)         x29=34000000 x29:1c00002c  PA:1c00002c
21278210ns          372149 1c008b8c 11d77753 fmul.s           f14, f14, f29       f14=xxxxxxxx f14:41c32438 f29:34000000
21278230ns          372150 1c008b90 a0e50753 fle.s            x14, f10, f14       x14=00000000 f10:40c29f3c f14:36432438
21278250ns          372151 1c008b94 440718e3 bne              x14, x0, 3152       x14:00000000
21278270ns          372152 1c008b98 1c000fb7 lui              x31, 0x1c000000     x31=1c000000
21278290ns          372153 1c008b9c 028f8f93 addi             x31, x31, 40        x31=1c000028 x31:1c000000
21278329ns          372155 1c008ba0 000faf83 lw               x31, 0(x31)         x31=0c000000 x31:1c000028  PA:1c000028
21278727ns          372175 1c008ba4 a1f50553 fle.s            x10, f10, f31       x10=00000000 f10:40c29f3c f31:0c000000
21278747ns          372176 1c008ba8 42051ee3 bne              x10, x0, 3132       x10:00000000
21278767ns          372177 1c008bac ffdd8693 addi             x13, x27, -3        x13=00000000 x27:00000003
21278787ns          372178 1c008bb0 01f6b463 p.bneimm         x13, 8              x13:00000000
21278846ns          372181 1c008bb8 00269713 slli             x14, x13, 0x2       x14=00000000 x13:00000000
21278866ns          372182 1c008bbc 0e010313 addi             x6, x2, 224          x6=10001e78  x2:10001d98
21278926ns          372185 1c008bc0 00e30633 add              x12, x6, x14        x12=10001e78  x6:10001e78 x14:00000000
21278966ns          372187 1c008bc4 f6062583 lw               x11, -160(x12)      x11=bee04b90 x12:10001e78  PA:10001dd8
21279006ns          372189 1c008bc8 a1e59653 flt.s            x12, f11, f30       x12=00000001 f11:bee04b90 f30:00000000
21279025ns          372190 1c008bcc 00060363 beq              x12, x0, 6          x12:00000001
21279065ns          372192 1c008bce 20b595d3 fsgnjn.s         f11, f11, f11       f11=xxxxxxxx f11:bee04b90 f11:bee04b90
21279105ns          372194 1c008bd2 0e010393 addi             x7, x2, 224          x7=10001e78  x2:10001d98
21279125ns          372195 1c008bd6 00e38633 add              x12, x7, x14        x12=10001e78  x7:10001e78 x14:00000000
21279145ns          372196 1c008bda f4c62603 lw               x12, -180(x12)      x12=421b0799 x12:10001e78  PA:10001dc4
21279204ns          372199 1c008bde a1e61553 flt.s            x10, f12, f30       x10=00000000 f12:421b0799 f30:00000000
21279224ns          372200 1c008be2 00050363 beq              x10, x0, 6          x10:00000000
21279284ns          372203 1c008be8 a1e89553 flt.s            x10, f17, f30       x10=00000001 f17:c17c2d4a f30:00000000
21279304ns          372204 1c008bec 00050363 beq              x10, x0, 6          x10:00000001
21279364ns          372207 1c008bee 211898d3 fsgnjn.s         f17, f17, f17       f17=xxxxxxxx f17:c17c2d4a f17:c17c2d4a
21279403ns          372209 1c008bf2 1c000437 lui              x8, 0x1c000000       x8=1c000000
21279423ns          372210 1c008bf6 01167653 fadd.s           f12, f12, f17       f12=xxxxxxxx f12:421b0799 f17:417c2d4a
21279443ns          372211 1c008bfa 02c40413 addi             x8, x8, 44           x8=1c00002c  x8:1c000000
21279463ns          372212 1c008bfe 00042403 lw               x8, 0(x8)            x8=34000000  x8:1c00002c  PA:1c00002c
21279821ns          372230 1c008c00 10867653 fmul.s           f12, f12, f8        f12=xxxxxxxx f12:425a12ec  f8:34000000
21279841ns          372231 1c008c04 a0c58653 fle.s            x12, f11, f12       x12=00000000 f11:3ee04b90 f12:36da12ec
21279861ns          372232 1c008c08 3e0613e3 bne              x12, x0, 3046       x12:00000000
21279881ns          372233 1c008c0c 1c0004b7 lui              x9, 0x1c000000       x9=1c000000
21279921ns          372235 1c008c10 02848493 addi             x9, x9, 40           x9=1c000028  x9:1c000000
21279960ns          372237 1c008c14 0004a483 lw               x9, 0(x9)            x9=0c000000  x9:1c000028  PA:1c000028
21280279ns          372253 1c008c16 a09585d3 fle.s            x11, f11, f9        x11=00000000 f11:3ee04b90  f9:0c000000
21280298ns          372254 1c008c1a 3c059ae3 bne              x11, x0, 3028       x11:00000000
21280318ns          372255 1c008c1e 00000813 addi             x16, x0, 0          x16=00000000
21280338ns          372256 1c008c20 fff00693 addi             x13, x0, -1         x13=ffffffff
21280358ns          372257 1c008c22 3d880de3 beq              x16, x24, 3034      x16:00000000 x24:00000004
21280378ns          372258 1c008c26 002d8393 addi             x7, x27, 2           x7=00000005 x27:00000003
21280398ns          372259 1c008c2a 7c76d5e3 bge              x13, x7, 4042       x13:ffffffff  x7:00000005
21280438ns          372261 1c008c2e 00268f93 addi             x31, x13, 2         x31=00000001 x13:ffffffff
21280478ns          372263 1c008c32 3e780a63 beq              x16, x7, 1012       x16:00000000  x7:00000005
21280497ns          372264 1c008c36 002c1e93 slli             x29, x24, 0x2       x29=00000010 x24:00000004
21280517ns          372265 1c008c3a 04010493 addi             x9, x2, 64           x9=10001dd8  x2:10001d98
21280537ns          372266 1c008c3c ffce8593 addi             x11, x29, -4        x11=0000000c x29:00000010
21280577ns          372268 1c008c40 1c000637 lui              x12, 0x1c000000     x12=1c000000
21280617ns          372270 1c008c44 02c10413 addi             x8, x2, 44           x8=10001dc4  x2:10001d98
21280637ns          372271 1c008c46 1c000537 lui              x10, 0x1c000000     x10=1c000000
21280657ns          372272 1c008c4a 009585b3 add              x11, x11, x9        x11=10001de4 x11:0000000c  x9:10001dd8
21280676ns          372273 1c008c4c 02862483 lw               x9, 40(x12)          x9=0c000000 x12:1c000000  PA:1c000028
21281015ns          372290 1c008c50 01d40333 add              x6, x8, x29          x6=10001dd4  x8:10001dc4 x29:00000010
21281034ns          372291 1c008c54 00700733 add              x14, x0, x7         x14=00000005  x7:00000005
21281054ns          372292 1c008c56 02c52403 lw               x8, 44(x10)          x8=34000000 x10:1c000000  PA:1c00002c
21281373ns          372308 1c008c5a 00168693 addi             x13, x13, 1         x13=00000000 x13:ffffffff
21281392ns          372309 1c008c5c 00000e13 addi             x28, x0, 0          x28=00000000
21281412ns          372310 1c008c60 41038533 sub              x10, x7, x16        x10=00000005  x7:00000005 x16:00000000
21281432ns          372311 1c008c64 1e0540fb lp.setup         0x1, x10, 0x1e0     x10:00000005
21281452ns          372312 1c008c68 fff70893 addi             x17, x14, -1        x17=00000004 x14:00000005
21281472ns          372313 1c008c6c 00000793 addi             x15, x0, 0          x15=00000000
21281512ns          372315 1c008c70 00ec4763 blt              x24, x14, 14        x24:00000004 x14:00000005
21281631ns          372321 1c008c7e 00efd963 bge              x31, x14, 18        x31:00000001 x14:00000005
21281651ns          372322 1c008c82 0005a603 lw               x12, 0(x11)         x12=b6870e8a x11:10001de4  PA:10001de4
21281691ns          372324 1c008c84 a1c61f53 flt.s            x30, f12, f28       x30=00000001 f12:b6870e8a f28:00000000
21281711ns          372325 1c008c88 380f1163 bne              x30, x0, 898        x30:00000001
21281890ns          372334 1c00900a 20c61653 fsgnjn.s         f12, f12, f12       f12=xxxxxxxx f12:b6870e8a f12:b6870e8a
21281910ns          372335 1c00900e c7fff06f jal              x0, -898           
21281989ns          372339 1c008c8c 00c7f7d3 fadd.s           f15, f15, f12       f15=xxxxxxxx f15:00000000 f12:36870e8a
21282009ns          372340 1c008c90 ffc3260b p.lw             x12, -4(x6!)        x12=c14d197a  x6=10001dd0  x6:10001dd4  PA:10001dd4
21282049ns          372342 1c008c94 a1c61f53 flt.s            x30, f12, f28       x30=00000001 f12:c14d197a f28:00000000
21282069ns          372343 1c008c98 000f0463 beq              x30, x0, 8          x30:00000001
21282089ns          372344 1c008c9c 20c61653 fsgnjn.s         f12, f12, f12       f12=xxxxxxxx f12:c14d197a f12:c14d197a
21282128ns          372346 1c008ca0 1087f7d3 fmul.s           f15, f15, f8        f15=xxxxxxxx f15:36870e8a  f8:34000000
21282168ns          372348 1c008ca4 a0f607d3 fle.s            x15, f12, f15       x15=00000000 f12:414d197a f15:2b070e8a
21282188ns          372349 1c008ca8 00079563 bne              x15, x0, 10         x15:00000000
21282208ns          372350 1c008caa a0960653 fle.s            x12, f12, f9        x12=00000000 f12:414d197a  f9:0c000000
21282268ns          372353 1c008cae 36060663 beq              x12, x0, 876        x12:00000000
21282347ns          372357 1c00901a 00d71463 bne              x14, x13, 8         x14:00000005 x13:00000000
21282447ns          372362 1c009022 01100733 add              x14, x0, x17        x14=00000004 x17:00000004
21282467ns          372363 1c009024 ffc58593 addi             x11, x11, -4        x11=10001de0 x11:10001de4
21282486ns          372364 1c008c68 fff70893 addi             x17, x14, -1        x17=00000003 x14:00000004
21282506ns          372365 1c008c6c 00000793 addi             x15, x0, 0          x15=00000000
21282526ns          372366 1c008c70 00ec4763 blt              x24, x14, 14        x24:00000004 x14:00000004
21282546ns          372367 1c008c74 0045a783 lw               x15, 4(x11)         x15=b6870e8a x11:10001de0  PA:10001de4
21282586ns          372369 1c008c76 a1c79653 flt.s            x12, f15, f28       x12=00000001 f15:b6870e8a f28:00000000
21282606ns          372370 1c008c7a 38061b63 bne              x12, x0, 918        x12:00000001
21282665ns          372373 1c009010 20f797d3 fsgnjn.s         f15, f15, f15       f15=xxxxxxxx f15:b6870e8a f15:b6870e8a
21282685ns          372374 1c009014 c6bff06f jal              x0, -918           
21282745ns          372377 1c008c7e 00efd963 bge              x31, x14, 18        x31:00000001 x14:00000004
21282765ns          372378 1c008c82 0005a603 lw               x12, 0(x11)         x12=404fa75a x11:10001de0  PA:10001de0
21282805ns          372380 1c008c84 a1c61f53 flt.s            x30, f12, f28       x30=00000000 f12:404fa75a f28:00000000
21282825ns          372381 1c008c88 380f1163 bne              x30, x0, 898        x30:00000000
21282845ns          372382 1c008c8c 00c7f7d3 fadd.s           f15, f15, f12       f15=xxxxxxxx f15:36870e8a f12:404fa75a
21282864ns          372383 1c008c90 ffc3260b p.lw             x12, -4(x6!)        x12=c10b9e32  x6=10001dcc  x6:10001dd0  PA:10001dd0
21282904ns          372385 1c008c94 a1c61f53 flt.s            x30, f12, f28       x30=00000001 f12:c10b9e32 f28:00000000
21282924ns          372386 1c008c98 000f0463 beq              x30, x0, 8          x30:00000001
21282944ns          372387 1c008c9c 20c61653 fsgnjn.s         f12, f12, f12       f12=xxxxxxxx f12:c10b9e32 f12:c10b9e32
21282964ns          372388 1c008ca0 1087f7d3 fmul.s           f15, f15, f8        f15=xxxxxxxx f15:404fa76b  f8:34000000
21282984ns          372389 1c008ca4 a0f607d3 fle.s            x15, f12, f15       x15=00000000 f12:410b9e32 f15:34cfa76b
21283004ns          372390 1c008ca8 00079563 bne              x15, x0, 10         x15:00000000
21283024ns          372391 1c008caa a0960653 fle.s            x12, f12, f9        x12=00000000 f12:410b9e32  f9:0c000000
21283043ns          372392 1c008cae 36060663 beq              x12, x0, 876        x12:00000000
21283123ns          372396 1c00901a 00d71463 bne              x14, x13, 8         x14:00000004 x13:00000000
21283183ns          372399 1c009022 01100733 add              x14, x0, x17        x14=00000003 x17:00000003
21283203ns          372400 1c009024 ffc58593 addi             x11, x11, -4        x11=10001ddc x11:10001de0
21283222ns          372401 1c008c68 fff70893 addi             x17, x14, -1        x17=00000002 x14:00000003
21283242ns          372402 1c008c6c 00000793 addi             x15, x0, 0          x15=00000000
21283262ns          372403 1c008c70 00ec4763 blt              x24, x14, 14        x24:00000004 x14:00000003
21283282ns          372404 1c008c74 0045a783 lw               x15, 4(x11)         x15=404fa75a x11:10001ddc  PA:10001de0
21283322ns          372406 1c008c76 a1c79653 flt.s            x12, f15, f28       x12=00000000 f15:404fa75a f28:00000000
21283342ns          372407 1c008c7a 38061b63 bne              x12, x0, 918        x12:00000000
21283362ns          372408 1c008c7e 00efd963 bge              x31, x14, 18        x31:00000001 x14:00000003
21283382ns          372409 1c008c82 0005a603 lw               x12, 0(x11)         x12=c0c29f3c x11:10001ddc  PA:10001ddc
21283421ns          372411 1c008c84 a1c61f53 flt.s            x30, f12, f28       x30=00000001 f12:c0c29f3c f28:00000000
21283441ns          372412 1c008c88 380f1163 bne              x30, x0, 898        x30:00000001
21283521ns          372416 1c00900a 20c61653 fsgnjn.s         f12, f12, f12       f12=xxxxxxxx f12:c0c29f3c f12:c0c29f3c
21283541ns          372417 1c00900e c7fff06f jal              x0, -898           
21283580ns          372419 1c008c8c 00c7f7d3 fadd.s           f15, f15, f12       f15=xxxxxxxx f15:404fa75a f12:40c29f3c
21283600ns          372420 1c008c90 ffc3260b p.lw             x12, -4(x6!)        x12=c10a1b27  x6=10001dc8  x6:10001dcc  PA:10001dcc
21283640ns          372422 1c008c94 a1c61f53 flt.s            x30, f12, f28       x30=00000001 f12:c10a1b27 f28:00000000
21283660ns          372423 1c008c98 000f0463 beq              x30, x0, 8          x30:00000001
21283680ns          372424 1c008c9c 20c61653 fsgnjn.s         f12, f12, f12       f12=xxxxxxxx f12:c10a1b27 f12:c10a1b27
21283700ns          372425 1c008ca0 1087f7d3 fmul.s           f15, f15, f8        f15=xxxxxxxx f15:41153974  f8:34000000
21283720ns          372426 1c008ca4 a0f607d3 fle.s            x15, f12, f15       x15=00000000 f12:410a1b27 f15:35953974
21283740ns          372427 1c008ca8 00079563 bne              x15, x0, 10         x15:00000000
21283759ns          372428 1c008caa a0960653 fle.s            x12, f12, f9        x12=00000000 f12:410a1b27  f9:0c000000
21283779ns          372429 1c008cae 36060663 beq              x12, x0, 876        x12:00000000
21283859ns          372433 1c00901a 00d71463 bne              x14, x13, 8         x14:00000003 x13:00000000
21283919ns          372436 1c009022 01100733 add              x14, x0, x17        x14=00000002 x17:00000002
21283938ns          372437 1c009024 ffc58593 addi             x11, x11, -4        x11=10001dd8 x11:10001ddc
21283958ns          372438 1c008c68 fff70893 addi             x17, x14, -1        x17=00000001 x14:00000002
21283978ns          372439 1c008c6c 00000793 addi             x15, x0, 0          x15=00000000
21283998ns          372440 1c008c70 00ec4763 blt              x24, x14, 14        x24:00000004 x14:00000002
21284018ns          372441 1c008c74 0045a783 lw               x15, 4(x11)         x15=c0c29f3c x11:10001dd8  PA:10001ddc
21284058ns          372443 1c008c76 a1c79653 flt.s            x12, f15, f28       x12=00000001 f15:c0c29f3c f28:00000000
21284078ns          372444 1c008c7a 38061b63 bne              x12, x0, 918        x12:00000001
21284137ns          372447 1c009010 20f797d3 fsgnjn.s         f15, f15, f15       f15=xxxxxxxx f15:c0c29f3c f15:c0c29f3c
21284157ns          372448 1c009014 c6bff06f jal              x0, -918           
21284217ns          372451 1c008c7e 00efd963 bge              x31, x14, 18        x31:00000001 x14:00000002
21284237ns          372452 1c008c82 0005a603 lw               x12, 0(x11)         x12=bee04b90 x11:10001dd8  PA:10001dd8
21284277ns          372454 1c008c84 a1c61f53 flt.s            x30, f12, f28       x30=00000001 f12:bee04b90 f28:00000000
21284297ns          372455 1c008c88 380f1163 bne              x30, x0, 898        x30:00000001
21284376ns          372459 1c00900a 20c61653 fsgnjn.s         f12, f12, f12       f12=xxxxxxxx f12:bee04b90 f12:bee04b90
21284396ns          372460 1c00900e c7fff06f jal              x0, -898           
21284436ns          372462 1c008c8c 00c7f7d3 fadd.s           f15, f15, f12       f15=xxxxxxxx f15:40c29f3c f12:3ee04b90
21284456ns          372463 1c008c90 ffc3260b p.lw             x12, -4(x6!)        x12=c17c2d4a  x6=10001dc4  x6:10001dc8  PA:10001dc8
21284495ns          372465 1c008c94 a1c61f53 flt.s            x30, f12, f28       x30=00000001 f12:c17c2d4a f28:00000000
21284515ns          372466 1c008c98 000f0463 beq              x30, x0, 8          x30:00000001
21284535ns          372467 1c008c9c 20c61653 fsgnjn.s         f12, f12, f12       f12=xxxxxxxx f12:c17c2d4a f12:c17c2d4a
21284555ns          372468 1c008ca0 1087f7d3 fmul.s           f15, f15, f8        f15=xxxxxxxx f15:40d0a3f5  f8:34000000
21284575ns          372469 1c008ca4 a0f607d3 fle.s            x15, f12, f15       x15=00000000 f12:417c2d4a f15:3550a3f5
21284595ns          372470 1c008ca8 00079563 bne              x15, x0, 10         x15:00000000
21284615ns          372471 1c008caa a0960653 fle.s            x12, f12, f9        x12=00000000 f12:417c2d4a  f9:0c000000
21284635ns          372472 1c008cae 36060663 beq              x12, x0, 876        x12:00000000
21284714ns          372476 1c00901a 00d71463 bne              x14, x13, 8         x14:00000002 x13:00000000
21284774ns          372479 1c009022 01100733 add              x14, x0, x17        x14=00000001 x17:00000001
21284794ns          372480 1c009024 ffc58593 addi             x11, x11, -4        x11=10001dd4 x11:10001dd8
21284814ns          372481 1c008c68 fff70893 addi             x17, x14, -1        x17=00000000 x14:00000001
21284834ns          372482 1c008c6c 00000793 addi             x15, x0, 0          x15=00000000
21284853ns          372483 1c008c70 00ec4763 blt              x24, x14, 14        x24:00000004 x14:00000001
21284873ns          372484 1c008c74 0045a783 lw               x15, 4(x11)         x15=bee04b90 x11:10001dd4  PA:10001dd8
21284913ns          372486 1c008c76 a1c79653 flt.s            x12, f15, f28       x12=00000001 f15:bee04b90 f28:00000000
21284933ns          372487 1c008c7a 38061b63 bne              x12, x0, 918        x12:00000001
21284993ns          372490 1c009010 20f797d3 fsgnjn.s         f15, f15, f15       f15=xxxxxxxx f15:bee04b90 f15:bee04b90
21285013ns          372491 1c009014 c6bff06f jal              x0, -918           
21285072ns          372494 1c008c7e 00efd963 bge              x31, x14, 18        x31:00000001 x14:00000001
21285132ns          372497 1c008c90 ffc3260b p.lw             x12, -4(x6!)        x12=421b0799  x6=10001dc0  x6:10001dc4  PA:10001dc4
21285172ns          372499 1c008c94 a1c61f53 flt.s            x30, f12, f28       x30=00000000 f12:421b0799 f28:00000000
21285192ns          372500 1c008c98 000f0463 beq              x30, x0, 8          x30:00000000
21285251ns          372503 1c008ca0 1087f7d3 fmul.s           f15, f15, f8        f15=xxxxxxxx f15:3ee04b90  f8:34000000
21285271ns          372504 1c008ca4 a0f607d3 fle.s            x15, f12, f15       x15=00000000 f12:421b0799 f15:33604b90
21285291ns          372505 1c008ca8 00079563 bne              x15, x0, 10         x15:00000000
21285311ns          372506 1c008caa a0960653 fle.s            x12, f12, f9        x12=00000000 f12:421b0799  f9:0c000000
21285331ns          372507 1c008cae 36060663 beq              x12, x0, 876        x12:00000000
21285410ns          372511 1c00901a 00d71463 bne              x14, x13, 8         x14:00000001 x13:00000000
21285470ns          372514 1c009022 01100733 add              x14, x0, x17        x14=00000000 x17:00000000
21285490ns          372515 1c009024 ffc58593 addi             x11, x11, -4        x11=10001dd0 x11:10001dd4
21285510ns          372516 1c009026 00000793 addi             x15, x0, 0          x15=00000000
21285530ns          372517 1c00902a a0f297d3 flt.s            x15, f5, f15        x15=00000001  f5:c14d197a f15:00000000
21285550ns          372518 1c00902e 005006b3 add              x13, x0, x5         x13=c14d197a  x5:c14d197a
21285589ns          372520 1c009030 00078363 beq              x15, x0, 6          x15:00000001
21285629ns          372522 1c009032 205296d3 fsgnjn.s         f13, f5, f5         f13=xxxxxxxx  f5:c14d197a  f5:c14d197a
21285649ns          372523 1c009036 002d9593 slli             x11, x27, 0x2       x11=0000000c x27:00000003
21285669ns          372524 1c00903a 0e010613 addi             x12, x2, 224        x12=10001e78  x2:10001d98
21285689ns          372525 1c00903c 00b607b3 add              x15, x12, x11       x15=10001e84 x12:10001e78 x11:0000000c
21285729ns          372527 1c009040 f4c7a603 lw               x12, -180(x15)      x12=c10b9e32 x15:10001e84  PA:10001dd0
21285768ns          372529 1c009044 00000793 addi             x15, x0, 0          x15=00000000
21285788ns          372530 1c009048 a0f617d3 flt.s            x15, f12, f15       x15=00000001 f12:c10b9e32 f15:00000000
21285808ns          372531 1c00904c 00b12423 sw               x11, 8(x2)          x11:0000000c  x2:10001d98  PA:10001da0
21285828ns          372532 1c00904e 06d12423 sw               x13, 104(x2)        x13:414d197a  x2:10001d98  PA:10001e00
21285868ns          372534 1c009050 00c00533 add              x10, x0, x12        x10=c10b9e32 x12:c10b9e32
21285888ns          372535 1c009052 00b008b3 add              x17, x0, x11        x17=0000000c x11:0000000c
21285908ns          372536 1c009054 00078363 beq              x15, x0, 6          x15:00000001
21285928ns          372537 1c009056 20c61553 fsgnjn.s         f10, f12, f12       f10=xxxxxxxx f12:c10b9e32 f12:c10b9e32
21285947ns          372538 1c00905a 0e010713 addi             x14, x2, 224        x14=10001e78  x2:10001d98
21285967ns          372539 1c00905c 011707b3 add              x15, x14, x17       x15=10001e84 x14:10001e78 x17:0000000c
21286007ns          372541 1c009060 f607a783 lw               x15, -160(x15)      x15=b6870e8a x15:10001e84  PA:10001de4
21286067ns          372544 1c009064 00000713 addi             x14, x0, 0          x14=00000000
21286087ns          372545 1c009068 a0e79753 flt.s            x14, f15, f14       x14=00000001 f15:b6870e8a f14:00000000
21286107ns          372546 1c00906c 06a12623 sw               x10, 108(x2)        x10:410b9e32  x2:10001d98  PA:10001e04
21286126ns          372547 1c00906e 00070363 beq              x14, x0, 6          x14:00000001
21286146ns          372548 1c009070 2320106f jal              x0, 4658           
21286266ns          372554 1c00a2a2 20f79753 fsgnjn.s         f14, f15, f15       f14=xxxxxxxx f15:b6870e8a f15:b6870e8a
21286286ns          372555 1c00a2a6 dd1fe06f jal              x0, -4656          
21286325ns          372557 1c009076 00281813 slli             x16, x16, 0x2       x16=00000000 x16:00000000
21286345ns          372558 1c009078 0e010993 addi             x19, x2, 224        x19=10001e78  x2:10001d98
21286365ns          372559 1c00907c 010985b3 add              x11, x19, x16       x11=10001e78 x19:10001e78 x16:00000000
21286425ns          372562 1c009080 f4c5a883 lw               x17, -180(x11)      x17=421b0799 x11:10001e78  PA:10001dc4
21286465ns          372564 1c009084 00000593 addi             x11, x0, 0          x11=00000000
21286485ns          372565 1c009088 a0b895d3 flt.s            x11, f17, f11       x11=00000000 f17:421b0799 f11:00000000
21286504ns          372566 1c00908c 06e12823 sw               x14, 112(x2)        x14:36870e8a  x2:10001d98  PA:10001e08
21286524ns          372567 1c00908e 01100e33 add              x28, x0, x17        x28=421b0799 x17:421b0799
21286564ns          372569 1c009090 00058363 beq              x11, x0, 6          x11:00000000
21286644ns          372573 1c009096 0e010e93 addi             x29, x2, 224        x29=10001e78  x2:10001d98
21286664ns          372574 1c00909a 01d80833 add              x16, x16, x29       x16=10001e78 x16:00000000 x29:10001e78
21286683ns          372575 1c00909c f6082303 lw               x6, -160(x16)        x6=bee04b90 x16:10001e78  PA:10001dd8
21286723ns          372577 1c0090a0 00000593 addi             x11, x0, 0          x11=00000000
21286763ns          372579 1c0090a4 a0b315d3 flt.s            x11, f6, f11        x11=00000001  f6:bee04b90 f11:00000000
21286783ns          372580 1c0090a8 07c12a23 sw               x28, 116(x2)        x28:421b0799  x2:10001d98  PA:10001e0c
21286803ns          372581 1c0090aa 00058363 beq              x11, x0, 6          x11:00000001
21286823ns          372582 1c0090ac 1fe0106f jal              x0, 4606           
21286922ns          372587 1c00a2aa 206315d3 fsgnjn.s         f11, f6, f6         f11=xxxxxxxx  f6:bee04b90  f6:bee04b90
21286982ns          372590 1c00a2ae e05fe06f jal              x0, -4604          
21287101ns          372596 1c0090b2 a0d6a853 feq.s            x16, f13, f13       x16=00000001 f13:414d197a f13:414d197a
21287121ns          372597 1c0090b6 06b12c23 sw               x11, 120(x2)        x11:3ee04b90  x2:10001d98  PA:10001e10
21287141ns          372598 1c0090b8 00080463 beq              x16, x0, 8          x16:00000001
21287161ns          372599 1c0090bc 0080106f jal              x0, 4104           
21287280ns          372605 1c00a0c4 a0a69853 flt.s            x16, f13, f10       x16=00000000 f13:414d197a f10:410b9e32
21287320ns          372607 1c00a0c8 1e080563 beq              x16, x0, 490        x16:00000000
21287519ns          372617 1c00a2b2 a0e69553 flt.s            x10, f13, f14       x10=00000000 f13:414d197a f14:36870e8a
21287539ns          372618 1c00a2b6 00100813 addi             x16, x0, 1          x16=00000001
21287559ns          372619 1c00a2b8 00300e13 addi             x28, x0, 3          x28=00000003
21287579ns          372620 1c00a2ba 00050363 beq              x10, x0, 6          x10:00000000
21287658ns          372624 1c00a2c0 07412703 lw               x14, 116(x2)        x14=421b0799  x2:10001d98  PA:10001e0c
21287698ns          372626 1c00a2c2 a0e69553 flt.s            x10, f13, f14       x10=00000001 f13:414d197a f14:421b0799
21287718ns          372627 1c00a2c6 e0051ce3 bne              x10, x0, -488       x10:00000001
21287937ns          372638 1c00a0de a0b716d3 flt.s            x13, f14, f11       x13=00000000 f14:421b0799 f11:3ee04b90
21287976ns          372640 1c00a0e2 84069063 bne              x13, x0, -4032      x13:00000000
21287996ns          372641 1c00a0e6 00e005b3 add              x11, x0, x14        x11=421b0799 x14:421b0799
21288016ns          372642 1c00a0e8 83aff06f jal              x0, -4038          
21288195ns          372651 1c009122 1c0004b7 lui              x9, 0x1c000000       x9=1c000000
21288215ns          372652 1c009126 0204a703 lw               x14, 32(x9)         x14=3f800000  x9:1c000000  PA:1c000020
21288553ns          372669 1c00912a 18b77753 fdiv.s           f14, f14, f11       f14=xxxxxxxx f14:3f800000 f11:421b0799
21289667ns          372725 1c00912e 105772d3 fmul.s           f5, f14, f5          f5=xxxxxxxx f14:3cd35db1  f5:c14d197a
21289687ns          372726 1c009132 10e7f7d3 fmul.s           f15, f15, f14       f15=xxxxxxxx f15:b6870e8a f14:3cd35db1
21289707ns          372727 1c009136 00000513 addi             x10, x0, 0          x10=00000000
21289727ns          372728 1c00913a 28e676c3 fmadd.s          f13, f12, f14, f5   f13=xxxxxxxx f12:c10b9e32 f14:3cd35db1  f5:bea95710
21289786ns          372731 1c00913e 28e67e47 fmsub.s          f28, f12, f14, f5   f28=xxxxxxxx f12:c10b9e32 f14:3cd35db1  f5:bea95710
21289826ns          372733 1c009142 10f7f853 fmul.s           f16, f15, f15       f16=xxxxxxxx f15:b3df04d3 f15:b3df04d3
21289846ns          372734 1c009146 10f2f653 fmul.s           f12, f5, f15        f12=xxxxxxxx  f5:bea95710 f15:b3df04d3
21289866ns          372735 1c00914a 10e8f7d3 fmul.s           f15, f17, f14       f15=xxxxxxxx f17:421b0799 f14:3cd35db1
21289926ns          372738 1c00914e 1c000737 lui              x14, 0x1c000000     x14=1c000000
21289965ns          372740 1c009152 81c6f6c3 fmadd.s          f13, f13, f28, f16  f13=xxxxxxxx f13:bf0e4ec6 f28:3dd8424f f16:28424968
21289985ns          372741 1c009156 03070713 addi             x14, x14, 48        x14=1c000030 x14:1c000000
21290005ns          372742 1c00915a 00072703 lw               x14, 0(x14)         x14=3f000000 x14:1c000030  PA:1c000030
21290304ns          372757 1c00915c 10c67653 fmul.s           f12, f12, f12       f12=xxxxxxxx f12:33138608 f12:33138608
21290323ns          372758 1c009160 10e6f6d3 fmul.s           f13, f13, f14       f13=xxxxxxxx f13:bd706ea7 f14:3f000000
21290343ns          372759 1c009164 a0a6a753 feq.s            x14, f13, f10       x14=00000000 f13:bcf06ea7 f10:00000000
21290363ns          372760 1c009168 00070663 beq              x14, x0, 12         x14:00000000
21290463ns          372765 1c009174 00000513 addi             x10, x0, 0          x10=00000000
21290483ns          372766 1c009178 a0a69553 flt.s            x10, f13, f10       x10=00000001 f13:bcf06ea7 f10:00000000
21290502ns          372767 1c00917c 60d6f743 fmadd.s          f14, f13, f13, f12  f14=xxxxxxxx f13:bcf06ea7 f13:bcf06ea7 f12:26aa0667
21290562ns          372770 1c009180 58077753 fsqrt.s          f14, f14            f14=xxxxxxxx f14:3a61cfa9
21291079ns          372796 1c009184 00050363 beq              x10, x0, 6          x10:00000001
21291099ns          372797 1c009186 20e71753 fsgnjn.s         f14, f14, f14       f14=xxxxxxxx f14:3cf06ea7 f14:3cf06ea7
21291119ns          372798 1c00918a 00e6f6d3 fadd.s           f13, f13, f14       f13=xxxxxxxx f13:bcf06ea7 f14:bcf06ea7
21291139ns          372799 1c00918e 18d67753 fdiv.s           f14, f12, f13       f14=xxxxxxxx f12:26aa0667 f13:bd706ea7
21291358ns          372810 1c009192 00f2f853 fadd.s           f16, f5, f15        f16=xxxxxxxx  f5:bea95710 f15:3f800000
21291636ns          372824 1c009196 0857f6d3 fsub.s           f13, f15, f5        f13=xxxxxxxx f15:3f800000  f5:bea95710
21291656ns          372825 1c00919a 18b375d3 fdiv.s           f11, f6, f11        f11=xxxxxxxx  f6:bee04b90 f11:421b0799
21291935ns          372839 1c00919e 10b7f7d3 fmul.s           f15, f15, f11       f15=xxxxxxxx f15:3f800000 f11:bc39305e
21291954ns          372840 1c0091a2 70d87843 fmadd.s          f16, f16, f13, f14  f16=xxxxxxxx f16:3f2b5478 f13:3faa55c4 f14:a8b508b2
21291974ns          372841 1c0091a6 5dfc4563 blt              x24, x31, 1482      x24:00000004 x31:00000001
21291994ns          372842 1c0091aa 002f9693 slli             x13, x31, 0x2       x13=00000004 x31:00000001
21292054ns          372845 1c0091ae 01f68333 add              x6, x13, x31         x6=00000005 x13:00000004 x31:00000001
21292074ns          372846 1c0091b2 00231313 slli             x6, x6, 0x2          x6=00000014  x6:00000005
21292094ns          372847 1c0091b4 058fc733 p.min            x14, x31, x24       x14=00000001 x31:00000001 x24:00000004
21292114ns          372848 1c0091b8 02c10893 addi             x17, x2, 44         x17=10001dc4  x2:10001d98
21292133ns          372849 1c0091bc 0e010993 addi             x19, x2, 224        x19=10001e78  x2:10001d98
21292193ns          372852 1c0091c0 ffc68a13 addi             x20, x13, -4        x20=00000000 x13:00000004
21292233ns          372854 1c0091c4 fec30e13 addi             x28, x6, -20        x28=00000000  x6:00000014
21292253ns          372855 1c0091c8 00d88ab3 add              x21, x17, x13       x21=10001dc8 x17:10001dc4 x13:00000004
21292273ns          372856 1c0091cc 00d98633 add              x12, x19, x13       x12=10001e7c x19:10001e78 x13:00000004
21292332ns          372859 1c0091d0 41f70b33 sub              x22, x14, x31       x22=00000000 x14:00000001 x31:00000001
21292372ns          372861 1c0091d4 04010393 addi             x7, x2, 64           x7=10001dd8  x2:10001d98
21292392ns          372862 1c0091d8 001f8693 addi             x13, x31, 1         x13=00000002 x31:00000001
21292412ns          372863 1c0091dc 00170713 addi             x14, x14, 1         x14=00000002 x14:00000001
21292472ns          372866 1c0091de 006c8eb3 add              x29, x25, x6        x29=10001f34 x25:10001f20  x6:00000014
21292511ns          372868 1c0091e2 01488bb3 add              x23, x17, x20       x23=10001dc4 x17:10001dc4 x20:00000000
21292531ns          372869 1c0091e6 01cc8f33 add              x30, x25, x28       x30=10001f20 x25:10001f20 x28:00000000
21292551ns          372870 1c0091ea f5c62503 lw               x10, -164(x12)      x10=bee04b90 x12:10001e7c  PA:10001dd8
21292611ns          372873 1c0091ee ffcaa583 lw               x11, -4(x21)        x11=421b0799 x21:10001dc8  PA:10001dc4
21292631ns          372874 1c0091f2 01a30333 add              x6, x6, x26          x6=10001ed0  x6:00000014 x26:10001ebc
21292651ns          372875 1c0091f4 007a0a33 add              x20, x20, x7        x20=10001dd8 x20:00000000  x7:10001dd8
21292671ns          372876 1c0091f6 01ae0e33 add              x28, x28, x26       x28=10001ebc x28:00000000 x26:10001ebc
21292690ns          372877 1c0091f8 00000293 addi             x5, x0, 0            x5=00000000
21292710ns          372878 1c0091fc 001b0b13 addi             x22, x22, 1         x22=00000001 x22:00000000
21292750ns          372880 1c0091fe 00d75463 bge              x14, x13, 8         x14:00000002 x13:00000002
21292830ns          372884 1c009206 145b40fb lp.setup         0x1, x22, 0x145     x22:00000001
21292850ns          372885 1c00920a a0581753 flt.s            x14, f16, f5        x14=00000000 f16:3f63fefc  f5:00000000
21292869ns          372886 1c00920e 01000633 add              x12, x0, x16        x12=3f63fefc x16:3f63fefc
21292909ns          372888 1c009210 00070363 beq              x14, x0, 6          x14:00000000
21292989ns          372892 1c009216 a0579753 flt.s            x14, f15, f5        x14=00000001 f15:bc39305e  f5:00000000
21293009ns          372893 1c00921a 00f008b3 add              x17, x0, x15        x17=bc39305e x15:bc39305e
21293029ns          372894 1c00921c 00070363 beq              x14, x0, 6          x14:00000001
21293068ns          372896 1c00921e 20f798d3 fsgnjn.s         f17, f15, f15       f17=xxxxxxxx f15:bc39305e f15:bc39305e
21293108ns          372898 1c009222 a0c89753 flt.s            x14, f17, f12       x14=00000001 f17:3c39305e f12:3f63fefc
21293128ns          372899 1c009226 010006b3 add              x13, x0, x16        x13=3f63fefc x16:3f63fefc
21293148ns          372900 1c009228 00071263 bne              x14, x0, 4          x14:00000001
21293247ns          372905 1c00922c 01167753 fadd.s           f14, f12, f17       f14=xxxxxxxx f12:3f63fefc f17:3c39305e
21293267ns          372906 1c009230 a05723d3 feq.s            x7, f14, f5          x7=00000000 f14:3f66e3bd  f5:00000000
21293287ns          372907 1c009234 00038463 beq              x7, x0, 8            x7:00000000
21293347ns          372910 1c00923c 1c000437 lui              x8, 0x1c000000       x8=1c000000
21293406ns          372913 1c009240 02040413 addi             x8, x8, 32           x8=1c000020  x8:1c000000
21293446ns          372915 1c009244 00042403 lw               x8, 0(x8)            x8=3f800000  x8:1c000020  PA:1c000020
21293765ns          372931 1c009246 18e473d3 fdiv.s           f7, f8, f14          f7=xxxxxxxx  f8:3f800000 f14:3f66e3bd
21294680ns          372977 1c00924a 1078f8d3 fmul.s           f17, f17, f7        f17=xxxxxxxx f17:3c39305e  f7:3f8debaf
21294699ns          372978 1c00924e 10767653 fmul.s           f12, f12, f7        f12=xxxxxxxx f12:3f63fefc  f7:3f8debaf
21294719ns          372979 1c009252 a05696d3 flt.s            x13, f13, f5        x13=00000000 f13:3f63fefc  f5:00000000
21294739ns          372980 1c009256 1118f8d3 fmul.s           f17, f17, f17       f17=xxxxxxxx f17:3c4d5444 f17:3c4d5444
21294759ns          372981 1c00925a 88c67643 fmadd.s          f12, f12, f12, f17  f12=xxxxxxxx f12:3f7ccaaf f12:3f7ccaaf f17:3924b011
21294819ns          372984 1c00925e 58067653 fsqrt.s          f12, f12            f12=xxxxxxxx f12:3f79a9f4
21295535ns          373020 1c009262 10c77753 fmul.s           f14, f14, f12       f14=xxxxxxxx f14:3f66e3bd f12:3f7ccfe5
21295555ns          373021 1c009266 00068363 beq              x13, x0, 6          x13:00000000
21295674ns          373027 1c00926c 1c0004b7 lui              x9, 0x1c000000       x9=1c000000
21295694ns          373028 1c009270 02048493 addi             x9, x9, 32           x9=1c000020  x9:1c000000
21295714ns          373029 1c009274 0004a483 lw               x9, 0(x9)            x9=3f800000  x9:1c000020  PA:1c000020
21296052ns          373046 1c009276 18e4f753 fdiv.s           f14, f9, f14        f14=xxxxxxxx  f9:3f800000 f14:3f6403af
21296330ns          373060 1c00927a 10e87653 fmul.s           f12, f16, f14       f12=xxxxxxxx f16:3f63fefc f14:3f8fb5d2
21296350ns          373061 1c00927e 10e7f7d3 fmul.s           f15, f15, f14       f15=xxxxxxxx f15:bc39305e f14:3f8fb5d2
21296370ns          373062 1c009282 000e2683 lw               x13, 0(x28)         x13=3ed93e52 x28:10001ebc  PA:10001ebc
21296390ns          373063 1c009286 00032803 lw               x16, 0(x6)          x16=3f3ad57d  x6:10001ed0  PA:10001ed0
21296410ns          373064 1c00928a 10d7f3d3 fmul.s           f7, f15, f13         f7=xxxxxxxx f15:bc4feb17 f13:3ed93e52
21296470ns          373067 1c00928e 1107f8d3 fmul.s           f17, f15, f16       f17=xxxxxxxx f15:bc4feb17 f16:3f3ad57d
21296509ns          373069 1c009292 10f57753 fmul.s           f14, f10, f15       f14=xxxxxxxx f10:bee04b90 f15:bc4feb17
21296529ns          373070 1c009296 39067847 fmsub.s          f16, f12, f16, f7   f16=xxxxxxxx f12:3f7ffaba f16:3f3ad57d  f7:bbb070e4
21296549ns          373071 1c00929a 88d676c3 fmadd.s          f13, f12, f13, f17  f13=xxxxxxxx f12:3f7ffaba f13:3ed93e52 f17:bc17be33
21296609ns          373074 1c00929e 10b7f3d3 fmul.s           f7, f15, f11         f7=xxxxxxxx f15:bc4feb17 f11:421b0799
21296649ns          373076 1c0092a2 01032023 sw               x16, 0(x6)          x16:3f3c3286  x6:10001ed0  PA:10001ed0
21296669ns          373077 1c0092a6 00de2023 sw               x13, 0(x28)         x13:3ed47be7 x28:10001ebc  PA:10001ebc
21296688ns          373078 1c0092aa 004e2803 lw               x16, 4(x28)         x16=3f20faa3 x28:10001ebc  PA:10001ec0
21296748ns          373081 1c0092ae 00432883 lw               x17, 4(x6)          x17=befcdc59  x6:10001ed0  PA:10001ed4
21296788ns          373083 1c0092b2 1107f453 fmul.s           f8, f15, f16         f8=xxxxxxxx f15:bc4feb17 f16:3f20faa3
21296808ns          373084 1c0092b6 1117f6d3 fmul.s           f13, f15, f17       f13=xxxxxxxx f15:bc4feb17 f17:befcdc59
21296828ns          373085 1c0092ba 70b67743 fmadd.s          f14, f12, f11, f14  f14=xxxxxxxx f12:3f7ffaba f11:421b0799 f14:3bb62b13
21296887ns          373088 1c0092be 411678c7 fmsub.s          f17, f12, f17, f8   f17=xxxxxxxx f12:3f7ffaba f17:befcdc59  f8:bc02be7e
21296927ns          373090 1c0092c2 69067843 fmadd.s          f16, f12, f16, f13  f16=xxxxxxxx f12:3f7ffaba f16:3f20faa3 f13:3bcd5e61
21296947ns          373091 1c0092c6 38c576c7 fmsub.s          f13, f10, f12, f7   f13=xxxxxxxx f10:bee04b90 f12:3f7ffaba  f7:befbd305
21296967ns          373092 1c0092ca 01132223 sw               x17, 4(x6)          x17:bef8c130  x6:10001ed0  PA:10001ed4
21297027ns          373095 1c0092ce 008e2583 lw               x11, 8(x28)         x11=3e778f1d x28:10001ebc  PA:10001ec4
21297066ns          373097 1c0092d2 010e2223 sw               x16, 4(x28)         x16:3f22920f x28:10001ebc  PA:10001ec0
21297086ns          373098 1c0092d6 00832803 lw               x16, 8(x6)          x16=be82fa05  x6:10001ed0  PA:10001ed8
21297106ns          373099 1c0092da 10b7f8d3 fmul.s           f17, f15, f11       f17=xxxxxxxx f15:bc4feb17 f11:3e778f1d
21297166ns          373102 1c0092de 1107f553 fmul.s           f10, f15, f16       f10=xxxxxxxx f15:bc4feb17 f16:be82fa05
21297206ns          373104 1c0092e2 a05713d3 flt.s            x7, f14, f5          x7=00000000 f14:421b0a19  f5:00000000
21297226ns          373105 1c0092e6 890678c7 fmsub.s          f17, f12, f16, f17  f17=xxxxxxxx f12:3f7ffaba f16:be82fa05 f17:bb49100f
21297245ns          373106 1c0092ea 50b67543 fmadd.s          f10, f12, f11, f10  f10=xxxxxxxx f12:3f7ffaba f11:3e778f1d f10:3b54c0e3
21297305ns          373109 1c0092ee 000aa803 lw               x16, 0(x21)         x16=c17c2d4a x21:10001dc8  PA:10001dc8
21297345ns          373111 1c0092f2 01132423 sw               x17, 8(x6)          x17:be816532  x6:10001ed0  PA:10001ed8
21297365ns          373112 1c0092f6 00ce2583 lw               x11, 12(x28)        x11=3edd9961 x28:10001ebc  PA:10001ec8
21297385ns          373113 1c0092fa 00ae2423 sw               x10, 8(x28)         x10:3e7add07 x28:10001ebc  PA:10001ec4
21297444ns          373116 1c0092fe 00c32403 lw               x8, 12(x6)           x8=3eaf4656  x6:10001ed0  PA:10001edc
21297484ns          373118 1c009302 10b7f8d3 fmul.s           f17, f15, f11       f17=xxxxxxxx f15:bc4feb17 f11:3edd9961
21297504ns          373119 1c009306 1087f553 fmul.s           f10, f15, f8        f10=xxxxxxxx f15:bc4feb17  f8:3eaf4656
21297524ns          373120 1c00930a 00da222b p.sw             x13, 4(x20!)        x20=10001ddc x13:3d5c609e x20:10001dd8  PA:10001dd8
21297584ns          373123 1c00930e 88867447 fmsub.s          f8, f12, f8, f17     f8=xxxxxxxx f12:3f7ffaba  f8:3eaf4656 f17:bbb3fa85
21297623ns          373125 1c009312 50b67543 fmadd.s          f10, f12, f11, f10  f10=xxxxxxxx f12:3f7ffaba f11:3edd9961 f10:bb8e5ad5
21297643ns          373126 1c009316 10f875d3 fmul.s           f11, f16, f15       f11=xxxxxxxx f16:c17c2d4a f15:bc4feb17
21297663ns          373127 1c00931a 00832623 sw               x8, 12(x6)           x8:3eb212a4  x6:10001ed0  PA:10001edc
21297723ns          373130 1c00931e 010e2403 lw               x8, 16(x28)          x8=3ed87b86 x28:10001ebc  PA:10001ecc
21297763ns          373132 1c009322 00ae2623 sw               x10, 12(x28)        x10:3edb5b65 x28:10001ebc  PA:10001ec8
21297782ns          373133 1c009326 01032503 lw               x10, 16(x6)         x10=be4ee5c2  x6:10001ed0  PA:10001ee0
21297802ns          373134 1c00932a 1087f4d3 fmul.s           f9, f15, f8          f9=xxxxxxxx f15:bc4feb17  f8:3ed87b86
21297862ns          373137 1c00932e 10a7f7d3 fmul.s           f15, f15, f10       f15=xxxxxxxx f15:bc4feb17 f10:be4ee5c2
21297902ns          373139 1c009332 10c878d3 fmul.s           f17, f16, f12       f17=xxxxxxxx f16:c17c2d4a f12:3f7ffaba
21297922ns          373140 1c009336 48a67547 fmsub.s          f10, f12, f10, f9   f10=xxxxxxxx f12:3f7ffaba f10:be4ee5c2  f9:bbafd2ae
21297942ns          373141 1c00933a 788677c3 fmadd.s          f15, f12, f8, f15   f15=xxxxxxxx f12:3f7ffaba  f8:3ed87b86 f15:3b2809c7
21298001ns          373144 1c00933e 00a32823 sw               x10, 16(x6)         x10:be4962ea  x6:10001ed0  PA:10001ee0
21298041ns          373146 1c009342 00fe2823 sw               x15, 16(x28)        x15:3ed9c724 x28:10001ebc  PA:10001ecc
21298061ns          373147 1c009346 00e007b3 add              x15, x0, x14        x15=421b0a19 x14:421b0a19
21298081ns          373148 1c009348 00038463 beq              x7, x0, 8            x7:00000000
21298180ns          373153 1c009350 a0559653 flt.s            x12, f11, f5        x12=00000000 f11:3e4cd033  f5:00000000
21298200ns          373154 1c009354 700616e3 bne              x12, x0, 3852       x12:00000000
21298220ns          373155 1c009358 00b00633 add              x12, x0, x11        x12=3e4cd033 x11:3e4cd033
21298240ns          373156 1c00935a a0f61553 flt.s            x10, f12, f15       x10=00000001 f12:3e4cd033 f15:421b0a19
21298260ns          373157 1c00935e 00e00833 add              x16, x0, x14        x16=421b0a19 x14:421b0a19
21298300ns          373159 1c009360 00051263 bne              x10, x0, 4          x10:00000001
21298359ns          373162 1c009364 00c7f453 fadd.s           f8, f15, f12         f8=xxxxxxxx f15:421b0a19 f12:3e4cd033
21298379ns          373163 1c009368 a05423d3 feq.s            x7, f8, f5           x7=00000000  f8:421bd6e9  f5:00000000
21298399ns          373164 1c00936c 6a0397e3 bne              x7, x0, 3758         x7:00000000
21298459ns          373167 1c009370 1c0009b7 lui              x19, 0x1c000000     x19=1c000000
21298499ns          373169 1c009374 02098993 addi             x19, x19, 32        x19=1c000020 x19:1c000000
21298518ns          373170 1c009378 0009a983 lw               x19, 0(x19)         x19=3f800000 x19:1c000020  PA:1c000020
21298837ns          373186 1c00937c 1889f3d3 fdiv.s           f7, f19, f8          f7=xxxxxxxx f19:3f800000  f8:421bd6e9
21299115ns          373200 1c009380 10767653 fmul.s           f12, f12, f7        f12=xxxxxxxx f12:3e4cd033  f7:3cd24483
21299135ns          373201 1c009384 1077f7d3 fmul.s           f15, f15, f7        f15=xxxxxxxx f15:421b0a19  f7:3cd24483
21299155ns          373202 1c009388 a0581853 flt.s            x16, f16, f5        x16=00000000 f16:421b0a19  f5:00000000
21299175ns          373203 1c00938c 10c67653 fmul.s           f12, f12, f12       f12=xxxxxxxx f12:3ba8399a f12:3ba8399a
21299215ns          373205 1c009390 60f7f7c3 fmadd.s          f15, f15, f15, f12  f15=xxxxxxxx f15:3f7eaf8d f15:3f7eaf8d f12:37dd174e
21299254ns          373207 1c009394 5807f7d3 fsqrt.s          f15, f15            f15=xxxxxxxx f15:3f7d628e
21299951ns          373242 1c009398 10f47453 fmul.s           f8, f8, f15          f8=xxxxxxxx  f8:421bd6e9 f15:3f7eb06b
21299970ns          373243 1c00939c 00080463 beq              x16, x0, 8          x16:00000000
21300030ns          373246 1c0093a4 1c0003b7 lui              x7, 0x1c000000       x7=1c000000
21300050ns          373247 1c0093a8 02038393 addi             x7, x7, 32           x7=1c000020  x7:1c000000
21300070ns          373248 1c0093ac 0003a383 lw               x7, 0(x7)            x7=3f800000  x7:1c000020  PA:1c000020
21300408ns          373265 1c0093b0 1883f7d3 fdiv.s           f15, f7, f8         f15=xxxxxxxx  f7:3f800000  f8:421b0aa0
21300706ns          373280 1c0093b4 10f77653 fmul.s           f12, f14, f15       f12=xxxxxxxx f14:421b0a19 f15:3cd35990
21300726ns          373281 1c0093b8 10f5f3d3 fmul.s           f7, f11, f15         f7=xxxxxxxx f11:3e4cd033 f15:3cd35990
21300746ns          373282 1c0093bc 10c6f853 fmul.s           f16, f13, f12       f16=xxxxxxxx f13:3d5c609e f12:3f7fff21
21300766ns          373283 1c0093c0 207395d3 fsgnjn.s         f11, f7, f7         f11=xxxxxxxx  f7:3ba91742  f7:3ba91742
21300786ns          373284 1c0093c4 000f2783 lw               x15, 0(x30)         x15=3ed488f5 x30:10001f20  PA:10001f20
21300806ns          373285 1c0093c8 000ea483 lw               x9, 0(x29)           x9=bec5d493 x29:10001f34  PA:10001f34
21300826ns          373286 1c0093cc 1077f953 fmul.s           f18, f15, f7        f18=xxxxxxxx f15:3ed488f5  f7:3ba91742
21300866ns          373288 1c0093d0 1074f553 fmul.s           f10, f9, f7         f10=xxxxxxxx  f9:bec5d493  f7:3ba91742
21300905ns          373290 1c0093d4 10c8f753 fmul.s           f14, f17, f12       f14=xxxxxxxx f17:c17c2818 f12:3f7fff21
21300925ns          373291 1c0093d8 90c4f4c7 fmsub.s          f9, f9, f12, f18     f9=xxxxxxxx  f9:bec5d493 f12:3f7fff21 f18:3b0c61b9
21300945ns          373292 1c0093dc 50c7f543 fmadd.s          f10, f15, f12, f10  f10=xxxxxxxx f15:3ed488f5 f12:3f7fff21 f10:bb02ab4e
21301005ns          373295 1c0093e0 70b6f5c3 fmadd.s          f11, f13, f11, f14  f11=xxxxxxxx f13:3d5c609e f11:bba91742 f14:c17c273c
21301045ns          373297 1c0093e4 009ea023 sw               x9, 0(x29)           x9:bec6ecaa x29:10001f34  PA:10001f34
21301064ns          373298 1c0093e8 00af2023 sw               x10, 0(x30)         x10:3ed382e5 x30:10001f20  PA:10001f20
21301084ns          373299 1c0093ec 004f2503 lw               x10, 4(x30)         x10=3f06c3cc x30:10001f20  PA:10001f24
21301144ns          373302 1c0093f0 004ea483 lw               x9, 4(x29)           x9=3f2ca062 x29:10001f34  PA:10001f38
21301184ns          373304 1c0093f4 10a3f9d3 fmul.s           f19, f7, f10        f19=xxxxxxxx  f7:3ba91742 f10:3f06c3cc
21301204ns          373305 1c0093f8 1093f953 fmul.s           f18, f7, f9         f18=xxxxxxxx  f7:3ba91742  f9:3f2ca062
21301224ns          373306 1c0093fc 008ba22b p.sw             x8, 4(x23!)         x23=10001dc8  x8:421b0aa0 x23:10001dc4  PA:10001dc4
21301283ns          373309 1c009400 989674c7 fmsub.s          f9, f12, f9, f19     f9=xxxxxxxx f12:3f7fff21  f9:3f2ca062 f19:3b320700
21301323ns          373311 1c009404 90a67743 fmadd.s          f14, f12, f10, f18  f14=xxxxxxxx f12:3f7fff21 f10:3f06c3cc f18:3b640b1f
21301343ns          373312 1c009408 8078f843 fmadd.s          f16, f17, f7, f16   f16=xxxxxxxx f17:c17c2818  f7:3ba91742 f16:3d5c5fde
21301363ns          373313 1c00940c 009ea223 sw               x9, 4(x29)           x9:3f2bedc5 x29:10001f34  PA:10001f38
21301422ns          373316 1c009410 00ef2223 sw               x14, 4(x30)         x14:3f07a762 x30:10001f20  PA:10001f24
21301462ns          373318 1c009414 008f2703 lw               x14, 8(x30)         x14=3e712bcf x30:10001f20  PA:10001f28
21301482ns          373319 1c009418 008ea483 lw               x9, 8(x29)           x9=3ebd63df x29:10001f34  PA:10001f3c
21301502ns          373320 1c00941c 10e3f953 fmul.s           f18, f7, f14        f18=xxxxxxxx  f7:3ba91742 f14:3e712bcf
21301562ns          373323 1c009420 1093f6d3 fmul.s           f13, f7, f9         f13=xxxxxxxx  f7:3ba91742  f9:3ebd63df
21301601ns          373325 1c009424 000a2783 lw               x15, 0(x20)         x15=c0c29f3c x20:10001ddc  PA:10001ddc
21301621ns          373326 1c009428 909674c7 fmsub.s          f9, f12, f9, f18     f9=xxxxxxxx f12:3f7fff21  f9:3ebd63df f18:3a9f4bd5
21301641ns          373327 1c00942c 68e676c3 fmadd.s          f13, f12, f14, f13  f13=xxxxxxxx f12:3f7fff21 f14:3e712bcf f13:3afa3046
21301701ns          373330 1c009430 10c7f553 fmul.s           f10, f15, f12       f10=xxxxxxxx f15:c0c29f3c f12:3f7fff21
21301741ns          373332 1c009434 009ea423 sw               x9, 8(x29)           x9:3ebcc3ee x29:10001f34  PA:10001f3c
21301761ns          373333 1c009438 00cf2703 lw               x14, 12(x30)        x14=3ef58157 x30:10001f20  PA:10001f2c
21301781ns          373334 1c00943c 00df2423 sw               x13, 8(x30)         x13:3e731f5d x30:10001f20  PA:10001f28
21301840ns          373337 1c009440 00cea683 lw               x13, 12(x29)        x13=bf00c206 x29:10001f34  PA:10001f40
21301880ns          373339 1c009444 10e3f4d3 fmul.s           f9, f7, f14          f9=xxxxxxxx  f7:3ba91742 f14:3ef58157
21301900ns          373340 1c009448 10d3f453 fmul.s           f8, f7, f13          f8=xxxxxxxx  f7:3ba91742 f13:bf00c206
21301920ns          373341 1c00944c 00baa22b p.sw             x11, 4(x21!)        x21=10001dcc x11:c17c285f x21:10001dc8  PA:10001dc8
21301979ns          373344 1c009450 48d676c7 fmsub.s          f13, f12, f13, f9   f13=xxxxxxxx f12:3f7fff21 f13:bf00c206  f9:3b2228b0
21302019ns          373346 1c009454 40e67743 fmadd.s          f14, f12, f14, f8   f14=xxxxxxxx f12:3f7fff21 f14:3ef58157  f8:bb2a1791
21302039ns          373347 1c009458 00aa2023 sw               x10, 0(x20)         x10:c0c29e92 x20:10001ddc  PA:10001ddc
21302059ns          373348 1c00945c 00dea623 sw               x13, 12(x29)        x13:bf0163bf x29:10001f34  PA:10001f40
21302119ns          373351 1c009460 010f2883 lw               x17, 16(x30)        x17=3f03d397 x30:10001f20  PA:10001f30
21302158ns          373353 1c009464 00ef2623 sw               x14, 12(x30)        x14:3ef42c52 x30:10001f20  PA:10001f2c
21302178ns          373354 1c009468 010ea683 lw               x13, 16(x29)        x13=bda1374a x29:10001f34  PA:10001f44
21302198ns          373355 1c00946c 1113f453 fmul.s           f8, f7, f17          f8=xxxxxxxx  f7:3ba91742 f17:3f03d397
21302258ns          373358 1c009470 10d3f753 fmul.s           f14, f7, f13        f14=xxxxxxxx  f7:3ba91742 f13:bda1374a
21302298ns          373360 1c009474 1077f7d3 fmul.s           f15, f15, f7        f15=xxxxxxxx f15:c0c29f3c  f7:3ba91742
21302318ns          373361 1c009478 40d676c7 fmsub.s          f13, f12, f13, f8   f13=xxxxxxxx f12:3f7fff21 f13:bda1374a  f8:3b2e2551
21302337ns          373362 1c00947c 71167743 fmadd.s          f14, f12, f17, f14  f14=xxxxxxxx f12:3f7fff21 f17:3f03d397 f14:b9d4f84b
21302397ns          373365 1c009480 001f8f93 addi             x31, x31, 1         x31=00000002 x31:00000001
21302437ns          373367 1c009482 00dea823 sw               x13, 16(x29)        x13:bda6a7e8 x29:10001f34  PA:10001f44
21302457ns          373368 1c009486 00ef2823 sw               x14, 16(x30)        x14:3f03b885 x30:10001f20  PA:10001f30
21302477ns          373369 1c00948a 014e8e93 addi             x29, x29, 20        x29=10001f48 x29:10001f34
21302497ns          373370 1c00948c 01430313 addi             x6, x6, 20           x6=10001ee4  x6:10001ed0
21302516ns          373371 1c00948e 014f0f13 addi             x30, x30, 20        x30=10001f34 x30:10001f20
21302536ns          373372 1c009490 014e0e13 addi             x28, x28, 20        x28=10001ed0 x28:10001ebc
21302576ns          373374 1c009492 2dfc4f63 blt              x24, x31, 734       x24:00000004 x31:00000002
21302596ns          373375 1c009496 002f9713 slli             x14, x31, 0x2       x14=00000008 x31:00000002
21302616ns          373376 1c00949a ffc70b13 addi             x22, x14, -4        x22=00000004 x14:00000008
21302676ns          373379 1c00949e 002c1913 slli             x18, x24, 0x2       x18=00000010 x24:00000004
21302715ns          373381 1c0094a2 01f70633 add              x12, x14, x31       x12=0000000a x14:00000008 x31:00000002
21302735ns          373382 1c0094a6 41690933 sub              x18, x18, x22       x18=0000000c x18:00000010 x22:00000004
21302755ns          373383 1c0094aa 02c10513 addi             x10, x2, 44         x10=10001dc4  x2:10001d98
21302775ns          373384 1c0094ac 04010593 addi             x11, x2, 64         x11=10001dd8  x2:10001d98
21302795ns          373385 1c0094ae 00261613 slli             x12, x12, 0x2       x12=00000028 x12:0000000a
21302815ns          373386 1c0094b0 00e50ab3 add              x21, x10, x14       x21=10001dcc x10:10001dc4 x14:00000008
21302855ns          373388 1c0094b4 00e58a33 add              x20, x11, x14       x20=10001de0 x11:10001dd8 x14:00000008
21302874ns          373389 1c0094b8 ffc90913 addi             x18, x18, -4        x18=00000008 x18:0000000c
21302894ns          373390 1c0094ba ff870713 addi             x14, x14, -8        x14=00000000 x14:00000008
21302914ns          373391 1c0094bc 04010693 addi             x13, x2, 64         x13=10001dd8  x2:10001d98
21302954ns          373393 1c0094be fec60e13 addi             x28, x12, -20       x28=00000014 x12:00000028
21302994ns          373395 1c0094c2 00295913 srli             x18, x18, 0x2       x18=00000002 x18:00000008
21303014ns          373396 1c0094c6 00e689b3 add              x19, x13, x14       x19=10001dd8 x13:10001dd8 x14:00000000
21303034ns          373397 1c0094ca ffcaa583 lw               x11, -4(x21)        x11=c17c285f x21:10001dcc  PA:10001dc8
21303054ns          373398 1c0094ce 02c10713 addi             x14, x2, 44         x14=10001dc4  x2:10001d98
21303093ns          373400 1c0094d0 ffca2503 lw               x10, -4(x20)        x10=c0c29e92 x20:10001de0  PA:10001ddc
21303133ns          373402 1c0094d4 00cc8f33 add              x30, x25, x12       x30=10001f48 x25:10001f20 x12:00000028
21303153ns          373403 1c0094d8 01cc8eb3 add              x29, x25, x28       x29=10001f34 x25:10001f20 x28:00000014
21303173ns          373404 1c0094dc 01a60633 add              x12, x12, x26       x12=10001ee4 x12:00000028 x26:10001ebc
21303193ns          373405 1c0094de 01ae0e33 add              x28, x28, x26       x28=10001ed0 x28:00000014 x26:10001ebc
21303233ns          373407 1c0094e0 00eb0b33 add              x22, x22, x14       x22=10001dc8 x22:00000004 x14:10001dc4
21303272ns          373409 1c0094e2 00000f93 addi             x31, x0, 0          x31=00000000
21303292ns          373410 1c0094e6 00190913 addi             x18, x18, 1         x18=00000003 x18:00000002
21303312ns          373411 1c0094e8 142940fb lp.setup         0x1, x18, 0x142     x18:00000003
21303332ns          373412 1c0094ec a1f81753 flt.s            x14, f16, f31       x14=00000001 f16:bce175c6 f31:00000000
21303372ns          373414 1c0094f0 010002b3 add              x5, x0, x16          x5=bce175c6 x16:bce175c6
21303392ns          373415 1c0094f2 00070363 beq              x14, x0, 6          x14:00000001
21303412ns          373416 1c0094f4 210812d3 fsgnjn.s         f5, f16, f16         f5=xxxxxxxx f16:bce175c6 f16:bce175c6
21303431ns          373417 1c0094f8 a1f79753 flt.s            x14, f15, f31       x14=00000001 f15:bd008ccd f31:00000000
21303451ns          373418 1c0094fc 00f006b3 add              x13, x0, x15        x13=bd008ccd x15:bd008ccd
21303471ns          373419 1c0094fe 00070363 beq              x14, x0, 6          x14:00000001
21303511ns          373421 1c009500 20f796d3 fsgnjn.s         f13, f15, f15       f13=xxxxxxxx f15:bd008ccd f15:bd008ccd
21303551ns          373423 1c009504 a0569753 flt.s            x14, f13, f5        x14=00000000 f13:3d008ccd  f5:3ce175c6
21303571ns          373424 1c009508 01000333 add              x6, x0, x16          x6=bce175c6 x16:bce175c6
21303591ns          373425 1c00950a 00071263 bne              x14, x0, 4          x14:00000000
21303610ns          373426 1c00950c 00f00333 add              x6, x0, x15          x6=bd008ccd x15:bd008ccd
21303650ns          373428 1c00950e 0056f753 fadd.s           f14, f13, f5        f14=xxxxxxxx f13:3d008ccd  f5:3ce175c6
21303690ns          373430 1c009512 a1f728d3 feq.s            x17, f14, f31       x17=00000000 f14:3d7147b0 f31:00000000
21303710ns          373431 1c009516 52089be3 bne              x17, x0, 3382       x17:00000000
21303730ns          373432 1c00951a 1c0003b7 lui              x7, 0x1c000000       x7=1c000000
21303789ns          373435 1c00951e 02038393 addi             x7, x7, 32           x7=1c000020  x7:1c000000
21303829ns          373437 1c009522 0003a383 lw               x7, 0(x7)            x7=3f800000  x7:1c000020  PA:1c000020
21304148ns          373453 1c009526 18e3f8d3 fdiv.s           f17, f7, f14        f17=xxxxxxxx  f7:3f800000 f14:3d7147b0
21304545ns          373473 1c00952a 10d8f6d3 fmul.s           f13, f17, f13       f13=xxxxxxxx f17:4187cf1b f13:3d008ccd
21304565ns          373474 1c00952e 1058f8d3 fmul.s           f17, f17, f5        f17=xxxxxxxx f17:4187cf1b  f5:3ce175c6
21304585ns          373475 1c009532 a1f312d3 flt.s            x5, f6, f31          x5=00000001  f6:bd008ccd f31:00000000
21304605ns          373476 1c009536 10d6f6d3 fmul.s           f13, f13, f13       f13=xxxxxxxx f13:3f08647f f13:3f08647f
21304625ns          373477 1c00953a 6918f6c3 fmadd.s          f13, f17, f17, f13  f13=xxxxxxxx f17:3eef3703 f17:3eef3703 f13:3e9155dd
21304685ns          373480 1c00953e 5806f353 fsqrt.s          f6, f13              f6=xxxxxxxx f13:3f008cdf
21305381ns          373515 1c009542 10e37353 fmul.s           f6, f6, f14          f6=xxxxxxxx  f6:3f356874 f14:3d7147b0
21305401ns          373516 1c009546 00028463 beq              x5, x0, 8            x5:00000001
21305421ns          373517 1c00954a 20631353 fsgnjn.s         f6, f6, f6           f6=xxxxxxxx  f6:3d2afa22  f6:3d2afa22
21305480ns          373520 1c00954e 1c000437 lui              x8, 0x1c000000       x8=1c000000
21305520ns          373522 1c009552 02040413 addi             x8, x8, 32           x8=1c000020  x8:1c000000
21305540ns          373523 1c009556 00042403 lw               x8, 0(x8)            x8=3f800000  x8:1c000020  PA:1c000020
21305858ns          373539 1c009558 18647753 fdiv.s           f14, f8, f6         f14=xxxxxxxx  f8:3f800000  f6:bd2afa22
21306316ns          373562 1c00955c 10e876d3 fmul.s           f13, f16, f14       f13=xxxxxxxx f16:bce175c6 f14:c1bfa6c3
21306335ns          373563 1c009560 10e7f7d3 fmul.s           f15, f15, f14       f15=xxxxxxxx f15:bd008ccd f14:c1bfa6c3
21306355ns          373564 1c009564 000e2703 lw               x14, 0(x28)         x14=3f3c3286 x28:10001ed0  PA:10001ed0
21306375ns          373565 1c009568 00062803 lw               x16, 0(x12)         x16=be80b2ae x12:10001ee4  PA:10001ee4
21306395ns          373566 1c00956c 10e7f3d3 fmul.s           f7, f15, f14         f7=xxxxxxxx f15:3f407994 f14:3f3c3286
21306435ns          373568 1c009570 1107f2d3 fmul.s           f5, f15, f16         f5=xxxxxxxx f15:3f407994 f16:be80b2ae
21306475ns          373570 1c009574 10f578d3 fmul.s           f17, f10, f15       f17=xxxxxxxx f10:c0c29e92 f15:3f407994
21306495ns          373571 1c009578 3906f847 fmsub.s          f16, f13, f16, f7   f16=xxxxxxxx f13:3f28c9bd f16:be80b2ae  f7:3f0d7f45
21306514ns          373572 1c00957c 28e6f743 fmadd.s          f14, f13, f14, f5   f14=xxxxxxxx f13:3f28c9bd f14:3f3c3286  f5:be418643
21306574ns          373575 1c009580 88d5f8c3 fmadd.s          f17, f11, f13, f17  f17=xxxxxxxx f11:c17c285f f13:3f28c9bd f17:c092535b
21306614ns          373577 1c009584 01062023 sw               x16, 0(x12)         x16:bf37ec9c x12:10001ee4  PA:10001ee4
21306634ns          373578 1c009588 00ee2023 sw               x14, 0(x28)         x14:3e9767cc x28:10001ed0  PA:10001ed0
21306654ns          373579 1c00958c 004e2703 lw               x14, 4(x28)         x14=bef8c130 x28:10001ed0  PA:10001ed4
21306713ns          373582 1c009590 00462803 lw               x16, 4(x12)         x16=3ec2d4ad x12:10001ee4  PA:10001ee8
21306753ns          373584 1c009594 10e7f453 fmul.s           f8, f15, f14         f8=xxxxxxxx f15:3f407994 f14:bef8c130
21306773ns          373585 1c009598 10f873d3 fmul.s           f7, f16, f15         f7=xxxxxxxx f16:3ec2d4ad f15:3f407994
21306793ns          373586 1c00959c 10f5f2d3 fmul.s           f5, f11, f15         f5=xxxxxxxx f11:c17c285f f15:3f407994
21306853ns          373589 1c0095a0 40d87847 fmsub.s          f16, f16, f13, f8   f16=xxxxxxxx f16:3ec2d4ad f13:3f28c9bd  f8:bebb0707
21306892ns          373591 1c0095a4 38e6f743 fmadd.s          f14, f13, f14, f7   f14=xxxxxxxx f13:3f28c9bd f14:bef8c130  f7:3e927c09
21306912ns          373592 1c0095a8 0069a22b p.sw             x6, 4(x19!)         x19=10001ddc  x6:bd2afa22 x19:10001dd8  PA:10001dd8
21306932ns          373593 1c0095ac 01062223 sw               x16, 4(x12)         x16:3f1dbe11 x12:10001ee4  PA:10001ee8
21306992ns          373596 1c0095b0 00ee2223 sw               x14, 4(x28)         x14:bd0c362f x28:10001ed0  PA:10001ed4
21307032ns          373598 1c0095b4 008e2703 lw               x14, 8(x28)         x14=be816532 x28:10001ed0  PA:10001ed8
21307052ns          373599 1c0095b8 00862803 lw               x16, 8(x12)         x16=bf46b394 x12:10001ee4  PA:10001eec
21307071ns          373600 1c0095bc 10f773d3 fmul.s           f7, f14, f15         f7=xxxxxxxx f14:be816532 f15:3f407994
21307131ns          373603 1c0095c0 10f875d3 fmul.s           f11, f16, f15       f11=xxxxxxxx f16:bf46b394 f15:3f407994
21307171ns          373605 1c0095c4 28d57547 fmsub.s          f10, f10, f13, f5   f10=xxxxxxxx f10:c0c29e92 f13:3f28c9bd  f5:c13d9608
21307191ns          373606 1c0095c8 38d873c7 fmsub.s          f7, f16, f13, f7     f7=xxxxxxxx f16:bf46b394 f13:3f28c9bd  f7:be4292b2
21307211ns          373607 1c0095cc 58d775c3 fmadd.s          f11, f14, f13, f11  f11=xxxxxxxx f14:be816532 f13:3f28c9bd f11:bf15650d
21307270ns          373610 1c0095d0 a1f892d3 flt.s            x5, f17, f31         x5=00000001 f17:c16f6ae2 f31:00000000
21307310ns          373612 1c0095d4 00762423 sw               x7, 8(x12)           x7:bea4bb85 x12:10001ee4  PA:10001eec
21307330ns          373613 1c0095d8 00ce2703 lw               x14, 12(x28)        x14=3eb212a4 x28:10001ed0  PA:10001edc
21307350ns          373614 1c0095dc 00be2423 sw               x11, 8(x28)         x11:bf400d3d x28:10001ed0  PA:10001ed8
21307410ns          373617 1c0095e0 00c62383 lw               x7, 12(x12)          x7=3eb9a425 x12:10001ee4  PA:10001ef0
21307449ns          373619 1c0095e4 10f77453 fmul.s           f8, f14, f15         f8=xxxxxxxx f14:3eb212a4 f15:3f407994
21307469ns          373620 1c0095e8 10f3f5d3 fmul.s           f11, f7, f15        f11=xxxxxxxx  f7:3eb9a425 f15:3f407994
21307489ns          373621 1c0095ec 000aa803 lw               x16, 0(x21)         x16=c10a1b27 x21:10001dcc  PA:10001dcc
21307549ns          373624 1c0095f0 40d3f3c7 fmsub.s          f7, f7, f13, f8      f7=xxxxxxxx  f7:3eb9a425 f13:3f28c9bd  f8:3e85e28d
21307589ns          373626 1c0095f4 58d775c3 fmadd.s          f11, f14, f13, f11  f11=xxxxxxxx f14:3eb212a4 f13:3f28c9bd f11:3e8b9346
21307608ns          373627 1c0095f8 00a9a023 sw               x10, 0(x19)         x10:40fadaa2 x19:10001ddc  PA:10001ddc
21307628ns          373628 1c0095fc 00762623 sw               x7, 12(x12)          x7:bcb7c89d x12:10001ee4  PA:10001ef0
21307688ns          373631 1c009600 010e2703 lw               x14, 16(x28)        x14=be4962ea x28:10001ed0  PA:10001ee0
21307728ns          373633 1c009604 00be2623 sw               x11, 12(x28)        x11:3f007deb x28:10001ed0  PA:10001edc
21307748ns          373634 1c009608 01062583 lw               x11, 16(x12)        x11=be76d1f5 x12:10001ee4  PA:10001ef4
21307768ns          373635 1c00960a 10f773d3 fmul.s           f7, f14, f15         f7=xxxxxxxx f14:be4962ea f15:3f407994
21307827ns          373638 1c00960e 10f5f353 fmul.s           f6, f11, f15         f6=xxxxxxxx f11:be76d1f5 f15:3f407994
21307867ns          373640 1c009612 1107f7d3 fmul.s           f15, f15, f16       f15=xxxxxxxx f15:3f407994 f16:c10a1b27
21307887ns          373641 1c009616 38d5f5c7 fmsub.s          f11, f11, f13, f7   f11=xxxxxxxx f11:be76d1f5 f13:3f28c9bd  f7:be1769d4
21307907ns          373642 1c00961a 30d77743 fmadd.s          f14, f14, f13, f6   f14=xxxxxxxx f14:be4962ea f13:3f28c9bd  f6:be3992b0
21307967ns          373645 1c00961e 1106f6d3 fmul.s           f13, f13, f16       f13=xxxxxxxx f13:3f28c9bd f16:c10a1b27
21307986ns          373646 1c009622 00b62823 sw               x11, 16(x12)        x11:bc35275e x12:10001ee4  PA:10001ef4
21308006ns          373647 1c009624 00ee2823 sw               x14, 16(x28)        x14:be9f2d26 x28:10001ed0  PA:10001ee0
21308026ns          373648 1c009628 01100333 add              x6, x0, x17          x6=c16f6ae2 x17:c16f6ae2
21308046ns          373649 1c00962a 00028463 beq              x5, x0, 8            x5:00000001
21308106ns          373652 1c00962e 21189353 fsgnjn.s         f6, f17, f17         f6=xxxxxxxx f17:c16f6ae2 f17:c16f6ae2
21308146ns          373654 1c009632 a1f79753 flt.s            x14, f15, f31       x14=00000001 f15:c0cfabe8 f31:00000000
21308165ns          373655 1c009636 420719e3 bne              x14, x0, 3122       x14:00000001
21308325ns          373663 1c00a268 20f79753 fsgnjn.s         f14, f15, f15       f14=xxxxxxxx f15:c0cfabe8 f15:c0cfabe8
21308364ns          373665 1c00a26c bd0ff06f jal              x0, -3120          
21308842ns          373689 1c00963c a0671853 flt.s            x16, f14, f6        x16=00000001 f14:40cfabe8  f6:416f6ae2
21308862ns          373690 1c009640 011003b3 add              x7, x0, x17          x7=c16f6ae2 x17:c16f6ae2
21308881ns          373691 1c009642 00081363 bne              x16, x0, 6          x16:00000001
21308941ns          373694 1c009648 006772d3 fadd.s           f5, f14, f6          f5=xxxxxxxx f14:40cfabe8  f6:416f6ae2
21308961ns          373695 1c00964c a1f2a5d3 feq.s            x11, f5, f31        x11=00000000  f5:41aba06b f31:00000000
21309021ns          373698 1c009650 3a0593e3 bne              x11, x0, 2982       x11:00000000
21309061ns          373700 1c009654 1c000437 lui              x8, 0x1c000000       x8=1c000000
21309080ns          373701 1c009658 02040413 addi             x8, x8, 32           x8=1c000020  x8:1c000000
21309100ns          373702 1c00965c 00042403 lw               x8, 0(x8)            x8=3f800000  x8:1c000020  PA:1c000020
21309438ns          373719 1c00965e 185475d3 fdiv.s           f11, f8, f5         f11=xxxxxxxx  f8:3f800000  f5:41aba06b
21309717ns          373733 1c009662 10e5f753 fmul.s           f14, f11, f14       f14=xxxxxxxx f11:3d3eed14 f14:40cfabe8
21309737ns          373734 1c009666 a1f393d3 flt.s            x7, f7, f31          x7=00000001  f7:c16f6ae2 f31:00000000
21309757ns          373735 1c00966a 1065f5d3 fmul.s           f11, f11, f6        f11=xxxxxxxx f11:3d3eed14  f6:416f6ae2
21309777ns          373736 1c00966e 10e77753 fmul.s           f14, f14, f14       f14=xxxxxxxx f14:3e9ae1e9 f14:3e9ae1e9
21309796ns          373737 1c009672 70b5f743 fmadd.s          f14, f11, f11, f14  f14=xxxxxxxx f11:3f328f0c f11:3f328f0c f14:3dbb6927
21309816ns          373738 1c009676 58077353 fsqrt.s          f6, f14              f6=xxxxxxxx f14:3f13f861
21310274ns          373761 1c00967a 10537353 fmul.s           f6, f6, f5           f6=xxxxxxxx  f6:3f42a0fa  f5:41aba06b
21310294ns          373762 1c00967e 00038463 beq              x7, x0, 8            x7:00000001
21310314ns          373763 1c009682 20631353 fsgnjn.s         f6, f6, f6           f6=xxxxxxxx  f6:41827b7d  f6:41827b7d
21310334ns          373764 1c009686 1c0004b7 lui              x9, 0x1c000000       x9=1c000000
21310353ns          373765 1c00968a 02048493 addi             x9, x9, 32           x9=1c000020  x9:1c000000
21310373ns          373766 1c00968e 0004a483 lw               x9, 0(x9)            x9=3f800000  x9:1c000020  PA:1c000020
21310731ns          373784 1c009690 1864f753 fdiv.s           f14, f9, f6         f14=xxxxxxxx  f9:3f800000  f6:c1827b7d
21311010ns          373798 1c009694 111778d3 fmul.s           f17, f14, f17       f17=xxxxxxxx f14:bd7b2134 f17:c16f6ae2
21311030ns          373799 1c009698 10f77753 fmul.s           f14, f14, f15       f14=xxxxxxxx f14:bd7b2134 f15:c0cfabe8
21311050ns          373800 1c00969c 10a8f853 fmul.s           f16, f17, f10       f16=xxxxxxxx f17:3f6adcd9 f10:40fadaa2
21311069ns          373801 1c0096a0 20e71bd3 fsgnjn.s         f23, f14, f14       f23=xxxxxxxx f14:3ecbb87c f14:3ecbb87c
21311089ns          373802 1c0096a4 000ea783 lw               x15, 0(x29)         x15=bec6ecaa x29:10001f34  PA:10001f34
21311109ns          373803 1c0096a8 000f2383 lw               x7, 0(x30)           x7=3f067613 x30:10001f48  PA:10001f48
21311129ns          373804 1c0096ac 10e7f453 fmul.s           f8, f15, f14         f8=xxxxxxxx f15:bec6ecaa f14:3ecbb87c
21311169ns          373806 1c0096b0 10e3f2d3 fmul.s           f5, f7, f14          f5=xxxxxxxx  f7:3f067613 f14:3ecbb87c
21311209ns          373808 1c0096b4 006b222b p.sw             x6, 4(x22!)         x22=10001dcc  x6:c1827b7d x22:10001dc8  PA:10001dc8
21311229ns          373809 1c0096b8 4113f3c7 fmsub.s          f7, f7, f17, f8      f7=xxxxxxxx  f7:3f067613 f17:3f6adcd9  f8:be1e4d05
21311248ns          373810 1c0096bc 2917f2c3 fmadd.s          f5, f15, f17, f5     f5=xxxxxxxx f15:bec6ecaa f17:3f6adcd9  f5:3e56010e
21311308ns          373813 1c0096c0 10d8f5d3 fmul.s           f11, f17, f13       f11=xxxxxxxx f17:3f6adcd9 f13:c0b61d4e
21311348ns          373815 1c0096c4 007f2023 sw               x7, 0(x30)           x7:3f22ef2e x30:10001f48  PA:10001f48
21311368ns          373816 1c0096c8 005ea023 sw               x5, 0(x29)           x5:be16fed1 x29:10001f34  PA:10001f34
21311388ns          373817 1c0096cc 004ea283 lw               x5, 4(x29)           x5=3f2bedc5 x29:10001f34  PA:10001f38
21311447ns          373820 1c0096d0 004f2383 lw               x7, 4(x30)           x7=beb49ba1 x30:10001f48  PA:10001f4c
21311487ns          373822 1c0096d4 10e2f4d3 fmul.s           f9, f5, f14          f9=xxxxxxxx  f5:3f2bedc5 f14:3ecbb87c
21311507ns          373823 1c0096d8 10e3f453 fmul.s           f8, f7, f14          f8=xxxxxxxx  f7:beb49ba1 f14:3ecbb87c
21311527ns          373824 1c0096dc 80d77843 fmadd.s          f16, f14, f13, f16  f16=xxxxxxxx f14:3ecbb87c f13:c0b61d4e f16:40e62441
21311587ns          373827 1c0096e0 4913f3c7 fmsub.s          f7, f7, f17, f9      f7=xxxxxxxx  f7:beb49ba1 f17:3f6adcd9  f9:3e88d171
21311626ns          373829 1c0096e4 4112f2c3 fmadd.s          f5, f5, f17, f8      f5=xxxxxxxx  f5:3f2bedc5 f17:3f6adcd9  f8:be0fb990
21311646ns          373830 1c0096e8 000a2783 lw               x15, 0(x20)         x15=404fa75a x20:10001de0  PA:10001de0
21311666ns          373831 1c0096ec 007f2223 sw               x7, 4(x30)           x7:bf1741c1 x30:10001f48  PA:10001f4c
21311726ns          373834 1c0096f0 005ea223 sw               x5, 4(x29)           x5:3ef39a88 x29:10001f34  PA:10001f38
21311766ns          373836 1c0096f4 008ea283 lw               x5, 8(x29)           x5=3ebcc3ee x29:10001f34  PA:10001f3c
21311786ns          373837 1c0096f8 008f2383 lw               x7, 8(x30)           x7=3f2d69bd x30:10001f48  PA:10001f50
21311805ns          373838 1c0096fc 10e2f4d3 fmul.s           f9, f5, f14          f9=xxxxxxxx  f5:3ebcc3ee f14:3ecbb87c
21311865ns          373841 1c009700 10e3f453 fmul.s           f8, f7, f14          f8=xxxxxxxx  f7:3f2d69bd f14:3ecbb87c
21311905ns          373843 1c009704 58abf5c3 fmadd.s          f11, f23, f10, f11  f11=xxxxxxxx f23:becbb87c f10:40fadaa2 f11:c0a713e5
21311925ns          373844 1c009708 4913f3c7 fmsub.s          f7, f7, f17, f9      f7=xxxxxxxx  f7:3f2d69bd f17:3f6adcd9  f9:3e163766
21311945ns          373845 1c00970c 4112f2c3 fmadd.s          f5, f5, f17, f8      f5=xxxxxxxx  f5:3ebcc3ee f17:3f6adcd9  f8:3e89ffd1
21312004ns          373848 1c009710 1117f553 fmul.s           f10, f15, f17       f10=xxxxxxxx f15:404fa75a f17:3f6adcd9
21312044ns          373850 1c009714 007f2423 sw               x7, 8(x30)           x7:3ef314ce x30:10001f48  PA:10001f50
21312064ns          373851 1c009718 00cea303 lw               x6, 12(x29)          x6=bf0163bf x29:10001f34  PA:10001f40
21312084ns          373852 1c00971c 005ea423 sw               x5, 8(x29)           x5:3f1b96e0 x29:10001f34  PA:10001f3c
21312144ns          373855 1c009720 00cf2283 lw               x5, 12(x30)          x5=bebfbfb1 x30:10001f48  PA:10001f54
21312183ns          373857 1c009724 10e37453 fmul.s           f8, f6, f14          f8=xxxxxxxx  f6:bf0163bf f14:3ecbb87c
21312203ns          373858 1c009728 10e2f3d3 fmul.s           f7, f5, f14          f7=xxxxxxxx  f5:bebfbfb1 f14:3ecbb87c
21312223ns          373859 1c00972c 014f0f13 addi             x30, x30, 20        x30=10001f5c x30:10001f48
21312283ns          373862 1c00972e 4112f2c7 fmsub.s          f5, f5, f17, f8      f5=xxxxxxxx  f5:bebfbfb1 f17:3f6adcd9  f8:be4deeae
21312323ns          373864 1c009732 39137343 fmadd.s          f6, f6, f17, f7      f6=xxxxxxxx  f6:bf0163bf f17:3f6adcd9  f7:be189730
21312342ns          373865 1c009736 00baa22b p.sw             x11, 4(x21!)        x21=10001dd0 x11:c10571fc x21:10001dcc  PA:10001dcc
21312362ns          373866 1c00973a fe5f2c23 sw               x5, -8(x30)          x5:be11e698 x30:10001f5c  PA:10001f54
21312422ns          373869 1c00973e 010ea683 lw               x13, 16(x29)        x13=bda6a7e8 x29:10001f34  PA:10001f44
21312462ns          373871 1c009742 006ea623 sw               x6, 12(x29)          x6:bf1cda98 x29:10001f34  PA:10001f40
21312482ns          373872 1c009746 ffcf2303 lw               x6, -4(x30)          x6=bcc39964 x30:10001f5c  PA:10001f58
21312502ns          373873 1c00974a 10e6f3d3 fmul.s           f7, f13, f14         f7=xxxxxxxx f13:bda6a7e8 f14:3ecbb87c
21312561ns          373876 1c00974e 10e372d3 fmul.s           f5, f6, f14          f5=xxxxxxxx  f6:bcc39964 f14:3ecbb87c
21312601ns          373878 1c009752 00aa222b p.sw             x10, 4(x20!)        x20=10001de4 x10:403e821c x20:10001de0  PA:10001de0
21312621ns          373879 1c009756 39137347 fmsub.s          f6, f6, f17, f7      f6=xxxxxxxx  f6:bcc39964 f17:3f6adcd9  f7:bd049f3e
21312641ns          373880 1c00975a 2916f8c3 fmadd.s          f17, f13, f17, f5   f17=xxxxxxxx f13:bda6a7e8 f17:3f6adcd9  f5:bc1ba797
21312661ns          373881 1c00975e 01460613 addi             x12, x12, 20        x12=10001ef8 x12:10001ee4
21312701ns          373883 1c009760 fe6f2e23 sw               x6, -4(x30)          x6:3c2b9712 x30:10001f5c  PA:10001f58
21312740ns          373885 1c009764 011ea823 sw               x17, 16(x29)        x17:bdac5a32 x29:10001f34  PA:10001f44
21312760ns          373886 1c009768 014e0e13 addi             x28, x28, 20        x28=10001ee4 x28:10001ed0
21312780ns          373887 1c00976a 014e8e93 addi             x29, x29, 20        x29=10001f48 x29:10001f34
21312800ns          373888 1c00976c 10e7f7d3 fmul.s           f15, f15, f14       f15=xxxxxxxx f15:404fa75a f14:3ecbb87c
21312919ns          373894 1c0094ec a1f81753 flt.s            x14, f16, f31       x14=00000000 f16:409dae04 f31:00000000
21313019ns          373899 1c0094f0 010002b3 add              x5, x0, x16          x5=409dae04 x16:409dae04
21313039ns          373900 1c0094f2 00070363 beq              x14, x0, 6          x14:00000000
21313098ns          373903 1c0094f8 a1f79753 flt.s            x14, f15, f31       x14=00000000 f15:3fa53f59 f31:00000000
21313118ns          373904 1c0094fc 00f006b3 add              x13, x0, x15        x13=3fa53f59 x15:3fa53f59
21313138ns          373905 1c0094fe 00070363 beq              x14, x0, 6          x14:00000000
21313218ns          373909 1c009504 a0569753 flt.s            x14, f13, f5        x14=00000001 f13:3fa53f59  f5:409dae04
21313238ns          373910 1c009508 01000333 add              x6, x0, x16          x6=409dae04 x16:409dae04
21313257ns          373911 1c00950a 00071263 bne              x14, x0, 4          x14:00000001
21313377ns          373917 1c00950e 0056f753 fadd.s           f14, f13, f5        f14=xxxxxxxx f13:3fa53f59  f5:409dae04
21313397ns          373918 1c009512 a1f728d3 feq.s            x17, f14, f31       x17=00000000 f14:40c6fdda f31:00000000
21313417ns          373919 1c009516 52089be3 bne              x17, x0, 3382       x17:00000000
21313436ns          373920 1c00951a 1c0003b7 lui              x7, 0x1c000000       x7=1c000000
21313496ns          373923 1c00951e 02038393 addi             x7, x7, 32           x7=1c000020  x7:1c000000
21313536ns          373925 1c009522 0003a383 lw               x7, 0(x7)            x7=3f800000  x7:1c000020  PA:1c000020
21313854ns          373941 1c009526 18e3f8d3 fdiv.s           f17, f7, f14        f17=xxxxxxxx  f7:3f800000 f14:40c6fdda
21314133ns          373955 1c00952a 10d8f6d3 fmul.s           f13, f17, f13       f13=xxxxxxxx f17:3e24ab96 f13:3fa53f59
21314153ns          373956 1c00952e 1058f8d3 fmul.s           f17, f17, f5        f17=xxxxxxxx f17:3e24ab96  f5:409dae04
21314172ns          373957 1c009532 a1f312d3 flt.s            x5, f6, f31          x5=00000000  f6:409dae04 f31:00000000
21314192ns          373958 1c009536 10d6f6d3 fmul.s           f13, f13, f13       f13=xxxxxxxx f13:3e5496ae f13:3e5496ae
21314212ns          373959 1c00953a 6918f6c3 fmadd.s          f13, f17, f17, f13  f13=xxxxxxxx f17:3f4ada54 f17:3f4ada54 f13:3d3089e9
21314272ns          373962 1c00953e 5806f353 fsqrt.s          f6, f13              f6=xxxxxxxx f13:3f2bc5e5
21314690ns          373983 1c009542 10e37353 fmul.s           f6, f6, f14          f6=xxxxxxxx  f6:3f51b315 f14:40c6fdda
21314709ns          373984 1c009546 00028463 beq              x5, x0, 8            x5:00000000
21314849ns          373991 1c00954e 1c000437 lui              x8, 0x1c000000       x8=1c000000
21314869ns          373992 1c009552 02040413 addi             x8, x8, 32           x8=1c000020  x8:1c000000
21314889ns          373993 1c009556 00042403 lw               x8, 0(x8)            x8=3f800000  x8:1c000020  PA:1c000020
21315306ns          374014 1c009558 18647753 fdiv.s           f14, f8, f6         f14=xxxxxxxx  f8:3f800000  f6:40a30073
21315585ns          374028 1c00955c 10e876d3 fmul.s           f13, f16, f14       f13=xxxxxxxx f16:409dae04 f14:3e49074c
21315605ns          374029 1c009560 10e7f7d3 fmul.s           f15, f15, f14       f15=xxxxxxxx f15:3fa53f59 f14:3e49074c
21315624ns          374030 1c009564 000e2703 lw               x14, 0(x28)         x14=bf37ec9c x28:10001ee4  PA:10001ee4
21315644ns          374031 1c009568 00062803 lw               x16, 0(x12)         x16=3edbd5eb x12:10001ef8  PA:10001ef8
21315664ns          374032 1c00956c 10e7f3d3 fmul.s           f7, f15, f14         f7=xxxxxxxx f15:3e81c373 f14:bf37ec9c
21315724ns          374035 1c009570 1107f2d3 fmul.s           f5, f15, f16         f5=xxxxxxxx f15:3e81c373 f16:3edbd5eb
21315764ns          374037 1c009574 10f578d3 fmul.s           f17, f10, f15       f17=xxxxxxxx f10:403e821c f15:3e81c373
21315784ns          374038 1c009578 3906f847 fmsub.s          f16, f13, f16, f7   f16=xxxxxxxx f13:3f77a43f f16:3edbd5eb  f7:be3a754d
21315803ns          374039 1c00957c 28e6f743 fmadd.s          f14, f13, f14, f5   f14=xxxxxxxx f13:3f77a43f f14:bf37ec9c  f5:3ddedd44
21315863ns          374042 1c009580 88d5f8c3 fmadd.s          f17, f11, f13, f17  f17=xxxxxxxx f11:c10571fc f13:3f77a43f f17:3f412206
21315903ns          374044 1c009584 01062023 sw               x16, 0(x12)         x16:3f18f18c x12:10001ef8  PA:10001ef8
21315923ns          374045 1c009588 00ee2023 sw               x14, 0(x28)         x14:bf160fa3 x28:10001ee4  PA:10001ee4
21315943ns          374046 1c00958c 004e2703 lw               x14, 4(x28)         x14=3f1dbe11 x28:10001ee4  PA:10001ee8
21316002ns          374049 1c009590 00462803 lw               x16, 4(x12)         x16=3e8690ae x12:10001ef8  PA:10001efc
21316042ns          374051 1c009594 10e7f453 fmul.s           f8, f15, f14         f8=xxxxxxxx f15:3e81c373 f14:3f1dbe11
21316062ns          374052 1c009598 10f873d3 fmul.s           f7, f16, f15         f7=xxxxxxxx f16:3e8690ae f15:3e81c373
21316082ns          374053 1c00959c 10f5f2d3 fmul.s           f5, f11, f15         f5=xxxxxxxx f11:c10571fc f15:3e81c373
21316142ns          374056 1c0095a0 40d87847 fmsub.s          f16, f16, f13, f8   f16=xxxxxxxx f16:3e8690ae f13:3f77a43f  f8:3e1fea6a
21316181ns          374058 1c0095a4 38e6f743 fmadd.s          f14, f13, f14, f7   f14=xxxxxxxx f13:3f77a43f f14:3f1dbe11  f7:3d886b49
21316201ns          374059 1c0095a8 0069a22b p.sw             x6, 4(x19!)         x19=10001de0  x6:40a30073 x19:10001ddc  PA:10001ddc
21316221ns          374060 1c0095ac 01062223 sw               x16, 4(x12)         x16:3dc8dae3 x12:10001ef8  PA:10001efc
21316659ns          374082 1c0095b0 00ee2223 sw               x14, 4(x28)         x14:3f29a500 x28:10001ee4  PA:10001ee8
21316699ns          374084 1c0095b4 008e2703 lw               x14, 8(x28)         x14=bea4bb85 x28:10001ee4  PA:10001eec
21316718ns          374085 1c0095b8 00862803 lw               x16, 8(x12)         x16=bed1bbd6 x12:10001ef8  PA:10001f00
21316738ns          374086 1c0095bc 10f773d3 fmul.s           f7, f14, f15         f7=xxxxxxxx f14:bea4bb85 f15:3e81c373
21316798ns          374089 1c0095c0 10f875d3 fmul.s           f11, f16, f15       f11=xxxxxxxx f16:bed1bbd6 f15:3e81c373
21316838ns          374091 1c0095c4 28d57547 fmsub.s          f10, f10, f13, f5   f10=xxxxxxxx f10:403e821c f13:3f77a43f  f5:c00748a4
21316858ns          374092 1c0095c8 38d873c7 fmsub.s          f7, f16, f13, f7     f7=xxxxxxxx f16:bed1bbd6 f13:3f77a43f  f7:bda70086
21316878ns          374093 1c0095cc 58d775c3 fmadd.s          f11, f14, f13, f11  f11=xxxxxxxx f14:bea4bb85 f13:3f77a43f f11:bdd49f8e
21316937ns          374096 1c0095d0 a1f892d3 flt.s            x5, f17, f31         x5=00000001 f17:c0ea08ef f31:00000000
21316977ns          374098 1c0095d4 00762423 sw               x7, 8(x12)           x7:bea122aa x12:10001ef8  PA:10001f00
21316997ns          374099 1c0095d8 00ce2703 lw               x14, 12(x28)        x14=bcb7c89d x28:10001ee4  PA:10001ef0
21317017ns          374100 1c0095dc 00be2423 sw               x11, 8(x28)         x11:bed48281 x28:10001ee4  PA:10001eec
21317037ns          374101 1c0095e0 00c62383 lw               x7, 12(x12)          x7=bf3dc253 x12:10001ef8  PA:10001f04
21317057ns          374102 1c0095e4 10f77453 fmul.s           f8, f14, f15         f8=xxxxxxxx f14:bcb7c89d f15:3e81c373
21317076ns          374103 1c0095e8 10f3f5d3 fmul.s           f11, f7, f15        f11=xxxxxxxx  f7:bf3dc253 f15:3e81c373
21317096ns          374104 1c0095ec 000aa803 lw               x16, 0(x21)         x16=c10b9e32 x21:10001dd0  PA:10001dd0
21317116ns          374105 1c0095f0 40d3f3c7 fmsub.s          f7, f7, f13, f8      f7=xxxxxxxx  f7:bf3dc253 f13:3f77a43f  f8:bbba50cf
21317136ns          374106 1c0095f4 58d775c3 fmadd.s          f11, f14, f13, f11  f11=xxxxxxxx f14:bcb7c89d f13:3f77a43f f11:be405f98
21317156ns          374107 1c0095f8 00a9a023 sw               x10, 0(x19)         x10:409fc934 x19:10001de0  PA:10001de0
21317176ns          374108 1c0095fc 00762623 sw               x7, 12(x12)          x7:bf361b9c x12:10001ef8  PA:10001f04
21317236ns          374111 1c009600 010e2703 lw               x14, 16(x28)        x14=bc35275e x28:10001ee4  PA:10001ef4
21317275ns          374113 1c009604 00be2623 sw               x11, 12(x28)        x11:be5698a7 x28:10001ee4  PA:10001ef0
21317295ns          374114 1c009608 01062583 lw               x11, 16(x12)        x11=3e2f5805 x12:10001ef8  PA:10001f08
21317315ns          374115 1c00960a 10f773d3 fmul.s           f7, f14, f15         f7=xxxxxxxx f14:bc35275e f15:3e81c373
21317375ns          374118 1c00960e 10f5f353 fmul.s           f6, f11, f15         f6=xxxxxxxx f11:3e2f5805 f15:3e81c373
21317415ns          374120 1c009612 1107f7d3 fmul.s           f15, f15, f16       f15=xxxxxxxx f15:3e81c373 f16:c10b9e32
21317435ns          374121 1c009616 38d5f5c7 fmsub.s          f11, f11, f13, f7   f11=xxxxxxxx f11:3e2f5805 f13:3f77a43f  f7:bb37a649
21317454ns          374122 1c00961a 30d77743 fmadd.s          f14, f14, f13, f6   f14=xxxxxxxx f14:bc35275e f13:3f77a43f  f6:3d31c273
21317514ns          374125 1c00961e 1106f6d3 fmul.s           f13, f13, f16       f13=xxxxxxxx f13:3f77a43f f16:c10b9e32
21317534ns          374126 1c009622 00b62823 sw               x11, 16(x12)        x11:3e2c7d06 x12:10001ef8  PA:10001f08
21317554ns          374127 1c009624 00ee2823 sw               x14, 16(x28)        x14:3d05f326 x28:10001ee4  PA:10001ef4
21317574ns          374128 1c009628 01100333 add              x6, x0, x17          x6=c0ea08ef x17:c0ea08ef
21317594ns          374129 1c00962a 00028463 beq              x5, x0, 8            x5:00000001
21317614ns          374130 1c00962e 21189353 fsgnjn.s         f6, f17, f17         f6=xxxxxxxx f17:c0ea08ef f17:c0ea08ef
21317633ns          374131 1c009632 a1f79753 flt.s            x14, f15, f31       x14=00000001 f15:c00d8a9f f31:00000000
21317653ns          374132 1c009636 420719e3 bne              x14, x0, 3122       x14:00000001
21317753ns          374137 1c00a268 20f79753 fsgnjn.s         f14, f15, f15       f14=xxxxxxxx f15:c00d8a9f f15:c00d8a9f
21317793ns          374139 1c00a26c bd0ff06f jal              x0, -3120          
21317892ns          374144 1c00963c a0671853 flt.s            x16, f14, f6        x16=00000001 f14:400d8a9f  f6:40ea08ef
21317912ns          374145 1c009640 011003b3 add              x7, x0, x17          x7=c0ea08ef x17:c0ea08ef
21317932ns          374146 1c009642 00081363 bne              x16, x0, 6          x16:00000001
21317991ns          374149 1c009648 006772d3 fadd.s           f5, f14, f6          f5=xxxxxxxx f14:400d8a9f  f6:40ea08ef
21318011ns          374150 1c00964c a1f2a5d3 feq.s            x11, f5, f31        x11=00000000  f5:4118671f f31:00000000
21318031ns          374151 1c009650 3a0593e3 bne              x11, x0, 2982       x11:00000000
21318051ns          374152 1c009654 1c000437 lui              x8, 0x1c000000       x8=1c000000
21318071ns          374153 1c009658 02040413 addi             x8, x8, 32           x8=1c000020  x8:1c000000
21318091ns          374154 1c00965c 00042403 lw               x8, 0(x8)            x8=3f800000  x8:1c000020  PA:1c000020
21318429ns          374171 1c00965e 185475d3 fdiv.s           f11, f8, f5         f11=xxxxxxxx  f8:3f800000  f5:4118671f
21318708ns          374185 1c009662 10e5f753 fmul.s           f14, f11, f14       f14=xxxxxxxx f11:3dd70258 f14:400d8a9f
21318727ns          374186 1c009666 a1f393d3 flt.s            x7, f7, f31          x7=00000001  f7:c0ea08ef f31:00000000
21318747ns          374187 1c00966a 1065f5d3 fmul.s           f11, f11, f6        f11=xxxxxxxx f11:3dd70258  f6:40ea08ef
21318767ns          374188 1c00966e 10e77753 fmul.s           f14, f14, f14       f14=xxxxxxxx f14:3e6dc16f f14:3e6dc16f
21318787ns          374189 1c009672 70b5f743 fmadd.s          f14, f11, f11, f14  f14=xxxxxxxx f11:3f448fa5 f11:3f448fa5 f14:3d5ccfba
21318807ns          374190 1c009676 58077353 fsqrt.s          f6, f14              f6=xxxxxxxx f14:3f24b941
21319284ns          374214 1c00967a 10537353 fmul.s           f6, f6, f5           f6=xxxxxxxx  f6:3f4d59fe  f5:4118671f
21319304ns          374215 1c00967e 00038463 beq              x7, x0, 8            x7:00000001
21319324ns          374216 1c009682 20631353 fsgnjn.s         f6, f6, f6           f6=xxxxxxxx  f6:40f4804e  f6:40f4804e
21319344ns          374217 1c009686 1c0004b7 lui              x9, 0x1c000000       x9=1c000000
21319364ns          374218 1c00968a 02048493 addi             x9, x9, 32           x9=1c000020  x9:1c000000
21319384ns          374219 1c00968e 0004a483 lw               x9, 0(x9)            x9=3f800000  x9:1c000020  PA:1c000020
21319722ns          374236 1c009690 1864f753 fdiv.s           f14, f9, f6         f14=xxxxxxxx  f9:3f800000  f6:c0f4804e
21320000ns          374250 1c009694 111778d3 fmul.s           f17, f14, f17       f17=xxxxxxxx f14:be060511 f17:c0ea08ef
21320020ns          374251 1c009698 10f77753 fmul.s           f14, f14, f15       f14=xxxxxxxx f14:be060511 f15:c00d8a9f
21320040ns          374252 1c00969c 10a8f853 fmul.s           f16, f17, f10       f16=xxxxxxxx f17:3f750a9e f10:409fc934
21320060ns          374253 1c0096a0 20e71bd3 fsgnjn.s         f23, f14, f14       f23=xxxxxxxx f14:3e9432b9 f14:3e9432b9
21320080ns          374254 1c0096a4 000ea783 lw               x15, 0(x29)         x15=3f22ef2e x29:10001f48  PA:10001f48
21320100ns          374255 1c0096a8 000f2383 lw               x7, 0(x30)           x7=bf0387b1 x30:10001f5c  PA:10001f5c
21320120ns          374256 1c0096ac 10e7f453 fmul.s           f8, f15, f14         f8=xxxxxxxx f15:3f22ef2e f14:3e9432b9
21320160ns          374258 1c0096b0 10e3f2d3 fmul.s           f5, f7, f14          f5=xxxxxxxx  f7:bf0387b1 f14:3e9432b9
21320199ns          374260 1c0096b4 006b222b p.sw             x6, 4(x22!)         x22=10001dd0  x6:c0f4804e x22:10001dcc  PA:10001dcc
21320219ns          374261 1c0096b8 4113f3c7 fmsub.s          f7, f7, f17, f8      f7=xxxxxxxx  f7:bf0387b1 f17:3f750a9e  f8:3e3ca51e
21320239ns          374262 1c0096bc 2917f2c3 fmadd.s          f5, f15, f17, f5     f5=xxxxxxxx f15:3f22ef2e f17:3f750a9e  f5:be184904
21320299ns          374265 1c0096c0 10d8f5d3 fmul.s           f11, f17, f13       f11=xxxxxxxx f17:3f750a9e f13:c1070f36
21320339ns          374267 1c0096c4 007f2023 sw               x7, 0(x30)           x7:bf2d0f98 x30:10001f5c  PA:10001f5c
21320358ns          374268 1c0096c8 005ea023 sw               x5, 0(x29)           x5:3eebc6d0 x29:10001f48  PA:10001f48
21320378ns          374269 1c0096cc 004ea283 lw               x5, 4(x29)           x5=bf1741c1 x29:10001f48  PA:10001f4c
21320438ns          374272 1c0096d0 004f2383 lw               x7, 4(x30)           x7=be5ea057 x30:10001f5c  PA:10001f60
21320478ns          374274 1c0096d4 10e2f4d3 fmul.s           f9, f5, f14          f9=xxxxxxxx  f5:bf1741c1 f14:3e9432b9
21320498ns          374275 1c0096d8 10e3f453 fmul.s           f8, f7, f14          f8=xxxxxxxx  f7:be5ea057 f14:3e9432b9
21320518ns          374276 1c0096dc 80d77843 fmadd.s          f16, f14, f13, f16  f16=xxxxxxxx f14:3e9432b9 f13:c1070f36 f16:4098f22f
21320577ns          374279 1c0096e0 4913f3c7 fmsub.s          f7, f7, f17, f9      f7=xxxxxxxx  f7:be5ea057 f17:3f750a9e  f9:be2f1ff7
21320617ns          374281 1c0096e4 4112f2c3 fmadd.s          f5, f5, f17, f8      f5=xxxxxxxx  f5:bf1741c1 f17:3f750a9e  f8:bd80e0ce
21320637ns          374282 1c0096e8 000a2783 lw               x15, 0(x20)         x15=b6870e8a x20:10001de4  PA:10001de4
21320657ns          374283 1c0096ec 007f2223 sw               x7, 4(x30)           x7:bd17e2e0 x30:10001f5c  PA:10001f60
21320716ns          374286 1c0096f0 005ea223 sw               x5, 4(x29)           x5:bf20e44d x29:10001f48  PA:10001f4c
21320756ns          374288 1c0096f4 008ea283 lw               x5, 8(x29)           x5=3ef314ce x29:10001f48  PA:10001f50
21320776ns          374289 1c0096f8 008f2383 lw               x7, 8(x30)           x7=3f171da8 x30:10001f5c  PA:10001f64
21320796ns          374290 1c0096fc 10e2f4d3 fmul.s           f9, f5, f14          f9=xxxxxxxx  f5:3ef314ce f14:3e9432b9
21320856ns          374293 1c009700 10e3f453 fmul.s           f8, f7, f14          f8=xxxxxxxx  f7:3f171da8 f14:3e9432b9
21320896ns          374295 1c009704 58abf5c3 fmadd.s          f11, f23, f10, f11  f11=xxxxxxxx f23:be9432b9 f10:409fc934 f11:c1014729
21320915ns          374296 1c009708 4913f3c7 fmsub.s          f7, f7, f17, f9      f7=xxxxxxxx  f7:3f171da8 f17:3f750a9e  f9:3e0cb831
21320935ns          374297 1c00970c 4112f2c3 fmadd.s          f5, f5, f17, f8      f5=xxxxxxxx  f5:3ef314ce f17:3f750a9e  f8:3e2ef62c
21320955ns          374298 1c009710 1117f553 fmul.s           f10, f15, f17       f10=xxxxxxxx f15:b6870e8a f17:3f750a9e
21320975ns          374299 1c009714 007f2423 sw               x7, 8(x30)           x7:3edaef34 x30:10001f5c  PA:10001f64
21320995ns          374300 1c009718 00cea303 lw               x6, 12(x29)          x6=be11e698 x29:10001f48  PA:10001f54
21321015ns          374301 1c00971c 005ea423 sw               x5, 8(x29)           x5:3f20140a x29:10001f48  PA:10001f50
21321035ns          374302 1c009720 00cf2283 lw               x5, 12(x30)          x5=3f0fd866 x30:10001f5c  PA:10001f68
21321055ns          374303 1c009724 10e37453 fmul.s           f8, f6, f14          f8=xxxxxxxx  f6:be11e698 f14:3e9432b9
21321075ns          374304 1c009728 10e2f3d3 fmul.s           f7, f5, f14          f7=xxxxxxxx  f5:3f0fd866 f14:3e9432b9
21321094ns          374305 1c00972c 014f0f13 addi             x30, x30, 20        x30=10001f70 x30:10001f5c
21321114ns          374306 1c00972e 4112f2c7 fmsub.s          f5, f5, f17, f8      f5=xxxxxxxx  f5:3f0fd866 f17:3f750a9e  f8:bd28ec71
21321134ns          374307 1c009732 39137343 fmadd.s          f6, f6, f17, f7      f6=xxxxxxxx  f6:be11e698 f17:3f750a9e  f7:3e268b36
21321154ns          374308 1c009736 00baa22b p.sw             x11, 4(x21!)        x21=10001dd4 x11:c1186728 x21:10001dd0  PA:10001dd0
21321174ns          374309 1c00973a fe5f2c23 sw               x5, -8(x30)          x5:3f143ed8 x30:10001f70  PA:10001f68
21321194ns          374310 1c00973e 010ea683 lw               x13, 16(x29)        x13=3c2b9712 x29:10001f48  PA:10001f58
21321214ns          374311 1c009742 006ea623 sw               x6, 12(x29)          x6:3cd71bcc x29:10001f48  PA:10001f54
21321234ns          374312 1c009746 ffcf2303 lw               x6, -4(x30)          x6=be2088b3 x30:10001f70  PA:10001f6c
21321254ns          374313 1c00974a 10e6f3d3 fmul.s           f7, f13, f14         f7=xxxxxxxx f13:3c2b9712 f14:3e9432b9
21321273ns          374314 1c00974e 10e372d3 fmul.s           f5, f6, f14          f5=xxxxxxxx  f6:be2088b3 f14:3e9432b9
21321293ns          374315 1c009752 00aa222b p.sw             x10, 4(x20!)        x20=10001de8 x10:b6814684 x20:10001de4  PA:10001de4
21321313ns          374316 1c009756 39137347 fmsub.s          f6, f6, f17, f7      f6=xxxxxxxx  f6:be2088b3 f17:3f750a9e  f7:3b46aaac
21321333ns          374317 1c00975a 2916f8c3 fmadd.s          f17, f13, f17, f5   f17=xxxxxxxx f13:3c2b9712 f17:3f750a9e  f5:bd39ddac
21321353ns          374318 1c00975e 01460613 addi             x12, x12, 20        x12=10001f0c x12:10001ef8
21321393ns          374320 1c009760 fe6f2e23 sw               x6, -4(x30)          x6:be1cc426 x30:10001f70  PA:10001f6c
21321433ns          374322 1c009764 011ea823 sw               x17, 16(x29)        x17:bd10cdff x29:10001f48  PA:10001f58
21321452ns          374323 1c009768 014e0e13 addi             x28, x28, 20        x28=10001ef8 x28:10001ee4
21321472ns          374324 1c00976a 014e8e93 addi             x29, x29, 20        x29=10001f5c x29:10001f48
21321492ns          374325 1c00976c 10e7f7d3 fmul.s           f15, f15, f14       f15=xxxxxxxx f15:b6870e8a f14:3e9432b9
21321631ns          374332 1c0094ec a1f81753 flt.s            x14, f16, f31       x14=00000000 f16:40158542 f31:00000000
21321711ns          374336 1c0094f0 010002b3 add              x5, x0, x16          x5=40158542 x16:40158542
21321731ns          374337 1c0094f2 00070363 beq              x14, x0, 6          x14:00000000
21321791ns          374340 1c0094f8 a1f79753 flt.s            x14, f15, f31       x14=00000001 f15:b59c5e54 f31:00000000
21321810ns          374341 1c0094fc 00f006b3 add              x13, x0, x15        x13=b59c5e54 x15:b59c5e54
21321830ns          374342 1c0094fe 00070363 beq              x14, x0, 6          x14:00000001
21321870ns          374344 1c009500 20f796d3 fsgnjn.s         f13, f15, f15       f13=xxxxxxxx f15:b59c5e54 f15:b59c5e54
21321910ns          374346 1c009504 a0569753 flt.s            x14, f13, f5        x14=00000001 f13:359c5e54  f5:40158542
21321930ns          374347 1c009508 01000333 add              x6, x0, x16          x6=40158542 x16:40158542
21321950ns          374348 1c00950a 00071263 bne              x14, x0, 4          x14:00000001
21322029ns          374352 1c00950e 0056f753 fadd.s           f14, f13, f5        f14=xxxxxxxx f13:359c5e54  f5:40158542
21322049ns          374353 1c009512 a1f728d3 feq.s            x17, f14, f31       x17=00000000 f14:40158547 f31:00000000
21322069ns          374354 1c009516 52089be3 bne              x17, x0, 3382       x17:00000000
21322089ns          374355 1c00951a 1c0003b7 lui              x7, 0x1c000000       x7=1c000000
21322109ns          374356 1c00951e 02038393 addi             x7, x7, 32           x7=1c000020  x7:1c000000
21322129ns          374357 1c009522 0003a383 lw               x7, 0(x7)            x7=3f800000  x7:1c000020  PA:1c000020
21322566ns          374379 1c009526 18e3f8d3 fdiv.s           f17, f7, f14        f17=xxxxxxxx  f7:3f800000 f14:40158547
21322904ns          374396 1c00952a 10d8f6d3 fmul.s           f13, f17, f13       f13=xxxxxxxx f17:3edb275a f13:359c5e54
21322924ns          374397 1c00952e 1058f8d3 fmul.s           f17, f17, f5        f17=xxxxxxxx f17:3edb275a  f5:40158542
21322944ns          374398 1c009532 a1f312d3 flt.s            x5, f6, f31          x5=00000000  f6:40158542 f31:00000000
21322964ns          374399 1c009536 10d6f6d3 fmul.s           f13, f13, f13       f13=xxxxxxxx f13:3505dcbb f13:3505dcbb
21322984ns          374400 1c00953a 6918f6c3 fmadd.s          f13, f17, f17, f13  f13=xxxxxxxx f17:3f7ffff7 f17:3f7ffff7 f13:2a8bfe31
21323004ns          374401 1c00953e 5806f353 fsqrt.s          f6, f13              f6=xxxxxxxx f13:3f7fffee
21323282ns          374415 1c009542 10e37353 fmul.s           f6, f6, f14          f6=xxxxxxxx  f6:3f7ffff7 f14:40158547
21323302ns          374416 1c009546 00028463 beq              x5, x0, 8            x5:00000000
21323382ns          374420 1c00954e 1c000437 lui              x8, 0x1c000000       x8=1c000000
21323402ns          374421 1c009552 02040413 addi             x8, x8, 32           x8=1c000020  x8:1c000000
21323422ns          374422 1c009556 00042403 lw               x8, 0(x8)            x8=3f800000  x8:1c000020  PA:1c000020
21323740ns          374438 1c009558 18647753 fdiv.s           f14, f8, f6         f14=xxxxxxxx  f8:3f800000  f6:40158542
21324177ns          374460 1c00955c 10e876d3 fmul.s           f13, f16, f14       f13=xxxxxxxx f16:40158542 f14:3edb2762
21324197ns          374461 1c009560 10e7f7d3 fmul.s           f15, f15, f14       f15=xxxxxxxx f15:b59c5e54 f14:3edb2762
21324217ns          374462 1c009564 000e2703 lw               x14, 0(x28)         x14=3f18f18c x28:10001ef8  PA:10001ef8
21324237ns          374463 1c009568 00062803 lw               x16, 0(x12)         x16=3e4c430a x12:10001f0c  PA:10001f0c
21324257ns          374464 1c00956c 10e7f3d3 fmul.s           f7, f15, f14         f7=xxxxxxxx f15:b505dcc0 f14:3f18f18c
21324297ns          374466 1c009570 1107f2d3 fmul.s           f5, f15, f16         f5=xxxxxxxx f15:b505dcc0 f16:3e4c430a
21324337ns          374468 1c009574 10f578d3 fmul.s           f17, f10, f15       f17=xxxxxxxx f10:b6814684 f15:b505dcc0
21324357ns          374469 1c009578 3906f847 fmsub.s          f16, f13, f16, f7   f16=xxxxxxxx f13:3f800000 f16:3e4c430a  f7:b49ff2c0
21324376ns          374470 1c00957c 28e6f743 fmadd.s          f14, f13, f14, f5   f14=xxxxxxxx f13:3f800000 f14:3f18f18c  f5:b3d59dee
21324396ns          374471 1c009580 88d5f8c3 fmadd.s          f17, f11, f13, f17  f17=xxxxxxxx f11:c1186728 f13:3f800000 f17:2c073238
21324416ns          374472 1c009584 01062023 sw               x16, 0(x12)         x16:3e4c431e x12:10001f0c  PA:10001f0c
21324436ns          374473 1c009588 00ee2023 sw               x14, 0(x28)         x14:3f18f18a x28:10001ef8  PA:10001ef8
21324456ns          374474 1c00958c 004e2703 lw               x14, 4(x28)         x14=3dc8dae3 x28:10001ef8  PA:10001efc
21324476ns          374475 1c009590 00462803 lw               x16, 4(x12)         x16=3ec42add x12:10001f0c  PA:10001f10
21324496ns          374476 1c009594 10e7f453 fmul.s           f8, f15, f14         f8=xxxxxxxx f15:b505dcc0 f14:3dc8dae3
21324516ns          374477 1c009598 10f873d3 fmul.s           f7, f16, f15         f7=xxxxxxxx f16:3ec42add f15:b505dcc0
21324536ns          374478 1c00959c 10f5f2d3 fmul.s           f5, f11, f15         f5=xxxxxxxx f11:c1186728 f15:b505dcc0
21324595ns          374481 1c0095a0 40d87847 fmsub.s          f16, f16, f13, f8   f16=xxxxxxxx f16:3ec42add f13:3f800000  f8:b3520dd5
21324635ns          374483 1c0095a4 38e6f743 fmadd.s          f14, f13, f14, f7   f14=xxxxxxxx f13:3f800000 f14:3dc8dae3  f7:b44d26da
21324655ns          374484 1c0095a8 0069a22b p.sw             x6, 4(x19!)         x19=10001de4  x6:40158542 x19:10001de0  PA:10001de0
21324675ns          374485 1c0095ac 01062223 sw               x16, 4(x12)         x16:3ec42adf x12:10001f0c  PA:10001f10
21324695ns          374486 1c0095b0 00ee2223 sw               x14, 4(x28)         x14:3dc8dac9 x28:10001ef8  PA:10001efc
21324715ns          374487 1c0095b4 008e2703 lw               x14, 8(x28)         x14=bea122aa x28:10001ef8  PA:10001f00
21324734ns          374488 1c0095b8 00862803 lw               x16, 8(x12)         x16=3ea695ac x12:10001f0c  PA:10001f14
21324754ns          374489 1c0095bc 10f773d3 fmul.s           f7, f14, f15         f7=xxxxxxxx f14:bea122aa f15:b505dcc0
21324774ns          374490 1c0095c0 10f875d3 fmul.s           f11, f16, f15       f11=xxxxxxxx f16:3ea695ac f15:b505dcc0
21324794ns          374491 1c0095c4 28d57547 fmsub.s          f10, f10, f13, f5   f10=xxxxxxxx f10:b6814684 f13:3f800000  f5:369f6205
21324814ns          374492 1c0095c8 38d873c7 fmsub.s          f7, f16, f13, f7     f7=xxxxxxxx f16:3ea695ac f13:3f800000  f7:342883ea
21324834ns          374493 1c0095cc 58d775c3 fmadd.s          f11, f14, f13, f11  f11=xxxxxxxx f14:bea122aa f13:3f800000 f11:b42e36d0
21324854ns          374494 1c0095d0 a1f892d3 flt.s            x5, f17, f31         x5=00000001 f17:c1186728 f31:00000000
21324874ns          374495 1c0095d4 00762423 sw               x7, 8(x12)           x7:3ea695a7 x12:10001f0c  PA:10001f14
21324894ns          374496 1c0095d8 00ce2703 lw               x14, 12(x28)        x14=bf361b9c x28:10001ef8  PA:10001f04
21324913ns          374497 1c0095dc 00be2423 sw               x11, 8(x28)         x11:bea122af x28:10001ef8  PA:10001f00
21324973ns          374500 1c0095e0 00c62383 lw               x7, 12(x12)          x7=bdf7391e x12:10001f0c  PA:10001f18
21325013ns          374502 1c0095e4 10f77453 fmul.s           f8, f14, f15         f8=xxxxxxxx f14:bf361b9c f15:b505dcc0
21325033ns          374503 1c0095e8 10f3f5d3 fmul.s           f11, f7, f15        f11=xxxxxxxx  f7:bdf7391e f15:b505dcc0
21325053ns          374504 1c0095ec 000aa803 lw               x16, 0(x21)         x16=c14d197a x21:10001dd4  PA:10001dd4
21325112ns          374507 1c0095f0 40d3f3c7 fmsub.s          f7, f7, f13, f8      f7=xxxxxxxx  f7:bdf7391e f13:3f800000  f8:34be72c1
21325152ns          374509 1c0095f4 58d775c3 fmadd.s          f11, f14, f13, f11  f11=xxxxxxxx f14:bf361b9c f13:3f800000 f11:338145db
21325172ns          374510 1c0095f8 00a9a023 sw               x10, 0(x19)         x10:b7105444 x19:10001de4  PA:10001de4
21325192ns          374511 1c0095fc 00762623 sw               x7, 12(x12)          x7:bdf7394e x12:10001f0c  PA:10001f18
21325252ns          374514 1c009600 010e2703 lw               x14, 16(x28)        x14=3e2c7d06 x28:10001ef8  PA:10001f08
21325291ns          374516 1c009604 00be2623 sw               x11, 12(x28)        x11:bf361b9b x28:10001ef8  PA:10001f04
21325311ns          374517 1c009608 01062583 lw               x11, 16(x12)        x11=bf551bd6 x12:10001f0c  PA:10001f1c
21325331ns          374518 1c00960a 10f773d3 fmul.s           f7, f14, f15         f7=xxxxxxxx f14:3e2c7d06 f15:b505dcc0
21325391ns          374521 1c00960e 10f5f353 fmul.s           f6, f11, f15         f6=xxxxxxxx f11:bf551bd6 f15:b505dcc0
21325431ns          374523 1c009612 1107f7d3 fmul.s           f15, f15, f16       f15=xxxxxxxx f15:b505dcc0 f16:c14d197a
21325450ns          374524 1c009616 38d5f5c7 fmsub.s          f11, f11, f13, f7   f11=xxxxxxxx f11:bf551bd6 f13:3f800000  f7:b3b46362
21325470ns          374525 1c00961a 30d77743 fmadd.s          f14, f14, f13, f6   f14=xxxxxxxx f14:3e2c7d06 f13:3f800000  f6:34dede74
21325490ns          374526 1c00961e 1106f6d3 fmul.s           f13, f13, f16       f13=xxxxxxxx f13:3f800000 f16:c14d197a
21325510ns          374527 1c009622 00b62823 sw               x11, 16(x12)        x11:bf551bd5 x12:10001f0c  PA:10001f1c
21325530ns          374528 1c009624 00ee2823 sw               x14, 16(x28)        x14:3e2c7d22 x28:10001ef8  PA:10001f08
21325550ns          374529 1c009628 01100333 add              x6, x0, x17          x6=c1186728 x17:c1186728
21325570ns          374530 1c00962a 00028463 beq              x5, x0, 8            x5:00000001
21325590ns          374531 1c00962e 21189353 fsgnjn.s         f6, f17, f17         f6=xxxxxxxx f17:c1186728 f17:c1186728
21325610ns          374532 1c009632 a1f79753 flt.s            x14, f15, f31       x14=00000000 f15:36d67e30 f31:00000000
21325630ns          374533 1c009636 420719e3 bne              x14, x0, 3122       x14:00000000
21325649ns          374534 1c00963a 00f00733 add              x14, x0, x15        x14=36d67e30 x15:36d67e30
21325669ns          374535 1c00963c a0671853 flt.s            x16, f14, f6        x16=00000001 f14:36d67e30  f6:41186728
21325689ns          374536 1c009640 011003b3 add              x7, x0, x17          x7=c1186728 x17:c1186728
21325729ns          374538 1c009642 00081363 bne              x16, x0, 6          x16:00000001
21325789ns          374541 1c009648 006772d3 fadd.s           f5, f14, f6          f5=xxxxxxxx f14:36d67e30  f6:41186728
21325809ns          374542 1c00964c a1f2a5d3 feq.s            x11, f5, f31        x11=00000000  f5:4118672f f31:00000000
21325828ns          374543 1c009650 3a0593e3 bne              x11, x0, 2982       x11:00000000
21325848ns          374544 1c009654 1c000437 lui              x8, 0x1c000000       x8=1c000000
21325868ns          374545 1c009658 02040413 addi             x8, x8, 32           x8=1c000020  x8:1c000000
21325888ns          374546 1c00965c 00042403 lw               x8, 0(x8)            x8=3f800000  x8:1c000020  PA:1c000020
21326206ns          374562 1c00965e 185475d3 fdiv.s           f11, f8, f5         f11=xxxxxxxx  f8:3f800000  f5:4118672f
21326485ns          374576 1c009662 10e5f753 fmul.s           f14, f11, f14       f14=xxxxxxxx f11:3dd70241 f14:36d67e30
21326505ns          374577 1c009666 a1f393d3 flt.s            x7, f7, f31          x7=00000001  f7:c1186728 f31:00000000
21326525ns          374578 1c00966a 1065f5d3 fmul.s           f11, f11, f6        f11=xxxxxxxx f11:3dd70241  f6:41186728
21326584ns          374581 1c00966e 10e77753 fmul.s           f14, f14, f14       f14=xxxxxxxx f14:353425de f14:353425de
21326624ns          374583 1c009672 70b5f743 fmadd.s          f14, f11, f11, f14  f14=xxxxxxxx f11:3f7ffff4 f11:3f7ffff4 f14:2afd8a8c
21326644ns          374584 1c009676 58077353 fsqrt.s          f6, f14              f6=xxxxxxxx f14:3f7fffe8
21326922ns          374598 1c00967a 10537353 fmul.s           f6, f6, f5           f6=xxxxxxxx  f6:3f7ffff4  f5:4118672f
21326942ns          374599 1c00967e 00038463 beq              x7, x0, 8            x7:00000001
21326962ns          374600 1c009682 20631353 fsgnjn.s         f6, f6, f6           f6=xxxxxxxx  f6:41186728  f6:41186728
21326982ns          374601 1c009686 1c0004b7 lui              x9, 0x1c000000       x9=1c000000
21327002ns          374602 1c00968a 02048493 addi             x9, x9, 32           x9=1c000020  x9:1c000000
21327022ns          374603 1c00968e 0004a483 lw               x9, 0(x9)            x9=3f800000  x9:1c000020  PA:1c000020
21327360ns          374620 1c009690 1864f753 fdiv.s           f14, f9, f6         f14=xxxxxxxx  f9:3f800000  f6:c1186728
21327638ns          374634 1c009694 111778d3 fmul.s           f17, f14, f17       f17=xxxxxxxx f14:bdd7024b f17:c1186728
21327658ns          374635 1c009698 10f77753 fmul.s           f14, f14, f15       f14=xxxxxxxx f14:bdd7024b f15:36d67e30
21327678ns          374636 1c00969c 10a8f853 fmul.s           f16, f17, f10       f16=xxxxxxxx f17:3f800000 f10:b7105444
21327698ns          374637 1c0096a0 20e71bd3 fsgnjn.s         f23, f14, f14       f23=xxxxxxxx f14:b53425e6 f14:b53425e6
21327718ns          374638 1c0096a4 000ea783 lw               x15, 0(x29)         x15=bf2d0f98 x29:10001f5c  PA:10001f5c
21327738ns          374639 1c0096a8 000f2383 lw               x7, 0(x30)           x7=bebe9143 x30:10001f70  PA:10001f70
21327758ns          374640 1c0096ac 10e7f453 fmul.s           f8, f15, f14         f8=xxxxxxxx f15:bf2d0f98 f14:b53425e6
21327798ns          374642 1c0096b0 10e3f2d3 fmul.s           f5, f7, f14          f5=xxxxxxxx  f7:bebe9143 f14:b53425e6
21327837ns          374644 1c0096b4 006b222b p.sw             x6, 4(x22!)         x22=10001dd4  x6:c1186728 x22:10001dd0  PA:10001dd0
21327857ns          374645 1c0096b8 4113f3c7 fmsub.s          f7, f7, f17, f8      f7=xxxxxxxx  f7:bebe9143 f17:3f800000  f8:34f3912b
21327877ns          374646 1c0096bc 2917f2c3 fmadd.s          f5, f15, f17, f5     f5=xxxxxxxx f15:bf2d0f98 f17:3f800000  f5:34861a59
21327897ns          374647 1c0096c0 10d8f5d3 fmul.s           f11, f17, f13       f11=xxxxxxxx f17:3f800000 f13:c14d197a
21327917ns          374648 1c0096c4 007f2023 sw               x7, 0(x30)           x7:bebe9152 x30:10001f70  PA:10001f70
21327937ns          374649 1c0096c8 005ea023 sw               x5, 0(x29)           x5:bf2d0f94 x29:10001f5c  PA:10001f5c
21327957ns          374650 1c0096cc 004ea283 lw               x5, 4(x29)           x5=bd17e2e0 x29:10001f5c  PA:10001f60
21328016ns          374653 1c0096d0 004f2383 lw               x7, 4(x30)           x7=be9f05d2 x30:10001f70  PA:10001f74
21328056ns          374655 1c0096d4 10e2f4d3 fmul.s           f9, f5, f14          f9=xxxxxxxx  f5:bd17e2e0 f14:b53425e6
21328076ns          374656 1c0096d8 10e3f453 fmul.s           f8, f7, f14          f8=xxxxxxxx  f7:be9f05d2 f14:b53425e6
21328096ns          374657 1c0096dc 80d77843 fmadd.s          f16, f14, f13, f16  f16=xxxxxxxx f14:b53425e6 f13:c14d197a f16:b7105444
21328156ns          374660 1c0096e0 4913f3c7 fmsub.s          f7, f7, f17, f9      f7=xxxxxxxx  f7:be9f05d2 f17:3f800000  f9:32d5c404
21328195ns          374662 1c0096e4 4112f2c3 fmadd.s          f5, f5, f17, f8      f5=xxxxxxxx  f5:bd17e2e0 f17:3f800000  f8:345fcf45
21328215ns          374663 1c0096e8 000a2783 lw               x15, 0(x20)         x15=80000000 x20:10001de8  PA:10001de8
21328235ns          374664 1c0096ec 007f2223 sw               x7, 4(x30)           x7:be9f05d3 x30:10001f70  PA:10001f74
21328295ns          374667 1c0096f0 005ea223 sw               x5, 4(x29)           x5:bd17e2a8 x29:10001f5c  PA:10001f60
21328335ns          374669 1c0096f4 008ea283 lw               x5, 8(x29)           x5=3edaef34 x29:10001f5c  PA:10001f64
21328355ns          374670 1c0096f8 008f2383 lw               x7, 8(x30)           x7=3ca1af44 x30:10001f70  PA:10001f78
21328374ns          374671 1c0096fc 10e2f4d3 fmul.s           f9, f5, f14          f9=xxxxxxxx  f5:3edaef34 f14:b53425e6
21328394ns          374672 1c009700 10e3f453 fmul.s           f8, f7, f14          f8=xxxxxxxx  f7:3ca1af44 f14:b53425e6
21328414ns          374673 1c009704 58abf5c3 fmadd.s          f11, f23, f10, f11  f11=xxxxxxxx f23:353425e6 f10:b7105444 f11:c14d197a
21328434ns          374674 1c009708 4913f3c7 fmsub.s          f7, f7, f17, f9      f7=xxxxxxxx  f7:3ca1af44 f17:3f800000  f9:b49a109a
21328454ns          374675 1c00970c 4112f2c3 fmadd.s          f5, f5, f17, f8      f5=xxxxxxxx  f5:3edaef34 f17:3f800000  f8:b2638e57
21328474ns          374676 1c009710 1117f553 fmul.s           f10, f15, f17       f10=xxxxxxxx f15:80000000 f17:3f800000
21328494ns          374677 1c009714 007f2423 sw               x7, 8(x30)           x7:3ca1afde x30:10001f70  PA:10001f78
21328514ns          374678 1c009718 00cea303 lw               x6, 12(x29)          x6=3f143ed8 x29:10001f5c  PA:10001f68
21328534ns          374679 1c00971c 005ea423 sw               x5, 8(x29)           x5:3edaef34 x29:10001f5c  PA:10001f64
21328553ns          374680 1c009720 00cf2283 lw               x5, 12(x30)          x5=be7d2a81 x30:10001f70  PA:10001f7c
21328573ns          374681 1c009724 10e37453 fmul.s           f8, f6, f14          f8=xxxxxxxx  f6:3f143ed8 f14:b53425e6
21328593ns          374682 1c009728 10e2f3d3 fmul.s           f7, f5, f14          f7=xxxxxxxx  f5:be7d2a81 f14:b53425e6
21328613ns          374683 1c00972c 014f0f13 addi             x30, x30, 20        x30=10001f84 x30:10001f70
21328633ns          374684 1c00972e 4112f2c7 fmsub.s          f5, f5, f17, f8      f5=xxxxxxxx  f5:be7d2a81 f17:3f800000  f8:b4d0a444
21328653ns          374685 1c009732 39137343 fmadd.s          f6, f6, f17, f7      f6=xxxxxxxx  f6:3f143ed8 f17:3f800000  f7:3432275d
21328673ns          374686 1c009736 00baa22b p.sw             x11, 4(x21!)        x21=10001dd8 x11:c14d197a x21:10001dd4  PA:10001dd4
21328693ns          374687 1c00973a fe5f2c23 sw               x5, -8(x30)          x5:be7d2a67 x30:10001f84  PA:10001f7c
21328752ns          374690 1c00973e 010ea683 lw               x13, 16(x29)        x13=be1cc426 x29:10001f5c  PA:10001f6c
21328792ns          374692 1c009742 006ea623 sw               x6, 12(x29)          x6:3f143edb x29:10001f5c  PA:10001f68
21328812ns          374693 1c009746 ffcf2303 lw               x6, -4(x30)          x6=3f56b7ad x30:10001f84  PA:10001f80
21328832ns          374694 1c00974a 10e6f3d3 fmul.s           f7, f13, f14         f7=xxxxxxxx f13:be1cc426 f14:b53425e6
21328892ns          374697 1c00974e 10e372d3 fmul.s           f5, f6, f14          f5=xxxxxxxx  f6:3f56b7ad f14:b53425e6
21328931ns          374699 1c009752 00aa222b p.sw             x10, 4(x20!)        x20=10001dec x10:80000000 x20:10001de8  PA:10001de8
21328951ns          374700 1c009756 39137347 fmsub.s          f6, f6, f17, f7      f6=xxxxxxxx  f6:3f56b7ad f17:3f800000  f7:33dca240
21328971ns          374701 1c00975a 2916f8c3 fmadd.s          f17, f13, f17, f5   f17=xxxxxxxx f13:be1cc426 f17:3f800000  f5:b51718ef
21328991ns          374702 1c00975e 01460613 addi             x12, x12, 20        x12=10001f20 x12:10001f0c
21329031ns          374704 1c009760 fe6f2e23 sw               x6, -4(x30)          x6:3f56b7ab x30:10001f84  PA:10001f80
21329071ns          374706 1c009764 011ea823 sw               x17, 16(x29)        x17:be1cc44c x29:10001f5c  PA:10001f6c
21329091ns          374707 1c009768 014e0e13 addi             x28, x28, 20        x28=10001f0c x28:10001ef8
21329110ns          374708 1c00976a 014e8e93 addi             x29, x29, 20        x29=10001f70 x29:10001f5c
21329130ns          374709 1c00976c 10e7f7d3 fmul.s           f15, f15, f14       f15=xxxxxxxx f15:80000000 f14:b53425e6
21329150ns          374710 1c009770 01412e03 lw               x28, 20(x2)         x28=00000002  x2:10001d98  PA:10001dac
21329170ns          374711 1c009772 00812983 lw               x19, 8(x2)          x19=0000000c  x2:10001d98  PA:10001da0
21329190ns          374712 1c009774 0e010893 addi             x17, x2, 224        x17=10001e78  x2:10001d98
21329210ns          374713 1c009778 013887b3 add              x15, x17, x19       x15=10001e84 x17:10001e78 x19:0000000c
21329230ns          374714 1c00977c 001e0e13 addi             x28, x28, 1         x28=00000003 x28:00000002
21329250ns          374715 1c00977e f707a023 sw               x16, -160(x15)      x16:2c2ee167 x15:10001e84  PA:10001de4
21329270ns          374716 1c009782 01c12a23 sw               x28, 20(x2)         x28:00000003  x2:10001d98  PA:10001dac
21329289ns          374717 1c009784 fff00793 addi             x15, x0, -1         x15=ffffffff
21329309ns          374718 1c009786 00fdc663 blt              x27, x15, 12        x27:00000003 x15:ffffffff
21329329ns          374719 1c00978a 04b00793 addi             x15, x0, 75         x15=0000004b
21329389ns          374722 1c00978e a8fe1c63 bne              x28, x15, -3432     x28:00000003 x15:0000004b
21329488ns          374727 1c008a26 00812503 lw               x10, 8(x2)          x10=0000000c  x2:10001d98  PA:10001da0
21329528ns          374729 1c008a28 04010613 addi             x12, x2, 64         x12=10001dd8  x2:10001d98
21329548ns          374730 1c008a2a 01b509b3 add              x19, x10, x27       x19=0000000f x10:0000000c x27:00000003
21329568ns          374731 1c008a2e 02c10593 addi             x11, x2, 44         x11=10001dc4  x2:10001d98
21329608ns          374733 1c008a30 00a60633 add              x12, x12, x10       x12=10001de4 x12:10001dd8 x10:0000000c
21329647ns          374735 1c008a32 002d8693 addi             x13, x27, 2         x13=00000005 x27:00000003
21329667ns          374736 1c008a36 1c000437 lui              x8, 0x1c000000       x8=1c000000
21329687ns          374737 1c008a3a 1c0004b7 lui              x9, 0x1c000000       x9=1c000000
21329707ns          374738 1c008a3e 00299993 slli             x19, x19, 0x2       x19=0000003c x19:0000000f
21329747ns          374740 1c008a40 00a58b33 add              x22, x11, x10       x22=10001dd0 x11:10001dc4 x10:0000000c
21329787ns          374742 1c008a44 00c12623 sw               x12, 12(x2)         x12:10001de4  x2:10001d98  PA:10001da4
21329807ns          374743 1c008a46 00d12c23 sw               x13, 24(x2)         x13:00000005  x2:10001d98  PA:10001db0
21329826ns          374744 1c008a48 02842a83 lw               x21, 40(x8)         x21=0c000000  x8:1c000000  PA:1c000028
21330145ns          374760 1c008a4c 02c4ab83 lw               x23, 44(x9)         x23=34000000  x9:1c000000  PA:1c00002c
21330443ns          374775 1c008a50 01a989b3 add              x19, x19, x26       x19=10001ef8 x19:0000003c x26:10001ebc
21330463ns          374776 1c008a52 00000f13 addi             x30, x0, 0          x30=00000000
21330483ns          374777 1c008a56 018007b3 add              x15, x0, x24        x15=00000004 x24:00000004
21330503ns          374778 1c008a58 004b2283 lw               x5, 4(x22)           x5=c14d197a x22:10001dd0  PA:10001dd4
21330523ns          374779 1c008a5c 71fdace3 p.beqimm         x27, 3864           x27:00000003
21330562ns          374781 1c008a60 01412e03 lw               x28, 20(x2)         x28=00000003  x2:10001d98  PA:10001dac
21330582ns          374782 1c008a62 01400e93 addi             x29, x0, 20         x29=00000014
21330602ns          374783 1c008a64 77cec8e3 blt              x29, x28, 3952      x29:00000014 x28:00000003
21330622ns          374784 1c008a68 00c12f83 lw               x31, 12(x2)         x31=10001de4  x2:10001d98  PA:10001da4
21330662ns          374786 1c008a6a 000fa683 lw               x13, 0(x31)         x13=2c2ee167 x31:10001de4  PA:10001de4
21330702ns          374788 1c008a6e a1e69753 flt.s            x14, f13, f30       x14=00000000 f13:2c2ee167 f30:00000000
21330722ns          374789 1c008a72 00070363 beq              x14, x0, 6          x14:00000000
21330781ns          374792 1c008a78 000b2603 lw               x12, 0(x22)         x12=c1186728 x22:10001dd0  PA:10001dd0
21330821ns          374794 1c008a7c a1e61753 flt.s            x14, f12, f30       x14=00000001 f12:c1186728 f30:00000000
21330861ns          374796 1c008a80 00c005b3 add              x11, x0, x12        x11=c1186728 x12:c1186728
21330881ns          374797 1c008a82 00070363 beq              x14, x0, 6          x14:00000001
21330901ns          374798 1c008a84 20c615d3 fsgnjn.s         f11, f12, f12       f11=xxxxxxxx f12:c1186728 f12:c1186728
21330920ns          374799 1c008a88 a1e29753 flt.s            x14, f5, f30        x14=00000001  f5:c14d197a f30:00000000
21330940ns          374800 1c008a8c 00070363 beq              x14, x0, 6          x14:00000001
21331000ns          374803 1c008a8e 33c0106f jal              x0, 4924           
21331119ns          374809 1c009dca 20529753 fsgnjn.s         f14, f5, f5         f14=xxxxxxxx  f5:c14d197a  f5:c14d197a
21331179ns          374812 1c009dce cc7fe06f jal              x0, -4922          
21331219ns          374814 1c008a94 00b77753 fadd.s           f14, f14, f11       f14=xxxxxxxx f14:414d197a f11:41186728
21331239ns          374815 1c008a98 11777753 fmul.s           f14, f14, f23       f14=xxxxxxxx f14:41b2c051 f23:34000000
21331259ns          374816 1c008a9c a0e68753 fle.s            x14, f13, f14       x14=00000001 f13:2c2ee167 f14:3632c051
21331318ns          374819 1c008aa0 00070363 beq              x14, x0, 6          x14:00000001
21331358ns          374821 1c008aa2 3140106f jal              x0, 4884           
21331477ns          374827 1c009db6 002d9713 slli             x14, x27, 0x2       x14=0000000c x27:00000003
21331497ns          374828 1c009dba 0e010393 addi             x7, x2, 224          x7=10001e78  x2:10001d98
21331517ns          374829 1c009dbe 00770733 add              x14, x14, x7        x14=10001e84 x14:0000000c  x7:10001e78
21331537ns          374830 1c009dc0 01800833 add              x16, x0, x24        x16=00000004 x24:00000004
21331557ns          374831 1c009dc2 01b006b3 add              x13, x0, x27        x13=00000003 x27:00000003
21331577ns          374832 1c009dc4 f6072023 sw               x0, -160(x14)       x14:10001e84  PA:10001de4
21331597ns          374833 1c009dc8 a31ff06f jal              x0, -1488          
21331676ns          374837 1c0097f8 c3881763 bne              x16, x24, -3026     x16:00000004 x24:00000004
21331716ns          374839 1c0097fc a1e29753 flt.s            x14, f5, f30        x14=00000001  f5:c14d197a f30:00000000
21331776ns          374842 1c009800 00268613 addi             x12, x13, 2         x12=00000005 x13:00000003
21331816ns          374844 1c009804 16071d63 bne              x14, x0, 378        x14:00000001
21332372ns          374872 1c00997e 0149a803 lw               x16, 20(x19)        x16=3e4c431e x19:10001ef8  PA:10001f0c
21332412ns          374874 1c009982 0189a503 lw               x10, 24(x19)        x10=3ec42adf x19:10001ef8  PA:10001f10
21332432ns          374875 1c009986 01c9a583 lw               x11, 28(x19)        x11=3ea695a7 x19:10001ef8  PA:10001f14
21332452ns          374876 1c00998a 0209a683 lw               x13, 32(x19)        x13=bdf7394e x19:10001ef8  PA:10001f18
21332969ns          374902 1c00998e 0249a703 lw               x14, 36(x19)        x14=bf551bd5 x19:10001ef8  PA:10001f1c
21333009ns          374904 1c009992 205292d3 fsgnjn.s         f5, f5, f5           f5=xxxxxxxx  f5:c14d197a  f5:c14d197a
21333029ns          374905 1c009996 21081853 fsgnjn.s         f16, f16, f16       f16=xxxxxxxx f16:3e4c431e f16:3e4c431e
21333049ns          374906 1c00999a 20a51553 fsgnjn.s         f10, f10, f10       f10=xxxxxxxx f10:3ec42adf f10:3ec42adf
21333566ns          374932 1c00999e 20b595d3 fsgnjn.s         f11, f11, f11       f11=xxxxxxxx f11:3ea695a7 f11:3ea695a7
21333606ns          374934 1c0099a2 20d696d3 fsgnjn.s         f13, f13, f13       f13=xxxxxxxx f13:bdf7394e f13:bdf7394e
21333626ns          374935 1c0099a6 20e71753 fsgnjn.s         f14, f14, f14       f14=xxxxxxxx f14:bf551bd5 f14:bf551bd5
21333645ns          374936 1c0099aa 005b2223 sw               x5, 4(x22)           x5:414d197a x22:10001dd0  PA:10001dd4
21334083ns          374958 1c0099ae 0109aa23 sw               x16, 20(x19)        x16:be4c431e x19:10001ef8  PA:10001f0c
21334123ns          374960 1c0099b2 00a9ac23 sw               x10, 24(x19)        x10:bec42adf x19:10001ef8  PA:10001f10
21334143ns          374961 1c0099b6 00b9ae23 sw               x11, 28(x19)        x11:bea695a7 x19:10001ef8  PA:10001f14
21334163ns          374962 1c0099ba 02d9a023 sw               x13, 32(x19)        x13:3df7394e x19:10001ef8  PA:10001f18
21334620ns          374985 1c0099be 02e9a223 sw               x14, 36(x19)        x14:3f551bd5 x19:10001ef8  PA:10001f1c
21334640ns          374986 1c0099c2 e47ff06f jal              x0, -442           
21334680ns          374988 1c009808 144c2363 p.beqimm         x24, 326            x24:00000004
21334839ns          374996 1c00994e 00c12f83 lw               x31, 12(x2)         x31=10001de4  x2:10001d98  PA:10001da4
21334918ns          375000 1c009950 01812303 lw               x6, 24(x2)           x6=00000005  x2:10001d98  PA:10001db0
21334938ns          375001 1c009952 ffcf8f93 addi             x31, x31, -4        x31=10001de0 x31:10001de4
21334958ns          375002 1c009954 fff30313 addi             x6, x6, -1           x6=00000004  x6:00000005
21334978ns          375003 1c009956 fffd8d93 addi             x27, x27, -1        x27=00000002 x27:00000003
21334998ns          375004 1c009958 01f12623 sw               x31, 12(x2)         x31:10001de0  x2:10001d98  PA:10001da4
21335018ns          375005 1c00995a 00012a23 sw               x0, 20(x2)           x2:10001d98  PA:10001dac
21335038ns          375006 1c00995c 00612c23 sw               x6, 24(x2)           x6:00000004  x2:10001d98  PA:10001db0
21335058ns          375007 1c00995e ffcb0b13 addi             x22, x22, -4        x22=10001dcc x22:10001dd0
21335078ns          375008 1c009960 fec98993 addi             x19, x19, -20       x19=10001ee4 x19:10001ef8
21335098ns          375009 1c009962 001d8c13 addi             x24, x27, 1         x24=00000003 x27:00000002
21335117ns          375010 1c009966 e20306e3 beq              x6, x0, -468         x6:00000004
21335137ns          375011 1c00996a 018007b3 add              x15, x0, x24        x15=00000003 x24:00000003
21335157ns          375012 1c00996c 004b2283 lw               x5, 4(x22)           x5=c1186728 x22:10001dcc  PA:10001dd0
21335177ns          375013 1c009970 8ffdb863 p.bneimm         x27, -3856          x27:00000002
21335237ns          375016 1c008a60 01412e03 lw               x28, 20(x2)         x28=00000000  x2:10001d98  PA:10001dac
21335257ns          375017 1c008a62 01400e93 addi             x29, x0, 20         x29=00000014
21335277ns          375018 1c008a64 77cec8e3 blt              x29, x28, 3952      x29:00000014 x28:00000000
21335296ns          375019 1c008a68 00c12f83 lw               x31, 12(x2)         x31=10001de0  x2:10001d98  PA:10001da4
21335336ns          375021 1c008a6a 000fa683 lw               x13, 0(x31)         x13=40158542 x31:10001de0  PA:10001de0
21335376ns          375023 1c008a6e a1e69753 flt.s            x14, f13, f30       x14=00000000 f13:40158542 f30:00000000
21335396ns          375024 1c008a72 00070363 beq              x14, x0, 6          x14:00000000
21335456ns          375027 1c008a78 000b2603 lw               x12, 0(x22)         x12=c0f4804e x22:10001dcc  PA:10001dcc
21335495ns          375029 1c008a7c a1e61753 flt.s            x14, f12, f30       x14=00000001 f12:c0f4804e f30:00000000
21335535ns          375031 1c008a80 00c005b3 add              x11, x0, x12        x11=c0f4804e x12:c0f4804e
21335555ns          375032 1c008a82 00070363 beq              x14, x0, 6          x14:00000001
21335575ns          375033 1c008a84 20c615d3 fsgnjn.s         f11, f12, f12       f11=xxxxxxxx f12:c0f4804e f12:c0f4804e
21335595ns          375034 1c008a88 a1e29753 flt.s            x14, f5, f30        x14=00000001  f5:c1186728 f30:00000000
21335615ns          375035 1c008a8c 00070363 beq              x14, x0, 6          x14:00000001
21335635ns          375036 1c008a8e 33c0106f jal              x0, 4924           
21335754ns          375042 1c009dca 20529753 fsgnjn.s         f14, f5, f5         f14=xxxxxxxx  f5:c1186728  f5:c1186728
21335814ns          375045 1c009dce cc7fe06f jal              x0, -4922          
21335853ns          375047 1c008a94 00b77753 fadd.s           f14, f14, f11       f14=xxxxxxxx f14:41186728 f11:40f4804e
21335873ns          375048 1c008a98 11777753 fmul.s           f14, f14, f23       f14=xxxxxxxx f14:418953a8 f23:34000000
21335893ns          375049 1c008a9c a0e68753 fle.s            x14, f13, f14       x14=00000000 f13:40158542 f14:360953a8
21335913ns          375050 1c008aa0 00070363 beq              x14, x0, 6          x14:00000000
21335993ns          375054 1c008aa6 1c000337 lui              x6, 0x1c000000       x6=1c000000
21336012ns          375055 1c008aaa 02830313 addi             x6, x6, 40           x6=1c000028  x6:1c000000
21336072ns          375058 1c008aae 00032303 lw               x6, 0(x6)            x6=0c000000  x6:1c000028  PA:1c000028
21336410ns          375075 1c008ab2 a06686d3 fle.s            x13, f13, f6        x13=00000000 f13:40158542  f6:0c000000
21336430ns          375076 1c008ab6 00068363 beq              x13, x0, 6          x13:00000000
21336550ns          375082 1c008abc fffd8693 addi             x13, x27, -1        x13=00000001 x27:00000002
21336569ns          375083 1c008ac0 000d9463 bne              x27, x0, 8          x27:00000002
21336629ns          375086 1c008ac8 00269713 slli             x14, x13, 0x2       x14=00000004 x13:00000001
21336649ns          375087 1c008acc 0e010393 addi             x7, x2, 224          x7=10001e78  x2:10001d98
21336709ns          375090 1c008ad0 00e385b3 add              x11, x7, x14        x11=10001e7c  x7:10001e78 x14:00000004
21336748ns          375092 1c008ad4 f605a503 lw               x10, -160(x11)      x10=40a30073 x11:10001e7c  PA:10001ddc
21336788ns          375094 1c008ad8 a1e515d3 flt.s            x11, f10, f30       x11=00000000 f10:40a30073 f30:00000000
21336808ns          375095 1c008adc 00058363 beq              x11, x0, 6          x11:00000000
21336888ns          375099 1c008ae2 0e010413 addi             x8, x2, 224          x8=10001e78  x2:10001d98
21336908ns          375100 1c008ae4 00e405b3 add              x11, x8, x14        x11=10001e7c  x8:10001e78 x14:00000004
21336927ns          375101 1c008ae8 f4c5a583 lw               x11, -180(x11)      x11=c1827b7d x11:10001e7c  PA:10001dc8
21336967ns          375103 1c008aec a1e59853 flt.s            x16, f11, f30       x16=00000001 f11:c1827b7d f30:00000000
21337007ns          375105 1c008af0 00080463 beq              x16, x0, 8          x16:00000001
21337047ns          375107 1c008af4 39c0106f jal              x0, 5020           
21337126ns          375111 1c009e90 20b59853 fsgnjn.s         f16, f11, f11       f16=xxxxxxxx f11:c1827b7d f11:c1827b7d
21337166ns          375113 1c009e94 c67fe06f jal              x0, -5018          
21337226ns          375116 1c008afa a1e618d3 flt.s            x17, f12, f30       x17=00000001 f12:c0f4804e f30:00000000
21337285ns          375119 1c008afe 00088463 beq              x17, x0, 8          x17:00000001
21337325ns          375121 1c008b02 20c61653 fsgnjn.s         f12, f12, f12       f12=xxxxxxxx f12:c0f4804e f12:c0f4804e
21337345ns          375122 1c008b06 1c0004b7 lui              x9, 0x1c000000       x9=1c000000
21337365ns          375123 1c008b0a 01067653 fadd.s           f12, f12, f16       f12=xxxxxxxx f12:40f4804e f16:41827b7d
21337425ns          375126 1c008b0e 02c48493 addi             x9, x9, 44           x9=1c00002c  x9:1c000000
21337445ns          375127 1c008b12 0004a483 lw               x9, 0(x9)            x9=34000000  x9:1c00002c  PA:1c00002c
21337783ns          375144 1c008b14 10967653 fmul.s           f12, f12, f9        f12=xxxxxxxx f12:41bf9b90  f9:34000000
21337803ns          375145 1c008b18 a0c50653 fle.s            x12, f10, f12       x12=00000000 f10:40a30073 f12:363f9b90
21337823ns          375146 1c008b1c 00060363 beq              x12, x0, 6          x12:00000000
21337902ns          375150 1c008b22 1c000637 lui              x12, 0x1c000000     x12=1c000000
21337922ns          375151 1c008b26 02860613 addi             x12, x12, 40        x12=1c000028 x12:1c000000
21337942ns          375152 1c008b2a 00062603 lw               x12, 0(x12)         x12=0c000000 x12:1c000028  PA:1c000028
21338280ns          375169 1c008b2c a0c50553 fle.s            x10, f10, f12       x10=00000000 f10:40a30073 f12:0c000000
21338300ns          375170 1c008b30 00050363 beq              x10, x0, 6          x10:00000000
21338379ns          375174 1c008b36 ffed8813 addi             x16, x27, -2        x16=00000000 x27:00000002
21338399ns          375175 1c008b3a 01f83463 p.bneimm         x16, 8              x16:00000000
21338519ns          375181 1c008b42 00281713 slli             x14, x16, 0x2       x14=00000000 x16:00000000
21338539ns          375182 1c008b46 0e010893 addi             x17, x2, 224        x17=10001e78  x2:10001d98
21338559ns          375183 1c008b4a 00e88633 add              x12, x17, x14       x12=10001e78 x17:10001e78 x14:00000000
21338618ns          375186 1c008b4e f6062503 lw               x10, -160(x12)      x10=bd2afa22 x12:10001e78  PA:10001dd8
21338658ns          375188 1c008b52 a1e51653 flt.s            x12, f10, f30       x12=00000001 f10:bd2afa22 f30:00000000
21338678ns          375189 1c008b56 00060363 beq              x12, x0, 6          x12:00000001
21338698ns          375190 1c008b58 20a51553 fsgnjn.s         f10, f10, f10       f10=xxxxxxxx f10:bd2afa22 f10:bd2afa22
21338718ns          375191 1c008b5c 0e010e13 addi             x28, x2, 224        x28=10001e78  x2:10001d98
21338757ns          375193 1c008b60 01c70733 add              x14, x14, x28       x14=10001e78 x14:00000000 x28:10001e78
21338797ns          375195 1c008b62 f4c72883 lw               x17, -180(x14)      x17=421b0aa0 x14:10001e78  PA:10001dc4
21338837ns          375197 1c008b66 a1e89753 flt.s            x14, f17, f30       x14=00000000 f17:421b0aa0 f30:00000000
21338857ns          375198 1c008b6a 00070363 beq              x14, x0, 6          x14:00000000
21338936ns          375202 1c008b70 01100733 add              x14, x0, x17        x14=421b0aa0 x17:421b0aa0
21338956ns          375203 1c008b72 a1e59653 flt.s            x12, f11, f30       x12=00000001 f11:c1827b7d f30:00000000
21338976ns          375204 1c008b76 00060363 beq              x12, x0, 6          x12:00000001
21338996ns          375205 1c008b78 20b595d3 fsgnjn.s         f11, f11, f11       f11=xxxxxxxx f11:c1827b7d f11:c1827b7d
21339016ns          375206 1c008b7c 1c000eb7 lui              x29, 0x1c000000     x29=1c000000
21339076ns          375209 1c008b80 00e5f753 fadd.s           f14, f11, f14       f14=xxxxxxxx f11:41827b7d f14:421b0aa0
21339115ns          375211 1c008b84 02ce8e93 addi             x29, x29, 44        x29=1c00002c x29:1c000000
21339135ns          375212 1c008b88 000eae83 lw               x29, 0(x29)         x29=34000000 x29:1c00002c  PA:1c00002c
21339454ns          375228 1c008b8c 11d77753 fmul.s           f14, f14, f29       f14=xxxxxxxx f14:425c485e f29:34000000
21339473ns          375229 1c008b90 a0e50753 fle.s            x14, f10, f14       x14=00000000 f10:3d2afa22 f14:36dc485e
21339493ns          375230 1c008b94 440718e3 bne              x14, x0, 3152       x14:00000000
21339513ns          375231 1c008b98 1c000fb7 lui              x31, 0x1c000000     x31=1c000000
21339533ns          375232 1c008b9c 028f8f93 addi             x31, x31, 40        x31=1c000028 x31:1c000000
21339573ns          375234 1c008ba0 000faf83 lw               x31, 0(x31)         x31=0c000000 x31:1c000028  PA:1c000028
21339931ns          375252 1c008ba4 a1f50553 fle.s            x10, f10, f31       x10=00000000 f10:3d2afa22 f31:0c000000
21339951ns          375253 1c008ba8 42051ee3 bne              x10, x0, 3132       x10:00000000
21339971ns          375254 1c008bac ffdd8693 addi             x13, x27, -3        x13=ffffffff x27:00000002
21339991ns          375255 1c008bb0 01f6b463 p.bneimm         x13, 8              x13:ffffffff
21340011ns          375256 1c008bb4 4ee0106f jal              x0, 5358           
21340090ns          375260 1c00a0a2 00000813 addi             x16, x0, 0          x16=00000000
21340130ns          375262 1c00a0a4 b7ffe06f jal              x0, -5250          
21340249ns          375268 1c008c22 3d880de3 beq              x16, x24, 3034      x16:00000000 x24:00000003
21340269ns          375269 1c008c26 002d8393 addi             x7, x27, 2           x7=00000004 x27:00000002
21340289ns          375270 1c008c2a 7c76d5e3 bge              x13, x7, 4042       x13:ffffffff  x7:00000004
21340349ns          375273 1c008c2e 00268f93 addi             x31, x13, 2         x31=00000001 x13:ffffffff
21340388ns          375275 1c008c32 3e780a63 beq              x16, x7, 1012       x16:00000000  x7:00000004
21340408ns          375276 1c008c36 002c1e93 slli             x29, x24, 0x2       x29=0000000c x24:00000003
21340428ns          375277 1c008c3a 04010493 addi             x9, x2, 64           x9=10001dd8  x2:10001d98
21340448ns          375278 1c008c3c ffce8593 addi             x11, x29, -4        x11=00000008 x29:0000000c
21340488ns          375280 1c008c40 1c000637 lui              x12, 0x1c000000     x12=1c000000
21340528ns          375282 1c008c44 02c10413 addi             x8, x2, 44           x8=10001dc4  x2:10001d98
21340548ns          375283 1c008c46 1c000537 lui              x10, 0x1c000000     x10=1c000000
21340567ns          375284 1c008c4a 009585b3 add              x11, x11, x9        x11=10001de0 x11:00000008  x9:10001dd8
21340587ns          375285 1c008c4c 02862483 lw               x9, 40(x12)          x9=0c000000 x12:1c000000  PA:1c000028
21340906ns          375301 1c008c50 01d40333 add              x6, x8, x29          x6=10001dd0  x8:10001dc4 x29:0000000c
21340926ns          375302 1c008c54 00700733 add              x14, x0, x7         x14=00000004  x7:00000004
21340945ns          375303 1c008c56 02c52403 lw               x8, 44(x10)          x8=34000000 x10:1c000000  PA:1c00002c
21341264ns          375319 1c008c5a 00168693 addi             x13, x13, 1         x13=00000000 x13:ffffffff
21341284ns          375320 1c008c5c 00000e13 addi             x28, x0, 0          x28=00000000
21341303ns          375321 1c008c60 41038533 sub              x10, x7, x16        x10=00000004  x7:00000004 x16:00000000
21341323ns          375322 1c008c64 1e0540fb lp.setup         0x1, x10, 0x1e0     x10:00000004
21341343ns          375323 1c008c68 fff70893 addi             x17, x14, -1        x17=00000003 x14:00000004
21341363ns          375324 1c008c6c 00000793 addi             x15, x0, 0          x15=00000000
21341403ns          375326 1c008c70 00ec4763 blt              x24, x14, 14        x24:00000003 x14:00000004
21341522ns          375332 1c008c7e 00efd963 bge              x31, x14, 18        x31:00000001 x14:00000004
21341542ns          375333 1c008c82 0005a603 lw               x12, 0(x11)         x12=40158542 x11:10001de0  PA:10001de0
21341582ns          375335 1c008c84 a1c61f53 flt.s            x30, f12, f28       x30=00000000 f12:40158542 f28:00000000
21341602ns          375336 1c008c88 380f1163 bne              x30, x0, 898        x30:00000000
21341622ns          375337 1c008c8c 00c7f7d3 fadd.s           f15, f15, f12       f15=xxxxxxxx f15:00000000 f12:40158542
21341661ns          375339 1c008c90 ffc3260b p.lw             x12, -4(x6!)        x12=c1186728  x6=10001dcc  x6:10001dd0  PA:10001dd0
21341701ns          375341 1c008c94 a1c61f53 flt.s            x30, f12, f28       x30=00000001 f12:c1186728 f28:00000000
21341721ns          375342 1c008c98 000f0463 beq              x30, x0, 8          x30:00000001
21341741ns          375343 1c008c9c 20c61653 fsgnjn.s         f12, f12, f12       f12=xxxxxxxx f12:c1186728 f12:c1186728
21341801ns          375346 1c008ca0 1087f7d3 fmul.s           f15, f15, f8        f15=xxxxxxxx f15:40158542  f8:34000000
21341840ns          375348 1c008ca4 a0f607d3 fle.s            x15, f12, f15       x15=00000000 f12:41186728 f15:34958542
21341860ns          375349 1c008ca8 00079563 bne              x15, x0, 10         x15:00000000
21341880ns          375350 1c008caa a0960653 fle.s            x12, f12, f9        x12=00000000 f12:41186728  f9:0c000000
21341940ns          375353 1c008cae 36060663 beq              x12, x0, 876        x12:00000000
21342079ns          375360 1c00901a 00d71463 bne              x14, x13, 8         x14:00000004 x13:00000000
21342179ns          375365 1c009022 01100733 add              x14, x0, x17        x14=00000003 x17:00000003
21342199ns          375366 1c009024 ffc58593 addi             x11, x11, -4        x11=10001ddc x11:10001de0
21342218ns          375367 1c008c68 fff70893 addi             x17, x14, -1        x17=00000002 x14:00000003
21342238ns          375368 1c008c6c 00000793 addi             x15, x0, 0          x15=00000000
21342258ns          375369 1c008c70 00ec4763 blt              x24, x14, 14        x24:00000003 x14:00000003
21342278ns          375370 1c008c74 0045a783 lw               x15, 4(x11)         x15=40158542 x11:10001ddc  PA:10001de0
21342318ns          375372 1c008c76 a1c79653 flt.s            x12, f15, f28       x12=00000000 f15:40158542 f28:00000000
21342338ns          375373 1c008c7a 38061b63 bne              x12, x0, 918        x12:00000000
21342358ns          375374 1c008c7e 00efd963 bge              x31, x14, 18        x31:00000001 x14:00000003
21342378ns          375375 1c008c82 0005a603 lw               x12, 0(x11)         x12=40a30073 x11:10001ddc  PA:10001ddc
21342417ns          375377 1c008c84 a1c61f53 flt.s            x30, f12, f28       x30=00000000 f12:40a30073 f28:00000000
21342437ns          375378 1c008c88 380f1163 bne              x30, x0, 898        x30:00000000
21342457ns          375379 1c008c8c 00c7f7d3 fadd.s           f15, f15, f12       f15=xxxxxxxx f15:40158542 f12:40a30073
21342477ns          375380 1c008c90 ffc3260b p.lw             x12, -4(x6!)        x12=c0f4804e  x6=10001dc8  x6:10001dcc  PA:10001dcc
21342517ns          375382 1c008c94 a1c61f53 flt.s            x30, f12, f28       x30=00000001 f12:c0f4804e f28:00000000
21342537ns          375383 1c008c98 000f0463 beq              x30, x0, 8          x30:00000001
21342557ns          375384 1c008c9c 20c61653 fsgnjn.s         f12, f12, f12       f12=xxxxxxxx f12:c0f4804e f12:c0f4804e
21342576ns          375385 1c008ca0 1087f7d3 fmul.s           f15, f15, f8        f15=xxxxxxxx f15:40edc314  f8:34000000
21342596ns          375386 1c008ca4 a0f607d3 fle.s            x15, f12, f15       x15=00000000 f12:40f4804e f15:356dc314
21342616ns          375387 1c008ca8 00079563 bne              x15, x0, 10         x15:00000000
21342636ns          375388 1c008caa a0960653 fle.s            x12, f12, f9        x12=00000000 f12:40f4804e  f9:0c000000
21342656ns          375389 1c008cae 36060663 beq              x12, x0, 876        x12:00000000
21342736ns          375393 1c00901a 00d71463 bne              x14, x13, 8         x14:00000003 x13:00000000
21342795ns          375396 1c009022 01100733 add              x14, x0, x17        x14=00000002 x17:00000002
21342815ns          375397 1c009024 ffc58593 addi             x11, x11, -4        x11=10001dd8 x11:10001ddc
21342835ns          375398 1c008c68 fff70893 addi             x17, x14, -1        x17=00000001 x14:00000002
21342855ns          375399 1c008c6c 00000793 addi             x15, x0, 0          x15=00000000
21342875ns          375400 1c008c70 00ec4763 blt              x24, x14, 14        x24:00000003 x14:00000002
21342895ns          375401 1c008c74 0045a783 lw               x15, 4(x11)         x15=40a30073 x11:10001dd8  PA:10001ddc
21342934ns          375403 1c008c76 a1c79653 flt.s            x12, f15, f28       x12=00000000 f15:40a30073 f28:00000000
21342954ns          375404 1c008c7a 38061b63 bne              x12, x0, 918        x12:00000000
21342974ns          375405 1c008c7e 00efd963 bge              x31, x14, 18        x31:00000001 x14:00000002
21342994ns          375406 1c008c82 0005a603 lw               x12, 0(x11)         x12=bd2afa22 x11:10001dd8  PA:10001dd8
21343034ns          375408 1c008c84 a1c61f53 flt.s            x30, f12, f28       x30=00000001 f12:bd2afa22 f28:00000000
21343054ns          375409 1c008c88 380f1163 bne              x30, x0, 898        x30:00000001
21343213ns          375417 1c00900a 20c61653 fsgnjn.s         f12, f12, f12       f12=xxxxxxxx f12:bd2afa22 f12:bd2afa22
21343233ns          375418 1c00900e c7fff06f jal              x0, -898           
21343273ns          375420 1c008c8c 00c7f7d3 fadd.s           f15, f15, f12       f15=xxxxxxxx f15:40a30073 f12:3d2afa22
21343293ns          375421 1c008c90 ffc3260b p.lw             x12, -4(x6!)        x12=c1827b7d  x6=10001dc4  x6:10001dc8  PA:10001dc8
21343332ns          375423 1c008c94 a1c61f53 flt.s            x30, f12, f28       x30=00000001 f12:c1827b7d f28:00000000
21343352ns          375424 1c008c98 000f0463 beq              x30, x0, 8          x30:00000001
21343372ns          375425 1c008c9c 20c61653 fsgnjn.s         f12, f12, f12       f12=xxxxxxxx f12:c1827b7d f12:c1827b7d
21343392ns          375426 1c008ca0 1087f7d3 fmul.s           f15, f15, f8        f15=xxxxxxxx f15:40a45667  f8:34000000
21343412ns          375427 1c008ca4 a0f607d3 fle.s            x15, f12, f15       x15=00000000 f12:41827b7d f15:35245667
21343432ns          375428 1c008ca8 00079563 bne              x15, x0, 10         x15:00000000
21343452ns          375429 1c008caa a0960653 fle.s            x12, f12, f9        x12=00000000 f12:41827b7d  f9:0c000000
21343472ns          375430 1c008cae 36060663 beq              x12, x0, 876        x12:00000000
21343551ns          375434 1c00901a 00d71463 bne              x14, x13, 8         x14:00000002 x13:00000000
21343611ns          375437 1c009022 01100733 add              x14, x0, x17        x14=00000001 x17:00000001
21343631ns          375438 1c009024 ffc58593 addi             x11, x11, -4        x11=10001dd4 x11:10001dd8
21343651ns          375439 1c008c68 fff70893 addi             x17, x14, -1        x17=00000000 x14:00000001
21343670ns          375440 1c008c6c 00000793 addi             x15, x0, 0          x15=00000000
21343690ns          375441 1c008c70 00ec4763 blt              x24, x14, 14        x24:00000003 x14:00000001
21343710ns          375442 1c008c74 0045a783 lw               x15, 4(x11)         x15=bd2afa22 x11:10001dd4  PA:10001dd8
21343750ns          375444 1c008c76 a1c79653 flt.s            x12, f15, f28       x12=00000001 f15:bd2afa22 f28:00000000
21343770ns          375445 1c008c7a 38061b63 bne              x12, x0, 918        x12:00000001
21343830ns          375448 1c009010 20f797d3 fsgnjn.s         f15, f15, f15       f15=xxxxxxxx f15:bd2afa22 f15:bd2afa22
21343849ns          375449 1c009014 c6bff06f jal              x0, -918           
21343909ns          375452 1c008c7e 00efd963 bge              x31, x14, 18        x31:00000001 x14:00000001
21343969ns          375455 1c008c90 ffc3260b p.lw             x12, -4(x6!)        x12=421b0aa0  x6=10001dc0  x6:10001dc4  PA:10001dc4
21344009ns          375457 1c008c94 a1c61f53 flt.s            x30, f12, f28       x30=00000000 f12:421b0aa0 f28:00000000
21344028ns          375458 1c008c98 000f0463 beq              x30, x0, 8          x30:00000000
21344088ns          375461 1c008ca0 1087f7d3 fmul.s           f15, f15, f8        f15=xxxxxxxx f15:3d2afa22  f8:34000000
21344108ns          375462 1c008ca4 a0f607d3 fle.s            x15, f12, f15       x15=00000000 f12:421b0aa0 f15:31aafa22
21344128ns          375463 1c008ca8 00079563 bne              x15, x0, 10         x15:00000000
21344148ns          375464 1c008caa a0960653 fle.s            x12, f12, f9        x12=00000000 f12:421b0aa0  f9:0c000000
21344168ns          375465 1c008cae 36060663 beq              x12, x0, 876        x12:00000000
21344247ns          375469 1c00901a 00d71463 bne              x14, x13, 8         x14:00000001 x13:00000000
21344307ns          375472 1c009022 01100733 add              x14, x0, x17        x14=00000000 x17:00000000
21344327ns          375473 1c009024 ffc58593 addi             x11, x11, -4        x11=10001dd0 x11:10001dd4
21344347ns          375474 1c009026 00000793 addi             x15, x0, 0          x15=00000000
21344367ns          375475 1c00902a a0f297d3 flt.s            x15, f5, f15        x15=00000001  f5:c1186728 f15:00000000
21344386ns          375476 1c00902e 005006b3 add              x13, x0, x5         x13=c1186728  x5:c1186728
21344426ns          375478 1c009030 00078363 beq              x15, x0, 6          x15:00000001
21344466ns          375480 1c009032 205296d3 fsgnjn.s         f13, f5, f5         f13=xxxxxxxx  f5:c1186728  f5:c1186728
21344486ns          375481 1c009036 002d9593 slli             x11, x27, 0x2       x11=00000008 x27:00000002
21344506ns          375482 1c00903a 0e010613 addi             x12, x2, 224        x12=10001e78  x2:10001d98
21344526ns          375483 1c00903c 00b607b3 add              x15, x12, x11       x15=10001e80 x12:10001e78 x11:00000008
21344566ns          375485 1c009040 f4c7a603 lw               x12, -180(x15)      x12=c0f4804e x15:10001e80  PA:10001dcc
21344605ns          375487 1c009044 00000793 addi             x15, x0, 0          x15=00000000
21344625ns          375488 1c009048 a0f617d3 flt.s            x15, f12, f15       x15=00000001 f12:c0f4804e f15:00000000
21344645ns          375489 1c00904c 00b12423 sw               x11, 8(x2)          x11:00000008  x2:10001d98  PA:10001da0
21344665ns          375490 1c00904e 06d12423 sw               x13, 104(x2)        x13:41186728  x2:10001d98  PA:10001e00
21344705ns          375492 1c009050 00c00533 add              x10, x0, x12        x10=c0f4804e x12:c0f4804e
21344725ns          375493 1c009052 00b008b3 add              x17, x0, x11        x17=00000008 x11:00000008
21344745ns          375494 1c009054 00078363 beq              x15, x0, 6          x15:00000001
21344764ns          375495 1c009056 20c61553 fsgnjn.s         f10, f12, f12       f10=xxxxxxxx f12:c0f4804e f12:c0f4804e
21344784ns          375496 1c00905a 0e010713 addi             x14, x2, 224        x14=10001e78  x2:10001d98
21344804ns          375497 1c00905c 011707b3 add              x15, x14, x17       x15=10001e80 x14:10001e78 x17:00000008
21344844ns          375499 1c009060 f607a783 lw               x15, -160(x15)      x15=40158542 x15:10001e80  PA:10001de0
21344904ns          375502 1c009064 00000713 addi             x14, x0, 0          x14=00000000
21344924ns          375503 1c009068 a0e79753 flt.s            x14, f15, f14       x14=00000000 f15:40158542 f14:00000000
21344943ns          375504 1c00906c 06a12623 sw               x10, 108(x2)        x10:40f4804e  x2:10001d98  PA:10001e04
21344963ns          375505 1c00906e 00070363 beq              x14, x0, 6          x14:00000000
21345023ns          375508 1c009074 00f00733 add              x14, x0, x15        x14=40158542 x15:40158542
21345043ns          375509 1c009076 00281813 slli             x16, x16, 0x2       x16=00000000 x16:00000000
21345063ns          375510 1c009078 0e010993 addi             x19, x2, 224        x19=10001e78  x2:10001d98
21345083ns          375511 1c00907c 010985b3 add              x11, x19, x16       x11=10001e78 x19:10001e78 x16:00000000
21345122ns          375513 1c009080 f4c5a883 lw               x17, -180(x11)      x17=421b0aa0 x11:10001e78  PA:10001dc4
21345162ns          375515 1c009084 00000593 addi             x11, x0, 0          x11=00000000
21345182ns          375516 1c009088 a0b895d3 flt.s            x11, f17, f11       x11=00000000 f17:421b0aa0 f11:00000000
21345202ns          375517 1c00908c 06e12823 sw               x14, 112(x2)        x14:40158542  x2:10001d98  PA:10001e08
21345222ns          375518 1c00908e 01100e33 add              x28, x0, x17        x28=421b0aa0 x17:421b0aa0
21345262ns          375520 1c009090 00058363 beq              x11, x0, 6          x11:00000000
21345341ns          375524 1c009096 0e010e93 addi             x29, x2, 224        x29=10001e78  x2:10001d98
21345361ns          375525 1c00909a 01d80833 add              x16, x16, x29       x16=10001e78 x16:00000000 x29:10001e78
21345381ns          375526 1c00909c f6082303 lw               x6, -160(x16)        x6=bd2afa22 x16:10001e78  PA:10001dd8
21345421ns          375528 1c0090a0 00000593 addi             x11, x0, 0          x11=00000000
21345461ns          375530 1c0090a4 a0b315d3 flt.s            x11, f6, f11        x11=00000001  f6:bd2afa22 f11:00000000
21345480ns          375531 1c0090a8 07c12a23 sw               x28, 116(x2)        x28:421b0aa0  x2:10001d98  PA:10001e0c
21345500ns          375532 1c0090aa 00058363 beq              x11, x0, 6          x11:00000001
21345520ns          375533 1c0090ac 1fe0106f jal              x0, 4606           
21345679ns          375541 1c00a2aa 206315d3 fsgnjn.s         f11, f6, f6         f11=xxxxxxxx  f6:bd2afa22  f6:bd2afa22
21345739ns          375544 1c00a2ae e05fe06f jal              x0, -4604          
21345799ns          375547 1c0090b2 a0d6a853 feq.s            x16, f13, f13       x16=00000001 f13:41186728 f13:41186728
21345819ns          375548 1c0090b6 06b12c23 sw               x11, 120(x2)        x11:3d2afa22  x2:10001d98  PA:10001e10
21345839ns          375549 1c0090b8 00080463 beq              x16, x0, 8          x16:00000001
21345858ns          375550 1c0090bc 0080106f jal              x0, 4104           
21345978ns          375556 1c00a0c4 a0a69853 flt.s            x16, f13, f10       x16=00000000 f13:41186728 f10:40f4804e
21346018ns          375558 1c00a0c8 1e080563 beq              x16, x0, 490        x16:00000000
21346157ns          375565 1c00a2b2 a0e69553 flt.s            x10, f13, f14       x10=00000000 f13:41186728 f14:40158542
21346177ns          375566 1c00a2b6 00100813 addi             x16, x0, 1          x16=00000001
21346197ns          375567 1c00a2b8 00300e13 addi             x28, x0, 3          x28=00000003
21346216ns          375568 1c00a2ba 00050363 beq              x10, x0, 6          x10:00000000
21346296ns          375572 1c00a2c0 07412703 lw               x14, 116(x2)        x14=421b0aa0  x2:10001d98  PA:10001e0c
21346336ns          375574 1c00a2c2 a0e69553 flt.s            x10, f13, f14       x10=00000001 f13:41186728 f14:421b0aa0
21346356ns          375575 1c00a2c6 e0051ce3 bne              x10, x0, -488       x10:00000001
21346515ns          375583 1c00a0de a0b716d3 flt.s            x13, f14, f11       x13=00000000 f14:421b0aa0 f11:3d2afa22
21346555ns          375585 1c00a0e2 84069063 bne              x13, x0, -4032      x13:00000000
21346574ns          375586 1c00a0e6 00e005b3 add              x11, x0, x14        x11=421b0aa0 x14:421b0aa0
21346594ns          375587 1c00a0e8 83aff06f jal              x0, -4038          
21346773ns          375596 1c009122 1c0004b7 lui              x9, 0x1c000000       x9=1c000000
21346793ns          375597 1c009126 0204a703 lw               x14, 32(x9)         x14=3f800000  x9:1c000000  PA:1c000020
21347131ns          375614 1c00912a 18b77753 fdiv.s           f14, f14, f11       f14=xxxxxxxx f14:3f800000 f11:421b0aa0
21347569ns          375636 1c00912e 105772d3 fmul.s           f5, f14, f5          f5=xxxxxxxx f14:3cd35990  f5:c1186728
21347589ns          375637 1c009132 10e7f7d3 fmul.s           f15, f15, f14       f15=xxxxxxxx f15:40158542 f14:3cd35990
21347609ns          375638 1c009136 00000513 addi             x10, x0, 0          x10=00000000
21347629ns          375639 1c00913a 28e676c3 fmadd.s          f13, f12, f14, f5   f13=xxxxxxxx f12:c0f4804e f14:3cd35990  f5:be7ba4af
21347688ns          375642 1c00913e 28e67e47 fmsub.s          f28, f12, f14, f5   f28=xxxxxxxx f12:c0f4804e f14:3cd35990  f5:be7ba4af
21347728ns          375644 1c009142 10f7f853 fmul.s           f16, f15, f15       f16=xxxxxxxx f15:3d76e24a f15:3d76e24a
21347748ns          375645 1c009146 10f2f653 fmul.s           f12, f5, f15        f12=xxxxxxxx  f5:be7ba4af f15:3d76e24a
21347768ns          375646 1c00914a 10e8f7d3 fmul.s           f15, f17, f14       f15=xxxxxxxx f17:421b0aa0 f14:3cd35990
21347828ns          375649 1c00914e 1c000737 lui              x14, 0x1c000000     x14=1c000000
21347867ns          375651 1c009152 81c6f6c3 fmadd.s          f13, f13, f28, f16  f13=xxxxxxxx f13:bee2bffd f28:3d472592 f16:3b6e17ae
21347887ns          375652 1c009156 03070713 addi             x14, x14, 48        x14=1c000030 x14:1c000000
21347907ns          375653 1c00915a 00072703 lw               x14, 0(x14)         x14=3f000000 x14:1c000030  PA:1c000030
21348225ns          375669 1c00915c 10c67653 fmul.s           f12, f12, f12       f12=xxxxxxxx f12:bc72aeb0 f12:bc72aeb0
21348245ns          375670 1c009160 10e6f6d3 fmul.s           f13, f13, f14       f13=xxxxxxxx f13:bc92a18f f14:3f000000
21348265ns          375671 1c009164 a0a6a753 feq.s            x14, f13, f10       x14=00000000 f13:bc12a18f f10:00000000
21348285ns          375672 1c009168 00070663 beq              x14, x0, 12         x14:00000000
21348385ns          375677 1c009174 00000513 addi             x10, x0, 0          x10=00000000
21348404ns          375678 1c009178 a0a69553 flt.s            x10, f13, f10       x10=00000001 f13:bc12a18f f10:00000000
21348424ns          375679 1c00917c 60d6f743 fmadd.s          f14, f13, f13, f12  f14=xxxxxxxx f13:bc12a18f f13:bc12a18f f12:39660ebc
21348484ns          375682 1c009180 58077753 fsqrt.s          f14, f14            f14=xxxxxxxx f14:399d05b5
21349061ns          375711 1c009184 00050363 beq              x10, x0, 6          x10:00000001
21349081ns          375712 1c009186 20e71753 fsgnjn.s         f14, f14, f14       f14=xxxxxxxx f14:3c8dc53a f14:3c8dc53a
21349101ns          375713 1c00918a 00e6f6d3 fadd.s           f13, f13, f14       f13=xxxxxxxx f13:bc12a18f f14:bc8dc53a
21349120ns          375714 1c00918e 18d67753 fdiv.s           f14, f12, f13       f14=xxxxxxxx f12:39660ebc f13:bcd71602
21349140ns          375715 1c009192 00f2f853 fadd.s           f16, f5, f15        f16=xxxxxxxx  f5:be7ba4af f15:3f800000
21349419ns          375729 1c009196 0857f6d3 fsub.s           f13, f15, f5        f13=xxxxxxxx f15:3f800000  f5:be7ba4af
21349439ns          375730 1c00919a 18b375d3 fdiv.s           f11, f6, f11        f11=xxxxxxxx  f6:bd2afa22 f11:421b0aa0
21349956ns          375756 1c00919e 10b7f7d3 fmul.s           f15, f15, f11       f15=xxxxxxxx f15:3f800000 f11:ba8d27fb
21349976ns          375757 1c0091a2 70d87843 fmadd.s          f16, f16, f13, f14  f16=xxxxxxxx f16:3f4116d4 f13:3f9f7496 f14:bc08e8e6
21349996ns          375758 1c0091a6 5dfc4563 blt              x24, x31, 1482      x24:00000003 x31:00000001
21350016ns          375759 1c0091aa 002f9693 slli             x13, x31, 0x2       x13=00000004 x31:00000001
21350075ns          375762 1c0091ae 01f68333 add              x6, x13, x31         x6=00000005 x13:00000004 x31:00000001
21350095ns          375763 1c0091b2 00231313 slli             x6, x6, 0x2          x6=00000014  x6:00000005
21350115ns          375764 1c0091b4 058fc733 p.min            x14, x31, x24       x14=00000001 x31:00000001 x24:00000003
21350135ns          375765 1c0091b8 02c10893 addi             x17, x2, 44         x17=10001dc4  x2:10001d98
21350155ns          375766 1c0091bc 0e010993 addi             x19, x2, 224        x19=10001e78  x2:10001d98
21350214ns          375769 1c0091c0 ffc68a13 addi             x20, x13, -4        x20=00000000 x13:00000004
21350254ns          375771 1c0091c4 fec30e13 addi             x28, x6, -20        x28=00000000  x6:00000014
21350274ns          375772 1c0091c8 00d88ab3 add              x21, x17, x13       x21=10001dc8 x17:10001dc4 x13:00000004
21350294ns          375773 1c0091cc 00d98633 add              x12, x19, x13       x12=10001e7c x19:10001e78 x13:00000004
21350354ns          375776 1c0091d0 41f70b33 sub              x22, x14, x31       x22=00000000 x14:00000001 x31:00000001
21350393ns          375778 1c0091d4 04010393 addi             x7, x2, 64           x7=10001dd8  x2:10001d98
21350413ns          375779 1c0091d8 001f8693 addi             x13, x31, 1         x13=00000002 x31:00000001
21350433ns          375780 1c0091dc 00170713 addi             x14, x14, 1         x14=00000002 x14:00000001
21350493ns          375783 1c0091de 006c8eb3 add              x29, x25, x6        x29=10001f34 x25:10001f20  x6:00000014
21350533ns          375785 1c0091e2 01488bb3 add              x23, x17, x20       x23=10001dc4 x17:10001dc4 x20:00000000
21350553ns          375786 1c0091e6 01cc8f33 add              x30, x25, x28       x30=10001f20 x25:10001f20 x28:00000000
21350573ns          375787 1c0091ea f5c62503 lw               x10, -164(x12)      x10=bd2afa22 x12:10001e7c  PA:10001dd8
21350632ns          375790 1c0091ee ffcaa583 lw               x11, -4(x21)        x11=421b0aa0 x21:10001dc8  PA:10001dc4
21350652ns          375791 1c0091f2 01a30333 add              x6, x6, x26          x6=10001ed0  x6:00000014 x26:10001ebc
21350672ns          375792 1c0091f4 007a0a33 add              x20, x20, x7        x20=10001dd8 x20:00000000  x7:10001dd8
21350692ns          375793 1c0091f6 01ae0e33 add              x28, x28, x26       x28=10001ebc x28:00000000 x26:10001ebc
21350712ns          375794 1c0091f8 00000293 addi             x5, x0, 0            x5=00000000
21350732ns          375795 1c0091fc 001b0b13 addi             x22, x22, 1         x22=00000001 x22:00000000
21350771ns          375797 1c0091fe 00d75463 bge              x14, x13, 8         x14:00000002 x13:00000002
21350851ns          375801 1c009206 145b40fb lp.setup         0x1, x22, 0x145     x22:00000001
21350871ns          375802 1c00920a a0581753 flt.s            x14, f16, f5        x14=00000000 f16:3f6e6697  f5:00000000
21350891ns          375803 1c00920e 01000633 add              x12, x0, x16        x12=3f6e6697 x16:3f6e6697
21350931ns          375805 1c009210 00070363 beq              x14, x0, 6          x14:00000000
21351010ns          375809 1c009216 a0579753 flt.s            x14, f15, f5        x14=00000001 f15:ba8d27fb  f5:00000000
21351030ns          375810 1c00921a 00f008b3 add              x17, x0, x15        x17=ba8d27fb x15:ba8d27fb
21351050ns          375811 1c00921c 00070363 beq              x14, x0, 6          x14:00000001
21351110ns          375814 1c00921e 20f798d3 fsgnjn.s         f17, f15, f15       f17=xxxxxxxx f15:ba8d27fb f15:ba8d27fb
21351149ns          375816 1c009222 a0c89753 flt.s            x14, f17, f12       x14=00000001 f17:3a8d27fb f12:3f6e6697
21351169ns          375817 1c009226 010006b3 add              x13, x0, x16        x13=3f6e6697 x16:3f6e6697
21351189ns          375818 1c009228 00071263 bne              x14, x0, 4          x14:00000001
21351289ns          375823 1c00922c 01167753 fadd.s           f14, f12, f17       f14=xxxxxxxx f12:3f6e6697 f17:3a8d27fb
21351308ns          375824 1c009230 a05723d3 feq.s            x7, f14, f5          x7=00000000 f14:3f6ead2b  f5:00000000
21351328ns          375825 1c009234 00038463 beq              x7, x0, 8            x7:00000000
21351388ns          375828 1c00923c 1c000437 lui              x8, 0x1c000000       x8=1c000000
21351448ns          375831 1c009240 02040413 addi             x8, x8, 32           x8=1c000020  x8:1c000000
21351487ns          375833 1c009244 00042403 lw               x8, 0(x8)            x8=3f800000  x8:1c000020  PA:1c000020
21351806ns          375849 1c009246 18e473d3 fdiv.s           f7, f8, f14          f7=xxxxxxxx  f8:3f800000 f14:3f6ead2b
21352084ns          375863 1c00924a 1078f8d3 fmul.s           f17, f17, f7        f17=xxxxxxxx f17:3a8d27fb  f7:3f894a5c
21352104ns          375864 1c00924e 10767653 fmul.s           f12, f12, f7        f12=xxxxxxxx f12:3f6e6697  f7:3f894a5c
21352124ns          375865 1c009252 a05696d3 flt.s            x13, f13, f5        x13=00000000 f13:3f6e6697  f5:00000000
21352144ns          375866 1c009256 1118f8d3 fmul.s           f17, f17, f17       f17=xxxxxxxx f17:3a9766cb f17:3a9766cb
21352164ns          375867 1c00925a 88c67643 fmadd.s          f12, f12, f12, f17  f12=xxxxxxxx f12:3f7fb44c f12:3f7fb44c f17:35b314da
21352223ns          375870 1c00925e 58067653 fsqrt.s          f12, f12            f12=xxxxxxxx f12:3f7f68c5
21352522ns          375885 1c009262 10c77753 fmul.s           f14, f14, f12       f14=xxxxxxxx f14:3f6ead2b f12:3f7fb457
21352542ns          375886 1c009266 00068363 beq              x13, x0, 6          x13:00000000
21352661ns          375892 1c00926c 1c0004b7 lui              x9, 0x1c000000       x9=1c000000
21352681ns          375893 1c009270 02048493 addi             x9, x9, 32           x9=1c000020  x9:1c000000
21352701ns          375894 1c009274 0004a483 lw               x9, 0(x9)            x9=3f800000  x9:1c000020  PA:1c000020
21353019ns          375910 1c009276 18e4f753 fdiv.s           f14, f9, f14        f14=xxxxxxxx  f9:3f800000 f14:3f6e66a1
21353298ns          375924 1c00927a 10e87653 fmul.s           f12, f16, f14       f12=xxxxxxxx f16:3f6e6697 f14:3f8972fb
21353317ns          375925 1c00927e 10e7f7d3 fmul.s           f15, f15, f14       f15=xxxxxxxx f15:ba8d27fb f14:3f8972fb
21353337ns          375926 1c009282 000e2683 lw               x13, 0(x28)         x13=3ed47be7 x28:10001ebc  PA:10001ebc
21353357ns          375927 1c009286 00032803 lw               x16, 0(x6)          x16=3e9767cc  x6:10001ed0  PA:10001ed0
21353377ns          375928 1c00928a 10d7f3d3 fmul.s           f7, f15, f13         f7=xxxxxxxx f15:ba979397 f13:3ed47be7
21353437ns          375931 1c00928e 1107f8d3 fmul.s           f17, f15, f16       f17=xxxxxxxx f15:ba979397 f16:3e9767cc
21353477ns          375933 1c009292 10f57753 fmul.s           f14, f10, f15       f14=xxxxxxxx f10:bd2afa22 f15:ba979397
21353496ns          375934 1c009296 39067847 fmsub.s          f16, f12, f16, f7   f16=xxxxxxxx f12:3f7ffff4 f16:3e9767cc  f7:b9fb9f2b
21353516ns          375935 1c00929a 88d676c3 fmadd.s          f13, f12, f13, f17  f13=xxxxxxxx f12:3f7ffff4 f13:3ed47be7 f17:b9b34b06
21353576ns          375938 1c00929e 10b7f3d3 fmul.s           f7, f15, f11         f7=xxxxxxxx f15:ba979397 f11:421b0aa0
21353616ns          375940 1c0092a2 01032023 sw               x16, 0(x6)          x16:3e97a6ad  x6:10001ed0  PA:10001ed0
21353636ns          375941 1c0092a6 00de2023 sw               x13, 0(x28)         x13:3ed44f0a x28:10001ebc  PA:10001ebc
21353656ns          375942 1c0092aa 004e2803 lw               x16, 4(x28)         x16=3f22920f x28:10001ebc  PA:10001ec0
21353715ns          375945 1c0092ae 00432883 lw               x17, 4(x6)          x17=bd0c362f  x6:10001ed0  PA:10001ed4
21353755ns          375947 1c0092b2 1107f453 fmul.s           f8, f15, f16         f8=xxxxxxxx f15:ba979397 f16:3f22920f
21353775ns          375948 1c0092b6 1117f6d3 fmul.s           f13, f15, f17       f13=xxxxxxxx f15:ba979397 f17:bd0c362f
21353795ns          375949 1c0092ba 70b67743 fmadd.s          f14, f12, f11, f14  f14=xxxxxxxx f12:3f7ffff4 f11:421b0aa0 f14:384a7839
21353854ns          375952 1c0092be 411678c7 fmsub.s          f17, f12, f17, f8   f17=xxxxxxxx f12:3f7ffff4 f17:bd0c362f  f8:ba4083c1
21353894ns          375954 1c0092c2 69067843 fmadd.s          f16, f12, f16, f13  f16=xxxxxxxx f12:3f7ffff4 f16:3f22920f f13:38260997
21353914ns          375955 1c0092c6 38c576c7 fmsub.s          f13, f10, f12, f7   f13=xxxxxxxx f10:bd2afa22 f12:3f7ffff4  f7:bd37994e
21353934ns          375956 1c0092ca 01132223 sw               x17, 4(x6)          x17:bd093419  x6:10001ed0  PA:10001ed4
21353994ns          375959 1c0092ce 008e2583 lw               x11, 8(x28)         x11=3e7add07 x28:10001ebc  PA:10001ec4
21354034ns          375961 1c0092d2 010e2223 sw               x16, 4(x28)         x16:3f2294a0 x28:10001ebc  PA:10001ec0
21354053ns          375962 1c0092d6 00832803 lw               x16, 8(x6)          x16=bf400d3d  x6:10001ed0  PA:10001ed8
21354073ns          375963 1c0092da 10b7f8d3 fmul.s           f17, f15, f11       f17=xxxxxxxx f15:ba979397 f11:3e7add07
21354133ns          375966 1c0092de 1107f553 fmul.s           f10, f15, f16       f10=xxxxxxxx f15:ba979397 f16:bf400d3d
21354173ns          375968 1c0092e2 a05713d3 flt.s            x7, f14, f5          x7=00000000 f14:421b0aa5  f5:00000000
21354193ns          375969 1c0092e6 890678c7 fmsub.s          f17, f12, f16, f17  f17=xxxxxxxx f12:3f7ffff4 f16:bf400d3d f17:b9948900
21354213ns          375970 1c0092ea 50b67543 fmadd.s          f10, f12, f11, f10  f10=xxxxxxxx f12:3f7ffff4 f11:3e7add07 f10:3a636d10
21354272ns          375973 1c0092ee 000aa803 lw               x16, 0(x21)         x16=c1827b7d x21:10001dc8  PA:10001dc8
21354312ns          375975 1c0092f2 01132423 sw               x17, 8(x6)          x17:bf3ffaa3  x6:10001ed0  PA:10001ed8
21354332ns          375976 1c0092f6 00ce2583 lw               x11, 12(x28)        x11=3edb5b65 x28:10001ebc  PA:10001ec8
21354352ns          375977 1c0092fa 00ae2423 sw               x10, 8(x28)         x10:3e7bc068 x28:10001ebc  PA:10001ec4
21354411ns          375980 1c0092fe 00c32403 lw               x8, 12(x6)           x8=3f007deb  x6:10001ed0  PA:10001edc
21354451ns          375982 1c009302 10b7f8d3 fmul.s           f17, f15, f11       f17=xxxxxxxx f15:ba979397 f11:3edb5b65
21354471ns          375983 1c009306 1087f553 fmul.s           f10, f15, f8        f10=xxxxxxxx f15:ba979397  f8:3f007deb
21354491ns          375984 1c00930a 00da222b p.sw             x13, 4(x20!)        x20=10001ddc x13:3b49f340 x20:10001dd8  PA:10001dd8
21354551ns          375987 1c00930e 88867447 fmsub.s          f8, f12, f8, f17     f8=xxxxxxxx f12:3f7ffff4  f8:3f007deb f17:ba01e15f
21354590ns          375989 1c009312 50b67543 fmadd.s          f10, f12, f11, f10  f10=xxxxxxxx f12:3f7ffff4 f11:3edb5b65 f10:ba1828b3
21354610ns          375990 1c009316 10f875d3 fmul.s           f11, f16, f15       f11=xxxxxxxx f16:c1827b7d f15:ba979397
21354630ns          375991 1c00931a 00832623 sw               x8, 12(x6)           x8:3f009e5d  x6:10001ed0  PA:10001edc
21354690ns          375994 1c00931e 010e2403 lw               x8, 16(x28)          x8=3ed9c724 x28:10001ebc  PA:10001ecc
21354730ns          375996 1c009322 00ae2623 sw               x10, 12(x28)        x10:3edb0f46 x28:10001ebc  PA:10001ec8
21354750ns          375997 1c009326 01032503 lw               x10, 16(x6)         x10=be9f2d26  x6:10001ed0  PA:10001ee0
21354769ns          375998 1c00932a 1087f4d3 fmul.s           f9, f15, f8          f9=xxxxxxxx f15:ba979397  f8:3ed9c724
21354829ns          376001 1c00932e 10a7f7d3 fmul.s           f15, f15, f10       f15=xxxxxxxx f15:ba979397 f10:be9f2d26
21354869ns          376003 1c009332 10c878d3 fmul.s           f17, f16, f12       f17=xxxxxxxx f16:c1827b7d f12:3f7ffff4
21354889ns          376004 1c009336 48a67547 fmsub.s          f10, f12, f10, f9   f10=xxxxxxxx f12:3f7ffff4 f10:be9f2d26  f9:ba00f204
21354909ns          376005 1c00933a 788677c3 fmadd.s          f15, f12, f8, f15   f15=xxxxxxxx f12:3f7ffff4  f8:3ed9c724 f15:39bc7ecc
21354968ns          376008 1c00933e 00a32823 sw               x10, 16(x6)         x10:be9eeca6  x6:10001ed0  PA:10001ee0
21355008ns          376010 1c009342 00fe2823 sw               x15, 16(x28)        x15:3ed9f639 x28:10001ebc  PA:10001ecc
21355028ns          376011 1c009346 00e007b3 add              x15, x0, x14        x15=421b0aa5 x14:421b0aa5
21355048ns          376012 1c009348 00038463 beq              x7, x0, 8            x7:00000000
21355147ns          376017 1c009350 a0559653 flt.s            x12, f11, f5        x12=00000000 f11:3c9a8421  f5:00000000
21355167ns          376018 1c009354 700616e3 bne              x12, x0, 3852       x12:00000000
21355187ns          376019 1c009358 00b00633 add              x12, x0, x11        x12=3c9a8421 x11:3c9a8421
21355207ns          376020 1c00935a a0f61553 flt.s            x10, f12, f15       x10=00000001 f12:3c9a8421 f15:421b0aa5
21355227ns          376021 1c00935e 00e00833 add              x16, x0, x14        x16=421b0aa5 x14:421b0aa5
21355267ns          376023 1c009360 00051263 bne              x10, x0, 4          x10:00000001
21355326ns          376026 1c009364 00c7f453 fadd.s           f8, f15, f12         f8=xxxxxxxx f15:421b0aa5 f12:3c9a8421
21355346ns          376027 1c009368 a05423d3 feq.s            x7, f8, f5           x7=00000000  f8:421b1df6  f5:00000000
21355366ns          376028 1c00936c 6a0397e3 bne              x7, x0, 3758         x7:00000000
21355426ns          376031 1c009370 1c0009b7 lui              x19, 0x1c000000     x19=1c000000
21355466ns          376033 1c009374 02098993 addi             x19, x19, 32        x19=1c000020 x19:1c000000
21355486ns          376034 1c009378 0009a983 lw               x19, 0(x19)         x19=3f800000 x19:1c000020  PA:1c000020
21355804ns          376050 1c00937c 1889f3d3 fdiv.s           f7, f19, f8          f7=xxxxxxxx f19:3f800000  f8:421b1df6
21356221ns          376071 1c009380 10767653 fmul.s           f12, f12, f7        f12=xxxxxxxx f12:3c9a8421  f7:3cd33f38
21356241ns          376072 1c009384 1077f7d3 fmul.s           f15, f15, f7        f15=xxxxxxxx f15:421b0aa5  f7:3cd33f38
21356261ns          376073 1c009388 a0581853 flt.s            x16, f16, f5        x16=00000000 f16:421b0aa5  f5:00000000
21356281ns          376074 1c00938c 10c67653 fmul.s           f12, f12, f12       f12=xxxxxxxx f12:39ff021f f12:39ff021f
21356321ns          376076 1c009390 60f7f7c3 fmadd.s          f15, f15, f15, f12  f15=xxxxxxxx f15:3f7fe01f f15:3f7fe01f f12:347e053a
21356361ns          376078 1c009394 5807f7d3 fsqrt.s          f15, f15            f15=xxxxxxxx f15:3f7fc046
21356778ns          376099 1c009398 10f47453 fmul.s           f8, f8, f15          f8=xxxxxxxx  f8:421b1df6 f15:3f7fe021
21356798ns          376100 1c00939c 00080463 beq              x16, x0, 8          x16:00000000
21356858ns          376103 1c0093a4 1c0003b7 lui              x7, 0x1c000000       x7=1c000000
21356878ns          376104 1c0093a8 02038393 addi             x7, x7, 32           x7=1c000020  x7:1c000000
21356898ns          376105 1c0093ac 0003a383 lw               x7, 0(x7)            x7=3f800000  x7:1c000020  PA:1c000020
21357256ns          376123 1c0093b0 1883f7d3 fdiv.s           f15, f7, f8         f15=xxxxxxxx  f7:3f800000  f8:421b0aa6
21357614ns          376141 1c0093b4 10f77653 fmul.s           f12, f14, f15       f12=xxxxxxxx f14:421b0aa5 f15:3cd35988
21357634ns          376142 1c0093b8 10f5f3d3 fmul.s           f7, f11, f15         f7=xxxxxxxx f11:3c9a8421 f15:3cd35988
21357654ns          376143 1c0093bc 10c6f853 fmul.s           f16, f13, f12       f16=xxxxxxxx f13:3b49f340 f12:3f7ffffe
21357674ns          376144 1c0093c0 207395d3 fsgnjn.s         f11, f7, f7         f11=xxxxxxxx  f7:39ff21e2  f7:39ff21e2
21357693ns          376145 1c0093c4 000f2783 lw               x15, 0(x30)         x15=3ed382e5 x30:10001f20  PA:10001f20
21357713ns          376146 1c0093c8 000ea483 lw               x9, 0(x29)           x9=be16fed1 x29:10001f34  PA:10001f34
21357733ns          376147 1c0093cc 1077f953 fmul.s           f18, f15, f7        f18=xxxxxxxx f15:3ed382e5  f7:39ff21e2
21357773ns          376149 1c0093d0 1074f553 fmul.s           f10, f9, f7         f10=xxxxxxxx  f9:be16fed1  f7:39ff21e2
21357813ns          376151 1c0093d4 10c8f753 fmul.s           f14, f17, f12       f14=xxxxxxxx f17:c1827b77 f12:3f7ffffe
21357833ns          376152 1c0093d8 90c4f4c7 fmsub.s          f9, f9, f12, f18     f9=xxxxxxxx  f9:be16fed1 f12:3f7ffffe f18:3952cb61
21357853ns          376153 1c0093dc 50c7f543 fmadd.s          f10, f15, f12, f10  f10=xxxxxxxx f15:3ed382e5 f12:3f7ffffe f10:b8967bce
21357912ns          376156 1c0093e0 70b6f5c3 fmadd.s          f11, f13, f11, f14  f11=xxxxxxxx f13:3b49f340 f11:b9ff21e2 f14:c1827b76
21357952ns          376158 1c0093e4 009ea023 sw               x9, 0(x29)           x9:be173383 x29:10001f34  PA:10001f34
21357972ns          376159 1c0093e8 00af2023 sw               x10, 0(x30)         x10:3ed3797c x30:10001f20  PA:10001f20
21357992ns          376160 1c0093ec 004f2503 lw               x10, 4(x30)         x10=3f07a762 x30:10001f20  PA:10001f24
21358051ns          376163 1c0093f0 004ea483 lw               x9, 4(x29)           x9=3ef39a88 x29:10001f34  PA:10001f38
21358091ns          376165 1c0093f4 10a3f9d3 fmul.s           f19, f7, f10        f19=xxxxxxxx  f7:39ff21e2 f10:3f07a762
21358111ns          376166 1c0093f8 1093f953 fmul.s           f18, f7, f9         f18=xxxxxxxx  f7:39ff21e2  f9:3ef39a88
21358131ns          376167 1c0093fc 008ba22b p.sw             x8, 4(x23!)         x23=10001dc8  x8:421b0aa6 x23:10001dc4  PA:10001dc4
21358191ns          376170 1c009400 989674c7 fmsub.s          f9, f12, f9, f19     f9=xxxxxxxx f12:3f7ffffe  f9:3ef39a88 f19:398731af
21358230ns          376172 1c009404 90a67743 fmadd.s          f14, f12, f10, f18  f14=xxxxxxxx f12:3f7ffffe f10:3f07a762 f18:3972c72b
21358250ns          376173 1c009408 8078f843 fmadd.s          f16, f17, f7, f16   f16=xxxxxxxx f17:c1827b77  f7:39ff21e2 f16:3b49f33e
21358270ns          376174 1c00940c 009ea223 sw               x9, 4(x29)           x9:3ef378ba x29:10001f34  PA:10001f38
21358330ns          376177 1c009410 00ef2223 sw               x14, 4(x30)         x14:3f07b68d x30:10001f20  PA:10001f24
21358370ns          376179 1c009414 008f2703 lw               x14, 8(x30)         x14=3e731f5d x30:10001f20  PA:10001f28
21358390ns          376180 1c009418 008ea483 lw               x9, 8(x29)           x9=3f1b96e0 x29:10001f34  PA:10001f3c
21358409ns          376181 1c00941c 10e3f953 fmul.s           f18, f7, f14        f18=xxxxxxxx  f7:39ff21e2 f14:3e731f5d
21358469ns          376184 1c009420 1093f6d3 fmul.s           f13, f7, f9         f13=xxxxxxxx  f7:39ff21e2  f9:3f1b96e0
21358509ns          376186 1c009424 000a2783 lw               x15, 0(x20)         x15=40a30073 x20:10001ddc  PA:10001ddc
21358529ns          376187 1c009428 909674c7 fmsub.s          f9, f12, f9, f18     f9=xxxxxxxx f12:3f7ffffe  f9:3f1b96e0 f18:38f24c6b
21358549ns          376188 1c00942c 68e676c3 fmadd.s          f13, f12, f14, f13  f13=xxxxxxxx f12:3f7ffffe f14:3e731f5d f13:399b0fe1
21358608ns          376191 1c009430 10c7f553 fmul.s           f10, f15, f12       f10=xxxxxxxx f15:40a30073 f12:3f7ffffe
21358648ns          376193 1c009434 009ea423 sw               x9, 8(x29)           x9:3f1b8f4c x29:10001f34  PA:10001f3c
21358668ns          376194 1c009438 00cf2703 lw               x14, 12(x30)        x14=3ef42c52 x30:10001f20  PA:10001f2c
21358688ns          376195 1c00943c 00df2423 sw               x13, 8(x30)         x13:3e736ce3 x30:10001f20  PA:10001f28
21358748ns          376198 1c009440 00cea683 lw               x13, 12(x29)        x13=bf1cda98 x29:10001f34  PA:10001f40
21358787ns          376200 1c009444 10e3f4d3 fmul.s           f9, f7, f14          f9=xxxxxxxx  f7:39ff21e2 f14:3ef42c52
21358807ns          376201 1c009448 10d3f453 fmul.s           f8, f7, f13          f8=xxxxxxxx  f7:39ff21e2 f13:bf1cda98
21358827ns          376202 1c00944c 00baa22b p.sw             x11, 4(x21!)        x21=10001dcc x11:c1827b77 x21:10001dc8  PA:10001dc8
21358887ns          376205 1c009450 48d676c7 fmsub.s          f13, f12, f13, f9   f13=xxxxxxxx f12:3f7ffffe f13:bf1cda98  f9:39735877
21358927ns          376207 1c009454 40e67743 fmadd.s          f14, f12, f14, f8   f14=xxxxxxxx f12:3f7ffffe f14:3ef42c52  f8:b99c5280
21358947ns          376208 1c009458 00aa2023 sw               x10, 0(x20)         x10:40a30072 x20:10001ddc  PA:10001ddc
21358966ns          376209 1c00945c 00dea623 sw               x13, 12(x29)        x13:bf1ce9cc x29:10001f34  PA:10001f40
21359026ns          376212 1c009460 010f2883 lw               x17, 16(x30)        x17=3f03b885 x30:10001f20  PA:10001f30
21359066ns          376214 1c009464 00ef2623 sw               x14, 12(x30)        x14:3ef4053b x30:10001f20  PA:10001f2c
21359086ns          376215 1c009468 010ea683 lw               x13, 16(x29)        x13=bdac5a32 x29:10001f34  PA:10001f44
21359106ns          376216 1c00946c 1113f453 fmul.s           f8, f7, f17          f8=xxxxxxxx  f7:39ff21e2 f17:3f03b885
21359165ns          376219 1c009470 10d3f753 fmul.s           f14, f7, f13        f14=xxxxxxxx  f7:39ff21e2 f13:bdac5a32
21359205ns          376221 1c009474 1077f7d3 fmul.s           f15, f15, f7        f15=xxxxxxxx f15:40a30073  f7:39ff21e2
21359225ns          376222 1c009478 40d676c7 fmsub.s          f13, f12, f13, f8   f13=xxxxxxxx f12:3f7ffffe f13:bdac5a32  f8:3983463c
21359245ns          376223 1c00947c 71167743 fmadd.s          f14, f12, f17, f14  f14=xxxxxxxx f12:3f7ffffe f17:3f03b885 f14:b82bc4a8
21359305ns          376226 1c009480 001f8f93 addi             x31, x31, 1         x31=00000002 x31:00000001
21359344ns          376228 1c009482 00dea823 sw               x13, 16(x29)        x13:bdacdd77 x29:10001f34  PA:10001f44
21359364ns          376229 1c009486 00ef2823 sw               x14, 16(x30)        x14:3f03b5d5 x30:10001f20  PA:10001f30
21359384ns          376230 1c00948a 014e8e93 addi             x29, x29, 20        x29=10001f48 x29:10001f34
21359404ns          376231 1c00948c 01430313 addi             x6, x6, 20           x6=10001ee4  x6:10001ed0
21359424ns          376232 1c00948e 014f0f13 addi             x30, x30, 20        x30=10001f34 x30:10001f20
21359444ns          376233 1c009490 014e0e13 addi             x28, x28, 20        x28=10001ed0 x28:10001ebc
21359484ns          376235 1c009492 2dfc4f63 blt              x24, x31, 734       x24:00000003 x31:00000002
21359503ns          376236 1c009496 002f9713 slli             x14, x31, 0x2       x14=00000008 x31:00000002
21359523ns          376237 1c00949a ffc70b13 addi             x22, x14, -4        x22=00000004 x14:00000008
21359583ns          376240 1c00949e 002c1913 slli             x18, x24, 0x2       x18=0000000c x24:00000003
21359623ns          376242 1c0094a2 01f70633 add              x12, x14, x31       x12=0000000a x14:00000008 x31:00000002
21359643ns          376243 1c0094a6 41690933 sub              x18, x18, x22       x18=00000008 x18:0000000c x22:00000004
21359663ns          376244 1c0094aa 02c10513 addi             x10, x2, 44         x10=10001dc4  x2:10001d98
21359682ns          376245 1c0094ac 04010593 addi             x11, x2, 64         x11=10001dd8  x2:10001d98
21359702ns          376246 1c0094ae 00261613 slli             x12, x12, 0x2       x12=00000028 x12:0000000a
21359742ns          376248 1c0094b0 00e50ab3 add              x21, x10, x14       x21=10001dcc x10:10001dc4 x14:00000008
21359782ns          376250 1c0094b4 00e58a33 add              x20, x11, x14       x20=10001de0 x11:10001dd8 x14:00000008
21359802ns          376251 1c0094b8 ffc90913 addi             x18, x18, -4        x18=00000004 x18:00000008
21359822ns          376252 1c0094ba ff870713 addi             x14, x14, -8        x14=00000000 x14:00000008
21359842ns          376253 1c0094bc 04010693 addi             x13, x2, 64         x13=10001dd8  x2:10001d98
21359881ns          376255 1c0094be fec60e13 addi             x28, x12, -20       x28=00000014 x12:00000028
21359921ns          376257 1c0094c2 00295913 srli             x18, x18, 0x2       x18=00000001 x18:00000004
21359941ns          376258 1c0094c6 00e689b3 add              x19, x13, x14       x19=10001dd8 x13:10001dd8 x14:00000000
21359961ns          376259 1c0094ca ffcaa583 lw               x11, -4(x21)        x11=c1827b77 x21:10001dcc  PA:10001dc8
21359981ns          376260 1c0094ce 02c10713 addi             x14, x2, 44         x14=10001dc4  x2:10001d98
21360021ns          376262 1c0094d0 ffca2503 lw               x10, -4(x20)        x10=40a30072 x20:10001de0  PA:10001ddc
21360060ns          376264 1c0094d4 00cc8f33 add              x30, x25, x12       x30=10001f48 x25:10001f20 x12:00000028
21360080ns          376265 1c0094d8 01cc8eb3 add              x29, x25, x28       x29=10001f34 x25:10001f20 x28:00000014
21360100ns          376266 1c0094dc 01a60633 add              x12, x12, x26       x12=10001ee4 x12:00000028 x26:10001ebc
21360120ns          376267 1c0094de 01ae0e33 add              x28, x28, x26       x28=10001ed0 x28:00000014 x26:10001ebc
21360160ns          376269 1c0094e0 00eb0b33 add              x22, x22, x14       x22=10001dc8 x22:00000004 x14:10001dc4
21360200ns          376271 1c0094e2 00000f93 addi             x31, x0, 0          x31=00000000
21360220ns          376272 1c0094e6 00190913 addi             x18, x18, 1         x18=00000002 x18:00000001
21360239ns          376273 1c0094e8 142940fb lp.setup         0x1, x18, 0x142     x18:00000002
21360259ns          376274 1c0094ec a1f81753 flt.s            x14, f16, f31       x14=00000001 f16:bb9f1ae2 f31:00000000
21360299ns          376276 1c0094f0 010002b3 add              x5, x0, x16          x5=bb9f1ae2 x16:bb9f1ae2
21360319ns          376277 1c0094f2 00070363 beq              x14, x0, 6          x14:00000001
21360339ns          376278 1c0094f4 210812d3 fsgnjn.s         f5, f16, f16         f5=xxxxxxxx f16:bb9f1ae2 f16:bb9f1ae2
21360359ns          376279 1c0094f8 a1f79753 flt.s            x14, f15, f31       x14=00000000 f15:3b227306 f31:00000000
21360379ns          376280 1c0094fc 00f006b3 add              x13, x0, x15        x13=3b227306 x15:3b227306
21360399ns          376281 1c0094fe 00070363 beq              x14, x0, 6          x14:00000000
21360478ns          376285 1c009504 a0569753 flt.s            x14, f13, f5        x14=00000001 f13:3b227306  f5:3b9f1ae2
21360498ns          376286 1c009508 01000333 add              x6, x0, x16          x6=bb9f1ae2 x16:bb9f1ae2
21360518ns          376287 1c00950a 00071263 bne              x14, x0, 4          x14:00000001
21360637ns          376293 1c00950e 0056f753 fadd.s           f14, f13, f5        f14=xxxxxxxx f13:3b227306  f5:3b9f1ae2
21360657ns          376294 1c009512 a1f728d3 feq.s            x17, f14, f31       x17=00000000 f14:3bf05465 f31:00000000
21360677ns          376295 1c009516 52089be3 bne              x17, x0, 3382       x17:00000000
21360697ns          376296 1c00951a 1c0003b7 lui              x7, 0x1c000000       x7=1c000000
21360757ns          376299 1c00951e 02038393 addi             x7, x7, 32           x7=1c000020  x7:1c000000
21360796ns          376301 1c009522 0003a383 lw               x7, 0(x7)            x7=3f800000  x7:1c000020  PA:1c000020
21361135ns          376318 1c009526 18e3f8d3 fdiv.s           f17, f7, f14        f17=xxxxxxxx  f7:3f800000 f14:3bf05465
21361831ns          376353 1c00952a 10d8f6d3 fmul.s           f13, f17, f13       f13=xxxxxxxx f17:43085896 f13:3b227306
21361851ns          376354 1c00952e 1058f8d3 fmul.s           f17, f17, f5        f17=xxxxxxxx f17:43085896  f5:3b9f1ae2
21361870ns          376355 1c009532 a1f312d3 flt.s            x5, f6, f31          x5=00000001  f6:bb9f1ae2 f31:00000000
21361890ns          376356 1c009536 10d6f6d3 fmul.s           f13, f13, f13       f13=xxxxxxxx f13:3ead0aa4 f13:3ead0aa4
21361910ns          376357 1c00953a 6918f6c3 fmadd.s          f13, f17, f17, f13  f13=xxxxxxxx f17:3f297aad f17:3f297aad f13:3de9eec4
21361970ns          376360 1c00953e 5806f353 fsqrt.s          f6, f13              f6=xxxxxxxx f13:3f0d710c
21362388ns          376381 1c009542 10e37353 fmul.s           f6, f6, f14          f6=xxxxxxxx  f6:3f3e4968 f14:3bf05465
21362408ns          376382 1c009546 00028463 beq              x5, x0, 8            x5:00000001
21362427ns          376383 1c00954a 20631353 fsgnjn.s         f6, f6, f6           f6=xxxxxxxx  f6:3bb2a38d  f6:3bb2a38d
21362487ns          376386 1c00954e 1c000437 lui              x8, 0x1c000000       x8=1c000000
21362527ns          376388 1c009552 02040413 addi             x8, x8, 32           x8=1c000020  x8:1c000000
21362547ns          376389 1c009556 00042403 lw               x8, 0(x8)            x8=3f800000  x8:1c000020  PA:1c000020
21362865ns          376405 1c009558 18647753 fdiv.s           f14, f8, f6         f14=xxxxxxxx  f8:3f800000  f6:bbb2a38d
21363143ns          376419 1c00955c 10e876d3 fmul.s           f13, f16, f14       f13=xxxxxxxx f16:bb9f1ae2 f14:c3376e78
21363163ns          376420 1c009560 10e7f7d3 fmul.s           f15, f15, f14       f15=xxxxxxxx f15:3b227306 f14:c3376e78
21363183ns          376421 1c009564 000e2703 lw               x14, 0(x28)         x14=3e97a6ad x28:10001ed0  PA:10001ed0
21363223ns          376423 1c009568 00062803 lw               x16, 0(x12)         x16=bf160fa3 x12:10001ee4  PA:10001ee4
21363243ns          376424 1c00956c 10e7f3d3 fmul.s           f7, f15, f14         f7=xxxxxxxx f15:bee8cca6 f14:3e97a6ad
21363263ns          376425 1c009570 1107f2d3 fmul.s           f5, f15, f16         f5=xxxxxxxx f15:bee8cca6 f16:bf160fa3
21363303ns          376427 1c009574 10f578d3 fmul.s           f17, f10, f15       f17=xxxxxxxx f10:40a30072 f15:bee8cca6
21363322ns          376428 1c009578 3906f847 fmsub.s          f16, f13, f16, f7   f16=xxxxxxxx f13:3f6401bf f16:bf160fa3  f7:be09e848
21363342ns          376429 1c00957c 28e6f743 fmadd.s          f14, f13, f14, f5   f14=xxxxxxxx f13:3f6401bf f14:3e97a6ad  f5:3e887621
21363402ns          376432 1c009580 88d5f8c3 fmadd.s          f17, f11, f13, f17  f17=xxxxxxxx f11:c1827b77 f13:3f6401bf f17:c0143ab5
21363442ns          376434 1c009584 01062023 sw               x16, 0(x12)         x16:bec659c2 x12:10001ee4  PA:10001ee4
21363462ns          376435 1c009588 00ee2023 sw               x14, 0(x28)         x14:3f07c3ce x28:10001ed0  PA:10001ed0
21363482ns          376436 1c00958c 004e2703 lw               x14, 4(x28)         x14=bd093419 x28:10001ed0  PA:10001ed4
21363541ns          376439 1c009590 00462803 lw               x16, 4(x12)         x16=3f29a500 x12:10001ee4  PA:10001ee8
21363581ns          376441 1c009594 10e7f453 fmul.s           f8, f15, f14         f8=xxxxxxxx f15:bee8cca6 f14:bd093419
21363601ns          376442 1c009598 10f873d3 fmul.s           f7, f16, f15         f7=xxxxxxxx f16:3f29a500 f15:bee8cca6
21363621ns          376443 1c00959c 10f5f2d3 fmul.s           f5, f11, f15         f5=xxxxxxxx f11:c1827b77 f15:bee8cca6
21363681ns          376446 1c0095a0 40d87847 fmsub.s          f16, f16, f13, f8   f16=xxxxxxxx f16:3f29a500 f13:3f6401bf  f8:3c7989ca
21363720ns          376448 1c0095a4 38e6f743 fmadd.s          f14, f13, f14, f7   f14=xxxxxxxx f13:3f6401bf f14:bd093419  f7:be9a4525
21363740ns          376449 1c0095a8 0069a22b p.sw             x6, 4(x19!)         x19=10001ddc  x6:bbb2a38d x19:10001dd8  PA:10001dd8
21363760ns          376450 1c0095ac 01062223 sw               x16, 4(x12)         x16:3f1331f5 x12:10001ee4  PA:10001ee8
21363820ns          376453 1c0095b0 00ee2223 sw               x14, 4(x28)         x14:bea98b90 x28:10001ed0  PA:10001ed4
21363860ns          376455 1c0095b4 008e2703 lw               x14, 8(x28)         x14=bf3ffaa3 x28:10001ed0  PA:10001ed8
21363879ns          376456 1c0095b8 00862803 lw               x16, 8(x12)         x16=bed48281 x12:10001ee4  PA:10001eec
21363899ns          376457 1c0095bc 10f773d3 fmul.s           f7, f14, f15         f7=xxxxxxxx f14:bf3ffaa3 f15:bee8cca6
21363959ns          376460 1c0095c0 10f875d3 fmul.s           f11, f16, f15       f11=xxxxxxxx f16:bed48281 f15:bee8cca6
21363999ns          376462 1c0095c4 28d57547 fmsub.s          f10, f10, f13, f5   f10=xxxxxxxx f10:40a30072 f13:3f6401bf  f5:40ed5066
21364019ns          376463 1c0095c8 38d873c7 fmsub.s          f7, f16, f13, f7     f7=xxxxxxxx f16:bed48281 f13:3f6401bf  f7:3eae949c
21364039ns          376464 1c0095cc 58d775c3 fmadd.s          f11, f14, f13, f11  f11=xxxxxxxx f14:bf3ffaa3 f13:3f6401bf f11:3e414027
21364098ns          376467 1c0095d0 a1f892d3 flt.s            x5, f17, f31         x5=00000001 f17:c186be30 f31:00000000
21364138ns          376469 1c0095d4 00762423 sw               x7, 8(x12)           x7:bf35ed25 x12:10001ee4  PA:10001eec
21364158ns          376470 1c0095d8 00ce2703 lw               x14, 12(x28)        x14=3f009e5d x28:10001ed0  PA:10001edc
21364178ns          376471 1c0095dc 00be2423 sw               x11, 8(x28)         x11:bef558fd x28:10001ed0  PA:10001ed8
21364237ns          376474 1c0095e0 00c62383 lw               x7, 12(x12)          x7=be5698a7 x12:10001ee4  PA:10001ef0
21364277ns          376476 1c0095e4 10f77453 fmul.s           f8, f14, f15         f8=xxxxxxxx f14:3f009e5d f15:bee8cca6
21364297ns          376477 1c0095e8 10f3f5d3 fmul.s           f11, f7, f15        f11=xxxxxxxx  f7:be5698a7 f15:bee8cca6
21364317ns          376478 1c0095ec 000aa803 lw               x16, 0(x21)         x16=c0f4804e x21:10001dcc  PA:10001dcc
21364377ns          376481 1c0095f0 40d3f3c7 fmsub.s          f7, f7, f13, f8      f7=xxxxxxxx  f7:be5698a7 f13:3f6401bf  f8:be69ecac
21364416ns          376483 1c0095f4 58d775c3 fmadd.s          f11, f14, f13, f11  f11=xxxxxxxx f14:3f009e5d f13:3f6401bf f11:3dc325e4
21364436ns          376484 1c0095f8 00a9a023 sw               x10, 0(x19)         x10:c03845c8 x19:10001ddc  PA:10001ddc
21364456ns          376485 1c0095fc 00762623 sw               x7, 12(x12)          x7:3d2b2d02 x12:10001ee4  PA:10001ef0
21364516ns          376488 1c009600 010e2703 lw               x14, 16(x28)        x14=be9eeca6 x28:10001ed0  PA:10001ee0
21364556ns          376490 1c009604 00be2623 sw               x11, 12(x28)        x11:3f0af2a8 x28:10001ed0  PA:10001edc
21364576ns          376491 1c009608 01062583 lw               x11, 16(x12)        x11=3d05f326 x12:10001ee4  PA:10001ef4
21364595ns          376492 1c00960a 10f773d3 fmul.s           f7, f14, f15         f7=xxxxxxxx f14:be9eeca6 f15:bee8cca6
21364655ns          376495 1c00960e 10f5f353 fmul.s           f6, f11, f15         f6=xxxxxxxx f11:3d05f326 f15:bee8cca6
21364695ns          376497 1c009612 1107f7d3 fmul.s           f15, f15, f16       f15=xxxxxxxx f15:bee8cca6 f16:c0f4804e
21364715ns          376498 1c009616 38d5f5c7 fmsub.s          f11, f11, f13, f7   f11=xxxxxxxx f11:3d05f326 f13:3f6401bf  f7:3e108582
21364735ns          376499 1c00961a 30d77743 fmadd.s          f14, f14, f13, f6   f14=xxxxxxxx f14:be9eeca6 f13:3f6401bf  f6:bc739ede
21364794ns          376502 1c00961e 1106f6d3 fmul.s           f13, f13, f16       f13=xxxxxxxx f13:3f6401bf f16:c0f4804e
21364814ns          376503 1c009622 00b62823 sw               x11, 16(x12)        x11:bde56448 x12:10001ee4  PA:10001ef4
21364834ns          376504 1c009624 00ee2823 sw               x14, 16(x28)        x14:be9528d0 x28:10001ed0  PA:10001ee0
21364854ns          376505 1c009628 01100333 add              x6, x0, x17          x6=c186be30 x17:c186be30
21364874ns          376506 1c00962a 00028463 beq              x5, x0, 8            x5:00000001
21364934ns          376509 1c00962e 21189353 fsgnjn.s         f6, f17, f17         f6=xxxxxxxx f17:c186be30 f17:c186be30
21364973ns          376511 1c009632 a1f79753 flt.s            x14, f15, f31       x14=00000000 f15:405e57bb f31:00000000
21364993ns          376512 1c009636 420719e3 bne              x14, x0, 3122       x14:00000000
21365013ns          376513 1c00963a 00f00733 add              x14, x0, x15        x14=405e57bb x15:405e57bb
21365033ns          376514 1c00963c a0671853 flt.s            x16, f14, f6        x16=00000001 f14:405e57bb  f6:4186be30
21365073ns          376516 1c009640 011003b3 add              x7, x0, x17          x7=c186be30 x17:c186be30
21365113ns          376518 1c009642 00081363 bne              x16, x0, 6          x16:00000001
21365172ns          376521 1c009648 006772d3 fadd.s           f5, f14, f6          f5=xxxxxxxx f14:405e57bb  f6:4186be30
21365192ns          376522 1c00964c a1f2a5d3 feq.s            x11, f5, f31        x11=00000000  f5:41a28927 f31:00000000
21365252ns          376525 1c009650 3a0593e3 bne              x11, x0, 2982       x11:00000000
21365292ns          376527 1c009654 1c000437 lui              x8, 0x1c000000       x8=1c000000
21365312ns          376528 1c009658 02040413 addi             x8, x8, 32           x8=1c000020  x8:1c000000
21365331ns          376529 1c00965c 00042403 lw               x8, 0(x8)            x8=3f800000  x8:1c000020  PA:1c000020
21365670ns          376546 1c00965e 185475d3 fdiv.s           f11, f8, f5         f11=xxxxxxxx  f8:3f800000  f5:41a28927
21366127ns          376569 1c009662 10e5f753 fmul.s           f14, f11, f14       f14=xxxxxxxx f11:3d499ad9 f14:405e57bb
21366147ns          376570 1c009666 a1f393d3 flt.s            x7, f7, f31          x7=00000001  f7:c186be30 f31:00000000
21366167ns          376571 1c00966a 1065f5d3 fmul.s           f11, f11, f6        f11=xxxxxxxx f11:3d499ad9  f6:4186be30
21366187ns          376572 1c00966e 10e77753 fmul.s           f14, f14, f14       f14=xxxxxxxx f14:3e2f195f f14:3e2f195f
21366207ns          376573 1c009672 70b5f743 fmadd.s          f14, f11, f11, f14  f14=xxxxxxxx f11:3f5439a9 f11:3f5439a9 f14:3cef8765
21366227ns          376574 1c009676 58077353 fsqrt.s          f6, f14              f6=xxxxxxxx f14:3f376bc8
21366684ns          376597 1c00967a 10537353 fmul.s           f6, f6, f5           f6=xxxxxxxx  f6:3f58b15d  f5:41a28927
21366704ns          376598 1c00967e 00038463 beq              x7, x0, 8            x7:00000001
21366724ns          376599 1c009682 20631353 fsgnjn.s         f6, f6, f6           f6=xxxxxxxx  f6:41899455  f6:41899455
21366744ns          376600 1c009686 1c0004b7 lui              x9, 0x1c000000       x9=1c000000
21366764ns          376601 1c00968a 02048493 addi             x9, x9, 32           x9=1c000020  x9:1c000000
21366783ns          376602 1c00968e 0004a483 lw               x9, 0(x9)            x9=3f800000  x9:1c000020  PA:1c000020
21367122ns          376619 1c009690 1864f753 fdiv.s           f14, f9, f6         f14=xxxxxxxx  f9:3f800000  f6:c1899455
21367400ns          376633 1c009694 111778d3 fmul.s           f17, f14, f17       f17=xxxxxxxx f14:bd6e2cd7 f17:c186be30
21367420ns          376634 1c009698 10f77753 fmul.s           f14, f14, f15       f14=xxxxxxxx f14:bd6e2cd7 f15:405e57bb
21367440ns          376635 1c00969c 10a8f853 fmul.s           f16, f17, f10       f16=xxxxxxxx f17:3f7ab8d5 f10:c03845c8
21367460ns          376636 1c0096a0 20e71bd3 fsgnjn.s         f23, f14, f14       f23=xxxxxxxx f14:be4edc82 f14:be4edc82
21367480ns          376637 1c0096a4 000ea783 lw               x15, 0(x29)         x15=be173383 x29:10001f34  PA:10001f34
21367500ns          376638 1c0096a8 000f2383 lw               x7, 0(x30)           x7=3eebc6d0 x30:10001f48  PA:10001f48
21367519ns          376639 1c0096ac 10e7f453 fmul.s           f8, f15, f14         f8=xxxxxxxx f15:be173383 f14:be4edc82
21367559ns          376641 1c0096b0 10e3f2d3 fmul.s           f5, f7, f14          f5=xxxxxxxx  f7:3eebc6d0 f14:be4edc82
21367599ns          376643 1c0096b4 006b222b p.sw             x6, 4(x22!)         x22=10001dcc  x6:c1899455 x22:10001dc8  PA:10001dc8
21367619ns          376644 1c0096b8 4113f3c7 fmsub.s          f7, f7, f17, f8      f7=xxxxxxxx  f7:3eebc6d0 f17:3f7ab8d5  f8:3cf45b61
21367639ns          376645 1c0096bc 2917f2c3 fmadd.s          f5, f15, f17, f5     f5=xxxxxxxx f15:be173383 f17:3f7ab8d5  f5:bdbe8512
21367698ns          376648 1c0096c0 10d8f5d3 fmul.s           f11, f17, f13       f11=xxxxxxxx f17:3f7ab8d5 f13:c0d9c3f0
21367738ns          376650 1c0096c4 007f2023 sw               x7, 0(x30)           x7:3ed7a4ac x30:10001f48  PA:10001f48
21367758ns          376651 1c0096c8 005ea023 sw               x5, 0(x29)           x5:be735802 x29:10001f34  PA:10001f34
21367778ns          376652 1c0096cc 004ea283 lw               x5, 4(x29)           x5=3ef378ba x29:10001f34  PA:10001f38
21367838ns          376655 1c0096d0 004f2383 lw               x7, 4(x30)           x7=bf20e44d x30:10001f48  PA:10001f4c
21367877ns          376657 1c0096d4 10e2f4d3 fmul.s           f9, f5, f14          f9=xxxxxxxx  f5:3ef378ba f14:be4edc82
21367897ns          376658 1c0096d8 10e3f453 fmul.s           f8, f7, f14          f8=xxxxxxxx  f7:bf20e44d f14:be4edc82
21367917ns          376659 1c0096dc 80d77843 fmadd.s          f16, f14, f13, f16  f16=xxxxxxxx f14:be4edc82 f13:c0d9c3f0 f16:c0347931
21368017ns          376664 1c0096e0 4913f3c7 fmsub.s          f7, f7, f17, f9      f7=xxxxxxxx  f7:bf20e44d f17:3f7ab8d5  f9:bdc4bcdd
21368056ns          376666 1c0096e4 4112f2c3 fmadd.s          f5, f5, f17, f8      f5=xxxxxxxx  f5:3ef378ba f17:3f7ab8d5  f8:3e02024c
21368076ns          376667 1c0096e8 000a2783 lw               x15, 0(x20)         x15=40158542 x20:10001de0  PA:10001de0
21368096ns          376668 1c0096ec 007f2223 sw               x7, 4(x30)           x7:bf04fb82 x30:10001f48  PA:10001f4c
21368156ns          376671 1c0096f0 005ea223 sw               x5, 4(x29)           x5:3f17ba6a x29:10001f34  PA:10001f38
21368196ns          376673 1c0096f4 008ea283 lw               x5, 8(x29)           x5=3f1b8f4c x29:10001f34  PA:10001f3c
21368216ns          376674 1c0096f8 008f2383 lw               x7, 8(x30)           x7=3f20140a x30:10001f48  PA:10001f50
21368236ns          376675 1c0096fc 10e2f4d3 fmul.s           f9, f5, f14          f9=xxxxxxxx  f5:3f1b8f4c f14:be4edc82
21368295ns          376678 1c009700 10e3f453 fmul.s           f8, f7, f14          f8=xxxxxxxx  f7:3f20140a f14:be4edc82
21368335ns          376680 1c009704 58abf5c3 fmadd.s          f11, f23, f10, f11  f11=xxxxxxxx f23:3e4edc82 f10:c03845c8 f11:c0d54692
21368355ns          376681 1c009708 4913f3c7 fmsub.s          f7, f7, f17, f9      f7=xxxxxxxx  f7:3f20140a f17:3f7ab8d5  f9:bdfb669b
21368375ns          376682 1c00970c 4112f2c3 fmadd.s          f5, f5, f17, f8      f5=xxxxxxxx  f5:3f1b8f4c f17:3f7ab8d5  f8:be015a03
21368434ns          376685 1c009710 1117f553 fmul.s           f10, f15, f17       f10=xxxxxxxx f15:40158542 f17:3f7ab8d5
21368474ns          376687 1c009714 007f2423 sw               x7, 8(x30)           x7:3f3c33f9 x30:10001f48  PA:10001f50
21368494ns          376688 1c009718 00cea303 lw               x6, 12(x29)          x6=bf1ce9cc x29:10001f34  PA:10001f40
21368514ns          376689 1c00971c 005ea423 sw               x5, 8(x29)           x5:3ef00780 x29:10001f34  PA:10001f3c
21368574ns          376692 1c009720 00cf2283 lw               x5, 12(x30)          x5=3cd71bcc x30:10001f48  PA:10001f54
21368613ns          376694 1c009724 10e37453 fmul.s           f8, f6, f14          f8=xxxxxxxx  f6:bf1ce9cc f14:be4edc82
21368633ns          376695 1c009728 10e2f3d3 fmul.s           f7, f5, f14          f7=xxxxxxxx  f5:3cd71bcc f14:be4edc82
21368653ns          376696 1c00972c 014f0f13 addi             x30, x30, 20        x30=10001f5c x30:10001f48
21368713ns          376699 1c00972e 4112f2c7 fmsub.s          f5, f5, f17, f8      f5=xxxxxxxx  f5:3cd71bcc f17:3f7ab8d5  f8:3dfd9696
21368753ns          376701 1c009732 39137343 fmadd.s          f6, f6, f17, f7      f6=xxxxxxxx  f6:bf1ce9cc f17:3f7ab8d5  f7:bbadd1a7
21368773ns          376702 1c009736 00baa22b p.sw             x11, 4(x21!)        x21=10001dd0 x11:c0e7e36e x21:10001dcc  PA:10001dcc
21368792ns          376703 1c00973a fe5f2c23 sw               x5, -8(x30)          x5:bdc8eb79 x30:10001f5c  PA:10001f54
21368852ns          376706 1c00973e 010ea683 lw               x13, 16(x29)        x13=bdacdd77 x29:10001f34  PA:10001f44
21368892ns          376708 1c009742 006ea623 sw               x6, 12(x29)          x6:bf1b093f x29:10001f34  PA:10001f40
21368912ns          376709 1c009746 ffcf2303 lw               x6, -4(x30)          x6=bd10cdff x30:10001f5c  PA:10001f58
21368932ns          376710 1c00974a 10e6f3d3 fmul.s           f7, f13, f14         f7=xxxxxxxx f13:bdacdd77 f14:be4edc82
21368991ns          376713 1c00974e 10e372d3 fmul.s           f5, f6, f14          f5=xxxxxxxx  f6:bd10cdff f14:be4edc82
21369031ns          376715 1c009752 00aa222b p.sw             x10, 4(x20!)        x20=10001de4 x10:40127017 x20:10001de0  PA:10001de0
21369051ns          376716 1c009756 39137347 fmsub.s          f6, f6, f17, f7      f6=xxxxxxxx  f6:bd10cdff f17:3f7ab8d5  f7:3c8baf1c
21369071ns          376717 1c00975a 2916f8c3 fmadd.s          f17, f13, f17, f5   f17=xxxxxxxx f13:bdacdd77 f17:3f7ab8d5  f5:3bea04fc
21369091ns          376718 1c00975e 01460613 addi             x12, x12, 20        x12=10001ef8 x12:10001ee4
21369131ns          376720 1c009760 fe6f2e23 sw               x6, -4(x30)          x6:bd53a946 x30:10001f5c  PA:10001f58
21369170ns          376722 1c009764 011ea823 sw               x17, 16(x29)        x17:bd9aacc5 x29:10001f34  PA:10001f44
21369190ns          376723 1c009768 014e0e13 addi             x28, x28, 20        x28=10001ee4 x28:10001ed0
21369210ns          376724 1c00976a 014e8e93 addi             x29, x29, 20        x29=10001f48 x29:10001f34
21369230ns          376725 1c00976c 10e7f7d3 fmul.s           f15, f15, f14       f15=xxxxxxxx f15:40158542 f14:be4edc82
21369349ns          376731 1c0094ec a1f81753 flt.s            x14, f16, f31       x14=00000001 f16:bfb8fb24 f31:00000000
21369429ns          376735 1c0094f0 010002b3 add              x5, x0, x16          x5=bfb8fb24 x16:bfb8fb24
21369449ns          376736 1c0094f2 00070363 beq              x14, x0, 6          x14:00000001
21369469ns          376737 1c0094f4 210812d3 fsgnjn.s         f5, f16, f16         f5=xxxxxxxx f16:bfb8fb24 f16:bfb8fb24
21369489ns          376738 1c0094f8 a1f79753 flt.s            x14, f15, f31       x14=00000001 f15:bef1a40b f31:00000000
21369509ns          376739 1c0094fc 00f006b3 add              x13, x0, x15        x13=bef1a40b x15:bef1a40b
21369528ns          376740 1c0094fe 00070363 beq              x14, x0, 6          x14:00000001
21369568ns          376742 1c009500 20f796d3 fsgnjn.s         f13, f15, f15       f13=xxxxxxxx f15:bef1a40b f15:bef1a40b
21369608ns          376744 1c009504 a0569753 flt.s            x14, f13, f5        x14=00000001 f13:3ef1a40b  f5:3fb8fb24
21369628ns          376745 1c009508 01000333 add              x6, x0, x16          x6=bfb8fb24 x16:bfb8fb24
21369648ns          376746 1c00950a 00071263 bne              x14, x0, 4          x14:00000001
21369767ns          376752 1c00950e 0056f753 fadd.s           f14, f13, f5        f14=xxxxxxxx f13:3ef1a40b  f5:3fb8fb24
21369787ns          376753 1c009512 a1f728d3 feq.s            x17, f14, f31       x17=00000000 f14:3ff56427 f31:00000000
21369807ns          376754 1c009516 52089be3 bne              x17, x0, 3382       x17:00000000
21369827ns          376755 1c00951a 1c0003b7 lui              x7, 0x1c000000       x7=1c000000
21369847ns          376756 1c00951e 02038393 addi             x7, x7, 32           x7=1c000020  x7:1c000000
21369867ns          376757 1c009522 0003a383 lw               x7, 0(x7)            x7=3f800000  x7:1c000020  PA:1c000020
21370205ns          376774 1c009526 18e3f8d3 fdiv.s           f17, f7, f14        f17=xxxxxxxx  f7:3f800000 f14:3ff56427
21370483ns          376788 1c00952a 10d8f6d3 fmul.s           f13, f17, f13       f13=xxxxxxxx f17:3f0588a1 f13:3ef1a40b
21370503ns          376789 1c00952e 1058f8d3 fmul.s           f17, f17, f5        f17=xxxxxxxx f17:3f0588a1  f5:3fb8fb24
21370523ns          376790 1c009532 a1f312d3 flt.s            x5, f6, f31          x5=00000001  f6:bfb8fb24 f31:00000000
21370543ns          376791 1c009536 10d6f6d3 fmul.s           f13, f13, f13       f13=xxxxxxxx f13:3e7c1662 f13:3e7c1662
21370563ns          376792 1c00953a 6918f6c3 fmadd.s          f13, f17, f17, f13  f13=xxxxxxxx f17:3f40fa67 f17:3f40fa67 f13:3d783c13
21370622ns          376795 1c00953e 5806f353 fsqrt.s          f6, f13              f6=xxxxxxxx f13:3f20fc51
21370901ns          376809 1c009542 10e37353 fmul.s           f6, f6, f14          f6=xxxxxxxx  f6:3f4b0217 f14:3ff56427
21370921ns          376810 1c009546 00028463 beq              x5, x0, 8            x5:00000001
21370941ns          376811 1c00954a 20631353 fsgnjn.s         f6, f6, f6           f6=xxxxxxxx  f6:3fc2986c  f6:3fc2986c
21370961ns          376812 1c00954e 1c000437 lui              x8, 0x1c000000       x8=1c000000
21370980ns          376813 1c009552 02040413 addi             x8, x8, 32           x8=1c000020  x8:1c000000
21371000ns          376814 1c009556 00042403 lw               x8, 0(x8)            x8=3f800000  x8:1c000020  PA:1c000020
21371319ns          376830 1c009558 18647753 fdiv.s           f14, f8, f6         f14=xxxxxxxx  f8:3f800000  f6:bfc2986c
21371597ns          376844 1c00955c 10e876d3 fmul.s           f13, f16, f14       f13=xxxxxxxx f16:bfb8fb24 f14:bf2863f2
21371617ns          376845 1c009560 10e7f7d3 fmul.s           f15, f15, f14       f15=xxxxxxxx f15:bef1a40b f14:bf2863f2
21371637ns          376846 1c009564 000e2703 lw               x14, 0(x28)         x14=bec659c2 x28:10001ee4  PA:10001ee4
21371657ns          376847 1c009568 00062803 lw               x16, 0(x12)         x16=3f18f18a x12:10001ef8  PA:10001ef8
21371677ns          376848 1c00956c 10e7f3d3 fmul.s           f7, f15, f14         f7=xxxxxxxx f15:3e9ef1fe f14:bec659c2
21371696ns          376849 1c009570 1107f2d3 fmul.s           f5, f15, f16         f5=xxxxxxxx f15:3e9ef1fe f16:3f18f18a
21371716ns          376850 1c009574 10f578d3 fmul.s           f17, f10, f15       f17=xxxxxxxx f10:40127017 f15:3e9ef1fe
21371736ns          376851 1c009578 3906f847 fmsub.s          f16, f13, f16, f7   f16=xxxxxxxx f13:3f735a0f f16:3f18f18a  f7:bdf64dca
21371756ns          376852 1c00957c 28e6f743 fmadd.s          f14, f13, f14, f5   f14=xxxxxxxx f13:3f735a0f f14:bec659c2  f5:3e3deb4d
21371776ns          376853 1c009580 88d5f8c3 fmadd.s          f17, f11, f13, f17  f17=xxxxxxxx f11:c0e7e36e f13:3f735a0f f17:3f35d736
21371796ns          376854 1c009584 01062023 sw               x16, 0(x12)         x16:3f302ccd x12:10001ef8  PA:10001ef8
21371816ns          376855 1c009588 00ee2023 sw               x14, 0(x28)         x14:be3b2ea8 x28:10001ee4  PA:10001ee4
21371836ns          376856 1c00958c 004e2703 lw               x14, 4(x28)         x14=3f1331f5 x28:10001ee4  PA:10001ee8
21371856ns          376857 1c009590 00462803 lw               x16, 4(x12)         x16=3dc8dac9 x12:10001ef8  PA:10001efc
21371876ns          376858 1c009594 10e7f453 fmul.s           f8, f15, f14         f8=xxxxxxxx f15:3e9ef1fe f14:3f1331f5
21371895ns          376859 1c009598 10f873d3 fmul.s           f7, f16, f15         f7=xxxxxxxx f16:3dc8dac9 f15:3e9ef1fe
21371915ns          376860 1c00959c 10f5f2d3 fmul.s           f5, f11, f15         f5=xxxxxxxx f11:c0e7e36e f15:3e9ef1fe
21371935ns          376861 1c0095a0 40d87847 fmsub.s          f16, f16, f13, f8   f16=xxxxxxxx f16:3dc8dac9 f13:3f735a0f  f8:3e36c7f3
21371955ns          376862 1c0095a4 38e6f743 fmadd.s          f14, f13, f14, f7   f14=xxxxxxxx f13:3f735a0f f14:3f1331f5  f7:3cf969cb
21371975ns          376863 1c0095a8 0069a22b p.sw             x6, 4(x19!)         x19=10001de0  x6:bfc2986c x19:10001ddc  PA:10001ddc
21371995ns          376864 1c0095ac 01062223 sw               x16, 4(x12)         x16:bdaea191 x12:10001ef8  PA:10001efc
21372015ns          376865 1c0095b0 00ee2223 sw               x14, 4(x28)         x14:3f13b782 x28:10001ee4  PA:10001ee8
21372035ns          376866 1c0095b4 008e2703 lw               x14, 8(x28)         x14=bf35ed25 x28:10001ee4  PA:10001eec
21372055ns          376867 1c0095b8 00862803 lw               x16, 8(x12)         x16=bea122af x12:10001ef8  PA:10001f00
21372074ns          376868 1c0095bc 10f773d3 fmul.s           f7, f14, f15         f7=xxxxxxxx f14:bf35ed25 f15:3e9ef1fe
21372114ns          376870 1c0095c0 10f875d3 fmul.s           f11, f16, f15       f11=xxxxxxxx f16:bea122af f15:3e9ef1fe
21372154ns          376872 1c0095c4 28d57547 fmsub.s          f10, f10, f13, f5   f10=xxxxxxxx f10:40127017 f13:3f735a0f  f5:c00ff991
21372174ns          376873 1c0095c8 38d873c7 fmsub.s          f7, f16, f13, f7     f7=xxxxxxxx f16:bea122af f13:3f735a0f  f7:be61e8ab
21372194ns          376874 1c0095cc 58d775c3 fmadd.s          f11, f14, f13, f11  f11=xxxxxxxx f14:bf35ed25 f13:3f735a0f f11:bdc81773
21372253ns          376877 1c0095d0 a1f892d3 flt.s            x5, f17, f31         x5=00000001 f17:c0c5b38e f31:00000000
21372293ns          376879 1c0095d4 00762423 sw               x7, 8(x12)           x7:bda0e119 x12:10001ef8  PA:10001f00
21372313ns          376880 1c0095d8 00ce2703 lw               x14, 12(x28)        x14=3d2b2d02 x28:10001ee4  PA:10001ef0
21372333ns          376881 1c0095dc 00be2423 sw               x11, 8(x28)         x11:bf45f309 x28:10001ee4  PA:10001eec
21372393ns          376884 1c0095e0 00c62383 lw               x7, 12(x12)          x7=bf361b9b x12:10001ef8  PA:10001f04
21372432ns          376886 1c0095e4 10f77453 fmul.s           f8, f14, f15         f8=xxxxxxxx f14:3d2b2d02 f15:3e9ef1fe
21372452ns          376887 1c0095e8 10f3f5d3 fmul.s           f11, f7, f15        f11=xxxxxxxx  f7:bf361b9b f15:3e9ef1fe
21372472ns          376888 1c0095ec 000aa803 lw               x16, 0(x21)         x16=c1186728 x21:10001dd0  PA:10001dd0
21372532ns          376891 1c0095f0 40d3f3c7 fmsub.s          f7, f7, f13, f8      f7=xxxxxxxx  f7:bf361b9b f13:3f735a0f  f8:3c548f2d
21372572ns          376893 1c0095f4 58d775c3 fmadd.s          f11, f14, f13, f11  f11=xxxxxxxx f14:3d2b2d02 f13:3f735a0f f11:be62225d
21372592ns          376894 1c0095f8 00a9a023 sw               x10, 0(x19)         x10:408d96bd x19:10001de0  PA:10001de0
21372611ns          376895 1c0095fc 00762623 sw               x7, 12(x12)          x7:bf306e81 x12:10001ef8  PA:10001f04
21372671ns          376898 1c009600 010e2703 lw               x14, 16(x28)        x14=bde56448 x28:10001ee4  PA:10001ef4
21372711ns          376900 1c009604 00be2623 sw               x11, 12(x28)        x11:be397461 x28:10001ee4  PA:10001ef0
21372731ns          376901 1c009608 01062583 lw               x11, 16(x12)        x11=3e2c7d22 x12:10001ef8  PA:10001f08
21372751ns          376902 1c00960a 10f773d3 fmul.s           f7, f14, f15         f7=xxxxxxxx f14:bde56448 f15:3e9ef1fe
21372810ns          376905 1c00960e 10f5f353 fmul.s           f6, f11, f15         f6=xxxxxxxx f11:3e2c7d22 f15:3e9ef1fe
21372850ns          376907 1c009612 1107f7d3 fmul.s           f15, f15, f16       f15=xxxxxxxx f15:3e9ef1fe f16:c1186728
21372870ns          376908 1c009616 38d5f5c7 fmsub.s          f11, f11, f13, f7   f11=xxxxxxxx f11:3e2c7d22 f13:3f735a0f  f7:bd0e6cbb
21372890ns          376909 1c00961a 30d77743 fmadd.s          f14, f14, f13, f6   f14=xxxxxxxx f14:bde56448 f13:3f735a0f  f6:3d563090
21372950ns          376912 1c00961e 1106f6d3 fmul.s           f13, f13, f16       f13=xxxxxxxx f13:3f735a0f f16:c1186728
21372970ns          376913 1c009622 00b62823 sw               x11, 16(x12)        x11:3e4792a4 x12:10001ef8  PA:10001f08
21372989ns          376914 1c009624 00ee2823 sw               x14, 16(x28)        x14:bd5ded36 x28:10001ee4  PA:10001ef4
21373009ns          376915 1c009628 01100333 add              x6, x0, x17          x6=c0c5b38e x17:c0c5b38e
21373029ns          376916 1c00962a 00028463 beq              x5, x0, 8            x5:00000001
21373089ns          376919 1c00962e 21189353 fsgnjn.s         f6, f17, f17         f6=xxxxxxxx f17:c0c5b38e f17:c0c5b38e
21373129ns          376921 1c009632 a1f79753 flt.s            x14, f15, f31       x14=00000001 f15:c03d3f76 f31:00000000
21373149ns          376922 1c009636 420719e3 bne              x14, x0, 3122       x14:00000001
21373308ns          376930 1c00a268 20f79753 fsgnjn.s         f14, f15, f15       f14=xxxxxxxx f15:c03d3f76 f15:c03d3f76
21373347ns          376932 1c00a26c bd0ff06f jal              x0, -3120          
21373447ns          376937 1c00963c a0671853 flt.s            x16, f14, f6        x16=00000001 f14:403d3f76  f6:40c5b38e
21373467ns          376938 1c009640 011003b3 add              x7, x0, x17          x7=c0c5b38e x17:c0c5b38e
21373487ns          376939 1c009642 00081363 bne              x16, x0, 6          x16:00000001
21373546ns          376942 1c009648 006772d3 fadd.s           f5, f14, f6          f5=xxxxxxxx f14:403d3f76  f6:40c5b38e
21373566ns          376943 1c00964c a1f2a5d3 feq.s            x11, f5, f31        x11=00000000  f5:411229a4 f31:00000000
21373646ns          376947 1c009650 3a0593e3 bne              x11, x0, 2982       x11:00000000
21373686ns          376949 1c009654 1c000437 lui              x8, 0x1c000000       x8=1c000000
21373705ns          376950 1c009658 02040413 addi             x8, x8, 32           x8=1c000020  x8:1c000000
21373725ns          376951 1c00965c 00042403 lw               x8, 0(x8)            x8=3f800000  x8:1c000020  PA:1c000020
21374083ns          376969 1c00965e 185475d3 fdiv.s           f11, f8, f5         f11=xxxxxxxx  f8:3f800000  f5:411229a4
21374362ns          376983 1c009662 10e5f753 fmul.s           f14, f11, f14       f14=xxxxxxxx f11:3de03047 f14:403d3f76
21374382ns          376984 1c009666 a1f393d3 flt.s            x7, f7, f31          x7=00000001  f7:c0c5b38e f31:00000000
21374402ns          376985 1c00966a 1065f5d3 fmul.s           f11, f11, f6        f11=xxxxxxxx f11:3de03047  f6:40c5b38e
21374422ns          376986 1c00966e 10e77753 fmul.s           f14, f14, f14       f14=xxxxxxxx f14:3ea5bb38 f14:3ea5bb38
21374441ns          376987 1c009672 70b5f743 fmadd.s          f14, f11, f11, f14  f14=xxxxxxxx f11:3f2d2265 f11:3f2d2265 f14:3dd695be
21374461ns          376988 1c009676 58077353 fsqrt.s          f6, f14              f6=xxxxxxxx f14:3f0fea39
21374740ns          377002 1c00967a 10537353 fmul.s           f6, f6, f5           f6=xxxxxxxx  f6:3f3ff17b  f5:411229a4
21374760ns          377003 1c00967e 00038463 beq              x7, x0, 8            x7:00000001
21374780ns          377004 1c009682 20631353 fsgnjn.s         f6, f6, f6           f6=xxxxxxxx  f6:40db2de2  f6:40db2de2
21374799ns          377005 1c009686 1c0004b7 lui              x9, 0x1c000000       x9=1c000000
21374819ns          377006 1c00968a 02048493 addi             x9, x9, 32           x9=1c000020  x9:1c000000
21374839ns          377007 1c00968e 0004a483 lw               x9, 0(x9)            x9=3f800000  x9:1c000020  PA:1c000020
21375177ns          377024 1c009690 1864f753 fdiv.s           f14, f9, f6         f14=xxxxxxxx  f9:3f800000  f6:c0db2de2
21375456ns          377038 1c009694 111778d3 fmul.s           f17, f14, f17       f17=xxxxxxxx f14:be1580d3 f17:c0c5b38e
21375476ns          377039 1c009698 10f77753 fmul.s           f14, f14, f15       f14=xxxxxxxx f14:be1580d3 f15:c03d3f76
21375496ns          377040 1c00969c 10a8f853 fmul.s           f16, f17, f10       f16=xxxxxxxx f17:3f66e9fd f10:408d96bd
21375516ns          377041 1c0096a0 20e71bd3 fsgnjn.s         f23, f14, f14       f23=xxxxxxxx f14:3edd0a57 f14:3edd0a57
21375535ns          377042 1c0096a4 000ea783 lw               x15, 0(x29)         x15=3ed7a4ac x29:10001f48  PA:10001f48
21375555ns          377043 1c0096a8 000f2383 lw               x7, 0(x30)           x7=bf2d0f94 x30:10001f5c  PA:10001f5c
21375575ns          377044 1c0096ac 10e7f453 fmul.s           f8, f15, f14         f8=xxxxxxxx f15:3ed7a4ac f14:3edd0a57
21375615ns          377046 1c0096b0 10e3f2d3 fmul.s           f5, f7, f14          f5=xxxxxxxx  f7:bf2d0f94 f14:3edd0a57
21375655ns          377048 1c0096b4 006b222b p.sw             x6, 4(x22!)         x22=10001dd0  x6:c0db2de2 x22:10001dcc  PA:10001dcc
21375675ns          377049 1c0096b8 4113f3c7 fmsub.s          f7, f7, f17, f8      f7=xxxxxxxx  f7:bf2d0f94 f17:3f66e9fd  f8:3e3a31de
21375695ns          377050 1c0096bc 2917f2c3 fmadd.s          f5, f15, f17, f5     f5=xxxxxxxx f15:3ed7a4ac f17:3f66e9fd  f5:be956d70
21375714ns          377051 1c0096c0 10d8f5d3 fmul.s           f11, f17, f13       f11=xxxxxxxx f17:3f66e9fd f13:c110df88
21375734ns          377052 1c0096c4 007f2023 sw               x7, 0(x30)           x7:bf4aa6a5 x30:10001f5c  PA:10001f5c
21375754ns          377053 1c0096c8 005ea023 sw               x5, 0(x29)           x5:3db45672 x29:10001f48  PA:10001f48
21375774ns          377054 1c0096cc 004ea283 lw               x5, 4(x29)           x5=bf04fb82 x29:10001f48  PA:10001f4c
21375794ns          377055 1c0096d0 004f2383 lw               x7, 4(x30)           x7=bd17e2a8 x30:10001f5c  PA:10001f60
21375814ns          377056 1c0096d4 10e2f4d3 fmul.s           f9, f5, f14          f9=xxxxxxxx  f5:bf04fb82 f14:3edd0a57
21375834ns          377057 1c0096d8 10e3f453 fmul.s           f8, f7, f14          f8=xxxxxxxx  f7:bd17e2a8 f14:3edd0a57
21375854ns          377058 1c0096dc 80d77843 fmadd.s          f16, f14, f13, f16  f16=xxxxxxxx f14:3edd0a57 f13:c110df88 f16:407f6db0
21375913ns          377061 1c0096e0 4913f3c7 fmsub.s          f7, f7, f17, f9      f7=xxxxxxxx  f7:bd17e2a8 f17:3f66e9fd  f9:be65a4fc
21375953ns          377063 1c0096e4 4112f2c3 fmadd.s          f5, f5, f17, f8      f5=xxxxxxxx  f5:bf04fb82 f17:3f66e9fd  f8:bc8324ce
21375973ns          377064 1c0096e8 000a2783 lw               x15, 0(x20)         x15=00000000 x20:10001de4  PA:10001de4
21375993ns          377065 1c0096ec 007f2223 sw               x7, 4(x30)           x7:3e4364de x30:10001f5c  PA:10001f60
21376053ns          377068 1c0096f0 005ea223 sw               x5, 4(x29)           x5:bef81953 x29:10001f48  PA:10001f4c
21376092ns          377070 1c0096f4 008ea283 lw               x5, 8(x29)           x5=3f3c33f9 x29:10001f48  PA:10001f50
21376112ns          377071 1c0096f8 008f2383 lw               x7, 8(x30)           x7=3edaef34 x30:10001f5c  PA:10001f64
21376132ns          377072 1c0096fc 10e2f4d3 fmul.s           f9, f5, f14          f9=xxxxxxxx  f5:3f3c33f9 f14:3edd0a57
21376152ns          377073 1c009700 10e3f453 fmul.s           f8, f7, f14          f8=xxxxxxxx  f7:3edaef34 f14:3edd0a57
21376172ns          377074 1c009704 58abf5c3 fmadd.s          f11, f23, f10, f11  f11=xxxxxxxx f23:bedd0a57 f10:408d96bd f11:c102ad3f
21376192ns          377075 1c009708 4913f3c7 fmsub.s          f7, f7, f17, f9      f7=xxxxxxxx  f7:3edaef34 f17:3f66e9fd  f9:3ea28078
21376212ns          377076 1c00970c 4112f2c3 fmadd.s          f5, f5, f17, f8      f5=xxxxxxxx  f5:3f3c33f9 f17:3f66e9fd  f8:3e3d0958
21376271ns          377079 1c009710 1117f553 fmul.s           f10, f15, f17       f10=xxxxxxxx f15:00000000 f17:3f66e9fd
21376311ns          377081 1c009714 007f2423 sw               x7, 8(x30)           x7:3d8bea33 x30:10001f5c  PA:10001f64
21376331ns          377082 1c009718 00cea303 lw               x6, 12(x29)          x6=bdc8eb79 x29:10001f48  PA:10001f54
21376351ns          377083 1c00971c 005ea423 sw               x5, 8(x29)           x5:3f59050d x29:10001f48  PA:10001f50
21376371ns          377084 1c009720 00cf2283 lw               x5, 12(x30)          x5=3f143edb x30:10001f5c  PA:10001f68
21376391ns          377085 1c009724 10e37453 fmul.s           f8, f6, f14          f8=xxxxxxxx  f6:bdc8eb79 f14:3edd0a57
21376411ns          377086 1c009728 10e2f3d3 fmul.s           f7, f5, f14          f7=xxxxxxxx  f5:3f143edb f14:3edd0a57
21376430ns          377087 1c00972c 014f0f13 addi             x30, x30, 20        x30=10001f70 x30:10001f5c
21376450ns          377088 1c00972e 4112f2c7 fmsub.s          f5, f5, f17, f8      f5=xxxxxxxx  f5:3f143edb f17:3f66e9fd  f8:bd2d7b65
21376470ns          377089 1c009732 39137343 fmadd.s          f6, f6, f17, f7      f6=xxxxxxxx  f6:bdc8eb79 f17:3f66e9fd  f7:3e800040
21376490ns          377090 1c009736 00baa22b p.sw             x11, 4(x21!)        x21=10001dd4 x11:c1213d75 x21:10001dd0  PA:10001dd0
21376510ns          377091 1c00973a fe5f2c23 sw               x5, -8(x30)          x5:3f108faf x30:10001f70  PA:10001f68
21376530ns          377092 1c00973e 010ea683 lw               x13, 16(x29)        x13=bd53a946 x29:10001f48  PA:10001f58
21376550ns          377093 1c009742 006ea623 sw               x6, 12(x29)          x6:3e2562e6 x29:10001f48  PA:10001f54
21376570ns          377094 1c009746 ffcf2303 lw               x6, -4(x30)          x6=be1cc44c x30:10001f70  PA:10001f6c
21376590ns          377095 1c00974a 10e6f3d3 fmul.s           f7, f13, f14         f7=xxxxxxxx f13:bd53a946 f14:3edd0a57
21376610ns          377096 1c00974e 10e372d3 fmul.s           f5, f6, f14          f5=xxxxxxxx  f6:be1cc44c f14:3edd0a57
21376629ns          377097 1c009752 00aa222b p.sw             x10, 4(x20!)        x20=10001de8 x10:00000000 x20:10001de4  PA:10001de4
21376649ns          377098 1c009756 39137347 fmsub.s          f6, f6, f17, f7      f6=xxxxxxxx  f6:be1cc44c f17:3f66e9fd  f7:bcb6c1ae
21376669ns          377099 1c00975a 2916f8c3 fmadd.s          f17, f13, f17, f5   f17=xxxxxxxx f13:bd53a946 f17:3f66e9fd  f5:bd875bcb
21376689ns          377100 1c00975e 01460613 addi             x12, x12, 20        x12=10001f0c x12:10001ef8
21376709ns          377101 1c009760 fe6f2e23 sw               x6, -4(x30)          x6:bded1ee0 x30:10001f70  PA:10001f6c
21376729ns          377102 1c009764 011ea823 sw               x17, 16(x29)        x17:bde6d191 x29:10001f48  PA:10001f58
21376749ns          377103 1c009768 014e0e13 addi             x28, x28, 20        x28=10001ef8 x28:10001ee4
21376769ns          377104 1c00976a 014e8e93 addi             x29, x29, 20        x29=10001f5c x29:10001f48
21376789ns          377105 1c00976c 10e7f7d3 fmul.s           f15, f15, f14       f15=xxxxxxxx f15:00000000 f14:3edd0a57
21376808ns          377106 1c009770 01412e03 lw               x28, 20(x2)         x28=00000000  x2:10001d98  PA:10001dac
21376828ns          377107 1c009772 00812983 lw               x19, 8(x2)          x19=00000008  x2:10001d98  PA:10001da0
21376848ns          377108 1c009774 0e010893 addi             x17, x2, 224        x17=10001e78  x2:10001d98
21376868ns          377109 1c009778 013887b3 add              x15, x17, x19       x15=10001e80 x17:10001e78 x19:00000008
21376888ns          377110 1c00977c 001e0e13 addi             x28, x28, 1         x28=00000001 x28:00000000
21376928ns          377112 1c00977e f707a023 sw               x16, -160(x15)      x16:3da80168 x15:10001e80  PA:10001de0
21376948ns          377113 1c009782 01c12a23 sw               x28, 20(x2)         x28:00000001  x2:10001d98  PA:10001dac
21376968ns          377114 1c009784 fff00793 addi             x15, x0, -1         x15=ffffffff
21376987ns          377115 1c009786 00fdc663 blt              x27, x15, 12        x27:00000002 x15:ffffffff
21377007ns          377116 1c00978a 04b00793 addi             x15, x0, 75         x15=0000004b
21377067ns          377119 1c00978e a8fe1c63 bne              x28, x15, -3432     x28:00000001 x15:0000004b
21377186ns          377125 1c008a26 00812503 lw               x10, 8(x2)          x10=00000008  x2:10001d98  PA:10001da0
21377226ns          377127 1c008a28 04010613 addi             x12, x2, 64         x12=10001dd8  x2:10001d98
21377246ns          377128 1c008a2a 01b509b3 add              x19, x10, x27       x19=0000000a x10:00000008 x27:00000002
21377266ns          377129 1c008a2e 02c10593 addi             x11, x2, 44         x11=10001dc4  x2:10001d98
21377326ns          377132 1c008a30 00a60633 add              x12, x12, x10       x12=10001de0 x12:10001dd8 x10:00000008
21377365ns          377134 1c008a32 002d8693 addi             x13, x27, 2         x13=00000004 x27:00000002
21377385ns          377135 1c008a36 1c000437 lui              x8, 0x1c000000       x8=1c000000
21377405ns          377136 1c008a3a 1c0004b7 lui              x9, 0x1c000000       x9=1c000000
21377425ns          377137 1c008a3e 00299993 slli             x19, x19, 0x2       x19=00000028 x19:0000000a
21377465ns          377139 1c008a40 00a58b33 add              x22, x11, x10       x22=10001dcc x11:10001dc4 x10:00000008
21377505ns          377141 1c008a44 00c12623 sw               x12, 12(x2)         x12:10001de0  x2:10001d98  PA:10001da4
21377524ns          377142 1c008a46 00d12c23 sw               x13, 24(x2)         x13:00000004  x2:10001d98  PA:10001db0
21377544ns          377143 1c008a48 02842a83 lw               x21, 40(x8)         x21=0c000000  x8:1c000000  PA:1c000028
21377843ns          377158 1c008a4c 02c4ab83 lw               x23, 44(x9)         x23=34000000  x9:1c000000  PA:1c00002c
21378141ns          377173 1c008a50 01a989b3 add              x19, x19, x26       x19=10001ee4 x19:00000028 x26:10001ebc
21378161ns          377174 1c008a52 00000f13 addi             x30, x0, 0          x30=00000000
21378181ns          377175 1c008a56 018007b3 add              x15, x0, x24        x15=00000003 x24:00000003
21378201ns          377176 1c008a58 004b2283 lw               x5, 4(x22)           x5=c1213d75 x22:10001dcc  PA:10001dd0
21378221ns          377177 1c008a5c 71fdace3 p.beqimm         x27, 3864           x27:00000002
21378260ns          377179 1c008a60 01412e03 lw               x28, 20(x2)         x28=00000001  x2:10001d98  PA:10001dac
21378280ns          377180 1c008a62 01400e93 addi             x29, x0, 20         x29=00000014
21378300ns          377181 1c008a64 77cec8e3 blt              x29, x28, 3952      x29:00000014 x28:00000001
21378320ns          377182 1c008a68 00c12f83 lw               x31, 12(x2)         x31=10001de0  x2:10001d98  PA:10001da4
21378360ns          377184 1c008a6a 000fa683 lw               x13, 0(x31)         x13=3da80168 x31:10001de0  PA:10001de0
21378400ns          377186 1c008a6e a1e69753 flt.s            x14, f13, f30       x14=00000000 f13:3da80168 f30:00000000
21378420ns          377187 1c008a72 00070363 beq              x14, x0, 6          x14:00000000
21378479ns          377190 1c008a78 000b2603 lw               x12, 0(x22)         x12=c0db2de2 x22:10001dcc  PA:10001dcc
21378519ns          377192 1c008a7c a1e61753 flt.s            x14, f12, f30       x14=00000001 f12:c0db2de2 f30:00000000
21378559ns          377194 1c008a80 00c005b3 add              x11, x0, x12        x11=c0db2de2 x12:c0db2de2
21378579ns          377195 1c008a82 00070363 beq              x14, x0, 6          x14:00000001
21378599ns          377196 1c008a84 20c615d3 fsgnjn.s         f11, f12, f12       f11=xxxxxxxx f12:c0db2de2 f12:c0db2de2
21378618ns          377197 1c008a88 a1e29753 flt.s            x14, f5, f30        x14=00000001  f5:c1213d75 f30:00000000
21378638ns          377198 1c008a8c 00070363 beq              x14, x0, 6          x14:00000001
21378698ns          377201 1c008a8e 33c0106f jal              x0, 4924           
21378817ns          377207 1c009dca 20529753 fsgnjn.s         f14, f5, f5         f14=xxxxxxxx  f5:c1213d75  f5:c1213d75
21378877ns          377210 1c009dce cc7fe06f jal              x0, -4922          
21378917ns          377212 1c008a94 00b77753 fadd.s           f14, f14, f11       f14=xxxxxxxx f14:41213d75 f11:40db2de2
21378937ns          377213 1c008a98 11777753 fmul.s           f14, f14, f23       f14=xxxxxxxx f14:41876a33 f23:34000000
21378957ns          377214 1c008a9c a0e68753 fle.s            x14, f13, f14       x14=00000000 f13:3da80168 f14:36076a33
21379016ns          377217 1c008aa0 00070363 beq              x14, x0, 6          x14:00000000
21379096ns          377221 1c008aa6 1c000337 lui              x6, 0x1c000000       x6=1c000000
21379116ns          377222 1c008aaa 02830313 addi             x6, x6, 40           x6=1c000028  x6:1c000000
21379175ns          377225 1c008aae 00032303 lw               x6, 0(x6)            x6=0c000000  x6:1c000028  PA:1c000028
21379514ns          377242 1c008ab2 a06686d3 fle.s            x13, f13, f6        x13=00000000 f13:3da80168  f6:0c000000
21379533ns          377243 1c008ab6 00068363 beq              x13, x0, 6          x13:00000000
21379653ns          377249 1c008abc fffd8693 addi             x13, x27, -1        x13=00000001 x27:00000002
21379673ns          377250 1c008ac0 000d9463 bne              x27, x0, 8          x27:00000002
21379732ns          377253 1c008ac8 00269713 slli             x14, x13, 0x2       x14=00000004 x13:00000001
21379752ns          377254 1c008acc 0e010393 addi             x7, x2, 224          x7=10001e78  x2:10001d98
21379812ns          377257 1c008ad0 00e385b3 add              x11, x7, x14        x11=10001e7c  x7:10001e78 x14:00000004
21379852ns          377259 1c008ad4 f605a503 lw               x10, -160(x11)      x10=bfc2986c x11:10001e7c  PA:10001ddc
21379891ns          377261 1c008ad8 a1e515d3 flt.s            x11, f10, f30       x11=00000001 f10:bfc2986c f30:00000000
21379911ns          377262 1c008adc 00058363 beq              x11, x0, 6          x11:00000001
21379951ns          377264 1c008ade 20a51553 fsgnjn.s         f10, f10, f10       f10=xxxxxxxx f10:bfc2986c f10:bfc2986c
21379971ns          377265 1c008ae2 0e010413 addi             x8, x2, 224          x8=10001e78  x2:10001d98
21379991ns          377266 1c008ae4 00e405b3 add              x11, x8, x14        x11=10001e7c  x8:10001e78 x14:00000004
21380011ns          377267 1c008ae8 f4c5a583 lw               x11, -180(x11)      x11=c1899455 x11:10001e7c  PA:10001dc8
21380051ns          377269 1c008aec a1e59853 flt.s            x16, f11, f30       x16=00000001 f11:c1899455 f30:00000000
21380090ns          377271 1c008af0 00080463 beq              x16, x0, 8          x16:00000001
21380130ns          377273 1c008af4 39c0106f jal              x0, 5020           
21380210ns          377277 1c009e90 20b59853 fsgnjn.s         f16, f11, f11       f16=xxxxxxxx f11:c1899455 f11:c1899455
21380250ns          377279 1c009e94 c67fe06f jal              x0, -5018          
21380309ns          377282 1c008afa a1e618d3 flt.s            x17, f12, f30       x17=00000001 f12:c0db2de2 f30:00000000
21380369ns          377285 1c008afe 00088463 beq              x17, x0, 8          x17:00000001
21380409ns          377287 1c008b02 20c61653 fsgnjn.s         f12, f12, f12       f12=xxxxxxxx f12:c0db2de2 f12:c0db2de2
21380429ns          377288 1c008b06 1c0004b7 lui              x9, 0x1c000000       x9=1c000000
21380448ns          377289 1c008b0a 01067653 fadd.s           f12, f12, f16       f12=xxxxxxxx f12:40db2de2 f16:41899455
21380508ns          377292 1c008b0e 02c48493 addi             x9, x9, 44           x9=1c00002c  x9:1c000000
21380528ns          377293 1c008b12 0004a483 lw               x9, 0(x9)            x9=34000000  x9:1c00002c  PA:1c00002c
21380846ns          377309 1c008b14 10967653 fmul.s           f12, f12, f9        f12=xxxxxxxx f12:41c05fce  f9:34000000
21380866ns          377310 1c008b18 a0c50653 fle.s            x12, f10, f12       x12=00000000 f10:3fc2986c f12:36405fce
21380886ns          377311 1c008b1c 00060363 beq              x12, x0, 6          x12:00000000
21380966ns          377315 1c008b22 1c000637 lui              x12, 0x1c000000     x12=1c000000
21380985ns          377316 1c008b26 02860613 addi             x12, x12, 40        x12=1c000028 x12:1c000000
21381005ns          377317 1c008b2a 00062603 lw               x12, 0(x12)         x12=0c000000 x12:1c000028  PA:1c000028
21381324ns          377333 1c008b2c a0c50553 fle.s            x10, f10, f12       x10=00000000 f10:3fc2986c f12:0c000000
21381344ns          377334 1c008b30 00050363 beq              x10, x0, 6          x10:00000000
21381423ns          377338 1c008b36 ffed8813 addi             x16, x27, -2        x16=00000000 x27:00000002
21381443ns          377339 1c008b3a 01f83463 p.bneimm         x16, 8              x16:00000000
21381562ns          377345 1c008b42 00281713 slli             x14, x16, 0x2       x14=00000000 x16:00000000
21381582ns          377346 1c008b46 0e010893 addi             x17, x2, 224        x17=10001e78  x2:10001d98
21381602ns          377347 1c008b4a 00e88633 add              x12, x17, x14       x12=10001e78 x17:10001e78 x14:00000000
21381662ns          377350 1c008b4e f6062503 lw               x10, -160(x12)      x10=bbb2a38d x12:10001e78  PA:10001dd8
21381702ns          377352 1c008b52 a1e51653 flt.s            x12, f10, f30       x12=00000001 f10:bbb2a38d f30:00000000
21381721ns          377353 1c008b56 00060363 beq              x12, x0, 6          x12:00000001
21381741ns          377354 1c008b58 20a51553 fsgnjn.s         f10, f10, f10       f10=xxxxxxxx f10:bbb2a38d f10:bbb2a38d
21381761ns          377355 1c008b5c 0e010e13 addi             x28, x2, 224        x28=10001e78  x2:10001d98
21381801ns          377357 1c008b60 01c70733 add              x14, x14, x28       x14=10001e78 x14:00000000 x28:10001e78
21381841ns          377359 1c008b62 f4c72883 lw               x17, -180(x14)      x17=421b0aa6 x14:10001e78  PA:10001dc4
21381881ns          377361 1c008b66 a1e89753 flt.s            x14, f17, f30       x14=00000000 f17:421b0aa6 f30:00000000
21381900ns          377362 1c008b6a 00070363 beq              x14, x0, 6          x14:00000000
21381980ns          377366 1c008b70 01100733 add              x14, x0, x17        x14=421b0aa6 x17:421b0aa6
21382000ns          377367 1c008b72 a1e59653 flt.s            x12, f11, f30       x12=00000001 f11:c1899455 f30:00000000
21382020ns          377368 1c008b76 00060363 beq              x12, x0, 6          x12:00000001
21382040ns          377369 1c008b78 20b595d3 fsgnjn.s         f11, f11, f11       f11=xxxxxxxx f11:c1899455 f11:c1899455
21382060ns          377370 1c008b7c 1c000eb7 lui              x29, 0x1c000000     x29=1c000000
21382099ns          377372 1c008b80 00e5f753 fadd.s           f14, f11, f14       f14=xxxxxxxx f11:41899455 f14:421b0aa6
21382139ns          377374 1c008b84 02ce8e93 addi             x29, x29, 44        x29=1c00002c x29:1c000000
21382159ns          377375 1c008b88 000eae83 lw               x29, 0(x29)         x29=34000000 x29:1c00002c  PA:1c00002c
21382517ns          377393 1c008b8c 11d77753 fmul.s           f14, f14, f29       f14=xxxxxxxx f14:425fd4d0 f29:34000000
21382537ns          377394 1c008b90 a0e50753 fle.s            x14, f10, f14       x14=00000000 f10:3bb2a38d f14:36dfd4d0
21382557ns          377395 1c008b94 440718e3 bne              x14, x0, 3152       x14:00000000
21382577ns          377396 1c008b98 1c000fb7 lui              x31, 0x1c000000     x31=1c000000
21382597ns          377397 1c008b9c 028f8f93 addi             x31, x31, 40        x31=1c000028 x31:1c000000
21382636ns          377399 1c008ba0 000faf83 lw               x31, 0(x31)         x31=0c000000 x31:1c000028  PA:1c000028
21382975ns          377416 1c008ba4 a1f50553 fle.s            x10, f10, f31       x10=00000000 f10:3bb2a38d f31:0c000000
21382994ns          377417 1c008ba8 42051ee3 bne              x10, x0, 3132       x10:00000000
21383014ns          377418 1c008bac ffdd8693 addi             x13, x27, -3        x13=ffffffff x27:00000002
21383034ns          377419 1c008bb0 01f6b463 p.bneimm         x13, 8              x13:ffffffff
21383054ns          377420 1c008bb4 4ee0106f jal              x0, 5358           
21383134ns          377424 1c00a0a2 00000813 addi             x16, x0, 0          x16=00000000
21383173ns          377426 1c00a0a4 b7ffe06f jal              x0, -5250          
21383293ns          377432 1c008c22 3d880de3 beq              x16, x24, 3034      x16:00000000 x24:00000003
21383313ns          377433 1c008c26 002d8393 addi             x7, x27, 2           x7=00000004 x27:00000002
21383333ns          377434 1c008c2a 7c76d5e3 bge              x13, x7, 4042       x13:ffffffff  x7:00000004
21383392ns          377437 1c008c2e 00268f93 addi             x31, x13, 2         x31=00000001 x13:ffffffff
21383432ns          377439 1c008c32 3e780a63 beq              x16, x7, 1012       x16:00000000  x7:00000004
21383452ns          377440 1c008c36 002c1e93 slli             x29, x24, 0x2       x29=0000000c x24:00000003
21383472ns          377441 1c008c3a 04010493 addi             x9, x2, 64           x9=10001dd8  x2:10001d98
21383492ns          377442 1c008c3c ffce8593 addi             x11, x29, -4        x11=00000008 x29:0000000c
21383531ns          377444 1c008c40 1c000637 lui              x12, 0x1c000000     x12=1c000000
21383571ns          377446 1c008c44 02c10413 addi             x8, x2, 44           x8=10001dc4  x2:10001d98
21383591ns          377447 1c008c46 1c000537 lui              x10, 0x1c000000     x10=1c000000
21383611ns          377448 1c008c4a 009585b3 add              x11, x11, x9        x11=10001de0 x11:00000008  x9:10001dd8
21383631ns          377449 1c008c4c 02862483 lw               x9, 40(x12)          x9=0c000000 x12:1c000000  PA:1c000028
21383969ns          377466 1c008c50 01d40333 add              x6, x8, x29          x6=10001dd0  x8:10001dc4 x29:0000000c
21383989ns          377467 1c008c54 00700733 add              x14, x0, x7         x14=00000004  x7:00000004
21384009ns          377468 1c008c56 02c52403 lw               x8, 44(x10)          x8=34000000 x10:1c000000  PA:1c00002c
21384307ns          377483 1c008c5a 00168693 addi             x13, x13, 1         x13=00000000 x13:ffffffff
21384327ns          377484 1c008c5c 00000e13 addi             x28, x0, 0          x28=00000000
21384347ns          377485 1c008c60 41038533 sub              x10, x7, x16        x10=00000004  x7:00000004 x16:00000000
21384367ns          377486 1c008c64 1e0540fb lp.setup         0x1, x10, 0x1e0     x10:00000004
21384387ns          377487 1c008c68 fff70893 addi             x17, x14, -1        x17=00000003 x14:00000004
21384407ns          377488 1c008c6c 00000793 addi             x15, x0, 0          x15=00000000
21384446ns          377490 1c008c70 00ec4763 blt              x24, x14, 14        x24:00000003 x14:00000004
21384566ns          377496 1c008c7e 00efd963 bge              x31, x14, 18        x31:00000001 x14:00000004
21384586ns          377497 1c008c82 0005a603 lw               x12, 0(x11)         x12=3da80168 x11:10001de0  PA:10001de0
21384625ns          377499 1c008c84 a1c61f53 flt.s            x30, f12, f28       x30=00000000 f12:3da80168 f28:00000000
21384645ns          377500 1c008c88 380f1163 bne              x30, x0, 898        x30:00000000
21384665ns          377501 1c008c8c 00c7f7d3 fadd.s           f15, f15, f12       f15=xxxxxxxx f15:00000000 f12:3da80168
21384705ns          377503 1c008c90 ffc3260b p.lw             x12, -4(x6!)        x12=c1213d75  x6=10001dcc  x6:10001dd0  PA:10001dd0
21384745ns          377505 1c008c94 a1c61f53 flt.s            x30, f12, f28       x30=00000001 f12:c1213d75 f28:00000000
21384765ns          377506 1c008c98 000f0463 beq              x30, x0, 8          x30:00000001
21384785ns          377507 1c008c9c 20c61653 fsgnjn.s         f12, f12, f12       f12=xxxxxxxx f12:c1213d75 f12:c1213d75
21384844ns          377510 1c008ca0 1087f7d3 fmul.s           f15, f15, f8        f15=xxxxxxxx f15:3da80168  f8:34000000
21384884ns          377512 1c008ca4 a0f607d3 fle.s            x15, f12, f15       x15=00000000 f12:41213d75 f15:32280168
21384904ns          377513 1c008ca8 00079563 bne              x15, x0, 10         x15:00000000
21384924ns          377514 1c008caa a0960653 fle.s            x12, f12, f9        x12=00000000 f12:41213d75  f9:0c000000
21384984ns          377517 1c008cae 36060663 beq              x12, x0, 876        x12:00000000
21385123ns          377524 1c00901a 00d71463 bne              x14, x13, 8         x14:00000004 x13:00000000
21385222ns          377529 1c009022 01100733 add              x14, x0, x17        x14=00000003 x17:00000003
21385242ns          377530 1c009024 ffc58593 addi             x11, x11, -4        x11=10001ddc x11:10001de0
21385262ns          377531 1c008c68 fff70893 addi             x17, x14, -1        x17=00000002 x14:00000003
21385282ns          377532 1c008c6c 00000793 addi             x15, x0, 0          x15=00000000
21385302ns          377533 1c008c70 00ec4763 blt              x24, x14, 14        x24:00000003 x14:00000003
21385322ns          377534 1c008c74 0045a783 lw               x15, 4(x11)         x15=3da80168 x11:10001ddc  PA:10001de0
21385361ns          377536 1c008c76 a1c79653 flt.s            x12, f15, f28       x12=00000000 f15:3da80168 f28:00000000
21385381ns          377537 1c008c7a 38061b63 bne              x12, x0, 918        x12:00000000
21385401ns          377538 1c008c7e 00efd963 bge              x31, x14, 18        x31:00000001 x14:00000003
21385421ns          377539 1c008c82 0005a603 lw               x12, 0(x11)         x12=bfc2986c x11:10001ddc  PA:10001ddc
21385461ns          377541 1c008c84 a1c61f53 flt.s            x30, f12, f28       x30=00000001 f12:bfc2986c f28:00000000
21385481ns          377542 1c008c88 380f1163 bne              x30, x0, 898        x30:00000001
21385620ns          377549 1c00900a 20c61653 fsgnjn.s         f12, f12, f12       f12=xxxxxxxx f12:bfc2986c f12:bfc2986c
21385640ns          377550 1c00900e c7fff06f jal              x0, -898           
21385719ns          377554 1c008c8c 00c7f7d3 fadd.s           f15, f15, f12       f15=xxxxxxxx f15:3da80168 f12:3fc2986c
21385759ns          377556 1c008c90 ffc3260b p.lw             x12, -4(x6!)        x12=c0db2de2  x6=10001dc8  x6:10001dcc  PA:10001dcc
21385799ns          377558 1c008c94 a1c61f53 flt.s            x30, f12, f28       x30=00000001 f12:c0db2de2 f28:00000000
21385819ns          377559 1c008c98 000f0463 beq              x30, x0, 8          x30:00000001
21385839ns          377560 1c008c9c 20c61653 fsgnjn.s         f12, f12, f12       f12=xxxxxxxx f12:c0db2de2 f12:c0db2de2
21385859ns          377561 1c008ca0 1087f7d3 fmul.s           f15, f15, f8        f15=xxxxxxxx f15:3fcd1882  f8:34000000
21385879ns          377562 1c008ca4 a0f607d3 fle.s            x15, f12, f15       x15=00000000 f12:40db2de2 f15:344d1882
21385898ns          377563 1c008ca8 00079563 bne              x15, x0, 10         x15:00000000
21385918ns          377564 1c008caa a0960653 fle.s            x12, f12, f9        x12=00000000 f12:40db2de2  f9:0c000000
21385938ns          377565 1c008cae 36060663 beq              x12, x0, 876        x12:00000000
21386018ns          377569 1c00901a 00d71463 bne              x14, x13, 8         x14:00000003 x13:00000000
21386078ns          377572 1c009022 01100733 add              x14, x0, x17        x14=00000002 x17:00000002
21386097ns          377573 1c009024 ffc58593 addi             x11, x11, -4        x11=10001dd8 x11:10001ddc
21386117ns          377574 1c008c68 fff70893 addi             x17, x14, -1        x17=00000001 x14:00000002
21386137ns          377575 1c008c6c 00000793 addi             x15, x0, 0          x15=00000000
21386157ns          377576 1c008c70 00ec4763 blt              x24, x14, 14        x24:00000003 x14:00000002
21386177ns          377577 1c008c74 0045a783 lw               x15, 4(x11)         x15=bfc2986c x11:10001dd8  PA:10001ddc
21386217ns          377579 1c008c76 a1c79653 flt.s            x12, f15, f28       x12=00000001 f15:bfc2986c f28:00000000
21386237ns          377580 1c008c7a 38061b63 bne              x12, x0, 918        x12:00000001
21386296ns          377583 1c009010 20f797d3 fsgnjn.s         f15, f15, f15       f15=xxxxxxxx f15:bfc2986c f15:bfc2986c
21386316ns          377584 1c009014 c6bff06f jal              x0, -918           
21386376ns          377587 1c008c7e 00efd963 bge              x31, x14, 18        x31:00000001 x14:00000002
21386396ns          377588 1c008c82 0005a603 lw               x12, 0(x11)         x12=bbb2a38d x11:10001dd8  PA:10001dd8
21386436ns          377590 1c008c84 a1c61f53 flt.s            x30, f12, f28       x30=00000001 f12:bbb2a38d f28:00000000
21386455ns          377591 1c008c88 380f1163 bne              x30, x0, 898        x30:00000001
21386595ns          377598 1c00900a 20c61653 fsgnjn.s         f12, f12, f12       f12=xxxxxxxx f12:bbb2a38d f12:bbb2a38d
21386615ns          377599 1c00900e c7fff06f jal              x0, -898           
21386694ns          377603 1c008c8c 00c7f7d3 fadd.s           f15, f15, f12       f15=xxxxxxxx f15:3fc2986c f12:3bb2a38d
21386734ns          377605 1c008c90 ffc3260b p.lw             x12, -4(x6!)        x12=c1899455  x6=10001dc4  x6:10001dc8  PA:10001dc8
21386774ns          377607 1c008c94 a1c61f53 flt.s            x30, f12, f28       x30=00000001 f12:c1899455 f28:00000000
21386794ns          377608 1c008c98 000f0463 beq              x30, x0, 8          x30:00000001
21386813ns          377609 1c008c9c 20c61653 fsgnjn.s         f12, f12, f12       f12=xxxxxxxx f12:c1899455 f12:c1899455
21386833ns          377610 1c008ca0 1087f7d3 fmul.s           f15, f15, f8        f15=xxxxxxxx f15:3fc34b10  f8:34000000
21386853ns          377611 1c008ca4 a0f607d3 fle.s            x15, f12, f15       x15=00000000 f12:41899455 f15:34434b10
21386873ns          377612 1c008ca8 00079563 bne              x15, x0, 10         x15:00000000
21386893ns          377613 1c008caa a0960653 fle.s            x12, f12, f9        x12=00000000 f12:41899455  f9:0c000000
21386913ns          377614 1c008cae 36060663 beq              x12, x0, 876        x12:00000000
21386992ns          377618 1c00901a 00d71463 bne              x14, x13, 8         x14:00000002 x13:00000000
21387052ns          377621 1c009022 01100733 add              x14, x0, x17        x14=00000001 x17:00000001
21387072ns          377622 1c009024 ffc58593 addi             x11, x11, -4        x11=10001dd4 x11:10001dd8
21387092ns          377623 1c008c68 fff70893 addi             x17, x14, -1        x17=00000000 x14:00000001
21387112ns          377624 1c008c6c 00000793 addi             x15, x0, 0          x15=00000000
21387132ns          377625 1c008c70 00ec4763 blt              x24, x14, 14        x24:00000003 x14:00000001
21387152ns          377626 1c008c74 0045a783 lw               x15, 4(x11)         x15=bbb2a38d x11:10001dd4  PA:10001dd8
21387191ns          377628 1c008c76 a1c79653 flt.s            x12, f15, f28       x12=00000001 f15:bbb2a38d f28:00000000
21387211ns          377629 1c008c7a 38061b63 bne              x12, x0, 918        x12:00000001
21387271ns          377632 1c009010 20f797d3 fsgnjn.s         f15, f15, f15       f15=xxxxxxxx f15:bbb2a38d f15:bbb2a38d
21387291ns          377633 1c009014 c6bff06f jal              x0, -918           
21387351ns          377636 1c008c7e 00efd963 bge              x31, x14, 18        x31:00000001 x14:00000001
21387410ns          377639 1c008c90 ffc3260b p.lw             x12, -4(x6!)        x12=421b0aa6  x6=10001dc0  x6:10001dc4  PA:10001dc4
21387450ns          377641 1c008c94 a1c61f53 flt.s            x30, f12, f28       x30=00000000 f12:421b0aa6 f28:00000000
21387470ns          377642 1c008c98 000f0463 beq              x30, x0, 8          x30:00000000
21387530ns          377645 1c008ca0 1087f7d3 fmul.s           f15, f15, f8        f15=xxxxxxxx f15:3bb2a38d  f8:34000000
21387549ns          377646 1c008ca4 a0f607d3 fle.s            x15, f12, f15       x15=00000000 f12:421b0aa6 f15:3032a38d
21387569ns          377647 1c008ca8 00079563 bne              x15, x0, 10         x15:00000000
21387589ns          377648 1c008caa a0960653 fle.s            x12, f12, f9        x12=00000000 f12:421b0aa6  f9:0c000000
21387609ns          377649 1c008cae 36060663 beq              x12, x0, 876        x12:00000000
21387689ns          377653 1c00901a 00d71463 bne              x14, x13, 8         x14:00000001 x13:00000000
21387748ns          377656 1c009022 01100733 add              x14, x0, x17        x14=00000000 x17:00000000
21387768ns          377657 1c009024 ffc58593 addi             x11, x11, -4        x11=10001dd0 x11:10001dd4
21387788ns          377658 1c009026 00000793 addi             x15, x0, 0          x15=00000000
21387808ns          377659 1c00902a a0f297d3 flt.s            x15, f5, f15        x15=00000001  f5:c1213d75 f15:00000000
21387828ns          377660 1c00902e 005006b3 add              x13, x0, x5         x13=c1213d75  x5:c1213d75
21387868ns          377662 1c009030 00078363 beq              x15, x0, 6          x15:00000001
21387907ns          377664 1c009032 205296d3 fsgnjn.s         f13, f5, f5         f13=xxxxxxxx  f5:c1213d75  f5:c1213d75
21387927ns          377665 1c009036 002d9593 slli             x11, x27, 0x2       x11=00000008 x27:00000002
21387947ns          377666 1c00903a 0e010613 addi             x12, x2, 224        x12=10001e78  x2:10001d98
21387967ns          377667 1c00903c 00b607b3 add              x15, x12, x11       x15=10001e80 x12:10001e78 x11:00000008
21388007ns          377669 1c009040 f4c7a603 lw               x12, -180(x15)      x12=c0db2de2 x15:10001e80  PA:10001dcc
21388047ns          377671 1c009044 00000793 addi             x15, x0, 0          x15=00000000
21388067ns          377672 1c009048 a0f617d3 flt.s            x15, f12, f15       x15=00000001 f12:c0db2de2 f15:00000000
21388086ns          377673 1c00904c 00b12423 sw               x11, 8(x2)          x11:00000008  x2:10001d98  PA:10001da0
21388106ns          377674 1c00904e 06d12423 sw               x13, 104(x2)        x13:41213d75  x2:10001d98  PA:10001e00
21388146ns          377676 1c009050 00c00533 add              x10, x0, x12        x10=c0db2de2 x12:c0db2de2
21388166ns          377677 1c009052 00b008b3 add              x17, x0, x11        x17=00000008 x11:00000008
21388186ns          377678 1c009054 00078363 beq              x15, x0, 6          x15:00000001
21388206ns          377679 1c009056 20c61553 fsgnjn.s         f10, f12, f12       f10=xxxxxxxx f12:c0db2de2 f12:c0db2de2
21388226ns          377680 1c00905a 0e010713 addi             x14, x2, 224        x14=10001e78  x2:10001d98
21388246ns          377681 1c00905c 011707b3 add              x15, x14, x17       x15=10001e80 x14:10001e78 x17:00000008
21388285ns          377683 1c009060 f607a783 lw               x15, -160(x15)      x15=3da80168 x15:10001e80  PA:10001de0
21388345ns          377686 1c009064 00000713 addi             x14, x0, 0          x14=00000000
21388365ns          377687 1c009068 a0e79753 flt.s            x14, f15, f14       x14=00000000 f15:3da80168 f14:00000000
21388385ns          377688 1c00906c 06a12623 sw               x10, 108(x2)        x10:40db2de2  x2:10001d98  PA:10001e04
21388405ns          377689 1c00906e 00070363 beq              x14, x0, 6          x14:00000000
21388464ns          377692 1c009074 00f00733 add              x14, x0, x15        x14=3da80168 x15:3da80168
21388484ns          377693 1c009076 00281813 slli             x16, x16, 0x2       x16=00000000 x16:00000000
21388504ns          377694 1c009078 0e010993 addi             x19, x2, 224        x19=10001e78  x2:10001d98
21388524ns          377695 1c00907c 010985b3 add              x11, x19, x16       x11=10001e78 x19:10001e78 x16:00000000
21388564ns          377697 1c009080 f4c5a883 lw               x17, -180(x11)      x17=421b0aa6 x11:10001e78  PA:10001dc4
21388604ns          377699 1c009084 00000593 addi             x11, x0, 0          x11=00000000
21388624ns          377700 1c009088 a0b895d3 flt.s            x11, f17, f11       x11=00000000 f17:421b0aa6 f11:00000000
21388643ns          377701 1c00908c 06e12823 sw               x14, 112(x2)        x14:3da80168  x2:10001d98  PA:10001e08
21388663ns          377702 1c00908e 01100e33 add              x28, x0, x17        x28=421b0aa6 x17:421b0aa6
21388703ns          377704 1c009090 00058363 beq              x11, x0, 6          x11:00000000
21388783ns          377708 1c009096 0e010e93 addi             x29, x2, 224        x29=10001e78  x2:10001d98
21388803ns          377709 1c00909a 01d80833 add              x16, x16, x29       x16=10001e78 x16:00000000 x29:10001e78
21388822ns          377710 1c00909c f6082303 lw               x6, -160(x16)        x6=bbb2a38d x16:10001e78  PA:10001dd8
21388862ns          377712 1c0090a0 00000593 addi             x11, x0, 0          x11=00000000
21388902ns          377714 1c0090a4 a0b315d3 flt.s            x11, f6, f11        x11=00000001  f6:bbb2a38d f11:00000000
21388922ns          377715 1c0090a8 07c12a23 sw               x28, 116(x2)        x28:421b0aa6  x2:10001d98  PA:10001e0c
21388942ns          377716 1c0090aa 00058363 beq              x11, x0, 6          x11:00000001
21388962ns          377717 1c0090ac 1fe0106f jal              x0, 4606           
21389121ns          377725 1c00a2aa 206315d3 fsgnjn.s         f11, f6, f6         f11=xxxxxxxx  f6:bbb2a38d  f6:bbb2a38d
21389180ns          377728 1c00a2ae e05fe06f jal              x0, -4604          
21389240ns          377731 1c0090b2 a0d6a853 feq.s            x16, f13, f13       x16=00000001 f13:41213d75 f13:41213d75
21389260ns          377732 1c0090b6 06b12c23 sw               x11, 120(x2)        x11:3bb2a38d  x2:10001d98  PA:10001e10
21389280ns          377733 1c0090b8 00080463 beq              x16, x0, 8          x16:00000001
21389300ns          377734 1c0090bc 0080106f jal              x0, 4104           
21389439ns          377741 1c00a0c4 a0a69853 flt.s            x16, f13, f10       x16=00000000 f13:41213d75 f10:40db2de2
21389479ns          377743 1c00a0c8 1e080563 beq              x16, x0, 490        x16:00000000
21389618ns          377750 1c00a2b2 a0e69553 flt.s            x10, f13, f14       x10=00000000 f13:41213d75 f14:3da80168
21389638ns          377751 1c00a2b6 00100813 addi             x16, x0, 1          x16=00000001
21389658ns          377752 1c00a2b8 00300e13 addi             x28, x0, 3          x28=00000003
21389678ns          377753 1c00a2ba 00050363 beq              x10, x0, 6          x10:00000000
21389757ns          377757 1c00a2c0 07412703 lw               x14, 116(x2)        x14=421b0aa6  x2:10001d98  PA:10001e0c
21389797ns          377759 1c00a2c2 a0e69553 flt.s            x10, f13, f14       x10=00000001 f13:41213d75 f14:421b0aa6
21389817ns          377760 1c00a2c6 e0051ce3 bne              x10, x0, -488       x10:00000001
21390036ns          377771 1c00a0de a0b716d3 flt.s            x13, f14, f11       x13=00000000 f14:421b0aa6 f11:3bb2a38d
21390076ns          377773 1c00a0e2 84069063 bne              x13, x0, -4032      x13:00000000
21390095ns          377774 1c00a0e6 00e005b3 add              x11, x0, x14        x11=421b0aa6 x14:421b0aa6
21390115ns          377775 1c00a0e8 83aff06f jal              x0, -4038          
21390294ns          377784 1c009122 1c0004b7 lui              x9, 0x1c000000       x9=1c000000
21390314ns          377785 1c009126 0204a703 lw               x14, 32(x9)         x14=3f800000  x9:1c000000  PA:1c000020
21390632ns          377801 1c00912a 18b77753 fdiv.s           f14, f14, f11       f14=xxxxxxxx f14:3f800000 f11:421b0aa6
21390911ns          377815 1c00912e 105772d3 fmul.s           f5, f14, f5          f5=xxxxxxxx f14:3cd35988  f5:c1213d75
21390931ns          377816 1c009132 10e7f7d3 fmul.s           f15, f15, f14       f15=xxxxxxxx f15:3da80168 f14:3cd35988
21390951ns          377817 1c009136 00000513 addi             x10, x0, 0          x10=00000000
21390971ns          377818 1c00913a 28e676c3 fmadd.s          f13, f12, f14, f5   f13=xxxxxxxx f12:c0db2de2 f14:3cd35988  f5:be851e0b
21391030ns          377821 1c00913e 28e67e47 fmsub.s          f28, f12, f14, f5   f28=xxxxxxxx f12:c0db2de2 f14:3cd35988  f5:be851e0b
21391070ns          377823 1c009142 10f7f853 fmul.s           f16, f15, f15       f16=xxxxxxxx f15:3b0ab3ea f15:3b0ab3ea
21391090ns          377824 1c009146 10f2f653 fmul.s           f12, f5, f15        f12=xxxxxxxx  f5:be851e0b f15:3b0ab3ea
21391110ns          377825 1c00914a 10e8f7d3 fmul.s           f15, f17, f14       f15=xxxxxxxx f17:421b0aa6 f14:3cd35988
21391170ns          377828 1c00914e 1c000737 lui              x14, 0x1c000000     x14=1c000000
21391209ns          377830 1c009152 81c6f6c3 fmadd.s          f13, f13, f28, f16  f13=xxxxxxxx f13:bedf97c7 f28:3daa913b f16:36964ced
21391229ns          377831 1c009156 03070713 addi             x14, x14, 48        x14=1c000030 x14:1c000000
21391249ns          377832 1c00915a 00072703 lw               x14, 0(x14)         x14=3f000000 x14:1c000030  PA:1c000030
21391547ns          377847 1c00915c 10c67653 fmul.s           f12, f12, f12       f12=xxxxxxxx f12:ba103f7f f12:ba103f7f
21391567ns          377848 1c009160 10e6f6d3 fmul.s           f13, f13, f14       f13=xxxxxxxx f13:bd14f4f0 f14:3f000000
21391587ns          377849 1c009164 a0a6a753 feq.s            x14, f13, f10       x14=00000000 f13:bc94f4f0 f10:00000000
21391607ns          377850 1c009168 00070663 beq              x14, x0, 12         x14:00000000
21391707ns          377855 1c009174 00000513 addi             x10, x0, 0          x10=00000000
21391726ns          377856 1c009178 a0a69553 flt.s            x10, f13, f10       x10=00000001 f13:bc94f4f0 f10:00000000
21391746ns          377857 1c00917c 60d6f743 fmadd.s          f14, f13, f13, f12  f14=xxxxxxxx f13:bc94f4f0 f13:bc94f4f0 f12:34a28efd
21391806ns          377860 1c009180 58077753 fsqrt.s          f14, f14            f14=xxxxxxxx f14:39ad80e3
21392104ns          377875 1c009184 00050363 beq              x10, x0, 6          x10:00000001
21392124ns          377876 1c009186 20e71753 fsgnjn.s         f14, f14, f14       f14=xxxxxxxx f14:3c950665 f14:3c950665
21392144ns          377877 1c00918a 00e6f6d3 fadd.s           f13, f13, f14       f13=xxxxxxxx f13:bc94f4f0 f14:bc950665
21392164ns          377878 1c00918e 18d67753 fdiv.s           f14, f12, f13       f14=xxxxxxxx f12:34a28efd f13:bd14fdaa
21392184ns          377879 1c009192 00f2f853 fadd.s           f16, f5, f15        f16=xxxxxxxx  f5:be851e0b f15:3f800000
21392462ns          377893 1c009196 0857f6d3 fsub.s           f13, f15, f5        f13=xxxxxxxx f15:3f800000  f5:be851e0b
21392482ns          377894 1c00919a 18b375d3 fdiv.s           f11, f6, f11        f11=xxxxxxxx  f6:bbb2a38d f11:421b0aa6
21392999ns          377920 1c00919e 10b7f7d3 fmul.s           f15, f15, f11       f15=xxxxxxxx f15:3f800000 f11:b9137b47
21393019ns          377921 1c0091a2 70d87843 fmadd.s          f16, f16, f13, f14  f16=xxxxxxxx f16:3f3d70fa f13:3fa14783 f14:b70ba7fa
21393039ns          377922 1c0091a6 5dfc4563 blt              x24, x31, 1482      x24:00000003 x31:00000001
21393059ns          377923 1c0091aa 002f9693 slli             x13, x31, 0x2       x13=00000004 x31:00000001
21393119ns          377926 1c0091ae 01f68333 add              x6, x13, x31         x6=00000005 x13:00000004 x31:00000001
21393139ns          377927 1c0091b2 00231313 slli             x6, x6, 0x2          x6=00000014  x6:00000005
21393159ns          377928 1c0091b4 058fc733 p.min            x14, x31, x24       x14=00000001 x31:00000001 x24:00000003
21393179ns          377929 1c0091b8 02c10893 addi             x17, x2, 44         x17=10001dc4  x2:10001d98
21393198ns          377930 1c0091bc 0e010993 addi             x19, x2, 224        x19=10001e78  x2:10001d98
21393258ns          377933 1c0091c0 ffc68a13 addi             x20, x13, -4        x20=00000000 x13:00000004
21393298ns          377935 1c0091c4 fec30e13 addi             x28, x6, -20        x28=00000000  x6:00000014
21393318ns          377936 1c0091c8 00d88ab3 add              x21, x17, x13       x21=10001dc8 x17:10001dc4 x13:00000004
21393338ns          377937 1c0091cc 00d98633 add              x12, x19, x13       x12=10001e7c x19:10001e78 x13:00000004
21393397ns          377940 1c0091d0 41f70b33 sub              x22, x14, x31       x22=00000000 x14:00000001 x31:00000001
21393437ns          377942 1c0091d4 04010393 addi             x7, x2, 64           x7=10001dd8  x2:10001d98
21393457ns          377943 1c0091d8 001f8693 addi             x13, x31, 1         x13=00000002 x31:00000001
21393477ns          377944 1c0091dc 00170713 addi             x14, x14, 1         x14=00000002 x14:00000001
21393537ns          377947 1c0091de 006c8eb3 add              x29, x25, x6        x29=10001f34 x25:10001f20  x6:00000014
21393576ns          377949 1c0091e2 01488bb3 add              x23, x17, x20       x23=10001dc4 x17:10001dc4 x20:00000000
21393596ns          377950 1c0091e6 01cc8f33 add              x30, x25, x28       x30=10001f20 x25:10001f20 x28:00000000
21393616ns          377951 1c0091ea f5c62503 lw               x10, -164(x12)      x10=bbb2a38d x12:10001e7c  PA:10001dd8
21393676ns          377954 1c0091ee ffcaa583 lw               x11, -4(x21)        x11=421b0aa6 x21:10001dc8  PA:10001dc4
21393696ns          377955 1c0091f2 01a30333 add              x6, x6, x26          x6=10001ed0  x6:00000014 x26:10001ebc
21393716ns          377956 1c0091f4 007a0a33 add              x20, x20, x7        x20=10001dd8 x20:00000000  x7:10001dd8
21393735ns          377957 1c0091f6 01ae0e33 add              x28, x28, x26       x28=10001ebc x28:00000000 x26:10001ebc
21393755ns          377958 1c0091f8 00000293 addi             x5, x0, 0            x5=00000000
21393775ns          377959 1c0091fc 001b0b13 addi             x22, x22, 1         x22=00000001 x22:00000000
21393815ns          377961 1c0091fe 00d75463 bge              x14, x13, 8         x14:00000002 x13:00000002
21393895ns          377965 1c009206 145b40fb lp.setup         0x1, x22, 0x145     x22:00000001
21393914ns          377966 1c00920a a0581753 flt.s            x14, f16, f5        x14=00000000 f16:3f6eb165  f5:00000000
21393934ns          377967 1c00920e 01000633 add              x12, x0, x16        x12=3f6eb165 x16:3f6eb165
21393994ns          377970 1c009210 00070363 beq              x14, x0, 6          x14:00000000
21394074ns          377974 1c009216 a0579753 flt.s            x14, f15, f5        x14=00000001 f15:b9137b47  f5:00000000
21394093ns          377975 1c00921a 00f008b3 add              x17, x0, x15        x17=b9137b47 x15:b9137b47
21394113ns          377976 1c00921c 00070363 beq              x14, x0, 6          x14:00000001
21394153ns          377978 1c00921e 20f798d3 fsgnjn.s         f17, f15, f15       f17=xxxxxxxx f15:b9137b47 f15:b9137b47
21394193ns          377980 1c009222 a0c89753 flt.s            x14, f17, f12       x14=00000001 f17:39137b47 f12:3f6eb165
21394213ns          377981 1c009226 010006b3 add              x13, x0, x16        x13=3f6eb165 x16:3f6eb165
21394233ns          377982 1c009228 00071263 bne              x14, x0, 4          x14:00000001
21394332ns          377987 1c00922c 01167753 fadd.s           f14, f12, f17       f14=xxxxxxxx f12:3f6eb165 f17:39137b47
21394352ns          377988 1c009230 a05723d3 feq.s            x7, f14, f5          x7=00000000 f14:3f6eba9d  f5:00000000
21394372ns          377989 1c009234 00038463 beq              x7, x0, 8            x7:00000000
21394432ns          377992 1c00923c 1c000437 lui              x8, 0x1c000000       x8=1c000000
21394491ns          377995 1c009240 02040413 addi             x8, x8, 32           x8=1c000020  x8:1c000000
21394531ns          377997 1c009244 00042403 lw               x8, 0(x8)            x8=3f800000  x8:1c000020  PA:1c000020
21394849ns          378013 1c009246 18e473d3 fdiv.s           f7, f8, f14          f7=xxxxxxxx  f8:3f800000 f14:3f6eba9d
21395128ns          378027 1c00924a 1078f8d3 fmul.s           f17, f17, f7        f17=xxxxxxxx f17:39137b47  f7:3f8942a0
21395148ns          378028 1c00924e 10767653 fmul.s           f12, f12, f7        f12=xxxxxxxx f12:3f6eb165  f7:3f8942a0
21395168ns          378029 1c009252 a05696d3 flt.s            x13, f13, f5        x13=00000000 f13:3f6eb165  f5:00000000
21395187ns          378030 1c009256 1118f8d3 fmul.s           f17, f17, f17       f17=xxxxxxxx f17:391e26b6 f17:391e26b6
21395207ns          378031 1c00925a 88c67643 fmadd.s          f12, f12, f12, f17  f12=xxxxxxxx f12:3f7ff61c f12:3f7ff61c f17:32c3679d
21395267ns          378034 1c00925e 58067653 fsqrt.s          f12, f12            f12=xxxxxxxx f12:3f7fec39
21396023ns          378072 1c009262 10c77753 fmul.s           f14, f14, f12       f14=xxxxxxxx f14:3f6eba9d f12:3f7ff61c
21396043ns          378073 1c009266 00068363 beq              x13, x0, 6          x13:00000000
21396162ns          378079 1c00926c 1c0004b7 lui              x9, 0x1c000000       x9=1c000000
21396182ns          378080 1c009270 02048493 addi             x9, x9, 32           x9=1c000020  x9:1c000000
21396202ns          378081 1c009274 0004a483 lw               x9, 0(x9)            x9=3f800000  x9:1c000020  PA:1c000020
21396520ns          378097 1c009276 18e4f753 fdiv.s           f14, f9, f14        f14=xxxxxxxx  f9:3f800000 f14:3f6eb164
21396799ns          378111 1c00927a 10e87653 fmul.s           f12, f16, f14       f12=xxxxxxxx f16:3f6eb165 f14:3f8947ee
21396819ns          378112 1c00927e 10e7f7d3 fmul.s           f15, f15, f14       f15=xxxxxxxx f15:b9137b47 f14:3f8947ee
21396838ns          378113 1c009282 000e2683 lw               x13, 0(x28)         x13=3ed44f0a x28:10001ebc  PA:10001ebc
21396858ns          378114 1c009286 00032803 lw               x16, 0(x6)          x16=3f07c3ce  x6:10001ed0  PA:10001ed0
21396878ns          378115 1c00928a 10d7f3d3 fmul.s           f7, f15, f13         f7=xxxxxxxx f15:b91e2cd3 f13:3ed44f0a
21396938ns          378118 1c00928e 1107f8d3 fmul.s           f17, f15, f16       f17=xxxxxxxx f15:b91e2cd3 f16:3f07c3ce
21396978ns          378120 1c009292 10f57753 fmul.s           f14, f10, f15       f14=xxxxxxxx f10:bbb2a38d f15:b91e2cd3
21396998ns          378121 1c009296 39067847 fmsub.s          f16, f12, f16, f7   f16=xxxxxxxx f12:3f800000 f16:3f07c3ce  f7:b8832df5
21397017ns          378122 1c00929a 88d676c3 fmadd.s          f13, f12, f13, f17  f13=xxxxxxxx f12:3f800000 f13:3ed44f0a f17:b8a7c53d
21397077ns          378125 1c00929e 10b7f3d3 fmul.s           f7, f15, f11         f7=xxxxxxxx f15:b91e2cd3 f11:421b0aa6
21397117ns          378127 1c0092a2 01032023 sw               x16, 0(x6)          x16:3f07c7e7  x6:10001ed0  PA:10001ed0
21397137ns          378128 1c0092a6 00de2023 sw               x13, 0(x28)         x13:3ed4448e x28:10001ebc  PA:10001ebc
21397157ns          378129 1c0092aa 004e2803 lw               x16, 4(x28)         x16=3f2294a0 x28:10001ebc  PA:10001ec0
21397216ns          378132 1c0092ae 00432883 lw               x17, 4(x6)          x17=bea98b90  x6:10001ed0  PA:10001ed4
21397256ns          378134 1c0092b2 1107f453 fmul.s           f8, f15, f16         f8=xxxxxxxx f15:b91e2cd3 f16:3f2294a0
21397276ns          378135 1c0092b6 1117f6d3 fmul.s           f13, f15, f17       f13=xxxxxxxx f15:b91e2cd3 f17:bea98b90
21397296ns          378136 1c0092ba 70b67743 fmadd.s          f14, f12, f11, f14  f14=xxxxxxxx f12:3f800000 f11:421b0aa6 f14:355cc071
21397356ns          378139 1c0092be 411678c7 fmsub.s          f17, f12, f17, f8   f17=xxxxxxxx f12:3f800000 f17:bea98b90  f8:b8c8e865
21397395ns          378141 1c0092c2 69067843 fmadd.s          f16, f12, f16, f13  f16=xxxxxxxx f12:3f800000 f16:3f2294a0 f13:385183a5
21397415ns          378142 1c0092c6 38c576c7 fmsub.s          f13, f10, f12, f7   f13=xxxxxxxx f10:bbb2a38d f12:3f800000  f7:bbbf9770
21397435ns          378143 1c0092ca 01132223 sw               x17, 4(x6)          x17:bea97f01  x6:10001ed0  PA:10001ed4
21397495ns          378146 1c0092ce 008e2583 lw               x11, 8(x28)         x11=3e7bc068 x28:10001ebc  PA:10001ec4
21397535ns          378148 1c0092d2 010e2223 sw               x16, 4(x28)         x16:3f2297e6 x28:10001ebc  PA:10001ec0
21397554ns          378149 1c0092d6 00832803 lw               x16, 8(x6)          x16=bef558fd  x6:10001ed0  PA:10001ed8
21397574ns          378150 1c0092da 10b7f8d3 fmul.s           f17, f15, f11       f17=xxxxxxxx f15:b91e2cd3 f11:3e7bc068
21397634ns          378153 1c0092de 1107f553 fmul.s           f10, f15, f16       f10=xxxxxxxx f15:b91e2cd3 f16:bef558fd
21397674ns          378155 1c0092e2 a05713d3 flt.s            x7, f14, f5          x7=00000000 f14:421b0aa6  f5:00000000
21397694ns          378156 1c0092e6 890678c7 fmsub.s          f17, f12, f16, f17  f17=xxxxxxxx f12:3f800000 f16:bef558fd f17:b81b8cd5
21397714ns          378157 1c0092ea 50b67543 fmadd.s          f10, f12, f11, f10  f10=xxxxxxxx f12:3f800000 f11:3e7bc068 f10:389797e2
21397773ns          378160 1c0092ee 000aa803 lw               x16, 0(x21)         x16=c1899455 x21:10001dc8  PA:10001dc8
21397813ns          378162 1c0092f2 01132423 sw               x17, 8(x6)          x17:bef55421  x6:10001ed0  PA:10001ed8
21397833ns          378163 1c0092f6 00ce2583 lw               x11, 12(x28)        x11=3edb0f46 x28:10001ebc  PA:10001ec8
21397853ns          378164 1c0092fa 00ae2423 sw               x10, 8(x28)         x10:3e7bd35b x28:10001ebc  PA:10001ec4
21397913ns          378167 1c0092fe 00c32403 lw               x8, 12(x6)           x8=3f0af2a8  x6:10001ed0  PA:10001edc
21397952ns          378169 1c009302 10b7f8d3 fmul.s           f17, f15, f11       f17=xxxxxxxx f15:b91e2cd3 f11:3edb0f46
21397972ns          378170 1c009306 1087f553 fmul.s           f10, f15, f8        f10=xxxxxxxx f15:b91e2cd3  f8:3f0af2a8
21397992ns          378171 1c00930a 00da222b p.sw             x13, 4(x20!)        x20=10001ddc x13:39cf3e30 x20:10001dd8  PA:10001dd8
21398052ns          378174 1c00930e 88867447 fmsub.s          f8, f12, f8, f17     f8=xxxxxxxx f12:3f800000  f8:3f0af2a8 f17:b88759c8
21398092ns          378176 1c009312 50b67543 fmadd.s          f10, f12, f11, f10  f10=xxxxxxxx f12:3f800000 f11:3edb0f46 f10:b8abb430
21398111ns          378177 1c009316 10f875d3 fmul.s           f11, f16, f15       f11=xxxxxxxx f16:c1899455 f15:b91e2cd3
21398131ns          378178 1c00931a 00832623 sw               x8, 12(x6)           x8:3f0af6e3  x6:10001ed0  PA:10001edc
21398191ns          378181 1c00931e 010e2403 lw               x8, 16(x28)          x8=3ed9f639 x28:10001ebc  PA:10001ecc
21398231ns          378183 1c009322 00ae2623 sw               x10, 12(x28)        x10:3edb048b x28:10001ebc  PA:10001ec8
21398251ns          378184 1c009326 01032503 lw               x10, 16(x6)         x10=be9528d0  x6:10001ed0  PA:10001ee0
21398271ns          378185 1c00932a 1087f4d3 fmul.s           f9, f15, f8          f9=xxxxxxxx f15:b91e2cd3  f8:3ed9f639
21398330ns          378188 1c00932e 10a7f7d3 fmul.s           f15, f15, f10       f15=xxxxxxxx f15:b91e2cd3 f10:be9528d0
21398370ns          378190 1c009332 10c878d3 fmul.s           f17, f16, f12       f17=xxxxxxxx f16:c1899455 f12:3f800000
21398390ns          378191 1c009336 48a67547 fmsub.s          f10, f12, f10, f9   f10=xxxxxxxx f12:3f800000 f10:be9528d0  f9:b886ac21
21398410ns          378192 1c00933a 788677c3 fmadd.s          f15, f12, f8, f15   f15=xxxxxxxx f12:3f800000  f8:3ed9f639 f15:3838529d
21398489ns          378196 1c00933e 00a32823 sw               x10, 16(x6)         x10:be952065  x6:10001ed0  PA:10001ee0
21398529ns          378198 1c009342 00fe2823 sw               x15, 16(x28)        x15:3ed9fbfc x28:10001ebc  PA:10001ecc
21398549ns          378199 1c009346 00e007b3 add              x15, x0, x14        x15=421b0aa6 x14:421b0aa6
21398569ns          378200 1c009348 00038463 beq              x7, x0, 8            x7:00000000
21398668ns          378205 1c009350 a0559653 flt.s            x12, f11, f5        x12=00000000 f11:3b2a0347  f5:00000000
21398688ns          378206 1c009354 700616e3 bne              x12, x0, 3852       x12:00000000
21398708ns          378207 1c009358 00b00633 add              x12, x0, x11        x12=3b2a0347 x11:3b2a0347
21398728ns          378208 1c00935a a0f61553 flt.s            x10, f12, f15       x10=00000001 f12:3b2a0347 f15:421b0aa6
21398748ns          378209 1c00935e 00e00833 add              x16, x0, x14        x16=421b0aa6 x14:421b0aa6
21398788ns          378211 1c009360 00051263 bne              x10, x0, 4          x10:00000001
21398847ns          378214 1c009364 00c7f453 fadd.s           f8, f15, f12         f8=xxxxxxxx f15:421b0aa6 f12:3b2a0347
21398867ns          378215 1c009368 a05423d3 feq.s            x7, f8, f5           x7=00000000  f8:421b0d4e  f5:00000000
21398887ns          378216 1c00936c 6a0397e3 bne              x7, x0, 3758         x7:00000000
21398947ns          378219 1c009370 1c0009b7 lui              x19, 0x1c000000     x19=1c000000
21398987ns          378221 1c009374 02098993 addi             x19, x19, 32        x19=1c000020 x19:1c000000
21399006ns          378222 1c009378 0009a983 lw               x19, 0(x19)         x19=3f800000 x19:1c000020  PA:1c000020
21399424ns          378243 1c00937c 1889f3d3 fdiv.s           f7, f19, f8          f7=xxxxxxxx f19:3f800000  f8:421b0d4e
21399703ns          378257 1c009380 10767653 fmul.s           f12, f12, f7        f12=xxxxxxxx f12:3b2a0347  f7:3cd355e9
21399723ns          378258 1c009384 1077f7d3 fmul.s           f15, f15, f7        f15=xxxxxxxx f15:421b0aa6  f7:3cd355e9
21399742ns          378259 1c009388 a0581853 flt.s            x16, f16, f5        x16=00000000 f16:421b0aa6  f5:00000000
21399762ns          378260 1c00938c 10c67653 fmul.s           f12, f12, f12       f12=xxxxxxxx f12:388c59c1 f12:388c59c1
21399802ns          378262 1c009390 60f7f7c3 fmadd.s          f15, f15, f15, f12  f15=xxxxxxxx f15:3f7ffb9d f15:3f7ffb9d f12:3199e495
21399842ns          378264 1c009394 5807f7d3 fsqrt.s          f15, f15            f15=xxxxxxxx f15:3f7ff73a
21400120ns          378278 1c009398 10f47453 fmul.s           f8, f8, f15          f8=xxxxxxxx  f8:421b0d4e f15:3f7ffb9d
21400140ns          378279 1c00939c 00080463 beq              x16, x0, 8          x16:00000000
21400200ns          378282 1c0093a4 1c0003b7 lui              x7, 0x1c000000       x7=1c000000
21400220ns          378283 1c0093a8 02038393 addi             x7, x7, 32           x7=1c000020  x7:1c000000
21400240ns          378284 1c0093ac 0003a383 lw               x7, 0(x7)            x7=3f800000  x7:1c000020  PA:1c000020
21400578ns          378301 1c0093b0 1883f7d3 fdiv.s           f15, f7, f8         f15=xxxxxxxx  f7:3f800000  f8:421b0aa6
21401095ns          378327 1c0093b4 10f77653 fmul.s           f12, f14, f15       f12=xxxxxxxx f14:421b0aa6 f15:3cd35988
21401115ns          378328 1c0093b8 10f5f3d3 fmul.s           f7, f11, f15         f7=xxxxxxxx f11:3b2a0347 f15:3cd35988
21401135ns          378329 1c0093bc 10c6f853 fmul.s           f16, f13, f12       f16=xxxxxxxx f13:39cf3e30 f12:3f800000
21401155ns          378330 1c0093c0 207395d3 fsgnjn.s         f11, f7, f7         f11=xxxxxxxx  f7:388c5c29  f7:388c5c29
21401175ns          378331 1c0093c4 000f2783 lw               x15, 0(x30)         x15=3ed3797c x30:10001f20  PA:10001f20
21401194ns          378332 1c0093c8 000ea483 lw               x9, 0(x29)           x9=be735802 x29:10001f34  PA:10001f34
21401214ns          378333 1c0093cc 1077f953 fmul.s           f18, f15, f7        f18=xxxxxxxx f15:3ed3797c  f7:388c5c29
21401254ns          378335 1c0093d0 1074f553 fmul.s           f10, f9, f7         f10=xxxxxxxx  f9:be735802  f7:388c5c29
21401294ns          378337 1c0093d4 10c8f753 fmul.s           f14, f17, f12       f14=xxxxxxxx f17:c1899455 f12:3f800000
21401314ns          378338 1c0093d8 90c4f4c7 fmsub.s          f9, f9, f12, f18     f9=xxxxxxxx  f9:be735802 f12:3f800000 f18:37e7e523
21401334ns          378339 1c0093dc 50c7f543 fmadd.s          f10, f15, f12, f10  f10=xxxxxxxx f15:3ed3797c f12:3f800000 f10:b7856bbc
21401393ns          378342 1c0093e0 70b6f5c3 fmadd.s          f11, f13, f11, f14  f11=xxxxxxxx f13:39cf3e30 f11:b88c5c29 f14:c1899455
21401433ns          378344 1c0093e4 009ea023 sw               x9, 0(x29)           x9:be735f41 x29:10001f34  PA:10001f34
21401453ns          378345 1c0093e8 00af2023 sw               x10, 0(x30)         x10:3ed37766 x30:10001f20  PA:10001f20
21401473ns          378346 1c0093ec 004f2503 lw               x10, 4(x30)         x10=3f07b68d x30:10001f20  PA:10001f24
21401533ns          378349 1c0093f0 004ea483 lw               x9, 4(x29)           x9=3f17ba6a x29:10001f34  PA:10001f38
21401572ns          378351 1c0093f4 10a3f9d3 fmul.s           f19, f7, f10        f19=xxxxxxxx  f7:388c5c29 f10:3f07b68d
21401592ns          378352 1c0093f8 1093f953 fmul.s           f18, f7, f9         f18=xxxxxxxx  f7:388c5c29  f9:3f17ba6a
21401612ns          378353 1c0093fc 008ba22b p.sw             x8, 4(x23!)         x23=10001dc8  x8:421b0aa6 x23:10001dc4  PA:10001dc4
21401672ns          378356 1c009400 989674c7 fmsub.s          f9, f12, f9, f19     f9=xxxxxxxx f12:3f800000  f9:3f17ba6a f19:3814d161
21401712ns          378358 1c009404 90a67743 fmadd.s          f14, f12, f10, f18  f14=xxxxxxxx f12:3f800000 f10:3f07b68d f18:38266123
21401732ns          378359 1c009408 8078f843 fmadd.s          f16, f17, f7, f16   f16=xxxxxxxx f17:c1899455  f7:388c5c29 f16:39cf3e30
21401751ns          378360 1c00940c 009ea223 sw               x9, 4(x29)           x9:3f17b817 x29:10001f34  PA:10001f38
21401811ns          378363 1c009410 00ef2223 sw               x14, 4(x30)         x14:3f07b927 x30:10001f20  PA:10001f24
21401851ns          378365 1c009414 008f2703 lw               x14, 8(x30)         x14=3e736ce3 x30:10001f20  PA:10001f28
21401871ns          378366 1c009418 008ea483 lw               x9, 8(x29)           x9=3ef00780 x29:10001f34  PA:10001f3c
21401891ns          378367 1c00941c 10e3f953 fmul.s           f18, f7, f14        f18=xxxxxxxx  f7:388c5c29 f14:3e736ce3
21401950ns          378370 1c009420 1093f6d3 fmul.s           f13, f7, f9         f13=xxxxxxxx  f7:388c5c29  f9:3ef00780
21401990ns          378372 1c009424 000a2783 lw               x15, 0(x20)         x15=bfc2986c x20:10001ddc  PA:10001ddc
21402010ns          378373 1c009428 909674c7 fmsub.s          f9, f12, f9, f18     f9=xxxxxxxx f12:3f800000  f9:3ef00780 f18:3785772e
21402030ns          378374 1c00942c 68e676c3 fmadd.s          f13, f12, f14, f13  f13=xxxxxxxx f12:3f800000 f14:3e736ce3 f13:38039a83
21402090ns          378377 1c009430 10c7f553 fmul.s           f10, f15, f12       f10=xxxxxxxx f15:bfc2986c f12:3f800000
21402129ns          378379 1c009434 009ea423 sw               x9, 8(x29)           x9:3ef0056a x29:10001f34  PA:10001f3c
21402149ns          378380 1c009438 00cf2703 lw               x14, 12(x30)        x14=3ef4053b x30:10001f20  PA:10001f2c
21402169ns          378381 1c00943c 00df2423 sw               x13, 8(x30)         x13:3e73751d x30:10001f20  PA:10001f28
21402229ns          378384 1c009440 00cea683 lw               x13, 12(x29)        x13=bf1b093f x29:10001f34  PA:10001f40
21402269ns          378386 1c009444 10e3f4d3 fmul.s           f9, f7, f14          f9=xxxxxxxx  f7:388c5c29 f14:3ef4053b
21402288ns          378387 1c009448 10d3f453 fmul.s           f8, f7, f13          f8=xxxxxxxx  f7:388c5c29 f13:bf1b093f
21402308ns          378388 1c00944c 00baa22b p.sw             x11, 4(x21!)        x21=10001dcc x11:c1899455 x21:10001dc8  PA:10001dc8
21402368ns          378391 1c009450 48d676c7 fmsub.s          f13, f12, f13, f9   f13=xxxxxxxx f12:3f800000 f13:bf1b093f  f9:3805cab5
21402408ns          378393 1c009454 40e67743 fmadd.s          f14, f12, f14, f8   f14=xxxxxxxx f12:3f800000 f14:3ef4053b  f8:b82a01bd
21402428ns          378394 1c009458 00aa2023 sw               x10, 0(x20)         x10:bfc2986c x20:10001ddc  PA:10001ddc
21402448ns          378395 1c00945c 00dea623 sw               x13, 12(x29)        x13:bf1b0b56 x29:10001f34  PA:10001f40
21402507ns          378398 1c009460 010f2883 lw               x17, 16(x30)        x17=3f03b5d5 x30:10001f20  PA:10001f30
21402547ns          378400 1c009464 00ef2623 sw               x14, 12(x30)        x14:3ef3ffeb x30:10001f20  PA:10001f2c
21402567ns          378401 1c009468 010ea683 lw               x13, 16(x29)        x13=bd9aacc5 x29:10001f34  PA:10001f44
21402587ns          378402 1c00946c 1113f453 fmul.s           f8, f7, f17          f8=xxxxxxxx  f7:388c5c29 f17:3f03b5d5
21402647ns          378405 1c009470 10d3f753 fmul.s           f14, f7, f13        f14=xxxxxxxx  f7:388c5c29 f13:bd9aacc5
21402686ns          378407 1c009474 1077f7d3 fmul.s           f15, f15, f7        f15=xxxxxxxx f15:bfc2986c  f7:388c5c29
21402706ns          378408 1c009478 40d676c7 fmsub.s          f13, f12, f13, f8   f13=xxxxxxxx f12:3f800000 f13:bd9aacc5  f8:38106db6
21402726ns          378409 1c00947c 71167743 fmadd.s          f14, f12, f17, f14  f14=xxxxxxxx f12:3f800000 f17:3f03b5d5 f14:b6a99c55
21402786ns          378412 1c009480 001f8f93 addi             x31, x31, 1         x31=00000002 x31:00000001
21402826ns          378414 1c009482 00dea823 sw               x13, 16(x29)        x13:bd9abed3 x29:10001f34  PA:10001f44
21402845ns          378415 1c009486 00ef2823 sw               x14, 16(x30)        x14:3f03b580 x30:10001f20  PA:10001f30
21402865ns          378416 1c00948a 014e8e93 addi             x29, x29, 20        x29=10001f48 x29:10001f34
21402885ns          378417 1c00948c 01430313 addi             x6, x6, 20           x6=10001ee4  x6:10001ed0
21402905ns          378418 1c00948e 014f0f13 addi             x30, x30, 20        x30=10001f34 x30:10001f20
21402925ns          378419 1c009490 014e0e13 addi             x28, x28, 20        x28=10001ed0 x28:10001ebc
21402965ns          378421 1c009492 2dfc4f63 blt              x24, x31, 734       x24:00000003 x31:00000002
21402985ns          378422 1c009496 002f9713 slli             x14, x31, 0x2       x14=00000008 x31:00000002
21403005ns          378423 1c00949a ffc70b13 addi             x22, x14, -4        x22=00000004 x14:00000008
21403064ns          378426 1c00949e 002c1913 slli             x18, x24, 0x2       x18=0000000c x24:00000003
21403104ns          378428 1c0094a2 01f70633 add              x12, x14, x31       x12=0000000a x14:00000008 x31:00000002
21403124ns          378429 1c0094a6 41690933 sub              x18, x18, x22       x18=00000008 x18:0000000c x22:00000004
21403144ns          378430 1c0094aa 02c10513 addi             x10, x2, 44         x10=10001dc4  x2:10001d98
21403164ns          378431 1c0094ac 04010593 addi             x11, x2, 64         x11=10001dd8  x2:10001d98
21403184ns          378432 1c0094ae 00261613 slli             x12, x12, 0x2       x12=00000028 x12:0000000a
21403203ns          378433 1c0094b0 00e50ab3 add              x21, x10, x14       x21=10001dcc x10:10001dc4 x14:00000008
21403243ns          378435 1c0094b4 00e58a33 add              x20, x11, x14       x20=10001de0 x11:10001dd8 x14:00000008
21403263ns          378436 1c0094b8 ffc90913 addi             x18, x18, -4        x18=00000004 x18:00000008
21403283ns          378437 1c0094ba ff870713 addi             x14, x14, -8        x14=00000000 x14:00000008
21403303ns          378438 1c0094bc 04010693 addi             x13, x2, 64         x13=10001dd8  x2:10001d98
21403343ns          378440 1c0094be fec60e13 addi             x28, x12, -20       x28=00000014 x12:00000028
21403382ns          378442 1c0094c2 00295913 srli             x18, x18, 0x2       x18=00000001 x18:00000004
21403402ns          378443 1c0094c6 00e689b3 add              x19, x13, x14       x19=10001dd8 x13:10001dd8 x14:00000000
21403422ns          378444 1c0094ca ffcaa583 lw               x11, -4(x21)        x11=c1899455 x21:10001dcc  PA:10001dc8
21403442ns          378445 1c0094ce 02c10713 addi             x14, x2, 44         x14=10001dc4  x2:10001d98
21403482ns          378447 1c0094d0 ffca2503 lw               x10, -4(x20)        x10=bfc2986c x20:10001de0  PA:10001ddc
21403522ns          378449 1c0094d4 00cc8f33 add              x30, x25, x12       x30=10001f48 x25:10001f20 x12:00000028
21403542ns          378450 1c0094d8 01cc8eb3 add              x29, x25, x28       x29=10001f34 x25:10001f20 x28:00000014
21403561ns          378451 1c0094dc 01a60633 add              x12, x12, x26       x12=10001ee4 x12:00000028 x26:10001ebc
21403581ns          378452 1c0094de 01ae0e33 add              x28, x28, x26       x28=10001ed0 x28:00000014 x26:10001ebc
21403621ns          378454 1c0094e0 00eb0b33 add              x22, x22, x14       x22=10001dc8 x22:00000004 x14:10001dc4
21403661ns          378456 1c0094e2 00000f93 addi             x31, x0, 0          x31=00000000
21403681ns          378457 1c0094e6 00190913 addi             x18, x18, 1         x18=00000002 x18:00000001
21403701ns          378458 1c0094e8 142940fb lp.setup         0x1, x18, 0x142     x18:00000002
21403721ns          378459 1c0094ec a1f81753 flt.s            x14, f16, f31       x14=00000001 f16:ba461b7f f31:00000000
21403760ns          378461 1c0094f0 010002b3 add              x5, x0, x16          x5=ba461b7f x16:ba461b7f
21403780ns          378462 1c0094f2 00070363 beq              x14, x0, 6          x14:00000001
21403800ns          378463 1c0094f4 210812d3 fsgnjn.s         f5, f16, f16         f5=xxxxxxxx f16:ba461b7f f16:ba461b7f
21403820ns          378464 1c0094f8 a1f79753 flt.s            x14, f15, f31       x14=00000001 f15:b8d562d2 f31:00000000
21403840ns          378465 1c0094fc 00f006b3 add              x13, x0, x15        x13=b8d562d2 x15:b8d562d2
21403860ns          378466 1c0094fe 00070363 beq              x14, x0, 6          x14:00000001
21403900ns          378468 1c009500 20f796d3 fsgnjn.s         f13, f15, f15       f13=xxxxxxxx f15:b8d562d2 f15:b8d562d2
21403939ns          378470 1c009504 a0569753 flt.s            x14, f13, f5        x14=00000001 f13:38d562d2  f5:3a461b7f
21403959ns          378471 1c009508 01000333 add              x6, x0, x16          x6=ba461b7f x16:ba461b7f
21403979ns          378472 1c00950a 00071263 bne              x14, x0, 4          x14:00000001
21404099ns          378478 1c00950e 0056f753 fadd.s           f14, f13, f5        f14=xxxxxxxx f13:38d562d2  f5:3a461b7f
21404118ns          378479 1c009512 a1f728d3 feq.s            x17, f14, f31       x17=00000000 f14:3a60c7d9 f31:00000000
21404138ns          378480 1c009516 52089be3 bne              x17, x0, 3382       x17:00000000
21404158ns          378481 1c00951a 1c0003b7 lui              x7, 0x1c000000       x7=1c000000
21404218ns          378484 1c00951e 02038393 addi             x7, x7, 32           x7=1c000020  x7:1c000000
21404258ns          378486 1c009522 0003a383 lw               x7, 0(x7)            x7=3f800000  x7:1c000020  PA:1c000020
21404576ns          378502 1c009526 18e3f8d3 fdiv.s           f17, f7, f14        f17=xxxxxxxx  f7:3f800000 f14:3a60c7d9
21405133ns          378530 1c00952a 10d8f6d3 fmul.s           f13, f17, f13       f13=xxxxxxxx f17:4491c715 f13:38d562d2
21405153ns          378531 1c00952e 1058f8d3 fmul.s           f17, f17, f5        f17=xxxxxxxx f17:4491c715  f5:3a461b7f
21405173ns          378532 1c009532 a1f312d3 flt.s            x5, f6, f31          x5=00000001  f6:ba461b7f f31:00000000
21405193ns          378533 1c009536 10d6f6d3 fmul.s           f13, f13, f13       f13=xxxxxxxx f13:3df305d5 f13:3df305d5
21405212ns          378534 1c00953a 6918f6c3 fmadd.s          f13, f17, f17, f13  f13=xxxxxxxx f17:3f619f45 f17:3f619f45 f13:3c66b413
21405272ns          378537 1c00953e 5806f353 fsqrt.s          f6, f13              f6=xxxxxxxx f13:3f4a742b
21405551ns          378551 1c009542 10e37353 fmul.s           f6, f6, f14          f6=xxxxxxxx  f6:3f63a873 f14:3a60c7d9
21405570ns          378552 1c009546 00028463 beq              x5, x0, 8            x5:00000001
21405590ns          378553 1c00954a 20631353 fsgnjn.s         f6, f6, f6           f6=xxxxxxxx  f6:3a47e51e  f6:3a47e51e
21405610ns          378554 1c00954e 1c000437 lui              x8, 0x1c000000       x8=1c000000
21405630ns          378555 1c009552 02040413 addi             x8, x8, 32           x8=1c000020  x8:1c000000
21405650ns          378556 1c009556 00042403 lw               x8, 0(x8)            x8=3f800000  x8:1c000020  PA:1c000020
21405988ns          378573 1c009558 18647753 fdiv.s           f14, f8, f6         f14=xxxxxxxx  f8:3f800000  f6:ba47e51e
21406386ns          378593 1c00955c 10e876d3 fmul.s           f13, f16, f14       f13=xxxxxxxx f16:ba461b7f f14:c4a3ed13
21406406ns          378594 1c009560 10e7f7d3 fmul.s           f15, f15, f14       f15=xxxxxxxx f15:b8d562d2 f14:c4a3ed13
21406426ns          378595 1c009564 000e2703 lw               x14, 0(x28)         x14=3f07c7e7 x28:10001ed0  PA:10001ed0
21406446ns          378596 1c009568 00062803 lw               x16, 0(x12)         x16=be3b2ea8 x12:10001ee4  PA:10001ee4
21406466ns          378597 1c00956c 10e7f3d3 fmul.s           f7, f15, f14         f7=xxxxxxxx f15:3e08a388 f14:3f07c7e7
21406505ns          378599 1c009570 1107f2d3 fmul.s           f5, f15, f16         f5=xxxxxxxx f15:3e08a388 f16:be3b2ea8
21406545ns          378601 1c009574 10f578d3 fmul.s           f17, f10, f15       f17=xxxxxxxx f10:bfc2986c f15:3e08a388
21406565ns          378602 1c009578 3906f847 fmsub.s          f16, f13, f16, f7   f16=xxxxxxxx f13:3f7db5f0 f16:be3b2ea8  f7:3d90f1de
21406585ns          378603 1c00957c 28e6f743 fmadd.s          f14, f13, f14, f5   f14=xxxxxxxx f13:3f7db5f0 f14:3f07c7e7  f5:bcc7d0b7
21406645ns          378606 1c009580 88d5f8c3 fmadd.s          f17, f11, f13, f17  f17=xxxxxxxx f11:c1899455 f13:3f7db5f0 f17:be4fba90
21406684ns          378608 1c009584 01062023 sw               x16, 0(x12)         x16:be80fd89 x12:10001ee4  PA:10001ee4
21406704ns          378609 1c009588 00ee2023 sw               x14, 0(x28)         x14:3f005289 x28:10001ed0  PA:10001ed0
21406724ns          378610 1c00958c 004e2703 lw               x14, 4(x28)         x14=bea97f01 x28:10001ed0  PA:10001ed4
21406784ns          378613 1c009590 00462803 lw               x16, 4(x12)         x16=3f13b782 x12:10001ee4  PA:10001ee8
21406824ns          378615 1c009594 10e7f453 fmul.s           f8, f15, f14         f8=xxxxxxxx f15:3e08a388 f14:bea97f01
21406843ns          378616 1c009598 10f873d3 fmul.s           f7, f16, f15         f7=xxxxxxxx f16:3f13b782 f15:3e08a388
21406863ns          378617 1c00959c 10f5f2d3 fmul.s           f5, f11, f15         f5=xxxxxxxx f11:c1899455 f15:3e08a388
21406923ns          378620 1c0095a0 40d87847 fmsub.s          f16, f16, f13, f8   f16=xxxxxxxx f16:3f13b782 f13:3f7db5f0  f8:bd34ef7d
21406963ns          378622 1c0095a4 38e6f743 fmadd.s          f14, f13, f14, f7   f14=xxxxxxxx f13:3f7db5f0 f14:bea97f01  f7:3d9dafb3
21406983ns          378623 1c0095a8 0069a22b p.sw             x6, 4(x19!)         x19=10001ddc  x6:ba47e51e x19:10001dd8  PA:10001dd8
21407003ns          378624 1c0095ac 01062223 sw               x16, 4(x12)         x16:3f1db44f x12:10001ee4  PA:10001ee8
21407062ns          378627 1c0095b0 00ee2223 sw               x14, 4(x28)         x14:be808f0d x28:10001ed0  PA:10001ed4
21407102ns          378629 1c0095b4 008e2703 lw               x14, 8(x28)         x14=bef55421 x28:10001ed0  PA:10001ed8
21407122ns          378630 1c0095b8 00862803 lw               x16, 8(x12)         x16=bf45f309 x12:10001ee4  PA:10001eec
21407142ns          378631 1c0095bc 10f773d3 fmul.s           f7, f14, f15         f7=xxxxxxxx f14:bef55421 f15:3e08a388
21407201ns          378634 1c0095c0 10f875d3 fmul.s           f11, f16, f15       f11=xxxxxxxx f16:bf45f309 f15:3e08a388
21407241ns          378636 1c0095c4 28d57547 fmsub.s          f10, f10, f13, f5   f10=xxxxxxxx f10:bfc2986c f13:3f7db5f0  f5:c012dd5f
21407261ns          378637 1c0095c8 38d873c7 fmsub.s          f7, f16, f13, f7     f7=xxxxxxxx f16:bf45f309 f13:3f7db5f0  f7:bd82f168
21407281ns          378638 1c0095cc 58d775c3 fmadd.s          f11, f14, f13, f11  f11=xxxxxxxx f14:bef55421 f13:3f7db5f0 f11:bdd34f1f
21407341ns          378641 1c0095d0 a1f892d3 flt.s            x5, f17, f31         x5=00000001 f17:c189f8d4 f31:00000000
21407381ns          378643 1c0095d4 00762423 sw               x7, 8(x12)           x7:bf33cfb1 x12:10001ee4  PA:10001eec
21407400ns          378644 1c0095d8 00ce2703 lw               x14, 12(x28)        x14=3f0af6e3 x28:10001ed0  PA:10001edc
21407420ns          378645 1c0095dc 00be2423 sw               x11, 8(x28)         x11:bf13fb23 x28:10001ed0  PA:10001ed8
21407480ns          378648 1c0095e0 00c62383 lw               x7, 12(x12)          x7=be397461 x12:10001ee4  PA:10001ef0
21407520ns          378650 1c0095e4 10f77453 fmul.s           f8, f14, f15         f8=xxxxxxxx f14:3f0af6e3 f15:3e08a388
21407540ns          378651 1c0095e8 10f3f5d3 fmul.s           f11, f7, f15        f11=xxxxxxxx  f7:be397461 f15:3e08a388
21407560ns          378652 1c0095ec 000aa803 lw               x16, 0(x21)         x16=c0db2de2 x21:10001dcc  PA:10001dcc
21407619ns          378655 1c0095f0 40d3f3c7 fmsub.s          f7, f7, f13, f8      f7=xxxxxxxx  f7:be397461 f13:3f7db5f0  f8:3d9457db
21407659ns          378657 1c0095f4 58d775c3 fmadd.s          f11, f14, f13, f11  f11=xxxxxxxx f14:3f0af6e3 f13:3f7db5f0 f11:bcc5f896
21407679ns          378658 1c0095f8 00a9a023 sw               x10, 0(x19)         x10:3f49bf9e x19:10001ddc  PA:10001ddc
21407699ns          378659 1c0095fc 00762623 sw               x7, 12(x12)          x7:be80fbdf x12:10001ee4  PA:10001ef0
21407758ns          378662 1c009600 010e2703 lw               x14, 16(x28)        x14=be952065 x28:10001ed0  PA:10001ee0
21407798ns          378664 1c009604 00be2623 sw               x11, 12(x28)        x11:3f0388fc x28:10001ed0  PA:10001edc
21407818ns          378665 1c009608 01062583 lw               x11, 16(x12)        x11=bd5ded36 x12:10001ee4  PA:10001ef4
21407838ns          378666 1c00960a 10f773d3 fmul.s           f7, f14, f15         f7=xxxxxxxx f14:be952065 f15:3e08a388
21407898ns          378669 1c00960e 10f5f353 fmul.s           f6, f11, f15         f6=xxxxxxxx f11:bd5ded36 f15:3e08a388
21407937ns          378671 1c009612 1107f7d3 fmul.s           f15, f15, f16       f15=xxxxxxxx f15:3e08a388 f16:c0db2de2
21407957ns          378672 1c009616 38d5f5c7 fmsub.s          f11, f11, f13, f7   f11=xxxxxxxx f11:bd5ded36 f13:3f7db5f0  f7:bd1f30f1
21407977ns          378673 1c00961a 30d77743 fmadd.s          f14, f14, f13, f6   f14=xxxxxxxx f14:be952065 f13:3f7db5f0  f6:bbece791
21408037ns          378676 1c00961e 1106f6d3 fmul.s           f13, f13, f16       f13=xxxxxxxx f13:3f7db5f0 f16:c0db2de2
21408057ns          378677 1c009622 00b62823 sw               x11, 16(x12)        x11:bc7300d9 x12:10001ee4  PA:10001ef4
21408077ns          378678 1c009624 00ee2823 sw               x14, 16(x28)        x14:be977e9e x28:10001ed0  PA:10001ee0
21408097ns          378679 1c009628 01100333 add              x6, x0, x17          x6=c189f8d4 x17:c189f8d4
21408116ns          378680 1c00962a 00028463 beq              x5, x0, 8            x5:00000001
21408176ns          378683 1c00962e 21189353 fsgnjn.s         f6, f17, f17         f6=xxxxxxxx f17:c189f8d4 f17:c189f8d4
21408216ns          378685 1c009632 a1f79753 flt.s            x14, f15, f31       x14=00000001 f15:bf69f8c5 f31:00000000
21408236ns          378686 1c009636 420719e3 bne              x14, x0, 3122       x14:00000001
21408395ns          378694 1c00a268 20f79753 fsgnjn.s         f14, f15, f15       f14=xxxxxxxx f15:bf69f8c5 f15:bf69f8c5
21408435ns          378696 1c00a26c bd0ff06f jal              x0, -3120          
21408534ns          378701 1c00963c a0671853 flt.s            x16, f14, f6        x16=00000001 f14:3f69f8c5  f6:4189f8d4
21408554ns          378702 1c009640 011003b3 add              x7, x0, x17          x7=c189f8d4 x17:c189f8d4
21408574ns          378703 1c009642 00081363 bne              x16, x0, 6          x16:00000001
21408634ns          378706 1c009648 006772d3 fadd.s           f5, f14, f6          f5=xxxxxxxx f14:3f69f8c5  f6:4189f8d4
21408654ns          378707 1c00964c a1f2a5d3 feq.s            x11, f5, f31        x11=00000000  f5:4191489a f31:00000000
21408713ns          378710 1c009650 3a0593e3 bne              x11, x0, 2982       x11:00000000
21408753ns          378712 1c009654 1c000437 lui              x8, 0x1c000000       x8=1c000000
21408773ns          378713 1c009658 02040413 addi             x8, x8, 32           x8=1c000020  x8:1c000000
21408793ns          378714 1c00965c 00042403 lw               x8, 0(x8)            x8=3f800000  x8:1c000020  PA:1c000020
21409131ns          378731 1c00965e 185475d3 fdiv.s           f11, f8, f5         f11=xxxxxxxx  f8:3f800000  f5:4191489a
21409608ns          378755 1c009662 10e5f753 fmul.s           f14, f11, f14       f14=xxxxxxxx f11:3d618b8a f14:3f69f8c5
21409628ns          378756 1c009666 a1f393d3 flt.s            x7, f7, f31          x7=00000001  f7:c189f8d4 f31:00000000
21409648ns          378757 1c00966a 1065f5d3 fmul.s           f11, f11, f6        f11=xxxxxxxx f11:3d618b8a  f6:4189f8d4
21409668ns          378758 1c00966e 10e77753 fmul.s           f14, f14, f14       f14=xxxxxxxx f14:3d4e232d f14:3d4e232d
21409688ns          378759 1c009672 70b5f743 fmadd.s          f14, f11, f11, f14  f14=xxxxxxxx f11:3f731dce f11:3f731dce f14:3b25fca1
21409708ns          378760 1c009676 58077353 fsqrt.s          f6, f14              f6=xxxxxxxx f14:3f678795
21409986ns          378774 1c00967a 10537353 fmul.s           f6, f6, f5           f6=xxxxxxxx  f6:3f737522  f5:4191489a
21410006ns          378775 1c00967e 00038463 beq              x7, x0, 8            x7:00000001
21410026ns          378776 1c009682 20631353 fsgnjn.s         f6, f6, f6           f6=xxxxxxxx  f6:418a2a64  f6:418a2a64
21410046ns          378777 1c009686 1c0004b7 lui              x9, 0x1c000000       x9=1c000000
21410066ns          378778 1c00968a 02048493 addi             x9, x9, 32           x9=1c000020  x9:1c000000
21410086ns          378779 1c00968e 0004a483 lw               x9, 0(x9)            x9=3f800000  x9:1c000020  PA:1c000020
21410424ns          378796 1c009690 1864f753 fdiv.s           f14, f9, f6         f14=xxxxxxxx  f9:3f800000  f6:c18a2a64
21410702ns          378810 1c009694 111778d3 fmul.s           f17, f14, f17       f17=xxxxxxxx f14:bd6d2a2a f17:c189f8d4
21410722ns          378811 1c009698 10f77753 fmul.s           f14, f14, f15       f14=xxxxxxxx f14:bd6d2a2a f15:bf69f8c5
21410742ns          378812 1c00969c 10a8f853 fmul.s           f16, f17, f10       f16=xxxxxxxx f17:3f7fa42b f10:3f49bf9e
21410762ns          378813 1c0096a0 20e71bd3 fsgnjn.s         f23, f14, f14       f23=xxxxxxxx f14:3d58c1d8 f14:3d58c1d8
21410782ns          378814 1c0096a4 000ea783 lw               x15, 0(x29)         x15=be735f41 x29:10001f34  PA:10001f34
21410802ns          378815 1c0096a8 000f2383 lw               x7, 0(x30)           x7=3db45672 x30:10001f48  PA:10001f48
21410822ns          378816 1c0096ac 10e7f453 fmul.s           f8, f15, f14         f8=xxxxxxxx f15:be735f41 f14:3d58c1d8
21410861ns          378818 1c0096b0 10e3f2d3 fmul.s           f5, f7, f14          f5=xxxxxxxx  f7:3db45672 f14:3d58c1d8
21410901ns          378820 1c0096b4 006b222b p.sw             x6, 4(x22!)         x22=10001dcc  x6:c18a2a64 x22:10001dc8  PA:10001dc8
21410921ns          378821 1c0096b8 4113f3c7 fmsub.s          f7, f7, f17, f8      f7=xxxxxxxx  f7:3db45672 f17:3f7fa42b  f8:bc4e10a7
21410941ns          378822 1c0096bc 2917f2c3 fmadd.s          f5, f15, f17, f5     f5=xxxxxxxx f15:be735f41 f17:3f7fa42b  f5:3b98b17e
21411001ns          378825 1c0096c0 10d8f5d3 fmul.s           f11, f17, f13       f11=xxxxxxxx f17:3f7fa42b f13:c0d9381d
21411040ns          378827 1c0096c4 007f2023 sw               x7, 0(x30)           x7:3dcdd7d6 x30:10001f48  PA:10001f48
21411060ns          378828 1c0096c8 005ea023 sw               x5, 0(x29)           x5:be6e4268 x29:10001f34  PA:10001f34
21411080ns          378829 1c0096cc 004ea283 lw               x5, 4(x29)           x5=3f17b817 x29:10001f34  PA:10001f38
21411140ns          378832 1c0096d0 004f2383 lw               x7, 4(x30)           x7=bef81953 x30:10001f48  PA:10001f4c
21411180ns          378834 1c0096d4 10e2f4d3 fmul.s           f9, f5, f14          f9=xxxxxxxx  f5:3f17b817 f14:3d58c1d8
21411200ns          378835 1c0096d8 10e3f453 fmul.s           f8, f7, f14          f8=xxxxxxxx  f7:bef81953 f14:3d58c1d8
21411219ns          378836 1c0096dc 80d77843 fmadd.s          f16, f14, f13, f16  f16=xxxxxxxx f14:3d58c1d8 f13:c0d9381d f16:3f49773f
21411279ns          378839 1c0096e0 4913f3c7 fmsub.s          f7, f7, f17, f9      f7=xxxxxxxx  f7:bef81953 f17:3f7fa42b  f9:3d007635
21411319ns          378841 1c0096e4 4112f2c3 fmadd.s          f5, f5, f17, f8      f5=xxxxxxxx  f5:3f17b817 f17:3f7fa42b  f8:bcd2113a
21411339ns          378842 1c0096e8 000a2783 lw               x15, 0(x20)         x15=3da80168 x20:10001de0  PA:10001de0
21411359ns          378843 1c0096ec 007f2223 sw               x7, 4(x30)           x7:bf03e78d x30:10001f48  PA:10001f4c
21411418ns          378846 1c0096f0 005ea223 sw               x5, 4(x29)           x5:3f10f121 x29:10001f34  PA:10001f38
21411458ns          378848 1c0096f4 008ea283 lw               x5, 8(x29)           x5=3ef0056a x29:10001f34  PA:10001f3c
21411478ns          378849 1c0096f8 008f2383 lw               x7, 8(x30)           x7=3f59050d x30:10001f48  PA:10001f50
21411498ns          378850 1c0096fc 10e2f4d3 fmul.s           f9, f5, f14          f9=xxxxxxxx  f5:3ef0056a f14:3d58c1d8
21411558ns          378853 1c009700 10e3f453 fmul.s           f8, f7, f14          f8=xxxxxxxx  f7:3f59050d f14:3d58c1d8
21411597ns          378855 1c009704 58abf5c3 fmadd.s          f11, f23, f10, f11  f11=xxxxxxxx f23:bd58c1d8 f10:3f49bf9e f11:c0d8ea31
21411617ns          378856 1c009708 4913f3c7 fmsub.s          f7, f7, f17, f9      f7=xxxxxxxx  f7:3f59050d f17:3f7fa42b  f9:3ccb3a50
21411637ns          378857 1c00970c 4112f2c3 fmadd.s          f5, f5, f17, f8      f5=xxxxxxxx  f5:3ef0056a f17:3f7fa42b  f8:3d37c097
21411697ns          378860 1c009710 1117f553 fmul.s           f10, f15, f17       f10=xxxxxxxx f15:3da80168 f17:3f7fa42b
21411737ns          378862 1c009714 007f2423 sw               x7, 8(x30)           x7:3f525d61 x30:10001f48  PA:10001f50
21411756ns          378863 1c009718 00cea303 lw               x6, 12(x29)          x6=bf1b0b56 x29:10001f34  PA:10001f40
21411776ns          378864 1c00971c 005ea423 sw               x5, 8(x29)           x5:3f0353b2 x29:10001f34  PA:10001f3c
21411836ns          378867 1c009720 00cf2283 lw               x5, 12(x30)          x5=3e2562e6 x30:10001f48  PA:10001f54
21411876ns          378869 1c009724 10e37453 fmul.s           f8, f6, f14          f8=xxxxxxxx  f6:bf1b0b56 f14:3d58c1d8
21411896ns          378870 1c009728 10e2f3d3 fmul.s           f7, f5, f14          f7=xxxxxxxx  f5:3e2562e6 f14:3d58c1d8
21411916ns          378871 1c00972c 014f0f13 addi             x30, x30, 20        x30=10001f5c x30:10001f48
21411975ns          378874 1c00972e 4112f2c7 fmsub.s          f5, f5, f17, f8      f5=xxxxxxxx  f5:3e2562e6 f17:3f7fa42b  f8:bd0346f7
21412015ns          378876 1c009732 39137343 fmadd.s          f6, f6, f17, f7      f6=xxxxxxxx  f6:bf1b0b56 f17:3f7fa42b  f7:3c0c08ad
21412035ns          378877 1c009736 00baa22b p.sw             x11, 4(x21!)        x21=10001dd0 x11:c0da3fd6 x21:10001dcc  PA:10001dcc
21412055ns          378878 1c00973a fe5f2c23 sw               x5, -8(x30)          x5:3e45f950 x30:10001f5c  PA:10001f54
21412115ns          378881 1c00973e 010ea683 lw               x13, 16(x29)        x13=bd9abed3 x29:10001f34  PA:10001f44
21412154ns          378883 1c009742 006ea623 sw               x6, 12(x29)          x6:bf18a395 x29:10001f34  PA:10001f40
21412174ns          378884 1c009746 ffcf2303 lw               x6, -4(x30)          x6=bde6d191 x30:10001f5c  PA:10001f58
21412194ns          378885 1c00974a 10e6f3d3 fmul.s           f7, f13, f14         f7=xxxxxxxx f13:bd9abed3 f14:3d58c1d8
21412254ns          378888 1c00974e 10e372d3 fmul.s           f5, f6, f14          f5=xxxxxxxx  f6:bde6d191 f14:3d58c1d8
21412294ns          378890 1c009752 00aa222b p.sw             x10, 4(x20!)        x20=10001de4 x10:3da7c524 x20:10001de0  PA:10001de0
21412313ns          378891 1c009756 39137347 fmsub.s          f6, f6, f17, f7      f6=xxxxxxxx  f6:bde6d191 f17:3f7fa42b  f7:bb83062e
21412333ns          378892 1c00975a 2916f8c3 fmadd.s          f17, f13, f17, f5   f17=xxxxxxxx f13:bd9abed3 f17:3f7fa42b  f5:bbc36f99
21412353ns          378893 1c00975e 01460613 addi             x12, x12, 20        x12=10001ef8 x12:10001ee4
21412393ns          378895 1c009760 fe6f2e23 sw               x6, -4(x30)          x6:bdde4e62 x30:10001f5c  PA:10001f58
21412433ns          378897 1c009764 011ea823 sw               x17, 16(x29)        x17:bda6be4a x29:10001f34  PA:10001f44
21412453ns          378898 1c009768 014e0e13 addi             x28, x28, 20        x28=10001ee4 x28:10001ed0
21412473ns          378899 1c00976a 014e8e93 addi             x29, x29, 20        x29=10001f48 x29:10001f34
21412492ns          378900 1c00976c 10e7f7d3 fmul.s           f15, f15, f14       f15=xxxxxxxx f15:3da80168 f14:3d58c1d8
21412572ns          378904 1c0094ec a1f81753 flt.s            x14, f16, f31       x14=00000000 f16:3edb02ab f31:00000000
21412632ns          378907 1c0094f0 010002b3 add              x5, x0, x16          x5=3edb02ab x16:3edb02ab
21412652ns          378908 1c0094f2 00070363 beq              x14, x0, 6          x14:00000000
21412711ns          378911 1c0094f8 a1f79753 flt.s            x14, f15, f31       x14=00000000 f15:3b8e4067 f31:00000000
21412731ns          378912 1c0094fc 00f006b3 add              x13, x0, x15        x13=3b8e4067 x15:3b8e4067
21412751ns          378913 1c0094fe 00070363 beq              x14, x0, 6          x14:00000000
21412811ns          378916 1c009504 a0569753 flt.s            x14, f13, f5        x14=00000001 f13:3b8e4067  f5:3edb02ab
21412831ns          378917 1c009508 01000333 add              x6, x0, x16          x6=3edb02ab x16:3edb02ab
21412850ns          378918 1c00950a 00071263 bne              x14, x0, 4          x14:00000001
21412970ns          378924 1c00950e 0056f753 fadd.s           f14, f13, f5        f14=xxxxxxxx f13:3b8e4067  f5:3edb02ab
21412990ns          378925 1c009512 a1f728d3 feq.s            x17, f14, f31       x17=00000000 f14:3edd3bad f31:00000000
21413010ns          378926 1c009516 52089be3 bne              x17, x0, 3382       x17:00000000
21413029ns          378927 1c00951a 1c0003b7 lui              x7, 0x1c000000       x7=1c000000
21413049ns          378928 1c00951e 02038393 addi             x7, x7, 32           x7=1c000020  x7:1c000000
21413069ns          378929 1c009522 0003a383 lw               x7, 0(x7)            x7=3f800000  x7:1c000020  PA:1c000020
21413388ns          378945 1c009526 18e3f8d3 fdiv.s           f17, f7, f14        f17=xxxxxxxx  f7:3f800000 f14:3edd3bad
21413666ns          378959 1c00952a 10d8f6d3 fmul.s           f13, f17, f13       f13=xxxxxxxx f17:40141d82 f13:3b8e4067
21413686ns          378960 1c00952e 1058f8d3 fmul.s           f17, f17, f5        f17=xxxxxxxx f17:40141d82  f5:3edb02ab
21413706ns          378961 1c009532 a1f312d3 flt.s            x5, f6, f31          x5=00000000  f6:3edb02ab f31:00000000
21413726ns          378962 1c009536 10d6f6d3 fmul.s           f13, f13, f13       f13=xxxxxxxx f13:3c249b42 f13:3c249b42
21413746ns          378963 1c00953a 6918f6c3 fmadd.s          f13, f17, f17, f13  f13=xxxxxxxx f17:3f7d6d93 f17:3f7d6d93 f13:38d3ae95
21413805ns          378966 1c00953e 5806f353 fsqrt.s          f6, f13              f6=xxxxxxxx f13:3f7ae861
21414223ns          378987 1c009542 10e37353 fmul.s           f6, f6, f14          f6=xxxxxxxx  f6:3f7d70ea f14:3edd3bad
21414243ns          378988 1c009546 00028463 beq              x5, x0, 8            x5:00000000
21414402ns          378996 1c00954e 1c000437 lui              x8, 0x1c000000       x8=1c000000
21414422ns          378997 1c009552 02040413 addi             x8, x8, 32           x8=1c000020  x8:1c000000
21414442ns          378998 1c009556 00042403 lw               x8, 0(x8)            x8=3f800000  x8:1c000020  PA:1c000020
21414760ns          379014 1c009558 18647753 fdiv.s           f14, f8, f6         f14=xxxxxxxx  f8:3f800000  f6:3edb058e
21415038ns          379028 1c00955c 10e876d3 fmul.s           f13, f16, f14       f13=xxxxxxxx f16:3edb02ab f14:40159c5a
21415058ns          379029 1c009560 10e7f7d3 fmul.s           f15, f15, f14       f15=xxxxxxxx f15:3b8e4067 f14:40159c5a
21415078ns          379030 1c009564 000e2703 lw               x14, 0(x28)         x14=be80fd89 x28:10001ee4  PA:10001ee4
21415098ns          379031 1c009568 00062803 lw               x16, 0(x12)         x16=3f302ccd x12:10001ef8  PA:10001ef8
21415118ns          379032 1c00956c 10e7f3d3 fmul.s           f7, f15, f14         f7=xxxxxxxx f15:3c2644ba f14:be80fd89
21415138ns          379033 1c009570 1107f2d3 fmul.s           f5, f15, f16         f5=xxxxxxxx f15:3c2644ba f16:3f302ccd
21415158ns          379034 1c009574 10f578d3 fmul.s           f17, f10, f15       f17=xxxxxxxx f10:3da7c524 f15:3c2644ba
21415178ns          379035 1c009578 3906f847 fmsub.s          f16, f13, f16, f7   f16=xxxxxxxx f13:3f7ffca0 f16:3f302ccd  f7:bb278e10
21415198ns          379036 1c00957c 28e6f743 fmadd.s          f14, f13, f14, f5   f14=xxxxxxxx f13:3f7ffca0 f14:be80fd89  f5:3be4d8b2
21415237ns          379038 1c009580 88d5f8c3 fmadd.s          f17, f11, f13, f17  f17=xxxxxxxx f11:c0da3fd6 f13:3f7ffca0 f17:3a59edbf
21415277ns          379040 1c009584 01062023 sw               x16, 0(x12)         x16:3f30d208 x12:10001ef8  PA:10001ef8
21415297ns          379041 1c009588 00ee2023 sw               x14, 0(x28)         x14:be7ad0e6 x28:10001ee4  PA:10001ee4
21415317ns          379042 1c00958c 004e2703 lw               x14, 4(x28)         x14=3f1db44f x28:10001ee4  PA:10001ee8
21415377ns          379045 1c009590 00462803 lw               x16, 4(x12)         x16=bdaea191 x12:10001ef8  PA:10001efc
21415416ns          379047 1c009594 10e7f453 fmul.s           f8, f15, f14         f8=xxxxxxxx f15:3c2644ba f14:3f1db44f
21415436ns          379048 1c009598 10f873d3 fmul.s           f7, f16, f15         f7=xxxxxxxx f16:bdaea191 f15:3c2644ba
21415456ns          379049 1c00959c 10f5f2d3 fmul.s           f5, f11, f15         f5=xxxxxxxx f11:c0da3fd6 f15:3c2644ba
21415516ns          379052 1c0095a0 40d87847 fmsub.s          f16, f16, f13, f8   f16=xxxxxxxx f16:bdaea191 f13:3f7ffca0  f8:3bccda83
21415556ns          379054 1c0095a4 38e6f743 fmadd.s          f14, f13, f14, f7   f14=xxxxxxxx f13:3f7ffca0 f14:3f1db44f  f7:ba62d74c
21415575ns          379055 1c0095a8 0069a22b p.sw             x6, 4(x19!)         x19=10001de0  x6:3edb058e x19:10001ddc  PA:10001ddc
21415595ns          379056 1c0095ac 01062223 sw               x16, 4(x12)         x16:bdbb6cec x12:10001ef8  PA:10001efc
21415615ns          379057 1c0095b0 00ee2223 sw               x14, 4(x28)         x14:3f1d7985 x28:10001ee4  PA:10001ee8
21415635ns          379058 1c0095b4 008e2703 lw               x14, 8(x28)         x14=bf33cfb1 x28:10001ee4  PA:10001eec
21415675ns          379060 1c0095b8 00862803 lw               x16, 8(x12)         x16=bda0e119 x12:10001ef8  PA:10001f00
21415695ns          379061 1c0095bc 10f773d3 fmul.s           f7, f14, f15         f7=xxxxxxxx f14:bf33cfb1 f15:3c2644ba
21415735ns          379063 1c0095c0 10f875d3 fmul.s           f11, f16, f15       f11=xxxxxxxx f16:bda0e119 f15:3c2644ba
21415774ns          379065 1c0095c4 28d57547 fmsub.s          f10, f10, f13, f5   f10=xxxxxxxx f10:3da7c524 f13:3f7ffca0  f5:bd8dbffc
21415794ns          379066 1c0095c8 38d873c7 fmsub.s          f7, f16, f13, f7     f7=xxxxxxxx f16:bda0e119 f13:3f7ffca0  f7:bbe991e5
21415814ns          379067 1c0095cc 58d775c3 fmadd.s          f11, f14, f13, f11  f11=xxxxxxxx f14:bf33cfb1 f13:3f7ffca0 f11:ba50fa4e
21415874ns          379070 1c0095d0 a1f892d3 flt.s            x5, f17, f31         x5=00000001 f17:c0da3626 f31:00000000
21415914ns          379072 1c0095d4 00762423 sw               x7, 8(x12)           x7:bd9245dc x12:10001ef8  PA:10001f00
21415934ns          379073 1c0095d8 00ce2703 lw               x14, 12(x28)        x14=be80fbdf x28:10001ee4  PA:10001ef0
21415953ns          379074 1c0095dc 00be2423 sw               x11, 8(x28)         x11:bf340191 x28:10001ee4  PA:10001eec
21416013ns          379077 1c0095e0 00c62383 lw               x7, 12(x12)          x7=bf306e81 x12:10001ef8  PA:10001f04
21416053ns          379079 1c0095e4 10f77453 fmul.s           f8, f14, f15         f8=xxxxxxxx f14:be80fbdf f15:3c2644ba
21416073ns          379080 1c0095e8 10f3f5d3 fmul.s           f11, f7, f15        f11=xxxxxxxx  f7:bf306e81 f15:3c2644ba
21416093ns          379081 1c0095ec 000aa803 lw               x16, 0(x21)         x16=c1213d75 x21:10001dd0  PA:10001dd0
21416113ns          379082 1c0095f0 40d3f3c7 fmsub.s          f7, f7, f13, f8      f7=xxxxxxxx  f7:bf306e81 f13:3f7ffca0  f8:bb278be6
21416132ns          379083 1c0095f4 58d775c3 fmadd.s          f11, f14, f13, f11  f11=xxxxxxxx f14:be80fbdf f13:3f7ffca0 f11:bbe52e0a
21416152ns          379084 1c0095f8 00a9a023 sw               x10, 0(x19)         x10:3e1ac175 x19:10001de0  PA:10001de0
21416172ns          379085 1c0095fc 00762623 sw               x7, 12(x12)          x7:bf2fc4a2 x12:10001ef8  PA:10001f04
21416192ns          379086 1c009600 010e2703 lw               x14, 16(x28)        x14=bc7300d9 x28:10001ee4  PA:10001ef4
21416212ns          379087 1c009604 00be2623 sw               x11, 12(x28)        x11:be848ee4 x28:10001ee4  PA:10001ef0
21416232ns          379088 1c009608 01062583 lw               x11, 16(x12)        x11=3e4792a4 x12:10001ef8  PA:10001f08
21416252ns          379089 1c00960a 10f773d3 fmul.s           f7, f14, f15         f7=xxxxxxxx f14:bc7300d9 f15:3c2644ba
21416311ns          379092 1c00960e 10f5f353 fmul.s           f6, f11, f15         f6=xxxxxxxx f11:3e4792a4 f15:3c2644ba
21416351ns          379094 1c009612 1107f7d3 fmul.s           f15, f15, f16       f15=xxxxxxxx f15:3c2644ba f16:c1213d75
21416371ns          379095 1c009616 38d5f5c7 fmsub.s          f11, f11, f13, f7   f11=xxxxxxxx f11:3e4792a4 f13:3f7ffca0  f7:b91dd3c9
21416391ns          379096 1c00961a 30d77743 fmadd.s          f14, f14, f13, f6   f14=xxxxxxxx f14:bc7300d9 f13:3f7ffca0  f6:3b019eaa
21416411ns          379097 1c00961e 1106f6d3 fmul.s           f13, f13, f16       f13=xxxxxxxx f13:3f7ffca0 f16:c1213d75
21416431ns          379098 1c009622 00b62823 sw               x11, 16(x12)        x11:3e47b777 x12:10001ef8  PA:10001f08
21416451ns          379099 1c009624 00ee2823 sw               x14, 16(x28)        x14:bc5295fa x28:10001ee4  PA:10001ef4
21416471ns          379100 1c009628 01100333 add              x6, x0, x17          x6=c0da3626 x17:c0da3626
21416490ns          379101 1c00962a 00028463 beq              x5, x0, 8            x5:00000001
21416530ns          379103 1c00962e 21189353 fsgnjn.s         f6, f17, f17         f6=xxxxxxxx f17:c0da3626 f17:c0da3626
21416570ns          379105 1c009632 a1f79753 flt.s            x14, f15, f31       x14=00000001 f15:bdd17247 f31:00000000
21416590ns          379106 1c009636 420719e3 bne              x14, x0, 3122       x14:00000001
21416689ns          379111 1c00a268 20f79753 fsgnjn.s         f14, f15, f15       f14=xxxxxxxx f15:bdd17247 f15:bdd17247
21416729ns          379113 1c00a26c bd0ff06f jal              x0, -3120          
21416829ns          379118 1c00963c a0671853 flt.s            x16, f14, f6        x16=00000001 f14:3dd17247  f6:40da3626
21416849ns          379119 1c009640 011003b3 add              x7, x0, x17          x7=c0da3626 x17:c0da3626
21416868ns          379120 1c009642 00081363 bne              x16, x0, 6          x16:00000001
21416928ns          379123 1c009648 006772d3 fadd.s           f5, f14, f6          f5=xxxxxxxx f14:3dd17247  f6:40da3626
21416948ns          379124 1c00964c a1f2a5d3 feq.s            x11, f5, f31        x11=00000000  f5:40dd7bef f31:00000000
21416968ns          379125 1c009650 3a0593e3 bne              x11, x0, 2982       x11:00000000
21416988ns          379126 1c009654 1c000437 lui              x8, 0x1c000000       x8=1c000000
21417008ns          379127 1c009658 02040413 addi             x8, x8, 32           x8=1c000020  x8:1c000000
21417028ns          379128 1c00965c 00042403 lw               x8, 0(x8)            x8=3f800000  x8:1c000020  PA:1c000020
21417346ns          379144 1c00965e 185475d3 fdiv.s           f11, f8, f5         f11=xxxxxxxx  f8:3f800000  f5:40dd7bef
21417624ns          379158 1c009662 10e5f753 fmul.s           f14, f11, f14       f14=xxxxxxxx f11:3e13f289 f14:3dd17247
21417644ns          379159 1c009666 a1f393d3 flt.s            x7, f7, f31          x7=00000001  f7:c0da3626 f31:00000000
21417664ns          379160 1c00966a 1065f5d3 fmul.s           f11, f11, f6        f11=xxxxxxxx f11:3e13f289  f6:40da3626
21417724ns          379163 1c00966e 10e77753 fmul.s           f14, f14, f14       f14=xxxxxxxx f14:3c72161a f14:3c72161a
21417763ns          379165 1c009672 70b5f743 fmadd.s          f14, f11, f11, f14  f14=xxxxxxxx f11:3f7c37a8 f11:3f7c37a8 f14:3964edcb
21417783ns          379166 1c009676 58077353 fsqrt.s          f6, f14              f6=xxxxxxxx f14:3f788bee
21418062ns          379180 1c00967a 10537353 fmul.s           f6, f6, f5           f6=xxxxxxxx  f6:3f7c3eeb  f5:40dd7bef
21418082ns          379181 1c00967e 00038463 beq              x7, x0, 8            x7:00000001
21418102ns          379182 1c009682 20631353 fsgnjn.s         f6, f6, f6           f6=xxxxxxxx  f6:40da3c6f  f6:40da3c6f
21418122ns          379183 1c009686 1c0004b7 lui              x9, 0x1c000000       x9=1c000000
21418141ns          379184 1c00968a 02048493 addi             x9, x9, 32           x9=1c000020  x9:1c000000
21418161ns          379185 1c00968e 0004a483 lw               x9, 0(x9)            x9=3f800000  x9:1c000020  PA:1c000020
21418499ns          379202 1c009690 1864f753 fdiv.s           f14, f9, f6         f14=xxxxxxxx  f9:3f800000  f6:c0da3c6f
21418778ns          379216 1c009694 111778d3 fmul.s           f17, f14, f17       f17=xxxxxxxx f14:be16263a f17:c0da3626
21418798ns          379217 1c009698 10f77753 fmul.s           f14, f14, f15       f14=xxxxxxxx f14:be16263a f15:bdd17247
21418818ns          379218 1c00969c 10a8f853 fmul.s           f16, f17, f10       f16=xxxxxxxx f17:3f7ff89f f10:3e1ac175
21418838ns          379219 1c0096a0 20e71bd3 fsgnjn.s         f23, f14, f14       f23=xxxxxxxx f14:3c75b078 f14:3c75b078
21418857ns          379220 1c0096a4 000ea783 lw               x15, 0(x29)         x15=3dcdd7d6 x29:10001f48  PA:10001f48
21418877ns          379221 1c0096a8 000f2383 lw               x7, 0(x30)           x7=bf4aa6a5 x30:10001f5c  PA:10001f5c
21418897ns          379222 1c0096ac 10e7f453 fmul.s           f8, f15, f14         f8=xxxxxxxx f15:3dcdd7d6 f14:3c75b078
21418917ns          379223 1c0096b0 10e3f2d3 fmul.s           f5, f7, f14          f5=xxxxxxxx  f7:bf4aa6a5 f14:3c75b078
21418937ns          379224 1c0096b4 006b222b p.sw             x6, 4(x22!)         x22=10001dd0  x6:c0da3c6f x22:10001dcc  PA:10001dcc
21418957ns          379225 1c0096b8 4113f3c7 fmsub.s          f7, f7, f17, f8      f7=xxxxxxxx  f7:bf4aa6a5 f17:3f7ff89f  f8:3ac58d75
21418977ns          379226 1c0096bc 2917f2c3 fmadd.s          f5, f15, f17, f5     f5=xxxxxxxx f15:3dcdd7d6 f17:3f7ff89f  f5:bc427d2d
21418997ns          379227 1c0096c0 10d8f5d3 fmul.s           f11, f17, f13       f11=xxxxxxxx f17:3f7ff89f f13:c1213b55
21419017ns          379228 1c0096c4 007f2023 sw               x7, 0(x30)           x7:bf4b0394 x30:10001f5c  PA:10001f5c
21419036ns          379229 1c0096c8 005ea023 sw               x5, 0(x29)           x5:3db58241 x29:10001f48  PA:10001f48
21419056ns          379230 1c0096cc 004ea283 lw               x5, 4(x29)           x5=bf03e78d x29:10001f48  PA:10001f4c
21419076ns          379231 1c0096d0 004f2383 lw               x7, 4(x30)           x7=3e4364de x30:10001f5c  PA:10001f60
21419096ns          379232 1c0096d4 10e2f4d3 fmul.s           f9, f5, f14          f9=xxxxxxxx  f5:bf03e78d f14:3c75b078
21419116ns          379233 1c0096d8 10e3f453 fmul.s           f8, f7, f14          f8=xxxxxxxx  f7:3e4364de f14:3c75b078
21419136ns          379234 1c0096dc 80d77843 fmadd.s          f16, f14, f13, f16  f16=xxxxxxxx f14:3c75b078 f13:c1213b55 f16:3e1abcff
21419176ns          379236 1c0096e0 4913f3c7 fmsub.s          f7, f7, f17, f9      f7=xxxxxxxx  f7:3e4364de f17:3f7ff89f  f9:bbfd2f0e
21419216ns          379238 1c0096e4 4112f2c3 fmadd.s          f5, f5, f17, f8      f5=xxxxxxxx  f5:bf03e78d f17:3f7ff89f  f8:3b3b8639
21419235ns          379239 1c0096e8 000a2783 lw               x15, 0(x20)         x15=00000000 x20:10001de4  PA:10001de4
21419255ns          379240 1c0096ec 007f2223 sw               x7, 4(x30)           x7:3e4b48b5 x30:10001f5c  PA:10001f60
21419315ns          379243 1c0096f0 005ea223 sw               x5, 4(x29)           x5:bf032839 x29:10001f48  PA:10001f4c
21419355ns          379245 1c0096f4 008ea283 lw               x5, 8(x29)           x5=3f525d61 x29:10001f48  PA:10001f50
21419375ns          379246 1c0096f8 008f2383 lw               x7, 8(x30)           x7=3d8bea33 x30:10001f5c  PA:10001f64
21419395ns          379247 1c0096fc 10e2f4d3 fmul.s           f9, f5, f14          f9=xxxxxxxx  f5:3f525d61 f14:3c75b078
21419454ns          379250 1c009700 10e3f453 fmul.s           f8, f7, f14          f8=xxxxxxxx  f7:3d8bea33 f14:3c75b078
21419494ns          379252 1c009704 58abf5c3 fmadd.s          f11, f23, f10, f11  f11=xxxxxxxx f23:bc75b078 f10:3e1ac175 f11:c12136af
21419514ns          379253 1c009708 4913f3c7 fmsub.s          f7, f7, f17, f9      f7=xxxxxxxx  f7:3d8bea33 f17:3f7ff89f  f9:3c49e461
21419534ns          379254 1c00970c 4112f2c3 fmadd.s          f5, f5, f17, f8      f5=xxxxxxxx  f5:3f525d61 f17:3f7ff89f  f8:3a864795
21419593ns          379257 1c009710 1117f553 fmul.s           f10, f15, f17       f10=xxxxxxxx f15:00000000 f17:3f7ff89f
21419633ns          379259 1c009714 007f2423 sw               x7, 8(x30)           x7:3d65533d x30:10001f5c  PA:10001f64
21419653ns          379260 1c009718 00cea303 lw               x6, 12(x29)          x6=3e45f950 x29:10001f48  PA:10001f54
21419673ns          379261 1c00971c 005ea423 sw               x5, 8(x29)           x5:3f529a75 x29:10001f48  PA:10001f50
21419693ns          379262 1c009720 00cf2283 lw               x5, 12(x30)          x5=3f108faf x30:10001f5c  PA:10001f68
21419713ns          379263 1c009724 10e37453 fmul.s           f8, f6, f14          f8=xxxxxxxx  f6:3e45f950 f14:3c75b078
21419733ns          379264 1c009728 10e2f3d3 fmul.s           f7, f5, f14          f7=xxxxxxxx  f5:3f108faf f14:3c75b078
21419753ns          379265 1c00972c 014f0f13 addi             x30, x30, 20        x30=10001f70 x30:10001f5c
21419812ns          379268 1c00972e 4112f2c7 fmsub.s          f5, f5, f17, f8      f5=xxxxxxxx  f5:3f108faf f17:3f7ff89f  f8:3b3e0012
21419852ns          379270 1c009732 39137343 fmadd.s          f6, f6, f17, f7      f6=xxxxxxxx  f6:3e45f950 f17:3f7ff89f  f7:3c0abd29
21419872ns          379271 1c009736 00baa22b p.sw             x11, 4(x21!)        x21=10001dd4 x11:c1213ff7 x21:10001dd0  PA:10001dd0
21419892ns          379272 1c00973a fe5f2c23 sw               x5, -8(x30)          x5:3f0fcd84 x30:10001f70  PA:10001f68
21419951ns          379275 1c00973e 010ea683 lw               x13, 16(x29)        x13=bdde4e62 x29:10001f48  PA:10001f58
21419991ns          379277 1c009742 006ea623 sw               x6, 12(x29)          x6:3e4e9f6e x29:10001f48  PA:10001f54
21420011ns          379278 1c009746 ffcf2303 lw               x6, -4(x30)          x6=bded1ee0 x30:10001f70  PA:10001f6c
21420031ns          379279 1c00974a 10e6f3d3 fmul.s           f7, f13, f14         f7=xxxxxxxx f13:bdde4e62 f14:3c75b078
21420091ns          379282 1c00974e 10e372d3 fmul.s           f5, f6, f14          f5=xxxxxxxx  f6:bded1ee0 f14:3c75b078
21420130ns          379284 1c009752 00aa222b p.sw             x10, 4(x20!)        x20=10001de8 x10:00000000 x20:10001de4  PA:10001de4
21420150ns          379285 1c009756 39137347 fmsub.s          f6, f6, f17, f7      f6=xxxxxxxx  f6:bded1ee0 f17:3f7ff89f  f7:bad55a42
21420170ns          379286 1c00975a 2916f8c3 fmadd.s          f17, f13, f17, f5   f17=xxxxxxxx f13:bdde4e62 f17:3f7ff89f  f5:bae39201
21420190ns          379287 1c00975e 01460613 addi             x12, x12, 20        x12=10001f0c x12:10001ef8
21420210ns          379288 1c009760 fe6f2e23 sw               x6, -4(x30)          x6:bde9c2a1 x30:10001f70  PA:10001f6c
21420230ns          379289 1c009764 011ea823 sw               x17, 16(x29)        x17:bde1d642 x29:10001f48  PA:10001f58
21420250ns          379290 1c009768 014e0e13 addi             x28, x28, 20        x28=10001ef8 x28:10001ee4
21420270ns          379291 1c00976a 014e8e93 addi             x29, x29, 20        x29=10001f5c x29:10001f48
21420290ns          379292 1c00976c 10e7f7d3 fmul.s           f15, f15, f14       f15=xxxxxxxx f15:00000000 f14:3c75b078
21420309ns          379293 1c009770 01412e03 lw               x28, 20(x2)         x28=00000001  x2:10001d98  PA:10001dac
21420329ns          379294 1c009772 00812983 lw               x19, 8(x2)          x19=00000008  x2:10001d98  PA:10001da0
21420349ns          379295 1c009774 0e010893 addi             x17, x2, 224        x17=10001e78  x2:10001d98
21420369ns          379296 1c009778 013887b3 add              x15, x17, x19       x15=10001e80 x17:10001e78 x19:00000008
21420389ns          379297 1c00977c 001e0e13 addi             x28, x28, 1         x28=00000002 x28:00000001
21420449ns          379300 1c00977e f707a023 sw               x16, -160(x15)      x16:34924601 x15:10001e80  PA:10001de0
21420469ns          379301 1c009782 01c12a23 sw               x28, 20(x2)         x28:00000002  x2:10001d98  PA:10001dac
21420489ns          379302 1c009784 fff00793 addi             x15, x0, -1         x15=ffffffff
21420508ns          379303 1c009786 00fdc663 blt              x27, x15, 12        x27:00000002 x15:ffffffff
21420528ns          379304 1c00978a 04b00793 addi             x15, x0, 75         x15=0000004b
21420588ns          379307 1c00978e a8fe1c63 bne              x28, x15, -3432     x28:00000002 x15:0000004b
21420687ns          379312 1c008a26 00812503 lw               x10, 8(x2)          x10=00000008  x2:10001d98  PA:10001da0
21420727ns          379314 1c008a28 04010613 addi             x12, x2, 64         x12=10001dd8  x2:10001d98
21420747ns          379315 1c008a2a 01b509b3 add              x19, x10, x27       x19=0000000a x10:00000008 x27:00000002
21420767ns          379316 1c008a2e 02c10593 addi             x11, x2, 44         x11=10001dc4  x2:10001d98
21420807ns          379318 1c008a30 00a60633 add              x12, x12, x10       x12=10001de0 x12:10001dd8 x10:00000008
21420847ns          379320 1c008a32 002d8693 addi             x13, x27, 2         x13=00000004 x27:00000002
21420866ns          379321 1c008a36 1c000437 lui              x8, 0x1c000000       x8=1c000000
21420886ns          379322 1c008a3a 1c0004b7 lui              x9, 0x1c000000       x9=1c000000
21420906ns          379323 1c008a3e 00299993 slli             x19, x19, 0x2       x19=00000028 x19:0000000a
21420946ns          379325 1c008a40 00a58b33 add              x22, x11, x10       x22=10001dcc x11:10001dc4 x10:00000008
21420986ns          379327 1c008a44 00c12623 sw               x12, 12(x2)         x12:10001de0  x2:10001d98  PA:10001da4
21421006ns          379328 1c008a46 00d12c23 sw               x13, 24(x2)         x13:00000004  x2:10001d98  PA:10001db0
21421026ns          379329 1c008a48 02842a83 lw               x21, 40(x8)         x21=0c000000  x8:1c000000  PA:1c000028
21421324ns          379344 1c008a4c 02c4ab83 lw               x23, 44(x9)         x23=34000000  x9:1c000000  PA:1c00002c
21421622ns          379359 1c008a50 01a989b3 add              x19, x19, x26       x19=10001ee4 x19:00000028 x26:10001ebc
21421642ns          379360 1c008a52 00000f13 addi             x30, x0, 0          x30=00000000
21421662ns          379361 1c008a56 018007b3 add              x15, x0, x24        x15=00000003 x24:00000003
21421682ns          379362 1c008a58 004b2283 lw               x5, 4(x22)           x5=c1213ff7 x22:10001dcc  PA:10001dd0
21421702ns          379363 1c008a5c 71fdace3 p.beqimm         x27, 3864           x27:00000002
21421742ns          379365 1c008a60 01412e03 lw               x28, 20(x2)         x28=00000002  x2:10001d98  PA:10001dac
21421762ns          379366 1c008a62 01400e93 addi             x29, x0, 20         x29=00000014
21421781ns          379367 1c008a64 77cec8e3 blt              x29, x28, 3952      x29:00000014 x28:00000002
21421801ns          379368 1c008a68 00c12f83 lw               x31, 12(x2)         x31=10001de0  x2:10001d98  PA:10001da4
21421841ns          379370 1c008a6a 000fa683 lw               x13, 0(x31)         x13=34924601 x31:10001de0  PA:10001de0
21421881ns          379372 1c008a6e a1e69753 flt.s            x14, f13, f30       x14=00000000 f13:34924601 f30:00000000
21421901ns          379373 1c008a72 00070363 beq              x14, x0, 6          x14:00000000
21421960ns          379376 1c008a78 000b2603 lw               x12, 0(x22)         x12=c0da3c6f x22:10001dcc  PA:10001dcc
21422000ns          379378 1c008a7c a1e61753 flt.s            x14, f12, f30       x14=00000001 f12:c0da3c6f f30:00000000
21422060ns          379381 1c008a80 00c005b3 add              x11, x0, x12        x11=c0da3c6f x12:c0da3c6f
21422080ns          379382 1c008a82 00070363 beq              x14, x0, 6          x14:00000001
21422100ns          379383 1c008a84 20c615d3 fsgnjn.s         f11, f12, f12       f11=xxxxxxxx f12:c0da3c6f f12:c0da3c6f
21422120ns          379384 1c008a88 a1e29753 flt.s            x14, f5, f30        x14=00000001  f5:c1213ff7 f30:00000000
21422139ns          379385 1c008a8c 00070363 beq              x14, x0, 6          x14:00000001
21422199ns          379388 1c008a8e 33c0106f jal              x0, 4924           
21422318ns          379394 1c009dca 20529753 fsgnjn.s         f14, f5, f5         f14=xxxxxxxx  f5:c1213ff7  f5:c1213ff7
21422378ns          379397 1c009dce cc7fe06f jal              x0, -4922          
21422418ns          379399 1c008a94 00b77753 fadd.s           f14, f14, f11       f14=xxxxxxxx f14:41213ff7 f11:40da3c6f
21422438ns          379400 1c008a98 11777753 fmul.s           f14, f14, f23       f14=xxxxxxxx f14:41872f17 f23:34000000
21422458ns          379401 1c008a9c a0e68753 fle.s            x14, f13, f14       x14=00000001 f13:34924601 f14:36072f17
21422517ns          379404 1c008aa0 00070363 beq              x14, x0, 6          x14:00000001
21422557ns          379406 1c008aa2 3140106f jal              x0, 4884           
21423054ns          379431 1c009db6 002d9713 slli             x14, x27, 0x2       x14=00000008 x27:00000002
21423074ns          379432 1c009dba 0e010393 addi             x7, x2, 224          x7=10001e78  x2:10001d98
21423094ns          379433 1c009dbe 00770733 add              x14, x14, x7        x14=10001e80 x14:00000008  x7:10001e78
21423114ns          379434 1c009dc0 01800833 add              x16, x0, x24        x16=00000003 x24:00000003
21423134ns          379435 1c009dc2 01b006b3 add              x13, x0, x27        x13=00000002 x27:00000002
21423154ns          379436 1c009dc4 f6072023 sw               x0, -160(x14)       x14:10001e80  PA:10001de0
21423174ns          379437 1c009dc8 a31ff06f jal              x0, -1488          
21423253ns          379441 1c0097f8 c3881763 bne              x16, x24, -3026     x16:00000003 x24:00000003
21423293ns          379443 1c0097fc a1e29753 flt.s            x14, f5, f30        x14=00000001  f5:c1213ff7 f30:00000000
21423353ns          379446 1c009800 00268613 addi             x12, x13, 2         x12=00000004 x13:00000002
21423393ns          379448 1c009804 16071d63 bne              x14, x0, 378        x14:00000001
21423572ns          379457 1c00997e 0149a803 lw               x16, 20(x19)        x16=3f30d208 x19:10001ee4  PA:10001ef8
21423611ns          379459 1c009982 0189a503 lw               x10, 24(x19)        x10=bdbb6cec x19:10001ee4  PA:10001efc
21423631ns          379460 1c009986 01c9a583 lw               x11, 28(x19)        x11=bd9245dc x19:10001ee4  PA:10001f00
21423671ns          379462 1c00998a 0209a683 lw               x13, 32(x19)        x13=bf2fc4a2 x19:10001ee4  PA:10001f04
21423711ns          379464 1c00998e 0249a703 lw               x14, 36(x19)        x14=3e47b777 x19:10001ee4  PA:10001f08
21423751ns          379466 1c009992 205292d3 fsgnjn.s         f5, f5, f5           f5=xxxxxxxx  f5:c1213ff7  f5:c1213ff7
21423770ns          379467 1c009996 21081853 fsgnjn.s         f16, f16, f16       f16=xxxxxxxx f16:3f30d208 f16:3f30d208
21423790ns          379468 1c00999a 20a51553 fsgnjn.s         f10, f10, f10       f10=xxxxxxxx f10:bdbb6cec f10:bdbb6cec
21423850ns          379471 1c00999e 20b595d3 fsgnjn.s         f11, f11, f11       f11=xxxxxxxx f11:bd9245dc f11:bd9245dc
21423890ns          379473 1c0099a2 20d696d3 fsgnjn.s         f13, f13, f13       f13=xxxxxxxx f13:bf2fc4a2 f13:bf2fc4a2
21423910ns          379474 1c0099a6 20e71753 fsgnjn.s         f14, f14, f14       f14=xxxxxxxx f14:3e47b777 f14:3e47b777
21423930ns          379475 1c0099aa 005b2223 sw               x5, 4(x22)           x5:41213ff7 x22:10001dcc  PA:10001dd0
21423989ns          379478 1c0099ae 0109aa23 sw               x16, 20(x19)        x16:bf30d208 x19:10001ee4  PA:10001ef8
21424029ns          379480 1c0099b2 00a9ac23 sw               x10, 24(x19)        x10:3dbb6cec x19:10001ee4  PA:10001efc
21424049ns          379481 1c0099b6 00b9ae23 sw               x11, 28(x19)        x11:3d9245dc x19:10001ee4  PA:10001f00
21424069ns          379482 1c0099ba 02d9a023 sw               x13, 32(x19)        x13:3f2fc4a2 x19:10001ee4  PA:10001f04
21424129ns          379485 1c0099be 02e9a223 sw               x14, 36(x19)        x14:be47b777 x19:10001ee4  PA:10001f08
21424148ns          379486 1c0099c2 e47ff06f jal              x0, -442           
21424188ns          379488 1c009808 144c2363 p.beqimm         x24, 326            x24:00000003
21424208ns          379489 1c00980c 00261393 slli             x7, x12, 0x2         x7=00000010 x12:00000004
21424268ns          379492 1c009810 0e010e93 addi             x29, x2, 224        x29=10001e78  x2:10001d98
21424308ns          379494 1c009814 007e8733 add              x14, x29, x7        x14=10001e88 x29:10001e78  x7:00000010
21424327ns          379495 1c009818 f4c72403 lw               x8, -180(x14)        x8=414d197a x14:10001e88  PA:10001dd4
21424347ns          379496 1c00981c 02c10f93 addi             x31, x2, 44         x31=10001dc4  x2:10001d98
21424407ns          379499 1c009820 a0829753 flt.s            x14, f5, f8         x14=00000001  f5:41213ff7  f8:414d197a
21424447ns          379501 1c009824 01f383b3 add              x7, x7, x31          x7=10001dd4  x7:00000010 x31:10001dc4
21424467ns          379502 1c009826 00300c13 addi             x24, x0, 3          x24=00000003
21424487ns          379503 1c009828 12070363 beq              x14, x0, 294        x14:00000001
21424506ns          379504 1c00982c 01312423 sw               x19, 8(x2)          x19:10001ee4  x2:10001d98  PA:10001da0
21424526ns          379505 1c00982e 0100006f jal              x0, 16             
21424646ns          379511 1c00983e 00279f93 slli             x31, x15, 0x2       x31=0000000c x15:00000003
21424666ns          379512 1c009842 01f787b3 add              x15, x15, x31       x15=0000000f x15:00000003 x31:0000000c
21424685ns          379513 1c009844 00279693 slli             x13, x15, 0x2       x13=0000003c x15:0000000f
21424705ns          379514 1c009848 01468e93 addi             x29, x13, 20        x29=00000050 x13:0000003c
21424725ns          379515 1c00984c 01dd05b3 add              x11, x26, x29       x11=10001f0c x26:10001ebc x29:00000050
21424785ns          379518 1c009850 0005a883 lw               x17, 0(x11)         x17=be4c431e x11:10001f0c  PA:10001f0c
21424825ns          379520 1c009854 00dd0533 add              x10, x26, x13       x10=10001ef8 x26:10001ebc x13:0000003c
21424845ns          379521 1c009858 00052803 lw               x16, 0(x10)         x16=bf30d208 x10:10001ef8  PA:10001ef8
21424864ns          379522 1c00985c 00678713 addi             x14, x15, 6         x14=00000015 x15:0000000f
21424924ns          379525 1c009860 01152023 sw               x17, 0(x10)         x17:be4c431e x10:10001ef8  PA:10001ef8
21424964ns          379527 1c009864 00271713 slli             x14, x14, 0x2       x14=00000054 x14:00000015
21424984ns          379528 1c009866 00178793 addi             x15, x15, 1         x15=00000010 x15:0000000f
21425004ns          379529 1c009868 0105a023 sw               x16, 0(x11)         x16:bf30d208 x11:10001f0c  PA:10001f0c
21425024ns          379530 1c00986c 00279793 slli             x15, x15, 0x2       x15=00000040 x15:00000010
21425063ns          379532 1c00986e 00ed05b3 add              x11, x26, x14       x11=10001f10 x26:10001ebc x14:00000054
21425103ns          379534 1c009872 0005a883 lw               x17, 0(x11)         x17=bec42adf x11:10001f10  PA:10001f10
21425123ns          379535 1c009876 00fd0533 add              x10, x26, x15       x10=10001efc x26:10001ebc x15:00000040
21425143ns          379536 1c00987a 00052803 lw               x16, 0(x10)         x16=3dbb6cec x10:10001efc  PA:10001efc
21425203ns          379539 1c00987e 00470313 addi             x6, x14, 4           x6=00000058 x14:00000054
21425242ns          379541 1c009882 01152023 sw               x17, 0(x10)         x17:bec42adf x10:10001efc  PA:10001efc
21425262ns          379542 1c009886 0105a023 sw               x16, 0(x11)         x16:3dbb6cec x11:10001f10  PA:10001f10
21425282ns          379543 1c00988a 00478e13 addi             x28, x15, 4         x28=00000044 x15:00000040
21425342ns          379546 1c00988e 006d05b3 add              x11, x26, x6        x11=10001f14 x26:10001ebc  x6:00000058
21425362ns          379547 1c009892 0005a483 lw               x9, 0(x11)           x9=bea695a7 x11:10001f14  PA:10001f14
21425382ns          379548 1c009894 01cd0533 add              x10, x26, x28       x10=10001f00 x26:10001ebc x28:00000044
21425402ns          379549 1c009898 00052883 lw               x17, 0(x10)         x17=3d9245dc x10:10001f00  PA:10001f00
21425421ns          379550 1c00989c 00870813 addi             x16, x14, 8         x16=0000005c x14:00000054
21425481ns          379553 1c0098a0 00952023 sw               x9, 0(x10)           x9:bea695a7 x10:10001f00  PA:10001f00
21425521ns          379555 1c0098a2 0115a023 sw               x17, 0(x11)         x17:3d9245dc x11:10001f14  PA:10001f14
21425541ns          379556 1c0098a6 010d0533 add              x10, x26, x16       x10=10001f18 x26:10001ebc x16:0000005c
21425561ns          379557 1c0098aa 00878893 addi             x17, x15, 8         x17=00000048 x15:00000040
21425620ns          379560 1c0098ae 00052a03 lw               x20, 0(x10)         x20=3df7394e x10:10001f18  PA:10001f18
21425660ns          379562 1c0098b2 011d04b3 add              x9, x26, x17         x9=10001f04 x26:10001ebc x17:00000048
21425680ns          379563 1c0098b6 0004a903 lw               x18, 0(x9)          x18=3f2fc4a2  x9:10001f04  PA:10001f04
21425700ns          379564 1c0098ba 00c70593 addi             x11, x14, 12        x11=00000060 x14:00000054
21425760ns          379567 1c0098be 0144a023 sw               x20, 0(x9)          x20:3df7394e  x9:10001f04  PA:10001f04
21425799ns          379569 1c0098c2 01252023 sw               x18, 0(x10)         x18:3f2fc4a2 x10:10001f18  PA:10001f18
21425819ns          379570 1c0098c6 00bd04b3 add              x9, x26, x11         x9=10001f1c x26:10001ebc x11:00000060
21425839ns          379571 1c0098ca 00c78513 addi             x10, x15, 12        x10=0000004c x15:00000040
21425899ns          379574 1c0098ce 0004a983 lw               x19, 0(x9)          x19=3f551bd5  x9:10001f1c  PA:10001f1c
21425939ns          379576 1c0098d2 00ad0933 add              x18, x26, x10       x18=10001f08 x26:10001ebc x10:0000004c
21425958ns          379577 1c0098d6 00092a03 lw               x20, 0(x18)         x20=be47b777 x18:10001f08  PA:10001f08
21425978ns          379578 1c0098da 01392023 sw               x19, 0(x18)         x19:3f551bd5 x18:10001f08  PA:10001f08
21426038ns          379581 1c0098de 0144a023 sw               x20, 0(x9)          x20:be47b777  x9:10001f1c  PA:10001f1c
21426058ns          379582 1c0098e2 019e8eb3 add              x29, x29, x25       x29=10001f70 x29:00000050 x25:10001f20
21426078ns          379583 1c0098e4 000ea903 lw               x18, 0(x29)         x18=bebe9152 x29:10001f70  PA:10001f70
21426098ns          379584 1c0098e8 019686b3 add              x13, x13, x25       x13=10001f5c x13:0000003c x25:10001f20
21426118ns          379585 1c0098ea 0006a483 lw               x9, 0(x13)           x9=bf4b0394 x13:10001f5c  PA:10001f5c
21426137ns          379586 1c0098ec 0126a023 sw               x18, 0(x13)         x18:bebe9152 x13:10001f5c  PA:10001f5c
21426177ns          379588 1c0098f0 009ea023 sw               x9, 0(x29)           x9:bf4b0394 x29:10001f70  PA:10001f70
21426217ns          379590 1c0098f4 01970733 add              x14, x14, x25       x14=10001f74 x14:00000054 x25:10001f20
21426237ns          379591 1c0098f6 00072e83 lw               x29, 0(x14)         x29=be9f05d3 x14:10001f74  PA:10001f74
21426257ns          379592 1c0098fa 019787b3 add              x15, x15, x25       x15=10001f60 x15:00000040 x25:10001f20
21426277ns          379593 1c0098fc 0007a683 lw               x13, 0(x15)         x13=3e4b48b5 x15:10001f60  PA:10001f60
21426316ns          379595 1c0098fe 01d7a023 sw               x29, 0(x15)         x29:be9f05d3 x15:10001f60  PA:10001f60
21426356ns          379597 1c009902 0e010e93 addi             x29, x2, 224        x29=10001e78  x2:10001d98
21426376ns          379598 1c009906 00d72023 sw               x13, 0(x14)         x13:3e4b48b5 x14:10001f74  PA:10001f74
21426396ns          379599 1c009908 019e0e33 add              x28, x28, x25       x28=10001f64 x28:00000044 x25:10001f20
21426416ns          379600 1c00990a 01930333 add              x6, x6, x25          x6=10001f78  x6:00000058 x25:10001f20
21426436ns          379601 1c00990c 01df8fb3 add              x31, x31, x29       x31=10001e84 x31:0000000c x29:10001e78
21426456ns          379602 1c00990e 000e2783 lw               x15, 0(x28)         x15=3d65533d x28:10001f64  PA:10001f64
21426496ns          379604 1c009912 f48fa623 sw               x8, -180(x31)        x8:414d197a x31:10001e84  PA:10001dd0
21426515ns          379605 1c009916 00032703 lw               x14, 0(x6)          x14=3ca1afde  x6:10001f78  PA:10001f78
21426535ns          379606 1c00991a 0053a22b p.sw             x5, 4(x7!)           x7=10001dd8  x5:41213ff7  x7:10001dd4  PA:10001dd4
21426595ns          379609 1c00991e 00ee2023 sw               x14, 0(x28)         x14:3ca1afde x28:10001f64  PA:10001f64
21426615ns          379610 1c009922 01980833 add              x16, x16, x25       x16=10001f7c x16:0000005c x25:10001f20
21426635ns          379611 1c009924 00f32023 sw               x15, 0(x6)          x15:3d65533d  x6:10001f78  PA:10001f78
21426655ns          379612 1c009928 00082703 lw               x14, 0(x16)         x14=be7d2a67 x16:10001f7c  PA:10001f7c
21426675ns          379613 1c00992c 019888b3 add              x17, x17, x25       x17=10001f68 x17:00000048 x25:10001f20
21426734ns          379616 1c00992e 0008a783 lw               x15, 0(x17)         x15=3f0fcd84 x17:10001f68  PA:10001f68
21426774ns          379618 1c009932 00e8a023 sw               x14, 0(x17)         x14:be7d2a67 x17:10001f68  PA:10001f68
21426794ns          379619 1c009936 00f82023 sw               x15, 0(x16)         x15:3f0fcd84 x16:10001f7c  PA:10001f7c
21426814ns          379620 1c00993a 019585b3 add              x11, x11, x25       x11=10001f80 x11:00000060 x25:10001f20
21426834ns          379621 1c00993c 01950533 add              x10, x10, x25       x10=10001f6c x10:0000004c x25:10001f20
21426854ns          379622 1c00993e 0005a703 lw               x14, 0(x11)         x14=3f56b7ab x11:10001f80  PA:10001f80
21426873ns          379623 1c009940 00052783 lw               x15, 0(x10)         x15=bde9c2a1 x10:10001f6c  PA:10001f6c
21426893ns          379624 1c009942 00e52023 sw               x14, 0(x10)         x14:3f56b7ab x10:10001f6c  PA:10001f6c
21426913ns          379625 1c009944 00f5a023 sw               x15, 0(x11)         x15:bde9c2a1 x11:10001f80  PA:10001f80
21426933ns          379626 1c009946 00c007b3 add              x15, x0, x12        x15=00000004 x12:00000004
21426953ns          379627 1c009948 eecc54e3 bge              x24, x12, -280      x24:00000003 x12:00000004
21426973ns          379628 1c00994c 00812983 lw               x19, 8(x2)          x19=10001ee4  x2:10001d98  PA:10001da0
21426993ns          379629 1c00994e 00c12f83 lw               x31, 12(x2)         x31=10001de0  x2:10001d98  PA:10001da4
21427013ns          379630 1c009950 01812303 lw               x6, 24(x2)           x6=00000004  x2:10001d98  PA:10001db0
21427033ns          379631 1c009952 ffcf8f93 addi             x31, x31, -4        x31=10001ddc x31:10001de0
21427052ns          379632 1c009954 fff30313 addi             x6, x6, -1           x6=00000003  x6:00000004
21427072ns          379633 1c009956 fffd8d93 addi             x27, x27, -1        x27=00000001 x27:00000002
21427092ns          379634 1c009958 01f12623 sw               x31, 12(x2)         x31:10001ddc  x2:10001d98  PA:10001da4
21427112ns          379635 1c00995a 00012a23 sw               x0, 20(x2)           x2:10001d98  PA:10001dac
21427132ns          379636 1c00995c 00612c23 sw               x6, 24(x2)           x6:00000003  x2:10001d98  PA:10001db0
21427152ns          379637 1c00995e ffcb0b13 addi             x22, x22, -4        x22=10001dc8 x22:10001dcc
21427172ns          379638 1c009960 fec98993 addi             x19, x19, -20       x19=10001ed0 x19:10001ee4
21427192ns          379639 1c009962 001d8c13 addi             x24, x27, 1         x24=00000002 x27:00000001
21427212ns          379640 1c009966 e20306e3 beq              x6, x0, -468         x6:00000003
21427231ns          379641 1c00996a 018007b3 add              x15, x0, x24        x15=00000002 x24:00000002
21427251ns          379642 1c00996c 004b2283 lw               x5, 4(x22)           x5=c0da3c6f x22:10001dc8  PA:10001dcc
21427271ns          379643 1c009970 8ffdb863 p.bneimm         x27, -3856          x27:00000001
21427331ns          379646 1c008a60 01412e03 lw               x28, 20(x2)         x28=00000000  x2:10001d98  PA:10001dac
21427351ns          379647 1c008a62 01400e93 addi             x29, x0, 20         x29=00000014
21427371ns          379648 1c008a64 77cec8e3 blt              x29, x28, 3952      x29:00000014 x28:00000000
21427391ns          379649 1c008a68 00c12f83 lw               x31, 12(x2)         x31=10001ddc  x2:10001d98  PA:10001da4
21427430ns          379651 1c008a6a 000fa683 lw               x13, 0(x31)         x13=3edb058e x31:10001ddc  PA:10001ddc
21427470ns          379653 1c008a6e a1e69753 flt.s            x14, f13, f30       x14=00000000 f13:3edb058e f30:00000000
21427490ns          379654 1c008a72 00070363 beq              x14, x0, 6          x14:00000000
21427550ns          379657 1c008a78 000b2603 lw               x12, 0(x22)         x12=c18a2a64 x22:10001dc8  PA:10001dc8
21427590ns          379659 1c008a7c a1e61753 flt.s            x14, f12, f30       x14=00000001 f12:c18a2a64 f30:00000000
21427609ns          379660 1c008a80 00c005b3 add              x11, x0, x12        x11=c18a2a64 x12:c18a2a64
21427629ns          379661 1c008a82 00070363 beq              x14, x0, 6          x14:00000001
21427649ns          379662 1c008a84 20c615d3 fsgnjn.s         f11, f12, f12       f11=xxxxxxxx f12:c18a2a64 f12:c18a2a64
21427669ns          379663 1c008a88 a1e29753 flt.s            x14, f5, f30        x14=00000001  f5:c0da3c6f f30:00000000
21427689ns          379664 1c008a8c 00070363 beq              x14, x0, 6          x14:00000001
21427709ns          379665 1c008a8e 33c0106f jal              x0, 4924           
21427828ns          379671 1c009dca 20529753 fsgnjn.s         f14, f5, f5         f14=xxxxxxxx  f5:c0da3c6f  f5:c0da3c6f
21427888ns          379674 1c009dce cc7fe06f jal              x0, -4922          
21427928ns          379676 1c008a94 00b77753 fadd.s           f14, f14, f11       f14=xxxxxxxx f14:40da3c6f f11:418a2a64
21427948ns          379677 1c008a98 11777753 fmul.s           f14, f14, f23       f14=xxxxxxxx f14:41c0b980 f23:34000000
21427967ns          379678 1c008a9c a0e68753 fle.s            x14, f13, f14       x14=00000000 f13:3edb058e f14:3640b980
21428027ns          379681 1c008aa0 00070363 beq              x14, x0, 6          x14:00000000
21428107ns          379685 1c008aa6 1c000337 lui              x6, 0x1c000000       x6=1c000000
21428127ns          379686 1c008aaa 02830313 addi             x6, x6, 40           x6=1c000028  x6:1c000000
21428186ns          379689 1c008aae 00032303 lw               x6, 0(x6)            x6=0c000000  x6:1c000028  PA:1c000028
21428524ns          379706 1c008ab2 a06686d3 fle.s            x13, f13, f6        x13=00000000 f13:3edb058e  f6:0c000000
21428544ns          379707 1c008ab6 00068363 beq              x13, x0, 6          x13:00000000
21428703ns          379715 1c008abc fffd8693 addi             x13, x27, -1        x13=00000000 x27:00000001
21428723ns          379716 1c008ac0 000d9463 bne              x27, x0, 8          x27:00000001
21428783ns          379719 1c008ac8 00269713 slli             x14, x13, 0x2       x14=00000000 x13:00000000
21428803ns          379720 1c008acc 0e010393 addi             x7, x2, 224          x7=10001e78  x2:10001d98
21428863ns          379723 1c008ad0 00e385b3 add              x11, x7, x14        x11=10001e78  x7:10001e78 x14:00000000
21428902ns          379725 1c008ad4 f605a503 lw               x10, -160(x11)      x10=ba47e51e x11:10001e78  PA:10001dd8
21428942ns          379727 1c008ad8 a1e515d3 flt.s            x11, f10, f30       x11=00000001 f10:ba47e51e f30:00000000
21428962ns          379728 1c008adc 00058363 beq              x11, x0, 6          x11:00000001
21429002ns          379730 1c008ade 20a51553 fsgnjn.s         f10, f10, f10       f10=xxxxxxxx f10:ba47e51e f10:ba47e51e
21429022ns          379731 1c008ae2 0e010413 addi             x8, x2, 224          x8=10001e78  x2:10001d98
21429042ns          379732 1c008ae4 00e405b3 add              x11, x8, x14        x11=10001e78  x8:10001e78 x14:00000000
21429061ns          379733 1c008ae8 f4c5a583 lw               x11, -180(x11)      x11=421b0aa6 x11:10001e78  PA:10001dc4
21429101ns          379735 1c008aec a1e59853 flt.s            x16, f11, f30       x16=00000000 f11:421b0aa6 f30:00000000
21429141ns          379737 1c008af0 00080463 beq              x16, x0, 8          x16:00000000
21429201ns          379740 1c008af8 00b00833 add              x16, x0, x11        x16=421b0aa6 x11:421b0aa6
21429221ns          379741 1c008afa a1e618d3 flt.s            x17, f12, f30       x17=00000001 f12:c18a2a64 f30:00000000
21429280ns          379744 1c008afe 00088463 beq              x17, x0, 8          x17:00000001
21429320ns          379746 1c008b02 20c61653 fsgnjn.s         f12, f12, f12       f12=xxxxxxxx f12:c18a2a64 f12:c18a2a64
21429340ns          379747 1c008b06 1c0004b7 lui              x9, 0x1c000000       x9=1c000000
21429360ns          379748 1c008b0a 01067653 fadd.s           f12, f12, f16       f12=xxxxxxxx f12:418a2a64 f16:421b0aa6
21429419ns          379751 1c008b0e 02c48493 addi             x9, x9, 44           x9=1c00002c  x9:1c000000
21429439ns          379752 1c008b12 0004a483 lw               x9, 0(x9)            x9=34000000  x9:1c00002c  PA:1c00002c
21429877ns          379774 1c008b14 10967653 fmul.s           f12, f12, f9        f12=xxxxxxxx f12:42601fd8  f9:34000000
21429897ns          379775 1c008b18 a0c50653 fle.s            x12, f10, f12       x12=00000000 f10:3a47e51e f12:36e01fd8
21429917ns          379776 1c008b1c 00060363 beq              x12, x0, 6          x12:00000000
21429996ns          379780 1c008b22 1c000637 lui              x12, 0x1c000000     x12=1c000000
21430016ns          379781 1c008b26 02860613 addi             x12, x12, 40        x12=1c000028 x12:1c000000
21430036ns          379782 1c008b2a 00062603 lw               x12, 0(x12)         x12=0c000000 x12:1c000028  PA:1c000028
21430354ns          379798 1c008b2c a0c50553 fle.s            x10, f10, f12       x10=00000000 f10:3a47e51e f12:0c000000
21430374ns          379799 1c008b30 00050363 beq              x10, x0, 6          x10:00000000
21430454ns          379803 1c008b36 ffed8813 addi             x16, x27, -2        x16=ffffffff x27:00000001
21430474ns          379804 1c008b3a 01f83463 p.bneimm         x16, 8              x16:ffffffff
21430533ns          379807 1c008b3e 5620106f jal              x0, 5474           
21430613ns          379811 1c00a0a0 fff00693 addi             x13, x0, -1         x13=ffffffff
21430633ns          379812 1c00a0a2 00000813 addi             x16, x0, 0          x16=00000000
21430653ns          379813 1c00a0a4 b7ffe06f jal              x0, -5250          
21430772ns          379819 1c008c22 3d880de3 beq              x16, x24, 3034      x16:00000000 x24:00000002
21430792ns          379820 1c008c26 002d8393 addi             x7, x27, 2           x7=00000003 x27:00000001
21430812ns          379821 1c008c2a 7c76d5e3 bge              x13, x7, 4042       x13:ffffffff  x7:00000003
21430871ns          379824 1c008c2e 00268f93 addi             x31, x13, 2         x31=00000001 x13:ffffffff
21430911ns          379826 1c008c32 3e780a63 beq              x16, x7, 1012       x16:00000000  x7:00000003
21430931ns          379827 1c008c36 002c1e93 slli             x29, x24, 0x2       x29=00000008 x24:00000002
21430951ns          379828 1c008c3a 04010493 addi             x9, x2, 64           x9=10001dd8  x2:10001d98
21430971ns          379829 1c008c3c ffce8593 addi             x11, x29, -4        x11=00000004 x29:00000008
21431011ns          379831 1c008c40 1c000637 lui              x12, 0x1c000000     x12=1c000000
21431050ns          379833 1c008c44 02c10413 addi             x8, x2, 44           x8=10001dc4  x2:10001d98
21431070ns          379834 1c008c46 1c000537 lui              x10, 0x1c000000     x10=1c000000
21431090ns          379835 1c008c4a 009585b3 add              x11, x11, x9        x11=10001ddc x11:00000004  x9:10001dd8
21431110ns          379836 1c008c4c 02862483 lw               x9, 40(x12)          x9=0c000000 x12:1c000000  PA:1c000028
21431448ns          379853 1c008c50 01d40333 add              x6, x8, x29          x6=10001dcc  x8:10001dc4 x29:00000008
21431468ns          379854 1c008c54 00700733 add              x14, x0, x7         x14=00000003  x7:00000003
21431488ns          379855 1c008c56 02c52403 lw               x8, 44(x10)          x8=34000000 x10:1c000000  PA:1c00002c
21431806ns          379871 1c008c5a 00168693 addi             x13, x13, 1         x13=00000000 x13:ffffffff
21431826ns          379872 1c008c5c 00000e13 addi             x28, x0, 0          x28=00000000
21431846ns          379873 1c008c60 41038533 sub              x10, x7, x16        x10=00000003  x7:00000003 x16:00000000
21431866ns          379874 1c008c64 1e0540fb lp.setup         0x1, x10, 0x1e0     x10:00000003
21431886ns          379875 1c008c68 fff70893 addi             x17, x14, -1        x17=00000002 x14:00000003
21431906ns          379876 1c008c6c 00000793 addi             x15, x0, 0          x15=00000000
21431946ns          379878 1c008c70 00ec4763 blt              x24, x14, 14        x24:00000002 x14:00000003
21432065ns          379884 1c008c7e 00efd963 bge              x31, x14, 18        x31:00000001 x14:00000003
21432085ns          379885 1c008c82 0005a603 lw               x12, 0(x11)         x12=3edb058e x11:10001ddc  PA:10001ddc
21432125ns          379887 1c008c84 a1c61f53 flt.s            x30, f12, f28       x30=00000000 f12:3edb058e f28:00000000
21432144ns          379888 1c008c88 380f1163 bne              x30, x0, 898        x30:00000000
21432164ns          379889 1c008c8c 00c7f7d3 fadd.s           f15, f15, f12       f15=xxxxxxxx f15:00000000 f12:3edb058e
21432204ns          379891 1c008c90 ffc3260b p.lw             x12, -4(x6!)        x12=c0da3c6f  x6=10001dc8  x6:10001dcc  PA:10001dcc
21432244ns          379893 1c008c94 a1c61f53 flt.s            x30, f12, f28       x30=00000001 f12:c0da3c6f f28:00000000
21432264ns          379894 1c008c98 000f0463 beq              x30, x0, 8          x30:00000001
21432284ns          379895 1c008c9c 20c61653 fsgnjn.s         f12, f12, f12       f12=xxxxxxxx f12:c0da3c6f f12:c0da3c6f
21432343ns          379898 1c008ca0 1087f7d3 fmul.s           f15, f15, f8        f15=xxxxxxxx f15:3edb058e  f8:34000000
21432383ns          379900 1c008ca4 a0f607d3 fle.s            x15, f12, f15       x15=00000000 f12:40da3c6f f15:335b058e
21432403ns          379901 1c008ca8 00079563 bne              x15, x0, 10         x15:00000000
21432423ns          379902 1c008caa a0960653 fle.s            x12, f12, f9        x12=00000000 f12:40da3c6f  f9:0c000000
21432483ns          379905 1c008cae 36060663 beq              x12, x0, 876        x12:00000000
21432622ns          379912 1c00901a 00d71463 bne              x14, x13, 8         x14:00000003 x13:00000000
21432721ns          379917 1c009022 01100733 add              x14, x0, x17        x14=00000002 x17:00000002
21432741ns          379918 1c009024 ffc58593 addi             x11, x11, -4        x11=10001dd8 x11:10001ddc
21432761ns          379919 1c008c68 fff70893 addi             x17, x14, -1        x17=00000001 x14:00000002
21432781ns          379920 1c008c6c 00000793 addi             x15, x0, 0          x15=00000000
21432801ns          379921 1c008c70 00ec4763 blt              x24, x14, 14        x24:00000002 x14:00000002
21432821ns          379922 1c008c74 0045a783 lw               x15, 4(x11)         x15=3edb058e x11:10001dd8  PA:10001ddc
21432861ns          379924 1c008c76 a1c79653 flt.s            x12, f15, f28       x12=00000000 f15:3edb058e f28:00000000
21432880ns          379925 1c008c7a 38061b63 bne              x12, x0, 918        x12:00000000
21432900ns          379926 1c008c7e 00efd963 bge              x31, x14, 18        x31:00000001 x14:00000002
21432920ns          379927 1c008c82 0005a603 lw               x12, 0(x11)         x12=ba47e51e x11:10001dd8  PA:10001dd8
21432960ns          379929 1c008c84 a1c61f53 flt.s            x30, f12, f28       x30=00000001 f12:ba47e51e f28:00000000
21432980ns          379930 1c008c88 380f1163 bne              x30, x0, 898        x30:00000001
21433119ns          379937 1c00900a 20c61653 fsgnjn.s         f12, f12, f12       f12=xxxxxxxx f12:ba47e51e f12:ba47e51e
21433139ns          379938 1c00900e c7fff06f jal              x0, -898           
21433179ns          379940 1c008c8c 00c7f7d3 fadd.s           f15, f15, f12       f15=xxxxxxxx f15:3edb058e f12:3a47e51e
21433199ns          379941 1c008c90 ffc3260b p.lw             x12, -4(x6!)        x12=c18a2a64  x6=10001dc4  x6:10001dc8  PA:10001dc8
21433238ns          379943 1c008c94 a1c61f53 flt.s            x30, f12, f28       x30=00000001 f12:c18a2a64 f28:00000000
21433258ns          379944 1c008c98 000f0463 beq              x30, x0, 8          x30:00000001
21433278ns          379945 1c008c9c 20c61653 fsgnjn.s         f12, f12, f12       f12=xxxxxxxx f12:c18a2a64 f12:c18a2a64
21433318ns          379947 1c008ca0 1087f7d3 fmul.s           f15, f15, f8        f15=xxxxxxxx f15:3edb6981  f8:34000000
21433358ns          379949 1c008ca4 a0f607d3 fle.s            x15, f12, f15       x15=00000000 f12:418a2a64 f15:335b6981
21433378ns          379950 1c008ca8 00079563 bne              x15, x0, 10         x15:00000000
21433398ns          379951 1c008caa a0960653 fle.s            x12, f12, f9        x12=00000000 f12:418a2a64  f9:0c000000
21433417ns          379952 1c008cae 36060663 beq              x12, x0, 876        x12:00000000
21433497ns          379956 1c00901a 00d71463 bne              x14, x13, 8         x14:00000002 x13:00000000
21433597ns          379961 1c009022 01100733 add              x14, x0, x17        x14=00000001 x17:00000001
21433616ns          379962 1c009024 ffc58593 addi             x11, x11, -4        x11=10001dd4 x11:10001dd8
21433636ns          379963 1c008c68 fff70893 addi             x17, x14, -1        x17=00000000 x14:00000001
21433656ns          379964 1c008c6c 00000793 addi             x15, x0, 0          x15=00000000
21433676ns          379965 1c008c70 00ec4763 blt              x24, x14, 14        x24:00000002 x14:00000001
21433696ns          379966 1c008c74 0045a783 lw               x15, 4(x11)         x15=ba47e51e x11:10001dd4  PA:10001dd8
21433736ns          379968 1c008c76 a1c79653 flt.s            x12, f15, f28       x12=00000001 f15:ba47e51e f28:00000000
21433756ns          379969 1c008c7a 38061b63 bne              x12, x0, 918        x12:00000001
21433815ns          379972 1c009010 20f797d3 fsgnjn.s         f15, f15, f15       f15=xxxxxxxx f15:ba47e51e f15:ba47e51e
21433835ns          379973 1c009014 c6bff06f jal              x0, -918           
21433895ns          379976 1c008c7e 00efd963 bge              x31, x14, 18        x31:00000001 x14:00000001
21433955ns          379979 1c008c90 ffc3260b p.lw             x12, -4(x6!)        x12=421b0aa6  x6=10001dc0  x6:10001dc4  PA:10001dc4
21433994ns          379981 1c008c94 a1c61f53 flt.s            x30, f12, f28       x30=00000000 f12:421b0aa6 f28:00000000
21434014ns          379982 1c008c98 000f0463 beq              x30, x0, 8          x30:00000000
21434074ns          379985 1c008ca0 1087f7d3 fmul.s           f15, f15, f8        f15=xxxxxxxx f15:3a47e51e  f8:34000000
21434094ns          379986 1c008ca4 a0f607d3 fle.s            x15, f12, f15       x15=00000000 f12:421b0aa6 f15:2ec7e51e
21434114ns          379987 1c008ca8 00079563 bne              x15, x0, 10         x15:00000000
21434134ns          379988 1c008caa a0960653 fle.s            x12, f12, f9        x12=00000000 f12:421b0aa6  f9:0c000000
21434153ns          379989 1c008cae 36060663 beq              x12, x0, 876        x12:00000000
21434233ns          379993 1c00901a 00d71463 bne              x14, x13, 8         x14:00000001 x13:00000000
21434293ns          379996 1c009022 01100733 add              x14, x0, x17        x14=00000000 x17:00000000
21434313ns          379997 1c009024 ffc58593 addi             x11, x11, -4        x11=10001dd0 x11:10001dd4
21434332ns          379998 1c009026 00000793 addi             x15, x0, 0          x15=00000000
21434352ns          379999 1c00902a a0f297d3 flt.s            x15, f5, f15        x15=00000001  f5:c0da3c6f f15:00000000
21434372ns          380000 1c00902e 005006b3 add              x13, x0, x5         x13=c0da3c6f  x5:c0da3c6f
21434412ns          380002 1c009030 00078363 beq              x15, x0, 6          x15:00000001
21434452ns          380004 1c009032 205296d3 fsgnjn.s         f13, f5, f5         f13=xxxxxxxx  f5:c0da3c6f  f5:c0da3c6f
21434472ns          380005 1c009036 002d9593 slli             x11, x27, 0x2       x11=00000004 x27:00000001
21434492ns          380006 1c00903a 0e010613 addi             x12, x2, 224        x12=10001e78  x2:10001d98
21434511ns          380007 1c00903c 00b607b3 add              x15, x12, x11       x15=10001e7c x12:10001e78 x11:00000004
21434551ns          380009 1c009040 f4c7a603 lw               x12, -180(x15)      x12=c18a2a64 x15:10001e7c  PA:10001dc8
21434591ns          380011 1c009044 00000793 addi             x15, x0, 0          x15=00000000
21434611ns          380012 1c009048 a0f617d3 flt.s            x15, f12, f15       x15=00000001 f12:c18a2a64 f15:00000000
21434631ns          380013 1c00904c 00b12423 sw               x11, 8(x2)          x11:00000004  x2:10001d98  PA:10001da0
21434651ns          380014 1c00904e 06d12423 sw               x13, 104(x2)        x13:40da3c6f  x2:10001d98  PA:10001e00
21434691ns          380016 1c009050 00c00533 add              x10, x0, x12        x10=c18a2a64 x12:c18a2a64
21434710ns          380017 1c009052 00b008b3 add              x17, x0, x11        x17=00000004 x11:00000004
21434730ns          380018 1c009054 00078363 beq              x15, x0, 6          x15:00000001
21434750ns          380019 1c009056 20c61553 fsgnjn.s         f10, f12, f12       f10=xxxxxxxx f12:c18a2a64 f12:c18a2a64
21434770ns          380020 1c00905a 0e010713 addi             x14, x2, 224        x14=10001e78  x2:10001d98
21434790ns          380021 1c00905c 011707b3 add              x15, x14, x17       x15=10001e7c x14:10001e78 x17:00000004
21434830ns          380023 1c009060 f607a783 lw               x15, -160(x15)      x15=3edb058e x15:10001e7c  PA:10001ddc
21434889ns          380026 1c009064 00000713 addi             x14, x0, 0          x14=00000000
21434909ns          380027 1c009068 a0e79753 flt.s            x14, f15, f14       x14=00000000 f15:3edb058e f14:00000000
21434929ns          380028 1c00906c 06a12623 sw               x10, 108(x2)        x10:418a2a64  x2:10001d98  PA:10001e04
21434949ns          380029 1c00906e 00070363 beq              x14, x0, 6          x14:00000000
21435009ns          380032 1c009074 00f00733 add              x14, x0, x15        x14=3edb058e x15:3edb058e
21435029ns          380033 1c009076 00281813 slli             x16, x16, 0x2       x16=00000000 x16:00000000
21435049ns          380034 1c009078 0e010993 addi             x19, x2, 224        x19=10001e78  x2:10001d98
21435068ns          380035 1c00907c 010985b3 add              x11, x19, x16       x11=10001e78 x19:10001e78 x16:00000000
21435108ns          380037 1c009080 f4c5a883 lw               x17, -180(x11)      x17=421b0aa6 x11:10001e78  PA:10001dc4
21435148ns          380039 1c009084 00000593 addi             x11, x0, 0          x11=00000000
21435168ns          380040 1c009088 a0b895d3 flt.s            x11, f17, f11       x11=00000000 f17:421b0aa6 f11:00000000
21435188ns          380041 1c00908c 06e12823 sw               x14, 112(x2)        x14:3edb058e  x2:10001d98  PA:10001e08
21435208ns          380042 1c00908e 01100e33 add              x28, x0, x17        x28=421b0aa6 x17:421b0aa6
21435247ns          380044 1c009090 00058363 beq              x11, x0, 6          x11:00000000
21435327ns          380048 1c009096 0e010e93 addi             x29, x2, 224        x29=10001e78  x2:10001d98
21435347ns          380049 1c00909a 01d80833 add              x16, x16, x29       x16=10001e78 x16:00000000 x29:10001e78
21435367ns          380050 1c00909c f6082303 lw               x6, -160(x16)        x6=ba47e51e x16:10001e78  PA:10001dd8
21435407ns          380052 1c0090a0 00000593 addi             x11, x0, 0          x11=00000000
21435446ns          380054 1c0090a4 a0b315d3 flt.s            x11, f6, f11        x11=00000001  f6:ba47e51e f11:00000000
21435466ns          380055 1c0090a8 07c12a23 sw               x28, 116(x2)        x28:421b0aa6  x2:10001d98  PA:10001e0c
21435486ns          380056 1c0090aa 00058363 beq              x11, x0, 6          x11:00000001
21435506ns          380057 1c0090ac 1fe0106f jal              x0, 4606           
21435665ns          380065 1c00a2aa 206315d3 fsgnjn.s         f11, f6, f6         f11=xxxxxxxx  f6:ba47e51e  f6:ba47e51e
21435725ns          380068 1c00a2ae e05fe06f jal              x0, -4604          
21435784ns          380071 1c0090b2 a0d6a853 feq.s            x16, f13, f13       x16=00000001 f13:40da3c6f f13:40da3c6f
21435804ns          380072 1c0090b6 06b12c23 sw               x11, 120(x2)        x11:3a47e51e  x2:10001d98  PA:10001e10
21435844ns          380074 1c0090b8 00080463 beq              x16, x0, 8          x16:00000001
21435864ns          380075 1c0090bc 0080106f jal              x0, 4104           
21435964ns          380080 1c00a0c4 a0a69853 flt.s            x16, f13, f10       x16=00000001 f13:40da3c6f f10:418a2a64
21436003ns          380082 1c00a0c8 1e080563 beq              x16, x0, 490        x16:00000001
21436023ns          380083 1c00a0cc a0e516d3 flt.s            x13, f10, f14       x13=00000000 f10:418a2a64 f14:3edb058e
21436083ns          380086 1c00a0d0 28069163 bne              x13, x0, 642        x13:00000000
21436123ns          380088 1c00a0d4 07412703 lw               x14, 116(x2)        x14=421b0aa6  x2:10001d98  PA:10001e0c
21436162ns          380090 1c00a0d6 a0e516d3 flt.s            x13, f10, f14       x13=00000001 f10:418a2a64 f14:421b0aa6
21436182ns          380091 1c00a0da 00069263 bne              x13, x0, 4          x13:00000001
21436282ns          380096 1c00a0de a0b716d3 flt.s            x13, f14, f11       x13=00000000 f14:421b0aa6 f11:3a47e51e
21436302ns          380097 1c00a0e2 84069063 bne              x13, x0, -4032      x13:00000000
21436322ns          380098 1c00a0e6 00e005b3 add              x11, x0, x14        x11=421b0aa6 x14:421b0aa6
21436341ns          380099 1c00a0e8 83aff06f jal              x0, -4038          
21436520ns          380108 1c009122 1c0004b7 lui              x9, 0x1c000000       x9=1c000000
21436540ns          380109 1c009126 0204a703 lw               x14, 32(x9)         x14=3f800000  x9:1c000000  PA:1c000020
21436918ns          380128 1c00912a 18b77753 fdiv.s           f14, f14, f11       f14=xxxxxxxx f14:3f800000 f11:421b0aa6
21437396ns          380152 1c00912e 105772d3 fmul.s           f5, f14, f5          f5=xxxxxxxx f14:3cd35988  f5:c0da3c6f
21437416ns          380153 1c009132 10e7f7d3 fmul.s           f15, f15, f14       f15=xxxxxxxx f15:3edb058e f14:3cd35988
21437435ns          380154 1c009136 00000513 addi             x10, x0, 0          x10=00000000
21437455ns          380155 1c00913a 28e676c3 fmadd.s          f13, f12, f14, f5   f13=xxxxxxxx f12:c18a2a64 f14:3cd35988  f5:be342c22
21437515ns          380158 1c00913e 28e67e47 fmsub.s          f28, f12, f14, f5   f28=xxxxxxxx f12:c18a2a64 f14:3cd35988  f5:be342c22
21437555ns          380160 1c009142 10f7f853 fmul.s           f16, f15, f15       f16=xxxxxxxx f15:3c34d22d f15:3c34d22d
21437575ns          380161 1c009146 10f2f653 fmul.s           f12, f5, f15        f12=xxxxxxxx  f5:be342c22 f15:3c34d22d
21437595ns          380162 1c00914a 10e8f7d3 fmul.s           f15, f17, f14       f15=xxxxxxxx f17:421b0aa6 f14:3cd35988
21437654ns          380165 1c00914e 1c000737 lui              x14, 0x1c000000     x14=1c000000
21437694ns          380167 1c009152 81c6f6c3 fmadd.s          f13, f13, f28, f16  f13=xxxxxxxx f13:bf1f1c4b f28:be8a0c74 f16:38ff7078
21437714ns          380168 1c009156 03070713 addi             x14, x14, 48        x14=1c000030 x14:1c000000
21437734ns          380169 1c00915a 00072703 lw               x14, 0(x14)         x14=3f000000 x14:1c000030  PA:1c000030
21438032ns          380184 1c00915c 10c67653 fmul.s           f12, f12, f12       f12=xxxxxxxx f12:bafe85e8 f12:bafe85e8
21438052ns          380185 1c009160 10e6f6d3 fmul.s           f13, f13, f14       f13=xxxxxxxx f13:3e2bb9ea f14:3f000000
21438072ns          380186 1c009164 a0a6a753 feq.s            x14, f13, f10       x14=00000000 f13:3dabb9ea f10:00000000
21438092ns          380187 1c009168 00070663 beq              x14, x0, 12         x14:00000000
21438191ns          380192 1c009174 00000513 addi             x10, x0, 0          x10=00000000
21438211ns          380193 1c009178 a0a69553 flt.s            x10, f13, f10       x10=00000000 f13:3dabb9ea f10:00000000
21438231ns          380194 1c00917c 60d6f743 fmadd.s          f14, f13, f13, f12  f14=xxxxxxxx f13:3dabb9ea f13:3dabb9ea f12:367d0dfe
21438291ns          380197 1c009180 58077753 fsqrt.s          f14, f14            f14=xxxxxxxx f14:3be6836d
21438589ns          380212 1c009184 00050363 beq              x10, x0, 6          x10:00000000
21438669ns          380216 1c00918a 00e6f6d3 fadd.s           f13, f13, f14       f13=xxxxxxxx f13:3dabb9ea f14:3dabc5b4
21438689ns          380217 1c00918e 18d67753 fdiv.s           f14, f12, f13       f14=xxxxxxxx f12:367d0dfe f13:3e2bbfcf
21438708ns          380218 1c009192 00f2f853 fadd.s           f16, f5, f15        f16=xxxxxxxx  f5:be342c22 f15:3f800000
21438987ns          380232 1c009196 0857f6d3 fsub.s           f13, f15, f5        f13=xxxxxxxx f15:3f800000  f5:be342c22
21439007ns          380233 1c00919a 18b375d3 fdiv.s           f11, f6, f11        f11=xxxxxxxx  f6:ba47e51e f11:421b0aa6
21439285ns          380247 1c00919e 10b7f7d3 fmul.s           f15, f15, f11       f15=xxxxxxxx f15:3f800000 f11:b7a507c1
21439305ns          380248 1c0091a2 70d87843 fmadd.s          f16, f16, f13, f14  f16=xxxxxxxx f16:3f52f4f8 f13:3f968584 f14:37bc983d
21439325ns          380249 1c0091a6 5dfc4563 blt              x24, x31, 1482      x24:00000002 x31:00000001
21439345ns          380250 1c0091aa 002f9693 slli             x13, x31, 0x2       x13=00000004 x31:00000001
21439405ns          380253 1c0091ae 01f68333 add              x6, x13, x31         x6=00000005 x13:00000004 x31:00000001
21439425ns          380254 1c0091b2 00231313 slli             x6, x6, 0x2          x6=00000014  x6:00000005
21439444ns          380255 1c0091b4 058fc733 p.min            x14, x31, x24       x14=00000001 x31:00000001 x24:00000002
21439464ns          380256 1c0091b8 02c10893 addi             x17, x2, 44         x17=10001dc4  x2:10001d98
21439484ns          380257 1c0091bc 0e010993 addi             x19, x2, 224        x19=10001e78  x2:10001d98
21439544ns          380260 1c0091c0 ffc68a13 addi             x20, x13, -4        x20=00000000 x13:00000004
21439584ns          380262 1c0091c4 fec30e13 addi             x28, x6, -20        x28=00000000  x6:00000014
21439604ns          380263 1c0091c8 00d88ab3 add              x21, x17, x13       x21=10001dc8 x17:10001dc4 x13:00000004
21439623ns          380264 1c0091cc 00d98633 add              x12, x19, x13       x12=10001e7c x19:10001e78 x13:00000004
21439683ns          380267 1c0091d0 41f70b33 sub              x22, x14, x31       x22=00000000 x14:00000001 x31:00000001
21439723ns          380269 1c0091d4 04010393 addi             x7, x2, 64           x7=10001dd8  x2:10001d98
21439743ns          380270 1c0091d8 001f8693 addi             x13, x31, 1         x13=00000002 x31:00000001
21439763ns          380271 1c0091dc 00170713 addi             x14, x14, 1         x14=00000002 x14:00000001
21439822ns          380274 1c0091de 006c8eb3 add              x29, x25, x6        x29=10001f34 x25:10001f20  x6:00000014
21439862ns          380276 1c0091e2 01488bb3 add              x23, x17, x20       x23=10001dc4 x17:10001dc4 x20:00000000
21439882ns          380277 1c0091e6 01cc8f33 add              x30, x25, x28       x30=10001f20 x25:10001f20 x28:00000000
21439902ns          380278 1c0091ea f5c62503 lw               x10, -164(x12)      x10=ba47e51e x12:10001e7c  PA:10001dd8
21439962ns          380281 1c0091ee ffcaa583 lw               x11, -4(x21)        x11=421b0aa6 x21:10001dc8  PA:10001dc4
21439981ns          380282 1c0091f2 01a30333 add              x6, x6, x26          x6=10001ed0  x6:00000014 x26:10001ebc
21440001ns          380283 1c0091f4 007a0a33 add              x20, x20, x7        x20=10001dd8 x20:00000000  x7:10001dd8
21440021ns          380284 1c0091f6 01ae0e33 add              x28, x28, x26       x28=10001ebc x28:00000000 x26:10001ebc
21440041ns          380285 1c0091f8 00000293 addi             x5, x0, 0            x5=00000000
21440061ns          380286 1c0091fc 001b0b13 addi             x22, x22, 1         x22=00000001 x22:00000000
21440101ns          380288 1c0091fe 00d75463 bge              x14, x13, 8         x14:00000002 x13:00000002
21440180ns          380292 1c009206 145b40fb lp.setup         0x1, x22, 0x145     x22:00000001
21440200ns          380293 1c00920a a0581753 flt.s            x14, f16, f5        x14=00000000 f16:3f781498  f5:00000000
21440220ns          380294 1c00920e 01000633 add              x12, x0, x16        x12=3f781498 x16:3f781498
21440260ns          380296 1c009210 00070363 beq              x14, x0, 6          x14:00000000
21440339ns          380300 1c009216 a0579753 flt.s            x14, f15, f5        x14=00000001 f15:b7a507c1  f5:00000000
21440359ns          380301 1c00921a 00f008b3 add              x17, x0, x15        x17=b7a507c1 x15:b7a507c1
21440379ns          380302 1c00921c 00070363 beq              x14, x0, 6          x14:00000001
21440419ns          380304 1c00921e 20f798d3 fsgnjn.s         f17, f15, f15       f17=xxxxxxxx f15:b7a507c1 f15:b7a507c1
21440459ns          380306 1c009222 a0c89753 flt.s            x14, f17, f12       x14=00000001 f17:37a507c1 f12:3f781498
21440479ns          380307 1c009226 010006b3 add              x13, x0, x16        x13=3f781498 x16:3f781498
21440499ns          380308 1c009228 00071263 bne              x14, x0, 4          x14:00000001
21440598ns          380313 1c00922c 01167753 fadd.s           f14, f12, f17       f14=xxxxxxxx f12:3f781498 f17:37a507c1
21440618ns          380314 1c009230 a05723d3 feq.s            x7, f14, f5          x7=00000000 f14:3f7815e2  f5:00000000
21440638ns          380315 1c009234 00038463 beq              x7, x0, 8            x7:00000000
21440698ns          380318 1c00923c 1c000437 lui              x8, 0x1c000000       x8=1c000000
21440757ns          380321 1c009240 02040413 addi             x8, x8, 32           x8=1c000020  x8:1c000000
21440797ns          380323 1c009244 00042403 lw               x8, 0(x8)            x8=3f800000  x8:1c000020  PA:1c000020
21441135ns          380340 1c009246 18e473d3 fdiv.s           f7, f8, f14          f7=xxxxxxxx  f8:3f800000 f14:3f7815e2
21441414ns          380354 1c00924a 1078f8d3 fmul.s           f17, f17, f7        f17=xxxxxxxx f17:37a507c1  f7:3f841560
21441433ns          380355 1c00924e 10767653 fmul.s           f12, f12, f7        f12=xxxxxxxx f12:3f781498  f7:3f841560
21441453ns          380356 1c009252 a05696d3 flt.s            x13, f13, f5        x13=00000000 f13:3f781498  f5:00000000
21441473ns          380357 1c009256 1118f8d3 fmul.s           f17, f17, f17       f17=xxxxxxxx f17:37aa4b8e f17:37aa4b8e
21441493ns          380358 1c00925a 88c67643 fmadd.s          f12, f12, f12, f17  f12=xxxxxxxx f12:3f7ffeaa f12:3f7ffeaa f17:2fe290de
21441553ns          380361 1c00925e 58067653 fsqrt.s          f12, f12            f12=xxxxxxxx f12:3f7ffd54
21441851ns          380376 1c009262 10c77753 fmul.s           f14, f14, f12       f14=xxxxxxxx f14:3f7815e2 f12:3f7ffeaa
21441871ns          380377 1c009266 00068363 beq              x13, x0, 6          x13:00000000
21441990ns          380383 1c00926c 1c0004b7 lui              x9, 0x1c000000       x9=1c000000
21442010ns          380384 1c009270 02048493 addi             x9, x9, 32           x9=1c000020  x9:1c000000
21442030ns          380385 1c009274 0004a483 lw               x9, 0(x9)            x9=3f800000  x9:1c000020  PA:1c000020
21442368ns          380402 1c009276 18e4f753 fdiv.s           f14, f9, f14        f14=xxxxxxxx  f9:3f800000 f14:3f781497
21442647ns          380416 1c00927a 10e87653 fmul.s           f12, f16, f14       f12=xxxxxxxx f16:3f781498 f14:3f841611
21442667ns          380417 1c00927e 10e7f7d3 fmul.s           f15, f15, f14       f15=xxxxxxxx f15:b7a507c1 f14:3f841611
21442687ns          380418 1c009282 000e2683 lw               x13, 0(x28)         x13=3ed4448e x28:10001ebc  PA:10001ebc
21442706ns          380419 1c009286 00032803 lw               x16, 0(x6)          x16=3f005289  x6:10001ed0  PA:10001ed0
21442726ns          380420 1c00928a 10d7f3d3 fmul.s           f7, f15, f13         f7=xxxxxxxx f15:b7aa4c72 f13:3ed4448e
21442786ns          380423 1c00928e 1107f8d3 fmul.s           f17, f15, f16       f17=xxxxxxxx f15:b7aa4c72 f16:3f005289
21442826ns          380425 1c009292 10f57753 fmul.s           f14, f10, f15       f14=xxxxxxxx f10:ba47e51e f15:b7aa4c72
21442846ns          380426 1c009296 39067847 fmsub.s          f16, f12, f16, f7   f16=xxxxxxxx f12:3f800001 f16:3f005289  f7:b70d34e9
21442866ns          380427 1c00929a 88d676c3 fmadd.s          f13, f12, f13, f17  f13=xxxxxxxx f12:3f800001 f13:3ed4448e f17:b72aba41
21442925ns          380430 1c00929e 10b7f3d3 fmul.s           f7, f15, f11         f7=xxxxxxxx f15:b7aa4c72 f11:421b0aa6
21442965ns          380432 1c0092a2 01032023 sw               x16, 0(x6)          x16:3f005317  x6:10001ed0  PA:10001ed0
21442985ns          380433 1c0092a6 00de2023 sw               x13, 0(x28)         x13:3ed4433a x28:10001ebc  PA:10001ebc
21443005ns          380434 1c0092aa 004e2803 lw               x16, 4(x28)         x16=3f2297e6 x28:10001ebc  PA:10001ec0
21443065ns          380437 1c0092ae 00432883 lw               x17, 4(x6)          x17=be808f0d  x6:10001ed0  PA:10001ed4
21443104ns          380439 1c0092b2 1107f453 fmul.s           f8, f15, f16         f8=xxxxxxxx f15:b7aa4c72 f16:3f2297e6
21443124ns          380440 1c0092b6 1117f6d3 fmul.s           f13, f15, f17       f13=xxxxxxxx f15:b7aa4c72 f17:be808f0d
21443144ns          380441 1c0092ba 70b67743 fmadd.s          f14, f12, f11, f14  f14=xxxxxxxx f12:3f800001 f11:421b0aa6 f14:3284f9d7
21443204ns          380444 1c0092be 411678c7 fmsub.s          f17, f12, f17, f8   f17=xxxxxxxx f12:3f800001 f17:be808f0d  f8:b75852d8
21443244ns          380446 1c0092c2 69067843 fmadd.s          f16, f12, f16, f13  f16=xxxxxxxx f12:3f800001 f16:3f2297e6 f13:36ab0ac5
21443263ns          380447 1c0092c6 38c576c7 fmsub.s          f13, f10, f12, f7   f13=xxxxxxxx f10:ba47e51e f12:3f800001  f7:ba4e46bd
21443283ns          380448 1c0092ca 01132223 sw               x17, 4(x6)          x17:be808d5d  x6:10001ed0  PA:10001ed4
21443343ns          380451 1c0092ce 008e2583 lw               x11, 8(x28)         x11=3e7bd35b x28:10001ebc  PA:10001ec4
21443383ns          380453 1c0092d2 010e2223 sw               x16, 4(x28)         x16:3f22983d x28:10001ebc  PA:10001ec0
21443403ns          380454 1c0092d6 00832803 lw               x16, 8(x6)          x16=bf13fb23  x6:10001ed0  PA:10001ed8
21443423ns          380455 1c0092da 10b7f8d3 fmul.s           f17, f15, f11       f17=xxxxxxxx f15:b7aa4c72 f11:3e7bd35b
21443482ns          380458 1c0092de 1107f553 fmul.s           f10, f15, f16       f10=xxxxxxxx f15:b7aa4c72 f16:bf13fb23
21443522ns          380460 1c0092e2 a05713d3 flt.s            x7, f14, f5          x7=00000000 f14:421b0aa7  f5:00000000
21443542ns          380461 1c0092e6 890678c7 fmsub.s          f17, f12, f16, f17  f17=xxxxxxxx f12:3f800001 f16:bf13fb23 f17:b6a7858d
21443562ns          380462 1c0092ea 50b67543 fmadd.s          f10, f12, f11, f10  f10=xxxxxxxx f12:3f800001 f11:3e7bd35b f10:3744e1eb
21443621ns          380465 1c0092ee 000aa803 lw               x16, 0(x21)         x16=c18a2a64 x21:10001dc8  PA:10001dc8
21443661ns          380467 1c0092f2 01132423 sw               x17, 8(x6)          x17:bf13fad0  x6:10001ed0  PA:10001ed8
21443681ns          380468 1c0092f6 00ce2583 lw               x11, 12(x28)        x11=3edb048b x28:10001ebc  PA:10001ec8
21443701ns          380469 1c0092fa 00ae2423 sw               x10, 8(x28)         x10:3e7bd670 x28:10001ebc  PA:10001ec4
21443761ns          380472 1c0092fe 00c32403 lw               x8, 12(x6)           x8=3f0388fc  x6:10001ed0  PA:10001edc
21443800ns          380474 1c009302 10b7f8d3 fmul.s           f17, f15, f11       f17=xxxxxxxx f15:b7aa4c72 f11:3edb048b
21443820ns          380475 1c009306 1087f553 fmul.s           f10, f15, f8        f10=xxxxxxxx f15:b7aa4c72  f8:3f0388fc
21443840ns          380476 1c00930a 00da222b p.sw             x13, 4(x20!)        x20=10001ddc x13:37cc33ae x20:10001dd8  PA:10001dd8
21443900ns          380479 1c00930e 88867447 fmsub.s          f8, f12, f8, f17     f8=xxxxxxxx f12:3f800001  f8:3f0388fc f17:b711b26b
21443940ns          380481 1c009312 50b67543 fmadd.s          f10, f12, f11, f10  f10=xxxxxxxx f12:3f800001 f11:3edb048b f10:b72f007d
21443960ns          380482 1c009316 10f875d3 fmul.s           f11, f16, f15       f11=xxxxxxxx f16:c18a2a64 f15:b7aa4c72
21443979ns          380483 1c00931a 00832623 sw               x8, 12(x6)           x8:3f03898f  x6:10001ed0  PA:10001edc
21444039ns          380486 1c00931e 010e2403 lw               x8, 16(x28)          x8=3ed9fbfc x28:10001ebc  PA:10001ecc
21444079ns          380488 1c009322 00ae2623 sw               x10, 12(x28)        x10:3edb032f x28:10001ebc  PA:10001ec8
21444099ns          380489 1c009326 01032503 lw               x10, 16(x6)         x10=be977e9e  x6:10001ed0  PA:10001ee0
21444119ns          380490 1c00932a 1087f4d3 fmul.s           f9, f15, f8          f9=xxxxxxxx f15:b7aa4c72  f8:3ed9fbfc
21444178ns          380493 1c00932e 10a7f7d3 fmul.s           f15, f15, f10       f15=xxxxxxxx f15:b7aa4c72 f10:be977e9e
21444218ns          380495 1c009332 10c878d3 fmul.s           f17, f16, f12       f17=xxxxxxxx f16:c18a2a64 f12:3f800001
21444238ns          380496 1c009336 48a67547 fmsub.s          f10, f12, f10, f9   f10=xxxxxxxx f12:3f800001 f10:be977e9e  f9:b711026d
21444258ns          380497 1c00933a 788677c3 fmadd.s          f15, f12, f8, f15   f15=xxxxxxxx f12:3f800001  f8:3ed9fbfc f15:36c98ea4
21444318ns          380500 1c00933e 00a32823 sw               x10, 16(x6)         x10:be977d7d  x6:10001ed0  PA:10001ee0
21444357ns          380502 1c009342 00fe2823 sw               x15, 16(x28)        x15:3ed9fcc7 x28:10001ebc  PA:10001ecc
21444377ns          380503 1c009346 00e007b3 add              x15, x0, x14        x15=421b0aa7 x14:421b0aa7
21444397ns          380504 1c009348 00038463 beq              x7, x0, 8            x7:00000000
21444497ns          380509 1c009350 a0559653 flt.s            x12, f11, f5        x12=00000000 f11:39b7d2d1  f5:00000000
21444517ns          380510 1c009354 700616e3 bne              x12, x0, 3852       x12:00000000
21444536ns          380511 1c009358 00b00633 add              x12, x0, x11        x12=39b7d2d1 x11:39b7d2d1
21444556ns          380512 1c00935a a0f61553 flt.s            x10, f12, f15       x10=00000001 f12:39b7d2d1 f15:421b0aa7
21444576ns          380513 1c00935e 00e00833 add              x16, x0, x14        x16=421b0aa7 x14:421b0aa7
21444616ns          380515 1c009360 00051263 bne              x10, x0, 4          x10:00000001
21444676ns          380518 1c009364 00c7f453 fadd.s           f8, f15, f12         f8=xxxxxxxx f15:421b0aa7 f12:39b7d2d1
21444696ns          380519 1c009368 a05423d3 feq.s            x7, f8, f5           x7=00000000  f8:421b0b03  f5:00000000
21444715ns          380520 1c00936c 6a0397e3 bne              x7, x0, 3758         x7:00000000
21444775ns          380523 1c009370 1c0009b7 lui              x19, 0x1c000000     x19=1c000000
21444815ns          380525 1c009374 02098993 addi             x19, x19, 32        x19=1c000020 x19:1c000000
21444835ns          380526 1c009378 0009a983 lw               x19, 0(x19)         x19=3f800000 x19:1c000020  PA:1c000020
21445173ns          380543 1c00937c 1889f3d3 fdiv.s           f7, f19, f8          f7=xxxxxxxx f19:3f800000  f8:421b0b03
21445451ns          380557 1c009380 10767653 fmul.s           f12, f12, f7        f12=xxxxxxxx f12:39b7d2d1  f7:3cd35909
21445471ns          380558 1c009384 1077f7d3 fmul.s           f15, f15, f7        f15=xxxxxxxx f15:421b0aa7  f7:3cd35909
21445491ns          380559 1c009388 a0581853 flt.s            x16, f16, f5        x16=00000000 f16:421b0aa7  f5:00000000
21445511ns          380560 1c00938c 10c67653 fmul.s           f12, f12, f12       f12=xxxxxxxx f12:3717c2b1 f12:3717c2b1
21445551ns          380562 1c009390 60f7f7c3 fmadd.s          f15, f15, f15, f12  f15=xxxxxxxx f15:3f7fff68 f15:3f7fff68 f12:2eb3ee82
21445591ns          380564 1c009394 5807f7d3 fsqrt.s          f15, f15            f15=xxxxxxxx f15:3f7ffed0
21445869ns          380578 1c009398 10f47453 fmul.s           f8, f8, f15          f8=xxxxxxxx  f8:421b0b03 f15:3f7fff68
21445889ns          380579 1c00939c 00080463 beq              x16, x0, 8          x16:00000000
21445949ns          380582 1c0093a4 1c0003b7 lui              x7, 0x1c000000       x7=1c000000
21445969ns          380583 1c0093a8 02038393 addi             x7, x7, 32           x7=1c000020  x7:1c000000
21445988ns          380584 1c0093ac 0003a383 lw               x7, 0(x7)            x7=3f800000  x7:1c000020  PA:1c000020
21446327ns          380601 1c0093b0 1883f7d3 fdiv.s           f15, f7, f8         f15=xxxxxxxx  f7:3f800000  f8:421b0aa7
21446605ns          380615 1c0093b4 10f77653 fmul.s           f12, f14, f15       f12=xxxxxxxx f14:421b0aa7 f15:3cd35987
21446625ns          380616 1c0093b8 10f5f3d3 fmul.s           f7, f11, f15         f7=xxxxxxxx f11:39b7d2d1 f15:3cd35987
21446645ns          380617 1c0093bc 10c6f853 fmul.s           f16, f13, f12       f16=xxxxxxxx f13:37cc33ae f12:3f800000
21446665ns          380618 1c0093c0 207395d3 fsgnjn.s         f11, f7, f7         f11=xxxxxxxx  f7:3717c30b  f7:3717c30b
21446685ns          380619 1c0093c4 000f2783 lw               x15, 0(x30)         x15=3ed37766 x30:10001f20  PA:10001f20
21446705ns          380620 1c0093c8 000ea483 lw               x9, 0(x29)           x9=be6e4268 x29:10001f34  PA:10001f34
21446724ns          380621 1c0093cc 1077f953 fmul.s           f18, f15, f7        f18=xxxxxxxx f15:3ed37766  f7:3717c30b
21446764ns          380623 1c0093d0 1074f553 fmul.s           f10, f9, f7         f10=xxxxxxxx  f9:be6e4268  f7:3717c30b
21446804ns          380625 1c0093d4 10c8f753 fmul.s           f14, f17, f12       f14=xxxxxxxx f17:c18a2a65 f12:3f800000
21446824ns          380626 1c0093d8 90c4f4c7 fmsub.s          f9, f9, f12, f18     f9=xxxxxxxx  f9:be6e4268 f12:3f800000 f18:367ab914
21446844ns          380627 1c0093dc 50c7f543 fmadd.s          f10, f15, f12, f10  f10=xxxxxxxx f15:3ed37766 f12:3f800000 f10:b60d3eb2
21446903ns          380630 1c0093e0 70b6f5c3 fmadd.s          f11, f13, f11, f14  f11=xxxxxxxx f13:37cc33ae f11:b717c30b f14:c18a2a65
21446943ns          380632 1c0093e4 009ea023 sw               x9, 0(x29)           x9:be6e4363 x29:10001f34  PA:10001f34
21446963ns          380633 1c0093e8 00af2023 sw               x10, 0(x30)         x10:3ed3771f x30:10001f20  PA:10001f20
21446983ns          380634 1c0093ec 004f2503 lw               x10, 4(x30)         x10=3f07b927 x30:10001f20  PA:10001f24
21447043ns          380637 1c0093f0 004ea483 lw               x9, 4(x29)           x9=3f10f121 x29:10001f34  PA:10001f38
21447082ns          380639 1c0093f4 10a3f9d3 fmul.s           f19, f7, f10        f19=xxxxxxxx  f7:3717c30b f10:3f07b927
21447102ns          380640 1c0093f8 1093f953 fmul.s           f18, f7, f9         f18=xxxxxxxx  f7:3717c30b  f9:3f10f121
21447122ns          380641 1c0093fc 008ba22b p.sw             x8, 4(x23!)         x23=10001dc8  x8:421b0aa7 x23:10001dc4  PA:10001dc4
21447182ns          380644 1c009400 989674c7 fmsub.s          f9, f12, f9, f19     f9=xxxxxxxx f12:3f800000  f9:3f10f121 f19:36a0eb3c
21447222ns          380646 1c009404 90a67743 fmadd.s          f14, f12, f10, f18  f14=xxxxxxxx f12:3f800000 f10:3f07b927 f18:36abd951
21447242ns          380647 1c009408 8078f843 fmadd.s          f16, f17, f7, f16   f16=xxxxxxxx f17:c18a2a65  f7:3717c30b f16:37cc33ae
21447261ns          380648 1c00940c 009ea223 sw               x9, 4(x29)           x9:3f10f0d1 x29:10001f34  PA:10001f38
21447321ns          380651 1c009410 00ef2223 sw               x14, 4(x30)         x14:3f07b97d x30:10001f20  PA:10001f24
21447361ns          380653 1c009414 008f2703 lw               x14, 8(x30)         x14=3e73751d x30:10001f20  PA:10001f28
21447381ns          380654 1c009418 008ea483 lw               x9, 8(x29)           x9=3f0353b2 x29:10001f34  PA:10001f3c
21447401ns          380655 1c00941c 10e3f953 fmul.s           f18, f7, f14        f18=xxxxxxxx  f7:3717c30b f14:3e73751d
21447460ns          380658 1c009420 1093f6d3 fmul.s           f13, f7, f9         f13=xxxxxxxx  f7:3717c30b  f9:3f0353b2
21447500ns          380660 1c009424 000a2783 lw               x15, 0(x20)         x15=3edb058e x20:10001ddc  PA:10001ddc
21447520ns          380661 1c009428 909674c7 fmsub.s          f9, f12, f9, f18     f9=xxxxxxxx f12:3f800000  f9:3f0353b2 f18:36105391
21447540ns          380662 1c00942c 68e676c3 fmadd.s          f13, f12, f14, f13  f13=xxxxxxxx f12:3f800000 f14:3e73751d f13:369bb4d9
21447600ns          380665 1c009430 10c7f553 fmul.s           f10, f15, f12       f10=xxxxxxxx f15:3edb058e f12:3f800000
21447639ns          380667 1c009434 009ea423 sw               x9, 8(x29)           x9:3f03538e x29:10001f34  PA:10001f3c
21447659ns          380668 1c009438 00cf2703 lw               x14, 12(x30)        x14=3ef3ffeb x30:10001f20  PA:10001f2c
21447679ns          380669 1c00943c 00df2423 sw               x13, 8(x30)         x13:3e737654 x30:10001f20  PA:10001f28
21447739ns          380672 1c009440 00cea683 lw               x13, 12(x29)        x13=bf18a395 x29:10001f34  PA:10001f40
21447779ns          380674 1c009444 10e3f4d3 fmul.s           f9, f7, f14          f9=xxxxxxxx  f7:3717c30b f14:3ef3ffeb
21447799ns          380675 1c009448 10d3f453 fmul.s           f8, f7, f13          f8=xxxxxxxx  f7:3717c30b f13:bf18a395
21447818ns          380676 1c00944c 00baa22b p.sw             x11, 4(x21!)        x21=10001dcc x11:c18a2a65 x21:10001dc8  PA:10001dc8
21447878ns          380679 1c009450 48d676c7 fmsub.s          f13, f12, f13, f9   f13=xxxxxxxx f12:3f800000 f13:bf18a395  f9:3690a5da
21447918ns          380681 1c009454 40e67743 fmadd.s          f14, f12, f14, f8   f14=xxxxxxxx f12:3f800000 f14:3ef3ffeb  f8:b6b4f990
21447938ns          380682 1c009458 00aa2023 sw               x10, 0(x20)         x10:3edb058e x20:10001ddc  PA:10001ddc
21447958ns          380683 1c00945c 00dea623 sw               x13, 12(x29)        x13:bf18a3dd x29:10001f34  PA:10001f40
21448017ns          380686 1c009460 010f2883 lw               x17, 16(x30)        x17=3f03b580 x30:10001f20  PA:10001f30
21448057ns          380688 1c009464 00ef2623 sw               x14, 12(x30)        x14:3ef3ff36 x30:10001f20  PA:10001f2c
21448077ns          380689 1c009468 010ea683 lw               x13, 16(x29)        x13=bda6be4a x29:10001f34  PA:10001f44
21448097ns          380690 1c00946c 1113f453 fmul.s           f8, f7, f17          f8=xxxxxxxx  f7:3717c30b f17:3f03b580
21448157ns          380693 1c009470 10d3f753 fmul.s           f14, f7, f13        f14=xxxxxxxx  f7:3717c30b f13:bda6be4a
21448196ns          380695 1c009474 1077f7d3 fmul.s           f15, f15, f7        f15=xxxxxxxx f15:3edb058e  f7:3717c30b
21448216ns          380696 1c009478 40d676c7 fmsub.s          f13, f12, f13, f8   f13=xxxxxxxx f12:3f800000 f13:bda6be4a  f8:369c28cf
21448236ns          380697 1c00947c 71167743 fmadd.s          f14, f12, f17, f14  f14=xxxxxxxx f12:3f800000 f17:3f03b580 f14:b545b290
21448296ns          380700 1c009480 001f8f93 addi             x31, x31, 1         x31=00000002 x31:00000001
21448336ns          380702 1c009482 00dea823 sw               x13, 16(x29)        x13:bda6c0bb x29:10001f34  PA:10001f44
21448355ns          380703 1c009486 00ef2823 sw               x14, 16(x30)        x14:3f03b574 x30:10001f20  PA:10001f30
21448375ns          380704 1c00948a 014e8e93 addi             x29, x29, 20        x29=10001f48 x29:10001f34
21448395ns          380705 1c00948c 01430313 addi             x6, x6, 20           x6=10001ee4  x6:10001ed0
21448415ns          380706 1c00948e 014f0f13 addi             x30, x30, 20        x30=10001f34 x30:10001f20
21448435ns          380707 1c009490 014e0e13 addi             x28, x28, 20        x28=10001ed0 x28:10001ebc
21448475ns          380709 1c009492 2dfc4f63 blt              x24, x31, 734       x24:00000002 x31:00000002
21448495ns          380710 1c009496 002f9713 slli             x14, x31, 0x2       x14=00000008 x31:00000002
21448515ns          380711 1c00949a ffc70b13 addi             x22, x14, -4        x22=00000004 x14:00000008
21448574ns          380714 1c00949e 002c1913 slli             x18, x24, 0x2       x18=00000008 x24:00000002
21448614ns          380716 1c0094a2 01f70633 add              x12, x14, x31       x12=0000000a x14:00000008 x31:00000002
21448634ns          380717 1c0094a6 41690933 sub              x18, x18, x22       x18=00000004 x18:00000008 x22:00000004
21448654ns          380718 1c0094aa 02c10513 addi             x10, x2, 44         x10=10001dc4  x2:10001d98
21448674ns          380719 1c0094ac 04010593 addi             x11, x2, 64         x11=10001dd8  x2:10001d98
21448694ns          380720 1c0094ae 00261613 slli             x12, x12, 0x2       x12=00000028 x12:0000000a
21448713ns          380721 1c0094b0 00e50ab3 add              x21, x10, x14       x21=10001dcc x10:10001dc4 x14:00000008
21448753ns          380723 1c0094b4 00e58a33 add              x20, x11, x14       x20=10001de0 x11:10001dd8 x14:00000008
21448773ns          380724 1c0094b8 ffc90913 addi             x18, x18, -4        x18=00000000 x18:00000004
21448793ns          380725 1c0094ba ff870713 addi             x14, x14, -8        x14=00000000 x14:00000008
21448813ns          380726 1c0094bc 04010693 addi             x13, x2, 64         x13=10001dd8  x2:10001d98
21448853ns          380728 1c0094be fec60e13 addi             x28, x12, -20       x28=00000014 x12:00000028
21448893ns          380730 1c0094c2 00295913 srli             x18, x18, 0x2       x18=00000000 x18:00000000
21448912ns          380731 1c0094c6 00e689b3 add              x19, x13, x14       x19=10001dd8 x13:10001dd8 x14:00000000
21448932ns          380732 1c0094ca ffcaa583 lw               x11, -4(x21)        x11=c18a2a65 x21:10001dcc  PA:10001dc8
21448952ns          380733 1c0094ce 02c10713 addi             x14, x2, 44         x14=10001dc4  x2:10001d98
21448992ns          380735 1c0094d0 ffca2503 lw               x10, -4(x20)        x10=3edb058e x20:10001de0  PA:10001ddc
21449032ns          380737 1c0094d4 00cc8f33 add              x30, x25, x12       x30=10001f48 x25:10001f20 x12:00000028
21449052ns          380738 1c0094d8 01cc8eb3 add              x29, x25, x28       x29=10001f34 x25:10001f20 x28:00000014
21449072ns          380739 1c0094dc 01a60633 add              x12, x12, x26       x12=10001ee4 x12:00000028 x26:10001ebc
21449091ns          380740 1c0094de 01ae0e33 add              x28, x28, x26       x28=10001ed0 x28:00000014 x26:10001ebc
21449131ns          380742 1c0094e0 00eb0b33 add              x22, x22, x14       x22=10001dc8 x22:00000004 x14:10001dc4
21449171ns          380744 1c0094e2 00000f93 addi             x31, x0, 0          x31=00000000
21449191ns          380745 1c0094e6 00190913 addi             x18, x18, 1         x18=00000001 x18:00000000
21449211ns          380746 1c0094e8 142940fb lp.setup         0x1, x18, 0x142     x18:00000001
21449231ns          380747 1c0094ec a1f81753 flt.s            x14, f16, f31       x14=00000001 f16:b90a4a16 f31:00000000
21449270ns          380749 1c0094f0 010002b3 add              x5, x0, x16          x5=b90a4a16 x16:b90a4a16
21449290ns          380750 1c0094f2 00070363 beq              x14, x0, 6          x14:00000001
21449310ns          380751 1c0094f4 210812d3 fsgnjn.s         f5, f16, f16         f5=xxxxxxxx f16:b90a4a16 f16:b90a4a16
21449330ns          380752 1c0094f8 a1f79753 flt.s            x14, f15, f31       x14=00000000 f15:3681d725 f31:00000000
21449350ns          380753 1c0094fc 00f006b3 add              x13, x0, x15        x13=3681d725 x15:3681d725
21449370ns          380754 1c0094fe 00070363 beq              x14, x0, 6          x14:00000000
21449449ns          380758 1c009504 a0569753 flt.s            x14, f13, f5        x14=00000001 f13:3681d725  f5:390a4a16
21449469ns          380759 1c009508 01000333 add              x6, x0, x16          x6=b90a4a16 x16:b90a4a16
21449489ns          380760 1c00950a 00071263 bne              x14, x0, 4          x14:00000001
21449609ns          380766 1c00950e 0056f753 fadd.s           f14, f13, f5        f14=xxxxxxxx f13:3681d725  f5:390a4a16
21449628ns          380767 1c009512 a1f728d3 feq.s            x17, f14, f31       x17=00000000 f14:390e58cf f31:00000000
21449648ns          380768 1c009516 52089be3 bne              x17, x0, 3382       x17:00000000
21449668ns          380769 1c00951a 1c0003b7 lui              x7, 0x1c000000       x7=1c000000
21449728ns          380772 1c00951e 02038393 addi             x7, x7, 32           x7=1c000020  x7:1c000000
21449768ns          380774 1c009522 0003a383 lw               x7, 0(x7)            x7=3f800000  x7:1c000020  PA:1c000020
21450086ns          380790 1c009526 18e3f8d3 fdiv.s           f17, f7, f14        f17=xxxxxxxx  f7:3f800000 f14:390e58cf
21450384ns          380805 1c00952a 10d8f6d3 fmul.s           f13, f17, f13       f13=xxxxxxxx f17:45e632bc f13:3681d725
21450404ns          380806 1c00952e 1058f8d3 fmul.s           f17, f17, f5        f17=xxxxxxxx f17:45e632bc  f5:390a4a16
21450424ns          380807 1c009532 a1f312d3 flt.s            x5, f6, f31          x5=00000001  f6:b90a4a16 f31:00000000
21450444ns          380808 1c009536 10d6f6d3 fmul.s           f13, f13, f13       f13=xxxxxxxx f13:3ce9820d f13:3ce9820d
21450464ns          380809 1c00953a 6918f6c3 fmadd.s          f13, f17, f17, f13  f13=xxxxxxxx f17:3f78b3f0 f17:3f78b3f0 f13:3a54fdfe
21450524ns          380812 1c00953e 5806f353 fsqrt.s          f6, f13              f6=xxxxxxxx f13:3f71d25f
21450802ns          380826 1c009542 10e37353 fmul.s           f6, f6, f14          f6=xxxxxxxx  f6:3f78cf56 f14:390e58cf
21450822ns          380827 1c009546 00028463 beq              x5, x0, 8            x5:00000001
21450842ns          380828 1c00954a 20631353 fsgnjn.s         f6, f6, f6           f6=xxxxxxxx  f6:390a5952  f6:390a5952
21450862ns          380829 1c00954e 1c000437 lui              x8, 0x1c000000       x8=1c000000
21450882ns          380830 1c009552 02040413 addi             x8, x8, 32           x8=1c000020  x8:1c000000
21450901ns          380831 1c009556 00042403 lw               x8, 0(x8)            x8=3f800000  x8:1c000020  PA:1c000020
21451220ns          380847 1c009558 18647753 fdiv.s           f14, f8, f6         f14=xxxxxxxx  f8:3f800000  f6:b90a5952
21451498ns          380861 1c00955c 10e876d3 fmul.s           f13, f16, f14       f13=xxxxxxxx f16:b90a4a16 f14:c5ecd9b6
21451518ns          380862 1c009560 10e7f7d3 fmul.s           f15, f15, f14       f15=xxxxxxxx f15:3681d725 f14:c5ecd9b6
21451538ns          380863 1c009564 000e2703 lw               x14, 0(x28)         x14=3f005317 x28:10001ed0  PA:10001ed0
21451558ns          380864 1c009568 00062803 lw               x16, 0(x12)         x16=be7ad0e6 x12:10001ee4  PA:10001ee4
21451578ns          380865 1c00956c 10e7f3d3 fmul.s           f7, f15, f14         f7=xxxxxxxx f15:bcf04184 f14:3f005317
21451618ns          380867 1c009570 1107f2d3 fmul.s           f5, f15, f16         f5=xxxxxxxx f15:bcf04184 f16:be7ad0e6
21451657ns          380869 1c009574 10f578d3 fmul.s           f17, f10, f15       f17=xxxxxxxx f10:3edb058e f15:bcf04184
21451677ns          380870 1c009578 3906f847 fmsub.s          f16, f13, f16, f7   f16=xxxxxxxx f13:3f7fe3cf f16:be7ad0e6  f7:bc70dd7a
21451697ns          380871 1c00957c 28e6f743 fmadd.s          f14, f13, f14, f5   f14=xxxxxxxx f13:3f7fe3cf f14:3f005317  f5:3beb6408
21451757ns          380874 1c009580 88d5f8c3 fmadd.s          f17, f11, f13, f17  f17=xxxxxxxx f11:c18a2a65 f13:3f7fe3cf f17:bc4d8d42
21451797ns          380876 1c009584 01062023 sw               x16, 0(x12)         x16:be6ba770 x12:10001ee4  PA:10001ee4
21451816ns          380877 1c009588 00ee2023 sw               x14, 0(x28)         x14:3f021bbd x28:10001ed0  PA:10001ed0
21451836ns          380878 1c00958c 004e2703 lw               x14, 4(x28)         x14=be808d5d x28:10001ed0  PA:10001ed4
21451896ns          380881 1c009590 00462803 lw               x16, 4(x12)         x16=3f1d7985 x12:10001ee4  PA:10001ee8
21451936ns          380883 1c009594 10e7f453 fmul.s           f8, f15, f14         f8=xxxxxxxx f15:bcf04184 f14:be808d5d
21451956ns          380884 1c009598 10f873d3 fmul.s           f7, f16, f15         f7=xxxxxxxx f16:3f1d7985 f15:bcf04184
21451976ns          380885 1c00959c 10f5f2d3 fmul.s           f5, f11, f15         f5=xxxxxxxx f11:c18a2a65 f15:bcf04184
21452035ns          380888 1c0095a0 40d87847 fmsub.s          f16, f16, f13, f8   f16=xxxxxxxx f16:3f1d7985 f13:3f7fe3cf  f8:3bf14adb
21452075ns          380890 1c0095a4 38e6f743 fmadd.s          f14, f13, f14, f7   f14=xxxxxxxx f13:3f7fe3cf f14:be808d5d  f7:bc93ca3a
21452095ns          380891 1c0095a8 0069a22b p.sw             x6, 4(x19!)         x19=10001ddc  x6:b90a5952 x19:10001dd8  PA:10001dd8
21452115ns          380892 1c0095ac 01062223 sw               x16, 4(x12)         x16:3f1b8598 x12:10001ee4  PA:10001ee8
21452174ns          380895 1c0095b0 00ee2223 sw               x14, 4(x28)         x14:be89bbd9 x28:10001ed0  PA:10001ed4
21452214ns          380897 1c0095b4 008e2703 lw               x14, 8(x28)         x14=bf13fad0 x28:10001ed0  PA:10001ed8
21452234ns          380898 1c0095b8 00862803 lw               x16, 8(x12)         x16=bf340191 x12:10001ee4  PA:10001eec
21452254ns          380899 1c0095bc 10f773d3 fmul.s           f7, f14, f15         f7=xxxxxxxx f14:bf13fad0 f15:bcf04184
21452314ns          380902 1c0095c0 10f875d3 fmul.s           f11, f16, f15       f11=xxxxxxxx f16:bf340191 f15:bcf04184
21452353ns          380904 1c0095c4 28d57547 fmsub.s          f10, f10, f13, f5   f10=xxxxxxxx f10:3edb058e f13:3f7fe3cf  f5:3f01ab1b
21452373ns          380905 1c0095c8 38d873c7 fmsub.s          f7, f16, f13, f7     f7=xxxxxxxx f16:bf340191 f13:3f7fe3cf  f7:3c8ae102
21452393ns          380906 1c0095cc 58d775c3 fmadd.s          f11, f14, f13, f11  f11=xxxxxxxx f14:bf13fad0 f13:3f7fe3cf f11:3ca8ef89
21452453ns          380909 1c0095d0 a1f892d3 flt.s            x5, f17, f31         x5=00000001 f17:c18a34e0 f31:00000000
21452493ns          380911 1c0095d4 00762423 sw               x7, 8(x12)           x7:bf3844c6 x12:10001ee4  PA:10001eec
21452513ns          380912 1c0095d8 00ce2703 lw               x14, 12(x28)        x14=3f03898f x28:10001ed0  PA:10001edc
21452533ns          380913 1c0095dc 00be2423 sw               x11, 8(x28)         x11:bf0ea308 x28:10001ed0  PA:10001ed8
21452592ns          380916 1c0095e0 00c62383 lw               x7, 12(x12)          x7=be848ee4 x12:10001ee4  PA:10001ef0
21452632ns          380918 1c0095e4 10f77453 fmul.s           f8, f14, f15         f8=xxxxxxxx f14:3f03898f f15:bcf04184
21452652ns          380919 1c0095e8 10f3f5d3 fmul.s           f11, f7, f15        f11=xxxxxxxx  f7:be848ee4 f15:bcf04184
21452672ns          380920 1c0095ec 000aa803 lw               x16, 0(x21)         x16=c0da3c6f x21:10001dcc  PA:10001dcc
21452731ns          380923 1c0095f0 40d3f3c7 fmsub.s          f7, f7, f13, f8      f7=xxxxxxxx  f7:be848ee4 f13:3f7fe3cf  f8:bc76e540
21452771ns          380925 1c0095f4 58d775c3 fmadd.s          f11, f14, f13, f11  f11=xxxxxxxx f14:3f03898f f13:3f7fe3cf f11:3bf8cfc5
21452791ns          380926 1c0095f8 00a9a023 sw               x10, 0(x19)         x10:bda1a31a x19:10001ddc  PA:10001ddc
21452811ns          380927 1c0095fc 00762623 sw               x7, 12(x12)          x7:be799242 x12:10001ee4  PA:10001ef0
21452871ns          380930 1c009600 010e2703 lw               x14, 16(x28)        x14=be977d7d x28:10001ed0  PA:10001ee0
21452910ns          380932 1c009604 00be2623 sw               x11, 12(x28)        x11:3f056cb2 x28:10001ed0  PA:10001edc
21452930ns          380933 1c009608 01062583 lw               x11, 16(x12)        x11=bc5295fa x12:10001ee4  PA:10001ef4
21452950ns          380934 1c00960a 10f773d3 fmul.s           f7, f14, f15         f7=xxxxxxxx f14:be977d7d f15:bcf04184
21453010ns          380937 1c00960e 10f5f353 fmul.s           f6, f11, f15         f6=xxxxxxxx f11:bc5295fa f15:bcf04184
21453050ns          380939 1c009612 1107f7d3 fmul.s           f15, f15, f16       f15=xxxxxxxx f15:bcf04184 f16:c0da3c6f
21453070ns          380940 1c009616 38d5f5c7 fmsub.s          f11, f11, f13, f7   f11=xxxxxxxx f11:bc5295fa f13:3f7fe3cf  f7:3c0e2c6a
21453089ns          380941 1c00961a 30d77743 fmadd.s          f14, f14, f13, f6   f14=xxxxxxxx f14:be977d7d f13:3f7fe3cf  f6:39c5a27f
21453149ns          380944 1c00961e 1106f6d3 fmul.s           f13, f13, f16       f13=xxxxxxxx f13:3f7fe3cf f16:c0da3c6f
21453169ns          380945 1c009622 00b62823 sw               x11, 16(x12)        x11:bcb0559a x12:10001ee4  PA:10001ef4
21453189ns          380946 1c009624 00ee2823 sw               x14, 16(x28)        x14:be973b66 x28:10001ed0  PA:10001ee0
21453209ns          380947 1c009628 01100333 add              x6, x0, x17          x6=c18a34e0 x17:c18a34e0
21453229ns          380948 1c00962a 00028463 beq              x5, x0, 8            x5:00000001
21453288ns          380951 1c00962e 21189353 fsgnjn.s         f6, f17, f17         f6=xxxxxxxx f17:c18a34e0 f17:c18a34e0
21453328ns          380953 1c009632 a1f79753 flt.s            x14, f15, f31       x14=00000000 f15:3e4cd082 f31:00000000
21453348ns          380954 1c009636 420719e3 bne              x14, x0, 3122       x14:00000000
21453368ns          380955 1c00963a 00f00733 add              x14, x0, x15        x14=3e4cd082 x15:3e4cd082
21453388ns          380956 1c00963c a0671853 flt.s            x16, f14, f6        x16=00000001 f14:3e4cd082  f6:418a34e0
21453428ns          380958 1c009640 011003b3 add              x7, x0, x17          x7=c18a34e0 x17:c18a34e0
21453467ns          380960 1c009642 00081363 bne              x16, x0, 6          x16:00000001
21453527ns          380963 1c009648 006772d3 fadd.s           f5, f14, f6          f5=xxxxxxxx f14:3e4cd082  f6:418a34e0
21453547ns          380964 1c00964c a1f2a5d3 feq.s            x11, f5, f31        x11=00000000  f5:418bce81 f31:00000000
21453607ns          380967 1c009650 3a0593e3 bne              x11, x0, 2982       x11:00000000
21453646ns          380969 1c009654 1c000437 lui              x8, 0x1c000000       x8=1c000000
21453666ns          380970 1c009658 02040413 addi             x8, x8, 32           x8=1c000020  x8:1c000000
21453686ns          380971 1c00965c 00042403 lw               x8, 0(x8)            x8=3f800000  x8:1c000020  PA:1c000020
21454044ns          380989 1c00965e 185475d3 fdiv.s           f11, f8, f5         f11=xxxxxxxx  f8:3f800000  f5:418bce81
21454323ns          381003 1c009662 10e5f753 fmul.s           f14, f11, f14       f14=xxxxxxxx f11:3d6a617e f14:3e4cd082
21454343ns          381004 1c009666 a1f393d3 flt.s            x7, f7, f31          x7=00000001  f7:c18a34e0 f31:00000000
21454362ns          381005 1c00966a 1065f5d3 fmul.s           f11, f11, f6        f11=xxxxxxxx f11:3d6a617e  f6:418a34e0
21454382ns          381006 1c00966e 10e77753 fmul.s           f14, f14, f14       f14=xxxxxxxx f14:3c3b8497 f14:3c3b8497
21454402ns          381007 1c009672 70b5f743 fmadd.s          f14, f11, f11, f14  f14=xxxxxxxx f11:3f7d11ee f11:3f7d11ee f14:39095af9
21454422ns          381008 1c009676 58077353 fsqrt.s          f6, f14              f6=xxxxxxxx f14:3f7a3507
21454880ns          381031 1c00967a 10537353 fmul.s           f6, f6, f5           f6=xxxxxxxx  f6:3f7d1645  f5:418bce81
21454900ns          381032 1c00967e 00038463 beq              x7, x0, 8            x7:00000001
21454919ns          381033 1c009682 20631353 fsgnjn.s         f6, f6, f6           f6=xxxxxxxx  f6:418a373f  f6:418a373f
21454939ns          381034 1c009686 1c0004b7 lui              x9, 0x1c000000       x9=1c000000
21454959ns          381035 1c00968a 02048493 addi             x9, x9, 32           x9=1c000020  x9:1c000000
21454979ns          381036 1c00968e 0004a483 lw               x9, 0(x9)            x9=3f800000  x9:1c000020  PA:1c000020
21455317ns          381053 1c009690 1864f753 fdiv.s           f14, f9, f6         f14=xxxxxxxx  f9:3f800000  f6:c18a373f
21455596ns          381067 1c009694 111778d3 fmul.s           f17, f14, f17       f17=xxxxxxxx f14:bd6d141a f17:c18a34e0
21455616ns          381068 1c009698 10f77753 fmul.s           f14, f14, f15       f14=xxxxxxxx f14:bd6d141a f15:3e4cd082
21455635ns          381069 1c00969c 10a8f853 fmul.s           f16, f17, f10       f16=xxxxxxxx f17:3f7ffb9b f10:bda1a31a
21455655ns          381070 1c0096a0 20e71bd3 fsgnjn.s         f23, f14, f14       f23=xxxxxxxx f14:bc3dad1d f14:bc3dad1d
21455675ns          381071 1c0096a4 000ea783 lw               x15, 0(x29)         x15=be6e4363 x29:10001f34  PA:10001f34
21455695ns          381072 1c0096a8 000f2383 lw               x7, 0(x30)           x7=3db58241 x30:10001f48  PA:10001f48
21455715ns          381073 1c0096ac 10e7f453 fmul.s           f8, f15, f14         f8=xxxxxxxx f15:be6e4363 f14:bc3dad1d
21455755ns          381075 1c0096b0 10e3f2d3 fmul.s           f5, f7, f14          f5=xxxxxxxx  f7:3db58241 f14:bc3dad1d
21455795ns          381077 1c0096b4 006b222b p.sw             x6, 4(x22!)         x22=10001dcc  x6:c18a373f x22:10001dc8  PA:10001dc8
21455814ns          381078 1c0096b8 4113f3c7 fmsub.s          f7, f7, f17, f8      f7=xxxxxxxx  f7:3db58241 f17:3f7ffb9b  f8:3b3088df
21455834ns          381079 1c0096bc 2917f2c3 fmadd.s          f5, f15, f17, f5     f5=xxxxxxxx f15:be6e4363 f17:3f7ffb9b  f5:ba867be8
21455894ns          381082 1c0096c0 10d8f5d3 fmul.s           f11, f17, f13       f11=xxxxxxxx f17:3f7ffb9b f13:c0da2467
21455934ns          381084 1c0096c4 007f2023 sw               x7, 0(x30)           x7:3daffadc x30:10001f48  PA:10001f48
21455954ns          381085 1c0096c8 005ea023 sw               x5, 0(x29)           x5:be6f4c44 x29:10001f34  PA:10001f34
21455974ns          381086 1c0096cc 004ea283 lw               x5, 4(x29)           x5=3f10f0d1 x29:10001f34  PA:10001f38
21456033ns          381089 1c0096d0 004f2383 lw               x7, 4(x30)           x7=bf032839 x30:10001f48  PA:10001f4c
21456073ns          381091 1c0096d4 10e2f4d3 fmul.s           f9, f5, f14          f9=xxxxxxxx  f5:3f10f0d1 f14:bc3dad1d
21456093ns          381092 1c0096d8 10e3f453 fmul.s           f8, f7, f14          f8=xxxxxxxx  f7:bf032839 f14:bc3dad1d
21456113ns          381093 1c0096dc 80d77843 fmadd.s          f16, f14, f13, f16  f16=xxxxxxxx f14:bc3dad1d f13:c0da2467 f16:bda1a054
21456173ns          381096 1c0096e0 4913f3c7 fmsub.s          f7, f7, f17, f9      f7=xxxxxxxx  f7:bf032839 f17:3f7ffb9b  f9:bbd6c79b
21456212ns          381098 1c0096e4 4112f2c3 fmadd.s          f5, f5, f17, f8      f5=xxxxxxxx  f5:3f10f0d1 f17:3f7ffb9b  f8:3bc25ac6
21456232ns          381099 1c0096e8 000a2783 lw               x15, 0(x20)         x15=00000000 x20:10001de0  PA:10001de0
21456252ns          381100 1c0096ec 007f2223 sw               x7, 4(x30)           x7:bf017869 x30:10001f48  PA:10001f4c
21456312ns          381103 1c0096f0 005ea223 sw               x5, 4(x29)           x5:3f12730a x29:10001f34  PA:10001f38
21456352ns          381105 1c0096f4 008ea283 lw               x5, 8(x29)           x5=3f03538e x29:10001f34  PA:10001f3c
21456371ns          381106 1c0096f8 008f2383 lw               x7, 8(x30)           x7=3f529a75 x30:10001f48  PA:10001f50
21456391ns          381107 1c0096fc 10e2f4d3 fmul.s           f9, f5, f14          f9=xxxxxxxx  f5:3f03538e f14:bc3dad1d
21456451ns          381110 1c009700 10e3f453 fmul.s           f8, f7, f14          f8=xxxxxxxx  f7:3f529a75 f14:bc3dad1d
21456491ns          381112 1c009704 58abf5c3 fmadd.s          f11, f23, f10, f11  f11=xxxxxxxx f23:3c3dad1d f10:bda1a31a f11:c0da20a8
21456511ns          381113 1c009708 4913f3c7 fmsub.s          f7, f7, f17, f9      f7=xxxxxxxx  f7:3f529a75 f17:3f7ffb9b  f9:bbc29afc
21456531ns          381114 1c00970c 4112f2c3 fmadd.s          f5, f5, f17, f8      f5=xxxxxxxx  f5:3f03538e f17:3f7ffb9b  f8:bc1c0a73
21456590ns          381117 1c009710 1117f553 fmul.s           f10, f15, f17       f10=xxxxxxxx f15:00000000 f17:3f7ffb9b
21456630ns          381119 1c009714 007f2423 sw               x7, 8(x30)           x7:3f541c0d x30:10001f48  PA:10001f50
21456650ns          381120 1c009718 00cea303 lw               x6, 12(x29)          x6=bf18a3dd x29:10001f34  PA:10001f40
21456670ns          381121 1c00971c 005ea423 sw               x5, 8(x29)           x5:3f00e123 x29:10001f34  PA:10001f3c
21456729ns          381124 1c009720 00cf2283 lw               x5, 12(x30)          x5=3e4e9f6e x30:10001f48  PA:10001f54
21456769ns          381126 1c009724 10e37453 fmul.s           f8, f6, f14          f8=xxxxxxxx  f6:bf18a3dd f14:bc3dad1d
21456789ns          381127 1c009728 10e2f3d3 fmul.s           f7, f5, f14          f7=xxxxxxxx  f5:3e4e9f6e f14:bc3dad1d
21456809ns          381128 1c00972c 014f0f13 addi             x30, x30, 20        x30=10001f5c x30:10001f48
21456869ns          381131 1c00972e 4112f2c7 fmsub.s          f5, f5, f17, f8      f5=xxxxxxxx  f5:3e4e9f6e f17:3f7ffb9b  f8:3be23064
21456908ns          381133 1c009732 39137343 fmadd.s          f6, f6, f17, f7      f6=xxxxxxxx  f6:bf18a3dd f17:3f7ffb9b  f7:bb19176d
21456928ns          381134 1c009736 00baa22b p.sw             x11, 4(x21!)        x21=10001dd0 x11:c0da2824 x21:10001dcc  PA:10001dcc
21456948ns          381135 1c00973a fe5f2c23 sw               x5, -8(x30)          x5:3e478a5f x30:10001f5c  PA:10001f54
21457008ns          381138 1c00973e 010ea683 lw               x13, 16(x29)        x13=bda6c0bb x29:10001f34  PA:10001f44
21457048ns          381140 1c009742 006ea623 sw               x6, 12(x29)          x6:bf193a56 x29:10001f34  PA:10001f40
21457068ns          381141 1c009746 ffcf2303 lw               x6, -4(x30)          x6=bde1d642 x30:10001f5c  PA:10001f58
21457087ns          381142 1c00974a 10e6f3d3 fmul.s           f7, f13, f14         f7=xxxxxxxx f13:bda6c0bb f14:bc3dad1d
21457147ns          381145 1c00974e 10e372d3 fmul.s           f5, f6, f14          f5=xxxxxxxx  f6:bde1d642 f14:bc3dad1d
21457187ns          381147 1c009752 00aa222b p.sw             x10, 4(x20!)        x20=10001de4 x10:00000000 x20:10001de0  PA:10001de0
21457207ns          381148 1c009756 39137347 fmsub.s          f6, f6, f17, f7      f6=xxxxxxxx  f6:bde1d642 f17:3f7ffb9b  f7:3a771a1a
21457227ns          381149 1c00975a 2916f8c3 fmadd.s          f17, f13, f17, f5   f17=xxxxxxxx f13:bda6c0bb f17:3f7ffb9b  f5:3aa753e6
21457247ns          381150 1c00975e 01460613 addi             x12, x12, 20        x12=10001ef8 x12:10001ee4
21457286ns          381152 1c009760 fe6f2e23 sw               x6, -4(x30)          x6:bde3c096 x30:10001f5c  PA:10001f58
21457326ns          381154 1c009764 011ea823 sw               x17, 16(x29)        x17:bda4208f x29:10001f34  PA:10001f44
21457346ns          381155 1c009768 014e0e13 addi             x28, x28, 20        x28=10001ee4 x28:10001ed0
21457366ns          381156 1c00976a 014e8e93 addi             x29, x29, 20        x29=10001f48 x29:10001f34
21457386ns          381157 1c00976c 10e7f7d3 fmul.s           f15, f15, f14       f15=xxxxxxxx f15:00000000 f14:bc3dad1d
21457426ns          381159 1c009770 01412e03 lw               x28, 20(x2)         x28=00000000  x2:10001d98  PA:10001dac
21457446ns          381160 1c009772 00812983 lw               x19, 8(x2)          x19=00000004  x2:10001d98  PA:10001da0
21457465ns          381161 1c009774 0e010893 addi             x17, x2, 224        x17=10001e78  x2:10001d98
21457485ns          381162 1c009778 013887b3 add              x15, x17, x19       x15=10001e7c x17:10001e78 x19:00000004
21457505ns          381163 1c00977c 001e0e13 addi             x28, x28, 1         x28=00000001 x28:00000000
21457565ns          381166 1c00977e f707a023 sw               x16, -160(x15)      x16:33f5abab x15:10001e7c  PA:10001ddc
21457585ns          381167 1c009782 01c12a23 sw               x28, 20(x2)         x28:00000001  x2:10001d98  PA:10001dac
21457605ns          381168 1c009784 fff00793 addi             x15, x0, -1         x15=ffffffff
21457625ns          381169 1c009786 00fdc663 blt              x27, x15, 12        x27:00000001 x15:ffffffff
21457644ns          381170 1c00978a 04b00793 addi             x15, x0, 75         x15=0000004b
21457704ns          381173 1c00978e a8fe1c63 bne              x28, x15, -3432     x28:00000001 x15:0000004b
21457804ns          381178 1c008a26 00812503 lw               x10, 8(x2)          x10=00000004  x2:10001d98  PA:10001da0
21457843ns          381180 1c008a28 04010613 addi             x12, x2, 64         x12=10001dd8  x2:10001d98
21457863ns          381181 1c008a2a 01b509b3 add              x19, x10, x27       x19=00000005 x10:00000004 x27:00000001
21457883ns          381182 1c008a2e 02c10593 addi             x11, x2, 44         x11=10001dc4  x2:10001d98
21457923ns          381184 1c008a30 00a60633 add              x12, x12, x10       x12=10001ddc x12:10001dd8 x10:00000004
21457963ns          381186 1c008a32 002d8693 addi             x13, x27, 2         x13=00000003 x27:00000001
21457983ns          381187 1c008a36 1c000437 lui              x8, 0x1c000000       x8=1c000000
21458002ns          381188 1c008a3a 1c0004b7 lui              x9, 0x1c000000       x9=1c000000
21458022ns          381189 1c008a3e 00299993 slli             x19, x19, 0x2       x19=00000014 x19:00000005
21458062ns          381191 1c008a40 00a58b33 add              x22, x11, x10       x22=10001dc8 x11:10001dc4 x10:00000004
21458102ns          381193 1c008a44 00c12623 sw               x12, 12(x2)         x12:10001ddc  x2:10001d98  PA:10001da4
21458122ns          381194 1c008a46 00d12c23 sw               x13, 24(x2)         x13:00000003  x2:10001d98  PA:10001db0
21458142ns          381195 1c008a48 02842a83 lw               x21, 40(x8)         x21=0c000000  x8:1c000000  PA:1c000028
21458460ns          381211 1c008a4c 02c4ab83 lw               x23, 44(x9)         x23=34000000  x9:1c000000  PA:1c00002c
21458758ns          381226 1c008a50 01a989b3 add              x19, x19, x26       x19=10001ed0 x19:00000014 x26:10001ebc
21458778ns          381227 1c008a52 00000f13 addi             x30, x0, 0          x30=00000000
21458798ns          381228 1c008a56 018007b3 add              x15, x0, x24        x15=00000002 x24:00000002
21458818ns          381229 1c008a58 004b2283 lw               x5, 4(x22)           x5=c0da2824 x22:10001dc8  PA:10001dcc
21458838ns          381230 1c008a5c 71fdace3 p.beqimm         x27, 3864           x27:00000001
21458878ns          381232 1c008a60 01412e03 lw               x28, 20(x2)         x28=00000001  x2:10001d98  PA:10001dac
21458898ns          381233 1c008a62 01400e93 addi             x29, x0, 20         x29=00000014
21458917ns          381234 1c008a64 77cec8e3 blt              x29, x28, 3952      x29:00000014 x28:00000001
21458937ns          381235 1c008a68 00c12f83 lw               x31, 12(x2)         x31=10001ddc  x2:10001d98  PA:10001da4
21458977ns          381237 1c008a6a 000fa683 lw               x13, 0(x31)         x13=33f5abab x31:10001ddc  PA:10001ddc
21459017ns          381239 1c008a6e a1e69753 flt.s            x14, f13, f30       x14=00000000 f13:33f5abab f30:00000000
21459037ns          381240 1c008a72 00070363 beq              x14, x0, 6          x14:00000000
21459096ns          381243 1c008a78 000b2603 lw               x12, 0(x22)         x12=c18a373f x22:10001dc8  PA:10001dc8
21459136ns          381245 1c008a7c a1e61753 flt.s            x14, f12, f30       x14=00000001 f12:c18a373f f30:00000000
21459176ns          381247 1c008a80 00c005b3 add              x11, x0, x12        x11=c18a373f x12:c18a373f
21459196ns          381248 1c008a82 00070363 beq              x14, x0, 6          x14:00000001
21459216ns          381249 1c008a84 20c615d3 fsgnjn.s         f11, f12, f12       f11=xxxxxxxx f12:c18a373f f12:c18a373f
21459236ns          381250 1c008a88 a1e29753 flt.s            x14, f5, f30        x14=00000001  f5:c0da2824 f30:00000000
21459256ns          381251 1c008a8c 00070363 beq              x14, x0, 6          x14:00000001
21459315ns          381254 1c008a8e 33c0106f jal              x0, 4924           
21459435ns          381260 1c009dca 20529753 fsgnjn.s         f14, f5, f5         f14=xxxxxxxx  f5:c0da2824  f5:c0da2824
21459494ns          381263 1c009dce cc7fe06f jal              x0, -4922          
21459534ns          381265 1c008a94 00b77753 fadd.s           f14, f14, f11       f14=xxxxxxxx f14:40da2824 f11:418a373f
21459554ns          381266 1c008a98 11777753 fmul.s           f14, f14, f23       f14=xxxxxxxx f14:41c0c148 f23:34000000
21459574ns          381267 1c008a9c a0e68753 fle.s            x14, f13, f14       x14=00000001 f13:33f5abab f14:3640c148
21459634ns          381270 1c008aa0 00070363 beq              x14, x0, 6          x14:00000001
21459673ns          381272 1c008aa2 3140106f jal              x0, 4884           
21459793ns          381278 1c009db6 002d9713 slli             x14, x27, 0x2       x14=00000004 x27:00000001
21459813ns          381279 1c009dba 0e010393 addi             x7, x2, 224          x7=10001e78  x2:10001d98
21459832ns          381280 1c009dbe 00770733 add              x14, x14, x7        x14=10001e7c x14:00000004  x7:10001e78
21459852ns          381281 1c009dc0 01800833 add              x16, x0, x24        x16=00000002 x24:00000002
21459872ns          381282 1c009dc2 01b006b3 add              x13, x0, x27        x13=00000001 x27:00000001
21459892ns          381283 1c009dc4 f6072023 sw               x0, -160(x14)       x14:10001e7c  PA:10001ddc
21459912ns          381284 1c009dc8 a31ff06f jal              x0, -1488          
21459992ns          381288 1c0097f8 c3881763 bne              x16, x24, -3026     x16:00000002 x24:00000002
21460031ns          381290 1c0097fc a1e29753 flt.s            x14, f5, f30        x14=00000001  f5:c0da2824 f30:00000000
21460091ns          381293 1c009800 00268613 addi             x12, x13, 2         x12=00000003 x13:00000001
21460131ns          381295 1c009804 16071d63 bne              x14, x0, 378        x14:00000001
21460310ns          381304 1c00997e 0149a803 lw               x16, 20(x19)        x16=be6ba770 x19:10001ed0  PA:10001ee4
21460350ns          381306 1c009982 0189a503 lw               x10, 24(x19)        x10=3f1b8598 x19:10001ed0  PA:10001ee8
21460369ns          381307 1c009986 01c9a583 lw               x11, 28(x19)        x11=bf3844c6 x19:10001ed0  PA:10001eec
21460389ns          381308 1c00998a 0209a683 lw               x13, 32(x19)        x13=be799242 x19:10001ed0  PA:10001ef0
21460449ns          381311 1c00998e 0249a703 lw               x14, 36(x19)        x14=bcb0559a x19:10001ed0  PA:10001ef4
21460489ns          381313 1c009992 205292d3 fsgnjn.s         f5, f5, f5           f5=xxxxxxxx  f5:c0da2824  f5:c0da2824
21460509ns          381314 1c009996 21081853 fsgnjn.s         f16, f16, f16       f16=xxxxxxxx f16:be6ba770 f16:be6ba770
21460529ns          381315 1c00999a 20a51553 fsgnjn.s         f10, f10, f10       f10=xxxxxxxx f10:3f1b8598 f10:3f1b8598
21460588ns          381318 1c00999e 20b595d3 fsgnjn.s         f11, f11, f11       f11=xxxxxxxx f11:bf3844c6 f11:bf3844c6
21460628ns          381320 1c0099a2 20d696d3 fsgnjn.s         f13, f13, f13       f13=xxxxxxxx f13:be799242 f13:be799242
21460648ns          381321 1c0099a6 20e71753 fsgnjn.s         f14, f14, f14       f14=xxxxxxxx f14:bcb0559a f14:bcb0559a
21460668ns          381322 1c0099aa 005b2223 sw               x5, 4(x22)           x5:40da2824 x22:10001dc8  PA:10001dcc
21460728ns          381325 1c0099ae 0109aa23 sw               x16, 20(x19)        x16:3e6ba770 x19:10001ed0  PA:10001ee4
21460767ns          381327 1c0099b2 00a9ac23 sw               x10, 24(x19)        x10:bf1b8598 x19:10001ed0  PA:10001ee8
21460787ns          381328 1c0099b6 00b9ae23 sw               x11, 28(x19)        x11:3f3844c6 x19:10001ed0  PA:10001eec
21460827ns          381330 1c0099ba 02d9a023 sw               x13, 32(x19)        x13:3e799242 x19:10001ed0  PA:10001ef0
21460867ns          381332 1c0099be 02e9a223 sw               x14, 36(x19)        x14:3cb0559a x19:10001ed0  PA:10001ef4
21460887ns          381333 1c0099c2 e47ff06f jal              x0, -442           
21460966ns          381337 1c009808 144c2363 p.beqimm         x24, 326            x24:00000002
21461006ns          381339 1c00980c 00261393 slli             x7, x12, 0x2         x7=0000000c x12:00000003
21461066ns          381342 1c009810 0e010e93 addi             x29, x2, 224        x29=10001e78  x2:10001d98
21461105ns          381344 1c009814 007e8733 add              x14, x29, x7        x14=10001e84 x29:10001e78  x7:0000000c
21461125ns          381345 1c009818 f4c72403 lw               x8, -180(x14)        x8=414d197a x14:10001e84  PA:10001dd0
21461145ns          381346 1c00981c 02c10f93 addi             x31, x2, 44         x31=10001dc4  x2:10001d98
21461205ns          381349 1c009820 a0829753 flt.s            x14, f5, f8         x14=00000001  f5:40da2824  f8:414d197a
21461245ns          381351 1c009824 01f383b3 add              x7, x7, x31          x7=10001dd0  x7:0000000c x31:10001dc4
21461265ns          381352 1c009826 00300c13 addi             x24, x0, 3          x24=00000003
21461284ns          381353 1c009828 12070363 beq              x14, x0, 294        x14:00000001
21461304ns          381354 1c00982c 01312423 sw               x19, 8(x2)          x19:10001ed0  x2:10001d98  PA:10001da0
21461324ns          381355 1c00982e 0100006f jal              x0, 16             
21461444ns          381361 1c00983e 00279f93 slli             x31, x15, 0x2       x31=00000008 x15:00000002
21461463ns          381362 1c009842 01f787b3 add              x15, x15, x31       x15=0000000a x15:00000002 x31:00000008
21461483ns          381363 1c009844 00279693 slli             x13, x15, 0x2       x13=00000028 x15:0000000a
21461503ns          381364 1c009848 01468e93 addi             x29, x13, 20        x29=0000003c x13:00000028
21461523ns          381365 1c00984c 01dd05b3 add              x11, x26, x29       x11=10001ef8 x26:10001ebc x29:0000003c
21461583ns          381368 1c009850 0005a883 lw               x17, 0(x11)         x17=be4c431e x11:10001ef8  PA:10001ef8
21461623ns          381370 1c009854 00dd0533 add              x10, x26, x13       x10=10001ee4 x26:10001ebc x13:00000028
21461642ns          381371 1c009858 00052803 lw               x16, 0(x10)         x16=3e6ba770 x10:10001ee4  PA:10001ee4
21461662ns          381372 1c00985c 00678713 addi             x14, x15, 6         x14=00000010 x15:0000000a
21461722ns          381375 1c009860 01152023 sw               x17, 0(x10)         x17:be4c431e x10:10001ee4  PA:10001ee4
21461762ns          381377 1c009864 00271713 slli             x14, x14, 0x2       x14=00000040 x14:00000010
21461782ns          381378 1c009866 00178793 addi             x15, x15, 1         x15=0000000b x15:0000000a
21461802ns          381379 1c009868 0105a023 sw               x16, 0(x11)         x16:3e6ba770 x11:10001ef8  PA:10001ef8
21461821ns          381380 1c00986c 00279793 slli             x15, x15, 0x2       x15=0000002c x15:0000000b
21461861ns          381382 1c00986e 00ed05b3 add              x11, x26, x14       x11=10001efc x26:10001ebc x14:00000040
21461901ns          381384 1c009872 0005a883 lw               x17, 0(x11)         x17=bec42adf x11:10001efc  PA:10001efc
21461921ns          381385 1c009876 00fd0533 add              x10, x26, x15       x10=10001ee8 x26:10001ebc x15:0000002c
21461941ns          381386 1c00987a 00052803 lw               x16, 0(x10)         x16=bf1b8598 x10:10001ee8  PA:10001ee8
21462378ns          381408 1c00987e 00470313 addi             x6, x14, 4           x6=00000044 x14:00000040
21462418ns          381410 1c009882 01152023 sw               x17, 0(x10)         x17:bec42adf x10:10001ee8  PA:10001ee8
21462438ns          381411 1c009886 0105a023 sw               x16, 0(x11)         x16:bf1b8598 x11:10001efc  PA:10001efc
21462458ns          381412 1c00988a 00478e13 addi             x28, x15, 4         x28=00000030 x15:0000002c
21462518ns          381415 1c00988e 006d05b3 add              x11, x26, x6        x11=10001f00 x26:10001ebc  x6:00000044
21462538ns          381416 1c009892 0005a483 lw               x9, 0(x11)           x9=bea695a7 x11:10001f00  PA:10001f00
21462557ns          381417 1c009894 01cd0533 add              x10, x26, x28       x10=10001eec x26:10001ebc x28:00000030
21462577ns          381418 1c009898 00052883 lw               x17, 0(x10)         x17=3f3844c6 x10:10001eec  PA:10001eec
21462597ns          381419 1c00989c 00870813 addi             x16, x14, 8         x16=00000048 x14:00000040
21463055ns          381442 1c0098a0 00952023 sw               x9, 0(x10)           x9:bea695a7 x10:10001eec  PA:10001eec
21463094ns          381444 1c0098a2 0115a023 sw               x17, 0(x11)         x17:3f3844c6 x11:10001f00  PA:10001f00
21463114ns          381445 1c0098a6 010d0533 add              x10, x26, x16       x10=10001f04 x26:10001ebc x16:00000048
21463134ns          381446 1c0098aa 00878893 addi             x17, x15, 8         x17=00000034 x15:0000002c
21463194ns          381449 1c0098ae 00052a03 lw               x20, 0(x10)         x20=3df7394e x10:10001f04  PA:10001f04
21463234ns          381451 1c0098b2 011d04b3 add              x9, x26, x17         x9=10001ef0 x26:10001ebc x17:00000034
21463254ns          381452 1c0098b6 0004a903 lw               x18, 0(x9)          x18=3e799242  x9:10001ef0  PA:10001ef0
21463274ns          381453 1c0098ba 00c70593 addi             x11, x14, 12        x11=0000004c x14:00000040
21463711ns          381475 1c0098be 0144a023 sw               x20, 0(x9)          x20:3df7394e  x9:10001ef0  PA:10001ef0
21463751ns          381477 1c0098c2 01252023 sw               x18, 0(x10)         x18:3e799242 x10:10001f04  PA:10001f04
21463771ns          381478 1c0098c6 00bd04b3 add              x9, x26, x11         x9=10001f08 x26:10001ebc x11:0000004c
21463791ns          381479 1c0098ca 00c78513 addi             x10, x15, 12        x10=00000038 x15:0000002c
21463850ns          381482 1c0098ce 0004a983 lw               x19, 0(x9)          x19=3f551bd5  x9:10001f08  PA:10001f08
21463890ns          381484 1c0098d2 00ad0933 add              x18, x26, x10       x18=10001ef4 x26:10001ebc x10:00000038
21463910ns          381485 1c0098d6 00092a03 lw               x20, 0(x18)         x20=3cb0559a x18:10001ef4  PA:10001ef4
21463930ns          381486 1c0098da 01392023 sw               x19, 0(x18)         x19:3f551bd5 x18:10001ef4  PA:10001ef4
21463990ns          381489 1c0098de 0144a023 sw               x20, 0(x9)          x20:3cb0559a  x9:10001f08  PA:10001f08
21464009ns          381490 1c0098e2 019e8eb3 add              x29, x29, x25       x29=10001f5c x29:0000003c x25:10001f20
21464029ns          381491 1c0098e4 000ea903 lw               x18, 0(x29)         x18=bebe9152 x29:10001f5c  PA:10001f5c
21464049ns          381492 1c0098e8 019686b3 add              x13, x13, x25       x13=10001f48 x13:00000028 x25:10001f20
21464069ns          381493 1c0098ea 0006a483 lw               x9, 0(x13)           x9=3daffadc x13:10001f48  PA:10001f48
21464089ns          381494 1c0098ec 0126a023 sw               x18, 0(x13)         x18:bebe9152 x13:10001f48  PA:10001f48
21464129ns          381496 1c0098f0 009ea023 sw               x9, 0(x29)           x9:3daffadc x29:10001f5c  PA:10001f5c
21464169ns          381498 1c0098f4 01970733 add              x14, x14, x25       x14=10001f60 x14:00000040 x25:10001f20
21464188ns          381499 1c0098f6 00072e83 lw               x29, 0(x14)         x29=be9f05d3 x14:10001f60  PA:10001f60
21464208ns          381500 1c0098fa 019787b3 add              x15, x15, x25       x15=10001f4c x15:0000002c x25:10001f20
21464228ns          381501 1c0098fc 0007a683 lw               x13, 0(x15)         x13=bf017869 x15:10001f4c  PA:10001f4c
21464268ns          381503 1c0098fe 01d7a023 sw               x29, 0(x15)         x29:be9f05d3 x15:10001f4c  PA:10001f4c
21464308ns          381505 1c009902 0e010e93 addi             x29, x2, 224        x29=10001e78  x2:10001d98
21464328ns          381506 1c009906 00d72023 sw               x13, 0(x14)         x13:bf017869 x14:10001f60  PA:10001f60
21464348ns          381507 1c009908 019e0e33 add              x28, x28, x25       x28=10001f50 x28:00000030 x25:10001f20
21464368ns          381508 1c00990a 01930333 add              x6, x6, x25          x6=10001f64  x6:00000044 x25:10001f20
21464387ns          381509 1c00990c 01df8fb3 add              x31, x31, x29       x31=10001e80 x31:00000008 x29:10001e78
21464407ns          381510 1c00990e 000e2783 lw               x15, 0(x28)         x15=3f541c0d x28:10001f50  PA:10001f50
21464447ns          381512 1c009912 f48fa623 sw               x8, -180(x31)        x8:414d197a x31:10001e80  PA:10001dcc
21464467ns          381513 1c009916 00032703 lw               x14, 0(x6)          x14=3ca1afde  x6:10001f64  PA:10001f64
21464487ns          381514 1c00991a 0053a22b p.sw             x5, 4(x7!)           x7=10001dd4  x5:40da2824  x7:10001dd0  PA:10001dd0
21464547ns          381517 1c00991e 00ee2023 sw               x14, 0(x28)         x14:3ca1afde x28:10001f50  PA:10001f50
21464566ns          381518 1c009922 01980833 add              x16, x16, x25       x16=10001f68 x16:00000048 x25:10001f20
21464586ns          381519 1c009924 00f32023 sw               x15, 0(x6)          x15:3f541c0d  x6:10001f64  PA:10001f64
21464606ns          381520 1c009928 00082703 lw               x14, 0(x16)         x14=be7d2a67 x16:10001f68  PA:10001f68
21464626ns          381521 1c00992c 019888b3 add              x17, x17, x25       x17=10001f54 x17:00000034 x25:10001f20
21464686ns          381524 1c00992e 0008a783 lw               x15, 0(x17)         x15=3e478a5f x17:10001f54  PA:10001f54
21464726ns          381526 1c009932 00e8a023 sw               x14, 0(x17)         x14:be7d2a67 x17:10001f54  PA:10001f54
21464745ns          381527 1c009936 00f82023 sw               x15, 0(x16)         x15:3e478a5f x16:10001f68  PA:10001f68
21464765ns          381528 1c00993a 019585b3 add              x11, x11, x25       x11=10001f6c x11:0000004c x25:10001f20
21464785ns          381529 1c00993c 01950533 add              x10, x10, x25       x10=10001f58 x10:00000038 x25:10001f20
21464805ns          381530 1c00993e 0005a703 lw               x14, 0(x11)         x14=3f56b7ab x11:10001f6c  PA:10001f6c
21464825ns          381531 1c009940 00052783 lw               x15, 0(x10)         x15=bde3c096 x10:10001f58  PA:10001f58
21464845ns          381532 1c009942 00e52023 sw               x14, 0(x10)         x14:3f56b7ab x10:10001f58  PA:10001f58
21464865ns          381533 1c009944 00f5a023 sw               x15, 0(x11)         x15:bde3c096 x11:10001f6c  PA:10001f6c
21464885ns          381534 1c009946 00c007b3 add              x15, x0, x12        x15=00000003 x12:00000003
21464905ns          381535 1c009948 eecc54e3 bge              x24, x12, -280      x24:00000003 x12:00000003
21465004ns          381540 1c009830 0003a403 lw               x8, 0(x7)            x8=41213ff7  x7:10001dd4  PA:10001dd4
21465024ns          381541 1c009834 00160613 addi             x12, x12, 1         x12=00000004 x12:00000003
21465044ns          381542 1c009836 a0829753 flt.s            x14, f5, f8         x14=00000001  f5:40da2824  f8:41213ff7
21465064ns          381543 1c00983a 10070963 beq              x14, x0, 274        x14:00000001
21465084ns          381544 1c00983e 00279f93 slli             x31, x15, 0x2       x31=0000000c x15:00000003
21465103ns          381545 1c009842 01f787b3 add              x15, x15, x31       x15=0000000f x15:00000003 x31:0000000c
21465123ns          381546 1c009844 00279693 slli             x13, x15, 0x2       x13=0000003c x15:0000000f
21465143ns          381547 1c009848 01468e93 addi             x29, x13, 20        x29=00000050 x13:0000003c
21465163ns          381548 1c00984c 01dd05b3 add              x11, x26, x29       x11=10001f0c x26:10001ebc x29:00000050
21465203ns          381550 1c009850 0005a883 lw               x17, 0(x11)         x17=bf30d208 x11:10001f0c  PA:10001f0c
21465243ns          381552 1c009854 00dd0533 add              x10, x26, x13       x10=10001ef8 x26:10001ebc x13:0000003c
21465263ns          381553 1c009858 00052803 lw               x16, 0(x10)         x16=3e6ba770 x10:10001ef8  PA:10001ef8
21465282ns          381554 1c00985c 00678713 addi             x14, x15, 6         x14=00000015 x15:0000000f
21465342ns          381557 1c009860 01152023 sw               x17, 0(x10)         x17:bf30d208 x10:10001ef8  PA:10001ef8
21465382ns          381559 1c009864 00271713 slli             x14, x14, 0x2       x14=00000054 x14:00000015
21465402ns          381560 1c009866 00178793 addi             x15, x15, 1         x15=00000010 x15:0000000f
21465422ns          381561 1c009868 0105a023 sw               x16, 0(x11)         x16:3e6ba770 x11:10001f0c  PA:10001f0c
21465442ns          381562 1c00986c 00279793 slli             x15, x15, 0x2       x15=00000040 x15:00000010
21465481ns          381564 1c00986e 00ed05b3 add              x11, x26, x14       x11=10001f10 x26:10001ebc x14:00000054
21465521ns          381566 1c009872 0005a883 lw               x17, 0(x11)         x17=3dbb6cec x11:10001f10  PA:10001f10
21465541ns          381567 1c009876 00fd0533 add              x10, x26, x15       x10=10001efc x26:10001ebc x15:00000040
21465561ns          381568 1c00987a 00052803 lw               x16, 0(x10)         x16=bf1b8598 x10:10001efc  PA:10001efc
21465999ns          381590 1c00987e 00470313 addi             x6, x14, 4           x6=00000058 x14:00000054
21466038ns          381592 1c009882 01152023 sw               x17, 0(x10)         x17:3dbb6cec x10:10001efc  PA:10001efc
21466058ns          381593 1c009886 0105a023 sw               x16, 0(x11)         x16:bf1b8598 x11:10001f10  PA:10001f10
21466078ns          381594 1c00988a 00478e13 addi             x28, x15, 4         x28=00000044 x15:00000040
21466098ns          381595 1c00988e 006d05b3 add              x11, x26, x6        x11=10001f14 x26:10001ebc  x6:00000058
21466118ns          381596 1c009892 0005a483 lw               x9, 0(x11)           x9=3d9245dc x11:10001f14  PA:10001f14
21466138ns          381597 1c009894 01cd0533 add              x10, x26, x28       x10=10001f00 x26:10001ebc x28:00000044
21466158ns          381598 1c009898 00052883 lw               x17, 0(x10)         x17=3f3844c6 x10:10001f00  PA:10001f00
21466178ns          381599 1c00989c 00870813 addi             x16, x14, 8         x16=0000005c x14:00000054
21466197ns          381600 1c0098a0 00952023 sw               x9, 0(x10)           x9:3d9245dc x10:10001f00  PA:10001f00
21466217ns          381601 1c0098a2 0115a023 sw               x17, 0(x11)         x17:3f3844c6 x11:10001f14  PA:10001f14
21466237ns          381602 1c0098a6 010d0533 add              x10, x26, x16       x10=10001f18 x26:10001ebc x16:0000005c
21466257ns          381603 1c0098aa 00878893 addi             x17, x15, 8         x17=00000048 x15:00000040
21466277ns          381604 1c0098ae 00052a03 lw               x20, 0(x10)         x20=3f2fc4a2 x10:10001f18  PA:10001f18
21466297ns          381605 1c0098b2 011d04b3 add              x9, x26, x17         x9=10001f04 x26:10001ebc x17:00000048
21466317ns          381606 1c0098b6 0004a903 lw               x18, 0(x9)          x18=3e799242  x9:10001f04  PA:10001f04
21466337ns          381607 1c0098ba 00c70593 addi             x11, x14, 12        x11=00000060 x14:00000054
21466357ns          381608 1c0098be 0144a023 sw               x20, 0(x9)          x20:3f2fc4a2  x9:10001f04  PA:10001f04
21466376ns          381609 1c0098c2 01252023 sw               x18, 0(x10)         x18:3e799242 x10:10001f18  PA:10001f18
21466396ns          381610 1c0098c6 00bd04b3 add              x9, x26, x11         x9=10001f1c x26:10001ebc x11:00000060
21466416ns          381611 1c0098ca 00c78513 addi             x10, x15, 12        x10=0000004c x15:00000040
21466436ns          381612 1c0098ce 0004a983 lw               x19, 0(x9)          x19=be47b777  x9:10001f1c  PA:10001f1c
21466456ns          381613 1c0098d2 00ad0933 add              x18, x26, x10       x18=10001f08 x26:10001ebc x10:0000004c
21466476ns          381614 1c0098d6 00092a03 lw               x20, 0(x18)         x20=3cb0559a x18:10001f08  PA:10001f08
21466496ns          381615 1c0098da 01392023 sw               x19, 0(x18)         x19:be47b777 x18:10001f08  PA:10001f08
21466516ns          381616 1c0098de 0144a023 sw               x20, 0(x9)          x20:3cb0559a  x9:10001f1c  PA:10001f1c
21466536ns          381617 1c0098e2 019e8eb3 add              x29, x29, x25       x29=10001f70 x29:00000050 x25:10001f20
21466555ns          381618 1c0098e4 000ea903 lw               x18, 0(x29)         x18=bf4b0394 x29:10001f70  PA:10001f70
21466575ns          381619 1c0098e8 019686b3 add              x13, x13, x25       x13=10001f5c x13:0000003c x25:10001f20
21466595ns          381620 1c0098ea 0006a483 lw               x9, 0(x13)           x9=3daffadc x13:10001f5c  PA:10001f5c
21466615ns          381621 1c0098ec 0126a023 sw               x18, 0(x13)         x18:bf4b0394 x13:10001f5c  PA:10001f5c
21466635ns          381622 1c0098f0 009ea023 sw               x9, 0(x29)           x9:3daffadc x29:10001f70  PA:10001f70
21466655ns          381623 1c0098f4 01970733 add              x14, x14, x25       x14=10001f74 x14:00000054 x25:10001f20
21466675ns          381624 1c0098f6 00072e83 lw               x29, 0(x14)         x29=3e4b48b5 x14:10001f74  PA:10001f74
21466695ns          381625 1c0098fa 019787b3 add              x15, x15, x25       x15=10001f60 x15:00000040 x25:10001f20
21466715ns          381626 1c0098fc 0007a683 lw               x13, 0(x15)         x13=bf017869 x15:10001f60  PA:10001f60
21466735ns          381627 1c0098fe 01d7a023 sw               x29, 0(x15)         x29:3e4b48b5 x15:10001f60  PA:10001f60
21466754ns          381628 1c009902 0e010e93 addi             x29, x2, 224        x29=10001e78  x2:10001d98
21466774ns          381629 1c009906 00d72023 sw               x13, 0(x14)         x13:bf017869 x14:10001f74  PA:10001f74
21466794ns          381630 1c009908 019e0e33 add              x28, x28, x25       x28=10001f64 x28:00000044 x25:10001f20
21466814ns          381631 1c00990a 01930333 add              x6, x6, x25          x6=10001f78  x6:00000058 x25:10001f20
21466834ns          381632 1c00990c 01df8fb3 add              x31, x31, x29       x31=10001e84 x31:0000000c x29:10001e78
21466854ns          381633 1c00990e 000e2783 lw               x15, 0(x28)         x15=3f541c0d x28:10001f64  PA:10001f64
21466874ns          381634 1c009912 f48fa623 sw               x8, -180(x31)        x8:41213ff7 x31:10001e84  PA:10001dd0
21466894ns          381635 1c009916 00032703 lw               x14, 0(x6)          x14=3d65533d  x6:10001f78  PA:10001f78
21466914ns          381636 1c00991a 0053a22b p.sw             x5, 4(x7!)           x7=10001dd8  x5:40da2824  x7:10001dd4  PA:10001dd4
21466933ns          381637 1c00991e 00ee2023 sw               x14, 0(x28)         x14:3d65533d x28:10001f64  PA:10001f64
21466953ns          381638 1c009922 01980833 add              x16, x16, x25       x16=10001f7c x16:0000005c x25:10001f20
21466973ns          381639 1c009924 00f32023 sw               x15, 0(x6)          x15:3f541c0d  x6:10001f78  PA:10001f78
21466993ns          381640 1c009928 00082703 lw               x14, 0(x16)         x14=3f0fcd84 x16:10001f7c  PA:10001f7c
21467013ns          381641 1c00992c 019888b3 add              x17, x17, x25       x17=10001f68 x17:00000048 x25:10001f20
21467033ns          381642 1c00992e 0008a783 lw               x15, 0(x17)         x15=3e478a5f x17:10001f68  PA:10001f68
21467053ns          381643 1c009932 00e8a023 sw               x14, 0(x17)         x14:3f0fcd84 x17:10001f68  PA:10001f68
21467073ns          381644 1c009936 00f82023 sw               x15, 0(x16)         x15:3e478a5f x16:10001f7c  PA:10001f7c
21467093ns          381645 1c00993a 019585b3 add              x11, x11, x25       x11=10001f80 x11:00000060 x25:10001f20
21467112ns          381646 1c00993c 01950533 add              x10, x10, x25       x10=10001f6c x10:0000004c x25:10001f20
21467132ns          381647 1c00993e 0005a703 lw               x14, 0(x11)         x14=bde9c2a1 x11:10001f80  PA:10001f80
21467152ns          381648 1c009940 00052783 lw               x15, 0(x10)         x15=bde3c096 x10:10001f6c  PA:10001f6c
21467172ns          381649 1c009942 00e52023 sw               x14, 0(x10)         x14:bde9c2a1 x10:10001f6c  PA:10001f6c
21467192ns          381650 1c009944 00f5a023 sw               x15, 0(x11)         x15:bde3c096 x11:10001f80  PA:10001f80
21467212ns          381651 1c009946 00c007b3 add              x15, x0, x12        x15=00000004 x12:00000004
21467232ns          381652 1c009948 eecc54e3 bge              x24, x12, -280      x24:00000003 x12:00000004
21467252ns          381653 1c00994c 00812983 lw               x19, 8(x2)          x19=10001ed0  x2:10001d98  PA:10001da0
21467272ns          381654 1c00994e 00c12f83 lw               x31, 12(x2)         x31=10001ddc  x2:10001d98  PA:10001da4
21467291ns          381655 1c009950 01812303 lw               x6, 24(x2)           x6=00000003  x2:10001d98  PA:10001db0
21467311ns          381656 1c009952 ffcf8f93 addi             x31, x31, -4        x31=10001dd8 x31:10001ddc
21467331ns          381657 1c009954 fff30313 addi             x6, x6, -1           x6=00000002  x6:00000003
21467351ns          381658 1c009956 fffd8d93 addi             x27, x27, -1        x27=00000000 x27:00000001
21467371ns          381659 1c009958 01f12623 sw               x31, 12(x2)         x31:10001dd8  x2:10001d98  PA:10001da4
21467391ns          381660 1c00995a 00012a23 sw               x0, 20(x2)           x2:10001d98  PA:10001dac
21467411ns          381661 1c00995c 00612c23 sw               x6, 24(x2)           x6:00000002  x2:10001d98  PA:10001db0
21467431ns          381662 1c00995e ffcb0b13 addi             x22, x22, -4        x22=10001dc4 x22:10001dc8
21467451ns          381663 1c009960 fec98993 addi             x19, x19, -20       x19=10001ebc x19:10001ed0
21467470ns          381664 1c009962 001d8c13 addi             x24, x27, 1         x24=00000001 x27:00000000
21467490ns          381665 1c009966 e20306e3 beq              x6, x0, -468         x6:00000002
21467510ns          381666 1c00996a 018007b3 add              x15, x0, x24        x15=00000001 x24:00000001
21467530ns          381667 1c00996c 004b2283 lw               x5, 4(x22)           x5=c18a373f x22:10001dc4  PA:10001dc8
21467550ns          381668 1c009970 8ffdb863 p.bneimm         x27, -3856          x27:00000000
21467649ns          381673 1c008a60 01412e03 lw               x28, 20(x2)         x28=00000000  x2:10001d98  PA:10001dac
21467669ns          381674 1c008a62 01400e93 addi             x29, x0, 20         x29=00000014
21467689ns          381675 1c008a64 77cec8e3 blt              x29, x28, 3952      x29:00000014 x28:00000000
21467709ns          381676 1c008a68 00c12f83 lw               x31, 12(x2)         x31=10001dd8  x2:10001d98  PA:10001da4
21467749ns          381678 1c008a6a 000fa683 lw               x13, 0(x31)         x13=b90a5952 x31:10001dd8  PA:10001dd8
21467789ns          381680 1c008a6e a1e69753 flt.s            x14, f13, f30       x14=00000001 f13:b90a5952 f30:00000000
21467809ns          381681 1c008a72 00070363 beq              x14, x0, 6          x14:00000001
21467828ns          381682 1c008a74 20d696d3 fsgnjn.s         f13, f13, f13       f13=xxxxxxxx f13:b90a5952 f13:b90a5952
21467848ns          381683 1c008a78 000b2603 lw               x12, 0(x22)         x12=421b0aa7 x22:10001dc4  PA:10001dc4
21467888ns          381685 1c008a7c a1e61753 flt.s            x14, f12, f30       x14=00000000 f12:421b0aa7 f30:00000000
21467908ns          381686 1c008a80 00c005b3 add              x11, x0, x12        x11=421b0aa7 x12:421b0aa7
21467928ns          381687 1c008a82 00070363 beq              x14, x0, 6          x14:00000000
21468047ns          381693 1c008a88 a1e29753 flt.s            x14, f5, f30        x14=00000001  f5:c18a373f f30:00000000
21468067ns          381694 1c008a8c 00070363 beq              x14, x0, 6          x14:00000001
21468087ns          381695 1c008a8e 33c0106f jal              x0, 4924           
21468147ns          381698 1c009dca 20529753 fsgnjn.s         f14, f5, f5         f14=xxxxxxxx  f5:c18a373f  f5:c18a373f
21468167ns          381699 1c009dce cc7fe06f jal              x0, -4922          
21468206ns          381701 1c008a94 00b77753 fadd.s           f14, f14, f11       f14=xxxxxxxx f14:418a373f f11:421b0aa7
21468226ns          381702 1c008a98 11777753 fmul.s           f14, f14, f23       f14=xxxxxxxx f14:42602646 f23:34000000
21468246ns          381703 1c008a9c a0e68753 fle.s            x14, f13, f14       x14=00000000 f13:390a5952 f14:36e02646
21468266ns          381704 1c008aa0 00070363 beq              x14, x0, 6          x14:00000000
21468346ns          381708 1c008aa6 1c000337 lui              x6, 0x1c000000       x6=1c000000
21468366ns          381709 1c008aaa 02830313 addi             x6, x6, 40           x6=1c000028  x6:1c000000
21468425ns          381712 1c008aae 00032303 lw               x6, 0(x6)            x6=0c000000  x6:1c000028  PA:1c000028
21468763ns          381729 1c008ab2 a06686d3 fle.s            x13, f13, f6        x13=00000000 f13:390a5952  f6:0c000000
21468783ns          381730 1c008ab6 00068363 beq              x13, x0, 6          x13:00000000
21468903ns          381736 1c008abc fffd8693 addi             x13, x27, -1        x13=ffffffff x27:00000000
21468922ns          381737 1c008ac0 000d9463 bne              x27, x0, 8          x27:00000000
21468942ns          381738 1c008ac4 5de0106f jal              x0, 5598           
21469022ns          381742 1c00a0a2 00000813 addi             x16, x0, 0          x16=00000000
21469062ns          381744 1c00a0a4 b7ffe06f jal              x0, -5250          
21469181ns          381750 1c008c22 3d880de3 beq              x16, x24, 3034      x16:00000000 x24:00000001
21469201ns          381751 1c008c26 002d8393 addi             x7, x27, 2           x7=00000002 x27:00000000
21469221ns          381752 1c008c2a 7c76d5e3 bge              x13, x7, 4042       x13:ffffffff  x7:00000002
21469281ns          381755 1c008c2e 00268f93 addi             x31, x13, 2         x31=00000001 x13:ffffffff
21469320ns          381757 1c008c32 3e780a63 beq              x16, x7, 1012       x16:00000000  x7:00000002
21469340ns          381758 1c008c36 002c1e93 slli             x29, x24, 0x2       x29=00000004 x24:00000001
21469360ns          381759 1c008c3a 04010493 addi             x9, x2, 64           x9=10001dd8  x2:10001d98
21469380ns          381760 1c008c3c ffce8593 addi             x11, x29, -4        x11=00000000 x29:00000004
21469420ns          381762 1c008c40 1c000637 lui              x12, 0x1c000000     x12=1c000000
21469460ns          381764 1c008c44 02c10413 addi             x8, x2, 44           x8=10001dc4  x2:10001d98
21469479ns          381765 1c008c46 1c000537 lui              x10, 0x1c000000     x10=1c000000
21469499ns          381766 1c008c4a 009585b3 add              x11, x11, x9        x11=10001dd8 x11:00000000  x9:10001dd8
21469519ns          381767 1c008c4c 02862483 lw               x9, 40(x12)          x9=0c000000 x12:1c000000  PA:1c000028
21469837ns          381783 1c008c50 01d40333 add              x6, x8, x29          x6=10001dc8  x8:10001dc4 x29:00000004
21469857ns          381784 1c008c54 00700733 add              x14, x0, x7         x14=00000002  x7:00000002
21469877ns          381785 1c008c56 02c52403 lw               x8, 44(x10)          x8=34000000 x10:1c000000  PA:1c00002c
21470195ns          381801 1c008c5a 00168693 addi             x13, x13, 1         x13=00000000 x13:ffffffff
21470215ns          381802 1c008c5c 00000e13 addi             x28, x0, 0          x28=00000000
21470235ns          381803 1c008c60 41038533 sub              x10, x7, x16        x10=00000002  x7:00000002 x16:00000000
21470255ns          381804 1c008c64 1e0540fb lp.setup         0x1, x10, 0x1e0     x10:00000002
21470275ns          381805 1c008c68 fff70893 addi             x17, x14, -1        x17=00000001 x14:00000002
21470295ns          381806 1c008c6c 00000793 addi             x15, x0, 0          x15=00000000
21470335ns          381808 1c008c70 00ec4763 blt              x24, x14, 14        x24:00000001 x14:00000002
21470832ns          381833 1c008c7e 00efd963 bge              x31, x14, 18        x31:00000001 x14:00000002
21470852ns          381834 1c008c82 0005a603 lw               x12, 0(x11)         x12=b90a5952 x11:10001dd8  PA:10001dd8
21470892ns          381836 1c008c84 a1c61f53 flt.s            x30, f12, f28       x30=00000001 f12:b90a5952 f28:00000000
21470912ns          381837 1c008c88 380f1163 bne              x30, x0, 898        x30:00000001
21471091ns          381846 1c00900a 20c61653 fsgnjn.s         f12, f12, f12       f12=xxxxxxxx f12:b90a5952 f12:b90a5952
21471110ns          381847 1c00900e c7fff06f jal              x0, -898           
21471230ns          381853 1c008c8c 00c7f7d3 fadd.s           f15, f15, f12       f15=xxxxxxxx f15:00000000 f12:390a5952
21471270ns          381855 1c008c90 ffc3260b p.lw             x12, -4(x6!)        x12=c18a373f  x6=10001dc4  x6:10001dc8  PA:10001dc8
21471309ns          381857 1c008c94 a1c61f53 flt.s            x30, f12, f28       x30=00000001 f12:c18a373f f28:00000000
21471329ns          381858 1c008c98 000f0463 beq              x30, x0, 8          x30:00000001
21471349ns          381859 1c008c9c 20c61653 fsgnjn.s         f12, f12, f12       f12=xxxxxxxx f12:c18a373f f12:c18a373f
21471389ns          381861 1c008ca0 1087f7d3 fmul.s           f15, f15, f8        f15=xxxxxxxx f15:390a5952  f8:34000000
21471429ns          381863 1c008ca4 a0f607d3 fle.s            x15, f12, f15       x15=00000000 f12:418a373f f15:2d8a5952
21471449ns          381864 1c008ca8 00079563 bne              x15, x0, 10         x15:00000000
21471469ns          381865 1c008caa a0960653 fle.s            x12, f12, f9        x12=00000000 f12:418a373f  f9:0c000000
21471528ns          381868 1c008cae 36060663 beq              x12, x0, 876        x12:00000000
21471608ns          381872 1c00901a 00d71463 bne              x14, x13, 8         x14:00000002 x13:00000000
21471707ns          381877 1c009022 01100733 add              x14, x0, x17        x14=00000001 x17:00000001
21471727ns          381878 1c009024 ffc58593 addi             x11, x11, -4        x11=10001dd4 x11:10001dd8
21471747ns          381879 1c008c68 fff70893 addi             x17, x14, -1        x17=00000000 x14:00000001
21471767ns          381880 1c008c6c 00000793 addi             x15, x0, 0          x15=00000000
21471787ns          381881 1c008c70 00ec4763 blt              x24, x14, 14        x24:00000001 x14:00000001
21471807ns          381882 1c008c74 0045a783 lw               x15, 4(x11)         x15=b90a5952 x11:10001dd4  PA:10001dd8
21471846ns          381884 1c008c76 a1c79653 flt.s            x12, f15, f28       x12=00000001 f15:b90a5952 f28:00000000
21471866ns          381885 1c008c7a 38061b63 bne              x12, x0, 918        x12:00000001
21471926ns          381888 1c009010 20f797d3 fsgnjn.s         f15, f15, f15       f15=xxxxxxxx f15:b90a5952 f15:b90a5952
21471946ns          381889 1c009014 c6bff06f jal              x0, -918           
21472006ns          381892 1c008c7e 00efd963 bge              x31, x14, 18        x31:00000001 x14:00000001
21472065ns          381895 1c008c90 ffc3260b p.lw             x12, -4(x6!)        x12=421b0aa7  x6=10001dc0  x6:10001dc4  PA:10001dc4
21472105ns          381897 1c008c94 a1c61f53 flt.s            x30, f12, f28       x30=00000000 f12:421b0aa7 f28:00000000
21472125ns          381898 1c008c98 000f0463 beq              x30, x0, 8          x30:00000000
21472185ns          381901 1c008ca0 1087f7d3 fmul.s           f15, f15, f8        f15=xxxxxxxx f15:390a5952  f8:34000000
21472204ns          381902 1c008ca4 a0f607d3 fle.s            x15, f12, f15       x15=00000000 f12:421b0aa7 f15:2d8a5952
21472224ns          381903 1c008ca8 00079563 bne              x15, x0, 10         x15:00000000
21472244ns          381904 1c008caa a0960653 fle.s            x12, f12, f9        x12=00000000 f12:421b0aa7  f9:0c000000
21472264ns          381905 1c008cae 36060663 beq              x12, x0, 876        x12:00000000
21472344ns          381909 1c00901a 00d71463 bne              x14, x13, 8         x14:00000001 x13:00000000
21472403ns          381912 1c009022 01100733 add              x14, x0, x17        x14=00000000 x17:00000000
21472423ns          381913 1c009024 ffc58593 addi             x11, x11, -4        x11=10001dd0 x11:10001dd4
21472443ns          381914 1c009026 00000793 addi             x15, x0, 0          x15=00000000
21472463ns          381915 1c00902a a0f297d3 flt.s            x15, f5, f15        x15=00000001  f5:c18a373f f15:00000000
21472483ns          381916 1c00902e 005006b3 add              x13, x0, x5         x13=c18a373f  x5:c18a373f
21472523ns          381918 1c009030 00078363 beq              x15, x0, 6          x15:00000001
21472562ns          381920 1c009032 205296d3 fsgnjn.s         f13, f5, f5         f13=xxxxxxxx  f5:c18a373f  f5:c18a373f
21472582ns          381921 1c009036 002d9593 slli             x11, x27, 0x2       x11=00000000 x27:00000000
21472602ns          381922 1c00903a 0e010613 addi             x12, x2, 224        x12=10001e78  x2:10001d98
21472622ns          381923 1c00903c 00b607b3 add              x15, x12, x11       x15=10001e78 x12:10001e78 x11:00000000
21472662ns          381925 1c009040 f4c7a603 lw               x12, -180(x15)      x12=421b0aa7 x15:10001e78  PA:10001dc4
21472702ns          381927 1c009044 00000793 addi             x15, x0, 0          x15=00000000
21472722ns          381928 1c009048 a0f617d3 flt.s            x15, f12, f15       x15=00000000 f12:421b0aa7 f15:00000000
21472742ns          381929 1c00904c 00b12423 sw               x11, 8(x2)          x11:00000000  x2:10001d98  PA:10001da0
21472761ns          381930 1c00904e 06d12423 sw               x13, 104(x2)        x13:418a373f  x2:10001d98  PA:10001e00
21472801ns          381932 1c009050 00c00533 add              x10, x0, x12        x10=421b0aa7 x12:421b0aa7
21472821ns          381933 1c009052 00b008b3 add              x17, x0, x11        x17=00000000 x11:00000000
21472841ns          381934 1c009054 00078363 beq              x15, x0, 6          x15:00000000
21472901ns          381937 1c00905a 0e010713 addi             x14, x2, 224        x14=10001e78  x2:10001d98
21472921ns          381938 1c00905c 011707b3 add              x15, x14, x17       x15=10001e78 x14:10001e78 x17:00000000
21472980ns          381941 1c009060 f607a783 lw               x15, -160(x15)      x15=b90a5952 x15:10001e78  PA:10001dd8
21473040ns          381944 1c009064 00000713 addi             x14, x0, 0          x14=00000000
21473060ns          381945 1c009068 a0e79753 flt.s            x14, f15, f14       x14=00000001 f15:b90a5952 f14:00000000
21473080ns          381946 1c00906c 06a12623 sw               x10, 108(x2)        x10:421b0aa7  x2:10001d98  PA:10001e04
21473100ns          381947 1c00906e 00070363 beq              x14, x0, 6          x14:00000001
21473119ns          381948 1c009070 2320106f jal              x0, 4658           
21473239ns          381954 1c00a2a2 20f79753 fsgnjn.s         f14, f15, f15       f14=xxxxxxxx f15:b90a5952 f15:b90a5952
21473259ns          381955 1c00a2a6 dd1fe06f jal              x0, -4656          
21473298ns          381957 1c009076 00281813 slli             x16, x16, 0x2       x16=00000000 x16:00000000
21473318ns          381958 1c009078 0e010993 addi             x19, x2, 224        x19=10001e78  x2:10001d98
21473338ns          381959 1c00907c 010985b3 add              x11, x19, x16       x11=10001e78 x19:10001e78 x16:00000000
21473776ns          381981 1c009080 f4c5a883 lw               x17, -180(x11)      x17=421b0aa7 x11:10001e78  PA:10001dc4
21473816ns          381983 1c009084 00000593 addi             x11, x0, 0          x11=00000000
21473836ns          381984 1c009088 a0b895d3 flt.s            x11, f17, f11       x11=00000000 f17:421b0aa7 f11:00000000
21473855ns          381985 1c00908c 06e12823 sw               x14, 112(x2)        x14:390a5952  x2:10001d98  PA:10001e08
21473875ns          381986 1c00908e 01100e33 add              x28, x0, x17        x28=421b0aa7 x17:421b0aa7
21473915ns          381988 1c009090 00058363 beq              x11, x0, 6          x11:00000000
21473995ns          381992 1c009096 0e010e93 addi             x29, x2, 224        x29=10001e78  x2:10001d98
21474015ns          381993 1c00909a 01d80833 add              x16, x16, x29       x16=10001e78 x16:00000000 x29:10001e78
21474034ns          381994 1c00909c f6082303 lw               x6, -160(x16)        x6=b90a5952 x16:10001e78  PA:10001dd8
21474074ns          381996 1c0090a0 00000593 addi             x11, x0, 0          x11=00000000
21474114ns          381998 1c0090a4 a0b315d3 flt.s            x11, f6, f11        x11=00000001  f6:b90a5952 f11:00000000
21474134ns          381999 1c0090a8 07c12a23 sw               x28, 116(x2)        x28:421b0aa7  x2:10001d98  PA:10001e0c
21474154ns          382000 1c0090aa 00058363 beq              x11, x0, 6          x11:00000001
21474174ns          382001 1c0090ac 1fe0106f jal              x0, 4606           
21474273ns          382006 1c00a2aa 206315d3 fsgnjn.s         f11, f6, f6         f11=xxxxxxxx  f6:b90a5952  f6:b90a5952
21474333ns          382009 1c00a2ae e05fe06f jal              x0, -4604          
21474452ns          382015 1c0090b2 a0d6a853 feq.s            x16, f13, f13       x16=00000001 f13:418a373f f13:418a373f
21474472ns          382016 1c0090b6 06b12c23 sw               x11, 120(x2)        x11:390a5952  x2:10001d98  PA:10001e10
21474492ns          382017 1c0090b8 00080463 beq              x16, x0, 8          x16:00000001
21474512ns          382018 1c0090bc 0080106f jal              x0, 4104           
21474631ns          382024 1c00a0c4 a0a69853 flt.s            x16, f13, f10       x16=00000001 f13:418a373f f10:421b0aa7
21474671ns          382026 1c00a0c8 1e080563 beq              x16, x0, 490        x16:00000001
21474691ns          382027 1c00a0cc a0e516d3 flt.s            x13, f10, f14       x13=00000000 f10:421b0aa7 f14:390a5952
21474750ns          382030 1c00a0d0 28069163 bne              x13, x0, 642        x13:00000000
21474790ns          382032 1c00a0d4 07412703 lw               x14, 116(x2)        x14=421b0aa7  x2:10001d98  PA:10001e0c
21474830ns          382034 1c00a0d6 a0e516d3 flt.s            x13, f10, f14       x13=00000000 f10:421b0aa7 f14:421b0aa7
21474850ns          382035 1c00a0da 00069263 bne              x13, x0, 4          x13:00000000
21474870ns          382036 1c00a0dc 00a00733 add              x14, x0, x10        x14=421b0aa7 x10:421b0aa7
21474890ns          382037 1c00a0de a0b716d3 flt.s            x13, f14, f11       x13=00000000 f14:421b0aa7 f11:390a5952
21474929ns          382039 1c00a0e2 84069063 bne              x13, x0, -4032      x13:00000000
21474949ns          382040 1c00a0e6 00e005b3 add              x11, x0, x14        x11=421b0aa7 x14:421b0aa7
21474969ns          382041 1c00a0e8 83aff06f jal              x0, -4038          
21475148ns          382050 1c009122 1c0004b7 lui              x9, 0x1c000000       x9=1c000000
21475168ns          382051 1c009126 0204a703 lw               x14, 32(x9)         x14=3f800000  x9:1c000000  PA:1c000020
21475506ns          382068 1c00912a 18b77753 fdiv.s           f14, f14, f11       f14=xxxxxxxx f14:3f800000 f11:421b0aa7
21475785ns          382082 1c00912e 105772d3 fmul.s           f5, f14, f5          f5=xxxxxxxx f14:3cd35987  f5:c18a373f
21475805ns          382083 1c009132 10e7f7d3 fmul.s           f15, f15, f14       f15=xxxxxxxx f15:b90a5952 f14:3cd35987
21475825ns          382084 1c009136 00000513 addi             x10, x0, 0          x10=00000000
21475844ns          382085 1c00913a 28e676c3 fmadd.s          f13, f12, f14, f5   f13=xxxxxxxx f12:421b0aa7 f14:3cd35987  f5:bee437be
21475904ns          382088 1c00913e 28e67e47 fmsub.s          f28, f12, f14, f5   f28=xxxxxxxx f12:421b0aa7 f14:3cd35987  f5:bee437be
21475944ns          382090 1c009142 10f7f853 fmul.s           f16, f15, f15       f16=xxxxxxxx f15:b6647001 f15:b6647001
21475964ns          382091 1c009146 10f2f653 fmul.s           f12, f5, f15        f12=xxxxxxxx  f5:bee437be f15:b6647001
21475984ns          382092 1c00914a 10e8f7d3 fmul.s           f15, f17, f14       f15=xxxxxxxx f17:421b0aa7 f14:3cd35987
21476043ns          382095 1c00914e 1c000737 lui              x14, 0x1c000000     x14=1c000000
21476083ns          382097 1c009152 81c6f6c3 fmadd.s          f13, f13, f28, f16  f13=xxxxxxxx f13:3f0de421 f28:3fb90df0 f16:2d4bd7b3
21476103ns          382098 1c009156 03070713 addi             x14, x14, 48        x14=1c000030 x14:1c000000
21476123ns          382099 1c00915a 00072703 lw               x14, 0(x14)         x14=3f000000 x14:1c000030  PA:1c000030
21476421ns          382114 1c00915c 10c67653 fmul.s           f12, f12, f12       f12=xxxxxxxx f12:35cba57e f12:35cba57e
21476441ns          382115 1c009160 10e6f6d3 fmul.s           f13, f13, f14       f13=xxxxxxxx f13:3f4d232b f14:3f000000
21476461ns          382116 1c009164 a0a6a753 feq.s            x14, f13, f10       x14=00000000 f13:3ecd232b f10:00000000
21476481ns          382117 1c009168 00070663 beq              x14, x0, 12         x14:00000000
21476580ns          382122 1c009174 00000513 addi             x10, x0, 0          x10=00000000
21476600ns          382123 1c009178 a0a69553 flt.s            x10, f13, f10       x10=00000000 f13:3ecd232b f10:00000000
21476620ns          382124 1c00917c 60d6f743 fmadd.s          f14, f13, f13, f12  f14=xxxxxxxx f13:3ecd232b f13:3ecd232b f12:2c21ffe1
21476680ns          382127 1c009180 58077753 fsqrt.s          f14, f14            f14=xxxxxxxx f14:3e246158
21476978ns          382142 1c009184 00050363 beq              x10, x0, 6          x10:00000000
21477058ns          382146 1c00918a 00e6f6d3 fadd.s           f13, f13, f14       f13=xxxxxxxx f13:3ecd232b f14:3ecd232b
21477078ns          382147 1c00918e 18d67753 fdiv.s           f14, f12, f13       f14=xxxxxxxx f12:2c21ffe1 f13:3f4d232b
21477257ns          382156 1c009192 00f2f853 fadd.s           f16, f5, f15        f16=xxxxxxxx  f5:bee437be f15:3f800000
21477535ns          382170 1c009196 0857f6d3 fsub.s           f13, f15, f5        f13=xxxxxxxx f15:3f800000  f5:bee437be
21477555ns          382171 1c00919a 18b375d3 fdiv.s           f11, f6, f11        f11=xxxxxxxx  f6:b90a5952 f11:421b0aa7
21477834ns          382185 1c00919e 10b7f7d3 fmul.s           f15, f15, f11       f15=xxxxxxxx f15:3f800000 f11:b6647001
21477853ns          382186 1c0091a2 70d87843 fmadd.s          f16, f16, f13, f14  f16=xxxxxxxx f16:3f0de421 f13:3fb90df0 f14:2c4a2a97
21477873ns          382187 1c0091a6 5dfc4563 blt              x24, x31, 1482      x24:00000001 x31:00000001
21477893ns          382188 1c0091aa 002f9693 slli             x13, x31, 0x2       x13=00000004 x31:00000001
21477953ns          382191 1c0091ae 01f68333 add              x6, x13, x31         x6=00000005 x13:00000004 x31:00000001
21477973ns          382192 1c0091b2 00231313 slli             x6, x6, 0x2          x6=00000014  x6:00000005
21477993ns          382193 1c0091b4 058fc733 p.min            x14, x31, x24       x14=00000001 x31:00000001 x24:00000001
21478013ns          382194 1c0091b8 02c10893 addi             x17, x2, 44         x17=10001dc4  x2:10001d98
21478032ns          382195 1c0091bc 0e010993 addi             x19, x2, 224        x19=10001e78  x2:10001d98
21478092ns          382198 1c0091c0 ffc68a13 addi             x20, x13, -4        x20=00000000 x13:00000004
21478132ns          382200 1c0091c4 fec30e13 addi             x28, x6, -20        x28=00000000  x6:00000014
21478152ns          382201 1c0091c8 00d88ab3 add              x21, x17, x13       x21=10001dc8 x17:10001dc4 x13:00000004
21478172ns          382202 1c0091cc 00d98633 add              x12, x19, x13       x12=10001e7c x19:10001e78 x13:00000004
21478231ns          382205 1c0091d0 41f70b33 sub              x22, x14, x31       x22=00000000 x14:00000001 x31:00000001
21478271ns          382207 1c0091d4 04010393 addi             x7, x2, 64           x7=10001dd8  x2:10001d98
21478291ns          382208 1c0091d8 001f8693 addi             x13, x31, 1         x13=00000002 x31:00000001
21478311ns          382209 1c0091dc 00170713 addi             x14, x14, 1         x14=00000002 x14:00000001
21478371ns          382212 1c0091de 006c8eb3 add              x29, x25, x6        x29=10001f34 x25:10001f20  x6:00000014
21478410ns          382214 1c0091e2 01488bb3 add              x23, x17, x20       x23=10001dc4 x17:10001dc4 x20:00000000
21478430ns          382215 1c0091e6 01cc8f33 add              x30, x25, x28       x30=10001f20 x25:10001f20 x28:00000000
21478450ns          382216 1c0091ea f5c62503 lw               x10, -164(x12)      x10=b90a5952 x12:10001e7c  PA:10001dd8
21478510ns          382219 1c0091ee ffcaa583 lw               x11, -4(x21)        x11=421b0aa7 x21:10001dc8  PA:10001dc4
21478530ns          382220 1c0091f2 01a30333 add              x6, x6, x26          x6=10001ed0  x6:00000014 x26:10001ebc
21478550ns          382221 1c0091f4 007a0a33 add              x20, x20, x7        x20=10001dd8 x20:00000000  x7:10001dd8
21478570ns          382222 1c0091f6 01ae0e33 add              x28, x28, x26       x28=10001ebc x28:00000000 x26:10001ebc
21478589ns          382223 1c0091f8 00000293 addi             x5, x0, 0            x5=00000000
21478609ns          382224 1c0091fc 001b0b13 addi             x22, x22, 1         x22=00000001 x22:00000000
21478649ns          382226 1c0091fe 00d75463 bge              x14, x13, 8         x14:00000002 x13:00000002
21478729ns          382230 1c009206 145b40fb lp.setup         0x1, x22, 0x145     x22:00000001
21478749ns          382231 1c00920a a0581753 flt.s            x14, f16, f5        x14=00000000 f16:3f4d232b  f5:00000000
21478768ns          382232 1c00920e 01000633 add              x12, x0, x16        x12=3f4d232b x16:3f4d232b
21478808ns          382234 1c009210 00070363 beq              x14, x0, 6          x14:00000000
21478888ns          382238 1c009216 a0579753 flt.s            x14, f15, f5        x14=00000001 f15:b6647001  f5:00000000
21478908ns          382239 1c00921a 00f008b3 add              x17, x0, x15        x17=b6647001 x15:b6647001
21478928ns          382240 1c00921c 00070363 beq              x14, x0, 6          x14:00000001
21478967ns          382242 1c00921e 20f798d3 fsgnjn.s         f17, f15, f15       f17=xxxxxxxx f15:b6647001 f15:b6647001
21479007ns          382244 1c009222 a0c89753 flt.s            x14, f17, f12       x14=00000001 f17:36647001 f12:3f4d232b
21479027ns          382245 1c009226 010006b3 add              x13, x0, x16        x13=3f4d232b x16:3f4d232b
21479047ns          382246 1c009228 00071263 bne              x14, x0, 4          x14:00000001
21479146ns          382251 1c00922c 01167753 fadd.s           f14, f12, f17       f14=xxxxxxxx f12:3f4d232b f17:36647001
21479166ns          382252 1c009230 a05723d3 feq.s            x7, f14, f5          x7=00000000 f14:3f4d2364  f5:00000000
21479186ns          382253 1c009234 00038463 beq              x7, x0, 8            x7:00000000
21479246ns          382256 1c00923c 1c000437 lui              x8, 0x1c000000       x8=1c000000
21479305ns          382259 1c009240 02040413 addi             x8, x8, 32           x8=1c000020  x8:1c000000
21479345ns          382261 1c009244 00042403 lw               x8, 0(x8)            x8=3f800000  x8:1c000020  PA:1c000020
21479663ns          382277 1c009246 18e473d3 fdiv.s           f7, f8, f14          f7=xxxxxxxx  f8:3f800000 f14:3f4d2364
21479942ns          382291 1c00924a 1078f8d3 fmul.s           f17, f17, f7        f17=xxxxxxxx f17:36647001  f7:3f9fbc76
21479962ns          382292 1c00924e 10767653 fmul.s           f12, f12, f7        f12=xxxxxxxx f12:3f4d232b  f7:3f9fbc76
21479982ns          382293 1c009252 a05696d3 flt.s            x13, f13, f5        x13=00000000 f13:3f4d232b  f5:00000000
21480002ns          382294 1c009256 1118f8d3 fmul.s           f17, f17, f17       f17=xxxxxxxx f17:368e89bc f17:368e89bc
21480022ns          382295 1c00925a 88c67643 fmadd.s          f12, f12, f12, f17  f12=xxxxxxxx f12:3f7fffb8 f12:3f7fffb8 f17:2d9eba2d
21480081ns          382298 1c00925e 58067653 fsqrt.s          f12, f12            f12=xxxxxxxx f12:3f7fff70
21480380ns          382313 1c009262 10c77753 fmul.s           f14, f14, f12       f14=xxxxxxxx f14:3f4d2364 f12:3f7fffb8
21480399ns          382314 1c009266 00068363 beq              x13, x0, 6          x13:00000000
21480519ns          382320 1c00926c 1c0004b7 lui              x9, 0x1c000000       x9=1c000000
21480539ns          382321 1c009270 02048493 addi             x9, x9, 32           x9=1c000020  x9:1c000000
21480559ns          382322 1c009274 0004a483 lw               x9, 0(x9)            x9=3f800000  x9:1c000020  PA:1c000020
21480877ns          382338 1c009276 18e4f753 fdiv.s           f14, f9, f14        f14=xxxxxxxx  f9:3f800000 f14:3f4d232a
21481155ns          382352 1c00927a 10e87653 fmul.s           f12, f16, f14       f12=xxxxxxxx f16:3f4d232b f14:3f9fbca4
21481175ns          382353 1c00927e 10e7f7d3 fmul.s           f15, f15, f14       f15=xxxxxxxx f15:b6647001 f14:3f9fbca4
21481195ns          382354 1c009282 000e2683 lw               x13, 0(x28)         x13=3ed4433a x28:10001ebc  PA:10001ebc
21481215ns          382355 1c009286 00032803 lw               x16, 0(x6)          x16=3f021bbd  x6:10001ed0  PA:10001ed0
21481235ns          382356 1c00928a 10d7f3d3 fmul.s           f7, f15, f13         f7=xxxxxxxx f15:b68e89e5 f13:3ed4433a
21481295ns          382359 1c00928e 1107f8d3 fmul.s           f17, f15, f16       f17=xxxxxxxx f15:b68e89e5 f16:3f021bbd
21481334ns          382361 1c009292 10f57753 fmul.s           f14, f10, f15       f14=xxxxxxxx f10:b90a5952 f15:b68e89e5
21481354ns          382362 1c009296 39067847 fmsub.s          f16, f12, f16, f7   f16=xxxxxxxx f12:3f800001 f16:3f021bbd  f7:b5ec5f40
21481374ns          382363 1c00929a 88d676c3 fmadd.s          f13, f12, f13, f17  f13=xxxxxxxx f12:3f800001 f13:3ed4433a f17:b610e2f0
21481434ns          382366 1c00929e 10b7f3d3 fmul.s           f7, f15, f11         f7=xxxxxxxx f15:b68e89e5 f11:421b0aa7
21481474ns          382368 1c0092a2 01032023 sw               x16, 0(x6)          x16:3f021bdc  x6:10001ed0  PA:10001ed0
21481493ns          382369 1c0092a6 00de2023 sw               x13, 0(x28)         x13:3ed442f3 x28:10001ebc  PA:10001ebc
21481513ns          382370 1c0092aa 004e2803 lw               x16, 4(x28)         x16=3f22983d x28:10001ebc  PA:10001ec0
21481573ns          382373 1c0092ae 00432883 lw               x17, 4(x6)          x17=be89bbd9  x6:10001ed0  PA:10001ed4
21481613ns          382375 1c0092b2 1107f453 fmul.s           f8, f15, f16         f8=xxxxxxxx f15:b68e89e5 f16:3f22983d
21481633ns          382376 1c0092b6 1117f6d3 fmul.s           f13, f15, f17       f13=xxxxxxxx f15:b68e89e5 f17:be89bbd9
21481653ns          382377 1c0092ba 70b67743 fmadd.s          f14, f12, f11, f14  f14=xxxxxxxx f12:3f800001 f11:421b0aa7 f14:301a1022
21481712ns          382380 1c0092be 411678c7 fmsub.s          f17, f12, f17, f8   f17=xxxxxxxx f12:3f800001 f17:be89bbd9  f8:b635100e
21481752ns          382382 1c0092c2 69067843 fmadd.s          f16, f12, f16, f13  f16=xxxxxxxx f12:3f800001 f16:3f22983d f13:359960c6
21481772ns          382383 1c0092c6 38c576c7 fmsub.s          f13, f10, f12, f7   f13=xxxxxxxx f10:b90a5952 f12:3f800001  f7:b92ca6d8
21481792ns          382384 1c0092ca 01132223 sw               x17, 4(x6)          x17:be89bb80  x6:10001ed0  PA:10001ed4
21481851ns          382387 1c0092ce 008e2583 lw               x11, 8(x28)         x11=3e7bd670 x28:10001ebc  PA:10001ec4
21481891ns          382389 1c0092d2 010e2223 sw               x16, 4(x28)         x16:3f229851 x28:10001ebc  PA:10001ec0
21481911ns          382390 1c0092d6 00832803 lw               x16, 8(x6)          x16=bf0ea308  x6:10001ed0  PA:10001ed8
21481931ns          382391 1c0092da 10b7f8d3 fmul.s           f17, f15, f11       f17=xxxxxxxx f15:b68e89e5 f11:3e7bd670
21481991ns          382394 1c0092de 1107f553 fmul.s           f10, f15, f16       f10=xxxxxxxx f15:b68e89e5 f16:bf0ea308
21482030ns          382396 1c0092e2 a05713d3 flt.s            x7, f14, f5          x7=00000000 f14:421b0aa8  f5:00000000
21482050ns          382397 1c0092e6 890678c7 fmsub.s          f17, f12, f16, f17  f17=xxxxxxxx f12:3f800001 f16:bf0ea308 f17:b58c3899
21482070ns          382398 1c0092ea 50b67543 fmadd.s          f10, f12, f11, f10  f10=xxxxxxxx f12:3f800001 f11:3e7bd670 f10:361ed687
21482130ns          382401 1c0092ee 000aa803 lw               x16, 0(x21)         x16=c18a373f x21:10001dc8  PA:10001dc8
21482170ns          382403 1c0092f2 01132423 sw               x17, 8(x6)          x17:bf0ea2f8  x6:10001ed0  PA:10001ed8
21482190ns          382404 1c0092f6 00ce2583 lw               x11, 12(x28)        x11=3edb032f x28:10001ebc  PA:10001ec8
21482210ns          382405 1c0092fa 00ae2423 sw               x10, 8(x28)         x10:3e7bd711 x28:10001ebc  PA:10001ec4
21482269ns          382408 1c0092fe 00c32403 lw               x8, 12(x6)           x8=3f056cb2  x6:10001ed0  PA:10001edc
21482309ns          382410 1c009302 10b7f8d3 fmul.s           f17, f15, f11       f17=xxxxxxxx f15:b68e89e5 f11:3edb032f
21482329ns          382411 1c009306 1087f553 fmul.s           f10, f15, f8        f10=xxxxxxxx f15:b68e89e5  f8:3f056cb2
21482349ns          382412 1c00930a 00da222b p.sw             x13, 4(x20!)        x20=10001ddc x13:38093614 x20:10001dd8  PA:10001dd8
21482408ns          382415 1c00930e 88867447 fmsub.s          f8, f12, f8, f17     f8=xxxxxxxx f12:3f800001  f8:3f056cb2 f17:b5f3e379
21482448ns          382417 1c009312 50b67543 fmadd.s          f10, f12, f11, f10  f10=xxxxxxxx f12:3f800001 f11:3edb032f f10:b6149453
21482468ns          382418 1c009316 10f875d3 fmul.s           f11, f16, f15       f11=xxxxxxxx f16:c18a373f f15:b68e89e5
21482488ns          382419 1c00931a 00832623 sw               x8, 12(x6)           x8:3f056cd2  x6:10001ed0  PA:10001edc
21482548ns          382422 1c00931e 010e2403 lw               x8, 16(x28)          x8=3ed9fcc7 x28:10001ebc  PA:10001ecc
21482587ns          382424 1c009322 00ae2623 sw               x10, 12(x28)        x10:3edb02e6 x28:10001ebc  PA:10001ec8
21482607ns          382425 1c009326 01032503 lw               x10, 16(x6)         x10=be973b66  x6:10001ed0  PA:10001ee0
21482627ns          382426 1c00932a 1087f4d3 fmul.s           f9, f15, f8          f9=xxxxxxxx f15:b68e89e5  f8:3ed9fcc7
21482687ns          382429 1c00932e 10a7f7d3 fmul.s           f15, f15, f10       f15=xxxxxxxx f15:b68e89e5 f10:be973b66
21482727ns          382431 1c009332 10c878d3 fmul.s           f17, f16, f12       f17=xxxxxxxx f16:c18a373f f12:3f800001
21482747ns          382432 1c009336 48a67547 fmsub.s          f10, f12, f10, f9   f10=xxxxxxxx f12:3f800001 f10:be973b66  f9:b5f2bf43
21482766ns          382433 1c00933a 788677c3 fmadd.s          f15, f12, f8, f15   f15=xxxxxxxx f12:3f800001  f8:3ed9fcc7 f15:35a868d1
21482826ns          382436 1c00933e 00a32823 sw               x10, 16(x6)         x10:be973b2a  x6:10001ed0  PA:10001ee0
21482866ns          382438 1c009342 00fe2823 sw               x15, 16(x28)        x15:3ed9fcf3 x28:10001ebc  PA:10001ecc
21482886ns          382439 1c009346 00e007b3 add              x15, x0, x14        x15=421b0aa8 x14:421b0aa8
21482906ns          382440 1c009348 00038463 beq              x7, x0, 8            x7:00000000
21483005ns          382445 1c009350 a0559653 flt.s            x12, f11, f5        x12=00000000 f11:3899ea30  f5:00000000
21483025ns          382446 1c009354 700616e3 bne              x12, x0, 3852       x12:00000000
21483045ns          382447 1c009358 00b00633 add              x12, x0, x11        x12=3899ea30 x11:3899ea30
21483065ns          382448 1c00935a a0f61553 flt.s            x10, f12, f15       x10=00000001 f12:3899ea30 f15:421b0aa8
21483085ns          382449 1c00935e 00e00833 add              x16, x0, x14        x16=421b0aa8 x14:421b0aa8
21483124ns          382451 1c009360 00051263 bne              x10, x0, 4          x10:00000001
21483184ns          382454 1c009364 00c7f453 fadd.s           f8, f15, f12         f8=xxxxxxxx f15:421b0aa8 f12:3899ea30
21483204ns          382455 1c009368 a05423d3 feq.s            x7, f8, f5           x7=00000000  f8:421b0abb  f5:00000000
21483224ns          382456 1c00936c 6a0397e3 bne              x7, x0, 3758         x7:00000000
21483284ns          382459 1c009370 1c0009b7 lui              x19, 0x1c000000     x19=1c000000
21483323ns          382461 1c009374 02098993 addi             x19, x19, 32        x19=1c000020 x19:1c000000
21483343ns          382462 1c009378 0009a983 lw               x19, 0(x19)         x19=3f800000 x19:1c000020  PA:1c000020
21483662ns          382478 1c00937c 1889f3d3 fdiv.s           f7, f19, f8          f7=xxxxxxxx f19:3f800000  f8:421b0abb
21483940ns          382492 1c009380 10767653 fmul.s           f12, f12, f7        f12=xxxxxxxx f12:3899ea30  f7:3cd3596c
21483960ns          382493 1c009384 1077f7d3 fmul.s           f15, f15, f7        f15=xxxxxxxx f15:421b0aa8  f7:3cd3596c
21483980ns          382494 1c009388 a0581853 flt.s            x16, f16, f5        x16=00000000 f16:421b0aa8  f5:00000000
21484000ns          382495 1c00938c 10c67653 fmul.s           f12, f12, f12       f12=xxxxxxxx f12:35fe2392 f12:35fe2392
21484039ns          382497 1c009390 60f7f7c3 fmadd.s          f15, f15, f15, f12  f15=xxxxxxxx f15:3f7fffe1 f15:3f7fffe1 f12:2c7c4a9b
21484079ns          382499 1c009394 5807f7d3 fsqrt.s          f15, f15            f15=xxxxxxxx f15:3f7fffc2
21484358ns          382513 1c009398 10f47453 fmul.s           f8, f8, f15          f8=xxxxxxxx  f8:421b0abb f15:3f7fffe1
21484378ns          382514 1c00939c 00080463 beq              x16, x0, 8          x16:00000000
21484437ns          382517 1c0093a4 1c0003b7 lui              x7, 0x1c000000       x7=1c000000
21484457ns          382518 1c0093a8 02038393 addi             x7, x7, 32           x7=1c000020  x7:1c000000
21484477ns          382519 1c0093ac 0003a383 lw               x7, 0(x7)            x7=3f800000  x7:1c000020  PA:1c000020
21484835ns          382537 1c0093b0 1883f7d3 fdiv.s           f15, f7, f8         f15=xxxxxxxx  f7:3f800000  f8:421b0aa8
21485114ns          382551 1c0093b4 10f77653 fmul.s           f12, f14, f15       f12=xxxxxxxx f14:421b0aa8 f15:3cd35985
21485133ns          382552 1c0093b8 10f5f3d3 fmul.s           f7, f11, f15         f7=xxxxxxxx f11:3899ea30 f15:3cd35985
21485153ns          382553 1c0093bc 10c6f853 fmul.s           f16, f13, f12       f16=xxxxxxxx f13:38093614 f12:3f7fffff
21485173ns          382554 1c0093c0 207395d3 fsgnjn.s         f11, f7, f7         f11=xxxxxxxx  f7:35fe23b0  f7:35fe23b0
21485193ns          382555 1c0093c4 000f2783 lw               x15, 0(x30)         x15=3ed3771f x30:10001f20  PA:10001f20
21485213ns          382556 1c0093c8 000ea483 lw               x9, 0(x29)           x9=be6f4c44 x29:10001f34  PA:10001f34
21485233ns          382557 1c0093cc 1077f953 fmul.s           f18, f15, f7        f18=xxxxxxxx f15:3ed3771f  f7:35fe23b0
21485273ns          382559 1c0093d0 1074f553 fmul.s           f10, f9, f7         f10=xxxxxxxx  f9:be6f4c44  f7:35fe23b0
21485312ns          382561 1c0093d4 10c8f753 fmul.s           f14, f17, f12       f14=xxxxxxxx f17:c18a3740 f12:3f7fffff
21485332ns          382562 1c0093d8 90c4f4c7 fmsub.s          f9, f9, f12, f18     f9=xxxxxxxx  f9:be6f4c44 f12:3f7fffff f18:3551edab
21485352ns          382563 1c0093dc 50c7f543 fmadd.s          f10, f15, f12, f10  f10=xxxxxxxx f15:3ed3771f f12:3f7fffff f10:b4ed8f07
21485412ns          382566 1c0093e0 70b6f5c3 fmadd.s          f11, f13, f11, f14  f11=xxxxxxxx f13:38093614 f11:b5fe23b0 f14:c18a373f
21485452ns          382568 1c0093e4 009ea023 sw               x9, 0(x29)           x9:be6f4c78 x29:10001f34  PA:10001f34
21485472ns          382569 1c0093e8 00af2023 sw               x10, 0(x30)         x10:3ed3770f x30:10001f20  PA:10001f20
21485491ns          382570 1c0093ec 004f2503 lw               x10, 4(x30)         x10=3f07b97d x30:10001f20  PA:10001f24
21485551ns          382573 1c0093f0 004ea483 lw               x9, 4(x29)           x9=3f12730a x29:10001f34  PA:10001f38
21485591ns          382575 1c0093f4 10a3f9d3 fmul.s           f19, f7, f10        f19=xxxxxxxx  f7:35fe23b0 f10:3f07b97d
21485611ns          382576 1c0093f8 1093f953 fmul.s           f18, f7, f9         f18=xxxxxxxx  f7:35fe23b0  f9:3f12730a
21485631ns          382577 1c0093fc 008ba22b p.sw             x8, 4(x23!)         x23=10001dc8  x8:421b0aa8 x23:10001dc4  PA:10001dc4
21485690ns          382580 1c009400 989674c7 fmsub.s          f9, f12, f9, f19     f9=xxxxxxxx f12:3f7fffff  f9:3f12730a f19:3586bcf6
21485730ns          382582 1c009404 90a67743 fmadd.s          f14, f12, f10, f18  f14=xxxxxxxx f12:3f7fffff f10:3f07b97d f18:3591628e
21485750ns          382583 1c009408 8078f843 fmadd.s          f16, f17, f7, f16   f16=xxxxxxxx f17:c18a3740  f7:35fe23b0 f16:38093613
21485770ns          382584 1c00940c 009ea223 sw               x9, 4(x29)           x9:3f1272f9 x29:10001f34  PA:10001f38
21485830ns          382587 1c009410 00ef2223 sw               x14, 4(x30)         x14:3f07b98f x30:10001f20  PA:10001f24
21485869ns          382589 1c009414 008f2703 lw               x14, 8(x30)         x14=3e737654 x30:10001f20  PA:10001f28
21485889ns          382590 1c009418 008ea483 lw               x9, 8(x29)           x9=3f00e123 x29:10001f34  PA:10001f3c
21485909ns          382591 1c00941c 10e3f953 fmul.s           f18, f7, f14        f18=xxxxxxxx  f7:35fe23b0 f14:3e737654
21485969ns          382594 1c009420 1093f6d3 fmul.s           f13, f7, f9         f13=xxxxxxxx  f7:35fe23b0  f9:3f00e123
21486009ns          382596 1c009424 000a2783 lw               x15, 0(x20)         x15=00000000 x20:10001ddc  PA:10001ddc
21486029ns          382597 1c009428 909674c7 fmsub.s          f9, f12, f9, f18     f9=xxxxxxxx f12:3f7fffff  f9:3f00e123 f18:34f1b158
21486048ns          382598 1c00942c 68e676c3 fmadd.s          f13, f12, f14, f13  f13=xxxxxxxx f12:3f7fffff f14:3e737654 f13:357fe2b0
21486108ns          382601 1c009430 10c7f553 fmul.s           f10, f15, f12       f10=xxxxxxxx f15:00000000 f12:3f7fffff
21486148ns          382603 1c009434 009ea423 sw               x9, 8(x29)           x9:3f00e11b x29:10001f34  PA:10001f3c
21486168ns          382604 1c009438 00cf2703 lw               x14, 12(x30)        x14=3ef3ff36 x30:10001f20  PA:10001f2c
21486188ns          382605 1c00943c 00df2423 sw               x13, 8(x30)         x13:3e737693 x30:10001f20  PA:10001f28
21486247ns          382608 1c009440 00cea683 lw               x13, 12(x29)        x13=bf193a56 x29:10001f34  PA:10001f40
21486287ns          382610 1c009444 10e3f4d3 fmul.s           f9, f7, f14          f9=xxxxxxxx  f7:35fe23b0 f14:3ef3ff36
21486307ns          382611 1c009448 10d3f453 fmul.s           f8, f7, f13          f8=xxxxxxxx  f7:35fe23b0 f13:bf193a56
21486327ns          382612 1c00944c 00baa22b p.sw             x11, 4(x21!)        x21=10001dcc x11:c18a373f x21:10001dc8  PA:10001dc8
21486387ns          382615 1c009450 48d676c7 fmsub.s          f13, f12, f13, f9   f13=xxxxxxxx f12:3f7fffff f13:bf193a56  f9:3572393b
21486426ns          382617 1c009454 40e67743 fmadd.s          f14, f12, f14, f8   f14=xxxxxxxx f12:3f7fffff f14:3ef3ff36  f8:b5981d3e
21486446ns          382618 1c009458 00aa2023 sw               x10, 0(x20)         x10:00000000 x20:10001ddc  PA:10001ddc
21486466ns          382619 1c00945c 00dea623 sw               x13, 12(x29)        x13:bf193a65 x29:10001f34  PA:10001f40
21486526ns          382622 1c009460 010f2883 lw               x17, 16(x30)        x17=3f03b574 x30:10001f20  PA:10001f30
21486566ns          382624 1c009464 00ef2623 sw               x14, 12(x30)        x14:3ef3ff0f x30:10001f20  PA:10001f2c
21486585ns          382625 1c009468 010ea683 lw               x13, 16(x29)        x13=bda4208f x29:10001f34  PA:10001f44
21486605ns          382626 1c00946c 1113f453 fmul.s           f8, f7, f17          f8=xxxxxxxx  f7:35fe23b0 f17:3f03b574
21486665ns          382629 1c009470 10d3f753 fmul.s           f14, f7, f13        f14=xxxxxxxx  f7:35fe23b0 f13:bda4208f
21486705ns          382631 1c009474 1077f7d3 fmul.s           f15, f15, f7        f15=xxxxxxxx f15:00000000  f7:35fe23b0
21486725ns          382632 1c009478 40d676c7 fmsub.s          f13, f12, f13, f8   f13=xxxxxxxx f12:3f7fffff f13:bda4208f  f8:3582c065
21486745ns          382633 1c00947c 71167743 fmadd.s          f14, f12, f17, f14  f14=xxxxxxxx f12:3f7fffff f17:3f03b574 f14:b422ef2f
21486804ns          382636 1c009480 001f8f93 addi             x31, x31, 1         x31=00000002 x31:00000001
21486844ns          382638 1c009482 00dea823 sw               x13, 16(x29)        x13:bda42111 x29:10001f34  PA:10001f44
21486864ns          382639 1c009486 00ef2823 sw               x14, 16(x30)        x14:3f03b571 x30:10001f20  PA:10001f30
21486884ns          382640 1c00948a 014e8e93 addi             x29, x29, 20        x29=10001f48 x29:10001f34
21486904ns          382641 1c00948c 01430313 addi             x6, x6, 20           x6=10001ee4  x6:10001ed0
21486924ns          382642 1c00948e 014f0f13 addi             x30, x30, 20        x30=10001f34 x30:10001f20
21486944ns          382643 1c009490 014e0e13 addi             x28, x28, 20        x28=10001ed0 x28:10001ebc
21486983ns          382645 1c009492 2dfc4f63 blt              x24, x31, 734       x24:00000001 x31:00000002
21487083ns          382650 1c009770 01412e03 lw               x28, 20(x2)         x28=00000000  x2:10001d98  PA:10001dac
21487103ns          382651 1c009772 00812983 lw               x19, 8(x2)          x19=00000000  x2:10001d98  PA:10001da0
21487123ns          382652 1c009774 0e010893 addi             x17, x2, 224        x17=10001e78  x2:10001d98
21487142ns          382653 1c009778 013887b3 add              x15, x17, x19       x15=10001e78 x17:10001e78 x19:00000000
21487162ns          382654 1c00977c 001e0e13 addi             x28, x28, 1         x28=00000001 x28:00000000
21487222ns          382657 1c00977e f707a023 sw               x16, -160(x15)      x16:ad44ef00 x15:10001e78  PA:10001dd8
21487242ns          382658 1c009782 01c12a23 sw               x28, 20(x2)         x28:00000001  x2:10001d98  PA:10001dac
21487262ns          382659 1c009784 fff00793 addi             x15, x0, -1         x15=ffffffff
21487282ns          382660 1c009786 00fdc663 blt              x27, x15, 12        x27:00000000 x15:ffffffff
21487302ns          382661 1c00978a 04b00793 addi             x15, x0, 75         x15=0000004b
21487361ns          382664 1c00978e a8fe1c63 bne              x28, x15, -3432     x28:00000001 x15:0000004b
21487461ns          382669 1c008a26 00812503 lw               x10, 8(x2)          x10=00000000  x2:10001d98  PA:10001da0
21487500ns          382671 1c008a28 04010613 addi             x12, x2, 64         x12=10001dd8  x2:10001d98
21487520ns          382672 1c008a2a 01b509b3 add              x19, x10, x27       x19=00000000 x10:00000000 x27:00000000
21487540ns          382673 1c008a2e 02c10593 addi             x11, x2, 44         x11=10001dc4  x2:10001d98
21487580ns          382675 1c008a30 00a60633 add              x12, x12, x10       x12=10001dd8 x12:10001dd8 x10:00000000
21487620ns          382677 1c008a32 002d8693 addi             x13, x27, 2         x13=00000002 x27:00000000
21487640ns          382678 1c008a36 1c000437 lui              x8, 0x1c000000       x8=1c000000
21487660ns          382679 1c008a3a 1c0004b7 lui              x9, 0x1c000000       x9=1c000000
21487679ns          382680 1c008a3e 00299993 slli             x19, x19, 0x2       x19=00000000 x19:00000000
21487719ns          382682 1c008a40 00a58b33 add              x22, x11, x10       x22=10001dc4 x11:10001dc4 x10:00000000
21487759ns          382684 1c008a44 00c12623 sw               x12, 12(x2)         x12:10001dd8  x2:10001d98  PA:10001da4
21487779ns          382685 1c008a46 00d12c23 sw               x13, 24(x2)         x13:00000002  x2:10001d98  PA:10001db0
21487799ns          382686 1c008a48 02842a83 lw               x21, 40(x8)         x21=0c000000  x8:1c000000  PA:1c000028
21488097ns          382701 1c008a4c 02c4ab83 lw               x23, 44(x9)         x23=34000000  x9:1c000000  PA:1c00002c
21488396ns          382716 1c008a50 01a989b3 add              x19, x19, x26       x19=10001ebc x19:00000000 x26:10001ebc
21488415ns          382717 1c008a52 00000f13 addi             x30, x0, 0          x30=00000000
21488435ns          382718 1c008a56 018007b3 add              x15, x0, x24        x15=00000001 x24:00000001
21488455ns          382719 1c008a58 004b2283 lw               x5, 4(x22)           x5=c18a373f x22:10001dc4  PA:10001dc8
21488475ns          382720 1c008a5c 71fdace3 p.beqimm         x27, 3864           x27:00000000
21488515ns          382722 1c008a60 01412e03 lw               x28, 20(x2)         x28=00000001  x2:10001d98  PA:10001dac
21488535ns          382723 1c008a62 01400e93 addi             x29, x0, 20         x29=00000014
21488555ns          382724 1c008a64 77cec8e3 blt              x29, x28, 3952      x29:00000014 x28:00000001
21488575ns          382725 1c008a68 00c12f83 lw               x31, 12(x2)         x31=10001dd8  x2:10001d98  PA:10001da4
21488614ns          382727 1c008a6a 000fa683 lw               x13, 0(x31)         x13=ad44ef00 x31:10001dd8  PA:10001dd8
21488654ns          382729 1c008a6e a1e69753 flt.s            x14, f13, f30       x14=00000001 f13:ad44ef00 f30:00000000
21488674ns          382730 1c008a72 00070363 beq              x14, x0, 6          x14:00000001
21488694ns          382731 1c008a74 20d696d3 fsgnjn.s         f13, f13, f13       f13=xxxxxxxx f13:ad44ef00 f13:ad44ef00
21488714ns          382732 1c008a78 000b2603 lw               x12, 0(x22)         x12=421b0aa8 x22:10001dc4  PA:10001dc4
21488754ns          382734 1c008a7c a1e61753 flt.s            x14, f12, f30       x14=00000000 f12:421b0aa8 f30:00000000
21488793ns          382736 1c008a80 00c005b3 add              x11, x0, x12        x11=421b0aa8 x12:421b0aa8
21488813ns          382737 1c008a82 00070363 beq              x14, x0, 6          x14:00000000
21488873ns          382740 1c008a88 a1e29753 flt.s            x14, f5, f30        x14=00000001  f5:c18a373f f30:00000000
21488893ns          382741 1c008a8c 00070363 beq              x14, x0, 6          x14:00000001
21488952ns          382744 1c008a8e 33c0106f jal              x0, 4924           
21489072ns          382750 1c009dca 20529753 fsgnjn.s         f14, f5, f5         f14=xxxxxxxx  f5:c18a373f  f5:c18a373f
21489131ns          382753 1c009dce cc7fe06f jal              x0, -4922          
21489171ns          382755 1c008a94 00b77753 fadd.s           f14, f14, f11       f14=xxxxxxxx f14:418a373f f11:421b0aa8
21489191ns          382756 1c008a98 11777753 fmul.s           f14, f14, f23       f14=xxxxxxxx f14:42602648 f23:34000000
21489211ns          382757 1c008a9c a0e68753 fle.s            x14, f13, f14       x14=00000001 f13:2d44ef00 f14:36e02648
21489271ns          382760 1c008aa0 00070363 beq              x14, x0, 6          x14:00000001
21489311ns          382762 1c008aa2 3140106f jal              x0, 4884           
21489430ns          382768 1c009db6 002d9713 slli             x14, x27, 0x2       x14=00000000 x27:00000000
21489450ns          382769 1c009dba 0e010393 addi             x7, x2, 224          x7=10001e78  x2:10001d98
21489470ns          382770 1c009dbe 00770733 add              x14, x14, x7        x14=10001e78 x14:00000000  x7:10001e78
21489490ns          382771 1c009dc0 01800833 add              x16, x0, x24        x16=00000001 x24:00000001
21489509ns          382772 1c009dc2 01b006b3 add              x13, x0, x27        x13=00000000 x27:00000000
21489529ns          382773 1c009dc4 f6072023 sw               x0, -160(x14)       x14:10001e78  PA:10001dd8
21489549ns          382774 1c009dc8 a31ff06f jal              x0, -1488          
21489629ns          382778 1c0097f8 c3881763 bne              x16, x24, -3026     x16:00000001 x24:00000001
21489669ns          382780 1c0097fc a1e29753 flt.s            x14, f5, f30        x14=00000001  f5:c18a373f f30:00000000
21489728ns          382783 1c009800 00268613 addi             x12, x13, 2         x12=00000002 x13:00000000
21489768ns          382785 1c009804 16071d63 bne              x14, x0, 378        x14:00000001
21489947ns          382794 1c00997e 0149a803 lw               x16, 20(x19)        x16=3f021bdc x19:10001ebc  PA:10001ed0
21489987ns          382796 1c009982 0189a503 lw               x10, 24(x19)        x10=be89bb80 x19:10001ebc  PA:10001ed4
21490007ns          382797 1c009986 01c9a583 lw               x11, 28(x19)        x11=bf0ea2f8 x19:10001ebc  PA:10001ed8
21490027ns          382798 1c00998a 0209a683 lw               x13, 32(x19)        x13=3f056cd2 x19:10001ebc  PA:10001edc
21490086ns          382801 1c00998e 0249a703 lw               x14, 36(x19)        x14=be973b2a x19:10001ebc  PA:10001ee0
21490126ns          382803 1c009992 205292d3 fsgnjn.s         f5, f5, f5           f5=xxxxxxxx  f5:c18a373f  f5:c18a373f
21490146ns          382804 1c009996 21081853 fsgnjn.s         f16, f16, f16       f16=xxxxxxxx f16:3f021bdc f16:3f021bdc
21490166ns          382805 1c00999a 20a51553 fsgnjn.s         f10, f10, f10       f10=xxxxxxxx f10:be89bb80 f10:be89bb80
21490225ns          382808 1c00999e 20b595d3 fsgnjn.s         f11, f11, f11       f11=xxxxxxxx f11:bf0ea2f8 f11:bf0ea2f8
21490265ns          382810 1c0099a2 20d696d3 fsgnjn.s         f13, f13, f13       f13=xxxxxxxx f13:3f056cd2 f13:3f056cd2
21490285ns          382811 1c0099a6 20e71753 fsgnjn.s         f14, f14, f14       f14=xxxxxxxx f14:be973b2a f14:be973b2a
21490305ns          382812 1c0099aa 005b2223 sw               x5, 4(x22)           x5:418a373f x22:10001dc4  PA:10001dc8
21490365ns          382815 1c0099ae 0109aa23 sw               x16, 20(x19)        x16:bf021bdc x19:10001ebc  PA:10001ed0
21490405ns          382817 1c0099b2 00a9ac23 sw               x10, 24(x19)        x10:3e89bb80 x19:10001ebc  PA:10001ed4
21490424ns          382818 1c0099b6 00b9ae23 sw               x11, 28(x19)        x11:3f0ea2f8 x19:10001ebc  PA:10001ed8
21490444ns          382819 1c0099ba 02d9a023 sw               x13, 32(x19)        x13:bf056cd2 x19:10001ebc  PA:10001edc
21490504ns          382822 1c0099be 02e9a223 sw               x14, 36(x19)        x14:3e973b2a x19:10001ebc  PA:10001ee0
21490524ns          382823 1c0099c2 e47ff06f jal              x0, -442           
21490564ns          382825 1c009808 144c2363 p.beqimm         x24, 326            x24:00000001
21490584ns          382826 1c00980c 00261393 slli             x7, x12, 0x2         x7=00000008 x12:00000002
21490643ns          382829 1c009810 0e010e93 addi             x29, x2, 224        x29=10001e78  x2:10001d98
21490683ns          382831 1c009814 007e8733 add              x14, x29, x7        x14=10001e80 x29:10001e78  x7:00000008
21490703ns          382832 1c009818 f4c72403 lw               x8, -180(x14)        x8=414d197a x14:10001e80  PA:10001dcc
21490723ns          382833 1c00981c 02c10f93 addi             x31, x2, 44         x31=10001dc4  x2:10001d98
21490782ns          382836 1c009820 a0829753 flt.s            x14, f5, f8         x14=00000000  f5:418a373f  f8:414d197a
21490822ns          382838 1c009824 01f383b3 add              x7, x7, x31          x7=10001dcc  x7:00000008 x31:10001dc4
21490842ns          382839 1c009826 00300c13 addi             x24, x0, 3          x24=00000003
21490862ns          382840 1c009828 12070363 beq              x14, x0, 294        x14:00000000
21491001ns          382847 1c00994e 00c12f83 lw               x31, 12(x2)         x31=10001dd8  x2:10001d98  PA:10001da4
21491041ns          382849 1c009950 01812303 lw               x6, 24(x2)           x6=00000002  x2:10001d98  PA:10001db0
21491061ns          382850 1c009952 ffcf8f93 addi             x31, x31, -4        x31=10001dd4 x31:10001dd8
21491081ns          382851 1c009954 fff30313 addi             x6, x6, -1           x6=00000001  x6:00000002
21491101ns          382852 1c009956 fffd8d93 addi             x27, x27, -1        x27=ffffffff x27:00000000
21491121ns          382853 1c009958 01f12623 sw               x31, 12(x2)         x31:10001dd4  x2:10001d98  PA:10001da4
21491140ns          382854 1c00995a 00012a23 sw               x0, 20(x2)           x2:10001d98  PA:10001dac
21491160ns          382855 1c00995c 00612c23 sw               x6, 24(x2)           x6:00000001  x2:10001d98  PA:10001db0
21491180ns          382856 1c00995e ffcb0b13 addi             x22, x22, -4        x22=10001dc0 x22:10001dc4
21491200ns          382857 1c009960 fec98993 addi             x19, x19, -20       x19=10001ea8 x19:10001ebc
21491220ns          382858 1c009962 001d8c13 addi             x24, x27, 1         x24=00000000 x27:ffffffff
21491240ns          382859 1c009966 e20306e3 beq              x6, x0, -468         x6:00000001
21491260ns          382860 1c00996a 018007b3 add              x15, x0, x24        x15=00000000 x24:00000000
21491280ns          382861 1c00996c 004b2283 lw               x5, 4(x22)           x5=421b0aa8 x22:10001dc0  PA:10001dc4
21491300ns          382862 1c009970 8ffdb863 p.bneimm         x27, -3856          x27:ffffffff
21491319ns          382863 1c009974 a1e29753 flt.s            x14, f5, f30        x14=00000000  f5:421b0aa8 f30:00000000
21491339ns          382864 1c009978 00100613 addi             x12, x0, 1          x12=00000001
21491359ns          382865 1c00997a e80707e3 beq              x14, x0, -370       x14:00000000
21491419ns          382868 1c009808 144c2363 p.beqimm         x24, 326            x24:00000000
21491439ns          382869 1c00980c 00261393 slli             x7, x12, 0x2         x7=00000004 x12:00000001
21491459ns          382870 1c009810 0e010e93 addi             x29, x2, 224        x29=10001e78  x2:10001d98
21491479ns          382871 1c009814 007e8733 add              x14, x29, x7        x14=10001e7c x29:10001e78  x7:00000004
21491498ns          382872 1c009818 f4c72403 lw               x8, -180(x14)        x8=418a373f x14:10001e7c  PA:10001dc8
21491518ns          382873 1c00981c 02c10f93 addi             x31, x2, 44         x31=10001dc4  x2:10001d98
21491538ns          382874 1c009820 a0829753 flt.s            x14, f5, f8         x14=00000000  f5:421b0aa8  f8:418a373f
21491558ns          382875 1c009824 01f383b3 add              x7, x7, x31          x7=10001dc8  x7:00000004 x31:10001dc4
21491578ns          382876 1c009826 00300c13 addi             x24, x0, 3          x24=00000003
21491598ns          382877 1c009828 12070363 beq              x14, x0, 294        x14:00000000
21491658ns          382880 1c00994e 00c12f83 lw               x31, 12(x2)         x31=10001dd4  x2:10001d98  PA:10001da4
21491678ns          382881 1c009950 01812303 lw               x6, 24(x2)           x6=00000001  x2:10001d98  PA:10001db0
21491697ns          382882 1c009952 ffcf8f93 addi             x31, x31, -4        x31=10001dd0 x31:10001dd4
21491717ns          382883 1c009954 fff30313 addi             x6, x6, -1           x6=00000000  x6:00000001
21491737ns          382884 1c009956 fffd8d93 addi             x27, x27, -1        x27=fffffffe x27:ffffffff
21491757ns          382885 1c009958 01f12623 sw               x31, 12(x2)         x31:10001dd0  x2:10001d98  PA:10001da4
21491777ns          382886 1c00995a 00012a23 sw               x0, 20(x2)           x2:10001d98  PA:10001dac
21491797ns          382887 1c00995c 00612c23 sw               x6, 24(x2)           x6:00000000  x2:10001d98  PA:10001db0
21491817ns          382888 1c00995e ffcb0b13 addi             x22, x22, -4        x22=10001dbc x22:10001dc0
21491837ns          382889 1c009960 fec98993 addi             x19, x19, -20       x19=10001e94 x19:10001ea8
21491857ns          382890 1c009962 001d8c13 addi             x24, x27, 1         x24=ffffffff x27:fffffffe
21491876ns          382891 1c009966 e20306e3 beq              x6, x0, -468         x6:00000000
21491936ns          382894 1c009792 01c12703 lw               x14, 28(x2)         x14=10001ea8  x2:10001d98  PA:10001db4
21491956ns          382895 1c009794 03012783 lw               x15, 48(x2)         x15=418a373f  x2:10001d98  PA:10001dc8
21491976ns          382896 1c009796 10c12403 lw               x8, 268(x2)          x8=00000003  x2:10001d98  PA:10001ea4
21491996ns          382897 1c00979a 00f72223 sw               x15, 4(x14)         x15:418a373f x14:10001ea8  PA:10001eac
21492016ns          382898 1c00979c 02c12783 lw               x15, 44(x2)         x15=421b0aa8  x2:10001d98  PA:10001dc4
21492055ns          382900 1c00979e 10812483 lw               x9, 264(x2)          x9=1c010000  x2:10001d98  PA:10001ea0
21492075ns          382901 1c0097a2 00f72023 sw               x15, 0(x14)         x15:421b0aa8 x14:10001ea8  PA:10001ea8
21492095ns          382902 1c0097a4 03412783 lw               x15, 52(x2)         x15=414d197a  x2:10001d98  PA:10001dcc
21492115ns          382903 1c0097a6 10412903 lw               x18, 260(x2)        x18=10001f20  x2:10001d98  PA:10001e9c
21492135ns          382904 1c0097aa 00f72423 sw               x15, 8(x14)         x15:414d197a x14:10001ea8  PA:10001eb0
21492155ns          382905 1c0097ac 03812783 lw               x15, 56(x2)         x15=41213ff7  x2:10001d98  PA:10001dd0
21492195ns          382907 1c0097ae 10012983 lw               x19, 256(x2)        x19=xxxxxxxx  x2:10001d98  PA:10001e98
21492215ns          382908 1c0097b2 00f72623 sw               x15, 12(x14)        x15:41213ff7 x14:10001ea8  PA:10001eb4
21492234ns          382909 1c0097b4 03c12783 lw               x15, 60(x2)         x15=40da2824  x2:10001d98  PA:10001dd4
21492254ns          382910 1c0097b6 0fc12a03 lw               x20, 252(x2)        x20=xxxxxxxx  x2:10001d98  PA:10001e94
21492274ns          382911 1c0097b8 00f72823 sw               x15, 16(x14)        x15:40da2824 x14:10001ea8  PA:10001eb8
21492294ns          382912 1c0097ba 0f812a83 lw               x21, 248(x2)        x21=xxxxxxxx  x2:10001d98  PA:10001e90
21492314ns          382913 1c0097bc 0f412b03 lw               x22, 244(x2)        x22=xxxxxxxx  x2:10001d98  PA:10001e8c
21492334ns          382914 1c0097be 0f012b83 lw               x23, 240(x2)        x23=xxxxxxxx  x2:10001d98  PA:10001e88
21492354ns          382915 1c0097c0 0ec12c03 lw               x24, 236(x2)        x24=xxxxxxxx  x2:10001d98  PA:10001e84
21492374ns          382916 1c0097c2 0e812c83 lw               x25, 232(x2)        x25=xxxxxxxx  x2:10001d98  PA:10001e80
21492394ns          382917 1c0097c4 0e412d03 lw               x26, 228(x2)        x26=xxxxxxxx  x2:10001d98  PA:10001e7c
21492413ns          382918 1c0097c6 0e012d83 lw               x27, 224(x2)        x27=xxxxxxxx  x2:10001d98  PA:10001e78
21492433ns          382919 1c0097c8 11010113 addi             x2, x2, 272          x2=10001ea8  x2:10001d98
21492453ns          382920 1c0097ca 00008067 jalr             x0, x1, 0            x1:1c00a90e
21492632ns          382929 1c00a90e 291010ef jal              x1, 6800             x1=1c00a912
21492791ns          382937 1c00c39e f14027f3 csrrs            x15, x0, 0xf14      x15=00000003
21492811ns          382938 1c00c3a2 01f00713 addi             x14, x0, 31         x14=0000001f
21492831ns          382939 1c00c3a4 ca5797b3 p.extractu       x15, x15, 5, 5      x15=00000000 x15:00000003
21492851ns          382940 1c00c3a8 00e78863 beq              x15, x14, 16        x15:00000000 x14:0000001f
21492871ns          382941 1c00c3ac 002047b7 lui              x15, 0x204000       x15=00204000
21492931ns          382944 1c00c3b0 20078793 addi             x15, x15, 512       x15=00204200 x15:00204000
21492970ns          382946 1c00c3b4 01c7e703 p.elw            x14, 28(x15)        x14=00010000 x15:00204200  PA:0020421c
21493090ns          382952 1c00c3b8 00008067 jalr             x0, x1, 0            x1:1c00a912
21493149ns          382955 1c00a912 f14027f3 csrrs            x15, x0, 0xf14      x15=00000003
21493169ns          382956 1c00a916 f457b7b3 p.bclr           x15, x15, 26, 5     x15=00000003 x15:00000003
21493189ns          382957 1c00a91a 14078e63 beq              x15, x0, 348        x15:00000003
21493627ns          382979 1c00a91e 281010ef jal              x1, 6784             x1=1c00a922
21493686ns          382982 1c00c39e f14027f3 csrrs            x15, x0, 0xf14      x15=00000003
21493706ns          382983 1c00c3a2 01f00713 addi             x14, x0, 31         x14=0000001f
21493726ns          382984 1c00c3a4 ca5797b3 p.extractu       x15, x15, 5, 5      x15=00000000 x15:00000003
21493746ns          382985 1c00c3a8 00e78863 beq              x15, x14, 16        x15:00000000 x14:0000001f
21493766ns          382986 1c00c3ac 002047b7 lui              x15, 0x204000       x15=00204000
21493786ns          382987 1c00c3b0 20078793 addi             x15, x15, 512       x15=00204200 x15:00204000
21493806ns          382988 1c00c3b4 01c7e703 p.elw            x14, 28(x15)        x14=00010000 x15:00204200  PA:0020421c
22165131ns          416494 1c00c3b8 00008067 jalr             x0, x1, 0            x1:1c00a922
22165171ns          416496 1c00a922 0dc10693 addi             x13, x2, 220        x13=10001f84  x2:10001ea8
22165191ns          416497 1c00a924 01200733 add              x14, x0, x18        x14=10001f20 x18:10001f20
22165211ns          416498 1c00a926 00d00633 add              x12, x0, x13        x12=10001f84 x13:10001f84
22165231ns          416499 1c00a928 00000513 addi             x10, x0, 0          x10=00000000
22165251ns          416500 1c00a92c 0047278b p.lw             x15, 4(x14!)        x15=3ed3770f x14=10001f24 x14:10001f20  PA:10001f20
22165753ns          416525 1c00a930 a0a795d3 flt.s            x11, f15, f10       x11=00000000 f15:3ed3770f f10:00000000
22165793ns          416527 1c00a934 12059663 bne              x11, x0, 300        x11:00000000
22165813ns          416528 1c00a938 00f6222b p.sw             x15, 4(x12!)        x12=10001f88 x15:3ed3770f x12:10001f84  PA:10001f84
22165833ns          416529 1c00a93c fed718e3 bne              x14, x13, -16       x14:10001f24 x13:10001f84
22166314ns          416553 1c00a92c 0047278b p.lw             x15, 4(x14!)        x15=3f07b98f x14=10001f28 x14:10001f24  PA:10001f24
22166355ns          416555 1c00a930 a0a795d3 flt.s            x11, f15, f10       x11=00000000 f15:3f07b98f f10:00000000
22166375ns          416556 1c00a934 12059663 bne              x11, x0, 300        x11:00000000
22166395ns          416557 1c00a938 00f6222b p.sw             x15, 4(x12!)        x12=10001f8c x15:3f07b98f x12:10001f88  PA:10001f88
22166415ns          416558 1c00a93c fed718e3 bne              x14, x13, -16       x14:10001f28 x13:10001f84
22166475ns          416561 1c00a92c 0047278b p.lw             x15, 4(x14!)        x15=3e737693 x14=10001f2c x14:10001f28  PA:10001f28
22166515ns          416563 1c00a930 a0a795d3 flt.s            x11, f15, f10       x11=00000000 f15:3e737693 f10:00000000
22166535ns          416564 1c00a934 12059663 bne              x11, x0, 300        x11:00000000
22166555ns          416565 1c00a938 00f6222b p.sw             x15, 4(x12!)        x12=10001f90 x15:3e737693 x12:10001f8c  PA:10001f8c
22166575ns          416566 1c00a93c fed718e3 bne              x14, x13, -16       x14:10001f2c x13:10001f84
22166635ns          416569 1c00a92c 0047278b p.lw             x15, 4(x14!)        x15=3ef3ff0f x14=10001f30 x14:10001f2c  PA:10001f2c
22166676ns          416571 1c00a930 a0a795d3 flt.s            x11, f15, f10       x11=00000000 f15:3ef3ff0f f10:00000000
22166696ns          416572 1c00a934 12059663 bne              x11, x0, 300        x11:00000000
22166716ns          416573 1c00a938 00f6222b p.sw             x15, 4(x12!)        x12=10001f94 x15:3ef3ff0f x12:10001f90  PA:10001f90
22166736ns          416574 1c00a93c fed718e3 bne              x14, x13, -16       x14:10001f30 x13:10001f84
22166796ns          416577 1c00a92c 0047278b p.lw             x15, 4(x14!)        x15=3f03b571 x14=10001f34 x14:10001f30  PA:10001f30
22166836ns          416579 1c00a930 a0a795d3 flt.s            x11, f15, f10       x11=00000000 f15:3f03b571 f10:00000000
22166856ns          416580 1c00a934 12059663 bne              x11, x0, 300        x11:00000000
22166876ns          416581 1c00a938 00f6222b p.sw             x15, 4(x12!)        x12=10001f98 x15:3f03b571 x12:10001f94  PA:10001f94
22166896ns          416582 1c00a93c fed718e3 bne              x14, x13, -16       x14:10001f34 x13:10001f84
22166957ns          416585 1c00a92c 0047278b p.lw             x15, 4(x14!)        x15=be6f4c78 x14=10001f38 x14:10001f34  PA:10001f34
22166997ns          416587 1c00a930 a0a795d3 flt.s            x11, f15, f10       x11=00000001 f15:be6f4c78 f10:00000000
22167017ns          416588 1c00a934 12059663 bne              x11, x0, 300        x11:00000001
22167498ns          416612 1c00aa60 20f797d3 fsgnjn.s         f15, f15, f15       f15=xxxxxxxx f15:be6f4c78 f15:be6f4c78
22167538ns          416614 1c00aa64 00f6222b p.sw             x15, 4(x12!)        x12=10001f9c x15:3e6f4c78 x12:10001f98  PA:10001f98
22167558ns          416615 1c00aa68 ecd712e3 bne              x14, x13, -316      x14:10001f38 x13:10001f84
22167679ns          416621 1c00a92c 0047278b p.lw             x15, 4(x14!)        x15=3f1272f9 x14=10001f3c x14:10001f38  PA:10001f38
22167719ns          416623 1c00a930 a0a795d3 flt.s            x11, f15, f10       x11=00000000 f15:3f1272f9 f10:00000000
22167739ns          416624 1c00a934 12059663 bne              x11, x0, 300        x11:00000000
22167759ns          416625 1c00a938 00f6222b p.sw             x15, 4(x12!)        x12=10001fa0 x15:3f1272f9 x12:10001f9c  PA:10001f9c
22167779ns          416626 1c00a93c fed718e3 bne              x14, x13, -16       x14:10001f3c x13:10001f84
22167839ns          416629 1c00a92c 0047278b p.lw             x15, 4(x14!)        x15=3f00e11b x14=10001f40 x14:10001f3c  PA:10001f3c
22167880ns          416631 1c00a930 a0a795d3 flt.s            x11, f15, f10       x11=00000000 f15:3f00e11b f10:00000000
22167900ns          416632 1c00a934 12059663 bne              x11, x0, 300        x11:00000000
22167920ns          416633 1c00a938 00f6222b p.sw             x15, 4(x12!)        x12=10001fa4 x15:3f00e11b x12:10001fa0  PA:10001fa0
22167940ns          416634 1c00a93c fed718e3 bne              x14, x13, -16       x14:10001f40 x13:10001f84
22168000ns          416637 1c00a92c 0047278b p.lw             x15, 4(x14!)        x15=bf193a65 x14=10001f44 x14:10001f40  PA:10001f40
22168040ns          416639 1c00a930 a0a795d3 flt.s            x11, f15, f10       x11=00000001 f15:bf193a65 f10:00000000
22168060ns          416640 1c00a934 12059663 bne              x11, x0, 300        x11:00000001
22168120ns          416643 1c00aa60 20f797d3 fsgnjn.s         f15, f15, f15       f15=xxxxxxxx f15:bf193a65 f15:bf193a65
22168140ns          416644 1c00aa64 00f6222b p.sw             x15, 4(x12!)        x12=10001fa8 x15:3f193a65 x12:10001fa4  PA:10001fa4
22168160ns          416645 1c00aa68 ecd712e3 bne              x14, x13, -316      x14:10001f44 x13:10001f84
22168221ns          416648 1c00a92c 0047278b p.lw             x15, 4(x14!)        x15=bda42111 x14=10001f48 x14:10001f44  PA:10001f44
22168261ns          416650 1c00a930 a0a795d3 flt.s            x11, f15, f10       x11=00000001 f15:bda42111 f10:00000000
22168281ns          416651 1c00a934 12059663 bne              x11, x0, 300        x11:00000001
22168341ns          416654 1c00aa60 20f797d3 fsgnjn.s         f15, f15, f15       f15=xxxxxxxx f15:bda42111 f15:bda42111
22168361ns          416655 1c00aa64 00f6222b p.sw             x15, 4(x12!)        x12=10001fac x15:3da42111 x12:10001fa8  PA:10001fa8
22168381ns          416656 1c00aa68 ecd712e3 bne              x14, x13, -316      x14:10001f48 x13:10001f84
22168441ns          416659 1c00a92c 0047278b p.lw             x15, 4(x14!)        x15=bebe9152 x14=10001f4c x14:10001f48  PA:10001f48
22168481ns          416661 1c00a930 a0a795d3 flt.s            x11, f15, f10       x11=00000001 f15:bebe9152 f10:00000000
22168502ns          416662 1c00a934 12059663 bne              x11, x0, 300        x11:00000001
22168562ns          416665 1c00aa60 20f797d3 fsgnjn.s         f15, f15, f15       f15=xxxxxxxx f15:bebe9152 f15:bebe9152
22168582ns          416666 1c00aa64 00f6222b p.sw             x15, 4(x12!)        x12=10001fb0 x15:3ebe9152 x12:10001fac  PA:10001fac
22168602ns          416667 1c00aa68 ecd712e3 bne              x14, x13, -316      x14:10001f4c x13:10001f84
22168662ns          416670 1c00a92c 0047278b p.lw             x15, 4(x14!)        x15=be9f05d3 x14=10001f50 x14:10001f4c  PA:10001f4c
22168702ns          416672 1c00a930 a0a795d3 flt.s            x11, f15, f10       x11=00000001 f15:be9f05d3 f10:00000000
22168722ns          416673 1c00a934 12059663 bne              x11, x0, 300        x11:00000001
22168782ns          416676 1c00aa60 20f797d3 fsgnjn.s         f15, f15, f15       f15=xxxxxxxx f15:be9f05d3 f15:be9f05d3
22168803ns          416677 1c00aa64 00f6222b p.sw             x15, 4(x12!)        x12=10001fb4 x15:3e9f05d3 x12:10001fb0  PA:10001fb0
22168823ns          416678 1c00aa68 ecd712e3 bne              x14, x13, -316      x14:10001f50 x13:10001f84
22168883ns          416681 1c00a92c 0047278b p.lw             x15, 4(x14!)        x15=3ca1afde x14=10001f54 x14:10001f50  PA:10001f50
22168923ns          416683 1c00a930 a0a795d3 flt.s            x11, f15, f10       x11=00000000 f15:3ca1afde f10:00000000
22168943ns          416684 1c00a934 12059663 bne              x11, x0, 300        x11:00000000
22168963ns          416685 1c00a938 00f6222b p.sw             x15, 4(x12!)        x12=10001fb8 x15:3ca1afde x12:10001fb4  PA:10001fb4
22168983ns          416686 1c00a93c fed718e3 bne              x14, x13, -16       x14:10001f54 x13:10001f84
22169043ns          416689 1c00a92c 0047278b p.lw             x15, 4(x14!)        x15=be7d2a67 x14=10001f58 x14:10001f54  PA:10001f54
22169083ns          416691 1c00a930 a0a795d3 flt.s            x11, f15, f10       x11=00000001 f15:be7d2a67 f10:00000000
22169103ns          416692 1c00a934 12059663 bne              x11, x0, 300        x11:00000001
22169164ns          416695 1c00aa60 20f797d3 fsgnjn.s         f15, f15, f15       f15=xxxxxxxx f15:be7d2a67 f15:be7d2a67
22169184ns          416696 1c00aa64 00f6222b p.sw             x15, 4(x12!)        x12=10001fbc x15:3e7d2a67 x12:10001fb8  PA:10001fb8
22169204ns          416697 1c00aa68 ecd712e3 bne              x14, x13, -316      x14:10001f58 x13:10001f84
22169264ns          416700 1c00a92c 0047278b p.lw             x15, 4(x14!)        x15=3f56b7ab x14=10001f5c x14:10001f58  PA:10001f58
22169304ns          416702 1c00a930 a0a795d3 flt.s            x11, f15, f10       x11=00000000 f15:3f56b7ab f10:00000000
22169324ns          416703 1c00a934 12059663 bne              x11, x0, 300        x11:00000000
22169344ns          416704 1c00a938 00f6222b p.sw             x15, 4(x12!)        x12=10001fc0 x15:3f56b7ab x12:10001fbc  PA:10001fbc
22169364ns          416705 1c00a93c fed718e3 bne              x14, x13, -16       x14:10001f5c x13:10001f84
22169425ns          416708 1c00a92c 0047278b p.lw             x15, 4(x14!)        x15=bf4b0394 x14=10001f60 x14:10001f5c  PA:10001f5c
22169465ns          416710 1c00a930 a0a795d3 flt.s            x11, f15, f10       x11=00000001 f15:bf4b0394 f10:00000000
22169485ns          416711 1c00a934 12059663 bne              x11, x0, 300        x11:00000001
22169545ns          416714 1c00aa60 20f797d3 fsgnjn.s         f15, f15, f15       f15=xxxxxxxx f15:bf4b0394 f15:bf4b0394
22169565ns          416715 1c00aa64 00f6222b p.sw             x15, 4(x12!)        x12=10001fc4 x15:3f4b0394 x12:10001fc0  PA:10001fc0
22169585ns          416716 1c00aa68 ecd712e3 bne              x14, x13, -316      x14:10001f60 x13:10001f84
22169645ns          416719 1c00a92c 0047278b p.lw             x15, 4(x14!)        x15=3e4b48b5 x14=10001f64 x14:10001f60  PA:10001f60
22169685ns          416721 1c00a930 a0a795d3 flt.s            x11, f15, f10       x11=00000000 f15:3e4b48b5 f10:00000000
22169705ns          416722 1c00a934 12059663 bne              x11, x0, 300        x11:00000000
22169726ns          416723 1c00a938 00f6222b p.sw             x15, 4(x12!)        x12=10001fc8 x15:3e4b48b5 x12:10001fc4  PA:10001fc4
22169746ns          416724 1c00a93c fed718e3 bne              x14, x13, -16       x14:10001f64 x13:10001f84
22169806ns          416727 1c00a92c 0047278b p.lw             x15, 4(x14!)        x15=3d65533d x14=10001f68 x14:10001f64  PA:10001f64
22169846ns          416729 1c00a930 a0a795d3 flt.s            x11, f15, f10       x11=00000000 f15:3d65533d f10:00000000
22169866ns          416730 1c00a934 12059663 bne              x11, x0, 300        x11:00000000
22169886ns          416731 1c00a938 00f6222b p.sw             x15, 4(x12!)        x12=10001fcc x15:3d65533d x12:10001fc8  PA:10001fc8
22169906ns          416732 1c00a93c fed718e3 bne              x14, x13, -16       x14:10001f68 x13:10001f84
22169966ns          416735 1c00a92c 0047278b p.lw             x15, 4(x14!)        x15=3f0fcd84 x14=10001f6c x14:10001f68  PA:10001f68
22170006ns          416737 1c00a930 a0a795d3 flt.s            x11, f15, f10       x11=00000000 f15:3f0fcd84 f10:00000000
22170027ns          416738 1c00a934 12059663 bne              x11, x0, 300        x11:00000000
22170047ns          416739 1c00a938 00f6222b p.sw             x15, 4(x12!)        x12=10001fd0 x15:3f0fcd84 x12:10001fcc  PA:10001fcc
22170067ns          416740 1c00a93c fed718e3 bne              x14, x13, -16       x14:10001f6c x13:10001f84
22170127ns          416743 1c00a92c 0047278b p.lw             x15, 4(x14!)        x15=bde9c2a1 x14=10001f70 x14:10001f6c  PA:10001f6c
22170167ns          416745 1c00a930 a0a795d3 flt.s            x11, f15, f10       x11=00000001 f15:bde9c2a1 f10:00000000
22170187ns          416746 1c00a934 12059663 bne              x11, x0, 300        x11:00000001
22170247ns          416749 1c00aa60 20f797d3 fsgnjn.s         f15, f15, f15       f15=xxxxxxxx f15:bde9c2a1 f15:bde9c2a1
22170267ns          416750 1c00aa64 00f6222b p.sw             x15, 4(x12!)        x12=10001fd4 x15:3de9c2a1 x12:10001fd0  PA:10001fd0
22170287ns          416751 1c00aa68 ecd712e3 bne              x14, x13, -316      x14:10001f70 x13:10001f84
22170348ns          416754 1c00a92c 0047278b p.lw             x15, 4(x14!)        x15=3daffadc x14=10001f74 x14:10001f70  PA:10001f70
22170388ns          416756 1c00a930 a0a795d3 flt.s            x11, f15, f10       x11=00000000 f15:3daffadc f10:00000000
22170408ns          416757 1c00a934 12059663 bne              x11, x0, 300        x11:00000000
22170428ns          416758 1c00a938 00f6222b p.sw             x15, 4(x12!)        x12=10001fd8 x15:3daffadc x12:10001fd4  PA:10001fd4
22170448ns          416759 1c00a93c fed718e3 bne              x14, x13, -16       x14:10001f74 x13:10001f84
22170508ns          416762 1c00a92c 0047278b p.lw             x15, 4(x14!)        x15=bf017869 x14=10001f78 x14:10001f74  PA:10001f74
22170548ns          416764 1c00a930 a0a795d3 flt.s            x11, f15, f10       x11=00000001 f15:bf017869 f10:00000000
22170568ns          416765 1c00a934 12059663 bne              x11, x0, 300        x11:00000001
22170628ns          416768 1c00aa60 20f797d3 fsgnjn.s         f15, f15, f15       f15=xxxxxxxx f15:bf017869 f15:bf017869
22170649ns          416769 1c00aa64 00f6222b p.sw             x15, 4(x12!)        x12=10001fdc x15:3f017869 x12:10001fd8  PA:10001fd8
22170669ns          416770 1c00aa68 ecd712e3 bne              x14, x13, -316      x14:10001f78 x13:10001f84
22170729ns          416773 1c00a92c 0047278b p.lw             x15, 4(x14!)        x15=3f541c0d x14=10001f7c x14:10001f78  PA:10001f78
22170769ns          416775 1c00a930 a0a795d3 flt.s            x11, f15, f10       x11=00000000 f15:3f541c0d f10:00000000
22170789ns          416776 1c00a934 12059663 bne              x11, x0, 300        x11:00000000
22170809ns          416777 1c00a938 00f6222b p.sw             x15, 4(x12!)        x12=10001fe0 x15:3f541c0d x12:10001fdc  PA:10001fdc
22170829ns          416778 1c00a93c fed718e3 bne              x14, x13, -16       x14:10001f7c x13:10001f84
22170889ns          416781 1c00a92c 0047278b p.lw             x15, 4(x14!)        x15=3e478a5f x14=10001f80 x14:10001f7c  PA:10001f7c
22170929ns          416783 1c00a930 a0a795d3 flt.s            x11, f15, f10       x11=00000000 f15:3e478a5f f10:00000000
22170950ns          416784 1c00a934 12059663 bne              x11, x0, 300        x11:00000000
22170970ns          416785 1c00a938 00f6222b p.sw             x15, 4(x12!)        x12=10001fe4 x15:3e478a5f x12:10001fe0  PA:10001fe0
22170990ns          416786 1c00a93c fed718e3 bne              x14, x13, -16       x14:10001f80 x13:10001f84
22171050ns          416789 1c00a92c 0047278b p.lw             x15, 4(x14!)        x15=bde3c096 x14=10001f84 x14:10001f80  PA:10001f80
22171090ns          416791 1c00a930 a0a795d3 flt.s            x11, f15, f10       x11=00000001 f15:bde3c096 f10:00000000
22171110ns          416792 1c00a934 12059663 bne              x11, x0, 300        x11:00000001
22171170ns          416795 1c00aa60 20f797d3 fsgnjn.s         f15, f15, f15       f15=xxxxxxxx f15:bde3c096 f15:bde3c096
22171190ns          416796 1c00aa64 00f6222b p.sw             x15, 4(x12!)        x12=10001fe8 x15:3de3c096 x12:10001fe4  PA:10001fe4
22171210ns          416797 1c00aa68 ecd712e3 bne              x14, x13, -316      x14:10001f84 x13:10001f84
22171230ns          416798 1c00aa6c ed5ff06f jal              x0, -300           
22171271ns          416800 1c00a940 00412783 lw               x15, 4(x2)          x15=418a373f  x2:10001ea8  PA:10001eac
22171291ns          416801 1c00a942 00012303 lw               x6, 0(x2)            x6=421b0aa8  x2:10001ea8  PA:10001ea8
22171311ns          416802 1c00a944 0e010593 addi             x11, x2, 224        x11=10001f88  x2:10001ea8
22171331ns          416803 1c00a946 00f37353 fadd.s           f6, f6, f15          f6=xxxxxxxx  f6:421b0aa8 f15:418a373f
22171351ns          416804 1c00a94a 00812783 lw               x15, 8(x2)          x15=414d197a  x2:10001ea8  PA:10001eb0
22171371ns          416805 1c00a94c 40b68733 sub              x14, x13, x11       x14=fffffffc x13:10001f84 x11:10001f88
22171732ns          416823 1c00a950 00f37353 fadd.s           f6, f6, f15          f6=xxxxxxxx  f6:42602648 f15:414d197a
22171772ns          416825 1c00a954 00c12783 lw               x15, 12(x2)         x15=41213ff7  x2:10001ea8  PA:10001eb4
22171792ns          416826 1c00a956 06070713 addi             x14, x14, 96        x14=0000005c x14:fffffffc
22171812ns          416827 1c00a95a 00f37353 fadd.s           f6, f6, f15          f6=xxxxxxxx  f6:4289b653 f15:41213ff7
22171832ns          416828 1c00a95e 01012783 lw               x15, 16(x2)         x15=40da2824  x2:10001ea8  PA:10001eb8
22172234ns          416848 1c00a960 00275713 srli             x14, x14, 0x2       x14=00000017 x14:0000005c
22172254ns          416849 1c00a962 0dc12503 lw               x10, 220(x2)        x10=3ed3770f  x2:10001ea8  PA:10001f84
22172274ns          416850 1c00a964 00f37353 fadd.s           f6, f6, f15          f6=xxxxxxxx  f6:429dde52 f15:40da2824
22172294ns          416851 1c00a968 00170713 addi             x14, x14, 1         x14=00000018 x14:00000017
22172314ns          416852 1c00a96a 00b007b3 add              x15, x0, x11        x15=10001f88 x11:10001f88
22172334ns          416853 1c00a96c 004740fb lp.setup         0x1, x14, 0x4       x14:00000018
22172755ns          416874 1c00a970 0047a60b p.lw             x12, 4(x15!)        x12=3f07b98f x15=10001f8c x15:10001f88  PA:10001f88
22172796ns          416876 1c00a974 00c57553 fadd.s           f10, f10, f12       f10=xxxxxxxx f10:3ed3770f f12:3f07b98f
22172816ns          416877 1c00a970 0047a60b p.lw             x12, 4(x15!)        x12=3e737693 x15=10001f90 x15:10001f8c  PA:10001f8c
22172856ns          416879 1c00a974 00c57553 fadd.s           f10, f10, f12       f10=xxxxxxxx f10:3f717516 f12:3e737693
22172876ns          416880 1c00a970 0047a60b p.lw             x12, 4(x15!)        x12=3ef3ff0f x15=10001f94 x15:10001f90  PA:10001f90
22172916ns          416882 1c00a974 00c57553 fadd.s           f10, f10, f12       f10=xxxxxxxx f10:3f97295d f12:3ef3ff0f
22172936ns          416883 1c00a970 0047a60b p.lw             x12, 4(x15!)        x12=3f03b571 x15=10001f98 x15:10001f94  PA:10001f94
22172976ns          416885 1c00a974 00c57553 fadd.s           f10, f10, f12       f10=xxxxxxxx f10:3fd42921 f12:3f03b571
22172996ns          416886 1c00a970 0047a60b p.lw             x12, 4(x15!)        x12=3e6f4c78 x15=10001f9c x15:10001f98  PA:10001f98
22173036ns          416888 1c00a974 00c57553 fadd.s           f10, f10, f12       f10=xxxxxxxx f10:400b01ed f12:3e6f4c78
22173056ns          416889 1c00a970 0047a60b p.lw             x12, 4(x15!)        x12=3f1272f9 x15=10001fa0 x15:10001f9c  PA:10001f9c
22173097ns          416891 1c00a974 00c57553 fadd.s           f10, f10, f12       f10=xxxxxxxx f10:4019f6b4 f12:3f1272f9
22173117ns          416892 1c00a970 0047a60b p.lw             x12, 4(x15!)        x12=3f00e11b x15=10001fa4 x15:10001fa0  PA:10001fa0
22173157ns          416894 1c00a974 00c57553 fadd.s           f10, f10, f12       f10=xxxxxxxx f10:403e9372 f12:3f00e11b
22173177ns          416895 1c00a970 0047a60b p.lw             x12, 4(x15!)        x12=3f193a65 x15=10001fa8 x15:10001fa4  PA:10001fa4
22173217ns          416897 1c00a974 00c57553 fadd.s           f10, f10, f12       f10=xxxxxxxx f10:405ecbb9 f12:3f193a65
22173237ns          416898 1c00a970 0047a60b p.lw             x12, 4(x15!)        x12=3da42111 x15=10001fac x15:10001fa8  PA:10001fa8
22173277ns          416900 1c00a974 00c57553 fadd.s           f10, f10, f12       f10=xxxxxxxx f10:40828d29 f12:3da42111
22173297ns          416901 1c00a970 0047a60b p.lw             x12, 4(x15!)        x12=3ebe9152 x15=10001fb0 x15:10001fac  PA:10001fac
22173337ns          416903 1c00a974 00c57553 fadd.s           f10, f10, f12       f10=xxxxxxxx f10:40851dad f12:3ebe9152
22173357ns          416904 1c00a970 0047a60b p.lw             x12, 4(x15!)        x12=3e9f05d3 x15=10001fb4 x15:10001fb0  PA:10001fb0
22173397ns          416906 1c00a974 00c57553 fadd.s           f10, f10, f12       f10=xxxxxxxx f10:409106c2 f12:3e9f05d3
22173418ns          416907 1c00a970 0047a60b p.lw             x12, 4(x15!)        x12=3ca1afde x15=10001fb8 x15:10001fb4  PA:10001fb4
22173458ns          416909 1c00a974 00c57553 fadd.s           f10, f10, f12       f10=xxxxxxxx f10:409af71f f12:3ca1afde
22173478ns          416910 1c00a970 0047a60b p.lw             x12, 4(x15!)        x12=3e7d2a67 x15=10001fbc x15:10001fb8  PA:10001fb8
22173518ns          416912 1c00a974 00c57553 fadd.s           f10, f10, f12       f10=xxxxxxxx f10:409b98cf f12:3e7d2a67
22173538ns          416913 1c00a970 0047a60b p.lw             x12, 4(x15!)        x12=3f56b7ab x15=10001fc0 x15:10001fbc  PA:10001fbc
22173578ns          416915 1c00a974 00c57553 fadd.s           f10, f10, f12       f10=xxxxxxxx f10:40a38222 f12:3f56b7ab
22173598ns          416916 1c00a970 0047a60b p.lw             x12, 4(x15!)        x12=3f4b0394 x15=10001fc4 x15:10001fc0  PA:10001fc0
22173638ns          416918 1c00a974 00c57553 fadd.s           f10, f10, f12       f10=xxxxxxxx f10:40be5917 f12:3f4b0394
22173658ns          416919 1c00a970 0047a60b p.lw             x12, 4(x15!)        x12=3e4b48b5 x15=10001fc8 x15:10001fc4  PA:10001fc4
22173698ns          416921 1c00a974 00c57553 fadd.s           f10, f10, f12       f10=xxxxxxxx f10:40d7b98a f12:3e4b48b5
22173719ns          416922 1c00a970 0047a60b p.lw             x12, 4(x15!)        x12=3d65533d x15=10001fcc x15:10001fc8  PA:10001fc8
22173759ns          416924 1c00a974 00c57553 fadd.s           f10, f10, f12       f10=xxxxxxxx f10:40de13d0 f12:3d65533d
22173779ns          416925 1c00a970 0047a60b p.lw             x12, 4(x15!)        x12=3f0fcd84 x15=10001fd0 x15:10001fcc  PA:10001fcc
22173819ns          416927 1c00a974 00c57553 fadd.s           f10, f10, f12       f10=xxxxxxxx f10:40dfde76 f12:3f0fcd84
22173839ns          416928 1c00a970 0047a60b p.lw             x12, 4(x15!)        x12=3de9c2a1 x15=10001fd4 x15:10001fd0  PA:10001fd0
22173879ns          416930 1c00a974 00c57553 fadd.s           f10, f10, f12       f10=xxxxxxxx f10:40f1d826 f12:3de9c2a1
22173899ns          416931 1c00a970 0047a60b p.lw             x12, 4(x15!)        x12=3daffadc x15=10001fd8 x15:10001fd4  PA:10001fd4
22173939ns          416933 1c00a974 00c57553 fadd.s           f10, f10, f12       f10=xxxxxxxx f10:40f57f31 f12:3daffadc
22173959ns          416934 1c00a970 0047a60b p.lw             x12, 4(x15!)        x12=3f017869 x15=10001fdc x15:10001fd8  PA:10001fd8
22173999ns          416936 1c00a974 00c57553 fadd.s           f10, f10, f12       f10=xxxxxxxx f10:40f83f1c f12:3f017869
22174020ns          416937 1c00a970 0047a60b p.lw             x12, 4(x15!)        x12=3f541c0d x15=10001fe0 x15:10001fdc  PA:10001fdc
22174060ns          416939 1c00a974 00c57553 fadd.s           f10, f10, f12       f10=xxxxxxxx f10:41043715 f12:3f541c0d
22174080ns          416940 1c00a970 0047a60b p.lw             x12, 4(x15!)        x12=3e478a5f x15=10001fe4 x15:10001fe0  PA:10001fe0
22174120ns          416942 1c00a974 00c57553 fadd.s           f10, f10, f12       f10=xxxxxxxx f10:411178d6 f12:3e478a5f
22174140ns          416943 1c00a970 0047a60b p.lw             x12, 4(x15!)        x12=3de3c096 x15=10001fe8 x15:10001fe4  PA:10001fe4
22174180ns          416945 1c00a974 00c57553 fadd.s           f10, f10, f12       f10=xxxxxxxx f10:411496ff f12:3de3c096
22174200ns          416946 1c00a978 01410613 addi             x12, x2, 20         x12=10001ebc  x2:10001ea8
22174220ns          416947 1c00a97a 00000893 addi             x17, x0, 0          x17=00000000
22174621ns          416967 1c00a97e 0046270b p.lw             x14, 4(x12!)        x14=3ed442f3 x12=10001ec0 x12:10001ebc  PA:10001ebc
22174662ns          416969 1c00a982 a1171853 flt.s            x16, f14, f17       x16=00000000 f14:3ed442f3 f17:00000000
22174682ns          416970 1c00a986 0c081663 bne              x16, x0, 204        x16:00000000
22174702ns          416971 1c00a98a 00e6a22b p.sw             x14, 4(x13!)        x13=10001f88 x14:3ed442f3 x13:10001f84  PA:10001f84
22175163ns          416994 1c00a98e ff2618e3 bne              x12, x18, -16       x12:10001ec0 x18:10001f20
22175243ns          416998 1c00a97e 0046270b p.lw             x14, 4(x12!)        x14=3f229851 x12=10001ec4 x12:10001ec0  PA:10001ec0
22175284ns          417000 1c00a982 a1171853 flt.s            x16, f14, f17       x16=00000000 f14:3f229851 f17:00000000
22175304ns          417001 1c00a986 0c081663 bne              x16, x0, 204        x16:00000000
22175324ns          417002 1c00a98a 00e6a22b p.sw             x14, 4(x13!)        x13=10001f8c x14:3f229851 x13:10001f88  PA:10001f88
22175344ns          417003 1c00a98e ff2618e3 bne              x12, x18, -16       x12:10001ec4 x18:10001f20
22175424ns          417007 1c00a97e 0046270b p.lw             x14, 4(x12!)        x14=3e7bd711 x12=10001ec8 x12:10001ec4  PA:10001ec4
22175464ns          417009 1c00a982 a1171853 flt.s            x16, f14, f17       x16=00000000 f14:3e7bd711 f17:00000000
22175484ns          417010 1c00a986 0c081663 bne              x16, x0, 204        x16:00000000
22175504ns          417011 1c00a98a 00e6a22b p.sw             x14, 4(x13!)        x13=10001f90 x14:3e7bd711 x13:10001f8c  PA:10001f8c
22175524ns          417012 1c00a98e ff2618e3 bne              x12, x18, -16       x12:10001ec8 x18:10001f20
22175605ns          417016 1c00a97e 0046270b p.lw             x14, 4(x12!)        x14=3edb02e6 x12=10001ecc x12:10001ec8  PA:10001ec8
22175645ns          417018 1c00a982 a1171853 flt.s            x16, f14, f17       x16=00000000 f14:3edb02e6 f17:00000000
22175665ns          417019 1c00a986 0c081663 bne              x16, x0, 204        x16:00000000
22175685ns          417020 1c00a98a 00e6a22b p.sw             x14, 4(x13!)        x13=10001f94 x14:3edb02e6 x13:10001f90  PA:10001f90
22175705ns          417021 1c00a98e ff2618e3 bne              x12, x18, -16       x12:10001ecc x18:10001f20
22175785ns          417025 1c00a97e 0046270b p.lw             x14, 4(x12!)        x14=3ed9fcf3 x12=10001ed0 x12:10001ecc  PA:10001ecc
22175825ns          417027 1c00a982 a1171853 flt.s            x16, f14, f17       x16=00000000 f14:3ed9fcf3 f17:00000000
22175845ns          417028 1c00a986 0c081663 bne              x16, x0, 204        x16:00000000
22175866ns          417029 1c00a98a 00e6a22b p.sw             x14, 4(x13!)        x13=10001f98 x14:3ed9fcf3 x13:10001f94  PA:10001f94
22175886ns          417030 1c00a98e ff2618e3 bne              x12, x18, -16       x12:10001ed0 x18:10001f20
22175966ns          417034 1c00a97e 0046270b p.lw             x14, 4(x12!)        x14=bf021bdc x12=10001ed4 x12:10001ed0  PA:10001ed0
22176006ns          417036 1c00a982 a1171853 flt.s            x16, f14, f17       x16=00000001 f14:bf021bdc f17:00000000
22176026ns          417037 1c00a986 0c081663 bne              x16, x0, 204        x16:00000001
22176548ns          417063 1c00aa52 20e71753 fsgnjn.s         f14, f14, f14       f14=xxxxxxxx f14:bf021bdc f14:bf021bdc
22176568ns          417064 1c00aa56 00e6a22b p.sw             x14, 4(x13!)        x13=10001f9c x14:3f021bdc x13:10001f98  PA:10001f98
22176588ns          417065 1c00aa5a f32612e3 bne              x12, x18, -220      x12:10001ed4 x18:10001f20
22176668ns          417069 1c00a97e 0046270b p.lw             x14, 4(x12!)        x14=3e89bb80 x12=10001ed8 x12:10001ed4  PA:10001ed4
22176728ns          417072 1c00a982 a1171853 flt.s            x16, f14, f17       x16=00000000 f14:3e89bb80 f17:00000000
22176748ns          417073 1c00a986 0c081663 bne              x16, x0, 204        x16:00000000
22176768ns          417074 1c00a98a 00e6a22b p.sw             x14, 4(x13!)        x13=10001fa0 x14:3e89bb80 x13:10001f9c  PA:10001f9c
22176789ns          417075 1c00a98e ff2618e3 bne              x12, x18, -16       x12:10001ed8 x18:10001f20
22176869ns          417079 1c00a97e 0046270b p.lw             x14, 4(x12!)        x14=3f0ea2f8 x12=10001edc x12:10001ed8  PA:10001ed8
22176909ns          417081 1c00a982 a1171853 flt.s            x16, f14, f17       x16=00000000 f14:3f0ea2f8 f17:00000000
22176929ns          417082 1c00a986 0c081663 bne              x16, x0, 204        x16:00000000
22176949ns          417083 1c00a98a 00e6a22b p.sw             x14, 4(x13!)        x13=10001fa4 x14:3f0ea2f8 x13:10001fa0  PA:10001fa0
22176969ns          417084 1c00a98e ff2618e3 bne              x12, x18, -16       x12:10001edc x18:10001f20
22177049ns          417088 1c00a97e 0046270b p.lw             x14, 4(x12!)        x14=bf056cd2 x12=10001ee0 x12:10001edc  PA:10001edc
22177090ns          417090 1c00a982 a1171853 flt.s            x16, f14, f17       x16=00000001 f14:bf056cd2 f17:00000000
22177110ns          417091 1c00a986 0c081663 bne              x16, x0, 204        x16:00000001
22177190ns          417095 1c00aa52 20e71753 fsgnjn.s         f14, f14, f14       f14=xxxxxxxx f14:bf056cd2 f14:bf056cd2
22177210ns          417096 1c00aa56 00e6a22b p.sw             x14, 4(x13!)        x13=10001fa8 x14:3f056cd2 x13:10001fa4  PA:10001fa4
22177230ns          417097 1c00aa5a f32612e3 bne              x12, x18, -220      x12:10001ee0 x18:10001f20
22177310ns          417101 1c00a97e 0046270b p.lw             x14, 4(x12!)        x14=3e973b2a x12=10001ee4 x12:10001ee0  PA:10001ee0
22177350ns          417103 1c00a982 a1171853 flt.s            x16, f14, f17       x16=00000000 f14:3e973b2a f17:00000000
22177370ns          417104 1c00a986 0c081663 bne              x16, x0, 204        x16:00000000
22177390ns          417105 1c00a98a 00e6a22b p.sw             x14, 4(x13!)        x13=10001fac x14:3e973b2a x13:10001fa8  PA:10001fa8
22177411ns          417106 1c00a98e ff2618e3 bne              x12, x18, -16       x12:10001ee4 x18:10001f20
22177491ns          417110 1c00a97e 0046270b p.lw             x14, 4(x12!)        x14=be4c431e x12=10001ee8 x12:10001ee4  PA:10001ee4
22177531ns          417112 1c00a982 a1171853 flt.s            x16, f14, f17       x16=00000001 f14:be4c431e f17:00000000
22177551ns          417113 1c00a986 0c081663 bne              x16, x0, 204        x16:00000001
22177631ns          417117 1c00aa52 20e71753 fsgnjn.s         f14, f14, f14       f14=xxxxxxxx f14:be4c431e f14:be4c431e
22177651ns          417118 1c00aa56 00e6a22b p.sw             x14, 4(x13!)        x13=10001fb0 x14:3e4c431e x13:10001fac  PA:10001fac
22177671ns          417119 1c00aa5a f32612e3 bne              x12, x18, -220      x12:10001ee8 x18:10001f20
22177752ns          417123 1c00a97e 0046270b p.lw             x14, 4(x12!)        x14=bec42adf x12=10001eec x12:10001ee8  PA:10001ee8
22177792ns          417125 1c00a982 a1171853 flt.s            x16, f14, f17       x16=00000001 f14:bec42adf f17:00000000
22177812ns          417126 1c00a986 0c081663 bne              x16, x0, 204        x16:00000001
22177892ns          417130 1c00aa52 20e71753 fsgnjn.s         f14, f14, f14       f14=xxxxxxxx f14:bec42adf f14:bec42adf
22177912ns          417131 1c00aa56 00e6a22b p.sw             x14, 4(x13!)        x13=10001fb4 x14:3ec42adf x13:10001fb0  PA:10001fb0
22177932ns          417132 1c00aa5a f32612e3 bne              x12, x18, -220      x12:10001eec x18:10001f20
22178013ns          417136 1c00a97e 0046270b p.lw             x14, 4(x12!)        x14=bea695a7 x12=10001ef0 x12:10001eec  PA:10001eec
22178053ns          417138 1c00a982 a1171853 flt.s            x16, f14, f17       x16=00000001 f14:bea695a7 f17:00000000
22178073ns          417139 1c00a986 0c081663 bne              x16, x0, 204        x16:00000001
22178153ns          417143 1c00aa52 20e71753 fsgnjn.s         f14, f14, f14       f14=xxxxxxxx f14:bea695a7 f14:bea695a7
22178173ns          417144 1c00aa56 00e6a22b p.sw             x14, 4(x13!)        x13=10001fb8 x14:3ea695a7 x13:10001fb4  PA:10001fb4
22178193ns          417145 1c00aa5a f32612e3 bne              x12, x18, -220      x12:10001ef0 x18:10001f20
22178273ns          417149 1c00a97e 0046270b p.lw             x14, 4(x12!)        x14=3df7394e x12=10001ef4 x12:10001ef0  PA:10001ef0
22178313ns          417151 1c00a982 a1171853 flt.s            x16, f14, f17       x16=00000000 f14:3df7394e f17:00000000
22178334ns          417152 1c00a986 0c081663 bne              x16, x0, 204        x16:00000000
22178354ns          417153 1c00a98a 00e6a22b p.sw             x14, 4(x13!)        x13=10001fbc x14:3df7394e x13:10001fb8  PA:10001fb8
22178374ns          417154 1c00a98e ff2618e3 bne              x12, x18, -16       x12:10001ef4 x18:10001f20
22178454ns          417158 1c00a97e 0046270b p.lw             x14, 4(x12!)        x14=3f551bd5 x12=10001ef8 x12:10001ef4  PA:10001ef4
22178494ns          417160 1c00a982 a1171853 flt.s            x16, f14, f17       x16=00000000 f14:3f551bd5 f17:00000000
22178514ns          417161 1c00a986 0c081663 bne              x16, x0, 204        x16:00000000
22178534ns          417162 1c00a98a 00e6a22b p.sw             x14, 4(x13!)        x13=10001fc0 x14:3f551bd5 x13:10001fbc  PA:10001fbc
22178554ns          417163 1c00a98e ff2618e3 bne              x12, x18, -16       x12:10001ef8 x18:10001f20
22178635ns          417167 1c00a97e 0046270b p.lw             x14, 4(x12!)        x14=bf30d208 x12=10001efc x12:10001ef8  PA:10001ef8
22178675ns          417169 1c00a982 a1171853 flt.s            x16, f14, f17       x16=00000001 f14:bf30d208 f17:00000000
22178695ns          417170 1c00a986 0c081663 bne              x16, x0, 204        x16:00000001
22178775ns          417174 1c00aa52 20e71753 fsgnjn.s         f14, f14, f14       f14=xxxxxxxx f14:bf30d208 f14:bf30d208
22178795ns          417175 1c00aa56 00e6a22b p.sw             x14, 4(x13!)        x13=10001fc4 x14:3f30d208 x13:10001fc0  PA:10001fc0
22178815ns          417176 1c00aa5a f32612e3 bne              x12, x18, -220      x12:10001efc x18:10001f20
22178895ns          417180 1c00a97e 0046270b p.lw             x14, 4(x12!)        x14=3dbb6cec x12=10001f00 x12:10001efc  PA:10001efc
22178936ns          417182 1c00a982 a1171853 flt.s            x16, f14, f17       x16=00000000 f14:3dbb6cec f17:00000000
22178956ns          417183 1c00a986 0c081663 bne              x16, x0, 204        x16:00000000
22178976ns          417184 1c00a98a 00e6a22b p.sw             x14, 4(x13!)        x13=10001fc8 x14:3dbb6cec x13:10001fc4  PA:10001fc4
22178996ns          417185 1c00a98e ff2618e3 bne              x12, x18, -16       x12:10001f00 x18:10001f20
22179076ns          417189 1c00a97e 0046270b p.lw             x14, 4(x12!)        x14=3d9245dc x12=10001f04 x12:10001f00  PA:10001f00
22179116ns          417191 1c00a982 a1171853 flt.s            x16, f14, f17       x16=00000000 f14:3d9245dc f17:00000000
22179136ns          417192 1c00a986 0c081663 bne              x16, x0, 204        x16:00000000
22179156ns          417193 1c00a98a 00e6a22b p.sw             x14, 4(x13!)        x13=10001fcc x14:3d9245dc x13:10001fc8  PA:10001fc8
22179176ns          417194 1c00a98e ff2618e3 bne              x12, x18, -16       x12:10001f04 x18:10001f20
22179257ns          417198 1c00a97e 0046270b p.lw             x14, 4(x12!)        x14=3f2fc4a2 x12=10001f08 x12:10001f04  PA:10001f04
22179297ns          417200 1c00a982 a1171853 flt.s            x16, f14, f17       x16=00000000 f14:3f2fc4a2 f17:00000000
22179317ns          417201 1c00a986 0c081663 bne              x16, x0, 204        x16:00000000
22179337ns          417202 1c00a98a 00e6a22b p.sw             x14, 4(x13!)        x13=10001fd0 x14:3f2fc4a2 x13:10001fcc  PA:10001fcc
22179357ns          417203 1c00a98e ff2618e3 bne              x12, x18, -16       x12:10001f08 x18:10001f20
22179437ns          417207 1c00a97e 0046270b p.lw             x14, 4(x12!)        x14=be47b777 x12=10001f0c x12:10001f08  PA:10001f08
22179477ns          417209 1c00a982 a1171853 flt.s            x16, f14, f17       x16=00000001 f14:be47b777 f17:00000000
22179497ns          417210 1c00a986 0c081663 bne              x16, x0, 204        x16:00000001
22179578ns          417214 1c00aa52 20e71753 fsgnjn.s         f14, f14, f14       f14=xxxxxxxx f14:be47b777 f14:be47b777
22179598ns          417215 1c00aa56 00e6a22b p.sw             x14, 4(x13!)        x13=10001fd4 x14:3e47b777 x13:10001fd0  PA:10001fd0
22179618ns          417216 1c00aa5a f32612e3 bne              x12, x18, -220      x12:10001f0c x18:10001f20
22179698ns          417220 1c00a97e 0046270b p.lw             x14, 4(x12!)        x14=3e6ba770 x12=10001f10 x12:10001f0c  PA:10001f0c
22179738ns          417222 1c00a982 a1171853 flt.s            x16, f14, f17       x16=00000000 f14:3e6ba770 f17:00000000
22179758ns          417223 1c00a986 0c081663 bne              x16, x0, 204        x16:00000000
22179778ns          417224 1c00a98a 00e6a22b p.sw             x14, 4(x13!)        x13=10001fd8 x14:3e6ba770 x13:10001fd4  PA:10001fd4
22179798ns          417225 1c00a98e ff2618e3 bne              x12, x18, -16       x12:10001f10 x18:10001f20
22179879ns          417229 1c00a97e 0046270b p.lw             x14, 4(x12!)        x14=bf1b8598 x12=10001f14 x12:10001f10  PA:10001f10
22179919ns          417231 1c00a982 a1171853 flt.s            x16, f14, f17       x16=00000001 f14:bf1b8598 f17:00000000
22179939ns          417232 1c00a986 0c081663 bne              x16, x0, 204        x16:00000001
22180019ns          417236 1c00aa52 20e71753 fsgnjn.s         f14, f14, f14       f14=xxxxxxxx f14:bf1b8598 f14:bf1b8598
22180039ns          417237 1c00aa56 00e6a22b p.sw             x14, 4(x13!)        x13=10001fdc x14:3f1b8598 x13:10001fd8  PA:10001fd8
22180059ns          417238 1c00aa5a f32612e3 bne              x12, x18, -220      x12:10001f14 x18:10001f20
22180139ns          417242 1c00a97e 0046270b p.lw             x14, 4(x12!)        x14=3f3844c6 x12=10001f18 x12:10001f14  PA:10001f14
22180180ns          417244 1c00a982 a1171853 flt.s            x16, f14, f17       x16=00000000 f14:3f3844c6 f17:00000000
22180200ns          417245 1c00a986 0c081663 bne              x16, x0, 204        x16:00000000
22180220ns          417246 1c00a98a 00e6a22b p.sw             x14, 4(x13!)        x13=10001fe0 x14:3f3844c6 x13:10001fdc  PA:10001fdc
22180240ns          417247 1c00a98e ff2618e3 bne              x12, x18, -16       x12:10001f18 x18:10001f20
22180320ns          417251 1c00a97e 0046270b p.lw             x14, 4(x12!)        x14=3e799242 x12=10001f1c x12:10001f18  PA:10001f18
22180360ns          417253 1c00a982 a1171853 flt.s            x16, f14, f17       x16=00000000 f14:3e799242 f17:00000000
22180380ns          417254 1c00a986 0c081663 bne              x16, x0, 204        x16:00000000
22180400ns          417255 1c00a98a 00e6a22b p.sw             x14, 4(x13!)        x13=10001fe4 x14:3e799242 x13:10001fe0  PA:10001fe0
22180420ns          417256 1c00a98e ff2618e3 bne              x12, x18, -16       x12:10001f1c x18:10001f20
22180501ns          417260 1c00a97e 0046270b p.lw             x14, 4(x12!)        x14=3cb0559a x12=10001f20 x12:10001f1c  PA:10001f1c
22180541ns          417262 1c00a982 a1171853 flt.s            x16, f14, f17       x16=00000000 f14:3cb0559a f17:00000000
22180561ns          417263 1c00a986 0c081663 bne              x16, x0, 204        x16:00000000
22180581ns          417264 1c00a98a 00e6a22b p.sw             x14, 4(x13!)        x13=10001fe8 x14:3cb0559a x13:10001fe4  PA:10001fe4
22180601ns          417265 1c00a98e ff2618e3 bne              x12, x18, -16       x12:10001f20 x18:10001f20
22180621ns          417266 1c00a992 40b787b3 sub              x15, x15, x11       x15=00000060 x15:10001fe8 x11:10001f88
22180641ns          417267 1c00a994 ffc78793 addi             x15, x15, -4        x15=0000005c x15:00000060
22180661ns          417268 1c00a996 0027d793 srli             x15, x15, 0x2       x15=00000017 x15:0000005c
22180681ns          417269 1c00a998 0dc12703 lw               x14, 220(x2)        x14=3ed442f3  x2:10001ea8  PA:10001f84
22180701ns          417270 1c00a99a 00178793 addi             x15, x15, 1         x15=00000018 x15:00000017
22180721ns          417271 1c00a99c 0047c0fb lp.setup         0x1, x15, 0x4       x15:00000018
22181083ns          417289 1c00a9a0 0045a68b p.lw             x13, 4(x11!)        x13=3f229851 x11=10001f8c x11:10001f88  PA:10001f88
22181123ns          417291 1c00a9a4 00d77753 fadd.s           f14, f14, f13       f14=xxxxxxxx f14:3ed442f3 f13:3f229851
22181143ns          417292 1c00a9a0 0045a68b p.lw             x13, 4(x11!)        x13=3e7bd711 x11=10001f90 x11:10001f8c  PA:10001f8c
22181183ns          417294 1c00a9a4 00d77753 fadd.s           f14, f14, f13       f14=xxxxxxxx f14:3f865ce5 f13:3e7bd711
22181203ns          417295 1c00a9a0 0045a68b p.lw             x13, 4(x11!)        x13=3edb02e6 x11=10001f94 x11:10001f90  PA:10001f90
22181243ns          417297 1c00a9a4 00d77753 fadd.s           f14, f14, f13       f14=xxxxxxxx f14:3fa5d7c7 f13:3edb02e6
22181263ns          417298 1c00a9a0 0045a68b p.lw             x13, 4(x11!)        x13=3ed9fcf3 x11=10001f98 x11:10001f94  PA:10001f94
22181303ns          417300 1c00a9a4 00d77753 fadd.s           f14, f14, f13       f14=xxxxxxxx f14:3fdc9880 f13:3ed9fcf3
22181323ns          417301 1c00a9a0 0045a68b p.lw             x13, 4(x11!)        x13=3f021bdc x11=10001f9c x11:10001f98  PA:10001f98
22181363ns          417303 1c00a9a4 00d77753 fadd.s           f14, f14, f13       f14=xxxxxxxx f14:40098bde f13:3f021bdc
22181383ns          417304 1c00a9a0 0045a68b p.lw             x13, 4(x11!)        x13=3e89bb80 x11=10001fa0 x11:10001f9c  PA:10001f9c
22181424ns          417306 1c00a9a4 00d77753 fadd.s           f14, f14, f13       f14=xxxxxxxx f14:402a12d5 f13:3e89bb80
22181444ns          417307 1c00a9a0 0045a68b p.lw             x13, 4(x11!)        x13=3f0ea2f8 x11=10001fa4 x11:10001fa0  PA:10001fa0
22181484ns          417309 1c00a9a4 00d77753 fadd.s           f14, f14, f13       f14=xxxxxxxx f14:403b4a45 f13:3f0ea2f8
22181504ns          417310 1c00a9a0 0045a68b p.lw             x13, 4(x11!)        x13=3f056cd2 x11=10001fa8 x11:10001fa4  PA:10001fa4
22181544ns          417312 1c00a9a4 00d77753 fadd.s           f14, f14, f13       f14=xxxxxxxx f14:405ef303 f13:3f056cd2
22181564ns          417313 1c00a9a0 0045a68b p.lw             x13, 4(x11!)        x13=3e973b2a x11=10001fac x11:10001fa8  PA:10001fa8
22181604ns          417315 1c00a9a4 00d77753 fadd.s           f14, f14, f13       f14=xxxxxxxx f14:4080271c f13:3e973b2a
22181624ns          417316 1c00a9a0 0045a68b p.lw             x13, 4(x11!)        x13=3e4c431e x11=10001fb0 x11:10001fac  PA:10001fac
22181664ns          417318 1c00a9a4 00d77753 fadd.s           f14, f14, f13       f14=xxxxxxxx f14:40899acf f13:3e4c431e
22181684ns          417319 1c00a9a0 0045a68b p.lw             x13, 4(x11!)        x13=3ec42adf x11=10001fb4 x11:10001fb0  PA:10001fb0
22181725ns          417321 1c00a9a4 00d77753 fadd.s           f14, f14, f13       f14=xxxxxxxx f14:408ffce8 f13:3ec42adf
22181745ns          417322 1c00a9a0 0045a68b p.lw             x13, 4(x11!)        x13=3ea695a7 x11=10001fb8 x11:10001fb4  PA:10001fb4
22181785ns          417324 1c00a9a4 00d77753 fadd.s           f14, f14, f13       f14=xxxxxxxx f14:409c3f96 f13:3ea695a7
22181805ns          417325 1c00a9a0 0045a68b p.lw             x13, 4(x11!)        x13=3df7394e x11=10001fbc x11:10001fb8  PA:10001fb8
22181845ns          417327 1c00a9a4 00d77753 fadd.s           f14, f14, f13       f14=xxxxxxxx f14:40a6a8f0 f13:3df7394e
22181865ns          417328 1c00a9a0 0045a68b p.lw             x13, 4(x11!)        x13=3f551bd5 x11=10001fc0 x11:10001fbc  PA:10001fbc
22181905ns          417330 1c00a9a4 00d77753 fadd.s           f14, f14, f13       f14=xxxxxxxx f14:40aa85d5 f13:3f551bd5
22181925ns          417331 1c00a9a0 0045a68b p.lw             x13, 4(x11!)        x13=3f30d208 x11=10001fc4 x11:10001fc0  PA:10001fc0
22181965ns          417333 1c00a9a4 00d77753 fadd.s           f14, f14, f13       f14=xxxxxxxx f14:40c52950 f13:3f30d208
22181985ns          417334 1c00a9a0 0045a68b p.lw             x13, 4(x11!)        x13=3dbb6cec x11=10001fc8 x11:10001fc4  PA:10001fc4
22182026ns          417336 1c00a9a4 00d77753 fadd.s           f14, f14, f13       f14=xxxxxxxx f14:40db4391 f13:3dbb6cec
22182046ns          417337 1c00a9a0 0045a68b p.lw             x13, 4(x11!)        x13=3d9245dc x11=10001fcc x11:10001fc8  PA:10001fc8
22182086ns          417339 1c00a9a4 00d77753 fadd.s           f14, f14, f13       f14=xxxxxxxx f14:40de3145 f13:3d9245dc
22182106ns          417340 1c00a9a0 0045a68b p.lw             x13, 4(x11!)        x13=3f2fc4a2 x11=10001fd0 x11:10001fcc  PA:10001fcc
22182146ns          417342 1c00a9a4 00d77753 fadd.s           f14, f14, f13       f14=xxxxxxxx f14:40e07a5c f13:3f2fc4a2
22182166ns          417343 1c00a9a0 0045a68b p.lw             x13, 4(x11!)        x13=3e47b777 x11=10001fd4 x11:10001fd0  PA:10001fd0
22182206ns          417345 1c00a9a4 00d77753 fadd.s           f14, f14, f13       f14=xxxxxxxx f14:40f672f0 f13:3e47b777
22182226ns          417346 1c00a9a0 0045a68b p.lw             x13, 4(x11!)        x13=3e6ba770 x11=10001fd8 x11:10001fd4  PA:10001fd4
22182266ns          417348 1c00a9a4 00d77753 fadd.s           f14, f14, f13       f14=xxxxxxxx f14:40fcb0ac f13:3e6ba770
22182286ns          417349 1c00a9a0 0045a68b p.lw             x13, 4(x11!)        x13=3f1b8598 x11=10001fdc x11:10001fd8  PA:10001fd8
22182327ns          417351 1c00a9a4 00d77753 fadd.s           f14, f14, f13       f14=xxxxxxxx f14:410206f4 f13:3f1b8598
22182347ns          417352 1c00a9a0 0045a68b p.lw             x13, 4(x11!)        x13=3f3844c6 x11=10001fe0 x11:10001fdc  PA:10001fdc
22182387ns          417354 1c00a9a4 00d77753 fadd.s           f14, f14, f13       f14=xxxxxxxx f14:410bbf4e f13:3f3844c6
22182407ns          417355 1c00a9a0 0045a68b p.lw             x13, 4(x11!)        x13=3e799242 x11=10001fe4 x11:10001fe0  PA:10001fe0
22182447ns          417357 1c00a9a4 00d77753 fadd.s           f14, f14, f13       f14=xxxxxxxx f14:4117439a f13:3e799242
22182467ns          417358 1c00a9a0 0045a68b p.lw             x13, 4(x11!)        x13=3cb0559a x11=10001fe8 x11:10001fe4  PA:10001fe4
22182507ns          417360 1c00a9a4 00d77753 fadd.s           f14, f14, f13       f14=xxxxxxxx f14:411b29e3 f13:3cb0559a
22182527ns          417361 1c00a9a8 00600793 addi             x15, x0, 6          x15=00000006
22182547ns          417362 1c00a9aa 02f40433 mul              x8, x8, x15          x8=00000012  x8:00000003 x15:00000006
22182949ns          417382 1c00a9ae 00241793 slli             x15, x8, 0x2        x15=00000048  x8:00000012
22182989ns          417384 1c00a9b2 20f4f783 lw               x15, x15(x9)        x15=41165ee6 x15:00000048  x9:1c010000  PA:1c010048
22183310ns          417400 1c00a9b6 a0f507d3 fle.s            x15, f10, f15       x15=00000001 f10:41165e80 f15:41165ee6
22183330ns          417401 1c00a9ba 08078163 beq              x15, x0, 130        x15:00000001
22183350ns          417402 1c00a9bc 00140793 addi             x15, x8, 1          x15=00000013  x8:00000012
22183510ns          417410 1c00a9c0 00279793 slli             x15, x15, 0x2       x15=0000004c x15:00000013
22183551ns          417412 1c00a9c2 20f4f783 lw               x15, x15(x9)        x15=41165e20 x15:0000004c  x9:1c010000  PA:1c01004c
22183872ns          417428 1c00a9c6 a0a78553 fle.s            x10, f15, f10       x10=00000001 f15:41165e20 f10:41165e80
22183892ns          417429 1c00a9ca 06050963 beq              x10, x0, 114        x10:00000001
22183912ns          417430 1c00a9cc 00240793 addi             x15, x8, 2          x15=00000014  x8:00000012
22184052ns          417437 1c00a9d0 00279793 slli             x15, x15, 0x2       x15=00000050 x15:00000014
22184092ns          417439 1c00a9d2 20f4f783 lw               x15, x15(x9)        x15=42ab8144 x15:00000050  x9:1c010000  PA:1c010050
22184413ns          417455 1c00a9d6 a0f307d3 fle.s            x15, f6, f15        x15=00000001  f6:42ab80d4 f15:42ab8144
22184433ns          417456 1c00a9da 06078163 beq              x15, x0, 98         x15:00000001
22184453ns          417457 1c00a9dc 00340793 addi             x15, x8, 3          x15=00000015  x8:00000012
22184594ns          417464 1c00a9e0 00279793 slli             x15, x15, 0x2       x15=00000054 x15:00000015
22184634ns          417466 1c00a9e2 20f4f783 lw               x15, x15(x9)        x15=42ab8064 x15:00000054  x9:1c010000  PA:1c010054
22184955ns          417482 1c00a9e6 a0678353 fle.s            x6, f15, f6          x6=00000001 f15:42ab8064  f6:42ab80d4
22184975ns          417483 1c00a9ea 04030963 beq              x6, x0, 82           x6:00000001
22185136ns          417491 1c00a9ee 00440793 addi             x15, x8, 4          x15=00000016  x8:00000012
22185156ns          417492 1c00a9f2 00279793 slli             x15, x15, 0x2       x15=00000058 x15:00000016
22185176ns          417493 1c00a9f4 20f4f783 lw               x15, x15(x9)        x15=411b8271 x15:00000058  x9:1c010000  PA:1c010058
22185497ns          417509 1c00a9f8 a0f707d3 fle.s            x15, f14, f15       x15=00000001 f14:411b820e f15:411b8271
22185517ns          417510 1c00a9fc 04078063 beq              x15, x0, 64         x15:00000001
22185537ns          417511 1c00a9fe 00540413 addi             x8, x8, 5            x8=00000017  x8:00000012
22185677ns          417518 1c00aa00 00241413 slli             x8, x8, 0x2          x8=0000005c  x8:00000017
22185718ns          417520 1c00aa02 2084f403 lw               x8, x8(x9)           x8=411b81a5  x8:0000005c  x9:1c010000  PA:1c01005c
22186019ns          417535 1c00aa06 f14025f3 csrrs            x11, x0, 0xf14      x11=00000003
22186039ns          417536 1c00aa0a a0e40753 fle.s            x14, f8, f14        x14=00000001  f8:411b81a5 f14:411b820e
22186219ns          417545 1c00aa0e f455b5b3 p.bclr           x11, x11, 26, 5     x11=00000003 x11:00000003
22186239ns          417546 1c00aa12 02070963 beq              x14, x0, 50         x14:00000001
22186259ns          417547 1c00aa14 1c000537 lui              x10, 0x1c000000     x10=1c000000
22186279ns          417548 1c00aa18 0a850513 addi             x10, x10, 168       x10=1c0000a8 x10:1c000000
22186300ns          417549 1c00aa1c 5cc000ef jal              x1, 1484             x1=1c00aa1e
22186861ns          417577 1c00afe8 fc010113 addi             x2, x2, -64          x2=10001e68  x2:10001ea8
22186901ns          417579 1c00afea 02410313 addi             x6, x2, 36           x6=10001e8c  x2:10001e68
22186922ns          417580 1c00afee 02c12423 sw               x12, 40(x2)         x12:10001f20  x2:10001e68  PA:10001e90
22186962ns          417582 1c00aff0 00a00633 add              x12, x0, x10        x12=1c0000a8 x10:1c0000a8
22187002ns          417584 1c00aff2 1c00b537 lui              x10, 0x1c00b000     x10=1c00b000
22187022ns          417585 1c00aff6 02b12223 sw               x11, 36(x2)         x11:00000003  x2:10001e68  PA:10001e8c
22187042ns          417586 1c00aff8 02d12623 sw               x13, 44(x2)         x13:3cb0559a  x2:10001e68  PA:10001e94
22187062ns          417587 1c00affa 00200593 addi             x11, x0, 2          x11=00000002
22187082ns          417588 1c00affc 006006b3 add              x13, x0, x6         x13=10001e8c  x6:10001e8c
22187102ns          417589 1c00affe fa450513 addi             x10, x10, -92       x10=1c00afa4 x10:1c00b000
22187122ns          417590 1c00b002 00112e23 sw               x1, 28(x2)           x1:1c00aa1e  x2:10001e68  PA:10001e84
22187142ns          417591 1c00b004 02e12823 sw               x14, 48(x2)         x14:00000001  x2:10001e68  PA:10001e98
22187162ns          417592 1c00b006 02f12a23 sw               x15, 52(x2)         x15:00000001  x2:10001e68  PA:10001e9c
22187182ns          417593 1c00b008 03012c23 sw               x16, 56(x2)         x16:00000000  x2:10001e68  PA:10001ea0
22187202ns          417594 1c00b00a 03112e23 sw               x17, 60(x2)         x17:00000000  x2:10001e68  PA:10001ea4
22187223ns          417595 1c00b00c 00612623 sw               x6, 12(x2)           x6:10001e8c  x2:10001e68  PA:10001e74
22187243ns          417596 1c00b00e fbfff0ef jal              x1, -66              x1=1c00b010
22187323ns          417600 1c00afcc 04a0006f jal              x0, 74             
22187363ns          417602 1c00b016 ed010113 addi             x2, x2, -304         x2=10001d38  x2:10001e68
22187383ns          417603 1c00b018 12812423 sw               x8, 296(x2)          x8:411b81a5  x2:10001d38  PA:10001e60
22187403ns          417604 1c00b01c 00000413 addi             x8, x0, 0            x8=00000000
22187463ns          417607 1c00b01e 11612823 sw               x22, 272(x2)        x22:xxxxxxxx  x2:10001d38  PA:10001e48
22187503ns          417609 1c00b022 11712623 sw               x23, 268(x2)        x23:xxxxxxxx  x2:10001d38  PA:10001e44
22187524ns          417610 1c00b026 11812423 sw               x24, 264(x2)        x24:xxxxxxxx  x2:10001d38  PA:10001e40
22187544ns          417611 1c00b02a 11912223 sw               x25, 260(x2)        x25:xxxxxxxx  x2:10001d38  PA:10001e3c
22187604ns          417614 1c00b02e 11a12023 sw               x26, 256(x2)        x26:xxxxxxxx  x2:10001d38  PA:10001e38
22187624ns          417615 1c00b032 0fb12e23 sw               x27, 252(x2)        x27:xxxxxxxx  x2:10001d38  PA:10001e34
22187644ns          417616 1c00b034 12112623 sw               x1, 300(x2)          x1:1c00b010  x2:10001d38  PA:10001e64
22187664ns          417617 1c00b038 00800db3 add              x27, x0, x8         x27=00000000  x8:00000000
22187684ns          417618 1c00b03a 12912223 sw               x9, 292(x2)          x9:1c010000  x2:10001d38  PA:10001e5c
22187744ns          417621 1c00b03e 13212023 sw               x18, 288(x2)        x18:10001f20  x2:10001d38  PA:10001e58
22187784ns          417623 1c00b042 11312e23 sw               x19, 284(x2)        x19:xxxxxxxx  x2:10001d38  PA:10001e54
22187804ns          417624 1c00b046 11412c23 sw               x20, 280(x2)        x20:xxxxxxxx  x2:10001d38  PA:10001e50
22187824ns          417625 1c00b04a 11512a23 sw               x21, 276(x2)        x21:xxxxxxxx  x2:10001d38  PA:10001e4c
22187845ns          417626 1c00b04e 00a00b33 add              x22, x0, x10        x22=1c00afa4 x10:1c00afa4
22187885ns          417628 1c00b050 00b00d33 add              x26, x0, x11        x26=00000002 x11:00000002
22187905ns          417629 1c00b052 00d00c33 add              x24, x0, x13        x24=10001e8c x13:10001e8c
22187925ns          417630 1c00b054 1c000bb7 lui              x23, 0x1c000000     x23=1c000000
22187945ns          417631 1c00b058 02410c93 addi             x25, x2, 36         x25=10001d5c  x2:10001d38
22187965ns          417632 1c00b05c 00c00433 add              x8, x0, x12          x8=1c0000a8 x12:1c0000a8
22188025ns          417635 1c00b05e 00044503 lbu              x10, 0(x8)          x10=0000006b  x8:1c0000a8  PA:1c0000a8
22188366ns          417652 1c00b062 00140413 addi             x8, x8, 1            x8=1c0000a9  x8:1c0000a8
22188386ns          417653 1c00b064 00050e63 beq              x10, x0, 28         x10:0000006b
22188406ns          417654 1c00b066 02500793 addi             x15, x0, 37         x15=00000025
22188426ns          417655 1c00b06a 04f50863 beq              x10, x15, 80        x10:0000006b x15:00000025
22188447ns          417656 1c00b06e 01a005b3 add              x11, x0, x26        x11=00000002 x26:00000002
22188467ns          417657 1c00b070 000b00e7 jalr             x1, x22, 0           x1=1c00b072 x22:1c00afa4
22188547ns          417661 1c00afa4 000026b7 lui              x13, 0x2000         x13=00002000
22188587ns          417663 1c00afa6 f14027f3 csrrs            x15, x0, 0xf14      x15=00000003
22188607ns          417664 1c00afaa f8068693 addi             x13, x13, -128      x13=00001f80 x13:00002000
22188667ns          417667 1c00afae 00379713 slli             x14, x15, 0x3       x14=00000018 x15:00000003
22188687ns          417668 1c00afb2 00279793 slli             x15, x15, 0x2       x15=0000000c x15:00000003
22188707ns          417669 1c00afb4 00d7f7b3 and              x15, x15, x13       x15=00000000 x15:0000000c x13:00001f80
22188727ns          417670 1c00afb6 ee873733 p.bclr           x14, x14, 23, 8     x14=00000018 x14:00000018
22188747ns          417671 1c00afba 1a10f6b7 lui              x13, 0x1a10f000     x13=1a10f000
22188768ns          417672 1c00afbe 0ff57513 andi             x10, x10, 255       x10=0000006b x10:0000006b
22188788ns          417673 1c00afc2 00d70733 add              x14, x14, x13       x14=1a10f018 x14:00000018 x13:1a10f000
22188808ns          417674 1c00afc4 00a7e723 p.sw             x10, x0(x15)        x10:0000006b x15:00000000  PA:1a10f018
22189169ns          417692 1c00afc8 00000513 addi             x10, x0, 0          x10=00000000
22189189ns          417693 1c00afca 00008067 jalr             x0, x1, 0            x1:1c00b072
22189249ns          417696 1c00b072 31f52563 p.beqimm         x10, 778            x10:00000000
22189269ns          417697 1c00b076 001d8d93 addi             x27, x27, 1         x27=00000001 x27:00000000
22189289ns          417698 1c00b078 00044503 lbu              x10, 0(x8)          x10=00000065  x8:1c0000a9  PA:1c0000a9
22189590ns          417713 1c00b07c 00140413 addi             x8, x8, 1            x8=1c0000aa  x8:1c0000a9
22189610ns          417714 1c00b07e fe0514e3 bne              x10, x0, -24        x10:00000065
22189691ns          417718 1c00b066 02500793 addi             x15, x0, 37         x15=00000025
22189711ns          417719 1c00b06a 04f50863 beq              x10, x15, 80        x10:00000065 x15:00000025
22189731ns          417720 1c00b06e 01a005b3 add              x11, x0, x26        x11=00000002 x26:00000002
22189751ns          417721 1c00b070 000b00e7 jalr             x1, x22, 0           x1=1c00b072 x22:1c00afa4
22189791ns          417723 1c00afa4 000026b7 lui              x13, 0x2000         x13=00002000
22189811ns          417724 1c00afa6 f14027f3 csrrs            x15, x0, 0xf14      x15=00000003
22189831ns          417725 1c00afaa f8068693 addi             x13, x13, -128      x13=00001f80 x13:00002000
22189851ns          417726 1c00afae 00379713 slli             x14, x15, 0x3       x14=00000018 x15:00000003
22189871ns          417727 1c00afb2 00279793 slli             x15, x15, 0x2       x15=0000000c x15:00000003
22189891ns          417728 1c00afb4 00d7f7b3 and              x15, x15, x13       x15=00000000 x15:0000000c x13:00001f80
22189911ns          417729 1c00afb6 ee873733 p.bclr           x14, x14, 23, 8     x14=00000018 x14:00000018
22189931ns          417730 1c00afba 1a10f6b7 lui              x13, 0x1a10f000     x13=1a10f000
22189951ns          417731 1c00afbe 0ff57513 andi             x10, x10, 255       x10=00000065 x10:00000065
22189971ns          417732 1c00afc2 00d70733 add              x14, x14, x13       x14=1a10f018 x14:00000018 x13:1a10f000
22189992ns          417733 1c00afc4 00a7e723 p.sw             x10, x0(x15)        x10:00000065 x15:00000000  PA:1a10f018
22190333ns          417750 1c00afc8 00000513 addi             x10, x0, 0          x10=00000000
22190353ns          417751 1c00afca 00008067 jalr             x0, x1, 0            x1:1c00b072
22190413ns          417754 1c00b072 31f52563 p.beqimm         x10, 778            x10:00000000
22190433ns          417755 1c00b076 001d8d93 addi             x27, x27, 1         x27=00000002 x27:00000001
22190453ns          417756 1c00b078 00044503 lbu              x10, 0(x8)          x10=00000072  x8:1c0000aa  PA:1c0000aa
22190754ns          417771 1c00b07c 00140413 addi             x8, x8, 1            x8=1c0000ab  x8:1c0000aa
22190774ns          417772 1c00b07e fe0514e3 bne              x10, x0, -24        x10:00000072
22190854ns          417776 1c00b066 02500793 addi             x15, x0, 37         x15=00000025
22190874ns          417777 1c00b06a 04f50863 beq              x10, x15, 80        x10:00000072 x15:00000025
22190894ns          417778 1c00b06e 01a005b3 add              x11, x0, x26        x11=00000002 x26:00000002
22190915ns          417779 1c00b070 000b00e7 jalr             x1, x22, 0           x1=1c00b072 x22:1c00afa4
22190955ns          417781 1c00afa4 000026b7 lui              x13, 0x2000         x13=00002000
22190975ns          417782 1c00afa6 f14027f3 csrrs            x15, x0, 0xf14      x15=00000003
22190995ns          417783 1c00afaa f8068693 addi             x13, x13, -128      x13=00001f80 x13:00002000
22191015ns          417784 1c00afae 00379713 slli             x14, x15, 0x3       x14=00000018 x15:00000003
22191035ns          417785 1c00afb2 00279793 slli             x15, x15, 0x2       x15=0000000c x15:00000003
22191055ns          417786 1c00afb4 00d7f7b3 and              x15, x15, x13       x15=00000000 x15:0000000c x13:00001f80
22191075ns          417787 1c00afb6 ee873733 p.bclr           x14, x14, 23, 8     x14=00000018 x14:00000018
22191095ns          417788 1c00afba 1a10f6b7 lui              x13, 0x1a10f000     x13=1a10f000
22191115ns          417789 1c00afbe 0ff57513 andi             x10, x10, 255       x10=00000072 x10:00000072
22191135ns          417790 1c00afc2 00d70733 add              x14, x14, x13       x14=1a10f018 x14:00000018 x13:1a10f000
22191155ns          417791 1c00afc4 00a7e723 p.sw             x10, x0(x15)        x10:00000072 x15:00000000  PA:1a10f018
22191476ns          417807 1c00afc8 00000513 addi             x10, x0, 0          x10=00000000
22191496ns          417808 1c00afca 00008067 jalr             x0, x1, 0            x1:1c00b072
22191557ns          417811 1c00b072 31f52563 p.beqimm         x10, 778            x10:00000000
22191577ns          417812 1c00b076 001d8d93 addi             x27, x27, 1         x27=00000003 x27:00000002
22191597ns          417813 1c00b078 00044503 lbu              x10, 0(x8)          x10=0000006e  x8:1c0000ab  PA:1c0000ab
22191898ns          417828 1c00b07c 00140413 addi             x8, x8, 1            x8=1c0000ac  x8:1c0000ab
22191918ns          417829 1c00b07e fe0514e3 bne              x10, x0, -24        x10:0000006e
22191998ns          417833 1c00b066 02500793 addi             x15, x0, 37         x15=00000025
22192018ns          417834 1c00b06a 04f50863 beq              x10, x15, 80        x10:0000006e x15:00000025
22192038ns          417835 1c00b06e 01a005b3 add              x11, x0, x26        x11=00000002 x26:00000002
22192058ns          417836 1c00b070 000b00e7 jalr             x1, x22, 0           x1=1c00b072 x22:1c00afa4
22192098ns          417838 1c00afa4 000026b7 lui              x13, 0x2000         x13=00002000
22192118ns          417839 1c00afa6 f14027f3 csrrs            x15, x0, 0xf14      x15=00000003
22192139ns          417840 1c00afaa f8068693 addi             x13, x13, -128      x13=00001f80 x13:00002000
22192159ns          417841 1c00afae 00379713 slli             x14, x15, 0x3       x14=00000018 x15:00000003
22192179ns          417842 1c00afb2 00279793 slli             x15, x15, 0x2       x15=0000000c x15:00000003
22192199ns          417843 1c00afb4 00d7f7b3 and              x15, x15, x13       x15=00000000 x15:0000000c x13:00001f80
22192219ns          417844 1c00afb6 ee873733 p.bclr           x14, x14, 23, 8     x14=00000018 x14:00000018
22192239ns          417845 1c00afba 1a10f6b7 lui              x13, 0x1a10f000     x13=1a10f000
22192259ns          417846 1c00afbe 0ff57513 andi             x10, x10, 255       x10=0000006e x10:0000006e
22192279ns          417847 1c00afc2 00d70733 add              x14, x14, x13       x14=1a10f018 x14:00000018 x13:1a10f000
22192299ns          417848 1c00afc4 00a7e723 p.sw             x10, x0(x15)        x10:0000006e x15:00000000  PA:1a10f018
22192620ns          417864 1c00afc8 00000513 addi             x10, x0, 0          x10=00000000
22192640ns          417865 1c00afca 00008067 jalr             x0, x1, 0            x1:1c00b072
22192700ns          417868 1c00b072 31f52563 p.beqimm         x10, 778            x10:00000000
22192720ns          417869 1c00b076 001d8d93 addi             x27, x27, 1         x27=00000004 x27:00000003
22192740ns          417870 1c00b078 00044503 lbu              x10, 0(x8)          x10=00000065  x8:1c0000ac  PA:1c0000ac
22193062ns          417886 1c00b07c 00140413 addi             x8, x8, 1            x8=1c0000ad  x8:1c0000ac
22193082ns          417887 1c00b07e fe0514e3 bne              x10, x0, -24        x10:00000065
22193162ns          417891 1c00b066 02500793 addi             x15, x0, 37         x15=00000025
22193182ns          417892 1c00b06a 04f50863 beq              x10, x15, 80        x10:00000065 x15:00000025
22193202ns          417893 1c00b06e 01a005b3 add              x11, x0, x26        x11=00000002 x26:00000002
22193222ns          417894 1c00b070 000b00e7 jalr             x1, x22, 0           x1=1c00b072 x22:1c00afa4
22193262ns          417896 1c00afa4 000026b7 lui              x13, 0x2000         x13=00002000
22193282ns          417897 1c00afa6 f14027f3 csrrs            x15, x0, 0xf14      x15=00000003
22193302ns          417898 1c00afaa f8068693 addi             x13, x13, -128      x13=00001f80 x13:00002000
22193322ns          417899 1c00afae 00379713 slli             x14, x15, 0x3       x14=00000018 x15:00000003
22193342ns          417900 1c00afb2 00279793 slli             x15, x15, 0x2       x15=0000000c x15:00000003
22193363ns          417901 1c00afb4 00d7f7b3 and              x15, x15, x13       x15=00000000 x15:0000000c x13:00001f80
22193383ns          417902 1c00afb6 ee873733 p.bclr           x14, x14, 23, 8     x14=00000018 x14:00000018
22193403ns          417903 1c00afba 1a10f6b7 lui              x13, 0x1a10f000     x13=1a10f000
22193423ns          417904 1c00afbe 0ff57513 andi             x10, x10, 255       x10=00000065 x10:00000065
22193443ns          417905 1c00afc2 00d70733 add              x14, x14, x13       x14=1a10f018 x14:00000018 x13:1a10f000
22193463ns          417906 1c00afc4 00a7e723 p.sw             x10, x0(x15)        x10:00000065 x15:00000000  PA:1a10f018
22193784ns          417922 1c00afc8 00000513 addi             x10, x0, 0          x10=00000000
22193804ns          417923 1c00afca 00008067 jalr             x0, x1, 0            x1:1c00b072
22193864ns          417926 1c00b072 31f52563 p.beqimm         x10, 778            x10:00000000
22193884ns          417927 1c00b076 001d8d93 addi             x27, x27, 1         x27=00000005 x27:00000004
22193904ns          417928 1c00b078 00044503 lbu              x10, 0(x8)          x10=0000006c  x8:1c0000ad  PA:1c0000ad
22194205ns          417943 1c00b07c 00140413 addi             x8, x8, 1            x8=1c0000ae  x8:1c0000ad
22194225ns          417944 1c00b07e fe0514e3 bne              x10, x0, -24        x10:0000006c
22194306ns          417948 1c00b066 02500793 addi             x15, x0, 37         x15=00000025
22194326ns          417949 1c00b06a 04f50863 beq              x10, x15, 80        x10:0000006c x15:00000025
22194346ns          417950 1c00b06e 01a005b3 add              x11, x0, x26        x11=00000002 x26:00000002
22194366ns          417951 1c00b070 000b00e7 jalr             x1, x22, 0           x1=1c00b072 x22:1c00afa4
22194406ns          417953 1c00afa4 000026b7 lui              x13, 0x2000         x13=00002000
22194426ns          417954 1c00afa6 f14027f3 csrrs            x15, x0, 0xf14      x15=00000003
22194446ns          417955 1c00afaa f8068693 addi             x13, x13, -128      x13=00001f80 x13:00002000
22194466ns          417956 1c00afae 00379713 slli             x14, x15, 0x3       x14=00000018 x15:00000003
22194486ns          417957 1c00afb2 00279793 slli             x15, x15, 0x2       x15=0000000c x15:00000003
22194506ns          417958 1c00afb4 00d7f7b3 and              x15, x15, x13       x15=00000000 x15:0000000c x13:00001f80
22194526ns          417959 1c00afb6 ee873733 p.bclr           x14, x14, 23, 8     x14=00000018 x14:00000018
22194546ns          417960 1c00afba 1a10f6b7 lui              x13, 0x1a10f000     x13=1a10f000
22194566ns          417961 1c00afbe 0ff57513 andi             x10, x10, 255       x10=0000006c x10:0000006c
22194587ns          417962 1c00afc2 00d70733 add              x14, x14, x13       x14=1a10f018 x14:00000018 x13:1a10f000
22194607ns          417963 1c00afc4 00a7e723 p.sw             x10, x0(x15)        x10:0000006c x15:00000000  PA:1a10f018
22194948ns          417980 1c00afc8 00000513 addi             x10, x0, 0          x10=00000000
22194968ns          417981 1c00afca 00008067 jalr             x0, x1, 0            x1:1c00b072
22195028ns          417984 1c00b072 31f52563 p.beqimm         x10, 778            x10:00000000
22195048ns          417985 1c00b076 001d8d93 addi             x27, x27, 1         x27=00000006 x27:00000005
22195068ns          417986 1c00b078 00044503 lbu              x10, 0(x8)          x10=00000020  x8:1c0000ae  PA:1c0000ae
22195369ns          418001 1c00b07c 00140413 addi             x8, x8, 1            x8=1c0000af  x8:1c0000ae
22195389ns          418002 1c00b07e fe0514e3 bne              x10, x0, -24        x10:00000020
22195469ns          418006 1c00b066 02500793 addi             x15, x0, 37         x15=00000025
22195489ns          418007 1c00b06a 04f50863 beq              x10, x15, 80        x10:00000020 x15:00000025
22195510ns          418008 1c00b06e 01a005b3 add              x11, x0, x26        x11=00000002 x26:00000002
22195530ns          418009 1c00b070 000b00e7 jalr             x1, x22, 0           x1=1c00b072 x22:1c00afa4
22195570ns          418011 1c00afa4 000026b7 lui              x13, 0x2000         x13=00002000
22195590ns          418012 1c00afa6 f14027f3 csrrs            x15, x0, 0xf14      x15=00000003
22195610ns          418013 1c00afaa f8068693 addi             x13, x13, -128      x13=00001f80 x13:00002000
22195630ns          418014 1c00afae 00379713 slli             x14, x15, 0x3       x14=00000018 x15:00000003
22195650ns          418015 1c00afb2 00279793 slli             x15, x15, 0x2       x15=0000000c x15:00000003
22195670ns          418016 1c00afb4 00d7f7b3 and              x15, x15, x13       x15=00000000 x15:0000000c x13:00001f80
22195690ns          418017 1c00afb6 ee873733 p.bclr           x14, x14, 23, 8     x14=00000018 x14:00000018
22195710ns          418018 1c00afba 1a10f6b7 lui              x13, 0x1a10f000     x13=1a10f000
22195730ns          418019 1c00afbe 0ff57513 andi             x10, x10, 255       x10=00000020 x10:00000020
22195750ns          418020 1c00afc2 00d70733 add              x14, x14, x13       x14=1a10f018 x14:00000018 x13:1a10f000
22195770ns          418021 1c00afc4 00a7e723 p.sw             x10, x0(x15)        x10:00000020 x15:00000000  PA:1a10f018
22196091ns          418037 1c00afc8 00000513 addi             x10, x0, 0          x10=00000000
22196111ns          418038 1c00afca 00008067 jalr             x0, x1, 0            x1:1c00b072
22196172ns          418041 1c00b072 31f52563 p.beqimm         x10, 778            x10:00000000
22196192ns          418042 1c00b076 001d8d93 addi             x27, x27, 1         x27=00000007 x27:00000006
22196212ns          418043 1c00b078 00044503 lbu              x10, 0(x8)          x10=00000070  x8:1c0000af  PA:1c0000af
22196513ns          418058 1c00b07c 00140413 addi             x8, x8, 1            x8=1c0000b0  x8:1c0000af
22196533ns          418059 1c00b07e fe0514e3 bne              x10, x0, -24        x10:00000070
22196613ns          418063 1c00b066 02500793 addi             x15, x0, 37         x15=00000025
22196633ns          418064 1c00b06a 04f50863 beq              x10, x15, 80        x10:00000070 x15:00000025
22196653ns          418065 1c00b06e 01a005b3 add              x11, x0, x26        x11=00000002 x26:00000002
22196673ns          418066 1c00b070 000b00e7 jalr             x1, x22, 0           x1=1c00b072 x22:1c00afa4
22196713ns          418068 1c00afa4 000026b7 lui              x13, 0x2000         x13=00002000
22196734ns          418069 1c00afa6 f14027f3 csrrs            x15, x0, 0xf14      x15=00000003
22196754ns          418070 1c00afaa f8068693 addi             x13, x13, -128      x13=00001f80 x13:00002000
22196774ns          418071 1c00afae 00379713 slli             x14, x15, 0x3       x14=00000018 x15:00000003
22196794ns          418072 1c00afb2 00279793 slli             x15, x15, 0x2       x15=0000000c x15:00000003
22196814ns          418073 1c00afb4 00d7f7b3 and              x15, x15, x13       x15=00000000 x15:0000000c x13:00001f80
22196834ns          418074 1c00afb6 ee873733 p.bclr           x14, x14, 23, 8     x14=00000018 x14:00000018
22196854ns          418075 1c00afba 1a10f6b7 lui              x13, 0x1a10f000     x13=1a10f000
22196874ns          418076 1c00afbe 0ff57513 andi             x10, x10, 255       x10=00000070 x10:00000070
22196894ns          418077 1c00afc2 00d70733 add              x14, x14, x13       x14=1a10f018 x14:00000018 x13:1a10f000
22196914ns          418078 1c00afc4 00a7e723 p.sw             x10, x0(x15)        x10:00000070 x15:00000000  PA:1a10f018
22197235ns          418094 1c00afc8 00000513 addi             x10, x0, 0          x10=00000000
22197255ns          418095 1c00afca 00008067 jalr             x0, x1, 0            x1:1c00b072
22197315ns          418098 1c00b072 31f52563 p.beqimm         x10, 778            x10:00000000
22197335ns          418099 1c00b076 001d8d93 addi             x27, x27, 1         x27=00000008 x27:00000007
22197356ns          418100 1c00b078 00044503 lbu              x10, 0(x8)          x10=00000061  x8:1c0000b0  PA:1c0000b0
22197657ns          418115 1c00b07c 00140413 addi             x8, x8, 1            x8=1c0000b1  x8:1c0000b0
22197677ns          418116 1c00b07e fe0514e3 bne              x10, x0, -24        x10:00000061
22197757ns          418120 1c00b066 02500793 addi             x15, x0, 37         x15=00000025
22197777ns          418121 1c00b06a 04f50863 beq              x10, x15, 80        x10:00000061 x15:00000025
22197797ns          418122 1c00b06e 01a005b3 add              x11, x0, x26        x11=00000002 x26:00000002
22197817ns          418123 1c00b070 000b00e7 jalr             x1, x22, 0           x1=1c00b072 x22:1c00afa4
22197857ns          418125 1c00afa4 000026b7 lui              x13, 0x2000         x13=00002000
22197877ns          418126 1c00afa6 f14027f3 csrrs            x15, x0, 0xf14      x15=00000003
22197897ns          418127 1c00afaa f8068693 addi             x13, x13, -128      x13=00001f80 x13:00002000
22197917ns          418128 1c00afae 00379713 slli             x14, x15, 0x3       x14=00000018 x15:00000003
22197937ns          418129 1c00afb2 00279793 slli             x15, x15, 0x2       x15=0000000c x15:00000003
22197957ns          418130 1c00afb4 00d7f7b3 and              x15, x15, x13       x15=00000000 x15:0000000c x13:00001f80
22197978ns          418131 1c00afb6 ee873733 p.bclr           x14, x14, 23, 8     x14=00000018 x14:00000018
22197998ns          418132 1c00afba 1a10f6b7 lui              x13, 0x1a10f000     x13=1a10f000
22198018ns          418133 1c00afbe 0ff57513 andi             x10, x10, 255       x10=00000061 x10:00000061
22198038ns          418134 1c00afc2 00d70733 add              x14, x14, x13       x14=1a10f018 x14:00000018 x13:1a10f000
22198058ns          418135 1c00afc4 00a7e723 p.sw             x10, x0(x15)        x10:00000061 x15:00000000  PA:1a10f018
22198399ns          418152 1c00afc8 00000513 addi             x10, x0, 0          x10=00000000
22198419ns          418153 1c00afca 00008067 jalr             x0, x1, 0            x1:1c00b072
22198479ns          418156 1c00b072 31f52563 p.beqimm         x10, 778            x10:00000000
22198499ns          418157 1c00b076 001d8d93 addi             x27, x27, 1         x27=00000009 x27:00000008
22198519ns          418158 1c00b078 00044503 lbu              x10, 0(x8)          x10=00000073  x8:1c0000b1  PA:1c0000b1
22198820ns          418173 1c00b07c 00140413 addi             x8, x8, 1            x8=1c0000b2  x8:1c0000b1
22198840ns          418174 1c00b07e fe0514e3 bne              x10, x0, -24        x10:00000073
22198921ns          418178 1c00b066 02500793 addi             x15, x0, 37         x15=00000025
22198941ns          418179 1c00b06a 04f50863 beq              x10, x15, 80        x10:00000073 x15:00000025
22198961ns          418180 1c00b06e 01a005b3 add              x11, x0, x26        x11=00000002 x26:00000002
22198981ns          418181 1c00b070 000b00e7 jalr             x1, x22, 0           x1=1c00b072 x22:1c00afa4
22199021ns          418183 1c00afa4 000026b7 lui              x13, 0x2000         x13=00002000
22199041ns          418184 1c00afa6 f14027f3 csrrs            x15, x0, 0xf14      x15=00000003
22199061ns          418185 1c00afaa f8068693 addi             x13, x13, -128      x13=00001f80 x13:00002000
22199081ns          418186 1c00afae 00379713 slli             x14, x15, 0x3       x14=00000018 x15:00000003
22199101ns          418187 1c00afb2 00279793 slli             x15, x15, 0x2       x15=0000000c x15:00000003
22199121ns          418188 1c00afb4 00d7f7b3 and              x15, x15, x13       x15=00000000 x15:0000000c x13:00001f80
22199141ns          418189 1c00afb6 ee873733 p.bclr           x14, x14, 23, 8     x14=00000018 x14:00000018
22199161ns          418190 1c00afba 1a10f6b7 lui              x13, 0x1a10f000     x13=1a10f000
22199181ns          418191 1c00afbe 0ff57513 andi             x10, x10, 255       x10=00000073 x10:00000073
22199202ns          418192 1c00afc2 00d70733 add              x14, x14, x13       x14=1a10f018 x14:00000018 x13:1a10f000
22199222ns          418193 1c00afc4 00a7e723 p.sw             x10, x0(x15)        x10:00000073 x15:00000000  PA:1a10f018
22199543ns          418209 1c00afc8 00000513 addi             x10, x0, 0          x10=00000000
22199563ns          418210 1c00afca 00008067 jalr             x0, x1, 0            x1:1c00b072
22199623ns          418213 1c00b072 31f52563 p.beqimm         x10, 778            x10:00000000
22199643ns          418214 1c00b076 001d8d93 addi             x27, x27, 1         x27=0000000a x27:00000009
22199663ns          418215 1c00b078 00044503 lbu              x10, 0(x8)          x10=00000073  x8:1c0000b2  PA:1c0000b2
22199964ns          418230 1c00b07c 00140413 addi             x8, x8, 1            x8=1c0000b3  x8:1c0000b2
22199984ns          418231 1c00b07e fe0514e3 bne              x10, x0, -24        x10:00000073
22200064ns          418235 1c00b066 02500793 addi             x15, x0, 37         x15=00000025
22200084ns          418236 1c00b06a 04f50863 beq              x10, x15, 80        x10:00000073 x15:00000025
22200104ns          418237 1c00b06e 01a005b3 add              x11, x0, x26        x11=00000002 x26:00000002
22200125ns          418238 1c00b070 000b00e7 jalr             x1, x22, 0           x1=1c00b072 x22:1c00afa4
22200165ns          418240 1c00afa4 000026b7 lui              x13, 0x2000         x13=00002000
22200185ns          418241 1c00afa6 f14027f3 csrrs            x15, x0, 0xf14      x15=00000003
22200205ns          418242 1c00afaa f8068693 addi             x13, x13, -128      x13=00001f80 x13:00002000
22200225ns          418243 1c00afae 00379713 slli             x14, x15, 0x3       x14=00000018 x15:00000003
22200245ns          418244 1c00afb2 00279793 slli             x15, x15, 0x2       x15=0000000c x15:00000003
22200265ns          418245 1c00afb4 00d7f7b3 and              x15, x15, x13       x15=00000000 x15:0000000c x13:00001f80
22200285ns          418246 1c00afb6 ee873733 p.bclr           x14, x14, 23, 8     x14=00000018 x14:00000018
22200305ns          418247 1c00afba 1a10f6b7 lui              x13, 0x1a10f000     x13=1a10f000
22200325ns          418248 1c00afbe 0ff57513 andi             x10, x10, 255       x10=00000073 x10:00000073
22200345ns          418249 1c00afc2 00d70733 add              x14, x14, x13       x14=1a10f018 x14:00000018 x13:1a10f000
22200365ns          418250 1c00afc4 00a7e723 p.sw             x10, x0(x15)        x10:00000073 x15:00000000  PA:1a10f018
22200686ns          418266 1c00afc8 00000513 addi             x10, x0, 0          x10=00000000
22200706ns          418267 1c00afca 00008067 jalr             x0, x1, 0            x1:1c00b072
22200767ns          418270 1c00b072 31f52563 p.beqimm         x10, 778            x10:00000000
22200787ns          418271 1c00b076 001d8d93 addi             x27, x27, 1         x27=0000000b x27:0000000a
22200807ns          418272 1c00b078 00044503 lbu              x10, 0(x8)          x10=00000065  x8:1c0000b3  PA:1c0000b3
22201108ns          418287 1c00b07c 00140413 addi             x8, x8, 1            x8=1c0000b4  x8:1c0000b3
22201128ns          418288 1c00b07e fe0514e3 bne              x10, x0, -24        x10:00000065
22201208ns          418292 1c00b066 02500793 addi             x15, x0, 37         x15=00000025
22201228ns          418293 1c00b06a 04f50863 beq              x10, x15, 80        x10:00000065 x15:00000025
22201248ns          418294 1c00b06e 01a005b3 add              x11, x0, x26        x11=00000002 x26:00000002
22201268ns          418295 1c00b070 000b00e7 jalr             x1, x22, 0           x1=1c00b072 x22:1c00afa4
22201308ns          418297 1c00afa4 000026b7 lui              x13, 0x2000         x13=00002000
22201328ns          418298 1c00afa6 f14027f3 csrrs            x15, x0, 0xf14      x15=00000003
22201349ns          418299 1c00afaa f8068693 addi             x13, x13, -128      x13=00001f80 x13:00002000
22201369ns          418300 1c00afae 00379713 slli             x14, x15, 0x3       x14=00000018 x15:00000003
22201389ns          418301 1c00afb2 00279793 slli             x15, x15, 0x2       x15=0000000c x15:00000003
22201409ns          418302 1c00afb4 00d7f7b3 and              x15, x15, x13       x15=00000000 x15:0000000c x13:00001f80
22201429ns          418303 1c00afb6 ee873733 p.bclr           x14, x14, 23, 8     x14=00000018 x14:00000018
22201449ns          418304 1c00afba 1a10f6b7 lui              x13, 0x1a10f000     x13=1a10f000
22201469ns          418305 1c00afbe 0ff57513 andi             x10, x10, 255       x10=00000065 x10:00000065
22201489ns          418306 1c00afc2 00d70733 add              x14, x14, x13       x14=1a10f018 x14:00000018 x13:1a10f000
22201509ns          418307 1c00afc4 00a7e723 p.sw             x10, x0(x15)        x10:00000065 x15:00000000  PA:1a10f018
22201830ns          418323 1c00afc8 00000513 addi             x10, x0, 0          x10=00000000
22201850ns          418324 1c00afca 00008067 jalr             x0, x1, 0            x1:1c00b072
22201910ns          418327 1c00b072 31f52563 p.beqimm         x10, 778            x10:00000000
22201930ns          418328 1c00b076 001d8d93 addi             x27, x27, 1         x27=0000000c x27:0000000b
22201950ns          418329 1c00b078 00044503 lbu              x10, 0(x8)          x10=00000064  x8:1c0000b4  PA:1c0000b4
22202251ns          418344 1c00b07c 00140413 addi             x8, x8, 1            x8=1c0000b5  x8:1c0000b4
22202272ns          418345 1c00b07e fe0514e3 bne              x10, x0, -24        x10:00000064
22202352ns          418349 1c00b066 02500793 addi             x15, x0, 37         x15=00000025
22202372ns          418350 1c00b06a 04f50863 beq              x10, x15, 80        x10:00000064 x15:00000025
22202392ns          418351 1c00b06e 01a005b3 add              x11, x0, x26        x11=00000002 x26:00000002
22202412ns          418352 1c00b070 000b00e7 jalr             x1, x22, 0           x1=1c00b072 x22:1c00afa4
22202452ns          418354 1c00afa4 000026b7 lui              x13, 0x2000         x13=00002000
22202472ns          418355 1c00afa6 f14027f3 csrrs            x15, x0, 0xf14      x15=00000003
22202492ns          418356 1c00afaa f8068693 addi             x13, x13, -128      x13=00001f80 x13:00002000
22202512ns          418357 1c00afae 00379713 slli             x14, x15, 0x3       x14=00000018 x15:00000003
22202532ns          418358 1c00afb2 00279793 slli             x15, x15, 0x2       x15=0000000c x15:00000003
22202552ns          418359 1c00afb4 00d7f7b3 and              x15, x15, x13       x15=00000000 x15:0000000c x13:00001f80
22202573ns          418360 1c00afb6 ee873733 p.bclr           x14, x14, 23, 8     x14=00000018 x14:00000018
22202593ns          418361 1c00afba 1a10f6b7 lui              x13, 0x1a10f000     x13=1a10f000
22202613ns          418362 1c00afbe 0ff57513 andi             x10, x10, 255       x10=00000064 x10:00000064
22202633ns          418363 1c00afc2 00d70733 add              x14, x14, x13       x14=1a10f018 x14:00000018 x13:1a10f000
22202653ns          418364 1c00afc4 00a7e723 p.sw             x10, x0(x15)        x10:00000064 x15:00000000  PA:1a10f018
22202974ns          418380 1c00afc8 00000513 addi             x10, x0, 0          x10=00000000
22202994ns          418381 1c00afca 00008067 jalr             x0, x1, 0            x1:1c00b072
22203054ns          418384 1c00b072 31f52563 p.beqimm         x10, 778            x10:00000000
22203074ns          418385 1c00b076 001d8d93 addi             x27, x27, 1         x27=0000000d x27:0000000c
22203094ns          418386 1c00b078 00044503 lbu              x10, 0(x8)          x10=00000020  x8:1c0000b5  PA:1c0000b5
22203395ns          418401 1c00b07c 00140413 addi             x8, x8, 1            x8=1c0000b6  x8:1c0000b5
22203415ns          418402 1c00b07e fe0514e3 bne              x10, x0, -24        x10:00000020
22203496ns          418406 1c00b066 02500793 addi             x15, x0, 37         x15=00000025
22203516ns          418407 1c00b06a 04f50863 beq              x10, x15, 80        x10:00000020 x15:00000025
22203536ns          418408 1c00b06e 01a005b3 add              x11, x0, x26        x11=00000002 x26:00000002
22203556ns          418409 1c00b070 000b00e7 jalr             x1, x22, 0           x1=1c00b072 x22:1c00afa4
22203596ns          418411 1c00afa4 000026b7 lui              x13, 0x2000         x13=00002000
22203616ns          418412 1c00afa6 f14027f3 csrrs            x15, x0, 0xf14      x15=00000003
22203636ns          418413 1c00afaa f8068693 addi             x13, x13, -128      x13=00001f80 x13:00002000
22203656ns          418414 1c00afae 00379713 slli             x14, x15, 0x3       x14=00000018 x15:00000003
22203676ns          418415 1c00afb2 00279793 slli             x15, x15, 0x2       x15=0000000c x15:00000003
22203696ns          418416 1c00afb4 00d7f7b3 and              x15, x15, x13       x15=00000000 x15:0000000c x13:00001f80
22203716ns          418417 1c00afb6 ee873733 p.bclr           x14, x14, 23, 8     x14=00000018 x14:00000018
22203736ns          418418 1c00afba 1a10f6b7 lui              x13, 0x1a10f000     x13=1a10f000
22203756ns          418419 1c00afbe 0ff57513 andi             x10, x10, 255       x10=00000020 x10:00000020
22203776ns          418420 1c00afc2 00d70733 add              x14, x14, x13       x14=1a10f018 x14:00000018 x13:1a10f000
22203797ns          418421 1c00afc4 00a7e723 p.sw             x10, x0(x15)        x10:00000020 x15:00000000  PA:1a10f018
22204118ns          418437 1c00afc8 00000513 addi             x10, x0, 0          x10=00000000
22204138ns          418438 1c00afca 00008067 jalr             x0, x1, 0            x1:1c00b072
22204198ns          418441 1c00b072 31f52563 p.beqimm         x10, 778            x10:00000000
22204218ns          418442 1c00b076 001d8d93 addi             x27, x27, 1         x27=0000000e x27:0000000d
22204238ns          418443 1c00b078 00044503 lbu              x10, 0(x8)          x10=0000006f  x8:1c0000b6  PA:1c0000b6
22204539ns          418458 1c00b07c 00140413 addi             x8, x8, 1            x8=1c0000b7  x8:1c0000b6
22204559ns          418459 1c00b07e fe0514e3 bne              x10, x0, -24        x10:0000006f
22204639ns          418463 1c00b066 02500793 addi             x15, x0, 37         x15=00000025
22204659ns          418464 1c00b06a 04f50863 beq              x10, x15, 80        x10:0000006f x15:00000025
22204679ns          418465 1c00b06e 01a005b3 add              x11, x0, x26        x11=00000002 x26:00000002
22204699ns          418466 1c00b070 000b00e7 jalr             x1, x22, 0           x1=1c00b072 x22:1c00afa4
22204740ns          418468 1c00afa4 000026b7 lui              x13, 0x2000         x13=00002000
22204760ns          418469 1c00afa6 f14027f3 csrrs            x15, x0, 0xf14      x15=00000003
22204780ns          418470 1c00afaa f8068693 addi             x13, x13, -128      x13=00001f80 x13:00002000
22204800ns          418471 1c00afae 00379713 slli             x14, x15, 0x3       x14=00000018 x15:00000003
22204820ns          418472 1c00afb2 00279793 slli             x15, x15, 0x2       x15=0000000c x15:00000003
22204840ns          418473 1c00afb4 00d7f7b3 and              x15, x15, x13       x15=00000000 x15:0000000c x13:00001f80
22204860ns          418474 1c00afb6 ee873733 p.bclr           x14, x14, 23, 8     x14=00000018 x14:00000018
22204880ns          418475 1c00afba 1a10f6b7 lui              x13, 0x1a10f000     x13=1a10f000
22204900ns          418476 1c00afbe 0ff57513 andi             x10, x10, 255       x10=0000006f x10:0000006f
22204920ns          418477 1c00afc2 00d70733 add              x14, x14, x13       x14=1a10f018 x14:00000018 x13:1a10f000
22204940ns          418478 1c00afc4 00a7e723 p.sw             x10, x0(x15)        x10:0000006f x15:00000000  PA:1a10f018
22205261ns          418494 1c00afc8 00000513 addi             x10, x0, 0          x10=00000000
22205281ns          418495 1c00afca 00008067 jalr             x0, x1, 0            x1:1c00b072
22205342ns          418498 1c00b072 31f52563 p.beqimm         x10, 778            x10:00000000
22205362ns          418499 1c00b076 001d8d93 addi             x27, x27, 1         x27=0000000f x27:0000000e
22205382ns          418500 1c00b078 00044503 lbu              x10, 0(x8)          x10=0000006e  x8:1c0000b7  PA:1c0000b7
22205703ns          418516 1c00b07c 00140413 addi             x8, x8, 1            x8=1c0000b8  x8:1c0000b7
22205723ns          418517 1c00b07e fe0514e3 bne              x10, x0, -24        x10:0000006e
22205803ns          418521 1c00b066 02500793 addi             x15, x0, 37         x15=00000025
22205823ns          418522 1c00b06a 04f50863 beq              x10, x15, 80        x10:0000006e x15:00000025
22205843ns          418523 1c00b06e 01a005b3 add              x11, x0, x26        x11=00000002 x26:00000002
22205863ns          418524 1c00b070 000b00e7 jalr             x1, x22, 0           x1=1c00b072 x22:1c00afa4
22205903ns          418526 1c00afa4 000026b7 lui              x13, 0x2000         x13=00002000
22205923ns          418527 1c00afa6 f14027f3 csrrs            x15, x0, 0xf14      x15=00000003
22205944ns          418528 1c00afaa f8068693 addi             x13, x13, -128      x13=00001f80 x13:00002000
22205964ns          418529 1c00afae 00379713 slli             x14, x15, 0x3       x14=00000018 x15:00000003
22205984ns          418530 1c00afb2 00279793 slli             x15, x15, 0x2       x15=0000000c x15:00000003
22206004ns          418531 1c00afb4 00d7f7b3 and              x15, x15, x13       x15=00000000 x15:0000000c x13:00001f80
22206024ns          418532 1c00afb6 ee873733 p.bclr           x14, x14, 23, 8     x14=00000018 x14:00000018
22206044ns          418533 1c00afba 1a10f6b7 lui              x13, 0x1a10f000     x13=1a10f000
22206064ns          418534 1c00afbe 0ff57513 andi             x10, x10, 255       x10=0000006e x10:0000006e
22206084ns          418535 1c00afc2 00d70733 add              x14, x14, x13       x14=1a10f018 x14:00000018 x13:1a10f000
22206104ns          418536 1c00afc4 00a7e723 p.sw             x10, x0(x15)        x10:0000006e x15:00000000  PA:1a10f018
22206425ns          418552 1c00afc8 00000513 addi             x10, x0, 0          x10=00000000
22206445ns          418553 1c00afca 00008067 jalr             x0, x1, 0            x1:1c00b072
22206505ns          418556 1c00b072 31f52563 p.beqimm         x10, 778            x10:00000000
22206525ns          418557 1c00b076 001d8d93 addi             x27, x27, 1         x27=00000010 x27:0000000f
22206545ns          418558 1c00b078 00044503 lbu              x10, 0(x8)          x10=00000020  x8:1c0000b8  PA:1c0000b8
22206846ns          418573 1c00b07c 00140413 addi             x8, x8, 1            x8=1c0000b9  x8:1c0000b8
22206867ns          418574 1c00b07e fe0514e3 bne              x10, x0, -24        x10:00000020
22206947ns          418578 1c00b066 02500793 addi             x15, x0, 37         x15=00000025
22206967ns          418579 1c00b06a 04f50863 beq              x10, x15, 80        x10:00000020 x15:00000025
22206987ns          418580 1c00b06e 01a005b3 add              x11, x0, x26        x11=00000002 x26:00000002
22207007ns          418581 1c00b070 000b00e7 jalr             x1, x22, 0           x1=1c00b072 x22:1c00afa4
22207047ns          418583 1c00afa4 000026b7 lui              x13, 0x2000         x13=00002000
22207067ns          418584 1c00afa6 f14027f3 csrrs            x15, x0, 0xf14      x15=00000003
22207087ns          418585 1c00afaa f8068693 addi             x13, x13, -128      x13=00001f80 x13:00002000
22207107ns          418586 1c00afae 00379713 slli             x14, x15, 0x3       x14=00000018 x15:00000003
22207127ns          418587 1c00afb2 00279793 slli             x15, x15, 0x2       x15=0000000c x15:00000003
22207147ns          418588 1c00afb4 00d7f7b3 and              x15, x15, x13       x15=00000000 x15:0000000c x13:00001f80
22207167ns          418589 1c00afb6 ee873733 p.bclr           x14, x14, 23, 8     x14=00000018 x14:00000018
22207188ns          418590 1c00afba 1a10f6b7 lui              x13, 0x1a10f000     x13=1a10f000
22207208ns          418591 1c00afbe 0ff57513 andi             x10, x10, 255       x10=00000020 x10:00000020
22207228ns          418592 1c00afc2 00d70733 add              x14, x14, x13       x14=1a10f018 x14:00000018 x13:1a10f000
22207248ns          418593 1c00afc4 00a7e723 p.sw             x10, x0(x15)        x10:00000020 x15:00000000  PA:1a10f018
22207569ns          418609 1c00afc8 00000513 addi             x10, x0, 0          x10=00000000
22207589ns          418610 1c00afca 00008067 jalr             x0, x1, 0            x1:1c00b072
22207649ns          418613 1c00b072 31f52563 p.beqimm         x10, 778            x10:00000000
22207669ns          418614 1c00b076 001d8d93 addi             x27, x27, 1         x27=00000011 x27:00000010
22207689ns          418615 1c00b078 00044503 lbu              x10, 0(x8)          x10=00000063  x8:1c0000b9  PA:1c0000b9
22207990ns          418630 1c00b07c 00140413 addi             x8, x8, 1            x8=1c0000ba  x8:1c0000b9
22208010ns          418631 1c00b07e fe0514e3 bne              x10, x0, -24        x10:00000063
22208090ns          418635 1c00b066 02500793 addi             x15, x0, 37         x15=00000025
22208111ns          418636 1c00b06a 04f50863 beq              x10, x15, 80        x10:00000063 x15:00000025
22208131ns          418637 1c00b06e 01a005b3 add              x11, x0, x26        x11=00000002 x26:00000002
22208151ns          418638 1c00b070 000b00e7 jalr             x1, x22, 0           x1=1c00b072 x22:1c00afa4
22208191ns          418640 1c00afa4 000026b7 lui              x13, 0x2000         x13=00002000
22208211ns          418641 1c00afa6 f14027f3 csrrs            x15, x0, 0xf14      x15=00000003
22208231ns          418642 1c00afaa f8068693 addi             x13, x13, -128      x13=00001f80 x13:00002000
22208251ns          418643 1c00afae 00379713 slli             x14, x15, 0x3       x14=00000018 x15:00000003
22208271ns          418644 1c00afb2 00279793 slli             x15, x15, 0x2       x15=0000000c x15:00000003
22208291ns          418645 1c00afb4 00d7f7b3 and              x15, x15, x13       x15=00000000 x15:0000000c x13:00001f80
22208311ns          418646 1c00afb6 ee873733 p.bclr           x14, x14, 23, 8     x14=00000018 x14:00000018
22208331ns          418647 1c00afba 1a10f6b7 lui              x13, 0x1a10f000     x13=1a10f000
22208351ns          418648 1c00afbe 0ff57513 andi             x10, x10, 255       x10=00000063 x10:00000063
22208371ns          418649 1c00afc2 00d70733 add              x14, x14, x13       x14=1a10f018 x14:00000018 x13:1a10f000
22208391ns          418650 1c00afc4 00a7e723 p.sw             x10, x0(x15)        x10:00000063 x15:00000000  PA:1a10f018
22208713ns          418666 1c00afc8 00000513 addi             x10, x0, 0          x10=00000000
22208733ns          418667 1c00afca 00008067 jalr             x0, x1, 0            x1:1c00b072
22208793ns          418670 1c00b072 31f52563 p.beqimm         x10, 778            x10:00000000
22208813ns          418671 1c00b076 001d8d93 addi             x27, x27, 1         x27=00000012 x27:00000011
22208833ns          418672 1c00b078 00044503 lbu              x10, 0(x8)          x10=0000006f  x8:1c0000ba  PA:1c0000ba
22209134ns          418687 1c00b07c 00140413 addi             x8, x8, 1            x8=1c0000bb  x8:1c0000ba
22209154ns          418688 1c00b07e fe0514e3 bne              x10, x0, -24        x10:0000006f
22209234ns          418692 1c00b066 02500793 addi             x15, x0, 37         x15=00000025
22209254ns          418693 1c00b06a 04f50863 beq              x10, x15, 80        x10:0000006f x15:00000025
22209274ns          418694 1c00b06e 01a005b3 add              x11, x0, x26        x11=00000002 x26:00000002
22209294ns          418695 1c00b070 000b00e7 jalr             x1, x22, 0           x1=1c00b072 x22:1c00afa4
22209335ns          418697 1c00afa4 000026b7 lui              x13, 0x2000         x13=00002000
22209355ns          418698 1c00afa6 f14027f3 csrrs            x15, x0, 0xf14      x15=00000003
22209375ns          418699 1c00afaa f8068693 addi             x13, x13, -128      x13=00001f80 x13:00002000
22209395ns          418700 1c00afae 00379713 slli             x14, x15, 0x3       x14=00000018 x15:00000003
22209415ns          418701 1c00afb2 00279793 slli             x15, x15, 0x2       x15=0000000c x15:00000003
22209435ns          418702 1c00afb4 00d7f7b3 and              x15, x15, x13       x15=00000000 x15:0000000c x13:00001f80
22209455ns          418703 1c00afb6 ee873733 p.bclr           x14, x14, 23, 8     x14=00000018 x14:00000018
22209475ns          418704 1c00afba 1a10f6b7 lui              x13, 0x1a10f000     x13=1a10f000
22209495ns          418705 1c00afbe 0ff57513 andi             x10, x10, 255       x10=0000006f x10:0000006f
22209515ns          418706 1c00afc2 00d70733 add              x14, x14, x13       x14=1a10f018 x14:00000018 x13:1a10f000
22209535ns          418707 1c00afc4 00a7e723 p.sw             x10, x0(x15)        x10:0000006f x15:00000000  PA:1a10f018
22209856ns          418723 1c00afc8 00000513 addi             x10, x0, 0          x10=00000000
22209876ns          418724 1c00afca 00008067 jalr             x0, x1, 0            x1:1c00b072
22209937ns          418727 1c00b072 31f52563 p.beqimm         x10, 778            x10:00000000
22209957ns          418728 1c00b076 001d8d93 addi             x27, x27, 1         x27=00000013 x27:00000012
22209977ns          418729 1c00b078 00044503 lbu              x10, 0(x8)          x10=00000072  x8:1c0000bb  PA:1c0000bb
22210278ns          418744 1c00b07c 00140413 addi             x8, x8, 1            x8=1c0000bc  x8:1c0000bb
22210298ns          418745 1c00b07e fe0514e3 bne              x10, x0, -24        x10:00000072
22210378ns          418749 1c00b066 02500793 addi             x15, x0, 37         x15=00000025
22210398ns          418750 1c00b06a 04f50863 beq              x10, x15, 80        x10:00000072 x15:00000025
22210418ns          418751 1c00b06e 01a005b3 add              x11, x0, x26        x11=00000002 x26:00000002
22210438ns          418752 1c00b070 000b00e7 jalr             x1, x22, 0           x1=1c00b072 x22:1c00afa4
22210478ns          418754 1c00afa4 000026b7 lui              x13, 0x2000         x13=00002000
22210498ns          418755 1c00afa6 f14027f3 csrrs            x15, x0, 0xf14      x15=00000003
22210518ns          418756 1c00afaa f8068693 addi             x13, x13, -128      x13=00001f80 x13:00002000
22210538ns          418757 1c00afae 00379713 slli             x14, x15, 0x3       x14=00000018 x15:00000003
22210559ns          418758 1c00afb2 00279793 slli             x15, x15, 0x2       x15=0000000c x15:00000003
22210579ns          418759 1c00afb4 00d7f7b3 and              x15, x15, x13       x15=00000000 x15:0000000c x13:00001f80
22210599ns          418760 1c00afb6 ee873733 p.bclr           x14, x14, 23, 8     x14=00000018 x14:00000018
22210619ns          418761 1c00afba 1a10f6b7 lui              x13, 0x1a10f000     x13=1a10f000
22210639ns          418762 1c00afbe 0ff57513 andi             x10, x10, 255       x10=00000072 x10:00000072
22210659ns          418763 1c00afc2 00d70733 add              x14, x14, x13       x14=1a10f018 x14:00000018 x13:1a10f000
22210679ns          418764 1c00afc4 00a7e723 p.sw             x10, x0(x15)        x10:00000072 x15:00000000  PA:1a10f018
22211000ns          418780 1c00afc8 00000513 addi             x10, x0, 0          x10=00000000
22211020ns          418781 1c00afca 00008067 jalr             x0, x1, 0            x1:1c00b072
22211080ns          418784 1c00b072 31f52563 p.beqimm         x10, 778            x10:00000000
22211100ns          418785 1c00b076 001d8d93 addi             x27, x27, 1         x27=00000014 x27:00000013
22211120ns          418786 1c00b078 00044503 lbu              x10, 0(x8)          x10=00000065  x8:1c0000bc  PA:1c0000bc
22211421ns          418801 1c00b07c 00140413 addi             x8, x8, 1            x8=1c0000bd  x8:1c0000bc
22211441ns          418802 1c00b07e fe0514e3 bne              x10, x0, -24        x10:00000065
22211522ns          418806 1c00b066 02500793 addi             x15, x0, 37         x15=00000025
22211542ns          418807 1c00b06a 04f50863 beq              x10, x15, 80        x10:00000065 x15:00000025
22211562ns          418808 1c00b06e 01a005b3 add              x11, x0, x26        x11=00000002 x26:00000002
22211582ns          418809 1c00b070 000b00e7 jalr             x1, x22, 0           x1=1c00b072 x22:1c00afa4
22211622ns          418811 1c00afa4 000026b7 lui              x13, 0x2000         x13=00002000
22211642ns          418812 1c00afa6 f14027f3 csrrs            x15, x0, 0xf14      x15=00000003
22211662ns          418813 1c00afaa f8068693 addi             x13, x13, -128      x13=00001f80 x13:00002000
22211682ns          418814 1c00afae 00379713 slli             x14, x15, 0x3       x14=00000018 x15:00000003
22211702ns          418815 1c00afb2 00279793 slli             x15, x15, 0x2       x15=0000000c x15:00000003
22211722ns          418816 1c00afb4 00d7f7b3 and              x15, x15, x13       x15=00000000 x15:0000000c x13:00001f80
22211742ns          418817 1c00afb6 ee873733 p.bclr           x14, x14, 23, 8     x14=00000018 x14:00000018
22211762ns          418818 1c00afba 1a10f6b7 lui              x13, 0x1a10f000     x13=1a10f000
22211783ns          418819 1c00afbe 0ff57513 andi             x10, x10, 255       x10=00000065 x10:00000065
22211803ns          418820 1c00afc2 00d70733 add              x14, x14, x13       x14=1a10f018 x14:00000018 x13:1a10f000
22211823ns          418821 1c00afc4 00a7e723 p.sw             x10, x0(x15)        x10:00000065 x15:00000000  PA:1a10f018
22212164ns          418838 1c00afc8 00000513 addi             x10, x0, 0          x10=00000000
22212184ns          418839 1c00afca 00008067 jalr             x0, x1, 0            x1:1c00b072
22212244ns          418842 1c00b072 31f52563 p.beqimm         x10, 778            x10:00000000
22212264ns          418843 1c00b076 001d8d93 addi             x27, x27, 1         x27=00000015 x27:00000014
22212284ns          418844 1c00b078 00044503 lbu              x10, 0(x8)          x10=00000020  x8:1c0000bd  PA:1c0000bd
22212585ns          418859 1c00b07c 00140413 addi             x8, x8, 1            x8=1c0000be  x8:1c0000bd
22212605ns          418860 1c00b07e fe0514e3 bne              x10, x0, -24        x10:00000020
22212685ns          418864 1c00b066 02500793 addi             x15, x0, 37         x15=00000025
22212706ns          418865 1c00b06a 04f50863 beq              x10, x15, 80        x10:00000020 x15:00000025
22212726ns          418866 1c00b06e 01a005b3 add              x11, x0, x26        x11=00000002 x26:00000002
22212746ns          418867 1c00b070 000b00e7 jalr             x1, x22, 0           x1=1c00b072 x22:1c00afa4
22212786ns          418869 1c00afa4 000026b7 lui              x13, 0x2000         x13=00002000
22212806ns          418870 1c00afa6 f14027f3 csrrs            x15, x0, 0xf14      x15=00000003
22212826ns          418871 1c00afaa f8068693 addi             x13, x13, -128      x13=00001f80 x13:00002000
22212846ns          418872 1c00afae 00379713 slli             x14, x15, 0x3       x14=00000018 x15:00000003
22212866ns          418873 1c00afb2 00279793 slli             x15, x15, 0x2       x15=0000000c x15:00000003
22212886ns          418874 1c00afb4 00d7f7b3 and              x15, x15, x13       x15=00000000 x15:0000000c x13:00001f80
22212906ns          418875 1c00afb6 ee873733 p.bclr           x14, x14, 23, 8     x14=00000018 x14:00000018
22212926ns          418876 1c00afba 1a10f6b7 lui              x13, 0x1a10f000     x13=1a10f000
22212946ns          418877 1c00afbe 0ff57513 andi             x10, x10, 255       x10=00000020 x10:00000020
22212966ns          418878 1c00afc2 00d70733 add              x14, x14, x13       x14=1a10f018 x14:00000018 x13:1a10f000
22212986ns          418879 1c00afc4 00a7e723 p.sw             x10, x0(x15)        x10:00000020 x15:00000000  PA:1a10f018
22213307ns          418895 1c00afc8 00000513 addi             x10, x0, 0          x10=00000000
22213328ns          418896 1c00afca 00008067 jalr             x0, x1, 0            x1:1c00b072
22213388ns          418899 1c00b072 31f52563 p.beqimm         x10, 778            x10:00000000
22213408ns          418900 1c00b076 001d8d93 addi             x27, x27, 1         x27=00000016 x27:00000015
22213428ns          418901 1c00b078 00044503 lbu              x10, 0(x8)          x10=00000020  x8:1c0000be  PA:1c0000be
22213729ns          418916 1c00b07c 00140413 addi             x8, x8, 1            x8=1c0000bf  x8:1c0000be
22213749ns          418917 1c00b07e fe0514e3 bne              x10, x0, -24        x10:00000020
22213829ns          418921 1c00b066 02500793 addi             x15, x0, 37         x15=00000025
22213849ns          418922 1c00b06a 04f50863 beq              x10, x15, 80        x10:00000020 x15:00000025
22213869ns          418923 1c00b06e 01a005b3 add              x11, x0, x26        x11=00000002 x26:00000002
22213889ns          418924 1c00b070 000b00e7 jalr             x1, x22, 0           x1=1c00b072 x22:1c00afa4
22213930ns          418926 1c00afa4 000026b7 lui              x13, 0x2000         x13=00002000
22213950ns          418927 1c00afa6 f14027f3 csrrs            x15, x0, 0xf14      x15=00000003
22213970ns          418928 1c00afaa f8068693 addi             x13, x13, -128      x13=00001f80 x13:00002000
22213990ns          418929 1c00afae 00379713 slli             x14, x15, 0x3       x14=00000018 x15:00000003
22214010ns          418930 1c00afb2 00279793 slli             x15, x15, 0x2       x15=0000000c x15:00000003
22214030ns          418931 1c00afb4 00d7f7b3 and              x15, x15, x13       x15=00000000 x15:0000000c x13:00001f80
22214050ns          418932 1c00afb6 ee873733 p.bclr           x14, x14, 23, 8     x14=00000018 x14:00000018
22214070ns          418933 1c00afba 1a10f6b7 lui              x13, 0x1a10f000     x13=1a10f000
22214090ns          418934 1c00afbe 0ff57513 andi             x10, x10, 255       x10=00000020 x10:00000020
22214110ns          418935 1c00afc2 00d70733 add              x14, x14, x13       x14=1a10f018 x14:00000018 x13:1a10f000
22214130ns          418936 1c00afc4 00a7e723 p.sw             x10, x0(x15)        x10:00000020 x15:00000000  PA:1a10f018
22214451ns          418952 1c00afc8 00000513 addi             x10, x0, 0          x10=00000000
22214471ns          418953 1c00afca 00008067 jalr             x0, x1, 0            x1:1c00b072
22214531ns          418956 1c00b072 31f52563 p.beqimm         x10, 778            x10:00000000
22214552ns          418957 1c00b076 001d8d93 addi             x27, x27, 1         x27=00000017 x27:00000016
22214572ns          418958 1c00b078 00044503 lbu              x10, 0(x8)          x10=00000025  x8:1c0000bf  PA:1c0000bf
22214873ns          418973 1c00b07c 00140413 addi             x8, x8, 1            x8=1c0000c0  x8:1c0000bf
22214893ns          418974 1c00b07e fe0514e3 bne              x10, x0, -24        x10:00000025
22214973ns          418978 1c00b066 02500793 addi             x15, x0, 37         x15=00000025
22214993ns          418979 1c00b06a 04f50863 beq              x10, x15, 80        x10:00000025 x15:00000025
22215133ns          418986 1c00b0ba 00044483 lbu              x9, 0(x8)            x9=00000064  x8:1c0000c0  PA:1c0000c0
22215454ns          419002 1c00b0be 02000693 addi             x13, x0, 32         x13=00000020
22215475ns          419003 1c00b0c2 00140a93 addi             x21, x8, 1          x21=1c0000c1  x8:1c0000c0
22215495ns          419004 1c00b0c6 009005b3 add              x11, x0, x9         x11=00000064  x9:00000064
22215515ns          419005 1c00b0c8 0c8b8513 addi             x10, x23, 200       x10=1c0000c8 x23:1c000000
22215535ns          419006 1c00b0cc 00d12823 sw               x13, 16(x2)         x13:00000020  x2:10001d38  PA:10001d48
22215555ns          419007 1c00b0ce 00012c23 sw               x0, 24(x2)           x2:10001d38  PA:10001d50
22215575ns          419008 1c00b0d0 00012a23 sw               x0, 20(x2)           x2:10001d38  PA:10001d4c
22215595ns          419009 1c00b0d2 00012e23 sw               x0, 28(x2)           x2:10001d38  PA:10001d54
22215615ns          419010 1c00b0d4 00012623 sw               x0, 12(x2)           x2:10001d38  PA:10001d44
22215635ns          419011 1c00b0d6 02300913 addi             x18, x0, 35         x18=00000023
22215655ns          419012 1c00b0da 02d00a13 addi             x20, x0, 45         x20=0000002d
22215675ns          419013 1c00b0de 015009b3 add              x19, x0, x21        x19=1c0000c1 x21:1c0000c1
22215715ns          419015 1c00b0e0 e97ff0ef jal              x1, -362             x1=1c00b0e2
22215836ns          419021 1c00af76 00054783 lbu              x15, 0(x10)         x15=0000002d x10:1c0000c8  PA:1c0000c8
22216137ns          419036 1c00af7a 0ff5f593 andi             x11, x11, 255       x11=00000064 x11:00000064
22216157ns          419037 1c00af7e 00b78c63 beq              x15, x11, 24        x15:0000002d x11:00000064
22216177ns          419038 1c00af82 00078b63 beq              x15, x0, 22         x15:0000002d
22216197ns          419039 1c00af84 00150793 addi             x15, x10, 1         x15=1c0000c9 x10:1c0000c8
22216217ns          419040 1c00af88 0040006f jal              x0, 4              
22216317ns          419045 1c00af8c 00f00533 add              x10, x0, x15        x10=1c0000c9 x15:1c0000c9
22216337ns          419046 1c00af8e 0017c70b p.lbu            x14, 1(x15!)        x14=0000002b x15=1c0000ca x15:1c0000c9  PA:1c0000c9
22216658ns          419062 1c00af92 feb71ce3 bne              x14, x11, -8        x14:0000002b x11:00000064
22216719ns          419065 1c00af8a 00070763 beq              x14, x0, 14         x14:0000002b
22216739ns          419066 1c00af8c 00f00533 add              x10, x0, x15        x10=1c0000ca x15:1c0000ca
22216759ns          419067 1c00af8e 0017c70b p.lbu            x14, 1(x15!)        x14=00000020 x15=1c0000cb x15:1c0000ca  PA:1c0000ca
22217080ns          419083 1c00af92 feb71ce3 bne              x14, x11, -8        x14:00000020 x11:00000064
22217140ns          419086 1c00af8a 00070763 beq              x14, x0, 14         x14:00000020
22217160ns          419087 1c00af8c 00f00533 add              x10, x0, x15        x10=1c0000cb x15:1c0000cb
22217180ns          419088 1c00af8e 0017c70b p.lbu            x14, 1(x15!)        x14=00000023 x15=1c0000cc x15:1c0000cb  PA:1c0000cb
22217501ns          419104 1c00af92 feb71ce3 bne              x14, x11, -8        x14:00000023 x11:00000064
22217561ns          419107 1c00af8a 00070763 beq              x14, x0, 14         x14:00000023
22217581ns          419108 1c00af8c 00f00533 add              x10, x0, x15        x10=1c0000cc x15:1c0000cc
22217601ns          419109 1c00af8e 0017c70b p.lbu            x14, 1(x15!)        x14=00000030 x15=1c0000cd x15:1c0000cc  PA:1c0000cc
22217923ns          419125 1c00af92 feb71ce3 bne              x14, x11, -8        x14:00000030 x11:00000064
22217983ns          419128 1c00af8a 00070763 beq              x14, x0, 14         x14:00000030
22218003ns          419129 1c00af8c 00f00533 add              x10, x0, x15        x10=1c0000cd x15:1c0000cd
22218023ns          419130 1c00af8e 0017c70b p.lbu            x14, 1(x15!)        x14=00000000 x15=1c0000ce x15:1c0000cd  PA:1c0000cd
22218344ns          419146 1c00af92 feb71ce3 bne              x14, x11, -8        x14:00000000 x11:00000064
22218404ns          419149 1c00af8a 00070763 beq              x14, x0, 14         x14:00000000
22218464ns          419152 1c00af98 0015b593 sltiu            x11, x11, 1         x11=00000000 x11:00000064
22218484ns          419153 1c00af9c 40b005b3 sub              x11, x0, x11        x11=00000000 x11:00000000
22218504ns          419154 1c00afa0 00b57533 and              x10, x10, x11       x10=00000000 x10:1c0000cd x11:00000000
22218524ns          419155 1c00afa2 00008067 jalr             x0, x1, 0            x1:1c00b0e2
22218565ns          419157 1c00b0e2 02050a63 beq              x10, x0, 52         x10:00000000
22218705ns          419164 1c00b116 02a00613 addi             x12, x0, 42         x12=0000002a
22218725ns          419165 1c00b11a 2ac48663 beq              x9, x12, 684         x9:00000064 x12:0000002a
22218785ns          419168 1c00b11e fd048613 addi             x12, x9, -48        x12=00000034  x9:00000064
22218805ns          419169 1c00b122 00900593 addi             x11, x0, 9          x11=00000009
22218825ns          419170 1c00b124 00000913 addi             x18, x0, 0          x18=00000000
22218846ns          419171 1c00b126 28c5f063 bgeu             x11, x12, 640       x11:00000009 x12:00000034
22218866ns          419172 1c00b12a 02e00693 addi             x13, x0, 46         x13=0000002e
22218886ns          419173 1c00b12e fff00a13 addi             x20, x0, -1         x20=ffffffff
22218926ns          419175 1c00b130 2ed48363 beq              x9, x13, 742         x9:00000064 x13:0000002e
22218966ns          419177 1c00b134 1c0007b7 lui              x15, 0x1c000000     x15=1c000000
22218986ns          419178 1c00b138 009005b3 add              x11, x0, x9         x11=00000064  x9:00000064
22219006ns          419179 1c00b13a 0d078513 addi             x10, x15, 208       x10=1c0000d0 x15:1c000000
22219026ns          419180 1c00b13e e39ff0ef jal              x1, -456             x1=1c00b140
22219568ns          419207 1c00af76 00054783 lbu              x15, 0(x10)         x15=00000068 x10:1c0000d0  PA:1c0000d0
22219869ns          419222 1c00af7a 0ff5f593 andi             x11, x11, 255       x11=00000064 x11:00000064
22219889ns          419223 1c00af7e 00b78c63 beq              x15, x11, 24        x15:00000068 x11:00000064
22219909ns          419224 1c00af82 00078b63 beq              x15, x0, 22         x15:00000068
22219929ns          419225 1c00af84 00150793 addi             x15, x10, 1         x15=1c0000d1 x10:1c0000d0
22219949ns          419226 1c00af88 0040006f jal              x0, 4              
22220049ns          419231 1c00af8c 00f00533 add              x10, x0, x15        x10=1c0000d1 x15:1c0000d1
22220070ns          419232 1c00af8e 0017c70b p.lbu            x14, 1(x15!)        x14=0000006c x15=1c0000d2 x15:1c0000d1  PA:1c0000d1
22220391ns          419248 1c00af92 feb71ce3 bne              x14, x11, -8        x14:0000006c x11:00000064
22220451ns          419251 1c00af8a 00070763 beq              x14, x0, 14         x14:0000006c
22220471ns          419252 1c00af8c 00f00533 add              x10, x0, x15        x10=1c0000d2 x15:1c0000d2
22220491ns          419253 1c00af8e 0017c70b p.lbu            x14, 1(x15!)        x14=0000004c x15=1c0000d3 x15:1c0000d2  PA:1c0000d2
22220812ns          419269 1c00af92 feb71ce3 bne              x14, x11, -8        x14:0000004c x11:00000064
22220872ns          419272 1c00af8a 00070763 beq              x14, x0, 14         x14:0000004c
22220892ns          419273 1c00af8c 00f00533 add              x10, x0, x15        x10=1c0000d3 x15:1c0000d3
22220912ns          419274 1c00af8e 0017c70b p.lbu            x14, 1(x15!)        x14=0000007a x15=1c0000d4 x15:1c0000d3  PA:1c0000d3
22221233ns          419290 1c00af92 feb71ce3 bne              x14, x11, -8        x14:0000007a x11:00000064
22221294ns          419293 1c00af8a 00070763 beq              x14, x0, 14         x14:0000007a
22221314ns          419294 1c00af8c 00f00533 add              x10, x0, x15        x10=1c0000d4 x15:1c0000d4
22221334ns          419295 1c00af8e 0017c70b p.lbu            x14, 1(x15!)        x14=00000000 x15=1c0000d5 x15:1c0000d4  PA:1c0000d4
22221675ns          419312 1c00af92 feb71ce3 bne              x14, x11, -8        x14:00000000 x11:00000064
22221735ns          419315 1c00af8a 00070763 beq              x14, x0, 14         x14:00000000
22221795ns          419318 1c00af98 0015b593 sltiu            x11, x11, 1         x11=00000000 x11:00000064
22221815ns          419319 1c00af9c 40b005b3 sub              x11, x0, x11        x11=00000000 x11:00000000
22221835ns          419320 1c00afa0 00b57533 and              x10, x10, x11       x10=00000000 x10:1c0000d4 x11:00000000
22221855ns          419321 1c00afa2 00008067 jalr             x0, x1, 0            x1:1c00b140
22221895ns          419323 1c00b140 01300433 add              x8, x0, x19          x8=1c0000c1 x19:1c0000c1
22221916ns          419324 1c00b142 00050563 beq              x10, x0, 10         x10:00000000
22221976ns          419327 1c00b14c 06700693 addi             x13, x0, 103        x13=00000067
22222357ns          419346 1c00b150 2896d963 bge              x13, x9, 658        x13:00000067  x9:00000064
22222497ns          419353 1c00b3e2 06500693 addi             x13, x0, 101        x13=00000065
22222517ns          419354 1c00b3e6 12d4d563 bge              x9, x13, 298         x9:00000064 x13:00000065
22222538ns          419355 1c00b3ea 04700693 addi             x13, x0, 71         x13=00000047
22222598ns          419358 1c00b3ee dc96cbe3 blt              x13, x9, -554       x13:00000047  x9:00000064
22223099ns          419383 1c00b1c4 06300693 addi             x13, x0, 99         x13=00000063
22223140ns          419385 1c00b1c8 0ad488e3 beq              x9, x13, 2224        x9:00000064 x13:00000063
22223160ns          419386 1c00b1cc 0096c9e3 blt              x13, x9, 2066       x13:00000063  x9:00000064
22223400ns          419398 1c00b9de 000c2583 lw               x11, 0(x24)         x11=00000003 x24:10001e8c  PA:10001e8c
22223420ns          419399 1c00b9e2 004c0c13 addi             x24, x24, 4         x24=10001e90 x24:10001e8c
22223440ns          419400 1c00b9e4 3405cc63 blt              x11, x0, 856        x11:00000003
22223461ns          419401 1c00b9e8 01412603 lw               x12, 20(x2)         x12=00000000  x2:10001d38  PA:10001d4c
22223481ns          419402 1c00b9ea 00b006b3 add              x13, x0, x11        x13=00000003 x11:00000003
22223501ns          419403 1c00b9ec 2e061863 bne              x12, x0, 752        x12:00000000
22223541ns          419405 1c00b9f0 01812703 lw               x14, 24(x2)         x14=00000000  x2:10001d38  PA:10001d50
22223561ns          419406 1c00b9f2 019007b3 add              x15, x0, x25        x15=10001d5c x25:10001d5c
22223581ns          419407 1c00b9f4 00070763 beq              x14, x0, 14         x14:00000000
22223681ns          419412 1c00ba02 00f00733 add              x14, x0, x15        x14=10001d5c x15:10001d5c
22223721ns          419414 1c00ba04 00a00513 addi             x10, x0, 10         x10=0000000a
22223741ns          419415 1c00ba06 02a6f633 remu             x12, x13, x10       x12=00000003 x13:00000003 x10:0000000a
22224364ns          419446 1c00ba0a 02a6d6b3 divu             x13, x13, x10       x13=00000000 x13:00000003 x10:0000000a
22224986ns          419477 1c00ba0e 03060613 addi             x12, x12, 48        x12=00000033 x12:00000003
22225006ns          419478 1c00ba12 00c700ab p.sb             x12, 1(x14!)        x14=10001d5d x12:00000033 x14:10001d5c  PA:10001d5c
22225026ns          419479 1c00ba16 fe0698e3 bne              x13, x0, -16        x13:00000000
22225046ns          419480 1c00ba18 40f706b3 sub              x13, x14, x15       x13=00000001 x14:10001d5d x15:10001d5c
22225066ns          419481 1c00ba1c 0146dc63 bge              x13, x20, 24        x13:00000001 x20:ffffffff
22225467ns          419501 1c00ba34 00e006b3 add              x13, x0, x14        x13=10001d5d x14:10001d5d
22225507ns          419503 1c00ba36 fe068fab p.sb             x0, -1(x13!)        x13=10001d5c x13:10001d5d  PA:10001d5d
22225527ns          419504 1c00ba3a 00d7fc63 bgeu             x15, x13, 24        x15:10001d5c x13:10001d5c
22226049ns          419530 1c00ba52 01412783 lw               x15, 20(x2)         x15=00000000  x2:10001d38  PA:10001d4c
22226089ns          419532 1c00ba54 01812603 lw               x12, 24(x2)         x12=00000000  x2:10001d38  PA:10001d50
22226109ns          419533 1c00ba56 419704b3 sub              x9, x14, x25         x9=00000001 x14:10001d5d x25:10001d5c
22226129ns          419534 1c00ba5a 00c7e7b3 or               x15, x15, x12       x15=00000000 x15:00000000 x12:00000000
22226149ns          419535 1c00ba5c 00f12623 sw               x15, 12(x2)         x15:00000000  x2:10001d38  PA:10001d44
22226169ns          419536 1c00ba5e 00079363 bne              x15, x0, 6          x15:00000000
22226571ns          419556 1c00ba60 01f5d593 srli             x11, x11, 0x1f      x11=00000000 x11:00000003
22226591ns          419557 1c00ba62 00b12623 sw               x11, 12(x2)         x11:00000000  x2:10001d38  PA:10001d44
22226611ns          419558 1c00ba64 e3fa28e3 p.beqimm         x20, -464           x20:ffffffff
22226711ns          419563 1c00b894 0c800793 addi             x15, x0, 200        x15=000000c8
22226751ns          419565 1c00b898 9e97d0e3 bge              x15, x9, -1568      x15:000000c8  x9:00000001
22226912ns          419573 1c00b278 0f24d163 bge              x9, x18, 226         x9:00000001 x18:00000000
22227052ns          419580 1c00b35a d00482e3 beq              x9, x0, -764         x9:00000001
22227072ns          419581 1c00b35e 01900933 add              x18, x0, x25        x18=10001d5c x25:10001d5c
22227112ns          419583 1c00b360 419d8db3 sub              x27, x27, x25       x27=efffe2bb x27:00000017 x25:10001d5c
22227153ns          419585 1c00b364 00a0006f jal              x0, 10             
22227253ns          419590 1c00b36e 0019450b p.lbu            x10, 1(x18!)        x10=00000033 x18=10001d5d x18:10001d5c  PA:10001d5c
22227273ns          419591 1c00b372 01a005b3 add              x11, x0, x26        x11=00000002 x26:00000002
22227293ns          419592 1c00b374 000b00e7 jalr             x1, x22, 0           x1=1c00b376 x22:1c00afa4
22227333ns          419594 1c00afa4 000026b7 lui              x13, 0x2000         x13=00002000
22227353ns          419595 1c00afa6 f14027f3 csrrs            x15, x0, 0xf14      x15=00000003
22227373ns          419596 1c00afaa f8068693 addi             x13, x13, -128      x13=00001f80 x13:00002000
22227393ns          419597 1c00afae 00379713 slli             x14, x15, 0x3       x14=00000018 x15:00000003
22227413ns          419598 1c00afb2 00279793 slli             x15, x15, 0x2       x15=0000000c x15:00000003
22227434ns          419599 1c00afb4 00d7f7b3 and              x15, x15, x13       x15=00000000 x15:0000000c x13:00001f80
22227454ns          419600 1c00afb6 ee873733 p.bclr           x14, x14, 23, 8     x14=00000018 x14:00000018
22227474ns          419601 1c00afba 1a10f6b7 lui              x13, 0x1a10f000     x13=1a10f000
22227494ns          419602 1c00afbe 0ff57513 andi             x10, x10, 255       x10=00000033 x10:00000033
22227514ns          419603 1c00afc2 00d70733 add              x14, x14, x13       x14=1a10f018 x14:00000018 x13:1a10f000
22227534ns          419604 1c00afc4 00a7e723 p.sw             x10, x0(x15)        x10:00000033 x15:00000000  PA:1a10f018
22227875ns          419621 1c00afc8 00000513 addi             x10, x0, 0          x10=00000000
22227895ns          419622 1c00afca 00008067 jalr             x0, x1, 0            x1:1c00b376
22227935ns          419624 1c00b376 fff48493 addi             x9, x9, -1           x9=00000000  x9:00000001
22227955ns          419625 1c00b378 fff537e3 p.bneimm         x10, -18            x10:00000000
22228096ns          419632 1c00b366 012d8733 add              x14, x27, x18       x14=00000018 x27:efffe2bb x18:10001d5d
22228116ns          419633 1c00b36a 5a048b63 beq              x9, x0, 1462         x9:00000000
22228216ns          419638 1c00b920 00e00db3 add              x27, x0, x14        x27=00000018 x14:00000018
22228256ns          419640 1c00b922 f3cff06f jal              x0, -2244          
22228417ns          419648 1c00b05e 00044503 lbu              x10, 0(x8)          x10=0000000a  x8:1c0000c1  PA:1c0000c1
22228718ns          419663 1c00b062 00140413 addi             x8, x8, 1            x8=1c0000c2  x8:1c0000c1
22228738ns          419664 1c00b064 00050e63 beq              x10, x0, 28         x10:0000000a
22228758ns          419665 1c00b066 02500793 addi             x15, x0, 37         x15=00000025
22228778ns          419666 1c00b06a 04f50863 beq              x10, x15, 80        x10:0000000a x15:00000025
22228798ns          419667 1c00b06e 01a005b3 add              x11, x0, x26        x11=00000002 x26:00000002
22228818ns          419668 1c00b070 000b00e7 jalr             x1, x22, 0           x1=1c00b072 x22:1c00afa4
22228858ns          419670 1c00afa4 000026b7 lui              x13, 0x2000         x13=00002000
22228878ns          419671 1c00afa6 f14027f3 csrrs            x15, x0, 0xf14      x15=00000003
22228898ns          419672 1c00afaa f8068693 addi             x13, x13, -128      x13=00001f80 x13:00002000
22228918ns          419673 1c00afae 00379713 slli             x14, x15, 0x3       x14=00000018 x15:00000003
22228938ns          419674 1c00afb2 00279793 slli             x15, x15, 0x2       x15=0000000c x15:00000003
22228958ns          419675 1c00afb4 00d7f7b3 and              x15, x15, x13       x15=00000000 x15:0000000c x13:00001f80
22228979ns          419676 1c00afb6 ee873733 p.bclr           x14, x14, 23, 8     x14=00000018 x14:00000018
22228999ns          419677 1c00afba 1a10f6b7 lui              x13, 0x1a10f000     x13=1a10f000
22229019ns          419678 1c00afbe 0ff57513 andi             x10, x10, 255       x10=0000000a x10:0000000a
22229039ns          419679 1c00afc2 00d70733 add              x14, x14, x13       x14=1a10f018 x14:00000018 x13:1a10f000
22229059ns          419680 1c00afc4 00a7e723 p.sw             x10, x0(x15)        x10:0000000a x15:00000000  PA:1a10f018
22229400ns          419697 1c00afc8 00000513 addi             x10, x0, 0          x10=00000000
22229420ns          419698 1c00afca 00008067 jalr             x0, x1, 0            x1:1c00b072
22229480ns          419701 1c00b072 31f52563 p.beqimm         x10, 778            x10:00000000
22229500ns          419702 1c00b076 001d8d93 addi             x27, x27, 1         x27=00000019 x27:00000018
22229520ns          419703 1c00b078 00044503 lbu              x10, 0(x8)          x10=00000000  x8:1c0000c2  PA:1c0000c2
22229821ns          419718 1c00b07c 00140413 addi             x8, x8, 1            x8=1c0000c3  x8:1c0000c2
22229841ns          419719 1c00b07e fe0514e3 bne              x10, x0, -24        x10:00000000
22229861ns          419720 1c00b080 01b00433 add              x8, x0, x27          x8=00000019 x27:00000019
22229881ns          419721 1c00b082 00800533 add              x10, x0, x8         x10=00000019  x8:00000019
22229902ns          419722 1c00b084 12c12083 lw               x1, 300(x2)          x1=1c00b010  x2:10001d38  PA:10001e64
22229922ns          419723 1c00b088 12812403 lw               x8, 296(x2)          x8=411b81a5  x2:10001d38  PA:10001e60
22229942ns          419724 1c00b08c 12412483 lw               x9, 292(x2)          x9=1c010000  x2:10001d38  PA:10001e5c
22229982ns          419726 1c00b090 12012903 lw               x18, 288(x2)        x18=10001f20  x2:10001d38  PA:10001e58
22230022ns          419728 1c00b094 11c12983 lw               x19, 284(x2)        x19=xxxxxxxx  x2:10001d38  PA:10001e54
22230042ns          419729 1c00b098 11812a03 lw               x20, 280(x2)        x20=xxxxxxxx  x2:10001d38  PA:10001e50
22230062ns          419730 1c00b09c 11412a83 lw               x21, 276(x2)        x21=xxxxxxxx  x2:10001d38  PA:10001e4c
22230122ns          419733 1c00b0a0 11012b03 lw               x22, 272(x2)        x22=xxxxxxxx  x2:10001d38  PA:10001e48
22230162ns          419735 1c00b0a4 10c12b83 lw               x23, 268(x2)        x23=xxxxxxxx  x2:10001d38  PA:10001e44
22230182ns          419736 1c00b0a8 10812c03 lw               x24, 264(x2)        x24=xxxxxxxx  x2:10001d38  PA:10001e40
22230203ns          419737 1c00b0ac 10412c83 lw               x25, 260(x2)        x25=xxxxxxxx  x2:10001d38  PA:10001e3c
22230263ns          419740 1c00b0b0 10012d03 lw               x26, 256(x2)        x26=xxxxxxxx  x2:10001d38  PA:10001e38
22230303ns          419742 1c00b0b4 0fc12d83 lw               x27, 252(x2)        x27=xxxxxxxx  x2:10001d38  PA:10001e34
22230323ns          419743 1c00b0b6 13010113 addi             x2, x2, 304          x2=10001e68  x2:10001d38
22230343ns          419744 1c00b0b8 00008067 jalr             x0, x1, 0            x1:1c00b010
22230423ns          419748 1c00b010 01c12083 lw               x1, 28(x2)           x1=1c00aa1e  x2:10001e68  PA:10001e84
22230443ns          419749 1c00b012 04010113 addi             x2, x2, 64           x2=10001ea8  x2:10001e68
22230483ns          419751 1c00b014 00008067 jalr             x0, x1, 0            x1:1c00aa1e
22230564ns          419755 1c00aa1e 00100413 addi             x8, x0, 1            x8=00000001
22230644ns          419759 1c00aa20 17f010ef jal              x1, 6526             x1=1c00aa24
22230804ns          419767 1c00c39e f14027f3 csrrs            x15, x0, 0xf14      x15=00000003
22230825ns          419768 1c00c3a2 01f00713 addi             x14, x0, 31         x14=0000001f
22230845ns          419769 1c00c3a4 ca5797b3 p.extractu       x15, x15, 5, 5      x15=00000000 x15:00000003
22230865ns          419770 1c00c3a8 00e78863 beq              x15, x14, 16        x15:00000000 x14:0000001f
22230885ns          419771 1c00c3ac 002047b7 lui              x15, 0x204000       x15=00204000
22230945ns          419774 1c00c3b0 20078793 addi             x15, x15, 512       x15=00204200 x15:00204000
22230985ns          419776 1c00c3b4 01c7e703 p.elw            x14, 28(x15)        x14=00010000 x15:00204200  PA:0020421c
22231266ns          419790 1c00c3b8 00008067 jalr             x0, x1, 0            x1:1c00aa24
22231306ns          419792 1c00aa24 00144513 xori             x10, x8, 1          x10=00000000  x8:00000001
22231326ns          419793 1c00aa28 14c12083 lw               x1, 332(x2)          x1=1c00c2ae  x2:10001ea8  PA:10001ff4
22231346ns          419794 1c00aa2c 14812403 lw               x8, 328(x2)          x8=xxxxxxxx  x2:10001ea8  PA:10001ff0
22231868ns          419820 1c00aa30 14412483 lw               x9, 324(x2)          x9=xxxxxxxx  x2:10001ea8  PA:10001fec
22231908ns          419822 1c00aa34 14012903 lw               x18, 320(x2)        x18=xxxxxxxx  x2:10001ea8  PA:10001fe8
22231928ns          419823 1c00aa38 15010113 addi             x2, x2, 336          x2=10001ff8  x2:10001ea8
22231948ns          419824 1c00aa3a 00008067 jalr             x0, x1, 0            x1:1c00c2ae
22233313ns          419892 1c00c2ae f14027f3 csrrs            x15, x0, 0xf14      x15=00000003
22233353ns          419894 1c00c2b2 f457b7b3 p.bclr           x15, x15, 26, 5     x15=00000003 x15:00000003
22233373ns          419895 1c00c2b6 00079963 bne              x15, x0, 18         x15:00000003
22233895ns          419921 1c00c2c8 002047b7 lui              x15, 0x204000       x15=00204000
22233915ns          419922 1c00c2cc fff00713 addi             x14, x0, -1         x14=ffffffff
22233935ns          419923 1c00c2ce 00e7a223 sw               x14, 4(x15)         x14:ffffffff x15:00204000  PA:00204004
