                Time          Cycles PC       Instr    Mnemonic
20727634ns          344469 1c008080 0640006f jal              x0, 100            
20728091ns          344492 1c0080e4 f1402573 csrrs            x10, x0, 0xf14      x10=00000002
20728131ns          344494 1c0080e8 01f57593 andi             x11, x10, 31        x11=00000002 x10:00000002
20728151ns          344495 1c0080ec 00555513 srli             x10, x10, 0x5       x10=00000000 x10:00000002
20728171ns          344496 1c0080ee 01f00613 addi             x12, x0, 31         x12=0000001f
20728589ns          344517 1c0080f0 00c50463 beq              x10, x12, 8         x10:00000000 x12:0000001f
20728628ns          344519 1c0080f4 fa1ff06f jal              x0, -96            
20729106ns          344543 1c008094 f3ff8117 auipc            x2, 0xf3ff8000       x2=10000094
20729146ns          344545 1c008098 f7010113 addi             x2, x2, -144         x2=10000004  x2:10000094
20729166ns          344546 1c00809c 00012103 lw               x2, 0(x2)            x2=10000008  x2:10000004  PA:10000004
20729603ns          344568 1c0080a0 000011b7 lui              x3, 0x1000           x3=00001000
20729643ns          344570 1c0080a4 80018193 addi             x3, x3, -2048        x3=00000800  x3:00001000
20729663ns          344571 1c0080a8 00158593 addi             x11, x11, 1         x11=00000003 x11:00000002
20729683ns          344572 1c0080ac 02b180b3 mul              x1, x3, x11          x1=00001800  x3:00000800 x11:00000003
20730120ns          344594 1c0080b0 00110133 add              x2, x2, x1           x2=10001808  x2:10000008  x1:00001800
20730160ns          344596 1c0080b4 1d40406f jal              x0, 16852          
20730618ns          344619 1c00c288 ff010113 addi             x2, x2, -16          x2=100017f8  x2:10001808
20730637ns          344620 1c00c28a 00112623 sw               x1, 12(x2)           x1:00001800  x2:100017f8  PA:10001804
20730657ns          344621 1c00c28c 002047b7 lui              x15, 0x204000       x15=00204000
20731095ns          344643 1c00c290 00070737 lui              x14, 0x70000        x14=00070000
20731135ns          344645 1c00c294 00e7a423 sw               x14, 8(x15)         x14:00070000 x15:00204000  PA:00204008
20731155ns          344646 1c00c296 00f00713 addi             x14, x0, 15         x14=0000000f
20731174ns          344647 1c00c298 20078793 addi             x15, x15, 512       x15=00204200 x15:00204000
20731194ns          344648 1c00c29c 00e7a023 sw               x14, 0(x15)         x14:0000000f x15:00204200  PA:00204200
20731632ns          344670 1c00c2a0 00e7a623 sw               x14, 12(x15)        x14:0000000f x15:00204200  PA:0020420c
20731672ns          344672 1c00c2a4 1c0017b7 lui              x15, 0x1c001000     x15=1c001000
20731692ns          344673 1c00c2a8 a647a783 lw               x15, -1436(x15)     x15=1c00a884 x15:1c001000  PA:1c000a64
20732129ns          344695 1c00c2ac 000780e7 jalr             x1, x15, 0           x1=1c00c2ae x15:1c00a884
20732607ns          344719 1c00a884 eb010113 addi             x2, x2, -336         x2=100016a8  x2:100017f8
20732646ns          344721 1c00a886 14812423 sw               x8, 328(x2)          x8:xxxxxxxx  x2:100016a8  PA:100017f0
20732666ns          344722 1c00a88a 14112623 sw               x1, 332(x2)          x1:1c00c2ae  x2:100016a8  PA:100017f4
20733104ns          344744 1c00a88e f1402473 csrrs            x8, x0, 0xf14        x8=00000002
20733144ns          344746 1c00a892 14912223 sw               x9, 324(x2)          x9:xxxxxxxx  x2:100016a8  PA:100017ec
20733164ns          344747 1c00a896 15212023 sw               x18, 320(x2)        x18:xxxxxxxx  x2:100016a8  PA:100017e8
20733183ns          344748 1c00a89a ca5417b3 p.extractu       x15, x8, 5, 5       x15=00000000  x8:00000002
20733621ns          344770 1c00a89e 1c079863 bne              x15, x0, 464        x15:00000000
20733661ns          344772 1c00a8a2 f4543433 p.bclr           x8, x8, 26, 5        x8=00000002  x8:00000002
20733681ns          344773 1c00a8a6 1c000537 lui              x10, 0x1c000000     x10=1c000000
20733701ns          344774 1c00a8aa 00800633 add              x12, x0, x8         x12=00000002  x8:00000002
20733721ns          344775 1c00a8ac 00100593 addi             x11, x0, 1          x11=00000001
20734138ns          344796 1c00a8ae 03450513 addi             x10, x10, 52        x10=1c000034 x10:1c000000
20734158ns          344797 1c00a8b2 736000ef jal              x1, 1846             x1=1c00a8b4
20734616ns          344820 1c00afe8 fc010113 addi             x2, x2, -64          x2=10001668  x2:100016a8
20734655ns          344822 1c00afea 02410313 addi             x6, x2, 36           x6=1000168c  x2:10001668
20734675ns          344823 1c00afee 02c12423 sw               x12, 40(x2)         x12:00000002  x2:10001668  PA:10001690
20735093ns          344844 1c00aff0 00a00633 add              x12, x0, x10        x12=1c000034 x10:1c000034
20735133ns          344846 1c00aff2 1c00b537 lui              x10, 0x1c00b000     x10=1c00b000
20735153ns          344847 1c00aff6 02b12223 sw               x11, 36(x2)         x11:00000001  x2:10001668  PA:1000168c
20735173ns          344848 1c00aff8 02d12623 sw               x13, 44(x2)         x13:xxxxxxxx  x2:10001668  PA:10001694
20735192ns          344849 1c00affa 00200593 addi             x11, x0, 2          x11=00000002
20735212ns          344850 1c00affc 006006b3 add              x13, x0, x6         x13=1000168c  x6:1000168c
20735630ns          344871 1c00affe fa450513 addi             x10, x10, -92       x10=1c00afa4 x10:1c00b000
20735650ns          344872 1c00b002 00112e23 sw               x1, 28(x2)           x1:1c00a8b4  x2:10001668  PA:10001684
20735670ns          344873 1c00b004 02e12823 sw               x14, 48(x2)         x14:0000000f  x2:10001668  PA:10001698
20735690ns          344874 1c00b006 02f12a23 sw               x15, 52(x2)         x15:00000000  x2:10001668  PA:1000169c
20735710ns          344875 1c00b008 03012c23 sw               x16, 56(x2)         x16:xxxxxxxx  x2:10001668  PA:100016a0
20735729ns          344876 1c00b00a 03112e23 sw               x17, 60(x2)         x17:xxxxxxxx  x2:10001668  PA:100016a4
20735749ns          344877 1c00b00c 00612623 sw               x6, 12(x2)           x6:1000168c  x2:10001668  PA:10001674
20735769ns          344878 1c00b00e fbfff0ef jal              x1, -66              x1=1c00b010
20736605ns          344920 1c00afcc 04a0006f jal              x0, 74             
20736644ns          344922 1c00b016 ed010113 addi             x2, x2, -304         x2=10001538  x2:10001668
20736664ns          344923 1c00b018 12812423 sw               x8, 296(x2)          x8:00000002  x2:10001538  PA:10001660
20736684ns          344924 1c00b01c 00000413 addi             x8, x0, 0            x8=00000000
20737122ns          344946 1c00b01e 11612823 sw               x22, 272(x2)        x22:xxxxxxxx  x2:10001538  PA:10001648
20737162ns          344948 1c00b022 11712623 sw               x23, 268(x2)        x23:xxxxxxxx  x2:10001538  PA:10001644
20737182ns          344949 1c00b026 11812423 sw               x24, 264(x2)        x24:xxxxxxxx  x2:10001538  PA:10001640
20737201ns          344950 1c00b02a 11912223 sw               x25, 260(x2)        x25:xxxxxxxx  x2:10001538  PA:1000163c
20737639ns          344972 1c00b02e 11a12023 sw               x26, 256(x2)        x26:xxxxxxxx  x2:10001538  PA:10001638
20737659ns          344973 1c00b032 0fb12e23 sw               x27, 252(x2)        x27:xxxxxxxx  x2:10001538  PA:10001634
20737679ns          344974 1c00b034 12112623 sw               x1, 300(x2)          x1:1c00b010  x2:10001538  PA:10001664
20737699ns          344975 1c00b038 00800db3 add              x27, x0, x8         x27=00000000  x8:00000000
20737719ns          344976 1c00b03a 12912223 sw               x9, 292(x2)          x9:xxxxxxxx  x2:10001538  PA:1000165c
20738156ns          344998 1c00b03e 13212023 sw               x18, 288(x2)        x18:xxxxxxxx  x2:10001538  PA:10001658
20738196ns          345000 1c00b042 11312e23 sw               x19, 284(x2)        x19:xxxxxxxx  x2:10001538  PA:10001654
20738216ns          345001 1c00b046 11412c23 sw               x20, 280(x2)        x20:xxxxxxxx  x2:10001538  PA:10001650
20738236ns          345002 1c00b04a 11512a23 sw               x21, 276(x2)        x21:xxxxxxxx  x2:10001538  PA:1000164c
20738256ns          345003 1c00b04e 00a00b33 add              x22, x0, x10        x22=1c00afa4 x10:1c00afa4
20738673ns          345024 1c00b050 00b00d33 add              x26, x0, x11        x26=00000002 x11:00000002
20738693ns          345025 1c00b052 00d00c33 add              x24, x0, x13        x24=1000168c x13:1000168c
20738713ns          345026 1c00b054 1c000bb7 lui              x23, 0x1c000000     x23=1c000000
20738733ns          345027 1c00b058 02410c93 addi             x25, x2, 36         x25=1000155c  x2:10001538
20738753ns          345028 1c00b05c 00c00433 add              x8, x0, x12          x8=1c000034 x12:1c000034
20739190ns          345050 1c00b05e 00044503 lbu              x10, 0(x8)          x10=00000073  x8:1c000034  PA:1c000034
20739509ns          345066 1c00b062 00140413 addi             x8, x8, 1            x8=1c000035  x8:1c000034
20739529ns          345067 1c00b064 00050e63 beq              x10, x0, 28         x10:00000073
20739549ns          345068 1c00b066 02500793 addi             x15, x0, 37         x15=00000025
20739568ns          345069 1c00b06a 04f50863 beq              x10, x15, 80        x10:00000073 x15:00000025
20739588ns          345070 1c00b06e 01a005b3 add              x11, x0, x26        x11=00000002 x26:00000002
20739747ns          345078 1c00b070 000b00e7 jalr             x1, x22, 0           x1=1c00b072 x22:1c00afa4
20740205ns          345101 1c00afa4 000026b7 lui              x13, 0x2000         x13=00002000
20740245ns          345103 1c00afa6 f14027f3 csrrs            x15, x0, 0xf14      x15=00000002
20740265ns          345104 1c00afaa f8068693 addi             x13, x13, -128      x13=00001f80 x13:00002000
20740702ns          345126 1c00afae 00379713 slli             x14, x15, 0x3       x14=00000010 x15:00000002
20740722ns          345127 1c00afb2 00279793 slli             x15, x15, 0x2       x15=00000008 x15:00000002
20740742ns          345128 1c00afb4 00d7f7b3 and              x15, x15, x13       x15=00000000 x15:00000008 x13:00001f80
20740762ns          345129 1c00afb6 ee873733 p.bclr           x14, x14, 23, 8     x14=00000010 x14:00000010
20740782ns          345130 1c00afba 1a10f6b7 lui              x13, 0x1a10f000     x13=1a10f000
20740802ns          345131 1c00afbe 0ff57513 andi             x10, x10, 255       x10=00000073 x10:00000073
20740822ns          345132 1c00afc2 00d70733 add              x14, x14, x13       x14=1a10f010 x14:00000010 x13:1a10f000
20740841ns          345133 1c00afc4 00a7e723 p.sw             x10, x0(x15)        x10:00000073 x15:00000000  PA:1a10f010
20741239ns          345153 1c00afc8 00000513 addi             x10, x0, 0          x10=00000000
20741259ns          345154 1c00afca 00008067 jalr             x0, x1, 0            x1:1c00b072
20741359ns          345159 1c00b072 31f52563 p.beqimm         x10, 778            x10:00000000
20741378ns          345160 1c00b076 001d8d93 addi             x27, x27, 1         x27=00000001 x27:00000000
20741398ns          345161 1c00b078 00044503 lbu              x10, 0(x8)          x10=00000074  x8:1c000035  PA:1c000035
20741856ns          345184 1c00b07c 00140413 addi             x8, x8, 1            x8=1c000036  x8:1c000035
20741876ns          345185 1c00b07e fe0514e3 bne              x10, x0, -24        x10:00000074
20741955ns          345189 1c00b066 02500793 addi             x15, x0, 37         x15=00000025
20741975ns          345190 1c00b06a 04f50863 beq              x10, x15, 80        x10:00000074 x15:00000025
20741995ns          345191 1c00b06e 01a005b3 add              x11, x0, x26        x11=00000002 x26:00000002
20742015ns          345192 1c00b070 000b00e7 jalr             x1, x22, 0           x1=1c00b072 x22:1c00afa4
20742055ns          345194 1c00afa4 000026b7 lui              x13, 0x2000         x13=00002000
20742075ns          345195 1c00afa6 f14027f3 csrrs            x15, x0, 0xf14      x15=00000002
20742095ns          345196 1c00afaa f8068693 addi             x13, x13, -128      x13=00001f80 x13:00002000
20742114ns          345197 1c00afae 00379713 slli             x14, x15, 0x3       x14=00000010 x15:00000002
20742134ns          345198 1c00afb2 00279793 slli             x15, x15, 0x2       x15=00000008 x15:00000002
20742154ns          345199 1c00afb4 00d7f7b3 and              x15, x15, x13       x15=00000000 x15:00000008 x13:00001f80
20742174ns          345200 1c00afb6 ee873733 p.bclr           x14, x14, 23, 8     x14=00000010 x14:00000010
20742194ns          345201 1c00afba 1a10f6b7 lui              x13, 0x1a10f000     x13=1a10f000
20742214ns          345202 1c00afbe 0ff57513 andi             x10, x10, 255       x10=00000074 x10:00000074
20742234ns          345203 1c00afc2 00d70733 add              x14, x14, x13       x14=1a10f010 x14:00000010 x13:1a10f000
20742254ns          345204 1c00afc4 00a7e723 p.sw             x10, x0(x15)        x10:00000074 x15:00000000  PA:1a10f010
20742632ns          345223 1c00afc8 00000513 addi             x10, x0, 0          x10=00000000
20742651ns          345224 1c00afca 00008067 jalr             x0, x1, 0            x1:1c00b072
20742711ns          345227 1c00b072 31f52563 p.beqimm         x10, 778            x10:00000000
20742731ns          345228 1c00b076 001d8d93 addi             x27, x27, 1         x27=00000002 x27:00000001
20742751ns          345229 1c00b078 00044503 lbu              x10, 0(x8)          x10=00000061  x8:1c000036  PA:1c000036
20743049ns          345244 1c00b07c 00140413 addi             x8, x8, 1            x8=1c000037  x8:1c000036
20743069ns          345245 1c00b07e fe0514e3 bne              x10, x0, -24        x10:00000061
20743149ns          345249 1c00b066 02500793 addi             x15, x0, 37         x15=00000025
20743169ns          345250 1c00b06a 04f50863 beq              x10, x15, 80        x10:00000061 x15:00000025
20743189ns          345251 1c00b06e 01a005b3 add              x11, x0, x26        x11=00000002 x26:00000002
20743208ns          345252 1c00b070 000b00e7 jalr             x1, x22, 0           x1=1c00b072 x22:1c00afa4
20743248ns          345254 1c00afa4 000026b7 lui              x13, 0x2000         x13=00002000
20743268ns          345255 1c00afa6 f14027f3 csrrs            x15, x0, 0xf14      x15=00000002
20743288ns          345256 1c00afaa f8068693 addi             x13, x13, -128      x13=00001f80 x13:00002000
20743308ns          345257 1c00afae 00379713 slli             x14, x15, 0x3       x14=00000010 x15:00000002
20743328ns          345258 1c00afb2 00279793 slli             x15, x15, 0x2       x15=00000008 x15:00000002
20743348ns          345259 1c00afb4 00d7f7b3 and              x15, x15, x13       x15=00000000 x15:00000008 x13:00001f80
20743368ns          345260 1c00afb6 ee873733 p.bclr           x14, x14, 23, 8     x14=00000010 x14:00000010
20743387ns          345261 1c00afba 1a10f6b7 lui              x13, 0x1a10f000     x13=1a10f000
20743407ns          345262 1c00afbe 0ff57513 andi             x10, x10, 255       x10=00000061 x10:00000061
20743427ns          345263 1c00afc2 00d70733 add              x14, x14, x13       x14=1a10f010 x14:00000010 x13:1a10f000
20743447ns          345264 1c00afc4 00a7e723 p.sw             x10, x0(x15)        x10:00000061 x15:00000000  PA:1a10f010
20743765ns          345280 1c00afc8 00000513 addi             x10, x0, 0          x10=00000000
20743785ns          345281 1c00afca 00008067 jalr             x0, x1, 0            x1:1c00b072
20743845ns          345284 1c00b072 31f52563 p.beqimm         x10, 778            x10:00000000
20743865ns          345285 1c00b076 001d8d93 addi             x27, x27, 1         x27=00000003 x27:00000002
20743885ns          345286 1c00b078 00044503 lbu              x10, 0(x8)          x10=00000072  x8:1c000037  PA:1c000037
20744183ns          345301 1c00b07c 00140413 addi             x8, x8, 1            x8=1c000038  x8:1c000037
20744203ns          345302 1c00b07e fe0514e3 bne              x10, x0, -24        x10:00000072
20744283ns          345306 1c00b066 02500793 addi             x15, x0, 37         x15=00000025
20744302ns          345307 1c00b06a 04f50863 beq              x10, x15, 80        x10:00000072 x15:00000025
20744322ns          345308 1c00b06e 01a005b3 add              x11, x0, x26        x11=00000002 x26:00000002
20744342ns          345309 1c00b070 000b00e7 jalr             x1, x22, 0           x1=1c00b072 x22:1c00afa4
20744382ns          345311 1c00afa4 000026b7 lui              x13, 0x2000         x13=00002000
20744402ns          345312 1c00afa6 f14027f3 csrrs            x15, x0, 0xf14      x15=00000002
20744422ns          345313 1c00afaa f8068693 addi             x13, x13, -128      x13=00001f80 x13:00002000
20744442ns          345314 1c00afae 00379713 slli             x14, x15, 0x3       x14=00000010 x15:00000002
20744462ns          345315 1c00afb2 00279793 slli             x15, x15, 0x2       x15=00000008 x15:00000002
20744481ns          345316 1c00afb4 00d7f7b3 and              x15, x15, x13       x15=00000000 x15:00000008 x13:00001f80
20744501ns          345317 1c00afb6 ee873733 p.bclr           x14, x14, 23, 8     x14=00000010 x14:00000010
20744521ns          345318 1c00afba 1a10f6b7 lui              x13, 0x1a10f000     x13=1a10f000
20744541ns          345319 1c00afbe 0ff57513 andi             x10, x10, 255       x10=00000072 x10:00000072
20744561ns          345320 1c00afc2 00d70733 add              x14, x14, x13       x14=1a10f010 x14:00000010 x13:1a10f000
20744581ns          345321 1c00afc4 00a7e723 p.sw             x10, x0(x15)        x10:00000072 x15:00000000  PA:1a10f010
20744939ns          345339 1c00afc8 00000513 addi             x10, x0, 0          x10=00000000
20744959ns          345340 1c00afca 00008067 jalr             x0, x1, 0            x1:1c00b072
20745018ns          345343 1c00b072 31f52563 p.beqimm         x10, 778            x10:00000000
20745038ns          345344 1c00b076 001d8d93 addi             x27, x27, 1         x27=00000004 x27:00000003
20745058ns          345345 1c00b078 00044503 lbu              x10, 0(x8)          x10=00000074  x8:1c000038  PA:1c000038
20745357ns          345360 1c00b07c 00140413 addi             x8, x8, 1            x8=1c000039  x8:1c000038
20745376ns          345361 1c00b07e fe0514e3 bne              x10, x0, -24        x10:00000074
20745456ns          345365 1c00b066 02500793 addi             x15, x0, 37         x15=00000025
20745476ns          345366 1c00b06a 04f50863 beq              x10, x15, 80        x10:00000074 x15:00000025
20745496ns          345367 1c00b06e 01a005b3 add              x11, x0, x26        x11=00000002 x26:00000002
20745516ns          345368 1c00b070 000b00e7 jalr             x1, x22, 0           x1=1c00b072 x22:1c00afa4
20745556ns          345370 1c00afa4 000026b7 lui              x13, 0x2000         x13=00002000
20745575ns          345371 1c00afa6 f14027f3 csrrs            x15, x0, 0xf14      x15=00000002
20745595ns          345372 1c00afaa f8068693 addi             x13, x13, -128      x13=00001f80 x13:00002000
20745615ns          345373 1c00afae 00379713 slli             x14, x15, 0x3       x14=00000010 x15:00000002
20745635ns          345374 1c00afb2 00279793 slli             x15, x15, 0x2       x15=00000008 x15:00000002
20745655ns          345375 1c00afb4 00d7f7b3 and              x15, x15, x13       x15=00000000 x15:00000008 x13:00001f80
20745675ns          345376 1c00afb6 ee873733 p.bclr           x14, x14, 23, 8     x14=00000010 x14:00000010
20745695ns          345377 1c00afba 1a10f6b7 lui              x13, 0x1a10f000     x13=1a10f000
20745715ns          345378 1c00afbe 0ff57513 andi             x10, x10, 255       x10=00000074 x10:00000074
20745735ns          345379 1c00afc2 00d70733 add              x14, x14, x13       x14=1a10f010 x14:00000010 x13:1a10f000
20745754ns          345380 1c00afc4 00a7e723 p.sw             x10, x0(x15)        x10:00000074 x15:00000000  PA:1a10f010
20746093ns          345397 1c00afc8 00000513 addi             x10, x0, 0          x10=00000000
20746112ns          345398 1c00afca 00008067 jalr             x0, x1, 0            x1:1c00b072
20746172ns          345401 1c00b072 31f52563 p.beqimm         x10, 778            x10:00000000
20746192ns          345402 1c00b076 001d8d93 addi             x27, x27, 1         x27=00000005 x27:00000004
20746212ns          345403 1c00b078 00044503 lbu              x10, 0(x8)          x10=00000069  x8:1c000039  PA:1c000039
20746510ns          345418 1c00b07c 00140413 addi             x8, x8, 1            x8=1c00003a  x8:1c000039
20746530ns          345419 1c00b07e fe0514e3 bne              x10, x0, -24        x10:00000069
20746610ns          345423 1c00b066 02500793 addi             x15, x0, 37         x15=00000025
20746630ns          345424 1c00b06a 04f50863 beq              x10, x15, 80        x10:00000069 x15:00000025
20746650ns          345425 1c00b06e 01a005b3 add              x11, x0, x26        x11=00000002 x26:00000002
20746669ns          345426 1c00b070 000b00e7 jalr             x1, x22, 0           x1=1c00b072 x22:1c00afa4
20746709ns          345428 1c00afa4 000026b7 lui              x13, 0x2000         x13=00002000
20746729ns          345429 1c00afa6 f14027f3 csrrs            x15, x0, 0xf14      x15=00000002
20746749ns          345430 1c00afaa f8068693 addi             x13, x13, -128      x13=00001f80 x13:00002000
20746769ns          345431 1c00afae 00379713 slli             x14, x15, 0x3       x14=00000010 x15:00000002
20746789ns          345432 1c00afb2 00279793 slli             x15, x15, 0x2       x15=00000008 x15:00000002
20746809ns          345433 1c00afb4 00d7f7b3 and              x15, x15, x13       x15=00000000 x15:00000008 x13:00001f80
20746829ns          345434 1c00afb6 ee873733 p.bclr           x14, x14, 23, 8     x14=00000010 x14:00000010
20746848ns          345435 1c00afba 1a10f6b7 lui              x13, 0x1a10f000     x13=1a10f000
20746868ns          345436 1c00afbe 0ff57513 andi             x10, x10, 255       x10=00000069 x10:00000069
20746888ns          345437 1c00afc2 00d70733 add              x14, x14, x13       x14=1a10f010 x14:00000010 x13:1a10f000
20746908ns          345438 1c00afc4 00a7e723 p.sw             x10, x0(x15)        x10:00000069 x15:00000000  PA:1a10f010
20747226ns          345454 1c00afc8 00000513 addi             x10, x0, 0          x10=00000000
20747246ns          345455 1c00afca 00008067 jalr             x0, x1, 0            x1:1c00b072
20747306ns          345458 1c00b072 31f52563 p.beqimm         x10, 778            x10:00000000
20747326ns          345459 1c00b076 001d8d93 addi             x27, x27, 1         x27=00000006 x27:00000005
20747346ns          345460 1c00b078 00044503 lbu              x10, 0(x8)          x10=0000006e  x8:1c00003a  PA:1c00003a
20747644ns          345475 1c00b07c 00140413 addi             x8, x8, 1            x8=1c00003b  x8:1c00003a
20747664ns          345476 1c00b07e fe0514e3 bne              x10, x0, -24        x10:0000006e
20747743ns          345480 1c00b066 02500793 addi             x15, x0, 37         x15=00000025
20747763ns          345481 1c00b06a 04f50863 beq              x10, x15, 80        x10:0000006e x15:00000025
20747783ns          345482 1c00b06e 01a005b3 add              x11, x0, x26        x11=00000002 x26:00000002
20747803ns          345483 1c00b070 000b00e7 jalr             x1, x22, 0           x1=1c00b072 x22:1c00afa4
20747843ns          345485 1c00afa4 000026b7 lui              x13, 0x2000         x13=00002000
20747863ns          345486 1c00afa6 f14027f3 csrrs            x15, x0, 0xf14      x15=00000002
20747883ns          345487 1c00afaa f8068693 addi             x13, x13, -128      x13=00001f80 x13:00002000
20747903ns          345488 1c00afae 00379713 slli             x14, x15, 0x3       x14=00000010 x15:00000002
20747923ns          345489 1c00afb2 00279793 slli             x15, x15, 0x2       x15=00000008 x15:00000002
20747942ns          345490 1c00afb4 00d7f7b3 and              x15, x15, x13       x15=00000000 x15:00000008 x13:00001f80
20747962ns          345491 1c00afb6 ee873733 p.bclr           x14, x14, 23, 8     x14=00000010 x14:00000010
20747982ns          345492 1c00afba 1a10f6b7 lui              x13, 0x1a10f000     x13=1a10f000
20748002ns          345493 1c00afbe 0ff57513 andi             x10, x10, 255       x10=0000006e x10:0000006e
20748022ns          345494 1c00afc2 00d70733 add              x14, x14, x13       x14=1a10f010 x14:00000010 x13:1a10f000
20748042ns          345495 1c00afc4 00a7e723 p.sw             x10, x0(x15)        x10:0000006e x15:00000000  PA:1a10f010
20748380ns          345512 1c00afc8 00000513 addi             x10, x0, 0          x10=00000000
20748400ns          345513 1c00afca 00008067 jalr             x0, x1, 0            x1:1c00b072
20748460ns          345516 1c00b072 31f52563 p.beqimm         x10, 778            x10:00000000
20748479ns          345517 1c00b076 001d8d93 addi             x27, x27, 1         x27=00000007 x27:00000006
20748499ns          345518 1c00b078 00044503 lbu              x10, 0(x8)          x10=00000067  x8:1c00003b  PA:1c00003b
20748818ns          345534 1c00b07c 00140413 addi             x8, x8, 1            x8=1c00003c  x8:1c00003b
20748837ns          345535 1c00b07e fe0514e3 bne              x10, x0, -24        x10:00000067
20748917ns          345539 1c00b066 02500793 addi             x15, x0, 37         x15=00000025
20748937ns          345540 1c00b06a 04f50863 beq              x10, x15, 80        x10:00000067 x15:00000025
20748957ns          345541 1c00b06e 01a005b3 add              x11, x0, x26        x11=00000002 x26:00000002
20748977ns          345542 1c00b070 000b00e7 jalr             x1, x22, 0           x1=1c00b072 x22:1c00afa4
20749017ns          345544 1c00afa4 000026b7 lui              x13, 0x2000         x13=00002000
20749036ns          345545 1c00afa6 f14027f3 csrrs            x15, x0, 0xf14      x15=00000002
20749056ns          345546 1c00afaa f8068693 addi             x13, x13, -128      x13=00001f80 x13:00002000
20749076ns          345547 1c00afae 00379713 slli             x14, x15, 0x3       x14=00000010 x15:00000002
20749096ns          345548 1c00afb2 00279793 slli             x15, x15, 0x2       x15=00000008 x15:00000002
20749116ns          345549 1c00afb4 00d7f7b3 and              x15, x15, x13       x15=00000000 x15:00000008 x13:00001f80
20749136ns          345550 1c00afb6 ee873733 p.bclr           x14, x14, 23, 8     x14=00000010 x14:00000010
20749156ns          345551 1c00afba 1a10f6b7 lui              x13, 0x1a10f000     x13=1a10f000
20749176ns          345552 1c00afbe 0ff57513 andi             x10, x10, 255       x10=00000067 x10:00000067
20749196ns          345553 1c00afc2 00d70733 add              x14, x14, x13       x14=1a10f010 x14:00000010 x13:1a10f000
20749215ns          345554 1c00afc4 00a7e723 p.sw             x10, x0(x15)        x10:00000067 x15:00000000  PA:1a10f010
20749534ns          345570 1c00afc8 00000513 addi             x10, x0, 0          x10=00000000
20749554ns          345571 1c00afca 00008067 jalr             x0, x1, 0            x1:1c00b072
20749613ns          345574 1c00b072 31f52563 p.beqimm         x10, 778            x10:00000000
20749633ns          345575 1c00b076 001d8d93 addi             x27, x27, 1         x27=00000008 x27:00000007
20749653ns          345576 1c00b078 00044503 lbu              x10, 0(x8)          x10=00000020  x8:1c00003c  PA:1c00003c
20749951ns          345591 1c00b07c 00140413 addi             x8, x8, 1            x8=1c00003d  x8:1c00003c
20749971ns          345592 1c00b07e fe0514e3 bne              x10, x0, -24        x10:00000020
20750051ns          345596 1c00b066 02500793 addi             x15, x0, 37         x15=00000025
20750071ns          345597 1c00b06a 04f50863 beq              x10, x15, 80        x10:00000020 x15:00000025
20750091ns          345598 1c00b06e 01a005b3 add              x11, x0, x26        x11=00000002 x26:00000002
20750110ns          345599 1c00b070 000b00e7 jalr             x1, x22, 0           x1=1c00b072 x22:1c00afa4
20750150ns          345601 1c00afa4 000026b7 lui              x13, 0x2000         x13=00002000
20750170ns          345602 1c00afa6 f14027f3 csrrs            x15, x0, 0xf14      x15=00000002
20750190ns          345603 1c00afaa f8068693 addi             x13, x13, -128      x13=00001f80 x13:00002000
20750210ns          345604 1c00afae 00379713 slli             x14, x15, 0x3       x14=00000010 x15:00000002
20750230ns          345605 1c00afb2 00279793 slli             x15, x15, 0x2       x15=00000008 x15:00000002
20750250ns          345606 1c00afb4 00d7f7b3 and              x15, x15, x13       x15=00000000 x15:00000008 x13:00001f80
20750270ns          345607 1c00afb6 ee873733 p.bclr           x14, x14, 23, 8     x14=00000010 x14:00000010
20750290ns          345608 1c00afba 1a10f6b7 lui              x13, 0x1a10f000     x13=1a10f000
20750309ns          345609 1c00afbe 0ff57513 andi             x10, x10, 255       x10=00000020 x10:00000020
20750329ns          345610 1c00afc2 00d70733 add              x14, x14, x13       x14=1a10f010 x14:00000010 x13:1a10f000
20750349ns          345611 1c00afc4 00a7e723 p.sw             x10, x0(x15)        x10:00000020 x15:00000000  PA:1a10f010
20750667ns          345627 1c00afc8 00000513 addi             x10, x0, 0          x10=00000000
20750687ns          345628 1c00afca 00008067 jalr             x0, x1, 0            x1:1c00b072
20750747ns          345631 1c00b072 31f52563 p.beqimm         x10, 778            x10:00000000
20750767ns          345632 1c00b076 001d8d93 addi             x27, x27, 1         x27=00000009 x27:00000008
20750787ns          345633 1c00b078 00044503 lbu              x10, 0(x8)          x10=00000025  x8:1c00003d  PA:1c00003d
20751085ns          345648 1c00b07c 00140413 addi             x8, x8, 1            x8=1c00003e  x8:1c00003d
20751105ns          345649 1c00b07e fe0514e3 bne              x10, x0, -24        x10:00000025
20751185ns          345653 1c00b066 02500793 addi             x15, x0, 37         x15=00000025
20751204ns          345654 1c00b06a 04f50863 beq              x10, x15, 80        x10:00000025 x15:00000025
20751662ns          345677 1c00b0ba 00044483 lbu              x9, 0(x8)            x9=00000064  x8:1c00003e  PA:1c00003e
20752139ns          345701 1c00b0be 02000693 addi             x13, x0, 32         x13=00000020
20752159ns          345702 1c00b0c2 00140a93 addi             x21, x8, 1          x21=1c00003f  x8:1c00003e
20752179ns          345703 1c00b0c6 009005b3 add              x11, x0, x9         x11=00000064  x9:00000064
20752199ns          345704 1c00b0c8 0c8b8513 addi             x10, x23, 200       x10=1c0000c8 x23:1c000000
20752219ns          345705 1c00b0cc 00d12823 sw               x13, 16(x2)         x13:00000020  x2:10001538  PA:10001548
20752239ns          345706 1c00b0ce 00012c23 sw               x0, 24(x2)           x2:10001538  PA:10001550
20752617ns          345725 1c00b0d0 00012a23 sw               x0, 20(x2)           x2:10001538  PA:1000154c
20752637ns          345726 1c00b0d2 00012e23 sw               x0, 28(x2)           x2:10001538  PA:10001554
20752657ns          345727 1c00b0d4 00012623 sw               x0, 12(x2)           x2:10001538  PA:10001544
20752676ns          345728 1c00b0d6 02300913 addi             x18, x0, 35         x18=00000023
20752696ns          345729 1c00b0da 02d00a13 addi             x20, x0, 45         x20=0000002d
20752716ns          345730 1c00b0de 015009b3 add              x19, x0, x21        x19=1c00003f x21:1c00003f
20753134ns          345751 1c00b0e0 e97ff0ef jal              x1, -362             x1=1c00b0e2
20753631ns          345776 1c00af76 00054783 lbu              x15, 0(x10)         x15=0000002d x10:1c0000c8  PA:1c0000c8
20754109ns          345800 1c00af7a 0ff5f593 andi             x11, x11, 255       x11=00000064 x11:00000064
20754128ns          345801 1c00af7e 00b78c63 beq              x15, x11, 24        x15:0000002d x11:00000064
20754148ns          345802 1c00af82 00078b63 beq              x15, x0, 22         x15:0000002d
20754168ns          345803 1c00af84 00150793 addi             x15, x10, 1         x15=1c0000c9 x10:1c0000c8
20754188ns          345804 1c00af88 0040006f jal              x0, 4              
20754685ns          345829 1c00af8c 00f00533 add              x10, x0, x15        x10=1c0000c9 x15:1c0000c9
20754705ns          345830 1c00af8e 0017c70b p.lbu            x14, 1(x15!)        x14=0000002b x15=1c0000ca x15:1c0000c9  PA:1c0000c9
20755024ns          345846 1c00af92 feb71ce3 bne              x14, x11, -8        x14:0000002b x11:00000064
20755083ns          345849 1c00af8a 00070763 beq              x14, x0, 14         x14:0000002b
20755103ns          345850 1c00af8c 00f00533 add              x10, x0, x15        x10=1c0000ca x15:1c0000ca
20755123ns          345851 1c00af8e 0017c70b p.lbu            x14, 1(x15!)        x14=00000020 x15=1c0000cb x15:1c0000ca  PA:1c0000ca
20755461ns          345868 1c00af92 feb71ce3 bne              x14, x11, -8        x14:00000020 x11:00000064
20755521ns          345871 1c00af8a 00070763 beq              x14, x0, 14         x14:00000020
20755541ns          345872 1c00af8c 00f00533 add              x10, x0, x15        x10=1c0000cb x15:1c0000cb
20755561ns          345873 1c00af8e 0017c70b p.lbu            x14, 1(x15!)        x14=00000023 x15=1c0000cc x15:1c0000cb  PA:1c0000cb
20755879ns          345889 1c00af92 feb71ce3 bne              x14, x11, -8        x14:00000023 x11:00000064
20755938ns          345892 1c00af8a 00070763 beq              x14, x0, 14         x14:00000023
20755958ns          345893 1c00af8c 00f00533 add              x10, x0, x15        x10=1c0000cc x15:1c0000cc
20755978ns          345894 1c00af8e 0017c70b p.lbu            x14, 1(x15!)        x14=00000030 x15=1c0000cd x15:1c0000cc  PA:1c0000cc
20756297ns          345910 1c00af92 feb71ce3 bne              x14, x11, -8        x14:00000030 x11:00000064
20756356ns          345913 1c00af8a 00070763 beq              x14, x0, 14         x14:00000030
20756376ns          345914 1c00af8c 00f00533 add              x10, x0, x15        x10=1c0000cd x15:1c0000cd
20756396ns          345915 1c00af8e 0017c70b p.lbu            x14, 1(x15!)        x14=00000000 x15=1c0000ce x15:1c0000cd  PA:1c0000cd
20756714ns          345931 1c00af92 feb71ce3 bne              x14, x11, -8        x14:00000000 x11:00000064
20756774ns          345934 1c00af8a 00070763 beq              x14, x0, 14         x14:00000000
20756834ns          345937 1c00af98 0015b593 sltiu            x11, x11, 1         x11=00000000 x11:00000064
20756853ns          345938 1c00af9c 40b005b3 sub              x11, x0, x11        x11=00000000 x11:00000000
20756873ns          345939 1c00afa0 00b57533 and              x10, x10, x11       x10=00000000 x10:1c0000cd x11:00000000
20756893ns          345940 1c00afa2 00008067 jalr             x0, x1, 0            x1:1c00b0e2
20756933ns          345942 1c00b0e2 02050a63 beq              x10, x0, 52         x10:00000000
20757371ns          345964 1c00b116 02a00613 addi             x12, x0, 42         x12=0000002a
20757391ns          345965 1c00b11a 2ac48663 beq              x9, x12, 684         x9:00000064 x12:0000002a
20757828ns          345987 1c00b11e fd048613 addi             x12, x9, -48        x12=00000034  x9:00000064
20757848ns          345988 1c00b122 00900593 addi             x11, x0, 9          x11=00000009
20757868ns          345989 1c00b124 00000913 addi             x18, x0, 0          x18=00000000
20757888ns          345990 1c00b126 28c5f063 bgeu             x11, x12, 640       x11:00000009 x12:00000034
20757908ns          345991 1c00b12a 02e00693 addi             x13, x0, 46         x13=0000002e
20757928ns          345992 1c00b12e fff00a13 addi             x20, x0, -1         x20=ffffffff
20758365ns          346014 1c00b130 2ed48363 beq              x9, x13, 742         x9:00000064 x13:0000002e
20758405ns          346016 1c00b134 1c0007b7 lui              x15, 0x1c000000     x15=1c000000
20758425ns          346017 1c00b138 009005b3 add              x11, x0, x9         x11=00000064  x9:00000064
20758445ns          346018 1c00b13a 0d078513 addi             x10, x15, 208       x10=1c0000d0 x15:1c000000
20758465ns          346019 1c00b13e e39ff0ef jal              x1, -456             x1=1c00b140
20758942ns          346043 1c00af76 00054783 lbu              x15, 0(x10)         x15=00000068 x10:1c0000d0  PA:1c0000d0
20759240ns          346058 1c00af7a 0ff5f593 andi             x11, x11, 255       x11=00000064 x11:00000064
20759260ns          346059 1c00af7e 00b78c63 beq              x15, x11, 24        x15:00000068 x11:00000064
20759280ns          346060 1c00af82 00078b63 beq              x15, x0, 22         x15:00000068
20759300ns          346061 1c00af84 00150793 addi             x15, x10, 1         x15=1c0000d1 x10:1c0000d0
20759320ns          346062 1c00af88 0040006f jal              x0, 4              
20759419ns          346067 1c00af8c 00f00533 add              x10, x0, x15        x10=1c0000d1 x15:1c0000d1
20759439ns          346068 1c00af8e 0017c70b p.lbu            x14, 1(x15!)        x14=0000006c x15=1c0000d2 x15:1c0000d1  PA:1c0000d1
20759758ns          346084 1c00af92 feb71ce3 bne              x14, x11, -8        x14:0000006c x11:00000064
20759817ns          346087 1c00af8a 00070763 beq              x14, x0, 14         x14:0000006c
20759837ns          346088 1c00af8c 00f00533 add              x10, x0, x15        x10=1c0000d2 x15:1c0000d2
20759857ns          346089 1c00af8e 0017c70b p.lbu            x14, 1(x15!)        x14=0000004c x15=1c0000d3 x15:1c0000d2  PA:1c0000d2
20760175ns          346105 1c00af92 feb71ce3 bne              x14, x11, -8        x14:0000004c x11:00000064
20760235ns          346108 1c00af8a 00070763 beq              x14, x0, 14         x14:0000004c
20760255ns          346109 1c00af8c 00f00533 add              x10, x0, x15        x10=1c0000d3 x15:1c0000d3
20760275ns          346110 1c00af8e 0017c70b p.lbu            x14, 1(x15!)        x14=0000007a x15=1c0000d4 x15:1c0000d3  PA:1c0000d3
20760593ns          346126 1c00af92 feb71ce3 bne              x14, x11, -8        x14:0000007a x11:00000064
20760653ns          346129 1c00af8a 00070763 beq              x14, x0, 14         x14:0000007a
20760672ns          346130 1c00af8c 00f00533 add              x10, x0, x15        x10=1c0000d4 x15:1c0000d4
20760692ns          346131 1c00af8e 0017c70b p.lbu            x14, 1(x15!)        x14=00000000 x15=1c0000d5 x15:1c0000d4  PA:1c0000d4
20761011ns          346147 1c00af92 feb71ce3 bne              x14, x11, -8        x14:00000000 x11:00000064
20761070ns          346150 1c00af8a 00070763 beq              x14, x0, 14         x14:00000000
20761130ns          346153 1c00af98 0015b593 sltiu            x11, x11, 1         x11=00000000 x11:00000064
20761150ns          346154 1c00af9c 40b005b3 sub              x11, x0, x11        x11=00000000 x11:00000000
20761170ns          346155 1c00afa0 00b57533 and              x10, x10, x11       x10=00000000 x10:1c0000d4 x11:00000000
20761190ns          346156 1c00afa2 00008067 jalr             x0, x1, 0            x1:1c00b140
20761229ns          346158 1c00b140 01300433 add              x8, x0, x19          x8=1c00003f x19:1c00003f
20761249ns          346159 1c00b142 00050563 beq              x10, x0, 10         x10:00000000
20761309ns          346162 1c00b14c 06700693 addi             x13, x0, 103        x13=00000067
20761747ns          346184 1c00b150 2896d963 bge              x13, x9, 658        x13:00000067  x9:00000064
20762284ns          346211 1c00b3e2 06500693 addi             x13, x0, 101        x13=00000065
20762304ns          346212 1c00b3e6 12d4d563 bge              x9, x13, 298         x9:00000064 x13:00000065
20762323ns          346213 1c00b3ea 04700693 addi             x13, x0, 71         x13=00000047
20762761ns          346235 1c00b3ee dc96cbe3 blt              x13, x9, -554       x13:00000047  x9:00000064
20763238ns          346259 1c00b1c4 06300693 addi             x13, x0, 99         x13=00000063
20763278ns          346261 1c00b1c8 0ad488e3 beq              x9, x13, 2224        x9:00000064 x13:00000063
20763298ns          346262 1c00b1cc 0096c9e3 blt              x13, x9, 2066       x13:00000063  x9:00000064
20764690ns          346332 1c00b9de 000c2583 lw               x11, 0(x24)         x11=00000001 x24:1000168c  PA:1000168c
20764710ns          346333 1c00b9e2 004c0c13 addi             x24, x24, 4         x24=10001690 x24:1000168c
20764730ns          346334 1c00b9e4 3405cc63 blt              x11, x0, 856        x11:00000001
20764750ns          346335 1c00b9e8 01412603 lw               x12, 20(x2)         x12=00000000  x2:10001538  PA:1000154c
20764770ns          346336 1c00b9ea 00b006b3 add              x13, x0, x11        x13=00000001 x11:00000001
20764790ns          346337 1c00b9ec 2e061863 bne              x12, x0, 752        x12:00000000
20765208ns          346358 1c00b9f0 01812703 lw               x14, 24(x2)         x14=00000000  x2:10001538  PA:10001550
20765227ns          346359 1c00b9f2 019007b3 add              x15, x0, x25        x15=1000155c x25:1000155c
20765247ns          346360 1c00b9f4 00070763 beq              x14, x0, 14         x14:00000000
20765725ns          346384 1c00ba02 00f00733 add              x14, x0, x15        x14=1000155c x15:1000155c
20765765ns          346386 1c00ba04 00a00513 addi             x10, x0, 10         x10=0000000a
20765784ns          346387 1c00ba06 02a6f633 remu             x12, x13, x10       x12=00000001 x13:00000001 x10:0000000a
20766401ns          346418 1c00ba0a 02a6d6b3 divu             x13, x13, x10       x13=00000000 x13:00000001 x10:0000000a
20767018ns          346449 1c00ba0e 03060613 addi             x12, x12, 48        x12=00000031 x12:00000001
20767038ns          346450 1c00ba12 00c700ab p.sb             x12, 1(x14!)        x14=1000155d x12:00000031 x14:1000155c  PA:1000155c
20767057ns          346451 1c00ba16 fe0698e3 bne              x13, x0, -16        x13:00000000
20767077ns          346452 1c00ba18 40f706b3 sub              x13, x14, x15       x13=00000001 x14:1000155d x15:1000155c
20767097ns          346453 1c00ba1c 0146dc63 bge              x13, x20, 24        x13:00000001 x20:ffffffff
20767992ns          346498 1c00ba34 00e006b3 add              x13, x0, x14        x13=1000155d x14:1000155d
20768032ns          346500 1c00ba36 fe068fab p.sb             x0, -1(x13!)        x13=1000155c x13:1000155d  PA:1000155d
20768052ns          346501 1c00ba3a 00d7fc63 bgeu             x15, x13, 24        x15:1000155c x13:1000155c
20768967ns          346547 1c00ba52 01412783 lw               x15, 20(x2)         x15=00000000  x2:10001538  PA:1000154c
20769007ns          346549 1c00ba54 01812603 lw               x12, 24(x2)         x12=00000000  x2:10001538  PA:10001550
20769027ns          346550 1c00ba56 419704b3 sub              x9, x14, x25         x9=00000001 x14:1000155d x25:1000155c
20769046ns          346551 1c00ba5a 00c7e7b3 or               x15, x15, x12       x15=00000000 x15:00000000 x12:00000000
20769066ns          346552 1c00ba5c 00f12623 sw               x15, 12(x2)         x15:00000000  x2:10001538  PA:10001544
20769086ns          346553 1c00ba5e 00079363 bne              x15, x0, 6          x15:00000000
20769484ns          346573 1c00ba60 01f5d593 srli             x11, x11, 0x1f      x11=00000000 x11:00000001
20769504ns          346574 1c00ba62 00b12623 sw               x11, 12(x2)         x11:00000000  x2:10001538  PA:10001544
20769524ns          346575 1c00ba64 e3fa28e3 p.beqimm         x20, -464           x20:ffffffff
20770001ns          346599 1c00b894 0c800793 addi             x15, x0, 200        x15=000000c8
20770041ns          346601 1c00b898 9e97d0e3 bge              x15, x9, -1568      x15:000000c8  x9:00000001
20770956ns          346647 1c00b278 0f24d163 bge              x9, x18, 226         x9:00000001 x18:00000000
20771473ns          346673 1c00b35a d00482e3 beq              x9, x0, -764         x9:00000001
20771493ns          346674 1c00b35e 01900933 add              x18, x0, x25        x18=1000155c x25:1000155c
20771911ns          346695 1c00b360 419d8db3 sub              x27, x27, x25       x27=efffeaad x27:00000009 x25:1000155c
20771951ns          346697 1c00b364 00a0006f jal              x0, 10             
20772428ns          346721 1c00b36e 0019450b p.lbu            x10, 1(x18!)        x10=00000031 x18=1000155d x18:1000155c  PA:1000155c
20772448ns          346722 1c00b372 01a005b3 add              x11, x0, x26        x11=00000002 x26:00000002
20772468ns          346723 1c00b374 000b00e7 jalr             x1, x22, 0           x1=1c00b376 x22:1c00afa4
20772507ns          346725 1c00afa4 000026b7 lui              x13, 0x2000         x13=00002000
20772527ns          346726 1c00afa6 f14027f3 csrrs            x15, x0, 0xf14      x15=00000002
20772547ns          346727 1c00afaa f8068693 addi             x13, x13, -128      x13=00001f80 x13:00002000
20772607ns          346730 1c00afae 00379713 slli             x14, x15, 0x3       x14=00000010 x15:00000002
20772627ns          346731 1c00afb2 00279793 slli             x15, x15, 0x2       x15=00000008 x15:00000002
20772647ns          346732 1c00afb4 00d7f7b3 and              x15, x15, x13       x15=00000000 x15:00000008 x13:00001f80
20772667ns          346733 1c00afb6 ee873733 p.bclr           x14, x14, 23, 8     x14=00000010 x14:00000010
20772686ns          346734 1c00afba 1a10f6b7 lui              x13, 0x1a10f000     x13=1a10f000
20772746ns          346737 1c00afbe 0ff57513 andi             x10, x10, 255       x10=00000031 x10:00000031
20772766ns          346738 1c00afc2 00d70733 add              x14, x14, x13       x14=1a10f010 x14:00000010 x13:1a10f000
20772786ns          346739 1c00afc4 00a7e723 p.sw             x10, x0(x15)        x10:00000031 x15:00000000  PA:1a10f010
20773184ns          346759 1c00afc8 00000513 addi             x10, x0, 0          x10=00000000
20773204ns          346760 1c00afca 00008067 jalr             x0, x1, 0            x1:1c00b376
20773243ns          346762 1c00b376 fff48493 addi             x9, x9, -1           x9=00000000  x9:00000001
20773263ns          346763 1c00b378 fff537e3 p.bneimm         x10, -18            x10:00000000
20773701ns          346785 1c00b366 012d8733 add              x14, x27, x18       x14=0000000a x27:efffeaad x18:1000155d
20773721ns          346786 1c00b36a 5a048b63 beq              x9, x0, 1462         x9:00000000
20774218ns          346811 1c00b920 00e00db3 add              x27, x0, x14        x27=0000000a x14:0000000a
20774258ns          346813 1c00b922 f3cff06f jal              x0, -2244          
20774417ns          346821 1c00b05e 00044503 lbu              x10, 0(x8)          x10=00000020  x8:1c00003f  PA:1c00003f
20774715ns          346836 1c00b062 00140413 addi             x8, x8, 1            x8=1c000040  x8:1c00003f
20774735ns          346837 1c00b064 00050e63 beq              x10, x0, 28         x10:00000020
20774755ns          346838 1c00b066 02500793 addi             x15, x0, 37         x15=00000025
20774775ns          346839 1c00b06a 04f50863 beq              x10, x15, 80        x10:00000020 x15:00000025
20774795ns          346840 1c00b06e 01a005b3 add              x11, x0, x26        x11=00000002 x26:00000002
20774815ns          346841 1c00b070 000b00e7 jalr             x1, x22, 0           x1=1c00b072 x22:1c00afa4
20774894ns          346845 1c00afa4 000026b7 lui              x13, 0x2000         x13=00002000
20774934ns          346847 1c00afa6 f14027f3 csrrs            x15, x0, 0xf14      x15=00000002
20774954ns          346848 1c00afaa f8068693 addi             x13, x13, -128      x13=00001f80 x13:00002000
20774974ns          346849 1c00afae 00379713 slli             x14, x15, 0x3       x14=00000010 x15:00000002
20774994ns          346850 1c00afb2 00279793 slli             x15, x15, 0x2       x15=00000008 x15:00000002
20775014ns          346851 1c00afb4 00d7f7b3 and              x15, x15, x13       x15=00000000 x15:00000008 x13:00001f80
20775034ns          346852 1c00afb6 ee873733 p.bclr           x14, x14, 23, 8     x14=00000010 x14:00000010
20775053ns          346853 1c00afba 1a10f6b7 lui              x13, 0x1a10f000     x13=1a10f000
20775073ns          346854 1c00afbe 0ff57513 andi             x10, x10, 255       x10=00000020 x10:00000020
20775093ns          346855 1c00afc2 00d70733 add              x14, x14, x13       x14=1a10f010 x14:00000010 x13:1a10f000
20775113ns          346856 1c00afc4 00a7e723 p.sw             x10, x0(x15)        x10:00000020 x15:00000000  PA:1a10f010
20775531ns          346877 1c00afc8 00000513 addi             x10, x0, 0          x10=00000000
20775551ns          346878 1c00afca 00008067 jalr             x0, x1, 0            x1:1c00b072
20775610ns          346881 1c00b072 31f52563 p.beqimm         x10, 778            x10:00000000
20775630ns          346882 1c00b076 001d8d93 addi             x27, x27, 1         x27=0000000b x27:0000000a
20775650ns          346883 1c00b078 00044503 lbu              x10, 0(x8)          x10=0000006b  x8:1c000040  PA:1c000040
20775949ns          346898 1c00b07c 00140413 addi             x8, x8, 1            x8=1c000041  x8:1c000040
20775968ns          346899 1c00b07e fe0514e3 bne              x10, x0, -24        x10:0000006b
20776048ns          346903 1c00b066 02500793 addi             x15, x0, 37         x15=00000025
20776068ns          346904 1c00b06a 04f50863 beq              x10, x15, 80        x10:0000006b x15:00000025
20776088ns          346905 1c00b06e 01a005b3 add              x11, x0, x26        x11=00000002 x26:00000002
20776108ns          346906 1c00b070 000b00e7 jalr             x1, x22, 0           x1=1c00b072 x22:1c00afa4
20776147ns          346908 1c00afa4 000026b7 lui              x13, 0x2000         x13=00002000
20776167ns          346909 1c00afa6 f14027f3 csrrs            x15, x0, 0xf14      x15=00000002
20776187ns          346910 1c00afaa f8068693 addi             x13, x13, -128      x13=00001f80 x13:00002000
20776207ns          346911 1c00afae 00379713 slli             x14, x15, 0x3       x14=00000010 x15:00000002
20776227ns          346912 1c00afb2 00279793 slli             x15, x15, 0x2       x15=00000008 x15:00000002
20776247ns          346913 1c00afb4 00d7f7b3 and              x15, x15, x13       x15=00000000 x15:00000008 x13:00001f80
20776267ns          346914 1c00afb6 ee873733 p.bclr           x14, x14, 23, 8     x14=00000010 x14:00000010
20776287ns          346915 1c00afba 1a10f6b7 lui              x13, 0x1a10f000     x13=1a10f000
20776307ns          346916 1c00afbe 0ff57513 andi             x10, x10, 255       x10=0000006b x10:0000006b
20776327ns          346917 1c00afc2 00d70733 add              x14, x14, x13       x14=1a10f010 x14:00000010 x13:1a10f000
20776346ns          346918 1c00afc4 00a7e723 p.sw             x10, x0(x15)        x10:0000006b x15:00000000  PA:1a10f010
20776665ns          346934 1c00afc8 00000513 addi             x10, x0, 0          x10=00000000
20776685ns          346935 1c00afca 00008067 jalr             x0, x1, 0            x1:1c00b072
20776744ns          346938 1c00b072 31f52563 p.beqimm         x10, 778            x10:00000000
20776764ns          346939 1c00b076 001d8d93 addi             x27, x27, 1         x27=0000000c x27:0000000b
20776784ns          346940 1c00b078 00044503 lbu              x10, 0(x8)          x10=00000065  x8:1c000041  PA:1c000041
20777082ns          346955 1c00b07c 00140413 addi             x8, x8, 1            x8=1c000042  x8:1c000041
20777102ns          346956 1c00b07e fe0514e3 bne              x10, x0, -24        x10:00000065
20777182ns          346960 1c00b066 02500793 addi             x15, x0, 37         x15=00000025
20777202ns          346961 1c00b06a 04f50863 beq              x10, x15, 80        x10:00000065 x15:00000025
20777222ns          346962 1c00b06e 01a005b3 add              x11, x0, x26        x11=00000002 x26:00000002
20777241ns          346963 1c00b070 000b00e7 jalr             x1, x22, 0           x1=1c00b072 x22:1c00afa4
20777281ns          346965 1c00afa4 000026b7 lui              x13, 0x2000         x13=00002000
20777301ns          346966 1c00afa6 f14027f3 csrrs            x15, x0, 0xf14      x15=00000002
20777321ns          346967 1c00afaa f8068693 addi             x13, x13, -128      x13=00001f80 x13:00002000
20777341ns          346968 1c00afae 00379713 slli             x14, x15, 0x3       x14=00000010 x15:00000002
20777361ns          346969 1c00afb2 00279793 slli             x15, x15, 0x2       x15=00000008 x15:00000002
20777381ns          346970 1c00afb4 00d7f7b3 and              x15, x15, x13       x15=00000000 x15:00000008 x13:00001f80
20777401ns          346971 1c00afb6 ee873733 p.bclr           x14, x14, 23, 8     x14=00000010 x14:00000010
20777420ns          346972 1c00afba 1a10f6b7 lui              x13, 0x1a10f000     x13=1a10f000
20777440ns          346973 1c00afbe 0ff57513 andi             x10, x10, 255       x10=00000065 x10:00000065
20777460ns          346974 1c00afc2 00d70733 add              x14, x14, x13       x14=1a10f010 x14:00000010 x13:1a10f000
20777480ns          346975 1c00afc4 00a7e723 p.sw             x10, x0(x15)        x10:00000065 x15:00000000  PA:1a10f010
20777818ns          346992 1c00afc8 00000513 addi             x10, x0, 0          x10=00000000
20777838ns          346993 1c00afca 00008067 jalr             x0, x1, 0            x1:1c00b072
20777898ns          346996 1c00b072 31f52563 p.beqimm         x10, 778            x10:00000000
20777918ns          346997 1c00b076 001d8d93 addi             x27, x27, 1         x27=0000000d x27:0000000c
20777938ns          346998 1c00b078 00044503 lbu              x10, 0(x8)          x10=00000072  x8:1c000042  PA:1c000042
20778236ns          347013 1c00b07c 00140413 addi             x8, x8, 1            x8=1c000043  x8:1c000042
20778256ns          347014 1c00b07e fe0514e3 bne              x10, x0, -24        x10:00000072
20778335ns          347018 1c00b066 02500793 addi             x15, x0, 37         x15=00000025
20778355ns          347019 1c00b06a 04f50863 beq              x10, x15, 80        x10:00000072 x15:00000025
20778375ns          347020 1c00b06e 01a005b3 add              x11, x0, x26        x11=00000002 x26:00000002
20778395ns          347021 1c00b070 000b00e7 jalr             x1, x22, 0           x1=1c00b072 x22:1c00afa4
20778435ns          347023 1c00afa4 000026b7 lui              x13, 0x2000         x13=00002000
20778455ns          347024 1c00afa6 f14027f3 csrrs            x15, x0, 0xf14      x15=00000002
20778475ns          347025 1c00afaa f8068693 addi             x13, x13, -128      x13=00001f80 x13:00002000
20778495ns          347026 1c00afae 00379713 slli             x14, x15, 0x3       x14=00000010 x15:00000002
20778514ns          347027 1c00afb2 00279793 slli             x15, x15, 0x2       x15=00000008 x15:00000002
20778534ns          347028 1c00afb4 00d7f7b3 and              x15, x15, x13       x15=00000000 x15:00000008 x13:00001f80
20778554ns          347029 1c00afb6 ee873733 p.bclr           x14, x14, 23, 8     x14=00000010 x14:00000010
20778574ns          347030 1c00afba 1a10f6b7 lui              x13, 0x1a10f000     x13=1a10f000
20778594ns          347031 1c00afbe 0ff57513 andi             x10, x10, 255       x10=00000072 x10:00000072
20778614ns          347032 1c00afc2 00d70733 add              x14, x14, x13       x14=1a10f010 x14:00000010 x13:1a10f000
20778634ns          347033 1c00afc4 00a7e723 p.sw             x10, x0(x15)        x10:00000072 x15:00000000  PA:1a10f010
20778972ns          347050 1c00afc8 00000513 addi             x10, x0, 0          x10=00000000
20778992ns          347051 1c00afca 00008067 jalr             x0, x1, 0            x1:1c00b072
20779052ns          347054 1c00b072 31f52563 p.beqimm         x10, 778            x10:00000000
20779071ns          347055 1c00b076 001d8d93 addi             x27, x27, 1         x27=0000000e x27:0000000d
20779091ns          347056 1c00b078 00044503 lbu              x10, 0(x8)          x10=0000006e  x8:1c000043  PA:1c000043
20779410ns          347072 1c00b07c 00140413 addi             x8, x8, 1            x8=1c000044  x8:1c000043
20779429ns          347073 1c00b07e fe0514e3 bne              x10, x0, -24        x10:0000006e
20779509ns          347077 1c00b066 02500793 addi             x15, x0, 37         x15=00000025
20779529ns          347078 1c00b06a 04f50863 beq              x10, x15, 80        x10:0000006e x15:00000025
20779549ns          347079 1c00b06e 01a005b3 add              x11, x0, x26        x11=00000002 x26:00000002
20779569ns          347080 1c00b070 000b00e7 jalr             x1, x22, 0           x1=1c00b072 x22:1c00afa4
20779608ns          347082 1c00afa4 000026b7 lui              x13, 0x2000         x13=00002000
20779628ns          347083 1c00afa6 f14027f3 csrrs            x15, x0, 0xf14      x15=00000002
20779648ns          347084 1c00afaa f8068693 addi             x13, x13, -128      x13=00001f80 x13:00002000
20779668ns          347085 1c00afae 00379713 slli             x14, x15, 0x3       x14=00000010 x15:00000002
20779688ns          347086 1c00afb2 00279793 slli             x15, x15, 0x2       x15=00000008 x15:00000002
20779708ns          347087 1c00afb4 00d7f7b3 and              x15, x15, x13       x15=00000000 x15:00000008 x13:00001f80
20779728ns          347088 1c00afb6 ee873733 p.bclr           x14, x14, 23, 8     x14=00000010 x14:00000010
20779748ns          347089 1c00afba 1a10f6b7 lui              x13, 0x1a10f000     x13=1a10f000
20779768ns          347090 1c00afbe 0ff57513 andi             x10, x10, 255       x10=0000006e x10:0000006e
20779787ns          347091 1c00afc2 00d70733 add              x14, x14, x13       x14=1a10f010 x14:00000010 x13:1a10f000
20779807ns          347092 1c00afc4 00a7e723 p.sw             x10, x0(x15)        x10:0000006e x15:00000000  PA:1a10f010
20780126ns          347108 1c00afc8 00000513 addi             x10, x0, 0          x10=00000000
20780146ns          347109 1c00afca 00008067 jalr             x0, x1, 0            x1:1c00b072
20780205ns          347112 1c00b072 31f52563 p.beqimm         x10, 778            x10:00000000
20780225ns          347113 1c00b076 001d8d93 addi             x27, x27, 1         x27=0000000f x27:0000000e
20780245ns          347114 1c00b078 00044503 lbu              x10, 0(x8)          x10=00000065  x8:1c000044  PA:1c000044
20780543ns          347129 1c00b07c 00140413 addi             x8, x8, 1            x8=1c000045  x8:1c000044
20780563ns          347130 1c00b07e fe0514e3 bne              x10, x0, -24        x10:00000065
20780643ns          347134 1c00b066 02500793 addi             x15, x0, 37         x15=00000025
20780663ns          347135 1c00b06a 04f50863 beq              x10, x15, 80        x10:00000065 x15:00000025
20780683ns          347136 1c00b06e 01a005b3 add              x11, x0, x26        x11=00000002 x26:00000002
20780702ns          347137 1c00b070 000b00e7 jalr             x1, x22, 0           x1=1c00b072 x22:1c00afa4
20780742ns          347139 1c00afa4 000026b7 lui              x13, 0x2000         x13=00002000
20780762ns          347140 1c00afa6 f14027f3 csrrs            x15, x0, 0xf14      x15=00000002
20780782ns          347141 1c00afaa f8068693 addi             x13, x13, -128      x13=00001f80 x13:00002000
20780802ns          347142 1c00afae 00379713 slli             x14, x15, 0x3       x14=00000010 x15:00000002
20780822ns          347143 1c00afb2 00279793 slli             x15, x15, 0x2       x15=00000008 x15:00000002
20780842ns          347144 1c00afb4 00d7f7b3 and              x15, x15, x13       x15=00000000 x15:00000008 x13:00001f80
20780862ns          347145 1c00afb6 ee873733 p.bclr           x14, x14, 23, 8     x14=00000010 x14:00000010
20780881ns          347146 1c00afba 1a10f6b7 lui              x13, 0x1a10f000     x13=1a10f000
20780901ns          347147 1c00afbe 0ff57513 andi             x10, x10, 255       x10=00000065 x10:00000065
20780921ns          347148 1c00afc2 00d70733 add              x14, x14, x13       x14=1a10f010 x14:00000010 x13:1a10f000
20780941ns          347149 1c00afc4 00a7e723 p.sw             x10, x0(x15)        x10:00000065 x15:00000000  PA:1a10f010
20781259ns          347165 1c00afc8 00000513 addi             x10, x0, 0          x10=00000000
20781279ns          347166 1c00afca 00008067 jalr             x0, x1, 0            x1:1c00b072
20781339ns          347169 1c00b072 31f52563 p.beqimm         x10, 778            x10:00000000
20781359ns          347170 1c00b076 001d8d93 addi             x27, x27, 1         x27=00000010 x27:0000000f
20781379ns          347171 1c00b078 00044503 lbu              x10, 0(x8)          x10=0000006c  x8:1c000045  PA:1c000045
20781677ns          347186 1c00b07c 00140413 addi             x8, x8, 1            x8=1c000046  x8:1c000045
20781697ns          347187 1c00b07e fe0514e3 bne              x10, x0, -24        x10:0000006c
20781777ns          347191 1c00b066 02500793 addi             x15, x0, 37         x15=00000025
20781796ns          347192 1c00b06a 04f50863 beq              x10, x15, 80        x10:0000006c x15:00000025
20781816ns          347193 1c00b06e 01a005b3 add              x11, x0, x26        x11=00000002 x26:00000002
20781836ns          347194 1c00b070 000b00e7 jalr             x1, x22, 0           x1=1c00b072 x22:1c00afa4
20781876ns          347196 1c00afa4 000026b7 lui              x13, 0x2000         x13=00002000
20781896ns          347197 1c00afa6 f14027f3 csrrs            x15, x0, 0xf14      x15=00000002
20781916ns          347198 1c00afaa f8068693 addi             x13, x13, -128      x13=00001f80 x13:00002000
20781936ns          347199 1c00afae 00379713 slli             x14, x15, 0x3       x14=00000010 x15:00000002
20781956ns          347200 1c00afb2 00279793 slli             x15, x15, 0x2       x15=00000008 x15:00000002
20781975ns          347201 1c00afb4 00d7f7b3 and              x15, x15, x13       x15=00000000 x15:00000008 x13:00001f80
20781995ns          347202 1c00afb6 ee873733 p.bclr           x14, x14, 23, 8     x14=00000010 x14:00000010
20782015ns          347203 1c00afba 1a10f6b7 lui              x13, 0x1a10f000     x13=1a10f000
20782035ns          347204 1c00afbe 0ff57513 andi             x10, x10, 255       x10=0000006c x10:0000006c
20782055ns          347205 1c00afc2 00d70733 add              x14, x14, x13       x14=1a10f010 x14:00000010 x13:1a10f000
20782075ns          347206 1c00afc4 00a7e723 p.sw             x10, x0(x15)        x10:0000006c x15:00000000  PA:1a10f010
20782393ns          347222 1c00afc8 00000513 addi             x10, x0, 0          x10=00000000
20782413ns          347223 1c00afca 00008067 jalr             x0, x1, 0            x1:1c00b072
20782473ns          347226 1c00b072 31f52563 p.beqimm         x10, 778            x10:00000000
20782493ns          347227 1c00b076 001d8d93 addi             x27, x27, 1         x27=00000011 x27:00000010
20782513ns          347228 1c00b078 00044503 lbu              x10, 0(x8)          x10=00000020  x8:1c000046  PA:1c000046
20782811ns          347243 1c00b07c 00140413 addi             x8, x8, 1            x8=1c000047  x8:1c000046
20782831ns          347244 1c00b07e fe0514e3 bne              x10, x0, -24        x10:00000020
20782910ns          347248 1c00b066 02500793 addi             x15, x0, 37         x15=00000025
20782930ns          347249 1c00b06a 04f50863 beq              x10, x15, 80        x10:00000020 x15:00000025
20782950ns          347250 1c00b06e 01a005b3 add              x11, x0, x26        x11=00000002 x26:00000002
20782970ns          347251 1c00b070 000b00e7 jalr             x1, x22, 0           x1=1c00b072 x22:1c00afa4
20783010ns          347253 1c00afa4 000026b7 lui              x13, 0x2000         x13=00002000
20783030ns          347254 1c00afa6 f14027f3 csrrs            x15, x0, 0xf14      x15=00000002
20783050ns          347255 1c00afaa f8068693 addi             x13, x13, -128      x13=00001f80 x13:00002000
20783069ns          347256 1c00afae 00379713 slli             x14, x15, 0x3       x14=00000010 x15:00000002
20783089ns          347257 1c00afb2 00279793 slli             x15, x15, 0x2       x15=00000008 x15:00000002
20783109ns          347258 1c00afb4 00d7f7b3 and              x15, x15, x13       x15=00000000 x15:00000008 x13:00001f80
20783129ns          347259 1c00afb6 ee873733 p.bclr           x14, x14, 23, 8     x14=00000010 x14:00000010
20783149ns          347260 1c00afba 1a10f6b7 lui              x13, 0x1a10f000     x13=1a10f000
20783169ns          347261 1c00afbe 0ff57513 andi             x10, x10, 255       x10=00000020 x10:00000020
20783189ns          347262 1c00afc2 00d70733 add              x14, x14, x13       x14=1a10f010 x14:00000010 x13:1a10f000
20783209ns          347263 1c00afc4 00a7e723 p.sw             x10, x0(x15)        x10:00000020 x15:00000000  PA:1a10f010
20783547ns          347280 1c00afc8 00000513 addi             x10, x0, 0          x10=00000000
20783567ns          347281 1c00afca 00008067 jalr             x0, x1, 0            x1:1c00b072
20783626ns          347284 1c00b072 31f52563 p.beqimm         x10, 778            x10:00000000
20783646ns          347285 1c00b076 001d8d93 addi             x27, x27, 1         x27=00000012 x27:00000011
20783666ns          347286 1c00b078 00044503 lbu              x10, 0(x8)          x10=00000069  x8:1c000047  PA:1c000047
20783965ns          347301 1c00b07c 00140413 addi             x8, x8, 1            x8=1c000048  x8:1c000047
20783984ns          347302 1c00b07e fe0514e3 bne              x10, x0, -24        x10:00000069
20784064ns          347306 1c00b066 02500793 addi             x15, x0, 37         x15=00000025
20784084ns          347307 1c00b06a 04f50863 beq              x10, x15, 80        x10:00000069 x15:00000025
20784104ns          347308 1c00b06e 01a005b3 add              x11, x0, x26        x11=00000002 x26:00000002
20784124ns          347309 1c00b070 000b00e7 jalr             x1, x22, 0           x1=1c00b072 x22:1c00afa4
20784163ns          347311 1c00afa4 000026b7 lui              x13, 0x2000         x13=00002000
20784183ns          347312 1c00afa6 f14027f3 csrrs            x15, x0, 0xf14      x15=00000002
20784203ns          347313 1c00afaa f8068693 addi             x13, x13, -128      x13=00001f80 x13:00002000
20784223ns          347314 1c00afae 00379713 slli             x14, x15, 0x3       x14=00000010 x15:00000002
20784243ns          347315 1c00afb2 00279793 slli             x15, x15, 0x2       x15=00000008 x15:00000002
20784263ns          347316 1c00afb4 00d7f7b3 and              x15, x15, x13       x15=00000000 x15:00000008 x13:00001f80
20784283ns          347317 1c00afb6 ee873733 p.bclr           x14, x14, 23, 8     x14=00000010 x14:00000010
20784303ns          347318 1c00afba 1a10f6b7 lui              x13, 0x1a10f000     x13=1a10f000
20784323ns          347319 1c00afbe 0ff57513 andi             x10, x10, 255       x10=00000069 x10:00000069
20784342ns          347320 1c00afc2 00d70733 add              x14, x14, x13       x14=1a10f010 x14:00000010 x13:1a10f000
20784362ns          347321 1c00afc4 00a7e723 p.sw             x10, x0(x15)        x10:00000069 x15:00000000  PA:1a10f010
20784701ns          347338 1c00afc8 00000513 addi             x10, x0, 0          x10=00000000
20784720ns          347339 1c00afca 00008067 jalr             x0, x1, 0            x1:1c00b072
20784780ns          347342 1c00b072 31f52563 p.beqimm         x10, 778            x10:00000000
20784800ns          347343 1c00b076 001d8d93 addi             x27, x27, 1         x27=00000013 x27:00000012
20784820ns          347344 1c00b078 00044503 lbu              x10, 0(x8)          x10=00000074  x8:1c000048  PA:1c000048
20785118ns          347359 1c00b07c 00140413 addi             x8, x8, 1            x8=1c000049  x8:1c000048
20785138ns          347360 1c00b07e fe0514e3 bne              x10, x0, -24        x10:00000074
20785218ns          347364 1c00b066 02500793 addi             x15, x0, 37         x15=00000025
20785238ns          347365 1c00b06a 04f50863 beq              x10, x15, 80        x10:00000074 x15:00000025
20785257ns          347366 1c00b06e 01a005b3 add              x11, x0, x26        x11=00000002 x26:00000002
20785277ns          347367 1c00b070 000b00e7 jalr             x1, x22, 0           x1=1c00b072 x22:1c00afa4
20785317ns          347369 1c00afa4 000026b7 lui              x13, 0x2000         x13=00002000
20785337ns          347370 1c00afa6 f14027f3 csrrs            x15, x0, 0xf14      x15=00000002
20785357ns          347371 1c00afaa f8068693 addi             x13, x13, -128      x13=00001f80 x13:00002000
20785377ns          347372 1c00afae 00379713 slli             x14, x15, 0x3       x14=00000010 x15:00000002
20785397ns          347373 1c00afb2 00279793 slli             x15, x15, 0x2       x15=00000008 x15:00000002
20785417ns          347374 1c00afb4 00d7f7b3 and              x15, x15, x13       x15=00000000 x15:00000008 x13:00001f80
20785436ns          347375 1c00afb6 ee873733 p.bclr           x14, x14, 23, 8     x14=00000010 x14:00000010
20785456ns          347376 1c00afba 1a10f6b7 lui              x13, 0x1a10f000     x13=1a10f000
20785476ns          347377 1c00afbe 0ff57513 andi             x10, x10, 255       x10=00000074 x10:00000074
20785496ns          347378 1c00afc2 00d70733 add              x14, x14, x13       x14=1a10f010 x14:00000010 x13:1a10f000
20785516ns          347379 1c00afc4 00a7e723 p.sw             x10, x0(x15)        x10:00000074 x15:00000000  PA:1a10f010
20785834ns          347395 1c00afc8 00000513 addi             x10, x0, 0          x10=00000000
20785854ns          347396 1c00afca 00008067 jalr             x0, x1, 0            x1:1c00b072
20785914ns          347399 1c00b072 31f52563 p.beqimm         x10, 778            x10:00000000
20785934ns          347400 1c00b076 001d8d93 addi             x27, x27, 1         x27=00000014 x27:00000013
20785954ns          347401 1c00b078 00044503 lbu              x10, 0(x8)          x10=00000065  x8:1c000049  PA:1c000049
20786252ns          347416 1c00b07c 00140413 addi             x8, x8, 1            x8=1c00004a  x8:1c000049
20786272ns          347417 1c00b07e fe0514e3 bne              x10, x0, -24        x10:00000065
20786351ns          347421 1c00b066 02500793 addi             x15, x0, 37         x15=00000025
20786371ns          347422 1c00b06a 04f50863 beq              x10, x15, 80        x10:00000065 x15:00000025
20786391ns          347423 1c00b06e 01a005b3 add              x11, x0, x26        x11=00000002 x26:00000002
20786411ns          347424 1c00b070 000b00e7 jalr             x1, x22, 0           x1=1c00b072 x22:1c00afa4
20786451ns          347426 1c00afa4 000026b7 lui              x13, 0x2000         x13=00002000
20786471ns          347427 1c00afa6 f14027f3 csrrs            x15, x0, 0xf14      x15=00000002
20786491ns          347428 1c00afaa f8068693 addi             x13, x13, -128      x13=00001f80 x13:00002000
20786511ns          347429 1c00afae 00379713 slli             x14, x15, 0x3       x14=00000010 x15:00000002
20786530ns          347430 1c00afb2 00279793 slli             x15, x15, 0x2       x15=00000008 x15:00000002
20786550ns          347431 1c00afb4 00d7f7b3 and              x15, x15, x13       x15=00000000 x15:00000008 x13:00001f80
20786570ns          347432 1c00afb6 ee873733 p.bclr           x14, x14, 23, 8     x14=00000010 x14:00000010
20786590ns          347433 1c00afba 1a10f6b7 lui              x13, 0x1a10f000     x13=1a10f000
20786610ns          347434 1c00afbe 0ff57513 andi             x10, x10, 255       x10=00000065 x10:00000065
20786630ns          347435 1c00afc2 00d70733 add              x14, x14, x13       x14=1a10f010 x14:00000010 x13:1a10f000
20786650ns          347436 1c00afc4 00a7e723 p.sw             x10, x0(x15)        x10:00000065 x15:00000000  PA:1a10f010
20786988ns          347453 1c00afc8 00000513 addi             x10, x0, 0          x10=00000000
20787008ns          347454 1c00afca 00008067 jalr             x0, x1, 0            x1:1c00b072
20787068ns          347457 1c00b072 31f52563 p.beqimm         x10, 778            x10:00000000
20787087ns          347458 1c00b076 001d8d93 addi             x27, x27, 1         x27=00000015 x27:00000014
20787107ns          347459 1c00b078 00044503 lbu              x10, 0(x8)          x10=00000072  x8:1c00004a  PA:1c00004a
20787426ns          347475 1c00b07c 00140413 addi             x8, x8, 1            x8=1c00004b  x8:1c00004a
20787445ns          347476 1c00b07e fe0514e3 bne              x10, x0, -24        x10:00000072
20787525ns          347480 1c00b066 02500793 addi             x15, x0, 37         x15=00000025
20787545ns          347481 1c00b06a 04f50863 beq              x10, x15, 80        x10:00000072 x15:00000025
20787565ns          347482 1c00b06e 01a005b3 add              x11, x0, x26        x11=00000002 x26:00000002
20787585ns          347483 1c00b070 000b00e7 jalr             x1, x22, 0           x1=1c00b072 x22:1c00afa4
20787624ns          347485 1c00afa4 000026b7 lui              x13, 0x2000         x13=00002000
20787644ns          347486 1c00afa6 f14027f3 csrrs            x15, x0, 0xf14      x15=00000002
20787664ns          347487 1c00afaa f8068693 addi             x13, x13, -128      x13=00001f80 x13:00002000
20787684ns          347488 1c00afae 00379713 slli             x14, x15, 0x3       x14=00000010 x15:00000002
20787704ns          347489 1c00afb2 00279793 slli             x15, x15, 0x2       x15=00000008 x15:00000002
20787724ns          347490 1c00afb4 00d7f7b3 and              x15, x15, x13       x15=00000000 x15:00000008 x13:00001f80
20787744ns          347491 1c00afb6 ee873733 p.bclr           x14, x14, 23, 8     x14=00000010 x14:00000010
20787764ns          347492 1c00afba 1a10f6b7 lui              x13, 0x1a10f000     x13=1a10f000
20787784ns          347493 1c00afbe 0ff57513 andi             x10, x10, 255       x10=00000072 x10:00000072
20787803ns          347494 1c00afc2 00d70733 add              x14, x14, x13       x14=1a10f010 x14:00000010 x13:1a10f000
20787823ns          347495 1c00afc4 00a7e723 p.sw             x10, x0(x15)        x10:00000072 x15:00000000  PA:1a10f010
20788142ns          347511 1c00afc8 00000513 addi             x10, x0, 0          x10=00000000
20788162ns          347512 1c00afca 00008067 jalr             x0, x1, 0            x1:1c00b072
20788221ns          347515 1c00b072 31f52563 p.beqimm         x10, 778            x10:00000000
20788241ns          347516 1c00b076 001d8d93 addi             x27, x27, 1         x27=00000016 x27:00000015
20788261ns          347517 1c00b078 00044503 lbu              x10, 0(x8)          x10=00000061  x8:1c00004b  PA:1c00004b
20788559ns          347532 1c00b07c 00140413 addi             x8, x8, 1            x8=1c00004c  x8:1c00004b
20788579ns          347533 1c00b07e fe0514e3 bne              x10, x0, -24        x10:00000061
20788659ns          347537 1c00b066 02500793 addi             x15, x0, 37         x15=00000025
20788679ns          347538 1c00b06a 04f50863 beq              x10, x15, 80        x10:00000061 x15:00000025
20788699ns          347539 1c00b06e 01a005b3 add              x11, x0, x26        x11=00000002 x26:00000002
20788718ns          347540 1c00b070 000b00e7 jalr             x1, x22, 0           x1=1c00b072 x22:1c00afa4
20788758ns          347542 1c00afa4 000026b7 lui              x13, 0x2000         x13=00002000
20788778ns          347543 1c00afa6 f14027f3 csrrs            x15, x0, 0xf14      x15=00000002
20788798ns          347544 1c00afaa f8068693 addi             x13, x13, -128      x13=00001f80 x13:00002000
20788818ns          347545 1c00afae 00379713 slli             x14, x15, 0x3       x14=00000010 x15:00000002
20788838ns          347546 1c00afb2 00279793 slli             x15, x15, 0x2       x15=00000008 x15:00000002
20788858ns          347547 1c00afb4 00d7f7b3 and              x15, x15, x13       x15=00000000 x15:00000008 x13:00001f80
20788878ns          347548 1c00afb6 ee873733 p.bclr           x14, x14, 23, 8     x14=00000010 x14:00000010
20788897ns          347549 1c00afba 1a10f6b7 lui              x13, 0x1a10f000     x13=1a10f000
20788917ns          347550 1c00afbe 0ff57513 andi             x10, x10, 255       x10=00000061 x10:00000061
20788937ns          347551 1c00afc2 00d70733 add              x14, x14, x13       x14=1a10f010 x14:00000010 x13:1a10f000
20788957ns          347552 1c00afc4 00a7e723 p.sw             x10, x0(x15)        x10:00000061 x15:00000000  PA:1a10f010
20789275ns          347568 1c00afc8 00000513 addi             x10, x0, 0          x10=00000000
20789295ns          347569 1c00afca 00008067 jalr             x0, x1, 0            x1:1c00b072
20789355ns          347572 1c00b072 31f52563 p.beqimm         x10, 778            x10:00000000
20789375ns          347573 1c00b076 001d8d93 addi             x27, x27, 1         x27=00000017 x27:00000016
20789395ns          347574 1c00b078 00044503 lbu              x10, 0(x8)          x10=00000074  x8:1c00004c  PA:1c00004c
20789693ns          347589 1c00b07c 00140413 addi             x8, x8, 1            x8=1c00004d  x8:1c00004c
20789713ns          347590 1c00b07e fe0514e3 bne              x10, x0, -24        x10:00000074
20789793ns          347594 1c00b066 02500793 addi             x15, x0, 37         x15=00000025
20789812ns          347595 1c00b06a 04f50863 beq              x10, x15, 80        x10:00000074 x15:00000025
20789832ns          347596 1c00b06e 01a005b3 add              x11, x0, x26        x11=00000002 x26:00000002
20789852ns          347597 1c00b070 000b00e7 jalr             x1, x22, 0           x1=1c00b072 x22:1c00afa4
20789892ns          347599 1c00afa4 000026b7 lui              x13, 0x2000         x13=00002000
20789912ns          347600 1c00afa6 f14027f3 csrrs            x15, x0, 0xf14      x15=00000002
20789932ns          347601 1c00afaa f8068693 addi             x13, x13, -128      x13=00001f80 x13:00002000
20789952ns          347602 1c00afae 00379713 slli             x14, x15, 0x3       x14=00000010 x15:00000002
20789972ns          347603 1c00afb2 00279793 slli             x15, x15, 0x2       x15=00000008 x15:00000002
20789991ns          347604 1c00afb4 00d7f7b3 and              x15, x15, x13       x15=00000000 x15:00000008 x13:00001f80
20790011ns          347605 1c00afb6 ee873733 p.bclr           x14, x14, 23, 8     x14=00000010 x14:00000010
20790031ns          347606 1c00afba 1a10f6b7 lui              x13, 0x1a10f000     x13=1a10f000
20790051ns          347607 1c00afbe 0ff57513 andi             x10, x10, 255       x10=00000074 x10:00000074
20790071ns          347608 1c00afc2 00d70733 add              x14, x14, x13       x14=1a10f010 x14:00000010 x13:1a10f000
20790091ns          347609 1c00afc4 00a7e723 p.sw             x10, x0(x15)        x10:00000074 x15:00000000  PA:1a10f010
20790409ns          347625 1c00afc8 00000513 addi             x10, x0, 0          x10=00000000
20790429ns          347626 1c00afca 00008067 jalr             x0, x1, 0            x1:1c00b072
20790489ns          347629 1c00b072 31f52563 p.beqimm         x10, 778            x10:00000000
20790509ns          347630 1c00b076 001d8d93 addi             x27, x27, 1         x27=00000018 x27:00000017
20790529ns          347631 1c00b078 00044503 lbu              x10, 0(x8)          x10=00000069  x8:1c00004d  PA:1c00004d
20790827ns          347646 1c00b07c 00140413 addi             x8, x8, 1            x8=1c00004e  x8:1c00004d
20790847ns          347647 1c00b07e fe0514e3 bne              x10, x0, -24        x10:00000069
20790926ns          347651 1c00b066 02500793 addi             x15, x0, 37         x15=00000025
20790946ns          347652 1c00b06a 04f50863 beq              x10, x15, 80        x10:00000069 x15:00000025
20790966ns          347653 1c00b06e 01a005b3 add              x11, x0, x26        x11=00000002 x26:00000002
20790986ns          347654 1c00b070 000b00e7 jalr             x1, x22, 0           x1=1c00b072 x22:1c00afa4
20791026ns          347656 1c00afa4 000026b7 lui              x13, 0x2000         x13=00002000
20791046ns          347657 1c00afa6 f14027f3 csrrs            x15, x0, 0xf14      x15=00000002
20791066ns          347658 1c00afaa f8068693 addi             x13, x13, -128      x13=00001f80 x13:00002000
20791085ns          347659 1c00afae 00379713 slli             x14, x15, 0x3       x14=00000010 x15:00000002
20791105ns          347660 1c00afb2 00279793 slli             x15, x15, 0x2       x15=00000008 x15:00000002
20791125ns          347661 1c00afb4 00d7f7b3 and              x15, x15, x13       x15=00000000 x15:00000008 x13:00001f80
20791145ns          347662 1c00afb6 ee873733 p.bclr           x14, x14, 23, 8     x14=00000010 x14:00000010
20791165ns          347663 1c00afba 1a10f6b7 lui              x13, 0x1a10f000     x13=1a10f000
20791185ns          347664 1c00afbe 0ff57513 andi             x10, x10, 255       x10=00000069 x10:00000069
20791205ns          347665 1c00afc2 00d70733 add              x14, x14, x13       x14=1a10f010 x14:00000010 x13:1a10f000
20791225ns          347666 1c00afc4 00a7e723 p.sw             x10, x0(x15)        x10:00000069 x15:00000000  PA:1a10f010
20791563ns          347683 1c00afc8 00000513 addi             x10, x0, 0          x10=00000000
20791583ns          347684 1c00afca 00008067 jalr             x0, x1, 0            x1:1c00b072
20791642ns          347687 1c00b072 31f52563 p.beqimm         x10, 778            x10:00000000
20791662ns          347688 1c00b076 001d8d93 addi             x27, x27, 1         x27=00000019 x27:00000018
20791682ns          347689 1c00b078 00044503 lbu              x10, 0(x8)          x10=0000006f  x8:1c00004e  PA:1c00004e
20791981ns          347704 1c00b07c 00140413 addi             x8, x8, 1            x8=1c00004f  x8:1c00004e
20792000ns          347705 1c00b07e fe0514e3 bne              x10, x0, -24        x10:0000006f
20792080ns          347709 1c00b066 02500793 addi             x15, x0, 37         x15=00000025
20792100ns          347710 1c00b06a 04f50863 beq              x10, x15, 80        x10:0000006f x15:00000025
20792120ns          347711 1c00b06e 01a005b3 add              x11, x0, x26        x11=00000002 x26:00000002
20792140ns          347712 1c00b070 000b00e7 jalr             x1, x22, 0           x1=1c00b072 x22:1c00afa4
20792179ns          347714 1c00afa4 000026b7 lui              x13, 0x2000         x13=00002000
20792199ns          347715 1c00afa6 f14027f3 csrrs            x15, x0, 0xf14      x15=00000002
20792219ns          347716 1c00afaa f8068693 addi             x13, x13, -128      x13=00001f80 x13:00002000
20792239ns          347717 1c00afae 00379713 slli             x14, x15, 0x3       x14=00000010 x15:00000002
20792259ns          347718 1c00afb2 00279793 slli             x15, x15, 0x2       x15=00000008 x15:00000002
20792279ns          347719 1c00afb4 00d7f7b3 and              x15, x15, x13       x15=00000000 x15:00000008 x13:00001f80
20792299ns          347720 1c00afb6 ee873733 p.bclr           x14, x14, 23, 8     x14=00000010 x14:00000010
20792319ns          347721 1c00afba 1a10f6b7 lui              x13, 0x1a10f000     x13=1a10f000
20792339ns          347722 1c00afbe 0ff57513 andi             x10, x10, 255       x10=0000006f x10:0000006f
20792358ns          347723 1c00afc2 00d70733 add              x14, x14, x13       x14=1a10f010 x14:00000010 x13:1a10f000
20792378ns          347724 1c00afc4 00a7e723 p.sw             x10, x0(x15)        x10:0000006f x15:00000000  PA:1a10f010
20792716ns          347741 1c00afc8 00000513 addi             x10, x0, 0          x10=00000000
20792736ns          347742 1c00afca 00008067 jalr             x0, x1, 0            x1:1c00b072
20792796ns          347745 1c00b072 31f52563 p.beqimm         x10, 778            x10:00000000
20792816ns          347746 1c00b076 001d8d93 addi             x27, x27, 1         x27=0000001a x27:00000019
20792836ns          347747 1c00b078 00044503 lbu              x10, 0(x8)          x10=0000006e  x8:1c00004f  PA:1c00004f
20793134ns          347762 1c00b07c 00140413 addi             x8, x8, 1            x8=1c000050  x8:1c00004f
20793154ns          347763 1c00b07e fe0514e3 bne              x10, x0, -24        x10:0000006e
20793234ns          347767 1c00b066 02500793 addi             x15, x0, 37         x15=00000025
20793254ns          347768 1c00b06a 04f50863 beq              x10, x15, 80        x10:0000006e x15:00000025
20793273ns          347769 1c00b06e 01a005b3 add              x11, x0, x26        x11=00000002 x26:00000002
20793293ns          347770 1c00b070 000b00e7 jalr             x1, x22, 0           x1=1c00b072 x22:1c00afa4
20793333ns          347772 1c00afa4 000026b7 lui              x13, 0x2000         x13=00002000
20793353ns          347773 1c00afa6 f14027f3 csrrs            x15, x0, 0xf14      x15=00000002
20793373ns          347774 1c00afaa f8068693 addi             x13, x13, -128      x13=00001f80 x13:00002000
20793393ns          347775 1c00afae 00379713 slli             x14, x15, 0x3       x14=00000010 x15:00000002
20793413ns          347776 1c00afb2 00279793 slli             x15, x15, 0x2       x15=00000008 x15:00000002
20793433ns          347777 1c00afb4 00d7f7b3 and              x15, x15, x13       x15=00000000 x15:00000008 x13:00001f80
20793452ns          347778 1c00afb6 ee873733 p.bclr           x14, x14, 23, 8     x14=00000010 x14:00000010
20793472ns          347779 1c00afba 1a10f6b7 lui              x13, 0x1a10f000     x13=1a10f000
20793492ns          347780 1c00afbe 0ff57513 andi             x10, x10, 255       x10=0000006e x10:0000006e
20793512ns          347781 1c00afc2 00d70733 add              x14, x14, x13       x14=1a10f010 x14:00000010 x13:1a10f000
20793532ns          347782 1c00afc4 00a7e723 p.sw             x10, x0(x15)        x10:0000006e x15:00000000  PA:1a10f010
20793850ns          347798 1c00afc8 00000513 addi             x10, x0, 0          x10=00000000
20793870ns          347799 1c00afca 00008067 jalr             x0, x1, 0            x1:1c00b072
20793930ns          347802 1c00b072 31f52563 p.beqimm         x10, 778            x10:00000000
20793950ns          347803 1c00b076 001d8d93 addi             x27, x27, 1         x27=0000001b x27:0000001a
20793970ns          347804 1c00b078 00044503 lbu              x10, 0(x8)          x10=00000073  x8:1c000050  PA:1c000050
20794268ns          347819 1c00b07c 00140413 addi             x8, x8, 1            x8=1c000051  x8:1c000050
20794288ns          347820 1c00b07e fe0514e3 bne              x10, x0, -24        x10:00000073
20794367ns          347824 1c00b066 02500793 addi             x15, x0, 37         x15=00000025
20794387ns          347825 1c00b06a 04f50863 beq              x10, x15, 80        x10:00000073 x15:00000025
20794407ns          347826 1c00b06e 01a005b3 add              x11, x0, x26        x11=00000002 x26:00000002
20794427ns          347827 1c00b070 000b00e7 jalr             x1, x22, 0           x1=1c00b072 x22:1c00afa4
20794467ns          347829 1c00afa4 000026b7 lui              x13, 0x2000         x13=00002000
20794487ns          347830 1c00afa6 f14027f3 csrrs            x15, x0, 0xf14      x15=00000002
20794507ns          347831 1c00afaa f8068693 addi             x13, x13, -128      x13=00001f80 x13:00002000
20794527ns          347832 1c00afae 00379713 slli             x14, x15, 0x3       x14=00000010 x15:00000002
20794546ns          347833 1c00afb2 00279793 slli             x15, x15, 0x2       x15=00000008 x15:00000002
20794566ns          347834 1c00afb4 00d7f7b3 and              x15, x15, x13       x15=00000000 x15:00000008 x13:00001f80
20794586ns          347835 1c00afb6 ee873733 p.bclr           x14, x14, 23, 8     x14=00000010 x14:00000010
20794606ns          347836 1c00afba 1a10f6b7 lui              x13, 0x1a10f000     x13=1a10f000
20794626ns          347837 1c00afbe 0ff57513 andi             x10, x10, 255       x10=00000073 x10:00000073
20794646ns          347838 1c00afc2 00d70733 add              x14, x14, x13       x14=1a10f010 x14:00000010 x13:1a10f000
20794666ns          347839 1c00afc4 00a7e723 p.sw             x10, x0(x15)        x10:00000073 x15:00000000  PA:1a10f010
20795004ns          347856 1c00afc8 00000513 addi             x10, x0, 0          x10=00000000
20795024ns          347857 1c00afca 00008067 jalr             x0, x1, 0            x1:1c00b072
20795083ns          347860 1c00b072 31f52563 p.beqimm         x10, 778            x10:00000000
20795103ns          347861 1c00b076 001d8d93 addi             x27, x27, 1         x27=0000001c x27:0000001b
20795123ns          347862 1c00b078 00044503 lbu              x10, 0(x8)          x10=0000002e  x8:1c000051  PA:1c000051
20795442ns          347878 1c00b07c 00140413 addi             x8, x8, 1            x8=1c000052  x8:1c000051
20795461ns          347879 1c00b07e fe0514e3 bne              x10, x0, -24        x10:0000002e
20795541ns          347883 1c00b066 02500793 addi             x15, x0, 37         x15=00000025
20795561ns          347884 1c00b06a 04f50863 beq              x10, x15, 80        x10:0000002e x15:00000025
20795581ns          347885 1c00b06e 01a005b3 add              x11, x0, x26        x11=00000002 x26:00000002
20795601ns          347886 1c00b070 000b00e7 jalr             x1, x22, 0           x1=1c00b072 x22:1c00afa4
20795640ns          347888 1c00afa4 000026b7 lui              x13, 0x2000         x13=00002000
20795660ns          347889 1c00afa6 f14027f3 csrrs            x15, x0, 0xf14      x15=00000002
20795680ns          347890 1c00afaa f8068693 addi             x13, x13, -128      x13=00001f80 x13:00002000
20795700ns          347891 1c00afae 00379713 slli             x14, x15, 0x3       x14=00000010 x15:00000002
20795720ns          347892 1c00afb2 00279793 slli             x15, x15, 0x2       x15=00000008 x15:00000002
20795740ns          347893 1c00afb4 00d7f7b3 and              x15, x15, x13       x15=00000000 x15:00000008 x13:00001f80
20795760ns          347894 1c00afb6 ee873733 p.bclr           x14, x14, 23, 8     x14=00000010 x14:00000010
20795780ns          347895 1c00afba 1a10f6b7 lui              x13, 0x1a10f000     x13=1a10f000
20795800ns          347896 1c00afbe 0ff57513 andi             x10, x10, 255       x10=0000002e x10:0000002e
20795819ns          347897 1c00afc2 00d70733 add              x14, x14, x13       x14=1a10f010 x14:00000010 x13:1a10f000
20795839ns          347898 1c00afc4 00a7e723 p.sw             x10, x0(x15)        x10:0000002e x15:00000000  PA:1a10f010
20796158ns          347914 1c00afc8 00000513 addi             x10, x0, 0          x10=00000000
20796177ns          347915 1c00afca 00008067 jalr             x0, x1, 0            x1:1c00b072
20796237ns          347918 1c00b072 31f52563 p.beqimm         x10, 778            x10:00000000
20796257ns          347919 1c00b076 001d8d93 addi             x27, x27, 1         x27=0000001d x27:0000001c
20796277ns          347920 1c00b078 00044503 lbu              x10, 0(x8)          x10=0000002e  x8:1c000052  PA:1c000052
20796575ns          347935 1c00b07c 00140413 addi             x8, x8, 1            x8=1c000053  x8:1c000052
20796595ns          347936 1c00b07e fe0514e3 bne              x10, x0, -24        x10:0000002e
20796675ns          347940 1c00b066 02500793 addi             x15, x0, 37         x15=00000025
20796695ns          347941 1c00b06a 04f50863 beq              x10, x15, 80        x10:0000002e x15:00000025
20796715ns          347942 1c00b06e 01a005b3 add              x11, x0, x26        x11=00000002 x26:00000002
20796734ns          347943 1c00b070 000b00e7 jalr             x1, x22, 0           x1=1c00b072 x22:1c00afa4
20796774ns          347945 1c00afa4 000026b7 lui              x13, 0x2000         x13=00002000
20796794ns          347946 1c00afa6 f14027f3 csrrs            x15, x0, 0xf14      x15=00000002
20796814ns          347947 1c00afaa f8068693 addi             x13, x13, -128      x13=00001f80 x13:00002000
20796834ns          347948 1c00afae 00379713 slli             x14, x15, 0x3       x14=00000010 x15:00000002
20796854ns          347949 1c00afb2 00279793 slli             x15, x15, 0x2       x15=00000008 x15:00000002
20796874ns          347950 1c00afb4 00d7f7b3 and              x15, x15, x13       x15=00000000 x15:00000008 x13:00001f80
20796894ns          347951 1c00afb6 ee873733 p.bclr           x14, x14, 23, 8     x14=00000010 x14:00000010
20796913ns          347952 1c00afba 1a10f6b7 lui              x13, 0x1a10f000     x13=1a10f000
20796933ns          347953 1c00afbe 0ff57513 andi             x10, x10, 255       x10=0000002e x10:0000002e
20796953ns          347954 1c00afc2 00d70733 add              x14, x14, x13       x14=1a10f010 x14:00000010 x13:1a10f000
20796973ns          347955 1c00afc4 00a7e723 p.sw             x10, x0(x15)        x10:0000002e x15:00000000  PA:1a10f010
20797291ns          347971 1c00afc8 00000513 addi             x10, x0, 0          x10=00000000
20797311ns          347972 1c00afca 00008067 jalr             x0, x1, 0            x1:1c00b072
20797371ns          347975 1c00b072 31f52563 p.beqimm         x10, 778            x10:00000000
20797391ns          347976 1c00b076 001d8d93 addi             x27, x27, 1         x27=0000001e x27:0000001d
20797411ns          347977 1c00b078 00044503 lbu              x10, 0(x8)          x10=0000002e  x8:1c000053  PA:1c000053
20797709ns          347992 1c00b07c 00140413 addi             x8, x8, 1            x8=1c000054  x8:1c000053
20797729ns          347993 1c00b07e fe0514e3 bne              x10, x0, -24        x10:0000002e
20797809ns          347997 1c00b066 02500793 addi             x15, x0, 37         x15=00000025
20797828ns          347998 1c00b06a 04f50863 beq              x10, x15, 80        x10:0000002e x15:00000025
20797848ns          347999 1c00b06e 01a005b3 add              x11, x0, x26        x11=00000002 x26:00000002
20797868ns          348000 1c00b070 000b00e7 jalr             x1, x22, 0           x1=1c00b072 x22:1c00afa4
20797908ns          348002 1c00afa4 000026b7 lui              x13, 0x2000         x13=00002000
20797928ns          348003 1c00afa6 f14027f3 csrrs            x15, x0, 0xf14      x15=00000002
20797948ns          348004 1c00afaa f8068693 addi             x13, x13, -128      x13=00001f80 x13:00002000
20797968ns          348005 1c00afae 00379713 slli             x14, x15, 0x3       x14=00000010 x15:00000002
20797988ns          348006 1c00afb2 00279793 slli             x15, x15, 0x2       x15=00000008 x15:00000002
20798007ns          348007 1c00afb4 00d7f7b3 and              x15, x15, x13       x15=00000000 x15:00000008 x13:00001f80
20798027ns          348008 1c00afb6 ee873733 p.bclr           x14, x14, 23, 8     x14=00000010 x14:00000010
20798047ns          348009 1c00afba 1a10f6b7 lui              x13, 0x1a10f000     x13=1a10f000
20798067ns          348010 1c00afbe 0ff57513 andi             x10, x10, 255       x10=0000002e x10:0000002e
20798087ns          348011 1c00afc2 00d70733 add              x14, x14, x13       x14=1a10f010 x14:00000010 x13:1a10f000
20798107ns          348012 1c00afc4 00a7e723 p.sw             x10, x0(x15)        x10:0000002e x15:00000000  PA:1a10f010
20798425ns          348028 1c00afc8 00000513 addi             x10, x0, 0          x10=00000000
20798445ns          348029 1c00afca 00008067 jalr             x0, x1, 0            x1:1c00b072
20798505ns          348032 1c00b072 31f52563 p.beqimm         x10, 778            x10:00000000
20798525ns          348033 1c00b076 001d8d93 addi             x27, x27, 1         x27=0000001f x27:0000001e
20798544ns          348034 1c00b078 00044503 lbu              x10, 0(x8)          x10=00000020  x8:1c000054  PA:1c000054
20798843ns          348049 1c00b07c 00140413 addi             x8, x8, 1            x8=1c000055  x8:1c000054
20798863ns          348050 1c00b07e fe0514e3 bne              x10, x0, -24        x10:00000020
20798942ns          348054 1c00b066 02500793 addi             x15, x0, 37         x15=00000025
20798962ns          348055 1c00b06a 04f50863 beq              x10, x15, 80        x10:00000020 x15:00000025
20798982ns          348056 1c00b06e 01a005b3 add              x11, x0, x26        x11=00000002 x26:00000002
20799002ns          348057 1c00b070 000b00e7 jalr             x1, x22, 0           x1=1c00b072 x22:1c00afa4
20799042ns          348059 1c00afa4 000026b7 lui              x13, 0x2000         x13=00002000
20799062ns          348060 1c00afa6 f14027f3 csrrs            x15, x0, 0xf14      x15=00000002
20799082ns          348061 1c00afaa f8068693 addi             x13, x13, -128      x13=00001f80 x13:00002000
20799101ns          348062 1c00afae 00379713 slli             x14, x15, 0x3       x14=00000010 x15:00000002
20799121ns          348063 1c00afb2 00279793 slli             x15, x15, 0x2       x15=00000008 x15:00000002
20799141ns          348064 1c00afb4 00d7f7b3 and              x15, x15, x13       x15=00000000 x15:00000008 x13:00001f80
20799161ns          348065 1c00afb6 ee873733 p.bclr           x14, x14, 23, 8     x14=00000010 x14:00000010
20799181ns          348066 1c00afba 1a10f6b7 lui              x13, 0x1a10f000     x13=1a10f000
20799201ns          348067 1c00afbe 0ff57513 andi             x10, x10, 255       x10=00000020 x10:00000020
20799221ns          348068 1c00afc2 00d70733 add              x14, x14, x13       x14=1a10f010 x14:00000010 x13:1a10f000
20799241ns          348069 1c00afc4 00a7e723 p.sw             x10, x0(x15)        x10:00000020 x15:00000000  PA:1a10f010
20799579ns          348086 1c00afc8 00000513 addi             x10, x0, 0          x10=00000000
20799599ns          348087 1c00afca 00008067 jalr             x0, x1, 0            x1:1c00b072
20799658ns          348090 1c00b072 31f52563 p.beqimm         x10, 778            x10:00000000
20799678ns          348091 1c00b076 001d8d93 addi             x27, x27, 1         x27=00000020 x27:0000001f
20799698ns          348092 1c00b078 00044503 lbu              x10, 0(x8)          x10=00000028  x8:1c000055  PA:1c000055
20799997ns          348107 1c00b07c 00140413 addi             x8, x8, 1            x8=1c000056  x8:1c000055
20800016ns          348108 1c00b07e fe0514e3 bne              x10, x0, -24        x10:00000028
20800096ns          348112 1c00b066 02500793 addi             x15, x0, 37         x15=00000025
20800116ns          348113 1c00b06a 04f50863 beq              x10, x15, 80        x10:00000028 x15:00000025
20800136ns          348114 1c00b06e 01a005b3 add              x11, x0, x26        x11=00000002 x26:00000002
20800156ns          348115 1c00b070 000b00e7 jalr             x1, x22, 0           x1=1c00b072 x22:1c00afa4
20800195ns          348117 1c00afa4 000026b7 lui              x13, 0x2000         x13=00002000
20800215ns          348118 1c00afa6 f14027f3 csrrs            x15, x0, 0xf14      x15=00000002
20800235ns          348119 1c00afaa f8068693 addi             x13, x13, -128      x13=00001f80 x13:00002000
20800255ns          348120 1c00afae 00379713 slli             x14, x15, 0x3       x14=00000010 x15:00000002
20800275ns          348121 1c00afb2 00279793 slli             x15, x15, 0x2       x15=00000008 x15:00000002
20800295ns          348122 1c00afb4 00d7f7b3 and              x15, x15, x13       x15=00000000 x15:00000008 x13:00001f80
20800315ns          348123 1c00afb6 ee873733 p.bclr           x14, x14, 23, 8     x14=00000010 x14:00000010
20800335ns          348124 1c00afba 1a10f6b7 lui              x13, 0x1a10f000     x13=1a10f000
20800355ns          348125 1c00afbe 0ff57513 andi             x10, x10, 255       x10=00000028 x10:00000028
20800374ns          348126 1c00afc2 00d70733 add              x14, x14, x13       x14=1a10f010 x14:00000010 x13:1a10f000
20800394ns          348127 1c00afc4 00a7e723 p.sw             x10, x0(x15)        x10:00000028 x15:00000000  PA:1a10f010
20800732ns          348144 1c00afc8 00000513 addi             x10, x0, 0          x10=00000000
20800752ns          348145 1c00afca 00008067 jalr             x0, x1, 0            x1:1c00b072
20800812ns          348148 1c00b072 31f52563 p.beqimm         x10, 778            x10:00000000
20800832ns          348149 1c00b076 001d8d93 addi             x27, x27, 1         x27=00000021 x27:00000020
20800852ns          348150 1c00b078 00044503 lbu              x10, 0(x8)          x10=00000063  x8:1c000056  PA:1c000056
20801150ns          348165 1c00b07c 00140413 addi             x8, x8, 1            x8=1c000057  x8:1c000056
20801170ns          348166 1c00b07e fe0514e3 bne              x10, x0, -24        x10:00000063
20801250ns          348170 1c00b066 02500793 addi             x15, x0, 37         x15=00000025
20801270ns          348171 1c00b06a 04f50863 beq              x10, x15, 80        x10:00000063 x15:00000025
20801289ns          348172 1c00b06e 01a005b3 add              x11, x0, x26        x11=00000002 x26:00000002
20801309ns          348173 1c00b070 000b00e7 jalr             x1, x22, 0           x1=1c00b072 x22:1c00afa4
20801349ns          348175 1c00afa4 000026b7 lui              x13, 0x2000         x13=00002000
20801369ns          348176 1c00afa6 f14027f3 csrrs            x15, x0, 0xf14      x15=00000002
20801389ns          348177 1c00afaa f8068693 addi             x13, x13, -128      x13=00001f80 x13:00002000
20801409ns          348178 1c00afae 00379713 slli             x14, x15, 0x3       x14=00000010 x15:00000002
20801429ns          348179 1c00afb2 00279793 slli             x15, x15, 0x2       x15=00000008 x15:00000002
20801449ns          348180 1c00afb4 00d7f7b3 and              x15, x15, x13       x15=00000000 x15:00000008 x13:00001f80
20801468ns          348181 1c00afb6 ee873733 p.bclr           x14, x14, 23, 8     x14=00000010 x14:00000010
20801488ns          348182 1c00afba 1a10f6b7 lui              x13, 0x1a10f000     x13=1a10f000
20801508ns          348183 1c00afbe 0ff57513 andi             x10, x10, 255       x10=00000063 x10:00000063
20801528ns          348184 1c00afc2 00d70733 add              x14, x14, x13       x14=1a10f010 x14:00000010 x13:1a10f000
20801548ns          348185 1c00afc4 00a7e723 p.sw             x10, x0(x15)        x10:00000063 x15:00000000  PA:1a10f010
20801866ns          348201 1c00afc8 00000513 addi             x10, x0, 0          x10=00000000
20801886ns          348202 1c00afca 00008067 jalr             x0, x1, 0            x1:1c00b072
20801946ns          348205 1c00b072 31f52563 p.beqimm         x10, 778            x10:00000000
20801966ns          348206 1c00b076 001d8d93 addi             x27, x27, 1         x27=00000022 x27:00000021
20801986ns          348207 1c00b078 00044503 lbu              x10, 0(x8)          x10=0000006f  x8:1c000057  PA:1c000057
20802284ns          348222 1c00b07c 00140413 addi             x8, x8, 1            x8=1c000058  x8:1c000057
20802304ns          348223 1c00b07e fe0514e3 bne              x10, x0, -24        x10:0000006f
20802383ns          348227 1c00b066 02500793 addi             x15, x0, 37         x15=00000025
20802403ns          348228 1c00b06a 04f50863 beq              x10, x15, 80        x10:0000006f x15:00000025
20802423ns          348229 1c00b06e 01a005b3 add              x11, x0, x26        x11=00000002 x26:00000002
20802443ns          348230 1c00b070 000b00e7 jalr             x1, x22, 0           x1=1c00b072 x22:1c00afa4
20802483ns          348232 1c00afa4 000026b7 lui              x13, 0x2000         x13=00002000
20802503ns          348233 1c00afa6 f14027f3 csrrs            x15, x0, 0xf14      x15=00000002
20802523ns          348234 1c00afaa f8068693 addi             x13, x13, -128      x13=00001f80 x13:00002000
20802543ns          348235 1c00afae 00379713 slli             x14, x15, 0x3       x14=00000010 x15:00000002
20802562ns          348236 1c00afb2 00279793 slli             x15, x15, 0x2       x15=00000008 x15:00000002
20802582ns          348237 1c00afb4 00d7f7b3 and              x15, x15, x13       x15=00000000 x15:00000008 x13:00001f80
20802602ns          348238 1c00afb6 ee873733 p.bclr           x14, x14, 23, 8     x14=00000010 x14:00000010
20802622ns          348239 1c00afba 1a10f6b7 lui              x13, 0x1a10f000     x13=1a10f000
20802642ns          348240 1c00afbe 0ff57513 andi             x10, x10, 255       x10=0000006f x10:0000006f
20802662ns          348241 1c00afc2 00d70733 add              x14, x14, x13       x14=1a10f010 x14:00000010 x13:1a10f000
20802682ns          348242 1c00afc4 00a7e723 p.sw             x10, x0(x15)        x10:0000006f x15:00000000  PA:1a10f010
20803000ns          348258 1c00afc8 00000513 addi             x10, x0, 0          x10=00000000
20803020ns          348259 1c00afca 00008067 jalr             x0, x1, 0            x1:1c00b072
20803080ns          348262 1c00b072 31f52563 p.beqimm         x10, 778            x10:00000000
20803099ns          348263 1c00b076 001d8d93 addi             x27, x27, 1         x27=00000023 x27:00000022
20803119ns          348264 1c00b078 00044503 lbu              x10, 0(x8)          x10=00000072  x8:1c000058  PA:1c000058
20803438ns          348280 1c00b07c 00140413 addi             x8, x8, 1            x8=1c000059  x8:1c000058
20803457ns          348281 1c00b07e fe0514e3 bne              x10, x0, -24        x10:00000072
20803537ns          348285 1c00b066 02500793 addi             x15, x0, 37         x15=00000025
20803557ns          348286 1c00b06a 04f50863 beq              x10, x15, 80        x10:00000072 x15:00000025
20803577ns          348287 1c00b06e 01a005b3 add              x11, x0, x26        x11=00000002 x26:00000002
20803597ns          348288 1c00b070 000b00e7 jalr             x1, x22, 0           x1=1c00b072 x22:1c00afa4
20803637ns          348290 1c00afa4 000026b7 lui              x13, 0x2000         x13=00002000
20803656ns          348291 1c00afa6 f14027f3 csrrs            x15, x0, 0xf14      x15=00000002
20803676ns          348292 1c00afaa f8068693 addi             x13, x13, -128      x13=00001f80 x13:00002000
20803696ns          348293 1c00afae 00379713 slli             x14, x15, 0x3       x14=00000010 x15:00000002
20803716ns          348294 1c00afb2 00279793 slli             x15, x15, 0x2       x15=00000008 x15:00000002
20803736ns          348295 1c00afb4 00d7f7b3 and              x15, x15, x13       x15=00000000 x15:00000008 x13:00001f80
20803756ns          348296 1c00afb6 ee873733 p.bclr           x14, x14, 23, 8     x14=00000010 x14:00000010
20803776ns          348297 1c00afba 1a10f6b7 lui              x13, 0x1a10f000     x13=1a10f000
20803796ns          348298 1c00afbe 0ff57513 andi             x10, x10, 255       x10=00000072 x10:00000072
20803816ns          348299 1c00afc2 00d70733 add              x14, x14, x13       x14=1a10f010 x14:00000010 x13:1a10f000
20803835ns          348300 1c00afc4 00a7e723 p.sw             x10, x0(x15)        x10:00000072 x15:00000000  PA:1a10f010
20804154ns          348316 1c00afc8 00000513 addi             x10, x0, 0          x10=00000000
20804174ns          348317 1c00afca 00008067 jalr             x0, x1, 0            x1:1c00b072
20804233ns          348320 1c00b072 31f52563 p.beqimm         x10, 778            x10:00000000
20804253ns          348321 1c00b076 001d8d93 addi             x27, x27, 1         x27=00000024 x27:00000023
20804273ns          348322 1c00b078 00044503 lbu              x10, 0(x8)          x10=00000065  x8:1c000059  PA:1c000059
20804571ns          348337 1c00b07c 00140413 addi             x8, x8, 1            x8=1c00005a  x8:1c000059
20804591ns          348338 1c00b07e fe0514e3 bne              x10, x0, -24        x10:00000065
20804671ns          348342 1c00b066 02500793 addi             x15, x0, 37         x15=00000025
20804691ns          348343 1c00b06a 04f50863 beq              x10, x15, 80        x10:00000065 x15:00000025
20804711ns          348344 1c00b06e 01a005b3 add              x11, x0, x26        x11=00000002 x26:00000002
20804730ns          348345 1c00b070 000b00e7 jalr             x1, x22, 0           x1=1c00b072 x22:1c00afa4
20804770ns          348347 1c00afa4 000026b7 lui              x13, 0x2000         x13=00002000
20804790ns          348348 1c00afa6 f14027f3 csrrs            x15, x0, 0xf14      x15=00000002
20804810ns          348349 1c00afaa f8068693 addi             x13, x13, -128      x13=00001f80 x13:00002000
20804830ns          348350 1c00afae 00379713 slli             x14, x15, 0x3       x14=00000010 x15:00000002
20804850ns          348351 1c00afb2 00279793 slli             x15, x15, 0x2       x15=00000008 x15:00000002
20804870ns          348352 1c00afb4 00d7f7b3 and              x15, x15, x13       x15=00000000 x15:00000008 x13:00001f80
20804890ns          348353 1c00afb6 ee873733 p.bclr           x14, x14, 23, 8     x14=00000010 x14:00000010
20804910ns          348354 1c00afba 1a10f6b7 lui              x13, 0x1a10f000     x13=1a10f000
20804929ns          348355 1c00afbe 0ff57513 andi             x10, x10, 255       x10=00000065 x10:00000065
20804949ns          348356 1c00afc2 00d70733 add              x14, x14, x13       x14=1a10f010 x14:00000010 x13:1a10f000
20804969ns          348357 1c00afc4 00a7e723 p.sw             x10, x0(x15)        x10:00000065 x15:00000000  PA:1a10f010
20805287ns          348373 1c00afc8 00000513 addi             x10, x0, 0          x10=00000000
20805307ns          348374 1c00afca 00008067 jalr             x0, x1, 0            x1:1c00b072
20805367ns          348377 1c00b072 31f52563 p.beqimm         x10, 778            x10:00000000
20805387ns          348378 1c00b076 001d8d93 addi             x27, x27, 1         x27=00000025 x27:00000024
20805407ns          348379 1c00b078 00044503 lbu              x10, 0(x8)          x10=00000069  x8:1c00005a  PA:1c00005a
20805705ns          348394 1c00b07c 00140413 addi             x8, x8, 1            x8=1c00005b  x8:1c00005a
20805725ns          348395 1c00b07e fe0514e3 bne              x10, x0, -24        x10:00000069
20805805ns          348399 1c00b066 02500793 addi             x15, x0, 37         x15=00000025
20805824ns          348400 1c00b06a 04f50863 beq              x10, x15, 80        x10:00000069 x15:00000025
20805844ns          348401 1c00b06e 01a005b3 add              x11, x0, x26        x11=00000002 x26:00000002
20805864ns          348402 1c00b070 000b00e7 jalr             x1, x22, 0           x1=1c00b072 x22:1c00afa4
20805904ns          348404 1c00afa4 000026b7 lui              x13, 0x2000         x13=00002000
20805924ns          348405 1c00afa6 f14027f3 csrrs            x15, x0, 0xf14      x15=00000002
20805944ns          348406 1c00afaa f8068693 addi             x13, x13, -128      x13=00001f80 x13:00002000
20805964ns          348407 1c00afae 00379713 slli             x14, x15, 0x3       x14=00000010 x15:00000002
20805984ns          348408 1c00afb2 00279793 slli             x15, x15, 0x2       x15=00000008 x15:00000002
20806004ns          348409 1c00afb4 00d7f7b3 and              x15, x15, x13       x15=00000000 x15:00000008 x13:00001f80
20806023ns          348410 1c00afb6 ee873733 p.bclr           x14, x14, 23, 8     x14=00000010 x14:00000010
20806043ns          348411 1c00afba 1a10f6b7 lui              x13, 0x1a10f000     x13=1a10f000
20806063ns          348412 1c00afbe 0ff57513 andi             x10, x10, 255       x10=00000069 x10:00000069
20806083ns          348413 1c00afc2 00d70733 add              x14, x14, x13       x14=1a10f010 x14:00000010 x13:1a10f000
20806103ns          348414 1c00afc4 00a7e723 p.sw             x10, x0(x15)        x10:00000069 x15:00000000  PA:1a10f010
20806421ns          348430 1c00afc8 00000513 addi             x10, x0, 0          x10=00000000
20806441ns          348431 1c00afca 00008067 jalr             x0, x1, 0            x1:1c00b072
20806501ns          348434 1c00b072 31f52563 p.beqimm         x10, 778            x10:00000000
20806521ns          348435 1c00b076 001d8d93 addi             x27, x27, 1         x27=00000026 x27:00000025
20806541ns          348436 1c00b078 00044503 lbu              x10, 0(x8)          x10=00000064  x8:1c00005b  PA:1c00005b
20806839ns          348451 1c00b07c 00140413 addi             x8, x8, 1            x8=1c00005c  x8:1c00005b
20806859ns          348452 1c00b07e fe0514e3 bne              x10, x0, -24        x10:00000064
20806938ns          348456 1c00b066 02500793 addi             x15, x0, 37         x15=00000025
20806958ns          348457 1c00b06a 04f50863 beq              x10, x15, 80        x10:00000064 x15:00000025
20806978ns          348458 1c00b06e 01a005b3 add              x11, x0, x26        x11=00000002 x26:00000002
20806998ns          348459 1c00b070 000b00e7 jalr             x1, x22, 0           x1=1c00b072 x22:1c00afa4
20807038ns          348461 1c00afa4 000026b7 lui              x13, 0x2000         x13=00002000
20807058ns          348462 1c00afa6 f14027f3 csrrs            x15, x0, 0xf14      x15=00000002
20807078ns          348463 1c00afaa f8068693 addi             x13, x13, -128      x13=00001f80 x13:00002000
20807097ns          348464 1c00afae 00379713 slli             x14, x15, 0x3       x14=00000010 x15:00000002
20807117ns          348465 1c00afb2 00279793 slli             x15, x15, 0x2       x15=00000008 x15:00000002
20807137ns          348466 1c00afb4 00d7f7b3 and              x15, x15, x13       x15=00000000 x15:00000008 x13:00001f80
20807157ns          348467 1c00afb6 ee873733 p.bclr           x14, x14, 23, 8     x14=00000010 x14:00000010
20807177ns          348468 1c00afba 1a10f6b7 lui              x13, 0x1a10f000     x13=1a10f000
20807197ns          348469 1c00afbe 0ff57513 andi             x10, x10, 255       x10=00000064 x10:00000064
20807217ns          348470 1c00afc2 00d70733 add              x14, x14, x13       x14=1a10f010 x14:00000010 x13:1a10f000
20807237ns          348471 1c00afc4 00a7e723 p.sw             x10, x0(x15)        x10:00000064 x15:00000000  PA:1a10f010
20807575ns          348488 1c00afc8 00000513 addi             x10, x0, 0          x10=00000000
20807595ns          348489 1c00afca 00008067 jalr             x0, x1, 0            x1:1c00b072
20807654ns          348492 1c00b072 31f52563 p.beqimm         x10, 778            x10:00000000
20807674ns          348493 1c00b076 001d8d93 addi             x27, x27, 1         x27=00000027 x27:00000026
20807694ns          348494 1c00b078 00044503 lbu              x10, 0(x8)          x10=00000020  x8:1c00005c  PA:1c00005c
20807993ns          348509 1c00b07c 00140413 addi             x8, x8, 1            x8=1c00005d  x8:1c00005c
20808012ns          348510 1c00b07e fe0514e3 bne              x10, x0, -24        x10:00000020
20808092ns          348514 1c00b066 02500793 addi             x15, x0, 37         x15=00000025
20808112ns          348515 1c00b06a 04f50863 beq              x10, x15, 80        x10:00000020 x15:00000025
20808132ns          348516 1c00b06e 01a005b3 add              x11, x0, x26        x11=00000002 x26:00000002
20808152ns          348517 1c00b070 000b00e7 jalr             x1, x22, 0           x1=1c00b072 x22:1c00afa4
20808191ns          348519 1c00afa4 000026b7 lui              x13, 0x2000         x13=00002000
20808211ns          348520 1c00afa6 f14027f3 csrrs            x15, x0, 0xf14      x15=00000002
20808231ns          348521 1c00afaa f8068693 addi             x13, x13, -128      x13=00001f80 x13:00002000
20808251ns          348522 1c00afae 00379713 slli             x14, x15, 0x3       x14=00000010 x15:00000002
20808271ns          348523 1c00afb2 00279793 slli             x15, x15, 0x2       x15=00000008 x15:00000002
20808291ns          348524 1c00afb4 00d7f7b3 and              x15, x15, x13       x15=00000000 x15:00000008 x13:00001f80
20808311ns          348525 1c00afb6 ee873733 p.bclr           x14, x14, 23, 8     x14=00000010 x14:00000010
20808331ns          348526 1c00afba 1a10f6b7 lui              x13, 0x1a10f000     x13=1a10f000
20808351ns          348527 1c00afbe 0ff57513 andi             x10, x10, 255       x10=00000020 x10:00000020
20808371ns          348528 1c00afc2 00d70733 add              x14, x14, x13       x14=1a10f010 x14:00000010 x13:1a10f000
20808390ns          348529 1c00afc4 00a7e723 p.sw             x10, x0(x15)        x10:00000020 x15:00000000  PA:1a10f010
20808729ns          348546 1c00afc8 00000513 addi             x10, x0, 0          x10=00000000
20808748ns          348547 1c00afca 00008067 jalr             x0, x1, 0            x1:1c00b072
20808808ns          348550 1c00b072 31f52563 p.beqimm         x10, 778            x10:00000000
20808828ns          348551 1c00b076 001d8d93 addi             x27, x27, 1         x27=00000028 x27:00000027
20808848ns          348552 1c00b078 00044503 lbu              x10, 0(x8)          x10=0000003d  x8:1c00005d  PA:1c00005d
20809146ns          348567 1c00b07c 00140413 addi             x8, x8, 1            x8=1c00005e  x8:1c00005d
20809166ns          348568 1c00b07e fe0514e3 bne              x10, x0, -24        x10:0000003d
20809246ns          348572 1c00b066 02500793 addi             x15, x0, 37         x15=00000025
20809266ns          348573 1c00b06a 04f50863 beq              x10, x15, 80        x10:0000003d x15:00000025
20809285ns          348574 1c00b06e 01a005b3 add              x11, x0, x26        x11=00000002 x26:00000002
20809305ns          348575 1c00b070 000b00e7 jalr             x1, x22, 0           x1=1c00b072 x22:1c00afa4
20809345ns          348577 1c00afa4 000026b7 lui              x13, 0x2000         x13=00002000
20809365ns          348578 1c00afa6 f14027f3 csrrs            x15, x0, 0xf14      x15=00000002
20809385ns          348579 1c00afaa f8068693 addi             x13, x13, -128      x13=00001f80 x13:00002000
20809405ns          348580 1c00afae 00379713 slli             x14, x15, 0x3       x14=00000010 x15:00000002
20809425ns          348581 1c00afb2 00279793 slli             x15, x15, 0x2       x15=00000008 x15:00000002
20809445ns          348582 1c00afb4 00d7f7b3 and              x15, x15, x13       x15=00000000 x15:00000008 x13:00001f80
20809464ns          348583 1c00afb6 ee873733 p.bclr           x14, x14, 23, 8     x14=00000010 x14:00000010
20809484ns          348584 1c00afba 1a10f6b7 lui              x13, 0x1a10f000     x13=1a10f000
20809504ns          348585 1c00afbe 0ff57513 andi             x10, x10, 255       x10=0000003d x10:0000003d
20809524ns          348586 1c00afc2 00d70733 add              x14, x14, x13       x14=1a10f010 x14:00000010 x13:1a10f000
20809544ns          348587 1c00afc4 00a7e723 p.sw             x10, x0(x15)        x10:0000003d x15:00000000  PA:1a10f010
20809862ns          348603 1c00afc8 00000513 addi             x10, x0, 0          x10=00000000
20809882ns          348604 1c00afca 00008067 jalr             x0, x1, 0            x1:1c00b072
20809942ns          348607 1c00b072 31f52563 p.beqimm         x10, 778            x10:00000000
20809962ns          348608 1c00b076 001d8d93 addi             x27, x27, 1         x27=00000029 x27:00000028
20809982ns          348609 1c00b078 00044503 lbu              x10, 0(x8)          x10=00000020  x8:1c00005e  PA:1c00005e
20810280ns          348624 1c00b07c 00140413 addi             x8, x8, 1            x8=1c00005f  x8:1c00005e
20810300ns          348625 1c00b07e fe0514e3 bne              x10, x0, -24        x10:00000020
20810379ns          348629 1c00b066 02500793 addi             x15, x0, 37         x15=00000025
20810399ns          348630 1c00b06a 04f50863 beq              x10, x15, 80        x10:00000020 x15:00000025
20810419ns          348631 1c00b06e 01a005b3 add              x11, x0, x26        x11=00000002 x26:00000002
20810439ns          348632 1c00b070 000b00e7 jalr             x1, x22, 0           x1=1c00b072 x22:1c00afa4
20810479ns          348634 1c00afa4 000026b7 lui              x13, 0x2000         x13=00002000
20810499ns          348635 1c00afa6 f14027f3 csrrs            x15, x0, 0xf14      x15=00000002
20810519ns          348636 1c00afaa f8068693 addi             x13, x13, -128      x13=00001f80 x13:00002000
20810539ns          348637 1c00afae 00379713 slli             x14, x15, 0x3       x14=00000010 x15:00000002
20810558ns          348638 1c00afb2 00279793 slli             x15, x15, 0x2       x15=00000008 x15:00000002
20810578ns          348639 1c00afb4 00d7f7b3 and              x15, x15, x13       x15=00000000 x15:00000008 x13:00001f80
20810598ns          348640 1c00afb6 ee873733 p.bclr           x14, x14, 23, 8     x14=00000010 x14:00000010
20810618ns          348641 1c00afba 1a10f6b7 lui              x13, 0x1a10f000     x13=1a10f000
20810638ns          348642 1c00afbe 0ff57513 andi             x10, x10, 255       x10=00000020 x10:00000020
20810658ns          348643 1c00afc2 00d70733 add              x14, x14, x13       x14=1a10f010 x14:00000010 x13:1a10f000
20810678ns          348644 1c00afc4 00a7e723 p.sw             x10, x0(x15)        x10:00000020 x15:00000000  PA:1a10f010
20810996ns          348660 1c00afc8 00000513 addi             x10, x0, 0          x10=00000000
20811016ns          348661 1c00afca 00008067 jalr             x0, x1, 0            x1:1c00b072
20811076ns          348664 1c00b072 31f52563 p.beqimm         x10, 778            x10:00000000
20811096ns          348665 1c00b076 001d8d93 addi             x27, x27, 1         x27=0000002a x27:00000029
20811115ns          348666 1c00b078 00044503 lbu              x10, 0(x8)          x10=00000025  x8:1c00005f  PA:1c00005f
20811434ns          348682 1c00b07c 00140413 addi             x8, x8, 1            x8=1c000060  x8:1c00005f
20811454ns          348683 1c00b07e fe0514e3 bne              x10, x0, -24        x10:00000025
20811533ns          348687 1c00b066 02500793 addi             x15, x0, 37         x15=00000025
20811553ns          348688 1c00b06a 04f50863 beq              x10, x15, 80        x10:00000025 x15:00000025
20811692ns          348695 1c00b0ba 00044483 lbu              x9, 0(x8)            x9=00000064  x8:1c000060  PA:1c000060
20811991ns          348710 1c00b0be 02000693 addi             x13, x0, 32         x13=00000020
20812011ns          348711 1c00b0c2 00140a93 addi             x21, x8, 1          x21=1c000061  x8:1c000060
20812030ns          348712 1c00b0c6 009005b3 add              x11, x0, x9         x11=00000064  x9:00000064
20812050ns          348713 1c00b0c8 0c8b8513 addi             x10, x23, 200       x10=1c0000c8 x23:1c000000
20812070ns          348714 1c00b0cc 00d12823 sw               x13, 16(x2)         x13:00000020  x2:10001538  PA:10001548
20812090ns          348715 1c00b0ce 00012c23 sw               x0, 24(x2)           x2:10001538  PA:10001550
20812110ns          348716 1c00b0d0 00012a23 sw               x0, 20(x2)           x2:10001538  PA:1000154c
20812130ns          348717 1c00b0d2 00012e23 sw               x0, 28(x2)           x2:10001538  PA:10001554
20812150ns          348718 1c00b0d4 00012623 sw               x0, 12(x2)           x2:10001538  PA:10001544
20812170ns          348719 1c00b0d6 02300913 addi             x18, x0, 35         x18=00000023
20812190ns          348720 1c00b0da 02d00a13 addi             x20, x0, 45         x20=0000002d
20812209ns          348721 1c00b0de 015009b3 add              x19, x0, x21        x19=1c000061 x21:1c000061
20812249ns          348723 1c00b0e0 e97ff0ef jal              x1, -362             x1=1c00b0e2
20812369ns          348729 1c00af76 00054783 lbu              x15, 0(x10)         x15=0000002d x10:1c0000c8  PA:1c0000c8
20812687ns          348745 1c00af7a 0ff5f593 andi             x11, x11, 255       x11=00000064 x11:00000064
20812707ns          348746 1c00af7e 00b78c63 beq              x15, x11, 24        x15:0000002d x11:00000064
20812727ns          348747 1c00af82 00078b63 beq              x15, x0, 22         x15:0000002d
20812746ns          348748 1c00af84 00150793 addi             x15, x10, 1         x15=1c0000c9 x10:1c0000c8
20812766ns          348749 1c00af88 0040006f jal              x0, 4              
20812866ns          348754 1c00af8c 00f00533 add              x10, x0, x15        x10=1c0000c9 x15:1c0000c9
20812886ns          348755 1c00af8e 0017c70b p.lbu            x14, 1(x15!)        x14=0000002b x15=1c0000ca x15:1c0000c9  PA:1c0000c9
20813204ns          348771 1c00af92 feb71ce3 bne              x14, x11, -8        x14:0000002b x11:00000064
20813264ns          348774 1c00af8a 00070763 beq              x14, x0, 14         x14:0000002b
20813284ns          348775 1c00af8c 00f00533 add              x10, x0, x15        x10=1c0000ca x15:1c0000ca
20813303ns          348776 1c00af8e 0017c70b p.lbu            x14, 1(x15!)        x14=00000020 x15=1c0000cb x15:1c0000ca  PA:1c0000ca
20813622ns          348792 1c00af92 feb71ce3 bne              x14, x11, -8        x14:00000020 x11:00000064
20813681ns          348795 1c00af8a 00070763 beq              x14, x0, 14         x14:00000020
20813701ns          348796 1c00af8c 00f00533 add              x10, x0, x15        x10=1c0000cb x15:1c0000cb
20813721ns          348797 1c00af8e 0017c70b p.lbu            x14, 1(x15!)        x14=00000023 x15=1c0000cc x15:1c0000cb  PA:1c0000cb
20814059ns          348814 1c00af92 feb71ce3 bne              x14, x11, -8        x14:00000023 x11:00000064
20814119ns          348817 1c00af8a 00070763 beq              x14, x0, 14         x14:00000023
20814139ns          348818 1c00af8c 00f00533 add              x10, x0, x15        x10=1c0000cc x15:1c0000cc
20814159ns          348819 1c00af8e 0017c70b p.lbu            x14, 1(x15!)        x14=00000030 x15=1c0000cd x15:1c0000cc  PA:1c0000cc
20814477ns          348835 1c00af92 feb71ce3 bne              x14, x11, -8        x14:00000030 x11:00000064
20814537ns          348838 1c00af8a 00070763 beq              x14, x0, 14         x14:00000030
20814557ns          348839 1c00af8c 00f00533 add              x10, x0, x15        x10=1c0000cd x15:1c0000cd
20814576ns          348840 1c00af8e 0017c70b p.lbu            x14, 1(x15!)        x14=00000000 x15=1c0000ce x15:1c0000cd  PA:1c0000cd
20814895ns          348856 1c00af92 feb71ce3 bne              x14, x11, -8        x14:00000000 x11:00000064
20814954ns          348859 1c00af8a 00070763 beq              x14, x0, 14         x14:00000000
20815014ns          348862 1c00af98 0015b593 sltiu            x11, x11, 1         x11=00000000 x11:00000064
20815034ns          348863 1c00af9c 40b005b3 sub              x11, x0, x11        x11=00000000 x11:00000000
20815054ns          348864 1c00afa0 00b57533 and              x10, x10, x11       x10=00000000 x10:1c0000cd x11:00000000
20815074ns          348865 1c00afa2 00008067 jalr             x0, x1, 0            x1:1c00b0e2
20815113ns          348867 1c00b0e2 02050a63 beq              x10, x0, 52         x10:00000000
20815193ns          348871 1c00b116 02a00613 addi             x12, x0, 42         x12=0000002a
20815213ns          348872 1c00b11a 2ac48663 beq              x9, x12, 684         x9:00000064 x12:0000002a
20815233ns          348873 1c00b11e fd048613 addi             x12, x9, -48        x12=00000034  x9:00000064
20815253ns          348874 1c00b122 00900593 addi             x11, x0, 9          x11=00000009
20815273ns          348875 1c00b124 00000913 addi             x18, x0, 0          x18=00000000
20815292ns          348876 1c00b126 28c5f063 bgeu             x11, x12, 640       x11:00000009 x12:00000034
20815312ns          348877 1c00b12a 02e00693 addi             x13, x0, 46         x13=0000002e
20815332ns          348878 1c00b12e fff00a13 addi             x20, x0, -1         x20=ffffffff
20815352ns          348879 1c00b130 2ed48363 beq              x9, x13, 742         x9:00000064 x13:0000002e
20815372ns          348880 1c00b134 1c0007b7 lui              x15, 0x1c000000     x15=1c000000
20815392ns          348881 1c00b138 009005b3 add              x11, x0, x9         x11=00000064  x9:00000064
20815412ns          348882 1c00b13a 0d078513 addi             x10, x15, 208       x10=1c0000d0 x15:1c000000
20815432ns          348883 1c00b13e e39ff0ef jal              x1, -456             x1=1c00b140
20815491ns          348886 1c00af76 00054783 lbu              x15, 0(x10)         x15=00000068 x10:1c0000d0  PA:1c0000d0
20815810ns          348902 1c00af7a 0ff5f593 andi             x11, x11, 255       x11=00000064 x11:00000064
20815830ns          348903 1c00af7e 00b78c63 beq              x15, x11, 24        x15:00000068 x11:00000064
20815849ns          348904 1c00af82 00078b63 beq              x15, x0, 22         x15:00000068
20815869ns          348905 1c00af84 00150793 addi             x15, x10, 1         x15=1c0000d1 x10:1c0000d0
20815889ns          348906 1c00af88 0040006f jal              x0, 4              
20815929ns          348908 1c00af8c 00f00533 add              x10, x0, x15        x10=1c0000d1 x15:1c0000d1
20815949ns          348909 1c00af8e 0017c70b p.lbu            x14, 1(x15!)        x14=0000006c x15=1c0000d2 x15:1c0000d1  PA:1c0000d1
20816267ns          348925 1c00af92 feb71ce3 bne              x14, x11, -8        x14:0000006c x11:00000064
20816327ns          348928 1c00af8a 00070763 beq              x14, x0, 14         x14:0000006c
20816347ns          348929 1c00af8c 00f00533 add              x10, x0, x15        x10=1c0000d2 x15:1c0000d2
20816367ns          348930 1c00af8e 0017c70b p.lbu            x14, 1(x15!)        x14=0000004c x15=1c0000d3 x15:1c0000d2  PA:1c0000d2
20816705ns          348947 1c00af92 feb71ce3 bne              x14, x11, -8        x14:0000004c x11:00000064
20816764ns          348950 1c00af8a 00070763 beq              x14, x0, 14         x14:0000004c
20816784ns          348951 1c00af8c 00f00533 add              x10, x0, x15        x10=1c0000d3 x15:1c0000d3
20816804ns          348952 1c00af8e 0017c70b p.lbu            x14, 1(x15!)        x14=0000007a x15=1c0000d4 x15:1c0000d3  PA:1c0000d3
20817122ns          348968 1c00af92 feb71ce3 bne              x14, x11, -8        x14:0000007a x11:00000064
20817182ns          348971 1c00af8a 00070763 beq              x14, x0, 14         x14:0000007a
20817202ns          348972 1c00af8c 00f00533 add              x10, x0, x15        x10=1c0000d4 x15:1c0000d4
20817222ns          348973 1c00af8e 0017c70b p.lbu            x14, 1(x15!)        x14=00000000 x15=1c0000d5 x15:1c0000d4  PA:1c0000d4
20817540ns          348989 1c00af92 feb71ce3 bne              x14, x11, -8        x14:00000000 x11:00000064
20817600ns          348992 1c00af8a 00070763 beq              x14, x0, 14         x14:00000000
20817659ns          348995 1c00af98 0015b593 sltiu            x11, x11, 1         x11=00000000 x11:00000064
20817679ns          348996 1c00af9c 40b005b3 sub              x11, x0, x11        x11=00000000 x11:00000000
20817699ns          348997 1c00afa0 00b57533 and              x10, x10, x11       x10=00000000 x10:1c0000d4 x11:00000000
20817719ns          348998 1c00afa2 00008067 jalr             x0, x1, 0            x1:1c00b140
20817759ns          349000 1c00b140 01300433 add              x8, x0, x19          x8=1c000061 x19:1c000061
20817779ns          349001 1c00b142 00050563 beq              x10, x0, 10         x10:00000000
20817839ns          349004 1c00b14c 06700693 addi             x13, x0, 103        x13=00000067
20817898ns          349007 1c00b150 2896d963 bge              x13, x9, 658        x13:00000067  x9:00000064
20818037ns          349014 1c00b3e2 06500693 addi             x13, x0, 101        x13=00000065
20818057ns          349015 1c00b3e6 12d4d563 bge              x9, x13, 298         x9:00000064 x13:00000065
20818077ns          349016 1c00b3ea 04700693 addi             x13, x0, 71         x13=00000047
20818097ns          349017 1c00b3ee dc96cbe3 blt              x13, x9, -554       x13:00000047  x9:00000064
20818197ns          349022 1c00b1c4 06300693 addi             x13, x0, 99         x13=00000063
20818236ns          349024 1c00b1c8 0ad488e3 beq              x9, x13, 2224        x9:00000064 x13:00000063
20818256ns          349025 1c00b1cc 0096c9e3 blt              x13, x9, 2066       x13:00000063  x9:00000064
20818435ns          349034 1c00b9de 000c2583 lw               x11, 0(x24)         x11=00000002 x24:10001690  PA:10001690
20818455ns          349035 1c00b9e2 004c0c13 addi             x24, x24, 4         x24=10001694 x24:10001690
20818475ns          349036 1c00b9e4 3405cc63 blt              x11, x0, 856        x11:00000002
20818495ns          349037 1c00b9e8 01412603 lw               x12, 20(x2)         x12=00000000  x2:10001538  PA:1000154c
20818515ns          349038 1c00b9ea 00b006b3 add              x13, x0, x11        x13=00000002 x11:00000002
20818535ns          349039 1c00b9ec 2e061863 bne              x12, x0, 752        x12:00000000
20818555ns          349040 1c00b9f0 01812703 lw               x14, 24(x2)         x14=00000000  x2:10001538  PA:10001550
20818574ns          349041 1c00b9f2 019007b3 add              x15, x0, x25        x15=1000155c x25:1000155c
20818594ns          349042 1c00b9f4 00070763 beq              x14, x0, 14         x14:00000000
20818654ns          349045 1c00ba02 00f00733 add              x14, x0, x15        x14=1000155c x15:1000155c
20818674ns          349046 1c00ba04 00a00513 addi             x10, x0, 10         x10=0000000a
20818694ns          349047 1c00ba06 02a6f633 remu             x12, x13, x10       x12=00000002 x13:00000002 x10:0000000a
20819310ns          349078 1c00ba0a 02a6d6b3 divu             x13, x13, x10       x13=00000000 x13:00000002 x10:0000000a
20819927ns          349109 1c00ba0e 03060613 addi             x12, x12, 48        x12=00000032 x12:00000002
20819947ns          349110 1c00ba12 00c700ab p.sb             x12, 1(x14!)        x14=1000155d x12:00000032 x14:1000155c  PA:1000155c
20819987ns          349112 1c00ba16 fe0698e3 bne              x13, x0, -16        x13:00000000
20820007ns          349113 1c00ba18 40f706b3 sub              x13, x14, x15       x13=00000001 x14:1000155d x15:1000155c
20820026ns          349114 1c00ba1c 0146dc63 bge              x13, x20, 24        x13:00000001 x20:ffffffff
20820126ns          349119 1c00ba34 00e006b3 add              x13, x0, x14        x13=1000155d x14:1000155d
20820166ns          349121 1c00ba36 fe068fab p.sb             x0, -1(x13!)        x13=1000155c x13:1000155d  PA:1000155d
20820186ns          349122 1c00ba3a 00d7fc63 bgeu             x15, x13, 24        x15:1000155c x13:1000155c
20820325ns          349129 1c00ba52 01412783 lw               x15, 20(x2)         x15=00000000  x2:10001538  PA:1000154c
20820365ns          349131 1c00ba54 01812603 lw               x12, 24(x2)         x12=00000000  x2:10001538  PA:10001550
20820385ns          349132 1c00ba56 419704b3 sub              x9, x14, x25         x9=00000001 x14:1000155d x25:1000155c
20820404ns          349133 1c00ba5a 00c7e7b3 or               x15, x15, x12       x15=00000000 x15:00000000 x12:00000000
20820424ns          349134 1c00ba5c 00f12623 sw               x15, 12(x2)         x15:00000000  x2:10001538  PA:10001544
20820444ns          349135 1c00ba5e 00079363 bne              x15, x0, 6          x15:00000000
20820464ns          349136 1c00ba60 01f5d593 srli             x11, x11, 0x1f      x11=00000000 x11:00000002
20820484ns          349137 1c00ba62 00b12623 sw               x11, 12(x2)         x11:00000000  x2:10001538  PA:10001544
20820504ns          349138 1c00ba64 e3fa28e3 p.beqimm         x20, -464           x20:ffffffff
20820882ns          349157 1c00b894 0c800793 addi             x15, x0, 200        x15=000000c8
20820902ns          349158 1c00b898 9e97d0e3 bge              x15, x9, -1568      x15:000000c8  x9:00000001
20821439ns          349185 1c00b278 0f24d163 bge              x9, x18, 226         x9:00000001 x18:00000000
20821578ns          349192 1c00b35a d00482e3 beq              x9, x0, -764         x9:00000001
20821598ns          349193 1c00b35e 01900933 add              x18, x0, x25        x18=1000155c x25:1000155c
20821638ns          349195 1c00b360 419d8db3 sub              x27, x27, x25       x27=efffeace x27:0000002a x25:1000155c
20821677ns          349197 1c00b364 00a0006f jal              x0, 10             
20821777ns          349202 1c00b36e 0019450b p.lbu            x10, 1(x18!)        x10=00000032 x18=1000155d x18:1000155c  PA:1000155c
20821797ns          349203 1c00b372 01a005b3 add              x11, x0, x26        x11=00000002 x26:00000002
20821817ns          349204 1c00b374 000b00e7 jalr             x1, x22, 0           x1=1c00b376 x22:1c00afa4
20821856ns          349206 1c00afa4 000026b7 lui              x13, 0x2000         x13=00002000
20821876ns          349207 1c00afa6 f14027f3 csrrs            x15, x0, 0xf14      x15=00000002
20821896ns          349208 1c00afaa f8068693 addi             x13, x13, -128      x13=00001f80 x13:00002000
20821916ns          349209 1c00afae 00379713 slli             x14, x15, 0x3       x14=00000010 x15:00000002
20821936ns          349210 1c00afb2 00279793 slli             x15, x15, 0x2       x15=00000008 x15:00000002
20821956ns          349211 1c00afb4 00d7f7b3 and              x15, x15, x13       x15=00000000 x15:00000008 x13:00001f80
20821976ns          349212 1c00afb6 ee873733 p.bclr           x14, x14, 23, 8     x14=00000010 x14:00000010
20821996ns          349213 1c00afba 1a10f6b7 lui              x13, 0x1a10f000     x13=1a10f000
20822016ns          349214 1c00afbe 0ff57513 andi             x10, x10, 255       x10=00000032 x10:00000032
20822035ns          349215 1c00afc2 00d70733 add              x14, x14, x13       x14=1a10f010 x14:00000010 x13:1a10f000
20822055ns          349216 1c00afc4 00a7e723 p.sw             x10, x0(x15)        x10:00000032 x15:00000000  PA:1a10f010
20822453ns          349236 1c00afc8 00000513 addi             x10, x0, 0          x10=00000000
20822473ns          349237 1c00afca 00008067 jalr             x0, x1, 0            x1:1c00b376
20822513ns          349239 1c00b376 fff48493 addi             x9, x9, -1           x9=00000000  x9:00000001
20822533ns          349240 1c00b378 fff537e3 p.bneimm         x10, -18            x10:00000000
20822612ns          349244 1c00b366 012d8733 add              x14, x27, x18       x14=0000002b x27:efffeace x18:1000155d
20822632ns          349245 1c00b36a 5a048b63 beq              x9, x0, 1462         x9:00000000
20822732ns          349250 1c00b920 00e00db3 add              x27, x0, x14        x27=0000002b x14:0000002b
20822771ns          349252 1c00b922 f3cff06f jal              x0, -2244          
20822931ns          349260 1c00b05e 00044503 lbu              x10, 0(x8)          x10=00000029  x8:1c000061  PA:1c000061
20823229ns          349275 1c00b062 00140413 addi             x8, x8, 1            x8=1c000062  x8:1c000061
20823249ns          349276 1c00b064 00050e63 beq              x10, x0, 28         x10:00000029
20823269ns          349277 1c00b066 02500793 addi             x15, x0, 37         x15=00000025
20823289ns          349278 1c00b06a 04f50863 beq              x10, x15, 80        x10:00000029 x15:00000025
20823308ns          349279 1c00b06e 01a005b3 add              x11, x0, x26        x11=00000002 x26:00000002
20823328ns          349280 1c00b070 000b00e7 jalr             x1, x22, 0           x1=1c00b072 x22:1c00afa4
20823368ns          349282 1c00afa4 000026b7 lui              x13, 0x2000         x13=00002000
20823388ns          349283 1c00afa6 f14027f3 csrrs            x15, x0, 0xf14      x15=00000002
20823408ns          349284 1c00afaa f8068693 addi             x13, x13, -128      x13=00001f80 x13:00002000
20823428ns          349285 1c00afae 00379713 slli             x14, x15, 0x3       x14=00000010 x15:00000002
20823448ns          349286 1c00afb2 00279793 slli             x15, x15, 0x2       x15=00000008 x15:00000002
20823468ns          349287 1c00afb4 00d7f7b3 and              x15, x15, x13       x15=00000000 x15:00000008 x13:00001f80
20823487ns          349288 1c00afb6 ee873733 p.bclr           x14, x14, 23, 8     x14=00000010 x14:00000010
20823507ns          349289 1c00afba 1a10f6b7 lui              x13, 0x1a10f000     x13=1a10f000
20823527ns          349290 1c00afbe 0ff57513 andi             x10, x10, 255       x10=00000029 x10:00000029
20823547ns          349291 1c00afc2 00d70733 add              x14, x14, x13       x14=1a10f010 x14:00000010 x13:1a10f000
20823567ns          349292 1c00afc4 00a7e723 p.sw             x10, x0(x15)        x10:00000029 x15:00000000  PA:1a10f010
20823885ns          349308 1c00afc8 00000513 addi             x10, x0, 0          x10=00000000
20823905ns          349309 1c00afca 00008067 jalr             x0, x1, 0            x1:1c00b072
20823965ns          349312 1c00b072 31f52563 p.beqimm         x10, 778            x10:00000000
20823985ns          349313 1c00b076 001d8d93 addi             x27, x27, 1         x27=0000002c x27:0000002b
20824005ns          349314 1c00b078 00044503 lbu              x10, 0(x8)          x10=0000000a  x8:1c000062  PA:1c000062
20824303ns          349329 1c00b07c 00140413 addi             x8, x8, 1            x8=1c000063  x8:1c000062
20824323ns          349330 1c00b07e fe0514e3 bne              x10, x0, -24        x10:0000000a
20824402ns          349334 1c00b066 02500793 addi             x15, x0, 37         x15=00000025
20824422ns          349335 1c00b06a 04f50863 beq              x10, x15, 80        x10:0000000a x15:00000025
20824442ns          349336 1c00b06e 01a005b3 add              x11, x0, x26        x11=00000002 x26:00000002
20824462ns          349337 1c00b070 000b00e7 jalr             x1, x22, 0           x1=1c00b072 x22:1c00afa4
20824502ns          349339 1c00afa4 000026b7 lui              x13, 0x2000         x13=00002000
20824522ns          349340 1c00afa6 f14027f3 csrrs            x15, x0, 0xf14      x15=00000002
20824542ns          349341 1c00afaa f8068693 addi             x13, x13, -128      x13=00001f80 x13:00002000
20824562ns          349342 1c00afae 00379713 slli             x14, x15, 0x3       x14=00000010 x15:00000002
20824581ns          349343 1c00afb2 00279793 slli             x15, x15, 0x2       x15=00000008 x15:00000002
20824601ns          349344 1c00afb4 00d7f7b3 and              x15, x15, x13       x15=00000000 x15:00000008 x13:00001f80
20824621ns          349345 1c00afb6 ee873733 p.bclr           x14, x14, 23, 8     x14=00000010 x14:00000010
20824641ns          349346 1c00afba 1a10f6b7 lui              x13, 0x1a10f000     x13=1a10f000
20824661ns          349347 1c00afbe 0ff57513 andi             x10, x10, 255       x10=0000000a x10:0000000a
20824681ns          349348 1c00afc2 00d70733 add              x14, x14, x13       x14=1a10f010 x14:00000010 x13:1a10f000
20824701ns          349349 1c00afc4 00a7e723 p.sw             x10, x0(x15)        x10:0000000a x15:00000000  PA:1a10f010
20825019ns          349365 1c00afc8 00000513 addi             x10, x0, 0          x10=00000000
20825039ns          349366 1c00afca 00008067 jalr             x0, x1, 0            x1:1c00b072
20825099ns          349369 1c00b072 31f52563 p.beqimm         x10, 778            x10:00000000
20825119ns          349370 1c00b076 001d8d93 addi             x27, x27, 1         x27=0000002d x27:0000002c
20825138ns          349371 1c00b078 00044503 lbu              x10, 0(x8)          x10=00000000  x8:1c000063  PA:1c000063
20825437ns          349386 1c00b07c 00140413 addi             x8, x8, 1            x8=1c000064  x8:1c000063
20825457ns          349387 1c00b07e fe0514e3 bne              x10, x0, -24        x10:00000000
20825477ns          349388 1c00b080 01b00433 add              x8, x0, x27          x8=0000002d x27:0000002d
20825496ns          349389 1c00b082 00800533 add              x10, x0, x8         x10=0000002d  x8:0000002d
20825516ns          349390 1c00b084 12c12083 lw               x1, 300(x2)          x1=1c00b010  x2:10001538  PA:10001664
20825536ns          349391 1c00b088 12812403 lw               x8, 296(x2)          x8=00000002  x2:10001538  PA:10001660
20825556ns          349392 1c00b08c 12412483 lw               x9, 292(x2)          x9=xxxxxxxx  x2:10001538  PA:1000165c
20825894ns          349409 1c00b090 12012903 lw               x18, 288(x2)        x18=xxxxxxxx  x2:10001538  PA:10001658
20825934ns          349411 1c00b094 11c12983 lw               x19, 284(x2)        x19=xxxxxxxx  x2:10001538  PA:10001654
20825954ns          349412 1c00b098 11812a03 lw               x20, 280(x2)        x20=xxxxxxxx  x2:10001538  PA:10001650
20825974ns          349413 1c00b09c 11412a83 lw               x21, 276(x2)        x21=xxxxxxxx  x2:10001538  PA:1000164c
20826411ns          349435 1c00b0a0 11012b03 lw               x22, 272(x2)        x22=xxxxxxxx  x2:10001538  PA:10001648
20826451ns          349437 1c00b0a4 10c12b83 lw               x23, 268(x2)        x23=xxxxxxxx  x2:10001538  PA:10001644
20826471ns          349438 1c00b0a8 10812c03 lw               x24, 264(x2)        x24=xxxxxxxx  x2:10001538  PA:10001640
20826491ns          349439 1c00b0ac 10412c83 lw               x25, 260(x2)        x25=xxxxxxxx  x2:10001538  PA:1000163c
20826511ns          349440 1c00b0b0 10012d03 lw               x26, 256(x2)        x26=xxxxxxxx  x2:10001538  PA:10001638
20826531ns          349441 1c00b0b4 0fc12d83 lw               x27, 252(x2)        x27=xxxxxxxx  x2:10001538  PA:10001634
20826551ns          349442 1c00b0b6 13010113 addi             x2, x2, 304          x2=10001668  x2:10001538
20826571ns          349443 1c00b0b8 00008067 jalr             x0, x1, 0            x1:1c00b010
20826650ns          349447 1c00b010 01c12083 lw               x1, 28(x2)           x1=1c00a8b4  x2:10001668  PA:10001684
20826670ns          349448 1c00b012 04010113 addi             x2, x2, 64           x2=100016a8  x2:10001668
20826710ns          349450 1c00b014 00008067 jalr             x0, x1, 0            x1:1c00a8b4
20827167ns          349473 1c00a8b4 00300793 addi             x15, x0, 3          x15=00000003
20827207ns          349475 1c00a8b6 0087f463 bgeu             x15, x8, 8          x15:00000003  x8:00000002
20827724ns          349501 1c00a8be 2e1010ef jal              x1, 6880             x1=1c00a8c2
20828639ns          349547 1c00c39e f14027f3 csrrs            x15, x0, 0xf14      x15=00000002
20828659ns          349548 1c00c3a2 01f00713 addi             x14, x0, 31         x14=0000001f
20828679ns          349549 1c00c3a4 ca5797b3 p.extractu       x15, x15, 5, 5      x15=00000000 x15:00000002
20828699ns          349550 1c00c3a8 00e78863 beq              x15, x14, 16        x15:00000000 x14:0000001f
20828719ns          349551 1c00c3ac 002047b7 lui              x15, 0x204000       x15=00204000
20829156ns          349573 1c00c3b0 20078793 addi             x15, x15, 512       x15=00204200 x15:00204000
20829196ns          349575 1c00c3b4 01c7e703 p.elw            x14, 28(x15)        x14=00010000 x15:00204200  PA:0020421c
20829335ns          349582 1c00c3b8 00008067 jalr             x0, x1, 0            x1:1c00a8c2
20829793ns          349605 1c00a8c2 f14027f3 csrrs            x15, x0, 0xf14      x15=00000002
20829813ns          349606 1c00a8c6 f457b7b3 p.bclr           x15, x15, 26, 5     x15=00000002 x15:00000002
20829833ns          349607 1c00a8ca 02079063 bne              x15, x0, 32         x15:00000002
20830847ns          349658 1c00a8ea 1c0104b7 lui              x9, 0x1c010000       x9=1c010000
20830867ns          349659 1c00a8ee 01900793 addi             x15, x0, 25         x15=00000019
20831285ns          349680 1c00a8f0 00048493 addi             x9, x9, 0            x9=1c010000  x9:1c010000
20831324ns          349682 1c00a8f4 02f407b3 mul              x15, x8, x15        x15=00000032  x8:00000002 x15:00000019
20831344ns          349683 1c00a8f8 00279793 slli             x15, x15, 0x2       x15=000000c8 x15:00000032
20831364ns          349684 1c00a8fa 07810913 addi             x18, x2, 120        x18=10001720  x2:100016a8
20831802ns          349706 1c00a8fe 06048513 addi             x10, x9, 96         x10=1c010060  x9:1c010000
20831822ns          349707 1c00a902 00f50533 add              x10, x10, x15       x10=1c010128 x10:1c010060 x15:000000c8
20831842ns          349708 1c00a904 01410693 addi             x13, x2, 20         x13=100016bc  x2:100016a8
20831861ns          349709 1c00a906 00200633 add              x12, x0, x2         x12=100016a8  x2:100016a8
20831881ns          349710 1c00a908 012005b3 add              x11, x0, x18        x11=10001720 x18:10001720
20831901ns          349711 1c00a90a 835fd0ef jal              x1, -10188           x1=1c00a90e
20832796ns          349756 1c00813e ef010113 addi             x2, x2, -272         x2=10001598  x2:100016a8
20833254ns          349779 1c008140 07c10813 addi             x16, x2, 124        x16=10001614  x2:10001598
20833294ns          349781 1c008144 0f912423 sw               x25, 232(x2)        x25:xxxxxxxx  x2:10001598  PA:10001680
20833314ns          349782 1c008146 0fa12223 sw               x26, 228(x2)        x26:xxxxxxxx  x2:10001598  PA:1000167c
20833333ns          349783 1c008148 10812623 sw               x8, 268(x2)          x8:00000002  x2:10001598  PA:100016a4
20833353ns          349784 1c00814c 10912423 sw               x9, 264(x2)          x9:1c010000  x2:10001598  PA:100016a0
20833771ns          349805 1c008150 11212223 sw               x18, 260(x2)        x18:10001720  x2:10001598  PA:1000169c
20833811ns          349807 1c008154 11312023 sw               x19, 256(x2)        x19:xxxxxxxx  x2:10001598  PA:10001698
20833831ns          349808 1c008158 0f412e23 sw               x20, 252(x2)        x20:xxxxxxxx  x2:10001598  PA:10001694
20833851ns          349809 1c00815a 0f512c23 sw               x21, 248(x2)        x21:xxxxxxxx  x2:10001598  PA:10001690
20833870ns          349810 1c00815c 0f612a23 sw               x22, 244(x2)        x22:xxxxxxxx  x2:10001598  PA:1000168c
20833890ns          349811 1c00815e 0f712823 sw               x23, 240(x2)        x23:xxxxxxxx  x2:10001598  PA:10001688
20834288ns          349831 1c008160 0f812623 sw               x24, 236(x2)        x24:xxxxxxxx  x2:10001598  PA:10001684
20834308ns          349832 1c008162 0fb12023 sw               x27, 224(x2)        x27:xxxxxxxx  x2:10001598  PA:10001678
20834328ns          349833 1c008164 00b00cb3 add              x25, x0, x11        x25=10001720 x11:10001720
20834348ns          349834 1c008166 00c12e23 sw               x12, 28(x2)         x12:100016a8  x2:10001598  PA:100015b4
20834368ns          349835 1c008168 00d00d33 add              x26, x0, x13        x26=100016bc x13:100016bc
20834388ns          349836 1c00816a 01000733 add              x14, x0, x16        x14=10001614 x16:10001614
20834408ns          349837 1c00816c 019250fb lp.setupi        0x1, 0x19, 0x4     
20834805ns          349857 1c008170 0045268b p.lw             x13, 4(x10!)        x13=4134aef5 x10=1c01012c x10:1c010128  PA:1c010128
20835124ns          349873 1c008174 00d7222b p.sw             x13, 4(x14!)        x14=10001618 x13:4134aef5 x14:10001614  PA:10001614
20835143ns          349874 1c008170 0045268b p.lw             x13, 4(x10!)        x13=41099bbd x10=1c010130 x10:1c01012c  PA:1c01012c
20835462ns          349890 1c008174 00d7222b p.sw             x13, 4(x14!)        x14=1000161c x13:41099bbd x14:10001618  PA:10001618
20835482ns          349891 1c008170 0045268b p.lw             x13, 4(x10!)        x13=40fef26d x10=1c010134 x10:1c010130  PA:1c010130
20835800ns          349907 1c008174 00d7222b p.sw             x13, 4(x14!)        x14=10001620 x13:40fef26d x14:1000161c  PA:1000161c
20835820ns          349908 1c008170 0045268b p.lw             x13, 4(x10!)        x13=3ff01e38 x10=1c010138 x10:1c010134  PA:1c010134
20836138ns          349924 1c008174 00d7222b p.sw             x13, 4(x14!)        x14=10001624 x13:3ff01e38 x14:10001620  PA:10001620
20836158ns          349925 1c008170 0045268b p.lw             x13, 4(x10!)        x13=3fdb27bc x10=1c01013c x10:1c010138  PA:1c010138
20836476ns          349941 1c008174 00d7222b p.sw             x13, 4(x14!)        x14=10001628 x13:3fdb27bc x14:10001624  PA:10001624
20836496ns          349942 1c008170 0045268b p.lw             x13, 4(x10!)        x13=40d82e90 x10=1c010140 x10:1c01013c  PA:1c01013c
20836814ns          349958 1c008174 00d7222b p.sw             x13, 4(x14!)        x14=1000162c x13:40d82e90 x14:10001628  PA:10001628
20836834ns          349959 1c008170 0045268b p.lw             x13, 4(x10!)        x13=415ffbae x10=1c010144 x10:1c010140  PA:1c010140
20837152ns          349975 1c008174 00d7222b p.sw             x13, 4(x14!)        x14=10001630 x13:415ffbae x14:1000162c  PA:1000162c
20837172ns          349976 1c008170 0045268b p.lw             x13, 4(x10!)        x13=4115af2e x10=1c010148 x10:1c010144  PA:1c010144
20837491ns          349992 1c008174 00d7222b p.sw             x13, 4(x14!)        x14=10001634 x13:4115af2e x14:10001630  PA:10001630
20837510ns          349993 1c008170 0045268b p.lw             x13, 4(x10!)        x13=4098652e x10=1c01014c x10:1c010148  PA:1c010148
20837829ns          350009 1c008174 00d7222b p.sw             x13, 4(x14!)        x14=10001638 x13:4098652e x14:10001634  PA:10001634
20837849ns          350010 1c008170 0045268b p.lw             x13, 4(x10!)        x13=4080b728 x10=1c010150 x10:1c01014c  PA:1c01014c
20838167ns          350026 1c008174 00d7222b p.sw             x13, 4(x14!)        x14=1000163c x13:4080b728 x14:10001638  PA:10001638
20838187ns          350027 1c008170 0045268b p.lw             x13, 4(x10!)        x13=3ff33ae3 x10=1c010154 x10:1c010150  PA:1c010150
20838505ns          350043 1c008174 00d7222b p.sw             x13, 4(x14!)        x14=10001640 x13:3ff33ae3 x14:1000163c  PA:1000163c
20838525ns          350044 1c008170 0045268b p.lw             x13, 4(x10!)        x13=4057b8dc x10=1c010158 x10:1c010154  PA:1c010154
20838843ns          350060 1c008174 00d7222b p.sw             x13, 4(x14!)        x14=10001644 x13:4057b8dc x14:10001640  PA:10001640
20838863ns          350061 1c008170 0045268b p.lw             x13, 4(x10!)        x13=41668e92 x10=1c01015c x10:1c010158  PA:1c010158
20839181ns          350077 1c008174 00d7222b p.sw             x13, 4(x14!)        x14=10001648 x13:41668e92 x14:10001644  PA:10001644
20839201ns          350078 1c008170 0045268b p.lw             x13, 4(x10!)        x13=3fb09e84 x10=1c010160 x10:1c01015c  PA:1c01015c
20839519ns          350094 1c008174 00d7222b p.sw             x13, 4(x14!)        x14=1000164c x13:3fb09e84 x14:10001648  PA:10001648
20839539ns          350095 1c008170 0045268b p.lw             x13, 4(x10!)        x13=411cdaad x10=1c010164 x10:1c010160  PA:1c010160
20839858ns          350111 1c008174 00d7222b p.sw             x13, 4(x14!)        x14=10001650 x13:411cdaad x14:1000164c  PA:1000164c
20839877ns          350112 1c008170 0045268b p.lw             x13, 4(x10!)        x13=408cb022 x10=1c010168 x10:1c010164  PA:1c010164
20840196ns          350128 1c008174 00d7222b p.sw             x13, 4(x14!)        x14=10001654 x13:408cb022 x14:10001650  PA:10001650
20840216ns          350129 1c008170 0045268b p.lw             x13, 4(x10!)        x13=41009d5d x10=1c01016c x10:1c010168  PA:1c010168
20840534ns          350145 1c008174 00d7222b p.sw             x13, 4(x14!)        x14=10001658 x13:41009d5d x14:10001654  PA:10001654
20840554ns          350146 1c008170 0045268b p.lw             x13, 4(x10!)        x13=4102d38f x10=1c010170 x10:1c01016c  PA:1c01016c
20840872ns          350162 1c008174 00d7222b p.sw             x13, 4(x14!)        x14=1000165c x13:4102d38f x14:10001658  PA:10001658
20840892ns          350163 1c008170 0045268b p.lw             x13, 4(x10!)        x13=41450b62 x10=1c010174 x10:1c010170  PA:1c010170
20841210ns          350179 1c008174 00d7222b p.sw             x13, 4(x14!)        x14=10001660 x13:41450b62 x14:1000165c  PA:1000165c
20841230ns          350180 1c008170 0045268b p.lw             x13, 4(x10!)        x13=40cd33e3 x10=1c010178 x10:1c010174  PA:1c010174
20841548ns          350196 1c008174 00d7222b p.sw             x13, 4(x14!)        x14=10001664 x13:40cd33e3 x14:10001660  PA:10001660
20841568ns          350197 1c008170 0045268b p.lw             x13, 4(x10!)        x13=4024ff90 x10=1c01017c x10:1c010178  PA:1c010178
20841886ns          350213 1c008174 00d7222b p.sw             x13, 4(x14!)        x14=10001668 x13:4024ff90 x14:10001664  PA:10001664
20841906ns          350214 1c008170 0045268b p.lw             x13, 4(x10!)        x13=3f9edb5c x10=1c010180 x10:1c01017c  PA:1c01017c
20842225ns          350230 1c008174 00d7222b p.sw             x13, 4(x14!)        x14=1000166c x13:3f9edb5c x14:10001668  PA:10001668
20842244ns          350231 1c008170 0045268b p.lw             x13, 4(x10!)        x13=4082422c x10=1c010184 x10:1c010180  PA:1c010180
20842563ns          350247 1c008174 00d7222b p.sw             x13, 4(x14!)        x14=10001670 x13:4082422c x14:1000166c  PA:1000166c
20842583ns          350248 1c008170 0045268b p.lw             x13, 4(x10!)        x13=3f2d4af2 x10=1c010188 x10:1c010184  PA:1c010184
20842901ns          350264 1c008174 00d7222b p.sw             x13, 4(x14!)        x14=10001674 x13:3f2d4af2 x14:10001670  PA:10001670
20842921ns          350265 1c008170 0045268b p.lw             x13, 4(x10!)        x13=41318fc8 x10=1c01018c x10:1c010188  PA:1c010188
20843378ns          350288 1c008174 00d7222b p.sw             x13, 4(x14!)        x14=10001678 x13:41318fc8 x14:10001674  PA:10001674
20843398ns          350289 1c008178 02012623 sw               x0, 44(x2)           x2:10001598  PA:100015c4
20843418ns          350290 1c00817a 04012023 sw               x0, 64(x2)           x2:10001598  PA:100015d8
20843438ns          350291 1c00817c 04012a23 sw               x0, 84(x2)           x2:10001598  PA:100015ec
20843458ns          350292 1c00817e 02012823 sw               x0, 48(x2)           x2:10001598  PA:100015c8
20843478ns          350293 1c008180 04012223 sw               x0, 68(x2)           x2:10001598  PA:100015dc
20843498ns          350294 1c008182 04012c23 sw               x0, 88(x2)           x2:10001598  PA:100015f0
20843517ns          350295 1c008184 02012a23 sw               x0, 52(x2)           x2:10001598  PA:100015cc
20843537ns          350296 1c008186 04012423 sw               x0, 72(x2)           x2:10001598  PA:100015e0
20843557ns          350297 1c008188 04012e23 sw               x0, 92(x2)           x2:10001598  PA:100015f4
20843577ns          350298 1c00818a 02012c23 sw               x0, 56(x2)           x2:10001598  PA:100015d0
20843597ns          350299 1c00818c 04012623 sw               x0, 76(x2)           x2:10001598  PA:100015e4
20843617ns          350300 1c00818e 06012023 sw               x0, 96(x2)           x2:10001598  PA:100015f8
20843955ns          350317 1c008190 02012e23 sw               x0, 60(x2)           x2:10001598  PA:100015d4
20843975ns          350318 1c008192 04012823 sw               x0, 80(x2)           x2:10001598  PA:100015e8
20843995ns          350319 1c008194 06012223 sw               x0, 100(x2)          x2:10001598  PA:100015fc
20844015ns          350320 1c008196 01900eb3 add              x29, x0, x25        x29=10001720 x25:10001720
20844035ns          350321 1c008198 01a006b3 add              x13, x0, x26        x13=100016bc x26:100016bc
20844055ns          350322 1c00819a 01900733 add              x14, x0, x25        x14=10001720 x25:10001720
20844074ns          350323 1c00819c 019350fb lp.setupi        0x1, 0x19, 0x6     
20844472ns          350343 1c0081a0 00000313 addi             x6, x0, 0            x6=00000000
20844512ns          350345 1c0081a4 0067222b p.sw             x6, 4(x14!)         x14=10001724  x6:00000000 x14:10001720  PA:10001720
20844532ns          350346 1c0081a8 0066a22b p.sw             x6, 4(x13!)         x13=100016c0  x6:00000000 x13:100016bc  PA:100016bc
20844552ns          350347 1c0081a0 00000313 addi             x6, x0, 0            x6=00000000
20844572ns          350348 1c0081a4 0067222b p.sw             x6, 4(x14!)         x14=10001728  x6:00000000 x14:10001724  PA:10001724
20844592ns          350349 1c0081a8 0066a22b p.sw             x6, 4(x13!)         x13=100016c4  x6:00000000 x13:100016c0  PA:100016c0
20844611ns          350350 1c0081a0 00000313 addi             x6, x0, 0            x6=00000000
20844631ns          350351 1c0081a4 0067222b p.sw             x6, 4(x14!)         x14=1000172c  x6:00000000 x14:10001728  PA:10001728
20844651ns          350352 1c0081a8 0066a22b p.sw             x6, 4(x13!)         x13=100016c8  x6:00000000 x13:100016c4  PA:100016c4
20844671ns          350353 1c0081a0 00000313 addi             x6, x0, 0            x6=00000000
20844691ns          350354 1c0081a4 0067222b p.sw             x6, 4(x14!)         x14=10001730  x6:00000000 x14:1000172c  PA:1000172c
20844711ns          350355 1c0081a8 0066a22b p.sw             x6, 4(x13!)         x13=100016cc  x6:00000000 x13:100016c8  PA:100016c8
20844731ns          350356 1c0081a0 00000313 addi             x6, x0, 0            x6=00000000
20844751ns          350357 1c0081a4 0067222b p.sw             x6, 4(x14!)         x14=10001734  x6:00000000 x14:10001730  PA:10001730
20844771ns          350358 1c0081a8 0066a22b p.sw             x6, 4(x13!)         x13=100016d0  x6:00000000 x13:100016cc  PA:100016cc
20844790ns          350359 1c0081a0 00000313 addi             x6, x0, 0            x6=00000000
20844810ns          350360 1c0081a4 0067222b p.sw             x6, 4(x14!)         x14=10001738  x6:00000000 x14:10001734  PA:10001734
20844830ns          350361 1c0081a8 0066a22b p.sw             x6, 4(x13!)         x13=100016d4  x6:00000000 x13:100016d0  PA:100016d0
20844850ns          350362 1c0081a0 00000313 addi             x6, x0, 0            x6=00000000
20844870ns          350363 1c0081a4 0067222b p.sw             x6, 4(x14!)         x14=1000173c  x6:00000000 x14:10001738  PA:10001738
20844890ns          350364 1c0081a8 0066a22b p.sw             x6, 4(x13!)         x13=100016d8  x6:00000000 x13:100016d4  PA:100016d4
20844910ns          350365 1c0081a0 00000313 addi             x6, x0, 0            x6=00000000
20844930ns          350366 1c0081a4 0067222b p.sw             x6, 4(x14!)         x14=10001740  x6:00000000 x14:1000173c  PA:1000173c
20844950ns          350367 1c0081a8 0066a22b p.sw             x6, 4(x13!)         x13=100016dc  x6:00000000 x13:100016d8  PA:100016d8
20844969ns          350368 1c0081a0 00000313 addi             x6, x0, 0            x6=00000000
20844989ns          350369 1c0081a4 0067222b p.sw             x6, 4(x14!)         x14=10001744  x6:00000000 x14:10001740  PA:10001740
20845009ns          350370 1c0081a8 0066a22b p.sw             x6, 4(x13!)         x13=100016e0  x6:00000000 x13:100016dc  PA:100016dc
20845029ns          350371 1c0081a0 00000313 addi             x6, x0, 0            x6=00000000
20845049ns          350372 1c0081a4 0067222b p.sw             x6, 4(x14!)         x14=10001748  x6:00000000 x14:10001744  PA:10001744
20845069ns          350373 1c0081a8 0066a22b p.sw             x6, 4(x13!)         x13=100016e4  x6:00000000 x13:100016e0  PA:100016e0
20845089ns          350374 1c0081a0 00000313 addi             x6, x0, 0            x6=00000000
20845109ns          350375 1c0081a4 0067222b p.sw             x6, 4(x14!)         x14=1000174c  x6:00000000 x14:10001748  PA:10001748
20845129ns          350376 1c0081a8 0066a22b p.sw             x6, 4(x13!)         x13=100016e8  x6:00000000 x13:100016e4  PA:100016e4
20845149ns          350377 1c0081a0 00000313 addi             x6, x0, 0            x6=00000000
20845168ns          350378 1c0081a4 0067222b p.sw             x6, 4(x14!)         x14=10001750  x6:00000000 x14:1000174c  PA:1000174c
20845188ns          350379 1c0081a8 0066a22b p.sw             x6, 4(x13!)         x13=100016ec  x6:00000000 x13:100016e8  PA:100016e8
20845208ns          350380 1c0081a0 00000313 addi             x6, x0, 0            x6=00000000
20845228ns          350381 1c0081a4 0067222b p.sw             x6, 4(x14!)         x14=10001754  x6:00000000 x14:10001750  PA:10001750
20845248ns          350382 1c0081a8 0066a22b p.sw             x6, 4(x13!)         x13=100016f0  x6:00000000 x13:100016ec  PA:100016ec
20845268ns          350383 1c0081a0 00000313 addi             x6, x0, 0            x6=00000000
20845288ns          350384 1c0081a4 0067222b p.sw             x6, 4(x14!)         x14=10001758  x6:00000000 x14:10001754  PA:10001754
20845308ns          350385 1c0081a8 0066a22b p.sw             x6, 4(x13!)         x13=100016f4  x6:00000000 x13:100016f0  PA:100016f0
20845328ns          350386 1c0081a0 00000313 addi             x6, x0, 0            x6=00000000
20845347ns          350387 1c0081a4 0067222b p.sw             x6, 4(x14!)         x14=1000175c  x6:00000000 x14:10001758  PA:10001758
20845367ns          350388 1c0081a8 0066a22b p.sw             x6, 4(x13!)         x13=100016f8  x6:00000000 x13:100016f4  PA:100016f4
20845387ns          350389 1c0081a0 00000313 addi             x6, x0, 0            x6=00000000
20845407ns          350390 1c0081a4 0067222b p.sw             x6, 4(x14!)         x14=10001760  x6:00000000 x14:1000175c  PA:1000175c
20845427ns          350391 1c0081a8 0066a22b p.sw             x6, 4(x13!)         x13=100016fc  x6:00000000 x13:100016f8  PA:100016f8
20845447ns          350392 1c0081a0 00000313 addi             x6, x0, 0            x6=00000000
20845467ns          350393 1c0081a4 0067222b p.sw             x6, 4(x14!)         x14=10001764  x6:00000000 x14:10001760  PA:10001760
20845487ns          350394 1c0081a8 0066a22b p.sw             x6, 4(x13!)         x13=10001700  x6:00000000 x13:100016fc  PA:100016fc
20845507ns          350395 1c0081a0 00000313 addi             x6, x0, 0            x6=00000000
20845526ns          350396 1c0081a4 0067222b p.sw             x6, 4(x14!)         x14=10001768  x6:00000000 x14:10001764  PA:10001764
20845546ns          350397 1c0081a8 0066a22b p.sw             x6, 4(x13!)         x13=10001704  x6:00000000 x13:10001700  PA:10001700
20845566ns          350398 1c0081a0 00000313 addi             x6, x0, 0            x6=00000000
20845586ns          350399 1c0081a4 0067222b p.sw             x6, 4(x14!)         x14=1000176c  x6:00000000 x14:10001768  PA:10001768
20845606ns          350400 1c0081a8 0066a22b p.sw             x6, 4(x13!)         x13=10001708  x6:00000000 x13:10001704  PA:10001704
20845626ns          350401 1c0081a0 00000313 addi             x6, x0, 0            x6=00000000
20845646ns          350402 1c0081a4 0067222b p.sw             x6, 4(x14!)         x14=10001770  x6:00000000 x14:1000176c  PA:1000176c
20845666ns          350403 1c0081a8 0066a22b p.sw             x6, 4(x13!)         x13=1000170c  x6:00000000 x13:10001708  PA:10001708
20845686ns          350404 1c0081a0 00000313 addi             x6, x0, 0            x6=00000000
20845705ns          350405 1c0081a4 0067222b p.sw             x6, 4(x14!)         x14=10001774  x6:00000000 x14:10001770  PA:10001770
20845725ns          350406 1c0081a8 0066a22b p.sw             x6, 4(x13!)         x13=10001710  x6:00000000 x13:1000170c  PA:1000170c
20845745ns          350407 1c0081a0 00000313 addi             x6, x0, 0            x6=00000000
20845765ns          350408 1c0081a4 0067222b p.sw             x6, 4(x14!)         x14=10001778  x6:00000000 x14:10001774  PA:10001774
20845785ns          350409 1c0081a8 0066a22b p.sw             x6, 4(x13!)         x13=10001714  x6:00000000 x13:10001710  PA:10001710
20845805ns          350410 1c0081a0 00000313 addi             x6, x0, 0            x6=00000000
20845825ns          350411 1c0081a4 0067222b p.sw             x6, 4(x14!)         x14=1000177c  x6:00000000 x14:10001778  PA:10001778
20845845ns          350412 1c0081a8 0066a22b p.sw             x6, 4(x13!)         x13=10001718  x6:00000000 x13:10001714  PA:10001714
20845865ns          350413 1c0081a0 00000313 addi             x6, x0, 0            x6=00000000
20845884ns          350414 1c0081a4 0067222b p.sw             x6, 4(x14!)         x14=10001780  x6:00000000 x14:1000177c  PA:1000177c
20845904ns          350415 1c0081a8 0066a22b p.sw             x6, 4(x13!)         x13=1000171c  x6:00000000 x13:10001718  PA:10001718
20845924ns          350416 1c0081a0 00000313 addi             x6, x0, 0            x6=00000000
20845944ns          350417 1c0081a4 0067222b p.sw             x6, 4(x14!)         x14=10001784  x6:00000000 x14:10001780  PA:10001780
20845964ns          350418 1c0081a8 0066a22b p.sw             x6, 4(x13!)         x13=10001720  x6:00000000 x13:1000171c  PA:1000171c
20845984ns          350419 1c0081ac 010c8793 addi             x15, x25, 16        x15=10001730 x25:10001720
20846422ns          350441 1c0081b0 1c0003b7 lui              x7, 0x1c000000       x7=1c000000
20846461ns          350443 1c0081b4 04010913 addi             x18, x2, 64         x18=100015d8  x2:10001598
20846481ns          350444 1c0081b8 08c10693 addi             x13, x2, 140        x13=10001624  x2:10001598
20846501ns          350445 1c0081ba 00000b13 addi             x22, x0, 0          x22=00000000
20846521ns          350446 1c0081bc 00000d93 addi             x27, x0, 0          x27=00000000
20846541ns          350447 1c0081be 05410593 addi             x11, x2, 84         x11=100015ec  x2:10001598
20846939ns          350467 1c0081c0 0203a403 lw               x8, 32(x7)           x8=3f800000  x7:1c000000  PA:1c000020
20847257ns          350483 1c0081c4 01480713 addi             x14, x16, 20        x14=10001628 x16:10001614
20847277ns          350484 1c0081c8 010d0a13 addi             x20, x26, 16        x20=100016cc x26:100016bc
20847297ns          350485 1c0081cc 004d0a93 addi             x21, x26, 4         x21=100016c0 x26:100016bc
20847496ns          350495 1c0081d0 019003b3 add              x7, x0, x25          x7=10001720 x25:10001720
20847516ns          350496 1c0081d2 01912a23 sw               x25, 20(x2)         x25:10001720  x2:10001598  PA:100015ac
20847535ns          350497 1c0081d4 01a12c23 sw               x26, 24(x2)         x26:100016bc  x2:10001598  PA:100015b0
20847555ns          350498 1c0081d6 00d00cb3 add              x25, x0, x13        x25=10001624 x13:10001624
20847575ns          350499 1c0081d8 00f00d33 add              x26, x0, x15        x26=10001730 x15:10001730
20847595ns          350500 1c0081da 00b12423 sw               x11, 8(x2)          x11:100015ec  x2:10001598  PA:100015a0
20847615ns          350501 1c0081dc 01212623 sw               x18, 12(x2)         x18:100015d8  x2:10001598  PA:100015a4
20847635ns          350502 1c0081de 01d12823 sw               x29, 16(x2)         x29:10001720  x2:10001598  PA:100015a8
20848013ns          350521 1c0081e0 001d8793 addi             x15, x27, 1         x15=00000001 x27:00000000
20848053ns          350523 1c0081e4 006b0693 addi             x13, x22, 6         x13=00000006 x22:00000000
20848072ns          350524 1c0081e8 05810493 addi             x9, x2, 88           x9=100015f0  x2:10001598
20848092ns          350525 1c0081ea 00e00c33 add              x24, x0, x14        x24=10001628 x14:10001628
20848112ns          350526 1c0081ec 02c10b93 addi             x23, x2, 44         x23=100015c4  x2:10001598
20848530ns          350547 1c0081f0 01200e33 add              x28, x0, x18        x28=100015d8 x18:100015d8
20848550ns          350548 1c0081f2 00500f13 addi             x30, x0, 5          x30=00000005
20848570ns          350549 1c0081f4 00200993 addi             x19, x0, 2          x19=00000002
20848590ns          350550 1c0081f6 00000513 addi             x10, x0, 0          x10=00000000
20848609ns          350551 1c0081f8 00600633 add              x12, x0, x6         x12=00000000  x6:00000000
20848629ns          350552 1c0081fa 54d7d1e3 bge              x15, x13, 3394      x15:00000001 x13:00000006
20849047ns          350573 1c0081fe 410c05b3 sub              x11, x24, x16       x11=00000014 x24:10001628 x16:10001614
20849087ns          350575 1c008202 1c0006b7 lui              x13, 0x1c000000     x13=1c000000
20849107ns          350576 1c008206 ffc58593 addi             x11, x11, -4        x11=00000010 x11:00000014
20849127ns          350577 1c008208 01c68693 addi             x13, x13, 28        x13=1c00001c x13:1c000000
20849147ns          350578 1c00820c 0025d593 srli             x11, x11, 0x2       x11=00000004 x11:00000010
20849564ns          350599 1c00820e 0006a883 lw               x17, 0(x13)         x17=00800000 x13:1c00001c  PA:1c00001c
20849863ns          350614 1c008212 01000333 add              x6, x0, x16          x6=10001614 x16:10001614
20849883ns          350615 1c008214 00000793 addi             x15, x0, 0          x15=00000000
20849902ns          350616 1c008218 00158593 addi             x11, x11, 1         x11=00000005 x11:00000004
20849922ns          350617 1c00821a 0043268b p.lw             x13, 4(x6!)         x13=4134aef5  x6=10001618  x6:10001614  PA:10001614
20850121ns          350627 1c00821e a0c69ed3 flt.s            x29, f13, f12       x29=00000000 f13:4134aef5 f12:00000000
20850161ns          350629 1c008222 000e8463 beq              x29, x0, 8          x29:00000000
20850241ns          350633 1c00822a a0d89ed3 flt.s            x29, f17, f13       x29=00000001 f17:00800000 f13:4134aef5
20850678ns          350655 1c00822e 480e8e63 beq              x29, x0, 1180       x29:00000001
20850718ns          350657 1c008232 18d8fed3 fdiv.s           f29, f17, f13       f29=xxxxxxxx f17:00800000 f13:4134aef5
20851474ns          350695 1c008236 11d7f7d3 fmul.s           f15, f15, f29       f15=xxxxxxxx f15:00000000 f29:000b55b2
20851494ns          350696 1c00823a 00d008b3 add              x17, x0, x13        x17=4134aef5 x13:4134aef5
20851514ns          350697 1c00823c 40fef7c3 fmadd.s          f15, f29, f15, f8   f15=xxxxxxxx f29:000b55b2 f15:00000000  f8:3f800000
20851533ns          350698 1c008240 fff58593 addi             x11, x11, -1        x11=00000004 x11:00000005
20851553ns          350699 1c008242 fc059ce3 bne              x11, x0, -40        x11:00000004
20851832ns          350713 1c00821a 0043268b p.lw             x13, 4(x6!)         x13=41099bbd  x6=1000161c  x6:10001618  PA:10001618
20851872ns          350715 1c00821e a0c69ed3 flt.s            x29, f13, f12       x29=00000000 f13:41099bbd f12:00000000
20851891ns          350716 1c008222 000e8463 beq              x29, x0, 8          x29:00000000
20851971ns          350720 1c00822a a0d89ed3 flt.s            x29, f17, f13       x29=00000000 f17:4134aef5 f13:41099bbd
20851991ns          350721 1c00822e 480e8e63 beq              x29, x0, 1180       x29:00000000
20852130ns          350728 1c0086ca 1916f6d3 fdiv.s           f13, f13, f17       f13=xxxxxxxx f13:41099bbd f17:4134aef5
20852747ns          350759 1c0086ce 78d6f7c3 fmadd.s          f15, f13, f13, f15  f15=xxxxxxxx f13:3f42f82a f13:3f42f82a f15:3f800000
20852767ns          350760 1c0086d2 fff58593 addi             x11, x11, -1        x11=00000003 x11:00000004
20852787ns          350761 1c0086d4 b40593e3 bne              x11, x0, -1210      x11:00000003
20853065ns          350775 1c00821a 0043268b p.lw             x13, 4(x6!)         x13=40fef26d  x6=10001620  x6:1000161c  PA:1000161c
20853105ns          350777 1c00821e a0c69ed3 flt.s            x29, f13, f12       x29=00000000 f13:40fef26d f12:00000000
20853125ns          350778 1c008222 000e8463 beq              x29, x0, 8          x29:00000000
20853204ns          350782 1c00822a a0d89ed3 flt.s            x29, f17, f13       x29=00000000 f17:4134aef5 f13:40fef26d
20853224ns          350783 1c00822e 480e8e63 beq              x29, x0, 1180       x29:00000000
20853304ns          350787 1c0086ca 1916f6d3 fdiv.s           f13, f13, f17       f13=xxxxxxxx f13:40fef26d f17:4134aef5
20853841ns          350814 1c0086ce 78d6f7c3 fmadd.s          f15, f13, f13, f15  f15=xxxxxxxx f13:3f349c21 f13:3f349c21 f15:3fca3e88
20853861ns          350815 1c0086d2 fff58593 addi             x11, x11, -1        x11=00000002 x11:00000003
20853881ns          350816 1c0086d4 b40593e3 bne              x11, x0, -1210      x11:00000002
20853960ns          350820 1c00821a 0043268b p.lw             x13, 4(x6!)         x13=3ff01e38  x6=10001624  x6:10001620  PA:10001620
20854000ns          350822 1c00821e a0c69ed3 flt.s            x29, f13, f12       x29=00000000 f13:3ff01e38 f12:00000000
20854020ns          350823 1c008222 000e8463 beq              x29, x0, 8          x29:00000000
20854099ns          350827 1c00822a a0d89ed3 flt.s            x29, f17, f13       x29=00000000 f17:4134aef5 f13:3ff01e38
20854119ns          350828 1c00822e 480e8e63 beq              x29, x0, 1180       x29:00000000
20854199ns          350832 1c0086ca 1916f6d3 fdiv.s           f13, f13, f17       f13=xxxxxxxx f13:3ff01e38 f17:4134aef5
20854955ns          350870 1c0086ce 78d6f7c3 fmadd.s          f15, f13, f13, f15  f15=xxxxxxxx f13:3e2a1ad1 f13:3e2a1ad1 f15:4004fa3f
20854975ns          350871 1c0086d2 fff58593 addi             x11, x11, -1        x11=00000001 x11:00000002
20854994ns          350872 1c0086d4 b40593e3 bne              x11, x0, -1210      x11:00000001
20855074ns          350876 1c00821a 0043268b p.lw             x13, 4(x6!)         x13=3fdb27bc  x6=10001628  x6:10001624  PA:10001624
20855114ns          350878 1c00821e a0c69ed3 flt.s            x29, f13, f12       x29=00000000 f13:3fdb27bc f12:00000000
20855134ns          350879 1c008222 000e8463 beq              x29, x0, 8          x29:00000000
20855213ns          350883 1c00822a a0d89ed3 flt.s            x29, f17, f13       x29=00000000 f17:4134aef5 f13:3fdb27bc
20855233ns          350884 1c00822e 480e8e63 beq              x29, x0, 1180       x29:00000000
20855313ns          350888 1c0086ca 1916f6d3 fdiv.s           f13, f13, f17       f13=xxxxxxxx f13:3fdb27bc f17:4134aef5
20856069ns          350926 1c0086ce 78d6f7c3 fmadd.s          f15, f13, f13, f15  f15=xxxxxxxx f13:3e1b4116 f13:3e1b4116 f15:4006be5e
20856088ns          350927 1c0086d2 fff58593 addi             x11, x11, -1        x11=00000000 x11:00000001
20856108ns          350928 1c0086d4 b40593e3 bne              x11, x0, -1210      x11:00000000
20856128ns          350929 1c0086d8 b6dff06f jal              x0, -1172          
20856208ns          350933 1c008244 5807f7d3 fsqrt.s          f15, f15            f15=xxxxxxxx f15:400836fe
20857202ns          350983 1c008248 10f8f8d3 fmul.s           f17, f17, f15       f17=xxxxxxxx f17:4134aef5 f15:3fbabcde
20857222ns          350984 1c00824c a11617d3 flt.s            x15, f12, f17       x15=00000001 f12:00000000 f17:4183cc6b
20857242ns          350985 1c008250 500786e3 beq              x15, x0, 3340       x15:00000001
20857262ns          350986 1c008254 00082783 lw               x15, 0(x16)         x15=4134aef5 x16:10001614  PA:10001614
20857282ns          350987 1c008258 211895d3 fsgnjn.s         f11, f17, f17       f11=xxxxxxxx f17:4183cc6b f17:4183cc6b
20857302ns          350988 1c00825c a0c796d3 flt.s            x13, f15, f12       x13=00000000 f15:4134aef5 f12:00000000
20857342ns          350990 1c008260 00068363 beq              x13, x0, 6          x13:00000000
20857421ns          350994 1c008266 011ba023 sw               x17, 0(x23)         x17:4183cc6b x23:100015c4  PA:100015c4
20857441ns          350995 1c00826a a0c89353 flt.s            x6, f17, f12         x6=00000000 f17:4183cc6b f12:00000000
20857461ns          350996 1c00826e 00b006b3 add              x13, x0, x11        x13=c183cc6b x11:c183cc6b
20857779ns          351012 1c008270 00031363 bne              x6, x0, 6            x6:00000000
20857819ns          351014 1c008274 011006b3 add              x13, x0, x17        x13=4183cc6b x17:4183cc6b
20857839ns          351015 1c008276 1c000fb7 lui              x31, 0x1c000000     x31=1c000000
20857859ns          351016 1c00827a 028f8f93 addi             x31, x31, 40        x31=1c000028 x31:1c000000
20858316ns          351039 1c00827e 000faf83 lw               x31, 0(x31)         x31=0c000000 x31:1c000028  PA:1c000028
20858674ns          351057 1c008282 005b0313 addi             x6, x22, 5           x6=00000005 x22:00000000
20858694ns          351058 1c008286 a0df86d3 fle.s            x13, f31, f13       x13=00000001 f31:0c000000 f13:4183cc6b
20858714ns          351059 1c00828a 4c068ee3 beq              x13, x0, 3292       x13:00000001
20859112ns          351079 1c00828e 1c0006b7 lui              x13, 0x1c000000     x13=1c000000
20859152ns          351081 1c008292 02068693 addi             x13, x13, 32        x13=1c000020 x13:1c000000
20859171ns          351082 1c008296 0006a683 lw               x13, 0(x13)         x13=3f800000 x13:1c000020  PA:1c000020
20859589ns          351103 1c008298 1916f8d3 fdiv.s           f17, f13, f17       f17=xxxxxxxx f13:3f800000 f17:4183cc6b
20859987ns          351123 1c00829c 026dd263 bge              x27, x6, 36         x27:00000000  x6:00000005
20860007ns          351124 1c0082a0 410c06b3 sub              x13, x24, x16       x13=00000010 x24:10001628 x16:10001614
20860027ns          351125 1c0082a4 ffc68693 addi             x13, x13, -4        x13=00000004 x13:00000014
20860047ns          351126 1c0082a6 0026d693 srli             x13, x13, 0x2       x13=xxxxxxxx x13:00000010
20860067ns          351127 1c0082a8 01000eb3 add              x29, x0, x16        x29=xxxxxxxx x16:10001614
20860086ns          351128 1c0082aa 00168693 addi             x13, x13, 1         x13=xxxxxxxx x13:00000004
20860106ns          351129 1c0082ac 0066c0fb lp.setup         0x1, x13, 0x6       x13:00000005  PA:10001614
20860146ns          351131 1c0082b0 000ea783 lw               x15, 0(x29)         x15=40fef26d x29:10001614
20860246ns          351136 1c0082b4 1117f7d3 fmul.s           f15, f15, f17       f15=xxxxxxxx f15:4134aef5 f17:3d789f37
20860265ns          351137 1c0082b8 00fea22b p.sw             x15, 4(x29!)        x29=10001618 x15:3f2f79dd x29:10001614  PA:10001614
20860285ns          351138 1c0082b0 000ea783 lw               x15, 0(x29)         x15=xxxxxxxx x29:10001618  PA:10001618
20860325ns          351140 1c0082b4 1117f7d3 fmul.s           f15, f15, f17       f15=xxxxxxxx f15:41099bbd f17:3d789f37
20860345ns          351141 1c0082b8 00fea22b p.sw             x15, 4(x29!)        x29=1000161c x15:3f05a474 x29:10001618  PA:10001618
20860365ns          351142 1c0082b0 000ea783 lw               x15, 0(x29)         x15=xxxxxxxx x29:1000161c  PA:1000161c
20860405ns          351144 1c0082b4 1117f7d3 fmul.s           f15, f15, f17       f15=xxxxxxxx f15:40fef26d f17:3d789f37
20860425ns          351145 1c0082b8 00fea22b p.sw             x15, 4(x29!)        x29=10001620 x15:3ef79969 x29:1000161c  PA:1000161c
20860444ns          351146 1c0082b0 000ea783 lw               x15, 0(x29)         x15=xxxxxxxx x29:10001620  PA:10001620
20860484ns          351148 1c0082b4 1117f7d3 fmul.s           f15, f15, f17       f15=xxxxxxxx f15:3ff01e38 f17:3d789f37
20860504ns          351149 1c0082b8 00fea22b p.sw             x15, 4(x29!)        x29=10001624 x15:3de9329d x29:10001620  PA:10001620
20860524ns          351150 1c0082b0 000ea783 lw               x15, 0(x29)         x15=3f2f79dd x29:10001624  PA:10001624
20860564ns          351152 1c0082b4 1117f7d3 fmul.s           f15, f15, f17       f15=xxxxxxxx f15:3fdb27bc f17:3d789f37
20860584ns          351153 1c0082b8 00fea22b p.sw             x15, 4(x29!)        x29=10001628 x15:3dd4d6cb x29:10001624  PA:10001624
20860604ns          351154 1c0082bc 00082783 lw               x15, 0(x16)         x15=xxxxxxxx x16:10001614  PA:10001614
20860962ns          351172 1c0082c0 1c0008b7 lui              x17, 0x1c000000     x17=1c000000
20861001ns          351174 1c0082c4 02088893 addi             x17, x17, 32        x17=1c000020 x17:1c000000
20861021ns          351175 1c0082c8 0008a883 lw               x17, 0(x17)         x17=3f800000 x17:1c000020  PA:1c000020
20861479ns          351198 1c0082cc 00bba023 sw               x11, 0(x23)         x11:c183cc6b x23:100015c4  PA:100015c4
20861499ns          351199 1c0082d0 0117f7d3 fadd.s           f15, f15, f17       f15=xxxxxxxx f15:3f2f79dd f17:3f800000
20861519ns          351200 1c0082d4 00100f93 addi             x31, x0, 1          x31=00000001
20861538ns          351201 1c0082d6 00f82023 sw               x15, 0(x16)         x15:3fd7bcee x16:10001614  PA:10001614
20861578ns          351203 1c0082da 00812e83 lw               x29, 8(x2)          x29=100015ec  x2:10001598  PA:100015a0
20861598ns          351204 1c0082dc 004e0293 addi             x5, x28, 4           x5=100015dc x28:100015d8
20861976ns          351223 1c0082e0 405e86b3 sub              x13, x29, x5        x13=00000010 x29:100015ec  x5:100015dc
20862016ns          351225 1c0082e4 ffc68693 addi             x13, x13, -4        x13=0000000c x13:00000010
20862036ns          351226 1c0082e6 0026d693 srli             x13, x13, 0x2       x13=00000003 x13:0000000c
20862056ns          351227 1c0082e8 00150513 addi             x10, x10, 1         x10=00000001 x10:00000000
20862076ns          351228 1c0082ea 005005b3 add              x11, x0, x5         x11=100015dc  x5:100015dc
20862095ns          351229 1c0082ec 00168693 addi             x13, x13, 1         x13=00000004 x13:00000003
20862115ns          351230 1c0082ee 00a00933 add              x18, x0, x10        x18=00000001 x10:00000001
20862493ns          351249 1c0082f0 01c12223 sw               x28, 4(x2)          x28:100015d8  x2:10001598  PA:1000159c
20862533ns          351251 1c0082f2 0306c0fb lp.setup         0x1, x13, 0x30      x13:00000004
20862553ns          351252 1c0082f6 040f8c63 beq              x31, x0, 88         x31:00000001
20862573ns          351253 1c0082fa 00082503 lw               x10, 0(x16)         x10=3fd7bcee x16:10001614  PA:10001614
20863030ns          351276 1c0082fe 00072883 lw               x17, 0(x14)         x17=40d82e90 x14:10001628  PA:10001628
20863070ns          351278 1c008302 00472303 lw               x6, 4(x14)           x6=415ffbae x14:10001628  PA:1000162c
20863090ns          351279 1c008306 611577c3 fmadd.s          f15, f10, f17, f12  f15=xxxxxxxx f10:3fd7bcee f17:40d82e90 f12:00000000
20863110ns          351280 1c00830a 00482e83 lw               x29, 4(x16)         x29=3f05a474 x16:10001614  PA:10001618
20863547ns          351302 1c00830e 786ef7c3 fmadd.s          f15, f29, f6, f15   f15=xxxxxxxx f29:3f05a474  f6:415ffbae f15:41362ea6
20863587ns          351304 1c008312 022f2863 p.beqimm         x30, 48             x30:00000005
20863607ns          351305 1c008316 00882e03 lw               x28, 8(x16)         x28=3ef79969 x16:10001614  PA:1000161c
20863627ns          351306 1c00831a 00872e83 lw               x29, 8(x14)         x29=4115af2e x14:10001628  PA:10001630
20864065ns          351328 1c00831e 79de77c3 fmadd.s          f15, f28, f29, f15  f15=xxxxxxxx f28:3ef79969 f29:4115af2e f15:41958e25
20864104ns          351330 1c008322 023f2063 p.beqimm         x30, 32             x30:00000005
20864124ns          351331 1c008326 00c82e03 lw               x28, 12(x16)        x28=3de9329d x16:10001614  PA:10001620
20864144ns          351332 1c00832a 00c72e83 lw               x29, 12(x14)        x29=4098652e x14:10001628  PA:10001634
20864582ns          351354 1c00832e 79de77c3 fmadd.s          f15, f28, f29, f15  f15=xxxxxxxx f28:3de9329d f29:4098652e f15:41b9bf93
20864622ns          351356 1c008332 005f3863 p.bneimm         x30, 16             x30:00000005
20864641ns          351357 1c008336 01082e03 lw               x28, 16(x16)        x28=3dd4d6cb x16:10001614  PA:10001624
20864661ns          351358 1c00833a 01072e83 lw               x29, 16(x14)        x29=4080b728 x14:10001628  PA:10001638
20865119ns          351381 1c00833e 79de77c3 fmadd.s          f15, f28, f29, f15  f15=xxxxxxxx f28:3dd4d6cb f29:4080b728 f15:41be1625
20865159ns          351383 1c008342 18a7f7d3 fdiv.s           f15, f15, f10       f15=xxxxxxxx f15:41c16e42 f10:3fd7bcee
20865895ns          351420 1c008346 a0c7aed3 feq.s            x29, f15, f12       x29=00000000 f15:41658794 f12:00000000
20865914ns          351421 1c00834a 300e80e3 beq              x29, x0, 2816       x29:00000000
20866133ns          351432 1c008e4a 20f797d3 fsgnjn.s         f15, f15, f15       f15=xxxxxxxx f15:41658794 f15:41658794
20866571ns          351454 1c008e4e 88a7f543 fmadd.s          f10, f15, f10, f17  f10=xxxxxxxx f15:c1658794 f10:3fd7bcee f17:40d82e90
20866591ns          351455 1c008e52 00a72023 sw               x10, 0(x14)         x10:c18b629e x14:10001628  PA:10001628
20866611ns          351456 1c008e54 00482503 lw               x10, 4(x16)         x10=3f05a474 x16:10001614  PA:10001618
20866650ns          351458 1c008e58 30a7f343 fmadd.s          f6, f15, f10, f6     f6=xxxxxxxx f15:c1658794 f10:3f05a474  f6:415ffbae
20866670ns          351459 1c008e5c 00672223 sw               x6, 4(x14)           x6:40d05196 x14:10001628  PA:1000162c
20867088ns          351480 1c008e60 ce2f2763 p.beqimm         x30, -2834          x30:00000005
20867128ns          351482 1c008e64 00882503 lw               x10, 8(x16)         x10=3ef79969 x16:10001614  PA:1000161c
20867148ns          351483 1c008e68 00872883 lw               x17, 8(x14)         x17=4115af2e x14:10001628  PA:10001630
20867187ns          351485 1c008e6c 88a7f543 fmadd.s          f10, f15, f10, f17  f10=xxxxxxxx f15:c1658794 f10:3ef79969 f17:4115af2e
20867605ns          351506 1c008e70 00a72423 sw               x10, 8(x14)         x10:401abe00 x14:10001628  PA:10001630
20867645ns          351508 1c008e72 cc3f2e63 p.beqimm         x30, -2852          x30:00000005
20867665ns          351509 1c008e76 00c82503 lw               x10, 12(x16)        x10=3de9329d x16:10001614  PA:10001620
20867685ns          351510 1c008e7a 00c72883 lw               x17, 12(x14)        x17=4098652e x14:10001628  PA:10001634
20868142ns          351533 1c008e7e 88a7f543 fmadd.s          f10, f15, f10, f17  f10=xxxxxxxx f15:c1658794 f10:3de9329d f17:4098652e
20868162ns          351534 1c008e82 00a72623 sw               x10, 12(x14)        x10:40483f79 x14:10001628  PA:10001634
20868182ns          351535 1c008e84 cc5f3563 p.bneimm         x30, -2870          x30:00000005
20868202ns          351536 1c008e88 01082883 lw               x17, 16(x16)        x17=3dd4d6cb x16:10001614  PA:10001624
20868222ns          351537 1c008e8c 01072503 lw               x10, 16(x14)        x10=4080b728 x14:10001628  PA:10001638
20868639ns          351558 1c008e8e 5117f7c3 fmadd.s          f15, f15, f17, f10  f15=xxxxxxxx f15:c1658794 f17:3dd4d6cb f10:4080b728
20868659ns          351559 1c008e92 00f72823 sw               x15, 16(x14)        x15:402203e2 x14:10001628  PA:10001638
20868679ns          351560 1c008e94 cbaff06f jal              x0, -2886          
20868739ns          351563 1c00834e 0147278b p.lw             x15, 20(x14!)       x15=c18b629e x14=1000163c x14:10001628  PA:10001628
20868779ns          351565 1c008352 00f5a22b p.sw             x15, 4(x11!)        x11=100015e0 x15:c18b629e x11:100015dc  PA:100015dc
20868858ns          351569 1c0082f6 040f8c63 beq              x31, x0, 88         x31:00000001
20868878ns          351570 1c0082fa 00082503 lw               x10, 0(x16)         x10=3fd7bcee x16:10001614  PA:10001614
20868898ns          351571 1c0082fe 00072883 lw               x17, 0(x14)         x17=3ff33ae3 x14:1000163c  PA:1000163c
20868958ns          351574 1c008302 00472303 lw               x6, 4(x14)           x6=4057b8dc x14:1000163c  PA:10001640
20868998ns          351576 1c008306 611577c3 fmadd.s          f15, f10, f17, f12  f15=xxxxxxxx f10:3fd7bcee f17:3ff33ae3 f12:00000000
20869017ns          351577 1c00830a 00482e83 lw               x29, 4(x16)         x29=3f05a474 x16:10001614  PA:10001618
20869057ns          351579 1c00830e 786ef7c3 fmadd.s          f15, f29, f6, f15   f15=xxxxxxxx f29:3f05a474  f6:4057b8dc f15:404cf9f6
20869077ns          351580 1c008312 022f2863 p.beqimm         x30, 48             x30:00000005
20869097ns          351581 1c008316 00882e03 lw               x28, 8(x16)         x28=3ef79969 x16:10001614  PA:1000161c
20869117ns          351582 1c00831a 00872e83 lw               x29, 8(x14)         x29=41668e92 x14:1000163c  PA:10001644
20869157ns          351584 1c00831e 79de77c3 fmadd.s          f15, f28, f29, f15  f15=xxxxxxxx f28:3ef79969 f29:41668e92 f15:409ecbca
20869177ns          351585 1c008322 023f2063 p.beqimm         x30, 32             x30:00000005
20869196ns          351586 1c008326 00c82e03 lw               x28, 12(x16)        x28=3de9329d x16:10001614  PA:10001620
20869216ns          351587 1c00832a 00c72e83 lw               x29, 12(x14)        x29=3fb09e84 x14:1000163c  PA:10001648
20869256ns          351589 1c00832e 79de77c3 fmadd.s          f15, f28, f29, f15  f15=xxxxxxxx f28:3de9329d f29:3fb09e84 f15:413ee4c1
20869276ns          351590 1c008332 005f3863 p.bneimm         x30, 16             x30:00000005
20869296ns          351591 1c008336 01082e03 lw               x28, 16(x16)        x28=3dd4d6cb x16:10001614  PA:10001624
20869316ns          351592 1c00833a 01072e83 lw               x29, 16(x14)        x29=411cdaad x14:1000163c  PA:1000164c
20869356ns          351594 1c00833e 79de77c3 fmadd.s          f15, f28, f29, f15  f15=xxxxxxxx f28:3dd4d6cb f29:411cdaad f15:4141684e
20869375ns          351595 1c008342 18a7f7d3 fdiv.s           f15, f15, f10       f15=xxxxxxxx f15:4151b564 f10:3fd7bcee
20870072ns          351630 1c008346 a0c7aed3 feq.s            x29, f15, f12       x29=00000000 f15:40f8d866 f12:00000000
20870092ns          351631 1c00834a 300e80e3 beq              x29, x0, 2816       x29:00000000
20870171ns          351635 1c008e4a 20f797d3 fsgnjn.s         f15, f15, f15       f15=xxxxxxxx f15:40f8d866 f15:40f8d866
20870191ns          351636 1c008e4e 88a7f543 fmadd.s          f10, f15, f10, f17  f10=xxxxxxxx f15:c0f8d866 f10:3fd7bcee f17:3ff33ae3
20870211ns          351637 1c008e52 00a72023 sw               x10, 0(x14)         x10:c1334e08 x14:1000163c  PA:1000163c
20870231ns          351638 1c008e54 00482503 lw               x10, 4(x16)         x10=3f05a474 x16:10001614  PA:10001618
20870271ns          351640 1c008e58 30a7f343 fmadd.s          f6, f15, f10, f6     f6=xxxxxxxx f15:c0f8d866 f10:3f05a474  f6:4057b8dc
20870290ns          351641 1c008e5c 00672223 sw               x6, 4(x14)           x6:bf305ed3 x14:1000163c  PA:10001640
20870310ns          351642 1c008e60 ce2f2763 p.beqimm         x30, -2834          x30:00000005
20870330ns          351643 1c008e64 00882503 lw               x10, 8(x16)         x10=3ef79969 x16:10001614  PA:1000161c
20870350ns          351644 1c008e68 00872883 lw               x17, 8(x14)         x17=41668e92 x14:1000163c  PA:10001644
20870390ns          351646 1c008e6c 88a7f543 fmadd.s          f10, f15, f10, f17  f10=xxxxxxxx f15:c0f8d866 f10:3ef79969 f17:41668e92
20870410ns          351647 1c008e70 00a72423 sw               x10, 8(x14)         x10:412a6318 x14:1000163c  PA:10001644
20870430ns          351648 1c008e72 cc3f2e63 p.beqimm         x30, -2852          x30:00000005
20870450ns          351649 1c008e76 00c82503 lw               x10, 12(x16)        x10=3de9329d x16:10001614  PA:10001620
20870469ns          351650 1c008e7a 00c72883 lw               x17, 12(x14)        x17=3fb09e84 x14:1000163c  PA:10001648
20870509ns          351652 1c008e7e 88a7f543 fmadd.s          f10, f15, f10, f17  f10=xxxxxxxx f15:c0f8d866 f10:3de9329d f17:3fb09e84
20870529ns          351653 1c008e82 00a72623 sw               x10, 12(x14)        x10:3efd1dc1 x14:1000163c  PA:10001648
20870549ns          351654 1c008e84 cc5f3563 p.bneimm         x30, -2870          x30:00000005
20870569ns          351655 1c008e88 01082883 lw               x17, 16(x16)        x17=3dd4d6cb x16:10001614  PA:10001624
20870589ns          351656 1c008e8c 01072503 lw               x10, 16(x14)        x10=411cdaad x14:1000163c  PA:1000164c
20870629ns          351658 1c008e8e 5117f7c3 fmadd.s          f15, f15, f17, f10  f15=xxxxxxxx f15:c0f8d866 f17:3dd4d6cb f10:411cdaad
20870648ns          351659 1c008e92 00f72823 sw               x15, 16(x14)        x15:410fec6d x14:1000163c  PA:1000164c
20870668ns          351660 1c008e94 cbaff06f jal              x0, -2886          
20870728ns          351663 1c00834e 0147278b p.lw             x15, 20(x14!)       x15=c1334e08 x14=10001650 x14:1000163c  PA:1000163c
20870768ns          351665 1c008352 00f5a22b p.sw             x15, 4(x11!)        x11=100015e4 x15:c1334e08 x11:100015e0  PA:100015e0
20870788ns          351666 1c0082f6 040f8c63 beq              x31, x0, 88         x31:00000001
20870808ns          351667 1c0082fa 00082503 lw               x10, 0(x16)         x10=3fd7bcee x16:10001614  PA:10001614
20870827ns          351668 1c0082fe 00072883 lw               x17, 0(x14)         x17=408cb022 x14:10001650  PA:10001650
20870847ns          351669 1c008302 00472303 lw               x6, 4(x14)           x6=41009d5d x14:10001650  PA:10001654
20870867ns          351670 1c008306 611577c3 fmadd.s          f15, f10, f17, f12  f15=xxxxxxxx f10:3fd7bcee f17:408cb022 f12:00000000
20870887ns          351671 1c00830a 00482e83 lw               x29, 4(x16)         x29=3f05a474 x16:10001614  PA:10001618
20870927ns          351673 1c00830e 786ef7c3 fmadd.s          f15, f29, f6, f15   f15=xxxxxxxx f29:3f05a474  f6:41009d5d f15:40ed1f81
20870947ns          351674 1c008312 022f2863 p.beqimm         x30, 48             x30:00000005
20870967ns          351675 1c008316 00882e03 lw               x28, 8(x16)         x28=3ef79969 x16:10001614  PA:1000161c
20870987ns          351676 1c00831a 00872e83 lw               x29, 8(x14)         x29=4102d38f x14:10001650  PA:10001658
20871026ns          351678 1c00831e 79de77c3 fmadd.s          f15, f28, f29, f15  f15=xxxxxxxx f28:3ef79969 f29:4102d38f f15:4139b421
20871046ns          351679 1c008322 023f2063 p.beqimm         x30, 32             x30:00000005
20871066ns          351680 1c008326 00c82e03 lw               x28, 12(x16)        x28=3de9329d x16:10001614  PA:10001620
20871086ns          351681 1c00832a 00c72e83 lw               x29, 12(x14)        x29=41450b62 x14:10001650  PA:1000165c
20871126ns          351683 1c00832e 79de77c3 fmadd.s          f15, f28, f29, f15  f15=xxxxxxxx f28:3de9329d f29:41450b62 f15:4178f864
20871146ns          351684 1c008332 005f3863 p.bneimm         x30, 16             x30:00000005
20871166ns          351685 1c008336 01082e03 lw               x28, 16(x16)        x28=3dd4d6cb x16:10001614  PA:10001624
20871186ns          351686 1c00833a 01072e83 lw               x29, 16(x14)        x29=40cd33e3 x14:10001650  PA:10001660
20871225ns          351688 1c00833e 79de77c3 fmadd.s          f15, f28, f29, f15  f15=xxxxxxxx f28:3dd4d6cb f29:40cd33e3 f15:4187b417
20871245ns          351689 1c008342 18a7f7d3 fdiv.s           f15, f15, f10       f15=xxxxxxxx f15:418d08f0 f10:3fd7bcee
20871524ns          351703 1c008346 a0c7aed3 feq.s            x29, f15, f12       x29=00000000 f15:41275b00 f12:00000000
20871544ns          351704 1c00834a 300e80e3 beq              x29, x0, 2816       x29:00000000
20871623ns          351708 1c008e4a 20f797d3 fsgnjn.s         f15, f15, f15       f15=xxxxxxxx f15:41275b00 f15:41275b00
20871643ns          351709 1c008e4e 88a7f543 fmadd.s          f10, f15, f10, f17  f10=xxxxxxxx f15:c1275b00 f10:3fd7bcee f17:408cb022
20871663ns          351710 1c008e52 00a72023 sw               x10, 0(x14)         x10:c153b9ce x14:10001650  PA:10001650
20871703ns          351712 1c008e54 00482503 lw               x10, 4(x16)         x10=3f05a474 x16:10001614  PA:10001618
20871742ns          351714 1c008e58 30a7f343 fmadd.s          f6, f15, f10, f6     f6=xxxxxxxx f15:c1275b00 f10:3f05a474  f6:41009d5d
20871762ns          351715 1c008e5c 00672223 sw               x6, 4(x14)           x6:4024fe4f x14:10001650  PA:10001654
20871782ns          351716 1c008e60 ce2f2763 p.beqimm         x30, -2834          x30:00000005
20871802ns          351717 1c008e64 00882503 lw               x10, 8(x16)         x10=3ef79969 x16:10001614  PA:1000161c
20871822ns          351718 1c008e68 00872883 lw               x17, 8(x14)         x17=4102d38f x14:10001650  PA:10001658
20871862ns          351720 1c008e6c 88a7f543 fmadd.s          f10, f15, f10, f17  f10=xxxxxxxx f15:c1275b00 f10:3ef79969 f17:4102d38f
20871882ns          351721 1c008e70 00a72423 sw               x10, 8(x14)         x10:4047940e x14:10001650  PA:10001658
20871902ns          351722 1c008e72 cc3f2e63 p.beqimm         x30, -2852          x30:00000005
20871921ns          351723 1c008e76 00c82503 lw               x10, 12(x16)        x10=3de9329d x16:10001614  PA:10001620
20871941ns          351724 1c008e7a 00c72883 lw               x17, 12(x14)        x17=41450b62 x14:10001650  PA:1000165c
20871981ns          351726 1c008e7e 88a7f543 fmadd.s          f10, f15, f10, f17  f10=xxxxxxxx f15:c1275b00 f10:3de9329d f17:41450b62
20872001ns          351727 1c008e82 00a72623 sw               x10, 12(x14)        x10:4131fd05 x14:10001650  PA:1000165c
20872021ns          351728 1c008e84 cc5f3563 p.bneimm         x30, -2870          x30:00000005
20872041ns          351729 1c008e88 01082883 lw               x17, 16(x16)        x17=3dd4d6cb x16:10001614  PA:10001624
20872061ns          351730 1c008e8c 01072503 lw               x10, 16(x14)        x10=40cd33e3 x14:10001650  PA:10001660
20872100ns          351732 1c008e8e 5117f7c3 fmadd.s          f15, f15, f17, f10  f15=xxxxxxxx f15:c1275b00 f17:3dd4d6cb f10:40cd33e3
20872120ns          351733 1c008e92 00f72823 sw               x15, 16(x14)        x15:40aa6af1 x14:10001650  PA:10001660
20872140ns          351734 1c008e94 cbaff06f jal              x0, -2886          
20872200ns          351737 1c00834e 0147278b p.lw             x15, 20(x14!)       x15=c153b9ce x14=10001664 x14:10001650  PA:10001650
20872240ns          351739 1c008352 00f5a22b p.sw             x15, 4(x11!)        x11=100015e8 x15:c153b9ce x11:100015e4  PA:100015e4
20872260ns          351740 1c0082f6 040f8c63 beq              x31, x0, 88         x31:00000001
20872279ns          351741 1c0082fa 00082503 lw               x10, 0(x16)         x10=3fd7bcee x16:10001614  PA:10001614
20872299ns          351742 1c0082fe 00072883 lw               x17, 0(x14)         x17=4024ff90 x14:10001664  PA:10001664
20872319ns          351743 1c008302 00472303 lw               x6, 4(x14)           x6=3f9edb5c x14:10001664  PA:10001668
20872339ns          351744 1c008306 611577c3 fmadd.s          f15, f10, f17, f12  f15=xxxxxxxx f10:3fd7bcee f17:4024ff90 f12:00000000
20872359ns          351745 1c00830a 00482e83 lw               x29, 4(x16)         x29=3f05a474 x16:10001614  PA:10001618
20872399ns          351747 1c00830e 786ef7c3 fmadd.s          f15, f29, f6, f15   f15=xxxxxxxx f29:3f05a474  f6:3f9edb5c f15:408b0c67
20872419ns          351748 1c008312 022f2863 p.beqimm         x30, 48             x30:00000005
20872439ns          351749 1c008316 00882e03 lw               x28, 8(x16)         x28=3ef79969 x16:10001614  PA:1000161c
20872459ns          351750 1c00831a 00872e83 lw               x29, 8(x14)         x29=4082422c x14:10001664  PA:1000166c
20872498ns          351752 1c00831e 79de77c3 fmadd.s          f15, f28, f29, f15  f15=xxxxxxxx f28:3ef79969 f29:4082422c f15:409fc7e8
20872518ns          351753 1c008322 023f2063 p.beqimm         x30, 32             x30:00000005
20872538ns          351754 1c008326 00c82e03 lw               x28, 12(x16)        x28=3de9329d x16:10001614  PA:10001620
20872558ns          351755 1c00832a 00c72e83 lw               x29, 12(x14)        x29=3f2d4af2 x14:10001664  PA:10001670
20872598ns          351757 1c00832e 79de77c3 fmadd.s          f15, f28, f29, f15  f15=xxxxxxxx f28:3de9329d f29:3f2d4af2 f15:40dec5dc
20872618ns          351758 1c008332 005f3863 p.bneimm         x30, 16             x30:00000005
20872638ns          351759 1c008336 01082e03 lw               x28, 16(x16)        x28=3dd4d6cb x16:10001614  PA:10001624
20872657ns          351760 1c00833a 01072e83 lw               x29, 16(x14)        x29=41318fc8 x14:10001664  PA:10001674
20872697ns          351762 1c00833e 79de77c3 fmadd.s          f15, f28, f29, f15  f15=xxxxxxxx f28:3dd4d6cb f29:41318fc8 f15:40e13d4a
20872717ns          351763 1c008342 18a7f7d3 fdiv.s           f15, f15, f10       f15=xxxxxxxx f15:410312a7 f10:3fd7bcee
20873035ns          351779 1c008346 a0c7aed3 feq.s            x29, f15, f12       x29=00000000 f15:409b88c6 f12:00000000
20873055ns          351780 1c00834a 300e80e3 beq              x29, x0, 2816       x29:00000000
20873135ns          351784 1c008e4a 20f797d3 fsgnjn.s         f15, f15, f15       f15=xxxxxxxx f15:409b88c6 f15:409b88c6
20873155ns          351785 1c008e4e 88a7f543 fmadd.s          f10, f15, f10, f17  f10=xxxxxxxx f15:c09b88c6 f10:3fd7bcee f17:4024ff90
20873175ns          351786 1c008e52 00a72023 sw               x10, 0(x14)         x10:c0b3a587 x14:10001664  PA:10001664
20873194ns          351787 1c008e54 00482503 lw               x10, 4(x16)         x10=3f05a474 x16:10001614  PA:10001618
20873234ns          351789 1c008e58 30a7f343 fmadd.s          f6, f15, f10, f6     f6=xxxxxxxx f15:c09b88c6 f10:3f05a474  f6:3f9edb5c
20873254ns          351790 1c008e5c 00672223 sw               x6, 4(x14)           x6:bfa5ec88 x14:10001664  PA:10001668
20873274ns          351791 1c008e60 ce2f2763 p.beqimm         x30, -2834          x30:00000005
20873294ns          351792 1c008e64 00882503 lw               x10, 8(x16)         x10=3ef79969 x16:10001614  PA:1000161c
20873314ns          351793 1c008e68 00872883 lw               x17, 8(x14)         x17=4082422c x14:10001664  PA:1000166c
20873354ns          351795 1c008e6c 88a7f543 fmadd.s          f10, f15, f10, f17  f10=xxxxxxxx f15:c09b88c6 f10:3ef79969 f17:4082422c
20873373ns          351796 1c008e70 00a72423 sw               x10, 8(x14)         x10:3fdc2c59 x14:10001664  PA:1000166c
20873393ns          351797 1c008e72 cc3f2e63 p.beqimm         x30, -2852          x30:00000005
20873413ns          351798 1c008e76 00c82503 lw               x10, 12(x16)        x10=3de9329d x16:10001614  PA:10001620
20873433ns          351799 1c008e7a 00c72883 lw               x17, 12(x14)        x17=3f2d4af2 x14:10001664  PA:10001670
20873473ns          351801 1c008e7e 88a7f543 fmadd.s          f10, f15, f10, f17  f10=xxxxxxxx f15:c09b88c6 f10:3de9329d f17:3f2d4af2
20873493ns          351802 1c008e82 00a72623 sw               x10, 12(x14)        x10:3dfce5ae x14:10001664  PA:10001670
20873513ns          351803 1c008e84 cc5f3563 p.bneimm         x30, -2870          x30:00000005
20873533ns          351804 1c008e88 01082883 lw               x17, 16(x16)        x17=3dd4d6cb x16:10001614  PA:10001624
20873553ns          351805 1c008e8c 01072503 lw               x10, 16(x14)        x10=41318fc8 x14:10001664  PA:10001674
20873592ns          351807 1c008e8e 5117f7c3 fmadd.s          f15, f15, f17, f10  f15=xxxxxxxx f15:c09b88c6 f17:3dd4d6cb f10:41318fc8
20873612ns          351808 1c008e92 00f72823 sw               x15, 16(x14)        x15:41297acc x14:10001664  PA:10001674
20873632ns          351809 1c008e94 cbaff06f jal              x0, -2886          
20873692ns          351812 1c00834e 0147278b p.lw             x15, 20(x14!)       x15=c0b3a587 x14=10001678 x14:10001664  PA:10001664
20873732ns          351814 1c008352 00f5a22b p.sw             x15, 4(x11!)        x11=100015ec x15:c0b3a587 x11:100015e8  PA:100015e8
20873751ns          351815 1c008356 00082703 lw               x14, 0(x16)         x14=3fd7bcee x16:10001614  PA:10001614
20873771ns          351816 1c00835a 00482783 lw               x15, 4(x16)         x15=3f05a474 x16:10001614  PA:10001618
20873811ns          351818 1c00835e 00e3a023 sw               x14, 0(x7)          x14:3fd7bcee  x7:10001720  PA:10001720
20873851ns          351820 1c008362 00f3a223 sw               x15, 4(x7)          x15:3f05a474  x7:10001720  PA:10001724
20873871ns          351821 1c008366 01200533 add              x10, x0, x18        x10=00000001 x18:00000001
20873891ns          351822 1c008368 00412e03 lw               x28, 4(x2)          x28=100015d8  x2:10001598  PA:1000159c
20873911ns          351823 1c00836a 3659a863 p.beqimm         x19, 880            x19:00000002
20874249ns          351840 1c00836e 00882783 lw               x15, 8(x16)         x15=3ef79969 x16:10001614  PA:1000161c
20874288ns          351842 1c008372 00f3a423 sw               x15, 8(x7)          x15:3ef79969  x7:10001720  PA:10001728
20874308ns          351843 1c008376 00392c63 p.beqimm         x18, 24             x18:00000001
20874328ns          351844 1c00837a 00c82783 lw               x15, 12(x16)        x15=3de9329d x16:10001614  PA:10001620
20874766ns          351866 1c00837e 00f3a623 sw               x15, 12(x7)         x15:3de9329d  x7:10001720  PA:1000172c
20874806ns          351868 1c008382 34193c63 p.bneimm         x18, 856            x18:00000001
20874826ns          351869 1c008386 000ca783 lw               x15, 0(x25)         x15=3dd4d6cb x25:10001624  PA:10001624
20874865ns          351871 1c00838a 00fd2023 sw               x15, 0(x26)         x15:3dd4d6cb x26:10001730  PA:10001730
20874885ns          351872 1c00838e 00500893 addi             x17, x0, 5          x17=00000005
20875283ns          351892 1c008390 40a888b3 sub              x17, x17, x10       x17=00000004 x17:00000005 x10:00000001
20875323ns          351894 1c008394 011985b3 add              x11, x19, x17       x11=00000006 x19:00000002 x17:00000004
20875343ns          351895 1c008398 00b9c463 blt              x19, x11, 8         x19:00000002 x11:00000006
20875840ns          351920 1c0083a0 004e2703 lw               x14, 4(x28)         x14=c18b629e x28:100015d8  PA:100015dc
20875880ns          351922 1c0083a4 a0c717d3 flt.s            x15, f14, f12       x15=00000001 f14:c18b629e f12:00000000
20875900ns          351923 1c0083a8 00078363 beq              x15, x0, 6          x15:00000001
20875920ns          351924 1c0083aa 20e71753 fsgnjn.s         f14, f14, f14       f14=xxxxxxxx f14:c18b629e f14:c18b629e
20876337ns          351945 1c0083ae 1c000fb7 lui              x31, 0x1c000000     x31=1c000000
20876377ns          351947 1c0083b2 01cf8f93 addi             x31, x31, 28        x31=1c00001c x31:1c000000
20876397ns          351948 1c0083b6 000faf83 lw               x31, 0(x31)         x31=00800000 x31:1c00001c  PA:1c00001c
20876834ns          351970 1c0083ba a0ef97d3 flt.s            x15, f31, f14       x15=00000001 f31:00800000 f14:418b629e
20876854ns          351971 1c0083be 00078363 beq              x15, x0, 6          x15:00000001
20876874ns          351972 1c0083c0 4410106f jal              x0, 7232           
20877372ns          351997 1c00a000 1c000eb7 lui              x29, 0x1c000000     x29=1c000000
20877411ns          351999 1c00a004 01ce8e93 addi             x29, x29, 28        x29=1c00001c x29:1c000000
20877431ns          352000 1c00a008 1c000fb7 lui              x31, 0x1c000000     x31=1c000000
20877451ns          352001 1c00a00c 000eae83 lw               x29, 0(x29)         x29=00800000 x29:1c00001c  PA:1c00001c
20877889ns          352023 1c00a010 020f8f93 addi             x31, x31, 32        x31=1c000020 x31:1c000000
20877928ns          352025 1c00a014 18eef7d3 fdiv.s           f15, f29, f14       f15=xxxxxxxx f29:00800000 f14:418b629e
20878704ns          352064 1c00a018 10c7f6d3 fmul.s           f13, f15, f12       f13=xxxxxxxx f15:000758b7 f12:00000000
20878724ns          352065 1c00a01c 000faf83 lw               x31, 0(x31)         x31=3f800000 x31:1c000020  PA:1c000020
20879082ns          352083 1c00a020 f8d7f7c3 fmadd.s          f15, f15, f13, f31  f15=xxxxxxxx f15:000758b7 f13:00000000 f31:3f800000
20879102ns          352084 1c00a024 baafe06f jal              x0, -7254          
20879201ns          352089 1c0083ce 00250693 addi             x13, x10, 2         x13=00000003 x10:00000001
20879241ns          352091 1c0083d2 0eb6db63 bge              x13, x11, 246       x13:00000003 x11:00000006
20879261ns          352092 1c0083d6 008e2683 lw               x13, 8(x28)         x13=c1334e08 x28:100015d8  PA:100015e0
20879301ns          352094 1c0083da a0c69353 flt.s            x6, f13, f12         x6=00000001 f13:c1334e08 f12:00000000
20879659ns          352112 1c0083de 00030463 beq              x6, x0, 8            x6:00000001
20879699ns          352114 1c0083e2 20d696d3 fsgnjn.s         f13, f13, f13       f13=xxxxxxxx f13:c1334e08 f13:c1334e08
20879719ns          352115 1c0083e6 a0d71353 flt.s            x6, f14, f13         x6=00000000 f14:418b629e f13:41334e08
20879739ns          352116 1c0083ea 00030463 beq              x6, x0, 8            x6:00000000
20880256ns          352142 1c0083f2 18e6f353 fdiv.s           f6, f13, f14         f6=xxxxxxxx f13:41334e08 f14:418b629e
20880773ns          352168 1c0083f6 00e006b3 add              x13, x0, x14        x13=xxxxxxxx x14:418b629e
20880793ns          352169 1c0083f8 00350713 addi             x14, x10, 3         x14=xxxxxxxx x10:00000001
20881031ns          352181 1c0083fc 786377c3 fmadd.s          f15, f6, f6, f15    f15=xxxxxxxx  f6:3f24a8ad  f6:3f24a8ad f15:3f800000
20881051ns          352182 1c008400 00b74463 blt              x14, x11, 8         x14:00000004 x11:00000006
20881111ns          352185 1c008408 00ce2703 lw               x14, 12(x28)        x14=c153b9ce x28:100015d8  PA:100015e4
20881151ns          352187 1c00840c a0c71353 flt.s            x6, f14, f12         x6=00000001 f14:c153b9ce f12:00000000
20881429ns          352201 1c008410 00030463 beq              x6, x0, 8            x6:00000001
20881469ns          352203 1c008414 20e71753 fsgnjn.s         f14, f14, f14       f14=xxxxxxxx f14:c153b9ce f14:c153b9ce
20881489ns          352204 1c008418 a0e69353 flt.s            x6, f13, f14         x6=00000000 f13:418b629e f14:4153b9ce
20881509ns          352205 1c00841c 00030463 beq              x6, x0, 8            x6:00000000
20882006ns          352230 1c008424 18d77353 fdiv.s           f6, f14, f13         f6=xxxxxxxx f14:4153b9ce f13:418b629e
20882285ns          352244 1c008428 786377c3 fmadd.s          f15, f6, f6, f15    f15=xxxxxxxx  f6:3f426e82  f6:3f426e82 f15:3fb4f446
20882304ns          352245 1c00842c 00d00733 add              x14, x0, x13        x14=418b629e x13:418b629e
20882523ns          352256 1c00842e 00450693 addi             x13, x10, 4         x13=00000005 x10:00000001
20882563ns          352258 1c008432 08b6db63 bge              x13, x11, 150       x13:00000005 x11:00000006
20882583ns          352259 1c008436 010e2683 lw               x13, 16(x28)        x13=c0b3a587 x28:100015d8  PA:100015e8
20882623ns          352261 1c00843a a0c69353 flt.s            x6, f13, f12         x6=00000001 f13:c0b3a587 f12:00000000
20883120ns          352286 1c00843e 00030463 beq              x6, x0, 8            x6:00000001
20883160ns          352288 1c008442 20d696d3 fsgnjn.s         f13, f13, f13       f13=xxxxxxxx f13:c0b3a587 f13:c0b3a587
20883180ns          352289 1c008446 a0d71353 flt.s            x6, f14, f13         x6=00000000 f14:418b629e f13:40b3a587
20883200ns          352290 1c00844a 00030463 beq              x6, x0, 8            x6:00000000
20883796ns          352320 1c008452 18e6f353 fdiv.s           f6, f13, f14         f6=xxxxxxxx f13:40b3a587 f14:418b629e
20884075ns          352334 1c008456 786377c3 fmadd.s          f15, f6, f6, f15    f15=xxxxxxxx  f6:3ea4f906  f6:3ea4f906 f15:3ffeca1c
20884095ns          352335 1c00845a 00e006b3 add              x13, x0, x14        x13=418b629e x14:418b629e
20884114ns          352336 1c00845c 00550713 addi             x14, x10, 5         x14=00000006 x10:00000001
20884274ns          352344 1c008460 00b74463 blt              x14, x11, 8         x14:00000006 x11:00000006
20884313ns          352346 1c008464 3f70106f jal              x0, 7158           
20884393ns          352350 1c00a05a 00d00733 add              x14, x0, x13        x14=418b629e x13:418b629e
20884433ns          352352 1c00a05c c6cfe06f jal              x0, -7060          
20884950ns          352378 1c0084c8 5807f7d3 fsqrt.s          f15, f15            f15=xxxxxxxx f15:40060a0e
20885248ns          352393 1c0084cc 10f77753 fmul.s           f14, f14, f15       f14=xxxxxxxx f14:418b629e f15:3fb93d94
20885427ns          352402 1c0084d0 a0c727d3 feq.s            x15, f14, f12       x15=00000000 f14:41c9b797 f12:00000000
20885467ns          352404 1c0084d4 200799e3 bne              x15, x0, 2578       x15:00000000
20885487ns          352405 1c0084d8 004e2783 lw               x15, 4(x28)         x15=c18b629e x28:100015d8  PA:100015dc
20885527ns          352407 1c0084dc a0c796d3 flt.s            x13, f15, f12       x13=00000001 f15:c18b629e f12:00000000
20885964ns          352429 1c0084e0 00068363 beq              x13, x0, 6          x13:00000001
20886004ns          352431 1c0084e2 5a50106f jal              x0, 7588           
20886501ns          352456 1c00a286 20e71753 fsgnjn.s         f14, f14, f14       f14=xxxxxxxx f14:41c9b797 f14:41c9b797
20886521ns          352457 1c00a28a 00ee2023 sw               x14, 0(x28)         x14:c1c9b797 x28:100015d8  PA:100015d8
20886959ns          352479 1c00a28e a5cfe06f jal              x0, -7588          
20887019ns          352482 1c0084ea a0c716d3 flt.s            x13, f14, f12       x13=00000001 f14:c1c9b797 f12:00000000
20887038ns          352483 1c0084ee 00068363 beq              x13, x0, 6          x13:00000001
20887476ns          352505 1c0084f0 58f0106f jal              x0, 7566           
20888053ns          352534 1c00a27e 20e716d3 fsgnjn.s         f13, f14, f14       f13=xxxxxxxx f14:c1c9b797 f14:c1c9b797
20888073ns          352535 1c00a282 a74fe06f jal              x0, -7564          
20888192ns          352541 1c0084f6 1c000337 lui              x6, 0x1c000000       x6=1c000000
20888212ns          352542 1c0084fa 02830313 addi             x6, x6, 40           x6=1c000028  x6:1c000000
20888590ns          352561 1c0084fe 00032303 lw               x6, 0(x6)            x6=0c000000  x6:1c000028  PA:1c000028
20888928ns          352578 1c008502 a0d306d3 fle.s            x13, f6, f13        x13=00000001  f6:0c000000 f13:41c9b797
20888948ns          352579 1c008506 00068363 beq              x13, x0, 6          x13:00000001
20888968ns          352580 1c008508 4730106f jal              x0, 7282           
20889903ns          352627 1c00a17a 008e2683 lw               x13, 8(x28)         x13=c1334e08 x28:100015d8  PA:100015e0
20890340ns          352649 1c00a17e 1c000fb7 lui              x31, 0x1c000000     x31=1c000000
20890380ns          352651 1c00a182 020f8f93 addi             x31, x31, 32        x31=1c000020 x31:1c000000
20890400ns          352652 1c00a186 000faf83 lw               x31, 0(x31)         x31=3f800000 x31:1c000020  PA:1c000020
20890838ns          352674 1c00a18a 18eff753 fdiv.s           f14, f31, f14       f14=xxxxxxxx f31:3f800000 f14:c1c9b797
20891514ns          352708 1c00a18e 10e7f7d3 fmul.s           f15, f15, f14       f15=xxxxxxxx f15:c18b629e f14:bd2271fe
20891534ns          352709 1c00a192 10e6f6d3 fmul.s           f13, f13, f14       f13=xxxxxxxx f13:c1334e08 f14:bd2271fe
20891554ns          352710 1c00a196 00fe2223 sw               x15, 4(x28)         x15:3f30e4f2 x28:100015d8  PA:100015dc
20891574ns          352711 1c00a19a 00de2423 sw               x13, 8(x28)         x13:3ee38e71 x28:100015d8  PA:100015e0
20891633ns          352714 1c00a19e 1c352063 p.beqimm         x10, 448            x10:00000001
20891673ns          352716 1c00a1a2 00ce2783 lw               x15, 12(x28)        x15=c153b9ce x28:100015d8  PA:100015e4
20891713ns          352718 1c00a1a6 10e7f7d3 fmul.s           f15, f15, f14       f15=xxxxxxxx f15:c153b9ce f14:bd2271fe
20891733ns          352719 1c00a1aa 00fe2623 sw               x15, 12(x28)        x15:3f0659db x28:100015d8  PA:100015e4
20892091ns          352737 1c00a1ae 00152463 p.beqimm         x10, 8              x10:00000001
20892150ns          352740 1c00a1b6 05012783 lw               x15, 80(x2)         x15=c0b3a587  x2:10001598  PA:100015e8
20892190ns          352742 1c00a1b8 10e7f753 fmul.s           f14, f15, f14       f14=xxxxxxxx f15:c0b3a587 f14:bd2271fe
20892210ns          352743 1c00a1bc 04e12823 sw               x14, 80(x2)         x14:3e63fd7b  x2:10001598  PA:100015e8
20893065ns          352786 1c00a1be b82fe06f jal              x0, -7294          
20893145ns          352790 1c008540 1c0006b7 lui              x13, 0x1c000000     x13=1c000000
20893185ns          352792 1c008544 02068693 addi             x13, x13, 32        x13=1c000020 x13:1c000000
20893205ns          352793 1c008548 004e2783 lw               x15, 4(x28)         x15=3f30e4f2 x28:100015d8  PA:100015dc
20893224ns          352794 1c00854c 0006a683 lw               x13, 0(x13)         x13=3f800000 x13:1c000020  PA:1c000020
20893582ns          352812 1c00854e 000e2703 lw               x14, 0(x28)         x14=c1c9b797 x28:100015d8  PA:100015d8
20893622ns          352814 1c008552 00d7f7d3 fadd.s           f15, f15, f13       f15=xxxxxxxx f15:3f30e4f2 f13:3f800000
20893642ns          352815 1c008556 20e71753 fsgnjn.s         f14, f14, f14       f14=xxxxxxxx f14:c1c9b797 f14:c1c9b797
20893662ns          352816 1c00855a 00ee2023 sw               x14, 0(x28)         x14:41c9b797 x28:100015d8  PA:100015d8
20894120ns          352839 1c00855e 00fe2223 sw               x15, 4(x28)         x15:3fd87279 x28:100015d8  PA:100015dc
20894159ns          352841 1c008562 0004a023 sw               x0, 0(x9)            x9:100015f0  PA:100015f0
20894179ns          352842 1c008566 0004a223 sw               x0, 4(x9)            x9:100015f0  PA:100015f4
20894199ns          352843 1c00856a 0004a423 sw               x0, 8(x9)            x9:100015f0  PA:100015f8
20894657ns          352866 1c00856e 00153363 p.bneimm         x10, 6              x10:00000001
20894676ns          352867 1c008572 06012223 sw               x0, 100(x2)          x2:10001598  PA:100015fc
20894696ns          352868 1c008574 00251313 slli             x6, x10, 0x2         x6=00000004 x10:00000001
20894716ns          352869 1c008578 0048a463 p.beqimm         x17, 8              x17:00000004
20895194ns          352893 1c008580 0e010593 addi             x11, x2, 224        x11=10001678  x2:10001598
20895214ns          352894 1c008582 00658733 add              x14, x11, x6        x14=1000167c x11:10001678  x6:00000004
20895233ns          352895 1c008586 f6072703 lw               x14, -160(x14)      x14=3fd87279 x14:1000167c  PA:100015dc
20895273ns          352897 1c00858a a0c726d3 feq.s            x13, f14, f12       x13=00000000 f14:3fd87279 f12:00000000
20895293ns          352898 1c00858e 00069363 bne              x13, x0, 6          x13:00000000
20895691ns          352918 1c008590 53f0106f jal              x0, 7486           
20896606ns          352964 1c00a2ce 0044ae83 lw               x29, 4(x9)          x29=00000000  x9:100015f0  PA:100015f4
20896666ns          352967 1c00a2d2 0004a683 lw               x13, 0(x9)          x13=00000000  x9:100015f0  PA:100015f0
20896685ns          352968 1c00a2d4 0084a903 lw               x18, 8(x9)          x18=00000000  x9:100015f0  PA:100015f8
20896705ns          352969 1c00a2d8 01882583 lw               x11, 24(x16)        x11=40d05196 x16:10001614  PA:1000162c
20896725ns          352970 1c00a2dc 02082f83 lw               x31, 32(x16)        x31=40483f79 x16:10001614  PA:10001634
20897123ns          352990 1c00a2e0 01c82883 lw               x17, 28(x16)        x17=401abe00 x16:10001614  PA:10001630
20897163ns          352992 1c00a2e4 68b776c3 fmadd.s          f13, f14, f11, f13  f13=xxxxxxxx f14:3fd87279 f11:40d05196 f13:00000000
20897183ns          352993 1c00a2e8 e91778c3 fmadd.s          f17, f14, f17, f29  f17=xxxxxxxx f14:3fd87279 f17:401abe00 f29:00000000
20897203ns          352994 1c00a2ec 91f775c3 fmadd.s          f11, f14, f31, f18  f11=xxxxxxxx f14:3fd87279 f31:40483f79 f18:00000000
20897660ns          353017 1c00a2f0 02482e83 lw               x29, 36(x16)        x29=402203e2 x16:10001614  PA:10001638
20897700ns          353019 1c00a2f4 00c4af83 lw               x31, 12(x9)         x31=00000000  x9:100015f0  PA:100015fc
20897720ns          353020 1c00a2f8 00d4a023 sw               x13, 0(x9)          x13:413021fd  x9:100015f0  PA:100015f0
20897740ns          353021 1c00a2fa f9d77743 fmadd.s          f14, f14, f29, f31  f14=xxxxxxxx f14:3fd87279 f29:402203e2 f31:00000000
20898177ns          353043 1c00a2fe 0114a223 sw               x17, 4(x9)          x17:4082d582  x9:100015f0  PA:100015f4
20898197ns          353044 1c00a302 00b4a423 sw               x11, 8(x9)          x11:40a94f19  x9:100015f0  PA:100015f8
20898217ns          353045 1c00a304 00e4a623 sw               x14, 12(x9)         x14:4088fbb9  x9:100015f0  PA:100015fc
20898237ns          353046 1c00a306 a8efe06f jal              x0, -7538          
20898277ns          353048 1c008594 0459a363 p.beqimm         x19, 70             x19:00000002
20898297ns          353049 1c008598 00299713 slli             x14, x19, 0x2       x14=00000008 x19:00000002
20898316ns          353050 1c00859c 0e010593 addi             x11, x2, 224        x11=10001678  x2:10001598
20898336ns          353051 1c00859e 00b70733 add              x14, x14, x11       x14=10001680 x14:00000008 x11:10001678
20898754ns          353072 1c0085a0 f6072703 lw               x14, -160(x14)      x14=3ee38e71 x14:10001680  PA:100015e0
20898814ns          353075 1c0085a4 a0c726d3 feq.s            x13, f14, f12       x13=00000000 f14:3ee38e71 f12:00000000
20898834ns          353076 1c0085a8 00069363 bne              x13, x0, 6          x13:00000000
20898854ns          353077 1c0085aa 79b0106f jal              x0, 8090           
20899729ns          353121 1c00a544 0044ae83 lw               x29, 4(x9)          x29=4082d582  x9:100015f0  PA:100015f4
20899769ns          353123 1c00a548 0004a683 lw               x13, 0(x9)          x13=413021fd  x9:100015f0  PA:100015f0
20899788ns          353124 1c00a54a 0084a903 lw               x18, 8(x9)          x18=40a94f19  x9:100015f0  PA:100015f8
20900226ns          353146 1c00a54e 02c82583 lw               x11, 44(x16)        x11=bf305ed3 x16:10001614  PA:10001640
20900266ns          353148 1c00a552 03482f83 lw               x31, 52(x16)        x31=3efd1dc1 x16:10001614  PA:10001648
20900286ns          353149 1c00a556 03082883 lw               x17, 48(x16)        x17=412a6318 x16:10001614  PA:10001644
20900306ns          353150 1c00a55a 68b776c3 fmadd.s          f13, f14, f11, f13  f13=xxxxxxxx f14:3ee38e71 f11:bf305ed3 f13:413021fd
20900763ns          353173 1c00a55e e91778c3 fmadd.s          f17, f14, f17, f29  f17=xxxxxxxx f14:3ee38e71 f17:412a6318 f29:4082d582
20900803ns          353175 1c00a562 91f775c3 fmadd.s          f11, f14, f31, f18  f11=xxxxxxxx f14:3ee38e71 f31:3efd1dc1 f18:40a94f19
20900823ns          353176 1c00a566 03882e83 lw               x29, 56(x16)        x29=410fec6d x16:10001614  PA:1000164c
20900843ns          353177 1c00a56a 00c4af83 lw               x31, 12(x9)         x31=4088fbb9  x9:100015f0  PA:100015fc
20900863ns          353178 1c00a56e 00d4a023 sw               x13, 0(x9)          x13:412b3bcb  x9:100015f0  PA:100015f0
20901300ns          353200 1c00a570 f9d77743 fmadd.s          f14, f14, f29, f31  f14=xxxxxxxx f14:3ee38e71 f29:410fec6d f31:4088fbb9
20901340ns          353202 1c00a574 0114a223 sw               x17, 4(x9)          x17:410d2517  x9:100015f0  PA:100015f4
20901360ns          353203 1c00a578 00b4a423 sw               x11, 8(x9)          x11:40b0570b  x9:100015f0  PA:100015f8
20901380ns          353204 1c00a57a 00e4a623 sw               x14, 12(x9)         x14:41047539  x9:100015f0  PA:100015fc
20901400ns          353205 1c00a57c 832fe06f jal              x0, -8142          
20901857ns          353228 1c0085ae 00250713 addi             x14, x10, 2         x14=00000003 x10:00000001
20901877ns          353229 1c0085b2 02572463 p.beqimm         x14, 40             x14:00000003
20901897ns          353230 1c0085b6 00271713 slli             x14, x14, 0x2       x14=0000000c x14:00000003
20901917ns          353231 1c0085b8 0e010593 addi             x11, x2, 224        x11=10001678  x2:10001598
20901937ns          353232 1c0085ba 00b70733 add              x14, x14, x11       x14=10001684 x14:0000000c x11:10001678
20901956ns          353233 1c0085bc f6072703 lw               x14, -160(x14)      x14=3f0659db x14:10001684  PA:100015e4
20902354ns          353253 1c0085c0 a0c726d3 feq.s            x13, f14, f12       x13=00000000 f14:3f0659db f12:00000000
20902394ns          353255 1c0085c4 00069363 bne              x13, x0, 6          x13:00000000
20902414ns          353256 1c0085c6 6f90106f jal              x0, 7928           
20903349ns          353303 1c00a4be 0044ae83 lw               x29, 4(x9)          x29=410d2517  x9:100015f0  PA:100015f4
20903369ns          353304 1c00a4c2 0004a683 lw               x13, 0(x9)          x13=412b3bcb  x9:100015f0  PA:100015f0
20903389ns          353305 1c00a4c4 0084a903 lw               x18, 8(x9)          x18=40b0570b  x9:100015f0  PA:100015f8
20903409ns          353306 1c00a4c8 04082583 lw               x11, 64(x16)        x11=4024fe4f x16:10001614  PA:10001654
20903428ns          353307 1c00a4cc 04882f83 lw               x31, 72(x16)        x31=4131fd05 x16:10001614  PA:1000165c
20903866ns          353329 1c00a4d0 04482883 lw               x17, 68(x16)        x17=4047940e x16:10001614  PA:10001658
20903906ns          353331 1c00a4d4 68b776c3 fmadd.s          f13, f14, f11, f13  f13=xxxxxxxx f14:3f0659db f11:4024fe4f f13:412b3bcb
20903926ns          353332 1c00a4d8 e91778c3 fmadd.s          f17, f14, f17, f29  f17=xxxxxxxx f14:3f0659db f17:4047940e f29:410d2517
20903946ns          353333 1c00a4dc 91f775c3 fmadd.s          f11, f14, f31, f18  f11=xxxxxxxx f14:3f0659db f31:4131fd05 f18:40b0570b
20904383ns          353355 1c00a4e0 04c82e83 lw               x29, 76(x16)        x29=40aa6af1 x16:10001614  PA:10001660
20904423ns          353357 1c00a4e4 00c4af83 lw               x31, 12(x9)         x31=41047539  x9:100015f0  PA:100015fc
20904443ns          353358 1c00a4e8 00d4a023 sw               x13, 0(x9)          x13:4140e18d  x9:100015f0  PA:100015f0
20904463ns          353359 1c00a4ea f9d77743 fmadd.s          f14, f14, f29, f31  f14=xxxxxxxx f14:3f0659db f29:40aa6af1 f31:41047539
20904920ns          353382 1c00a4ee 0114a223 sw               x17, 4(x9)          x17:4127547a  x9:100015f0  PA:100015f4
20904940ns          353383 1c00a4f2 00b4a423 sw               x11, 8(x9)          x11:4135946f  x9:100015f0  PA:100015f8
20904960ns          353384 1c00a4f4 00e4a623 sw               x14, 12(x9)         x14:41312d1f  x9:100015f0  PA:100015fc
20904980ns          353385 1c00a4f6 8d4fe06f jal              x0, -7980          
20905040ns          353388 1c0085ca 00153863 p.bneimm         x10, 16             x10:00000001
20905059ns          353389 1c0085ce 05012703 lw               x14, 80(x2)         x14=3e63fd7b  x2:10001598  PA:100015e8
20905457ns          353409 1c0085d0 a0c726d3 feq.s            x13, f14, f12       x13=00000000 f14:3e63fd7b f12:00000000
20905497ns          353411 1c0085d4 00069363 bne              x13, x0, 6          x13:00000000
20905517ns          353412 1c0085d6 7250106f jal              x0, 7972           
20905577ns          353415 1c00a4fa 0044ae83 lw               x29, 4(x9)          x29=4127547a  x9:100015f0  PA:100015f4
20905597ns          353416 1c00a4fe 0004a683 lw               x13, 0(x9)          x13=4140e18d  x9:100015f0  PA:100015f0
20906034ns          353438 1c00a500 0084a903 lw               x18, 8(x9)          x18=4135946f  x9:100015f0  PA:100015f8
20906074ns          353440 1c00a504 05482583 lw               x11, 84(x16)        x11=bfa5ec88 x16:10001614  PA:10001668
20906094ns          353441 1c00a508 05c82f83 lw               x31, 92(x16)        x31=3dfce5ae x16:10001614  PA:10001670
20906114ns          353442 1c00a50c 05882883 lw               x17, 88(x16)        x17=3fdc2c59 x16:10001614  PA:1000166c
20906551ns          353464 1c00a510 68b776c3 fmadd.s          f13, f14, f11, f13  f13=xxxxxxxx f14:3e63fd7b f11:bfa5ec88 f13:4140e18d
20906591ns          353466 1c00a514 e91778c3 fmadd.s          f17, f14, f17, f29  f17=xxxxxxxx f14:3e63fd7b f17:3fdc2c59 f29:4127547a
20906611ns          353467 1c00a518 91f775c3 fmadd.s          f11, f14, f31, f18  f11=xxxxxxxx f14:3e63fd7b f31:3dfce5ae f18:4135946f
20906631ns          353468 1c00a51c 06082e83 lw               x29, 96(x16)        x29=41297acc x16:10001614  PA:10001674
20907068ns          353490 1c00a520 00c4af83 lw               x31, 12(x9)         x31=41312d1f  x9:100015f0  PA:100015fc
20907108ns          353492 1c00a524 00d4a023 sw               x13, 0(x9)          x13:413c4365  x9:100015f0  PA:100015f0
20907128ns          353493 1c00a526 f9d77743 fmadd.s          f14, f14, f29, f31  f14=xxxxxxxx f14:3e63fd7b f29:41297acc f31:41312d1f
20907148ns          353494 1c00a52a 0114a223 sw               x17, 4(x9)          x17:412d7525  x9:100015f0  PA:100015f4
20907168ns          353495 1c00a52e 00b4a423 sw               x11, 8(x9)          x11:4136050c  x9:100015f0  PA:100015f8
20907605ns          353517 1c00a530 00e4a623 sw               x14, 12(x9)         x14:4156e90c  x9:100015f0  PA:100015fc
20907645ns          353519 1c00a532 8a8fe06f jal              x0, -8024          
20907685ns          353521 1c0085da 0e010713 addi             x14, x2, 224        x14=10001678  x2:10001598
20907705ns          353522 1c0085dc 00e30333 add              x6, x6, x14          x6=1000167c  x6:00000004 x14:10001678
20908123ns          353543 1c0085de f6032683 lw               x13, -160(x6)       x13=3fd87279  x6:1000167c  PA:100015dc
20908162ns          353545 1c0085e2 18f6f6d3 fdiv.s           f13, f13, f15       f13=xxxxxxxx f13:3fd87279 f15:3fd87279
20908918ns          353583 1c0085e6 a0c6a5d3 feq.s            x11, f13, f12       x11=00000000 f13:3f800000 f12:00000000
20908938ns          353584 1c0085ea 00f00733 add              x14, x0, x15        x14=3fd87279 x15:3fd87279
20908958ns          353585 1c0085ec 00059363 bne              x11, x0, 6          x11:00000000
20908978ns          353586 1c0085ee 3350106f jal              x0, 6964           
20909157ns          353595 1c00a122 01c82e83 lw               x29, 28(x16)        x29=401abe00 x16:10001614  PA:10001630
20909177ns          353596 1c00a126 01882583 lw               x11, 24(x16)        x11=40d05196 x16:10001614  PA:1000162c
20909197ns          353597 1c00a12a 02082903 lw               x18, 32(x16)        x18=40483f79 x16:10001614  PA:10001634
20909654ns          353620 1c00a12e 0004a883 lw               x17, 0(x9)          x17=413c4365  x9:100015f0  PA:100015f0
20909694ns          353622 1c00a132 0084af83 lw               x31, 8(x9)          x31=4136050c  x9:100015f0  PA:100015f8
20909714ns          353623 1c00a136 0044a303 lw               x6, 4(x9)            x6=412d7525  x9:100015f0  PA:100015f4
20909734ns          353624 1c00a13a 20d696d3 fsgnjn.s         f13, f13, f13       f13=xxxxxxxx f13:3f800000 f13:3f800000
20910171ns          353646 1c00a13e 58d8f5c3 fmadd.s          f11, f17, f13, f11  f11=xxxxxxxx f17:413c4365 f13:bf800000 f11:40d05196
20910211ns          353648 1c00a142 e866f343 fmadd.s          f6, f13, f6, f29     f6=xxxxxxxx f13:bf800000  f6:412d7525 f29:401abe00
20910231ns          353649 1c00a146 91f6f8c3 fmadd.s          f17, f13, f31, f18  f17=xxxxxxxx f13:bf800000 f31:4136050c f18:40483f79
20910251ns          353650 1c00a14a 02482e83 lw               x29, 36(x16)        x29=402203e2 x16:10001614  PA:10001638
20910689ns          353672 1c00a14e 00c4af83 lw               x31, 12(x9)         x31=4156e90c  x9:100015f0  PA:100015fc
20910728ns          353674 1c00a152 00b82c23 sw               x11, 24(x16)        x11:c0a83534 x16:10001614  PA:1000162c
20910748ns          353675 1c00a156 e9f6f6c3 fmadd.s          f13, f13, f31, f29  f13=xxxxxxxx f13:bf800000 f31:4156e90c f29:402203e2
20910768ns          353676 1c00a15a 00682e23 sw               x6, 28(x16)          x6:c106c5a5 x16:10001614  PA:10001630
20911206ns          353698 1c00a15e 03182023 sw               x17, 32(x16)        x17:c103f52e x16:10001614  PA:10001634
20911245ns          353700 1c00a162 02d82223 sw               x13, 36(x16)        x13:c12e6814 x16:10001614  PA:10001638
20911265ns          353701 1c00a166 c8cfe06f jal              x0, -7028          
20911325ns          353704 1c0085f2 0e59aee3 p.beqimm         x19, 2300           x19:00000002
20911345ns          353705 1c0085f6 00299693 slli             x13, x19, 0x2       x13=00000008 x19:00000002
20911365ns          353706 1c0085fa 0e010f93 addi             x31, x2, 224        x31=10001678  x2:10001598
20911385ns          353707 1c0085fe 01f686b3 add              x13, x13, x31       x13=10001680 x13:00000008 x31:10001678
20911802ns          353728 1c008600 f606a683 lw               x13, -160(x13)      x13=3ee38e71 x13:10001680  PA:100015e0
20911862ns          353731 1c008604 18f6f6d3 fdiv.s           f13, f13, f15       f13=xxxxxxxx f13:3ee38e71 f15:3fd87279
20912618ns          353769 1c008608 a0c6a5d3 feq.s            x11, f13, f12       x11=00000000 f13:3e8691d5 f12:00000000
20912638ns          353770 1c00860c 04059363 bne              x11, x0, 70         x11:00000000
20912658ns          353771 1c00860e 03082e83 lw               x29, 48(x16)        x29=412a6318 x16:10001614  PA:10001644
20912678ns          353772 1c008612 02c82583 lw               x11, 44(x16)        x11=bf305ed3 x16:10001614  PA:10001640
20912698ns          353773 1c008616 03482903 lw               x18, 52(x16)        x18=3efd1dc1 x16:10001614  PA:10001648
20912717ns          353774 1c00861a 0004a883 lw               x17, 0(x9)          x17=413c4365  x9:100015f0  PA:100015f0
20912857ns          353781 1c00861e 0084af83 lw               x31, 8(x9)          x31=4136050c  x9:100015f0  PA:100015f8
20912896ns          353783 1c008622 0044a303 lw               x6, 4(x9)            x6=412d7525  x9:100015f0  PA:100015f4
20912916ns          353784 1c008626 20d696d3 fsgnjn.s         f13, f13, f13       f13=xxxxxxxx f13:3e8691d5 f13:3e8691d5
20912936ns          353785 1c00862a 5916f5c3 fmadd.s          f11, f13, f17, f11  f11=xxxxxxxx f13:be8691d5 f17:413c4365 f11:bf305ed3
20913394ns          353808 1c00862e e866f343 fmadd.s          f6, f13, f6, f29     f6=xxxxxxxx f13:be8691d5  f6:412d7525 f29:412a6318
20913433ns          353810 1c008632 91f6f8c3 fmadd.s          f17, f13, f31, f18  f17=xxxxxxxx f13:be8691d5 f31:4136050c f18:3efd1dc1
20913453ns          353811 1c008636 00c4ae83 lw               x29, 12(x9)         x29=4156e90c  x9:100015f0  PA:100015fc
20913473ns          353812 1c00863a 03882f83 lw               x31, 56(x16)        x31=410fec6d x16:10001614  PA:1000164c
20913891ns          353833 1c00863e 02b82623 sw               x11, 44(x16)        x11:c07204c0 x16:10001614  PA:10001640
20913931ns          353835 1c008642 f9d6f6c3 fmadd.s          f13, f13, f29, f31  f13=xxxxxxxx f13:be8691d5 f29:4156e90c f31:410fec6d
20913951ns          353836 1c008646 02682823 sw               x6, 48(x16)          x6:40f9980f x16:10001614  PA:10001644
20913971ns          353837 1c00864a 03182a23 sw               x17, 52(x16)        x17:c01fb8f1 x16:10001614  PA:10001648
20914408ns          353859 1c00864e 02d82c23 sw               x13, 56(x16)        x13:40aee071 x16:10001614  PA:1000164c
20914448ns          353861 1c008652 00250693 addi             x13, x10, 2         x13=00000003 x10:00000001
20914468ns          353862 1c008656 0856ace3 p.beqimm         x13, 2200           x13:00000003
20914488ns          353863 1c00865a 00269693 slli             x13, x13, 0x2       x13=0000000c x13:00000003
20914508ns          353864 1c00865c 0e010313 addi             x6, x2, 224          x6=10001678  x2:10001598
20914925ns          353885 1c008660 006686b3 add              x13, x13, x6        x13=10001684 x13:0000000c  x6:10001678
20914965ns          353887 1c008662 f606a683 lw               x13, -160(x13)      x13=3f0659db x13:10001684  PA:100015e4
20915005ns          353889 1c008666 18f6f6d3 fdiv.s           f13, f13, f15       f13=xxxxxxxx f13:3f0659db f15:3fd87279
20915761ns          353927 1c00866a a0c6a5d3 feq.s            x11, f13, f12       x11=00000000 f13:3e9ee6e0 f12:00000000
20915781ns          353928 1c00866e 00059363 bne              x11, x0, 6          x11:00000000
20915800ns          353929 1c008670 49b0106f jal              x0, 7322           
20915860ns          353932 1c00a30a 04482e83 lw               x29, 68(x16)        x29=4047940e x16:10001614  PA:10001658
20915960ns          353937 1c00a30e 04082583 lw               x11, 64(x16)        x11=4024fe4f x16:10001614  PA:10001654
20915999ns          353939 1c00a312 04882903 lw               x18, 72(x16)        x18=4131fd05 x16:10001614  PA:1000165c
20916019ns          353940 1c00a316 0004a883 lw               x17, 0(x9)          x17=413c4365  x9:100015f0  PA:100015f0
20916039ns          353941 1c00a31a 0084af83 lw               x31, 8(x9)          x31=4136050c  x9:100015f0  PA:100015f8
20916477ns          353963 1c00a31e 0044a303 lw               x6, 4(x9)            x6=412d7525  x9:100015f0  PA:100015f4
20916517ns          353965 1c00a322 20d696d3 fsgnjn.s         f13, f13, f13       f13=xxxxxxxx f13:3e9ee6e0 f13:3e9ee6e0
20916536ns          353966 1c00a326 5916f5c3 fmadd.s          f11, f13, f17, f11  f11=xxxxxxxx f13:be9ee6e0 f17:413c4365 f11:4024fe4f
20916556ns          353967 1c00a32a e866f343 fmadd.s          f6, f13, f6, f29     f6=xxxxxxxx f13:be9ee6e0  f6:412d7525 f29:4047940e
20917014ns          353990 1c00a32e 91f6f8c3 fmadd.s          f17, f13, f31, f18  f17=xxxxxxxx f13:be9ee6e0 f31:4136050c f18:4131fd05
20917054ns          353992 1c00a332 00c4ae83 lw               x29, 12(x9)         x29=4156e90c  x9:100015f0  PA:100015fc
20917073ns          353993 1c00a336 04c82f83 lw               x31, 76(x16)        x31=40aa6af1 x16:10001614  PA:10001660
20917093ns          353994 1c00a33a 04b82023 sw               x11, 64(x16)        x11:bf8970e8 x16:10001614  PA:10001654
20917511ns          354015 1c00a33e f9d6f6c3 fmadd.s          f13, f13, f29, f31  f13=xxxxxxxx f13:be9ee6e0 f29:4156e90c f31:40aa6af1
20917551ns          354017 1c00a342 04682223 sw               x6, 68(x16)          x6:be7c169b x16:10001614  PA:10001658
20917571ns          354018 1c00a346 05182423 sw               x17, 72(x16)        x17:40f2fec5 x16:10001614  PA:1000165c
20917591ns          354019 1c00a34a 04d82623 sw               x13, 76(x16)        x13:3f941529 x16:10001614  PA:10001660
20918048ns          354042 1c00a34e b26fe06f jal              x0, -7386          
20918088ns          354044 1c008674 06153de3 p.bneimm         x10, 2170           x10:00000001
20918108ns          354045 1c008678 05012683 lw               x13, 80(x2)         x13=3e63fd7b  x2:10001598  PA:100015e8
20918148ns          354047 1c00867a 18f6f7d3 fdiv.s           f15, f13, f15       f15=xxxxxxxx f13:3e63fd7b f15:3fd87279
20918923ns          354086 1c00867e a0c7a6d3 feq.s            x13, f15, f12       x13=00000000 f15:3e06d380 f12:00000000
20918943ns          354087 1c008682 060696e3 bne              x13, x0, 2156       x13:00000000
20918963ns          354088 1c008686 05882303 lw               x6, 88(x16)          x6=3fdc2c59 x16:10001614  PA:1000166c
20918983ns          354089 1c00868a 0044a683 lw               x13, 4(x9)          x13=412d7525  x9:100015f0  PA:100015f4
20919003ns          354090 1c00868c 20f797d3 fsgnjn.s         f15, f15, f15       f15=xxxxxxxx f15:3e06d380 f15:3e06d380
20919082ns          354094 1c008690 30d7f6c3 fmadd.s          f13, f15, f13, f6   f13=xxxxxxxx f15:be06d380 f13:412d7525  f6:3fdc2c59
20919122ns          354096 1c008694 05482883 lw               x17, 84(x16)        x17=bfa5ec88 x16:10001614  PA:10001668
20919142ns          354097 1c008698 05c82f83 lw               x31, 92(x16)        x31=3dfce5ae x16:10001614  PA:10001670
20919162ns          354098 1c00869c 06082303 lw               x6, 96(x16)          x6=41297acc x16:10001614  PA:10001674
20919600ns          354120 1c0086a0 0004a583 lw               x11, 0(x9)          x11=413c4365  x9:100015f0  PA:100015f0
20919639ns          354122 1c0086a2 0084ae83 lw               x29, 8(x9)          x29=4136050c  x9:100015f0  PA:100015f8
20919659ns          354123 1c0086a6 00c4a903 lw               x18, 12(x9)         x18=4156e90c  x9:100015f0  PA:100015fc
20919679ns          354124 1c0086aa 88b7f5c3 fmadd.s          f11, f15, f11, f17  f11=xxxxxxxx f15:be06d380 f11:413c4365 f17:bfa5ec88
20920137ns          354147 1c0086ae f9d7fec3 fmadd.s          f29, f15, f29, f31  f29=xxxxxxxx f15:be06d380 f29:4136050c f31:3dfce5ae
20920176ns          354149 1c0086b2 3127f7c3 fmadd.s          f15, f15, f18, f6   f15=xxxxxxxx f15:be06d380 f18:4156e90c  f6:41297acc
20920196ns          354150 1c0086b6 04b82a23 sw               x11, 84(x16)        x11:c0361d15 x16:10001614  PA:10001668
20920216ns          354151 1c0086ba 04d82c23 sw               x13, 88(x16)        x13:3e95dc67 x16:10001614  PA:1000166c
20920654ns          354173 1c0086be 05d82e23 sw               x29, 92(x16)        x29:bfafebb0 x16:10001614  PA:10001670
20920694ns          354175 1c0086c2 06f82023 sw               x15, 96(x16)        x15:410d2eea x16:10001614  PA:10001674
20920713ns          354176 1c0086c6 0290006f jal              x0, 2088           
20921648ns          354223 1c008eee 008e2783 lw               x15, 8(x28)         x15=3ee38e71 x28:100015d8  PA:100015e0
20921688ns          354225 1c008ef2 00eaa023 sw               x14, 0(x21)         x14:3fd87279 x21:100016c0  PA:100016c0
20921708ns          354226 1c008ef6 00faa223 sw               x15, 4(x21)         x15:3ee38e71 x21:100016c0  PA:100016c4
20921728ns          354227 1c008efa 00352b63 p.beqimm         x10, 22             x10:00000001
20922165ns          354249 1c008efe 00ce2783 lw               x15, 12(x28)        x15=3f0659db x28:100015d8  PA:100015e4
20922205ns          354251 1c008f02 00faa423 sw               x15, 8(x21)         x15:3f0659db x21:100016c0  PA:100016c8
20922225ns          354252 1c008f06 00153563 p.bneimm         x10, 10             x10:00000001
20922245ns          354253 1c008f0a 05012783 lw               x15, 80(x2)         x15=3e63fd7b  x2:10001598  PA:100015e8
20922285ns          354255 1c008f0c 00fa2023 sw               x15, 0(x20)         x15:3e63fd7b x20:100016cc  PA:100016cc
20922683ns          354275 1c008f10 006d8d93 addi             x27, x27, 6         x27=00000006 x27:00000000
20922703ns          354276 1c008f12 005b0b13 addi             x22, x22, 5         x22=00000005 x22:00000000
20922722ns          354277 1c008f14 01880813 addi             x16, x16, 24        x16=1000162c x16:10001614
20922742ns          354278 1c008f16 001d8793 addi             x15, x27, 1         x15=00000007 x27:00000006
20922762ns          354279 1c008f1a 006b0693 addi             x13, x22, 6         x13=0000000b x22:00000005
20922782ns          354280 1c008f1e 014a0a13 addi             x20, x20, 20        x20=100016e0 x20:100016cc
20923200ns          354301 1c008f20 018a8a93 addi             x21, x21, 24        x21=100016d8 x21:100016c0
20923220ns          354302 1c008f22 00198993 addi             x19, x19, 1         x19=00000003 x19:00000002
20923240ns          354303 1c008f24 00448493 addi             x9, x9, 4            x9=100015f4  x9:100015f0
20923259ns          354304 1c008f26 014c8c93 addi             x25, x25, 20        x25=10001638 x25:10001624
20923279ns          354305 1c008f28 014d0d13 addi             x26, x26, 20        x26=10001744 x26:10001730
20923299ns          354306 1c008f2a 01838393 addi             x7, x7, 24           x7=10001738  x7:10001720
20923319ns          354307 1c008f2c ffff0f13 addi             x30, x30, -1        x30=00000004 x30:00000005
20923339ns          354308 1c008f2e 004b8b93 addi             x23, x23, 4         x23=100015c8 x23:100015c4
20923737ns          354328 1c008f30 014c0c13 addi             x24, x24, 20        x24=1000163c x24:10001628
20923757ns          354329 1c008f32 00500e33 add              x28, x0, x5         x28=100015dc  x5:100015dc
20923777ns          354330 1c008f34 01480713 addi             x14, x16, 20        x14=10001640 x16:1000162c
20923797ns          354331 1c008f38 acd7c363 blt              x15, x13, -3386     x15:00000007 x13:0000000b
20925169ns          354400 1c0081fe 410c05b3 sub              x11, x24, x16       x11=00000010 x24:1000163c x16:1000162c
20925209ns          354402 1c008202 1c0006b7 lui              x13, 0x1c000000     x13=1c000000
20925229ns          354403 1c008206 ffc58593 addi             x11, x11, -4        x11=0000000c x11:00000010
20925249ns          354404 1c008208 01c68693 addi             x13, x13, 28        x13=1c00001c x13:1c000000
20925268ns          354405 1c00820c 0025d593 srli             x11, x11, 0x2       x11=00000003 x11:0000000c
20925686ns          354426 1c00820e 0006a883 lw               x17, 0(x13)         x17=00800000 x13:1c00001c  PA:1c00001c
20925985ns          354441 1c008212 01000333 add              x6, x0, x16          x6=1000162c x16:1000162c
20926004ns          354442 1c008214 00000793 addi             x15, x0, 0          x15=00000000
20926024ns          354443 1c008218 00158593 addi             x11, x11, 1         x11=00000004 x11:00000003
20926044ns          354444 1c00821a 0043268b p.lw             x13, 4(x6!)         x13=c0a83534  x6=10001630  x6:1000162c  PA:1000162c
20926084ns          354446 1c00821e a0c69ed3 flt.s            x29, f13, f12       x29=00000001 f13:c0a83534 f12:00000000
20926104ns          354447 1c008222 000e8463 beq              x29, x0, 8          x29:00000001
20926124ns          354448 1c008226 20d696d3 fsgnjn.s         f13, f13, f13       f13=xxxxxxxx f13:c0a83534 f13:c0a83534
20926144ns          354449 1c00822a a0d89ed3 flt.s            x29, f17, f13       x29=00000001 f17:00800000 f13:40a83534
20926601ns          354472 1c00822e 480e8e63 beq              x29, x0, 1180       x29:00000001
20926641ns          354474 1c008232 18d8fed3 fdiv.s           f29, f17, f13       f29=xxxxxxxx f17:00800000 f13:40a83534
20927377ns          354511 1c008236 11d7f7d3 fmul.s           f15, f15, f29       f15=xxxxxxxx f15:00000000 f29:001859d0
20927397ns          354512 1c00823a 00d008b3 add              x17, x0, x13        x17=40a83534 x13:40a83534
20927417ns          354513 1c00823c 40fef7c3 fmadd.s          f15, f29, f15, f8   f15=xxxxxxxx f29:001859d0 f15:00000000  f8:3f800000
20927437ns          354514 1c008240 fff58593 addi             x11, x11, -1        x11=00000003 x11:00000004
20927456ns          354515 1c008242 fc059ce3 bne              x11, x0, -40        x11:00000003
20927735ns          354529 1c00821a 0043268b p.lw             x13, 4(x6!)         x13=c106c5a5  x6=10001634  x6:10001630  PA:10001630
20927775ns          354531 1c00821e a0c69ed3 flt.s            x29, f13, f12       x29=00000001 f13:c106c5a5 f12:00000000
20927795ns          354532 1c008222 000e8463 beq              x29, x0, 8          x29:00000001
20927814ns          354533 1c008226 20d696d3 fsgnjn.s         f13, f13, f13       f13=xxxxxxxx f13:c106c5a5 f13:c106c5a5
20927834ns          354534 1c00822a a0d89ed3 flt.s            x29, f17, f13       x29=00000001 f17:40a83534 f13:4106c5a5
20927854ns          354535 1c00822e 480e8e63 beq              x29, x0, 1180       x29:00000001
20927874ns          354536 1c008232 18d8fed3 fdiv.s           f29, f17, f13       f29=xxxxxxxx f17:40a83534 f13:4106c5a5
20928491ns          354567 1c008236 11d7f7d3 fmul.s           f15, f15, f29       f15=xxxxxxxx f15:3f800000 f29:3f1fc175
20928511ns          354568 1c00823a 00d008b3 add              x17, x0, x13        x17=4106c5a5 x13:4106c5a5
20928531ns          354569 1c00823c 40fef7c3 fmadd.s          f15, f29, f15, f8   f15=xxxxxxxx f29:3f1fc175 f15:3f1fc175  f8:3f800000
20928550ns          354570 1c008240 fff58593 addi             x11, x11, -1        x11=00000002 x11:00000003
20928570ns          354571 1c008242 fc059ce3 bne              x11, x0, -40        x11:00000002
20928650ns          354575 1c00821a 0043268b p.lw             x13, 4(x6!)         x13=c103f52e  x6=10001638  x6:10001634  PA:10001634
20928690ns          354577 1c00821e a0c69ed3 flt.s            x29, f13, f12       x29=00000001 f13:c103f52e f12:00000000
20928710ns          354578 1c008222 000e8463 beq              x29, x0, 8          x29:00000001
20928729ns          354579 1c008226 20d696d3 fsgnjn.s         f13, f13, f13       f13=xxxxxxxx f13:c103f52e f13:c103f52e
20928749ns          354580 1c00822a a0d89ed3 flt.s            x29, f17, f13       x29=00000000 f17:4106c5a5 f13:4103f52e
20928769ns          354581 1c00822e 480e8e63 beq              x29, x0, 1180       x29:00000000
20928849ns          354585 1c0086ca 1916f6d3 fdiv.s           f13, f13, f17       f13=xxxxxxxx f13:4103f52e f17:4106c5a5
20929625ns          354624 1c0086ce 78d6f7c3 fmadd.s          f15, f13, f13, f15  f15=xxxxxxxx f13:3f7aa779 f13:3f7aa779 f15:3fb1d8f1
20929644ns          354625 1c0086d2 fff58593 addi             x11, x11, -1        x11=00000001 x11:00000002
20929664ns          354626 1c0086d4 b40593e3 bne              x11, x0, -1210      x11:00000001
20929804ns          354633 1c00821a 0043268b p.lw             x13, 4(x6!)         x13=c12e6814  x6=1000163c  x6:10001638  PA:10001638
20929843ns          354635 1c00821e a0c69ed3 flt.s            x29, f13, f12       x29=00000001 f13:c12e6814 f12:00000000
20929863ns          354636 1c008222 000e8463 beq              x29, x0, 8          x29:00000001
20929883ns          354637 1c008226 20d696d3 fsgnjn.s         f13, f13, f13       f13=xxxxxxxx f13:c12e6814 f13:c12e6814
20929903ns          354638 1c00822a a0d89ed3 flt.s            x29, f17, f13       x29=00000001 f17:4106c5a5 f13:412e6814
20929923ns          354639 1c00822e 480e8e63 beq              x29, x0, 1180       x29:00000001
20929943ns          354640 1c008232 18d8fed3 fdiv.s           f29, f17, f13       f29=xxxxxxxx f17:4106c5a5 f13:412e6814
20930719ns          354679 1c008236 11d7f7d3 fmul.s           f15, f15, f29       f15=xxxxxxxx f15:4016475a f29:3f45d2b6
20930738ns          354680 1c00823a 00d008b3 add              x17, x0, x13        x17=412e6814 x13:412e6814
20930758ns          354681 1c00823c 40fef7c3 fmadd.s          f15, f29, f15, f8   f15=xxxxxxxx f29:3f45d2b6 f15:3fe84133  f8:3f800000
20930778ns          354682 1c008240 fff58593 addi             x11, x11, -1        x11=00000000 x11:00000001
20930798ns          354683 1c008242 fc059ce3 bne              x11, x0, -40        x11:00000000
20930818ns          354684 1c008244 5807f7d3 fsqrt.s          f15, f15            f15=xxxxxxxx f15:4019bcab
20931832ns          354735 1c008248 10f8f8d3 fmul.s           f17, f17, f15       f17=xxxxxxxx f17:412e6814 f15:3fc66299
20931852ns          354736 1c00824c a11617d3 flt.s            x15, f12, f17       x15=00000001 f12:00000000 f17:418727ac
20931872ns          354737 1c008250 500786e3 beq              x15, x0, 3340       x15:00000001
20931892ns          354738 1c008254 00082783 lw               x15, 0(x16)         x15=c0a83534 x16:1000162c  PA:1000162c
20931912ns          354739 1c008258 211895d3 fsgnjn.s         f11, f17, f17       f11=xxxxxxxx f17:418727ac f17:418727ac
20931932ns          354740 1c00825c a0c796d3 flt.s            x13, f15, f12       x13=00000001 f15:c0a83534 f12:00000000
20931972ns          354742 1c008260 00068363 beq              x13, x0, 6          x13:00000001
20932011ns          354744 1c008262 41b0106f jal              x0, 7194           
20932091ns          354748 1c009e7c 011006b3 add              x13, x0, x17        x13=418727ac x17:418727ac
20932449ns          354766 1c009e7e 00bba023 sw               x11, 0(x23)         x11:c18727ac x23:100015c8  PA:100015c8
20932469ns          354767 1c009e82 00b008b3 add              x17, x0, x11        x17=c18727ac x11:c18727ac
20932489ns          354768 1c009e84 00d005b3 add              x11, x0, x13        x11=418727ac x13:418727ac
20932509ns          354769 1c009e86 be4fe06f jal              x0, -7196          
20932568ns          354772 1c00826a a0c89353 flt.s            x6, f17, f12         x6=00000001 f17:c18727ac f12:00000000
20932588ns          354773 1c00826e 00b006b3 add              x13, x0, x11        x13=418727ac x11:418727ac
20932628ns          354775 1c008270 00031363 bne              x6, x0, 6            x6:00000001
20932708ns          354779 1c008276 1c000fb7 lui              x31, 0x1c000000     x31=1c000000
20932727ns          354780 1c00827a 028f8f93 addi             x31, x31, 40        x31=1c000028 x31:1c000000
20932787ns          354783 1c00827e 000faf83 lw               x31, 0(x31)         x31=0c000000 x31:1c000028  PA:1c000028
20933125ns          354800 1c008282 005b0313 addi             x6, x22, 5           x6=0000000a x22:00000005
20933145ns          354801 1c008286 a0df86d3 fle.s            x13, f31, f13       x13=00000001 f31:0c000000 f13:418727ac
20933165ns          354802 1c00828a 4c068ee3 beq              x13, x0, 3292       x13:00000001
20933603ns          354824 1c00828e 1c0006b7 lui              x13, 0x1c000000     x13=1c000000
20933642ns          354826 1c008292 02068693 addi             x13, x13, 32        x13=1c000020 x13:1c000000
20933662ns          354827 1c008296 0006a683 lw               x13, 0(x13)         x13=3f800000 x13:1c000020  PA:1c000020
20933981ns          354843 1c008298 1916f8d3 fdiv.s           f17, f13, f17       f17=xxxxxxxx f13:3f800000 f17:c18727ac
20934498ns          354869 1c00829c 026dd263 bge              x27, x6, 36         x27:00000006  x6:0000000a
20934518ns          354870 1c0082a0 410c06b3 sub              x13, x24, x16       x13=0000000c x24:1000163c x16:1000162c
20934538ns          354871 1c0082a4 ffc68693 addi             x13, x13, -4        x13=00000003 x13:00000010
20934557ns          354872 1c0082a6 0026d693 srli             x13, x13, 0x2       x13=xxxxxxxx x13:0000000c
20934577ns          354873 1c0082a8 01000eb3 add              x29, x0, x16        x29=xxxxxxxx x16:1000162c
20934597ns          354874 1c0082aa 00168693 addi             x13, x13, 1         x13=xxxxxxxx x13:00000003
20934617ns          354875 1c0082ac 0066c0fb lp.setup         0x1, x13, 0x6       x13:00000004  PA:1000162c
20934637ns          354876 1c0082b0 000ea783 lw               x15, 0(x29)         x15=c103f52e x29:1000162c
20934756ns          354882 1c0082b4 1117f7d3 fmul.s           f15, f15, f17       f15=xxxxxxxx f15:c0a83534 f17:bd727297
20934776ns          354883 1c0082b8 00fea22b p.sw             x15, 4(x29!)        x29=10001630 x15:3e9f4d96 x29:1000162c  PA:1000162c
20934796ns          354884 1c0082b0 000ea783 lw               x15, 0(x29)         x15=xxxxxxxx x29:10001630  PA:10001630
20934836ns          354886 1c0082b4 1117f7d3 fmul.s           f15, f15, f17       f15=xxxxxxxx f15:c106c5a5 f17:bd727297
20934856ns          354887 1c0082b8 00fea22b p.sw             x15, 4(x29!)        x29=10001634 x15:3eff4653 x29:10001630  PA:10001630
20934876ns          354888 1c0082b0 000ea783 lw               x15, 0(x29)         x15=xxxxxxxx x29:10001634  PA:10001634
20934915ns          354890 1c0082b4 1117f7d3 fmul.s           f15, f15, f17       f15=xxxxxxxx f15:c103f52e f17:bd727297
20934935ns          354891 1c0082b8 00fea22b p.sw             x15, 4(x29!)        x29=10001638 x15:3ef9f1ad x29:10001634  PA:10001634
20934955ns          354892 1c0082b0 000ea783 lw               x15, 0(x29)         x15=xxxxxxxx x29:10001638  PA:10001638
20934995ns          354894 1c0082b4 1117f7d3 fmul.s           f15, f15, f17       f15=xxxxxxxx f15:c12e6814 f17:bd727297
20935015ns          354895 1c0082b8 00fea22b p.sw             x15, 4(x29!)        x29=1000163c x15:3f252c74 x29:10001638  PA:10001638
20935035ns          354896 1c0082bc 00082783 lw               x15, 0(x16)         x15=xxxxxxxx x16:1000162c  PA:1000162c
20935055ns          354897 1c0082c0 1c0008b7 lui              x17, 0x1c000000     x17=1c000000
20935094ns          354899 1c0082c4 02088893 addi             x17, x17, 32        x17=1c000020 x17:1c000000
20935114ns          354900 1c0082c8 0008a883 lw               x17, 0(x17)         x17=3f800000 x17:1c000020  PA:1c000020
20935413ns          354915 1c0082cc 00bba023 sw               x11, 0(x23)         x11:418727ac x23:100015c8  PA:100015c8
20935433ns          354916 1c0082d0 0117f7d3 fadd.s           f15, f15, f17       f15=xxxxxxxx f15:3e9f4d96 f17:3f800000
20935453ns          354917 1c0082d4 00100f93 addi             x31, x0, 1          x31=00000001
20935472ns          354918 1c0082d6 00f82023 sw               x15, 0(x16)         x15:3fa7d366 x16:1000162c  PA:1000162c
20935492ns          354919 1c0082da 00812e83 lw               x29, 8(x2)          x29=100015ec  x2:10001598  PA:100015a0
20935512ns          354920 1c0082dc 004e0293 addi             x5, x28, 4           x5=100015e0 x28:100015dc
20935552ns          354922 1c0082e0 405e86b3 sub              x13, x29, x5        x13=0000000c x29:100015ec  x5:100015e0
20935592ns          354924 1c0082e4 ffc68693 addi             x13, x13, -4        x13=00000008 x13:0000000c
20935612ns          354925 1c0082e6 0026d693 srli             x13, x13, 0x2       x13=00000002 x13:00000008
20935632ns          354926 1c0082e8 00150513 addi             x10, x10, 1         x10=00000002 x10:00000001
20935651ns          354927 1c0082ea 005005b3 add              x11, x0, x5         x11=100015e0  x5:100015e0
20935671ns          354928 1c0082ec 00168693 addi             x13, x13, 1         x13=00000003 x13:00000002
20935691ns          354929 1c0082ee 00a00933 add              x18, x0, x10        x18=00000002 x10:00000002
20935711ns          354930 1c0082f0 01c12223 sw               x28, 4(x2)          x28:100015dc  x2:10001598  PA:1000159c
20935731ns          354931 1c0082f2 0306c0fb lp.setup         0x1, x13, 0x30      x13:00000003
20935751ns          354932 1c0082f6 040f8c63 beq              x31, x0, 88         x31:00000001
20935771ns          354933 1c0082fa 00082503 lw               x10, 0(x16)         x10=3fa7d366 x16:1000162c  PA:1000162c
20935830ns          354936 1c0082fe 00072883 lw               x17, 0(x14)         x17=c07204c0 x14:10001640  PA:10001640
20935870ns          354938 1c008302 00472303 lw               x6, 4(x14)           x6=40f9980f x14:10001640  PA:10001644
20935890ns          354939 1c008306 611577c3 fmadd.s          f15, f10, f17, f12  f15=xxxxxxxx f10:3fa7d366 f17:c07204c0 f12:00000000
20935910ns          354940 1c00830a 00482e83 lw               x29, 4(x16)         x29=3eff4653 x16:1000162c  PA:10001630
20935970ns          354943 1c00830e 786ef7c3 fmadd.s          f15, f29, f6, f15   f15=xxxxxxxx f29:3eff4653  f6:40f9980f f15:c09ea8f4
20936009ns          354945 1c008312 022f2863 p.beqimm         x30, 48             x30:00000004
20936029ns          354946 1c008316 00882e03 lw               x28, 8(x16)         x28=3ef9f1ad x16:1000162c  PA:10001634
20936049ns          354947 1c00831a 00872e83 lw               x29, 8(x14)         x29=c01fb8f1 x14:10001640  PA:10001648
20936109ns          354950 1c00831e 79de77c3 fmadd.s          f15, f28, f29, f15  f15=xxxxxxxx f28:3ef9f1ad f29:c01fb8f1 f15:bf88ddc1
20936149ns          354952 1c008322 023f2063 p.beqimm         x30, 32             x30:00000004
20936169ns          354953 1c008326 00c82e03 lw               x28, 12(x16)        x28=3f252c74 x16:1000162c  PA:10001638
20936188ns          354954 1c00832a 00c72e83 lw               x29, 12(x14)        x29=40aee071 x14:10001640  PA:1000164c
20936248ns          354957 1c00832e 79de77c3 fmadd.s          f15, f28, f29, f15  f15=xxxxxxxx f28:3f252c74 f29:40aee071 f15:c01267b6
20936288ns          354959 1c008332 005f3863 p.bneimm         x30, 16             x30:00000004
20936646ns          354977 1c008342 18a7f7d3 fdiv.s           f15, f15, f10       f15=xxxxxxxx f15:3f9e84af f10:3fa7d366
20937402ns          355015 1c008346 a0c7aed3 feq.s            x29, f15, f12       x29=00000000 f15:3f71cd6d f12:00000000
20937422ns          355016 1c00834a 300e80e3 beq              x29, x0, 2816       x29:00000000
20937561ns          355023 1c008e4a 20f797d3 fsgnjn.s         f15, f15, f15       f15=xxxxxxxx f15:3f71cd6d f15:3f71cd6d
20937621ns          355026 1c008e4e 88a7f543 fmadd.s          f10, f15, f10, f17  f10=xxxxxxxx f15:bf71cd6d f10:3fa7d366 f17:c07204c0
20937641ns          355027 1c008e52 00a72023 sw               x10, 0(x14)         x10:c0a0a38c x14:10001640  PA:10001640
20937660ns          355028 1c008e54 00482503 lw               x10, 4(x16)         x10=3eff4653 x16:1000162c  PA:10001630
20937700ns          355030 1c008e58 30a7f343 fmadd.s          f6, f15, f10, f6     f6=xxxxxxxx f15:bf71cd6d f10:3eff4653  f6:40f9980f
20937720ns          355031 1c008e5c 00672223 sw               x6, 4(x14)           x6:40ea862e x14:10001640  PA:10001644
20937760ns          355033 1c008e60 ce2f2763 p.beqimm         x30, -2834          x30:00000004
20937800ns          355035 1c008e64 00882503 lw               x10, 8(x16)         x10=3ef9f1ad x16:1000162c  PA:10001634
20937820ns          355036 1c008e68 00872883 lw               x17, 8(x14)         x17=c01fb8f1 x14:10001640  PA:10001648
20937859ns          355038 1c008e6c 88a7f543 fmadd.s          f10, f15, f10, f17  f10=xxxxxxxx f15:bf71cd6d f10:3ef9f1ad f17:c01fb8f1
20937899ns          355040 1c008e70 00a72423 sw               x10, 8(x14)         x10:c03d3b94 x14:10001640  PA:10001648
20937939ns          355042 1c008e72 cc3f2e63 p.beqimm         x30, -2852          x30:00000004
20937959ns          355043 1c008e76 00c82503 lw               x10, 12(x16)        x10=3f252c74 x16:1000162c  PA:10001638
20937979ns          355044 1c008e7a 00c72883 lw               x17, 12(x14)        x17=40aee071 x14:10001640  PA:1000164c
20938058ns          355048 1c008e7e 88a7f543 fmadd.s          f10, f15, f10, f17  f10=xxxxxxxx f15:bf71cd6d f10:3f252c74 f17:40aee071
20938078ns          355049 1c008e82 00a72623 sw               x10, 12(x14)        x10:409b6004 x14:10001640  PA:1000164c
20938098ns          355050 1c008e84 cc5f3563 p.bneimm         x30, -2870          x30:00000004
20938277ns          355059 1c00834e 0147278b p.lw             x15, 20(x14!)       x15=c0a0a38c x14=10001654 x14:10001640  PA:10001640
20938317ns          355061 1c008352 00f5a22b p.sw             x15, 4(x11!)        x11=100015e4 x15:c0a0a38c x11:100015e0  PA:100015e0
20938357ns          355063 1c0082f6 040f8c63 beq              x31, x0, 88         x31:00000001
20938376ns          355064 1c0082fa 00082503 lw               x10, 0(x16)         x10=3fa7d366 x16:1000162c  PA:1000162c
20938436ns          355067 1c0082fe 00072883 lw               x17, 0(x14)         x17=bf8970e8 x14:10001654  PA:10001654
20938476ns          355069 1c008302 00472303 lw               x6, 4(x14)           x6=be7c169b x14:10001654  PA:10001658
20938496ns          355070 1c008306 611577c3 fmadd.s          f15, f10, f17, f12  f15=xxxxxxxx f10:3fa7d366 f17:bf8970e8 f12:00000000
20938516ns          355071 1c00830a 00482e83 lw               x29, 4(x16)         x29=3eff4653 x16:1000162c  PA:10001630
20938555ns          355073 1c00830e 786ef7c3 fmadd.s          f15, f29, f6, f15   f15=xxxxxxxx f29:3eff4653  f6:be7c169b f15:bfb4344c
20938575ns          355074 1c008312 022f2863 p.beqimm         x30, 48             x30:00000004
20938595ns          355075 1c008316 00882e03 lw               x28, 8(x16)         x28=3ef9f1ad x16:1000162c  PA:10001634
20938615ns          355076 1c00831a 00872e83 lw               x29, 8(x14)         x29=40f2fec5 x14:10001654  PA:1000165c
20938655ns          355078 1c00831e 79de77c3 fmadd.s          f15, f28, f29, f15  f15=xxxxxxxx f28:3ef9f1ad f29:40f2fec5 f15:bfc3ea48
20938675ns          355079 1c008322 023f2063 p.beqimm         x30, 32             x30:00000004
20938695ns          355080 1c008326 00c82e03 lw               x28, 12(x16)        x28=3f252c74 x16:1000162c  PA:10001638
20938715ns          355081 1c00832a 00c72e83 lw               x29, 12(x14)        x29=3f941529 x14:10001654  PA:10001660
20938754ns          355083 1c00832e 79de77c3 fmadd.s          f15, f28, f29, f15  f15=xxxxxxxx f28:3f252c74 f29:3f941529 f15:400b4a10
20938774ns          355084 1c008332 005f3863 p.bneimm         x30, 16             x30:00000004
20938854ns          355088 1c008342 18a7f7d3 fdiv.s           f15, f15, f10       f15=xxxxxxxx f15:403b0fbd f10:3fa7d366
20939490ns          355120 1c008346 a0c7aed3 feq.s            x29, f15, f12       x29=00000000 f15:400eabc6 f12:00000000
20939510ns          355121 1c00834a 300e80e3 beq              x29, x0, 2816       x29:00000000
20939590ns          355125 1c008e4a 20f797d3 fsgnjn.s         f15, f15, f15       f15=xxxxxxxx f15:400eabc6 f15:400eabc6
20939610ns          355126 1c008e4e 88a7f543 fmadd.s          f10, f15, f10, f17  f10=xxxxxxxx f15:c00eabc6 f10:3fa7d366 f17:bf8970e8
20939630ns          355127 1c008e52 00a72023 sw               x10, 0(x14)         x10:c07fc831 x14:10001654  PA:10001654
20939649ns          355128 1c008e54 00482503 lw               x10, 4(x16)         x10=3eff4653 x16:1000162c  PA:10001630
20939689ns          355130 1c008e58 30a7f343 fmadd.s          f6, f15, f10, f6     f6=xxxxxxxx f15:c00eabc6 f10:3eff4653  f6:be7c169b
20939709ns          355131 1c008e5c 00672223 sw               x6, 4(x14)           x6:bfadc71f x14:10001654  PA:10001658
20939729ns          355132 1c008e60 ce2f2763 p.beqimm         x30, -2834          x30:00000004
20939749ns          355133 1c008e64 00882503 lw               x10, 8(x16)         x10=3ef9f1ad x16:1000162c  PA:10001634
20939769ns          355134 1c008e68 00872883 lw               x17, 8(x14)         x17=40f2fec5 x14:10001654  PA:1000165c
20939809ns          355136 1c008e6c 88a7f543 fmadd.s          f10, f15, f10, f17  f10=xxxxxxxx f15:c00eabc6 f10:3ef9f1ad f17:40f2fec5
20939828ns          355137 1c008e70 00a72423 sw               x10, 8(x14)         x10:40d02bd4 x14:10001654  PA:1000165c
20939848ns          355138 1c008e72 cc3f2e63 p.beqimm         x30, -2852          x30:00000004
20939868ns          355139 1c008e76 00c82503 lw               x10, 12(x16)        x10=3f252c74 x16:1000162c  PA:10001638
20939888ns          355140 1c008e7a 00c72883 lw               x17, 12(x14)        x17=3f941529 x14:10001654  PA:10001660
20939948ns          355143 1c008e7e 88a7f543 fmadd.s          f10, f15, f10, f17  f10=xxxxxxxx f15:c00eabc6 f10:3f252c74 f17:3f941529
20939968ns          355144 1c008e82 00a72623 sw               x10, 12(x14)        x10:be901742 x14:10001654  PA:10001660
20939988ns          355145 1c008e84 cc5f3563 p.bneimm         x30, -2870          x30:00000004
20940067ns          355149 1c00834e 0147278b p.lw             x15, 20(x14!)       x15=c07fc831 x14=10001668 x14:10001654  PA:10001654
20940107ns          355151 1c008352 00f5a22b p.sw             x15, 4(x11!)        x11=100015e8 x15:c07fc831 x11:100015e4  PA:100015e4
20940127ns          355152 1c0082f6 040f8c63 beq              x31, x0, 88         x31:00000001
20940147ns          355153 1c0082fa 00082503 lw               x10, 0(x16)         x10=3fa7d366 x16:1000162c  PA:1000162c
20940206ns          355156 1c0082fe 00072883 lw               x17, 0(x14)         x17=c0361d15 x14:10001668  PA:10001668
20940246ns          355158 1c008302 00472303 lw               x6, 4(x14)           x6=3e95dc67 x14:10001668  PA:1000166c
20940266ns          355159 1c008306 611577c3 fmadd.s          f15, f10, f17, f12  f15=xxxxxxxx f10:3fa7d366 f17:c0361d15 f12:00000000
20940286ns          355160 1c00830a 00482e83 lw               x29, 4(x16)         x29=3eff4653 x16:1000162c  PA:10001630
20940326ns          355162 1c00830e 786ef7c3 fmadd.s          f15, f29, f6, f15   f15=xxxxxxxx f29:3eff4653  f6:3e95dc67 f15:c06ec6b6
20940346ns          355163 1c008312 022f2863 p.beqimm         x30, 48             x30:00000004
20940366ns          355164 1c008316 00882e03 lw               x28, 8(x16)         x28=3ef9f1ad x16:1000162c  PA:10001634
20940385ns          355165 1c00831a 00872e83 lw               x29, 8(x14)         x29=bfafebb0 x14:10001668  PA:10001670
20940425ns          355167 1c00831e 79de77c3 fmadd.s          f15, f28, f29, f15  f15=xxxxxxxx f28:3ef9f1ad f29:bfafebb0 f15:c0656fbb
20940445ns          355168 1c008322 023f2063 p.beqimm         x30, 32             x30:00000004
20940465ns          355169 1c008326 00c82e03 lw               x28, 12(x16)        x28=3f252c74 x16:1000162c  PA:10001638
20940485ns          355170 1c00832a 00c72e83 lw               x29, 12(x14)        x29=410d2eea x14:10001668  PA:10001674
20940525ns          355172 1c00832e 79de77c3 fmadd.s          f15, f28, f29, f15  f15=xxxxxxxx f28:3f252c74 f29:410d2eea f15:c0883028
20940545ns          355173 1c008332 005f3863 p.bneimm         x30, 16             x30:00000004
20940624ns          355177 1c008342 18a7f7d3 fdiv.s           f15, f15, f10       f15=xxxxxxxx f15:3fb7fd67 f10:3fa7d366
20940903ns          355191 1c008346 a0c7aed3 feq.s            x29, f15, f12       x29=00000000 f15:3f8c540a f12:00000000
20940922ns          355192 1c00834a 300e80e3 beq              x29, x0, 2816       x29:00000000
20941002ns          355196 1c008e4a 20f797d3 fsgnjn.s         f15, f15, f15       f15=xxxxxxxx f15:3f8c540a f15:3f8c540a
20941022ns          355197 1c008e4e 88a7f543 fmadd.s          f10, f15, f10, f17  f10=xxxxxxxx f15:bf8c540a f10:3fa7d366 f17:c0361d15
20941042ns          355198 1c008e52 00a72023 sw               x10, 0(x14)         x10:c0890de4 x14:10001668  PA:10001668
20941062ns          355199 1c008e54 00482503 lw               x10, 4(x16)         x10=3eff4653 x16:1000162c  PA:10001630
20941101ns          355201 1c008e58 30a7f343 fmadd.s          f6, f15, f10, f6     f6=xxxxxxxx f15:bf8c540a f10:3eff4653  f6:3e95dc67
20941121ns          355202 1c008e5c 00672223 sw               x6, 4(x14)           x6:be82001e x14:10001668  PA:1000166c
20941141ns          355203 1c008e60 ce2f2763 p.beqimm         x30, -2834          x30:00000004
20941161ns          355204 1c008e64 00882503 lw               x10, 8(x16)         x10=3ef9f1ad x16:1000162c  PA:10001634
20941181ns          355205 1c008e68 00872883 lw               x17, 8(x14)         x17=bfafebb0 x14:10001668  PA:10001670
20941221ns          355207 1c008e6c 88a7f543 fmadd.s          f10, f15, f10, f17  f10=xxxxxxxx f15:bf8c540a f10:3ef9f1ad f17:bfafebb0
20941241ns          355208 1c008e70 00a72423 sw               x10, 8(x14)         x10:bff46ccc x14:10001668  PA:10001670
20941261ns          355209 1c008e72 cc3f2e63 p.beqimm         x30, -2852          x30:00000004
20941281ns          355210 1c008e76 00c82503 lw               x10, 12(x16)        x10=3f252c74 x16:1000162c  PA:10001638
20941300ns          355211 1c008e7a 00c72883 lw               x17, 12(x14)        x17=410d2eea x14:10001668  PA:10001674
20941360ns          355214 1c008e7e 88a7f543 fmadd.s          f10, f15, f10, f17  f10=xxxxxxxx f15:bf8c540a f10:3f252c74 f17:410d2eea
20941380ns          355215 1c008e82 00a72623 sw               x10, 12(x14)        x10:4101dd99 x14:10001668  PA:10001674
20941400ns          355216 1c008e84 cc5f3563 p.bneimm         x30, -2870          x30:00000004
20941479ns          355220 1c00834e 0147278b p.lw             x15, 20(x14!)       x15=c0890de4 x14=1000167c x14:10001668  PA:10001668
20941519ns          355222 1c008352 00f5a22b p.sw             x15, 4(x11!)        x11=100015ec x15:c0890de4 x11:100015e8  PA:100015e8
20941539ns          355223 1c008356 00082703 lw               x14, 0(x16)         x14=3fa7d366 x16:1000162c  PA:1000162c
20941559ns          355224 1c00835a 00482783 lw               x15, 4(x16)         x15=3eff4653 x16:1000162c  PA:10001630
20941619ns          355227 1c00835e 00e3a023 sw               x14, 0(x7)          x14:3fa7d366  x7:10001738  PA:10001738
20941639ns          355228 1c008362 00f3a223 sw               x15, 4(x7)          x15:3eff4653  x7:10001738  PA:1000173c
20941658ns          355229 1c008366 01200533 add              x10, x0, x18        x10=00000002 x18:00000002
20941678ns          355230 1c008368 00412e03 lw               x28, 4(x2)          x28=100015dc  x2:10001598  PA:1000159c
20941698ns          355231 1c00836a 3659a863 p.beqimm         x19, 880            x19:00000003
20941738ns          355233 1c00836e 00882783 lw               x15, 8(x16)         x15=3ef9f1ad x16:1000162c  PA:10001634
20941778ns          355235 1c008372 00f3a423 sw               x15, 8(x7)          x15:3ef9f1ad  x7:10001738  PA:10001740
20941798ns          355236 1c008376 00392c63 p.beqimm         x18, 24             x18:00000002
20941818ns          355237 1c00837a 00c82783 lw               x15, 12(x16)        x15=3f252c74 x16:1000162c  PA:10001638
20941877ns          355240 1c00837e 00f3a623 sw               x15, 12(x7)         x15:3f252c74  x7:10001738  PA:10001744
20941917ns          355242 1c008382 34193c63 p.bneimm         x18, 856            x18:00000002
20941997ns          355246 1c0086da ca453ae3 p.bneimm         x10, -844           x10:00000002
20942096ns          355251 1c00838e 00500893 addi             x17, x0, 5          x17=00000005
20942156ns          355254 1c008390 40a888b3 sub              x17, x17, x10       x17=00000003 x17:00000005 x10:00000002
20942195ns          355256 1c008394 011985b3 add              x11, x19, x17       x11=00000006 x19:00000003 x17:00000003
20942215ns          355257 1c008398 00b9c463 blt              x19, x11, 8         x19:00000003 x11:00000006
20942335ns          355263 1c0083a0 004e2703 lw               x14, 4(x28)         x14=c0a0a38c x28:100015dc  PA:100015e0
20942375ns          355265 1c0083a4 a0c717d3 flt.s            x15, f14, f12       x15=00000001 f14:c0a0a38c f12:00000000
20942394ns          355266 1c0083a8 00078363 beq              x15, x0, 6          x15:00000001
20942414ns          355267 1c0083aa 20e71753 fsgnjn.s         f14, f14, f14       f14=xxxxxxxx f14:c0a0a38c f14:c0a0a38c
20942454ns          355269 1c0083ae 1c000fb7 lui              x31, 0x1c000000     x31=1c000000
20942494ns          355271 1c0083b2 01cf8f93 addi             x31, x31, 28        x31=1c00001c x31:1c000000
20942514ns          355272 1c0083b6 000faf83 lw               x31, 0(x31)         x31=00800000 x31:1c00001c  PA:1c00001c
20942892ns          355291 1c0083ba a0ef97d3 flt.s            x15, f31, f14       x15=00000001 f31:00800000 f14:40a0a38c
20942912ns          355292 1c0083be 00078363 beq              x15, x0, 6          x15:00000001
20942931ns          355293 1c0083c0 4410106f jal              x0, 7232           
20943011ns          355297 1c00a000 1c000eb7 lui              x29, 0x1c000000     x29=1c000000
20943051ns          355299 1c00a004 01ce8e93 addi             x29, x29, 28        x29=1c00001c x29:1c000000
20943071ns          355300 1c00a008 1c000fb7 lui              x31, 0x1c000000     x31=1c000000
20943091ns          355301 1c00a00c 000eae83 lw               x29, 0(x29)         x29=00800000 x29:1c00001c  PA:1c00001c
20943429ns          355318 1c00a010 020f8f93 addi             x31, x31, 32        x31=1c000020 x31:1c000000
20943449ns          355319 1c00a014 18eef7d3 fdiv.s           f15, f29, f14       f15=xxxxxxxx f29:00800000 f14:40a0a38c
20943767ns          355335 1c00a018 10c7f6d3 fmul.s           f13, f15, f12       f13=xxxxxxxx f15:00197f89 f12:00000000
20943787ns          355336 1c00a01c 000faf83 lw               x31, 0(x31)         x31=3f800000 x31:1c000020  PA:1c000020
20944105ns          355352 1c00a020 f8d7f7c3 fmadd.s          f15, f15, f13, f31  f15=xxxxxxxx f15:00197f89 f13:00000000 f31:3f800000
20944125ns          355353 1c00a024 baafe06f jal              x0, -7254          
20944224ns          355358 1c0083ce 00250693 addi             x13, x10, 2         x13=00000004 x10:00000002
20944264ns          355360 1c0083d2 0eb6db63 bge              x13, x11, 246       x13:00000004 x11:00000006
20944284ns          355361 1c0083d6 008e2683 lw               x13, 8(x28)         x13=c07fc831 x28:100015dc  PA:100015e4
20944324ns          355363 1c0083da a0c69353 flt.s            x6, f13, f12         x6=00000001 f13:c07fc831 f12:00000000
20944364ns          355365 1c0083de 00030463 beq              x6, x0, 8            x6:00000001
20944403ns          355367 1c0083e2 20d696d3 fsgnjn.s         f13, f13, f13       f13=xxxxxxxx f13:c07fc831 f13:c07fc831
20944423ns          355368 1c0083e6 a0d71353 flt.s            x6, f14, f13         x6=00000000 f14:40a0a38c f13:407fc831
20944443ns          355369 1c0083ea 00030463 beq              x6, x0, 8            x6:00000000
20944562ns          355375 1c0083f2 18e6f353 fdiv.s           f6, f13, f14         f6=xxxxxxxx f13:407fc831 f14:40a0a38c
20944622ns          355378 1c0083f6 00e006b3 add              x13, x0, x14        x13=xxxxxxxx x14:40a0a38c
20944642ns          355379 1c0083f8 00350713 addi             x14, x10, 3         x14=xxxxxxxx x10:00000002
20944881ns          355391 1c0083fc 786377c3 fmadd.s          f15, f6, f6, f15    f15=xxxxxxxx  f6:3f4bcfd3  f6:3f4bcfd3 f15:3f800000
20944901ns          355392 1c008400 00b74463 blt              x14, x11, 8         x14:00000005 x11:00000006
20944960ns          355395 1c008408 00ce2703 lw               x14, 12(x28)        x14=c0890de4 x28:100015dc  PA:100015e8
20945000ns          355397 1c00840c a0c71353 flt.s            x6, f14, f12         x6=00000001 f14:c0890de4 f12:00000000
20945040ns          355399 1c008410 00030463 beq              x6, x0, 8            x6:00000001
20945080ns          355401 1c008414 20e71753 fsgnjn.s         f14, f14, f14       f14=xxxxxxxx f14:c0890de4 f14:c0890de4
20945100ns          355402 1c008418 a0e69353 flt.s            x6, f13, f14         x6=00000000 f13:40a0a38c f14:40890de4
20945119ns          355403 1c00841c 00030463 beq              x6, x0, 8            x6:00000000
20945219ns          355408 1c008424 18d77353 fdiv.s           f6, f14, f13         f6=xxxxxxxx f14:40890de4 f13:40a0a38c
20945995ns          355447 1c008428 786377c3 fmadd.s          f15, f6, f6, f15    f15=xxxxxxxx  f6:3f5a6a2b  f6:3f5a6a2b f15:3fd121a1
20946015ns          355448 1c00842c 00d00733 add              x14, x0, x13        x14=40a0a38c x13:40a0a38c
20946034ns          355449 1c00842e 00450693 addi             x13, x10, 4         x13=00000006 x10:00000002
20946054ns          355450 1c008432 08b6db63 bge              x13, x11, 150       x13:00000006 x11:00000006
20946154ns          355455 1c0084c8 5807f7d3 fsqrt.s          f15, f15            f15=xxxxxxxx f15:40172710
20947128ns          355504 1c0084cc 10f77753 fmul.s           f14, f14, f15       f14=xxxxxxxx f14:40a0a38c f15:3fc4b5ea
20947148ns          355505 1c0084d0 a0c727d3 feq.s            x15, f14, f12       x15=00000000 f14:40f6debb f12:00000000
20947168ns          355506 1c0084d4 200799e3 bne              x15, x0, 2578       x15:00000000
20947188ns          355507 1c0084d8 004e2783 lw               x15, 4(x28)         x15=c0a0a38c x28:100015dc  PA:100015e0
20947228ns          355509 1c0084dc a0c796d3 flt.s            x13, f15, f12       x13=00000001 f15:c0a0a38c f12:00000000
20947248ns          355510 1c0084e0 00068363 beq              x13, x0, 6          x13:00000001
20947288ns          355512 1c0084e2 5a50106f jal              x0, 7588           
20947407ns          355518 1c00a286 20e71753 fsgnjn.s         f14, f14, f14       f14=xxxxxxxx f14:40f6debb f14:40f6debb
20947427ns          355519 1c00a28a 00ee2023 sw               x14, 0(x28)         x14:c0f6debb x28:100015dc  PA:100015dc
20947626ns          355529 1c00a28e a5cfe06f jal              x0, -7588          
20947685ns          355532 1c0084ea a0c716d3 flt.s            x13, f14, f12       x13=00000001 f14:c0f6debb f12:00000000
20947705ns          355533 1c0084ee 00068363 beq              x13, x0, 6          x13:00000001
20947745ns          355535 1c0084f0 58f0106f jal              x0, 7566           
20947864ns          355541 1c00a27e 20e716d3 fsgnjn.s         f13, f14, f14       f13=xxxxxxxx f14:c0f6debb f14:c0f6debb
20947884ns          355542 1c00a282 a74fe06f jal              x0, -7564          
20947944ns          355545 1c0084f6 1c000337 lui              x6, 0x1c000000       x6=1c000000
20947964ns          355546 1c0084fa 02830313 addi             x6, x6, 40           x6=1c000028  x6:1c000000
20948023ns          355549 1c0084fe 00032303 lw               x6, 0(x6)            x6=0c000000  x6:1c000028  PA:1c000028
20948362ns          355566 1c008502 a0d306d3 fle.s            x13, f6, f13        x13=00000001  f6:0c000000 f13:40f6debb
20948382ns          355567 1c008506 00068363 beq              x13, x0, 6          x13:00000001
20948401ns          355568 1c008508 4730106f jal              x0, 7282           
20948580ns          355577 1c00a17a 008e2683 lw               x13, 8(x28)         x13=c07fc831 x28:100015dc  PA:100015e4
20948640ns          355580 1c00a17e 1c000fb7 lui              x31, 0x1c000000     x31=1c000000
20948680ns          355582 1c00a182 020f8f93 addi             x31, x31, 32        x31=1c000020 x31:1c000000
20948700ns          355583 1c00a186 000faf83 lw               x31, 0(x31)         x31=3f800000 x31:1c000020  PA:1c000020
20949038ns          355600 1c00a18a 18eff753 fdiv.s           f14, f31, f14       f14=xxxxxxxx f31:3f800000 f14:c0f6debb
20949316ns          355614 1c00a18e 10e7f7d3 fmul.s           f15, f15, f14       f15=xxxxxxxx f15:c0a0a38c f14:be04bbda
20949336ns          355615 1c00a192 10e6f6d3 fmul.s           f13, f13, f14       f13=xxxxxxxx f13:c07fc831 f14:be04bbda
20949356ns          355616 1c00a196 00fe2223 sw               x15, 4(x28)         x15:3f269469 x28:100015dc  PA:100015e0
20949376ns          355617 1c00a19a 00de2423 sw               x13, 8(x28)         x13:3f049eea x28:100015dc  PA:100015e4
20949436ns          355620 1c00a19e 1c352063 p.beqimm         x10, 448            x10:00000002
20949476ns          355622 1c00a1a2 00ce2783 lw               x15, 12(x28)        x15=c0890de4 x28:100015dc  PA:100015e8
20949515ns          355624 1c00a1a6 10e7f7d3 fmul.s           f15, f15, f14       f15=xxxxxxxx f15:c0890de4 f14:be04bbda
20949535ns          355625 1c00a1aa 00fe2623 sw               x15, 12(x28)        x15:3f0e1f77 x28:100015dc  PA:100015e8
20949575ns          355627 1c00a1ae 00152463 p.beqimm         x10, 8              x10:00000002
20949615ns          355629 1c00a1b2 b8efe06f jal              x0, -7282          
20949694ns          355633 1c008540 1c0006b7 lui              x13, 0x1c000000     x13=1c000000
20949734ns          355635 1c008544 02068693 addi             x13, x13, 32        x13=1c000020 x13:1c000000
20949754ns          355636 1c008548 004e2783 lw               x15, 4(x28)         x15=3f269469 x28:100015dc  PA:100015e0
20949774ns          355637 1c00854c 0006a683 lw               x13, 0(x13)         x13=3f800000 x13:1c000020  PA:1c000020
20950132ns          355655 1c00854e 000e2703 lw               x14, 0(x28)         x14=c0f6debb x28:100015dc  PA:100015dc
20950152ns          355656 1c008552 00d7f7d3 fadd.s           f15, f15, f13       f15=xxxxxxxx f15:3f269469 f13:3f800000
20950172ns          355657 1c008556 20e71753 fsgnjn.s         f14, f14, f14       f14=xxxxxxxx f14:c0f6debb f14:c0f6debb
20950192ns          355658 1c00855a 00ee2023 sw               x14, 0(x28)         x14:40f6debb x28:100015dc  PA:100015dc
20950251ns          355661 1c00855e 00fe2223 sw               x15, 4(x28)         x15:3fd34a34 x28:100015dc  PA:100015e0
20950291ns          355663 1c008562 0004a023 sw               x0, 0(x9)            x9:100015f4  PA:100015f4
20950311ns          355664 1c008566 0004a223 sw               x0, 4(x9)            x9:100015f4  PA:100015f8
20950331ns          355665 1c00856a 0004a423 sw               x0, 8(x9)            x9:100015f4  PA:100015fc
20950390ns          355668 1c00856e 00153363 p.bneimm         x10, 6              x10:00000002
20950450ns          355671 1c008574 00251313 slli             x6, x10, 0x2         x6=00000008 x10:00000002
20950470ns          355672 1c008578 0048a463 p.beqimm         x17, 8              x17:00000003
20950490ns          355673 1c00857c 6150106f jal              x0, 7700           
20951126ns          355705 1c00a390 3028aa63 p.beqimm         x17, 788            x17:00000003
20951166ns          355707 1c00a394 0e010893 addi             x17, x2, 224        x17=10001678  x2:10001598
20951186ns          355708 1c00a398 00688733 add              x14, x17, x6        x14=10001680 x17:10001678  x6:00000008
20951206ns          355709 1c00a39c f6072703 lw               x14, -160(x14)      x14=3fd34a34 x14:10001680  PA:100015e0
20951644ns          355731 1c00a3a0 a0c726d3 feq.s            x13, f14, f12       x13=00000000 f14:3fd34a34 f12:00000000
20951683ns          355733 1c00a3a4 20068863 beq              x13, x0, 528        x13:00000000
20952161ns          355757 1c00a5b4 0004a583 lw               x11, 0(x9)          x11=00000000  x9:100015f4  PA:100015f4
20952201ns          355759 1c00a5b6 0044ae83 lw               x29, 4(x9)          x29=00000000  x9:100015f4  PA:100015f8
20952220ns          355760 1c00a5ba 0084a903 lw               x18, 8(x9)          x18=00000000  x9:100015f4  PA:100015fc
20952678ns          355783 1c00a5be 01882683 lw               x13, 24(x16)        x13=40ea862e x16:1000162c  PA:10001644
20952718ns          355785 1c00a5c2 01c82883 lw               x17, 28(x16)        x17=c03d3b94 x16:1000162c  PA:10001648
20952738ns          355786 1c00a5c6 02082f83 lw               x31, 32(x16)        x31=409b6004 x16:1000162c  PA:1000164c
20952757ns          355787 1c00a5ca 58d776c3 fmadd.s          f13, f14, f13, f11  f13=xxxxxxxx f14:3fd34a34 f13:40ea862e f11:00000000
20953195ns          355809 1c00a5ce e91778c3 fmadd.s          f17, f14, f17, f29  f17=xxxxxxxx f14:3fd34a34 f17:c03d3b94 f29:00000000
20953235ns          355811 1c00a5d2 91f77743 fmadd.s          f14, f14, f31, f18  f14=xxxxxxxx f14:3fd34a34 f31:409b6004 f18:00000000
20953255ns          355812 1c00a5d6 00d4a023 sw               x13, 0(x9)          x13:41419092  x9:100015f4  PA:100015f4
20953275ns          355813 1c00a5d8 0114a223 sw               x17, 4(x9)          x17:c09c2ef5  x9:100015f4  PA:100015f8
20953295ns          355814 1c00a5dc 00e4a423 sw               x14, 8(x9)          x14:41003d2d  x9:100015f4  PA:100015fc
20953314ns          355815 1c00a5de dcbff06f jal              x0, -566           
20953752ns          355837 1c00a3a8 0659a663 p.beqimm         x19, 108            x19:00000003
20953772ns          355838 1c00a3ac 00299713 slli             x14, x19, 0x2       x14=0000000c x19:00000003
20954210ns          355860 1c00a3b0 0e010e93 addi             x29, x2, 224        x29=10001678  x2:10001598
20954249ns          355862 1c00a3b4 01d70733 add              x14, x14, x29       x14=10001684 x14:0000000c x29:10001678
20954269ns          355863 1c00a3b6 f6072703 lw               x14, -160(x14)      x14=3f049eea x14:10001684  PA:100015e4
20954309ns          355865 1c00a3ba a0c726d3 feq.s            x13, f14, f12       x13=00000000 f14:3f049eea f12:00000000
20954727ns          355886 1c00a3be 2a068d63 beq              x13, x0, 698        x13:00000000
20955224ns          355911 1c00a678 0004a583 lw               x11, 0(x9)          x11=41419092  x9:100015f4  PA:100015f4
20955264ns          355913 1c00a67a 0044ae83 lw               x29, 4(x9)          x29=c09c2ef5  x9:100015f4  PA:100015f8
20955701ns          355935 1c00a67e 0084a903 lw               x18, 8(x9)          x18=41003d2d  x9:100015f4  PA:100015fc
20955741ns          355937 1c00a682 02c82683 lw               x13, 44(x16)        x13=bfadc71f x16:1000162c  PA:10001658
20955761ns          355938 1c00a686 03082883 lw               x17, 48(x16)        x17=40d02bd4 x16:1000162c  PA:1000165c
20955781ns          355939 1c00a68a 03482f83 lw               x31, 52(x16)        x31=be901742 x16:1000162c  PA:10001660
20956218ns          355961 1c00a68e 58d776c3 fmadd.s          f13, f14, f13, f11  f13=xxxxxxxx f14:3f049eea f13:bfadc71f f11:41419092
20956258ns          355963 1c00a692 e91778c3 fmadd.s          f17, f14, f17, f29  f17=xxxxxxxx f14:3f049eea f17:40d02bd4 f29:c09c2ef5
20956278ns          355964 1c00a696 91f77743 fmadd.s          f14, f14, f31, f18  f14=xxxxxxxx f14:3f049eea f31:be901742 f18:41003d2d
20956298ns          355965 1c00a69a 00d4a023 sw               x13, 0(x9)          x13:41364fc1  x9:100015f4  PA:100015f4
20956318ns          355966 1c00a69c 0114a223 sw               x17, 4(x9)          x17:bfc15c89  x9:100015f4  PA:100015f8
20956756ns          355988 1c00a6a0 00e4a423 sw               x14, 8(x9)          x14:40fbd003  x9:100015f4  PA:100015fc
20956775ns          355989 1c00a6a2 d21ff06f jal              x0, -736           
20956835ns          355992 1c00a3c2 00250713 addi             x14, x10, 2         x14=00000004 x10:00000002
20956855ns          355993 1c00a3c6 04572763 p.beqimm         x14, 78             x14:00000004
20956875ns          355994 1c00a3ca 00271713 slli             x14, x14, 0x2       x14=00000010 x14:00000004
20956895ns          355995 1c00a3cc 0e010f93 addi             x31, x2, 224        x31=10001678  x2:10001598
20957312ns          356016 1c00a3d0 01f70733 add              x14, x14, x31       x14=10001688 x14:00000010 x31:10001678
20957352ns          356018 1c00a3d2 f6072703 lw               x14, -160(x14)      x14=3f0e1f77 x14:10001688  PA:100015e8
20957392ns          356020 1c00a3d6 a0c726d3 feq.s            x13, f14, f12       x13=00000000 f14:3f0e1f77 f12:00000000
20957412ns          356021 1c00a3da 22068d63 beq              x13, x0, 570        x13:00000000
20958307ns          356066 1c00a614 0004a583 lw               x11, 0(x9)          x11=41364fc1  x9:100015f4  PA:100015f4
20958347ns          356068 1c00a616 0044ae83 lw               x29, 4(x9)          x29=bfc15c89  x9:100015f4  PA:100015f8
20958367ns          356069 1c00a61a 0084a903 lw               x18, 8(x9)          x18=40fbd003  x9:100015f4  PA:100015fc
20958804ns          356091 1c00a61e 04082683 lw               x13, 64(x16)        x13=be82001e x16:1000162c  PA:1000166c
20958844ns          356093 1c00a622 04482883 lw               x17, 68(x16)        x17=bff46ccc x16:1000162c  PA:10001670
20958864ns          356094 1c00a626 04882f83 lw               x31, 72(x16)        x31=4101dd99 x16:1000162c  PA:10001674
20958884ns          356095 1c00a62a 58d776c3 fmadd.s          f13, f14, f13, f11  f13=xxxxxxxx f14:3f0e1f77 f13:be82001e f11:41364fc1
20959341ns          356118 1c00a62e e91778c3 fmadd.s          f17, f14, f17, f29  f17=xxxxxxxx f14:3f0e1f77 f17:bff46ccc f29:bfc15c89
20959381ns          356120 1c00a632 91f77743 fmadd.s          f14, f14, f31, f18  f14=xxxxxxxx f14:3f0e1f77 f31:4101dd99 f18:40fbd003
20959401ns          356121 1c00a636 00d4a023 sw               x13, 0(x9)          x13:41340e61  x9:100015f4  PA:100015f4
20959421ns          356122 1c00a638 0114a223 sw               x17, 4(x9)          x17:c0248776  x9:100015f4  PA:100015f8
20959441ns          356123 1c00a63c 00e4a423 sw               x14, 8(x9)          x14:414600e3  x9:100015f4  PA:100015fc
20959858ns          356144 1c00a63e da1522e3 p.beqimm         x10, -604           x10:00000002
20959878ns          356145 1c00a642 dd3ff06f jal              x0, -558           
20960336ns          356168 1c00a414 0e010893 addi             x17, x2, 224        x17=10001678  x2:10001598
20960376ns          356170 1c00a418 01130333 add              x6, x6, x17          x6=10001680  x6:00000008 x17:10001678
20960396ns          356171 1c00a41a f6032683 lw               x13, -160(x6)       x13=3fd34a34  x6:10001680  PA:100015e0
20960833ns          356193 1c00a41e 18f6f6d3 fdiv.s           f13, f13, f15       f13=xxxxxxxx f13:3fd34a34 f15:3fd34a34
20961649ns          356234 1c00a422 a0c6a5d3 feq.s            x11, f13, f12       x11=00000000 f13:3f800000 f12:00000000
20961669ns          356235 1c00a426 00f00733 add              x14, x0, x15        x14=3fd34a34 x15:3fd34a34
20961688ns          356236 1c00a428 14058c63 beq              x11, x0, 344        x11:00000000
20961828ns          356243 1c00a580 01882883 lw               x17, 24(x16)        x17=40ea862e x16:1000162c  PA:10001644
20961867ns          356245 1c00a584 01c82e83 lw               x29, 28(x16)        x29=c03d3b94 x16:1000162c  PA:10001648
20961887ns          356246 1c00a588 02082903 lw               x18, 32(x16)        x18=409b6004 x16:1000162c  PA:1000164c
20961907ns          356247 1c00a58c 0004a583 lw               x11, 0(x9)          x11=41340e61  x9:100015f4  PA:100015f4
20962265ns          356265 1c00a58e 0044a303 lw               x6, 4(x9)            x6=c0248776  x9:100015f4  PA:100015f8
20962305ns          356267 1c00a592 0084af83 lw               x31, 8(x9)          x31=414600e3  x9:100015f4  PA:100015fc
20962325ns          356268 1c00a596 20d696d3 fsgnjn.s         f13, f13, f13       f13=xxxxxxxx f13:3f800000 f13:3f800000
20962345ns          356269 1c00a59a 88b6f5c3 fmadd.s          f11, f13, f11, f17  f11=xxxxxxxx f13:bf800000 f11:41340e61 f17:40ea862e
20962782ns          356291 1c00a59e e866f343 fmadd.s          f6, f13, f6, f29     f6=xxxxxxxx f13:bf800000  f6:c0248776 f29:c03d3b94
20962822ns          356293 1c00a5a2 91f6f6c3 fmadd.s          f13, f13, f31, f18  f13=xxxxxxxx f13:bf800000 f31:414600e3 f18:409b6004
20962842ns          356294 1c00a5a6 00b82c23 sw               x11, 24(x16)        x11:c07b2d28 x16:1000162c  PA:10001644
20962862ns          356295 1c00a5aa 00682e23 sw               x6, 28(x16)          x6:bec5a0f0 x16:1000162c  PA:10001648
20962882ns          356296 1c00a5ae 02d82023 sw               x13, 32(x16)        x13:c0f0a1c2 x16:1000162c  PA:1000164c
20962902ns          356297 1c00a5b2 e7bff06f jal              x0, -390           
20962981ns          356301 1c00a42c 0059b463 p.bneimm         x19, 8              x19:00000003
20963041ns          356304 1c00a434 00299693 slli             x13, x19, 0x2       x13=0000000c x19:00000003
20963061ns          356305 1c00a438 0e010893 addi             x17, x2, 224        x17=10001678  x2:10001598
20963081ns          356306 1c00a43c 011686b3 add              x13, x13, x17       x13=10001684 x13:0000000c x17:10001678
20963498ns          356327 1c00a43e f606a683 lw               x13, -160(x13)      x13=3f049eea x13:10001684  PA:100015e4
20963558ns          356330 1c00a442 18f6f6d3 fdiv.s           f13, f13, f15       f13=xxxxxxxx f13:3f049eea f15:3fd34a34
20964314ns          356368 1c00a446 a0c6a5d3 feq.s            x11, f13, f12       x11=00000000 f13:3ea0af1f f12:00000000
20964334ns          356369 1c00a44a 1e058d63 beq              x11, x0, 506        x11:00000000
20964394ns          356372 1c00a644 02c82883 lw               x17, 44(x16)        x17=bfadc71f x16:1000162c  PA:10001658
20964413ns          356373 1c00a648 03082e83 lw               x29, 48(x16)        x29=40d02bd4 x16:1000162c  PA:1000165c
20964433ns          356374 1c00a64c 03482903 lw               x18, 52(x16)        x18=be901742 x16:1000162c  PA:10001660
20964553ns          356380 1c00a650 0004a583 lw               x11, 0(x9)          x11=41340e61  x9:100015f4  PA:100015f4
20964592ns          356382 1c00a652 0044a303 lw               x6, 4(x9)            x6=c0248776  x9:100015f4  PA:100015f8
20964612ns          356383 1c00a656 0084af83 lw               x31, 8(x9)          x31=414600e3  x9:100015f4  PA:100015fc
20964632ns          356384 1c00a65a 20d696d3 fsgnjn.s         f13, f13, f13       f13=xxxxxxxx f13:3ea0af1f f13:3ea0af1f
20965090ns          356407 1c00a65e 88b6f5c3 fmadd.s          f11, f13, f11, f17  f11=xxxxxxxx f13:bea0af1f f11:41340e61 f17:bfadc71f
20965130ns          356409 1c00a662 e8d37343 fmadd.s          f6, f6, f13, f29     f6=xxxxxxxx  f6:c0248776 f13:bea0af1f f29:40d02bd4
20965149ns          356410 1c00a666 90dff6c3 fmadd.s          f13, f31, f13, f18  f13=xxxxxxxx f31:414600e3 f13:bea0af1f f18:be901742
20965169ns          356411 1c00a66a 02b82623 sw               x11, 44(x16)        x11:c09c75f0 x16:1000162c  PA:10001658
20965189ns          356412 1c00a66e 02682823 sw               x6, 48(x16)          x6:40e9fd22 x16:1000162c  PA:1000165c
20965209ns          356413 1c00a672 02d82a23 sw               x13, 52(x16)        x13:c0854975 x16:1000162c  PA:10001660
20965229ns          356414 1c00a676 dd9ff06f jal              x0, -552           
20965328ns          356419 1c00a44e 00250693 addi             x13, x10, 2         x13=00000004 x10:00000002
20965368ns          356421 1c00a452 0056b463 p.bneimm         x13, 8              x13:00000004
20965428ns          356424 1c00a45a 00269693 slli             x13, x13, 0x2       x13=00000010 x13:00000004
20965448ns          356425 1c00a45c 0e010e93 addi             x29, x2, 224        x29=10001678  x2:10001598
20965865ns          356446 1c00a460 01d686b3 add              x13, x13, x29       x13=10001688 x13:00000010 x29:10001678
20965905ns          356448 1c00a462 f606a683 lw               x13, -160(x13)      x13=3f0e1f77 x13:10001688  PA:100015e8
20965945ns          356450 1c00a466 18f6f6d3 fdiv.s           f13, f13, f15       f13=xxxxxxxx f13:3f0e1f77 f15:3fd34a34
20966681ns          356487 1c00a46a a0c6a5d3 feq.s            x11, f13, f12       x11=00000000 f13:3eac326a f12:00000000
20966701ns          356488 1c00a46e 16058963 beq              x11, x0, 370        x11:00000000
20966800ns          356493 1c00a5e0 04082883 lw               x17, 64(x16)        x17=be82001e x16:1000162c  PA:1000166c
20966840ns          356495 1c00a5e4 04482e83 lw               x29, 68(x16)        x29=bff46ccc x16:1000162c  PA:10001670
20966860ns          356496 1c00a5e8 04882903 lw               x18, 72(x16)        x18=4101dd99 x16:1000162c  PA:10001674
20966880ns          356497 1c00a5ec 0004a583 lw               x11, 0(x9)          x11=41340e61  x9:100015f4  PA:100015f4
20966940ns          356500 1c00a5ee 0044a303 lw               x6, 4(x9)            x6=c0248776  x9:100015f4  PA:100015f8
20966979ns          356502 1c00a5f2 0084af83 lw               x31, 8(x9)          x31=414600e3  x9:100015f4  PA:100015fc
20966999ns          356503 1c00a5f6 20d696d3 fsgnjn.s         f13, f13, f13       f13=xxxxxxxx f13:3eac326a f13:3eac326a
20967019ns          356504 1c00a5fa 88d5f5c3 fmadd.s          f11, f11, f13, f17  f11=xxxxxxxx f11:41340e61 f13:beac326a f17:be82001e
20967457ns          356526 1c00a5fe e8d37343 fmadd.s          f6, f6, f13, f29     f6=xxxxxxxx  f6:c0248776 f13:beac326a f29:bff46ccc
20967497ns          356528 1c00a602 90dff6c3 fmadd.s          f13, f31, f13, f18  f13=xxxxxxxx f31:414600e3 f13:beac326a f18:4101dd99
20967516ns          356529 1c00a606 04b82023 sw               x11, 64(x16)        x11:c0813d20 x16:1000162c  PA:1000166c
20967536ns          356530 1c00a60a 04682223 sw               x6, 68(x16)          x6:bf85c162 x16:1000162c  PA:10001670
20967596ns          356533 1c00a60e 04d82423 sw               x13, 72(x16)        x13:407d1737 x16:1000162c  PA:10001674
20967616ns          356534 1c00a612 e61ff06f jal              x0, -416           
20967735ns          356540 1c00a472 00152463 p.beqimm         x10, 8              x10:00000002
20967755ns          356541 1c00a476 a79fe06f jal              x0, -5512          
20967914ns          356549 1c008eee 008e2783 lw               x15, 8(x28)         x15=3f049eea x28:100015dc  PA:100015e4
20967954ns          356551 1c008ef2 00eaa023 sw               x14, 0(x21)         x14:3fd34a34 x21:100016d8  PA:100016d8
20967974ns          356552 1c008ef6 00faa223 sw               x15, 4(x21)         x15:3f049eea x21:100016d8  PA:100016dc
20967994ns          356553 1c008efa 00352b63 p.beqimm         x10, 22             x10:00000002
20968053ns          356556 1c008efe 00ce2783 lw               x15, 12(x28)        x15=3f0e1f77 x28:100015dc  PA:100015e8
20968093ns          356558 1c008f02 00faa423 sw               x15, 8(x21)         x15:3f0e1f77 x21:100016d8  PA:100016e0
20968113ns          356559 1c008f06 00153563 p.bneimm         x10, 10             x10:00000002
20968232ns          356565 1c008f10 006d8d93 addi             x27, x27, 6         x27=0000000c x27:00000006
20968252ns          356566 1c008f12 005b0b13 addi             x22, x22, 5         x22=0000000a x22:00000005
20968272ns          356567 1c008f14 01880813 addi             x16, x16, 24        x16=10001644 x16:1000162c
20968292ns          356568 1c008f16 001d8793 addi             x15, x27, 1         x15=0000000d x27:0000000c
20968312ns          356569 1c008f1a 006b0693 addi             x13, x22, 6         x13=00000010 x22:0000000a
20968332ns          356570 1c008f1e 014a0a13 addi             x20, x20, 20        x20=100016f4 x20:100016e0
20968352ns          356571 1c008f20 018a8a93 addi             x21, x21, 24        x21=100016f0 x21:100016d8
20968372ns          356572 1c008f22 00198993 addi             x19, x19, 1         x19=00000004 x19:00000003
20968392ns          356573 1c008f24 00448493 addi             x9, x9, 4            x9=100015f8  x9:100015f4
20968411ns          356574 1c008f26 014c8c93 addi             x25, x25, 20        x25=1000164c x25:10001638
20968431ns          356575 1c008f28 014d0d13 addi             x26, x26, 20        x26=10001758 x26:10001744
20968451ns          356576 1c008f2a 01838393 addi             x7, x7, 24           x7=10001750  x7:10001738
20968471ns          356577 1c008f2c ffff0f13 addi             x30, x30, -1        x30=00000003 x30:00000004
20968491ns          356578 1c008f2e 004b8b93 addi             x23, x23, 4         x23=100015cc x23:100015c8
20968511ns          356579 1c008f30 014c0c13 addi             x24, x24, 20        x24=10001650 x24:1000163c
20968531ns          356580 1c008f32 00500e33 add              x28, x0, x5         x28=100015e0  x5:100015e0
20968551ns          356581 1c008f34 01480713 addi             x14, x16, 20        x14=10001658 x16:10001644
20968571ns          356582 1c008f38 acd7c363 blt              x15, x13, -3386     x15:0000000d x13:00000010
20969068ns          356607 1c0081fe 410c05b3 sub              x11, x24, x16       x11=0000000c x24:10001650 x16:10001644
20969108ns          356609 1c008202 1c0006b7 lui              x13, 0x1c000000     x13=1c000000
20969128ns          356610 1c008206 ffc58593 addi             x11, x11, -4        x11=00000008 x11:0000000c
20969147ns          356611 1c008208 01c68693 addi             x13, x13, 28        x13=1c00001c x13:1c000000
20969167ns          356612 1c00820c 0025d593 srli             x11, x11, 0x2       x11=00000002 x11:00000008
20969207ns          356614 1c00820e 0006a883 lw               x17, 0(x13)         x17=00800000 x13:1c00001c  PA:1c00001c
20969645ns          356636 1c008212 01000333 add              x6, x0, x16          x6=10001644 x16:10001644
20969665ns          356637 1c008214 00000793 addi             x15, x0, 0          x15=00000000
20969685ns          356638 1c008218 00158593 addi             x11, x11, 1         x11=00000003 x11:00000002
20969704ns          356639 1c00821a 0043268b p.lw             x13, 4(x6!)         x13=c07b2d28  x6=10001648  x6:10001644  PA:10001644
20969744ns          356641 1c00821e a0c69ed3 flt.s            x29, f13, f12       x29=00000001 f13:c07b2d28 f12:00000000
20969764ns          356642 1c008222 000e8463 beq              x29, x0, 8          x29:00000001
20969784ns          356643 1c008226 20d696d3 fsgnjn.s         f13, f13, f13       f13=xxxxxxxx f13:c07b2d28 f13:c07b2d28
20969804ns          356644 1c00822a a0d89ed3 flt.s            x29, f17, f13       x29=00000001 f17:00800000 f13:407b2d28
20969864ns          356647 1c00822e 480e8e63 beq              x29, x0, 1180       x29:00000001
20969903ns          356649 1c008232 18d8fed3 fdiv.s           f29, f17, f13       f29=xxxxxxxx f17:00800000 f13:407b2d28
20970659ns          356687 1c008236 11d7f7d3 fmul.s           f15, f15, f29       f15=xxxxxxxx f15:00000000 f29:00209d52
20970679ns          356688 1c00823a 00d008b3 add              x17, x0, x13        x17=407b2d28 x13:407b2d28
20970699ns          356689 1c00823c 40fef7c3 fmadd.s          f15, f29, f15, f8   f15=xxxxxxxx f29:00209d52 f15:00000000  f8:3f800000
20970719ns          356690 1c008240 fff58593 addi             x11, x11, -1        x11=00000002 x11:00000003
20970739ns          356691 1c008242 fc059ce3 bne              x11, x0, -40        x11:00000002
20970878ns          356698 1c00821a 0043268b p.lw             x13, 4(x6!)         x13=bec5a0f0  x6=1000164c  x6:10001648  PA:10001648
20970918ns          356700 1c00821e a0c69ed3 flt.s            x29, f13, f12       x29=00000001 f13:bec5a0f0 f12:00000000
20970938ns          356701 1c008222 000e8463 beq              x29, x0, 8          x29:00000001
20970958ns          356702 1c008226 20d696d3 fsgnjn.s         f13, f13, f13       f13=xxxxxxxx f13:bec5a0f0 f13:bec5a0f0
20970977ns          356703 1c00822a a0d89ed3 flt.s            x29, f17, f13       x29=00000000 f17:407b2d28 f13:3ec5a0f0
20970997ns          356704 1c00822e 480e8e63 beq              x29, x0, 1180       x29:00000000
20971137ns          356711 1c0086ca 1916f6d3 fdiv.s           f13, f13, f17       f13=xxxxxxxx f13:3ec5a0f0 f17:407b2d28
20971793ns          356744 1c0086ce 78d6f7c3 fmadd.s          f15, f13, f13, f15  f15=xxxxxxxx f13:3dc96c87 f13:3dc96c87 f15:3f800000
20971813ns          356745 1c0086d2 fff58593 addi             x11, x11, -1        x11=00000001 x11:00000002
20971833ns          356746 1c0086d4 b40593e3 bne              x11, x0, -1210      x11:00000001
20971972ns          356753 1c00821a 0043268b p.lw             x13, 4(x6!)         x13=c0f0a1c2  x6=10001650  x6:1000164c  PA:1000164c
20972012ns          356755 1c00821e a0c69ed3 flt.s            x29, f13, f12       x29=00000001 f13:c0f0a1c2 f12:00000000
20972032ns          356756 1c008222 000e8463 beq              x29, x0, 8          x29:00000001
20972052ns          356757 1c008226 20d696d3 fsgnjn.s         f13, f13, f13       f13=xxxxxxxx f13:c0f0a1c2 f13:c0f0a1c2
20972071ns          356758 1c00822a a0d89ed3 flt.s            x29, f17, f13       x29=00000001 f17:407b2d28 f13:40f0a1c2
20972091ns          356759 1c00822e 480e8e63 beq              x29, x0, 1180       x29:00000001
20972111ns          356760 1c008232 18d8fed3 fdiv.s           f29, f17, f13       f29=xxxxxxxx f17:407b2d28 f13:40f0a1c2
20972887ns          356799 1c008236 11d7f7d3 fmul.s           f15, f15, f29       f15=xxxxxxxx f15:3f813cf7 f29:3f059be6
20972907ns          356800 1c00823a 00d008b3 add              x17, x0, x13        x17=40f0a1c2 x13:40f0a1c2
20972927ns          356801 1c00823c 40fef7c3 fmadd.s          f15, f29, f15, f8   f15=xxxxxxxx f29:3f059be6 f15:3f06e6c1  f8:3f800000
20972947ns          356802 1c008240 fff58593 addi             x11, x11, -1        x11=00000000 x11:00000001
20972966ns          356803 1c008242 fc059ce3 bne              x11, x0, -40        x11:00000000
20972986ns          356804 1c008244 5807f7d3 fsqrt.s          f15, f15            f15=xxxxxxxx f15:3fa33405
20974001ns          356855 1c008248 10f8f8d3 fmul.s           f17, f17, f15       f17=xxxxxxxx f17:40f0a1c2 f15:3f9088a5
20974021ns          356856 1c00824c a11617d3 flt.s            x15, f12, f17       x15=00000001 f12:00000000 f17:4107db6e
20974041ns          356857 1c008250 500786e3 beq              x15, x0, 3340       x15:00000001
20974060ns          356858 1c008254 00082783 lw               x15, 0(x16)         x15=c07b2d28 x16:10001644  PA:10001644
20974080ns          356859 1c008258 211895d3 fsgnjn.s         f11, f17, f17       f11=xxxxxxxx f17:4107db6e f17:4107db6e
20974100ns          356860 1c00825c a0c796d3 flt.s            x13, f15, f12       x13=00000001 f15:c07b2d28 f12:00000000
20974140ns          356862 1c008260 00068363 beq              x13, x0, 6          x13:00000001
20974180ns          356864 1c008262 41b0106f jal              x0, 7194           
20974259ns          356868 1c009e7c 011006b3 add              x13, x0, x17        x13=4107db6e x17:4107db6e
20974339ns          356872 1c009e7e 00bba023 sw               x11, 0(x23)         x11:c107db6e x23:100015cc  PA:100015cc
20974359ns          356873 1c009e82 00b008b3 add              x17, x0, x11        x17=c107db6e x11:c107db6e
20974379ns          356874 1c009e84 00d005b3 add              x11, x0, x13        x11=4107db6e x13:4107db6e
20974399ns          356875 1c009e86 be4fe06f jal              x0, -7196          
20974458ns          356878 1c00826a a0c89353 flt.s            x6, f17, f12         x6=00000001 f17:c107db6e f12:00000000
20974478ns          356879 1c00826e 00b006b3 add              x13, x0, x11        x13=4107db6e x11:4107db6e
20974518ns          356881 1c008270 00031363 bne              x6, x0, 6            x6:00000001
20974598ns          356885 1c008276 1c000fb7 lui              x31, 0x1c000000     x31=1c000000
20974617ns          356886 1c00827a 028f8f93 addi             x31, x31, 40        x31=1c000028 x31:1c000000
20974677ns          356889 1c00827e 000faf83 lw               x31, 0(x31)         x31=0c000000 x31:1c000028  PA:1c000028
20975035ns          356907 1c008282 005b0313 addi             x6, x22, 5           x6=0000000f x22:0000000a
20975055ns          356908 1c008286 a0df86d3 fle.s            x13, f31, f13       x13=00000001 f31:0c000000 f13:4107db6e
20975075ns          356909 1c00828a 4c068ee3 beq              x13, x0, 3292       x13:00000001
20975413ns          356926 1c00828e 1c0006b7 lui              x13, 0x1c000000     x13=1c000000
20975453ns          356928 1c008292 02068693 addi             x13, x13, 32        x13=1c000020 x13:1c000000
20975473ns          356929 1c008296 0006a683 lw               x13, 0(x13)         x13=3f800000 x13:1c000020  PA:1c000020
20975890ns          356950 1c008298 1916f8d3 fdiv.s           f17, f13, f17       f17=xxxxxxxx f13:3f800000 f17:c107db6e
20976288ns          356970 1c00829c 026dd263 bge              x27, x6, 36         x27:0000000c  x6:0000000f
20976308ns          356971 1c0082a0 410c06b3 sub              x13, x24, x16       x13=00000008 x24:10001650 x16:10001644
20976328ns          356972 1c0082a4 ffc68693 addi             x13, x13, -4        x13=00000002 x13:0000000c
20976348ns          356973 1c0082a6 0026d693 srli             x13, x13, 0x2       x13=xxxxxxxx x13:00000008
20976368ns          356974 1c0082a8 01000eb3 add              x29, x0, x16        x29=xxxxxxxx x16:10001644
20976388ns          356975 1c0082aa 00168693 addi             x13, x13, 1         x13=xxxxxxxx x13:00000002
20976408ns          356976 1c0082ac 0066c0fb lp.setup         0x1, x13, 0x6       x13:00000003  PA:10001644
20976427ns          356977 1c0082b0 000ea783 lw               x15, 0(x29)         x15=c0f0a1c2 x29:10001644
20976547ns          356983 1c0082b4 1117f7d3 fmul.s           f15, f15, f17       f15=xxxxxxxx f15:c07b2d28 f17:bdf131cc
20976567ns          356984 1c0082b8 00fea22b p.sw             x15, 4(x29!)        x29=10001648 x15:3eeca65e x29:10001644  PA:10001644
20976587ns          356985 1c0082b0 000ea783 lw               x15, 0(x29)         x15=xxxxxxxx x29:10001648  PA:10001648
20976626ns          356987 1c0082b4 1117f7d3 fmul.s           f15, f15, f17       f15=xxxxxxxx f15:bec5a0f0 f17:bdf131cc
20976646ns          356988 1c0082b8 00fea22b p.sw             x15, 4(x29!)        x29=1000164c x15:3d3a32f3 x29:10001648  PA:10001648
20976666ns          356989 1c0082b0 000ea783 lw               x15, 0(x29)         x15=xxxxxxxx x29:1000164c  PA:1000164c
20976706ns          356991 1c0082b4 1117f7d3 fmul.s           f15, f15, f17       f15=xxxxxxxx f15:c0f0a1c2 f17:bdf131cc
20976726ns          356992 1c0082b8 00fea22b p.sw             x15, 4(x29!)        x29=10001650 x15:3f62b716 x29:1000164c  PA:1000164c
20976746ns          356993 1c0082bc 00082783 lw               x15, 0(x16)         x15=xxxxxxxx x16:10001644  PA:10001644
20976766ns          356994 1c0082c0 1c0008b7 lui              x17, 0x1c000000     x17=1c000000
20976805ns          356996 1c0082c4 02088893 addi             x17, x17, 32        x17=1c000020 x17:1c000000
20976825ns          356997 1c0082c8 0008a883 lw               x17, 0(x17)         x17=3f800000 x17:1c000020  PA:1c000020
20977124ns          357012 1c0082cc 00bba023 sw               x11, 0(x23)         x11:4107db6e x23:100015cc  PA:100015cc
20977144ns          357013 1c0082d0 0117f7d3 fadd.s           f15, f15, f17       f15=xxxxxxxx f15:3eeca65e f17:3f800000
20977163ns          357014 1c0082d4 00100f93 addi             x31, x0, 1          x31=00000001
20977183ns          357015 1c0082d6 00f82023 sw               x15, 0(x16)         x15:3fbb2998 x16:10001644  PA:10001644
20977203ns          357016 1c0082da 00812e83 lw               x29, 8(x2)          x29=100015ec  x2:10001598  PA:100015a0
20977223ns          357017 1c0082dc 004e0293 addi             x5, x28, 4           x5=100015e4 x28:100015e0
20977263ns          357019 1c0082e0 405e86b3 sub              x13, x29, x5        x13=00000008 x29:100015ec  x5:100015e4
20977303ns          357021 1c0082e4 ffc68693 addi             x13, x13, -4        x13=00000004 x13:00000008
20977323ns          357022 1c0082e6 0026d693 srli             x13, x13, 0x2       x13=00000001 x13:00000004
20977342ns          357023 1c0082e8 00150513 addi             x10, x10, 1         x10=00000003 x10:00000002
20977362ns          357024 1c0082ea 005005b3 add              x11, x0, x5         x11=100015e4  x5:100015e4
20977382ns          357025 1c0082ec 00168693 addi             x13, x13, 1         x13=00000002 x13:00000001
20977402ns          357026 1c0082ee 00a00933 add              x18, x0, x10        x18=00000003 x10:00000003
20977422ns          357027 1c0082f0 01c12223 sw               x28, 4(x2)          x28:100015e0  x2:10001598  PA:1000159c
20977442ns          357028 1c0082f2 0306c0fb lp.setup         0x1, x13, 0x30      x13:00000002
20977462ns          357029 1c0082f6 040f8c63 beq              x31, x0, 88         x31:00000001
20977482ns          357030 1c0082fa 00082503 lw               x10, 0(x16)         x10=3fbb2998 x16:10001644  PA:10001644
20977541ns          357033 1c0082fe 00072883 lw               x17, 0(x14)         x17=c09c75f0 x14:10001658  PA:10001658
20977581ns          357035 1c008302 00472303 lw               x6, 4(x14)           x6=40e9fd22 x14:10001658  PA:1000165c
20977601ns          357036 1c008306 611577c3 fmadd.s          f15, f10, f17, f12  f15=xxxxxxxx f10:3fbb2998 f17:c09c75f0 f12:00000000
20977621ns          357037 1c00830a 00482e83 lw               x29, 4(x16)         x29=3d3a32f3 x16:10001644  PA:10001648
20977681ns          357040 1c00830e 786ef7c3 fmadd.s          f15, f29, f6, f15   f15=xxxxxxxx f29:3d3a32f3  f6:40e9fd22 f15:c0e4c724
20977720ns          357042 1c008312 022f2863 p.beqimm         x30, 48             x30:00000003
20977740ns          357043 1c008316 00882e03 lw               x28, 8(x16)         x28=3f62b716 x16:10001644  PA:1000164c
20977760ns          357044 1c00831a 00872e83 lw               x29, 8(x14)         x29=c0854975 x14:10001658  PA:10001660
20977820ns          357047 1c00831e 79de77c3 fmadd.s          f15, f28, f29, f15  f15=xxxxxxxx f28:3f62b716 f29:c0854975 f15:c0da241c
20977860ns          357049 1c008322 023f2063 p.beqimm         x30, 32             x30:00000003
20977999ns          357056 1c008342 18a7f7d3 fdiv.s           f15, f15, f10       f15=xxxxxxxx f15:c1281724 f10:3fbb2998
20978715ns          357092 1c008346 a0c7aed3 feq.s            x29, f15, f12       x29=00000000 f15:c0e5e9cd f12:00000000
20978735ns          357093 1c00834a 300e80e3 beq              x29, x0, 2816       x29:00000000
20978874ns          357100 1c008e4a 20f797d3 fsgnjn.s         f15, f15, f15       f15=xxxxxxxx f15:c0e5e9cd f15:c0e5e9cd
20978934ns          357103 1c008e4e 88a7f543 fmadd.s          f10, f15, f10, f17  f10=xxxxxxxx f15:40e5e9cd f10:3fbb2998 f17:c09c75f0
20978954ns          357104 1c008e52 00a72023 sw               x10, 0(x14)         x10:40b3b857 x14:10001658  PA:10001658
20978973ns          357105 1c008e54 00482503 lw               x10, 4(x16)         x10=3d3a32f3 x16:10001644  PA:10001648
20979013ns          357107 1c008e58 30a7f343 fmadd.s          f6, f15, f10, f6     f6=xxxxxxxx f15:40e5e9cd f10:3d3a32f3  f6:40e9fd22
20979033ns          357108 1c008e5c 00672223 sw               x6, 4(x14)           x6:40f470bc x14:10001658  PA:1000165c
20979391ns          357126 1c008e60 ce2f2763 p.beqimm         x30, -2834          x30:00000003
20979431ns          357128 1c008e64 00882503 lw               x10, 8(x16)         x10=3f62b716 x16:10001644  PA:1000164c
20979451ns          357129 1c008e68 00872883 lw               x17, 8(x14)         x17=c0854975 x14:10001658  PA:10001660
20979491ns          357131 1c008e6c 88a7f543 fmadd.s          f10, f15, f10, f17  f10=xxxxxxxx f15:40e5e9cd f10:3f62b716 f17:c0854975
20979888ns          357151 1c008e70 00a72423 sw               x10, 8(x14)         x10:400ca6c0 x14:10001658  PA:10001660
20979928ns          357153 1c008e72 cc3f2e63 p.beqimm         x30, -2852          x30:00000003
20980008ns          357157 1c00834e 0147278b p.lw             x15, 20(x14!)       x15=40b3b857 x14=1000166c x14:10001658  PA:10001658
20980048ns          357159 1c008352 00f5a22b p.sw             x15, 4(x11!)        x11=100015e8 x15:40b3b857 x11:100015e4  PA:100015e4
20980127ns          357163 1c0082f6 040f8c63 beq              x31, x0, 88         x31:00000001
20980147ns          357164 1c0082fa 00082503 lw               x10, 0(x16)         x10=3fbb2998 x16:10001644  PA:10001644
20980167ns          357165 1c0082fe 00072883 lw               x17, 0(x14)         x17=c0813d20 x14:1000166c  PA:1000166c
20980187ns          357166 1c008302 00472303 lw               x6, 4(x14)           x6=bf85c162 x14:1000166c  PA:10001670
20980207ns          357167 1c008306 611577c3 fmadd.s          f15, f10, f17, f12  f15=xxxxxxxx f10:3fbb2998 f17:c0813d20 f12:00000000
20980227ns          357168 1c00830a 00482e83 lw               x29, 4(x16)         x29=3d3a32f3 x16:10001644  PA:10001648
20980266ns          357170 1c00830e 786ef7c3 fmadd.s          f15, f29, f6, f15   f15=xxxxxxxx f29:3d3a32f3  f6:bf85c162 f15:c0bcf94c
20980286ns          357171 1c008312 022f2863 p.beqimm         x30, 48             x30:00000003
20980306ns          357172 1c008316 00882e03 lw               x28, 8(x16)         x28=3f62b716 x16:10001644  PA:1000164c
20980326ns          357173 1c00831a 00872e83 lw               x29, 8(x14)         x29=407d1737 x14:1000166c  PA:10001674
20980366ns          357175 1c00831e 79de77c3 fmadd.s          f15, f28, f29, f15  f15=xxxxxxxx f28:3f62b716 f29:407d1737 f15:c0be7e70
20980386ns          357176 1c008322 023f2063 p.beqimm         x30, 32             x30:00000003
20980465ns          357180 1c008342 18a7f7d3 fdiv.s           f15, f15, f10       f15=xxxxxxxx f15:c01cd960 f10:3fbb2998
20981161ns          357215 1c008346 a0c7aed3 feq.s            x29, f15, f12       x29=00000000 f15:bfd6899b f12:00000000
20981181ns          357216 1c00834a 300e80e3 beq              x29, x0, 2816       x29:00000000
20981261ns          357220 1c008e4a 20f797d3 fsgnjn.s         f15, f15, f15       f15=xxxxxxxx f15:bfd6899b f15:bfd6899b
20981281ns          357221 1c008e4e 88a7f543 fmadd.s          f10, f15, f10, f17  f10=xxxxxxxx f15:3fd6899b f10:3fbb2998 f17:c0813d20
20981301ns          357222 1c008e52 00a72023 sw               x10, 0(x14)         x10:bfcb41c1 x14:1000166c  PA:1000166c
20981321ns          357223 1c008e54 00482503 lw               x10, 4(x16)         x10=3d3a32f3 x16:10001644  PA:10001648
20981360ns          357225 1c008e58 30a7f343 fmadd.s          f6, f15, f10, f6     f6=xxxxxxxx f15:3fd6899b f10:3d3a32f3  f6:bf85c162
20981380ns          357226 1c008e5c 00672223 sw               x6, 4(x14)           x6:bf78016e x14:1000166c  PA:10001670
20981400ns          357227 1c008e60 ce2f2763 p.beqimm         x30, -2834          x30:00000003
20981420ns          357228 1c008e64 00882503 lw               x10, 8(x16)         x10=3f62b716 x16:10001644  PA:1000164c
20981440ns          357229 1c008e68 00872883 lw               x17, 8(x14)         x17=407d1737 x14:1000166c  PA:10001674
20981480ns          357231 1c008e6c 88a7f543 fmadd.s          f10, f15, f10, f17  f10=xxxxxxxx f15:3fd6899b f10:3f62b716 f17:407d1737
20981500ns          357232 1c008e70 00a72423 sw               x10, 8(x14)         x10:40ae0b56 x14:1000166c  PA:10001674
20981520ns          357233 1c008e72 cc3f2e63 p.beqimm         x30, -2852          x30:00000003
20981599ns          357237 1c00834e 0147278b p.lw             x15, 20(x14!)       x15=bfcb41c1 x14=10001680 x14:1000166c  PA:1000166c
20981639ns          357239 1c008352 00f5a22b p.sw             x15, 4(x11!)        x11=100015ec x15:bfcb41c1 x11:100015e8  PA:100015e8
20981659ns          357240 1c008356 00082703 lw               x14, 0(x16)         x14=3fbb2998 x16:10001644  PA:10001644
20981679ns          357241 1c00835a 00482783 lw               x15, 4(x16)         x15=3d3a32f3 x16:10001644  PA:10001648
20981718ns          357243 1c00835e 00e3a023 sw               x14, 0(x7)          x14:3fbb2998  x7:10001750  PA:10001750
20981758ns          357245 1c008362 00f3a223 sw               x15, 4(x7)          x15:3d3a32f3  x7:10001750  PA:10001754
20981778ns          357246 1c008366 01200533 add              x10, x0, x18        x10=00000003 x18:00000003
20981798ns          357247 1c008368 00412e03 lw               x28, 4(x2)          x28=100015e0  x2:10001598  PA:1000159c
20981818ns          357248 1c00836a 3659a863 p.beqimm         x19, 880            x19:00000004
20981858ns          357250 1c00836e 00882783 lw               x15, 8(x16)         x15=3f62b716 x16:10001644  PA:1000164c
20981897ns          357252 1c008372 00f3a423 sw               x15, 8(x7)          x15:3f62b716  x7:10001750  PA:10001758
20981917ns          357253 1c008376 00392c63 p.beqimm         x18, 24             x18:00000003
20982037ns          357259 1c00838e 00500893 addi             x17, x0, 5          x17=00000005
20982096ns          357262 1c008390 40a888b3 sub              x17, x17, x10       x17=00000002 x17:00000005 x10:00000003
20982136ns          357264 1c008394 011985b3 add              x11, x19, x17       x11=00000006 x19:00000004 x17:00000002
20982156ns          357265 1c008398 00b9c463 blt              x19, x11, 8         x19:00000004 x11:00000006
20982275ns          357271 1c0083a0 004e2703 lw               x14, 4(x28)         x14=40b3b857 x28:100015e0  PA:100015e4
20982315ns          357273 1c0083a4 a0c717d3 flt.s            x15, f14, f12       x15=00000000 f14:40b3b857 f12:00000000
20982335ns          357274 1c0083a8 00078363 beq              x15, x0, 6          x15:00000000
20982454ns          357280 1c0083ae 1c000fb7 lui              x31, 0x1c000000     x31=1c000000
20982474ns          357281 1c0083b2 01cf8f93 addi             x31, x31, 28        x31=1c00001c x31:1c000000
20982494ns          357282 1c0083b6 000faf83 lw               x31, 0(x31)         x31=00800000 x31:1c00001c  PA:1c00001c
20982812ns          357298 1c0083ba a0ef97d3 flt.s            x15, f31, f14       x15=00000001 f31:00800000 f14:40b3b857
20982832ns          357299 1c0083be 00078363 beq              x15, x0, 6          x15:00000001
20982852ns          357300 1c0083c0 4410106f jal              x0, 7232           
20982932ns          357304 1c00a000 1c000eb7 lui              x29, 0x1c000000     x29=1c000000
20982972ns          357306 1c00a004 01ce8e93 addi             x29, x29, 28        x29=1c00001c x29:1c000000
20982991ns          357307 1c00a008 1c000fb7 lui              x31, 0x1c000000     x31=1c000000
20983011ns          357308 1c00a00c 000eae83 lw               x29, 0(x29)         x29=00800000 x29:1c00001c  PA:1c00001c
20983369ns          357326 1c00a010 020f8f93 addi             x31, x31, 32        x31=1c000020 x31:1c000000
20983389ns          357327 1c00a014 18eef7d3 fdiv.s           f15, f29, f14       f15=xxxxxxxx f29:00800000 f14:40b3b857
20983747ns          357345 1c00a018 10c7f6d3 fmul.s           f13, f15, f12       f13=xxxxxxxx f15:0016ca7f f12:00000000
20983767ns          357346 1c00a01c 000faf83 lw               x31, 0(x31)         x31=3f800000 x31:1c000020  PA:1c000020
20984085ns          357362 1c00a020 f8d7f7c3 fmadd.s          f15, f15, f13, f31  f15=xxxxxxxx f15:0016ca7f f13:00000000 f31:3f800000
20984105ns          357363 1c00a024 baafe06f jal              x0, -7254          
20984205ns          357368 1c0083ce 00250693 addi             x13, x10, 2         x13=00000005 x10:00000003
20984245ns          357370 1c0083d2 0eb6db63 bge              x13, x11, 246       x13:00000005 x11:00000006
20984264ns          357371 1c0083d6 008e2683 lw               x13, 8(x28)         x13=bfcb41c1 x28:100015e0  PA:100015e8
20984304ns          357373 1c0083da a0c69353 flt.s            x6, f13, f12         x6=00000001 f13:bfcb41c1 f12:00000000
20984344ns          357375 1c0083de 00030463 beq              x6, x0, 8            x6:00000001
20984384ns          357377 1c0083e2 20d696d3 fsgnjn.s         f13, f13, f13       f13=xxxxxxxx f13:bfcb41c1 f13:bfcb41c1
20984404ns          357378 1c0083e6 a0d71353 flt.s            x6, f14, f13         x6=00000000 f14:40b3b857 f13:3fcb41c1
20984424ns          357379 1c0083ea 00030463 beq              x6, x0, 8            x6:00000000
20984543ns          357385 1c0083f2 18e6f353 fdiv.s           f6, f13, f14         f6=xxxxxxxx f13:3fcb41c1 f14:40b3b857
20984622ns          357389 1c0083f6 00e006b3 add              x13, x0, x14        x13=xxxxxxxx x14:40b3b857
20984642ns          357390 1c0083f8 00350713 addi             x14, x10, 3         x14=xxxxxxxx x10:00000003
20984881ns          357402 1c0083fc 786377c3 fmadd.s          f15, f6, f6, f15    f15=xxxxxxxx  f6:3e90c36a  f6:3e90c36a f15:3f800000
20984901ns          357403 1c008400 00b74463 blt              x14, x11, 8         x14:00000006 x11:00000006
20984921ns          357404 1c008404 4570106f jal              x0, 7254           
20985000ns          357408 1c00a05a 00d00733 add              x14, x0, x13        x14=40b3b857 x13:40b3b857
20985040ns          357410 1c00a05c c6cfe06f jal              x0, -7060          
20985319ns          357424 1c0084c8 5807f7d3 fsqrt.s          f15, f15            f15=xxxxxxxx f15:3f8a3b8e
20986114ns          357464 1c0084cc 10f77753 fmul.s           f14, f14, f15       f14=xxxxxxxx f14:40b3b857 f15:3f850499
20986134ns          357465 1c0084d0 a0c727d3 feq.s            x15, f14, f12       x15=00000000 f14:40bac3ff f12:00000000
20986154ns          357466 1c0084d4 200799e3 bne              x15, x0, 2578       x15:00000000
20986174ns          357467 1c0084d8 004e2783 lw               x15, 4(x28)         x15=40b3b857 x28:100015e0  PA:100015e4
20986214ns          357469 1c0084dc a0c796d3 flt.s            x13, f15, f12       x13=00000000 f15:40b3b857 f12:00000000
20986234ns          357470 1c0084e0 00068363 beq              x13, x0, 6          x13:00000000
20986313ns          357474 1c0084e6 00ee2023 sw               x14, 0(x28)         x14:40bac3ff x28:100015e0  PA:100015e0
20986333ns          357475 1c0084ea a0c716d3 flt.s            x13, f14, f12       x13=00000000 f14:40bac3ff f12:00000000
20986353ns          357476 1c0084ee 00068363 beq              x13, x0, 6          x13:00000000
20986433ns          357480 1c0084f4 00e006b3 add              x13, x0, x14        x13=40bac3ff x14:40bac3ff
20986452ns          357481 1c0084f6 1c000337 lui              x6, 0x1c000000       x6=1c000000
20986472ns          357482 1c0084fa 02830313 addi             x6, x6, 40           x6=1c000028  x6:1c000000
20986532ns          357485 1c0084fe 00032303 lw               x6, 0(x6)            x6=0c000000  x6:1c000028  PA:1c000028
20986930ns          357505 1c008502 a0d306d3 fle.s            x13, f6, f13        x13=00000001  f6:0c000000 f13:40bac3ff
20986950ns          357506 1c008506 00068363 beq              x13, x0, 6          x13:00000001
20986970ns          357507 1c008508 4730106f jal              x0, 7282           
20987089ns          357513 1c00a17a 008e2683 lw               x13, 8(x28)         x13=bfcb41c1 x28:100015e0  PA:100015e8
20987149ns          357516 1c00a17e 1c000fb7 lui              x31, 0x1c000000     x31=1c000000
20987188ns          357518 1c00a182 020f8f93 addi             x31, x31, 32        x31=1c000020 x31:1c000000
20987208ns          357519 1c00a186 000faf83 lw               x31, 0(x31)         x31=3f800000 x31:1c000020  PA:1c000020
20987546ns          357536 1c00a18a 18eff753 fdiv.s           f14, f31, f14       f14=xxxxxxxx f31:3f800000 f14:40bac3ff
20988223ns          357570 1c00a18e 10e7f7d3 fmul.s           f15, f15, f14       f15=xxxxxxxx f15:40b3b857 f14:3e2f732a
20988243ns          357571 1c00a192 10e6f6d3 fmul.s           f13, f13, f14       f13=xxxxxxxx f13:bfcb41c1 f14:3e2f732a
20988262ns          357572 1c00a196 00fe2223 sw               x15, 4(x28)         x15:3f7657ba x28:100015e0  PA:100015e4
20988282ns          357573 1c00a19a 00de2423 sw               x13, 8(x28)         x13:be8b4d63 x28:100015e0  PA:100015e8
20988422ns          357580 1c00a19e 1c352063 p.beqimm         x10, 448            x10:00000003
20988601ns          357589 1c00a35e 1c0005b7 lui              x11, 0x1c000000     x11=1c000000
20988640ns          357591 1c00a362 02058593 addi             x11, x11, 32        x11=1c000020 x11:1c000000
20988660ns          357592 1c00a366 0005a583 lw               x11, 0(x11)         x11=3f800000 x11:1c000020  PA:1c000020
20988959ns          357607 1c00a368 000e2703 lw               x14, 0(x28)         x14=40bac3ff x28:100015e0  PA:100015e0
20988979ns          357608 1c00a36c 00b7f7d3 fadd.s           f15, f15, f11       f15=xxxxxxxx f15:3f7657ba f11:3f800000
20988998ns          357609 1c00a370 20e71753 fsgnjn.s         f14, f14, f14       f14=xxxxxxxx f14:40bac3ff f14:40bac3ff
20989018ns          357610 1c00a374 00ee2023 sw               x14, 0(x28)         x14:c0bac3ff x28:100015e0  PA:100015e0
20989038ns          357611 1c00a378 00fe2223 sw               x15, 4(x28)         x15:3ffb2bdd x28:100015e0  PA:100015e4
20989058ns          357612 1c00a37c 0004a023 sw               x0, 0(x9)            x9:100015f8  PA:100015f8
20989456ns          357632 1c00a380 0004a223 sw               x0, 4(x9)            x9:100015f8  PA:100015fc
20989496ns          357634 1c00a384 00251313 slli             x6, x10, 0x2         x6=0000000c x10:00000003
20989516ns          357635 1c00a388 0048b463 p.bneimm         x17, 8              x17:00000002
20989635ns          357641 1c00a390 3028aa63 p.beqimm         x17, 788            x17:00000002
20989734ns          357646 1c00a6a4 0e010f93 addi             x31, x2, 224        x31=10001678  x2:10001598
20989774ns          357648 1c00a6a8 006f8733 add              x14, x31, x6        x14=10001684 x31:10001678  x6:0000000c
20989794ns          357649 1c00a6ac f6072703 lw               x14, -160(x14)      x14=3ffb2bdd x14:10001684  PA:100015e4
20990252ns          357672 1c00a6b0 a0c726d3 feq.s            x13, f14, f12       x13=00000000 f14:3ffb2bdd f12:00000000
20990291ns          357674 1c00a6b4 14068d63 beq              x13, x0, 346        x13:00000000
20990749ns          357697 1c00a80e 0004a583 lw               x11, 0(x9)          x11=00000000  x9:100015f8  PA:100015f8
20991246ns          357722 1c00a810 0044ae83 lw               x29, 4(x9)          x29=00000000  x9:100015f8  PA:100015fc
20991286ns          357724 1c00a814 01882683 lw               x13, 24(x16)        x13=40f470bc x16:10001644  PA:1000165c
20991306ns          357725 1c00a818 01c82883 lw               x17, 28(x16)        x17=400ca6c0 x16:10001644  PA:10001660
20991326ns          357726 1c00a81c 58d776c3 fmadd.s          f13, f14, f13, f11  f13=xxxxxxxx f14:3ffb2bdd f13:40f470bc f11:00000000
20991763ns          357748 1c00a820 e9177743 fmadd.s          f14, f14, f17, f29  f14=xxxxxxxx f14:3ffb2bdd f17:400ca6c0 f29:00000000
20991803ns          357750 1c00a824 00d4a023 sw               x13, 0(x9)          x13:416fd46a  x9:100015f8  PA:100015f8
20991823ns          357751 1c00a826 00e4a223 sw               x14, 4(x9)          x14:4089ff98  x9:100015f8  PA:100015fc
20991843ns          357752 1c00a828 e91ff06f jal              x0, -368           
20992320ns          357776 1c00a6b8 0459ac63 p.beqimm         x19, 88             x19:00000004
20992340ns          357777 1c00a6bc 00299713 slli             x14, x19, 0x2       x14=00000010 x19:00000004
20992758ns          357798 1c00a6c0 0e010593 addi             x11, x2, 224        x11=10001678  x2:10001598
20992778ns          357799 1c00a6c2 00b70733 add              x14, x14, x11       x14=10001688 x14:00000010 x11:10001678
20992798ns          357800 1c00a6c4 f6072703 lw               x14, -160(x14)      x14=be8b4d63 x14:10001688  PA:100015e8
20992837ns          357802 1c00a6c8 a0c726d3 feq.s            x13, f14, f12       x13=00000000 f14:be8b4d63 f12:00000000
20992857ns          357803 1c00a6cc 14068f63 beq              x13, x0, 350        x13:00000000
20993335ns          357827 1c00a82a 0004a583 lw               x11, 0(x9)          x11=416fd46a  x9:100015f8  PA:100015f8
20993355ns          357828 1c00a82c 0044ae83 lw               x29, 4(x9)          x29=4089ff98  x9:100015f8  PA:100015fc
20993374ns          357829 1c00a830 02c82683 lw               x13, 44(x16)        x13=bf78016e x16:10001644  PA:10001670
20993394ns          357830 1c00a834 03082883 lw               x17, 48(x16)        x17=40ae0b56 x16:10001644  PA:10001674
20993414ns          357831 1c00a838 58d776c3 fmadd.s          f13, f14, f13, f11  f13=xxxxxxxx f14:be8b4d63 f13:bf78016e f11:416fd46a
20993434ns          357832 1c00a83c e9177743 fmadd.s          f14, f14, f17, f29  f14=xxxxxxxx f14:be8b4d63 f17:40ae0b56 f29:4089ff98
20993872ns          357854 1c00a840 00d4a023 sw               x13, 0(x9)          x13:41740c08  x9:100015f8  PA:100015f8
20993892ns          357855 1c00a842 00e4a223 sw               x14, 4(x9)          x14:40354a6c  x9:100015f8  PA:100015fc
20993911ns          357856 1c00a844 e8dff06f jal              x0, -372           
20993951ns          357858 1c00a6d0 00250713 addi             x14, x10, 2         x14=00000005 x10:00000003
20993971ns          357859 1c00a6d4 02572e63 p.beqimm         x14, 60             x14:00000005
20994468ns          357884 1c00a710 0e010e93 addi             x29, x2, 224        x29=10001678  x2:10001598
20994508ns          357886 1c00a714 01d30333 add              x6, x6, x29          x6=10001684  x6:0000000c x29:10001678
20994528ns          357887 1c00a716 f6032683 lw               x13, -160(x6)       x13=3ffb2bdd  x6:10001684  PA:100015e4
20994568ns          357889 1c00a71a 18f6f6d3 fdiv.s           f13, f13, f15       f13=xxxxxxxx f13:3ffb2bdd f15:3ffb2bdd
20995324ns          357927 1c00a71e a0c6a5d3 feq.s            x11, f13, f12       x11=00000000 f13:3f800000 f12:00000000
20995344ns          357928 1c00a722 00f00733 add              x14, x0, x15        x14=3ffb2bdd x15:3ffb2bdd
20995363ns          357929 1c00a724 0c058363 beq              x11, x0, 198        x11:00000000
20995702ns          357946 1c00a7ea 01882883 lw               x17, 24(x16)        x17=40f470bc x16:10001644  PA:1000165c
20996080ns          357965 1c00a7ee 01c82e83 lw               x29, 28(x16)        x29=400ca6c0 x16:10001644  PA:10001660
20996099ns          357966 1c00a7f2 0004a583 lw               x11, 0(x9)          x11=41740c08  x9:100015f8  PA:100015f8
20996119ns          357967 1c00a7f4 0044a303 lw               x6, 4(x9)            x6=40354a6c  x9:100015f8  PA:100015fc
20996139ns          357968 1c00a7f8 20d696d3 fsgnjn.s         f13, f13, f13       f13=xxxxxxxx f13:3f800000 f13:3f800000
20996159ns          357969 1c00a7fc 88b6f5c3 fmadd.s          f11, f13, f11, f17  f11=xxxxxxxx f13:bf800000 f11:41740c08 f17:40f470bc
20996179ns          357970 1c00a800 e8d376c3 fmadd.s          f13, f6, f13, f29   f13=xxxxxxxx  f6:40354a6c f13:bf800000 f29:400ca6c0
20996199ns          357971 1c00a804 00b82c23 sw               x11, 24(x16)        x11:c0f3a754 x16:10001644  PA:1000165c
20996219ns          357972 1c00a808 00d82e23 sw               x13, 28(x16)        x13:bf228eb0 x16:10001644  PA:10001660
20996239ns          357973 1c00a80c f1bff06f jal              x0, -230           
20996358ns          357979 1c00a726 0059b463 p.bneimm         x19, 8              x19:00000004
20996438ns          357983 1c00a72e 00299693 slli             x13, x19, 0x2       x13=00000010 x19:00000004
20996457ns          357984 1c00a732 0e010313 addi             x6, x2, 224          x6=10001678  x2:10001598
20996477ns          357985 1c00a736 006686b3 add              x13, x13, x6        x13=10001688 x13:00000010  x6:10001678
20996497ns          357986 1c00a738 f606a683 lw               x13, -160(x13)      x13=be8b4d63 x13:10001688  PA:100015e8
20996537ns          357988 1c00a73c 18f6f6d3 fdiv.s           f13, f13, f15       f13=xxxxxxxx f13:be8b4d63 f15:3ffb2bdd
20997353ns          358029 1c00a740 a0c6a5d3 feq.s            x11, f13, f12       x11=00000000 f13:be0dfaf6 f12:00000000
20997372ns          358030 1c00a744 02059263 bne              x11, x0, 36         x11:00000000
20997392ns          358031 1c00a746 02c82883 lw               x17, 44(x16)        x17=bf78016e x16:10001644  PA:10001670
20997412ns          358032 1c00a74a 03082e83 lw               x29, 48(x16)        x29=40ae0b56 x16:10001644  PA:10001674
20997432ns          358033 1c00a74e 0004a583 lw               x11, 0(x9)          x11=41740c08  x9:100015f8  PA:100015f8
20997492ns          358036 1c00a750 0044a303 lw               x6, 4(x9)            x6=40354a6c  x9:100015f8  PA:100015fc
20997532ns          358038 1c00a754 20d696d3 fsgnjn.s         f13, f13, f13       f13=xxxxxxxx f13:be0dfaf6 f13:be0dfaf6
20997551ns          358039 1c00a758 88b6f5c3 fmadd.s          f11, f13, f11, f17  f11=xxxxxxxx f13:3e0dfaf6 f11:41740c08 f17:bf78016e
20997571ns          358040 1c00a75c e866f6c3 fmadd.s          f13, f13, f6, f29   f13=xxxxxxxx f13:3e0dfaf6  f6:40354a6c f29:40ae0b56
20998049ns          358064 1c00a760 02b82623 sw               x11, 44(x16)        x11:3f92b306 x16:10001644  PA:10001670
20998088ns          358066 1c00a764 02d82823 sw               x13, 48(x16)        x13:40ba9ccd x16:10001644  PA:10001674
20998108ns          358067 1c00a768 00250693 addi             x13, x10, 2         x13=00000005 x10:00000003
20998128ns          358068 1c00a76c 0056b463 p.bneimm         x13, 8              x13:00000005
20998566ns          358090 1c00a770 f7efe06f jal              x0, -6274          
20998725ns          358098 1c008eee 008e2783 lw               x15, 8(x28)         x15=be8b4d63 x28:100015e0  PA:100015e8
20998765ns          358100 1c008ef2 00eaa023 sw               x14, 0(x21)         x14:3ffb2bdd x21:100016f0  PA:100016f0
20998785ns          358101 1c008ef6 00faa223 sw               x15, 4(x21)         x15:be8b4d63 x21:100016f0  PA:100016f4
20998805ns          358102 1c008efa 00352b63 p.beqimm         x10, 22             x10:00000003
20998944ns          358109 1c008f10 006d8d93 addi             x27, x27, 6         x27=00000012 x27:0000000c
20998964ns          358110 1c008f12 005b0b13 addi             x22, x22, 5         x22=0000000f x22:0000000a
20998984ns          358111 1c008f14 01880813 addi             x16, x16, 24        x16=1000165c x16:10001644
20999003ns          358112 1c008f16 001d8793 addi             x15, x27, 1         x15=00000013 x27:00000012
20999023ns          358113 1c008f1a 006b0693 addi             x13, x22, 6         x13=00000015 x22:0000000f
20999043ns          358114 1c008f1e 014a0a13 addi             x20, x20, 20        x20=10001708 x20:100016f4
20999421ns          358133 1c008f20 018a8a93 addi             x21, x21, 24        x21=10001708 x21:100016f0
20999441ns          358134 1c008f22 00198993 addi             x19, x19, 1         x19=00000005 x19:00000004
20999461ns          358135 1c008f24 00448493 addi             x9, x9, 4            x9=100015fc  x9:100015f8
20999481ns          358136 1c008f26 014c8c93 addi             x25, x25, 20        x25=10001660 x25:1000164c
20999501ns          358137 1c008f28 014d0d13 addi             x26, x26, 20        x26=1000176c x26:10001758
20999521ns          358138 1c008f2a 01838393 addi             x7, x7, 24           x7=10001768  x7:10001750
20999541ns          358139 1c008f2c ffff0f13 addi             x30, x30, -1        x30=00000002 x30:00000003
20999560ns          358140 1c008f2e 004b8b93 addi             x23, x23, 4         x23=100015d0 x23:100015cc
20999938ns          358159 1c008f30 014c0c13 addi             x24, x24, 20        x24=10001664 x24:10001650
20999958ns          358160 1c008f32 00500e33 add              x28, x0, x5         x28=100015e4  x5:100015e4
20999978ns          358161 1c008f34 01480713 addi             x14, x16, 20        x14=10001670 x16:1000165c
20999998ns          358162 1c008f38 acd7c363 blt              x15, x13, -3386     x15:00000013 x13:00000015
21000237ns          358174 1c0081fe 410c05b3 sub              x11, x24, x16       x11=00000008 x24:10001664 x16:1000165c
21000276ns          358176 1c008202 1c0006b7 lui              x13, 0x1c000000     x13=1c000000
21000296ns          358177 1c008206 ffc58593 addi             x11, x11, -4        x11=00000004 x11:00000008
21000316ns          358178 1c008208 01c68693 addi             x13, x13, 28        x13=1c00001c x13:1c000000
21000336ns          358179 1c00820c 0025d593 srli             x11, x11, 0x2       x11=00000001 x11:00000004
21000376ns          358181 1c00820e 0006a883 lw               x17, 0(x13)         x17=00800000 x13:1c00001c  PA:1c00001c
21000674ns          358196 1c008212 01000333 add              x6, x0, x16          x6=1000165c x16:1000165c
21000694ns          358197 1c008214 00000793 addi             x15, x0, 0          x15=00000000
21000714ns          358198 1c008218 00158593 addi             x11, x11, 1         x11=00000002 x11:00000001
21000734ns          358199 1c00821a 0043268b p.lw             x13, 4(x6!)         x13=c0f3a754  x6=10001660  x6:1000165c  PA:1000165c
21000774ns          358201 1c00821e a0c69ed3 flt.s            x29, f13, f12       x29=00000001 f13:c0f3a754 f12:00000000
21000794ns          358202 1c008222 000e8463 beq              x29, x0, 8          x29:00000001
21000814ns          358203 1c008226 20d696d3 fsgnjn.s         f13, f13, f13       f13=xxxxxxxx f13:c0f3a754 f13:c0f3a754
21000833ns          358204 1c00822a a0d89ed3 flt.s            x29, f17, f13       x29=00000001 f17:00800000 f13:40f3a754
21000873ns          358206 1c00822e 480e8e63 beq              x29, x0, 1180       x29:00000001
21000913ns          358208 1c008232 18d8fed3 fdiv.s           f29, f17, f13       f29=xxxxxxxx f17:00800000 f13:40f3a754
21001649ns          358245 1c008236 11d7f7d3 fmul.s           f15, f15, f29       f15=xxxxxxxx f15:00000000 f29:0010cf8d
21001669ns          358246 1c00823a 00d008b3 add              x17, x0, x13        x17=40f3a754 x13:40f3a754
21001689ns          358247 1c00823c 40fef7c3 fmadd.s          f15, f29, f15, f8   f15=xxxxxxxx f29:0010cf8d f15:00000000  f8:3f800000
21001709ns          358248 1c008240 fff58593 addi             x11, x11, -1        x11=00000001 x11:00000002
21001729ns          358249 1c008242 fc059ce3 bne              x11, x0, -40        x11:00000001
21001868ns          358256 1c00821a 0043268b p.lw             x13, 4(x6!)         x13=bf228eb0  x6=10001664  x6:10001660  PA:10001660
21001908ns          358258 1c00821e a0c69ed3 flt.s            x29, f13, f12       x29=00000001 f13:bf228eb0 f12:00000000
21001927ns          358259 1c008222 000e8463 beq              x29, x0, 8          x29:00000001
21001947ns          358260 1c008226 20d696d3 fsgnjn.s         f13, f13, f13       f13=xxxxxxxx f13:bf228eb0 f13:bf228eb0
21001967ns          358261 1c00822a a0d89ed3 flt.s            x29, f17, f13       x29=00000000 f17:40f3a754 f13:3f228eb0
21001987ns          358262 1c00822e 480e8e63 beq              x29, x0, 1180       x29:00000000
21002126ns          358269 1c0086ca 1916f6d3 fdiv.s           f13, f13, f17       f13=xxxxxxxx f13:3f228eb0 f17:40f3a754
21002783ns          358302 1c0086ce 78d6f7c3 fmadd.s          f15, f13, f13, f15  f15=xxxxxxxx f13:3daacb61 f13:3daacb61 f15:3f800000
21002803ns          358303 1c0086d2 fff58593 addi             x11, x11, -1        x11=00000000 x11:00000001
21002822ns          358304 1c0086d4 b40593e3 bne              x11, x0, -1210      x11:00000000
21002842ns          358305 1c0086d8 b6dff06f jal              x0, -1172          
21002942ns          358310 1c008244 5807f7d3 fsqrt.s          f15, f15            f15=xxxxxxxx f15:3f80e3e5
21003877ns          358357 1c008248 10f8f8d3 fmul.s           f17, f17, f15       f17=xxxxxxxx f17:40f3a754 f15:3f8071c0
21003897ns          358358 1c00824c a11617d3 flt.s            x15, f12, f17       x15=00000001 f12:00000000 f17:40f47fdb
21003916ns          358359 1c008250 500786e3 beq              x15, x0, 3340       x15:00000001
21003936ns          358360 1c008254 00082783 lw               x15, 0(x16)         x15=c0f3a754 x16:1000165c  PA:1000165c
21003956ns          358361 1c008258 211895d3 fsgnjn.s         f11, f17, f17       f11=xxxxxxxx f17:40f47fdb f17:40f47fdb
21003976ns          358362 1c00825c a0c796d3 flt.s            x13, f15, f12       x13=00000001 f15:c0f3a754 f12:00000000
21004016ns          358364 1c008260 00068363 beq              x13, x0, 6          x13:00000001
21004056ns          358366 1c008262 41b0106f jal              x0, 7194           
21004633ns          358395 1c009e7c 011006b3 add              x13, x0, x17        x13=40f47fdb x17:40f47fdb
21004712ns          358399 1c009e7e 00bba023 sw               x11, 0(x23)         x11:c0f47fdb x23:100015d0  PA:100015d0
21004732ns          358400 1c009e82 00b008b3 add              x17, x0, x11        x17=c0f47fdb x11:c0f47fdb
21004752ns          358401 1c009e84 00d005b3 add              x11, x0, x13        x11=40f47fdb x13:40f47fdb
21004772ns          358402 1c009e86 be4fe06f jal              x0, -7196          
21004831ns          358405 1c00826a a0c89353 flt.s            x6, f17, f12         x6=00000001 f17:c0f47fdb f12:00000000
21004851ns          358406 1c00826e 00b006b3 add              x13, x0, x11        x13=40f47fdb x11:40f47fdb
21004891ns          358408 1c008270 00031363 bne              x6, x0, 6            x6:00000001
21004971ns          358412 1c008276 1c000fb7 lui              x31, 0x1c000000     x31=1c000000
21004991ns          358413 1c00827a 028f8f93 addi             x31, x31, 40        x31=1c000028 x31:1c000000
21005050ns          358416 1c00827e 000faf83 lw               x31, 0(x31)         x31=0c000000 x31:1c000028  PA:1c000028
21005388ns          358433 1c008282 005b0313 addi             x6, x22, 5           x6=00000014 x22:0000000f
21005408ns          358434 1c008286 a0df86d3 fle.s            x13, f31, f13       x13=00000001 f31:0c000000 f13:40f47fdb
21005428ns          358435 1c00828a 4c068ee3 beq              x13, x0, 3292       x13:00000001
21005488ns          358438 1c00828e 1c0006b7 lui              x13, 0x1c000000     x13=1c000000
21005528ns          358440 1c008292 02068693 addi             x13, x13, 32        x13=1c000020 x13:1c000000
21005548ns          358441 1c008296 0006a683 lw               x13, 0(x13)         x13=3f800000 x13:1c000020  PA:1c000020
21005866ns          358457 1c008298 1916f8d3 fdiv.s           f17, f13, f17       f17=xxxxxxxx f13:3f800000 f17:c0f47fdb
21005886ns          358458 1c00829c 026dd263 bge              x27, x6, 36         x27:00000012  x6:00000014
21005906ns          358459 1c0082a0 410c06b3 sub              x13, x24, x16       x13=00000004 x24:10001664 x16:1000165c
21005925ns          358460 1c0082a4 ffc68693 addi             x13, x13, -4        x13=00000001 x13:00000008
21005945ns          358461 1c0082a6 0026d693 srli             x13, x13, 0x2       x13=xxxxxxxx x13:00000004
21005965ns          358462 1c0082a8 01000eb3 add              x29, x0, x16        x29=xxxxxxxx x16:1000165c
21005985ns          358463 1c0082aa 00168693 addi             x13, x13, 1         x13=xxxxxxxx x13:00000001
21006005ns          358464 1c0082ac 0066c0fb lp.setup         0x1, x13, 0x6       x13:00000002  PA:1000165c
21006025ns          358465 1c0082b0 000ea783 lw               x15, 0(x29)         x15=3f7f1d49 x29:1000165c
21006144ns          358471 1c0082b4 1117f7d3 fmul.s           f15, f15, f17       f15=xxxxxxxx f15:c0f3a754 f17:be060550
21006164ns          358472 1c0082b8 00fea22b p.sw             x15, 4(x29!)        x29=10001660 x15:3f7f1d49 x29:1000165c  PA:1000165c
21006184ns          358473 1c0082b0 000ea783 lw               x15, 0(x29)         x15=xxxxxxxx x29:10001660  PA:10001660
21006224ns          358475 1c0082b4 1117f7d3 fmul.s           f15, f15, f17       f15=xxxxxxxx f15:bf228eb0 f17:be060550
21006244ns          358476 1c0082b8 00fea22b p.sw             x15, 4(x29!)        x29=10001664 x15:3daa341f x29:10001660  PA:10001660
21006264ns          358477 1c0082bc 00082783 lw               x15, 0(x16)         x15=xxxxxxxx x16:1000165c  PA:1000165c
21006283ns          358478 1c0082c0 1c0008b7 lui              x17, 0x1c000000     x17=1c000000
21006323ns          358480 1c0082c4 02088893 addi             x17, x17, 32        x17=1c000020 x17:1c000000
21006343ns          358481 1c0082c8 0008a883 lw               x17, 0(x17)         x17=3f800000 x17:1c000020  PA:1c000020
21006642ns          358496 1c0082cc 00bba023 sw               x11, 0(x23)         x11:40f47fdb x23:100015d0  PA:100015d0
21006661ns          358497 1c0082d0 0117f7d3 fadd.s           f15, f15, f17       f15=xxxxxxxx f15:3f7f1d49 f17:3f800000
21006681ns          358498 1c0082d4 00100f93 addi             x31, x0, 1          x31=00000001
21006701ns          358499 1c0082d6 00f82023 sw               x15, 0(x16)         x15:3fff8ea4 x16:1000165c  PA:1000165c
21006721ns          358500 1c0082da 00812e83 lw               x29, 8(x2)          x29=100015ec  x2:10001598  PA:100015a0
21006741ns          358501 1c0082dc 004e0293 addi             x5, x28, 4           x5=100015e8 x28:100015e4
21006781ns          358503 1c0082e0 405e86b3 sub              x13, x29, x5        x13=00000004 x29:100015ec  x5:100015e8
21006821ns          358505 1c0082e4 ffc68693 addi             x13, x13, -4        x13=00000000 x13:00000004
21006840ns          358506 1c0082e6 0026d693 srli             x13, x13, 0x2       x13=00000000 x13:00000000
21006860ns          358507 1c0082e8 00150513 addi             x10, x10, 1         x10=00000004 x10:00000003
21006880ns          358508 1c0082ea 005005b3 add              x11, x0, x5         x11=100015e8  x5:100015e8
21006900ns          358509 1c0082ec 00168693 addi             x13, x13, 1         x13=00000001 x13:00000000
21006920ns          358510 1c0082ee 00a00933 add              x18, x0, x10        x18=00000004 x10:00000004
21006940ns          358511 1c0082f0 01c12223 sw               x28, 4(x2)          x28:100015e4  x2:10001598  PA:1000159c
21006960ns          358512 1c0082f2 0306c0fb lp.setup         0x1, x13, 0x30      x13:00000001
21006980ns          358513 1c0082f6 040f8c63 beq              x31, x0, 88         x31:00000001
21007000ns          358514 1c0082fa 00082503 lw               x10, 0(x16)         x10=3fff8ea4 x16:1000165c  PA:1000165c
21007019ns          358515 1c0082fe 00072883 lw               x17, 0(x14)         x17=3f92b306 x14:10001670  PA:10001670
21007039ns          358516 1c008302 00472303 lw               x6, 4(x14)           x6=40ba9ccd x14:10001670  PA:10001674
21007059ns          358517 1c008306 611577c3 fmadd.s          f15, f10, f17, f12  f15=xxxxxxxx f10:3fff8ea4 f17:3f92b306 f12:00000000
21007079ns          358518 1c00830a 00482e83 lw               x29, 4(x16)         x29=3daa341f x16:1000165c  PA:10001660
21007139ns          358521 1c00830e 786ef7c3 fmadd.s          f15, f29, f6, f15   f15=xxxxxxxx f29:3daa341f  f6:40ba9ccd f15:40127210
21007179ns          358523 1c008312 022f2863 p.beqimm         x30, 48             x30:00000002
21007676ns          358548 1c008342 18a7f7d3 fdiv.s           f15, f15, f10       f15=xxxxxxxx f15:40317698 f10:3fff8ea4
21008412ns          358585 1c008346 a0c7aed3 feq.s            x29, f15, f12       x29=00000000 f15:3fb1c550 f12:00000000
21008432ns          358586 1c00834a 300e80e3 beq              x29, x0, 2816       x29:00000000
21008571ns          358593 1c008e4a 20f797d3 fsgnjn.s         f15, f15, f15       f15=xxxxxxxx f15:3fb1c550 f15:3fb1c550
21008591ns          358594 1c008e4e 88a7f543 fmadd.s          f10, f15, f10, f17  f10=xxxxxxxx f15:bfb1c550 f10:3fff8ea4 f17:3f92b306
21008611ns          358595 1c008e52 00a72023 sw               x10, 0(x14)         x10:bfd03a2a x14:10001670  PA:10001670
21008631ns          358596 1c008e54 00482503 lw               x10, 4(x16)         x10=3daa341f x16:1000165c  PA:10001660
21008670ns          358598 1c008e58 30a7f343 fmadd.s          f6, f15, f10, f6     f6=xxxxxxxx f15:bfb1c550 f10:3daa341f  f6:40ba9ccd
21008690ns          358599 1c008e5c 00672223 sw               x6, 4(x14)           x6:40b6eb43 x14:10001670  PA:10001674
21008710ns          358600 1c008e60 ce2f2763 p.beqimm         x30, -2834          x30:00000002
21008869ns          358608 1c00834e 0147278b p.lw             x15, 20(x14!)       x15=bfd03a2a x14=10001684 x14:10001670  PA:10001670
21008909ns          358610 1c008352 00f5a22b p.sw             x15, 4(x11!)        x11=100015ec x15:bfd03a2a x11:100015e8  PA:100015e8
21008929ns          358611 1c008356 00082703 lw               x14, 0(x16)         x14=3fff8ea4 x16:1000165c  PA:1000165c
21008949ns          358612 1c00835a 00482783 lw               x15, 4(x16)         x15=3daa341f x16:1000165c  PA:10001660
21009009ns          358615 1c00835e 00e3a023 sw               x14, 0(x7)          x14:3fff8ea4  x7:10001768  PA:10001768
21009048ns          358617 1c008362 00f3a223 sw               x15, 4(x7)          x15:3daa341f  x7:10001768  PA:1000176c
21009068ns          358618 1c008366 01200533 add              x10, x0, x18        x10=00000004 x18:00000004
21009088ns          358619 1c008368 00412e03 lw               x28, 4(x2)          x28=100015e4  x2:10001598  PA:1000159c
21009108ns          358620 1c00836a 3659a863 p.beqimm         x19, 880            x19:00000005
21009645ns          358647 1c0086da ca453ae3 p.bneimm         x10, -844           x10:00000004
21009705ns          358650 1c0086de 1c0003b7 lui              x7, 0x1c000000       x7=1c000000
21009725ns          358651 1c0086e2 0dc12703 lw               x14, 220(x2)        x14=40b6eb43  x2:10001598  PA:10001674
21009744ns          358652 1c0086e4 01412c83 lw               x25, 20(x2)         x25=10001720  x2:10001598  PA:100015ac
21009764ns          358653 1c0086e6 0203a783 lw               x15, 32(x7)         x15=3f800000  x7:1c000000  PA:1c000020
21010162ns          358673 1c0086ea 02e12e23 sw               x14, 60(x2)         x14:40b6eb43  x2:10001598  PA:100015d4
21010182ns          358674 1c0086ec 03810313 addi             x6, x2, 56           x6=100015d0  x2:10001598
21010222ns          358676 1c0086f0 00f00e33 add              x28, x0, x15        x28=3f800000 x15:3f800000
21010262ns          358678 1c0086f2 06fca023 sw               x15, 96(x25)        x15:3f800000 x25:10001720  PA:10001780
21010282ns          358679 1c0086f6 00f00433 add              x8, x0, x15          x8=3f800000 x15:3f800000
21010301ns          358680 1c0086f8 00f003b3 add              x7, x0, x15          x7=3f800000 x15:3f800000
21010321ns          358681 1c0086fa 00f00f33 add              x30, x0, x15        x30=3f800000 x15:3f800000
21010341ns          358682 1c0086fc ffc3278b p.lw             x15, -4(x6!)        x15=40f47fdb  x6=100015cc  x6:100015d0  PA:100015d0
21010739ns          358702 1c008700 00000893 addi             x17, x0, 0          x17=00000000
21010779ns          358704 1c008704 0d812703 lw               x14, 216(x2)        x14=bfd03a2a  x2:10001598  PA:10001670
21010799ns          358705 1c008706 a117a7d3 feq.s            x15, f15, f17       x15=00000000 f15:40f47fdb f17:00000000
21010819ns          358706 1c00870a 04e12623 sw               x14, 76(x2)         x14:bfd03a2a  x2:10001598  PA:100015e4
21010838ns          358707 1c00870c 04012823 sw               x0, 80(x2)           x2:10001598  PA:100015e8
21011276ns          358729 1c00870e 040ca823 sw               x0, 80(x25)         x25:10001720  PA:10001770
21011316ns          358731 1c008712 040caa23 sw               x0, 84(x25)         x25:10001720  PA:10001774
21011336ns          358732 1c008716 040cac23 sw               x0, 88(x25)         x25:10001720  PA:10001778
21011356ns          358733 1c00871a 040cae23 sw               x0, 92(x25)         x25:10001720  PA:1000177c
21011376ns          358734 1c00871e 00c12903 lw               x18, 12(x2)         x18=100015d8  x2:10001598  PA:100015a4
21011773ns          358754 1c008720 01012e83 lw               x29, 16(x2)         x29=10001720  x2:10001598  PA:100015a8
21011793ns          358755 1c008722 01812d03 lw               x26, 24(x2)         x26=100016bc  x2:10001598  PA:100015b0
21011813ns          358756 1c008724 03cc8813 addi             x16, x25, 60        x16=1000175c x25:10001720
21011833ns          358757 1c008728 048c8593 addi             x11, x25, 72        x11=10001768 x25:10001720
21011853ns          358758 1c00872c 00200513 addi             x10, x0, 2          x10=00000002
21012310ns          358781 1c00872e 078c8f93 addi             x31, x25, 120       x31=10001798 x25:10001720
21012330ns          358782 1c008732 00500293 addi             x5, x0, 5            x5=00000005
21012350ns          358783 1c008734 02078763 beq              x15, x0, 46         x15:00000000
21012847ns          358808 1c008762 00251693 slli             x13, x10, 0x2       x13=00000008 x10:00000002
21012867ns          358809 1c008766 01458713 addi             x14, x11, 20        x14=1000177c x11:10001768
21012887ns          358810 1c00876a 40df86b3 sub              x13, x31, x13       x13=10001790 x31:10001798 x13:00000008
21012907ns          358811 1c00876e 40e686b3 sub              x13, x13, x14       x13=00000014 x13:10001790 x14:1000177c
21013345ns          358833 1c008770 fec68693 addi             x13, x13, -20       x13=00000000 x13:00000014
21013384ns          358835 1c008772 0cccd7b7 lui              x15, 0xcccd000      x15=0cccd000
21013404ns          358836 1c008776 0026d693 srli             x13, x13, 0x2       x13=00000000 x13:00000000
21013424ns          358837 1c008778 ccd78793 addi             x15, x15, -819      x15=0ccccccd x15:0cccd000
21013444ns          358838 1c00877c 02f686b3 mul              x13, x13, x15       x13=00000000 x13:00000000 x15:0ccccccd
21013882ns          358860 1c008780 c3e6b6b3 p.bclr           x13, x13, 1, 30     x13=00000000 x13:00000000
21013922ns          358862 1c008784 0005a483 lw               x9, 0(x11)           x9=3fff8ea4 x11:10001768  PA:10001768
21013941ns          358863 1c008786 0045aa83 lw               x21, 4(x11)         x21=3daa341f x11:10001768  PA:1000176c
21013961ns          358864 1c00878a 00168693 addi             x13, x13, 1         x13=00000001 x13:00000000
21013981ns          358865 1c00878c 00072983 lw               x19, 0(x14)         x19=00000000 x14:1000177c  PA:1000177c
21014399ns          358886 1c008790 00472a03 lw               x20, 4(x14)         x20=3f800000 x14:1000177c  PA:10001780
21014439ns          358888 1c008794 8934f7c3 fmadd.s          f15, f9, f19, f17   f15=xxxxxxxx  f9:3fff8ea4 f19:00000000 f17:00000000
21014459ns          358889 1c008798 794af7c3 fmadd.s          f15, f21, f20, f15  f15=xxxxxxxx f21:3daa341f f20:3f800000 f15:00000000
21014478ns          358890 1c00879c 02252563 p.beqimm         x10, 42             x10:00000002
21015433ns          358938 1c0087c6 1897f7d3 fdiv.s           f15, f15, f9        f15=xxxxxxxx f15:3daa341f  f9:3fff8ea4
21016169ns          358975 1c0087ca a117a653 feq.s            x12, f15, f17       x12=00000000 f15:3d2a7f9e f17:00000000
21016189ns          358976 1c0087ce 6c060563 beq              x12, x0, 1738       x12:00000000
21016289ns          358981 1c008e98 20f797d3 fsgnjn.s         f15, f15, f15       f15=xxxxxxxx f15:3d2a7f9e f15:3d2a7f9e
21016328ns          358983 1c008e9c 98f4f4c3 fmadd.s          f9, f9, f15, f19     f9=xxxxxxxx  f9:3fff8ea4 f15:bd2a7f9e f19:00000000
21016487ns          358991 1c008ea0 00972023 sw               x9, 0(x14)           x9:bdaa341e x14:1000177c  PA:1000177c
21016507ns          358992 1c008ea2 0045a603 lw               x12, 4(x11)         x12=3daa341f x11:10001768  PA:1000176c
21016547ns          358994 1c008ea4 a0f67a43 fmadd.s          f20, f12, f15, f20  f20=xxxxxxxx f12:3daa341f f15:bd2a7f9e f20:3f800000
21016567ns          358995 1c008ea8 01472223 sw               x20, 4(x14)         x20:3f7f1d49 x14:1000177c  PA:10001780
21016587ns          358996 1c008eac 02252563 p.beqimm         x10, 42             x10:00000002
21017482ns          359041 1c008ed6 0005a483 lw               x9, 0(x11)           x9=3fff8ea4 x11:10001768  PA:10001768
21017522ns          359043 1c008ed8 0045aa83 lw               x21, 4(x11)         x21=3daa341f x11:10001768  PA:1000176c
21017542ns          359044 1c008edc 01470713 addi             x14, x14, 20        x14=10001790 x14:1000177c
21017562ns          359045 1c008ede fff68693 addi             x13, x13, -1        x13=00000000 x13:00000001
21017601ns          359047 1c008ee0 8a0696e3 bne              x13, x0, -1876      x13:00000000
21017641ns          359049 1c008ee4 8f5ff06f jal              x0, -1804          
21017721ns          359053 1c0087d8 209497d3 fsgnjn.s         f15, f9, f9         f15=xxxxxxxx  f9:3fff8ea4  f9:3fff8ea4
21017760ns          359055 1c0087dc 215a9753 fsgnjn.s         f14, f21, f21       f14=xxxxxxxx f21:3daa341f f21:3daa341f
21018138ns          359074 1c0087e0 00f5a023 sw               x15, 0(x11)         x15:bfff8ea4 x11:10001768  PA:10001768
21018158ns          359075 1c0087e2 00e5a223 sw               x14, 4(x11)         x14:bdaa341f x11:10001768  PA:1000176c
21018178ns          359076 1c0087e4 7a252363 p.beqimm         x10, 1958           x10:00000002
21018695ns          359102 1c008f8a 0077f7d3 fadd.s           f15, f15, f7        f15=xxxxxxxx f15:bfff8ea4  f7:3f800000
21019113ns          359123 1c008f8e 40a28733 sub              x14, x5, x10        x14=00000003  x5:00000005 x10:00000002
21019133ns          359124 1c008f92 00f5a023 sw               x15, 0(x11)         x15:bf7f1d48 x11:10001768  PA:10001768
21019153ns          359125 1c008f94 fa070d63 beq              x14, x0, -2118      x14:00000003
21019173ns          359126 1c008f98 00082023 sw               x0, 0(x16)          x16:1000175c  PA:1000175c
21019193ns          359127 1c008f9c fa172b63 p.beqimm         x14, -2122          x14:00000003
21019650ns          359150 1c008fa0 00082223 sw               x0, 4(x16)          x16:1000175c  PA:10001760
21019690ns          359152 1c008fa4 fa373563 p.bneimm         x14, -2134          x14:00000003
21019710ns          359153 1c008fa8 00082423 sw               x0, 8(x16)          x16:1000175c  PA:10001764
21019730ns          359154 1c008fac fa6ff06f jal              x0, -2138          
21020665ns          359201 1c008752 ffc3278b p.lw             x15, -4(x6!)        x15=4107db6e  x6=100015c8  x6:100015cc  PA:100015cc
21020684ns          359202 1c008756 fec80813 addi             x16, x16, -20       x16=10001748 x16:1000175c
21020704ns          359203 1c008758 a117a7d3 feq.s            x15, f15, f17       x15=00000000 f15:4107db6e f17:00000000
21020724ns          359204 1c00875c fe858593 addi             x11, x11, -24       x11=10001750 x11:10001768
21020744ns          359205 1c00875e 00150513 addi             x10, x10, 1         x10=00000003 x10:00000002
21020764ns          359206 1c008760 fc079be3 bne              x15, x0, -42        x15:00000000
21020804ns          359208 1c008762 00251693 slli             x13, x10, 0x2       x13=0000000c x10:00000003
21020824ns          359209 1c008766 01458713 addi             x14, x11, 20        x14=10001764 x11:10001750
21020844ns          359210 1c00876a 40df86b3 sub              x13, x31, x13       x13=1000178c x31:10001798 x13:0000000c
21020863ns          359211 1c00876e 40e686b3 sub              x13, x13, x14       x13=00000028 x13:1000178c x14:10001764
21020883ns          359212 1c008770 fec68693 addi             x13, x13, -20       x13=00000014 x13:00000028
21020903ns          359213 1c008772 0cccd7b7 lui              x15, 0xcccd000      x15=0cccd000
21020923ns          359214 1c008776 0026d693 srli             x13, x13, 0x2       x13=00000005 x13:00000014
21020943ns          359215 1c008778 ccd78793 addi             x15, x15, -819      x15=0ccccccd x15:0cccd000
21020963ns          359216 1c00877c 02f686b3 mul              x13, x13, x15       x13=40000001 x13:00000005 x15:0ccccccd
21020983ns          359217 1c008780 c3e6b6b3 p.bclr           x13, x13, 1, 30     x13=00000001 x13:40000001
21021003ns          359218 1c008784 0005a483 lw               x9, 0(x11)           x9=3fbb2998 x11:10001750  PA:10001750
21021023ns          359219 1c008786 0045aa83 lw               x21, 4(x11)         x21=3d3a32f3 x11:10001750  PA:10001754
21021042ns          359220 1c00878a 00168693 addi             x13, x13, 1         x13=00000002 x13:00000001
21021062ns          359221 1c00878c 00072983 lw               x19, 0(x14)         x19=00000000 x14:10001764  PA:10001764
21021082ns          359222 1c008790 00472a03 lw               x20, 4(x14)         x20=bf7f1d48 x14:10001764  PA:10001768
21021102ns          359223 1c008794 8934f7c3 fmadd.s          f15, f9, f19, f17   f15=xxxxxxxx  f9:3fbb2998 f19:00000000 f17:00000000
21021122ns          359224 1c008798 794af7c3 fmadd.s          f15, f21, f20, f15  f15=xxxxxxxx f21:3d3a32f3 f20:bf7f1d48 f15:00000000
21021142ns          359225 1c00879c 02252563 p.beqimm         x10, 42             x10:00000003
21021182ns          359227 1c0087a0 0085ab03 lw               x22, 8(x11)         x22=3f62b716 x11:10001750  PA:10001758
21021221ns          359229 1c0087a4 00872603 lw               x12, 8(x14)         x12=bdaa341f x14:10001764  PA:1000176c
21021261ns          359231 1c0087a6 78cb77c3 fmadd.s          f15, f22, f12, f15  f15=xxxxxxxx f22:3f62b716 f12:bdaa341f f15:bd398e0c
21021281ns          359232 1c0087aa 00352e63 p.beqimm         x10, 28             x10:00000003
21021778ns          359257 1c0087c6 1897f7d3 fdiv.s           f15, f15, f9        f15=xxxxxxxx f15:bdf382c3  f9:3fbb2998
21022057ns          359271 1c0087ca a117a653 feq.s            x12, f15, f17       x12=00000000 f15:bda68957 f17:00000000
21022077ns          359272 1c0087ce 6c060563 beq              x12, x0, 1738       x12:00000000
21022176ns          359277 1c008e98 20f797d3 fsgnjn.s         f15, f15, f15       f15=xxxxxxxx f15:bda68957 f15:bda68957
21022216ns          359279 1c008e9c 98f4f4c3 fmadd.s          f9, f9, f15, f19     f9=xxxxxxxx  f9:3fbb2998 f15:3da68957 f19:00000000
21022276ns          359282 1c008ea0 00972023 sw               x9, 0(x14)           x9:3df382c3 x14:10001764  PA:10001764
21022296ns          359283 1c008ea2 0045a603 lw               x12, 4(x11)         x12=3d3a32f3 x11:10001750  PA:10001754
21022335ns          359285 1c008ea4 a0f67a43 fmadd.s          f20, f12, f15, f20  f20=xxxxxxxx f12:3d3a32f3 f15:3da68957 f20:bf7f1d48
21022355ns          359286 1c008ea8 01472223 sw               x20, 4(x14)         x20:bf7e2b06 x14:10001764  PA:10001768
21022375ns          359287 1c008eac 02252563 p.beqimm         x10, 42             x10:00000003
21022415ns          359289 1c008eb0 0085a603 lw               x12, 8(x11)         x12=3f62b716 x11:10001750  PA:10001758
21022435ns          359290 1c008eb2 00872483 lw               x9, 8(x14)           x9=bdaa341f x14:10001764  PA:1000176c
21022475ns          359292 1c008eb4 48f67643 fmadd.s          f12, f12, f15, f9   f12=xxxxxxxx f12:3f62b716 f15:3da68957  f9:bdaa341f
21022494ns          359293 1c008eb8 00c72423 sw               x12, 8(x14)         x12:bc35be2e x14:10001764  PA:1000176c
21022514ns          359294 1c008eba 00352e63 p.beqimm         x10, 28             x10:00000003
21023012ns          359319 1c008ed6 0005a483 lw               x9, 0(x11)           x9=3fbb2998 x11:10001750  PA:10001750
21023051ns          359321 1c008ed8 0045aa83 lw               x21, 4(x11)         x21=3d3a32f3 x11:10001750  PA:10001754
21023091ns          359323 1c008edc 01470713 addi             x14, x14, 20        x14=10001778 x14:10001764
21023111ns          359324 1c008ede fff68693 addi             x13, x13, -1        x13=00000001 x13:00000002
21023131ns          359325 1c008ee0 8a0696e3 bne              x13, x0, -1876      x13:00000001
21023191ns          359328 1c00878c 00072983 lw               x19, 0(x14)         x19=00000000 x14:10001778  PA:10001778
21023211ns          359329 1c008790 00472a03 lw               x20, 4(x14)         x20=bdaa341e x14:10001778  PA:1000177c
21023230ns          359330 1c008794 8934f7c3 fmadd.s          f15, f9, f19, f17   f15=xxxxxxxx  f9:3fbb2998 f19:00000000 f17:00000000
21023250ns          359331 1c008798 794af7c3 fmadd.s          f15, f21, f20, f15  f15=xxxxxxxx f21:3d3a32f3 f20:bdaa341e f15:00000000
21023270ns          359332 1c00879c 02252563 p.beqimm         x10, 42             x10:00000003
21023290ns          359333 1c0087a0 0085ab03 lw               x22, 8(x11)         x22=3f62b716 x11:10001750  PA:10001758
21023310ns          359334 1c0087a4 00872603 lw               x12, 8(x14)         x12=3f7f1d49 x14:10001778  PA:10001780
21023350ns          359336 1c0087a6 78cb77c3 fmadd.s          f15, f22, f12, f15  f15=xxxxxxxx f22:3f62b716 f12:3f7f1d49 f15:bb77977b
21023370ns          359337 1c0087aa 00352e63 p.beqimm         x10, 28             x10:00000003
21023449ns          359341 1c0087c6 1897f7d3 fdiv.s           f15, f15, f9        f15=xxxxxxxx f15:3f60f6b7  f9:3fbb2998
21023728ns          359355 1c0087ca a117a653 feq.s            x12, f15, f17       x12=00000000 f15:3f19da29 f17:00000000
21023748ns          359356 1c0087ce 6c060563 beq              x12, x0, 1738       x12:00000000
21023807ns          359359 1c008e98 20f797d3 fsgnjn.s         f15, f15, f15       f15=xxxxxxxx f15:3f19da29 f15:3f19da29
21023827ns          359360 1c008e9c 98f4f4c3 fmadd.s          f9, f9, f15, f19     f9=xxxxxxxx  f9:3fbb2998 f15:bf19da29 f19:00000000
21023847ns          359361 1c008ea0 00972023 sw               x9, 0(x14)           x9:bf60f6b6 x14:10001778  PA:10001778
21023867ns          359362 1c008ea2 0045a603 lw               x12, 4(x11)         x12=3d3a32f3 x11:10001750  PA:10001754
21023907ns          359364 1c008ea4 a0f67a43 fmadd.s          f20, f12, f15, f20  f20=xxxxxxxx f12:3d3a32f3 f15:bf19da29 f20:bdaa341e
21023927ns          359365 1c008ea8 01472223 sw               x20, 4(x14)         x20:bde227ae x14:10001778  PA:1000177c
21023946ns          359366 1c008eac 02252563 p.beqimm         x10, 42             x10:00000003
21023966ns          359367 1c008eb0 0085a603 lw               x12, 8(x11)         x12=3f62b716 x11:10001750  PA:10001758
21023986ns          359368 1c008eb2 00872483 lw               x9, 8(x14)           x9=3f7f1d49 x14:10001778  PA:10001780
21024026ns          359370 1c008eb4 48f67643 fmadd.s          f12, f12, f15, f9   f12=xxxxxxxx f12:3f62b716 f15:bf19da29  f9:3f7f1d49
21024046ns          359371 1c008eb8 00c72423 sw               x12, 8(x14)         x12:3eedb951 x14:10001778  PA:10001780
21024066ns          359372 1c008eba 00352e63 p.beqimm         x10, 28             x10:00000003
21024125ns          359375 1c008ed6 0005a483 lw               x9, 0(x11)           x9=3fbb2998 x11:10001750  PA:10001750
21024145ns          359376 1c008ed8 0045aa83 lw               x21, 4(x11)         x21=3d3a32f3 x11:10001750  PA:10001754
21024165ns          359377 1c008edc 01470713 addi             x14, x14, 20        x14=1000178c x14:10001778
21024185ns          359378 1c008ede fff68693 addi             x13, x13, -1        x13=00000000 x13:00000001
21024205ns          359379 1c008ee0 8a0696e3 bne              x13, x0, -1876      x13:00000000
21024225ns          359380 1c008ee4 8f5ff06f jal              x0, -1804          
21024265ns          359382 1c0087d8 209497d3 fsgnjn.s         f15, f9, f9         f15=xxxxxxxx  f9:3fbb2998  f9:3fbb2998
21024285ns          359383 1c0087dc 215a9753 fsgnjn.s         f14, f21, f21       f14=xxxxxxxx f21:3d3a32f3 f21:3d3a32f3
21024305ns          359384 1c0087e0 00f5a023 sw               x15, 0(x11)         x15:bfbb2998 x11:10001750  PA:10001750
21024324ns          359385 1c0087e2 00e5a223 sw               x14, 4(x11)         x14:bd3a32f3 x11:10001750  PA:10001754
21024344ns          359386 1c0087e4 7a252363 p.beqimm         x10, 1958           x10:00000003
21024364ns          359387 1c0087e8 0085a703 lw               x14, 8(x11)         x14=3f62b716 x11:10001750  PA:10001758
21024404ns          359389 1c0087ea 20e71753 fsgnjn.s         f14, f14, f14       f14=xxxxxxxx f14:3f62b716 f14:3f62b716
21024424ns          359390 1c0087ee 00e5a423 sw               x14, 8(x11)         x14:bf62b716 x11:10001750  PA:10001758
21024802ns          359409 1c0087f0 78352d63 p.beqimm         x10, 1946           x10:00000003
21024881ns          359413 1c008f8a 0077f7d3 fadd.s           f15, f15, f7        f15=xxxxxxxx f15:bfbb2998  f7:3f800000
21025319ns          359435 1c008f8e 40a28733 sub              x14, x5, x10        x14=00000002  x5:00000005 x10:00000003
21025339ns          359436 1c008f92 00f5a023 sw               x15, 0(x11)         x15:beeca660 x11:10001750  PA:10001750
21025359ns          359437 1c008f94 fa070d63 beq              x14, x0, -2118      x14:00000002
21025379ns          359438 1c008f98 00082023 sw               x0, 0(x16)          x16:10001748  PA:10001748
21025399ns          359439 1c008f9c fa172b63 p.beqimm         x14, -2122          x14:00000002
21025418ns          359440 1c008fa0 00082223 sw               x0, 4(x16)          x16:10001748  PA:1000174c
21025438ns          359441 1c008fa4 fa373563 p.bneimm         x14, -2134          x14:00000002
21025697ns          359454 1c00874e 0c552763 p.beqimm         x10, 206            x10:00000003
21025717ns          359455 1c008752 ffc3278b p.lw             x15, -4(x6!)        x15=418727ac  x6=100015c4  x6:100015c8  PA:100015c8
21025737ns          359456 1c008756 fec80813 addi             x16, x16, -20       x16=10001734 x16:10001748
21025757ns          359457 1c008758 a117a7d3 feq.s            x15, f15, f17       x15=00000000 f15:418727ac f17:00000000
21025776ns          359458 1c00875c fe858593 addi             x11, x11, -24       x11=10001738 x11:10001750
21025796ns          359459 1c00875e 00150513 addi             x10, x10, 1         x10=00000004 x10:00000003
21025816ns          359460 1c008760 fc079be3 bne              x15, x0, -42        x15:00000000
21025836ns          359461 1c008762 00251693 slli             x13, x10, 0x2       x13=00000010 x10:00000004
21025856ns          359462 1c008766 01458713 addi             x14, x11, 20        x14=1000174c x11:10001738
21025876ns          359463 1c00876a 40df86b3 sub              x13, x31, x13       x13=10001788 x31:10001798 x13:00000010
21025896ns          359464 1c00876e 40e686b3 sub              x13, x13, x14       x13=0000003c x13:10001788 x14:1000174c
21025916ns          359465 1c008770 fec68693 addi             x13, x13, -20       x13=00000028 x13:0000003c
21025936ns          359466 1c008772 0cccd7b7 lui              x15, 0xcccd000      x15=0cccd000
21025955ns          359467 1c008776 0026d693 srli             x13, x13, 0x2       x13=0000000a x13:00000028
21025975ns          359468 1c008778 ccd78793 addi             x15, x15, -819      x15=0ccccccd x15:0cccd000
21025995ns          359469 1c00877c 02f686b3 mul              x13, x13, x15       x13=80000002 x13:0000000a x15:0ccccccd
21026015ns          359470 1c008780 c3e6b6b3 p.bclr           x13, x13, 1, 30     x13=00000002 x13:80000002
21026035ns          359471 1c008784 0005a483 lw               x9, 0(x11)           x9=3fa7d366 x11:10001738  PA:10001738
21026055ns          359472 1c008786 0045aa83 lw               x21, 4(x11)         x21=3eff4653 x11:10001738  PA:1000173c
21026075ns          359473 1c00878a 00168693 addi             x13, x13, 1         x13=00000003 x13:00000002
21026095ns          359474 1c00878c 00072983 lw               x19, 0(x14)         x19=00000000 x14:1000174c  PA:1000174c
21026115ns          359475 1c008790 00472a03 lw               x20, 4(x14)         x20=beeca660 x14:1000174c  PA:10001750
21026134ns          359476 1c008794 8934f7c3 fmadd.s          f15, f9, f19, f17   f15=xxxxxxxx  f9:3fa7d366 f19:00000000 f17:00000000
21026154ns          359477 1c008798 794af7c3 fmadd.s          f15, f21, f20, f15  f15=xxxxxxxx f21:3eff4653 f20:beeca660 f15:00000000
21026174ns          359478 1c00879c 02252563 p.beqimm         x10, 42             x10:00000004
21026194ns          359479 1c0087a0 0085ab03 lw               x22, 8(x11)         x22=3ef9f1ad x11:10001738  PA:10001740
21026214ns          359480 1c0087a4 00872603 lw               x12, 8(x14)         x12=bd3a32f3 x14:1000174c  PA:10001754
21026254ns          359482 1c0087a6 78cb77c3 fmadd.s          f15, f22, f12, f15  f15=xxxxxxxx f22:3ef9f1ad f12:bd3a32f3 f15:be6bfabc
21026274ns          359483 1c0087aa 00352e63 p.beqimm         x10, 28             x10:00000004
21026294ns          359484 1c0087ae 00c5ab03 lw               x22, 12(x11)        x22=3f252c74 x11:10001738  PA:10001744
21026313ns          359485 1c0087b2 00c72603 lw               x12, 12(x14)        x12=bf62b716 x14:1000174c  PA:10001758
21026353ns          359487 1c0087b4 78cb77c3 fmadd.s          f15, f22, f12, f15  f15=xxxxxxxx f22:3f252c74 f12:bf62b716 f15:be815a13
21026373ns          359488 1c0087b8 00553763 p.bneimm         x10, 14             x10:00000004
21026473ns          359493 1c0087c6 1897f7d3 fdiv.s           f15, f15, f9        f15=xxxxxxxx f15:bf52f469  f9:3fa7d366
21027268ns          359533 1c0087ca a117a653 feq.s            x12, f15, f17       x12=00000000 f15:bf20e4ef f17:00000000
21027288ns          359534 1c0087ce 6c060563 beq              x12, x0, 1738       x12:00000000
21027348ns          359537 1c008e98 20f797d3 fsgnjn.s         f15, f15, f15       f15=xxxxxxxx f15:bf20e4ef f15:bf20e4ef
21027368ns          359538 1c008e9c 98f4f4c3 fmadd.s          f9, f9, f15, f19     f9=xxxxxxxx  f9:3fa7d366 f15:3f20e4ef f19:00000000
21027388ns          359539 1c008ea0 00972023 sw               x9, 0(x14)           x9:3f52f469 x14:1000174c  PA:1000174c
21027407ns          359540 1c008ea2 0045a603 lw               x12, 4(x11)         x12=3eff4653 x11:10001738  PA:1000173c
21027447ns          359542 1c008ea4 a0f67a43 fmadd.s          f20, f12, f15, f20  f20=xxxxxxxx f12:3eff4653 f15:3f20e4ef f20:beeca660
21027467ns          359543 1c008ea8 01472223 sw               x20, 4(x14)         x20:be186c46 x14:1000174c  PA:10001750
21027487ns          359544 1c008eac 02252563 p.beqimm         x10, 42             x10:00000004
21027507ns          359545 1c008eb0 0085a603 lw               x12, 8(x11)         x12=3ef9f1ad x11:10001738  PA:10001740
21027527ns          359546 1c008eb2 00872483 lw               x9, 8(x14)           x9=bd3a32f3 x14:1000174c  PA:10001754
21027567ns          359548 1c008eb4 48f67643 fmadd.s          f12, f12, f15, f9   f12=xxxxxxxx f12:3ef9f1ad f15:3f20e4ef  f9:bd3a32f3
21027586ns          359549 1c008eb8 00c72423 sw               x12, 8(x14)         x12:3e85d032 x14:1000174c  PA:10001754
21027606ns          359550 1c008eba 00352e63 p.beqimm         x10, 28             x10:00000004
21027626ns          359551 1c008ebe 00c5a603 lw               x12, 12(x11)        x12=3f252c74 x11:10001738  PA:10001744
21027646ns          359552 1c008ec0 00c72483 lw               x9, 12(x14)          x9=bf62b716 x14:1000174c  PA:10001758
21027686ns          359554 1c008ec2 48f67643 fmadd.s          f12, f12, f15, f9   f12=xxxxxxxx f12:3f252c74 f15:3f20e4ef  f9:bf62b716
21027706ns          359555 1c008ec6 00c72623 sw               x12, 12(x14)        x12:bef5cf2f x14:1000174c  PA:10001758
21027726ns          359556 1c008ec8 00553763 p.bneimm         x10, 14             x10:00000004
21027785ns          359559 1c008ed6 0005a483 lw               x9, 0(x11)           x9=3fa7d366 x11:10001738  PA:10001738
21027805ns          359560 1c008ed8 0045aa83 lw               x21, 4(x11)         x21=3eff4653 x11:10001738  PA:1000173c
21027825ns          359561 1c008edc 01470713 addi             x14, x14, 20        x14=10001760 x14:1000174c
21027845ns          359562 1c008ede fff68693 addi             x13, x13, -1        x13=00000002 x13:00000003
21027865ns          359563 1c008ee0 8a0696e3 bne              x13, x0, -1876      x13:00000002
21027925ns          359566 1c00878c 00072983 lw               x19, 0(x14)         x19=00000000 x14:10001760  PA:10001760
21027945ns          359567 1c008790 00472a03 lw               x20, 4(x14)         x20=3df382c3 x14:10001760  PA:10001764
21027964ns          359568 1c008794 8934f7c3 fmadd.s          f15, f9, f19, f17   f15=xxxxxxxx  f9:3fa7d366 f19:00000000 f17:00000000
21027984ns          359569 1c008798 794af7c3 fmadd.s          f15, f21, f20, f15  f15=xxxxxxxx f21:3eff4653 f20:3df382c3 f15:00000000
21028004ns          359570 1c00879c 02252563 p.beqimm         x10, 42             x10:00000004
21028024ns          359571 1c0087a0 0085ab03 lw               x22, 8(x11)         x22=3ef9f1ad x11:10001738  PA:10001740
21028044ns          359572 1c0087a4 00872603 lw               x12, 8(x14)         x12=bf7e2b06 x14:10001760  PA:10001768
21028084ns          359574 1c0087a6 78cb77c3 fmadd.s          f15, f22, f12, f15  f15=xxxxxxxx f22:3ef9f1ad f12:bf7e2b06 f15:3d72d225
21028104ns          359575 1c0087aa 00352e63 p.beqimm         x10, 28             x10:00000004
21028124ns          359576 1c0087ae 00c5ab03 lw               x22, 12(x11)        x22=3f252c74 x11:10001738  PA:10001744
21028143ns          359577 1c0087b2 00c72603 lw               x12, 12(x14)        x12=bc35be2e x14:10001760  PA:1000176c
21028183ns          359579 1c0087b4 78cb77c3 fmadd.s          f15, f22, f12, f15  f15=xxxxxxxx f22:3f252c74 f12:bc35be2e f15:bed9cd86
21028203ns          359580 1c0087b8 00553763 p.bneimm         x10, 14             x10:00000004
21028283ns          359584 1c0087c6 1897f7d3 fdiv.s           f15, f15, f9        f15=xxxxxxxx f15:bedd779f  f9:3fa7d366
21028561ns          359598 1c0087ca a117a653 feq.s            x12, f15, f17       x12=00000000 f15:bea8e982 f17:00000000
21028581ns          359599 1c0087ce 6c060563 beq              x12, x0, 1738       x12:00000000
21028641ns          359602 1c008e98 20f797d3 fsgnjn.s         f15, f15, f15       f15=xxxxxxxx f15:bea8e982 f15:bea8e982
21028661ns          359603 1c008e9c 98f4f4c3 fmadd.s          f9, f9, f15, f19     f9=xxxxxxxx  f9:3fa7d366 f15:3ea8e982 f19:00000000
21028680ns          359604 1c008ea0 00972023 sw               x9, 0(x14)           x9:3edd779f x14:10001760  PA:10001760
21028700ns          359605 1c008ea2 0045a603 lw               x12, 4(x11)         x12=3eff4653 x11:10001738  PA:1000173c
21028740ns          359607 1c008ea4 a0f67a43 fmadd.s          f20, f12, f15, f20  f20=xxxxxxxx f12:3eff4653 f15:3ea8e982 f20:3df382c3
21028760ns          359608 1c008ea8 01472223 sw               x20, 4(x14)         x20:3e911830 x14:10001760  PA:10001764
21028780ns          359609 1c008eac 02252563 p.beqimm         x10, 42             x10:00000004
21028800ns          359610 1c008eb0 0085a603 lw               x12, 8(x11)         x12=3ef9f1ad x11:10001738  PA:10001740
21028820ns          359611 1c008eb2 00872483 lw               x9, 8(x14)           x9=bf7e2b06 x14:10001760  PA:10001768
21028859ns          359613 1c008eb4 48f67643 fmadd.s          f12, f12, f15, f9   f12=xxxxxxxx f12:3ef9f1ad f15:3ea8e982  f9:bf7e2b06
21028879ns          359614 1c008eb8 00c72423 sw               x12, 8(x14)         x12:bf54f061 x14:10001760  PA:10001768
21028899ns          359615 1c008eba 00352e63 p.beqimm         x10, 28             x10:00000004
21028919ns          359616 1c008ebe 00c5a603 lw               x12, 12(x11)        x12=3f252c74 x11:10001738  PA:10001744
21028939ns          359617 1c008ec0 00c72483 lw               x9, 12(x14)          x9=bc35be2e x14:10001760  PA:1000176c
21028979ns          359619 1c008ec2 48f67643 fmadd.s          f12, f12, f15, f9   f12=xxxxxxxx f12:3f252c74 f15:3ea8e982  f9:bc35be2e
21028999ns          359620 1c008ec6 00c72623 sw               x12, 12(x14)        x12:3e4e9bc8 x14:10001760  PA:1000176c
21029019ns          359621 1c008ec8 00553763 p.bneimm         x10, 14             x10:00000004
21029078ns          359624 1c008ed6 0005a483 lw               x9, 0(x11)           x9=3fa7d366 x11:10001738  PA:10001738
21029098ns          359625 1c008ed8 0045aa83 lw               x21, 4(x11)         x21=3eff4653 x11:10001738  PA:1000173c
21029118ns          359626 1c008edc 01470713 addi             x14, x14, 20        x14=10001774 x14:10001760
21029138ns          359627 1c008ede fff68693 addi             x13, x13, -1        x13=00000001 x13:00000002
21029158ns          359628 1c008ee0 8a0696e3 bne              x13, x0, -1876      x13:00000001
21029218ns          359631 1c00878c 00072983 lw               x19, 0(x14)         x19=00000000 x14:10001774  PA:10001774
21029237ns          359632 1c008790 00472a03 lw               x20, 4(x14)         x20=bf60f6b6 x14:10001774  PA:10001778
21029257ns          359633 1c008794 8934f7c3 fmadd.s          f15, f9, f19, f17   f15=xxxxxxxx  f9:3fa7d366 f19:00000000 f17:00000000
21029277ns          359634 1c008798 794af7c3 fmadd.s          f15, f21, f20, f15  f15=xxxxxxxx f21:3eff4653 f20:bf60f6b6 f15:00000000
21029297ns          359635 1c00879c 02252563 p.beqimm         x10, 42             x10:00000004
21029317ns          359636 1c0087a0 0085ab03 lw               x22, 8(x11)         x22=3ef9f1ad x11:10001738  PA:10001740
21029337ns          359637 1c0087a4 00872603 lw               x12, 8(x14)         x12=bde227ae x14:10001774  PA:1000177c
21029377ns          359639 1c0087a6 78cb77c3 fmadd.s          f15, f22, f12, f15  f15=xxxxxxxx f22:3ef9f1ad f12:bde227ae f15:bee0538c
21029397ns          359640 1c0087aa 00352e63 p.beqimm         x10, 28             x10:00000004
21029416ns          359641 1c0087ae 00c5ab03 lw               x22, 12(x11)        x22=3f252c74 x11:10001738  PA:10001744
21029436ns          359642 1c0087b2 00c72603 lw               x12, 12(x14)        x12=3eedb951 x14:10001774  PA:10001780
21029476ns          359644 1c0087b4 78cb77c3 fmadd.s          f15, f22, f12, f15  f15=xxxxxxxx f22:3f252c74 f12:3eedb951 f15:befbed4f
21029496ns          359645 1c0087b8 00553763 p.bneimm         x10, 14             x10:00000004
21029576ns          359649 1c0087c6 1897f7d3 fdiv.s           f15, f15, f9        f15=xxxxxxxx f15:be45172c  f9:3fa7d366
21029854ns          359663 1c0087ca a117a653 feq.s            x12, f15, f17       x12=00000000 f15:be1651f2 f17:00000000
21029874ns          359664 1c0087ce 6c060563 beq              x12, x0, 1738       x12:00000000
21029934ns          359667 1c008e98 20f797d3 fsgnjn.s         f15, f15, f15       f15=xxxxxxxx f15:be1651f2 f15:be1651f2
21029953ns          359668 1c008e9c 98f4f4c3 fmadd.s          f9, f9, f15, f19     f9=xxxxxxxx  f9:3fa7d366 f15:3e1651f2 f19:00000000
21029973ns          359669 1c008ea0 00972023 sw               x9, 0(x14)           x9:3e45172d x14:10001774  PA:10001774
21029993ns          359670 1c008ea2 0045a603 lw               x12, 4(x11)         x12=3eff4653 x11:10001738  PA:1000173c
21030033ns          359672 1c008ea4 a0f67a43 fmadd.s          f20, f12, f15, f20  f20=xxxxxxxx f12:3eff4653 f15:3e1651f2 f20:bf60f6b6
21030053ns          359673 1c008ea8 01472223 sw               x20, 4(x14)         x20:bf4e3a19 x14:10001774  PA:10001778
21030073ns          359674 1c008eac 02252563 p.beqimm         x10, 42             x10:00000004
21030093ns          359675 1c008eb0 0085a603 lw               x12, 8(x11)         x12=3ef9f1ad x11:10001738  PA:10001740
21030113ns          359676 1c008eb2 00872483 lw               x9, 8(x14)           x9=bde227ae x14:10001774  PA:1000177c
21030172ns          359679 1c008eb4 48f67643 fmadd.s          f12, f12, f15, f9   f12=xxxxxxxx f12:3ef9f1ad f15:3e1651f2  f9:bde227ae
21030192ns          359680 1c008eb8 00c72423 sw               x12, 8(x14)         x12:bd1ec822 x14:10001774  PA:1000177c
21030212ns          359681 1c008eba 00352e63 p.beqimm         x10, 28             x10:00000004
21030232ns          359682 1c008ebe 00c5a603 lw               x12, 12(x11)        x12=3f252c74 x11:10001738  PA:10001744
21030272ns          359684 1c008ec0 00c72483 lw               x9, 12(x14)          x9=3eedb951 x14:10001774  PA:10001780
21030312ns          359686 1c008ec2 48f67643 fmadd.s          f12, f12, f15, f9   f12=xxxxxxxx f12:3f252c74 f15:3e1651f2  f9:3eedb951
21030331ns          359687 1c008ec6 00c72623 sw               x12, 12(x14)        x12:3f0f1be3 x14:10001774  PA:10001780
21030351ns          359688 1c008ec8 00553763 p.bneimm         x10, 14             x10:00000004
21030411ns          359691 1c008ed6 0005a483 lw               x9, 0(x11)           x9=3fa7d366 x11:10001738  PA:10001738
21030431ns          359692 1c008ed8 0045aa83 lw               x21, 4(x11)         x21=3eff4653 x11:10001738  PA:1000173c
21030451ns          359693 1c008edc 01470713 addi             x14, x14, 20        x14=10001788 x14:10001774
21030471ns          359694 1c008ede fff68693 addi             x13, x13, -1        x13=00000000 x13:00000001
21030491ns          359695 1c008ee0 8a0696e3 bne              x13, x0, -1876      x13:00000000
21030510ns          359696 1c008ee4 8f5ff06f jal              x0, -1804          
21030550ns          359698 1c0087d8 209497d3 fsgnjn.s         f15, f9, f9         f15=xxxxxxxx  f9:3fa7d366  f9:3fa7d366
21030570ns          359699 1c0087dc 215a9753 fsgnjn.s         f14, f21, f21       f14=xxxxxxxx f21:3eff4653 f21:3eff4653
21030590ns          359700 1c0087e0 00f5a023 sw               x15, 0(x11)         x15:bfa7d366 x11:10001738  PA:10001738
21030610ns          359701 1c0087e2 00e5a223 sw               x14, 4(x11)         x14:beff4653 x11:10001738  PA:1000173c
21030630ns          359702 1c0087e4 7a252363 p.beqimm         x10, 1958           x10:00000004
21030650ns          359703 1c0087e8 0085a703 lw               x14, 8(x11)         x14=3ef9f1ad x11:10001738  PA:10001740
21030689ns          359705 1c0087ea 20e71753 fsgnjn.s         f14, f14, f14       f14=xxxxxxxx f14:3ef9f1ad f14:3ef9f1ad
21030709ns          359706 1c0087ee 00e5a423 sw               x14, 8(x11)         x14:bef9f1ad x11:10001738  PA:10001740
21030729ns          359707 1c0087f0 78352d63 p.beqimm         x10, 1946           x10:00000004
21030749ns          359708 1c0087f4 00c5a703 lw               x14, 12(x11)        x14=3f252c74 x11:10001738  PA:10001744
21030789ns          359710 1c0087f6 20e71753 fsgnjn.s         f14, f14, f14       f14=xxxxxxxx f14:3f252c74 f14:3f252c74
21030809ns          359711 1c0087fa 00e5a623 sw               x14, 12(x11)        x14:bf252c74 x11:10001738  PA:10001744
21030829ns          359712 1c0087fc 00552463 p.beqimm         x10, 8              x10:00000004
21030849ns          359713 1c008800 5370106f jal              x0, 7478           
21030968ns          359719 1c00a536 01c7f7d3 fadd.s           f15, f15, f28       f15=xxxxxxxx f15:bfa7d366 f28:3f800000
21030988ns          359720 1c00a53a 40a28733 sub              x14, x5, x10        x14=00000001  x5:00000005 x10:00000004
21031008ns          359721 1c00a53e 00f5a023 sw               x15, 0(x11)         x15:be9f4d98 x11:10001738  PA:10001738
21031047ns          359723 1c00a540 a59fe06f jal              x0, -5544          
21031087ns          359725 1c008f98 00082023 sw               x0, 0(x16)          x16:10001734  PA:10001734
21031107ns          359726 1c008f9c fa172b63 p.beqimm         x14, -2122          x14:00000001
21031187ns          359730 1c008752 ffc3278b p.lw             x15, -4(x6!)        x15=c183cc6b  x6=100015c0  x6:100015c4  PA:100015c4
21031207ns          359731 1c008756 fec80813 addi             x16, x16, -20       x16=10001720 x16:10001734
21031226ns          359732 1c008758 a117a7d3 feq.s            x15, f15, f17       x15=00000000 f15:c183cc6b f17:00000000
21031246ns          359733 1c00875c fe858593 addi             x11, x11, -24       x11=10001720 x11:10001738
21031266ns          359734 1c00875e 00150513 addi             x10, x10, 1         x10=00000005 x10:00000004
21031286ns          359735 1c008760 fc079be3 bne              x15, x0, -42        x15:00000000
21031306ns          359736 1c008762 00251693 slli             x13, x10, 0x2       x13=00000014 x10:00000005
21031326ns          359737 1c008766 01458713 addi             x14, x11, 20        x14=10001734 x11:10001720
21031346ns          359738 1c00876a 40df86b3 sub              x13, x31, x13       x13=10001784 x31:10001798 x13:00000014
21031366ns          359739 1c00876e 40e686b3 sub              x13, x13, x14       x13=00000050 x13:10001784 x14:10001734
21031386ns          359740 1c008770 fec68693 addi             x13, x13, -20       x13=0000003c x13:00000050
21031406ns          359741 1c008772 0cccd7b7 lui              x15, 0xcccd000      x15=0cccd000
21031425ns          359742 1c008776 0026d693 srli             x13, x13, 0x2       x13=0000000f x13:0000003c
21031445ns          359743 1c008778 ccd78793 addi             x15, x15, -819      x15=0ccccccd x15:0cccd000
21031465ns          359744 1c00877c 02f686b3 mul              x13, x13, x15       x13=c0000003 x13:0000000f x15:0ccccccd
21031485ns          359745 1c008780 c3e6b6b3 p.bclr           x13, x13, 1, 30     x13=00000003 x13:c0000003
21031505ns          359746 1c008784 0005a483 lw               x9, 0(x11)           x9=3fd7bcee x11:10001720  PA:10001720
21031525ns          359747 1c008786 0045aa83 lw               x21, 4(x11)         x21=3f05a474 x11:10001720  PA:10001724
21031545ns          359748 1c00878a 00168693 addi             x13, x13, 1         x13=00000004 x13:00000003
21031565ns          359749 1c00878c 00072983 lw               x19, 0(x14)         x19=00000000 x14:10001734  PA:10001734
21031585ns          359750 1c008790 00472a03 lw               x20, 4(x14)         x20=be9f4d98 x14:10001734  PA:10001738
21031604ns          359751 1c008794 8934f7c3 fmadd.s          f15, f9, f19, f17   f15=xxxxxxxx  f9:3fd7bcee f19:00000000 f17:00000000
21031624ns          359752 1c008798 794af7c3 fmadd.s          f15, f21, f20, f15  f15=xxxxxxxx f21:3f05a474 f20:be9f4d98 f15:00000000
21031644ns          359753 1c00879c 02252563 p.beqimm         x10, 42             x10:00000005
21031664ns          359754 1c0087a0 0085ab03 lw               x22, 8(x11)         x22=3ef79969 x11:10001720  PA:10001728
21031684ns          359755 1c0087a4 00872603 lw               x12, 8(x14)         x12=beff4653 x14:10001734  PA:1000173c
21031724ns          359757 1c0087a6 78cb77c3 fmadd.s          f15, f22, f12, f15  f15=xxxxxxxx f22:3ef79969 f12:beff4653 f15:be26534c
21031744ns          359758 1c0087aa 00352e63 p.beqimm         x10, 28             x10:00000005
21031764ns          359759 1c0087ae 00c5ab03 lw               x22, 12(x11)        x22=3de9329d x11:10001720  PA:1000172c
21031783ns          359760 1c0087b2 00c72603 lw               x12, 12(x14)        x12=bef9f1ad x14:10001734  PA:10001740
21031823ns          359762 1c0087b4 78cb77c3 fmadd.s          f15, f22, f12, f15  f15=xxxxxxxx f22:3de9329d f12:bef9f1ad f15:bece9c90
21031843ns          359763 1c0087b8 00553763 p.bneimm         x10, 14             x10:00000005
21031863ns          359764 1c0087bc 0105ab03 lw               x22, 16(x11)        x22=3dd4d6cb x11:10001720  PA:10001730
21031883ns          359765 1c0087c0 01072603 lw               x12, 16(x14)        x12=bf252c74 x14:10001734  PA:10001744
21031923ns          359767 1c0087c2 78cb77c3 fmadd.s          f15, f22, f12, f15  f15=xxxxxxxx f22:3dd4d6cb f12:bf252c74 f15:beeb125c
21031943ns          359768 1c0087c6 1897f7d3 fdiv.s           f15, f15, f9        f15=xxxxxxxx f15:bf06b39b  f9:3fd7bcee
21032579ns          359800 1c0087ca a117a653 feq.s            x12, f15, f17       x12=00000000 f15:be9fd717 f17:00000000
21032599ns          359801 1c0087ce 6c060563 beq              x12, x0, 1738       x12:00000000
21032659ns          359804 1c008e98 20f797d3 fsgnjn.s         f15, f15, f15       f15=xxxxxxxx f15:be9fd717 f15:be9fd717
21032679ns          359805 1c008e9c 98f4f4c3 fmadd.s          f9, f9, f15, f19     f9=xxxxxxxx  f9:3fd7bcee f15:3e9fd717 f19:00000000
21032698ns          359806 1c008ea0 00972023 sw               x9, 0(x14)           x9:3f06b39b x14:10001734  PA:10001734
21032718ns          359807 1c008ea2 0045a603 lw               x12, 4(x11)         x12=3f05a474 x11:10001720  PA:10001724
21032758ns          359809 1c008ea4 a0f67a43 fmadd.s          f20, f12, f15, f20  f20=xxxxxxxx f12:3f05a474 f15:3e9fd717 f20:be9f4d98
21032778ns          359810 1c008ea8 01472223 sw               x20, 4(x14)         x20:be17b856 x14:10001734  PA:10001738
21032798ns          359811 1c008eac 02252563 p.beqimm         x10, 42             x10:00000005
21032818ns          359812 1c008eb0 0085a603 lw               x12, 8(x11)         x12=3ef79969 x11:10001720  PA:10001728
21032838ns          359813 1c008eb2 00872483 lw               x9, 8(x14)           x9=beff4653 x14:10001734  PA:1000173c
21032877ns          359815 1c008eb4 48f67643 fmadd.s          f12, f12, f15, f9   f12=xxxxxxxx f12:3ef79969 f15:3e9fd717  f9:beff4653
21032897ns          359816 1c008eb8 00c72423 sw               x12, 8(x14)         x12:beb1fa2b x14:10001734  PA:1000173c
21032917ns          359817 1c008eba 00352e63 p.beqimm         x10, 28             x10:00000005
21032937ns          359818 1c008ebe 00c5a603 lw               x12, 12(x11)        x12=3de9329d x11:10001720  PA:1000172c
21032977ns          359820 1c008ec0 00c72483 lw               x9, 12(x14)          x9=bef9f1ad x14:10001734  PA:10001740
21033017ns          359822 1c008ec2 48f67643 fmadd.s          f12, f12, f15, f9   f12=xxxxxxxx f12:3de9329d f15:3e9fd717  f9:bef9f1ad
21033037ns          359823 1c008ec6 00c72623 sw               x12, 12(x14)        x12:bee7be61 x14:10001734  PA:10001740
21033056ns          359824 1c008ec8 00553763 p.bneimm         x10, 14             x10:00000005
21033076ns          359825 1c008ecc 0105a603 lw               x12, 16(x11)        x12=3dd4d6cb x11:10001720  PA:10001730
21033096ns          359826 1c008ece 01072483 lw               x9, 16(x14)          x9=bf252c74 x14:10001734  PA:10001744
21033136ns          359828 1c008ed0 48f677c3 fmadd.s          f15, f12, f15, f9   f15=xxxxxxxx f12:3dd4d6cb f15:3e9fd717  f9:bf252c74
21033156ns          359829 1c008ed4 00f72823 sw               x15, 16(x14)        x15:bf1cde30 x14:10001734  PA:10001744
21033176ns          359830 1c008ed6 0005a483 lw               x9, 0(x11)           x9=3fd7bcee x11:10001720  PA:10001720
21033196ns          359831 1c008ed8 0045aa83 lw               x21, 4(x11)         x21=3f05a474 x11:10001720  PA:10001724
21033216ns          359832 1c008edc 01470713 addi             x14, x14, 20        x14=10001748 x14:10001734
21033235ns          359833 1c008ede fff68693 addi             x13, x13, -1        x13=00000003 x13:00000004
21033255ns          359834 1c008ee0 8a0696e3 bne              x13, x0, -1876      x13:00000003
21033375ns          359840 1c00878c 00072983 lw               x19, 0(x14)         x19=00000000 x14:10001748  PA:10001748
21033395ns          359841 1c008790 00472a03 lw               x20, 4(x14)         x20=3f52f469 x14:10001748  PA:1000174c
21033414ns          359842 1c008794 8934f7c3 fmadd.s          f15, f9, f19, f17   f15=xxxxxxxx  f9:3fd7bcee f19:00000000 f17:00000000
21033434ns          359843 1c008798 794af7c3 fmadd.s          f15, f21, f20, f15  f15=xxxxxxxx f21:3f05a474 f20:3f52f469 f15:00000000
21033454ns          359844 1c00879c 02252563 p.beqimm         x10, 42             x10:00000005
21033474ns          359845 1c0087a0 0085ab03 lw               x22, 8(x11)         x22=3ef79969 x11:10001720  PA:10001728
21033494ns          359846 1c0087a4 00872603 lw               x12, 8(x14)         x12=be186c46 x14:10001748  PA:10001750
21033534ns          359848 1c0087a6 78cb77c3 fmadd.s          f15, f22, f12, f15  f15=xxxxxxxx f22:3ef79969 f12:be186c46 f15:3edc40fd
21033554ns          359849 1c0087aa 00352e63 p.beqimm         x10, 28             x10:00000005
21033574ns          359850 1c0087ae 00c5ab03 lw               x22, 12(x11)        x22=3de9329d x11:10001720  PA:1000172c
21033593ns          359851 1c0087b2 00c72603 lw               x12, 12(x14)        x12=3e85d032 x14:10001748  PA:10001754
21033633ns          359853 1c0087b4 78cb77c3 fmadd.s          f15, f22, f12, f15  f15=xxxxxxxx f22:3de9329d f12:3e85d032 f15:3eb76609
21033653ns          359854 1c0087b8 00553763 p.bneimm         x10, 14             x10:00000005
21033673ns          359855 1c0087bc 0105ab03 lw               x22, 16(x11)        x22=3dd4d6cb x11:10001720  PA:10001730
21033693ns          359856 1c0087c0 01072603 lw               x12, 16(x14)        x12=bef5cf2f x14:10001748  PA:10001758
21033733ns          359858 1c0087c2 78cb77c3 fmadd.s          f15, f22, f12, f15  f15=xxxxxxxx f22:3dd4d6cb f12:bef5cf2f f15:3ec6a2a7
21033753ns          359859 1c0087c6 1897f7d3 fdiv.s           f15, f15, f9        f15=xxxxxxxx f15:3ead16ed  f9:3fd7bcee
21034031ns          359873 1c0087ca a117a653 feq.s            x12, f15, f17       x12=00000000 f15:3e4d646e f17:00000000
21034051ns          359874 1c0087ce 6c060563 beq              x12, x0, 1738       x12:00000000
21034111ns          359877 1c008e98 20f797d3 fsgnjn.s         f15, f15, f15       f15=xxxxxxxx f15:3e4d646e f15:3e4d646e
21034131ns          359878 1c008e9c 98f4f4c3 fmadd.s          f9, f9, f15, f19     f9=xxxxxxxx  f9:3fd7bcee f15:be4d646e f19:00000000
21034150ns          359879 1c008ea0 00972023 sw               x9, 0(x14)           x9:bead16ed x14:10001748  PA:10001748
21034170ns          359880 1c008ea2 0045a603 lw               x12, 4(x11)         x12=3f05a474 x11:10001720  PA:10001724
21034210ns          359882 1c008ea4 a0f67a43 fmadd.s          f20, f12, f15, f20  f20=xxxxxxxx f12:3f05a474 f15:be4d646e f20:3f52f469
21034230ns          359883 1c008ea8 01472223 sw               x20, 4(x14)         x20:3f382621 x14:10001748  PA:1000174c
21034250ns          359884 1c008eac 02252563 p.beqimm         x10, 42             x10:00000005
21034270ns          359885 1c008eb0 0085a603 lw               x12, 8(x11)         x12=3ef79969 x11:10001720  PA:10001728
21034290ns          359886 1c008eb2 00872483 lw               x9, 8(x14)           x9=be186c46 x14:10001748  PA:10001750
21034329ns          359888 1c008eb4 48f67643 fmadd.s          f12, f12, f15, f9   f12=xxxxxxxx f12:3ef79969 f15:be4d646e  f9:be186c46
21034349ns          359889 1c008eb8 00c72423 sw               x12, 8(x14)         x12:be7bbfc4 x14:10001748  PA:10001750
21034369ns          359890 1c008eba 00352e63 p.beqimm         x10, 28             x10:00000005
21034389ns          359891 1c008ebe 00c5a603 lw               x12, 12(x11)        x12=3de9329d x11:10001720  PA:1000172c
21034409ns          359892 1c008ec0 00c72483 lw               x9, 12(x14)          x9=3e85d032 x14:10001748  PA:10001754
21034449ns          359894 1c008ec2 48f67643 fmadd.s          f12, f12, f15, f9   f12=xxxxxxxx f12:3de9329d f15:be4d646e  f9:3e85d032
21034469ns          359895 1c008ec6 00c72623 sw               x12, 12(x14)        x12:3e743d44 x14:10001748  PA:10001754
21034489ns          359896 1c008ec8 00553763 p.bneimm         x10, 14             x10:00000005
21034508ns          359897 1c008ecc 0105a603 lw               x12, 16(x11)        x12=3dd4d6cb x11:10001720  PA:10001730
21034528ns          359898 1c008ece 01072483 lw               x9, 16(x14)          x9=bef5cf2f x14:10001748  PA:10001758
21034568ns          359900 1c008ed0 48f677c3 fmadd.s          f15, f12, f15, f9   f15=xxxxxxxx f12:3dd4d6cb f15:be4d646e  f9:bef5cf2f
21034588ns          359901 1c008ed4 00f72823 sw               x15, 16(x14)        x15:bf003db3 x14:10001748  PA:10001758
21034608ns          359902 1c008ed6 0005a483 lw               x9, 0(x11)           x9=3fd7bcee x11:10001720  PA:10001720
21034628ns          359903 1c008ed8 0045aa83 lw               x21, 4(x11)         x21=3f05a474 x11:10001720  PA:10001724
21034648ns          359904 1c008edc 01470713 addi             x14, x14, 20        x14=1000175c x14:10001748
21034668ns          359905 1c008ede fff68693 addi             x13, x13, -1        x13=00000002 x13:00000003
21034687ns          359906 1c008ee0 8a0696e3 bne              x13, x0, -1876      x13:00000002
21034747ns          359909 1c00878c 00072983 lw               x19, 0(x14)         x19=00000000 x14:1000175c  PA:1000175c
21034767ns          359910 1c008790 00472a03 lw               x20, 4(x14)         x20=3edd779f x14:1000175c  PA:10001760
21034787ns          359911 1c008794 8934f7c3 fmadd.s          f15, f9, f19, f17   f15=xxxxxxxx  f9:3fd7bcee f19:00000000 f17:00000000
21034807ns          359912 1c008798 794af7c3 fmadd.s          f15, f21, f20, f15  f15=xxxxxxxx f21:3f05a474 f20:3edd779f f15:00000000
21034827ns          359913 1c00879c 02252563 p.beqimm         x10, 42             x10:00000005
21034847ns          359914 1c0087a0 0085ab03 lw               x22, 8(x11)         x22=3ef79969 x11:10001720  PA:10001728
21034866ns          359915 1c0087a4 00872603 lw               x12, 8(x14)         x12=3e911830 x14:1000175c  PA:10001764
21034906ns          359917 1c0087a6 78cb77c3 fmadd.s          f15, f22, f12, f15  f15=xxxxxxxx f22:3ef79969 f12:3e911830 f15:3e673ad5
21034926ns          359918 1c0087aa 00352e63 p.beqimm         x10, 28             x10:00000005
21034946ns          359919 1c0087ae 00c5ab03 lw               x22, 12(x11)        x22=3de9329d x11:10001720  PA:1000172c
21034966ns          359920 1c0087b2 00c72603 lw               x12, 12(x14)        x12=bf54f061 x14:1000175c  PA:10001768
21035006ns          359922 1c0087b4 78cb77c3 fmadd.s          f15, f22, f12, f15  f15=xxxxxxxx f22:3de9329d f12:bf54f061 f15:3eb9c80f
21035026ns          359923 1c0087b8 00553763 p.bneimm         x10, 14             x10:00000005
21035046ns          359924 1c0087bc 0105ab03 lw               x22, 16(x11)        x22=3dd4d6cb x11:10001720  PA:10001730
21035065ns          359925 1c0087c0 01072603 lw               x12, 16(x14)        x12=3e4e9bc8 x14:1000175c  PA:1000176c
21035105ns          359927 1c0087c2 78cb77c3 fmadd.s          f15, f22, f12, f15  f15=xxxxxxxx f22:3dd4d6cb f12:3e4e9bc8 f15:3e8949d7
21035125ns          359928 1c0087c6 1897f7d3 fdiv.s           f15, f15, f9        f15=xxxxxxxx f15:3e94063d  f9:3fd7bcee
21035404ns          359942 1c0087ca a117a653 feq.s            x12, f15, f17       x12=00000000 f15:3e2fa63b f17:00000000
21035423ns          359943 1c0087ce 6c060563 beq              x12, x0, 1738       x12:00000000
21035483ns          359946 1c008e98 20f797d3 fsgnjn.s         f15, f15, f15       f15=xxxxxxxx f15:3e2fa63b f15:3e2fa63b
21035503ns          359947 1c008e9c 98f4f4c3 fmadd.s          f9, f9, f15, f19     f9=xxxxxxxx  f9:3fd7bcee f15:be2fa63b f19:00000000
21035523ns          359948 1c008ea0 00972023 sw               x9, 0(x14)           x9:be94063d x14:1000175c  PA:1000175c
21035543ns          359949 1c008ea2 0045a603 lw               x12, 4(x11)         x12=3f05a474 x11:10001720  PA:10001724
21035583ns          359951 1c008ea4 a0f67a43 fmadd.s          f20, f12, f15, f20  f20=xxxxxxxx f12:3f05a474 f15:be2fa63b f20:3edd779f
21035602ns          359952 1c008ea8 01472223 sw               x20, 4(x14)         x20:3eaf9e86 x14:1000175c  PA:10001760
21035622ns          359953 1c008eac 02252563 p.beqimm         x10, 42             x10:00000005
21035642ns          359954 1c008eb0 0085a603 lw               x12, 8(x11)         x12=3ef79969 x11:10001720  PA:10001728
21035662ns          359955 1c008eb2 00872483 lw               x9, 8(x14)           x9=3e911830 x14:1000175c  PA:10001764
21035702ns          359957 1c008eb4 48f67643 fmadd.s          f12, f12, f15, f9   f12=xxxxxxxx f12:3ef79969 f15:be2fa63b  f9:3e911830
21035722ns          359958 1c008eb8 00c72423 sw               x12, 8(x14)         x12:3e4d3f0d x14:1000175c  PA:10001764
21035742ns          359959 1c008eba 00352e63 p.beqimm         x10, 28             x10:00000005
21035762ns          359960 1c008ebe 00c5a603 lw               x12, 12(x11)        x12=3de9329d x11:10001720  PA:1000172c
21035781ns          359961 1c008ec0 00c72483 lw               x9, 12(x14)          x9=bf54f061 x14:1000175c  PA:10001768
21035821ns          359963 1c008ec2 48f67643 fmadd.s          f12, f12, f15, f9   f12=xxxxxxxx f12:3de9329d f15:be2fa63b  f9:bf54f061
21035841ns          359964 1c008ec6 00c72623 sw               x12, 12(x14)        x12:bf59f069 x14:1000175c  PA:10001768
21035861ns          359965 1c008ec8 00553763 p.bneimm         x10, 14             x10:00000005
21035881ns          359966 1c008ecc 0105a603 lw               x12, 16(x11)        x12=3dd4d6cb x11:10001720  PA:10001730
21035901ns          359967 1c008ece 01072483 lw               x9, 16(x14)          x9=3e4e9bc8 x14:1000175c  PA:1000176c
21035941ns          359969 1c008ed0 48f677c3 fmadd.s          f15, f12, f15, f9   f15=xxxxxxxx f12:3dd4d6cb f15:be2fa63b  f9:3e4e9bc8
21035960ns          359970 1c008ed4 00f72823 sw               x15, 16(x14)        x15:3e3c5aa7 x14:1000175c  PA:1000176c
21035980ns          359971 1c008ed6 0005a483 lw               x9, 0(x11)           x9=3fd7bcee x11:10001720  PA:10001720
21036000ns          359972 1c008ed8 0045aa83 lw               x21, 4(x11)         x21=3f05a474 x11:10001720  PA:10001724
21036020ns          359973 1c008edc 01470713 addi             x14, x14, 20        x14=10001770 x14:1000175c
21036040ns          359974 1c008ede fff68693 addi             x13, x13, -1        x13=00000001 x13:00000002
21036060ns          359975 1c008ee0 8a0696e3 bne              x13, x0, -1876      x13:00000001
21036120ns          359978 1c00878c 00072983 lw               x19, 0(x14)         x19=00000000 x14:10001770  PA:10001770
21036140ns          359979 1c008790 00472a03 lw               x20, 4(x14)         x20=3e45172d x14:10001770  PA:10001774
21036159ns          359980 1c008794 8934f7c3 fmadd.s          f15, f9, f19, f17   f15=xxxxxxxx  f9:3fd7bcee f19:00000000 f17:00000000
21036179ns          359981 1c008798 794af7c3 fmadd.s          f15, f21, f20, f15  f15=xxxxxxxx f21:3f05a474 f20:3e45172d f15:00000000
21036199ns          359982 1c00879c 02252563 p.beqimm         x10, 42             x10:00000005
21036219ns          359983 1c0087a0 0085ab03 lw               x22, 8(x11)         x22=3ef79969 x11:10001720  PA:10001728
21036239ns          359984 1c0087a4 00872603 lw               x12, 8(x14)         x12=bf4e3a19 x14:10001770  PA:10001778
21036279ns          359986 1c0087a6 78cb77c3 fmadd.s          f15, f22, f12, f15  f15=xxxxxxxx f22:3ef79969 f12:bf4e3a19 f15:3dcdc74d
21036299ns          359987 1c0087aa 00352e63 p.beqimm         x10, 28             x10:00000005
21036319ns          359988 1c0087ae 00c5ab03 lw               x22, 12(x11)        x22=3de9329d x11:10001720  PA:1000172c
21036338ns          359989 1c0087b2 00c72603 lw               x12, 12(x14)        x12=bd1ec822 x14:10001770  PA:1000177c
21036378ns          359991 1c0087b4 78cb77c3 fmadd.s          f15, f22, f12, f15  f15=xxxxxxxx f22:3de9329d f12:bd1ec822 f15:be9403d0
21036398ns          359992 1c0087b8 00553763 p.bneimm         x10, 14             x10:00000005
21036418ns          359993 1c0087bc 0105ab03 lw               x22, 16(x11)        x22=3dd4d6cb x11:10001720  PA:10001730
21036438ns          359994 1c0087c0 01072603 lw               x12, 16(x14)        x12=3f0f1be3 x14:10001770  PA:10001780
21036478ns          359996 1c0087c2 78cb77c3 fmadd.s          f15, f22, f12, f15  f15=xxxxxxxx f22:3dd4d6cb f12:3f0f1be3 f15:be96465e
21036498ns          359997 1c0087c6 1897f7d3 fdiv.s           f15, f15, f9        f15=xxxxxxxx f15:be710f27  f9:3fd7bcee
21036776ns          360011 1c0087ca a117a653 feq.s            x12, f15, f17       x12=00000000 f15:be0f05fb f17:00000000
21036796ns          360012 1c0087ce 6c060563 beq              x12, x0, 1738       x12:00000000
21036856ns          360015 1c008e98 20f797d3 fsgnjn.s         f15, f15, f15       f15=xxxxxxxx f15:be0f05fb f15:be0f05fb
21036875ns          360016 1c008e9c 98f4f4c3 fmadd.s          f9, f9, f15, f19     f9=xxxxxxxx  f9:3fd7bcee f15:3e0f05fb f19:00000000
21036895ns          360017 1c008ea0 00972023 sw               x9, 0(x14)           x9:3e710f26 x14:10001770  PA:10001770
21036915ns          360018 1c008ea2 0045a603 lw               x12, 4(x11)         x12=3f05a474 x11:10001720  PA:10001724
21036955ns          360020 1c008ea4 a0f67a43 fmadd.s          f20, f12, f15, f20  f20=xxxxxxxx f12:3f05a474 f15:3e0f05fb f20:3e45172d
21036975ns          360021 1c008ea8 01472223 sw               x20, 4(x14)         x20:3e87e095 x14:10001770  PA:10001774
21036995ns          360022 1c008eac 02252563 p.beqimm         x10, 42             x10:00000005
21037015ns          360023 1c008eb0 0085a603 lw               x12, 8(x11)         x12=3ef79969 x11:10001720  PA:10001728
21037054ns          360025 1c008eb2 00872483 lw               x9, 8(x14)           x9=bf4e3a19 x14:10001770  PA:10001778
21037094ns          360027 1c008eb4 48f67643 fmadd.s          f12, f12, f15, f9   f12=xxxxxxxx f12:3ef79969 f15:3e0f05fb  f9:bf4e3a19
21037114ns          360028 1c008eb8 00c72423 sw               x12, 8(x14)         x12:bf3cef8a x14:10001770  PA:10001778
21037134ns          360029 1c008eba 00352e63 p.beqimm         x10, 28             x10:00000005
21037154ns          360030 1c008ebe 00c5a603 lw               x12, 12(x11)        x12=3de9329d x11:10001720  PA:1000172c
21037174ns          360031 1c008ec0 00c72483 lw               x9, 12(x14)          x9=bd1ec822 x14:10001770  PA:1000177c
21037214ns          360033 1c008ec2 48f67643 fmadd.s          f12, f12, f15, f9   f12=xxxxxxxx f12:3de9329d f15:3e0f05fb  f9:bd1ec822
21037233ns          360034 1c008ec6 00c72623 sw               x12, 12(x14)        x12:bcbb478c x14:10001770  PA:1000177c
21037253ns          360035 1c008ec8 00553763 p.bneimm         x10, 14             x10:00000005
21037273ns          360036 1c008ecc 0105a603 lw               x12, 16(x11)        x12=3dd4d6cb x11:10001720  PA:10001730
21037293ns          360037 1c008ece 01072483 lw               x9, 16(x14)          x9=3f0f1be3 x14:10001770  PA:10001780
21037333ns          360039 1c008ed0 48f677c3 fmadd.s          f15, f12, f15, f9   f15=xxxxxxxx f12:3dd4d6cb f15:3e0f05fb  f9:3f0f1be3
21037353ns          360040 1c008ed4 00f72823 sw               x15, 16(x14)        x15:3f12d32b x14:10001770  PA:10001780
21037373ns          360041 1c008ed6 0005a483 lw               x9, 0(x11)           x9=3fd7bcee x11:10001720  PA:10001720
21037393ns          360042 1c008ed8 0045aa83 lw               x21, 4(x11)         x21=3f05a474 x11:10001720  PA:10001724
21037413ns          360043 1c008edc 01470713 addi             x14, x14, 20        x14=10001784 x14:10001770
21037432ns          360044 1c008ede fff68693 addi             x13, x13, -1        x13=00000000 x13:00000001
21037452ns          360045 1c008ee0 8a0696e3 bne              x13, x0, -1876      x13:00000000
21037472ns          360046 1c008ee4 8f5ff06f jal              x0, -1804          
21037512ns          360048 1c0087d8 209497d3 fsgnjn.s         f15, f9, f9         f15=xxxxxxxx  f9:3fd7bcee  f9:3fd7bcee
21037532ns          360049 1c0087dc 215a9753 fsgnjn.s         f14, f21, f21       f14=xxxxxxxx f21:3f05a474 f21:3f05a474
21037552ns          360050 1c0087e0 00f5a023 sw               x15, 0(x11)         x15:bfd7bcee x11:10001720  PA:10001720
21037572ns          360051 1c0087e2 00e5a223 sw               x14, 4(x11)         x14:bf05a474 x11:10001720  PA:10001724
21037592ns          360052 1c0087e4 7a252363 p.beqimm         x10, 1958           x10:00000005
21037611ns          360053 1c0087e8 0085a703 lw               x14, 8(x11)         x14=3ef79969 x11:10001720  PA:10001728
21037651ns          360055 1c0087ea 20e71753 fsgnjn.s         f14, f14, f14       f14=xxxxxxxx f14:3ef79969 f14:3ef79969
21037671ns          360056 1c0087ee 00e5a423 sw               x14, 8(x11)         x14:bef79969 x11:10001720  PA:10001728
21037691ns          360057 1c0087f0 78352d63 p.beqimm         x10, 1946           x10:00000005
21037711ns          360058 1c0087f4 00c5a703 lw               x14, 12(x11)        x14=3de9329d x11:10001720  PA:1000172c
21037751ns          360060 1c0087f6 20e71753 fsgnjn.s         f14, f14, f14       f14=xxxxxxxx f14:3de9329d f14:3de9329d
21037771ns          360061 1c0087fa 00e5a623 sw               x14, 12(x11)        x14:bde9329d x11:10001720  PA:1000172c
21037790ns          360062 1c0087fc 00552463 p.beqimm         x10, 8              x10:00000005
21037850ns          360065 1c008804 01082783 lw               x15, 16(x16)        x15=3dd4d6cb x16:10001720  PA:10001730
21037890ns          360067 1c008808 20f797d3 fsgnjn.s         f15, f15, f15       f15=xxxxxxxx f15:3dd4d6cb f15:3dd4d6cb
21037910ns          360068 1c00880c 00f82823 sw               x15, 16(x16)        x15:bdd4d6cb x16:10001720  PA:10001730
21037950ns          360070 1c008810 0005a783 lw               x15, 0(x11)         x15=bfd7bcee x11:10001720  PA:10001720
21037989ns          360072 1c008812 0087f7d3 fadd.s           f15, f15, f8        f15=xxxxxxxx f15:bfd7bcee  f8:3f800000
21038009ns          360073 1c008816 00f5a023 sw               x15, 0(x11)         x15:bf2f79dc x11:10001720  PA:10001720
21038029ns          360074 1c008818 f2553de3 p.bneimm         x10, -198           x10:00000005
21038049ns          360075 1c00881c 1c000437 lui              x8, 0x1c000000       x8=1c000000
21038347ns          360090 1c008820 050d0593 addi             x11, x26, 80        x11=1000170c x26:100016bc
21038387ns          360092 1c008824 02042f03 lw               x30, 32(x8)         x30=3f800000  x8:1c000000  PA:1c000020
21038805ns          360113 1c008828 04cd0513 addi             x10, x26, 76        x10=10001708 x26:100016bc
21038825ns          360114 1c00882c 0005a023 sw               x0, 0(x11)          x11:1000170c  PA:1000170c
21038884ns          360117 1c008830 0005a223 sw               x0, 4(x11)          x11:1000170c  PA:10001710
21038924ns          360119 1c008834 0005a423 sw               x0, 8(x11)          x11:1000170c  PA:10001714
21038944ns          360120 1c008838 0005a623 sw               x0, 12(x11)         x11:1000170c  PA:10001718
21038964ns          360121 1c00883c 0005a823 sw               x0, 16(x11)         x11:1000170c  PA:1000171c
21039421ns          360144 1c008840 00100893 addi             x17, x0, 1          x17=00000001
21039461ns          360146 1c008842 01e52a23 sw               x30, 20(x10)        x30:3f800000 x10:10001708  PA:1000171c
21039481ns          360147 1c008846 04c10e13 addi             x28, x2, 76         x28=100015e4  x2:10001598
21039501ns          360148 1c00884a 00000313 addi             x6, x0, 0            x6=00000000
21039919ns          360169 1c00884e 078d0f93 addi             x31, x26, 120       x31=10001734 x26:100016bc
21039959ns          360171 1c008852 0258ad63 p.beqimm         x17, 58             x17:00000001
21039978ns          360172 1c008856 0018a963 p.beqimm         x17, 18             x17:00000001
21040515ns          360199 1c008868 fec58593 addi             x11, x11, -20       x11=100016f8 x11:1000170c
21040535ns          360200 1c00886a fe850513 addi             x10, x10, -24       x10=100016f0 x10:10001708
21040555ns          360201 1c00886c 0005a023 sw               x0, 0(x11)          x11:100016f8  PA:100016f8
21040953ns          360221 1c008870 0005a223 sw               x0, 4(x11)          x11:100016f8  PA:100016fc
21040993ns          360223 1c008874 0005a423 sw               x0, 8(x11)          x11:100016f8  PA:10001700
21041013ns          360224 1c008878 0005a623 sw               x0, 12(x11)         x11:100016f8  PA:10001704
21041033ns          360225 1c00887c 0005a823 sw               x0, 16(x11)         x11:100016f8  PA:10001708
21041490ns          360248 1c008880 00188893 addi             x17, x17, 1         x17=00000002 x17:00000001
21041530ns          360250 1c008882 01e52a23 sw               x30, 20(x10)        x30:3f800000 x10:100016f0  PA:10001704
21041550ns          360251 1c008886 ffce0e13 addi             x28, x28, -4        x28=100015e0 x28:100015e4
21041570ns          360252 1c008888 fc58b7e3 p.bneimm         x17, -50            x17:00000002
21042047ns          360276 1c008856 0018a963 p.beqimm         x17, 18             x17:00000002
21042067ns          360277 1c00885a 000e2783 lw               x15, 0(x28)         x15=c0bac3ff x28:100015e0  PA:100015e0
21042107ns          360279 1c00885e a067a7d3 feq.s            x15, f15, f6        x15=00000000 f15:c0bac3ff  f6:00000000
21042127ns          360280 1c008862 00079363 bne              x15, x0, 6          x15:00000000
21042147ns          360281 1c008864 56e0106f jal              x0, 5486           
21042644ns          360306 1c009dd2 00289713 slli             x14, x17, 0x2       x14=00000008 x17:00000002
21042664ns          360307 1c009dd6 01450693 addi             x13, x10, 20        x13=10001704 x10:100016f0
21042684ns          360308 1c009dda 40ef8733 sub              x14, x31, x14       x14=1000172c x31:10001734 x14:00000008
21042703ns          360309 1c009dde 40d70733 sub              x14, x14, x13       x14=00000028 x14:1000172c x13:10001704
21043161ns          360332 1c009de0 fec70713 addi             x14, x14, -20       x14=00000014 x14:00000028
21043201ns          360334 1c009de2 0cccd7b7 lui              x15, 0xcccd000      x15=0cccd000
21043221ns          360335 1c009de6 00275713 srli             x14, x14, 0x2       x14=00000005 x14:00000014
21043241ns          360336 1c009de8 ccd78793 addi             x15, x15, -819      x15=0ccccccd x15:0cccd000
21043260ns          360337 1c009dec 02f70733 mul              x14, x14, x15       x14=40000001 x14:00000005 x15:0ccccccd
21043658ns          360357 1c009df0 c3e73733 p.bclr           x14, x14, 1, 30     x14=00000001 x14:40000001
21043698ns          360359 1c009df4 00170713 addi             x14, x14, 1         x14=00000002 x14:00000001
21043718ns          360360 1c009df6 00052603 lw               x12, 0(x10)         x12=3ffb2bdd x10:100016f0  PA:100016f0
21043738ns          360361 1c009df8 0006a803 lw               x16, 0(x13)         x16=3f800000 x13:10001704  PA:10001704
21043758ns          360362 1c009dfc 0046a283 lw               x5, 4(x13)           x5=00000000 x13:10001704  PA:10001708
21044195ns          360384 1c009e00 310673c3 fmadd.s          f7, f12, f16, f6     f7=xxxxxxxx f12:3ffb2bdd f16:3f800000  f6:00000000
21044235ns          360386 1c009e04 00452783 lw               x15, 4(x10)         x15=be8b4d63 x10:100016f0  PA:100016f4
21044275ns          360388 1c009e06 3857f7c3 fmadd.s          f15, f15, f5, f7    f15=xxxxxxxx f15:be8b4d63  f5:00000000  f7:3ffb2bdd
21044295ns          360389 1c009e0a 0028ae63 p.beqimm         x17, 28             x17:00000002
21045210ns          360435 1c009e26 18c7f7d3 fdiv.s           f15, f15, f12       f15=xxxxxxxx f15:3ffb2bdd f12:3ffb2bdd
21045946ns          360472 1c009e2a a067a3d3 feq.s            x7, f15, f6          x7=00000000 f15:3f800000  f6:00000000
21045966ns          360473 1c009e2e 00038763 beq              x7, x0, 14           x7:00000000
21046025ns          360476 1c009e3c 20f797d3 fsgnjn.s         f15, f15, f15       f15=xxxxxxxx f15:3f800000 f15:3f800000
21046145ns          360482 1c009e40 80f67643 fmadd.s          f12, f12, f15, f16  f12=xxxxxxxx f12:3ffb2bdd f15:bf800000 f16:3f800000
21046184ns          360484 1c009e44 00c6a023 sw               x12, 0(x13)         x12:bf7657ba x13:10001704  PA:10001704
21046204ns          360485 1c009e46 00452603 lw               x12, 4(x10)         x12=be8b4d63 x10:100016f0  PA:100016f4
21046244ns          360487 1c009e48 28f672c3 fmadd.s          f5, f12, f15, f5     f5=xxxxxxxx f12:be8b4d63 f15:bf800000  f5:00000000
21046264ns          360488 1c009e4c 0056a223 sw               x5, 4(x13)           x5:3e8b4d63 x13:10001704  PA:10001708
21046662ns          360508 1c009e50 fe28a1e3 p.beqimm         x17, -30            x17:00000002
21046721ns          360511 1c009e32 01468693 addi             x13, x13, 20        x13=10001718 x13:10001704
21046741ns          360512 1c009e34 fff70713 addi             x14, x14, -1        x14=00000001 x14:00000002
21046761ns          360513 1c009e36 fc0710e3 bne              x14, x0, -64        x14:00000001
21046821ns          360516 1c009df6 00052603 lw               x12, 0(x10)         x12=3ffb2bdd x10:100016f0  PA:100016f0
21046841ns          360517 1c009df8 0006a803 lw               x16, 0(x13)         x16=00000000 x13:10001718  PA:10001718
21046861ns          360518 1c009dfc 0046a283 lw               x5, 4(x13)           x5=3f800000 x13:10001718  PA:1000171c
21046881ns          360519 1c009e00 310673c3 fmadd.s          f7, f12, f16, f6     f7=xxxxxxxx f12:3ffb2bdd f16:00000000  f6:00000000
21046900ns          360520 1c009e04 00452783 lw               x15, 4(x10)         x15=be8b4d63 x10:100016f0  PA:100016f4
21046940ns          360522 1c009e06 3857f7c3 fmadd.s          f15, f15, f5, f7    f15=xxxxxxxx f15:be8b4d63  f5:3f800000  f7:00000000
21046960ns          360523 1c009e0a 0028ae63 p.beqimm         x17, 28             x17:00000002
21047040ns          360527 1c009e26 18c7f7d3 fdiv.s           f15, f15, f12       f15=xxxxxxxx f15:be8b4d63 f12:3ffb2bdd
21047795ns          360565 1c009e2a a067a3d3 feq.s            x7, f15, f6          x7=00000000 f15:be0dfaf6  f6:00000000
21047815ns          360566 1c009e2e 00038763 beq              x7, x0, 14           x7:00000000
21047875ns          360569 1c009e3c 20f797d3 fsgnjn.s         f15, f15, f15       f15=xxxxxxxx f15:be0dfaf6 f15:be0dfaf6
21047895ns          360570 1c009e40 80f67643 fmadd.s          f12, f12, f15, f16  f12=xxxxxxxx f12:3ffb2bdd f15:3e0dfaf6 f16:00000000
21047915ns          360571 1c009e44 00c6a023 sw               x12, 0(x13)         x12:3e8b4d63 x13:10001718  PA:10001718
21047935ns          360572 1c009e46 00452603 lw               x12, 4(x10)         x12=be8b4d63 x10:100016f0  PA:100016f4
21047975ns          360574 1c009e48 28f672c3 fmadd.s          f5, f12, f15, f5     f5=xxxxxxxx f12:be8b4d63 f15:3e0dfaf6  f5:3f800000
21047994ns          360575 1c009e4c 0056a223 sw               x5, 4(x13)           x5:3f7657ba x13:10001718  PA:1000171c
21048014ns          360576 1c009e50 fe28a1e3 p.beqimm         x17, -30            x17:00000002
21048134ns          360582 1c009e32 01468693 addi             x13, x13, 20        x13=1000172c x13:10001718
21048154ns          360583 1c009e34 fff70713 addi             x14, x14, -1        x14=00000000 x14:00000001
21048173ns          360584 1c009e36 fc0710e3 bne              x14, x0, -64        x14:00000000
21048193ns          360585 1c009e38 a31fe06f jal              x0, -5584          
21048273ns          360589 1c008868 fec58593 addi             x11, x11, -20       x11=100016e4 x11:100016f8
21048293ns          360590 1c00886a fe850513 addi             x10, x10, -24       x10=100016d8 x10:100016f0
21048313ns          360591 1c00886c 0005a023 sw               x0, 0(x11)          x11:100016e4  PA:100016e4
21048333ns          360592 1c008870 0005a223 sw               x0, 4(x11)          x11:100016e4  PA:100016e8
21048352ns          360593 1c008874 0005a423 sw               x0, 8(x11)          x11:100016e4  PA:100016ec
21048372ns          360594 1c008878 0005a623 sw               x0, 12(x11)         x11:100016e4  PA:100016f0
21048392ns          360595 1c00887c 0005a823 sw               x0, 16(x11)         x11:100016e4  PA:100016f4
21048412ns          360596 1c008880 00188893 addi             x17, x17, 1         x17=00000003 x17:00000002
21048432ns          360597 1c008882 01e52a23 sw               x30, 20(x10)        x30:3f800000 x10:100016d8  PA:100016ec
21048452ns          360598 1c008886 ffce0e13 addi             x28, x28, -4        x28=100015dc x28:100015e0
21048472ns          360599 1c008888 fc58b7e3 p.bneimm         x17, -50            x17:00000003
21048651ns          360608 1c008856 0018a963 p.beqimm         x17, 18             x17:00000003
21048671ns          360609 1c00885a 000e2783 lw               x15, 0(x28)         x15=40f6debb x28:100015dc  PA:100015dc
21048710ns          360611 1c00885e a067a7d3 feq.s            x15, f15, f6        x15=00000000 f15:40f6debb  f6:00000000
21048730ns          360612 1c008862 00079363 bne              x15, x0, 6          x15:00000000
21048750ns          360613 1c008864 56e0106f jal              x0, 5486           
21048810ns          360616 1c009dd2 00289713 slli             x14, x17, 0x2       x14=0000000c x17:00000003
21048830ns          360617 1c009dd6 01450693 addi             x13, x10, 20        x13=100016ec x10:100016d8
21048850ns          360618 1c009dda 40ef8733 sub              x14, x31, x14       x14=10001728 x31:10001734 x14:0000000c
21048870ns          360619 1c009dde 40d70733 sub              x14, x14, x13       x14=0000003c x14:10001728 x13:100016ec
21048909ns          360621 1c009de0 fec70713 addi             x14, x14, -20       x14=00000028 x14:0000003c
21048949ns          360623 1c009de2 0cccd7b7 lui              x15, 0xcccd000      x15=0cccd000
21048969ns          360624 1c009de6 00275713 srli             x14, x14, 0x2       x14=0000000a x14:00000028
21048989ns          360625 1c009de8 ccd78793 addi             x15, x15, -819      x15=0ccccccd x15:0cccd000
21049009ns          360626 1c009dec 02f70733 mul              x14, x14, x15       x14=80000002 x14:0000000a x15:0ccccccd
21049029ns          360627 1c009df0 c3e73733 p.bclr           x14, x14, 1, 30     x14=00000002 x14:80000002
21049049ns          360628 1c009df4 00170713 addi             x14, x14, 1         x14=00000003 x14:00000002
21049068ns          360629 1c009df6 00052603 lw               x12, 0(x10)         x12=3fd34a34 x10:100016d8  PA:100016d8
21049088ns          360630 1c009df8 0006a803 lw               x16, 0(x13)         x16=3f800000 x13:100016ec  PA:100016ec
21049108ns          360631 1c009dfc 0046a283 lw               x5, 4(x13)           x5=00000000 x13:100016ec  PA:100016f0
21049128ns          360632 1c009e00 310673c3 fmadd.s          f7, f12, f16, f6     f7=xxxxxxxx f12:3fd34a34 f16:3f800000  f6:00000000
21049148ns          360633 1c009e04 00452783 lw               x15, 4(x10)         x15=3f049eea x10:100016d8  PA:100016dc
21049188ns          360635 1c009e06 3857f7c3 fmadd.s          f15, f15, f5, f7    f15=xxxxxxxx f15:3f049eea  f5:00000000  f7:3fd34a34
21049208ns          360636 1c009e0a 0028ae63 p.beqimm         x17, 28             x17:00000003
21049228ns          360637 1c009e0e 0086a383 lw               x7, 8(x13)           x7=00000000 x13:100016ec  PA:100016f4
21049248ns          360638 1c009e12 00852403 lw               x8, 8(x10)           x8=3f0e1f77 x10:100016d8  PA:100016e0
21049287ns          360640 1c009e14 787477c3 fmadd.s          f15, f8, f7, f15    f15=xxxxxxxx  f8:3f0e1f77  f7:00000000 f15:3fd34a34
21049307ns          360641 1c009e18 0048b763 p.bneimm         x17, 14             x17:00000003
21049387ns          360645 1c009e26 18c7f7d3 fdiv.s           f15, f15, f12       f15=xxxxxxxx f15:3fd34a34 f12:3fd34a34
21050003ns          360676 1c009e2a a067a3d3 feq.s            x7, f15, f6          x7=00000000 f15:3f800000  f6:00000000
21050023ns          360677 1c009e2e 00038763 beq              x7, x0, 14           x7:00000000
21050083ns          360680 1c009e3c 20f797d3 fsgnjn.s         f15, f15, f15       f15=xxxxxxxx f15:3f800000 f15:3f800000
21050103ns          360681 1c009e40 80f67643 fmadd.s          f12, f12, f15, f16  f12=xxxxxxxx f12:3fd34a34 f15:bf800000 f16:3f800000
21050123ns          360682 1c009e44 00c6a023 sw               x12, 0(x13)         x12:bf269468 x13:100016ec  PA:100016ec
21050143ns          360683 1c009e46 00452603 lw               x12, 4(x10)         x12=3f049eea x10:100016d8  PA:100016dc
21050182ns          360685 1c009e48 28f672c3 fmadd.s          f5, f12, f15, f5     f5=xxxxxxxx f12:3f049eea f15:bf800000  f5:00000000
21050202ns          360686 1c009e4c 0056a223 sw               x5, 4(x13)           x5:bf049eea x13:100016ec  PA:100016f0
21050222ns          360687 1c009e50 fe28a1e3 p.beqimm         x17, -30            x17:00000003
21050242ns          360688 1c009e54 00852603 lw               x12, 8(x10)         x12=3f0e1f77 x10:100016d8  PA:100016e0
21050262ns          360689 1c009e56 0086a803 lw               x16, 8(x13)         x16=00000000 x13:100016ec  PA:100016f4
21050302ns          360691 1c009e5a 80f67643 fmadd.s          f12, f12, f15, f16  f12=xxxxxxxx f12:3f0e1f77 f15:bf800000 f16:00000000
21050322ns          360692 1c009e5e 00c6a423 sw               x12, 8(x13)         x12:bf0e1f77 x13:100016ec  PA:100016f4
21050342ns          360693 1c009e60 fc48b9e3 p.bneimm         x17, -46            x17:00000003
21050461ns          360699 1c009e32 01468693 addi             x13, x13, 20        x13=10001700 x13:100016ec
21050481ns          360700 1c009e34 fff70713 addi             x14, x14, -1        x14=00000002 x14:00000003
21050501ns          360701 1c009e36 fc0710e3 bne              x14, x0, -64        x14:00000002
21050560ns          360704 1c009df6 00052603 lw               x12, 0(x10)         x12=3fd34a34 x10:100016d8  PA:100016d8
21050580ns          360705 1c009df8 0006a803 lw               x16, 0(x13)         x16=00000000 x13:10001700  PA:10001700
21050600ns          360706 1c009dfc 0046a283 lw               x5, 4(x13)           x5=bf7657ba x13:10001700  PA:10001704
21050620ns          360707 1c009e00 310673c3 fmadd.s          f7, f12, f16, f6     f7=xxxxxxxx f12:3fd34a34 f16:00000000  f6:00000000
21050640ns          360708 1c009e04 00452783 lw               x15, 4(x10)         x15=3f049eea x10:100016d8  PA:100016dc
21050680ns          360710 1c009e06 3857f7c3 fmadd.s          f15, f15, f5, f7    f15=xxxxxxxx f15:3f049eea  f5:bf7657ba  f7:00000000
21050700ns          360711 1c009e0a 0028ae63 p.beqimm         x17, 28             x17:00000003
21050719ns          360712 1c009e0e 0086a383 lw               x7, 8(x13)           x7=3e8b4d63 x13:10001700  PA:10001708
21050739ns          360713 1c009e12 00852403 lw               x8, 8(x10)           x8=3f0e1f77 x10:100016d8  PA:100016e0
21050779ns          360715 1c009e14 787477c3 fmadd.s          f15, f8, f7, f15    f15=xxxxxxxx  f8:3f0e1f77  f7:3e8b4d63 f15:beff3c4e
21050799ns          360716 1c009e18 0048b763 p.bneimm         x17, 14             x17:00000003
21050879ns          360720 1c009e26 18c7f7d3 fdiv.s           f15, f15, f12       f15=xxxxxxxx f15:beb1e642 f12:3fd34a34
21051237ns          360738 1c009e2a a067a3d3 feq.s            x7, f15, f6          x7=00000000 f15:be578b42  f6:00000000
21051256ns          360739 1c009e2e 00038763 beq              x7, x0, 14           x7:00000000
21051316ns          360742 1c009e3c 20f797d3 fsgnjn.s         f15, f15, f15       f15=xxxxxxxx f15:be578b42 f15:be578b42
21051336ns          360743 1c009e40 80f67643 fmadd.s          f12, f12, f15, f16  f12=xxxxxxxx f12:3fd34a34 f15:3e578b42 f16:00000000
21051356ns          360744 1c009e44 00c6a023 sw               x12, 0(x13)         x12:3eb1e641 x13:10001700  PA:10001700
21051376ns          360745 1c009e46 00452603 lw               x12, 4(x10)         x12=3f049eea x10:100016d8  PA:100016dc
21051416ns          360747 1c009e48 28f672c3 fmadd.s          f5, f12, f15, f5     f5=xxxxxxxx f12:3f049eea f15:3e578b42  f5:bf7657ba
21051435ns          360748 1c009e4c 0056a223 sw               x5, 4(x13)           x5:bf5a6d53 x13:10001700  PA:10001704
21051455ns          360749 1c009e50 fe28a1e3 p.beqimm         x17, -30            x17:00000003
21051475ns          360750 1c009e54 00852603 lw               x12, 8(x10)         x12=3f0e1f77 x10:100016d8  PA:100016e0
21051495ns          360751 1c009e56 0086a803 lw               x16, 8(x13)         x16=3e8b4d63 x13:10001700  PA:10001708
21051535ns          360753 1c009e5a 80f67643 fmadd.s          f12, f12, f15, f16  f12=xxxxxxxx f12:3f0e1f77 f15:3e578b42 f16:3e8b4d63
21051555ns          360754 1c009e5e 00c6a423 sw               x12, 8(x13)         x12:3ec72241 x13:10001700  PA:10001708
21051575ns          360755 1c009e60 fc48b9e3 p.bneimm         x17, -46            x17:00000003
21051634ns          360758 1c009e32 01468693 addi             x13, x13, 20        x13=10001714 x13:10001700
21051654ns          360759 1c009e34 fff70713 addi             x14, x14, -1        x14=00000001 x14:00000002
21051674ns          360760 1c009e36 fc0710e3 bne              x14, x0, -64        x14:00000001
21051734ns          360763 1c009df6 00052603 lw               x12, 0(x10)         x12=3fd34a34 x10:100016d8  PA:100016d8
21051754ns          360764 1c009df8 0006a803 lw               x16, 0(x13)         x16=00000000 x13:10001714  PA:10001714
21051774ns          360765 1c009dfc 0046a283 lw               x5, 4(x13)           x5=3e8b4d63 x13:10001714  PA:10001718
21051794ns          360766 1c009e00 310673c3 fmadd.s          f7, f12, f16, f6     f7=xxxxxxxx f12:3fd34a34 f16:00000000  f6:00000000
21051813ns          360767 1c009e04 00452783 lw               x15, 4(x10)         x15=3f049eea x10:100016d8  PA:100016dc
21051853ns          360769 1c009e06 3857f7c3 fmadd.s          f15, f15, f5, f7    f15=xxxxxxxx f15:3f049eea  f5:3e8b4d63  f7:00000000
21051873ns          360770 1c009e0a 0028ae63 p.beqimm         x17, 28             x17:00000003
21051893ns          360771 1c009e0e 0086a383 lw               x7, 8(x13)           x7=3f7657ba x13:10001714  PA:1000171c
21051913ns          360772 1c009e12 00852403 lw               x8, 8(x10)           x8=3f0e1f77 x10:100016d8  PA:100016e0
21051953ns          360774 1c009e14 787477c3 fmadd.s          f15, f8, f7, f15    f15=xxxxxxxx  f8:3f0e1f77  f7:3f7657ba f15:3e1054c0
21051973ns          360775 1c009e18 0048b763 p.bneimm         x17, 14             x17:00000003
21052052ns          360779 1c009e26 18c7f7d3 fdiv.s           f15, f15, f12       f15=xxxxxxxx f15:3f2cd820 f12:3fd34a34
21052350ns          360794 1c009e2a a067a3d3 feq.s            x7, f15, f6          x7=00000000 f15:3ed16b48  f6:00000000
21052370ns          360795 1c009e2e 00038763 beq              x7, x0, 14           x7:00000000
21052430ns          360798 1c009e3c 20f797d3 fsgnjn.s         f15, f15, f15       f15=xxxxxxxx f15:3ed16b48 f15:3ed16b48
21052450ns          360799 1c009e40 80f67643 fmadd.s          f12, f12, f15, f16  f12=xxxxxxxx f12:3fd34a34 f15:bed16b48 f16:00000000
21052470ns          360800 1c009e44 00c6a023 sw               x12, 0(x13)         x12:bf2cd820 x13:10001714  PA:10001714
21052510ns          360802 1c009e46 00452603 lw               x12, 4(x10)         x12=3f049eea x10:100016d8  PA:100016dc
21052549ns          360804 1c009e48 28f672c3 fmadd.s          f5, f12, f15, f5     f5=xxxxxxxx f12:3f049eea f15:bed16b48  f5:3e8b4d63
21052569ns          360805 1c009e4c 0056a223 sw               x5, 4(x13)           x5:3d768092 x13:10001714  PA:10001718
21052589ns          360806 1c009e50 fe28a1e3 p.beqimm         x17, -30            x17:00000003
21052609ns          360807 1c009e54 00852603 lw               x12, 8(x10)         x12=3f0e1f77 x10:100016d8  PA:100016e0
21052629ns          360808 1c009e56 0086a803 lw               x16, 8(x13)         x16=3f7657ba x13:10001714  PA:1000171c
21052669ns          360810 1c009e5a 80f67643 fmadd.s          f12, f12, f15, f16  f12=xxxxxxxx f12:3f0e1f77 f15:bed16b48 f16:3f7657ba
21052689ns          360811 1c009e5e 00c6a423 sw               x12, 8(x13)         x12:3f3c361a x13:10001714  PA:1000171c
21052709ns          360812 1c009e60 fc48b9e3 p.bneimm         x17, -46            x17:00000003
21052768ns          360815 1c009e32 01468693 addi             x13, x13, 20        x13=10001728 x13:10001714
21052788ns          360816 1c009e34 fff70713 addi             x14, x14, -1        x14=00000000 x14:00000001
21052808ns          360817 1c009e36 fc0710e3 bne              x14, x0, -64        x14:00000000
21052828ns          360818 1c009e38 a31fe06f jal              x0, -5584          
21052868ns          360820 1c008868 fec58593 addi             x11, x11, -20       x11=100016d0 x11:100016e4
21052888ns          360821 1c00886a fe850513 addi             x10, x10, -24       x10=100016c0 x10:100016d8
21052907ns          360822 1c00886c 0005a023 sw               x0, 0(x11)          x11:100016d0  PA:100016d0
21052927ns          360823 1c008870 0005a223 sw               x0, 4(x11)          x11:100016d0  PA:100016d4
21052947ns          360824 1c008874 0005a423 sw               x0, 8(x11)          x11:100016d0  PA:100016d8
21052967ns          360825 1c008878 0005a623 sw               x0, 12(x11)         x11:100016d0  PA:100016dc
21052987ns          360826 1c00887c 0005a823 sw               x0, 16(x11)         x11:100016d0  PA:100016e0
21053007ns          360827 1c008880 00188893 addi             x17, x17, 1         x17=00000004 x17:00000003
21053027ns          360828 1c008882 01e52a23 sw               x30, 20(x10)        x30:3f800000 x10:100016c0  PA:100016d4
21053047ns          360829 1c008886 ffce0e13 addi             x28, x28, -4        x28=100015d8 x28:100015dc
21053067ns          360830 1c008888 fc58b7e3 p.bneimm         x17, -50            x17:00000004
21053146ns          360834 1c008856 0018a963 p.beqimm         x17, 18             x17:00000004
21053166ns          360835 1c00885a 000e2783 lw               x15, 0(x28)         x15=41c9b797 x28:100015d8  PA:100015d8
21053206ns          360837 1c00885e a067a7d3 feq.s            x15, f15, f6        x15=00000000 f15:41c9b797  f6:00000000
21053226ns          360838 1c008862 00079363 bne              x15, x0, 6          x15:00000000
21053246ns          360839 1c008864 56e0106f jal              x0, 5486           
21053305ns          360842 1c009dd2 00289713 slli             x14, x17, 0x2       x14=00000010 x17:00000004
21053325ns          360843 1c009dd6 01450693 addi             x13, x10, 20        x13=100016d4 x10:100016c0
21053345ns          360844 1c009dda 40ef8733 sub              x14, x31, x14       x14=10001724 x31:10001734 x14:00000010
21053365ns          360845 1c009dde 40d70733 sub              x14, x14, x13       x14=00000050 x14:10001724 x13:100016d4
21053385ns          360846 1c009de0 fec70713 addi             x14, x14, -20       x14=0000003c x14:00000050
21053405ns          360847 1c009de2 0cccd7b7 lui              x15, 0xcccd000      x15=0cccd000
21053425ns          360848 1c009de6 00275713 srli             x14, x14, 0x2       x14=0000000f x14:0000003c
21053444ns          360849 1c009de8 ccd78793 addi             x15, x15, -819      x15=0ccccccd x15:0cccd000
21053464ns          360850 1c009dec 02f70733 mul              x14, x14, x15       x14=c0000003 x14:0000000f x15:0ccccccd
21053484ns          360851 1c009df0 c3e73733 p.bclr           x14, x14, 1, 30     x14=00000003 x14:c0000003
21053504ns          360852 1c009df4 00170713 addi             x14, x14, 1         x14=00000004 x14:00000003
21053524ns          360853 1c009df6 00052603 lw               x12, 0(x10)         x12=3fd87279 x10:100016c0  PA:100016c0
21053544ns          360854 1c009df8 0006a803 lw               x16, 0(x13)         x16=3f800000 x13:100016d4  PA:100016d4
21053564ns          360855 1c009dfc 0046a283 lw               x5, 4(x13)           x5=00000000 x13:100016d4  PA:100016d8
21053584ns          360856 1c009e00 310673c3 fmadd.s          f7, f12, f16, f6     f7=xxxxxxxx f12:3fd87279 f16:3f800000  f6:00000000
21053604ns          360857 1c009e04 00452783 lw               x15, 4(x10)         x15=3ee38e71 x10:100016c0  PA:100016c4
21053643ns          360859 1c009e06 3857f7c3 fmadd.s          f15, f15, f5, f7    f15=xxxxxxxx f15:3ee38e71  f5:00000000  f7:3fd87279
21053663ns          360860 1c009e0a 0028ae63 p.beqimm         x17, 28             x17:00000004
21053683ns          360861 1c009e0e 0086a383 lw               x7, 8(x13)           x7=00000000 x13:100016d4  PA:100016dc
21053703ns          360862 1c009e12 00852403 lw               x8, 8(x10)           x8=3f0659db x10:100016c0  PA:100016c8
21053743ns          360864 1c009e14 787477c3 fmadd.s          f15, f8, f7, f15    f15=xxxxxxxx  f8:3f0659db  f7:00000000 f15:3fd87279
21053763ns          360865 1c009e18 0048b763 p.bneimm         x17, 14             x17:00000004
21053783ns          360866 1c009e1c 00c52403 lw               x8, 12(x10)          x8=3e63fd7b x10:100016c0  PA:100016cc
21053802ns          360867 1c009e1e 00c6a383 lw               x7, 12(x13)          x7=00000000 x13:100016d4  PA:100016e0
21053842ns          360869 1c009e22 787477c3 fmadd.s          f15, f8, f7, f15    f15=xxxxxxxx  f8:3e63fd7b  f7:00000000 f15:3fd87279
21053862ns          360870 1c009e26 18c7f7d3 fdiv.s           f15, f15, f12       f15=xxxxxxxx f15:3fd87279 f12:3fd87279
21054161ns          360885 1c009e2a a067a3d3 feq.s            x7, f15, f6          x7=00000000 f15:3f800000  f6:00000000
21054180ns          360886 1c009e2e 00038763 beq              x7, x0, 14           x7:00000000
21054240ns          360889 1c009e3c 20f797d3 fsgnjn.s         f15, f15, f15       f15=xxxxxxxx f15:3f800000 f15:3f800000
21054260ns          360890 1c009e40 80f67643 fmadd.s          f12, f12, f15, f16  f12=xxxxxxxx f12:3fd87279 f15:bf800000 f16:3f800000
21054280ns          360891 1c009e44 00c6a023 sw               x12, 0(x13)         x12:bf30e4f2 x13:100016d4  PA:100016d4
21054300ns          360892 1c009e46 00452603 lw               x12, 4(x10)         x12=3ee38e71 x10:100016c0  PA:100016c4
21054340ns          360894 1c009e48 28f672c3 fmadd.s          f5, f12, f15, f5     f5=xxxxxxxx f12:3ee38e71 f15:bf800000  f5:00000000
21054359ns          360895 1c009e4c 0056a223 sw               x5, 4(x13)           x5:bee38e71 x13:100016d4  PA:100016d8
21054379ns          360896 1c009e50 fe28a1e3 p.beqimm         x17, -30            x17:00000004
21054399ns          360897 1c009e54 00852603 lw               x12, 8(x10)         x12=3f0659db x10:100016c0  PA:100016c8
21054419ns          360898 1c009e56 0086a803 lw               x16, 8(x13)         x16=00000000 x13:100016d4  PA:100016dc
21054459ns          360900 1c009e5a 80f67643 fmadd.s          f12, f12, f15, f16  f12=xxxxxxxx f12:3f0659db f15:bf800000 f16:00000000
21054479ns          360901 1c009e5e 00c6a423 sw               x12, 8(x13)         x12:bf0659db x13:100016d4  PA:100016dc
21054499ns          360902 1c009e60 fc48b9e3 p.bneimm         x17, -46            x17:00000004
21054519ns          360903 1c009e64 00c6a803 lw               x16, 12(x13)        x16=00000000 x13:100016d4  PA:100016e0
21054538ns          360904 1c009e68 00c52603 lw               x12, 12(x10)        x12=3e63fd7b x10:100016c0  PA:100016cc
21054558ns          360905 1c009e6a 01468693 addi             x13, x13, 20        x13=100016e8 x13:100016d4
21054578ns          360906 1c009e6c 80f677c3 fmadd.s          f15, f12, f15, f16  f15=xxxxxxxx f12:3e63fd7b f15:bf800000 f16:00000000
21054598ns          360907 1c009e70 fef6ac23 sw               x15, -8(x13)        x15:be63fd7b x13:100016e8  PA:100016e0
21054618ns          360908 1c009e74 fff70713 addi             x14, x14, -1        x14=00000003 x14:00000004
21054638ns          360909 1c009e76 f80710e3 bne              x14, x0, -128       x14:00000003
21054737ns          360914 1c009df6 00052603 lw               x12, 0(x10)         x12=3fd87279 x10:100016c0  PA:100016c0
21054757ns          360915 1c009df8 0006a803 lw               x16, 0(x13)         x16=00000000 x13:100016e8  PA:100016e8
21054777ns          360916 1c009dfc 0046a283 lw               x5, 4(x13)           x5=bf269468 x13:100016e8  PA:100016ec
21054797ns          360917 1c009e00 310673c3 fmadd.s          f7, f12, f16, f6     f7=xxxxxxxx f12:3fd87279 f16:00000000  f6:00000000
21054817ns          360918 1c009e04 00452783 lw               x15, 4(x10)         x15=3ee38e71 x10:100016c0  PA:100016c4
21054857ns          360920 1c009e06 3857f7c3 fmadd.s          f15, f15, f5, f7    f15=xxxxxxxx f15:3ee38e71  f5:bf269468  f7:00000000
21054877ns          360921 1c009e0a 0028ae63 p.beqimm         x17, 28             x17:00000004
21054896ns          360922 1c009e0e 0086a383 lw               x7, 8(x13)           x7=bf049eea x13:100016e8  PA:100016f0
21054916ns          360923 1c009e12 00852403 lw               x8, 8(x10)           x8=3f0659db x10:100016c0  PA:100016c8
21054956ns          360925 1c009e14 787477c3 fmadd.s          f15, f8, f7, f15    f15=xxxxxxxx  f8:3f0659db  f7:bf049eea f15:be941248
21054976ns          360926 1c009e18 0048b763 p.bneimm         x17, 14             x17:00000004
21054996ns          360927 1c009e1c 00c52403 lw               x8, 12(x10)          x8=3e63fd7b x10:100016c0  PA:100016cc
21055016ns          360928 1c009e1e 00c6a383 lw               x7, 12(x13)          x7=bf0e1f77 x13:100016e8  PA:100016f4
21055056ns          360930 1c009e22 787477c3 fmadd.s          f15, f8, f7, f15    f15=xxxxxxxx  f8:3e63fd7b  f7:bf0e1f77 f15:bf0fa2df
21055076ns          360931 1c009e26 18c7f7d3 fdiv.s           f15, f15, f12       f15=xxxxxxxx f15:bf2f4787 f12:3fd87279
21055414ns          360948 1c009e2a a067a3d3 feq.s            x7, f15, f6          x7=00000000 f15:becf4f34  f6:00000000
21055434ns          360949 1c009e2e 00038763 beq              x7, x0, 14           x7:00000000
21055493ns          360952 1c009e3c 20f797d3 fsgnjn.s         f15, f15, f15       f15=xxxxxxxx f15:becf4f34 f15:becf4f34
21055513ns          360953 1c009e40 80f67643 fmadd.s          f12, f12, f15, f16  f12=xxxxxxxx f12:3fd87279 f15:3ecf4f34 f16:00000000
21055533ns          360954 1c009e44 00c6a023 sw               x12, 0(x13)         x12:3f2f4787 x13:100016e8  PA:100016e8
21055553ns          360955 1c009e46 00452603 lw               x12, 4(x10)         x12=3ee38e71 x10:100016c0  PA:100016c4
21055593ns          360957 1c009e48 28f672c3 fmadd.s          f5, f12, f15, f5     f5=xxxxxxxx f12:3ee38e71 f15:3ecf4f34  f5:bf269468
21055613ns          360958 1c009e4c 0056a223 sw               x5, 4(x13)           x5:bef10586 x13:100016e8  PA:100016ec
21055632ns          360959 1c009e50 fe28a1e3 p.beqimm         x17, -30            x17:00000004
21055652ns          360960 1c009e54 00852603 lw               x12, 8(x10)         x12=3f0659db x10:100016c0  PA:100016c8
21055672ns          360961 1c009e56 0086a803 lw               x16, 8(x13)         x16=bf049eea x13:100016e8  PA:100016f0
21055712ns          360963 1c009e5a 80f67643 fmadd.s          f12, f12, f15, f16  f12=xxxxxxxx f12:3f0659db f15:3ecf4f34 f16:bf049eea
21055732ns          360964 1c009e5e 00c6a423 sw               x12, 8(x13)         x12:be9c719b x13:100016e8  PA:100016f0
21055752ns          360965 1c009e60 fc48b9e3 p.bneimm         x17, -46            x17:00000004
21055772ns          360966 1c009e64 00c6a803 lw               x16, 12(x13)        x16=bf0e1f77 x13:100016e8  PA:100016f4
21055792ns          360967 1c009e68 00c52603 lw               x12, 12(x10)        x12=3e63fd7b x10:100016c0  PA:100016cc
21055811ns          360968 1c009e6a 01468693 addi             x13, x13, 20        x13=100016fc x13:100016e8
21055831ns          360969 1c009e6c 80f677c3 fmadd.s          f15, f12, f15, f16  f15=xxxxxxxx f12:3e63fd7b f15:3ecf4f34 f16:bf0e1f77
21055851ns          360970 1c009e70 fef6ac23 sw               x15, -8(x13)        x15:beee16ce x13:100016fc  PA:100016f4
21055871ns          360971 1c009e74 fff70713 addi             x14, x14, -1        x14=00000002 x14:00000003
21055891ns          360972 1c009e76 f80710e3 bne              x14, x0, -128       x14:00000002
21055951ns          360975 1c009df6 00052603 lw               x12, 0(x10)         x12=3fd87279 x10:100016c0  PA:100016c0
21055971ns          360976 1c009df8 0006a803 lw               x16, 0(x13)         x16=00000000 x13:100016fc  PA:100016fc
21055990ns          360977 1c009dfc 0046a283 lw               x5, 4(x13)           x5=3eb1e641 x13:100016fc  PA:10001700
21056010ns          360978 1c009e00 310673c3 fmadd.s          f7, f12, f16, f6     f7=xxxxxxxx f12:3fd87279 f16:00000000  f6:00000000
21056030ns          360979 1c009e04 00452783 lw               x15, 4(x10)         x15=3ee38e71 x10:100016c0  PA:100016c4
21056070ns          360981 1c009e06 3857f7c3 fmadd.s          f15, f15, f5, f7    f15=xxxxxxxx f15:3ee38e71  f5:3eb1e641  f7:00000000
21056090ns          360982 1c009e0a 0028ae63 p.beqimm         x17, 28             x17:00000004
21056110ns          360983 1c009e0e 0086a383 lw               x7, 8(x13)           x7=bf5a6d53 x13:100016fc  PA:10001704
21056130ns          360984 1c009e12 00852403 lw               x8, 8(x10)           x8=3f0659db x10:100016c0  PA:100016c8
21056169ns          360986 1c009e14 787477c3 fmadd.s          f15, f8, f7, f15    f15=xxxxxxxx  f8:3f0659db  f7:bf5a6d53 f15:3e1e2228
21056189ns          360987 1c009e18 0048b763 p.bneimm         x17, 14             x17:00000004
21056209ns          360988 1c009e1c 00c52403 lw               x8, 12(x10)          x8=3e63fd7b x10:100016c0  PA:100016cc
21056229ns          360989 1c009e1e 00c6a383 lw               x7, 12(x13)          x7=3ec72241 x13:100016fc  PA:10001708
21056269ns          360991 1c009e22 787477c3 fmadd.s          f15, f8, f7, f15    f15=xxxxxxxx  f8:3e63fd7b  f7:3ec72241 f15:be9632b5
21056289ns          360992 1c009e26 18c7f7d3 fdiv.s           f15, f15, f12       f15=xxxxxxxx f15:be53b924 f12:3fd87279
21056587ns          361007 1c009e2a a067a3d3 feq.s            x7, f15, f6          x7=00000000 f15:bdfa69ae  f6:00000000
21056607ns          361008 1c009e2e 00038763 beq              x7, x0, 14           x7:00000000
21056667ns          361011 1c009e3c 20f797d3 fsgnjn.s         f15, f15, f15       f15=xxxxxxxx f15:bdfa69ae f15:bdfa69ae
21056687ns          361012 1c009e40 80f67643 fmadd.s          f12, f12, f15, f16  f12=xxxxxxxx f12:3fd87279 f15:3dfa69ae f16:00000000
21056707ns          361013 1c009e44 00c6a023 sw               x12, 0(x13)         x12:3e53b924 x13:100016fc  PA:100016fc
21056726ns          361014 1c009e46 00452603 lw               x12, 4(x10)         x12=3ee38e71 x10:100016c0  PA:100016c4
21056766ns          361016 1c009e48 28f672c3 fmadd.s          f5, f12, f15, f5     f5=xxxxxxxx f12:3ee38e71 f15:3dfa69ae  f5:3eb1e641
21056786ns          361017 1c009e4c 0056a223 sw               x5, 4(x13)           x5:3ecdb922 x13:100016fc  PA:10001700
21056806ns          361018 1c009e50 fe28a1e3 p.beqimm         x17, -30            x17:00000004
21056826ns          361019 1c009e54 00852603 lw               x12, 8(x10)         x12=3f0659db x10:100016c0  PA:100016c8
21056846ns          361020 1c009e56 0086a803 lw               x16, 8(x13)         x16=bf5a6d53 x13:100016fc  PA:10001704
21056886ns          361022 1c009e5a 80f67643 fmadd.s          f12, f12, f15, f16  f12=xxxxxxxx f12:3f0659db f15:3dfa69ae f16:bf5a6d53
21056905ns          361023 1c009e5e 00c6a423 sw               x12, 8(x13)         x12:bf49ffec x13:100016fc  PA:10001704
21056925ns          361024 1c009e60 fc48b9e3 p.bneimm         x17, -46            x17:00000004
21056945ns          361025 1c009e64 00c6a803 lw               x16, 12(x13)        x16=3ec72241 x13:100016fc  PA:10001708
21056965ns          361026 1c009e68 00c52603 lw               x12, 12(x10)        x12=3e63fd7b x10:100016c0  PA:100016cc
21056985ns          361027 1c009e6a 01468693 addi             x13, x13, 20        x13=10001710 x13:100016fc
21057005ns          361028 1c009e6c 80f677c3 fmadd.s          f15, f12, f15, f16  f15=xxxxxxxx f12:3e63fd7b f15:3dfa69ae f16:3ec72241
21057025ns          361029 1c009e70 fef6ac23 sw               x15, -8(x13)        x15:3ed5127c x13:10001710  PA:10001708
21057045ns          361030 1c009e74 fff70713 addi             x14, x14, -1        x14=00000001 x14:00000002
21057065ns          361031 1c009e76 f80710e3 bne              x14, x0, -128       x14:00000001
21057124ns          361034 1c009df6 00052603 lw               x12, 0(x10)         x12=3fd87279 x10:100016c0  PA:100016c0
21057144ns          361035 1c009df8 0006a803 lw               x16, 0(x13)         x16=00000000 x13:10001710  PA:10001710
21057164ns          361036 1c009dfc 0046a283 lw               x5, 4(x13)           x5=bf2cd820 x13:10001710  PA:10001714
21057184ns          361037 1c009e00 310673c3 fmadd.s          f7, f12, f16, f6     f7=xxxxxxxx f12:3fd87279 f16:00000000  f6:00000000
21057204ns          361038 1c009e04 00452783 lw               x15, 4(x10)         x15=3ee38e71 x10:100016c0  PA:100016c4
21057263ns          361041 1c009e06 3857f7c3 fmadd.s          f15, f15, f5, f7    f15=xxxxxxxx f15:3ee38e71  f5:bf2cd820  f7:00000000
21057283ns          361042 1c009e0a 0028ae63 p.beqimm         x17, 28             x17:00000004
21057303ns          361043 1c009e0e 0086a383 lw               x7, 8(x13)           x7=3d768092 x13:10001710  PA:10001718
21057323ns          361044 1c009e12 00852403 lw               x8, 8(x10)           x8=3f0659db x10:100016c0  PA:100016c8
21057363ns          361046 1c009e14 787477c3 fmadd.s          f15, f8, f7, f15    f15=xxxxxxxx  f8:3f0659db  f7:3d768092 f15:be99a3d1
21057383ns          361047 1c009e18 0048b763 p.bneimm         x17, 14             x17:00000004
21057403ns          361048 1c009e1c 00c52403 lw               x8, 12(x10)          x8=3e63fd7b x10:100016c0  PA:100016cc
21057423ns          361049 1c009e1e 00c6a383 lw               x7, 12(x13)          x7=3f3c361a x13:10001710  PA:1000171c
21057462ns          361051 1c009e22 787477c3 fmadd.s          f15, f8, f7, f15    f15=xxxxxxxx  f8:3e63fd7b  f7:3f3c361a f15:be897817
21057482ns          361052 1c009e26 18c7f7d3 fdiv.s           f15, f15, f12       f15=xxxxxxxx f15:bdd6a3b2 f12:3fd87279
21057781ns          361067 1c009e2a a067a3d3 feq.s            x7, f15, f6          x7=00000000 f15:bd7ddca8  f6:00000000
21057801ns          361068 1c009e2e 00038763 beq              x7, x0, 14           x7:00000000
21057860ns          361071 1c009e3c 20f797d3 fsgnjn.s         f15, f15, f15       f15=xxxxxxxx f15:bd7ddca8 f15:bd7ddca8
21057880ns          361072 1c009e40 80f67643 fmadd.s          f12, f12, f15, f16  f12=xxxxxxxx f12:3fd87279 f15:3d7ddca8 f16:00000000
21057900ns          361073 1c009e44 00c6a023 sw               x12, 0(x13)         x12:3dd6a3b2 x13:10001710  PA:10001710
21057920ns          361074 1c009e46 00452603 lw               x12, 4(x10)         x12=3ee38e71 x10:100016c0  PA:100016c4
21057960ns          361076 1c009e48 28f672c3 fmadd.s          f5, f12, f15, f5     f5=xxxxxxxx f12:3ee38e71 f15:3d7ddca8  f5:bf2cd820
21057980ns          361077 1c009e4c 0056a223 sw               x5, 4(x13)           x5:bf25cae1 x13:10001710  PA:10001714
21057999ns          361078 1c009e50 fe28a1e3 p.beqimm         x17, -30            x17:00000004
21058019ns          361079 1c009e54 00852603 lw               x12, 8(x10)         x12=3f0659db x10:100016c0  PA:100016c8
21058039ns          361080 1c009e56 0086a803 lw               x16, 8(x13)         x16=3d768092 x13:10001710  PA:10001718
21058079ns          361082 1c009e5a 80f67643 fmadd.s          f12, f12, f15, f16  f12=xxxxxxxx f12:3f0659db f15:3d7ddca8 f16:3d768092
21058099ns          361083 1c009e5e 00c6a423 sw               x12, 8(x13)         x12:3dbddd96 x13:10001710  PA:10001718
21058119ns          361084 1c009e60 fc48b9e3 p.bneimm         x17, -46            x17:00000004
21058139ns          361085 1c009e64 00c6a803 lw               x16, 12(x13)        x16=3f3c361a x13:10001710  PA:1000171c
21058159ns          361086 1c009e68 00c52603 lw               x12, 12(x10)        x12=3e63fd7b x10:100016c0  PA:100016cc
21058178ns          361087 1c009e6a 01468693 addi             x13, x13, 20        x13=10001724 x13:10001710
21058198ns          361088 1c009e6c 80f677c3 fmadd.s          f15, f12, f15, f16  f15=xxxxxxxx f12:3e63fd7b f15:3d7ddca8 f16:3f3c361a
21058218ns          361089 1c009e70 fef6ac23 sw               x15, -8(x13)        x15:3f3fbe72 x13:10001724  PA:1000171c
21058238ns          361090 1c009e74 fff70713 addi             x14, x14, -1        x14=00000000 x14:00000001
21058258ns          361091 1c009e76 f80710e3 bne              x14, x0, -128       x14:00000000
21058278ns          361092 1c009e78 9f1fe06f jal              x0, -5648          
21058318ns          361094 1c008868 fec58593 addi             x11, x11, -20       x11=100016bc x11:100016d0
21058338ns          361095 1c00886a fe850513 addi             x10, x10, -24       x10=100016a8 x10:100016c0
21058357ns          361096 1c00886c 0005a023 sw               x0, 0(x11)          x11:100016bc  PA:100016bc
21058377ns          361097 1c008870 0005a223 sw               x0, 4(x11)          x11:100016bc  PA:100016c0
21058397ns          361098 1c008874 0005a423 sw               x0, 8(x11)          x11:100016bc  PA:100016c4
21058417ns          361099 1c008878 0005a623 sw               x0, 12(x11)         x11:100016bc  PA:100016c8
21058437ns          361100 1c00887c 0005a823 sw               x0, 16(x11)         x11:100016bc  PA:100016cc
21058457ns          361101 1c008880 00188893 addi             x17, x17, 1         x17=00000005 x17:00000004
21058477ns          361102 1c008882 01e52a23 sw               x30, 20(x10)        x30:3f800000 x10:100016a8  PA:100016bc
21058497ns          361103 1c008886 ffce0e13 addi             x28, x28, -4        x28=100015d4 x28:100015d8
21058517ns          361104 1c008888 fc58b7e3 p.bneimm         x17, -50            x17:00000005
21058536ns          361105 1c00888c 014d0613 addi             x12, x26, 20        x12=100016d0 x26:100016bc
21058556ns          361106 1c008890 02c10813 addi             x16, x2, 44         x16=100015c4  x2:10001598
21058576ns          361107 1c008894 00000593 addi             x11, x0, 0          x11=00000000
21058596ns          361108 1c008896 00000893 addi             x17, x0, 0          x17=00000000
21058616ns          361109 1c00889a 00500513 addi             x10, x0, 5          x10=00000005
21058636ns          361110 1c00889c 015540fb lp.setup         0x1, x10, 0x15      x10:00000005
21058656ns          361111 1c0088a0 0048270b p.lw             x14, 4(x16!)        x14=c183cc6b x16=100015c8 x16:100015c4  PA:100015c4
21058676ns          361112 1c0088a4 0049278b p.lw             x15, 4(x18!)        x15=41c9b797 x18=100015dc x18:100015d8  PA:100015d8
21058696ns          361113 1c0088a8 a11726d3 feq.s            x13, f14, f17       x13=00000000 f14:c183cc6b f17:00000000
21058716ns          361114 1c0088ac 70068263 beq              x13, x0, 1796       x13:00000000
21059153ns          361136 1c008fb0 a11716d3 flt.s            x13, f14, f17       x13=00000001 f14:c183cc6b f17:00000000
21059193ns          361138 1c008fb4 00068363 beq              x13, x0, 6          x13:00000001
21059213ns          361139 1c008fb6 0c60106f jal              x0, 4294           
21059650ns          361161 1c00a07c 20e716d3 fsgnjn.s         f13, f14, f14       f13=xxxxxxxx f14:c183cc6b f14:c183cc6b
21059730ns          361165 1c00a080 f3dfe06f jal              x0, -4292          
21059770ns          361167 1c008fbc fed82e23 sw               x13, -4(x16)        x13:4183cc6b x16:100015c8  PA:100015c4
21060207ns          361189 1c008fc0 18d77753 fdiv.s           f14, f14, f13       f14=xxxxxxxx f14:c183cc6b f13:4183cc6b
21060983ns          361228 1c008fc4 0045a463 p.beqimm         x11, 8              x11:00000000
21061003ns          361229 1c008fc8 18e7f7d3 fdiv.s           f15, f15, f14       f15=xxxxxxxx f15:41c9b797 f14:bf800000  PA:10001720
21061818ns          361270 1c008fcc 000eaf83 lw               x31, 0(x29)         x31=xxxxxxxx x29:10001720  PA:10001724
21061838ns          361271 1c008fd0 004eaf03 lw               x30, 4(x29)         x30=xxxxxxxx x29:10001720  PA:10001728
21061858ns          361272 1c008fd4 008eae03 lw               x28, 8(x29)         x28=xxxxxxxx x29:10001720  PA:1000172c
21061878ns          361273 1c008fd8 00cea303 lw               x6, 12(x29)          x6=xxxxxxxx x29:10001720  PA:10001730
21061898ns          361274 1c008fdc 010ea683 lw               x13, 16(x29)        x13=xxxxxxxx x29:10001720
21061938ns          361276 1c008fe0 10efffd3 fmul.s           f31, f31, f14       f31=xxxxxxxx f31:bf2f79dc f14:bf800000
21062117ns          361285 1c008fe4 10ef7f53 fmul.s           f30, f30, f14       f30=xxxxxxxx f30:bf05a474 f14:bf800000
21062137ns          361286 1c008fe8 10ee7e53 fmul.s           f28, f28, f14       f28=xxxxxxxx f28:bef79969 f14:bf800000
21062157ns          361287 1c008fec 10e37353 fmul.s           f6, f6, f14          f6=xxxxxxxx  f6:bde9329d f14:bf800000
21062375ns          361298 1c008ff0 10e6f753 fmul.s           f14, f13, f14       f14=xxxxxxxx f13:bdd4d6cb f14:bf800000
21062415ns          361300 1c008ff4 01fea023 sw               x31, 0(x29)         x31:3f2f79dc x29:10001720  PA:10001720
21062435ns          361301 1c008ff8 01eea223 sw               x30, 4(x29)         x30:3f05a474 x29:10001720  PA:10001724
21062455ns          361302 1c008ffc 01cea423 sw               x28, 8(x29)         x28:3ef79969 x29:10001720  PA:10001728
21062912ns          361325 1c009000 006ea623 sw               x6, 12(x29)          x6:3de9329d x29:10001720  PA:1000172c
21062952ns          361327 1c009004 00eea823 sw               x14, 16(x29)        x14:3dd4d6cb x29:10001720  PA:10001730
21062972ns          361328 1c009008 8a9ff06f jal              x0, -1880          
21063012ns          361330 1c0088b0 0045a763 p.beqimm         x11, 14             x11:00000000
21063032ns          361331 1c0088b4 a117a753 feq.s            x14, f15, f17       x14=00000000 f15:c1c9b797 f17:00000000
21063052ns          361332 1c0088b8 00071363 bne              x14, x0, 6          x14:00000000
21063072ns          361333 1c0088ba 2e40106f jal              x0, 4836           
21064424ns          361401 1c009b9e a1179753 flt.s            x14, f15, f17       x14=00000001 f15:c1c9b797 f17:00000000
21064444ns          361402 1c009ba2 00f002b3 add              x5, x0, x15          x5=c1c9b797 x15:c1c9b797
21064464ns          361403 1c009ba4 00070363 beq              x14, x0, 6          x14:00000001
21064484ns          361404 1c009ba6 20f792d3 fsgnjn.s         f5, f15, f15         f5=xxxxxxxx f15:c1c9b797 f15:c1c9b797
21064504ns          361405 1c009baa 00082f83 lw               x31, 0(x16)         x31=418727ac x16:100015c8  PA:100015c8
21064941ns          361427 1c009bae 00062f03 lw               x30, 0(x12)         x30=00000000 x12:100016d0  PA:100016d0
21064981ns          361429 1c009bb2 00462e03 lw               x28, 4(x12)         x28=bf30e4f2 x12:100016d0  PA:100016d4
21065001ns          361430 1c009bb6 00862303 lw               x6, 8(x12)           x6=bee38e71 x12:100016d0  PA:100016d8
21065021ns          361431 1c009bba 00c62683 lw               x13, 12(x12)        x13=bf0659db x12:100016d0  PA:100016dc
21065041ns          361432 1c009bbc 01062703 lw               x14, 16(x12)        x14=be63fd7b x12:100016d0  PA:100016e0
21065458ns          361453 1c009bbe 18f2f7d3 fdiv.s           f15, f5, f15        f15=xxxxxxxx  f5:41c9b797 f15:c1c9b797
21066274ns          361494 1c009bc2 10ffffd3 fmul.s           f31, f31, f15       f31=xxxxxxxx f31:418727ac f15:bf800000
21066294ns          361495 1c009bc6 10ff7f53 fmul.s           f30, f30, f15       f30=xxxxxxxx f30:00000000 f15:bf800000
21066314ns          361496 1c009bca 10fe7e53 fmul.s           f28, f28, f15       f28=xxxxxxxx f28:bf30e4f2 f15:bf800000
21066373ns          361499 1c009bce 10f37353 fmul.s           f6, f6, f15          f6=xxxxxxxx  f6:bee38e71 f15:bf800000
21066413ns          361501 1c009bd2 10f6f6d3 fmul.s           f13, f13, f15       f13=xxxxxxxx f13:bf0659db f15:bf800000
21066433ns          361502 1c009bd6 10f777d3 fmul.s           f15, f14, f15       f15=xxxxxxxx f14:be63fd7b f15:bf800000
21066453ns          361503 1c009bda 01f82023 sw               x31, 0(x16)         x31:c18727ac x16:100015c8  PA:100015c8
21066791ns          361520 1c009bde 01e62023 sw               x30, 0(x12)         x30:80000000 x12:100016d0  PA:100016d0
21066811ns          361521 1c009be2 00f62823 sw               x15, 16(x12)        x15:3e63fd7b x12:100016d0  PA:100016e0
21066831ns          361522 1c009be4 01c62223 sw               x28, 4(x12)         x28:3f30e4f2 x12:100016d0  PA:100016d4
21066851ns          361523 1c009be8 00662423 sw               x6, 8(x12)           x6:3ee38e71 x12:100016d0  PA:100016d8
21066871ns          361524 1c009bec 00d62623 sw               x13, 12(x12)        x13:3f0659db x12:100016d0  PA:100016dc
21066891ns          361525 1c009bee 005007b3 add              x15, x0, x5         x15=41c9b797  x5:41c9b797
21067308ns          361546 1c009bf0 ccffe06f jal              x0, -4914          
21067368ns          361549 1c0088be fef92e23 sw               x15, -4(x18)        x15:41c9b797 x18:100015dc  PA:100015d8
21067388ns          361550 1c0088c2 00158593 addi             x11, x11, 1         x11=00000001 x11:00000000
21067408ns          361551 1c0088c4 01460613 addi             x12, x12, 20        x12=100016e4 x12:100016d0
21067428ns          361552 1c0088c6 014e8e93 addi             x29, x29, 20        x29=10001734 x29:10001720
21067448ns          361553 1c0088a0 0048270b p.lw             x14, 4(x16!)        x14=c18727ac x16=100015cc x16:100015c8  PA:100015c8
21067467ns          361554 1c0088a4 0049278b p.lw             x15, 4(x18!)        x15=40f6debb x18=100015e0 x18:100015dc  PA:100015dc
21067487ns          361555 1c0088a8 a11726d3 feq.s            x13, f14, f17       x13=00000000 f14:c18727ac f17:00000000
21067507ns          361556 1c0088ac 70068263 beq              x13, x0, 1796       x13:00000000
21067567ns          361559 1c008fb0 a11716d3 flt.s            x13, f14, f17       x13=00000001 f14:c18727ac f17:00000000
21067587ns          361560 1c008fb4 00068363 beq              x13, x0, 6          x13:00000001
21067607ns          361561 1c008fb6 0c60106f jal              x0, 4294           
21067646ns          361563 1c00a07c 20e716d3 fsgnjn.s         f13, f14, f14       f13=xxxxxxxx f14:c18727ac f14:c18727ac
21067666ns          361564 1c00a080 f3dfe06f jal              x0, -4292          
21067706ns          361566 1c008fbc fed82e23 sw               x13, -4(x16)        x13:418727ac x16:100015cc  PA:100015c8
21067726ns          361567 1c008fc0 18d77753 fdiv.s           f14, f14, f13       f14=xxxxxxxx f14:c18727ac f13:418727ac
21068283ns          361595 1c008fc4 0045a463 p.beqimm         x11, 8              x11:00000001
21068542ns          361608 1c008fc8 18e7f7d3 fdiv.s           f15, f15, f14       f15=xxxxxxxx f15:40f6debb f14:bf800000  PA:10001734
21069397ns          361651 1c008fcc 000eaf83 lw               x31, 0(x29)         x31=xxxxxxxx x29:10001734  PA:10001738
21069417ns          361652 1c008fd0 004eaf03 lw               x30, 4(x29)         x30=xxxxxxxx x29:10001734  PA:1000173c
21069437ns          361653 1c008fd4 008eae03 lw               x28, 8(x29)         x28=xxxxxxxx x29:10001734  PA:10001740
21069457ns          361654 1c008fd8 00cea303 lw               x6, 12(x29)          x6=xxxxxxxx x29:10001734  PA:10001744
21069476ns          361655 1c008fdc 010ea683 lw               x13, 16(x29)        x13=xxxxxxxx x29:10001734
21069496ns          361656 1c008fe0 10efffd3 fmul.s           f31, f31, f14       f31=xxxxxxxx f31:3f06b39b f14:bf800000
21069675ns          361665 1c008fe4 10ef7f53 fmul.s           f30, f30, f14       f30=xxxxxxxx f30:be17b856 f14:bf800000
21069695ns          361666 1c008fe8 10ee7e53 fmul.s           f28, f28, f14       f28=xxxxxxxx f28:beb1fa2b f14:bf800000
21069715ns          361667 1c008fec 10e37353 fmul.s           f6, f6, f14          f6=xxxxxxxx  f6:bee7be61 f14:bf800000
21069735ns          361668 1c008ff0 10e6f753 fmul.s           f14, f13, f14       f14=xxxxxxxx f13:bf1cde30 f14:bf800000
21069755ns          361669 1c008ff4 01fea023 sw               x31, 0(x29)         x31:bf06b39b x29:10001734  PA:10001734
21069775ns          361670 1c008ff8 01eea223 sw               x30, 4(x29)         x30:3e17b856 x29:10001734  PA:10001738
21069795ns          361671 1c008ffc 01cea423 sw               x28, 8(x29)         x28:3eb1fa2b x29:10001734  PA:1000173c
21069815ns          361672 1c009000 006ea623 sw               x6, 12(x29)          x6:3ee7be61 x29:10001734  PA:10001740
21069834ns          361673 1c009004 00eea823 sw               x14, 16(x29)        x14:3f1cde30 x29:10001734  PA:10001744
21069854ns          361674 1c009008 8a9ff06f jal              x0, -1880          
21069954ns          361679 1c0088b0 0045a763 p.beqimm         x11, 14             x11:00000001
21069974ns          361680 1c0088b4 a117a753 feq.s            x14, f15, f17       x14=00000000 f15:c0f6debb f17:00000000
21069994ns          361681 1c0088b8 00071363 bne              x14, x0, 6          x14:00000000
21070013ns          361682 1c0088ba 2e40106f jal              x0, 4836           
21070073ns          361685 1c009b9e a1179753 flt.s            x14, f15, f17       x14=00000001 f15:c0f6debb f17:00000000
21070093ns          361686 1c009ba2 00f002b3 add              x5, x0, x15          x5=c0f6debb x15:c0f6debb
21070113ns          361687 1c009ba4 00070363 beq              x14, x0, 6          x14:00000001
21070133ns          361688 1c009ba6 20f792d3 fsgnjn.s         f5, f15, f15         f5=xxxxxxxx f15:c0f6debb f15:c0f6debb
21070153ns          361689 1c009baa 00082f83 lw               x31, 0(x16)         x31=4107db6e x16:100015cc  PA:100015cc
21070173ns          361690 1c009bae 00062f03 lw               x30, 0(x12)         x30=00000000 x12:100016e4  PA:100016e4
21070192ns          361691 1c009bb2 00462e03 lw               x28, 4(x12)         x28=3f2f4787 x12:100016e4  PA:100016e8
21070212ns          361692 1c009bb6 00862303 lw               x6, 8(x12)           x6=bef10586 x12:100016e4  PA:100016ec
21070232ns          361693 1c009bba 00c62683 lw               x13, 12(x12)        x13=be9c719b x12:100016e4  PA:100016f0
21070252ns          361694 1c009bbc 01062703 lw               x14, 16(x12)        x14=beee16ce x12:100016e4  PA:100016f4
21070272ns          361695 1c009bbe 18f2f7d3 fdiv.s           f15, f5, f15        f15=xxxxxxxx  f5:40f6debb f15:c0f6debb
21070769ns          361720 1c009bc2 10ffffd3 fmul.s           f31, f31, f15       f31=xxxxxxxx f31:4107db6e f15:bf800000
21070789ns          361721 1c009bc6 10ff7f53 fmul.s           f30, f30, f15       f30=xxxxxxxx f30:00000000 f15:bf800000
21070809ns          361722 1c009bca 10fe7e53 fmul.s           f28, f28, f15       f28=xxxxxxxx f28:3f2f4787 f15:bf800000
21070829ns          361723 1c009bce 10f37353 fmul.s           f6, f6, f15          f6=xxxxxxxx  f6:bef10586 f15:bf800000
21070849ns          361724 1c009bd2 10f6f6d3 fmul.s           f13, f13, f15       f13=xxxxxxxx f13:be9c719b f15:bf800000
21070869ns          361725 1c009bd6 10f777d3 fmul.s           f15, f14, f15       f15=xxxxxxxx f14:beee16ce f15:bf800000
21070889ns          361726 1c009bda 01f82023 sw               x31, 0(x16)         x31:c107db6e x16:100015cc  PA:100015cc
21070909ns          361727 1c009bde 01e62023 sw               x30, 0(x12)         x30:80000000 x12:100016e4  PA:100016e4
21070928ns          361728 1c009be2 00f62823 sw               x15, 16(x12)        x15:3eee16ce x12:100016e4  PA:100016f4
21070948ns          361729 1c009be4 01c62223 sw               x28, 4(x12)         x28:bf2f4787 x12:100016e4  PA:100016e8
21070968ns          361730 1c009be8 00662423 sw               x6, 8(x12)           x6:3ef10586 x12:100016e4  PA:100016ec
21070988ns          361731 1c009bec 00d62623 sw               x13, 12(x12)        x13:3e9c719b x12:100016e4  PA:100016f0
21071008ns          361732 1c009bee 005007b3 add              x15, x0, x5         x15=40f6debb  x5:40f6debb
21071028ns          361733 1c009bf0 ccffe06f jal              x0, -4914          
21071088ns          361736 1c0088be fef92e23 sw               x15, -4(x18)        x15:40f6debb x18:100015e0  PA:100015dc
21071107ns          361737 1c0088c2 00158593 addi             x11, x11, 1         x11=00000002 x11:00000001
21071127ns          361738 1c0088c4 01460613 addi             x12, x12, 20        x12=100016f8 x12:100016e4
21071147ns          361739 1c0088c6 014e8e93 addi             x29, x29, 20        x29=10001748 x29:10001734
21071167ns          361740 1c0088a0 0048270b p.lw             x14, 4(x16!)        x14=c107db6e x16=100015d0 x16:100015cc  PA:100015cc
21071207ns          361742 1c0088a4 0049278b p.lw             x15, 4(x18!)        x15=c0bac3ff x18=100015e4 x18:100015e0  PA:100015e0
21071227ns          361743 1c0088a8 a11726d3 feq.s            x13, f14, f17       x13=00000000 f14:c107db6e f17:00000000
21071247ns          361744 1c0088ac 70068263 beq              x13, x0, 1796       x13:00000000
21071306ns          361747 1c008fb0 a11716d3 flt.s            x13, f14, f17       x13=00000001 f14:c107db6e f17:00000000
21071326ns          361748 1c008fb4 00068363 beq              x13, x0, 6          x13:00000001
21071346ns          361749 1c008fb6 0c60106f jal              x0, 4294           
21071386ns          361751 1c00a07c 20e716d3 fsgnjn.s         f13, f14, f14       f13=xxxxxxxx f14:c107db6e f14:c107db6e
21071406ns          361752 1c00a080 f3dfe06f jal              x0, -4292          
21071446ns          361754 1c008fbc fed82e23 sw               x13, -4(x16)        x13:4107db6e x16:100015d0  PA:100015cc
21071485ns          361756 1c008fc0 18d77753 fdiv.s           f14, f14, f13       f14=xxxxxxxx f14:c107db6e f13:4107db6e
21071625ns          361763 1c008fc4 0045a463 p.beqimm         x11, 8              x11:00000002
21071883ns          361776 1c008fc8 18e7f7d3 fdiv.s           f15, f15, f14       f15=xxxxxxxx f15:c0bac3ff f14:bf800000  PA:10001748
21072738ns          361819 1c008fcc 000eaf83 lw               x31, 0(x29)         x31=xxxxxxxx x29:10001748  PA:1000174c
21072758ns          361820 1c008fd0 004eaf03 lw               x30, 4(x29)         x30=xxxxxxxx x29:10001748  PA:10001750
21072778ns          361821 1c008fd4 008eae03 lw               x28, 8(x29)         x28=xxxxxxxx x29:10001748  PA:10001754
21072798ns          361822 1c008fd8 00cea303 lw               x6, 12(x29)          x6=xxxxxxxx x29:10001748  PA:10001758
21072818ns          361823 1c008fdc 010ea683 lw               x13, 16(x29)        x13=xxxxxxxx x29:10001748
21072838ns          361824 1c008fe0 10efffd3 fmul.s           f31, f31, f14       f31=xxxxxxxx f31:bead16ed f14:bf800000
21073017ns          361833 1c008fe4 10ef7f53 fmul.s           f30, f30, f14       f30=xxxxxxxx f30:3f382621 f14:bf800000
21073037ns          361834 1c008fe8 10ee7e53 fmul.s           f28, f28, f14       f28=xxxxxxxx f28:be7bbfc4 f14:bf800000
21073057ns          361835 1c008fec 10e37353 fmul.s           f6, f6, f14          f6=xxxxxxxx  f6:3e743d44 f14:bf800000
21073077ns          361836 1c008ff0 10e6f753 fmul.s           f14, f13, f14       f14=xxxxxxxx f13:bf003db3 f14:bf800000
21073097ns          361837 1c008ff4 01fea023 sw               x31, 0(x29)         x31:3ead16ed x29:10001748  PA:10001748
21073116ns          361838 1c008ff8 01eea223 sw               x30, 4(x29)         x30:bf382621 x29:10001748  PA:1000174c
21073136ns          361839 1c008ffc 01cea423 sw               x28, 8(x29)         x28:3e7bbfc4 x29:10001748  PA:10001750
21073156ns          361840 1c009000 006ea623 sw               x6, 12(x29)          x6:be743d44 x29:10001748  PA:10001754
21073176ns          361841 1c009004 00eea823 sw               x14, 16(x29)        x14:3f003db3 x29:10001748  PA:10001758
21073196ns          361842 1c009008 8a9ff06f jal              x0, -1880          
21073236ns          361844 1c0088b0 0045a763 p.beqimm         x11, 14             x11:00000002
21073256ns          361845 1c0088b4 a117a753 feq.s            x14, f15, f17       x14=00000000 f15:40bac3ff f17:00000000
21073276ns          361846 1c0088b8 00071363 bne              x14, x0, 6          x14:00000000
21073295ns          361847 1c0088ba 2e40106f jal              x0, 4836           
21073355ns          361850 1c009b9e a1179753 flt.s            x14, f15, f17       x14=00000000 f15:40bac3ff f17:00000000
21073375ns          361851 1c009ba2 00f002b3 add              x5, x0, x15          x5=40bac3ff x15:40bac3ff
21073395ns          361852 1c009ba4 00070363 beq              x14, x0, 6          x14:00000000
21073474ns          361856 1c009baa 00082f83 lw               x31, 0(x16)         x31=40f47fdb x16:100015d0  PA:100015d0
21073494ns          361857 1c009bae 00062f03 lw               x30, 0(x12)         x30=00000000 x12:100016f8  PA:100016f8
21073514ns          361858 1c009bb2 00462e03 lw               x28, 4(x12)         x28=3e53b924 x12:100016f8  PA:100016fc
21073534ns          361859 1c009bb6 00862303 lw               x6, 8(x12)           x6=3ecdb922 x12:100016f8  PA:10001700
21073554ns          361860 1c009bba 00c62683 lw               x13, 12(x12)        x13=bf49ffec x12:100016f8  PA:10001704
21073574ns          361861 1c009bbc 01062703 lw               x14, 16(x12)        x14=3ed5127c x12:100016f8  PA:10001708
21073594ns          361862 1c009bbe 18f2f7d3 fdiv.s           f15, f5, f15        f15=xxxxxxxx  f5:40bac3ff f15:40bac3ff
21074111ns          361888 1c009bc2 10ffffd3 fmul.s           f31, f31, f15       f31=xxxxxxxx f31:40f47fdb f15:3f800000
21074131ns          361889 1c009bc6 10ff7f53 fmul.s           f30, f30, f15       f30=xxxxxxxx f30:00000000 f15:3f800000
21074151ns          361890 1c009bca 10fe7e53 fmul.s           f28, f28, f15       f28=xxxxxxxx f28:3e53b924 f15:3f800000
21074171ns          361891 1c009bce 10f37353 fmul.s           f6, f6, f15          f6=xxxxxxxx  f6:3ecdb922 f15:3f800000
21074191ns          361892 1c009bd2 10f6f6d3 fmul.s           f13, f13, f15       f13=xxxxxxxx f13:bf49ffec f15:3f800000
21074210ns          361893 1c009bd6 10f777d3 fmul.s           f15, f14, f15       f15=xxxxxxxx f14:3ed5127c f15:3f800000
21074230ns          361894 1c009bda 01f82023 sw               x31, 0(x16)         x31:40f47fdb x16:100015d0  PA:100015d0
21074250ns          361895 1c009bde 01e62023 sw               x30, 0(x12)         x30:00000000 x12:100016f8  PA:100016f8
21074270ns          361896 1c009be2 00f62823 sw               x15, 16(x12)        x15:3ed5127c x12:100016f8  PA:10001708
21074290ns          361897 1c009be4 01c62223 sw               x28, 4(x12)         x28:3e53b924 x12:100016f8  PA:100016fc
21074310ns          361898 1c009be8 00662423 sw               x6, 8(x12)           x6:3ecdb922 x12:100016f8  PA:10001700
21074330ns          361899 1c009bec 00d62623 sw               x13, 12(x12)        x13:bf49ffec x12:100016f8  PA:10001704
21074350ns          361900 1c009bee 005007b3 add              x15, x0, x5         x15=40bac3ff  x5:40bac3ff
21074370ns          361901 1c009bf0 ccffe06f jal              x0, -4914          
21074429ns          361904 1c0088be fef92e23 sw               x15, -4(x18)        x15:40bac3ff x18:100015e4  PA:100015e0
21074449ns          361905 1c0088c2 00158593 addi             x11, x11, 1         x11=00000003 x11:00000002
21074469ns          361906 1c0088c4 01460613 addi             x12, x12, 20        x12=1000170c x12:100016f8
21074489ns          361907 1c0088c6 014e8e93 addi             x29, x29, 20        x29=1000175c x29:10001748
21074509ns          361908 1c0088a0 0048270b p.lw             x14, 4(x16!)        x14=40f47fdb x16=100015d4 x16:100015d0  PA:100015d0
21074529ns          361909 1c0088a4 0049278b p.lw             x15, 4(x18!)        x15=bfd03a2a x18=100015e8 x18:100015e4  PA:100015e4
21074549ns          361910 1c0088a8 a11726d3 feq.s            x13, f14, f17       x13=00000000 f14:40f47fdb f17:00000000
21074568ns          361911 1c0088ac 70068263 beq              x13, x0, 1796       x13:00000000
21074628ns          361914 1c008fb0 a11716d3 flt.s            x13, f14, f17       x13=00000000 f14:40f47fdb f17:00000000
21074648ns          361915 1c008fb4 00068363 beq              x13, x0, 6          x13:00000000
21074708ns          361918 1c008fba 00e006b3 add              x13, x0, x14        x13=40f47fdb x14:40f47fdb
21074728ns          361919 1c008fbc fed82e23 sw               x13, -4(x16)        x13:40f47fdb x16:100015d4  PA:100015d0
21074747ns          361920 1c008fc0 18d77753 fdiv.s           f14, f14, f13       f14=xxxxxxxx f14:40f47fdb f13:40f47fdb
21074966ns          361931 1c008fc4 0045a463 p.beqimm         x11, 8              x11:00000003
21075225ns          361944 1c008fc8 18e7f7d3 fdiv.s           f15, f15, f14       f15=xxxxxxxx f15:bfd03a2a f14:3f800000  PA:1000175c
21076080ns          361987 1c008fcc 000eaf83 lw               x31, 0(x29)         x31=xxxxxxxx x29:1000175c  PA:10001760
21076100ns          361988 1c008fd0 004eaf03 lw               x30, 4(x29)         x30=xxxxxxxx x29:1000175c  PA:10001764
21076120ns          361989 1c008fd4 008eae03 lw               x28, 8(x29)         x28=xxxxxxxx x29:1000175c  PA:10001768
21076140ns          361990 1c008fd8 00cea303 lw               x6, 12(x29)          x6=xxxxxxxx x29:1000175c  PA:1000176c
21076160ns          361991 1c008fdc 010ea683 lw               x13, 16(x29)        x13=xxxxxxxx x29:1000175c
21076180ns          361992 1c008fe0 10efffd3 fmul.s           f31, f31, f14       f31=xxxxxxxx f31:be94063d f14:3f800000
21076359ns          362001 1c008fe4 10ef7f53 fmul.s           f30, f30, f14       f30=xxxxxxxx f30:3eaf9e86 f14:3f800000
21076378ns          362002 1c008fe8 10ee7e53 fmul.s           f28, f28, f14       f28=xxxxxxxx f28:3e4d3f0d f14:3f800000
21076398ns          362003 1c008fec 10e37353 fmul.s           f6, f6, f14          f6=xxxxxxxx  f6:bf59f069 f14:3f800000
21076418ns          362004 1c008ff0 10e6f753 fmul.s           f14, f13, f14       f14=xxxxxxxx f13:3e3c5aa7 f14:3f800000
21076438ns          362005 1c008ff4 01fea023 sw               x31, 0(x29)         x31:be94063d x29:1000175c  PA:1000175c
21076458ns          362006 1c008ff8 01eea223 sw               x30, 4(x29)         x30:3eaf9e86 x29:1000175c  PA:10001760
21076478ns          362007 1c008ffc 01cea423 sw               x28, 8(x29)         x28:3e4d3f0d x29:1000175c  PA:10001764
21076498ns          362008 1c009000 006ea623 sw               x6, 12(x29)          x6:bf59f069 x29:1000175c  PA:10001768
21076518ns          362009 1c009004 00eea823 sw               x14, 16(x29)        x14:3e3c5aa7 x29:1000175c  PA:1000176c
21076538ns          362010 1c009008 8a9ff06f jal              x0, -1880          
21076577ns          362012 1c0088b0 0045a763 p.beqimm         x11, 14             x11:00000003
21076597ns          362013 1c0088b4 a117a753 feq.s            x14, f15, f17       x14=00000000 f15:bfd03a2a f17:00000000
21076617ns          362014 1c0088b8 00071363 bne              x14, x0, 6          x14:00000000
21076637ns          362015 1c0088ba 2e40106f jal              x0, 4836           
21076697ns          362018 1c009b9e a1179753 flt.s            x14, f15, f17       x14=00000001 f15:bfd03a2a f17:00000000
21076717ns          362019 1c009ba2 00f002b3 add              x5, x0, x15          x5=bfd03a2a x15:bfd03a2a
21076737ns          362020 1c009ba4 00070363 beq              x14, x0, 6          x14:00000001
21076756ns          362021 1c009ba6 20f792d3 fsgnjn.s         f5, f15, f15         f5=xxxxxxxx f15:bfd03a2a f15:bfd03a2a
21076776ns          362022 1c009baa 00082f83 lw               x31, 0(x16)         x31=xxxxxxxx x16:100015d4  PA:100015d4
21076796ns          362023 1c009bae 00062f03 lw               x30, 0(x12)         x30=xxxxxxxx x12:1000170c  PA:1000170c
21076816ns          362024 1c009bb2 00462e03 lw               x28, 4(x12)         x28=xxxxxxxx x12:1000170c  PA:10001710
21076836ns          362025 1c009bb6 00862303 lw               x6, 8(x12)           x6=xxxxxxxx x12:1000170c  PA:10001714
21076856ns          362026 1c009bba 00c62683 lw               x13, 12(x12)        x13=xxxxxxxx x12:1000170c  PA:10001718
21076876ns          362027 1c009bbc 01062703 lw               x14, 16(x12)        x14=xxxxxxxx x12:1000170c  PA:1000171c
21076896ns          362028 1c009bbe 18f2f7d3 fdiv.s           f15, f5, f15        f15=xxxxxxxx  f5:3fd03a2a f15:bfd03a2a
21077453ns          362056 1c009bc2 10ffffd3 fmul.s           f31, f31, f15       f31=xxxxxxxx f31:40b6eb43 f15:bf800000
21077472ns          362057 1c009bc6 10ff7f53 fmul.s           f30, f30, f15       f30=xxxxxxxx f30:00000000 f15:bf800000
21077492ns          362058 1c009bca 10fe7e53 fmul.s           f28, f28, f15       f28=xxxxxxxx f28:3dd6a3b2 f15:bf800000
21077512ns          362059 1c009bce 10f37353 fmul.s           f6, f6, f15          f6=xxxxxxxx  f6:bf25cae1 f15:bf800000
21077532ns          362060 1c009bd2 10f6f6d3 fmul.s           f13, f13, f15       f13=xxxxxxxx f13:3dbddd96 f15:bf800000
21077552ns          362061 1c009bd6 10f777d3 fmul.s           f15, f14, f15       f15=xxxxxxxx f14:3f3fbe72 f15:bf800000
21077572ns          362062 1c009bda 01f82023 sw               x31, 0(x16)         x31:c0b6eb43 x16:100015d4  PA:100015d4
21077592ns          362063 1c009bde 01e62023 sw               x30, 0(x12)         x30:80000000 x12:1000170c  PA:1000170c
21077612ns          362064 1c009be2 00f62823 sw               x15, 16(x12)        x15:bf3fbe72 x12:1000170c  PA:1000171c
21077632ns          362065 1c009be4 01c62223 sw               x28, 4(x12)         x28:bdd6a3b2 x12:1000170c  PA:10001710
21077652ns          362066 1c009be8 00662423 sw               x6, 8(x12)           x6:3f25cae1 x12:1000170c  PA:10001714
21077671ns          362067 1c009bec 00d62623 sw               x13, 12(x12)        x13:bdbddd96 x12:1000170c  PA:10001718
21077691ns          362068 1c009bee 005007b3 add              x15, x0, x5         x15=3fd03a2a  x5:3fd03a2a
21077711ns          362069 1c009bf0 ccffe06f jal              x0, -4914          
21077771ns          362072 1c0088be fef92e23 sw               x15, -4(x18)        x15:3fd03a2a x18:100015e8  PA:100015e4
21077791ns          362073 1c0088c2 00158593 addi             x11, x11, 1         x11=00000004 x11:00000003
21077811ns          362074 1c0088c4 01460613 addi             x12, x12, 20        x12=10001720 x12:1000170c
21077831ns          362075 1c0088c6 014e8e93 addi             x29, x29, 20        x29=10001770 x29:1000175c
21077850ns          362076 1c0088a0 0048270b p.lw             x14, 4(x16!)        x14=xxxxxxxx x16=100015d8 x16:100015d4  PA:100015d4
21077870ns          362077 1c0088a4 0049278b p.lw             x15, 4(x18!)        x15=xxxxxxxx x18=100015ec x18:100015e8  PA:100015e8
21077890ns          362078 1c0088a8 a11726d3 feq.s            x13, f14, f17       x13=00000000 f14:c0b6eb43 f17:00000000
21077910ns          362079 1c0088ac 70068263 beq              x13, x0, 1796       x13:00000000
21077970ns          362082 1c008fb0 a11716d3 flt.s            x13, f14, f17       x13=00000001 f14:c0b6eb43 f17:00000000
21077990ns          362083 1c008fb4 00068363 beq              x13, x0, 6          x13:00000001
21078010ns          362084 1c008fb6 0c60106f jal              x0, 4294           
21078049ns          362086 1c00a07c 20e716d3 fsgnjn.s         f13, f14, f14       f13=xxxxxxxx f14:c0b6eb43 f14:c0b6eb43
21078069ns          362087 1c00a080 f3dfe06f jal              x0, -4292          
21078109ns          362089 1c008fbc fed82e23 sw               x13, -4(x16)        x13:40b6eb43 x16:100015d8  PA:100015d4
21078129ns          362090 1c008fc0 18d77753 fdiv.s           f14, f14, f13       f14=xxxxxxxx f14:c0b6eb43 f13:40b6eb43
21078149ns          362091 1c008fc4 0045a463 p.beqimm         x11, 8              x11:00000004
21078427ns          362105 1c008fcc 000eaf83 lw               x31, 0(x29)         x31=3e710f26 x29:10001770  PA:10001770
21078447ns          362106 1c008fd0 004eaf03 lw               x30, 4(x29)         x30=3e87e095 x29:10001770  PA:10001774
21078467ns          362107 1c008fd4 008eae03 lw               x28, 8(x29)         x28=bf3cef8a x29:10001770  PA:10001778
21078487ns          362108 1c008fd8 00cea303 lw               x6, 12(x29)          x6=bcbb478c x29:10001770  PA:1000177c
21078507ns          362109 1c008fdc 010ea683 lw               x13, 16(x29)        x13=3f12d32b x29:10001770  PA:10001780
21078527ns          362110 1c008fe0 10efffd3 fmul.s           f31, f31, f14       f31=xxxxxxxx f31:3e710f26 f14:bf800000
21078547ns          362111 1c008fe4 10ef7f53 fmul.s           f30, f30, f14       f30=xxxxxxxx f30:3e87e095 f14:bf800000
21078566ns          362112 1c008fe8 10ee7e53 fmul.s           f28, f28, f14       f28=xxxxxxxx f28:bf3cef8a f14:bf800000
21078586ns          362113 1c008fec 10e37353 fmul.s           f6, f6, f14          f6=xxxxxxxx  f6:bcbb478c f14:bf800000
21078606ns          362114 1c008ff0 10e6f753 fmul.s           f14, f13, f14       f14=xxxxxxxx f13:3f12d32b f14:bf800000
21078626ns          362115 1c008ff4 01fea023 sw               x31, 0(x29)         x31:be710f26 x29:10001770  PA:10001770
21078646ns          362116 1c008ff8 01eea223 sw               x30, 4(x29)         x30:be87e095 x29:10001770  PA:10001774
21078666ns          362117 1c008ffc 01cea423 sw               x28, 8(x29)         x28:3f3cef8a x29:10001770  PA:10001778
21078686ns          362118 1c009000 006ea623 sw               x6, 12(x29)          x6:3cbb478c x29:10001770  PA:1000177c
21078706ns          362119 1c009004 00eea823 sw               x14, 16(x29)        x14:bf12d32b x29:10001770  PA:10001780
21078726ns          362120 1c009008 8a9ff06f jal              x0, -1880          
21078765ns          362122 1c0088b0 0045a763 p.beqimm         x11, 14             x11:00000004
21078845ns          362126 1c0088be fef92e23 sw               x15, -4(x18)        x15:00000000 x18:100015ec  PA:100015e8
21078865ns          362127 1c0088c2 00158593 addi             x11, x11, 1         x11=00000005 x11:00000004
21078885ns          362128 1c0088c4 01460613 addi             x12, x12, 20        x12=10001734 x12:10001720
21078905ns          362129 1c0088c6 014e8e93 addi             x29, x29, 20        x29=10001784 x29:10001770
21078925ns          362130 1c0088c8 02c12483 lw               x9, 44(x2)           x9=4183cc6b  x2:10001598  PA:100015c4
21078944ns          362131 1c0088ca 00000793 addi             x15, x0, 0          x15=00000000
21078964ns          362132 1c0088ce a0f497d3 flt.s            x15, f9, f15        x15=00000000  f9:4183cc6b f15:00000000
21078984ns          362133 1c0088d2 00912823 sw               x9, 16(x2)           x9:4183cc6b  x2:10001598  PA:100015a8
21079004ns          362134 1c0088d4 00078463 beq              x15, x0, 8          x15:00000000
21079064ns          362137 1c0088dc 04012783 lw               x15, 64(x2)         x15=41c9b797  x2:10001598  PA:100015d8
21079123ns          362140 1c0088de 00000713 addi             x14, x0, 0          x14=00000000
21079163ns          362142 1c0088e2 a0e79753 flt.s            x14, f15, f14       x14=00000000 f15:41c9b797 f14:00000000
21079183ns          362143 1c0088e6 00070363 beq              x14, x0, 6          x14:00000000
21079302ns          362149 1c0088ec 01012503 lw               x10, 16(x2)         x10=4183cc6b  x2:10001598  PA:100015a8
21079362ns          362152 1c0088ee a0a78753 fle.s            x14, f15, f10       x14=00000000 f15:41c9b797 f10:4183cc6b
21079382ns          362153 1c0088f2 00071663 bne              x14, x0, 12         x14:00000000
21079402ns          362154 1c0088f4 a0f7a753 feq.s            x14, f15, f15       x14=00000001 f15:41c9b797 f15:41c9b797
21079422ns          362155 1c0088f8 00070363 beq              x14, x0, 6          x14:00000001
21079442ns          362156 1c0088fa 0230106f jal              x0, 6178           
21080237ns          362196 1c00a11c 00f12823 sw               x15, 16(x2)         x15:41c9b797  x2:10001598  PA:100015a8
21080317ns          362200 1c00a11e fe0fe06f jal              x0, -6176          
21080357ns          362202 1c0088fe 01012583 lw               x11, 16(x2)         x11=41c9b797  x2:10001598  PA:100015a8
21080377ns          362203 1c008900 00000793 addi             x15, x0, 0          x15=00000000
21080396ns          362204 1c008904 a0f587d3 fle.s            x15, f11, f15       x15=00000000 f11:41c9b797 f15:00000000
21080416ns          362205 1c008908 70079763 bne              x15, x0, 1806       x15:00000000
21080436ns          362206 1c00890c a0b5a7d3 feq.s            x15, f11, f11       x15=00000001 f11:41c9b797 f11:41c9b797
21080874ns          362228 1c008910 70078363 beq              x15, x0, 1798       x15:00000001
21080914ns          362230 1c008914 03012783 lw               x15, 48(x2)         x15=418727ac  x2:10001598  PA:100015c8
21080933ns          362231 1c008916 00000713 addi             x14, x0, 0          x14=00000000
21080953ns          362232 1c00891a a0e79753 flt.s            x14, f15, f14       x14=00000000 f15:418727ac f14:00000000
21080973ns          362233 1c00891e 00070363 beq              x14, x0, 6          x14:00000000
21081431ns          362256 1c008924 04412703 lw               x14, 68(x2)         x14=40f6debb  x2:10001598  PA:100015dc
21081451ns          362257 1c008926 00000693 addi             x13, x0, 0          x13=00000000
21081471ns          362258 1c00892a a0d716d3 flt.s            x13, f14, f13       x13=00000000 f14:40f6debb f13:00000000
21081490ns          362259 1c00892e 00068363 beq              x13, x0, 6          x13:00000000
21081948ns          362282 1c008934 a0f706d3 fle.s            x13, f14, f15       x13=00000001 f14:40f6debb f15:418727ac
21081968ns          362283 1c008938 00069663 bne              x13, x0, 12         x13:00000001
21082465ns          362308 1c008944 01012603 lw               x12, 16(x2)         x12=41c9b797  x2:10001598  PA:100015a8
21082505ns          362310 1c008946 a0c78753 fle.s            x14, f15, f12       x14=00000001 f15:418727ac f12:41c9b797
21082525ns          362311 1c00894a 00071663 bne              x14, x0, 12         x14:00000001
21082982ns          362334 1c008956 03412783 lw               x15, 52(x2)         x15=4107db6e  x2:10001598  PA:100015cc
21083002ns          362335 1c008958 00000713 addi             x14, x0, 0          x14=00000000
21083022ns          362336 1c00895c a0e79753 flt.s            x14, f15, f14       x14=00000000 f15:4107db6e f14:00000000
21083460ns          362358 1c008960 00070363 beq              x14, x0, 6          x14:00000000
21083519ns          362361 1c008966 04812703 lw               x14, 72(x2)         x14=40bac3ff  x2:10001598  PA:100015e0
21083539ns          362362 1c008968 00000693 addi             x13, x0, 0          x13=00000000
21083559ns          362363 1c00896c a0d716d3 flt.s            x13, f14, f13       x13=00000000 f14:40bac3ff f13:00000000
21083997ns          362385 1c008970 00068363 beq              x13, x0, 6          x13:00000000
21084076ns          362389 1c008976 a0f706d3 fle.s            x13, f14, f15       x13=00000001 f14:40bac3ff f15:4107db6e
21084096ns          362390 1c00897a 00069663 bne              x13, x0, 12         x13:00000001
21084593ns          362415 1c008986 01012683 lw               x13, 16(x2)         x13=41c9b797  x2:10001598  PA:100015a8
21084633ns          362417 1c008988 a0d78753 fle.s            x14, f15, f13       x14=00000001 f15:4107db6e f13:41c9b797
21084653ns          362418 1c00898c 00071663 bne              x14, x0, 12         x14:00000001
21085111ns          362441 1c008998 03812783 lw               x15, 56(x2)         x15=40f47fdb  x2:10001598  PA:100015d0
21085130ns          362442 1c00899a 00000713 addi             x14, x0, 0          x14=00000000
21085568ns          362464 1c00899e a0e79753 flt.s            x14, f15, f14       x14=00000000 f15:40f47fdb f14:00000000
21085588ns          362465 1c0089a2 00070363 beq              x14, x0, 6          x14:00000000
21085648ns          362468 1c0089a8 04c12703 lw               x14, 76(x2)         x14=3fd03a2a  x2:10001598  PA:100015e4
21085667ns          362469 1c0089aa 00000693 addi             x13, x0, 0          x13=00000000
21086105ns          362491 1c0089ae a0d716d3 flt.s            x13, f14, f13       x13=00000000 f14:3fd03a2a f13:00000000
21086125ns          362492 1c0089b2 00068363 beq              x13, x0, 6          x13:00000000
21086185ns          362495 1c0089b8 a0f706d3 fle.s            x13, f14, f15       x13=00000001 f14:3fd03a2a f15:40f47fdb
21086205ns          362496 1c0089bc 00069663 bne              x13, x0, 12         x13:00000001
21086682ns          362520 1c0089c8 01012803 lw               x16, 16(x2)         x16=41c9b797  x2:10001598  PA:100015a8
21086722ns          362522 1c0089ca a1078753 fle.s            x14, f15, f16       x14=00000001 f15:40f47fdb f16:41c9b797
21086742ns          362523 1c0089ce 00071663 bne              x14, x0, 12         x14:00000001
21087199ns          362546 1c0089da 03c12783 lw               x15, 60(x2)         x15=40b6eb43  x2:10001598  PA:100015d4
21087219ns          362547 1c0089dc 00000713 addi             x14, x0, 0          x14=00000000
21087657ns          362569 1c0089e0 a0e79753 flt.s            x14, f15, f14       x14=00000000 f15:40b6eb43 f14:00000000
21087696ns          362571 1c0089e4 00070363 beq              x14, x0, 6          x14:00000000
21087756ns          362574 1c0089ea 05012703 lw               x14, 80(x2)         x14=00000000  x2:10001598  PA:100015e8
21087776ns          362575 1c0089ec 00000693 addi             x13, x0, 0          x13=00000000
21088213ns          362597 1c0089f0 a0d716d3 flt.s            x13, f14, f13       x13=00000000 f14:00000000 f13:00000000
21088253ns          362599 1c0089f4 00068363 beq              x13, x0, 6          x13:00000000
21088333ns          362603 1c0089fa a0f706d3 fle.s            x13, f14, f15       x13=00000001 f14:00000000 f15:40b6eb43
21088353ns          362604 1c0089fe 00069663 bne              x13, x0, 12         x13:00000001
21088810ns          362627 1c008a0a 01012883 lw               x17, 16(x2)         x17=41c9b797  x2:10001598  PA:100015a8
21088850ns          362629 1c008a0c a1178753 fle.s            x14, f15, f17       x14=00000001 f15:40b6eb43 f17:41c9b797
21089268ns          362650 1c008a10 00071663 bne              x14, x0, 12         x14:00000001
21089327ns          362653 1c008a1c 00c00993 addi             x19, x0, 12         x19=0000000c
21089347ns          362654 1c008a1e 00300d93 addi             x27, x0, 3          x27=00000003
21089785ns          362676 1c008a20 00012a23 sw               x0, 20(x2)           x2:10001598  PA:100015ac
21089805ns          362677 1c008a22 01312423 sw               x19, 8(x2)          x19:0000000c  x2:10001598  PA:100015a0
21089845ns          362679 1c008a24 00400c13 addi             x24, x0, 4          x24=00000004
21089864ns          362680 1c008a26 00812503 lw               x10, 8(x2)          x10=0000000c  x2:10001598  PA:100015a0
21089884ns          362681 1c008a28 04010613 addi             x12, x2, 64         x12=100015d8  x2:10001598
21089904ns          362682 1c008a2a 01b509b3 add              x19, x10, x27       x19=0000000f x10:0000000c x27:00000003
21089924ns          362683 1c008a2e 02c10593 addi             x11, x2, 44         x11=100015c4  x2:10001598
21090302ns          362702 1c008a30 00a60633 add              x12, x12, x10       x12=100015e4 x12:100015d8 x10:0000000c
21090342ns          362704 1c008a32 002d8693 addi             x13, x27, 2         x13=00000005 x27:00000003
21090362ns          362705 1c008a36 1c000437 lui              x8, 0x1c000000       x8=1c000000
21090382ns          362706 1c008a3a 1c0004b7 lui              x9, 0x1c000000       x9=1c000000
21090401ns          362707 1c008a3e 00299993 slli             x19, x19, 0x2       x19=0000003c x19:0000000f
21090819ns          362728 1c008a40 00a58b33 add              x22, x11, x10       x22=100015d0 x11:100015c4 x10:0000000c
21090859ns          362730 1c008a44 00c12623 sw               x12, 12(x2)         x12:100015e4  x2:10001598  PA:100015a4
21090879ns          362731 1c008a46 00d12c23 sw               x13, 24(x2)         x13:00000005  x2:10001598  PA:100015b0
21090899ns          362732 1c008a48 02842a83 lw               x21, 40(x8)         x21=0c000000  x8:1c000000  PA:1c000028
21091316ns          362753 1c008a4c 02c4ab83 lw               x23, 44(x9)         x23=34000000  x9:1c000000  PA:1c00002c
21091615ns          362768 1c008a50 01a989b3 add              x19, x19, x26       x19=100016f8 x19:0000003c x26:100016bc
21091635ns          362769 1c008a52 00000f13 addi             x30, x0, 0          x30=00000000
21091655ns          362770 1c008a56 018007b3 add              x15, x0, x24        x15=00000004 x24:00000004
21091674ns          362771 1c008a58 004b2283 lw               x5, 4(x22)           x5=40b6eb43 x22:100015d0  PA:100015d4
21091694ns          362772 1c008a5c 71fdace3 p.beqimm         x27, 3864           x27:00000003
21092192ns          362797 1c008a60 01412e03 lw               x28, 20(x2)         x28=00000000  x2:10001598  PA:100015ac
21092212ns          362798 1c008a62 01400e93 addi             x29, x0, 20         x29=00000014
21092231ns          362799 1c008a64 77cec8e3 blt              x29, x28, 3952      x29:00000014 x28:00000000
21092251ns          362800 1c008a68 00c12f83 lw               x31, 12(x2)         x31=100015e4  x2:10001598  PA:100015a4
21092291ns          362802 1c008a6a 000fa683 lw               x13, 0(x31)         x13=3fd03a2a x31:100015e4  PA:100015e4
21092689ns          362822 1c008a6e a1e69753 flt.s            x14, f13, f30       x14=00000000 f13:3fd03a2a f30:00000000
21092709ns          362823 1c008a72 00070363 beq              x14, x0, 6          x14:00000000
21092768ns          362826 1c008a78 000b2603 lw               x12, 0(x22)         x12=40f47fdb x22:100015d0  PA:100015d0
21092808ns          362828 1c008a7c a1e61753 flt.s            x14, f12, f30       x14=00000000 f12:40f47fdb f30:00000000
21093246ns          362850 1c008a80 00c005b3 add              x11, x0, x12        x11=40f47fdb x12:40f47fdb
21093266ns          362851 1c008a82 00070363 beq              x14, x0, 6          x14:00000000
21093325ns          362854 1c008a88 a1e29753 flt.s            x14, f5, f30        x14=00000000  f5:40b6eb43 f30:00000000
21093345ns          362855 1c008a8c 00070363 beq              x14, x0, 6          x14:00000000
21093823ns          362879 1c008a92 00500733 add              x14, x0, x5         x14=40b6eb43  x5:40b6eb43
21093843ns          362880 1c008a94 00b77753 fadd.s           f14, f14, f11       f14=xxxxxxxx f14:40b6eb43 f11:40f47fdb
21093862ns          362881 1c008a98 11777753 fmul.s           f14, f14, f23       f14=xxxxxxxx f14:4155b58f f23:34000000
21093882ns          362882 1c008a9c a0e68753 fle.s            x14, f13, f14       x14=00000000 f13:3fd03a2a f14:35d5b58f
21094340ns          362905 1c008aa0 00070363 beq              x14, x0, 6          x14:00000000
21094419ns          362909 1c008aa6 1c000337 lui              x6, 0x1c000000       x6=1c000000
21094439ns          362910 1c008aaa 02830313 addi             x6, x6, 40           x6=1c000028  x6:1c000000
21094857ns          362931 1c008aae 00032303 lw               x6, 0(x6)            x6=0c000000  x6:1c000028  PA:1c000028
21095235ns          362950 1c008ab2 a06686d3 fle.s            x13, f13, f6        x13=00000000 f13:3fd03a2a  f6:0c000000
21095255ns          362951 1c008ab6 00068363 beq              x13, x0, 6          x13:00000000
21095752ns          362976 1c008abc fffd8693 addi             x13, x27, -1        x13=00000002 x27:00000003
21095772ns          362977 1c008ac0 000d9463 bne              x27, x0, 8          x27:00000003
21095832ns          362980 1c008ac8 00269713 slli             x14, x13, 0x2       x14=00000008 x13:00000002
21095852ns          362981 1c008acc 0e010393 addi             x7, x2, 224          x7=10001678  x2:10001598
21096269ns          363002 1c008ad0 00e385b3 add              x11, x7, x14        x11=10001680  x7:10001678 x14:00000008
21096309ns          363004 1c008ad4 f605a503 lw               x10, -160(x11)      x10=40bac3ff x11:10001680  PA:100015e0
21096349ns          363006 1c008ad8 a1e515d3 flt.s            x11, f10, f30       x11=00000000 f10:40bac3ff f30:00000000
21096369ns          363007 1c008adc 00058363 beq              x11, x0, 6          x11:00000000
21096846ns          363031 1c008ae2 0e010413 addi             x8, x2, 224          x8=10001678  x2:10001598
21096866ns          363032 1c008ae4 00e405b3 add              x11, x8, x14        x11=10001680  x8:10001678 x14:00000008
21096886ns          363033 1c008ae8 f4c5a583 lw               x11, -180(x11)      x11=4107db6e x11:10001680  PA:100015cc
21096926ns          363035 1c008aec a1e59853 flt.s            x16, f11, f30       x16=00000000 f11:4107db6e f30:00000000
21097323ns          363055 1c008af0 00080463 beq              x16, x0, 8          x16:00000000
21097383ns          363058 1c008af8 00b00833 add              x16, x0, x11        x16=4107db6e x11:4107db6e
21097403ns          363059 1c008afa a1e618d3 flt.s            x17, f12, f30       x17=00000000 f12:40f47fdb f30:00000000
21097880ns          363083 1c008afe 00088463 beq              x17, x0, 8          x17:00000000
21097960ns          363087 1c008b06 1c0004b7 lui              x9, 0x1c000000       x9=1c000000
21097980ns          363088 1c008b0a 01067653 fadd.s           f12, f12, f16       f12=xxxxxxxx f12:40f47fdb f16:4107db6e
21098398ns          363109 1c008b0e 02c48493 addi             x9, x9, 44           x9=1c00002c  x9:1c000000
21098417ns          363110 1c008b12 0004a483 lw               x9, 0(x9)            x9=34000000  x9:1c00002c  PA:1c00002c
21098855ns          363132 1c008b14 10967653 fmul.s           f12, f12, f9        f12=xxxxxxxx f12:41810dae  f9:34000000
21098875ns          363133 1c008b18 a0c50653 fle.s            x12, f10, f12       x12=00000000 f10:40bac3ff f12:36010dae
21098895ns          363134 1c008b1c 00060363 beq              x12, x0, 6          x12:00000000
21098994ns          363139 1c008b22 1c000637 lui              x12, 0x1c000000     x12=1c000000
21099014ns          363140 1c008b26 02860613 addi             x12, x12, 40        x12=1c000028 x12:1c000000
21099034ns          363141 1c008b2a 00062603 lw               x12, 0(x12)         x12=0c000000 x12:1c000028  PA:1c000028
21099492ns          363164 1c008b2c a0c50553 fle.s            x10, f10, f12       x10=00000000 f10:40bac3ff f12:0c000000
21099511ns          363165 1c008b30 00050363 beq              x10, x0, 6          x10:00000000
21099591ns          363169 1c008b36 ffed8813 addi             x16, x27, -2        x16=00000001 x27:00000003
21099611ns          363170 1c008b3a 01f83463 p.bneimm         x16, 8              x16:00000001
21100108ns          363195 1c008b42 00281713 slli             x14, x16, 0x2       x14=00000004 x16:00000001
21100128ns          363196 1c008b46 0e010893 addi             x17, x2, 224        x17=10001678  x2:10001598
21100148ns          363197 1c008b4a 00e88633 add              x12, x17, x14       x12=1000167c x17:10001678 x14:00000004
21100586ns          363219 1c008b4e f6062503 lw               x10, -160(x12)      x10=40f6debb x12:1000167c  PA:100015dc
21100625ns          363221 1c008b52 a1e51653 flt.s            x12, f10, f30       x12=00000000 f10:40f6debb f30:00000000
21100645ns          363222 1c008b56 00060363 beq              x12, x0, 6          x12:00000000
21101162ns          363248 1c008b5c 0e010e13 addi             x28, x2, 224        x28=10001678  x2:10001598
21101182ns          363249 1c008b60 01c70733 add              x14, x14, x28       x14=1000167c x14:00000004 x28:10001678
21101202ns          363250 1c008b62 f4c72883 lw               x17, -180(x14)      x17=418727ac x14:1000167c  PA:100015c8
21101242ns          363252 1c008b66 a1e89753 flt.s            x14, f17, f30       x14=00000000 f17:418727ac f30:00000000
21101262ns          363253 1c008b6a 00070363 beq              x14, x0, 6          x14:00000000
21101699ns          363275 1c008b70 01100733 add              x14, x0, x17        x14=418727ac x17:418727ac
21101719ns          363276 1c008b72 a1e59653 flt.s            x12, f11, f30       x12=00000000 f11:4107db6e f30:00000000
21101739ns          363277 1c008b76 00060363 beq              x12, x0, 6          x12:00000000
21102256ns          363303 1c008b7c 1c000eb7 lui              x29, 0x1c000000     x29=1c000000
21102276ns          363304 1c008b80 00e5f753 fadd.s           f14, f11, f14       f14=xxxxxxxx f11:4107db6e f14:418727ac
21102296ns          363305 1c008b84 02ce8e93 addi             x29, x29, 44        x29=1c00002c x29:1c000000
21102316ns          363306 1c008b88 000eae83 lw               x29, 0(x29)         x29=34000000 x29:1c00002c  PA:1c00002c
21102793ns          363330 1c008b8c 11d77753 fmul.s           f14, f14, f29       f14=xxxxxxxx f14:41cb1563 f29:34000000
21102813ns          363331 1c008b90 a0e50753 fle.s            x14, f10, f14       x14=00000000 f10:40f6debb f14:364b1563
21102833ns          363332 1c008b94 440718e3 bne              x14, x0, 3152       x14:00000000
21102853ns          363333 1c008b98 1c000fb7 lui              x31, 0x1c000000     x31=1c000000
21102873ns          363334 1c008b9c 028f8f93 addi             x31, x31, 40        x31=1c000028 x31:1c000000
21103291ns          363355 1c008ba0 000faf83 lw               x31, 0(x31)         x31=0c000000 x31:1c000028  PA:1c000028
21103768ns          363379 1c008ba4 a1f50553 fle.s            x10, f10, f31       x10=00000000 f10:40f6debb f31:0c000000
21103788ns          363380 1c008ba8 42051ee3 bne              x10, x0, 3132       x10:00000000
21103808ns          363381 1c008bac ffdd8693 addi             x13, x27, -3        x13=00000000 x27:00000003
21103828ns          363382 1c008bb0 01f6b463 p.bneimm         x13, 8              x13:00000000
21103887ns          363385 1c008bb8 00269713 slli             x14, x13, 0x2       x14=00000000 x13:00000000
21103907ns          363386 1c008bbc 0e010313 addi             x6, x2, 224          x6=10001678  x2:10001598
21104365ns          363409 1c008bc0 00e30633 add              x12, x6, x14        x12=10001678  x6:10001678 x14:00000000
21104405ns          363411 1c008bc4 f6062583 lw               x11, -160(x12)      x11=41c9b797 x12:10001678  PA:100015d8
21104444ns          363413 1c008bc8 a1e59653 flt.s            x12, f11, f30       x12=00000000 f11:41c9b797 f30:00000000
21104464ns          363414 1c008bcc 00060363 beq              x12, x0, 6          x12:00000000
21104922ns          363437 1c008bd2 0e010393 addi             x7, x2, 224          x7=10001678  x2:10001598
21104942ns          363438 1c008bd6 00e38633 add              x12, x7, x14        x12=10001678  x7:10001678 x14:00000000
21104962ns          363439 1c008bda f4c62603 lw               x12, -180(x12)      x12=4183cc6b x12:10001678  PA:100015c4
21105419ns          363462 1c008bde a1e61553 flt.s            x10, f12, f30       x10=00000000 f12:4183cc6b f30:00000000
21105439ns          363463 1c008be2 00050363 beq              x10, x0, 6          x10:00000000
21105499ns          363466 1c008be8 a1e89553 flt.s            x10, f17, f30       x10=00000000 f17:418727ac f30:00000000
21105518ns          363467 1c008bec 00050363 beq              x10, x0, 6          x10:00000000
21105996ns          363491 1c008bf2 1c000437 lui              x8, 0x1c000000       x8=1c000000
21106016ns          363492 1c008bf6 01167653 fadd.s           f12, f12, f17       f12=xxxxxxxx f12:4183cc6b f17:418727ac
21106036ns          363493 1c008bfa 02c40413 addi             x8, x8, 44           x8=1c00002c  x8:1c000000
21106056ns          363494 1c008bfe 00042403 lw               x8, 0(x8)            x8=34000000  x8:1c00002c  PA:1c00002c
21106493ns          363516 1c008c00 10867653 fmul.s           f12, f12, f8        f12=xxxxxxxx f12:42057a0c  f8:34000000
21106533ns          363518 1c008c04 a0c58653 fle.s            x12, f11, f12       x12=00000000 f11:41c9b797 f12:36857a0c
21106553ns          363519 1c008c08 3e0613e3 bne              x12, x0, 3046       x12:00000000
21106573ns          363520 1c008c0c 1c0004b7 lui              x9, 0x1c000000       x9=1c000000
21107010ns          363542 1c008c10 02848493 addi             x9, x9, 40           x9=1c000028  x9:1c000000
21107050ns          363544 1c008c14 0004a483 lw               x9, 0(x9)            x9=0c000000  x9:1c000028  PA:1c000028
21107488ns          363566 1c008c16 a09585d3 fle.s            x11, f11, f9        x11=00000000 f11:41c9b797  f9:0c000000
21107508ns          363567 1c008c1a 3c059ae3 bne              x11, x0, 3028       x11:00000000
21107527ns          363568 1c008c1e 00000813 addi             x16, x0, 0          x16=00000000
21107567ns          363570 1c008c20 fff00693 addi             x13, x0, -1         x13=ffffffff
21107607ns          363572 1c008c22 3d880de3 beq              x16, x24, 3034      x16:00000000 x24:00000004
21107627ns          363573 1c008c26 002d8393 addi             x7, x27, 2           x7=00000005 x27:00000003
21107647ns          363574 1c008c2a 7c76d5e3 bge              x13, x7, 4042       x13:ffffffff  x7:00000005
21108064ns          363595 1c008c2e 00268f93 addi             x31, x13, 2         x31=00000001 x13:ffffffff
21108104ns          363597 1c008c32 3e780a63 beq              x16, x7, 1012       x16:00000000  x7:00000005
21108124ns          363598 1c008c36 002c1e93 slli             x29, x24, 0x2       x29=00000010 x24:00000004
21108144ns          363599 1c008c3a 04010493 addi             x9, x2, 64           x9=100015d8  x2:10001598
21108164ns          363600 1c008c3c ffce8593 addi             x11, x29, -4        x11=0000000c x29:00000010
21108602ns          363622 1c008c40 1c000637 lui              x12, 0x1c000000     x12=1c000000
21108641ns          363624 1c008c44 02c10413 addi             x8, x2, 44           x8=100015c4  x2:10001598
21108661ns          363625 1c008c46 1c000537 lui              x10, 0x1c000000     x10=1c000000
21108681ns          363626 1c008c4a 009585b3 add              x11, x11, x9        x11=100015e4 x11:0000000c  x9:100015d8
21108701ns          363627 1c008c4c 02862483 lw               x9, 40(x12)          x9=0c000000 x12:1c000000  PA:1c000028
21109099ns          363647 1c008c50 01d40333 add              x6, x8, x29          x6=100015d4  x8:100015c4 x29:00000010
21109139ns          363649 1c008c54 00700733 add              x14, x0, x7         x14=00000005  x7:00000005
21109158ns          363650 1c008c56 02c52403 lw               x8, 44(x10)          x8=34000000 x10:1c000000  PA:1c00002c
21109576ns          363671 1c008c5a 00168693 addi             x13, x13, 1         x13=00000000 x13:ffffffff
21109596ns          363672 1c008c5c 00000e13 addi             x28, x0, 0          x28=00000000
21109636ns          363674 1c008c60 41038533 sub              x10, x7, x16        x10=00000005  x7:00000005 x16:00000000
21109676ns          363676 1c008c64 1e0540fb lp.setup         0x1, x10, 0x1e0     x10:00000005
21109696ns          363677 1c008c68 fff70893 addi             x17, x14, -1        x17=00000004 x14:00000005
21109715ns          363678 1c008c6c 00000793 addi             x15, x0, 0          x15=00000000
21110133ns          363699 1c008c70 00ec4763 blt              x24, x14, 14        x24:00000004 x14:00000005
21110650ns          363725 1c008c7e 00efd963 bge              x31, x14, 18        x31:00000001 x14:00000005
21110670ns          363726 1c008c82 0005a603 lw               x12, 0(x11)         x12=3fd03a2a x11:100015e4  PA:100015e4
21110710ns          363728 1c008c84 a1c61f53 flt.s            x30, f12, f28       x30=00000000 f12:3fd03a2a f28:00000000
21110730ns          363729 1c008c88 380f1163 bne              x30, x0, 898        x30:00000000
21110750ns          363730 1c008c8c 00c7f7d3 fadd.s           f15, f15, f12       f15=xxxxxxxx f15:00000000 f12:3fd03a2a
21111167ns          363751 1c008c90 ffc3260b p.lw             x12, -4(x6!)        x12=40b6eb43  x6=100015d0  x6:100015d4  PA:100015d4
21111207ns          363753 1c008c94 a1c61f53 flt.s            x30, f12, f28       x30=00000000 f12:40b6eb43 f28:00000000
21111227ns          363754 1c008c98 000f0463 beq              x30, x0, 8          x30:00000000
21111744ns          363780 1c008ca0 1087f7d3 fmul.s           f15, f15, f8        f15=xxxxxxxx f15:3fd03a2a  f8:34000000
21111764ns          363781 1c008ca4 a0f607d3 fle.s            x15, f12, f15       x15=00000000 f12:40b6eb43 f15:34503a2a
21111784ns          363782 1c008ca8 00079563 bne              x15, x0, 10         x15:00000000
21111804ns          363783 1c008caa a0960653 fle.s            x12, f12, f9        x12=00000000 f12:40b6eb43  f9:0c000000
21112222ns          363804 1c008cae 36060663 beq              x12, x0, 876        x12:00000000
21112361ns          363811 1c00901a 00d71463 bne              x14, x13, 8         x14:00000005 x13:00000000
21112858ns          363836 1c009022 01100733 add              x14, x0, x17        x14=00000004 x17:00000004
21112878ns          363837 1c009024 ffc58593 addi             x11, x11, -4        x11=100015e0 x11:100015e4
21112898ns          363838 1c008c68 fff70893 addi             x17, x14, -1        x17=00000003 x14:00000004
21112918ns          363839 1c008c6c 00000793 addi             x15, x0, 0          x15=00000000
21112938ns          363840 1c008c70 00ec4763 blt              x24, x14, 14        x24:00000004 x14:00000004
21112958ns          363841 1c008c74 0045a783 lw               x15, 4(x11)         x15=3fd03a2a x11:100015e0  PA:100015e4
21112997ns          363843 1c008c76 a1c79653 flt.s            x12, f15, f28       x12=00000000 f15:3fd03a2a f28:00000000
21113017ns          363844 1c008c7a 38061b63 bne              x12, x0, 918        x12:00000000
21113037ns          363845 1c008c7e 00efd963 bge              x31, x14, 18        x31:00000001 x14:00000004
21113057ns          363846 1c008c82 0005a603 lw               x12, 0(x11)         x12=40bac3ff x11:100015e0  PA:100015e0
21113097ns          363848 1c008c84 a1c61f53 flt.s            x30, f12, f28       x30=00000000 f12:40bac3ff f28:00000000
21113117ns          363849 1c008c88 380f1163 bne              x30, x0, 898        x30:00000000
21113137ns          363850 1c008c8c 00c7f7d3 fadd.s           f15, f15, f12       f15=xxxxxxxx f15:3fd03a2a f12:40bac3ff
21113156ns          363851 1c008c90 ffc3260b p.lw             x12, -4(x6!)        x12=40f47fdb  x6=100015cc  x6:100015d0  PA:100015d0
21113196ns          363853 1c008c94 a1c61f53 flt.s            x30, f12, f28       x30=00000000 f12:40f47fdb f28:00000000
21113216ns          363854 1c008c98 000f0463 beq              x30, x0, 8          x30:00000000
21113276ns          363857 1c008ca0 1087f7d3 fmul.s           f15, f15, f8        f15=xxxxxxxx f15:40eed28a  f8:34000000
21113296ns          363858 1c008ca4 a0f607d3 fle.s            x15, f12, f15       x15=00000000 f12:40f47fdb f15:356ed28a
21113316ns          363859 1c008ca8 00079563 bne              x15, x0, 10         x15:00000000
21113336ns          363860 1c008caa a0960653 fle.s            x12, f12, f9        x12=00000000 f12:40f47fdb  f9:0c000000
21113355ns          363861 1c008cae 36060663 beq              x12, x0, 876        x12:00000000
21113435ns          363865 1c00901a 00d71463 bne              x14, x13, 8         x14:00000004 x13:00000000
21113495ns          363868 1c009022 01100733 add              x14, x0, x17        x14=00000003 x17:00000003
21113515ns          363869 1c009024 ffc58593 addi             x11, x11, -4        x11=100015dc x11:100015e0
21113534ns          363870 1c008c68 fff70893 addi             x17, x14, -1        x17=00000002 x14:00000003
21113554ns          363871 1c008c6c 00000793 addi             x15, x0, 0          x15=00000000
21113574ns          363872 1c008c70 00ec4763 blt              x24, x14, 14        x24:00000004 x14:00000003
21113594ns          363873 1c008c74 0045a783 lw               x15, 4(x11)         x15=40bac3ff x11:100015dc  PA:100015e0
21113634ns          363875 1c008c76 a1c79653 flt.s            x12, f15, f28       x12=00000000 f15:40bac3ff f28:00000000
21113654ns          363876 1c008c7a 38061b63 bne              x12, x0, 918        x12:00000000
21113674ns          363877 1c008c7e 00efd963 bge              x31, x14, 18        x31:00000001 x14:00000003
21113694ns          363878 1c008c82 0005a603 lw               x12, 0(x11)         x12=40f6debb x11:100015dc  PA:100015dc
21113733ns          363880 1c008c84 a1c61f53 flt.s            x30, f12, f28       x30=00000000 f12:40f6debb f28:00000000
21113753ns          363881 1c008c88 380f1163 bne              x30, x0, 898        x30:00000000
21113773ns          363882 1c008c8c 00c7f7d3 fadd.s           f15, f15, f12       f15=xxxxxxxx f15:40bac3ff f12:40f6debb
21113793ns          363883 1c008c90 ffc3260b p.lw             x12, -4(x6!)        x12=4107db6e  x6=100015c8  x6:100015cc  PA:100015cc
21113833ns          363885 1c008c94 a1c61f53 flt.s            x30, f12, f28       x30=00000000 f12:4107db6e f28:00000000
21113853ns          363886 1c008c98 000f0463 beq              x30, x0, 8          x30:00000000
21113912ns          363889 1c008ca0 1087f7d3 fmul.s           f15, f15, f8        f15=xxxxxxxx f15:4158d15d  f8:34000000
21113932ns          363890 1c008ca4 a0f607d3 fle.s            x15, f12, f15       x15=00000000 f12:4107db6e f15:35d8d15d
21113952ns          363891 1c008ca8 00079563 bne              x15, x0, 10         x15:00000000
21113972ns          363892 1c008caa a0960653 fle.s            x12, f12, f9        x12=00000000 f12:4107db6e  f9:0c000000
21113992ns          363893 1c008cae 36060663 beq              x12, x0, 876        x12:00000000
21114071ns          363897 1c00901a 00d71463 bne              x14, x13, 8         x14:00000003 x13:00000000
21114131ns          363900 1c009022 01100733 add              x14, x0, x17        x14=00000002 x17:00000002
21114151ns          363901 1c009024 ffc58593 addi             x11, x11, -4        x11=100015d8 x11:100015dc
21114171ns          363902 1c008c68 fff70893 addi             x17, x14, -1        x17=00000001 x14:00000002
21114191ns          363903 1c008c6c 00000793 addi             x15, x0, 0          x15=00000000
21114211ns          363904 1c008c70 00ec4763 blt              x24, x14, 14        x24:00000004 x14:00000002
21114231ns          363905 1c008c74 0045a783 lw               x15, 4(x11)         x15=40f6debb x11:100015d8  PA:100015dc
21114270ns          363907 1c008c76 a1c79653 flt.s            x12, f15, f28       x12=00000000 f15:40f6debb f28:00000000
21114290ns          363908 1c008c7a 38061b63 bne              x12, x0, 918        x12:00000000
21114310ns          363909 1c008c7e 00efd963 bge              x31, x14, 18        x31:00000001 x14:00000002
21114330ns          363910 1c008c82 0005a603 lw               x12, 0(x11)         x12=41c9b797 x11:100015d8  PA:100015d8
21114370ns          363912 1c008c84 a1c61f53 flt.s            x30, f12, f28       x30=00000000 f12:41c9b797 f28:00000000
21114390ns          363913 1c008c88 380f1163 bne              x30, x0, 898        x30:00000000
21114410ns          363914 1c008c8c 00c7f7d3 fadd.s           f15, f15, f12       f15=xxxxxxxx f15:40f6debb f12:41c9b797
21114430ns          363915 1c008c90 ffc3260b p.lw             x12, -4(x6!)        x12=418727ac  x6=100015c4  x6:100015c8  PA:100015c8
21114469ns          363917 1c008c94 a1c61f53 flt.s            x30, f12, f28       x30=00000000 f12:418727ac f28:00000000
21114489ns          363918 1c008c98 000f0463 beq              x30, x0, 8          x30:00000000
21114549ns          363921 1c008ca0 1087f7d3 fmul.s           f15, f15, f8        f15=xxxxxxxx f15:4203b7a3  f8:34000000
21114569ns          363922 1c008ca4 a0f607d3 fle.s            x15, f12, f15       x15=00000000 f12:418727ac f15:3683b7a3
21114589ns          363923 1c008ca8 00079563 bne              x15, x0, 10         x15:00000000
21114609ns          363924 1c008caa a0960653 fle.s            x12, f12, f9        x12=00000000 f12:418727ac  f9:0c000000
21114628ns          363925 1c008cae 36060663 beq              x12, x0, 876        x12:00000000
21114708ns          363929 1c00901a 00d71463 bne              x14, x13, 8         x14:00000002 x13:00000000
21114768ns          363932 1c009022 01100733 add              x14, x0, x17        x14=00000001 x17:00000001
21114788ns          363933 1c009024 ffc58593 addi             x11, x11, -4        x11=100015d4 x11:100015d8
21114807ns          363934 1c008c68 fff70893 addi             x17, x14, -1        x17=00000000 x14:00000001
21114827ns          363935 1c008c6c 00000793 addi             x15, x0, 0          x15=00000000
21114847ns          363936 1c008c70 00ec4763 blt              x24, x14, 14        x24:00000004 x14:00000001
21114867ns          363937 1c008c74 0045a783 lw               x15, 4(x11)         x15=41c9b797 x11:100015d4  PA:100015d8
21114907ns          363939 1c008c76 a1c79653 flt.s            x12, f15, f28       x12=00000000 f15:41c9b797 f28:00000000
21114927ns          363940 1c008c7a 38061b63 bne              x12, x0, 918        x12:00000000
21114947ns          363941 1c008c7e 00efd963 bge              x31, x14, 18        x31:00000001 x14:00000001
21115006ns          363944 1c008c90 ffc3260b p.lw             x12, -4(x6!)        x12=4183cc6b  x6=100015c0  x6:100015c4  PA:100015c4
21115046ns          363946 1c008c94 a1c61f53 flt.s            x30, f12, f28       x30=00000000 f12:4183cc6b f28:00000000
21115066ns          363947 1c008c98 000f0463 beq              x30, x0, 8          x30:00000000
21115126ns          363950 1c008ca0 1087f7d3 fmul.s           f15, f15, f8        f15=xxxxxxxx f15:41c9b797  f8:34000000
21115146ns          363951 1c008ca4 a0f607d3 fle.s            x15, f12, f15       x15=00000000 f12:4183cc6b f15:3649b797
21115165ns          363952 1c008ca8 00079563 bne              x15, x0, 10         x15:00000000
21115185ns          363953 1c008caa a0960653 fle.s            x12, f12, f9        x12=00000000 f12:4183cc6b  f9:0c000000
21115205ns          363954 1c008cae 36060663 beq              x12, x0, 876        x12:00000000
21115285ns          363958 1c00901a 00d71463 bne              x14, x13, 8         x14:00000001 x13:00000000
21115344ns          363961 1c009022 01100733 add              x14, x0, x17        x14=00000000 x17:00000000
21115364ns          363962 1c009024 ffc58593 addi             x11, x11, -4        x11=100015d0 x11:100015d4
21115384ns          363963 1c009026 00000793 addi             x15, x0, 0          x15=00000000
21115404ns          363964 1c00902a a0f297d3 flt.s            x15, f5, f15        x15=00000000  f5:40b6eb43 f15:00000000
21115424ns          363965 1c00902e 005006b3 add              x13, x0, x5         x13=40b6eb43  x5:40b6eb43
21115822ns          363985 1c009030 00078363 beq              x15, x0, 6          x15:00000000
21115901ns          363989 1c009036 002d9593 slli             x11, x27, 0x2       x11=0000000c x27:00000003
21115921ns          363990 1c00903a 0e010613 addi             x12, x2, 224        x12=10001678  x2:10001598
21115941ns          363991 1c00903c 00b607b3 add              x15, x12, x11       x15=10001684 x12:10001678 x11:0000000c
21116399ns          364014 1c009040 f4c7a603 lw               x12, -180(x15)      x12=40f47fdb x15:10001684  PA:100015d0
21116438ns          364016 1c009044 00000793 addi             x15, x0, 0          x15=00000000
21116458ns          364017 1c009048 a0f617d3 flt.s            x15, f12, f15       x15=00000000 f12:40f47fdb f15:00000000
21116478ns          364018 1c00904c 00b12423 sw               x11, 8(x2)          x11:0000000c  x2:10001598  PA:100015a0
21116498ns          364019 1c00904e 06d12423 sw               x13, 104(x2)        x13:40b6eb43  x2:10001598  PA:10001600
21116896ns          364039 1c009050 00c00533 add              x10, x0, x12        x10=40f47fdb x12:40f47fdb
21116916ns          364040 1c009052 00b008b3 add              x17, x0, x11        x17=0000000c x11:0000000c
21116936ns          364041 1c009054 00078363 beq              x15, x0, 6          x15:00000000
21116995ns          364044 1c00905a 0e010713 addi             x14, x2, 224        x14=10001678  x2:10001598
21117015ns          364045 1c00905c 011707b3 add              x15, x14, x17       x15=10001684 x14:10001678 x17:0000000c
21117473ns          364068 1c009060 f607a783 lw               x15, -160(x15)      x15=3fd03a2a x15:10001684  PA:100015e4
21117532ns          364071 1c009064 00000713 addi             x14, x0, 0          x14=00000000
21117552ns          364072 1c009068 a0e79753 flt.s            x14, f15, f14       x14=00000000 f15:3fd03a2a f14:00000000
21117572ns          364073 1c00906c 06a12623 sw               x10, 108(x2)        x10:40f47fdb  x2:10001598  PA:10001604
21117592ns          364074 1c00906e 00070363 beq              x14, x0, 6          x14:00000000
21118010ns          364095 1c009074 00f00733 add              x14, x0, x15        x14=3fd03a2a x15:3fd03a2a
21118030ns          364096 1c009076 00281813 slli             x16, x16, 0x2       x16=00000000 x16:00000000
21118050ns          364097 1c009078 0e010993 addi             x19, x2, 224        x19=10001678  x2:10001598
21118070ns          364098 1c00907c 010985b3 add              x11, x19, x16       x11=10001678 x19:10001678 x16:00000000
21118507ns          364120 1c009080 f4c5a883 lw               x17, -180(x11)      x17=4183cc6b x11:10001678  PA:100015c4
21118547ns          364122 1c009084 00000593 addi             x11, x0, 0          x11=00000000
21118567ns          364123 1c009088 a0b895d3 flt.s            x11, f17, f11       x11=00000000 f17:4183cc6b f11:00000000
21118587ns          364124 1c00908c 06e12823 sw               x14, 112(x2)        x14:3fd03a2a  x2:10001598  PA:10001608
21118607ns          364125 1c00908e 01100e33 add              x28, x0, x17        x28=4183cc6b x17:4183cc6b
21119024ns          364146 1c009090 00058363 beq              x11, x0, 6          x11:00000000
21119104ns          364150 1c009096 0e010e93 addi             x29, x2, 224        x29=10001678  x2:10001598
21119124ns          364151 1c00909a 01d80833 add              x16, x16, x29       x16=10001678 x16:00000000 x29:10001678
21119144ns          364152 1c00909c f6082303 lw               x6, -160(x16)        x6=41c9b797 x16:10001678  PA:100015d8
21119581ns          364174 1c0090a0 00000593 addi             x11, x0, 0          x11=00000000
21119621ns          364176 1c0090a4 a0b315d3 flt.s            x11, f6, f11        x11=00000000  f6:41c9b797 f11:00000000
21119641ns          364177 1c0090a8 07c12a23 sw               x28, 116(x2)        x28:4183cc6b  x2:10001598  PA:1000160c
21119661ns          364178 1c0090aa 00058363 beq              x11, x0, 6          x11:00000000
21120118ns          364201 1c0090b0 006005b3 add              x11, x0, x6         x11=41c9b797  x6:41c9b797
21120138ns          364202 1c0090b2 a0d6a853 feq.s            x16, f13, f13       x16=00000001 f13:40b6eb43 f13:40b6eb43
21120158ns          364203 1c0090b6 06b12c23 sw               x11, 120(x2)        x11:41c9b797  x2:10001598  PA:10001610
21120178ns          364204 1c0090b8 00080463 beq              x16, x0, 8          x16:00000001
21120198ns          364205 1c0090bc 0080106f jal              x0, 4104           
21121093ns          364250 1c00a0c4 a0a69853 flt.s            x16, f13, f10       x16=00000001 f13:40b6eb43 f10:40f47fdb
21121133ns          364252 1c00a0c8 1e080563 beq              x16, x0, 490        x16:00000001
21121153ns          364253 1c00a0cc a0e516d3 flt.s            x13, f10, f14       x13=00000000 f10:40f47fdb f14:3fd03a2a
21121570ns          364274 1c00a0d0 28069163 bne              x13, x0, 642        x13:00000000
21121610ns          364276 1c00a0d4 07412703 lw               x14, 116(x2)        x14=4183cc6b  x2:10001598  PA:1000160c
21121650ns          364278 1c00a0d6 a0e516d3 flt.s            x13, f10, f14       x13=00000001 f10:40f47fdb f14:4183cc6b
21121670ns          364279 1c00a0da 00069263 bne              x13, x0, 4          x13:00000001
21122147ns          364303 1c00a0de a0b716d3 flt.s            x13, f14, f11       x13=00000001 f14:4183cc6b f11:41c9b797
21122167ns          364304 1c00a0e2 84069063 bne              x13, x0, -4032      x13:00000001
21122684ns          364330 1c009122 1c0004b7 lui              x9, 0x1c000000       x9=1c000000
21122704ns          364331 1c009126 0204a703 lw               x14, 32(x9)         x14=3f800000  x9:1c000000  PA:1c000020
21123142ns          364353 1c00912a 18b77753 fdiv.s           f14, f14, f11       f14=xxxxxxxx f14:3f800000 f11:41c9b797
21123818ns          364387 1c00912e 105772d3 fmul.s           f5, f14, f5          f5=xxxxxxxx f14:3d2271fe  f5:40b6eb43
21123838ns          364388 1c009132 10e7f7d3 fmul.s           f15, f15, f14       f15=xxxxxxxx f15:3fd03a2a f14:3d2271fe
21123858ns          364389 1c009136 00000513 addi             x10, x0, 0          x10=00000000
21123878ns          364390 1c00913a 28e676c3 fmadd.s          f13, f12, f14, f5   f13=xxxxxxxx f12:40f47fdb f14:3d2271fe  f5:3e6824a7
21123937ns          364393 1c00913e 28e67e47 fmsub.s          f28, f12, f14, f5   f28=xxxxxxxx f12:40f47fdb f14:3d2271fe  f5:3e6824a7
21123977ns          364395 1c009142 10f7f853 fmul.s           f16, f15, f15       f16=xxxxxxxx f15:3d842187 f15:3d842187
21123997ns          364396 1c009146 10f2f653 fmul.s           f12, f5, f15        f12=xxxxxxxx  f5:3e6824a7 f15:3d842187
21124017ns          364397 1c00914a 10e8f7d3 fmul.s           f15, f17, f14       f15=xxxxxxxx f17:4183cc6b f14:3d2271fe
21124375ns          364415 1c00914e 1c000737 lui              x14, 0x1c000000     x14=1c000000
21124415ns          364417 1c009152 81c6f6c3 fmadd.s          f13, f13, f28, f16  f13=xxxxxxxx f13:3f079c0e f28:3d9c4dd0 f16:3b88652f
21124435ns          364418 1c009156 03070713 addi             x14, x14, 48        x14=1c000030 x14:1c000000
21124454ns          364419 1c00915a 00072703 lw               x14, 0(x14)         x14=3f000000 x14:1c000030  PA:1c000030
21124852ns          364439 1c00915c 10c67653 fmul.s           f12, f12, f12       f12=xxxxxxxx f12:3c6fa29b f12:3c6fa29b
21124912ns          364442 1c009160 10e6f6d3 fmul.s           f13, f13, f14       f13=xxxxxxxx f13:3d36a547 f14:3f000000
21124952ns          364444 1c009164 a0a6a753 feq.s            x14, f13, f10       x14=00000000 f13:3cb6a547 f10:00000000
21124972ns          364445 1c009168 00070663 beq              x14, x0, 12         x14:00000000
21125469ns          364470 1c009174 00000513 addi             x10, x0, 0          x10=00000000
21125489ns          364471 1c009178 a0a69553 flt.s            x10, f13, f10       x10=00000000 f13:3cb6a547 f10:00000000
21125509ns          364472 1c00917c 60d6f743 fmadd.s          f14, f13, f13, f12  f14=xxxxxxxx f13:3cb6a547 f13:3cb6a547 f12:39605105
21125926ns          364493 1c009180 58077753 fsqrt.s          f14, f14            f14=xxxxxxxx f14:3a3a63ad
21126702ns          364532 1c009184 00050363 beq              x10, x0, 6          x10:00000000
21126782ns          364536 1c00918a 00e6f6d3 fadd.s           f13, f13, f14       f13=xxxxxxxx f13:3cb6a547 f14:3cda706e
21126802ns          364537 1c00918e 18d67753 fdiv.s           f14, f12, f13       f14=xxxxxxxx f12:39605105 f13:3d488ada
21127538ns          364574 1c009192 00f2f853 fadd.s           f16, f5, f15        f16=xxxxxxxx  f5:3e6824a7 f15:3f274417
21127816ns          364588 1c009196 0857f6d3 fsub.s           f13, f15, f5        f13=xxxxxxxx f15:3f274417  f5:3e6824a7
21127836ns          364589 1c00919a 18b375d3 fdiv.s           f11, f6, f11        f11=xxxxxxxx  f6:41c9b797 f11:41c9b797
21128910ns          364643 1c00919e 10b7f7d3 fmul.s           f15, f15, f11       f15=xxxxxxxx f15:3f274417 f11:3f800000
21128930ns          364644 1c0091a2 70d87843 fmadd.s          f16, f16, f13, f14  f16=xxxxxxxx f16:3f614d41 f13:3eda75da f14:3b8f2c9d
21128950ns          364645 1c0091a6 5dfc4563 blt              x24, x31, 1482      x24:00000004 x31:00000001
21128970ns          364646 1c0091aa 002f9693 slli             x13, x31, 0x2       x13=00000004 x31:00000001
21129029ns          364649 1c0091ae 01f68333 add              x6, x13, x31         x6=00000005 x13:00000004 x31:00000001
21129049ns          364650 1c0091b2 00231313 slli             x6, x6, 0x2          x6=00000014  x6:00000005
21129069ns          364651 1c0091b4 058fc733 p.min            x14, x31, x24       x14=00000001 x31:00000001 x24:00000004
21129089ns          364652 1c0091b8 02c10893 addi             x17, x2, 44         x17=100015c4  x2:10001598
21129109ns          364653 1c0091bc 0e010993 addi             x19, x2, 224        x19=10001678  x2:10001598
21129447ns          364670 1c0091c0 ffc68a13 addi             x20, x13, -4        x20=00000000 x13:00000004
21129487ns          364672 1c0091c4 fec30e13 addi             x28, x6, -20        x28=00000000  x6:00000014
21129507ns          364673 1c0091c8 00d88ab3 add              x21, x17, x13       x21=100015c8 x17:100015c4 x13:00000004
21129527ns          364674 1c0091cc 00d98633 add              x12, x19, x13       x12=1000167c x19:10001678 x13:00000004
21129984ns          364697 1c0091d0 41f70b33 sub              x22, x14, x31       x22=00000000 x14:00000001 x31:00000001
21130024ns          364699 1c0091d4 04010393 addi             x7, x2, 64           x7=100015d8  x2:10001598
21130044ns          364700 1c0091d8 001f8693 addi             x13, x31, 1         x13=00000002 x31:00000001
21130064ns          364701 1c0091dc 00170713 addi             x14, x14, 1         x14=00000002 x14:00000001
21130501ns          364723 1c0091de 006c8eb3 add              x29, x25, x6        x29=10001734 x25:10001720  x6:00000014
21130541ns          364725 1c0091e2 01488bb3 add              x23, x17, x20       x23=100015c4 x17:100015c4 x20:00000000
21130561ns          364726 1c0091e6 01cc8f33 add              x30, x25, x28       x30=10001720 x25:10001720 x28:00000000
21130581ns          364727 1c0091ea f5c62503 lw               x10, -164(x12)      x10=41c9b797 x12:1000167c  PA:100015d8
21131038ns          364750 1c0091ee ffcaa583 lw               x11, -4(x21)        x11=4183cc6b x21:100015c8  PA:100015c4
21131058ns          364751 1c0091f2 01a30333 add              x6, x6, x26          x6=100016d0  x6:00000014 x26:100016bc
21131078ns          364752 1c0091f4 007a0a33 add              x20, x20, x7        x20=100015d8 x20:00000000  x7:100015d8
21131098ns          364753 1c0091f6 01ae0e33 add              x28, x28, x26       x28=100016bc x28:00000000 x26:100016bc
21131118ns          364754 1c0091f8 00000293 addi             x5, x0, 0            x5=00000000
21131138ns          364755 1c0091fc 001b0b13 addi             x22, x22, 1         x22=00000001 x22:00000000
21131536ns          364775 1c0091fe 00d75463 bge              x14, x13, 8         x14:00000002 x13:00000002
21131615ns          364779 1c009206 145b40fb lp.setup         0x1, x22, 0x145     x22:00000001
21131635ns          364780 1c00920a a0581753 flt.s            x14, f16, f5        x14=00000000 f16:3ec28034  f5:00000000
21131655ns          364781 1c00920e 01000633 add              x12, x0, x16        x12=3ec28034 x16:3ec28034
21132092ns          364803 1c009210 00070363 beq              x14, x0, 6          x14:00000000
21132172ns          364807 1c009216 a0579753 flt.s            x14, f15, f5        x14=00000000 f15:3f274417  f5:00000000
21132192ns          364808 1c00921a 00f008b3 add              x17, x0, x15        x17=3f274417 x15:3f274417
21132212ns          364809 1c00921c 00070363 beq              x14, x0, 6          x14:00000000
21132689ns          364833 1c009222 a0c89753 flt.s            x14, f17, f12       x14=00000000 f17:3f274417 f12:3ec28034
21132709ns          364834 1c009226 010006b3 add              x13, x0, x16        x13=3ec28034 x16:3ec28034
21132729ns          364835 1c009228 00071263 bne              x14, x0, 4          x14:00000000
21132749ns          364836 1c00922a 00f006b3 add              x13, x0, x15        x13=3f274417 x15:3f274417
21132769ns          364837 1c00922c 01167753 fadd.s           f14, f12, f17       f14=xxxxxxxx f12:3ec28034 f17:3f274417
21133167ns          364857 1c009230 a05723d3 feq.s            x7, f14, f5          x7=00000000 f14:3f844218  f5:00000000
21133206ns          364859 1c009234 00038463 beq              x7, x0, 8            x7:00000000
21133266ns          364862 1c00923c 1c000437 lui              x8, 0x1c000000       x8=1c000000
21133704ns          364884 1c009240 02040413 addi             x8, x8, 32           x8=1c000020  x8:1c000000
21133743ns          364886 1c009244 00042403 lw               x8, 0(x8)            x8=3f800000  x8:1c000020  PA:1c000020
21134181ns          364908 1c009246 18e473d3 fdiv.s           f7, f8, f14          f7=xxxxxxxx  f8:3f800000 f14:3f844218
21134818ns          364940 1c00924a 1078f8d3 fmul.s           f17, f17, f7        f17=xxxxxxxx f17:3f274417  f7:3f77c201
21134837ns          364941 1c00924e 10767653 fmul.s           f12, f12, f7        f12=xxxxxxxx f12:3ec28034  f7:3f77c201
21134857ns          364942 1c009252 a05696d3 flt.s            x13, f13, f5        x13=00000000 f13:3f274417  f5:00000000
21134877ns          364943 1c009256 1118f8d3 fmul.s           f17, f17, f17       f17=xxxxxxxx f17:3f21e174 f17:3f21e174
21134897ns          364944 1c00925a 88c67643 fmadd.s          f12, f12, f12, f17  f12=xxxxxxxx f12:3ebc3d18 f12:3ebc3d18 f17:3eccbab5
21134957ns          364947 1c00925e 58067653 fsqrt.s          f12, f12            f12=xxxxxxxx f12:3f08f7cd
21135951ns          364997 1c009262 10c77753 fmul.s           f14, f14, f12       f14=xxxxxxxx f14:3f844218 f12:3f3b40d9
21135971ns          364998 1c009266 00068363 beq              x13, x0, 6          x13:00000000
21136091ns          365004 1c00926c 1c0004b7 lui              x9, 0x1c000000       x9=1c000000
21136110ns          365005 1c009270 02048493 addi             x9, x9, 32           x9=1c000020  x9:1c000000
21136130ns          365006 1c009274 0004a483 lw               x9, 0(x9)            x9=3f800000  x9:1c000020  PA:1c000020
21136488ns          365024 1c009276 18e4f753 fdiv.s           f14, f9, f14        f14=xxxxxxxx  f9:3f800000 f14:3f417b90
21137125ns          365056 1c00927a 10e87653 fmul.s           f12, f16, f14       f12=xxxxxxxx f16:3ec28034 f14:3fa95bdd
21137145ns          365057 1c00927e 10e7f7d3 fmul.s           f15, f15, f14       f15=xxxxxxxx f15:3f274417 f14:3fa95bdd
21137165ns          365058 1c009282 000e2683 lw               x13, 0(x28)         x13=3f800000 x28:100016bc  PA:100016bc
21137185ns          365059 1c009286 00032803 lw               x16, 0(x6)          x16=80000000  x6:100016d0  PA:100016d0
21137204ns          365060 1c00928a 10d7f3d3 fmul.s           f7, f15, f13         f7=xxxxxxxx f15:3f5d4ff2 f13:3f800000
21137264ns          365063 1c00928e 1107f8d3 fmul.s           f17, f15, f16       f17=xxxxxxxx f15:3f5d4ff2 f16:80000000
21137304ns          365065 1c009292 10f57753 fmul.s           f14, f10, f15       f14=xxxxxxxx f10:41c9b797 f15:3f5d4ff2
21137324ns          365066 1c009296 39067847 fmsub.s          f16, f12, f16, f7   f16=xxxxxxxx f12:3f00ac6e f16:80000000  f7:3f5d4ff2
21137344ns          365067 1c00929a 88d676c3 fmadd.s          f13, f12, f13, f17  f13=xxxxxxxx f12:3f00ac6e f13:3f800000 f17:80000000
21137722ns          365086 1c00929e 10b7f3d3 fmul.s           f7, f15, f11         f7=xxxxxxxx f15:3f5d4ff2 f11:4183cc6b
21137761ns          365088 1c0092a2 01032023 sw               x16, 0(x6)          x16:bf5d4ff2  x6:100016d0  PA:100016d0
21137781ns          365089 1c0092a6 00de2023 sw               x13, 0(x28)         x13:3f00ac6e x28:100016bc  PA:100016bc
21137801ns          365090 1c0092aa 004e2803 lw               x16, 4(x28)         x16=00000000 x28:100016bc  PA:100016c0
21138239ns          365112 1c0092ae 00432883 lw               x17, 4(x6)          x17=3f30e4f2  x6:100016d0  PA:100016d4
21138279ns          365114 1c0092b2 1107f453 fmul.s           f8, f15, f16         f8=xxxxxxxx f15:3f5d4ff2 f16:00000000
21138298ns          365115 1c0092b6 1117f6d3 fmul.s           f13, f15, f17       f13=xxxxxxxx f15:3f5d4ff2 f17:3f30e4f2
21138318ns          365116 1c0092ba 70b67743 fmadd.s          f14, f12, f11, f14  f14=xxxxxxxx f12:3f00ac6e f11:4183cc6b f14:41ae627c
21138736ns          365137 1c0092be 411678c7 fmsub.s          f17, f12, f17, f8   f17=xxxxxxxx f12:3f00ac6e f17:3f30e4f2  f8:00000000
21138776ns          365139 1c0092c2 69067843 fmadd.s          f16, f12, f16, f13  f16=xxxxxxxx f12:3f00ac6e f16:00000000 f13:3f18ece3
21138796ns          365140 1c0092c6 38c576c7 fmsub.s          f13, f10, f12, f7   f13=xxxxxxxx f10:41c9b797 f12:3f00ac6e  f7:4163e142
21138816ns          365141 1c0092ca 01132223 sw               x17, 4(x6)          x17:3eb1d33e  x6:100016d0  PA:100016d4
21139273ns          365164 1c0092ce 008e2583 lw               x11, 8(x28)         x11=00000000 x28:100016bc  PA:100016c4
21139313ns          365166 1c0092d2 010e2223 sw               x16, 4(x28)         x16:3f18ece3 x28:100016bc  PA:100016c0
21139333ns          365167 1c0092d6 00832803 lw               x16, 8(x6)          x16=3ee38e71  x6:100016d0  PA:100016d8
21139353ns          365168 1c0092da 10b7f8d3 fmul.s           f17, f15, f11       f17=xxxxxxxx f15:3f5d4ff2 f11:00000000
21139790ns          365190 1c0092de 1107f553 fmul.s           f10, f15, f16       f10=xxxxxxxx f15:3f5d4ff2 f16:3ee38e71
21139830ns          365192 1c0092e2 a05713d3 flt.s            x7, f14, f5          x7=00000000 f14:41f0a177  f5:00000000
21139850ns          365193 1c0092e6 890678c7 fmsub.s          f17, f12, f16, f17  f17=xxxxxxxx f12:3f00ac6e f16:3ee38e71 f17:00000000
21139870ns          365194 1c0092ea 50b67543 fmadd.s          f10, f12, f11, f10  f10=xxxxxxxx f12:3f00ac6e f11:00000000 f10:3ec4b908
21140327ns          365217 1c0092ee 000aa803 lw               x16, 0(x21)         x16=418727ac x21:100015c8  PA:100015c8
21140367ns          365219 1c0092f2 01132423 sw               x17, 8(x6)          x17:3e64c0fc  x6:100016d0  PA:100016d8
21140387ns          365220 1c0092f6 00ce2583 lw               x11, 12(x28)        x11=00000000 x28:100016bc  PA:100016c8
21140407ns          365221 1c0092fa 00ae2423 sw               x10, 8(x28)         x10:3ec4b908 x28:100016bc  PA:100016c4
21140825ns          365242 1c0092fe 00c32403 lw               x8, 12(x6)           x8=3f0659db  x6:100016d0  PA:100016dc
21140864ns          365244 1c009302 10b7f8d3 fmul.s           f17, f15, f11       f17=xxxxxxxx f15:3f5d4ff2 f11:00000000
21140884ns          365245 1c009306 1087f553 fmul.s           f10, f15, f8        f10=xxxxxxxx f15:3f5d4ff2  f8:3f0659db
21140904ns          365246 1c00930a 00da222b p.sw             x13, 4(x20!)        x20=100015dc x13:bfc8cf78 x20:100015d8  PA:100015d8
21141362ns          365269 1c00930e 88867447 fmsub.s          f8, f12, f8, f17     f8=xxxxxxxx f12:3f00ac6e  f8:3f0659db f17:00000000
21141401ns          365271 1c009312 50b67543 fmadd.s          f10, f12, f11, f10  f10=xxxxxxxx f12:3f00ac6e f11:00000000 f10:3ee84b0e
21141421ns          365272 1c009316 10f875d3 fmul.s           f11, f16, f15       f11=xxxxxxxx f16:418727ac f15:3f5d4ff2
21141441ns          365273 1c00931a 00832623 sw               x8, 12(x6)           x8:3e870ed7  x6:100016d0  PA:100016dc
21141879ns          365295 1c00931e 010e2403 lw               x8, 16(x28)          x8=00000000 x28:100016bc  PA:100016cc
21141919ns          365297 1c009322 00ae2623 sw               x10, 12(x28)        x10:3ee84b0e x28:100016bc  PA:100016c8
21141938ns          365298 1c009326 01032503 lw               x10, 16(x6)         x10=3e63fd7b  x6:100016d0  PA:100016e0
21141958ns          365299 1c00932a 1087f4d3 fmul.s           f9, f15, f8          f9=xxxxxxxx f15:3f5d4ff2  f8:00000000
21142396ns          365321 1c00932e 10a7f7d3 fmul.s           f15, f15, f10       f15=xxxxxxxx f15:3f5d4ff2 f10:3e63fd7b
21142436ns          365323 1c009332 10c878d3 fmul.s           f17, f16, f12       f17=xxxxxxxx f16:418727ac f12:3f00ac6e
21142456ns          365324 1c009336 48a67547 fmsub.s          f10, f12, f10, f9   f10=xxxxxxxx f12:3f00ac6e f10:3e63fd7b  f9:00000000
21142475ns          365325 1c00933a 788677c3 fmadd.s          f15, f12, f8, f15   f15=xxxxxxxx f12:3f00ac6e  f8:00000000 f15:3e451906
21142893ns          365346 1c00933e 00a32823 sw               x10, 16(x6)         x10:3de5309c  x6:100016d0  PA:100016e0
21142933ns          365348 1c009342 00fe2823 sw               x15, 16(x28)        x15:3e451906 x28:100016bc  PA:100016cc
21142953ns          365349 1c009346 00e007b3 add              x15, x0, x14        x15=41f0a177 x14:41f0a177
21142973ns          365350 1c009348 00038463 beq              x7, x0, 8            x7:00000000
21143470ns          365375 1c009350 a0559653 flt.s            x12, f11, f5        x12=00000000 f11:4169aee9  f5:00000000
21143490ns          365376 1c009354 700616e3 bne              x12, x0, 3852       x12:00000000
21143510ns          365377 1c009358 00b00633 add              x12, x0, x11        x12=4169aee9 x11:4169aee9
21143530ns          365378 1c00935a a0f61553 flt.s            x10, f12, f15       x10=00000001 f12:4169aee9 f15:41f0a177
21143550ns          365379 1c00935e 00e00833 add              x16, x0, x14        x16=41f0a177 x14:41f0a177
21143967ns          365400 1c009360 00051263 bne              x10, x0, 4          x10:00000001
21144027ns          365403 1c009364 00c7f453 fadd.s           f8, f15, f12         f8=xxxxxxxx f15:41f0a177 f12:4169aee9
21144047ns          365404 1c009368 a05423d3 feq.s            x7, f8, f5           x7=00000000  f8:4232bc76  f5:00000000
21144067ns          365405 1c00936c 6a0397e3 bne              x7, x0, 3758         x7:00000000
21144524ns          365428 1c009370 1c0009b7 lui              x19, 0x1c000000     x19=1c000000
21144564ns          365430 1c009374 02098993 addi             x19, x19, 32        x19=1c000020 x19:1c000000
21144584ns          365431 1c009378 0009a983 lw               x19, 0(x19)         x19=3f800000 x19:1c000020  PA:1c000020
21145002ns          365452 1c00937c 1889f3d3 fdiv.s           f7, f19, f8          f7=xxxxxxxx f19:3f800000  f8:4232bc76
21145638ns          365484 1c009380 10767653 fmul.s           f12, f12, f7        f12=xxxxxxxx f12:4169aee9  f7:3cb754e8
21145658ns          365485 1c009384 1077f7d3 fmul.s           f15, f15, f7        f15=xxxxxxxx f15:41f0a177  f7:3cb754e8
21145678ns          365486 1c009388 a0581853 flt.s            x16, f16, f5        x16=00000000 f16:41f0a177  f5:00000000
21145698ns          365487 1c00938c 10c67653 fmul.s           f12, f12, f12       f12=xxxxxxxx f12:3ea7598a f12:3ea7598a
21145718ns          365488 1c009390 60f7f7c3 fmadd.s          f15, f15, f15, f12  f15=xxxxxxxx f15:3f2c533b f15:3f2c533b f12:3ddacbe3
21145738ns          365489 1c009394 5807f7d3 fsqrt.s          f15, f15            f15=xxxxxxxx f15:3f0f596f
21146752ns          365540 1c009398 10f47453 fmul.s           f8, f8, f15          f8=xxxxxxxx  f8:4232bc76 f15:3f3f90d4
21146772ns          365541 1c00939c 00080463 beq              x16, x0, 8          x16:00000000
21146832ns          365544 1c0093a4 1c0003b7 lui              x7, 0x1c000000       x7=1c000000
21146851ns          365545 1c0093a8 02038393 addi             x7, x7, 32           x7=1c000020  x7:1c000000
21146871ns          365546 1c0093ac 0003a383 lw               x7, 0(x7)            x7=3f800000  x7:1c000020  PA:1c000020
21147309ns          365568 1c0093b0 1883f7d3 fdiv.s           f15, f7, f8         f15=xxxxxxxx  f7:3f800000  f8:4205bfba
21147866ns          365596 1c0093b4 10f77653 fmul.s           f12, f14, f15       f12=xxxxxxxx f14:41f0a177 f15:3cf4ff10
21147886ns          365597 1c0093b8 10f5f3d3 fmul.s           f7, f11, f15         f7=xxxxxxxx f11:4169aee9 f15:3cf4ff10
21147906ns          365598 1c0093bc 10c6f853 fmul.s           f16, f13, f12       f16=xxxxxxxx f13:bfc8cf78 f12:3f6649a5
21147926ns          365599 1c0093c0 207395d3 fsgnjn.s         f11, f7, f7         f11=xxxxxxxx  f7:3edfa38a  f7:3edfa38a
21147945ns          365600 1c0093c4 000f2783 lw               x15, 0(x30)         x15=3f2f79dc x30:10001720  PA:10001720
21147965ns          365601 1c0093c8 000ea483 lw               x9, 0(x29)           x9=bf06b39b x29:10001734  PA:10001734
21147985ns          365602 1c0093cc 1077f953 fmul.s           f18, f15, f7        f18=xxxxxxxx f15:3f2f79dc  f7:3edfa38a
21148025ns          365604 1c0093d0 1074f553 fmul.s           f10, f9, f7         f10=xxxxxxxx  f9:bf06b39b  f7:3edfa38a
21148065ns          365606 1c0093d4 10c8f753 fmul.s           f14, f17, f12       f14=xxxxxxxx f17:4107ddbd f12:3f6649a5
21148085ns          365607 1c0093d8 90c4f4c7 fmsub.s          f9, f9, f12, f18     f9=xxxxxxxx  f9:bf06b39b f12:3f6649a5 f18:3e994b40
21148105ns          365608 1c0093dc 50c7f543 fmadd.s          f10, f15, f12, f10  f10=xxxxxxxx f15:3f2f79dc f12:3f6649a5 f10:be6b5902
21148482ns          365627 1c0093e0 70b6f5c3 fmadd.s          f11, f13, f11, f14  f11=xxxxxxxx f13:bfc8cf78 f11:bedfa38a f14:40f4709b
21148522ns          365629 1c0093e4 009ea023 sw               x9, 0(x29)           x9:bf45d1bd x29:10001734  PA:10001734
21148542ns          365630 1c0093e8 00af2023 sw               x10, 0(x30)         x10:3ec6076c x30:10001720  PA:10001720
21148562ns          365631 1c0093ec 004f2503 lw               x10, 4(x30)         x10=3f05a474 x30:10001720  PA:10001724
21149000ns          365653 1c0093f0 004ea483 lw               x9, 4(x29)           x9=3e17b856 x29:10001734  PA:10001738
21149039ns          365655 1c0093f4 10a3f9d3 fmul.s           f19, f7, f10        f19=xxxxxxxx  f7:3edfa38a f10:3f05a474
21149059ns          365656 1c0093f8 1093f953 fmul.s           f18, f7, f9         f18=xxxxxxxx  f7:3edfa38a  f9:3e17b856
21149079ns          365657 1c0093fc 008ba22b p.sw             x8, 4(x23!)         x23=100015c8  x8:4205bfba x23:100015c4  PA:100015c4
21149497ns          365678 1c009400 989674c7 fmsub.s          f9, f12, f9, f19     f9=xxxxxxxx f12:3f6649a5  f9:3e17b856 f19:3e697f42
21149537ns          365680 1c009404 90a67743 fmadd.s          f14, f12, f10, f18  f14=xxxxxxxx f12:3f6649a5 f10:3f05a474 f18:3d848a7f
21149557ns          365681 1c009408 8078f843 fmadd.s          f16, f17, f7, f16   f16=xxxxxxxx f17:4107ddbd  f7:3edfa38a f16:bfb4a42a
21149576ns          365682 1c00940c 009ea223 sw               x9, 4(x29)           x9:bdc207ff x29:10001734  PA:10001738
21150034ns          365705 1c009410 00ef2223 sw               x14, 4(x30)         x14:3f08c982 x30:10001720  PA:10001724
21150074ns          365707 1c009414 008f2703 lw               x14, 8(x30)         x14=3ef79969 x30:10001720  PA:10001728
21150094ns          365708 1c009418 008ea483 lw               x9, 8(x29)           x9=3eb1fa2b x29:10001734  PA:1000173c
21150114ns          365709 1c00941c 10e3f953 fmul.s           f18, f7, f14        f18=xxxxxxxx  f7:3edfa38a f14:3ef79969
21150551ns          365731 1c009420 1093f6d3 fmul.s           f13, f7, f9         f13=xxxxxxxx  f7:3edfa38a  f9:3eb1fa2b
21150591ns          365733 1c009424 000a2783 lw               x15, 0(x20)         x15=40f6debb x20:100015dc  PA:100015dc
21150611ns          365734 1c009428 909674c7 fmsub.s          f9, f12, f9, f18     f9=xxxxxxxx f12:3f6649a5  f9:3eb1fa2b f18:3e584ccf
21150631ns          365735 1c00942c 68e676c3 fmadd.s          f13, f12, f14, f13  f13=xxxxxxxx f12:3f6649a5 f14:3ef79969 f13:3e1b7a9e
21151088ns          365758 1c009430 10c7f553 fmul.s           f10, f15, f12       f10=xxxxxxxx f15:40f6debb f12:3f6649a5
21151128ns          365760 1c009434 009ea423 sw               x9, 8(x29)           x9:3dcfce39 x29:10001734  PA:1000173c
21151148ns          365761 1c009438 00cf2703 lw               x14, 12(x30)        x14=3de9329d x30:10001720  PA:1000172c
21151168ns          365762 1c00943c 00df2423 sw               x13, 8(x30)         x13:3f163c2f x30:10001720  PA:10001728
21151585ns          365783 1c009440 00cea683 lw               x13, 12(x29)        x13=3ee7be61 x29:10001734  PA:10001740
21151625ns          365785 1c009444 10e3f4d3 fmul.s           f9, f7, f14          f9=xxxxxxxx  f7:3edfa38a f14:3de9329d
21151645ns          365786 1c009448 10d3f453 fmul.s           f8, f7, f13          f8=xxxxxxxx  f7:3edfa38a f13:3ee7be61
21151665ns          365787 1c00944c 00baa22b p.sw             x11, 4(x21!)        x21=100015cc x11:41052f1e x21:100015c8  PA:100015c8
21152122ns          365810 1c009450 48d676c7 fmsub.s          f13, f12, f13, f9   f13=xxxxxxxx f12:3f6649a5 f13:3ee7be61  f9:3d4bb810
21152162ns          365812 1c009454 40e67743 fmadd.s          f14, f12, f14, f8   f14=xxxxxxxx f12:3f6649a5 f14:3de9329d  f8:3e4a72e2
21152182ns          365813 1c009458 00aa2023 sw               x10, 0(x20)         x10:40de1321 x20:100015dc  PA:100015dc
21152202ns          365814 1c00945c 00dea623 sw               x13, 12(x29)        x13:3eb700b4 x29:10001734  PA:10001740
21152640ns          365836 1c009460 010f2883 lw               x17, 16(x30)        x17=3dd4d6cb x30:10001720  PA:10001730
21152679ns          365838 1c009464 00ef2623 sw               x14, 12(x30)        x14:3e99ab15 x30:10001720  PA:1000172c
21152699ns          365839 1c009468 010ea683 lw               x13, 16(x29)        x13=3f1cde30 x29:10001734  PA:10001744
21152719ns          365840 1c00946c 1113f453 fmul.s           f8, f7, f17          f8=xxxxxxxx  f7:3edfa38a f17:3dd4d6cb
21153157ns          365862 1c009470 10d3f753 fmul.s           f14, f7, f13        f14=xxxxxxxx  f7:3edfa38a f13:3f1cde30
21153197ns          365864 1c009474 1077f7d3 fmul.s           f15, f15, f7        f15=xxxxxxxx f15:40f6debb  f7:3edfa38a
21153216ns          365865 1c009478 40d676c7 fmsub.s          f13, f12, f13, f8   f13=xxxxxxxx f12:3f6649a5 f13:3f1cde30  f8:3d39ef12
21153236ns          365866 1c00947c 71167743 fmadd.s          f14, f12, f17, f14  f14=xxxxxxxx f12:3f6649a5 f17:3dd4d6cb f14:3e8909c2
21153674ns          365888 1c009480 001f8f93 addi             x31, x31, 1         x31=00000002 x31:00000001
21153714ns          365890 1c009482 00dea823 sw               x13, 16(x29)        x13:3f017dce x29:10001734  PA:10001744
21153734ns          365891 1c009486 00ef2823 sw               x14, 16(x30)        x14:3eb8e74f x30:10001720  PA:10001730
21153754ns          365892 1c00948a 014e8e93 addi             x29, x29, 20        x29=10001748 x29:10001734
21153773ns          365893 1c00948c 01430313 addi             x6, x6, 20           x6=100016e4  x6:100016d0
21153793ns          365894 1c00948e 014f0f13 addi             x30, x30, 20        x30=10001734 x30:10001720
21154211ns          365915 1c009490 014e0e13 addi             x28, x28, 20        x28=100016d0 x28:100016bc
21154251ns          365917 1c009492 2dfc4f63 blt              x24, x31, 734       x24:00000004 x31:00000002
21154271ns          365918 1c009496 002f9713 slli             x14, x31, 0x2       x14=00000008 x31:00000002
21154291ns          365919 1c00949a ffc70b13 addi             x22, x14, -4        x22=00000004 x14:00000008
21154728ns          365941 1c00949e 002c1913 slli             x18, x24, 0x2       x18=00000010 x24:00000004
21154768ns          365943 1c0094a2 01f70633 add              x12, x14, x31       x12=0000000a x14:00000008 x31:00000002
21154788ns          365944 1c0094a6 41690933 sub              x18, x18, x22       x18=0000000c x18:00000010 x22:00000004
21154808ns          365945 1c0094aa 02c10513 addi             x10, x2, 44         x10=100015c4  x2:10001598
21154828ns          365946 1c0094ac 04010593 addi             x11, x2, 64         x11=100015d8  x2:10001598
21154848ns          365947 1c0094ae 00261613 slli             x12, x12, 0x2       x12=00000028 x12:0000000a
21155245ns          365967 1c0094b0 00e50ab3 add              x21, x10, x14       x21=100015cc x10:100015c4 x14:00000008
21155285ns          365969 1c0094b4 00e58a33 add              x20, x11, x14       x20=100015e0 x11:100015d8 x14:00000008
21155305ns          365970 1c0094b8 ffc90913 addi             x18, x18, -4        x18=00000008 x18:0000000c
21155325ns          365971 1c0094ba ff870713 addi             x14, x14, -8        x14=00000000 x14:00000008
21155345ns          365972 1c0094bc 04010693 addi             x13, x2, 64         x13=100015d8  x2:10001598
21155743ns          365992 1c0094be fec60e13 addi             x28, x12, -20       x28=00000014 x12:00000028
21155782ns          365994 1c0094c2 00295913 srli             x18, x18, 0x2       x18=00000002 x18:00000008
21155802ns          365995 1c0094c6 00e689b3 add              x19, x13, x14       x19=100015d8 x13:100015d8 x14:00000000
21155822ns          365996 1c0094ca ffcaa583 lw               x11, -4(x21)        x11=41052f1e x21:100015cc  PA:100015c8
21155842ns          365997 1c0094ce 02c10713 addi             x14, x2, 44         x14=100015c4  x2:10001598
21156300ns          366020 1c0094d0 ffca2503 lw               x10, -4(x20)        x10=40de1321 x20:100015e0  PA:100015dc
21156339ns          366022 1c0094d4 00cc8f33 add              x30, x25, x12       x30=10001748 x25:10001720 x12:00000028
21156359ns          366023 1c0094d8 01cc8eb3 add              x29, x25, x28       x29=10001734 x25:10001720 x28:00000014
21156379ns          366024 1c0094dc 01a60633 add              x12, x12, x26       x12=100016e4 x12:00000028 x26:100016bc
21156399ns          366025 1c0094de 01ae0e33 add              x28, x28, x26       x28=100016d0 x28:00000014 x26:100016bc
21156817ns          366046 1c0094e0 00eb0b33 add              x22, x22, x14       x22=100015c8 x22:00000004 x14:100015c4
21156856ns          366048 1c0094e2 00000f93 addi             x31, x0, 0          x31=00000000
21156876ns          366049 1c0094e6 00190913 addi             x18, x18, 1         x18=00000003 x18:00000002
21156896ns          366050 1c0094e8 142940fb lp.setup         0x1, x18, 0x142     x18:00000003
21156916ns          366051 1c0094ec a1f81753 flt.s            x14, f16, f31       x14=00000000 f16:40130fd1 f31:00000000
21157334ns          366072 1c0094f0 010002b3 add              x5, x0, x16          x5=40130fd1 x16:40130fd1
21157354ns          366073 1c0094f2 00070363 beq              x14, x0, 6          x14:00000000
21157413ns          366076 1c0094f8 a1f79753 flt.s            x14, f15, f31       x14=00000000 f15:4057a9ba f31:00000000
21157433ns          366077 1c0094fc 00f006b3 add              x13, x0, x15        x13=4057a9ba x15:4057a9ba
21157453ns          366078 1c0094fe 00070363 beq              x14, x0, 6          x14:00000000
21157891ns          366100 1c009504 a0569753 flt.s            x14, f13, f5        x14=00000000 f13:4057a9ba  f5:40130fd1
21157911ns          366101 1c009508 01000333 add              x6, x0, x16          x6=40130fd1 x16:40130fd1
21157931ns          366102 1c00950a 00071263 bne              x14, x0, 4          x14:00000000
21157950ns          366103 1c00950c 00f00333 add              x6, x0, x15          x6=4057a9ba x15:4057a9ba
21158388ns          366125 1c00950e 0056f753 fadd.s           f14, f13, f5        f14=xxxxxxxx f13:4057a9ba  f5:40130fd1
21158428ns          366127 1c009512 a1f728d3 feq.s            x17, f14, f31       x17=00000000 f14:40b55cc6 f31:00000000
21158448ns          366128 1c009516 52089be3 bne              x17, x0, 3382       x17:00000000
21158468ns          366129 1c00951a 1c0003b7 lui              x7, 0x1c000000       x7=1c000000
21158905ns          366151 1c00951e 02038393 addi             x7, x7, 32           x7=1c000020  x7:1c000000
21158945ns          366153 1c009522 0003a383 lw               x7, 0(x7)            x7=3f800000  x7:1c000020  PA:1c000020
21159383ns          366175 1c009526 18e3f8d3 fdiv.s           f17, f7, f14        f17=xxxxxxxx  f7:3f800000 f14:40b55cc6
21159999ns          366206 1c00952a 10d8f6d3 fmul.s           f13, f17, f13       f13=xxxxxxxx f17:3e34ad4b f13:4057a9ba
21160019ns          366207 1c00952e 1058f8d3 fmul.s           f17, f17, f5        f17=xxxxxxxx f17:3e34ad4b  f5:40130fd1
21160039ns          366208 1c009532 a1f312d3 flt.s            x5, f6, f31          x5=00000000  f6:4057a9ba f31:00000000
21160059ns          366209 1c009536 10d6f6d3 fmul.s           f13, f13, f13       f13=xxxxxxxx f13:3f183554 f13:3f183554
21160079ns          366210 1c00953a 6918f6c3 fmadd.s          f13, f17, f17, f13  f13=xxxxxxxx f17:3ecf9557 f17:3ecf9557 f13:3eb4febe
21160138ns          366213 1c00953e 5806f353 fsqrt.s          f6, f13              f6=xxxxxxxx f13:3f049415
21161113ns          366262 1c009542 10e37353 fmul.s           f6, f6, f14          f6=xxxxxxxx  f6:3f383a75 f14:40b55cc6
21161133ns          366263 1c009546 00028463 beq              x5, x0, 8            x5:00000000
21161272ns          366270 1c00954e 1c000437 lui              x8, 0x1c000000       x8=1c000000
21161292ns          366271 1c009552 02040413 addi             x8, x8, 32           x8=1c000020  x8:1c000000
21161312ns          366272 1c009556 00042403 lw               x8, 0(x8)            x8=3f800000  x8:1c000020  PA:1c000020
21161650ns          366289 1c009558 18647753 fdiv.s           f14, f8, f6         f14=xxxxxxxx  f8:3f800000  f6:40828418
21162287ns          366321 1c00955c 10e876d3 fmul.s           f13, f16, f14       f13=xxxxxxxx f16:40130fd1 f14:3e7b10a5
21162307ns          366322 1c009560 10e7f7d3 fmul.s           f15, f15, f14       f15=xxxxxxxx f15:4057a9ba f14:3e7b10a5
21162326ns          366323 1c009564 000e2703 lw               x14, 0(x28)         x14=bf5d4ff2 x28:100016d0  PA:100016d0
21162346ns          366324 1c009568 00062803 lw               x16, 0(x12)         x16=80000000 x12:100016e4  PA:100016e4
21162366ns          366325 1c00956c 10e7f3d3 fmul.s           f7, f15, f14         f7=xxxxxxxx f15:3f53816f f14:bf5d4ff2
21162406ns          366327 1c009570 1107f2d3 fmul.s           f5, f15, f16         f5=xxxxxxxx f15:3f53816f f16:80000000
21162446ns          366329 1c009574 10f578d3 fmul.s           f17, f10, f15       f17=xxxxxxxx f10:40de1321 f15:3f53816f
21162466ns          366330 1c009578 3906f847 fmsub.s          f16, f13, f16, f7   f16=xxxxxxxx f13:3f103a12 f16:80000000  f7:bf36d8ca
21162486ns          366331 1c00957c 28e6f743 fmadd.s          f14, f13, f14, f5   f14=xxxxxxxx f13:3f103a12 f14:bf5d4ff2  f5:80000000
21162824ns          366348 1c009580 88d5f8c3 fmadd.s          f17, f11, f13, f17  f17=xxxxxxxx f11:41052f1e f13:3f103a12 f17:40b77a0c
21162863ns          366350 1c009584 01062023 sw               x16, 0(x12)         x16:3f36d8ca x12:100016e4  PA:100016e4
21162883ns          366351 1c009588 00ee2023 sw               x14, 0(x28)         x14:bef95e58 x28:100016d0  PA:100016d0
21162903ns          366352 1c00958c 004e2703 lw               x14, 4(x28)         x14=3eb1d33e x28:100016d0  PA:100016d4
21163361ns          366375 1c009590 00462803 lw               x16, 4(x12)         x16=bf2f4787 x12:100016e4  PA:100016e8
21163401ns          366377 1c009594 10e7f453 fmul.s           f8, f15, f14         f8=xxxxxxxx f15:3f53816f f14:3eb1d33e
21163420ns          366378 1c009598 10f873d3 fmul.s           f7, f16, f15         f7=xxxxxxxx f16:bf2f4787 f15:3f53816f
21163440ns          366379 1c00959c 10f5f2d3 fmul.s           f5, f11, f15         f5=xxxxxxxx f11:41052f1e f15:3f53816f
21163878ns          366401 1c0095a0 40d87847 fmsub.s          f16, f16, f13, f8   f16=xxxxxxxx f16:bf2f4787 f13:3f103a12  f8:3e92eb05
21163918ns          366403 1c0095a4 38e6f743 fmadd.s          f14, f13, f14, f7   f14=xxxxxxxx f13:3f103a12 f14:3eb1d33e  f7:bf10d093
21163938ns          366404 1c0095a8 0069a22b p.sw             x6, 4(x19!)         x19=100015dc  x6:40828418 x19:100015d8  PA:100015d8
21163957ns          366405 1c0095ac 01062223 sw               x16, 4(x12)         x16:bf2c3581 x12:100016e4  PA:100016e8
21164415ns          366428 1c0095b0 00ee2223 sw               x14, 4(x28)         x14:bebd71fd x28:100016d0  PA:100016d4
21164455ns          366430 1c0095b4 008e2703 lw               x14, 8(x28)         x14=3e64c0fc x28:100016d0  PA:100016d8
21164475ns          366431 1c0095b8 00862803 lw               x16, 8(x12)         x16=3ef10586 x12:100016e4  PA:100016ec
21164495ns          366432 1c0095bc 10f773d3 fmul.s           f7, f14, f15         f7=xxxxxxxx f14:3e64c0fc f15:3f53816f
21164912ns          366453 1c0095c0 10f875d3 fmul.s           f11, f16, f15       f11=xxxxxxxx f16:3ef10586 f15:3f53816f
21164952ns          366455 1c0095c4 28d57547 fmsub.s          f10, f10, f13, f5   f10=xxxxxxxx f10:40de1321 f13:3f103a12  f5:40dc1258
21164972ns          366456 1c0095c8 38d873c7 fmsub.s          f7, f16, f13, f7     f7=xxxxxxxx f16:3ef10586 f13:3f103a12  f7:3e3cfeb8
21164992ns          366457 1c0095cc 58d775c3 fmadd.s          f11, f14, f13, f11  f11=xxxxxxxx f14:3e64c0fc f13:3f103a12 f11:3ec7216a
21165449ns          366480 1c0095d0 a1f892d3 flt.s            x5, f17, f31         x5=00000000 f17:4126c5bd f31:00000000
21165489ns          366482 1c0095d4 00762423 sw               x7, 8(x12)           x7:3da529ae x12:100016e4  PA:100016ec
21165509ns          366483 1c0095d8 00ce2703 lw               x14, 12(x28)        x14=3e870ed7 x28:100016d0  PA:100016dc
21165529ns          366484 1c0095dc 00be2423 sw               x11, 8(x28)         x11:3f03c8d1 x28:100016d0  PA:100016d8
21165966ns          366506 1c0095e0 00c62383 lw               x7, 12(x12)          x7=3e9c719b x12:100016e4  PA:100016f0
21166006ns          366508 1c0095e4 10f77453 fmul.s           f8, f14, f15         f8=xxxxxxxx f14:3e870ed7 f15:3f53816f
21166026ns          366509 1c0095e8 10f3f5d3 fmul.s           f11, f7, f15        f11=xxxxxxxx  f7:3e9c719b f15:3f53816f
21166046ns          366510 1c0095ec 000aa803 lw               x16, 0(x21)         x16=4107db6e x21:100015cc  PA:100015cc
21166484ns          366532 1c0095f0 40d3f3c7 fmsub.s          f7, f7, f13, f8      f7=xxxxxxxx  f7:3e9c719b f13:3f103a12  f8:3e5f2b08
21166523ns          366534 1c0095f4 58d775c3 fmadd.s          f11, f14, f13, f11  f11=xxxxxxxx f14:3e870ed7 f13:3f103a12 f11:3e8140bc
21166543ns          366535 1c0095f8 00a9a023 sw               x10, 0(x19)         x10:c03dea6b x19:100015dc  PA:100015dc
21166563ns          366536 1c0095fc 00762623 sw               x7, 12(x12)          x7:bd3b9101 x12:100016e4  PA:100016f0
21167001ns          366558 1c009600 010e2703 lw               x14, 16(x28)        x14=3de5309c x28:100016d0  PA:100016e0
21167041ns          366560 1c009604 00be2623 sw               x11, 12(x28)        x11:3ecd57b8 x28:100016d0  PA:100016dc
21167060ns          366561 1c009608 01062583 lw               x11, 16(x12)        x11=3eee16ce x12:100016e4  PA:100016f4
21167080ns          366562 1c00960a 10f773d3 fmul.s           f7, f14, f15         f7=xxxxxxxx f14:3de5309c f15:3f53816f
21167538ns          366585 1c00960e 10f5f353 fmul.s           f6, f11, f15         f6=xxxxxxxx f11:3eee16ce f15:3f53816f
21167578ns          366587 1c009612 1107f7d3 fmul.s           f15, f15, f16       f15=xxxxxxxx f15:3f53816f f16:4107db6e
21167597ns          366588 1c009616 38d5f5c7 fmsub.s          f11, f11, f13, f7   f11=xxxxxxxx f11:3eee16ce f13:3f103a12  f7:3dbd5af1
21167617ns          366589 1c00961a 30d77743 fmadd.s          f14, f14, f13, f6   f14=xxxxxxxx f14:3de5309c f13:3f103a12  f6:3ec4b52d
21168055ns          366611 1c00961e 1106f6d3 fmul.s           f13, f13, f16       f13=xxxxxxxx f13:3f103a12 f16:4107db6e
21168075ns          366612 1c009622 00b62823 sw               x11, 16(x12)        x11:3e2d9833 x12:100016e4  PA:100016f4
21168095ns          366613 1c009624 00ee2823 sw               x14, 16(x28)        x14:3ee4fd02 x28:100016d0  PA:100016e0
21168115ns          366614 1c009628 01100333 add              x6, x0, x17          x6=4126c5bd x17:4126c5bd
21168135ns          366615 1c00962a 00028463 beq              x5, x0, 8            x5:00000000
21168632ns          366640 1c009632 a1f79753 flt.s            x14, f15, f31       x14=00000000 f15:40e07d18 f31:00000000
21168652ns          366641 1c009636 420719e3 bne              x14, x0, 3122       x14:00000000
21168672ns          366642 1c00963a 00f00733 add              x14, x0, x15        x14=40e07d18 x15:40e07d18
21168691ns          366643 1c00963c a0671853 flt.s            x16, f14, f6        x16=00000001 f14:40e07d18  f6:4126c5bd
21169089ns          366663 1c009640 011003b3 add              x7, x0, x17          x7=4126c5bd x17:4126c5bd
21169129ns          366665 1c009642 00081363 bne              x16, x0, 6          x16:00000001
21169189ns          366668 1c009648 006772d3 fadd.s           f5, f14, f6          f5=xxxxxxxx f14:40e07d18  f6:4126c5bd
21169209ns          366669 1c00964c a1f2a5d3 feq.s            x11, f5, f31        x11=00000000  f5:418b8224 f31:00000000
21169666ns          366692 1c009650 3a0593e3 bne              x11, x0, 2982       x11:00000000
21169706ns          366694 1c009654 1c000437 lui              x8, 0x1c000000       x8=1c000000
21169726ns          366695 1c009658 02040413 addi             x8, x8, 32           x8=1c000020  x8:1c000000
21169746ns          366696 1c00965c 00042403 lw               x8, 0(x8)            x8=3f800000  x8:1c000020  PA:1c000020
21170243ns          366721 1c00965e 185475d3 fdiv.s           f11, f8, f5         f11=xxxxxxxx  f8:3f800000  f5:418b8224
21170979ns          366758 1c009662 10e5f753 fmul.s           f14, f11, f14       f14=xxxxxxxx f11:3d6ae1c9 f14:40e07d18
21170999ns          366759 1c009666 a1f393d3 flt.s            x7, f7, f31          x7=00000000  f7:4126c5bd f31:00000000
21171019ns          366760 1c00966a 1065f5d3 fmul.s           f11, f11, f6        f11=xxxxxxxx f11:3d6ae1c9  f6:4126c5bd
21171039ns          366761 1c00966e 10e77753 fmul.s           f14, f14, f14       f14=xxxxxxxx f14:3ecdf856 f14:3ecdf856
21171058ns          366762 1c009672 70b5f743 fmadd.s          f14, f11, f11, f14  f14=xxxxxxxx f11:3f1903d5 f11:3f1903d5 f14:3e25b7ab
21171078ns          366763 1c009676 58077353 fsqrt.s          f6, f14              f6=xxxxxxxx f14:3f04e37f
21172093ns          366814 1c00967a 10537353 fmul.s           f6, f6, f5           f6=xxxxxxxx  f6:3f387199  f5:418b8224
21172113ns          366815 1c00967e 00038463 beq              x7, x0, 8            x7:00000000
21172192ns          366819 1c009686 1c0004b7 lui              x9, 0x1c000000       x9=1c000000
21172212ns          366820 1c00968a 02048493 addi             x9, x9, 32           x9=1c000020  x9:1c000000
21172232ns          366821 1c00968e 0004a483 lw               x9, 0(x9)            x9=3f800000  x9:1c000020  PA:1c000020
21172650ns          366842 1c009690 1864f753 fdiv.s           f14, f9, f6         f14=xxxxxxxx  f9:3f800000  f6:414906e3
21173207ns          366870 1c009694 111778d3 fmul.s           f17, f14, f17       f17=xxxxxxxx f14:3da300c8 f17:4126c5bd
21173227ns          366871 1c009698 10f77753 fmul.s           f14, f14, f15       f14=xxxxxxxx f14:3da300c8 f15:40e07d18
21173246ns          366872 1c00969c 10a8f853 fmul.s           f16, f17, f10       f16=xxxxxxxx f17:3f5460d3 f10:c03dea6b
21173266ns          366873 1c0096a0 20e71bd3 fsgnjn.s         f23, f14, f14       f23=xxxxxxxx f14:3f0ef056 f14:3f0ef056
21173286ns          366874 1c0096a4 000ea783 lw               x15, 0(x29)         x15=bf45d1bd x29:10001734  PA:10001734
21173306ns          366875 1c0096a8 000f2383 lw               x7, 0(x30)           x7=3ead16ed x30:10001748  PA:10001748
21173326ns          366876 1c0096ac 10e7f453 fmul.s           f8, f15, f14         f8=xxxxxxxx f15:bf45d1bd f14:3f0ef056
21173366ns          366878 1c0096b0 10e3f2d3 fmul.s           f5, f7, f14          f5=xxxxxxxx  f7:3ead16ed f14:3f0ef056
21173406ns          366880 1c0096b4 006b222b p.sw             x6, 4(x22!)         x22=100015cc  x6:414906e3 x22:100015c8  PA:100015c8
21173425ns          366881 1c0096b8 4113f3c7 fmsub.s          f7, f7, f17, f8      f7=xxxxxxxx  f7:3ead16ed f17:3f5460d3  f8:bedce81c
21173445ns          366882 1c0096bc 2917f2c3 fmadd.s          f5, f15, f17, f5     f5=xxxxxxxx f15:bf45d1bd f17:3f5460d3  f5:3e414a6e
21173803ns          366900 1c0096c0 10d8f5d3 fmul.s           f11, f17, f13       f11=xxxxxxxx f17:3f5460d3 f13:4099147e
21173843ns          366902 1c0096c4 007f2023 sw               x7, 0(x30)           x7:3f364048 x30:10001748  PA:10001748
21173863ns          366903 1c0096c8 005ea023 sw               x5, 0(x29)           x5:bee793cd x29:10001734  PA:10001734
21173883ns          366904 1c0096cc 004ea283 lw               x5, 4(x29)           x5=bdc207ff x29:10001734  PA:10001738
21174340ns          366927 1c0096d0 004f2383 lw               x7, 4(x30)           x7=bf382621 x30:10001748  PA:1000174c
21174380ns          366929 1c0096d4 10e2f4d3 fmul.s           f9, f5, f14          f9=xxxxxxxx  f5:bdc207ff f14:3f0ef056
21174400ns          366930 1c0096d8 10e3f453 fmul.s           f8, f7, f14          f8=xxxxxxxx  f7:bf382621 f14:3f0ef056
21174420ns          366931 1c0096dc 80d77843 fmadd.s          f16, f14, f13, f16  f16=xxxxxxxx f14:3f0ef056 f13:4099147e f16:c01d8df5
21174858ns          366953 1c0096e0 4913f3c7 fmsub.s          f7, f7, f17, f9      f7=xxxxxxxx  f7:bf382621 f17:3f5460d3  f9:bd58ad30
21174897ns          366955 1c0096e4 4112f2c3 fmadd.s          f5, f5, f17, f8      f5=xxxxxxxx  f5:bdc207ff f17:3f5460d3  f8:becda410
21174917ns          366956 1c0096e8 000a2783 lw               x15, 0(x20)         x15=40bac3ff x20:100015e0  PA:100015e0
21174937ns          366957 1c0096ec 007f2223 sw               x7, 4(x30)           x7:bf0b3a66 x30:10001748  PA:1000174c
21175375ns          366979 1c0096f0 005ea223 sw               x5, 4(x29)           x5:bef5e211 x29:10001734  PA:10001738
21175415ns          366981 1c0096f4 008ea283 lw               x5, 8(x29)           x5=3dcfce39 x29:10001734  PA:1000173c
21175434ns          366982 1c0096f8 008f2383 lw               x7, 8(x30)           x7=3e7bbfc4 x30:10001748  PA:10001750
21175454ns          366983 1c0096fc 10e2f4d3 fmul.s           f9, f5, f14          f9=xxxxxxxx  f5:3dcfce39 f14:3f0ef056
21175872ns          367004 1c009700 10e3f453 fmul.s           f8, f7, f14          f8=xxxxxxxx  f7:3e7bbfc4 f14:3f0ef056
21175912ns          367006 1c009704 58abf5c3 fmadd.s          f11, f23, f10, f11  f11=xxxxxxxx f23:bf0ef056 f10:c03dea6b f11:407dfdbc
21175932ns          367007 1c009708 4913f3c7 fmsub.s          f7, f7, f17, f9      f7=xxxxxxxx  f7:3e7bbfc4 f17:3f5460d3  f9:3d680ef6
21175952ns          367008 1c00970c 4112f2c3 fmadd.s          f5, f5, f17, f8      f5=xxxxxxxx  f5:3dcfce39 f17:3f5460d3  f8:3e0c90b7
21176429ns          367032 1c009710 1117f553 fmul.s           f10, f15, f17       f10=xxxxxxxx f15:40bac3ff f17:3f5460d3
21176469ns          367034 1c009714 007f2423 sw               x7, 8(x30)           x7:3e16d648 x30:10001748  PA:10001750
21176489ns          367035 1c009718 00cea303 lw               x6, 12(x29)          x6=3eb700b4 x29:10001734  PA:10001740
21176509ns          367036 1c00971c 005ea423 sw               x5, 8(x29)           x5:3e62c367 x29:10001734  PA:1000173c
21176946ns          367058 1c009720 00cf2283 lw               x5, 12(x30)          x5=be743d44 x30:10001748  PA:10001754
21176986ns          367060 1c009724 10e37453 fmul.s           f8, f6, f14          f8=xxxxxxxx  f6:3eb700b4 f14:3f0ef056
21177006ns          367061 1c009728 10e2f3d3 fmul.s           f7, f5, f14          f7=xxxxxxxx  f5:be743d44 f14:3f0ef056
21177026ns          367062 1c00972c 014f0f13 addi             x30, x30, 20        x30=1000175c x30:10001748
21177463ns          367084 1c00972e 4112f2c7 fmsub.s          f5, f5, f17, f8      f5=xxxxxxxx  f5:be743d44 f17:3f5460d3  f8:3e4c5c64
21177503ns          367086 1c009732 39137343 fmadd.s          f6, f6, f17, f7      f6=xxxxxxxx  f6:3eb700b4 f17:3f5460d3  f7:be085f47
21177523ns          367087 1c009736 00baa22b p.sw             x11, 4(x21!)        x21=100015d0 x11:40b40407 x21:100015cc  PA:100015cc
21177543ns          367088 1c00973a fe5f2c23 sw               x5, -8(x30)          x5:becb7dc0 x30:1000175c  PA:10001754
21177961ns          367109 1c00973e 010ea683 lw               x13, 16(x29)        x13=3f017dce x29:10001734  PA:10001744
21178000ns          367111 1c009742 006ea623 sw               x6, 12(x29)          x6:3e274451 x29:10001734  PA:10001740
21178020ns          367112 1c009746 ffcf2303 lw               x6, -4(x30)          x6=3f003db3 x30:1000175c  PA:10001758
21178040ns          367113 1c00974a 10e6f3d3 fmul.s           f7, f13, f14         f7=xxxxxxxx f13:3f017dce f14:3f0ef056
21178498ns          367136 1c00974e 10e372d3 fmul.s           f5, f6, f14          f5=xxxxxxxx  f6:3f003db3 f14:3f0ef056
21178537ns          367138 1c009752 00aa222b p.sw             x10, 4(x20!)        x20=100015e4 x10:409af0f3 x20:100015e0  PA:100015e0
21178557ns          367139 1c009756 39137347 fmsub.s          f6, f6, f17, f7      f6=xxxxxxxx  f6:3f003db3 f17:3f5460d3  f7:3e909ab3
21178577ns          367140 1c00975a 2916f8c3 fmadd.s          f17, f13, f17, f5   f17=xxxxxxxx f13:3f017dce f17:3f5460d3  f5:3e8f353c
21178597ns          367141 1c00975e 01460613 addi             x12, x12, 20        x12=100016f8 x12:100016e4
21179035ns          367163 1c009760 fe6f2e23 sw               x6, -4(x30)          x6:3e0858fe x30:1000175c  PA:10001758
21179074ns          367165 1c009764 011ea823 sw               x17, 16(x29)        x17:3f3307c6 x29:10001734  PA:10001744
21179094ns          367166 1c009768 014e0e13 addi             x28, x28, 20        x28=100016e4 x28:100016d0
21179114ns          367167 1c00976a 014e8e93 addi             x29, x29, 20        x29=10001748 x29:10001734
21179134ns          367168 1c00976c 10e7f7d3 fmul.s           f15, f15, f14       f15=xxxxxxxx f15:40bac3ff f14:3f0ef056
21179631ns          367193 1c0094ec a1f81753 flt.s            x14, f16, f31       x14=00000000 f16:3e564341 f31:00000000
21179711ns          367197 1c0094f0 010002b3 add              x5, x0, x16          x5=3e564341 x16:3e564341
21179731ns          367198 1c0094f2 00070363 beq              x14, x0, 6          x14:00000000
21179791ns          367201 1c0094f8 a1f79753 flt.s            x14, f15, f31       x14=00000000 f15:4050901c f31:00000000
21179810ns          367202 1c0094fc 00f006b3 add              x13, x0, x15        x13=4050901c x15:4050901c
21179830ns          367203 1c0094fe 00070363 beq              x14, x0, 6          x14:00000000
21179890ns          367206 1c009504 a0569753 flt.s            x14, f13, f5        x14=00000000 f13:4050901c  f5:3e564341
21179910ns          367207 1c009508 01000333 add              x6, x0, x16          x6=3e564341 x16:3e564341
21179930ns          367208 1c00950a 00071263 bne              x14, x0, 4          x14:00000000
21179950ns          367209 1c00950c 00f00333 add              x6, x0, x15          x6=4050901c x15:4050901c
21179989ns          367211 1c00950e 0056f753 fadd.s           f14, f13, f5        f14=xxxxxxxx f13:4050901c  f5:3e564341
21180029ns          367213 1c009512 a1f728d3 feq.s            x17, f14, f31       x17=00000000 f14:405df450 f31:00000000
21180049ns          367214 1c009516 52089be3 bne              x17, x0, 3382       x17:00000000
21180069ns          367215 1c00951a 1c0003b7 lui              x7, 0x1c000000       x7=1c000000
21180129ns          367218 1c00951e 02038393 addi             x7, x7, 32           x7=1c000020  x7:1c000000
21180168ns          367220 1c009522 0003a383 lw               x7, 0(x7)            x7=3f800000  x7:1c000020  PA:1c000020
21180526ns          367238 1c009526 18e3f8d3 fdiv.s           f17, f7, f14        f17=xxxxxxxx  f7:3f800000 f14:405df450
21181223ns          367273 1c00952a 10d8f6d3 fmul.s           f13, f17, f13       f13=xxxxxxxx f17:3e93a24b f13:4050901c
21181243ns          367274 1c00952e 1058f8d3 fmul.s           f17, f17, f5        f17=xxxxxxxx f17:3e93a24b  f5:3e564341
21181262ns          367275 1c009532 a1f312d3 flt.s            x5, f6, f31          x5=00000000  f6:4050901c f31:00000000
21181282ns          367276 1c009536 10d6f6d3 fmul.s           f13, f13, f13       f13=xxxxxxxx f13:3f708df1 f13:3f708df1
21181302ns          367277 1c00953a 6918f6c3 fmadd.s          f13, f17, f17, f13  f13=xxxxxxxx f17:3d7720e7 f17:3d7720e7 f13:3f620a73
21181322ns          367278 1c00953e 5806f353 fsqrt.s          f6, f13              f6=xxxxxxxx f13:3f62f904
21182337ns          367329 1c009542 10e37353 fmul.s           f6, f6, f14          f6=xxxxxxxx  f6:3f710cc1 f14:405df450
21182356ns          367330 1c009546 00028463 beq              x5, x0, 8            x5:00000000
21182436ns          367334 1c00954e 1c000437 lui              x8, 0x1c000000       x8=1c000000
21182456ns          367335 1c009552 02040413 addi             x8, x8, 32           x8=1c000020  x8:1c000000
21182476ns          367336 1c009556 00042403 lw               x8, 0(x8)            x8=3f800000  x8:1c000020  PA:1c000020
21182814ns          367353 1c009558 18647753 fdiv.s           f14, f8, f6         f14=xxxxxxxx  f8:3f800000  f6:4050fe0e
21183450ns          367385 1c00955c 10e876d3 fmul.s           f13, f16, f14       f13=xxxxxxxx f16:3e564341 f14:3e9cca57
21183470ns          367386 1c009560 10e7f7d3 fmul.s           f15, f15, f14       f15=xxxxxxxx f15:4050901c f14:3e9cca57
21183490ns          367387 1c009564 000e2703 lw               x14, 0(x28)         x14=3f36d8ca x28:100016e4  PA:100016e4
21183530ns          367389 1c009568 00062803 lw               x16, 0(x12)         x16=00000000 x12:100016f8  PA:100016f8
21183550ns          367390 1c00956c 10e7f3d3 fmul.s           f7, f15, f14         f7=xxxxxxxx f15:3f7f7953 f14:3f36d8ca
21183570ns          367391 1c009570 1107f2d3 fmul.s           f5, f15, f16         f5=xxxxxxxx f15:3f7f7953 f16:00000000
21183590ns          367392 1c009574 10f578d3 fmul.s           f17, f10, f15       f17=xxxxxxxx f10:409af0f3 f15:3f7f7953
21183610ns          367393 1c009578 3906f847 fmsub.s          f16, f13, f16, f7   f16=xxxxxxxx f13:3d833a55 f16:00000000  f7:3f367899
21183629ns          367394 1c00957c 28e6f743 fmadd.s          f14, f13, f14, f5   f14=xxxxxxxx f13:3d833a55 f14:3f36d8ca  f5:00000000
21183649ns          367395 1c009580 88d5f8c3 fmadd.s          f17, f11, f13, f17  f17=xxxxxxxx f11:40b40407 f13:3d833a55 f17:409a9f70
21183689ns          367397 1c009584 01062023 sw               x16, 0(x12)         x16:bf367899 x12:100016f8  PA:100016f8
21183709ns          367398 1c009588 00ee2023 sw               x14, 0(x28)         x14:3d3b7532 x28:100016e4  PA:100016e4
21183729ns          367399 1c00958c 004e2703 lw               x14, 4(x28)         x14=bf2c3581 x28:100016e4  PA:100016e8
21183789ns          367402 1c009590 00462803 lw               x16, 4(x12)         x16=3e53b924 x12:100016f8  PA:100016fc
21183828ns          367404 1c009594 10e7f453 fmul.s           f8, f15, f14         f8=xxxxxxxx f15:3f7f7953 f14:bf2c3581
21183848ns          367405 1c009598 10f873d3 fmul.s           f7, f16, f15         f7=xxxxxxxx f16:3e53b924 f15:3f7f7953
21183868ns          367406 1c00959c 10f5f2d3 fmul.s           f5, f11, f15         f5=xxxxxxxx f11:40b40407 f15:3f7f7953
21183888ns          367407 1c0095a0 40d87847 fmsub.s          f16, f16, f13, f8   f16=xxxxxxxx f16:3e53b924 f13:3d833a55  f8:bf2bdae9
21183908ns          367408 1c0095a4 38e6f743 fmadd.s          f14, f13, f14, f7   f14=xxxxxxxx f13:3d833a55 f14:bf2c3581  f7:3e5349c2
21183928ns          367409 1c0095a8 0069a22b p.sw             x6, 4(x19!)         x19=100015e0  x6:4050fe0e x19:100015dc  PA:100015dc
21183948ns          367410 1c0095ac 01062223 sw               x16, 4(x12)         x16:3f2f3f29 x12:100016f8  PA:100016fc
21184007ns          367413 1c0095b0 00ee2223 sw               x14, 4(x28)         x14:3e272673 x28:100016e4  PA:100016e8
21184047ns          367415 1c0095b4 008e2703 lw               x14, 8(x28)         x14=3da529ae x28:100016e4  PA:100016ec
21184067ns          367416 1c0095b8 00862803 lw               x16, 8(x12)         x16=3ecdb922 x12:100016f8  PA:10001700
21184087ns          367417 1c0095bc 10f773d3 fmul.s           f7, f14, f15         f7=xxxxxxxx f14:3da529ae f15:3f7f7953
21184147ns          367420 1c0095c0 10f875d3 fmul.s           f11, f16, f15       f11=xxxxxxxx f16:3ecdb922 f15:3f7f7953
21184186ns          367422 1c0095c4 28d57547 fmsub.s          f10, f10, f13, f5   f10=xxxxxxxx f10:409af0f3 f13:3d833a55  f5:40b3a553
21184206ns          367423 1c0095c8 38d873c7 fmsub.s          f7, f16, f13, f7     f7=xxxxxxxx f16:3ecdb922 f13:3d833a55  f7:3da4d2cb
21184226ns          367424 1c0095cc 58d775c3 fmadd.s          f11, f14, f13, f11  f11=xxxxxxxx f14:3da529ae f13:3d833a55 f11:3ecd4ce8
21184286ns          367427 1c0095d0 a1f892d3 flt.s            x5, f17, f31         x5=00000000 f17:40a62853 f31:00000000
21184326ns          367429 1c0095d4 00762423 sw               x7, 8(x12)           x7:bd6030f9 x12:100016f8  PA:10001700
21184346ns          367430 1c0095d8 00ce2703 lw               x14, 12(x28)        x14=bd3b9101 x28:100016e4  PA:100016f0
21184365ns          367431 1c0095dc 00be2423 sw               x11, 8(x28)         x11:3ecff238 x28:100016e4  PA:100016ec
21184425ns          367434 1c0095e0 00c62383 lw               x7, 12(x12)          x7=bf49ffec x12:100016f8  PA:10001704
21184465ns          367436 1c0095e4 10f77453 fmul.s           f8, f14, f15         f8=xxxxxxxx f14:bd3b9101 f15:3f7f7953
21184485ns          367437 1c0095e8 10f3f5d3 fmul.s           f11, f7, f15        f11=xxxxxxxx  f7:bf49ffec f15:3f7f7953
21184505ns          367438 1c0095ec 000aa803 lw               x16, 0(x21)         x16=40f47fdb x21:100015d0  PA:100015d0
21184564ns          367441 1c0095f0 40d3f3c7 fmsub.s          f7, f7, f13, f8      f7=xxxxxxxx  f7:bf49ffec f13:3d833a55  f8:bd3b2e54
21184604ns          367443 1c0095f4 58d775c3 fmadd.s          f11, f14, f13, f11  f11=xxxxxxxx f14:bd3b9101 f13:3d833a55 f11:bf4995a8
21184624ns          367444 1c0095f8 00a9a023 sw               x10, 0(x19)         x10:c0a9b7c0 x19:100015e0  PA:100015e0
21184644ns          367445 1c0095fc 00762623 sw               x7, 12(x12)          x7:bb9f4d2d x12:100016f8  PA:10001704
21184664ns          367446 1c009600 010e2703 lw               x14, 16(x28)        x14=3e2d9833 x28:100016e4  PA:100016f4
21184684ns          367447 1c009604 00be2623 sw               x11, 12(x28)        x11:bf4a55f4 x28:100016e4  PA:100016f0
21184704ns          367448 1c009608 01062583 lw               x11, 16(x12)        x11=3ed5127c x12:100016f8  PA:10001708
21184723ns          367449 1c00960a 10f773d3 fmul.s           f7, f14, f15         f7=xxxxxxxx f14:3e2d9833 f15:3f7f7953
21184783ns          367452 1c00960e 10f5f353 fmul.s           f6, f11, f15         f6=xxxxxxxx f11:3ed5127c f15:3f7f7953
21184823ns          367454 1c009612 1107f7d3 fmul.s           f15, f15, f16       f15=xxxxxxxx f15:3f7f7953 f16:40f47fdb
21184843ns          367455 1c009616 38d5f5c7 fmsub.s          f11, f11, f13, f7   f11=xxxxxxxx f11:3ed5127c f13:3d833a55  f7:3e2d3ce0
21184863ns          367456 1c00961a 30d77743 fmadd.s          f14, f14, f13, f6   f14=xxxxxxxx f14:3e2d9833 f13:3d833a55  f6:3ed4a264
21184922ns          367459 1c00961e 1106f6d3 fmul.s           f13, f13, f16       f13=xxxxxxxx f13:3d833a55 f16:40f47fdb
21184942ns          367460 1c009622 00b62823 sw               x11, 16(x12)        x11:be11ee9f x12:100016f8  PA:10001708
21184962ns          367461 1c009624 00ee2823 sw               x14, 16(x28)        x14:3eda322b x28:100016e4  PA:100016f4
21184982ns          367462 1c009628 01100333 add              x6, x0, x17          x6=40a62853 x17:40a62853
21185002ns          367463 1c00962a 00028463 beq              x5, x0, 8            x5:00000000
21185121ns          367469 1c009632 a1f79753 flt.s            x14, f15, f31       x14=00000000 f15:40f3ff3b f31:00000000
21185141ns          367470 1c009636 420719e3 bne              x14, x0, 3122       x14:00000000
21185161ns          367471 1c00963a 00f00733 add              x14, x0, x15        x14=40f3ff3b x15:40f3ff3b
21185181ns          367472 1c00963c a0671853 flt.s            x16, f14, f6        x16=00000000 f14:40f3ff3b  f6:40a62853
21185221ns          367474 1c009640 011003b3 add              x7, x0, x17          x7=40a62853 x17:40a62853
21185260ns          367476 1c009642 00081363 bne              x16, x0, 6          x16:00000000
21185280ns          367477 1c009646 00f003b3 add              x7, x0, x15          x7=40f3ff3b x15:40f3ff3b
21185300ns          367478 1c009648 006772d3 fadd.s           f5, f14, f6          f5=xxxxxxxx f14:40f3ff3b  f6:40a62853
21185320ns          367479 1c00964c a1f2a5d3 feq.s            x11, f5, f31        x11=00000000  f5:414d13c7 f31:00000000
21185340ns          367480 1c009650 3a0593e3 bne              x11, x0, 2982       x11:00000000
21185360ns          367481 1c009654 1c000437 lui              x8, 0x1c000000       x8=1c000000
21185380ns          367482 1c009658 02040413 addi             x8, x8, 32           x8=1c000020  x8:1c000000
21185400ns          367483 1c00965c 00042403 lw               x8, 0(x8)            x8=3f800000  x8:1c000020  PA:1c000020
21185738ns          367500 1c00965e 185475d3 fdiv.s           f11, f8, f5         f11=xxxxxxxx  f8:3f800000  f5:414d13c7
21186255ns          367526 1c009662 10e5f753 fmul.s           f14, f11, f14       f14=xxxxxxxx f11:3d9fc8a0 f14:40f3ff3b
21186275ns          367527 1c009666 a1f393d3 flt.s            x7, f7, f31          x7=00000000  f7:40f3ff3b f31:00000000
21186295ns          367528 1c00966a 1065f5d3 fmul.s           f11, f11, f6        f11=xxxxxxxx f11:3d9fc8a0  f6:40a62853
21186315ns          367529 1c00966e 10e77753 fmul.s           f14, f14, f14       f14=xxxxxxxx f14:3f184abe f14:3f184abe
21186335ns          367530 1c009672 70b5f743 fmadd.s          f14, f11, f11, f14  f14=xxxxxxxx f11:3ecf6a86 f11:3ecf6a86 f14:3eb531af
21186354ns          367531 1c009676 58077353 fsqrt.s          f6, f14              f6=xxxxxxxx f14:3f049c34
21187090ns          367568 1c00967a 10537353 fmul.s           f6, f6, f5           f6=xxxxxxxx  f6:3f384019  f5:414d13c7
21187110ns          367569 1c00967e 00038463 beq              x7, x0, 8            x7:00000000
21187190ns          367573 1c009686 1c0004b7 lui              x9, 0x1c000000       x9=1c000000
21187210ns          367574 1c00968a 02048493 addi             x9, x9, 32           x9=1c000020  x9:1c000000
21187230ns          367575 1c00968e 0004a483 lw               x9, 0(x9)            x9=3f800000  x9:1c000020  PA:1c000020
21187568ns          367592 1c009690 1864f753 fdiv.s           f14, f9, f6         f14=xxxxxxxx  f9:3f800000  f6:41139990
21188204ns          367624 1c009694 111778d3 fmul.s           f17, f14, f17       f17=xxxxxxxx f14:3dde0172 f17:40a62853
21188224ns          367625 1c009698 10f77753 fmul.s           f14, f14, f15       f14=xxxxxxxx f14:3dde0172 f15:40f3ff3b
21188244ns          367626 1c00969c 10a8f853 fmul.s           f16, f17, f10       f16=xxxxxxxx f17:3f1017e8 f10:c0a9b7c0
21188264ns          367627 1c0096a0 20e71bd3 fsgnjn.s         f23, f14, f14       f23=xxxxxxxx f14:3f5398b6 f14:3f5398b6
21188284ns          367628 1c0096a4 000ea783 lw               x15, 0(x29)         x15=3f364048 x29:10001748  PA:10001748
21188304ns          367629 1c0096a8 000f2383 lw               x7, 0(x30)           x7=be94063d x30:1000175c  PA:1000175c
21188324ns          367630 1c0096ac 10e7f453 fmul.s           f8, f15, f14         f8=xxxxxxxx f15:3f364048 f14:3f5398b6
21188344ns          367631 1c0096b0 10e3f2d3 fmul.s           f5, f7, f14          f5=xxxxxxxx  f7:be94063d f14:3f5398b6
21188363ns          367632 1c0096b4 006b222b p.sw             x6, 4(x22!)         x22=100015d0  x6:41139990 x22:100015cc  PA:100015cc
21188383ns          367633 1c0096b8 4113f3c7 fmsub.s          f7, f7, f17, f8      f7=xxxxxxxx  f7:be94063d f17:3f1017e8  f8:3f16a3b3
21188403ns          367634 1c0096bc 2917f2c3 fmadd.s          f5, f15, f17, f5     f5=xxxxxxxx f15:3f364048 f17:3f1017e8  f5:be74b2e2
21188423ns          367635 1c0096c0 10d8f5d3 fmul.s           f11, f17, f13       f11=xxxxxxxx f17:3f1017e8 f13:3efaaa46
21188443ns          367636 1c0096c4 007f2023 sw               x7, 0(x30)           x7:bf404c5e x30:1000175c  PA:1000175c
21188463ns          367637 1c0096c8 005ea023 sw               x5, 0(x29)           x5:3e25a1d4 x29:10001748  PA:10001748
21188483ns          367638 1c0096cc 004ea283 lw               x5, 4(x29)           x5=bf0b3a66 x29:10001748  PA:1000174c
21188523ns          367640 1c0096d0 004f2383 lw               x7, 4(x30)           x7=3eaf9e86 x30:1000175c  PA:10001760
21188562ns          367642 1c0096d4 10e2f4d3 fmul.s           f9, f5, f14          f9=xxxxxxxx  f5:bf0b3a66 f14:3f5398b6
21188582ns          367643 1c0096d8 10e3f453 fmul.s           f8, f7, f14          f8=xxxxxxxx  f7:3eaf9e86 f14:3f5398b6
21188602ns          367644 1c0096dc 80d77843 fmadd.s          f16, f14, f13, f16  f16=xxxxxxxx f14:3f5398b6 f13:3efaaa46 f16:c03f0e6b
21188662ns          367647 1c0096e0 4913f3c7 fmsub.s          f7, f7, f17, f9      f7=xxxxxxxx  f7:3eaf9e86 f17:3f1017e8  f9:bee6285f
21188702ns          367649 1c0096e4 4112f2c3 fmadd.s          f5, f5, f17, f8      f5=xxxxxxxx  f5:bf0b3a66 f17:3f1017e8  f8:3e91286b
21188721ns          367650 1c0096e8 000a2783 lw               x15, 0(x20)         x15=3fd03a2a x20:100015e4  PA:100015e4
21188741ns          367651 1c0096ec 007f2223 sw               x7, 4(x30)           x7:3f2480f8 x30:1000175c  PA:10001760
21188801ns          367654 1c0096f0 005ea223 sw               x5, 4(x29)           x5:bcb9348a x29:10001748  PA:1000174c
21188841ns          367656 1c0096f4 008ea283 lw               x5, 8(x29)           x5=3e16d648 x29:10001748  PA:10001750
21188861ns          367657 1c0096f8 008f2383 lw               x7, 8(x30)           x7=3e4d3f0d x30:1000175c  PA:10001764
21188881ns          367658 1c0096fc 10e2f4d3 fmul.s           f9, f5, f14          f9=xxxxxxxx  f5:3e16d648 f14:3f5398b6
21188940ns          367661 1c009700 10e3f453 fmul.s           f8, f7, f14          f8=xxxxxxxx  f7:3e4d3f0d f14:3f5398b6
21188980ns          367663 1c009704 58abf5c3 fmadd.s          f11, f23, f10, f11  f11=xxxxxxxx f23:bf5398b6 f10:c0a9b7c0 f11:3e8d1730
21189000ns          367664 1c009708 4913f3c7 fmsub.s          f7, f7, f17, f9      f7=xxxxxxxx  f7:3e4d3f0d f17:3f1017e8  f9:3df95930
21189020ns          367665 1c00970c 4112f2c3 fmadd.s          f5, f5, f17, f8      f5=xxxxxxxx  f5:3e16d648 f17:3f1017e8  f8:3e29a567
21189040ns          367666 1c009710 1117f553 fmul.s           f10, f15, f17       f10=xxxxxxxx f15:3fd03a2a f17:3f1017e8
21189060ns          367667 1c009714 007f2423 sw               x7, 8(x30)           x7:bc125f60 x30:1000175c  PA:10001764
21189080ns          367668 1c009718 00cea303 lw               x6, 12(x29)          x6=becb7dc0 x29:10001748  PA:10001754
21189099ns          367669 1c00971c 005ea423 sw               x5, 8(x29)           x5:3e7e8c05 x29:10001748  PA:10001750
21189159ns          367672 1c009720 00cf2283 lw               x5, 12(x30)          x5=bf59f069 x30:1000175c  PA:10001768
21189199ns          367674 1c009724 10e37453 fmul.s           f8, f6, f14          f8=xxxxxxxx  f6:becb7dc0 f14:3f5398b6
21189219ns          367675 1c009728 10e2f3d3 fmul.s           f7, f5, f14          f7=xxxxxxxx  f5:bf59f069 f14:3f5398b6
21189239ns          367676 1c00972c 014f0f13 addi             x30, x30, 20        x30=10001770 x30:1000175c
21189259ns          367677 1c00972e 4112f2c7 fmsub.s          f5, f5, f17, f8      f5=xxxxxxxx  f5:bf59f069 f17:3f1017e8  f8:bea83209
21189278ns          367678 1c009732 39137343 fmadd.s          f6, f6, f17, f7      f6=xxxxxxxx  f6:becb7dc0 f17:3f1017e8  f7:bf342328
21189298ns          367679 1c009736 00baa22b p.sw             x11, 4(x21!)        x21=100015d4 x11:40951924 x21:100015d0  PA:100015d0
21189318ns          367680 1c00973a fe5f2c23 sw               x5, -8(x30)          x5:be1a4a43 x30:10001770  PA:10001768
21189338ns          367681 1c00973e 010ea683 lw               x13, 16(x29)        x13=3e0858fe x29:10001748  PA:10001758
21189358ns          367682 1c009742 006ea623 sw               x6, 12(x29)          x6:bf6d6806 x29:10001748  PA:10001754
21189378ns          367683 1c009746 ffcf2303 lw               x6, -4(x30)          x6=3e3c5aa7 x30:10001770  PA:1000176c
21189398ns          367684 1c00974a 10e6f3d3 fmul.s           f7, f13, f14         f7=xxxxxxxx f13:3e0858fe f14:3f5398b6
21189457ns          367687 1c00974e 10e372d3 fmul.s           f5, f6, f14          f5=xxxxxxxx  f6:3e3c5aa7 f14:3f5398b6
21189497ns          367689 1c009752 00aa222b p.sw             x10, 4(x20!)        x20=100015e8 x10:3f6a6853 x20:100015e4  PA:100015e4
21189517ns          367690 1c009756 39137347 fmsub.s          f6, f6, f17, f7      f6=xxxxxxxx  f6:3e3c5aa7 f17:3f1017e8  f7:3de1655e
21189537ns          367691 1c00975a 2916f8c3 fmadd.s          f17, f13, f17, f5   f17=xxxxxxxx f13:3e0858fe f17:3f1017e8  f5:3e1baf13
21189557ns          367692 1c00975e 01460613 addi             x12, x12, 20        x12=1000170c x12:100016f8
21189577ns          367693 1c009760 fe6f2e23 sw               x6, -4(x30)          x6:bbd5c347 x30:10001770  PA:1000176c
21189597ns          367694 1c009764 011ea823 sw               x17, 16(x29)        x17:3e686ddd x29:10001748  PA:10001758
21189617ns          367695 1c009768 014e0e13 addi             x28, x28, 20        x28=100016f8 x28:100016e4
21189636ns          367696 1c00976a 014e8e93 addi             x29, x29, 20        x29=1000175c x29:10001748
21189656ns          367697 1c00976c 10e7f7d3 fmul.s           f15, f15, f14       f15=xxxxxxxx f15:3fd03a2a f14:3f5398b6
21189736ns          367701 1c0094ec a1f81753 flt.s            x14, f16, f31       x14=00000001 f16:c025286f f31:00000000
21189815ns          367705 1c0094f0 010002b3 add              x5, x0, x16          x5=c025286f x16:c025286f
21189835ns          367706 1c0094f2 00070363 beq              x14, x0, 6          x14:00000001
21189855ns          367707 1c0094f4 210812d3 fsgnjn.s         f5, f16, f16         f5=xxxxxxxx f16:c025286f f16:c025286f
21189875ns          367708 1c0094f8 a1f79753 flt.s            x14, f15, f31       x14=00000000 f15:3fac1c27 f31:00000000
21189895ns          367709 1c0094fc 00f006b3 add              x13, x0, x15        x13=3fac1c27 x15:3fac1c27
21189915ns          367710 1c0094fe 00070363 beq              x14, x0, 6          x14:00000000
21189975ns          367713 1c009504 a0569753 flt.s            x14, f13, f5        x14=00000001 f13:3fac1c27  f5:4025286f
21189994ns          367714 1c009508 01000333 add              x6, x0, x16          x6=c025286f x16:c025286f
21190014ns          367715 1c00950a 00071263 bne              x14, x0, 4          x14:00000001
21190094ns          367719 1c00950e 0056f753 fadd.s           f14, f13, f5        f14=xxxxxxxx f13:3fac1c27  f5:4025286f
21190114ns          367720 1c009512 a1f728d3 feq.s            x17, f14, f31       x17=00000000 f14:407b3682 f31:00000000
21190134ns          367721 1c009516 52089be3 bne              x17, x0, 3382       x17:00000000
21190154ns          367722 1c00951a 1c0003b7 lui              x7, 0x1c000000       x7=1c000000
21190213ns          367725 1c00951e 02038393 addi             x7, x7, 32           x7=1c000020  x7:1c000000
21190253ns          367727 1c009522 0003a383 lw               x7, 0(x7)            x7=3f800000  x7:1c000020  PA:1c000020
21190571ns          367743 1c009526 18e3f8d3 fdiv.s           f17, f7, f14        f17=xxxxxxxx  f7:3f800000 f14:407b3682
21190989ns          367764 1c00952a 10d8f6d3 fmul.s           f13, f17, f13       f13=xxxxxxxx f17:3e82706c f13:3fac1c27
21191009ns          367765 1c00952e 1058f8d3 fmul.s           f17, f17, f5        f17=xxxxxxxx f17:3e82706c  f5:4025286f
21191029ns          367766 1c009532 a1f312d3 flt.s            x5, f6, f31          x5=00000001  f6:c025286f f31:00000000
21191049ns          367767 1c009536 10d6f6d3 fmul.s           f13, f13, f13       f13=xxxxxxxx f13:3eaf63c1 f13:3eaf63c1
21191069ns          367768 1c00953a 6918f6c3 fmadd.s          f13, f17, f17, f13  f13=xxxxxxxx f17:3f284e1f f17:3f284e1f f13:3df05311
21191148ns          367772 1c00953e 5806f353 fsqrt.s          f6, f13              f6=xxxxxxxx f13:3f0cb103
21191566ns          367793 1c009542 10e37353 fmul.s           f6, f6, f14          f6=xxxxxxxx  f6:3f3dc80f f14:407b3682
21191586ns          367794 1c009546 00028463 beq              x5, x0, 8            x5:00000001
21191606ns          367795 1c00954a 20631353 fsgnjn.s         f6, f6, f6           f6=xxxxxxxx  f6:403a3b8f  f6:403a3b8f
21191626ns          367796 1c00954e 1c000437 lui              x8, 0x1c000000       x8=1c000000
21191645ns          367797 1c009552 02040413 addi             x8, x8, 32           x8=1c000020  x8:1c000000
21191665ns          367798 1c009556 00042403 lw               x8, 0(x8)            x8=3f800000  x8:1c000020  PA:1c000020
21191984ns          367814 1c009558 18647753 fdiv.s           f14, f8, f6         f14=xxxxxxxx  f8:3f800000  f6:c03a3b8f
21192401ns          367835 1c00955c 10e876d3 fmul.s           f13, f16, f14       f13=xxxxxxxx f16:c025286f f14:beaff3b4
21192421ns          367836 1c009560 10e7f7d3 fmul.s           f15, f15, f14       f15=xxxxxxxx f15:3fac1c27 f14:beaff3b4
21192441ns          367837 1c009564 000e2703 lw               x14, 0(x28)         x14=bf367899 x28:100016f8  PA:100016f8
21192461ns          367838 1c009568 00062803 lw               x16, 0(x12)         x16=80000000 x12:1000170c  PA:1000170c
21192481ns          367839 1c00956c 10e7f3d3 fmul.s           f7, f15, f14         f7=xxxxxxxx f15:beec962d f14:bf367899
21192501ns          367840 1c009570 1107f2d3 fmul.s           f5, f15, f16         f5=xxxxxxxx f15:beec962d f16:80000000
21192521ns          367841 1c009574 10f578d3 fmul.s           f17, f10, f15       f17=xxxxxxxx f10:3f6a6853 f15:beec962d
21192540ns          367842 1c009578 3906f847 fmsub.s          f16, f13, f16, f7   f16=xxxxxxxx f13:3f6307bb f16:80000000  f7:3ea8a238
21192560ns          367843 1c00957c 28e6f743 fmadd.s          f14, f13, f14, f5   f14=xxxxxxxx f13:3f6307bb f14:bf367899  f5:00000000
21192580ns          367844 1c009580 88d5f8c3 fmadd.s          f17, f11, f13, f17  f17=xxxxxxxx f11:40951924 f13:3f6307bb f17:bed8a1af
21192600ns          367845 1c009584 01062023 sw               x16, 0(x12)         x16:bea8a238 x12:1000170c  PA:1000170c
21192620ns          367846 1c009588 00ee2023 sw               x14, 0(x28)         x14:bf21d272 x28:100016f8  PA:100016f8
21192640ns          367847 1c00958c 004e2703 lw               x14, 4(x28)         x14=3f2f3f29 x28:100016f8  PA:100016fc
21192680ns          367849 1c009590 00462803 lw               x16, 4(x12)         x16=bdd6a3b2 x12:1000170c  PA:10001710
21192720ns          367851 1c009594 10e7f453 fmul.s           f8, f15, f14         f8=xxxxxxxx f15:beec962d f14:3f2f3f29
21192739ns          367852 1c009598 10f873d3 fmul.s           f7, f16, f15         f7=xxxxxxxx f16:bdd6a3b2 f15:beec962d
21192759ns          367853 1c00959c 10f5f2d3 fmul.s           f5, f11, f15         f5=xxxxxxxx f11:40951924 f15:beec962d
21192779ns          367854 1c0095a0 40d87847 fmsub.s          f16, f16, f13, f8   f16=xxxxxxxx f16:bdd6a3b2 f13:3f6307bb  f8:bea1f508
21192799ns          367855 1c0095a4 38e6f743 fmadd.s          f14, f13, f14, f7   f14=xxxxxxxx f13:3f6307bb f14:3f2f3f29  f7:3d465cd2
21192819ns          367856 1c0095a8 0069a22b p.sw             x6, 4(x19!)         x19=100015e4  x6:c03a3b8f x19:100015e0  PA:100015e0
21192839ns          367857 1c0095ac 01062223 sw               x16, 4(x12)         x16:3e64bd3f x12:1000170c  PA:10001710
21192859ns          367858 1c0095b0 00ee2223 sw               x14, 4(x28)         x14:3f27d019 x28:100016f8  PA:100016fc
21192879ns          367859 1c0095b4 008e2703 lw               x14, 8(x28)         x14=bd6030f9 x28:100016f8  PA:10001700
21192899ns          367860 1c0095b8 00862803 lw               x16, 8(x12)         x16=3f25cae1 x12:1000170c  PA:10001714
21192918ns          367861 1c0095bc 10f773d3 fmul.s           f7, f14, f15         f7=xxxxxxxx f14:bd6030f9 f15:beec962d
21192978ns          367864 1c0095c0 10f875d3 fmul.s           f11, f16, f15       f11=xxxxxxxx f16:3f25cae1 f15:beec962d
21193018ns          367866 1c0095c4 28d57547 fmsub.s          f10, f10, f13, f5   f10=xxxxxxxx f10:3f6a6853 f13:3f6307bb  f5:c009caa4
21193038ns          367867 1c0095c8 38d873c7 fmsub.s          f7, f16, f13, f7     f7=xxxxxxxx f16:3f25cae1 f13:3f6307bb  f7:3ccf30aa
21193058ns          367868 1c0095cc 58d775c3 fmadd.s          f11, f14, f13, f11  f11=xxxxxxxx f14:bd6030f9 f13:3f6307bb f11:be993849
21193078ns          367869 1c0095d0 a1f892d3 flt.s            x5, f17, f31         x5=00000000 f17:406d5f61 f31:00000000
21193097ns          367870 1c0095d4 00762423 sw               x7, 8(x12)           x7:3f0c8e62 x12:1000170c  PA:10001714
21193117ns          367871 1c0095d8 00ce2703 lw               x14, 12(x28)        x14=bb9f4d2d x28:100016f8  PA:10001704
21193137ns          367872 1c0095dc 00be2423 sw               x11, 8(x28)         x11:beb2128f x28:100016f8  PA:10001700
21193157ns          367873 1c0095e0 00c62383 lw               x7, 12(x12)          x7=bdbddd96 x12:1000170c  PA:10001718
21193177ns          367874 1c0095e4 10f77453 fmul.s           f8, f14, f15         f8=xxxxxxxx f14:bb9f4d2d f15:beec962d
21193197ns          367875 1c0095e8 10f3f5d3 fmul.s           f11, f7, f15        f11=xxxxxxxx  f7:bdbddd96 f15:beec962d
21193217ns          367876 1c0095ec 000aa803 lw               x16, 0(x21)         x16=40b6eb43 x21:100015d4  PA:100015d4
21193276ns          367879 1c0095f0 40d3f3c7 fmsub.s          f7, f7, f13, f8      f7=xxxxxxxx  f7:bdbddd96 f13:3f6307bb  f8:3b133899
21193316ns          367881 1c0095f4 58d775c3 fmadd.s          f11, f14, f13, f11  f11=xxxxxxxx f14:bb9f4d2d f13:3f6307bb f11:3d2f77a7
21193336ns          367882 1c0095f8 00a9a023 sw               x10, 0(x19)         x10:403dc309 x19:100015e4  PA:100015e4
21193356ns          367883 1c0095fc 00762623 sw               x7, 12(x12)          x7:bdacfafd x12:1000170c  PA:10001718
21193416ns          367886 1c009600 010e2703 lw               x14, 16(x28)        x14=be11ee9f x28:100016f8  PA:10001708
21193455ns          367888 1c009604 00be2623 sw               x11, 12(x28)        x11:3d1dcedf x28:100016f8  PA:10001704
21193475ns          367889 1c009608 01062583 lw               x11, 16(x12)        x11=bf3fbe72 x12:1000170c  PA:1000171c
21193495ns          367890 1c00960a 10f773d3 fmul.s           f7, f14, f15         f7=xxxxxxxx f14:be11ee9f f15:beec962d
21193515ns          367891 1c00960e 10f5f353 fmul.s           f6, f11, f15         f6=xxxxxxxx f11:bf3fbe72 f15:beec962d
21193535ns          367892 1c009612 1107f7d3 fmul.s           f15, f15, f16       f15=xxxxxxxx f15:beec962d f16:40b6eb43
21193555ns          367893 1c009616 38d5f5c7 fmsub.s          f11, f11, f13, f7   f11=xxxxxxxx f11:bf3fbe72 f13:3f6307bb  f7:3d86dd96
21193575ns          367894 1c00961a 30d77743 fmadd.s          f14, f14, f13, f6   f14=xxxxxxxx f14:be11ee9f f13:3f6307bb  f6:3eb1340c
21193634ns          367897 1c00961e 1106f6d3 fmul.s           f13, f13, f16       f13=xxxxxxxx f13:3f6307bb f16:40b6eb43
21193654ns          367898 1c009622 00b62823 sw               x11, 16(x12)        x11:bf3ae75c x12:1000170c  PA:1000171c
21193674ns          367899 1c009624 00ee2823 sw               x14, 16(x28)        x14:3e60fd19 x28:100016f8  PA:10001708
21193694ns          367900 1c009628 01100333 add              x6, x0, x17          x6=406d5f61 x17:406d5f61
21193714ns          367901 1c00962a 00028463 beq              x5, x0, 8            x5:00000000
21193833ns          367907 1c009632 a1f79753 flt.s            x14, f15, f31       x14=00000001 f15:c0290c30 f31:00000000
21193853ns          367908 1c009636 420719e3 bne              x14, x0, 3122       x14:00000001
21194012ns          367916 1c00a268 20f79753 fsgnjn.s         f14, f15, f15       f14=xxxxxxxx f15:c0290c30 f15:c0290c30
21194052ns          367918 1c00a26c bd0ff06f jal              x0, -3120          
21194152ns          367923 1c00963c a0671853 flt.s            x16, f14, f6        x16=00000001 f14:40290c30  f6:406d5f61
21194172ns          367924 1c009640 011003b3 add              x7, x0, x17          x7=406d5f61 x17:406d5f61
21194191ns          367925 1c009642 00081363 bne              x16, x0, 6          x16:00000001
21194251ns          367928 1c009648 006772d3 fadd.s           f5, f14, f6          f5=xxxxxxxx f14:40290c30  f6:406d5f61
21194271ns          367929 1c00964c a1f2a5d3 feq.s            x11, f5, f31        x11=00000000  f5:40cb35c8 f31:00000000
21194331ns          367932 1c009650 3a0593e3 bne              x11, x0, 2982       x11:00000000
21194370ns          367934 1c009654 1c000437 lui              x8, 0x1c000000       x8=1c000000
21194390ns          367935 1c009658 02040413 addi             x8, x8, 32           x8=1c000020  x8:1c000000
21194410ns          367936 1c00965c 00042403 lw               x8, 0(x8)            x8=3f800000  x8:1c000020  PA:1c000020
21194748ns          367953 1c00965e 185475d3 fdiv.s           f11, f8, f5         f11=xxxxxxxx  f8:3f800000  f5:40cb35c8
21195226ns          367977 1c009662 10e5f753 fmul.s           f14, f11, f14       f14=xxxxxxxx f11:3e214078 f14:40290c30
21195246ns          367978 1c009666 a1f393d3 flt.s            x7, f7, f31          x7=00000000  f7:406d5f61 f31:00000000
21195266ns          367979 1c00966a 1065f5d3 fmul.s           f11, f11, f6        f11=xxxxxxxx f11:3e214078  f6:406d5f61
21195285ns          367980 1c00966e 10e77753 fmul.s           f14, f14, f14       f14=xxxxxxxx f14:3ed4f679 f14:3ed4f679
21195305ns          367981 1c009672 70b5f743 fmadd.s          f14, f11, f11, f14  f14=xxxxxxxx f11:3f1584c3 f11:3f1584c3 f14:3e312926
21195325ns          367982 1c009676 58077353 fsqrt.s          f6, f14              f6=xxxxxxxx f14:3f039e19
21195783ns          368005 1c00967a 10537353 fmul.s           f6, f6, f5           f6=xxxxxxxx  f6:3f378f3d  f5:40cb35c8
21195803ns          368006 1c00967e 00038463 beq              x7, x0, 8            x7:00000000
21195882ns          368010 1c009686 1c0004b7 lui              x9, 0x1c000000       x9=1c000000
21195902ns          368011 1c00968a 02048493 addi             x9, x9, 32           x9=1c000020  x9:1c000000
21195922ns          368012 1c00968e 0004a483 lw               x9, 0(x9)            x9=3f800000  x9:1c000020  PA:1c000020
21196240ns          368028 1c009690 1864f753 fdiv.s           f14, f9, f6         f14=xxxxxxxx  f9:3f800000  f6:4091b525
21196618ns          368047 1c009694 111778d3 fmul.s           f17, f14, f17       f17=xxxxxxxx f14:3e60e386 f17:406d5f61
21196638ns          368048 1c009698 10f77753 fmul.s           f14, f14, f15       f14=xxxxxxxx f14:3e60e386 f15:c0290c30
21196658ns          368049 1c00969c 10a8f853 fmul.s           f16, f17, f10       f16=xxxxxxxx f17:3f50866d f10:403dc309
21196678ns          368050 1c0096a0 20e71bd3 fsgnjn.s         f23, f14, f14       f23=xxxxxxxx f14:bf1480e8 f14:bf1480e8
21196698ns          368051 1c0096a4 000ea783 lw               x15, 0(x29)         x15=bf404c5e x29:1000175c  PA:1000175c
21196718ns          368052 1c0096a8 000f2383 lw               x7, 0(x30)           x7=be710f26 x30:10001770  PA:10001770
21196737ns          368053 1c0096ac 10e7f453 fmul.s           f8, f15, f14         f8=xxxxxxxx f15:bf404c5e f14:bf1480e8
21196777ns          368055 1c0096b0 10e3f2d3 fmul.s           f5, f7, f14          f5=xxxxxxxx  f7:be710f26 f14:bf1480e8
21196817ns          368057 1c0096b4 006b222b p.sw             x6, 4(x22!)         x22=100015d4  x6:4091b525 x22:100015d0  PA:100015d0
21196837ns          368058 1c0096b8 4113f3c7 fmsub.s          f7, f7, f17, f8      f7=xxxxxxxx  f7:be710f26 f17:3f50866d  f8:3edf19f6
21196857ns          368059 1c0096bc 2917f2c3 fmadd.s          f5, f15, f17, f5     f5=xxxxxxxx f15:bf404c5e f17:3f50866d  f5:3e0bd624
21196877ns          368060 1c0096c0 10d8f5d3 fmul.s           f11, f17, f13       f11=xxxxxxxx f17:3f50866d f13:40a23822
21196897ns          368061 1c0096c4 007f2023 sw               x7, 0(x30)           x7:bf20a3b4 x30:10001770  PA:10001770
21196916ns          368062 1c0096c8 005ea023 sw               x5, 0(x29)           x5:bef35afa x29:1000175c  PA:1000175c
21196936ns          368063 1c0096cc 004ea283 lw               x5, 4(x29)           x5=3f2480f8 x29:1000175c  PA:10001760
21197016ns          368067 1c0096d0 004f2383 lw               x7, 4(x30)           x7=be87e095 x30:10001770  PA:10001774
21197056ns          368069 1c0096d4 10e2f4d3 fmul.s           f9, f5, f14          f9=xxxxxxxx  f5:3f2480f8 f14:bf1480e8
21197076ns          368070 1c0096d8 10e3f453 fmul.s           f8, f7, f14          f8=xxxxxxxx  f7:be87e095 f14:bf1480e8
21197095ns          368071 1c0096dc 80d77843 fmadd.s          f16, f14, f13, f16  f16=xxxxxxxx f14:bf1480e8 f13:40a23822 f16:401a921c
21197115ns          368072 1c0096e0 4913f3c7 fmsub.s          f7, f7, f17, f9      f7=xxxxxxxx  f7:be87e095 f17:3f50866d  f9:bebedaca
21197135ns          368073 1c0096e4 4112f2c3 fmadd.s          f5, f5, f17, f8      f5=xxxxxxxx  f5:3f2480f8 f17:3f50866d  f8:3e1da483
21197155ns          368074 1c0096e8 000a2783 lw               x15, 0(x20)         x15=00000000 x20:100015e8  PA:100015e8
21197175ns          368075 1c0096ec 007f2223 sw               x7, 4(x30)           x7:3e2059ef x30:10001770  PA:10001774
21197255ns          368079 1c0096f0 005ea223 sw               x5, 4(x29)           x5:3f2d684c x29:1000175c  PA:10001760
21197294ns          368081 1c0096f4 008ea283 lw               x5, 8(x29)           x5=bc125f60 x29:1000175c  PA:10001764
21197314ns          368082 1c0096f8 008f2383 lw               x7, 8(x30)           x7=3f3cef8a x30:10001770  PA:10001778
21197334ns          368083 1c0096fc 10e2f4d3 fmul.s           f9, f5, f14          f9=xxxxxxxx  f5:bc125f60 f14:bf1480e8
21197354ns          368084 1c009700 10e3f453 fmul.s           f8, f7, f14          f8=xxxxxxxx  f7:3f3cef8a f14:bf1480e8
21197374ns          368085 1c009704 58abf5c3 fmadd.s          f11, f23, f10, f11  f11=xxxxxxxx f23:3f1480e8 f10:403dc309 f11:408422ca
21197394ns          368086 1c009708 4913f3c7 fmsub.s          f7, f7, f17, f9      f7=xxxxxxxx  f7:3f3cef8a f17:3f50866d  f9:3ba9d1b0
21197414ns          368087 1c00970c 4112f2c3 fmadd.s          f5, f5, f17, f8      f5=xxxxxxxx  f5:bc125f60 f17:3f50866d  f8:bedb333e
21197473ns          368090 1c009710 1117f553 fmul.s           f10, f15, f17       f10=xxxxxxxx f15:00000000 f17:3f50866d
21197513ns          368092 1c009714 007f2423 sw               x7, 8(x30)           x7:3f189233 x30:10001770  PA:10001778
21197533ns          368093 1c009718 00cea303 lw               x6, 12(x29)          x6=be1a4a43 x29:1000175c  PA:10001768
21197553ns          368094 1c00971c 005ea423 sw               x5, 8(x29)           x5:bedeed11 x29:1000175c  PA:10001764
21197613ns          368097 1c009720 00cf2283 lw               x5, 12(x30)          x5=3cbb478c x30:10001770  PA:1000177c
21197652ns          368099 1c009724 10e37453 fmul.s           f8, f6, f14          f8=xxxxxxxx  f6:be1a4a43 f14:bf1480e8
21197672ns          368100 1c009728 10e2f3d3 fmul.s           f7, f5, f14          f7=xxxxxxxx  f5:3cbb478c f14:bf1480e8
21197692ns          368101 1c00972c 014f0f13 addi             x30, x30, 20        x30=10001784 x30:10001770
21197712ns          368102 1c00972e 4112f2c7 fmsub.s          f5, f5, f17, f8      f5=xxxxxxxx  f5:3cbb478c f17:3f50866d  f8:3db3013f
21197732ns          368103 1c009732 39137343 fmadd.s          f6, f6, f17, f7      f6=xxxxxxxx  f6:be1a4a43 f17:3f50866d  f7:bc594755
21197752ns          368104 1c009736 00baa22b p.sw             x11, 4(x21!)        x21=100015d8 x11:40bb2cf1 x21:100015d4  PA:100015d4
21197772ns          368105 1c00973a fe5f2c23 sw               x5, -8(x30)          x5:bd8cde21 x30:10001784  PA:1000177c
21197831ns          368108 1c00973e 010ea683 lw               x13, 16(x29)        x13=bbd5c347 x29:1000175c  PA:1000176c
21197871ns          368110 1c009742 006ea623 sw               x6, 12(x29)          x6:be0b41d0 x29:1000175c  PA:10001768
21197891ns          368111 1c009746 ffcf2303 lw               x6, -4(x30)          x6=bf12d32b x30:10001784  PA:10001780
21197911ns          368112 1c00974a 10e6f3d3 fmul.s           f7, f13, f14         f7=xxxxxxxx f13:bbd5c347 f14:bf1480e8
21197931ns          368113 1c00974e 10e372d3 fmul.s           f5, f6, f14          f5=xxxxxxxx  f6:bf12d32b f14:bf1480e8
21197951ns          368114 1c009752 00aa222b p.sw             x10, 4(x20!)        x20=100015ec x10:00000000 x20:100015e8  PA:100015e8
21197971ns          368115 1c009756 39137347 fmsub.s          f6, f6, f17, f7      f6=xxxxxxxx  f6:bf12d32b f17:3f50866d  f7:3b780111
21197991ns          368116 1c00975a 2916f8c3 fmadd.s          f17, f13, f17, f5   f17=xxxxxxxx f13:bbd5c347 f17:3f50866d  f5:3eaa5807
21198010ns          368117 1c00975e 01460613 addi             x12, x12, 20        x12=10001720 x12:1000170c
21198050ns          368119 1c009760 fe6f2e23 sw               x6, -4(x30)          x6:bef1215a x30:10001784  PA:10001780
21198090ns          368121 1c009764 011ea823 sw               x17, 16(x29)        x17:3ea79f8b x29:1000175c  PA:1000176c
21198110ns          368122 1c009768 014e0e13 addi             x28, x28, 20        x28=1000170c x28:100016f8
21198130ns          368123 1c00976a 014e8e93 addi             x29, x29, 20        x29=10001770 x29:1000175c
21198150ns          368124 1c00976c 10e7f7d3 fmul.s           f15, f15, f14       f15=xxxxxxxx f15:00000000 f14:bf1480e8
21198189ns          368126 1c009770 01412e03 lw               x28, 20(x2)         x28=00000000  x2:10001598  PA:100015ac
21198209ns          368127 1c009772 00812983 lw               x19, 8(x2)          x19=0000000c  x2:10001598  PA:100015a0
21198229ns          368128 1c009774 0e010893 addi             x17, x2, 224        x17=10001678  x2:10001598
21198249ns          368129 1c009778 013887b3 add              x15, x17, x19       x15=10001684 x17:10001678 x19:0000000c
21198269ns          368130 1c00977c 001e0e13 addi             x28, x28, 1         x28=00000001 x28:00000000
21198329ns          368133 1c00977e f707a023 sw               x16, -160(x15)      x16:bf0688a6 x15:10001684  PA:100015e4
21198349ns          368134 1c009782 01c12a23 sw               x28, 20(x2)         x28:00000001  x2:10001598  PA:100015ac
21198368ns          368135 1c009784 fff00793 addi             x15, x0, -1         x15=ffffffff
21198388ns          368136 1c009786 00fdc663 blt              x27, x15, 12        x27:00000003 x15:ffffffff
21198408ns          368137 1c00978a 04b00793 addi             x15, x0, 75         x15=0000004b
21198468ns          368140 1c00978e a8fe1c63 bne              x28, x15, -3432     x28:00000001 x15:0000004b
21198567ns          368145 1c008a26 00812503 lw               x10, 8(x2)          x10=0000000c  x2:10001598  PA:100015a0
21198607ns          368147 1c008a28 04010613 addi             x12, x2, 64         x12=100015d8  x2:10001598
21198627ns          368148 1c008a2a 01b509b3 add              x19, x10, x27       x19=0000000f x10:0000000c x27:00000003
21198647ns          368149 1c008a2e 02c10593 addi             x11, x2, 44         x11=100015c4  x2:10001598
21198727ns          368153 1c008a30 00a60633 add              x12, x12, x10       x12=100015e4 x12:100015d8 x10:0000000c
21198766ns          368155 1c008a32 002d8693 addi             x13, x27, 2         x13=00000005 x27:00000003
21198786ns          368156 1c008a36 1c000437 lui              x8, 0x1c000000       x8=1c000000
21198806ns          368157 1c008a3a 1c0004b7 lui              x9, 0x1c000000       x9=1c000000
21198826ns          368158 1c008a3e 00299993 slli             x19, x19, 0x2       x19=0000003c x19:0000000f
21198866ns          368160 1c008a40 00a58b33 add              x22, x11, x10       x22=100015d0 x11:100015c4 x10:0000000c
21198906ns          368162 1c008a44 00c12623 sw               x12, 12(x2)         x12:100015e4  x2:10001598  PA:100015a4
21198925ns          368163 1c008a46 00d12c23 sw               x13, 24(x2)         x13:00000005  x2:10001598  PA:100015b0
21198945ns          368164 1c008a48 02842a83 lw               x21, 40(x8)         x21=0c000000  x8:1c000000  PA:1c000028
21199244ns          368179 1c008a4c 02c4ab83 lw               x23, 44(x9)         x23=34000000  x9:1c000000  PA:1c00002c
21199562ns          368195 1c008a50 01a989b3 add              x19, x19, x26       x19=100016f8 x19:0000003c x26:100016bc
21199582ns          368196 1c008a52 00000f13 addi             x30, x0, 0          x30=00000000
21199602ns          368197 1c008a56 018007b3 add              x15, x0, x24        x15=00000004 x24:00000004
21199622ns          368198 1c008a58 004b2283 lw               x5, 4(x22)           x5=40bb2cf1 x22:100015d0  PA:100015d4
21199641ns          368199 1c008a5c 71fdace3 p.beqimm         x27, 3864           x27:00000003
21199681ns          368201 1c008a60 01412e03 lw               x28, 20(x2)         x28=00000001  x2:10001598  PA:100015ac
21199701ns          368202 1c008a62 01400e93 addi             x29, x0, 20         x29=00000014
21199721ns          368203 1c008a64 77cec8e3 blt              x29, x28, 3952      x29:00000014 x28:00000001
21199741ns          368204 1c008a68 00c12f83 lw               x31, 12(x2)         x31=100015e4  x2:10001598  PA:100015a4
21199781ns          368206 1c008a6a 000fa683 lw               x13, 0(x31)         x13=bf0688a6 x31:100015e4  PA:100015e4
21199821ns          368208 1c008a6e a1e69753 flt.s            x14, f13, f30       x14=00000001 f13:bf0688a6 f30:00000000
21199840ns          368209 1c008a72 00070363 beq              x14, x0, 6          x14:00000001
21199860ns          368210 1c008a74 20d696d3 fsgnjn.s         f13, f13, f13       f13=xxxxxxxx f13:bf0688a6 f13:bf0688a6
21199880ns          368211 1c008a78 000b2603 lw               x12, 0(x22)         x12=4091b525 x22:100015d0  PA:100015d0
21199920ns          368213 1c008a7c a1e61753 flt.s            x14, f12, f30       x14=00000000 f12:4091b525 f30:00000000
21199960ns          368215 1c008a80 00c005b3 add              x11, x0, x12        x11=4091b525 x12:4091b525
21199980ns          368216 1c008a82 00070363 beq              x14, x0, 6          x14:00000000
21200039ns          368219 1c008a88 a1e29753 flt.s            x14, f5, f30        x14=00000000  f5:40bb2cf1 f30:00000000
21200059ns          368220 1c008a8c 00070363 beq              x14, x0, 6          x14:00000000
21200218ns          368228 1c008a92 00500733 add              x14, x0, x5         x14=40bb2cf1  x5:40bb2cf1
21200238ns          368229 1c008a94 00b77753 fadd.s           f14, f14, f11       f14=xxxxxxxx f14:40bb2cf1 f11:4091b525
21200258ns          368230 1c008a98 11777753 fmul.s           f14, f14, f23       f14=xxxxxxxx f14:4126710b f23:34000000
21200278ns          368231 1c008a9c a0e68753 fle.s            x14, f13, f14       x14=00000000 f13:3f0688a6 f14:35a6710b
21200338ns          368234 1c008aa0 00070363 beq              x14, x0, 6          x14:00000000
21200417ns          368238 1c008aa6 1c000337 lui              x6, 0x1c000000       x6=1c000000
21200437ns          368239 1c008aaa 02830313 addi             x6, x6, 40           x6=1c000028  x6:1c000000
21200914ns          368263 1c008aae 00032303 lw               x6, 0(x6)            x6=0c000000  x6:1c000028  PA:1c000028
21201253ns          368280 1c008ab2 a06686d3 fle.s            x13, f13, f6        x13=00000000 f13:3f0688a6  f6:0c000000
21201273ns          368281 1c008ab6 00068363 beq              x13, x0, 6          x13:00000000
21201790ns          368307 1c008abc fffd8693 addi             x13, x27, -1        x13=00000002 x27:00000003
21201810ns          368308 1c008ac0 000d9463 bne              x27, x0, 8          x27:00000003
21201869ns          368311 1c008ac8 00269713 slli             x14, x13, 0x2       x14=00000008 x13:00000002
21201889ns          368312 1c008acc 0e010393 addi             x7, x2, 224          x7=10001678  x2:10001598
21202327ns          368334 1c008ad0 00e385b3 add              x11, x7, x14        x11=10001680  x7:10001678 x14:00000008
21202367ns          368336 1c008ad4 f605a503 lw               x10, -160(x11)      x10=c03a3b8f x11:10001680  PA:100015e0
21202406ns          368338 1c008ad8 a1e515d3 flt.s            x11, f10, f30       x11=00000001 f10:c03a3b8f f30:00000000
21202426ns          368339 1c008adc 00058363 beq              x11, x0, 6          x11:00000001
21202864ns          368361 1c008ade 20a51553 fsgnjn.s         f10, f10, f10       f10=xxxxxxxx f10:c03a3b8f f10:c03a3b8f
21202884ns          368362 1c008ae2 0e010413 addi             x8, x2, 224          x8=10001678  x2:10001598
21202904ns          368363 1c008ae4 00e405b3 add              x11, x8, x14        x11=10001680  x8:10001678 x14:00000008
21202923ns          368364 1c008ae8 f4c5a583 lw               x11, -180(x11)      x11=41139990 x11:10001680  PA:100015cc
21202963ns          368366 1c008aec a1e59853 flt.s            x16, f11, f30       x16=00000000 f11:41139990 f30:00000000
21203381ns          368387 1c008af0 00080463 beq              x16, x0, 8          x16:00000000
21203441ns          368390 1c008af8 00b00833 add              x16, x0, x11        x16=41139990 x11:41139990
21203461ns          368391 1c008afa a1e618d3 flt.s            x17, f12, f30       x17=00000000 f12:4091b525 f30:00000000
21203918ns          368414 1c008afe 00088463 beq              x17, x0, 8          x17:00000000
21203998ns          368418 1c008b06 1c0004b7 lui              x9, 0x1c000000       x9=1c000000
21204017ns          368419 1c008b0a 01067653 fadd.s           f12, f12, f16       f12=xxxxxxxx f12:4091b525 f16:41139990
21204495ns          368443 1c008b0e 02c48493 addi             x9, x9, 44           x9=1c00002c  x9:1c000000
21204515ns          368444 1c008b12 0004a483 lw               x9, 0(x9)            x9=34000000  x9:1c00002c  PA:1c00002c
21204833ns          368460 1c008b14 10967653 fmul.s           f12, f12, f9        f12=xxxxxxxx f12:415c7422  f9:34000000
21204853ns          368461 1c008b18 a0c50653 fle.s            x12, f10, f12       x12=00000000 f10:403a3b8f f12:35dc7422
21204873ns          368462 1c008b1c 00060363 beq              x12, x0, 6          x12:00000000
21205072ns          368472 1c008b22 1c000637 lui              x12, 0x1c000000     x12=1c000000
21205092ns          368473 1c008b26 02860613 addi             x12, x12, 40        x12=1c000028 x12:1c000000
21205111ns          368474 1c008b2a 00062603 lw               x12, 0(x12)         x12=0c000000 x12:1c000028  PA:1c000028
21205469ns          368492 1c008b2c a0c50553 fle.s            x10, f10, f12       x10=00000000 f10:403a3b8f f12:0c000000
21205489ns          368493 1c008b30 00050363 beq              x10, x0, 6          x10:00000000
21205569ns          368497 1c008b36 ffed8813 addi             x16, x27, -2        x16=00000001 x27:00000003
21205589ns          368498 1c008b3a 01f83463 p.bneimm         x16, 8              x16:00000001
21206066ns          368522 1c008b42 00281713 slli             x14, x16, 0x2       x14=00000004 x16:00000001
21206086ns          368523 1c008b46 0e010893 addi             x17, x2, 224        x17=10001678  x2:10001598
21206106ns          368524 1c008b4a 00e88633 add              x12, x17, x14       x12=1000167c x17:10001678 x14:00000004
21206166ns          368527 1c008b4e f6062503 lw               x10, -160(x12)      x10=4050fe0e x12:1000167c  PA:100015dc
21206205ns          368529 1c008b52 a1e51653 flt.s            x12, f10, f30       x12=00000000 f10:4050fe0e f30:00000000
21206225ns          368530 1c008b56 00060363 beq              x12, x0, 6          x12:00000000
21206345ns          368536 1c008b5c 0e010e13 addi             x28, x2, 224        x28=10001678  x2:10001598
21206365ns          368537 1c008b60 01c70733 add              x14, x14, x28       x14=1000167c x14:00000004 x28:10001678
21206384ns          368538 1c008b62 f4c72883 lw               x17, -180(x14)      x17=414906e3 x14:1000167c  PA:100015c8
21206444ns          368541 1c008b66 a1e89753 flt.s            x14, f17, f30       x14=00000000 f17:414906e3 f30:00000000
21206464ns          368542 1c008b6a 00070363 beq              x14, x0, 6          x14:00000000
21206922ns          368565 1c008b70 01100733 add              x14, x0, x17        x14=414906e3 x17:414906e3
21206941ns          368566 1c008b72 a1e59653 flt.s            x12, f11, f30       x12=00000000 f11:41139990 f30:00000000
21206961ns          368567 1c008b76 00060363 beq              x12, x0, 6          x12:00000000
21207081ns          368573 1c008b7c 1c000eb7 lui              x29, 0x1c000000     x29=1c000000
21207101ns          368574 1c008b80 00e5f753 fadd.s           f14, f11, f14       f14=xxxxxxxx f11:41139990 f14:414906e3
21207120ns          368575 1c008b84 02ce8e93 addi             x29, x29, 44        x29=1c00002c x29:1c000000
21207140ns          368576 1c008b88 000eae83 lw               x29, 0(x29)         x29=34000000 x29:1c00002c  PA:1c00002c
21207459ns          368592 1c008b8c 11d77753 fmul.s           f14, f14, f29       f14=xxxxxxxx f14:41ae503a f29:34000000
21207478ns          368593 1c008b90 a0e50753 fle.s            x14, f10, f14       x14=00000000 f10:4050fe0e f14:362e503a
21207498ns          368594 1c008b94 440718e3 bne              x14, x0, 3152       x14:00000000
21207518ns          368595 1c008b98 1c000fb7 lui              x31, 0x1c000000     x31=1c000000
21207538ns          368596 1c008b9c 028f8f93 addi             x31, x31, 40        x31=1c000028 x31:1c000000
21207578ns          368598 1c008ba0 000faf83 lw               x31, 0(x31)         x31=0c000000 x31:1c000028  PA:1c000028
21207916ns          368615 1c008ba4 a1f50553 fle.s            x10, f10, f31       x10=00000000 f10:4050fe0e f31:0c000000
21207936ns          368616 1c008ba8 42051ee3 bne              x10, x0, 3132       x10:00000000
21207956ns          368617 1c008bac ffdd8693 addi             x13, x27, -3        x13=00000000 x27:00000003
21207976ns          368618 1c008bb0 01f6b463 p.bneimm         x13, 8              x13:00000000
21208035ns          368621 1c008bb8 00269713 slli             x14, x13, 0x2       x14=00000000 x13:00000000
21208055ns          368622 1c008bbc 0e010313 addi             x6, x2, 224          x6=10001678  x2:10001598
21208115ns          368625 1c008bc0 00e30633 add              x12, x6, x14        x12=10001678  x6:10001678 x14:00000000
21208155ns          368627 1c008bc4 f6062583 lw               x11, -160(x12)      x11=40828418 x12:10001678  PA:100015d8
21208195ns          368629 1c008bc8 a1e59653 flt.s            x12, f11, f30       x12=00000000 f11:40828418 f30:00000000
21208214ns          368630 1c008bcc 00060363 beq              x12, x0, 6          x12:00000000
21208314ns          368635 1c008bd2 0e010393 addi             x7, x2, 224          x7=10001678  x2:10001598
21208334ns          368636 1c008bd6 00e38633 add              x12, x7, x14        x12=10001678  x7:10001678 x14:00000000
21208354ns          368637 1c008bda f4c62603 lw               x12, -180(x12)      x12=4205bfba x12:10001678  PA:100015c4
21208413ns          368640 1c008bde a1e61553 flt.s            x10, f12, f30       x10=00000000 f12:4205bfba f30:00000000
21208433ns          368641 1c008be2 00050363 beq              x10, x0, 6          x10:00000000
21208493ns          368644 1c008be8 a1e89553 flt.s            x10, f17, f30       x10=00000000 f17:414906e3 f30:00000000
21208513ns          368645 1c008bec 00050363 beq              x10, x0, 6          x10:00000000
21209010ns          368670 1c008bf2 1c000437 lui              x8, 0x1c000000       x8=1c000000
21209030ns          368671 1c008bf6 01167653 fadd.s           f12, f12, f17       f12=xxxxxxxx f12:4205bfba f17:414906e3
21209050ns          368672 1c008bfa 02c40413 addi             x8, x8, 44           x8=1c00002c  x8:1c000000
21209070ns          368673 1c008bfe 00042403 lw               x8, 0(x8)            x8=34000000  x8:1c00002c  PA:1c00002c
21209527ns          368696 1c008c00 10867653 fmul.s           f12, f12, f8        f12=xxxxxxxx f12:42380173  f8:34000000
21209547ns          368697 1c008c04 a0c58653 fle.s            x12, f11, f12       x12=00000000 f11:40828418 f12:36b80173
21209567ns          368698 1c008c08 3e0613e3 bne              x12, x0, 3046       x12:00000000
21209587ns          368699 1c008c0c 1c0004b7 lui              x9, 0x1c000000       x9=1c000000
21210024ns          368721 1c008c10 02848493 addi             x9, x9, 40           x9=1c000028  x9:1c000000
21210064ns          368723 1c008c14 0004a483 lw               x9, 0(x9)            x9=0c000000  x9:1c000028  PA:1c000028
21210382ns          368739 1c008c16 a09585d3 fle.s            x11, f11, f9        x11=00000000 f11:40828418  f9:0c000000
21210402ns          368740 1c008c1a 3c059ae3 bne              x11, x0, 3028       x11:00000000
21210422ns          368741 1c008c1e 00000813 addi             x16, x0, 0          x16=00000000
21210562ns          368748 1c008c20 fff00693 addi             x13, x0, -1         x13=ffffffff
21210601ns          368750 1c008c22 3d880de3 beq              x16, x24, 3034      x16:00000000 x24:00000004
21210621ns          368751 1c008c26 002d8393 addi             x7, x27, 2           x7=00000005 x27:00000003
21210641ns          368752 1c008c2a 7c76d5e3 bge              x13, x7, 4042       x13:ffffffff  x7:00000005
21211099ns          368775 1c008c2e 00268f93 addi             x31, x13, 2         x31=00000001 x13:ffffffff
21211138ns          368777 1c008c32 3e780a63 beq              x16, x7, 1012       x16:00000000  x7:00000005
21211158ns          368778 1c008c36 002c1e93 slli             x29, x24, 0x2       x29=00000010 x24:00000004
21211178ns          368779 1c008c3a 04010493 addi             x9, x2, 64           x9=100015d8  x2:10001598
21211198ns          368780 1c008c3c ffce8593 addi             x11, x29, -4        x11=0000000c x29:00000010
21211616ns          368801 1c008c40 1c000637 lui              x12, 0x1c000000     x12=1c000000
21211656ns          368803 1c008c44 02c10413 addi             x8, x2, 44           x8=100015c4  x2:10001598
21211675ns          368804 1c008c46 1c000537 lui              x10, 0x1c000000     x10=1c000000
21211695ns          368805 1c008c4a 009585b3 add              x11, x11, x9        x11=100015e4 x11:0000000c  x9:100015d8
21211715ns          368806 1c008c4c 02862483 lw               x9, 40(x12)          x9=0c000000 x12:1c000000  PA:1c000028
21212053ns          368823 1c008c50 01d40333 add              x6, x8, x29          x6=100015d4  x8:100015c4 x29:00000010
21212073ns          368824 1c008c54 00700733 add              x14, x0, x7         x14=00000005  x7:00000005
21212093ns          368825 1c008c56 02c52403 lw               x8, 44(x10)          x8=34000000 x10:1c000000  PA:1c00002c
21212511ns          368846 1c008c5a 00168693 addi             x13, x13, 1         x13=00000000 x13:ffffffff
21212531ns          368847 1c008c5c 00000e13 addi             x28, x0, 0          x28=00000000
21212551ns          368848 1c008c60 41038533 sub              x10, x7, x16        x10=00000005  x7:00000005 x16:00000000
21212590ns          368850 1c008c64 1e0540fb lp.setup         0x1, x10, 0x1e0     x10:00000005
21212610ns          368851 1c008c68 fff70893 addi             x17, x14, -1        x17=00000004 x14:00000005
21212630ns          368852 1c008c6c 00000793 addi             x15, x0, 0          x15=00000000
21212690ns          368855 1c008c70 00ec4763 blt              x24, x14, 14        x24:00000004 x14:00000005
21213187ns          368880 1c008c7e 00efd963 bge              x31, x14, 18        x31:00000001 x14:00000005
21213207ns          368881 1c008c82 0005a603 lw               x12, 0(x11)         x12=bf0688a6 x11:100015e4  PA:100015e4
21213247ns          368883 1c008c84 a1c61f53 flt.s            x30, f12, f28       x30=00000001 f12:bf0688a6 f28:00000000
21213267ns          368884 1c008c88 380f1163 bne              x30, x0, 898        x30:00000001
21213824ns          368912 1c00900a 20c61653 fsgnjn.s         f12, f12, f12       f12=xxxxxxxx f12:bf0688a6 f12:bf0688a6
21213843ns          368913 1c00900e c7fff06f jal              x0, -898           
21214301ns          368936 1c008c8c 00c7f7d3 fadd.s           f15, f15, f12       f15=xxxxxxxx f15:00000000 f12:3f0688a6
21214321ns          368937 1c008c90 ffc3260b p.lw             x12, -4(x6!)        x12=40bb2cf1  x6=100015d0  x6:100015d4  PA:100015d4
21214361ns          368939 1c008c94 a1c61f53 flt.s            x30, f12, f28       x30=00000000 f12:40bb2cf1 f28:00000000
21214381ns          368940 1c008c98 000f0463 beq              x30, x0, 8          x30:00000000
21214480ns          368945 1c008ca0 1087f7d3 fmul.s           f15, f15, f8        f15=xxxxxxxx f15:3f0688a6  f8:34000000
21214500ns          368946 1c008ca4 a0f607d3 fle.s            x15, f12, f15       x15=00000000 f12:40bb2cf1 f15:338688a6
21214520ns          368947 1c008ca8 00079563 bne              x15, x0, 10         x15:00000000
21214540ns          368948 1c008caa a0960653 fle.s            x12, f12, f9        x12=00000000 f12:40bb2cf1  f9:0c000000
21214599ns          368951 1c008cae 36060663 beq              x12, x0, 876        x12:00000000
21214679ns          368955 1c00901a 00d71463 bne              x14, x13, 8         x14:00000005 x13:00000000
21214778ns          368960 1c009022 01100733 add              x14, x0, x17        x14=00000004 x17:00000004
21214798ns          368961 1c009024 ffc58593 addi             x11, x11, -4        x11=100015e0 x11:100015e4
21214818ns          368962 1c008c68 fff70893 addi             x17, x14, -1        x17=00000003 x14:00000004
21214838ns          368963 1c008c6c 00000793 addi             x15, x0, 0          x15=00000000
21214858ns          368964 1c008c70 00ec4763 blt              x24, x14, 14        x24:00000004 x14:00000004
21214878ns          368965 1c008c74 0045a783 lw               x15, 4(x11)         x15=bf0688a6 x11:100015e0  PA:100015e4
21214918ns          368967 1c008c76 a1c79653 flt.s            x12, f15, f28       x12=00000001 f15:bf0688a6 f28:00000000
21214937ns          368968 1c008c7a 38061b63 bne              x12, x0, 918        x12:00000001
21214997ns          368971 1c009010 20f797d3 fsgnjn.s         f15, f15, f15       f15=xxxxxxxx f15:bf0688a6 f15:bf0688a6
21215017ns          368972 1c009014 c6bff06f jal              x0, -918           
21215077ns          368975 1c008c7e 00efd963 bge              x31, x14, 18        x31:00000001 x14:00000004
21215097ns          368976 1c008c82 0005a603 lw               x12, 0(x11)         x12=c03a3b8f x11:100015e0  PA:100015e0
21215136ns          368978 1c008c84 a1c61f53 flt.s            x30, f12, f28       x30=00000001 f12:c03a3b8f f28:00000000
21215156ns          368979 1c008c88 380f1163 bne              x30, x0, 898        x30:00000001
21215236ns          368983 1c00900a 20c61653 fsgnjn.s         f12, f12, f12       f12=xxxxxxxx f12:c03a3b8f f12:c03a3b8f
21215256ns          368984 1c00900e c7fff06f jal              x0, -898           
21215296ns          368986 1c008c8c 00c7f7d3 fadd.s           f15, f15, f12       f15=xxxxxxxx f15:3f0688a6 f12:403a3b8f
21215315ns          368987 1c008c90 ffc3260b p.lw             x12, -4(x6!)        x12=4091b525  x6=100015cc  x6:100015d0  PA:100015d0
21215355ns          368989 1c008c94 a1c61f53 flt.s            x30, f12, f28       x30=00000000 f12:4091b525 f28:00000000
21215375ns          368990 1c008c98 000f0463 beq              x30, x0, 8          x30:00000000
21215435ns          368993 1c008ca0 1087f7d3 fmul.s           f15, f15, f8        f15=xxxxxxxx f15:405bddb8  f8:34000000
21215455ns          368994 1c008ca4 a0f607d3 fle.s            x15, f12, f15       x15=00000000 f12:4091b525 f15:34dbddb8
21215475ns          368995 1c008ca8 00079563 bne              x15, x0, 10         x15:00000000
21215494ns          368996 1c008caa a0960653 fle.s            x12, f12, f9        x12=00000000 f12:4091b525  f9:0c000000
21215514ns          368997 1c008cae 36060663 beq              x12, x0, 876        x12:00000000
21215594ns          369001 1c00901a 00d71463 bne              x14, x13, 8         x14:00000004 x13:00000000
21215654ns          369004 1c009022 01100733 add              x14, x0, x17        x14=00000003 x17:00000003
21215673ns          369005 1c009024 ffc58593 addi             x11, x11, -4        x11=100015dc x11:100015e0
21215693ns          369006 1c008c68 fff70893 addi             x17, x14, -1        x17=00000002 x14:00000003
21215713ns          369007 1c008c6c 00000793 addi             x15, x0, 0          x15=00000000
21215733ns          369008 1c008c70 00ec4763 blt              x24, x14, 14        x24:00000004 x14:00000003
21215753ns          369009 1c008c74 0045a783 lw               x15, 4(x11)         x15=c03a3b8f x11:100015dc  PA:100015e0
21215793ns          369011 1c008c76 a1c79653 flt.s            x12, f15, f28       x12=00000001 f15:c03a3b8f f28:00000000
21215813ns          369012 1c008c7a 38061b63 bne              x12, x0, 918        x12:00000001
21215872ns          369015 1c009010 20f797d3 fsgnjn.s         f15, f15, f15       f15=xxxxxxxx f15:c03a3b8f f15:c03a3b8f
21215892ns          369016 1c009014 c6bff06f jal              x0, -918           
21215952ns          369019 1c008c7e 00efd963 bge              x31, x14, 18        x31:00000001 x14:00000003
21215972ns          369020 1c008c82 0005a603 lw               x12, 0(x11)         x12=4050fe0e x11:100015dc  PA:100015dc
21216012ns          369022 1c008c84 a1c61f53 flt.s            x30, f12, f28       x30=00000000 f12:4050fe0e f28:00000000
21216031ns          369023 1c008c88 380f1163 bne              x30, x0, 898        x30:00000000
21216051ns          369024 1c008c8c 00c7f7d3 fadd.s           f15, f15, f12       f15=xxxxxxxx f15:403a3b8f f12:4050fe0e
21216071ns          369025 1c008c90 ffc3260b p.lw             x12, -4(x6!)        x12=41139990  x6=100015c8  x6:100015cc  PA:100015cc
21216111ns          369027 1c008c94 a1c61f53 flt.s            x30, f12, f28       x30=00000000 f12:41139990 f28:00000000
21216131ns          369028 1c008c98 000f0463 beq              x30, x0, 8          x30:00000000
21216191ns          369031 1c008ca0 1087f7d3 fmul.s           f15, f15, f8        f15=xxxxxxxx f15:40c59cce  f8:34000000
21216210ns          369032 1c008ca4 a0f607d3 fle.s            x15, f12, f15       x15=00000000 f12:41139990 f15:35459cce
21216230ns          369033 1c008ca8 00079563 bne              x15, x0, 10         x15:00000000
21216250ns          369034 1c008caa a0960653 fle.s            x12, f12, f9        x12=00000000 f12:41139990  f9:0c000000
21216270ns          369035 1c008cae 36060663 beq              x12, x0, 876        x12:00000000
21216350ns          369039 1c00901a 00d71463 bne              x14, x13, 8         x14:00000003 x13:00000000
21216409ns          369042 1c009022 01100733 add              x14, x0, x17        x14=00000002 x17:00000002
21216429ns          369043 1c009024 ffc58593 addi             x11, x11, -4        x11=100015d8 x11:100015dc
21216449ns          369044 1c008c68 fff70893 addi             x17, x14, -1        x17=00000001 x14:00000002
21216469ns          369045 1c008c6c 00000793 addi             x15, x0, 0          x15=00000000
21216489ns          369046 1c008c70 00ec4763 blt              x24, x14, 14        x24:00000004 x14:00000002
21216509ns          369047 1c008c74 0045a783 lw               x15, 4(x11)         x15=4050fe0e x11:100015d8  PA:100015dc
21216549ns          369049 1c008c76 a1c79653 flt.s            x12, f15, f28       x12=00000000 f15:4050fe0e f28:00000000
21216569ns          369050 1c008c7a 38061b63 bne              x12, x0, 918        x12:00000000
21216588ns          369051 1c008c7e 00efd963 bge              x31, x14, 18        x31:00000001 x14:00000002
21216608ns          369052 1c008c82 0005a603 lw               x12, 0(x11)         x12=40828418 x11:100015d8  PA:100015d8
21216648ns          369054 1c008c84 a1c61f53 flt.s            x30, f12, f28       x30=00000000 f12:40828418 f28:00000000
21216668ns          369055 1c008c88 380f1163 bne              x30, x0, 898        x30:00000000
21216688ns          369056 1c008c8c 00c7f7d3 fadd.s           f15, f15, f12       f15=xxxxxxxx f15:4050fe0e f12:40828418
21216708ns          369057 1c008c90 ffc3260b p.lw             x12, -4(x6!)        x12=414906e3  x6=100015c4  x6:100015c8  PA:100015c8
21216748ns          369059 1c008c94 a1c61f53 flt.s            x30, f12, f28       x30=00000000 f12:414906e3 f28:00000000
21216767ns          369060 1c008c98 000f0463 beq              x30, x0, 8          x30:00000000
21216827ns          369063 1c008ca0 1087f7d3 fmul.s           f15, f15, f8        f15=xxxxxxxx f15:40eb031f  f8:34000000
21216847ns          369064 1c008ca4 a0f607d3 fle.s            x15, f12, f15       x15=00000000 f12:414906e3 f15:356b031f
21216867ns          369065 1c008ca8 00079563 bne              x15, x0, 10         x15:00000000
21216887ns          369066 1c008caa a0960653 fle.s            x12, f12, f9        x12=00000000 f12:414906e3  f9:0c000000
21216907ns          369067 1c008cae 36060663 beq              x12, x0, 876        x12:00000000
21216986ns          369071 1c00901a 00d71463 bne              x14, x13, 8         x14:00000002 x13:00000000
21217046ns          369074 1c009022 01100733 add              x14, x0, x17        x14=00000001 x17:00000001
21217066ns          369075 1c009024 ffc58593 addi             x11, x11, -4        x11=100015d4 x11:100015d8
21217086ns          369076 1c008c68 fff70893 addi             x17, x14, -1        x17=00000000 x14:00000001
21217106ns          369077 1c008c6c 00000793 addi             x15, x0, 0          x15=00000000
21217125ns          369078 1c008c70 00ec4763 blt              x24, x14, 14        x24:00000004 x14:00000001
21217145ns          369079 1c008c74 0045a783 lw               x15, 4(x11)         x15=40828418 x11:100015d4  PA:100015d8
21217185ns          369081 1c008c76 a1c79653 flt.s            x12, f15, f28       x12=00000000 f15:40828418 f28:00000000
21217205ns          369082 1c008c7a 38061b63 bne              x12, x0, 918        x12:00000000
21217225ns          369083 1c008c7e 00efd963 bge              x31, x14, 18        x31:00000001 x14:00000001
21217285ns          369086 1c008c90 ffc3260b p.lw             x12, -4(x6!)        x12=4205bfba  x6=100015c0  x6:100015c4  PA:100015c4
21217324ns          369088 1c008c94 a1c61f53 flt.s            x30, f12, f28       x30=00000000 f12:4205bfba f28:00000000
21217344ns          369089 1c008c98 000f0463 beq              x30, x0, 8          x30:00000000
21217404ns          369092 1c008ca0 1087f7d3 fmul.s           f15, f15, f8        f15=xxxxxxxx f15:40828418  f8:34000000
21217424ns          369093 1c008ca4 a0f607d3 fle.s            x15, f12, f15       x15=00000000 f12:4205bfba f15:35028418
21217444ns          369094 1c008ca8 00079563 bne              x15, x0, 10         x15:00000000
21217464ns          369095 1c008caa a0960653 fle.s            x12, f12, f9        x12=00000000 f12:4205bfba  f9:0c000000
21217483ns          369096 1c008cae 36060663 beq              x12, x0, 876        x12:00000000
21217563ns          369100 1c00901a 00d71463 bne              x14, x13, 8         x14:00000001 x13:00000000
21217623ns          369103 1c009022 01100733 add              x14, x0, x17        x14=00000000 x17:00000000
21217643ns          369104 1c009024 ffc58593 addi             x11, x11, -4        x11=100015d0 x11:100015d4
21217663ns          369105 1c009026 00000793 addi             x15, x0, 0          x15=00000000
21217682ns          369106 1c00902a a0f297d3 flt.s            x15, f5, f15        x15=00000000  f5:40bb2cf1 f15:00000000
21217702ns          369107 1c00902e 005006b3 add              x13, x0, x5         x13=40bb2cf1  x5:40bb2cf1
21217742ns          369109 1c009030 00078363 beq              x15, x0, 6          x15:00000000
21217822ns          369113 1c009036 002d9593 slli             x11, x27, 0x2       x11=0000000c x27:00000003
21217842ns          369114 1c00903a 0e010613 addi             x12, x2, 224        x12=10001678  x2:10001598
21217861ns          369115 1c00903c 00b607b3 add              x15, x12, x11       x15=10001684 x12:10001678 x11:0000000c
21217901ns          369117 1c009040 f4c7a603 lw               x12, -180(x15)      x12=4091b525 x15:10001684  PA:100015d0
21217941ns          369119 1c009044 00000793 addi             x15, x0, 0          x15=00000000
21217961ns          369120 1c009048 a0f617d3 flt.s            x15, f12, f15       x15=00000000 f12:4091b525 f15:00000000
21217981ns          369121 1c00904c 00b12423 sw               x11, 8(x2)          x11:0000000c  x2:10001598  PA:100015a0
21218001ns          369122 1c00904e 06d12423 sw               x13, 104(x2)        x13:40bb2cf1  x2:10001598  PA:10001600
21218040ns          369124 1c009050 00c00533 add              x10, x0, x12        x10=4091b525 x12:4091b525
21218060ns          369125 1c009052 00b008b3 add              x17, x0, x11        x17=0000000c x11:0000000c
21218080ns          369126 1c009054 00078363 beq              x15, x0, 6          x15:00000000
21218140ns          369129 1c00905a 0e010713 addi             x14, x2, 224        x14=10001678  x2:10001598
21218160ns          369130 1c00905c 011707b3 add              x15, x14, x17       x15=10001684 x14:10001678 x17:0000000c
21218219ns          369133 1c009060 f607a783 lw               x15, -160(x15)      x15=bf0688a6 x15:10001684  PA:100015e4
21218279ns          369136 1c009064 00000713 addi             x14, x0, 0          x14=00000000
21218299ns          369137 1c009068 a0e79753 flt.s            x14, f15, f14       x14=00000001 f15:bf0688a6 f14:00000000
21218319ns          369138 1c00906c 06a12623 sw               x10, 108(x2)        x10:4091b525  x2:10001598  PA:10001604
21218339ns          369139 1c00906e 00070363 beq              x14, x0, 6          x14:00000001
21218359ns          369140 1c009070 2320106f jal              x0, 4658           
21218478ns          369146 1c00a2a2 20f79753 fsgnjn.s         f14, f15, f15       f14=xxxxxxxx f15:bf0688a6 f15:bf0688a6
21218498ns          369147 1c00a2a6 dd1fe06f jal              x0, -4656          
21218538ns          369149 1c009076 00281813 slli             x16, x16, 0x2       x16=00000000 x16:00000000
21218558ns          369150 1c009078 0e010993 addi             x19, x2, 224        x19=10001678  x2:10001598
21218577ns          369151 1c00907c 010985b3 add              x11, x19, x16       x11=10001678 x19:10001678 x16:00000000
21218637ns          369154 1c009080 f4c5a883 lw               x17, -180(x11)      x17=4205bfba x11:10001678  PA:100015c4
21218677ns          369156 1c009084 00000593 addi             x11, x0, 0          x11=00000000
21218697ns          369157 1c009088 a0b895d3 flt.s            x11, f17, f11       x11=00000000 f17:4205bfba f11:00000000
21218717ns          369158 1c00908c 06e12823 sw               x14, 112(x2)        x14:3f0688a6  x2:10001598  PA:10001608
21218737ns          369159 1c00908e 01100e33 add              x28, x0, x17        x28=4205bfba x17:4205bfba
21218776ns          369161 1c009090 00058363 beq              x11, x0, 6          x11:00000000
21218856ns          369165 1c009096 0e010e93 addi             x29, x2, 224        x29=10001678  x2:10001598
21218876ns          369166 1c00909a 01d80833 add              x16, x16, x29       x16=10001678 x16:00000000 x29:10001678
21218896ns          369167 1c00909c f6082303 lw               x6, -160(x16)        x6=40828418 x16:10001678  PA:100015d8
21219214ns          369183 1c0090a0 00000593 addi             x11, x0, 0          x11=00000000
21219254ns          369185 1c0090a4 a0b315d3 flt.s            x11, f6, f11        x11=00000000  f6:40828418 f11:00000000
21219274ns          369186 1c0090a8 07c12a23 sw               x28, 116(x2)        x28:4205bfba  x2:10001598  PA:1000160c
21219294ns          369187 1c0090aa 00058363 beq              x11, x0, 6          x11:00000000
21219393ns          369192 1c0090b0 006005b3 add              x11, x0, x6         x11=40828418  x6:40828418
21219413ns          369193 1c0090b2 a0d6a853 feq.s            x16, f13, f13       x16=00000001 f13:40bb2cf1 f13:40bb2cf1
21219433ns          369194 1c0090b6 06b12c23 sw               x11, 120(x2)        x11:40828418  x2:10001598  PA:10001610
21219453ns          369195 1c0090b8 00080463 beq              x16, x0, 8          x16:00000001
21219473ns          369196 1c0090bc 0080106f jal              x0, 4104           
21220030ns          369224 1c00a0c4 a0a69853 flt.s            x16, f13, f10       x16=00000000 f13:40bb2cf1 f10:4091b525
21220069ns          369226 1c00a0c8 1e080563 beq              x16, x0, 490        x16:00000000
21220268ns          369236 1c00a2b2 a0e69553 flt.s            x10, f13, f14       x10=00000000 f13:40bb2cf1 f14:3f0688a6
21220288ns          369237 1c00a2b6 00100813 addi             x16, x0, 1          x16=00000001
21220308ns          369238 1c00a2b8 00300e13 addi             x28, x0, 3          x28=00000003
21220328ns          369239 1c00a2ba 00050363 beq              x10, x0, 6          x10:00000000
21220726ns          369259 1c00a2c0 07412703 lw               x14, 116(x2)        x14=4205bfba  x2:10001598  PA:1000160c
21220765ns          369261 1c00a2c2 a0e69553 flt.s            x10, f13, f14       x10=00000001 f13:40bb2cf1 f14:4205bfba
21220785ns          369262 1c00a2c6 e0051ce3 bne              x10, x0, -488       x10:00000001
21221322ns          369289 1c00a0de a0b716d3 flt.s            x13, f14, f11       x13=00000000 f14:4205bfba f11:40828418
21221362ns          369291 1c00a0e2 84069063 bne              x13, x0, -4032      x13:00000000
21221382ns          369292 1c00a0e6 00e005b3 add              x11, x0, x14        x11=4205bfba x14:4205bfba
21221402ns          369293 1c00a0e8 83aff06f jal              x0, -4038          
21221581ns          369302 1c009122 1c0004b7 lui              x9, 0x1c000000       x9=1c000000
21221601ns          369303 1c009126 0204a703 lw               x14, 32(x9)         x14=3f800000  x9:1c000000  PA:1c000020
21221919ns          369319 1c00912a 18b77753 fdiv.s           f14, f14, f11       f14=xxxxxxxx f14:3f800000 f11:4205bfba
21222397ns          369343 1c00912e 105772d3 fmul.s           f5, f14, f5          f5=xxxxxxxx f14:3cf4ff10  f5:40bb2cf1
21222416ns          369344 1c009132 10e7f7d3 fmul.s           f15, f15, f14       f15=xxxxxxxx f15:bf0688a6 f14:3cf4ff10
21222436ns          369345 1c009136 00000513 addi             x10, x0, 0          x10=00000000
21222456ns          369346 1c00913a 28e676c3 fmadd.s          f13, f12, f14, f5   f13=xxxxxxxx f12:4091b525 f14:3cf4ff10  f5:3e332153
21222516ns          369349 1c00913e 28e67e47 fmsub.s          f28, f12, f14, f5   f28=xxxxxxxx f12:4091b525 f14:3cf4ff10  f5:3e332153
21222556ns          369351 1c009142 10f7f853 fmul.s           f16, f15, f15       f16=xxxxxxxx f15:bc80c049 f15:bc80c049
21222576ns          369352 1c009146 10f2f653 fmul.s           f12, f5, f15        f12=xxxxxxxx  f5:3e332153 f15:bc80c049
21222595ns          369353 1c00914a 10e8f7d3 fmul.s           f15, f17, f14       f15=xxxxxxxx f17:4205bfba f14:3cf4ff10
21222655ns          369356 1c00914e 1c000737 lui              x14, 0x1c000000     x14=1c000000
21222695ns          369358 1c009152 81c6f6c3 fmadd.s          f13, f13, f28, f16  f13=xxxxxxxx f13:3e9f4993 f28:bd1ebdfd f16:398181b3
21222715ns          369359 1c009156 03070713 addi             x14, x14, 48        x14=1c000030 x14:1c000000
21222735ns          369360 1c00915a 00072703 lw               x14, 0(x14)         x14=3f000000 x14:1c000030  PA:1c000030
21223033ns          369375 1c00915c 10c67653 fmul.s           f12, f12, f12       f12=xxxxxxxx f12:bb342e6b f12:bb342e6b
21223053ns          369376 1c009160 10e6f6d3 fmul.s           f13, f13, f14       f13=xxxxxxxx f13:bc417f31 f14:3f000000
21223073ns          369377 1c009164 a0a6a753 feq.s            x14, f13, f10       x14=00000000 f13:bbc17f31 f10:00000000
21223093ns          369378 1c009168 00070663 beq              x14, x0, 12         x14:00000000
21223192ns          369383 1c009174 00000513 addi             x10, x0, 0          x10=00000000
21223212ns          369384 1c009178 a0a69553 flt.s            x10, f13, f10       x10=00000001 f13:bbc17f31 f10:00000000
21223232ns          369385 1c00917c 60d6f743 fmadd.s          f14, f13, f13, f12  f14=xxxxxxxx f13:bbc17f31 f13:bbc17f31 f12:36fda29e
21223292ns          369388 1c009180 58077753 fsqrt.s          f14, f14            f14=xxxxxxxx f14:3831f55b
21223769ns          369412 1c009184 00050363 beq              x10, x0, 6          x10:00000001
21223789ns          369413 1c009186 20e71753 fsgnjn.s         f14, f14, f14       f14=xxxxxxxx f14:3bd57113 f14:3bd57113
21223809ns          369414 1c00918a 00e6f6d3 fadd.s           f13, f13, f14       f13=xxxxxxxx f13:bbc17f31 f14:bbd57113
21223829ns          369415 1c00918e 18d67753 fdiv.s           f14, f12, f13       f14=xxxxxxxx f12:36fda29e f13:bc4b7822
21224604ns          369454 1c009192 00f2f853 fadd.s           f16, f5, f15        f16=xxxxxxxx  f5:3e332153 f15:3f7fffff
21224883ns          369468 1c009196 0857f6d3 fsub.s           f13, f15, f5        f13=xxxxxxxx f15:3f7fffff  f5:3e332153
21224903ns          369469 1c00919a 18b375d3 fdiv.s           f11, f6, f11        f11=xxxxxxxx  f6:40828418 f11:4205bfba
21225977ns          369523 1c00919e 10b7f7d3 fmul.s           f15, f15, f11       f15=xxxxxxxx f15:3f7fffff f11:3df9cfe2
21225997ns          369524 1c0091a2 70d87843 fmadd.s          f16, f16, f13, f14  f16=xxxxxxxx f16:3f96642a f13:3f5337aa f14:ba1f8f0c
21226017ns          369525 1c0091a6 5dfc4563 blt              x24, x31, 1482      x24:00000004 x31:00000001
21226037ns          369526 1c0091aa 002f9693 slli             x13, x31, 0x2       x13=00000004 x31:00000001
21226096ns          369529 1c0091ae 01f68333 add              x6, x13, x31         x6=00000005 x13:00000004 x31:00000001
21226116ns          369530 1c0091b2 00231313 slli             x6, x6, 0x2          x6=00000014  x6:00000005
21226136ns          369531 1c0091b4 058fc733 p.min            x14, x31, x24       x14=00000001 x31:00000001 x24:00000004
21226156ns          369532 1c0091b8 02c10893 addi             x17, x2, 44         x17=100015c4  x2:10001598
21226176ns          369533 1c0091bc 0e010993 addi             x19, x2, 224        x19=10001678  x2:10001598
21226235ns          369536 1c0091c0 ffc68a13 addi             x20, x13, -4        x20=00000000 x13:00000004
21226275ns          369538 1c0091c4 fec30e13 addi             x28, x6, -20        x28=00000000  x6:00000014
21226295ns          369539 1c0091c8 00d88ab3 add              x21, x17, x13       x21=100015c8 x17:100015c4 x13:00000004
21226315ns          369540 1c0091cc 00d98633 add              x12, x19, x13       x12=1000167c x19:10001678 x13:00000004
21226375ns          369543 1c0091d0 41f70b33 sub              x22, x14, x31       x22=00000000 x14:00000001 x31:00000001
21226414ns          369545 1c0091d4 04010393 addi             x7, x2, 64           x7=100015d8  x2:10001598
21226434ns          369546 1c0091d8 001f8693 addi             x13, x31, 1         x13=00000002 x31:00000001
21226454ns          369547 1c0091dc 00170713 addi             x14, x14, 1         x14=00000002 x14:00000001
21226514ns          369550 1c0091de 006c8eb3 add              x29, x25, x6        x29=10001734 x25:10001720  x6:00000014
21226554ns          369552 1c0091e2 01488bb3 add              x23, x17, x20       x23=100015c4 x17:100015c4 x20:00000000
21226574ns          369553 1c0091e6 01cc8f33 add              x30, x25, x28       x30=10001720 x25:10001720 x28:00000000
21226593ns          369554 1c0091ea f5c62503 lw               x10, -164(x12)      x10=40828418 x12:1000167c  PA:100015d8
21226693ns          369559 1c0091ee ffcaa583 lw               x11, -4(x21)        x11=4205bfba x21:100015c8  PA:100015c4
21226713ns          369560 1c0091f2 01a30333 add              x6, x6, x26          x6=100016d0  x6:00000014 x26:100016bc
21226733ns          369561 1c0091f4 007a0a33 add              x20, x20, x7        x20=100015d8 x20:00000000  x7:100015d8
21226753ns          369562 1c0091f6 01ae0e33 add              x28, x28, x26       x28=100016bc x28:00000000 x26:100016bc
21226772ns          369563 1c0091f8 00000293 addi             x5, x0, 0            x5=00000000
21226792ns          369564 1c0091fc 001b0b13 addi             x22, x22, 1         x22=00000001 x22:00000000
21227210ns          369585 1c0091fe 00d75463 bge              x14, x13, 8         x14:00000002 x13:00000002
21227290ns          369589 1c009206 145b40fb lp.setup         0x1, x22, 0x145     x22:00000001
21227310ns          369590 1c00920a a0581753 flt.s            x14, f16, f5        x14=00000000 f16:3f7802a0  f5:00000000
21227329ns          369591 1c00920e 01000633 add              x12, x0, x16        x12=3f7802a0 x16:3f7802a0
21227369ns          369593 1c009210 00070363 beq              x14, x0, 6          x14:00000000
21227449ns          369597 1c009216 a0579753 flt.s            x14, f15, f5        x14=00000000 f15:3df9cfe1  f5:00000000
21227469ns          369598 1c00921a 00f008b3 add              x17, x0, x15        x17=3df9cfe1 x15:3df9cfe1
21227489ns          369599 1c00921c 00070363 beq              x14, x0, 6          x14:00000000
21227588ns          369604 1c009222 a0c89753 flt.s            x14, f17, f12       x14=00000001 f17:3df9cfe1 f12:3f7802a0
21227608ns          369605 1c009226 010006b3 add              x13, x0, x16        x13=3f7802a0 x16:3f7802a0
21227628ns          369606 1c009228 00071263 bne              x14, x0, 4          x14:00000001
21228085ns          369629 1c00922c 01167753 fadd.s           f14, f12, f17       f14=xxxxxxxx f12:3f7802a0 f17:3df9cfe1
21228105ns          369630 1c009230 a05723d3 feq.s            x7, f14, f5          x7=00000000 f14:3f8b9e4e  f5:00000000
21228125ns          369631 1c009234 00038463 beq              x7, x0, 8            x7:00000000
21228185ns          369634 1c00923c 1c000437 lui              x8, 0x1c000000       x8=1c000000
21228622ns          369656 1c009240 02040413 addi             x8, x8, 32           x8=1c000020  x8:1c000000
21228662ns          369658 1c009244 00042403 lw               x8, 0(x8)            x8=3f800000  x8:1c000020  PA:1c000020
21228980ns          369674 1c009246 18e473d3 fdiv.s           f7, f8, f14          f7=xxxxxxxx  f8:3f800000 f14:3f8b9e4e
21229736ns          369712 1c00924a 1078f8d3 fmul.s           f17, f17, f7        f17=xxxxxxxx f17:3df9cfe1  f7:3f6ab268
21229756ns          369713 1c00924e 10767653 fmul.s           f12, f12, f7        f12=xxxxxxxx f12:3f7802a0  f7:3f6ab268
21229776ns          369714 1c009252 a05696d3 flt.s            x13, f13, f5        x13=00000000 f13:3f7802a0  f5:00000000
21229796ns          369715 1c009256 1118f8d3 fmul.s           f17, f17, f17       f17=xxxxxxxx f17:3de5061c f17:3de5061c
21229816ns          369716 1c00925a 88c67643 fmadd.s          f12, f12, f12, f17  f12=xxxxxxxx f12:3f635f3d f12:3f635f3d f17:3c4ce3ee
21229875ns          369719 1c00925e 58067653 fsqrt.s          f12, f12            f12=xxxxxxxx f12:3f4d2599
21230870ns          369769 1c009262 10c77753 fmul.s           f14, f14, f12       f14=xxxxxxxx f14:3f8b9e4e f12:3f652acc
21230890ns          369770 1c009266 00068363 beq              x13, x0, 6          x13:00000000
21231009ns          369776 1c00926c 1c0004b7 lui              x9, 0x1c000000       x9=1c000000
21231029ns          369777 1c009270 02048493 addi             x9, x9, 32           x9=1c000020  x9:1c000000
21231049ns          369778 1c009274 0004a483 lw               x9, 0(x9)            x9=3f800000  x9:1c000020  PA:1c000020
21231367ns          369794 1c009276 18e4f753 fdiv.s           f14, f9, f14        f14=xxxxxxxx  f9:3f800000 f14:3f79f7e6
21231964ns          369824 1c00927a 10e87653 fmul.s           f12, f16, f14       f12=xxxxxxxx f16:3f7802a0 f14:3f8316ae
21231984ns          369825 1c00927e 10e7f7d3 fmul.s           f15, f15, f14       f15=xxxxxxxx f15:3df9cfe1 f14:3f8316ae
21232004ns          369826 1c009282 000e2683 lw               x13, 0(x28)         x13=3f00ac6e x28:100016bc  PA:100016bc
21232024ns          369827 1c009286 00032803 lw               x16, 0(x6)          x16=bef95e58  x6:100016d0  PA:100016d0
21232044ns          369828 1c00928a 10d7f3d3 fmul.s           f7, f15, f13         f7=xxxxxxxx f15:3dffd704 f13:3f00ac6e
21232103ns          369831 1c00928e 1107f8d3 fmul.s           f17, f15, f16       f17=xxxxxxxx f15:3dffd704 f16:bef95e58
21232143ns          369833 1c009292 10f57753 fmul.s           f14, f10, f15       f14=xxxxxxxx f10:40828418 f15:3dffd704
21232163ns          369834 1c009296 39067847 fmsub.s          f16, f12, f16, f7   f16=xxxxxxxx f12:3f7dfea1 f16:bef95e58  f7:3d8097d4
21232183ns          369835 1c00929a 88d676c3 fmadd.s          f13, f12, f13, f17  f13=xxxxxxxx f12:3f7dfea1 f13:3f00ac6e f17:bd79366c
21232242ns          369838 1c00929e 10b7f3d3 fmul.s           f7, f15, f11         f7=xxxxxxxx f15:3dffd704 f11:4205bfba
21232282ns          369840 1c0092a2 01032023 sw               x16, 0(x6)          x16:bf0bc81d  x6:100016d0  PA:100016d0
21232302ns          369841 1c0092a6 00de2023 sw               x13, 0(x28)         x13:3ee02dfc x28:100016bc  PA:100016bc
21232322ns          369842 1c0092aa 004e2803 lw               x16, 4(x28)         x16=3f18ece3 x28:100016bc  PA:100016c0
21232382ns          369845 1c0092ae 00432883 lw               x17, 4(x6)          x17=bebd71fd  x6:100016d0  PA:100016d4
21232421ns          369847 1c0092b2 1107f453 fmul.s           f8, f15, f16         f8=xxxxxxxx f15:3dffd704 f16:3f18ece3
21232441ns          369848 1c0092b6 1117f6d3 fmul.s           f13, f15, f17       f13=xxxxxxxx f15:3dffd704 f17:bebd71fd
21232461ns          369849 1c0092ba 70b67743 fmadd.s          f14, f12, f11, f14  f14=xxxxxxxx f12:3f7dfea1 f11:4205bfba f14:3f026f33
21232521ns          369852 1c0092be 411678c7 fmsub.s          f17, f12, f17, f8   f17=xxxxxxxx f12:3f7dfea1 f17:bebd71fd  f8:3d98d467
21232561ns          369854 1c0092c2 69067843 fmadd.s          f16, f12, f16, f13  f16=xxxxxxxx f12:3f7dfea1 f16:3f18ece3 f13:bd3d53a9
21232581ns          369855 1c0092c6 38c576c7 fmsub.s          f13, f10, f12, f7   f13=xxxxxxxx f10:40828418 f12:3f7dfea1  f7:4085aa50
21232600ns          369856 1c0092ca 01132223 sw               x17, 4(x6)          x17:bee22b2f  x6:100016d0  PA:100016d4
21232680ns          369860 1c0092ce 008e2583 lw               x11, 8(x28)         x11=3ec4b908 x28:100016bc  PA:100016c4
21232720ns          369862 1c0092d2 010e2223 sw               x16, 4(x28)         x16:3f0be4fd x28:100016bc  PA:100016c0
21232740ns          369863 1c0092d6 00832803 lw               x16, 8(x6)          x16=3f03c8d1  x6:100016d0  PA:100016d8
21232760ns          369864 1c0092da 10b7f8d3 fmul.s           f17, f15, f11       f17=xxxxxxxx f15:3dffd704 f11:3ec4b908
21232819ns          369867 1c0092de 1107f553 fmul.s           f10, f15, f16       f10=xxxxxxxx f15:3dffd704 f16:3f03c8d1
21232859ns          369869 1c0092e2 a05713d3 flt.s            x7, f14, f5          x7=00000000 f14:4206bd40  f5:00000000
21232879ns          369870 1c0092e6 890678c7 fmsub.s          f17, f12, f16, f17  f17=xxxxxxxx f12:3f7dfea1 f16:3f03c8d1 f17:3d449989
21232899ns          369871 1c0092ea 50b67543 fmadd.s          f10, f12, f11, f10  f10=xxxxxxxx f12:3f7dfea1 f11:3ec4b908 f10:3d83b3b8
21232958ns          369874 1c0092ee 000aa803 lw               x16, 0(x21)         x16=414906e3 x21:100015c8  PA:100015c8
21232998ns          369876 1c0092f2 01132423 sw               x17, 8(x6)          x17:3eecede4  x6:100016d0  PA:100016d8
21233018ns          369877 1c0092f6 00ce2583 lw               x11, 12(x28)        x11=3ee84b0e x28:100016bc  PA:100016c8
21233038ns          369878 1c0092fa 00ae2423 sw               x10, 8(x28)         x10:3ee41b76 x28:100016bc  PA:100016c4
21233098ns          369881 1c0092fe 00c32403 lw               x8, 12(x6)           x8=3ecd57b8  x6:100016d0  PA:100016dc
21233138ns          369883 1c009302 10b7f8d3 fmul.s           f17, f15, f11       f17=xxxxxxxx f15:3dffd704 f11:3ee84b0e
21233157ns          369884 1c009306 1087f553 fmul.s           f10, f15, f8        f10=xxxxxxxx f15:3dffd704  f8:3ecd57b8
21233177ns          369885 1c00930a 00da222b p.sw             x13, 4(x20!)        x20=100015dc x13:be057e64 x20:100015d8  PA:100015d8
21233237ns          369888 1c00930e 88867447 fmsub.s          f8, f12, f8, f17     f8=xxxxxxxx f12:3f7dfea1  f8:3ecd57b8 f17:3d6825de
21233277ns          369890 1c009312 50b67543 fmadd.s          f10, f12, f11, f10  f10=xxxxxxxx f12:3f7dfea1 f11:3ee84b0e f10:3d4d36d8
21233297ns          369891 1c009316 10f875d3 fmul.s           f11, f16, f15       f11=xxxxxxxx f16:414906e3 f15:3dffd704
21233317ns          369892 1c00931a 00832623 sw               x8, 12(x6)           x8:3eaeb733  x6:100016d0  PA:100016dc
21233376ns          369895 1c00931e 010e2403 lw               x8, 16(x28)          x8=3e451906 x28:100016bc  PA:100016cc
21233416ns          369897 1c009322 00ae2623 sw               x10, 12(x28)        x10:3f00100a x28:100016bc  PA:100016c8
21233436ns          369898 1c009326 01032503 lw               x10, 16(x6)         x10=3ee4fd02  x6:100016d0  PA:100016e0
21233456ns          369899 1c00932a 1087f4d3 fmul.s           f9, f15, f8          f9=xxxxxxxx f15:3dffd704  f8:3e451906
21233515ns          369902 1c00932e 10a7f7d3 fmul.s           f15, f15, f10       f15=xxxxxxxx f15:3dffd704 f10:3ee4fd02
21233555ns          369904 1c009332 10c878d3 fmul.s           f17, f16, f12       f17=xxxxxxxx f16:414906e3 f12:3f7dfea1
21233575ns          369905 1c009336 48a67547 fmsub.s          f10, f12, f10, f9   f10=xxxxxxxx f12:3f7dfea1 f10:3ee4fd02  f9:3cc4f978
21233595ns          369906 1c00933a 788677c3 fmadd.s          f15, f12, f8, f15   f15=xxxxxxxx f12:3f7dfea1  f8:3e451906 f15:3d64d859
21233655ns          369909 1c00933e 00a32823 sw               x10, 16(x6)         x10:3ed6e237  x6:100016d0  PA:100016e0
21233694ns          369911 1c009342 00fe2823 sw               x15, 16(x28)        x15:3e7cc3dc x28:100016bc  PA:100016cc
21233714ns          369912 1c009346 00e007b3 add              x15, x0, x14        x15=4206bd40 x14:4206bd40
21233734ns          369913 1c009348 00038463 beq              x7, x0, 8            x7:00000000
21233834ns          369918 1c009350 a0559653 flt.s            x12, f11, f5        x12=00000000 f11:3fc8e6b4  f5:00000000
21233854ns          369919 1c009354 700616e3 bne              x12, x0, 3852       x12:00000000
21233873ns          369920 1c009358 00b00633 add              x12, x0, x11        x12=3fc8e6b4 x11:3fc8e6b4
21233893ns          369921 1c00935a a0f61553 flt.s            x10, f12, f15       x10=00000001 f12:3fc8e6b4 f15:4206bd40
21233913ns          369922 1c00935e 00e00833 add              x16, x0, x14        x16=4206bd40 x14:4206bd40
21233953ns          369924 1c009360 00051263 bne              x10, x0, 4          x10:00000001
21234013ns          369927 1c009364 00c7f453 fadd.s           f8, f15, f12         f8=xxxxxxxx f15:4206bd40 f12:3fc8e6b4
21234033ns          369928 1c009368 a05423d3 feq.s            x7, f8, f5           x7=00000000  f8:420d0476  f5:00000000
21234052ns          369929 1c00936c 6a0397e3 bne              x7, x0, 3758         x7:00000000
21234112ns          369932 1c009370 1c0009b7 lui              x19, 0x1c000000     x19=1c000000
21234152ns          369934 1c009374 02098993 addi             x19, x19, 32        x19=1c000020 x19:1c000000
21234172ns          369935 1c009378 0009a983 lw               x19, 0(x19)         x19=3f800000 x19:1c000020  PA:1c000020
21234510ns          369952 1c00937c 1889f3d3 fdiv.s           f7, f19, f8          f7=xxxxxxxx f19:3f800000  f8:420d0476
21235246ns          369989 1c009380 10767653 fmul.s           f12, f12, f7        f12=xxxxxxxx f12:3fc8e6b4  f7:3ce85e52
21235266ns          369990 1c009384 1077f7d3 fmul.s           f15, f15, f7        f15=xxxxxxxx f15:4206bd40  f7:3ce85e52
21235286ns          369991 1c009388 a0581853 flt.s            x16, f16, f5        x16=00000000 f16:4206bd40  f5:00000000
21235306ns          369992 1c00938c 10c67653 fmul.s           f12, f12, f12       f12=xxxxxxxx f12:3d365b18 f12:3d365b18
21235345ns          369994 1c009390 60f7f7c3 fmadd.s          f15, f15, f15, f12  f15=xxxxxxxx f15:3f749a4d f15:3f749a4d f12:3b01e5a7
21235385ns          369996 1c009394 5807f7d3 fsqrt.s          f15, f15            f15=xxxxxxxx f15:3f6a3865
21236360ns          370045 1c009398 10f47453 fmul.s           f8, f8, f15          f8=xxxxxxxx  f8:420d0476 f15:3f74de3d
21236380ns          370046 1c00939c 00080463 beq              x16, x0, 8          x16:00000000
21236439ns          370049 1c0093a4 1c0003b7 lui              x7, 0x1c000000       x7=1c000000
21236459ns          370050 1c0093a8 02038393 addi             x7, x7, 32           x7=1c000020  x7:1c000000
21236479ns          370051 1c0093ac 0003a383 lw               x7, 0(x7)            x7=3f800000  x7:1c000020  PA:1c000020
21236817ns          370068 1c0093b0 1883f7d3 fdiv.s           f15, f7, f8         f15=xxxxxxxx  f7:3f800000  f8:4206e2ac
21237474ns          370101 1c0093b4 10f77653 fmul.s           f12, f14, f15       f12=xxxxxxxx f14:4206bd40 f15:3cf2ee9d
21237494ns          370102 1c0093b8 10f5f3d3 fmul.s           f7, f11, f15         f7=xxxxxxxx f11:3fc8e6b4 f15:3cf2ee9d
21237513ns          370103 1c0093bc 10c6f853 fmul.s           f16, f13, f12       f16=xxxxxxxx f13:be057e64 f12:3f7fb8fa
21237533ns          370104 1c0093c0 207395d3 fsgnjn.s         f11, f7, f7         f11=xxxxxxxx  f7:3d3ea558  f7:3d3ea558
21237553ns          370105 1c0093c4 000f2783 lw               x15, 0(x30)         x15=3ec6076c x30:10001720  PA:10001720
21237593ns          370107 1c0093c8 000ea483 lw               x9, 0(x29)           x9=bee793cd x29:10001734  PA:10001734
21237613ns          370108 1c0093cc 1077f953 fmul.s           f18, f15, f7        f18=xxxxxxxx f15:3ec6076c  f7:3d3ea558
21237633ns          370109 1c0093d0 1074f553 fmul.s           f10, f9, f7         f10=xxxxxxxx  f9:bee793cd  f7:3d3ea558
21237673ns          370111 1c0093d4 10c8f753 fmul.s           f14, f17, f12       f14=xxxxxxxx f17:414773c2 f12:3f7fb8fa
21237692ns          370112 1c0093d8 90c4f4c7 fmsub.s          f9, f9, f12, f18     f9=xxxxxxxx  f9:bee793cd f12:3f7fb8fa f18:3c937969
21237712ns          370113 1c0093dc 50c7f543 fmadd.s          f10, f15, f12, f10  f10=xxxxxxxx f15:3ec6076c f12:3f7fb8fa f10:bcac7544
21237772ns          370116 1c0093e0 70b6f5c3 fmadd.s          f11, f13, f11, f14  f11=xxxxxxxx f13:be057e64 f11:bd3ea558 f14:41473c6c
21237812ns          370118 1c0093e4 009ea023 sw               x9, 0(x29)           x9:bef08b24 x29:10001734  PA:10001734
21237832ns          370119 1c0093e8 00af2023 sw               x10, 0(x30)         x10:3ebb0927 x30:10001720  PA:10001720
21237852ns          370120 1c0093ec 004f2503 lw               x10, 4(x30)         x10=3f08c982 x30:10001720  PA:10001724
21237911ns          370123 1c0093f0 004ea483 lw               x9, 4(x29)           x9=bef5e211 x29:10001734  PA:10001738
21237951ns          370125 1c0093f4 10a3f9d3 fmul.s           f19, f7, f10        f19=xxxxxxxx  f7:3d3ea558 f10:3f08c982
21237971ns          370126 1c0093f8 1093f953 fmul.s           f18, f7, f9         f18=xxxxxxxx  f7:3d3ea558  f9:bef5e211
21237991ns          370127 1c0093fc 008ba22b p.sw             x8, 4(x23!)         x23=100015c8  x8:4206e2ac x23:100015c4  PA:100015c4
21238051ns          370130 1c009400 989674c7 fmsub.s          f9, f12, f9, f19     f9=xxxxxxxx f12:3f7fb8fa  f9:bef5e211 f19:3ccbbbcf
21238090ns          370132 1c009404 90a67743 fmadd.s          f14, f12, f10, f18  f14=xxxxxxxx f12:3f7fb8fa f10:3f08c982 f18:bcb71c98
21238110ns          370133 1c009408 8078f843 fmadd.s          f16, f17, f7, f16   f16=xxxxxxxx f17:414773c2  f7:3d3ea558 f16:be05595b
21238130ns          370134 1c00940c 009ea223 sw               x9, 4(x29)           x9:bf012ccb x29:10001734  PA:10001738
21238190ns          370137 1c009410 00ef2223 sw               x14, 4(x30)         x14:3f02eaaa x30:10001720  PA:10001724
21238230ns          370139 1c009414 008f2703 lw               x14, 8(x30)         x14=3f163c2f x30:10001720  PA:10001728
21238249ns          370140 1c009418 008ea483 lw               x9, 8(x29)           x9=3e62c367 x29:10001734  PA:1000173c
21238269ns          370141 1c00941c 10e3f953 fmul.s           f18, f7, f14        f18=xxxxxxxx  f7:3d3ea558 f14:3f163c2f
21238329ns          370144 1c009420 1093f6d3 fmul.s           f13, f7, f9         f13=xxxxxxxx  f7:3d3ea558  f9:3e62c367
21238369ns          370146 1c009424 000a2783 lw               x15, 0(x20)         x15=4050fe0e x20:100015dc  PA:100015dc
21238389ns          370147 1c009428 909674c7 fmsub.s          f9, f12, f9, f18     f9=xxxxxxxx f12:3f7fb8fa  f9:3e62c367 f18:3cdfc367
21238409ns          370148 1c00942c 68e676c3 fmadd.s          f13, f12, f14, f13  f13=xxxxxxxx f12:3f7fb8fa f14:3f163c2f f13:3c28df7c
21238508ns          370153 1c009430 10c7f553 fmul.s           f10, f15, f12       f10=xxxxxxxx f15:4050fe0e f12:3f7fb8fa
21238548ns          370155 1c009434 009ea423 sw               x9, 8(x29)           x9:3e468c11 x29:10001734  PA:1000173c
21238568ns          370156 1c009438 00cf2703 lw               x14, 12(x30)        x14=3e99ab15 x30:10001720  PA:1000172c
21238588ns          370157 1c00943c 00df2423 sw               x13, 8(x30)         x13:3f18b5ff x30:10001720  PA:10001728
21238647ns          370160 1c009440 00cea683 lw               x13, 12(x29)        x13=3e274451 x29:10001734  PA:10001740
21238687ns          370162 1c009444 10e3f4d3 fmul.s           f9, f7, f14          f9=xxxxxxxx  f7:3d3ea558 f14:3e99ab15
21238707ns          370163 1c009448 10d3f453 fmul.s           f8, f7, f13          f8=xxxxxxxx  f7:3d3ea558 f13:3e274451
21238727ns          370164 1c00944c 00baa22b p.sw             x11, 4(x21!)        x21=100015cc x11:41475547 x21:100015c8  PA:100015c8
21238786ns          370167 1c009450 48d676c7 fmsub.s          f13, f12, f13, f9   f13=xxxxxxxx f12:3f7fb8fa f13:3e274451  f9:3c64e073
21238826ns          370169 1c009454 40e67743 fmadd.s          f14, f12, f14, f8   f14=xxxxxxxx f12:3f7fb8fa f14:3e99ab15  f8:3bf92179
21238846ns          370170 1c009458 00aa2023 sw               x10, 0(x20)         x10:4050c413 x20:100015dc  PA:100015dc
21238866ns          370171 1c00945c 00dea623 sw               x13, 12(x29)        x13:3e18c7e2 x29:10001734  PA:10001740
21239304ns          370193 1c009460 010f2883 lw               x17, 16(x30)        x17=3eb8e74f x30:10001720  PA:10001730
21239343ns          370195 1c009464 00ef2623 sw               x14, 12(x30)        x14:3e9d64f9 x30:10001720  PA:1000172c
21239363ns          370196 1c009468 010ea683 lw               x13, 16(x29)        x13=3f3307c6 x29:10001734  PA:10001744
21239383ns          370197 1c00946c 1113f453 fmul.s           f8, f7, f17          f8=xxxxxxxx  f7:3d3ea558 f17:3eb8e74f
21239443ns          370200 1c009470 10d3f753 fmul.s           f14, f7, f13        f14=xxxxxxxx  f7:3d3ea558 f13:3f3307c6
21239483ns          370202 1c009474 1077f7d3 fmul.s           f15, f15, f7        f15=xxxxxxxx f15:4050fe0e  f7:3d3ea558
21239503ns          370203 1c009478 40d676c7 fmsub.s          f13, f12, f13, f8   f13=xxxxxxxx f12:3f7fb8fa f13:3f3307c6  f8:3c89b319
21239522ns          370204 1c00947c 71167743 fmadd.s          f14, f12, f17, f14  f14=xxxxxxxx f12:3f7fb8fa f17:3eb8e74f f14:3d055367
21239960ns          370226 1c009480 001f8f93 addi             x31, x31, 1         x31=00000002 x31:00000001
21240000ns          370228 1c009482 00dea823 sw               x13, 16(x29)        x13:3f2e8882 x29:10001734  PA:10001744
21240020ns          370229 1c009486 00ef2823 sw               x14, 16(x30)        x14:3ec95e6f x30:10001720  PA:10001730
21240040ns          370230 1c00948a 014e8e93 addi             x29, x29, 20        x29=10001748 x29:10001734
21240059ns          370231 1c00948c 01430313 addi             x6, x6, 20           x6=100016e4  x6:100016d0
21240079ns          370232 1c00948e 014f0f13 addi             x30, x30, 20        x30=10001734 x30:10001720
21240099ns          370233 1c009490 014e0e13 addi             x28, x28, 20        x28=100016d0 x28:100016bc
21240139ns          370235 1c009492 2dfc4f63 blt              x24, x31, 734       x24:00000004 x31:00000002
21240159ns          370236 1c009496 002f9713 slli             x14, x31, 0x2       x14=00000008 x31:00000002
21240179ns          370237 1c00949a ffc70b13 addi             x22, x14, -4        x22=00000004 x14:00000008
21240239ns          370240 1c00949e 002c1913 slli             x18, x24, 0x2       x18=00000010 x24:00000004
21240278ns          370242 1c0094a2 01f70633 add              x12, x14, x31       x12=0000000a x14:00000008 x31:00000002
21240298ns          370243 1c0094a6 41690933 sub              x18, x18, x22       x18=0000000c x18:00000010 x22:00000004
21240318ns          370244 1c0094aa 02c10513 addi             x10, x2, 44         x10=100015c4  x2:10001598
21240338ns          370245 1c0094ac 04010593 addi             x11, x2, 64         x11=100015d8  x2:10001598
21240358ns          370246 1c0094ae 00261613 slli             x12, x12, 0x2       x12=00000028 x12:0000000a
21240378ns          370247 1c0094b0 00e50ab3 add              x21, x10, x14       x21=100015cc x10:100015c4 x14:00000008
21240418ns          370249 1c0094b4 00e58a33 add              x20, x11, x14       x20=100015e0 x11:100015d8 x14:00000008
21240437ns          370250 1c0094b8 ffc90913 addi             x18, x18, -4        x18=00000008 x18:0000000c
21240457ns          370251 1c0094ba ff870713 addi             x14, x14, -8        x14=00000000 x14:00000008
21240477ns          370252 1c0094bc 04010693 addi             x13, x2, 64         x13=100015d8  x2:10001598
21240895ns          370273 1c0094be fec60e13 addi             x28, x12, -20       x28=00000014 x12:00000028
21240935ns          370275 1c0094c2 00295913 srli             x18, x18, 0x2       x18=00000002 x18:00000008
21240955ns          370276 1c0094c6 00e689b3 add              x19, x13, x14       x19=100015d8 x13:100015d8 x14:00000000
21240974ns          370277 1c0094ca ffcaa583 lw               x11, -4(x21)        x11=41475547 x21:100015cc  PA:100015c8
21240994ns          370278 1c0094ce 02c10713 addi             x14, x2, 44         x14=100015c4  x2:10001598
21241034ns          370280 1c0094d0 ffca2503 lw               x10, -4(x20)        x10=4050c413 x20:100015e0  PA:100015dc
21241074ns          370282 1c0094d4 00cc8f33 add              x30, x25, x12       x30=10001748 x25:10001720 x12:00000028
21241094ns          370283 1c0094d8 01cc8eb3 add              x29, x25, x28       x29=10001734 x25:10001720 x28:00000014
21241114ns          370284 1c0094dc 01a60633 add              x12, x12, x26       x12=100016e4 x12:00000028 x26:100016bc
21241134ns          370285 1c0094de 01ae0e33 add              x28, x28, x26       x28=100016d0 x28:00000014 x26:100016bc
21241173ns          370287 1c0094e0 00eb0b33 add              x22, x22, x14       x22=100015c8 x22:00000004 x14:100015c4
21241213ns          370289 1c0094e2 00000f93 addi             x31, x0, 0          x31=00000000
21241233ns          370290 1c0094e6 00190913 addi             x18, x18, 1         x18=00000003 x18:00000002
21241253ns          370291 1c0094e8 142940fb lp.setup         0x1, x18, 0x142     x18:00000003
21241273ns          370292 1c0094ec a1f81753 flt.s            x14, f16, f31       x14=00000000 f16:3ee664cb f31:00000000
21241313ns          370294 1c0094f0 010002b3 add              x5, x0, x16          x5=3ee664cb x16:3ee664cb
21241333ns          370295 1c0094f2 00070363 beq              x14, x0, 6          x14:00000000
21241392ns          370298 1c0094f8 a1f79753 flt.s            x14, f15, f31       x14=00000000 f15:3e1ba38a f31:00000000
21241412ns          370299 1c0094fc 00f006b3 add              x13, x0, x15        x13=3e1ba38a x15:3e1ba38a
21241432ns          370300 1c0094fe 00070363 beq              x14, x0, 6          x14:00000000
21241512ns          370304 1c009504 a0569753 flt.s            x14, f13, f5        x14=00000001 f13:3e1ba38a  f5:3ee664cb
21241531ns          370305 1c009508 01000333 add              x6, x0, x16          x6=3ee664cb x16:3ee664cb
21241551ns          370306 1c00950a 00071263 bne              x14, x0, 4          x14:00000001
21241671ns          370312 1c00950e 0056f753 fadd.s           f14, f13, f5        f14=xxxxxxxx f13:3e1ba38a  f5:3ee664cb
21241691ns          370313 1c009512 a1f728d3 feq.s            x17, f14, f31       x17=00000000 f14:3f1a1b48 f31:00000000
21241710ns          370314 1c009516 52089be3 bne              x17, x0, 3382       x17:00000000
21241730ns          370315 1c00951a 1c0003b7 lui              x7, 0x1c000000       x7=1c000000
21241790ns          370318 1c00951e 02038393 addi             x7, x7, 32           x7=1c000020  x7:1c000000
21241830ns          370320 1c009522 0003a383 lw               x7, 0(x7)            x7=3f800000  x7:1c000020  PA:1c000020
21242148ns          370336 1c009526 18e3f8d3 fdiv.s           f17, f7, f14        f17=xxxxxxxx  f7:3f800000 f14:3f1a1b48
21242844ns          370371 1c00952a 10d8f6d3 fmul.s           f13, f17, f13       f13=xxxxxxxx f17:3fd4a1d0 f13:3e1ba38a
21242864ns          370372 1c00952e 1058f8d3 fmul.s           f17, f17, f5        f17=xxxxxxxx f17:3fd4a1d0  f5:3ee664cb
21242884ns          370373 1c009532 a1f312d3 flt.s            x5, f6, f31          x5=00000000  f6:3ee664cb f31:00000000
21242904ns          370374 1c009536 10d6f6d3 fmul.s           f13, f13, f13       f13=xxxxxxxx f13:3e8145cf f13:3e8145cf
21242924ns          370375 1c00953a 6918f6c3 fmadd.s          f13, f17, f17, f13  f13=xxxxxxxx f17:3f3f5d19 f17:3f3f5d19 f13:3d828edb
21242983ns          370378 1c00953e 5806f353 fsqrt.s          f6, f13              f6=xxxxxxxx f13:3f1f5de9
21243958ns          370427 1c009542 10e37353 fmul.s           f6, f6, f14          f6=xxxxxxxx  f6:3f49fc24 f14:3f1a1b48
21243978ns          370428 1c009546 00028463 beq              x5, x0, 8            x5:00000000
21244117ns          370435 1c00954e 1c000437 lui              x8, 0x1c000000       x8=1c000000
21244137ns          370436 1c009552 02040413 addi             x8, x8, 32           x8=1c000020  x8:1c000000
21244157ns          370437 1c009556 00042403 lw               x8, 0(x8)            x8=3f800000  x8:1c000020  PA:1c000020
21244475ns          370453 1c009558 18647753 fdiv.s           f14, f8, f6         f14=xxxxxxxx  f8:3f800000  f6:3ef32e68
21245072ns          370483 1c00955c 10e876d3 fmul.s           f13, f16, f14       f13=xxxxxxxx f16:3ee664cb f14:4006bf4a
21245092ns          370484 1c009560 10e7f7d3 fmul.s           f15, f15, f14       f15=xxxxxxxx f15:3e1ba38a f14:4006bf4a
21245112ns          370485 1c009564 000e2703 lw               x14, 0(x28)         x14=bf0bc81d x28:100016d0  PA:100016d0
21245132ns          370486 1c009568 00062803 lw               x16, 0(x12)         x16=3d3b7532 x12:100016e4  PA:100016e4
21245152ns          370487 1c00956c 10e7f3d3 fmul.s           f7, f15, f14         f7=xxxxxxxx f15:3ea3d7cc f14:bf0bc81d
21245191ns          370489 1c009570 1107f2d3 fmul.s           f5, f15, f16         f5=xxxxxxxx f15:3ea3d7cc f16:3d3b7532
21245231ns          370491 1c009574 10f578d3 fmul.s           f17, f10, f15       f17=xxxxxxxx f10:4050c413 f15:3ea3d7cc
21245251ns          370492 1c009578 3906f847 fmsub.s          f16, f13, f16, f7   f16=xxxxxxxx f13:3f7289d4 f16:3d3b7532  f7:be32ec7e
21245271ns          370493 1c00957c 28e6f743 fmadd.s          f14, f13, f14, f5   f14=xxxxxxxx f13:3f7289d4 f14:bf0bc81d  f5:3c6ff347
21245331ns          370496 1c009580 88d5f8c3 fmadd.s          f17, f11, f13, f17  f17=xxxxxxxx f11:41475547 f13:3f7289d4 f17:3f859cd3
21245370ns          370498 1c009584 01062023 sw               x16, 0(x12)         x16:3e5f52ec x12:100016e4  PA:100016e4
21245390ns          370499 1c009588 00ee2023 sw               x14, 0(x28)         x14:bf00aea0 x28:100016d0  PA:100016d0
21245430ns          370501 1c00958c 004e2703 lw               x14, 4(x28)         x14=bee22b2f x28:100016d0  PA:100016d4
21245470ns          370503 1c009590 00462803 lw               x16, 4(x12)         x16=3e272673 x12:100016e4  PA:100016e8
21245510ns          370505 1c009594 10e7f453 fmul.s           f8, f15, f14         f8=xxxxxxxx f15:3ea3d7cc f14:bee22b2f
21245529ns          370506 1c009598 10f873d3 fmul.s           f7, f16, f15         f7=xxxxxxxx f16:3e272673 f15:3ea3d7cc
21245549ns          370507 1c00959c 10f5f2d3 fmul.s           f5, f11, f15         f5=xxxxxxxx f11:41475547 f15:3ea3d7cc
21245609ns          370510 1c0095a0 40d87847 fmsub.s          f16, f16, f13, f8   f16=xxxxxxxx f16:3e272673 f13:3f7289d4  f8:be10c025
21245649ns          370512 1c0095a4 38e6f743 fmadd.s          f14, f13, f14, f7   f14=xxxxxxxx f13:3f7289d4 f14:bee22b2f  f7:3d55f4c3
21245669ns          370513 1c0095a8 0069a22b p.sw             x6, 4(x19!)         x19=100015dc  x6:3ef32e68 x19:100015d8  PA:100015d8
21245689ns          370514 1c0095ac 01062223 sw               x16, 4(x12)         x16:3e978e3e x12:100016e4  PA:100016e8
21245748ns          370517 1c0095b0 00ee2223 sw               x14, 4(x28)         x14:bebb87fe x28:100016d0  PA:100016d4
21245788ns          370519 1c0095b4 008e2703 lw               x14, 8(x28)         x14=3eecede4 x28:100016d0  PA:100016d8
21245808ns          370520 1c0095b8 00862803 lw               x16, 8(x12)         x16=3ecff238 x12:100016e4  PA:100016ec
21245828ns          370521 1c0095bc 10f773d3 fmul.s           f7, f14, f15         f7=xxxxxxxx f14:3eecede4 f15:3ea3d7cc
21245887ns          370524 1c0095c0 10f875d3 fmul.s           f11, f16, f15       f11=xxxxxxxx f16:3ecff238 f15:3ea3d7cc
21245927ns          370526 1c0095c4 28d57547 fmsub.s          f10, f10, f13, f5   f10=xxxxxxxx f10:4050c413 f13:3f7289d4  f5:407f26a7
21245947ns          370527 1c0095c8 38d873c7 fmsub.s          f7, f16, f13, f7     f7=xxxxxxxx f16:3ecff238 f13:3f7289d4  f7:3e17a331
21245967ns          370528 1c0095cc 58d775c3 fmadd.s          f11, f14, f13, f11  f11=xxxxxxxx f14:3eecede4 f13:3f7289d4 f11:3e051684
21246027ns          370531 1c0095d0 a1f892d3 flt.s            x5, f17, f31         x5=00000000 f17:414d8d89 f31:00000000
21246067ns          370533 1c0095d4 00762423 sw               x7, 8(x12)           x7:3e7262ab x12:100016e4  PA:100016ec
21246086ns          370534 1c0095d8 00ce2703 lw               x14, 12(x28)        x14=3eaeb733 x28:100016d0  PA:100016dc
21246106ns          370535 1c0095dc 00be2423 sw               x11, 8(x28)         x11:3f1181da x28:100016d0  PA:100016d8
21246166ns          370538 1c0095e0 00c62383 lw               x7, 12(x12)          x7=bf4a55f4 x12:100016e4  PA:100016f0
21246206ns          370540 1c0095e4 10f77453 fmul.s           f8, f14, f15         f8=xxxxxxxx f14:3eaeb733 f15:3ea3d7cc
21246226ns          370541 1c0095e8 10f3f5d3 fmul.s           f11, f7, f15        f11=xxxxxxxx  f7:bf4a55f4 f15:3ea3d7cc
21246246ns          370542 1c0095ec 000aa803 lw               x16, 0(x21)         x16=41139990 x21:100015cc  PA:100015cc
21246305ns          370545 1c0095f0 40d3f3c7 fmsub.s          f7, f7, f13, f8      f7=xxxxxxxx  f7:bf4a55f4 f13:3f7289d4  f8:3ddfa3d9
21246345ns          370547 1c0095f4 58d775c3 fmadd.s          f11, f14, f13, f11  f11=xxxxxxxx f14:3eaeb733 f13:3f7289d4 f11:be817f4a
21246365ns          370548 1c0095f8 00a9a023 sw               x10, 0(x19)         x10:bf65739d x19:100015dc  PA:100015dc
21246385ns          370549 1c0095fc 00762623 sw               x7, 12(x12)          x7:bf5ba6ab x12:100016e4  PA:100016f0
21246444ns          370552 1c009600 010e2703 lw               x14, 16(x28)        x14=3ed6e237 x28:100016d0  PA:100016e0
21246484ns          370554 1c009604 00be2623 sw               x11, 12(x28)        x11:3d901fd4 x28:100016d0  PA:100016dc
21246504ns          370555 1c009608 01062583 lw               x11, 16(x12)        x11=3eda322b x12:100016e4  PA:100016f4
21246524ns          370556 1c00960a 10f773d3 fmul.s           f7, f14, f15         f7=xxxxxxxx f14:3ed6e237 f15:3ea3d7cc
21246584ns          370559 1c00960e 10f5f353 fmul.s           f6, f11, f15         f6=xxxxxxxx f11:3eda322b f15:3ea3d7cc
21246623ns          370561 1c009612 1107f7d3 fmul.s           f15, f15, f16       f15=xxxxxxxx f15:3ea3d7cc f16:41139990
21246643ns          370562 1c009616 38d5f5c7 fmsub.s          f11, f11, f13, f7   f11=xxxxxxxx f11:3eda322b f13:3f7289d4  f7:3e09872c
21246663ns          370563 1c00961a 30d77743 fmadd.s          f14, f14, f13, f6   f14=xxxxxxxx f14:3ed6e237 f13:3f7289d4  f6:3e0ba5df
21246723ns          370566 1c00961e 1106f6d3 fmul.s           f13, f13, f16       f13=xxxxxxxx f13:3f7289d4 f16:41139990
21246743ns          370567 1c009622 00b62823 sw               x11, 16(x12)        x11:3e89f550 x12:100016e4  PA:100016f4
21246763ns          370568 1c009624 00ee2823 sw               x14, 16(x28)        x14:3f08b43c x28:100016d0  PA:100016e0
21246783ns          370569 1c009628 01100333 add              x6, x0, x17          x6=414d8d89 x17:414d8d89
21246802ns          370570 1c00962a 00028463 beq              x5, x0, 8            x5:00000000
21246922ns          370576 1c009632 a1f79753 flt.s            x14, f15, f31       x14=00000000 f15:403cee65 f31:00000000
21246942ns          370577 1c009636 420719e3 bne              x14, x0, 3122       x14:00000000
21246962ns          370578 1c00963a 00f00733 add              x14, x0, x15        x14=403cee65 x15:403cee65
21246981ns          370579 1c00963c a0671853 flt.s            x16, f14, f6        x16=00000001 f14:403cee65  f6:414d8d89
21247021ns          370581 1c009640 011003b3 add              x7, x0, x17          x7=414d8d89 x17:414d8d89
21247061ns          370583 1c009642 00081363 bne              x16, x0, 6          x16:00000001
21247121ns          370586 1c009648 006772d3 fadd.s           f5, f14, f6          f5=xxxxxxxx f14:403cee65  f6:414d8d89
21247141ns          370587 1c00964c a1f2a5d3 feq.s            x11, f5, f31        x11=00000000  f5:417cc922 f31:00000000
21247200ns          370590 1c009650 3a0593e3 bne              x11, x0, 2982       x11:00000000
21247240ns          370592 1c009654 1c000437 lui              x8, 0x1c000000       x8=1c000000
21247260ns          370593 1c009658 02040413 addi             x8, x8, 32           x8=1c000020  x8:1c000000
21247280ns          370594 1c00965c 00042403 lw               x8, 0(x8)            x8=3f800000  x8:1c000020  PA:1c000020
21247618ns          370611 1c00965e 185475d3 fdiv.s           f11, f8, f5         f11=xxxxxxxx  f8:3f800000  f5:417cc922
21247976ns          370629 1c009662 10e5f753 fmul.s           f14, f11, f14       f14=xxxxxxxx f11:3d81a0aa f14:403cee65
21247996ns          370630 1c009666 a1f393d3 flt.s            x7, f7, f31          x7=00000000  f7:414d8d89 f31:00000000
21248016ns          370631 1c00966a 1065f5d3 fmul.s           f11, f11, f6        f11=xxxxxxxx f11:3d81a0aa  f6:414d8d89
21248036ns          370632 1c00966e 10e77753 fmul.s           f14, f14, f14       f14=xxxxxxxx f14:3e3f5567 f14:3e3f5567
21248056ns          370633 1c009672 70b5f743 fmadd.s          f14, f11, f11, f14  f14=xxxxxxxx f11:3f502aa6 f11:3f502aa6 f14:3d0f008c
21248075ns          370634 1c009676 58077353 fsqrt.s          f6, f14              f6=xxxxxxxx f14:3f32355e
21249090ns          370685 1c00967a 10537353 fmul.s           f6, f6, f5           f6=xxxxxxxx  f6:3f559772  f5:417cc922
21249110ns          370686 1c00967e 00038463 beq              x7, x0, 8            x7:00000000
21249189ns          370690 1c009686 1c0004b7 lui              x9, 0x1c000000       x9=1c000000
21249209ns          370691 1c00968a 02048493 addi             x9, x9, 32           x9=1c000020  x9:1c000000
21249229ns          370692 1c00968e 0004a483 lw               x9, 0(x9)            x9=3f800000  x9:1c000020  PA:1c000020
21249567ns          370709 1c009690 1864f753 fdiv.s           f14, f9, f6         f14=xxxxxxxx  f9:3f800000  f6:4152e8e4
21250204ns          370741 1c009694 111778d3 fmul.s           f17, f14, f17       f17=xxxxxxxx f14:3d9b5d74 f17:414d8d89
21250224ns          370742 1c009698 10f77753 fmul.s           f14, f14, f15       f14=xxxxxxxx f14:3d9b5d74 f15:403cee65
21250244ns          370743 1c00969c 10a8f853 fmul.s           f16, f17, f10       f16=xxxxxxxx f17:3f797f77 f10:bf65739d
21250263ns          370744 1c0096a0 20e71bd3 fsgnjn.s         f23, f14, f14       f23=xxxxxxxx f14:3e65529f f14:3e65529f
21250283ns          370745 1c0096a4 000ea783 lw               x15, 0(x29)         x15=bef08b24 x29:10001734  PA:10001734
21250323ns          370747 1c0096a8 000f2383 lw               x7, 0(x30)           x7=3e25a1d4 x30:10001748  PA:10001748
21250343ns          370748 1c0096ac 10e7f453 fmul.s           f8, f15, f14         f8=xxxxxxxx f15:bef08b24 f14:3e65529f
21250363ns          370749 1c0096b0 10e3f2d3 fmul.s           f5, f7, f14          f5=xxxxxxxx  f7:3e25a1d4 f14:3e65529f
21250403ns          370751 1c0096b4 006b222b p.sw             x6, 4(x22!)         x22=100015cc  x6:4152e8e4 x22:100015c8  PA:100015c8
21250423ns          370752 1c0096b8 4113f3c7 fmsub.s          f7, f7, f17, f8      f7=xxxxxxxx  f7:3e25a1d4 f17:3f797f77  f8:bdd77a19
21250442ns          370753 1c0096bc 2917f2c3 fmadd.s          f5, f15, f17, f5     f5=xxxxxxxx f15:bef08b24 f17:3f797f77  f5:3d145f37
21250502ns          370756 1c0096c0 10d8f5d3 fmul.s           f11, f17, f13       f11=xxxxxxxx f17:3f797f77 f13:410bd6a2
21250542ns          370758 1c0096c4 007f2023 sw               x7, 0(x30)           x7:3e8694f6 x30:10001748  PA:10001748
21250562ns          370759 1c0096c8 005ea023 sw               x5, 0(x29)           x5:bed7e334 x29:10001734  PA:10001734
21250582ns          370760 1c0096cc 004ea283 lw               x5, 4(x29)           x5=bf012ccb x29:10001734  PA:10001738
21250641ns          370763 1c0096d0 004f2383 lw               x7, 4(x30)           x7=bcb9348a x30:10001748  PA:1000174c
21250681ns          370765 1c0096d4 10e2f4d3 fmul.s           f9, f5, f14          f9=xxxxxxxx  f5:bf012ccb f14:3e65529f
21250701ns          370766 1c0096d8 10e3f453 fmul.s           f8, f7, f14          f8=xxxxxxxx  f7:bcb9348a f14:3e65529f
21250721ns          370767 1c0096dc 80d77843 fmadd.s          f16, f14, f13, f16  f16=xxxxxxxx f14:3e65529f f13:410bd6a2 f16:bf5f9fb3
21250781ns          370770 1c0096e0 4913f3c7 fmsub.s          f7, f7, f17, f9      f7=xxxxxxxx  f7:bcb9348a f17:3f797f77  f9:bde76d84
21250820ns          370772 1c0096e4 4112f2c3 fmadd.s          f5, f5, f17, f8      f5=xxxxxxxx  f5:bf012ccb f17:3f797f77  f8:bba5e7c5
21250840ns          370773 1c0096e8 000a2783 lw               x15, 0(x20)         x15=c03a3b8f x20:100015e0  PA:100015e0
21250860ns          370774 1c0096ec 007f2223 sw               x7, 4(x30)           x7:3dba4d70 x30:10001748  PA:1000174c
21250960ns          370779 1c0096f0 005ea223 sw               x5, 4(x29)           x5:befe6165 x29:10001734  PA:10001738
21250999ns          370781 1c0096f4 008ea283 lw               x5, 8(x29)           x5=3e468c11 x29:10001734  PA:1000173c
21251019ns          370782 1c0096f8 008f2383 lw               x7, 8(x30)           x7=3e7e8c05 x30:10001748  PA:10001750
21251039ns          370783 1c0096fc 10e2f4d3 fmul.s           f9, f5, f14          f9=xxxxxxxx  f5:3e468c11 f14:3e65529f
21251477ns          370805 1c009700 10e3f453 fmul.s           f8, f7, f14          f8=xxxxxxxx  f7:3e7e8c05 f14:3e65529f
21251517ns          370807 1c009704 58abf5c3 fmadd.s          f11, f23, f10, f11  f11=xxxxxxxx f23:be65529f f10:bf65739d f11:41084964
21251536ns          370808 1c009708 4913f3c7 fmsub.s          f7, f7, f17, f9      f7=xxxxxxxx  f7:3e7e8c05 f17:3f797f77  f9:3d31db5f
21251556ns          370809 1c00970c 4112f2c3 fmadd.s          f5, f5, f17, f8      f5=xxxxxxxx  f5:3e468c11 f17:3f797f77  f8:3d640567
21251616ns          370812 1c009710 1117f553 fmul.s           f10, f15, f17       f10=xxxxxxxx f15:c03a3b8f f17:3f797f77
21251656ns          370814 1c009714 007f2423 sw               x7, 8(x30)           x7:3e4b9e17 x30:10001748  PA:10001750
21251676ns          370815 1c009718 00cea303 lw               x6, 12(x29)          x6=3e18c7e2 x29:10001734  PA:10001740
21251696ns          370816 1c00971c 005ea423 sw               x5, 8(x29)           x5:3e7a8272 x29:10001734  PA:1000173c
21251755ns          370819 1c009720 00cf2283 lw               x5, 12(x30)          x5=bf6d6806 x30:10001748  PA:10001754
21251795ns          370821 1c009724 10e37453 fmul.s           f8, f6, f14          f8=xxxxxxxx  f6:3e18c7e2 f14:3e65529f
21251815ns          370822 1c009728 10e2f3d3 fmul.s           f7, f5, f14          f7=xxxxxxxx  f5:bf6d6806 f14:3e65529f
21251835ns          370823 1c00972c 014f0f13 addi             x30, x30, 20        x30=1000175c x30:10001748
21251894ns          370826 1c00972e 4112f2c7 fmsub.s          f5, f5, f17, f8      f5=xxxxxxxx  f5:bf6d6806 f17:3f797f77  f8:3d08dc1c
21251934ns          370828 1c009732 39137343 fmadd.s          f6, f6, f17, f7      f6=xxxxxxxx  f6:3e18c7e2 f17:3f797f77  f7:be54aaac
21251954ns          370829 1c009736 00baa22b p.sw             x11, 4(x21!)        x21=100015d0 x11:410b7f8e x21:100015cc  PA:100015cc
21251974ns          370830 1c00973a fe5f2c23 sw               x5, -8(x30)          x5:bf6fee25 x30:1000175c  PA:10001754
21252412ns          370852 1c00973e 010ea683 lw               x13, 16(x29)        x13=3f2e8882 x29:10001734  PA:10001744
21252451ns          370854 1c009742 006ea623 sw               x6, 12(x29)          x6:bd7f10bc x29:10001734  PA:10001740
21252471ns          370855 1c009746 ffcf2303 lw               x6, -4(x30)          x6=3e686ddd x30:1000175c  PA:10001758
21252491ns          370856 1c00974a 10e6f3d3 fmul.s           f7, f13, f14         f7=xxxxxxxx f13:3f2e8882 f14:3e65529f
21252551ns          370859 1c00974e 10e372d3 fmul.s           f5, f6, f14          f5=xxxxxxxx  f6:3e686ddd f14:3e65529f
21252591ns          370861 1c009752 00aa222b p.sw             x10, 4(x20!)        x20=100015e4 x10:c03580a8 x20:100015e0  PA:100015e0
21252611ns          370862 1c009756 39137347 fmsub.s          f6, f6, f17, f7      f6=xxxxxxxx  f6:3e686ddd f17:3f797f77  f7:3e1c5870
21252630ns          370863 1c00975a 2916f8c3 fmadd.s          f17, f13, f17, f5   f17=xxxxxxxx f13:3f2e8882 f17:3f797f77  f5:3d50354a
21252650ns          370864 1c00975e 01460613 addi             x12, x12, 20        x12=100016f8 x12:100016e4
21252690ns          370866 1c009760 fe6f2e23 sw               x6, -4(x30)          x6:3d8c5c4d x30:1000175c  PA:10001758
21252730ns          370868 1c009764 011ea823 sw               x17, 16(x29)        x17:3f371d02 x29:10001734  PA:10001744
21252750ns          370869 1c009768 014e0e13 addi             x28, x28, 20        x28=100016e4 x28:100016d0
21252770ns          370870 1c00976a 014e8e93 addi             x29, x29, 20        x29=10001748 x29:10001734
21252790ns          370871 1c00976c 10e7f7d3 fmul.s           f15, f15, f14       f15=xxxxxxxx f15:c03a3b8f f14:3e65529f
21252869ns          370875 1c0094ec a1f81753 flt.s            x14, f16, f31       x14=00000000 f16:3f8ab868 f31:00000000
21252889ns          370876 1c0094f0 010002b3 add              x5, x0, x16          x5=3f8ab868 x16:3f8ab868
21252909ns          370877 1c0094f2 00070363 beq              x14, x0, 6          x14:00000000
21252969ns          370880 1c0094f8 a1f79753 flt.s            x14, f15, f31       x14=00000001 f15:bf26d362 f31:00000000
21252988ns          370881 1c0094fc 00f006b3 add              x13, x0, x15        x13=bf26d362 x15:bf26d362
21253008ns          370882 1c0094fe 00070363 beq              x14, x0, 6          x14:00000001
21253028ns          370883 1c009500 20f796d3 fsgnjn.s         f13, f15, f15       f13=xxxxxxxx f15:bf26d362 f15:bf26d362
21253048ns          370884 1c009504 a0569753 flt.s            x14, f13, f5        x14=00000001 f13:3f26d362  f5:3f8ab868
21253068ns          370885 1c009508 01000333 add              x6, x0, x16          x6=3f8ab868 x16:3f8ab868
21253088ns          370886 1c00950a 00071263 bne              x14, x0, 4          x14:00000001
21253187ns          370891 1c00950e 0056f753 fadd.s           f14, f13, f5        f14=xxxxxxxx f13:3f26d362  f5:3f8ab868
21253207ns          370892 1c009512 a1f728d3 feq.s            x17, f14, f31       x17=00000000 f14:3fde2219 f31:00000000
21253227ns          370893 1c009516 52089be3 bne              x17, x0, 3382       x17:00000000
21253247ns          370894 1c00951a 1c0003b7 lui              x7, 0x1c000000       x7=1c000000
21253267ns          370895 1c00951e 02038393 addi             x7, x7, 32           x7=1c000020  x7:1c000000
21253287ns          370896 1c009522 0003a383 lw               x7, 0(x7)            x7=3f800000  x7:1c000020  PA:1c000020
21253605ns          370912 1c009526 18e3f8d3 fdiv.s           f17, f7, f14        f17=xxxxxxxx  f7:3f800000 f14:3fde2219
21254381ns          370951 1c00952a 10d8f6d3 fmul.s           f13, f17, f13       f13=xxxxxxxx f17:3f1383dd f13:3f26d362
21254401ns          370952 1c00952e 1058f8d3 fmul.s           f17, f17, f5        f17=xxxxxxxx f17:3f1383dd  f5:3f8ab868
21254421ns          370953 1c009532 a1f312d3 flt.s            x5, f6, f31          x5=00000000  f6:3f8ab868 f31:00000000
21254441ns          370954 1c009536 10d6f6d3 fmul.s           f13, f13, f13       f13=xxxxxxxx f13:3ec0429f f13:3ec0429f
21254460ns          370955 1c00953a 6918f6c3 fmadd.s          f13, f17, f17, f13  f13=xxxxxxxx f17:3f1fdeb0 f17:3f1fdeb0 f13:3e106400
21254520ns          370958 1c00953e 5806f353 fsqrt.s          f6, f13              f6=xxxxxxxx f13:3f07ef60
21255495ns          371007 1c009542 10e37353 fmul.s           f6, f6, f14          f6=xxxxxxxx  f6:3f3a8bc0 f14:3fde2219
21255515ns          371008 1c009546 00028463 beq              x5, x0, 8            x5:00000000
21255654ns          371015 1c00954e 1c000437 lui              x8, 0x1c000000       x8=1c000000
21255674ns          371016 1c009552 02040413 addi             x8, x8, 32           x8=1c000020  x8:1c000000
21255694ns          371017 1c009556 00042403 lw               x8, 0(x8)            x8=3f800000  x8:1c000020  PA:1c000020
21256032ns          371034 1c009558 18647753 fdiv.s           f14, f8, f6         f14=xxxxxxxx  f8:3f800000  f6:3fa1de09
21256609ns          371063 1c00955c 10e876d3 fmul.s           f13, f16, f14       f13=xxxxxxxx f16:3f8ab868 f14:3f4a6ff9
21256628ns          371064 1c009560 10e7f7d3 fmul.s           f15, f15, f14       f15=xxxxxxxx f15:bf26d362 f14:3f4a6ff9
21256648ns          371065 1c009564 000e2703 lw               x14, 0(x28)         x14=3e5f52ec x28:100016e4  PA:100016e4
21256668ns          371066 1c009568 00062803 lw               x16, 0(x12)         x16=bf21d272 x12:100016f8  PA:100016f8
21256688ns          371067 1c00956c 10e7f3d3 fmul.s           f7, f15, f14         f7=xxxxxxxx f15:bf03ebc3 f14:3e5f52ec
21256728ns          371069 1c009570 1107f2d3 fmul.s           f5, f15, f16         f5=xxxxxxxx f15:bf03ebc3 f16:bf21d272
21256768ns          371071 1c009574 10f578d3 fmul.s           f17, f10, f15       f17=xxxxxxxx f10:c03580a8 f15:bf03ebc3
21256788ns          371072 1c009578 3906f847 fmsub.s          f16, f13, f16, f7   f16=xxxxxxxx f13:3f5b645e f16:bf21d272  f7:bde62a34
21256808ns          371073 1c00957c 28e6f743 fmadd.s          f14, f13, f14, f5   f14=xxxxxxxx f13:3f5b645e f14:3e5f52ec  f5:3ea6c770
21256827ns          371074 1c009580 88d5f8c3 fmadd.s          f17, f11, f13, f17  f17=xxxxxxxx f11:410b7f8e f13:3f5b645e f17:3fbb0ffb
21256847ns          371075 1c009584 01062023 sw               x16, 0(x12)         x16:bedbd265 x12:100016f8  PA:100016f8
21256867ns          371076 1c009588 00ee2023 sw               x14, 0(x28)         x14:3f033c98 x28:100016e4  PA:100016e4
21256887ns          371077 1c00958c 004e2703 lw               x14, 4(x28)         x14=3e978e3e x28:100016e4  PA:100016e8
21256907ns          371078 1c009590 00462803 lw               x16, 4(x12)         x16=3f27d019 x12:100016f8  PA:100016fc
21256927ns          371079 1c009594 10e7f453 fmul.s           f8, f15, f14         f8=xxxxxxxx f15:bf03ebc3 f14:3e978e3e
21256947ns          371080 1c009598 10f873d3 fmul.s           f7, f16, f15         f7=xxxxxxxx f16:3f27d019 f15:bf03ebc3
21256967ns          371081 1c00959c 10f5f2d3 fmul.s           f5, f11, f15         f5=xxxxxxxx f11:410b7f8e f15:bf03ebc3
21257026ns          371084 1c0095a0 40d87847 fmsub.s          f16, f16, f13, f8   f16=xxxxxxxx f16:3f27d019 f13:3f5b645e  f8:be1c32b9
21257066ns          371086 1c0095a4 38e6f743 fmadd.s          f14, f13, f14, f7   f14=xxxxxxxx f13:3f5b645e f14:3e978e3e  f7:beacf411
21257086ns          371087 1c0095a8 0069a22b p.sw             x6, 4(x19!)         x19=100015e0  x6:3fa1de09 x19:100015dc  PA:100015dc
21257106ns          371088 1c0095ac 01062223 sw               x16, 4(x12)         x16:3f36dd7f x12:100016f8  PA:100016fc
21257166ns          371091 1c0095b0 00ee2223 sw               x14, 4(x28)         x14:bdac47db x28:100016e4  PA:100016e8
21257225ns          371094 1c0095b4 008e2703 lw               x14, 8(x28)         x14=3e7262ab x28:100016e4  PA:100016ec
21257245ns          371095 1c0095b8 00862803 lw               x16, 8(x12)         x16=beb2128f x12:100016f8  PA:10001700
21257265ns          371096 1c0095bc 10f773d3 fmul.s           f7, f14, f15         f7=xxxxxxxx f14:3e7262ab f15:bf03ebc3
21257305ns          371098 1c0095c0 10f875d3 fmul.s           f11, f16, f15       f11=xxxxxxxx f16:beb2128f f15:bf03ebc3
21257345ns          371100 1c0095c4 28d57547 fmsub.s          f10, f10, f13, f5   f10=xxxxxxxx f10:c03580a8 f13:3f5b645e  f5:c08fc57c
21257364ns          371101 1c0095c8 38d873c7 fmsub.s          f7, f16, f13, f7     f7=xxxxxxxx f16:beb2128f f13:3f5b645e  f7:bdf9cf6d
21257384ns          371102 1c0095cc 58d775c3 fmadd.s          f11, f14, f13, f11  f11=xxxxxxxx f14:3e7262ab f13:3f5b645e f11:3e3786fc
21257444ns          371105 1c0095d0 a1f892d3 flt.s            x5, f17, f31         x5=00000000 f17:410eeecf f31:00000000
21257484ns          371107 1c0095d4 00762423 sw               x7, 8(x12)           x7:be344fab x12:100016f8  PA:10001700
21257504ns          371108 1c0095d8 00ce2703 lw               x14, 12(x28)        x14=bf5ba6ab x28:100016e4  PA:100016f0
21257524ns          371109 1c0095dc 00be2423 sw               x11, 8(x28)         x11:3ec3a036 x28:100016e4  PA:100016ec
21257583ns          371112 1c0095e0 00c62383 lw               x7, 12(x12)          x7=3d1dcedf x12:100016f8  PA:10001704
21257623ns          371114 1c0095e4 10f77453 fmul.s           f8, f14, f15         f8=xxxxxxxx f14:bf5ba6ab f15:bf03ebc3
21257643ns          371115 1c0095e8 10f3f5d3 fmul.s           f11, f7, f15        f11=xxxxxxxx  f7:3d1dcedf f15:bf03ebc3
21257663ns          371116 1c0095ec 000aa803 lw               x16, 0(x21)         x16=4091b525 x21:100015d0  PA:100015d0
21257762ns          371121 1c0095f0 40d3f3c7 fmsub.s          f7, f7, f13, f8      f7=xxxxxxxx  f7:3d1dcedf f13:3f5b645e  f8:3ee26126
21257802ns          371123 1c0095f4 58d775c3 fmadd.s          f11, f14, f13, f11  f11=xxxxxxxx f14:bf5ba6ab f13:3f5b645e f11:bca2a462
21257822ns          371124 1c0095f8 00a9a023 sw               x10, 0(x19)         x10:4003febf x19:100015e0  PA:100015e0
21257842ns          371125 1c0095fc 00762623 sw               x7, 12(x12)          x7:bed1796b x12:100016f8  PA:10001704
21257902ns          371128 1c009600 010e2703 lw               x14, 16(x28)        x14=3e89f550 x28:100016e4  PA:100016f4
21257941ns          371130 1c009604 00be2623 sw               x11, 12(x28)        x11:bf4152d5 x28:100016e4  PA:100016f0
21257961ns          371131 1c009608 01062583 lw               x11, 16(x12)        x11=3e60fd19 x12:100016f8  PA:10001708
21257981ns          371132 1c00960a 10f773d3 fmul.s           f7, f14, f15         f7=xxxxxxxx f14:3e89f550 f15:bf03ebc3
21258041ns          371135 1c00960e 10f5f353 fmul.s           f6, f11, f15         f6=xxxxxxxx f11:3e60fd19 f15:bf03ebc3
21258081ns          371137 1c009612 1107f7d3 fmul.s           f15, f15, f16       f15=xxxxxxxx f15:bf03ebc3 f16:4091b525
21258100ns          371138 1c009616 38d5f5c7 fmsub.s          f11, f11, f13, f7   f11=xxxxxxxx f11:3e60fd19 f13:3f5b645e  f7:be0e2f2a
21258120ns          371139 1c00961a 30d77743 fmadd.s          f14, f14, f13, f6   f14=xxxxxxxx f14:3e89f550 f13:3f5b645e  f6:bde7e16f
21258180ns          371142 1c00961e 1106f6d3 fmul.s           f13, f13, f16       f13=xxxxxxxx f13:3f5b645e f16:4091b525
21258200ns          371143 1c009622 00b62823 sw               x11, 16(x12)        x11:3ea77ff2 x12:100016f8  PA:10001708
21258220ns          371144 1c009624 00ee2823 sw               x14, 16(x28)        x14:3df10a59 x28:100016e4  PA:100016f4
21258240ns          371145 1c009628 01100333 add              x6, x0, x17          x6=410eeecf x17:410eeecf
21258260ns          371146 1c00962a 00028463 beq              x5, x0, 8            x5:00000000
21258379ns          371152 1c009632 a1f79753 flt.s            x14, f15, f31       x14=00000001 f15:c0162bc4 f31:00000000
21258399ns          371153 1c009636 420719e3 bne              x14, x0, 3122       x14:00000001
21258558ns          371161 1c00a268 20f79753 fsgnjn.s         f14, f15, f15       f14=xxxxxxxx f15:c0162bc4 f15:c0162bc4
21258598ns          371163 1c00a26c bd0ff06f jal              x0, -3120          
21258697ns          371168 1c00963c a0671853 flt.s            x16, f14, f6        x16=00000001 f14:40162bc4  f6:410eeecf
21258717ns          371169 1c009640 011003b3 add              x7, x0, x17          x7=410eeecf x17:410eeecf
21258737ns          371170 1c009642 00081363 bne              x16, x0, 6          x16:00000001
21258797ns          371173 1c009648 006772d3 fadd.s           f5, f14, f6          f5=xxxxxxxx f14:40162bc4  f6:410eeecf
21258816ns          371174 1c00964c a1f2a5d3 feq.s            x11, f5, f31        x11=00000000  f5:413479c0 f31:00000000
21258876ns          371177 1c009650 3a0593e3 bne              x11, x0, 2982       x11:00000000
21258916ns          371179 1c009654 1c000437 lui              x8, 0x1c000000       x8=1c000000
21258936ns          371180 1c009658 02040413 addi             x8, x8, 32           x8=1c000020  x8:1c000000
21258956ns          371181 1c00965c 00042403 lw               x8, 0(x8)            x8=3f800000  x8:1c000020  PA:1c000020
21259373ns          371202 1c00965e 185475d3 fdiv.s           f11, f8, f5         f11=xxxxxxxx  f8:3f800000  f5:413479c0
21259851ns          371226 1c009662 10e5f753 fmul.s           f14, f11, f14       f14=xxxxxxxx f11:3db59092 f14:40162bc4
21259871ns          371227 1c009666 a1f393d3 flt.s            x7, f7, f31          x7=00000000  f7:410eeecf f31:00000000
21259891ns          371228 1c00966a 1065f5d3 fmul.s           f11, f11, f6        f11=xxxxxxxx f11:3db59092  f6:410eeecf
21259910ns          371229 1c00966e 10e77753 fmul.s           f14, f14, f14       f14=xxxxxxxx f14:3e550380 f14:3e550380
21259930ns          371230 1c009672 70b5f743 fmadd.s          f14, f11, f11, f14  f14=xxxxxxxx f11:3f4abf20 f11:3f4abf20 f14:3d313ed3
21259950ns          371231 1c009676 58077353 fsqrt.s          f6, f14              f6=xxxxxxxx f14:3f2ba61a
21260686ns          371268 1c00967a 10537353 fmul.s           f6, f6, f5           f6=xxxxxxxx  f6:3f519fac  f5:413479c0
21260706ns          371269 1c00967e 00038463 beq              x7, x0, 8            x7:00000000
21260786ns          371273 1c009686 1c0004b7 lui              x9, 0x1c000000       x9=1c000000
21260806ns          371274 1c00968a 02048493 addi             x9, x9, 32           x9=1c000020  x9:1c000000
21260825ns          371275 1c00968e 0004a483 lw               x9, 0(x9)            x9=3f800000  x9:1c000020  PA:1c000020
21261164ns          371292 1c009690 1864f753 fdiv.s           f14, f9, f6         f14=xxxxxxxx  f9:3f800000  f6:4113c7f7
21261800ns          371324 1c009694 111778d3 fmul.s           f17, f14, f17       f17=xxxxxxxx f14:3dddbbbc f17:410eeecf
21261820ns          371325 1c009698 10f77753 fmul.s           f14, f14, f15       f14=xxxxxxxx f14:3dddbbbc f15:c0162bc4
21261840ns          371326 1c00969c 10a8f853 fmul.s           f16, f17, f10       f16=xxxxxxxx f17:3f7799f4 f10:4003febf
21261860ns          371327 1c0096a0 20e71bd3 fsgnjn.s         f23, f14, f14       f23=xxxxxxxx f14:be8211e8 f14:be8211e8
21261880ns          371328 1c0096a4 000ea783 lw               x15, 0(x29)         x15=3e8694f6 x29:10001748  PA:10001748
21261900ns          371329 1c0096a8 000f2383 lw               x7, 0(x30)           x7=bef35afa x30:1000175c  PA:1000175c
21261919ns          371330 1c0096ac 10e7f453 fmul.s           f8, f15, f14         f8=xxxxxxxx f15:3e8694f6 f14:be8211e8
21261939ns          371331 1c0096b0 10e3f2d3 fmul.s           f5, f7, f14          f5=xxxxxxxx  f7:bef35afa f14:be8211e8
21261959ns          371332 1c0096b4 006b222b p.sw             x6, 4(x22!)         x22=100015d0  x6:4113c7f7 x22:100015cc  PA:100015cc
21261979ns          371333 1c0096b8 4113f3c7 fmsub.s          f7, f7, f17, f8      f7=xxxxxxxx  f7:bef35afa f17:3f7799f4  f8:bd88c21e
21261999ns          371334 1c0096bc 2917f2c3 fmadd.s          f5, f15, f17, f5     f5=xxxxxxxx f15:3e8694f6 f17:3f7799f4  f5:3df74a71
21262019ns          371335 1c0096c0 10d8f5d3 fmul.s           f11, f17, f13       f11=xxxxxxxx f17:3f7799f4 f13:4079be2e
21262039ns          371336 1c0096c4 007f2023 sw               x7, 0(x30)           x7:bec92e99 x30:1000175c  PA:1000175c
21262059ns          371337 1c0096c8 005ea023 sw               x5, 0(x29)           x5:3ebffd45 x29:10001748  PA:10001748
21262079ns          371338 1c0096cc 004ea283 lw               x5, 4(x29)           x5=3dba4d70 x29:10001748  PA:1000174c
21262098ns          371339 1c0096d0 004f2383 lw               x7, 4(x30)           x7=3f2d684c x30:1000175c  PA:10001760
21262118ns          371340 1c0096d4 10e2f4d3 fmul.s           f9, f5, f14          f9=xxxxxxxx  f5:3dba4d70 f14:be8211e8
21262138ns          371341 1c0096d8 10e3f453 fmul.s           f8, f7, f14          f8=xxxxxxxx  f7:3f2d684c f14:be8211e8
21262158ns          371342 1c0096dc 80d77843 fmadd.s          f16, f14, f13, f16  f16=xxxxxxxx f14:be8211e8 f13:4079be2e f16:3fff5457
21262198ns          371344 1c0096e0 4913f3c7 fmsub.s          f7, f7, f17, f9      f7=xxxxxxxx  f7:3f2d684c f17:3f7799f4  f9:bcbd50b6
21262238ns          371346 1c0096e4 4112f2c3 fmadd.s          f5, f5, f17, f8      f5=xxxxxxxx  f5:3dba4d70 f17:3f7799f4  f8:be30362f
21262258ns          371347 1c0096e8 000a2783 lw               x15, 0(x20)         x15=bf0688a6 x20:100015e4  PA:100015e4
21262277ns          371348 1c0096ec 007f2223 sw               x7, 4(x30)           x7:3f2da270 x30:1000175c  PA:10001760
21262337ns          371351 1c0096f0 005ea223 sw               x5, 4(x29)           x5:bdac3b9d x29:10001748  PA:1000174c
21262377ns          371353 1c0096f4 008ea283 lw               x5, 8(x29)           x5=3e4b9e17 x29:10001748  PA:10001750
21262397ns          371354 1c0096f8 008f2383 lw               x7, 8(x30)           x7=bedeed11 x30:1000175c  PA:10001764
21262417ns          371355 1c0096fc 10e2f4d3 fmul.s           f9, f5, f14          f9=xxxxxxxx  f5:3e4b9e17 f14:be8211e8
21262437ns          371356 1c009700 10e3f453 fmul.s           f8, f7, f14          f8=xxxxxxxx  f7:bedeed11 f14:be8211e8
21262456ns          371357 1c009704 58abf5c3 fmadd.s          f11, f23, f10, f11  f11=xxxxxxxx f23:3e8211e8 f10:4003febf f11:40718caf
21262476ns          371358 1c009708 4913f3c7 fmsub.s          f7, f7, f17, f9      f7=xxxxxxxx  f7:bedeed11 f17:3f7799f4  f9:bd4ee90b
21262496ns          371359 1c00970c 4112f2c3 fmadd.s          f5, f5, f17, f8      f5=xxxxxxxx  f5:3e4b9e17 f17:3f7799f4  f8:3de287f5
21262556ns          371362 1c009710 1117f553 fmul.s           f10, f15, f17       f10=xxxxxxxx f15:bf0688a6 f17:3f7799f4
21262596ns          371364 1c009714 007f2423 sw               x7, 8(x30)           x7:bebdbfaa x30:1000175c  PA:10001764
21262616ns          371365 1c009718 00cea303 lw               x6, 12(x29)          x6=bf6fee25 x29:10001748  PA:10001754
21262655ns          371367 1c00971c 005ea423 sw               x5, 8(x29)           x5:3e9b19fb x29:10001748  PA:10001750
21262695ns          371369 1c009720 00cf2283 lw               x5, 12(x30)          x5=be0b41d0 x30:1000175c  PA:10001768
21262735ns          371371 1c009724 10e37453 fmul.s           f8, f6, f14          f8=xxxxxxxx  f6:bf6fee25 f14:be8211e8
21262755ns          371372 1c009728 10e2f3d3 fmul.s           f7, f5, f14          f7=xxxxxxxx  f5:be0b41d0 f14:be8211e8
21262775ns          371373 1c00972c 014f0f13 addi             x30, x30, 20        x30=10001770 x30:1000175c
21262834ns          371376 1c00972e 4112f2c7 fmsub.s          f5, f5, f17, f8      f5=xxxxxxxx  f5:be0b41d0 f17:3f7799f4  f8:3e73cf6e
21262874ns          371378 1c009732 39137343 fmadd.s          f6, f6, f17, f7      f6=xxxxxxxx  f6:bf6fee25 f17:3f7799f4  f7:3d0d8252
21262894ns          371379 1c009736 00baa22b p.sw             x11, 4(x21!)        x21=100015d4 x11:40898a7e x21:100015d0  PA:100015d0
21262914ns          371380 1c00973a fe5f2c23 sw               x5, -8(x30)          x5:bebd3fd6 x30:10001770  PA:10001768
21262974ns          371383 1c00973e 010ea683 lw               x13, 16(x29)        x13=3d8c5c4d x29:10001748  PA:10001758
21263013ns          371385 1c009742 006ea623 sw               x6, 12(x29)          x6:bf5f36eb x29:10001748  PA:10001754
21263033ns          371386 1c009746 ffcf2303 lw               x6, -4(x30)          x6=3ea79f8b x30:10001770  PA:1000176c
21263053ns          371387 1c00974a 10e6f3d3 fmul.s           f7, f13, f14         f7=xxxxxxxx f13:3d8c5c4d f14:be8211e8
21263073ns          371388 1c00974e 10e372d3 fmul.s           f5, f6, f14          f5=xxxxxxxx  f6:3ea79f8b f14:be8211e8
21263093ns          371389 1c009752 00aa222b p.sw             x10, 4(x20!)        x20=100015e8 x10:bf021ec0 x20:100015e4  PA:100015e4
21263113ns          371390 1c009756 39137347 fmsub.s          f6, f6, f17, f7      f6=xxxxxxxx  f6:3ea79f8b f17:3f7799f4  f7:bc8ea161
21263133ns          371391 1c00975a 2916f8c3 fmadd.s          f17, f13, f17, f5   f17=xxxxxxxx f13:3d8c5c4d f17:3f7799f4  f5:bdaa557c
21263153ns          371392 1c00975e 01460613 addi             x12, x12, 20        x12=1000170c x12:100016f8
21263173ns          371393 1c009760 fe6f2e23 sw               x6, -4(x30)          x6:3eab09d3 x30:10001770  PA:1000176c
21263192ns          371394 1c009764 011ea823 sw               x17, 16(x29)        x17:bc8a5013 x29:10001748  PA:10001758
21263212ns          371395 1c009768 014e0e13 addi             x28, x28, 20        x28=100016f8 x28:100016e4
21263232ns          371396 1c00976a 014e8e93 addi             x29, x29, 20        x29=1000175c x29:10001748
21263252ns          371397 1c00976c 10e7f7d3 fmul.s           f15, f15, f14       f15=xxxxxxxx f15:bf0688a6 f14:be8211e8
21263312ns          371400 1c0094ec a1f81753 flt.s            x14, f16, f31       x14=00000000 f16:3f80704c f31:00000000
21263391ns          371404 1c0094f0 010002b3 add              x5, x0, x16          x5=3f80704c x16:3f80704c
21263411ns          371405 1c0094f2 00070363 beq              x14, x0, 6          x14:00000000
21263471ns          371408 1c0094f8 a1f79753 flt.s            x14, f15, f31       x14=00000000 f15:3e08b59b f31:00000000
21263491ns          371409 1c0094fc 00f006b3 add              x13, x0, x15        x13=3e08b59b x15:3e08b59b
21263511ns          371410 1c0094fe 00070363 beq              x14, x0, 6          x14:00000000
21263590ns          371414 1c009504 a0569753 flt.s            x14, f13, f5        x14=00000001 f13:3e08b59b  f5:3f80704c
21263610ns          371415 1c009508 01000333 add              x6, x0, x16          x6=3f80704c x16:3f80704c
21263630ns          371416 1c00950a 00071263 bne              x14, x0, 4          x14:00000001
21263710ns          371420 1c00950e 0056f753 fadd.s           f14, f13, f5        f14=xxxxxxxx f13:3e08b59b  f5:3f80704c
21263729ns          371421 1c009512 a1f728d3 feq.s            x17, f14, f31       x17=00000000 f14:3f9186ff f31:00000000
21263749ns          371422 1c009516 52089be3 bne              x17, x0, 3382       x17:00000000
21263769ns          371423 1c00951a 1c0003b7 lui              x7, 0x1c000000       x7=1c000000
21263829ns          371426 1c00951e 02038393 addi             x7, x7, 32           x7=1c000020  x7:1c000000
21263869ns          371428 1c009522 0003a383 lw               x7, 0(x7)            x7=3f800000  x7:1c000020  PA:1c000020
21264187ns          371444 1c009526 18e3f8d3 fdiv.s           f17, f7, f14        f17=xxxxxxxx  f7:3f800000 f14:3f9186ff
21264625ns          371466 1c00952a 10d8f6d3 fmul.s           f13, f17, f13       f13=xxxxxxxx f17:3f612ad6 f13:3e08b59b
21264644ns          371467 1c00952e 1058f8d3 fmul.s           f17, f17, f5        f17=xxxxxxxx f17:3f612ad6  f5:3f80704c
21264664ns          371468 1c009532 a1f312d3 flt.s            x5, f6, f31          x5=00000000  f6:3f80704c f31:00000000
21264684ns          371469 1c009536 10d6f6d3 fmul.s           f13, f13, f13       f13=xxxxxxxx f13:3df07cfb f13:3df07cfb
21264704ns          371470 1c00953a 6918f6c3 fmadd.s          f13, f17, f17, f13  f13=xxxxxxxx f17:3f61f061 f17:3f61f061 f13:3c61ea94
21264724ns          371471 1c00953e 5806f353 fsqrt.s          f6, f13              f6=xxxxxxxx f13:3f4af017
21265460ns          371508 1c009542 10e37353 fmul.s           f6, f6, f14          f6=xxxxxxxx  f6:3f63ee15 f14:3f9186ff
21265480ns          371509 1c009546 00028463 beq              x5, x0, 8            x5:00000000
21265559ns          371513 1c00954e 1c000437 lui              x8, 0x1c000000       x8=1c000000
21265579ns          371514 1c009552 02040413 addi             x8, x8, 32           x8=1c000020  x8:1c000000
21265599ns          371515 1c009556 00042403 lw               x8, 0(x8)            x8=3f800000  x8:1c000020  PA:1c000020
21265917ns          371531 1c009558 18647753 fdiv.s           f14, f8, f6         f14=xxxxxxxx  f8:3f800000  f6:3f81920c
21266196ns          371545 1c00955c 10e876d3 fmul.s           f13, f16, f14       f13=xxxxxxxx f16:3f80704c f14:3f7ce5a7
21266216ns          371546 1c009560 10e7f7d3 fmul.s           f15, f15, f14       f15=xxxxxxxx f15:3e08b59b f14:3f7ce5a7
21266236ns          371547 1c009564 000e2703 lw               x14, 0(x28)         x14=bedbd265 x28:100016f8  PA:100016f8
21266256ns          371548 1c009568 00062803 lw               x16, 0(x12)         x16=bea8a238 x12:1000170c  PA:1000170c
21266276ns          371549 1c00956c 10e7f3d3 fmul.s           f7, f15, f14         f7=xxxxxxxx f15:3e070d68 f14:bedbd265
21266315ns          371551 1c009570 1107f2d3 fmul.s           f5, f15, f16         f5=xxxxxxxx f15:3e070d68 f16:bea8a238
21266355ns          371553 1c009574 10f578d3 fmul.s           f17, f10, f15       f17=xxxxxxxx f10:bf021ec0 f15:3e070d68
21266375ns          371554 1c009578 3906f847 fmsub.s          f16, f13, f16, f7   f16=xxxxxxxx f13:3f7dc386 f16:bea8a238  f7:bd67eeec
21266395ns          371555 1c00957c 28e6f743 fmadd.s          f14, f13, f14, f5   f14=xxxxxxxx f13:3f7dc386 f14:bedbd265  f5:bd31ecc1
21266455ns          371558 1c009580 88d5f8c3 fmadd.s          f17, f11, f13, f17  f17=xxxxxxxx f11:40898a7e f13:3f7dc386 f17:bd894a0f
21266494ns          371560 1c009584 01062023 sw               x16, 0(x12)         x16:be8a2b40 x12:1000170c  PA:1000170c
21266514ns          371561 1c009588 00ee2023 sw               x14, 0(x28)         x14:bef0246a x28:100016f8  PA:100016f8
21266534ns          371562 1c00958c 004e2703 lw               x14, 4(x28)         x14=3f36dd7f x28:100016f8  PA:100016fc
21266594ns          371565 1c009590 00462803 lw               x16, 4(x12)         x16=3e64bd3f x12:1000170c  PA:10001710
21266634ns          371567 1c009594 10e7f453 fmul.s           f8, f15, f14         f8=xxxxxxxx f15:3e070d68 f14:3f36dd7f
21266653ns          371568 1c009598 10f873d3 fmul.s           f7, f16, f15         f7=xxxxxxxx f16:3e64bd3f f15:3e070d68
21266673ns          371569 1c00959c 10f5f2d3 fmul.s           f5, f11, f15         f5=xxxxxxxx f11:40898a7e f15:3e070d68
21266693ns          371570 1c0095a0 40d87847 fmsub.s          f16, f16, f13, f8   f16=xxxxxxxx f16:3e64bd3f f13:3f7dc386  f8:3dc0f0c3
21266713ns          371571 1c0095a4 38e6f743 fmadd.s          f14, f13, f14, f7   f14=xxxxxxxx f13:3f7dc386 f14:3f36dd7f  f7:3cf1578e
21266733ns          371572 1c0095a8 0069a22b p.sw             x6, 4(x19!)         x19=100015e4  x6:3f81920c x19:100015e0  PA:100015e0
21266753ns          371573 1c0095ac 01062223 sw               x16, 4(x12)         x16:3e02455a x12:1000170c  PA:10001710
21266813ns          371576 1c0095b0 00ee2223 sw               x14, 4(x28)         x14:3f3ccf4d x28:100016f8  PA:100016fc
21266852ns          371578 1c0095b4 008e2703 lw               x14, 8(x28)         x14=be344fab x28:100016f8  PA:10001700
21266872ns          371579 1c0095b8 00862803 lw               x16, 8(x12)         x16=3f0c8e62 x12:1000170c  PA:10001714
21266892ns          371580 1c0095bc 10f773d3 fmul.s           f7, f14, f15         f7=xxxxxxxx f14:be344fab f15:3e070d68
21266912ns          371581 1c0095c0 10f875d3 fmul.s           f11, f16, f15       f11=xxxxxxxx f16:3f0c8e62 f15:3e070d68
21266932ns          371582 1c0095c4 28d57547 fmsub.s          f10, f10, f13, f5   f10=xxxxxxxx f10:bf021ec0 f13:3f7dc386  f5:3f111e79
21266952ns          371583 1c0095c8 38d873c7 fmsub.s          f7, f16, f13, f7     f7=xxxxxxxx f16:3f0c8e62 f13:3f7dc386  f7:bcbe3ee9
21266972ns          371584 1c0095cc 58d775c3 fmadd.s          f11, f14, f13, f11  f11=xxxxxxxx f14:be344fab f13:3f7dc386 f11:3d944ce4
21266992ns          371585 1c0095d0 a1f892d3 flt.s            x5, f17, f31         x5=00000000 f17:408631c3 f31:00000000
21267011ns          371586 1c0095d4 00762423 sw               x7, 8(x12)           x7:3f114608 x12:1000170c  PA:10001714
21267031ns          371587 1c0095d8 00ce2703 lw               x14, 12(x28)        x14=bed1796b x28:100016f8  PA:10001704
21267051ns          371588 1c0095dc 00be2423 sw               x11, 8(x28)         x11:bdd12c02 x28:100016f8  PA:10001700
21267111ns          371591 1c0095e0 00c62383 lw               x7, 12(x12)          x7=bdacfafd x12:1000170c  PA:10001718
21267151ns          371593 1c0095e4 10f77453 fmul.s           f8, f14, f15         f8=xxxxxxxx f14:bed1796b f15:3e070d68
21267171ns          371594 1c0095e8 10f3f5d3 fmul.s           f11, f7, f15        f11=xxxxxxxx  f7:bdacfafd f15:3e070d68
21267190ns          371595 1c0095ec 000aa803 lw               x16, 0(x21)         x16=40bb2cf1 x21:100015d4  PA:100015d4
21267250ns          371598 1c0095f0 40d3f3c7 fmsub.s          f7, f7, f13, f8      f7=xxxxxxxx  f7:bdacfafd f13:3f7dc386  f8:bd5d03ff
21267290ns          371600 1c0095f4 58d775c3 fmadd.s          f11, f14, f13, f11  f11=xxxxxxxx f14:bed1796b f13:3f7dc386 f11:bc3682d5
21267310ns          371601 1c0095f8 00a9a023 sw               x10, 0(x19)         x10:bf890d1f x19:100015e4  PA:100015e4
21267330ns          371602 1c0095fc 00762623 sw               x7, 12(x12)          x7:bcf3d8a9 x12:1000170c  PA:10001718
21267350ns          371603 1c009600 010e2703 lw               x14, 16(x28)        x14=3ea77ff2 x28:100016f8  PA:10001708
21267370ns          371604 1c009604 00be2623 sw               x11, 12(x28)        x11:bed55913 x28:100016f8  PA:10001704
21267389ns          371605 1c009608 01062583 lw               x11, 16(x12)        x11=bf3ae75c x12:1000170c  PA:1000171c
21267409ns          371606 1c00960a 10f773d3 fmul.s           f7, f14, f15         f7=xxxxxxxx f14:3ea77ff2 f15:3e070d68
21267469ns          371609 1c00960e 10f5f353 fmul.s           f6, f11, f15         f6=xxxxxxxx f11:bf3ae75c f15:3e070d68
21267509ns          371611 1c009612 1107f7d3 fmul.s           f15, f15, f16       f15=xxxxxxxx f15:3e070d68 f16:40bb2cf1
21267529ns          371612 1c009616 38d5f5c7 fmsub.s          f11, f11, f13, f7   f11=xxxxxxxx f11:bf3ae75c f13:3f7dc386  f7:3d30ba7c
21267549ns          371613 1c00961a 30d77743 fmadd.s          f14, f14, f13, f6   f14=xxxxxxxx f14:3ea77ff2 f13:3f7dc386  f6:bdc53396
21267608ns          371616 1c00961e 1106f6d3 fmul.s           f13, f13, f16       f13=xxxxxxxx f13:3f7dc386 f16:40bb2cf1
21267628ns          371617 1c009622 00b62823 sw               x11, 16(x12)        x11:bf44510e x12:1000170c  PA:1000171c
21267648ns          371618 1c009624 00ee2823 sw               x14, 16(x28)        x14:3e6978f6 x28:100016f8  PA:10001708
21267668ns          371619 1c009628 01100333 add              x6, x0, x17          x6=408631c3 x17:408631c3
21267688ns          371620 1c00962a 00028463 beq              x5, x0, 8            x5:00000000
21267767ns          371624 1c009632 a1f79753 flt.s            x14, f15, f31       x14=00000000 f15:3f457d01 f31:00000000
21267787ns          371625 1c009636 420719e3 bne              x14, x0, 3122       x14:00000000
21267807ns          371626 1c00963a 00f00733 add              x14, x0, x15        x14=3f457d01 x15:3f457d01
21267827ns          371627 1c00963c a0671853 flt.s            x16, f14, f6        x16=00000001 f14:3f457d01  f6:408631c3
21267847ns          371628 1c009640 011003b3 add              x7, x0, x17          x7=408631c3 x17:408631c3
21267867ns          371629 1c009642 00081363 bne              x16, x0, 6          x16:00000001
21267926ns          371632 1c009648 006772d3 fadd.s           f5, f14, f6          f5=xxxxxxxx f14:3f457d01  f6:408631c3
21267946ns          371633 1c00964c a1f2a5d3 feq.s            x11, f5, f31        x11=00000000  f5:409ee163 f31:00000000
21267966ns          371634 1c009650 3a0593e3 bne              x11, x0, 2982       x11:00000000
21267986ns          371635 1c009654 1c000437 lui              x8, 0x1c000000       x8=1c000000
21268006ns          371636 1c009658 02040413 addi             x8, x8, 32           x8=1c000020  x8:1c000000
21268026ns          371637 1c00965c 00042403 lw               x8, 0(x8)            x8=3f800000  x8:1c000020  PA:1c000020
21268364ns          371654 1c00965e 185475d3 fdiv.s           f11, f8, f5         f11=xxxxxxxx  f8:3f800000  f5:409ee163
21268702ns          371671 1c009662 10e5f753 fmul.s           f14, f11, f14       f14=xxxxxxxx f11:3e4e3e40 f14:3f457d01
21268722ns          371672 1c009666 a1f393d3 flt.s            x7, f7, f31          x7=00000000  f7:408631c3 f31:00000000
21268742ns          371673 1c00966a 1065f5d3 fmul.s           f11, f11, f6        f11=xxxxxxxx f11:3e4e3e40  f6:408631c3
21268762ns          371674 1c00966e 10e77753 fmul.s           f14, f14, f14       f14=xxxxxxxx f14:3e1f1a9c f14:3e1f1a9c
21268782ns          371675 1c009672 70b5f743 fmadd.s          f14, f11, f11, f14  f14=xxxxxxxx f11:3f583959 f11:3f583959 f14:3cc5c421
21268802ns          371676 1c009676 58077353 fsqrt.s          f6, f14              f6=xxxxxxxx f14:3f3ccef4
21269538ns          371713 1c00967a 10537353 fmul.s           f6, f6, f5           f6=xxxxxxxx  f6:3f5bda24  f5:409ee163
21269557ns          371714 1c00967e 00038463 beq              x7, x0, 8            x7:00000000
21269637ns          371718 1c009686 1c0004b7 lui              x9, 0x1c000000       x9=1c000000
21269657ns          371719 1c00968a 02048493 addi             x9, x9, 32           x9=1c000020  x9:1c000000
21269677ns          371720 1c00968e 0004a483 lw               x9, 0(x9)            x9=3f800000  x9:1c000020  PA:1c000020
21270095ns          371741 1c009690 1864f753 fdiv.s           f14, f9, f6         f14=xxxxxxxx  f9:3f800000  f6:40887232
21270373ns          371755 1c009694 111778d3 fmul.s           f17, f14, f17       f17=xxxxxxxx f14:3e70274a f17:408631c3
21270393ns          371756 1c009698 10f77753 fmul.s           f14, f14, f15       f14=xxxxxxxx f14:3e70274a f15:3f457d01
21270413ns          371757 1c00969c 10a8f853 fmul.s           f16, f17, f10       f16=xxxxxxxx f17:3f7bc67e f10:bf890d1f
21270433ns          371758 1c0096a0 20e71bd3 fsgnjn.s         f23, f14, f14       f23=xxxxxxxx f14:3e394380 f14:3e394380
21270453ns          371759 1c0096a4 000ea783 lw               x15, 0(x29)         x15=bec92e99 x29:1000175c  PA:1000175c
21270472ns          371760 1c0096a8 000f2383 lw               x7, 0(x30)           x7=bf20a3b4 x30:10001770  PA:10001770
21270492ns          371761 1c0096ac 10e7f453 fmul.s           f8, f15, f14         f8=xxxxxxxx f15:bec92e99 f14:3e394380
21270532ns          371763 1c0096b0 10e3f2d3 fmul.s           f5, f7, f14          f5=xxxxxxxx  f7:bf20a3b4 f14:3e394380
21270572ns          371765 1c0096b4 006b222b p.sw             x6, 4(x22!)         x22=100015d4  x6:40887232 x22:100015d0  PA:100015d0
21270592ns          371766 1c0096b8 4113f3c7 fmsub.s          f7, f7, f17, f8      f7=xxxxxxxx  f7:bf20a3b4 f17:3f7bc67e  f8:bd9197b8
21270612ns          371767 1c0096bc 2917f2c3 fmadd.s          f5, f15, f17, f5     f5=xxxxxxxx f15:bec92e99 f17:3f7bc67e  f5:bde88150
21270671ns          371770 1c0096c0 10d8f5d3 fmul.s           f11, f17, f13       f11=xxxxxxxx f17:3f7bc67e f13:40b98a5f
21270711ns          371772 1c0096c4 007f2023 sw               x7, 0(x30)           x7:bf0bca18 x30:10001770  PA:10001770
21270731ns          371773 1c0096c8 005ea023 sw               x5, 0(x29)           x5:befffd01 x29:1000175c  PA:1000175c
21270751ns          371774 1c0096cc 004ea283 lw               x5, 4(x29)           x5=3f2da270 x29:1000175c  PA:10001760
21270771ns          371775 1c0096d0 004f2383 lw               x7, 4(x30)           x7=3e2059ef x30:10001770  PA:10001774
21270791ns          371776 1c0096d4 10e2f4d3 fmul.s           f9, f5, f14          f9=xxxxxxxx  f5:3f2da270 f14:3e394380
21270811ns          371777 1c0096d8 10e3f453 fmul.s           f8, f7, f14          f8=xxxxxxxx  f7:3e2059ef f14:3e394380
21270830ns          371778 1c0096dc 80d77843 fmadd.s          f16, f14, f13, f16  f16=xxxxxxxx f14:3e394380 f13:40b98a5f f16:bf86ca21
21270890ns          371781 1c0096e0 4913f3c7 fmsub.s          f7, f7, f17, f9      f7=xxxxxxxx  f7:3e2059ef f17:3f7bc67e  f9:3dfb5057
21270930ns          371783 1c0096e4 4112f2c3 fmadd.s          f5, f5, f17, f8      f5=xxxxxxxx  f5:3f2da270 f17:3f7bc67e  f8:3ce8168b
21270950ns          371784 1c0096e8 000a2783 lw               x15, 0(x20)         x15=00000000 x20:100015e8  PA:100015e8
21270970ns          371785 1c0096ec 007f2223 sw               x7, 4(x30)           x7:3d003159 x30:10001770  PA:10001774
21270990ns          371786 1c0096f0 005ea223 sw               x5, 4(x29)           x5:3f320599 x29:1000175c  PA:10001760
21271010ns          371787 1c0096f4 008ea283 lw               x5, 8(x29)           x5=bebdbfaa x29:1000175c  PA:10001764
21271029ns          371788 1c0096f8 008f2383 lw               x7, 8(x30)           x7=3f189233 x30:10001770  PA:10001778
21271049ns          371789 1c0096fc 10e2f4d3 fmul.s           f9, f5, f14          f9=xxxxxxxx  f5:bebdbfaa f14:3e394380
21271109ns          371792 1c009700 10e3f453 fmul.s           f8, f7, f14          f8=xxxxxxxx  f7:3f189233 f14:3e394380
21271149ns          371794 1c009704 58abf5c3 fmadd.s          f11, f23, f10, f11  f11=xxxxxxxx f23:be394380 f10:bf890d1f f11:40b67a87
21271169ns          371795 1c009708 4913f3c7 fmsub.s          f7, f7, f17, f9      f7=xxxxxxxx  f7:3f189233 f17:3f7bc67e  f9:bd89518a
21271189ns          371796 1c00970c 4112f2c3 fmadd.s          f5, f5, f17, f8      f5=xxxxxxxx  f5:bebdbfaa f17:3f7bc67e  f8:3ddcd3c3
21271208ns          371797 1c009710 1117f553 fmul.s           f10, f15, f17       f10=xxxxxxxx f15:00000000 f17:3f7bc67e
21271228ns          371798 1c009714 007f2423 sw               x7, 8(x30)           x7:3f2737d5 x30:10001770  PA:10001778
21271248ns          371799 1c009718 00cea303 lw               x6, 12(x29)          x6=bebd3fd6 x29:1000175c  PA:10001768
21271268ns          371800 1c00971c 005ea423 sw               x5, 8(x29)           x5:be83691b x29:1000175c  PA:10001764
21271328ns          371803 1c009720 00cf2283 lw               x5, 12(x30)          x5=bd8cde21 x30:10001770  PA:1000177c
21271368ns          371805 1c009724 10e37453 fmul.s           f8, f6, f14          f8=xxxxxxxx  f6:bebd3fd6 f14:3e394380
21271387ns          371806 1c009728 10e2f3d3 fmul.s           f7, f5, f14          f7=xxxxxxxx  f5:bd8cde21 f14:3e394380
21271407ns          371807 1c00972c 014f0f13 addi             x30, x30, 20        x30=10001784 x30:10001770
21271427ns          371808 1c00972e 4112f2c7 fmsub.s          f5, f5, f17, f8      f5=xxxxxxxx  f5:bd8cde21 f17:3f7bc67e  f8:bd88f508
21271447ns          371809 1c009732 39137343 fmadd.s          f6, f6, f17, f7      f6=xxxxxxxx  f6:bebd3fd6 f17:3f7bc67e  f7:bc4be355
21271467ns          371810 1c009736 00baa22b p.sw             x11, 4(x21!)        x21=100015d8 x11:40bcad71 x21:100015d4  PA:100015d4
21271487ns          371811 1c00973a fe5f2c23 sw               x5, -8(x30)          x5:ba4afdbf x30:10001784  PA:1000177c
21271507ns          371812 1c00973e 010ea683 lw               x13, 16(x29)        x13=3eab09d3 x29:1000175c  PA:1000176c
21271527ns          371813 1c009742 006ea623 sw               x6, 12(x29)          x6:bec07f6e x29:1000175c  PA:10001768
21271547ns          371814 1c009746 ffcf2303 lw               x6, -4(x30)          x6=bef1215a x30:10001784  PA:10001780
21271566ns          371815 1c00974a 10e6f3d3 fmul.s           f7, f13, f14         f7=xxxxxxxx f13:3eab09d3 f14:3e394380
21271626ns          371818 1c00974e 10e372d3 fmul.s           f5, f6, f14          f5=xxxxxxxx  f6:bef1215a f14:3e394380
21271666ns          371820 1c009752 00aa222b p.sw             x10, 4(x20!)        x20=100015ec x10:00000000 x20:100015e8  PA:100015e8
21271686ns          371821 1c009756 39137347 fmsub.s          f6, f6, f17, f7      f6=xxxxxxxx  f6:bef1215a f17:3f7bc67e  f7:3d778e65
21271706ns          371822 1c00975a 2916f8c3 fmadd.s          f17, f13, f17, f5   f17=xxxxxxxx f13:3eab09d3 f17:3f7bc67e  f5:bdae80ae
21271726ns          371823 1c00975e 01460613 addi             x12, x12, 20        x12=10001720 x12:1000170c
21271745ns          371824 1c009760 fe6f2e23 sw               x6, -4(x30)          x6:bf060c3b x30:10001784  PA:10001780
21271765ns          371825 1c009764 011ea823 sw               x17, 16(x29)        x17:3e792e28 x29:1000175c  PA:1000176c
21271785ns          371826 1c009768 014e0e13 addi             x28, x28, 20        x28=1000170c x28:100016f8
21271805ns          371827 1c00976a 014e8e93 addi             x29, x29, 20        x29=10001770 x29:1000175c
21271825ns          371828 1c00976c 10e7f7d3 fmul.s           f15, f15, f14       f15=xxxxxxxx f15:00000000 f14:3e394380
21271845ns          371829 1c009770 01412e03 lw               x28, 20(x2)         x28=00000001  x2:10001598  PA:100015ac
21271865ns          371830 1c009772 00812983 lw               x19, 8(x2)          x19=0000000c  x2:10001598  PA:100015a0
21271885ns          371831 1c009774 0e010893 addi             x17, x2, 224        x17=10001678  x2:10001598
21271905ns          371832 1c009778 013887b3 add              x15, x17, x19       x15=10001684 x17:10001678 x19:0000000c
21271924ns          371833 1c00977c 001e0e13 addi             x28, x28, 1         x28=00000002 x28:00000001
21271964ns          371835 1c00977e f707a023 sw               x16, -160(x15)      x16:bb84365d x15:10001684  PA:100015e4
21271984ns          371836 1c009782 01c12a23 sw               x28, 20(x2)         x28:00000002  x2:10001598  PA:100015ac
21272004ns          371837 1c009784 fff00793 addi             x15, x0, -1         x15=ffffffff
21272024ns          371838 1c009786 00fdc663 blt              x27, x15, 12        x27:00000003 x15:ffffffff
21272044ns          371839 1c00978a 04b00793 addi             x15, x0, 75         x15=0000004b
21272103ns          371842 1c00978e a8fe1c63 bne              x28, x15, -3432     x28:00000002 x15:0000004b
21272203ns          371847 1c008a26 00812503 lw               x10, 8(x2)          x10=0000000c  x2:10001598  PA:100015a0
21272243ns          371849 1c008a28 04010613 addi             x12, x2, 64         x12=100015d8  x2:10001598
21272263ns          371850 1c008a2a 01b509b3 add              x19, x10, x27       x19=0000000f x10:0000000c x27:00000003
21272283ns          371851 1c008a2e 02c10593 addi             x11, x2, 44         x11=100015c4  x2:10001598
21272322ns          371853 1c008a30 00a60633 add              x12, x12, x10       x12=100015e4 x12:100015d8 x10:0000000c
21272362ns          371855 1c008a32 002d8693 addi             x13, x27, 2         x13=00000005 x27:00000003
21272382ns          371856 1c008a36 1c000437 lui              x8, 0x1c000000       x8=1c000000
21272402ns          371857 1c008a3a 1c0004b7 lui              x9, 0x1c000000       x9=1c000000
21272422ns          371858 1c008a3e 00299993 slli             x19, x19, 0x2       x19=0000003c x19:0000000f
21272462ns          371860 1c008a40 00a58b33 add              x22, x11, x10       x22=100015d0 x11:100015c4 x10:0000000c
21272501ns          371862 1c008a44 00c12623 sw               x12, 12(x2)         x12:100015e4  x2:10001598  PA:100015a4
21272521ns          371863 1c008a46 00d12c23 sw               x13, 24(x2)         x13:00000005  x2:10001598  PA:100015b0
21272541ns          371864 1c008a48 02842a83 lw               x21, 40(x8)         x21=0c000000  x8:1c000000  PA:1c000028
21272839ns          371879 1c008a4c 02c4ab83 lw               x23, 44(x9)         x23=34000000  x9:1c000000  PA:1c00002c
21273138ns          371894 1c008a50 01a989b3 add              x19, x19, x26       x19=100016f8 x19:0000003c x26:100016bc
21273158ns          371895 1c008a52 00000f13 addi             x30, x0, 0          x30=00000000
21273178ns          371896 1c008a56 018007b3 add              x15, x0, x24        x15=00000004 x24:00000004
21273197ns          371897 1c008a58 004b2283 lw               x5, 4(x22)           x5=40bcad71 x22:100015d0  PA:100015d4
21273217ns          371898 1c008a5c 71fdace3 p.beqimm         x27, 3864           x27:00000003
21273257ns          371900 1c008a60 01412e03 lw               x28, 20(x2)         x28=00000002  x2:10001598  PA:100015ac
21273277ns          371901 1c008a62 01400e93 addi             x29, x0, 20         x29=00000014
21273297ns          371902 1c008a64 77cec8e3 blt              x29, x28, 3952      x29:00000014 x28:00000002
21273317ns          371903 1c008a68 00c12f83 lw               x31, 12(x2)         x31=100015e4  x2:10001598  PA:100015a4
21273357ns          371905 1c008a6a 000fa683 lw               x13, 0(x31)         x13=bb84365d x31:100015e4  PA:100015e4
21273396ns          371907 1c008a6e a1e69753 flt.s            x14, f13, f30       x14=00000001 f13:bb84365d f30:00000000
21273416ns          371908 1c008a72 00070363 beq              x14, x0, 6          x14:00000001
21273436ns          371909 1c008a74 20d696d3 fsgnjn.s         f13, f13, f13       f13=xxxxxxxx f13:bb84365d f13:bb84365d
21273456ns          371910 1c008a78 000b2603 lw               x12, 0(x22)         x12=40887232 x22:100015d0  PA:100015d0
21273496ns          371912 1c008a7c a1e61753 flt.s            x14, f12, f30       x14=00000000 f12:40887232 f30:00000000
21273536ns          371914 1c008a80 00c005b3 add              x11, x0, x12        x11=40887232 x12:40887232
21273556ns          371915 1c008a82 00070363 beq              x14, x0, 6          x14:00000000
21273615ns          371918 1c008a88 a1e29753 flt.s            x14, f5, f30        x14=00000000  f5:40bcad71 f30:00000000
21273635ns          371919 1c008a8c 00070363 beq              x14, x0, 6          x14:00000000
21273735ns          371924 1c008a92 00500733 add              x14, x0, x5         x14=40bcad71  x5:40bcad71
21273754ns          371925 1c008a94 00b77753 fadd.s           f14, f14, f11       f14=xxxxxxxx f14:40bcad71 f11:40887232
21273774ns          371926 1c008a98 11777753 fmul.s           f14, f14, f23       f14=xxxxxxxx f14:41228fd2 f23:34000000
21273794ns          371927 1c008a9c a0e68753 fle.s            x14, f13, f14       x14=00000000 f13:3b84365d f14:35a28fd2
21273854ns          371930 1c008aa0 00070363 beq              x14, x0, 6          x14:00000000
21273933ns          371934 1c008aa6 1c000337 lui              x6, 0x1c000000       x6=1c000000
21273953ns          371935 1c008aaa 02830313 addi             x6, x6, 40           x6=1c000028  x6:1c000000
21274013ns          371938 1c008aae 00032303 lw               x6, 0(x6)            x6=0c000000  x6:1c000028  PA:1c000028
21274351ns          371955 1c008ab2 a06686d3 fle.s            x13, f13, f6        x13=00000000 f13:3b84365d  f6:0c000000
21274371ns          371956 1c008ab6 00068363 beq              x13, x0, 6          x13:00000000
21274490ns          371962 1c008abc fffd8693 addi             x13, x27, -1        x13=00000002 x27:00000003
21274510ns          371963 1c008ac0 000d9463 bne              x27, x0, 8          x27:00000003
21274570ns          371966 1c008ac8 00269713 slli             x14, x13, 0x2       x14=00000008 x13:00000002
21274590ns          371967 1c008acc 0e010393 addi             x7, x2, 224          x7=10001678  x2:10001598
21274650ns          371970 1c008ad0 00e385b3 add              x11, x7, x14        x11=10001680  x7:10001678 x14:00000008
21274689ns          371972 1c008ad4 f605a503 lw               x10, -160(x11)      x10=3f81920c x11:10001680  PA:100015e0
21274729ns          371974 1c008ad8 a1e515d3 flt.s            x11, f10, f30       x11=00000000 f10:3f81920c f30:00000000
21274749ns          371975 1c008adc 00058363 beq              x11, x0, 6          x11:00000000
21274829ns          371979 1c008ae2 0e010413 addi             x8, x2, 224          x8=10001678  x2:10001598
21274848ns          371980 1c008ae4 00e405b3 add              x11, x8, x14        x11=10001680  x8:10001678 x14:00000008
21274868ns          371981 1c008ae8 f4c5a583 lw               x11, -180(x11)      x11=4113c7f7 x11:10001680  PA:100015cc
21274908ns          371983 1c008aec a1e59853 flt.s            x16, f11, f30       x16=00000000 f11:4113c7f7 f30:00000000
21274948ns          371985 1c008af0 00080463 beq              x16, x0, 8          x16:00000000
21275008ns          371988 1c008af8 00b00833 add              x16, x0, x11        x16=4113c7f7 x11:4113c7f7
21275027ns          371989 1c008afa a1e618d3 flt.s            x17, f12, f30       x17=00000000 f12:40887232 f30:00000000
21275087ns          371992 1c008afe 00088463 beq              x17, x0, 8          x17:00000000
21275167ns          371996 1c008b06 1c0004b7 lui              x9, 0x1c000000       x9=1c000000
21275187ns          371997 1c008b0a 01067653 fadd.s           f12, f12, f16       f12=xxxxxxxx f12:40887232 f16:4113c7f7
21275266ns          372001 1c008b0e 02c48493 addi             x9, x9, 44           x9=1c00002c  x9:1c000000
21275286ns          372002 1c008b12 0004a483 lw               x9, 0(x9)            x9=34000000  x9:1c00002c  PA:1c00002c
21275644ns          372020 1c008b14 10967653 fmul.s           f12, f12, f9        f12=xxxxxxxx f12:41580110  f9:34000000
21275664ns          372021 1c008b18 a0c50653 fle.s            x12, f10, f12       x12=00000000 f10:3f81920c f12:35d80110
21275684ns          372022 1c008b1c 00060363 beq              x12, x0, 6          x12:00000000
21275763ns          372026 1c008b22 1c000637 lui              x12, 0x1c000000     x12=1c000000
21275783ns          372027 1c008b26 02860613 addi             x12, x12, 40        x12=1c000028 x12:1c000000
21275803ns          372028 1c008b2a 00062603 lw               x12, 0(x12)         x12=0c000000 x12:1c000028  PA:1c000028
21276161ns          372046 1c008b2c a0c50553 fle.s            x10, f10, f12       x10=00000000 f10:3f81920c f12:0c000000
21276181ns          372047 1c008b30 00050363 beq              x10, x0, 6          x10:00000000
21276261ns          372051 1c008b36 ffed8813 addi             x16, x27, -2        x16=00000001 x27:00000003
21276281ns          372052 1c008b3a 01f83463 p.bneimm         x16, 8              x16:00000001
21276400ns          372058 1c008b42 00281713 slli             x14, x16, 0x2       x14=00000004 x16:00000001
21276420ns          372059 1c008b46 0e010893 addi             x17, x2, 224        x17=10001678  x2:10001598
21276440ns          372060 1c008b4a 00e88633 add              x12, x17, x14       x12=1000167c x17:10001678 x14:00000004
21276499ns          372063 1c008b4e f6062503 lw               x10, -160(x12)      x10=3fa1de09 x12:1000167c  PA:100015dc
21276539ns          372065 1c008b52 a1e51653 flt.s            x12, f10, f30       x12=00000000 f10:3fa1de09 f30:00000000
21276559ns          372066 1c008b56 00060363 beq              x12, x0, 6          x12:00000000
21276678ns          372072 1c008b5c 0e010e13 addi             x28, x2, 224        x28=10001678  x2:10001598
21276698ns          372073 1c008b60 01c70733 add              x14, x14, x28       x14=1000167c x14:00000004 x28:10001678
21276718ns          372074 1c008b62 f4c72883 lw               x17, -180(x14)      x17=4152e8e4 x14:1000167c  PA:100015c8
21276758ns          372076 1c008b66 a1e89753 flt.s            x14, f17, f30       x14=00000000 f17:4152e8e4 f30:00000000
21276778ns          372077 1c008b6a 00070363 beq              x14, x0, 6          x14:00000000
21276857ns          372081 1c008b70 01100733 add              x14, x0, x17        x14=4152e8e4 x17:4152e8e4
21276877ns          372082 1c008b72 a1e59653 flt.s            x12, f11, f30       x12=00000000 f11:4113c7f7 f30:00000000
21276897ns          372083 1c008b76 00060363 beq              x12, x0, 6          x12:00000000
21277017ns          372089 1c008b7c 1c000eb7 lui              x29, 0x1c000000     x29=1c000000
21277036ns          372090 1c008b80 00e5f753 fadd.s           f14, f11, f14       f14=xxxxxxxx f11:4113c7f7 f14:4152e8e4
21277056ns          372091 1c008b84 02ce8e93 addi             x29, x29, 44        x29=1c00002c x29:1c000000
21277076ns          372092 1c008b88 000eae83 lw               x29, 0(x29)         x29=34000000 x29:1c00002c  PA:1c00002c
21277434ns          372110 1c008b8c 11d77753 fmul.s           f14, f14, f29       f14=xxxxxxxx f14:41b3586e f29:34000000
21277454ns          372111 1c008b90 a0e50753 fle.s            x14, f10, f14       x14=00000000 f10:3fa1de09 f14:3633586e
21277474ns          372112 1c008b94 440718e3 bne              x14, x0, 3152       x14:00000000
21277494ns          372113 1c008b98 1c000fb7 lui              x31, 0x1c000000     x31=1c000000
21277514ns          372114 1c008b9c 028f8f93 addi             x31, x31, 40        x31=1c000028 x31:1c000000
21277554ns          372116 1c008ba0 000faf83 lw               x31, 0(x31)         x31=0c000000 x31:1c000028  PA:1c000028
21277892ns          372133 1c008ba4 a1f50553 fle.s            x10, f10, f31       x10=00000000 f10:3fa1de09 f31:0c000000
21277912ns          372134 1c008ba8 42051ee3 bne              x10, x0, 3132       x10:00000000
21277931ns          372135 1c008bac ffdd8693 addi             x13, x27, -3        x13=00000000 x27:00000003
21277951ns          372136 1c008bb0 01f6b463 p.bneimm         x13, 8              x13:00000000
21278011ns          372139 1c008bb8 00269713 slli             x14, x13, 0x2       x14=00000000 x13:00000000
21278031ns          372140 1c008bbc 0e010313 addi             x6, x2, 224          x6=10001678  x2:10001598
21278091ns          372143 1c008bc0 00e30633 add              x12, x6, x14        x12=10001678  x6:10001678 x14:00000000
21278130ns          372145 1c008bc4 f6062583 lw               x11, -160(x12)      x11=3ef32e68 x12:10001678  PA:100015d8
21278170ns          372147 1c008bc8 a1e59653 flt.s            x12, f11, f30       x12=00000000 f11:3ef32e68 f30:00000000
21278190ns          372148 1c008bcc 00060363 beq              x12, x0, 6          x12:00000000
21278290ns          372153 1c008bd2 0e010393 addi             x7, x2, 224          x7=10001678  x2:10001598
21278309ns          372154 1c008bd6 00e38633 add              x12, x7, x14        x12=10001678  x7:10001678 x14:00000000
21278329ns          372155 1c008bda f4c62603 lw               x12, -180(x12)      x12=4206e2ac x12:10001678  PA:100015c4
21278389ns          372158 1c008bde a1e61553 flt.s            x10, f12, f30       x10=00000000 f12:4206e2ac f30:00000000
21278409ns          372159 1c008be2 00050363 beq              x10, x0, 6          x10:00000000
21278469ns          372162 1c008be8 a1e89553 flt.s            x10, f17, f30       x10=00000000 f17:4152e8e4 f30:00000000
21278488ns          372163 1c008bec 00050363 beq              x10, x0, 6          x10:00000000
21278608ns          372169 1c008bf2 1c000437 lui              x8, 0x1c000000       x8=1c000000
21278628ns          372170 1c008bf6 01167653 fadd.s           f12, f12, f17       f12=xxxxxxxx f12:4206e2ac f17:4152e8e4
21278648ns          372171 1c008bfa 02c40413 addi             x8, x8, 44           x8=1c00002c  x8:1c000000
21278667ns          372172 1c008bfe 00042403 lw               x8, 0(x8)            x8=34000000  x8:1c00002c  PA:1c00002c
21279006ns          372189 1c008c00 10867653 fmul.s           f12, f12, f8        f12=xxxxxxxx f12:423b9ce5  f8:34000000
21279025ns          372190 1c008c04 a0c58653 fle.s            x12, f11, f12       x12=00000000 f11:3ef32e68 f12:36bb9ce5
21279045ns          372191 1c008c08 3e0613e3 bne              x12, x0, 3046       x12:00000000
21279065ns          372192 1c008c0c 1c0004b7 lui              x9, 0x1c000000       x9=1c000000
21279105ns          372194 1c008c10 02848493 addi             x9, x9, 40           x9=1c000028  x9:1c000000
21279145ns          372196 1c008c14 0004a483 lw               x9, 0(x9)            x9=0c000000  x9:1c000028  PA:1c000028
21279463ns          372212 1c008c16 a09585d3 fle.s            x11, f11, f9        x11=00000000 f11:3ef32e68  f9:0c000000
21279483ns          372213 1c008c1a 3c059ae3 bne              x11, x0, 3028       x11:00000000
21279503ns          372214 1c008c1e 00000813 addi             x16, x0, 0          x16=00000000
21279622ns          372220 1c008c20 fff00693 addi             x13, x0, -1         x13=ffffffff
21279662ns          372222 1c008c22 3d880de3 beq              x16, x24, 3034      x16:00000000 x24:00000004
21279682ns          372223 1c008c26 002d8393 addi             x7, x27, 2           x7=00000005 x27:00000003
21279702ns          372224 1c008c2a 7c76d5e3 bge              x13, x7, 4042       x13:ffffffff  x7:00000005
21279761ns          372227 1c008c2e 00268f93 addi             x31, x13, 2         x31=00000001 x13:ffffffff
21279801ns          372229 1c008c32 3e780a63 beq              x16, x7, 1012       x16:00000000  x7:00000005
21279821ns          372230 1c008c36 002c1e93 slli             x29, x24, 0x2       x29=00000010 x24:00000004
21279841ns          372231 1c008c3a 04010493 addi             x9, x2, 64           x9=100015d8  x2:10001598
21279861ns          372232 1c008c3c ffce8593 addi             x11, x29, -4        x11=0000000c x29:00000010
21279901ns          372234 1c008c40 1c000637 lui              x12, 0x1c000000     x12=1c000000
21279940ns          372236 1c008c44 02c10413 addi             x8, x2, 44           x8=100015c4  x2:10001598
21279960ns          372237 1c008c46 1c000537 lui              x10, 0x1c000000     x10=1c000000
21279980ns          372238 1c008c4a 009585b3 add              x11, x11, x9        x11=100015e4 x11:0000000c  x9:100015d8
21280000ns          372239 1c008c4c 02862483 lw               x9, 40(x12)          x9=0c000000 x12:1c000000  PA:1c000028
21280318ns          372255 1c008c50 01d40333 add              x6, x8, x29          x6=100015d4  x8:100015c4 x29:00000010
21280338ns          372256 1c008c54 00700733 add              x14, x0, x7         x14=00000005  x7:00000005
21280358ns          372257 1c008c56 02c52403 lw               x8, 44(x10)          x8=34000000 x10:1c000000  PA:1c00002c
21280657ns          372272 1c008c5a 00168693 addi             x13, x13, 1         x13=00000000 x13:ffffffff
21280676ns          372273 1c008c5c 00000e13 addi             x28, x0, 0          x28=00000000
21280696ns          372274 1c008c60 41038533 sub              x10, x7, x16        x10=00000005  x7:00000005 x16:00000000
21280716ns          372275 1c008c64 1e0540fb lp.setup         0x1, x10, 0x1e0     x10:00000005
21280736ns          372276 1c008c68 fff70893 addi             x17, x14, -1        x17=00000004 x14:00000005
21280756ns          372277 1c008c6c 00000793 addi             x15, x0, 0          x15=00000000
21280796ns          372279 1c008c70 00ec4763 blt              x24, x14, 14        x24:00000004 x14:00000005
21280915ns          372285 1c008c7e 00efd963 bge              x31, x14, 18        x31:00000001 x14:00000005
21280935ns          372286 1c008c82 0005a603 lw               x12, 0(x11)         x12=bb84365d x11:100015e4  PA:100015e4
21280975ns          372288 1c008c84 a1c61f53 flt.s            x30, f12, f28       x30=00000001 f12:bb84365d f28:00000000
21280995ns          372289 1c008c88 380f1163 bne              x30, x0, 898        x30:00000001
21281174ns          372298 1c00900a 20c61653 fsgnjn.s         f12, f12, f12       f12=xxxxxxxx f12:bb84365d f12:bb84365d
21281194ns          372299 1c00900e c7fff06f jal              x0, -898           
21281313ns          372305 1c008c8c 00c7f7d3 fadd.s           f15, f15, f12       f15=xxxxxxxx f15:00000000 f12:3b84365d
21281392ns          372309 1c008c90 ffc3260b p.lw             x12, -4(x6!)        x12=40bcad71  x6=100015d0  x6:100015d4  PA:100015d4
21281432ns          372311 1c008c94 a1c61f53 flt.s            x30, f12, f28       x30=00000000 f12:40bcad71 f28:00000000
21281452ns          372312 1c008c98 000f0463 beq              x30, x0, 8          x30:00000000
21281571ns          372318 1c008ca0 1087f7d3 fmul.s           f15, f15, f8        f15=xxxxxxxx f15:3b84365d  f8:34000000
21281591ns          372319 1c008ca4 a0f607d3 fle.s            x15, f12, f15       x15=00000000 f12:40bcad71 f15:3004365d
21281611ns          372320 1c008ca8 00079563 bne              x15, x0, 10         x15:00000000
21281631ns          372321 1c008caa a0960653 fle.s            x12, f12, f9        x12=00000000 f12:40bcad71  f9:0c000000
21281691ns          372324 1c008cae 36060663 beq              x12, x0, 876        x12:00000000
21281770ns          372328 1c00901a 00d71463 bne              x14, x13, 8         x14:00000005 x13:00000000
21281870ns          372333 1c009022 01100733 add              x14, x0, x17        x14=00000004 x17:00000004
21281890ns          372334 1c009024 ffc58593 addi             x11, x11, -4        x11=100015e0 x11:100015e4
21281910ns          372335 1c008c68 fff70893 addi             x17, x14, -1        x17=00000003 x14:00000004
21281930ns          372336 1c008c6c 00000793 addi             x15, x0, 0          x15=00000000
21281949ns          372337 1c008c70 00ec4763 blt              x24, x14, 14        x24:00000004 x14:00000004
21281969ns          372338 1c008c74 0045a783 lw               x15, 4(x11)         x15=bb84365d x11:100015e0  PA:100015e4
21282009ns          372340 1c008c76 a1c79653 flt.s            x12, f15, f28       x12=00000001 f15:bb84365d f28:00000000
21282029ns          372341 1c008c7a 38061b63 bne              x12, x0, 918        x12:00000001
21282089ns          372344 1c009010 20f797d3 fsgnjn.s         f15, f15, f15       f15=xxxxxxxx f15:bb84365d f15:bb84365d
21282109ns          372345 1c009014 c6bff06f jal              x0, -918           
21282168ns          372348 1c008c7e 00efd963 bge              x31, x14, 18        x31:00000001 x14:00000004
21282188ns          372349 1c008c82 0005a603 lw               x12, 0(x11)         x12=3f81920c x11:100015e0  PA:100015e0
21282228ns          372351 1c008c84 a1c61f53 flt.s            x30, f12, f28       x30=00000000 f12:3f81920c f28:00000000
21282248ns          372352 1c008c88 380f1163 bne              x30, x0, 898        x30:00000000
21282268ns          372353 1c008c8c 00c7f7d3 fadd.s           f15, f15, f12       f15=xxxxxxxx f15:3b84365d f12:3f81920c
21282288ns          372354 1c008c90 ffc3260b p.lw             x12, -4(x6!)        x12=40887232  x6=100015cc  x6:100015d0  PA:100015d0
21282327ns          372356 1c008c94 a1c61f53 flt.s            x30, f12, f28       x30=00000000 f12:40887232 f28:00000000
21282347ns          372357 1c008c98 000f0463 beq              x30, x0, 8          x30:00000000
21282407ns          372360 1c008ca0 1087f7d3 fmul.s           f15, f15, f8        f15=xxxxxxxx f15:3f821642  f8:34000000
21282427ns          372361 1c008ca4 a0f607d3 fle.s            x15, f12, f15       x15=00000000 f12:40887232 f15:34021642
21282447ns          372362 1c008ca8 00079563 bne              x15, x0, 10         x15:00000000
21282467ns          372363 1c008caa a0960653 fle.s            x12, f12, f9        x12=00000000 f12:40887232  f9:0c000000
21282486ns          372364 1c008cae 36060663 beq              x12, x0, 876        x12:00000000
21282566ns          372368 1c00901a 00d71463 bne              x14, x13, 8         x14:00000004 x13:00000000
21282626ns          372371 1c009022 01100733 add              x14, x0, x17        x14=00000003 x17:00000003
21282646ns          372372 1c009024 ffc58593 addi             x11, x11, -4        x11=100015dc x11:100015e0
21282665ns          372373 1c008c68 fff70893 addi             x17, x14, -1        x17=00000002 x14:00000003
21282685ns          372374 1c008c6c 00000793 addi             x15, x0, 0          x15=00000000
21282705ns          372375 1c008c70 00ec4763 blt              x24, x14, 14        x24:00000004 x14:00000003
21282725ns          372376 1c008c74 0045a783 lw               x15, 4(x11)         x15=3f81920c x11:100015dc  PA:100015e0
21282765ns          372378 1c008c76 a1c79653 flt.s            x12, f15, f28       x12=00000000 f15:3f81920c f28:00000000
21282785ns          372379 1c008c7a 38061b63 bne              x12, x0, 918        x12:00000000
21282805ns          372380 1c008c7e 00efd963 bge              x31, x14, 18        x31:00000001 x14:00000003
21282825ns          372381 1c008c82 0005a603 lw               x12, 0(x11)         x12=3fa1de09 x11:100015dc  PA:100015dc
21282864ns          372383 1c008c84 a1c61f53 flt.s            x30, f12, f28       x30=00000000 f12:3fa1de09 f28:00000000
21282884ns          372384 1c008c88 380f1163 bne              x30, x0, 898        x30:00000000
21282904ns          372385 1c008c8c 00c7f7d3 fadd.s           f15, f15, f12       f15=xxxxxxxx f15:3f81920c f12:3fa1de09
21282924ns          372386 1c008c90 ffc3260b p.lw             x12, -4(x6!)        x12=4113c7f7  x6=100015c8  x6:100015cc  PA:100015cc
21282964ns          372388 1c008c94 a1c61f53 flt.s            x30, f12, f28       x30=00000000 f12:4113c7f7 f28:00000000
21282984ns          372389 1c008c98 000f0463 beq              x30, x0, 8          x30:00000000
21283043ns          372392 1c008ca0 1087f7d3 fmul.s           f15, f15, f8        f15=xxxxxxxx f15:4011b80a  f8:34000000
21283063ns          372393 1c008ca4 a0f607d3 fle.s            x15, f12, f15       x15=00000000 f12:4113c7f7 f15:3491b80a
21283083ns          372394 1c008ca8 00079563 bne              x15, x0, 10         x15:00000000
21283103ns          372395 1c008caa a0960653 fle.s            x12, f12, f9        x12=00000000 f12:4113c7f7  f9:0c000000
21283123ns          372396 1c008cae 36060663 beq              x12, x0, 876        x12:00000000
21283203ns          372400 1c00901a 00d71463 bne              x14, x13, 8         x14:00000003 x13:00000000
21283262ns          372403 1c009022 01100733 add              x14, x0, x17        x14=00000002 x17:00000002
21283282ns          372404 1c009024 ffc58593 addi             x11, x11, -4        x11=100015d8 x11:100015dc
21283302ns          372405 1c008c68 fff70893 addi             x17, x14, -1        x17=00000001 x14:00000002
21283322ns          372406 1c008c6c 00000793 addi             x15, x0, 0          x15=00000000
21283342ns          372407 1c008c70 00ec4763 blt              x24, x14, 14        x24:00000004 x14:00000002
21283362ns          372408 1c008c74 0045a783 lw               x15, 4(x11)         x15=3fa1de09 x11:100015d8  PA:100015dc
21283401ns          372410 1c008c76 a1c79653 flt.s            x12, f15, f28       x12=00000000 f15:3fa1de09 f28:00000000
21283421ns          372411 1c008c7a 38061b63 bne              x12, x0, 918        x12:00000000
21283441ns          372412 1c008c7e 00efd963 bge              x31, x14, 18        x31:00000001 x14:00000002
21283461ns          372413 1c008c82 0005a603 lw               x12, 0(x11)         x12=3ef32e68 x11:100015d8  PA:100015d8
21283501ns          372415 1c008c84 a1c61f53 flt.s            x30, f12, f28       x30=00000000 f12:3ef32e68 f28:00000000
21283521ns          372416 1c008c88 380f1163 bne              x30, x0, 898        x30:00000000
21283541ns          372417 1c008c8c 00c7f7d3 fadd.s           f15, f15, f12       f15=xxxxxxxx f15:3fa1de09 f12:3ef32e68
21283561ns          372418 1c008c90 ffc3260b p.lw             x12, -4(x6!)        x12=4152e8e4  x6=100015c4  x6:100015c8  PA:100015c8
21283600ns          372420 1c008c94 a1c61f53 flt.s            x30, f12, f28       x30=00000000 f12:4152e8e4 f28:00000000
21283620ns          372421 1c008c98 000f0463 beq              x30, x0, 8          x30:00000000
21283680ns          372424 1c008ca0 1087f7d3 fmul.s           f15, f15, f8        f15=xxxxxxxx f15:3fdea9a3  f8:34000000
21283700ns          372425 1c008ca4 a0f607d3 fle.s            x15, f12, f15       x15=00000000 f12:4152e8e4 f15:345ea9a3
21283720ns          372426 1c008ca8 00079563 bne              x15, x0, 10         x15:00000000
21283740ns          372427 1c008caa a0960653 fle.s            x12, f12, f9        x12=00000000 f12:4152e8e4  f9:0c000000
21283759ns          372428 1c008cae 36060663 beq              x12, x0, 876        x12:00000000
21283839ns          372432 1c00901a 00d71463 bne              x14, x13, 8         x14:00000002 x13:00000000
21283899ns          372435 1c009022 01100733 add              x14, x0, x17        x14=00000001 x17:00000001
21283919ns          372436 1c009024 ffc58593 addi             x11, x11, -4        x11=100015d4 x11:100015d8
21283938ns          372437 1c008c68 fff70893 addi             x17, x14, -1        x17=00000000 x14:00000001
21283958ns          372438 1c008c6c 00000793 addi             x15, x0, 0          x15=00000000
21283978ns          372439 1c008c70 00ec4763 blt              x24, x14, 14        x24:00000004 x14:00000001
21283998ns          372440 1c008c74 0045a783 lw               x15, 4(x11)         x15=3ef32e68 x11:100015d4  PA:100015d8
21284038ns          372442 1c008c76 a1c79653 flt.s            x12, f15, f28       x12=00000000 f15:3ef32e68 f28:00000000
21284058ns          372443 1c008c7a 38061b63 bne              x12, x0, 918        x12:00000000
21284078ns          372444 1c008c7e 00efd963 bge              x31, x14, 18        x31:00000001 x14:00000001
21284137ns          372447 1c008c90 ffc3260b p.lw             x12, -4(x6!)        x12=4206e2ac  x6=100015c0  x6:100015c4  PA:100015c4
21284177ns          372449 1c008c94 a1c61f53 flt.s            x30, f12, f28       x30=00000000 f12:4206e2ac f28:00000000
21284197ns          372450 1c008c98 000f0463 beq              x30, x0, 8          x30:00000000
21284257ns          372453 1c008ca0 1087f7d3 fmul.s           f15, f15, f8        f15=xxxxxxxx f15:3ef32e68  f8:34000000
21284277ns          372454 1c008ca4 a0f607d3 fle.s            x15, f12, f15       x15=00000000 f12:4206e2ac f15:33732e68
21284297ns          372455 1c008ca8 00079563 bne              x15, x0, 10         x15:00000000
21284316ns          372456 1c008caa a0960653 fle.s            x12, f12, f9        x12=00000000 f12:4206e2ac  f9:0c000000
21284336ns          372457 1c008cae 36060663 beq              x12, x0, 876        x12:00000000
21284416ns          372461 1c00901a 00d71463 bne              x14, x13, 8         x14:00000001 x13:00000000
21284476ns          372464 1c009022 01100733 add              x14, x0, x17        x14=00000000 x17:00000000
21284495ns          372465 1c009024 ffc58593 addi             x11, x11, -4        x11=100015d0 x11:100015d4
21284515ns          372466 1c009026 00000793 addi             x15, x0, 0          x15=00000000
21284535ns          372467 1c00902a a0f297d3 flt.s            x15, f5, f15        x15=00000000  f5:40bcad71 f15:00000000
21284555ns          372468 1c00902e 005006b3 add              x13, x0, x5         x13=40bcad71  x5:40bcad71
21284595ns          372470 1c009030 00078363 beq              x15, x0, 6          x15:00000000
21284674ns          372474 1c009036 002d9593 slli             x11, x27, 0x2       x11=0000000c x27:00000003
21284694ns          372475 1c00903a 0e010613 addi             x12, x2, 224        x12=10001678  x2:10001598
21284714ns          372476 1c00903c 00b607b3 add              x15, x12, x11       x15=10001684 x12:10001678 x11:0000000c
21284754ns          372478 1c009040 f4c7a603 lw               x12, -180(x15)      x12=40887232 x15:10001684  PA:100015d0
21284794ns          372480 1c009044 00000793 addi             x15, x0, 0          x15=00000000
21284814ns          372481 1c009048 a0f617d3 flt.s            x15, f12, f15       x15=00000000 f12:40887232 f15:00000000
21284834ns          372482 1c00904c 00b12423 sw               x11, 8(x2)          x11:0000000c  x2:10001598  PA:100015a0
21284853ns          372483 1c00904e 06d12423 sw               x13, 104(x2)        x13:40bcad71  x2:10001598  PA:10001600
21284893ns          372485 1c009050 00c00533 add              x10, x0, x12        x10=40887232 x12:40887232
21284913ns          372486 1c009052 00b008b3 add              x17, x0, x11        x17=0000000c x11:0000000c
21284933ns          372487 1c009054 00078363 beq              x15, x0, 6          x15:00000000
21284993ns          372490 1c00905a 0e010713 addi             x14, x2, 224        x14=10001678  x2:10001598
21285013ns          372491 1c00905c 011707b3 add              x15, x14, x17       x15=10001684 x14:10001678 x17:0000000c
21285072ns          372494 1c009060 f607a783 lw               x15, -160(x15)      x15=bb84365d x15:10001684  PA:100015e4
21285132ns          372497 1c009064 00000713 addi             x14, x0, 0          x14=00000000
21285152ns          372498 1c009068 a0e79753 flt.s            x14, f15, f14       x14=00000001 f15:bb84365d f14:00000000
21285172ns          372499 1c00906c 06a12623 sw               x10, 108(x2)        x10:40887232  x2:10001598  PA:10001604
21285192ns          372500 1c00906e 00070363 beq              x14, x0, 6          x14:00000001
21285212ns          372501 1c009070 2320106f jal              x0, 4658           
21285331ns          372507 1c00a2a2 20f79753 fsgnjn.s         f14, f15, f15       f14=xxxxxxxx f15:bb84365d f15:bb84365d
21285351ns          372508 1c00a2a6 dd1fe06f jal              x0, -4656          
21285391ns          372510 1c009076 00281813 slli             x16, x16, 0x2       x16=00000000 x16:00000000
21285410ns          372511 1c009078 0e010993 addi             x19, x2, 224        x19=10001678  x2:10001598
21285430ns          372512 1c00907c 010985b3 add              x11, x19, x16       x11=10001678 x19:10001678 x16:00000000
21285490ns          372515 1c009080 f4c5a883 lw               x17, -180(x11)      x17=4206e2ac x11:10001678  PA:100015c4
21285530ns          372517 1c009084 00000593 addi             x11, x0, 0          x11=00000000
21285550ns          372518 1c009088 a0b895d3 flt.s            x11, f17, f11       x11=00000000 f17:4206e2ac f11:00000000
21285570ns          372519 1c00908c 06e12823 sw               x14, 112(x2)        x14:3b84365d  x2:10001598  PA:10001608
21285589ns          372520 1c00908e 01100e33 add              x28, x0, x17        x28=4206e2ac x17:4206e2ac
21285629ns          372522 1c009090 00058363 beq              x11, x0, 6          x11:00000000
21285709ns          372526 1c009096 0e010e93 addi             x29, x2, 224        x29=10001678  x2:10001598
21285729ns          372527 1c00909a 01d80833 add              x16, x16, x29       x16=10001678 x16:00000000 x29:10001678
21285749ns          372528 1c00909c f6082303 lw               x6, -160(x16)        x6=3ef32e68 x16:10001678  PA:100015d8
21285788ns          372530 1c0090a0 00000593 addi             x11, x0, 0          x11=00000000
21285828ns          372532 1c0090a4 a0b315d3 flt.s            x11, f6, f11        x11=00000000  f6:3ef32e68 f11:00000000
21285848ns          372533 1c0090a8 07c12a23 sw               x28, 116(x2)        x28:4206e2ac  x2:10001598  PA:1000160c
21285868ns          372534 1c0090aa 00058363 beq              x11, x0, 6          x11:00000000
21285967ns          372539 1c0090b0 006005b3 add              x11, x0, x6         x11=3ef32e68  x6:3ef32e68
21285987ns          372540 1c0090b2 a0d6a853 feq.s            x16, f13, f13       x16=00000001 f13:40bcad71 f13:40bcad71
21286007ns          372541 1c0090b6 06b12c23 sw               x11, 120(x2)        x11:3ef32e68  x2:10001598  PA:10001610
21286027ns          372542 1c0090b8 00080463 beq              x16, x0, 8          x16:00000001
21286047ns          372543 1c0090bc 0080106f jal              x0, 4104           
21286166ns          372549 1c00a0c4 a0a69853 flt.s            x16, f13, f10       x16=00000000 f13:40bcad71 f10:40887232
21286206ns          372551 1c00a0c8 1e080563 beq              x16, x0, 490        x16:00000000
21286405ns          372561 1c00a2b2 a0e69553 flt.s            x10, f13, f14       x10=00000000 f13:40bcad71 f14:3b84365d
21286425ns          372562 1c00a2b6 00100813 addi             x16, x0, 1          x16=00000001
21286445ns          372563 1c00a2b8 00300e13 addi             x28, x0, 3          x28=00000003
21286465ns          372564 1c00a2ba 00050363 beq              x10, x0, 6          x10:00000000
21286564ns          372569 1c00a2c0 07412703 lw               x14, 116(x2)        x14=4206e2ac  x2:10001598  PA:1000160c
21286604ns          372571 1c00a2c2 a0e69553 flt.s            x10, f13, f14       x10=00000001 f13:40bcad71 f14:4206e2ac
21286624ns          372572 1c00a2c6 e0051ce3 bne              x10, x0, -488       x10:00000001
21286783ns          372580 1c00a0de a0b716d3 flt.s            x13, f14, f11       x13=00000000 f14:4206e2ac f11:3ef32e68
21286823ns          372582 1c00a0e2 84069063 bne              x13, x0, -4032      x13:00000000
21286843ns          372583 1c00a0e6 00e005b3 add              x11, x0, x14        x11=4206e2ac x14:4206e2ac
21286862ns          372584 1c00a0e8 83aff06f jal              x0, -4038          
21287041ns          372593 1c009122 1c0004b7 lui              x9, 0x1c000000       x9=1c000000
21287061ns          372594 1c009126 0204a703 lw               x14, 32(x9)         x14=3f800000  x9:1c000000  PA:1c000020
21287380ns          372610 1c00912a 18b77753 fdiv.s           f14, f14, f11       f14=xxxxxxxx f14:3f800000 f11:4206e2ac
21287658ns          372624 1c00912e 105772d3 fmul.s           f5, f14, f5          f5=xxxxxxxx f14:3cf2ee9d  f5:40bcad71
21287678ns          372625 1c009132 10e7f7d3 fmul.s           f15, f15, f14       f15=xxxxxxxx f15:bb84365d f14:3cf2ee9d
21287698ns          372626 1c009136 00000513 addi             x10, x0, 0          x10=00000000
21287718ns          372627 1c00913a 28e676c3 fmadd.s          f13, f12, f14, f5   f13=xxxxxxxx f12:40887232 f14:3cf2ee9d  f5:3e330bd2
21287777ns          372630 1c00913e 28e67e47 fmsub.s          f28, f12, f14, f5   f28=xxxxxxxx f12:40887232 f14:3cf2ee9d  f5:3e330bd2
21287817ns          372632 1c009142 10f7f853 fmul.s           f16, f15, f15       f16=xxxxxxxx f15:b8faed3f f15:b8faed3f
21287837ns          372633 1c009146 10f2f653 fmul.s           f12, f5, f15        f12=xxxxxxxx  f5:3e330bd2 f15:b8faed3f
21287857ns          372634 1c00914a 10e8f7d3 fmul.s           f15, f17, f14       f15=xxxxxxxx f17:4206e2ac f14:3cf2ee9d
21287917ns          372637 1c00914e 1c000737 lui              x14, 0x1c000000     x14=1c000000
21287956ns          372639 1c009152 81c6f6c3 fmadd.s          f13, f13, f28, f16  f13=xxxxxxxx f13:3e9a437a f28:bd4642c4 f16:3275f43b
21287976ns          372640 1c009156 03070713 addi             x14, x14, 48        x14=1c000030 x14:1c000000
21287996ns          372641 1c00915a 00072703 lw               x14, 0(x14)         x14=3f000000 x14:1c000030  PA:1c000030
21288295ns          372656 1c00915c 10c67653 fmul.s           f12, f12, f12       f12=xxxxxxxx f12:b7af7f79 f12:b7af7f79
21288314ns          372657 1c009160 10e6f6d3 fmul.s           f13, f13, f14       f13=xxxxxxxx f13:bc6ef0c8 f14:3f000000
21288334ns          372658 1c009164 a0a6a753 feq.s            x14, f13, f10       x14=00000000 f13:bbeef0c8 f10:00000000
21288354ns          372659 1c009168 00070663 beq              x14, x0, 12         x14:00000000
21288454ns          372664 1c009174 00000513 addi             x10, x0, 0          x10=00000000
21288474ns          372665 1c009178 a0a69553 flt.s            x10, f13, f10       x10=00000001 f13:bbeef0c8 f10:00000000
21288493ns          372666 1c00917c 60d6f743 fmadd.s          f14, f13, f13, f12  f14=xxxxxxxx f13:bbeef0c8 f13:bbeef0c8 f12:2ff09f0e
21288553ns          372669 1c009180 58077753 fsqrt.s          f14, f14            f14=xxxxxxxx f14:385f050f
21288852ns          372684 1c009184 00050363 beq              x10, x0, 6          x10:00000001
21288871ns          372685 1c009186 20e71753 fsgnjn.s         f14, f14, f14       f14=xxxxxxxx f14:3beef109 f14:3beef109
21288891ns          372686 1c00918a 00e6f6d3 fadd.s           f13, f13, f14       f13=xxxxxxxx f13:bbeef0c8 f14:bbeef109
21288911ns          372687 1c00918e 18d67753 fdiv.s           f14, f12, f13       f14=xxxxxxxx f12:2ff09f0e f13:bc6ef0e8
21289130ns          372698 1c009192 00f2f853 fadd.s           f16, f5, f15        f16=xxxxxxxx  f5:3e330bd2 f15:3f800000
21289408ns          372712 1c009196 0857f6d3 fsub.s           f13, f15, f5        f13=xxxxxxxx f15:3f800000  f5:3e330bd2
21289428ns          372713 1c00919a 18b375d3 fdiv.s           f11, f6, f11        f11=xxxxxxxx  f6:3ef32e68 f11:4206e2ac
21290502ns          372767 1c00919e 10b7f7d3 fmul.s           f15, f15, f11       f15=xxxxxxxx f15:3f800000 f11:3c66c488
21290522ns          372768 1c0091a2 70d87843 fmadd.s          f16, f16, f13, f14  f16=xxxxxxxx f16:3f96617a f13:3f533d0c f14:b300e66e
21290542ns          372769 1c0091a6 5dfc4563 blt              x24, x31, 1482      x24:00000004 x31:00000001
21290562ns          372770 1c0091aa 002f9693 slli             x13, x31, 0x2       x13=00000004 x31:00000001
21290622ns          372773 1c0091ae 01f68333 add              x6, x13, x31         x6=00000005 x13:00000004 x31:00000001
21290642ns          372774 1c0091b2 00231313 slli             x6, x6, 0x2          x6=00000014  x6:00000005
21290662ns          372775 1c0091b4 058fc733 p.min            x14, x31, x24       x14=00000001 x31:00000001 x24:00000004
21290681ns          372776 1c0091b8 02c10893 addi             x17, x2, 44         x17=100015c4  x2:10001598
21290701ns          372777 1c0091bc 0e010993 addi             x19, x2, 224        x19=10001678  x2:10001598
21290761ns          372780 1c0091c0 ffc68a13 addi             x20, x13, -4        x20=00000000 x13:00000004
21290801ns          372782 1c0091c4 fec30e13 addi             x28, x6, -20        x28=00000000  x6:00000014
21290821ns          372783 1c0091c8 00d88ab3 add              x21, x17, x13       x21=100015c8 x17:100015c4 x13:00000004
21290841ns          372784 1c0091cc 00d98633 add              x12, x19, x13       x12=1000167c x19:10001678 x13:00000004
21290900ns          372787 1c0091d0 41f70b33 sub              x22, x14, x31       x22=00000000 x14:00000001 x31:00000001
21290940ns          372789 1c0091d4 04010393 addi             x7, x2, 64           x7=100015d8  x2:10001598
21290960ns          372790 1c0091d8 001f8693 addi             x13, x31, 1         x13=00000002 x31:00000001
21290980ns          372791 1c0091dc 00170713 addi             x14, x14, 1         x14=00000002 x14:00000001
21291039ns          372794 1c0091de 006c8eb3 add              x29, x25, x6        x29=10001734 x25:10001720  x6:00000014
21291079ns          372796 1c0091e2 01488bb3 add              x23, x17, x20       x23=100015c4 x17:100015c4 x20:00000000
21291099ns          372797 1c0091e6 01cc8f33 add              x30, x25, x28       x30=10001720 x25:10001720 x28:00000000
21291119ns          372798 1c0091ea f5c62503 lw               x10, -164(x12)      x10=3ef32e68 x12:1000167c  PA:100015d8
21291179ns          372801 1c0091ee ffcaa583 lw               x11, -4(x21)        x11=4206e2ac x21:100015c8  PA:100015c4
21291199ns          372802 1c0091f2 01a30333 add              x6, x6, x26          x6=100016d0  x6:00000014 x26:100016bc
21291219ns          372803 1c0091f4 007a0a33 add              x20, x20, x7        x20=100015d8 x20:00000000  x7:100015d8
21291238ns          372804 1c0091f6 01ae0e33 add              x28, x28, x26       x28=100016bc x28:00000000 x26:100016bc
21291258ns          372805 1c0091f8 00000293 addi             x5, x0, 0            x5=00000000
21291278ns          372806 1c0091fc 001b0b13 addi             x22, x22, 1         x22=00000001 x22:00000000
21291318ns          372808 1c0091fe 00d75463 bge              x14, x13, 8         x14:00000002 x13:00000002
21291398ns          372812 1c009206 145b40fb lp.setup         0x1, x22, 0x145     x22:00000001
21291417ns          372813 1c00920a a0581753 flt.s            x14, f16, f5        x14=00000000 f16:3f782c67  f5:00000000
21291437ns          372814 1c00920e 01000633 add              x12, x0, x16        x12=3f782c67 x16:3f782c67
21291477ns          372816 1c009210 00070363 beq              x14, x0, 6          x14:00000000
21291557ns          372820 1c009216 a0579753 flt.s            x14, f15, f5        x14=00000000 f15:3c66c488  f5:00000000
21291577ns          372821 1c00921a 00f008b3 add              x17, x0, x15        x17=3c66c488 x15:3c66c488
21291596ns          372822 1c00921c 00070363 beq              x14, x0, 6          x14:00000000
21291696ns          372827 1c009222 a0c89753 flt.s            x14, f17, f12       x14=00000001 f17:3c66c488 f12:3f782c67
21291716ns          372828 1c009226 010006b3 add              x13, x0, x16        x13=3f782c67 x16:3f782c67
21291736ns          372829 1c009228 00071263 bne              x14, x0, 4          x14:00000001
21291835ns          372834 1c00922c 01167753 fadd.s           f14, f12, f17       f14=xxxxxxxx f12:3f782c67 f17:3c66c488
21291855ns          372835 1c009230 a05723d3 feq.s            x7, f14, f5          x7=00000000 f14:3f7bc779  f5:00000000
21291875ns          372836 1c009234 00038463 beq              x7, x0, 8            x7:00000000
21291935ns          372839 1c00923c 1c000437 lui              x8, 0x1c000000       x8=1c000000
21291994ns          372842 1c009240 02040413 addi             x8, x8, 32           x8=1c000020  x8:1c000000
21292034ns          372844 1c009244 00042403 lw               x8, 0(x8)            x8=3f800000  x8:1c000020  PA:1c000020
21292352ns          372860 1c009246 18e473d3 fdiv.s           f7, f8, f14          f7=xxxxxxxx  f8:3f800000 f14:3f7bc779
21292631ns          372874 1c00924a 1078f8d3 fmul.s           f17, f17, f7        f17=xxxxxxxx f17:3c66c488  f7:3f822552
21292651ns          372875 1c00924e 10767653 fmul.s           f12, f12, f7        f12=xxxxxxxx f12:3f782c67  f7:3f822552
21292671ns          372876 1c009252 a05696d3 flt.s            x13, f13, f5        x13=00000000 f13:3f782c67  f5:00000000
21292690ns          372877 1c009256 1118f8d3 fmul.s           f17, f17, f17       f17=xxxxxxxx f17:3c6aa2e3 f17:3c6aa2e3
21292710ns          372878 1c00925a 88c67643 fmadd.s          f12, f12, f12, f17  f12=xxxxxxxx f12:3f7c5574 f12:3f7c5574 f17:39570e2f
21292770ns          372881 1c00925e 58067653 fsqrt.s          f12, f12            f12=xxxxxxxx f12:3f78c5ca
21293068ns          372896 1c009262 10c77753 fmul.s           f14, f14, f12       f14=xxxxxxxx f14:3f7bc779 f12:3f7c5c45
21293088ns          372897 1c009266 00068363 beq              x13, x0, 6          x13:00000000
21293208ns          372903 1c00926c 1c0004b7 lui              x9, 0x1c000000       x9=1c000000
21293227ns          372904 1c009270 02048493 addi             x9, x9, 32           x9=1c000020  x9:1c000000
21293247ns          372905 1c009274 0004a483 lw               x9, 0(x9)            x9=3f800000  x9:1c000020  PA:1c000020
21293566ns          372921 1c009276 18e4f753 fdiv.s           f14, f9, f14        f14=xxxxxxxx  f9:3f800000 f14:3f78331b
21293844ns          372935 1c00927a 10e87653 fmul.s           f12, f16, f14       f12=xxxxxxxx f16:3f782c67 f14:3f8405d4
21293864ns          372936 1c00927e 10e7f7d3 fmul.s           f15, f15, f14       f15=xxxxxxxx f15:3c66c488 f14:3f8405d4
21293884ns          372937 1c009282 000e2683 lw               x13, 0(x28)         x13=3ee02dfc x28:100016bc  PA:100016bc
21293904ns          372938 1c009286 00032803 lw               x16, 0(x6)          x16=bf00aea0  x6:100016d0  PA:100016d0
21293924ns          372939 1c00928a 10d7f3d3 fmul.s           f7, f15, f13         f7=xxxxxxxx f15:3c6e052e f13:3ee02dfc
21293983ns          372942 1c00928e 1107f8d3 fmul.s           f17, f15, f16       f17=xxxxxxxx f15:3c6e052e f16:bf00aea0
21294023ns          372944 1c009292 10f57753 fmul.s           f14, f10, f15       f14=xxxxxxxx f10:3ef32e68 f15:3c6e052e
21294043ns          372945 1c009296 39067847 fmsub.s          f16, f12, f16, f7   f16=xxxxxxxx f12:3f7ff917 f16:bf00aea0  f7:3bd06f49
21294063ns          372946 1c00929a 88d676c3 fmadd.s          f13, f12, f13, f17  f13=xxxxxxxx f12:3f7ff917 f13:3ee02dfc f17:bbef49e7
21294123ns          372949 1c00929e 10b7f3d3 fmul.s           f7, f15, f11         f7=xxxxxxxx f15:3c6e052e f11:4206e2ac
21294162ns          372951 1c0092a2 01032023 sw               x16, 0(x6)          x16:bf024c05  x6:100016d0  PA:100016d0
21294182ns          372952 1c0092a6 00de2023 sw               x13, 0(x28)         x13:3edc6ac7 x28:100016bc  PA:100016bc
21294202ns          372953 1c0092aa 004e2803 lw               x16, 4(x28)         x16=3f0be4fd x28:100016bc  PA:100016c0
21294262ns          372956 1c0092ae 00432883 lw               x17, 4(x6)          x17=bebb87fe  x6:100016d0  PA:100016d4
21294302ns          372958 1c0092b2 1107f453 fmul.s           f8, f15, f16         f8=xxxxxxxx f15:3c6e052e f16:3f0be4fd
21294321ns          372959 1c0092b6 1117f6d3 fmul.s           f13, f15, f17       f13=xxxxxxxx f15:3c6e052e f17:bebb87fe
21294341ns          372960 1c0092ba 70b67743 fmadd.s          f14, f12, f11, f14  f14=xxxxxxxx f12:3f7ff917 f11:4206e2ac f14:3be21a10
21294401ns          372963 1c0092be 411678c7 fmsub.s          f17, f12, f17, f8   f17=xxxxxxxx f12:3f7ff917 f17:bebb87fe  f8:3c0211b8
21294441ns          372965 1c0092c2 69067843 fmadd.s          f16, f12, f16, f13  f16=xxxxxxxx f12:3f7ff917 f16:3f0be4fd f13:bbae5c39
21294461ns          372966 1c0092c6 38c576c7 fmsub.s          f13, f10, f12, f7   f13=xxxxxxxx f10:3ef32e68 f12:3f7ff917  f7:3efad2ed
21294481ns          372967 1c0092ca 01132223 sw               x17, 4(x6)          x17:bebf937c  x6:100016d0  PA:100016d4
21294540ns          372970 1c0092ce 008e2583 lw               x11, 8(x28)         x11=3ee41b76 x28:100016bc  PA:100016c4
21294580ns          372972 1c0092d2 010e2223 sw               x16, 4(x28)         x16:3f0a847e x28:100016bc  PA:100016c0
21294600ns          372973 1c0092d6 00832803 lw               x16, 8(x6)          x16=3f1181da  x6:100016d0  PA:100016d8
21294620ns          372974 1c0092da 10b7f8d3 fmul.s           f17, f15, f11       f17=xxxxxxxx f15:3c6e052e f11:3ee41b76
21294680ns          372977 1c0092de 1107f553 fmul.s           f10, f15, f16       f10=xxxxxxxx f15:3c6e052e f16:3f1181da
21294719ns          372979 1c0092e2 a05713d3 flt.s            x7, f14, f5          x7=00000000 f14:4206e619  f5:00000000
21294739ns          372980 1c0092e6 890678c7 fmsub.s          f17, f12, f16, f17  f17=xxxxxxxx f12:3f7ff917 f16:3f1181da f17:3bd41625
21294759ns          372981 1c0092ea 50b67543 fmadd.s          f10, f12, f11, f10  f10=xxxxxxxx f12:3f7ff917 f11:3ee41b76 f10:3c0749aa
21294819ns          372984 1c0092ee 000aa803 lw               x16, 0(x21)         x16=4152e8e4 x21:100015c8  PA:100015c8
21294859ns          372986 1c0092f2 01132423 sw               x17, 8(x6)          x17:3f0fd5c0  x6:100016d0  PA:100016d8
21294878ns          372987 1c0092f6 00ce2583 lw               x11, 12(x28)        x11=3f00100a x28:100016bc  PA:100016c8
21294898ns          372988 1c0092fa 00ae2423 sw               x10, 8(x28)         x10:3ee84f9b x28:100016bc  PA:100016c4
21294958ns          372991 1c0092fe 00c32403 lw               x8, 12(x6)           x8=3d901fd4  x6:100016d0  PA:100016dc
21294998ns          372993 1c009302 10b7f8d3 fmul.s           f17, f15, f11       f17=xxxxxxxx f15:3c6e052e f11:3f00100a
21295018ns          372994 1c009306 1087f553 fmul.s           f10, f15, f8        f10=xxxxxxxx f15:3c6e052e  f8:3d901fd4
21295038ns          372995 1c00930a 00da222b p.sw             x13, 4(x20!)        x20=100015dc x13:bc7562ad x20:100015d8  PA:100015d8
21295097ns          372998 1c00930e 88867447 fmsub.s          f8, f12, f8, f17     f8=xxxxxxxx f12:3f7ff917  f8:3d901fd4 f17:3bee2301
21295137ns          373000 1c009312 50b67543 fmadd.s          f10, f12, f11, f10  f10=xxxxxxxx f12:3f7ff917 f11:3f00100a f10:3a860082
21295157ns          373001 1c009316 10f875d3 fmul.s           f11, f16, f15       f11=xxxxxxxx f16:4152e8e4 f15:3c6e052e
21295177ns          373002 1c00931a 00832623 sw               x8, 12(x6)           x8:3d8139c0  x6:100016d0  PA:100016dc
21295256ns          373006 1c00931e 010e2403 lw               x8, 16(x28)          x8=3e7cc3dc x28:100016bc  PA:100016cc
21295296ns          373008 1c009322 00ae2623 sw               x10, 12(x28)        x10:3f004f95 x28:100016bc  PA:100016c8
21295316ns          373009 1c009326 01032503 lw               x10, 16(x6)         x10=3f08b43c  x6:100016d0  PA:100016e0
21295336ns          373010 1c00932a 1087f4d3 fmul.s           f9, f15, f8          f9=xxxxxxxx f15:3c6e052e  f8:3e7cc3dc
21295396ns          373013 1c00932e 10a7f7d3 fmul.s           f15, f15, f10       f15=xxxxxxxx f15:3c6e052e f10:3f08b43c
21295435ns          373015 1c009332 10c878d3 fmul.s           f17, f16, f12       f17=xxxxxxxx f16:4152e8e4 f12:3f7ff917
21295455ns          373016 1c009336 48a67547 fmsub.s          f10, f12, f10, f9   f10=xxxxxxxx f12:3f7ff917 f10:3f08b43c  f9:3b6b0334
21295475ns          373017 1c00933a 788677c3 fmadd.s          f15, f12, f8, f15   f15=xxxxxxxx f12:3f7ff917  f8:3e7cc3dc f15:3bfe34a8
21295535ns          373020 1c00933e 00a32823 sw               x10, 16(x6)         x10:3f07c588  x6:100016d0  PA:100016e0
21295575ns          373022 1c009342 00fe2823 sw               x15, 16(x28)        x15:3e825757 x28:100016bc  PA:100016cc
21295594ns          373023 1c009346 00e007b3 add              x15, x0, x14        x15=4206e619 x14:4206e619
21295614ns          373024 1c009348 00038463 beq              x7, x0, 8            x7:00000000
21295714ns          373029 1c009350 a0559653 flt.s            x12, f11, f5        x12=00000000 f11:3e4418c8  f5:00000000
21295734ns          373030 1c009354 700616e3 bne              x12, x0, 3852       x12:00000000
21295754ns          373031 1c009358 00b00633 add              x12, x0, x11        x12=3e4418c8 x11:3e4418c8
21295773ns          373032 1c00935a a0f61553 flt.s            x10, f12, f15       x10=00000001 f12:3e4418c8 f15:4206e619
21295793ns          373033 1c00935e 00e00833 add              x16, x0, x14        x16=4206e619 x14:4206e619
21295833ns          373035 1c009360 00051263 bne              x10, x0, 4          x10:00000001
21295893ns          373038 1c009364 00c7f453 fadd.s           f8, f15, f12         f8=xxxxxxxx f15:4206e619 f12:3e4418c8
21295913ns          373039 1c009368 a05423d3 feq.s            x7, f8, f5           x7=00000000  f8:4207aa32  f5:00000000
21295933ns          373040 1c00936c 6a0397e3 bne              x7, x0, 3758         x7:00000000
21295992ns          373043 1c009370 1c0009b7 lui              x19, 0x1c000000     x19=1c000000
21296032ns          373045 1c009374 02098993 addi             x19, x19, 32        x19=1c000020 x19:1c000000
21296052ns          373046 1c009378 0009a983 lw               x19, 0(x19)         x19=3f800000 x19:1c000020  PA:1c000020
21296370ns          373062 1c00937c 1889f3d3 fdiv.s           f7, f19, f8          f7=xxxxxxxx f19:3f800000  f8:4207aa32
21296649ns          373076 1c009380 10767653 fmul.s           f12, f12, f7        f12=xxxxxxxx f12:3e4418c8  f7:3cf18954
21296669ns          373077 1c009384 1077f7d3 fmul.s           f15, f15, f7        f15=xxxxxxxx f15:4206e619  f7:3cf18954
21296688ns          373078 1c009388 a0581853 flt.s            x16, f16, f5        x16=00000000 f16:4206e619  f5:00000000
21296708ns          373079 1c00938c 10c67653 fmul.s           f12, f12, f12       f12=xxxxxxxx f12:3bb90486 f12:3bb90486
21296748ns          373081 1c009390 60f7f7c3 fmadd.s          f15, f15, f15, f12  f15=xxxxxxxx f15:3f7e8df6 f15:3f7e8df6 f12:3805b78a
21296788ns          373083 1c009394 5807f7d3 fsqrt.s          f15, f15            f15=xxxxxxxx f15:3f7d201a
21297066ns          373097 1c009398 10f47453 fmul.s           f8, f8, f15          f8=xxxxxxxx  f8:4207aa32 f15:3f7e8f03
21297086ns          373098 1c00939c 00080463 beq              x16, x0, 8          x16:00000000
21297146ns          373101 1c0093a4 1c0003b7 lui              x7, 0x1c000000       x7=1c000000
21297166ns          373102 1c0093a8 02038393 addi             x7, x7, 32           x7=1c000020  x7:1c000000
21297186ns          373103 1c0093ac 0003a383 lw               x7, 0(x7)            x7=3f800000  x7:1c000020  PA:1c000020
21297524ns          373120 1c0093b0 1883f7d3 fdiv.s           f15, f7, f8         f15=xxxxxxxx  f7:3f800000  f8:4206e6a7
21297802ns          373134 1c0093b4 10f77653 fmul.s           f12, f14, f15       f12=xxxxxxxx f14:4206e619 f15:3cf2e772
21297822ns          373135 1c0093b8 10f5f3d3 fmul.s           f7, f11, f15         f7=xxxxxxxx f11:3e4418c8 f15:3cf2e772
21297842ns          373136 1c0093bc 10c6f853 fmul.s           f16, f13, f12       f16=xxxxxxxx f13:bc7562ad f12:3f7ffef3
21297862ns          373137 1c0093c0 207395d3 fsgnjn.s         f11, f7, f7         f11=xxxxxxxx  f7:3bba10b7  f7:3bba10b7
21297882ns          373138 1c0093c4 000f2783 lw               x15, 0(x30)         x15=3ebb0927 x30:10001720  PA:10001720
21297902ns          373139 1c0093c8 000ea483 lw               x9, 0(x29)           x9=bed7e334 x29:10001734  PA:10001734
21297922ns          373140 1c0093cc 1077f953 fmul.s           f18, f15, f7        f18=xxxxxxxx f15:3ebb0927  f7:3bba10b7
21297961ns          373142 1c0093d0 1074f553 fmul.s           f10, f9, f7         f10=xxxxxxxx  f9:bed7e334  f7:3bba10b7
21298001ns          373144 1c0093d4 10c8f753 fmul.s           f14, f17, f12       f14=xxxxxxxx f17:4152e333 f12:3f7ffef3
21298021ns          373145 1c0093d8 90c4f4c7 fmsub.s          f9, f9, f12, f18     f9=xxxxxxxx  f9:bed7e334 f12:3f7ffef3 f18:3b07f0dd
21298041ns          373146 1c0093dc 50c7f543 fmadd.s          f10, f15, f12, f10  f10=xxxxxxxx f15:3ebb0927 f12:3f7ffef3 f10:bb1ce92c
21298101ns          373149 1c0093e0 70b6f5c3 fmadd.s          f11, f13, f11, f14  f11=xxxxxxxx f13:bc7562ad f11:bbba10b7 f14:4152e255
21298140ns          373151 1c0093e4 009ea023 sw               x9, 0(x29)           x9:bed8f233 x29:10001734  PA:10001734
21298160ns          373152 1c0093e8 00af2023 sw               x10, 0(x30)         x10:3eb9ce90 x30:10001720  PA:10001720
21298180ns          373153 1c0093ec 004f2503 lw               x10, 4(x30)         x10=3f02eaaa x30:10001720  PA:10001724
21298240ns          373156 1c0093f0 004ea483 lw               x9, 4(x29)           x9=befe6165 x29:10001734  PA:10001738
21298280ns          373158 1c0093f4 10a3f9d3 fmul.s           f19, f7, f10        f19=xxxxxxxx  f7:3bba10b7 f10:3f02eaaa
21298300ns          373159 1c0093f8 1093f953 fmul.s           f18, f7, f9         f18=xxxxxxxx  f7:3bba10b7  f9:befe6165
21298320ns          373160 1c0093fc 008ba22b p.sw             x8, 4(x23!)         x23=100015c8  x8:4206e6a7 x23:100015c4  PA:100015c4
21298379ns          373163 1c009400 989674c7 fmsub.s          f9, f12, f9, f19     f9=xxxxxxxx f12:3f7ffef3  f9:befe6165 f19:3b3e4e18
21298419ns          373165 1c009404 90a67743 fmadd.s          f14, f12, f10, f18  f14=xxxxxxxx f12:3f7ffef3 f10:3f02eaaa f18:bb38e35f
21298439ns          373166 1c009408 8078f843 fmadd.s          f16, f17, f7, f16   f16=xxxxxxxx f17:4152e333  f7:3bba10b7 f16:bc7561ab
21298459ns          373167 1c00940c 009ea223 sw               x9, 4(x29)           x9:beffdcf6 x29:10001734  PA:10001738
21298518ns          373170 1c009410 00ef2223 sw               x14, 4(x30)         x14:3f02313d x30:10001720  PA:10001724
21298558ns          373172 1c009414 008f2703 lw               x14, 8(x30)         x14=3f18b5ff x30:10001720  PA:10001728
21298578ns          373173 1c009418 008ea483 lw               x9, 8(x29)           x9=3e7a8272 x29:10001734  PA:1000173c
21298598ns          373174 1c00941c 10e3f953 fmul.s           f18, f7, f14        f18=xxxxxxxx  f7:3bba10b7 f14:3f18b5ff
21298658ns          373177 1c009420 1093f6d3 fmul.s           f13, f7, f9         f13=xxxxxxxx  f7:3bba10b7  f9:3e7a8272
21298697ns          373179 1c009424 000a2783 lw               x15, 0(x20)         x15=3fa1de09 x20:100015dc  PA:100015dc
21298717ns          373180 1c009428 909674c7 fmsub.s          f9, f12, f9, f18     f9=xxxxxxxx f12:3f7ffef3  f9:3e7a8272 f18:3b5dfc68
21298737ns          373181 1c00942c 68e676c3 fmadd.s          f13, f12, f14, f13  f13=xxxxxxxx f12:3f7ffef3 f14:3f18b5ff f13:3ab61322
21298797ns          373184 1c009430 10c7f553 fmul.s           f10, f15, f12       f10=xxxxxxxx f15:3fa1de09 f12:3f7ffef3
21298837ns          373186 1c009434 009ea423 sw               x9, 8(x29)           x9:3e770979 x29:10001734  PA:1000173c
21298857ns          373187 1c009438 00cf2703 lw               x14, 12(x30)        x14=3e9d64f9 x30:10001720  PA:1000172c
21298876ns          373188 1c00943c 00df2423 sw               x13, 8(x30)         x13:3f191068 x30:10001720  PA:10001728
21298936ns          373191 1c009440 00cea683 lw               x13, 12(x29)        x13=bd7f10bc x29:10001734  PA:10001740
21298976ns          373193 1c009444 10e3f4d3 fmul.s           f9, f7, f14          f9=xxxxxxxx  f7:3bba10b7 f14:3e9d64f9
21298996ns          373194 1c009448 10d3f453 fmul.s           f8, f7, f13          f8=xxxxxxxx  f7:3bba10b7 f13:bd7f10bc
21299016ns          373195 1c00944c 00baa22b p.sw             x11, 4(x21!)        x21=100015cc x11:4152e2ae x21:100015c8  PA:100015c8
21299075ns          373198 1c009450 48d676c7 fmsub.s          f13, f12, f13, f9   f13=xxxxxxxx f12:3f7ffef3 f13:bd7f10bc  f9:3ae4cb47
21299115ns          373200 1c009454 40e67743 fmadd.s          f14, f12, f14, f8   f14=xxxxxxxx f12:3f7ffef3 f14:3e9d64f9  f8:b9b962d0
21299135ns          373201 1c009458 00aa2023 sw               x10, 0(x20)         x10:3fa1dd5f x20:100015dc  PA:100015dc
21299155ns          373202 1c00945c 00dea623 sw               x13, 12(x29)        x13:bd831b05 x29:10001734  PA:10001740
21299215ns          373205 1c009460 010f2883 lw               x17, 16(x30)        x17=3ec95e6f x30:10001720  PA:10001730
21299254ns          373207 1c009464 00ef2623 sw               x14, 12(x30)        x14:3e9d35fb x30:10001720  PA:1000172c
21299274ns          373208 1c009468 010ea683 lw               x13, 16(x29)        x13=3f371d02 x29:10001734  PA:10001744
21299294ns          373209 1c00946c 1113f453 fmul.s           f8, f7, f17          f8=xxxxxxxx  f7:3bba10b7 f17:3ec95e6f
21299354ns          373212 1c009470 10d3f753 fmul.s           f14, f7, f13        f14=xxxxxxxx  f7:3bba10b7 f13:3f371d02
21299394ns          373214 1c009474 1077f7d3 fmul.s           f15, f15, f7        f15=xxxxxxxx f15:3fa1de09  f7:3bba10b7
21299414ns          373215 1c009478 40d676c7 fmsub.s          f13, f12, f13, f8   f13=xxxxxxxx f12:3f7ffef3 f13:3f371d02  f8:3b125bc2
21299433ns          373216 1c00947c 71167743 fmadd.s          f14, f12, f17, f14  f14=xxxxxxxx f12:3f7ffef3 f17:3ec95e6f f14:3b851708
21299493ns          373219 1c009480 001f8f93 addi             x31, x31, 1         x31=00000002 x31:00000001
21299533ns          373221 1c009482 00dea823 sw               x13, 16(x29)        x13:3f3689e6 x29:10001734  PA:10001744
21299553ns          373222 1c009486 00ef2823 sw               x14, 16(x30)        x14:3ecb71f8 x30:10001720  PA:10001730
21299573ns          373223 1c00948a 014e8e93 addi             x29, x29, 20        x29=10001748 x29:10001734
21299593ns          373224 1c00948c 01430313 addi             x6, x6, 20           x6=100016e4  x6:100016d0
21299612ns          373225 1c00948e 014f0f13 addi             x30, x30, 20        x30=10001734 x30:10001720
21299632ns          373226 1c009490 014e0e13 addi             x28, x28, 20        x28=100016d0 x28:100016bc
21299672ns          373228 1c009492 2dfc4f63 blt              x24, x31, 734       x24:00000004 x31:00000002
21299692ns          373229 1c009496 002f9713 slli             x14, x31, 0x2       x14=00000008 x31:00000002
21299712ns          373230 1c00949a ffc70b13 addi             x22, x14, -4        x22=00000004 x14:00000008
21299772ns          373233 1c00949e 002c1913 slli             x18, x24, 0x2       x18=00000010 x24:00000004
21299811ns          373235 1c0094a2 01f70633 add              x12, x14, x31       x12=0000000a x14:00000008 x31:00000002
21299831ns          373236 1c0094a6 41690933 sub              x18, x18, x22       x18=0000000c x18:00000010 x22:00000004
21299851ns          373237 1c0094aa 02c10513 addi             x10, x2, 44         x10=100015c4  x2:10001598
21299871ns          373238 1c0094ac 04010593 addi             x11, x2, 64         x11=100015d8  x2:10001598
21299891ns          373239 1c0094ae 00261613 slli             x12, x12, 0x2       x12=00000028 x12:0000000a
21299911ns          373240 1c0094b0 00e50ab3 add              x21, x10, x14       x21=100015cc x10:100015c4 x14:00000008
21299951ns          373242 1c0094b4 00e58a33 add              x20, x11, x14       x20=100015e0 x11:100015d8 x14:00000008
21299970ns          373243 1c0094b8 ffc90913 addi             x18, x18, -4        x18=00000008 x18:0000000c
21299990ns          373244 1c0094ba ff870713 addi             x14, x14, -8        x14=00000000 x14:00000008
21300010ns          373245 1c0094bc 04010693 addi             x13, x2, 64         x13=100015d8  x2:10001598
21300050ns          373247 1c0094be fec60e13 addi             x28, x12, -20       x28=00000014 x12:00000028
21300090ns          373249 1c0094c2 00295913 srli             x18, x18, 0x2       x18=00000002 x18:00000008
21300110ns          373250 1c0094c6 00e689b3 add              x19, x13, x14       x19=100015d8 x13:100015d8 x14:00000000
21300130ns          373251 1c0094ca ffcaa583 lw               x11, -4(x21)        x11=4152e2ae x21:100015cc  PA:100015c8
21300149ns          373252 1c0094ce 02c10713 addi             x14, x2, 44         x14=100015c4  x2:10001598
21300189ns          373254 1c0094d0 ffca2503 lw               x10, -4(x20)        x10=3fa1dd5f x20:100015e0  PA:100015dc
21300229ns          373256 1c0094d4 00cc8f33 add              x30, x25, x12       x30=10001748 x25:10001720 x12:00000028
21300249ns          373257 1c0094d8 01cc8eb3 add              x29, x25, x28       x29=10001734 x25:10001720 x28:00000014
21300269ns          373258 1c0094dc 01a60633 add              x12, x12, x26       x12=100016e4 x12:00000028 x26:100016bc
21300289ns          373259 1c0094de 01ae0e33 add              x28, x28, x26       x28=100016d0 x28:00000014 x26:100016bc
21300328ns          373261 1c0094e0 00eb0b33 add              x22, x22, x14       x22=100015c8 x22:00000004 x14:100015c4
21300368ns          373263 1c0094e2 00000f93 addi             x31, x0, 0          x31=00000000
21300388ns          373264 1c0094e6 00190913 addi             x18, x18, 1         x18=00000003 x18:00000002
21300408ns          373265 1c0094e8 142940fb lp.setup         0x1, x18, 0x142     x18:00000003
21300428ns          373266 1c0094ec a1f81753 flt.s            x14, f16, f31       x14=00000000 f16:3d753545 f31:00000000
21300468ns          373268 1c0094f0 010002b3 add              x5, x0, x16          x5=3d753545 x16:3d753545
21300488ns          373269 1c0094f2 00070363 beq              x14, x0, 6          x14:00000000
21300547ns          373272 1c0094f8 a1f79753 flt.s            x14, f15, f31       x14=00000000 f15:3beb4bc8 f31:00000000
21300567ns          373273 1c0094fc 00f006b3 add              x13, x0, x15        x13=3beb4bc8 x15:3beb4bc8
21300587ns          373274 1c0094fe 00070363 beq              x14, x0, 6          x14:00000000
21300667ns          373278 1c009504 a0569753 flt.s            x14, f13, f5        x14=00000001 f13:3beb4bc8  f5:3d753545
21300687ns          373279 1c009508 01000333 add              x6, x0, x16          x6=3d753545 x16:3d753545
21300706ns          373280 1c00950a 00071263 bne              x14, x0, 4          x14:00000001
21300826ns          373286 1c00950e 0056f753 fadd.s           f14, f13, f5        f14=xxxxxxxx f13:3beb4bc8  f5:3d753545
21300846ns          373287 1c009512 a1f728d3 feq.s            x17, f14, f31       x17=00000000 f14:3d894f5f f31:00000000
21300866ns          373288 1c009516 52089be3 bne              x17, x0, 3382       x17:00000000
21300885ns          373289 1c00951a 1c0003b7 lui              x7, 0x1c000000       x7=1c000000
21300945ns          373292 1c00951e 02038393 addi             x7, x7, 32           x7=1c000020  x7:1c000000
21300985ns          373294 1c009522 0003a383 lw               x7, 0(x7)            x7=3f800000  x7:1c000020  PA:1c000020
21301323ns          373311 1c009526 18e3f8d3 fdiv.s           f17, f7, f14        f17=xxxxxxxx  f7:3f800000 f14:3d894f5f
21301601ns          373325 1c00952a 10d8f6d3 fmul.s           f13, f17, f13       f13=xxxxxxxx f17:416ea475 f13:3beb4bc8
21301621ns          373326 1c00952e 1058f8d3 fmul.s           f17, f17, f5        f17=xxxxxxxx f17:416ea475  f5:3d753545
21301641ns          373327 1c009532 a1f312d3 flt.s            x5, f6, f31          x5=00000000  f6:3d753545 f31:00000000
21301661ns          373328 1c009536 10d6f6d3 fmul.s           f13, f13, f13       f13=xxxxxxxx f13:3ddb579c f13:3ddb579c
21301681ns          373329 1c00953a 6918f6c3 fmadd.s          f13, f17, f17, f13  f13=xxxxxxxx f17:3f64950c f17:3f64950c f13:3c3bef03
21301741ns          373332 1c00953e 5806f353 fsqrt.s          f6, f13              f6=xxxxxxxx f13:3f4f0990
21302019ns          373346 1c009542 10e37353 fmul.s           f6, f6, f14          f6=xxxxxxxx  f6:3f66387f f14:3d894f5f
21302039ns          373347 1c009546 00028463 beq              x5, x0, 8            x5:00000000
21302119ns          373351 1c00954e 1c000437 lui              x8, 0x1c000000       x8=1c000000
21302139ns          373352 1c009552 02040413 addi             x8, x8, 32           x8=1c000020  x8:1c000000
21302158ns          373353 1c009556 00042403 lw               x8, 0(x8)            x8=3f800000  x8:1c000020  PA:1c000020
21302497ns          373370 1c009558 18647753 fdiv.s           f14, f8, f6         f14=xxxxxxxx  f8:3f800000  f6:3d76f73a
21302775ns          373384 1c00955c 10e876d3 fmul.s           f13, f16, f14       f13=xxxxxxxx f16:3d753545 f14:4184aeb0
21302795ns          373385 1c009560 10e7f7d3 fmul.s           f15, f15, f14       f15=xxxxxxxx f15:3beb4bc8 f14:4184aeb0
21302815ns          373386 1c009564 000e2703 lw               x14, 0(x28)         x14=bf024c05 x28:100016d0  PA:100016d0
21302835ns          373387 1c009568 00062803 lw               x16, 0(x12)         x16=3f033c98 x12:100016e4  PA:100016e4
21302855ns          373388 1c00956c 10e7f3d3 fmul.s           f7, f15, f14         f7=xxxxxxxx f15:3df3e745 f14:bf024c05
21302894ns          373390 1c009570 1107f2d3 fmul.s           f5, f15, f16         f5=xxxxxxxx f15:3df3e745 f16:3f033c98
21302934ns          373392 1c009574 10f578d3 fmul.s           f17, f10, f15       f17=xxxxxxxx f10:3fa1dd5f f15:3df3e745
21302954ns          373393 1c009578 3906f847 fmsub.s          f16, f13, f16, f7   f16=xxxxxxxx f13:3f7e2d95 f16:3f033c98  f7:bd7847bd
21302974ns          373394 1c00957c 28e6f743 fmadd.s          f14, f13, f14, f5   f14=xxxxxxxx f13:3f7e2d95 f14:bf024c05  f5:3d7a1227
21303034ns          373397 1c009580 88d5f8c3 fmadd.s          f17, f11, f13, f17  f17=xxxxxxxx f11:4152e2ae f13:3f7e2d95 f17:3e1a375c
21303073ns          373399 1c009584 01062023 sw               x16, 0(x12)         x16:3f11d1f9 x12:100016e4  PA:100016e4
21303093ns          373400 1c009588 00ee2023 sw               x14, 0(x28)         x14:bee37afb x28:100016d0  PA:100016d0
21303113ns          373401 1c00958c 004e2703 lw               x14, 4(x28)         x14=bebf937c x28:100016d0  PA:100016d4
21303173ns          373404 1c009590 00462803 lw               x16, 4(x12)         x16=bdac47db x12:100016e4  PA:100016e8
21303213ns          373406 1c009594 10e7f453 fmul.s           f8, f15, f14         f8=xxxxxxxx f15:3df3e745 f14:bebf937c
21303233ns          373407 1c009598 10f873d3 fmul.s           f7, f16, f15         f7=xxxxxxxx f16:bdac47db f15:3df3e745
21303252ns          373408 1c00959c 10f5f2d3 fmul.s           f5, f11, f15         f5=xxxxxxxx f11:4152e2ae f15:3df3e745
21303312ns          373411 1c0095a0 40d87847 fmsub.s          f16, f16, f13, f8   f16=xxxxxxxx f16:bdac47db f13:3f7e2d95  f8:bd368610
21303352ns          373413 1c0095a4 38e6f743 fmadd.s          f14, f13, f14, f7   f14=xxxxxxxx f13:3f7e2d95 f14:bebf937c  f7:bc2423d8
21303372ns          373414 1c0095a8 0069a22b p.sw             x6, 4(x19!)         x19=100015dc  x6:3d76f73a x19:100015d8  PA:100015d8
21303392ns          373415 1c0095ac 01062223 sw               x16, 4(x12)         x16:bd1f95e0 x12:100016e4  PA:100016e8
21303451ns          373418 1c0095b0 00ee2223 sw               x14, 4(x28)         x14:bec35790 x28:100016d0  PA:100016d4
21303491ns          373420 1c0095b4 008e2703 lw               x14, 8(x28)         x14=3f0fd5c0 x28:100016d0  PA:100016d8
21303511ns          373421 1c0095b8 00862803 lw               x16, 8(x12)         x16=3ec3a036 x12:100016e4  PA:100016ec
21303531ns          373422 1c0095bc 10f773d3 fmul.s           f7, f14, f15         f7=xxxxxxxx f14:3f0fd5c0 f15:3df3e745
21303591ns          373425 1c0095c0 10f875d3 fmul.s           f11, f16, f15       f11=xxxxxxxx f16:3ec3a036 f15:3df3e745
21303630ns          373427 1c0095c4 28d57547 fmsub.s          f10, f10, f13, f5   f10=xxxxxxxx f10:3fa1dd5f f13:3f7e2d95  f5:3fc8ebaf
21303650ns          373428 1c0095c8 38d873c7 fmsub.s          f7, f16, f13, f7     f7=xxxxxxxx f16:3ec3a036 f13:3f7e2d95  f7:3d8909d6
21303670ns          373429 1c0095cc 58d775c3 fmadd.s          f11, f14, f13, f11  f11=xxxxxxxx f14:3f0fd5c0 f13:3f7e2d95 f11:3d3a61ce
21303730ns          373432 1c0095d0 a1f892d3 flt.s            x5, f17, f31         x5=00000000 f17:4153cb53 f31:00000000
21303770ns          373434 1c0095d4 00762423 sw               x7, 8(x12)           x7:3e9ff955 x12:100016e4  PA:100016ec
21303789ns          373435 1c0095d8 00ce2703 lw               x14, 12(x28)        x14=3d8139c0 x28:100016d0  PA:100016dc
21303809ns          373436 1c0095dc 00be2423 sw               x11, 8(x28)         x11:3f1a75ce x28:100016d0  PA:100016d8
21303869ns          373439 1c0095e0 00c62383 lw               x7, 12(x12)          x7=bf4152d5 x12:100016e4  PA:100016f0
21303909ns          373441 1c0095e4 10f77453 fmul.s           f8, f14, f15         f8=xxxxxxxx f14:3d8139c0 f15:3df3e745
21303929ns          373442 1c0095e8 10f3f5d3 fmul.s           f11, f7, f15        f11=xxxxxxxx  f7:bf4152d5 f15:3df3e745
21303949ns          373443 1c0095ec 000aa803 lw               x16, 0(x21)         x16=4113c7f7 x21:100015cc  PA:100015cc
21304008ns          373446 1c0095f0 40d3f3c7 fmsub.s          f7, f7, f13, f8      f7=xxxxxxxx  f7:bf4152d5 f13:3f7e2d95  f8:3bf63d1e
21304048ns          373448 1c0095f4 58d775c3 fmadd.s          f11, f14, f13, f11  f11=xxxxxxxx f14:3d8139c0 f13:3f7e2d95 f11:bdb83046
21304068ns          373449 1c0095f8 00a9a023 sw               x10, 0(x19)         x10:bea0d4e2 x19:100015dc  PA:100015dc
21304088ns          373450 1c0095fc 00762623 sw               x7, 12(x12)          x7:bf41df16 x12:100016e4  PA:100016f0
21304148ns          373453 1c009600 010e2703 lw               x14, 16(x28)        x14=3f07c588 x28:100016d0  PA:100016e0
21304187ns          373455 1c009604 00be2623 sw               x11, 12(x28)        x11:bcdf87dd x28:100016d0  PA:100016dc
21304207ns          373456 1c009608 01062583 lw               x11, 16(x12)        x11=3df10a59 x12:100016e4  PA:100016f4
21304227ns          373457 1c00960a 10f773d3 fmul.s           f7, f14, f15         f7=xxxxxxxx f14:3f07c588 f15:3df3e745
21304287ns          373460 1c00960e 10f5f353 fmul.s           f6, f11, f15         f6=xxxxxxxx f11:3df10a59 f15:3df3e745
21304327ns          373462 1c009612 1107f7d3 fmul.s           f15, f15, f16       f15=xxxxxxxx f15:3df3e745 f16:4113c7f7
21304346ns          373463 1c009616 38d5f5c7 fmsub.s          f11, f11, f13, f7   f11=xxxxxxxx f11:3df10a59 f13:3f7e2d95  f7:3d815b28
21304366ns          373464 1c00961a 30d77743 fmadd.s          f14, f14, f13, f6   f14=xxxxxxxx f14:3f07c588 f13:3f7e2d95  f6:3c65a694
21304426ns          373467 1c00961e 1106f6d3 fmul.s           f13, f13, f16       f13=xxxxxxxx f13:3f7e2d95 f16:4113c7f7
21304446ns          373468 1c009622 00b62823 sw               x11, 16(x12)        x11:3d5bf00f x12:100016e4  PA:100016f4
21304466ns          373469 1c009624 00ee2823 sw               x14, 16(x28)        x14:3f0a64c4 x28:100016d0  PA:100016e0
21304486ns          373470 1c009628 01100333 add              x6, x0, x17          x6=4153cb53 x17:4153cb53
21304506ns          373471 1c00962a 00028463 beq              x5, x0, 8            x5:00000000
21304625ns          373477 1c009632 a1f79753 flt.s            x14, f15, f31       x14=00000000 f15:3f8ccc51 f31:00000000
21304645ns          373478 1c009636 420719e3 bne              x14, x0, 3122       x14:00000000
21304665ns          373479 1c00963a 00f00733 add              x14, x0, x15        x14=3f8ccc51 x15:3f8ccc51
21304685ns          373480 1c00963c a0671853 flt.s            x16, f14, f6        x16=00000001 f14:3f8ccc51  f6:4153cb53
21304724ns          373482 1c009640 011003b3 add              x7, x0, x17          x7=4153cb53 x17:4153cb53
21304764ns          373484 1c009642 00081363 bne              x16, x0, 6          x16:00000001
21304824ns          373487 1c009648 006772d3 fadd.s           f5, f14, f6          f5=xxxxxxxx f14:3f8ccc51  f6:4153cb53
21304844ns          373488 1c00964c a1f2a5d3 feq.s            x11, f5, f31        x11=00000000  f5:416564dd f31:00000000
21304903ns          373491 1c009650 3a0593e3 bne              x11, x0, 2982       x11:00000000
21304943ns          373493 1c009654 1c000437 lui              x8, 0x1c000000       x8=1c000000
21304963ns          373494 1c009658 02040413 addi             x8, x8, 32           x8=1c000020  x8:1c000000
21304983ns          373495 1c00965c 00042403 lw               x8, 0(x8)            x8=3f800000  x8:1c000020  PA:1c000020
21305361ns          373514 1c00965e 185475d3 fdiv.s           f11, f8, f5         f11=xxxxxxxx  f8:3f800000  f5:416564dd
21305659ns          373529 1c009662 10e5f753 fmul.s           f14, f11, f14       f14=xxxxxxxx f11:3d8ed88f f14:3f8ccc51
21305679ns          373530 1c009666 a1f393d3 flt.s            x7, f7, f31          x7=00000000  f7:4153cb53 f31:00000000
21305699ns          373531 1c00966a 1065f5d3 fmul.s           f11, f11, f6        f11=xxxxxxxx f11:3d8ed88f  f6:4153cb53
21305719ns          373532 1c00966e 10e77753 fmul.s           f14, f14, f14       f14=xxxxxxxx f14:3d9d20e0 f14:3d9d20e0
21305739ns          373533 1c009672 70b5f743 fmadd.s          f14, f11, f11, f14  f14=xxxxxxxx f11:3f6c5be4 f11:3f6c5be4 f14:3bc0e2ae
21305759ns          373534 1c009676 58077353 fsqrt.s          f6, f14              f6=xxxxxxxx f14:3f5bbb53
21306037ns          373548 1c00967a 10537353 fmul.s           f6, f6, f5           f6=xxxxxxxx  f6:3f6d2c72  f5:416564dd
21306057ns          373549 1c00967e 00038463 beq              x7, x0, 8            x7:00000000
21306137ns          373553 1c009686 1c0004b7 lui              x9, 0x1c000000       x9=1c000000
21306156ns          373554 1c00968a 02048493 addi             x9, x9, 32           x9=1c000020  x9:1c000000
21306176ns          373555 1c00968e 0004a483 lw               x9, 0(x9)            x9=3f800000  x9:1c000020  PA:1c000020
21306514ns          373572 1c009690 1864f753 fdiv.s           f14, f9, f6         f14=xxxxxxxx  f9:3f800000  f6:41548634
21306793ns          373586 1c009694 111778d3 fmul.s           f17, f14, f17       f17=xxxxxxxx f14:3d9a2f4d f17:4153cb53
21306813ns          373587 1c009698 10f77753 fmul.s           f14, f14, f15       f14=xxxxxxxx f14:3d9a2f4d f15:3f8ccc51
21306833ns          373588 1c00969c 10a8f853 fmul.s           f16, f17, f10       f16=xxxxxxxx f17:3f7f1ee4 f10:bea0d4e2
21306853ns          373589 1c0096a0 20e71bd3 fsgnjn.s         f23, f14, f14       f23=xxxxxxxx f14:3da999d9 f14:3da999d9
21306873ns          373590 1c0096a4 000ea783 lw               x15, 0(x29)         x15=bed8f233 x29:10001734  PA:10001734
21306892ns          373591 1c0096a8 000f2383 lw               x7, 0(x30)           x7=3ebffd45 x30:10001748  PA:10001748
21306912ns          373592 1c0096ac 10e7f453 fmul.s           f8, f15, f14         f8=xxxxxxxx f15:bed8f233 f14:3da999d9
21306952ns          373594 1c0096b0 10e3f2d3 fmul.s           f5, f7, f14          f5=xxxxxxxx  f7:3ebffd45 f14:3da999d9
21306992ns          373596 1c0096b4 006b222b p.sw             x6, 4(x22!)         x22=100015cc  x6:41548634 x22:100015c8  PA:100015c8
21307012ns          373597 1c0096b8 4113f3c7 fmsub.s          f7, f7, f17, f8      f7=xxxxxxxx  f7:3ebffd45 f17:3f7f1ee4  f8:bd0fba44
21307032ns          373598 1c0096bc 2917f2c3 fmadd.s          f5, f15, f17, f5     f5=xxxxxxxx f15:bed8f233 f17:3f7f1ee4  f5:3cfe6327
21307091ns          373601 1c0096c0 10d8f5d3 fmul.s           f11, f17, f13       f11=xxxxxxxx f17:3f7f1ee4 f13:4112bab7
21307131ns          373603 1c0096c4 007f2023 sw               x7, 0(x30)           x7:3ed14bbb x30:10001748  PA:10001748
21307151ns          373604 1c0096c8 005ea023 sw               x5, 0(x29)           x5:bec84d3c x29:10001734  PA:10001734
21307171ns          373605 1c0096cc 004ea283 lw               x5, 4(x29)           x5=beffdcf6 x29:10001734  PA:10001738
21307231ns          373608 1c0096d0 004f2383 lw               x7, 4(x30)           x7=bdac3b9d x30:10001748  PA:1000174c
21307270ns          373610 1c0096d4 10e2f4d3 fmul.s           f9, f5, f14          f9=xxxxxxxx  f5:beffdcf6 f14:3da999d9
21307290ns          373611 1c0096d8 10e3f453 fmul.s           f8, f7, f14          f8=xxxxxxxx  f7:bdac3b9d f14:3da999d9
21307310ns          373612 1c0096dc 80d77843 fmadd.s          f16, f14, f13, f16  f16=xxxxxxxx f14:3da999d9 f13:4112bab7 f16:bea04775
21307370ns          373615 1c0096e0 4913f3c7 fmsub.s          f7, f7, f17, f9      f7=xxxxxxxx  f7:bdac3b9d f17:3f7f1ee4  f9:bd2982a2
21307410ns          373617 1c0096e4 4112f2c3 fmadd.s          f5, f5, f17, f8      f5=xxxxxxxx  f5:beffdcf6 f17:3f7f1ee4  f8:bbe435b9
21307429ns          373618 1c0096e8 000a2783 lw               x15, 0(x20)         x15=3f81920c x20:100015e0  PA:100015e0
21307449ns          373619 1c0096ec 007f2223 sw               x7, 4(x30)           x7:bd2dc5b2 x30:10001748  PA:1000174c
21307509ns          373622 1c0096f0 005ea223 sw               x5, 4(x29)           x5:bf014668 x29:10001734  PA:10001738
21307549ns          373624 1c0096f4 008ea283 lw               x5, 8(x29)           x5=3e770979 x29:10001734  PA:1000173c
21307569ns          373625 1c0096f8 008f2383 lw               x7, 8(x30)           x7=3e9b19fb x30:10001748  PA:10001750
21307589ns          373626 1c0096fc 10e2f4d3 fmul.s           f9, f5, f14          f9=xxxxxxxx  f5:3e770979 f14:3da999d9
21307648ns          373629 1c009700 10e3f453 fmul.s           f8, f7, f14          f8=xxxxxxxx  f7:3e9b19fb f14:3da999d9
21307688ns          373631 1c009704 58abf5c3 fmadd.s          f11, f23, f10, f11  f11=xxxxxxxx f23:bda999d9 f10:bea0d4e2 f11:411239b1
21307708ns          373632 1c009708 4913f3c7 fmsub.s          f7, f7, f17, f9      f7=xxxxxxxx  f7:3e9b19fb f17:3f7f1ee4  f9:3ca3a9b7
21307728ns          373633 1c00970c 4112f2c3 fmadd.s          f5, f5, f17, f8      f5=xxxxxxxx  f5:3e770979 f17:3f7f1ee4  f8:3ccd82b9
21307788ns          373636 1c009710 1117f553 fmul.s           f10, f15, f17       f10=xxxxxxxx f15:3f81920c f17:3f7f1ee4
21307827ns          373638 1c009714 007f2423 sw               x7, 8(x30)           x7:3e9056fd x30:10001748  PA:10001750
21307847ns          373639 1c009718 00cea303 lw               x6, 12(x29)          x6=bd831b05 x29:10001734  PA:10001740
21307867ns          373640 1c00971c 005ea423 sw               x5, 8(x29)           x5:3e87f04b x29:10001734  PA:1000173c
21307927ns          373643 1c009720 00cf2283 lw               x5, 12(x30)          x5=bf5f36eb x30:10001748  PA:10001754
21307967ns          373645 1c009724 10e37453 fmul.s           f8, f6, f14          f8=xxxxxxxx  f6:bd831b05 f14:3da999d9
21307986ns          373646 1c009728 10e2f3d3 fmul.s           f7, f5, f14          f7=xxxxxxxx  f5:bf5f36eb f14:3da999d9
21308006ns          373647 1c00972c 014f0f13 addi             x30, x30, 20        x30=1000175c x30:10001748
21308066ns          373650 1c00972e 4112f2c7 fmsub.s          f5, f5, f17, f8      f5=xxxxxxxx  f5:bf5f36eb f17:3f7f1ee4  f8:bbadb741
21308106ns          373652 1c009732 39137343 fmadd.s          f6, f6, f17, f7      f6=xxxxxxxx  f6:bd831b05 f17:3f7f1ee4  f7:bd93e166
21308126ns          373653 1c009736 00baa22b p.sw             x11, 4(x21!)        x21=100015d0 x11:4112a43e x21:100015cc  PA:100015cc
21308146ns          373654 1c00973a fe5f2c23 sw               x5, -8(x30)          x5:bf5d1735 x30:1000175c  PA:10001754
21308205ns          373657 1c00973e 010ea683 lw               x13, 16(x29)        x13=3f3689e6 x29:10001734  PA:10001744
21308245ns          373659 1c009742 006ea623 sw               x6, 12(x29)          x6:be0b4491 x29:10001734  PA:10001740
21308265ns          373660 1c009746 ffcf2303 lw               x6, -4(x30)          x6=bc8a5013 x30:1000175c  PA:10001758
21308285ns          373661 1c00974a 10e6f3d3 fmul.s           f7, f13, f14         f7=xxxxxxxx f13:3f3689e6 f14:3da999d9
21308344ns          373664 1c00974e 10e372d3 fmul.s           f5, f6, f14          f5=xxxxxxxx  f6:bc8a5013 f14:3da999d9
21308384ns          373666 1c009752 00aa222b p.sw             x10, 4(x20!)        x20=100015e4 x10:3f81201c x20:100015e0  PA:100015e0
21308404ns          373667 1c009756 39137347 fmsub.s          f6, f6, f17, f7      f6=xxxxxxxx  f6:bc8a5013 f17:3f7f1ee4  f7:3d71dd78
21308424ns          373668 1c00975a 2916f8c3 fmadd.s          f17, f13, f17, f5   f17=xxxxxxxx f13:3f3689e6 f17:3f7f1ee4  f5:bab743f7
21308444ns          373669 1c00975e 01460613 addi             x12, x12, 20        x12=100016f8 x12:100016e4
21308484ns          373671 1c009760 fe6f2e23 sw               x6, -4(x30)          x6:bd9b6459 x30:1000175c  PA:10001758
21308523ns          373673 1c009764 011ea823 sw               x17, 16(x29)        x17:3f358dc1 x29:10001734  PA:10001744
21308543ns          373674 1c009768 014e0e13 addi             x28, x28, 20        x28=100016e4 x28:100016d0
21308563ns          373675 1c00976a 014e8e93 addi             x29, x29, 20        x29=10001748 x29:10001734
21308583ns          373676 1c00976c 10e7f7d3 fmul.s           f15, f15, f14       f15=xxxxxxxx f15:3f81920c f14:3da999d9
21308702ns          373682 1c0094ec a1f81753 flt.s            x14, f16, f31       x14=00000000 f16:3ee48e4e f31:00000000
21308742ns          373684 1c0094f0 010002b3 add              x5, x0, x16          x5=3ee48e4e x16:3ee48e4e
21308762ns          373685 1c0094f2 00070363 beq              x14, x0, 6          x14:00000000
21308822ns          373688 1c0094f8 a1f79753 flt.s            x14, f15, f31       x14=00000000 f15:3dabae90 f31:00000000
21308842ns          373689 1c0094fc 00f006b3 add              x13, x0, x15        x13=3dabae90 x15:3dabae90
21308862ns          373690 1c0094fe 00070363 beq              x14, x0, 6          x14:00000000
21308941ns          373694 1c009504 a0569753 flt.s            x14, f13, f5        x14=00000001 f13:3dabae90  f5:3ee48e4e
21308961ns          373695 1c009508 01000333 add              x6, x0, x16          x6=3ee48e4e x16:3ee48e4e
21308981ns          373696 1c00950a 00071263 bne              x14, x0, 4          x14:00000001
21309100ns          373702 1c00950e 0056f753 fadd.s           f14, f13, f5        f14=xxxxxxxx f13:3dabae90  f5:3ee48e4e
21309120ns          373703 1c009512 a1f728d3 feq.s            x17, f14, f31       x17=00000000 f14:3f07bcf9 f31:00000000
21309140ns          373704 1c009516 52089be3 bne              x17, x0, 3382       x17:00000000
21309160ns          373705 1c00951a 1c0003b7 lui              x7, 0x1c000000       x7=1c000000
21309180ns          373706 1c00951e 02038393 addi             x7, x7, 32           x7=1c000020  x7:1c000000
21309200ns          373707 1c009522 0003a383 lw               x7, 0(x7)            x7=3f800000  x7:1c000020  PA:1c000020
21309518ns          373723 1c009526 18e3f8d3 fdiv.s           f17, f7, f14        f17=xxxxxxxx  f7:3f800000 f14:3f07bcf9
21309995ns          373747 1c00952a 10d8f6d3 fmul.s           f13, f17, f13       f13=xxxxxxxx f17:3ff167eb f13:3dabae90
21310015ns          373748 1c00952e 1058f8d3 fmul.s           f17, f17, f5        f17=xxxxxxxx f17:3ff167eb  f5:3ee48e4e
21310035ns          373749 1c009532 a1f312d3 flt.s            x5, f6, f31          x5=00000000  f6:3ee48e4e f31:00000000
21310055ns          373750 1c009536 10d6f6d3 fmul.s           f13, f13, f13       f13=xxxxxxxx f13:3e21e506 f13:3e21e506
21310075ns          373751 1c00953a 6918f6c3 fmadd.s          f13, f17, f17, f13  f13=xxxxxxxx f17:3f5786be f17:3f5786be f13:3cccc3bd
21310135ns          373754 1c00953e 5806f353 fsqrt.s          f6, f13              f6=xxxxxxxx f13:3f3bd9b8
21310552ns          373775 1c009542 10e37353 fmul.s           f6, f6, f14          f6=xxxxxxxx  f6:3f5b4b2f f14:3f07bcf9
21310572ns          373776 1c009546 00028463 beq              x5, x0, 8            x5:00000000
21310711ns          373783 1c00954e 1c000437 lui              x8, 0x1c000000       x8=1c000000
21310731ns          373784 1c009552 02040413 addi             x8, x8, 32           x8=1c000020  x8:1c000000
21310751ns          373785 1c009556 00042403 lw               x8, 0(x8)            x8=3f800000  x8:1c000020  PA:1c000020
21311069ns          373801 1c009558 18647753 fdiv.s           f14, f8, f6         f14=xxxxxxxx  f8:3f800000  f6:3ee88d0d
21311348ns          373815 1c00955c 10e876d3 fmul.s           f13, f16, f14       f13=xxxxxxxx f16:3ee48e4e f14:400ce820
21311368ns          373816 1c009560 10e7f7d3 fmul.s           f15, f15, f14       f15=xxxxxxxx f15:3dabae90 f14:400ce820
21311388ns          373817 1c009564 000e2703 lw               x14, 0(x28)         x14=3f11d1f9 x28:100016e4  PA:100016e4
21311408ns          373818 1c009568 00062803 lw               x16, 0(x12)         x16=bef0246a x12:100016f8  PA:100016f8
21311428ns          373819 1c00956c 10e7f3d3 fmul.s           f7, f15, f14         f7=xxxxxxxx f15:3e3cfe45 f14:3f11d1f9
21311467ns          373821 1c009570 1107f2d3 fmul.s           f5, f15, f16         f5=xxxxxxxx f15:3e3cfe45 f16:bef0246a
21311507ns          373823 1c009574 10f578d3 fmul.s           f17, f10, f15       f17=xxxxxxxx f10:3f81201c f15:3e3cfe45
21311527ns          373824 1c009578 3906f847 fmsub.s          f16, f13, f16, f7   f16=xxxxxxxx f13:3f7b9a20 f16:bef0246a  f7:3dd74e11
21311547ns          373825 1c00957c 28e6f743 fmadd.s          f14, f13, f14, f5   f14=xxxxxxxx f13:3f7b9a20 f14:3f11d1f9  f5:bdb14943
21311567ns          373826 1c009580 88d5f8c3 fmadd.s          f17, f11, f13, f17  f17=xxxxxxxx f11:4112a43e f13:3f7b9a20 f17:3e3ea7aa
21311587ns          373827 1c009584 01062023 sw               x16, 0(x12)         x16:bf10ebe6 x12:100016f8  PA:100016f8
21311607ns          373828 1c009588 00ee2023 sw               x14, 0(x28)         x14:3ef24f03 x28:100016e4  PA:100016e4
21311626ns          373829 1c00958c 004e2703 lw               x14, 4(x28)         x14=bd1f95e0 x28:100016e4  PA:100016e8
21311686ns          373832 1c009590 00462803 lw               x16, 4(x12)         x16=3f3ccf4d x12:100016f8  PA:100016fc
21311726ns          373834 1c009594 10e7f453 fmul.s           f8, f15, f14         f8=xxxxxxxx f15:3e3cfe45 f14:bd1f95e0
21311746ns          373835 1c009598 10f873d3 fmul.s           f7, f16, f15         f7=xxxxxxxx f16:3f3ccf4d f15:3e3cfe45
21311766ns          373836 1c00959c 10f5f2d3 fmul.s           f5, f11, f15         f5=xxxxxxxx f11:4112a43e f15:3e3cfe45
21311825ns          373839 1c0095a0 40d87847 fmsub.s          f16, f16, f13, f8   f16=xxxxxxxx f16:3f3ccf4d f13:3f7b9a20  f8:bbeba124
21311865ns          373841 1c0095a4 38e6f743 fmadd.s          f14, f13, f14, f7   f14=xxxxxxxx f13:3f7b9a20 f14:bd1f95e0  f7:3e0b63c5
21311885ns          373842 1c0095a8 0069a22b p.sw             x6, 4(x19!)         x19=100015e0  x6:3ee88d0d x19:100015dc  PA:100015dc
21311905ns          373843 1c0095ac 01062223 sw               x16, 4(x12)         x16:3f3b682f x12:100016f8  PA:100016fc
21311965ns          373846 1c0095b0 00ee2223 sw               x14, 4(x28)         x14:3dc85b87 x28:100016e4  PA:100016e8
21312004ns          373848 1c0095b4 008e2703 lw               x14, 8(x28)         x14=3e9ff955 x28:100016e4  PA:100016ec
21312024ns          373849 1c0095b8 00862803 lw               x16, 8(x12)         x16=bdd12c02 x12:100016f8  PA:10001700
21312044ns          373850 1c0095bc 10f773d3 fmul.s           f7, f14, f15         f7=xxxxxxxx f14:3e9ff955 f15:3e3cfe45
21312064ns          373851 1c0095c0 10f875d3 fmul.s           f11, f16, f15       f11=xxxxxxxx f16:bdd12c02 f15:3e3cfe45
21312084ns          373852 1c0095c4 28d57547 fmsub.s          f10, f10, f13, f5   f10=xxxxxxxx f10:3f81201c f13:3f7b9a20  f5:3fd88488
21312104ns          373853 1c0095c8 38d873c7 fmsub.s          f7, f16, f13, f7     f7=xxxxxxxx f16:bdd12c02 f13:3f7b9a20  f7:3d6c33fe
21312124ns          373854 1c0095cc 58d775c3 fmadd.s          f11, f14, f13, f11  f11=xxxxxxxx f14:3e9ff955 f13:3f7b9a20 f11:bc9a6c14
21312144ns          373855 1c0095d0 a1f892d3 flt.s            x5, f17, f31         x5=00000000 f17:411319f1 f31:00000000
21312163ns          373856 1c0095d4 00762423 sw               x7, 8(x12)           x7:be21d70a x12:100016f8  PA:10001700
21312183ns          373857 1c0095d8 00ce2703 lw               x14, 12(x28)        x14=bf41df16 x28:100016e4  PA:100016f0
21312203ns          373858 1c0095dc 00be2423 sw               x11, 8(x28)         x11:3e939305 x28:100016e4  PA:100016ec
21312223ns          373859 1c0095e0 00c62383 lw               x7, 12(x12)          x7=bed55913 x12:100016f8  PA:10001704
21312243ns          373860 1c0095e4 10f77453 fmul.s           f8, f14, f15         f8=xxxxxxxx f14:bf41df16 f15:3e3cfe45
21312263ns          373861 1c0095e8 10f3f5d3 fmul.s           f11, f7, f15        f11=xxxxxxxx  f7:bed55913 f15:3e3cfe45
21312283ns          373862 1c0095ec 000aa803 lw               x16, 0(x21)         x16=40887232 x21:100015d0  PA:100015d0
21312303ns          373863 1c0095f0 40d3f3c7 fmsub.s          f7, f7, f13, f8      f7=xxxxxxxx  f7:bed55913 f13:3f7b9a20  f8:be0f2064
21312323ns          373864 1c0095f4 58d775c3 fmadd.s          f11, f14, f13, f11  f11=xxxxxxxx f14:bf41df16 f13:3f7b9a20 f11:bd9d8152
21312342ns          373865 1c0095f8 00a9a023 sw               x10, 0(x19)         x10:bf33389e x19:100015e0  PA:100015e0
21312362ns          373866 1c0095fc 00762623 sw               x7, 12(x12)          x7:be8a1e96 x12:100016f8  PA:10001704
21312382ns          373867 1c009600 010e2703 lw               x14, 16(x28)        x14=3d5bf00f x28:100016e4  PA:100016f4
21312402ns          373868 1c009604 00be2623 sw               x11, 12(x28)        x11:bf523a9d x28:100016e4  PA:100016f0
21312422ns          373869 1c009608 01062583 lw               x11, 16(x12)        x11=3e6978f6 x12:100016f8  PA:10001708
21312442ns          373870 1c00960a 10f773d3 fmul.s           f7, f14, f15         f7=xxxxxxxx f14:3d5bf00f f15:3e3cfe45
21312462ns          373871 1c00960e 10f5f353 fmul.s           f6, f11, f15         f6=xxxxxxxx f11:3e6978f6 f15:3e3cfe45
21312482ns          373872 1c009612 1107f7d3 fmul.s           f15, f15, f16       f15=xxxxxxxx f15:3e3cfe45 f16:40887232
21312502ns          373873 1c009616 38d5f5c7 fmsub.s          f11, f11, f13, f7   f11=xxxxxxxx f11:3e6978f6 f13:3f7b9a20  f7:3c225ebe
21312522ns          373874 1c00961a 30d77743 fmadd.s          f14, f14, f13, f6   f14=xxxxxxxx f14:3d5bf00f f13:3f7b9a20  f6:3d2c5cba
21312581ns          373877 1c00961e 1106f6d3 fmul.s           f13, f13, f16       f13=xxxxxxxx f13:3f7b9a20 f16:40887232
21312601ns          373878 1c009622 00b62823 sw               x11, 16(x12)        x11:3e5b503d x12:100016f8  PA:10001708
21312621ns          373879 1c009624 00ee2823 sw               x14, 16(x28)        x14:3dc242c1 x28:100016e4  PA:100016f4
21312641ns          373880 1c009628 01100333 add              x6, x0, x17          x6=411319f1 x17:411319f1
21312661ns          373881 1c00962a 00028463 beq              x5, x0, 8            x5:00000000
21312780ns          373887 1c009632 a1f79753 flt.s            x14, f15, f31       x14=00000000 f15:3f4976c6 f31:00000000
21312800ns          373888 1c009636 420719e3 bne              x14, x0, 3122       x14:00000000
21312820ns          373889 1c00963a 00f00733 add              x14, x0, x15        x14=3f4976c6 x15:3f4976c6
21312840ns          373890 1c00963c a0671853 flt.s            x16, f14, f6        x16=00000001 f14:3f4976c6  f6:411319f1
21312880ns          373892 1c009640 011003b3 add              x7, x0, x17          x7=411319f1 x17:411319f1
21312919ns          373894 1c009642 00081363 bne              x16, x0, 6          x16:00000001
21312979ns          373897 1c009648 006772d3 fadd.s           f5, f14, f6          f5=xxxxxxxx f14:3f4976c6  f6:411319f1
21312999ns          373898 1c00964c a1f2a5d3 feq.s            x11, f5, f31        x11=00000000  f5:411fb15d f31:00000000
21313059ns          373901 1c009650 3a0593e3 bne              x11, x0, 2982       x11:00000000
21313098ns          373903 1c009654 1c000437 lui              x8, 0x1c000000       x8=1c000000
21313118ns          373904 1c009658 02040413 addi             x8, x8, 32           x8=1c000020  x8:1c000000
21313138ns          373905 1c00965c 00042403 lw               x8, 0(x8)            x8=3f800000  x8:1c000020  PA:1c000020
21313476ns          373922 1c00965e 185475d3 fdiv.s           f11, f8, f5         f11=xxxxxxxx  f8:3f800000  f5:411fb15d
21313755ns          373936 1c009662 10e5f753 fmul.s           f14, f11, f14       f14=xxxxxxxx f11:3dcd31a6 f14:3f4976c6
21313775ns          373937 1c009666 a1f393d3 flt.s            x7, f7, f31          x7=00000000  f7:411319f1 f31:00000000
21313795ns          373938 1c00966a 1065f5d3 fmul.s           f11, f11, f6        f11=xxxxxxxx f11:3dcd31a6  f6:411319f1
21313814ns          373939 1c00966e 10e77753 fmul.s           f14, f14, f14       f14=xxxxxxxx f14:3da17b2f f14:3da17b2f
21313834ns          373940 1c009672 70b5f743 fmadd.s          f14, f11, f11, f14  f14=xxxxxxxx f11:3f6bd09b f11:3f6bd09b f14:3bcbb859
21313854ns          373941 1c009676 58077353 fsqrt.s          f6, f14              f6=xxxxxxxx f14:3f5ad017
21314411ns          373969 1c00967a 10537353 fmul.s           f6, f6, f5           f6=xxxxxxxx  f6:3f6cad5c  f5:411fb15d
21314431ns          373970 1c00967e 00038463 beq              x7, x0, 8            x7:00000000
21314511ns          373974 1c009686 1c0004b7 lui              x9, 0x1c000000       x9=1c000000
21314530ns          373975 1c00968a 02048493 addi             x9, x9, 32           x9=1c000020  x9:1c000000
21314550ns          373976 1c00968e 0004a483 lw               x9, 0(x9)            x9=3f800000  x9:1c000020  PA:1c000020
21314869ns          373992 1c009690 1864f753 fdiv.s           f14, f9, f6         f14=xxxxxxxx  f9:3f800000  f6:4113a3a6
21315147ns          374006 1c009694 111778d3 fmul.s           f17, f14, f17       f17=xxxxxxxx f14:3dddf247 f17:411319f1
21315167ns          374007 1c009698 10f77753 fmul.s           f14, f14, f15       f14=xxxxxxxx f14:3dddf247 f15:3f4976c6
21315187ns          374008 1c00969c 10a8f853 fmul.s           f16, f17, f10       f16=xxxxxxxx f17:3f7f1139 f10:bf33389e
21315207ns          374009 1c0096a0 20e71bd3 fsgnjn.s         f23, f14, f14       f23=xxxxxxxx f14:3daeaa33 f14:3daeaa33
21315227ns          374010 1c0096a4 000ea783 lw               x15, 0(x29)         x15=3ed14bbb x29:10001748  PA:10001748
21315247ns          374011 1c0096a8 000f2383 lw               x7, 0(x30)           x7=befffd01 x30:1000175c  PA:1000175c
21315266ns          374012 1c0096ac 10e7f453 fmul.s           f8, f15, f14         f8=xxxxxxxx f15:3ed14bbb f14:3daeaa33
21315326ns          374015 1c0096b0 10e3f2d3 fmul.s           f5, f7, f14          f5=xxxxxxxx  f7:befffd01 f14:3daeaa33
21315366ns          374017 1c0096b4 006b222b p.sw             x6, 4(x22!)         x22=100015d0  x6:4113a3a6 x22:100015cc  PA:100015cc
21315386ns          374018 1c0096b8 4113f3c7 fmsub.s          f7, f7, f17, f8      f7=xxxxxxxx  f7:befffd01 f17:3f7f1139  f8:3d0ecc9f
21315406ns          374019 1c0096bc 2917f2c3 fmadd.s          f5, f15, f17, f5     f5=xxxxxxxx f15:3ed14bbb f17:3f7f1139  f5:bd2ea828
21315465ns          374022 1c0096c0 10d8f5d3 fmul.s           f11, f17, f13       f11=xxxxxxxx f17:3f7f1139 f13:40861a1d
21315505ns          374024 1c0096c4 007f2023 sw               x7, 0(x30)           x7:bf0873e8 x30:1000175c  PA:1000175c
21315525ns          374025 1c0096c8 005ea023 sw               x5, 0(x29)           x5:3ebab37f x29:10001748  PA:10001748
21315545ns          374026 1c0096cc 004ea283 lw               x5, 4(x29)           x5=bd2dc5b2 x29:10001748  PA:1000174c
21315605ns          374029 1c0096d0 004f2383 lw               x7, 4(x30)           x7=3f320599 x30:1000175c  PA:10001760
21315644ns          374031 1c0096d4 10e2f4d3 fmul.s           f9, f5, f14          f9=xxxxxxxx  f5:bd2dc5b2 f14:3daeaa33
21315664ns          374032 1c0096d8 10e3f453 fmul.s           f8, f7, f14          f8=xxxxxxxx  f7:3f320599 f14:3daeaa33
21315684ns          374033 1c0096dc 80d77843 fmadd.s          f16, f14, f13, f16  f16=xxxxxxxx f14:3daeaa33 f13:40861a1d f16:bf329174
21315744ns          374036 1c0096e0 4913f3c7 fmsub.s          f7, f7, f17, f9      f7=xxxxxxxx  f7:3f320599 f17:3f7f1139  f9:bb6d1fce
21315784ns          374038 1c0096e4 4112f2c3 fmadd.s          f5, f5, f17, f8      f5=xxxxxxxx  f5:bd2dc5b2 f17:3f7f1139  f8:3d72ec52
21315803ns          374039 1c0096e8 000a2783 lw               x15, 0(x20)         x15=bb84365d x20:100015e4  PA:100015e4
21315823ns          374040 1c0096ec 007f2223 sw               x7, 4(x30)           x7:3f324cad x30:1000175c  PA:10001760
21315883ns          374043 1c0096f0 005ea223 sw               x5, 4(x29)           x5:3c8b916a x29:10001748  PA:1000174c
21315923ns          374045 1c0096f4 008ea283 lw               x5, 8(x29)           x5=3e9056fd x29:10001748  PA:10001750
21315943ns          374046 1c0096f8 008f2383 lw               x7, 8(x30)           x7=be83691b x30:1000175c  PA:10001764
21315963ns          374047 1c0096fc 10e2f4d3 fmul.s           f9, f5, f14          f9=xxxxxxxx  f5:3e9056fd f14:3daeaa33
21316022ns          374050 1c009700 10e3f453 fmul.s           f8, f7, f14          f8=xxxxxxxx  f7:be83691b f14:3daeaa33
21316062ns          374052 1c009704 58abf5c3 fmadd.s          f11, f23, f10, f11  f11=xxxxxxxx f23:bdaeaa33 f10:bf33389e f11:40859d08
21316082ns          374053 1c009708 4913f3c7 fmsub.s          f7, f7, f17, f9      f7=xxxxxxxx  f7:be83691b f17:3f7f1139  f9:3cc4f62d
21316102ns          374054 1c00970c 4112f2c3 fmadd.s          f5, f5, f17, f8      f5=xxxxxxxx  f5:3e9056fd f17:3f7f1139  f8:bcb3519d
21316162ns          374057 1c009710 1117f553 fmul.s           f10, f15, f17       f10=xxxxxxxx f15:bb84365d f17:3f7f1139
21316201ns          374059 1c009714 007f2423 sw               x7, 8(x30)           x7:be8f3dec x30:1000175c  PA:10001764
21316221ns          374060 1c009718 00cea303 lw               x6, 12(x29)          x6=bf5d1735 x29:10001748  PA:10001754
21316241ns          374061 1c00971c 005ea423 sw               x5, 8(x29)           x5:3e849b42 x29:10001748  PA:10001750
21316301ns          374064 1c009720 00cf2283 lw               x5, 12(x30)          x5=bec07f6e x30:1000175c  PA:10001768
21316341ns          374066 1c009724 10e37453 fmul.s           f8, f6, f14          f8=xxxxxxxx  f6:bf5d1735 f14:3daeaa33
21316360ns          374067 1c009728 10e2f3d3 fmul.s           f7, f5, f14          f7=xxxxxxxx  f5:bec07f6e f14:3daeaa33
21316380ns          374068 1c00972c 014f0f13 addi             x30, x30, 20        x30=10001770 x30:1000175c
21316400ns          374069 1c00972e 4112f2c7 fmsub.s          f5, f5, f17, f8      f5=xxxxxxxx  f5:bec07f6e f17:3f7f1139  f8:bd96d8c3
21316420ns          374070 1c009732 39137343 fmadd.s          f6, f6, f17, f7      f6=xxxxxxxx  f6:bf5d1735 f17:3f7f1139  f7:bd035698
21316440ns          374071 1c009736 00baa22b p.sw             x11, 4(x21!)        x21=100015d4 x11:40878627 x21:100015d0  PA:100015d0
21316460ns          374072 1c00973a fe5f2c23 sw               x5, -8(x30)          x5:be9a15b1 x30:10001770  PA:10001768
21316480ns          374073 1c00973e 010ea683 lw               x13, 16(x29)        x13=bd9b6459 x29:10001748  PA:10001758
21316500ns          374074 1c009742 006ea623 sw               x6, 12(x29)          x6:bf647e67 x29:10001748  PA:10001754
21316520ns          374075 1c009746 ffcf2303 lw               x6, -4(x30)          x6=3e792e28 x30:10001770  PA:1000176c
21316539ns          374076 1c00974a 10e6f3d3 fmul.s           f7, f13, f14         f7=xxxxxxxx f13:bd9b6459 f14:3daeaa33
21316559ns          374077 1c00974e 10e372d3 fmul.s           f5, f6, f14          f5=xxxxxxxx  f6:3e792e28 f14:3daeaa33
21316579ns          374078 1c009752 00aa222b p.sw             x10, 4(x20!)        x20=100015e8 x10:bb83bb0c x20:100015e4  PA:100015e4
21316599ns          374079 1c009756 39137347 fmsub.s          f6, f6, f17, f7      f6=xxxxxxxx  f6:3e792e28 f17:3f7f1139  f7:bbd40b08
21316619ns          374080 1c00975a 2916f8c3 fmadd.s          f17, f13, f17, f5   f17=xxxxxxxx f13:bd9b6459 f17:3f7f1139  f5:3caa0309
21316639ns          374081 1c00975e 01460613 addi             x12, x12, 20        x12=1000170c x12:100016f8
21316679ns          374083 1c009760 fe6f2e23 sw               x6, -4(x30)          x6:3e7ee616 x30:10001770  PA:1000176c
21316718ns          374085 1c009764 011ea823 sw               x17, 16(x29)        x17:bd60a54d x29:10001748  PA:10001758
21316738ns          374086 1c009768 014e0e13 addi             x28, x28, 20        x28=100016f8 x28:100016e4
21316758ns          374087 1c00976a 014e8e93 addi             x29, x29, 20        x29=1000175c x29:10001748
21316778ns          374088 1c00976c 10e7f7d3 fmul.s           f15, f15, f14       f15=xxxxxxxx f15:bb84365d f14:3daeaa33
21316858ns          374092 1c0094ec a1f81753 flt.s            x14, f16, f31       x14=00000001 f16:beae2518 f31:00000000
21316878ns          374093 1c0094f0 010002b3 add              x5, x0, x16          x5=beae2518 x16:beae2518
21316897ns          374094 1c0094f2 00070363 beq              x14, x0, 6          x14:00000001
21316917ns          374095 1c0094f4 210812d3 fsgnjn.s         f5, f16, f16         f5=xxxxxxxx f16:beae2518 f16:beae2518
21316937ns          374096 1c0094f8 a1f79753 flt.s            x14, f15, f31       x14=00000001 f15:b9b469b3 f31:00000000
21316957ns          374097 1c0094fc 00f006b3 add              x13, x0, x15        x13=b9b469b3 x15:b9b469b3
21316977ns          374098 1c0094fe 00070363 beq              x14, x0, 6          x14:00000001
21316997ns          374099 1c009500 20f796d3 fsgnjn.s         f13, f15, f15       f13=xxxxxxxx f15:b9b469b3 f15:b9b469b3
21317037ns          374101 1c009504 a0569753 flt.s            x14, f13, f5        x14=00000001 f13:39b469b3  f5:3eae2518
21317057ns          374102 1c009508 01000333 add              x6, x0, x16          x6=beae2518 x16:beae2518
21317076ns          374103 1c00950a 00071263 bne              x14, x0, 4          x14:00000001
21317196ns          374109 1c00950e 0056f753 fadd.s           f14, f13, f5        f14=xxxxxxxx f13:39b469b3  f5:3eae2518
21317216ns          374110 1c009512 a1f728d3 feq.s            x17, f14, f31       x17=00000000 f14:3eae5232 f31:00000000
21317236ns          374111 1c009516 52089be3 bne              x17, x0, 3382       x17:00000000
21317256ns          374112 1c00951a 1c0003b7 lui              x7, 0x1c000000       x7=1c000000
21317275ns          374113 1c00951e 02038393 addi             x7, x7, 32           x7=1c000020  x7:1c000000
21317295ns          374114 1c009522 0003a383 lw               x7, 0(x7)            x7=3f800000  x7:1c000020  PA:1c000020
21317614ns          374130 1c009526 18e3f8d3 fdiv.s           f17, f7, f14        f17=xxxxxxxx  f7:3f800000 f14:3eae5232
21317892ns          374144 1c00952a 10d8f6d3 fmul.s           f13, f17, f13       f13=xxxxxxxx f17:403bf998 f13:39b469b3
21317912ns          374145 1c00952e 1058f8d3 fmul.s           f17, f17, f5        f17=xxxxxxxx f17:403bf998  f5:3eae2518
21317932ns          374146 1c009532 a1f312d3 flt.s            x5, f6, f31          x5=00000001  f6:beae2518 f31:00000000
21317952ns          374147 1c009536 10d6f6d3 fmul.s           f13, f13, f13       f13=xxxxxxxx f13:3a84791c f13:3a84791c
21317972ns          374148 1c00953a 6918f6c3 fmadd.s          f13, f17, f17, f13  f13=xxxxxxxx f17:3f7fbdc4 f17:3f7fbdc4 f13:35891a3c
21317991ns          374149 1c00953e 5806f353 fsqrt.s          f6, f13              f6=xxxxxxxx f13:3f7f7baa
21318270ns          374163 1c009542 10e37353 fmul.s           f6, f6, f14          f6=xxxxxxxx  f6:3f7fbdcc f14:3eae5232
21318290ns          374164 1c009546 00028463 beq              x5, x0, 8            x5:00000001
21318310ns          374165 1c00954a 20631353 fsgnjn.s         f6, f6, f6           f6=xxxxxxxx  f6:3eae251d  f6:3eae251d
21318330ns          374166 1c00954e 1c000437 lui              x8, 0x1c000000       x8=1c000000
21318349ns          374167 1c009552 02040413 addi             x8, x8, 32           x8=1c000020  x8:1c000000
21318369ns          374168 1c009556 00042403 lw               x8, 0(x8)            x8=3f800000  x8:1c000020  PA:1c000020
21318727ns          374186 1c009558 18647753 fdiv.s           f14, f8, f6         f14=xxxxxxxx  f8:3f800000  f6:beae251d
21319006ns          374200 1c00955c 10e876d3 fmul.s           f13, f16, f14       f13=xxxxxxxx f16:beae2518 f14:c03c2a42
21319026ns          374201 1c009560 10e7f7d3 fmul.s           f15, f15, f14       f15=xxxxxxxx f15:b9b469b3 f14:c03c2a42
21319046ns          374202 1c009564 000e2703 lw               x14, 0(x28)         x14=bf10ebe6 x28:100016f8  PA:100016f8
21319066ns          374203 1c009568 00062803 lw               x16, 0(x12)         x16=be8a2b40 x12:1000170c  PA:1000170c
21319085ns          374204 1c00956c 10e7f3d3 fmul.s           f7, f15, f14         f7=xxxxxxxx f15:3a849b67 f14:bf10ebe6
21319105ns          374205 1c009570 1107f2d3 fmul.s           f5, f15, f16         f5=xxxxxxxx f15:3a849b67 f16:be8a2b40
21319125ns          374206 1c009574 10f578d3 fmul.s           f17, f10, f15       f17=xxxxxxxx f10:bb83bb0c f15:3a849b67
21319145ns          374207 1c009578 3906f847 fmsub.s          f16, f13, f16, f7   f16=xxxxxxxx f13:3f7ffff9 f16:be8a2b40  f7:ba162337
21319165ns          374208 1c00957c 28e6f743 fmadd.s          f14, f13, f14, f5   f14=xxxxxxxx f13:3f7ffff9 f14:bf10ebe6  f5:b98f245a
21319205ns          374210 1c009580 88d5f8c3 fmadd.s          f17, f11, f13, f17  f17=xxxxxxxx f11:40878627 f13:3f7ffff9 f17:b68878d3
21319245ns          374212 1c009584 01062023 sw               x16, 0(x12)         x16:be89e02b x12:1000170c  PA:1000170c
21319264ns          374213 1c009588 00ee2023 sw               x14, 0(x28)         x14:bf10fdc7 x28:100016f8  PA:100016f8
21319284ns          374214 1c00958c 004e2703 lw               x14, 4(x28)         x14=3f3b682f x28:100016f8  PA:100016fc
21319344ns          374217 1c009590 00462803 lw               x16, 4(x12)         x16=3e02455a x12:1000170c  PA:10001710
21319384ns          374219 1c009594 10e7f453 fmul.s           f8, f15, f14         f8=xxxxxxxx f15:3a849b67 f14:3f3b682f
21319404ns          374220 1c009598 10f873d3 fmul.s           f7, f16, f15         f7=xxxxxxxx f16:3e02455a f15:3a849b67
21319424ns          374221 1c00959c 10f5f2d3 fmul.s           f5, f11, f15         f5=xxxxxxxx f11:40878627 f15:3a849b67
21319483ns          374224 1c0095a0 40d87847 fmsub.s          f16, f16, f13, f8   f16=xxxxxxxx f16:3e02455a f13:3f7ffff9  f8:3a4226f7
21319523ns          374226 1c0095a4 38e6f743 fmadd.s          f14, f13, f14, f7   f14=xxxxxxxx f13:3f7ffff9 f14:3f3b682f  f7:3906f5ae
21319543ns          374227 1c0095a8 0069a22b p.sw             x6, 4(x19!)         x19=100015e4  x6:beae251d x19:100015e0  PA:100015e0
21319563ns          374228 1c0095ac 01062223 sw               x16, 4(x12)         x16:3e01832f x12:1000170c  PA:10001710
21319623ns          374231 1c0095b0 00ee2223 sw               x14, 4(x28)         x14:3f3b7099 x28:100016f8  PA:100016fc
21319662ns          374233 1c0095b4 008e2703 lw               x14, 8(x28)         x14=be21d70a x28:100016f8  PA:10001700
21319682ns          374234 1c0095b8 00862803 lw               x16, 8(x12)         x16=3f114608 x12:1000170c  PA:10001714
21319702ns          374235 1c0095bc 10f773d3 fmul.s           f7, f14, f15         f7=xxxxxxxx f14:be21d70a f15:3a849b67
21319762ns          374238 1c0095c0 10f875d3 fmul.s           f11, f16, f15       f11=xxxxxxxx f16:3f114608 f15:3a849b67
21319802ns          374240 1c0095c4 28d57547 fmsub.s          f10, f10, f13, f5   f10=xxxxxxxx f10:bb83bb0c f13:3f7ffff9  f5:3b8c66e2
21319821ns          374241 1c0095c8 38d873c7 fmsub.s          f7, f16, f13, f7     f7=xxxxxxxx f16:3f114608 f13:3f7ffff9  f7:b927aa3f
21319841ns          374242 1c0095cc 58d775c3 fmadd.s          f11, f14, f13, f11  f11=xxxxxxxx f14:be21d70a f13:3f7ffff9 f11:3a168098
21319901ns          374245 1c0095d0 a1f892d3 flt.s            x5, f17, f31         x5=00000000 f17:4087861b f31:00000000
21319941ns          374247 1c0095d4 00762423 sw               x7, 8(x12)           x7:3f11507f x12:1000170c  PA:10001714
21319961ns          374248 1c0095d8 00ce2703 lw               x14, 12(x28)        x14=be8a1e96 x28:100016f8  PA:10001704
21320000ns          374250 1c0095dc 00be2423 sw               x11, 8(x28)         x11:be214085 x28:100016f8  PA:10001700
21320020ns          374251 1c0095e0 00c62383 lw               x7, 12(x12)          x7=bcf3d8a9 x12:1000170c  PA:10001718
21320040ns          374252 1c0095e4 10f77453 fmul.s           f8, f14, f15         f8=xxxxxxxx f14:be8a1e96 f15:3a849b67
21320060ns          374253 1c0095e8 10f3f5d3 fmul.s           f11, f7, f15        f11=xxxxxxxx  f7:bcf3d8a9 f15:3a849b67
21320080ns          374254 1c0095ec 000aa803 lw               x16, 0(x21)         x16=40bcad71 x21:100015d4  PA:100015d4
21320100ns          374255 1c0095f0 40d3f3c7 fmsub.s          f7, f7, f13, f8      f7=xxxxxxxx  f7:bcf3d8a9 f13:3f7ffff9  f8:b98f173b
21320120ns          374256 1c0095f4 58d775c3 fmadd.s          f11, f14, f13, f11  f11=xxxxxxxx f14:be8a1e96 f13:3f7ffff9 f11:b7fc9f7b
21320140ns          374257 1c0095f8 00a9a023 sw               x10, 0(x19)         x10:bc0810f5 x19:100015e4  PA:100015e4
21320160ns          374258 1c0095fc 00762623 sw               x7, 12(x12)          x7:bcf19c45 x12:1000170c  PA:10001718
21320199ns          374260 1c009600 010e2703 lw               x14, 16(x28)        x14=3e5b503d x28:100016f8  PA:10001708
21320239ns          374262 1c009604 00be2623 sw               x11, 12(x28)        x11:be8a2285 x28:100016f8  PA:10001704
21320259ns          374263 1c009608 01062583 lw               x11, 16(x12)        x11=bf44510e x12:1000170c  PA:1000171c
21320279ns          374264 1c00960a 10f773d3 fmul.s           f7, f14, f15         f7=xxxxxxxx f14:3e5b503d f15:3a849b67
21320299ns          374265 1c00960e 10f5f353 fmul.s           f6, f11, f15         f6=xxxxxxxx f11:bf44510e f15:3a849b67
21320319ns          374266 1c009612 1107f7d3 fmul.s           f15, f15, f16       f15=xxxxxxxx f15:3a849b67 f16:40bcad71
21320339ns          374267 1c009616 38d5f5c7 fmsub.s          f11, f11, f13, f7   f11=xxxxxxxx f11:bf44510e f13:3f7ffff9  f7:39633503
21320358ns          374268 1c00961a 30d77743 fmadd.s          f14, f14, f13, f6   f14=xxxxxxxx f14:3e5b503d f13:3f7ffff9  f6:ba4b61ef
21320418ns          374271 1c00961e 1106f6d3 fmul.s           f13, f13, f16       f13=xxxxxxxx f13:3f7ffff9 f16:40bcad71
21320438ns          374272 1c009622 00b62823 sw               x11, 16(x12)        x11:bf445f3c x12:1000170c  PA:1000171c
21320458ns          374273 1c009624 00ee2823 sw               x14, 16(x28)        x14:3e5a84d5 x28:100016f8  PA:10001708
21320478ns          374274 1c009628 01100333 add              x6, x0, x17          x6=4087861b x17:4087861b
21320498ns          374275 1c00962a 00028463 beq              x5, x0, 8            x5:00000000
21320617ns          374281 1c009632 a1f79753 flt.s            x14, f15, f31       x14=00000000 f15:3bc377ee f31:00000000
21320637ns          374282 1c009636 420719e3 bne              x14, x0, 3122       x14:00000000
21320657ns          374283 1c00963a 00f00733 add              x14, x0, x15        x14=3bc377ee x15:3bc377ee
21320677ns          374284 1c00963c a0671853 flt.s            x16, f14, f6        x16=00000001 f14:3bc377ee  f6:4087861b
21320697ns          374285 1c009640 011003b3 add              x7, x0, x17          x7=4087861b x17:4087861b
21320716ns          374286 1c009642 00081363 bne              x16, x0, 6          x16:00000001
21320776ns          374289 1c009648 006772d3 fadd.s           f5, f14, f6          f5=xxxxxxxx f14:3bc377ee  f6:4087861b
21320796ns          374290 1c00964c a1f2a5d3 feq.s            x11, f5, f31        x11=00000000  f5:4087b6f9 f31:00000000
21320816ns          374291 1c009650 3a0593e3 bne              x11, x0, 2982       x11:00000000
21320836ns          374292 1c009654 1c000437 lui              x8, 0x1c000000       x8=1c000000
21320856ns          374293 1c009658 02040413 addi             x8, x8, 32           x8=1c000020  x8:1c000000
21320876ns          374294 1c00965c 00042403 lw               x8, 0(x8)            x8=3f800000  x8:1c000020  PA:1c000020
21321234ns          374312 1c00965e 185475d3 fdiv.s           f11, f8, f5         f11=xxxxxxxx  f8:3f800000  f5:4087b6f9
21321512ns          374326 1c009662 10e5f753 fmul.s           f14, f11, f14       f14=xxxxxxxx f11:3e717297 f14:3bc377ee
21321532ns          374327 1c009666 a1f393d3 flt.s            x7, f7, f31          x7=00000000  f7:4087861b f31:00000000
21321552ns          374328 1c00966a 1065f5d3 fmul.s           f11, f11, f6        f11=xxxxxxxx f11:3e717297  f6:4087861b
21321572ns          374329 1c00966e 10e77753 fmul.s           f14, f14, f14       f14=xxxxxxxx f14:3ab85b66 f14:3ab85b66
21321592ns          374330 1c009672 70b5f743 fmadd.s          f14, f11, f11, f14  f14=xxxxxxxx f11:3f7fa3d2 f11:3f7fa3d2 f14:3604c383
21321612ns          374331 1c009676 58077353 fsqrt.s          f6, f14              f6=xxxxxxxx f14:3f7f47e6
21321890ns          374345 1c00967a 10537353 fmul.s           f6, f6, f5           f6=xxxxxxxx  f6:3f7fa3e2  f5:4087b6f9
21321910ns          374346 1c00967e 00038463 beq              x7, x0, 8            x7:00000000
21321990ns          374350 1c009686 1c0004b7 lui              x9, 0x1c000000       x9=1c000000
21322009ns          374351 1c00968a 02048493 addi             x9, x9, 32           x9=1c000020  x9:1c000000
21322029ns          374352 1c00968e 0004a483 lw               x9, 0(x9)            x9=3f800000  x9:1c000020  PA:1c000020
21322348ns          374368 1c009690 1864f753 fdiv.s           f14, f9, f6         f14=xxxxxxxx  f9:3f800000  f6:40878623
21322626ns          374382 1c009694 111778d3 fmul.s           f17, f14, f17       f17=xxxxxxxx f14:3e71c998 f17:4087861b
21322646ns          374383 1c009698 10f77753 fmul.s           f14, f14, f15       f14=xxxxxxxx f14:3e71c998 f15:3bc377ee
21322666ns          374384 1c00969c 10a8f853 fmul.s           f16, f17, f10       f16=xxxxxxxx f17:3f7ffff0 f10:bc0810f5
21322686ns          374385 1c0096a0 20e71bd3 fsgnjn.s         f23, f14, f14       f23=xxxxxxxx f14:3ab89dd4 f14:3ab89dd4
21322706ns          374386 1c0096a4 000ea783 lw               x15, 0(x29)         x15=bf0873e8 x29:1000175c  PA:1000175c
21322725ns          374387 1c0096a8 000f2383 lw               x7, 0(x30)           x7=bf0bca18 x30:10001770  PA:10001770
21322745ns          374388 1c0096ac 10e7f453 fmul.s           f8, f15, f14         f8=xxxxxxxx f15:bf0873e8 f14:3ab89dd4
21322765ns          374389 1c0096b0 10e3f2d3 fmul.s           f5, f7, f14          f5=xxxxxxxx  f7:bf0bca18 f14:3ab89dd4
21322785ns          374390 1c0096b4 006b222b p.sw             x6, 4(x22!)         x22=100015d4  x6:40878623 x22:100015d0  PA:100015d0
21322805ns          374391 1c0096b8 4113f3c7 fmsub.s          f7, f7, f17, f8      f7=xxxxxxxx  f7:bf0bca18 f17:3f7ffff0  f8:ba44cede
21322825ns          374392 1c0096bc 2917f2c3 fmadd.s          f5, f15, f17, f5     f5=xxxxxxxx f15:bf0873e8 f17:3f7ffff0  f5:ba499ee0
21322845ns          374393 1c0096c0 10d8f5d3 fmul.s           f11, f17, f13       f11=xxxxxxxx f17:3f7ffff0 f13:40bcad6c
21322865ns          374394 1c0096c4 007f2023 sw               x7, 0(x30)           x7:bf0b98dc x30:10001770  PA:10001770
21322885ns          374395 1c0096c8 005ea023 sw               x5, 0(x29)           x5:bf08a647 x29:1000175c  PA:1000175c
21322904ns          374396 1c0096cc 004ea283 lw               x5, 4(x29)           x5=3f324cad x29:1000175c  PA:10001760
21322924ns          374397 1c0096d0 004f2383 lw               x7, 4(x30)           x7=3d003159 x30:10001770  PA:10001774
21322944ns          374398 1c0096d4 10e2f4d3 fmul.s           f9, f5, f14          f9=xxxxxxxx  f5:3f324cad f14:3ab89dd4
21322964ns          374399 1c0096d8 10e3f453 fmul.s           f8, f7, f14          f8=xxxxxxxx  f7:3d003159 f14:3ab89dd4
21322984ns          374400 1c0096dc 80d77843 fmadd.s          f16, f14, f13, f16  f16=xxxxxxxx f14:3ab89dd4 f13:40bcad6c f16:bc0810ec
21323024ns          374402 1c0096e0 4913f3c7 fmsub.s          f7, f7, f17, f9      f7=xxxxxxxx  f7:3d003159 f17:3f7ffff0  f9:3a809509
21323064ns          374404 1c0096e4 4112f2c3 fmadd.s          f5, f5, f17, f8      f5=xxxxxxxx  f5:3f324cad f17:3f7ffff0  f8:3838e501
21323083ns          374405 1c0096e8 000a2783 lw               x15, 0(x20)         x15=00000000 x20:100015e8  PA:100015e8
21323103ns          374406 1c0096ec 007f2223 sw               x7, 4(x30)           x7:3cf85951 x30:10001770  PA:10001774
21323163ns          374409 1c0096f0 005ea223 sw               x5, 4(x29)           x5:3f324f85 x29:1000175c  PA:10001760
21323203ns          374411 1c0096f4 008ea283 lw               x5, 8(x29)           x5=be8f3dec x29:1000175c  PA:10001764
21323223ns          374412 1c0096f8 008f2383 lw               x7, 8(x30)           x7=3f2737d5 x30:10001770  PA:10001778
21323243ns          374413 1c0096fc 10e2f4d3 fmul.s           f9, f5, f14          f9=xxxxxxxx  f5:be8f3dec f14:3ab89dd4
21323302ns          374416 1c009700 10e3f453 fmul.s           f8, f7, f14          f8=xxxxxxxx  f7:3f2737d5 f14:3ab89dd4
21323342ns          374418 1c009704 58abf5c3 fmadd.s          f11, f23, f10, f11  f11=xxxxxxxx f23:bab89dd4 f10:bc0810f5 f11:40bcad60
21323362ns          374419 1c009708 4913f3c7 fmsub.s          f7, f7, f17, f9      f7=xxxxxxxx  f7:3f2737d5 f17:3f7ffff0  f9:b9ce99a2
21323382ns          374420 1c00970c 4112f2c3 fmadd.s          f5, f5, f17, f8      f5=xxxxxxxx  f5:be8f3dec f17:3f7ffff0  f8:3a712e72
21323402ns          374421 1c009710 1117f553 fmul.s           f10, f15, f17       f10=xxxxxxxx f15:00000000 f17:3f7ffff0
21323422ns          374422 1c009714 007f2423 sw               x7, 8(x30)           x7:3f27519e x30:10001770  PA:10001778
21323442ns          374423 1c009718 00cea303 lw               x6, 12(x29)          x6=be9a15b1 x29:1000175c  PA:10001768
21323461ns          374424 1c00971c 005ea423 sw               x5, 8(x29)           x5:be8ec54c x29:1000175c  PA:10001764
21323481ns          374425 1c009720 00cf2283 lw               x5, 12(x30)          x5=ba4afdbf x30:10001770  PA:1000177c
21323501ns          374426 1c009724 10e37453 fmul.s           f8, f6, f14          f8=xxxxxxxx  f6:be9a15b1 f14:3ab89dd4
21323521ns          374427 1c009728 10e2f3d3 fmul.s           f7, f5, f14          f7=xxxxxxxx  f5:ba4afdbf f14:3ab89dd4
21323541ns          374428 1c00972c 014f0f13 addi             x30, x30, 20        x30=10001784 x30:10001770
21323621ns          374432 1c00972e 4112f2c7 fmsub.s          f5, f5, f17, f8      f5=xxxxxxxx  f5:ba4afdbf f17:3f7ffff0  f8:b9de3d2c
21323660ns          374434 1c009732 39137343 fmadd.s          f6, f6, f17, f7      f6=xxxxxxxx  f6:be9a15b1 f17:3f7ffff0  f7:b5926387
21323680ns          374435 1c009736 00baa22b p.sw             x11, 4(x21!)        x21=100015d8 x11:40bcad79 x21:100015d4  PA:100015d4
21323700ns          374436 1c00973a fe5f2c23 sw               x5, -8(x30)          x5:b9b7be39 x30:10001784  PA:1000177c
21323780ns          374440 1c00973e 010ea683 lw               x13, 16(x29)        x13=3e7ee616 x29:1000175c  PA:1000176c
21323819ns          374442 1c009742 006ea623 sw               x6, 12(x29)          x6:be9a15cc x29:1000175c  PA:10001768
21323839ns          374443 1c009746 ffcf2303 lw               x6, -4(x30)          x6=bf060c3b x30:10001784  PA:10001780
21323859ns          374444 1c00974a 10e6f3d3 fmul.s           f7, f13, f14         f7=xxxxxxxx f13:3e7ee616 f14:3ab89dd4
21323879ns          374445 1c00974e 10e372d3 fmul.s           f5, f6, f14          f5=xxxxxxxx  f6:bf060c3b f14:3ab89dd4
21323899ns          374446 1c009752 00aa222b p.sw             x10, 4(x20!)        x20=100015ec x10:00000000 x20:100015e8  PA:100015e8
21323919ns          374447 1c009756 39137347 fmsub.s          f6, f6, f17, f7      f6=xxxxxxxx  f6:bf060c3b f17:3f7ffff0  f7:39b7d286
21323939ns          374448 1c00975a 2916f8c3 fmadd.s          f17, f13, f17, f5   f17=xxxxxxxx f13:3e7ee616 f17:3f7ffff0  f5:ba4156de
21323959ns          374449 1c00975e 01460613 addi             x12, x12, 20        x12=10001720 x12:1000170c
21323998ns          374451 1c009760 fe6f2e23 sw               x6, -4(x30)          x6:bf06232d x30:10001784  PA:10001780
21324038ns          374453 1c009764 011ea823 sw               x17, 16(x29)        x17:3e7e24af x29:1000175c  PA:1000176c
21324058ns          374454 1c009768 014e0e13 addi             x28, x28, 20        x28=1000170c x28:100016f8
21324078ns          374455 1c00976a 014e8e93 addi             x29, x29, 20        x29=10001770 x29:1000175c
21324098ns          374456 1c00976c 10e7f7d3 fmul.s           f15, f15, f14       f15=xxxxxxxx f15:00000000 f14:3ab89dd4
21324138ns          374458 1c009770 01412e03 lw               x28, 20(x2)         x28=00000002  x2:10001598  PA:100015ac
21324177ns          374460 1c009772 00812983 lw               x19, 8(x2)          x19=0000000c  x2:10001598  PA:100015a0
21324197ns          374461 1c009774 0e010893 addi             x17, x2, 224        x17=10001678  x2:10001598
21324217ns          374462 1c009778 013887b3 add              x15, x17, x19       x15=10001684 x17:10001678 x19:0000000c
21324237ns          374463 1c00977c 001e0e13 addi             x28, x28, 1         x28=00000003 x28:00000002
21324277ns          374465 1c00977e f707a023 sw               x16, -160(x15)      x16:3243ad97 x15:10001684  PA:100015e4
21324297ns          374466 1c009782 01c12a23 sw               x28, 20(x2)         x28:00000003  x2:10001598  PA:100015ac
21324317ns          374467 1c009784 fff00793 addi             x15, x0, -1         x15=ffffffff
21324337ns          374468 1c009786 00fdc663 blt              x27, x15, 12        x27:00000003 x15:ffffffff
21324357ns          374469 1c00978a 04b00793 addi             x15, x0, 75         x15=0000004b
21324416ns          374472 1c00978e a8fe1c63 bne              x28, x15, -3432     x28:00000003 x15:0000004b
21324516ns          374477 1c008a26 00812503 lw               x10, 8(x2)          x10=0000000c  x2:10001598  PA:100015a0
21324555ns          374479 1c008a28 04010613 addi             x12, x2, 64         x12=100015d8  x2:10001598
21324575ns          374480 1c008a2a 01b509b3 add              x19, x10, x27       x19=0000000f x10:0000000c x27:00000003
21324595ns          374481 1c008a2e 02c10593 addi             x11, x2, 44         x11=100015c4  x2:10001598
21324635ns          374483 1c008a30 00a60633 add              x12, x12, x10       x12=100015e4 x12:100015d8 x10:0000000c
21324675ns          374485 1c008a32 002d8693 addi             x13, x27, 2         x13=00000005 x27:00000003
21324695ns          374486 1c008a36 1c000437 lui              x8, 0x1c000000       x8=1c000000
21324715ns          374487 1c008a3a 1c0004b7 lui              x9, 0x1c000000       x9=1c000000
21324734ns          374488 1c008a3e 00299993 slli             x19, x19, 0x2       x19=0000003c x19:0000000f
21324774ns          374490 1c008a40 00a58b33 add              x22, x11, x10       x22=100015d0 x11:100015c4 x10:0000000c
21324814ns          374492 1c008a44 00c12623 sw               x12, 12(x2)         x12:100015e4  x2:10001598  PA:100015a4
21324834ns          374493 1c008a46 00d12c23 sw               x13, 24(x2)         x13:00000005  x2:10001598  PA:100015b0
21324854ns          374494 1c008a48 02842a83 lw               x21, 40(x8)         x21=0c000000  x8:1c000000  PA:1c000028
21325152ns          374509 1c008a4c 02c4ab83 lw               x23, 44(x9)         x23=34000000  x9:1c000000  PA:1c00002c
21325450ns          374524 1c008a50 01a989b3 add              x19, x19, x26       x19=100016f8 x19:0000003c x26:100016bc
21325470ns          374525 1c008a52 00000f13 addi             x30, x0, 0          x30=00000000
21325490ns          374526 1c008a56 018007b3 add              x15, x0, x24        x15=00000004 x24:00000004
21325510ns          374527 1c008a58 004b2283 lw               x5, 4(x22)           x5=40bcad79 x22:100015d0  PA:100015d4
21325530ns          374528 1c008a5c 71fdace3 p.beqimm         x27, 3864           x27:00000003
21325570ns          374530 1c008a60 01412e03 lw               x28, 20(x2)         x28=00000003  x2:10001598  PA:100015ac
21325590ns          374531 1c008a62 01400e93 addi             x29, x0, 20         x29=00000014
21325610ns          374532 1c008a64 77cec8e3 blt              x29, x28, 3952      x29:00000014 x28:00000003
21325630ns          374533 1c008a68 00c12f83 lw               x31, 12(x2)         x31=100015e4  x2:10001598  PA:100015a4
21325669ns          374535 1c008a6a 000fa683 lw               x13, 0(x31)         x13=3243ad97 x31:100015e4  PA:100015e4
21325709ns          374537 1c008a6e a1e69753 flt.s            x14, f13, f30       x14=00000000 f13:3243ad97 f30:00000000
21325729ns          374538 1c008a72 00070363 beq              x14, x0, 6          x14:00000000
21325789ns          374541 1c008a78 000b2603 lw               x12, 0(x22)         x12=40878623 x22:100015d0  PA:100015d0
21325828ns          374543 1c008a7c a1e61753 flt.s            x14, f12, f30       x14=00000000 f12:40878623 f30:00000000
21325868ns          374545 1c008a80 00c005b3 add              x11, x0, x12        x11=40878623 x12:40878623
21325888ns          374546 1c008a82 00070363 beq              x14, x0, 6          x14:00000000
21325948ns          374549 1c008a88 a1e29753 flt.s            x14, f5, f30        x14=00000000  f5:40bcad79 f30:00000000
21325968ns          374550 1c008a8c 00070363 beq              x14, x0, 6          x14:00000000
21326067ns          374555 1c008a92 00500733 add              x14, x0, x5         x14=40bcad79  x5:40bcad79
21326087ns          374556 1c008a94 00b77753 fadd.s           f14, f14, f11       f14=xxxxxxxx f14:40bcad79 f11:40878623
21326107ns          374557 1c008a98 11777753 fmul.s           f14, f14, f23       f14=xxxxxxxx f14:412219ce f23:34000000
21326127ns          374558 1c008a9c a0e68753 fle.s            x14, f13, f14       x14=00000001 f13:3243ad97 f14:35a219ce
21326186ns          374561 1c008aa0 00070363 beq              x14, x0, 6          x14:00000001
21326226ns          374563 1c008aa2 3140106f jal              x0, 4884           
21326346ns          374569 1c009db6 002d9713 slli             x14, x27, 0x2       x14=0000000c x27:00000003
21326365ns          374570 1c009dba 0e010393 addi             x7, x2, 224          x7=10001678  x2:10001598
21326385ns          374571 1c009dbe 00770733 add              x14, x14, x7        x14=10001684 x14:0000000c  x7:10001678
21326445ns          374574 1c009dc0 01800833 add              x16, x0, x24        x16=00000004 x24:00000004
21326465ns          374575 1c009dc2 01b006b3 add              x13, x0, x27        x13=00000003 x27:00000003
21326485ns          374576 1c009dc4 f6072023 sw               x0, -160(x14)       x14:10001684  PA:100015e4
21326505ns          374577 1c009dc8 a31ff06f jal              x0, -1488          
21326604ns          374582 1c0097f8 c3881763 bne              x16, x24, -3026     x16:00000004 x24:00000004
21326644ns          374584 1c0097fc a1e29753 flt.s            x14, f5, f30        x14=00000000  f5:40bcad79 f30:00000000
21326704ns          374587 1c009800 00268613 addi             x12, x13, 2         x12=00000005 x13:00000003
21326743ns          374589 1c009804 16071d63 bne              x14, x0, 378        x14:00000000
21326763ns          374590 1c009808 144c2363 p.beqimm         x24, 326            x24:00000004
21326922ns          374598 1c00994e 00c12f83 lw               x31, 12(x2)         x31=100015e4  x2:10001598  PA:100015a4
21327002ns          374602 1c009950 01812303 lw               x6, 24(x2)           x6=00000005  x2:10001598  PA:100015b0
21327022ns          374603 1c009952 ffcf8f93 addi             x31, x31, -4        x31=100015e0 x31:100015e4
21327042ns          374604 1c009954 fff30313 addi             x6, x6, -1           x6=00000004  x6:00000005
21327062ns          374605 1c009956 fffd8d93 addi             x27, x27, -1        x27=00000002 x27:00000003
21327082ns          374606 1c009958 01f12623 sw               x31, 12(x2)         x31:100015e0  x2:10001598  PA:100015a4
21327101ns          374607 1c00995a 00012a23 sw               x0, 20(x2)           x2:10001598  PA:100015ac
21327121ns          374608 1c00995c 00612c23 sw               x6, 24(x2)           x6:00000004  x2:10001598  PA:100015b0
21327141ns          374609 1c00995e ffcb0b13 addi             x22, x22, -4        x22=100015cc x22:100015d0
21327161ns          374610 1c009960 fec98993 addi             x19, x19, -20       x19=100016e4 x19:100016f8
21327181ns          374611 1c009962 001d8c13 addi             x24, x27, 1         x24=00000003 x27:00000002
21327201ns          374612 1c009966 e20306e3 beq              x6, x0, -468         x6:00000004
21327221ns          374613 1c00996a 018007b3 add              x15, x0, x24        x15=00000003 x24:00000003
21327241ns          374614 1c00996c 004b2283 lw               x5, 4(x22)           x5=40878623 x22:100015cc  PA:100015d0
21327280ns          374616 1c009970 8ffdb863 p.bneimm         x27, -3856          x27:00000002
21327380ns          374621 1c008a60 01412e03 lw               x28, 20(x2)         x28=00000000  x2:10001598  PA:100015ac
21327400ns          374622 1c008a62 01400e93 addi             x29, x0, 20         x29=00000014
21327420ns          374623 1c008a64 77cec8e3 blt              x29, x28, 3952      x29:00000014 x28:00000000
21327440ns          374624 1c008a68 00c12f83 lw               x31, 12(x2)         x31=100015e0  x2:10001598  PA:100015a4
21327479ns          374626 1c008a6a 000fa683 lw               x13, 0(x31)         x13=beae251d x31:100015e0  PA:100015e0
21327519ns          374628 1c008a6e a1e69753 flt.s            x14, f13, f30       x14=00000001 f13:beae251d f30:00000000
21327539ns          374629 1c008a72 00070363 beq              x14, x0, 6          x14:00000001
21327559ns          374630 1c008a74 20d696d3 fsgnjn.s         f13, f13, f13       f13=xxxxxxxx f13:beae251d f13:beae251d
21327579ns          374631 1c008a78 000b2603 lw               x12, 0(x22)         x12=4113a3a6 x22:100015cc  PA:100015cc
21327619ns          374633 1c008a7c a1e61753 flt.s            x14, f12, f30       x14=00000000 f12:4113a3a6 f30:00000000
21327638ns          374634 1c008a80 00c005b3 add              x11, x0, x12        x11=4113a3a6 x12:4113a3a6
21327658ns          374635 1c008a82 00070363 beq              x14, x0, 6          x14:00000000
21327718ns          374638 1c008a88 a1e29753 flt.s            x14, f5, f30        x14=00000000  f5:40878623 f30:00000000
21327738ns          374639 1c008a8c 00070363 beq              x14, x0, 6          x14:00000000
21327798ns          374642 1c008a92 00500733 add              x14, x0, x5         x14=40878623  x5:40878623
21327817ns          374643 1c008a94 00b77753 fadd.s           f14, f14, f11       f14=xxxxxxxx f14:40878623 f11:4113a3a6
21327837ns          374644 1c008a98 11777753 fmul.s           f14, f14, f23       f14=xxxxxxxx f14:415766b8 f23:34000000
21327857ns          374645 1c008a9c a0e68753 fle.s            x14, f13, f14       x14=00000000 f13:3eae251d f14:35d766b8
21327877ns          374646 1c008aa0 00070363 beq              x14, x0, 6          x14:00000000
21327957ns          374650 1c008aa6 1c000337 lui              x6, 0x1c000000       x6=1c000000
21327977ns          374651 1c008aaa 02830313 addi             x6, x6, 40           x6=1c000028  x6:1c000000
21328036ns          374654 1c008aae 00032303 lw               x6, 0(x6)            x6=0c000000  x6:1c000028  PA:1c000028
21328394ns          374672 1c008ab2 a06686d3 fle.s            x13, f13, f6        x13=00000000 f13:3eae251d  f6:0c000000
21328414ns          374673 1c008ab6 00068363 beq              x13, x0, 6          x13:00000000
21328534ns          374679 1c008abc fffd8693 addi             x13, x27, -1        x13=00000001 x27:00000002
21328553ns          374680 1c008ac0 000d9463 bne              x27, x0, 8          x27:00000002
21328613ns          374683 1c008ac8 00269713 slli             x14, x13, 0x2       x14=00000004 x13:00000001
21328633ns          374684 1c008acc 0e010393 addi             x7, x2, 224          x7=10001678  x2:10001598
21328693ns          374687 1c008ad0 00e385b3 add              x11, x7, x14        x11=1000167c  x7:10001678 x14:00000004
21328732ns          374689 1c008ad4 f605a503 lw               x10, -160(x11)      x10=3ee88d0d x11:1000167c  PA:100015dc
21328772ns          374691 1c008ad8 a1e515d3 flt.s            x11, f10, f30       x11=00000000 f10:3ee88d0d f30:00000000
21328792ns          374692 1c008adc 00058363 beq              x11, x0, 6          x11:00000000
21328872ns          374696 1c008ae2 0e010413 addi             x8, x2, 224          x8=10001678  x2:10001598
21328892ns          374697 1c008ae4 00e405b3 add              x11, x8, x14        x11=1000167c  x8:10001678 x14:00000004
21328911ns          374698 1c008ae8 f4c5a583 lw               x11, -180(x11)      x11=41548634 x11:1000167c  PA:100015c8
21328951ns          374700 1c008aec a1e59853 flt.s            x16, f11, f30       x16=00000000 f11:41548634 f30:00000000
21328991ns          374702 1c008af0 00080463 beq              x16, x0, 8          x16:00000000
21329051ns          374705 1c008af8 00b00833 add              x16, x0, x11        x16=41548634 x11:41548634
21329071ns          374706 1c008afa a1e618d3 flt.s            x17, f12, f30       x17=00000000 f12:4113a3a6 f30:00000000
21329130ns          374709 1c008afe 00088463 beq              x17, x0, 8          x17:00000000
21329210ns          374713 1c008b06 1c0004b7 lui              x9, 0x1c000000       x9=1c000000
21329230ns          374714 1c008b0a 01067653 fadd.s           f12, f12, f16       f12=xxxxxxxx f12:4113a3a6 f16:41548634
21329289ns          374717 1c008b0e 02c48493 addi             x9, x9, 44           x9=1c00002c  x9:1c000000
21329309ns          374718 1c008b12 0004a483 lw               x9, 0(x9)            x9=34000000  x9:1c00002c  PA:1c00002c
21329628ns          374734 1c008b14 10967653 fmul.s           f12, f12, f9        f12=xxxxxxxx f12:41b414ed  f9:34000000
21329647ns          374735 1c008b18 a0c50653 fle.s            x12, f10, f12       x12=00000000 f10:3ee88d0d f12:363414ed
21329667ns          374736 1c008b1c 00060363 beq              x12, x0, 6          x12:00000000
21329747ns          374740 1c008b22 1c000637 lui              x12, 0x1c000000     x12=1c000000
21329767ns          374741 1c008b26 02860613 addi             x12, x12, 40        x12=1c000028 x12:1c000000
21329787ns          374742 1c008b2a 00062603 lw               x12, 0(x12)         x12=0c000000 x12:1c000028  PA:1c000028
21330125ns          374759 1c008b2c a0c50553 fle.s            x10, f10, f12       x10=00000000 f10:3ee88d0d f12:0c000000
21330145ns          374760 1c008b30 00050363 beq              x10, x0, 6          x10:00000000
21330224ns          374764 1c008b36 ffed8813 addi             x16, x27, -2        x16=00000000 x27:00000002
21330244ns          374765 1c008b3a 01f83463 p.bneimm         x16, 8              x16:00000000
21330364ns          374771 1c008b42 00281713 slli             x14, x16, 0x2       x14=00000000 x16:00000000
21330383ns          374772 1c008b46 0e010893 addi             x17, x2, 224        x17=10001678  x2:10001598
21330403ns          374773 1c008b4a 00e88633 add              x12, x17, x14       x12=10001678 x17:10001678 x14:00000000
21330463ns          374776 1c008b4e f6062503 lw               x10, -160(x12)      x10=3d76f73a x12:10001678  PA:100015d8
21330503ns          374778 1c008b52 a1e51653 flt.s            x12, f10, f30       x12=00000000 f10:3d76f73a f30:00000000
21330523ns          374779 1c008b56 00060363 beq              x12, x0, 6          x12:00000000
21330642ns          374785 1c008b5c 0e010e13 addi             x28, x2, 224        x28=10001678  x2:10001598
21330662ns          374786 1c008b60 01c70733 add              x14, x14, x28       x14=10001678 x14:00000000 x28:10001678
21330682ns          374787 1c008b62 f4c72883 lw               x17, -180(x14)      x17=4206e6a7 x14:10001678  PA:100015c4
21330722ns          374789 1c008b66 a1e89753 flt.s            x14, f17, f30       x14=00000000 f17:4206e6a7 f30:00000000
21330741ns          374790 1c008b6a 00070363 beq              x14, x0, 6          x14:00000000
21330821ns          374794 1c008b70 01100733 add              x14, x0, x17        x14=4206e6a7 x17:4206e6a7
21330841ns          374795 1c008b72 a1e59653 flt.s            x12, f11, f30       x12=00000000 f11:41548634 f30:00000000
21330861ns          374796 1c008b76 00060363 beq              x12, x0, 6          x12:00000000
21330980ns          374802 1c008b7c 1c000eb7 lui              x29, 0x1c000000     x29=1c000000
21331000ns          374803 1c008b80 00e5f753 fadd.s           f14, f11, f14       f14=xxxxxxxx f11:41548634 f14:4206e6a7
21331020ns          374804 1c008b84 02ce8e93 addi             x29, x29, 44        x29=1c00002c x29:1c000000
21331040ns          374805 1c008b88 000eae83 lw               x29, 0(x29)         x29=34000000 x29:1c00002c  PA:1c00002c
21331358ns          374821 1c008b8c 11d77753 fmul.s           f14, f14, f29       f14=xxxxxxxx f14:423c0834 f29:34000000
21331378ns          374822 1c008b90 a0e50753 fle.s            x14, f10, f14       x14=00000000 f10:3d76f73a f14:36bc0834
21331398ns          374823 1c008b94 440718e3 bne              x14, x0, 3152       x14:00000000
21331418ns          374824 1c008b98 1c000fb7 lui              x31, 0x1c000000     x31=1c000000
21331438ns          374825 1c008b9c 028f8f93 addi             x31, x31, 40        x31=1c000028 x31:1c000000
21331477ns          374827 1c008ba0 000faf83 lw               x31, 0(x31)         x31=0c000000 x31:1c000028  PA:1c000028
21331816ns          374844 1c008ba4 a1f50553 fle.s            x10, f10, f31       x10=00000000 f10:3d76f73a f31:0c000000
21331835ns          374845 1c008ba8 42051ee3 bne              x10, x0, 3132       x10:00000000
21331855ns          374846 1c008bac ffdd8693 addi             x13, x27, -3        x13=ffffffff x27:00000002
21331875ns          374847 1c008bb0 01f6b463 p.bneimm         x13, 8              x13:ffffffff
21331895ns          374848 1c008bb4 4ee0106f jal              x0, 5358           
21331975ns          374852 1c00a0a2 00000813 addi             x16, x0, 0          x16=00000000
21332014ns          374854 1c00a0a4 b7ffe06f jal              x0, -5250          
21332134ns          374860 1c008c22 3d880de3 beq              x16, x24, 3034      x16:00000000 x24:00000003
21332154ns          374861 1c008c26 002d8393 addi             x7, x27, 2           x7=00000004 x27:00000002
21332174ns          374862 1c008c2a 7c76d5e3 bge              x13, x7, 4042       x13:ffffffff  x7:00000004
21332233ns          374865 1c008c2e 00268f93 addi             x31, x13, 2         x31=00000001 x13:ffffffff
21332273ns          374867 1c008c32 3e780a63 beq              x16, x7, 1012       x16:00000000  x7:00000004
21332293ns          374868 1c008c36 002c1e93 slli             x29, x24, 0x2       x29=0000000c x24:00000003
21332313ns          374869 1c008c3a 04010493 addi             x9, x2, 64           x9=100015d8  x2:10001598
21332333ns          374870 1c008c3c ffce8593 addi             x11, x29, -4        x11=00000008 x29:0000000c
21332412ns          374874 1c008c40 1c000637 lui              x12, 0x1c000000     x12=1c000000
21332452ns          374876 1c008c44 02c10413 addi             x8, x2, 44           x8=100015c4  x2:10001598
21332472ns          374877 1c008c46 1c000537 lui              x10, 0x1c000000     x10=1c000000
21332492ns          374878 1c008c4a 009585b3 add              x11, x11, x9        x11=100015e0 x11:00000008  x9:100015d8
21332512ns          374879 1c008c4c 02862483 lw               x9, 40(x12)          x9=0c000000 x12:1c000000  PA:1c000028
21332989ns          374903 1c008c50 01d40333 add              x6, x8, x29          x6=100015d0  x8:100015c4 x29:0000000c
21333009ns          374904 1c008c54 00700733 add              x14, x0, x7         x14=00000004  x7:00000004
21333029ns          374905 1c008c56 02c52403 lw               x8, 44(x10)          x8=34000000 x10:1c000000  PA:1c00002c
21333407ns          374924 1c008c5a 00168693 addi             x13, x13, 1         x13=00000000 x13:ffffffff
21333427ns          374925 1c008c5c 00000e13 addi             x28, x0, 0          x28=00000000
21333447ns          374926 1c008c60 41038533 sub              x10, x7, x16        x10=00000004  x7:00000004 x16:00000000
21333466ns          374927 1c008c64 1e0540fb lp.setup         0x1, x10, 0x1e0     x10:00000004
21333486ns          374928 1c008c68 fff70893 addi             x17, x14, -1        x17=00000003 x14:00000004
21333506ns          374929 1c008c6c 00000793 addi             x15, x0, 0          x15=00000000
21333546ns          374931 1c008c70 00ec4763 blt              x24, x14, 14        x24:00000003 x14:00000004
21333665ns          374937 1c008c7e 00efd963 bge              x31, x14, 18        x31:00000001 x14:00000004
21333685ns          374938 1c008c82 0005a603 lw               x12, 0(x11)         x12=beae251d x11:100015e0  PA:100015e0
21333725ns          374940 1c008c84 a1c61f53 flt.s            x30, f12, f28       x30=00000001 f12:beae251d f28:00000000
21333745ns          374941 1c008c88 380f1163 bne              x30, x0, 898        x30:00000001
21334362ns          374972 1c00900a 20c61653 fsgnjn.s         f12, f12, f12       f12=xxxxxxxx f12:beae251d f12:beae251d
21334381ns          374973 1c00900e c7fff06f jal              x0, -898           
21334461ns          374977 1c008c8c 00c7f7d3 fadd.s           f15, f15, f12       f15=xxxxxxxx f15:00000000 f12:3eae251d
21334481ns          374978 1c008c90 ffc3260b p.lw             x12, -4(x6!)        x12=40878623  x6=100015cc  x6:100015d0  PA:100015d0
21334521ns          374980 1c008c94 a1c61f53 flt.s            x30, f12, f28       x30=00000000 f12:40878623 f28:00000000
21334541ns          374981 1c008c98 000f0463 beq              x30, x0, 8          x30:00000000
21334640ns          374986 1c008ca0 1087f7d3 fmul.s           f15, f15, f8        f15=xxxxxxxx f15:3eae251d  f8:34000000
21334660ns          374987 1c008ca4 a0f607d3 fle.s            x15, f12, f15       x15=00000000 f12:40878623 f15:332e251d
21334680ns          374988 1c008ca8 00079563 bne              x15, x0, 10         x15:00000000
21334700ns          374989 1c008caa a0960653 fle.s            x12, f12, f9        x12=00000000 f12:40878623  f9:0c000000
21334759ns          374992 1c008cae 36060663 beq              x12, x0, 876        x12:00000000
21334839ns          374996 1c00901a 00d71463 bne              x14, x13, 8         x14:00000004 x13:00000000
21334938ns          375001 1c009022 01100733 add              x14, x0, x17        x14=00000003 x17:00000003
21334958ns          375002 1c009024 ffc58593 addi             x11, x11, -4        x11=100015dc x11:100015e0
21334978ns          375003 1c008c68 fff70893 addi             x17, x14, -1        x17=00000002 x14:00000003
21334998ns          375004 1c008c6c 00000793 addi             x15, x0, 0          x15=00000000
21335018ns          375005 1c008c70 00ec4763 blt              x24, x14, 14        x24:00000003 x14:00000003
21335038ns          375006 1c008c74 0045a783 lw               x15, 4(x11)         x15=beae251d x11:100015dc  PA:100015e0
21335078ns          375008 1c008c76 a1c79653 flt.s            x12, f15, f28       x12=00000001 f15:beae251d f28:00000000
21335098ns          375009 1c008c7a 38061b63 bne              x12, x0, 918        x12:00000001
21335157ns          375012 1c009010 20f797d3 fsgnjn.s         f15, f15, f15       f15=xxxxxxxx f15:beae251d f15:beae251d
21335177ns          375013 1c009014 c6bff06f jal              x0, -918           
21335237ns          375016 1c008c7e 00efd963 bge              x31, x14, 18        x31:00000001 x14:00000003
21335257ns          375017 1c008c82 0005a603 lw               x12, 0(x11)         x12=3ee88d0d x11:100015dc  PA:100015dc
21335296ns          375019 1c008c84 a1c61f53 flt.s            x30, f12, f28       x30=00000000 f12:3ee88d0d f28:00000000
21335316ns          375020 1c008c88 380f1163 bne              x30, x0, 898        x30:00000000
21335336ns          375021 1c008c8c 00c7f7d3 fadd.s           f15, f15, f12       f15=xxxxxxxx f15:3eae251d f12:3ee88d0d
21335356ns          375022 1c008c90 ffc3260b p.lw             x12, -4(x6!)        x12=4113a3a6  x6=100015c8  x6:100015cc  PA:100015cc
21335396ns          375024 1c008c94 a1c61f53 flt.s            x30, f12, f28       x30=00000000 f12:4113a3a6 f28:00000000
21335416ns          375025 1c008c98 000f0463 beq              x30, x0, 8          x30:00000000
21335475ns          375028 1c008ca0 1087f7d3 fmul.s           f15, f15, f8        f15=xxxxxxxx f15:3f4b5915  f8:34000000
21335495ns          375029 1c008ca4 a0f607d3 fle.s            x15, f12, f15       x15=00000000 f12:4113a3a6 f15:33cb5915
21335515ns          375030 1c008ca8 00079563 bne              x15, x0, 10         x15:00000000
21335535ns          375031 1c008caa a0960653 fle.s            x12, f12, f9        x12=00000000 f12:4113a3a6  f9:0c000000
21335555ns          375032 1c008cae 36060663 beq              x12, x0, 876        x12:00000000
21335635ns          375036 1c00901a 00d71463 bne              x14, x13, 8         x14:00000003 x13:00000000
21335694ns          375039 1c009022 01100733 add              x14, x0, x17        x14=00000002 x17:00000002
21335714ns          375040 1c009024 ffc58593 addi             x11, x11, -4        x11=100015d8 x11:100015dc
21335734ns          375041 1c008c68 fff70893 addi             x17, x14, -1        x17=00000001 x14:00000002
21335754ns          375042 1c008c6c 00000793 addi             x15, x0, 0          x15=00000000
21335774ns          375043 1c008c70 00ec4763 blt              x24, x14, 14        x24:00000003 x14:00000002
21335794ns          375044 1c008c74 0045a783 lw               x15, 4(x11)         x15=3ee88d0d x11:100015d8  PA:100015dc
21335833ns          375046 1c008c76 a1c79653 flt.s            x12, f15, f28       x12=00000000 f15:3ee88d0d f28:00000000
21335853ns          375047 1c008c7a 38061b63 bne              x12, x0, 918        x12:00000000
21335873ns          375048 1c008c7e 00efd963 bge              x31, x14, 18        x31:00000001 x14:00000002
21335893ns          375049 1c008c82 0005a603 lw               x12, 0(x11)         x12=3d76f73a x11:100015d8  PA:100015d8
21335933ns          375051 1c008c84 a1c61f53 flt.s            x30, f12, f28       x30=00000000 f12:3d76f73a f28:00000000
21335953ns          375052 1c008c88 380f1163 bne              x30, x0, 898        x30:00000000
21335973ns          375053 1c008c8c 00c7f7d3 fadd.s           f15, f15, f12       f15=xxxxxxxx f15:3ee88d0d f12:3d76f73a
21335993ns          375054 1c008c90 ffc3260b p.lw             x12, -4(x6!)        x12=41548634  x6=100015c4  x6:100015c8  PA:100015c8
21336032ns          375056 1c008c94 a1c61f53 flt.s            x30, f12, f28       x30=00000000 f12:41548634 f28:00000000
21336052ns          375057 1c008c98 000f0463 beq              x30, x0, 8          x30:00000000
21336112ns          375060 1c008ca0 1087f7d3 fmul.s           f15, f15, f8        f15=xxxxxxxx f15:3f03b5fa  f8:34000000
21336132ns          375061 1c008ca4 a0f607d3 fle.s            x15, f12, f15       x15=00000000 f12:41548634 f15:3383b5fa
21336152ns          375062 1c008ca8 00079563 bne              x15, x0, 10         x15:00000000
21336172ns          375063 1c008caa a0960653 fle.s            x12, f12, f9        x12=00000000 f12:41548634  f9:0c000000
21336192ns          375064 1c008cae 36060663 beq              x12, x0, 876        x12:00000000
21336271ns          375068 1c00901a 00d71463 bne              x14, x13, 8         x14:00000002 x13:00000000
21336331ns          375071 1c009022 01100733 add              x14, x0, x17        x14=00000001 x17:00000001
21336351ns          375072 1c009024 ffc58593 addi             x11, x11, -4        x11=100015d4 x11:100015d8
21336371ns          375073 1c008c68 fff70893 addi             x17, x14, -1        x17=00000000 x14:00000001
21336390ns          375074 1c008c6c 00000793 addi             x15, x0, 0          x15=00000000
21336410ns          375075 1c008c70 00ec4763 blt              x24, x14, 14        x24:00000003 x14:00000001
21336430ns          375076 1c008c74 0045a783 lw               x15, 4(x11)         x15=3d76f73a x11:100015d4  PA:100015d8
21336470ns          375078 1c008c76 a1c79653 flt.s            x12, f15, f28       x12=00000000 f15:3d76f73a f28:00000000
21336490ns          375079 1c008c7a 38061b63 bne              x12, x0, 918        x12:00000000
21336510ns          375080 1c008c7e 00efd963 bge              x31, x14, 18        x31:00000001 x14:00000001
21336569ns          375083 1c008c90 ffc3260b p.lw             x12, -4(x6!)        x12=4206e6a7  x6=100015c0  x6:100015c4  PA:100015c4
21336609ns          375085 1c008c94 a1c61f53 flt.s            x30, f12, f28       x30=00000000 f12:4206e6a7 f28:00000000
21336629ns          375086 1c008c98 000f0463 beq              x30, x0, 8          x30:00000000
21336689ns          375089 1c008ca0 1087f7d3 fmul.s           f15, f15, f8        f15=xxxxxxxx f15:3d76f73a  f8:34000000
21336709ns          375090 1c008ca4 a0f607d3 fle.s            x15, f12, f15       x15=00000000 f12:4206e6a7 f15:31f6f73a
21336729ns          375091 1c008ca8 00079563 bne              x15, x0, 10         x15:00000000
21336748ns          375092 1c008caa a0960653 fle.s            x12, f12, f9        x12=00000000 f12:4206e6a7  f9:0c000000
21336768ns          375093 1c008cae 36060663 beq              x12, x0, 876        x12:00000000
21336848ns          375097 1c00901a 00d71463 bne              x14, x13, 8         x14:00000001 x13:00000000
21336908ns          375100 1c009022 01100733 add              x14, x0, x17        x14=00000000 x17:00000000
21336927ns          375101 1c009024 ffc58593 addi             x11, x11, -4        x11=100015d0 x11:100015d4
21336947ns          375102 1c009026 00000793 addi             x15, x0, 0          x15=00000000
21336967ns          375103 1c00902a a0f297d3 flt.s            x15, f5, f15        x15=00000000  f5:40878623 f15:00000000
21336987ns          375104 1c00902e 005006b3 add              x13, x0, x5         x13=40878623  x5:40878623
21337027ns          375106 1c009030 00078363 beq              x15, x0, 6          x15:00000000
21337106ns          375110 1c009036 002d9593 slli             x11, x27, 0x2       x11=00000008 x27:00000002
21337126ns          375111 1c00903a 0e010613 addi             x12, x2, 224        x12=10001678  x2:10001598
21337146ns          375112 1c00903c 00b607b3 add              x15, x12, x11       x15=10001680 x12:10001678 x11:00000008
21337186ns          375114 1c009040 f4c7a603 lw               x12, -180(x15)      x12=4113a3a6 x15:10001680  PA:100015cc
21337226ns          375116 1c009044 00000793 addi             x15, x0, 0          x15=00000000
21337246ns          375117 1c009048 a0f617d3 flt.s            x15, f12, f15       x15=00000000 f12:4113a3a6 f15:00000000
21337266ns          375118 1c00904c 00b12423 sw               x11, 8(x2)          x11:00000008  x2:10001598  PA:100015a0
21337285ns          375119 1c00904e 06d12423 sw               x13, 104(x2)        x13:40878623  x2:10001598  PA:10001600
21337325ns          375121 1c009050 00c00533 add              x10, x0, x12        x10=4113a3a6 x12:4113a3a6
21337345ns          375122 1c009052 00b008b3 add              x17, x0, x11        x17=00000008 x11:00000008
21337365ns          375123 1c009054 00078363 beq              x15, x0, 6          x15:00000000
21337425ns          375126 1c00905a 0e010713 addi             x14, x2, 224        x14=10001678  x2:10001598
21337445ns          375127 1c00905c 011707b3 add              x15, x14, x17       x15=10001680 x14:10001678 x17:00000008
21337504ns          375130 1c009060 f607a783 lw               x15, -160(x15)      x15=beae251d x15:10001680  PA:100015e0
21337564ns          375133 1c009064 00000713 addi             x14, x0, 0          x14=00000000
21337584ns          375134 1c009068 a0e79753 flt.s            x14, f15, f14       x14=00000001 f15:beae251d f14:00000000
21337604ns          375135 1c00906c 06a12623 sw               x10, 108(x2)        x10:4113a3a6  x2:10001598  PA:10001604
21337624ns          375136 1c00906e 00070363 beq              x14, x0, 6          x14:00000001
21337644ns          375137 1c009070 2320106f jal              x0, 4658           
21337763ns          375143 1c00a2a2 20f79753 fsgnjn.s         f14, f15, f15       f14=xxxxxxxx f15:beae251d f15:beae251d
21337783ns          375144 1c00a2a6 dd1fe06f jal              x0, -4656          
21337823ns          375146 1c009076 00281813 slli             x16, x16, 0x2       x16=00000000 x16:00000000
21337842ns          375147 1c009078 0e010993 addi             x19, x2, 224        x19=10001678  x2:10001598
21337862ns          375148 1c00907c 010985b3 add              x11, x19, x16       x11=10001678 x19:10001678 x16:00000000
21337922ns          375151 1c009080 f4c5a883 lw               x17, -180(x11)      x17=4206e6a7 x11:10001678  PA:100015c4
21337962ns          375153 1c009084 00000593 addi             x11, x0, 0          x11=00000000
21337982ns          375154 1c009088 a0b895d3 flt.s            x11, f17, f11       x11=00000000 f17:4206e6a7 f11:00000000
21338002ns          375155 1c00908c 06e12823 sw               x14, 112(x2)        x14:3eae251d  x2:10001598  PA:10001608
21338021ns          375156 1c00908e 01100e33 add              x28, x0, x17        x28=4206e6a7 x17:4206e6a7
21338061ns          375158 1c009090 00058363 beq              x11, x0, 6          x11:00000000
21338141ns          375162 1c009096 0e010e93 addi             x29, x2, 224        x29=10001678  x2:10001598
21338161ns          375163 1c00909a 01d80833 add              x16, x16, x29       x16=10001678 x16:00000000 x29:10001678
21338181ns          375164 1c00909c f6082303 lw               x6, -160(x16)        x6=3d76f73a x16:10001678  PA:100015d8
21338220ns          375166 1c0090a0 00000593 addi             x11, x0, 0          x11=00000000
21338260ns          375168 1c0090a4 a0b315d3 flt.s            x11, f6, f11        x11=00000000  f6:3d76f73a f11:00000000
21338280ns          375169 1c0090a8 07c12a23 sw               x28, 116(x2)        x28:4206e6a7  x2:10001598  PA:1000160c
21338300ns          375170 1c0090aa 00058363 beq              x11, x0, 6          x11:00000000
21338399ns          375175 1c0090b0 006005b3 add              x11, x0, x6         x11=3d76f73a  x6:3d76f73a
21338419ns          375176 1c0090b2 a0d6a853 feq.s            x16, f13, f13       x16=00000001 f13:40878623 f13:40878623
21338439ns          375177 1c0090b6 06b12c23 sw               x11, 120(x2)        x11:3d76f73a  x2:10001598  PA:10001610
21338459ns          375178 1c0090b8 00080463 beq              x16, x0, 8          x16:00000001
21338479ns          375179 1c0090bc 0080106f jal              x0, 4104           
21338598ns          375185 1c00a0c4 a0a69853 flt.s            x16, f13, f10       x16=00000001 f13:40878623 f10:4113a3a6
21338638ns          375187 1c00a0c8 1e080563 beq              x16, x0, 490        x16:00000001
21338658ns          375188 1c00a0cc a0e516d3 flt.s            x13, f10, f14       x13=00000000 f10:4113a3a6 f14:3eae251d
21338718ns          375191 1c00a0d0 28069163 bne              x13, x0, 642        x13:00000000
21338757ns          375193 1c00a0d4 07412703 lw               x14, 116(x2)        x14=4206e6a7  x2:10001598  PA:1000160c
21338797ns          375195 1c00a0d6 a0e516d3 flt.s            x13, f10, f14       x13=00000001 f10:4113a3a6 f14:4206e6a7
21338817ns          375196 1c00a0da 00069263 bne              x13, x0, 4          x13:00000001
21338917ns          375201 1c00a0de a0b716d3 flt.s            x13, f14, f11       x13=00000000 f14:4206e6a7 f11:3d76f73a
21338936ns          375202 1c00a0e2 84069063 bne              x13, x0, -4032      x13:00000000
21338956ns          375203 1c00a0e6 00e005b3 add              x11, x0, x14        x11=4206e6a7 x14:4206e6a7
21338976ns          375204 1c00a0e8 83aff06f jal              x0, -4038          
21339155ns          375213 1c009122 1c0004b7 lui              x9, 0x1c000000       x9=1c000000
21339175ns          375214 1c009126 0204a703 lw               x14, 32(x9)         x14=3f800000  x9:1c000000  PA:1c000020
21339493ns          375230 1c00912a 18b77753 fdiv.s           f14, f14, f11       f14=xxxxxxxx f14:3f800000 f11:4206e6a7
21339772ns          375244 1c00912e 105772d3 fmul.s           f5, f14, f5          f5=xxxxxxxx f14:3cf2e772  f5:40878623
21339792ns          375245 1c009132 10e7f7d3 fmul.s           f15, f15, f14       f15=xxxxxxxx f15:beae251d f14:3cf2e772
21339812ns          375246 1c009136 00000513 addi             x10, x0, 0          x10=00000000
21339832ns          375247 1c00913a 28e676c3 fmadd.s          f13, f12, f14, f5   f13=xxxxxxxx f12:4113a3a6 f14:3cf2e772  f5:3e009753
21339891ns          375250 1c00913e 28e67e47 fmsub.s          f28, f12, f14, f5   f28=xxxxxxxx f12:4113a3a6 f14:3cf2e772  f5:3e009753
21339931ns          375252 1c009142 10f7f853 fmul.s           f16, f15, f15       f16=xxxxxxxx f15:bc253c86 f15:bc253c86
21339951ns          375253 1c009146 10f2f653 fmul.s           f12, f5, f15        f12=xxxxxxxx  f5:3e009753 f15:bc253c86
21339971ns          375254 1c00914a 10e8f7d3 fmul.s           f15, f17, f14       f15=xxxxxxxx f17:4206e6a7 f14:3cf2e772
21340030ns          375257 1c00914e 1c000737 lui              x14, 0x1c000000     x14=1c000000
21340070ns          375259 1c009152 81c6f6c3 fmadd.s          f13, f13, f28, f16  f13=xxxxxxxx f13:3ecc61d7 f28:3e179508 f16:38d54e26
21340090ns          375260 1c009156 03070713 addi             x14, x14, 48        x14=1c000030 x14:1c000000
21340110ns          375261 1c00915a 00072703 lw               x14, 0(x14)         x14=3f000000 x14:1c000030  PA:1c000030
21340428ns          375277 1c00915c 10c67653 fmul.s           f12, f12, f12       f12=xxxxxxxx f12:baa5ffdf f12:baa5ffdf
21340448ns          375278 1c009160 10e6f6d3 fmul.s           f13, f13, f14       f13=xxxxxxxx f13:3d727409 f14:3f000000
21340468ns          375279 1c009164 a0a6a753 feq.s            x14, f13, f10       x14=00000000 f13:3cf27409 f10:00000000
21340488ns          375280 1c009168 00070663 beq              x14, x0, 12         x14:00000000
21340587ns          375285 1c009174 00000513 addi             x10, x0, 0          x10=00000000
21340607ns          375286 1c009178 a0a69553 flt.s            x10, f13, f10       x10=00000000 f13:3cf27409 f10:00000000
21340627ns          375287 1c00917c 60d6f743 fmadd.s          f14, f13, f13, f12  f14=xxxxxxxx f13:3cf27409 f13:3cf27409 f12:35d747aa
21340687ns          375290 1c009180 58077753 fsqrt.s          f14, f14            f14=xxxxxxxx f14:3a660b39
21340985ns          375305 1c009184 00050363 beq              x10, x0, 6          x10:00000000
21341065ns          375309 1c00918a 00e6f6d3 fadd.s           f13, f13, f14       f13=xxxxxxxx f13:3cf27409 f14:3cf2acd6
21341085ns          375310 1c00918e 18d67753 fdiv.s           f14, f12, f13       f14=xxxxxxxx f12:35d747aa f13:3d729070
21341105ns          375311 1c009192 00f2f853 fadd.s           f16, f5, f15        f16=xxxxxxxx  f5:3e009753 f15:3f800000
21341383ns          375325 1c009196 0857f6d3 fsub.s           f13, f15, f5        f13=xxxxxxxx f15:3f800000  f5:3e009753
21341403ns          375326 1c00919a 18b375d3 fdiv.s           f11, f6, f11        f11=xxxxxxxx  f6:3d76f73a f11:4206e6a7
21342199ns          375366 1c00919e 10b7f7d3 fmul.s           f15, f15, f11       f15=xxxxxxxx f15:3f800000 f11:3aea54fc
21342218ns          375367 1c0091a2 70d87843 fmadd.s          f16, f16, f13, f14  f16=xxxxxxxx f16:3f9012ea f13:3f5fda2b f14:37e33456
21342238ns          375368 1c0091a6 5dfc4563 blt              x24, x31, 1482      x24:00000003 x31:00000001
21342258ns          375369 1c0091aa 002f9693 slli             x13, x31, 0x2       x13=00000004 x31:00000001
21342318ns          375372 1c0091ae 01f68333 add              x6, x13, x31         x6=00000005 x13:00000004 x31:00000001
21342338ns          375373 1c0091b2 00231313 slli             x6, x6, 0x2          x6=00000014  x6:00000005
21342358ns          375374 1c0091b4 058fc733 p.min            x14, x31, x24       x14=00000001 x31:00000001 x24:00000003
21342378ns          375375 1c0091b8 02c10893 addi             x17, x2, 44         x17=100015c4  x2:10001598
21342397ns          375376 1c0091bc 0e010993 addi             x19, x2, 224        x19=10001678  x2:10001598
21342457ns          375379 1c0091c0 ffc68a13 addi             x20, x13, -4        x20=00000000 x13:00000004
21342497ns          375381 1c0091c4 fec30e13 addi             x28, x6, -20        x28=00000000  x6:00000014
21342517ns          375382 1c0091c8 00d88ab3 add              x21, x17, x13       x21=100015c8 x17:100015c4 x13:00000004
21342537ns          375383 1c0091cc 00d98633 add              x12, x19, x13       x12=1000167c x19:10001678 x13:00000004
21342596ns          375386 1c0091d0 41f70b33 sub              x22, x14, x31       x22=00000000 x14:00000001 x31:00000001
21342636ns          375388 1c0091d4 04010393 addi             x7, x2, 64           x7=100015d8  x2:10001598
21342656ns          375389 1c0091d8 001f8693 addi             x13, x31, 1         x13=00000002 x31:00000001
21342676ns          375390 1c0091dc 00170713 addi             x14, x14, 1         x14=00000002 x14:00000001
21342736ns          375393 1c0091de 006c8eb3 add              x29, x25, x6        x29=10001734 x25:10001720  x6:00000014
21342775ns          375395 1c0091e2 01488bb3 add              x23, x17, x20       x23=100015c4 x17:100015c4 x20:00000000
21342795ns          375396 1c0091e6 01cc8f33 add              x30, x25, x28       x30=10001720 x25:10001720 x28:00000000
21342815ns          375397 1c0091ea f5c62503 lw               x10, -164(x12)      x10=3d76f73a x12:1000167c  PA:100015d8
21342875ns          375400 1c0091ee ffcaa583 lw               x11, -4(x21)        x11=4206e6a7 x21:100015c8  PA:100015c4
21342895ns          375401 1c0091f2 01a30333 add              x6, x6, x26          x6=100016d0  x6:00000014 x26:100016bc
21342915ns          375402 1c0091f4 007a0a33 add              x20, x20, x7        x20=100015d8 x20:00000000  x7:100015d8
21342934ns          375403 1c0091f6 01ae0e33 add              x28, x28, x26       x28=100016bc x28:00000000 x26:100016bc
21342954ns          375404 1c0091f8 00000293 addi             x5, x0, 0            x5=00000000
21342974ns          375405 1c0091fc 001b0b13 addi             x22, x22, 1         x22=00000001 x22:00000000
21343014ns          375407 1c0091fe 00d75463 bge              x14, x13, 8         x14:00000002 x13:00000002
21343094ns          375411 1c009206 145b40fb lp.setup         0x1, x22, 0x145     x22:00000001
21343113ns          375412 1c00920a a0581753 flt.s            x14, f16, f5        x14=00000000 f16:3f7bf84b  f5:00000000
21343133ns          375413 1c00920e 01000633 add              x12, x0, x16        x12=3f7bf84b x16:3f7bf84b
21343173ns          375415 1c009210 00070363 beq              x14, x0, 6          x14:00000000
21343253ns          375419 1c009216 a0579753 flt.s            x14, f15, f5        x14=00000000 f15:3aea54fc  f5:00000000
21343273ns          375420 1c00921a 00f008b3 add              x17, x0, x15        x17=3aea54fc x15:3aea54fc
21343293ns          375421 1c00921c 00070363 beq              x14, x0, 6          x14:00000000
21343392ns          375426 1c009222 a0c89753 flt.s            x14, f17, f12       x14=00000001 f17:3aea54fc f12:3f7bf84b
21343412ns          375427 1c009226 010006b3 add              x13, x0, x16        x13=3f7bf84b x16:3f7bf84b
21343432ns          375428 1c009228 00071263 bne              x14, x0, 4          x14:00000001
21343531ns          375433 1c00922c 01167753 fadd.s           f14, f12, f17       f14=xxxxxxxx f12:3f7bf84b f17:3aea54fc
21343551ns          375434 1c009230 a05723d3 feq.s            x7, f14, f5          x7=00000000 f14:3f7c6d75  f5:00000000
21343571ns          375435 1c009234 00038463 beq              x7, x0, 8            x7:00000000
21343631ns          375438 1c00923c 1c000437 lui              x8, 0x1c000000       x8=1c000000
21343690ns          375441 1c009240 02040413 addi             x8, x8, 32           x8=1c000020  x8:1c000000
21343730ns          375443 1c009244 00042403 lw               x8, 0(x8)            x8=3f800000  x8:1c000020  PA:1c000020
21344048ns          375459 1c009246 18e473d3 fdiv.s           f7, f8, f14          f7=xxxxxxxx  f8:3f800000 f14:3f7c6d75
21344327ns          375473 1c00924a 1078f8d3 fmul.s           f17, f17, f7        f17=xxxxxxxx f17:3aea54fc  f7:3f81cfbe
21344347ns          375474 1c00924e 10767653 fmul.s           f12, f12, f7        f12=xxxxxxxx f12:3f7bf84b  f7:3f81cfbe
21344367ns          375475 1c009252 a05696d3 flt.s            x13, f13, f5        x13=00000000 f13:3f7bf84b  f5:00000000
21344386ns          375476 1c009256 1118f8d3 fmul.s           f17, f17, f17       f17=xxxxxxxx f17:3aeda5f7 f17:3aeda5f7
21344406ns          375477 1c00925a 88c67643 fmadd.s          f12, f12, f12, f17  f12=xxxxxxxx f12:3f7f892d f12:3f7f892d f17:365c9cb7
21344466ns          375480 1c00925e 58067653 fsqrt.s          f12, f12            f12=xxxxxxxx f12:3f7f12c8
21344764ns          375495 1c009262 10c77753 fmul.s           f14, f14, f12       f14=xxxxxxxx f14:3f7c6d75 f12:3f7f8948
21344784ns          375496 1c009266 00068363 beq              x13, x0, 6          x13:00000000
21344904ns          375502 1c00926c 1c0004b7 lui              x9, 0x1c000000       x9=1c000000
21344924ns          375503 1c009270 02048493 addi             x9, x9, 32           x9=1c000020  x9:1c000000
21344943ns          375504 1c009274 0004a483 lw               x9, 0(x9)            x9=3f800000  x9:1c000020  PA:1c000020
21345282ns          375521 1c009276 18e4f753 fdiv.s           f14, f9, f14        f14=xxxxxxxx  f9:3f800000 f14:3f7bf865
21345560ns          375535 1c00927a 10e87653 fmul.s           f12, f16, f14       f12=xxxxxxxx f16:3f7bf84b f14:3f820c0d
21345580ns          375536 1c00927e 10e7f7d3 fmul.s           f15, f15, f14       f15=xxxxxxxx f15:3aea54fc f14:3f820c0d
21345600ns          375537 1c009282 000e2683 lw               x13, 0(x28)         x13=3edc6ac7 x28:100016bc  PA:100016bc
21345620ns          375538 1c009286 00032803 lw               x16, 0(x6)          x16=bee37afb  x6:100016d0  PA:100016d0
21345640ns          375539 1c00928a 10d7f3d3 fmul.s           f7, f15, f13         f7=xxxxxxxx f15:3aee1460 f13:3edc6ac7
21345699ns          375542 1c00928e 1107f8d3 fmul.s           f17, f15, f16       f17=xxxxxxxx f15:3aee1460 f16:bee37afb
21345739ns          375544 1c009292 10f57753 fmul.s           f14, f10, f15       f14=xxxxxxxx f10:3d76f73a f15:3aee1460
21345759ns          375545 1c009296 39067847 fmsub.s          f16, f12, f16, f7   f16=xxxxxxxx f12:3f7fffe5 f16:bee37afb  f7:3a4cfcd0
21345779ns          375546 1c00929a 88d676c3 fmadd.s          f13, f12, f13, f17  f13=xxxxxxxx f12:3f7fffe5 f13:3edc6ac7 f17:ba538e70
21345839ns          375549 1c00929e 10b7f3d3 fmul.s           f7, f15, f11         f7=xxxxxxxx f15:3aee1460 f11:4206e6a7
21345878ns          375551 1c0092a2 01032023 sw               x16, 0(x6)          x16:bee3e161  x6:100016d0  PA:100016d0
21345898ns          375552 1c0092a6 00de2023 sw               x13, 0(x28)         x13:3edc00e9 x28:100016bc  PA:100016bc
21345918ns          375553 1c0092aa 004e2803 lw               x16, 4(x28)         x16=3f0a847e x28:100016bc  PA:100016c0
21345978ns          375556 1c0092ae 00432883 lw               x17, 4(x6)          x17=bec35790  x6:100016d0  PA:100016d4
21346018ns          375558 1c0092b2 1107f453 fmul.s           f8, f15, f16         f8=xxxxxxxx f15:3aee1460 f16:3f0a847e
21346037ns          375559 1c0092b6 1117f6d3 fmul.s           f13, f15, f17       f13=xxxxxxxx f15:3aee1460 f17:bec35790
21346057ns          375560 1c0092ba 70b67743 fmadd.s          f14, f12, f11, f14  f14=xxxxxxxx f12:3f7fffe5 f11:4206e6a7 f14:38e5ad80
21346117ns          375563 1c0092be 411678c7 fmsub.s          f17, f12, f17, f8   f17=xxxxxxxx f12:3f7fffe5 f17:bec35790  f8:3a80d233
21346157ns          375565 1c0092c2 69067843 fmadd.s          f16, f12, f16, f13  f16=xxxxxxxx f12:3f7fffe5 f16:3f0a847e f13:ba35aaf4
21346177ns          375566 1c0092c6 38c576c7 fmsub.s          f13, f10, f12, f7   f13=xxxxxxxx f10:3d76f73a f12:3f7fffe5  f7:3d7aea58
21346197ns          375567 1c0092ca 01132223 sw               x17, 4(x6)          x17:bec3d84e  x6:100016d0  PA:100016d4
21346256ns          375570 1c0092ce 008e2583 lw               x11, 8(x28)         x11=3ee84f9b x28:100016bc  PA:100016c4
21346296ns          375572 1c0092d2 010e2223 sw               x16, 4(x28)         x16:3f0a5705 x28:100016bc  PA:100016c0
21346316ns          375573 1c0092d6 00832803 lw               x16, 8(x6)          x16=3f1a75ce  x6:100016d0  PA:100016d8
21346336ns          375574 1c0092da 10b7f8d3 fmul.s           f17, f15, f11       f17=xxxxxxxx f15:3aee1460 f11:3ee84f9b
21346395ns          375577 1c0092de 1107f553 fmul.s           f10, f15, f16       f10=xxxxxxxx f15:3aee1460 f16:3f1a75ce
21346435ns          375579 1c0092e2 a05713d3 flt.s            x7, f14, f5          x7=00000000 f14:4206e6b5  f5:00000000
21346455ns          375580 1c0092e6 890678c7 fmsub.s          f17, f12, f16, f17  f17=xxxxxxxx f12:3f7fffe5 f16:3f1a75ce f17:3a580c7f
21346475ns          375581 1c0092ea 50b67543 fmadd.s          f10, f12, f11, f10  f10=xxxxxxxx f12:3f7fffe5 f11:3ee84f9b f10:3a8fa5d1
21346535ns          375584 1c0092ee 000aa803 lw               x16, 0(x21)         x16=41548634 x21:100015c8  PA:100015c8
21346574ns          375586 1c0092f2 01132423 sw               x17, 8(x6)          x17:3f1a3fbb  x6:100016d0  PA:100016d8
21346594ns          375587 1c0092f6 00ce2583 lw               x11, 12(x28)        x11=3f004f95 x28:100016bc  PA:100016c8
21346614ns          375588 1c0092fa 00ae2423 sw               x10, 8(x28)         x10:3ee8df28 x28:100016bc  PA:100016c4
21346674ns          375591 1c0092fe 00c32403 lw               x8, 12(x6)           x8=bcdf87dd  x6:100016d0  PA:100016dc
21346714ns          375593 1c009302 10b7f8d3 fmul.s           f17, f15, f11       f17=xxxxxxxx f15:3aee1460 f11:3f004f95
21346734ns          375594 1c009306 1087f553 fmul.s           f10, f15, f8        f10=xxxxxxxx f15:3aee1460  f8:bcdf87dd
21346753ns          375595 1c00930a 00da222b p.sw             x13, 4(x20!)        x20=100015dc x13:ba7cce03 x20:100015d8  PA:100015d8
21346813ns          375598 1c00930e 88867447 fmsub.s          f8, f12, f8, f17     f8=xxxxxxxx f12:3f7fffe5  f8:bcdf87dd f17:3a6ea866
21346853ns          375600 1c009312 50b67543 fmadd.s          f10, f12, f11, f10  f10=xxxxxxxx f12:3f7fffe5 f11:3f004f95 f10:b84fe21a
21346873ns          375601 1c009316 10f875d3 fmul.s           f11, f16, f15       f11=xxxxxxxx f16:41548634 f15:3aee1460
21346893ns          375602 1c00931a 00832623 sw               x8, 12(x6)           x8:bce6fd09  x6:100016d0  PA:100016dc
21346952ns          375605 1c00931e 010e2403 lw               x8, 16(x28)          x8=3e825757 x28:100016bc  PA:100016cc
21346992ns          375607 1c009322 00ae2623 sw               x10, 12(x28)        x10:3f004c48 x28:100016bc  PA:100016c8
21347012ns          375608 1c009326 01032503 lw               x10, 16(x6)         x10=3f0a64c4  x6:100016d0  PA:100016e0
21347032ns          375609 1c00932a 1087f4d3 fmul.s           f9, f15, f8          f9=xxxxxxxx f15:3aee1460  f8:3e825757
21347092ns          375612 1c00932e 10a7f7d3 fmul.s           f15, f15, f10       f15=xxxxxxxx f15:3aee1460 f10:3f0a64c4
21347131ns          375614 1c009332 10c878d3 fmul.s           f17, f16, f12       f17=xxxxxxxx f16:41548634 f12:3f7fffe5
21347151ns          375615 1c009336 48a67547 fmsub.s          f10, f12, f10, f9   f10=xxxxxxxx f12:3f7fffe5 f10:3f0a64c4  f9:39f26f25
21347171ns          375616 1c00933a 788677c3 fmadd.s          f15, f12, f8, f15   f15=xxxxxxxx f12:3f7fffe5  f8:3e825757 f15:3a80b4b2
21347231ns          375619 1c00933e 00a32823 sw               x10, 16(x6)         x10:3f0a4668  x6:100016d0  PA:100016e0
21347271ns          375621 1c009342 00fe2823 sw               x15, 16(x28)        x15:3e82d7fe x28:100016bc  PA:100016cc
21347291ns          375622 1c009346 00e007b3 add              x15, x0, x14        x15=4206e6b5 x14:4206e6b5
21347310ns          375623 1c009348 00038463 beq              x7, x0, 8            x7:00000000
21347410ns          375628 1c009350 a0559653 flt.s            x12, f11, f5        x12=00000000 f11:3cc5a5af  f5:00000000
21347430ns          375629 1c009354 700616e3 bne              x12, x0, 3852       x12:00000000
21347450ns          375630 1c009358 00b00633 add              x12, x0, x11        x12=3cc5a5af x11:3cc5a5af
21347470ns          375631 1c00935a a0f61553 flt.s            x10, f12, f15       x10=00000001 f12:3cc5a5af f15:4206e6b5
21347489ns          375632 1c00935e 00e00833 add              x16, x0, x14        x16=4206e6b5 x14:4206e6b5
21347529ns          375634 1c009360 00051263 bne              x10, x0, 4          x10:00000001
21347589ns          375637 1c009364 00c7f453 fadd.s           f8, f15, f12         f8=xxxxxxxx f15:4206e6b5 f12:3cc5a5af
21347609ns          375638 1c009368 a05423d3 feq.s            x7, f8, f5           x7=00000000  f8:4206ff6a  f5:00000000
21347629ns          375639 1c00936c 6a0397e3 bne              x7, x0, 3758         x7:00000000
21347688ns          375642 1c009370 1c0009b7 lui              x19, 0x1c000000     x19=1c000000
21347728ns          375644 1c009374 02098993 addi             x19, x19, 32        x19=1c000020 x19:1c000000
21347748ns          375645 1c009378 0009a983 lw               x19, 0(x19)         x19=3f800000 x19:1c000020  PA:1c000020
21348066ns          375661 1c00937c 1889f3d3 fdiv.s           f7, f19, f8          f7=xxxxxxxx f19:3f800000  f8:4206ff6a
21348345ns          375675 1c009380 10767653 fmul.s           f12, f12, f7        f12=xxxxxxxx f12:3cc5a5af  f7:3cf2bae4
21348365ns          375676 1c009384 1077f7d3 fmul.s           f15, f15, f7        f15=xxxxxxxx f15:4206e6b5  f7:3cf2bae4
21348385ns          375677 1c009388 a0581853 flt.s            x16, f16, f5        x16=00000000 f16:4206e6b5  f5:00000000
21348404ns          375678 1c00938c 10c67653 fmul.s           f12, f12, f12       f12=xxxxxxxx f12:3a3b66ea f12:3a3b66ea
21348444ns          375680 1c009390 60f7f7c3 fmadd.s          f15, f15, f15, f12  f15=xxxxxxxx f15:3f7fd126 f15:3f7fd126 f12:35092f83
21348484ns          375682 1c009394 5807f7d3 fsqrt.s          f15, f15            f15=xxxxxxxx f15:3f7fa25d
21348762ns          375696 1c009398 10f47453 fmul.s           f8, f8, f15          f8=xxxxxxxx  f8:4206ff6a f15:3f7fd12a
21348782ns          375697 1c00939c 00080463 beq              x16, x0, 8          x16:00000000
21348842ns          375700 1c0093a4 1c0003b7 lui              x7, 0x1c000000       x7=1c000000
21348862ns          375701 1c0093a8 02038393 addi             x7, x7, 32           x7=1c000020  x7:1c000000
21348882ns          375702 1c0093ac 0003a383 lw               x7, 0(x7)            x7=3f800000  x7:1c000020  PA:1c000020
21349220ns          375719 1c0093b0 1883f7d3 fdiv.s           f15, f7, f8         f15=xxxxxxxx  f7:3f800000  f8:4206e6b7
21349677ns          375742 1c0093b4 10f77653 fmul.s           f12, f14, f15       f12=xxxxxxxx f14:4206e6b5 f15:3cf2e755
21349697ns          375743 1c0093b8 10f5f3d3 fmul.s           f7, f11, f15         f7=xxxxxxxx f11:3cc5a5af f15:3cf2e755
21349717ns          375744 1c0093bc 10c6f853 fmul.s           f16, f13, f12       f16=xxxxxxxx f13:ba7cce03 f12:3f7ffffc
21349737ns          375745 1c0093c0 207395d3 fsgnjn.s         f11, f7, f7         f11=xxxxxxxx  f7:3a3b893a  f7:3a3b893a
21349757ns          375746 1c0093c4 000f2783 lw               x15, 0(x30)         x15=3eb9ce90 x30:10001720  PA:10001720
21349777ns          375747 1c0093c8 000ea483 lw               x9, 0(x29)           x9=bec84d3c x29:10001734  PA:10001734
21349797ns          375748 1c0093cc 1077f953 fmul.s           f18, f15, f7        f18=xxxxxxxx f15:3eb9ce90  f7:3a3b893a
21349837ns          375750 1c0093d0 1074f553 fmul.s           f10, f9, f7         f10=xxxxxxxx  f9:bec84d3c  f7:3a3b893a
21349876ns          375752 1c0093d4 10c8f753 fmul.s           f14, f17, f12       f14=xxxxxxxx f17:4154861e f12:3f7ffffc
21349896ns          375753 1c0093d8 90c4f4c7 fmsub.s          f9, f9, f12, f18     f9=xxxxxxxx  f9:bec84d3c f12:3f7ffffc f18:39881d7d
21349916ns          375754 1c0093dc 50c7f543 fmadd.s          f10, f15, f12, f10  f10=xxxxxxxx f15:3eb9ce90 f12:3f7ffffc f10:b992bbca
21349976ns          375757 1c0093e0 70b6f5c3 fmadd.s          f11, f13, f11, f14  f11=xxxxxxxx f13:ba7cce03 f11:ba3b893a f14:4154861b
21350016ns          375759 1c0093e4 009ea023 sw               x9, 0(x29)           x9:bec86f40 x29:10001734  PA:10001734
21350035ns          375760 1c0093e8 00af2023 sw               x10, 0(x30)         x10:3eb9a9de x30:10001720  PA:10001720
21350055ns          375761 1c0093ec 004f2503 lw               x10, 4(x30)         x10=3f02313d x30:10001720  PA:10001724
21350115ns          375764 1c0093f0 004ea483 lw               x9, 4(x29)           x9=bf014668 x29:10001734  PA:10001738
21350155ns          375766 1c0093f4 10a3f9d3 fmul.s           f19, f7, f10        f19=xxxxxxxx  f7:3a3b893a f10:3f02313d
21350175ns          375767 1c0093f8 1093f953 fmul.s           f18, f7, f9         f18=xxxxxxxx  f7:3a3b893a  f9:bf014668
21350195ns          375768 1c0093fc 008ba22b p.sw             x8, 4(x23!)         x23=100015c8  x8:4206e6b7 x23:100015c4  PA:100015c4
21350254ns          375771 1c009400 989674c7 fmsub.s          f9, f12, f9, f19     f9=xxxxxxxx f12:3f7ffffc  f9:bf014668 f19:39bebf83
21350294ns          375773 1c009404 90a67743 fmadd.s          f14, f12, f10, f18  f14=xxxxxxxx f12:3f7ffffc f10:3f02313d f18:b9bd6774
21350314ns          375774 1c009408 8078f843 fmadd.s          f16, f17, f7, f16   f16=xxxxxxxx f17:4154861e  f7:3a3b893a f16:ba7ccdff
21350334ns          375775 1c00940c 009ea223 sw               x9, 4(x29)           x9:bf015e3e x29:10001734  PA:10001738
21350393ns          375778 1c009410 00ef2223 sw               x14, 4(x30)         x14:3f02198e x30:10001720  PA:10001724
21350433ns          375780 1c009414 008f2703 lw               x14, 8(x30)         x14=3f191068 x30:10001720  PA:10001728
21350453ns          375781 1c009418 008ea483 lw               x9, 8(x29)           x9=3e87f04b x29:10001734  PA:1000173c
21350473ns          375782 1c00941c 10e3f953 fmul.s           f18, f7, f14        f18=xxxxxxxx  f7:3a3b893a f14:3f191068
21350533ns          375785 1c009420 1093f6d3 fmul.s           f13, f7, f9         f13=xxxxxxxx  f7:3a3b893a  f9:3e87f04b
21350573ns          375787 1c009424 000a2783 lw               x15, 0(x20)         x15=3ee88d0d x20:100015dc  PA:100015dc
21350592ns          375788 1c009428 909674c7 fmsub.s          f9, f12, f9, f18     f9=xxxxxxxx f12:3f7ffffc  f9:3e87f04b f18:39e04211
21350612ns          375789 1c00942c 68e676c3 fmadd.s          f13, f12, f14, f13  f13=xxxxxxxx f12:3f7ffffc f14:3f191068 f13:39472aca
21350672ns          375792 1c009430 10c7f553 fmul.s           f10, f15, f12       f10=xxxxxxxx f15:3ee88d0d f12:3f7ffffc
21350712ns          375794 1c009434 009ea423 sw               x9, 8(x29)           x9:3e87b838 x29:10001734  PA:1000173c
21350732ns          375795 1c009438 00cf2703 lw               x14, 12(x30)        x14=3e9d35fb x30:10001720  PA:1000172c
21350752ns          375796 1c00943c 00df2423 sw               x13, 8(x30)         x13:3f191cd8 x30:10001720  PA:10001728
21350811ns          375799 1c009440 00cea683 lw               x13, 12(x29)        x13=be0b4491 x29:10001734  PA:10001740
21350851ns          375801 1c009444 10e3f4d3 fmul.s           f9, f7, f14          f9=xxxxxxxx  f7:3a3b893a f14:3e9d35fb
21350871ns          375802 1c009448 10d3f453 fmul.s           f8, f7, f13          f8=xxxxxxxx  f7:3a3b893a f13:be0b4491
21350891ns          375803 1c00944c 00baa22b p.sw             x11, 4(x21!)        x21=100015cc x11:4154861c x21:100015c8  PA:100015c8
21350950ns          375806 1c009450 48d676c7 fmsub.s          f13, f12, f13, f9   f13=xxxxxxxx f12:3f7ffffc f13:be0b4491  f9:39665568
21350990ns          375808 1c009454 40e67743 fmadd.s          f14, f12, f14, f8   f14=xxxxxxxx f12:3f7ffffc f14:3e9d35fb  f8:b8cc0b7a
21351010ns          375809 1c009458 00aa2023 sw               x10, 0(x20)         x10:3ee88d09 x20:100015dc  PA:100015dc
21351030ns          375810 1c00945c 00dea623 sw               x13, 12(x29)        x13:be0b7e24 x29:10001734  PA:10001740
21351090ns          375813 1c009460 010f2883 lw               x17, 16(x30)        x17=3ecb71f8 x30:10001720  PA:10001730
21351129ns          375815 1c009464 00ef2623 sw               x14, 12(x30)        x14:3e9d2938 x30:10001720  PA:1000172c
21351149ns          375816 1c009468 010ea683 lw               x13, 16(x29)        x13=3f358dc1 x29:10001734  PA:10001744
21351169ns          375817 1c00946c 1113f453 fmul.s           f8, f7, f17          f8=xxxxxxxx  f7:3a3b893a f17:3ecb71f8
21351229ns          375820 1c009470 10d3f753 fmul.s           f14, f7, f13        f14=xxxxxxxx  f7:3a3b893a f13:3f358dc1
21351269ns          375822 1c009474 1077f7d3 fmul.s           f15, f15, f7        f15=xxxxxxxx f15:3ee88d0d  f7:3a3b893a
21351289ns          375823 1c009478 40d676c7 fmsub.s          f13, f12, f13, f8   f13=xxxxxxxx f12:3f7ffffc f13:3f358dc1  f8:3995094e
21351308ns          375824 1c00947c 71167743 fmadd.s          f14, f12, f17, f14  f14=xxxxxxxx f12:3f7ffffc f17:3ecb71f8 f14:3a04ffde
21351368ns          375827 1c009480 001f8f93 addi             x31, x31, 1         x31=00000002 x31:00000001
21351408ns          375829 1c009482 00dea823 sw               x13, 16(x29)        x13:3f357b1d x29:10001734  PA:10001744
21351428ns          375830 1c009486 00ef2823 sw               x14, 16(x30)        x14:3ecbb475 x30:10001720  PA:10001730
21351448ns          375831 1c00948a 014e8e93 addi             x29, x29, 20        x29=10001748 x29:10001734
21351468ns          375832 1c00948c 01430313 addi             x6, x6, 20           x6=100016e4  x6:100016d0
21351487ns          375833 1c00948e 014f0f13 addi             x30, x30, 20        x30=10001734 x30:10001720
21351507ns          375834 1c009490 014e0e13 addi             x28, x28, 20        x28=100016d0 x28:100016bc
21351547ns          375836 1c009492 2dfc4f63 blt              x24, x31, 734       x24:00000003 x31:00000002
21351567ns          375837 1c009496 002f9713 slli             x14, x31, 0x2       x14=00000008 x31:00000002
21351587ns          375838 1c00949a ffc70b13 addi             x22, x14, -4        x22=00000004 x14:00000008
21351647ns          375841 1c00949e 002c1913 slli             x18, x24, 0x2       x18=0000000c x24:00000003
21351686ns          375843 1c0094a2 01f70633 add              x12, x14, x31       x12=0000000a x14:00000008 x31:00000002
21351706ns          375844 1c0094a6 41690933 sub              x18, x18, x22       x18=00000008 x18:0000000c x22:00000004
21351726ns          375845 1c0094aa 02c10513 addi             x10, x2, 44         x10=100015c4  x2:10001598
21351746ns          375846 1c0094ac 04010593 addi             x11, x2, 64         x11=100015d8  x2:10001598
21351766ns          375847 1c0094ae 00261613 slli             x12, x12, 0x2       x12=00000028 x12:0000000a
21351786ns          375848 1c0094b0 00e50ab3 add              x21, x10, x14       x21=100015cc x10:100015c4 x14:00000008
21351826ns          375850 1c0094b4 00e58a33 add              x20, x11, x14       x20=100015e0 x11:100015d8 x14:00000008
21351846ns          375851 1c0094b8 ffc90913 addi             x18, x18, -4        x18=00000004 x18:00000008
21351865ns          375852 1c0094ba ff870713 addi             x14, x14, -8        x14=00000000 x14:00000008
21351885ns          375853 1c0094bc 04010693 addi             x13, x2, 64         x13=100015d8  x2:10001598
21352044ns          375861 1c0094be fec60e13 addi             x28, x12, -20       x28=00000014 x12:00000028
21352084ns          375863 1c0094c2 00295913 srli             x18, x18, 0x2       x18=00000001 x18:00000004
21352104ns          375864 1c0094c6 00e689b3 add              x19, x13, x14       x19=100015d8 x13:100015d8 x14:00000000
21352124ns          375865 1c0094ca ffcaa583 lw               x11, -4(x21)        x11=4154861c x21:100015cc  PA:100015c8
21352144ns          375866 1c0094ce 02c10713 addi             x14, x2, 44         x14=100015c4  x2:10001598
21352562ns          375887 1c0094d0 ffca2503 lw               x10, -4(x20)        x10=3ee88d09 x20:100015e0  PA:100015dc
21352601ns          375889 1c0094d4 00cc8f33 add              x30, x25, x12       x30=10001748 x25:10001720 x12:00000028
21352621ns          375890 1c0094d8 01cc8eb3 add              x29, x25, x28       x29=10001734 x25:10001720 x28:00000014
21352641ns          375891 1c0094dc 01a60633 add              x12, x12, x26       x12=100016e4 x12:00000028 x26:100016bc
21352661ns          375892 1c0094de 01ae0e33 add              x28, x28, x26       x28=100016d0 x28:00000014 x26:100016bc
21352701ns          375894 1c0094e0 00eb0b33 add              x22, x22, x14       x22=100015c8 x22:00000004 x14:100015c4
21352741ns          375896 1c0094e2 00000f93 addi             x31, x0, 0          x31=00000000
21352760ns          375897 1c0094e6 00190913 addi             x18, x18, 1         x18=00000002 x18:00000001
21352780ns          375898 1c0094e8 142940fb lp.setup         0x1, x18, 0x142     x18:00000002
21352800ns          375899 1c0094ec a1f81753 flt.s            x14, f16, f31       x14=00000000 f16:3c0be304 f31:00000000
21352840ns          375901 1c0094f0 010002b3 add              x5, x0, x16          x5=3c0be304 x16:3c0be304
21352860ns          375902 1c0094f2 00070363 beq              x14, x0, 6          x14:00000000
21352920ns          375905 1c0094f8 a1f79753 flt.s            x14, f15, f31       x14=00000000 f15:39aa5bb1 f31:00000000
21352940ns          375906 1c0094fc 00f006b3 add              x13, x0, x15        x13=39aa5bb1 x15:39aa5bb1
21352959ns          375907 1c0094fe 00070363 beq              x14, x0, 6          x14:00000000
21353437ns          375931 1c009504 a0569753 flt.s            x14, f13, f5        x14=00000001 f13:39aa5bb1  f5:3c0be304
21353457ns          375932 1c009508 01000333 add              x6, x0, x16          x6=3c0be304 x16:3c0be304
21353477ns          375933 1c00950a 00071263 bne              x14, x0, 4          x14:00000001
21353596ns          375939 1c00950e 0056f753 fadd.s           f14, f13, f5        f14=xxxxxxxx f13:39aa5bb1  f5:3c0be304
21353616ns          375940 1c009512 a1f728d3 feq.s            x17, f14, f31       x17=00000000 f14:3c1135e2 f31:00000000
21353636ns          375941 1c009516 52089be3 bne              x17, x0, 3382       x17:00000000
21353656ns          375942 1c00951a 1c0003b7 lui              x7, 0x1c000000       x7=1c000000
21353715ns          375945 1c00951e 02038393 addi             x7, x7, 32           x7=1c000020  x7:1c000000
21353755ns          375947 1c009522 0003a383 lw               x7, 0(x7)            x7=3f800000  x7:1c000020  PA:1c000020
21354073ns          375963 1c009526 18e3f8d3 fdiv.s           f17, f7, f14        f17=xxxxxxxx  f7:3f800000 f14:3c1135e2
21354590ns          375989 1c00952a 10d8f6d3 fmul.s           f13, f17, f13       f13=xxxxxxxx f17:42e1a89d f13:39aa5bb1
21354610ns          375990 1c00952e 1058f8d3 fmul.s           f17, f17, f5        f17=xxxxxxxx f17:42e1a89d  f5:3c0be304
21354630ns          375991 1c009532 a1f312d3 flt.s            x5, f6, f31          x5=00000000  f6:3c0be304 f31:00000000
21354650ns          375992 1c009536 10d6f6d3 fmul.s           f13, f13, f13       f13=xxxxxxxx f13:3d162acb f13:3d162acb
21354670ns          375993 1c00953a 6918f6c3 fmadd.s          f13, f17, f17, f13  f13=xxxxxxxx f17:3f769d53 f17:3f769d53 f13:3ab02c5a
21354869ns          376003 1c00953e 5806f353 fsqrt.s          f6, f13              f6=xxxxxxxx f13:3f6dead2
21355386ns          376029 1c009542 10e37353 fmul.s           f6, f6, f14          f6=xxxxxxxx  f6:3f76cb07 f14:3c1135e2
21355406ns          376030 1c009546 00028463 beq              x5, x0, 8            x5:00000000
21355545ns          376037 1c00954e 1c000437 lui              x8, 0x1c000000       x8=1c000000
21355565ns          376038 1c009552 02040413 addi             x8, x8, 32           x8=1c000020  x8:1c000000
21355585ns          376039 1c009556 00042403 lw               x8, 0(x8)            x8=3f800000  x8:1c000020  PA:1c000020
21355923ns          376056 1c009558 18647753 fdiv.s           f14, f8, f6         f14=xxxxxxxx  f8:3f800000  f6:3c0bfcf1
21357057ns          376113 1c00955c 10e876d3 fmul.s           f13, f16, f14       f13=xxxxxxxx f16:3c0be304 f14:42ea13be
21357077ns          376114 1c009560 10e7f7d3 fmul.s           f15, f15, f14       f15=xxxxxxxx f15:39aa5bb1 f14:42ea13be
21357097ns          376115 1c009564 000e2703 lw               x14, 0(x28)         x14=bee3e161 x28:100016d0  PA:100016d0
21357117ns          376116 1c009568 00062803 lw               x16, 0(x12)         x16=3ef24f03 x12:100016e4  PA:100016e4
21357136ns          376117 1c00956c 10e7f3d3 fmul.s           f7, f15, f14         f7=xxxxxxxx f15:3d1bc4f3 f14:bee3e161
21357176ns          376119 1c009570 1107f2d3 fmul.s           f5, f15, f16         f5=xxxxxxxx f15:3d1bc4f3 f16:3ef24f03
21357216ns          376121 1c009574 10f578d3 fmul.s           f17, f10, f15       f17=xxxxxxxx f10:3ee88d09 f15:3d1bc4f3
21357236ns          376122 1c009578 3906f847 fmsub.s          f16, f13, f16, f7   f16=xxxxxxxx f13:3f7fd097 f16:3ef24f03  f7:bc8aa8c7
21357256ns          376123 1c00957c 28e6f743 fmadd.s          f14, f13, f14, f5   f14=xxxxxxxx f13:3f7fd097 f14:bee3e161  f5:3c937041
21357315ns          376126 1c009580 88d5f8c3 fmadd.s          f17, f11, f13, f17  f17=xxxxxxxx f11:4154861c f13:3f7fd097 f17:3c8d804d
21357355ns          376128 1c009584 01062023 sw               x16, 0(x12)         x16:3efaccb0 x12:100016e4  PA:100016e4
21357375ns          376129 1c009588 00ee2023 sw               x14, 0(x28)         x14:beda8029 x28:100016d0  PA:100016d0
21357395ns          376130 1c00958c 004e2703 lw               x14, 4(x28)         x14=bec3d84e x28:100016d0  PA:100016d4
21357455ns          376133 1c009590 00462803 lw               x16, 4(x12)         x16=3dc85b87 x12:100016e4  PA:100016e8
21357494ns          376135 1c009594 10e7f453 fmul.s           f8, f15, f14         f8=xxxxxxxx f15:3d1bc4f3 f14:bec3d84e
21357514ns          376136 1c009598 10f873d3 fmul.s           f7, f16, f15         f7=xxxxxxxx f16:3dc85b87 f15:3d1bc4f3
21357534ns          376137 1c00959c 10f5f2d3 fmul.s           f5, f11, f15         f5=xxxxxxxx f11:4154861c f15:3d1bc4f3
21357594ns          376140 1c0095a0 40d87847 fmsub.s          f16, f16, f13, f8   f16=xxxxxxxx f16:3dc85b87 f13:3f7fd097  f8:bc6e5545
21357634ns          376142 1c0095a4 38e6f743 fmadd.s          f14, f13, f14, f7   f14=xxxxxxxx f13:3f7fd097 f14:bec3d84e  f7:3b73d31e
21357654ns          376143 1c0095a8 0069a22b p.sw             x6, 4(x19!)         x19=100015dc  x6:3c0bfcf1 x19:100015d8  PA:100015d8
21357674ns          376144 1c0095ac 01062223 sw               x16, 4(x12)         x16:3de60115 x12:100016e4  PA:100016e8
21357733ns          376147 1c0095b0 00ee2223 sw               x14, 4(x28)         x14:bec1cc63 x28:100016d0  PA:100016d4
21357773ns          376149 1c0095b4 008e2703 lw               x14, 8(x28)         x14=3f1a3fbb x28:100016d0  PA:100016d8
21357793ns          376150 1c0095b8 00862803 lw               x16, 8(x12)         x16=3e939305 x12:100016e4  PA:100016ec
21357813ns          376151 1c0095bc 10f773d3 fmul.s           f7, f14, f15         f7=xxxxxxxx f14:3f1a3fbb f15:3d1bc4f3
21357872ns          376154 1c0095c0 10f875d3 fmul.s           f11, f16, f15       f11=xxxxxxxx f16:3e939305 f15:3d1bc4f3
21357912ns          376156 1c0095c4 28d57547 fmsub.s          f10, f10, f13, f5   f10=xxxxxxxx f10:3ee88d09 f13:3f7fd097  f5:3f0150b3
21357932ns          376157 1c0095c8 38d873c7 fmsub.s          f7, f16, f13, f7     f7=xxxxxxxx f16:3e939305 f13:3f7fd097  f7:3cbbb683
21357952ns          376158 1c0095cc 58d775c3 fmadd.s          f11, f14, f13, f11  f11=xxxxxxxx f14:3f1a3fbb f13:3f7fd097 f11:3c339719
21358012ns          376161 1c0095d0 a1f892d3 flt.s            x5, f17, f31         x5=00000000 f17:4154a580 f31:00000000
21358051ns          376163 1c0095d4 00762423 sw               x7, 8(x12)           x7:3e87bc48 x12:100016e4  PA:100016ec
21358071ns          376164 1c0095d8 00ce2703 lw               x14, 12(x28)        x14=bce6fd09 x28:100016d0  PA:100016dc
21358091ns          376165 1c0095dc 00be2423 sw               x11, 8(x28)         x11:3f1cf186 x28:100016d0  PA:100016d8
21358151ns          376168 1c0095e0 00c62383 lw               x7, 12(x12)          x7=bf523a9d x12:100016e4  PA:100016f0
21358191ns          376170 1c0095e4 10f77453 fmul.s           f8, f14, f15         f8=xxxxxxxx f14:bce6fd09 f15:3d1bc4f3
21358211ns          376171 1c0095e8 10f3f5d3 fmul.s           f11, f7, f15        f11=xxxxxxxx  f7:bf523a9d f15:3d1bc4f3
21358230ns          376172 1c0095ec 000aa803 lw               x16, 0(x21)         x16=4113a3a6 x21:100015cc  PA:100015cc
21358290ns          376175 1c0095f0 40d3f3c7 fmsub.s          f7, f7, f13, f8      f7=xxxxxxxx  f7:bf523a9d f13:3f7fd097  f8:ba8c8ce9
21358330ns          376177 1c0095f4 58d775c3 fmadd.s          f11, f14, f13, f11  f11=xxxxxxxx f14:bce6fd09 f13:3f7fd097 f11:bcffd673
21358350ns          376178 1c0095f8 00a9a023 sw               x10, 0(x19)         x10:bd51fb72 x19:100015dc  PA:100015dc
21358390ns          376180 1c0095fc 00762623 sw               x7, 12(x12)          x7:bf51cd68 x12:100016e4  PA:100016f0
21358429ns          376182 1c009600 010e2703 lw               x14, 16(x28)        x14=3f0a4668 x28:100016d0  PA:100016e0
21358469ns          376184 1c009604 00be2623 sw               x11, 12(x28)        x11:bd73545a x28:100016d0  PA:100016dc
21358489ns          376185 1c009608 01062583 lw               x11, 16(x12)        x11=3dc242c1 x12:100016e4  PA:100016f4
21358509ns          376186 1c00960a 10f773d3 fmul.s           f7, f14, f15         f7=xxxxxxxx f14:3f0a4668 f15:3d1bc4f3
21358569ns          376189 1c00960e 10f5f353 fmul.s           f6, f11, f15         f6=xxxxxxxx f11:3dc242c1 f15:3d1bc4f3
21358608ns          376191 1c009612 1107f7d3 fmul.s           f15, f15, f16       f15=xxxxxxxx f15:3d1bc4f3 f16:4113a3a6
21358628ns          376192 1c009616 38d5f5c7 fmsub.s          f11, f11, f13, f7   f11=xxxxxxxx f11:3dc242c1 f13:3f7fd097  f7:3ca84604
21358648ns          376193 1c00961a 30d77743 fmadd.s          f14, f14, f13, f6   f14=xxxxxxxx f14:3f0a4668 f13:3f7fd097  f6:3b6c67bd
21358708ns          376196 1c00961e 1106f6d3 fmul.s           f13, f13, f16       f13=xxxxxxxx f13:3f7fd097 f16:4113a3a6
21358728ns          376197 1c009622 00b62823 sw               x11, 16(x12)        x11:3d980d46 x12:100016e4  PA:100016f4
21358748ns          376198 1c009624 00ee2823 sw               x14, 16(x28)        x14:3f0b1934 x28:100016d0  PA:100016e0
21358768ns          376199 1c009628 01100333 add              x6, x0, x17          x6=4154a580 x17:4154a580
21358787ns          376200 1c00962a 00028463 beq              x5, x0, 8            x5:00000000
21358907ns          376206 1c009632 a1f79753 flt.s            x14, f15, f31       x14=00000000 f15:3eb3ab56 f31:00000000
21358927ns          376207 1c009636 420719e3 bne              x14, x0, 3122       x14:00000000
21358947ns          376208 1c00963a 00f00733 add              x14, x0, x15        x14=3eb3ab56 x15:3eb3ab56
21358966ns          376209 1c00963c a0671853 flt.s            x16, f14, f6        x16=00000001 f14:3eb3ab56  f6:4154a580
21359006ns          376211 1c009640 011003b3 add              x7, x0, x17          x7=4154a580 x17:4154a580
21359046ns          376213 1c009642 00081363 bne              x16, x0, 6          x16:00000001
21359106ns          376216 1c009648 006772d3 fadd.s           f5, f14, f6          f5=xxxxxxxx f14:3eb3ab56  f6:4154a580
21359126ns          376217 1c00964c a1f2a5d3 feq.s            x11, f5, f31        x11=00000000  f5:415a42db f31:00000000
21359185ns          376220 1c009650 3a0593e3 bne              x11, x0, 2982       x11:00000000
21359225ns          376222 1c009654 1c000437 lui              x8, 0x1c000000       x8=1c000000
21359245ns          376223 1c009658 02040413 addi             x8, x8, 32           x8=1c000020  x8:1c000000
21359265ns          376224 1c00965c 00042403 lw               x8, 0(x8)            x8=3f800000  x8:1c000020  PA:1c000020
21359603ns          376241 1c00965e 185475d3 fdiv.s           f11, f8, f5         f11=xxxxxxxx  f8:3f800000  f5:415a42db
21359881ns          376255 1c009662 10e5f753 fmul.s           f14, f11, f14       f14=xxxxxxxx f11:3d9621d0 f14:3eb3ab56
21359901ns          376256 1c009666 a1f393d3 flt.s            x7, f7, f31          x7=00000000  f7:4154a580 f31:00000000
21359921ns          376257 1c00966a 1065f5d3 fmul.s           f11, f11, f6        f11=xxxxxxxx f11:3d9621d0  f6:4154a580
21359941ns          376258 1c00966e 10e77753 fmul.s           f14, f14, f14       f14=xxxxxxxx f14:3cd2bc3f f14:3cd2bc3f
21359961ns          376259 1c009672 70b5f743 fmadd.s          f14, f11, f11, f14  f14=xxxxxxxx f11:3f796a1e f11:3f796a1e f14:3a2d7962
21359981ns          376260 1c009676 58077353 fsqrt.s          f6, f14              f6=xxxxxxxx f14:3f732af9
21360717ns          376297 1c00967a 10537353 fmul.s           f6, f6, f5           f6=xxxxxxxx  f6:3f79805f  f5:415a42db
21360737ns          376298 1c00967e 00038463 beq              x7, x0, 8            x7:00000000
21360816ns          376302 1c009686 1c0004b7 lui              x9, 0x1c000000       x9=1c000000
21360836ns          376303 1c00968a 02048493 addi             x9, x9, 32           x9=1c000020  x9:1c000000
21360856ns          376304 1c00968e 0004a483 lw               x9, 0(x9)            x9=3f800000  x9:1c000020  PA:1c000020
21361194ns          376321 1c009690 1864f753 fdiv.s           f14, f9, f6         f14=xxxxxxxx  f9:3f800000  f6:4154b879
21361552ns          376339 1c009694 111778d3 fmul.s           f17, f14, f17       f17=xxxxxxxx f14:3d9a0add f17:4154a580
21361572ns          376340 1c009698 10f77753 fmul.s           f14, f14, f15       f14=xxxxxxxx f14:3d9a0add f15:3eb3ab56
21361592ns          376341 1c00969c 10a8f853 fmul.s           f16, f17, f10       f16=xxxxxxxx f17:3f7fe92a f10:bd51fb72
21361612ns          376342 1c0096a0 20e71bd3 fsgnjn.s         f23, f14, f14       f23=xxxxxxxx f14:3cd83963 f14:3cd83963
21361632ns          376343 1c0096a4 000ea783 lw               x15, 0(x29)         x15=bec86f40 x29:10001734  PA:10001734
21361652ns          376344 1c0096a8 000f2383 lw               x7, 0(x30)           x7=3ebab37f x30:10001748  PA:10001748
21361672ns          376345 1c0096ac 10e7f453 fmul.s           f8, f15, f14         f8=xxxxxxxx f15:bec86f40 f14:3cd83963
21361731ns          376348 1c0096b0 10e3f2d3 fmul.s           f5, f7, f14          f5=xxxxxxxx  f7:3ebab37f f14:3cd83963
21361771ns          376350 1c0096b4 006b222b p.sw             x6, 4(x22!)         x22=100015cc  x6:4154b879 x22:100015c8  PA:100015c8
21361791ns          376351 1c0096b8 4113f3c7 fmsub.s          f7, f7, f17, f8      f7=xxxxxxxx  f7:3ebab37f f17:3f7fe92a  f8:bc294acc
21361811ns          376352 1c0096bc 2917f2c3 fmadd.s          f5, f15, f17, f5     f5=xxxxxxxx f15:bec86f40 f17:3f7fe92a  f5:3c1db14d
21361870ns          376355 1c0096c0 10d8f5d3 fmul.s           f11, f17, f13       f11=xxxxxxxx f17:3f7fe92a f13:4113884e
21361910ns          376357 1c0096c4 007f2023 sw               x7, 0(x30)           x7:3ebfed2e x30:10001748  PA:10001748
21361930ns          376358 1c0096c8 005ea023 sw               x5, 0(x29)           x5:bec36fd4 x29:10001734  PA:10001734
21361950ns          376359 1c0096cc 004ea283 lw               x5, 4(x29)           x5=bf015e3e x29:10001734  PA:10001738
21362010ns          376362 1c0096d0 004f2383 lw               x7, 4(x30)           x7=3c8b916a x30:10001748  PA:1000174c
21362049ns          376364 1c0096d4 10e2f4d3 fmul.s           f9, f5, f14          f9=xxxxxxxx  f5:bf015e3e f14:3cd83963
21362069ns          376365 1c0096d8 10e3f453 fmul.s           f8, f7, f14          f8=xxxxxxxx  f7:3c8b916a f14:3cd83963
21362089ns          376366 1c0096dc 80d77843 fmadd.s          f16, f14, f13, f16  f16=xxxxxxxx f14:3cd83963 f13:4113884e f16:bd51e8b7
21362149ns          376369 1c0096e0 4913f3c7 fmsub.s          f7, f7, f17, f9      f7=xxxxxxxx  f7:3c8b916a f17:3f7fe92a  f9:bc5a8909
21362189ns          376371 1c0096e4 4112f2c3 fmadd.s          f5, f5, f17, f8      f5=xxxxxxxx  f5:bf015e3e f17:3f7fe92a  f8:39ebc3f6
21362209ns          376372 1c0096e8 000a2783 lw               x15, 0(x20)         x15=beae251d x20:100015e0  PA:100015e0
21362228ns          376373 1c0096ec 007f2223 sw               x7, 4(x30)           x7:3cf8c97b x30:10001748  PA:1000174c
21362288ns          376376 1c0096f0 005ea223 sw               x5, 4(x29)           x5:bf01353b x29:10001734  PA:10001738
21362328ns          376378 1c0096f4 008ea283 lw               x5, 8(x29)           x5=3e87b838 x29:10001734  PA:1000173c
21362348ns          376379 1c0096f8 008f2383 lw               x7, 8(x30)           x7=3e849b42 x30:10001748  PA:10001750
21362368ns          376380 1c0096fc 10e2f4d3 fmul.s           f9, f5, f14          f9=xxxxxxxx  f5:3e87b838 f14:3cd83963
21362427ns          376383 1c009700 10e3f453 fmul.s           f8, f7, f14          f8=xxxxxxxx  f7:3e849b42 f14:3cd83963
21362467ns          376385 1c009704 58abf5c3 fmadd.s          f11, f23, f10, f11  f11=xxxxxxxx f23:bcd83963 f10:bd51fb72 f11:41137b25
21362487ns          376386 1c009708 4913f3c7 fmsub.s          f7, f7, f17, f9      f7=xxxxxxxx  f7:3e849b42 f17:3f7fe92a  f9:3be543b8
21362507ns          376387 1c00970c 4112f2c3 fmadd.s          f5, f5, f17, f8      f5=xxxxxxxx  f5:3e87b838 f17:3f7fe92a  f8:3be00173
21362567ns          376390 1c009710 1117f553 fmul.s           f10, f15, f17       f10=xxxxxxxx f15:beae251d f17:3f7fe92a
21362606ns          376392 1c009714 007f2423 sw               x7, 8(x30)           x7:3e80fa5f x30:10001748  PA:10001750
21362626ns          376393 1c009718 00cea303 lw               x6, 12(x29)          x6=be0b7e24 x29:10001734  PA:10001740
21362646ns          376394 1c00971c 005ea423 sw               x5, 8(x29)           x5:3e8b2c23 x29:10001734  PA:1000173c
21362706ns          376397 1c009720 00cf2283 lw               x5, 12(x30)          x5=bf647e67 x30:10001748  PA:10001754
21362746ns          376399 1c009724 10e37453 fmul.s           f8, f6, f14          f8=xxxxxxxx  f6:be0b7e24 f14:3cd83963
21362766ns          376400 1c009728 10e2f3d3 fmul.s           f7, f5, f14          f7=xxxxxxxx  f5:bf647e67 f14:3cd83963
21362785ns          376401 1c00972c 014f0f13 addi             x30, x30, 20        x30=1000175c x30:10001748
21362845ns          376404 1c00972e 4112f2c7 fmsub.s          f5, f5, f17, f8      f5=xxxxxxxx  f5:bf647e67 f17:3f7fe92a  f8:bb6ba367
21362885ns          376406 1c009732 39137343 fmadd.s          f6, f6, f17, f7      f6=xxxxxxxx  f6:be0b7e24 f17:3f7fe92a  f7:bcc0fddf
21362905ns          376407 1c009736 00baa22b p.sw             x11, 4(x21!)        x21=100015d0 x11:411380b0 x21:100015cc  PA:100015cc
21362925ns          376408 1c00973a fe5f2c23 sw               x5, -8(x30)          x5:bf637e62 x30:1000175c  PA:10001754
21362984ns          376411 1c00973e 010ea683 lw               x13, 16(x29)        x13=3f357b1d x29:10001734  PA:10001744
21363024ns          376413 1c009742 006ea623 sw               x6, 12(x29)          x6:be23916e x29:10001734  PA:10001740
21363044ns          376414 1c009746 ffcf2303 lw               x6, -4(x30)          x6=bd60a54d x30:1000175c  PA:10001758
21363064ns          376415 1c00974a 10e6f3d3 fmul.s           f7, f13, f14         f7=xxxxxxxx f13:3f357b1d f14:3cd83963
21363124ns          376418 1c00974e 10e372d3 fmul.s           f5, f6, f14          f5=xxxxxxxx  f6:bd60a54d f14:3cd83963
21363163ns          376420 1c009752 00aa222b p.sw             x10, 4(x20!)        x20=100015e4 x10:beae1594 x20:100015e0  PA:100015e0
21363183ns          376421 1c009756 39137347 fmsub.s          f6, f6, f17, f7      f6=xxxxxxxx  f6:bd60a54d f17:3f7fe92a  f7:3c99488f
21363203ns          376422 1c00975a 2916f8c3 fmadd.s          f17, f13, f17, f5   f17=xxxxxxxx f13:3f357b1d f17:3f7fe92a  f5:babdbdd5
21363223ns          376423 1c00975e 01460613 addi             x12, x12, 20        x12=100016f8 x12:100016e4
21363263ns          376425 1c009760 fe6f2e23 sw               x6, -4(x30)          x6:bd969ac5 x30:1000175c  PA:10001758
21363303ns          376427 1c009764 011ea823 sw               x17, 16(x29)        x17:3f350c0e x29:10001734  PA:10001744
21363322ns          376428 1c009768 014e0e13 addi             x28, x28, 20        x28=100016e4 x28:100016d0
21363342ns          376429 1c00976a 014e8e93 addi             x29, x29, 20        x29=10001748 x29:10001734
21363362ns          376430 1c00976c 10e7f7d3 fmul.s           f15, f15, f14       f15=xxxxxxxx f15:beae251d f14:3cd83963
21363442ns          376434 1c0094ec a1f81753 flt.s            x14, f16, f31       x14=00000000 f16:3e44bdfb f31:00000000
21363502ns          376437 1c0094f0 010002b3 add              x5, x0, x16          x5=3e44bdfb x16:3e44bdfb
21363521ns          376438 1c0094f2 00070363 beq              x14, x0, 6          x14:00000000
21363581ns          376441 1c0094f8 a1f79753 flt.s            x14, f15, f31       x14=00000001 f15:bc13165a f31:00000000
21363601ns          376442 1c0094fc 00f006b3 add              x13, x0, x15        x13=bc13165a x15:bc13165a
21363621ns          376443 1c0094fe 00070363 beq              x14, x0, 6          x14:00000001
21363641ns          376444 1c009500 20f796d3 fsgnjn.s         f13, f15, f15       f13=xxxxxxxx f15:bc13165a f15:bc13165a
21363661ns          376445 1c009504 a0569753 flt.s            x14, f13, f5        x14=00000001 f13:3c13165a  f5:3e44bdfb
21363681ns          376446 1c009508 01000333 add              x6, x0, x16          x6=3e44bdfb x16:3e44bdfb
21363700ns          376447 1c00950a 00071263 bne              x14, x0, 4          x14:00000001
21363780ns          376451 1c00950e 0056f753 fadd.s           f14, f13, f5        f14=xxxxxxxx f13:3c13165a  f5:3e44bdfb
21363800ns          376452 1c009512 a1f728d3 feq.s            x17, f14, f31       x17=00000000 f14:3e4def61 f31:00000000
21363820ns          376453 1c009516 52089be3 bne              x17, x0, 3382       x17:00000000
21363840ns          376454 1c00951a 1c0003b7 lui              x7, 0x1c000000       x7=1c000000
21363860ns          376455 1c00951e 02038393 addi             x7, x7, 32           x7=1c000020  x7:1c000000
21363879ns          376456 1c009522 0003a383 lw               x7, 0(x7)            x7=3f800000  x7:1c000020  PA:1c000020
21364198ns          376472 1c009526 18e3f8d3 fdiv.s           f17, f7, f14        f17=xxxxxxxx  f7:3f800000 f14:3e4def61
21364476ns          376486 1c00952a 10d8f6d3 fmul.s           f13, f17, f13       f13=xxxxxxxx f17:409f1e3c f13:3c13165a
21364496ns          376487 1c00952e 1058f8d3 fmul.s           f17, f17, f5        f17=xxxxxxxx f17:409f1e3c  f5:3e44bdfb
21364516ns          376488 1c009532 a1f312d3 flt.s            x5, f6, f31          x5=00000000  f6:3e44bdfb f31:00000000
21364536ns          376489 1c009536 10d6f6d3 fmul.s           f13, f13, f13       f13=xxxxxxxx f13:3d36d882 f13:3d36d882
21364556ns          376490 1c00953a 6918f6c3 fmadd.s          f13, f17, f17, f13  f13=xxxxxxxx f17:3f749277 f17:3f749277 f13:3b029890
21364615ns          376493 1c00953e 5806f353 fsqrt.s          f6, f13              f6=xxxxxxxx f13:3f6a2a1f
21364894ns          376507 1c009542 10e37353 fmul.s           f6, f6, f14          f6=xxxxxxxx  f6:3f74d6c7 f14:3e4def61
21364914ns          376508 1c009546 00028463 beq              x5, x0, 8            x5:00000000
21364993ns          376512 1c00954e 1c000437 lui              x8, 0x1c000000       x8=1c000000
21365013ns          376513 1c009552 02040413 addi             x8, x8, 32           x8=1c000020  x8:1c000000
21365033ns          376514 1c009556 00042403 lw               x8, 0(x8)            x8=3f800000  x8:1c000020  PA:1c000020
21365351ns          376530 1c009558 18647753 fdiv.s           f14, f8, f6         f14=xxxxxxxx  f8:3f800000  f6:3e44f4ef
21365849ns          376555 1c00955c 10e876d3 fmul.s           f13, f16, f14       f13=xxxxxxxx f16:3e44bdfb f14:40a65f1d
21365869ns          376556 1c009560 10e7f7d3 fmul.s           f15, f15, f14       f15=xxxxxxxx f15:bc13165a f14:40a65f1d
21365888ns          376557 1c009564 000e2703 lw               x14, 0(x28)         x14=3efaccb0 x28:100016e4  PA:100016e4
21365928ns          376559 1c009568 00062803 lw               x16, 0(x12)         x16=bf10fdc7 x12:100016f8  PA:100016f8
21365948ns          376560 1c00956c 10e7f3d3 fmul.s           f7, f15, f14         f7=xxxxxxxx f15:bd3f2e49 f14:3efaccb0
21365968ns          376561 1c009570 1107f2d3 fmul.s           f5, f15, f16         f5=xxxxxxxx f15:bd3f2e49 f16:bf10fdc7
21366008ns          376563 1c009574 10f578d3 fmul.s           f17, f10, f15       f17=xxxxxxxx f10:beae1594 f15:bd3f2e49
21366028ns          376564 1c009578 3906f847 fmsub.s          f16, f13, f16, f7   f16=xxxxxxxx f13:3f7fb893 f16:bf10fdc7  f7:bcbb4c10
21366048ns          376565 1c00957c 28e6f743 fmadd.s          f14, f13, f14, f5   f14=xxxxxxxx f13:3f7fb893 f14:3efaccb0  f5:3cd88f1d
21366107ns          376568 1c009580 88d5f8c3 fmadd.s          f17, f11, f13, f17  f17=xxxxxxxx f11:411380b0 f13:3f7fb893 f17:3c820193
21366147ns          376570 1c009584 01062023 sw               x16, 0(x12)         x16:bf0afaf2 x12:100016f8  PA:100016f8
21366167ns          376571 1c009588 00ee2023 sw               x14, 0(x28)         x14:3f0407d4 x28:100016e4  PA:100016e4
21366187ns          376572 1c00958c 004e2703 lw               x14, 4(x28)         x14=3de60115 x28:100016e4  PA:100016e8
21366207ns          376573 1c009590 00462803 lw               x16, 4(x12)         x16=3f3b7099 x12:100016f8  PA:100016fc
21366227ns          376574 1c009594 10e7f453 fmul.s           f8, f15, f14         f8=xxxxxxxx f15:bd3f2e49 f14:3de60115
21366246ns          376575 1c009598 10f873d3 fmul.s           f7, f16, f15         f7=xxxxxxxx f16:3f3b7099 f15:bd3f2e49
21366266ns          376576 1c00959c 10f5f2d3 fmul.s           f5, f11, f15         f5=xxxxxxxx f11:411380b0 f15:bd3f2e49
21366286ns          376577 1c0095a0 40d87847 fmsub.s          f16, f16, f13, f8   f16=xxxxxxxx f16:3f3b7099 f13:3f7fb893  f8:bbabc464
21366306ns          376578 1c0095a4 38e6f743 fmadd.s          f14, f13, f14, f7   f14=xxxxxxxx f13:3f7fb893 f14:3de60115  f7:bd0bfae6
21366326ns          376579 1c0095a8 0069a22b p.sw             x6, 4(x19!)         x19=100015e0  x6:3e44f4ef x19:100015dc  PA:100015dc
21366346ns          376580 1c0095ac 01062223 sw               x16, 4(x12)         x16:3f3c93d6 x12:100016f8  PA:100016fc
21366366ns          376581 1c0095b0 00ee2223 sw               x14, 4(x28)         x14:3d9fc376 x28:100016e4  PA:100016e8
21366386ns          376582 1c0095b4 008e2703 lw               x14, 8(x28)         x14=3e87bc48 x28:100016e4  PA:100016ec
21366406ns          376583 1c0095b8 00862803 lw               x16, 8(x12)         x16=be214085 x12:100016f8  PA:10001700
21366425ns          376584 1c0095bc 10f773d3 fmul.s           f7, f14, f15         f7=xxxxxxxx f14:3e87bc48 f15:bd3f2e49
21366445ns          376585 1c0095c0 10f875d3 fmul.s           f11, f16, f15       f11=xxxxxxxx f16:be214085 f15:bd3f2e49
21366465ns          376586 1c0095c4 28d57547 fmsub.s          f10, f10, f13, f5   f10=xxxxxxxx f10:beae1594 f13:3f7fb893  f5:bedc4f5d
21366485ns          376587 1c0095c8 38d873c7 fmsub.s          f7, f16, f13, f7     f7=xxxxxxxx f16:be214085 f13:3f7fb893  f7:bc4abc09
21366505ns          376588 1c0095cc 58d775c3 fmadd.s          f11, f14, f13, f11  f11=xxxxxxxx f14:3e87bc48 f13:3f7fb893 f11:3bf0d896
21366565ns          376591 1c0095d0 a1f892d3 flt.s            x5, f17, f31         x5=00000000 f17:41139889 f31:00000000
21366604ns          376593 1c0095d4 00762423 sw               x7, 8(x12)           x7:be1467c7 x12:100016f8  PA:10001700
21366624ns          376594 1c0095d8 00ce2703 lw               x14, 12(x28)        x14=bf51cd68 x28:100016e4  PA:100016f0
21366644ns          376595 1c0095dc 00be2423 sw               x11, 8(x28)         x11:3e8b59cb x28:100016e4  PA:100016ec
21366704ns          376598 1c0095e0 00c62383 lw               x7, 12(x12)          x7=be8a2285 x12:100016f8  PA:10001704
21366744ns          376600 1c0095e4 10f77453 fmul.s           f8, f14, f15         f8=xxxxxxxx f14:bf51cd68 f15:bd3f2e49
21366764ns          376601 1c0095e8 10f3f5d3 fmul.s           f11, f7, f15        f11=xxxxxxxx  f7:be8a2285 f15:bd3f2e49
21366783ns          376602 1c0095ec 000aa803 lw               x16, 0(x21)         x16=40878623 x21:100015d0  PA:100015d0
21366803ns          376603 1c0095f0 40d3f3c7 fmsub.s          f7, f7, f13, f8      f7=xxxxxxxx  f7:be8a2285 f13:3f7fb893  f8:3d1cae2f
21366823ns          376604 1c0095f4 58d775c3 fmadd.s          f11, f14, f13, f11  f11=xxxxxxxx f14:bf51cd68 f13:3f7fb893 f11:3c4e5176
21366843ns          376605 1c0095f8 00a9a023 sw               x10, 0(x19)         x10:3db9a96c x19:100015e0  PA:100015e0
21366863ns          376606 1c0095fc 00762623 sw               x7, 12(x12)          x7:be9d91c0 x12:100016f8  PA:10001704
21366883ns          376607 1c009600 010e2703 lw               x14, 16(x28)        x14=3d980d46 x28:100016e4  PA:100016f4
21366903ns          376608 1c009604 00be2623 sw               x11, 12(x28)        x11:bf4e5999 x28:100016e4  PA:100016f0
21366923ns          376609 1c009608 01062583 lw               x11, 16(x12)        x11=3e5a84d5 x12:100016f8  PA:10001708
21366943ns          376610 1c00960a 10f773d3 fmul.s           f7, f14, f15         f7=xxxxxxxx f14:3d980d46 f15:bd3f2e49
21367002ns          376613 1c00960e 10f5f353 fmul.s           f6, f11, f15         f6=xxxxxxxx f11:3e5a84d5 f15:bd3f2e49
21367042ns          376615 1c009612 1107f7d3 fmul.s           f15, f15, f16       f15=xxxxxxxx f15:bd3f2e49 f16:40878623
21367062ns          376616 1c009616 38d5f5c7 fmsub.s          f11, f11, f13, f7   f11=xxxxxxxx f11:3e5a84d5 f13:3f7fb893  f7:bb631aca
21367082ns          376617 1c00961a 30d77743 fmadd.s          f14, f14, f13, f6   f14=xxxxxxxx f14:3d980d46 f13:3f7fb893  f6:bc23309d
21367142ns          376620 1c00961e 1106f6d3 fmul.s           f13, f13, f16       f13=xxxxxxxx f13:3f7fb893 f16:40878623
21367161ns          376621 1c009622 00b62823 sw               x11, 16(x12)        x11:3e5dd448 x12:100016f8  PA:10001708
21367181ns          376622 1c009624 00ee2823 sw               x14, 16(x28)        x14:3d837cc6 x28:100016e4  PA:100016f4
21367201ns          376623 1c009628 01100333 add              x6, x0, x17          x6=41139889 x17:41139889
21367221ns          376624 1c00962a 00028463 beq              x5, x0, 8            x5:00000000
21367340ns          376630 1c009632 a1f79753 flt.s            x14, f15, f31       x14=00000001 f15:be4a6b2a f31:00000000
21367360ns          376631 1c009636 420719e3 bne              x14, x0, 3122       x14:00000001
21367519ns          376639 1c00a268 20f79753 fsgnjn.s         f14, f15, f15       f14=xxxxxxxx f15:be4a6b2a f15:be4a6b2a
21367559ns          376641 1c00a26c bd0ff06f jal              x0, -3120          
21367659ns          376646 1c00963c a0671853 flt.s            x16, f14, f6        x16=00000001 f14:3e4a6b2a  f6:41139889
21367679ns          376647 1c009640 011003b3 add              x7, x0, x17          x7=41139889 x17:41139889
21367698ns          376648 1c009642 00081363 bne              x16, x0, 6          x16:00000001
21367758ns          376651 1c009648 006772d3 fadd.s           f5, f14, f6          f5=xxxxxxxx f14:3e4a6b2a  f6:41139889
21367778ns          376652 1c00964c a1f2a5d3 feq.s            x11, f5, f31        x11=00000000  f5:4116c236 f31:00000000
21367798ns          376653 1c009650 3a0593e3 bne              x11, x0, 2982       x11:00000000
21367818ns          376654 1c009654 1c000437 lui              x8, 0x1c000000       x8=1c000000
21367838ns          376655 1c009658 02040413 addi             x8, x8, 32           x8=1c000020  x8:1c000000
21367858ns          376656 1c00965c 00042403 lw               x8, 0(x8)            x8=3f800000  x8:1c000020  PA:1c000020
21368196ns          376673 1c00965e 185475d3 fdiv.s           f11, f8, f5         f11=xxxxxxxx  f8:3f800000  f5:4116c236
21368474ns          376687 1c009662 10e5f753 fmul.s           f14, f11, f14       f14=xxxxxxxx f11:3dd95aa3 f14:3e4a6b2a
21368494ns          376688 1c009666 a1f393d3 flt.s            x7, f7, f31          x7=00000000  f7:41139889 f31:00000000
21368514ns          376689 1c00966a 1065f5d3 fmul.s           f11, f11, f6        f11=xxxxxxxx f11:3dd95aa3  f6:41139889
21368534ns          376690 1c00966e 10e77753 fmul.s           f14, f14, f14       f14=xxxxxxxx f14:3cabdc81 f14:3cabdc81
21368554ns          376691 1c009672 70b5f743 fmadd.s          f14, f11, f11, f14  f14=xxxxxxxx f11:3f7aa11b f11:3f7aa11b f14:39e6c0a5
21368574ns          376692 1c009676 58077353 fsqrt.s          f6, f14              f6=xxxxxxxx f14:3f757be6
21368852ns          376706 1c00967a 10537353 fmul.s           f6, f6, f5           f6=xxxxxxxx  f6:3f7aafd6  f5:4116c236
21368872ns          376707 1c00967e 00038463 beq              x7, x0, 8            x7:00000000
21368952ns          376711 1c009686 1c0004b7 lui              x9, 0x1c000000       x9=1c000000
21368971ns          376712 1c00968a 02048493 addi             x9, x9, 32           x9=1c000020  x9:1c000000
21368991ns          376713 1c00968e 0004a483 lw               x9, 0(x9)            x9=3f800000  x9:1c000020  PA:1c000020
21369329ns          376730 1c009690 1864f753 fdiv.s           f14, f9, f6         f14=xxxxxxxx  f9:3f800000  f6:4113a136
21369787ns          376753 1c009694 111778d3 fmul.s           f17, f14, f17       f17=xxxxxxxx f14:3dddf5f1 f17:41139889
21369807ns          376754 1c009698 10f77753 fmul.s           f14, f14, f15       f14=xxxxxxxx f14:3dddf5f1 f15:be4a6b2a
21369827ns          376755 1c00969c 10a8f853 fmul.s           f16, f17, f10       f16=xxxxxxxx f17:3f7ff0f4 f10:3db9a96c
21369847ns          376756 1c0096a0 20e71bd3 fsgnjn.s         f23, f14, f14       f23=xxxxxxxx f14:bcaf80fa f14:bcaf80fa
21369867ns          376757 1c0096a4 000ea783 lw               x15, 0(x29)         x15=3ebfed2e x29:10001748  PA:10001748
21369886ns          376758 1c0096a8 000f2383 lw               x7, 0(x30)           x7=bf08a647 x30:1000175c  PA:1000175c
21369906ns          376759 1c0096ac 10e7f453 fmul.s           f8, f15, f14         f8=xxxxxxxx f15:3ebfed2e f14:bcaf80fa
21369946ns          376761 1c0096b0 10e3f2d3 fmul.s           f5, f7, f14          f5=xxxxxxxx  f7:bf08a647 f14:bcaf80fa
21369986ns          376763 1c0096b4 006b222b p.sw             x6, 4(x22!)         x22=100015d0  x6:4113a136 x22:100015cc  PA:100015cc
21370006ns          376764 1c0096b8 4113f3c7 fmsub.s          f7, f7, f17, f8      f7=xxxxxxxx  f7:bf08a647 f17:3f7ff0f4  f8:bc0393d4
21370026ns          376765 1c0096bc 2917f2c3 fmadd.s          f5, f15, f17, f5     f5=xxxxxxxx f15:3ebfed2e f17:3f7ff0f4  f5:3c3b5d06
21370085ns          376768 1c0096c0 10d8f5d3 fmul.s           f11, f17, f13       f11=xxxxxxxx f17:3f7ff0f4 f13:40876053
21370125ns          376770 1c0096c4 007f2023 sw               x7, 0(x30)           x7:bf068ff0 x30:1000175c  PA:1000175c
21370145ns          376771 1c0096c8 005ea023 sw               x5, 0(x29)           x5:3ec5bcce x29:10001748  PA:10001748
21370165ns          376772 1c0096cc 004ea283 lw               x5, 4(x29)           x5=3cf8c97b x29:10001748  PA:1000174c
21370185ns          376773 1c0096d0 004f2383 lw               x7, 4(x30)           x7=3f324f85 x30:1000175c  PA:10001760
21370205ns          376774 1c0096d4 10e2f4d3 fmul.s           f9, f5, f14          f9=xxxxxxxx  f5:3cf8c97b f14:bcaf80fa
21370225ns          376775 1c0096d8 10e3f453 fmul.s           f8, f7, f14          f8=xxxxxxxx  f7:3f324f85 f14:bcaf80fa
21370244ns          376776 1c0096dc 80d77843 fmadd.s          f16, f14, f13, f16  f16=xxxxxxxx f14:bcaf80fa f13:40876053 f16:3db99e82
21370304ns          376779 1c0096e0 4913f3c7 fmsub.s          f7, f7, f17, f9      f7=xxxxxxxx  f7:3f324f85 f17:3f7ff0f4  f9:ba2a8f13
21370344ns          376781 1c0096e4 4112f2c3 fmadd.s          f5, f5, f17, f8      f5=xxxxxxxx  f5:3cf8c97b f17:3f7ff0f4  f8:bc747c64
21370364ns          376782 1c0096e8 000a2783 lw               x15, 0(x20)         x15=00000000 x20:100015e4  PA:100015e4
21370384ns          376783 1c0096ec 007f2223 sw               x7, 4(x30)           x7:3f326fae x30:1000175c  PA:10001760
21370443ns          376786 1c0096f0 005ea223 sw               x5, 4(x29)           x5:3c7cf953 x29:10001748  PA:1000174c
21370483ns          376788 1c0096f4 008ea283 lw               x5, 8(x29)           x5=3e80fa5f x29:10001748  PA:10001750
21370503ns          376789 1c0096f8 008f2383 lw               x7, 8(x30)           x7=be8ec54c x30:1000175c  PA:10001764
21370523ns          376790 1c0096fc 10e2f4d3 fmul.s           f9, f5, f14          f9=xxxxxxxx  f5:3e80fa5f f14:bcaf80fa
21370543ns          376791 1c009700 10e3f453 fmul.s           f8, f7, f14          f8=xxxxxxxx  f7:be8ec54c f14:bcaf80fa
21370563ns          376792 1c009704 58abf5c3 fmadd.s          f11, f23, f10, f11  f11=xxxxxxxx f23:3caf80fa f10:3db9a96c f11:4087585e
21370583ns          376793 1c009708 4913f3c7 fmsub.s          f7, f7, f17, f9      f7=xxxxxxxx  f7:be8ec54c f17:3f7ff0f4  f9:bbb0d844
21370603ns          376794 1c00970c 4112f2c3 fmadd.s          f5, f5, f17, f8      f5=xxxxxxxx  f5:3e80fa5f f17:3f7ff0f4  f8:3bc3c19a
21370622ns          376795 1c009710 1117f553 fmul.s           f10, f15, f17       f10=xxxxxxxx f15:00000000 f17:3f7ff0f4
21370642ns          376796 1c009714 007f2423 sw               x7, 8(x30)           x7:be8bf987 x30:1000175c  PA:10001764
21370662ns          376797 1c009718 00cea303 lw               x6, 12(x29)          x6=bf637e62 x29:10001748  PA:10001754
21370682ns          376798 1c00971c 005ea423 sw               x5, 8(x29)           x5:3e8401d1 x29:10001748  PA:10001750
21370702ns          376799 1c009720 00cf2283 lw               x5, 12(x30)          x5=be9a15cc x30:1000175c  PA:10001768
21370722ns          376800 1c009724 10e37453 fmul.s           f8, f6, f14          f8=xxxxxxxx  f6:bf637e62 f14:bcaf80fa
21370742ns          376801 1c009728 10e2f3d3 fmul.s           f7, f5, f14          f7=xxxxxxxx  f5:be9a15cc f14:bcaf80fa
21370762ns          376802 1c00972c 014f0f13 addi             x30, x30, 20        x30=10001770 x30:1000175c
21370821ns          376805 1c00972e 4112f2c7 fmsub.s          f5, f5, f17, f8      f5=xxxxxxxx  f5:be9a15cc f17:3f7ff0f4  f8:3c9bf602
21370861ns          376807 1c009732 39137343 fmadd.s          f6, f6, f17, f7      f6=xxxxxxxx  f6:bf637e62 f17:3f7ff0f4  f7:3bd34510
21370881ns          376808 1c009736 00baa22b p.sw             x11, 4(x21!)        x21=100015d4 x11:40876847 x21:100015d0  PA:100015d0
21370901ns          376809 1c00973a fe5f2c23 sw               x5, -8(x30)          x5:bea3cc1e x30:10001770  PA:10001768
21370961ns          376812 1c00973e 010ea683 lw               x13, 16(x29)        x13=bd969ac5 x29:10001748  PA:10001758
21371000ns          376814 1c009742 006ea623 sw               x6, 12(x29)          x6:bf61ca79 x29:10001748  PA:10001754
21371020ns          376815 1c009746 ffcf2303 lw               x6, -4(x30)          x6=3e7e24af x30:10001770  PA:1000176c
21371040ns          376816 1c00974a 10e6f3d3 fmul.s           f7, f13, f14         f7=xxxxxxxx f13:bd969ac5 f14:bcaf80fa
21371100ns          376819 1c00974e 10e372d3 fmul.s           f5, f6, f14          f5=xxxxxxxx  f6:3e7e24af f14:bcaf80fa
21371140ns          376821 1c009752 00aa222b p.sw             x10, 4(x20!)        x20=100015e8 x10:00000000 x20:100015e4  PA:100015e4
21371159ns          376822 1c009756 39137347 fmsub.s          f6, f6, f17, f7      f6=xxxxxxxx  f6:3e7e24af f17:3f7ff0f4  f7:3ace7f5a
21371179ns          376823 1c00975a 2916f8c3 fmadd.s          f17, f13, f17, f5   f17=xxxxxxxx f13:bd969ac5 f17:3f7ff0f4  f5:bbae3b1e
21371199ns          376824 1c00975e 01460613 addi             x12, x12, 20        x12=1000170c x12:100016f8
21371239ns          376826 1c009760 fe6f2e23 sw               x6, -4(x30)          x6:3e7c78c0 x30:10001770  PA:1000176c
21371279ns          376828 1c009764 011ea823 sw               x17, 16(x29)        x17:bda1759d x29:10001748  PA:10001758
21371299ns          376829 1c009768 014e0e13 addi             x28, x28, 20        x28=100016f8 x28:100016e4
21371319ns          376830 1c00976a 014e8e93 addi             x29, x29, 20        x29=1000175c x29:10001748
21371338ns          376831 1c00976c 10e7f7d3 fmul.s           f15, f15, f14       f15=xxxxxxxx f15:00000000 f14:bcaf80fa
21371378ns          376833 1c009770 01412e03 lw               x28, 20(x2)         x28=00000000  x2:10001598  PA:100015ac
21371398ns          376834 1c009772 00812983 lw               x19, 8(x2)          x19=00000008  x2:10001598  PA:100015a0
21371418ns          376835 1c009774 0e010893 addi             x17, x2, 224        x17=10001678  x2:10001598
21371438ns          376836 1c009778 013887b3 add              x15, x17, x19       x15=10001680 x17:10001678 x19:00000008
21371458ns          376837 1c00977c 001e0e13 addi             x28, x28, 1         x28=00000001 x28:00000000
21371517ns          376840 1c00977e f707a023 sw               x16, -160(x15)      x16:354f95bc x15:10001680  PA:100015e0
21371537ns          376841 1c009782 01c12a23 sw               x28, 20(x2)         x28:00000001  x2:10001598  PA:100015ac
21371577ns          376843 1c009784 fff00793 addi             x15, x0, -1         x15=ffffffff
21371597ns          376844 1c009786 00fdc663 blt              x27, x15, 12        x27:00000002 x15:ffffffff
21371617ns          376845 1c00978a 04b00793 addi             x15, x0, 75         x15=0000004b
21371657ns          376847 1c00978e a8fe1c63 bne              x28, x15, -3432     x28:00000001 x15:0000004b
21371756ns          376852 1c008a26 00812503 lw               x10, 8(x2)          x10=00000008  x2:10001598  PA:100015a0
21371796ns          376854 1c008a28 04010613 addi             x12, x2, 64         x12=100015d8  x2:10001598
21371816ns          376855 1c008a2a 01b509b3 add              x19, x10, x27       x19=0000000a x10:00000008 x27:00000002
21371836ns          376856 1c008a2e 02c10593 addi             x11, x2, 44         x11=100015c4  x2:10001598
21371876ns          376858 1c008a30 00a60633 add              x12, x12, x10       x12=100015e0 x12:100015d8 x10:00000008
21371915ns          376860 1c008a32 002d8693 addi             x13, x27, 2         x13=00000004 x27:00000002
21371935ns          376861 1c008a36 1c000437 lui              x8, 0x1c000000       x8=1c000000
21371955ns          376862 1c008a3a 1c0004b7 lui              x9, 0x1c000000       x9=1c000000
21371975ns          376863 1c008a3e 00299993 slli             x19, x19, 0x2       x19=00000028 x19:0000000a
21372015ns          376865 1c008a40 00a58b33 add              x22, x11, x10       x22=100015cc x11:100015c4 x10:00000008
21372055ns          376867 1c008a44 00c12623 sw               x12, 12(x2)         x12:100015e0  x2:10001598  PA:100015a4
21372074ns          376868 1c008a46 00d12c23 sw               x13, 24(x2)         x13:00000004  x2:10001598  PA:100015b0
21372094ns          376869 1c008a48 02842a83 lw               x21, 40(x8)         x21=0c000000  x8:1c000000  PA:1c000028
21372393ns          376884 1c008a4c 02c4ab83 lw               x23, 44(x9)         x23=34000000  x9:1c000000  PA:1c00002c
21372691ns          376899 1c008a50 01a989b3 add              x19, x19, x26       x19=100016e4 x19:00000028 x26:100016bc
21372711ns          376900 1c008a52 00000f13 addi             x30, x0, 0          x30=00000000
21372731ns          376901 1c008a56 018007b3 add              x15, x0, x24        x15=00000003 x24:00000003
21372751ns          376902 1c008a58 004b2283 lw               x5, 4(x22)           x5=40876847 x22:100015cc  PA:100015d0
21372771ns          376903 1c008a5c 71fdace3 p.beqimm         x27, 3864           x27:00000002
21372810ns          376905 1c008a60 01412e03 lw               x28, 20(x2)         x28=00000001  x2:10001598  PA:100015ac
21372830ns          376906 1c008a62 01400e93 addi             x29, x0, 20         x29=00000014
21372850ns          376907 1c008a64 77cec8e3 blt              x29, x28, 3952      x29:00000014 x28:00000001
21372870ns          376908 1c008a68 00c12f83 lw               x31, 12(x2)         x31=100015e0  x2:10001598  PA:100015a4
21372910ns          376910 1c008a6a 000fa683 lw               x13, 0(x31)         x13=354f95bc x31:100015e0  PA:100015e0
21372950ns          376912 1c008a6e a1e69753 flt.s            x14, f13, f30       x14=00000000 f13:354f95bc f30:00000000
21372970ns          376913 1c008a72 00070363 beq              x14, x0, 6          x14:00000000
21373029ns          376916 1c008a78 000b2603 lw               x12, 0(x22)         x12=4113a136 x22:100015cc  PA:100015cc
21373069ns          376918 1c008a7c a1e61753 flt.s            x14, f12, f30       x14=00000000 f12:4113a136 f30:00000000
21373109ns          376920 1c008a80 00c005b3 add              x11, x0, x12        x11=4113a136 x12:4113a136
21373129ns          376921 1c008a82 00070363 beq              x14, x0, 6          x14:00000000
21373188ns          376924 1c008a88 a1e29753 flt.s            x14, f5, f30        x14=00000000  f5:40876847 f30:00000000
21373208ns          376925 1c008a8c 00070363 beq              x14, x0, 6          x14:00000000
21373308ns          376930 1c008a92 00500733 add              x14, x0, x5         x14=40876847  x5:40876847
21373328ns          376931 1c008a94 00b77753 fadd.s           f14, f14, f11       f14=xxxxxxxx f14:40876847 f11:4113a136
21373347ns          376932 1c008a98 11777753 fmul.s           f14, f14, f23       f14=xxxxxxxx f14:4157555a f23:34000000
21373367ns          376933 1c008a9c a0e68753 fle.s            x14, f13, f14       x14=00000001 f13:354f95bc f14:35d7555a
21373427ns          376936 1c008aa0 00070363 beq              x14, x0, 6          x14:00000001
21373467ns          376938 1c008aa2 3140106f jal              x0, 4884           
21373586ns          376944 1c009db6 002d9713 slli             x14, x27, 0x2       x14=00000008 x27:00000002
21373606ns          376945 1c009dba 0e010393 addi             x7, x2, 224          x7=10001678  x2:10001598
21373626ns          376946 1c009dbe 00770733 add              x14, x14, x7        x14=10001680 x14:00000008  x7:10001678
21373666ns          376948 1c009dc0 01800833 add              x16, x0, x24        x16=00000003 x24:00000003
21373686ns          376949 1c009dc2 01b006b3 add              x13, x0, x27        x13=00000002 x27:00000002
21373705ns          376950 1c009dc4 f6072023 sw               x0, -160(x14)       x14:10001680  PA:100015e0
21373725ns          376951 1c009dc8 a31ff06f jal              x0, -1488          
21373805ns          376955 1c0097f8 c3881763 bne              x16, x24, -3026     x16:00000003 x24:00000003
21373845ns          376957 1c0097fc a1e29753 flt.s            x14, f5, f30        x14=00000000  f5:40876847 f30:00000000
21373904ns          376960 1c009800 00268613 addi             x12, x13, 2         x12=00000004 x13:00000002
21373944ns          376962 1c009804 16071d63 bne              x14, x0, 378        x14:00000000
21373964ns          376963 1c009808 144c2363 p.beqimm         x24, 326            x24:00000003
21373984ns          376964 1c00980c 00261393 slli             x7, x12, 0x2         x7=00000010 x12:00000004
21374083ns          376969 1c009810 0e010e93 addi             x29, x2, 224        x29=10001678  x2:10001598
21374123ns          376971 1c009814 007e8733 add              x14, x29, x7        x14=10001688 x29:10001678  x7:00000010
21374143ns          376972 1c009818 f4c72403 lw               x8, -180(x14)        x8=40bcad79 x14:10001688  PA:100015d4
21374163ns          376973 1c00981c 02c10f93 addi             x31, x2, 44         x31=100015c4  x2:10001598
21374223ns          376976 1c009820 a0829753 flt.s            x14, f5, f8         x14=00000001  f5:40876847  f8:40bcad79
21374262ns          376978 1c009824 01f383b3 add              x7, x7, x31          x7=100015d4  x7:00000010 x31:100015c4
21374282ns          376979 1c009826 00300c13 addi             x24, x0, 3          x24=00000003
21374302ns          376980 1c009828 12070363 beq              x14, x0, 294        x14:00000001
21374322ns          376981 1c00982c 01312423 sw               x19, 8(x2)          x19:100016e4  x2:10001598  PA:100015a0
21374342ns          376982 1c00982e 0100006f jal              x0, 16             
21374461ns          376988 1c00983e 00279f93 slli             x31, x15, 0x2       x31=0000000c x15:00000003
21374481ns          376989 1c009842 01f787b3 add              x15, x15, x31       x15=0000000f x15:00000003 x31:0000000c
21374501ns          376990 1c009844 00279693 slli             x13, x15, 0x2       x13=0000003c x15:0000000f
21374521ns          376991 1c009848 01468e93 addi             x29, x13, 20        x29=00000050 x13:0000003c
21374541ns          376992 1c00984c 01dd05b3 add              x11, x26, x29       x11=1000170c x26:100016bc x29:00000050
21374601ns          376995 1c009850 0005a883 lw               x17, 0(x11)         x17=be89e02b x11:1000170c  PA:1000170c
21374640ns          376997 1c009854 00dd0533 add              x10, x26, x13       x10=100016f8 x26:100016bc x13:0000003c
21374660ns          376998 1c009858 00052803 lw               x16, 0(x10)         x16=bf0afaf2 x10:100016f8  PA:100016f8
21374680ns          376999 1c00985c 00678713 addi             x14, x15, 6         x14=00000015 x15:0000000f
21374740ns          377002 1c009860 01152023 sw               x17, 0(x10)         x17:be89e02b x10:100016f8  PA:100016f8
21374780ns          377004 1c009864 00271713 slli             x14, x14, 0x2       x14=00000054 x14:00000015
21374799ns          377005 1c009866 00178793 addi             x15, x15, 1         x15=00000010 x15:0000000f
21374819ns          377006 1c009868 0105a023 sw               x16, 0(x11)         x16:bf0afaf2 x11:1000170c  PA:1000170c
21374839ns          377007 1c00986c 00279793 slli             x15, x15, 0x2       x15=00000040 x15:00000010
21374879ns          377009 1c00986e 00ed05b3 add              x11, x26, x14       x11=10001710 x26:100016bc x14:00000054
21374919ns          377011 1c009872 0005a883 lw               x17, 0(x11)         x17=3e01832f x11:10001710  PA:10001710
21374939ns          377012 1c009876 00fd0533 add              x10, x26, x15       x10=100016fc x26:100016bc x15:00000040
21374959ns          377013 1c00987a 00052803 lw               x16, 0(x10)         x16=3f3c93d6 x10:100016fc  PA:100016fc
21375396ns          377035 1c00987e 00470313 addi             x6, x14, 4           x6=00000058 x14:00000054
21375436ns          377037 1c009882 01152023 sw               x17, 0(x10)         x17:3e01832f x10:100016fc  PA:100016fc
21375456ns          377038 1c009886 0105a023 sw               x16, 0(x11)         x16:3f3c93d6 x11:10001710  PA:10001710
21375476ns          377039 1c00988a 00478e13 addi             x28, x15, 4         x28=00000044 x15:00000040
21375535ns          377042 1c00988e 006d05b3 add              x11, x26, x6        x11=10001714 x26:100016bc  x6:00000058
21375555ns          377043 1c009892 0005a483 lw               x9, 0(x11)           x9=3f11507f x11:10001714  PA:10001714
21375575ns          377044 1c009894 01cd0533 add              x10, x26, x28       x10=10001700 x26:100016bc x28:00000044
21375595ns          377045 1c009898 00052883 lw               x17, 0(x10)         x17=be1467c7 x10:10001700  PA:10001700
21375615ns          377046 1c00989c 00870813 addi             x16, x14, 8         x16=0000005c x14:00000054
21375675ns          377049 1c0098a0 00952023 sw               x9, 0(x10)           x9:3f11507f x10:10001700  PA:10001700
21375714ns          377051 1c0098a2 0115a023 sw               x17, 0(x11)         x17:be1467c7 x11:10001714  PA:10001714
21375734ns          377052 1c0098a6 010d0533 add              x10, x26, x16       x10=10001718 x26:100016bc x16:0000005c
21375754ns          377053 1c0098aa 00878893 addi             x17, x15, 8         x17=00000048 x15:00000040
21375814ns          377056 1c0098ae 00052a03 lw               x20, 0(x10)         x20=bcf19c45 x10:10001718  PA:10001718
21375854ns          377058 1c0098b2 011d04b3 add              x9, x26, x17         x9=10001704 x26:100016bc x17:00000048
21375874ns          377059 1c0098b6 0004a903 lw               x18, 0(x9)          x18=be9d91c0  x9:10001704  PA:10001704
21375893ns          377060 1c0098ba 00c70593 addi             x11, x14, 12        x11=00000060 x14:00000054
21376331ns          377082 1c0098be 0144a023 sw               x20, 0(x9)          x20:bcf19c45  x9:10001704  PA:10001704
21376371ns          377084 1c0098c2 01252023 sw               x18, 0(x10)         x18:be9d91c0 x10:10001718  PA:10001718
21376391ns          377085 1c0098c6 00bd04b3 add              x9, x26, x11         x9=1000171c x26:100016bc x11:00000060
21376411ns          377086 1c0098ca 00c78513 addi             x10, x15, 12        x10=0000004c x15:00000040
21376470ns          377089 1c0098ce 0004a983 lw               x19, 0(x9)          x19=bf445f3c  x9:1000171c  PA:1000171c
21376510ns          377091 1c0098d2 00ad0933 add              x18, x26, x10       x18=10001708 x26:100016bc x10:0000004c
21376530ns          377092 1c0098d6 00092a03 lw               x20, 0(x18)         x20=3e5dd448 x18:10001708  PA:10001708
21376550ns          377093 1c0098da 01392023 sw               x19, 0(x18)         x19:bf445f3c x18:10001708  PA:10001708
21376610ns          377096 1c0098de 0144a023 sw               x20, 0(x9)          x20:3e5dd448  x9:1000171c  PA:1000171c
21376629ns          377097 1c0098e2 019e8eb3 add              x29, x29, x25       x29=10001770 x29:00000050 x25:10001720
21376649ns          377098 1c0098e4 000ea903 lw               x18, 0(x29)         x18=bf0b98dc x29:10001770  PA:10001770
21376669ns          377099 1c0098e8 019686b3 add              x13, x13, x25       x13=1000175c x13:0000003c x25:10001720
21376689ns          377100 1c0098ea 0006a483 lw               x9, 0(x13)           x9=bf068ff0 x13:1000175c  PA:1000175c
21376709ns          377101 1c0098ec 0126a023 sw               x18, 0(x13)         x18:bf0b98dc x13:1000175c  PA:1000175c
21376749ns          377103 1c0098f0 009ea023 sw               x9, 0(x29)           x9:bf068ff0 x29:10001770  PA:10001770
21376789ns          377105 1c0098f4 01970733 add              x14, x14, x25       x14=10001774 x14:00000054 x25:10001720
21376808ns          377106 1c0098f6 00072e83 lw               x29, 0(x14)         x29=3cf85951 x14:10001774  PA:10001774
21376828ns          377107 1c0098fa 019787b3 add              x15, x15, x25       x15=10001760 x15:00000040 x25:10001720
21376848ns          377108 1c0098fc 0007a683 lw               x13, 0(x15)         x13=3f326fae x15:10001760  PA:10001760
21376888ns          377110 1c0098fe 01d7a023 sw               x29, 0(x15)         x29:3cf85951 x15:10001760  PA:10001760
21376928ns          377112 1c009902 0e010e93 addi             x29, x2, 224        x29=10001678  x2:10001598
21376948ns          377113 1c009906 00d72023 sw               x13, 0(x14)         x13:3f326fae x14:10001774  PA:10001774
21376968ns          377114 1c009908 019e0e33 add              x28, x28, x25       x28=10001764 x28:00000044 x25:10001720
21376987ns          377115 1c00990a 01930333 add              x6, x6, x25          x6=10001778  x6:00000058 x25:10001720
21377007ns          377116 1c00990c 01df8fb3 add              x31, x31, x29       x31=10001684 x31:0000000c x29:10001678
21377027ns          377117 1c00990e 000e2783 lw               x15, 0(x28)         x15=be8bf987 x28:10001764  PA:10001764
21377067ns          377119 1c009912 f48fa623 sw               x8, -180(x31)        x8:40bcad79 x31:10001684  PA:100015d0
21377087ns          377120 1c009916 00032703 lw               x14, 0(x6)          x14=3f27519e  x6:10001778  PA:10001778
21377107ns          377121 1c00991a 0053a22b p.sw             x5, 4(x7!)           x7=100015d8  x5:40876847  x7:100015d4  PA:100015d4
21377166ns          377124 1c00991e 00ee2023 sw               x14, 0(x28)         x14:3f27519e x28:10001764  PA:10001764
21377186ns          377125 1c009922 01980833 add              x16, x16, x25       x16=1000177c x16:0000005c x25:10001720
21377206ns          377126 1c009924 00f32023 sw               x15, 0(x6)          x15:be8bf987  x6:10001778  PA:10001778
21377226ns          377127 1c009928 00082703 lw               x14, 0(x16)         x14=b9b7be39 x16:1000177c  PA:1000177c
21377246ns          377128 1c00992c 019888b3 add              x17, x17, x25       x17=10001768 x17:00000048 x25:10001720
21377306ns          377131 1c00992e 0008a783 lw               x15, 0(x17)         x15=bea3cc1e x17:10001768  PA:10001768
21377345ns          377133 1c009932 00e8a023 sw               x14, 0(x17)         x14:b9b7be39 x17:10001768  PA:10001768
21377365ns          377134 1c009936 00f82023 sw               x15, 0(x16)         x15:bea3cc1e x16:1000177c  PA:1000177c
21377385ns          377135 1c00993a 019585b3 add              x11, x11, x25       x11=10001780 x11:00000060 x25:10001720
21377405ns          377136 1c00993c 01950533 add              x10, x10, x25       x10=1000176c x10:0000004c x25:10001720
21377425ns          377137 1c00993e 0005a703 lw               x14, 0(x11)         x14=bf06232d x11:10001780  PA:10001780
21377445ns          377138 1c009940 00052783 lw               x15, 0(x10)         x15=3e7c78c0 x10:1000176c  PA:1000176c
21377465ns          377139 1c009942 00e52023 sw               x14, 0(x10)         x14:bf06232d x10:1000176c  PA:1000176c
21377485ns          377140 1c009944 00f5a023 sw               x15, 0(x11)         x15:3e7c78c0 x11:10001780  PA:10001780
21377505ns          377141 1c009946 00c007b3 add              x15, x0, x12        x15=00000004 x12:00000004
21377524ns          377142 1c009948 eecc54e3 bge              x24, x12, -280      x24:00000003 x12:00000004
21377544ns          377143 1c00994c 00812983 lw               x19, 8(x2)          x19=100016e4  x2:10001598  PA:100015a0
21377564ns          377144 1c00994e 00c12f83 lw               x31, 12(x2)         x31=100015e0  x2:10001598  PA:100015a4
21377584ns          377145 1c009950 01812303 lw               x6, 24(x2)           x6=00000004  x2:10001598  PA:100015b0
21377604ns          377146 1c009952 ffcf8f93 addi             x31, x31, -4        x31=100015dc x31:100015e0
21377624ns          377147 1c009954 fff30313 addi             x6, x6, -1           x6=00000003  x6:00000004
21377644ns          377148 1c009956 fffd8d93 addi             x27, x27, -1        x27=00000001 x27:00000002
21377664ns          377149 1c009958 01f12623 sw               x31, 12(x2)         x31:100015dc  x2:10001598  PA:100015a4
21377684ns          377150 1c00995a 00012a23 sw               x0, 20(x2)           x2:10001598  PA:100015ac
21377704ns          377151 1c00995c 00612c23 sw               x6, 24(x2)           x6:00000003  x2:10001598  PA:100015b0
21377723ns          377152 1c00995e ffcb0b13 addi             x22, x22, -4        x22=100015c8 x22:100015cc
21377743ns          377153 1c009960 fec98993 addi             x19, x19, -20       x19=100016d0 x19:100016e4
21377763ns          377154 1c009962 001d8c13 addi             x24, x27, 1         x24=00000002 x27:00000001
21377783ns          377155 1c009966 e20306e3 beq              x6, x0, -468         x6:00000003
21377803ns          377156 1c00996a 018007b3 add              x15, x0, x24        x15=00000002 x24:00000002
21377823ns          377157 1c00996c 004b2283 lw               x5, 4(x22)           x5=4113a136 x22:100015c8  PA:100015cc
21377863ns          377159 1c009970 8ffdb863 p.bneimm         x27, -3856          x27:00000001
21377922ns          377162 1c008a60 01412e03 lw               x28, 20(x2)         x28=00000000  x2:10001598  PA:100015ac
21377942ns          377163 1c008a62 01400e93 addi             x29, x0, 20         x29=00000014
21377962ns          377164 1c008a64 77cec8e3 blt              x29, x28, 3952      x29:00000014 x28:00000000
21377982ns          377165 1c008a68 00c12f83 lw               x31, 12(x2)         x31=100015dc  x2:10001598  PA:100015a4
21378022ns          377167 1c008a6a 000fa683 lw               x13, 0(x31)         x13=3e44f4ef x31:100015dc  PA:100015dc
21378062ns          377169 1c008a6e a1e69753 flt.s            x14, f13, f30       x14=00000000 f13:3e44f4ef f30:00000000
21378081ns          377170 1c008a72 00070363 beq              x14, x0, 6          x14:00000000
21378141ns          377173 1c008a78 000b2603 lw               x12, 0(x22)         x12=4154b879 x22:100015c8  PA:100015c8
21378181ns          377175 1c008a7c a1e61753 flt.s            x14, f12, f30       x14=00000000 f12:4154b879 f30:00000000
21378201ns          377176 1c008a80 00c005b3 add              x11, x0, x12        x11=4154b879 x12:4154b879
21378221ns          377177 1c008a82 00070363 beq              x14, x0, 6          x14:00000000
21378280ns          377180 1c008a88 a1e29753 flt.s            x14, f5, f30        x14=00000000  f5:4113a136 f30:00000000
21378300ns          377181 1c008a8c 00070363 beq              x14, x0, 6          x14:00000000
21378360ns          377184 1c008a92 00500733 add              x14, x0, x5         x14=4113a136  x5:4113a136
21378380ns          377185 1c008a94 00b77753 fadd.s           f14, f14, f11       f14=xxxxxxxx f14:4113a136 f11:4154b879
21378400ns          377186 1c008a98 11777753 fmul.s           f14, f14, f23       f14=xxxxxxxx f14:41b42cd8 f23:34000000
21378420ns          377187 1c008a9c a0e68753 fle.s            x14, f13, f14       x14=00000000 f13:3e44f4ef f14:36342cd8
21378479ns          377190 1c008aa0 00070363 beq              x14, x0, 6          x14:00000000
21378559ns          377194 1c008aa6 1c000337 lui              x6, 0x1c000000       x6=1c000000
21378579ns          377195 1c008aaa 02830313 addi             x6, x6, 40           x6=1c000028  x6:1c000000
21378638ns          377198 1c008aae 00032303 lw               x6, 0(x6)            x6=0c000000  x6:1c000028  PA:1c000028
21378977ns          377215 1c008ab2 a06686d3 fle.s            x13, f13, f6        x13=00000000 f13:3e44f4ef  f6:0c000000
21378996ns          377216 1c008ab6 00068363 beq              x13, x0, 6          x13:00000000
21379116ns          377222 1c008abc fffd8693 addi             x13, x27, -1        x13=00000000 x27:00000001
21379136ns          377223 1c008ac0 000d9463 bne              x27, x0, 8          x27:00000001
21379195ns          377226 1c008ac8 00269713 slli             x14, x13, 0x2       x14=00000000 x13:00000000
21379215ns          377227 1c008acc 0e010393 addi             x7, x2, 224          x7=10001678  x2:10001598
21379275ns          377230 1c008ad0 00e385b3 add              x11, x7, x14        x11=10001678  x7:10001678 x14:00000000
21379315ns          377232 1c008ad4 f605a503 lw               x10, -160(x11)      x10=3c0bfcf1 x11:10001678  PA:100015d8
21379354ns          377234 1c008ad8 a1e515d3 flt.s            x11, f10, f30       x11=00000000 f10:3c0bfcf1 f30:00000000
21379374ns          377235 1c008adc 00058363 beq              x11, x0, 6          x11:00000000
21379454ns          377239 1c008ae2 0e010413 addi             x8, x2, 224          x8=10001678  x2:10001598
21379474ns          377240 1c008ae4 00e405b3 add              x11, x8, x14        x11=10001678  x8:10001678 x14:00000000
21379494ns          377241 1c008ae8 f4c5a583 lw               x11, -180(x11)      x11=4206e6b7 x11:10001678  PA:100015c4
21379533ns          377243 1c008aec a1e59853 flt.s            x16, f11, f30       x16=00000000 f11:4206e6b7 f30:00000000
21379573ns          377245 1c008af0 00080463 beq              x16, x0, 8          x16:00000000
21379633ns          377248 1c008af8 00b00833 add              x16, x0, x11        x16=4206e6b7 x11:4206e6b7
21379653ns          377249 1c008afa a1e618d3 flt.s            x17, f12, f30       x17=00000000 f12:4154b879 f30:00000000
21379732ns          377253 1c008afe 00088463 beq              x17, x0, 8          x17:00000000
21379812ns          377257 1c008b06 1c0004b7 lui              x9, 0x1c000000       x9=1c000000
21379832ns          377258 1c008b0a 01067653 fadd.s           f12, f12, f16       f12=xxxxxxxx f12:4154b879 f16:4206e6b7
21379891ns          377261 1c008b0e 02c48493 addi             x9, x9, 44           x9=1c00002c  x9:1c000000
21379911ns          377262 1c008b12 0004a483 lw               x9, 0(x9)            x9=34000000  x9:1c00002c  PA:1c00002c
21380230ns          377278 1c008b14 10967653 fmul.s           f12, f12, f9        f12=xxxxxxxx f12:423c14d5  f9:34000000
21380250ns          377279 1c008b18 a0c50653 fle.s            x12, f10, f12       x12=00000000 f10:3c0bfcf1 f12:36bc14d5
21380269ns          377280 1c008b1c 00060363 beq              x12, x0, 6          x12:00000000
21380349ns          377284 1c008b22 1c000637 lui              x12, 0x1c000000     x12=1c000000
21380369ns          377285 1c008b26 02860613 addi             x12, x12, 40        x12=1c000028 x12:1c000000
21380389ns          377286 1c008b2a 00062603 lw               x12, 0(x12)         x12=0c000000 x12:1c000028  PA:1c000028
21380707ns          377302 1c008b2c a0c50553 fle.s            x10, f10, f12       x10=00000000 f10:3c0bfcf1 f12:0c000000
21380727ns          377303 1c008b30 00050363 beq              x10, x0, 6          x10:00000000
21380806ns          377307 1c008b36 ffed8813 addi             x16, x27, -2        x16=ffffffff x27:00000001
21380826ns          377308 1c008b3a 01f83463 p.bneimm         x16, 8              x16:ffffffff
21380886ns          377311 1c008b3e 5620106f jal              x0, 5474           
21380966ns          377315 1c00a0a0 fff00693 addi             x13, x0, -1         x13=ffffffff
21380985ns          377316 1c00a0a2 00000813 addi             x16, x0, 0          x16=00000000
21381005ns          377317 1c00a0a4 b7ffe06f jal              x0, -5250          
21381125ns          377323 1c008c22 3d880de3 beq              x16, x24, 3034      x16:00000000 x24:00000002
21381145ns          377324 1c008c26 002d8393 addi             x7, x27, 2           x7=00000003 x27:00000001
21381164ns          377325 1c008c2a 7c76d5e3 bge              x13, x7, 4042       x13:ffffffff  x7:00000003
21381224ns          377328 1c008c2e 00268f93 addi             x31, x13, 2         x31=00000001 x13:ffffffff
21381264ns          377330 1c008c32 3e780a63 beq              x16, x7, 1012       x16:00000000  x7:00000003
21381284ns          377331 1c008c36 002c1e93 slli             x29, x24, 0x2       x29=00000008 x24:00000002
21381304ns          377332 1c008c3a 04010493 addi             x9, x2, 64           x9=100015d8  x2:10001598
21381324ns          377333 1c008c3c ffce8593 addi             x11, x29, -4        x11=00000004 x29:00000008
21381363ns          377335 1c008c40 1c000637 lui              x12, 0x1c000000     x12=1c000000
21381403ns          377337 1c008c44 02c10413 addi             x8, x2, 44           x8=100015c4  x2:10001598
21381423ns          377338 1c008c46 1c000537 lui              x10, 0x1c000000     x10=1c000000
21381443ns          377339 1c008c4a 009585b3 add              x11, x11, x9        x11=100015dc x11:00000004  x9:100015d8
21381463ns          377340 1c008c4c 02862483 lw               x9, 40(x12)          x9=0c000000 x12:1c000000  PA:1c000028
21381801ns          377357 1c008c50 01d40333 add              x6, x8, x29          x6=100015cc  x8:100015c4 x29:00000008
21381821ns          377358 1c008c54 00700733 add              x14, x0, x7         x14=00000003  x7:00000003
21381841ns          377359 1c008c56 02c52403 lw               x8, 44(x10)          x8=34000000 x10:1c000000  PA:1c00002c
21382139ns          377374 1c008c5a 00168693 addi             x13, x13, 1         x13=00000000 x13:ffffffff
21382159ns          377375 1c008c5c 00000e13 addi             x28, x0, 0          x28=00000000
21382179ns          377376 1c008c60 41038533 sub              x10, x7, x16        x10=00000003  x7:00000003 x16:00000000
21382199ns          377377 1c008c64 1e0540fb lp.setup         0x1, x10, 0x1e0     x10:00000003
21382219ns          377378 1c008c68 fff70893 addi             x17, x14, -1        x17=00000002 x14:00000003
21382239ns          377379 1c008c6c 00000793 addi             x15, x0, 0          x15=00000000
21382278ns          377381 1c008c70 00ec4763 blt              x24, x14, 14        x24:00000002 x14:00000003
21382398ns          377387 1c008c7e 00efd963 bge              x31, x14, 18        x31:00000001 x14:00000003
21382418ns          377388 1c008c82 0005a603 lw               x12, 0(x11)         x12=3e44f4ef x11:100015dc  PA:100015dc
21382457ns          377390 1c008c84 a1c61f53 flt.s            x30, f12, f28       x30=00000000 f12:3e44f4ef f28:00000000
21382477ns          377391 1c008c88 380f1163 bne              x30, x0, 898        x30:00000000
21382497ns          377392 1c008c8c 00c7f7d3 fadd.s           f15, f15, f12       f15=xxxxxxxx f15:00000000 f12:3e44f4ef
21382537ns          377394 1c008c90 ffc3260b p.lw             x12, -4(x6!)        x12=4113a136  x6=100015c8  x6:100015cc  PA:100015cc
21382577ns          377396 1c008c94 a1c61f53 flt.s            x30, f12, f28       x30=00000000 f12:4113a136 f28:00000000
21382597ns          377397 1c008c98 000f0463 beq              x30, x0, 8          x30:00000000
21382716ns          377403 1c008ca0 1087f7d3 fmul.s           f15, f15, f8        f15=xxxxxxxx f15:3e44f4ef  f8:34000000
21382736ns          377404 1c008ca4 a0f607d3 fle.s            x15, f12, f15       x15=00000000 f12:4113a136 f15:32c4f4ef
21382756ns          377405 1c008ca8 00079563 bne              x15, x0, 10         x15:00000000
21382776ns          377406 1c008caa a0960653 fle.s            x12, f12, f9        x12=00000000 f12:4113a136  f9:0c000000
21382835ns          377409 1c008cae 36060663 beq              x12, x0, 876        x12:00000000
21382975ns          377416 1c00901a 00d71463 bne              x14, x13, 8         x14:00000003 x13:00000000
21383074ns          377421 1c009022 01100733 add              x14, x0, x17        x14=00000002 x17:00000002
21383094ns          377422 1c009024 ffc58593 addi             x11, x11, -4        x11=100015d8 x11:100015dc
21383114ns          377423 1c008c68 fff70893 addi             x17, x14, -1        x17=00000001 x14:00000002
21383134ns          377424 1c008c6c 00000793 addi             x15, x0, 0          x15=00000000
21383154ns          377425 1c008c70 00ec4763 blt              x24, x14, 14        x24:00000002 x14:00000002
21383173ns          377426 1c008c74 0045a783 lw               x15, 4(x11)         x15=3e44f4ef x11:100015d8  PA:100015dc
21383213ns          377428 1c008c76 a1c79653 flt.s            x12, f15, f28       x12=00000000 f15:3e44f4ef f28:00000000
21383233ns          377429 1c008c7a 38061b63 bne              x12, x0, 918        x12:00000000
21383253ns          377430 1c008c7e 00efd963 bge              x31, x14, 18        x31:00000001 x14:00000002
21383273ns          377431 1c008c82 0005a603 lw               x12, 0(x11)         x12=3c0bfcf1 x11:100015d8  PA:100015d8
21383313ns          377433 1c008c84 a1c61f53 flt.s            x30, f12, f28       x30=00000000 f12:3c0bfcf1 f28:00000000
21383333ns          377434 1c008c88 380f1163 bne              x30, x0, 898        x30:00000000
21383352ns          377435 1c008c8c 00c7f7d3 fadd.s           f15, f15, f12       f15=xxxxxxxx f15:3e44f4ef f12:3c0bfcf1
21383372ns          377436 1c008c90 ffc3260b p.lw             x12, -4(x6!)        x12=4154b879  x6=100015c4  x6:100015c8  PA:100015c8
21383412ns          377438 1c008c94 a1c61f53 flt.s            x30, f12, f28       x30=00000000 f12:4154b879 f28:00000000
21383432ns          377439 1c008c98 000f0463 beq              x30, x0, 8          x30:00000000
21383492ns          377442 1c008ca0 1087f7d3 fmul.s           f15, f15, f8        f15=xxxxxxxx f15:3e4db4be  f8:34000000
21383512ns          377443 1c008ca4 a0f607d3 fle.s            x15, f12, f15       x15=00000000 f12:4154b879 f15:32cdb4be
21383531ns          377444 1c008ca8 00079563 bne              x15, x0, 10         x15:00000000
21383551ns          377445 1c008caa a0960653 fle.s            x12, f12, f9        x12=00000000 f12:4154b879  f9:0c000000
21383571ns          377446 1c008cae 36060663 beq              x12, x0, 876        x12:00000000
21383651ns          377450 1c00901a 00d71463 bne              x14, x13, 8         x14:00000002 x13:00000000
21383711ns          377453 1c009022 01100733 add              x14, x0, x17        x14=00000001 x17:00000001
21383730ns          377454 1c009024 ffc58593 addi             x11, x11, -4        x11=100015d4 x11:100015d8
21383750ns          377455 1c008c68 fff70893 addi             x17, x14, -1        x17=00000000 x14:00000001
21383770ns          377456 1c008c6c 00000793 addi             x15, x0, 0          x15=00000000
21383790ns          377457 1c008c70 00ec4763 blt              x24, x14, 14        x24:00000002 x14:00000001
21383810ns          377458 1c008c74 0045a783 lw               x15, 4(x11)         x15=3c0bfcf1 x11:100015d4  PA:100015d8
21383850ns          377460 1c008c76 a1c79653 flt.s            x12, f15, f28       x12=00000000 f15:3c0bfcf1 f28:00000000
21383870ns          377461 1c008c7a 38061b63 bne              x12, x0, 918        x12:00000000
21383890ns          377462 1c008c7e 00efd963 bge              x31, x14, 18        x31:00000001 x14:00000001
21383949ns          377465 1c008c90 ffc3260b p.lw             x12, -4(x6!)        x12=4206e6b7  x6=100015c0  x6:100015c4  PA:100015c4
21383989ns          377467 1c008c94 a1c61f53 flt.s            x30, f12, f28       x30=00000000 f12:4206e6b7 f28:00000000
21384009ns          377468 1c008c98 000f0463 beq              x30, x0, 8          x30:00000000
21384069ns          377471 1c008ca0 1087f7d3 fmul.s           f15, f15, f8        f15=xxxxxxxx f15:3c0bfcf1  f8:34000000
21384088ns          377472 1c008ca4 a0f607d3 fle.s            x15, f12, f15       x15=00000000 f12:4206e6b7 f15:308bfcf1
21384108ns          377473 1c008ca8 00079563 bne              x15, x0, 10         x15:00000000
21384128ns          377474 1c008caa a0960653 fle.s            x12, f12, f9        x12=00000000 f12:4206e6b7  f9:0c000000
21384148ns          377475 1c008cae 36060663 beq              x12, x0, 876        x12:00000000
21384228ns          377479 1c00901a 00d71463 bne              x14, x13, 8         x14:00000001 x13:00000000
21384287ns          377482 1c009022 01100733 add              x14, x0, x17        x14=00000000 x17:00000000
21384307ns          377483 1c009024 ffc58593 addi             x11, x11, -4        x11=100015d0 x11:100015d4
21384327ns          377484 1c009026 00000793 addi             x15, x0, 0          x15=00000000
21384347ns          377485 1c00902a a0f297d3 flt.s            x15, f5, f15        x15=00000000  f5:4113a136 f15:00000000
21384367ns          377486 1c00902e 005006b3 add              x13, x0, x5         x13=4113a136  x5:4113a136
21384407ns          377488 1c009030 00078363 beq              x15, x0, 6          x15:00000000
21384486ns          377492 1c009036 002d9593 slli             x11, x27, 0x2       x11=00000004 x27:00000001
21384506ns          377493 1c00903a 0e010613 addi             x12, x2, 224        x12=10001678  x2:10001598
21384526ns          377494 1c00903c 00b607b3 add              x15, x12, x11       x15=1000167c x12:10001678 x11:00000004
21384586ns          377497 1c009040 f4c7a603 lw               x12, -180(x15)      x12=4154b879 x15:1000167c  PA:100015c8
21384625ns          377499 1c009044 00000793 addi             x15, x0, 0          x15=00000000
21384645ns          377500 1c009048 a0f617d3 flt.s            x15, f12, f15       x15=00000000 f12:4154b879 f15:00000000
21384665ns          377501 1c00904c 00b12423 sw               x11, 8(x2)          x11:00000004  x2:10001598  PA:100015a0
21384685ns          377502 1c00904e 06d12423 sw               x13, 104(x2)        x13:4113a136  x2:10001598  PA:10001600
21384725ns          377504 1c009050 00c00533 add              x10, x0, x12        x10=4154b879 x12:4154b879
21384745ns          377505 1c009052 00b008b3 add              x17, x0, x11        x17=00000004 x11:00000004
21384765ns          377506 1c009054 00078363 beq              x15, x0, 6          x15:00000000
21384824ns          377509 1c00905a 0e010713 addi             x14, x2, 224        x14=10001678  x2:10001598
21384844ns          377510 1c00905c 011707b3 add              x15, x14, x17       x15=1000167c x14:10001678 x17:00000004
21384904ns          377513 1c009060 f607a783 lw               x15, -160(x15)      x15=3e44f4ef x15:1000167c  PA:100015dc
21384964ns          377516 1c009064 00000713 addi             x14, x0, 0          x14=00000000
21384984ns          377517 1c009068 a0e79753 flt.s            x14, f15, f14       x14=00000000 f15:3e44f4ef f14:00000000
21385003ns          377518 1c00906c 06a12623 sw               x10, 108(x2)        x10:4154b879  x2:10001598  PA:10001604
21385023ns          377519 1c00906e 00070363 beq              x14, x0, 6          x14:00000000
21385083ns          377522 1c009074 00f00733 add              x14, x0, x15        x14=3e44f4ef x15:3e44f4ef
21385103ns          377523 1c009076 00281813 slli             x16, x16, 0x2       x16=00000000 x16:00000000
21385123ns          377524 1c009078 0e010993 addi             x19, x2, 224        x19=10001678  x2:10001598
21385143ns          377525 1c00907c 010985b3 add              x11, x19, x16       x11=10001678 x19:10001678 x16:00000000
21385182ns          377527 1c009080 f4c5a883 lw               x17, -180(x11)      x17=4206e6b7 x11:10001678  PA:100015c4
21385222ns          377529 1c009084 00000593 addi             x11, x0, 0          x11=00000000
21385242ns          377530 1c009088 a0b895d3 flt.s            x11, f17, f11       x11=00000000 f17:4206e6b7 f11:00000000
21385262ns          377531 1c00908c 06e12823 sw               x14, 112(x2)        x14:3e44f4ef  x2:10001598  PA:10001608
21385282ns          377532 1c00908e 01100e33 add              x28, x0, x17        x28=4206e6b7 x17:4206e6b7
21385322ns          377534 1c009090 00058363 beq              x11, x0, 6          x11:00000000
21385401ns          377538 1c009096 0e010e93 addi             x29, x2, 224        x29=10001678  x2:10001598
21385421ns          377539 1c00909a 01d80833 add              x16, x16, x29       x16=10001678 x16:00000000 x29:10001678
21385441ns          377540 1c00909c f6082303 lw               x6, -160(x16)        x6=3c0bfcf1 x16:10001678  PA:100015d8
21385481ns          377542 1c0090a0 00000593 addi             x11, x0, 0          x11=00000000
21385521ns          377544 1c0090a4 a0b315d3 flt.s            x11, f6, f11        x11=00000000  f6:3c0bfcf1 f11:00000000
21385540ns          377545 1c0090a8 07c12a23 sw               x28, 116(x2)        x28:4206e6b7  x2:10001598  PA:1000160c
21385560ns          377546 1c0090aa 00058363 beq              x11, x0, 6          x11:00000000
21385660ns          377551 1c0090b0 006005b3 add              x11, x0, x6         x11=3c0bfcf1  x6:3c0bfcf1
21385680ns          377552 1c0090b2 a0d6a853 feq.s            x16, f13, f13       x16=00000001 f13:4113a136 f13:4113a136
21385700ns          377553 1c0090b6 06b12c23 sw               x11, 120(x2)        x11:3c0bfcf1  x2:10001598  PA:10001610
21385719ns          377554 1c0090b8 00080463 beq              x16, x0, 8          x16:00000001
21385739ns          377555 1c0090bc 0080106f jal              x0, 4104           
21385859ns          377561 1c00a0c4 a0a69853 flt.s            x16, f13, f10       x16=00000001 f13:4113a136 f10:4154b879
21385898ns          377563 1c00a0c8 1e080563 beq              x16, x0, 490        x16:00000001
21385918ns          377564 1c00a0cc a0e516d3 flt.s            x13, f10, f14       x13=00000000 f10:4154b879 f14:3e44f4ef
21385978ns          377567 1c00a0d0 28069163 bne              x13, x0, 642        x13:00000000
21386018ns          377569 1c00a0d4 07412703 lw               x14, 116(x2)        x14=4206e6b7  x2:10001598  PA:1000160c
21386058ns          377571 1c00a0d6 a0e516d3 flt.s            x13, f10, f14       x13=00000001 f10:4154b879 f14:4206e6b7
21386078ns          377572 1c00a0da 00069263 bne              x13, x0, 4          x13:00000001
21386177ns          377577 1c00a0de a0b716d3 flt.s            x13, f14, f11       x13=00000000 f14:4206e6b7 f11:3c0bfcf1
21386197ns          377578 1c00a0e2 84069063 bne              x13, x0, -4032      x13:00000000
21386217ns          377579 1c00a0e6 00e005b3 add              x11, x0, x14        x11=4206e6b7 x14:4206e6b7
21386237ns          377580 1c00a0e8 83aff06f jal              x0, -4038          
21386416ns          377589 1c009122 1c0004b7 lui              x9, 0x1c000000       x9=1c000000
21386436ns          377590 1c009126 0204a703 lw               x14, 32(x9)         x14=3f800000  x9:1c000000  PA:1c000020
21386774ns          377607 1c00912a 18b77753 fdiv.s           f14, f14, f11       f14=xxxxxxxx f14:3f800000 f11:4206e6b7
21387052ns          377621 1c00912e 105772d3 fmul.s           f5, f14, f5          f5=xxxxxxxx f14:3cf2e755  f5:4113a136
21387072ns          377622 1c009132 10e7f7d3 fmul.s           f15, f15, f14       f15=xxxxxxxx f15:3e44f4ef f14:3cf2e755
21387092ns          377623 1c009136 00000513 addi             x10, x0, 0          x10=00000000
21387112ns          377624 1c00913a 28e676c3 fmadd.s          f13, f12, f14, f5   f13=xxxxxxxx f12:4154b879 f14:3cf2e755  f5:3e8c13cd
21387191ns          377628 1c00913e 28e67e47 fmsub.s          f28, f12, f14, f5   f28=xxxxxxxx f12:4154b879 f14:3cf2e755  f5:3e8c13cd
21387231ns          377630 1c009142 10f7f853 fmul.s           f16, f15, f15       f16=xxxxxxxx f15:3bbae184 f15:3bbae184
21387251ns          377631 1c009146 10f2f653 fmul.s           f12, f5, f15        f12=xxxxxxxx  f5:3e8c13cd f15:3bbae184
21387271ns          377632 1c00914a 10e8f7d3 fmul.s           f15, f17, f14       f15=xxxxxxxx f17:4206e6b7 f14:3cf2e755
21387331ns          377635 1c00914e 1c000737 lui              x14, 0x1c000000     x14=1c000000
21387370ns          377637 1c009152 81c6f6c3 fmadd.s          f13, f13, f28, f16  f13=xxxxxxxx f13:3f2af534 f28:3df70b3a f16:38086c7a
21387390ns          377638 1c009156 03070713 addi             x14, x14, 48        x14=1c000030 x14:1c000000
21387410ns          377639 1c00915a 00072703 lw               x14, 0(x14)         x14=3f000000 x14:1c000030  PA:1c000030
21387709ns          377654 1c00915c 10c67653 fmul.s           f12, f12, f12       f12=xxxxxxxx f12:3acc8391 f12:3acc8391
21387728ns          377655 1c009160 10e6f6d3 fmul.s           f13, f13, f14       f13=xxxxxxxx f13:3da50b22 f14:3f000000
21387748ns          377656 1c009164 a0a6a753 feq.s            x14, f13, f10       x14=00000000 f13:3d250b22 f10:00000000
21387768ns          377657 1c009168 00070663 beq              x14, x0, 12         x14:00000000
21387868ns          377662 1c009174 00000513 addi             x10, x0, 0          x10=00000000
21387888ns          377663 1c009178 a0a69553 flt.s            x10, f13, f10       x10=00000000 f13:3d250b22 f10:00000000
21387907ns          377664 1c00917c 60d6f743 fmadd.s          f14, f13, f13, f12  f14=xxxxxxxx f13:3d250b22 f13:3d250b22 f12:362361f3
21387967ns          377667 1c009180 58077753 fsqrt.s          f14, f14            f14=xxxxxxxx f14:3ad52066
21388265ns          377682 1c009184 00050363 beq              x10, x0, 6          x10:00000000
21388345ns          377686 1c00918a 00e6f6d3 fadd.s           f13, f13, f14       f13=xxxxxxxx f13:3d250b22 f14:3d252acd
21388365ns          377687 1c00918e 18d67753 fdiv.s           f14, f12, f13       f14=xxxxxxxx f12:362361f3 f13:3da51af8
21388385ns          377688 1c009192 00f2f853 fadd.s           f16, f5, f15        f16=xxxxxxxx  f5:3e8c13cd f15:3f800000
21388663ns          377702 1c009196 0857f6d3 fsub.s           f13, f15, f5        f13=xxxxxxxx f15:3f800000  f5:3e8c13cd
21388683ns          377703 1c00919a 18b375d3 fdiv.s           f11, f6, f11        f11=xxxxxxxx  f6:3c0bfcf1 f11:4206e6b7
21388962ns          377717 1c00919e 10b7f7d3 fmul.s           f15, f15, f11       f15=xxxxxxxx f15:3f800000 f11:3984d39c
21388982ns          377718 1c0091a2 70d87843 fmadd.s          f16, f16, f13, f14  f16=xxxxxxxx f16:3fa304f3 f13:3f39f61a f14:37fd5430
21389001ns          377719 1c0091a6 5dfc4563 blt              x24, x31, 1482      x24:00000002 x31:00000001
21389021ns          377720 1c0091aa 002f9693 slli             x13, x31, 0x2       x13=00000004 x31:00000001
21389081ns          377723 1c0091ae 01f68333 add              x6, x13, x31         x6=00000005 x13:00000004 x31:00000001
21389101ns          377724 1c0091b2 00231313 slli             x6, x6, 0x2          x6=00000014  x6:00000005
21389121ns          377725 1c0091b4 058fc733 p.min            x14, x31, x24       x14=00000001 x31:00000001 x24:00000002
21389141ns          377726 1c0091b8 02c10893 addi             x17, x2, 44         x17=100015c4  x2:10001598
21389161ns          377727 1c0091bc 0e010993 addi             x19, x2, 224        x19=10001678  x2:10001598
21389220ns          377730 1c0091c0 ffc68a13 addi             x20, x13, -4        x20=00000000 x13:00000004
21389260ns          377732 1c0091c4 fec30e13 addi             x28, x6, -20        x28=00000000  x6:00000014
21389280ns          377733 1c0091c8 00d88ab3 add              x21, x17, x13       x21=100015c8 x17:100015c4 x13:00000004
21389300ns          377734 1c0091cc 00d98633 add              x12, x19, x13       x12=1000167c x19:10001678 x13:00000004
21389359ns          377737 1c0091d0 41f70b33 sub              x22, x14, x31       x22=00000000 x14:00000001 x31:00000001
21389399ns          377739 1c0091d4 04010393 addi             x7, x2, 64           x7=100015d8  x2:10001598
21389419ns          377740 1c0091d8 001f8693 addi             x13, x31, 1         x13=00000002 x31:00000001
21389439ns          377741 1c0091dc 00170713 addi             x14, x14, 1         x14=00000002 x14:00000001
21389499ns          377744 1c0091de 006c8eb3 add              x29, x25, x6        x29=10001734 x25:10001720  x6:00000014
21389538ns          377746 1c0091e2 01488bb3 add              x23, x17, x20       x23=100015c4 x17:100015c4 x20:00000000
21389558ns          377747 1c0091e6 01cc8f33 add              x30, x25, x28       x30=10001720 x25:10001720 x28:00000000
21389578ns          377748 1c0091ea f5c62503 lw               x10, -164(x12)      x10=3c0bfcf1 x12:1000167c  PA:100015d8
21389638ns          377751 1c0091ee ffcaa583 lw               x11, -4(x21)        x11=4206e6b7 x21:100015c8  PA:100015c4
21389658ns          377752 1c0091f2 01a30333 add              x6, x6, x26          x6=100016d0  x6:00000014 x26:100016bc
21389678ns          377753 1c0091f4 007a0a33 add              x20, x20, x7        x20=100015d8 x20:00000000  x7:100015d8
21389698ns          377754 1c0091f6 01ae0e33 add              x28, x28, x26       x28=100016bc x28:00000000 x26:100016bc
21389718ns          377755 1c0091f8 00000293 addi             x5, x0, 0            x5=00000000
21389737ns          377756 1c0091fc 001b0b13 addi             x22, x22, 1         x22=00000001 x22:00000000
21389777ns          377758 1c0091fe 00d75463 bge              x14, x13, 8         x14:00000002 x13:00000002
21389857ns          377762 1c009206 145b40fb lp.setup         0x1, x22, 0x145     x22:00000001
21389877ns          377763 1c00920a a0581753 flt.s            x14, f16, f5        x14=00000000 f16:3f6cd890  f5:00000000
21389897ns          377764 1c00920e 01000633 add              x12, x0, x16        x12=3f6cd890 x16:3f6cd890
21389936ns          377766 1c009210 00070363 beq              x14, x0, 6          x14:00000000
21390016ns          377770 1c009216 a0579753 flt.s            x14, f15, f5        x14=00000000 f15:3984d39c  f5:00000000
21390036ns          377771 1c00921a 00f008b3 add              x17, x0, x15        x17=3984d39c x15:3984d39c
21390056ns          377772 1c00921c 00070363 beq              x14, x0, 6          x14:00000000
21390155ns          377777 1c009222 a0c89753 flt.s            x14, f17, f12       x14=00000001 f17:3984d39c f12:3f6cd890
21390175ns          377778 1c009226 010006b3 add              x13, x0, x16        x13=3f6cd890 x16:3f6cd890
21390195ns          377779 1c009228 00071263 bne              x14, x0, 4          x14:00000001
21390294ns          377784 1c00922c 01167753 fadd.s           f14, f12, f17       f14=xxxxxxxx f12:3f6cd890 f17:3984d39c
21390314ns          377785 1c009230 a05723d3 feq.s            x7, f14, f5          x7=00000000 f14:3f6ce92a  f5:00000000
21390334ns          377786 1c009234 00038463 beq              x7, x0, 8            x7:00000000
21390394ns          377789 1c00923c 1c000437 lui              x8, 0x1c000000       x8=1c000000
21390453ns          377792 1c009240 02040413 addi             x8, x8, 32           x8=1c000020  x8:1c000000
21390493ns          377794 1c009244 00042403 lw               x8, 0(x8)            x8=3f800000  x8:1c000020  PA:1c000020
21390812ns          377810 1c009246 18e473d3 fdiv.s           f7, f8, f14          f7=xxxxxxxx  f8:3f800000 f14:3f6ce92a
21391189ns          377829 1c00924a 1078f8d3 fmul.s           f17, f17, f7        f17=xxxxxxxx f17:3984d39c  f7:3f8a504c
21391209ns          377830 1c00924e 10767653 fmul.s           f12, f12, f7        f12=xxxxxxxx f12:3f6cd890  f7:3f8a504c
21391229ns          377831 1c009252 a05696d3 flt.s            x13, f13, f5        x13=00000000 f13:3f6cd890  f5:00000000
21391249ns          377832 1c009256 1118f8d3 fmul.s           f17, f17, f17       f17=xxxxxxxx f17:398f8777 f17:398f8777
21391269ns          377833 1c00925a 88c67643 fmadd.s          f12, f12, f12, f17  f12=xxxxxxxx f12:3f7fee0f f12:3f7fee0f f17:33a0f13d
21391388ns          377839 1c00925e 58067653 fsqrt.s          f12, f12            f12=xxxxxxxx f12:3f7fdc21
21391766ns          377858 1c009262 10c77753 fmul.s           f14, f14, f12       f14=xxxxxxxx f14:3f6ce92a f12:3f7fee10
21391786ns          377859 1c009266 00068363 beq              x13, x0, 6          x13:00000000
21391965ns          377868 1c00926c 1c0004b7 lui              x9, 0x1c000000       x9=1c000000
21391985ns          377869 1c009270 02048493 addi             x9, x9, 32           x9=1c000020  x9:1c000000
21392005ns          377870 1c009274 0004a483 lw               x9, 0(x9)            x9=3f800000  x9:1c000020  PA:1c000020
21392343ns          377887 1c009276 18e4f753 fdiv.s           f14, f9, f14        f14=xxxxxxxx  f9:3f800000 f14:3f6cd890
21392721ns          377906 1c00927a 10e87653 fmul.s           f12, f16, f14       f12=xxxxxxxx f16:3f6cd890 f14:3f8a59fe
21392741ns          377907 1c00927e 10e7f7d3 fmul.s           f15, f15, f14       f15=xxxxxxxx f15:3984d39c f14:3f8a59fe
21392761ns          377908 1c009282 000e2683 lw               x13, 0(x28)         x13=3edc00e9 x28:100016bc  PA:100016bc
21392781ns          377909 1c009286 00032803 lw               x16, 0(x6)          x16=beda8029  x6:100016d0  PA:100016d0
21392801ns          377910 1c00928a 10d7f3d3 fmul.s           f7, f15, f13         f7=xxxxxxxx f15:398f9187 f13:3edc00e9
21392860ns          377913 1c00928e 1107f8d3 fmul.s           f17, f15, f16       f17=xxxxxxxx f15:398f9187 f16:beda8029
21392900ns          377915 1c009292 10f57753 fmul.s           f14, f10, f15       f14=xxxxxxxx f10:3c0bfcf1 f15:398f9187
21392920ns          377916 1c009296 39067847 fmsub.s          f16, f12, f16, f7   f16=xxxxxxxx f12:3f800000 f16:beda8029  f7:38f6c325
21392940ns          377917 1c00929a 88d676c3 fmadd.s          f13, f12, f13, f17  f13=xxxxxxxx f12:3f800000 f13:3edc00e9 f17:b8f51399
21392999ns          377920 1c00929e 10b7f3d3 fmul.s           f7, f15, f11         f7=xxxxxxxx f15:398f9187 f11:4206e6b7
21393039ns          377922 1c0092a2 01032023 sw               x16, 0(x6)          x16:beda8f95  x6:100016d0  PA:100016d0
21393059ns          377923 1c0092a6 00de2023 sw               x13, 0(x28)         x13:3edbf198 x28:100016bc  PA:100016bc
21393079ns          377924 1c0092aa 004e2803 lw               x16, 4(x28)         x16=3f0a5705 x28:100016bc  PA:100016c0
21393139ns          377927 1c0092ae 00432883 lw               x17, 4(x6)          x17=bec1cc63  x6:100016d0  PA:100016d4
21393179ns          377929 1c0092b2 1107f453 fmul.s           f8, f15, f16         f8=xxxxxxxx f15:398f9187 f16:3f0a5705
21393198ns          377930 1c0092b6 1117f6d3 fmul.s           f13, f15, f17       f13=xxxxxxxx f15:398f9187 f17:bec1cc63
21393218ns          377931 1c0092ba 70b67743 fmadd.s          f14, f12, f11, f14  f14=xxxxxxxx f12:3f800000 f11:4206e6b7 f14:361d03bd
21393278ns          377934 1c0092be 411678c7 fmsub.s          f17, f12, f17, f8   f17=xxxxxxxx f12:3f800000 f17:bec1cc63  f8:391b2a80
21393318ns          377936 1c0092c2 69067843 fmadd.s          f16, f12, f16, f13  f16=xxxxxxxx f12:3f800000 f16:3f0a5705 f13:b8d95ead
21393338ns          377937 1c0092c6 38c576c7 fmsub.s          f13, f10, f12, f7   f13=xxxxxxxx f10:3c0bfcf1 f12:3f800000  f7:3c174f20
21393358ns          377938 1c0092ca 01132223 sw               x17, 4(x6)          x17:bec1dfc8  x6:100016d0  PA:100016d4
21393417ns          377941 1c0092ce 008e2583 lw               x11, 8(x28)         x11=3ee8df28 x28:100016bc  PA:100016c4
21393457ns          377943 1c0092d2 010e2223 sw               x16, 4(x28)         x16:3f0a503a x28:100016bc  PA:100016c0
21393477ns          377944 1c0092d6 00832803 lw               x16, 8(x6)          x16=3f1cf186  x6:100016d0  PA:100016d8
21393497ns          377945 1c0092da 10b7f8d3 fmul.s           f17, f15, f11       f17=xxxxxxxx f15:398f9187 f11:3ee8df28
21393556ns          377948 1c0092de 1107f553 fmul.s           f10, f15, f16       f10=xxxxxxxx f15:398f9187 f16:3f1cf186
21393596ns          377950 1c0092e2 a05713d3 flt.s            x7, f14, f5          x7=00000000 f14:4206e6b8  f5:00000000
21393616ns          377951 1c0092e6 890678c7 fmsub.s          f17, f12, f16, f17  f17=xxxxxxxx f12:3f800000 f16:3f1cf186 f17:39029909
21393636ns          377952 1c0092ea 50b67543 fmadd.s          f10, f12, f11, f10  f10=xxxxxxxx f12:3f800000 f11:3ee8df28 f10:39300843
21393696ns          377955 1c0092ee 000aa803 lw               x16, 0(x21)         x16=4154b879 x21:100015c8  PA:100015c8
21393735ns          377957 1c0092f2 01132423 sw               x17, 8(x6)          x17:3f1ce95c  x6:100016d0  PA:100016d8
21393755ns          377958 1c0092f6 00ce2583 lw               x11, 12(x28)        x11=3f004c48 x28:100016bc  PA:100016c8
21393775ns          377959 1c0092fa 00ae2423 sw               x10, 8(x28)         x10:3ee8f529 x28:100016bc  PA:100016c4
21393835ns          377962 1c0092fe 00c32403 lw               x8, 12(x6)           x8=bd73545a  x6:100016d0  PA:100016dc
21393875ns          377964 1c009302 10b7f8d3 fmul.s           f17, f15, f11       f17=xxxxxxxx f15:398f9187 f11:3f004c48
21393895ns          377965 1c009306 1087f553 fmul.s           f10, f15, f8        f10=xxxxxxxx f15:398f9187  f8:bd73545a
21393914ns          377966 1c00930a 00da222b p.sw             x13, 4(x20!)        x20=100015dc x13:ba3522f0 x20:100015d8  PA:100015d8
21393974ns          377969 1c00930e 88867447 fmsub.s          f8, f12, f8, f17     f8=xxxxxxxx f12:3f800000  f8:bd73545a f17:390fe716
21394014ns          377971 1c009312 50b67543 fmadd.s          f10, f12, f11, f10  f10=xxxxxxxx f12:3f800000 f11:3f004c48 f10:b7887671
21394034ns          377972 1c009316 10f875d3 fmul.s           f11, f16, f15       f11=xxxxxxxx f16:4154b879 f15:398f9187
21394054ns          377973 1c00931a 00832623 sw               x8, 12(x6)           x8:bd73e441  x6:100016d0  PA:100016dc
21394113ns          377976 1c00931e 010e2403 lw               x8, 16(x28)          x8=3e82d7fe x28:100016bc  PA:100016cc
21394153ns          377978 1c009322 00ae2623 sw               x10, 12(x28)        x10:3f004b37 x28:100016bc  PA:100016c8
21394173ns          377979 1c009326 01032503 lw               x10, 16(x6)         x10=3f0b1934  x6:100016d0  PA:100016e0
21394193ns          377980 1c00932a 1087f4d3 fmul.s           f9, f15, f8          f9=xxxxxxxx f15:398f9187  f8:3e82d7fe
21394253ns          377983 1c00932e 10a7f7d3 fmul.s           f15, f15, f10       f15=xxxxxxxx f15:398f9187 f10:3f0b1934
21394292ns          377985 1c009332 10c878d3 fmul.s           f17, f16, f12       f17=xxxxxxxx f16:4154b879 f12:3f800000
21394312ns          377986 1c009336 48a67547 fmsub.s          f10, f12, f10, f9   f10=xxxxxxxx f12:3f800000 f10:3f0b1934  f9:3892c210
21394332ns          377987 1c00933a 788677c3 fmadd.s          f15, f12, f8, f15   f15=xxxxxxxx f12:3f800000  f8:3e82d7fe f15:391c044d
21394392ns          377990 1c00933e 00a32823 sw               x10, 16(x6)         x10:3f0b149e  x6:100016d0  PA:100016e0
21394432ns          377992 1c009342 00fe2823 sw               x15, 16(x28)        x15:3e82eb7f x28:100016bc  PA:100016cc
21394452ns          377993 1c009346 00e007b3 add              x15, x0, x14        x15=4206e6b8 x14:4206e6b8
21394471ns          377994 1c009348 00038463 beq              x7, x0, 8            x7:00000000
21394571ns          377999 1c009350 a0559653 flt.s            x12, f11, f5        x12=00000000 f11:3b6e97f1  f5:00000000
21394591ns          378000 1c009354 700616e3 bne              x12, x0, 3852       x12:00000000
21394611ns          378001 1c009358 00b00633 add              x12, x0, x11        x12=3b6e97f1 x11:3b6e97f1
21394631ns          378002 1c00935a a0f61553 flt.s            x10, f12, f15       x10=00000001 f12:3b6e97f1 f15:4206e6b8
21394650ns          378003 1c00935e 00e00833 add              x16, x0, x14        x16=4206e6b8 x14:4206e6b8
21394690ns          378005 1c009360 00051263 bne              x10, x0, 4          x10:00000001
21394750ns          378008 1c009364 00c7f453 fadd.s           f8, f15, f12         f8=xxxxxxxx f15:4206e6b8 f12:3b6e97f1
21394770ns          378009 1c009368 a05423d3 feq.s            x7, f8, f5           x7=00000000  f8:4206ea72  f5:00000000
21394790ns          378010 1c00936c 6a0397e3 bne              x7, x0, 3758         x7:00000000
21394849ns          378013 1c009370 1c0009b7 lui              x19, 0x1c000000     x19=1c000000
21394889ns          378015 1c009374 02098993 addi             x19, x19, 32        x19=1c000020 x19:1c000000
21394909ns          378016 1c009378 0009a983 lw               x19, 0(x19)         x19=3f800000 x19:1c000020  PA:1c000020
21395227ns          378032 1c00937c 1889f3d3 fdiv.s           f7, f19, f8          f7=xxxxxxxx f19:3f800000  f8:4206ea72
21395725ns          378057 1c009380 10767653 fmul.s           f12, f12, f7        f12=xxxxxxxx f12:3b6e97f1  f7:3cf2e09e
21395744ns          378058 1c009384 1077f7d3 fmul.s           f15, f15, f7        f15=xxxxxxxx f15:4206e6b8  f7:3cf2e09e
21395764ns          378059 1c009388 a0581853 flt.s            x16, f16, f5        x16=00000000 f16:4206e6b8  f5:00000000
21395784ns          378060 1c00938c 10c67653 fmul.s           f12, f12, f12       f12=xxxxxxxx f12:38e25cfa f12:38e25cfa
21395824ns          378062 1c009390 60f7f7c3 fmadd.s          f15, f15, f15, f12  f15=xxxxxxxx f15:3f7ff8ee f15:3f7ff8ee f12:3248284b
21395864ns          378064 1c009394 5807f7d3 fsqrt.s          f15, f15            f15=xxxxxxxx f15:3f7ff1dc
21396281ns          378085 1c009398 10f47453 fmul.s           f8, f8, f15          f8=xxxxxxxx  f8:4206ea72 f15:3f7ff8ee
21396301ns          378086 1c00939c 00080463 beq              x16, x0, 8          x16:00000000
21396381ns          378090 1c0093a4 1c0003b7 lui              x7, 0x1c000000       x7=1c000000
21396401ns          378091 1c0093a8 02038393 addi             x7, x7, 32           x7=1c000020  x7:1c000000
21396421ns          378092 1c0093ac 0003a383 lw               x7, 0(x7)            x7=3f800000  x7:1c000020  PA:1c000020
21396759ns          378109 1c0093b0 1883f7d3 fdiv.s           f15, f7, f8         f15=xxxxxxxx  f7:3f800000  f8:4206e6b8
21397077ns          378125 1c0093b4 10f77653 fmul.s           f12, f14, f15       f12=xxxxxxxx f14:4206e6b8 f15:3cf2e753
21397097ns          378126 1c0093b8 10f5f3d3 fmul.s           f7, f11, f15         f7=xxxxxxxx f11:3b6e97f1 f15:3cf2e753
21397117ns          378127 1c0093bc 10c6f853 fmul.s           f16, f13, f12       f16=xxxxxxxx f13:ba3522f0 f12:3f800000
21397137ns          378128 1c0093c0 207395d3 fsgnjn.s         f11, f7, f7         f11=xxxxxxxx  f7:38e2633a  f7:38e2633a
21397157ns          378129 1c0093c4 000f2783 lw               x15, 0(x30)         x15=3eb9a9de x30:10001720  PA:10001720
21397177ns          378130 1c0093c8 000ea483 lw               x9, 0(x29)           x9=bec36fd4 x29:10001734  PA:10001734
21397196ns          378131 1c0093cc 1077f953 fmul.s           f18, f15, f7        f18=xxxxxxxx f15:3eb9a9de  f7:38e2633a
21397236ns          378133 1c0093d0 1074f553 fmul.s           f10, f9, f7         f10=xxxxxxxx  f9:bec36fd4  f7:38e2633a
21397276ns          378135 1c0093d4 10c8f753 fmul.s           f14, f17, f12       f14=xxxxxxxx f17:4154b879 f12:3f800000
21397296ns          378136 1c0093d8 90c4f4c7 fmsub.s          f9, f9, f12, f18     f9=xxxxxxxx  f9:bec36fd4 f12:3f800000 f18:38242fed
21397316ns          378137 1c0093dc 50c7f543 fmadd.s          f10, f15, f12, f10  f10=xxxxxxxx f15:3eb9a9de f12:3f800000 f10:b82cd47a
21397375ns          378140 1c0093e0 70b6f5c3 fmadd.s          f11, f13, f11, f14  f11=xxxxxxxx f13:ba3522f0 f11:b8e2633a f14:4154b879
21397415ns          378142 1c0093e4 009ea023 sw               x9, 0(x29)           x9:bec374f5 x29:10001734  PA:10001734
21397435ns          378143 1c0093e8 00af2023 sw               x10, 0(x30)         x10:3eb9a477 x30:10001720  PA:10001720
21397455ns          378144 1c0093ec 004f2503 lw               x10, 4(x30)         x10=3f02198e x30:10001720  PA:10001724
21397515ns          378147 1c0093f0 004ea483 lw               x9, 4(x29)           x9=bf01353b x29:10001734  PA:10001738
21397554ns          378149 1c0093f4 10a3f9d3 fmul.s           f19, f7, f10        f19=xxxxxxxx  f7:38e2633a f10:3f02198e
21397574ns          378150 1c0093f8 1093f953 fmul.s           f18, f7, f9         f18=xxxxxxxx  f7:38e2633a  f9:bf01353b
21397594ns          378151 1c0093fc 008ba22b p.sw             x8, 4(x23!)         x23=100015c8  x8:4206e6b8 x23:100015c4  PA:100015c4
21397654ns          378154 1c009400 989674c7 fmsub.s          f9, f12, f9, f19     f9=xxxxxxxx f12:3f800000  f9:bf01353b f19:386619f9
21397694ns          378156 1c009404 90a67743 fmadd.s          f14, f12, f10, f18  f14=xxxxxxxx f12:3f800000 f10:3f02198e f18:b8648626
21397714ns          378157 1c009408 8078f843 fmadd.s          f16, f17, f7, f16   f16=xxxxxxxx f17:4154b879  f7:38e2633a f16:ba3522f0
21397733ns          378158 1c00940c 009ea223 sw               x9, 4(x29)           x9:bf0138d3 x29:10001734  PA:10001738
21397793ns          378161 1c009410 00ef2223 sw               x14, 4(x30)         x14:3f0215fc x30:10001720  PA:10001724
21397833ns          378163 1c009414 008f2703 lw               x14, 8(x30)         x14=3f191cd8 x30:10001720  PA:10001728
21397853ns          378164 1c009418 008ea483 lw               x9, 8(x29)           x9=3e8b2c23 x29:10001734  PA:1000173c
21397873ns          378165 1c00941c 10e3f953 fmul.s           f18, f7, f14        f18=xxxxxxxx  f7:38e2633a f14:3f191cd8
21397932ns          378168 1c009420 1093f6d3 fmul.s           f13, f7, f9         f13=xxxxxxxx  f7:38e2633a  f9:3e8b2c23
21397972ns          378170 1c009424 000a2783 lw               x15, 0(x20)         x15=3e44f4ef x20:100015dc  PA:100015dc
21397992ns          378171 1c009428 909674c7 fmsub.s          f9, f12, f9, f18     f9=xxxxxxxx f12:3f800000  f9:3e8b2c23 f18:388766d0
21398012ns          378172 1c00942c 68e676c3 fmadd.s          f13, f12, f14, f13  f13=xxxxxxxx f12:3f800000 f14:3f191cd8 f13:37f625d1
21398072ns          378175 1c009430 10c7f553 fmul.s           f10, f15, f12       f10=xxxxxxxx f15:3e44f4ef f12:3f800000
21398111ns          378177 1c009434 009ea423 sw               x9, 8(x29)           x9:3e8b23ad x29:10001734  PA:1000173c
21398131ns          378178 1c009438 00cf2703 lw               x14, 12(x30)        x14=3e9d2938 x30:10001720  PA:1000172c
21398151ns          378179 1c00943c 00df2423 sw               x13, 8(x30)         x13:3f191ec4 x30:10001720  PA:10001728
21398211ns          378182 1c009440 00cea683 lw               x13, 12(x29)        x13=be23916e x29:10001734  PA:10001740
21398251ns          378184 1c009444 10e3f4d3 fmul.s           f9, f7, f14          f9=xxxxxxxx  f7:38e2633a f14:3e9d2938
21398271ns          378185 1c009448 10d3f453 fmul.s           f8, f7, f13          f8=xxxxxxxx  f7:38e2633a f13:be23916e
21398290ns          378186 1c00944c 00baa22b p.sw             x11, 4(x21!)        x21=100015cc x11:4154b879 x21:100015c8  PA:100015c8
21398350ns          378189 1c009450 48d676c7 fmsub.s          f13, f12, f13, f9   f13=xxxxxxxx f12:3f800000 f13:be23916e  f9:380afb4e
21398390ns          378191 1c009454 40e67743 fmadd.s          f14, f12, f14, f8   f14=xxxxxxxx f12:3f800000 f14:3e9d2938  f8:b790a5c9
21398410ns          378192 1c009458 00aa2023 sw               x10, 0(x20)         x10:3e44f4ef x20:100015dc  PA:100015dc
21398430ns          378193 1c00945c 00dea623 sw               x13, 12(x29)        x13:be239a1e x29:10001734  PA:10001740
21398489ns          378196 1c009460 010f2883 lw               x17, 16(x30)        x17=3ecbb475 x30:10001720  PA:10001730
21398529ns          378198 1c009464 00ef2623 sw               x14, 12(x30)        x14:3e9d26f5 x30:10001720  PA:1000172c
21398549ns          378199 1c009468 010ea683 lw               x13, 16(x29)        x13=3f350c0e x29:10001734  PA:10001744
21398569ns          378200 1c00946c 1113f453 fmul.s           f8, f7, f17          f8=xxxxxxxx  f7:38e2633a f17:3ecbb475
21398629ns          378203 1c009470 10d3f753 fmul.s           f14, f7, f13        f14=xxxxxxxx  f7:38e2633a f13:3f350c0e
21398668ns          378205 1c009474 1077f7d3 fmul.s           f15, f15, f7        f15=xxxxxxxx f15:3e44f4ef  f7:38e2633a
21398688ns          378206 1c009478 40d676c7 fmsub.s          f13, f12, f13, f8   f13=xxxxxxxx f12:3f800000 f13:3f350c0e  f8:38342444
21398708ns          378207 1c00947c 71167743 fmadd.s          f14, f12, f17, f14  f14=xxxxxxxx f12:3f800000 f17:3ecbb475 f14:38a01ad1
21398768ns          378210 1c009480 001f8f93 addi             x31, x31, 1         x31=00000002 x31:00000001
21398808ns          378212 1c009482 00dea823 sw               x13, 16(x29)        x13:3f35093d x29:10001734  PA:10001744
21398827ns          378213 1c009486 00ef2823 sw               x14, 16(x30)        x14:3ecbbe77 x30:10001720  PA:10001730
21398847ns          378214 1c00948a 014e8e93 addi             x29, x29, 20        x29=10001748 x29:10001734
21398867ns          378215 1c00948c 01430313 addi             x6, x6, 20           x6=100016e4  x6:100016d0
21398887ns          378216 1c00948e 014f0f13 addi             x30, x30, 20        x30=10001734 x30:10001720
21398907ns          378217 1c009490 014e0e13 addi             x28, x28, 20        x28=100016d0 x28:100016bc
21398947ns          378219 1c009492 2dfc4f63 blt              x24, x31, 734       x24:00000002 x31:00000002
21398967ns          378220 1c009496 002f9713 slli             x14, x31, 0x2       x14=00000008 x31:00000002
21398987ns          378221 1c00949a ffc70b13 addi             x22, x14, -4        x22=00000004 x14:00000008
21399046ns          378224 1c00949e 002c1913 slli             x18, x24, 0x2       x18=00000008 x24:00000002
21399086ns          378226 1c0094a2 01f70633 add              x12, x14, x31       x12=0000000a x14:00000008 x31:00000002
21399106ns          378227 1c0094a6 41690933 sub              x18, x18, x22       x18=00000004 x18:00000008 x22:00000004
21399126ns          378228 1c0094aa 02c10513 addi             x10, x2, 44         x10=100015c4  x2:10001598
21399146ns          378229 1c0094ac 04010593 addi             x11, x2, 64         x11=100015d8  x2:10001598
21399166ns          378230 1c0094ae 00261613 slli             x12, x12, 0x2       x12=00000028 x12:0000000a
21399186ns          378231 1c0094b0 00e50ab3 add              x21, x10, x14       x21=100015cc x10:100015c4 x14:00000008
21399225ns          378233 1c0094b4 00e58a33 add              x20, x11, x14       x20=100015e0 x11:100015d8 x14:00000008
21399245ns          378234 1c0094b8 ffc90913 addi             x18, x18, -4        x18=00000000 x18:00000004
21399265ns          378235 1c0094ba ff870713 addi             x14, x14, -8        x14=00000000 x14:00000008
21399285ns          378236 1c0094bc 04010693 addi             x13, x2, 64         x13=100015d8  x2:10001598
21399325ns          378238 1c0094be fec60e13 addi             x28, x12, -20       x28=00000014 x12:00000028
21399365ns          378240 1c0094c2 00295913 srli             x18, x18, 0x2       x18=00000000 x18:00000000
21399384ns          378241 1c0094c6 00e689b3 add              x19, x13, x14       x19=100015d8 x13:100015d8 x14:00000000
21399404ns          378242 1c0094ca ffcaa583 lw               x11, -4(x21)        x11=4154b879 x21:100015cc  PA:100015c8
21399424ns          378243 1c0094ce 02c10713 addi             x14, x2, 44         x14=100015c4  x2:10001598
21399464ns          378245 1c0094d0 ffca2503 lw               x10, -4(x20)        x10=3e44f4ef x20:100015e0  PA:100015dc
21399504ns          378247 1c0094d4 00cc8f33 add              x30, x25, x12       x30=10001748 x25:10001720 x12:00000028
21399524ns          378248 1c0094d8 01cc8eb3 add              x29, x25, x28       x29=10001734 x25:10001720 x28:00000014
21399544ns          378249 1c0094dc 01a60633 add              x12, x12, x26       x12=100016e4 x12:00000028 x26:100016bc
21399563ns          378250 1c0094de 01ae0e33 add              x28, x28, x26       x28=100016d0 x28:00000014 x26:100016bc
21399603ns          378252 1c0094e0 00eb0b33 add              x22, x22, x14       x22=100015c8 x22:00000004 x14:100015c4
21399643ns          378254 1c0094e2 00000f93 addi             x31, x0, 0          x31=00000000
21399663ns          378255 1c0094e6 00190913 addi             x18, x18, 1         x18=00000001 x18:00000000
21399683ns          378256 1c0094e8 142940fb lp.setup         0x1, x18, 0x142     x18:00000001
21399703ns          378257 1c0094ec a1f81753 flt.s            x14, f16, f31       x14=00000000 f16:3a4317ad f31:00000000
21399742ns          378259 1c0094f0 010002b3 add              x5, x0, x16          x5=3a4317ad x16:3a4317ad
21399762ns          378260 1c0094f2 00070363 beq              x14, x0, 6          x14:00000000
21399822ns          378263 1c0094f8 a1f79753 flt.s            x14, f15, f31       x14=00000000 f15:37ae2c92 f31:00000000
21399842ns          378264 1c0094fc 00f006b3 add              x13, x0, x15        x13=37ae2c92 x15:37ae2c92
21399862ns          378265 1c0094fe 00070363 beq              x14, x0, 6          x14:00000000
21399941ns          378269 1c009504 a0569753 flt.s            x14, f13, f5        x14=00000001 f13:37ae2c92  f5:3a4317ad
21399961ns          378270 1c009508 01000333 add              x6, x0, x16          x6=3a4317ad x16:3a4317ad
21399981ns          378271 1c00950a 00071263 bne              x14, x0, 4          x14:00000001
21400100ns          378277 1c00950e 0056f753 fadd.s           f14, f13, f5        f14=xxxxxxxx f13:37ae2c92  f5:3a4317ad
21400120ns          378278 1c009512 a1f728d3 feq.s            x17, f14, f31       x17=00000000 f14:3a488912 f31:00000000
21400140ns          378279 1c009516 52089be3 bne              x17, x0, 3382       x17:00000000
21400160ns          378280 1c00951a 1c0003b7 lui              x7, 0x1c000000       x7=1c000000
21400220ns          378283 1c00951e 02038393 addi             x7, x7, 32           x7=1c000020  x7:1c000000
21400260ns          378285 1c009522 0003a383 lw               x7, 0(x7)            x7=3f800000  x7:1c000020  PA:1c000020
21400578ns          378301 1c009526 18e3f8d3 fdiv.s           f17, f7, f14        f17=xxxxxxxx  f7:3f800000 f14:3a488912
21401373ns          378341 1c00952a 10d8f6d3 fmul.s           f13, f17, f13       f13=xxxxxxxx f17:44a3670d f13:37ae2c92
21401393ns          378342 1c00952e 1058f8d3 fmul.s           f17, f17, f5        f17=xxxxxxxx f17:44a3670d  f5:3a4317ad
21401413ns          378343 1c009532 a1f312d3 flt.s            x5, f6, f31          x5=00000000  f6:3a4317ad f31:00000000
21401433ns          378344 1c009536 10d6f6d3 fmul.s           f13, f13, f13       f13=xxxxxxxx f13:3cde58fb f13:3cde58fb
21401453ns          378345 1c00953a 6918f6c3 fmadd.s          f13, f17, f17, f13  f13=xxxxxxxx f17:3f790d37 f17:3f790d37 f13:3a411e72
21401513ns          378348 1c00953e 5806f353 fsqrt.s          f6, f13              f6=xxxxxxxx f13:3f727afd
21401930ns          378369 1c009542 10e37353 fmul.s           f6, f6, f14          f6=xxxxxxxx  f6:3f792606 f14:3a488912
21401950ns          378370 1c009546 00028463 beq              x5, x0, 8            x5:00000000
21402090ns          378377 1c00954e 1c000437 lui              x8, 0x1c000000       x8=1c000000
21402109ns          378378 1c009552 02040413 addi             x8, x8, 32           x8=1c000020  x8:1c000000
21402129ns          378379 1c009556 00042403 lw               x8, 0(x8)            x8=3f800000  x8:1c000020  PA:1c000020
21402448ns          378395 1c009558 18647753 fdiv.s           f14, f8, f6         f14=xxxxxxxx  f8:3f800000  f6:3a432b1c
21402726ns          378409 1c00955c 10e876d3 fmul.s           f13, f16, f14       f13=xxxxxxxx f16:3a4317ad f14:44a7e562
21402746ns          378410 1c009560 10e7f7d3 fmul.s           f15, f15, f14       f15=xxxxxxxx f15:37ae2c92 f14:44a7e562
21402766ns          378411 1c009564 000e2703 lw               x14, 0(x28)         x14=beda8f95 x28:100016d0  PA:100016d0
21402786ns          378412 1c009568 00062803 lw               x16, 0(x12)         x16=3f0407d4 x12:100016e4  PA:100016e4
21402806ns          378413 1c00956c 10e7f3d3 fmul.s           f7, f15, f14         f7=xxxxxxxx f15:3ce47648 f14:beda8f95
21402845ns          378415 1c009570 1107f2d3 fmul.s           f5, f15, f16         f5=xxxxxxxx f15:3ce47648 f16:3f0407d4
21402885ns          378417 1c009574 10f578d3 fmul.s           f17, f10, f15       f17=xxxxxxxx f10:3e44f4ef f15:3ce47648
21402905ns          378418 1c009578 3906f847 fmsub.s          f16, f13, f16, f7   f16=xxxxxxxx f13:3f7fe681 f16:3f0407d4  f7:bc430cdc
21402925ns          378419 1c00957c 28e6f743 fmadd.s          f14, f13, f14, f5   f14=xxxxxxxx f13:3f7fe681 f14:beda8f95  f5:3c6ba7f3
21402985ns          378422 1c009580 88d5f8c3 fmadd.s          f17, f11, f13, f17  f17=xxxxxxxx f11:4154b879 f13:3f7fe681 f17:3bafc525
21403024ns          378424 1c009584 01062023 sw               x16, 0(x12)         x16:3f0706e1 x12:100016e4  PA:100016e4
21403044ns          378425 1c009588 00ee2023 sw               x14, 0(x28)         x14:bed31c91 x28:100016d0  PA:100016d0
21403064ns          378426 1c00958c 004e2703 lw               x14, 4(x28)         x14=bec1dfc8 x28:100016d0  PA:100016d4
21403124ns          378429 1c009590 00462803 lw               x16, 4(x12)         x16=3d9fc376 x12:100016e4  PA:100016e8
21403164ns          378431 1c009594 10e7f453 fmul.s           f8, f15, f14         f8=xxxxxxxx f15:3ce47648 f14:bec1dfc8
21403184ns          378432 1c009598 10f873d3 fmul.s           f7, f16, f15         f7=xxxxxxxx f16:3d9fc376 f15:3ce47648
21403203ns          378433 1c00959c 10f5f2d3 fmul.s           f5, f11, f15         f5=xxxxxxxx f11:4154b879 f15:3ce47648
21403263ns          378436 1c0095a0 40d87847 fmsub.s          f16, f16, f13, f8   f16=xxxxxxxx f16:3d9fc376 f13:3f7fe681  f8:bc2d04e2
21403303ns          378438 1c0095a4 38e6f743 fmadd.s          f14, f13, f14, f7   f14=xxxxxxxx f13:3f7fe681 f14:bec1dfc8  f7:3b0e93e6
21403323ns          378439 1c0095a8 0069a22b p.sw             x6, 4(x19!)         x19=100015dc  x6:3a432b1c x19:100015d8  PA:100015d8
21403343ns          378440 1c0095ac 01062223 sw               x16, 4(x12)         x16:3db55429 x12:100016e4  PA:100016e8
21403402ns          378443 1c0095b0 00ee2223 sw               x14, 4(x28)         x14:bec0af51 x28:100016d0  PA:100016d4
21403442ns          378445 1c0095b4 008e2703 lw               x14, 8(x28)         x14=3f1ce95c x28:100016d0  PA:100016d8
21403462ns          378446 1c0095b8 00862803 lw               x16, 8(x12)         x16=3e8b59cb x12:100016e4  PA:100016ec
21403482ns          378447 1c0095bc 10f773d3 fmul.s           f7, f14, f15         f7=xxxxxxxx f14:3f1ce95c f15:3ce47648
21403542ns          378450 1c0095c0 10f875d3 fmul.s           f11, f16, f15       f11=xxxxxxxx f16:3e8b59cb f15:3ce47648
21403581ns          378452 1c0095c4 28d57547 fmsub.s          f10, f10, f13, f5   f10=xxxxxxxx f10:3e44f4ef f13:3f7fe681  f5:3ebdd695
21403601ns          378453 1c0095c8 38d873c7 fmsub.s          f7, f16, f13, f7     f7=xxxxxxxx f16:3e8b59cb f13:3f7fe681  f7:3c8c0856
21403621ns          378454 1c0095cc 58d775c3 fmadd.s          f11, f14, f13, f11  f11=xxxxxxxx f14:3f1ce95c f13:3f7fe681 f11:3bf8b8b7
21403681ns          378457 1c0095d0 a1f892d3 flt.s            x5, f17, f31         x5=00000000 f17:4154b942 f31:00000000
21403721ns          378459 1c0095d4 00762423 sw               x7, 8(x12)           x7:3e828b65 x12:100016e4  PA:100016ec
21403740ns          378460 1c0095d8 00ce2703 lw               x14, 12(x28)        x14=bd73e441 x28:100016d0  PA:100016dc
21403760ns          378461 1c0095dc 00be2423 sw               x11, 8(x28)         x11:3f1ecb2d x28:100016d0  PA:100016d8
21403820ns          378464 1c0095e0 00c62383 lw               x7, 12(x12)          x7=bf4e5999 x12:100016e4  PA:100016f0
21403860ns          378466 1c0095e4 10f77453 fmul.s           f8, f14, f15         f8=xxxxxxxx f14:bd73e441 f15:3ce47648
21403880ns          378467 1c0095e8 10f3f5d3 fmul.s           f11, f7, f15        f11=xxxxxxxx  f7:bf4e5999 f15:3ce47648
21403900ns          378468 1c0095ec 000aa803 lw               x16, 0(x21)         x16=4113a136 x21:100015cc  PA:100015cc
21403959ns          378471 1c0095f0 40d3f3c7 fmsub.s          f7, f7, f13, f8      f7=xxxxxxxx  f7:bf4e5999 f13:3f7fe681  f8:bad9a7fa
21403999ns          378473 1c0095f4 58d775c3 fmadd.s          f11, f14, f13, f11  f11=xxxxxxxx f14:bd73e441 f13:3f7fe681 f11:bcb82724
21404019ns          378474 1c0095f8 00a9a023 sw               x10, 0(x19)         x10:be36cbd9 x19:100015dc  PA:100015dc
21404039ns          378475 1c0095fc 00762623 sw               x7, 12(x12)          x7:bf4dd838 x12:100016e4  PA:100016f0
21404099ns          378478 1c009600 010e2703 lw               x14, 16(x28)        x14=3f0b149e x28:100016d0  PA:100016e0
21404138ns          378480 1c009604 00be2623 sw               x11, 12(x28)        x11:bda7efc4 x28:100016d0  PA:100016dc
21404158ns          378481 1c009608 01062583 lw               x11, 16(x12)        x11=3d837cc6 x12:100016e4  PA:100016f4
21404178ns          378482 1c00960a 10f773d3 fmul.s           f7, f14, f15         f7=xxxxxxxx f14:3f0b149e f15:3ce47648
21404238ns          378485 1c00960e 10f5f353 fmul.s           f6, f11, f15         f6=xxxxxxxx f11:3d837cc6 f15:3ce47648
21404278ns          378487 1c009612 1107f7d3 fmul.s           f15, f15, f16       f15=xxxxxxxx f15:3ce47648 f16:4113a136
21404297ns          378488 1c009616 38d5f5c7 fmsub.s          f11, f11, f13, f7   f11=xxxxxxxx f11:3d837cc6 f13:3f7fe681  f7:3c783d3f
21404317ns          378489 1c00961a 30d77743 fmadd.s          f14, f14, f13, f6   f14=xxxxxxxx f14:3f0b149e f13:3f7fe681  f6:3aeaafc2
21404377ns          378492 1c00961e 1106f6d3 fmul.s           f13, f13, f16       f13=xxxxxxxx f13:3f7fe681 f16:4113a136
21404397ns          378493 1c009622 00b62823 sw               x11, 16(x12)        x11:3d48d00b x12:100016e4  PA:100016f4
21404417ns          378494 1c009624 00ee2823 sw               x14, 16(x28)        x14:3f0b7c1c x28:100016d0  PA:100016e0
21404437ns          378495 1c009628 01100333 add              x6, x0, x17          x6=4154b942 x17:4154b942
21404457ns          378496 1c00962a 00028463 beq              x5, x0, 8            x5:00000000
21404576ns          378502 1c009632 a1f79753 flt.s            x14, f15, f31       x14=00000000 f15:3e83bfca f31:00000000
21404596ns          378503 1c009636 420719e3 bne              x14, x0, 3122       x14:00000000
21404616ns          378504 1c00963a 00f00733 add              x14, x0, x15        x14=3e83bfca x15:3e83bfca
21404636ns          378505 1c00963c a0671853 flt.s            x16, f14, f6        x16=00000001 f14:3e83bfca  f6:4154b942
21404675ns          378507 1c009640 011003b3 add              x7, x0, x17          x7=4154b942 x17:4154b942
21404715ns          378509 1c009642 00081363 bne              x16, x0, 6          x16:00000001
21404775ns          378512 1c009648 006772d3 fadd.s           f5, f14, f6          f5=xxxxxxxx f14:3e83bfca  f6:4154b942
21404795ns          378513 1c00964c a1f2a5d3 feq.s            x11, f5, f31        x11=00000000  f5:4158d740 f31:00000000
21404854ns          378516 1c009650 3a0593e3 bne              x11, x0, 2982       x11:00000000
21404894ns          378518 1c009654 1c000437 lui              x8, 0x1c000000       x8=1c000000
21404914ns          378519 1c009658 02040413 addi             x8, x8, 32           x8=1c000020  x8:1c000000
21404934ns          378520 1c00965c 00042403 lw               x8, 0(x8)            x8=3f800000  x8:1c000020  PA:1c000020
21405312ns          378539 1c00965e 185475d3 fdiv.s           f11, f8, f5         f11=xxxxxxxx  f8:3f800000  f5:4158d740
21406107ns          378579 1c009662 10e5f753 fmul.s           f14, f11, f14       f14=xxxxxxxx f11:3d971d8e f14:3e83bfca
21406127ns          378580 1c009666 a1f393d3 flt.s            x7, f7, f31          x7=00000000  f7:4154b942 f31:00000000
21406147ns          378581 1c00966a 1065f5d3 fmul.s           f11, f11, f6        f11=xxxxxxxx f11:3d971d8e  f6:4154b942
21406167ns          378582 1c00966e 10e77753 fmul.s           f14, f14, f14       f14=xxxxxxxx f14:3c9b8aac f14:3c9b8aac
21406187ns          378583 1c009672 70b5f743 fmadd.s          f14, f11, f11, f14  f14=xxxxxxxx f11:3f7b23aa f11:3f7b23aa f14:39bd026f
21406207ns          378584 1c009676 58077353 fsqrt.s          f6, f14              f6=xxxxxxxx f14:3f767695
21406664ns          378607 1c00967a 10537353 fmul.s           f6, f6, f5           f6=xxxxxxxx  f6:3f7b2fb4  f5:4158d740
21406684ns          378608 1c00967e 00038463 beq              x7, x0, 8            x7:00000000
21406764ns          378612 1c009686 1c0004b7 lui              x9, 0x1c000000       x9=1c000000
21406784ns          378613 1c00968a 02048493 addi             x9, x9, 32           x9=1c000020  x9:1c000000
21406804ns          378614 1c00968e 0004a483 lw               x9, 0(x9)            x9=3f800000  x9:1c000020  PA:1c000020
21407142ns          378631 1c009690 1864f753 fdiv.s           f14, f9, f6         f14=xxxxxxxx  f9:3f800000  f6:4154c374
21407420ns          378645 1c009694 111778d3 fmul.s           f17, f14, f17       f17=xxxxxxxx f14:3d9a02ea f17:4154b942
21407440ns          378646 1c009698 10f77753 fmul.s           f14, f14, f15       f14=xxxxxxxx f14:3d9a02ea f15:3e83bfca
21407460ns          378647 1c00969c 10a8f853 fmul.s           f16, f17, f10       f16=xxxxxxxx f17:3f7ff3bb f10:be36cbd9
21407480ns          378648 1c0096a0 20e71bd3 fsgnjn.s         f23, f14, f14       f23=xxxxxxxx f14:3c9e85bf f14:3c9e85bf
21407500ns          378649 1c0096a4 000ea783 lw               x15, 0(x29)         x15=bec374f5 x29:10001734  PA:10001734
21407520ns          378650 1c0096a8 000f2383 lw               x7, 0(x30)           x7=3ec5bcce x30:10001748  PA:10001748
21407540ns          378651 1c0096ac 10e7f453 fmul.s           f8, f15, f14         f8=xxxxxxxx f15:bec374f5 f14:3c9e85bf
21407579ns          378653 1c0096b0 10e3f2d3 fmul.s           f5, f7, f14          f5=xxxxxxxx  f7:3ec5bcce f14:3c9e85bf
21407619ns          378655 1c0096b4 006b222b p.sw             x6, 4(x22!)         x22=100015cc  x6:4154c374 x22:100015c8  PA:100015c8
21407639ns          378656 1c0096b8 4113f3c7 fmsub.s          f7, f7, f17, f8      f7=xxxxxxxx  f7:3ec5bcce f17:3f7ff3bb  f8:bbf2109a
21407659ns          378657 1c0096bc 2917f2c3 fmadd.s          f5, f15, f17, f5     f5=xxxxxxxx f15:bec374f5 f17:3f7ff3bb  f5:3bf4e3ac
21407719ns          378660 1c0096c0 10d8f5d3 fmul.s           f11, f17, f13       f11=xxxxxxxx f17:3f7ff3bb f13:41139282
21407758ns          378662 1c0096c4 007f2023 sw               x7, 0(x30)           x7:3ec97b96 x30:10001748  PA:10001748
21407778ns          378663 1c0096c8 005ea023 sw               x5, 0(x29)           x5:bebf9808 x29:10001734  PA:10001734
21407798ns          378664 1c0096cc 004ea283 lw               x5, 4(x29)           x5=bf0138d3 x29:10001734  PA:10001738
21407858ns          378667 1c0096d0 004f2383 lw               x7, 4(x30)           x7=3c7cf953 x30:10001748  PA:1000174c
21407898ns          378669 1c0096d4 10e2f4d3 fmul.s           f9, f5, f14          f9=xxxxxxxx  f5:bf0138d3 f14:3c9e85bf
21407918ns          378670 1c0096d8 10e3f453 fmul.s           f8, f7, f14          f8=xxxxxxxx  f7:3c7cf953 f14:3c9e85bf
21407937ns          378671 1c0096dc 80d77843 fmadd.s          f16, f14, f13, f16  f16=xxxxxxxx f14:3c9e85bf f13:41139282 f16:be36c316
21407997ns          378674 1c0096e0 4913f3c7 fmsub.s          f7, f7, f17, f9      f7=xxxxxxxx  f7:3c7cf953 f17:3f7ff3bb  f9:bc20092a
21408037ns          378676 1c0096e4 4112f2c3 fmadd.s          f5, f5, f17, f8      f5=xxxxxxxx  f5:bf0138d3 f17:3f7ff3bb  f8:399ca60c
21408057ns          378677 1c0096e8 000a2783 lw               x15, 0(x20)         x15=00000000 x20:100015e0  PA:100015e0
21408077ns          378678 1c0096ec 007f2223 sw               x7, 4(x30)           x7:3cce7b2f x30:10001748  PA:1000174c
21408136ns          378681 1c0096f0 005ea223 sw               x5, 4(x29)           x5:bf011f0d x29:10001734  PA:10001738
21408176ns          378683 1c0096f4 008ea283 lw               x5, 8(x29)           x5=3e8b23ad x29:10001734  PA:1000173c
21408196ns          378684 1c0096f8 008f2383 lw               x7, 8(x30)           x7=3e8401d1 x30:10001748  PA:10001750
21408216ns          378685 1c0096fc 10e2f4d3 fmul.s           f9, f5, f14          f9=xxxxxxxx  f5:3e8b23ad f14:3c9e85bf
21408276ns          378688 1c009700 10e3f453 fmul.s           f8, f7, f14          f8=xxxxxxxx  f7:3e8401d1 f14:3c9e85bf
21408315ns          378690 1c009704 58abf5c3 fmadd.s          f11, f23, f10, f11  f11=xxxxxxxx f23:bc9e85bf f10:be36cbd9 f11:41138b6f
21408335ns          378691 1c009708 4913f3c7 fmsub.s          f7, f7, f17, f9      f7=xxxxxxxx  f7:3e8401d1 f17:3f7ff3bb  f9:3bac516c
21408355ns          378692 1c00970c 4112f2c3 fmadd.s          f5, f5, f17, f8      f5=xxxxxxxx  f5:3e8b23ad f17:3f7ff3bb  f8:3ba37c2d
21408415ns          378695 1c009710 1117f553 fmul.s           f10, f15, f17       f10=xxxxxxxx f15:00000000 f17:3f7ff3bb
21408455ns          378697 1c009714 007f2423 sw               x7, 8(x30)           x7:3e814a38 x30:10001748  PA:10001750
21408474ns          378698 1c009718 00cea303 lw               x6, 12(x29)          x6=be239a1e x29:10001734  PA:10001740
21408494ns          378699 1c00971c 005ea423 sw               x5, 8(x29)           x5:3e8daaf3 x29:10001734  PA:1000173c
21408554ns          378702 1c009720 00cf2283 lw               x5, 12(x30)          x5=bf61ca79 x30:10001748  PA:10001754
21408594ns          378704 1c009724 10e37453 fmul.s           f8, f6, f14          f8=xxxxxxxx  f6:be239a1e f14:3c9e85bf
21408614ns          378705 1c009728 10e2f3d3 fmul.s           f7, f5, f14          f7=xxxxxxxx  f5:bf61ca79 f14:3c9e85bf
21408634ns          378706 1c00972c 014f0f13 addi             x30, x30, 20        x30=1000175c x30:10001748
21408693ns          378709 1c00972e 4112f2c7 fmsub.s          f5, f5, f17, f8      f5=xxxxxxxx  f5:bf61ca79 f17:3f7ff3bb  f8:bb4a9d2f
21408733ns          378711 1c009732 39137343 fmadd.s          f6, f6, f17, f7      f6=xxxxxxxx  f6:be239a1e f17:3f7ff3bb  f7:bc8bd0ed
21408753ns          378712 1c009736 00baa22b p.sw             x11, 4(x21!)        x21=100015d0 x11:41139995 x21:100015cc  PA:100015cc
21408773ns          378713 1c00973a fe5f2c23 sw               x5, -8(x30)          x5:bf60f509 x30:1000175c  PA:10001754
21408833ns          378716 1c00973e 010ea683 lw               x13, 16(x29)        x13=3f35093d x29:10001734  PA:10001744
21408872ns          378718 1c009742 006ea623 sw               x6, 12(x29)          x6:be350c64 x29:10001734  PA:10001740
21408892ns          378719 1c009746 ffcf2303 lw               x6, -4(x30)          x6=bda1759d x30:1000175c  PA:10001758
21408912ns          378720 1c00974a 10e6f3d3 fmul.s           f7, f13, f14         f7=xxxxxxxx f13:3f35093d f14:3c9e85bf
21408972ns          378723 1c00974e 10e372d3 fmul.s           f5, f6, f14          f5=xxxxxxxx  f6:bda1759d f14:3c9e85bf
21409012ns          378725 1c009752 00aa222b p.sw             x10, 4(x20!)        x20=100015e4 x10:00000000 x20:100015e0  PA:100015e0
21409031ns          378726 1c009756 39137347 fmsub.s          f6, f6, f17, f7      f6=xxxxxxxx  f6:bda1759d f17:3f7ff3bb  f7:3c603491
21409051ns          378727 1c00975a 2916f8c3 fmadd.s          f17, f13, f17, f5   f17=xxxxxxxx f13:3f35093d f17:3f7ff3bb  f5:bac7f5e3
21409071ns          378728 1c00975e 01460613 addi             x12, x12, 20        x12=100016f8 x12:100016e4
21409111ns          378730 1c009760 fe6f2e23 sw               x6, -4(x30)          x6:bdbd7472 x30:1000175c  PA:10001758
21409151ns          378732 1c009764 011ea823 sw               x17, 16(x29)        x17:3f349c95 x29:10001734  PA:10001744
21409171ns          378733 1c009768 014e0e13 addi             x28, x28, 20        x28=100016e4 x28:100016d0
21409191ns          378734 1c00976a 014e8e93 addi             x29, x29, 20        x29=10001748 x29:10001734
21409210ns          378735 1c00976c 10e7f7d3 fmul.s           f15, f15, f14       f15=xxxxxxxx f15:00000000 f14:3c9e85bf
21409270ns          378738 1c009770 01412e03 lw               x28, 20(x2)         x28=00000000  x2:10001598  PA:100015ac
21409290ns          378739 1c009772 00812983 lw               x19, 8(x2)          x19=00000004  x2:10001598  PA:100015a0
21409310ns          378740 1c009774 0e010893 addi             x17, x2, 224        x17=10001678  x2:10001598
21409330ns          378741 1c009778 013887b3 add              x15, x17, x19       x15=1000167c x17:10001678 x19:00000004
21409350ns          378742 1c00977c 001e0e13 addi             x28, x28, 1         x28=00000001 x28:00000000
21409409ns          378745 1c00977e f707a023 sw               x16, -160(x15)      x16:b43184e0 x15:1000167c  PA:100015dc
21409429ns          378746 1c009782 01c12a23 sw               x28, 20(x2)         x28:00000001  x2:10001598  PA:100015ac
21409449ns          378747 1c009784 fff00793 addi             x15, x0, -1         x15=ffffffff
21409469ns          378748 1c009786 00fdc663 blt              x27, x15, 12        x27:00000001 x15:ffffffff
21409489ns          378749 1c00978a 04b00793 addi             x15, x0, 75         x15=0000004b
21409549ns          378752 1c00978e a8fe1c63 bne              x28, x15, -3432     x28:00000001 x15:0000004b
21409648ns          378757 1c008a26 00812503 lw               x10, 8(x2)          x10=00000004  x2:10001598  PA:100015a0
21409688ns          378759 1c008a28 04010613 addi             x12, x2, 64         x12=100015d8  x2:10001598
21409708ns          378760 1c008a2a 01b509b3 add              x19, x10, x27       x19=00000005 x10:00000004 x27:00000001
21409728ns          378761 1c008a2e 02c10593 addi             x11, x2, 44         x11=100015c4  x2:10001598
21409767ns          378763 1c008a30 00a60633 add              x12, x12, x10       x12=100015dc x12:100015d8 x10:00000004
21409807ns          378765 1c008a32 002d8693 addi             x13, x27, 2         x13=00000003 x27:00000001
21409827ns          378766 1c008a36 1c000437 lui              x8, 0x1c000000       x8=1c000000
21409847ns          378767 1c008a3a 1c0004b7 lui              x9, 0x1c000000       x9=1c000000
21409867ns          378768 1c008a3e 00299993 slli             x19, x19, 0x2       x19=00000014 x19:00000005
21409907ns          378770 1c008a40 00a58b33 add              x22, x11, x10       x22=100015c8 x11:100015c4 x10:00000004
21409946ns          378772 1c008a44 00c12623 sw               x12, 12(x2)         x12:100015dc  x2:10001598  PA:100015a4
21409966ns          378773 1c008a46 00d12c23 sw               x13, 24(x2)         x13:00000003  x2:10001598  PA:100015b0
21409986ns          378774 1c008a48 02842a83 lw               x21, 40(x8)         x21=0c000000  x8:1c000000  PA:1c000028
21410304ns          378790 1c008a4c 02c4ab83 lw               x23, 44(x9)         x23=34000000  x9:1c000000  PA:1c00002c
21410603ns          378805 1c008a50 01a989b3 add              x19, x19, x26       x19=100016d0 x19:00000014 x26:100016bc
21410623ns          378806 1c008a52 00000f13 addi             x30, x0, 0          x30=00000000
21410643ns          378807 1c008a56 018007b3 add              x15, x0, x24        x15=00000002 x24:00000002
21410662ns          378808 1c008a58 004b2283 lw               x5, 4(x22)           x5=41139995 x22:100015c8  PA:100015cc
21410682ns          378809 1c008a5c 71fdace3 p.beqimm         x27, 3864           x27:00000001
21410722ns          378811 1c008a60 01412e03 lw               x28, 20(x2)         x28=00000001  x2:10001598  PA:100015ac
21410742ns          378812 1c008a62 01400e93 addi             x29, x0, 20         x29=00000014
21410762ns          378813 1c008a64 77cec8e3 blt              x29, x28, 3952      x29:00000014 x28:00000001
21410782ns          378814 1c008a68 00c12f83 lw               x31, 12(x2)         x31=100015dc  x2:10001598  PA:100015a4
21410822ns          378816 1c008a6a 000fa683 lw               x13, 0(x31)         x13=b43184e0 x31:100015dc  PA:100015dc
21410881ns          378819 1c008a6e a1e69753 flt.s            x14, f13, f30       x14=00000001 f13:b43184e0 f30:00000000
21410901ns          378820 1c008a72 00070363 beq              x14, x0, 6          x14:00000001
21410921ns          378821 1c008a74 20d696d3 fsgnjn.s         f13, f13, f13       f13=xxxxxxxx f13:b43184e0 f13:b43184e0
21410941ns          378822 1c008a78 000b2603 lw               x12, 0(x22)         x12=4154c374 x22:100015c8  PA:100015c8
21410981ns          378824 1c008a7c a1e61753 flt.s            x14, f12, f30       x14=00000000 f12:4154c374 f30:00000000
21411021ns          378826 1c008a80 00c005b3 add              x11, x0, x12        x11=4154c374 x12:4154c374
21411040ns          378827 1c008a82 00070363 beq              x14, x0, 6          x14:00000000
21411100ns          378830 1c008a88 a1e29753 flt.s            x14, f5, f30        x14=00000000  f5:41139995 f30:00000000
21411120ns          378831 1c008a8c 00070363 beq              x14, x0, 6          x14:00000000
21411219ns          378836 1c008a92 00500733 add              x14, x0, x5         x14=41139995  x5:41139995
21411239ns          378837 1c008a94 00b77753 fadd.s           f14, f14, f11       f14=xxxxxxxx f14:41139995 f11:4154c374
21411259ns          378838 1c008a98 11777753 fmul.s           f14, f14, f23       f14=xxxxxxxx f14:41b42e84 f23:34000000
21411279ns          378839 1c008a9c a0e68753 fle.s            x14, f13, f14       x14=00000001 f13:343184e0 f14:36342e84
21411339ns          378842 1c008aa0 00070363 beq              x14, x0, 6          x14:00000001
21411379ns          378844 1c008aa2 3140106f jal              x0, 4884           
21411498ns          378850 1c009db6 002d9713 slli             x14, x27, 0x2       x14=00000004 x27:00000001
21411518ns          378851 1c009dba 0e010393 addi             x7, x2, 224          x7=10001678  x2:10001598
21411538ns          378852 1c009dbe 00770733 add              x14, x14, x7        x14=1000167c x14:00000004  x7:10001678
21411577ns          378854 1c009dc0 01800833 add              x16, x0, x24        x16=00000002 x24:00000002
21411597ns          378855 1c009dc2 01b006b3 add              x13, x0, x27        x13=00000001 x27:00000001
21411617ns          378856 1c009dc4 f6072023 sw               x0, -160(x14)       x14:1000167c  PA:100015dc
21411637ns          378857 1c009dc8 a31ff06f jal              x0, -1488          
21411717ns          378861 1c0097f8 c3881763 bne              x16, x24, -3026     x16:00000002 x24:00000002
21411756ns          378863 1c0097fc a1e29753 flt.s            x14, f5, f30        x14=00000000  f5:41139995 f30:00000000
21411816ns          378866 1c009800 00268613 addi             x12, x13, 2         x12=00000003 x13:00000001
21411856ns          378868 1c009804 16071d63 bne              x14, x0, 378        x14:00000000
21411876ns          378869 1c009808 144c2363 p.beqimm         x24, 326            x24:00000002
21411896ns          378870 1c00980c 00261393 slli             x7, x12, 0x2         x7=0000000c x12:00000003
21411955ns          378873 1c009810 0e010e93 addi             x29, x2, 224        x29=10001678  x2:10001598
21411995ns          378875 1c009814 007e8733 add              x14, x29, x7        x14=10001684 x29:10001678  x7:0000000c
21412015ns          378876 1c009818 f4c72403 lw               x8, -180(x14)        x8=40bcad79 x14:10001684  PA:100015d0
21412035ns          378877 1c00981c 02c10f93 addi             x31, x2, 44         x31=100015c4  x2:10001598
21412095ns          378880 1c009820 a0829753 flt.s            x14, f5, f8         x14=00000000  f5:41139995  f8:40bcad79
21412134ns          378882 1c009824 01f383b3 add              x7, x7, x31          x7=100015d0  x7:0000000c x31:100015c4
21412154ns          378883 1c009826 00300c13 addi             x24, x0, 3          x24=00000003
21412174ns          378884 1c009828 12070363 beq              x14, x0, 294        x14:00000000
21412313ns          378891 1c00994e 00c12f83 lw               x31, 12(x2)         x31=100015dc  x2:10001598  PA:100015a4
21412393ns          378895 1c009950 01812303 lw               x6, 24(x2)           x6=00000003  x2:10001598  PA:100015b0
21412413ns          378896 1c009952 ffcf8f93 addi             x31, x31, -4        x31=100015d8 x31:100015dc
21412433ns          378897 1c009954 fff30313 addi             x6, x6, -1           x6=00000002  x6:00000003
21412453ns          378898 1c009956 fffd8d93 addi             x27, x27, -1        x27=00000000 x27:00000001
21412473ns          378899 1c009958 01f12623 sw               x31, 12(x2)         x31:100015d8  x2:10001598  PA:100015a4
21412492ns          378900 1c00995a 00012a23 sw               x0, 20(x2)           x2:10001598  PA:100015ac
21412512ns          378901 1c00995c 00612c23 sw               x6, 24(x2)           x6:00000002  x2:10001598  PA:100015b0
21412532ns          378902 1c00995e ffcb0b13 addi             x22, x22, -4        x22=100015c4 x22:100015c8
21412552ns          378903 1c009960 fec98993 addi             x19, x19, -20       x19=100016bc x19:100016d0
21412572ns          378904 1c009962 001d8c13 addi             x24, x27, 1         x24=00000001 x27:00000000
21412592ns          378905 1c009966 e20306e3 beq              x6, x0, -468         x6:00000002
21412612ns          378906 1c00996a 018007b3 add              x15, x0, x24        x15=00000001 x24:00000001
21412632ns          378907 1c00996c 004b2283 lw               x5, 4(x22)           x5=4154c374 x22:100015c4  PA:100015c8
21412671ns          378909 1c009970 8ffdb863 p.bneimm         x27, -3856          x27:00000000
21412731ns          378912 1c008a60 01412e03 lw               x28, 20(x2)         x28=00000000  x2:10001598  PA:100015ac
21412751ns          378913 1c008a62 01400e93 addi             x29, x0, 20         x29=00000014
21412771ns          378914 1c008a64 77cec8e3 blt              x29, x28, 3952      x29:00000014 x28:00000000
21412791ns          378915 1c008a68 00c12f83 lw               x31, 12(x2)         x31=100015d8  x2:10001598  PA:100015a4
21412831ns          378917 1c008a6a 000fa683 lw               x13, 0(x31)         x13=3a432b1c x31:100015d8  PA:100015d8
21412870ns          378919 1c008a6e a1e69753 flt.s            x14, f13, f30       x14=00000000 f13:3a432b1c f30:00000000
21412890ns          378920 1c008a72 00070363 beq              x14, x0, 6          x14:00000000
21412950ns          378923 1c008a78 000b2603 lw               x12, 0(x22)         x12=4206e6b8 x22:100015c4  PA:100015c4
21412990ns          378925 1c008a7c a1e61753 flt.s            x14, f12, f30       x14=00000000 f12:4206e6b8 f30:00000000
21413010ns          378926 1c008a80 00c005b3 add              x11, x0, x12        x11=4206e6b8 x12:4206e6b8
21413029ns          378927 1c008a82 00070363 beq              x14, x0, 6          x14:00000000
21413089ns          378930 1c008a88 a1e29753 flt.s            x14, f5, f30        x14=00000000  f5:4154c374 f30:00000000
21413109ns          378931 1c008a8c 00070363 beq              x14, x0, 6          x14:00000000
21413169ns          378934 1c008a92 00500733 add              x14, x0, x5         x14=4154c374  x5:4154c374
21413189ns          378935 1c008a94 00b77753 fadd.s           f14, f14, f11       f14=xxxxxxxx f14:4154c374 f11:4206e6b8
21413208ns          378936 1c008a98 11777753 fmul.s           f14, f14, f23       f14=xxxxxxxx f14:423c1795 f23:34000000
21413228ns          378937 1c008a9c a0e68753 fle.s            x14, f13, f14       x14=00000000 f13:3a432b1c f14:36bc1795
21413248ns          378938 1c008aa0 00070363 beq              x14, x0, 6          x14:00000000
21413328ns          378942 1c008aa6 1c000337 lui              x6, 0x1c000000       x6=1c000000
21413348ns          378943 1c008aaa 02830313 addi             x6, x6, 40           x6=1c000028  x6:1c000000
21413407ns          378946 1c008aae 00032303 lw               x6, 0(x6)            x6=0c000000  x6:1c000028  PA:1c000028
21413746ns          378963 1c008ab2 a06686d3 fle.s            x13, f13, f6        x13=00000000 f13:3a432b1c  f6:0c000000
21413765ns          378964 1c008ab6 00068363 beq              x13, x0, 6          x13:00000000
21413885ns          378970 1c008abc fffd8693 addi             x13, x27, -1        x13=ffffffff x27:00000000
21413905ns          378971 1c008ac0 000d9463 bne              x27, x0, 8          x27:00000000
21413925ns          378972 1c008ac4 5de0106f jal              x0, 5598           
21414004ns          378976 1c00a0a2 00000813 addi             x16, x0, 0          x16=00000000
21414044ns          378978 1c00a0a4 b7ffe06f jal              x0, -5250          
21414163ns          378984 1c008c22 3d880de3 beq              x16, x24, 3034      x16:00000000 x24:00000001
21414183ns          378985 1c008c26 002d8393 addi             x7, x27, 2           x7=00000002 x27:00000000
21414203ns          378986 1c008c2a 7c76d5e3 bge              x13, x7, 4042       x13:ffffffff  x7:00000002
21414263ns          378989 1c008c2e 00268f93 addi             x31, x13, 2         x31=00000001 x13:ffffffff
21414302ns          378991 1c008c32 3e780a63 beq              x16, x7, 1012       x16:00000000  x7:00000002
21414322ns          378992 1c008c36 002c1e93 slli             x29, x24, 0x2       x29=00000004 x24:00000001
21414342ns          378993 1c008c3a 04010493 addi             x9, x2, 64           x9=100015d8  x2:10001598
21414362ns          378994 1c008c3c ffce8593 addi             x11, x29, -4        x11=00000000 x29:00000004
21414402ns          378996 1c008c40 1c000637 lui              x12, 0x1c000000     x12=1c000000
21414442ns          378998 1c008c44 02c10413 addi             x8, x2, 44           x8=100015c4  x2:10001598
21414462ns          378999 1c008c46 1c000537 lui              x10, 0x1c000000     x10=1c000000
21414482ns          379000 1c008c4a 009585b3 add              x11, x11, x9        x11=100015d8 x11:00000000  x9:100015d8
21414501ns          379001 1c008c4c 02862483 lw               x9, 40(x12)          x9=0c000000 x12:1c000000  PA:1c000028
21414820ns          379017 1c008c50 01d40333 add              x6, x8, x29          x6=100015c8  x8:100015c4 x29:00000004
21414840ns          379018 1c008c54 00700733 add              x14, x0, x7         x14=00000002  x7:00000002
21414859ns          379019 1c008c56 02c52403 lw               x8, 44(x10)          x8=34000000 x10:1c000000  PA:1c00002c
21415178ns          379035 1c008c5a 00168693 addi             x13, x13, 1         x13=00000000 x13:ffffffff
21415198ns          379036 1c008c5c 00000e13 addi             x28, x0, 0          x28=00000000
21415217ns          379037 1c008c60 41038533 sub              x10, x7, x16        x10=00000002  x7:00000002 x16:00000000
21415237ns          379038 1c008c64 1e0540fb lp.setup         0x1, x10, 0x1e0     x10:00000002
21415257ns          379039 1c008c68 fff70893 addi             x17, x14, -1        x17=00000001 x14:00000002
21415277ns          379040 1c008c6c 00000793 addi             x15, x0, 0          x15=00000000
21415317ns          379042 1c008c70 00ec4763 blt              x24, x14, 14        x24:00000001 x14:00000002
21415436ns          379048 1c008c7e 00efd963 bge              x31, x14, 18        x31:00000001 x14:00000002
21415456ns          379049 1c008c82 0005a603 lw               x12, 0(x11)         x12=3a432b1c x11:100015d8  PA:100015d8
21415496ns          379051 1c008c84 a1c61f53 flt.s            x30, f12, f28       x30=00000000 f12:3a432b1c f28:00000000
21415516ns          379052 1c008c88 380f1163 bne              x30, x0, 898        x30:00000000
21415536ns          379053 1c008c8c 00c7f7d3 fadd.s           f15, f15, f12       f15=xxxxxxxx f15:00000000 f12:3a432b1c
21415575ns          379055 1c008c90 ffc3260b p.lw             x12, -4(x6!)        x12=4154c374  x6=100015c4  x6:100015c8  PA:100015c8
21415615ns          379057 1c008c94 a1c61f53 flt.s            x30, f12, f28       x30=00000000 f12:4154c374 f28:00000000
21415635ns          379058 1c008c98 000f0463 beq              x30, x0, 8          x30:00000000
21415755ns          379064 1c008ca0 1087f7d3 fmul.s           f15, f15, f8        f15=xxxxxxxx f15:3a432b1c  f8:34000000
21415774ns          379065 1c008ca4 a0f607d3 fle.s            x15, f12, f15       x15=00000000 f12:4154c374 f15:2ec32b1c
21415794ns          379066 1c008ca8 00079563 bne              x15, x0, 10         x15:00000000
21415814ns          379067 1c008caa a0960653 fle.s            x12, f12, f9        x12=00000000 f12:4154c374  f9:0c000000
21415874ns          379070 1c008cae 36060663 beq              x12, x0, 876        x12:00000000
21416013ns          379077 1c00901a 00d71463 bne              x14, x13, 8         x14:00000002 x13:00000000
21416113ns          379082 1c009022 01100733 add              x14, x0, x17        x14=00000001 x17:00000001
21416132ns          379083 1c009024 ffc58593 addi             x11, x11, -4        x11=100015d4 x11:100015d8
21416152ns          379084 1c008c68 fff70893 addi             x17, x14, -1        x17=00000000 x14:00000001
21416172ns          379085 1c008c6c 00000793 addi             x15, x0, 0          x15=00000000
21416192ns          379086 1c008c70 00ec4763 blt              x24, x14, 14        x24:00000001 x14:00000001
21416212ns          379087 1c008c74 0045a783 lw               x15, 4(x11)         x15=3a432b1c x11:100015d4  PA:100015d8
21416252ns          379089 1c008c76 a1c79653 flt.s            x12, f15, f28       x12=00000000 f15:3a432b1c f28:00000000
21416272ns          379090 1c008c7a 38061b63 bne              x12, x0, 918        x12:00000000
21416292ns          379091 1c008c7e 00efd963 bge              x31, x14, 18        x31:00000001 x14:00000001
21416391ns          379096 1c008c90 ffc3260b p.lw             x12, -4(x6!)        x12=4206e6b8  x6=100015c0  x6:100015c4  PA:100015c4
21416431ns          379098 1c008c94 a1c61f53 flt.s            x30, f12, f28       x30=00000000 f12:4206e6b8 f28:00000000
21416451ns          379099 1c008c98 000f0463 beq              x30, x0, 8          x30:00000000
21416510ns          379102 1c008ca0 1087f7d3 fmul.s           f15, f15, f8        f15=xxxxxxxx f15:3a432b1c  f8:34000000
21416530ns          379103 1c008ca4 a0f607d3 fle.s            x15, f12, f15       x15=00000000 f12:4206e6b8 f15:2ec32b1c
21416550ns          379104 1c008ca8 00079563 bne              x15, x0, 10         x15:00000000
21416570ns          379105 1c008caa a0960653 fle.s            x12, f12, f9        x12=00000000 f12:4206e6b8  f9:0c000000
21416590ns          379106 1c008cae 36060663 beq              x12, x0, 876        x12:00000000
21416669ns          379110 1c00901a 00d71463 bne              x14, x13, 8         x14:00000001 x13:00000000
21416729ns          379113 1c009022 01100733 add              x14, x0, x17        x14=00000000 x17:00000000
21416749ns          379114 1c009024 ffc58593 addi             x11, x11, -4        x11=100015d0 x11:100015d4
21416769ns          379115 1c009026 00000793 addi             x15, x0, 0          x15=00000000
21416789ns          379116 1c00902a a0f297d3 flt.s            x15, f5, f15        x15=00000000  f5:4154c374 f15:00000000
21416809ns          379117 1c00902e 005006b3 add              x13, x0, x5         x13=4154c374  x5:4154c374
21416849ns          379119 1c009030 00078363 beq              x15, x0, 6          x15:00000000
21416928ns          379123 1c009036 002d9593 slli             x11, x27, 0x2       x11=00000000 x27:00000000
21416948ns          379124 1c00903a 0e010613 addi             x12, x2, 224        x12=10001678  x2:10001598
21416968ns          379125 1c00903c 00b607b3 add              x15, x12, x11       x15=10001678 x12:10001678 x11:00000000
21417008ns          379127 1c009040 f4c7a603 lw               x12, -180(x15)      x12=4206e6b8 x15:10001678  PA:100015c4
21417047ns          379129 1c009044 00000793 addi             x15, x0, 0          x15=00000000
21417067ns          379130 1c009048 a0f617d3 flt.s            x15, f12, f15       x15=00000000 f12:4206e6b8 f15:00000000
21417087ns          379131 1c00904c 00b12423 sw               x11, 8(x2)          x11:00000000  x2:10001598  PA:100015a0
21417107ns          379132 1c00904e 06d12423 sw               x13, 104(x2)        x13:4154c374  x2:10001598  PA:10001600
21417147ns          379134 1c009050 00c00533 add              x10, x0, x12        x10=4206e6b8 x12:4206e6b8
21417167ns          379135 1c009052 00b008b3 add              x17, x0, x11        x17=00000000 x11:00000000
21417187ns          379136 1c009054 00078363 beq              x15, x0, 6          x15:00000000
21417246ns          379139 1c00905a 0e010713 addi             x14, x2, 224        x14=10001678  x2:10001598
21417266ns          379140 1c00905c 011707b3 add              x15, x14, x17       x15=10001678 x14:10001678 x17:00000000
21417326ns          379143 1c009060 f607a783 lw               x15, -160(x15)      x15=3a432b1c x15:10001678  PA:100015d8
21417386ns          379146 1c009064 00000713 addi             x14, x0, 0          x14=00000000
21417405ns          379147 1c009068 a0e79753 flt.s            x14, f15, f14       x14=00000000 f15:3a432b1c f14:00000000
21417425ns          379148 1c00906c 06a12623 sw               x10, 108(x2)        x10:4206e6b8  x2:10001598  PA:10001604
21417445ns          379149 1c00906e 00070363 beq              x14, x0, 6          x14:00000000
21417505ns          379152 1c009074 00f00733 add              x14, x0, x15        x14=3a432b1c x15:3a432b1c
21417525ns          379153 1c009076 00281813 slli             x16, x16, 0x2       x16=00000000 x16:00000000
21417545ns          379154 1c009078 0e010993 addi             x19, x2, 224        x19=10001678  x2:10001598
21417565ns          379155 1c00907c 010985b3 add              x11, x19, x16       x11=10001678 x19:10001678 x16:00000000
21417604ns          379157 1c009080 f4c5a883 lw               x17, -180(x11)      x17=4206e6b8 x11:10001678  PA:100015c4
21417644ns          379159 1c009084 00000593 addi             x11, x0, 0          x11=00000000
21417664ns          379160 1c009088 a0b895d3 flt.s            x11, f17, f11       x11=00000000 f17:4206e6b8 f11:00000000
21417684ns          379161 1c00908c 06e12823 sw               x14, 112(x2)        x14:3a432b1c  x2:10001598  PA:10001608
21417704ns          379162 1c00908e 01100e33 add              x28, x0, x17        x28=4206e6b8 x17:4206e6b8
21417744ns          379164 1c009090 00058363 beq              x11, x0, 6          x11:00000000
21417823ns          379168 1c009096 0e010e93 addi             x29, x2, 224        x29=10001678  x2:10001598
21417843ns          379169 1c00909a 01d80833 add              x16, x16, x29       x16=10001678 x16:00000000 x29:10001678
21417863ns          379170 1c00909c f6082303 lw               x6, -160(x16)        x6=3a432b1c x16:10001678  PA:100015d8
21418281ns          379191 1c0090a0 00000593 addi             x11, x0, 0          x11=00000000
21418320ns          379193 1c0090a4 a0b315d3 flt.s            x11, f6, f11        x11=00000000  f6:3a432b1c f11:00000000
21418340ns          379194 1c0090a8 07c12a23 sw               x28, 116(x2)        x28:4206e6b8  x2:10001598  PA:1000160c
21418360ns          379195 1c0090aa 00058363 beq              x11, x0, 6          x11:00000000
21418460ns          379200 1c0090b0 006005b3 add              x11, x0, x6         x11=3a432b1c  x6:3a432b1c
21418480ns          379201 1c0090b2 a0d6a853 feq.s            x16, f13, f13       x16=00000001 f13:4154c374 f13:4154c374
21418499ns          379202 1c0090b6 06b12c23 sw               x11, 120(x2)        x11:3a432b1c  x2:10001598  PA:10001610
21418519ns          379203 1c0090b8 00080463 beq              x16, x0, 8          x16:00000001
21418539ns          379204 1c0090bc 0080106f jal              x0, 4104           
21418659ns          379210 1c00a0c4 a0a69853 flt.s            x16, f13, f10       x16=00000001 f13:4154c374 f10:4206e6b8
21418698ns          379212 1c00a0c8 1e080563 beq              x16, x0, 490        x16:00000001
21418718ns          379213 1c00a0cc a0e516d3 flt.s            x13, f10, f14       x13=00000000 f10:4206e6b8 f14:3a432b1c
21418778ns          379216 1c00a0d0 28069163 bne              x13, x0, 642        x13:00000000
21418818ns          379218 1c00a0d4 07412703 lw               x14, 116(x2)        x14=4206e6b8  x2:10001598  PA:1000160c
21418857ns          379220 1c00a0d6 a0e516d3 flt.s            x13, f10, f14       x13=00000000 f10:4206e6b8 f14:4206e6b8
21418877ns          379221 1c00a0da 00069263 bne              x13, x0, 4          x13:00000000
21418897ns          379222 1c00a0dc 00a00733 add              x14, x0, x10        x14=4206e6b8 x10:4206e6b8
21418917ns          379223 1c00a0de a0b716d3 flt.s            x13, f14, f11       x13=00000000 f14:4206e6b8 f11:3a432b1c
21418957ns          379225 1c00a0e2 84069063 bne              x13, x0, -4032      x13:00000000
21418977ns          379226 1c00a0e6 00e005b3 add              x11, x0, x14        x11=4206e6b8 x14:4206e6b8
21418997ns          379227 1c00a0e8 83aff06f jal              x0, -4038          
21419176ns          379236 1c009122 1c0004b7 lui              x9, 0x1c000000       x9=1c000000
21419196ns          379237 1c009126 0204a703 lw               x14, 32(x9)         x14=3f800000  x9:1c000000  PA:1c000020
21419514ns          379253 1c00912a 18b77753 fdiv.s           f14, f14, f11       f14=xxxxxxxx f14:3f800000 f11:4206e6b8
21419792ns          379267 1c00912e 105772d3 fmul.s           f5, f14, f5          f5=xxxxxxxx f14:3cf2e753  f5:4154c374
21419812ns          379268 1c009132 10e7f7d3 fmul.s           f15, f15, f14       f15=xxxxxxxx f15:3a432b1c f14:3cf2e753
21419832ns          379269 1c009136 00000513 addi             x10, x0, 0          x10=00000000
21419852ns          379270 1c00913a 28e676c3 fmadd.s          f13, f12, f14, f5   f13=xxxxxxxx f12:4206e6b8 f14:3cf2e753  f5:3ec9e105
21419912ns          379273 1c00913e 28e67e47 fmsub.s          f28, f12, f14, f5   f28=xxxxxxxx f12:4206e6b8 f14:3cf2e753  f5:3ec9e105
21419951ns          379275 1c009142 10f7f853 fmul.s           f16, f15, f15       f16=xxxxxxxx f15:37b92f1c f15:37b92f1c
21419971ns          379276 1c009146 10f2f653 fmul.s           f12, f5, f15        f12=xxxxxxxx  f5:3ec9e105 f15:37b92f1c
21419991ns          379277 1c00914a 10e8f7d3 fmul.s           f15, f17, f14       f15=xxxxxxxx f17:4206e6b8 f14:3cf2e753
21420051ns          379280 1c00914e 1c000737 lui              x14, 0x1c000000     x14=1c000000
21420091ns          379282 1c009152 81c6f6c3 fmadd.s          f13, f13, f28, f16  f13=xxxxxxxx f13:3fb27841 f28:3f1b0f7d f16:3005f51f
21420111ns          379283 1c009156 03070713 addi             x14, x14, 48        x14=1c000030 x14:1c000000
21420130ns          379284 1c00915a 00072703 lw               x14, 0(x14)         x14=3f000000 x14:1c000030  PA:1c000030
21420429ns          379299 1c00915c 10c67653 fmul.s           f12, f12, f12       f12=xxxxxxxx f12:371208c3 f12:371208c3
21420449ns          379300 1c009160 10e6f6d3 fmul.s           f13, f13, f14       f13=xxxxxxxx f13:3f583337 f14:3f000000
21420469ns          379301 1c009164 a0a6a753 feq.s            x14, f13, f10       x14=00000000 f13:3ed83337 f10:00000000
21420489ns          379302 1c009168 00070663 beq              x14, x0, 12         x14:00000000
21420588ns          379307 1c009174 00000513 addi             x10, x0, 0          x10=00000000
21420608ns          379308 1c009178 a0a69553 flt.s            x10, f13, f10       x10=00000000 f13:3ed83337 f10:00000000
21420628ns          379309 1c00917c 60d6f743 fmadd.s          f14, f13, f13, f12  f14=xxxxxxxx f13:3ed83337 f13:3ed83337 f12:2ea69bfd
21420687ns          379312 1c009180 58077753 fsqrt.s          f14, f14            f14=xxxxxxxx f14:3e369677
21420986ns          379327 1c009184 00050363 beq              x10, x0, 6          x10:00000000
21421065ns          379331 1c00918a 00e6f6d3 fadd.s           f13, f13, f14       f13=xxxxxxxx f13:3ed83337 f14:3ed83337
21421085ns          379332 1c00918e 18d67753 fdiv.s           f14, f12, f13       f14=xxxxxxxx f12:2ea69bfd f13:3f583337
21421105ns          379333 1c009192 00f2f853 fadd.s           f16, f5, f15        f16=xxxxxxxx  f5:3ec9e105 f15:3f800000
21421384ns          379347 1c009196 0857f6d3 fsub.s           f13, f15, f5        f13=xxxxxxxx f15:3f800000  f5:3ec9e105
21421403ns          379348 1c00919a 18b375d3 fdiv.s           f11, f6, f11        f11=xxxxxxxx  f6:3a432b1c f11:4206e6b8
21421682ns          379362 1c00919e 10b7f7d3 fmul.s           f15, f15, f11       f15=xxxxxxxx f15:3f800000 f11:37b92f1c
21421702ns          379363 1c0091a2 70d87843 fmadd.s          f16, f16, f13, f14  f16=xxxxxxxx f16:3fb27841 f13:3f1b0f7e f14:2ec547ba
21421722ns          379364 1c0091a6 5dfc4563 blt              x24, x31, 1482      x24:00000001 x31:00000001
21421742ns          379365 1c0091aa 002f9693 slli             x13, x31, 0x2       x13=00000004 x31:00000001
21422179ns          379387 1c0091ae 01f68333 add              x6, x13, x31         x6=00000005 x13:00000004 x31:00000001
21422199ns          379388 1c0091b2 00231313 slli             x6, x6, 0x2          x6=00000014  x6:00000005
21422219ns          379389 1c0091b4 058fc733 p.min            x14, x31, x24       x14=00000001 x31:00000001 x24:00000001
21422239ns          379390 1c0091b8 02c10893 addi             x17, x2, 44         x17=100015c4  x2:10001598
21422259ns          379391 1c0091bc 0e010993 addi             x19, x2, 224        x19=10001678  x2:10001598
21422318ns          379394 1c0091c0 ffc68a13 addi             x20, x13, -4        x20=00000000 x13:00000004
21422358ns          379396 1c0091c4 fec30e13 addi             x28, x6, -20        x28=00000000  x6:00000014
21422378ns          379397 1c0091c8 00d88ab3 add              x21, x17, x13       x21=100015c8 x17:100015c4 x13:00000004
21422398ns          379398 1c0091cc 00d98633 add              x12, x19, x13       x12=1000167c x19:10001678 x13:00000004
21422458ns          379401 1c0091d0 41f70b33 sub              x22, x14, x31       x22=00000000 x14:00000001 x31:00000001
21422497ns          379403 1c0091d4 04010393 addi             x7, x2, 64           x7=100015d8  x2:10001598
21422517ns          379404 1c0091d8 001f8693 addi             x13, x31, 1         x13=00000002 x31:00000001
21422537ns          379405 1c0091dc 00170713 addi             x14, x14, 1         x14=00000002 x14:00000001
21422597ns          379408 1c0091de 006c8eb3 add              x29, x25, x6        x29=10001734 x25:10001720  x6:00000014
21422637ns          379410 1c0091e2 01488bb3 add              x23, x17, x20       x23=100015c4 x17:100015c4 x20:00000000
21422657ns          379411 1c0091e6 01cc8f33 add              x30, x25, x28       x30=10001720 x25:10001720 x28:00000000
21422676ns          379412 1c0091ea f5c62503 lw               x10, -164(x12)      x10=3a432b1c x12:1000167c  PA:100015d8
21422736ns          379415 1c0091ee ffcaa583 lw               x11, -4(x21)        x11=4206e6b8 x21:100015c8  PA:100015c4
21422756ns          379416 1c0091f2 01a30333 add              x6, x6, x26          x6=100016d0  x6:00000014 x26:100016bc
21422776ns          379417 1c0091f4 007a0a33 add              x20, x20, x7        x20=100015d8 x20:00000000  x7:100015d8
21422796ns          379418 1c0091f6 01ae0e33 add              x28, x28, x26       x28=100016bc x28:00000000 x26:100016bc
21422816ns          379419 1c0091f8 00000293 addi             x5, x0, 0            x5=00000000
21422836ns          379420 1c0091fc 001b0b13 addi             x22, x22, 1         x22=00000001 x22:00000000
21422875ns          379422 1c0091fe 00d75463 bge              x14, x13, 8         x14:00000002 x13:00000002
21422955ns          379426 1c009206 145b40fb lp.setup         0x1, x22, 0x145     x22:00000001
21422975ns          379427 1c00920a a0581753 flt.s            x14, f16, f5        x14=00000000 f16:3f583338  f5:00000000
21422995ns          379428 1c00920e 01000633 add              x12, x0, x16        x12=3f583338 x16:3f583338
21423035ns          379430 1c009210 00070363 beq              x14, x0, 6          x14:00000000
21423114ns          379434 1c009216 a0579753 flt.s            x14, f15, f5        x14=00000000 f15:37b92f1c  f5:00000000
21423134ns          379435 1c00921a 00f008b3 add              x17, x0, x15        x17=37b92f1c x15:37b92f1c
21423154ns          379436 1c00921c 00070363 beq              x14, x0, 6          x14:00000000
21423253ns          379441 1c009222 a0c89753 flt.s            x14, f17, f12       x14=00000001 f17:37b92f1c f12:3f583338
21423273ns          379442 1c009226 010006b3 add              x13, x0, x16        x13=3f583338 x16:3f583338
21423293ns          379443 1c009228 00071263 bne              x14, x0, 4          x14:00000001
21423393ns          379448 1c00922c 01167753 fadd.s           f14, f12, f17       f14=xxxxxxxx f12:3f583338 f17:37b92f1c
21423412ns          379449 1c009230 a05723d3 feq.s            x7, f14, f5          x7=00000000 f14:3f5834aa  f5:00000000
21423432ns          379450 1c009234 00038463 beq              x7, x0, 8            x7:00000000
21423492ns          379453 1c00923c 1c000437 lui              x8, 0x1c000000       x8=1c000000
21423552ns          379456 1c009240 02040413 addi             x8, x8, 32           x8=1c000020  x8:1c000000
21423591ns          379458 1c009244 00042403 lw               x8, 0(x8)            x8=3f800000  x8:1c000020  PA:1c000020
21423910ns          379474 1c009246 18e473d3 fdiv.s           f7, f8, f14          f7=xxxxxxxx  f8:3f800000 f14:3f5834aa
21424188ns          379488 1c00924a 1078f8d3 fmul.s           f17, f17, f7        f17=xxxxxxxx f17:37b92f1c  f7:3f978f32
21424208ns          379489 1c00924e 10767653 fmul.s           f12, f12, f7        f12=xxxxxxxx f12:3f583338  f7:3f978f32
21424228ns          379490 1c009252 a05696d3 flt.s            x13, f13, f5        x13=00000000 f13:3f583338  f5:00000000
21424248ns          379491 1c009256 1118f8d3 fmul.s           f17, f17, f17       f17=xxxxxxxx f17:37db44be f17:37db44be
21424268ns          379492 1c00925a 88c67643 fmadd.s          f12, f12, f12, f17  f12=xxxxxxxx f12:3f7ffe4a f12:3f7ffe4a f17:303bceb0
21424327ns          379495 1c00925e 58067653 fsqrt.s          f12, f12            f12=xxxxxxxx f12:3f7ffc94
21424626ns          379510 1c009262 10c77753 fmul.s           f14, f14, f12       f14=xxxxxxxx f14:3f5834aa f12:3f7ffe4a
21424646ns          379511 1c009266 00068363 beq              x13, x0, 6          x13:00000000
21424765ns          379517 1c00926c 1c0004b7 lui              x9, 0x1c000000       x9=1c000000
21424785ns          379518 1c009270 02048493 addi             x9, x9, 32           x9=1c000020  x9:1c000000
21424805ns          379519 1c009274 0004a483 lw               x9, 0(x9)            x9=3f800000  x9:1c000020  PA:1c000020
21425143ns          379536 1c009276 18e4f753 fdiv.s           f14, f9, f14        f14=xxxxxxxx  f9:3f800000 f14:3f583338
21425421ns          379550 1c00927a 10e87653 fmul.s           f12, f16, f14       f12=xxxxxxxx f16:3f583338 f14:3f979035
21425441ns          379551 1c00927e 10e7f7d3 fmul.s           f15, f15, f14       f15=xxxxxxxx f15:37b92f1c f14:3f979035
21425461ns          379552 1c009282 000e2683 lw               x13, 0(x28)         x13=3edbf198 x28:100016bc  PA:100016bc
21425481ns          379553 1c009286 00032803 lw               x16, 0(x6)          x16=bed31c91  x6:100016d0  PA:100016d0
21425501ns          379554 1c00928a 10d7f3d3 fmul.s           f7, f15, f13         f7=xxxxxxxx f15:37db4635 f13:3edbf198
21425561ns          379557 1c00928e 1107f8d3 fmul.s           f17, f15, f16       f17=xxxxxxxx f15:37db4635 f16:bed31c91
21425600ns          379559 1c009292 10f57753 fmul.s           f14, f10, f15       f14=xxxxxxxx f10:3a432b1c f15:37db4635
21425620ns          379560 1c009296 39067847 fmsub.s          f16, f12, f16, f7   f16=xxxxxxxx f12:3f7fffff f16:bed31c91  f7:373c63ff
21425640ns          379561 1c00929a 88d676c3 fmadd.s          f13, f12, f13, f17  f13=xxxxxxxx f12:3f7fffff f13:3edbf198 f17:b734d356
21425700ns          379564 1c00929e 10b7f3d3 fmul.s           f7, f15, f11         f7=xxxxxxxx f15:37db4635 f11:4206e6b8
21425740ns          379566 1c0092a2 01032023 sw               x16, 0(x6)          x16:bed31e09  x6:100016d0  PA:100016d0
21425760ns          379567 1c0092a6 00de2023 sw               x13, 0(x28)         x13:3edbf02d x28:100016bc  PA:100016bc
21425779ns          379568 1c0092aa 004e2803 lw               x16, 4(x28)         x16=3f0a503a x28:100016bc  PA:100016c0
21425839ns          379571 1c0092ae 00432883 lw               x17, 4(x6)          x17=bec0af51  x6:100016d0  PA:100016d4
21425879ns          379573 1c0092b2 1107f453 fmul.s           f8, f15, f16         f8=xxxxxxxx f15:37db4635 f16:3f0a503a
21425899ns          379574 1c0092b6 1117f6d3 fmul.s           f13, f15, f17       f13=xxxxxxxx f15:37db4635 f17:bec0af51
21425919ns          379575 1c0092ba 70b67743 fmadd.s          f14, f12, f11, f14  f14=xxxxxxxx f12:3f7fffff f11:4206e6b8 f14:32a72b67
21425978ns          379578 1c0092be 411678c7 fmsub.s          f17, f12, f17, f8   f17=xxxxxxxx f12:3f7fffff f17:bec0af51  f8:376cf120
21426018ns          379580 1c0092c2 69067843 fmadd.s          f16, f12, f16, f13  f16=xxxxxxxx f12:3f7fffff f16:3f0a503a f13:b7250ad2
21426038ns          379581 1c0092c6 38c576c7 fmsub.s          f13, f10, f12, f7   f13=xxxxxxxx f10:3a432b1c f12:3f7fffff  f7:3a6718bd
21426058ns          379582 1c0092ca 01132223 sw               x17, 4(x6)          x17:bec0b12a  x6:100016d0  PA:100016d4
21426118ns          379585 1c0092ce 008e2583 lw               x11, 8(x28)         x11=3ee8f529 x28:100016bc  PA:100016c4
21426157ns          379587 1c0092d2 010e2223 sw               x16, 4(x28)         x16:3f0a4f94 x28:100016bc  PA:100016c0
21426177ns          379588 1c0092d6 00832803 lw               x16, 8(x6)          x16=3f1ecb2d  x6:100016d0  PA:100016d8
21426197ns          379589 1c0092da 10b7f8d3 fmul.s           f17, f15, f11       f17=xxxxxxxx f15:37db4635 f11:3ee8f529
21426257ns          379592 1c0092de 1107f553 fmul.s           f10, f15, f16       f10=xxxxxxxx f15:37db4635 f16:3f1ecb2d
21426297ns          379594 1c0092e2 a05713d3 flt.s            x7, f14, f5          x7=00000000 f14:4206e6b7  f5:00000000
21426316ns          379595 1c0092e6 890678c7 fmsub.s          f17, f12, f16, f17  f17=xxxxxxxx f12:3f7fffff f16:3f1ecb2d f17:3747899d
21426336ns          379596 1c0092ea 50b67543 fmadd.s          f10, f12, f11, f10  f10=xxxxxxxx f12:3f7fffff f11:3ee8f529 f10:3788035c
21426396ns          379599 1c0092ee 000aa803 lw               x16, 0(x21)         x16=4154c374 x21:100015c8  PA:100015c8
21426436ns          379601 1c0092f2 01132423 sw               x17, 8(x6)          x17:3f1eca65  x6:100016d0  PA:100016d8
21426456ns          379602 1c0092f6 00ce2583 lw               x11, 12(x28)        x11=3f004b37 x28:100016bc  PA:100016c8
21426476ns          379603 1c0092fa 00ae2423 sw               x10, 8(x28)         x10:3ee8f748 x28:100016bc  PA:100016c4
21426535ns          379606 1c0092fe 00c32403 lw               x8, 12(x6)           x8=bda7efc4  x6:100016d0  PA:100016dc
21426575ns          379608 1c009302 10b7f8d3 fmul.s           f17, f15, f11       f17=xxxxxxxx f15:37db4635 f11:3f004b37
21426595ns          379609 1c009306 1087f553 fmul.s           f10, f15, f8        f10=xxxxxxxx f15:37db4635  f8:bda7efc4
21426615ns          379610 1c00930a 00da222b p.sw             x13, 4(x20!)        x20=100015dc x13:b90fb687 x20:100015d8  PA:100015d8
21426675ns          379613 1c00930e 88867447 fmsub.s          f8, f12, f8, f17     f8=xxxxxxxx f12:3f7fffff  f8:bda7efc4 f17:375bc70e
21426714ns          379615 1c009312 50b67543 fmadd.s          f10, f12, f11, f10  f10=xxxxxxxx f12:3f7fffff f11:3f004b37 f10:b60fd82b
21426734ns          379616 1c009316 10f875d3 fmul.s           f11, f16, f15       f11=xxxxxxxx f16:4154c374 f15:37db4635
21426754ns          379617 1c00931a 00832623 sw               x8, 12(x6)           x8:bda7f6a2  x6:100016d0  PA:100016dc
21426814ns          379620 1c00931e 010e2403 lw               x8, 16(x28)          x8=3e82eb7f x28:100016bc  PA:100016cc
21426854ns          379622 1c009322 00ae2623 sw               x10, 12(x28)        x10:3f004b13 x28:100016bc  PA:100016c8
21426873ns          379623 1c009326 01032503 lw               x10, 16(x6)         x10=3f0b7c1c  x6:100016d0  PA:100016e0
21426893ns          379624 1c00932a 1087f4d3 fmul.s           f9, f15, f8          f9=xxxxxxxx f15:37db4635  f8:3e82eb7f
21426953ns          379627 1c00932e 10a7f7d3 fmul.s           f15, f15, f10       f15=xxxxxxxx f15:37db4635 f10:3f0b7c1c
21426993ns          379629 1c009332 10c878d3 fmul.s           f17, f16, f12       f17=xxxxxxxx f16:4154c374 f12:3f7fffff
21427013ns          379630 1c009336 48a67547 fmsub.s          f10, f12, f10, f9   f10=xxxxxxxx f12:3f7fffff f10:3f0b7c1c  f9:36e046ba
21427033ns          379631 1c00933a 788677c3 fmadd.s          f15, f12, f8, f15   f15=xxxxxxxx f12:3f7fffff  f8:3e82eb7f f15:376ef2da
21427092ns          379634 1c00933e 00a32823 sw               x10, 16(x6)         x10:3f0b7bab  x6:100016d0  PA:100016e0
21427132ns          379636 1c009342 00fe2823 sw               x15, 16(x28)        x15:3e82ed5c x28:100016bc  PA:100016cc
21427152ns          379637 1c009346 00e007b3 add              x15, x0, x14        x15=4206e6b7 x14:4206e6b7
21427172ns          379638 1c009348 00038463 beq              x7, x0, 8            x7:00000000
21427271ns          379643 1c009350 a0559653 flt.s            x12, f11, f5        x12=00000000 f11:39b63d8e  f5:00000000
21427291ns          379644 1c009354 700616e3 bne              x12, x0, 3852       x12:00000000
21427311ns          379645 1c009358 00b00633 add              x12, x0, x11        x12=39b63d8e x11:39b63d8e
21427331ns          379646 1c00935a a0f61553 flt.s            x10, f12, f15       x10=00000001 f12:39b63d8e f15:4206e6b7
21427351ns          379647 1c00935e 00e00833 add              x16, x0, x14        x16=4206e6b7 x14:4206e6b7
21427391ns          379649 1c009360 00051263 bne              x10, x0, 4          x10:00000001
21427450ns          379652 1c009364 00c7f453 fadd.s           f8, f15, f12         f8=xxxxxxxx f15:4206e6b7 f12:39b63d8e
21427470ns          379653 1c009368 a05423d3 feq.s            x7, f8, f5           x7=00000000  f8:4206e712  f5:00000000
21427490ns          379654 1c00936c 6a0397e3 bne              x7, x0, 3758         x7:00000000
21427550ns          379657 1c009370 1c0009b7 lui              x19, 0x1c000000     x19=1c000000
21427590ns          379659 1c009374 02098993 addi             x19, x19, 32        x19=1c000020 x19:1c000000
21427609ns          379660 1c009378 0009a983 lw               x19, 0(x19)         x19=3f800000 x19:1c000020  PA:1c000020
21427928ns          379676 1c00937c 1889f3d3 fdiv.s           f7, f19, f8          f7=xxxxxxxx f19:3f800000  f8:4206e712
21428206ns          379690 1c009380 10767653 fmul.s           f12, f12, f7        f12=xxxxxxxx f12:39b63d8e  f7:3cf2e6b1
21428226ns          379691 1c009384 1077f7d3 fmul.s           f15, f15, f7        f15=xxxxxxxx f15:4206e6b7  f7:3cf2e6b1
21428246ns          379692 1c009388 a0581853 flt.s            x16, f16, f5        x16=00000000 f16:4206e6b7  f5:00000000
21428266ns          379693 1c00938c 10c67653 fmul.s           f12, f12, f12       f12=xxxxxxxx f12:372cea6a f12:372cea6a
21428306ns          379695 1c009390 60f7f7c3 fmadd.s          f15, f15, f15, f12  f15=xxxxxxxx f15:3f7fff53 f15:3f7fff53 f12:2ee997aa
21428345ns          379697 1c009394 5807f7d3 fsqrt.s          f15, f15            f15=xxxxxxxx f15:3f7ffea6
21428624ns          379711 1c009398 10f47453 fmul.s           f8, f8, f15          f8=xxxxxxxx  f8:4206e712 f15:3f7fff53
21428644ns          379712 1c00939c 00080463 beq              x16, x0, 8          x16:00000000
21428703ns          379715 1c0093a4 1c0003b7 lui              x7, 0x1c000000       x7=1c000000
21428723ns          379716 1c0093a8 02038393 addi             x7, x7, 32           x7=1c000020  x7:1c000000
21428743ns          379717 1c0093ac 0003a383 lw               x7, 0(x7)            x7=3f800000  x7:1c000020  PA:1c000020
21429081ns          379734 1c0093b0 1883f7d3 fdiv.s           f15, f7, f8         f15=xxxxxxxx  f7:3f800000  f8:4206e6b7
21429360ns          379748 1c0093b4 10f77653 fmul.s           f12, f14, f15       f12=xxxxxxxx f14:4206e6b7 f15:3cf2e755
21429380ns          379749 1c0093b8 10f5f3d3 fmul.s           f7, f11, f15         f7=xxxxxxxx f11:39b63d8e f15:3cf2e755
21429400ns          379750 1c0093bc 10c6f853 fmul.s           f16, f13, f12       f16=xxxxxxxx f13:b90fb687 f12:3f800000
21429419ns          379751 1c0093c0 207395d3 fsgnjn.s         f11, f7, f7         f11=xxxxxxxx  f7:372ceade  f7:372ceade
21429439ns          379752 1c0093c4 000f2783 lw               x15, 0(x30)         x15=3eb9a477 x30:10001720  PA:10001720
21429459ns          379753 1c0093c8 000ea483 lw               x9, 0(x29)           x9=bebf9808 x29:10001734  PA:10001734
21429479ns          379754 1c0093cc 1077f953 fmul.s           f18, f15, f7        f18=xxxxxxxx f15:3eb9a477  f7:372ceade
21429519ns          379756 1c0093d0 1074f553 fmul.s           f10, f9, f7         f10=xxxxxxxx  f9:bebf9808  f7:372ceade
21429559ns          379758 1c0093d4 10c8f753 fmul.s           f14, f17, f12       f14=xxxxxxxx f17:4154c373 f12:3f800000
21429579ns          379759 1c0093d8 90c4f4c7 fmsub.s          f9, f9, f12, f18     f9=xxxxxxxx  f9:bebf9808 f12:3f800000 f18:367ac9a3
21429598ns          379760 1c0093dc 50c7f543 fmadd.s          f10, f15, f12, f10  f10=xxxxxxxx f15:3eb9a477 f12:3f800000 f10:b68169ec
21429658ns          379763 1c0093e0 70b6f5c3 fmadd.s          f11, f13, f11, f14  f11=xxxxxxxx f13:b90fb687 f11:b72ceade f14:4154c373
21429698ns          379765 1c0093e4 009ea023 sw               x9, 0(x29)           x9:bebf9885 x29:10001734  PA:10001734
21429718ns          379766 1c0093e8 00af2023 sw               x10, 0(x30)         x10:3eb9a3f6 x30:10001720  PA:10001720
21429738ns          379767 1c0093ec 004f2503 lw               x10, 4(x30)         x10=3f0215fc x30:10001720  PA:10001724
21429797ns          379770 1c0093f0 004ea483 lw               x9, 4(x29)           x9=bf011f0d x29:10001734  PA:10001738
21429837ns          379772 1c0093f4 10a3f9d3 fmul.s           f19, f7, f10        f19=xxxxxxxx  f7:372ceade f10:3f0215fc
21429857ns          379773 1c0093f8 1093f953 fmul.s           f18, f7, f9         f18=xxxxxxxx  f7:372ceade  f9:bf011f0d
21429877ns          379774 1c0093fc 008ba22b p.sw             x8, 4(x23!)         x23=100015c8  x8:4206e6b7 x23:100015c4  PA:100015c4
21429937ns          379777 1c009400 989674c7 fmsub.s          f9, f12, f9, f19     f9=xxxxxxxx f12:3f800000  f9:bf011f0d f19:36afbc3c
21429976ns          379779 1c009404 90a67743 fmadd.s          f14, f12, f10, f18  f14=xxxxxxxx f12:3f800000 f10:3f0215fc f18:b6ae6ea6
21429996ns          379780 1c009408 8078f843 fmadd.s          f16, f17, f7, f16   f16=xxxxxxxx f17:4154c373  f7:372ceade f16:b90fb687
21430016ns          379781 1c00940c 009ea223 sw               x9, 4(x29)           x9:bf011f65 x29:10001734  PA:10001738
21430076ns          379784 1c009410 00ef2223 sw               x14, 4(x30)         x14:3f0215a5 x30:10001720  PA:10001724
21430116ns          379786 1c009414 008f2703 lw               x14, 8(x30)         x14=3f191ec4 x30:10001720  PA:10001728
21430136ns          379787 1c009418 008ea483 lw               x9, 8(x29)           x9=3e8daaf3 x29:10001734  PA:1000173c
21430155ns          379788 1c00941c 10e3f953 fmul.s           f18, f7, f14        f18=xxxxxxxx  f7:372ceade f14:3f191ec4
21430215ns          379791 1c009420 1093f6d3 fmul.s           f13, f7, f9         f13=xxxxxxxx  f7:372ceade  f9:3e8daaf3
21430255ns          379793 1c009424 000a2783 lw               x15, 0(x20)         x15=00000000 x20:100015dc  PA:100015dc
21430275ns          379794 1c009428 909674c7 fmsub.s          f9, f12, f9, f18     f9=xxxxxxxx f12:3f800000  f9:3e8daaf3 f18:36ceda4d
21430295ns          379795 1c00942c 68e676c3 fmadd.s          f13, f12, f14, f13  f13=xxxxxxxx f12:3f800000 f14:3f191ec4 f13:363f61a9
21430354ns          379798 1c009430 10c7f553 fmul.s           f10, f15, f12       f10=xxxxxxxx f15:00000000 f12:3f800000
21430394ns          379800 1c009434 009ea423 sw               x9, 8(x29)           x9:3e8daa24 x29:10001734  PA:1000173c
21430414ns          379801 1c009438 00cf2703 lw               x14, 12(x30)        x14=3e9d26f5 x30:10001720  PA:1000172c
21430434ns          379802 1c00943c 00df2423 sw               x13, 8(x30)         x13:3f191ef4 x30:10001720  PA:10001728
21430494ns          379805 1c009440 00cea683 lw               x13, 12(x29)        x13=be350c64 x29:10001734  PA:10001740
21430533ns          379807 1c009444 10e3f4d3 fmul.s           f9, f7, f14          f9=xxxxxxxx  f7:372ceade f14:3e9d26f5
21430553ns          379808 1c009448 10d3f453 fmul.s           f8, f7, f13          f8=xxxxxxxx  f7:372ceade f13:be350c64
21430573ns          379809 1c00944c 00baa22b p.sw             x11, 4(x21!)        x21=100015cc x11:4154c373 x21:100015c8  PA:100015c8
21430633ns          379812 1c009450 48d676c7 fmsub.s          f13, f12, f13, f9   f13=xxxxxxxx f12:3f800000 f13:be350c64  f9:36544cb5
21430673ns          379814 1c009454 40e67743 fmadd.s          f14, f12, f14, f8   f14=xxxxxxxx f12:3f800000 f14:3e9d26f5  f8:b5f494db
21430692ns          379815 1c009458 00aa2023 sw               x10, 0(x20)         x10:00000000 x20:100015dc  PA:100015dc
21430712ns          379816 1c00945c 00dea623 sw               x13, 12(x29)        x13:be350d38 x29:10001734  PA:10001740
21430772ns          379819 1c009460 010f2883 lw               x17, 16(x30)        x17=3ecbbe77 x30:10001720  PA:10001730
21430812ns          379821 1c009464 00ef2623 sw               x14, 12(x30)        x14:3e9d26b8 x30:10001720  PA:1000172c
21430832ns          379822 1c009468 010ea683 lw               x13, 16(x29)        x13=3f349c95 x29:10001734  PA:10001744
21430852ns          379823 1c00946c 1113f453 fmul.s           f8, f7, f17          f8=xxxxxxxx  f7:372ceade f17:3ecbbe77
21430911ns          379826 1c009470 10d3f753 fmul.s           f14, f7, f13        f14=xxxxxxxx  f7:372ceade f13:3f349c95
21430951ns          379828 1c009474 1077f7d3 fmul.s           f15, f15, f7        f15=xxxxxxxx f15:00000000  f7:372ceade
21430971ns          379829 1c009478 40d676c7 fmsub.s          f13, f12, f13, f8   f13=xxxxxxxx f12:3f800000 f13:3f349c95  f8:36899ee5
21430991ns          379830 1c00947c 71167743 fmadd.s          f14, f12, f17, f14  f14=xxxxxxxx f12:3f800000 f17:3ecbbe77 f14:36f3fdd0
21431050ns          379833 1c009480 001f8f93 addi             x31, x31, 1         x31=00000002 x31:00000001
21431090ns          379835 1c009482 00dea823 sw               x13, 16(x29)        x13:3f349c50 x29:10001734  PA:10001744
21431110ns          379836 1c009486 00ef2823 sw               x14, 16(x30)        x14:3ecbbf6b x30:10001720  PA:10001730
21431130ns          379837 1c00948a 014e8e93 addi             x29, x29, 20        x29=10001748 x29:10001734
21431150ns          379838 1c00948c 01430313 addi             x6, x6, 20           x6=100016e4  x6:100016d0
21431170ns          379839 1c00948e 014f0f13 addi             x30, x30, 20        x30=10001734 x30:10001720
21431190ns          379840 1c009490 014e0e13 addi             x28, x28, 20        x28=100016d0 x28:100016bc
21431230ns          379842 1c009492 2dfc4f63 blt              x24, x31, 734       x24:00000001 x31:00000002
21431329ns          379847 1c009770 01412e03 lw               x28, 20(x2)         x28=00000000  x2:10001598  PA:100015ac
21431349ns          379848 1c009772 00812983 lw               x19, 8(x2)          x19=00000000  x2:10001598  PA:100015a0
21431369ns          379849 1c009774 0e010893 addi             x17, x2, 224        x17=10001678  x2:10001598
21431389ns          379850 1c009778 013887b3 add              x15, x17, x19       x15=10001678 x17:10001678 x19:00000000
21431409ns          379851 1c00977c 001e0e13 addi             x28, x28, 1         x28=00000001 x28:00000000
21431468ns          379854 1c00977e f707a023 sw               x16, -160(x15)      x16:ae24d912 x15:10001678  PA:100015d8
21431488ns          379855 1c009782 01c12a23 sw               x28, 20(x2)         x28:00000001  x2:10001598  PA:100015ac
21431508ns          379856 1c009784 fff00793 addi             x15, x0, -1         x15=ffffffff
21431528ns          379857 1c009786 00fdc663 blt              x27, x15, 12        x27:00000000 x15:ffffffff
21431548ns          379858 1c00978a 04b00793 addi             x15, x0, 75         x15=0000004b
21431607ns          379861 1c00978e a8fe1c63 bne              x28, x15, -3432     x28:00000001 x15:0000004b
21431707ns          379866 1c008a26 00812503 lw               x10, 8(x2)          x10=00000000  x2:10001598  PA:100015a0
21431747ns          379868 1c008a28 04010613 addi             x12, x2, 64         x12=100015d8  x2:10001598
21431767ns          379869 1c008a2a 01b509b3 add              x19, x10, x27       x19=00000000 x10:00000000 x27:00000000
21431786ns          379870 1c008a2e 02c10593 addi             x11, x2, 44         x11=100015c4  x2:10001598
21431826ns          379872 1c008a30 00a60633 add              x12, x12, x10       x12=100015d8 x12:100015d8 x10:00000000
21431866ns          379874 1c008a32 002d8693 addi             x13, x27, 2         x13=00000002 x27:00000000
21431886ns          379875 1c008a36 1c000437 lui              x8, 0x1c000000       x8=1c000000
21431906ns          379876 1c008a3a 1c0004b7 lui              x9, 0x1c000000       x9=1c000000
21431926ns          379877 1c008a3e 00299993 slli             x19, x19, 0x2       x19=00000000 x19:00000000
21431965ns          379879 1c008a40 00a58b33 add              x22, x11, x10       x22=100015c4 x11:100015c4 x10:00000000
21432005ns          379881 1c008a44 00c12623 sw               x12, 12(x2)         x12:100015d8  x2:10001598  PA:100015a4
21432025ns          379882 1c008a46 00d12c23 sw               x13, 24(x2)         x13:00000002  x2:10001598  PA:100015b0
21432045ns          379883 1c008a48 02842a83 lw               x21, 40(x8)         x21=0c000000  x8:1c000000  PA:1c000028
21432343ns          379898 1c008a4c 02c4ab83 lw               x23, 44(x9)         x23=34000000  x9:1c000000  PA:1c00002c
21432642ns          379913 1c008a50 01a989b3 add              x19, x19, x26       x19=100016bc x19:00000000 x26:100016bc
21432662ns          379914 1c008a52 00000f13 addi             x30, x0, 0          x30=00000000
21432682ns          379915 1c008a56 018007b3 add              x15, x0, x24        x15=00000001 x24:00000001
21432701ns          379916 1c008a58 004b2283 lw               x5, 4(x22)           x5=4154c373 x22:100015c4  PA:100015c8
21432721ns          379917 1c008a5c 71fdace3 p.beqimm         x27, 3864           x27:00000000
21432761ns          379919 1c008a60 01412e03 lw               x28, 20(x2)         x28=00000001  x2:10001598  PA:100015ac
21432781ns          379920 1c008a62 01400e93 addi             x29, x0, 20         x29=00000014
21432801ns          379921 1c008a64 77cec8e3 blt              x29, x28, 3952      x29:00000014 x28:00000001
21432821ns          379922 1c008a68 00c12f83 lw               x31, 12(x2)         x31=100015d8  x2:10001598  PA:100015a4
21432861ns          379924 1c008a6a 000fa683 lw               x13, 0(x31)         x13=ae24d912 x31:100015d8  PA:100015d8
21432900ns          379926 1c008a6e a1e69753 flt.s            x14, f13, f30       x14=00000001 f13:ae24d912 f30:00000000
21432920ns          379927 1c008a72 00070363 beq              x14, x0, 6          x14:00000001
21432940ns          379928 1c008a74 20d696d3 fsgnjn.s         f13, f13, f13       f13=xxxxxxxx f13:ae24d912 f13:ae24d912
21432960ns          379929 1c008a78 000b2603 lw               x12, 0(x22)         x12=4206e6b7 x22:100015c4  PA:100015c4
21433000ns          379931 1c008a7c a1e61753 flt.s            x14, f12, f30       x14=00000000 f12:4206e6b7 f30:00000000
21433040ns          379933 1c008a80 00c005b3 add              x11, x0, x12        x11=4206e6b7 x12:4206e6b7
21433059ns          379934 1c008a82 00070363 beq              x14, x0, 6          x14:00000000
21433119ns          379937 1c008a88 a1e29753 flt.s            x14, f5, f30        x14=00000000  f5:4154c373 f30:00000000
21433139ns          379938 1c008a8c 00070363 beq              x14, x0, 6          x14:00000000
21433238ns          379943 1c008a92 00500733 add              x14, x0, x5         x14=4154c373  x5:4154c373
21433258ns          379944 1c008a94 00b77753 fadd.s           f14, f14, f11       f14=xxxxxxxx f14:4154c373 f11:4206e6b7
21433278ns          379945 1c008a98 11777753 fmul.s           f14, f14, f23       f14=xxxxxxxx f14:423c1794 f23:34000000
21433298ns          379946 1c008a9c a0e68753 fle.s            x14, f13, f14       x14=00000001 f13:2e24d912 f14:36bc1794
21433358ns          379949 1c008aa0 00070363 beq              x14, x0, 6          x14:00000001
21433398ns          379951 1c008aa2 3140106f jal              x0, 4884           
21433517ns          379957 1c009db6 002d9713 slli             x14, x27, 0x2       x14=00000000 x27:00000000
21433537ns          379958 1c009dba 0e010393 addi             x7, x2, 224          x7=10001678  x2:10001598
21433557ns          379959 1c009dbe 00770733 add              x14, x14, x7        x14=10001678 x14:00000000  x7:10001678
21433597ns          379961 1c009dc0 01800833 add              x16, x0, x24        x16=00000001 x24:00000001
21433616ns          379962 1c009dc2 01b006b3 add              x13, x0, x27        x13=00000000 x27:00000000
21433636ns          379963 1c009dc4 f6072023 sw               x0, -160(x14)       x14:10001678  PA:100015d8
21433656ns          379964 1c009dc8 a31ff06f jal              x0, -1488          
21433736ns          379968 1c0097f8 c3881763 bne              x16, x24, -3026     x16:00000001 x24:00000001
21433776ns          379970 1c0097fc a1e29753 flt.s            x14, f5, f30        x14=00000000  f5:4154c373 f30:00000000
21433835ns          379973 1c009800 00268613 addi             x12, x13, 2         x12=00000002 x13:00000000
21433875ns          379975 1c009804 16071d63 bne              x14, x0, 378        x14:00000000
21433895ns          379976 1c009808 144c2363 p.beqimm         x24, 326            x24:00000001
21433915ns          379977 1c00980c 00261393 slli             x7, x12, 0x2         x7=00000008 x12:00000002
21433974ns          379980 1c009810 0e010e93 addi             x29, x2, 224        x29=10001678  x2:10001598
21434014ns          379982 1c009814 007e8733 add              x14, x29, x7        x14=10001680 x29:10001678  x7:00000008
21434034ns          379983 1c009818 f4c72403 lw               x8, -180(x14)        x8=41139995 x14:10001680  PA:100015cc
21434054ns          379984 1c00981c 02c10f93 addi             x31, x2, 44         x31=100015c4  x2:10001598
21434114ns          379987 1c009820 a0829753 flt.s            x14, f5, f8         x14=00000000  f5:4154c373  f8:41139995
21434153ns          379989 1c009824 01f383b3 add              x7, x7, x31          x7=100015cc  x7:00000008 x31:100015c4
21434173ns          379990 1c009826 00300c13 addi             x24, x0, 3          x24=00000003
21434193ns          379991 1c009828 12070363 beq              x14, x0, 294        x14:00000000
21434332ns          379998 1c00994e 00c12f83 lw               x31, 12(x2)         x31=100015d8  x2:10001598  PA:100015a4
21434412ns          380002 1c009950 01812303 lw               x6, 24(x2)           x6=00000002  x2:10001598  PA:100015b0
21434432ns          380003 1c009952 ffcf8f93 addi             x31, x31, -4        x31=100015d4 x31:100015d8
21434452ns          380004 1c009954 fff30313 addi             x6, x6, -1           x6=00000001  x6:00000002
21434472ns          380005 1c009956 fffd8d93 addi             x27, x27, -1        x27=ffffffff x27:00000000
21434492ns          380006 1c009958 01f12623 sw               x31, 12(x2)         x31:100015d4  x2:10001598  PA:100015a4
21434511ns          380007 1c00995a 00012a23 sw               x0, 20(x2)           x2:10001598  PA:100015ac
21434531ns          380008 1c00995c 00612c23 sw               x6, 24(x2)           x6:00000001  x2:10001598  PA:100015b0
21434551ns          380009 1c00995e ffcb0b13 addi             x22, x22, -4        x22=100015c0 x22:100015c4
21434571ns          380010 1c009960 fec98993 addi             x19, x19, -20       x19=100016a8 x19:100016bc
21434591ns          380011 1c009962 001d8c13 addi             x24, x27, 1         x24=00000000 x27:ffffffff
21434611ns          380012 1c009966 e20306e3 beq              x6, x0, -468         x6:00000001
21434631ns          380013 1c00996a 018007b3 add              x15, x0, x24        x15=00000000 x24:00000000
21434651ns          380014 1c00996c 004b2283 lw               x5, 4(x22)           x5=4206e6b7 x22:100015c0  PA:100015c4
21434691ns          380016 1c009970 8ffdb863 p.bneimm         x27, -3856          x27:ffffffff
21434730ns          380018 1c009974 a1e29753 flt.s            x14, f5, f30        x14=00000000  f5:4206e6b7 f30:00000000
21434750ns          380019 1c009978 00100613 addi             x12, x0, 1          x12=00000001
21434770ns          380020 1c00997a e80707e3 beq              x14, x0, -370       x14:00000000
21434870ns          380025 1c009808 144c2363 p.beqimm         x24, 326            x24:00000000
21434889ns          380026 1c00980c 00261393 slli             x7, x12, 0x2         x7=00000004 x12:00000001
21434909ns          380027 1c009810 0e010e93 addi             x29, x2, 224        x29=10001678  x2:10001598
21434929ns          380028 1c009814 007e8733 add              x14, x29, x7        x14=1000167c x29:10001678  x7:00000004
21434949ns          380029 1c009818 f4c72403 lw               x8, -180(x14)        x8=4154c373 x14:1000167c  PA:100015c8
21434969ns          380030 1c00981c 02c10f93 addi             x31, x2, 44         x31=100015c4  x2:10001598
21434989ns          380031 1c009820 a0829753 flt.s            x14, f5, f8         x14=00000000  f5:4206e6b7  f8:4154c373
21435009ns          380032 1c009824 01f383b3 add              x7, x7, x31          x7=100015c8  x7:00000004 x31:100015c4
21435029ns          380033 1c009826 00300c13 addi             x24, x0, 3          x24=00000003
21435049ns          380034 1c009828 12070363 beq              x14, x0, 294        x14:00000000
21435108ns          380037 1c00994e 00c12f83 lw               x31, 12(x2)         x31=100015d4  x2:10001598  PA:100015a4
21435128ns          380038 1c009950 01812303 lw               x6, 24(x2)           x6=00000001  x2:10001598  PA:100015b0
21435148ns          380039 1c009952 ffcf8f93 addi             x31, x31, -4        x31=100015d0 x31:100015d4
21435168ns          380040 1c009954 fff30313 addi             x6, x6, -1           x6=00000000  x6:00000001
21435188ns          380041 1c009956 fffd8d93 addi             x27, x27, -1        x27=fffffffe x27:ffffffff
21435208ns          380042 1c009958 01f12623 sw               x31, 12(x2)         x31:100015d0  x2:10001598  PA:100015a4
21435228ns          380043 1c00995a 00012a23 sw               x0, 20(x2)           x2:10001598  PA:100015ac
21435247ns          380044 1c00995c 00612c23 sw               x6, 24(x2)           x6:00000000  x2:10001598  PA:100015b0
21435267ns          380045 1c00995e ffcb0b13 addi             x22, x22, -4        x22=100015bc x22:100015c0
21435287ns          380046 1c009960 fec98993 addi             x19, x19, -20       x19=10001694 x19:100016a8
21435307ns          380047 1c009962 001d8c13 addi             x24, x27, 1         x24=ffffffff x27:fffffffe
21435327ns          380048 1c009966 e20306e3 beq              x6, x0, -468         x6:00000000
21435426ns          380053 1c009792 01c12703 lw               x14, 28(x2)         x14=100016a8  x2:10001598  PA:100015b4
21435466ns          380055 1c009794 03012783 lw               x15, 48(x2)         x15=4154c373  x2:10001598  PA:100015c8
21435486ns          380056 1c009796 10c12403 lw               x8, 268(x2)          x8=00000002  x2:10001598  PA:100016a4
21435506ns          380057 1c00979a 00f72223 sw               x15, 4(x14)         x15:4154c373 x14:100016a8  PA:100016ac
21435526ns          380058 1c00979c 02c12783 lw               x15, 44(x2)         x15=4206e6b7  x2:10001598  PA:100015c4
21435566ns          380060 1c00979e 10812483 lw               x9, 264(x2)          x9=1c010000  x2:10001598  PA:100016a0
21435586ns          380061 1c0097a2 00f72023 sw               x15, 0(x14)         x15:4206e6b7 x14:100016a8  PA:100016a8
21435605ns          380062 1c0097a4 03412783 lw               x15, 52(x2)         x15=41139995  x2:10001598  PA:100015cc
21435625ns          380063 1c0097a6 10412903 lw               x18, 260(x2)        x18=10001720  x2:10001598  PA:1000169c
21435645ns          380064 1c0097aa 00f72423 sw               x15, 8(x14)         x15:41139995 x14:100016a8  PA:100016b0
21435665ns          380065 1c0097ac 03812783 lw               x15, 56(x2)         x15=40bcad79  x2:10001598  PA:100015d0
21435705ns          380067 1c0097ae 10012983 lw               x19, 256(x2)        x19=xxxxxxxx  x2:10001598  PA:10001698
21435725ns          380068 1c0097b2 00f72623 sw               x15, 12(x14)        x15:40bcad79 x14:100016a8  PA:100016b4
21435745ns          380069 1c0097b4 03c12783 lw               x15, 60(x2)         x15=40876847  x2:10001598  PA:100015d4
21435765ns          380070 1c0097b6 0fc12a03 lw               x20, 252(x2)        x20=xxxxxxxx  x2:10001598  PA:10001694
21435784ns          380071 1c0097b8 00f72823 sw               x15, 16(x14)        x15:40876847 x14:100016a8  PA:100016b8
21435804ns          380072 1c0097ba 0f812a83 lw               x21, 248(x2)        x21=xxxxxxxx  x2:10001598  PA:10001690
21435824ns          380073 1c0097bc 0f412b03 lw               x22, 244(x2)        x22=xxxxxxxx  x2:10001598  PA:1000168c
21435844ns          380074 1c0097be 0f012b83 lw               x23, 240(x2)        x23=xxxxxxxx  x2:10001598  PA:10001688
21435864ns          380075 1c0097c0 0ec12c03 lw               x24, 236(x2)        x24=xxxxxxxx  x2:10001598  PA:10001684
21435884ns          380076 1c0097c2 0e812c83 lw               x25, 232(x2)        x25=xxxxxxxx  x2:10001598  PA:10001680
21435904ns          380077 1c0097c4 0e412d03 lw               x26, 228(x2)        x26=xxxxxxxx  x2:10001598  PA:1000167c
21435924ns          380078 1c0097c6 0e012d83 lw               x27, 224(x2)        x27=xxxxxxxx  x2:10001598  PA:10001678
21435944ns          380079 1c0097c8 11010113 addi             x2, x2, 272          x2=100016a8  x2:10001598
21435964ns          380080 1c0097ca 00008067 jalr             x0, x1, 0            x1:1c00a90e
21436898ns          380127 1c00a90e 291010ef jal              x1, 6800             x1=1c00a912
21437058ns          380135 1c00c39e f14027f3 csrrs            x15, x0, 0xf14      x15=00000002
21437077ns          380136 1c00c3a2 01f00713 addi             x14, x0, 31         x14=0000001f
21437097ns          380137 1c00c3a4 ca5797b3 p.extractu       x15, x15, 5, 5      x15=00000000 x15:00000002
21437117ns          380138 1c00c3a8 00e78863 beq              x15, x14, 16        x15:00000000 x14:0000001f
21437137ns          380139 1c00c3ac 002047b7 lui              x15, 0x204000       x15=00204000
21437197ns          380142 1c00c3b0 20078793 addi             x15, x15, 512       x15=00204200 x15:00204000
21437237ns          380144 1c00c3b4 01c7e703 p.elw            x14, 28(x15)        x14=00010000 x15:00204200  PA:0020421c
21493090ns          382952 1c00c3b8 00008067 jalr             x0, x1, 0            x1:1c00a912
21493209ns          382958 1c00a912 f14027f3 csrrs            x15, x0, 0xf14      x15=00000002
21493229ns          382959 1c00a916 f457b7b3 p.bclr           x15, x15, 26, 5     x15=00000002 x15:00000002
21493249ns          382960 1c00a91a 14078e63 beq              x15, x0, 348        x15:00000002
21493667ns          382981 1c00a91e 281010ef jal              x1, 6784             x1=1c00a922
21493726ns          382984 1c00c39e f14027f3 csrrs            x15, x0, 0xf14      x15=00000002
21493746ns          382985 1c00c3a2 01f00713 addi             x14, x0, 31         x14=0000001f
21493766ns          382986 1c00c3a4 ca5797b3 p.extractu       x15, x15, 5, 5      x15=00000000 x15:00000002
21493786ns          382987 1c00c3a8 00e78863 beq              x15, x14, 16        x15:00000000 x14:0000001f
21493806ns          382988 1c00c3ac 002047b7 lui              x15, 0x204000       x15=00204000
21493826ns          382989 1c00c3b0 20078793 addi             x15, x15, 512       x15=00204200 x15:00204000
21493846ns          382990 1c00c3b4 01c7e703 p.elw            x14, 28(x15)        x14=00010000 x15:00204200  PA:0020421c
22165131ns          416494 1c00c3b8 00008067 jalr             x0, x1, 0            x1:1c00a922
22165171ns          416496 1c00a922 0dc10693 addi             x13, x2, 220        x13=10001784  x2:100016a8
22165191ns          416497 1c00a924 01200733 add              x14, x0, x18        x14=10001720 x18:10001720
22165211ns          416498 1c00a926 00d00633 add              x12, x0, x13        x12=10001784 x13:10001784
22165231ns          416499 1c00a928 00000513 addi             x10, x0, 0          x10=00000000
22165251ns          416500 1c00a92c 0047278b p.lw             x15, 4(x14!)        x15=3eb9a3f6 x14=10001724 x14:10001720  PA:10001720
22165712ns          416523 1c00a930 a0a795d3 flt.s            x11, f15, f10       x11=00000000 f15:3eb9a3f6 f10:00000000
22165753ns          416525 1c00a934 12059663 bne              x11, x0, 300        x11:00000000
22165773ns          416526 1c00a938 00f6222b p.sw             x15, 4(x12!)        x12=10001788 x15:3eb9a3f6 x12:10001784  PA:10001784
22165793ns          416527 1c00a93c fed718e3 bne              x14, x13, -16       x14:10001724 x13:10001784
22166274ns          416551 1c00a92c 0047278b p.lw             x15, 4(x14!)        x15=3f0215a5 x14=10001728 x14:10001724  PA:10001724
22166314ns          416553 1c00a930 a0a795d3 flt.s            x11, f15, f10       x11=00000000 f15:3f0215a5 f10:00000000
22166334ns          416554 1c00a934 12059663 bne              x11, x0, 300        x11:00000000
22166355ns          416555 1c00a938 00f6222b p.sw             x15, 4(x12!)        x12=1000178c x15:3f0215a5 x12:10001788  PA:10001788
22166375ns          416556 1c00a93c fed718e3 bne              x14, x13, -16       x14:10001728 x13:10001784
22166435ns          416559 1c00a92c 0047278b p.lw             x15, 4(x14!)        x15=3f191ef4 x14=1000172c x14:10001728  PA:10001728
22166475ns          416561 1c00a930 a0a795d3 flt.s            x11, f15, f10       x11=00000000 f15:3f191ef4 f10:00000000
22166495ns          416562 1c00a934 12059663 bne              x11, x0, 300        x11:00000000
22166515ns          416563 1c00a938 00f6222b p.sw             x15, 4(x12!)        x12=10001790 x15:3f191ef4 x12:1000178c  PA:1000178c
22166535ns          416564 1c00a93c fed718e3 bne              x14, x13, -16       x14:1000172c x13:10001784
22166595ns          416567 1c00a92c 0047278b p.lw             x15, 4(x14!)        x15=3e9d26b8 x14=10001730 x14:1000172c  PA:1000172c
22166635ns          416569 1c00a930 a0a795d3 flt.s            x11, f15, f10       x11=00000000 f15:3e9d26b8 f10:00000000
22166656ns          416570 1c00a934 12059663 bne              x11, x0, 300        x11:00000000
22166676ns          416571 1c00a938 00f6222b p.sw             x15, 4(x12!)        x12=10001794 x15:3e9d26b8 x12:10001790  PA:10001790
22166696ns          416572 1c00a93c fed718e3 bne              x14, x13, -16       x14:10001730 x13:10001784
22166756ns          416575 1c00a92c 0047278b p.lw             x15, 4(x14!)        x15=3ecbbf6b x14=10001734 x14:10001730  PA:10001730
22166796ns          416577 1c00a930 a0a795d3 flt.s            x11, f15, f10       x11=00000000 f15:3ecbbf6b f10:00000000
22166816ns          416578 1c00a934 12059663 bne              x11, x0, 300        x11:00000000
22166836ns          416579 1c00a938 00f6222b p.sw             x15, 4(x12!)        x12=10001798 x15:3ecbbf6b x12:10001794  PA:10001794
22166856ns          416580 1c00a93c fed718e3 bne              x14, x13, -16       x14:10001734 x13:10001784
22166916ns          416583 1c00a92c 0047278b p.lw             x15, 4(x14!)        x15=bebf9885 x14=10001738 x14:10001734  PA:10001734
22166957ns          416585 1c00a930 a0a795d3 flt.s            x11, f15, f10       x11=00000001 f15:bebf9885 f10:00000000
22166977ns          416586 1c00a934 12059663 bne              x11, x0, 300        x11:00000001
22167458ns          416610 1c00aa60 20f797d3 fsgnjn.s         f15, f15, f15       f15=xxxxxxxx f15:bebf9885 f15:bebf9885
22167498ns          416612 1c00aa64 00f6222b p.sw             x15, 4(x12!)        x12=1000179c x15:3ebf9885 x12:10001798  PA:10001798
22167518ns          416613 1c00aa68 ecd712e3 bne              x14, x13, -316      x14:10001738 x13:10001784
22167639ns          416619 1c00a92c 0047278b p.lw             x15, 4(x14!)        x15=bf011f65 x14=1000173c x14:10001738  PA:10001738
22167679ns          416621 1c00a930 a0a795d3 flt.s            x11, f15, f10       x11=00000001 f15:bf011f65 f10:00000000
22167699ns          416622 1c00a934 12059663 bne              x11, x0, 300        x11:00000001
22167759ns          416625 1c00aa60 20f797d3 fsgnjn.s         f15, f15, f15       f15=xxxxxxxx f15:bf011f65 f15:bf011f65
22167779ns          416626 1c00aa64 00f6222b p.sw             x15, 4(x12!)        x12=100017a0 x15:3f011f65 x12:1000179c  PA:1000179c
22167799ns          416627 1c00aa68 ecd712e3 bne              x14, x13, -316      x14:1000173c x13:10001784
22167859ns          416630 1c00a92c 0047278b p.lw             x15, 4(x14!)        x15=3e8daa24 x14=10001740 x14:1000173c  PA:1000173c
22167900ns          416632 1c00a930 a0a795d3 flt.s            x11, f15, f10       x11=00000000 f15:3e8daa24 f10:00000000
22167920ns          416633 1c00a934 12059663 bne              x11, x0, 300        x11:00000000
22167940ns          416634 1c00a938 00f6222b p.sw             x15, 4(x12!)        x12=100017a4 x15:3e8daa24 x12:100017a0  PA:100017a0
22167960ns          416635 1c00a93c fed718e3 bne              x14, x13, -16       x14:10001740 x13:10001784
22168020ns          416638 1c00a92c 0047278b p.lw             x15, 4(x14!)        x15=be350d38 x14=10001744 x14:10001740  PA:10001740
22168060ns          416640 1c00a930 a0a795d3 flt.s            x11, f15, f10       x11=00000001 f15:be350d38 f10:00000000
22168080ns          416641 1c00a934 12059663 bne              x11, x0, 300        x11:00000001
22168140ns          416644 1c00aa60 20f797d3 fsgnjn.s         f15, f15, f15       f15=xxxxxxxx f15:be350d38 f15:be350d38
22168160ns          416645 1c00aa64 00f6222b p.sw             x15, 4(x12!)        x12=100017a8 x15:3e350d38 x12:100017a4  PA:100017a4
22168180ns          416646 1c00aa68 ecd712e3 bne              x14, x13, -316      x14:10001744 x13:10001784
22168241ns          416649 1c00a92c 0047278b p.lw             x15, 4(x14!)        x15=3f349c50 x14=10001748 x14:10001744  PA:10001744
22168281ns          416651 1c00a930 a0a795d3 flt.s            x11, f15, f10       x11=00000000 f15:3f349c50 f10:00000000
22168301ns          416652 1c00a934 12059663 bne              x11, x0, 300        x11:00000000
22168321ns          416653 1c00a938 00f6222b p.sw             x15, 4(x12!)        x12=100017ac x15:3f349c50 x12:100017a8  PA:100017a8
22168341ns          416654 1c00a93c fed718e3 bne              x14, x13, -16       x14:10001748 x13:10001784
22168401ns          416657 1c00a92c 0047278b p.lw             x15, 4(x14!)        x15=3ec97b96 x14=1000174c x14:10001748  PA:10001748
22168441ns          416659 1c00a930 a0a795d3 flt.s            x11, f15, f10       x11=00000000 f15:3ec97b96 f10:00000000
22168461ns          416660 1c00a934 12059663 bne              x11, x0, 300        x11:00000000
22168481ns          416661 1c00a938 00f6222b p.sw             x15, 4(x12!)        x12=100017b0 x15:3ec97b96 x12:100017ac  PA:100017ac
22168502ns          416662 1c00a93c fed718e3 bne              x14, x13, -16       x14:1000174c x13:10001784
22168562ns          416665 1c00a92c 0047278b p.lw             x15, 4(x14!)        x15=3cce7b2f x14=10001750 x14:1000174c  PA:1000174c
22168602ns          416667 1c00a930 a0a795d3 flt.s            x11, f15, f10       x11=00000000 f15:3cce7b2f f10:00000000
22168622ns          416668 1c00a934 12059663 bne              x11, x0, 300        x11:00000000
22168642ns          416669 1c00a938 00f6222b p.sw             x15, 4(x12!)        x12=100017b4 x15:3cce7b2f x12:100017b0  PA:100017b0
22168662ns          416670 1c00a93c fed718e3 bne              x14, x13, -16       x14:10001750 x13:10001784
22168722ns          416673 1c00a92c 0047278b p.lw             x15, 4(x14!)        x15=3e814a38 x14=10001754 x14:10001750  PA:10001750
22168762ns          416675 1c00a930 a0a795d3 flt.s            x11, f15, f10       x11=00000000 f15:3e814a38 f10:00000000
22168782ns          416676 1c00a934 12059663 bne              x11, x0, 300        x11:00000000
22168803ns          416677 1c00a938 00f6222b p.sw             x15, 4(x12!)        x12=100017b8 x15:3e814a38 x12:100017b4  PA:100017b4
22168823ns          416678 1c00a93c fed718e3 bne              x14, x13, -16       x14:10001754 x13:10001784
22168883ns          416681 1c00a92c 0047278b p.lw             x15, 4(x14!)        x15=bf60f509 x14=10001758 x14:10001754  PA:10001754
22168923ns          416683 1c00a930 a0a795d3 flt.s            x11, f15, f10       x11=00000001 f15:bf60f509 f10:00000000
22168943ns          416684 1c00a934 12059663 bne              x11, x0, 300        x11:00000001
22169003ns          416687 1c00aa60 20f797d3 fsgnjn.s         f15, f15, f15       f15=xxxxxxxx f15:bf60f509 f15:bf60f509
22169023ns          416688 1c00aa64 00f6222b p.sw             x15, 4(x12!)        x12=100017bc x15:3f60f509 x12:100017b8  PA:100017b8
22169043ns          416689 1c00aa68 ecd712e3 bne              x14, x13, -316      x14:10001758 x13:10001784
22169103ns          416692 1c00a92c 0047278b p.lw             x15, 4(x14!)        x15=bdbd7472 x14=1000175c x14:10001758  PA:10001758
22169144ns          416694 1c00a930 a0a795d3 flt.s            x11, f15, f10       x11=00000001 f15:bdbd7472 f10:00000000
22169164ns          416695 1c00a934 12059663 bne              x11, x0, 300        x11:00000001
22169224ns          416698 1c00aa60 20f797d3 fsgnjn.s         f15, f15, f15       f15=xxxxxxxx f15:bdbd7472 f15:bdbd7472
22169244ns          416699 1c00aa64 00f6222b p.sw             x15, 4(x12!)        x12=100017c0 x15:3dbd7472 x12:100017bc  PA:100017bc
22169264ns          416700 1c00aa68 ecd712e3 bne              x14, x13, -316      x14:1000175c x13:10001784
22169324ns          416703 1c00a92c 0047278b p.lw             x15, 4(x14!)        x15=bf0b98dc x14=10001760 x14:1000175c  PA:1000175c
22169364ns          416705 1c00a930 a0a795d3 flt.s            x11, f15, f10       x11=00000001 f15:bf0b98dc f10:00000000
22169384ns          416706 1c00a934 12059663 bne              x11, x0, 300        x11:00000001
22169445ns          416709 1c00aa60 20f797d3 fsgnjn.s         f15, f15, f15       f15=xxxxxxxx f15:bf0b98dc f15:bf0b98dc
22169465ns          416710 1c00aa64 00f6222b p.sw             x15, 4(x12!)        x12=100017c4 x15:3f0b98dc x12:100017c0  PA:100017c0
22169485ns          416711 1c00aa68 ecd712e3 bne              x14, x13, -316      x14:10001760 x13:10001784
22169545ns          416714 1c00a92c 0047278b p.lw             x15, 4(x14!)        x15=3cf85951 x14=10001764 x14:10001760  PA:10001760
22169585ns          416716 1c00a930 a0a795d3 flt.s            x11, f15, f10       x11=00000000 f15:3cf85951 f10:00000000
22169605ns          416717 1c00a934 12059663 bne              x11, x0, 300        x11:00000000
22169625ns          416718 1c00a938 00f6222b p.sw             x15, 4(x12!)        x12=100017c8 x15:3cf85951 x12:100017c4  PA:100017c4
22169645ns          416719 1c00a93c fed718e3 bne              x14, x13, -16       x14:10001764 x13:10001784
22169705ns          416722 1c00a92c 0047278b p.lw             x15, 4(x14!)        x15=3f27519e x14=10001768 x14:10001764  PA:10001764
22169746ns          416724 1c00a930 a0a795d3 flt.s            x11, f15, f10       x11=00000000 f15:3f27519e f10:00000000
22169766ns          416725 1c00a934 12059663 bne              x11, x0, 300        x11:00000000
22169786ns          416726 1c00a938 00f6222b p.sw             x15, 4(x12!)        x12=100017cc x15:3f27519e x12:100017c8  PA:100017c8
22169806ns          416727 1c00a93c fed718e3 bne              x14, x13, -16       x14:10001768 x13:10001784
22169866ns          416730 1c00a92c 0047278b p.lw             x15, 4(x14!)        x15=b9b7be39 x14=1000176c x14:10001768  PA:10001768
22169906ns          416732 1c00a930 a0a795d3 flt.s            x11, f15, f10       x11=00000001 f15:b9b7be39 f10:00000000
22169926ns          416733 1c00a934 12059663 bne              x11, x0, 300        x11:00000001
22169986ns          416736 1c00aa60 20f797d3 fsgnjn.s         f15, f15, f15       f15=xxxxxxxx f15:b9b7be39 f15:b9b7be39
22170006ns          416737 1c00aa64 00f6222b p.sw             x15, 4(x12!)        x12=100017d0 x15:39b7be39 x12:100017cc  PA:100017cc
22170027ns          416738 1c00aa68 ecd712e3 bne              x14, x13, -316      x14:1000176c x13:10001784
22170087ns          416741 1c00a92c 0047278b p.lw             x15, 4(x14!)        x15=bf06232d x14=10001770 x14:1000176c  PA:1000176c
22170127ns          416743 1c00a930 a0a795d3 flt.s            x11, f15, f10       x11=00000001 f15:bf06232d f10:00000000
22170147ns          416744 1c00a934 12059663 bne              x11, x0, 300        x11:00000001
22170207ns          416747 1c00aa60 20f797d3 fsgnjn.s         f15, f15, f15       f15=xxxxxxxx f15:bf06232d f15:bf06232d
22170227ns          416748 1c00aa64 00f6222b p.sw             x15, 4(x12!)        x12=100017d4 x15:3f06232d x12:100017d0  PA:100017d0
22170247ns          416749 1c00aa68 ecd712e3 bne              x14, x13, -316      x14:10001770 x13:10001784
22170307ns          416752 1c00a92c 0047278b p.lw             x15, 4(x14!)        x15=bf068ff0 x14=10001774 x14:10001770  PA:10001770
22170348ns          416754 1c00a930 a0a795d3 flt.s            x11, f15, f10       x11=00000001 f15:bf068ff0 f10:00000000
22170368ns          416755 1c00a934 12059663 bne              x11, x0, 300        x11:00000001
22170428ns          416758 1c00aa60 20f797d3 fsgnjn.s         f15, f15, f15       f15=xxxxxxxx f15:bf068ff0 f15:bf068ff0
22170448ns          416759 1c00aa64 00f6222b p.sw             x15, 4(x12!)        x12=100017d8 x15:3f068ff0 x12:100017d4  PA:100017d4
22170468ns          416760 1c00aa68 ecd712e3 bne              x14, x13, -316      x14:10001774 x13:10001784
22170528ns          416763 1c00a92c 0047278b p.lw             x15, 4(x14!)        x15=3f326fae x14=10001778 x14:10001774  PA:10001774
22170568ns          416765 1c00a930 a0a795d3 flt.s            x11, f15, f10       x11=00000000 f15:3f326fae f10:00000000
22170588ns          416766 1c00a934 12059663 bne              x11, x0, 300        x11:00000000
22170608ns          416767 1c00a938 00f6222b p.sw             x15, 4(x12!)        x12=100017dc x15:3f326fae x12:100017d8  PA:100017d8
22170628ns          416768 1c00a93c fed718e3 bne              x14, x13, -16       x14:10001778 x13:10001784
22170689ns          416771 1c00a92c 0047278b p.lw             x15, 4(x14!)        x15=be8bf987 x14=1000177c x14:10001778  PA:10001778
22170729ns          416773 1c00a930 a0a795d3 flt.s            x11, f15, f10       x11=00000001 f15:be8bf987 f10:00000000
22170749ns          416774 1c00a934 12059663 bne              x11, x0, 300        x11:00000001
22170809ns          416777 1c00aa60 20f797d3 fsgnjn.s         f15, f15, f15       f15=xxxxxxxx f15:be8bf987 f15:be8bf987
22170829ns          416778 1c00aa64 00f6222b p.sw             x15, 4(x12!)        x12=100017e0 x15:3e8bf987 x12:100017dc  PA:100017dc
22170849ns          416779 1c00aa68 ecd712e3 bne              x14, x13, -316      x14:1000177c x13:10001784
22170909ns          416782 1c00a92c 0047278b p.lw             x15, 4(x14!)        x15=bea3cc1e x14=10001780 x14:1000177c  PA:1000177c
22170950ns          416784 1c00a930 a0a795d3 flt.s            x11, f15, f10       x11=00000001 f15:bea3cc1e f10:00000000
22170970ns          416785 1c00a934 12059663 bne              x11, x0, 300        x11:00000001
22171030ns          416788 1c00aa60 20f797d3 fsgnjn.s         f15, f15, f15       f15=xxxxxxxx f15:bea3cc1e f15:bea3cc1e
22171050ns          416789 1c00aa64 00f6222b p.sw             x15, 4(x12!)        x12=100017e4 x15:3ea3cc1e x12:100017e0  PA:100017e0
22171070ns          416790 1c00aa68 ecd712e3 bne              x14, x13, -316      x14:10001780 x13:10001784
22171130ns          416793 1c00a92c 0047278b p.lw             x15, 4(x14!)        x15=3e7c78c0 x14=10001784 x14:10001780  PA:10001780
22171170ns          416795 1c00a930 a0a795d3 flt.s            x11, f15, f10       x11=00000000 f15:3e7c78c0 f10:00000000
22171190ns          416796 1c00a934 12059663 bne              x11, x0, 300        x11:00000000
22171210ns          416797 1c00a938 00f6222b p.sw             x15, 4(x12!)        x12=100017e8 x15:3e7c78c0 x12:100017e4  PA:100017e4
22171230ns          416798 1c00a93c fed718e3 bne              x14, x13, -16       x14:10001784 x13:10001784
22171250ns          416799 1c00a940 00412783 lw               x15, 4(x2)          x15=4154c373  x2:100016a8  PA:100016ac
22171271ns          416800 1c00a942 00012303 lw               x6, 0(x2)            x6=4206e6b7  x2:100016a8  PA:100016a8
22171291ns          416801 1c00a944 0e010593 addi             x11, x2, 224        x11=10001788  x2:100016a8
22171311ns          416802 1c00a946 00f37353 fadd.s           f6, f6, f15          f6=xxxxxxxx  f6:4206e6b7 f15:4154c373
22171331ns          416803 1c00a94a 00812783 lw               x15, 8(x2)          x15=41139995  x2:100016a8  PA:100016b0
22171351ns          416804 1c00a94c 40b68733 sub              x14, x13, x11       x14=fffffffc x13:10001784 x11:10001788
22171672ns          416820 1c00a950 00f37353 fadd.s           f6, f6, f15          f6=xxxxxxxx  f6:423c1794 f15:41139995
22171712ns          416822 1c00a954 00c12783 lw               x15, 12(x2)         x15=40bcad79  x2:100016a8  PA:100016b4
22171732ns          416823 1c00a956 06070713 addi             x14, x14, 96        x14=0000005c x14:fffffffc
22171752ns          416824 1c00a95a 00f37353 fadd.s           f6, f6, f15          f6=xxxxxxxx  f6:4260fdf9 f15:40bcad79
22171772ns          416825 1c00a95e 01012783 lw               x15, 16(x2)         x15=40876847  x2:100016a8  PA:100016b8
22172194ns          416846 1c00a960 00275713 srli             x14, x14, 0x2       x14=00000017 x14:0000005c
22172214ns          416847 1c00a962 0dc12503 lw               x10, 220(x2)        x10=3eb9a3f6  x2:100016a8  PA:10001784
22172234ns          416848 1c00a964 00f37353 fadd.s           f6, f6, f15          f6=xxxxxxxx  f6:427893a8 f15:40876847
22172254ns          416849 1c00a968 00170713 addi             x14, x14, 1         x14=00000018 x14:00000017
22172274ns          416850 1c00a96a 00b007b3 add              x15, x0, x11        x15=10001788 x11:10001788
22172294ns          416851 1c00a96c 004740fb lp.setup         0x1, x14, 0x4       x14:00000018
22172715ns          416872 1c00a970 0047a60b p.lw             x12, 4(x15!)        x12=3f0215a5 x15=1000178c x15:10001788  PA:10001788
22172755ns          416874 1c00a974 00c57553 fadd.s           f10, f10, f12       f10=xxxxxxxx f10:3eb9a3f6 f12:3f0215a5
22172775ns          416875 1c00a970 0047a60b p.lw             x12, 4(x15!)        x12=3f191ef4 x15=10001790 x15:1000178c  PA:1000178c
22172816ns          416877 1c00a974 00c57553 fadd.s           f10, f10, f12       f10=xxxxxxxx f10:3f5ee7a0 f12:3f191ef4
22172836ns          416878 1c00a970 0047a60b p.lw             x12, 4(x15!)        x12=3e9d26b8 x15=10001794 x15:10001790  PA:10001790
22172876ns          416880 1c00a974 00c57553 fadd.s           f10, f10, f12       f10=xxxxxxxx f10:3fbc034a f12:3e9d26b8
22172896ns          416881 1c00a970 0047a60b p.lw             x12, 4(x15!)        x12=3ecbbf6b x15=10001798 x15:10001794  PA:10001794
22172936ns          416883 1c00a974 00c57553 fadd.s           f10, f10, f12       f10=xxxxxxxx f10:3fe34cf8 f12:3ecbbf6b
22172956ns          416884 1c00a970 0047a60b p.lw             x12, 4(x15!)        x12=3ebf9885 x15=1000179c x15:10001798  PA:10001798
22172996ns          416886 1c00a974 00c57553 fadd.s           f10, f10, f12       f10=xxxxxxxx f10:400b1e69 f12:3ebf9885
22173016ns          416887 1c00a970 0047a60b p.lw             x12, 4(x15!)        x12=3f011f65 x15=100017a0 x15:1000179c  PA:1000179c
22173056ns          416889 1c00a974 00c57553 fadd.s           f10, f10, f12       f10=xxxxxxxx f10:4023117a f12:3f011f65
22173076ns          416890 1c00a970 0047a60b p.lw             x12, 4(x15!)        x12=3e8daa24 x15=100017a4 x15:100017a0  PA:100017a0
22173117ns          416892 1c00a974 00c57553 fadd.s           f10, f10, f12       f10=xxxxxxxx f10:40435953 f12:3e8daa24
22173137ns          416893 1c00a970 0047a60b p.lw             x12, 4(x15!)        x12=3e350d38 x15=100017a8 x15:100017a4  PA:100017a4
22173177ns          416895 1c00a974 00c57553 fadd.s           f10, f10, f12       f10=xxxxxxxx f10:40550e98 f12:3e350d38
22173197ns          416896 1c00a970 0047a60b p.lw             x12, 4(x15!)        x12=3f349c50 x15=100017ac x15:100017a8  PA:100017a8
22173237ns          416898 1c00a974 00c57553 fadd.s           f10, f10, f12       f10=xxxxxxxx f10:40605f6c f12:3f349c50
22173257ns          416899 1c00a970 0047a60b p.lw             x12, 4(x15!)        x12=3ec97b96 x15=100017b0 x15:100017ac  PA:100017ac
22173297ns          416901 1c00a974 00c57553 fadd.s           f10, f10, f12       f10=xxxxxxxx f10:4086c340 f12:3ec97b96
22173317ns          416902 1c00a970 0047a60b p.lw             x12, 4(x15!)        x12=3cce7b2f x15=100017b4 x15:100017b0  PA:100017b0
22173357ns          416904 1c00a974 00c57553 fadd.s           f10, f10, f12       f10=xxxxxxxx f10:40935af9 f12:3cce7b2f
22173377ns          416905 1c00a970 0047a60b p.lw             x12, 4(x15!)        x12=3e814a38 x15=100017b8 x15:100017b4  PA:100017b4
22173418ns          416907 1c00a974 00c57553 fadd.s           f10, f10, f12       f10=xxxxxxxx f10:40942974 f12:3e814a38
22173438ns          416908 1c00a970 0047a60b p.lw             x12, 4(x15!)        x12=3f60f509 x15=100017bc x15:100017b8  PA:100017b8
22173478ns          416910 1c00a974 00c57553 fadd.s           f10, f10, f12       f10=xxxxxxxx f10:409c3e18 f12:3f60f509
22173498ns          416911 1c00a970 0047a60b p.lw             x12, 4(x15!)        x12=3dbd7472 x15=100017c0 x15:100017bc  PA:100017bc
22173538ns          416913 1c00a974 00c57553 fadd.s           f10, f10, f12       f10=xxxxxxxx f10:40b85cb9 f12:3dbd7472
22173558ns          416914 1c00a970 0047a60b p.lw             x12, 4(x15!)        x12=3f0b98dc x15=100017c4 x15:100017c0  PA:100017c0
22173598ns          416916 1c00a974 00c57553 fadd.s           f10, f10, f12       f10=xxxxxxxx f10:40bb528b f12:3f0b98dc
22173618ns          416917 1c00a970 0047a60b p.lw             x12, 4(x15!)        x12=3cf85951 x15=100017c8 x15:100017c4  PA:100017c4
22173658ns          416919 1c00a974 00c57553 fadd.s           f10, f10, f12       f10=xxxxxxxx f10:40ccc5a6 f12:3cf85951
22173678ns          416920 1c00a970 0047a60b p.lw             x12, 4(x15!)        x12=3f27519e x15=100017cc x15:100017c8  PA:100017c8
22173719ns          416922 1c00a974 00c57553 fadd.s           f10, f10, f12       f10=xxxxxxxx f10:40cdbdff f12:3f27519e
22173739ns          416923 1c00a970 0047a60b p.lw             x12, 4(x15!)        x12=39b7be39 x15=100017d0 x15:100017cc  PA:100017cc
22173779ns          416925 1c00a974 00c57553 fadd.s           f10, f10, f12       f10=xxxxxxxx f10:40e2a833 f12:39b7be39
22173799ns          416926 1c00a970 0047a60b p.lw             x12, 4(x15!)        x12=3f06232d x15=100017d4 x15:100017d0  PA:100017d0
22173839ns          416928 1c00a974 00c57553 fadd.s           f10, f10, f12       f10=xxxxxxxx f10:40e2ab12 f12:3f06232d
22173859ns          416929 1c00a970 0047a60b p.lw             x12, 4(x15!)        x12=3f068ff0 x15=100017d8 x15:100017d4  PA:100017d4
22173899ns          416931 1c00a974 00c57553 fadd.s           f10, f10, f12       f10=xxxxxxxx f10:40f36f78 f12:3f068ff0
22173919ns          416932 1c00a970 0047a60b p.lw             x12, 4(x15!)        x12=3f326fae x15=100017dc x15:100017d8  PA:100017d8
22173959ns          416934 1c00a974 00c57553 fadd.s           f10, f10, f12       f10=xxxxxxxx f10:410220bb f12:3f326fae
22173979ns          416935 1c00a970 0047a60b p.lw             x12, 4(x15!)        x12=3e8bf987 x15=100017e0 x15:100017dc  PA:100017dc
22174020ns          416937 1c00a974 00c57553 fadd.s           f10, f10, f12       f10=xxxxxxxx f10:410d47b6 f12:3e8bf987
22174040ns          416938 1c00a970 0047a60b p.lw             x12, 4(x15!)        x12=3ea3cc1e x15=100017e4 x15:100017e0  PA:100017e0
22174080ns          416940 1c00a974 00c57553 fadd.s           f10, f10, f12       f10=xxxxxxxx f10:4111a782 f12:3ea3cc1e
22174100ns          416941 1c00a970 0047a60b p.lw             x12, 4(x15!)        x12=3e7c78c0 x15=100017e8 x15:100017e4  PA:100017e4
22174140ns          416943 1c00a974 00c57553 fadd.s           f10, f10, f12       f10=xxxxxxxx f10:4116c5e3 f12:3e7c78c0
22174160ns          416944 1c00a978 01410613 addi             x12, x2, 20         x12=100016bc  x2:100016a8
22174180ns          416945 1c00a97a 00000893 addi             x17, x0, 0          x17=00000000
22174581ns          416965 1c00a97e 0046270b p.lw             x14, 4(x12!)        x14=3edbf02d x12=100016c0 x12:100016bc  PA:100016bc
22174621ns          416967 1c00a982 a1171853 flt.s            x16, f14, f17       x16=00000000 f14:3edbf02d f17:00000000
22174642ns          416968 1c00a986 0c081663 bne              x16, x0, 204        x16:00000000
22174662ns          416969 1c00a98a 00e6a22b p.sw             x14, 4(x13!)        x13=10001788 x14:3edbf02d x13:10001784  PA:10001784
22175103ns          416991 1c00a98e ff2618e3 bne              x12, x18, -16       x12:100016c0 x18:10001720
22175183ns          416995 1c00a97e 0046270b p.lw             x14, 4(x12!)        x14=3f0a4f94 x12=100016c4 x12:100016c0  PA:100016c0
22175223ns          416997 1c00a982 a1171853 flt.s            x16, f14, f17       x16=00000000 f14:3f0a4f94 f17:00000000
22175243ns          416998 1c00a986 0c081663 bne              x16, x0, 204        x16:00000000
22175264ns          416999 1c00a98a 00e6a22b p.sw             x14, 4(x13!)        x13=1000178c x14:3f0a4f94 x13:10001788  PA:10001788
22175284ns          417000 1c00a98e ff2618e3 bne              x12, x18, -16       x12:100016c4 x18:10001720
22175364ns          417004 1c00a97e 0046270b p.lw             x14, 4(x12!)        x14=3ee8f748 x12=100016c8 x12:100016c4  PA:100016c4
22175404ns          417006 1c00a982 a1171853 flt.s            x16, f14, f17       x16=00000000 f14:3ee8f748 f17:00000000
22175424ns          417007 1c00a986 0c081663 bne              x16, x0, 204        x16:00000000
22175444ns          417008 1c00a98a 00e6a22b p.sw             x14, 4(x13!)        x13=10001790 x14:3ee8f748 x13:1000178c  PA:1000178c
22175464ns          417009 1c00a98e ff2618e3 bne              x12, x18, -16       x12:100016c8 x18:10001720
22175544ns          417013 1c00a97e 0046270b p.lw             x14, 4(x12!)        x14=3f004b13 x12=100016cc x12:100016c8  PA:100016c8
22175585ns          417015 1c00a982 a1171853 flt.s            x16, f14, f17       x16=00000000 f14:3f004b13 f17:00000000
22175605ns          417016 1c00a986 0c081663 bne              x16, x0, 204        x16:00000000
22175625ns          417017 1c00a98a 00e6a22b p.sw             x14, 4(x13!)        x13=10001794 x14:3f004b13 x13:10001790  PA:10001790
22175645ns          417018 1c00a98e ff2618e3 bne              x12, x18, -16       x12:100016cc x18:10001720
22175725ns          417022 1c00a97e 0046270b p.lw             x14, 4(x12!)        x14=3e82ed5c x12=100016d0 x12:100016cc  PA:100016cc
22175765ns          417024 1c00a982 a1171853 flt.s            x16, f14, f17       x16=00000000 f14:3e82ed5c f17:00000000
22175785ns          417025 1c00a986 0c081663 bne              x16, x0, 204        x16:00000000
22175805ns          417026 1c00a98a 00e6a22b p.sw             x14, 4(x13!)        x13=10001798 x14:3e82ed5c x13:10001794  PA:10001794
22175825ns          417027 1c00a98e ff2618e3 bne              x12, x18, -16       x12:100016d0 x18:10001720
22175906ns          417031 1c00a97e 0046270b p.lw             x14, 4(x12!)        x14=bed31e09 x12=100016d4 x12:100016d0  PA:100016d0
22175946ns          417033 1c00a982 a1171853 flt.s            x16, f14, f17       x16=00000001 f14:bed31e09 f17:00000000
22175966ns          417034 1c00a986 0c081663 bne              x16, x0, 204        x16:00000001
22176488ns          417060 1c00aa52 20e71753 fsgnjn.s         f14, f14, f14       f14=xxxxxxxx f14:bed31e09 f14:bed31e09
22176508ns          417061 1c00aa56 00e6a22b p.sw             x14, 4(x13!)        x13=1000179c x14:3ed31e09 x13:10001798  PA:10001798
22176528ns          417062 1c00aa5a f32612e3 bne              x12, x18, -220      x12:100016d4 x18:10001720
22176648ns          417068 1c00a97e 0046270b p.lw             x14, 4(x12!)        x14=bec0b12a x12=100016d8 x12:100016d4  PA:100016d4
22176708ns          417071 1c00a982 a1171853 flt.s            x16, f14, f17       x16=00000001 f14:bec0b12a f17:00000000
22176728ns          417072 1c00a986 0c081663 bne              x16, x0, 204        x16:00000001
22176809ns          417076 1c00aa52 20e71753 fsgnjn.s         f14, f14, f14       f14=xxxxxxxx f14:bec0b12a f14:bec0b12a
22176829ns          417077 1c00aa56 00e6a22b p.sw             x14, 4(x13!)        x13=100017a0 x14:3ec0b12a x13:1000179c  PA:1000179c
22176849ns          417078 1c00aa5a f32612e3 bne              x12, x18, -220      x12:100016d8 x18:10001720
22176929ns          417082 1c00a97e 0046270b p.lw             x14, 4(x12!)        x14=3f1eca65 x12=100016dc x12:100016d8  PA:100016d8
22176969ns          417084 1c00a982 a1171853 flt.s            x16, f14, f17       x16=00000000 f14:3f1eca65 f17:00000000
22176989ns          417085 1c00a986 0c081663 bne              x16, x0, 204        x16:00000000
22177009ns          417086 1c00a98a 00e6a22b p.sw             x14, 4(x13!)        x13=100017a4 x14:3f1eca65 x13:100017a0  PA:100017a0
22177029ns          417087 1c00a98e ff2618e3 bne              x12, x18, -16       x12:100016dc x18:10001720
22177110ns          417091 1c00a97e 0046270b p.lw             x14, 4(x12!)        x14=bda7f6a2 x12=100016e0 x12:100016dc  PA:100016dc
22177150ns          417093 1c00a982 a1171853 flt.s            x16, f14, f17       x16=00000001 f14:bda7f6a2 f17:00000000
22177170ns          417094 1c00a986 0c081663 bne              x16, x0, 204        x16:00000001
22177250ns          417098 1c00aa52 20e71753 fsgnjn.s         f14, f14, f14       f14=xxxxxxxx f14:bda7f6a2 f14:bda7f6a2
22177270ns          417099 1c00aa56 00e6a22b p.sw             x14, 4(x13!)        x13=100017a8 x14:3da7f6a2 x13:100017a4  PA:100017a4
22177290ns          417100 1c00aa5a f32612e3 bne              x12, x18, -220      x12:100016e0 x18:10001720
22177370ns          417104 1c00a97e 0046270b p.lw             x14, 4(x12!)        x14=3f0b7bab x12=100016e4 x12:100016e0  PA:100016e0
22177411ns          417106 1c00a982 a1171853 flt.s            x16, f14, f17       x16=00000000 f14:3f0b7bab f17:00000000
22177431ns          417107 1c00a986 0c081663 bne              x16, x0, 204        x16:00000000
22177451ns          417108 1c00a98a 00e6a22b p.sw             x14, 4(x13!)        x13=100017ac x14:3f0b7bab x13:100017a8  PA:100017a8
22177471ns          417109 1c00a98e ff2618e3 bne              x12, x18, -16       x12:100016e4 x18:10001720
22177551ns          417113 1c00a97e 0046270b p.lw             x14, 4(x12!)        x14=3f0706e1 x12=100016e8 x12:100016e4  PA:100016e4
22177591ns          417115 1c00a982 a1171853 flt.s            x16, f14, f17       x16=00000000 f14:3f0706e1 f17:00000000
22177611ns          417116 1c00a986 0c081663 bne              x16, x0, 204        x16:00000000
22177631ns          417117 1c00a98a 00e6a22b p.sw             x14, 4(x13!)        x13=100017b0 x14:3f0706e1 x13:100017ac  PA:100017ac
22177651ns          417118 1c00a98e ff2618e3 bne              x12, x18, -16       x12:100016e8 x18:10001720
22177732ns          417122 1c00a97e 0046270b p.lw             x14, 4(x12!)        x14=3db55429 x12=100016ec x12:100016e8  PA:100016e8
22177772ns          417124 1c00a982 a1171853 flt.s            x16, f14, f17       x16=00000000 f14:3db55429 f17:00000000
22177792ns          417125 1c00a986 0c081663 bne              x16, x0, 204        x16:00000000
22177812ns          417126 1c00a98a 00e6a22b p.sw             x14, 4(x13!)        x13=100017b4 x14:3db55429 x13:100017b0  PA:100017b0
22177832ns          417127 1c00a98e ff2618e3 bne              x12, x18, -16       x12:100016ec x18:10001720
22177912ns          417131 1c00a97e 0046270b p.lw             x14, 4(x12!)        x14=3e828b65 x12=100016f0 x12:100016ec  PA:100016ec
22177952ns          417133 1c00a982 a1171853 flt.s            x16, f14, f17       x16=00000000 f14:3e828b65 f17:00000000
22177972ns          417134 1c00a986 0c081663 bne              x16, x0, 204        x16:00000000
22177992ns          417135 1c00a98a 00e6a22b p.sw             x14, 4(x13!)        x13=100017b8 x14:3e828b65 x13:100017b4  PA:100017b4
22178013ns          417136 1c00a98e ff2618e3 bne              x12, x18, -16       x12:100016f0 x18:10001720
22178093ns          417140 1c00a97e 0046270b p.lw             x14, 4(x12!)        x14=bf4dd838 x12=100016f4 x12:100016f0  PA:100016f0
22178133ns          417142 1c00a982 a1171853 flt.s            x16, f14, f17       x16=00000001 f14:bf4dd838 f17:00000000
22178153ns          417143 1c00a986 0c081663 bne              x16, x0, 204        x16:00000001
22178233ns          417147 1c00aa52 20e71753 fsgnjn.s         f14, f14, f14       f14=xxxxxxxx f14:bf4dd838 f14:bf4dd838
22178253ns          417148 1c00aa56 00e6a22b p.sw             x14, 4(x13!)        x13=100017bc x14:3f4dd838 x13:100017b8  PA:100017b8
22178273ns          417149 1c00aa5a f32612e3 bne              x12, x18, -220      x12:100016f4 x18:10001720
22178354ns          417153 1c00a97e 0046270b p.lw             x14, 4(x12!)        x14=3d48d00b x12=100016f8 x12:100016f4  PA:100016f4
22178394ns          417155 1c00a982 a1171853 flt.s            x16, f14, f17       x16=00000000 f14:3d48d00b f17:00000000
22178414ns          417156 1c00a986 0c081663 bne              x16, x0, 204        x16:00000000
22178434ns          417157 1c00a98a 00e6a22b p.sw             x14, 4(x13!)        x13=100017c0 x14:3d48d00b x13:100017bc  PA:100017bc
22178454ns          417158 1c00a98e ff2618e3 bne              x12, x18, -16       x12:100016f8 x18:10001720
22178534ns          417162 1c00a97e 0046270b p.lw             x14, 4(x12!)        x14=be89e02b x12=100016fc x12:100016f8  PA:100016f8
22178574ns          417164 1c00a982 a1171853 flt.s            x16, f14, f17       x16=00000001 f14:be89e02b f17:00000000
22178594ns          417165 1c00a986 0c081663 bne              x16, x0, 204        x16:00000001
22178675ns          417169 1c00aa52 20e71753 fsgnjn.s         f14, f14, f14       f14=xxxxxxxx f14:be89e02b f14:be89e02b
22178695ns          417170 1c00aa56 00e6a22b p.sw             x14, 4(x13!)        x13=100017c4 x14:3e89e02b x13:100017c0  PA:100017c0
22178715ns          417171 1c00aa5a f32612e3 bne              x12, x18, -220      x12:100016fc x18:10001720
22178795ns          417175 1c00a97e 0046270b p.lw             x14, 4(x12!)        x14=3e01832f x12=10001700 x12:100016fc  PA:100016fc
22178835ns          417177 1c00a982 a1171853 flt.s            x16, f14, f17       x16=00000000 f14:3e01832f f17:00000000
22178855ns          417178 1c00a986 0c081663 bne              x16, x0, 204        x16:00000000
22178875ns          417179 1c00a98a 00e6a22b p.sw             x14, 4(x13!)        x13=100017c8 x14:3e01832f x13:100017c4  PA:100017c4
22178895ns          417180 1c00a98e ff2618e3 bne              x12, x18, -16       x12:10001700 x18:10001720
22178976ns          417184 1c00a97e 0046270b p.lw             x14, 4(x12!)        x14=3f11507f x12=10001704 x12:10001700  PA:10001700
22179016ns          417186 1c00a982 a1171853 flt.s            x16, f14, f17       x16=00000000 f14:3f11507f f17:00000000
22179036ns          417187 1c00a986 0c081663 bne              x16, x0, 204        x16:00000000
22179056ns          417188 1c00a98a 00e6a22b p.sw             x14, 4(x13!)        x13=100017cc x14:3f11507f x13:100017c8  PA:100017c8
22179076ns          417189 1c00a98e ff2618e3 bne              x12, x18, -16       x12:10001704 x18:10001720
22179156ns          417193 1c00a97e 0046270b p.lw             x14, 4(x12!)        x14=bcf19c45 x12=10001708 x12:10001704  PA:10001704
22179196ns          417195 1c00a982 a1171853 flt.s            x16, f14, f17       x16=00000001 f14:bcf19c45 f17:00000000
22179216ns          417196 1c00a986 0c081663 bne              x16, x0, 204        x16:00000001
22179297ns          417200 1c00aa52 20e71753 fsgnjn.s         f14, f14, f14       f14=xxxxxxxx f14:bcf19c45 f14:bcf19c45
22179317ns          417201 1c00aa56 00e6a22b p.sw             x14, 4(x13!)        x13=100017d0 x14:3cf19c45 x13:100017cc  PA:100017cc
22179337ns          417202 1c00aa5a f32612e3 bne              x12, x18, -220      x12:10001708 x18:10001720
22179417ns          417206 1c00a97e 0046270b p.lw             x14, 4(x12!)        x14=bf445f3c x12=1000170c x12:10001708  PA:10001708
22179457ns          417208 1c00a982 a1171853 flt.s            x16, f14, f17       x16=00000001 f14:bf445f3c f17:00000000
22179477ns          417209 1c00a986 0c081663 bne              x16, x0, 204        x16:00000001
22179558ns          417213 1c00aa52 20e71753 fsgnjn.s         f14, f14, f14       f14=xxxxxxxx f14:bf445f3c f14:bf445f3c
22179578ns          417214 1c00aa56 00e6a22b p.sw             x14, 4(x13!)        x13=100017d4 x14:3f445f3c x13:100017d0  PA:100017d0
22179598ns          417215 1c00aa5a f32612e3 bne              x12, x18, -220      x12:1000170c x18:10001720
22179678ns          417219 1c00a97e 0046270b p.lw             x14, 4(x12!)        x14=bf0afaf2 x12=10001710 x12:1000170c  PA:1000170c
22179718ns          417221 1c00a982 a1171853 flt.s            x16, f14, f17       x16=00000001 f14:bf0afaf2 f17:00000000
22179738ns          417222 1c00a986 0c081663 bne              x16, x0, 204        x16:00000001
22179818ns          417226 1c00aa52 20e71753 fsgnjn.s         f14, f14, f14       f14=xxxxxxxx f14:bf0afaf2 f14:bf0afaf2
22179838ns          417227 1c00aa56 00e6a22b p.sw             x14, 4(x13!)        x13=100017d8 x14:3f0afaf2 x13:100017d4  PA:100017d4
22179859ns          417228 1c00aa5a f32612e3 bne              x12, x18, -220      x12:10001710 x18:10001720
22179939ns          417232 1c00a97e 0046270b p.lw             x14, 4(x12!)        x14=3f3c93d6 x12=10001714 x12:10001710  PA:10001710
22179979ns          417234 1c00a982 a1171853 flt.s            x16, f14, f17       x16=00000000 f14:3f3c93d6 f17:00000000
22179999ns          417235 1c00a986 0c081663 bne              x16, x0, 204        x16:00000000
22180019ns          417236 1c00a98a 00e6a22b p.sw             x14, 4(x13!)        x13=100017dc x14:3f3c93d6 x13:100017d8  PA:100017d8
22180039ns          417237 1c00a98e ff2618e3 bne              x12, x18, -16       x12:10001714 x18:10001720
22180119ns          417241 1c00a97e 0046270b p.lw             x14, 4(x12!)        x14=be1467c7 x12=10001718 x12:10001714  PA:10001714
22180160ns          417243 1c00a982 a1171853 flt.s            x16, f14, f17       x16=00000001 f14:be1467c7 f17:00000000
22180180ns          417244 1c00a986 0c081663 bne              x16, x0, 204        x16:00000001
22180260ns          417248 1c00aa52 20e71753 fsgnjn.s         f14, f14, f14       f14=xxxxxxxx f14:be1467c7 f14:be1467c7
22180280ns          417249 1c00aa56 00e6a22b p.sw             x14, 4(x13!)        x13=100017e0 x14:3e1467c7 x13:100017dc  PA:100017dc
22180300ns          417250 1c00aa5a f32612e3 bne              x12, x18, -220      x12:10001718 x18:10001720
22180380ns          417254 1c00a97e 0046270b p.lw             x14, 4(x12!)        x14=be9d91c0 x12=1000171c x12:10001718  PA:10001718
22180420ns          417256 1c00a982 a1171853 flt.s            x16, f14, f17       x16=00000001 f14:be9d91c0 f17:00000000
22180440ns          417257 1c00a986 0c081663 bne              x16, x0, 204        x16:00000001
22180521ns          417261 1c00aa52 20e71753 fsgnjn.s         f14, f14, f14       f14=xxxxxxxx f14:be9d91c0 f14:be9d91c0
22180541ns          417262 1c00aa56 00e6a22b p.sw             x14, 4(x13!)        x13=100017e4 x14:3e9d91c0 x13:100017e0  PA:100017e0
22180561ns          417263 1c00aa5a f32612e3 bne              x12, x18, -220      x12:1000171c x18:10001720
22180641ns          417267 1c00a97e 0046270b p.lw             x14, 4(x12!)        x14=3e5dd448 x12=10001720 x12:1000171c  PA:1000171c
22180681ns          417269 1c00a982 a1171853 flt.s            x16, f14, f17       x16=00000000 f14:3e5dd448 f17:00000000
22180701ns          417270 1c00a986 0c081663 bne              x16, x0, 204        x16:00000000
22180721ns          417271 1c00a98a 00e6a22b p.sw             x14, 4(x13!)        x13=100017e8 x14:3e5dd448 x13:100017e4  PA:100017e4
22180741ns          417272 1c00a98e ff2618e3 bne              x12, x18, -16       x12:10001720 x18:10001720
22180761ns          417273 1c00a992 40b787b3 sub              x15, x15, x11       x15=00000060 x15:100017e8 x11:10001788
22180782ns          417274 1c00a994 ffc78793 addi             x15, x15, -4        x15=0000005c x15:00000060
22180802ns          417275 1c00a996 0027d793 srli             x15, x15, 0x2       x15=00000017 x15:0000005c
22180822ns          417276 1c00a998 0dc12703 lw               x14, 220(x2)        x14=3edbf02d  x2:100016a8  PA:10001784
22180842ns          417277 1c00a99a 00178793 addi             x15, x15, 1         x15=00000018 x15:00000017
22180862ns          417278 1c00a99c 0047c0fb lp.setup         0x1, x15, 0x4       x15:00000018
22181123ns          417291 1c00a9a0 0045a68b p.lw             x13, 4(x11!)        x13=3f0a4f94 x11=1000178c x11:10001788  PA:10001788
22181163ns          417293 1c00a9a4 00d77753 fadd.s           f14, f14, f13       f14=xxxxxxxx f14:3edbf02d f13:3f0a4f94
22181183ns          417294 1c00a9a0 0045a68b p.lw             x13, 4(x11!)        x13=3ee8f748 x11=10001790 x11:1000178c  PA:1000178c
22181223ns          417296 1c00a9a4 00d77753 fadd.s           f14, f14, f13       f14=xxxxxxxx f14:3f7847aa f13:3ee8f748
22181243ns          417297 1c00a9a0 0045a68b p.lw             x13, 4(x11!)        x13=3f004b13 x11=10001794 x11:10001790  PA:10001790
22181283ns          417299 1c00a9a4 00d77753 fadd.s           f14, f14, f13       f14=xxxxxxxx f14:3fb661a7 f13:3f004b13
22181303ns          417300 1c00a9a0 0045a68b p.lw             x13, 4(x11!)        x13=3e82ed5c x11=10001798 x11:10001794  PA:10001794
22181343ns          417302 1c00a9a4 00d77753 fadd.s           f14, f14, f13       f14=xxxxxxxx f14:3ff68730 f13:3e82ed5c
22181363ns          417303 1c00a9a0 0045a68b p.lw             x13, 4(x11!)        x13=3ed31e09 x11=1000179c x11:10001798  PA:10001798
22181404ns          417305 1c00a9a4 00d77753 fadd.s           f14, f14, f13       f14=xxxxxxxx f14:400ba144 f13:3ed31e09
22181424ns          417306 1c00a9a0 0045a68b p.lw             x13, 4(x11!)        x13=3ec0b12a x11=100017a0 x11:1000179c  PA:1000179c
22181464ns          417308 1c00a9a4 00d77753 fadd.s           f14, f14, f13       f14=xxxxxxxx f14:40260505 f13:3ec0b12a
22181484ns          417309 1c00a9a0 0045a68b p.lw             x13, 4(x11!)        x13=3f1eca65 x11=100017a4 x11:100017a0  PA:100017a0
22181524ns          417311 1c00a9a4 00d77753 fadd.s           f14, f14, f13       f14=xxxxxxxx f14:403e1b2a f13:3f1eca65
22181544ns          417312 1c00a9a0 0045a68b p.lw             x13, 4(x11!)        x13=3da7f6a2 x11=100017a8 x11:100017a4  PA:100017a4
22181584ns          417314 1c00a9a4 00d77753 fadd.s           f14, f14, f13       f14=xxxxxxxx f14:4065cdc3 f13:3da7f6a2
22181604ns          417315 1c00a9a0 0045a68b p.lw             x13, 4(x11!)        x13=3f0b7bab x11=100017ac x11:100017a8  PA:100017a8
22181644ns          417317 1c00a9a4 00d77753 fadd.s           f14, f14, f13       f14=xxxxxxxx f14:406b0d78 f13:3f0b7bab
22181664ns          417318 1c00a9a0 0045a68b p.lw             x13, 4(x11!)        x13=3f0706e1 x11=100017b0 x11:100017ac  PA:100017ac
22181705ns          417320 1c00a9a4 00d77753 fadd.s           f14, f14, f13       f14=xxxxxxxx f14:4086f631 f13:3f0706e1
22181725ns          417321 1c00a9a0 0045a68b p.lw             x13, 4(x11!)        x13=3db55429 x11=100017b4 x11:100017b0  PA:100017b0
22181765ns          417323 1c00a9a4 00d77753 fadd.s           f14, f14, f13       f14=xxxxxxxx f14:4097d70d f13:3db55429
22181785ns          417324 1c00a9a0 0045a68b p.lw             x13, 4(x11!)        x13=3e828b65 x11=100017b8 x11:100017b4  PA:100017b4
22181825ns          417326 1c00a9a4 00d77753 fadd.s           f14, f14, f13       f14=xxxxxxxx f14:409aac5e f13:3e828b65
22181845ns          417327 1c00a9a0 0045a68b p.lw             x13, 4(x11!)        x13=3f4dd838 x11=100017bc x11:100017b8  PA:100017b8
22181885ns          417329 1c00a9a4 00d77753 fadd.s           f14, f14, f13       f14=xxxxxxxx f14:40a2d514 f13:3f4dd838
22181905ns          417330 1c00a9a0 0045a68b p.lw             x13, 4(x11!)        x13=3d48d00b x11=100017c0 x11:100017bc  PA:100017bc
22181945ns          417332 1c00a9a4 00d77753 fadd.s           f14, f14, f13       f14=xxxxxxxx f14:40bc901b f13:3d48d00b
22181965ns          417333 1c00a9a0 0045a68b p.lw             x13, 4(x11!)        x13=3e89e02b x11=100017c4 x11:100017c0  PA:100017c0
22182006ns          417335 1c00a9a4 00d77753 fadd.s           f14, f14, f13       f14=xxxxxxxx f14:40be21bb f13:3e89e02b
22182026ns          417336 1c00a9a0 0045a68b p.lw             x13, 4(x11!)        x13=3e01832f x11=100017c8 x11:100017c4  PA:100017c4
22182066ns          417338 1c00a9a4 00d77753 fadd.s           f14, f14, f13       f14=xxxxxxxx f14:40c6bfbe f13:3e01832f
22182086ns          417339 1c00a9a0 0045a68b p.lw             x13, 4(x11!)        x13=3f11507f x11=100017cc x11:100017c8  PA:100017c8
22182126ns          417341 1c00a9a4 00d77753 fadd.s           f14, f14, f13       f14=xxxxxxxx f14:40cacbd7 f13:3f11507f
22182146ns          417342 1c00a9a0 0045a68b p.lw             x13, 4(x11!)        x13=3cf19c45 x11=100017d0 x11:100017cc  PA:100017cc
22182186ns          417344 1c00a9a4 00d77753 fadd.s           f14, f14, f13       f14=xxxxxxxx f14:40dcf5e7 f13:3cf19c45
22182206ns          417345 1c00a9a0 0045a68b p.lw             x13, 4(x11!)        x13=3f445f3c x11=100017d4 x11:100017d0  PA:100017d0
22182246ns          417347 1c00a9a4 00d77753 fadd.s           f14, f14, f13       f14=xxxxxxxx f14:40dde783 f13:3f445f3c
22182266ns          417348 1c00a9a0 0045a68b p.lw             x13, 4(x11!)        x13=3f0afaf2 x11=100017d8 x11:100017d4  PA:100017d4
22182307ns          417350 1c00a9a4 00d77753 fadd.s           f14, f14, f13       f14=xxxxxxxx f14:40f6736a f13:3f0afaf2
22182327ns          417351 1c00a9a0 0045a68b p.lw             x13, 4(x11!)        x13=3f3c93d6 x11=100017dc x11:100017d8  PA:100017d8
22182367ns          417353 1c00a9a4 00d77753 fadd.s           f14, f14, f13       f14=xxxxxxxx f14:4103e964 f13:3f3c93d6
22182387ns          417354 1c00a9a0 0045a68b p.lw             x13, 4(x11!)        x13=3e1467c7 x11=100017e0 x11:100017dc  PA:100017dc
22182427ns          417356 1c00a9a4 00d77753 fadd.s           f14, f14, f13       f14=xxxxxxxx f14:410fb2a1 f13:3e1467c7
22182447ns          417357 1c00a9a0 0045a68b p.lw             x13, 4(x11!)        x13=3e9d91c0 x11=100017e4 x11:100017e0  PA:100017e0
22182487ns          417359 1c00a9a4 00d77753 fadd.s           f14, f14, f13       f14=xxxxxxxx f14:41120440 f13:3e9d91c0
22182507ns          417360 1c00a9a0 0045a68b p.lw             x13, 4(x11!)        x13=3e5dd448 x11=100017e8 x11:100017e4  PA:100017e4
22182547ns          417362 1c00a9a4 00d77753 fadd.s           f14, f14, f13       f14=xxxxxxxx f14:4116f0ce f13:3e5dd448
22182567ns          417363 1c00a9a8 00600793 addi             x15, x0, 6          x15=00000006
22182587ns          417364 1c00a9aa 02f40433 mul              x8, x8, x15          x8=0000000c  x8:00000002 x15:00000006
22182989ns          417384 1c00a9ae 00241793 slli             x15, x8, 0x2        x15=00000030  x8:0000000c
22183029ns          417386 1c00a9b2 20f4f783 lw               x15, x15(x9)        x15=411ab82a x15:00000030  x9:1c010000  PA:1c010030
22183490ns          417409 1c00a9b6 a0f507d3 fle.s            x15, f10, f15       x15=00000001 f10:411ab7c6 f15:411ab82a
22183510ns          417410 1c00a9ba 08078163 beq              x15, x0, 130        x15:00000001
22183530ns          417411 1c00a9bc 00140793 addi             x15, x8, 1          x15=0000000d  x8:0000000c
22183551ns          417412 1c00a9c0 00279793 slli             x15, x15, 0x2       x15=00000034 x15:0000000d
22183591ns          417414 1c00a9c2 20f4f783 lw               x15, x15(x9)        x15=411ab760 x15:00000034  x9:1c010000  PA:1c010034
22184032ns          417436 1c00a9c6 a0a78553 fle.s            x10, f15, f10       x10=00000001 f15:411ab760 f10:411ab7c6
22184052ns          417437 1c00a9ca 06050963 beq              x10, x0, 114        x10:00000001
22184072ns          417438 1c00a9cc 00240793 addi             x15, x8, 2          x15=0000000e  x8:0000000c
22184112ns          417440 1c00a9d0 00279793 slli             x15, x15, 0x2       x15=00000038 x15:0000000e
22184153ns          417442 1c00a9d2 20f4f783 lw               x15, x15(x9)        x15=4284c0ae x15:00000038  x9:1c010000  PA:1c010038
22184574ns          417463 1c00a9d6 a0f307d3 fle.s            x15, f6, f15        x15=00000001  f6:4284c058 f15:4284c0ae
22184594ns          417464 1c00a9da 06078163 beq              x15, x0, 98         x15:00000001
22184614ns          417465 1c00a9dc 00340793 addi             x15, x8, 3          x15=0000000f  x8:0000000c
22184634ns          417466 1c00a9e0 00279793 slli             x15, x15, 0x2       x15=0000003c x15:0000000f
22184674ns          417468 1c00a9e2 20f4f783 lw               x15, x15(x9)        x15=4284c000 x15:0000003c  x9:1c010000  PA:1c01003c
22185116ns          417490 1c00a9e6 a0678353 fle.s            x6, f15, f6          x6=00000001 f15:4284c000  f6:4284c058
22185136ns          417491 1c00a9ea 04030963 beq              x6, x0, 82           x6:00000001
22185176ns          417493 1c00a9ee 00440793 addi             x15, x8, 4          x15=00000010  x8:0000000c
22185196ns          417494 1c00a9f2 00279793 slli             x15, x15, 0x2       x15=00000040 x15:00000010
22185216ns          417495 1c00a9f4 20f4f783 lw               x15, x15(x9)        x15=411a6884 x15:00000040  x9:1c010000  PA:1c010040
22185657ns          417517 1c00a9f8 a0f707d3 fle.s            x15, f14, f15       x15=00000001 f14:411a681f f15:411a6884
22185677ns          417518 1c00a9fc 04078063 beq              x15, x0, 64         x15:00000001
22185698ns          417519 1c00a9fe 00540413 addi             x8, x8, 5            x8=00000011  x8:0000000c
22185718ns          417520 1c00aa00 00241413 slli             x8, x8, 0x2          x8=00000044  x8:00000011
22185758ns          417522 1c00aa02 2084f403 lw               x8, x8(x9)           x8=411a67ba  x8:00000044  x9:1c010000  PA:1c010044
22186179ns          417543 1c00aa06 f14025f3 csrrs            x11, x0, 0xf14      x11=00000002
22186199ns          417544 1c00aa0a a0e40753 fle.s            x14, f8, f14        x14=00000001  f8:411a67ba f14:411a681f
22186279ns          417548 1c00aa0e f455b5b3 p.bclr           x11, x11, 26, 5     x11=00000002 x11:00000002
22186300ns          417549 1c00aa12 02070963 beq              x14, x0, 50         x14:00000001
22186320ns          417550 1c00aa14 1c000537 lui              x10, 0x1c000000     x10=1c000000
22186340ns          417551 1c00aa18 0a850513 addi             x10, x10, 168       x10=1c0000a8 x10:1c000000
22186360ns          417552 1c00aa1c 5cc000ef jal              x1, 1484             x1=1c00aa1e
22186881ns          417578 1c00afe8 fc010113 addi             x2, x2, -64          x2=10001668  x2:100016a8
22186922ns          417580 1c00afea 02410313 addi             x6, x2, 36           x6=1000168c  x2:10001668
22186942ns          417581 1c00afee 02c12423 sw               x12, 40(x2)         x12:10001720  x2:10001668  PA:10001690
22186982ns          417583 1c00aff0 00a00633 add              x12, x0, x10        x12=1c0000a8 x10:1c0000a8
22187022ns          417585 1c00aff2 1c00b537 lui              x10, 0x1c00b000     x10=1c00b000
22187042ns          417586 1c00aff6 02b12223 sw               x11, 36(x2)         x11:00000002  x2:10001668  PA:1000168c
22187062ns          417587 1c00aff8 02d12623 sw               x13, 44(x2)         x13:3e5dd448  x2:10001668  PA:10001694
22187082ns          417588 1c00affa 00200593 addi             x11, x0, 2          x11=00000002
22187102ns          417589 1c00affc 006006b3 add              x13, x0, x6         x13=1000168c  x6:1000168c
22187122ns          417590 1c00affe fa450513 addi             x10, x10, -92       x10=1c00afa4 x10:1c00b000
22187142ns          417591 1c00b002 00112e23 sw               x1, 28(x2)           x1:1c00aa1e  x2:10001668  PA:10001684
22187162ns          417592 1c00b004 02e12823 sw               x14, 48(x2)         x14:00000001  x2:10001668  PA:10001698
22187182ns          417593 1c00b006 02f12a23 sw               x15, 52(x2)         x15:00000001  x2:10001668  PA:1000169c
22187202ns          417594 1c00b008 03012c23 sw               x16, 56(x2)         x16:00000000  x2:10001668  PA:100016a0
22187223ns          417595 1c00b00a 03112e23 sw               x17, 60(x2)         x17:00000000  x2:10001668  PA:100016a4
22187243ns          417596 1c00b00c 00612623 sw               x6, 12(x2)           x6:1000168c  x2:10001668  PA:10001674
22187263ns          417597 1c00b00e fbfff0ef jal              x1, -66              x1=1c00b010
22187363ns          417602 1c00afcc 04a0006f jal              x0, 74             
22187403ns          417604 1c00b016 ed010113 addi             x2, x2, -304         x2=10001538  x2:10001668
22187423ns          417605 1c00b018 12812423 sw               x8, 296(x2)          x8:411a67ba  x2:10001538  PA:10001660
22187443ns          417606 1c00b01c 00000413 addi             x8, x0, 0            x8=00000000
22187503ns          417609 1c00b01e 11612823 sw               x22, 272(x2)        x22:xxxxxxxx  x2:10001538  PA:10001648
22187544ns          417611 1c00b022 11712623 sw               x23, 268(x2)        x23:xxxxxxxx  x2:10001538  PA:10001644
22187564ns          417612 1c00b026 11812423 sw               x24, 264(x2)        x24:xxxxxxxx  x2:10001538  PA:10001640
22187584ns          417613 1c00b02a 11912223 sw               x25, 260(x2)        x25:xxxxxxxx  x2:10001538  PA:1000163c
22187644ns          417616 1c00b02e 11a12023 sw               x26, 256(x2)        x26:xxxxxxxx  x2:10001538  PA:10001638
22187664ns          417617 1c00b032 0fb12e23 sw               x27, 252(x2)        x27:xxxxxxxx  x2:10001538  PA:10001634
22187684ns          417618 1c00b034 12112623 sw               x1, 300(x2)          x1:1c00b010  x2:10001538  PA:10001664
22187704ns          417619 1c00b038 00800db3 add              x27, x0, x8         x27=00000000  x8:00000000
22187724ns          417620 1c00b03a 12912223 sw               x9, 292(x2)          x9:1c010000  x2:10001538  PA:1000165c
22187784ns          417623 1c00b03e 13212023 sw               x18, 288(x2)        x18:10001720  x2:10001538  PA:10001658
22187824ns          417625 1c00b042 11312e23 sw               x19, 284(x2)        x19:xxxxxxxx  x2:10001538  PA:10001654
22187845ns          417626 1c00b046 11412c23 sw               x20, 280(x2)        x20:xxxxxxxx  x2:10001538  PA:10001650
22187865ns          417627 1c00b04a 11512a23 sw               x21, 276(x2)        x21:xxxxxxxx  x2:10001538  PA:1000164c
22187885ns          417628 1c00b04e 00a00b33 add              x22, x0, x10        x22=1c00afa4 x10:1c00afa4
22187925ns          417630 1c00b050 00b00d33 add              x26, x0, x11        x26=00000002 x11:00000002
22187945ns          417631 1c00b052 00d00c33 add              x24, x0, x13        x24=1000168c x13:1000168c
22187965ns          417632 1c00b054 1c000bb7 lui              x23, 0x1c000000     x23=1c000000
22187985ns          417633 1c00b058 02410c93 addi             x25, x2, 36         x25=1000155c  x2:10001538
22188005ns          417634 1c00b05c 00c00433 add              x8, x0, x12          x8=1c0000a8 x12:1c0000a8
22188065ns          417637 1c00b05e 00044503 lbu              x10, 0(x8)          x10=0000006b  x8:1c0000a8  PA:1c0000a8
22188467ns          417657 1c00b062 00140413 addi             x8, x8, 1            x8=1c0000a9  x8:1c0000a8
22188487ns          417658 1c00b064 00050e63 beq              x10, x0, 28         x10:0000006b
22188507ns          417659 1c00b066 02500793 addi             x15, x0, 37         x15=00000025
22188527ns          417660 1c00b06a 04f50863 beq              x10, x15, 80        x10:0000006b x15:00000025
22188547ns          417661 1c00b06e 01a005b3 add              x11, x0, x26        x11=00000002 x26:00000002
22188567ns          417662 1c00b070 000b00e7 jalr             x1, x22, 0           x1=1c00b072 x22:1c00afa4
22188647ns          417666 1c00afa4 000026b7 lui              x13, 0x2000         x13=00002000
22188687ns          417668 1c00afa6 f14027f3 csrrs            x15, x0, 0xf14      x15=00000002
22188707ns          417669 1c00afaa f8068693 addi             x13, x13, -128      x13=00001f80 x13:00002000
22188768ns          417672 1c00afae 00379713 slli             x14, x15, 0x3       x14=00000010 x15:00000002
22188788ns          417673 1c00afb2 00279793 slli             x15, x15, 0x2       x15=00000008 x15:00000002
22188808ns          417674 1c00afb4 00d7f7b3 and              x15, x15, x13       x15=00000000 x15:00000008 x13:00001f80
22188828ns          417675 1c00afb6 ee873733 p.bclr           x14, x14, 23, 8     x14=00000010 x14:00000010
22188848ns          417676 1c00afba 1a10f6b7 lui              x13, 0x1a10f000     x13=1a10f000
22188908ns          417679 1c00afbe 0ff57513 andi             x10, x10, 255       x10=0000006b x10:0000006b
22188928ns          417680 1c00afc2 00d70733 add              x14, x14, x13       x14=1a10f010 x14:00000010 x13:1a10f000
22188948ns          417681 1c00afc4 00a7e723 p.sw             x10, x0(x15)        x10:0000006b x15:00000000  PA:1a10f010
22189329ns          417700 1c00afc8 00000513 addi             x10, x0, 0          x10=00000000
22189349ns          417701 1c00afca 00008067 jalr             x0, x1, 0            x1:1c00b072
22189410ns          417704 1c00b072 31f52563 p.beqimm         x10, 778            x10:00000000
22189430ns          417705 1c00b076 001d8d93 addi             x27, x27, 1         x27=00000001 x27:00000000
22189450ns          417706 1c00b078 00044503 lbu              x10, 0(x8)          x10=00000065  x8:1c0000a9  PA:1c0000a9
22189771ns          417722 1c00b07c 00140413 addi             x8, x8, 1            x8=1c0000aa  x8:1c0000a9
22189791ns          417723 1c00b07e fe0514e3 bne              x10, x0, -24        x10:00000065
22189871ns          417727 1c00b066 02500793 addi             x15, x0, 37         x15=00000025
22189891ns          417728 1c00b06a 04f50863 beq              x10, x15, 80        x10:00000065 x15:00000025
22189911ns          417729 1c00b06e 01a005b3 add              x11, x0, x26        x11=00000002 x26:00000002
22189931ns          417730 1c00b070 000b00e7 jalr             x1, x22, 0           x1=1c00b072 x22:1c00afa4
22189971ns          417732 1c00afa4 000026b7 lui              x13, 0x2000         x13=00002000
22189992ns          417733 1c00afa6 f14027f3 csrrs            x15, x0, 0xf14      x15=00000002
22190012ns          417734 1c00afaa f8068693 addi             x13, x13, -128      x13=00001f80 x13:00002000
22190032ns          417735 1c00afae 00379713 slli             x14, x15, 0x3       x14=00000010 x15:00000002
22190052ns          417736 1c00afb2 00279793 slli             x15, x15, 0x2       x15=00000008 x15:00000002
22190072ns          417737 1c00afb4 00d7f7b3 and              x15, x15, x13       x15=00000000 x15:00000008 x13:00001f80
22190092ns          417738 1c00afb6 ee873733 p.bclr           x14, x14, 23, 8     x14=00000010 x14:00000010
22190112ns          417739 1c00afba 1a10f6b7 lui              x13, 0x1a10f000     x13=1a10f000
22190132ns          417740 1c00afbe 0ff57513 andi             x10, x10, 255       x10=00000065 x10:00000065
22190152ns          417741 1c00afc2 00d70733 add              x14, x14, x13       x14=1a10f010 x14:00000010 x13:1a10f000
22190172ns          417742 1c00afc4 00a7e723 p.sw             x10, x0(x15)        x10:00000065 x15:00000000  PA:1a10f010
22190493ns          417758 1c00afc8 00000513 addi             x10, x0, 0          x10=00000000
22190513ns          417759 1c00afca 00008067 jalr             x0, x1, 0            x1:1c00b072
22190573ns          417762 1c00b072 31f52563 p.beqimm         x10, 778            x10:00000000
22190594ns          417763 1c00b076 001d8d93 addi             x27, x27, 1         x27=00000002 x27:00000001
22190614ns          417764 1c00b078 00044503 lbu              x10, 0(x8)          x10=00000072  x8:1c0000aa  PA:1c0000aa
22190915ns          417779 1c00b07c 00140413 addi             x8, x8, 1            x8=1c0000ab  x8:1c0000aa
22190935ns          417780 1c00b07e fe0514e3 bne              x10, x0, -24        x10:00000072
22191015ns          417784 1c00b066 02500793 addi             x15, x0, 37         x15=00000025
22191035ns          417785 1c00b06a 04f50863 beq              x10, x15, 80        x10:00000072 x15:00000025
22191055ns          417786 1c00b06e 01a005b3 add              x11, x0, x26        x11=00000002 x26:00000002
22191075ns          417787 1c00b070 000b00e7 jalr             x1, x22, 0           x1=1c00b072 x22:1c00afa4
22191115ns          417789 1c00afa4 000026b7 lui              x13, 0x2000         x13=00002000
22191135ns          417790 1c00afa6 f14027f3 csrrs            x15, x0, 0xf14      x15=00000002
22191155ns          417791 1c00afaa f8068693 addi             x13, x13, -128      x13=00001f80 x13:00002000
22191175ns          417792 1c00afae 00379713 slli             x14, x15, 0x3       x14=00000010 x15:00000002
22191195ns          417793 1c00afb2 00279793 slli             x15, x15, 0x2       x15=00000008 x15:00000002
22191216ns          417794 1c00afb4 00d7f7b3 and              x15, x15, x13       x15=00000000 x15:00000008 x13:00001f80
22191236ns          417795 1c00afb6 ee873733 p.bclr           x14, x14, 23, 8     x14=00000010 x14:00000010
22191256ns          417796 1c00afba 1a10f6b7 lui              x13, 0x1a10f000     x13=1a10f000
22191276ns          417797 1c00afbe 0ff57513 andi             x10, x10, 255       x10=00000072 x10:00000072
22191296ns          417798 1c00afc2 00d70733 add              x14, x14, x13       x14=1a10f010 x14:00000010 x13:1a10f000
22191316ns          417799 1c00afc4 00a7e723 p.sw             x10, x0(x15)        x10:00000072 x15:00000000  PA:1a10f010
22191637ns          417815 1c00afc8 00000513 addi             x10, x0, 0          x10=00000000
22191657ns          417816 1c00afca 00008067 jalr             x0, x1, 0            x1:1c00b072
22191717ns          417819 1c00b072 31f52563 p.beqimm         x10, 778            x10:00000000
22191737ns          417820 1c00b076 001d8d93 addi             x27, x27, 1         x27=00000003 x27:00000002
22191757ns          417821 1c00b078 00044503 lbu              x10, 0(x8)          x10=0000006e  x8:1c0000ab  PA:1c0000ab
22192058ns          417836 1c00b07c 00140413 addi             x8, x8, 1            x8=1c0000ac  x8:1c0000ab
22192078ns          417837 1c00b07e fe0514e3 bne              x10, x0, -24        x10:0000006e
22192159ns          417841 1c00b066 02500793 addi             x15, x0, 37         x15=00000025
22192179ns          417842 1c00b06a 04f50863 beq              x10, x15, 80        x10:0000006e x15:00000025
22192199ns          417843 1c00b06e 01a005b3 add              x11, x0, x26        x11=00000002 x26:00000002
22192219ns          417844 1c00b070 000b00e7 jalr             x1, x22, 0           x1=1c00b072 x22:1c00afa4
22192259ns          417846 1c00afa4 000026b7 lui              x13, 0x2000         x13=00002000
22192279ns          417847 1c00afa6 f14027f3 csrrs            x15, x0, 0xf14      x15=00000002
22192299ns          417848 1c00afaa f8068693 addi             x13, x13, -128      x13=00001f80 x13:00002000
22192319ns          417849 1c00afae 00379713 slli             x14, x15, 0x3       x14=00000010 x15:00000002
22192339ns          417850 1c00afb2 00279793 slli             x15, x15, 0x2       x15=00000008 x15:00000002
22192359ns          417851 1c00afb4 00d7f7b3 and              x15, x15, x13       x15=00000000 x15:00000008 x13:00001f80
22192379ns          417852 1c00afb6 ee873733 p.bclr           x14, x14, 23, 8     x14=00000010 x14:00000010
22192399ns          417853 1c00afba 1a10f6b7 lui              x13, 0x1a10f000     x13=1a10f000
22192419ns          417854 1c00afbe 0ff57513 andi             x10, x10, 255       x10=0000006e x10:0000006e
22192440ns          417855 1c00afc2 00d70733 add              x14, x14, x13       x14=1a10f010 x14:00000010 x13:1a10f000
22192460ns          417856 1c00afc4 00a7e723 p.sw             x10, x0(x15)        x10:0000006e x15:00000000  PA:1a10f010
22192781ns          417872 1c00afc8 00000513 addi             x10, x0, 0          x10=00000000
22192801ns          417873 1c00afca 00008067 jalr             x0, x1, 0            x1:1c00b072
22192861ns          417876 1c00b072 31f52563 p.beqimm         x10, 778            x10:00000000
22192881ns          417877 1c00b076 001d8d93 addi             x27, x27, 1         x27=00000004 x27:00000003
22192901ns          417878 1c00b078 00044503 lbu              x10, 0(x8)          x10=00000065  x8:1c0000ac  PA:1c0000ac
22193202ns          417893 1c00b07c 00140413 addi             x8, x8, 1            x8=1c0000ad  x8:1c0000ac
22193222ns          417894 1c00b07e fe0514e3 bne              x10, x0, -24        x10:00000065
22193302ns          417898 1c00b066 02500793 addi             x15, x0, 37         x15=00000025
22193322ns          417899 1c00b06a 04f50863 beq              x10, x15, 80        x10:00000065 x15:00000025
22193342ns          417900 1c00b06e 01a005b3 add              x11, x0, x26        x11=00000002 x26:00000002
22193363ns          417901 1c00b070 000b00e7 jalr             x1, x22, 0           x1=1c00b072 x22:1c00afa4
22193403ns          417903 1c00afa4 000026b7 lui              x13, 0x2000         x13=00002000
22193423ns          417904 1c00afa6 f14027f3 csrrs            x15, x0, 0xf14      x15=00000002
22193443ns          417905 1c00afaa f8068693 addi             x13, x13, -128      x13=00001f80 x13:00002000
22193463ns          417906 1c00afae 00379713 slli             x14, x15, 0x3       x14=00000010 x15:00000002
22193483ns          417907 1c00afb2 00279793 slli             x15, x15, 0x2       x15=00000008 x15:00000002
22193503ns          417908 1c00afb4 00d7f7b3 and              x15, x15, x13       x15=00000000 x15:00000008 x13:00001f80
22193523ns          417909 1c00afb6 ee873733 p.bclr           x14, x14, 23, 8     x14=00000010 x14:00000010
22193543ns          417910 1c00afba 1a10f6b7 lui              x13, 0x1a10f000     x13=1a10f000
22193563ns          417911 1c00afbe 0ff57513 andi             x10, x10, 255       x10=00000065 x10:00000065
22193583ns          417912 1c00afc2 00d70733 add              x14, x14, x13       x14=1a10f010 x14:00000010 x13:1a10f000
22193603ns          417913 1c00afc4 00a7e723 p.sw             x10, x0(x15)        x10:00000065 x15:00000000  PA:1a10f010
22193944ns          417930 1c00afc8 00000513 addi             x10, x0, 0          x10=00000000
22193964ns          417931 1c00afca 00008067 jalr             x0, x1, 0            x1:1c00b072
22194025ns          417934 1c00b072 31f52563 p.beqimm         x10, 778            x10:00000000
22194045ns          417935 1c00b076 001d8d93 addi             x27, x27, 1         x27=00000005 x27:00000004
22194065ns          417936 1c00b078 00044503 lbu              x10, 0(x8)          x10=0000006c  x8:1c0000ad  PA:1c0000ad
22194366ns          417951 1c00b07c 00140413 addi             x8, x8, 1            x8=1c0000ae  x8:1c0000ad
22194386ns          417952 1c00b07e fe0514e3 bne              x10, x0, -24        x10:0000006c
22194466ns          417956 1c00b066 02500793 addi             x15, x0, 37         x15=00000025
22194486ns          417957 1c00b06a 04f50863 beq              x10, x15, 80        x10:0000006c x15:00000025
22194506ns          417958 1c00b06e 01a005b3 add              x11, x0, x26        x11=00000002 x26:00000002
22194526ns          417959 1c00b070 000b00e7 jalr             x1, x22, 0           x1=1c00b072 x22:1c00afa4
22194566ns          417961 1c00afa4 000026b7 lui              x13, 0x2000         x13=00002000
22194587ns          417962 1c00afa6 f14027f3 csrrs            x15, x0, 0xf14      x15=00000002
22194607ns          417963 1c00afaa f8068693 addi             x13, x13, -128      x13=00001f80 x13:00002000
22194627ns          417964 1c00afae 00379713 slli             x14, x15, 0x3       x14=00000010 x15:00000002
22194647ns          417965 1c00afb2 00279793 slli             x15, x15, 0x2       x15=00000008 x15:00000002
22194667ns          417966 1c00afb4 00d7f7b3 and              x15, x15, x13       x15=00000000 x15:00000008 x13:00001f80
22194687ns          417967 1c00afb6 ee873733 p.bclr           x14, x14, 23, 8     x14=00000010 x14:00000010
22194707ns          417968 1c00afba 1a10f6b7 lui              x13, 0x1a10f000     x13=1a10f000
22194727ns          417969 1c00afbe 0ff57513 andi             x10, x10, 255       x10=0000006c x10:0000006c
22194747ns          417970 1c00afc2 00d70733 add              x14, x14, x13       x14=1a10f010 x14:00000010 x13:1a10f000
22194767ns          417971 1c00afc4 00a7e723 p.sw             x10, x0(x15)        x10:0000006c x15:00000000  PA:1a10f010
22195108ns          417988 1c00afc8 00000513 addi             x10, x0, 0          x10=00000000
22195128ns          417989 1c00afca 00008067 jalr             x0, x1, 0            x1:1c00b072
22195188ns          417992 1c00b072 31f52563 p.beqimm         x10, 778            x10:00000000
22195209ns          417993 1c00b076 001d8d93 addi             x27, x27, 1         x27=00000006 x27:00000005
22195229ns          417994 1c00b078 00044503 lbu              x10, 0(x8)          x10=00000020  x8:1c0000ae  PA:1c0000ae
22195530ns          418009 1c00b07c 00140413 addi             x8, x8, 1            x8=1c0000af  x8:1c0000ae
22195550ns          418010 1c00b07e fe0514e3 bne              x10, x0, -24        x10:00000020
22195630ns          418014 1c00b066 02500793 addi             x15, x0, 37         x15=00000025
22195650ns          418015 1c00b06a 04f50863 beq              x10, x15, 80        x10:00000020 x15:00000025
22195670ns          418016 1c00b06e 01a005b3 add              x11, x0, x26        x11=00000002 x26:00000002
22195690ns          418017 1c00b070 000b00e7 jalr             x1, x22, 0           x1=1c00b072 x22:1c00afa4
22195730ns          418019 1c00afa4 000026b7 lui              x13, 0x2000         x13=00002000
22195750ns          418020 1c00afa6 f14027f3 csrrs            x15, x0, 0xf14      x15=00000002
22195770ns          418021 1c00afaa f8068693 addi             x13, x13, -128      x13=00001f80 x13:00002000
22195790ns          418022 1c00afae 00379713 slli             x14, x15, 0x3       x14=00000010 x15:00000002
22195810ns          418023 1c00afb2 00279793 slli             x15, x15, 0x2       x15=00000008 x15:00000002
22195831ns          418024 1c00afb4 00d7f7b3 and              x15, x15, x13       x15=00000000 x15:00000008 x13:00001f80
22195851ns          418025 1c00afb6 ee873733 p.bclr           x14, x14, 23, 8     x14=00000010 x14:00000010
22195871ns          418026 1c00afba 1a10f6b7 lui              x13, 0x1a10f000     x13=1a10f000
22195891ns          418027 1c00afbe 0ff57513 andi             x10, x10, 255       x10=00000020 x10:00000020
22195911ns          418028 1c00afc2 00d70733 add              x14, x14, x13       x14=1a10f010 x14:00000010 x13:1a10f000
22195931ns          418029 1c00afc4 00a7e723 p.sw             x10, x0(x15)        x10:00000020 x15:00000000  PA:1a10f010
22196272ns          418046 1c00afc8 00000513 addi             x10, x0, 0          x10=00000000
22196292ns          418047 1c00afca 00008067 jalr             x0, x1, 0            x1:1c00b072
22196352ns          418050 1c00b072 31f52563 p.beqimm         x10, 778            x10:00000000
22196372ns          418051 1c00b076 001d8d93 addi             x27, x27, 1         x27=00000007 x27:00000006
22196392ns          418052 1c00b078 00044503 lbu              x10, 0(x8)          x10=00000070  x8:1c0000af  PA:1c0000af
22196693ns          418067 1c00b07c 00140413 addi             x8, x8, 1            x8=1c0000b0  x8:1c0000af
22196713ns          418068 1c00b07e fe0514e3 bne              x10, x0, -24        x10:00000070
22196794ns          418072 1c00b066 02500793 addi             x15, x0, 37         x15=00000025
22196814ns          418073 1c00b06a 04f50863 beq              x10, x15, 80        x10:00000070 x15:00000025
22196834ns          418074 1c00b06e 01a005b3 add              x11, x0, x26        x11=00000002 x26:00000002
22196854ns          418075 1c00b070 000b00e7 jalr             x1, x22, 0           x1=1c00b072 x22:1c00afa4
22196894ns          418077 1c00afa4 000026b7 lui              x13, 0x2000         x13=00002000
22196914ns          418078 1c00afa6 f14027f3 csrrs            x15, x0, 0xf14      x15=00000002
22196934ns          418079 1c00afaa f8068693 addi             x13, x13, -128      x13=00001f80 x13:00002000
22196954ns          418080 1c00afae 00379713 slli             x14, x15, 0x3       x14=00000010 x15:00000002
22196974ns          418081 1c00afb2 00279793 slli             x15, x15, 0x2       x15=00000008 x15:00000002
22196994ns          418082 1c00afb4 00d7f7b3 and              x15, x15, x13       x15=00000000 x15:00000008 x13:00001f80
22197014ns          418083 1c00afb6 ee873733 p.bclr           x14, x14, 23, 8     x14=00000010 x14:00000010
22197034ns          418084 1c00afba 1a10f6b7 lui              x13, 0x1a10f000     x13=1a10f000
22197055ns          418085 1c00afbe 0ff57513 andi             x10, x10, 255       x10=00000070 x10:00000070
22197075ns          418086 1c00afc2 00d70733 add              x14, x14, x13       x14=1a10f010 x14:00000010 x13:1a10f000
22197095ns          418087 1c00afc4 00a7e723 p.sw             x10, x0(x15)        x10:00000070 x15:00000000  PA:1a10f010
22197416ns          418103 1c00afc8 00000513 addi             x10, x0, 0          x10=00000000
22197436ns          418104 1c00afca 00008067 jalr             x0, x1, 0            x1:1c00b072
22197496ns          418107 1c00b072 31f52563 p.beqimm         x10, 778            x10:00000000
22197516ns          418108 1c00b076 001d8d93 addi             x27, x27, 1         x27=00000008 x27:00000007
22197536ns          418109 1c00b078 00044503 lbu              x10, 0(x8)          x10=00000061  x8:1c0000b0  PA:1c0000b0
22197837ns          418124 1c00b07c 00140413 addi             x8, x8, 1            x8=1c0000b1  x8:1c0000b0
22197857ns          418125 1c00b07e fe0514e3 bne              x10, x0, -24        x10:00000061
22197937ns          418129 1c00b066 02500793 addi             x15, x0, 37         x15=00000025
22197957ns          418130 1c00b06a 04f50863 beq              x10, x15, 80        x10:00000061 x15:00000025
22197978ns          418131 1c00b06e 01a005b3 add              x11, x0, x26        x11=00000002 x26:00000002
22197998ns          418132 1c00b070 000b00e7 jalr             x1, x22, 0           x1=1c00b072 x22:1c00afa4
22198038ns          418134 1c00afa4 000026b7 lui              x13, 0x2000         x13=00002000
22198058ns          418135 1c00afa6 f14027f3 csrrs            x15, x0, 0xf14      x15=00000002
22198078ns          418136 1c00afaa f8068693 addi             x13, x13, -128      x13=00001f80 x13:00002000
22198098ns          418137 1c00afae 00379713 slli             x14, x15, 0x3       x14=00000010 x15:00000002
22198118ns          418138 1c00afb2 00279793 slli             x15, x15, 0x2       x15=00000008 x15:00000002
22198138ns          418139 1c00afb4 00d7f7b3 and              x15, x15, x13       x15=00000000 x15:00000008 x13:00001f80
22198158ns          418140 1c00afb6 ee873733 p.bclr           x14, x14, 23, 8     x14=00000010 x14:00000010
22198178ns          418141 1c00afba 1a10f6b7 lui              x13, 0x1a10f000     x13=1a10f000
22198198ns          418142 1c00afbe 0ff57513 andi             x10, x10, 255       x10=00000061 x10:00000061
22198218ns          418143 1c00afc2 00d70733 add              x14, x14, x13       x14=1a10f010 x14:00000010 x13:1a10f000
22198238ns          418144 1c00afc4 00a7e723 p.sw             x10, x0(x15)        x10:00000061 x15:00000000  PA:1a10f010
22198559ns          418160 1c00afc8 00000513 addi             x10, x0, 0          x10=00000000
22198580ns          418161 1c00afca 00008067 jalr             x0, x1, 0            x1:1c00b072
22198640ns          418164 1c00b072 31f52563 p.beqimm         x10, 778            x10:00000000
22198660ns          418165 1c00b076 001d8d93 addi             x27, x27, 1         x27=00000009 x27:00000008
22198680ns          418166 1c00b078 00044503 lbu              x10, 0(x8)          x10=00000073  x8:1c0000b1  PA:1c0000b1
22198981ns          418181 1c00b07c 00140413 addi             x8, x8, 1            x8=1c0000b2  x8:1c0000b1
22199001ns          418182 1c00b07e fe0514e3 bne              x10, x0, -24        x10:00000073
22199081ns          418186 1c00b066 02500793 addi             x15, x0, 37         x15=00000025
22199101ns          418187 1c00b06a 04f50863 beq              x10, x15, 80        x10:00000073 x15:00000025
22199121ns          418188 1c00b06e 01a005b3 add              x11, x0, x26        x11=00000002 x26:00000002
22199141ns          418189 1c00b070 000b00e7 jalr             x1, x22, 0           x1=1c00b072 x22:1c00afa4
22199181ns          418191 1c00afa4 000026b7 lui              x13, 0x2000         x13=00002000
22199202ns          418192 1c00afa6 f14027f3 csrrs            x15, x0, 0xf14      x15=00000002
22199222ns          418193 1c00afaa f8068693 addi             x13, x13, -128      x13=00001f80 x13:00002000
22199242ns          418194 1c00afae 00379713 slli             x14, x15, 0x3       x14=00000010 x15:00000002
22199262ns          418195 1c00afb2 00279793 slli             x15, x15, 0x2       x15=00000008 x15:00000002
22199282ns          418196 1c00afb4 00d7f7b3 and              x15, x15, x13       x15=00000000 x15:00000008 x13:00001f80
22199302ns          418197 1c00afb6 ee873733 p.bclr           x14, x14, 23, 8     x14=00000010 x14:00000010
22199322ns          418198 1c00afba 1a10f6b7 lui              x13, 0x1a10f000     x13=1a10f000
22199342ns          418199 1c00afbe 0ff57513 andi             x10, x10, 255       x10=00000073 x10:00000073
22199362ns          418200 1c00afc2 00d70733 add              x14, x14, x13       x14=1a10f010 x14:00000010 x13:1a10f000
22199382ns          418201 1c00afc4 00a7e723 p.sw             x10, x0(x15)        x10:00000073 x15:00000000  PA:1a10f010
22199703ns          418217 1c00afc8 00000513 addi             x10, x0, 0          x10=00000000
22199723ns          418218 1c00afca 00008067 jalr             x0, x1, 0            x1:1c00b072
22199783ns          418221 1c00b072 31f52563 p.beqimm         x10, 778            x10:00000000
22199804ns          418222 1c00b076 001d8d93 addi             x27, x27, 1         x27=0000000a x27:00000009
22199824ns          418223 1c00b078 00044503 lbu              x10, 0(x8)          x10=00000073  x8:1c0000b2  PA:1c0000b2
22200125ns          418238 1c00b07c 00140413 addi             x8, x8, 1            x8=1c0000b3  x8:1c0000b2
22200145ns          418239 1c00b07e fe0514e3 bne              x10, x0, -24        x10:00000073
22200225ns          418243 1c00b066 02500793 addi             x15, x0, 37         x15=00000025
22200245ns          418244 1c00b06a 04f50863 beq              x10, x15, 80        x10:00000073 x15:00000025
22200265ns          418245 1c00b06e 01a005b3 add              x11, x0, x26        x11=00000002 x26:00000002
22200285ns          418246 1c00b070 000b00e7 jalr             x1, x22, 0           x1=1c00b072 x22:1c00afa4
22200325ns          418248 1c00afa4 000026b7 lui              x13, 0x2000         x13=00002000
22200345ns          418249 1c00afa6 f14027f3 csrrs            x15, x0, 0xf14      x15=00000002
22200365ns          418250 1c00afaa f8068693 addi             x13, x13, -128      x13=00001f80 x13:00002000
22200385ns          418251 1c00afae 00379713 slli             x14, x15, 0x3       x14=00000010 x15:00000002
22200405ns          418252 1c00afb2 00279793 slli             x15, x15, 0x2       x15=00000008 x15:00000002
22200426ns          418253 1c00afb4 00d7f7b3 and              x15, x15, x13       x15=00000000 x15:00000008 x13:00001f80
22200446ns          418254 1c00afb6 ee873733 p.bclr           x14, x14, 23, 8     x14=00000010 x14:00000010
22200466ns          418255 1c00afba 1a10f6b7 lui              x13, 0x1a10f000     x13=1a10f000
22200486ns          418256 1c00afbe 0ff57513 andi             x10, x10, 255       x10=00000073 x10:00000073
22200506ns          418257 1c00afc2 00d70733 add              x14, x14, x13       x14=1a10f010 x14:00000010 x13:1a10f000
22200526ns          418258 1c00afc4 00a7e723 p.sw             x10, x0(x15)        x10:00000073 x15:00000000  PA:1a10f010
22200847ns          418274 1c00afc8 00000513 addi             x10, x0, 0          x10=00000000
22200867ns          418275 1c00afca 00008067 jalr             x0, x1, 0            x1:1c00b072
22200927ns          418278 1c00b072 31f52563 p.beqimm         x10, 778            x10:00000000
22200947ns          418279 1c00b076 001d8d93 addi             x27, x27, 1         x27=0000000b x27:0000000a
22200967ns          418280 1c00b078 00044503 lbu              x10, 0(x8)          x10=00000065  x8:1c0000b3  PA:1c0000b3
22201268ns          418295 1c00b07c 00140413 addi             x8, x8, 1            x8=1c0000b4  x8:1c0000b3
22201288ns          418296 1c00b07e fe0514e3 bne              x10, x0, -24        x10:00000065
22201369ns          418300 1c00b066 02500793 addi             x15, x0, 37         x15=00000025
22201389ns          418301 1c00b06a 04f50863 beq              x10, x15, 80        x10:00000065 x15:00000025
22201409ns          418302 1c00b06e 01a005b3 add              x11, x0, x26        x11=00000002 x26:00000002
22201429ns          418303 1c00b070 000b00e7 jalr             x1, x22, 0           x1=1c00b072 x22:1c00afa4
22201469ns          418305 1c00afa4 000026b7 lui              x13, 0x2000         x13=00002000
22201489ns          418306 1c00afa6 f14027f3 csrrs            x15, x0, 0xf14      x15=00000002
22201509ns          418307 1c00afaa f8068693 addi             x13, x13, -128      x13=00001f80 x13:00002000
22201529ns          418308 1c00afae 00379713 slli             x14, x15, 0x3       x14=00000010 x15:00000002
22201549ns          418309 1c00afb2 00279793 slli             x15, x15, 0x2       x15=00000008 x15:00000002
22201569ns          418310 1c00afb4 00d7f7b3 and              x15, x15, x13       x15=00000000 x15:00000008 x13:00001f80
22201589ns          418311 1c00afb6 ee873733 p.bclr           x14, x14, 23, 8     x14=00000010 x14:00000010
22201609ns          418312 1c00afba 1a10f6b7 lui              x13, 0x1a10f000     x13=1a10f000
22201629ns          418313 1c00afbe 0ff57513 andi             x10, x10, 255       x10=00000065 x10:00000065
22201650ns          418314 1c00afc2 00d70733 add              x14, x14, x13       x14=1a10f010 x14:00000010 x13:1a10f000
22201670ns          418315 1c00afc4 00a7e723 p.sw             x10, x0(x15)        x10:00000065 x15:00000000  PA:1a10f010
22201991ns          418331 1c00afc8 00000513 addi             x10, x0, 0          x10=00000000
22202011ns          418332 1c00afca 00008067 jalr             x0, x1, 0            x1:1c00b072
22202071ns          418335 1c00b072 31f52563 p.beqimm         x10, 778            x10:00000000
22202091ns          418336 1c00b076 001d8d93 addi             x27, x27, 1         x27=0000000c x27:0000000b
22202111ns          418337 1c00b078 00044503 lbu              x10, 0(x8)          x10=00000064  x8:1c0000b4  PA:1c0000b4
22202412ns          418352 1c00b07c 00140413 addi             x8, x8, 1            x8=1c0000b5  x8:1c0000b4
22202432ns          418353 1c00b07e fe0514e3 bne              x10, x0, -24        x10:00000064
22202512ns          418357 1c00b066 02500793 addi             x15, x0, 37         x15=00000025
22202532ns          418358 1c00b06a 04f50863 beq              x10, x15, 80        x10:00000064 x15:00000025
22202552ns          418359 1c00b06e 01a005b3 add              x11, x0, x26        x11=00000002 x26:00000002
22202573ns          418360 1c00b070 000b00e7 jalr             x1, x22, 0           x1=1c00b072 x22:1c00afa4
22202613ns          418362 1c00afa4 000026b7 lui              x13, 0x2000         x13=00002000
22202633ns          418363 1c00afa6 f14027f3 csrrs            x15, x0, 0xf14      x15=00000002
22202653ns          418364 1c00afaa f8068693 addi             x13, x13, -128      x13=00001f80 x13:00002000
22202673ns          418365 1c00afae 00379713 slli             x14, x15, 0x3       x14=00000010 x15:00000002
22202693ns          418366 1c00afb2 00279793 slli             x15, x15, 0x2       x15=00000008 x15:00000002
22202713ns          418367 1c00afb4 00d7f7b3 and              x15, x15, x13       x15=00000000 x15:00000008 x13:00001f80
22202733ns          418368 1c00afb6 ee873733 p.bclr           x14, x14, 23, 8     x14=00000010 x14:00000010
22202753ns          418369 1c00afba 1a10f6b7 lui              x13, 0x1a10f000     x13=1a10f000
22202773ns          418370 1c00afbe 0ff57513 andi             x10, x10, 255       x10=00000064 x10:00000064
22202793ns          418371 1c00afc2 00d70733 add              x14, x14, x13       x14=1a10f010 x14:00000010 x13:1a10f000
22202813ns          418372 1c00afc4 00a7e723 p.sw             x10, x0(x15)        x10:00000064 x15:00000000  PA:1a10f010
22203134ns          418388 1c00afc8 00000513 addi             x10, x0, 0          x10=00000000
22203154ns          418389 1c00afca 00008067 jalr             x0, x1, 0            x1:1c00b072
22203215ns          418392 1c00b072 31f52563 p.beqimm         x10, 778            x10:00000000
22203235ns          418393 1c00b076 001d8d93 addi             x27, x27, 1         x27=0000000d x27:0000000c
22203255ns          418394 1c00b078 00044503 lbu              x10, 0(x8)          x10=00000020  x8:1c0000b5  PA:1c0000b5
22203556ns          418409 1c00b07c 00140413 addi             x8, x8, 1            x8=1c0000b6  x8:1c0000b5
22203576ns          418410 1c00b07e fe0514e3 bne              x10, x0, -24        x10:00000020
22203656ns          418414 1c00b066 02500793 addi             x15, x0, 37         x15=00000025
22203676ns          418415 1c00b06a 04f50863 beq              x10, x15, 80        x10:00000020 x15:00000025
22203696ns          418416 1c00b06e 01a005b3 add              x11, x0, x26        x11=00000002 x26:00000002
22203716ns          418417 1c00b070 000b00e7 jalr             x1, x22, 0           x1=1c00b072 x22:1c00afa4
22203756ns          418419 1c00afa4 000026b7 lui              x13, 0x2000         x13=00002000
22203776ns          418420 1c00afa6 f14027f3 csrrs            x15, x0, 0xf14      x15=00000002
22203797ns          418421 1c00afaa f8068693 addi             x13, x13, -128      x13=00001f80 x13:00002000
22203817ns          418422 1c00afae 00379713 slli             x14, x15, 0x3       x14=00000010 x15:00000002
22203837ns          418423 1c00afb2 00279793 slli             x15, x15, 0x2       x15=00000008 x15:00000002
22203857ns          418424 1c00afb4 00d7f7b3 and              x15, x15, x13       x15=00000000 x15:00000008 x13:00001f80
22203877ns          418425 1c00afb6 ee873733 p.bclr           x14, x14, 23, 8     x14=00000010 x14:00000010
22203897ns          418426 1c00afba 1a10f6b7 lui              x13, 0x1a10f000     x13=1a10f000
22203917ns          418427 1c00afbe 0ff57513 andi             x10, x10, 255       x10=00000020 x10:00000020
22203937ns          418428 1c00afc2 00d70733 add              x14, x14, x13       x14=1a10f010 x14:00000010 x13:1a10f000
22203957ns          418429 1c00afc4 00a7e723 p.sw             x10, x0(x15)        x10:00000020 x15:00000000  PA:1a10f010
22204278ns          418445 1c00afc8 00000513 addi             x10, x0, 0          x10=00000000
22204298ns          418446 1c00afca 00008067 jalr             x0, x1, 0            x1:1c00b072
22204358ns          418449 1c00b072 31f52563 p.beqimm         x10, 778            x10:00000000
22204378ns          418450 1c00b076 001d8d93 addi             x27, x27, 1         x27=0000000e x27:0000000d
22204398ns          418451 1c00b078 00044503 lbu              x10, 0(x8)          x10=0000006f  x8:1c0000b6  PA:1c0000b6
22204699ns          418466 1c00b07c 00140413 addi             x8, x8, 1            x8=1c0000b7  x8:1c0000b6
22204720ns          418467 1c00b07e fe0514e3 bne              x10, x0, -24        x10:0000006f
22204800ns          418471 1c00b066 02500793 addi             x15, x0, 37         x15=00000025
22204820ns          418472 1c00b06a 04f50863 beq              x10, x15, 80        x10:0000006f x15:00000025
22204840ns          418473 1c00b06e 01a005b3 add              x11, x0, x26        x11=00000002 x26:00000002
22204860ns          418474 1c00b070 000b00e7 jalr             x1, x22, 0           x1=1c00b072 x22:1c00afa4
22204900ns          418476 1c00afa4 000026b7 lui              x13, 0x2000         x13=00002000
22204920ns          418477 1c00afa6 f14027f3 csrrs            x15, x0, 0xf14      x15=00000002
22204940ns          418478 1c00afaa f8068693 addi             x13, x13, -128      x13=00001f80 x13:00002000
22204960ns          418479 1c00afae 00379713 slli             x14, x15, 0x3       x14=00000010 x15:00000002
22204980ns          418480 1c00afb2 00279793 slli             x15, x15, 0x2       x15=00000008 x15:00000002
22205000ns          418481 1c00afb4 00d7f7b3 and              x15, x15, x13       x15=00000000 x15:00000008 x13:00001f80
22205020ns          418482 1c00afb6 ee873733 p.bclr           x14, x14, 23, 8     x14=00000010 x14:00000010
22205041ns          418483 1c00afba 1a10f6b7 lui              x13, 0x1a10f000     x13=1a10f000
22205061ns          418484 1c00afbe 0ff57513 andi             x10, x10, 255       x10=0000006f x10:0000006f
22205081ns          418485 1c00afc2 00d70733 add              x14, x14, x13       x14=1a10f010 x14:00000010 x13:1a10f000
22205101ns          418486 1c00afc4 00a7e723 p.sw             x10, x0(x15)        x10:0000006f x15:00000000  PA:1a10f010
22205422ns          418502 1c00afc8 00000513 addi             x10, x0, 0          x10=00000000
22205442ns          418503 1c00afca 00008067 jalr             x0, x1, 0            x1:1c00b072
22205502ns          418506 1c00b072 31f52563 p.beqimm         x10, 778            x10:00000000
22205522ns          418507 1c00b076 001d8d93 addi             x27, x27, 1         x27=0000000f x27:0000000e
22205542ns          418508 1c00b078 00044503 lbu              x10, 0(x8)          x10=0000006e  x8:1c0000b7  PA:1c0000b7
22205843ns          418523 1c00b07c 00140413 addi             x8, x8, 1            x8=1c0000b8  x8:1c0000b7
22205863ns          418524 1c00b07e fe0514e3 bne              x10, x0, -24        x10:0000006e
22205944ns          418528 1c00b066 02500793 addi             x15, x0, 37         x15=00000025
22205964ns          418529 1c00b06a 04f50863 beq              x10, x15, 80        x10:0000006e x15:00000025
22205984ns          418530 1c00b06e 01a005b3 add              x11, x0, x26        x11=00000002 x26:00000002
22206004ns          418531 1c00b070 000b00e7 jalr             x1, x22, 0           x1=1c00b072 x22:1c00afa4
22206044ns          418533 1c00afa4 000026b7 lui              x13, 0x2000         x13=00002000
22206064ns          418534 1c00afa6 f14027f3 csrrs            x15, x0, 0xf14      x15=00000002
22206084ns          418535 1c00afaa f8068693 addi             x13, x13, -128      x13=00001f80 x13:00002000
22206104ns          418536 1c00afae 00379713 slli             x14, x15, 0x3       x14=00000010 x15:00000002
22206124ns          418537 1c00afb2 00279793 slli             x15, x15, 0x2       x15=00000008 x15:00000002
22206144ns          418538 1c00afb4 00d7f7b3 and              x15, x15, x13       x15=00000000 x15:00000008 x13:00001f80
22206164ns          418539 1c00afb6 ee873733 p.bclr           x14, x14, 23, 8     x14=00000010 x14:00000010
22206184ns          418540 1c00afba 1a10f6b7 lui              x13, 0x1a10f000     x13=1a10f000
22206204ns          418541 1c00afbe 0ff57513 andi             x10, x10, 255       x10=0000006e x10:0000006e
22206224ns          418542 1c00afc2 00d70733 add              x14, x14, x13       x14=1a10f010 x14:00000010 x13:1a10f000
22206244ns          418543 1c00afc4 00a7e723 p.sw             x10, x0(x15)        x10:0000006e x15:00000000  PA:1a10f010
22206586ns          418560 1c00afc8 00000513 addi             x10, x0, 0          x10=00000000
22206606ns          418561 1c00afca 00008067 jalr             x0, x1, 0            x1:1c00b072
22206666ns          418564 1c00b072 31f52563 p.beqimm         x10, 778            x10:00000000
22206686ns          418565 1c00b076 001d8d93 addi             x27, x27, 1         x27=00000010 x27:0000000f
22206706ns          418566 1c00b078 00044503 lbu              x10, 0(x8)          x10=00000020  x8:1c0000b8  PA:1c0000b8
22207007ns          418581 1c00b07c 00140413 addi             x8, x8, 1            x8=1c0000b9  x8:1c0000b8
22207027ns          418582 1c00b07e fe0514e3 bne              x10, x0, -24        x10:00000020
22207107ns          418586 1c00b066 02500793 addi             x15, x0, 37         x15=00000025
22207127ns          418587 1c00b06a 04f50863 beq              x10, x15, 80        x10:00000020 x15:00000025
22207147ns          418588 1c00b06e 01a005b3 add              x11, x0, x26        x11=00000002 x26:00000002
22207167ns          418589 1c00b070 000b00e7 jalr             x1, x22, 0           x1=1c00b072 x22:1c00afa4
22207208ns          418591 1c00afa4 000026b7 lui              x13, 0x2000         x13=00002000
22207228ns          418592 1c00afa6 f14027f3 csrrs            x15, x0, 0xf14      x15=00000002
22207248ns          418593 1c00afaa f8068693 addi             x13, x13, -128      x13=00001f80 x13:00002000
22207268ns          418594 1c00afae 00379713 slli             x14, x15, 0x3       x14=00000010 x15:00000002
22207288ns          418595 1c00afb2 00279793 slli             x15, x15, 0x2       x15=00000008 x15:00000002
22207308ns          418596 1c00afb4 00d7f7b3 and              x15, x15, x13       x15=00000000 x15:00000008 x13:00001f80
22207328ns          418597 1c00afb6 ee873733 p.bclr           x14, x14, 23, 8     x14=00000010 x14:00000010
22207348ns          418598 1c00afba 1a10f6b7 lui              x13, 0x1a10f000     x13=1a10f000
22207368ns          418599 1c00afbe 0ff57513 andi             x10, x10, 255       x10=00000020 x10:00000020
22207388ns          418600 1c00afc2 00d70733 add              x14, x14, x13       x14=1a10f010 x14:00000010 x13:1a10f000
22207408ns          418601 1c00afc4 00a7e723 p.sw             x10, x0(x15)        x10:00000020 x15:00000000  PA:1a10f010
22207729ns          418617 1c00afc8 00000513 addi             x10, x0, 0          x10=00000000
22207749ns          418618 1c00afca 00008067 jalr             x0, x1, 0            x1:1c00b072
22207810ns          418621 1c00b072 31f52563 p.beqimm         x10, 778            x10:00000000
22207830ns          418622 1c00b076 001d8d93 addi             x27, x27, 1         x27=00000011 x27:00000010
22207850ns          418623 1c00b078 00044503 lbu              x10, 0(x8)          x10=00000063  x8:1c0000b9  PA:1c0000b9
22208151ns          418638 1c00b07c 00140413 addi             x8, x8, 1            x8=1c0000ba  x8:1c0000b9
22208171ns          418639 1c00b07e fe0514e3 bne              x10, x0, -24        x10:00000063
22208251ns          418643 1c00b066 02500793 addi             x15, x0, 37         x15=00000025
22208271ns          418644 1c00b06a 04f50863 beq              x10, x15, 80        x10:00000063 x15:00000025
22208291ns          418645 1c00b06e 01a005b3 add              x11, x0, x26        x11=00000002 x26:00000002
22208311ns          418646 1c00b070 000b00e7 jalr             x1, x22, 0           x1=1c00b072 x22:1c00afa4
22208351ns          418648 1c00afa4 000026b7 lui              x13, 0x2000         x13=00002000
22208371ns          418649 1c00afa6 f14027f3 csrrs            x15, x0, 0xf14      x15=00000002
22208391ns          418650 1c00afaa f8068693 addi             x13, x13, -128      x13=00001f80 x13:00002000
22208412ns          418651 1c00afae 00379713 slli             x14, x15, 0x3       x14=00000010 x15:00000002
22208432ns          418652 1c00afb2 00279793 slli             x15, x15, 0x2       x15=00000008 x15:00000002
22208452ns          418653 1c00afb4 00d7f7b3 and              x15, x15, x13       x15=00000000 x15:00000008 x13:00001f80
22208472ns          418654 1c00afb6 ee873733 p.bclr           x14, x14, 23, 8     x14=00000010 x14:00000010
22208492ns          418655 1c00afba 1a10f6b7 lui              x13, 0x1a10f000     x13=1a10f000
22208512ns          418656 1c00afbe 0ff57513 andi             x10, x10, 255       x10=00000063 x10:00000063
22208532ns          418657 1c00afc2 00d70733 add              x14, x14, x13       x14=1a10f010 x14:00000010 x13:1a10f000
22208552ns          418658 1c00afc4 00a7e723 p.sw             x10, x0(x15)        x10:00000063 x15:00000000  PA:1a10f010
22208893ns          418675 1c00afc8 00000513 addi             x10, x0, 0          x10=00000000
22208913ns          418676 1c00afca 00008067 jalr             x0, x1, 0            x1:1c00b072
22208973ns          418679 1c00b072 31f52563 p.beqimm         x10, 778            x10:00000000
22208993ns          418680 1c00b076 001d8d93 addi             x27, x27, 1         x27=00000012 x27:00000011
22209014ns          418681 1c00b078 00044503 lbu              x10, 0(x8)          x10=0000006f  x8:1c0000ba  PA:1c0000ba
22209314ns          418696 1c00b07c 00140413 addi             x8, x8, 1            x8=1c0000bb  x8:1c0000ba
22209335ns          418697 1c00b07e fe0514e3 bne              x10, x0, -24        x10:0000006f
22209415ns          418701 1c00b066 02500793 addi             x15, x0, 37         x15=00000025
22209435ns          418702 1c00b06a 04f50863 beq              x10, x15, 80        x10:0000006f x15:00000025
22209455ns          418703 1c00b06e 01a005b3 add              x11, x0, x26        x11=00000002 x26:00000002
22209475ns          418704 1c00b070 000b00e7 jalr             x1, x22, 0           x1=1c00b072 x22:1c00afa4
22209515ns          418706 1c00afa4 000026b7 lui              x13, 0x2000         x13=00002000
22209535ns          418707 1c00afa6 f14027f3 csrrs            x15, x0, 0xf14      x15=00000002
22209555ns          418708 1c00afaa f8068693 addi             x13, x13, -128      x13=00001f80 x13:00002000
22209575ns          418709 1c00afae 00379713 slli             x14, x15, 0x3       x14=00000010 x15:00000002
22209595ns          418710 1c00afb2 00279793 slli             x15, x15, 0x2       x15=00000008 x15:00000002
22209615ns          418711 1c00afb4 00d7f7b3 and              x15, x15, x13       x15=00000000 x15:00000008 x13:00001f80
22209636ns          418712 1c00afb6 ee873733 p.bclr           x14, x14, 23, 8     x14=00000010 x14:00000010
22209656ns          418713 1c00afba 1a10f6b7 lui              x13, 0x1a10f000     x13=1a10f000
22209676ns          418714 1c00afbe 0ff57513 andi             x10, x10, 255       x10=0000006f x10:0000006f
22209696ns          418715 1c00afc2 00d70733 add              x14, x14, x13       x14=1a10f010 x14:00000010 x13:1a10f000
22209716ns          418716 1c00afc4 00a7e723 p.sw             x10, x0(x15)        x10:0000006f x15:00000000  PA:1a10f010
22210037ns          418732 1c00afc8 00000513 addi             x10, x0, 0          x10=00000000
22210057ns          418733 1c00afca 00008067 jalr             x0, x1, 0            x1:1c00b072
22210117ns          418736 1c00b072 31f52563 p.beqimm         x10, 778            x10:00000000
22210137ns          418737 1c00b076 001d8d93 addi             x27, x27, 1         x27=00000013 x27:00000012
22210157ns          418738 1c00b078 00044503 lbu              x10, 0(x8)          x10=00000072  x8:1c0000bb  PA:1c0000bb
22210458ns          418753 1c00b07c 00140413 addi             x8, x8, 1            x8=1c0000bc  x8:1c0000bb
22210478ns          418754 1c00b07e fe0514e3 bne              x10, x0, -24        x10:00000072
22210559ns          418758 1c00b066 02500793 addi             x15, x0, 37         x15=00000025
22210579ns          418759 1c00b06a 04f50863 beq              x10, x15, 80        x10:00000072 x15:00000025
22210599ns          418760 1c00b06e 01a005b3 add              x11, x0, x26        x11=00000002 x26:00000002
22210619ns          418761 1c00b070 000b00e7 jalr             x1, x22, 0           x1=1c00b072 x22:1c00afa4
22210659ns          418763 1c00afa4 000026b7 lui              x13, 0x2000         x13=00002000
22210679ns          418764 1c00afa6 f14027f3 csrrs            x15, x0, 0xf14      x15=00000002
22210699ns          418765 1c00afaa f8068693 addi             x13, x13, -128      x13=00001f80 x13:00002000
22210719ns          418766 1c00afae 00379713 slli             x14, x15, 0x3       x14=00000010 x15:00000002
22210739ns          418767 1c00afb2 00279793 slli             x15, x15, 0x2       x15=00000008 x15:00000002
22210759ns          418768 1c00afb4 00d7f7b3 and              x15, x15, x13       x15=00000000 x15:00000008 x13:00001f80
22210779ns          418769 1c00afb6 ee873733 p.bclr           x14, x14, 23, 8     x14=00000010 x14:00000010
22210799ns          418770 1c00afba 1a10f6b7 lui              x13, 0x1a10f000     x13=1a10f000
22210819ns          418771 1c00afbe 0ff57513 andi             x10, x10, 255       x10=00000072 x10:00000072
22210839ns          418772 1c00afc2 00d70733 add              x14, x14, x13       x14=1a10f010 x14:00000010 x13:1a10f000
22210860ns          418773 1c00afc4 00a7e723 p.sw             x10, x0(x15)        x10:00000072 x15:00000000  PA:1a10f010
22211181ns          418789 1c00afc8 00000513 addi             x10, x0, 0          x10=00000000
22211201ns          418790 1c00afca 00008067 jalr             x0, x1, 0            x1:1c00b072
22211261ns          418793 1c00b072 31f52563 p.beqimm         x10, 778            x10:00000000
22211281ns          418794 1c00b076 001d8d93 addi             x27, x27, 1         x27=00000014 x27:00000013
22211301ns          418795 1c00b078 00044503 lbu              x10, 0(x8)          x10=00000065  x8:1c0000bc  PA:1c0000bc
22211602ns          418810 1c00b07c 00140413 addi             x8, x8, 1            x8=1c0000bd  x8:1c0000bc
22211622ns          418811 1c00b07e fe0514e3 bne              x10, x0, -24        x10:00000065
22211702ns          418815 1c00b066 02500793 addi             x15, x0, 37         x15=00000025
22211722ns          418816 1c00b06a 04f50863 beq              x10, x15, 80        x10:00000065 x15:00000025
22211742ns          418817 1c00b06e 01a005b3 add              x11, x0, x26        x11=00000002 x26:00000002
22211762ns          418818 1c00b070 000b00e7 jalr             x1, x22, 0           x1=1c00b072 x22:1c00afa4
22211803ns          418820 1c00afa4 000026b7 lui              x13, 0x2000         x13=00002000
22211823ns          418821 1c00afa6 f14027f3 csrrs            x15, x0, 0xf14      x15=00000002
22211843ns          418822 1c00afaa f8068693 addi             x13, x13, -128      x13=00001f80 x13:00002000
22211863ns          418823 1c00afae 00379713 slli             x14, x15, 0x3       x14=00000010 x15:00000002
22211883ns          418824 1c00afb2 00279793 slli             x15, x15, 0x2       x15=00000008 x15:00000002
22211903ns          418825 1c00afb4 00d7f7b3 and              x15, x15, x13       x15=00000000 x15:00000008 x13:00001f80
22211923ns          418826 1c00afb6 ee873733 p.bclr           x14, x14, 23, 8     x14=00000010 x14:00000010
22211943ns          418827 1c00afba 1a10f6b7 lui              x13, 0x1a10f000     x13=1a10f000
22211963ns          418828 1c00afbe 0ff57513 andi             x10, x10, 255       x10=00000065 x10:00000065
22211983ns          418829 1c00afc2 00d70733 add              x14, x14, x13       x14=1a10f010 x14:00000010 x13:1a10f000
22212003ns          418830 1c00afc4 00a7e723 p.sw             x10, x0(x15)        x10:00000065 x15:00000000  PA:1a10f010
22212324ns          418846 1c00afc8 00000513 addi             x10, x0, 0          x10=00000000
22212344ns          418847 1c00afca 00008067 jalr             x0, x1, 0            x1:1c00b072
22212405ns          418850 1c00b072 31f52563 p.beqimm         x10, 778            x10:00000000
22212425ns          418851 1c00b076 001d8d93 addi             x27, x27, 1         x27=00000015 x27:00000014
22212445ns          418852 1c00b078 00044503 lbu              x10, 0(x8)          x10=00000020  x8:1c0000bd  PA:1c0000bd
22212746ns          418867 1c00b07c 00140413 addi             x8, x8, 1            x8=1c0000be  x8:1c0000bd
22212766ns          418868 1c00b07e fe0514e3 bne              x10, x0, -24        x10:00000020
22212846ns          418872 1c00b066 02500793 addi             x15, x0, 37         x15=00000025
22212866ns          418873 1c00b06a 04f50863 beq              x10, x15, 80        x10:00000020 x15:00000025
22212886ns          418874 1c00b06e 01a005b3 add              x11, x0, x26        x11=00000002 x26:00000002
22212906ns          418875 1c00b070 000b00e7 jalr             x1, x22, 0           x1=1c00b072 x22:1c00afa4
22212946ns          418877 1c00afa4 000026b7 lui              x13, 0x2000         x13=00002000
22212966ns          418878 1c00afa6 f14027f3 csrrs            x15, x0, 0xf14      x15=00000002
22212986ns          418879 1c00afaa f8068693 addi             x13, x13, -128      x13=00001f80 x13:00002000
22213007ns          418880 1c00afae 00379713 slli             x14, x15, 0x3       x14=00000010 x15:00000002
22213027ns          418881 1c00afb2 00279793 slli             x15, x15, 0x2       x15=00000008 x15:00000002
22213047ns          418882 1c00afb4 00d7f7b3 and              x15, x15, x13       x15=00000000 x15:00000008 x13:00001f80
22213067ns          418883 1c00afb6 ee873733 p.bclr           x14, x14, 23, 8     x14=00000010 x14:00000010
22213087ns          418884 1c00afba 1a10f6b7 lui              x13, 0x1a10f000     x13=1a10f000
22213107ns          418885 1c00afbe 0ff57513 andi             x10, x10, 255       x10=00000020 x10:00000020
22213127ns          418886 1c00afc2 00d70733 add              x14, x14, x13       x14=1a10f010 x14:00000010 x13:1a10f000
22213147ns          418887 1c00afc4 00a7e723 p.sw             x10, x0(x15)        x10:00000020 x15:00000000  PA:1a10f010
22213468ns          418903 1c00afc8 00000513 addi             x10, x0, 0          x10=00000000
22213488ns          418904 1c00afca 00008067 jalr             x0, x1, 0            x1:1c00b072
22213548ns          418907 1c00b072 31f52563 p.beqimm         x10, 778            x10:00000000
22213568ns          418908 1c00b076 001d8d93 addi             x27, x27, 1         x27=00000016 x27:00000015
22213588ns          418909 1c00b078 00044503 lbu              x10, 0(x8)          x10=00000020  x8:1c0000be  PA:1c0000be
22213889ns          418924 1c00b07c 00140413 addi             x8, x8, 1            x8=1c0000bf  x8:1c0000be
22213909ns          418925 1c00b07e fe0514e3 bne              x10, x0, -24        x10:00000020
22213990ns          418929 1c00b066 02500793 addi             x15, x0, 37         x15=00000025
22214010ns          418930 1c00b06a 04f50863 beq              x10, x15, 80        x10:00000020 x15:00000025
22214030ns          418931 1c00b06e 01a005b3 add              x11, x0, x26        x11=00000002 x26:00000002
22214050ns          418932 1c00b070 000b00e7 jalr             x1, x22, 0           x1=1c00b072 x22:1c00afa4
22214090ns          418934 1c00afa4 000026b7 lui              x13, 0x2000         x13=00002000
22214110ns          418935 1c00afa6 f14027f3 csrrs            x15, x0, 0xf14      x15=00000002
22214130ns          418936 1c00afaa f8068693 addi             x13, x13, -128      x13=00001f80 x13:00002000
22214150ns          418937 1c00afae 00379713 slli             x14, x15, 0x3       x14=00000010 x15:00000002
22214170ns          418938 1c00afb2 00279793 slli             x15, x15, 0x2       x15=00000008 x15:00000002
22214190ns          418939 1c00afb4 00d7f7b3 and              x15, x15, x13       x15=00000000 x15:00000008 x13:00001f80
22214210ns          418940 1c00afb6 ee873733 p.bclr           x14, x14, 23, 8     x14=00000010 x14:00000010
22214230ns          418941 1c00afba 1a10f6b7 lui              x13, 0x1a10f000     x13=1a10f000
22214251ns          418942 1c00afbe 0ff57513 andi             x10, x10, 255       x10=00000020 x10:00000020
22214271ns          418943 1c00afc2 00d70733 add              x14, x14, x13       x14=1a10f010 x14:00000010 x13:1a10f000
22214291ns          418944 1c00afc4 00a7e723 p.sw             x10, x0(x15)        x10:00000020 x15:00000000  PA:1a10f010
22214612ns          418960 1c00afc8 00000513 addi             x10, x0, 0          x10=00000000
22214632ns          418961 1c00afca 00008067 jalr             x0, x1, 0            x1:1c00b072
22214692ns          418964 1c00b072 31f52563 p.beqimm         x10, 778            x10:00000000
22214712ns          418965 1c00b076 001d8d93 addi             x27, x27, 1         x27=00000017 x27:00000016
22214732ns          418966 1c00b078 00044503 lbu              x10, 0(x8)          x10=00000025  x8:1c0000bf  PA:1c0000bf
22215033ns          418981 1c00b07c 00140413 addi             x8, x8, 1            x8=1c0000c0  x8:1c0000bf
22215053ns          418982 1c00b07e fe0514e3 bne              x10, x0, -24        x10:00000025
22215133ns          418986 1c00b066 02500793 addi             x15, x0, 37         x15=00000025
22215154ns          418987 1c00b06a 04f50863 beq              x10, x15, 80        x10:00000025 x15:00000025
22215294ns          418994 1c00b0ba 00044483 lbu              x9, 0(x8)            x9=00000064  x8:1c0000c0  PA:1c0000c0
22215615ns          419010 1c00b0be 02000693 addi             x13, x0, 32         x13=00000020
22215635ns          419011 1c00b0c2 00140a93 addi             x21, x8, 1          x21=1c0000c1  x8:1c0000c0
22215655ns          419012 1c00b0c6 009005b3 add              x11, x0, x9         x11=00000064  x9:00000064
22215675ns          419013 1c00b0c8 0c8b8513 addi             x10, x23, 200       x10=1c0000c8 x23:1c000000
22215695ns          419014 1c00b0cc 00d12823 sw               x13, 16(x2)         x13:00000020  x2:10001538  PA:10001548
22215715ns          419015 1c00b0ce 00012c23 sw               x0, 24(x2)           x2:10001538  PA:10001550
22215735ns          419016 1c00b0d0 00012a23 sw               x0, 20(x2)           x2:10001538  PA:1000154c
22215755ns          419017 1c00b0d2 00012e23 sw               x0, 28(x2)           x2:10001538  PA:10001554
22215776ns          419018 1c00b0d4 00012623 sw               x0, 12(x2)           x2:10001538  PA:10001544
22215796ns          419019 1c00b0d6 02300913 addi             x18, x0, 35         x18=00000023
22215816ns          419020 1c00b0da 02d00a13 addi             x20, x0, 45         x20=0000002d
22215836ns          419021 1c00b0de 015009b3 add              x19, x0, x21        x19=1c0000c1 x21:1c0000c1
22215876ns          419023 1c00b0e0 e97ff0ef jal              x1, -362             x1=1c00b0e2
22215996ns          419029 1c00af76 00054783 lbu              x15, 0(x10)         x15=0000002d x10:1c0000c8  PA:1c0000c8
22216297ns          419044 1c00af7a 0ff5f593 andi             x11, x11, 255       x11=00000064 x11:00000064
22216317ns          419045 1c00af7e 00b78c63 beq              x15, x11, 24        x15:0000002d x11:00000064
22216337ns          419046 1c00af82 00078b63 beq              x15, x0, 22         x15:0000002d
22216357ns          419047 1c00af84 00150793 addi             x15, x10, 1         x15=1c0000c9 x10:1c0000c8
22216377ns          419048 1c00af88 0040006f jal              x0, 4              
22216478ns          419053 1c00af8c 00f00533 add              x10, x0, x15        x10=1c0000c9 x15:1c0000c9
22216498ns          419054 1c00af8e 0017c70b p.lbu            x14, 1(x15!)        x14=0000002b x15=1c0000ca x15:1c0000c9  PA:1c0000c9
22216819ns          419070 1c00af92 feb71ce3 bne              x14, x11, -8        x14:0000002b x11:00000064
22216879ns          419073 1c00af8a 00070763 beq              x14, x0, 14         x14:0000002b
22216899ns          419074 1c00af8c 00f00533 add              x10, x0, x15        x10=1c0000ca x15:1c0000ca
22216919ns          419075 1c00af8e 0017c70b p.lbu            x14, 1(x15!)        x14=00000020 x15=1c0000cb x15:1c0000ca  PA:1c0000ca
22217240ns          419091 1c00af92 feb71ce3 bne              x14, x11, -8        x14:00000020 x11:00000064
22217300ns          419094 1c00af8a 00070763 beq              x14, x0, 14         x14:00000020
22217321ns          419095 1c00af8c 00f00533 add              x10, x0, x15        x10=1c0000cb x15:1c0000cb
22217341ns          419096 1c00af8e 0017c70b p.lbu            x14, 1(x15!)        x14=00000023 x15=1c0000cc x15:1c0000cb  PA:1c0000cb
22217662ns          419112 1c00af92 feb71ce3 bne              x14, x11, -8        x14:00000023 x11:00000064
22217722ns          419115 1c00af8a 00070763 beq              x14, x0, 14         x14:00000023
22217742ns          419116 1c00af8c 00f00533 add              x10, x0, x15        x10=1c0000cc x15:1c0000cc
22217762ns          419117 1c00af8e 0017c70b p.lbu            x14, 1(x15!)        x14=00000030 x15=1c0000cd x15:1c0000cc  PA:1c0000cc
22218083ns          419133 1c00af92 feb71ce3 bne              x14, x11, -8        x14:00000030 x11:00000064
22218143ns          419136 1c00af8a 00070763 beq              x14, x0, 14         x14:00000030
22218163ns          419137 1c00af8c 00f00533 add              x10, x0, x15        x10=1c0000cd x15:1c0000cd
22218183ns          419138 1c00af8e 0017c70b p.lbu            x14, 1(x15!)        x14=00000000 x15=1c0000ce x15:1c0000cd  PA:1c0000cd
22218524ns          419155 1c00af92 feb71ce3 bne              x14, x11, -8        x14:00000000 x11:00000064
22218585ns          419158 1c00af8a 00070763 beq              x14, x0, 14         x14:00000000
22218645ns          419161 1c00af98 0015b593 sltiu            x11, x11, 1         x11=00000000 x11:00000064
22218665ns          419162 1c00af9c 40b005b3 sub              x11, x0, x11        x11=00000000 x11:00000000
22218685ns          419163 1c00afa0 00b57533 and              x10, x10, x11       x10=00000000 x10:1c0000cd x11:00000000
22218705ns          419164 1c00afa2 00008067 jalr             x0, x1, 0            x1:1c00b0e2
22218745ns          419166 1c00b0e2 02050a63 beq              x10, x0, 52         x10:00000000
22218886ns          419173 1c00b116 02a00613 addi             x12, x0, 42         x12=0000002a
22218906ns          419174 1c00b11a 2ac48663 beq              x9, x12, 684         x9:00000064 x12:0000002a
22218966ns          419177 1c00b11e fd048613 addi             x12, x9, -48        x12=00000034  x9:00000064
22218986ns          419178 1c00b122 00900593 addi             x11, x0, 9          x11=00000009
22219006ns          419179 1c00b124 00000913 addi             x18, x0, 0          x18=00000000
22219026ns          419180 1c00b126 28c5f063 bgeu             x11, x12, 640       x11:00000009 x12:00000034
22219046ns          419181 1c00b12a 02e00693 addi             x13, x0, 46         x13=0000002e
22219066ns          419182 1c00b12e fff00a13 addi             x20, x0, -1         x20=ffffffff
22219106ns          419184 1c00b130 2ed48363 beq              x9, x13, 742         x9:00000064 x13:0000002e
22219147ns          419186 1c00b134 1c0007b7 lui              x15, 0x1c000000     x15=1c000000
22219167ns          419187 1c00b138 009005b3 add              x11, x0, x9         x11=00000064  x9:00000064
22219187ns          419188 1c00b13a 0d078513 addi             x10, x15, 208       x10=1c0000d0 x15:1c000000
22219207ns          419189 1c00b13e e39ff0ef jal              x1, -456             x1=1c00b140
22219548ns          419206 1c00af76 00054783 lbu              x15, 0(x10)         x15=00000068 x10:1c0000d0  PA:1c0000d0
22219849ns          419221 1c00af7a 0ff5f593 andi             x11, x11, 255       x11=00000064 x11:00000064
22219869ns          419222 1c00af7e 00b78c63 beq              x15, x11, 24        x15:00000068 x11:00000064
22219889ns          419223 1c00af82 00078b63 beq              x15, x0, 22         x15:00000068
22219909ns          419224 1c00af84 00150793 addi             x15, x10, 1         x15=1c0000d1 x10:1c0000d0
22219929ns          419225 1c00af88 0040006f jal              x0, 4              
22220029ns          419230 1c00af8c 00f00533 add              x10, x0, x15        x10=1c0000d1 x15:1c0000d1
22220049ns          419231 1c00af8e 0017c70b p.lbu            x14, 1(x15!)        x14=0000006c x15=1c0000d2 x15:1c0000d1  PA:1c0000d1
22220370ns          419247 1c00af92 feb71ce3 bne              x14, x11, -8        x14:0000006c x11:00000064
22220431ns          419250 1c00af8a 00070763 beq              x14, x0, 14         x14:0000006c
22220451ns          419251 1c00af8c 00f00533 add              x10, x0, x15        x10=1c0000d2 x15:1c0000d2
22220471ns          419252 1c00af8e 0017c70b p.lbu            x14, 1(x15!)        x14=0000004c x15=1c0000d3 x15:1c0000d2  PA:1c0000d2
22220792ns          419268 1c00af92 feb71ce3 bne              x14, x11, -8        x14:0000004c x11:00000064
22220852ns          419271 1c00af8a 00070763 beq              x14, x0, 14         x14:0000004c
22220872ns          419272 1c00af8c 00f00533 add              x10, x0, x15        x10=1c0000d3 x15:1c0000d3
22220892ns          419273 1c00af8e 0017c70b p.lbu            x14, 1(x15!)        x14=0000007a x15=1c0000d4 x15:1c0000d3  PA:1c0000d3
22221213ns          419289 1c00af92 feb71ce3 bne              x14, x11, -8        x14:0000007a x11:00000064
22221273ns          419292 1c00af8a 00070763 beq              x14, x0, 14         x14:0000007a
22221294ns          419293 1c00af8c 00f00533 add              x10, x0, x15        x10=1c0000d4 x15:1c0000d4
22221314ns          419294 1c00af8e 0017c70b p.lbu            x14, 1(x15!)        x14=00000000 x15=1c0000d5 x15:1c0000d4  PA:1c0000d4
22221655ns          419311 1c00af92 feb71ce3 bne              x14, x11, -8        x14:00000000 x11:00000064
22221715ns          419314 1c00af8a 00070763 beq              x14, x0, 14         x14:00000000
22221775ns          419317 1c00af98 0015b593 sltiu            x11, x11, 1         x11=00000000 x11:00000064
22221795ns          419318 1c00af9c 40b005b3 sub              x11, x0, x11        x11=00000000 x11:00000000
22221815ns          419319 1c00afa0 00b57533 and              x10, x10, x11       x10=00000000 x10:1c0000d4 x11:00000000
22221835ns          419320 1c00afa2 00008067 jalr             x0, x1, 0            x1:1c00b140
22221875ns          419322 1c00b140 01300433 add              x8, x0, x19          x8=1c0000c1 x19:1c0000c1
22221895ns          419323 1c00b142 00050563 beq              x10, x0, 10         x10:00000000
22221956ns          419326 1c00b14c 06700693 addi             x13, x0, 103        x13=00000067
22222377ns          419347 1c00b150 2896d963 bge              x13, x9, 658        x13:00000067  x9:00000064
22222517ns          419354 1c00b3e2 06500693 addi             x13, x0, 101        x13=00000065
22222538ns          419355 1c00b3e6 12d4d563 bge              x9, x13, 298         x9:00000064 x13:00000065
22222558ns          419356 1c00b3ea 04700693 addi             x13, x0, 71         x13=00000047
22222618ns          419359 1c00b3ee dc96cbe3 blt              x13, x9, -554       x13:00000047  x9:00000064
22223079ns          419382 1c00b1c4 06300693 addi             x13, x0, 99         x13=00000063
22223119ns          419384 1c00b1c8 0ad488e3 beq              x9, x13, 2224        x9:00000064 x13:00000063
22223140ns          419385 1c00b1cc 0096c9e3 blt              x13, x9, 2066       x13:00000063  x9:00000064
22223380ns          419397 1c00b9de 000c2583 lw               x11, 0(x24)         x11=00000002 x24:1000168c  PA:1000168c
22223400ns          419398 1c00b9e2 004c0c13 addi             x24, x24, 4         x24=10001690 x24:1000168c
22223420ns          419399 1c00b9e4 3405cc63 blt              x11, x0, 856        x11:00000002
22223440ns          419400 1c00b9e8 01412603 lw               x12, 20(x2)         x12=00000000  x2:10001538  PA:1000154c
22223461ns          419401 1c00b9ea 00b006b3 add              x13, x0, x11        x13=00000002 x11:00000002
22223481ns          419402 1c00b9ec 2e061863 bne              x12, x0, 752        x12:00000000
22223521ns          419404 1c00b9f0 01812703 lw               x14, 24(x2)         x14=00000000  x2:10001538  PA:10001550
22223541ns          419405 1c00b9f2 019007b3 add              x15, x0, x25        x15=1000155c x25:1000155c
22223561ns          419406 1c00b9f4 00070763 beq              x14, x0, 14         x14:00000000
22223661ns          419411 1c00ba02 00f00733 add              x14, x0, x15        x14=1000155c x15:1000155c
22223701ns          419413 1c00ba04 00a00513 addi             x10, x0, 10         x10=0000000a
22223721ns          419414 1c00ba06 02a6f633 remu             x12, x13, x10       x12=00000002 x13:00000002 x10:0000000a
22224343ns          419445 1c00ba0a 02a6d6b3 divu             x13, x13, x10       x13=00000000 x13:00000002 x10:0000000a
22224965ns          419476 1c00ba0e 03060613 addi             x12, x12, 48        x12=00000032 x12:00000002
22224986ns          419477 1c00ba12 00c700ab p.sb             x12, 1(x14!)        x14=1000155d x12:00000032 x14:1000155c  PA:1000155c
22225006ns          419478 1c00ba16 fe0698e3 bne              x13, x0, -16        x13:00000000
22225026ns          419479 1c00ba18 40f706b3 sub              x13, x14, x15       x13=00000001 x14:1000155d x15:1000155c
22225046ns          419480 1c00ba1c 0146dc63 bge              x13, x20, 24        x13:00000001 x20:ffffffff
22225487ns          419502 1c00ba34 00e006b3 add              x13, x0, x14        x13=1000155d x14:1000155d
22225527ns          419504 1c00ba36 fe068fab p.sb             x0, -1(x13!)        x13=1000155c x13:1000155d  PA:1000155d
22225547ns          419505 1c00ba3a 00d7fc63 bgeu             x15, x13, 24        x15:1000155c x13:1000155c
22226069ns          419531 1c00ba52 01412783 lw               x15, 20(x2)         x15=00000000  x2:10001538  PA:1000154c
22226109ns          419533 1c00ba54 01812603 lw               x12, 24(x2)         x12=00000000  x2:10001538  PA:10001550
22226129ns          419534 1c00ba56 419704b3 sub              x9, x14, x25         x9=00000001 x14:1000155d x25:1000155c
22226149ns          419535 1c00ba5a 00c7e7b3 or               x15, x15, x12       x15=00000000 x15:00000000 x12:00000000
22226169ns          419536 1c00ba5c 00f12623 sw               x15, 12(x2)         x15:00000000  x2:10001538  PA:10001544
22226189ns          419537 1c00ba5e 00079363 bne              x15, x0, 6          x15:00000000
22226591ns          419557 1c00ba60 01f5d593 srli             x11, x11, 0x1f      x11=00000000 x11:00000002
22226611ns          419558 1c00ba62 00b12623 sw               x11, 12(x2)         x11:00000000  x2:10001538  PA:10001544
22226631ns          419559 1c00ba64 e3fa28e3 p.beqimm         x20, -464           x20:ffffffff
22226731ns          419564 1c00b894 0c800793 addi             x15, x0, 200        x15=000000c8
22226771ns          419566 1c00b898 9e97d0e3 bge              x15, x9, -1568      x15:000000c8  x9:00000001
22226932ns          419574 1c00b278 0f24d163 bge              x9, x18, 226         x9:00000001 x18:00000000
22227072ns          419581 1c00b35a d00482e3 beq              x9, x0, -764         x9:00000001
22227092ns          419582 1c00b35e 01900933 add              x18, x0, x25        x18=1000155c x25:1000155c
22227133ns          419584 1c00b360 419d8db3 sub              x27, x27, x25       x27=efffeabb x27:00000017 x25:1000155c
22227173ns          419586 1c00b364 00a0006f jal              x0, 10             
22227273ns          419591 1c00b36e 0019450b p.lbu            x10, 1(x18!)        x10=00000032 x18=1000155d x18:1000155c  PA:1000155c
22227293ns          419592 1c00b372 01a005b3 add              x11, x0, x26        x11=00000002 x26:00000002
22227313ns          419593 1c00b374 000b00e7 jalr             x1, x22, 0           x1=1c00b376 x22:1c00afa4
22227393ns          419597 1c00afa4 000026b7 lui              x13, 0x2000         x13=00002000
22227434ns          419599 1c00afa6 f14027f3 csrrs            x15, x0, 0xf14      x15=00000002
22227454ns          419600 1c00afaa f8068693 addi             x13, x13, -128      x13=00001f80 x13:00002000
22227514ns          419603 1c00afae 00379713 slli             x14, x15, 0x3       x14=00000010 x15:00000002
22227534ns          419604 1c00afb2 00279793 slli             x15, x15, 0x2       x15=00000008 x15:00000002
22227554ns          419605 1c00afb4 00d7f7b3 and              x15, x15, x13       x15=00000000 x15:00000008 x13:00001f80
22227574ns          419606 1c00afb6 ee873733 p.bclr           x14, x14, 23, 8     x14=00000010 x14:00000010
22227594ns          419607 1c00afba 1a10f6b7 lui              x13, 0x1a10f000     x13=1a10f000
22227654ns          419610 1c00afbe 0ff57513 andi             x10, x10, 255       x10=00000032 x10:00000032
22227674ns          419611 1c00afc2 00d70733 add              x14, x14, x13       x14=1a10f010 x14:00000010 x13:1a10f000
22227694ns          419612 1c00afc4 00a7e723 p.sw             x10, x0(x15)        x10:00000032 x15:00000000  PA:1a10f010
22228056ns          419630 1c00afc8 00000513 addi             x10, x0, 0          x10=00000000
22228076ns          419631 1c00afca 00008067 jalr             x0, x1, 0            x1:1c00b376
22228116ns          419633 1c00b376 fff48493 addi             x9, x9, -1           x9=00000000  x9:00000001
22228136ns          419634 1c00b378 fff537e3 p.bneimm         x10, -18            x10:00000000
22228276ns          419641 1c00b366 012d8733 add              x14, x27, x18       x14=00000018 x27:efffeabb x18:1000155d
22228296ns          419642 1c00b36a 5a048b63 beq              x9, x0, 1462         x9:00000000
22228397ns          419647 1c00b920 00e00db3 add              x27, x0, x14        x27=00000018 x14:00000018
22228437ns          419649 1c00b922 f3cff06f jal              x0, -2244          
22228597ns          419657 1c00b05e 00044503 lbu              x10, 0(x8)          x10=0000000a  x8:1c0000c1  PA:1c0000c1
22228898ns          419672 1c00b062 00140413 addi             x8, x8, 1            x8=1c0000c2  x8:1c0000c1
22228918ns          419673 1c00b064 00050e63 beq              x10, x0, 28         x10:0000000a
22228938ns          419674 1c00b066 02500793 addi             x15, x0, 37         x15=00000025
22228958ns          419675 1c00b06a 04f50863 beq              x10, x15, 80        x10:0000000a x15:00000025
22228979ns          419676 1c00b06e 01a005b3 add              x11, x0, x26        x11=00000002 x26:00000002
22228999ns          419677 1c00b070 000b00e7 jalr             x1, x22, 0           x1=1c00b072 x22:1c00afa4
22229039ns          419679 1c00afa4 000026b7 lui              x13, 0x2000         x13=00002000
22229059ns          419680 1c00afa6 f14027f3 csrrs            x15, x0, 0xf14      x15=00000002
22229079ns          419681 1c00afaa f8068693 addi             x13, x13, -128      x13=00001f80 x13:00002000
22229099ns          419682 1c00afae 00379713 slli             x14, x15, 0x3       x14=00000010 x15:00000002
22229119ns          419683 1c00afb2 00279793 slli             x15, x15, 0x2       x15=00000008 x15:00000002
22229139ns          419684 1c00afb4 00d7f7b3 and              x15, x15, x13       x15=00000000 x15:00000008 x13:00001f80
22229159ns          419685 1c00afb6 ee873733 p.bclr           x14, x14, 23, 8     x14=00000010 x14:00000010
22229179ns          419686 1c00afba 1a10f6b7 lui              x13, 0x1a10f000     x13=1a10f000
22229199ns          419687 1c00afbe 0ff57513 andi             x10, x10, 255       x10=0000000a x10:0000000a
22229219ns          419688 1c00afc2 00d70733 add              x14, x14, x13       x14=1a10f010 x14:00000010 x13:1a10f000
22229239ns          419689 1c00afc4 00a7e723 p.sw             x10, x0(x15)        x10:0000000a x15:00000000  PA:1a10f010
22229560ns          419705 1c00afc8 00000513 addi             x10, x0, 0          x10=00000000
22229580ns          419706 1c00afca 00008067 jalr             x0, x1, 0            x1:1c00b072
22229641ns          419709 1c00b072 31f52563 p.beqimm         x10, 778            x10:00000000
22229661ns          419710 1c00b076 001d8d93 addi             x27, x27, 1         x27=00000019 x27:00000018
22229681ns          419711 1c00b078 00044503 lbu              x10, 0(x8)          x10=00000000  x8:1c0000c2  PA:1c0000c2
22229982ns          419726 1c00b07c 00140413 addi             x8, x8, 1            x8=1c0000c3  x8:1c0000c2
22230002ns          419727 1c00b07e fe0514e3 bne              x10, x0, -24        x10:00000000
22230022ns          419728 1c00b080 01b00433 add              x8, x0, x27          x8=00000019 x27:00000019
22230042ns          419729 1c00b082 00800533 add              x10, x0, x8         x10=00000019  x8:00000019
22230062ns          419730 1c00b084 12c12083 lw               x1, 300(x2)          x1=1c00b010  x2:10001538  PA:10001664
22230082ns          419731 1c00b088 12812403 lw               x8, 296(x2)          x8=411a67ba  x2:10001538  PA:10001660
22230102ns          419732 1c00b08c 12412483 lw               x9, 292(x2)          x9=1c010000  x2:10001538  PA:1000165c
22230142ns          419734 1c00b090 12012903 lw               x18, 288(x2)        x18=10001720  x2:10001538  PA:10001658
22230182ns          419736 1c00b094 11c12983 lw               x19, 284(x2)        x19=xxxxxxxx  x2:10001538  PA:10001654
22230203ns          419737 1c00b098 11812a03 lw               x20, 280(x2)        x20=xxxxxxxx  x2:10001538  PA:10001650
22230223ns          419738 1c00b09c 11412a83 lw               x21, 276(x2)        x21=xxxxxxxx  x2:10001538  PA:1000164c
22230283ns          419741 1c00b0a0 11012b03 lw               x22, 272(x2)        x22=xxxxxxxx  x2:10001538  PA:10001648
22230323ns          419743 1c00b0a4 10c12b83 lw               x23, 268(x2)        x23=xxxxxxxx  x2:10001538  PA:10001644
22230343ns          419744 1c00b0a8 10812c03 lw               x24, 264(x2)        x24=xxxxxxxx  x2:10001538  PA:10001640
22230363ns          419745 1c00b0ac 10412c83 lw               x25, 260(x2)        x25=xxxxxxxx  x2:10001538  PA:1000163c
22230423ns          419748 1c00b0b0 10012d03 lw               x26, 256(x2)        x26=xxxxxxxx  x2:10001538  PA:10001638
22230463ns          419750 1c00b0b4 0fc12d83 lw               x27, 252(x2)        x27=xxxxxxxx  x2:10001538  PA:10001634
22230483ns          419751 1c00b0b6 13010113 addi             x2, x2, 304          x2=10001668  x2:10001538
22230504ns          419752 1c00b0b8 00008067 jalr             x0, x1, 0            x1:1c00b010
22230644ns          419759 1c00b010 01c12083 lw               x1, 28(x2)           x1=1c00aa1e  x2:10001668  PA:10001684
22230664ns          419760 1c00b012 04010113 addi             x2, x2, 64           x2=100016a8  x2:10001668
22230704ns          419762 1c00b014 00008067 jalr             x0, x1, 0            x1:1c00aa1e
22230784ns          419766 1c00aa1e 00100413 addi             x8, x0, 1            x8=00000001
22230865ns          419770 1c00aa20 17f010ef jal              x1, 6526             x1=1c00aa24
22231025ns          419778 1c00c39e f14027f3 csrrs            x15, x0, 0xf14      x15=00000002
22231045ns          419779 1c00c3a2 01f00713 addi             x14, x0, 31         x14=0000001f
22231065ns          419780 1c00c3a4 ca5797b3 p.extractu       x15, x15, 5, 5      x15=00000000 x15:00000002
22231085ns          419781 1c00c3a8 00e78863 beq              x15, x14, 16        x15:00000000 x14:0000001f
22231105ns          419782 1c00c3ac 002047b7 lui              x15, 0x204000       x15=00204000
22231126ns          419783 1c00c3b0 20078793 addi             x15, x15, 512       x15=00204200 x15:00204000
22231146ns          419784 1c00c3b4 01c7e703 p.elw            x14, 28(x15)        x14=00010000 x15:00204200  PA:0020421c
22231266ns          419790 1c00c3b8 00008067 jalr             x0, x1, 0            x1:1c00aa24
22231346ns          419794 1c00aa24 00144513 xori             x10, x8, 1          x10=00000000  x8:00000001
22231386ns          419796 1c00aa28 14c12083 lw               x1, 332(x2)          x1=1c00c2ae  x2:100016a8  PA:100017f4
22231406ns          419797 1c00aa2c 14812403 lw               x8, 328(x2)          x8=xxxxxxxx  x2:100016a8  PA:100017f0
22231828ns          419818 1c00aa30 14412483 lw               x9, 324(x2)          x9=xxxxxxxx  x2:100016a8  PA:100017ec
22231868ns          419820 1c00aa34 14012903 lw               x18, 320(x2)        x18=xxxxxxxx  x2:100016a8  PA:100017e8
22231888ns          419821 1c00aa38 15010113 addi             x2, x2, 336          x2=100017f8  x2:100016a8
22231908ns          419822 1c00aa3a 00008067 jalr             x0, x1, 0            x1:1c00c2ae
22233273ns          419890 1c00c2ae f14027f3 csrrs            x15, x0, 0xf14      x15=00000002
22233313ns          419892 1c00c2b2 f457b7b3 p.bclr           x15, x15, 26, 5     x15=00000002 x15:00000002
22233333ns          419893 1c00c2b6 00079963 bne              x15, x0, 18         x15:00000002
22233834ns          419918 1c00c2c8 002047b7 lui              x15, 0x204000       x15=00204000
22233854ns          419919 1c00c2cc fff00713 addi             x14, x0, -1         x14=ffffffff
22233874ns          419920 1c00c2ce 00e7a223 sw               x14, 4(x15)         x14:ffffffff x15:00204000  PA:00204004
