                Time          Cycles PC       Instr    Mnemonic
20727594ns          344467 1c008080 0640006f jal              x0, 100            
20728052ns          344490 1c0080e4 f1402573 csrrs            x10, x0, 0xf14      x10=00000001
20728091ns          344492 1c0080e8 01f57593 andi             x11, x10, 31        x11=00000001 x10:00000001
20728111ns          344493 1c0080ec 00555513 srli             x10, x10, 0x5       x10=00000000 x10:00000001
20728131ns          344494 1c0080ee 01f00613 addi             x12, x0, 31         x12=0000001f
20728549ns          344515 1c0080f0 00c50463 beq              x10, x12, 8         x10:00000000 x12:0000001f
20728589ns          344517 1c0080f4 fa1ff06f jal              x0, -96            
20729066ns          344541 1c008094 f3ff8117 auipc            x2, 0xf3ff8000       x2=10000094
20729106ns          344543 1c008098 f7010113 addi             x2, x2, -144         x2=10000004  x2:10000094
20729126ns          344544 1c00809c 00012103 lw               x2, 0(x2)            x2=10000008  x2:10000004  PA:10000004
20729563ns          344566 1c0080a0 000011b7 lui              x3, 0x1000           x3=00001000
20729603ns          344568 1c0080a4 80018193 addi             x3, x3, -2048        x3=00000800  x3:00001000
20729623ns          344569 1c0080a8 00158593 addi             x11, x11, 1         x11=00000002 x11:00000001
20729643ns          344570 1c0080ac 02b180b3 mul              x1, x3, x11          x1=00001000  x3:00000800 x11:00000002
20730081ns          344592 1c0080b0 00110133 add              x2, x2, x1           x2=10001008  x2:10000008  x1:00001000
20730120ns          344594 1c0080b4 1d40406f jal              x0, 16852          
20730578ns          344617 1c00c288 ff010113 addi             x2, x2, -16          x2=10000ff8  x2:10001008
20730598ns          344618 1c00c28a 00112623 sw               x1, 12(x2)           x1:00001000  x2:10000ff8  PA:10001004
20730618ns          344619 1c00c28c 002047b7 lui              x15, 0x204000       x15=00204000
20731055ns          344641 1c00c290 00070737 lui              x14, 0x70000        x14=00070000
20731095ns          344643 1c00c294 00e7a423 sw               x14, 8(x15)         x14:00070000 x15:00204000  PA:00204008
20731115ns          344644 1c00c296 00f00713 addi             x14, x0, 15         x14=0000000f
20731135ns          344645 1c00c298 20078793 addi             x15, x15, 512       x15=00204200 x15:00204000
20731155ns          344646 1c00c29c 00e7a023 sw               x14, 0(x15)         x14:0000000f x15:00204200  PA:00204200
20731592ns          344668 1c00c2a0 00e7a623 sw               x14, 12(x15)        x14:0000000f x15:00204200  PA:0020420c
20731632ns          344670 1c00c2a4 1c0017b7 lui              x15, 0x1c001000     x15=1c001000
20731652ns          344671 1c00c2a8 a647a783 lw               x15, -1436(x15)     x15=1c00a884 x15:1c001000  PA:1c000a64
20732109ns          344694 1c00c2ac 000780e7 jalr             x1, x15, 0           x1=1c00c2ae x15:1c00a884
20732567ns          344717 1c00a884 eb010113 addi             x2, x2, -336         x2=10000ea8  x2:10000ff8
20732607ns          344719 1c00a886 14812423 sw               x8, 328(x2)          x8:xxxxxxxx  x2:10000ea8  PA:10000ff0
20732627ns          344720 1c00a88a 14112623 sw               x1, 332(x2)          x1:1c00c2ae  x2:10000ea8  PA:10000ff4
20733064ns          344742 1c00a88e f1402473 csrrs            x8, x0, 0xf14        x8=00000001
20733104ns          344744 1c00a892 14912223 sw               x9, 324(x2)          x9:xxxxxxxx  x2:10000ea8  PA:10000fec
20733124ns          344745 1c00a896 15212023 sw               x18, 320(x2)        x18:xxxxxxxx  x2:10000ea8  PA:10000fe8
20733144ns          344746 1c00a89a ca5417b3 p.extractu       x15, x8, 5, 5       x15=00000000  x8:00000001
20733581ns          344768 1c00a89e 1c079863 bne              x15, x0, 464        x15:00000000
20733621ns          344770 1c00a8a2 f4543433 p.bclr           x8, x8, 26, 5        x8=00000001  x8:00000001
20733641ns          344771 1c00a8a6 1c000537 lui              x10, 0x1c000000     x10=1c000000
20733661ns          344772 1c00a8aa 00800633 add              x12, x0, x8         x12=00000001  x8:00000001
20733681ns          344773 1c00a8ac 00100593 addi             x11, x0, 1          x11=00000001
20734098ns          344794 1c00a8ae 03450513 addi             x10, x10, 52        x10=1c000034 x10:1c000000
20734118ns          344795 1c00a8b2 736000ef jal              x1, 1846             x1=1c00a8b4
20734576ns          344818 1c00afe8 fc010113 addi             x2, x2, -64          x2=10000e68  x2:10000ea8
20734616ns          344820 1c00afea 02410313 addi             x6, x2, 36           x6=10000e8c  x2:10000e68
20734635ns          344821 1c00afee 02c12423 sw               x12, 40(x2)         x12:00000001  x2:10000e68  PA:10000e90
20735053ns          344842 1c00aff0 00a00633 add              x12, x0, x10        x12=1c000034 x10:1c000034
20735093ns          344844 1c00aff2 1c00b537 lui              x10, 0x1c00b000     x10=1c00b000
20735113ns          344845 1c00aff6 02b12223 sw               x11, 36(x2)         x11:00000001  x2:10000e68  PA:10000e8c
20735133ns          344846 1c00aff8 02d12623 sw               x13, 44(x2)         x13:xxxxxxxx  x2:10000e68  PA:10000e94
20735153ns          344847 1c00affa 00200593 addi             x11, x0, 2          x11=00000002
20735173ns          344848 1c00affc 006006b3 add              x13, x0, x6         x13=10000e8c  x6:10000e8c
20735590ns          344869 1c00affe fa450513 addi             x10, x10, -92       x10=1c00afa4 x10:1c00b000
20735610ns          344870 1c00b002 00112e23 sw               x1, 28(x2)           x1:1c00a8b4  x2:10000e68  PA:10000e84
20735630ns          344871 1c00b004 02e12823 sw               x14, 48(x2)         x14:0000000f  x2:10000e68  PA:10000e98
20735650ns          344872 1c00b006 02f12a23 sw               x15, 52(x2)         x15:00000000  x2:10000e68  PA:10000e9c
20735670ns          344873 1c00b008 03012c23 sw               x16, 56(x2)         x16:xxxxxxxx  x2:10000e68  PA:10000ea0
20735690ns          344874 1c00b00a 03112e23 sw               x17, 60(x2)         x17:xxxxxxxx  x2:10000e68  PA:10000ea4
20735710ns          344875 1c00b00c 00612623 sw               x6, 12(x2)           x6:10000e8c  x2:10000e68  PA:10000e74
20735729ns          344876 1c00b00e fbfff0ef jal              x1, -66              x1=1c00b010
20736565ns          344918 1c00afcc 04a0006f jal              x0, 74             
20736605ns          344920 1c00b016 ed010113 addi             x2, x2, -304         x2=10000d38  x2:10000e68
20736625ns          344921 1c00b018 12812423 sw               x8, 296(x2)          x8:00000001  x2:10000d38  PA:10000e60
20736644ns          344922 1c00b01c 00000413 addi             x8, x0, 0            x8=00000000
20737082ns          344944 1c00b01e 11612823 sw               x22, 272(x2)        x22:xxxxxxxx  x2:10000d38  PA:10000e48
20737122ns          344946 1c00b022 11712623 sw               x23, 268(x2)        x23:xxxxxxxx  x2:10000d38  PA:10000e44
20737142ns          344947 1c00b026 11812423 sw               x24, 264(x2)        x24:xxxxxxxx  x2:10000d38  PA:10000e40
20737162ns          344948 1c00b02a 11912223 sw               x25, 260(x2)        x25:xxxxxxxx  x2:10000d38  PA:10000e3c
20737599ns          344970 1c00b02e 11a12023 sw               x26, 256(x2)        x26:xxxxxxxx  x2:10000d38  PA:10000e38
20737619ns          344971 1c00b032 0fb12e23 sw               x27, 252(x2)        x27:xxxxxxxx  x2:10000d38  PA:10000e34
20737639ns          344972 1c00b034 12112623 sw               x1, 300(x2)          x1:1c00b010  x2:10000d38  PA:10000e64
20737659ns          344973 1c00b038 00800db3 add              x27, x0, x8         x27=00000000  x8:00000000
20737679ns          344974 1c00b03a 12912223 sw               x9, 292(x2)          x9:xxxxxxxx  x2:10000d38  PA:10000e5c
20738116ns          344996 1c00b03e 13212023 sw               x18, 288(x2)        x18:xxxxxxxx  x2:10000d38  PA:10000e58
20738156ns          344998 1c00b042 11312e23 sw               x19, 284(x2)        x19:xxxxxxxx  x2:10000d38  PA:10000e54
20738176ns          344999 1c00b046 11412c23 sw               x20, 280(x2)        x20:xxxxxxxx  x2:10000d38  PA:10000e50
20738196ns          345000 1c00b04a 11512a23 sw               x21, 276(x2)        x21:xxxxxxxx  x2:10000d38  PA:10000e4c
20738216ns          345001 1c00b04e 00a00b33 add              x22, x0, x10        x22=1c00afa4 x10:1c00afa4
20738634ns          345022 1c00b050 00b00d33 add              x26, x0, x11        x26=00000002 x11:00000002
20738653ns          345023 1c00b052 00d00c33 add              x24, x0, x13        x24=10000e8c x13:10000e8c
20738673ns          345024 1c00b054 1c000bb7 lui              x23, 0x1c000000     x23=1c000000
20738693ns          345025 1c00b058 02410c93 addi             x25, x2, 36         x25=10000d5c  x2:10000d38
20738713ns          345026 1c00b05c 00c00433 add              x8, x0, x12          x8=1c000034 x12:1c000034
20739151ns          345048 1c00b05e 00044503 lbu              x10, 0(x8)          x10=00000073  x8:1c000034  PA:1c000034
20739469ns          345064 1c00b062 00140413 addi             x8, x8, 1            x8=1c000035  x8:1c000034
20739489ns          345065 1c00b064 00050e63 beq              x10, x0, 28         x10:00000073
20739509ns          345066 1c00b066 02500793 addi             x15, x0, 37         x15=00000025
20739529ns          345067 1c00b06a 04f50863 beq              x10, x15, 80        x10:00000073 x15:00000025
20739549ns          345068 1c00b06e 01a005b3 add              x11, x0, x26        x11=00000002 x26:00000002
20739708ns          345076 1c00b070 000b00e7 jalr             x1, x22, 0           x1=1c00b072 x22:1c00afa4
20740165ns          345099 1c00afa4 000026b7 lui              x13, 0x2000         x13=00002000
20740205ns          345101 1c00afa6 f14027f3 csrrs            x15, x0, 0xf14      x15=00000001
20740225ns          345102 1c00afaa f8068693 addi             x13, x13, -128      x13=00001f80 x13:00002000
20740662ns          345124 1c00afae 00379713 slli             x14, x15, 0x3       x14=00000008 x15:00000001
20740682ns          345125 1c00afb2 00279793 slli             x15, x15, 0x2       x15=00000004 x15:00000001
20740702ns          345126 1c00afb4 00d7f7b3 and              x15, x15, x13       x15=00000000 x15:00000004 x13:00001f80
20740722ns          345127 1c00afb6 ee873733 p.bclr           x14, x14, 23, 8     x14=00000008 x14:00000008
20740742ns          345128 1c00afba 1a10f6b7 lui              x13, 0x1a10f000     x13=1a10f000
20740762ns          345129 1c00afbe 0ff57513 andi             x10, x10, 255       x10=00000073 x10:00000073
20740782ns          345130 1c00afc2 00d70733 add              x14, x14, x13       x14=1a10f008 x14:00000008 x13:1a10f000
20740802ns          345131 1c00afc4 00a7e723 p.sw             x10, x0(x15)        x10:00000073 x15:00000000  PA:1a10f008
20741160ns          345149 1c00afc8 00000513 addi             x10, x0, 0          x10=00000000
20741180ns          345150 1c00afca 00008067 jalr             x0, x1, 0            x1:1c00b072
20741319ns          345157 1c00b072 31f52563 p.beqimm         x10, 778            x10:00000000
20741339ns          345158 1c00b076 001d8d93 addi             x27, x27, 1         x27=00000001 x27:00000000
20741359ns          345159 1c00b078 00044503 lbu              x10, 0(x8)          x10=00000074  x8:1c000035  PA:1c000035
20741816ns          345182 1c00b07c 00140413 addi             x8, x8, 1            x8=1c000036  x8:1c000035
20741836ns          345183 1c00b07e fe0514e3 bne              x10, x0, -24        x10:00000074
20741916ns          345187 1c00b066 02500793 addi             x15, x0, 37         x15=00000025
20741935ns          345188 1c00b06a 04f50863 beq              x10, x15, 80        x10:00000074 x15:00000025
20741955ns          345189 1c00b06e 01a005b3 add              x11, x0, x26        x11=00000002 x26:00000002
20741975ns          345190 1c00b070 000b00e7 jalr             x1, x22, 0           x1=1c00b072 x22:1c00afa4
20742015ns          345192 1c00afa4 000026b7 lui              x13, 0x2000         x13=00002000
20742035ns          345193 1c00afa6 f14027f3 csrrs            x15, x0, 0xf14      x15=00000001
20742055ns          345194 1c00afaa f8068693 addi             x13, x13, -128      x13=00001f80 x13:00002000
20742075ns          345195 1c00afae 00379713 slli             x14, x15, 0x3       x14=00000008 x15:00000001
20742095ns          345196 1c00afb2 00279793 slli             x15, x15, 0x2       x15=00000004 x15:00000001
20742114ns          345197 1c00afb4 00d7f7b3 and              x15, x15, x13       x15=00000000 x15:00000004 x13:00001f80
20742134ns          345198 1c00afb6 ee873733 p.bclr           x14, x14, 23, 8     x14=00000008 x14:00000008
20742154ns          345199 1c00afba 1a10f6b7 lui              x13, 0x1a10f000     x13=1a10f000
20742174ns          345200 1c00afbe 0ff57513 andi             x10, x10, 255       x10=00000074 x10:00000074
20742194ns          345201 1c00afc2 00d70733 add              x14, x14, x13       x14=1a10f008 x14:00000008 x13:1a10f000
20742214ns          345202 1c00afc4 00a7e723 p.sw             x10, x0(x15)        x10:00000074 x15:00000000  PA:1a10f008
20742552ns          345219 1c00afc8 00000513 addi             x10, x0, 0          x10=00000000
20742572ns          345220 1c00afca 00008067 jalr             x0, x1, 0            x1:1c00b072
20742632ns          345223 1c00b072 31f52563 p.beqimm         x10, 778            x10:00000000
20742651ns          345224 1c00b076 001d8d93 addi             x27, x27, 1         x27=00000002 x27:00000001
20742671ns          345225 1c00b078 00044503 lbu              x10, 0(x8)          x10=00000061  x8:1c000036  PA:1c000036
20742970ns          345240 1c00b07c 00140413 addi             x8, x8, 1            x8=1c000037  x8:1c000036
20742990ns          345241 1c00b07e fe0514e3 bne              x10, x0, -24        x10:00000061
20743069ns          345245 1c00b066 02500793 addi             x15, x0, 37         x15=00000025
20743089ns          345246 1c00b06a 04f50863 beq              x10, x15, 80        x10:00000061 x15:00000025
20743109ns          345247 1c00b06e 01a005b3 add              x11, x0, x26        x11=00000002 x26:00000002
20743129ns          345248 1c00b070 000b00e7 jalr             x1, x22, 0           x1=1c00b072 x22:1c00afa4
20743169ns          345250 1c00afa4 000026b7 lui              x13, 0x2000         x13=00002000
20743189ns          345251 1c00afa6 f14027f3 csrrs            x15, x0, 0xf14      x15=00000001
20743208ns          345252 1c00afaa f8068693 addi             x13, x13, -128      x13=00001f80 x13:00002000
20743228ns          345253 1c00afae 00379713 slli             x14, x15, 0x3       x14=00000008 x15:00000001
20743248ns          345254 1c00afb2 00279793 slli             x15, x15, 0x2       x15=00000004 x15:00000001
20743268ns          345255 1c00afb4 00d7f7b3 and              x15, x15, x13       x15=00000000 x15:00000004 x13:00001f80
20743288ns          345256 1c00afb6 ee873733 p.bclr           x14, x14, 23, 8     x14=00000008 x14:00000008
20743308ns          345257 1c00afba 1a10f6b7 lui              x13, 0x1a10f000     x13=1a10f000
20743328ns          345258 1c00afbe 0ff57513 andi             x10, x10, 255       x10=00000061 x10:00000061
20743348ns          345259 1c00afc2 00d70733 add              x14, x14, x13       x14=1a10f008 x14:00000008 x13:1a10f000
20743368ns          345260 1c00afc4 00a7e723 p.sw             x10, x0(x15)        x10:00000061 x15:00000000  PA:1a10f008
20743686ns          345276 1c00afc8 00000513 addi             x10, x0, 0          x10=00000000
20743706ns          345277 1c00afca 00008067 jalr             x0, x1, 0            x1:1c00b072
20743765ns          345280 1c00b072 31f52563 p.beqimm         x10, 778            x10:00000000
20743785ns          345281 1c00b076 001d8d93 addi             x27, x27, 1         x27=00000003 x27:00000002
20743805ns          345282 1c00b078 00044503 lbu              x10, 0(x8)          x10=00000072  x8:1c000037  PA:1c000037
20744103ns          345297 1c00b07c 00140413 addi             x8, x8, 1            x8=1c000038  x8:1c000037
20744123ns          345298 1c00b07e fe0514e3 bne              x10, x0, -24        x10:00000072
20744203ns          345302 1c00b066 02500793 addi             x15, x0, 37         x15=00000025
20744223ns          345303 1c00b06a 04f50863 beq              x10, x15, 80        x10:00000072 x15:00000025
20744243ns          345304 1c00b06e 01a005b3 add              x11, x0, x26        x11=00000002 x26:00000002
20744263ns          345305 1c00b070 000b00e7 jalr             x1, x22, 0           x1=1c00b072 x22:1c00afa4
20744302ns          345307 1c00afa4 000026b7 lui              x13, 0x2000         x13=00002000
20744322ns          345308 1c00afa6 f14027f3 csrrs            x15, x0, 0xf14      x15=00000001
20744342ns          345309 1c00afaa f8068693 addi             x13, x13, -128      x13=00001f80 x13:00002000
20744362ns          345310 1c00afae 00379713 slli             x14, x15, 0x3       x14=00000008 x15:00000001
20744382ns          345311 1c00afb2 00279793 slli             x15, x15, 0x2       x15=00000004 x15:00000001
20744402ns          345312 1c00afb4 00d7f7b3 and              x15, x15, x13       x15=00000000 x15:00000004 x13:00001f80
20744422ns          345313 1c00afb6 ee873733 p.bclr           x14, x14, 23, 8     x14=00000008 x14:00000008
20744442ns          345314 1c00afba 1a10f6b7 lui              x13, 0x1a10f000     x13=1a10f000
20744462ns          345315 1c00afbe 0ff57513 andi             x10, x10, 255       x10=00000072 x10:00000072
20744481ns          345316 1c00afc2 00d70733 add              x14, x14, x13       x14=1a10f008 x14:00000008 x13:1a10f000
20744501ns          345317 1c00afc4 00a7e723 p.sw             x10, x0(x15)        x10:00000072 x15:00000000  PA:1a10f008
20744859ns          345335 1c00afc8 00000513 addi             x10, x0, 0          x10=00000000
20744879ns          345336 1c00afca 00008067 jalr             x0, x1, 0            x1:1c00b072
20744939ns          345339 1c00b072 31f52563 p.beqimm         x10, 778            x10:00000000
20744959ns          345340 1c00b076 001d8d93 addi             x27, x27, 1         x27=00000004 x27:00000003
20744979ns          345341 1c00b078 00044503 lbu              x10, 0(x8)          x10=00000074  x8:1c000038  PA:1c000038
20745277ns          345356 1c00b07c 00140413 addi             x8, x8, 1            x8=1c000039  x8:1c000038
20745297ns          345357 1c00b07e fe0514e3 bne              x10, x0, -24        x10:00000074
20745376ns          345361 1c00b066 02500793 addi             x15, x0, 37         x15=00000025
20745396ns          345362 1c00b06a 04f50863 beq              x10, x15, 80        x10:00000074 x15:00000025
20745416ns          345363 1c00b06e 01a005b3 add              x11, x0, x26        x11=00000002 x26:00000002
20745436ns          345364 1c00b070 000b00e7 jalr             x1, x22, 0           x1=1c00b072 x22:1c00afa4
20745476ns          345366 1c00afa4 000026b7 lui              x13, 0x2000         x13=00002000
20745496ns          345367 1c00afa6 f14027f3 csrrs            x15, x0, 0xf14      x15=00000001
20745516ns          345368 1c00afaa f8068693 addi             x13, x13, -128      x13=00001f80 x13:00002000
20745536ns          345369 1c00afae 00379713 slli             x14, x15, 0x3       x14=00000008 x15:00000001
20745556ns          345370 1c00afb2 00279793 slli             x15, x15, 0x2       x15=00000004 x15:00000001
20745575ns          345371 1c00afb4 00d7f7b3 and              x15, x15, x13       x15=00000000 x15:00000004 x13:00001f80
20745595ns          345372 1c00afb6 ee873733 p.bclr           x14, x14, 23, 8     x14=00000008 x14:00000008
20745615ns          345373 1c00afba 1a10f6b7 lui              x13, 0x1a10f000     x13=1a10f000
20745635ns          345374 1c00afbe 0ff57513 andi             x10, x10, 255       x10=00000074 x10:00000074
20745655ns          345375 1c00afc2 00d70733 add              x14, x14, x13       x14=1a10f008 x14:00000008 x13:1a10f000
20745675ns          345376 1c00afc4 00a7e723 p.sw             x10, x0(x15)        x10:00000074 x15:00000000  PA:1a10f008
20745993ns          345392 1c00afc8 00000513 addi             x10, x0, 0          x10=00000000
20746013ns          345393 1c00afca 00008067 jalr             x0, x1, 0            x1:1c00b072
20746073ns          345396 1c00b072 31f52563 p.beqimm         x10, 778            x10:00000000
20746093ns          345397 1c00b076 001d8d93 addi             x27, x27, 1         x27=00000005 x27:00000004
20746112ns          345398 1c00b078 00044503 lbu              x10, 0(x8)          x10=00000069  x8:1c000039  PA:1c000039
20746411ns          345413 1c00b07c 00140413 addi             x8, x8, 1            x8=1c00003a  x8:1c000039
20746431ns          345414 1c00b07e fe0514e3 bne              x10, x0, -24        x10:00000069
20746510ns          345418 1c00b066 02500793 addi             x15, x0, 37         x15=00000025
20746530ns          345419 1c00b06a 04f50863 beq              x10, x15, 80        x10:00000069 x15:00000025
20746550ns          345420 1c00b06e 01a005b3 add              x11, x0, x26        x11=00000002 x26:00000002
20746570ns          345421 1c00b070 000b00e7 jalr             x1, x22, 0           x1=1c00b072 x22:1c00afa4
20746610ns          345423 1c00afa4 000026b7 lui              x13, 0x2000         x13=00002000
20746630ns          345424 1c00afa6 f14027f3 csrrs            x15, x0, 0xf14      x15=00000001
20746650ns          345425 1c00afaa f8068693 addi             x13, x13, -128      x13=00001f80 x13:00002000
20746669ns          345426 1c00afae 00379713 slli             x14, x15, 0x3       x14=00000008 x15:00000001
20746689ns          345427 1c00afb2 00279793 slli             x15, x15, 0x2       x15=00000004 x15:00000001
20746709ns          345428 1c00afb4 00d7f7b3 and              x15, x15, x13       x15=00000000 x15:00000004 x13:00001f80
20746729ns          345429 1c00afb6 ee873733 p.bclr           x14, x14, 23, 8     x14=00000008 x14:00000008
20746749ns          345430 1c00afba 1a10f6b7 lui              x13, 0x1a10f000     x13=1a10f000
20746769ns          345431 1c00afbe 0ff57513 andi             x10, x10, 255       x10=00000069 x10:00000069
20746789ns          345432 1c00afc2 00d70733 add              x14, x14, x13       x14=1a10f008 x14:00000008 x13:1a10f000
20746809ns          345433 1c00afc4 00a7e723 p.sw             x10, x0(x15)        x10:00000069 x15:00000000  PA:1a10f008
20747127ns          345449 1c00afc8 00000513 addi             x10, x0, 0          x10=00000000
20747147ns          345450 1c00afca 00008067 jalr             x0, x1, 0            x1:1c00b072
20747206ns          345453 1c00b072 31f52563 p.beqimm         x10, 778            x10:00000000
20747226ns          345454 1c00b076 001d8d93 addi             x27, x27, 1         x27=00000006 x27:00000005
20747246ns          345455 1c00b078 00044503 lbu              x10, 0(x8)          x10=0000006e  x8:1c00003a  PA:1c00003a
20747545ns          345470 1c00b07c 00140413 addi             x8, x8, 1            x8=1c00003b  x8:1c00003a
20747564ns          345471 1c00b07e fe0514e3 bne              x10, x0, -24        x10:0000006e
20747644ns          345475 1c00b066 02500793 addi             x15, x0, 37         x15=00000025
20747664ns          345476 1c00b06a 04f50863 beq              x10, x15, 80        x10:0000006e x15:00000025
20747684ns          345477 1c00b06e 01a005b3 add              x11, x0, x26        x11=00000002 x26:00000002
20747704ns          345478 1c00b070 000b00e7 jalr             x1, x22, 0           x1=1c00b072 x22:1c00afa4
20747743ns          345480 1c00afa4 000026b7 lui              x13, 0x2000         x13=00002000
20747763ns          345481 1c00afa6 f14027f3 csrrs            x15, x0, 0xf14      x15=00000001
20747783ns          345482 1c00afaa f8068693 addi             x13, x13, -128      x13=00001f80 x13:00002000
20747803ns          345483 1c00afae 00379713 slli             x14, x15, 0x3       x14=00000008 x15:00000001
20747823ns          345484 1c00afb2 00279793 slli             x15, x15, 0x2       x15=00000004 x15:00000001
20747843ns          345485 1c00afb4 00d7f7b3 and              x15, x15, x13       x15=00000000 x15:00000004 x13:00001f80
20747863ns          345486 1c00afb6 ee873733 p.bclr           x14, x14, 23, 8     x14=00000008 x14:00000008
20747883ns          345487 1c00afba 1a10f6b7 lui              x13, 0x1a10f000     x13=1a10f000
20747903ns          345488 1c00afbe 0ff57513 andi             x10, x10, 255       x10=0000006e x10:0000006e
20747923ns          345489 1c00afc2 00d70733 add              x14, x14, x13       x14=1a10f008 x14:00000008 x13:1a10f000
20747942ns          345490 1c00afc4 00a7e723 p.sw             x10, x0(x15)        x10:0000006e x15:00000000  PA:1a10f008
20748300ns          345508 1c00afc8 00000513 addi             x10, x0, 0          x10=00000000
20748320ns          345509 1c00afca 00008067 jalr             x0, x1, 0            x1:1c00b072
20748380ns          345512 1c00b072 31f52563 p.beqimm         x10, 778            x10:00000000
20748400ns          345513 1c00b076 001d8d93 addi             x27, x27, 1         x27=00000007 x27:00000006
20748420ns          345514 1c00b078 00044503 lbu              x10, 0(x8)          x10=00000067  x8:1c00003b  PA:1c00003b
20748718ns          345529 1c00b07c 00140413 addi             x8, x8, 1            x8=1c00003c  x8:1c00003b
20748738ns          345530 1c00b07e fe0514e3 bne              x10, x0, -24        x10:00000067
20748818ns          345534 1c00b066 02500793 addi             x15, x0, 37         x15=00000025
20748837ns          345535 1c00b06a 04f50863 beq              x10, x15, 80        x10:00000067 x15:00000025
20748857ns          345536 1c00b06e 01a005b3 add              x11, x0, x26        x11=00000002 x26:00000002
20748877ns          345537 1c00b070 000b00e7 jalr             x1, x22, 0           x1=1c00b072 x22:1c00afa4
20748917ns          345539 1c00afa4 000026b7 lui              x13, 0x2000         x13=00002000
20748937ns          345540 1c00afa6 f14027f3 csrrs            x15, x0, 0xf14      x15=00000001
20748957ns          345541 1c00afaa f8068693 addi             x13, x13, -128      x13=00001f80 x13:00002000
20748977ns          345542 1c00afae 00379713 slli             x14, x15, 0x3       x14=00000008 x15:00000001
20748997ns          345543 1c00afb2 00279793 slli             x15, x15, 0x2       x15=00000004 x15:00000001
20749017ns          345544 1c00afb4 00d7f7b3 and              x15, x15, x13       x15=00000000 x15:00000004 x13:00001f80
20749036ns          345545 1c00afb6 ee873733 p.bclr           x14, x14, 23, 8     x14=00000008 x14:00000008
20749056ns          345546 1c00afba 1a10f6b7 lui              x13, 0x1a10f000     x13=1a10f000
20749076ns          345547 1c00afbe 0ff57513 andi             x10, x10, 255       x10=00000067 x10:00000067
20749096ns          345548 1c00afc2 00d70733 add              x14, x14, x13       x14=1a10f008 x14:00000008 x13:1a10f000
20749116ns          345549 1c00afc4 00a7e723 p.sw             x10, x0(x15)        x10:00000067 x15:00000000  PA:1a10f008
20749434ns          345565 1c00afc8 00000513 addi             x10, x0, 0          x10=00000000
20749454ns          345566 1c00afca 00008067 jalr             x0, x1, 0            x1:1c00b072
20749514ns          345569 1c00b072 31f52563 p.beqimm         x10, 778            x10:00000000
20749534ns          345570 1c00b076 001d8d93 addi             x27, x27, 1         x27=00000008 x27:00000007
20749554ns          345571 1c00b078 00044503 lbu              x10, 0(x8)          x10=00000020  x8:1c00003c  PA:1c00003c
20749852ns          345586 1c00b07c 00140413 addi             x8, x8, 1            x8=1c00003d  x8:1c00003c
20749872ns          345587 1c00b07e fe0514e3 bne              x10, x0, -24        x10:00000020
20749951ns          345591 1c00b066 02500793 addi             x15, x0, 37         x15=00000025
20749971ns          345592 1c00b06a 04f50863 beq              x10, x15, 80        x10:00000020 x15:00000025
20749991ns          345593 1c00b06e 01a005b3 add              x11, x0, x26        x11=00000002 x26:00000002
20750011ns          345594 1c00b070 000b00e7 jalr             x1, x22, 0           x1=1c00b072 x22:1c00afa4
20750051ns          345596 1c00afa4 000026b7 lui              x13, 0x2000         x13=00002000
20750071ns          345597 1c00afa6 f14027f3 csrrs            x15, x0, 0xf14      x15=00000001
20750091ns          345598 1c00afaa f8068693 addi             x13, x13, -128      x13=00001f80 x13:00002000
20750110ns          345599 1c00afae 00379713 slli             x14, x15, 0x3       x14=00000008 x15:00000001
20750130ns          345600 1c00afb2 00279793 slli             x15, x15, 0x2       x15=00000004 x15:00000001
20750150ns          345601 1c00afb4 00d7f7b3 and              x15, x15, x13       x15=00000000 x15:00000004 x13:00001f80
20750170ns          345602 1c00afb6 ee873733 p.bclr           x14, x14, 23, 8     x14=00000008 x14:00000008
20750190ns          345603 1c00afba 1a10f6b7 lui              x13, 0x1a10f000     x13=1a10f000
20750210ns          345604 1c00afbe 0ff57513 andi             x10, x10, 255       x10=00000020 x10:00000020
20750230ns          345605 1c00afc2 00d70733 add              x14, x14, x13       x14=1a10f008 x14:00000008 x13:1a10f000
20750250ns          345606 1c00afc4 00a7e723 p.sw             x10, x0(x15)        x10:00000020 x15:00000000  PA:1a10f008
20750568ns          345622 1c00afc8 00000513 addi             x10, x0, 0          x10=00000000
20750588ns          345623 1c00afca 00008067 jalr             x0, x1, 0            x1:1c00b072
20750648ns          345626 1c00b072 31f52563 p.beqimm         x10, 778            x10:00000000
20750667ns          345627 1c00b076 001d8d93 addi             x27, x27, 1         x27=00000009 x27:00000008
20750687ns          345628 1c00b078 00044503 lbu              x10, 0(x8)          x10=00000025  x8:1c00003d  PA:1c00003d
20750986ns          345643 1c00b07c 00140413 addi             x8, x8, 1            x8=1c00003e  x8:1c00003d
20751006ns          345644 1c00b07e fe0514e3 bne              x10, x0, -24        x10:00000025
20751085ns          345648 1c00b066 02500793 addi             x15, x0, 37         x15=00000025
20751105ns          345649 1c00b06a 04f50863 beq              x10, x15, 80        x10:00000025 x15:00000025
20751622ns          345675 1c00b0ba 00044483 lbu              x9, 0(x8)            x9=00000064  x8:1c00003e  PA:1c00003e
20752100ns          345699 1c00b0be 02000693 addi             x13, x0, 32         x13=00000020
20752119ns          345700 1c00b0c2 00140a93 addi             x21, x8, 1          x21=1c00003f  x8:1c00003e
20752139ns          345701 1c00b0c6 009005b3 add              x11, x0, x9         x11=00000064  x9:00000064
20752159ns          345702 1c00b0c8 0c8b8513 addi             x10, x23, 200       x10=1c0000c8 x23:1c000000
20752179ns          345703 1c00b0cc 00d12823 sw               x13, 16(x2)         x13:00000020  x2:10000d38  PA:10000d48
20752199ns          345704 1c00b0ce 00012c23 sw               x0, 24(x2)           x2:10000d38  PA:10000d50
20752577ns          345723 1c00b0d0 00012a23 sw               x0, 20(x2)           x2:10000d38  PA:10000d4c
20752597ns          345724 1c00b0d2 00012e23 sw               x0, 28(x2)           x2:10000d38  PA:10000d54
20752617ns          345725 1c00b0d4 00012623 sw               x0, 12(x2)           x2:10000d38  PA:10000d44
20752637ns          345726 1c00b0d6 02300913 addi             x18, x0, 35         x18=00000023
20752657ns          345727 1c00b0da 02d00a13 addi             x20, x0, 45         x20=0000002d
20752676ns          345728 1c00b0de 015009b3 add              x19, x0, x21        x19=1c00003f x21:1c00003f
20753094ns          345749 1c00b0e0 e97ff0ef jal              x1, -362             x1=1c00b0e2
20753591ns          345774 1c00af76 00054783 lbu              x15, 0(x10)         x15=0000002d x10:1c0000c8  PA:1c0000c8
20754029ns          345796 1c00af7a 0ff5f593 andi             x11, x11, 255       x11=00000064 x11:00000064
20754069ns          345798 1c00af7e 00b78c63 beq              x15, x11, 24        x15:0000002d x11:00000064
20754089ns          345799 1c00af82 00078b63 beq              x15, x0, 22         x15:0000002d
20754109ns          345800 1c00af84 00150793 addi             x15, x10, 1         x15=1c0000c9 x10:1c0000c8
20754128ns          345801 1c00af88 0040006f jal              x0, 4              
20754168ns          345803 1c00af8c 00f00533 add              x10, x0, x15        x10=1c0000c9 x15:1c0000c9
20754606ns          345825 1c00af8e 0017c70b p.lbu            x14, 1(x15!)        x14=0000002b x15=1c0000ca x15:1c0000c9  PA:1c0000c9
20754924ns          345841 1c00af92 feb71ce3 bne              x14, x11, -8        x14:0000002b x11:00000064
20754984ns          345844 1c00af8a 00070763 beq              x14, x0, 14         x14:0000002b
20755004ns          345845 1c00af8c 00f00533 add              x10, x0, x15        x10=1c0000ca x15:1c0000ca
20755024ns          345846 1c00af8e 0017c70b p.lbu            x14, 1(x15!)        x14=00000020 x15=1c0000cb x15:1c0000ca  PA:1c0000ca
20755342ns          345862 1c00af92 feb71ce3 bne              x14, x11, -8        x14:00000020 x11:00000064
20755401ns          345865 1c00af8a 00070763 beq              x14, x0, 14         x14:00000020
20755421ns          345866 1c00af8c 00f00533 add              x10, x0, x15        x10=1c0000cb x15:1c0000cb
20755441ns          345867 1c00af8e 0017c70b p.lbu            x14, 1(x15!)        x14=00000023 x15=1c0000cc x15:1c0000cb  PA:1c0000cb
20755759ns          345883 1c00af92 feb71ce3 bne              x14, x11, -8        x14:00000023 x11:00000064
20755819ns          345886 1c00af8a 00070763 beq              x14, x0, 14         x14:00000023
20755839ns          345887 1c00af8c 00f00533 add              x10, x0, x15        x10=1c0000cc x15:1c0000cc
20755859ns          345888 1c00af8e 0017c70b p.lbu            x14, 1(x15!)        x14=00000030 x15=1c0000cd x15:1c0000cc  PA:1c0000cc
20756177ns          345904 1c00af92 feb71ce3 bne              x14, x11, -8        x14:00000030 x11:00000064
20756237ns          345907 1c00af8a 00070763 beq              x14, x0, 14         x14:00000030
20756257ns          345908 1c00af8c 00f00533 add              x10, x0, x15        x10=1c0000cd x15:1c0000cd
20756277ns          345909 1c00af8e 0017c70b p.lbu            x14, 1(x15!)        x14=00000000 x15=1c0000ce x15:1c0000cd  PA:1c0000cd
20756595ns          345925 1c00af92 feb71ce3 bne              x14, x11, -8        x14:00000000 x11:00000064
20756655ns          345928 1c00af8a 00070763 beq              x14, x0, 14         x14:00000000
20756714ns          345931 1c00af98 0015b593 sltiu            x11, x11, 1         x11=00000000 x11:00000064
20756734ns          345932 1c00af9c 40b005b3 sub              x11, x0, x11        x11=00000000 x11:00000000
20756754ns          345933 1c00afa0 00b57533 and              x10, x10, x11       x10=00000000 x10:1c0000cd x11:00000000
20756774ns          345934 1c00afa2 00008067 jalr             x0, x1, 0            x1:1c00b0e2
20756814ns          345936 1c00b0e2 02050a63 beq              x10, x0, 52         x10:00000000
20757331ns          345962 1c00b116 02a00613 addi             x12, x0, 42         x12=0000002a
20757351ns          345963 1c00b11a 2ac48663 beq              x9, x12, 684         x9:00000064 x12:0000002a
20757788ns          345985 1c00b11e fd048613 addi             x12, x9, -48        x12=00000034  x9:00000064
20757808ns          345986 1c00b122 00900593 addi             x11, x0, 9          x11=00000009
20757828ns          345987 1c00b124 00000913 addi             x18, x0, 0          x18=00000000
20757848ns          345988 1c00b126 28c5f063 bgeu             x11, x12, 640       x11:00000009 x12:00000034
20757868ns          345989 1c00b12a 02e00693 addi             x13, x0, 46         x13=0000002e
20757888ns          345990 1c00b12e fff00a13 addi             x20, x0, -1         x20=ffffffff
20758325ns          346012 1c00b130 2ed48363 beq              x9, x13, 742         x9:00000064 x13:0000002e
20758365ns          346014 1c00b134 1c0007b7 lui              x15, 0x1c000000     x15=1c000000
20758385ns          346015 1c00b138 009005b3 add              x11, x0, x9         x11=00000064  x9:00000064
20758405ns          346016 1c00b13a 0d078513 addi             x10, x15, 208       x10=1c0000d0 x15:1c000000
20758425ns          346017 1c00b13e e39ff0ef jal              x1, -456             x1=1c00b140
20758902ns          346041 1c00af76 00054783 lbu              x15, 0(x10)         x15=00000068 x10:1c0000d0  PA:1c0000d0
20759201ns          346056 1c00af7a 0ff5f593 andi             x11, x11, 255       x11=00000064 x11:00000064
20759220ns          346057 1c00af7e 00b78c63 beq              x15, x11, 24        x15:00000068 x11:00000064
20759240ns          346058 1c00af82 00078b63 beq              x15, x0, 22         x15:00000068
20759260ns          346059 1c00af84 00150793 addi             x15, x10, 1         x15=1c0000d1 x10:1c0000d0
20759280ns          346060 1c00af88 0040006f jal              x0, 4              
20759380ns          346065 1c00af8c 00f00533 add              x10, x0, x15        x10=1c0000d1 x15:1c0000d1
20759399ns          346066 1c00af8e 0017c70b p.lbu            x14, 1(x15!)        x14=0000006c x15=1c0000d2 x15:1c0000d1  PA:1c0000d1
20759718ns          346082 1c00af92 feb71ce3 bne              x14, x11, -8        x14:0000006c x11:00000064
20759777ns          346085 1c00af8a 00070763 beq              x14, x0, 14         x14:0000006c
20759797ns          346086 1c00af8c 00f00533 add              x10, x0, x15        x10=1c0000d2 x15:1c0000d2
20759817ns          346087 1c00af8e 0017c70b p.lbu            x14, 1(x15!)        x14=0000004c x15=1c0000d3 x15:1c0000d2  PA:1c0000d2
20760135ns          346103 1c00af92 feb71ce3 bne              x14, x11, -8        x14:0000004c x11:00000064
20760195ns          346106 1c00af8a 00070763 beq              x14, x0, 14         x14:0000004c
20760215ns          346107 1c00af8c 00f00533 add              x10, x0, x15        x10=1c0000d3 x15:1c0000d3
20760235ns          346108 1c00af8e 0017c70b p.lbu            x14, 1(x15!)        x14=0000007a x15=1c0000d4 x15:1c0000d3  PA:1c0000d3
20760553ns          346124 1c00af92 feb71ce3 bne              x14, x11, -8        x14:0000007a x11:00000064
20760613ns          346127 1c00af8a 00070763 beq              x14, x0, 14         x14:0000007a
20760633ns          346128 1c00af8c 00f00533 add              x10, x0, x15        x10=1c0000d4 x15:1c0000d4
20760653ns          346129 1c00af8e 0017c70b p.lbu            x14, 1(x15!)        x14=00000000 x15=1c0000d5 x15:1c0000d4  PA:1c0000d4
20760971ns          346145 1c00af92 feb71ce3 bne              x14, x11, -8        x14:00000000 x11:00000064
20761031ns          346148 1c00af8a 00070763 beq              x14, x0, 14         x14:00000000
20761090ns          346151 1c00af98 0015b593 sltiu            x11, x11, 1         x11=00000000 x11:00000064
20761110ns          346152 1c00af9c 40b005b3 sub              x11, x0, x11        x11=00000000 x11:00000000
20761130ns          346153 1c00afa0 00b57533 and              x10, x10, x11       x10=00000000 x10:1c0000d4 x11:00000000
20761150ns          346154 1c00afa2 00008067 jalr             x0, x1, 0            x1:1c00b140
20761190ns          346156 1c00b140 01300433 add              x8, x0, x19          x8=1c00003f x19:1c00003f
20761210ns          346157 1c00b142 00050563 beq              x10, x0, 10         x10:00000000
20761269ns          346160 1c00b14c 06700693 addi             x13, x0, 103        x13=00000067
20761707ns          346182 1c00b150 2896d963 bge              x13, x9, 658        x13:00000067  x9:00000064
20762244ns          346209 1c00b3e2 06500693 addi             x13, x0, 101        x13=00000065
20762264ns          346210 1c00b3e6 12d4d563 bge              x9, x13, 298         x9:00000064 x13:00000065
20762284ns          346211 1c00b3ea 04700693 addi             x13, x0, 71         x13=00000047
20762721ns          346233 1c00b3ee dc96cbe3 blt              x13, x9, -554       x13:00000047  x9:00000064
20763199ns          346257 1c00b1c4 06300693 addi             x13, x0, 99         x13=00000063
20763238ns          346259 1c00b1c8 0ad488e3 beq              x9, x13, 2224        x9:00000064 x13:00000063
20763258ns          346260 1c00b1cc 0096c9e3 blt              x13, x9, 2066       x13:00000063  x9:00000064
20764651ns          346330 1c00b9de 000c2583 lw               x11, 0(x24)         x11=00000001 x24:10000e8c  PA:10000e8c
20764671ns          346331 1c00b9e2 004c0c13 addi             x24, x24, 4         x24=10000e90 x24:10000e8c
20764690ns          346332 1c00b9e4 3405cc63 blt              x11, x0, 856        x11:00000001
20764710ns          346333 1c00b9e8 01412603 lw               x12, 20(x2)         x12=00000000  x2:10000d38  PA:10000d4c
20764750ns          346335 1c00b9ea 00b006b3 add              x13, x0, x11        x13=00000001 x11:00000001
20764770ns          346336 1c00b9ec 2e061863 bne              x12, x0, 752        x12:00000000
20765168ns          346356 1c00b9f0 01812703 lw               x14, 24(x2)         x14=00000000  x2:10000d38  PA:10000d50
20765188ns          346357 1c00b9f2 019007b3 add              x15, x0, x25        x15=10000d5c x25:10000d5c
20765208ns          346358 1c00b9f4 00070763 beq              x14, x0, 14         x14:00000000
20765685ns          346382 1c00ba02 00f00733 add              x14, x0, x15        x14=10000d5c x15:10000d5c
20765725ns          346384 1c00ba04 00a00513 addi             x10, x0, 10         x10=0000000a
20765745ns          346385 1c00ba06 02a6f633 remu             x12, x13, x10       x12=00000001 x13:00000001 x10:0000000a
20766361ns          346416 1c00ba0a 02a6d6b3 divu             x13, x13, x10       x13=00000000 x13:00000001 x10:0000000a
20766978ns          346447 1c00ba0e 03060613 addi             x12, x12, 48        x12=00000031 x12:00000001
20766998ns          346448 1c00ba12 00c700ab p.sb             x12, 1(x14!)        x14=10000d5d x12:00000031 x14:10000d5c  PA:10000d5c
20767018ns          346449 1c00ba16 fe0698e3 bne              x13, x0, -16        x13:00000000
20767038ns          346450 1c00ba18 40f706b3 sub              x13, x14, x15       x13=00000001 x14:10000d5d x15:10000d5c
20767057ns          346451 1c00ba1c 0146dc63 bge              x13, x20, 24        x13:00000001 x20:ffffffff
20767952ns          346496 1c00ba34 00e006b3 add              x13, x0, x14        x13=10000d5d x14:10000d5d
20767992ns          346498 1c00ba36 fe068fab p.sb             x0, -1(x13!)        x13=10000d5c x13:10000d5d  PA:10000d5d
20768012ns          346499 1c00ba3a 00d7fc63 bgeu             x15, x13, 24        x15:10000d5c x13:10000d5c
20768927ns          346545 1c00ba52 01412783 lw               x15, 20(x2)         x15=00000000  x2:10000d38  PA:10000d4c
20768967ns          346547 1c00ba54 01812603 lw               x12, 24(x2)         x12=00000000  x2:10000d38  PA:10000d50
20768987ns          346548 1c00ba56 419704b3 sub              x9, x14, x25         x9=00000001 x14:10000d5d x25:10000d5c
20769007ns          346549 1c00ba5a 00c7e7b3 or               x15, x15, x12       x15=00000000 x15:00000000 x12:00000000
20769027ns          346550 1c00ba5c 00f12623 sw               x15, 12(x2)         x15:00000000  x2:10000d38  PA:10000d44
20769046ns          346551 1c00ba5e 00079363 bne              x15, x0, 6          x15:00000000
20769444ns          346571 1c00ba60 01f5d593 srli             x11, x11, 0x1f      x11=00000000 x11:00000001
20769464ns          346572 1c00ba62 00b12623 sw               x11, 12(x2)         x11:00000000  x2:10000d38  PA:10000d44
20769484ns          346573 1c00ba64 e3fa28e3 p.beqimm         x20, -464           x20:ffffffff
20769961ns          346597 1c00b894 0c800793 addi             x15, x0, 200        x15=000000c8
20770001ns          346599 1c00b898 9e97d0e3 bge              x15, x9, -1568      x15:000000c8  x9:00000001
20770916ns          346645 1c00b278 0f24d163 bge              x9, x18, 226         x9:00000001 x18:00000000
20771433ns          346671 1c00b35a d00482e3 beq              x9, x0, -764         x9:00000001
20771453ns          346672 1c00b35e 01900933 add              x18, x0, x25        x18=10000d5c x25:10000d5c
20771871ns          346693 1c00b360 419d8db3 sub              x27, x27, x25       x27=effff2ad x27:00000009 x25:10000d5c
20771911ns          346695 1c00b364 00a0006f jal              x0, 10             
20772388ns          346719 1c00b36e 0019450b p.lbu            x10, 1(x18!)        x10=00000031 x18=10000d5d x18:10000d5c  PA:10000d5c
20772408ns          346720 1c00b372 01a005b3 add              x11, x0, x26        x11=00000002 x26:00000002
20772428ns          346721 1c00b374 000b00e7 jalr             x1, x22, 0           x1=1c00b376 x22:1c00afa4
20772468ns          346723 1c00afa4 000026b7 lui              x13, 0x2000         x13=00002000
20772488ns          346724 1c00afa6 f14027f3 csrrs            x15, x0, 0xf14      x15=00000001
20772507ns          346725 1c00afaa f8068693 addi             x13, x13, -128      x13=00001f80 x13:00002000
20772567ns          346728 1c00afae 00379713 slli             x14, x15, 0x3       x14=00000008 x15:00000001
20772587ns          346729 1c00afb2 00279793 slli             x15, x15, 0x2       x15=00000004 x15:00000001
20772607ns          346730 1c00afb4 00d7f7b3 and              x15, x15, x13       x15=00000000 x15:00000004 x13:00001f80
20772627ns          346731 1c00afb6 ee873733 p.bclr           x14, x14, 23, 8     x14=00000008 x14:00000008
20772647ns          346732 1c00afba 1a10f6b7 lui              x13, 0x1a10f000     x13=1a10f000
20772706ns          346735 1c00afbe 0ff57513 andi             x10, x10, 255       x10=00000031 x10:00000031
20772726ns          346736 1c00afc2 00d70733 add              x14, x14, x13       x14=1a10f008 x14:00000008 x13:1a10f000
20772746ns          346737 1c00afc4 00a7e723 p.sw             x10, x0(x15)        x10:00000031 x15:00000000  PA:1a10f008
20773104ns          346755 1c00afc8 00000513 addi             x10, x0, 0          x10=00000000
20773124ns          346756 1c00afca 00008067 jalr             x0, x1, 0            x1:1c00b376
20773164ns          346758 1c00b376 fff48493 addi             x9, x9, -1           x9=00000000  x9:00000001
20773184ns          346759 1c00b378 fff537e3 p.bneimm         x10, -18            x10:00000000
20773661ns          346783 1c00b366 012d8733 add              x14, x27, x18       x14=0000000a x27:effff2ad x18:10000d5d
20773681ns          346784 1c00b36a 5a048b63 beq              x9, x0, 1462         x9:00000000
20774178ns          346809 1c00b920 00e00db3 add              x27, x0, x14        x27=0000000a x14:0000000a
20774218ns          346811 1c00b922 f3cff06f jal              x0, -2244          
20774377ns          346819 1c00b05e 00044503 lbu              x10, 0(x8)          x10=00000020  x8:1c00003f  PA:1c00003f
20774676ns          346834 1c00b062 00140413 addi             x8, x8, 1            x8=1c000040  x8:1c00003f
20774695ns          346835 1c00b064 00050e63 beq              x10, x0, 28         x10:00000020
20774715ns          346836 1c00b066 02500793 addi             x15, x0, 37         x15=00000025
20774735ns          346837 1c00b06a 04f50863 beq              x10, x15, 80        x10:00000020 x15:00000025
20774755ns          346838 1c00b06e 01a005b3 add              x11, x0, x26        x11=00000002 x26:00000002
20774775ns          346839 1c00b070 000b00e7 jalr             x1, x22, 0           x1=1c00b072 x22:1c00afa4
20774855ns          346843 1c00afa4 000026b7 lui              x13, 0x2000         x13=00002000
20774894ns          346845 1c00afa6 f14027f3 csrrs            x15, x0, 0xf14      x15=00000001
20774914ns          346846 1c00afaa f8068693 addi             x13, x13, -128      x13=00001f80 x13:00002000
20774934ns          346847 1c00afae 00379713 slli             x14, x15, 0x3       x14=00000008 x15:00000001
20774954ns          346848 1c00afb2 00279793 slli             x15, x15, 0x2       x15=00000004 x15:00000001
20774974ns          346849 1c00afb4 00d7f7b3 and              x15, x15, x13       x15=00000000 x15:00000004 x13:00001f80
20774994ns          346850 1c00afb6 ee873733 p.bclr           x14, x14, 23, 8     x14=00000008 x14:00000008
20775014ns          346851 1c00afba 1a10f6b7 lui              x13, 0x1a10f000     x13=1a10f000
20775034ns          346852 1c00afbe 0ff57513 andi             x10, x10, 255       x10=00000020 x10:00000020
20775053ns          346853 1c00afc2 00d70733 add              x14, x14, x13       x14=1a10f008 x14:00000008 x13:1a10f000
20775073ns          346854 1c00afc4 00a7e723 p.sw             x10, x0(x15)        x10:00000020 x15:00000000  PA:1a10f008
20775451ns          346873 1c00afc8 00000513 addi             x10, x0, 0          x10=00000000
20775471ns          346874 1c00afca 00008067 jalr             x0, x1, 0            x1:1c00b072
20775531ns          346877 1c00b072 31f52563 p.beqimm         x10, 778            x10:00000000
20775551ns          346878 1c00b076 001d8d93 addi             x27, x27, 1         x27=0000000b x27:0000000a
20775571ns          346879 1c00b078 00044503 lbu              x10, 0(x8)          x10=0000006b  x8:1c000040  PA:1c000040
20775869ns          346894 1c00b07c 00140413 addi             x8, x8, 1            x8=1c000041  x8:1c000040
20775889ns          346895 1c00b07e fe0514e3 bne              x10, x0, -24        x10:0000006b
20775968ns          346899 1c00b066 02500793 addi             x15, x0, 37         x15=00000025
20775988ns          346900 1c00b06a 04f50863 beq              x10, x15, 80        x10:0000006b x15:00000025
20776008ns          346901 1c00b06e 01a005b3 add              x11, x0, x26        x11=00000002 x26:00000002
20776028ns          346902 1c00b070 000b00e7 jalr             x1, x22, 0           x1=1c00b072 x22:1c00afa4
20776068ns          346904 1c00afa4 000026b7 lui              x13, 0x2000         x13=00002000
20776088ns          346905 1c00afa6 f14027f3 csrrs            x15, x0, 0xf14      x15=00000001
20776108ns          346906 1c00afaa f8068693 addi             x13, x13, -128      x13=00001f80 x13:00002000
20776128ns          346907 1c00afae 00379713 slli             x14, x15, 0x3       x14=00000008 x15:00000001
20776147ns          346908 1c00afb2 00279793 slli             x15, x15, 0x2       x15=00000004 x15:00000001
20776167ns          346909 1c00afb4 00d7f7b3 and              x15, x15, x13       x15=00000000 x15:00000004 x13:00001f80
20776187ns          346910 1c00afb6 ee873733 p.bclr           x14, x14, 23, 8     x14=00000008 x14:00000008
20776207ns          346911 1c00afba 1a10f6b7 lui              x13, 0x1a10f000     x13=1a10f000
20776227ns          346912 1c00afbe 0ff57513 andi             x10, x10, 255       x10=0000006b x10:0000006b
20776247ns          346913 1c00afc2 00d70733 add              x14, x14, x13       x14=1a10f008 x14:00000008 x13:1a10f000
20776267ns          346914 1c00afc4 00a7e723 p.sw             x10, x0(x15)        x10:0000006b x15:00000000  PA:1a10f008
20776585ns          346930 1c00afc8 00000513 addi             x10, x0, 0          x10=00000000
20776605ns          346931 1c00afca 00008067 jalr             x0, x1, 0            x1:1c00b072
20776665ns          346934 1c00b072 31f52563 p.beqimm         x10, 778            x10:00000000
20776685ns          346935 1c00b076 001d8d93 addi             x27, x27, 1         x27=0000000c x27:0000000b
20776704ns          346936 1c00b078 00044503 lbu              x10, 0(x8)          x10=00000065  x8:1c000041  PA:1c000041
20777003ns          346951 1c00b07c 00140413 addi             x8, x8, 1            x8=1c000042  x8:1c000041
20777023ns          346952 1c00b07e fe0514e3 bne              x10, x0, -24        x10:00000065
20777102ns          346956 1c00b066 02500793 addi             x15, x0, 37         x15=00000025
20777122ns          346957 1c00b06a 04f50863 beq              x10, x15, 80        x10:00000065 x15:00000025
20777142ns          346958 1c00b06e 01a005b3 add              x11, x0, x26        x11=00000002 x26:00000002
20777162ns          346959 1c00b070 000b00e7 jalr             x1, x22, 0           x1=1c00b072 x22:1c00afa4
20777202ns          346961 1c00afa4 000026b7 lui              x13, 0x2000         x13=00002000
20777222ns          346962 1c00afa6 f14027f3 csrrs            x15, x0, 0xf14      x15=00000001
20777241ns          346963 1c00afaa f8068693 addi             x13, x13, -128      x13=00001f80 x13:00002000
20777261ns          346964 1c00afae 00379713 slli             x14, x15, 0x3       x14=00000008 x15:00000001
20777281ns          346965 1c00afb2 00279793 slli             x15, x15, 0x2       x15=00000004 x15:00000001
20777301ns          346966 1c00afb4 00d7f7b3 and              x15, x15, x13       x15=00000000 x15:00000004 x13:00001f80
20777321ns          346967 1c00afb6 ee873733 p.bclr           x14, x14, 23, 8     x14=00000008 x14:00000008
20777341ns          346968 1c00afba 1a10f6b7 lui              x13, 0x1a10f000     x13=1a10f000
20777361ns          346969 1c00afbe 0ff57513 andi             x10, x10, 255       x10=00000065 x10:00000065
20777381ns          346970 1c00afc2 00d70733 add              x14, x14, x13       x14=1a10f008 x14:00000008 x13:1a10f000
20777401ns          346971 1c00afc4 00a7e723 p.sw             x10, x0(x15)        x10:00000065 x15:00000000  PA:1a10f008
20777739ns          346988 1c00afc8 00000513 addi             x10, x0, 0          x10=00000000
20777759ns          346989 1c00afca 00008067 jalr             x0, x1, 0            x1:1c00b072
20777818ns          346992 1c00b072 31f52563 p.beqimm         x10, 778            x10:00000000
20777838ns          346993 1c00b076 001d8d93 addi             x27, x27, 1         x27=0000000d x27:0000000c
20777858ns          346994 1c00b078 00044503 lbu              x10, 0(x8)          x10=00000072  x8:1c000042  PA:1c000042
20778156ns          347009 1c00b07c 00140413 addi             x8, x8, 1            x8=1c000043  x8:1c000042
20778176ns          347010 1c00b07e fe0514e3 bne              x10, x0, -24        x10:00000072
20778256ns          347014 1c00b066 02500793 addi             x15, x0, 37         x15=00000025
20778276ns          347015 1c00b06a 04f50863 beq              x10, x15, 80        x10:00000072 x15:00000025
20778296ns          347016 1c00b06e 01a005b3 add              x11, x0, x26        x11=00000002 x26:00000002
20778316ns          347017 1c00b070 000b00e7 jalr             x1, x22, 0           x1=1c00b072 x22:1c00afa4
20778355ns          347019 1c00afa4 000026b7 lui              x13, 0x2000         x13=00002000
20778375ns          347020 1c00afa6 f14027f3 csrrs            x15, x0, 0xf14      x15=00000001
20778395ns          347021 1c00afaa f8068693 addi             x13, x13, -128      x13=00001f80 x13:00002000
20778415ns          347022 1c00afae 00379713 slli             x14, x15, 0x3       x14=00000008 x15:00000001
20778435ns          347023 1c00afb2 00279793 slli             x15, x15, 0x2       x15=00000004 x15:00000001
20778455ns          347024 1c00afb4 00d7f7b3 and              x15, x15, x13       x15=00000000 x15:00000004 x13:00001f80
20778475ns          347025 1c00afb6 ee873733 p.bclr           x14, x14, 23, 8     x14=00000008 x14:00000008
20778495ns          347026 1c00afba 1a10f6b7 lui              x13, 0x1a10f000     x13=1a10f000
20778514ns          347027 1c00afbe 0ff57513 andi             x10, x10, 255       x10=00000072 x10:00000072
20778534ns          347028 1c00afc2 00d70733 add              x14, x14, x13       x14=1a10f008 x14:00000008 x13:1a10f000
20778554ns          347029 1c00afc4 00a7e723 p.sw             x10, x0(x15)        x10:00000072 x15:00000000  PA:1a10f008
20778892ns          347046 1c00afc8 00000513 addi             x10, x0, 0          x10=00000000
20778912ns          347047 1c00afca 00008067 jalr             x0, x1, 0            x1:1c00b072
20778972ns          347050 1c00b072 31f52563 p.beqimm         x10, 778            x10:00000000
20778992ns          347051 1c00b076 001d8d93 addi             x27, x27, 1         x27=0000000e x27:0000000d
20779012ns          347052 1c00b078 00044503 lbu              x10, 0(x8)          x10=0000006e  x8:1c000043  PA:1c000043
20779310ns          347067 1c00b07c 00140413 addi             x8, x8, 1            x8=1c000044  x8:1c000043
20779330ns          347068 1c00b07e fe0514e3 bne              x10, x0, -24        x10:0000006e
20779410ns          347072 1c00b066 02500793 addi             x15, x0, 37         x15=00000025
20779429ns          347073 1c00b06a 04f50863 beq              x10, x15, 80        x10:0000006e x15:00000025
20779449ns          347074 1c00b06e 01a005b3 add              x11, x0, x26        x11=00000002 x26:00000002
20779469ns          347075 1c00b070 000b00e7 jalr             x1, x22, 0           x1=1c00b072 x22:1c00afa4
20779509ns          347077 1c00afa4 000026b7 lui              x13, 0x2000         x13=00002000
20779529ns          347078 1c00afa6 f14027f3 csrrs            x15, x0, 0xf14      x15=00000001
20779549ns          347079 1c00afaa f8068693 addi             x13, x13, -128      x13=00001f80 x13:00002000
20779569ns          347080 1c00afae 00379713 slli             x14, x15, 0x3       x14=00000008 x15:00000001
20779589ns          347081 1c00afb2 00279793 slli             x15, x15, 0x2       x15=00000004 x15:00000001
20779608ns          347082 1c00afb4 00d7f7b3 and              x15, x15, x13       x15=00000000 x15:00000004 x13:00001f80
20779628ns          347083 1c00afb6 ee873733 p.bclr           x14, x14, 23, 8     x14=00000008 x14:00000008
20779648ns          347084 1c00afba 1a10f6b7 lui              x13, 0x1a10f000     x13=1a10f000
20779668ns          347085 1c00afbe 0ff57513 andi             x10, x10, 255       x10=0000006e x10:0000006e
20779688ns          347086 1c00afc2 00d70733 add              x14, x14, x13       x14=1a10f008 x14:00000008 x13:1a10f000
20779708ns          347087 1c00afc4 00a7e723 p.sw             x10, x0(x15)        x10:0000006e x15:00000000  PA:1a10f008
20780026ns          347103 1c00afc8 00000513 addi             x10, x0, 0          x10=00000000
20780046ns          347104 1c00afca 00008067 jalr             x0, x1, 0            x1:1c00b072
20780106ns          347107 1c00b072 31f52563 p.beqimm         x10, 778            x10:00000000
20780126ns          347108 1c00b076 001d8d93 addi             x27, x27, 1         x27=0000000f x27:0000000e
20780146ns          347109 1c00b078 00044503 lbu              x10, 0(x8)          x10=00000065  x8:1c000044  PA:1c000044
20780444ns          347124 1c00b07c 00140413 addi             x8, x8, 1            x8=1c000045  x8:1c000044
20780464ns          347125 1c00b07e fe0514e3 bne              x10, x0, -24        x10:00000065
20780543ns          347129 1c00b066 02500793 addi             x15, x0, 37         x15=00000025
20780563ns          347130 1c00b06a 04f50863 beq              x10, x15, 80        x10:00000065 x15:00000025
20780583ns          347131 1c00b06e 01a005b3 add              x11, x0, x26        x11=00000002 x26:00000002
20780603ns          347132 1c00b070 000b00e7 jalr             x1, x22, 0           x1=1c00b072 x22:1c00afa4
20780643ns          347134 1c00afa4 000026b7 lui              x13, 0x2000         x13=00002000
20780663ns          347135 1c00afa6 f14027f3 csrrs            x15, x0, 0xf14      x15=00000001
20780683ns          347136 1c00afaa f8068693 addi             x13, x13, -128      x13=00001f80 x13:00002000
20780702ns          347137 1c00afae 00379713 slli             x14, x15, 0x3       x14=00000008 x15:00000001
20780722ns          347138 1c00afb2 00279793 slli             x15, x15, 0x2       x15=00000004 x15:00000001
20780742ns          347139 1c00afb4 00d7f7b3 and              x15, x15, x13       x15=00000000 x15:00000004 x13:00001f80
20780762ns          347140 1c00afb6 ee873733 p.bclr           x14, x14, 23, 8     x14=00000008 x14:00000008
20780782ns          347141 1c00afba 1a10f6b7 lui              x13, 0x1a10f000     x13=1a10f000
20780802ns          347142 1c00afbe 0ff57513 andi             x10, x10, 255       x10=00000065 x10:00000065
20780822ns          347143 1c00afc2 00d70733 add              x14, x14, x13       x14=1a10f008 x14:00000008 x13:1a10f000
20780842ns          347144 1c00afc4 00a7e723 p.sw             x10, x0(x15)        x10:00000065 x15:00000000  PA:1a10f008
20781180ns          347161 1c00afc8 00000513 addi             x10, x0, 0          x10=00000000
20781200ns          347162 1c00afca 00008067 jalr             x0, x1, 0            x1:1c00b072
20781259ns          347165 1c00b072 31f52563 p.beqimm         x10, 778            x10:00000000
20781279ns          347166 1c00b076 001d8d93 addi             x27, x27, 1         x27=00000010 x27:0000000f
20781299ns          347167 1c00b078 00044503 lbu              x10, 0(x8)          x10=0000006c  x8:1c000045  PA:1c000045
20781598ns          347182 1c00b07c 00140413 addi             x8, x8, 1            x8=1c000046  x8:1c000045
20781617ns          347183 1c00b07e fe0514e3 bne              x10, x0, -24        x10:0000006c
20781697ns          347187 1c00b066 02500793 addi             x15, x0, 37         x15=00000025
20781717ns          347188 1c00b06a 04f50863 beq              x10, x15, 80        x10:0000006c x15:00000025
20781737ns          347189 1c00b06e 01a005b3 add              x11, x0, x26        x11=00000002 x26:00000002
20781757ns          347190 1c00b070 000b00e7 jalr             x1, x22, 0           x1=1c00b072 x22:1c00afa4
20781796ns          347192 1c00afa4 000026b7 lui              x13, 0x2000         x13=00002000
20781816ns          347193 1c00afa6 f14027f3 csrrs            x15, x0, 0xf14      x15=00000001
20781836ns          347194 1c00afaa f8068693 addi             x13, x13, -128      x13=00001f80 x13:00002000
20781856ns          347195 1c00afae 00379713 slli             x14, x15, 0x3       x14=00000008 x15:00000001
20781876ns          347196 1c00afb2 00279793 slli             x15, x15, 0x2       x15=00000004 x15:00000001
20781896ns          347197 1c00afb4 00d7f7b3 and              x15, x15, x13       x15=00000000 x15:00000004 x13:00001f80
20781916ns          347198 1c00afb6 ee873733 p.bclr           x14, x14, 23, 8     x14=00000008 x14:00000008
20781936ns          347199 1c00afba 1a10f6b7 lui              x13, 0x1a10f000     x13=1a10f000
20781956ns          347200 1c00afbe 0ff57513 andi             x10, x10, 255       x10=0000006c x10:0000006c
20781975ns          347201 1c00afc2 00d70733 add              x14, x14, x13       x14=1a10f008 x14:00000008 x13:1a10f000
20781995ns          347202 1c00afc4 00a7e723 p.sw             x10, x0(x15)        x10:0000006c x15:00000000  PA:1a10f008
20782314ns          347218 1c00afc8 00000513 addi             x10, x0, 0          x10=00000000
20782334ns          347219 1c00afca 00008067 jalr             x0, x1, 0            x1:1c00b072
20782393ns          347222 1c00b072 31f52563 p.beqimm         x10, 778            x10:00000000
20782413ns          347223 1c00b076 001d8d93 addi             x27, x27, 1         x27=00000011 x27:00000010
20782433ns          347224 1c00b078 00044503 lbu              x10, 0(x8)          x10=00000020  x8:1c000046  PA:1c000046
20782731ns          347239 1c00b07c 00140413 addi             x8, x8, 1            x8=1c000047  x8:1c000046
20782751ns          347240 1c00b07e fe0514e3 bne              x10, x0, -24        x10:00000020
20782831ns          347244 1c00b066 02500793 addi             x15, x0, 37         x15=00000025
20782851ns          347245 1c00b06a 04f50863 beq              x10, x15, 80        x10:00000020 x15:00000025
20782871ns          347246 1c00b06e 01a005b3 add              x11, x0, x26        x11=00000002 x26:00000002
20782890ns          347247 1c00b070 000b00e7 jalr             x1, x22, 0           x1=1c00b072 x22:1c00afa4
20782930ns          347249 1c00afa4 000026b7 lui              x13, 0x2000         x13=00002000
20782950ns          347250 1c00afa6 f14027f3 csrrs            x15, x0, 0xf14      x15=00000001
20782970ns          347251 1c00afaa f8068693 addi             x13, x13, -128      x13=00001f80 x13:00002000
20782990ns          347252 1c00afae 00379713 slli             x14, x15, 0x3       x14=00000008 x15:00000001
20783010ns          347253 1c00afb2 00279793 slli             x15, x15, 0x2       x15=00000004 x15:00000001
20783030ns          347254 1c00afb4 00d7f7b3 and              x15, x15, x13       x15=00000000 x15:00000004 x13:00001f80
20783050ns          347255 1c00afb6 ee873733 p.bclr           x14, x14, 23, 8     x14=00000008 x14:00000008
20783069ns          347256 1c00afba 1a10f6b7 lui              x13, 0x1a10f000     x13=1a10f000
20783089ns          347257 1c00afbe 0ff57513 andi             x10, x10, 255       x10=00000020 x10:00000020
20783109ns          347258 1c00afc2 00d70733 add              x14, x14, x13       x14=1a10f008 x14:00000008 x13:1a10f000
20783129ns          347259 1c00afc4 00a7e723 p.sw             x10, x0(x15)        x10:00000020 x15:00000000  PA:1a10f008
20783467ns          347276 1c00afc8 00000513 addi             x10, x0, 0          x10=00000000
20783487ns          347277 1c00afca 00008067 jalr             x0, x1, 0            x1:1c00b072
20783547ns          347280 1c00b072 31f52563 p.beqimm         x10, 778            x10:00000000
20783567ns          347281 1c00b076 001d8d93 addi             x27, x27, 1         x27=00000012 x27:00000011
20783587ns          347282 1c00b078 00044503 lbu              x10, 0(x8)          x10=00000069  x8:1c000047  PA:1c000047
20783885ns          347297 1c00b07c 00140413 addi             x8, x8, 1            x8=1c000048  x8:1c000047
20783905ns          347298 1c00b07e fe0514e3 bne              x10, x0, -24        x10:00000069
20783984ns          347302 1c00b066 02500793 addi             x15, x0, 37         x15=00000025
20784004ns          347303 1c00b06a 04f50863 beq              x10, x15, 80        x10:00000069 x15:00000025
20784024ns          347304 1c00b06e 01a005b3 add              x11, x0, x26        x11=00000002 x26:00000002
20784044ns          347305 1c00b070 000b00e7 jalr             x1, x22, 0           x1=1c00b072 x22:1c00afa4
20784084ns          347307 1c00afa4 000026b7 lui              x13, 0x2000         x13=00002000
20784104ns          347308 1c00afa6 f14027f3 csrrs            x15, x0, 0xf14      x15=00000001
20784124ns          347309 1c00afaa f8068693 addi             x13, x13, -128      x13=00001f80 x13:00002000
20784144ns          347310 1c00afae 00379713 slli             x14, x15, 0x3       x14=00000008 x15:00000001
20784163ns          347311 1c00afb2 00279793 slli             x15, x15, 0x2       x15=00000004 x15:00000001
20784183ns          347312 1c00afb4 00d7f7b3 and              x15, x15, x13       x15=00000000 x15:00000004 x13:00001f80
20784203ns          347313 1c00afb6 ee873733 p.bclr           x14, x14, 23, 8     x14=00000008 x14:00000008
20784223ns          347314 1c00afba 1a10f6b7 lui              x13, 0x1a10f000     x13=1a10f000
20784243ns          347315 1c00afbe 0ff57513 andi             x10, x10, 255       x10=00000069 x10:00000069
20784263ns          347316 1c00afc2 00d70733 add              x14, x14, x13       x14=1a10f008 x14:00000008 x13:1a10f000
20784283ns          347317 1c00afc4 00a7e723 p.sw             x10, x0(x15)        x10:00000069 x15:00000000  PA:1a10f008
20784601ns          347333 1c00afc8 00000513 addi             x10, x0, 0          x10=00000000
20784621ns          347334 1c00afca 00008067 jalr             x0, x1, 0            x1:1c00b072
20784681ns          347337 1c00b072 31f52563 p.beqimm         x10, 778            x10:00000000
20784701ns          347338 1c00b076 001d8d93 addi             x27, x27, 1         x27=00000013 x27:00000012
20784720ns          347339 1c00b078 00044503 lbu              x10, 0(x8)          x10=00000074  x8:1c000048  PA:1c000048
20785019ns          347354 1c00b07c 00140413 addi             x8, x8, 1            x8=1c000049  x8:1c000048
20785039ns          347355 1c00b07e fe0514e3 bne              x10, x0, -24        x10:00000074
20785118ns          347359 1c00b066 02500793 addi             x15, x0, 37         x15=00000025
20785138ns          347360 1c00b06a 04f50863 beq              x10, x15, 80        x10:00000074 x15:00000025
20785158ns          347361 1c00b06e 01a005b3 add              x11, x0, x26        x11=00000002 x26:00000002
20785178ns          347362 1c00b070 000b00e7 jalr             x1, x22, 0           x1=1c00b072 x22:1c00afa4
20785218ns          347364 1c00afa4 000026b7 lui              x13, 0x2000         x13=00002000
20785238ns          347365 1c00afa6 f14027f3 csrrs            x15, x0, 0xf14      x15=00000001
20785257ns          347366 1c00afaa f8068693 addi             x13, x13, -128      x13=00001f80 x13:00002000
20785277ns          347367 1c00afae 00379713 slli             x14, x15, 0x3       x14=00000008 x15:00000001
20785297ns          347368 1c00afb2 00279793 slli             x15, x15, 0x2       x15=00000004 x15:00000001
20785317ns          347369 1c00afb4 00d7f7b3 and              x15, x15, x13       x15=00000000 x15:00000004 x13:00001f80
20785337ns          347370 1c00afb6 ee873733 p.bclr           x14, x14, 23, 8     x14=00000008 x14:00000008
20785357ns          347371 1c00afba 1a10f6b7 lui              x13, 0x1a10f000     x13=1a10f000
20785377ns          347372 1c00afbe 0ff57513 andi             x10, x10, 255       x10=00000074 x10:00000074
20785397ns          347373 1c00afc2 00d70733 add              x14, x14, x13       x14=1a10f008 x14:00000008 x13:1a10f000
20785417ns          347374 1c00afc4 00a7e723 p.sw             x10, x0(x15)        x10:00000074 x15:00000000  PA:1a10f008
20785735ns          347390 1c00afc8 00000513 addi             x10, x0, 0          x10=00000000
20785755ns          347391 1c00afca 00008067 jalr             x0, x1, 0            x1:1c00b072
20785814ns          347394 1c00b072 31f52563 p.beqimm         x10, 778            x10:00000000
20785834ns          347395 1c00b076 001d8d93 addi             x27, x27, 1         x27=00000014 x27:00000013
20785854ns          347396 1c00b078 00044503 lbu              x10, 0(x8)          x10=00000065  x8:1c000049  PA:1c000049
20786153ns          347411 1c00b07c 00140413 addi             x8, x8, 1            x8=1c00004a  x8:1c000049
20786172ns          347412 1c00b07e fe0514e3 bne              x10, x0, -24        x10:00000065
20786252ns          347416 1c00b066 02500793 addi             x15, x0, 37         x15=00000025
20786272ns          347417 1c00b06a 04f50863 beq              x10, x15, 80        x10:00000065 x15:00000025
20786292ns          347418 1c00b06e 01a005b3 add              x11, x0, x26        x11=00000002 x26:00000002
20786312ns          347419 1c00b070 000b00e7 jalr             x1, x22, 0           x1=1c00b072 x22:1c00afa4
20786351ns          347421 1c00afa4 000026b7 lui              x13, 0x2000         x13=00002000
20786371ns          347422 1c00afa6 f14027f3 csrrs            x15, x0, 0xf14      x15=00000001
20786391ns          347423 1c00afaa f8068693 addi             x13, x13, -128      x13=00001f80 x13:00002000
20786411ns          347424 1c00afae 00379713 slli             x14, x15, 0x3       x14=00000008 x15:00000001
20786431ns          347425 1c00afb2 00279793 slli             x15, x15, 0x2       x15=00000004 x15:00000001
20786451ns          347426 1c00afb4 00d7f7b3 and              x15, x15, x13       x15=00000000 x15:00000004 x13:00001f80
20786471ns          347427 1c00afb6 ee873733 p.bclr           x14, x14, 23, 8     x14=00000008 x14:00000008
20786491ns          347428 1c00afba 1a10f6b7 lui              x13, 0x1a10f000     x13=1a10f000
20786511ns          347429 1c00afbe 0ff57513 andi             x10, x10, 255       x10=00000065 x10:00000065
20786530ns          347430 1c00afc2 00d70733 add              x14, x14, x13       x14=1a10f008 x14:00000008 x13:1a10f000
20786550ns          347431 1c00afc4 00a7e723 p.sw             x10, x0(x15)        x10:00000065 x15:00000000  PA:1a10f008
20786908ns          347449 1c00afc8 00000513 addi             x10, x0, 0          x10=00000000
20786928ns          347450 1c00afca 00008067 jalr             x0, x1, 0            x1:1c00b072
20786988ns          347453 1c00b072 31f52563 p.beqimm         x10, 778            x10:00000000
20787008ns          347454 1c00b076 001d8d93 addi             x27, x27, 1         x27=00000015 x27:00000014
20787028ns          347455 1c00b078 00044503 lbu              x10, 0(x8)          x10=00000072  x8:1c00004a  PA:1c00004a
20787326ns          347470 1c00b07c 00140413 addi             x8, x8, 1            x8=1c00004b  x8:1c00004a
20787346ns          347471 1c00b07e fe0514e3 bne              x10, x0, -24        x10:00000072
20787426ns          347475 1c00b066 02500793 addi             x15, x0, 37         x15=00000025
20787445ns          347476 1c00b06a 04f50863 beq              x10, x15, 80        x10:00000072 x15:00000025
20787465ns          347477 1c00b06e 01a005b3 add              x11, x0, x26        x11=00000002 x26:00000002
20787485ns          347478 1c00b070 000b00e7 jalr             x1, x22, 0           x1=1c00b072 x22:1c00afa4
20787525ns          347480 1c00afa4 000026b7 lui              x13, 0x2000         x13=00002000
20787545ns          347481 1c00afa6 f14027f3 csrrs            x15, x0, 0xf14      x15=00000001
20787565ns          347482 1c00afaa f8068693 addi             x13, x13, -128      x13=00001f80 x13:00002000
20787585ns          347483 1c00afae 00379713 slli             x14, x15, 0x3       x14=00000008 x15:00000001
20787605ns          347484 1c00afb2 00279793 slli             x15, x15, 0x2       x15=00000004 x15:00000001
20787624ns          347485 1c00afb4 00d7f7b3 and              x15, x15, x13       x15=00000000 x15:00000004 x13:00001f80
20787644ns          347486 1c00afb6 ee873733 p.bclr           x14, x14, 23, 8     x14=00000008 x14:00000008
20787664ns          347487 1c00afba 1a10f6b7 lui              x13, 0x1a10f000     x13=1a10f000
20787684ns          347488 1c00afbe 0ff57513 andi             x10, x10, 255       x10=00000072 x10:00000072
20787704ns          347489 1c00afc2 00d70733 add              x14, x14, x13       x14=1a10f008 x14:00000008 x13:1a10f000
20787724ns          347490 1c00afc4 00a7e723 p.sw             x10, x0(x15)        x10:00000072 x15:00000000  PA:1a10f008
20788042ns          347506 1c00afc8 00000513 addi             x10, x0, 0          x10=00000000
20788062ns          347507 1c00afca 00008067 jalr             x0, x1, 0            x1:1c00b072
20788122ns          347510 1c00b072 31f52563 p.beqimm         x10, 778            x10:00000000
20788142ns          347511 1c00b076 001d8d93 addi             x27, x27, 1         x27=00000016 x27:00000015
20788162ns          347512 1c00b078 00044503 lbu              x10, 0(x8)          x10=00000061  x8:1c00004b  PA:1c00004b
20788460ns          347527 1c00b07c 00140413 addi             x8, x8, 1            x8=1c00004c  x8:1c00004b
20788480ns          347528 1c00b07e fe0514e3 bne              x10, x0, -24        x10:00000061
20788559ns          347532 1c00b066 02500793 addi             x15, x0, 37         x15=00000025
20788579ns          347533 1c00b06a 04f50863 beq              x10, x15, 80        x10:00000061 x15:00000025
20788599ns          347534 1c00b06e 01a005b3 add              x11, x0, x26        x11=00000002 x26:00000002
20788619ns          347535 1c00b070 000b00e7 jalr             x1, x22, 0           x1=1c00b072 x22:1c00afa4
20788659ns          347537 1c00afa4 000026b7 lui              x13, 0x2000         x13=00002000
20788679ns          347538 1c00afa6 f14027f3 csrrs            x15, x0, 0xf14      x15=00000001
20788699ns          347539 1c00afaa f8068693 addi             x13, x13, -128      x13=00001f80 x13:00002000
20788718ns          347540 1c00afae 00379713 slli             x14, x15, 0x3       x14=00000008 x15:00000001
20788738ns          347541 1c00afb2 00279793 slli             x15, x15, 0x2       x15=00000004 x15:00000001
20788758ns          347542 1c00afb4 00d7f7b3 and              x15, x15, x13       x15=00000000 x15:00000004 x13:00001f80
20788778ns          347543 1c00afb6 ee873733 p.bclr           x14, x14, 23, 8     x14=00000008 x14:00000008
20788798ns          347544 1c00afba 1a10f6b7 lui              x13, 0x1a10f000     x13=1a10f000
20788818ns          347545 1c00afbe 0ff57513 andi             x10, x10, 255       x10=00000061 x10:00000061
20788838ns          347546 1c00afc2 00d70733 add              x14, x14, x13       x14=1a10f008 x14:00000008 x13:1a10f000
20788858ns          347547 1c00afc4 00a7e723 p.sw             x10, x0(x15)        x10:00000061 x15:00000000  PA:1a10f008
20789176ns          347563 1c00afc8 00000513 addi             x10, x0, 0          x10=00000000
20789196ns          347564 1c00afca 00008067 jalr             x0, x1, 0            x1:1c00b072
20789255ns          347567 1c00b072 31f52563 p.beqimm         x10, 778            x10:00000000
20789275ns          347568 1c00b076 001d8d93 addi             x27, x27, 1         x27=00000017 x27:00000016
20789295ns          347569 1c00b078 00044503 lbu              x10, 0(x8)          x10=00000074  x8:1c00004c  PA:1c00004c
20789594ns          347584 1c00b07c 00140413 addi             x8, x8, 1            x8=1c00004d  x8:1c00004c
20789614ns          347585 1c00b07e fe0514e3 bne              x10, x0, -24        x10:00000074
20789693ns          347589 1c00b066 02500793 addi             x15, x0, 37         x15=00000025
20789713ns          347590 1c00b06a 04f50863 beq              x10, x15, 80        x10:00000074 x15:00000025
20789733ns          347591 1c00b06e 01a005b3 add              x11, x0, x26        x11=00000002 x26:00000002
20789753ns          347592 1c00b070 000b00e7 jalr             x1, x22, 0           x1=1c00b072 x22:1c00afa4
20789793ns          347594 1c00afa4 000026b7 lui              x13, 0x2000         x13=00002000
20789812ns          347595 1c00afa6 f14027f3 csrrs            x15, x0, 0xf14      x15=00000001
20789832ns          347596 1c00afaa f8068693 addi             x13, x13, -128      x13=00001f80 x13:00002000
20789852ns          347597 1c00afae 00379713 slli             x14, x15, 0x3       x14=00000008 x15:00000001
20789872ns          347598 1c00afb2 00279793 slli             x15, x15, 0x2       x15=00000004 x15:00000001
20789892ns          347599 1c00afb4 00d7f7b3 and              x15, x15, x13       x15=00000000 x15:00000004 x13:00001f80
20789912ns          347600 1c00afb6 ee873733 p.bclr           x14, x14, 23, 8     x14=00000008 x14:00000008
20789932ns          347601 1c00afba 1a10f6b7 lui              x13, 0x1a10f000     x13=1a10f000
20789952ns          347602 1c00afbe 0ff57513 andi             x10, x10, 255       x10=00000074 x10:00000074
20789972ns          347603 1c00afc2 00d70733 add              x14, x14, x13       x14=1a10f008 x14:00000008 x13:1a10f000
20789991ns          347604 1c00afc4 00a7e723 p.sw             x10, x0(x15)        x10:00000074 x15:00000000  PA:1a10f008
20790330ns          347621 1c00afc8 00000513 addi             x10, x0, 0          x10=00000000
20790349ns          347622 1c00afca 00008067 jalr             x0, x1, 0            x1:1c00b072
20790409ns          347625 1c00b072 31f52563 p.beqimm         x10, 778            x10:00000000
20790429ns          347626 1c00b076 001d8d93 addi             x27, x27, 1         x27=00000018 x27:00000017
20790449ns          347627 1c00b078 00044503 lbu              x10, 0(x8)          x10=00000069  x8:1c00004d  PA:1c00004d
20790747ns          347642 1c00b07c 00140413 addi             x8, x8, 1            x8=1c00004e  x8:1c00004d
20790767ns          347643 1c00b07e fe0514e3 bne              x10, x0, -24        x10:00000069
20790847ns          347647 1c00b066 02500793 addi             x15, x0, 37         x15=00000025
20790867ns          347648 1c00b06a 04f50863 beq              x10, x15, 80        x10:00000069 x15:00000025
20790887ns          347649 1c00b06e 01a005b3 add              x11, x0, x26        x11=00000002 x26:00000002
20790906ns          347650 1c00b070 000b00e7 jalr             x1, x22, 0           x1=1c00b072 x22:1c00afa4
20790946ns          347652 1c00afa4 000026b7 lui              x13, 0x2000         x13=00002000
20790966ns          347653 1c00afa6 f14027f3 csrrs            x15, x0, 0xf14      x15=00000001
20790986ns          347654 1c00afaa f8068693 addi             x13, x13, -128      x13=00001f80 x13:00002000
20791006ns          347655 1c00afae 00379713 slli             x14, x15, 0x3       x14=00000008 x15:00000001
20791026ns          347656 1c00afb2 00279793 slli             x15, x15, 0x2       x15=00000004 x15:00000001
20791046ns          347657 1c00afb4 00d7f7b3 and              x15, x15, x13       x15=00000000 x15:00000004 x13:00001f80
20791066ns          347658 1c00afb6 ee873733 p.bclr           x14, x14, 23, 8     x14=00000008 x14:00000008
20791085ns          347659 1c00afba 1a10f6b7 lui              x13, 0x1a10f000     x13=1a10f000
20791105ns          347660 1c00afbe 0ff57513 andi             x10, x10, 255       x10=00000069 x10:00000069
20791125ns          347661 1c00afc2 00d70733 add              x14, x14, x13       x14=1a10f008 x14:00000008 x13:1a10f000
20791145ns          347662 1c00afc4 00a7e723 p.sw             x10, x0(x15)        x10:00000069 x15:00000000  PA:1a10f008
20791483ns          347679 1c00afc8 00000513 addi             x10, x0, 0          x10=00000000
20791503ns          347680 1c00afca 00008067 jalr             x0, x1, 0            x1:1c00b072
20791563ns          347683 1c00b072 31f52563 p.beqimm         x10, 778            x10:00000000
20791583ns          347684 1c00b076 001d8d93 addi             x27, x27, 1         x27=00000019 x27:00000018
20791603ns          347685 1c00b078 00044503 lbu              x10, 0(x8)          x10=0000006f  x8:1c00004e  PA:1c00004e
20791901ns          347700 1c00b07c 00140413 addi             x8, x8, 1            x8=1c00004f  x8:1c00004e
20791921ns          347701 1c00b07e fe0514e3 bne              x10, x0, -24        x10:0000006f
20792000ns          347705 1c00b066 02500793 addi             x15, x0, 37         x15=00000025
20792020ns          347706 1c00b06a 04f50863 beq              x10, x15, 80        x10:0000006f x15:00000025
20792040ns          347707 1c00b06e 01a005b3 add              x11, x0, x26        x11=00000002 x26:00000002
20792060ns          347708 1c00b070 000b00e7 jalr             x1, x22, 0           x1=1c00b072 x22:1c00afa4
20792100ns          347710 1c00afa4 000026b7 lui              x13, 0x2000         x13=00002000
20792120ns          347711 1c00afa6 f14027f3 csrrs            x15, x0, 0xf14      x15=00000001
20792140ns          347712 1c00afaa f8068693 addi             x13, x13, -128      x13=00001f80 x13:00002000
20792160ns          347713 1c00afae 00379713 slli             x14, x15, 0x3       x14=00000008 x15:00000001
20792179ns          347714 1c00afb2 00279793 slli             x15, x15, 0x2       x15=00000004 x15:00000001
20792199ns          347715 1c00afb4 00d7f7b3 and              x15, x15, x13       x15=00000000 x15:00000004 x13:00001f80
20792219ns          347716 1c00afb6 ee873733 p.bclr           x14, x14, 23, 8     x14=00000008 x14:00000008
20792239ns          347717 1c00afba 1a10f6b7 lui              x13, 0x1a10f000     x13=1a10f000
20792259ns          347718 1c00afbe 0ff57513 andi             x10, x10, 255       x10=0000006f x10:0000006f
20792279ns          347719 1c00afc2 00d70733 add              x14, x14, x13       x14=1a10f008 x14:00000008 x13:1a10f000
20792299ns          347720 1c00afc4 00a7e723 p.sw             x10, x0(x15)        x10:0000006f x15:00000000  PA:1a10f008
20792617ns          347736 1c00afc8 00000513 addi             x10, x0, 0          x10=00000000
20792637ns          347737 1c00afca 00008067 jalr             x0, x1, 0            x1:1c00b072
20792697ns          347740 1c00b072 31f52563 p.beqimm         x10, 778            x10:00000000
20792716ns          347741 1c00b076 001d8d93 addi             x27, x27, 1         x27=0000001a x27:00000019
20792736ns          347742 1c00b078 00044503 lbu              x10, 0(x8)          x10=0000006e  x8:1c00004f  PA:1c00004f
20793035ns          347757 1c00b07c 00140413 addi             x8, x8, 1            x8=1c000050  x8:1c00004f
20793055ns          347758 1c00b07e fe0514e3 bne              x10, x0, -24        x10:0000006e
20793134ns          347762 1c00b066 02500793 addi             x15, x0, 37         x15=00000025
20793154ns          347763 1c00b06a 04f50863 beq              x10, x15, 80        x10:0000006e x15:00000025
20793174ns          347764 1c00b06e 01a005b3 add              x11, x0, x26        x11=00000002 x26:00000002
20793194ns          347765 1c00b070 000b00e7 jalr             x1, x22, 0           x1=1c00b072 x22:1c00afa4
20793234ns          347767 1c00afa4 000026b7 lui              x13, 0x2000         x13=00002000
20793254ns          347768 1c00afa6 f14027f3 csrrs            x15, x0, 0xf14      x15=00000001
20793273ns          347769 1c00afaa f8068693 addi             x13, x13, -128      x13=00001f80 x13:00002000
20793293ns          347770 1c00afae 00379713 slli             x14, x15, 0x3       x14=00000008 x15:00000001
20793313ns          347771 1c00afb2 00279793 slli             x15, x15, 0x2       x15=00000004 x15:00000001
20793333ns          347772 1c00afb4 00d7f7b3 and              x15, x15, x13       x15=00000000 x15:00000004 x13:00001f80
20793353ns          347773 1c00afb6 ee873733 p.bclr           x14, x14, 23, 8     x14=00000008 x14:00000008
20793373ns          347774 1c00afba 1a10f6b7 lui              x13, 0x1a10f000     x13=1a10f000
20793393ns          347775 1c00afbe 0ff57513 andi             x10, x10, 255       x10=0000006e x10:0000006e
20793413ns          347776 1c00afc2 00d70733 add              x14, x14, x13       x14=1a10f008 x14:00000008 x13:1a10f000
20793433ns          347777 1c00afc4 00a7e723 p.sw             x10, x0(x15)        x10:0000006e x15:00000000  PA:1a10f008
20793751ns          347793 1c00afc8 00000513 addi             x10, x0, 0          x10=00000000
20793771ns          347794 1c00afca 00008067 jalr             x0, x1, 0            x1:1c00b072
20793830ns          347797 1c00b072 31f52563 p.beqimm         x10, 778            x10:00000000
20793850ns          347798 1c00b076 001d8d93 addi             x27, x27, 1         x27=0000001b x27:0000001a
20793870ns          347799 1c00b078 00044503 lbu              x10, 0(x8)          x10=00000073  x8:1c000050  PA:1c000050
20794169ns          347814 1c00b07c 00140413 addi             x8, x8, 1            x8=1c000051  x8:1c000050
20794188ns          347815 1c00b07e fe0514e3 bne              x10, x0, -24        x10:00000073
20794268ns          347819 1c00b066 02500793 addi             x15, x0, 37         x15=00000025
20794288ns          347820 1c00b06a 04f50863 beq              x10, x15, 80        x10:00000073 x15:00000025
20794308ns          347821 1c00b06e 01a005b3 add              x11, x0, x26        x11=00000002 x26:00000002
20794328ns          347822 1c00b070 000b00e7 jalr             x1, x22, 0           x1=1c00b072 x22:1c00afa4
20794367ns          347824 1c00afa4 000026b7 lui              x13, 0x2000         x13=00002000
20794387ns          347825 1c00afa6 f14027f3 csrrs            x15, x0, 0xf14      x15=00000001
20794407ns          347826 1c00afaa f8068693 addi             x13, x13, -128      x13=00001f80 x13:00002000
20794427ns          347827 1c00afae 00379713 slli             x14, x15, 0x3       x14=00000008 x15:00000001
20794447ns          347828 1c00afb2 00279793 slli             x15, x15, 0x2       x15=00000004 x15:00000001
20794467ns          347829 1c00afb4 00d7f7b3 and              x15, x15, x13       x15=00000000 x15:00000004 x13:00001f80
20794487ns          347830 1c00afb6 ee873733 p.bclr           x14, x14, 23, 8     x14=00000008 x14:00000008
20794507ns          347831 1c00afba 1a10f6b7 lui              x13, 0x1a10f000     x13=1a10f000
20794527ns          347832 1c00afbe 0ff57513 andi             x10, x10, 255       x10=00000073 x10:00000073
20794546ns          347833 1c00afc2 00d70733 add              x14, x14, x13       x14=1a10f008 x14:00000008 x13:1a10f000
20794566ns          347834 1c00afc4 00a7e723 p.sw             x10, x0(x15)        x10:00000073 x15:00000000  PA:1a10f008
20794924ns          347852 1c00afc8 00000513 addi             x10, x0, 0          x10=00000000
20794944ns          347853 1c00afca 00008067 jalr             x0, x1, 0            x1:1c00b072
20795004ns          347856 1c00b072 31f52563 p.beqimm         x10, 778            x10:00000000
20795024ns          347857 1c00b076 001d8d93 addi             x27, x27, 1         x27=0000001c x27:0000001b
20795044ns          347858 1c00b078 00044503 lbu              x10, 0(x8)          x10=0000002e  x8:1c000051  PA:1c000051
20795362ns          347874 1c00b07c 00140413 addi             x8, x8, 1            x8=1c000052  x8:1c000051
20795382ns          347875 1c00b07e fe0514e3 bne              x10, x0, -24        x10:0000002e
20795461ns          347879 1c00b066 02500793 addi             x15, x0, 37         x15=00000025
20795481ns          347880 1c00b06a 04f50863 beq              x10, x15, 80        x10:0000002e x15:00000025
20795501ns          347881 1c00b06e 01a005b3 add              x11, x0, x26        x11=00000002 x26:00000002
20795521ns          347882 1c00b070 000b00e7 jalr             x1, x22, 0           x1=1c00b072 x22:1c00afa4
20795561ns          347884 1c00afa4 000026b7 lui              x13, 0x2000         x13=00002000
20795581ns          347885 1c00afa6 f14027f3 csrrs            x15, x0, 0xf14      x15=00000001
20795601ns          347886 1c00afaa f8068693 addi             x13, x13, -128      x13=00001f80 x13:00002000
20795621ns          347887 1c00afae 00379713 slli             x14, x15, 0x3       x14=00000008 x15:00000001
20795640ns          347888 1c00afb2 00279793 slli             x15, x15, 0x2       x15=00000004 x15:00000001
20795660ns          347889 1c00afb4 00d7f7b3 and              x15, x15, x13       x15=00000000 x15:00000004 x13:00001f80
20795680ns          347890 1c00afb6 ee873733 p.bclr           x14, x14, 23, 8     x14=00000008 x14:00000008
20795700ns          347891 1c00afba 1a10f6b7 lui              x13, 0x1a10f000     x13=1a10f000
20795720ns          347892 1c00afbe 0ff57513 andi             x10, x10, 255       x10=0000002e x10:0000002e
20795740ns          347893 1c00afc2 00d70733 add              x14, x14, x13       x14=1a10f008 x14:00000008 x13:1a10f000
20795760ns          347894 1c00afc4 00a7e723 p.sw             x10, x0(x15)        x10:0000002e x15:00000000  PA:1a10f008
20796078ns          347910 1c00afc8 00000513 addi             x10, x0, 0          x10=00000000
20796098ns          347911 1c00afca 00008067 jalr             x0, x1, 0            x1:1c00b072
20796158ns          347914 1c00b072 31f52563 p.beqimm         x10, 778            x10:00000000
20796177ns          347915 1c00b076 001d8d93 addi             x27, x27, 1         x27=0000001d x27:0000001c
20796197ns          347916 1c00b078 00044503 lbu              x10, 0(x8)          x10=0000002e  x8:1c000052  PA:1c000052
20796496ns          347931 1c00b07c 00140413 addi             x8, x8, 1            x8=1c000053  x8:1c000052
20796516ns          347932 1c00b07e fe0514e3 bne              x10, x0, -24        x10:0000002e
20796595ns          347936 1c00b066 02500793 addi             x15, x0, 37         x15=00000025
20796615ns          347937 1c00b06a 04f50863 beq              x10, x15, 80        x10:0000002e x15:00000025
20796635ns          347938 1c00b06e 01a005b3 add              x11, x0, x26        x11=00000002 x26:00000002
20796655ns          347939 1c00b070 000b00e7 jalr             x1, x22, 0           x1=1c00b072 x22:1c00afa4
20796695ns          347941 1c00afa4 000026b7 lui              x13, 0x2000         x13=00002000
20796715ns          347942 1c00afa6 f14027f3 csrrs            x15, x0, 0xf14      x15=00000001
20796734ns          347943 1c00afaa f8068693 addi             x13, x13, -128      x13=00001f80 x13:00002000
20796754ns          347944 1c00afae 00379713 slli             x14, x15, 0x3       x14=00000008 x15:00000001
20796774ns          347945 1c00afb2 00279793 slli             x15, x15, 0x2       x15=00000004 x15:00000001
20796794ns          347946 1c00afb4 00d7f7b3 and              x15, x15, x13       x15=00000000 x15:00000004 x13:00001f80
20796814ns          347947 1c00afb6 ee873733 p.bclr           x14, x14, 23, 8     x14=00000008 x14:00000008
20796834ns          347948 1c00afba 1a10f6b7 lui              x13, 0x1a10f000     x13=1a10f000
20796854ns          347949 1c00afbe 0ff57513 andi             x10, x10, 255       x10=0000002e x10:0000002e
20796874ns          347950 1c00afc2 00d70733 add              x14, x14, x13       x14=1a10f008 x14:00000008 x13:1a10f000
20796894ns          347951 1c00afc4 00a7e723 p.sw             x10, x0(x15)        x10:0000002e x15:00000000  PA:1a10f008
20797212ns          347967 1c00afc8 00000513 addi             x10, x0, 0          x10=00000000
20797232ns          347968 1c00afca 00008067 jalr             x0, x1, 0            x1:1c00b072
20797291ns          347971 1c00b072 31f52563 p.beqimm         x10, 778            x10:00000000
20797311ns          347972 1c00b076 001d8d93 addi             x27, x27, 1         x27=0000001e x27:0000001d
20797331ns          347973 1c00b078 00044503 lbu              x10, 0(x8)          x10=0000002e  x8:1c000053  PA:1c000053
20797630ns          347988 1c00b07c 00140413 addi             x8, x8, 1            x8=1c000054  x8:1c000053
20797649ns          347989 1c00b07e fe0514e3 bne              x10, x0, -24        x10:0000002e
20797729ns          347993 1c00b066 02500793 addi             x15, x0, 37         x15=00000025
20797749ns          347994 1c00b06a 04f50863 beq              x10, x15, 80        x10:0000002e x15:00000025
20797769ns          347995 1c00b06e 01a005b3 add              x11, x0, x26        x11=00000002 x26:00000002
20797789ns          347996 1c00b070 000b00e7 jalr             x1, x22, 0           x1=1c00b072 x22:1c00afa4
20797828ns          347998 1c00afa4 000026b7 lui              x13, 0x2000         x13=00002000
20797848ns          347999 1c00afa6 f14027f3 csrrs            x15, x0, 0xf14      x15=00000001
20797868ns          348000 1c00afaa f8068693 addi             x13, x13, -128      x13=00001f80 x13:00002000
20797888ns          348001 1c00afae 00379713 slli             x14, x15, 0x3       x14=00000008 x15:00000001
20797908ns          348002 1c00afb2 00279793 slli             x15, x15, 0x2       x15=00000004 x15:00000001
20797928ns          348003 1c00afb4 00d7f7b3 and              x15, x15, x13       x15=00000000 x15:00000004 x13:00001f80
20797948ns          348004 1c00afb6 ee873733 p.bclr           x14, x14, 23, 8     x14=00000008 x14:00000008
20797968ns          348005 1c00afba 1a10f6b7 lui              x13, 0x1a10f000     x13=1a10f000
20797988ns          348006 1c00afbe 0ff57513 andi             x10, x10, 255       x10=0000002e x10:0000002e
20798007ns          348007 1c00afc2 00d70733 add              x14, x14, x13       x14=1a10f008 x14:00000008 x13:1a10f000
20798027ns          348008 1c00afc4 00a7e723 p.sw             x10, x0(x15)        x10:0000002e x15:00000000  PA:1a10f008
20798346ns          348024 1c00afc8 00000513 addi             x10, x0, 0          x10=00000000
20798365ns          348025 1c00afca 00008067 jalr             x0, x1, 0            x1:1c00b072
20798425ns          348028 1c00b072 31f52563 p.beqimm         x10, 778            x10:00000000
20798445ns          348029 1c00b076 001d8d93 addi             x27, x27, 1         x27=0000001f x27:0000001e
20798465ns          348030 1c00b078 00044503 lbu              x10, 0(x8)          x10=00000020  x8:1c000054  PA:1c000054
20798763ns          348045 1c00b07c 00140413 addi             x8, x8, 1            x8=1c000055  x8:1c000054
20798783ns          348046 1c00b07e fe0514e3 bne              x10, x0, -24        x10:00000020
20798863ns          348050 1c00b066 02500793 addi             x15, x0, 37         x15=00000025
20798883ns          348051 1c00b06a 04f50863 beq              x10, x15, 80        x10:00000020 x15:00000025
20798903ns          348052 1c00b06e 01a005b3 add              x11, x0, x26        x11=00000002 x26:00000002
20798922ns          348053 1c00b070 000b00e7 jalr             x1, x22, 0           x1=1c00b072 x22:1c00afa4
20798962ns          348055 1c00afa4 000026b7 lui              x13, 0x2000         x13=00002000
20798982ns          348056 1c00afa6 f14027f3 csrrs            x15, x0, 0xf14      x15=00000001
20799002ns          348057 1c00afaa f8068693 addi             x13, x13, -128      x13=00001f80 x13:00002000
20799022ns          348058 1c00afae 00379713 slli             x14, x15, 0x3       x14=00000008 x15:00000001
20799042ns          348059 1c00afb2 00279793 slli             x15, x15, 0x2       x15=00000004 x15:00000001
20799062ns          348060 1c00afb4 00d7f7b3 and              x15, x15, x13       x15=00000000 x15:00000004 x13:00001f80
20799082ns          348061 1c00afb6 ee873733 p.bclr           x14, x14, 23, 8     x14=00000008 x14:00000008
20799101ns          348062 1c00afba 1a10f6b7 lui              x13, 0x1a10f000     x13=1a10f000
20799121ns          348063 1c00afbe 0ff57513 andi             x10, x10, 255       x10=00000020 x10:00000020
20799141ns          348064 1c00afc2 00d70733 add              x14, x14, x13       x14=1a10f008 x14:00000008 x13:1a10f000
20799161ns          348065 1c00afc4 00a7e723 p.sw             x10, x0(x15)        x10:00000020 x15:00000000  PA:1a10f008
20799499ns          348082 1c00afc8 00000513 addi             x10, x0, 0          x10=00000000
20799519ns          348083 1c00afca 00008067 jalr             x0, x1, 0            x1:1c00b072
20799579ns          348086 1c00b072 31f52563 p.beqimm         x10, 778            x10:00000000
20799599ns          348087 1c00b076 001d8d93 addi             x27, x27, 1         x27=00000020 x27:0000001f
20799619ns          348088 1c00b078 00044503 lbu              x10, 0(x8)          x10=00000028  x8:1c000055  PA:1c000055
20799917ns          348103 1c00b07c 00140413 addi             x8, x8, 1            x8=1c000056  x8:1c000055
20799937ns          348104 1c00b07e fe0514e3 bne              x10, x0, -24        x10:00000028
20800016ns          348108 1c00b066 02500793 addi             x15, x0, 37         x15=00000025
20800036ns          348109 1c00b06a 04f50863 beq              x10, x15, 80        x10:00000028 x15:00000025
20800056ns          348110 1c00b06e 01a005b3 add              x11, x0, x26        x11=00000002 x26:00000002
20800076ns          348111 1c00b070 000b00e7 jalr             x1, x22, 0           x1=1c00b072 x22:1c00afa4
20800116ns          348113 1c00afa4 000026b7 lui              x13, 0x2000         x13=00002000
20800136ns          348114 1c00afa6 f14027f3 csrrs            x15, x0, 0xf14      x15=00000001
20800156ns          348115 1c00afaa f8068693 addi             x13, x13, -128      x13=00001f80 x13:00002000
20800176ns          348116 1c00afae 00379713 slli             x14, x15, 0x3       x14=00000008 x15:00000001
20800195ns          348117 1c00afb2 00279793 slli             x15, x15, 0x2       x15=00000004 x15:00000001
20800215ns          348118 1c00afb4 00d7f7b3 and              x15, x15, x13       x15=00000000 x15:00000004 x13:00001f80
20800235ns          348119 1c00afb6 ee873733 p.bclr           x14, x14, 23, 8     x14=00000008 x14:00000008
20800255ns          348120 1c00afba 1a10f6b7 lui              x13, 0x1a10f000     x13=1a10f000
20800275ns          348121 1c00afbe 0ff57513 andi             x10, x10, 255       x10=00000028 x10:00000028
20800295ns          348122 1c00afc2 00d70733 add              x14, x14, x13       x14=1a10f008 x14:00000008 x13:1a10f000
20800315ns          348123 1c00afc4 00a7e723 p.sw             x10, x0(x15)        x10:00000028 x15:00000000  PA:1a10f008
20800633ns          348139 1c00afc8 00000513 addi             x10, x0, 0          x10=00000000
20800653ns          348140 1c00afca 00008067 jalr             x0, x1, 0            x1:1c00b072
20800713ns          348143 1c00b072 31f52563 p.beqimm         x10, 778            x10:00000000
20800732ns          348144 1c00b076 001d8d93 addi             x27, x27, 1         x27=00000021 x27:00000020
20800752ns          348145 1c00b078 00044503 lbu              x10, 0(x8)          x10=00000063  x8:1c000056  PA:1c000056
20801051ns          348160 1c00b07c 00140413 addi             x8, x8, 1            x8=1c000057  x8:1c000056
20801071ns          348161 1c00b07e fe0514e3 bne              x10, x0, -24        x10:00000063
20801150ns          348165 1c00b066 02500793 addi             x15, x0, 37         x15=00000025
20801170ns          348166 1c00b06a 04f50863 beq              x10, x15, 80        x10:00000063 x15:00000025
20801190ns          348167 1c00b06e 01a005b3 add              x11, x0, x26        x11=00000002 x26:00000002
20801210ns          348168 1c00b070 000b00e7 jalr             x1, x22, 0           x1=1c00b072 x22:1c00afa4
20801250ns          348170 1c00afa4 000026b7 lui              x13, 0x2000         x13=00002000
20801270ns          348171 1c00afa6 f14027f3 csrrs            x15, x0, 0xf14      x15=00000001
20801289ns          348172 1c00afaa f8068693 addi             x13, x13, -128      x13=00001f80 x13:00002000
20801309ns          348173 1c00afae 00379713 slli             x14, x15, 0x3       x14=00000008 x15:00000001
20801329ns          348174 1c00afb2 00279793 slli             x15, x15, 0x2       x15=00000004 x15:00000001
20801349ns          348175 1c00afb4 00d7f7b3 and              x15, x15, x13       x15=00000000 x15:00000004 x13:00001f80
20801369ns          348176 1c00afb6 ee873733 p.bclr           x14, x14, 23, 8     x14=00000008 x14:00000008
20801389ns          348177 1c00afba 1a10f6b7 lui              x13, 0x1a10f000     x13=1a10f000
20801409ns          348178 1c00afbe 0ff57513 andi             x10, x10, 255       x10=00000063 x10:00000063
20801429ns          348179 1c00afc2 00d70733 add              x14, x14, x13       x14=1a10f008 x14:00000008 x13:1a10f000
20801449ns          348180 1c00afc4 00a7e723 p.sw             x10, x0(x15)        x10:00000063 x15:00000000  PA:1a10f008
20801767ns          348196 1c00afc8 00000513 addi             x10, x0, 0          x10=00000000
20801787ns          348197 1c00afca 00008067 jalr             x0, x1, 0            x1:1c00b072
20801846ns          348200 1c00b072 31f52563 p.beqimm         x10, 778            x10:00000000
20801866ns          348201 1c00b076 001d8d93 addi             x27, x27, 1         x27=00000022 x27:00000021
20801886ns          348202 1c00b078 00044503 lbu              x10, 0(x8)          x10=0000006f  x8:1c000057  PA:1c000057
20802184ns          348217 1c00b07c 00140413 addi             x8, x8, 1            x8=1c000058  x8:1c000057
20802204ns          348218 1c00b07e fe0514e3 bne              x10, x0, -24        x10:0000006f
20802284ns          348222 1c00b066 02500793 addi             x15, x0, 37         x15=00000025
20802304ns          348223 1c00b06a 04f50863 beq              x10, x15, 80        x10:0000006f x15:00000025
20802324ns          348224 1c00b06e 01a005b3 add              x11, x0, x26        x11=00000002 x26:00000002
20802344ns          348225 1c00b070 000b00e7 jalr             x1, x22, 0           x1=1c00b072 x22:1c00afa4
20802383ns          348227 1c00afa4 000026b7 lui              x13, 0x2000         x13=00002000
20802403ns          348228 1c00afa6 f14027f3 csrrs            x15, x0, 0xf14      x15=00000001
20802423ns          348229 1c00afaa f8068693 addi             x13, x13, -128      x13=00001f80 x13:00002000
20802443ns          348230 1c00afae 00379713 slli             x14, x15, 0x3       x14=00000008 x15:00000001
20802463ns          348231 1c00afb2 00279793 slli             x15, x15, 0x2       x15=00000004 x15:00000001
20802483ns          348232 1c00afb4 00d7f7b3 and              x15, x15, x13       x15=00000000 x15:00000004 x13:00001f80
20802503ns          348233 1c00afb6 ee873733 p.bclr           x14, x14, 23, 8     x14=00000008 x14:00000008
20802523ns          348234 1c00afba 1a10f6b7 lui              x13, 0x1a10f000     x13=1a10f000
20802543ns          348235 1c00afbe 0ff57513 andi             x10, x10, 255       x10=0000006f x10:0000006f
20802562ns          348236 1c00afc2 00d70733 add              x14, x14, x13       x14=1a10f008 x14:00000008 x13:1a10f000
20802582ns          348237 1c00afc4 00a7e723 p.sw             x10, x0(x15)        x10:0000006f x15:00000000  PA:1a10f008
20802920ns          348254 1c00afc8 00000513 addi             x10, x0, 0          x10=00000000
20802940ns          348255 1c00afca 00008067 jalr             x0, x1, 0            x1:1c00b072
20803000ns          348258 1c00b072 31f52563 p.beqimm         x10, 778            x10:00000000
20803020ns          348259 1c00b076 001d8d93 addi             x27, x27, 1         x27=00000023 x27:00000022
20803040ns          348260 1c00b078 00044503 lbu              x10, 0(x8)          x10=00000072  x8:1c000058  PA:1c000058
20803358ns          348276 1c00b07c 00140413 addi             x8, x8, 1            x8=1c000059  x8:1c000058
20803378ns          348277 1c00b07e fe0514e3 bne              x10, x0, -24        x10:00000072
20803457ns          348281 1c00b066 02500793 addi             x15, x0, 37         x15=00000025
20803477ns          348282 1c00b06a 04f50863 beq              x10, x15, 80        x10:00000072 x15:00000025
20803497ns          348283 1c00b06e 01a005b3 add              x11, x0, x26        x11=00000002 x26:00000002
20803517ns          348284 1c00b070 000b00e7 jalr             x1, x22, 0           x1=1c00b072 x22:1c00afa4
20803557ns          348286 1c00afa4 000026b7 lui              x13, 0x2000         x13=00002000
20803577ns          348287 1c00afa6 f14027f3 csrrs            x15, x0, 0xf14      x15=00000001
20803597ns          348288 1c00afaa f8068693 addi             x13, x13, -128      x13=00001f80 x13:00002000
20803617ns          348289 1c00afae 00379713 slli             x14, x15, 0x3       x14=00000008 x15:00000001
20803637ns          348290 1c00afb2 00279793 slli             x15, x15, 0x2       x15=00000004 x15:00000001
20803656ns          348291 1c00afb4 00d7f7b3 and              x15, x15, x13       x15=00000000 x15:00000004 x13:00001f80
20803676ns          348292 1c00afb6 ee873733 p.bclr           x14, x14, 23, 8     x14=00000008 x14:00000008
20803696ns          348293 1c00afba 1a10f6b7 lui              x13, 0x1a10f000     x13=1a10f000
20803716ns          348294 1c00afbe 0ff57513 andi             x10, x10, 255       x10=00000072 x10:00000072
20803736ns          348295 1c00afc2 00d70733 add              x14, x14, x13       x14=1a10f008 x14:00000008 x13:1a10f000
20803756ns          348296 1c00afc4 00a7e723 p.sw             x10, x0(x15)        x10:00000072 x15:00000000  PA:1a10f008
20804074ns          348312 1c00afc8 00000513 addi             x10, x0, 0          x10=00000000
20804094ns          348313 1c00afca 00008067 jalr             x0, x1, 0            x1:1c00b072
20804154ns          348316 1c00b072 31f52563 p.beqimm         x10, 778            x10:00000000
20804174ns          348317 1c00b076 001d8d93 addi             x27, x27, 1         x27=00000024 x27:00000023
20804193ns          348318 1c00b078 00044503 lbu              x10, 0(x8)          x10=00000065  x8:1c000059  PA:1c000059
20804492ns          348333 1c00b07c 00140413 addi             x8, x8, 1            x8=1c00005a  x8:1c000059
20804512ns          348334 1c00b07e fe0514e3 bne              x10, x0, -24        x10:00000065
20804591ns          348338 1c00b066 02500793 addi             x15, x0, 37         x15=00000025
20804611ns          348339 1c00b06a 04f50863 beq              x10, x15, 80        x10:00000065 x15:00000025
20804631ns          348340 1c00b06e 01a005b3 add              x11, x0, x26        x11=00000002 x26:00000002
20804651ns          348341 1c00b070 000b00e7 jalr             x1, x22, 0           x1=1c00b072 x22:1c00afa4
20804691ns          348343 1c00afa4 000026b7 lui              x13, 0x2000         x13=00002000
20804711ns          348344 1c00afa6 f14027f3 csrrs            x15, x0, 0xf14      x15=00000001
20804730ns          348345 1c00afaa f8068693 addi             x13, x13, -128      x13=00001f80 x13:00002000
20804750ns          348346 1c00afae 00379713 slli             x14, x15, 0x3       x14=00000008 x15:00000001
20804770ns          348347 1c00afb2 00279793 slli             x15, x15, 0x2       x15=00000004 x15:00000001
20804790ns          348348 1c00afb4 00d7f7b3 and              x15, x15, x13       x15=00000000 x15:00000004 x13:00001f80
20804810ns          348349 1c00afb6 ee873733 p.bclr           x14, x14, 23, 8     x14=00000008 x14:00000008
20804830ns          348350 1c00afba 1a10f6b7 lui              x13, 0x1a10f000     x13=1a10f000
20804850ns          348351 1c00afbe 0ff57513 andi             x10, x10, 255       x10=00000065 x10:00000065
20804870ns          348352 1c00afc2 00d70733 add              x14, x14, x13       x14=1a10f008 x14:00000008 x13:1a10f000
20804890ns          348353 1c00afc4 00a7e723 p.sw             x10, x0(x15)        x10:00000065 x15:00000000  PA:1a10f008
20805208ns          348369 1c00afc8 00000513 addi             x10, x0, 0          x10=00000000
20805228ns          348370 1c00afca 00008067 jalr             x0, x1, 0            x1:1c00b072
20805287ns          348373 1c00b072 31f52563 p.beqimm         x10, 778            x10:00000000
20805307ns          348374 1c00b076 001d8d93 addi             x27, x27, 1         x27=00000025 x27:00000024
20805327ns          348375 1c00b078 00044503 lbu              x10, 0(x8)          x10=00000069  x8:1c00005a  PA:1c00005a
20805626ns          348390 1c00b07c 00140413 addi             x8, x8, 1            x8=1c00005b  x8:1c00005a
20805645ns          348391 1c00b07e fe0514e3 bne              x10, x0, -24        x10:00000069
20805725ns          348395 1c00b066 02500793 addi             x15, x0, 37         x15=00000025
20805745ns          348396 1c00b06a 04f50863 beq              x10, x15, 80        x10:00000069 x15:00000025
20805765ns          348397 1c00b06e 01a005b3 add              x11, x0, x26        x11=00000002 x26:00000002
20805785ns          348398 1c00b070 000b00e7 jalr             x1, x22, 0           x1=1c00b072 x22:1c00afa4
20805824ns          348400 1c00afa4 000026b7 lui              x13, 0x2000         x13=00002000
20805844ns          348401 1c00afa6 f14027f3 csrrs            x15, x0, 0xf14      x15=00000001
20805864ns          348402 1c00afaa f8068693 addi             x13, x13, -128      x13=00001f80 x13:00002000
20805884ns          348403 1c00afae 00379713 slli             x14, x15, 0x3       x14=00000008 x15:00000001
20805904ns          348404 1c00afb2 00279793 slli             x15, x15, 0x2       x15=00000004 x15:00000001
20805924ns          348405 1c00afb4 00d7f7b3 and              x15, x15, x13       x15=00000000 x15:00000004 x13:00001f80
20805944ns          348406 1c00afb6 ee873733 p.bclr           x14, x14, 23, 8     x14=00000008 x14:00000008
20805964ns          348407 1c00afba 1a10f6b7 lui              x13, 0x1a10f000     x13=1a10f000
20805984ns          348408 1c00afbe 0ff57513 andi             x10, x10, 255       x10=00000069 x10:00000069
20806004ns          348409 1c00afc2 00d70733 add              x14, x14, x13       x14=1a10f008 x14:00000008 x13:1a10f000
20806023ns          348410 1c00afc4 00a7e723 p.sw             x10, x0(x15)        x10:00000069 x15:00000000  PA:1a10f008
20806342ns          348426 1c00afc8 00000513 addi             x10, x0, 0          x10=00000000
20806362ns          348427 1c00afca 00008067 jalr             x0, x1, 0            x1:1c00b072
20806421ns          348430 1c00b072 31f52563 p.beqimm         x10, 778            x10:00000000
20806441ns          348431 1c00b076 001d8d93 addi             x27, x27, 1         x27=00000026 x27:00000025
20806461ns          348432 1c00b078 00044503 lbu              x10, 0(x8)          x10=00000064  x8:1c00005b  PA:1c00005b
20806759ns          348447 1c00b07c 00140413 addi             x8, x8, 1            x8=1c00005c  x8:1c00005b
20806779ns          348448 1c00b07e fe0514e3 bne              x10, x0, -24        x10:00000064
20806859ns          348452 1c00b066 02500793 addi             x15, x0, 37         x15=00000025
20806879ns          348453 1c00b06a 04f50863 beq              x10, x15, 80        x10:00000064 x15:00000025
20806899ns          348454 1c00b06e 01a005b3 add              x11, x0, x26        x11=00000002 x26:00000002
20806918ns          348455 1c00b070 000b00e7 jalr             x1, x22, 0           x1=1c00b072 x22:1c00afa4
20806958ns          348457 1c00afa4 000026b7 lui              x13, 0x2000         x13=00002000
20806978ns          348458 1c00afa6 f14027f3 csrrs            x15, x0, 0xf14      x15=00000001
20806998ns          348459 1c00afaa f8068693 addi             x13, x13, -128      x13=00001f80 x13:00002000
20807018ns          348460 1c00afae 00379713 slli             x14, x15, 0x3       x14=00000008 x15:00000001
20807038ns          348461 1c00afb2 00279793 slli             x15, x15, 0x2       x15=00000004 x15:00000001
20807058ns          348462 1c00afb4 00d7f7b3 and              x15, x15, x13       x15=00000000 x15:00000004 x13:00001f80
20807078ns          348463 1c00afb6 ee873733 p.bclr           x14, x14, 23, 8     x14=00000008 x14:00000008
20807097ns          348464 1c00afba 1a10f6b7 lui              x13, 0x1a10f000     x13=1a10f000
20807117ns          348465 1c00afbe 0ff57513 andi             x10, x10, 255       x10=00000064 x10:00000064
20807137ns          348466 1c00afc2 00d70733 add              x14, x14, x13       x14=1a10f008 x14:00000008 x13:1a10f000
20807157ns          348467 1c00afc4 00a7e723 p.sw             x10, x0(x15)        x10:00000064 x15:00000000  PA:1a10f008
20807495ns          348484 1c00afc8 00000513 addi             x10, x0, 0          x10=00000000
20807515ns          348485 1c00afca 00008067 jalr             x0, x1, 0            x1:1c00b072
20807575ns          348488 1c00b072 31f52563 p.beqimm         x10, 778            x10:00000000
20807595ns          348489 1c00b076 001d8d93 addi             x27, x27, 1         x27=00000027 x27:00000026
20807615ns          348490 1c00b078 00044503 lbu              x10, 0(x8)          x10=00000020  x8:1c00005c  PA:1c00005c
20807913ns          348505 1c00b07c 00140413 addi             x8, x8, 1            x8=1c00005d  x8:1c00005c
20807933ns          348506 1c00b07e fe0514e3 bne              x10, x0, -24        x10:00000020
20808012ns          348510 1c00b066 02500793 addi             x15, x0, 37         x15=00000025
20808032ns          348511 1c00b06a 04f50863 beq              x10, x15, 80        x10:00000020 x15:00000025
20808052ns          348512 1c00b06e 01a005b3 add              x11, x0, x26        x11=00000002 x26:00000002
20808072ns          348513 1c00b070 000b00e7 jalr             x1, x22, 0           x1=1c00b072 x22:1c00afa4
20808112ns          348515 1c00afa4 000026b7 lui              x13, 0x2000         x13=00002000
20808132ns          348516 1c00afa6 f14027f3 csrrs            x15, x0, 0xf14      x15=00000001
20808152ns          348517 1c00afaa f8068693 addi             x13, x13, -128      x13=00001f80 x13:00002000
20808172ns          348518 1c00afae 00379713 slli             x14, x15, 0x3       x14=00000008 x15:00000001
20808191ns          348519 1c00afb2 00279793 slli             x15, x15, 0x2       x15=00000004 x15:00000001
20808211ns          348520 1c00afb4 00d7f7b3 and              x15, x15, x13       x15=00000000 x15:00000004 x13:00001f80
20808231ns          348521 1c00afb6 ee873733 p.bclr           x14, x14, 23, 8     x14=00000008 x14:00000008
20808251ns          348522 1c00afba 1a10f6b7 lui              x13, 0x1a10f000     x13=1a10f000
20808271ns          348523 1c00afbe 0ff57513 andi             x10, x10, 255       x10=00000020 x10:00000020
20808291ns          348524 1c00afc2 00d70733 add              x14, x14, x13       x14=1a10f008 x14:00000008 x13:1a10f000
20808311ns          348525 1c00afc4 00a7e723 p.sw             x10, x0(x15)        x10:00000020 x15:00000000  PA:1a10f008
20808629ns          348541 1c00afc8 00000513 addi             x10, x0, 0          x10=00000000
20808649ns          348542 1c00afca 00008067 jalr             x0, x1, 0            x1:1c00b072
20808709ns          348545 1c00b072 31f52563 p.beqimm         x10, 778            x10:00000000
20808729ns          348546 1c00b076 001d8d93 addi             x27, x27, 1         x27=00000028 x27:00000027
20808748ns          348547 1c00b078 00044503 lbu              x10, 0(x8)          x10=0000003d  x8:1c00005d  PA:1c00005d
20809047ns          348562 1c00b07c 00140413 addi             x8, x8, 1            x8=1c00005e  x8:1c00005d
20809067ns          348563 1c00b07e fe0514e3 bne              x10, x0, -24        x10:0000003d
20809146ns          348567 1c00b066 02500793 addi             x15, x0, 37         x15=00000025
20809166ns          348568 1c00b06a 04f50863 beq              x10, x15, 80        x10:0000003d x15:00000025
20809186ns          348569 1c00b06e 01a005b3 add              x11, x0, x26        x11=00000002 x26:00000002
20809206ns          348570 1c00b070 000b00e7 jalr             x1, x22, 0           x1=1c00b072 x22:1c00afa4
20809246ns          348572 1c00afa4 000026b7 lui              x13, 0x2000         x13=00002000
20809266ns          348573 1c00afa6 f14027f3 csrrs            x15, x0, 0xf14      x15=00000001
20809285ns          348574 1c00afaa f8068693 addi             x13, x13, -128      x13=00001f80 x13:00002000
20809305ns          348575 1c00afae 00379713 slli             x14, x15, 0x3       x14=00000008 x15:00000001
20809325ns          348576 1c00afb2 00279793 slli             x15, x15, 0x2       x15=00000004 x15:00000001
20809345ns          348577 1c00afb4 00d7f7b3 and              x15, x15, x13       x15=00000000 x15:00000004 x13:00001f80
20809365ns          348578 1c00afb6 ee873733 p.bclr           x14, x14, 23, 8     x14=00000008 x14:00000008
20809385ns          348579 1c00afba 1a10f6b7 lui              x13, 0x1a10f000     x13=1a10f000
20809405ns          348580 1c00afbe 0ff57513 andi             x10, x10, 255       x10=0000003d x10:0000003d
20809425ns          348581 1c00afc2 00d70733 add              x14, x14, x13       x14=1a10f008 x14:00000008 x13:1a10f000
20809445ns          348582 1c00afc4 00a7e723 p.sw             x10, x0(x15)        x10:0000003d x15:00000000  PA:1a10f008
20809763ns          348598 1c00afc8 00000513 addi             x10, x0, 0          x10=00000000
20809783ns          348599 1c00afca 00008067 jalr             x0, x1, 0            x1:1c00b072
20809842ns          348602 1c00b072 31f52563 p.beqimm         x10, 778            x10:00000000
20809862ns          348603 1c00b076 001d8d93 addi             x27, x27, 1         x27=00000029 x27:00000028
20809882ns          348604 1c00b078 00044503 lbu              x10, 0(x8)          x10=00000020  x8:1c00005e  PA:1c00005e
20810181ns          348619 1c00b07c 00140413 addi             x8, x8, 1            x8=1c00005f  x8:1c00005e
20810200ns          348620 1c00b07e fe0514e3 bne              x10, x0, -24        x10:00000020
20810280ns          348624 1c00b066 02500793 addi             x15, x0, 37         x15=00000025
20810300ns          348625 1c00b06a 04f50863 beq              x10, x15, 80        x10:00000020 x15:00000025
20810320ns          348626 1c00b06e 01a005b3 add              x11, x0, x26        x11=00000002 x26:00000002
20810340ns          348627 1c00b070 000b00e7 jalr             x1, x22, 0           x1=1c00b072 x22:1c00afa4
20810379ns          348629 1c00afa4 000026b7 lui              x13, 0x2000         x13=00002000
20810399ns          348630 1c00afa6 f14027f3 csrrs            x15, x0, 0xf14      x15=00000001
20810419ns          348631 1c00afaa f8068693 addi             x13, x13, -128      x13=00001f80 x13:00002000
20810439ns          348632 1c00afae 00379713 slli             x14, x15, 0x3       x14=00000008 x15:00000001
20810459ns          348633 1c00afb2 00279793 slli             x15, x15, 0x2       x15=00000004 x15:00000001
20810479ns          348634 1c00afb4 00d7f7b3 and              x15, x15, x13       x15=00000000 x15:00000004 x13:00001f80
20810499ns          348635 1c00afb6 ee873733 p.bclr           x14, x14, 23, 8     x14=00000008 x14:00000008
20810519ns          348636 1c00afba 1a10f6b7 lui              x13, 0x1a10f000     x13=1a10f000
20810539ns          348637 1c00afbe 0ff57513 andi             x10, x10, 255       x10=00000020 x10:00000020
20810558ns          348638 1c00afc2 00d70733 add              x14, x14, x13       x14=1a10f008 x14:00000008 x13:1a10f000
20810578ns          348639 1c00afc4 00a7e723 p.sw             x10, x0(x15)        x10:00000020 x15:00000000  PA:1a10f008
20810917ns          348656 1c00afc8 00000513 addi             x10, x0, 0          x10=00000000
20810936ns          348657 1c00afca 00008067 jalr             x0, x1, 0            x1:1c00b072
20810996ns          348660 1c00b072 31f52563 p.beqimm         x10, 778            x10:00000000
20811016ns          348661 1c00b076 001d8d93 addi             x27, x27, 1         x27=0000002a x27:00000029
20811036ns          348662 1c00b078 00044503 lbu              x10, 0(x8)          x10=00000025  x8:1c00005f  PA:1c00005f
20811354ns          348678 1c00b07c 00140413 addi             x8, x8, 1            x8=1c000060  x8:1c00005f
20811374ns          348679 1c00b07e fe0514e3 bne              x10, x0, -24        x10:00000025
20811454ns          348683 1c00b066 02500793 addi             x15, x0, 37         x15=00000025
20811473ns          348684 1c00b06a 04f50863 beq              x10, x15, 80        x10:00000025 x15:00000025
20811613ns          348691 1c00b0ba 00044483 lbu              x9, 0(x8)            x9=00000064  x8:1c000060  PA:1c000060
20811911ns          348706 1c00b0be 02000693 addi             x13, x0, 32         x13=00000020
20811931ns          348707 1c00b0c2 00140a93 addi             x21, x8, 1          x21=1c000061  x8:1c000060
20811951ns          348708 1c00b0c6 009005b3 add              x11, x0, x9         x11=00000064  x9:00000064
20811971ns          348709 1c00b0c8 0c8b8513 addi             x10, x23, 200       x10=1c0000c8 x23:1c000000
20811991ns          348710 1c00b0cc 00d12823 sw               x13, 16(x2)         x13:00000020  x2:10000d38  PA:10000d48
20812011ns          348711 1c00b0ce 00012c23 sw               x0, 24(x2)           x2:10000d38  PA:10000d50
20812030ns          348712 1c00b0d0 00012a23 sw               x0, 20(x2)           x2:10000d38  PA:10000d4c
20812050ns          348713 1c00b0d2 00012e23 sw               x0, 28(x2)           x2:10000d38  PA:10000d54
20812070ns          348714 1c00b0d4 00012623 sw               x0, 12(x2)           x2:10000d38  PA:10000d44
20812090ns          348715 1c00b0d6 02300913 addi             x18, x0, 35         x18=00000023
20812110ns          348716 1c00b0da 02d00a13 addi             x20, x0, 45         x20=0000002d
20812130ns          348717 1c00b0de 015009b3 add              x19, x0, x21        x19=1c000061 x21:1c000061
20812170ns          348719 1c00b0e0 e97ff0ef jal              x1, -362             x1=1c00b0e2
20812289ns          348725 1c00af76 00054783 lbu              x15, 0(x10)         x15=0000002d x10:1c0000c8  PA:1c0000c8
20812587ns          348740 1c00af7a 0ff5f593 andi             x11, x11, 255       x11=00000064 x11:00000064
20812607ns          348741 1c00af7e 00b78c63 beq              x15, x11, 24        x15:0000002d x11:00000064
20812627ns          348742 1c00af82 00078b63 beq              x15, x0, 22         x15:0000002d
20812647ns          348743 1c00af84 00150793 addi             x15, x10, 1         x15=1c0000c9 x10:1c0000c8
20812667ns          348744 1c00af88 0040006f jal              x0, 4              
20812766ns          348749 1c00af8c 00f00533 add              x10, x0, x15        x10=1c0000c9 x15:1c0000c9
20812786ns          348750 1c00af8e 0017c70b p.lbu            x14, 1(x15!)        x14=0000002b x15=1c0000ca x15:1c0000c9  PA:1c0000c9
20813105ns          348766 1c00af92 feb71ce3 bne              x14, x11, -8        x14:0000002b x11:00000064
20813164ns          348769 1c00af8a 00070763 beq              x14, x0, 14         x14:0000002b
20813184ns          348770 1c00af8c 00f00533 add              x10, x0, x15        x10=1c0000ca x15:1c0000ca
20813204ns          348771 1c00af8e 0017c70b p.lbu            x14, 1(x15!)        x14=00000020 x15=1c0000cb x15:1c0000ca  PA:1c0000ca
20813522ns          348787 1c00af92 feb71ce3 bne              x14, x11, -8        x14:00000020 x11:00000064
20813582ns          348790 1c00af8a 00070763 beq              x14, x0, 14         x14:00000020
20813602ns          348791 1c00af8c 00f00533 add              x10, x0, x15        x10=1c0000cb x15:1c0000cb
20813622ns          348792 1c00af8e 0017c70b p.lbu            x14, 1(x15!)        x14=00000023 x15=1c0000cc x15:1c0000cb  PA:1c0000cb
20813940ns          348808 1c00af92 feb71ce3 bne              x14, x11, -8        x14:00000023 x11:00000064
20814000ns          348811 1c00af8a 00070763 beq              x14, x0, 14         x14:00000023
20814019ns          348812 1c00af8c 00f00533 add              x10, x0, x15        x10=1c0000cc x15:1c0000cc
20814039ns          348813 1c00af8e 0017c70b p.lbu            x14, 1(x15!)        x14=00000030 x15=1c0000cd x15:1c0000cc  PA:1c0000cc
20814358ns          348829 1c00af92 feb71ce3 bne              x14, x11, -8        x14:00000030 x11:00000064
20814417ns          348832 1c00af8a 00070763 beq              x14, x0, 14         x14:00000030
20814437ns          348833 1c00af8c 00f00533 add              x10, x0, x15        x10=1c0000cd x15:1c0000cd
20814457ns          348834 1c00af8e 0017c70b p.lbu            x14, 1(x15!)        x14=00000000 x15=1c0000ce x15:1c0000cd  PA:1c0000cd
20814775ns          348850 1c00af92 feb71ce3 bne              x14, x11, -8        x14:00000000 x11:00000064
20814835ns          348853 1c00af8a 00070763 beq              x14, x0, 14         x14:00000000
20814895ns          348856 1c00af98 0015b593 sltiu            x11, x11, 1         x11=00000000 x11:00000064
20814915ns          348857 1c00af9c 40b005b3 sub              x11, x0, x11        x11=00000000 x11:00000000
20814934ns          348858 1c00afa0 00b57533 and              x10, x10, x11       x10=00000000 x10:1c0000cd x11:00000000
20814954ns          348859 1c00afa2 00008067 jalr             x0, x1, 0            x1:1c00b0e2
20814994ns          348861 1c00b0e2 02050a63 beq              x10, x0, 52         x10:00000000
20815074ns          348865 1c00b116 02a00613 addi             x12, x0, 42         x12=0000002a
20815094ns          348866 1c00b11a 2ac48663 beq              x9, x12, 684         x9:00000064 x12:0000002a
20815113ns          348867 1c00b11e fd048613 addi             x12, x9, -48        x12=00000034  x9:00000064
20815133ns          348868 1c00b122 00900593 addi             x11, x0, 9          x11=00000009
20815153ns          348869 1c00b124 00000913 addi             x18, x0, 0          x18=00000000
20815173ns          348870 1c00b126 28c5f063 bgeu             x11, x12, 640       x11:00000009 x12:00000034
20815193ns          348871 1c00b12a 02e00693 addi             x13, x0, 46         x13=0000002e
20815213ns          348872 1c00b12e fff00a13 addi             x20, x0, -1         x20=ffffffff
20815233ns          348873 1c00b130 2ed48363 beq              x9, x13, 742         x9:00000064 x13:0000002e
20815253ns          348874 1c00b134 1c0007b7 lui              x15, 0x1c000000     x15=1c000000
20815273ns          348875 1c00b138 009005b3 add              x11, x0, x9         x11=00000064  x9:00000064
20815292ns          348876 1c00b13a 0d078513 addi             x10, x15, 208       x10=1c0000d0 x15:1c000000
20815312ns          348877 1c00b13e e39ff0ef jal              x1, -456             x1=1c00b140
20815372ns          348880 1c00af76 00054783 lbu              x15, 0(x10)         x15=00000068 x10:1c0000d0  PA:1c0000d0
20815670ns          348895 1c00af7a 0ff5f593 andi             x11, x11, 255       x11=00000064 x11:00000064
20815690ns          348896 1c00af7e 00b78c63 beq              x15, x11, 24        x15:00000068 x11:00000064
20815710ns          348897 1c00af82 00078b63 beq              x15, x0, 22         x15:00000068
20815730ns          348898 1c00af84 00150793 addi             x15, x10, 1         x15=1c0000d1 x10:1c0000d0
20815750ns          348899 1c00af88 0040006f jal              x0, 4              
20815790ns          348901 1c00af8c 00f00533 add              x10, x0, x15        x10=1c0000d1 x15:1c0000d1
20815810ns          348902 1c00af8e 0017c70b p.lbu            x14, 1(x15!)        x14=0000006c x15=1c0000d2 x15:1c0000d1  PA:1c0000d1
20816128ns          348918 1c00af92 feb71ce3 bne              x14, x11, -8        x14:0000006c x11:00000064
20816188ns          348921 1c00af8a 00070763 beq              x14, x0, 14         x14:0000006c
20816207ns          348922 1c00af8c 00f00533 add              x10, x0, x15        x10=1c0000d2 x15:1c0000d2
20816227ns          348923 1c00af8e 0017c70b p.lbu            x14, 1(x15!)        x14=0000004c x15=1c0000d3 x15:1c0000d2  PA:1c0000d2
20816546ns          348939 1c00af92 feb71ce3 bne              x14, x11, -8        x14:0000004c x11:00000064
20816605ns          348942 1c00af8a 00070763 beq              x14, x0, 14         x14:0000004c
20816625ns          348943 1c00af8c 00f00533 add              x10, x0, x15        x10=1c0000d3 x15:1c0000d3
20816645ns          348944 1c00af8e 0017c70b p.lbu            x14, 1(x15!)        x14=0000007a x15=1c0000d4 x15:1c0000d3  PA:1c0000d3
20816963ns          348960 1c00af92 feb71ce3 bne              x14, x11, -8        x14:0000007a x11:00000064
20817023ns          348963 1c00af8a 00070763 beq              x14, x0, 14         x14:0000007a
20817043ns          348964 1c00af8c 00f00533 add              x10, x0, x15        x10=1c0000d4 x15:1c0000d4
20817063ns          348965 1c00af8e 0017c70b p.lbu            x14, 1(x15!)        x14=00000000 x15=1c0000d5 x15:1c0000d4  PA:1c0000d4
20817381ns          348981 1c00af92 feb71ce3 bne              x14, x11, -8        x14:00000000 x11:00000064
20817441ns          348984 1c00af8a 00070763 beq              x14, x0, 14         x14:00000000
20817500ns          348987 1c00af98 0015b593 sltiu            x11, x11, 1         x11=00000000 x11:00000064
20817520ns          348988 1c00af9c 40b005b3 sub              x11, x0, x11        x11=00000000 x11:00000000
20817540ns          348989 1c00afa0 00b57533 and              x10, x10, x11       x10=00000000 x10:1c0000d4 x11:00000000
20817560ns          348990 1c00afa2 00008067 jalr             x0, x1, 0            x1:1c00b140
20817600ns          348992 1c00b140 01300433 add              x8, x0, x19          x8=1c000061 x19:1c000061
20817620ns          348993 1c00b142 00050563 beq              x10, x0, 10         x10:00000000
20817679ns          348996 1c00b14c 06700693 addi             x13, x0, 103        x13=00000067
20817739ns          348999 1c00b150 2896d963 bge              x13, x9, 658        x13:00000067  x9:00000064
20817878ns          349006 1c00b3e2 06500693 addi             x13, x0, 101        x13=00000065
20817898ns          349007 1c00b3e6 12d4d563 bge              x9, x13, 298         x9:00000064 x13:00000065
20817918ns          349008 1c00b3ea 04700693 addi             x13, x0, 71         x13=00000047
20817938ns          349009 1c00b3ee dc96cbe3 blt              x13, x9, -554       x13:00000047  x9:00000064
20818037ns          349014 1c00b1c4 06300693 addi             x13, x0, 99         x13=00000063
20818077ns          349016 1c00b1c8 0ad488e3 beq              x9, x13, 2224        x9:00000064 x13:00000063
20818097ns          349017 1c00b1cc 0096c9e3 blt              x13, x9, 2066       x13:00000063  x9:00000064
20818276ns          349026 1c00b9de 000c2583 lw               x11, 0(x24)         x11=00000001 x24:10000e90  PA:10000e90
20818296ns          349027 1c00b9e2 004c0c13 addi             x24, x24, 4         x24=10000e94 x24:10000e90
20818316ns          349028 1c00b9e4 3405cc63 blt              x11, x0, 856        x11:00000001
20818336ns          349029 1c00b9e8 01412603 lw               x12, 20(x2)         x12=00000000  x2:10000d38  PA:10000d4c
20818356ns          349030 1c00b9ea 00b006b3 add              x13, x0, x11        x13=00000001 x11:00000001
20818376ns          349031 1c00b9ec 2e061863 bne              x12, x0, 752        x12:00000000
20818395ns          349032 1c00b9f0 01812703 lw               x14, 24(x2)         x14=00000000  x2:10000d38  PA:10000d50
20818415ns          349033 1c00b9f2 019007b3 add              x15, x0, x25        x15=10000d5c x25:10000d5c
20818435ns          349034 1c00b9f4 00070763 beq              x14, x0, 14         x14:00000000
20818495ns          349037 1c00ba02 00f00733 add              x14, x0, x15        x14=10000d5c x15:10000d5c
20818515ns          349038 1c00ba04 00a00513 addi             x10, x0, 10         x10=0000000a
20818535ns          349039 1c00ba06 02a6f633 remu             x12, x13, x10       x12=00000001 x13:00000001 x10:0000000a
20819151ns          349070 1c00ba0a 02a6d6b3 divu             x13, x13, x10       x13=00000000 x13:00000001 x10:0000000a
20819768ns          349101 1c00ba0e 03060613 addi             x12, x12, 48        x12=00000031 x12:00000001
20819788ns          349102 1c00ba12 00c700ab p.sb             x12, 1(x14!)        x14=10000d5d x12:00000031 x14:10000d5c  PA:10000d5c
20819808ns          349103 1c00ba16 fe0698e3 bne              x13, x0, -16        x13:00000000
20819828ns          349104 1c00ba18 40f706b3 sub              x13, x14, x15       x13=00000001 x14:10000d5d x15:10000d5c
20819847ns          349105 1c00ba1c 0146dc63 bge              x13, x20, 24        x13:00000001 x20:ffffffff
20819967ns          349111 1c00ba34 00e006b3 add              x13, x0, x14        x13=10000d5d x14:10000d5d
20820007ns          349113 1c00ba36 fe068fab p.sb             x0, -1(x13!)        x13=10000d5c x13:10000d5d  PA:10000d5d
20820026ns          349114 1c00ba3a 00d7fc63 bgeu             x15, x13, 24        x15:10000d5c x13:10000d5c
20820166ns          349121 1c00ba52 01412783 lw               x15, 20(x2)         x15=00000000  x2:10000d38  PA:10000d4c
20820206ns          349123 1c00ba54 01812603 lw               x12, 24(x2)         x12=00000000  x2:10000d38  PA:10000d50
20820225ns          349124 1c00ba56 419704b3 sub              x9, x14, x25         x9=00000001 x14:10000d5d x25:10000d5c
20820245ns          349125 1c00ba5a 00c7e7b3 or               x15, x15, x12       x15=00000000 x15:00000000 x12:00000000
20820265ns          349126 1c00ba5c 00f12623 sw               x15, 12(x2)         x15:00000000  x2:10000d38  PA:10000d44
20820305ns          349128 1c00ba5e 00079363 bne              x15, x0, 6          x15:00000000
20820325ns          349129 1c00ba60 01f5d593 srli             x11, x11, 0x1f      x11=00000000 x11:00000001
20820345ns          349130 1c00ba62 00b12623 sw               x11, 12(x2)         x11:00000000  x2:10000d38  PA:10000d44
20820365ns          349131 1c00ba64 e3fa28e3 p.beqimm         x20, -464           x20:ffffffff
20820842ns          349155 1c00b894 0c800793 addi             x15, x0, 200        x15=000000c8
20820862ns          349156 1c00b898 9e97d0e3 bge              x15, x9, -1568      x15:000000c8  x9:00000001
20821399ns          349183 1c00b278 0f24d163 bge              x9, x18, 226         x9:00000001 x18:00000000
20821538ns          349190 1c00b35a d00482e3 beq              x9, x0, -764         x9:00000001
20821558ns          349191 1c00b35e 01900933 add              x18, x0, x25        x18=10000d5c x25:10000d5c
20821598ns          349193 1c00b360 419d8db3 sub              x27, x27, x25       x27=effff2ce x27:0000002a x25:10000d5c
20821638ns          349195 1c00b364 00a0006f jal              x0, 10             
20821737ns          349200 1c00b36e 0019450b p.lbu            x10, 1(x18!)        x10=00000031 x18=10000d5d x18:10000d5c  PA:10000d5c
20821757ns          349201 1c00b372 01a005b3 add              x11, x0, x26        x11=00000002 x26:00000002
20821777ns          349202 1c00b374 000b00e7 jalr             x1, x22, 0           x1=1c00b376 x22:1c00afa4
20821817ns          349204 1c00afa4 000026b7 lui              x13, 0x2000         x13=00002000
20821837ns          349205 1c00afa6 f14027f3 csrrs            x15, x0, 0xf14      x15=00000001
20821856ns          349206 1c00afaa f8068693 addi             x13, x13, -128      x13=00001f80 x13:00002000
20821876ns          349207 1c00afae 00379713 slli             x14, x15, 0x3       x14=00000008 x15:00000001
20821896ns          349208 1c00afb2 00279793 slli             x15, x15, 0x2       x15=00000004 x15:00000001
20821916ns          349209 1c00afb4 00d7f7b3 and              x15, x15, x13       x15=00000000 x15:00000004 x13:00001f80
20821936ns          349210 1c00afb6 ee873733 p.bclr           x14, x14, 23, 8     x14=00000008 x14:00000008
20821956ns          349211 1c00afba 1a10f6b7 lui              x13, 0x1a10f000     x13=1a10f000
20821976ns          349212 1c00afbe 0ff57513 andi             x10, x10, 255       x10=00000031 x10:00000031
20821996ns          349213 1c00afc2 00d70733 add              x14, x14, x13       x14=1a10f008 x14:00000008 x13:1a10f000
20822016ns          349214 1c00afc4 00a7e723 p.sw             x10, x0(x15)        x10:00000031 x15:00000000  PA:1a10f008
20822374ns          349232 1c00afc8 00000513 addi             x10, x0, 0          x10=00000000
20822393ns          349233 1c00afca 00008067 jalr             x0, x1, 0            x1:1c00b376
20822433ns          349235 1c00b376 fff48493 addi             x9, x9, -1           x9=00000000  x9:00000001
20822453ns          349236 1c00b378 fff537e3 p.bneimm         x10, -18            x10:00000000
20822533ns          349240 1c00b366 012d8733 add              x14, x27, x18       x14=0000002b x27:effff2ce x18:10000d5d
20822553ns          349241 1c00b36a 5a048b63 beq              x9, x0, 1462         x9:00000000
20822652ns          349246 1c00b920 00e00db3 add              x27, x0, x14        x27=0000002b x14:0000002b
20822692ns          349248 1c00b922 f3cff06f jal              x0, -2244          
20822851ns          349256 1c00b05e 00044503 lbu              x10, 0(x8)          x10=00000029  x8:1c000061  PA:1c000061
20823149ns          349271 1c00b062 00140413 addi             x8, x8, 1            x8=1c000062  x8:1c000061
20823169ns          349272 1c00b064 00050e63 beq              x10, x0, 28         x10:00000029
20823189ns          349273 1c00b066 02500793 addi             x15, x0, 37         x15=00000025
20823209ns          349274 1c00b06a 04f50863 beq              x10, x15, 80        x10:00000029 x15:00000025
20823229ns          349275 1c00b06e 01a005b3 add              x11, x0, x26        x11=00000002 x26:00000002
20823249ns          349276 1c00b070 000b00e7 jalr             x1, x22, 0           x1=1c00b072 x22:1c00afa4
20823289ns          349278 1c00afa4 000026b7 lui              x13, 0x2000         x13=00002000
20823308ns          349279 1c00afa6 f14027f3 csrrs            x15, x0, 0xf14      x15=00000001
20823328ns          349280 1c00afaa f8068693 addi             x13, x13, -128      x13=00001f80 x13:00002000
20823348ns          349281 1c00afae 00379713 slli             x14, x15, 0x3       x14=00000008 x15:00000001
20823368ns          349282 1c00afb2 00279793 slli             x15, x15, 0x2       x15=00000004 x15:00000001
20823388ns          349283 1c00afb4 00d7f7b3 and              x15, x15, x13       x15=00000000 x15:00000004 x13:00001f80
20823408ns          349284 1c00afb6 ee873733 p.bclr           x14, x14, 23, 8     x14=00000008 x14:00000008
20823428ns          349285 1c00afba 1a10f6b7 lui              x13, 0x1a10f000     x13=1a10f000
20823448ns          349286 1c00afbe 0ff57513 andi             x10, x10, 255       x10=00000029 x10:00000029
20823468ns          349287 1c00afc2 00d70733 add              x14, x14, x13       x14=1a10f008 x14:00000008 x13:1a10f000
20823487ns          349288 1c00afc4 00a7e723 p.sw             x10, x0(x15)        x10:00000029 x15:00000000  PA:1a10f008
20823806ns          349304 1c00afc8 00000513 addi             x10, x0, 0          x10=00000000
20823826ns          349305 1c00afca 00008067 jalr             x0, x1, 0            x1:1c00b072
20823885ns          349308 1c00b072 31f52563 p.beqimm         x10, 778            x10:00000000
20823905ns          349309 1c00b076 001d8d93 addi             x27, x27, 1         x27=0000002c x27:0000002b
20823925ns          349310 1c00b078 00044503 lbu              x10, 0(x8)          x10=0000000a  x8:1c000062  PA:1c000062
20824223ns          349325 1c00b07c 00140413 addi             x8, x8, 1            x8=1c000063  x8:1c000062
20824243ns          349326 1c00b07e fe0514e3 bne              x10, x0, -24        x10:0000000a
20824323ns          349330 1c00b066 02500793 addi             x15, x0, 37         x15=00000025
20824343ns          349331 1c00b06a 04f50863 beq              x10, x15, 80        x10:0000000a x15:00000025
20824363ns          349332 1c00b06e 01a005b3 add              x11, x0, x26        x11=00000002 x26:00000002
20824383ns          349333 1c00b070 000b00e7 jalr             x1, x22, 0           x1=1c00b072 x22:1c00afa4
20824422ns          349335 1c00afa4 000026b7 lui              x13, 0x2000         x13=00002000
20824442ns          349336 1c00afa6 f14027f3 csrrs            x15, x0, 0xf14      x15=00000001
20824462ns          349337 1c00afaa f8068693 addi             x13, x13, -128      x13=00001f80 x13:00002000
20824482ns          349338 1c00afae 00379713 slli             x14, x15, 0x3       x14=00000008 x15:00000001
20824502ns          349339 1c00afb2 00279793 slli             x15, x15, 0x2       x15=00000004 x15:00000001
20824522ns          349340 1c00afb4 00d7f7b3 and              x15, x15, x13       x15=00000000 x15:00000004 x13:00001f80
20824542ns          349341 1c00afb6 ee873733 p.bclr           x14, x14, 23, 8     x14=00000008 x14:00000008
20824562ns          349342 1c00afba 1a10f6b7 lui              x13, 0x1a10f000     x13=1a10f000
20824581ns          349343 1c00afbe 0ff57513 andi             x10, x10, 255       x10=0000000a x10:0000000a
20824601ns          349344 1c00afc2 00d70733 add              x14, x14, x13       x14=1a10f008 x14:00000008 x13:1a10f000
20824621ns          349345 1c00afc4 00a7e723 p.sw             x10, x0(x15)        x10:0000000a x15:00000000  PA:1a10f008
20824940ns          349361 1c00afc8 00000513 addi             x10, x0, 0          x10=00000000
20824959ns          349362 1c00afca 00008067 jalr             x0, x1, 0            x1:1c00b072
20825019ns          349365 1c00b072 31f52563 p.beqimm         x10, 778            x10:00000000
20825039ns          349366 1c00b076 001d8d93 addi             x27, x27, 1         x27=0000002d x27:0000002c
20825059ns          349367 1c00b078 00044503 lbu              x10, 0(x8)          x10=00000000  x8:1c000063  PA:1c000063
20825357ns          349382 1c00b07c 00140413 addi             x8, x8, 1            x8=1c000064  x8:1c000063
20825377ns          349383 1c00b07e fe0514e3 bne              x10, x0, -24        x10:00000000
20825397ns          349384 1c00b080 01b00433 add              x8, x0, x27          x8=0000002d x27:0000002d
20825417ns          349385 1c00b082 00800533 add              x10, x0, x8         x10=0000002d  x8:0000002d
20825437ns          349386 1c00b084 12c12083 lw               x1, 300(x2)          x1=1c00b010  x2:10000d38  PA:10000e64
20825457ns          349387 1c00b088 12812403 lw               x8, 296(x2)          x8=00000001  x2:10000d38  PA:10000e60
20825477ns          349388 1c00b08c 12412483 lw               x9, 292(x2)          x9=xxxxxxxx  x2:10000d38  PA:10000e5c
20825854ns          349407 1c00b090 12012903 lw               x18, 288(x2)        x18=xxxxxxxx  x2:10000d38  PA:10000e58
20825894ns          349409 1c00b094 11c12983 lw               x19, 284(x2)        x19=xxxxxxxx  x2:10000d38  PA:10000e54
20825914ns          349410 1c00b098 11812a03 lw               x20, 280(x2)        x20=xxxxxxxx  x2:10000d38  PA:10000e50
20825934ns          349411 1c00b09c 11412a83 lw               x21, 276(x2)        x21=xxxxxxxx  x2:10000d38  PA:10000e4c
20826372ns          349433 1c00b0a0 11012b03 lw               x22, 272(x2)        x22=xxxxxxxx  x2:10000d38  PA:10000e48
20826411ns          349435 1c00b0a4 10c12b83 lw               x23, 268(x2)        x23=xxxxxxxx  x2:10000d38  PA:10000e44
20826431ns          349436 1c00b0a8 10812c03 lw               x24, 264(x2)        x24=xxxxxxxx  x2:10000d38  PA:10000e40
20826451ns          349437 1c00b0ac 10412c83 lw               x25, 260(x2)        x25=xxxxxxxx  x2:10000d38  PA:10000e3c
20826471ns          349438 1c00b0b0 10012d03 lw               x26, 256(x2)        x26=xxxxxxxx  x2:10000d38  PA:10000e38
20826491ns          349439 1c00b0b4 0fc12d83 lw               x27, 252(x2)        x27=xxxxxxxx  x2:10000d38  PA:10000e34
20826511ns          349440 1c00b0b6 13010113 addi             x2, x2, 304          x2=10000e68  x2:10000d38
20826531ns          349441 1c00b0b8 00008067 jalr             x0, x1, 0            x1:1c00b010
20826610ns          349445 1c00b010 01c12083 lw               x1, 28(x2)           x1=1c00a8b4  x2:10000e68  PA:10000e84
20826630ns          349446 1c00b012 04010113 addi             x2, x2, 64           x2=10000ea8  x2:10000e68
20826670ns          349448 1c00b014 00008067 jalr             x0, x1, 0            x1:1c00a8b4
20827127ns          349471 1c00a8b4 00300793 addi             x15, x0, 3          x15=00000003
20827167ns          349473 1c00a8b6 0087f463 bgeu             x15, x8, 8          x15:00000003  x8:00000001
20827684ns          349499 1c00a8be 2e1010ef jal              x1, 6880             x1=1c00a8c2
20828599ns          349545 1c00c39e f14027f3 csrrs            x15, x0, 0xf14      x15=00000001
20828619ns          349546 1c00c3a2 01f00713 addi             x14, x0, 31         x14=0000001f
20828639ns          349547 1c00c3a4 ca5797b3 p.extractu       x15, x15, 5, 5      x15=00000000 x15:00000001
20828659ns          349548 1c00c3a8 00e78863 beq              x15, x14, 16        x15:00000000 x14:0000001f
20828679ns          349549 1c00c3ac 002047b7 lui              x15, 0x204000       x15=00204000
20829117ns          349571 1c00c3b0 20078793 addi             x15, x15, 512       x15=00204200 x15:00204000
20829156ns          349573 1c00c3b4 01c7e703 p.elw            x14, 28(x15)        x14=00010000 x15:00204200  PA:0020421c
20829335ns          349582 1c00c3b8 00008067 jalr             x0, x1, 0            x1:1c00a8c2
20829773ns          349604 1c00a8c2 f14027f3 csrrs            x15, x0, 0xf14      x15=00000001
20829793ns          349605 1c00a8c6 f457b7b3 p.bclr           x15, x15, 26, 5     x15=00000001 x15:00000001
20829813ns          349606 1c00a8ca 02079063 bne              x15, x0, 32         x15:00000001
20830767ns          349654 1c00a8ea 1c0104b7 lui              x9, 0x1c010000       x9=1c010000
20830787ns          349655 1c00a8ee 01900793 addi             x15, x0, 25         x15=00000019
20831205ns          349676 1c00a8f0 00048493 addi             x9, x9, 0            x9=1c010000  x9:1c010000
20831245ns          349678 1c00a8f4 02f407b3 mul              x15, x8, x15        x15=00000019  x8:00000001 x15:00000019
20831265ns          349679 1c00a8f8 00279793 slli             x15, x15, 0x2       x15=00000064 x15:00000019
20831285ns          349680 1c00a8fa 07810913 addi             x18, x2, 120        x18=10000f20  x2:10000ea8
20831722ns          349702 1c00a8fe 06048513 addi             x10, x9, 96         x10=1c010060  x9:1c010000
20831742ns          349703 1c00a902 00f50533 add              x10, x10, x15       x10=1c0100c4 x10:1c010060 x15:00000064
20831762ns          349704 1c00a904 01410693 addi             x13, x2, 20         x13=10000ebc  x2:10000ea8
20831782ns          349705 1c00a906 00200633 add              x12, x0, x2         x12=10000ea8  x2:10000ea8
20831802ns          349706 1c00a908 012005b3 add              x11, x0, x18        x11=10000f20 x18:10000f20
20831822ns          349707 1c00a90a 835fd0ef jal              x1, -10188           x1=1c00a90e
20832717ns          349752 1c00813e ef010113 addi             x2, x2, -272         x2=10000d98  x2:10000ea8
20833174ns          349775 1c008140 07c10813 addi             x16, x2, 124        x16=10000e14  x2:10000d98
20833214ns          349777 1c008144 0f912423 sw               x25, 232(x2)        x25:xxxxxxxx  x2:10000d98  PA:10000e80
20833234ns          349778 1c008146 0fa12223 sw               x26, 228(x2)        x26:xxxxxxxx  x2:10000d98  PA:10000e7c
20833254ns          349779 1c008148 10812623 sw               x8, 268(x2)          x8:00000001  x2:10000d98  PA:10000ea4
20833274ns          349780 1c00814c 10912423 sw               x9, 264(x2)          x9:1c010000  x2:10000d98  PA:10000ea0
20833691ns          349801 1c008150 11212223 sw               x18, 260(x2)        x18:10000f20  x2:10000d98  PA:10000e9c
20833731ns          349803 1c008154 11312023 sw               x19, 256(x2)        x19:xxxxxxxx  x2:10000d98  PA:10000e98
20833751ns          349804 1c008158 0f412e23 sw               x20, 252(x2)        x20:xxxxxxxx  x2:10000d98  PA:10000e94
20833771ns          349805 1c00815a 0f512c23 sw               x21, 248(x2)        x21:xxxxxxxx  x2:10000d98  PA:10000e90
20833791ns          349806 1c00815c 0f612a23 sw               x22, 244(x2)        x22:xxxxxxxx  x2:10000d98  PA:10000e8c
20833811ns          349807 1c00815e 0f712823 sw               x23, 240(x2)        x23:xxxxxxxx  x2:10000d98  PA:10000e88
20834209ns          349827 1c008160 0f812623 sw               x24, 236(x2)        x24:xxxxxxxx  x2:10000d98  PA:10000e84
20834228ns          349828 1c008162 0fb12023 sw               x27, 224(x2)        x27:xxxxxxxx  x2:10000d98  PA:10000e78
20834248ns          349829 1c008164 00b00cb3 add              x25, x0, x11        x25=10000f20 x11:10000f20
20834268ns          349830 1c008166 00c12e23 sw               x12, 28(x2)         x12:10000ea8  x2:10000d98  PA:10000db4
20834288ns          349831 1c008168 00d00d33 add              x26, x0, x13        x26=10000ebc x13:10000ebc
20834308ns          349832 1c00816a 01000733 add              x14, x0, x16        x14=10000e14 x16:10000e14
20834328ns          349833 1c00816c 019250fb lp.setupi        0x1, 0x19, 0x4     
20834726ns          349853 1c008170 0045268b p.lw             x13, 4(x10!)        x13=412279ca x10=1c0100c8 x10:1c0100c4  PA:1c0100c4
20835044ns          349869 1c008174 00d7222b p.sw             x13, 4(x14!)        x14=10000e18 x13:412279ca x14:10000e14  PA:10000e14
20835064ns          349870 1c008170 0045268b p.lw             x13, 4(x10!)        x13=40fad4fb x10=1c0100cc x10:1c0100c8  PA:1c0100c8
20835402ns          349887 1c008174 00d7222b p.sw             x13, 4(x14!)        x14=10000e1c x13:40fad4fb x14:10000e18  PA:10000e18
20835422ns          349888 1c008170 0045268b p.lw             x13, 4(x10!)        x13=3e3ef23a x10=1c0100d0 x10:1c0100cc  PA:1c0100cc
20835740ns          349904 1c008174 00d7222b p.sw             x13, 4(x14!)        x14=10000e20 x13:3e3ef23a x14:10000e1c  PA:10000e1c
20835760ns          349905 1c008170 0045268b p.lw             x13, 4(x10!)        x13=41106fb4 x10=1c0100d4 x10:1c0100d0  PA:1c0100d0
20836078ns          349921 1c008174 00d7222b p.sw             x13, 4(x14!)        x14=10000e24 x13:41106fb4 x14:10000e20  PA:10000e20
20836098ns          349922 1c008170 0045268b p.lw             x13, 4(x10!)        x13=3ffba771 x10=1c0100d8 x10:1c0100d4  PA:1c0100d4
20836416ns          349938 1c008174 00d7222b p.sw             x13, 4(x14!)        x14=10000e28 x13:3ffba771 x14:10000e24  PA:10000e24
20836436ns          349939 1c008170 0045268b p.lw             x13, 4(x10!)        x13=40c2e420 x10=1c0100dc x10:1c0100d8  PA:1c0100d8
20836755ns          349955 1c008174 00d7222b p.sw             x13, 4(x14!)        x14=10000e2c x13:40c2e420 x14:10000e28  PA:10000e28
20836775ns          349956 1c008170 0045268b p.lw             x13, 4(x10!)        x13=4173a8cd x10=1c0100e0 x10:1c0100dc  PA:1c0100dc
20837093ns          349972 1c008174 00d7222b p.sw             x13, 4(x14!)        x14=10000e30 x13:4173a8cd x14:10000e2c  PA:10000e2c
20837113ns          349973 1c008170 0045268b p.lw             x13, 4(x10!)        x13=40e22759 x10=1c0100e4 x10:1c0100e0  PA:1c0100e0
20837431ns          349989 1c008174 00d7222b p.sw             x13, 4(x14!)        x14=10000e34 x13:40e22759 x14:10000e30  PA:10000e30
20837451ns          349990 1c008170 0045268b p.lw             x13, 4(x10!)        x13=40620bac x10=1c0100e8 x10:1c0100e4  PA:1c0100e4
20837769ns          350006 1c008174 00d7222b p.sw             x13, 4(x14!)        x14=10000e38 x13:40620bac x14:10000e34  PA:10000e34
20837789ns          350007 1c008170 0045268b p.lw             x13, 4(x10!)        x13=40f2d8a1 x10=1c0100ec x10:1c0100e8  PA:1c0100e8
20838107ns          350023 1c008174 00d7222b p.sw             x13, 4(x14!)        x14=10000e3c x13:40f2d8a1 x14:10000e38  PA:10000e38
20838127ns          350024 1c008170 0045268b p.lw             x13, 4(x10!)        x13=40a1c8c3 x10=1c0100f0 x10:1c0100ec  PA:1c0100ec
20838445ns          350040 1c008174 00d7222b p.sw             x13, 4(x14!)        x14=10000e40 x13:40a1c8c3 x14:10000e3c  PA:10000e3c
20838465ns          350041 1c008170 0045268b p.lw             x13, 4(x10!)        x13=40f50c3d x10=1c0100f4 x10:1c0100f0  PA:1c0100f0
20838783ns          350057 1c008174 00d7222b p.sw             x13, 4(x14!)        x14=10000e44 x13:40f50c3d x14:10000e40  PA:10000e40
20838803ns          350058 1c008170 0045268b p.lw             x13, 4(x10!)        x13=415a014f x10=1c0100f8 x10:1c0100f4  PA:1c0100f4
20839122ns          350074 1c008174 00d7222b p.sw             x13, 4(x14!)        x14=10000e48 x13:415a014f x14:10000e44  PA:10000e44
20839142ns          350075 1c008170 0045268b p.lw             x13, 4(x10!)        x13=411400b8 x10=1c0100fc x10:1c0100f8  PA:1c0100f8
20839460ns          350091 1c008174 00d7222b p.sw             x13, 4(x14!)        x14=10000e4c x13:411400b8 x14:10000e48  PA:10000e48
20839480ns          350092 1c008170 0045268b p.lw             x13, 4(x10!)        x13=41102d06 x10=1c010100 x10:1c0100fc  PA:1c0100fc
20839798ns          350108 1c008174 00d7222b p.sw             x13, 4(x14!)        x14=10000e50 x13:41102d06 x14:10000e4c  PA:10000e4c
20839818ns          350109 1c008170 0045268b p.lw             x13, 4(x10!)        x13=40b08c7c x10=1c010104 x10:1c010100  PA:1c010100
20840136ns          350125 1c008174 00d7222b p.sw             x13, 4(x14!)        x14=10000e54 x13:40b08c7c x14:10000e50  PA:10000e50
20840156ns          350126 1c008170 0045268b p.lw             x13, 4(x10!)        x13=40a6ba5f x10=1c010108 x10:1c010104  PA:1c010104
20840474ns          350142 1c008174 00d7222b p.sw             x13, 4(x14!)        x14=10000e58 x13:40a6ba5f x14:10000e54  PA:10000e54
20840494ns          350143 1c008170 0045268b p.lw             x13, 4(x10!)        x13=3fe526c9 x10=1c01010c x10:1c010108  PA:1c010108
20840812ns          350159 1c008174 00d7222b p.sw             x13, 4(x14!)        x14=10000e5c x13:3fe526c9 x14:10000e58  PA:10000e58
20840832ns          350160 1c008170 0045268b p.lw             x13, 4(x10!)        x13=4180b6c0 x10=1c010110 x10:1c01010c  PA:1c01010c
20841150ns          350176 1c008174 00d7222b p.sw             x13, 4(x14!)        x14=10000e60 x13:4180b6c0 x14:10000e5c  PA:10000e5c
20841170ns          350177 1c008170 0045268b p.lw             x13, 4(x10!)        x13=40e8f27f x10=1c010114 x10:1c010110  PA:1c010110
20841489ns          350193 1c008174 00d7222b p.sw             x13, 4(x14!)        x14=10000e64 x13:40e8f27f x14:10000e60  PA:10000e60
20841508ns          350194 1c008170 0045268b p.lw             x13, 4(x10!)        x13=410c2690 x10=1c010118 x10:1c010114  PA:1c010114
20841827ns          350210 1c008174 00d7222b p.sw             x13, 4(x14!)        x14=10000e68 x13:410c2690 x14:10000e64  PA:10000e64
20841847ns          350211 1c008170 0045268b p.lw             x13, 4(x10!)        x13=40977686 x10=1c01011c x10:1c010118  PA:1c010118
20842165ns          350227 1c008174 00d7222b p.sw             x13, 4(x14!)        x14=10000e6c x13:40977686 x14:10000e68  PA:10000e68
20842185ns          350228 1c008170 0045268b p.lw             x13, 4(x10!)        x13=40f0b55a x10=1c010120 x10:1c01011c  PA:1c01011c
20842503ns          350244 1c008174 00d7222b p.sw             x13, 4(x14!)        x14=10000e70 x13:40f0b55a x14:10000e6c  PA:10000e6c
20842523ns          350245 1c008170 0045268b p.lw             x13, 4(x10!)        x13=3fe7bde8 x10=1c010124 x10:1c010120  PA:1c010120
20842841ns          350261 1c008174 00d7222b p.sw             x13, 4(x14!)        x14=10000e74 x13:3fe7bde8 x14:10000e70  PA:10000e70
20842861ns          350262 1c008170 0045268b p.lw             x13, 4(x10!)        x13=412369ea x10=1c010128 x10:1c010124  PA:1c010124
20843179ns          350278 1c008174 00d7222b p.sw             x13, 4(x14!)        x14=10000e78 x13:412369ea x14:10000e74  PA:10000e74
20843199ns          350279 1c008178 02012623 sw               x0, 44(x2)           x2:10000d98  PA:10000dc4
20843219ns          350280 1c00817a 04012023 sw               x0, 64(x2)           x2:10000d98  PA:10000dd8
20843239ns          350281 1c00817c 04012a23 sw               x0, 84(x2)           x2:10000d98  PA:10000dec
20843259ns          350282 1c00817e 02012823 sw               x0, 48(x2)           x2:10000d98  PA:10000dc8
20843358ns          350287 1c008180 04012223 sw               x0, 68(x2)           x2:10000d98  PA:10000ddc
20843378ns          350288 1c008182 04012c23 sw               x0, 88(x2)           x2:10000d98  PA:10000df0
20843398ns          350289 1c008184 02012a23 sw               x0, 52(x2)           x2:10000d98  PA:10000dcc
20843418ns          350290 1c008186 04012423 sw               x0, 72(x2)           x2:10000d98  PA:10000de0
20843438ns          350291 1c008188 04012e23 sw               x0, 92(x2)           x2:10000d98  PA:10000df4
20843458ns          350292 1c00818a 02012c23 sw               x0, 56(x2)           x2:10000d98  PA:10000dd0
20843478ns          350293 1c00818c 04012623 sw               x0, 76(x2)           x2:10000d98  PA:10000de4
20843498ns          350294 1c00818e 06012023 sw               x0, 96(x2)           x2:10000d98  PA:10000df8
20843875ns          350313 1c008190 02012e23 sw               x0, 60(x2)           x2:10000d98  PA:10000dd4
20843895ns          350314 1c008192 04012823 sw               x0, 80(x2)           x2:10000d98  PA:10000de8
20843915ns          350315 1c008194 06012223 sw               x0, 100(x2)          x2:10000d98  PA:10000dfc
20843935ns          350316 1c008196 01900eb3 add              x29, x0, x25        x29=10000f20 x25:10000f20
20843955ns          350317 1c008198 01a006b3 add              x13, x0, x26        x13=10000ebc x26:10000ebc
20843975ns          350318 1c00819a 01900733 add              x14, x0, x25        x14=10000f20 x25:10000f20
20843995ns          350319 1c00819c 019350fb lp.setupi        0x1, 0x19, 0x6     
20844393ns          350339 1c0081a0 00000313 addi             x6, x0, 0            x6=00000000
20844432ns          350341 1c0081a4 0067222b p.sw             x6, 4(x14!)         x14=10000f24  x6:00000000 x14:10000f20  PA:10000f20
20844452ns          350342 1c0081a8 0066a22b p.sw             x6, 4(x13!)         x13=10000ec0  x6:00000000 x13:10000ebc  PA:10000ebc
20844472ns          350343 1c0081a0 00000313 addi             x6, x0, 0            x6=00000000
20844492ns          350344 1c0081a4 0067222b p.sw             x6, 4(x14!)         x14=10000f28  x6:00000000 x14:10000f24  PA:10000f24
20844512ns          350345 1c0081a8 0066a22b p.sw             x6, 4(x13!)         x13=10000ec4  x6:00000000 x13:10000ec0  PA:10000ec0
20844532ns          350346 1c0081a0 00000313 addi             x6, x0, 0            x6=00000000
20844552ns          350347 1c0081a4 0067222b p.sw             x6, 4(x14!)         x14=10000f2c  x6:00000000 x14:10000f28  PA:10000f28
20844572ns          350348 1c0081a8 0066a22b p.sw             x6, 4(x13!)         x13=10000ec8  x6:00000000 x13:10000ec4  PA:10000ec4
20844592ns          350349 1c0081a0 00000313 addi             x6, x0, 0            x6=00000000
20844611ns          350350 1c0081a4 0067222b p.sw             x6, 4(x14!)         x14=10000f30  x6:00000000 x14:10000f2c  PA:10000f2c
20844631ns          350351 1c0081a8 0066a22b p.sw             x6, 4(x13!)         x13=10000ecc  x6:00000000 x13:10000ec8  PA:10000ec8
20844651ns          350352 1c0081a0 00000313 addi             x6, x0, 0            x6=00000000
20844671ns          350353 1c0081a4 0067222b p.sw             x6, 4(x14!)         x14=10000f34  x6:00000000 x14:10000f30  PA:10000f30
20844691ns          350354 1c0081a8 0066a22b p.sw             x6, 4(x13!)         x13=10000ed0  x6:00000000 x13:10000ecc  PA:10000ecc
20844711ns          350355 1c0081a0 00000313 addi             x6, x0, 0            x6=00000000
20844731ns          350356 1c0081a4 0067222b p.sw             x6, 4(x14!)         x14=10000f38  x6:00000000 x14:10000f34  PA:10000f34
20844751ns          350357 1c0081a8 0066a22b p.sw             x6, 4(x13!)         x13=10000ed4  x6:00000000 x13:10000ed0  PA:10000ed0
20844771ns          350358 1c0081a0 00000313 addi             x6, x0, 0            x6=00000000
20844790ns          350359 1c0081a4 0067222b p.sw             x6, 4(x14!)         x14=10000f3c  x6:00000000 x14:10000f38  PA:10000f38
20844810ns          350360 1c0081a8 0066a22b p.sw             x6, 4(x13!)         x13=10000ed8  x6:00000000 x13:10000ed4  PA:10000ed4
20844830ns          350361 1c0081a0 00000313 addi             x6, x0, 0            x6=00000000
20844850ns          350362 1c0081a4 0067222b p.sw             x6, 4(x14!)         x14=10000f40  x6:00000000 x14:10000f3c  PA:10000f3c
20844870ns          350363 1c0081a8 0066a22b p.sw             x6, 4(x13!)         x13=10000edc  x6:00000000 x13:10000ed8  PA:10000ed8
20844890ns          350364 1c0081a0 00000313 addi             x6, x0, 0            x6=00000000
20844910ns          350365 1c0081a4 0067222b p.sw             x6, 4(x14!)         x14=10000f44  x6:00000000 x14:10000f40  PA:10000f40
20844930ns          350366 1c0081a8 0066a22b p.sw             x6, 4(x13!)         x13=10000ee0  x6:00000000 x13:10000edc  PA:10000edc
20844950ns          350367 1c0081a0 00000313 addi             x6, x0, 0            x6=00000000
20844969ns          350368 1c0081a4 0067222b p.sw             x6, 4(x14!)         x14=10000f48  x6:00000000 x14:10000f44  PA:10000f44
20844989ns          350369 1c0081a8 0066a22b p.sw             x6, 4(x13!)         x13=10000ee4  x6:00000000 x13:10000ee0  PA:10000ee0
20845009ns          350370 1c0081a0 00000313 addi             x6, x0, 0            x6=00000000
20845029ns          350371 1c0081a4 0067222b p.sw             x6, 4(x14!)         x14=10000f4c  x6:00000000 x14:10000f48  PA:10000f48
20845049ns          350372 1c0081a8 0066a22b p.sw             x6, 4(x13!)         x13=10000ee8  x6:00000000 x13:10000ee4  PA:10000ee4
20845069ns          350373 1c0081a0 00000313 addi             x6, x0, 0            x6=00000000
20845089ns          350374 1c0081a4 0067222b p.sw             x6, 4(x14!)         x14=10000f50  x6:00000000 x14:10000f4c  PA:10000f4c
20845109ns          350375 1c0081a8 0066a22b p.sw             x6, 4(x13!)         x13=10000eec  x6:00000000 x13:10000ee8  PA:10000ee8
20845129ns          350376 1c0081a0 00000313 addi             x6, x0, 0            x6=00000000
20845149ns          350377 1c0081a4 0067222b p.sw             x6, 4(x14!)         x14=10000f54  x6:00000000 x14:10000f50  PA:10000f50
20845168ns          350378 1c0081a8 0066a22b p.sw             x6, 4(x13!)         x13=10000ef0  x6:00000000 x13:10000eec  PA:10000eec
20845188ns          350379 1c0081a0 00000313 addi             x6, x0, 0            x6=00000000
20845208ns          350380 1c0081a4 0067222b p.sw             x6, 4(x14!)         x14=10000f58  x6:00000000 x14:10000f54  PA:10000f54
20845228ns          350381 1c0081a8 0066a22b p.sw             x6, 4(x13!)         x13=10000ef4  x6:00000000 x13:10000ef0  PA:10000ef0
20845248ns          350382 1c0081a0 00000313 addi             x6, x0, 0            x6=00000000
20845268ns          350383 1c0081a4 0067222b p.sw             x6, 4(x14!)         x14=10000f5c  x6:00000000 x14:10000f58  PA:10000f58
20845288ns          350384 1c0081a8 0066a22b p.sw             x6, 4(x13!)         x13=10000ef8  x6:00000000 x13:10000ef4  PA:10000ef4
20845308ns          350385 1c0081a0 00000313 addi             x6, x0, 0            x6=00000000
20845328ns          350386 1c0081a4 0067222b p.sw             x6, 4(x14!)         x14=10000f60  x6:00000000 x14:10000f5c  PA:10000f5c
20845347ns          350387 1c0081a8 0066a22b p.sw             x6, 4(x13!)         x13=10000efc  x6:00000000 x13:10000ef8  PA:10000ef8
20845367ns          350388 1c0081a0 00000313 addi             x6, x0, 0            x6=00000000
20845387ns          350389 1c0081a4 0067222b p.sw             x6, 4(x14!)         x14=10000f64  x6:00000000 x14:10000f60  PA:10000f60
20845407ns          350390 1c0081a8 0066a22b p.sw             x6, 4(x13!)         x13=10000f00  x6:00000000 x13:10000efc  PA:10000efc
20845427ns          350391 1c0081a0 00000313 addi             x6, x0, 0            x6=00000000
20845447ns          350392 1c0081a4 0067222b p.sw             x6, 4(x14!)         x14=10000f68  x6:00000000 x14:10000f64  PA:10000f64
20845467ns          350393 1c0081a8 0066a22b p.sw             x6, 4(x13!)         x13=10000f04  x6:00000000 x13:10000f00  PA:10000f00
20845487ns          350394 1c0081a0 00000313 addi             x6, x0, 0            x6=00000000
20845507ns          350395 1c0081a4 0067222b p.sw             x6, 4(x14!)         x14=10000f6c  x6:00000000 x14:10000f68  PA:10000f68
20845526ns          350396 1c0081a8 0066a22b p.sw             x6, 4(x13!)         x13=10000f08  x6:00000000 x13:10000f04  PA:10000f04
20845546ns          350397 1c0081a0 00000313 addi             x6, x0, 0            x6=00000000
20845566ns          350398 1c0081a4 0067222b p.sw             x6, 4(x14!)         x14=10000f70  x6:00000000 x14:10000f6c  PA:10000f6c
20845586ns          350399 1c0081a8 0066a22b p.sw             x6, 4(x13!)         x13=10000f0c  x6:00000000 x13:10000f08  PA:10000f08
20845606ns          350400 1c0081a0 00000313 addi             x6, x0, 0            x6=00000000
20845626ns          350401 1c0081a4 0067222b p.sw             x6, 4(x14!)         x14=10000f74  x6:00000000 x14:10000f70  PA:10000f70
20845646ns          350402 1c0081a8 0066a22b p.sw             x6, 4(x13!)         x13=10000f10  x6:00000000 x13:10000f0c  PA:10000f0c
20845666ns          350403 1c0081a0 00000313 addi             x6, x0, 0            x6=00000000
20845686ns          350404 1c0081a4 0067222b p.sw             x6, 4(x14!)         x14=10000f78  x6:00000000 x14:10000f74  PA:10000f74
20845705ns          350405 1c0081a8 0066a22b p.sw             x6, 4(x13!)         x13=10000f14  x6:00000000 x13:10000f10  PA:10000f10
20845725ns          350406 1c0081a0 00000313 addi             x6, x0, 0            x6=00000000
20845745ns          350407 1c0081a4 0067222b p.sw             x6, 4(x14!)         x14=10000f7c  x6:00000000 x14:10000f78  PA:10000f78
20845765ns          350408 1c0081a8 0066a22b p.sw             x6, 4(x13!)         x13=10000f18  x6:00000000 x13:10000f14  PA:10000f14
20845785ns          350409 1c0081a0 00000313 addi             x6, x0, 0            x6=00000000
20845805ns          350410 1c0081a4 0067222b p.sw             x6, 4(x14!)         x14=10000f80  x6:00000000 x14:10000f7c  PA:10000f7c
20845825ns          350411 1c0081a8 0066a22b p.sw             x6, 4(x13!)         x13=10000f1c  x6:00000000 x13:10000f18  PA:10000f18
20845845ns          350412 1c0081a0 00000313 addi             x6, x0, 0            x6=00000000
20845865ns          350413 1c0081a4 0067222b p.sw             x6, 4(x14!)         x14=10000f84  x6:00000000 x14:10000f80  PA:10000f80
20845884ns          350414 1c0081a8 0066a22b p.sw             x6, 4(x13!)         x13=10000f20  x6:00000000 x13:10000f1c  PA:10000f1c
20845904ns          350415 1c0081ac 010c8793 addi             x15, x25, 16        x15=10000f30 x25:10000f20
20846342ns          350437 1c0081b0 1c0003b7 lui              x7, 0x1c000000       x7=1c000000
20846382ns          350439 1c0081b4 04010913 addi             x18, x2, 64         x18=10000dd8  x2:10000d98
20846402ns          350440 1c0081b8 08c10693 addi             x13, x2, 140        x13=10000e24  x2:10000d98
20846422ns          350441 1c0081ba 00000b13 addi             x22, x0, 0          x22=00000000
20846441ns          350442 1c0081bc 00000d93 addi             x27, x0, 0          x27=00000000
20846461ns          350443 1c0081be 05410593 addi             x11, x2, 84         x11=10000dec  x2:10000d98
20846859ns          350463 1c0081c0 0203a403 lw               x8, 32(x7)           x8=3f800000  x7:1c000000  PA:1c000020
20847177ns          350479 1c0081c4 01480713 addi             x14, x16, 20        x14=10000e28 x16:10000e14
20847197ns          350480 1c0081c8 010d0a13 addi             x20, x26, 16        x20=10000ecc x26:10000ebc
20847217ns          350481 1c0081cc 004d0a93 addi             x21, x26, 4         x21=10000ec0 x26:10000ebc
20847416ns          350491 1c0081d0 019003b3 add              x7, x0, x25          x7=10000f20 x25:10000f20
20847436ns          350492 1c0081d2 01912a23 sw               x25, 20(x2)         x25:10000f20  x2:10000d98  PA:10000dac
20847456ns          350493 1c0081d4 01a12c23 sw               x26, 24(x2)         x26:10000ebc  x2:10000d98  PA:10000db0
20847476ns          350494 1c0081d6 00d00cb3 add              x25, x0, x13        x25=10000e24 x13:10000e24
20847496ns          350495 1c0081d8 00f00d33 add              x26, x0, x15        x26=10000f30 x15:10000f30
20847516ns          350496 1c0081da 00b12423 sw               x11, 8(x2)          x11:10000dec  x2:10000d98  PA:10000da0
20847535ns          350497 1c0081dc 01212623 sw               x18, 12(x2)         x18:10000dd8  x2:10000d98  PA:10000da4
20847555ns          350498 1c0081de 01d12823 sw               x29, 16(x2)         x29:10000f20  x2:10000d98  PA:10000da8
20847933ns          350517 1c0081e0 001d8793 addi             x15, x27, 1         x15=00000001 x27:00000000
20847973ns          350519 1c0081e4 006b0693 addi             x13, x22, 6         x13=00000006 x22:00000000
20847993ns          350520 1c0081e8 05810493 addi             x9, x2, 88           x9=10000df0  x2:10000d98
20848013ns          350521 1c0081ea 00e00c33 add              x24, x0, x14        x24=10000e28 x14:10000e28
20848033ns          350522 1c0081ec 02c10b93 addi             x23, x2, 44         x23=10000dc4  x2:10000d98
20848450ns          350543 1c0081f0 01200e33 add              x28, x0, x18        x28=10000dd8 x18:10000dd8
20848470ns          350544 1c0081f2 00500f13 addi             x30, x0, 5          x30=00000005
20848490ns          350545 1c0081f4 00200993 addi             x19, x0, 2          x19=00000002
20848510ns          350546 1c0081f6 00000513 addi             x10, x0, 0          x10=00000000
20848530ns          350547 1c0081f8 00600633 add              x12, x0, x6         x12=00000000  x6:00000000
20848550ns          350548 1c0081fa 54d7d1e3 bge              x15, x13, 3394      x15:00000001 x13:00000006
20848968ns          350569 1c0081fe 410c05b3 sub              x11, x24, x16       x11=00000014 x24:10000e28 x16:10000e14
20849007ns          350571 1c008202 1c0006b7 lui              x13, 0x1c000000     x13=1c000000
20849027ns          350572 1c008206 ffc58593 addi             x11, x11, -4        x11=00000010 x11:00000014
20849047ns          350573 1c008208 01c68693 addi             x13, x13, 28        x13=1c00001c x13:1c000000
20849067ns          350574 1c00820c 0025d593 srli             x11, x11, 0x2       x11=00000004 x11:00000010
20849485ns          350595 1c00820e 0006a883 lw               x17, 0(x13)         x17=00800000 x13:1c00001c  PA:1c00001c
20849783ns          350610 1c008212 01000333 add              x6, x0, x16          x6=10000e14 x16:10000e14
20849803ns          350611 1c008214 00000793 addi             x15, x0, 0          x15=00000000
20849823ns          350612 1c008218 00158593 addi             x11, x11, 1         x11=00000005 x11:00000004
20849843ns          350613 1c00821a 0043268b p.lw             x13, 4(x6!)         x13=412279ca  x6=10000e18  x6:10000e14  PA:10000e14
20850042ns          350623 1c00821e a0c69ed3 flt.s            x29, f13, f12       x29=00000000 f13:412279ca f12:00000000
20850081ns          350625 1c008222 000e8463 beq              x29, x0, 8          x29:00000000
20850161ns          350629 1c00822a a0d89ed3 flt.s            x29, f17, f13       x29=00000001 f17:00800000 f13:412279ca
20850599ns          350651 1c00822e 480e8e63 beq              x29, x0, 1180       x29:00000001
20850638ns          350653 1c008232 18d8fed3 fdiv.s           f29, f17, f13       f29=xxxxxxxx f17:00800000 f13:412279ca
20850917ns          350667 1c008236 11d7f7d3 fmul.s           f15, f15, f29       f15=xxxxxxxx f15:00000000 f29:000c9adf
20850937ns          350668 1c00823a 00d008b3 add              x17, x0, x13        x17=412279ca x13:412279ca
20850957ns          350669 1c00823c 40fef7c3 fmadd.s          f15, f29, f15, f8   f15=xxxxxxxx f29:000c9adf f15:00000000  f8:3f800000
20851116ns          350677 1c008240 fff58593 addi             x11, x11, -1        x11=00000004 x11:00000005
20851136ns          350678 1c008242 fc059ce3 bne              x11, x0, -40        x11:00000004
20851215ns          350682 1c00821a 0043268b p.lw             x13, 4(x6!)         x13=40fad4fb  x6=10000e1c  x6:10000e18  PA:10000e18
20851255ns          350684 1c00821e a0c69ed3 flt.s            x29, f13, f12       x29=00000000 f13:40fad4fb f12:00000000
20851275ns          350685 1c008222 000e8463 beq              x29, x0, 8          x29:00000000
20851354ns          350689 1c00822a a0d89ed3 flt.s            x29, f17, f13       x29=00000000 f17:412279ca f13:40fad4fb
20851374ns          350690 1c00822e 480e8e63 beq              x29, x0, 1180       x29:00000000
20851891ns          350716 1c0086ca 1916f6d3 fdiv.s           f13, f13, f17       f13=xxxxxxxx f13:40fad4fb f17:412279ca
20852329ns          350738 1c0086ce 78d6f7c3 fmadd.s          f15, f13, f13, f15  f15=xxxxxxxx f13:3f459ba0 f13:3f459ba0 f15:3f800000
20852349ns          350739 1c0086d2 fff58593 addi             x11, x11, -1        x11=00000003 x11:00000004
20852369ns          350740 1c0086d4 b40593e3 bne              x11, x0, -1210      x11:00000003
20852448ns          350744 1c00821a 0043268b p.lw             x13, 4(x6!)         x13=3e3ef23a  x6=10000e20  x6:10000e1c  PA:10000e1c
20852488ns          350746 1c00821e a0c69ed3 flt.s            x29, f13, f12       x29=00000000 f13:3e3ef23a f12:00000000
20852508ns          350747 1c008222 000e8463 beq              x29, x0, 8          x29:00000000
20852588ns          350751 1c00822a a0d89ed3 flt.s            x29, f17, f13       x29=00000000 f17:412279ca f13:3e3ef23a
20852608ns          350752 1c00822e 480e8e63 beq              x29, x0, 1180       x29:00000000
20852687ns          350756 1c0086ca 1916f6d3 fdiv.s           f13, f13, f17       f13=xxxxxxxx f13:3e3ef23a f17:412279ca
20853284ns          350786 1c0086ce 78d6f7c3 fmadd.s          f15, f13, f13, f15  f15=xxxxxxxx f13:3c966de7 f13:3c966de7 f15:3fcc4471
20853304ns          350787 1c0086d2 fff58593 addi             x11, x11, -1        x11=00000002 x11:00000003
20853324ns          350788 1c0086d4 b40593e3 bne              x11, x0, -1210      x11:00000002
20853463ns          350795 1c00821a 0043268b p.lw             x13, 4(x6!)         x13=41106fb4  x6=10000e24  x6:10000e20  PA:10000e20
20853503ns          350797 1c00821e a0c69ed3 flt.s            x29, f13, f12       x29=00000000 f13:41106fb4 f12:00000000
20853523ns          350798 1c008222 000e8463 beq              x29, x0, 8          x29:00000000
20853602ns          350802 1c00822a a0d89ed3 flt.s            x29, f17, f13       x29=00000000 f17:412279ca f13:41106fb4
20853622ns          350803 1c00822e 480e8e63 beq              x29, x0, 1180       x29:00000000
20853702ns          350807 1c0086ca 1916f6d3 fdiv.s           f13, f13, f17       f13=xxxxxxxx f13:41106fb4 f17:412279ca
20854676ns          350856 1c0086ce 78d6f7c3 fmadd.s          f15, f13, f13, f15  f15=xxxxxxxx f13:3f6393a7 f13:3f6393a7 f15:3fcc4f7e
20854696ns          350857 1c0086d2 fff58593 addi             x11, x11, -1        x11=00000001 x11:00000002
20854716ns          350858 1c0086d4 b40593e3 bne              x11, x0, -1210      x11:00000001
20854796ns          350862 1c00821a 0043268b p.lw             x13, 4(x6!)         x13=3ffba771  x6=10000e28  x6:10000e24  PA:10000e24
20854835ns          350864 1c00821e a0c69ed3 flt.s            x29, f13, f12       x29=00000000 f13:3ffba771 f12:00000000
20854855ns          350865 1c008222 000e8463 beq              x29, x0, 8          x29:00000000
20854935ns          350869 1c00822a a0d89ed3 flt.s            x29, f17, f13       x29=00000000 f17:412279ca f13:3ffba771
20854955ns          350870 1c00822e 480e8e63 beq              x29, x0, 1180       x29:00000000
20855034ns          350874 1c0086ca 1916f6d3 fdiv.s           f13, f13, f17       f13=xxxxxxxx f13:3ffba771 f17:412279ca
20855790ns          350912 1c0086ce 78d6f7c3 fmadd.s          f15, f13, f13, f15  f15=xxxxxxxx f13:3e46416d f13:3e46416d f15:4018bb8b
20855810ns          350913 1c0086d2 fff58593 addi             x11, x11, -1        x11=00000000 x11:00000001
20855830ns          350914 1c0086d4 b40593e3 bne              x11, x0, -1210      x11:00000000
20855850ns          350915 1c0086d8 b6dff06f jal              x0, -1172          
20855890ns          350917 1c008244 5807f7d3 fsqrt.s          f15, f15            f15=xxxxxxxx f15:401b21b0
20856904ns          350968 1c008248 10f8f8d3 fmul.s           f17, f17, f15       f17=xxxxxxxx f17:412279ca f15:3fc7486e
20856924ns          350969 1c00824c a11617d3 flt.s            x15, f12, f17       x15=00000001 f12:00000000 f17:417cf548
20856944ns          350970 1c008250 500786e3 beq              x15, x0, 3340       x15:00000001
20856964ns          350971 1c008254 00082783 lw               x15, 0(x16)         x15=412279ca x16:10000e14  PA:10000e14
20856984ns          350972 1c008258 211895d3 fsgnjn.s         f11, f17, f17       f11=xxxxxxxx f17:417cf548 f17:417cf548
20857003ns          350973 1c00825c a0c796d3 flt.s            x13, f15, f12       x13=00000000 f15:412279ca f12:00000000
20857202ns          350983 1c008260 00068363 beq              x13, x0, 6          x13:00000000
20857282ns          350987 1c008266 011ba023 sw               x17, 0(x23)         x17:417cf548 x23:10000dc4  PA:10000dc4
20857302ns          350988 1c00826a a0c89353 flt.s            x6, f17, f12         x6=00000000 f17:417cf548 f12:00000000
20857322ns          350989 1c00826e 00b006b3 add              x13, x0, x11        x13=c17cf548 x11:c17cf548
20857739ns          351010 1c008270 00031363 bne              x6, x0, 6            x6:00000000
20857779ns          351012 1c008274 011006b3 add              x13, x0, x17        x13=417cf548 x17:417cf548
20857799ns          351013 1c008276 1c000fb7 lui              x31, 0x1c000000     x31=1c000000
20857819ns          351014 1c00827a 028f8f93 addi             x31, x31, 40        x31=1c000028 x31:1c000000
20858257ns          351036 1c00827e 000faf83 lw               x31, 0(x31)         x31=0c000000 x31:1c000028  PA:1c000028
20858595ns          351053 1c008282 005b0313 addi             x6, x22, 5           x6=00000005 x22:00000000
20858615ns          351054 1c008286 a0df86d3 fle.s            x13, f31, f13       x13=00000001 f31:0c000000 f13:417cf548
20858634ns          351055 1c00828a 4c068ee3 beq              x13, x0, 3292       x13:00000001
20859072ns          351077 1c00828e 1c0006b7 lui              x13, 0x1c000000     x13=1c000000
20859112ns          351079 1c008292 02068693 addi             x13, x13, 32        x13=1c000020 x13:1c000000
20859132ns          351080 1c008296 0006a683 lw               x13, 0(x13)         x13=3f800000 x13:1c000020  PA:1c000020
20859569ns          351102 1c008298 1916f8d3 fdiv.s           f17, f13, f17       f17=xxxxxxxx f13:3f800000 f17:417cf548
20859709ns          351109 1c00829c 026dd263 bge              x27, x6, 36         x27:00000000  x6:00000005
20859728ns          351110 1c0082a0 410c06b3 sub              x13, x24, x16       x13=00000010 x24:10000e28 x16:10000e14
20859748ns          351111 1c0082a4 ffc68693 addi             x13, x13, -4        x13=00000004 x13:00000014
20859768ns          351112 1c0082a6 0026d693 srli             x13, x13, 0x2       x13=xxxxxxxx x13:00000010
20859788ns          351113 1c0082a8 01000eb3 add              x29, x0, x16        x29=xxxxxxxx x16:10000e14
20859808ns          351114 1c0082aa 00168693 addi             x13, x13, 1         x13=xxxxxxxx x13:00000004
20859828ns          351115 1c0082ac 0066c0fb lp.setup         0x1, x13, 0x6       x13:00000005
20860106ns          351129 1c0082b0 000ea783 lw               x15, 0(x29)         x15=412279ca x29:10000e14  PA:10000e14
20860146ns          351131 1c0082b4 1117f7d3 fmul.s           f15, f15, f17       f15=xxxxxxxx f15:412279ca f17:3d818a0a
20860166ns          351132 1c0082b8 00fea22b p.sw             x15, 4(x29!)        x29=10000e18 x15:3f246df6 x29:10000e14  PA:10000e14
20860186ns          351133 1c0082b0 000ea783 lw               x15, 0(x29)         x15=40fad4fb x29:10000e18  PA:10000e18
20860226ns          351135 1c0082b4 1117f7d3 fmul.s           f15, f15, f17       f15=xxxxxxxx f15:40fad4fb f17:3d818a0a
20860246ns          351136 1c0082b8 00fea22b p.sw             x15, 4(x29!)        x29=10000e1c x15:3efdd926 x29:10000e18  PA:10000e18
20860265ns          351137 1c0082b0 000ea783 lw               x15, 0(x29)         x15=3e3ef23a x29:10000e1c  PA:10000e1c
20860305ns          351139 1c0082b4 1117f7d3 fmul.s           f15, f15, f17       f15=xxxxxxxx f15:3e3ef23a f17:3d818a0a
20860325ns          351140 1c0082b8 00fea22b p.sw             x15, 4(x29!)        x29=10000e20 x15:3c413e0b x29:10000e1c  PA:10000e1c
20860345ns          351141 1c0082b0 000ea783 lw               x15, 0(x29)         x15=41106fb4 x29:10000e20  PA:10000e20
20860385ns          351143 1c0082b4 1117f7d3 fmul.s           f15, f15, f17       f15=xxxxxxxx f15:41106fb4 f17:3d818a0a
20860405ns          351144 1c0082b8 00fea22b p.sw             x15, 4(x29!)        x29=10000e24 x15:3f122c57 x29:10000e20  PA:10000e20
20860425ns          351145 1c0082b0 000ea783 lw               x15, 0(x29)         x15=3ffba771 x29:10000e24  PA:10000e24
20860464ns          351147 1c0082b4 1117f7d3 fmul.s           f15, f15, f17       f15=xxxxxxxx f15:3ffba771 f17:3d818a0a
20860484ns          351148 1c0082b8 00fea22b p.sw             x15, 4(x29!)        x29=10000e28 x15:3dfeae24 x29:10000e24  PA:10000e24
20860504ns          351149 1c0082bc 00082783 lw               x15, 0(x16)         x15=3f246df6 x16:10000e14  PA:10000e14
20860902ns          351169 1c0082c0 1c0008b7 lui              x17, 0x1c000000     x17=1c000000
20860942ns          351171 1c0082c4 02088893 addi             x17, x17, 32        x17=1c000020 x17:1c000000
20860962ns          351172 1c0082c8 0008a883 lw               x17, 0(x17)         x17=3f800000 x17:1c000020  PA:1c000020
20861379ns          351193 1c0082cc 00bba023 sw               x11, 0(x23)         x11:c17cf548 x23:10000dc4  PA:10000dc4
20861419ns          351195 1c0082d0 0117f7d3 fadd.s           f15, f15, f17       f15=xxxxxxxx f15:3f246df6 f17:3f800000
20861459ns          351197 1c0082d4 00100f93 addi             x31, x0, 1          x31=00000001
20861479ns          351198 1c0082d6 00f82023 sw               x15, 0(x16)         x15:3fd236fb x16:10000e14  PA:10000e14
20861499ns          351199 1c0082da 00812e83 lw               x29, 8(x2)          x29=10000dec  x2:10000d98  PA:10000da0
20861519ns          351200 1c0082dc 004e0293 addi             x5, x28, 4           x5=10000ddc x28:10000dd8
20861936ns          351221 1c0082e0 405e86b3 sub              x13, x29, x5        x13=00000010 x29:10000dec  x5:10000ddc
20861976ns          351223 1c0082e4 ffc68693 addi             x13, x13, -4        x13=0000000c x13:00000010
20861996ns          351224 1c0082e6 0026d693 srli             x13, x13, 0x2       x13=00000003 x13:0000000c
20862016ns          351225 1c0082e8 00150513 addi             x10, x10, 1         x10=00000001 x10:00000000
20862036ns          351226 1c0082ea 005005b3 add              x11, x0, x5         x11=10000ddc  x5:10000ddc
20862056ns          351227 1c0082ec 00168693 addi             x13, x13, 1         x13=00000004 x13:00000003
20862076ns          351228 1c0082ee 00a00933 add              x18, x0, x10        x18=00000001 x10:00000001
20862453ns          351247 1c0082f0 01c12223 sw               x28, 4(x2)          x28:10000dd8  x2:10000d98  PA:10000d9c
20862493ns          351249 1c0082f2 0306c0fb lp.setup         0x1, x13, 0x30      x13:00000004
20862513ns          351250 1c0082f6 040f8c63 beq              x31, x0, 88         x31:00000001
20862533ns          351251 1c0082fa 00082503 lw               x10, 0(x16)         x10=3fd236fb x16:10000e14  PA:10000e14
20862971ns          351273 1c0082fe 00072883 lw               x17, 0(x14)         x17=40c2e420 x14:10000e28  PA:10000e28
20863010ns          351275 1c008302 00472303 lw               x6, 4(x14)           x6=4173a8cd x14:10000e28  PA:10000e2c
20863030ns          351276 1c008306 611577c3 fmadd.s          f15, f10, f17, f12  f15=xxxxxxxx f10:3fd236fb f17:40c2e420 f12:00000000
20863050ns          351277 1c00830a 00482e83 lw               x29, 4(x16)         x29=3efdd926 x16:10000e14  PA:10000e18
20863508ns          351300 1c00830e 786ef7c3 fmadd.s          f15, f29, f6, f15   f15=xxxxxxxx f29:3efdd926  f6:4173a8cd f15:412008fd
20863547ns          351302 1c008312 022f2863 p.beqimm         x30, 48             x30:00000005
20863567ns          351303 1c008316 00882e03 lw               x28, 8(x16)         x28=3c413e0b x16:10000e14  PA:10000e1c
20863587ns          351304 1c00831a 00872e83 lw               x29, 8(x14)         x29=40e22759 x14:10000e28  PA:10000e30
20864025ns          351326 1c00831e 79de77c3 fmadd.s          f15, f28, f29, f15  f15=xxxxxxxx f28:3c413e0b f29:40e22759 f15:418c6b9f
20864065ns          351328 1c008322 023f2063 p.beqimm         x30, 32             x30:00000005
20864085ns          351329 1c008326 00c82e03 lw               x28, 12(x16)        x28=3f122c57 x16:10000e14  PA:10000e20
20864104ns          351330 1c00832a 00c72e83 lw               x29, 12(x14)        x29=40620bac x14:10000e28  PA:10000e34
20864542ns          351352 1c00832e 79de77c3 fmadd.s          f15, f28, f29, f15  f15=xxxxxxxx f28:3f122c57 f29:40620bac f15:418d1655
20864582ns          351354 1c008332 005f3863 p.bneimm         x30, 16             x30:00000005
20864602ns          351355 1c008336 01082e03 lw               x28, 16(x16)        x28=3dfeae24 x16:10000e14  PA:10000e24
20864622ns          351356 1c00833a 01072e83 lw               x29, 16(x14)        x29=40f2d8a1 x14:10000e28  PA:10000e38
20865059ns          351378 1c00833e 79de77c3 fmadd.s          f15, f28, f29, f15  f15=xxxxxxxx f28:3dfeae24 f29:40f2d8a1 f15:419d388f
20865099ns          351380 1c008342 18a7f7d3 fdiv.s           f15, f15, f10       f15=xxxxxxxx f15:41a4c550 f10:3fd236fb
20865616ns          351406 1c008346 a0c7aed3 feq.s            x29, f15, f12       x29=00000000 f15:4148a87e f12:00000000
20865636ns          351407 1c00834a 300e80e3 beq              x29, x0, 2816       x29:00000000
20866093ns          351430 1c008e4a 20f797d3 fsgnjn.s         f15, f15, f15       f15=xxxxxxxx f15:4148a87e f15:4148a87e
20866531ns          351452 1c008e4e 88a7f543 fmadd.s          f10, f15, f10, f17  f10=xxxxxxxx f15:c148a87e f10:3fd236fb f17:40c2e420
20866551ns          351453 1c008e52 00a72023 sw               x10, 0(x14)         x10:c168188f x14:10000e28  PA:10000e28
20866571ns          351454 1c008e54 00482503 lw               x10, 4(x16)         x10=3efdd926 x16:10000e14  PA:10000e18
20866611ns          351456 1c008e58 30a7f343 fmadd.s          f6, f15, f10, f6     f6=xxxxxxxx f15:c148a87e f10:3efdd926  f6:4173a8cd
20866631ns          351457 1c008e5c 00672223 sw               x6, 4(x14)           x6:41102c70 x14:10000e28  PA:10000e2c
20867048ns          351478 1c008e60 ce2f2763 p.beqimm         x30, -2834          x30:00000005
20867088ns          351480 1c008e64 00882503 lw               x10, 8(x16)         x10=3c413e0b x16:10000e14  PA:10000e1c
20867108ns          351481 1c008e68 00872883 lw               x17, 8(x14)         x17=40e22759 x14:10000e28  PA:10000e30
20867148ns          351483 1c008e6c 88a7f543 fmadd.s          f10, f15, f10, f17  f10=xxxxxxxx f15:c148a87e f10:3c413e0b f17:40e22759
20867565ns          351504 1c008e70 00a72423 sw               x10, 8(x14)         x10:40dd6b9c x14:10000e28  PA:10000e30
20867605ns          351506 1c008e72 cc3f2e63 p.beqimm         x30, -2852          x30:00000005
20867625ns          351507 1c008e76 00c82503 lw               x10, 12(x16)        x10=3f122c57 x16:10000e14  PA:10000e20
20867645ns          351508 1c008e7a 00c72883 lw               x17, 12(x14)        x17=40620bac x14:10000e28  PA:10000e34
20868083ns          351530 1c008e7e 88a7f543 fmadd.s          f10, f15, f10, f17  f10=xxxxxxxx f15:c148a87e f10:3f122c57 f17:40620bac
20868102ns          351531 1c008e82 00a72623 sw               x10, 12(x14)        x10:c0683fb8 x14:10000e28  PA:10000e34
20868122ns          351532 1c008e84 cc5f3563 p.bneimm         x30, -2870          x30:00000005
20868142ns          351533 1c008e88 01082883 lw               x17, 16(x16)        x17=3dfeae24 x16:10000e14  PA:10000e24
20868162ns          351534 1c008e8c 01072503 lw               x10, 16(x14)        x10=40f2d8a1 x14:10000e28  PA:10000e38
20868600ns          351556 1c008e8e 5117f7c3 fmadd.s          f15, f15, f17, f10  f15=xxxxxxxx f15:c148a87e f17:3dfeae24 f10:40f2d8a1
20868620ns          351557 1c008e92 00f72823 sw               x15, 16(x14)        x15:40c0f0b6 x14:10000e28  PA:10000e38
20868639ns          351558 1c008e94 cbaff06f jal              x0, -2886          
20868699ns          351561 1c00834e 0147278b p.lw             x15, 20(x14!)       x15=c168188f x14=10000e3c x14:10000e28  PA:10000e28
20868739ns          351563 1c008352 00f5a22b p.sw             x15, 4(x11!)        x11=10000de0 x15:c168188f x11:10000ddc  PA:10000ddc
20868819ns          351567 1c0082f6 040f8c63 beq              x31, x0, 88         x31:00000001
20868838ns          351568 1c0082fa 00082503 lw               x10, 0(x16)         x10=3fd236fb x16:10000e14  PA:10000e14
20868898ns          351571 1c0082fe 00072883 lw               x17, 0(x14)         x17=40a1c8c3 x14:10000e3c  PA:10000e3c
20868938ns          351573 1c008302 00472303 lw               x6, 4(x14)           x6=40f50c3d x14:10000e3c  PA:10000e40
20868958ns          351574 1c008306 611577c3 fmadd.s          f15, f10, f17, f12  f15=xxxxxxxx f10:3fd236fb f17:40a1c8c3 f12:00000000
20868978ns          351575 1c00830a 00482e83 lw               x29, 4(x16)         x29=3efdd926 x16:10000e14  PA:10000e18
20869017ns          351577 1c00830e 786ef7c3 fmadd.s          f15, f29, f6, f15   f15=xxxxxxxx f29:3efdd926  f6:40f50c3d f15:4104d96f
20869037ns          351578 1c008312 022f2863 p.beqimm         x30, 48             x30:00000005
20869057ns          351579 1c008316 00882e03 lw               x28, 8(x16)         x28=3c413e0b x16:10000e14  PA:10000e1c
20869077ns          351580 1c00831a 00872e83 lw               x29, 8(x14)         x29=415a014f x14:10000e3c  PA:10000e44
20869117ns          351582 1c00831e 79de77c3 fmadd.s          f15, f28, f29, f15  f15=xxxxxxxx f28:3c413e0b f29:415a014f f15:414198ac
20869137ns          351583 1c008322 023f2063 p.beqimm         x30, 32             x30:00000005
20869157ns          351584 1c008326 00c82e03 lw               x28, 12(x16)        x28=3f122c57 x16:10000e14  PA:10000e20
20869177ns          351585 1c00832a 00c72e83 lw               x29, 12(x14)        x29=411400b8 x14:10000e3c  PA:10000e48
20869216ns          351587 1c00832e 79de77c3 fmadd.s          f15, f28, f29, f15  f15=xxxxxxxx f28:3f122c57 f29:411400b8 f15:41442aeb
20869236ns          351588 1c008332 005f3863 p.bneimm         x30, 16             x30:00000005
20869256ns          351589 1c008336 01082e03 lw               x28, 16(x16)        x28=3dfeae24 x16:10000e14  PA:10000e24
20869276ns          351590 1c00833a 01072e83 lw               x29, 16(x14)        x29=41102d06 x14:10000e3c  PA:10000e4c
20869316ns          351592 1c00833e 79de77c3 fmadd.s          f15, f28, f29, f15  f15=xxxxxxxx f28:3dfeae24 f29:41102d06 f15:418c567b
20869336ns          351593 1c008342 18a7f7d3 fdiv.s           f15, f15, f10       f15=xxxxxxxx f15:41954d67 f10:3fd236fb
20869793ns          351616 1c008346 a0c7aed3 feq.s            x29, f15, f12       x29=00000000 f15:4135d21b f12:00000000
20869813ns          351617 1c00834a 300e80e3 beq              x29, x0, 2816       x29:00000000
20869893ns          351621 1c008e4a 20f797d3 fsgnjn.s         f15, f15, f15       f15=xxxxxxxx f15:4135d21b f15:4135d21b
20869912ns          351622 1c008e4e 88a7f543 fmadd.s          f10, f15, f10, f17  f10=xxxxxxxx f15:c135d21b f10:3fd236fb f17:40a1c8c3
20869932ns          351623 1c008e52 00a72023 sw               x10, 0(x14)         x10:c159b66c x14:10000e3c  PA:10000e3c
20869952ns          351624 1c008e54 00482503 lw               x10, 4(x16)         x10=3efdd926 x16:10000e14  PA:10000e18
20869992ns          351626 1c008e58 30a7f343 fmadd.s          f6, f15, f10, f6     f6=xxxxxxxx f15:c135d21b f10:3efdd926  f6:40f50c3d
20870012ns          351627 1c008e5c 00672223 sw               x6, 4(x14)           x6:400182bc x14:10000e3c  PA:10000e40
20870032ns          351628 1c008e60 ce2f2763 p.beqimm         x30, -2834          x30:00000005
20870052ns          351629 1c008e64 00882503 lw               x10, 8(x16)         x10=3c413e0b x16:10000e14  PA:10000e1c
20870072ns          351630 1c008e68 00872883 lw               x17, 8(x14)         x17=415a014f x14:10000e3c  PA:10000e44
20870111ns          351632 1c008e6c 88a7f543 fmadd.s          f10, f15, f10, f17  f10=xxxxxxxx f15:c135d21b f10:3c413e0b f17:415a014f
20870131ns          351633 1c008e70 00a72423 sw               x10, 8(x14)         x10:4157dc51 x14:10000e3c  PA:10000e44
20870151ns          351634 1c008e72 cc3f2e63 p.beqimm         x30, -2852          x30:00000005
20870171ns          351635 1c008e76 00c82503 lw               x10, 12(x16)        x10=3f122c57 x16:10000e14  PA:10000e20
20870191ns          351636 1c008e7a 00c72883 lw               x17, 12(x14)        x17=411400b8 x14:10000e3c  PA:10000e48
20870231ns          351638 1c008e7e 88a7f543 fmadd.s          f10, f15, f10, f17  f10=xxxxxxxx f15:c135d21b f10:3f122c57 f17:411400b8
20870251ns          351639 1c008e82 00a72623 sw               x10, 12(x14)        x10:4030bd9b x14:10000e3c  PA:10000e48
20870271ns          351640 1c008e84 cc5f3563 p.bneimm         x30, -2870          x30:00000005
20870290ns          351641 1c008e88 01082883 lw               x17, 16(x16)        x17=3dfeae24 x16:10000e14  PA:10000e24
20870310ns          351642 1c008e8c 01072503 lw               x10, 16(x14)        x10=41102d06 x14:10000e3c  PA:10000e4c
20870350ns          351644 1c008e8e 5117f7c3 fmadd.s          f15, f15, f17, f10  f15=xxxxxxxx f15:c135d21b f17:3dfeae24 f10:41102d06
20870370ns          351645 1c008e92 00f72823 sw               x15, 16(x14)        x15:40f32183 x14:10000e3c  PA:10000e4c
20870390ns          351646 1c008e94 cbaff06f jal              x0, -2886          
20870450ns          351649 1c00834e 0147278b p.lw             x15, 20(x14!)       x15=c159b66c x14=10000e50 x14:10000e3c  PA:10000e3c
20870489ns          351651 1c008352 00f5a22b p.sw             x15, 4(x11!)        x11=10000de4 x15:c159b66c x11:10000de0  PA:10000de0
20870509ns          351652 1c0082f6 040f8c63 beq              x31, x0, 88         x31:00000001
20870529ns          351653 1c0082fa 00082503 lw               x10, 0(x16)         x10=3fd236fb x16:10000e14  PA:10000e14
20870549ns          351654 1c0082fe 00072883 lw               x17, 0(x14)         x17=40b08c7c x14:10000e50  PA:10000e50
20870569ns          351655 1c008302 00472303 lw               x6, 4(x14)           x6=40a6ba5f x14:10000e50  PA:10000e54
20870589ns          351656 1c008306 611577c3 fmadd.s          f15, f10, f17, f12  f15=xxxxxxxx f10:3fd236fb f17:40b08c7c f12:00000000
20870609ns          351657 1c00830a 00482e83 lw               x29, 4(x16)         x29=3efdd926 x16:10000e14  PA:10000e18
20870648ns          351659 1c00830e 786ef7c3 fmadd.s          f15, f29, f6, f15   f15=xxxxxxxx f29:3efdd926  f6:40a6ba5f f15:4110f928
20870668ns          351660 1c008312 022f2863 p.beqimm         x30, 48             x30:00000005
20870688ns          351661 1c008316 00882e03 lw               x28, 8(x16)         x28=3c413e0b x16:10000e14  PA:10000e1c
20870708ns          351662 1c00831a 00872e83 lw               x29, 8(x14)         x29=3fe526c9 x14:10000e50  PA:10000e58
20870748ns          351664 1c00831e 79de77c3 fmadd.s          f15, f28, f29, f15  f15=xxxxxxxx f28:3c413e0b f29:3fe526c9 f15:413a4e0f
20870768ns          351665 1c008322 023f2063 p.beqimm         x30, 32             x30:00000005
20870788ns          351666 1c008326 00c82e03 lw               x28, 12(x16)        x28=3f122c57 x16:10000e14  PA:10000e20
20870808ns          351667 1c00832a 00c72e83 lw               x29, 12(x14)        x29=4180b6c0 x14:10000e50  PA:10000e5c
20870847ns          351669 1c00832e 79de77c3 fmadd.s          f15, f28, f29, f15  f15=xxxxxxxx f28:3f122c57 f29:4180b6c0 f15:413aa48c
20870867ns          351670 1c008332 005f3863 p.bneimm         x30, 16             x30:00000005
20870887ns          351671 1c008336 01082e03 lw               x28, 16(x16)        x28=3dfeae24 x16:10000e14  PA:10000e24
20870907ns          351672 1c00833a 01072e83 lw               x29, 16(x14)        x29=40e8f27f x14:10000e50  PA:10000e60
20870947ns          351674 1c00833e 79de77c3 fmadd.s          f15, f28, f29, f15  f15=xxxxxxxx f28:3dfeae24 f29:40e8f27f f15:41a6d0cb
20870967ns          351675 1c008342 18a7f7d3 fdiv.s           f15, f15, f10       f15=xxxxxxxx f15:41ae0ec3 f10:3fd236fb
20871245ns          351689 1c008346 a0c7aed3 feq.s            x29, f15, f12       x29=00000000 f15:4153f7c2 f12:00000000
20871265ns          351690 1c00834a 300e80e3 beq              x29, x0, 2816       x29:00000000
20871345ns          351694 1c008e4a 20f797d3 fsgnjn.s         f15, f15, f15       f15=xxxxxxxx f15:4153f7c2 f15:4153f7c2
20871365ns          351695 1c008e4e 88a7f543 fmadd.s          f10, f15, f10, f17  f10=xxxxxxxx f15:c153f7c2 f10:3fd236fb f17:40b08c7c
20871384ns          351696 1c008e52 00a72023 sw               x10, 0(x14)         x10:c181eba4 x14:10000e50  PA:10000e50
20871404ns          351697 1c008e54 00482503 lw               x10, 4(x16)         x10=3efdd926 x16:10000e14  PA:10000e18
20871444ns          351699 1c008e58 30a7f343 fmadd.s          f6, f15, f10, f6     f6=xxxxxxxx f15:c153f7c2 f10:3efdd926  f6:40a6ba5f
20871464ns          351700 1c008e5c 00672223 sw               x6, 4(x14)           x6:bfadd521 x14:10000e50  PA:10000e54
20871484ns          351701 1c008e60 ce2f2763 p.beqimm         x30, -2834          x30:00000005
20871504ns          351702 1c008e64 00882503 lw               x10, 8(x16)         x10=3c413e0b x16:10000e14  PA:10000e1c
20871524ns          351703 1c008e68 00872883 lw               x17, 8(x14)         x17=3fe526c9 x14:10000e50  PA:10000e58
20871563ns          351705 1c008e6c 88a7f543 fmadd.s          f10, f15, f10, f17  f10=xxxxxxxx f15:c153f7c2 f10:3c413e0b f17:3fe526c9
20871583ns          351706 1c008e70 00a72423 sw               x10, 8(x14)         x10:3fd126a4 x14:10000e50  PA:10000e58
20871603ns          351707 1c008e72 cc3f2e63 p.beqimm         x30, -2852          x30:00000005
20871623ns          351708 1c008e76 00c82503 lw               x10, 12(x16)        x10=3f122c57 x16:10000e14  PA:10000e20
20871643ns          351709 1c008e7a 00c72883 lw               x17, 12(x14)        x17=4180b6c0 x14:10000e50  PA:10000e5c
20871683ns          351711 1c008e7e 88a7f543 fmadd.s          f10, f15, f10, f17  f10=xxxxxxxx f15:c153f7c2 f10:3f122c57 f17:4180b6c0
20871703ns          351712 1c008e82 00a72623 sw               x10, 12(x14)        x10:4108657d x14:10000e50  PA:10000e5c
20871723ns          351713 1c008e84 cc5f3563 p.bneimm         x30, -2870          x30:00000005
20871742ns          351714 1c008e88 01082883 lw               x17, 16(x16)        x17=3dfeae24 x16:10000e14  PA:10000e24
20871762ns          351715 1c008e8c 01072503 lw               x10, 16(x14)        x10=40e8f27f x14:10000e50  PA:10000e60
20871802ns          351717 1c008e8e 5117f7c3 fmadd.s          f15, f15, f17, f10  f15=xxxxxxxx f15:c153f7c2 f17:3dfeae24 f10:40e8f27f
20871822ns          351718 1c008e92 00f72823 sw               x15, 16(x14)        x15:40b43a7e x14:10000e50  PA:10000e60
20871842ns          351719 1c008e94 cbaff06f jal              x0, -2886          
20871902ns          351722 1c00834e 0147278b p.lw             x15, 20(x14!)       x15=c181eba4 x14=10000e64 x14:10000e50  PA:10000e50
20871941ns          351724 1c008352 00f5a22b p.sw             x15, 4(x11!)        x11=10000de8 x15:c181eba4 x11:10000de4  PA:10000de4
20871961ns          351725 1c0082f6 040f8c63 beq              x31, x0, 88         x31:00000001
20871981ns          351726 1c0082fa 00082503 lw               x10, 0(x16)         x10=3fd236fb x16:10000e14  PA:10000e14
20872001ns          351727 1c0082fe 00072883 lw               x17, 0(x14)         x17=410c2690 x14:10000e64  PA:10000e64
20872021ns          351728 1c008302 00472303 lw               x6, 4(x14)           x6=40977686 x14:10000e64  PA:10000e68
20872041ns          351729 1c008306 611577c3 fmadd.s          f15, f10, f17, f12  f15=xxxxxxxx f10:3fd236fb f17:410c2690 f12:00000000
20872061ns          351730 1c00830a 00482e83 lw               x29, 4(x16)         x29=3efdd926 x16:10000e14  PA:10000e18
20872100ns          351732 1c00830e 786ef7c3 fmadd.s          f15, f29, f6, f15   f15=xxxxxxxx f29:3efdd926  f6:40977686 f15:41662b77
20872120ns          351733 1c008312 022f2863 p.beqimm         x30, 48             x30:00000005
20872140ns          351734 1c008316 00882e03 lw               x28, 8(x16)         x28=3c413e0b x16:10000e14  PA:10000e1c
20872160ns          351735 1c00831a 00872e83 lw               x29, 8(x14)         x29=40f0b55a x14:10000e64  PA:10000e6c
20872200ns          351737 1c00831e 79de77c3 fmadd.s          f15, f28, f29, f15  f15=xxxxxxxx f28:3c413e0b f29:40f0b55a f15:4185dbcf
20872220ns          351738 1c008322 023f2063 p.beqimm         x30, 32             x30:00000005
20872240ns          351739 1c008326 00c82e03 lw               x28, 12(x16)        x28=3f122c57 x16:10000e14  PA:10000e20
20872260ns          351740 1c00832a 00c72e83 lw               x29, 12(x14)        x29=3fe7bde8 x14:10000e64  PA:10000e70
20872299ns          351742 1c00832e 79de77c3 fmadd.s          f15, f28, f29, f15  f15=xxxxxxxx f28:3f122c57 f29:3fe7bde8 f15:41869182
20872319ns          351743 1c008332 005f3863 p.bneimm         x30, 16             x30:00000005
20872339ns          351744 1c008336 01082e03 lw               x28, 16(x16)        x28=3dfeae24 x16:10000e14  PA:10000e24
20872359ns          351745 1c00833a 01072e83 lw               x29, 16(x14)        x29=412369ea x14:10000e64  PA:10000e74
20872399ns          351747 1c00833e 79de77c3 fmadd.s          f15, f28, f29, f15  f15=xxxxxxxx f28:3dfeae24 f29:412369ea f15:418ed6a9
20872419ns          351748 1c008342 18a7f7d3 fdiv.s           f15, f15, f10       f15=xxxxxxxx f15:4198ffcd f10:3fd236fb
20872757ns          351765 1c008346 a0c7aed3 feq.s            x29, f15, f12       x29=00000000 f15:413a52a2 f12:00000000
20872777ns          351766 1c00834a 300e80e3 beq              x29, x0, 2816       x29:00000000
20872856ns          351770 1c008e4a 20f797d3 fsgnjn.s         f15, f15, f15       f15=xxxxxxxx f15:413a52a2 f15:413a52a2
20872876ns          351771 1c008e4e 88a7f543 fmadd.s          f10, f15, f10, f17  f10=xxxxxxxx f15:c13a52a2 f10:3fd236fb f17:410c2690
20872896ns          351772 1c008e52 00a72023 sw               x10, 0(x14)         x10:c125d90a x14:10000e64  PA:10000e64
20872916ns          351773 1c008e54 00482503 lw               x10, 4(x16)         x10=3efdd926 x16:10000e14  PA:10000e18
20872956ns          351775 1c008e58 30a7f343 fmadd.s          f6, f15, f10, f6     f6=xxxxxxxx f15:c13a52a2 f10:3efdd926  f6:40977686
20872976ns          351776 1c008e5c 00672223 sw               x6, 4(x14)           x6:bf852cbf x14:10000e64  PA:10000e68
20872996ns          351777 1c008e60 ce2f2763 p.beqimm         x30, -2834          x30:00000005
20873015ns          351778 1c008e64 00882503 lw               x10, 8(x16)         x10=3c413e0b x16:10000e14  PA:10000e1c
20873035ns          351779 1c008e68 00872883 lw               x17, 8(x14)         x17=40f0b55a x14:10000e64  PA:10000e6c
20873075ns          351781 1c008e6c 88a7f543 fmadd.s          f10, f15, f10, f17  f10=xxxxxxxx f15:c13a52a2 f10:3c413e0b f17:40f0b55a
20873095ns          351782 1c008e70 00a72423 sw               x10, 8(x14)         x10:40ec502e x14:10000e64  PA:10000e6c
20873115ns          351783 1c008e72 cc3f2e63 p.beqimm         x30, -2852          x30:00000005
20873135ns          351784 1c008e76 00c82503 lw               x10, 12(x16)        x10=3f122c57 x16:10000e14  PA:10000e20
20873155ns          351785 1c008e7a 00c72883 lw               x17, 12(x14)        x17=3fe7bde8 x14:10000e64  PA:10000e70
20873194ns          351787 1c008e7e 88a7f543 fmadd.s          f10, f15, f10, f17  f10=xxxxxxxx f15:c13a52a2 f10:3f122c57 f17:3fe7bde8
20873214ns          351788 1c008e82 00a72623 sw               x10, 12(x14)        x10:c09ad752 x14:10000e64  PA:10000e70
20873234ns          351789 1c008e84 cc5f3563 p.bneimm         x30, -2870          x30:00000005
20873254ns          351790 1c008e88 01082883 lw               x17, 16(x16)        x17=3dfeae24 x16:10000e14  PA:10000e24
20873274ns          351791 1c008e8c 01072503 lw               x10, 16(x14)        x10=412369ea x14:10000e64  PA:10000e74
20873314ns          351793 1c008e8e 5117f7c3 fmadd.s          f15, f15, f17, f10  f15=xxxxxxxx f15:c13a52a2 f17:3dfeae24 f10:412369ea
20873334ns          351794 1c008e92 00f72823 sw               x15, 16(x14)        x15:410c3e53 x14:10000e64  PA:10000e74
20873354ns          351795 1c008e94 cbaff06f jal              x0, -2886          
20873413ns          351798 1c00834e 0147278b p.lw             x15, 20(x14!)       x15=c125d90a x14=10000e78 x14:10000e64  PA:10000e64
20873453ns          351800 1c008352 00f5a22b p.sw             x15, 4(x11!)        x11=10000dec x15:c125d90a x11:10000de8  PA:10000de8
20873473ns          351801 1c008356 00082703 lw               x14, 0(x16)         x14=3fd236fb x16:10000e14  PA:10000e14
20873493ns          351802 1c00835a 00482783 lw               x15, 4(x16)         x15=3efdd926 x16:10000e14  PA:10000e18
20873692ns          351812 1c00835e 00e3a023 sw               x14, 0(x7)          x14:3fd236fb  x7:10000f20  PA:10000f20
20873732ns          351814 1c008362 00f3a223 sw               x15, 4(x7)          x15:3efdd926  x7:10000f20  PA:10000f24
20873751ns          351815 1c008366 01200533 add              x10, x0, x18        x10=00000001 x18:00000001
20873771ns          351816 1c008368 00412e03 lw               x28, 4(x2)          x28=10000dd8  x2:10000d98  PA:10000d9c
20873791ns          351817 1c00836a 3659a863 p.beqimm         x19, 880            x19:00000002
20874209ns          351838 1c00836e 00882783 lw               x15, 8(x16)         x15=3c413e0b x16:10000e14  PA:10000e1c
20874249ns          351840 1c008372 00f3a423 sw               x15, 8(x7)          x15:3c413e0b  x7:10000f20  PA:10000f28
20874269ns          351841 1c008376 00392c63 p.beqimm         x18, 24             x18:00000001
20874288ns          351842 1c00837a 00c82783 lw               x15, 12(x16)        x15=3f122c57 x16:10000e14  PA:10000e20
20874726ns          351864 1c00837e 00f3a623 sw               x15, 12(x7)         x15:3f122c57  x7:10000f20  PA:10000f2c
20874766ns          351866 1c008382 34193c63 p.bneimm         x18, 856            x18:00000001
20874786ns          351867 1c008386 000ca783 lw               x15, 0(x25)         x15=3dfeae24 x25:10000e24  PA:10000e24
20874826ns          351869 1c00838a 00fd2023 sw               x15, 0(x26)         x15:3dfeae24 x26:10000f30  PA:10000f30
20874845ns          351870 1c00838e 00500893 addi             x17, x0, 5          x17=00000005
20875243ns          351890 1c008390 40a888b3 sub              x17, x17, x10       x17=00000004 x17:00000005 x10:00000001
20875283ns          351892 1c008394 011985b3 add              x11, x19, x17       x11=00000006 x19:00000002 x17:00000004
20875303ns          351893 1c008398 00b9c463 blt              x19, x11, 8         x19:00000002 x11:00000006
20875800ns          351918 1c0083a0 004e2703 lw               x14, 4(x28)         x14=c168188f x28:10000dd8  PA:10000ddc
20875840ns          351920 1c0083a4 a0c717d3 flt.s            x15, f14, f12       x15=00000001 f14:c168188f f12:00000000
20875860ns          351921 1c0083a8 00078363 beq              x15, x0, 6          x15:00000001
20875880ns          351922 1c0083aa 20e71753 fsgnjn.s         f14, f14, f14       f14=xxxxxxxx f14:c168188f f14:c168188f
20876297ns          351943 1c0083ae 1c000fb7 lui              x31, 0x1c000000     x31=1c000000
20876337ns          351945 1c0083b2 01cf8f93 addi             x31, x31, 28        x31=1c00001c x31:1c000000
20876357ns          351946 1c0083b6 000faf83 lw               x31, 0(x31)         x31=00800000 x31:1c00001c  PA:1c00001c
20876815ns          351969 1c0083ba a0ef97d3 flt.s            x15, f31, f14       x15=00000001 f31:00800000 f14:4168188f
20876834ns          351970 1c0083be 00078363 beq              x15, x0, 6          x15:00000001
20876854ns          351971 1c0083c0 4410106f jal              x0, 7232           
20877332ns          351995 1c00a000 1c000eb7 lui              x29, 0x1c000000     x29=1c000000
20877372ns          351997 1c00a004 01ce8e93 addi             x29, x29, 28        x29=1c00001c x29:1c000000
20877391ns          351998 1c00a008 1c000fb7 lui              x31, 0x1c000000     x31=1c000000
20877411ns          351999 1c00a00c 000eae83 lw               x29, 0(x29)         x29=00800000 x29:1c00001c  PA:1c00001c
20877869ns          352022 1c00a010 020f8f93 addi             x31, x31, 32        x31=1c000020 x31:1c000000
20877889ns          352023 1c00a014 18eef7d3 fdiv.s           f15, f29, f14       f15=xxxxxxxx f29:00800000 f14:4168188f
20878426ns          352050 1c00a018 10c7f6d3 fmul.s           f13, f15, f12       f13=xxxxxxxx f15:0008d2ee f12:00000000
20878446ns          352051 1c00a01c 000faf83 lw               x31, 0(x31)         x31=3f800000 x31:1c000020  PA:1c000020
20878764ns          352067 1c00a020 f8d7f7c3 fmadd.s          f15, f15, f13, f31  f15=xxxxxxxx f15:0008d2ee f13:00000000 f31:3f800000
20878784ns          352068 1c00a024 baafe06f jal              x0, -7254          
20879102ns          352084 1c0083ce 00250693 addi             x13, x10, 2         x13=00000003 x10:00000001
20879142ns          352086 1c0083d2 0eb6db63 bge              x13, x11, 246       x13:00000003 x11:00000006
20879162ns          352087 1c0083d6 008e2683 lw               x13, 8(x28)         x13=c159b66c x28:10000dd8  PA:10000de0
20879201ns          352089 1c0083da a0c69353 flt.s            x6, f13, f12         x6=00000001 f13:c159b66c f12:00000000
20879619ns          352110 1c0083de 00030463 beq              x6, x0, 8            x6:00000001
20879659ns          352112 1c0083e2 20d696d3 fsgnjn.s         f13, f13, f13       f13=xxxxxxxx f13:c159b66c f13:c159b66c
20879679ns          352113 1c0083e6 a0d71353 flt.s            x6, f14, f13         x6=00000000 f14:4168188f f13:4159b66c
20879699ns          352114 1c0083ea 00030463 beq              x6, x0, 8            x6:00000000
20880196ns          352139 1c0083f2 18e6f353 fdiv.s           f6, f13, f14         f6=xxxxxxxx f13:4159b66c f14:4168188f
20880216ns          352140 1c0083f6 00e006b3 add              x13, x0, x14        x13=xxxxxxxx x14:4168188f
20880236ns          352141 1c0083f8 00350713 addi             x14, x10, 3         x14=xxxxxxxx x10:00000001
20880474ns          352153 1c0083fc 786377c3 fmadd.s          f15, f6, f6, f15    f15=xxxxxxxx  f6:3f7022a2  f6:3f7022a2 f15:3f800000
20880813ns          352170 1c008400 00b74463 blt              x14, x11, 8         x14:00000004 x11:00000006
20880872ns          352173 1c008408 00ce2703 lw               x14, 12(x28)        x14=c181eba4 x28:10000dd8  PA:10000de4
20880912ns          352175 1c00840c a0c71353 flt.s            x6, f14, f12         x6=00000001 f14:c181eba4 f12:00000000
20881389ns          352199 1c008410 00030463 beq              x6, x0, 8            x6:00000001
20881429ns          352201 1c008414 20e71753 fsgnjn.s         f14, f14, f14       f14=xxxxxxxx f14:c181eba4 f14:c181eba4
20881449ns          352202 1c008418 a0e69353 flt.s            x6, f13, f14         x6=00000001 f13:4168188f f14:4181eba4
20881469ns          352203 1c00841c 00030463 beq              x6, x0, 8            x6:00000001
20881927ns          352226 1c008420 4410106f jal              x0, 7232           
20882404ns          352250 1c00a060 1c000eb7 lui              x29, 0x1c000000     x29=1c000000
20882444ns          352252 1c00a064 18e6f6d3 fdiv.s           f13, f13, f14       f13=xxxxxxxx f13:4168188f f14:4181eba4
20882861ns          352273 1c00a068 020e8e93 addi             x29, x29, 32        x29=xxxxxxxx x29:1c000000
20883120ns          352286 1c00a06c 10d7f7d3 fmul.s           f15, f15, f13       f15=xxxxxxxx f15:3ff0a07a f13:3f64aa45
20883140ns          352287 1c00a070 000eae83 lw               x29, 0(x29)         x29=3f800000 x29:1c000020  PA:1c000020
20883458ns          352303 1c00a074 e8f6f7c3 fmadd.s          f15, f13, f15, f29  f15=xxxxxxxx f13:3f64aa45 f15:3fd6eef8 f29:3f800000
20883478ns          352304 1c00a078 bb6fe06f jal              x0, -7242          
20883717ns          352316 1c00842e 00450693 addi             x13, x10, 4         x13=00000005 x10:00000001
20883756ns          352318 1c008432 08b6db63 bge              x13, x11, 150       x13:00000005 x11:00000006
20883776ns          352319 1c008436 010e2683 lw               x13, 16(x28)        x13=c125d90a x28:10000dd8  PA:10000de8
20883816ns          352321 1c00843a a0c69353 flt.s            x6, f13, f12         x6=00000001 f13:c125d90a f12:00000000
20883856ns          352323 1c00843e 00030463 beq              x6, x0, 8            x6:00000001
20883896ns          352325 1c008442 20d696d3 fsgnjn.s         f13, f13, f13       f13=xxxxxxxx f13:c125d90a f13:c125d90a
20883916ns          352326 1c008446 a0d71353 flt.s            x6, f14, f13         x6=00000000 f14:4181eba4 f13:4125d90a
20883935ns          352327 1c00844a 00030463 beq              x6, x0, 8            x6:00000000
20884055ns          352333 1c008452 18e6f353 fdiv.s           f6, f13, f14         f6=xxxxxxxx f13:4125d90a f14:4181eba4
20884353ns          352348 1c008456 786377c3 fmadd.s          f15, f6, f6, f15    f15=xxxxxxxx  f6:3f236572  f6:3f236572 f15:401ffde5
20884373ns          352349 1c00845a 00e006b3 add              x13, x0, x14        x13=4181eba4 x14:4181eba4
20884393ns          352350 1c00845c 00550713 addi             x14, x10, 5         x14=00000006 x10:00000001
20884413ns          352351 1c008460 00b74463 blt              x14, x11, 8         x14:00000006 x11:00000006
20884433ns          352352 1c008464 3f70106f jal              x0, 7158           
20884512ns          352356 1c00a05a 00d00733 add              x14, x0, x13        x14=4181eba4 x13:4181eba4
20884552ns          352358 1c00a05c c6cfe06f jal              x0, -7060          
20884990ns          352380 1c0084c8 5807f7d3 fsqrt.s          f15, f15            f15=xxxxxxxx f15:403a107b
20885527ns          352407 1c0084cc 10f77753 fmul.s           f14, f14, f15       f14=xxxxxxxx f14:4181eba4 f15:3fda3fa8
20885547ns          352408 1c0084d0 a0c727d3 feq.s            x15, f14, f12       x15=00000000 f14:41dd85f0 f12:00000000
20885567ns          352409 1c0084d4 200799e3 bne              x15, x0, 2578       x15:00000000
20885586ns          352410 1c0084d8 004e2783 lw               x15, 4(x28)         x15=c168188f x28:10000dd8  PA:10000ddc
20885626ns          352412 1c0084dc a0c796d3 flt.s            x13, f15, f12       x13=00000001 f15:c168188f f12:00000000
20886004ns          352431 1c0084e0 00068363 beq              x13, x0, 6          x13:00000001
20886044ns          352433 1c0084e2 5a50106f jal              x0, 7588           
20886541ns          352458 1c00a286 20e71753 fsgnjn.s         f14, f14, f14       f14=xxxxxxxx f14:41dd85f0 f14:41dd85f0
20886561ns          352459 1c00a28a 00ee2023 sw               x14, 0(x28)         x14:c1dd85f0 x28:10000dd8  PA:10000dd8
20886999ns          352481 1c00a28e a5cfe06f jal              x0, -7588          
20887058ns          352484 1c0084ea a0c716d3 flt.s            x13, f14, f12       x13=00000001 f14:c1dd85f0 f12:00000000
20887078ns          352485 1c0084ee 00068363 beq              x13, x0, 6          x13:00000001
20887516ns          352507 1c0084f0 58f0106f jal              x0, 7566           
20888013ns          352532 1c00a27e 20e716d3 fsgnjn.s         f13, f14, f14       f13=xxxxxxxx f14:c1dd85f0 f14:c1dd85f0
20888033ns          352533 1c00a282 a74fe06f jal              x0, -7564          
20888093ns          352536 1c0084f6 1c000337 lui              x6, 0x1c000000       x6=1c000000
20888113ns          352537 1c0084fa 02830313 addi             x6, x6, 40           x6=1c000028  x6:1c000000
20888550ns          352559 1c0084fe 00032303 lw               x6, 0(x6)            x6=0c000000  x6:1c000028  PA:1c000028
20888888ns          352576 1c008502 a0d306d3 fle.s            x13, f6, f13        x13=00000001  f6:0c000000 f13:41dd85f0
20888908ns          352577 1c008506 00068363 beq              x13, x0, 6          x13:00000001
20888928ns          352578 1c008508 4730106f jal              x0, 7282           
20889863ns          352625 1c00a17a 008e2683 lw               x13, 8(x28)         x13=c159b66c x28:10000dd8  PA:10000de0
20890301ns          352647 1c00a17e 1c000fb7 lui              x31, 0x1c000000     x31=1c000000
20890340ns          352649 1c00a182 020f8f93 addi             x31, x31, 32        x31=1c000020 x31:1c000000
20890360ns          352650 1c00a186 000faf83 lw               x31, 0(x31)         x31=3f800000 x31:1c000020  PA:1c000020
20890678ns          352666 1c00a18a 18eff753 fdiv.s           f14, f31, f14       f14=xxxxxxxx f31:3f800000 f14:c1dd85f0
20890977ns          352681 1c00a18e 10e7f7d3 fmul.s           f15, f15, f14       f15=xxxxxxxx f15:c168188f f14:bd13ebda
20890997ns          352682 1c00a192 10e6f6d3 fmul.s           f13, f13, f14       f13=xxxxxxxx f13:c159b66c f14:bd13ebda
20891017ns          352683 1c00a196 00fe2223 sw               x15, 4(x28)         x15:3f061bee x28:10000dd8  PA:10000ddc
20891036ns          352684 1c00a19a 00de2423 sw               x13, 8(x28)         x13:3efb98a8 x28:10000dd8  PA:10000de0
20891474ns          352706 1c00a19e 1c352063 p.beqimm         x10, 448            x10:00000001
20891514ns          352708 1c00a1a2 00ce2783 lw               x15, 12(x28)        x15=c181eba4 x28:10000dd8  PA:10000de4
20891554ns          352710 1c00a1a6 10e7f7d3 fmul.s           f15, f15, f14       f15=xxxxxxxx f15:c181eba4 f14:bd13ebda
20891574ns          352711 1c00a1aa 00fe2623 sw               x15, 12(x28)        x15:3f162402 x28:10000dd8  PA:10000de4
20891991ns          352732 1c00a1ae 00152463 p.beqimm         x10, 8              x10:00000001
20892051ns          352735 1c00a1b6 05012783 lw               x15, 80(x2)         x15=c125d90a  x2:10000d98  PA:10000de8
20892091ns          352737 1c00a1b8 10e7f753 fmul.s           f14, f15, f14       f14=xxxxxxxx f15:c125d90a f14:bd13ebda
20892111ns          352738 1c00a1bc 04e12823 sw               x14, 80(x2)         x14:3ebfa8d8  x2:10000d98  PA:10000de8
20892528ns          352759 1c00a1be b82fe06f jal              x0, -7294          
20892986ns          352782 1c008540 1c0006b7 lui              x13, 0x1c000000     x13=1c000000
20893026ns          352784 1c008544 02068693 addi             x13, x13, 32        x13=1c000020 x13:1c000000
20893045ns          352785 1c008548 004e2783 lw               x15, 4(x28)         x15=3f061bee x28:10000dd8  PA:10000ddc
20893065ns          352786 1c00854c 0006a683 lw               x13, 0(x13)         x13=3f800000 x13:1c000020  PA:1c000020
20893543ns          352810 1c00854e 000e2703 lw               x14, 0(x28)         x14=c1dd85f0 x28:10000dd8  PA:10000dd8
20893563ns          352811 1c008552 00d7f7d3 fadd.s           f15, f15, f13       f15=xxxxxxxx f15:3f061bee f13:3f800000
20893582ns          352812 1c008556 20e71753 fsgnjn.s         f14, f14, f14       f14=xxxxxxxx f14:c1dd85f0 f14:c1dd85f0
20893602ns          352813 1c00855a 00ee2023 sw               x14, 0(x28)         x14:41dd85f0 x28:10000dd8  PA:10000dd8
20894040ns          352835 1c00855e 00fe2223 sw               x15, 4(x28)         x15:3fc30df7 x28:10000dd8  PA:10000ddc
20894080ns          352837 1c008562 0004a023 sw               x0, 0(x9)            x9:10000df0  PA:10000df0
20894100ns          352838 1c008566 0004a223 sw               x0, 4(x9)            x9:10000df0  PA:10000df4
20894120ns          352839 1c00856a 0004a423 sw               x0, 8(x9)            x9:10000df0  PA:10000df8
20894557ns          352861 1c00856e 00153363 p.bneimm         x10, 6              x10:00000001
20894577ns          352862 1c008572 06012223 sw               x0, 100(x2)          x2:10000d98  PA:10000dfc
20894597ns          352863 1c008574 00251313 slli             x6, x10, 0x2         x6=00000004 x10:00000001
20894617ns          352864 1c008578 0048a463 p.beqimm         x17, 8              x17:00000004
20895114ns          352889 1c008580 0e010593 addi             x11, x2, 224        x11=10000e78  x2:10000d98
20895134ns          352890 1c008582 00658733 add              x14, x11, x6        x14=10000e7c x11:10000e78  x6:00000004
20895154ns          352891 1c008586 f6072703 lw               x14, -160(x14)      x14=3fc30df7 x14:10000e7c  PA:10000ddc
20895194ns          352893 1c00858a a0c726d3 feq.s            x13, f14, f12       x13=00000000 f14:3fc30df7 f12:00000000
20895214ns          352894 1c00858e 00069363 bne              x13, x0, 6          x13:00000000
20895611ns          352914 1c008590 53f0106f jal              x0, 7486           
20896526ns          352960 1c00a2ce 0044ae83 lw               x29, 4(x9)          x29=00000000  x9:10000df0  PA:10000df4
20896546ns          352961 1c00a2d2 0004a683 lw               x13, 0(x9)          x13=00000000  x9:10000df0  PA:10000df0
20896566ns          352962 1c00a2d4 0084a903 lw               x18, 8(x9)          x18=00000000  x9:10000df0  PA:10000df8
20896586ns          352963 1c00a2d8 01882583 lw               x11, 24(x16)        x11=41102c70 x16:10000e14  PA:10000e2c
20896606ns          352964 1c00a2dc 02082f83 lw               x31, 32(x16)        x31=c0683fb8 x16:10000e14  PA:10000e34
20897043ns          352986 1c00a2e0 01c82883 lw               x17, 28(x16)        x17=40dd6b9c x16:10000e14  PA:10000e30
20897083ns          352988 1c00a2e4 68b776c3 fmadd.s          f13, f14, f11, f13  f13=xxxxxxxx f14:3fc30df7 f11:41102c70 f13:00000000
20897103ns          352989 1c00a2e8 e91778c3 fmadd.s          f17, f14, f17, f29  f17=xxxxxxxx f14:3fc30df7 f17:40dd6b9c f29:00000000
20897123ns          352990 1c00a2ec 91f775c3 fmadd.s          f11, f14, f31, f18  f11=xxxxxxxx f14:3fc30df7 f31:c0683fb8 f18:00000000
20897561ns          353012 1c00a2f0 02482e83 lw               x29, 36(x16)        x29=40c0f0b6 x16:10000e14  PA:10000e38
20897600ns          353014 1c00a2f4 00c4af83 lw               x31, 12(x9)         x31=00000000  x9:10000df0  PA:10000dfc
20897620ns          353015 1c00a2f8 00d4a023 sw               x13, 0(x9)          x13:415bb36d  x9:10000df0  PA:10000df0
20897640ns          353016 1c00a2fa f9d77743 fmadd.s          f14, f14, f29, f31  f14=xxxxxxxx f14:3fc30df7 f29:40c0f0b6 f31:00000000
20898098ns          353039 1c00a2fe 0114a223 sw               x17, 4(x9)          x17:4128b50c  x9:10000df0  PA:10000df4
20898118ns          353040 1c00a302 00b4a423 sw               x11, 8(x9)          x11:c0b0f534  x9:10000df0  PA:10000df8
20898137ns          353041 1c00a304 00e4a623 sw               x14, 12(x9)         x14:411301e1  x9:10000df0  PA:10000dfc
20898157ns          353042 1c00a306 a8efe06f jal              x0, -7538          
20898197ns          353044 1c008594 0459a363 p.beqimm         x19, 70             x19:00000002
20898217ns          353045 1c008598 00299713 slli             x14, x19, 0x2       x14=00000008 x19:00000002
20898237ns          353046 1c00859c 0e010593 addi             x11, x2, 224        x11=10000e78  x2:10000d98
20898257ns          353047 1c00859e 00b70733 add              x14, x14, x11       x14=10000e80 x14:00000008 x11:10000e78
20898675ns          353068 1c0085a0 f6072703 lw               x14, -160(x14)      x14=3efb98a8 x14:10000e80  PA:10000de0
20898734ns          353071 1c0085a4 a0c726d3 feq.s            x13, f14, f12       x13=00000000 f14:3efb98a8 f12:00000000
20898754ns          353072 1c0085a8 00069363 bne              x13, x0, 6          x13:00000000
20898774ns          353073 1c0085aa 79b0106f jal              x0, 8090           
20899649ns          353117 1c00a544 0044ae83 lw               x29, 4(x9)          x29=4128b50c  x9:10000df0  PA:10000df4
20899689ns          353119 1c00a548 0004a683 lw               x13, 0(x9)          x13=415bb36d  x9:10000df0  PA:10000df0
20899709ns          353120 1c00a54a 0084a903 lw               x18, 8(x9)          x18=c0b0f534  x9:10000df0  PA:10000df8
20900146ns          353142 1c00a54e 02c82583 lw               x11, 44(x16)        x11=400182bc x16:10000e14  PA:10000e40
20900186ns          353144 1c00a552 03482f83 lw               x31, 52(x16)        x31=4030bd9b x16:10000e14  PA:10000e48
20900206ns          353145 1c00a556 03082883 lw               x17, 48(x16)        x17=4157dc51 x16:10000e14  PA:10000e44
20900226ns          353146 1c00a55a 68b776c3 fmadd.s          f13, f14, f11, f13  f13=xxxxxxxx f14:3efb98a8 f11:400182bc f13:415bb36d
20900683ns          353169 1c00a55e e91778c3 fmadd.s          f17, f14, f17, f29  f17=xxxxxxxx f14:3efb98a8 f17:4157dc51 f29:4128b50c
20900723ns          353171 1c00a562 91f775c3 fmadd.s          f11, f14, f31, f18  f11=xxxxxxxx f14:3efb98a8 f31:4030bd9b f18:c0b0f534
20900743ns          353172 1c00a566 03882e83 lw               x29, 56(x16)        x29=40f32183 x16:10000e14  PA:10000e4c
20900763ns          353173 1c00a56a 00c4af83 lw               x31, 12(x9)         x31=411301e1  x9:10000df0  PA:10000dfc
20900783ns          353174 1c00a56e 00d4a023 sw               x13, 0(x9)          x13:416b9c7a  x9:10000df0  PA:10000df0
20901201ns          353195 1c00a570 f9d77743 fmadd.s          f14, f14, f29, f31  f14=xxxxxxxx f14:3efb98a8 f29:40f32183 f31:411301e1
20901240ns          353197 1c00a574 0114a223 sw               x17, 4(x9)          x17:418963f5  x9:10000df0  PA:10000df4
20901260ns          353198 1c00a578 00b4a423 sw               x11, 8(x9)          x11:c0858861  x9:10000df0  PA:10000df8
20901280ns          353199 1c00a57a 00e4a623 sw               x14, 12(x9)         x14:414ebe97  x9:10000df0  PA:10000dfc
20901300ns          353200 1c00a57c 832fe06f jal              x0, -8142          
20901777ns          353224 1c0085ae 00250713 addi             x14, x10, 2         x14=00000003 x10:00000001
20901797ns          353225 1c0085b2 02572463 p.beqimm         x14, 40             x14:00000003
20901817ns          353226 1c0085b6 00271713 slli             x14, x14, 0x2       x14=0000000c x14:00000003
20901837ns          353227 1c0085b8 0e010593 addi             x11, x2, 224        x11=10000e78  x2:10000d98
20901857ns          353228 1c0085ba 00b70733 add              x14, x14, x11       x14=10000e84 x14:0000000c x11:10000e78
20901877ns          353229 1c0085bc f6072703 lw               x14, -160(x14)      x14=3f162402 x14:10000e84  PA:10000de4
20902275ns          353249 1c0085c0 a0c726d3 feq.s            x13, f14, f12       x13=00000000 f14:3f162402 f12:00000000
20902315ns          353251 1c0085c4 00069363 bne              x13, x0, 6          x13:00000000
20902334ns          353252 1c0085c6 6f90106f jal              x0, 7928           
20903269ns          353299 1c00a4be 0044ae83 lw               x29, 4(x9)          x29=418963f5  x9:10000df0  PA:10000df4
20903289ns          353300 1c00a4c2 0004a683 lw               x13, 0(x9)          x13=416b9c7a  x9:10000df0  PA:10000df0
20903309ns          353301 1c00a4c4 0084a903 lw               x18, 8(x9)          x18=c0858861  x9:10000df0  PA:10000df8
20903329ns          353302 1c00a4c8 04082583 lw               x11, 64(x16)        x11=bfadd521 x16:10000e14  PA:10000e54
20903349ns          353303 1c00a4cc 04882f83 lw               x31, 72(x16)        x31=4108657d x16:10000e14  PA:10000e5c
20903786ns          353325 1c00a4d0 04482883 lw               x17, 68(x16)        x17=3fd126a4 x16:10000e14  PA:10000e58
20903826ns          353327 1c00a4d4 68b776c3 fmadd.s          f13, f14, f11, f13  f13=xxxxxxxx f14:3f162402 f11:bfadd521 f13:416b9c7a
20903846ns          353328 1c00a4d8 e91778c3 fmadd.s          f17, f14, f17, f29  f17=xxxxxxxx f14:3f162402 f17:3fd126a4 f29:418963f5
20903866ns          353329 1c00a4dc 91f775c3 fmadd.s          f11, f14, f31, f18  f11=xxxxxxxx f14:3f162402 f31:4108657d f18:c0858861
20904304ns          353351 1c00a4e0 04c82e83 lw               x29, 76(x16)        x29=40b43a7e x16:10000e14  PA:10000e60
20904343ns          353353 1c00a4e4 00c4af83 lw               x31, 12(x9)         x31=414ebe97  x9:10000df0  PA:10000dfc
20904363ns          353354 1c00a4e8 00d4a023 sw               x13, 0(x9)          x13:415ede0f  x9:10000df0  PA:10000df0
20904383ns          353355 1c00a4ea f9d77743 fmadd.s          f14, f14, f29, f31  f14=xxxxxxxx f14:3f162402 f29:40b43a7e f31:414ebe97
20904821ns          353377 1c00a4ee 0114a223 sw               x17, 4(x9)          x17:41910e96  x9:10000df0  PA:10000df4
20904841ns          353378 1c00a4f2 00b4a423 sw               x11, 8(x9)          x11:3f53a761  x9:10000df0  PA:10000df8
20904861ns          353379 1c00a4f4 00e4a623 sw               x14, 12(x9)         x14:4181cc33  x9:10000df0  PA:10000dfc
20904880ns          353380 1c00a4f6 8d4fe06f jal              x0, -7980          
20904940ns          353383 1c0085ca 00153863 p.bneimm         x10, 16             x10:00000001
20904960ns          353384 1c0085ce 05012703 lw               x14, 80(x2)         x14=3ebfa8d8  x2:10000d98  PA:10000de8
20905378ns          353405 1c0085d0 a0c726d3 feq.s            x13, f14, f12       x13=00000000 f14:3ebfa8d8 f12:00000000
20905417ns          353407 1c0085d4 00069363 bne              x13, x0, 6          x13:00000000
20905437ns          353408 1c0085d6 7250106f jal              x0, 7972           
20905497ns          353411 1c00a4fa 0044ae83 lw               x29, 4(x9)          x29=41910e96  x9:10000df0  PA:10000df4
20905517ns          353412 1c00a4fe 0004a683 lw               x13, 0(x9)          x13=415ede0f  x9:10000df0  PA:10000df0
20905955ns          353434 1c00a500 0084a903 lw               x18, 8(x9)          x18=3f53a761  x9:10000df0  PA:10000df8
20905994ns          353436 1c00a504 05482583 lw               x11, 84(x16)        x11=bf852cbf x16:10000e14  PA:10000e68
20906014ns          353437 1c00a508 05c82f83 lw               x31, 92(x16)        x31=c09ad752 x16:10000e14  PA:10000e70
20906034ns          353438 1c00a50c 05882883 lw               x17, 88(x16)        x17=40ec502e x16:10000e14  PA:10000e6c
20906472ns          353460 1c00a510 68b776c3 fmadd.s          f13, f14, f11, f13  f13=xxxxxxxx f14:3ebfa8d8 f11:bf852cbf f13:415ede0f
20906511ns          353462 1c00a514 e91778c3 fmadd.s          f17, f14, f17, f29  f17=xxxxxxxx f14:3ebfa8d8 f17:40ec502e f29:41910e96
20906531ns          353463 1c00a518 91f775c3 fmadd.s          f11, f14, f31, f18  f11=xxxxxxxx f14:3ebfa8d8 f31:c09ad752 f18:3f53a761
20906551ns          353464 1c00a51c 06082e83 lw               x29, 96(x16)        x29=410c3e53 x16:10000e14  PA:10000e74
20906989ns          353486 1c00a520 00c4af83 lw               x31, 12(x9)         x31=4181cc33  x9:10000df0  PA:10000dfc
20907029ns          353488 1c00a524 00d4a023 sw               x13, 0(x9)          x13:4158a2cb  x9:10000df0  PA:10000df0
20907049ns          353489 1c00a526 f9d77743 fmadd.s          f14, f14, f29, f31  f14=xxxxxxxx f14:3ebfa8d8 f29:410c3e53 f31:4181cc33
20907068ns          353490 1c00a52a 0114a223 sw               x17, 4(x9)          x17:41a72c0c  x9:10000df0  PA:10000df4
20907088ns          353491 1c00a52e 00b4a423 sw               x11, 8(x9)          x11:bf7c0bb8  x9:10000df0  PA:10000df8
20907506ns          353512 1c00a530 00e4a623 sw               x14, 12(x9)         x14:419c0bf3  x9:10000df0  PA:10000dfc
20907546ns          353514 1c00a532 8a8fe06f jal              x0, -8024          
20907586ns          353516 1c0085da 0e010713 addi             x14, x2, 224        x14=10000e78  x2:10000d98
20907605ns          353517 1c0085dc 00e30333 add              x6, x6, x14          x6=10000e7c  x6:00000004 x14:10000e78
20908043ns          353539 1c0085de f6032683 lw               x13, -160(x6)       x13=3fc30df7  x6:10000e7c  PA:10000ddc
20908083ns          353541 1c0085e2 18f6f6d3 fdiv.s           f13, f13, f15       f13=xxxxxxxx f13:3fc30df7 f15:3fc30df7
20908361ns          353555 1c0085e6 a0c6a5d3 feq.s            x11, f13, f12       x11=00000000 f13:3f800000 f12:00000000
20908381ns          353556 1c0085ea 00f00733 add              x14, x0, x15        x14=3fc30df7 x15:3fc30df7
20908401ns          353557 1c0085ec 00059363 bne              x11, x0, 6          x11:00000000
20908580ns          353566 1c0085ee 3350106f jal              x0, 6964           
20909077ns          353591 1c00a122 01c82e83 lw               x29, 28(x16)        x29=40dd6b9c x16:10000e14  PA:10000e30
20909097ns          353592 1c00a126 01882583 lw               x11, 24(x16)        x11=41102c70 x16:10000e14  PA:10000e2c
20909117ns          353593 1c00a12a 02082903 lw               x18, 32(x16)        x18=c0683fb8 x16:10000e14  PA:10000e34
20909555ns          353615 1c00a12e 0004a883 lw               x17, 0(x9)          x17=4158a2cb  x9:10000df0  PA:10000df0
20909595ns          353617 1c00a132 0084af83 lw               x31, 8(x9)          x31=bf7c0bb8  x9:10000df0  PA:10000df8
20909614ns          353618 1c00a136 0044a303 lw               x6, 4(x9)            x6=41a72c0c  x9:10000df0  PA:10000df4
20909634ns          353619 1c00a13a 20d696d3 fsgnjn.s         f13, f13, f13       f13=xxxxxxxx f13:3f800000 f13:3f800000
20910092ns          353642 1c00a13e 58d8f5c3 fmadd.s          f11, f17, f13, f11  f11=xxxxxxxx f17:4158a2cb f13:bf800000 f11:41102c70
20910132ns          353644 1c00a142 e866f343 fmadd.s          f6, f13, f6, f29     f6=xxxxxxxx f13:bf800000  f6:41a72c0c f29:40dd6b9c
20910151ns          353645 1c00a146 91f6f8c3 fmadd.s          f17, f13, f31, f18  f17=xxxxxxxx f13:bf800000 f31:bf7c0bb8 f18:c0683fb8
20910171ns          353646 1c00a14a 02482e83 lw               x29, 36(x16)        x29=40c0f0b6 x16:10000e14  PA:10000e38
20910609ns          353668 1c00a14e 00c4af83 lw               x31, 12(x9)         x31=419c0bf3  x9:10000df0  PA:10000dfc
20910649ns          353670 1c00a152 00b82c23 sw               x11, 24(x16)        x11:c090ecb6 x16:10000e14  PA:10000e2c
20910669ns          353671 1c00a156 e9f6f6c3 fmadd.s          f13, f13, f31, f29  f13=xxxxxxxx f13:bf800000 f31:419c0bf3 f29:40c0f0b6
20910689ns          353672 1c00a15a 00682e23 sw               x6, 28(x16)          x6:c15fa24a x16:10000e14  PA:10000e30
20911126ns          353694 1c00a15e 03182023 sw               x17, 32(x16)        x17:c0293cca x16:10000e14  PA:10000e34
20911166ns          353696 1c00a162 02d82223 sw               x13, 36(x16)        x13:c1579f8b x16:10000e14  PA:10000e38
20911186ns          353697 1c00a166 c8cfe06f jal              x0, -7028          
20911245ns          353700 1c0085f2 0e59aee3 p.beqimm         x19, 2300           x19:00000002
20911265ns          353701 1c0085f6 00299693 slli             x13, x19, 0x2       x13=00000008 x19:00000002
20911285ns          353702 1c0085fa 0e010f93 addi             x31, x2, 224        x31=10000e78  x2:10000d98
20911305ns          353703 1c0085fe 01f686b3 add              x13, x13, x31       x13=10000e80 x13:00000008 x31:10000e78
20911723ns          353724 1c008600 f606a683 lw               x13, -160(x13)      x13=3efb98a8 x13:10000e80  PA:10000de0
20911783ns          353727 1c008604 18f6f6d3 fdiv.s           f13, f13, f15       f13=xxxxxxxx f13:3efb98a8 f15:3fc30df7
20912061ns          353741 1c008608 a0c6a5d3 feq.s            x11, f13, f12       x11=00000000 f13:3ea51aae f12:00000000
20912081ns          353742 1c00860c 04059363 bne              x11, x0, 70         x11:00000000
20912240ns          353750 1c00860e 03082e83 lw               x29, 48(x16)        x29=4157dc51 x16:10000e14  PA:10000e44
20912280ns          353752 1c008612 02c82583 lw               x11, 44(x16)        x11=400182bc x16:10000e14  PA:10000e40
20912300ns          353753 1c008616 03482903 lw               x18, 52(x16)        x18=4030bd9b x16:10000e14  PA:10000e48
20912320ns          353754 1c00861a 0004a883 lw               x17, 0(x9)          x17=4158a2cb  x9:10000df0  PA:10000df0
20912777ns          353777 1c00861e 0084af83 lw               x31, 8(x9)          x31=bf7c0bb8  x9:10000df0  PA:10000df8
20912817ns          353779 1c008622 0044a303 lw               x6, 4(x9)            x6=41a72c0c  x9:10000df0  PA:10000df4
20912837ns          353780 1c008626 20d696d3 fsgnjn.s         f13, f13, f13       f13=xxxxxxxx f13:3ea51aae f13:3ea51aae
20912857ns          353781 1c00862a 5916f5c3 fmadd.s          f11, f13, f17, f11  f11=xxxxxxxx f13:bea51aae f17:4158a2cb f11:400182bc
20913294ns          353803 1c00862e e866f343 fmadd.s          f6, f13, f6, f29     f6=xxxxxxxx f13:bea51aae  f6:41a72c0c f29:4157dc51
20913334ns          353805 1c008632 91f6f8c3 fmadd.s          f17, f13, f31, f18  f17=xxxxxxxx f13:bea51aae f31:bf7c0bb8 f18:4030bd9b
20913354ns          353806 1c008636 00c4ae83 lw               x29, 12(x9)         x29=419c0bf3  x9:10000df0  PA:10000dfc
20913374ns          353807 1c00863a 03882f83 lw               x31, 56(x16)        x31=40f32183 x16:10000e14  PA:10000e4c
20913811ns          353829 1c00863e 02b82623 sw               x11, 44(x16)        x11:c015ec45 x16:10000e14  PA:10000e40
20913851ns          353831 1c008642 f9d6f6c3 fmadd.s          f13, f13, f29, f31  f13=xxxxxxxx f13:bea51aae f29:419c0bf3 f31:40f32183
20913871ns          353832 1c008646 02682823 sw               x6, 48(x16)          x6:40d81702 x16:10000e14  PA:10000e44
20913891ns          353833 1c00864a 03182a23 sw               x17, 52(x16)        x17:40450f55 x16:10000e14  PA:10000e48
20914329ns          353855 1c00864e 02d82c23 sw               x13, 56(x16)        x13:3fa76655 x16:10000e14  PA:10000e4c
20914368ns          353857 1c008652 00250693 addi             x13, x10, 2         x13=00000003 x10:00000001
20914388ns          353858 1c008656 0856ace3 p.beqimm         x13, 2200           x13:00000003
20914408ns          353859 1c00865a 00269693 slli             x13, x13, 0x2       x13=0000000c x13:00000003
20914428ns          353860 1c00865c 0e010313 addi             x6, x2, 224          x6=10000e78  x2:10000d98
20914846ns          353881 1c008660 006686b3 add              x13, x13, x6        x13=10000e84 x13:0000000c  x6:10000e78
20914885ns          353883 1c008662 f606a683 lw               x13, -160(x13)      x13=3f162402 x13:10000e84  PA:10000de4
20914925ns          353885 1c008666 18f6f6d3 fdiv.s           f13, f13, f15       f13=xxxxxxxx f13:3f162402 f15:3fc30df7
20915204ns          353899 1c00866a a0c6a5d3 feq.s            x11, f13, f12       x11=00000000 f13:3ec50d78 f12:00000000
20915224ns          353900 1c00866e 00059363 bne              x11, x0, 6          x11:00000000
20915383ns          353908 1c008670 49b0106f jal              x0, 7322           
20915442ns          353911 1c00a30a 04482e83 lw               x29, 68(x16)        x29=3fd126a4 x16:10000e14  PA:10000e58
20915880ns          353933 1c00a30e 04082583 lw               x11, 64(x16)        x11=bfadd521 x16:10000e14  PA:10000e54
20915920ns          353935 1c00a312 04882903 lw               x18, 72(x16)        x18=4108657d x16:10000e14  PA:10000e5c
20915940ns          353936 1c00a316 0004a883 lw               x17, 0(x9)          x17=4158a2cb  x9:10000df0  PA:10000df0
20915960ns          353937 1c00a31a 0084af83 lw               x31, 8(x9)          x31=bf7c0bb8  x9:10000df0  PA:10000df8
20916397ns          353959 1c00a31e 0044a303 lw               x6, 4(x9)            x6=41a72c0c  x9:10000df0  PA:10000df4
20916437ns          353961 1c00a322 20d696d3 fsgnjn.s         f13, f13, f13       f13=xxxxxxxx f13:3ec50d78 f13:3ec50d78
20916457ns          353962 1c00a326 5916f5c3 fmadd.s          f11, f13, f17, f11  f11=xxxxxxxx f13:bec50d78 f17:4158a2cb f11:bfadd521
20916477ns          353963 1c00a32a e866f343 fmadd.s          f6, f13, f6, f29     f6=xxxxxxxx f13:bec50d78  f6:41a72c0c f29:3fd126a4
20916914ns          353985 1c00a32e 91f6f8c3 fmadd.s          f17, f13, f31, f18  f17=xxxxxxxx f13:bec50d78 f31:bf7c0bb8 f18:4108657d
20916954ns          353987 1c00a332 00c4ae83 lw               x29, 12(x9)         x29=419c0bf3  x9:10000df0  PA:10000dfc
20916974ns          353988 1c00a336 04c82f83 lw               x31, 76(x16)        x31=40b43a7e x16:10000e14  PA:10000e60
20916994ns          353989 1c00a33a 04b82023 sw               x11, 64(x16)        x11:c0d235f4 x16:10000e14  PA:10000e54
20917432ns          354011 1c00a33e f9d6f6c3 fmadd.s          f13, f13, f29, f31  f13=xxxxxxxx f13:bec50d78 f29:419c0bf3 f31:40b43a7e
20917471ns          354013 1c00a342 04682223 sw               x6, 68(x16)          x6:c0cd11b9 x16:10000e14  PA:10000e58
20917491ns          354014 1c00a346 05182423 sw               x17, 72(x16)        x17:410e758f x16:10000e14  PA:10000e5c
20917511ns          354015 1c00a34a 04d82623 sw               x13, 76(x16)        x13:bff00146 x16:10000e14  PA:10000e60
20917969ns          354038 1c00a34e b26fe06f jal              x0, -7386          
20918008ns          354040 1c008674 06153de3 p.bneimm         x10, 2170           x10:00000001
20918028ns          354041 1c008678 05012683 lw               x13, 80(x2)         x13=3ebfa8d8  x2:10000d98  PA:10000de8
20918068ns          354043 1c00867a 18f6f7d3 fdiv.s           f15, f13, f15       f15=xxxxxxxx f13:3ebfa8d8 f15:3fc30df7
20918486ns          354064 1c00867e a0c7a6d3 feq.s            x13, f15, f12       x13=00000000 f15:3e7b8b52 f12:00000000
20918525ns          354066 1c008682 060696e3 bne              x13, x0, 2156       x13:00000000
20918545ns          354067 1c008686 05882303 lw               x6, 88(x16)          x6=40ec502e x16:10000e14  PA:10000e6c
20918565ns          354068 1c00868a 0044a683 lw               x13, 4(x9)          x13=41a72c0c  x9:10000df0  PA:10000df4
20918585ns          354069 1c00868c 20f797d3 fsgnjn.s         f15, f15, f15       f15=xxxxxxxx f15:3e7b8b52 f15:3e7b8b52
20919003ns          354090 1c008690 30d7f6c3 fmadd.s          f13, f15, f13, f6   f13=xxxxxxxx f15:be7b8b52 f13:41a72c0c  f6:40ec502e
20919043ns          354092 1c008694 05482883 lw               x17, 84(x16)        x17=bf852cbf x16:10000e14  PA:10000e68
20919063ns          354093 1c008698 05c82f83 lw               x31, 92(x16)        x31=c09ad752 x16:10000e14  PA:10000e70
20919082ns          354094 1c00869c 06082303 lw               x6, 96(x16)          x6=410c3e53 x16:10000e14  PA:10000e74
20919520ns          354116 1c0086a0 0004a583 lw               x11, 0(x9)          x11=4158a2cb  x9:10000df0  PA:10000df0
20919560ns          354118 1c0086a2 0084ae83 lw               x29, 8(x9)          x29=bf7c0bb8  x9:10000df0  PA:10000df8
20919580ns          354119 1c0086a6 00c4a903 lw               x18, 12(x9)         x18=419c0bf3  x9:10000df0  PA:10000dfc
20919600ns          354120 1c0086aa 88b7f5c3 fmadd.s          f11, f15, f11, f17  f11=xxxxxxxx f15:be7b8b52 f11:4158a2cb f17:bf852cbf
20920037ns          354142 1c0086ae f9d7fec3 fmadd.s          f29, f15, f29, f31  f29=xxxxxxxx f15:be7b8b52 f29:bf7c0bb8 f31:c09ad752
20920077ns          354144 1c0086b2 3127f7c3 fmadd.s          f15, f15, f18, f6   f15=xxxxxxxx f15:be7b8b52 f18:419c0bf3  f6:410c3e53
20920097ns          354145 1c0086b6 04b82a23 sw               x11, 84(x16)        x11:c08bb9f1 x16:10000e14  PA:10000e68
20920117ns          354146 1c0086ba 04d82c23 sw               x13, 88(x16)        x13:40101a08 x16:10000e14  PA:10000e6c
20920574ns          354169 1c0086be 05d82e23 sw               x29, 92(x16)        x29:c0931a0d x16:10000e14  PA:10000e70
20920614ns          354171 1c0086c2 06f82023 sw               x15, 96(x16)        x15:407e5005 x16:10000e14  PA:10000e74
20920634ns          354172 1c0086c6 0290006f jal              x0, 2088           
20921549ns          354218 1c008eee 008e2783 lw               x15, 8(x28)         x15=3efb98a8 x28:10000dd8  PA:10000de0
20921589ns          354220 1c008ef2 00eaa023 sw               x14, 0(x21)         x14:3fc30df7 x21:10000ec0  PA:10000ec0
20921609ns          354221 1c008ef6 00faa223 sw               x15, 4(x21)         x15:3efb98a8 x21:10000ec0  PA:10000ec4
20921628ns          354222 1c008efa 00352b63 p.beqimm         x10, 22             x10:00000001
20922086ns          354245 1c008efe 00ce2783 lw               x15, 12(x28)        x15=3f162402 x28:10000dd8  PA:10000de4
20922126ns          354247 1c008f02 00faa423 sw               x15, 8(x21)         x15:3f162402 x21:10000ec0  PA:10000ec8
20922146ns          354248 1c008f06 00153563 p.bneimm         x10, 10             x10:00000001
20922165ns          354249 1c008f0a 05012783 lw               x15, 80(x2)         x15=3ebfa8d8  x2:10000d98  PA:10000de8
20922205ns          354251 1c008f0c 00fa2023 sw               x15, 0(x20)         x15:3ebfa8d8 x20:10000ecc  PA:10000ecc
20922603ns          354271 1c008f10 006d8d93 addi             x27, x27, 6         x27=00000006 x27:00000000
20922623ns          354272 1c008f12 005b0b13 addi             x22, x22, 5         x22=00000005 x22:00000000
20922643ns          354273 1c008f14 01880813 addi             x16, x16, 24        x16=10000e2c x16:10000e14
20922663ns          354274 1c008f16 001d8793 addi             x15, x27, 1         x15=00000007 x27:00000006
20922683ns          354275 1c008f1a 006b0693 addi             x13, x22, 6         x13=0000000b x22:00000005
20922703ns          354276 1c008f1e 014a0a13 addi             x20, x20, 20        x20=10000ee0 x20:10000ecc
20923120ns          354297 1c008f20 018a8a93 addi             x21, x21, 24        x21=10000ed8 x21:10000ec0
20923140ns          354298 1c008f22 00198993 addi             x19, x19, 1         x19=00000003 x19:00000002
20923160ns          354299 1c008f24 00448493 addi             x9, x9, 4            x9=10000df4  x9:10000df0
20923180ns          354300 1c008f26 014c8c93 addi             x25, x25, 20        x25=10000e38 x25:10000e24
20923200ns          354301 1c008f28 014d0d13 addi             x26, x26, 20        x26=10000f44 x26:10000f30
20923220ns          354302 1c008f2a 01838393 addi             x7, x7, 24           x7=10000f38  x7:10000f20
20923240ns          354303 1c008f2c ffff0f13 addi             x30, x30, -1        x30=00000004 x30:00000005
20923259ns          354304 1c008f2e 004b8b93 addi             x23, x23, 4         x23=10000dc8 x23:10000dc4
20923637ns          354323 1c008f30 014c0c13 addi             x24, x24, 20        x24=10000e3c x24:10000e28
20923657ns          354324 1c008f32 00500e33 add              x28, x0, x5         x28=10000ddc  x5:10000ddc
20923677ns          354325 1c008f34 01480713 addi             x14, x16, 20        x14=10000e40 x16:10000e2c
20923697ns          354326 1c008f38 acd7c363 blt              x15, x13, -3386     x15:00000007 x13:0000000b
20925089ns          354396 1c0081fe 410c05b3 sub              x11, x24, x16       x11=00000010 x24:10000e3c x16:10000e2c
20925129ns          354398 1c008202 1c0006b7 lui              x13, 0x1c000000     x13=1c000000
20925149ns          354399 1c008206 ffc58593 addi             x11, x11, -4        x11=0000000c x11:00000010
20925169ns          354400 1c008208 01c68693 addi             x13, x13, 28        x13=1c00001c x13:1c000000
20925189ns          354401 1c00820c 0025d593 srli             x11, x11, 0x2       x11=00000003 x11:0000000c
20925607ns          354422 1c00820e 0006a883 lw               x17, 0(x13)         x17=00800000 x13:1c00001c  PA:1c00001c
20925925ns          354438 1c008212 01000333 add              x6, x0, x16          x6=10000e2c x16:10000e2c
20925945ns          354439 1c008214 00000793 addi             x15, x0, 0          x15=00000000
20925965ns          354440 1c008218 00158593 addi             x11, x11, 1         x11=00000004 x11:00000003
20925985ns          354441 1c00821a 0043268b p.lw             x13, 4(x6!)         x13=c090ecb6  x6=10000e30  x6:10000e2c  PA:10000e2c
20926024ns          354443 1c00821e a0c69ed3 flt.s            x29, f13, f12       x29=00000001 f13:c090ecb6 f12:00000000
20926044ns          354444 1c008222 000e8463 beq              x29, x0, 8          x29:00000001
20926064ns          354445 1c008226 20d696d3 fsgnjn.s         f13, f13, f13       f13=xxxxxxxx f13:c090ecb6 f13:c090ecb6
20926084ns          354446 1c00822a a0d89ed3 flt.s            x29, f17, f13       x29=00000001 f17:00800000 f13:4090ecb6
20926502ns          354467 1c00822e 480e8e63 beq              x29, x0, 1180       x29:00000001
20926541ns          354469 1c008232 18d8fed3 fdiv.s           f29, f17, f13       f29=xxxxxxxx f17:00800000 f13:4090ecb6
20926820ns          354483 1c008236 11d7f7d3 fmul.s           f15, f15, f29       f15=xxxxxxxx f15:00000000 f29:001c4352
20926840ns          354484 1c00823a 00d008b3 add              x17, x0, x13        x17=4090ecb6 x13:4090ecb6
20926860ns          354485 1c00823c 40fef7c3 fmadd.s          f15, f29, f15, f8   f15=xxxxxxxx f29:001c4352 f15:00000000  f8:3f800000
20927019ns          354493 1c008240 fff58593 addi             x11, x11, -1        x11=00000003 x11:00000004
20927039ns          354494 1c008242 fc059ce3 bne              x11, x0, -40        x11:00000003
20927118ns          354498 1c00821a 0043268b p.lw             x13, 4(x6!)         x13=c15fa24a  x6=10000e34  x6:10000e30  PA:10000e30
20927158ns          354500 1c00821e a0c69ed3 flt.s            x29, f13, f12       x29=00000001 f13:c15fa24a f12:00000000
20927178ns          354501 1c008222 000e8463 beq              x29, x0, 8          x29:00000001
20927198ns          354502 1c008226 20d696d3 fsgnjn.s         f13, f13, f13       f13=xxxxxxxx f13:c15fa24a f13:c15fa24a
20927218ns          354503 1c00822a a0d89ed3 flt.s            x29, f17, f13       x29=00000001 f17:4090ecb6 f13:415fa24a
20927238ns          354504 1c00822e 480e8e63 beq              x29, x0, 1180       x29:00000001
20927258ns          354505 1c008232 18d8fed3 fdiv.s           f29, f17, f13       f29=xxxxxxxx f17:4090ecb6 f13:415fa24a
20927934ns          354539 1c008236 11d7f7d3 fmul.s           f15, f15, f29       f15=xxxxxxxx f15:3f800000 f29:3ea5e638
20927954ns          354540 1c00823a 00d008b3 add              x17, x0, x13        x17=415fa24a x13:415fa24a
20927974ns          354541 1c00823c 40fef7c3 fmadd.s          f15, f29, f15, f8   f15=xxxxxxxx f29:3ea5e638 f15:3ea5e638  f8:3f800000
20927993ns          354542 1c008240 fff58593 addi             x11, x11, -1        x11=00000002 x11:00000003
20928013ns          354543 1c008242 fc059ce3 bne              x11, x0, -40        x11:00000002
20928153ns          354550 1c00821a 0043268b p.lw             x13, 4(x6!)         x13=c0293cca  x6=10000e38  x6:10000e34  PA:10000e34
20928192ns          354552 1c00821e a0c69ed3 flt.s            x29, f13, f12       x29=00000001 f13:c0293cca f12:00000000
20928212ns          354553 1c008222 000e8463 beq              x29, x0, 8          x29:00000001
20928232ns          354554 1c008226 20d696d3 fsgnjn.s         f13, f13, f13       f13=xxxxxxxx f13:c0293cca f13:c0293cca
20928252ns          354555 1c00822a a0d89ed3 flt.s            x29, f17, f13       x29=00000000 f17:415fa24a f13:40293cca
20928272ns          354556 1c00822e 480e8e63 beq              x29, x0, 1180       x29:00000000
20928352ns          354560 1c0086ca 1916f6d3 fdiv.s           f13, f13, f17       f13=xxxxxxxx f13:40293cca f17:415fa24a
20929346ns          354610 1c0086ce 78d6f7c3 fmadd.s          f15, f13, f13, f15  f15=xxxxxxxx f13:3e41bb18 f13:3e41bb18 f15:3f8d7052
20929366ns          354611 1c0086d2 fff58593 addi             x11, x11, -1        x11=00000001 x11:00000002
20929386ns          354612 1c0086d4 b40593e3 bne              x11, x0, -1210      x11:00000001
20929525ns          354619 1c00821a 0043268b p.lw             x13, 4(x6!)         x13=c1579f8b  x6=10000e3c  x6:10000e38  PA:10000e38
20929565ns          354621 1c00821e a0c69ed3 flt.s            x29, f13, f12       x29=00000001 f13:c1579f8b f12:00000000
20929585ns          354622 1c008222 000e8463 beq              x29, x0, 8          x29:00000001
20929605ns          354623 1c008226 20d696d3 fsgnjn.s         f13, f13, f13       f13=xxxxxxxx f13:c1579f8b f13:c1579f8b
20929625ns          354624 1c00822a a0d89ed3 flt.s            x29, f17, f13       x29=00000000 f17:415fa24a f13:41579f8b
20929644ns          354625 1c00822e 480e8e63 beq              x29, x0, 1180       x29:00000000
20929724ns          354629 1c0086ca 1916f6d3 fdiv.s           f13, f13, f17       f13=xxxxxxxx f13:41579f8b f17:415fa24a
20930440ns          354665 1c0086ce 78d6f7c3 fmadd.s          f15, f13, f13, f15  f15=xxxxxxxx f13:3f76d474 f13:3f76d474 f15:3f92052f
20930460ns          354666 1c0086d2 fff58593 addi             x11, x11, -1        x11=00000000 x11:00000001
20930480ns          354667 1c0086d4 b40593e3 bne              x11, x0, -1210      x11:00000000
20930500ns          354668 1c0086d8 b6dff06f jal              x0, -1172          
20930540ns          354670 1c008244 5807f7d3 fsqrt.s          f15, f15            f15=xxxxxxxx f15:400481d7
20931554ns          354721 1c008248 10f8f8d3 fmul.s           f17, f17, f15       f17=xxxxxxxx f17:415fa24a f15:3fb82dc8
20931574ns          354722 1c00824c a11617d3 flt.s            x15, f12, f17       x15=00000001 f12:00000000 f17:41a0e4a3
20931594ns          354723 1c008250 500786e3 beq              x15, x0, 3340       x15:00000001
20931614ns          354724 1c008254 00082783 lw               x15, 0(x16)         x15=c090ecb6 x16:10000e2c  PA:10000e2c
20931633ns          354725 1c008258 211895d3 fsgnjn.s         f11, f17, f17       f11=xxxxxxxx f17:41a0e4a3 f17:41a0e4a3
20931653ns          354726 1c00825c a0c796d3 flt.s            x13, f15, f12       x13=00000001 f15:c090ecb6 f12:00000000
20931693ns          354728 1c008260 00068363 beq              x13, x0, 6          x13:00000001
20931733ns          354730 1c008262 41b0106f jal              x0, 7194           
20931952ns          354741 1c009e7c 011006b3 add              x13, x0, x17        x13=41a0e4a3 x17:41a0e4a3
20932409ns          354764 1c009e7e 00bba023 sw               x11, 0(x23)         x11:c1a0e4a3 x23:10000dc8  PA:10000dc8
20932429ns          354765 1c009e82 00b008b3 add              x17, x0, x11        x17=c1a0e4a3 x11:c1a0e4a3
20932449ns          354766 1c009e84 00d005b3 add              x11, x0, x13        x11=41a0e4a3 x13:41a0e4a3
20932469ns          354767 1c009e86 be4fe06f jal              x0, -7196          
20932529ns          354770 1c00826a a0c89353 flt.s            x6, f17, f12         x6=00000001 f17:c1a0e4a3 f12:00000000
20932548ns          354771 1c00826e 00b006b3 add              x13, x0, x11        x13=41a0e4a3 x11:41a0e4a3
20932588ns          354773 1c008270 00031363 bne              x6, x0, 6            x6:00000001
20932668ns          354777 1c008276 1c000fb7 lui              x31, 0x1c000000     x31=1c000000
20932688ns          354778 1c00827a 028f8f93 addi             x31, x31, 40        x31=1c000028 x31:1c000000
20932747ns          354781 1c00827e 000faf83 lw               x31, 0(x31)         x31=0c000000 x31:1c000028  PA:1c000028
20933086ns          354798 1c008282 005b0313 addi             x6, x22, 5           x6=0000000a x22:00000005
20933105ns          354799 1c008286 a0df86d3 fle.s            x13, f31, f13       x13=00000001 f31:0c000000 f13:41a0e4a3
20933125ns          354800 1c00828a 4c068ee3 beq              x13, x0, 3292       x13:00000001
20933563ns          354822 1c00828e 1c0006b7 lui              x13, 0x1c000000     x13=1c000000
20933603ns          354824 1c008292 02068693 addi             x13, x13, 32        x13=1c000020 x13:1c000000
20933623ns          354825 1c008296 0006a683 lw               x13, 0(x13)         x13=3f800000 x13:1c000020  PA:1c000020
20933961ns          354842 1c008298 1916f8d3 fdiv.s           f17, f13, f17       f17=xxxxxxxx f13:3f800000 f17:c1a0e4a3
20934219ns          354855 1c00829c 026dd263 bge              x27, x6, 36         x27:00000006  x6:0000000a
20934239ns          354856 1c0082a0 410c06b3 sub              x13, x24, x16       x13=0000000c x24:10000e3c x16:10000e2c
20934259ns          354857 1c0082a4 ffc68693 addi             x13, x13, -4        x13=00000003 x13:00000010
20934279ns          354858 1c0082a6 0026d693 srli             x13, x13, 0x2       x13=xxxxxxxx x13:0000000c
20934299ns          354859 1c0082a8 01000eb3 add              x29, x0, x16        x29=xxxxxxxx x16:10000e2c
20934319ns          354860 1c0082aa 00168693 addi             x13, x13, 1         x13=xxxxxxxx x13:00000003
20934339ns          354861 1c0082ac 0066c0fb lp.setup         0x1, x13, 0x6       x13:00000004
20934478ns          354868 1c0082b0 000ea783 lw               x15, 0(x29)         x15=xxxxxxxx x29:10000e2c  PA:10000e2c
20934518ns          354870 1c0082b4 1117f7d3 fmul.s           f15, f15, f17       f15=xxxxxxxx f15:c090ecb6 f17:bd4ba9c5
20934538ns          354871 1c0082b8 00fea22b p.sw             x15, 4(x29!)        x29=10000e30 x15:3e6697a0 x29:10000e2c  PA:10000e2c
20934557ns          354872 1c0082b0 000ea783 lw               x15, 0(x29)         x15=xxxxxxxx x29:10000e30  PA:10000e30
20934597ns          354874 1c0082b4 1117f7d3 fmul.s           f15, f15, f17       f15=xxxxxxxx f15:c15fa24a f17:bd4ba9c5
20934617ns          354875 1c0082b8 00fea22b p.sw             x15, 4(x29!)        x29=10000e34 x15:3f31e9ff x29:10000e30  PA:10000e30
20934637ns          354876 1c0082b0 000ea783 lw               x15, 0(x29)         x15=c1579f8b x29:10000e34  PA:10000e34
20934677ns          354878 1c0082b4 1117f7d3 fmul.s           f15, f15, f17       f15=xxxxxxxx f15:c0293cca f17:bd4ba9c5
20934697ns          354879 1c0082b8 00fea22b p.sw             x15, 4(x29!)        x29=10000e38 x15:3e06a370 x29:10000e34  PA:10000e34
20934717ns          354880 1c0082b0 000ea783 lw               x15, 0(x29)         x15=xxxxxxxx x29:10000e38  PA:10000e38
20934756ns          354882 1c0082b4 1117f7d3 fmul.s           f15, f15, f17       f15=xxxxxxxx f15:c1579f8b f17:bd4ba9c5
20934776ns          354883 1c0082b8 00fea22b p.sw             x15, 4(x29!)        x29=10000e3c x15:3f2b8a81 x29:10000e38  PA:10000e38
20934796ns          354884 1c0082bc 00082783 lw               x15, 0(x16)         x15=xxxxxxxx x16:10000e2c  PA:10000e2c
20934816ns          354885 1c0082c0 1c0008b7 lui              x17, 0x1c000000     x17=1c000000
20934856ns          354887 1c0082c4 02088893 addi             x17, x17, 32        x17=1c000020 x17:1c000000
20934876ns          354888 1c0082c8 0008a883 lw               x17, 0(x17)         x17=3f800000 x17:1c000020  PA:1c000020
20935194ns          354904 1c0082cc 00bba023 sw               x11, 0(x23)         x11:41a0e4a3 x23:10000dc8  PA:10000dc8
20935214ns          354905 1c0082d0 0117f7d3 fadd.s           f15, f15, f17       f15=xxxxxxxx f15:3e6697a0 f17:3f800000
20935234ns          354906 1c0082d4 00100f93 addi             x31, x0, 1          x31=00000001
20935254ns          354907 1c0082d6 00f82023 sw               x15, 0(x16)         x15:3f9cd2f4 x16:10000e2c  PA:10000e2c
20935274ns          354908 1c0082da 00812e83 lw               x29, 8(x2)          x29=10000dec  x2:10000d98  PA:10000da0
20935293ns          354909 1c0082dc 004e0293 addi             x5, x28, 4           x5=10000de0 x28:10000ddc
20935333ns          354911 1c0082e0 405e86b3 sub              x13, x29, x5        x13=0000000c x29:10000dec  x5:10000de0
20935373ns          354913 1c0082e4 ffc68693 addi             x13, x13, -4        x13=00000008 x13:0000000c
20935393ns          354914 1c0082e6 0026d693 srli             x13, x13, 0x2       x13=00000002 x13:00000008
20935413ns          354915 1c0082e8 00150513 addi             x10, x10, 1         x10=00000002 x10:00000001
20935433ns          354916 1c0082ea 005005b3 add              x11, x0, x5         x11=10000de0  x5:10000de0
20935453ns          354917 1c0082ec 00168693 addi             x13, x13, 1         x13=00000003 x13:00000002
20935472ns          354918 1c0082ee 00a00933 add              x18, x0, x10        x18=00000002 x10:00000002
20935492ns          354919 1c0082f0 01c12223 sw               x28, 4(x2)          x28:10000ddc  x2:10000d98  PA:10000d9c
20935512ns          354920 1c0082f2 0306c0fb lp.setup         0x1, x13, 0x30      x13:00000003
20935532ns          354921 1c0082f6 040f8c63 beq              x31, x0, 88         x31:00000001
20935552ns          354922 1c0082fa 00082503 lw               x10, 0(x16)         x10=3f9cd2f4 x16:10000e2c  PA:10000e2c
20935612ns          354925 1c0082fe 00072883 lw               x17, 0(x14)         x17=c015ec45 x14:10000e40  PA:10000e40
20935651ns          354927 1c008302 00472303 lw               x6, 4(x14)           x6=40d81702 x14:10000e40  PA:10000e44
20935671ns          354928 1c008306 611577c3 fmadd.s          f15, f10, f17, f12  f15=xxxxxxxx f10:3f9cd2f4 f17:c015ec45 f12:00000000
20935691ns          354929 1c00830a 00482e83 lw               x29, 4(x16)         x29=3f31e9ff x16:10000e2c  PA:10000e30
20935751ns          354932 1c00830e 786ef7c3 fmadd.s          f15, f29, f6, f15   f15=xxxxxxxx f29:3f31e9ff  f6:40d81702 f15:c037af0a
20935791ns          354934 1c008312 022f2863 p.beqimm         x30, 48             x30:00000004
20935811ns          354935 1c008316 00882e03 lw               x28, 8(x16)         x28=3e06a370 x16:10000e2c  PA:10000e34
20935830ns          354936 1c00831a 00872e83 lw               x29, 8(x14)         x29=40450f55 x14:10000e40  PA:10000e48
20935890ns          354939 1c00831e 79de77c3 fmadd.s          f15, f28, f29, f15  f15=xxxxxxxx f28:3e06a370 f29:40450f55 f15:3fe9579e
20935930ns          354941 1c008322 023f2063 p.beqimm         x30, 32             x30:00000004
20935950ns          354942 1c008326 00c82e03 lw               x28, 12(x16)        x28=3f2b8a81 x16:10000e2c  PA:10000e38
20935970ns          354943 1c00832a 00c72e83 lw               x29, 12(x14)        x29=3fa76655 x14:10000e40  PA:10000e4c
20936029ns          354946 1c00832e 79de77c3 fmadd.s          f15, f28, f29, f15  f15=xxxxxxxx f28:3f2b8a81 f29:3fa76655 f15:400e94c4
20936069ns          354948 1c008332 005f3863 p.bneimm         x30, 16             x30:00000004
20936606ns          354975 1c008342 18a7f7d3 fdiv.s           f15, f15, f10       f15=xxxxxxxx f15:4046aaba f10:3f9cd2f4
20937123ns          355001 1c008346 a0c7aed3 feq.s            x29, f15, f12       x29=00000000 f15:402226f7 f12:00000000
20937143ns          355002 1c00834a 300e80e3 beq              x29, x0, 2816       x29:00000000
20937282ns          355009 1c008e4a 20f797d3 fsgnjn.s         f15, f15, f15       f15=xxxxxxxx f15:402226f7 f15:402226f7
20937342ns          355012 1c008e4e 88a7f543 fmadd.s          f10, f15, f10, f17  f10=xxxxxxxx f15:c02226f7 f10:3f9cd2f4 f17:c015ec45
20937362ns          355013 1c008e52 00a72023 sw               x10, 0(x14)         x10:c0ae4b80 x14:10000e40  PA:10000e40
20937382ns          355014 1c008e54 00482503 lw               x10, 4(x16)         x10=3f31e9ff x16:10000e2c  PA:10000e30
20937422ns          355016 1c008e58 30a7f343 fmadd.s          f6, f15, f10, f6     f6=xxxxxxxx f15:c02226f7 f10:3f31e9ff  f6:40d81702
20937442ns          355017 1c008e5c 00672223 sw               x6, 4(x14)           x6:409fbe6e x14:10000e40  PA:10000e44
20937621ns          355026 1c008e60 ce2f2763 p.beqimm         x30, -2834          x30:00000004
20937660ns          355028 1c008e64 00882503 lw               x10, 8(x16)         x10=3e06a370 x16:10000e2c  PA:10000e34
20937680ns          355029 1c008e68 00872883 lw               x17, 8(x14)         x17=40450f55 x14:10000e40  PA:10000e48
20937720ns          355031 1c008e6c 88a7f543 fmadd.s          f10, f15, f10, f17  f10=xxxxxxxx f15:c02226f7 f10:3e06a370 f17:40450f55
20937760ns          355033 1c008e70 00a72423 sw               x10, 8(x14)         x10:402fbd5a x14:10000e40  PA:10000e48
20937800ns          355035 1c008e72 cc3f2e63 p.beqimm         x30, -2852          x30:00000004
20937820ns          355036 1c008e76 00c82503 lw               x10, 12(x16)        x10=3f2b8a81 x16:10000e2c  PA:10000e38
20937839ns          355037 1c008e7a 00c72883 lw               x17, 12(x14)        x17=3fa76655 x14:10000e40  PA:10000e4c
20937899ns          355040 1c008e7e 88a7f543 fmadd.s          f10, f15, f10, f17  f10=xxxxxxxx f15:c02226f7 f10:3f2b8a81 f17:3fa76655
20937919ns          355041 1c008e82 00a72623 sw               x10, 12(x14)        x10:bec7a4ba x14:10000e40  PA:10000e4c
20937939ns          355042 1c008e84 cc5f3563 p.bneimm         x30, -2870          x30:00000004
20938118ns          355051 1c00834e 0147278b p.lw             x15, 20(x14!)       x15=c0ae4b80 x14=10000e54 x14:10000e40  PA:10000e40
20938158ns          355053 1c008352 00f5a22b p.sw             x15, 4(x11!)        x11=10000de4 x15:c0ae4b80 x11:10000de0  PA:10000de0
20938257ns          355058 1c0082f6 040f8c63 beq              x31, x0, 88         x31:00000001
20938277ns          355059 1c0082fa 00082503 lw               x10, 0(x16)         x10=3f9cd2f4 x16:10000e2c  PA:10000e2c
20938337ns          355062 1c0082fe 00072883 lw               x17, 0(x14)         x17=c0d235f4 x14:10000e54  PA:10000e54
20938376ns          355064 1c008302 00472303 lw               x6, 4(x14)           x6=c0cd11b9 x14:10000e54  PA:10000e58
20938396ns          355065 1c008306 611577c3 fmadd.s          f15, f10, f17, f12  f15=xxxxxxxx f10:3f9cd2f4 f17:c0d235f4 f12:00000000
20938416ns          355066 1c00830a 00482e83 lw               x29, 4(x16)         x29=3f31e9ff x16:10000e2c  PA:10000e30
20938456ns          355068 1c00830e 786ef7c3 fmadd.s          f15, f29, f6, f15   f15=xxxxxxxx f29:3f31e9ff  f6:c0cd11b9 f15:c100c619
20938476ns          355069 1c008312 022f2863 p.beqimm         x30, 48             x30:00000004
20938496ns          355070 1c008316 00882e03 lw               x28, 8(x16)         x28=3e06a370 x16:10000e2c  PA:10000e34
20938516ns          355071 1c00831a 00872e83 lw               x29, 8(x14)         x29=410e758f x14:10000e54  PA:10000e5c
20938555ns          355073 1c00831e 79de77c3 fmadd.s          f15, f28, f29, f15  f15=xxxxxxxx f28:3e06a370 f29:410e758f f15:c1480872
20938575ns          355074 1c008322 023f2063 p.beqimm         x30, 32             x30:00000004
20938595ns          355075 1c008326 00c82e03 lw               x28, 12(x16)        x28=3f2b8a81 x16:10000e2c  PA:10000e38
20938615ns          355076 1c00832a 00c72e83 lw               x29, 12(x14)        x29=bff00146 x14:10000e54  PA:10000e60
20938655ns          355078 1c00832e 79de77c3 fmadd.s          f15, f28, f29, f15  f15=xxxxxxxx f28:3f2b8a81 f29:bff00146 f15:c1354d53
20938675ns          355079 1c008332 005f3863 p.bneimm         x30, 16             x30:00000004
20938754ns          355083 1c008342 18a7f7d3 fdiv.s           f15, f15, f10       f15=xxxxxxxx f15:c14967a9 f10:3f9cd2f4
20939212ns          355106 1c008346 a0c7aed3 feq.s            x29, f15, f12       x29=00000000 f15:c1246311 f12:00000000
20939232ns          355107 1c00834a 300e80e3 beq              x29, x0, 2816       x29:00000000
20939311ns          355111 1c008e4a 20f797d3 fsgnjn.s         f15, f15, f15       f15=xxxxxxxx f15:c1246311 f15:c1246311
20939331ns          355112 1c008e4e 88a7f543 fmadd.s          f10, f15, f10, f17  f10=xxxxxxxx f15:41246311 f10:3f9cd2f4 f17:c0d235f4
20939351ns          355113 1c008e52 00a72023 sw               x10, 0(x14)         x10:40c0995d x14:10000e54  PA:10000e54
20939371ns          355114 1c008e54 00482503 lw               x10, 4(x16)         x10=3f31e9ff x16:10000e2c  PA:10000e30
20939411ns          355116 1c008e58 30a7f343 fmadd.s          f6, f15, f10, f6     f6=xxxxxxxx f15:41246311 f10:3f31e9ff  f6:c0cd11b9
20939431ns          355117 1c008e5c 00672223 sw               x6, 4(x14)           x6:3f3b5e43 x14:10000e54  PA:10000e58
20939451ns          355118 1c008e60 ce2f2763 p.beqimm         x30, -2834          x30:00000004
20939470ns          355119 1c008e64 00882503 lw               x10, 8(x16)         x10=3e06a370 x16:10000e2c  PA:10000e34
20939490ns          355120 1c008e68 00872883 lw               x17, 8(x14)         x17=410e758f x14:10000e54  PA:10000e5c
20939530ns          355122 1c008e6c 88a7f543 fmadd.s          f10, f15, f10, f17  f10=xxxxxxxx f15:41246311 f10:3e06a370 f17:410e758f
20939550ns          355123 1c008e70 00a72423 sw               x10, 8(x14)         x10:412412c2 x14:10000e54  PA:10000e5c
20939570ns          355124 1c008e72 cc3f2e63 p.beqimm         x30, -2852          x30:00000004
20939590ns          355125 1c008e76 00c82503 lw               x10, 12(x16)        x10=3f2b8a81 x16:10000e2c  PA:10000e38
20939610ns          355126 1c008e7a 00c72883 lw               x17, 12(x14)        x17=bff00146 x14:10000e54  PA:10000e60
20939649ns          355128 1c008e7e 88a7f543 fmadd.s          f10, f15, f10, f17  f10=xxxxxxxx f15:41246311 f10:3f2b8a81 f17:bff00146
20939669ns          355129 1c008e82 00a72623 sw               x10, 12(x14)        x10:40a04de8 x14:10000e54  PA:10000e60
20939689ns          355130 1c008e84 cc5f3563 p.bneimm         x30, -2870          x30:00000004
20939769ns          355134 1c00834e 0147278b p.lw             x15, 20(x14!)       x15=40c0995d x14=10000e68 x14:10000e54  PA:10000e54
20939809ns          355136 1c008352 00f5a22b p.sw             x15, 4(x11!)        x11=10000de8 x15:40c0995d x11:10000de4  PA:10000de4
20939828ns          355137 1c0082f6 040f8c63 beq              x31, x0, 88         x31:00000001
20939848ns          355138 1c0082fa 00082503 lw               x10, 0(x16)         x10=3f9cd2f4 x16:10000e2c  PA:10000e2c
20939868ns          355139 1c0082fe 00072883 lw               x17, 0(x14)         x17=c08bb9f1 x14:10000e68  PA:10000e68
20939888ns          355140 1c008302 00472303 lw               x6, 4(x14)           x6=40101a08 x14:10000e68  PA:10000e6c
20939908ns          355141 1c008306 611577c3 fmadd.s          f15, f10, f17, f12  f15=xxxxxxxx f10:3f9cd2f4 f17:c08bb9f1 f12:00000000
20939928ns          355142 1c00830a 00482e83 lw               x29, 4(x16)         x29=3f31e9ff x16:10000e2c  PA:10000e30
20939968ns          355144 1c00830e 786ef7c3 fmadd.s          f15, f29, f6, f15   f15=xxxxxxxx f29:3f31e9ff  f6:40101a08 f15:c0ab30e5
20939988ns          355145 1c008312 022f2863 p.beqimm         x30, 48             x30:00000004
20940008ns          355146 1c008316 00882e03 lw               x28, 8(x16)         x28=3e06a370 x16:10000e2c  PA:10000e34
20940027ns          355147 1c00831a 00872e83 lw               x29, 8(x14)         x29=c0931a0d x14:10000e68  PA:10000e70
20940067ns          355149 1c00831e 79de77c3 fmadd.s          f15, f28, f29, f15  f15=xxxxxxxx f28:3e06a370 f29:c0931a0d f15:c0723c13
20940087ns          355150 1c008322 023f2063 p.beqimm         x30, 32             x30:00000004
20940107ns          355151 1c008326 00c82e03 lw               x28, 12(x16)        x28=3f2b8a81 x16:10000e2c  PA:10000e38
20940127ns          355152 1c00832a 00c72e83 lw               x29, 12(x14)        x29=407e5005 x14:10000e68  PA:10000e74
20940167ns          355154 1c00832e 79de77c3 fmadd.s          f15, f28, f29, f15  f15=xxxxxxxx f28:3f2b8a81 f29:407e5005 f15:c08c756d
20940187ns          355155 1c008332 005f3863 p.bneimm         x30, 16             x30:00000004
20940266ns          355159 1c008342 18a7f7d3 fdiv.s           f15, f15, f10       f15=xxxxxxxx f15:bfdd039f f10:3f9cd2f4
20940624ns          355177 1c008346 a0c7aed3 feq.s            x29, f15, f12       x29=00000000 f15:bfb4645e f12:00000000
20940644ns          355178 1c00834a 300e80e3 beq              x29, x0, 2816       x29:00000000
20940724ns          355182 1c008e4a 20f797d3 fsgnjn.s         f15, f15, f15       f15=xxxxxxxx f15:bfb4645e f15:bfb4645e
20940743ns          355183 1c008e4e 88a7f543 fmadd.s          f10, f15, f10, f17  f10=xxxxxxxx f15:3fb4645e f10:3f9cd2f4 f17:c08bb9f1
20940763ns          355184 1c008e52 00a72023 sw               x10, 0(x14)         x10:c028f212 x14:10000e68  PA:10000e68
20940783ns          355185 1c008e54 00482503 lw               x10, 4(x16)         x10=3f31e9ff x16:10000e2c  PA:10000e30
20940823ns          355187 1c008e58 30a7f343 fmadd.s          f6, f15, f10, f6     f6=xxxxxxxx f15:3fb4645e f10:3f31e9ff  f6:40101a08
20940843ns          355188 1c008e5c 00672223 sw               x6, 4(x14)           x6:404ec92c x14:10000e68  PA:10000e6c
20940863ns          355189 1c008e60 ce2f2763 p.beqimm         x30, -2834          x30:00000004
20940883ns          355190 1c008e64 00882503 lw               x10, 8(x16)         x10=3e06a370 x16:10000e2c  PA:10000e34
20940903ns          355191 1c008e68 00872883 lw               x17, 8(x14)         x17=c0931a0d x14:10000e68  PA:10000e70
20940942ns          355193 1c008e6c 88a7f543 fmadd.s          f10, f15, f10, f17  f10=xxxxxxxx f15:3fb4645e f10:3e06a370 f17:c0931a0d
20940962ns          355194 1c008e70 00a72423 sw               x10, 8(x14)         x10:c08d2c12 x14:10000e68  PA:10000e70
20940982ns          355195 1c008e72 cc3f2e63 p.beqimm         x30, -2852          x30:00000004
20941002ns          355196 1c008e76 00c82503 lw               x10, 12(x16)        x10=3f2b8a81 x16:10000e2c  PA:10000e38
20941022ns          355197 1c008e7a 00c72883 lw               x17, 12(x14)        x17=407e5005 x14:10000e68  PA:10000e74
20941062ns          355199 1c008e7e 88a7f543 fmadd.s          f10, f15, f10, f17  f10=xxxxxxxx f15:3fb4645e f10:3f2b8a81 f17:407e5005
20941082ns          355200 1c008e82 00a72623 sw               x10, 12(x14)        x10:409d602b x14:10000e68  PA:10000e74
20941101ns          355201 1c008e84 cc5f3563 p.bneimm         x30, -2870          x30:00000004
20941181ns          355205 1c00834e 0147278b p.lw             x15, 20(x14!)       x15=c028f212 x14=10000e7c x14:10000e68  PA:10000e68
20941221ns          355207 1c008352 00f5a22b p.sw             x15, 4(x11!)        x11=10000dec x15:c028f212 x11:10000de8  PA:10000de8
20941241ns          355208 1c008356 00082703 lw               x14, 0(x16)         x14=3f9cd2f4 x16:10000e2c  PA:10000e2c
20941261ns          355209 1c00835a 00482783 lw               x15, 4(x16)         x15=3f31e9ff x16:10000e2c  PA:10000e30
20941300ns          355211 1c00835e 00e3a023 sw               x14, 0(x7)          x14:3f9cd2f4  x7:10000f38  PA:10000f38
20941340ns          355213 1c008362 00f3a223 sw               x15, 4(x7)          x15:3f31e9ff  x7:10000f38  PA:10000f3c
20941360ns          355214 1c008366 01200533 add              x10, x0, x18        x10=00000002 x18:00000002
20941380ns          355215 1c008368 00412e03 lw               x28, 4(x2)          x28=10000ddc  x2:10000d98  PA:10000d9c
20941400ns          355216 1c00836a 3659a863 p.beqimm         x19, 880            x19:00000003
20941440ns          355218 1c00836e 00882783 lw               x15, 8(x16)         x15=3e06a370 x16:10000e2c  PA:10000e34
20941479ns          355220 1c008372 00f3a423 sw               x15, 8(x7)          x15:3e06a370  x7:10000f38  PA:10000f40
20941499ns          355221 1c008376 00392c63 p.beqimm         x18, 24             x18:00000002
20941519ns          355222 1c00837a 00c82783 lw               x15, 12(x16)        x15=3f2b8a81 x16:10000e2c  PA:10000e38
20941579ns          355225 1c00837e 00f3a623 sw               x15, 12(x7)         x15:3f2b8a81  x7:10000f38  PA:10000f44
20941619ns          355227 1c008382 34193c63 p.bneimm         x18, 856            x18:00000002
20941758ns          355234 1c0086da ca453ae3 p.bneimm         x10, -844           x10:00000002
20941857ns          355239 1c00838e 00500893 addi             x17, x0, 5          x17=00000005
20941917ns          355242 1c008390 40a888b3 sub              x17, x17, x10       x17=00000003 x17:00000005 x10:00000002
20941957ns          355244 1c008394 011985b3 add              x11, x19, x17       x11=00000006 x19:00000003 x17:00000003
20941977ns          355245 1c008398 00b9c463 blt              x19, x11, 8         x19:00000003 x11:00000006
20942116ns          355252 1c0083a0 004e2703 lw               x14, 4(x28)         x14=c0ae4b80 x28:10000ddc  PA:10000de0
20942156ns          355254 1c0083a4 a0c717d3 flt.s            x15, f14, f12       x15=00000001 f14:c0ae4b80 f12:00000000
20942176ns          355255 1c0083a8 00078363 beq              x15, x0, 6          x15:00000001
20942195ns          355256 1c0083aa 20e71753 fsgnjn.s         f14, f14, f14       f14=xxxxxxxx f14:c0ae4b80 f14:c0ae4b80
20942235ns          355258 1c0083ae 1c000fb7 lui              x31, 0x1c000000     x31=1c000000
20942275ns          355260 1c0083b2 01cf8f93 addi             x31, x31, 28        x31=1c00001c x31:1c000000
20942295ns          355261 1c0083b6 000faf83 lw               x31, 0(x31)         x31=00800000 x31:1c00001c  PA:1c00001c
20942613ns          355277 1c0083ba a0ef97d3 flt.s            x15, f31, f14       x15=00000001 f31:00800000 f14:40ae4b80
20942633ns          355278 1c0083be 00078363 beq              x15, x0, 6          x15:00000001
20942653ns          355279 1c0083c0 4410106f jal              x0, 7232           
20942733ns          355283 1c00a000 1c000eb7 lui              x29, 0x1c000000     x29=1c000000
20942772ns          355285 1c00a004 01ce8e93 addi             x29, x29, 28        x29=1c00001c x29:1c000000
20942792ns          355286 1c00a008 1c000fb7 lui              x31, 0x1c000000     x31=1c000000
20942812ns          355287 1c00a00c 000eae83 lw               x29, 0(x29)         x29=00800000 x29:1c00001c  PA:1c00001c
20943190ns          355306 1c00a010 020f8f93 addi             x31, x31, 32        x31=1c000020 x31:1c000000
20943210ns          355307 1c00a014 18eef7d3 fdiv.s           f15, f29, f14       f15=xxxxxxxx f29:00800000 f14:40ae4b80
20943488ns          355321 1c00a018 10c7f6d3 fmul.s           f13, f15, f12       f13=xxxxxxxx f15:0017801a f12:00000000
20943508ns          355322 1c00a01c 000faf83 lw               x31, 0(x31)         x31=3f800000 x31:1c000020  PA:1c000020
20943827ns          355338 1c00a020 f8d7f7c3 fmadd.s          f15, f15, f13, f31  f15=xxxxxxxx f15:0017801a f13:00000000 f31:3f800000
20943846ns          355339 1c00a024 baafe06f jal              x0, -7254          
20943946ns          355344 1c0083ce 00250693 addi             x13, x10, 2         x13=00000004 x10:00000002
20943986ns          355346 1c0083d2 0eb6db63 bge              x13, x11, 246       x13:00000004 x11:00000006
20944006ns          355347 1c0083d6 008e2683 lw               x13, 8(x28)         x13=40c0995d x28:10000ddc  PA:10000de4
20944045ns          355349 1c0083da a0c69353 flt.s            x6, f13, f12         x6=00000000 f13:40c0995d f12:00000000
20944085ns          355351 1c0083de 00030463 beq              x6, x0, 8            x6:00000000
20944165ns          355355 1c0083e6 a0d71353 flt.s            x6, f14, f13         x6=00000001 f14:40ae4b80 f13:40c0995d
20944185ns          355356 1c0083ea 00030463 beq              x6, x0, 8            x6:00000001
20944244ns          355359 1c0083ee 4490106f jal              x0, 7240           
20944304ns          355362 1c00a036 1c000337 lui              x6, 0x1c000000       x6=1c000000
20944324ns          355363 1c00a03a 18d77753 fdiv.s           f14, f14, f13       f14=xxxxxxxx f14:40ae4b80 f13:40c0995d
20944622ns          355378 1c00a03e 02030313 addi             x6, x6, 32           x6=1c000020  x6:1c000000
20944642ns          355379 1c00a042 10e7f7d3 fmul.s           f15, f15, f14       f15=xxxxxxxx f15:3f800000 f14:3f67ab9e
20944662ns          355380 1c00a046 00032303 lw               x6, 0(x6)            x6=3f800000  x6:1c000020  PA:1c000020
20944980ns          355396 1c00a04a 30f777c3 fmadd.s          f15, f14, f15, f6   f15=xxxxxxxx f14:3f67ab9e f15:3f67ab9e  f6:3f800000
20945000ns          355397 1c00a04e 00350713 addi             x14, x10, 3         x14=00000005 x10:00000002
20945020ns          355398 1c00a052 00b75463 bge              x14, x11, 8         x14:00000005 x11:00000006
20945040ns          355399 1c00a056 bb2fe06f jal              x0, -7246          
20945119ns          355403 1c008408 00ce2703 lw               x14, 12(x28)        x14=c028f212 x28:10000ddc  PA:10000de8
20945159ns          355405 1c00840c a0c71353 flt.s            x6, f14, f12         x6=00000001 f14:c028f212 f12:00000000
20945219ns          355408 1c008410 00030463 beq              x6, x0, 8            x6:00000001
20945259ns          355410 1c008414 20e71753 fsgnjn.s         f14, f14, f14       f14=xxxxxxxx f14:c028f212 f14:c028f212
20945279ns          355411 1c008418 a0e69353 flt.s            x6, f13, f14         x6=00000000 f13:40c0995d f14:4028f212
20945298ns          355412 1c00841c 00030463 beq              x6, x0, 8            x6:00000000
20945398ns          355417 1c008424 18d77353 fdiv.s           f6, f14, f13         f6=xxxxxxxx f14:4028f212 f13:40c0995d
20945716ns          355433 1c008428 786377c3 fmadd.s          f15, f6, f6, f15    f15=xxxxxxxx  f6:3ee08f64  f6:3ee08f64 f15:3fe8d395
20945736ns          355434 1c00842c 00d00733 add              x14, x0, x13        x14=40c0995d x13:40c0995d
20945756ns          355435 1c00842e 00450693 addi             x13, x10, 4         x13=00000006 x10:00000002
20945776ns          355436 1c008432 08b6db63 bge              x13, x11, 150       x13:00000006 x11:00000006
20945875ns          355441 1c0084c8 5807f7d3 fsqrt.s          f15, f15            f15=xxxxxxxx f15:4000b97e
20946850ns          355490 1c0084cc 10f77753 fmul.s           f14, f14, f15       f14=xxxxxxxx f14:40c0995d f15:3fb587ed
20946870ns          355491 1c0084d0 a0c727d3 feq.s            x15, f14, f12       x15=00000000 f14:410892b2 f12:00000000
20946890ns          355492 1c0084d4 200799e3 bne              x15, x0, 2578       x15:00000000
20946910ns          355493 1c0084d8 004e2783 lw               x15, 4(x28)         x15=c0ae4b80 x28:10000ddc  PA:10000de0
20946949ns          355495 1c0084dc a0c796d3 flt.s            x13, f15, f12       x13=00000001 f15:c0ae4b80 f12:00000000
20946969ns          355496 1c0084e0 00068363 beq              x13, x0, 6          x13:00000001
20947009ns          355498 1c0084e2 5a50106f jal              x0, 7588           
20947128ns          355504 1c00a286 20e71753 fsgnjn.s         f14, f14, f14       f14=xxxxxxxx f14:410892b2 f14:410892b2
20947148ns          355505 1c00a28a 00ee2023 sw               x14, 0(x28)         x14:c10892b2 x28:10000ddc  PA:10000ddc
20947586ns          355527 1c00a28e a5cfe06f jal              x0, -7588          
20947646ns          355530 1c0084ea a0c716d3 flt.s            x13, f14, f12       x13=00000001 f14:c10892b2 f12:00000000
20947665ns          355531 1c0084ee 00068363 beq              x13, x0, 6          x13:00000001
20947705ns          355533 1c0084f0 58f0106f jal              x0, 7566           
20947825ns          355539 1c00a27e 20e716d3 fsgnjn.s         f13, f14, f14       f13=xxxxxxxx f14:c10892b2 f14:c10892b2
20947844ns          355540 1c00a282 a74fe06f jal              x0, -7564          
20947964ns          355546 1c0084f6 1c000337 lui              x6, 0x1c000000       x6=1c000000
20947984ns          355547 1c0084fa 02830313 addi             x6, x6, 40           x6=1c000028  x6:1c000000
20948043ns          355550 1c0084fe 00032303 lw               x6, 0(x6)            x6=0c000000  x6:1c000028  PA:1c000028
20948401ns          355568 1c008502 a0d306d3 fle.s            x13, f6, f13        x13=00000001  f6:0c000000 f13:410892b2
20948421ns          355569 1c008506 00068363 beq              x13, x0, 6          x13:00000001
20948441ns          355570 1c008508 4730106f jal              x0, 7282           
20948620ns          355579 1c00a17a 008e2683 lw               x13, 8(x28)         x13=40c0995d x28:10000ddc  PA:10000de4
20948680ns          355582 1c00a17e 1c000fb7 lui              x31, 0x1c000000     x31=1c000000
20948720ns          355584 1c00a182 020f8f93 addi             x31, x31, 32        x31=1c000020 x31:1c000000
20948740ns          355585 1c00a186 000faf83 lw               x31, 0(x31)         x31=3f800000 x31:1c000020  PA:1c000020
20949078ns          355602 1c00a18a 18eff753 fdiv.s           f14, f31, f14       f14=xxxxxxxx f31:3f800000 f14:c10892b2
20949873ns          355642 1c00a18e 10e7f7d3 fmul.s           f15, f15, f14       f15=xxxxxxxx f15:c0ae4b80 f14:bdefee24
20949893ns          355643 1c00a192 10e6f6d3 fmul.s           f13, f13, f14       f13=xxxxxxxx f13:40c0995d f14:bdefee24
20949913ns          355644 1c00a196 00fe2223 sw               x15, 4(x28)         x15:3f235a9f x28:10000ddc  PA:10000de0
20949933ns          355645 1c00a19a 00de2423 sw               x13, 8(x28)         x13:bf348257 x28:10000ddc  PA:10000de4
20949993ns          355648 1c00a19e 1c352063 p.beqimm         x10, 448            x10:00000002
20950032ns          355650 1c00a1a2 00ce2783 lw               x15, 12(x28)        x15=c028f212 x28:10000ddc  PA:10000de8
20950072ns          355652 1c00a1a6 10e7f7d3 fmul.s           f15, f15, f14       f15=xxxxxxxx f15:c028f212 f14:bdefee24
20950092ns          355653 1c00a1aa 00fe2623 sw               x15, 12(x28)        x15:3e9e5728 x28:10000ddc  PA:10000de8
20950112ns          355654 1c00a1ae 00152463 p.beqimm         x10, 8              x10:00000002
20950132ns          355655 1c00a1b2 b8efe06f jal              x0, -7282          
20950211ns          355659 1c008540 1c0006b7 lui              x13, 0x1c000000     x13=1c000000
20950251ns          355661 1c008544 02068693 addi             x13, x13, 32        x13=1c000020 x13:1c000000
20950271ns          355662 1c008548 004e2783 lw               x15, 4(x28)         x15=3f235a9f x28:10000ddc  PA:10000de0
20950291ns          355663 1c00854c 0006a683 lw               x13, 0(x13)         x13=3f800000 x13:1c000020  PA:1c000020
20950669ns          355682 1c00854e 000e2703 lw               x14, 0(x28)         x14=c10892b2 x28:10000ddc  PA:10000ddc
20950689ns          355683 1c008552 00d7f7d3 fadd.s           f15, f15, f13       f15=xxxxxxxx f15:3f235a9f f13:3f800000
20950709ns          355684 1c008556 20e71753 fsgnjn.s         f14, f14, f14       f14=xxxxxxxx f14:c10892b2 f14:c10892b2
20950729ns          355685 1c00855a 00ee2023 sw               x14, 0(x28)         x14:410892b2 x28:10000ddc  PA:10000ddc
20950788ns          355688 1c00855e 00fe2223 sw               x15, 4(x28)         x15:3fd1ad50 x28:10000ddc  PA:10000de0
20950828ns          355690 1c008562 0004a023 sw               x0, 0(x9)            x9:10000df4  PA:10000df4
20950848ns          355691 1c008566 0004a223 sw               x0, 4(x9)            x9:10000df4  PA:10000df8
20950868ns          355692 1c00856a 0004a423 sw               x0, 8(x9)            x9:10000df4  PA:10000dfc
20950928ns          355695 1c00856e 00153363 p.bneimm         x10, 6              x10:00000002
20950987ns          355698 1c008574 00251313 slli             x6, x10, 0x2         x6=00000008 x10:00000002
20951007ns          355699 1c008578 0048a463 p.beqimm         x17, 8              x17:00000003
20951027ns          355700 1c00857c 6150106f jal              x0, 7700           
20951186ns          355708 1c00a390 3028aa63 p.beqimm         x17, 788            x17:00000003
20951226ns          355710 1c00a394 0e010893 addi             x17, x2, 224        x17=10000e78  x2:10000d98
20951246ns          355711 1c00a398 00688733 add              x14, x17, x6        x14=10000e80 x17:10000e78  x6:00000008
20951266ns          355712 1c00a39c f6072703 lw               x14, -160(x14)      x14=3fd1ad50 x14:10000e80  PA:10000de0
20951703ns          355734 1c00a3a0 a0c726d3 feq.s            x13, f14, f12       x13=00000000 f14:3fd1ad50 f12:00000000
20951743ns          355736 1c00a3a4 20068863 beq              x13, x0, 528        x13:00000000
20952220ns          355760 1c00a5b4 0004a583 lw               x11, 0(x9)          x11=00000000  x9:10000df4  PA:10000df4
20952260ns          355762 1c00a5b6 0044ae83 lw               x29, 4(x9)          x29=00000000  x9:10000df4  PA:10000df8
20952280ns          355763 1c00a5ba 0084a903 lw               x18, 8(x9)          x18=00000000  x9:10000df4  PA:10000dfc
20952738ns          355786 1c00a5be 01882683 lw               x13, 24(x16)        x13=409fbe6e x16:10000e2c  PA:10000e44
20952777ns          355788 1c00a5c2 01c82883 lw               x17, 28(x16)        x17=402fbd5a x16:10000e2c  PA:10000e48
20952797ns          355789 1c00a5c6 02082f83 lw               x31, 32(x16)        x31=bec7a4ba x16:10000e2c  PA:10000e4c
20952817ns          355790 1c00a5ca 58d776c3 fmadd.s          f13, f14, f13, f11  f13=xxxxxxxx f14:3fd1ad50 f13:409fbe6e f11:00000000
20953255ns          355812 1c00a5ce e91778c3 fmadd.s          f17, f14, f17, f29  f17=xxxxxxxx f14:3fd1ad50 f17:402fbd5a f29:00000000
20953295ns          355814 1c00a5d2 91f77743 fmadd.s          f14, f14, f31, f18  f14=xxxxxxxx f14:3fd1ad50 f31:bec7a4ba f18:00000000
20953314ns          355815 1c00a5d6 00d4a023 sw               x13, 0(x9)          x13:4102d69d  x9:10000df4  PA:10000df4
20953334ns          355816 1c00a5d8 0114a223 sw               x17, 4(x9)          x17:408ff090  x9:10000df4  PA:10000df8
20953354ns          355817 1c00a5dc 00e4a423 sw               x14, 8(x9)          x14:bf2384a5  x9:10000df4  PA:10000dfc
20953374ns          355818 1c00a5de dcbff06f jal              x0, -566           
20953812ns          355840 1c00a3a8 0659a663 p.beqimm         x19, 108            x19:00000003
20953832ns          355841 1c00a3ac 00299713 slli             x14, x19, 0x2       x14=0000000c x19:00000003
20954269ns          355863 1c00a3b0 0e010e93 addi             x29, x2, 224        x29=10000e78  x2:10000d98
20954309ns          355865 1c00a3b4 01d70733 add              x14, x14, x29       x14=10000e84 x14:0000000c x29:10000e78
20954329ns          355866 1c00a3b6 f6072703 lw               x14, -160(x14)      x14=bf348257 x14:10000e84  PA:10000de4
20954369ns          355868 1c00a3ba a0c726d3 feq.s            x13, f14, f12       x13=00000000 f14:bf348257 f12:00000000
20954786ns          355889 1c00a3be 2a068d63 beq              x13, x0, 698        x13:00000000
20955284ns          355914 1c00a678 0004a583 lw               x11, 0(x9)          x11=4102d69d  x9:10000df4  PA:10000df4
20955323ns          355916 1c00a67a 0044ae83 lw               x29, 4(x9)          x29=408ff090  x9:10000df4  PA:10000df8
20955761ns          355938 1c00a67e 0084a903 lw               x18, 8(x9)          x18=bf2384a5  x9:10000df4  PA:10000dfc
20955801ns          355940 1c00a682 02c82683 lw               x13, 44(x16)        x13=3f3b5e43 x16:10000e2c  PA:10000e58
20955821ns          355941 1c00a686 03082883 lw               x17, 48(x16)        x17=412412c2 x16:10000e2c  PA:10000e5c
20955841ns          355942 1c00a68a 03482f83 lw               x31, 52(x16)        x31=40a04de8 x16:10000e2c  PA:10000e60
20956278ns          355964 1c00a68e 58d776c3 fmadd.s          f13, f14, f13, f11  f13=xxxxxxxx f14:bf348257 f13:3f3b5e43 f11:4102d69d
20956318ns          355966 1c00a692 e91778c3 fmadd.s          f17, f14, f17, f29  f17=xxxxxxxx f14:bf348257 f17:412412c2 f29:408ff090
20956338ns          355967 1c00a696 91f77743 fmadd.s          f14, f14, f31, f18  f14=xxxxxxxx f14:bf348257 f31:40a04de8 f18:bf2384a5
20956358ns          355968 1c00a69a 00d4a023 sw               x13, 0(x9)          x13:40f52984  x9:10000df4  PA:10000df4
20956378ns          355969 1c00a69c 0114a223 sw               x17, 4(x9)          x17:c02ee1c7  x9:10000df4  PA:10000df8
20956815ns          355991 1c00a6a0 00e4a423 sw               x14, 8(x9)          x14:c08578fa  x9:10000df4  PA:10000dfc
20956835ns          355992 1c00a6a2 d21ff06f jal              x0, -736           
20956895ns          355995 1c00a3c2 00250713 addi             x14, x10, 2         x14=00000004 x10:00000002
20956915ns          355996 1c00a3c6 04572763 p.beqimm         x14, 78             x14:00000004
20956935ns          355997 1c00a3ca 00271713 slli             x14, x14, 0x2       x14=00000010 x14:00000004
20956954ns          355998 1c00a3cc 0e010f93 addi             x31, x2, 224        x31=10000e78  x2:10000d98
20957372ns          356019 1c00a3d0 01f70733 add              x14, x14, x31       x14=10000e88 x14:00000010 x31:10000e78
20957412ns          356021 1c00a3d2 f6072703 lw               x14, -160(x14)      x14=3e9e5728 x14:10000e88  PA:10000de8
20957452ns          356023 1c00a3d6 a0c726d3 feq.s            x13, f14, f12       x13=00000000 f14:3e9e5728 f12:00000000
20957472ns          356024 1c00a3da 22068d63 beq              x13, x0, 570        x13:00000000
20958367ns          356069 1c00a614 0004a583 lw               x11, 0(x9)          x11=40f52984  x9:10000df4  PA:10000df4
20958406ns          356071 1c00a616 0044ae83 lw               x29, 4(x9)          x29=c02ee1c7  x9:10000df4  PA:10000df8
20958426ns          356072 1c00a61a 0084a903 lw               x18, 8(x9)          x18=c08578fa  x9:10000df4  PA:10000dfc
20958864ns          356094 1c00a61e 04082683 lw               x13, 64(x16)        x13=404ec92c x16:10000e2c  PA:10000e6c
20958904ns          356096 1c00a622 04482883 lw               x17, 68(x16)        x17=c08d2c12 x16:10000e2c  PA:10000e70
20958924ns          356097 1c00a626 04882f83 lw               x31, 72(x16)        x31=409d602b x16:10000e2c  PA:10000e74
20958943ns          356098 1c00a62a 58d776c3 fmadd.s          f13, f14, f13, f11  f13=xxxxxxxx f14:3e9e5728 f13:404ec92c f11:40f52984
20959401ns          356121 1c00a62e e91778c3 fmadd.s          f17, f14, f17, f29  f17=xxxxxxxx f14:3e9e5728 f17:c08d2c12 f29:c02ee1c7
20959441ns          356123 1c00a632 91f77743 fmadd.s          f14, f14, f31, f18  f14=xxxxxxxx f14:3e9e5728 f31:409d602b f18:c08578fa
20959461ns          356124 1c00a636 00d4a023 sw               x13, 0(x9)          x13:410a9194  x9:10000df4  PA:10000df4
20959481ns          356125 1c00a638 0114a223 sw               x17, 4(x9)          x17:c0831985  x9:10000df4  PA:10000df8
20959500ns          356126 1c00a63c 00e4a423 sw               x14, 8(x9)          x14:c0299b05  x9:10000df4  PA:10000dfc
20959918ns          356147 1c00a63e da1522e3 p.beqimm         x10, -604           x10:00000002
20959938ns          356148 1c00a642 dd3ff06f jal              x0, -558           
20960396ns          356171 1c00a414 0e010893 addi             x17, x2, 224        x17=10000e78  x2:10000d98
20960435ns          356173 1c00a418 01130333 add              x6, x6, x17          x6=10000e80  x6:00000008 x17:10000e78
20960455ns          356174 1c00a41a f6032683 lw               x13, -160(x6)       x13=3fd1ad50  x6:10000e80  PA:10000de0
20960893ns          356196 1c00a41e 18f6f6d3 fdiv.s           f13, f13, f15       f13=xxxxxxxx f13:3fd1ad50 f15:3fd1ad50
20961370ns          356220 1c00a422 a0c6a5d3 feq.s            x11, f13, f12       x11=00000000 f13:3f800000 f12:00000000
20961390ns          356221 1c00a426 00f00733 add              x14, x0, x15        x14=3fd1ad50 x15:3fd1ad50
20961410ns          356222 1c00a428 14058c63 beq              x11, x0, 344        x11:00000000
20961688ns          356236 1c00a580 01882883 lw               x17, 24(x16)        x17=409fbe6e x16:10000e2c  PA:10000e44
20961728ns          356238 1c00a584 01c82e83 lw               x29, 28(x16)        x29=402fbd5a x16:10000e2c  PA:10000e48
20961748ns          356239 1c00a588 02082903 lw               x18, 32(x16)        x18=bec7a4ba x16:10000e2c  PA:10000e4c
20961768ns          356240 1c00a58c 0004a583 lw               x11, 0(x9)          x11=410a9194  x9:10000df4  PA:10000df4
20962206ns          356262 1c00a58e 0044a303 lw               x6, 4(x9)            x6=c0831985  x9:10000df4  PA:10000df8
20962245ns          356264 1c00a592 0084af83 lw               x31, 8(x9)          x31=c0299b05  x9:10000df4  PA:10000dfc
20962265ns          356265 1c00a596 20d696d3 fsgnjn.s         f13, f13, f13       f13=xxxxxxxx f13:3f800000 f13:3f800000
20962285ns          356266 1c00a59a 88b6f5c3 fmadd.s          f11, f13, f11, f17  f11=xxxxxxxx f13:bf800000 f11:410a9194 f17:409fbe6e
20962723ns          356288 1c00a59e e866f343 fmadd.s          f6, f13, f6, f29     f6=xxxxxxxx f13:bf800000  f6:c0831985 f29:402fbd5a
20962763ns          356290 1c00a5a2 91f6f6c3 fmadd.s          f13, f13, f31, f18  f13=xxxxxxxx f13:bf800000 f31:c0299b05 f18:bec7a4ba
20962782ns          356291 1c00a5a6 00b82c23 sw               x11, 24(x16)        x11:c06ac974 x16:10000e2c  PA:10000e44
20962802ns          356292 1c00a5aa 00682e23 sw               x6, 28(x16)          x6:40daf832 x16:10000e2c  PA:10000e48
20962822ns          356293 1c00a5ae 02d82023 sw               x13, 32(x16)        x13:4010a66e x16:10000e2c  PA:10000e4c
20962842ns          356294 1c00a5b2 e7bff06f jal              x0, -390           
20962922ns          356298 1c00a42c 0059b463 p.bneimm         x19, 8              x19:00000003
20962981ns          356301 1c00a434 00299693 slli             x13, x19, 0x2       x13=0000000c x19:00000003
20963001ns          356302 1c00a438 0e010893 addi             x17, x2, 224        x17=10000e78  x2:10000d98
20963021ns          356303 1c00a43c 011686b3 add              x13, x13, x17       x13=10000e84 x13:0000000c x17:10000e78
20963459ns          356325 1c00a43e f606a683 lw               x13, -160(x13)      x13=bf348257 x13:10000e84  PA:10000de4
20963518ns          356328 1c00a442 18f6f6d3 fdiv.s           f13, f13, f15       f13=xxxxxxxx f13:bf348257 f15:3fd1ad50
20964036ns          356354 1c00a446 a0c6a5d3 feq.s            x11, f13, f12       x11=00000000 f13:bedc6362 f12:00000000
20964055ns          356355 1c00a44a 1e058d63 beq              x11, x0, 506        x11:00000000
20964155ns          356360 1c00a644 02c82883 lw               x17, 44(x16)        x17=3f3b5e43 x16:10000e2c  PA:10000e58
20964195ns          356362 1c00a648 03082e83 lw               x29, 48(x16)        x29=412412c2 x16:10000e2c  PA:10000e5c
20964215ns          356363 1c00a64c 03482903 lw               x18, 52(x16)        x18=40a04de8 x16:10000e2c  PA:10000e60
20964513ns          356378 1c00a650 0004a583 lw               x11, 0(x9)          x11=410a9194  x9:10000df4  PA:10000df4
20964553ns          356380 1c00a652 0044a303 lw               x6, 4(x9)            x6=c0831985  x9:10000df4  PA:10000df8
20964573ns          356381 1c00a656 0084af83 lw               x31, 8(x9)          x31=c0299b05  x9:10000df4  PA:10000dfc
20964592ns          356382 1c00a65a 20d696d3 fsgnjn.s         f13, f13, f13       f13=xxxxxxxx f13:bedc6362 f13:bedc6362
20965030ns          356404 1c00a65e 88b6f5c3 fmadd.s          f11, f13, f11, f17  f11=xxxxxxxx f13:3edc6362 f11:410a9194 f17:3f3b5e43
20965070ns          356406 1c00a662 e8d37343 fmadd.s          f6, f6, f13, f29     f6=xxxxxxxx  f6:c0831985 f13:3edc6362 f29:412412c2
20965090ns          356407 1c00a666 90dff6c3 fmadd.s          f13, f31, f13, f18  f13=xxxxxxxx f31:c0299b05 f13:3edc6362 f18:40a04de8
20965110ns          356408 1c00a66a 02b82623 sw               x11, 44(x16)        x11:408eb6af x16:10000e2c  PA:10000e58
20965130ns          356409 1c00a66e 02682823 sw               x6, 48(x16)          x6:4107db8d x16:10000e2c  PA:10000e5c
20965149ns          356410 1c00a672 02d82a23 sw               x13, 52(x16)        x13:40779a48 x16:10000e2c  PA:10000e60
20965169ns          356411 1c00a676 dd9ff06f jal              x0, -552           
20965229ns          356414 1c00a44e 00250693 addi             x13, x10, 2         x13=00000004 x10:00000002
20965249ns          356415 1c00a452 0056b463 p.bneimm         x13, 8              x13:00000004
20965309ns          356418 1c00a45a 00269693 slli             x13, x13, 0x2       x13=00000010 x13:00000004
20965328ns          356419 1c00a45c 0e010e93 addi             x29, x2, 224        x29=10000e78  x2:10000d98
20965766ns          356441 1c00a460 01d686b3 add              x13, x13, x29       x13=10000e88 x13:00000010 x29:10000e78
20965806ns          356443 1c00a462 f606a683 lw               x13, -160(x13)      x13=3e9e5728 x13:10000e88  PA:10000de8
20965846ns          356445 1c00a466 18f6f6d3 fdiv.s           f13, f13, f15       f13=xxxxxxxx f13:3e9e5728 f15:3fd1ad50
20966124ns          356459 1c00a46a a0c6a5d3 feq.s            x11, f13, f12       x11=00000000 f13:3e415268 f12:00000000
20966283ns          356467 1c00a46e 16058963 beq              x11, x0, 370        x11:00000000
20966343ns          356470 1c00a5e0 04082883 lw               x17, 64(x16)        x17=404ec92c x16:10000e2c  PA:10000e6c
20966363ns          356471 1c00a5e4 04482e83 lw               x29, 68(x16)        x29=c08d2c12 x16:10000e2c  PA:10000e70
20966383ns          356472 1c00a5e8 04882903 lw               x18, 72(x16)        x18=409d602b x16:10000e2c  PA:10000e74
20966403ns          356473 1c00a5ec 0004a583 lw               x11, 0(x9)          x11=410a9194  x9:10000df4  PA:10000df4
20966840ns          356495 1c00a5ee 0044a303 lw               x6, 4(x9)            x6=c0831985  x9:10000df4  PA:10000df8
20966880ns          356497 1c00a5f2 0084af83 lw               x31, 8(x9)          x31=c0299b05  x9:10000df4  PA:10000dfc
20966900ns          356498 1c00a5f6 20d696d3 fsgnjn.s         f13, f13, f13       f13=xxxxxxxx f13:3e415268 f13:3e415268
20966920ns          356499 1c00a5fa 88d5f5c3 fmadd.s          f11, f11, f13, f17  f11=xxxxxxxx f11:410a9194 f13:be415268 f17:404ec92c
20967357ns          356521 1c00a5fe e8d37343 fmadd.s          f6, f6, f13, f29     f6=xxxxxxxx  f6:c0831985 f13:be415268 f29:c08d2c12
20967397ns          356523 1c00a602 90dff6c3 fmadd.s          f13, f31, f13, f18  f13=xxxxxxxx f31:c0299b05 f13:be415268 f18:409d602b
20967417ns          356524 1c00a606 04b82023 sw               x11, 64(x16)        x11:3fcc49a1 x16:10000e2c  PA:10000e6c
20967437ns          356525 1c00a60a 04682223 sw               x6, 68(x16)          x6:c068d7ec x16:10000e2c  PA:10000e70
20967457ns          356526 1c00a60e 04d82423 sw               x13, 72(x16)        x13:40ad62ba x16:10000e2c  PA:10000e74
20967477ns          356527 1c00a612 e61ff06f jal              x0, -416           
20967536ns          356530 1c00a472 00152463 p.beqimm         x10, 8              x10:00000002
20967556ns          356531 1c00a476 a79fe06f jal              x0, -5512          
20967715ns          356539 1c008eee 008e2783 lw               x15, 8(x28)         x15=bf348257 x28:10000ddc  PA:10000de4
20967755ns          356541 1c008ef2 00eaa023 sw               x14, 0(x21)         x14:3fd1ad50 x21:10000ed8  PA:10000ed8
20967775ns          356542 1c008ef6 00faa223 sw               x15, 4(x21)         x15:bf348257 x21:10000ed8  PA:10000edc
20967795ns          356543 1c008efa 00352b63 p.beqimm         x10, 22             x10:00000002
20967855ns          356546 1c008efe 00ce2783 lw               x15, 12(x28)        x15=3e9e5728 x28:10000ddc  PA:10000de8
20967894ns          356548 1c008f02 00faa423 sw               x15, 8(x21)         x15:3e9e5728 x21:10000ed8  PA:10000ee0
20967914ns          356549 1c008f06 00153563 p.bneimm         x10, 10             x10:00000002
20968034ns          356555 1c008f10 006d8d93 addi             x27, x27, 6         x27=0000000c x27:00000006
20968053ns          356556 1c008f12 005b0b13 addi             x22, x22, 5         x22=0000000a x22:00000005
20968073ns          356557 1c008f14 01880813 addi             x16, x16, 24        x16=10000e44 x16:10000e2c
20968093ns          356558 1c008f16 001d8793 addi             x15, x27, 1         x15=0000000d x27:0000000c
20968113ns          356559 1c008f1a 006b0693 addi             x13, x22, 6         x13=00000010 x22:0000000a
20968133ns          356560 1c008f1e 014a0a13 addi             x20, x20, 20        x20=10000ef4 x20:10000ee0
20968153ns          356561 1c008f20 018a8a93 addi             x21, x21, 24        x21=10000ef0 x21:10000ed8
20968173ns          356562 1c008f22 00198993 addi             x19, x19, 1         x19=00000004 x19:00000003
20968193ns          356563 1c008f24 00448493 addi             x9, x9, 4            x9=10000df8  x9:10000df4
20968213ns          356564 1c008f26 014c8c93 addi             x25, x25, 20        x25=10000e4c x25:10000e38
20968232ns          356565 1c008f28 014d0d13 addi             x26, x26, 20        x26=10000f58 x26:10000f44
20968252ns          356566 1c008f2a 01838393 addi             x7, x7, 24           x7=10000f50  x7:10000f38
20968272ns          356567 1c008f2c ffff0f13 addi             x30, x30, -1        x30=00000003 x30:00000004
20968292ns          356568 1c008f2e 004b8b93 addi             x23, x23, 4         x23=10000dcc x23:10000dc8
20968312ns          356569 1c008f30 014c0c13 addi             x24, x24, 20        x24=10000e50 x24:10000e3c
20968332ns          356570 1c008f32 00500e33 add              x28, x0, x5         x28=10000de0  x5:10000de0
20968352ns          356571 1c008f34 01480713 addi             x14, x16, 20        x14=10000e58 x16:10000e44
20968372ns          356572 1c008f38 acd7c363 blt              x15, x13, -3386     x15:0000000d x13:00000010
20968968ns          356602 1c0081fe 410c05b3 sub              x11, x24, x16       x11=0000000c x24:10000e50 x16:10000e44
20969008ns          356604 1c008202 1c0006b7 lui              x13, 0x1c000000     x13=1c000000
20969028ns          356605 1c008206 ffc58593 addi             x11, x11, -4        x11=00000008 x11:0000000c
20969048ns          356606 1c008208 01c68693 addi             x13, x13, 28        x13=1c00001c x13:1c000000
20969068ns          356607 1c00820c 0025d593 srli             x11, x11, 0x2       x11=00000002 x11:00000008
20969108ns          356609 1c00820e 0006a883 lw               x17, 0(x13)         x17=00800000 x13:1c00001c  PA:1c00001c
20969406ns          356624 1c008212 01000333 add              x6, x0, x16          x6=10000e44 x16:10000e44
20969426ns          356625 1c008214 00000793 addi             x15, x0, 0          x15=00000000
20969446ns          356626 1c008218 00158593 addi             x11, x11, 1         x11=00000003 x11:00000002
20969466ns          356627 1c00821a 0043268b p.lw             x13, 4(x6!)         x13=c06ac974  x6=10000e48  x6:10000e44  PA:10000e44
20969645ns          356636 1c00821e a0c69ed3 flt.s            x29, f13, f12       x29=00000001 f13:c06ac974 f12:00000000
20969685ns          356638 1c008222 000e8463 beq              x29, x0, 8          x29:00000001
20969704ns          356639 1c008226 20d696d3 fsgnjn.s         f13, f13, f13       f13=xxxxxxxx f13:c06ac974 f13:c06ac974
20969724ns          356640 1c00822a a0d89ed3 flt.s            x29, f17, f13       x29=00000001 f17:00800000 f13:406ac974
20969784ns          356643 1c00822e 480e8e63 beq              x29, x0, 1180       x29:00000001
20969824ns          356645 1c008232 18d8fed3 fdiv.s           f29, f17, f13       f29=xxxxxxxx f17:00800000 f13:406ac974
20970102ns          356659 1c008236 11d7f7d3 fmul.s           f15, f15, f29       f15=xxxxxxxx f15:00000000 f29:0022e426
20970122ns          356660 1c00823a 00d008b3 add              x17, x0, x13        x17=406ac974 x13:406ac974
20970142ns          356661 1c00823c 40fef7c3 fmadd.s          f15, f29, f15, f8   f15=xxxxxxxx f29:0022e426 f15:00000000  f8:3f800000
20970162ns          356662 1c008240 fff58593 addi             x11, x11, -1        x11=00000002 x11:00000003
20970182ns          356663 1c008242 fc059ce3 bne              x11, x0, -40        x11:00000002
20970699ns          356689 1c00821a 0043268b p.lw             x13, 4(x6!)         x13=40daf832  x6=10000e4c  x6:10000e48  PA:10000e48
20970739ns          356691 1c00821e a0c69ed3 flt.s            x29, f13, f12       x29=00000000 f13:40daf832 f12:00000000
20970759ns          356692 1c008222 000e8463 beq              x29, x0, 8          x29:00000000
20970838ns          356696 1c00822a a0d89ed3 flt.s            x29, f17, f13       x29=00000001 f17:406ac974 f13:40daf832
20970858ns          356697 1c00822e 480e8e63 beq              x29, x0, 1180       x29:00000001
20970878ns          356698 1c008232 18d8fed3 fdiv.s           f29, f17, f13       f29=xxxxxxxx f17:406ac974 f13:40daf832
20971216ns          356715 1c008236 11d7f7d3 fmul.s           f15, f15, f29       f15=xxxxxxxx f15:3f800000 f29:3f093f05
20971236ns          356716 1c00823a 00d008b3 add              x17, x0, x13        x17=40daf832 x13:40daf832
20971256ns          356717 1c00823c 40fef7c3 fmadd.s          f15, f29, f15, f8   f15=xxxxxxxx f29:3f093f05 f15:3f093f05  f8:3f800000
20971276ns          356718 1c008240 fff58593 addi             x11, x11, -1        x11=00000001 x11:00000002
20971296ns          356719 1c008242 fc059ce3 bne              x11, x0, -40        x11:00000001
20971375ns          356723 1c00821a 0043268b p.lw             x13, 4(x6!)         x13=4010a66e  x6=10000e50  x6:10000e4c  PA:10000e4c
20971415ns          356725 1c00821e a0c69ed3 flt.s            x29, f13, f12       x29=00000000 f13:4010a66e f12:00000000
20971435ns          356726 1c008222 000e8463 beq              x29, x0, 8          x29:00000000
20971514ns          356730 1c00822a a0d89ed3 flt.s            x29, f17, f13       x29=00000000 f17:40daf832 f13:4010a66e
20971534ns          356731 1c00822e 480e8e63 beq              x29, x0, 1180       x29:00000000
20971674ns          356738 1c0086ca 1916f6d3 fdiv.s           f13, f13, f17       f13=xxxxxxxx f13:4010a66e f17:40daf832
20972628ns          356786 1c0086ce 78d6f7c3 fmadd.s          f15, f13, f13, f15  f15=xxxxxxxx f13:3ea91cbd f13:3ea91cbd f15:3fa4ca41
20972648ns          356787 1c0086d2 fff58593 addi             x11, x11, -1        x11=00000000 x11:00000001
20972668ns          356788 1c0086d4 b40593e3 bne              x11, x0, -1210      x11:00000000
20972688ns          356789 1c0086d8 b6dff06f jal              x0, -1172          
20972787ns          356794 1c008244 5807f7d3 fsqrt.s          f15, f15            f15=xxxxxxxx f15:3fb2c120
20973722ns          356841 1c008248 10f8f8d3 fmul.s           f17, f17, f15       f17=xxxxxxxx f17:40daf832 f15:3f974362
20973742ns          356842 1c00824c a11617d3 flt.s            x15, f12, f17       x15=00000001 f12:00000000 f17:41016208
20973762ns          356843 1c008250 500786e3 beq              x15, x0, 3340       x15:00000001
20973782ns          356844 1c008254 00082783 lw               x15, 0(x16)         x15=c06ac974 x16:10000e44  PA:10000e44
20973802ns          356845 1c008258 211895d3 fsgnjn.s         f11, f17, f17       f11=xxxxxxxx f17:41016208 f17:41016208
20973822ns          356846 1c00825c a0c796d3 flt.s            x13, f15, f12       x13=00000001 f15:c06ac974 f12:00000000
20973862ns          356848 1c008260 00068363 beq              x13, x0, 6          x13:00000001
20973901ns          356850 1c008262 41b0106f jal              x0, 7194           
20973981ns          356854 1c009e7c 011006b3 add              x13, x0, x17        x13=41016208 x17:41016208
20974060ns          356858 1c009e7e 00bba023 sw               x11, 0(x23)         x11:c1016208 x23:10000dcc  PA:10000dcc
20974080ns          356859 1c009e82 00b008b3 add              x17, x0, x11        x17=c1016208 x11:c1016208
20974100ns          356860 1c009e84 00d005b3 add              x11, x0, x13        x11=41016208 x13:41016208
20974120ns          356861 1c009e86 be4fe06f jal              x0, -7196          
20974180ns          356864 1c00826a a0c89353 flt.s            x6, f17, f12         x6=00000001 f17:c1016208 f12:00000000
20974200ns          356865 1c00826e 00b006b3 add              x13, x0, x11        x13=41016208 x11:41016208
20974239ns          356867 1c008270 00031363 bne              x6, x0, 6            x6:00000001
20974319ns          356871 1c008276 1c000fb7 lui              x31, 0x1c000000     x31=1c000000
20974339ns          356872 1c00827a 028f8f93 addi             x31, x31, 40        x31=1c000028 x31:1c000000
20974538ns          356882 1c00827e 000faf83 lw               x31, 0(x31)         x31=0c000000 x31:1c000028  PA:1c000028
20974876ns          356899 1c008282 005b0313 addi             x6, x22, 5           x6=0000000f x22:0000000a
20974896ns          356900 1c008286 a0df86d3 fle.s            x13, f31, f13       x13=00000001 f31:0c000000 f13:41016208
20974916ns          356901 1c00828a 4c068ee3 beq              x13, x0, 3292       x13:00000001
20975373ns          356924 1c00828e 1c0006b7 lui              x13, 0x1c000000     x13=1c000000
20975413ns          356926 1c008292 02068693 addi             x13, x13, 32        x13=1c000020 x13:1c000000
20975433ns          356927 1c008296 0006a683 lw               x13, 0(x13)         x13=3f800000 x13:1c000020  PA:1c000020
20975871ns          356949 1c008298 1916f8d3 fdiv.s           f17, f13, f17       f17=xxxxxxxx f13:3f800000 f17:c1016208
20976010ns          356956 1c00829c 026dd263 bge              x27, x6, 36         x27:0000000c  x6:0000000f
20976030ns          356957 1c0082a0 410c06b3 sub              x13, x24, x16       x13=00000008 x24:10000e50 x16:10000e44
20976050ns          356958 1c0082a4 ffc68693 addi             x13, x13, -4        x13=00000002 x13:0000000c
20976069ns          356959 1c0082a6 0026d693 srli             x13, x13, 0x2       x13=xxxxxxxx x13:00000008
20976089ns          356960 1c0082a8 01000eb3 add              x29, x0, x16        x29=xxxxxxxx x16:10000e44
20976109ns          356961 1c0082aa 00168693 addi             x13, x13, 1         x13=xxxxxxxx x13:00000002
20976129ns          356962 1c0082ac 0066c0fb lp.setup         0x1, x13, 0x6       x13:00000003  PA:10000e44
20976149ns          356963 1c0082b0 000ea783 lw               x15, 0(x29)         x15=4010a66e x29:10000e44
20976268ns          356969 1c0082b4 1117f7d3 fmul.s           f15, f15, f17       f15=xxxxxxxx f15:c06ac974 f17:bdfd4381
20976288ns          356970 1c0082b8 00fea22b p.sw             x15, 4(x29!)        x29=10000e48 x15:3ee84701 x29:10000e44  PA:10000e44
20976308ns          356971 1c0082b0 000ea783 lw               x15, 0(x29)         x15=xxxxxxxx x29:10000e48  PA:10000e48
20976348ns          356973 1c0082b4 1117f7d3 fmul.s           f15, f15, f17       f15=xxxxxxxx f15:40daf832 f17:bdfd4381
20976368ns          356974 1c0082b8 00fea22b p.sw             x15, 4(x29!)        x29=10000e4c x15:bf58a107 x29:10000e48  PA:10000e48
20976388ns          356975 1c0082b0 000ea783 lw               x15, 0(x29)         x15=xxxxxxxx x29:10000e4c  PA:10000e4c
20976427ns          356977 1c0082b4 1117f7d3 fmul.s           f15, f15, f17       f15=xxxxxxxx f15:4010a66e f17:bdfd4381
20976447ns          356978 1c0082b8 00fea22b p.sw             x15, 4(x29!)        x29=10000e50 x15:be8f1a9f x29:10000e4c  PA:10000e4c
20976467ns          356979 1c0082bc 00082783 lw               x15, 0(x16)         x15=xxxxxxxx x16:10000e44  PA:10000e44
20976487ns          356980 1c0082c0 1c0008b7 lui              x17, 0x1c000000     x17=1c000000
20976527ns          356982 1c0082c4 02088893 addi             x17, x17, 32        x17=1c000020 x17:1c000000
20976547ns          356983 1c0082c8 0008a883 lw               x17, 0(x17)         x17=3f800000 x17:1c000020  PA:1c000020
20976865ns          356999 1c0082cc 00bba023 sw               x11, 0(x23)         x11:41016208 x23:10000dcc  PA:10000dcc
20976885ns          357000 1c0082d0 0117f7d3 fadd.s           f15, f15, f17       f15=xxxxxxxx f15:3ee84701 f17:3f800000
20976905ns          357001 1c0082d4 00100f93 addi             x31, x0, 1          x31=00000001
20976925ns          357002 1c0082d6 00f82023 sw               x15, 0(x16)         x15:3fba11c0 x16:10000e44  PA:10000e44
20976945ns          357003 1c0082da 00812e83 lw               x29, 8(x2)          x29=10000dec  x2:10000d98  PA:10000da0
20976965ns          357004 1c0082dc 004e0293 addi             x5, x28, 4           x5=10000de4 x28:10000de0
20977004ns          357006 1c0082e0 405e86b3 sub              x13, x29, x5        x13=00000008 x29:10000dec  x5:10000de4
20977044ns          357008 1c0082e4 ffc68693 addi             x13, x13, -4        x13=00000004 x13:00000008
20977064ns          357009 1c0082e6 0026d693 srli             x13, x13, 0x2       x13=00000001 x13:00000004
20977084ns          357010 1c0082e8 00150513 addi             x10, x10, 1         x10=00000003 x10:00000002
20977104ns          357011 1c0082ea 005005b3 add              x11, x0, x5         x11=10000de4  x5:10000de4
20977124ns          357012 1c0082ec 00168693 addi             x13, x13, 1         x13=00000002 x13:00000001
20977144ns          357013 1c0082ee 00a00933 add              x18, x0, x10        x18=00000003 x10:00000003
20977163ns          357014 1c0082f0 01c12223 sw               x28, 4(x2)          x28:10000de0  x2:10000d98  PA:10000d9c
20977183ns          357015 1c0082f2 0306c0fb lp.setup         0x1, x13, 0x30      x13:00000002
20977203ns          357016 1c0082f6 040f8c63 beq              x31, x0, 88         x31:00000001
20977223ns          357017 1c0082fa 00082503 lw               x10, 0(x16)         x10=3fba11c0 x16:10000e44  PA:10000e44
20977283ns          357020 1c0082fe 00072883 lw               x17, 0(x14)         x17=408eb6af x14:10000e58  PA:10000e58
20977323ns          357022 1c008302 00472303 lw               x6, 4(x14)           x6=4107db8d x14:10000e58  PA:10000e5c
20977342ns          357023 1c008306 611577c3 fmadd.s          f15, f10, f17, f12  f15=xxxxxxxx f10:3fba11c0 f17:408eb6af f12:00000000
20977362ns          357024 1c00830a 00482e83 lw               x29, 4(x16)         x29=bf58a107 x16:10000e44  PA:10000e48
20977422ns          357027 1c00830e 786ef7c3 fmadd.s          f15, f29, f6, f15   f15=xxxxxxxx f29:bf58a107  f6:4107db8d f15:40cf7541
20977462ns          357029 1c008312 022f2863 p.beqimm         x30, 48             x30:00000003
20977482ns          357030 1c008316 00882e03 lw               x28, 8(x16)         x28=be8f1a9f x16:10000e44  PA:10000e4c
20977502ns          357031 1c00831a 00872e83 lw               x29, 8(x14)         x29=40779a48 x14:10000e58  PA:10000e60
20977561ns          357034 1c00831e 79de77c3 fmadd.s          f15, f28, f29, f15  f15=xxxxxxxx f28:be8f1a9f f29:40779a48 f15:bf33c134
20977601ns          357036 1c008322 023f2063 p.beqimm         x30, 32             x30:00000003
20977919ns          357052 1c008342 18a7f7d3 fdiv.s           f15, f15, f10       f15=xxxxxxxx f15:bfe44988 f10:3fba11c0
20978436ns          357078 1c008346 a0c7aed3 feq.s            x29, f15, f12       x29=00000000 f15:bf9d0ad7 f12:00000000
20978456ns          357079 1c00834a 300e80e3 beq              x29, x0, 2816       x29:00000000
20978735ns          357093 1c008e4a 20f797d3 fsgnjn.s         f15, f15, f15       f15=xxxxxxxx f15:bf9d0ad7 f15:bf9d0ad7
20978794ns          357096 1c008e4e 88a7f543 fmadd.s          f10, f15, f10, f17  f10=xxxxxxxx f15:3f9d0ad7 f10:3fba11c0 f17:408eb6af
20978814ns          357097 1c008e52 00a72023 sw               x10, 0(x14)         x10:40c7c911 x14:10000e58  PA:10000e58
20978834ns          357098 1c008e54 00482503 lw               x10, 4(x16)         x10=bf58a107 x16:10000e44  PA:10000e48
20978874ns          357100 1c008e58 30a7f343 fmadd.s          f6, f15, f10, f6     f6=xxxxxxxx f15:3f9d0ad7 f10:bf58a107  f6:4107db8d
20978894ns          357101 1c008e5c 00672223 sw               x6, 4(x14)           x6:40ee7e1f x14:10000e58  PA:10000e5c
20979332ns          357123 1c008e60 ce2f2763 p.beqimm         x30, -2834          x30:00000003
20979371ns          357125 1c008e64 00882503 lw               x10, 8(x16)         x10=be8f1a9f x16:10000e44  PA:10000e4c
20979391ns          357126 1c008e68 00872883 lw               x17, 8(x14)         x17=40779a48 x14:10000e58  PA:10000e60
20979431ns          357128 1c008e6c 88a7f543 fmadd.s          f10, f15, f10, f17  f10=xxxxxxxx f15:3f9d0ad7 f10:be8f1a9f f17:40779a48
20979849ns          357149 1c008e70 00a72423 sw               x10, 8(x14)         x10:4061a7ef x14:10000e58  PA:10000e60
20979888ns          357151 1c008e72 cc3f2e63 p.beqimm         x30, -2852          x30:00000003
20979968ns          357155 1c00834e 0147278b p.lw             x15, 20(x14!)       x15=40c7c911 x14=10000e6c x14:10000e58  PA:10000e58
20980008ns          357157 1c008352 00f5a22b p.sw             x15, 4(x11!)        x11=10000de8 x15:40c7c911 x11:10000de4  PA:10000de4
20980087ns          357161 1c0082f6 040f8c63 beq              x31, x0, 88         x31:00000001
20980107ns          357162 1c0082fa 00082503 lw               x10, 0(x16)         x10=3fba11c0 x16:10000e44  PA:10000e44
20980127ns          357163 1c0082fe 00072883 lw               x17, 0(x14)         x17=3fcc49a1 x14:10000e6c  PA:10000e6c
20980147ns          357164 1c008302 00472303 lw               x6, 4(x14)           x6=c068d7ec x14:10000e6c  PA:10000e70
20980167ns          357165 1c008306 611577c3 fmadd.s          f15, f10, f17, f12  f15=xxxxxxxx f10:3fba11c0 f17:3fcc49a1 f12:00000000
20980187ns          357166 1c00830a 00482e83 lw               x29, 4(x16)         x29=bf58a107 x16:10000e44  PA:10000e48
20980227ns          357168 1c00830e 786ef7c3 fmadd.s          f15, f29, f6, f15   f15=xxxxxxxx f29:bf58a107  f6:c068d7ec f15:40147ba9
20980246ns          357169 1c008312 022f2863 p.beqimm         x30, 48             x30:00000003
20980266ns          357170 1c008316 00882e03 lw               x28, 8(x16)         x28=be8f1a9f x16:10000e44  PA:10000e4c
20980286ns          357171 1c00831a 00872e83 lw               x29, 8(x14)         x29=40ad62ba x14:10000e6c  PA:10000e74
20980326ns          357173 1c00831e 79de77c3 fmadd.s          f15, f28, f29, f15  f15=xxxxxxxx f28:be8f1a9f f29:40ad62ba f15:40acc227
20980346ns          357174 1c008322 023f2063 p.beqimm         x30, 32             x30:00000003
20980426ns          357178 1c008342 18a7f7d3 fdiv.s           f15, f15, f10       f15=xxxxxxxx f15:40789820 f10:3fba11c0
20980883ns          357201 1c008346 a0c7aed3 feq.s            x29, f15, f12       x29=00000000 f15:402b0309 f12:00000000
20980903ns          357202 1c00834a 300e80e3 beq              x29, x0, 2816       x29:00000000
20980982ns          357206 1c008e4a 20f797d3 fsgnjn.s         f15, f15, f15       f15=xxxxxxxx f15:402b0309 f15:402b0309
20981002ns          357207 1c008e4e 88a7f543 fmadd.s          f10, f15, f10, f17  f10=xxxxxxxx f15:c02b0309 f10:3fba11c0 f17:3fcc49a1
20981022ns          357208 1c008e52 00a72023 sw               x10, 0(x14)         x10:c012734f x14:10000e6c  PA:10000e6c
20981042ns          357209 1c008e54 00482503 lw               x10, 4(x16)         x10=bf58a107 x16:10000e44  PA:10000e48
20981082ns          357211 1c008e58 30a7f343 fmadd.s          f6, f15, f10, f6     f6=xxxxxxxx f15:c02b0309 f10:bf58a107  f6:c068d7ec
20981102ns          357212 1c008e5c 00672223 sw               x6, 4(x14)           x6:bfb04396 x14:10000e6c  PA:10000e70
20981122ns          357213 1c008e60 ce2f2763 p.beqimm         x30, -2834          x30:00000003
20981142ns          357214 1c008e64 00882503 lw               x10, 8(x16)         x10=be8f1a9f x16:10000e44  PA:10000e4c
20981161ns          357215 1c008e68 00872883 lw               x17, 8(x14)         x17=40ad62ba x14:10000e6c  PA:10000e74
20981201ns          357217 1c008e6c 88a7f543 fmadd.s          f10, f15, f10, f17  f10=xxxxxxxx f15:c02b0309 f10:be8f1a9f f17:40ad62ba
20981221ns          357218 1c008e70 00a72423 sw               x10, 8(x14)         x10:40c548d9 x14:10000e6c  PA:10000e74
20981241ns          357219 1c008e72 cc3f2e63 p.beqimm         x30, -2852          x30:00000003
20981321ns          357223 1c00834e 0147278b p.lw             x15, 20(x14!)       x15=c012734f x14=10000e80 x14:10000e6c  PA:10000e6c
20981360ns          357225 1c008352 00f5a22b p.sw             x15, 4(x11!)        x11=10000dec x15:c012734f x11:10000de8  PA:10000de8
20981380ns          357226 1c008356 00082703 lw               x14, 0(x16)         x14=3fba11c0 x16:10000e44  PA:10000e44
20981400ns          357227 1c00835a 00482783 lw               x15, 4(x16)         x15=bf58a107 x16:10000e44  PA:10000e48
20981440ns          357229 1c00835e 00e3a023 sw               x14, 0(x7)          x14:3fba11c0  x7:10000f50  PA:10000f50
20981480ns          357231 1c008362 00f3a223 sw               x15, 4(x7)          x15:bf58a107  x7:10000f50  PA:10000f54
20981500ns          357232 1c008366 01200533 add              x10, x0, x18        x10=00000003 x18:00000003
20981520ns          357233 1c008368 00412e03 lw               x28, 4(x2)          x28=10000de0  x2:10000d98  PA:10000d9c
20981539ns          357234 1c00836a 3659a863 p.beqimm         x19, 880            x19:00000004
20981579ns          357236 1c00836e 00882783 lw               x15, 8(x16)         x15=be8f1a9f x16:10000e44  PA:10000e4c
20981619ns          357238 1c008372 00f3a423 sw               x15, 8(x7)          x15:be8f1a9f  x7:10000f50  PA:10000f58
20981639ns          357239 1c008376 00392c63 p.beqimm         x18, 24             x18:00000003
20981758ns          357245 1c00838e 00500893 addi             x17, x0, 5          x17=00000005
20981818ns          357248 1c008390 40a888b3 sub              x17, x17, x10       x17=00000002 x17:00000005 x10:00000003
20981858ns          357250 1c008394 011985b3 add              x11, x19, x17       x11=00000006 x19:00000004 x17:00000002
20981878ns          357251 1c008398 00b9c463 blt              x19, x11, 8         x19:00000004 x11:00000006
20981997ns          357257 1c0083a0 004e2703 lw               x14, 4(x28)         x14=40c7c911 x28:10000de0  PA:10000de4
20982037ns          357259 1c0083a4 a0c717d3 flt.s            x15, f14, f12       x15=00000000 f14:40c7c911 f12:00000000
20982057ns          357260 1c0083a8 00078363 beq              x15, x0, 6          x15:00000000
20982176ns          357266 1c0083ae 1c000fb7 lui              x31, 0x1c000000     x31=1c000000
20982196ns          357267 1c0083b2 01cf8f93 addi             x31, x31, 28        x31=1c00001c x31:1c000000
20982216ns          357268 1c0083b6 000faf83 lw               x31, 0(x31)         x31=00800000 x31:1c00001c  PA:1c00001c
20982534ns          357284 1c0083ba a0ef97d3 flt.s            x15, f31, f14       x15=00000001 f31:00800000 f14:40c7c911
20982554ns          357285 1c0083be 00078363 beq              x15, x0, 6          x15:00000001
20982574ns          357286 1c0083c0 4410106f jal              x0, 7232           
20982653ns          357290 1c00a000 1c000eb7 lui              x29, 0x1c000000     x29=1c000000
20982693ns          357292 1c00a004 01ce8e93 addi             x29, x29, 28        x29=1c00001c x29:1c000000
20982713ns          357293 1c00a008 1c000fb7 lui              x31, 0x1c000000     x31=1c000000
20982733ns          357294 1c00a00c 000eae83 lw               x29, 0(x29)         x29=00800000 x29:1c00001c  PA:1c00001c
20983071ns          357311 1c00a010 020f8f93 addi             x31, x31, 32        x31=1c000020 x31:1c000000
20983091ns          357312 1c00a014 18eef7d3 fdiv.s           f15, f29, f14       f15=xxxxxxxx f29:00800000 f14:40c7c911
20983469ns          357331 1c00a018 10c7f6d3 fmul.s           f13, f15, f12       f13=xxxxxxxx f15:00148083 f12:00000000
20983489ns          357332 1c00a01c 000faf83 lw               x31, 0(x31)         x31=3f800000 x31:1c000020  PA:1c000020
20983807ns          357348 1c00a020 f8d7f7c3 fmadd.s          f15, f15, f13, f31  f15=xxxxxxxx f15:00148083 f13:00000000 f31:3f800000
20983827ns          357349 1c00a024 baafe06f jal              x0, -7254          
20983926ns          357354 1c0083ce 00250693 addi             x13, x10, 2         x13=00000005 x10:00000003
20983966ns          357356 1c0083d2 0eb6db63 bge              x13, x11, 246       x13:00000005 x11:00000006
20983986ns          357357 1c0083d6 008e2683 lw               x13, 8(x28)         x13=c012734f x28:10000de0  PA:10000de8
20984026ns          357359 1c0083da a0c69353 flt.s            x6, f13, f12         x6=00000001 f13:c012734f f12:00000000
20984066ns          357361 1c0083de 00030463 beq              x6, x0, 8            x6:00000001
20984105ns          357363 1c0083e2 20d696d3 fsgnjn.s         f13, f13, f13       f13=xxxxxxxx f13:c012734f f13:c012734f
20984125ns          357364 1c0083e6 a0d71353 flt.s            x6, f14, f13         x6=00000000 f14:40c7c911 f13:4012734f
20984145ns          357365 1c0083ea 00030463 beq              x6, x0, 8            x6:00000000
20984264ns          357371 1c0083f2 18e6f353 fdiv.s           f6, f13, f14         f6=xxxxxxxx f13:4012734f f14:40c7c911
20984344ns          357375 1c0083f6 00e006b3 add              x13, x0, x14        x13=xxxxxxxx x14:40c7c911
20984364ns          357376 1c0083f8 00350713 addi             x14, x10, 3         x14=xxxxxxxx x10:00000003
20984603ns          357388 1c0083fc 786377c3 fmadd.s          f15, f6, f6, f15    f15=xxxxxxxx  f6:3ebba86b  f6:3ebba86b f15:3f800000
20984622ns          357389 1c008400 00b74463 blt              x14, x11, 8         x14:00000006 x11:00000006
20984642ns          357390 1c008404 4570106f jal              x0, 7254           
20984722ns          357394 1c00a05a 00d00733 add              x14, x0, x13        x14=40c7c911 x13:40c7c911
20984762ns          357396 1c00a05c c6cfe06f jal              x0, -7060          
20985279ns          357422 1c0084c8 5807f7d3 fsqrt.s          f15, f15            f15=xxxxxxxx f15:3f9131ef
20985577ns          357437 1c0084cc 10f77753 fmul.s           f14, f14, f15       f14=xxxxxxxx f14:40c7c911 f15:3f8853a2
20985597ns          357438 1c0084d0 a0c727d3 feq.s            x15, f14, f12       x15=00000000 f14:40d4c82b f12:00000000
20985617ns          357439 1c0084d4 200799e3 bne              x15, x0, 2578       x15:00000000
20985637ns          357440 1c0084d8 004e2783 lw               x15, 4(x28)         x15=40c7c911 x28:10000de0  PA:10000de4
20985677ns          357442 1c0084dc a0c796d3 flt.s            x13, f15, f12       x13=00000000 f15:40c7c911 f12:00000000
20985697ns          357443 1c0084e0 00068363 beq              x13, x0, 6          x13:00000000
20985776ns          357447 1c0084e6 00ee2023 sw               x14, 0(x28)         x14:40d4c82b x28:10000de0  PA:10000de0
20985796ns          357448 1c0084ea a0c716d3 flt.s            x13, f14, f12       x13=00000000 f14:40d4c82b f12:00000000
20985816ns          357449 1c0084ee 00068363 beq              x13, x0, 6          x13:00000000
20985895ns          357453 1c0084f4 00e006b3 add              x13, x0, x14        x13=40d4c82b x14:40d4c82b
20985915ns          357454 1c0084f6 1c000337 lui              x6, 0x1c000000       x6=1c000000
20985935ns          357455 1c0084fa 02830313 addi             x6, x6, 40           x6=1c000028  x6:1c000000
20985995ns          357458 1c0084fe 00032303 lw               x6, 0(x6)            x6=0c000000  x6:1c000028  PA:1c000028
20986333ns          357475 1c008502 a0d306d3 fle.s            x13, f6, f13        x13=00000001  f6:0c000000 f13:40d4c82b
20986353ns          357476 1c008506 00068363 beq              x13, x0, 6          x13:00000001
20986373ns          357477 1c008508 4730106f jal              x0, 7282           
20986930ns          357505 1c00a17a 008e2683 lw               x13, 8(x28)         x13=c012734f x28:10000de0  PA:10000de8
20986989ns          357508 1c00a17e 1c000fb7 lui              x31, 0x1c000000     x31=1c000000
20987029ns          357510 1c00a182 020f8f93 addi             x31, x31, 32        x31=1c000020 x31:1c000000
20987049ns          357511 1c00a186 000faf83 lw               x31, 0(x31)         x31=3f800000 x31:1c000020  PA:1c000020
20987367ns          357527 1c00a18a 18eff753 fdiv.s           f14, f31, f14       f14=xxxxxxxx f31:3f800000 f14:40d4c82b
20987666ns          357542 1c00a18e 10e7f7d3 fmul.s           f15, f15, f14       f15=xxxxxxxx f15:40c7c911 f14:3e19ff80
20987686ns          357543 1c00a192 10e6f6d3 fmul.s           f13, f13, f14       f13=xxxxxxxx f13:c012734f f14:3e19ff80
20987706ns          357544 1c00a196 00fe2223 sw               x15, 4(x28)         x15:3f705d21 x28:10000de0  PA:10000de4
20987725ns          357545 1c00a19a 00de2423 sw               x13, 8(x28)         x13:beb03229 x28:10000de0  PA:10000de8
20987785ns          357548 1c00a19e 1c352063 p.beqimm         x10, 448            x10:00000003
20988342ns          357576 1c00a35e 1c0005b7 lui              x11, 0x1c000000     x11=1c000000
20988382ns          357578 1c00a362 02058593 addi             x11, x11, 32        x11=1c000020 x11:1c000000
20988402ns          357579 1c00a366 0005a583 lw               x11, 0(x11)         x11=3f800000 x11:1c000020  PA:1c000020
20988700ns          357594 1c00a368 000e2703 lw               x14, 0(x28)         x14=40d4c82b x28:10000de0  PA:10000de0
20988720ns          357595 1c00a36c 00b7f7d3 fadd.s           f15, f15, f11       f15=xxxxxxxx f15:3f705d21 f11:3f800000
20988859ns          357602 1c00a370 20e71753 fsgnjn.s         f14, f14, f14       f14=xxxxxxxx f14:40d4c82b f14:40d4c82b
20988899ns          357604 1c00a374 00ee2023 sw               x14, 0(x28)         x14:c0d4c82b x28:10000de0  PA:10000de0
20988919ns          357605 1c00a378 00fe2223 sw               x15, 4(x28)         x15:3ff82e90 x28:10000de0  PA:10000de4
20988939ns          357606 1c00a37c 0004a023 sw               x0, 0(x9)            x9:10000df8  PA:10000df8
20989376ns          357628 1c00a380 0004a223 sw               x0, 4(x9)            x9:10000df8  PA:10000dfc
20989416ns          357630 1c00a384 00251313 slli             x6, x10, 0x2         x6=0000000c x10:00000003
20989436ns          357631 1c00a388 0048b463 p.bneimm         x17, 8              x17:00000002
20989555ns          357637 1c00a390 3028aa63 p.beqimm         x17, 788            x17:00000002
20989655ns          357642 1c00a6a4 0e010f93 addi             x31, x2, 224        x31=10000e78  x2:10000d98
20989695ns          357644 1c00a6a8 006f8733 add              x14, x31, x6        x14=10000e84 x31:10000e78  x6:0000000c
20989714ns          357645 1c00a6ac f6072703 lw               x14, -160(x14)      x14=3ff82e90 x14:10000e84  PA:10000de4
20990152ns          357667 1c00a6b0 a0c726d3 feq.s            x13, f14, f12       x13=00000000 f14:3ff82e90 f12:00000000
20990192ns          357669 1c00a6b4 14068d63 beq              x13, x0, 346        x13:00000000
20990669ns          357693 1c00a80e 0004a583 lw               x11, 0(x9)          x11=00000000  x9:10000df8  PA:10000df8
20991147ns          357717 1c00a810 0044ae83 lw               x29, 4(x9)          x29=00000000  x9:10000df8  PA:10000dfc
20991186ns          357719 1c00a814 01882683 lw               x13, 24(x16)        x13=40ee7e1f x16:10000e44  PA:10000e5c
20991206ns          357720 1c00a818 01c82883 lw               x17, 28(x16)        x17=4061a7ef x16:10000e44  PA:10000e60
20991226ns          357721 1c00a81c 58d776c3 fmadd.s          f13, f14, f13, f11  f13=xxxxxxxx f14:3ff82e90 f13:40ee7e1f f11:00000000
20991664ns          357743 1c00a820 e9177743 fmadd.s          f14, f14, f17, f29  f14=xxxxxxxx f14:3ff82e90 f17:4061a7ef f29:00000000
20991704ns          357745 1c00a824 00d4a023 sw               x13, 0(x9)          x13:4167358f  x9:10000df8  PA:10000df8
20991723ns          357746 1c00a826 00e4a223 sw               x14, 4(x9)          x14:40dac3bb  x9:10000df8  PA:10000dfc
20991743ns          357747 1c00a828 e91ff06f jal              x0, -368           
20992221ns          357771 1c00a6b8 0459ac63 p.beqimm         x19, 88             x19:00000004
20992241ns          357772 1c00a6bc 00299713 slli             x14, x19, 0x2       x14=00000010 x19:00000004
20992678ns          357794 1c00a6c0 0e010593 addi             x11, x2, 224        x11=10000e78  x2:10000d98
20992698ns          357795 1c00a6c2 00b70733 add              x14, x14, x11       x14=10000e88 x14:00000010 x11:10000e78
20992718ns          357796 1c00a6c4 f6072703 lw               x14, -160(x14)      x14=beb03229 x14:10000e88  PA:10000de8
20992758ns          357798 1c00a6c8 a0c726d3 feq.s            x13, f14, f12       x13=00000000 f14:beb03229 f12:00000000
20992778ns          357799 1c00a6cc 14068f63 beq              x13, x0, 350        x13:00000000
20993235ns          357822 1c00a82a 0004a583 lw               x11, 0(x9)          x11=4167358f  x9:10000df8  PA:10000df8
20993255ns          357823 1c00a82c 0044ae83 lw               x29, 4(x9)          x29=40dac3bb  x9:10000df8  PA:10000dfc
20993275ns          357824 1c00a830 02c82683 lw               x13, 44(x16)        x13=bfb04396 x16:10000e44  PA:10000e70
20993295ns          357825 1c00a834 03082883 lw               x17, 48(x16)        x17=40c548d9 x16:10000e44  PA:10000e74
20993315ns          357826 1c00a838 58d776c3 fmadd.s          f13, f14, f13, f11  f13=xxxxxxxx f14:beb03229 f13:bfb04396 f11:4167358f
20993335ns          357827 1c00a83c e9177743 fmadd.s          f14, f14, f17, f29  f14=xxxxxxxx f14:beb03229 f17:40c548d9 f29:40dac3bb
20993792ns          357850 1c00a840 00d4a023 sw               x13, 0(x9)          x13:416eca9f  x9:10000df8  PA:10000df8
20993812ns          357851 1c00a842 00e4a223 sw               x14, 4(x9)          x14:4096df5c  x9:10000df8  PA:10000dfc
20993832ns          357852 1c00a844 e8dff06f jal              x0, -372           
20993872ns          357854 1c00a6d0 00250713 addi             x14, x10, 2         x14=00000005 x10:00000003
20993892ns          357855 1c00a6d4 02572e63 p.beqimm         x14, 60             x14:00000005
20994369ns          357879 1c00a710 0e010e93 addi             x29, x2, 224        x29=10000e78  x2:10000d98
20994409ns          357881 1c00a714 01d30333 add              x6, x6, x29          x6=10000e84  x6:0000000c x29:10000e78
20994429ns          357882 1c00a716 f6032683 lw               x13, -160(x6)       x13=3ff82e90  x6:10000e84  PA:10000de4
20994468ns          357884 1c00a71a 18f6f6d3 fdiv.s           f13, f13, f15       f13=xxxxxxxx f13:3ff82e90 f15:3ff82e90
20994886ns          357905 1c00a71e a0c6a5d3 feq.s            x11, f13, f12       x11=00000000 f13:3f800000 f12:00000000
20994906ns          357906 1c00a722 00f00733 add              x14, x0, x15        x14=3ff82e90 x15:3ff82e90
20994926ns          357907 1c00a724 0c058363 beq              x11, x0, 198        x11:00000000
20995443ns          357933 1c00a7ea 01882883 lw               x17, 24(x16)        x17=40ee7e1f x16:10000e44  PA:10000e5c
20996000ns          357961 1c00a7ee 01c82e83 lw               x29, 28(x16)        x29=4061a7ef x16:10000e44  PA:10000e60
20996020ns          357962 1c00a7f2 0004a583 lw               x11, 0(x9)          x11=416eca9f  x9:10000df8  PA:10000df8
20996040ns          357963 1c00a7f4 0044a303 lw               x6, 4(x9)            x6=4096df5c  x9:10000df8  PA:10000dfc
20996060ns          357964 1c00a7f8 20d696d3 fsgnjn.s         f13, f13, f13       f13=xxxxxxxx f13:3f800000 f13:3f800000
20996080ns          357965 1c00a7fc 88b6f5c3 fmadd.s          f11, f13, f11, f17  f11=xxxxxxxx f13:bf800000 f11:416eca9f f17:40ee7e1f
20996099ns          357966 1c00a800 e8d376c3 fmadd.s          f13, f6, f13, f29   f13=xxxxxxxx  f6:4096df5c f13:bf800000 f29:4061a7ef
20996119ns          357967 1c00a804 00b82c23 sw               x11, 24(x16)        x11:c0ef171f x16:10000e44  PA:10000e5c
20996139ns          357968 1c00a808 00d82e23 sw               x13, 28(x16)        x13:bf982d92 x16:10000e44  PA:10000e60
20996159ns          357969 1c00a80c f1bff06f jal              x0, -230           
20996278ns          357975 1c00a726 0059b463 p.bneimm         x19, 8              x19:00000004
20996418ns          357982 1c00a72e 00299693 slli             x13, x19, 0x2       x13=00000010 x19:00000004
20996438ns          357983 1c00a732 0e010313 addi             x6, x2, 224          x6=10000e78  x2:10000d98
20996457ns          357984 1c00a736 006686b3 add              x13, x13, x6        x13=10000e88 x13:00000010  x6:10000e78
20996477ns          357985 1c00a738 f606a683 lw               x13, -160(x13)      x13=beb03229 x13:10000e88  PA:10000de8
20996517ns          357987 1c00a73c 18f6f6d3 fdiv.s           f13, f13, f15       f13=xxxxxxxx f13:beb03229 f15:3ff82e90
20997074ns          358015 1c00a740 a0c6a5d3 feq.s            x11, f13, f12       x11=00000000 f13:be35bf13 f12:00000000
20997094ns          358016 1c00a744 02059263 bne              x11, x0, 36         x11:00000000
20997114ns          358017 1c00a746 02c82883 lw               x17, 44(x16)        x17=bfb04396 x16:10000e44  PA:10000e70
20997134ns          358018 1c00a74a 03082e83 lw               x29, 48(x16)        x29=40c548d9 x16:10000e44  PA:10000e74
20997154ns          358019 1c00a74e 0004a583 lw               x11, 0(x9)          x11=416eca9f  x9:10000df8  PA:10000df8
20997452ns          358034 1c00a750 0044a303 lw               x6, 4(x9)            x6=4096df5c  x9:10000df8  PA:10000dfc
20997492ns          358036 1c00a754 20d696d3 fsgnjn.s         f13, f13, f13       f13=xxxxxxxx f13:be35bf13 f13:be35bf13
20997512ns          358037 1c00a758 88b6f5c3 fmadd.s          f11, f13, f11, f17  f11=xxxxxxxx f13:3e35bf13 f11:416eca9f f17:bfb04396
20997532ns          358038 1c00a75c e866f6c3 fmadd.s          f13, f13, f6, f29   f13=xxxxxxxx f13:3e35bf13  f6:4096df5c f29:40c548d9
20997989ns          358061 1c00a760 02b82623 sw               x11, 44(x16)        x11:3fa2cb65 x16:10000e44  PA:10000e70
20998029ns          358063 1c00a764 02d82823 sw               x13, 48(x16)        x13:40e00ffb x16:10000e44  PA:10000e74
20998049ns          358064 1c00a768 00250693 addi             x13, x10, 2         x13=00000005 x10:00000003
20998069ns          358065 1c00a76c 0056b463 p.bneimm         x13, 8              x13:00000005
20998506ns          358087 1c00a770 f7efe06f jal              x0, -6274          
20998665ns          358095 1c008eee 008e2783 lw               x15, 8(x28)         x15=beb03229 x28:10000de0  PA:10000de8
20998705ns          358097 1c008ef2 00eaa023 sw               x14, 0(x21)         x14:3ff82e90 x21:10000ef0  PA:10000ef0
20998725ns          358098 1c008ef6 00faa223 sw               x15, 4(x21)         x15:beb03229 x21:10000ef0  PA:10000ef4
20998745ns          358099 1c008efa 00352b63 p.beqimm         x10, 22             x10:00000003
20998884ns          358106 1c008f10 006d8d93 addi             x27, x27, 6         x27=00000012 x27:0000000c
20998904ns          358107 1c008f12 005b0b13 addi             x22, x22, 5         x22=0000000f x22:0000000a
20998924ns          358108 1c008f14 01880813 addi             x16, x16, 24        x16=10000e5c x16:10000e44
20998944ns          358109 1c008f16 001d8793 addi             x15, x27, 1         x15=00000013 x27:00000012
20998964ns          358110 1c008f1a 006b0693 addi             x13, x22, 6         x13=00000015 x22:0000000f
20998984ns          358111 1c008f1e 014a0a13 addi             x20, x20, 20        x20=10000f08 x20:10000ef4
20999362ns          358130 1c008f20 018a8a93 addi             x21, x21, 24        x21=10000f08 x21:10000ef0
20999381ns          358131 1c008f22 00198993 addi             x19, x19, 1         x19=00000005 x19:00000004
20999401ns          358132 1c008f24 00448493 addi             x9, x9, 4            x9=10000dfc  x9:10000df8
20999421ns          358133 1c008f26 014c8c93 addi             x25, x25, 20        x25=10000e60 x25:10000e4c
20999441ns          358134 1c008f28 014d0d13 addi             x26, x26, 20        x26=10000f6c x26:10000f58
20999461ns          358135 1c008f2a 01838393 addi             x7, x7, 24           x7=10000f68  x7:10000f50
20999481ns          358136 1c008f2c ffff0f13 addi             x30, x30, -1        x30=00000002 x30:00000003
20999501ns          358137 1c008f2e 004b8b93 addi             x23, x23, 4         x23=10000dd0 x23:10000dcc
20999879ns          358156 1c008f30 014c0c13 addi             x24, x24, 20        x24=10000e64 x24:10000e50
20999899ns          358157 1c008f32 00500e33 add              x28, x0, x5         x28=10000de4  x5:10000de4
20999918ns          358158 1c008f34 01480713 addi             x14, x16, 20        x14=10000e70 x16:10000e5c
20999938ns          358159 1c008f38 acd7c363 blt              x15, x13, -3386     x15:00000013 x13:00000015
21000177ns          358171 1c0081fe 410c05b3 sub              x11, x24, x16       x11=00000008 x24:10000e64 x16:10000e5c
21000217ns          358173 1c008202 1c0006b7 lui              x13, 0x1c000000     x13=1c000000
21000237ns          358174 1c008206 ffc58593 addi             x11, x11, -4        x11=00000004 x11:00000008
21000257ns          358175 1c008208 01c68693 addi             x13, x13, 28        x13=1c00001c x13:1c000000
21000276ns          358176 1c00820c 0025d593 srli             x11, x11, 0x2       x11=00000001 x11:00000004
21000316ns          358178 1c00820e 0006a883 lw               x17, 0(x13)         x17=00800000 x13:1c00001c  PA:1c00001c
21000615ns          358193 1c008212 01000333 add              x6, x0, x16          x6=10000e5c x16:10000e5c
21000635ns          358194 1c008214 00000793 addi             x15, x0, 0          x15=00000000
21000654ns          358195 1c008218 00158593 addi             x11, x11, 1         x11=00000002 x11:00000001
21000674ns          358196 1c00821a 0043268b p.lw             x13, 4(x6!)         x13=c0ef171f  x6=10000e60  x6:10000e5c  PA:10000e5c
21000714ns          358198 1c00821e a0c69ed3 flt.s            x29, f13, f12       x29=00000001 f13:c0ef171f f12:00000000
21000734ns          358199 1c008222 000e8463 beq              x29, x0, 8          x29:00000001
21000754ns          358200 1c008226 20d696d3 fsgnjn.s         f13, f13, f13       f13=xxxxxxxx f13:c0ef171f f13:c0ef171f
21000774ns          358201 1c00822a a0d89ed3 flt.s            x29, f17, f13       x29=00000001 f17:00800000 f13:40ef171f
21000814ns          358203 1c00822e 480e8e63 beq              x29, x0, 1180       x29:00000001
21000853ns          358205 1c008232 18d8fed3 fdiv.s           f29, f17, f13       f29=xxxxxxxx f17:00800000 f13:40ef171f
21001370ns          358231 1c008236 11d7f7d3 fmul.s           f15, f15, f29       f15=xxxxxxxx f15:00000000 f29:001121b1
21001390ns          358232 1c00823a 00d008b3 add              x17, x0, x13        x17=40ef171f x13:40ef171f
21001410ns          358233 1c00823c 40fef7c3 fmadd.s          f15, f29, f15, f8   f15=xxxxxxxx f29:001121b1 f15:00000000  f8:3f800000
21001430ns          358234 1c008240 fff58593 addi             x11, x11, -1        x11=00000001 x11:00000002
21001450ns          358235 1c008242 fc059ce3 bne              x11, x0, -40        x11:00000001
21001530ns          358239 1c00821a 0043268b p.lw             x13, 4(x6!)         x13=bf982d92  x6=10000e64  x6:10000e60  PA:10000e60
21001569ns          358241 1c00821e a0c69ed3 flt.s            x29, f13, f12       x29=00000001 f13:bf982d92 f12:00000000
21001589ns          358242 1c008222 000e8463 beq              x29, x0, 8          x29:00000001
21001609ns          358243 1c008226 20d696d3 fsgnjn.s         f13, f13, f13       f13=xxxxxxxx f13:bf982d92 f13:bf982d92
21001629ns          358244 1c00822a a0d89ed3 flt.s            x29, f17, f13       x29=00000000 f17:40ef171f f13:3f982d92
21001649ns          358245 1c00822e 480e8e63 beq              x29, x0, 1180       x29:00000000
21001788ns          358252 1c0086ca 1916f6d3 fdiv.s           f13, f13, f17       f13=xxxxxxxx f13:3f982d92 f17:40ef171f
21002504ns          358288 1c0086ce 78d6f7c3 fmadd.s          f15, f13, f13, f15  f15=xxxxxxxx f13:3e22f0d9 f13:3e22f0d9 f15:3f800000
21002524ns          358289 1c0086d2 fff58593 addi             x11, x11, -1        x11=00000000 x11:00000001
21002544ns          358290 1c0086d4 b40593e3 bne              x11, x0, -1210      x11:00000000
21002564ns          358291 1c0086d8 b6dff06f jal              x0, -1172          
21002663ns          358296 1c008244 5807f7d3 fsqrt.s          f15, f15            f15=xxxxxxxx f15:3f833dae
21003598ns          358343 1c008248 10f8f8d3 fmul.s           f17, f17, f15       f17=xxxxxxxx f17:40ef171f f15:3f819c3f
21003618ns          358344 1c00824c a11617d3 flt.s            x15, f12, f17       x15=00000001 f12:00000000 f17:40f21927
21003638ns          358345 1c008250 500786e3 beq              x15, x0, 3340       x15:00000001
21003658ns          358346 1c008254 00082783 lw               x15, 0(x16)         x15=c0ef171f x16:10000e5c  PA:10000e5c
21003678ns          358347 1c008258 211895d3 fsgnjn.s         f11, f17, f17       f11=xxxxxxxx f17:40f21927 f17:40f21927
21003698ns          358348 1c00825c a0c796d3 flt.s            x13, f15, f12       x13=00000001 f15:c0ef171f f12:00000000
21003737ns          358350 1c008260 00068363 beq              x13, x0, 6          x13:00000001
21003777ns          358352 1c008262 41b0106f jal              x0, 7194           
21003857ns          358356 1c009e7c 011006b3 add              x13, x0, x17        x13=40f21927 x17:40f21927
21003936ns          358360 1c009e7e 00bba023 sw               x11, 0(x23)         x11:c0f21927 x23:10000dd0  PA:10000dd0
21003956ns          358361 1c009e82 00b008b3 add              x17, x0, x11        x17=c0f21927 x11:c0f21927
21003976ns          358362 1c009e84 00d005b3 add              x11, x0, x13        x11=40f21927 x13:40f21927
21003996ns          358363 1c009e86 be4fe06f jal              x0, -7196          
21004056ns          358366 1c00826a a0c89353 flt.s            x6, f17, f12         x6=00000001 f17:c0f21927 f12:00000000
21004076ns          358367 1c00826e 00b006b3 add              x13, x0, x11        x13=40f21927 x11:40f21927
21004215ns          358374 1c008270 00031363 bne              x6, x0, 6            x6:00000001
21004294ns          358378 1c008276 1c000fb7 lui              x31, 0x1c000000     x31=1c000000
21004314ns          358379 1c00827a 028f8f93 addi             x31, x31, 40        x31=1c000028 x31:1c000000
21004374ns          358382 1c00827e 000faf83 lw               x31, 0(x31)         x31=0c000000 x31:1c000028  PA:1c000028
21004712ns          358399 1c008282 005b0313 addi             x6, x22, 5           x6=00000014 x22:0000000f
21004732ns          358400 1c008286 a0df86d3 fle.s            x13, f31, f13       x13=00000001 f31:0c000000 f13:40f21927
21004752ns          358401 1c00828a 4c068ee3 beq              x13, x0, 3292       x13:00000001
21004812ns          358404 1c00828e 1c0006b7 lui              x13, 0x1c000000     x13=1c000000
21004851ns          358406 1c008292 02068693 addi             x13, x13, 32        x13=1c000020 x13:1c000000
21004871ns          358407 1c008296 0006a683 lw               x13, 0(x13)         x13=3f800000 x13:1c000020  PA:1c000020
21005189ns          358423 1c008298 1916f8d3 fdiv.s           f17, f13, f17       f17=xxxxxxxx f13:3f800000 f17:c0f21927
21005448ns          358436 1c00829c 026dd263 bge              x27, x6, 36         x27:00000012  x6:00000014
21005468ns          358437 1c0082a0 410c06b3 sub              x13, x24, x16       x13=00000004 x24:10000e64 x16:10000e5c
21005488ns          358438 1c0082a4 ffc68693 addi             x13, x13, -4        x13=00000001 x13:00000008
21005508ns          358439 1c0082a6 0026d693 srli             x13, x13, 0x2       x13=xxxxxxxx x13:00000004
21005528ns          358440 1c0082a8 01000eb3 add              x29, x0, x16        x29=xxxxxxxx x16:10000e5c
21005548ns          358441 1c0082aa 00168693 addi             x13, x13, 1         x13=xxxxxxxx x13:00000001
21005567ns          358442 1c0082ac 0066c0fb lp.setup         0x1, x13, 0x6       x13:00000002  PA:10000e5c
21005587ns          358443 1c0082b0 000ea783 lw               x15, 0(x29)         x15=3f7cd1c0 x29:10000e5c
21005707ns          358449 1c0082b4 1117f7d3 fmul.s           f15, f15, f17       f15=xxxxxxxx f15:c0ef171f f17:be07599a
21005727ns          358450 1c0082b8 00fea22b p.sw             x15, 4(x29!)        x29=10000e60 x15:3f7cd1c0 x29:10000e5c  PA:10000e5c
21005746ns          358451 1c0082b0 000ea783 lw               x15, 0(x29)         x15=xxxxxxxx x29:10000e60  PA:10000e60
21005786ns          358453 1c0082b4 1117f7d3 fmul.s           f15, f15, f17       f15=xxxxxxxx f15:bf982d92 f17:be07599a
21005806ns          358454 1c0082b8 00fea22b p.sw             x15, 4(x29!)        x29=10000e64 x15:3e20ea97 x29:10000e60  PA:10000e60
21005826ns          358455 1c0082bc 00082783 lw               x15, 0(x16)         x15=xxxxxxxx x16:10000e5c  PA:10000e5c
21005846ns          358456 1c0082c0 1c0008b7 lui              x17, 0x1c000000     x17=1c000000
21005886ns          358458 1c0082c4 02088893 addi             x17, x17, 32        x17=1c000020 x17:1c000000
21005906ns          358459 1c0082c8 0008a883 lw               x17, 0(x17)         x17=3f800000 x17:1c000020  PA:1c000020
21006204ns          358474 1c0082cc 00bba023 sw               x11, 0(x23)         x11:40f21927 x23:10000dd0  PA:10000dd0
21006224ns          358475 1c0082d0 0117f7d3 fadd.s           f15, f15, f17       f15=xxxxxxxx f15:3f7cd1c0 f17:3f800000
21006244ns          358476 1c0082d4 00100f93 addi             x31, x0, 1          x31=00000001
21006264ns          358477 1c0082d6 00f82023 sw               x15, 0(x16)         x15:3ffe68e0 x16:10000e5c  PA:10000e5c
21006303ns          358479 1c0082da 00812e83 lw               x29, 8(x2)          x29=10000dec  x2:10000d98  PA:10000da0
21006323ns          358480 1c0082dc 004e0293 addi             x5, x28, 4           x5=10000de8 x28:10000de4
21006343ns          358481 1c0082e0 405e86b3 sub              x13, x29, x5        x13=00000004 x29:10000dec  x5:10000de8
21006383ns          358483 1c0082e4 ffc68693 addi             x13, x13, -4        x13=00000000 x13:00000004
21006403ns          358484 1c0082e6 0026d693 srli             x13, x13, 0x2       x13=00000000 x13:00000000
21006423ns          358485 1c0082e8 00150513 addi             x10, x10, 1         x10=00000004 x10:00000003
21006443ns          358486 1c0082ea 005005b3 add              x11, x0, x5         x11=10000de8  x5:10000de8
21006463ns          358487 1c0082ec 00168693 addi             x13, x13, 1         x13=00000001 x13:00000000
21006482ns          358488 1c0082ee 00a00933 add              x18, x0, x10        x18=00000004 x10:00000004
21006502ns          358489 1c0082f0 01c12223 sw               x28, 4(x2)          x28:10000de4  x2:10000d98  PA:10000d9c
21006522ns          358490 1c0082f2 0306c0fb lp.setup         0x1, x13, 0x30      x13:00000001
21006542ns          358491 1c0082f6 040f8c63 beq              x31, x0, 88         x31:00000001
21006562ns          358492 1c0082fa 00082503 lw               x10, 0(x16)         x10=3ffe68e0 x16:10000e5c  PA:10000e5c
21006622ns          358495 1c0082fe 00072883 lw               x17, 0(x14)         x17=3fa2cb65 x14:10000e70  PA:10000e70
21006661ns          358497 1c008302 00472303 lw               x6, 4(x14)           x6=40e00ffb x14:10000e70  PA:10000e74
21006681ns          358498 1c008306 611577c3 fmadd.s          f15, f10, f17, f12  f15=xxxxxxxx f10:3ffe68e0 f17:3fa2cb65 f12:00000000
21006701ns          358499 1c00830a 00482e83 lw               x29, 4(x16)         x29=3e20ea97 x16:10000e5c  PA:10000e60
21007059ns          358517 1c00830e 786ef7c3 fmadd.s          f15, f29, f6, f15   f15=xxxxxxxx f29:3e20ea97  f6:40e00ffb f15:4021c87f
21007099ns          358519 1c008312 022f2863 p.beqimm         x30, 48             x30:00000002
21007616ns          358545 1c008342 18a7f7d3 fdiv.s           f15, f15, f10       f15=xxxxxxxx f15:40683427 f10:3ffe68e0
21008133ns          358571 1c008346 a0c7aed3 feq.s            x29, f15, f12       x29=00000000 f15:3fe9a7be f12:00000000
21008153ns          358572 1c00834a 300e80e3 beq              x29, x0, 2816       x29:00000000
21008292ns          358579 1c008e4a 20f797d3 fsgnjn.s         f15, f15, f15       f15=xxxxxxxx f15:3fe9a7be f15:3fe9a7be
21008352ns          358582 1c008e4e 88a7f543 fmadd.s          f10, f15, f10, f17  f10=xxxxxxxx f15:bfe9a7be f10:3ffe68e0 f17:3fa2cb65
21008372ns          358583 1c008e52 00a72023 sw               x10, 0(x14)         x10:c016ce75 x14:10000e70  PA:10000e70
21008392ns          358584 1c008e54 00482503 lw               x10, 4(x16)         x10=3e20ea97 x16:10000e5c  PA:10000e60
21008432ns          358586 1c008e58 30a7f343 fmadd.s          f6, f15, f10, f6     f6=xxxxxxxx f15:bfe9a7be f10:3e20ea97  f6:40e00ffb
21008452ns          358587 1c008e5c 00672223 sw               x6, 4(x14)           x6:40d6e20c x14:10000e70  PA:10000e74
21008491ns          358589 1c008e60 ce2f2763 p.beqimm         x30, -2834          x30:00000002
21008571ns          358593 1c00834e 0147278b p.lw             x15, 20(x14!)       x15=c016ce75 x14=10000e84 x14:10000e70  PA:10000e70
21008611ns          358595 1c008352 00f5a22b p.sw             x15, 4(x11!)        x11=10000dec x15:c016ce75 x11:10000de8  PA:10000de8
21008631ns          358596 1c008356 00082703 lw               x14, 0(x16)         x14=3ffe68e0 x16:10000e5c  PA:10000e5c
21008650ns          358597 1c00835a 00482783 lw               x15, 4(x16)         x15=3e20ea97 x16:10000e5c  PA:10000e60
21008690ns          358599 1c00835e 00e3a023 sw               x14, 0(x7)          x14:3ffe68e0  x7:10000f68  PA:10000f68
21008730ns          358601 1c008362 00f3a223 sw               x15, 4(x7)          x15:3e20ea97  x7:10000f68  PA:10000f6c
21008750ns          358602 1c008366 01200533 add              x10, x0, x18        x10=00000004 x18:00000004
21008770ns          358603 1c008368 00412e03 lw               x28, 4(x2)          x28=10000de4  x2:10000d98  PA:10000d9c
21008790ns          358604 1c00836a 3659a863 p.beqimm         x19, 880            x19:00000005
21009585ns          358644 1c0086da ca453ae3 p.bneimm         x10, -844           x10:00000004
21009645ns          358647 1c0086de 1c0003b7 lui              x7, 0x1c000000       x7=1c000000
21009665ns          358648 1c0086e2 0dc12703 lw               x14, 220(x2)        x14=40d6e20c  x2:10000d98  PA:10000e74
21009685ns          358649 1c0086e4 01412c83 lw               x25, 20(x2)         x25=10000f20  x2:10000d98  PA:10000dac
21009705ns          358650 1c0086e6 0203a783 lw               x15, 32(x7)         x15=3f800000  x7:1c000000  PA:1c000020
21010122ns          358671 1c0086ea 02e12e23 sw               x14, 60(x2)         x14:40d6e20c  x2:10000d98  PA:10000dd4
21010142ns          358672 1c0086ec 03810313 addi             x6, x2, 56           x6=10000dd0  x2:10000d98
21010162ns          358673 1c0086f0 00f00e33 add              x28, x0, x15        x28=3f800000 x15:3f800000
21010202ns          358675 1c0086f2 06fca023 sw               x15, 96(x25)        x15:3f800000 x25:10000f20  PA:10000f80
21010222ns          358676 1c0086f6 00f00433 add              x8, x0, x15          x8=3f800000 x15:3f800000
21010242ns          358677 1c0086f8 00f003b3 add              x7, x0, x15          x7=3f800000 x15:3f800000
21010262ns          358678 1c0086fa 00f00f33 add              x30, x0, x15        x30=3f800000 x15:3f800000
21010282ns          358679 1c0086fc ffc3278b p.lw             x15, -4(x6!)        x15=40f21927  x6=10000dcc  x6:10000dd0  PA:10000dd0
21010679ns          358699 1c008700 00000893 addi             x17, x0, 0          x17=00000000
21010719ns          358701 1c008704 0d812703 lw               x14, 216(x2)        x14=c016ce75  x2:10000d98  PA:10000e70
21010739ns          358702 1c008706 a117a7d3 feq.s            x15, f15, f17       x15=00000000 f15:40f21927 f17:00000000
21010759ns          358703 1c00870a 04e12623 sw               x14, 76(x2)         x14:c016ce75  x2:10000d98  PA:10000de4
21010779ns          358704 1c00870c 04012823 sw               x0, 80(x2)           x2:10000d98  PA:10000de8
21011216ns          358726 1c00870e 040ca823 sw               x0, 80(x25)         x25:10000f20  PA:10000f70
21011256ns          358728 1c008712 040caa23 sw               x0, 84(x25)         x25:10000f20  PA:10000f74
21011276ns          358729 1c008716 040cac23 sw               x0, 88(x25)         x25:10000f20  PA:10000f78
21011296ns          358730 1c00871a 040cae23 sw               x0, 92(x25)         x25:10000f20  PA:10000f7c
21011316ns          358731 1c00871e 00c12903 lw               x18, 12(x2)         x18=10000dd8  x2:10000d98  PA:10000da4
21011734ns          358752 1c008720 01012e83 lw               x29, 16(x2)         x29=10000f20  x2:10000d98  PA:10000da8
21011753ns          358753 1c008722 01812d03 lw               x26, 24(x2)         x26=10000ebc  x2:10000d98  PA:10000db0
21011773ns          358754 1c008724 03cc8813 addi             x16, x25, 60        x16=10000f5c x25:10000f20
21011793ns          358755 1c008728 048c8593 addi             x11, x25, 72        x11=10000f68 x25:10000f20
21011813ns          358756 1c00872c 00200513 addi             x10, x0, 2          x10=00000002
21012251ns          358778 1c00872e 078c8f93 addi             x31, x25, 120       x31=10000f98 x25:10000f20
21012271ns          358779 1c008732 00500293 addi             x5, x0, 5            x5=00000005
21012290ns          358780 1c008734 02078763 beq              x15, x0, 46         x15:00000000
21012808ns          358806 1c008762 00251693 slli             x13, x10, 0x2       x13=00000008 x10:00000002
21012828ns          358807 1c008766 01458713 addi             x14, x11, 20        x14=10000f7c x11:10000f68
21012847ns          358808 1c00876a 40df86b3 sub              x13, x31, x13       x13=10000f90 x31:10000f98 x13:00000008
21012867ns          358809 1c00876e 40e686b3 sub              x13, x13, x14       x13=00000014 x13:10000f90 x14:10000f7c
21013285ns          358830 1c008770 fec68693 addi             x13, x13, -20       x13=00000000 x13:00000014
21013325ns          358832 1c008772 0cccd7b7 lui              x15, 0xcccd000      x15=0cccd000
21013345ns          358833 1c008776 0026d693 srli             x13, x13, 0x2       x13=00000000 x13:00000000
21013365ns          358834 1c008778 ccd78793 addi             x15, x15, -819      x15=0ccccccd x15:0cccd000
21013384ns          358835 1c00877c 02f686b3 mul              x13, x13, x15       x13=00000000 x13:00000000 x15:0ccccccd
21013822ns          358857 1c008780 c3e6b6b3 p.bclr           x13, x13, 1, 30     x13=00000000 x13:00000000
21013862ns          358859 1c008784 0005a483 lw               x9, 0(x11)           x9=3ffe68e0 x11:10000f68  PA:10000f68
21013882ns          358860 1c008786 0045aa83 lw               x21, 4(x11)         x21=3e20ea97 x11:10000f68  PA:10000f6c
21013902ns          358861 1c00878a 00168693 addi             x13, x13, 1         x13=00000001 x13:00000000
21013922ns          358862 1c00878c 00072983 lw               x19, 0(x14)         x19=00000000 x14:10000f7c  PA:10000f7c
21014339ns          358883 1c008790 00472a03 lw               x20, 4(x14)         x20=3f800000 x14:10000f7c  PA:10000f80
21014379ns          358885 1c008794 8934f7c3 fmadd.s          f15, f9, f19, f17   f15=xxxxxxxx  f9:3ffe68e0 f19:00000000 f17:00000000
21014399ns          358886 1c008798 794af7c3 fmadd.s          f15, f21, f20, f15  f15=xxxxxxxx f21:3e20ea97 f20:3f800000 f15:00000000
21014419ns          358887 1c00879c 02252563 p.beqimm         x10, 42             x10:00000002
21015374ns          358935 1c0087c6 1897f7d3 fdiv.s           f15, f15, f9        f15=xxxxxxxx f15:3e20ea97  f9:3ffe68e0
21015891ns          358961 1c0087ca a117a653 feq.s            x12, f15, f17       x12=00000000 f15:3da1ec1a f17:00000000
21015911ns          358962 1c0087ce 6c060563 beq              x12, x0, 1738       x12:00000000
21016010ns          358967 1c008e98 20f797d3 fsgnjn.s         f15, f15, f15       f15=xxxxxxxx f15:3da1ec1a f15:3da1ec1a
21016050ns          358969 1c008e9c 98f4f4c3 fmadd.s          f9, f9, f15, f19     f9=xxxxxxxx  f9:3ffe68e0 f15:bda1ec1a f19:00000000
21016448ns          358989 1c008ea0 00972023 sw               x9, 0(x14)           x9:be20ea97 x14:10000f7c  PA:10000f7c
21016468ns          358990 1c008ea2 0045a603 lw               x12, 4(x11)         x12=3e20ea97 x11:10000f68  PA:10000f6c
21016507ns          358992 1c008ea4 a0f67a43 fmadd.s          f20, f12, f15, f20  f20=xxxxxxxx f12:3e20ea97 f15:bda1ec1a f20:3f800000
21016527ns          358993 1c008ea8 01472223 sw               x20, 4(x14)         x20:3f7cd1c0 x14:10000f7c  PA:10000f80
21016547ns          358994 1c008eac 02252563 p.beqimm         x10, 42             x10:00000002
21017422ns          359038 1c008ed6 0005a483 lw               x9, 0(x11)           x9=3ffe68e0 x11:10000f68  PA:10000f68
21017462ns          359040 1c008ed8 0045aa83 lw               x21, 4(x11)         x21=3e20ea97 x11:10000f68  PA:10000f6c
21017482ns          359041 1c008edc 01470713 addi             x14, x14, 20        x14=10000f90 x14:10000f7c
21017502ns          359042 1c008ede fff68693 addi             x13, x13, -1        x13=00000000 x13:00000001
21017522ns          359043 1c008ee0 8a0696e3 bne              x13, x0, -1876      x13:00000000
21017542ns          359044 1c008ee4 8f5ff06f jal              x0, -1804          
21017581ns          359046 1c0087d8 209497d3 fsgnjn.s         f15, f9, f9         f15=xxxxxxxx  f9:3ffe68e0  f9:3ffe68e0
21017601ns          359047 1c0087dc 215a9753 fsgnjn.s         f14, f21, f21       f14=xxxxxxxx f21:3e20ea97 f21:3e20ea97
21018039ns          359069 1c0087e0 00f5a023 sw               x15, 0(x11)         x15:bffe68e0 x11:10000f68  PA:10000f68
21018059ns          359070 1c0087e2 00e5a223 sw               x14, 4(x11)         x14:be20ea97 x11:10000f68  PA:10000f6c
21018079ns          359071 1c0087e4 7a252363 p.beqimm         x10, 1958           x10:00000002
21018596ns          359097 1c008f8a 0077f7d3 fadd.s           f15, f15, f7        f15=xxxxxxxx f15:bffe68e0  f7:3f800000
21019033ns          359119 1c008f8e 40a28733 sub              x14, x5, x10        x14=00000003  x5:00000005 x10:00000002
21019053ns          359120 1c008f92 00f5a023 sw               x15, 0(x11)         x15:bf7cd1c0 x11:10000f68  PA:10000f68
21019073ns          359121 1c008f94 fa070d63 beq              x14, x0, -2118      x14:00000003
21019093ns          359122 1c008f98 00082023 sw               x0, 0(x16)          x16:10000f5c  PA:10000f5c
21019113ns          359123 1c008f9c fa172b63 p.beqimm         x14, -2122          x14:00000003
21019551ns          359145 1c008fa0 00082223 sw               x0, 4(x16)          x16:10000f5c  PA:10000f60
21019590ns          359147 1c008fa4 fa373563 p.bneimm         x14, -2134          x14:00000003
21019610ns          359148 1c008fa8 00082423 sw               x0, 8(x16)          x16:10000f5c  PA:10000f64
21019630ns          359149 1c008fac fa6ff06f jal              x0, -2138          
21020585ns          359197 1c008752 ffc3278b p.lw             x15, -4(x6!)        x15=41016208  x6=10000dc8  x6:10000dcc  PA:10000dcc
21020605ns          359198 1c008756 fec80813 addi             x16, x16, -20       x16=10000f48 x16:10000f5c
21020625ns          359199 1c008758 a117a7d3 feq.s            x15, f15, f17       x15=00000000 f15:41016208 f17:00000000
21020645ns          359200 1c00875c fe858593 addi             x11, x11, -24       x11=10000f50 x11:10000f68
21020665ns          359201 1c00875e 00150513 addi             x10, x10, 1         x10=00000003 x10:00000002
21020684ns          359202 1c008760 fc079be3 bne              x15, x0, -42        x15:00000000
21020704ns          359203 1c008762 00251693 slli             x13, x10, 0x2       x13=0000000c x10:00000003
21020724ns          359204 1c008766 01458713 addi             x14, x11, 20        x14=10000f64 x11:10000f50
21020744ns          359205 1c00876a 40df86b3 sub              x13, x31, x13       x13=10000f8c x31:10000f98 x13:0000000c
21020764ns          359206 1c00876e 40e686b3 sub              x13, x13, x14       x13=00000028 x13:10000f8c x14:10000f64
21020784ns          359207 1c008770 fec68693 addi             x13, x13, -20       x13=00000014 x13:00000028
21020804ns          359208 1c008772 0cccd7b7 lui              x15, 0xcccd000      x15=0cccd000
21020824ns          359209 1c008776 0026d693 srli             x13, x13, 0x2       x13=00000005 x13:00000014
21020844ns          359210 1c008778 ccd78793 addi             x15, x15, -819      x15=0ccccccd x15:0cccd000
21020863ns          359211 1c00877c 02f686b3 mul              x13, x13, x15       x13=40000001 x13:00000005 x15:0ccccccd
21020883ns          359212 1c008780 c3e6b6b3 p.bclr           x13, x13, 1, 30     x13=00000001 x13:40000001
21020903ns          359213 1c008784 0005a483 lw               x9, 0(x11)           x9=3fba11c0 x11:10000f50  PA:10000f50
21020923ns          359214 1c008786 0045aa83 lw               x21, 4(x11)         x21=bf58a107 x11:10000f50  PA:10000f54
21020943ns          359215 1c00878a 00168693 addi             x13, x13, 1         x13=00000002 x13:00000001
21020963ns          359216 1c00878c 00072983 lw               x19, 0(x14)         x19=00000000 x14:10000f64  PA:10000f64
21021341ns          359235 1c008790 00472a03 lw               x20, 4(x14)         x20=bf7cd1c0 x14:10000f64  PA:10000f68
21021381ns          359237 1c008794 8934f7c3 fmadd.s          f15, f9, f19, f17   f15=xxxxxxxx  f9:3fba11c0 f19:00000000 f17:00000000
21021400ns          359238 1c008798 794af7c3 fmadd.s          f15, f21, f20, f15  f15=xxxxxxxx f21:bf58a107 f20:bf7cd1c0 f15:00000000
21021420ns          359239 1c00879c 02252563 p.beqimm         x10, 42             x10:00000003
21021480ns          359242 1c0087a0 0085ab03 lw               x22, 8(x11)         x22=be8f1a9f x11:10000f50  PA:10000f58
21021540ns          359245 1c0087a4 00872603 lw               x12, 8(x14)         x12=be20ea97 x14:10000f64  PA:10000f6c
21021579ns          359247 1c0087a6 78cb77c3 fmadd.s          f15, f22, f12, f15  f15=xxxxxxxx f22:be8f1a9f f12:be20ea97 f15:3f55f001
21021599ns          359248 1c0087aa 00352e63 p.beqimm         x10, 28             x10:00000003
21021858ns          359261 1c0087c6 1897f7d3 fdiv.s           f15, f15, f9        f15=xxxxxxxx f15:3f612e7a  f9:3fba11c0
21022335ns          359285 1c0087ca a117a653 feq.s            x12, f15, f17       x12=00000000 f15:3f1ae7e9 f17:00000000
21022355ns          359286 1c0087ce 6c060563 beq              x12, x0, 1738       x12:00000000
21022415ns          359289 1c008e98 20f797d3 fsgnjn.s         f15, f15, f15       f15=xxxxxxxx f15:3f1ae7e9 f15:3f1ae7e9
21022435ns          359290 1c008e9c 98f4f4c3 fmadd.s          f9, f9, f15, f19     f9=xxxxxxxx  f9:3fba11c0 f15:bf1ae7e9 f19:00000000
21022494ns          359293 1c008ea0 00972023 sw               x9, 0(x14)           x9:bf612e7a x14:10000f64  PA:10000f64
21022514ns          359294 1c008ea2 0045a603 lw               x12, 4(x11)         x12=bf58a107 x11:10000f50  PA:10000f54
21022554ns          359296 1c008ea4 a0f67a43 fmadd.s          f20, f12, f15, f20  f20=xxxxxxxx f12:bf58a107 f15:bf1ae7e9 f20:bf7cd1c0
21022574ns          359297 1c008ea8 01472223 sw               x20, 4(x14)         x20:bef37947 x14:10000f64  PA:10000f68
21022594ns          359298 1c008eac 02252563 p.beqimm         x10, 42             x10:00000003
21022634ns          359300 1c008eb0 0085a603 lw               x12, 8(x11)         x12=be8f1a9f x11:10000f50  PA:10000f58
21022654ns          359301 1c008eb2 00872483 lw               x9, 8(x14)           x9=be20ea97 x14:10000f64  PA:10000f6c
21022693ns          359303 1c008eb4 48f67643 fmadd.s          f12, f12, f15, f9   f12=xxxxxxxx f12:be8f1a9f f15:bf1ae7e9  f9:be20ea97
21022713ns          359304 1c008eb8 00c72423 sw               x12, 8(x14)         x12:3c444b6d x14:10000f64  PA:10000f6c
21022733ns          359305 1c008eba 00352e63 p.beqimm         x10, 28             x10:00000003
21023012ns          359319 1c008ed6 0005a483 lw               x9, 0(x11)           x9=3fba11c0 x11:10000f50  PA:10000f50
21023051ns          359321 1c008ed8 0045aa83 lw               x21, 4(x11)         x21=bf58a107 x11:10000f50  PA:10000f54
21023071ns          359322 1c008edc 01470713 addi             x14, x14, 20        x14=10000f78 x14:10000f64
21023091ns          359323 1c008ede fff68693 addi             x13, x13, -1        x13=00000001 x13:00000002
21023111ns          359324 1c008ee0 8a0696e3 bne              x13, x0, -1876      x13:00000001
21023230ns          359330 1c00878c 00072983 lw               x19, 0(x14)         x19=00000000 x14:10000f78  PA:10000f78
21023250ns          359331 1c008790 00472a03 lw               x20, 4(x14)         x20=be20ea97 x14:10000f78  PA:10000f7c
21023270ns          359332 1c008794 8934f7c3 fmadd.s          f15, f9, f19, f17   f15=xxxxxxxx  f9:3fba11c0 f19:00000000 f17:00000000
21023290ns          359333 1c008798 794af7c3 fmadd.s          f15, f21, f20, f15  f15=xxxxxxxx f21:bf58a107 f20:be20ea97 f15:00000000
21023310ns          359334 1c00879c 02252563 p.beqimm         x10, 42             x10:00000003
21023330ns          359335 1c0087a0 0085ab03 lw               x22, 8(x11)         x22=be8f1a9f x11:10000f50  PA:10000f58
21023350ns          359336 1c0087a4 00872603 lw               x12, 8(x14)         x12=3f7cd1c0 x14:10000f78  PA:10000f80
21023390ns          359338 1c0087a6 78cb77c3 fmadd.s          f15, f22, f12, f15  f15=xxxxxxxx f22:be8f1a9f f12:3f7cd1c0 f15:3e082b27
21023409ns          359339 1c0087aa 00352e63 p.beqimm         x10, 28             x10:00000003
21023489ns          359343 1c0087c6 1897f7d3 fdiv.s           f15, f15, f9        f15=xxxxxxxx f15:be127bc2  f9:3fba11c0
21024006ns          359369 1c0087ca a117a653 feq.s            x12, f15, f17       x12=00000000 f15:bdc98956 f17:00000000
21024026ns          359370 1c0087ce 6c060563 beq              x12, x0, 1738       x12:00000000
21024086ns          359373 1c008e98 20f797d3 fsgnjn.s         f15, f15, f15       f15=xxxxxxxx f15:bdc98956 f15:bdc98956
21024106ns          359374 1c008e9c 98f4f4c3 fmadd.s          f9, f9, f15, f19     f9=xxxxxxxx  f9:3fba11c0 f15:3dc98956 f19:00000000
21024125ns          359375 1c008ea0 00972023 sw               x9, 0(x14)           x9:3e127bc2 x14:10000f78  PA:10000f78
21024145ns          359376 1c008ea2 0045a603 lw               x12, 4(x11)         x12=bf58a107 x11:10000f50  PA:10000f54
21024205ns          359379 1c008ea4 a0f67a43 fmadd.s          f20, f12, f15, f20  f20=xxxxxxxx f12:bf58a107 f15:3dc98956 f20:be20ea97
21024225ns          359380 1c008ea8 01472223 sw               x20, 4(x14)         x20:be762fea x14:10000f78  PA:10000f7c
21024245ns          359381 1c008eac 02252563 p.beqimm         x10, 42             x10:00000003
21024265ns          359382 1c008eb0 0085a603 lw               x12, 8(x11)         x12=be8f1a9f x11:10000f50  PA:10000f58
21024285ns          359383 1c008eb2 00872483 lw               x9, 8(x14)           x9=3f7cd1c0 x14:10000f78  PA:10000f80
21024324ns          359385 1c008eb4 48f67643 fmadd.s          f12, f12, f15, f9   f12=xxxxxxxx f12:be8f1a9f f15:3dc98956  f9:3f7cd1c0
21024344ns          359386 1c008eb8 00c72423 sw               x12, 8(x14)         x12:3f75c735 x14:10000f78  PA:10000f80
21024364ns          359387 1c008eba 00352e63 p.beqimm         x10, 28             x10:00000003
21024424ns          359390 1c008ed6 0005a483 lw               x9, 0(x11)           x9=3fba11c0 x11:10000f50  PA:10000f50
21024444ns          359391 1c008ed8 0045aa83 lw               x21, 4(x11)         x21=bf58a107 x11:10000f50  PA:10000f54
21024464ns          359392 1c008edc 01470713 addi             x14, x14, 20        x14=10000f8c x14:10000f78
21024484ns          359393 1c008ede fff68693 addi             x13, x13, -1        x13=00000000 x13:00000001
21024503ns          359394 1c008ee0 8a0696e3 bne              x13, x0, -1876      x13:00000000
21024523ns          359395 1c008ee4 8f5ff06f jal              x0, -1804          
21024563ns          359397 1c0087d8 209497d3 fsgnjn.s         f15, f9, f9         f15=xxxxxxxx  f9:3fba11c0  f9:3fba11c0
21024583ns          359398 1c0087dc 215a9753 fsgnjn.s         f14, f21, f21       f14=xxxxxxxx f21:bf58a107 f21:bf58a107
21024603ns          359399 1c0087e0 00f5a023 sw               x15, 0(x11)         x15:bfba11c0 x11:10000f50  PA:10000f50
21024623ns          359400 1c0087e2 00e5a223 sw               x14, 4(x11)         x14:3f58a107 x11:10000f50  PA:10000f54
21024643ns          359401 1c0087e4 7a252363 p.beqimm         x10, 1958           x10:00000003
21024663ns          359402 1c0087e8 0085a703 lw               x14, 8(x11)         x14=be8f1a9f x11:10000f50  PA:10000f58
21024702ns          359404 1c0087ea 20e71753 fsgnjn.s         f14, f14, f14       f14=xxxxxxxx f14:be8f1a9f f14:be8f1a9f
21024722ns          359405 1c0087ee 00e5a423 sw               x14, 8(x11)         x14:3e8f1a9f x11:10000f50  PA:10000f58
21024842ns          359411 1c0087f0 78352d63 p.beqimm         x10, 1946           x10:00000003
21024921ns          359415 1c008f8a 0077f7d3 fadd.s           f15, f15, f7        f15=xxxxxxxx f15:bfba11c0  f7:3f800000
21024941ns          359416 1c008f8e 40a28733 sub              x14, x5, x10        x14=00000002  x5:00000005 x10:00000003
21024961ns          359417 1c008f92 00f5a023 sw               x15, 0(x11)         x15:bee84700 x11:10000f50  PA:10000f50
21025021ns          359420 1c008f94 fa070d63 beq              x14, x0, -2118      x14:00000002
21025040ns          359421 1c008f98 00082023 sw               x0, 0(x16)          x16:10000f48  PA:10000f48
21025060ns          359422 1c008f9c fa172b63 p.beqimm         x14, -2122          x14:00000002
21025080ns          359423 1c008fa0 00082223 sw               x0, 4(x16)          x16:10000f48  PA:10000f4c
21025100ns          359424 1c008fa4 fa373563 p.bneimm         x14, -2134          x14:00000002
21025617ns          359450 1c00874e 0c552763 p.beqimm         x10, 206            x10:00000003
21025637ns          359451 1c008752 ffc3278b p.lw             x15, -4(x6!)        x15=41a0e4a3  x6=10000dc4  x6:10000dc8  PA:10000dc8
21025657ns          359452 1c008756 fec80813 addi             x16, x16, -20       x16=10000f34 x16:10000f48
21025677ns          359453 1c008758 a117a7d3 feq.s            x15, f15, f17       x15=00000000 f15:41a0e4a3 f17:00000000
21025697ns          359454 1c00875c fe858593 addi             x11, x11, -24       x11=10000f38 x11:10000f50
21025717ns          359455 1c00875e 00150513 addi             x10, x10, 1         x10=00000004 x10:00000003
21025737ns          359456 1c008760 fc079be3 bne              x15, x0, -42        x15:00000000
21025757ns          359457 1c008762 00251693 slli             x13, x10, 0x2       x13=00000010 x10:00000004
21025776ns          359458 1c008766 01458713 addi             x14, x11, 20        x14=10000f4c x11:10000f38
21025796ns          359459 1c00876a 40df86b3 sub              x13, x31, x13       x13=10000f88 x31:10000f98 x13:00000010
21025816ns          359460 1c00876e 40e686b3 sub              x13, x13, x14       x13=0000003c x13:10000f88 x14:10000f4c
21025856ns          359462 1c008770 fec68693 addi             x13, x13, -20       x13=00000028 x13:0000003c
21025896ns          359464 1c008772 0cccd7b7 lui              x15, 0xcccd000      x15=0cccd000
21025916ns          359465 1c008776 0026d693 srli             x13, x13, 0x2       x13=0000000a x13:00000028
21025936ns          359466 1c008778 ccd78793 addi             x15, x15, -819      x15=0ccccccd x15:0cccd000
21025955ns          359467 1c00877c 02f686b3 mul              x13, x13, x15       x13=80000002 x13:0000000a x15:0ccccccd
21025975ns          359468 1c008780 c3e6b6b3 p.bclr           x13, x13, 1, 30     x13=00000002 x13:80000002
21025995ns          359469 1c008784 0005a483 lw               x9, 0(x11)           x9=3f9cd2f4 x11:10000f38  PA:10000f38
21026015ns          359470 1c008786 0045aa83 lw               x21, 4(x11)         x21=3f31e9ff x11:10000f38  PA:10000f3c
21026035ns          359471 1c00878a 00168693 addi             x13, x13, 1         x13=00000003 x13:00000002
21026055ns          359472 1c00878c 00072983 lw               x19, 0(x14)         x19=00000000 x14:10000f4c  PA:10000f4c
21026075ns          359473 1c008790 00472a03 lw               x20, 4(x14)         x20=bee84700 x14:10000f4c  PA:10000f50
21026095ns          359474 1c008794 8934f7c3 fmadd.s          f15, f9, f19, f17   f15=xxxxxxxx  f9:3f9cd2f4 f19:00000000 f17:00000000
21026115ns          359475 1c008798 794af7c3 fmadd.s          f15, f21, f20, f15  f15=xxxxxxxx f21:3f31e9ff f20:bee84700 f15:00000000
21026134ns          359476 1c00879c 02252563 p.beqimm         x10, 42             x10:00000004
21026154ns          359477 1c0087a0 0085ab03 lw               x22, 8(x11)         x22=3e06a370 x11:10000f38  PA:10000f40
21026174ns          359478 1c0087a4 00872603 lw               x12, 8(x14)         x12=3f58a107 x14:10000f4c  PA:10000f54
21026214ns          359480 1c0087a6 78cb77c3 fmadd.s          f15, f22, f12, f15  f15=xxxxxxxx f22:3e06a370 f12:3f58a107 f15:bea16d67
21026234ns          359481 1c0087aa 00352e63 p.beqimm         x10, 28             x10:00000004
21026254ns          359482 1c0087ae 00c5ab03 lw               x22, 12(x11)        x22=3f2b8a81 x11:10000f38  PA:10000f44
21026274ns          359483 1c0087b2 00c72603 lw               x12, 12(x14)        x12=3e8f1a9f x14:10000f4c  PA:10000f58
21026313ns          359485 1c0087b4 78cb77c3 fmadd.s          f15, f22, f12, f15  f15=xxxxxxxx f22:3f2b8a81 f12:3e8f1a9f f15:be50ec37
21026333ns          359486 1c0087b8 00553763 p.bneimm         x10, 14             x10:00000004
21026433ns          359491 1c0087c6 1897f7d3 fdiv.s           f15, f15, f9        f15=xxxxxxxx f15:bc891e6d  f9:3f9cd2f4
21026711ns          359505 1c0087ca a117a653 feq.s            x12, f15, f17       x12=00000000 f15:bc5fd54c f17:00000000
21026731ns          359506 1c0087ce 6c060563 beq              x12, x0, 1738       x12:00000000
21026791ns          359509 1c008e98 20f797d3 fsgnjn.s         f15, f15, f15       f15=xxxxxxxx f15:bc5fd54c f15:bc5fd54c
21026811ns          359510 1c008e9c 98f4f4c3 fmadd.s          f9, f9, f15, f19     f9=xxxxxxxx  f9:3f9cd2f4 f15:3c5fd54c f19:00000000
21026831ns          359511 1c008ea0 00972023 sw               x9, 0(x14)           x9:3c891e6d x14:10000f4c  PA:10000f4c
21026851ns          359512 1c008ea2 0045a603 lw               x12, 4(x11)         x12=3f31e9ff x11:10000f38  PA:10000f3c
21026890ns          359514 1c008ea4 a0f67a43 fmadd.s          f20, f12, f15, f20  f20=xxxxxxxx f12:3f31e9ff f15:3c5fd54c f20:bee84700
21026910ns          359515 1c008ea8 01472223 sw               x20, 4(x14)         x20:bee36a87 x14:10000f4c  PA:10000f50
21026930ns          359516 1c008eac 02252563 p.beqimm         x10, 42             x10:00000004
21026950ns          359517 1c008eb0 0085a603 lw               x12, 8(x11)         x12=3e06a370 x11:10000f38  PA:10000f40
21026970ns          359518 1c008eb2 00872483 lw               x9, 8(x14)           x9=3f58a107 x14:10000f4c  PA:10000f54
21027010ns          359520 1c008eb4 48f67643 fmadd.s          f12, f12, f15, f9   f12=xxxxxxxx f12:3e06a370 f15:3c5fd54c  f9:3f58a107
21027030ns          359521 1c008eb8 00c72423 sw               x12, 8(x14)         x12:3f5916c0 x14:10000f4c  PA:10000f54
21027049ns          359522 1c008eba 00352e63 p.beqimm         x10, 28             x10:00000004
21027069ns          359523 1c008ebe 00c5a603 lw               x12, 12(x11)        x12=3f2b8a81 x11:10000f38  PA:10000f44
21027089ns          359524 1c008ec0 00c72483 lw               x9, 12(x14)          x9=3e8f1a9f x14:10000f4c  PA:10000f58
21027129ns          359526 1c008ec2 48f67643 fmadd.s          f12, f12, f15, f9   f12=xxxxxxxx f12:3f2b8a81 f15:3c5fd54c  f9:3e8f1a9f
21027149ns          359527 1c008ec6 00c72623 sw               x12, 12(x14)        x12:3e93ca84 x14:10000f4c  PA:10000f58
21027169ns          359528 1c008ec8 00553763 p.bneimm         x10, 14             x10:00000004
21027228ns          359531 1c008ed6 0005a483 lw               x9, 0(x11)           x9=3f9cd2f4 x11:10000f38  PA:10000f38
21027248ns          359532 1c008ed8 0045aa83 lw               x21, 4(x11)         x21=3f31e9ff x11:10000f38  PA:10000f3c
21027268ns          359533 1c008edc 01470713 addi             x14, x14, 20        x14=10000f60 x14:10000f4c
21027288ns          359534 1c008ede fff68693 addi             x13, x13, -1        x13=00000002 x13:00000003
21027308ns          359535 1c008ee0 8a0696e3 bne              x13, x0, -1876      x13:00000002
21027368ns          359538 1c00878c 00072983 lw               x19, 0(x14)         x19=00000000 x14:10000f60  PA:10000f60
21027388ns          359539 1c008790 00472a03 lw               x20, 4(x14)         x20=bf612e7a x14:10000f60  PA:10000f64
21027407ns          359540 1c008794 8934f7c3 fmadd.s          f15, f9, f19, f17   f15=xxxxxxxx  f9:3f9cd2f4 f19:00000000 f17:00000000
21027427ns          359541 1c008798 794af7c3 fmadd.s          f15, f21, f20, f15  f15=xxxxxxxx f21:3f31e9ff f20:bf612e7a f15:00000000
21027447ns          359542 1c00879c 02252563 p.beqimm         x10, 42             x10:00000004
21027467ns          359543 1c0087a0 0085ab03 lw               x22, 8(x11)         x22=3e06a370 x11:10000f38  PA:10000f40
21027487ns          359544 1c0087a4 00872603 lw               x12, 8(x14)         x12=bef37947 x14:10000f60  PA:10000f68
21027527ns          359546 1c0087a6 78cb77c3 fmadd.s          f15, f22, f12, f15  f15=xxxxxxxx f22:3e06a370 f12:bef37947 f15:bf1c7ef6
21027547ns          359547 1c0087aa 00352e63 p.beqimm         x10, 28             x10:00000004
21027567ns          359548 1c0087ae 00c5ab03 lw               x22, 12(x11)        x22=3f2b8a81 x11:10000f38  PA:10000f44
21027586ns          359549 1c0087b2 00c72603 lw               x12, 12(x14)        x12=3c444b6d x14:10000f60  PA:10000f6c
21027626ns          359551 1c0087b4 78cb77c3 fmadd.s          f15, f22, f12, f15  f15=xxxxxxxx f22:3f2b8a81 f12:3c444b6d f15:bf2c8093
21027646ns          359552 1c0087b8 00553763 p.bneimm         x10, 14             x10:00000004
21027726ns          359556 1c0087c6 1897f7d3 fdiv.s           f15, f15, f9        f15=xxxxxxxx f15:bf2a7271  f9:3f9cd2f4
21028004ns          359570 1c0087ca a117a653 feq.s            x12, f15, f17       x12=00000000 f15:bf0b1e7e f17:00000000
21028024ns          359571 1c0087ce 6c060563 beq              x12, x0, 1738       x12:00000000
21028084ns          359574 1c008e98 20f797d3 fsgnjn.s         f15, f15, f15       f15=xxxxxxxx f15:bf0b1e7e f15:bf0b1e7e
21028104ns          359575 1c008e9c 98f4f4c3 fmadd.s          f9, f9, f15, f19     f9=xxxxxxxx  f9:3f9cd2f4 f15:3f0b1e7e f19:00000000
21028124ns          359576 1c008ea0 00972023 sw               x9, 0(x14)           x9:3f2a7271 x14:10000f60  PA:10000f60
21028143ns          359577 1c008ea2 0045a603 lw               x12, 4(x11)         x12=3f31e9ff x11:10000f38  PA:10000f3c
21028183ns          359579 1c008ea4 a0f67a43 fmadd.s          f20, f12, f15, f20  f20=xxxxxxxx f12:3f31e9ff f15:3f0b1e7e f20:bf612e7a
21028203ns          359580 1c008ea8 01472223 sw               x20, 4(x14)         x20:bf007f3c x14:10000f60  PA:10000f64
21028223ns          359581 1c008eac 02252563 p.beqimm         x10, 42             x10:00000004
21028243ns          359582 1c008eb0 0085a603 lw               x12, 8(x11)         x12=3e06a370 x11:10000f38  PA:10000f40
21028263ns          359583 1c008eb2 00872483 lw               x9, 8(x14)           x9=bef37947 x14:10000f60  PA:10000f68
21028303ns          359585 1c008eb4 48f67643 fmadd.s          f12, f12, f15, f9   f12=xxxxxxxx f12:3e06a370 f15:3f0b1e7e  f9:bef37947
21028322ns          359586 1c008eb8 00c72423 sw               x12, 8(x14)         x12:becee3e3 x14:10000f60  PA:10000f68
21028342ns          359587 1c008eba 00352e63 p.beqimm         x10, 28             x10:00000004
21028362ns          359588 1c008ebe 00c5a603 lw               x12, 12(x11)        x12=3f2b8a81 x11:10000f38  PA:10000f44
21028382ns          359589 1c008ec0 00c72483 lw               x9, 12(x14)          x9=3c444b6d x14:10000f60  PA:10000f6c
21028422ns          359591 1c008ec2 48f67643 fmadd.s          f12, f12, f15, f9   f12=xxxxxxxx f12:3f2b8a81 f15:3f0b1e7e  f9:3c444b6d
21028442ns          359592 1c008ec6 00c72623 sw               x12, 12(x14)        x12:3ec093a1 x14:10000f60  PA:10000f6c
21028462ns          359593 1c008ec8 00553763 p.bneimm         x10, 14             x10:00000004
21028521ns          359596 1c008ed6 0005a483 lw               x9, 0(x11)           x9=3f9cd2f4 x11:10000f38  PA:10000f38
21028541ns          359597 1c008ed8 0045aa83 lw               x21, 4(x11)         x21=3f31e9ff x11:10000f38  PA:10000f3c
21028561ns          359598 1c008edc 01470713 addi             x14, x14, 20        x14=10000f74 x14:10000f60
21028581ns          359599 1c008ede fff68693 addi             x13, x13, -1        x13=00000001 x13:00000002
21028601ns          359600 1c008ee0 8a0696e3 bne              x13, x0, -1876      x13:00000001
21028661ns          359603 1c00878c 00072983 lw               x19, 0(x14)         x19=00000000 x14:10000f74  PA:10000f74
21028680ns          359604 1c008790 00472a03 lw               x20, 4(x14)         x20=3e127bc2 x14:10000f74  PA:10000f78
21028700ns          359605 1c008794 8934f7c3 fmadd.s          f15, f9, f19, f17   f15=xxxxxxxx  f9:3f9cd2f4 f19:00000000 f17:00000000
21028720ns          359606 1c008798 794af7c3 fmadd.s          f15, f21, f20, f15  f15=xxxxxxxx f21:3f31e9ff f20:3e127bc2 f15:00000000
21028740ns          359607 1c00879c 02252563 p.beqimm         x10, 42             x10:00000004
21028760ns          359608 1c0087a0 0085ab03 lw               x22, 8(x11)         x22=3e06a370 x11:10000f38  PA:10000f40
21028780ns          359609 1c0087a4 00872603 lw               x12, 8(x14)         x12=be762fea x14:10000f74  PA:10000f7c
21028820ns          359611 1c0087a6 78cb77c3 fmadd.s          f15, f22, f12, f15  f15=xxxxxxxx f22:3e06a370 f12:be762fea f15:3dcb9aeb
21028840ns          359612 1c0087aa 00352e63 p.beqimm         x10, 28             x10:00000004
21028859ns          359613 1c0087ae 00c5ab03 lw               x22, 12(x11)        x22=3f2b8a81 x11:10000f38  PA:10000f44
21028879ns          359614 1c0087b2 00c72603 lw               x12, 12(x14)        x12=3f75c735 x14:10000f74  PA:10000f80
21028919ns          359616 1c0087b4 78cb77c3 fmadd.s          f15, f22, f12, f15  f15=xxxxxxxx f22:3f2b8a81 f12:3f75c735 f15:3d8addcb
21028939ns          359617 1c0087b8 00553763 p.bneimm         x10, 14             x10:00000004
21029019ns          359621 1c0087c6 1897f7d3 fdiv.s           f15, f15, f9        f15=xxxxxxxx f15:3f360cc3  f9:3f9cd2f4
21029297ns          359635 1c0087ca a117a653 feq.s            x12, f15, f17       x12=00000000 f15:3f1496df f17:00000000
21029317ns          359636 1c0087ce 6c060563 beq              x12, x0, 1738       x12:00000000
21029377ns          359639 1c008e98 20f797d3 fsgnjn.s         f15, f15, f15       f15=xxxxxxxx f15:3f1496df f15:3f1496df
21029397ns          359640 1c008e9c 98f4f4c3 fmadd.s          f9, f9, f15, f19     f9=xxxxxxxx  f9:3f9cd2f4 f15:bf1496df f19:00000000
21029416ns          359641 1c008ea0 00972023 sw               x9, 0(x14)           x9:bf360cc3 x14:10000f74  PA:10000f74
21029436ns          359642 1c008ea2 0045a603 lw               x12, 4(x11)         x12=3f31e9ff x11:10000f38  PA:10000f3c
21029476ns          359644 1c008ea4 a0f67a43 fmadd.s          f20, f12, f15, f20  f20=xxxxxxxx f12:3f31e9ff f15:bf1496df f20:3e127bc2
21029496ns          359645 1c008ea8 01472223 sw               x20, 4(x14)         x20:be854a62 x14:10000f74  PA:10000f78
21029516ns          359646 1c008eac 02252563 p.beqimm         x10, 42             x10:00000004
21029536ns          359647 1c008eb0 0085a603 lw               x12, 8(x11)         x12=3e06a370 x11:10000f38  PA:10000f40
21029556ns          359648 1c008eb2 00872483 lw               x9, 8(x14)           x9=be762fea x14:10000f74  PA:10000f7c
21029595ns          359650 1c008eb4 48f67643 fmadd.s          f12, f12, f15, f9   f12=xxxxxxxx f12:3e06a370 f15:bf1496df  f9:be762fea
21029615ns          359651 1c008eb8 00c72423 sw               x12, 8(x14)         x12:bea22ae0 x14:10000f74  PA:10000f7c
21029635ns          359652 1c008eba 00352e63 p.beqimm         x10, 28             x10:00000004
21029655ns          359653 1c008ebe 00c5a603 lw               x12, 12(x11)        x12=3f2b8a81 x11:10000f38  PA:10000f44
21029675ns          359654 1c008ec0 00c72483 lw               x9, 12(x14)          x9=3f75c735 x14:10000f74  PA:10000f80
21029715ns          359656 1c008ec2 48f67643 fmadd.s          f12, f12, f15, f9   f12=xxxxxxxx f12:3f2b8a81 f15:bf1496df  f9:3f75c735
21029735ns          359657 1c008ec6 00c72623 sw               x12, 12(x14)        x12:3f12360a x14:10000f74  PA:10000f80
21029755ns          359658 1c008ec8 00553763 p.bneimm         x10, 14             x10:00000004
21029814ns          359661 1c008ed6 0005a483 lw               x9, 0(x11)           x9=3f9cd2f4 x11:10000f38  PA:10000f38
21029834ns          359662 1c008ed8 0045aa83 lw               x21, 4(x11)         x21=3f31e9ff x11:10000f38  PA:10000f3c
21029874ns          359664 1c008edc 01470713 addi             x14, x14, 20        x14=10000f88 x14:10000f74
21029894ns          359665 1c008ede fff68693 addi             x13, x13, -1        x13=00000000 x13:00000001
21029914ns          359666 1c008ee0 8a0696e3 bne              x13, x0, -1876      x13:00000000
21029934ns          359667 1c008ee4 8f5ff06f jal              x0, -1804          
21029973ns          359669 1c0087d8 209497d3 fsgnjn.s         f15, f9, f9         f15=xxxxxxxx  f9:3f9cd2f4  f9:3f9cd2f4
21029993ns          359670 1c0087dc 215a9753 fsgnjn.s         f14, f21, f21       f14=xxxxxxxx f21:3f31e9ff f21:3f31e9ff
21030013ns          359671 1c0087e0 00f5a023 sw               x15, 0(x11)         x15:bf9cd2f4 x11:10000f38  PA:10000f38
21030033ns          359672 1c0087e2 00e5a223 sw               x14, 4(x11)         x14:bf31e9ff x11:10000f38  PA:10000f3c
21030053ns          359673 1c0087e4 7a252363 p.beqimm         x10, 1958           x10:00000004
21030073ns          359674 1c0087e8 0085a703 lw               x14, 8(x11)         x14=3e06a370 x11:10000f38  PA:10000f40
21030113ns          359676 1c0087ea 20e71753 fsgnjn.s         f14, f14, f14       f14=xxxxxxxx f14:3e06a370 f14:3e06a370
21030133ns          359677 1c0087ee 00e5a423 sw               x14, 8(x11)         x14:be06a370 x11:10000f38  PA:10000f40
21030152ns          359678 1c0087f0 78352d63 p.beqimm         x10, 1946           x10:00000004
21030172ns          359679 1c0087f4 00c5a703 lw               x14, 12(x11)        x14=3f2b8a81 x11:10000f38  PA:10000f44
21030212ns          359681 1c0087f6 20e71753 fsgnjn.s         f14, f14, f14       f14=xxxxxxxx f14:3f2b8a81 f14:3f2b8a81
21030232ns          359682 1c0087fa 00e5a623 sw               x14, 12(x11)        x14:bf2b8a81 x11:10000f38  PA:10000f44
21030252ns          359683 1c0087fc 00552463 p.beqimm         x10, 8              x10:00000004
21030650ns          359703 1c008800 5370106f jal              x0, 7478           
21030769ns          359709 1c00a536 01c7f7d3 fadd.s           f15, f15, f28       f15=xxxxxxxx f15:bf9cd2f4 f28:3f800000
21030789ns          359710 1c00a53a 40a28733 sub              x14, x5, x10        x14=00000001  x5:00000005 x10:00000004
21030809ns          359711 1c00a53e 00f5a023 sw               x15, 0(x11)         x15:be6697a0 x11:10000f38  PA:10000f38
21030849ns          359713 1c00a540 a59fe06f jal              x0, -5544          
21030888ns          359715 1c008f98 00082023 sw               x0, 0(x16)          x16:10000f34  PA:10000f34
21030908ns          359716 1c008f9c fa172b63 p.beqimm         x14, -2122          x14:00000001
21030988ns          359720 1c008752 ffc3278b p.lw             x15, -4(x6!)        x15=c17cf548  x6=10000dc0  x6:10000dc4  PA:10000dc4
21031008ns          359721 1c008756 fec80813 addi             x16, x16, -20       x16=10000f20 x16:10000f34
21031028ns          359722 1c008758 a117a7d3 feq.s            x15, f15, f17       x15=00000000 f15:c17cf548 f17:00000000
21031047ns          359723 1c00875c fe858593 addi             x11, x11, -24       x11=10000f20 x11:10000f38
21031067ns          359724 1c00875e 00150513 addi             x10, x10, 1         x10=00000005 x10:00000004
21031087ns          359725 1c008760 fc079be3 bne              x15, x0, -42        x15:00000000
21031107ns          359726 1c008762 00251693 slli             x13, x10, 0x2       x13=00000014 x10:00000005
21031127ns          359727 1c008766 01458713 addi             x14, x11, 20        x14=10000f34 x11:10000f20
21031147ns          359728 1c00876a 40df86b3 sub              x13, x31, x13       x13=10000f84 x31:10000f98 x13:00000014
21031167ns          359729 1c00876e 40e686b3 sub              x13, x13, x14       x13=00000050 x13:10000f84 x14:10000f34
21031187ns          359730 1c008770 fec68693 addi             x13, x13, -20       x13=0000003c x13:00000050
21031207ns          359731 1c008772 0cccd7b7 lui              x15, 0xcccd000      x15=0cccd000
21031226ns          359732 1c008776 0026d693 srli             x13, x13, 0x2       x13=0000000f x13:0000003c
21031246ns          359733 1c008778 ccd78793 addi             x15, x15, -819      x15=0ccccccd x15:0cccd000
21031266ns          359734 1c00877c 02f686b3 mul              x13, x13, x15       x13=c0000003 x13:0000000f x15:0ccccccd
21031286ns          359735 1c008780 c3e6b6b3 p.bclr           x13, x13, 1, 30     x13=00000003 x13:c0000003
21031306ns          359736 1c008784 0005a483 lw               x9, 0(x11)           x9=3fd236fb x11:10000f20  PA:10000f20
21031326ns          359737 1c008786 0045aa83 lw               x21, 4(x11)         x21=3efdd926 x11:10000f20  PA:10000f24
21031346ns          359738 1c00878a 00168693 addi             x13, x13, 1         x13=00000004 x13:00000003
21031366ns          359739 1c00878c 00072983 lw               x19, 0(x14)         x19=00000000 x14:10000f34  PA:10000f34
21031386ns          359740 1c008790 00472a03 lw               x20, 4(x14)         x20=be6697a0 x14:10000f34  PA:10000f38
21031406ns          359741 1c008794 8934f7c3 fmadd.s          f15, f9, f19, f17   f15=xxxxxxxx  f9:3fd236fb f19:00000000 f17:00000000
21031425ns          359742 1c008798 794af7c3 fmadd.s          f15, f21, f20, f15  f15=xxxxxxxx f21:3efdd926 f20:be6697a0 f15:00000000
21031445ns          359743 1c00879c 02252563 p.beqimm         x10, 42             x10:00000005
21031465ns          359744 1c0087a0 0085ab03 lw               x22, 8(x11)         x22=3c413e0b x11:10000f20  PA:10000f28
21031485ns          359745 1c0087a4 00872603 lw               x12, 8(x14)         x12=bf31e9ff x14:10000f34  PA:10000f3c
21031525ns          359747 1c0087a6 78cb77c3 fmadd.s          f15, f22, f12, f15  f15=xxxxxxxx f22:3c413e0b f12:bf31e9ff f15:bde4a772
21031545ns          359748 1c0087aa 00352e63 p.beqimm         x10, 28             x10:00000005
21031565ns          359749 1c0087ae 00c5ab03 lw               x22, 12(x11)        x22=3f122c57 x11:10000f20  PA:10000f2c
21031585ns          359750 1c0087b2 00c72603 lw               x12, 12(x14)        x12=be06a370 x14:10000f34  PA:10000f40
21031624ns          359752 1c0087b4 78cb77c3 fmadd.s          f15, f22, f12, f15  f15=xxxxxxxx f22:3f122c57 f12:be06a370 f15:bdf57103
21031644ns          359753 1c0087b8 00553763 p.bneimm         x10, 14             x10:00000005
21031664ns          359754 1c0087bc 0105ab03 lw               x22, 16(x11)        x22=3dfeae24 x11:10000f20  PA:10000f30
21031684ns          359755 1c0087c0 01072603 lw               x12, 16(x14)        x12=bf2b8a81 x14:10000f34  PA:10000f44
21031724ns          359757 1c0087c2 78cb77c3 fmadd.s          f15, f22, f12, f15  f15=xxxxxxxx f22:3dfeae24 f12:bf2b8a81 f15:be479909
21031744ns          359758 1c0087c6 1897f7d3 fdiv.s           f15, f15, f9        f15=xxxxxxxx f15:be8e768c  f9:3fd236fb
21032022ns          359772 1c0087ca a117a653 feq.s            x12, f15, f17       x12=00000000 f15:be2d7de9 f17:00000000
21032042ns          359773 1c0087ce 6c060563 beq              x12, x0, 1738       x12:00000000
21032102ns          359776 1c008e98 20f797d3 fsgnjn.s         f15, f15, f15       f15=xxxxxxxx f15:be2d7de9 f15:be2d7de9
21032122ns          359777 1c008e9c 98f4f4c3 fmadd.s          f9, f9, f15, f19     f9=xxxxxxxx  f9:3fd236fb f15:3e2d7de9 f19:00000000
21032141ns          359778 1c008ea0 00972023 sw               x9, 0(x14)           x9:3e8e768c x14:10000f34  PA:10000f34
21032161ns          359779 1c008ea2 0045a603 lw               x12, 4(x11)         x12=3efdd926 x11:10000f20  PA:10000f24
21032201ns          359781 1c008ea4 a0f67a43 fmadd.s          f20, f12, f15, f20  f20=xxxxxxxx f12:3efdd926 f15:3e2d7de9 f20:be6697a0
21032221ns          359782 1c008ea8 01472223 sw               x20, 4(x14)         x20:be109354 x14:10000f34  PA:10000f38
21032241ns          359783 1c008eac 02252563 p.beqimm         x10, 42             x10:00000005
21032261ns          359784 1c008eb0 0085a603 lw               x12, 8(x11)         x12=3c413e0b x11:10000f20  PA:10000f28
21032281ns          359785 1c008eb2 00872483 lw               x9, 8(x14)           x9=bf31e9ff x14:10000f34  PA:10000f3c
21032320ns          359787 1c008eb4 48f67643 fmadd.s          f12, f12, f15, f9   f12=xxxxxxxx f12:3c413e0b f15:3e2d7de9  f9:bf31e9ff
21032340ns          359788 1c008eb8 00c72423 sw               x12, 8(x14)         x12:bf316709 x14:10000f34  PA:10000f3c
21032360ns          359789 1c008eba 00352e63 p.beqimm         x10, 28             x10:00000005
21032380ns          359790 1c008ebe 00c5a603 lw               x12, 12(x11)        x12=3f122c57 x11:10000f20  PA:10000f2c
21032400ns          359791 1c008ec0 00c72483 lw               x9, 12(x14)          x9=be06a370 x14:10000f34  PA:10000f40
21032440ns          359793 1c008ec2 48f67643 fmadd.s          f12, f12, f15, f9   f12=xxxxxxxx f12:3f122c57 f15:3e2d7de9  f9:be06a370
21032460ns          359794 1c008ec6 00c72623 sw               x12, 12(x14)        x12:bd0e4e52 x14:10000f34  PA:10000f40
21032480ns          359795 1c008ec8 00553763 p.bneimm         x10, 14             x10:00000005
21032500ns          359796 1c008ecc 0105a603 lw               x12, 16(x11)        x12=3dfeae24 x11:10000f20  PA:10000f30
21032519ns          359797 1c008ece 01072483 lw               x9, 16(x14)          x9=bf2b8a81 x14:10000f34  PA:10000f44
21032559ns          359799 1c008ed0 48f677c3 fmadd.s          f15, f12, f15, f9   f15=xxxxxxxx f12:3dfeae24 f15:3e2d7de9  f9:bf2b8a81
21032579ns          359800 1c008ed4 00f72823 sw               x15, 16(x14)        x15:bf2625b9 x14:10000f34  PA:10000f44
21032599ns          359801 1c008ed6 0005a483 lw               x9, 0(x11)           x9=3fd236fb x11:10000f20  PA:10000f20
21032619ns          359802 1c008ed8 0045aa83 lw               x21, 4(x11)         x21=3efdd926 x11:10000f20  PA:10000f24
21032639ns          359803 1c008edc 01470713 addi             x14, x14, 20        x14=10000f48 x14:10000f34
21032659ns          359804 1c008ede fff68693 addi             x13, x13, -1        x13=00000003 x13:00000004
21032679ns          359805 1c008ee0 8a0696e3 bne              x13, x0, -1876      x13:00000003
21032738ns          359808 1c00878c 00072983 lw               x19, 0(x14)         x19=00000000 x14:10000f48  PA:10000f48
21032758ns          359809 1c008790 00472a03 lw               x20, 4(x14)         x20=3c891e6d x14:10000f48  PA:10000f4c
21032778ns          359810 1c008794 8934f7c3 fmadd.s          f15, f9, f19, f17   f15=xxxxxxxx  f9:3fd236fb f19:00000000 f17:00000000
21032798ns          359811 1c008798 794af7c3 fmadd.s          f15, f21, f20, f15  f15=xxxxxxxx f21:3efdd926 f20:3c891e6d f15:00000000
21032818ns          359812 1c00879c 02252563 p.beqimm         x10, 42             x10:00000005
21032838ns          359813 1c0087a0 0085ab03 lw               x22, 8(x11)         x22=3c413e0b x11:10000f20  PA:10000f28
21032858ns          359814 1c0087a4 00872603 lw               x12, 8(x14)         x12=bee36a87 x14:10000f48  PA:10000f50
21032897ns          359816 1c0087a6 78cb77c3 fmadd.s          f15, f22, f12, f15  f15=xxxxxxxx f22:3c413e0b f12:bee36a87 f15:3c07f761
21032917ns          359817 1c0087aa 00352e63 p.beqimm         x10, 28             x10:00000005
21032937ns          359818 1c0087ae 00c5ab03 lw               x22, 12(x11)        x22=3f122c57 x11:10000f20  PA:10000f2c
21032957ns          359819 1c0087b2 00c72603 lw               x12, 12(x14)        x12=3f5916c0 x14:10000f48  PA:10000f54
21032997ns          359821 1c0087b4 78cb77c3 fmadd.s          f15, f22, f12, f15  f15=xxxxxxxx f22:3f122c57 f12:3f5916c0 f15:3b4888a9
21033017ns          359822 1c0087b8 00553763 p.bneimm         x10, 14             x10:00000005
21033037ns          359823 1c0087bc 0105ab03 lw               x22, 16(x11)        x22=3dfeae24 x11:10000f20  PA:10000f30
21033056ns          359824 1c0087c0 01072603 lw               x12, 16(x14)        x12=3e93ca84 x14:10000f48  PA:10000f58
21033096ns          359826 1c0087c2 78cb77c3 fmadd.s          f15, f22, f12, f15  f15=xxxxxxxx f22:3dfeae24 f12:3e93ca84 f15:3ef97a38
21033116ns          359827 1c0087c6 1897f7d3 fdiv.s           f15, f15, f9        f15=xxxxxxxx f15:3f05ed93  f9:3fd236fb
21033395ns          359841 1c0087ca a117a653 feq.s            x12, f15, f17       x12=00000000 f15:3ea3190c f17:00000000
21033414ns          359842 1c0087ce 6c060563 beq              x12, x0, 1738       x12:00000000
21033474ns          359845 1c008e98 20f797d3 fsgnjn.s         f15, f15, f15       f15=xxxxxxxx f15:3ea3190c f15:3ea3190c
21033494ns          359846 1c008e9c 98f4f4c3 fmadd.s          f9, f9, f15, f19     f9=xxxxxxxx  f9:3fd236fb f15:bea3190c f19:00000000
21033514ns          359847 1c008ea0 00972023 sw               x9, 0(x14)           x9:bf05ed93 x14:10000f48  PA:10000f48
21033534ns          359848 1c008ea2 0045a603 lw               x12, 4(x11)         x12=3efdd926 x11:10000f20  PA:10000f24
21033574ns          359850 1c008ea4 a0f67a43 fmadd.s          f20, f12, f15, f20  f20=xxxxxxxx f12:3efdd926 f15:bea3190c f20:3c891e6d
21033593ns          359851 1c008ea8 01472223 sw               x20, 4(x14)         x20:be10964c x14:10000f48  PA:10000f4c
21033633ns          359853 1c008eac 02252563 p.beqimm         x10, 42             x10:00000005
21033653ns          359854 1c008eb0 0085a603 lw               x12, 8(x11)         x12=3c413e0b x11:10000f20  PA:10000f28
21033673ns          359855 1c008eb2 00872483 lw               x9, 8(x14)           x9=bee36a87 x14:10000f48  PA:10000f50
21033713ns          359857 1c008eb4 48f67643 fmadd.s          f12, f12, f15, f9   f12=xxxxxxxx f12:3c413e0b f15:bea3190c  f9:bee36a87
21033733ns          359858 1c008eb8 00c72423 sw               x12, 8(x14)         x12:bee556fd x14:10000f48  PA:10000f50
21033753ns          359859 1c008eba 00352e63 p.beqimm         x10, 28             x10:00000005
21033773ns          359860 1c008ebe 00c5a603 lw               x12, 12(x11)        x12=3f122c57 x11:10000f20  PA:10000f2c
21033812ns          359862 1c008ec0 00c72483 lw               x9, 12(x14)          x9=3f5916c0 x14:10000f48  PA:10000f54
21033852ns          359864 1c008ec2 48f67643 fmadd.s          f12, f12, f15, f9   f12=xxxxxxxx f12:3f122c57 f15:bea3190c  f9:3f5916c0
21033872ns          359865 1c008ec6 00c72623 sw               x12, 12(x14)        x12:3f2a867c x14:10000f48  PA:10000f54
21033892ns          359866 1c008ec8 00553763 p.bneimm         x10, 14             x10:00000005
21033912ns          359867 1c008ecc 0105a603 lw               x12, 16(x11)        x12=3dfeae24 x11:10000f20  PA:10000f30
21033932ns          359868 1c008ece 01072483 lw               x9, 16(x14)          x9=3e93ca84 x14:10000f48  PA:10000f58
21033971ns          359870 1c008ed0 48f677c3 fmadd.s          f15, f12, f15, f9   f15=xxxxxxxx f12:3dfeae24 f15:bea3190c  f9:3e93ca84
21033991ns          359871 1c008ed4 00f72823 sw               x15, 16(x14)        x15:3e7f0495 x14:10000f48  PA:10000f58
21034011ns          359872 1c008ed6 0005a483 lw               x9, 0(x11)           x9=3fd236fb x11:10000f20  PA:10000f20
21034031ns          359873 1c008ed8 0045aa83 lw               x21, 4(x11)         x21=3efdd926 x11:10000f20  PA:10000f24
21034051ns          359874 1c008edc 01470713 addi             x14, x14, 20        x14=10000f5c x14:10000f48
21034071ns          359875 1c008ede fff68693 addi             x13, x13, -1        x13=00000002 x13:00000003
21034091ns          359876 1c008ee0 8a0696e3 bne              x13, x0, -1876      x13:00000002
21034150ns          359879 1c00878c 00072983 lw               x19, 0(x14)         x19=00000000 x14:10000f5c  PA:10000f5c
21034170ns          359880 1c008790 00472a03 lw               x20, 4(x14)         x20=3f2a7271 x14:10000f5c  PA:10000f60
21034190ns          359881 1c008794 8934f7c3 fmadd.s          f15, f9, f19, f17   f15=xxxxxxxx  f9:3fd236fb f19:00000000 f17:00000000
21034210ns          359882 1c008798 794af7c3 fmadd.s          f15, f21, f20, f15  f15=xxxxxxxx f21:3efdd926 f20:3f2a7271 f15:00000000
21034230ns          359883 1c00879c 02252563 p.beqimm         x10, 42             x10:00000005
21034250ns          359884 1c0087a0 0085ab03 lw               x22, 8(x11)         x22=3c413e0b x11:10000f20  PA:10000f28
21034270ns          359885 1c0087a4 00872603 lw               x12, 8(x14)         x12=bf007f3c x14:10000f5c  PA:10000f64
21034310ns          359887 1c0087a6 78cb77c3 fmadd.s          f15, f22, f12, f15  f15=xxxxxxxx f22:3c413e0b f12:bf007f3c f15:3ea903ae
21034329ns          359888 1c0087aa 00352e63 p.beqimm         x10, 28             x10:00000005
21034349ns          359889 1c0087ae 00c5ab03 lw               x22, 12(x11)        x22=3f122c57 x11:10000f20  PA:10000f2c
21034369ns          359890 1c0087b2 00c72603 lw               x12, 12(x14)        x12=becee3e3 x14:10000f5c  PA:10000f68
21034409ns          359892 1c0087b4 78cb77c3 fmadd.s          f15, f22, f12, f15  f15=xxxxxxxx f22:3f122c57 f12:becee3e3 f15:3ea5fbb5
21034429ns          359893 1c0087b8 00553763 p.bneimm         x10, 14             x10:00000005
21034449ns          359894 1c0087bc 0105ab03 lw               x22, 16(x11)        x22=3dfeae24 x11:10000f20  PA:10000f30
21034469ns          359895 1c0087c0 01072603 lw               x12, 16(x14)        x12=3ec093a1 x14:10000f5c  PA:10000f6c
21034508ns          359897 1c0087c2 78cb77c3 fmadd.s          f15, f22, f12, f15  f15=xxxxxxxx f22:3dfeae24 f12:3ec093a1 f15:3dbf67a0
21034528ns          359898 1c0087c6 1897f7d3 fdiv.s           f15, f15, f9        f15=xxxxxxxx f15:3e0f992e  f9:3fd236fb
21034807ns          359912 1c0087ca a117a653 feq.s            x12, f15, f17       x12=00000000 f15:3daedfd8 f17:00000000
21034827ns          359913 1c0087ce 6c060563 beq              x12, x0, 1738       x12:00000000
21034886ns          359916 1c008e98 20f797d3 fsgnjn.s         f15, f15, f15       f15=xxxxxxxx f15:3daedfd8 f15:3daedfd8
21034906ns          359917 1c008e9c 98f4f4c3 fmadd.s          f9, f9, f15, f19     f9=xxxxxxxx  f9:3fd236fb f15:bdaedfd8 f19:00000000
21034926ns          359918 1c008ea0 00972023 sw               x9, 0(x14)           x9:be0f992e x14:10000f5c  PA:10000f5c
21034946ns          359919 1c008ea2 0045a603 lw               x12, 4(x11)         x12=3efdd926 x11:10000f20  PA:10000f24
21034986ns          359921 1c008ea4 a0f67a43 fmadd.s          f20, f12, f15, f20  f20=xxxxxxxx f12:3efdd926 f15:bdaedfd8 f20:3f2a7271
21035006ns          359922 1c008ea8 01472223 sw               x20, 4(x14)         x20:3f1f9bf8 x14:10000f5c  PA:10000f60
21035026ns          359923 1c008eac 02252563 p.beqimm         x10, 42             x10:00000005
21035046ns          359924 1c008eb0 0085a603 lw               x12, 8(x11)         x12=3c413e0b x11:10000f20  PA:10000f28
21035065ns          359925 1c008eb2 00872483 lw               x9, 8(x14)           x9=bf007f3c x14:10000f5c  PA:10000f64
21035105ns          359927 1c008eb4 48f67643 fmadd.s          f12, f12, f15, f9   f12=xxxxxxxx f12:3c413e0b f15:bdaedfd8  f9:bf007f3c
21035125ns          359928 1c008eb8 00c72423 sw               x12, 8(x14)         x12:bf00c13d x14:10000f5c  PA:10000f64
21035145ns          359929 1c008eba 00352e63 p.beqimm         x10, 28             x10:00000005
21035165ns          359930 1c008ebe 00c5a603 lw               x12, 12(x11)        x12=3f122c57 x11:10000f20  PA:10000f2c
21035185ns          359931 1c008ec0 00c72483 lw               x9, 12(x14)          x9=becee3e3 x14:10000f5c  PA:10000f68
21035225ns          359933 1c008ec2 48f67643 fmadd.s          f12, f12, f15, f9   f12=xxxxxxxx f12:3f122c57 f15:bdaedfd8  f9:becee3e3
21035244ns          359934 1c008ec6 00c72623 sw               x12, 12(x14)        x12:bee7da60 x14:10000f5c  PA:10000f68
21035264ns          359935 1c008ec8 00553763 p.bneimm         x10, 14             x10:00000005
21035284ns          359936 1c008ecc 0105a603 lw               x12, 16(x11)        x12=3dfeae24 x11:10000f20  PA:10000f30
21035304ns          359937 1c008ece 01072483 lw               x9, 16(x14)          x9=3ec093a1 x14:10000f5c  PA:10000f6c
21035344ns          359939 1c008ed0 48f677c3 fmadd.s          f15, f12, f15, f9   f15=xxxxxxxx f12:3dfeae24 f15:bdaedfd8  f9:3ec093a1
21035364ns          359940 1c008ed4 00f72823 sw               x15, 16(x14)        x15:3ebb23d9 x14:10000f5c  PA:10000f6c
21035384ns          359941 1c008ed6 0005a483 lw               x9, 0(x11)           x9=3fd236fb x11:10000f20  PA:10000f20
21035404ns          359942 1c008ed8 0045aa83 lw               x21, 4(x11)         x21=3efdd926 x11:10000f20  PA:10000f24
21035423ns          359943 1c008edc 01470713 addi             x14, x14, 20        x14=10000f70 x14:10000f5c
21035443ns          359944 1c008ede fff68693 addi             x13, x13, -1        x13=00000001 x13:00000002
21035463ns          359945 1c008ee0 8a0696e3 bne              x13, x0, -1876      x13:00000001
21035523ns          359948 1c00878c 00072983 lw               x19, 0(x14)         x19=00000000 x14:10000f70  PA:10000f70
21035543ns          359949 1c008790 00472a03 lw               x20, 4(x14)         x20=bf360cc3 x14:10000f70  PA:10000f74
21035563ns          359950 1c008794 8934f7c3 fmadd.s          f15, f9, f19, f17   f15=xxxxxxxx  f9:3fd236fb f19:00000000 f17:00000000
21035583ns          359951 1c008798 794af7c3 fmadd.s          f15, f21, f20, f15  f15=xxxxxxxx f21:3efdd926 f20:bf360cc3 f15:00000000
21035602ns          359952 1c00879c 02252563 p.beqimm         x10, 42             x10:00000005
21035622ns          359953 1c0087a0 0085ab03 lw               x22, 8(x11)         x22=3c413e0b x11:10000f20  PA:10000f28
21035642ns          359954 1c0087a4 00872603 lw               x12, 8(x14)         x12=be854a62 x14:10000f70  PA:10000f78
21035682ns          359956 1c0087a6 78cb77c3 fmadd.s          f15, f22, f12, f15  f15=xxxxxxxx f22:3c413e0b f12:be854a62 f15:beb48509
21035702ns          359957 1c0087aa 00352e63 p.beqimm         x10, 28             x10:00000005
21035722ns          359958 1c0087ae 00c5ab03 lw               x22, 12(x11)        x22=3f122c57 x11:10000f20  PA:10000f2c
21035742ns          359959 1c0087b2 00c72603 lw               x12, 12(x14)        x12=bea22ae0 x14:10000f70  PA:10000f7c
21035781ns          359961 1c0087b4 78cb77c3 fmadd.s          f15, f22, f12, f15  f15=xxxxxxxx f22:3f122c57 f12:bea22ae0 f15:beb6177f
21035801ns          359962 1c0087b8 00553763 p.bneimm         x10, 14             x10:00000005
21035821ns          359963 1c0087bc 0105ab03 lw               x22, 16(x11)        x22=3dfeae24 x11:10000f20  PA:10000f30
21035861ns          359965 1c0087c0 01072603 lw               x12, 16(x14)        x12=3f12360a x14:10000f70  PA:10000f80
21035901ns          359967 1c0087c2 78cb77c3 fmadd.s          f15, f22, f12, f15  f15=xxxxxxxx f22:3dfeae24 f12:3f12360a f15:bf095805
21035921ns          359968 1c0087c6 1897f7d3 fdiv.s           f15, f15, f9        f15=xxxxxxxx f15:beee52c5  f9:3fd236fb
21036199ns          359982 1c0087ca a117a653 feq.s            x12, f15, f17       x12=00000000 f15:be911d86 f17:00000000
21036219ns          359983 1c0087ce 6c060563 beq              x12, x0, 1738       x12:00000000
21036279ns          359986 1c008e98 20f797d3 fsgnjn.s         f15, f15, f15       f15=xxxxxxxx f15:be911d86 f15:be911d86
21036299ns          359987 1c008e9c 98f4f4c3 fmadd.s          f9, f9, f15, f19     f9=xxxxxxxx  f9:3fd236fb f15:3e911d86 f19:00000000
21036319ns          359988 1c008ea0 00972023 sw               x9, 0(x14)           x9:3eee52c5 x14:10000f70  PA:10000f70
21036338ns          359989 1c008ea2 0045a603 lw               x12, 4(x11)         x12=3efdd926 x11:10000f20  PA:10000f24
21036378ns          359991 1c008ea4 a0f67a43 fmadd.s          f20, f12, f15, f20  f20=xxxxxxxx f12:3efdd926 f15:3e911d86 f20:bf360cc3
21036398ns          359992 1c008ea8 01472223 sw               x20, 4(x14)         x20:bf121372 x14:10000f70  PA:10000f74
21036418ns          359993 1c008eac 02252563 p.beqimm         x10, 42             x10:00000005
21036438ns          359994 1c008eb0 0085a603 lw               x12, 8(x11)         x12=3c413e0b x11:10000f20  PA:10000f28
21036458ns          359995 1c008eb2 00872483 lw               x9, 8(x14)           x9=be854a62 x14:10000f70  PA:10000f78
21036498ns          359997 1c008eb4 48f67643 fmadd.s          f12, f12, f15, f9   f12=xxxxxxxx f12:3c413e0b f15:3e911d86  f9:be854a62
21036517ns          359998 1c008eb8 00c72423 sw               x12, 8(x14)         x12:be839438 x14:10000f70  PA:10000f78
21036537ns          359999 1c008eba 00352e63 p.beqimm         x10, 28             x10:00000005
21036557ns          360000 1c008ebe 00c5a603 lw               x12, 12(x11)        x12=3f122c57 x11:10000f20  PA:10000f2c
21036577ns          360001 1c008ec0 00c72483 lw               x9, 12(x14)          x9=bea22ae0 x14:10000f70  PA:10000f7c
21036617ns          360003 1c008ec2 48f67643 fmadd.s          f12, f12, f15, f9   f12=xxxxxxxx f12:3f122c57 f15:3e911d86  f9:bea22ae0
21036637ns          360004 1c008ec6 00c72623 sw               x12, 12(x14)        x12:be1e9dce x14:10000f70  PA:10000f7c
21036657ns          360005 1c008ec8 00553763 p.bneimm         x10, 14             x10:00000005
21036677ns          360006 1c008ecc 0105a603 lw               x12, 16(x11)        x12=3dfeae24 x11:10000f20  PA:10000f30
21036696ns          360007 1c008ece 01072483 lw               x9, 16(x14)          x9=3f12360a x14:10000f70  PA:10000f80
21036736ns          360009 1c008ed0 48f677c3 fmadd.s          f15, f12, f15, f9   f15=xxxxxxxx f12:3dfeae24 f15:3e911d86  f9:3f12360a
21036756ns          360010 1c008ed4 00f72823 sw               x15, 16(x14)        x15:3f1b3bea x14:10000f70  PA:10000f80
21036776ns          360011 1c008ed6 0005a483 lw               x9, 0(x11)           x9=3fd236fb x11:10000f20  PA:10000f20
21036796ns          360012 1c008ed8 0045aa83 lw               x21, 4(x11)         x21=3efdd926 x11:10000f20  PA:10000f24
21036816ns          360013 1c008edc 01470713 addi             x14, x14, 20        x14=10000f84 x14:10000f70
21036836ns          360014 1c008ede fff68693 addi             x13, x13, -1        x13=00000000 x13:00000001
21036856ns          360015 1c008ee0 8a0696e3 bne              x13, x0, -1876      x13:00000000
21036875ns          360016 1c008ee4 8f5ff06f jal              x0, -1804          
21036915ns          360018 1c0087d8 209497d3 fsgnjn.s         f15, f9, f9         f15=xxxxxxxx  f9:3fd236fb  f9:3fd236fb
21036935ns          360019 1c0087dc 215a9753 fsgnjn.s         f14, f21, f21       f14=xxxxxxxx f21:3efdd926 f21:3efdd926
21036955ns          360020 1c0087e0 00f5a023 sw               x15, 0(x11)         x15:bfd236fb x11:10000f20  PA:10000f20
21036975ns          360021 1c0087e2 00e5a223 sw               x14, 4(x11)         x14:befdd926 x11:10000f20  PA:10000f24
21036995ns          360022 1c0087e4 7a252363 p.beqimm         x10, 1958           x10:00000005
21037015ns          360023 1c0087e8 0085a703 lw               x14, 8(x11)         x14=3c413e0b x11:10000f20  PA:10000f28
21037054ns          360025 1c0087ea 20e71753 fsgnjn.s         f14, f14, f14       f14=xxxxxxxx f14:3c413e0b f14:3c413e0b
21037074ns          360026 1c0087ee 00e5a423 sw               x14, 8(x11)         x14:bc413e0b x11:10000f20  PA:10000f28
21037094ns          360027 1c0087f0 78352d63 p.beqimm         x10, 1946           x10:00000005
21037114ns          360028 1c0087f4 00c5a703 lw               x14, 12(x11)        x14=3f122c57 x11:10000f20  PA:10000f2c
21037154ns          360030 1c0087f6 20e71753 fsgnjn.s         f14, f14, f14       f14=xxxxxxxx f14:3f122c57 f14:3f122c57
21037174ns          360031 1c0087fa 00e5a623 sw               x14, 12(x11)        x14:bf122c57 x11:10000f20  PA:10000f2c
21037194ns          360032 1c0087fc 00552463 p.beqimm         x10, 8              x10:00000005
21037253ns          360035 1c008804 01082783 lw               x15, 16(x16)        x15=3dfeae24 x16:10000f20  PA:10000f30
21037293ns          360037 1c008808 20f797d3 fsgnjn.s         f15, f15, f15       f15=xxxxxxxx f15:3dfeae24 f15:3dfeae24
21037313ns          360038 1c00880c 00f82823 sw               x15, 16(x16)        x15:bdfeae24 x16:10000f20  PA:10000f30
21037751ns          360060 1c008810 0005a783 lw               x15, 0(x11)         x15=bfd236fb x11:10000f20  PA:10000f20
21037790ns          360062 1c008812 0087f7d3 fadd.s           f15, f15, f8        f15=xxxxxxxx f15:bfd236fb  f8:3f800000
21037810ns          360063 1c008816 00f5a023 sw               x15, 0(x11)         x15:bf246df6 x11:10000f20  PA:10000f20
21037830ns          360064 1c008818 f2553de3 p.bneimm         x10, -198           x10:00000005
21037850ns          360065 1c00881c 1c000437 lui              x8, 0x1c000000       x8=1c000000
21038268ns          360086 1c008820 050d0593 addi             x11, x26, 80        x11=10000f0c x26:10000ebc
21038308ns          360088 1c008824 02042f03 lw               x30, 32(x8)         x30=3f800000  x8:1c000000  PA:1c000020
21038606ns          360103 1c008828 04cd0513 addi             x10, x26, 76        x10=10000f08 x26:10000ebc
21038626ns          360104 1c00882c 0005a023 sw               x0, 0(x11)          x11:10000f0c  PA:10000f0c
21038805ns          360113 1c008830 0005a223 sw               x0, 4(x11)          x11:10000f0c  PA:10000f10
21038845ns          360115 1c008834 0005a423 sw               x0, 8(x11)          x11:10000f0c  PA:10000f14
21038865ns          360116 1c008838 0005a623 sw               x0, 12(x11)         x11:10000f0c  PA:10000f18
21038884ns          360117 1c00883c 0005a823 sw               x0, 16(x11)         x11:10000f0c  PA:10000f1c
21039322ns          360139 1c008840 00100893 addi             x17, x0, 1          x17=00000001
21039362ns          360141 1c008842 01e52a23 sw               x30, 20(x10)        x30:3f800000 x10:10000f08  PA:10000f1c
21039382ns          360142 1c008846 04c10e13 addi             x28, x2, 76         x28=10000de4  x2:10000d98
21039402ns          360143 1c00884a 00000313 addi             x6, x0, 0            x6=00000000
21039839ns          360165 1c00884e 078d0f93 addi             x31, x26, 120       x31=10000f34 x26:10000ebc
21039879ns          360167 1c008852 0258ad63 p.beqimm         x17, 58             x17:00000001
21039899ns          360168 1c008856 0018a963 p.beqimm         x17, 18             x17:00000001
21040416ns          360194 1c008868 fec58593 addi             x11, x11, -20       x11=10000ef8 x11:10000f0c
21040436ns          360195 1c00886a fe850513 addi             x10, x10, -24       x10=10000ef0 x10:10000f08
21040456ns          360196 1c00886c 0005a023 sw               x0, 0(x11)          x11:10000ef8  PA:10000ef8
21040874ns          360217 1c008870 0005a223 sw               x0, 4(x11)          x11:10000ef8  PA:10000efc
21040913ns          360219 1c008874 0005a423 sw               x0, 8(x11)          x11:10000ef8  PA:10000f00
21040933ns          360220 1c008878 0005a623 sw               x0, 12(x11)         x11:10000ef8  PA:10000f04
21040953ns          360221 1c00887c 0005a823 sw               x0, 16(x11)         x11:10000ef8  PA:10000f08
21041391ns          360243 1c008880 00188893 addi             x17, x17, 1         x17=00000002 x17:00000001
21041430ns          360245 1c008882 01e52a23 sw               x30, 20(x10)        x30:3f800000 x10:10000ef0  PA:10000f04
21041450ns          360246 1c008886 ffce0e13 addi             x28, x28, -4        x28=10000de0 x28:10000de4
21041470ns          360247 1c008888 fc58b7e3 p.bneimm         x17, -50            x17:00000002
21041967ns          360272 1c008856 0018a963 p.beqimm         x17, 18             x17:00000002
21041987ns          360273 1c00885a 000e2783 lw               x15, 0(x28)         x15=c0d4c82b x28:10000de0  PA:10000de0
21042027ns          360275 1c00885e a067a7d3 feq.s            x15, f15, f6        x15=00000000 f15:c0d4c82b  f6:00000000
21042047ns          360276 1c008862 00079363 bne              x15, x0, 6          x15:00000000
21042067ns          360277 1c008864 56e0106f jal              x0, 5486           
21042564ns          360302 1c009dd2 00289713 slli             x14, x17, 0x2       x14=00000008 x17:00000002
21042584ns          360303 1c009dd6 01450693 addi             x13, x10, 20        x13=10000f04 x10:10000ef0
21042604ns          360304 1c009dda 40ef8733 sub              x14, x31, x14       x14=10000f2c x31:10000f34 x14:00000008
21042624ns          360305 1c009dde 40d70733 sub              x14, x14, x13       x14=00000028 x14:10000f2c x13:10000f04
21043061ns          360327 1c009de0 fec70713 addi             x14, x14, -20       x14=00000014 x14:00000028
21043101ns          360329 1c009de2 0cccd7b7 lui              x15, 0xcccd000      x15=0cccd000
21043121ns          360330 1c009de6 00275713 srli             x14, x14, 0x2       x14=00000005 x14:00000014
21043141ns          360331 1c009de8 ccd78793 addi             x15, x15, -819      x15=0ccccccd x15:0cccd000
21043161ns          360332 1c009dec 02f70733 mul              x14, x14, x15       x14=40000001 x14:00000005 x15:0ccccccd
21043579ns          360353 1c009df0 c3e73733 p.bclr           x14, x14, 1, 30     x14=00000001 x14:40000001
21043618ns          360355 1c009df4 00170713 addi             x14, x14, 1         x14=00000002 x14:00000001
21043638ns          360356 1c009df6 00052603 lw               x12, 0(x10)         x12=3ff82e90 x10:10000ef0  PA:10000ef0
21043658ns          360357 1c009df8 0006a803 lw               x16, 0(x13)         x16=3f800000 x13:10000f04  PA:10000f04
21043678ns          360358 1c009dfc 0046a283 lw               x5, 4(x13)           x5=00000000 x13:10000f04  PA:10000f08
21044096ns          360379 1c009e00 310673c3 fmadd.s          f7, f12, f16, f6     f7=xxxxxxxx f12:3ff82e90 f16:3f800000  f6:00000000
21044136ns          360381 1c009e04 00452783 lw               x15, 4(x10)         x15=beb03229 x10:10000ef0  PA:10000ef4
21044175ns          360383 1c009e06 3857f7c3 fmadd.s          f15, f15, f5, f7    f15=xxxxxxxx f15:beb03229  f5:00000000  f7:3ff82e90
21044195ns          360384 1c009e0a 0028ae63 p.beqimm         x17, 28             x17:00000002
21045110ns          360430 1c009e26 18c7f7d3 fdiv.s           f15, f15, f12       f15=xxxxxxxx f15:3ff82e90 f12:3ff82e90
21045389ns          360444 1c009e2a a067a3d3 feq.s            x7, f15, f6          x7=00000000 f15:3f800000  f6:00000000
21045568ns          360453 1c009e2e 00038763 beq              x7, x0, 14           x7:00000000
21045627ns          360456 1c009e3c 20f797d3 fsgnjn.s         f15, f15, f15       f15=xxxxxxxx f15:3f800000 f15:3f800000
21046065ns          360478 1c009e40 80f67643 fmadd.s          f12, f12, f15, f16  f12=xxxxxxxx f12:3ff82e90 f15:bf800000 f16:3f800000
21046105ns          360480 1c009e44 00c6a023 sw               x12, 0(x13)         x12:bf705d20 x13:10000f04  PA:10000f04
21046125ns          360481 1c009e46 00452603 lw               x12, 4(x10)         x12=beb03229 x10:10000ef0  PA:10000ef4
21046164ns          360483 1c009e48 28f672c3 fmadd.s          f5, f12, f15, f5     f5=xxxxxxxx f12:beb03229 f15:bf800000  f5:00000000
21046184ns          360484 1c009e4c 0056a223 sw               x5, 4(x13)           x5:3eb03229 x13:10000f04  PA:10000f08
21046582ns          360504 1c009e50 fe28a1e3 p.beqimm         x17, -30            x17:00000002
21046642ns          360507 1c009e32 01468693 addi             x13, x13, 20        x13=10000f18 x13:10000f04
21046662ns          360508 1c009e34 fff70713 addi             x14, x14, -1        x14=00000001 x14:00000002
21046682ns          360509 1c009e36 fc0710e3 bne              x14, x0, -64        x14:00000001
21046741ns          360512 1c009df6 00052603 lw               x12, 0(x10)         x12=3ff82e90 x10:10000ef0  PA:10000ef0
21046761ns          360513 1c009df8 0006a803 lw               x16, 0(x13)         x16=00000000 x13:10000f18  PA:10000f18
21046781ns          360514 1c009dfc 0046a283 lw               x5, 4(x13)           x5=3f800000 x13:10000f18  PA:10000f1c
21046801ns          360515 1c009e00 310673c3 fmadd.s          f7, f12, f16, f6     f7=xxxxxxxx f12:3ff82e90 f16:00000000  f6:00000000
21046821ns          360516 1c009e04 00452783 lw               x15, 4(x10)         x15=beb03229 x10:10000ef0  PA:10000ef4
21046861ns          360518 1c009e06 3857f7c3 fmadd.s          f15, f15, f5, f7    f15=xxxxxxxx f15:beb03229  f5:3f800000  f7:00000000
21046881ns          360519 1c009e0a 0028ae63 p.beqimm         x17, 28             x17:00000002
21046960ns          360523 1c009e26 18c7f7d3 fdiv.s           f15, f15, f12       f15=xxxxxxxx f15:beb03229 f12:3ff82e90
21047239ns          360537 1c009e2a a067a3d3 feq.s            x7, f15, f6          x7=00000000 f15:be35bf13  f6:00000000
21047258ns          360538 1c009e2e 00038763 beq              x7, x0, 14           x7:00000000
21047318ns          360541 1c009e3c 20f797d3 fsgnjn.s         f15, f15, f15       f15=xxxxxxxx f15:be35bf13 f15:be35bf13
21047338ns          360542 1c009e40 80f67643 fmadd.s          f12, f12, f15, f16  f12=xxxxxxxx f12:3ff82e90 f15:3e35bf13 f16:00000000
21047358ns          360543 1c009e44 00c6a023 sw               x12, 0(x13)         x12:3eb03229 x13:10000f18  PA:10000f18
21047378ns          360544 1c009e46 00452603 lw               x12, 4(x10)         x12=beb03229 x10:10000ef0  PA:10000ef4
21047418ns          360546 1c009e48 28f672c3 fmadd.s          f5, f12, f15, f5     f5=xxxxxxxx f12:beb03229 f15:3e35bf13  f5:3f800000
21047437ns          360547 1c009e4c 0056a223 sw               x5, 4(x13)           x5:3f705d21 x13:10000f18  PA:10000f1c
21047457ns          360548 1c009e50 fe28a1e3 p.beqimm         x17, -30            x17:00000002
21047955ns          360573 1c009e32 01468693 addi             x13, x13, 20        x13=10000f2c x13:10000f18
21047975ns          360574 1c009e34 fff70713 addi             x14, x14, -1        x14=00000000 x14:00000001
21047994ns          360575 1c009e36 fc0710e3 bne              x14, x0, -64        x14:00000000
21048014ns          360576 1c009e38 a31fe06f jal              x0, -5584          
21048054ns          360578 1c008868 fec58593 addi             x11, x11, -20       x11=10000ee4 x11:10000ef8
21048074ns          360579 1c00886a fe850513 addi             x10, x10, -24       x10=10000ed8 x10:10000ef0
21048094ns          360580 1c00886c 0005a023 sw               x0, 0(x11)          x11:10000ee4  PA:10000ee4
21048134ns          360582 1c008870 0005a223 sw               x0, 4(x11)          x11:10000ee4  PA:10000ee8
21048173ns          360584 1c008874 0005a423 sw               x0, 8(x11)          x11:10000ee4  PA:10000eec
21048193ns          360585 1c008878 0005a623 sw               x0, 12(x11)         x11:10000ee4  PA:10000ef0
21048213ns          360586 1c00887c 0005a823 sw               x0, 16(x11)         x11:10000ee4  PA:10000ef4
21048273ns          360589 1c008880 00188893 addi             x17, x17, 1         x17=00000003 x17:00000002
21048313ns          360591 1c008882 01e52a23 sw               x30, 20(x10)        x30:3f800000 x10:10000ed8  PA:10000eec
21048333ns          360592 1c008886 ffce0e13 addi             x28, x28, -4        x28=10000ddc x28:10000de0
21048352ns          360593 1c008888 fc58b7e3 p.bneimm         x17, -50            x17:00000003
21048472ns          360599 1c008856 0018a963 p.beqimm         x17, 18             x17:00000003
21048492ns          360600 1c00885a 000e2783 lw               x15, 0(x28)         x15=410892b2 x28:10000ddc  PA:10000ddc
21048531ns          360602 1c00885e a067a7d3 feq.s            x15, f15, f6        x15=00000000 f15:410892b2  f6:00000000
21048551ns          360603 1c008862 00079363 bne              x15, x0, 6          x15:00000000
21048571ns          360604 1c008864 56e0106f jal              x0, 5486           
21048631ns          360607 1c009dd2 00289713 slli             x14, x17, 0x2       x14=0000000c x17:00000003
21048651ns          360608 1c009dd6 01450693 addi             x13, x10, 20        x13=10000eec x10:10000ed8
21048671ns          360609 1c009dda 40ef8733 sub              x14, x31, x14       x14=10000f28 x31:10000f34 x14:0000000c
21048691ns          360610 1c009dde 40d70733 sub              x14, x14, x13       x14=0000003c x14:10000f28 x13:10000eec
21048710ns          360611 1c009de0 fec70713 addi             x14, x14, -20       x14=00000028 x14:0000003c
21048730ns          360612 1c009de2 0cccd7b7 lui              x15, 0xcccd000      x15=0cccd000
21048750ns          360613 1c009de6 00275713 srli             x14, x14, 0x2       x14=0000000a x14:00000028
21048770ns          360614 1c009de8 ccd78793 addi             x15, x15, -819      x15=0ccccccd x15:0cccd000
21048790ns          360615 1c009dec 02f70733 mul              x14, x14, x15       x14=80000002 x14:0000000a x15:0ccccccd
21048810ns          360616 1c009df0 c3e73733 p.bclr           x14, x14, 1, 30     x14=00000002 x14:80000002
21048830ns          360617 1c009df4 00170713 addi             x14, x14, 1         x14=00000003 x14:00000002
21048850ns          360618 1c009df6 00052603 lw               x12, 0(x10)         x12=3fd1ad50 x10:10000ed8  PA:10000ed8
21048870ns          360619 1c009df8 0006a803 lw               x16, 0(x13)         x16=3f800000 x13:10000eec  PA:10000eec
21048889ns          360620 1c009dfc 0046a283 lw               x5, 4(x13)           x5=00000000 x13:10000eec  PA:10000ef0
21048909ns          360621 1c009e00 310673c3 fmadd.s          f7, f12, f16, f6     f7=xxxxxxxx f12:3fd1ad50 f16:3f800000  f6:00000000
21048929ns          360622 1c009e04 00452783 lw               x15, 4(x10)         x15=bf348257 x10:10000ed8  PA:10000edc
21048969ns          360624 1c009e06 3857f7c3 fmadd.s          f15, f15, f5, f7    f15=xxxxxxxx f15:bf348257  f5:00000000  f7:3fd1ad50
21048989ns          360625 1c009e0a 0028ae63 p.beqimm         x17, 28             x17:00000003
21049009ns          360626 1c009e0e 0086a383 lw               x7, 8(x13)           x7=00000000 x13:10000eec  PA:10000ef4
21049029ns          360627 1c009e12 00852403 lw               x8, 8(x10)           x8=3e9e5728 x10:10000ed8  PA:10000ee0
21049068ns          360629 1c009e14 787477c3 fmadd.s          f15, f8, f7, f15    f15=xxxxxxxx  f8:3e9e5728  f7:00000000 f15:3fd1ad50
21049088ns          360630 1c009e18 0048b763 p.bneimm         x17, 14             x17:00000003
21049168ns          360634 1c009e26 18c7f7d3 fdiv.s           f15, f15, f12       f15=xxxxxxxx f15:3fd1ad50 f12:3fd1ad50
21049446ns          360648 1c009e2a a067a3d3 feq.s            x7, f15, f6          x7=00000000 f15:3f800000  f6:00000000
21049466ns          360649 1c009e2e 00038763 beq              x7, x0, 14           x7:00000000
21049526ns          360652 1c009e3c 20f797d3 fsgnjn.s         f15, f15, f15       f15=xxxxxxxx f15:3f800000 f15:3f800000
21049546ns          360653 1c009e40 80f67643 fmadd.s          f12, f12, f15, f16  f12=xxxxxxxx f12:3fd1ad50 f15:bf800000 f16:3f800000
21049566ns          360654 1c009e44 00c6a023 sw               x12, 0(x13)         x12:bf235aa0 x13:10000eec  PA:10000eec
21049586ns          360655 1c009e46 00452603 lw               x12, 4(x10)         x12=bf348257 x10:10000ed8  PA:10000edc
21049625ns          360657 1c009e48 28f672c3 fmadd.s          f5, f12, f15, f5     f5=xxxxxxxx f12:bf348257 f15:bf800000  f5:00000000
21049645ns          360658 1c009e4c 0056a223 sw               x5, 4(x13)           x5:3f348257 x13:10000eec  PA:10000ef0
21049665ns          360659 1c009e50 fe28a1e3 p.beqimm         x17, -30            x17:00000003
21049685ns          360660 1c009e54 00852603 lw               x12, 8(x10)         x12=3e9e5728 x10:10000ed8  PA:10000ee0
21049705ns          360661 1c009e56 0086a803 lw               x16, 8(x13)         x16=00000000 x13:10000eec  PA:10000ef4
21049745ns          360663 1c009e5a 80f67643 fmadd.s          f12, f12, f15, f16  f12=xxxxxxxx f12:3e9e5728 f15:bf800000 f16:00000000
21049765ns          360664 1c009e5e 00c6a423 sw               x12, 8(x13)         x12:be9e5728 x13:10000eec  PA:10000ef4
21049785ns          360665 1c009e60 fc48b9e3 p.bneimm         x17, -46            x17:00000003
21049904ns          360671 1c009e32 01468693 addi             x13, x13, 20        x13=10000f00 x13:10000eec
21049924ns          360672 1c009e34 fff70713 addi             x14, x14, -1        x14=00000002 x14:00000003
21049944ns          360673 1c009e36 fc0710e3 bne              x14, x0, -64        x14:00000002
21050003ns          360676 1c009df6 00052603 lw               x12, 0(x10)         x12=3fd1ad50 x10:10000ed8  PA:10000ed8
21050023ns          360677 1c009df8 0006a803 lw               x16, 0(x13)         x16=00000000 x13:10000f00  PA:10000f00
21050043ns          360678 1c009dfc 0046a283 lw               x5, 4(x13)           x5=bf705d20 x13:10000f00  PA:10000f04
21050063ns          360679 1c009e00 310673c3 fmadd.s          f7, f12, f16, f6     f7=xxxxxxxx f12:3fd1ad50 f16:00000000  f6:00000000
21050083ns          360680 1c009e04 00452783 lw               x15, 4(x10)         x15=bf348257 x10:10000ed8  PA:10000edc
21050123ns          360682 1c009e06 3857f7c3 fmadd.s          f15, f15, f5, f7    f15=xxxxxxxx f15:bf348257  f5:bf705d20  f7:00000000
21050143ns          360683 1c009e0a 0028ae63 p.beqimm         x17, 28             x17:00000003
21050162ns          360684 1c009e0e 0086a383 lw               x7, 8(x13)           x7=3eb03229 x13:10000f00  PA:10000f08
21050182ns          360685 1c009e12 00852403 lw               x8, 8(x10)           x8=3e9e5728 x10:10000ed8  PA:10000ee0
21050222ns          360687 1c009e14 787477c3 fmadd.s          f15, f8, f7, f15    f15=xxxxxxxx  f8:3e9e5728  f7:3eb03229 f15:3f297bdb
21050242ns          360688 1c009e18 0048b763 p.bneimm         x17, 14             x17:00000003
21050322ns          360692 1c009e26 18c7f7d3 fdiv.s           f15, f15, f12       f15=xxxxxxxx f15:3f44ba97 f12:3fd1ad50
21050600ns          360706 1c009e2a a067a3d3 feq.s            x7, f15, f6          x7=00000000 f15:3ef030f8  f6:00000000
21050620ns          360707 1c009e2e 00038763 beq              x7, x0, 14           x7:00000000
21050680ns          360710 1c009e3c 20f797d3 fsgnjn.s         f15, f15, f15       f15=xxxxxxxx f15:3ef030f8 f15:3ef030f8
21050700ns          360711 1c009e40 80f67643 fmadd.s          f12, f12, f15, f16  f12=xxxxxxxx f12:3fd1ad50 f15:bef030f8 f16:00000000
21050719ns          360712 1c009e44 00c6a023 sw               x12, 0(x13)         x12:bf44ba97 x13:10000f00  PA:10000f00
21050739ns          360713 1c009e46 00452603 lw               x12, 4(x10)         x12=bf348257 x10:10000ed8  PA:10000edc
21050779ns          360715 1c009e48 28f672c3 fmadd.s          f5, f12, f15, f5     f5=xxxxxxxx f12:bf348257 f15:bef030f8  f5:bf705d20
21050799ns          360716 1c009e4c 0056a223 sw               x5, 4(x13)           x5:bf1baec4 x13:10000f00  PA:10000f04
21050819ns          360717 1c009e50 fe28a1e3 p.beqimm         x17, -30            x17:00000003
21050839ns          360718 1c009e54 00852603 lw               x12, 8(x10)         x12=3e9e5728 x10:10000ed8  PA:10000ee0
21050859ns          360719 1c009e56 0086a803 lw               x16, 8(x13)         x16=3eb03229 x13:10000f00  PA:10000f08
21050898ns          360721 1c009e5a 80f67643 fmadd.s          f12, f12, f15, f16  f12=xxxxxxxx f12:3e9e5728 f15:bef030f8 f16:3eb03229
21050918ns          360722 1c009e5e 00c6a423 sw               x12, 8(x13)         x12:3e4bd453 x13:10000f00  PA:10000f08
21050938ns          360723 1c009e60 fc48b9e3 p.bneimm         x17, -46            x17:00000003
21050998ns          360726 1c009e32 01468693 addi             x13, x13, 20        x13=10000f14 x13:10000f00
21051018ns          360727 1c009e34 fff70713 addi             x14, x14, -1        x14=00000001 x14:00000002
21051038ns          360728 1c009e36 fc0710e3 bne              x14, x0, -64        x14:00000001
21051097ns          360731 1c009df6 00052603 lw               x12, 0(x10)         x12=3fd1ad50 x10:10000ed8  PA:10000ed8
21051117ns          360732 1c009df8 0006a803 lw               x16, 0(x13)         x16=00000000 x13:10000f14  PA:10000f14
21051137ns          360733 1c009dfc 0046a283 lw               x5, 4(x13)           x5=3eb03229 x13:10000f14  PA:10000f18
21051157ns          360734 1c009e00 310673c3 fmadd.s          f7, f12, f16, f6     f7=xxxxxxxx f12:3fd1ad50 f16:00000000  f6:00000000
21051177ns          360735 1c009e04 00452783 lw               x15, 4(x10)         x15=bf348257 x10:10000ed8  PA:10000edc
21051217ns          360737 1c009e06 3857f7c3 fmadd.s          f15, f15, f5, f7    f15=xxxxxxxx f15:bf348257  f5:3eb03229  f7:00000000
21051237ns          360738 1c009e0a 0028ae63 p.beqimm         x17, 28             x17:00000003
21051256ns          360739 1c009e0e 0086a383 lw               x7, 8(x13)           x7=3f705d21 x13:10000f14  PA:10000f1c
21051276ns          360740 1c009e12 00852403 lw               x8, 8(x10)           x8=3e9e5728 x10:10000ed8  PA:10000ee0
21051316ns          360742 1c009e14 787477c3 fmadd.s          f15, f8, f7, f15    f15=xxxxxxxx  f8:3e9e5728  f7:3f705d21 f15:be7879f4
21051336ns          360743 1c009e18 0048b763 p.bneimm         x17, 14             x17:00000003
21051416ns          360747 1c009e26 18c7f7d3 fdiv.s           f15, f15, f12       f15=xxxxxxxx f15:3d4372ad f12:3fd1ad50
21051794ns          360766 1c009e2a a067a3d3 feq.s            x7, f15, f6          x7=00000000 f15:3ceea09c  f6:00000000
21051813ns          360767 1c009e2e 00038763 beq              x7, x0, 14           x7:00000000
21051873ns          360770 1c009e3c 20f797d3 fsgnjn.s         f15, f15, f15       f15=xxxxxxxx f15:3ceea09c f15:3ceea09c
21051893ns          360771 1c009e40 80f67643 fmadd.s          f12, f12, f15, f16  f12=xxxxxxxx f12:3fd1ad50 f15:bceea09c f16:00000000
21051913ns          360772 1c009e44 00c6a023 sw               x12, 0(x13)         x12:bd4372ac x13:10000f14  PA:10000f14
21051933ns          360773 1c009e46 00452603 lw               x12, 4(x10)         x12=bf348257 x10:10000ed8  PA:10000edc
21051973ns          360775 1c009e48 28f672c3 fmadd.s          f5, f12, f15, f5     f5=xxxxxxxx f12:bf348257 f15:bceea09c  f5:3eb03229
21051992ns          360776 1c009e4c 0056a223 sw               x5, 4(x13)           x5:3ebab650 x13:10000f14  PA:10000f18
21052012ns          360777 1c009e50 fe28a1e3 p.beqimm         x17, -30            x17:00000003
21052032ns          360778 1c009e54 00852603 lw               x12, 8(x10)         x12=3e9e5728 x10:10000ed8  PA:10000ee0
21052052ns          360779 1c009e56 0086a803 lw               x16, 8(x13)         x16=3f705d21 x13:10000f14  PA:10000f1c
21052092ns          360781 1c009e5a 80f67643 fmadd.s          f12, f12, f15, f16  f12=xxxxxxxx f12:3e9e5728 f15:bceea09c f16:3f705d21
21052112ns          360782 1c009e5e 00c6a423 sw               x12, 8(x13)         x12:3f6e0ec0 x13:10000f14  PA:10000f1c
21052132ns          360783 1c009e60 fc48b9e3 p.bneimm         x17, -46            x17:00000003
21052191ns          360786 1c009e32 01468693 addi             x13, x13, 20        x13=10000f28 x13:10000f14
21052211ns          360787 1c009e34 fff70713 addi             x14, x14, -1        x14=00000000 x14:00000001
21052231ns          360788 1c009e36 fc0710e3 bne              x14, x0, -64        x14:00000000
21052251ns          360789 1c009e38 a31fe06f jal              x0, -5584          
21052291ns          360791 1c008868 fec58593 addi             x11, x11, -20       x11=10000ed0 x11:10000ee4
21052311ns          360792 1c00886a fe850513 addi             x10, x10, -24       x10=10000ec0 x10:10000ed8
21052331ns          360793 1c00886c 0005a023 sw               x0, 0(x11)          x11:10000ed0  PA:10000ed0
21052350ns          360794 1c008870 0005a223 sw               x0, 4(x11)          x11:10000ed0  PA:10000ed4
21052370ns          360795 1c008874 0005a423 sw               x0, 8(x11)          x11:10000ed0  PA:10000ed8
21052390ns          360796 1c008878 0005a623 sw               x0, 12(x11)         x11:10000ed0  PA:10000edc
21052430ns          360798 1c00887c 0005a823 sw               x0, 16(x11)         x11:10000ed0  PA:10000ee0
21052450ns          360799 1c008880 00188893 addi             x17, x17, 1         x17=00000004 x17:00000003
21052470ns          360800 1c008882 01e52a23 sw               x30, 20(x10)        x30:3f800000 x10:10000ec0  PA:10000ed4
21052490ns          360801 1c008886 ffce0e13 addi             x28, x28, -4        x28=10000dd8 x28:10000ddc
21052510ns          360802 1c008888 fc58b7e3 p.bneimm         x17, -50            x17:00000004
21052589ns          360806 1c008856 0018a963 p.beqimm         x17, 18             x17:00000004
21052609ns          360807 1c00885a 000e2783 lw               x15, 0(x28)         x15=41dd85f0 x28:10000dd8  PA:10000dd8
21052649ns          360809 1c00885e a067a7d3 feq.s            x15, f15, f6        x15=00000000 f15:41dd85f0  f6:00000000
21052669ns          360810 1c008862 00079363 bne              x15, x0, 6          x15:00000000
21052689ns          360811 1c008864 56e0106f jal              x0, 5486           
21052748ns          360814 1c009dd2 00289713 slli             x14, x17, 0x2       x14=00000010 x17:00000004
21052768ns          360815 1c009dd6 01450693 addi             x13, x10, 20        x13=10000ed4 x10:10000ec0
21052788ns          360816 1c009dda 40ef8733 sub              x14, x31, x14       x14=10000f24 x31:10000f34 x14:00000010
21052808ns          360817 1c009dde 40d70733 sub              x14, x14, x13       x14=00000050 x14:10000f24 x13:10000ed4
21052828ns          360818 1c009de0 fec70713 addi             x14, x14, -20       x14=0000003c x14:00000050
21052848ns          360819 1c009de2 0cccd7b7 lui              x15, 0xcccd000      x15=0cccd000
21052868ns          360820 1c009de6 00275713 srli             x14, x14, 0x2       x14=0000000f x14:0000003c
21052888ns          360821 1c009de8 ccd78793 addi             x15, x15, -819      x15=0ccccccd x15:0cccd000
21052907ns          360822 1c009dec 02f70733 mul              x14, x14, x15       x14=c0000003 x14:0000000f x15:0ccccccd
21052927ns          360823 1c009df0 c3e73733 p.bclr           x14, x14, 1, 30     x14=00000003 x14:c0000003
21052947ns          360824 1c009df4 00170713 addi             x14, x14, 1         x14=00000004 x14:00000003
21052967ns          360825 1c009df6 00052603 lw               x12, 0(x10)         x12=3fc30df7 x10:10000ec0  PA:10000ec0
21052987ns          360826 1c009df8 0006a803 lw               x16, 0(x13)         x16=3f800000 x13:10000ed4  PA:10000ed4
21053007ns          360827 1c009dfc 0046a283 lw               x5, 4(x13)           x5=00000000 x13:10000ed4  PA:10000ed8
21053027ns          360828 1c009e00 310673c3 fmadd.s          f7, f12, f16, f6     f7=xxxxxxxx f12:3fc30df7 f16:3f800000  f6:00000000
21053047ns          360829 1c009e04 00452783 lw               x15, 4(x10)         x15=3efb98a8 x10:10000ec0  PA:10000ec4
21053086ns          360831 1c009e06 3857f7c3 fmadd.s          f15, f15, f5, f7    f15=xxxxxxxx f15:3efb98a8  f5:00000000  f7:3fc30df7
21053106ns          360832 1c009e0a 0028ae63 p.beqimm         x17, 28             x17:00000004
21053126ns          360833 1c009e0e 0086a383 lw               x7, 8(x13)           x7=00000000 x13:10000ed4  PA:10000edc
21053146ns          360834 1c009e12 00852403 lw               x8, 8(x10)           x8=3f162402 x10:10000ec0  PA:10000ec8
21053186ns          360836 1c009e14 787477c3 fmadd.s          f15, f8, f7, f15    f15=xxxxxxxx  f8:3f162402  f7:00000000 f15:3fc30df7
21053206ns          360837 1c009e18 0048b763 p.bneimm         x17, 14             x17:00000004
21053226ns          360838 1c009e1c 00c52403 lw               x8, 12(x10)          x8=3ebfa8d8 x10:10000ec0  PA:10000ecc
21053246ns          360839 1c009e1e 00c6a383 lw               x7, 12(x13)          x7=00000000 x13:10000ed4  PA:10000ee0
21053305ns          360842 1c009e22 787477c3 fmadd.s          f15, f8, f7, f15    f15=xxxxxxxx  f8:3ebfa8d8  f7:00000000 f15:3fc30df7
21053325ns          360843 1c009e26 18c7f7d3 fdiv.s           f15, f15, f12       f15=xxxxxxxx f15:3fc30df7 f12:3fc30df7
21053604ns          360857 1c009e2a a067a3d3 feq.s            x7, f15, f6          x7=00000000 f15:3f800000  f6:00000000
21053623ns          360858 1c009e2e 00038763 beq              x7, x0, 14           x7:00000000
21053683ns          360861 1c009e3c 20f797d3 fsgnjn.s         f15, f15, f15       f15=xxxxxxxx f15:3f800000 f15:3f800000
21053703ns          360862 1c009e40 80f67643 fmadd.s          f12, f12, f15, f16  f12=xxxxxxxx f12:3fc30df7 f15:bf800000 f16:3f800000
21053723ns          360863 1c009e44 00c6a023 sw               x12, 0(x13)         x12:bf061bee x13:10000ed4  PA:10000ed4
21053743ns          360864 1c009e46 00452603 lw               x12, 4(x10)         x12=3efb98a8 x10:10000ec0  PA:10000ec4
21053783ns          360866 1c009e48 28f672c3 fmadd.s          f5, f12, f15, f5     f5=xxxxxxxx f12:3efb98a8 f15:bf800000  f5:00000000
21053802ns          360867 1c009e4c 0056a223 sw               x5, 4(x13)           x5:befb98a8 x13:10000ed4  PA:10000ed8
21053822ns          360868 1c009e50 fe28a1e3 p.beqimm         x17, -30            x17:00000004
21053842ns          360869 1c009e54 00852603 lw               x12, 8(x10)         x12=3f162402 x10:10000ec0  PA:10000ec8
21053862ns          360870 1c009e56 0086a803 lw               x16, 8(x13)         x16=00000000 x13:10000ed4  PA:10000edc
21053902ns          360872 1c009e5a 80f67643 fmadd.s          f12, f12, f15, f16  f12=xxxxxxxx f12:3f162402 f15:bf800000 f16:00000000
21053922ns          360873 1c009e5e 00c6a423 sw               x12, 8(x13)         x12:bf162402 x13:10000ed4  PA:10000edc
21053942ns          360874 1c009e60 fc48b9e3 p.bneimm         x17, -46            x17:00000004
21053962ns          360875 1c009e64 00c6a803 lw               x16, 12(x13)        x16=00000000 x13:10000ed4  PA:10000ee0
21053982ns          360876 1c009e68 00c52603 lw               x12, 12(x10)        x12=3ebfa8d8 x10:10000ec0  PA:10000ecc
21054001ns          360877 1c009e6a 01468693 addi             x13, x13, 20        x13=10000ee8 x13:10000ed4
21054021ns          360878 1c009e6c 80f677c3 fmadd.s          f15, f12, f15, f16  f15=xxxxxxxx f12:3ebfa8d8 f15:bf800000 f16:00000000
21054041ns          360879 1c009e70 fef6ac23 sw               x15, -8(x13)        x15:bebfa8d8 x13:10000ee8  PA:10000ee0
21054061ns          360880 1c009e74 fff70713 addi             x14, x14, -1        x14=00000003 x14:00000004
21054081ns          360881 1c009e76 f80710e3 bne              x14, x0, -128       x14:00000003
21054180ns          360886 1c009df6 00052603 lw               x12, 0(x10)         x12=3fc30df7 x10:10000ec0  PA:10000ec0
21054200ns          360887 1c009df8 0006a803 lw               x16, 0(x13)         x16=00000000 x13:10000ee8  PA:10000ee8
21054220ns          360888 1c009dfc 0046a283 lw               x5, 4(x13)           x5=bf235aa0 x13:10000ee8  PA:10000eec
21054280ns          360891 1c009e00 310673c3 fmadd.s          f7, f12, f16, f6     f7=xxxxxxxx f12:3fc30df7 f16:00000000  f6:00000000
21054320ns          360893 1c009e04 00452783 lw               x15, 4(x10)         x15=3efb98a8 x10:10000ec0  PA:10000ec4
21054359ns          360895 1c009e06 3857f7c3 fmadd.s          f15, f15, f5, f7    f15=xxxxxxxx f15:3efb98a8  f5:bf235aa0  f7:00000000
21054379ns          360896 1c009e0a 0028ae63 p.beqimm         x17, 28             x17:00000004
21054399ns          360897 1c009e0e 0086a383 lw               x7, 8(x13)           x7=3f348257 x13:10000ee8  PA:10000ef0
21054419ns          360898 1c009e12 00852403 lw               x8, 8(x10)           x8=3f162402 x10:10000ec0  PA:10000ec8
21054459ns          360900 1c009e14 787477c3 fmadd.s          f15, f8, f7, f15    f15=xxxxxxxx  f8:3f162402  f7:3f348257 f15:bea08b44
21054479ns          360901 1c009e18 0048b763 p.bneimm         x17, 14             x17:00000004
21054499ns          360902 1c009e1c 00c52403 lw               x8, 12(x10)          x8=3ebfa8d8 x10:10000ec0  PA:10000ecc
21054519ns          360903 1c009e1e 00c6a383 lw               x7, 12(x13)          x7=be9e5728 x13:10000ee8  PA:10000ef4
21054558ns          360905 1c009e22 787477c3 fmadd.s          f15, f8, f7, f15    f15=xxxxxxxx  f8:3ebfa8d8  f7:be9e5728 f15:3dccc106
21054578ns          360906 1c009e26 18c7f7d3 fdiv.s           f15, f15, f12       f15=xxxxxxxx f15:bc815795 f12:3fc30df7
21054857ns          360920 1c009e2a a067a3d3 feq.s            x7, f15, f6          x7=00000000 f15:bc29c168  f6:00000000
21054877ns          360921 1c009e2e 00038763 beq              x7, x0, 14           x7:00000000
21054936ns          360924 1c009e3c 20f797d3 fsgnjn.s         f15, f15, f15       f15=xxxxxxxx f15:bc29c168 f15:bc29c168
21054956ns          360925 1c009e40 80f67643 fmadd.s          f12, f12, f15, f16  f12=xxxxxxxx f12:3fc30df7 f15:3c29c168 f16:00000000
21054976ns          360926 1c009e44 00c6a023 sw               x12, 0(x13)         x12:3c815795 x13:10000ee8  PA:10000ee8
21054996ns          360927 1c009e46 00452603 lw               x12, 4(x10)         x12=3efb98a8 x10:10000ec0  PA:10000ec4
21055036ns          360929 1c009e48 28f672c3 fmadd.s          f5, f12, f15, f5     f5=xxxxxxxx f12:3efb98a8 f15:3c29c168  f5:bf235aa0
21055056ns          360930 1c009e4c 0056a223 sw               x5, 4(x13)           x5:bf220cf4 x13:10000ee8  PA:10000eec
21055095ns          360932 1c009e50 fe28a1e3 p.beqimm         x17, -30            x17:00000004
21055115ns          360933 1c009e54 00852603 lw               x12, 8(x10)         x12=3f162402 x10:10000ec0  PA:10000ec8
21055135ns          360934 1c009e56 0086a803 lw               x16, 8(x13)         x16=3f348257 x13:10000ee8  PA:10000ef0
21055175ns          360936 1c009e5a 80f67643 fmadd.s          f12, f12, f15, f16  f12=xxxxxxxx f12:3f162402 f15:3c29c168 f16:3f348257
21055195ns          360937 1c009e5e 00c6a423 sw               x12, 8(x13)         x12:3f361094 x13:10000ee8  PA:10000ef0
21055215ns          360938 1c009e60 fc48b9e3 p.bneimm         x17, -46            x17:00000004
21055235ns          360939 1c009e64 00c6a803 lw               x16, 12(x13)        x16=be9e5728 x13:10000ee8  PA:10000ef4
21055255ns          360940 1c009e68 00c52603 lw               x12, 12(x10)        x12=3ebfa8d8 x10:10000ec0  PA:10000ecc
21055274ns          360941 1c009e6a 01468693 addi             x13, x13, 20        x13=10000efc x13:10000ee8
21055294ns          360942 1c009e6c 80f677c3 fmadd.s          f15, f12, f15, f16  f15=xxxxxxxx f12:3ebfa8d8 f15:3c29c168 f16:be9e5728
21055314ns          360943 1c009e70 fef6ac23 sw               x15, -8(x13)        x15:be9c5acb x13:10000efc  PA:10000ef4
21055334ns          360944 1c009e74 fff70713 addi             x14, x14, -1        x14=00000002 x14:00000003
21055354ns          360945 1c009e76 f80710e3 bne              x14, x0, -128       x14:00000002
21055414ns          360948 1c009df6 00052603 lw               x12, 0(x10)         x12=3fc30df7 x10:10000ec0  PA:10000ec0
21055434ns          360949 1c009df8 0006a803 lw               x16, 0(x13)         x16=00000000 x13:10000efc  PA:10000efc
21055453ns          360950 1c009dfc 0046a283 lw               x5, 4(x13)           x5=bf44ba97 x13:10000efc  PA:10000f00
21055473ns          360951 1c009e00 310673c3 fmadd.s          f7, f12, f16, f6     f7=xxxxxxxx f12:3fc30df7 f16:00000000  f6:00000000
21055493ns          360952 1c009e04 00452783 lw               x15, 4(x10)         x15=3efb98a8 x10:10000ec0  PA:10000ec4
21055533ns          360954 1c009e06 3857f7c3 fmadd.s          f15, f15, f5, f7    f15=xxxxxxxx f15:3efb98a8  f5:bf44ba97  f7:00000000
21055553ns          360955 1c009e0a 0028ae63 p.beqimm         x17, 28             x17:00000004
21055573ns          360956 1c009e0e 0086a383 lw               x7, 8(x13)           x7=bf1baec4 x13:10000efc  PA:10000f04
21055593ns          360957 1c009e12 00852403 lw               x8, 8(x10)           x8=3f162402 x10:10000ec0  PA:10000ec8
21055632ns          360959 1c009e14 787477c3 fmadd.s          f15, f8, f7, f15    f15=xxxxxxxx  f8:3f162402  f7:bf1baec4 f15:bec15842
21055652ns          360960 1c009e18 0048b763 p.bneimm         x17, 14             x17:00000004
21055672ns          360961 1c009e1c 00c52403 lw               x8, 12(x10)          x8=3ebfa8d8 x10:10000ec0  PA:10000ecc
21055692ns          360962 1c009e1e 00c6a383 lw               x7, 12(x13)          x7=3e4bd453 x13:10000efc  PA:10000f08
21055732ns          360964 1c009e22 787477c3 fmadd.s          f15, f8, f7, f15    f15=xxxxxxxx  f8:3ebfa8d8  f7:3e4bd453 f15:bf3bfa6e
21055752ns          360965 1c009e26 18c7f7d3 fdiv.s           f15, f15, f12       f15=xxxxxxxx f15:bf28e733 f12:3fc30df7
21056030ns          360979 1c009e2a a067a3d3 feq.s            x7, f15, f6          x7=00000000 f15:beddad6e  f6:00000000
21056050ns          360980 1c009e2e 00038763 beq              x7, x0, 14           x7:00000000
21056110ns          360983 1c009e3c 20f797d3 fsgnjn.s         f15, f15, f15       f15=xxxxxxxx f15:beddad6e f15:beddad6e
21056130ns          360984 1c009e40 80f67643 fmadd.s          f12, f12, f15, f16  f12=xxxxxxxx f12:3fc30df7 f15:3eddad6e f16:00000000
21056150ns          360985 1c009e44 00c6a023 sw               x12, 0(x13)         x12:3f28e732 x13:10000efc  PA:10000efc
21056169ns          360986 1c009e46 00452603 lw               x12, 4(x10)         x12=3efb98a8 x10:10000ec0  PA:10000ec4
21056209ns          360988 1c009e48 28f672c3 fmadd.s          f5, f12, f15, f5     f5=xxxxxxxx f12:3efb98a8 f15:3eddad6e  f5:bf44ba97
21056229ns          360989 1c009e4c 0056a223 sw               x5, 4(x13)           x5:bf0e4348 x13:10000efc  PA:10000f00
21056249ns          360990 1c009e50 fe28a1e3 p.beqimm         x17, -30            x17:00000004
21056269ns          360991 1c009e54 00852603 lw               x12, 8(x10)         x12=3f162402 x10:10000ec0  PA:10000ec8
21056289ns          360992 1c009e56 0086a803 lw               x16, 8(x13)         x16=bf1baec4 x13:10000efc  PA:10000f04
21056329ns          360994 1c009e5a 80f67643 fmadd.s          f12, f12, f15, f16  f12=xxxxxxxx f12:3f162402 f15:3eddad6e f16:bf1baec4
21056349ns          360995 1c009e5e 00c6a423 sw               x12, 8(x13)         x12:beb55abb x13:10000efc  PA:10000f04
21056368ns          360996 1c009e60 fc48b9e3 p.bneimm         x17, -46            x17:00000004
21056388ns          360997 1c009e64 00c6a803 lw               x16, 12(x13)        x16=3e4bd453 x13:10000efc  PA:10000f08
21056408ns          360998 1c009e68 00c52603 lw               x12, 12(x10)        x12=3ebfa8d8 x10:10000ec0  PA:10000ecc
21056428ns          360999 1c009e6a 01468693 addi             x13, x13, 20        x13=10000f10 x13:10000efc
21056448ns          361000 1c009e6c 80f677c3 fmadd.s          f15, f12, f15, f16  f15=xxxxxxxx f12:3ebfa8d8 f15:3eddad6e f16:3e4bd453
21056468ns          361001 1c009e70 fef6ac23 sw               x15, -8(x13)        x15:3eb8e576 x13:10000f10  PA:10000f08
21056488ns          361002 1c009e74 fff70713 addi             x14, x14, -1        x14=00000001 x14:00000002
21056508ns          361003 1c009e76 f80710e3 bne              x14, x0, -128       x14:00000001
21056567ns          361006 1c009df6 00052603 lw               x12, 0(x10)         x12=3fc30df7 x10:10000ec0  PA:10000ec0
21056587ns          361007 1c009df8 0006a803 lw               x16, 0(x13)         x16=00000000 x13:10000f10  PA:10000f10
21056607ns          361008 1c009dfc 0046a283 lw               x5, 4(x13)           x5=bd4372ac x13:10000f10  PA:10000f14
21056627ns          361009 1c009e00 310673c3 fmadd.s          f7, f12, f16, f6     f7=xxxxxxxx f12:3fc30df7 f16:00000000  f6:00000000
21056647ns          361010 1c009e04 00452783 lw               x15, 4(x10)         x15=3efb98a8 x10:10000ec0  PA:10000ec4
21056707ns          361013 1c009e06 3857f7c3 fmadd.s          f15, f15, f5, f7    f15=xxxxxxxx f15:3efb98a8  f5:bd4372ac  f7:00000000
21056726ns          361014 1c009e0a 0028ae63 p.beqimm         x17, 28             x17:00000004
21056746ns          361015 1c009e0e 0086a383 lw               x7, 8(x13)           x7=3ebab650 x13:10000f10  PA:10000f18
21056766ns          361016 1c009e12 00852403 lw               x8, 8(x10)           x8=3f162402 x10:10000ec0  PA:10000ec8
21056826ns          361019 1c009e14 787477c3 fmadd.s          f15, f8, f7, f15    f15=xxxxxxxx  f8:3f162402  f7:3ebab650 f15:bcc015fb
21056846ns          361020 1c009e18 0048b763 p.bneimm         x17, 14             x17:00000004
21056866ns          361021 1c009e1c 00c52403 lw               x8, 12(x10)          x8=3ebfa8d8 x10:10000ec0  PA:10000ecc
21056886ns          361022 1c009e1e 00c6a383 lw               x7, 12(x13)          x7=3f6e0ec0 x13:10000f10  PA:10000f1c
21056925ns          361024 1c009e22 787477c3 fmadd.s          f15, f8, f7, f15    f15=xxxxxxxx  f8:3ebfa8d8  f7:3f6e0ec0 f15:3e42ff6d
21056945ns          361025 1c009e26 18c7f7d3 fdiv.s           f15, f15, f12       f15=xxxxxxxx f15:3f09dcdd f12:3fc30df7
21057224ns          361039 1c009e2a a067a3d3 feq.s            x7, f15, f6          x7=00000000 f15:3eb4f03c  f6:00000000
21057244ns          361040 1c009e2e 00038763 beq              x7, x0, 14           x7:00000000
21057303ns          361043 1c009e3c 20f797d3 fsgnjn.s         f15, f15, f15       f15=xxxxxxxx f15:3eb4f03c f15:3eb4f03c
21057323ns          361044 1c009e40 80f67643 fmadd.s          f12, f12, f15, f16  f12=xxxxxxxx f12:3fc30df7 f15:beb4f03c f16:00000000
21057343ns          361045 1c009e44 00c6a023 sw               x12, 0(x13)         x12:bf09dcdc x13:10000f10  PA:10000f10
21057363ns          361046 1c009e46 00452603 lw               x12, 4(x10)         x12=3efb98a8 x10:10000ec0  PA:10000ec4
21057403ns          361048 1c009e48 28f672c3 fmadd.s          f5, f12, f15, f5     f5=xxxxxxxx f12:3efb98a8 f15:beb4f03c  f5:bd4372ac
21057423ns          361049 1c009e4c 0056a223 sw               x5, 4(x13)           x5:be62b01b x13:10000f10  PA:10000f14
21057443ns          361050 1c009e50 fe28a1e3 p.beqimm         x17, -30            x17:00000004
21057462ns          361051 1c009e54 00852603 lw               x12, 8(x10)         x12=3f162402 x10:10000ec0  PA:10000ec8
21057482ns          361052 1c009e56 0086a803 lw               x16, 8(x13)         x16=3ebab650 x13:10000f10  PA:10000f18
21057522ns          361054 1c009e5a 80f67643 fmadd.s          f12, f12, f15, f16  f12=xxxxxxxx f12:3f162402 f15:beb4f03c f16:3ebab650
21057542ns          361055 1c009e5e 00c6a423 sw               x12, 8(x13)         x12:3e213033 x13:10000f10  PA:10000f18
21057562ns          361056 1c009e60 fc48b9e3 p.bneimm         x17, -46            x17:00000004
21057582ns          361057 1c009e64 00c6a803 lw               x16, 12(x13)        x16=3f6e0ec0 x13:10000f10  PA:10000f1c
21057602ns          361058 1c009e68 00c52603 lw               x12, 12(x10)        x12=3ebfa8d8 x10:10000ec0  PA:10000ecc
21057622ns          361059 1c009e6a 01468693 addi             x13, x13, 20        x13=10000f24 x13:10000f10
21057641ns          361060 1c009e6c 80f677c3 fmadd.s          f15, f12, f15, f16  f15=xxxxxxxx f12:3ebfa8d8 f15:beb4f03c f16:3f6e0ec0
21057661ns          361061 1c009e70 fef6ac23 sw               x15, -8(x13)        x15:3f4c311b x13:10000f24  PA:10000f1c
21057681ns          361062 1c009e74 fff70713 addi             x14, x14, -1        x14=00000000 x14:00000001
21057701ns          361063 1c009e76 f80710e3 bne              x14, x0, -128       x14:00000000
21057721ns          361064 1c009e78 9f1fe06f jal              x0, -5648          
21057761ns          361066 1c008868 fec58593 addi             x11, x11, -20       x11=10000ebc x11:10000ed0
21057781ns          361067 1c00886a fe850513 addi             x10, x10, -24       x10=10000ea8 x10:10000ec0
21057801ns          361068 1c00886c 0005a023 sw               x0, 0(x11)          x11:10000ebc  PA:10000ebc
21057820ns          361069 1c008870 0005a223 sw               x0, 4(x11)          x11:10000ebc  PA:10000ec0
21057840ns          361070 1c008874 0005a423 sw               x0, 8(x11)          x11:10000ebc  PA:10000ec4
21057860ns          361071 1c008878 0005a623 sw               x0, 12(x11)         x11:10000ebc  PA:10000ec8
21057880ns          361072 1c00887c 0005a823 sw               x0, 16(x11)         x11:10000ebc  PA:10000ecc
21057900ns          361073 1c008880 00188893 addi             x17, x17, 1         x17=00000005 x17:00000004
21057920ns          361074 1c008882 01e52a23 sw               x30, 20(x10)        x30:3f800000 x10:10000ea8  PA:10000ebc
21057940ns          361075 1c008886 ffce0e13 addi             x28, x28, -4        x28=10000dd4 x28:10000dd8
21057960ns          361076 1c008888 fc58b7e3 p.bneimm         x17, -50            x17:00000005
21057980ns          361077 1c00888c 014d0613 addi             x12, x26, 20        x12=10000ed0 x26:10000ebc
21057999ns          361078 1c008890 02c10813 addi             x16, x2, 44         x16=10000dc4  x2:10000d98
21058019ns          361079 1c008894 00000593 addi             x11, x0, 0          x11=00000000
21058039ns          361080 1c008896 00000893 addi             x17, x0, 0          x17=00000000
21058059ns          361081 1c00889a 00500513 addi             x10, x0, 5          x10=00000005
21058079ns          361082 1c00889c 015540fb lp.setup         0x1, x10, 0x15      x10:00000005
21058457ns          361101 1c0088a0 0048270b p.lw             x14, 4(x16!)        x14=c17cf548 x16=10000dc8 x16:10000dc4  PA:10000dc4
21058497ns          361103 1c0088a4 0049278b p.lw             x15, 4(x18!)        x15=41dd85f0 x18=10000ddc x18:10000dd8  PA:10000dd8
21058517ns          361104 1c0088a8 a11726d3 feq.s            x13, f14, f17       x13=00000000 f14:c17cf548 f17:00000000
21058536ns          361105 1c0088ac 70068263 beq              x13, x0, 1796       x13:00000000
21059054ns          361131 1c008fb0 a11716d3 flt.s            x13, f14, f17       x13=00000001 f14:c17cf548 f17:00000000
21059093ns          361133 1c008fb4 00068363 beq              x13, x0, 6          x13:00000001
21059113ns          361134 1c008fb6 0c60106f jal              x0, 4294           
21059571ns          361157 1c00a07c 20e716d3 fsgnjn.s         f13, f14, f14       f13=xxxxxxxx f14:c17cf548 f14:c17cf548
21059650ns          361161 1c00a080 f3dfe06f jal              x0, -4292          
21059690ns          361163 1c008fbc fed82e23 sw               x13, -4(x16)        x13:417cf548 x16:10000dc8  PA:10000dc4
21060128ns          361185 1c008fc0 18d77753 fdiv.s           f14, f14, f13       f14=xxxxxxxx f14:c17cf548 f13:417cf548
21060426ns          361200 1c008fc4 0045a463 p.beqimm         x11, 8              x11:00000000
21060446ns          361201 1c008fc8 18e7f7d3 fdiv.s           f15, f15, f14       f15=xxxxxxxx f15:41dd85f0 f14:bf800000  PA:10000f20
21061540ns          361256 1c008fcc 000eaf83 lw               x31, 0(x29)         x31=xxxxxxxx x29:10000f20  PA:10000f24
21061560ns          361257 1c008fd0 004eaf03 lw               x30, 4(x29)         x30=xxxxxxxx x29:10000f20  PA:10000f28
21061580ns          361258 1c008fd4 008eae03 lw               x28, 8(x29)         x28=xxxxxxxx x29:10000f20  PA:10000f2c
21061600ns          361259 1c008fd8 00cea303 lw               x6, 12(x29)          x6=xxxxxxxx x29:10000f20  PA:10000f30
21061620ns          361260 1c008fdc 010ea683 lw               x13, 16(x29)        x13=xxxxxxxx x29:10000f20
21061818ns          361270 1c008fe0 10efffd3 fmul.s           f31, f31, f14       f31=xxxxxxxx f31:bf246df6 f14:bf800000
21061858ns          361272 1c008fe4 10ef7f53 fmul.s           f30, f30, f14       f30=xxxxxxxx f30:befdd926 f14:bf800000
21061878ns          361273 1c008fe8 10ee7e53 fmul.s           f28, f28, f14       f28=xxxxxxxx f28:bc413e0b f14:bf800000
21061898ns          361274 1c008fec 10e37353 fmul.s           f6, f6, f14          f6=xxxxxxxx  f6:bf122c57 f14:bf800000
21062336ns          361296 1c008ff0 10e6f753 fmul.s           f14, f13, f14       f14=xxxxxxxx f13:bdfeae24 f14:bf800000
21062375ns          361298 1c008ff4 01fea023 sw               x31, 0(x29)         x31:3f246df6 x29:10000f20  PA:10000f20
21062395ns          361299 1c008ff8 01eea223 sw               x30, 4(x29)         x30:3efdd926 x29:10000f20  PA:10000f24
21062415ns          361300 1c008ffc 01cea423 sw               x28, 8(x29)         x28:3c413e0b x29:10000f20  PA:10000f28
21062853ns          361322 1c009000 006ea623 sw               x6, 12(x29)          x6:3f122c57 x29:10000f20  PA:10000f2c
21062893ns          361324 1c009004 00eea823 sw               x14, 16(x29)        x14:3dfeae24 x29:10000f20  PA:10000f30
21062912ns          361325 1c009008 8a9ff06f jal              x0, -1880          
21062952ns          361327 1c0088b0 0045a763 p.beqimm         x11, 14             x11:00000000
21062972ns          361328 1c0088b4 a117a753 feq.s            x14, f15, f17       x14=00000000 f15:c1dd85f0 f17:00000000
21062992ns          361329 1c0088b8 00071363 bne              x14, x0, 6          x14:00000000
21063012ns          361330 1c0088ba 2e40106f jal              x0, 4836           
21064384ns          361399 1c009b9e a1179753 flt.s            x14, f15, f17       x14=00000001 f15:c1dd85f0 f17:00000000
21064404ns          361400 1c009ba2 00f002b3 add              x5, x0, x15          x5=c1dd85f0 x15:c1dd85f0
21064424ns          361401 1c009ba4 00070363 beq              x14, x0, 6          x14:00000001
21064444ns          361402 1c009ba6 20f792d3 fsgnjn.s         f5, f15, f15         f5=xxxxxxxx f15:c1dd85f0 f15:c1dd85f0
21064464ns          361403 1c009baa 00082f83 lw               x31, 0(x16)         x31=41a0e4a3 x16:10000dc8  PA:10000dc8
21064902ns          361425 1c009bae 00062f03 lw               x30, 0(x12)         x30=00000000 x12:10000ed0  PA:10000ed0
21064941ns          361427 1c009bb2 00462e03 lw               x28, 4(x12)         x28=bf061bee x12:10000ed0  PA:10000ed4
21064961ns          361428 1c009bb6 00862303 lw               x6, 8(x12)           x6=befb98a8 x12:10000ed0  PA:10000ed8
21064981ns          361429 1c009bba 00c62683 lw               x13, 12(x12)        x13=bf162402 x12:10000ed0  PA:10000edc
21065001ns          361430 1c009bbc 01062703 lw               x14, 16(x12)        x14=bebfa8d8 x12:10000ed0  PA:10000ee0
21065419ns          361451 1c009bbe 18f2f7d3 fdiv.s           f15, f5, f15        f15=xxxxxxxx  f5:41dd85f0 f15:c1dd85f0
21065717ns          361466 1c009bc2 10ffffd3 fmul.s           f31, f31, f15       f31=xxxxxxxx f31:41a0e4a3 f15:bf800000
21065737ns          361467 1c009bc6 10ff7f53 fmul.s           f30, f30, f15       f30=xxxxxxxx f30:00000000 f15:bf800000
21065757ns          361468 1c009bca 10fe7e53 fmul.s           f28, f28, f15       f28=xxxxxxxx f28:bf061bee f15:bf800000
21066194ns          361490 1c009bce 10f37353 fmul.s           f6, f6, f15          f6=xxxxxxxx  f6:befb98a8 f15:bf800000
21066234ns          361492 1c009bd2 10f6f6d3 fmul.s           f13, f13, f15       f13=xxxxxxxx f13:bf162402 f15:bf800000
21066254ns          361493 1c009bd6 10f777d3 fmul.s           f15, f14, f15       f15=xxxxxxxx f14:bebfa8d8 f15:bf800000
21066274ns          361494 1c009bda 01f82023 sw               x31, 0(x16)         x31:c1a0e4a3 x16:10000dc8  PA:10000dc8
21066712ns          361516 1c009bde 01e62023 sw               x30, 0(x12)         x30:80000000 x12:10000ed0  PA:10000ed0
21066731ns          361517 1c009be2 00f62823 sw               x15, 16(x12)        x15:3ebfa8d8 x12:10000ed0  PA:10000ee0
21066751ns          361518 1c009be4 01c62223 sw               x28, 4(x12)         x28:3f061bee x12:10000ed0  PA:10000ed4
21066771ns          361519 1c009be8 00662423 sw               x6, 8(x12)           x6:3efb98a8 x12:10000ed0  PA:10000ed8
21066791ns          361520 1c009bec 00d62623 sw               x13, 12(x12)        x13:3f162402 x12:10000ed0  PA:10000edc
21066811ns          361521 1c009bee 005007b3 add              x15, x0, x5         x15=41dd85f0  x5:41dd85f0
21067229ns          361542 1c009bf0 ccffe06f jal              x0, -4914          
21067288ns          361545 1c0088be fef92e23 sw               x15, -4(x18)        x15:41dd85f0 x18:10000ddc  PA:10000dd8
21067308ns          361546 1c0088c2 00158593 addi             x11, x11, 1         x11=00000001 x11:00000000
21067328ns          361547 1c0088c4 01460613 addi             x12, x12, 20        x12=10000ee4 x12:10000ed0
21067348ns          361548 1c0088c6 014e8e93 addi             x29, x29, 20        x29=10000f34 x29:10000f20
21067408ns          361551 1c0088a0 0048270b p.lw             x14, 4(x16!)        x14=c1a0e4a3 x16=10000dcc x16:10000dc8  PA:10000dc8
21067448ns          361553 1c0088a4 0049278b p.lw             x15, 4(x18!)        x15=410892b2 x18=10000de0 x18:10000ddc  PA:10000ddc
21067467ns          361554 1c0088a8 a11726d3 feq.s            x13, f14, f17       x13=00000000 f14:c1a0e4a3 f17:00000000
21067487ns          361555 1c0088ac 70068263 beq              x13, x0, 1796       x13:00000000
21067547ns          361558 1c008fb0 a11716d3 flt.s            x13, f14, f17       x13=00000001 f14:c1a0e4a3 f17:00000000
21067567ns          361559 1c008fb4 00068363 beq              x13, x0, 6          x13:00000001
21067587ns          361560 1c008fb6 0c60106f jal              x0, 4294           
21067627ns          361562 1c00a07c 20e716d3 fsgnjn.s         f13, f14, f14       f13=xxxxxxxx f14:c1a0e4a3 f14:c1a0e4a3
21067646ns          361563 1c00a080 f3dfe06f jal              x0, -4292          
21067686ns          361565 1c008fbc fed82e23 sw               x13, -4(x16)        x13:41a0e4a3 x16:10000dcc  PA:10000dc8
21067706ns          361566 1c008fc0 18d77753 fdiv.s           f14, f14, f13       f14=xxxxxxxx f14:c1a0e4a3 f13:41a0e4a3
21067726ns          361567 1c008fc4 0045a463 p.beqimm         x11, 8              x11:00000001
21067985ns          361580 1c008fc8 18e7f7d3 fdiv.s           f15, f15, f14       f15=xxxxxxxx f15:410892b2 f14:bf800000  PA:10000f34
21068004ns          361581 1c008fcc 000eaf83 lw               x31, 0(x29)         x31=xxxxxxxx x29:10000f34  PA:10000f38
21068024ns          361582 1c008fd0 004eaf03 lw               x30, 4(x29)         x30=xxxxxxxx x29:10000f34  PA:10000f3c
21068044ns          361583 1c008fd4 008eae03 lw               x28, 8(x29)         x28=xxxxxxxx x29:10000f34  PA:10000f40
21068064ns          361584 1c008fd8 00cea303 lw               x6, 12(x29)          x6=xxxxxxxx x29:10000f34  PA:10000f44
21068084ns          361585 1c008fdc 010ea683 lw               x13, 16(x29)        x13=xxxxxxxx x29:10000f34
21068104ns          361586 1c008fe0 10efffd3 fmul.s           f31, f31, f14       f31=xxxxxxxx f31:3e8e768c f14:bf800000
21068283ns          361595 1c008fe4 10ef7f53 fmul.s           f30, f30, f14       f30=xxxxxxxx f30:be109354 f14:bf800000
21068303ns          361596 1c008fe8 10ee7e53 fmul.s           f28, f28, f14       f28=xxxxxxxx f28:bf316709 f14:bf800000
21068323ns          361597 1c008fec 10e37353 fmul.s           f6, f6, f14          f6=xxxxxxxx  f6:bd0e4e52 f14:bf800000
21068343ns          361598 1c008ff0 10e6f753 fmul.s           f14, f13, f14       f14=xxxxxxxx f13:bf2625b9 f14:bf800000
21068363ns          361599 1c008ff4 01fea023 sw               x31, 0(x29)         x31:be8e768c x29:10000f34  PA:10000f34
21068382ns          361600 1c008ff8 01eea223 sw               x30, 4(x29)         x30:3e109354 x29:10000f34  PA:10000f38
21068402ns          361601 1c008ffc 01cea423 sw               x28, 8(x29)         x28:3f316709 x29:10000f34  PA:10000f3c
21068422ns          361602 1c009000 006ea623 sw               x6, 12(x29)          x6:3d0e4e52 x29:10000f34  PA:10000f40
21068442ns          361603 1c009004 00eea823 sw               x14, 16(x29)        x14:3f2625b9 x29:10000f34  PA:10000f44
21068462ns          361604 1c009008 8a9ff06f jal              x0, -1880          
21068939ns          361628 1c0088b0 0045a763 p.beqimm         x11, 14             x11:00000001
21068959ns          361629 1c0088b4 a117a753 feq.s            x14, f15, f17       x14=00000000 f15:c10892b2 f17:00000000
21068979ns          361630 1c0088b8 00071363 bne              x14, x0, 6          x14:00000000
21068999ns          361631 1c0088ba 2e40106f jal              x0, 4836           
21069059ns          361634 1c009b9e a1179753 flt.s            x14, f15, f17       x14=00000001 f15:c10892b2 f17:00000000
21069079ns          361635 1c009ba2 00f002b3 add              x5, x0, x15          x5=c10892b2 x15:c10892b2
21069098ns          361636 1c009ba4 00070363 beq              x14, x0, 6          x14:00000001
21069118ns          361637 1c009ba6 20f792d3 fsgnjn.s         f5, f15, f15         f5=xxxxxxxx f15:c10892b2 f15:c10892b2
21069138ns          361638 1c009baa 00082f83 lw               x31, 0(x16)         x31=41016208 x16:10000dcc  PA:10000dcc
21069158ns          361639 1c009bae 00062f03 lw               x30, 0(x12)         x30=00000000 x12:10000ee4  PA:10000ee4
21069178ns          361640 1c009bb2 00462e03 lw               x28, 4(x12)         x28=3c815795 x12:10000ee4  PA:10000ee8
21069198ns          361641 1c009bb6 00862303 lw               x6, 8(x12)           x6=bf220cf4 x12:10000ee4  PA:10000eec
21069218ns          361642 1c009bba 00c62683 lw               x13, 12(x12)        x13=3f361094 x12:10000ee4  PA:10000ef0
21069238ns          361643 1c009bbc 01062703 lw               x14, 16(x12)        x14=be9c5acb x12:10000ee4  PA:10000ef4
21069258ns          361644 1c009bbe 18f2f7d3 fdiv.s           f15, f5, f15        f15=xxxxxxxx  f5:410892b2 f15:c10892b2
21069934ns          361678 1c009bc2 10ffffd3 fmul.s           f31, f31, f15       f31=xxxxxxxx f31:41016208 f15:bf800000
21069954ns          361679 1c009bc6 10ff7f53 fmul.s           f30, f30, f15       f30=xxxxxxxx f30:00000000 f15:bf800000
21069974ns          361680 1c009bca 10fe7e53 fmul.s           f28, f28, f15       f28=xxxxxxxx f28:3c815795 f15:bf800000
21069994ns          361681 1c009bce 10f37353 fmul.s           f6, f6, f15          f6=xxxxxxxx  f6:bf220cf4 f15:bf800000
21070013ns          361682 1c009bd2 10f6f6d3 fmul.s           f13, f13, f15       f13=xxxxxxxx f13:3f361094 f15:bf800000
21070033ns          361683 1c009bd6 10f777d3 fmul.s           f15, f14, f15       f15=xxxxxxxx f14:be9c5acb f15:bf800000
21070053ns          361684 1c009bda 01f82023 sw               x31, 0(x16)         x31:c1016208 x16:10000dcc  PA:10000dcc
21070073ns          361685 1c009bde 01e62023 sw               x30, 0(x12)         x30:80000000 x12:10000ee4  PA:10000ee4
21070093ns          361686 1c009be2 00f62823 sw               x15, 16(x12)        x15:3e9c5acb x12:10000ee4  PA:10000ef4
21070113ns          361687 1c009be4 01c62223 sw               x28, 4(x12)         x28:bc815795 x12:10000ee4  PA:10000ee8
21070133ns          361688 1c009be8 00662423 sw               x6, 8(x12)           x6:3f220cf4 x12:10000ee4  PA:10000eec
21070153ns          361689 1c009bec 00d62623 sw               x13, 12(x12)        x13:bf361094 x12:10000ee4  PA:10000ef0
21070173ns          361690 1c009bee 005007b3 add              x15, x0, x5         x15=410892b2  x5:410892b2
21070192ns          361691 1c009bf0 ccffe06f jal              x0, -4914          
21070252ns          361694 1c0088be fef92e23 sw               x15, -4(x18)        x15:410892b2 x18:10000de0  PA:10000ddc
21070272ns          361695 1c0088c2 00158593 addi             x11, x11, 1         x11=00000002 x11:00000001
21070292ns          361696 1c0088c4 01460613 addi             x12, x12, 20        x12=10000ef8 x12:10000ee4
21070312ns          361697 1c0088c6 014e8e93 addi             x29, x29, 20        x29=10000f48 x29:10000f34
21070332ns          361698 1c0088a0 0048270b p.lw             x14, 4(x16!)        x14=c1016208 x16=10000dd0 x16:10000dcc  PA:10000dcc
21070352ns          361699 1c0088a4 0049278b p.lw             x15, 4(x18!)        x15=c0d4c82b x18=10000de4 x18:10000de0  PA:10000de0
21070371ns          361700 1c0088a8 a11726d3 feq.s            x13, f14, f17       x13=00000000 f14:c1016208 f17:00000000
21070391ns          361701 1c0088ac 70068263 beq              x13, x0, 1796       x13:00000000
21070451ns          361704 1c008fb0 a11716d3 flt.s            x13, f14, f17       x13=00000001 f14:c1016208 f17:00000000
21070471ns          361705 1c008fb4 00068363 beq              x13, x0, 6          x13:00000001
21070491ns          361706 1c008fb6 0c60106f jal              x0, 4294           
21070531ns          361708 1c00a07c 20e716d3 fsgnjn.s         f13, f14, f14       f13=xxxxxxxx f14:c1016208 f14:c1016208
21070551ns          361709 1c00a080 f3dfe06f jal              x0, -4292          
21070590ns          361711 1c008fbc fed82e23 sw               x13, -4(x16)        x13:41016208 x16:10000dd0  PA:10000dcc
21070610ns          361712 1c008fc0 18d77753 fdiv.s           f14, f14, f13       f14=xxxxxxxx f14:c1016208 f13:41016208
21070789ns          361721 1c008fc4 0045a463 p.beqimm         x11, 8              x11:00000002
21071048ns          361734 1c008fc8 18e7f7d3 fdiv.s           f15, f15, f14       f15=xxxxxxxx f15:c0d4c82b f14:bf800000  PA:10000f48
21071346ns          361749 1c008fcc 000eaf83 lw               x31, 0(x29)         x31=xxxxxxxx x29:10000f48  PA:10000f4c
21071366ns          361750 1c008fd0 004eaf03 lw               x30, 4(x29)         x30=xxxxxxxx x29:10000f48  PA:10000f50
21071386ns          361751 1c008fd4 008eae03 lw               x28, 8(x29)         x28=xxxxxxxx x29:10000f48  PA:10000f54
21071406ns          361752 1c008fd8 00cea303 lw               x6, 12(x29)          x6=xxxxxxxx x29:10000f48  PA:10000f58
21071426ns          361753 1c008fdc 010ea683 lw               x13, 16(x29)        x13=xxxxxxxx x29:10000f48
21071446ns          361754 1c008fe0 10efffd3 fmul.s           f31, f31, f14       f31=xxxxxxxx f31:bf05ed93 f14:bf800000
21071625ns          361763 1c008fe4 10ef7f53 fmul.s           f30, f30, f14       f30=xxxxxxxx f30:be10964c f14:bf800000
21071645ns          361764 1c008fe8 10ee7e53 fmul.s           f28, f28, f14       f28=xxxxxxxx f28:bee556fd f14:bf800000
21071664ns          361765 1c008fec 10e37353 fmul.s           f6, f6, f14          f6=xxxxxxxx  f6:3f2a867c f14:bf800000
21071684ns          361766 1c008ff0 10e6f753 fmul.s           f14, f13, f14       f14=xxxxxxxx f13:3e7f0495 f14:bf800000
21071704ns          361767 1c008ff4 01fea023 sw               x31, 0(x29)         x31:3f05ed93 x29:10000f48  PA:10000f48
21071724ns          361768 1c008ff8 01eea223 sw               x30, 4(x29)         x30:3e10964c x29:10000f48  PA:10000f4c
21071764ns          361770 1c008ffc 01cea423 sw               x28, 8(x29)         x28:3ee556fd x29:10000f48  PA:10000f50
21071784ns          361771 1c009000 006ea623 sw               x6, 12(x29)          x6:bf2a867c x29:10000f48  PA:10000f54
21071804ns          361772 1c009004 00eea823 sw               x14, 16(x29)        x14:be7f0495 x29:10000f48  PA:10000f58
21071824ns          361773 1c009008 8a9ff06f jal              x0, -1880          
21071863ns          361775 1c0088b0 0045a763 p.beqimm         x11, 14             x11:00000002
21071883ns          361776 1c0088b4 a117a753 feq.s            x14, f15, f17       x14=00000000 f15:40d4c82b f17:00000000
21071903ns          361777 1c0088b8 00071363 bne              x14, x0, 6          x14:00000000
21071923ns          361778 1c0088ba 2e40106f jal              x0, 4836           
21071983ns          361781 1c009b9e a1179753 flt.s            x14, f15, f17       x14=00000000 f15:40d4c82b f17:00000000
21072003ns          361782 1c009ba2 00f002b3 add              x5, x0, x15          x5=40d4c82b x15:40d4c82b
21072022ns          361783 1c009ba4 00070363 beq              x14, x0, 6          x14:00000000
21072102ns          361787 1c009baa 00082f83 lw               x31, 0(x16)         x31=40f21927 x16:10000dd0  PA:10000dd0
21072122ns          361788 1c009bae 00062f03 lw               x30, 0(x12)         x30=00000000 x12:10000ef8  PA:10000ef8
21072142ns          361789 1c009bb2 00462e03 lw               x28, 4(x12)         x28=3f28e732 x12:10000ef8  PA:10000efc
21072162ns          361790 1c009bb6 00862303 lw               x6, 8(x12)           x6=bf0e4348 x12:10000ef8  PA:10000f00
21072182ns          361791 1c009bba 00c62683 lw               x13, 12(x12)        x13=beb55abb x12:10000ef8  PA:10000f04
21072201ns          361792 1c009bbc 01062703 lw               x14, 16(x12)        x14=3eb8e576 x12:10000ef8  PA:10000f08
21072221ns          361793 1c009bbe 18f2f7d3 fdiv.s           f15, f5, f15        f15=xxxxxxxx  f5:40d4c82b f15:40d4c82b
21072719ns          361818 1c009bc2 10ffffd3 fmul.s           f31, f31, f15       f31=xxxxxxxx f31:40f21927 f15:3f800000
21072738ns          361819 1c009bc6 10ff7f53 fmul.s           f30, f30, f15       f30=xxxxxxxx f30:00000000 f15:3f800000
21072758ns          361820 1c009bca 10fe7e53 fmul.s           f28, f28, f15       f28=xxxxxxxx f28:3f28e732 f15:3f800000
21072778ns          361821 1c009bce 10f37353 fmul.s           f6, f6, f15          f6=xxxxxxxx  f6:bf0e4348 f15:3f800000
21072798ns          361822 1c009bd2 10f6f6d3 fmul.s           f13, f13, f15       f13=xxxxxxxx f13:beb55abb f15:3f800000
21072818ns          361823 1c009bd6 10f777d3 fmul.s           f15, f14, f15       f15=xxxxxxxx f14:3eb8e576 f15:3f800000
21072838ns          361824 1c009bda 01f82023 sw               x31, 0(x16)         x31:40f21927 x16:10000dd0  PA:10000dd0
21072858ns          361825 1c009bde 01e62023 sw               x30, 0(x12)         x30:00000000 x12:10000ef8  PA:10000ef8
21072878ns          361826 1c009be2 00f62823 sw               x15, 16(x12)        x15:3eb8e576 x12:10000ef8  PA:10000f08
21072898ns          361827 1c009be4 01c62223 sw               x28, 4(x12)         x28:3f28e732 x12:10000ef8  PA:10000efc
21072918ns          361828 1c009be8 00662423 sw               x6, 8(x12)           x6:bf0e4348 x12:10000ef8  PA:10000f00
21072937ns          361829 1c009bec 00d62623 sw               x13, 12(x12)        x13:beb55abb x12:10000ef8  PA:10000f04
21072957ns          361830 1c009bee 005007b3 add              x15, x0, x5         x15=40d4c82b  x5:40d4c82b
21072977ns          361831 1c009bf0 ccffe06f jal              x0, -4914          
21073037ns          361834 1c0088be fef92e23 sw               x15, -4(x18)        x15:40d4c82b x18:10000de4  PA:10000de0
21073057ns          361835 1c0088c2 00158593 addi             x11, x11, 1         x11=00000003 x11:00000002
21073077ns          361836 1c0088c4 01460613 addi             x12, x12, 20        x12=10000f0c x12:10000ef8
21073097ns          361837 1c0088c6 014e8e93 addi             x29, x29, 20        x29=10000f5c x29:10000f48
21073116ns          361838 1c0088a0 0048270b p.lw             x14, 4(x16!)        x14=40f21927 x16=10000dd4 x16:10000dd0  PA:10000dd0
21073136ns          361839 1c0088a4 0049278b p.lw             x15, 4(x18!)        x15=c016ce75 x18=10000de8 x18:10000de4  PA:10000de4
21073156ns          361840 1c0088a8 a11726d3 feq.s            x13, f14, f17       x13=00000000 f14:40f21927 f17:00000000
21073176ns          361841 1c0088ac 70068263 beq              x13, x0, 1796       x13:00000000
21073236ns          361844 1c008fb0 a11716d3 flt.s            x13, f14, f17       x13=00000000 f14:40f21927 f17:00000000
21073256ns          361845 1c008fb4 00068363 beq              x13, x0, 6          x13:00000000
21073315ns          361848 1c008fba 00e006b3 add              x13, x0, x14        x13=40f21927 x14:40f21927
21073335ns          361849 1c008fbc fed82e23 sw               x13, -4(x16)        x13:40f21927 x16:10000dd4  PA:10000dd0
21073375ns          361851 1c008fc0 18d77753 fdiv.s           f14, f14, f13       f14=xxxxxxxx f14:40f21927 f13:40f21927
21073574ns          361861 1c008fc4 0045a463 p.beqimm         x11, 8              x11:00000003
21073832ns          361874 1c008fc8 18e7f7d3 fdiv.s           f15, f15, f14       f15=xxxxxxxx f15:c016ce75 f14:3f800000  PA:10000f5c
21074688ns          361917 1c008fcc 000eaf83 lw               x31, 0(x29)         x31=xxxxxxxx x29:10000f5c  PA:10000f60
21074708ns          361918 1c008fd0 004eaf03 lw               x30, 4(x29)         x30=xxxxxxxx x29:10000f5c  PA:10000f64
21074728ns          361919 1c008fd4 008eae03 lw               x28, 8(x29)         x28=xxxxxxxx x29:10000f5c  PA:10000f68
21074747ns          361920 1c008fd8 00cea303 lw               x6, 12(x29)          x6=xxxxxxxx x29:10000f5c  PA:10000f6c
21074767ns          361921 1c008fdc 010ea683 lw               x13, 16(x29)        x13=xxxxxxxx x29:10000f5c
21074787ns          361922 1c008fe0 10efffd3 fmul.s           f31, f31, f14       f31=xxxxxxxx f31:be0f992e f14:3f800000
21074966ns          361931 1c008fe4 10ef7f53 fmul.s           f30, f30, f14       f30=xxxxxxxx f30:3f1f9bf8 f14:3f800000
21074986ns          361932 1c008fe8 10ee7e53 fmul.s           f28, f28, f14       f28=xxxxxxxx f28:bf00c13d f14:3f800000
21075006ns          361933 1c008fec 10e37353 fmul.s           f6, f6, f14          f6=xxxxxxxx  f6:bee7da60 f14:3f800000
21075026ns          361934 1c008ff0 10e6f753 fmul.s           f14, f13, f14       f14=xxxxxxxx f13:3ebb23d9 f14:3f800000
21075046ns          361935 1c008ff4 01fea023 sw               x31, 0(x29)         x31:be0f992e x29:10000f5c  PA:10000f5c
21075066ns          361936 1c008ff8 01eea223 sw               x30, 4(x29)         x30:3f1f9bf8 x29:10000f5c  PA:10000f60
21075086ns          361937 1c008ffc 01cea423 sw               x28, 8(x29)         x28:bf00c13d x29:10000f5c  PA:10000f64
21075105ns          361938 1c009000 006ea623 sw               x6, 12(x29)          x6:bee7da60 x29:10000f5c  PA:10000f68
21075125ns          361939 1c009004 00eea823 sw               x14, 16(x29)        x14:3ebb23d9 x29:10000f5c  PA:10000f6c
21075145ns          361940 1c009008 8a9ff06f jal              x0, -1880          
21075185ns          361942 1c0088b0 0045a763 p.beqimm         x11, 14             x11:00000003
21075205ns          361943 1c0088b4 a117a753 feq.s            x14, f15, f17       x14=00000000 f15:c016ce75 f17:00000000
21075225ns          361944 1c0088b8 00071363 bne              x14, x0, 6          x14:00000000
21075245ns          361945 1c0088ba 2e40106f jal              x0, 4836           
21075304ns          361948 1c009b9e a1179753 flt.s            x14, f15, f17       x14=00000001 f15:c016ce75 f17:00000000
21075324ns          361949 1c009ba2 00f002b3 add              x5, x0, x15          x5=c016ce75 x15:c016ce75
21075344ns          361950 1c009ba4 00070363 beq              x14, x0, 6          x14:00000001
21075364ns          361951 1c009ba6 20f792d3 fsgnjn.s         f5, f15, f15         f5=xxxxxxxx f15:c016ce75 f15:c016ce75
21075384ns          361952 1c009baa 00082f83 lw               x31, 0(x16)         x31=xxxxxxxx x16:10000dd4  PA:10000dd4
21075404ns          361953 1c009bae 00062f03 lw               x30, 0(x12)         x30=xxxxxxxx x12:10000f0c  PA:10000f0c
21075424ns          361954 1c009bb2 00462e03 lw               x28, 4(x12)         x28=xxxxxxxx x12:10000f0c  PA:10000f10
21075444ns          361955 1c009bb6 00862303 lw               x6, 8(x12)           x6=xxxxxxxx x12:10000f0c  PA:10000f14
21075464ns          361956 1c009bba 00c62683 lw               x13, 12(x12)        x13=xxxxxxxx x12:10000f0c  PA:10000f18
21075483ns          361957 1c009bbc 01062703 lw               x14, 16(x12)        x14=xxxxxxxx x12:10000f0c  PA:10000f1c
21075503ns          361958 1c009bbe 18f2f7d3 fdiv.s           f15, f5, f15        f15=xxxxxxxx  f5:4016ce75 f15:c016ce75
21076060ns          361986 1c009bc2 10ffffd3 fmul.s           f31, f31, f15       f31=xxxxxxxx f31:40d6e20c f15:bf800000
21076080ns          361987 1c009bc6 10ff7f53 fmul.s           f30, f30, f15       f30=xxxxxxxx f30:00000000 f15:bf800000
21076100ns          361988 1c009bca 10fe7e53 fmul.s           f28, f28, f15       f28=xxxxxxxx f28:bf09dcdc f15:bf800000
21076120ns          361989 1c009bce 10f37353 fmul.s           f6, f6, f15          f6=xxxxxxxx  f6:be62b01b f15:bf800000
21076140ns          361990 1c009bd2 10f6f6d3 fmul.s           f13, f13, f15       f13=xxxxxxxx f13:3e213033 f15:bf800000
21076160ns          361991 1c009bd6 10f777d3 fmul.s           f15, f14, f15       f15=xxxxxxxx f14:3f4c311b f15:bf800000
21076180ns          361992 1c009bda 01f82023 sw               x31, 0(x16)         x31:c0d6e20c x16:10000dd4  PA:10000dd4
21076199ns          361993 1c009bde 01e62023 sw               x30, 0(x12)         x30:80000000 x12:10000f0c  PA:10000f0c
21076219ns          361994 1c009be2 00f62823 sw               x15, 16(x12)        x15:bf4c311b x12:10000f0c  PA:10000f1c
21076239ns          361995 1c009be4 01c62223 sw               x28, 4(x12)         x28:3f09dcdc x12:10000f0c  PA:10000f10
21076259ns          361996 1c009be8 00662423 sw               x6, 8(x12)           x6:3e62b01b x12:10000f0c  PA:10000f14
21076279ns          361997 1c009bec 00d62623 sw               x13, 12(x12)        x13:be213033 x12:10000f0c  PA:10000f18
21076299ns          361998 1c009bee 005007b3 add              x15, x0, x5         x15=4016ce75  x5:4016ce75
21076319ns          361999 1c009bf0 ccffe06f jal              x0, -4914          
21076378ns          362002 1c0088be fef92e23 sw               x15, -4(x18)        x15:4016ce75 x18:10000de8  PA:10000de4
21076398ns          362003 1c0088c2 00158593 addi             x11, x11, 1         x11=00000004 x11:00000003
21076418ns          362004 1c0088c4 01460613 addi             x12, x12, 20        x12=10000f20 x12:10000f0c
21076438ns          362005 1c0088c6 014e8e93 addi             x29, x29, 20        x29=10000f70 x29:10000f5c
21076458ns          362006 1c0088a0 0048270b p.lw             x14, 4(x16!)        x14=xxxxxxxx x16=10000dd8 x16:10000dd4  PA:10000dd4
21076478ns          362007 1c0088a4 0049278b p.lw             x15, 4(x18!)        x15=xxxxxxxx x18=10000dec x18:10000de8  PA:10000de8
21076498ns          362008 1c0088a8 a11726d3 feq.s            x13, f14, f17       x13=00000000 f14:c0d6e20c f17:00000000
21076518ns          362009 1c0088ac 70068263 beq              x13, x0, 1796       x13:00000000
21076577ns          362012 1c008fb0 a11716d3 flt.s            x13, f14, f17       x13=00000001 f14:c0d6e20c f17:00000000
21076597ns          362013 1c008fb4 00068363 beq              x13, x0, 6          x13:00000001
21076617ns          362014 1c008fb6 0c60106f jal              x0, 4294           
21076657ns          362016 1c00a07c 20e716d3 fsgnjn.s         f13, f14, f14       f13=xxxxxxxx f14:c0d6e20c f14:c0d6e20c
21076677ns          362017 1c00a080 f3dfe06f jal              x0, -4292          
21076717ns          362019 1c008fbc fed82e23 sw               x13, -4(x16)        x13:40d6e20c x16:10000dd8  PA:10000dd4
21076737ns          362020 1c008fc0 18d77753 fdiv.s           f14, f14, f13       f14=xxxxxxxx f14:c0d6e20c f13:40d6e20c
21076916ns          362029 1c008fc4 0045a463 p.beqimm         x11, 8              x11:00000004
21077194ns          362043 1c008fcc 000eaf83 lw               x31, 0(x29)         x31=3eee52c5 x29:10000f70  PA:10000f70
21077214ns          362044 1c008fd0 004eaf03 lw               x30, 4(x29)         x30=bf121372 x29:10000f70  PA:10000f74
21077234ns          362045 1c008fd4 008eae03 lw               x28, 8(x29)         x28=be839438 x29:10000f70  PA:10000f78
21077254ns          362046 1c008fd8 00cea303 lw               x6, 12(x29)          x6=be1e9dce x29:10000f70  PA:10000f7c
21077274ns          362047 1c008fdc 010ea683 lw               x13, 16(x29)        x13=3f1b3bea x29:10000f70  PA:10000f80
21077293ns          362048 1c008fe0 10efffd3 fmul.s           f31, f31, f14       f31=xxxxxxxx f31:3eee52c5 f14:bf800000
21077313ns          362049 1c008fe4 10ef7f53 fmul.s           f30, f30, f14       f30=xxxxxxxx f30:bf121372 f14:bf800000
21077333ns          362050 1c008fe8 10ee7e53 fmul.s           f28, f28, f14       f28=xxxxxxxx f28:be839438 f14:bf800000
21077353ns          362051 1c008fec 10e37353 fmul.s           f6, f6, f14          f6=xxxxxxxx  f6:be1e9dce f14:bf800000
21077373ns          362052 1c008ff0 10e6f753 fmul.s           f14, f13, f14       f14=xxxxxxxx f13:3f1b3bea f14:bf800000
21077393ns          362053 1c008ff4 01fea023 sw               x31, 0(x29)         x31:beee52c5 x29:10000f70  PA:10000f70
21077413ns          362054 1c008ff8 01eea223 sw               x30, 4(x29)         x30:3f121372 x29:10000f70  PA:10000f74
21077433ns          362055 1c008ffc 01cea423 sw               x28, 8(x29)         x28:3e839438 x29:10000f70  PA:10000f78
21077453ns          362056 1c009000 006ea623 sw               x6, 12(x29)          x6:3e1e9dce x29:10000f70  PA:10000f7c
21077472ns          362057 1c009004 00eea823 sw               x14, 16(x29)        x14:bf1b3bea x29:10000f70  PA:10000f80
21077492ns          362058 1c009008 8a9ff06f jal              x0, -1880          
21077532ns          362060 1c0088b0 0045a763 p.beqimm         x11, 14             x11:00000004
21077612ns          362064 1c0088be fef92e23 sw               x15, -4(x18)        x15:00000000 x18:10000dec  PA:10000de8
21077632ns          362065 1c0088c2 00158593 addi             x11, x11, 1         x11=00000005 x11:00000004
21077652ns          362066 1c0088c4 01460613 addi             x12, x12, 20        x12=10000f34 x12:10000f20
21077671ns          362067 1c0088c6 014e8e93 addi             x29, x29, 20        x29=10000f84 x29:10000f70
21077691ns          362068 1c0088c8 02c12483 lw               x9, 44(x2)           x9=417cf548  x2:10000d98  PA:10000dc4
21077711ns          362069 1c0088ca 00000793 addi             x15, x0, 0          x15=00000000
21078109ns          362089 1c0088ce a0f497d3 flt.s            x15, f9, f15        x15=00000000  f9:417cf548 f15:00000000
21078129ns          362090 1c0088d2 00912823 sw               x9, 16(x2)           x9:417cf548  x2:10000d98  PA:10000da8
21078149ns          362091 1c0088d4 00078463 beq              x15, x0, 8          x15:00000000
21078208ns          362094 1c0088dc 04012783 lw               x15, 64(x2)         x15=41dd85f0  x2:10000d98  PA:10000dd8
21078646ns          362116 1c0088de 00000713 addi             x14, x0, 0          x14=00000000
21078686ns          362118 1c0088e2 a0e79753 flt.s            x14, f15, f14       x14=00000000 f15:41dd85f0 f14:00000000
21078706ns          362119 1c0088e6 00070363 beq              x14, x0, 6          x14:00000000
21079223ns          362145 1c0088ec 01012503 lw               x10, 16(x2)         x10=417cf548  x2:10000d98  PA:10000da8
21079263ns          362147 1c0088ee a0a78753 fle.s            x14, f15, f10       x14=00000000 f15:41dd85f0 f10:417cf548
21079283ns          362148 1c0088f2 00071663 bne              x14, x0, 12         x14:00000000
21079302ns          362149 1c0088f4 a0f7a753 feq.s            x14, f15, f15       x14=00000001 f15:41dd85f0 f15:41dd85f0
21079322ns          362150 1c0088f8 00070363 beq              x14, x0, 6          x14:00000001
21079342ns          362151 1c0088fa 0230106f jal              x0, 6178           
21080198ns          362194 1c00a11c 00f12823 sw               x15, 16(x2)         x15:41dd85f0  x2:10000d98  PA:10000da8
21080277ns          362198 1c00a11e fe0fe06f jal              x0, -6176          
21080317ns          362200 1c0088fe 01012583 lw               x11, 16(x2)         x11=41dd85f0  x2:10000d98  PA:10000da8
21080337ns          362201 1c008900 00000793 addi             x15, x0, 0          x15=00000000
21080357ns          362202 1c008904 a0f587d3 fle.s            x15, f11, f15       x15=00000000 f11:41dd85f0 f15:00000000
21080377ns          362203 1c008908 70079763 bne              x15, x0, 1806       x15:00000000
21080396ns          362204 1c00890c a0b5a7d3 feq.s            x15, f11, f11       x15=00000001 f11:41dd85f0 f11:41dd85f0
21080834ns          362226 1c008910 70078363 beq              x15, x0, 1798       x15:00000001
21080874ns          362228 1c008914 03012783 lw               x15, 48(x2)         x15=41a0e4a3  x2:10000d98  PA:10000dc8
21080894ns          362229 1c008916 00000713 addi             x14, x0, 0          x14=00000000
21080914ns          362230 1c00891a a0e79753 flt.s            x14, f15, f14       x14=00000000 f15:41a0e4a3 f14:00000000
21080933ns          362231 1c00891e 00070363 beq              x14, x0, 6          x14:00000000
21081391ns          362254 1c008924 04412703 lw               x14, 68(x2)         x14=410892b2  x2:10000d98  PA:10000ddc
21081411ns          362255 1c008926 00000693 addi             x13, x0, 0          x13=00000000
21081431ns          362256 1c00892a a0d716d3 flt.s            x13, f14, f13       x13=00000000 f14:410892b2 f13:00000000
21081451ns          362257 1c00892e 00068363 beq              x13, x0, 6          x13:00000000
21081908ns          362280 1c008934 a0f706d3 fle.s            x13, f14, f15       x13=00000001 f14:410892b2 f15:41a0e4a3
21081928ns          362281 1c008938 00069663 bne              x13, x0, 12         x13:00000001
21082425ns          362306 1c008944 01012603 lw               x12, 16(x2)         x12=41dd85f0  x2:10000d98  PA:10000da8
21082465ns          362308 1c008946 a0c78753 fle.s            x14, f15, f12       x14=00000001 f15:41a0e4a3 f12:41dd85f0
21082485ns          362309 1c00894a 00071663 bne              x14, x0, 12         x14:00000001
21082942ns          362332 1c008956 03412783 lw               x15, 52(x2)         x15=41016208  x2:10000d98  PA:10000dcc
21082962ns          362333 1c008958 00000713 addi             x14, x0, 0          x14=00000000
21082982ns          362334 1c00895c a0e79753 flt.s            x14, f15, f14       x14=00000000 f15:41016208 f14:00000000
21083420ns          362356 1c008960 00070363 beq              x14, x0, 6          x14:00000000
21083479ns          362359 1c008966 04812703 lw               x14, 72(x2)         x14=40d4c82b  x2:10000d98  PA:10000de0
21083499ns          362360 1c008968 00000693 addi             x13, x0, 0          x13=00000000
21083519ns          362361 1c00896c a0d716d3 flt.s            x13, f14, f13       x13=00000000 f14:40d4c82b f13:00000000
21083957ns          362383 1c008970 00068363 beq              x13, x0, 6          x13:00000000
21084036ns          362387 1c008976 a0f706d3 fle.s            x13, f14, f15       x13=00000001 f14:40d4c82b f15:41016208
21084056ns          362388 1c00897a 00069663 bne              x13, x0, 12         x13:00000001
21084554ns          362413 1c008986 01012683 lw               x13, 16(x2)         x13=41dd85f0  x2:10000d98  PA:10000da8
21084593ns          362415 1c008988 a0d78753 fle.s            x14, f15, f13       x14=00000001 f15:41016208 f13:41dd85f0
21084613ns          362416 1c00898c 00071663 bne              x14, x0, 12         x14:00000001
21085071ns          362439 1c008998 03812783 lw               x15, 56(x2)         x15=40f21927  x2:10000d98  PA:10000dd0
21085091ns          362440 1c00899a 00000713 addi             x14, x0, 0          x14=00000000
21085528ns          362462 1c00899e a0e79753 flt.s            x14, f15, f14       x14=00000000 f15:40f21927 f14:00000000
21085548ns          362463 1c0089a2 00070363 beq              x14, x0, 6          x14:00000000
21085608ns          362466 1c0089a8 04c12703 lw               x14, 76(x2)         x14=4016ce75  x2:10000d98  PA:10000de4
21085628ns          362467 1c0089aa 00000693 addi             x13, x0, 0          x13=00000000
21086065ns          362489 1c0089ae a0d716d3 flt.s            x13, f14, f13       x13=00000000 f14:4016ce75 f13:00000000
21086085ns          362490 1c0089b2 00068363 beq              x13, x0, 6          x13:00000000
21086145ns          362493 1c0089b8 a0f706d3 fle.s            x13, f14, f15       x13=00000001 f14:4016ce75 f15:40f21927
21086165ns          362494 1c0089bc 00069663 bne              x13, x0, 12         x13:00000001
21086642ns          362518 1c0089c8 01012803 lw               x16, 16(x2)         x16=41dd85f0  x2:10000d98  PA:10000da8
21086682ns          362520 1c0089ca a1078753 fle.s            x14, f15, f16       x14=00000001 f15:40f21927 f16:41dd85f0
21086702ns          362521 1c0089ce 00071663 bne              x14, x0, 12         x14:00000001
21087159ns          362544 1c0089da 03c12783 lw               x15, 60(x2)         x15=40d6e20c  x2:10000d98  PA:10000dd4
21087179ns          362545 1c0089dc 00000713 addi             x14, x0, 0          x14=00000000
21087617ns          362567 1c0089e0 a0e79753 flt.s            x14, f15, f14       x14=00000000 f15:40d6e20c f14:00000000
21087657ns          362569 1c0089e4 00070363 beq              x14, x0, 6          x14:00000000
21087716ns          362572 1c0089ea 05012703 lw               x14, 80(x2)         x14=00000000  x2:10000d98  PA:10000de8
21087736ns          362573 1c0089ec 00000693 addi             x13, x0, 0          x13=00000000
21088174ns          362595 1c0089f0 a0d716d3 flt.s            x13, f14, f13       x13=00000000 f14:00000000 f13:00000000
21088213ns          362597 1c0089f4 00068363 beq              x13, x0, 6          x13:00000000
21088293ns          362601 1c0089fa a0f706d3 fle.s            x13, f14, f15       x13=00000001 f14:00000000 f15:40d6e20c
21088313ns          362602 1c0089fe 00069663 bne              x13, x0, 12         x13:00000001
21088770ns          362625 1c008a0a 01012883 lw               x17, 16(x2)         x17=41dd85f0  x2:10000d98  PA:10000da8
21088810ns          362627 1c008a0c a1178753 fle.s            x14, f15, f17       x14=00000001 f15:40d6e20c f17:41dd85f0
21089228ns          362648 1c008a10 00071663 bne              x14, x0, 12         x14:00000001
21089288ns          362651 1c008a1c 00c00993 addi             x19, x0, 12         x19=0000000c
21089307ns          362652 1c008a1e 00300d93 addi             x27, x0, 3          x27=00000003
21089745ns          362674 1c008a20 00012a23 sw               x0, 20(x2)           x2:10000d98  PA:10000dac
21089765ns          362675 1c008a22 01312423 sw               x19, 8(x2)          x19:0000000c  x2:10000d98  PA:10000da0
21089785ns          362676 1c008a24 00400c13 addi             x24, x0, 4          x24=00000004
21089805ns          362677 1c008a26 00812503 lw               x10, 8(x2)          x10=0000000c  x2:10000d98  PA:10000da0
21089825ns          362678 1c008a28 04010613 addi             x12, x2, 64         x12=10000dd8  x2:10000d98
21089845ns          362679 1c008a2a 01b509b3 add              x19, x10, x27       x19=0000000f x10:0000000c x27:00000003
21089864ns          362680 1c008a2e 02c10593 addi             x11, x2, 44         x11=10000dc4  x2:10000d98
21090262ns          362700 1c008a30 00a60633 add              x12, x12, x10       x12=10000de4 x12:10000dd8 x10:0000000c
21090302ns          362702 1c008a32 002d8693 addi             x13, x27, 2         x13=00000005 x27:00000003
21090322ns          362703 1c008a36 1c000437 lui              x8, 0x1c000000       x8=1c000000
21090342ns          362704 1c008a3a 1c0004b7 lui              x9, 0x1c000000       x9=1c000000
21090362ns          362705 1c008a3e 00299993 slli             x19, x19, 0x2       x19=0000003c x19:0000000f
21090779ns          362726 1c008a40 00a58b33 add              x22, x11, x10       x22=10000dd0 x11:10000dc4 x10:0000000c
21090819ns          362728 1c008a44 00c12623 sw               x12, 12(x2)         x12:10000de4  x2:10000d98  PA:10000da4
21090839ns          362729 1c008a46 00d12c23 sw               x13, 24(x2)         x13:00000005  x2:10000d98  PA:10000db0
21090859ns          362730 1c008a48 02842a83 lw               x21, 40(x8)         x21=0c000000  x8:1c000000  PA:1c000028
21091297ns          362752 1c008a4c 02c4ab83 lw               x23, 44(x9)         x23=34000000  x9:1c000000  PA:1c00002c
21091595ns          362767 1c008a50 01a989b3 add              x19, x19, x26       x19=10000ef8 x19:0000003c x26:10000ebc
21091615ns          362768 1c008a52 00000f13 addi             x30, x0, 0          x30=00000000
21091635ns          362769 1c008a56 018007b3 add              x15, x0, x24        x15=00000004 x24:00000004
21091655ns          362770 1c008a58 004b2283 lw               x5, 4(x22)           x5=40d6e20c x22:10000dd0  PA:10000dd4
21091674ns          362771 1c008a5c 71fdace3 p.beqimm         x27, 3864           x27:00000003
21092092ns          362792 1c008a60 01412e03 lw               x28, 20(x2)         x28=00000000  x2:10000d98  PA:10000dac
21092112ns          362793 1c008a62 01400e93 addi             x29, x0, 20         x29=00000014
21092132ns          362794 1c008a64 77cec8e3 blt              x29, x28, 3952      x29:00000014 x28:00000000
21092152ns          362795 1c008a68 00c12f83 lw               x31, 12(x2)         x31=10000de4  x2:10000d98  PA:10000da4
21092192ns          362797 1c008a6a 000fa683 lw               x13, 0(x31)         x13=4016ce75 x31:10000de4  PA:10000de4
21092609ns          362818 1c008a6e a1e69753 flt.s            x14, f13, f30       x14=00000000 f13:4016ce75 f30:00000000
21092629ns          362819 1c008a72 00070363 beq              x14, x0, 6          x14:00000000
21092689ns          362822 1c008a78 000b2603 lw               x12, 0(x22)         x12=40f21927 x22:10000dd0  PA:10000dd0
21092729ns          362824 1c008a7c a1e61753 flt.s            x14, f12, f30       x14=00000000 f12:40f21927 f30:00000000
21093146ns          362845 1c008a80 00c005b3 add              x11, x0, x12        x11=40f21927 x12:40f21927
21093166ns          362846 1c008a82 00070363 beq              x14, x0, 6          x14:00000000
21093226ns          362849 1c008a88 a1e29753 flt.s            x14, f5, f30        x14=00000000  f5:40d6e20c f30:00000000
21093246ns          362850 1c008a8c 00070363 beq              x14, x0, 6          x14:00000000
21093743ns          362875 1c008a92 00500733 add              x14, x0, x5         x14=40d6e20c  x5:40d6e20c
21093763ns          362876 1c008a94 00b77753 fadd.s           f14, f14, f11       f14=xxxxxxxx f14:40d6e20c f11:40f21927
21093783ns          362877 1c008a98 11777753 fmul.s           f14, f14, f23       f14=xxxxxxxx f14:41647d9a f23:34000000
21093803ns          362878 1c008a9c a0e68753 fle.s            x14, f13, f14       x14=00000000 f13:4016ce75 f14:35e47d9a
21094240ns          362900 1c008aa0 00070363 beq              x14, x0, 6          x14:00000000
21094320ns          362904 1c008aa6 1c000337 lui              x6, 0x1c000000       x6=1c000000
21094340ns          362905 1c008aaa 02830313 addi             x6, x6, 40           x6=1c000028  x6:1c000000
21094777ns          362927 1c008aae 00032303 lw               x6, 0(x6)            x6=0c000000  x6:1c000028  PA:1c000028
21095135ns          362945 1c008ab2 a06686d3 fle.s            x13, f13, f6        x13=00000000 f13:4016ce75  f6:0c000000
21095155ns          362946 1c008ab6 00068363 beq              x13, x0, 6          x13:00000000
21095653ns          362971 1c008abc fffd8693 addi             x13, x27, -1        x13=00000002 x27:00000003
21095673ns          362972 1c008ac0 000d9463 bne              x27, x0, 8          x27:00000003
21095732ns          362975 1c008ac8 00269713 slli             x14, x13, 0x2       x14=00000008 x13:00000002
21095752ns          362976 1c008acc 0e010393 addi             x7, x2, 224          x7=10000e78  x2:10000d98
21096190ns          362998 1c008ad0 00e385b3 add              x11, x7, x14        x11=10000e80  x7:10000e78 x14:00000008
21096229ns          363000 1c008ad4 f605a503 lw               x10, -160(x11)      x10=40d4c82b x11:10000e80  PA:10000de0
21096269ns          363002 1c008ad8 a1e515d3 flt.s            x11, f10, f30       x11=00000000 f10:40d4c82b f30:00000000
21096289ns          363003 1c008adc 00058363 beq              x11, x0, 6          x11:00000000
21096747ns          363026 1c008ae2 0e010413 addi             x8, x2, 224          x8=10000e78  x2:10000d98
21096767ns          363027 1c008ae4 00e405b3 add              x11, x8, x14        x11=10000e80  x8:10000e78 x14:00000008
21096786ns          363028 1c008ae8 f4c5a583 lw               x11, -180(x11)      x11=41016208 x11:10000e80  PA:10000dcc
21096826ns          363030 1c008aec a1e59853 flt.s            x16, f11, f30       x16=00000000 f11:41016208 f30:00000000
21097244ns          363051 1c008af0 00080463 beq              x16, x0, 8          x16:00000000
21097304ns          363054 1c008af8 00b00833 add              x16, x0, x11        x16=41016208 x11:41016208
21097323ns          363055 1c008afa a1e618d3 flt.s            x17, f12, f30       x17=00000000 f12:40f21927 f30:00000000
21097781ns          363078 1c008afe 00088463 beq              x17, x0, 8          x17:00000000
21097861ns          363082 1c008b06 1c0004b7 lui              x9, 0x1c000000       x9=1c000000
21097880ns          363083 1c008b0a 01067653 fadd.s           f12, f12, f16       f12=xxxxxxxx f12:40f21927 f16:41016208
21098318ns          363105 1c008b0e 02c48493 addi             x9, x9, 44           x9=1c00002c  x9:1c000000
21098338ns          363106 1c008b12 0004a483 lw               x9, 0(x9)            x9=34000000  x9:1c00002c  PA:1c00002c
21098656ns          363122 1c008b14 10967653 fmul.s           f12, f12, f9        f12=xxxxxxxx f12:417a6e9c  f9:34000000
21098676ns          363123 1c008b18 a0c50653 fle.s            x12, f10, f12       x12=00000000 f10:40d4c82b f12:35fa6e9c
21098696ns          363124 1c008b1c 00060363 beq              x12, x0, 6          x12:00000000
21098895ns          363134 1c008b22 1c000637 lui              x12, 0x1c000000     x12=1c000000
21098915ns          363135 1c008b26 02860613 addi             x12, x12, 40        x12=1c000028 x12:1c000000
21098935ns          363136 1c008b2a 00062603 lw               x12, 0(x12)         x12=0c000000 x12:1c000028  PA:1c000028
21099273ns          363153 1c008b2c a0c50553 fle.s            x10, f10, f12       x10=00000000 f10:40d4c82b f12:0c000000
21099412ns          363160 1c008b30 00050363 beq              x10, x0, 6          x10:00000000
21099492ns          363164 1c008b36 ffed8813 addi             x16, x27, -2        x16=00000001 x27:00000003
21099511ns          363165 1c008b3a 01f83463 p.bneimm         x16, 8              x16:00000001
21100009ns          363190 1c008b42 00281713 slli             x14, x16, 0x2       x14=00000004 x16:00000001
21100029ns          363191 1c008b46 0e010893 addi             x17, x2, 224        x17=10000e78  x2:10000d98
21100048ns          363192 1c008b4a 00e88633 add              x12, x17, x14       x12=10000e7c x17:10000e78 x14:00000004
21100506ns          363215 1c008b4e f6062503 lw               x10, -160(x12)      x10=410892b2 x12:10000e7c  PA:10000ddc
21100546ns          363217 1c008b52 a1e51653 flt.s            x12, f10, f30       x12=00000000 f10:410892b2 f30:00000000
21100566ns          363218 1c008b56 00060363 beq              x12, x0, 6          x12:00000000
21101063ns          363243 1c008b5c 0e010e13 addi             x28, x2, 224        x28=10000e78  x2:10000d98
21101083ns          363244 1c008b60 01c70733 add              x14, x14, x28       x14=10000e7c x14:00000004 x28:10000e78
21101103ns          363245 1c008b62 f4c72883 lw               x17, -180(x14)      x17=41a0e4a3 x14:10000e7c  PA:10000dc8
21101142ns          363247 1c008b66 a1e89753 flt.s            x14, f17, f30       x14=00000000 f17:41a0e4a3 f30:00000000
21101162ns          363248 1c008b6a 00070363 beq              x14, x0, 6          x14:00000000
21101620ns          363271 1c008b70 01100733 add              x14, x0, x17        x14=41a0e4a3 x17:41a0e4a3
21101640ns          363272 1c008b72 a1e59653 flt.s            x12, f11, f30       x12=00000000 f11:41016208 f30:00000000
21101660ns          363273 1c008b76 00060363 beq              x12, x0, 6          x12:00000000
21102157ns          363298 1c008b7c 1c000eb7 lui              x29, 0x1c000000     x29=1c000000
21102177ns          363299 1c008b80 00e5f753 fadd.s           f14, f11, f14       f14=xxxxxxxx f11:41016208 f14:41a0e4a3
21102197ns          363300 1c008b84 02ce8e93 addi             x29, x29, 44        x29=1c00002c x29:1c000000
21102217ns          363301 1c008b88 000eae83 lw               x29, 0(x29)         x29=34000000 x29:1c00002c  PA:1c00002c
21102535ns          363317 1c008b8c 11d77753 fmul.s           f14, f14, f29       f14=xxxxxxxx f14:41e195a7 f29:34000000
21102674ns          363324 1c008b90 a0e50753 fle.s            x14, f10, f14       x14=00000000 f10:410892b2 f14:366195a7
21102714ns          363326 1c008b94 440718e3 bne              x14, x0, 3152       x14:00000000
21102734ns          363327 1c008b98 1c000fb7 lui              x31, 0x1c000000     x31=1c000000
21102754ns          363328 1c008b9c 028f8f93 addi             x31, x31, 40        x31=1c000028 x31:1c000000
21103191ns          363350 1c008ba0 000faf83 lw               x31, 0(x31)         x31=0c000000 x31:1c000028  PA:1c000028
21103529ns          363367 1c008ba4 a1f50553 fle.s            x10, f10, f31       x10=00000000 f10:410892b2 f31:0c000000
21103549ns          363368 1c008ba8 42051ee3 bne              x10, x0, 3132       x10:00000000
21103569ns          363369 1c008bac ffdd8693 addi             x13, x27, -3        x13=00000000 x27:00000003
21103728ns          363377 1c008bb0 01f6b463 p.bneimm         x13, 8              x13:00000000
21103788ns          363380 1c008bb8 00269713 slli             x14, x13, 0x2       x14=00000000 x13:00000000
21103808ns          363381 1c008bbc 0e010313 addi             x6, x2, 224          x6=10000e78  x2:10000d98
21104265ns          363404 1c008bc0 00e30633 add              x12, x6, x14        x12=10000e78  x6:10000e78 x14:00000000
21104305ns          363406 1c008bc4 f6062583 lw               x11, -160(x12)      x11=41dd85f0 x12:10000e78  PA:10000dd8
21104345ns          363408 1c008bc8 a1e59653 flt.s            x12, f11, f30       x12=00000000 f11:41dd85f0 f30:00000000
21104365ns          363409 1c008bcc 00060363 beq              x12, x0, 6          x12:00000000
21104842ns          363433 1c008bd2 0e010393 addi             x7, x2, 224          x7=10000e78  x2:10000d98
21104862ns          363434 1c008bd6 00e38633 add              x12, x7, x14        x12=10000e78  x7:10000e78 x14:00000000
21104882ns          363435 1c008bda f4c62603 lw               x12, -180(x12)      x12=417cf548 x12:10000e78  PA:10000dc4
21105320ns          363457 1c008bde a1e61553 flt.s            x10, f12, f30       x10=00000000 f12:417cf548 f30:00000000
21105339ns          363458 1c008be2 00050363 beq              x10, x0, 6          x10:00000000
21105399ns          363461 1c008be8 a1e89553 flt.s            x10, f17, f30       x10=00000000 f17:41a0e4a3 f30:00000000
21105419ns          363462 1c008bec 00050363 beq              x10, x0, 6          x10:00000000
21105916ns          363487 1c008bf2 1c000437 lui              x8, 0x1c000000       x8=1c000000
21105936ns          363488 1c008bf6 01167653 fadd.s           f12, f12, f17       f12=xxxxxxxx f12:417cf548 f17:41a0e4a3
21105956ns          363489 1c008bfa 02c40413 addi             x8, x8, 44           x8=1c00002c  x8:1c000000
21105976ns          363490 1c008bfe 00042403 lw               x8, 0(x8)            x8=34000000  x8:1c00002c  PA:1c00002c
21106433ns          363513 1c008c00 10867653 fmul.s           f12, f12, f8        f12=xxxxxxxx f12:420fafa4  f8:34000000
21106453ns          363514 1c008c04 a0c58653 fle.s            x12, f11, f12       x12=00000000 f11:41dd85f0 f12:368fafa4
21106473ns          363515 1c008c08 3e0613e3 bne              x12, x0, 3046       x12:00000000
21106493ns          363516 1c008c0c 1c0004b7 lui              x9, 0x1c000000       x9=1c000000
21106931ns          363538 1c008c10 02848493 addi             x9, x9, 40           x9=1c000028  x9:1c000000
21106970ns          363540 1c008c14 0004a483 lw               x9, 0(x9)            x9=0c000000  x9:1c000028  PA:1c000028
21107289ns          363556 1c008c16 a09585d3 fle.s            x11, f11, f9        x11=00000000 f11:41dd85f0  f9:0c000000
21107309ns          363557 1c008c1a 3c059ae3 bne              x11, x0, 3028       x11:00000000
21107329ns          363558 1c008c1e 00000813 addi             x16, x0, 0          x16=00000000
21107468ns          363565 1c008c20 fff00693 addi             x13, x0, -1         x13=ffffffff
21107508ns          363567 1c008c22 3d880de3 beq              x16, x24, 3034      x16:00000000 x24:00000004
21107527ns          363568 1c008c26 002d8393 addi             x7, x27, 2           x7=00000005 x27:00000003
21107547ns          363569 1c008c2a 7c76d5e3 bge              x13, x7, 4042       x13:ffffffff  x7:00000005
21107985ns          363591 1c008c2e 00268f93 addi             x31, x13, 2         x31=00000001 x13:ffffffff
21108025ns          363593 1c008c32 3e780a63 beq              x16, x7, 1012       x16:00000000  x7:00000005
21108045ns          363594 1c008c36 002c1e93 slli             x29, x24, 0x2       x29=00000010 x24:00000004
21108064ns          363595 1c008c3a 04010493 addi             x9, x2, 64           x9=10000dd8  x2:10000d98
21108084ns          363596 1c008c3c ffce8593 addi             x11, x29, -4        x11=0000000c x29:00000010
21108502ns          363617 1c008c40 1c000637 lui              x12, 0x1c000000     x12=1c000000
21108542ns          363619 1c008c44 02c10413 addi             x8, x2, 44           x8=10000dc4  x2:10000d98
21108562ns          363620 1c008c46 1c000537 lui              x10, 0x1c000000     x10=1c000000
21108582ns          363621 1c008c4a 009585b3 add              x11, x11, x9        x11=10000de4 x11:0000000c  x9:10000dd8
21108602ns          363622 1c008c4c 02862483 lw               x9, 40(x12)          x9=0c000000 x12:1c000000  PA:1c000028
21109039ns          363644 1c008c50 01d40333 add              x6, x8, x29          x6=10000dd4  x8:10000dc4 x29:00000010
21109059ns          363645 1c008c54 00700733 add              x14, x0, x7         x14=00000005  x7:00000005
21109079ns          363646 1c008c56 02c52403 lw               x8, 44(x10)          x8=34000000 x10:1c000000  PA:1c00002c
21109377ns          363661 1c008c5a 00168693 addi             x13, x13, 1         x13=00000000 x13:ffffffff
21109397ns          363662 1c008c5c 00000e13 addi             x28, x0, 0          x28=00000000
21109536ns          363669 1c008c60 41038533 sub              x10, x7, x16        x10=00000005  x7:00000005 x16:00000000
21109576ns          363671 1c008c64 1e0540fb lp.setup         0x1, x10, 0x1e0     x10:00000005
21109596ns          363672 1c008c68 fff70893 addi             x17, x14, -1        x17=00000004 x14:00000005
21109616ns          363673 1c008c6c 00000793 addi             x15, x0, 0          x15=00000000
21110054ns          363695 1c008c70 00ec4763 blt              x24, x14, 14        x24:00000004 x14:00000005
21110551ns          363720 1c008c7e 00efd963 bge              x31, x14, 18        x31:00000001 x14:00000005
21110571ns          363721 1c008c82 0005a603 lw               x12, 0(x11)         x12=4016ce75 x11:10000de4  PA:10000de4
21110610ns          363723 1c008c84 a1c61f53 flt.s            x30, f12, f28       x30=00000000 f12:4016ce75 f28:00000000
21110630ns          363724 1c008c88 380f1163 bne              x30, x0, 898        x30:00000000
21110650ns          363725 1c008c8c 00c7f7d3 fadd.s           f15, f15, f12       f15=xxxxxxxx f15:00000000 f12:4016ce75
21111088ns          363747 1c008c90 ffc3260b p.lw             x12, -4(x6!)        x12=40d6e20c  x6=10000dd0  x6:10000dd4  PA:10000dd4
21111128ns          363749 1c008c94 a1c61f53 flt.s            x30, f12, f28       x30=00000000 f12:40d6e20c f28:00000000
21111148ns          363750 1c008c98 000f0463 beq              x30, x0, 8          x30:00000000
21111645ns          363775 1c008ca0 1087f7d3 fmul.s           f15, f15, f8        f15=xxxxxxxx f15:4016ce75  f8:34000000
21111665ns          363776 1c008ca4 a0f607d3 fle.s            x15, f12, f15       x15=00000000 f12:40d6e20c f15:3496ce75
21111685ns          363777 1c008ca8 00079563 bne              x15, x0, 10         x15:00000000
21111704ns          363778 1c008caa a0960653 fle.s            x12, f12, f9        x12=00000000 f12:40d6e20c  f9:0c000000
21112142ns          363800 1c008cae 36060663 beq              x12, x0, 876        x12:00000000
21112281ns          363807 1c00901a 00d71463 bne              x14, x13, 8         x14:00000005 x13:00000000
21112759ns          363831 1c009022 01100733 add              x14, x0, x17        x14=00000004 x17:00000004
21112779ns          363832 1c009024 ffc58593 addi             x11, x11, -4        x11=10000de0 x11:10000de4
21112798ns          363833 1c008c68 fff70893 addi             x17, x14, -1        x17=00000003 x14:00000004
21112818ns          363834 1c008c6c 00000793 addi             x15, x0, 0          x15=00000000
21112838ns          363835 1c008c70 00ec4763 blt              x24, x14, 14        x24:00000004 x14:00000004
21112858ns          363836 1c008c74 0045a783 lw               x15, 4(x11)         x15=4016ce75 x11:10000de0  PA:10000de4
21112898ns          363838 1c008c76 a1c79653 flt.s            x12, f15, f28       x12=00000000 f15:4016ce75 f28:00000000
21112918ns          363839 1c008c7a 38061b63 bne              x12, x0, 918        x12:00000000
21112938ns          363840 1c008c7e 00efd963 bge              x31, x14, 18        x31:00000001 x14:00000004
21112958ns          363841 1c008c82 0005a603 lw               x12, 0(x11)         x12=40d4c82b x11:10000de0  PA:10000de0
21112997ns          363843 1c008c84 a1c61f53 flt.s            x30, f12, f28       x30=00000000 f12:40d4c82b f28:00000000
21113017ns          363844 1c008c88 380f1163 bne              x30, x0, 898        x30:00000000
21113037ns          363845 1c008c8c 00c7f7d3 fadd.s           f15, f15, f12       f15=xxxxxxxx f15:4016ce75 f12:40d4c82b
21113057ns          363846 1c008c90 ffc3260b p.lw             x12, -4(x6!)        x12=40f21927  x6=10000dcc  x6:10000dd0  PA:10000dd0
21113097ns          363848 1c008c94 a1c61f53 flt.s            x30, f12, f28       x30=00000000 f12:40f21927 f28:00000000
21113117ns          363849 1c008c98 000f0463 beq              x30, x0, 8          x30:00000000
21113176ns          363852 1c008ca0 1087f7d3 fmul.s           f15, f15, f8        f15=xxxxxxxx f15:411017b3  f8:34000000
21113196ns          363853 1c008ca4 a0f607d3 fle.s            x15, f12, f15       x15=00000000 f12:40f21927 f15:359017b3
21113216ns          363854 1c008ca8 00079563 bne              x15, x0, 10         x15:00000000
21113236ns          363855 1c008caa a0960653 fle.s            x12, f12, f9        x12=00000000 f12:40f21927  f9:0c000000
21113256ns          363856 1c008cae 36060663 beq              x12, x0, 876        x12:00000000
21113336ns          363860 1c00901a 00d71463 bne              x14, x13, 8         x14:00000004 x13:00000000
21113395ns          363863 1c009022 01100733 add              x14, x0, x17        x14=00000003 x17:00000003
21113415ns          363864 1c009024 ffc58593 addi             x11, x11, -4        x11=10000ddc x11:10000de0
21113435ns          363865 1c008c68 fff70893 addi             x17, x14, -1        x17=00000002 x14:00000003
21113455ns          363866 1c008c6c 00000793 addi             x15, x0, 0          x15=00000000
21113475ns          363867 1c008c70 00ec4763 blt              x24, x14, 14        x24:00000004 x14:00000003
21113495ns          363868 1c008c74 0045a783 lw               x15, 4(x11)         x15=40d4c82b x11:10000ddc  PA:10000de0
21113534ns          363870 1c008c76 a1c79653 flt.s            x12, f15, f28       x12=00000000 f15:40d4c82b f28:00000000
21113554ns          363871 1c008c7a 38061b63 bne              x12, x0, 918        x12:00000000
21113574ns          363872 1c008c7e 00efd963 bge              x31, x14, 18        x31:00000001 x14:00000003
21113594ns          363873 1c008c82 0005a603 lw               x12, 0(x11)         x12=410892b2 x11:10000ddc  PA:10000ddc
21113634ns          363875 1c008c84 a1c61f53 flt.s            x30, f12, f28       x30=00000000 f12:410892b2 f28:00000000
21113654ns          363876 1c008c88 380f1163 bne              x30, x0, 898        x30:00000000
21113674ns          363877 1c008c8c 00c7f7d3 fadd.s           f15, f15, f12       f15=xxxxxxxx f15:40d4c82b f12:410892b2
21113694ns          363878 1c008c90 ffc3260b p.lw             x12, -4(x6!)        x12=41016208  x6=10000dc8  x6:10000dcc  PA:10000dcc
21113733ns          363880 1c008c94 a1c61f53 flt.s            x30, f12, f28       x30=00000000 f12:41016208 f28:00000000
21113753ns          363881 1c008c98 000f0463 beq              x30, x0, 8          x30:00000000
21113813ns          363884 1c008ca0 1087f7d3 fmul.s           f15, f15, f8        f15=xxxxxxxx f15:4172f6c8  f8:34000000
21113833ns          363885 1c008ca4 a0f607d3 fle.s            x15, f12, f15       x15=00000000 f12:41016208 f15:35f2f6c8
21113853ns          363886 1c008ca8 00079563 bne              x15, x0, 10         x15:00000000
21113873ns          363887 1c008caa a0960653 fle.s            x12, f12, f9        x12=00000000 f12:41016208  f9:0c000000
21113892ns          363888 1c008cae 36060663 beq              x12, x0, 876        x12:00000000
21113972ns          363892 1c00901a 00d71463 bne              x14, x13, 8         x14:00000003 x13:00000000
21114032ns          363895 1c009022 01100733 add              x14, x0, x17        x14=00000002 x17:00000002
21114052ns          363896 1c009024 ffc58593 addi             x11, x11, -4        x11=10000dd8 x11:10000ddc
21114071ns          363897 1c008c68 fff70893 addi             x17, x14, -1        x17=00000001 x14:00000002
21114091ns          363898 1c008c6c 00000793 addi             x15, x0, 0          x15=00000000
21114111ns          363899 1c008c70 00ec4763 blt              x24, x14, 14        x24:00000004 x14:00000002
21114131ns          363900 1c008c74 0045a783 lw               x15, 4(x11)         x15=410892b2 x11:10000dd8  PA:10000ddc
21114171ns          363902 1c008c76 a1c79653 flt.s            x12, f15, f28       x12=00000000 f15:410892b2 f28:00000000
21114191ns          363903 1c008c7a 38061b63 bne              x12, x0, 918        x12:00000000
21114211ns          363904 1c008c7e 00efd963 bge              x31, x14, 18        x31:00000001 x14:00000002
21114231ns          363905 1c008c82 0005a603 lw               x12, 0(x11)         x12=41dd85f0 x11:10000dd8  PA:10000dd8
21114270ns          363907 1c008c84 a1c61f53 flt.s            x30, f12, f28       x30=00000000 f12:41dd85f0 f28:00000000
21114290ns          363908 1c008c88 380f1163 bne              x30, x0, 898        x30:00000000
21114310ns          363909 1c008c8c 00c7f7d3 fadd.s           f15, f15, f12       f15=xxxxxxxx f15:410892b2 f12:41dd85f0
21114330ns          363910 1c008c90 ffc3260b p.lw             x12, -4(x6!)        x12=41a0e4a3  x6=10000dc4  x6:10000dc8  PA:10000dc8
21114370ns          363912 1c008c94 a1c61f53 flt.s            x30, f12, f28       x30=00000000 f12:41a0e4a3 f28:00000000
21114390ns          363913 1c008c98 000f0463 beq              x30, x0, 8          x30:00000000
21114449ns          363916 1c008ca0 1087f7d3 fmul.s           f15, f15, f8        f15=xxxxxxxx f15:4210e7a4  f8:34000000
21114469ns          363917 1c008ca4 a0f607d3 fle.s            x15, f12, f15       x15=00000000 f12:41a0e4a3 f15:3690e7a4
21114489ns          363918 1c008ca8 00079563 bne              x15, x0, 10         x15:00000000
21114509ns          363919 1c008caa a0960653 fle.s            x12, f12, f9        x12=00000000 f12:41a0e4a3  f9:0c000000
21114529ns          363920 1c008cae 36060663 beq              x12, x0, 876        x12:00000000
21114609ns          363924 1c00901a 00d71463 bne              x14, x13, 8         x14:00000002 x13:00000000
21114668ns          363927 1c009022 01100733 add              x14, x0, x17        x14=00000001 x17:00000001
21114688ns          363928 1c009024 ffc58593 addi             x11, x11, -4        x11=10000dd4 x11:10000dd8
21114708ns          363929 1c008c68 fff70893 addi             x17, x14, -1        x17=00000000 x14:00000001
21114728ns          363930 1c008c6c 00000793 addi             x15, x0, 0          x15=00000000
21114748ns          363931 1c008c70 00ec4763 blt              x24, x14, 14        x24:00000004 x14:00000001
21114768ns          363932 1c008c74 0045a783 lw               x15, 4(x11)         x15=41dd85f0 x11:10000dd4  PA:10000dd8
21114807ns          363934 1c008c76 a1c79653 flt.s            x12, f15, f28       x12=00000000 f15:41dd85f0 f28:00000000
21114827ns          363935 1c008c7a 38061b63 bne              x12, x0, 918        x12:00000000
21114847ns          363936 1c008c7e 00efd963 bge              x31, x14, 18        x31:00000001 x14:00000001
21114907ns          363939 1c008c90 ffc3260b p.lw             x12, -4(x6!)        x12=417cf548  x6=10000dc0  x6:10000dc4  PA:10000dc4
21114947ns          363941 1c008c94 a1c61f53 flt.s            x30, f12, f28       x30=00000000 f12:417cf548 f28:00000000
21114967ns          363942 1c008c98 000f0463 beq              x30, x0, 8          x30:00000000
21115026ns          363945 1c008ca0 1087f7d3 fmul.s           f15, f15, f8        f15=xxxxxxxx f15:41dd85f0  f8:34000000
21115046ns          363946 1c008ca4 a0f607d3 fle.s            x15, f12, f15       x15=00000000 f12:417cf548 f15:365d85f0
21115066ns          363947 1c008ca8 00079563 bne              x15, x0, 10         x15:00000000
21115086ns          363948 1c008caa a0960653 fle.s            x12, f12, f9        x12=00000000 f12:417cf548  f9:0c000000
21115106ns          363949 1c008cae 36060663 beq              x12, x0, 876        x12:00000000
21115185ns          363953 1c00901a 00d71463 bne              x14, x13, 8         x14:00000001 x13:00000000
21115245ns          363956 1c009022 01100733 add              x14, x0, x17        x14=00000000 x17:00000000
21115265ns          363957 1c009024 ffc58593 addi             x11, x11, -4        x11=10000dd0 x11:10000dd4
21115285ns          363958 1c009026 00000793 addi             x15, x0, 0          x15=00000000
21115305ns          363959 1c00902a a0f297d3 flt.s            x15, f5, f15        x15=00000000  f5:40d6e20c f15:00000000
21115325ns          363960 1c00902e 005006b3 add              x13, x0, x5         x13=40d6e20c  x5:40d6e20c
21115742ns          363981 1c009030 00078363 beq              x15, x0, 6          x15:00000000
21115822ns          363985 1c009036 002d9593 slli             x11, x27, 0x2       x11=0000000c x27:00000003
21115842ns          363986 1c00903a 0e010613 addi             x12, x2, 224        x12=10000e78  x2:10000d98
21115862ns          363987 1c00903c 00b607b3 add              x15, x12, x11       x15=10000e84 x12:10000e78 x11:0000000c
21116299ns          364009 1c009040 f4c7a603 lw               x12, -180(x15)      x12=40f21927 x15:10000e84  PA:10000dd0
21116339ns          364011 1c009044 00000793 addi             x15, x0, 0          x15=00000000
21116359ns          364012 1c009048 a0f617d3 flt.s            x15, f12, f15       x15=00000000 f12:40f21927 f15:00000000
21116379ns          364013 1c00904c 00b12423 sw               x11, 8(x2)          x11:0000000c  x2:10000d98  PA:10000da0
21116399ns          364014 1c00904e 06d12423 sw               x13, 104(x2)        x13:40d6e20c  x2:10000d98  PA:10000e00
21116816ns          364035 1c009050 00c00533 add              x10, x0, x12        x10=40f21927 x12:40f21927
21116836ns          364036 1c009052 00b008b3 add              x17, x0, x11        x17=0000000c x11:0000000c
21116856ns          364037 1c009054 00078363 beq              x15, x0, 6          x15:00000000
21116916ns          364040 1c00905a 0e010713 addi             x14, x2, 224        x14=10000e78  x2:10000d98
21116936ns          364041 1c00905c 011707b3 add              x15, x14, x17       x15=10000e84 x14:10000e78 x17:0000000c
21117373ns          364063 1c009060 f607a783 lw               x15, -160(x15)      x15=4016ce75 x15:10000e84  PA:10000de4
21117433ns          364066 1c009064 00000713 addi             x14, x0, 0          x14=00000000
21117453ns          364067 1c009068 a0e79753 flt.s            x14, f15, f14       x14=00000000 f15:4016ce75 f14:00000000
21117473ns          364068 1c00906c 06a12623 sw               x10, 108(x2)        x10:40f21927  x2:10000d98  PA:10000e04
21117493ns          364069 1c00906e 00070363 beq              x14, x0, 6          x14:00000000
21117930ns          364091 1c009074 00f00733 add              x14, x0, x15        x14=4016ce75 x15:4016ce75
21117950ns          364092 1c009076 00281813 slli             x16, x16, 0x2       x16=00000000 x16:00000000
21117970ns          364093 1c009078 0e010993 addi             x19, x2, 224        x19=10000e78  x2:10000d98
21117990ns          364094 1c00907c 010985b3 add              x11, x19, x16       x11=10000e78 x19:10000e78 x16:00000000
21118408ns          364115 1c009080 f4c5a883 lw               x17, -180(x11)      x17=417cf548 x11:10000e78  PA:10000dc4
21118447ns          364117 1c009084 00000593 addi             x11, x0, 0          x11=00000000
21118467ns          364118 1c009088 a0b895d3 flt.s            x11, f17, f11       x11=00000000 f17:417cf548 f11:00000000
21118487ns          364119 1c00908c 06e12823 sw               x14, 112(x2)        x14:4016ce75  x2:10000d98  PA:10000e08
21118507ns          364120 1c00908e 01100e33 add              x28, x0, x17        x28=417cf548 x17:417cf548
21118945ns          364142 1c009090 00058363 beq              x11, x0, 6          x11:00000000
21119024ns          364146 1c009096 0e010e93 addi             x29, x2, 224        x29=10000e78  x2:10000d98
21119044ns          364147 1c00909a 01d80833 add              x16, x16, x29       x16=10000e78 x16:00000000 x29:10000e78
21119064ns          364148 1c00909c f6082303 lw               x6, -160(x16)        x6=41dd85f0 x16:10000e78  PA:10000dd8
21119482ns          364169 1c0090a0 00000593 addi             x11, x0, 0          x11=00000000
21119522ns          364171 1c0090a4 a0b315d3 flt.s            x11, f6, f11        x11=00000000  f6:41dd85f0 f11:00000000
21119541ns          364172 1c0090a8 07c12a23 sw               x28, 116(x2)        x28:417cf548  x2:10000d98  PA:10000e0c
21119561ns          364173 1c0090aa 00058363 beq              x11, x0, 6          x11:00000000
21120039ns          364197 1c0090b0 006005b3 add              x11, x0, x6         x11=41dd85f0  x6:41dd85f0
21120059ns          364198 1c0090b2 a0d6a853 feq.s            x16, f13, f13       x16=00000001 f13:40d6e20c f13:40d6e20c
21120078ns          364199 1c0090b6 06b12c23 sw               x11, 120(x2)        x11:41dd85f0  x2:10000d98  PA:10000e10
21120098ns          364200 1c0090b8 00080463 beq              x16, x0, 8          x16:00000001
21120118ns          364201 1c0090bc 0080106f jal              x0, 4104           
21120993ns          364245 1c00a0c4 a0a69853 flt.s            x16, f13, f10       x16=00000001 f13:40d6e20c f10:40f21927
21121033ns          364247 1c00a0c8 1e080563 beq              x16, x0, 490        x16:00000001
21121053ns          364248 1c00a0cc a0e516d3 flt.s            x13, f10, f14       x13=00000000 f10:40f21927 f14:4016ce75
21121491ns          364270 1c00a0d0 28069163 bne              x13, x0, 642        x13:00000000
21121531ns          364272 1c00a0d4 07412703 lw               x14, 116(x2)        x14=417cf548  x2:10000d98  PA:10000e0c
21121570ns          364274 1c00a0d6 a0e516d3 flt.s            x13, f10, f14       x13=00000001 f10:40f21927 f14:417cf548
21121590ns          364275 1c00a0da 00069263 bne              x13, x0, 4          x13:00000001
21122068ns          364299 1c00a0de a0b716d3 flt.s            x13, f14, f11       x13=00000001 f14:417cf548 f11:41dd85f0
21122087ns          364300 1c00a0e2 84069063 bne              x13, x0, -4032      x13:00000001
21122605ns          364326 1c009122 1c0004b7 lui              x9, 0x1c000000       x9=1c000000
21122624ns          364327 1c009126 0204a703 lw               x14, 32(x9)         x14=3f800000  x9:1c000000  PA:1c000020
21122963ns          364344 1c00912a 18b77753 fdiv.s           f14, f14, f11       f14=xxxxxxxx f14:3f800000 f11:41dd85f0
21123261ns          364359 1c00912e 105772d3 fmul.s           f5, f14, f5          f5=xxxxxxxx f14:3d13ebda  f5:40d6e20c
21123281ns          364360 1c009132 10e7f7d3 fmul.s           f15, f15, f14       f15=xxxxxxxx f15:4016ce75 f14:3d13ebda
21123301ns          364361 1c009136 00000513 addi             x10, x0, 0          x10=00000000
21123321ns          364362 1c00913a 28e676c3 fmadd.s          f13, f12, f14, f5   f13=xxxxxxxx f12:40f21927 f14:3d13ebda  f5:3e78538b
21123758ns          364384 1c00913e 28e67e47 fmsub.s          f28, f12, f14, f5   f28=xxxxxxxx f12:40f21927 f14:3d13ebda  f5:3e78538b
21123798ns          364386 1c009142 10f7f853 fmul.s           f16, f15, f15       f16=xxxxxxxx f15:3dae46fa f15:3dae46fa
21123818ns          364387 1c009146 10f2f653 fmul.s           f12, f5, f15        f12=xxxxxxxx  f5:3e78538b f15:3dae46fa
21123838ns          364388 1c00914a 10e8f7d3 fmul.s           f15, f17, f14       f15=xxxxxxxx f17:417cf548 f14:3d13ebda
21124295ns          364411 1c00914e 1c000737 lui              x14, 0x1c000000     x14=1c000000
21124335ns          364413 1c009152 81c6f6c3 fmadd.s          f13, f13, f28, f16  f13=xxxxxxxx f13:3f0406a1 f28:3cfb9b72 f16:3bed491f
21124355ns          364414 1c009156 03070713 addi             x14, x14, 48        x14=1c000030 x14:1c000000
21124375ns          364415 1c00915a 00072703 lw               x14, 0(x14)         x14=3f000000 x14:1c000030  PA:1c000030
21124812ns          364437 1c00915c 10c67653 fmul.s           f12, f12, f12       f12=xxxxxxxx f12:3ca90da2 f12:3ca90da2
21124832ns          364438 1c009160 10e6f6d3 fmul.s           f13, f13, f14       f13=xxxxxxxx f13:3cbd14f2 f14:3f000000
21124852ns          364439 1c009164 a0a6a753 feq.s            x14, f13, f10       x14=00000000 f13:3c3d14f2 f10:00000000
21124872ns          364440 1c009168 00070663 beq              x14, x0, 12         x14:00000000
21125369ns          364465 1c009174 00000513 addi             x10, x0, 0          x10=00000000
21125389ns          364466 1c009178 a0a69553 flt.s            x10, f13, f10       x10=00000000 f13:3c3d14f2 f10:00000000
21125409ns          364467 1c00917c 60d6f743 fmadd.s          f14, f13, f13, f12  f14=xxxxxxxx f13:3c3d14f2 f13:3c3d14f2 f12:39df4601
21125847ns          364489 1c009180 58077753 fsqrt.s          f14, f14            f14=xxxxxxxx f14:3a128cfc
21126145ns          364504 1c009184 00050363 beq              x10, x0, 6          x10:00000000
21126424ns          364518 1c00918a 00e6f6d3 fadd.s           f13, f13, f14       f13=xxxxxxxx f13:3c3d14f2 f14:3cc1b169
21126444ns          364519 1c00918e 18d67753 fdiv.s           f14, f12, f13       f14=xxxxxxxx f12:39df4601 f13:3d101df1
21127259ns          364560 1c009192 00f2f853 fadd.s           f16, f5, f15        f16=xxxxxxxx  f5:3e78538b f15:3f1229e5
21127538ns          364574 1c009196 0857f6d3 fsub.s           f13, f15, f5        f13=xxxxxxxx f15:3f1229e5  f5:3e78538b
21127557ns          364575 1c00919a 18b375d3 fdiv.s           f11, f6, f11        f11=xxxxxxxx  f6:41dd85f0 f11:41dd85f0
21128632ns          364629 1c00919e 10b7f7d3 fmul.s           f15, f15, f11       f15=xxxxxxxx f15:3f1229e5 f11:3f800000
21128651ns          364630 1c0091a2 70d87843 fmadd.s          f16, f16, f13, f14  f16=xxxxxxxx f16:3f503ec8 f13:3ea82a04 f14:3c464de2
21128671ns          364631 1c0091a6 5dfc4563 blt              x24, x31, 1482      x24:00000004 x31:00000001
21128691ns          364632 1c0091aa 002f9693 slli             x13, x31, 0x2       x13=00000004 x31:00000001
21128890ns          364642 1c0091ae 01f68333 add              x6, x13, x31         x6=00000005 x13:00000004 x31:00000001
21128910ns          364643 1c0091b2 00231313 slli             x6, x6, 0x2          x6=00000014  x6:00000005
21128930ns          364644 1c0091b4 058fc733 p.min            x14, x31, x24       x14=00000001 x31:00000001 x24:00000004
21128950ns          364645 1c0091b8 02c10893 addi             x17, x2, 44         x17=10000dc4  x2:10000d98
21128970ns          364646 1c0091bc 0e010993 addi             x19, x2, 224        x19=10000e78  x2:10000d98
21129407ns          364668 1c0091c0 ffc68a13 addi             x20, x13, -4        x20=00000000 x13:00000004
21129447ns          364670 1c0091c4 fec30e13 addi             x28, x6, -20        x28=00000000  x6:00000014
21129467ns          364671 1c0091c8 00d88ab3 add              x21, x17, x13       x21=10000dc8 x17:10000dc4 x13:00000004
21129487ns          364672 1c0091cc 00d98633 add              x12, x19, x13       x12=10000e7c x19:10000e78 x13:00000004
21129924ns          364694 1c0091d0 41f70b33 sub              x22, x14, x31       x22=00000000 x14:00000001 x31:00000001
21129964ns          364696 1c0091d4 04010393 addi             x7, x2, 64           x7=10000dd8  x2:10000d98
21129984ns          364697 1c0091d8 001f8693 addi             x13, x31, 1         x13=00000002 x31:00000001
21130004ns          364698 1c0091dc 00170713 addi             x14, x14, 1         x14=00000002 x14:00000001
21130442ns          364720 1c0091de 006c8eb3 add              x29, x25, x6        x29=10000f34 x25:10000f20  x6:00000014
21130481ns          364722 1c0091e2 01488bb3 add              x23, x17, x20       x23=10000dc4 x17:10000dc4 x20:00000000
21130501ns          364723 1c0091e6 01cc8f33 add              x30, x25, x28       x30=10000f20 x25:10000f20 x28:00000000
21130521ns          364724 1c0091ea f5c62503 lw               x10, -164(x12)      x10=41dd85f0 x12:10000e7c  PA:10000dd8
21130979ns          364747 1c0091ee ffcaa583 lw               x11, -4(x21)        x11=417cf548 x21:10000dc8  PA:10000dc4
21130999ns          364748 1c0091f2 01a30333 add              x6, x6, x26          x6=10000ed0  x6:00000014 x26:10000ebc
21131018ns          364749 1c0091f4 007a0a33 add              x20, x20, x7        x20=10000dd8 x20:00000000  x7:10000dd8
21131038ns          364750 1c0091f6 01ae0e33 add              x28, x28, x26       x28=10000ebc x28:00000000 x26:10000ebc
21131058ns          364751 1c0091f8 00000293 addi             x5, x0, 0            x5=00000000
21131078ns          364752 1c0091fc 001b0b13 addi             x22, x22, 1         x22=00000001 x22:00000000
21131496ns          364773 1c0091fe 00d75463 bge              x14, x13, 8         x14:00000002 x13:00000002
21131575ns          364777 1c009206 145b40fb lp.setup         0x1, x22, 0x145     x22:00000001
21131595ns          364778 1c00920a a0581753 flt.s            x14, f16, f5        x14=00000000 f16:3e8efdd0  f5:00000000
21131615ns          364779 1c00920e 01000633 add              x12, x0, x16        x12=3e8efdd0 x16:3e8efdd0
21132033ns          364800 1c009210 00070363 beq              x14, x0, 6          x14:00000000
21132112ns          364804 1c009216 a0579753 flt.s            x14, f15, f5        x14=00000000 f15:3f1229e5  f5:00000000
21132132ns          364805 1c00921a 00f008b3 add              x17, x0, x15        x17=3f1229e5 x15:3f1229e5
21132152ns          364806 1c00921c 00070363 beq              x14, x0, 6          x14:00000000
21132630ns          364830 1c009222 a0c89753 flt.s            x14, f17, f12       x14=00000000 f17:3f1229e5 f12:3e8efdd0
21132649ns          364831 1c009226 010006b3 add              x13, x0, x16        x13=3e8efdd0 x16:3e8efdd0
21132669ns          364832 1c009228 00071263 bne              x14, x0, 4          x14:00000000
21132689ns          364833 1c00922a 00f006b3 add              x13, x0, x15        x13=3f1229e5 x15:3f1229e5
21132709ns          364834 1c00922c 01167753 fadd.s           f14, f12, f17       f14=xxxxxxxx f12:3e8efdd0 f17:3f1229e5
21133107ns          364854 1c009230 a05723d3 feq.s            x7, f14, f5          x7=00000000 f14:3f59a8cd  f5:00000000
21133147ns          364856 1c009234 00038463 beq              x7, x0, 8            x7:00000000
21133206ns          364859 1c00923c 1c000437 lui              x8, 0x1c000000       x8=1c000000
21133664ns          364882 1c009240 02040413 addi             x8, x8, 32           x8=1c000020  x8:1c000000
21133704ns          364884 1c009244 00042403 lw               x8, 0(x8)            x8=3f800000  x8:1c000020  PA:1c000020
21134022ns          364900 1c009246 18e473d3 fdiv.s           f7, f8, f14          f7=xxxxxxxx  f8:3f800000 f14:3f59a8cd
21134539ns          364926 1c00924a 1078f8d3 fmul.s           f17, f17, f7        f17=xxxxxxxx f17:3f1229e5  f7:3f968c12
21134559ns          364927 1c00924e 10767653 fmul.s           f12, f12, f7        f12=xxxxxxxx f12:3e8efdd0  f7:3f968c12
21134579ns          364928 1c009252 a05696d3 flt.s            x13, f13, f5        x13=00000000 f13:3f1229e5  f5:00000000
21134599ns          364929 1c009256 1118f8d3 fmul.s           f17, f17, f17       f17=xxxxxxxx f17:3f2be90b f17:3f2be90b
21134619ns          364930 1c00925a 88c67643 fmadd.s          f12, f12, f12, f17  f12=xxxxxxxx f12:3ea82de9 f12:3ea82de9 f17:3ee6e252
21134818ns          364940 1c00925e 58067653 fsqrt.s          f12, f12            f12=xxxxxxxx f12:3f0f103c
21135673ns          364983 1c009262 10c77753 fmul.s           f14, f14, f12       f14=xxxxxxxx f14:3f59a8cd f12:3f3f5fe5
21135693ns          364984 1c009266 00068363 beq              x13, x0, 6          x13:00000000
21135951ns          364997 1c00926c 1c0004b7 lui              x9, 0x1c000000       x9=1c000000
21135971ns          364998 1c009270 02048493 addi             x9, x9, 32           x9=1c000020  x9:1c000000
21135991ns          364999 1c009274 0004a483 lw               x9, 0(x9)            x9=3f800000  x9:1c000020  PA:1c000020
21136329ns          365016 1c009276 18e4f753 fdiv.s           f14, f9, f14        f14=xxxxxxxx  f9:3f800000 f14:3f22b679
21136846ns          365042 1c00927a 10e87653 fmul.s           f12, f16, f14       f12=xxxxxxxx f16:3e8efdd0 f14:3fc962b2
21136866ns          365043 1c00927e 10e7f7d3 fmul.s           f15, f15, f14       f15=xxxxxxxx f15:3f1229e5 f14:3fc962b2
21136886ns          365044 1c009282 000e2683 lw               x13, 0(x28)         x13=3f800000 x28:10000ebc  PA:10000ebc
21136906ns          365045 1c009286 00032803 lw               x16, 0(x6)          x16=80000000  x6:10000ed0  PA:10000ed0
21136926ns          365046 1c00928a 10d7f3d3 fmul.s           f7, f15, f13         f7=xxxxxxxx f15:3f65f67d f13:3f800000
21137125ns          365056 1c00928e 1107f8d3 fmul.s           f17, f15, f16       f17=xxxxxxxx f15:3f65f67d f16:80000000
21137165ns          365058 1c009292 10f57753 fmul.s           f14, f10, f15       f14=xxxxxxxx f10:41dd85f0 f15:3f65f67d
21137185ns          365059 1c009296 39067847 fmsub.s          f16, f12, f16, f7   f16=xxxxxxxx f12:3ee0f8d2 f16:80000000  f7:3f65f67d
21137204ns          365060 1c00929a 88d676c3 fmadd.s          f13, f12, f13, f17  f13=xxxxxxxx f12:3ee0f8d2 f13:3f800000 f17:80000000
21137662ns          365083 1c00929e 10b7f3d3 fmul.s           f7, f15, f11         f7=xxxxxxxx f15:3f65f67d f11:417cf548
21137702ns          365085 1c0092a2 01032023 sw               x16, 0(x6)          x16:bf65f67d  x6:10000ed0  PA:10000ed0
21137722ns          365086 1c0092a6 00de2023 sw               x13, 0(x28)         x13:3ee0f8d2 x28:10000ebc  PA:10000ebc
21137741ns          365087 1c0092aa 004e2803 lw               x16, 4(x28)         x16=00000000 x28:10000ebc  PA:10000ec0
21138179ns          365109 1c0092ae 00432883 lw               x17, 4(x6)          x17=3f061bee  x6:10000ed0  PA:10000ed4
21138219ns          365111 1c0092b2 1107f453 fmul.s           f8, f15, f16         f8=xxxxxxxx f15:3f65f67d f16:00000000
21138239ns          365112 1c0092b6 1117f6d3 fmul.s           f13, f15, f17       f13=xxxxxxxx f15:3f65f67d f17:3f061bee
21138259ns          365113 1c0092ba 70b67743 fmadd.s          f14, f12, f11, f14  f14=xxxxxxxx f12:3ee0f8d2 f11:417cf548 f14:41c6fe1b
21138696ns          365135 1c0092be 411678c7 fmsub.s          f17, f12, f17, f8   f17=xxxxxxxx f12:3ee0f8d2 f17:3f061bee  f8:00000000
21138736ns          365137 1c0092c2 69067843 fmadd.s          f16, f12, f16, f13  f16=xxxxxxxx f12:3ee0f8d2 f16:00000000 f13:3ef0f038
21138756ns          365138 1c0092c6 38c576c7 fmsub.s          f13, f10, f12, f7   f13=xxxxxxxx f10:41dd85f0 f12:3ee0f8d2  f7:41633af9
21138776ns          365139 1c0092ca 01132223 sw               x17, 4(x6)          x17:3e6bb593  x6:10000ed0  PA:10000ed4
21139213ns          365161 1c0092ce 008e2583 lw               x11, 8(x28)         x11=00000000 x28:10000ebc  PA:10000ec4
21139253ns          365163 1c0092d2 010e2223 sw               x16, 4(x28)         x16:3ef0f038 x28:10000ebc  PA:10000ec0
21139273ns          365164 1c0092d6 00832803 lw               x16, 8(x6)          x16=3efb98a8  x6:10000ed0  PA:10000ed8
21139293ns          365165 1c0092da 10b7f8d3 fmul.s           f17, f15, f11       f17=xxxxxxxx f15:3f65f67d f11:00000000
21139731ns          365187 1c0092de 1107f553 fmul.s           f10, f15, f16       f10=xxxxxxxx f15:3f65f67d f16:3efb98a8
21139770ns          365189 1c0092e2 a05713d3 flt.s            x7, f14, f5          x7=00000000 f14:41fe913a  f5:00000000
21139790ns          365190 1c0092e6 890678c7 fmsub.s          f17, f12, f16, f17  f17=xxxxxxxx f12:3ee0f8d2 f16:3efb98a8 f17:00000000
21139810ns          365191 1c0092ea 50b67543 fmadd.s          f10, f12, f11, f10  f10=xxxxxxxx f12:3ee0f8d2 f11:00000000 f10:3ee201ce
21140268ns          365214 1c0092ee 000aa803 lw               x16, 0(x21)         x16=41a0e4a3 x21:10000dc8  PA:10000dc8
21140307ns          365216 1c0092f2 01132423 sw               x17, 8(x6)          x17:3e5d1a1d  x6:10000ed0  PA:10000ed8
21140327ns          365217 1c0092f6 00ce2583 lw               x11, 12(x28)        x11=00000000 x28:10000ebc  PA:10000ec8
21140367ns          365219 1c0092fa 00ae2423 sw               x10, 8(x28)         x10:3ee201ce x28:10000ebc  PA:10000ec4
21140785ns          365240 1c0092fe 00c32403 lw               x8, 12(x6)           x8=3f162402  x6:10000ed0  PA:10000edc
21140825ns          365242 1c009302 10b7f8d3 fmul.s           f17, f15, f11       f17=xxxxxxxx f15:3f65f67d f11:00000000
21140844ns          365243 1c009306 1087f553 fmul.s           f10, f15, f8        f10=xxxxxxxx f15:3f65f67d  f8:3f162402
21140864ns          365244 1c00930a 00da222b p.sw             x13, 4(x20!)        x20=10000ddc x13:c00239de x20:10000dd8  PA:10000dd8
21141302ns          365266 1c00930e 88867447 fmsub.s          f8, f12, f8, f17     f8=xxxxxxxx f12:3ee0f8d2  f8:3f162402 f17:00000000
21141342ns          365268 1c009312 50b67543 fmadd.s          f10, f12, f11, f10  f10=xxxxxxxx f12:3ee0f8d2 f11:00000000 f10:3f06dec6
21141362ns          365269 1c009316 10f875d3 fmul.s           f11, f16, f15       f11=xxxxxxxx f16:41a0e4a3 f15:3f65f67d
21141381ns          365270 1c00931a 00832623 sw               x8, 12(x6)           x8:3e83f170  x6:10000ed0  PA:10000edc
21141819ns          365292 1c00931e 010e2403 lw               x8, 16(x28)          x8=00000000 x28:10000ebc  PA:10000ecc
21141859ns          365294 1c009322 00ae2623 sw               x10, 12(x28)        x10:3f06dec6 x28:10000ebc  PA:10000ec8
21141879ns          365295 1c009326 01032503 lw               x10, 16(x6)         x10=3ebfa8d8  x6:10000ed0  PA:10000ee0
21141899ns          365296 1c00932a 1087f4d3 fmul.s           f9, f15, f8          f9=xxxxxxxx f15:3f65f67d  f8:00000000
21142336ns          365318 1c00932e 10a7f7d3 fmul.s           f15, f15, f10       f15=xxxxxxxx f15:3f65f67d f10:3ebfa8d8
21142376ns          365320 1c009332 10c878d3 fmul.s           f17, f16, f12       f17=xxxxxxxx f16:41a0e4a3 f12:3ee0f8d2
21142396ns          365321 1c009336 48a67547 fmsub.s          f10, f12, f10, f9   f10=xxxxxxxx f12:3ee0f8d2 f10:3ebfa8d8  f9:00000000
21142416ns          365322 1c00933a 788677c3 fmadd.s          f15, f12, f8, f15   f15=xxxxxxxx f12:3ee0f8d2  f8:00000000 f15:3eac2a93
21142853ns          365344 1c00933e 00a32823 sw               x10, 16(x6)         x10:3e286e06  x6:10000ed0  PA:10000ee0
21142893ns          365346 1c009342 00fe2823 sw               x15, 16(x28)        x15:3eac2a93 x28:10000ebc  PA:10000ecc
21142913ns          365347 1c009346 00e007b3 add              x15, x0, x14        x15=41fe913a x14:41fe913a
21142933ns          365348 1c009348 00038463 beq              x7, x0, 8            x7:00000000
21143410ns          365372 1c009350 a0559653 flt.s            x12, f11, f5        x12=00000000 f11:41908770  f5:00000000
21143430ns          365373 1c009354 700616e3 bne              x12, x0, 3852       x12:00000000
21143450ns          365374 1c009358 00b00633 add              x12, x0, x11        x12=41908770 x11:41908770
21143470ns          365375 1c00935a a0f61553 flt.s            x10, f12, f15       x10=00000001 f12:41908770 f15:41fe913a
21143490ns          365376 1c00935e 00e00833 add              x16, x0, x14        x16=41fe913a x14:41fe913a
21143908ns          365397 1c009360 00051263 bne              x10, x0, 4          x10:00000001
21143967ns          365400 1c009364 00c7f453 fadd.s           f8, f15, f12         f8=xxxxxxxx f15:41fe913a f12:41908770
21143987ns          365401 1c009368 a05423d3 feq.s            x7, f8, f5           x7=00000000  f8:42478c55  f5:00000000
21144007ns          365402 1c00936c 6a0397e3 bne              x7, x0, 3758         x7:00000000
21144465ns          365425 1c009370 1c0009b7 lui              x19, 0x1c000000     x19=1c000000
21144504ns          365427 1c009374 02098993 addi             x19, x19, 32        x19=1c000020 x19:1c000000
21144524ns          365428 1c009378 0009a983 lw               x19, 0(x19)         x19=3f800000 x19:1c000020  PA:1c000020
21144962ns          365450 1c00937c 1889f3d3 fdiv.s           f7, f19, f8          f7=xxxxxxxx f19:3f800000  f8:42478c55
21145360ns          365470 1c009380 10767653 fmul.s           f12, f12, f7        f12=xxxxxxxx f12:41908770  f7:3ca43602
21145380ns          365471 1c009384 1077f7d3 fmul.s           f15, f15, f7        f15=xxxxxxxx f15:41fe913a  f7:3ca43602
21145399ns          365472 1c009388 a0581853 flt.s            x16, f16, f5        x16=00000000 f16:41fe913a  f5:00000000
21145419ns          365473 1c00938c 10c67653 fmul.s           f12, f12, f12       f12=xxxxxxxx f12:3eb96a83 f12:3eb96a83
21145499ns          365477 1c009390 60f7f7c3 fmadd.s          f15, f15, f15, f12  f15=xxxxxxxx f15:3f234abe f15:3f234abe f12:3e064b1e
21145539ns          365479 1c009394 5807f7d3 fsqrt.s          f15, f15            f15=xxxxxxxx f15:3f09bb0b
21146474ns          365526 1c009398 10f47453 fmul.s           f8, f8, f15          f8=xxxxxxxx  f8:42478c55 f15:3f3bc61f
21146493ns          365527 1c00939c 00080463 beq              x16, x0, 8          x16:00000000
21146553ns          365530 1c0093a4 1c0003b7 lui              x7, 0x1c000000       x7=1c000000
21146573ns          365531 1c0093a8 02038393 addi             x7, x7, 32           x7=1c000020  x7:1c000000
21146593ns          365532 1c0093ac 0003a383 lw               x7, 0(x7)            x7=3f800000  x7:1c000020  PA:1c000020
21146971ns          365551 1c0093b0 1883f7d3 fdiv.s           f15, f7, f8         f15=xxxxxxxx  f7:3f800000  f8:42125df1
21147587ns          365582 1c0093b4 10f77653 fmul.s           f12, f14, f15       f12=xxxxxxxx f14:41fe913a f15:3cdfe02b
21147607ns          365583 1c0093b8 10f5f3d3 fmul.s           f7, f11, f15         f7=xxxxxxxx f11:41908770 f15:3cdfe02b
21147627ns          365584 1c0093bc 10c6f853 fmul.s           f16, f13, f12       f16=xxxxxxxx f13:c00239de f12:3f5e9f6b
21147647ns          365585 1c0093c0 207395d3 fsgnjn.s         f11, f7, f7         f11=xxxxxxxx  f7:3efcc913  f7:3efcc913
21147667ns          365586 1c0093c4 000f2783 lw               x15, 0(x30)         x15=3f246df6 x30:10000f20  PA:10000f20
21147687ns          365587 1c0093c8 000ea483 lw               x9, 0(x29)           x9=be8e768c x29:10000f34  PA:10000f34
21147707ns          365588 1c0093cc 1077f953 fmul.s           f18, f15, f7        f18=xxxxxxxx f15:3f246df6  f7:3efcc913
21147886ns          365597 1c0093d0 1074f553 fmul.s           f10, f9, f7         f10=xxxxxxxx  f9:be8e768c  f7:3efcc913
21147926ns          365599 1c0093d4 10c8f753 fmul.s           f14, f17, f12       f14=xxxxxxxx f17:410d6470 f12:3f5e9f6b
21147945ns          365600 1c0093d8 90c4f4c7 fmsub.s          f9, f9, f12, f18     f9=xxxxxxxx  f9:be8e768c f12:3f5e9f6b f18:3ea25d65
21147965ns          365601 1c0093dc 50c7f543 fmadd.s          f10, f15, f12, f10  f10=xxxxxxxx f15:3f246df6 f12:3f5e9f6b f10:be0cac97
21148423ns          365624 1c0093e0 70b6f5c3 fmadd.s          f11, f13, f11, f14  f11=xxxxxxxx f13:c00239de f11:befcc913 f14:40f5ea4b
21148463ns          365626 1c0093e4 009ea023 sw               x9, 0(x29)           x9:bf0f2075 x29:10000f34  PA:10000f34
21148482ns          365627 1c0093e8 00af2023 sw               x10, 0(x30)         x10:3ed7a535 x30:10000f20  PA:10000f20
21148502ns          365628 1c0093ec 004f2503 lw               x10, 4(x30)         x10=3efdd926 x30:10000f20  PA:10000f24
21148940ns          365650 1c0093f0 004ea483 lw               x9, 4(x29)           x9=3e109354 x29:10000f34  PA:10000f38
21148980ns          365652 1c0093f4 10a3f9d3 fmul.s           f19, f7, f10        f19=xxxxxxxx  f7:3efcc913 f10:3efdd926
21149000ns          365653 1c0093f8 1093f953 fmul.s           f18, f7, f9         f18=xxxxxxxx  f7:3efcc913  f9:3e109354
21149020ns          365654 1c0093fc 008ba22b p.sw             x8, 4(x23!)         x23=10000dc8  x8:42125df1 x23:10000dc4  PA:10000dc4
21149457ns          365676 1c009400 989674c7 fmsub.s          f9, f12, f9, f19     f9=xxxxxxxx f12:3f5e9f6b  f9:3e109354 f19:3e7aa924
21149497ns          365678 1c009404 90a67743 fmadd.s          f14, f12, f10, f18  f14=xxxxxxxx f12:3f5e9f6b f10:3efdd926 f18:3d8ec295
21149517ns          365679 1c009408 8078f843 fmadd.s          f16, f17, f7, f16   f16=xxxxxxxx f17:410d6470  f7:3efcc913 f16:bfe27e8e
21149537ns          365680 1c00940c 009ea223 sw               x9, 4(x29)           x9:bdf9deb2 x29:10000f34  PA:10000f38
21149974ns          365702 1c009410 00ef2223 sw               x14, 4(x30)         x14:3f003884 x30:10000f20  PA:10000f24
21150014ns          365704 1c009414 008f2703 lw               x14, 8(x30)         x14=3c413e0b x30:10000f20  PA:10000f28
21150034ns          365705 1c009418 008ea483 lw               x9, 8(x29)           x9=3f316709 x29:10000f34  PA:10000f3c
21150054ns          365706 1c00941c 10e3f953 fmul.s           f18, f7, f14        f18=xxxxxxxx  f7:3efcc913 f14:3c413e0b
21150491ns          365728 1c009420 1093f6d3 fmul.s           f13, f7, f9         f13=xxxxxxxx  f7:3efcc913  f9:3f316709
21150531ns          365730 1c009424 000a2783 lw               x15, 0(x20)         x15=410892b2 x20:10000ddc  PA:10000ddc
21150551ns          365731 1c009428 909674c7 fmsub.s          f9, f12, f9, f18     f9=xxxxxxxx f12:3f5e9f6b  f9:3f316709 f18:3bbed0db
21150571ns          365732 1c00942c 68e676c3 fmadd.s          f13, f12, f14, f13  f13=xxxxxxxx f12:3f5e9f6b f14:3c413e0b f13:3eaf2cc4
21151028ns          365755 1c009430 10c7f553 fmul.s           f10, f15, f12       f10=xxxxxxxx f15:410892b2 f12:3f5e9f6b
21151068ns          365757 1c009434 009ea423 sw               x9, 8(x29)           x9:3f18c831 x29:10000f34  PA:10000f3c
21151088ns          365758 1c009438 00cf2703 lw               x14, 12(x30)        x14=3f122c57 x30:10000f20  PA:10000f2c
21151108ns          365759 1c00943c 00df2423 sw               x13, 8(x30)         x13:3eb46d25 x30:10000f20  PA:10000f28
21151546ns          365781 1c009440 00cea683 lw               x13, 12(x29)        x13=3d0e4e52 x29:10000f34  PA:10000f40
21151585ns          365783 1c009444 10e3f4d3 fmul.s           f9, f7, f14          f9=xxxxxxxx  f7:3efcc913 f14:3f122c57
21151605ns          365784 1c009448 10d3f453 fmul.s           f8, f7, f13          f8=xxxxxxxx  f7:3efcc913 f13:3d0e4e52
21151625ns          365785 1c00944c 00baa22b p.sw             x11, 4(x21!)        x21=10000dcc x11:410b080d x21:10000dc8  PA:10000dc8
21152063ns          365807 1c009450 48d676c7 fmsub.s          f13, f12, f13, f9   f13=xxxxxxxx f12:3f5e9f6b f13:3d0e4e52  f9:3e905675
21152103ns          365809 1c009454 40e67743 fmadd.s          f14, f12, f14, f8   f14=xxxxxxxx f12:3f5e9f6b f14:3f122c57  f8:3c8c84df
21152122ns          365810 1c009458 00aa2023 sw               x10, 0(x20)         x10:40ed8885 x20:10000ddc  PA:10000ddc
21152142ns          365811 1c00945c 00dea623 sw               x13, 12(x29)        x13:be80de64 x29:10000f34  PA:10000f40
21152580ns          365833 1c009460 010f2883 lw               x17, 16(x30)        x17=3dfeae24 x30:10000f20  PA:10000f30
21152620ns          365835 1c009464 00ef2623 sw               x14, 12(x30)        x14:3f0381a1 x30:10000f20  PA:10000f2c
21152640ns          365836 1c009468 010ea683 lw               x13, 16(x29)        x13=3f2625b9 x29:10000f34  PA:10000f44
21152660ns          365837 1c00946c 1113f453 fmul.s           f8, f7, f17          f8=xxxxxxxx  f7:3efcc913 f17:3dfeae24
21153097ns          365859 1c009470 10d3f753 fmul.s           f14, f7, f13        f14=xxxxxxxx  f7:3efcc913 f13:3f2625b9
21153137ns          365861 1c009474 1077f7d3 fmul.s           f15, f15, f7        f15=xxxxxxxx f15:410892b2  f7:3efcc913
21153157ns          365862 1c009478 40d676c7 fmsub.s          f13, f12, f13, f8   f13=xxxxxxxx f12:3f5e9f6b f13:3f2625b9  f8:3d7b7b75
21153177ns          365863 1c00947c 71167743 fmadd.s          f14, f12, f17, f14  f14=xxxxxxxx f12:3f5e9f6b f17:3dfeae24 f14:3ea40fa2
21153634ns          365886 1c009480 001f8f93 addi             x31, x31, 1         x31=00000002 x31:00000001
21153674ns          365888 1c009482 00dea823 sw               x13, 16(x29)        x13:3f00c476 x29:10000f34  PA:10000f44
21153694ns          365889 1c009486 00ef2823 sw               x14, 16(x30)        x14:3edb6e09 x30:10000f20  PA:10000f30
21153714ns          365890 1c00948a 014e8e93 addi             x29, x29, 20        x29=10000f48 x29:10000f34
21153734ns          365891 1c00948c 01430313 addi             x6, x6, 20           x6=10000ee4  x6:10000ed0
21153754ns          365892 1c00948e 014f0f13 addi             x30, x30, 20        x30=10000f34 x30:10000f20
21154151ns          365912 1c009490 014e0e13 addi             x28, x28, 20        x28=10000ed0 x28:10000ebc
21154191ns          365914 1c009492 2dfc4f63 blt              x24, x31, 734       x24:00000004 x31:00000002
21154211ns          365915 1c009496 002f9713 slli             x14, x31, 0x2       x14=00000008 x31:00000002
21154231ns          365916 1c00949a ffc70b13 addi             x22, x14, -4        x22=00000004 x14:00000008
21154668ns          365938 1c00949e 002c1913 slli             x18, x24, 0x2       x18=00000010 x24:00000004
21154708ns          365940 1c0094a2 01f70633 add              x12, x14, x31       x12=0000000a x14:00000008 x31:00000002
21154728ns          365941 1c0094a6 41690933 sub              x18, x18, x22       x18=0000000c x18:00000010 x22:00000004
21154748ns          365942 1c0094aa 02c10513 addi             x10, x2, 44         x10=10000dc4  x2:10000d98
21154768ns          365943 1c0094ac 04010593 addi             x11, x2, 64         x11=10000dd8  x2:10000d98
21154788ns          365944 1c0094ae 00261613 slli             x12, x12, 0x2       x12=00000028 x12:0000000a
21155186ns          365964 1c0094b0 00e50ab3 add              x21, x10, x14       x21=10000dcc x10:10000dc4 x14:00000008
21155225ns          365966 1c0094b4 00e58a33 add              x20, x11, x14       x20=10000de0 x11:10000dd8 x14:00000008
21155245ns          365967 1c0094b8 ffc90913 addi             x18, x18, -4        x18=00000008 x18:0000000c
21155265ns          365968 1c0094ba ff870713 addi             x14, x14, -8        x14=00000000 x14:00000008
21155285ns          365969 1c0094bc 04010693 addi             x13, x2, 64         x13=10000dd8  x2:10000d98
21155703ns          365990 1c0094be fec60e13 addi             x28, x12, -20       x28=00000014 x12:00000028
21155743ns          365992 1c0094c2 00295913 srli             x18, x18, 0x2       x18=00000002 x18:00000008
21155762ns          365993 1c0094c6 00e689b3 add              x19, x13, x14       x19=10000dd8 x13:10000dd8 x14:00000000
21155782ns          365994 1c0094ca ffcaa583 lw               x11, -4(x21)        x11=410b080d x21:10000dcc  PA:10000dc8
21155802ns          365995 1c0094ce 02c10713 addi             x14, x2, 44         x14=10000dc4  x2:10000d98
21156240ns          366017 1c0094d0 ffca2503 lw               x10, -4(x20)        x10=40ed8885 x20:10000de0  PA:10000ddc
21156280ns          366019 1c0094d4 00cc8f33 add              x30, x25, x12       x30=10000f48 x25:10000f20 x12:00000028
21156300ns          366020 1c0094d8 01cc8eb3 add              x29, x25, x28       x29=10000f34 x25:10000f20 x28:00000014
21156319ns          366021 1c0094dc 01a60633 add              x12, x12, x26       x12=10000ee4 x12:00000028 x26:10000ebc
21156339ns          366022 1c0094de 01ae0e33 add              x28, x28, x26       x28=10000ed0 x28:00000014 x26:10000ebc
21156757ns          366043 1c0094e0 00eb0b33 add              x22, x22, x14       x22=10000dc8 x22:00000004 x14:10000dc4
21156797ns          366045 1c0094e2 00000f93 addi             x31, x0, 0          x31=00000000
21156817ns          366046 1c0094e6 00190913 addi             x18, x18, 1         x18=00000003 x18:00000002
21156837ns          366047 1c0094e8 142940fb lp.setup         0x1, x18, 0x142     x18:00000003
21156856ns          366048 1c0094ec a1f81753 flt.s            x14, f16, f31       x14=00000000 f16:4025fc92 f31:00000000
21157274ns          366069 1c0094f0 010002b3 add              x5, x0, x16          x5=4025fc92 x16:4025fc92
21157294ns          366070 1c0094f2 00070363 beq              x14, x0, 6          x14:00000000
21157354ns          366073 1c0094f8 a1f79753 flt.s            x14, f15, f31       x14=00000000 f15:4086dbad f31:00000000
21157374ns          366074 1c0094fc 00f006b3 add              x13, x0, x15        x13=4086dbad x15:4086dbad
21157394ns          366075 1c0094fe 00070363 beq              x14, x0, 6          x14:00000000
21157851ns          366098 1c009504 a0569753 flt.s            x14, f13, f5        x14=00000000 f13:4086dbad  f5:4025fc92
21157871ns          366099 1c009508 01000333 add              x6, x0, x16          x6=4025fc92 x16:4025fc92
21157891ns          366100 1c00950a 00071263 bne              x14, x0, 4          x14:00000000
21157911ns          366101 1c00950c 00f00333 add              x6, x0, x15          x6=4086dbad x15:4086dbad
21158328ns          366122 1c00950e 0056f753 fadd.s           f14, f13, f5        f14=xxxxxxxx f13:4086dbad  f5:4025fc92
21158368ns          366124 1c009512 a1f728d3 feq.s            x17, f14, f31       x17=00000000 f14:40d9d9f6 f31:00000000
21158388ns          366125 1c009516 52089be3 bne              x17, x0, 3382       x17:00000000
21158408ns          366126 1c00951a 1c0003b7 lui              x7, 0x1c000000       x7=1c000000
21158846ns          366148 1c00951e 02038393 addi             x7, x7, 32           x7=1c000020  x7:1c000000
21158885ns          366150 1c009522 0003a383 lw               x7, 0(x7)            x7=3f800000  x7:1c000020  PA:1c000020
21159204ns          366166 1c009526 18e3f8d3 fdiv.s           f17, f7, f14        f17=xxxxxxxx  f7:3f800000 f14:40d9d9f6
21159721ns          366192 1c00952a 10d8f6d3 fmul.s           f13, f17, f13       f13=xxxxxxxx f17:3e166a19 f13:4086dbad
21159741ns          366193 1c00952e 1058f8d3 fmul.s           f17, f17, f5        f17=xxxxxxxx f17:3e166a19  f5:4025fc92
21159761ns          366194 1c009532 a1f312d3 flt.s            x5, f6, f31          x5=00000000  f6:4086dbad f31:00000000
21159780ns          366195 1c009536 10d6f6d3 fmul.s           f13, f13, f13       f13=xxxxxxxx f13:3f1e7937 f13:3f1e7937
21159800ns          366196 1c00953a 6918f6c3 fmadd.s          f13, f17, f17, f13  f13=xxxxxxxx f17:3ec30d91 f17:3ec30d91 f13:3ec433b3
21159999ns          366206 1c00953e 5806f353 fsqrt.s          f6, f13              f6=xxxxxxxx f13:3f074144
21160835ns          366248 1c009542 10e37353 fmul.s           f6, f6, f14          f6=xxxxxxxx  f6:3f3a1423 f14:40d9d9f6
21160855ns          366249 1c009546 00028463 beq              x5, x0, 8            x5:00000000
21161133ns          366263 1c00954e 1c000437 lui              x8, 0x1c000000       x8=1c000000
21161153ns          366264 1c009552 02040413 addi             x8, x8, 32           x8=1c000020  x8:1c000000
21161173ns          366265 1c009556 00042403 lw               x8, 0(x8)            x8=3f800000  x8:1c000020  PA:1c000020
21161630ns          366288 1c009558 18647753 fdiv.s           f14, f8, f6         f14=xxxxxxxx  f8:3f800000  f6:409e5980
21162008ns          366307 1c00955c 10e876d3 fmul.s           f13, f16, f14       f13=xxxxxxxx f16:4025fc92 f14:3e4eef3c
21162028ns          366308 1c009560 10e7f7d3 fmul.s           f15, f15, f14       f15=xxxxxxxx f15:4086dbad f14:3e4eef3c
21162048ns          366309 1c009564 000e2703 lw               x14, 0(x28)         x14=bf65f67d x28:10000ed0  PA:10000ed0
21162068ns          366310 1c009568 00062803 lw               x16, 0(x12)         x16=80000000 x12:10000ee4  PA:10000ee4
21162088ns          366311 1c00956c 10e7f3d3 fmul.s           f7, f15, f14         f7=xxxxxxxx f15:3f5a0598 f14:bf65f67d
21162267ns          366320 1c009570 1107f2d3 fmul.s           f5, f15, f16         f5=xxxxxxxx f15:3f5a0598 f16:80000000
21162307ns          366322 1c009574 10f578d3 fmul.s           f17, f10, f15       f17=xxxxxxxx f10:40ed8885 f15:3f5a0598
21162326ns          366323 1c009578 3906f847 fmsub.s          f16, f13, f16, f7   f16=xxxxxxxx f13:3f062c5b f16:80000000  f7:bf43d8ed
21162346ns          366324 1c00957c 28e6f743 fmadd.s          f14, f13, f14, f5   f14=xxxxxxxx f13:3f062c5b f14:bf65f67d  f5:80000000
21162784ns          366346 1c009580 88d5f8c3 fmadd.s          f17, f11, f13, f17  f17=xxxxxxxx f11:410b080d f13:3f062c5b f17:40ca4b72
21162824ns          366348 1c009584 01062023 sw               x16, 0(x12)         x16:3f43d8ed x12:10000ee4  PA:10000ee4
21162844ns          366349 1c009588 00ee2023 sw               x14, 0(x28)         x14:bef10dbb x28:10000ed0  PA:10000ed0
21162863ns          366350 1c00958c 004e2703 lw               x14, 4(x28)         x14=3e6bb593 x28:10000ed0  PA:10000ed4
21163301ns          366372 1c009590 00462803 lw               x16, 4(x12)         x16=bc815795 x12:10000ee4  PA:10000ee8
21163341ns          366374 1c009594 10e7f453 fmul.s           f8, f15, f14         f8=xxxxxxxx f15:3f5a0598 f14:3e6bb593
21163361ns          366375 1c009598 10f873d3 fmul.s           f7, f16, f15         f7=xxxxxxxx f16:bc815795 f15:3f5a0598
21163381ns          366376 1c00959c 10f5f2d3 fmul.s           f5, f11, f15         f5=xxxxxxxx f11:410b080d f15:3f5a0598
21163818ns          366398 1c0095a0 40d87847 fmsub.s          f16, f16, f13, f8   f16=xxxxxxxx f16:bc815795 f13:3f062c5b  f8:3e48bdc6
21163858ns          366400 1c0095a4 38e6f743 fmadd.s          f14, f13, f14, f7   f14=xxxxxxxx f13:3f062c5b f14:3e6bb593  f7:bc5c4ed1
21163878ns          366401 1c0095a8 0069a22b p.sw             x6, 4(x19!)         x19=10000ddc  x6:409e5980 x19:10000dd8  PA:10000dd8
21163898ns          366402 1c0095ac 01062223 sw               x16, 4(x12)         x16:be51370e x12:10000ee4  PA:10000ee8
21164355ns          366425 1c0095b0 00ee2223 sw               x14, 4(x28)         x14:3ddb89ea x28:10000ed0  PA:10000ed4
21164395ns          366427 1c0095b4 008e2703 lw               x14, 8(x28)         x14=3e5d1a1d x28:10000ed0  PA:10000ed8
21164415ns          366428 1c0095b8 00862803 lw               x16, 8(x12)         x16=3f220cf4 x12:10000ee4  PA:10000eec
21164435ns          366429 1c0095bc 10f773d3 fmul.s           f7, f14, f15         f7=xxxxxxxx f14:3e5d1a1d f15:3f5a0598
21164872ns          366451 1c0095c0 10f875d3 fmul.s           f11, f16, f15       f11=xxxxxxxx f16:3f220cf4 f15:3f5a0598
21164912ns          366453 1c0095c4 28d57547 fmsub.s          f10, f10, f13, f5   f10=xxxxxxxx f10:40ed8885 f13:3f062c5b  f5:40eccfca
21164932ns          366454 1c0095c8 38d873c7 fmsub.s          f7, f16, f13, f7     f7=xxxxxxxx f16:3f220cf4 f13:3f062c5b  f7:3e3c4d11
21164952ns          366455 1c0095cc 58d775c3 fmadd.s          f11, f14, f13, f11  f11=xxxxxxxx f14:3e5d1a1d f13:3f062c5b f11:3f0a0292
21165390ns          366477 1c0095d0 a1f892d3 flt.s            x5, f17, f31         x5=00000000 f17:412e0407 f31:00000000
21165429ns          366479 1c0095d4 00762423 sw               x7, 8(x12)           x7:3e176e5d x12:10000ee4  PA:10000eec
21165449ns          366480 1c0095d8 00ce2703 lw               x14, 12(x28)        x14=3e83f170 x28:10000ed0  PA:10000edc
21165469ns          366481 1c0095dc 00be2423 sw               x11, 8(x28)         x11:3f26fb11 x28:10000ed0  PA:10000ed8
21165907ns          366503 1c0095e0 00c62383 lw               x7, 12(x12)          x7=bf361094 x12:10000ee4  PA:10000ef0
21165947ns          366505 1c0095e4 10f77453 fmul.s           f8, f14, f15         f8=xxxxxxxx f14:3e83f170 f15:3f5a0598
21165966ns          366506 1c0095e8 10f3f5d3 fmul.s           f11, f7, f15        f11=xxxxxxxx  f7:bf361094 f15:3f5a0598
21165986ns          366507 1c0095ec 000aa803 lw               x16, 0(x21)         x16=41016208 x21:10000dcc  PA:10000dcc
21166424ns          366529 1c0095f0 40d3f3c7 fmsub.s          f7, f7, f13, f8      f7=xxxxxxxx  f7:bf361094 f13:3f062c5b  f8:3e60bcf7
21166464ns          366531 1c0095f4 58d775c3 fmadd.s          f11, f14, f13, f11  f11=xxxxxxxx f14:3e83f170 f13:3f062c5b f11:bf1b0e18
21166484ns          366532 1c0095f8 00a9a023 sw               x10, 0(x19)         x10:c060a259 x19:10000ddc  PA:10000ddc
21166503ns          366533 1c0095fc 00762623 sw               x7, 12(x12)          x7:bf179b77 x12:10000ee4  PA:10000ef0
21166961ns          366556 1c009600 010e2703 lw               x14, 16(x28)        x14=3e286e06 x28:10000ed0  PA:10000ee0
21167001ns          366558 1c009604 00be2623 sw               x11, 12(x28)        x11:bef0f4f3 x28:10000ed0  PA:10000edc
21167021ns          366559 1c009608 01062583 lw               x11, 16(x12)        x11=3e9c5acb x12:10000ee4  PA:10000ef4
21167041ns          366560 1c00960a 10f773d3 fmul.s           f7, f14, f15         f7=xxxxxxxx f14:3e286e06 f15:3f5a0598
21167478ns          366582 1c00960e 10f5f353 fmul.s           f6, f11, f15         f6=xxxxxxxx f11:3e9c5acb f15:3f5a0598
21167518ns          366584 1c009612 1107f7d3 fmul.s           f15, f15, f16       f15=xxxxxxxx f15:3f5a0598 f16:41016208
21167538ns          366585 1c009616 38d5f5c7 fmsub.s          f11, f11, f13, f7   f11=xxxxxxxx f11:3e9c5acb f13:3f062c5b  f7:3e0f715f
21167558ns          366586 1c00961a 30d77743 fmadd.s          f14, f14, f13, f6   f14=xxxxxxxx f14:3e286e06 f13:3f062c5b  f6:3e8528bb
21167995ns          366608 1c00961e 1106f6d3 fmul.s           f13, f13, f16       f13=xxxxxxxx f13:3f062c5b f16:41016208
21168015ns          366609 1c009622 00b62823 sw               x11, 16(x12)        x11:3ca39edf x12:10000ee4  PA:10000ef4
21168035ns          366610 1c009624 00ee2823 sw               x14, 16(x28)        x14:3eb14c1e x28:10000ed0  PA:10000ee0
21168055ns          366611 1c009628 01100333 add              x6, x0, x17          x6=412e0407 x17:412e0407
21168075ns          366612 1c00962a 00028463 beq              x5, x0, 8            x5:00000000
21168572ns          366637 1c009632 a1f79753 flt.s            x14, f15, f31       x14=00000000 f15:40dc609d f31:00000000
21168592ns          366638 1c009636 420719e3 bne              x14, x0, 3122       x14:00000000
21168612ns          366639 1c00963a 00f00733 add              x14, x0, x15        x14=40dc609d x15:40dc609d
21168632ns          366640 1c00963c a0671853 flt.s            x16, f14, f6        x16=00000001 f14:40dc609d  f6:412e0407
21169050ns          366661 1c009640 011003b3 add              x7, x0, x17          x7=412e0407 x17:412e0407
21169089ns          366663 1c009642 00081363 bne              x16, x0, 6          x16:00000001
21169149ns          366666 1c009648 006772d3 fadd.s           f5, f14, f6          f5=xxxxxxxx f14:40dc609d  f6:412e0407
21169169ns          366667 1c00964c a1f2a5d3 feq.s            x11, f5, f31        x11=00000000  f5:418e1a2b f31:00000000
21169686ns          366693 1c009650 3a0593e3 bne              x11, x0, 2982       x11:00000000
21169726ns          366695 1c009654 1c000437 lui              x8, 0x1c000000       x8=1c000000
21169746ns          366696 1c009658 02040413 addi             x8, x8, 32           x8=1c000020  x8:1c000000
21169766ns          366697 1c00965c 00042403 lw               x8, 0(x8)            x8=3f800000  x8:1c000020  PA:1c000020
21170303ns          366724 1c00965e 185475d3 fdiv.s           f11, f8, f5         f11=xxxxxxxx  f8:3f800000  f5:418e1a2b
21170700ns          366744 1c009662 10e5f753 fmul.s           f14, f11, f14       f14=xxxxxxxx f11:3d669836 f14:40dc609d
21170720ns          366745 1c009666 a1f393d3 flt.s            x7, f7, f31          x7=00000000  f7:412e0407 f31:00000000
21170740ns          366746 1c00966a 1065f5d3 fmul.s           f11, f11, f6        f11=xxxxxxxx f11:3d669836  f6:412e0407
21170760ns          366747 1c00966e 10e77753 fmul.s           f14, f14, f14       f14=xxxxxxxx f14:3ec681d5 f14:3ec681d5
21170780ns          366748 1c009672 70b5f743 fmadd.s          f14, f11, f11, f14  f14=xxxxxxxx f11:3f1cbf15 f11:3f1cbf15 f14:3e19ed17
21170800ns          366749 1c009676 58077353 fsqrt.s          f6, f14              f6=xxxxxxxx f14:3f0674b6
21171814ns          366800 1c00967a 10537353 fmul.s           f6, f6, f5           f6=xxxxxxxx  f6:3f398738  f5:418e1a2b
21171834ns          366801 1c00967e 00038463 beq              x7, x0, 8            x7:00000000
21171914ns          366805 1c009686 1c0004b7 lui              x9, 0x1c000000       x9=1c000000
21171934ns          366806 1c00968a 02048493 addi             x9, x9, 32           x9=1c000020  x9:1c000000
21171954ns          366807 1c00968e 0004a483 lw               x9, 0(x9)            x9=3f800000  x9:1c000020  PA:1c000020
21172312ns          366825 1c009690 1864f753 fdiv.s           f14, f9, f6         f14=xxxxxxxx  f9:3f800000  f6:414df7f0
21172928ns          366856 1c009694 111778d3 fmul.s           f17, f14, f17       f17=xxxxxxxx f14:3d9f17a0 f17:412e0407
21172948ns          366857 1c009698 10f77753 fmul.s           f14, f14, f15       f14=xxxxxxxx f14:3d9f17a0 f15:40dc609d
21172968ns          366858 1c00969c 10a8f853 fmul.s           f16, f17, f10       f16=xxxxxxxx f17:3f58491f f10:c060a259
21172988ns          366859 1c0096a0 20e71bd3 fsgnjn.s         f23, f14, f14       f23=xxxxxxxx f14:3f08f458 f14:3f08f458
21173008ns          366860 1c0096a4 000ea783 lw               x15, 0(x29)         x15=bf0f2075 x29:10000f34  PA:10000f34
21173028ns          366861 1c0096a8 000f2383 lw               x7, 0(x30)           x7=3f05ed93 x30:10000f48  PA:10000f48
21173048ns          366862 1c0096ac 10e7f453 fmul.s           f8, f15, f14         f8=xxxxxxxx f15:bf0f2075 f14:3f08f458
21173227ns          366871 1c0096b0 10e3f2d3 fmul.s           f5, f7, f14          f5=xxxxxxxx  f7:3f05ed93 f14:3f08f458
21173266ns          366873 1c0096b4 006b222b p.sw             x6, 4(x22!)         x22=10000dcc  x6:414df7f0 x22:10000dc8  PA:10000dc8
21173286ns          366874 1c0096b8 4113f3c7 fmsub.s          f7, f7, f17, f8      f7=xxxxxxxx  f7:3f05ed93 f17:3f58491f  f8:be9923b5
21173306ns          366875 1c0096bc 2917f2c3 fmadd.s          f5, f15, f17, f5     f5=xxxxxxxx f15:bf0f2075 f17:3f58491f  f5:3e8f4c15
21173764ns          366898 1c0096c0 10d8f5d3 fmul.s           f11, f17, f13       f11=xxxxxxxx f17:3f58491f f13:40879f76
21173803ns          366900 1c0096c4 007f2023 sw               x7, 0(x30)           x7:3f3db88f x30:10000f48  PA:10000f48
21173823ns          366901 1c0096c8 005ea023 sw               x5, 0(x29)           x5:be4518e7 x29:10000f34  PA:10000f34
21173843ns          366902 1c0096cc 004ea283 lw               x5, 4(x29)           x5=bdf9deb2 x29:10000f34  PA:10000f38
21174281ns          366924 1c0096d0 004f2383 lw               x7, 4(x30)           x7=3e10964c x30:10000f48  PA:10000f4c
21174321ns          366926 1c0096d4 10e2f4d3 fmul.s           f9, f5, f14          f9=xxxxxxxx  f5:bdf9deb2 f14:3f08f458
21174340ns          366927 1c0096d8 10e3f453 fmul.s           f8, f7, f14          f8=xxxxxxxx  f7:3e10964c f14:3f08f458
21174360ns          366928 1c0096dc 80d77843 fmadd.s          f16, f14, f13, f16  f16=xxxxxxxx f14:3f08f458 f13:40879f76 f16:c03dc925
21174798ns          366950 1c0096e0 4913f3c7 fmsub.s          f7, f7, f17, f9      f7=xxxxxxxx  f7:3e10964c f17:3f58491f  f9:bd85accd
21174838ns          366952 1c0096e4 4112f2c3 fmadd.s          f5, f5, f17, f8      f5=xxxxxxxx  f5:bdf9deb2 f17:3f58491f  f8:3d9ab3b3
21174858ns          366953 1c0096e8 000a2783 lw               x15, 0(x20)         x15=40d4c82b x20:10000de0  PA:10000de0
21174878ns          366954 1c0096ec 007f2223 sw               x7, 4(x30)           x7:3e3cfe83 x30:10000f48  PA:10000f4c
21175315ns          366976 1c0096f0 005ea223 sw               x5, 4(x29)           x5:bce19e48 x29:10000f34  PA:10000f38
21175355ns          366978 1c0096f4 008ea283 lw               x5, 8(x29)           x5=3f18c831 x29:10000f34  PA:10000f3c
21175375ns          366979 1c0096f8 008f2383 lw               x7, 8(x30)           x7=3ee556fd x30:10000f48  PA:10000f50
21175395ns          366980 1c0096fc 10e2f4d3 fmul.s           f9, f5, f14          f9=xxxxxxxx  f5:3f18c831 f14:3f08f458
21175832ns          367002 1c009700 10e3f453 fmul.s           f8, f7, f14          f8=xxxxxxxx  f7:3ee556fd f14:3f08f458
21175872ns          367004 1c009704 58abf5c3 fmadd.s          f11, f23, f10, f11  f11=xxxxxxxx f23:bf08f458 f10:c060a259 f11:40652a91
21175892ns          367005 1c009708 4913f3c7 fmsub.s          f7, f7, f17, f9      f7=xxxxxxxx  f7:3ee556fd f17:3f58491f  f9:3ea3785b
21175912ns          367006 1c00970c 4112f2c3 fmadd.s          f5, f5, f17, f8      f5=xxxxxxxx  f5:3f18c831 f17:3f58491f  f8:3e756238
21176369ns          367029 1c009710 1117f553 fmul.s           f10, f15, f17       f10=xxxxxxxx f15:40d4c82b f17:3f58491f
21176409ns          367031 1c009714 007f2423 sw               x7, 8(x30)           x7:3d725460 x30:10000f48  PA:10000f50
21176429ns          367032 1c009718 00cea303 lw               x6, 12(x29)          x6=be80de64 x29:10000f34  PA:10000f40
21176449ns          367033 1c00971c 005ea423 sw               x5, 8(x29)           x5:3f3e6d1b x29:10000f34  PA:10000f3c
21176886ns          367055 1c009720 00cf2283 lw               x5, 12(x30)          x5=bf2a867c x30:10000f48  PA:10000f54
21176926ns          367057 1c009724 10e37453 fmul.s           f8, f6, f14          f8=xxxxxxxx  f6:be80de64 f14:3f08f458
21176946ns          367058 1c009728 10e2f3d3 fmul.s           f7, f5, f14          f7=xxxxxxxx  f5:bf2a867c f14:3f08f458
21176966ns          367059 1c00972c 014f0f13 addi             x30, x30, 20        x30=10000f5c x30:10000f48
21177404ns          367081 1c00972e 4112f2c7 fmsub.s          f5, f5, f17, f8      f5=xxxxxxxx  f5:bf2a867c f17:3f58491f  f8:be09e24b
21177443ns          367083 1c009732 39137343 fmadd.s          f6, f6, f17, f7      f6=xxxxxxxx  f6:be80de64 f17:3f58491f  f7:beb67469
21177463ns          367084 1c009736 00baa22b p.sw             x11, 4(x21!)        x21=10000dd0 x11:40aeab9c x21:10000dcc  PA:10000dcc
21177483ns          367085 1c00973a fe5f2c23 sw               x5, -8(x30)          x5:bedb3336 x30:10000f5c  PA:10000f54
21177921ns          367107 1c00973e 010ea683 lw               x13, 16(x29)        x13=3f00c476 x29:10000f34  PA:10000f44
21177961ns          367109 1c009742 006ea623 sw               x6, 12(x29)          x6:bf11aa6e x29:10000f34  PA:10000f40
21177980ns          367110 1c009746 ffcf2303 lw               x6, -4(x30)          x6=be7f0495 x30:10000f5c  PA:10000f58
21178000ns          367111 1c00974a 10e6f3d3 fmul.s           f7, f13, f14         f7=xxxxxxxx f13:3f00c476 f14:3f08f458
21178438ns          367133 1c00974e 10e372d3 fmul.s           f5, f6, f14          f5=xxxxxxxx  f6:be7f0495 f14:3f08f458
21178478ns          367135 1c009752 00aa222b p.sw             x10, 4(x20!)        x20=10000de4 x10:40b3c5ab x20:10000de0  PA:10000de0
21178498ns          367136 1c009756 39137347 fmsub.s          f6, f6, f17, f7      f6=xxxxxxxx  f6:be7f0495 f17:3f58491f  f7:3e89c68c
21178518ns          367137 1c00975a 2916f8c3 fmadd.s          f17, f13, f17, f5   f17=xxxxxxxx f13:3f00c476 f17:3f58491f  f5:be086dd7
21178537ns          367138 1c00975e 01460613 addi             x12, x12, 20        x12=10000ef8 x12:10000ee4
21178975ns          367160 1c009760 fe6f2e23 sw               x6, -4(x30)          x6:bef580e6 x30:10000f5c  PA:10000f58
21179015ns          367162 1c009764 011ea823 sw               x17, 16(x29)        x17:3e955e2b x29:10000f34  PA:10000f44
21179035ns          367163 1c009768 014e0e13 addi             x28, x28, 20        x28=10000ee4 x28:10000ed0
21179055ns          367164 1c00976a 014e8e93 addi             x29, x29, 20        x29=10000f48 x29:10000f34
21179074ns          367165 1c00976c 10e7f7d3 fmul.s           f15, f15, f14       f15=xxxxxxxx f15:40d4c82b f14:3f08f458
21179572ns          367190 1c0094ec a1f81753 flt.s            x14, f16, f31       x14=00000001 f16:bf32b34a f31:00000000
21179651ns          367194 1c0094f0 010002b3 add              x5, x0, x16          x5=bf32b34a x16:bf32b34a
21179671ns          367195 1c0094f2 00070363 beq              x14, x0, 6          x14:00000001
21179691ns          367196 1c0094f4 210812d3 fsgnjn.s         f5, f16, f16         f5=xxxxxxxx f16:bf32b34a f16:bf32b34a
21179711ns          367197 1c0094f8 a1f79753 flt.s            x14, f15, f31       x14=00000000 f15:4063aade f31:00000000
21179731ns          367198 1c0094fc 00f006b3 add              x13, x0, x15        x13=4063aade x15:4063aade
21179751ns          367199 1c0094fe 00070363 beq              x14, x0, 6          x14:00000000
21179830ns          367203 1c009504 a0569753 flt.s            x14, f13, f5        x14=00000000 f13:4063aade  f5:3f32b34a
21179850ns          367204 1c009508 01000333 add              x6, x0, x16          x6=bf32b34a x16:bf32b34a
21179870ns          367205 1c00950a 00071263 bne              x14, x0, 4          x14:00000000
21179890ns          367206 1c00950c 00f00333 add              x6, x0, x15          x6=4063aade x15:4063aade
21179930ns          367208 1c00950e 0056f753 fadd.s           f14, f13, f5        f14=xxxxxxxx f13:4063aade  f5:3f32b34a
21179970ns          367210 1c009512 a1f728d3 feq.s            x17, f14, f31       x17=00000000 f14:40882bd8 f31:00000000
21179989ns          367211 1c009516 52089be3 bne              x17, x0, 3382       x17:00000000
21180009ns          367212 1c00951a 1c0003b7 lui              x7, 0x1c000000       x7=1c000000
21180029ns          367213 1c00951e 02038393 addi             x7, x7, 32           x7=1c000020  x7:1c000000
21180049ns          367214 1c009522 0003a383 lw               x7, 0(x7)            x7=3f800000  x7:1c000020  PA:1c000020
21180387ns          367231 1c009526 18e3f8d3 fdiv.s           f17, f7, f14        f17=xxxxxxxx  f7:3f800000 f14:40882bd8
21180666ns          367245 1c00952a 10d8f6d3 fmul.s           f13, f17, f13       f13=xxxxxxxx f17:3e70a35d f13:4063aade
21180686ns          367246 1c00952e 1058f8d3 fmul.s           f17, f17, f5        f17=xxxxxxxx f17:3e70a35d  f5:3f32b34a
21180705ns          367247 1c009532 a1f312d3 flt.s            x5, f6, f31          x5=00000000  f6:4063aade f31:00000000
21180725ns          367248 1c009536 10d6f6d3 fmul.s           f13, f13, f13       f13=xxxxxxxx f13:3f560179 f13:3f560179
21180745ns          367249 1c00953a 6918f6c3 fmadd.s          f13, f17, f17, f13  f13=xxxxxxxx f17:3e27fa1e f17:3e27fa1e f13:3f32e676
21180805ns          367252 1c00953e 5806f353 fsqrt.s          f6, f13              f6=xxxxxxxx f13:3f39c9fa
21182058ns          367315 1c009542 10e37353 fmul.s           f6, f6, f14          f6=xxxxxxxx  f6:3f5a164b f14:40882bd8
21182078ns          367316 1c009546 00028463 beq              x5, x0, 8            x5:00000000
21182158ns          367320 1c00954e 1c000437 lui              x8, 0x1c000000       x8=1c000000
21182177ns          367321 1c009552 02040413 addi             x8, x8, 32           x8=1c000020  x8:1c000000
21182197ns          367322 1c009556 00042403 lw               x8, 0(x8)            x8=3f800000  x8:1c000020  PA:1c000020
21182516ns          367338 1c009558 18647753 fdiv.s           f14, f8, f6         f14=xxxxxxxx  f8:3f800000  f6:40680263
21183172ns          367371 1c00955c 10e876d3 fmul.s           f13, f16, f14       f13=xxxxxxxx f16:bf32b34a f14:3e8d3c57
21183192ns          367372 1c009560 10e7f7d3 fmul.s           f15, f15, f14       f15=xxxxxxxx f15:4063aade f14:3e8d3c57
21183212ns          367373 1c009564 000e2703 lw               x14, 0(x28)         x14=3f43d8ed x28:10000ee4  PA:10000ee4
21183232ns          367374 1c009568 00062803 lw               x16, 0(x12)         x16=00000000 x12:10000ef8  PA:10000ef8
21183252ns          367375 1c00956c 10e7f3d3 fmul.s           f7, f15, f14         f7=xxxxxxxx f15:3f7b358b f14:3f43d8ed
21183291ns          367377 1c009570 1107f2d3 fmul.s           f5, f15, f16         f5=xxxxxxxx f15:3f7b358b f16:00000000
21183331ns          367379 1c009574 10f578d3 fmul.s           f17, f10, f15       f17=xxxxxxxx f10:40b3c5ab f15:3f7b358b
21183351ns          367380 1c009578 3906f847 fmsub.s          f16, f13, f16, f7   f16=xxxxxxxx f13:be452dbd f16:00000000  f7:3f402ea7
21183371ns          367381 1c00957c 28e6f743 fmadd.s          f14, f13, f14, f5   f14=xxxxxxxx f13:be452dbd f14:3f43d8ed  f5:00000000
21183431ns          367384 1c009580 88d5f8c3 fmadd.s          f17, f11, f13, f17  f17=xxxxxxxx f11:40aeab9c f13:be452dbd f17:40b06868
21183470ns          367386 1c009584 01062023 sw               x16, 0(x12)         x16:bf402ea7 x12:10000ef8  PA:10000ef8
21183490ns          367387 1c009588 00ee2023 sw               x14, 0(x28)         x14:be16d8ec x28:10000ee4  PA:10000ee4
21183510ns          367388 1c00958c 004e2703 lw               x14, 4(x28)         x14=be51370e x28:10000ee4  PA:10000ee8
21183530ns          367389 1c009590 00462803 lw               x16, 4(x12)         x16=3f28e732 x12:10000ef8  PA:10000efc
21183550ns          367390 1c009594 10e7f453 fmul.s           f8, f15, f14         f8=xxxxxxxx f15:3f7b358b f14:be51370e
21183570ns          367391 1c009598 10f873d3 fmul.s           f7, f16, f15         f7=xxxxxxxx f16:3f28e732 f15:3f7b358b
21183590ns          367392 1c00959c 10f5f2d3 fmul.s           f5, f11, f15         f5=xxxxxxxx f11:40aeab9c f15:3f7b358b
21183649ns          367395 1c0095a0 40d87847 fmsub.s          f16, f16, f13, f8   f16=xxxxxxxx f16:3f28e732 f13:be452dbd  f8:be4d4cbd
21183689ns          367397 1c0095a4 38e6f743 fmadd.s          f14, f13, f14, f7   f14=xxxxxxxx f13:be452dbd f14:be51370e  f7:3f25be02
21183709ns          367398 1c0095a8 0069a22b p.sw             x6, 4(x19!)         x19=10000de0  x6:40680263 x19:10000ddc  PA:10000ddc
21183729ns          367399 1c0095ac 01062223 sw               x16, 4(x12)         x16:3d96694c x12:10000ef8  PA:10000efc
21183789ns          367402 1c0095b0 00ee2223 sw               x14, 4(x28)         x14:3f2fd04e x28:10000ee4  PA:10000ee8
21183828ns          367404 1c0095b4 008e2703 lw               x14, 8(x28)         x14=3e176e5d x28:10000ee4  PA:10000eec
21183848ns          367405 1c0095b8 00862803 lw               x16, 8(x12)         x16=bf0e4348 x12:10000ef8  PA:10000f00
21183868ns          367406 1c0095bc 10f773d3 fmul.s           f7, f14, f15         f7=xxxxxxxx f14:3e176e5d f15:3f7b358b
21183888ns          367407 1c0095c0 10f875d3 fmul.s           f11, f16, f15       f11=xxxxxxxx f16:bf0e4348 f15:3f7b358b
21183908ns          367408 1c0095c4 28d57547 fmsub.s          f10, f10, f13, f5   f10=xxxxxxxx f10:40b3c5ab f13:be452dbd  f5:40ab66ca
21183928ns          367409 1c0095c8 38d873c7 fmsub.s          f7, f16, f13, f7     f7=xxxxxxxx f16:bf0e4348 f13:be452dbd  f7:3e1498e1
21183948ns          367410 1c0095cc 58d775c3 fmadd.s          f11, f14, f13, f11  f11=xxxxxxxx f14:3e176e5d f13:be452dbd f11:bf0b99b9
21184007ns          367413 1c0095d0 a1f892d3 flt.s            x5, f17, f31         x5=00000000 f17:408ec617 f31:00000000
21184047ns          367415 1c0095d4 00762423 sw               x7, 8(x12)           x7:bd1c16bf x12:10000ef8  PA:10000f00
21184067ns          367416 1c0095d8 00ce2703 lw               x14, 12(x28)        x14=bf179b77 x28:10000ee4  PA:10000ef0
21184087ns          367417 1c0095dc 00be2423 sw               x11, 8(x28)         x11:bf12e3e9 x28:10000ee4  PA:10000eec
21184147ns          367420 1c0095e0 00c62383 lw               x7, 12(x12)          x7=beb55abb x12:10000ef8  PA:10000f04
21184186ns          367422 1c0095e4 10f77453 fmul.s           f8, f14, f15         f8=xxxxxxxx f14:bf179b77 f15:3f7b358b
21184206ns          367423 1c0095e8 10f3f5d3 fmul.s           f11, f7, f15        f11=xxxxxxxx  f7:beb55abb f15:3f7b358b
21184226ns          367424 1c0095ec 000aa803 lw               x16, 0(x21)         x16=40f21927 x21:10000dd0  PA:10000dd0
21184286ns          367427 1c0095f0 40d3f3c7 fmsub.s          f7, f7, f13, f8      f7=xxxxxxxx  f7:beb55abb f13:be452dbd  f8:bf14c523
21184326ns          367429 1c0095f4 58d775c3 fmadd.s          f11, f14, f13, f11  f11=xxxxxxxx f14:bf179b77 f13:be452dbd f11:beb1f5e4
21184346ns          367430 1c0095f8 00a9a023 sw               x10, 0(x19)         x10:c0ce0499 x19:10000de0  PA:10000de0
21184365ns          367431 1c0095fc 00762623 sw               x7, 12(x12)          x7:3f263b0a x12:10000ef8  PA:10000f04
21184425ns          367434 1c009600 010e2703 lw               x14, 16(x28)        x14=3ca39edf x28:10000ee4  PA:10000ef4
21184465ns          367436 1c009604 00be2623 sw               x11, 12(x28)        x11:be6f260f x28:10000ee4  PA:10000ef0
21184485ns          367437 1c009608 01062583 lw               x11, 16(x12)        x11=3eb8e576 x12:10000ef8  PA:10000f08
21184505ns          367438 1c00960a 10f773d3 fmul.s           f7, f14, f15         f7=xxxxxxxx f14:3ca39edf f15:3f7b358b
21184525ns          367439 1c00960e 10f5f353 fmul.s           f6, f11, f15         f6=xxxxxxxx f11:3eb8e576 f15:3f7b358b
21184544ns          367440 1c009612 1107f7d3 fmul.s           f15, f15, f16       f15=xxxxxxxx f15:3f7b358b f16:40f21927
21184564ns          367441 1c009616 38d5f5c7 fmsub.s          f11, f11, f13, f7   f11=xxxxxxxx f11:3eb8e576 f13:be452dbd  f7:3ca08efd
21184584ns          367442 1c00961a 30d77743 fmadd.s          f14, f14, f13, f6   f14=xxxxxxxx f14:3ca39edf f13:be452dbd  f6:3eb56fa7
21184604ns          367443 1c00961e 1106f6d3 fmul.s           f13, f13, f16       f13=xxxxxxxx f13:be452dbd f16:40f21927
21184624ns          367444 1c009622 00b62823 sw               x11, 16(x12)        x11:bdb68d5c x12:10000ef8  PA:10000f08
21184644ns          367445 1c009624 00ee2823 sw               x14, 16(x28)        x14:3eb3778d x28:10000ee4  PA:10000ef4
21184664ns          367446 1c009628 01100333 add              x6, x0, x17          x6=408ec617 x17:408ec617
21184684ns          367447 1c00962a 00028463 beq              x5, x0, 8            x5:00000000
21184783ns          367452 1c009632 a1f79753 flt.s            x14, f15, f31       x14=00000000 f15:40ed914c f31:00000000
21184803ns          367453 1c009636 420719e3 bne              x14, x0, 3122       x14:00000000
21184823ns          367454 1c00963a 00f00733 add              x14, x0, x15        x14=40ed914c x15:40ed914c
21184843ns          367455 1c00963c a0671853 flt.s            x16, f14, f6        x16=00000000 f14:40ed914c  f6:408ec617
21184883ns          367457 1c009640 011003b3 add              x7, x0, x17          x7=408ec617 x17:408ec617
21184922ns          367459 1c009642 00081363 bne              x16, x0, 6          x16:00000000
21184942ns          367460 1c009646 00f003b3 add              x7, x0, x15          x7=40ed914c x15:40ed914c
21184962ns          367461 1c009648 006772d3 fadd.s           f5, f14, f6          f5=xxxxxxxx f14:40ed914c  f6:408ec617
21184982ns          367462 1c00964c a1f2a5d3 feq.s            x11, f5, f31        x11=00000000  f5:413e2bb2 f31:00000000
21185022ns          367464 1c009650 3a0593e3 bne              x11, x0, 2982       x11:00000000
21185062ns          367466 1c009654 1c000437 lui              x8, 0x1c000000       x8=1c000000
21185081ns          367467 1c009658 02040413 addi             x8, x8, 32           x8=1c000020  x8:1c000000
21185101ns          367468 1c00965c 00042403 lw               x8, 0(x8)            x8=3f800000  x8:1c000020  PA:1c000020
21185439ns          367485 1c00965e 185475d3 fdiv.s           f11, f8, f5         f11=xxxxxxxx  f8:3f800000  f5:413e2bb2
21185977ns          367512 1c009662 10e5f753 fmul.s           f14, f11, f14       f14=xxxxxxxx f11:3dac4ef1 f14:40ed914c
21185996ns          367513 1c009666 a1f393d3 flt.s            x7, f7, f31          x7=00000000  f7:40ed914c f31:00000000
21186016ns          367514 1c00966a 1065f5d3 fmul.s           f11, f11, f6        f11=xxxxxxxx f11:3dac4ef1  f6:408ec617
21186036ns          367515 1c00966e 10e77753 fmul.s           f14, f14, f14       f14=xxxxxxxx f14:3f1fe6e1 f14:3f1fe6e1
21186056ns          367516 1c009672 70b5f743 fmadd.s          f14, f11, f11, f14  f14=xxxxxxxx f11:3ec0323c f11:3ec0323c f14:3ec7c137
21186076ns          367517 1c009676 58077353 fsqrt.s          f6, f14              f6=xxxxxxxx f14:3f07f374
21186812ns          367554 1c00967a 10537353 fmul.s           f6, f6, f5           f6=xxxxxxxx  f6:3f3a8e8d  f5:413e2bb2
21186832ns          367555 1c00967e 00038463 beq              x7, x0, 8            x7:00000000
21186911ns          367559 1c009686 1c0004b7 lui              x9, 0x1c000000       x9=1c000000
21186931ns          367560 1c00968a 02048493 addi             x9, x9, 32           x9=1c000020  x9:1c000000
21186951ns          367561 1c00968e 0004a483 lw               x9, 0(x9)            x9=3f800000  x9:1c000020  PA:1c000020
21187269ns          367577 1c009690 1864f753 fdiv.s           f14, f9, f6         f14=xxxxxxxx  f9:3f800000  f6:410a95a4
21187647ns          367596 1c009694 111778d3 fmul.s           f17, f14, f17       f17=xxxxxxxx f14:3dec729f f17:408ec617
21187667ns          367597 1c009698 10f77753 fmul.s           f14, f14, f15       f14=xxxxxxxx f14:3dec729f f15:40ed914c
21187687ns          367598 1c00969c 10a8f853 fmul.s           f16, f17, f10       f16=xxxxxxxx f17:3f03de8a f10:c0ce0499
21187707ns          367599 1c0096a0 20e71bd3 fsgnjn.s         f23, f14, f14       f23=xxxxxxxx f14:3f5b6c50 f14:3f5b6c50
21187727ns          367600 1c0096a4 000ea783 lw               x15, 0(x29)         x15=3f3db88f x29:10000f48  PA:10000f48
21187747ns          367601 1c0096a8 000f2383 lw               x7, 0(x30)           x7=be0f992e x30:10000f5c  PA:10000f5c
21187767ns          367602 1c0096ac 10e7f453 fmul.s           f8, f15, f14         f8=xxxxxxxx f15:3f3db88f f14:3f5b6c50
21187787ns          367603 1c0096b0 10e3f2d3 fmul.s           f5, f7, f14          f5=xxxxxxxx  f7:be0f992e f14:3f5b6c50
21187806ns          367604 1c0096b4 006b222b p.sw             x6, 4(x22!)         x22=10000dd0  x6:410a95a4 x22:10000dcc  PA:10000dcc
21187826ns          367605 1c0096b8 4113f3c7 fmsub.s          f7, f7, f17, f8      f7=xxxxxxxx  f7:be0f992e f17:3f03de8a  f8:3f229d27
21187846ns          367606 1c0096bc 2917f2c3 fmadd.s          f5, f15, f17, f5     f5=xxxxxxxx f15:3f3db88f f17:3f03de8a  f5:bdf62998
21187866ns          367607 1c0096c0 10d8f5d3 fmul.s           f11, f17, f13       f11=xxxxxxxx f17:3f03de8a f13:bfba789c
21187886ns          367608 1c0096c4 007f2023 sw               x7, 0(x30)           x7:bf351b35 x30:10000f5c  PA:10000f5c
21187906ns          367609 1c0096c8 005ea023 sw               x5, 0(x29)           x5:3e85ea55 x29:10000f48  PA:10000f48
21187926ns          367610 1c0096cc 004ea283 lw               x5, 4(x29)           x5=3e3cfe83 x29:10000f48  PA:10000f4c
21187946ns          367611 1c0096d0 004f2383 lw               x7, 4(x30)           x7=3f1f9bf8 x30:10000f5c  PA:10000f60
21187966ns          367612 1c0096d4 10e2f4d3 fmul.s           f9, f5, f14          f9=xxxxxxxx  f5:3e3cfe83 f14:3f5b6c50
21187986ns          367613 1c0096d8 10e3f453 fmul.s           f8, f7, f14          f8=xxxxxxxx  f7:3f1f9bf8 f14:3f5b6c50
21188005ns          367614 1c0096dc 80d77843 fmadd.s          f16, f14, f13, f16  f16=xxxxxxxx f14:3f5b6c50 f13:bfba789c f16:c0543ee3
21188045ns          367616 1c0096e0 4913f3c7 fmsub.s          f7, f7, f17, f9      f7=xxxxxxxx  f7:3f1f9bf8 f17:3f03de8a  f9:3e21fdb0
21188085ns          367618 1c0096e4 4112f2c3 fmadd.s          f5, f5, f17, f8      f5=xxxxxxxx  f5:3e3cfe83 f17:3f03de8a  f8:3f08cdf5
21188105ns          367619 1c0096e8 000a2783 lw               x15, 0(x20)         x15=4016ce75 x20:10000de4  PA:10000de4
21188125ns          367620 1c0096ec 007f2223 sw               x7, 4(x30)           x7:3e26e08d x30:10000f5c  PA:10000f60
21188184ns          367623 1c0096f0 005ea223 sw               x5, 4(x29)           x5:3f212497 x29:10000f48  PA:10000f4c
21188224ns          367625 1c0096f4 008ea283 lw               x5, 8(x29)           x5=3d725460 x29:10000f48  PA:10000f50
21188244ns          367626 1c0096f8 008f2383 lw               x7, 8(x30)           x7=bf00c13d x30:10000f5c  PA:10000f64
21188264ns          367627 1c0096fc 10e2f4d3 fmul.s           f9, f5, f14          f9=xxxxxxxx  f5:3d725460 f14:3f5b6c50
21188324ns          367630 1c009700 10e3f453 fmul.s           f8, f7, f14          f8=xxxxxxxx  f7:bf00c13d f14:3f5b6c50
21188363ns          367632 1c009704 58abf5c3 fmadd.s          f11, f23, f10, f11  f11=xxxxxxxx f23:bf5b6c50 f10:c0ce0499 f11:bf401ba2
21188383ns          367633 1c009708 4913f3c7 fmsub.s          f7, f7, f17, f9      f7=xxxxxxxx  f7:bf00c13d f17:3f03de8a  f9:3d4fb4b5
21188403ns          367634 1c00970c 4112f2c3 fmadd.s          f5, f5, f17, f8      f5=xxxxxxxx  f5:3d725460 f17:3f03de8a  f8:bedcb792
21188463ns          367637 1c009710 1117f553 fmul.s           f10, f15, f17       f10=xxxxxxxx f15:4016ce75 f17:3f03de8a
21188503ns          367639 1c009714 007f2423 sw               x7, 8(x30)           x7:be9e9c35 x30:10000f5c  PA:10000f64
21188523ns          367640 1c009718 00cea303 lw               x6, 12(x29)          x6=bedb3336 x29:10000f48  PA:10000f54
21188542ns          367641 1c00971c 005ea423 sw               x5, 8(x29)           x5:becd1d17 x29:10000f48  PA:10000f50
21188602ns          367644 1c009720 00cf2283 lw               x5, 12(x30)          x5=bee7da60 x30:10000f5c  PA:10000f68
21188642ns          367646 1c009724 10e37453 fmul.s           f8, f6, f14          f8=xxxxxxxx  f6:bedb3336 f14:3f5b6c50
21188662ns          367647 1c009728 10e2f3d3 fmul.s           f7, f5, f14          f7=xxxxxxxx  f5:bee7da60 f14:3f5b6c50
21188682ns          367648 1c00972c 014f0f13 addi             x30, x30, 20        x30=10000f70 x30:10000f5c
21188702ns          367649 1c00972e 4112f2c7 fmsub.s          f5, f5, f17, f8      f5=xxxxxxxx  f5:bee7da60 f17:3f03de8a  f8:bebbe18d
21188721ns          367650 1c009732 39137343 fmadd.s          f6, f6, f17, f7      f6=xxxxxxxx  f6:bedb3336 f17:3f03de8a  f7:bec6b9e9
21188741ns          367651 1c009736 00baa22b p.sw             x11, 4(x21!)        x21=10000dd4 x11:409891a5 x21:10000dd0  PA:10000dd0
21188761ns          367652 1c00973a fe5f2c23 sw               x5, -8(x30)          x5:3e08e683 x30:10000f70  PA:10000f68
21188781ns          367653 1c00973e 010ea683 lw               x13, 16(x29)        x13=bef580e6 x29:10000f48  PA:10000f58
21188801ns          367654 1c009742 006ea623 sw               x6, 12(x29)          x6:bf1bd1d5 x29:10000f48  PA:10000f54
21188821ns          367655 1c009746 ffcf2303 lw               x6, -4(x30)          x6=3ebb23d9 x30:10000f70  PA:10000f6c
21188841ns          367656 1c00974a 10e6f3d3 fmul.s           f7, f13, f14         f7=xxxxxxxx f13:bef580e6 f14:3f5b6c50
21188861ns          367657 1c00974e 10e372d3 fmul.s           f5, f6, f14          f5=xxxxxxxx  f6:3ebb23d9 f14:3f5b6c50
21188881ns          367658 1c009752 00aa222b p.sw             x10, 4(x20!)        x20=10000de8 x10:3f9b5d7c x20:10000de4  PA:10000de4
21188900ns          367659 1c009756 39137347 fmsub.s          f6, f6, f17, f7      f6=xxxxxxxx  f6:3ebb23d9 f17:3f03de8a  f7:bed26d24
21188920ns          367660 1c00975a 2916f8c3 fmadd.s          f17, f13, f17, f5   f17=xxxxxxxx f13:bef580e6 f17:3f03de8a  f5:3ea066d8
21188940ns          367661 1c00975e 01460613 addi             x12, x12, 20        x12=10000f0c x12:10000ef8
21188960ns          367662 1c009760 fe6f2e23 sw               x6, -4(x30)          x6:3f196995 x30:10000f70  PA:10000f6c
21188980ns          367663 1c009764 011ea823 sw               x17, 16(x29)        x17:3d87c1e1 x29:10000f48  PA:10000f58
21189000ns          367664 1c009768 014e0e13 addi             x28, x28, 20        x28=10000ef8 x28:10000ee4
21189020ns          367665 1c00976a 014e8e93 addi             x29, x29, 20        x29=10000f5c x29:10000f48
21189040ns          367666 1c00976c 10e7f7d3 fmul.s           f15, f15, f14       f15=xxxxxxxx f15:4016ce75 f14:3f5b6c50
21189099ns          367669 1c0094ec a1f81753 flt.s            x14, f16, f31       x14=00000001 f16:c0921476 f31:00000000
21189159ns          367672 1c0094f0 010002b3 add              x5, x0, x16          x5=c0921476 x16:c0921476
21189179ns          367673 1c0094f2 00070363 beq              x14, x0, 6          x14:00000001
21189199ns          367674 1c0094f4 210812d3 fsgnjn.s         f5, f16, f16         f5=xxxxxxxx f16:c0921476 f16:c0921476
21189219ns          367675 1c0094f8 a1f79753 flt.s            x14, f15, f31       x14=00000000 f15:4001426c f31:00000000
21189239ns          367676 1c0094fc 00f006b3 add              x13, x0, x15        x13=4001426c x15:4001426c
21189259ns          367677 1c0094fe 00070363 beq              x14, x0, 6          x14:00000000
21189338ns          367681 1c009504 a0569753 flt.s            x14, f13, f5        x14=00000001 f13:4001426c  f5:40921476
21189358ns          367682 1c009508 01000333 add              x6, x0, x16          x6=c0921476 x16:c0921476
21189378ns          367683 1c00950a 00071263 bne              x14, x0, 4          x14:00000001
21189457ns          367687 1c00950e 0056f753 fadd.s           f14, f13, f5        f14=xxxxxxxx f13:4001426c  f5:40921476
21189477ns          367688 1c009512 a1f728d3 feq.s            x17, f14, f31       x17=00000000 f14:40d2b5ac f31:00000000
21189497ns          367689 1c009516 52089be3 bne              x17, x0, 3382       x17:00000000
21189517ns          367690 1c00951a 1c0003b7 lui              x7, 0x1c000000       x7=1c000000
21189537ns          367691 1c00951e 02038393 addi             x7, x7, 32           x7=1c000020  x7:1c000000
21189557ns          367692 1c009522 0003a383 lw               x7, 0(x7)            x7=3f800000  x7:1c000020  PA:1c000020
21189875ns          367708 1c009526 18e3f8d3 fdiv.s           f17, f7, f14        f17=xxxxxxxx  f7:3f800000 f14:40d2b5ac
21190154ns          367722 1c00952a 10d8f6d3 fmul.s           f13, f17, f13       f13=xxxxxxxx f17:3e1b8338 f13:4001426c
21190173ns          367723 1c00952e 1058f8d3 fmul.s           f17, f17, f5        f17=xxxxxxxx f17:3e1b8338  f5:40921476
21190193ns          367724 1c009532 a1f312d3 flt.s            x5, f6, f31          x5=00000001  f6:c0921476 f31:00000000
21190213ns          367725 1c009536 10d6f6d3 fmul.s           f13, f13, f13       f13=xxxxxxxx f13:3e9d0af1 f13:3e9d0af1
21190233ns          367726 1c00953a 6918f6c3 fmadd.s          f13, f17, f17, f13  f13=xxxxxxxx f17:3f317a88 f17:3f317a88 f13:3dc0acd8
21190253ns          367727 1c00953e 5806f353 fsqrt.s          f6, f13              f6=xxxxxxxx f13:3f132046
21190711ns          367750 1c009542 10e37353 fmul.s           f6, f6, f14          f6=xxxxxxxx  f6:3f4212a7 f14:40d2b5ac
21190730ns          367751 1c009546 00028463 beq              x5, x0, 8            x5:00000001
21190750ns          367752 1c00954a 20631353 fsgnjn.s         f6, f6, f6           f6=xxxxxxxx  f6:409fbd07  f6:409fbd07
21190770ns          367753 1c00954e 1c000437 lui              x8, 0x1c000000       x8=1c000000
21190790ns          367754 1c009552 02040413 addi             x8, x8, 32           x8=1c000020  x8:1c000000
21190810ns          367755 1c009556 00042403 lw               x8, 0(x8)            x8=3f800000  x8:1c000020  PA:1c000020
21191148ns          367772 1c009558 18647753 fdiv.s           f14, f8, f6         f14=xxxxxxxx  f8:3f800000  f6:c09fbd07
21191844ns          367807 1c00955c 10e876d3 fmul.s           f13, f16, f14       f13=xxxxxxxx f16:c0921476 f14:be4d22aa
21191864ns          367808 1c009560 10e7f7d3 fmul.s           f15, f15, f14       f15=xxxxxxxx f15:4001426c f14:be4d22aa
21191884ns          367809 1c009564 000e2703 lw               x14, 0(x28)         x14=bf402ea7 x28:10000ef8  PA:10000ef8
21191904ns          367810 1c009568 00062803 lw               x16, 0(x12)         x16=80000000 x12:10000f0c  PA:10000f0c
21191924ns          367811 1c00956c 10e7f3d3 fmul.s           f7, f15, f14         f7=xxxxxxxx f15:becf2762 f14:bf402ea7
21191964ns          367813 1c009570 1107f2d3 fmul.s           f5, f15, f16         f5=xxxxxxxx f15:becf2762 f16:80000000
21192003ns          367815 1c009574 10f578d3 fmul.s           f17, f10, f15       f17=xxxxxxxx f10:3f9b5d7c f15:becf2762
21192023ns          367816 1c009578 3906f847 fmsub.s          f16, f13, f16, f7   f16=xxxxxxxx f13:3f6a1c54 f16:80000000  f7:3e9b834a
21192043ns          367817 1c00957c 28e6f743 fmadd.s          f14, f13, f14, f5   f14=xxxxxxxx f13:3f6a1c54 f14:bf402ea7  f5:00000000
21192103ns          367820 1c009580 88d5f8c3 fmadd.s          f17, f11, f13, f17  f17=xxxxxxxx f11:409891a5 f13:3f6a1c54 f17:befb70fc
21192143ns          367822 1c009584 01062023 sw               x16, 0(x12)         x16:be9b834a x12:10000f0c  PA:10000f0c
21192163ns          367823 1c009588 00ee2023 sw               x14, 0(x28)         x14:bf2fbfe9 x28:10000ef8  PA:10000ef8
21192182ns          367824 1c00958c 004e2703 lw               x14, 4(x28)         x14=3d96694c x28:10000ef8  PA:10000efc
21192202ns          367825 1c009590 00462803 lw               x16, 4(x12)         x16=3f09dcdc x12:10000f0c  PA:10000f10
21192222ns          367826 1c009594 10e7f453 fmul.s           f8, f15, f14         f8=xxxxxxxx f15:becf2762 f14:3d96694c
21192242ns          367827 1c009598 10f873d3 fmul.s           f7, f16, f15         f7=xxxxxxxx f16:3f09dcdc f15:becf2762
21192262ns          367828 1c00959c 10f5f2d3 fmul.s           f5, f11, f15         f5=xxxxxxxx f11:409891a5 f15:becf2762
21192282ns          367829 1c0095a0 40d87847 fmsub.s          f16, f16, f13, f8   f16=xxxxxxxx f16:3f09dcdc f13:3f6a1c54  f8:bcf36c90
21192302ns          367830 1c0095a4 38e6f743 fmadd.s          f14, f13, f14, f7   f14=xxxxxxxx f13:3f6a1c54 f14:3d96694c  f7:be5f1d97
21192322ns          367831 1c0095a8 0069a22b p.sw             x6, 4(x19!)         x19=10000de4  x6:c09fbd07 x19:10000de0  PA:10000de0
21192342ns          367832 1c0095ac 01062223 sw               x16, 4(x12)         x16:3f05ae87 x12:10000f0c  PA:10000f10
21192361ns          367833 1c0095b0 00ee2223 sw               x14, 4(x28)         x14:be1a5725 x28:10000ef8  PA:10000efc
21192381ns          367834 1c0095b4 008e2703 lw               x14, 8(x28)         x14=bd1c16bf x28:10000ef8  PA:10000f00
21192401ns          367835 1c0095b8 00862803 lw               x16, 8(x12)         x16=3e62b01b x12:10000f0c  PA:10000f14
21192421ns          367836 1c0095bc 10f773d3 fmul.s           f7, f14, f15         f7=xxxxxxxx f14:bd1c16bf f15:becf2762
21192481ns          367839 1c0095c0 10f875d3 fmul.s           f11, f16, f15       f11=xxxxxxxx f16:3e62b01b f15:becf2762
21192521ns          367841 1c0095c4 28d57547 fmsub.s          f10, f10, f13, f5   f10=xxxxxxxx f10:3f9b5d7c f13:3f6a1c54  f5:bff6ea7a
21192540ns          367842 1c0095c8 38d873c7 fmsub.s          f7, f16, f13, f7     f7=xxxxxxxx f16:3e62b01b f13:3f6a1c54  f7:3c7c9ccf
21192560ns          367843 1c0095cc 58d775c3 fmadd.s          f11, f14, f13, f11  f11=xxxxxxxx f14:bd1c16bf f13:3f6a1c54 f11:bdb76f45
21192580ns          367844 1c0095d0 a1f892d3 flt.s            x5, f17, f31         x5=00000000 f17:40779de6 f31:00000000
21192600ns          367845 1c0095d4 00762423 sw               x7, 8(x12)           x7:3e3f8441 x12:10000f0c  PA:10000f14
21192620ns          367846 1c0095d8 00ce2703 lw               x14, 12(x28)        x14=3f263b0a x28:10000ef8  PA:10000f04
21192640ns          367847 1c0095dc 00be2423 sw               x11, 8(x28)         x11:bdfece4d x28:10000ef8  PA:10000f00
21192700ns          367850 1c0095e0 00c62383 lw               x7, 12(x12)          x7=be213033 x12:10000f0c  PA:10000f18
21192739ns          367852 1c0095e4 10f77453 fmul.s           f8, f14, f15         f8=xxxxxxxx f14:3f263b0a f15:becf2762
21192759ns          367853 1c0095e8 10f3f5d3 fmul.s           f11, f7, f15        f11=xxxxxxxx  f7:be213033 f15:becf2762
21192779ns          367854 1c0095ec 000aa803 lw               x16, 0(x21)         x16=40d6e20c x21:10000dd4  PA:10000dd4
21192839ns          367857 1c0095f0 40d3f3c7 fmsub.s          f7, f7, f13, f8      f7=xxxxxxxx  f7:be213033 f13:3f6a1c54  f8:be868350
21192879ns          367859 1c0095f4 58d775c3 fmadd.s          f11, f14, f13, f11  f11=xxxxxxxx f14:3f263b0a f13:3f6a1c54 f11:3d826ec5
21192899ns          367860 1c0095f8 00a9a023 sw               x10, 0(x19)         x10:40427f8f x19:10000de4  PA:10000de4
21192918ns          367861 1c0095fc 00762623 sw               x7, 12(x12)          x7:3df33d76 x12:10000f0c  PA:10000f18
21192938ns          367862 1c009600 010e2703 lw               x14, 16(x28)        x14=bdb68d5c x28:10000ef8  PA:10000f08
21192958ns          367863 1c009604 00be2623 sw               x11, 12(x28)        x11:3f285235 x28:10000ef8  PA:10000f04
21192978ns          367864 1c009608 01062583 lw               x11, 16(x12)        x11=bf4c311b x12:10000f0c  PA:10000f1c
21192998ns          367865 1c00960a 10f773d3 fmul.s           f7, f14, f15         f7=xxxxxxxx f14:bdb68d5c f15:becf2762
21193058ns          367868 1c00960e 10f5f353 fmul.s           f6, f11, f15         f6=xxxxxxxx f11:bf4c311b f15:becf2762
21193097ns          367870 1c009612 1107f7d3 fmul.s           f15, f15, f16       f15=xxxxxxxx f15:becf2762 f16:40d6e20c
21193117ns          367871 1c009616 38d5f5c7 fmsub.s          f11, f11, f13, f7   f11=xxxxxxxx f11:bf4c311b f13:3f6a1c54  f7:3d13b863
21193137ns          367872 1c00961a 30d77743 fmadd.s          f14, f14, f13, f6   f14=xxxxxxxx f14:bdb68d5c f13:3f6a1c54  f6:3ea53b1e
21193197ns          367875 1c00961e 1106f6d3 fmul.s           f13, f13, f16       f13=xxxxxxxx f13:3f6a1c54 f16:40d6e20c
21193217ns          367876 1c009622 00b62823 sw               x11, 16(x12)        x11:bf43f701 x12:10000f0c  PA:10000f1c
21193237ns          367877 1c009624 00ee2823 sw               x14, 16(x28)        x14:3e76fd87 x28:10000ef8  PA:10000f08
21193257ns          367878 1c009628 01100333 add              x6, x0, x17          x6=40779de6 x17:40779de6
21193276ns          367879 1c00962a 00028463 beq              x5, x0, 8            x5:00000000
21193356ns          367883 1c009632 a1f79753 flt.s            x14, f15, f31       x14=00000001 f15:c02de1d6 f31:00000000
21193376ns          367884 1c009636 420719e3 bne              x14, x0, 3122       x14:00000001
21193475ns          367889 1c00a268 20f79753 fsgnjn.s         f14, f15, f15       f14=xxxxxxxx f15:c02de1d6 f15:c02de1d6
21193515ns          367891 1c00a26c bd0ff06f jal              x0, -3120          
21193615ns          367896 1c00963c a0671853 flt.s            x16, f14, f6        x16=00000001 f14:402de1d6  f6:40779de6
21193634ns          367897 1c009640 011003b3 add              x7, x0, x17          x7=40779de6 x17:40779de6
21193654ns          367898 1c009642 00081363 bne              x16, x0, 6          x16:00000001
21193714ns          367901 1c009648 006772d3 fadd.s           f5, f14, f6          f5=xxxxxxxx f14:402de1d6  f6:40779de6
21193734ns          367902 1c00964c a1f2a5d3 feq.s            x11, f5, f31        x11=00000000  f5:40d2bfde f31:00000000
21193794ns          367905 1c009650 3a0593e3 bne              x11, x0, 2982       x11:00000000
21193833ns          367907 1c009654 1c000437 lui              x8, 0x1c000000       x8=1c000000
21193853ns          367908 1c009658 02040413 addi             x8, x8, 32           x8=1c000020  x8:1c000000
21193873ns          367909 1c00965c 00042403 lw               x8, 0(x8)            x8=3f800000  x8:1c000020  PA:1c000020
21194211ns          367926 1c00965e 185475d3 fdiv.s           f11, f8, f5         f11=xxxxxxxx  f8:3f800000  f5:40d2bfde
21194569ns          367944 1c009662 10e5f753 fmul.s           f14, f11, f14       f14=xxxxxxxx f11:3e1b7bb2 f14:402de1d6
21194589ns          367945 1c009666 a1f393d3 flt.s            x7, f7, f31          x7=00000000  f7:40779de6 f31:00000000
21194609ns          367946 1c00966a 1065f5d3 fmul.s           f11, f11, f6        f11=xxxxxxxx f11:3e1b7bb2  f6:40779de6
21194629ns          367947 1c00966e 10e77753 fmul.s           f14, f14, f14       f14=xxxxxxxx f14:3ed33782 f14:3ed33782
21194649ns          367948 1c009672 70b5f743 fmadd.s          f14, f11, f11, f14  f14=xxxxxxxx f11:3f16643f f11:3f16643f f14:3e2e448c
21194669ns          367949 1c009676 58077353 fsqrt.s          f6, f14              f6=xxxxxxxx f14:3f03eac4
21194947ns          367963 1c00967a 10537353 fmul.s           f6, f6, f5           f6=xxxxxxxx  f6:3f37c4ab  f5:40d2bfde
21194967ns          367964 1c00967e 00038463 beq              x7, x0, 8            x7:00000000
21195047ns          367968 1c009686 1c0004b7 lui              x9, 0x1c000000       x9=1c000000
21195067ns          367969 1c00968a 02048493 addi             x9, x9, 32           x9=1c000020  x9:1c000000
21195087ns          367970 1c00968e 0004a483 lw               x9, 0(x9)            x9=3f800000  x9:1c000020  PA:1c000020
21195405ns          367986 1c009690 1864f753 fdiv.s           f14, f9, f6         f14=xxxxxxxx  f9:3f800000  f6:4097490f
21196061ns          368019 1c009694 111778d3 fmul.s           f17, f14, f17       f17=xxxxxxxx f14:3e5898e6 f17:40779de6
21196081ns          368020 1c009698 10f77753 fmul.s           f14, f14, f15       f14=xxxxxxxx f14:3e5898e6 f15:c02de1d6
21196101ns          368021 1c00969c 10a8f853 fmul.s           f16, f17, f10       f16=xxxxxxxx f17:3f51811e f10:40427f8f
21196121ns          368022 1c0096a0 20e71bd3 fsgnjn.s         f23, f14, f14       f23=xxxxxxxx f14:bf131e67 f14:bf131e67
21196141ns          368023 1c0096a4 000ea783 lw               x15, 0(x29)         x15=bf351b35 x29:10000f5c  PA:10000f5c
21196161ns          368024 1c0096a8 000f2383 lw               x7, 0(x30)           x7=beee52c5 x30:10000f70  PA:10000f70
21196180ns          368025 1c0096ac 10e7f453 fmul.s           f8, f15, f14         f8=xxxxxxxx f15:bf351b35 f14:bf131e67
21196200ns          368026 1c0096b0 10e3f2d3 fmul.s           f5, f7, f14          f5=xxxxxxxx  f7:beee52c5 f14:bf131e67
21196220ns          368027 1c0096b4 006b222b p.sw             x6, 4(x22!)         x22=10000dd4  x6:4097490f x22:10000dd0  PA:10000dd0
21196240ns          368028 1c0096b8 4113f3c7 fmsub.s          f7, f7, f17, f8      f7=xxxxxxxx  f7:beee52c5 f17:3f51811e  f8:3ed02843
21196260ns          368029 1c0096bc 2917f2c3 fmadd.s          f5, f15, f17, f5     f5=xxxxxxxx f15:bf351b35 f17:3f51811e  f5:3e88f5d5
21196280ns          368030 1c0096c0 10d8f5d3 fmul.s           f11, f17, f13       f11=xxxxxxxx f17:3f51811e f13:40c48266
21196300ns          368031 1c0096c4 007f2023 sw               x7, 0(x30)           x7:bf499905 x30:10000f70  PA:10000f70
21196320ns          368032 1c0096c8 005ea023 sw               x5, 0(x29)           x5:be9f7747 x29:10000f5c  PA:10000f5c
21196340ns          368033 1c0096cc 004ea283 lw               x5, 4(x29)           x5=3e26e08d x29:10000f5c  PA:10000f60
21196379ns          368035 1c0096d0 004f2383 lw               x7, 4(x30)           x7=3f121372 x30:10000f70  PA:10000f74
21196419ns          368037 1c0096d4 10e2f4d3 fmul.s           f9, f5, f14          f9=xxxxxxxx  f5:3e26e08d f14:bf131e67
21196439ns          368038 1c0096d8 10e3f453 fmul.s           f8, f7, f14          f8=xxxxxxxx  f7:3f121372 f14:bf131e67
21196459ns          368039 1c0096dc 80d77843 fmadd.s          f16, f14, f13, f16  f16=xxxxxxxx f14:bf131e67 f13:40c48266 f16:401f2c3d
21196519ns          368042 1c0096e0 4913f3c7 fmsub.s          f7, f7, f17, f9      f7=xxxxxxxx  f7:3f121372 f17:3f51811e  f9:bdbfcd85
21196558ns          368044 1c0096e4 4112f2c3 fmadd.s          f5, f5, f17, f8      f5=xxxxxxxx  f5:3e26e08d f17:3f51811e  f8:bea7e507
21196578ns          368045 1c0096e8 000a2783 lw               x15, 0(x20)         x15=00000000 x20:10000de8  PA:10000de8
21196598ns          368046 1c0096ec 007f2223 sw               x7, 4(x30)           x7:3f0f853e x30:10000f70  PA:10000f74
21196658ns          368049 1c0096f0 005ea223 sw               x5, 4(x29)           x5:be473890 x29:10000f5c  PA:10000f60
21196698ns          368051 1c0096f4 008ea283 lw               x5, 8(x29)           x5=be9e9c35 x29:10000f5c  PA:10000f64
21196718ns          368052 1c0096f8 008f2383 lw               x7, 8(x30)           x7=3e839438 x30:10000f70  PA:10000f78
21196737ns          368053 1c0096fc 10e2f4d3 fmul.s           f9, f5, f14          f9=xxxxxxxx  f5:be9e9c35 f14:bf131e67
21196797ns          368056 1c009700 10e3f453 fmul.s           f8, f7, f14          f8=xxxxxxxx  f7:3e839438 f14:bf131e67
21196837ns          368058 1c009704 58abf5c3 fmadd.s          f11, f23, f10, f11  f11=xxxxxxxx f23:3f131e67 f10:40427f8f f11:40a0d192
21196857ns          368059 1c009708 4913f3c7 fmsub.s          f7, f7, f17, f9      f7=xxxxxxxx  f7:3e839438 f17:3f51811e  f9:3e364d11
21196877ns          368060 1c00970c 4112f2c3 fmadd.s          f5, f5, f17, f8      f5=xxxxxxxx  f5:be9e9c35 f17:3f51811e  f8:be173b79
21196897ns          368061 1c009710 1117f553 fmul.s           f10, f15, f17       f10=xxxxxxxx f15:00000000 f17:3f51811e
21196916ns          368062 1c009714 007f2423 sw               x7, 8(x30)           x7:3d043eb3 x30:10000f70  PA:10000f78
21196936ns          368063 1c009718 00cea303 lw               x6, 12(x29)          x6=3e08e683 x29:10000f5c  PA:10000f68
21196956ns          368064 1c00971c 005ea423 sw               x5, 8(x29)           x5:becd6b43 x29:10000f5c  PA:10000f64
21196976ns          368065 1c009720 00cf2283 lw               x5, 12(x30)          x5=3e1e9dce x30:10000f70  PA:10000f7c
21196996ns          368066 1c009724 10e37453 fmul.s           f8, f6, f14          f8=xxxxxxxx  f6:3e08e683 f14:bf131e67
21197016ns          368067 1c009728 10e2f3d3 fmul.s           f7, f5, f14          f7=xxxxxxxx  f5:3e1e9dce f14:bf131e67
21197036ns          368068 1c00972c 014f0f13 addi             x30, x30, 20        x30=10000f84 x30:10000f70
21197095ns          368071 1c00972e 4112f2c7 fmsub.s          f5, f5, f17, f8      f5=xxxxxxxx  f5:3e1e9dce f17:3f51811e  f8:bd9d593f
21197135ns          368073 1c009732 39137343 fmadd.s          f6, f6, f17, f7      f6=xxxxxxxx  f6:3e08e683 f17:3f51811e  f7:bdb64ee7
21197155ns          368074 1c009736 00baa22b p.sw             x11, 4(x21!)        x21=10000dd8 x11:40d8b4be x21:10000dd4  PA:10000dd4
21197175ns          368075 1c00973a fe5f2c23 sw               x5, -8(x30)          x5:3e507b75 x30:10000f84  PA:10000f7c
21197235ns          368078 1c00973e 010ea683 lw               x13, 16(x29)        x13=3f196995 x29:10000f5c  PA:10000f6c
21197274ns          368080 1c009742 006ea623 sw               x6, 12(x29)          x6:3ca70e4d x29:10000f5c  PA:10000f68
21197294ns          368081 1c009746 ffcf2303 lw               x6, -4(x30)          x6=bf1b3bea x30:10000f84  PA:10000f80
21197314ns          368082 1c00974a 10e6f3d3 fmul.s           f7, f13, f14         f7=xxxxxxxx f13:3f196995 f14:bf131e67
21197374ns          368085 1c00974e 10e372d3 fmul.s           f5, f6, f14          f5=xxxxxxxx  f6:bf1b3bea f14:bf131e67
21197414ns          368087 1c009752 00aa222b p.sw             x10, 4(x20!)        x20=10000dec x10:00000000 x20:10000de8  PA:10000de8
21197434ns          368088 1c009756 39137347 fmsub.s          f6, f6, f17, f7      f6=xxxxxxxx  f6:bf1b3bea f17:3f51811e  f7:beb053b1
21197454ns          368089 1c00975a 2916f8c3 fmadd.s          f17, f13, f17, f5   f17=xxxxxxxx f13:3f196995 f17:3f51811e  f5:3eb26bae
21197473ns          368090 1c00975e 01460613 addi             x12, x12, 20        x12=10000f20 x12:10000f0c
21197513ns          368092 1c009760 fe6f2e23 sw               x6, -4(x30)          x6:be1b8174 x30:10000f84  PA:10000f80
21197553ns          368094 1c009764 011ea823 sw               x17, 16(x29)        x17:3f56c26a x29:10000f5c  PA:10000f6c
21197573ns          368095 1c009768 014e0e13 addi             x28, x28, 20        x28=10000f0c x28:10000ef8
21197593ns          368096 1c00976a 014e8e93 addi             x29, x29, 20        x29=10000f70 x29:10000f5c
21197613ns          368097 1c00976c 10e7f7d3 fmul.s           f15, f15, f14       f15=xxxxxxxx f15:00000000 f14:bf131e67
21197652ns          368099 1c009770 01412e03 lw               x28, 20(x2)         x28=00000000  x2:10000d98  PA:10000dac
21197672ns          368100 1c009772 00812983 lw               x19, 8(x2)          x19=0000000c  x2:10000d98  PA:10000da0
21197692ns          368101 1c009774 0e010893 addi             x17, x2, 224        x17=10000e78  x2:10000d98
21197712ns          368102 1c009778 013887b3 add              x15, x17, x19       x15=10000e84 x17:10000e78 x19:0000000c
21197732ns          368103 1c00977c 001e0e13 addi             x28, x28, 1         x28=00000001 x28:00000000
21197792ns          368106 1c00977e f707a023 sw               x16, -160(x15)      x16:bf856062 x15:10000e84  PA:10000de4
21197812ns          368107 1c009782 01c12a23 sw               x28, 20(x2)         x28:00000001  x2:10000d98  PA:10000dac
21197831ns          368108 1c009784 fff00793 addi             x15, x0, -1         x15=ffffffff
21197851ns          368109 1c009786 00fdc663 blt              x27, x15, 12        x27:00000003 x15:ffffffff
21197871ns          368110 1c00978a 04b00793 addi             x15, x0, 75         x15=0000004b
21197931ns          368113 1c00978e a8fe1c63 bne              x28, x15, -3432     x28:00000001 x15:0000004b
21198030ns          368118 1c008a26 00812503 lw               x10, 8(x2)          x10=0000000c  x2:10000d98  PA:10000da0
21198070ns          368120 1c008a28 04010613 addi             x12, x2, 64         x12=10000dd8  x2:10000d98
21198090ns          368121 1c008a2a 01b509b3 add              x19, x10, x27       x19=0000000f x10:0000000c x27:00000003
21198110ns          368122 1c008a2e 02c10593 addi             x11, x2, 44         x11=10000dc4  x2:10000d98
21198150ns          368124 1c008a30 00a60633 add              x12, x12, x10       x12=10000de4 x12:10000dd8 x10:0000000c
21198189ns          368126 1c008a32 002d8693 addi             x13, x27, 2         x13=00000005 x27:00000003
21198209ns          368127 1c008a36 1c000437 lui              x8, 0x1c000000       x8=1c000000
21198229ns          368128 1c008a3a 1c0004b7 lui              x9, 0x1c000000       x9=1c000000
21198249ns          368129 1c008a3e 00299993 slli             x19, x19, 0x2       x19=0000003c x19:0000000f
21198289ns          368131 1c008a40 00a58b33 add              x22, x11, x10       x22=10000dd0 x11:10000dc4 x10:0000000c
21198329ns          368133 1c008a44 00c12623 sw               x12, 12(x2)         x12:10000de4  x2:10000d98  PA:10000da4
21198368ns          368135 1c008a46 00d12c23 sw               x13, 24(x2)         x13:00000005  x2:10000d98  PA:10000db0
21198388ns          368136 1c008a48 02842a83 lw               x21, 40(x8)         x21=0c000000  x8:1c000000  PA:1c000028
21198687ns          368151 1c008a4c 02c4ab83 lw               x23, 44(x9)         x23=34000000  x9:1c000000  PA:1c00002c
21199045ns          368169 1c008a50 01a989b3 add              x19, x19, x26       x19=10000ef8 x19:0000003c x26:10000ebc
21199065ns          368170 1c008a52 00000f13 addi             x30, x0, 0          x30=00000000
21199085ns          368171 1c008a56 018007b3 add              x15, x0, x24        x15=00000004 x24:00000004
21199104ns          368172 1c008a58 004b2283 lw               x5, 4(x22)           x5=40d8b4be x22:10000dd0  PA:10000dd4
21199124ns          368173 1c008a5c 71fdace3 p.beqimm         x27, 3864           x27:00000003
21199164ns          368175 1c008a60 01412e03 lw               x28, 20(x2)         x28=00000001  x2:10000d98  PA:10000dac
21199184ns          368176 1c008a62 01400e93 addi             x29, x0, 20         x29=00000014
21199204ns          368177 1c008a64 77cec8e3 blt              x29, x28, 3952      x29:00000014 x28:00000001
21199224ns          368178 1c008a68 00c12f83 lw               x31, 12(x2)         x31=10000de4  x2:10000d98  PA:10000da4
21199264ns          368180 1c008a6a 000fa683 lw               x13, 0(x31)         x13=bf856062 x31:10000de4  PA:10000de4
21199303ns          368182 1c008a6e a1e69753 flt.s            x14, f13, f30       x14=00000001 f13:bf856062 f30:00000000
21199323ns          368183 1c008a72 00070363 beq              x14, x0, 6          x14:00000001
21199343ns          368184 1c008a74 20d696d3 fsgnjn.s         f13, f13, f13       f13=xxxxxxxx f13:bf856062 f13:bf856062
21199363ns          368185 1c008a78 000b2603 lw               x12, 0(x22)         x12=4097490f x22:10000dd0  PA:10000dd0
21199403ns          368187 1c008a7c a1e61753 flt.s            x14, f12, f30       x14=00000000 f12:4097490f f30:00000000
21199602ns          368197 1c008a80 00c005b3 add              x11, x0, x12        x11=4097490f x12:4097490f
21199622ns          368198 1c008a82 00070363 beq              x14, x0, 6          x14:00000000
21199681ns          368201 1c008a88 a1e29753 flt.s            x14, f5, f30        x14=00000000  f5:40d8b4be f30:00000000
21199701ns          368202 1c008a8c 00070363 beq              x14, x0, 6          x14:00000000
21200179ns          368226 1c008a92 00500733 add              x14, x0, x5         x14=40d8b4be  x5:40d8b4be
21200198ns          368227 1c008a94 00b77753 fadd.s           f14, f14, f11       f14=xxxxxxxx f14:40d8b4be f11:4097490f
21200218ns          368228 1c008a98 11777753 fmul.s           f14, f14, f23       f14=xxxxxxxx f14:4137fee6 f23:34000000
21200238ns          368229 1c008a9c a0e68753 fle.s            x14, f13, f14       x14=00000000 f13:3f856062 f14:35b7fee6
21200298ns          368232 1c008aa0 00070363 beq              x14, x0, 6          x14:00000000
21200377ns          368236 1c008aa6 1c000337 lui              x6, 0x1c000000       x6=1c000000
21200397ns          368237 1c008aaa 02830313 addi             x6, x6, 40           x6=1c000028  x6:1c000000
21200875ns          368261 1c008aae 00032303 lw               x6, 0(x6)            x6=0c000000  x6:1c000028  PA:1c000028
21201233ns          368279 1c008ab2 a06686d3 fle.s            x13, f13, f6        x13=00000000 f13:3f856062  f6:0c000000
21201253ns          368280 1c008ab6 00068363 beq              x13, x0, 6          x13:00000000
21201750ns          368305 1c008abc fffd8693 addi             x13, x27, -1        x13=00000002 x27:00000003
21201770ns          368306 1c008ac0 000d9463 bne              x27, x0, 8          x27:00000003
21201829ns          368309 1c008ac8 00269713 slli             x14, x13, 0x2       x14=00000008 x13:00000002
21201849ns          368310 1c008acc 0e010393 addi             x7, x2, 224          x7=10000e78  x2:10000d98
21202287ns          368332 1c008ad0 00e385b3 add              x11, x7, x14        x11=10000e80  x7:10000e78 x14:00000008
21202327ns          368334 1c008ad4 f605a503 lw               x10, -160(x11)      x10=c09fbd07 x11:10000e80  PA:10000de0
21202367ns          368336 1c008ad8 a1e515d3 flt.s            x11, f10, f30       x11=00000001 f10:c09fbd07 f30:00000000
21202386ns          368337 1c008adc 00058363 beq              x11, x0, 6          x11:00000001
21202824ns          368359 1c008ade 20a51553 fsgnjn.s         f10, f10, f10       f10=xxxxxxxx f10:c09fbd07 f10:c09fbd07
21202844ns          368360 1c008ae2 0e010413 addi             x8, x2, 224          x8=10000e78  x2:10000d98
21202864ns          368361 1c008ae4 00e405b3 add              x11, x8, x14        x11=10000e80  x8:10000e78 x14:00000008
21202884ns          368362 1c008ae8 f4c5a583 lw               x11, -180(x11)      x11=410a95a4 x11:10000e80  PA:10000dcc
21202923ns          368364 1c008aec a1e59853 flt.s            x16, f11, f30       x16=00000000 f11:410a95a4 f30:00000000
21203341ns          368385 1c008af0 00080463 beq              x16, x0, 8          x16:00000000
21203401ns          368388 1c008af8 00b00833 add              x16, x0, x11        x16=410a95a4 x11:410a95a4
21203421ns          368389 1c008afa a1e618d3 flt.s            x17, f12, f30       x17=00000000 f12:4097490f f30:00000000
21203878ns          368412 1c008afe 00088463 beq              x17, x0, 8          x17:00000000
21203958ns          368416 1c008b06 1c0004b7 lui              x9, 0x1c000000       x9=1c000000
21203978ns          368417 1c008b0a 01067653 fadd.s           f12, f12, f16       f12=xxxxxxxx f12:4097490f f16:410a95a4
21204415ns          368439 1c008b0e 02c48493 addi             x9, x9, 44           x9=1c00002c  x9:1c000000
21204435ns          368440 1c008b12 0004a483 lw               x9, 0(x9)            x9=34000000  x9:1c00002c  PA:1c00002c
21204753ns          368456 1c008b14 10967653 fmul.s           f12, f12, f9        f12=xxxxxxxx f12:41563a2c  f9:34000000
21204773ns          368457 1c008b18 a0c50653 fle.s            x12, f10, f12       x12=00000000 f10:409fbd07 f12:35d63a2c
21204793ns          368458 1c008b1c 00060363 beq              x12, x0, 6          x12:00000000
21205032ns          368470 1c008b22 1c000637 lui              x12, 0x1c000000     x12=1c000000
21205052ns          368471 1c008b26 02860613 addi             x12, x12, 40        x12=1c000028 x12:1c000000
21205072ns          368472 1c008b2a 00062603 lw               x12, 0(x12)         x12=0c000000 x12:1c000028  PA:1c000028
21205410ns          368489 1c008b2c a0c50553 fle.s            x10, f10, f12       x10=00000000 f10:409fbd07 f12:0c000000
21205430ns          368490 1c008b30 00050363 beq              x10, x0, 6          x10:00000000
21205509ns          368494 1c008b36 ffed8813 addi             x16, x27, -2        x16=00000001 x27:00000003
21205529ns          368495 1c008b3a 01f83463 p.bneimm         x16, 8              x16:00000001
21206026ns          368520 1c008b42 00281713 slli             x14, x16, 0x2       x14=00000004 x16:00000001
21206046ns          368521 1c008b46 0e010893 addi             x17, x2, 224        x17=10000e78  x2:10000d98
21206066ns          368522 1c008b4a 00e88633 add              x12, x17, x14       x12=10000e7c x17:10000e78 x14:00000004
21206126ns          368525 1c008b4e f6062503 lw               x10, -160(x12)      x10=40680263 x12:10000e7c  PA:10000ddc
21206166ns          368527 1c008b52 a1e51653 flt.s            x12, f10, f30       x12=00000000 f10:40680263 f30:00000000
21206186ns          368528 1c008b56 00060363 beq              x12, x0, 6          x12:00000000
21206305ns          368534 1c008b5c 0e010e13 addi             x28, x2, 224        x28=10000e78  x2:10000d98
21206325ns          368535 1c008b60 01c70733 add              x14, x14, x28       x14=10000e7c x14:00000004 x28:10000e78
21206345ns          368536 1c008b62 f4c72883 lw               x17, -180(x14)      x17=414df7f0 x14:10000e7c  PA:10000dc8
21206384ns          368538 1c008b66 a1e89753 flt.s            x14, f17, f30       x14=00000000 f17:414df7f0 f30:00000000
21206404ns          368539 1c008b6a 00070363 beq              x14, x0, 6          x14:00000000
21206882ns          368563 1c008b70 01100733 add              x14, x0, x17        x14=414df7f0 x17:414df7f0
21206902ns          368564 1c008b72 a1e59653 flt.s            x12, f11, f30       x12=00000000 f11:410a95a4 f30:00000000
21206922ns          368565 1c008b76 00060363 beq              x12, x0, 6          x12:00000000
21207041ns          368571 1c008b7c 1c000eb7 lui              x29, 0x1c000000     x29=1c000000
21207061ns          368572 1c008b80 00e5f753 fadd.s           f14, f11, f14       f14=xxxxxxxx f11:410a95a4 f14:414df7f0
21207081ns          368573 1c008b84 02ce8e93 addi             x29, x29, 44        x29=1c00002c x29:1c000000
21207101ns          368574 1c008b88 000eae83 lw               x29, 0(x29)         x29=34000000 x29:1c00002c  PA:1c00002c
21207419ns          368590 1c008b8c 11d77753 fmul.s           f14, f14, f29       f14=xxxxxxxx f14:41ac46ca f29:34000000
21207439ns          368591 1c008b90 a0e50753 fle.s            x14, f10, f14       x14=00000000 f10:40680263 f14:362c46ca
21207459ns          368592 1c008b94 440718e3 bne              x14, x0, 3152       x14:00000000
21207478ns          368593 1c008b98 1c000fb7 lui              x31, 0x1c000000     x31=1c000000
21207498ns          368594 1c008b9c 028f8f93 addi             x31, x31, 40        x31=1c000028 x31:1c000000
21207538ns          368596 1c008ba0 000faf83 lw               x31, 0(x31)         x31=0c000000 x31:1c000028  PA:1c000028
21207876ns          368613 1c008ba4 a1f50553 fle.s            x10, f10, f31       x10=00000000 f10:40680263 f31:0c000000
21207896ns          368614 1c008ba8 42051ee3 bne              x10, x0, 3132       x10:00000000
21207916ns          368615 1c008bac ffdd8693 addi             x13, x27, -3        x13=00000000 x27:00000003
21207936ns          368616 1c008bb0 01f6b463 p.bneimm         x13, 8              x13:00000000
21207996ns          368619 1c008bb8 00269713 slli             x14, x13, 0x2       x14=00000000 x13:00000000
21208015ns          368620 1c008bbc 0e010313 addi             x6, x2, 224          x6=10000e78  x2:10000d98
21208075ns          368623 1c008bc0 00e30633 add              x12, x6, x14        x12=10000e78  x6:10000e78 x14:00000000
21208115ns          368625 1c008bc4 f6062583 lw               x11, -160(x12)      x11=409e5980 x12:10000e78  PA:10000dd8
21208155ns          368627 1c008bc8 a1e59653 flt.s            x12, f11, f30       x12=00000000 f11:409e5980 f30:00000000
21208175ns          368628 1c008bcc 00060363 beq              x12, x0, 6          x12:00000000
21208274ns          368633 1c008bd2 0e010393 addi             x7, x2, 224          x7=10000e78  x2:10000d98
21208294ns          368634 1c008bd6 00e38633 add              x12, x7, x14        x12=10000e78  x7:10000e78 x14:00000000
21208314ns          368635 1c008bda f4c62603 lw               x12, -180(x12)      x12=42125df1 x12:10000e78  PA:10000dc4
21208374ns          368638 1c008bde a1e61553 flt.s            x10, f12, f30       x10=00000000 f12:42125df1 f30:00000000
21208393ns          368639 1c008be2 00050363 beq              x10, x0, 6          x10:00000000
21208453ns          368642 1c008be8 a1e89553 flt.s            x10, f17, f30       x10=00000000 f17:414df7f0 f30:00000000
21208473ns          368643 1c008bec 00050363 beq              x10, x0, 6          x10:00000000
21208970ns          368668 1c008bf2 1c000437 lui              x8, 0x1c000000       x8=1c000000
21208990ns          368669 1c008bf6 01167653 fadd.s           f12, f12, f17       f12=xxxxxxxx f12:42125df1 f17:414df7f0
21209010ns          368670 1c008bfa 02c40413 addi             x8, x8, 44           x8=1c00002c  x8:1c000000
21209030ns          368671 1c008bfe 00042403 lw               x8, 0(x8)            x8=34000000  x8:1c00002c  PA:1c00002c
21209507ns          368695 1c008c00 10867653 fmul.s           f12, f12, f8        f12=xxxxxxxx f12:4245dbed  f8:34000000
21209527ns          368696 1c008c04 a0c58653 fle.s            x12, f11, f12       x12=00000000 f11:409e5980 f12:36c5dbed
21209547ns          368697 1c008c08 3e0613e3 bne              x12, x0, 3046       x12:00000000
21209567ns          368698 1c008c0c 1c0004b7 lui              x9, 0x1c000000       x9=1c000000
21209985ns          368719 1c008c10 02848493 addi             x9, x9, 40           x9=1c000028  x9:1c000000
21210024ns          368721 1c008c14 0004a483 lw               x9, 0(x9)            x9=0c000000  x9:1c000028  PA:1c000028
21210343ns          368737 1c008c16 a09585d3 fle.s            x11, f11, f9        x11=00000000 f11:409e5980  f9:0c000000
21210363ns          368738 1c008c1a 3c059ae3 bne              x11, x0, 3028       x11:00000000
21210382ns          368739 1c008c1e 00000813 addi             x16, x0, 0          x16=00000000
21210522ns          368746 1c008c20 fff00693 addi             x13, x0, -1         x13=ffffffff
21210562ns          368748 1c008c22 3d880de3 beq              x16, x24, 3034      x16:00000000 x24:00000004
21210581ns          368749 1c008c26 002d8393 addi             x7, x27, 2           x7=00000005 x27:00000003
21210601ns          368750 1c008c2a 7c76d5e3 bge              x13, x7, 4042       x13:ffffffff  x7:00000005
21211059ns          368773 1c008c2e 00268f93 addi             x31, x13, 2         x31=00000001 x13:ffffffff
21211099ns          368775 1c008c32 3e780a63 beq              x16, x7, 1012       x16:00000000  x7:00000005
21211118ns          368776 1c008c36 002c1e93 slli             x29, x24, 0x2       x29=00000010 x24:00000004
21211138ns          368777 1c008c3a 04010493 addi             x9, x2, 64           x9=10000dd8  x2:10000d98
21211158ns          368778 1c008c3c ffce8593 addi             x11, x29, -4        x11=0000000c x29:00000010
21211576ns          368799 1c008c40 1c000637 lui              x12, 0x1c000000     x12=1c000000
21211616ns          368801 1c008c44 02c10413 addi             x8, x2, 44           x8=10000dc4  x2:10000d98
21211636ns          368802 1c008c46 1c000537 lui              x10, 0x1c000000     x10=1c000000
21211656ns          368803 1c008c4a 009585b3 add              x11, x11, x9        x11=10000de4 x11:0000000c  x9:10000dd8
21211675ns          368804 1c008c4c 02862483 lw               x9, 40(x12)          x9=0c000000 x12:1c000000  PA:1c000028
21212014ns          368821 1c008c50 01d40333 add              x6, x8, x29          x6=10000dd4  x8:10000dc4 x29:00000010
21212033ns          368822 1c008c54 00700733 add              x14, x0, x7         x14=00000005  x7:00000005
21212053ns          368823 1c008c56 02c52403 lw               x8, 44(x10)          x8=34000000 x10:1c000000  PA:1c00002c
21212352ns          368838 1c008c5a 00168693 addi             x13, x13, 1         x13=00000000 x13:ffffffff
21212372ns          368839 1c008c5c 00000e13 addi             x28, x0, 0          x28=00000000
21212511ns          368846 1c008c60 41038533 sub              x10, x7, x16        x10=00000005  x7:00000005 x16:00000000
21212551ns          368848 1c008c64 1e0540fb lp.setup         0x1, x10, 0x1e0     x10:00000005
21212570ns          368849 1c008c68 fff70893 addi             x17, x14, -1        x17=00000004 x14:00000005
21212590ns          368850 1c008c6c 00000793 addi             x15, x0, 0          x15=00000000
21212650ns          368853 1c008c70 00ec4763 blt              x24, x14, 14        x24:00000004 x14:00000005
21213147ns          368878 1c008c7e 00efd963 bge              x31, x14, 18        x31:00000001 x14:00000005
21213167ns          368879 1c008c82 0005a603 lw               x12, 0(x11)         x12=bf856062 x11:10000de4  PA:10000de4
21213207ns          368881 1c008c84 a1c61f53 flt.s            x30, f12, f28       x30=00000001 f12:bf856062 f28:00000000
21213227ns          368882 1c008c88 380f1163 bne              x30, x0, 898        x30:00000001
21213784ns          368910 1c00900a 20c61653 fsgnjn.s         f12, f12, f12       f12=xxxxxxxx f12:bf856062 f12:bf856062
21213804ns          368911 1c00900e c7fff06f jal              x0, -898           
21214261ns          368934 1c008c8c 00c7f7d3 fadd.s           f15, f15, f12       f15=xxxxxxxx f15:00000000 f12:3f856062
21214281ns          368935 1c008c90 ffc3260b p.lw             x12, -4(x6!)        x12=40d8b4be  x6=10000dd0  x6:10000dd4  PA:10000dd4
21214321ns          368937 1c008c94 a1c61f53 flt.s            x30, f12, f28       x30=00000000 f12:40d8b4be f28:00000000
21214341ns          368938 1c008c98 000f0463 beq              x30, x0, 8          x30:00000000
21214440ns          368943 1c008ca0 1087f7d3 fmul.s           f15, f15, f8        f15=xxxxxxxx f15:3f856062  f8:34000000
21214460ns          368944 1c008ca4 a0f607d3 fle.s            x15, f12, f15       x15=00000000 f12:40d8b4be f15:34056062
21214480ns          368945 1c008ca8 00079563 bne              x15, x0, 10         x15:00000000
21214500ns          368946 1c008caa a0960653 fle.s            x12, f12, f9        x12=00000000 f12:40d8b4be  f9:0c000000
21214560ns          368949 1c008cae 36060663 beq              x12, x0, 876        x12:00000000
21214639ns          368953 1c00901a 00d71463 bne              x14, x13, 8         x14:00000005 x13:00000000
21214739ns          368958 1c009022 01100733 add              x14, x0, x17        x14=00000004 x17:00000004
21214758ns          368959 1c009024 ffc58593 addi             x11, x11, -4        x11=10000de0 x11:10000de4
21214778ns          368960 1c008c68 fff70893 addi             x17, x14, -1        x17=00000003 x14:00000004
21214798ns          368961 1c008c6c 00000793 addi             x15, x0, 0          x15=00000000
21214818ns          368962 1c008c70 00ec4763 blt              x24, x14, 14        x24:00000004 x14:00000004
21214838ns          368963 1c008c74 0045a783 lw               x15, 4(x11)         x15=bf856062 x11:10000de0  PA:10000de4
21214878ns          368965 1c008c76 a1c79653 flt.s            x12, f15, f28       x12=00000001 f15:bf856062 f28:00000000
21214898ns          368966 1c008c7a 38061b63 bne              x12, x0, 918        x12:00000001
21214957ns          368969 1c009010 20f797d3 fsgnjn.s         f15, f15, f15       f15=xxxxxxxx f15:bf856062 f15:bf856062
21214977ns          368970 1c009014 c6bff06f jal              x0, -918           
21215037ns          368973 1c008c7e 00efd963 bge              x31, x14, 18        x31:00000001 x14:00000004
21215057ns          368974 1c008c82 0005a603 lw               x12, 0(x11)         x12=c09fbd07 x11:10000de0  PA:10000de0
21215097ns          368976 1c008c84 a1c61f53 flt.s            x30, f12, f28       x30=00000001 f12:c09fbd07 f28:00000000
21215116ns          368977 1c008c88 380f1163 bne              x30, x0, 898        x30:00000001
21215196ns          368981 1c00900a 20c61653 fsgnjn.s         f12, f12, f12       f12=xxxxxxxx f12:c09fbd07 f12:c09fbd07
21215216ns          368982 1c00900e c7fff06f jal              x0, -898           
21215256ns          368984 1c008c8c 00c7f7d3 fadd.s           f15, f15, f12       f15=xxxxxxxx f15:3f856062 f12:409fbd07
21215276ns          368985 1c008c90 ffc3260b p.lw             x12, -4(x6!)        x12=4097490f  x6=10000dcc  x6:10000dd0  PA:10000dd0
21215315ns          368987 1c008c94 a1c61f53 flt.s            x30, f12, f28       x30=00000000 f12:4097490f f28:00000000
21215335ns          368988 1c008c98 000f0463 beq              x30, x0, 8          x30:00000000
21215395ns          368991 1c008ca0 1087f7d3 fmul.s           f15, f15, f8        f15=xxxxxxxx f15:40c11520  f8:34000000
21215415ns          368992 1c008ca4 a0f607d3 fle.s            x15, f12, f15       x15=00000000 f12:4097490f f15:35411520
21215435ns          368993 1c008ca8 00079563 bne              x15, x0, 10         x15:00000000
21215455ns          368994 1c008caa a0960653 fle.s            x12, f12, f9        x12=00000000 f12:4097490f  f9:0c000000
21215475ns          368995 1c008cae 36060663 beq              x12, x0, 876        x12:00000000
21215554ns          368999 1c00901a 00d71463 bne              x14, x13, 8         x14:00000004 x13:00000000
21215614ns          369002 1c009022 01100733 add              x14, x0, x17        x14=00000003 x17:00000003
21215634ns          369003 1c009024 ffc58593 addi             x11, x11, -4        x11=10000ddc x11:10000de0
21215654ns          369004 1c008c68 fff70893 addi             x17, x14, -1        x17=00000002 x14:00000003
21215673ns          369005 1c008c6c 00000793 addi             x15, x0, 0          x15=00000000
21215693ns          369006 1c008c70 00ec4763 blt              x24, x14, 14        x24:00000004 x14:00000003
21215713ns          369007 1c008c74 0045a783 lw               x15, 4(x11)         x15=c09fbd07 x11:10000ddc  PA:10000de0
21215753ns          369009 1c008c76 a1c79653 flt.s            x12, f15, f28       x12=00000001 f15:c09fbd07 f28:00000000
21215773ns          369010 1c008c7a 38061b63 bne              x12, x0, 918        x12:00000001
21215833ns          369013 1c009010 20f797d3 fsgnjn.s         f15, f15, f15       f15=xxxxxxxx f15:c09fbd07 f15:c09fbd07
21215852ns          369014 1c009014 c6bff06f jal              x0, -918           
21215912ns          369017 1c008c7e 00efd963 bge              x31, x14, 18        x31:00000001 x14:00000003
21215932ns          369018 1c008c82 0005a603 lw               x12, 0(x11)         x12=40680263 x11:10000ddc  PA:10000ddc
21215972ns          369020 1c008c84 a1c61f53 flt.s            x30, f12, f28       x30=00000000 f12:40680263 f28:00000000
21215992ns          369021 1c008c88 380f1163 bne              x30, x0, 898        x30:00000000
21216012ns          369022 1c008c8c 00c7f7d3 fadd.s           f15, f15, f12       f15=xxxxxxxx f15:409fbd07 f12:40680263
21216031ns          369023 1c008c90 ffc3260b p.lw             x12, -4(x6!)        x12=410a95a4  x6=10000dc8  x6:10000dcc  PA:10000dcc
21216071ns          369025 1c008c94 a1c61f53 flt.s            x30, f12, f28       x30=00000000 f12:410a95a4 f28:00000000
21216091ns          369026 1c008c98 000f0463 beq              x30, x0, 8          x30:00000000
21216151ns          369029 1c008ca0 1087f7d3 fmul.s           f15, f15, f8        f15=xxxxxxxx f15:4109df1c  f8:34000000
21216171ns          369030 1c008ca4 a0f607d3 fle.s            x15, f12, f15       x15=00000000 f12:410a95a4 f15:3589df1c
21216191ns          369031 1c008ca8 00079563 bne              x15, x0, 10         x15:00000000
21216210ns          369032 1c008caa a0960653 fle.s            x12, f12, f9        x12=00000000 f12:410a95a4  f9:0c000000
21216230ns          369033 1c008cae 36060663 beq              x12, x0, 876        x12:00000000
21216310ns          369037 1c00901a 00d71463 bne              x14, x13, 8         x14:00000003 x13:00000000
21216370ns          369040 1c009022 01100733 add              x14, x0, x17        x14=00000002 x17:00000002
21216390ns          369041 1c009024 ffc58593 addi             x11, x11, -4        x11=10000dd8 x11:10000ddc
21216409ns          369042 1c008c68 fff70893 addi             x17, x14, -1        x17=00000001 x14:00000002
21216429ns          369043 1c008c6c 00000793 addi             x15, x0, 0          x15=00000000
21216449ns          369044 1c008c70 00ec4763 blt              x24, x14, 14        x24:00000004 x14:00000002
21216469ns          369045 1c008c74 0045a783 lw               x15, 4(x11)         x15=40680263 x11:10000dd8  PA:10000ddc
21216509ns          369047 1c008c76 a1c79653 flt.s            x12, f15, f28       x12=00000000 f15:40680263 f28:00000000
21216529ns          369048 1c008c7a 38061b63 bne              x12, x0, 918        x12:00000000
21216549ns          369049 1c008c7e 00efd963 bge              x31, x14, 18        x31:00000001 x14:00000002
21216569ns          369050 1c008c82 0005a603 lw               x12, 0(x11)         x12=409e5980 x11:10000dd8  PA:10000dd8
21216608ns          369052 1c008c84 a1c61f53 flt.s            x30, f12, f28       x30=00000000 f12:409e5980 f28:00000000
21216628ns          369053 1c008c88 380f1163 bne              x30, x0, 898        x30:00000000
21216648ns          369054 1c008c8c 00c7f7d3 fadd.s           f15, f15, f12       f15=xxxxxxxx f15:40680263 f12:409e5980
21216668ns          369055 1c008c90 ffc3260b p.lw             x12, -4(x6!)        x12=414df7f0  x6=10000dc4  x6:10000dc8  PA:10000dc8
21216708ns          369057 1c008c94 a1c61f53 flt.s            x30, f12, f28       x30=00000000 f12:414df7f0 f28:00000000
21216728ns          369058 1c008c98 000f0463 beq              x30, x0, 8          x30:00000000
21216787ns          369061 1c008ca0 1087f7d3 fmul.s           f15, f15, f8        f15=xxxxxxxx f15:41092d59  f8:34000000
21216807ns          369062 1c008ca4 a0f607d3 fle.s            x15, f12, f15       x15=00000000 f12:414df7f0 f15:35892d59
21216827ns          369063 1c008ca8 00079563 bne              x15, x0, 10         x15:00000000
21216847ns          369064 1c008caa a0960653 fle.s            x12, f12, f9        x12=00000000 f12:414df7f0  f9:0c000000
21216867ns          369065 1c008cae 36060663 beq              x12, x0, 876        x12:00000000
21216946ns          369069 1c00901a 00d71463 bne              x14, x13, 8         x14:00000002 x13:00000000
21217006ns          369072 1c009022 01100733 add              x14, x0, x17        x14=00000001 x17:00000001
21217026ns          369073 1c009024 ffc58593 addi             x11, x11, -4        x11=10000dd4 x11:10000dd8
21217046ns          369074 1c008c68 fff70893 addi             x17, x14, -1        x17=00000000 x14:00000001
21217066ns          369075 1c008c6c 00000793 addi             x15, x0, 0          x15=00000000
21217086ns          369076 1c008c70 00ec4763 blt              x24, x14, 14        x24:00000004 x14:00000001
21217106ns          369077 1c008c74 0045a783 lw               x15, 4(x11)         x15=409e5980 x11:10000dd4  PA:10000dd8
21217145ns          369079 1c008c76 a1c79653 flt.s            x12, f15, f28       x12=00000000 f15:409e5980 f28:00000000
21217165ns          369080 1c008c7a 38061b63 bne              x12, x0, 918        x12:00000000
21217185ns          369081 1c008c7e 00efd963 bge              x31, x14, 18        x31:00000001 x14:00000001
21217245ns          369084 1c008c90 ffc3260b p.lw             x12, -4(x6!)        x12=42125df1  x6=10000dc0  x6:10000dc4  PA:10000dc4
21217285ns          369086 1c008c94 a1c61f53 flt.s            x30, f12, f28       x30=00000000 f12:42125df1 f28:00000000
21217304ns          369087 1c008c98 000f0463 beq              x30, x0, 8          x30:00000000
21217364ns          369090 1c008ca0 1087f7d3 fmul.s           f15, f15, f8        f15=xxxxxxxx f15:409e5980  f8:34000000
21217384ns          369091 1c008ca4 a0f607d3 fle.s            x15, f12, f15       x15=00000000 f12:42125df1 f15:351e5980
21217404ns          369092 1c008ca8 00079563 bne              x15, x0, 10         x15:00000000
21217424ns          369093 1c008caa a0960653 fle.s            x12, f12, f9        x12=00000000 f12:42125df1  f9:0c000000
21217444ns          369094 1c008cae 36060663 beq              x12, x0, 876        x12:00000000
21217523ns          369098 1c00901a 00d71463 bne              x14, x13, 8         x14:00000001 x13:00000000
21217583ns          369101 1c009022 01100733 add              x14, x0, x17        x14=00000000 x17:00000000
21217603ns          369102 1c009024 ffc58593 addi             x11, x11, -4        x11=10000dd0 x11:10000dd4
21217623ns          369103 1c009026 00000793 addi             x15, x0, 0          x15=00000000
21217643ns          369104 1c00902a a0f297d3 flt.s            x15, f5, f15        x15=00000000  f5:40d8b4be f15:00000000
21217663ns          369105 1c00902e 005006b3 add              x13, x0, x5         x13=40d8b4be  x5:40d8b4be
21217702ns          369107 1c009030 00078363 beq              x15, x0, 6          x15:00000000
21217782ns          369111 1c009036 002d9593 slli             x11, x27, 0x2       x11=0000000c x27:00000003
21217802ns          369112 1c00903a 0e010613 addi             x12, x2, 224        x12=10000e78  x2:10000d98
21217822ns          369113 1c00903c 00b607b3 add              x15, x12, x11       x15=10000e84 x12:10000e78 x11:0000000c
21217861ns          369115 1c009040 f4c7a603 lw               x12, -180(x15)      x12=4097490f x15:10000e84  PA:10000dd0
21217901ns          369117 1c009044 00000793 addi             x15, x0, 0          x15=00000000
21217921ns          369118 1c009048 a0f617d3 flt.s            x15, f12, f15       x15=00000000 f12:4097490f f15:00000000
21217941ns          369119 1c00904c 00b12423 sw               x11, 8(x2)          x11:0000000c  x2:10000d98  PA:10000da0
21217961ns          369120 1c00904e 06d12423 sw               x13, 104(x2)        x13:40d8b4be  x2:10000d98  PA:10000e00
21218001ns          369122 1c009050 00c00533 add              x10, x0, x12        x10=4097490f x12:4097490f
21218021ns          369123 1c009052 00b008b3 add              x17, x0, x11        x17=0000000c x11:0000000c
21218040ns          369124 1c009054 00078363 beq              x15, x0, 6          x15:00000000
21218100ns          369127 1c00905a 0e010713 addi             x14, x2, 224        x14=10000e78  x2:10000d98
21218120ns          369128 1c00905c 011707b3 add              x15, x14, x17       x15=10000e84 x14:10000e78 x17:0000000c
21218180ns          369131 1c009060 f607a783 lw               x15, -160(x15)      x15=bf856062 x15:10000e84  PA:10000de4
21218239ns          369134 1c009064 00000713 addi             x14, x0, 0          x14=00000000
21218259ns          369135 1c009068 a0e79753 flt.s            x14, f15, f14       x14=00000001 f15:bf856062 f14:00000000
21218279ns          369136 1c00906c 06a12623 sw               x10, 108(x2)        x10:4097490f  x2:10000d98  PA:10000e04
21218299ns          369137 1c00906e 00070363 beq              x14, x0, 6          x14:00000001
21218319ns          369138 1c009070 2320106f jal              x0, 4658           
21218438ns          369144 1c00a2a2 20f79753 fsgnjn.s         f14, f15, f15       f14=xxxxxxxx f15:bf856062 f15:bf856062
21218458ns          369145 1c00a2a6 dd1fe06f jal              x0, -4656          
21218498ns          369147 1c009076 00281813 slli             x16, x16, 0x2       x16=00000000 x16:00000000
21218518ns          369148 1c009078 0e010993 addi             x19, x2, 224        x19=10000e78  x2:10000d98
21218538ns          369149 1c00907c 010985b3 add              x11, x19, x16       x11=10000e78 x19:10000e78 x16:00000000
21218597ns          369152 1c009080 f4c5a883 lw               x17, -180(x11)      x17=42125df1 x11:10000e78  PA:10000dc4
21218637ns          369154 1c009084 00000593 addi             x11, x0, 0          x11=00000000
21218657ns          369155 1c009088 a0b895d3 flt.s            x11, f17, f11       x11=00000000 f17:42125df1 f11:00000000
21218677ns          369156 1c00908c 06e12823 sw               x14, 112(x2)        x14:3f856062  x2:10000d98  PA:10000e08
21218697ns          369157 1c00908e 01100e33 add              x28, x0, x17        x28=42125df1 x17:42125df1
21218737ns          369159 1c009090 00058363 beq              x11, x0, 6          x11:00000000
21218816ns          369163 1c009096 0e010e93 addi             x29, x2, 224        x29=10000e78  x2:10000d98
21218836ns          369164 1c00909a 01d80833 add              x16, x16, x29       x16=10000e78 x16:00000000 x29:10000e78
21218856ns          369165 1c00909c f6082303 lw               x6, -160(x16)        x6=409e5980 x16:10000e78  PA:10000dd8
21219234ns          369184 1c0090a0 00000593 addi             x11, x0, 0          x11=00000000
21219274ns          369186 1c0090a4 a0b315d3 flt.s            x11, f6, f11        x11=00000000  f6:409e5980 f11:00000000
21219294ns          369187 1c0090a8 07c12a23 sw               x28, 116(x2)        x28:42125df1  x2:10000d98  PA:10000e0c
21219313ns          369188 1c0090aa 00058363 beq              x11, x0, 6          x11:00000000
21219413ns          369193 1c0090b0 006005b3 add              x11, x0, x6         x11=409e5980  x6:409e5980
21219433ns          369194 1c0090b2 a0d6a853 feq.s            x16, f13, f13       x16=00000001 f13:40d8b4be f13:40d8b4be
21219453ns          369195 1c0090b6 06b12c23 sw               x11, 120(x2)        x11:409e5980  x2:10000d98  PA:10000e10
21219473ns          369196 1c0090b8 00080463 beq              x16, x0, 8          x16:00000001
21219492ns          369197 1c0090bc 0080106f jal              x0, 4104           
21219990ns          369222 1c00a0c4 a0a69853 flt.s            x16, f13, f10       x16=00000000 f13:40d8b4be f10:4097490f
21220030ns          369224 1c00a0c8 1e080563 beq              x16, x0, 490        x16:00000000
21220228ns          369234 1c00a2b2 a0e69553 flt.s            x10, f13, f14       x10=00000000 f13:40d8b4be f14:3f856062
21220248ns          369235 1c00a2b6 00100813 addi             x16, x0, 1          x16=00000001
21220268ns          369236 1c00a2b8 00300e13 addi             x28, x0, 3          x28=00000003
21220288ns          369237 1c00a2ba 00050363 beq              x10, x0, 6          x10:00000000
21220686ns          369257 1c00a2c0 07412703 lw               x14, 116(x2)        x14=42125df1  x2:10000d98  PA:10000e0c
21220726ns          369259 1c00a2c2 a0e69553 flt.s            x10, f13, f14       x10=00000001 f13:40d8b4be f14:42125df1
21220746ns          369260 1c00a2c6 e0051ce3 bne              x10, x0, -488       x10:00000001
21221283ns          369287 1c00a0de a0b716d3 flt.s            x13, f14, f11       x13=00000000 f14:42125df1 f11:409e5980
21221322ns          369289 1c00a0e2 84069063 bne              x13, x0, -4032      x13:00000000
21221342ns          369290 1c00a0e6 00e005b3 add              x11, x0, x14        x11=42125df1 x14:42125df1
21221362ns          369291 1c00a0e8 83aff06f jal              x0, -4038          
21221541ns          369300 1c009122 1c0004b7 lui              x9, 0x1c000000       x9=1c000000
21221561ns          369301 1c009126 0204a703 lw               x14, 32(x9)         x14=3f800000  x9:1c000000  PA:1c000020
21221879ns          369317 1c00912a 18b77753 fdiv.s           f14, f14, f11       f14=xxxxxxxx f14:3f800000 f11:42125df1
21222675ns          369357 1c00912e 105772d3 fmul.s           f5, f14, f5          f5=xxxxxxxx f14:3cdfe02b  f5:40d8b4be
21222695ns          369358 1c009132 10e7f7d3 fmul.s           f15, f15, f14       f15=xxxxxxxx f15:bf856062 f14:3cdfe02b
21222715ns          369359 1c009136 00000513 addi             x10, x0, 0          x10=00000000
21222735ns          369360 1c00913a 28e676c3 fmadd.s          f13, f12, f14, f5   f13=xxxxxxxx f12:4097490f f14:3cdfe02b  f5:3e3d8334
21222794ns          369363 1c00913e 28e67e47 fmsub.s          f28, f12, f14, f5   f28=xxxxxxxx f12:4097490f f14:3cdfe02b  f5:3e3d8334
21222834ns          369365 1c009142 10f7f853 fmul.s           f16, f15, f15       f16=xxxxxxxx f15:bce94780 f15:bce94780
21222854ns          369366 1c009146 10f2f653 fmul.s           f12, f5, f15        f12=xxxxxxxx  f5:3e3d8334 f15:bce94780
21222874ns          369367 1c00914a 10e8f7d3 fmul.s           f15, f17, f14       f15=xxxxxxxx f17:42125df1 f14:3cdfe02b
21222934ns          369370 1c00914e 1c000737 lui              x14, 0x1c000000     x14=1c000000
21222973ns          369372 1c009152 81c6f6c3 fmadd.s          f13, f13, f28, f16  f13=xxxxxxxx f13:3ea0e829 f28:bd64d85a f16:3a54933b
21222993ns          369373 1c009156 03070713 addi             x14, x14, 48        x14=1c000030 x14:1c000000
21223013ns          369374 1c00915a 00072703 lw               x14, 0(x14)         x14=3f000000 x14:1c000030  PA:1c000030
21223431ns          369395 1c00915c 10c67653 fmul.s           f12, f12, f12       f12=xxxxxxxx f12:bbacb158 f12:bbacb158
21223451ns          369396 1c009160 10e6f6d3 fmul.s           f13, f13, f14       f13=xxxxxxxx f13:bc893227 f14:3f000000
21223471ns          369397 1c009164 a0a6a753 feq.s            x14, f13, f10       x14=00000000 f13:bc093227 f10:00000000
21223491ns          369398 1c009168 00070663 beq              x14, x0, 12         x14:00000000
21223590ns          369403 1c009174 00000513 addi             x10, x0, 0          x10=00000000
21223610ns          369404 1c009178 a0a69553 flt.s            x10, f13, f10       x10=00000001 f13:bc093227 f10:00000000
21223630ns          369405 1c00917c 60d6f743 fmadd.s          f14, f13, f13, f12  f14=xxxxxxxx f13:bc093227 f13:bc093227 f12:37e8fd92
21223689ns          369408 1c009180 58077753 fsqrt.s          f14, f14            f14=xxxxxxxx f14:38cd4cd4
21224604ns          369454 1c009184 00050363 beq              x10, x0, 6          x10:00000001
21224624ns          369455 1c009186 20e71753 fsgnjn.s         f14, f14, f14       f14=xxxxxxxx f14:3c221b2f f14:3c221b2f
21224644ns          369456 1c00918a 00e6f6d3 fadd.s           f13, f13, f14       f13=xxxxxxxx f13:bc093227 f14:bc221b2f
21224664ns          369457 1c00918e 18d67753 fdiv.s           f14, f12, f13       f14=xxxxxxxx f12:37e8fd92 f13:bc95a6ab
21225440ns          369496 1c009192 00f2f853 fadd.s           f16, f5, f15        f16=xxxxxxxx  f5:3e3d8334 f15:3f7fffff
21225718ns          369510 1c009196 0857f6d3 fsub.s           f13, f15, f5        f13=xxxxxxxx f15:3f7fffff  f5:3e3d8334
21225738ns          369511 1c00919a 18b375d3 fdiv.s           f11, f6, f11        f11=xxxxxxxx  f6:409e5980 f11:42125df1
21226255ns          369537 1c00919e 10b7f7d3 fmul.s           f15, f15, f11       f15=xxxxxxxx f15:3f7fffff f11:3e0a7aa0
21226275ns          369538 1c0091a2 70d87843 fmadd.s          f16, f16, f13, f14  f16=xxxxxxxx f16:3f97b066 f13:3f509f32 f14:bac7483c
21226295ns          369539 1c0091a6 5dfc4563 blt              x24, x31, 1482      x24:00000004 x31:00000001
21226315ns          369540 1c0091aa 002f9693 slli             x13, x31, 0x2       x13=00000004 x31:00000001
21226673ns          369558 1c0091ae 01f68333 add              x6, x13, x31         x6=00000005 x13:00000004 x31:00000001
21226693ns          369559 1c0091b2 00231313 slli             x6, x6, 0x2          x6=00000014  x6:00000005
21226713ns          369560 1c0091b4 058fc733 p.min            x14, x31, x24       x14=00000001 x31:00000001 x24:00000004
21226733ns          369561 1c0091b8 02c10893 addi             x17, x2, 44         x17=10000dc4  x2:10000d98
21226753ns          369562 1c0091bc 0e010993 addi             x19, x2, 224        x19=10000e78  x2:10000d98
21227190ns          369584 1c0091c0 ffc68a13 addi             x20, x13, -4        x20=00000000 x13:00000004
21227230ns          369586 1c0091c4 fec30e13 addi             x28, x6, -20        x28=00000000  x6:00000014
21227250ns          369587 1c0091c8 00d88ab3 add              x21, x17, x13       x21=10000dc8 x17:10000dc4 x13:00000004
21227270ns          369588 1c0091cc 00d98633 add              x12, x19, x13       x12=10000e7c x19:10000e78 x13:00000004
21227329ns          369591 1c0091d0 41f70b33 sub              x22, x14, x31       x22=00000000 x14:00000001 x31:00000001
21227369ns          369593 1c0091d4 04010393 addi             x7, x2, 64           x7=10000dd8  x2:10000d98
21227389ns          369594 1c0091d8 001f8693 addi             x13, x31, 1         x13=00000002 x31:00000001
21227409ns          369595 1c0091dc 00170713 addi             x14, x14, 1         x14=00000002 x14:00000001
21227489ns          369599 1c0091de 006c8eb3 add              x29, x25, x6        x29=10000f34 x25:10000f20  x6:00000014
21227528ns          369601 1c0091e2 01488bb3 add              x23, x17, x20       x23=10000dc4 x17:10000dc4 x20:00000000
21227548ns          369602 1c0091e6 01cc8f33 add              x30, x25, x28       x30=10000f20 x25:10000f20 x28:00000000
21227568ns          369603 1c0091ea f5c62503 lw               x10, -164(x12)      x10=409e5980 x12:10000e7c  PA:10000dd8
21227648ns          369607 1c0091ee ffcaa583 lw               x11, -4(x21)        x11=42125df1 x21:10000dc8  PA:10000dc4
21227668ns          369608 1c0091f2 01a30333 add              x6, x6, x26          x6=10000ed0  x6:00000014 x26:10000ebc
21227687ns          369609 1c0091f4 007a0a33 add              x20, x20, x7        x20=10000dd8 x20:00000000  x7:10000dd8
21227707ns          369610 1c0091f6 01ae0e33 add              x28, x28, x26       x28=10000ebc x28:00000000 x26:10000ebc
21227727ns          369611 1c0091f8 00000293 addi             x5, x0, 0            x5=00000000
21227747ns          369612 1c0091fc 001b0b13 addi             x22, x22, 1         x22=00000001 x22:00000000
21227787ns          369614 1c0091fe 00d75463 bge              x14, x13, 8         x14:00000002 x13:00000002
21227866ns          369618 1c009206 145b40fb lp.setup         0x1, x22, 0x145     x22:00000001
21227886ns          369619 1c00920a a0581753 flt.s            x14, f16, f5        x14=00000000 f16:3f76d7aa  f5:00000000
21227906ns          369620 1c00920e 01000633 add              x12, x0, x16        x12=3f76d7aa x16:3f76d7aa
21227946ns          369622 1c009210 00070363 beq              x14, x0, 6          x14:00000000
21228026ns          369626 1c009216 a0579753 flt.s            x14, f15, f5        x14=00000000 f15:3e0a7a9f  f5:00000000
21228045ns          369627 1c00921a 00f008b3 add              x17, x0, x15        x17=3e0a7a9f x15:3e0a7a9f
21228065ns          369628 1c00921c 00070363 beq              x14, x0, 6          x14:00000000
21228165ns          369633 1c009222 a0c89753 flt.s            x14, f17, f12       x14=00000001 f17:3e0a7a9f f12:3f76d7aa
21228185ns          369634 1c009226 010006b3 add              x13, x0, x16        x13=3f76d7aa x16:3f76d7aa
21228205ns          369635 1c009228 00071263 bne              x14, x0, 4          x14:00000001
21228304ns          369640 1c00922c 01167753 fadd.s           f14, f12, f17       f14=xxxxxxxx f12:3f76d7aa f17:3e0a7a9f
21228324ns          369641 1c009230 a05723d3 feq.s            x7, f14, f5          x7=00000000 f14:3f8cbb29  f5:00000000
21228344ns          369642 1c009234 00038463 beq              x7, x0, 8            x7:00000000
21228404ns          369645 1c00923c 1c000437 lui              x8, 0x1c000000       x8=1c000000
21228642ns          369657 1c009240 02040413 addi             x8, x8, 32           x8=1c000020  x8:1c000000
21228682ns          369659 1c009244 00042403 lw               x8, 0(x8)            x8=3f800000  x8:1c000020  PA:1c000020
21229000ns          369675 1c009246 18e473d3 fdiv.s           f7, f8, f14          f7=xxxxxxxx  f8:3f800000 f14:3f8cbb29
21229458ns          369698 1c00924a 1078f8d3 fmul.s           f17, f17, f7        f17=xxxxxxxx f17:3e0a7a9f  f7:3f68d75a
21229478ns          369699 1c00924e 10767653 fmul.s           f12, f12, f7        f12=xxxxxxxx f12:3f76d7aa  f7:3f68d75a
21229498ns          369700 1c009252 a05696d3 flt.s            x13, f13, f5        x13=00000000 f13:3f76d7aa  f5:00000000
21229517ns          369701 1c009256 1118f8d3 fmul.s           f17, f17, f17       f17=xxxxxxxx f17:3dfbe73c f17:3dfbe73c
21229537ns          369702 1c00925a 88c67643 fmadd.s          f12, f12, f12, f17  f12=xxxxxxxx f12:3f608318 f12:3f608318 f17:3c77df41
21229736ns          369712 1c00925e 58067653 fsqrt.s          f12, f12            f12=xxxxxxxx f12:3f48c52a
21230591ns          369755 1c009262 10c77753 fmul.s           f14, f14, f12       f14=xxxxxxxx f14:3f8cbb29 f12:3f62b59d
21230611ns          369756 1c009266 00068363 beq              x13, x0, 6          x13:00000000
21230731ns          369762 1c00926c 1c0004b7 lui              x9, 0x1c000000       x9=1c000000
21230751ns          369763 1c009270 02048493 addi             x9, x9, 32           x9=1c000020  x9:1c000000
21230771ns          369764 1c009274 0004a483 lw               x9, 0(x9)            x9=3f800000  x9:1c000020  PA:1c000020
21231089ns          369780 1c009276 18e4f753 fdiv.s           f14, f9, f14        f14=xxxxxxxx  f9:3f800000 f14:3f794222
21231685ns          369810 1c00927a 10e87653 fmul.s           f12, f16, f14       f12=xxxxxxxx f16:3f76d7aa f14:3f837646
21231705ns          369811 1c00927e 10e7f7d3 fmul.s           f15, f15, f14       f15=xxxxxxxx f15:3e0a7a9f f14:3f837646
21231725ns          369812 1c009282 000e2683 lw               x13, 0(x28)         x13=3ee0f8d2 x28:10000ebc  PA:10000ebc
21231745ns          369813 1c009286 00032803 lw               x16, 0(x6)          x16=bef10dbb  x6:10000ed0  PA:10000ed0
21231765ns          369814 1c00928a 10d7f3d3 fmul.s           f7, f15, f13         f7=xxxxxxxx f15:3e0e3973 f13:3ee0f8d2
21231825ns          369817 1c00928e 1107f8d3 fmul.s           f17, f15, f16       f17=xxxxxxxx f15:3e0e3973 f16:bef10dbb
21231865ns          369819 1c009292 10f57753 fmul.s           f14, f10, f15       f14=xxxxxxxx f10:409e5980 f15:3e0e3973
21231884ns          369820 1c009296 39067847 fmsub.s          f16, f12, f16, f7   f16=xxxxxxxx f12:3f7d84ce f16:bef10dbb  f7:3d79f902
21231904ns          369821 1c00929a 88d676c3 fmadd.s          f13, f12, f13, f17  f13=xxxxxxxx f12:3f7d84ce f13:3ee0f8d2 f17:bd85ebb6
21231964ns          369824 1c00929e 10b7f3d3 fmul.s           f7, f15, f11         f7=xxxxxxxx f15:3e0e3973 f11:42125df1
21232004ns          369826 1c0092a2 01032023 sw               x16, 0(x6)          x16:bf06fb60  x6:10000ed0  PA:10000ed0
21232024ns          369827 1c0092a6 00de2023 sw               x13, 0(x28)         x13:3ebd4faf x28:10000ebc  PA:10000ebc
21232044ns          369828 1c0092aa 004e2803 lw               x16, 4(x28)         x16=3ef0f038 x28:10000ebc  PA:10000ec0
21232103ns          369831 1c0092ae 00432883 lw               x17, 4(x6)          x17=3ddb89ea  x6:10000ed0  PA:10000ed4
21232143ns          369833 1c0092b2 1107f453 fmul.s           f8, f15, f16         f8=xxxxxxxx f15:3e0e3973 f16:3ef0f038
21232163ns          369834 1c0092b6 1117f6d3 fmul.s           f13, f15, f17       f13=xxxxxxxx f15:3e0e3973 f17:3ddb89ea
21232183ns          369835 1c0092ba 70b67743 fmadd.s          f14, f12, f11, f14  f14=xxxxxxxx f12:3f7d84ce f11:42125df1 f14:3f2ff25c
21232242ns          369838 1c0092be 411678c7 fmsub.s          f17, f12, f17, f8   f17=xxxxxxxx f12:3f7d84ce f17:3ddb89ea  f8:3d85db51
21232282ns          369840 1c0092c2 69067843 fmadd.s          f16, f12, f16, f13  f16=xxxxxxxx f12:3f7d84ce f16:3ef0f038 f13:3c73ef88
21232302ns          369841 1c0092c6 38c576c7 fmsub.s          f13, f10, f12, f7   f13=xxxxxxxx f10:409e5980 f12:3f7d84ce  f7:40a2a1e9
21232322ns          369842 1c0092ca 01132223 sw               x17, 4(x6)          x17:3d271bbe  x6:10000ed0  PA:10000ed4
21232620ns          369857 1c0092ce 008e2583 lw               x11, 8(x28)         x11=3ee201ce x28:10000ebc  PA:10000ec4
21232660ns          369859 1c0092d2 010e2223 sw               x16, 4(x28)         x16:3ef639e1 x28:10000ebc  PA:10000ec0
21232680ns          369860 1c0092d6 00832803 lw               x16, 8(x6)          x16=3f26fb11  x6:10000ed0  PA:10000ed8
21232700ns          369861 1c0092da 10b7f8d3 fmul.s           f17, f15, f11       f17=xxxxxxxx f15:3e0e3973 f11:3ee201ce
21232760ns          369864 1c0092de 1107f553 fmul.s           f10, f15, f16       f10=xxxxxxxx f15:3e0e3973 f16:3f26fb11
21232799ns          369866 1c0092e2 a05713d3 flt.s            x7, f14, f5          x7=00000000 f14:4213b28f  f5:00000000
21232819ns          369867 1c0092e6 890678c7 fmsub.s          f17, f12, f16, f17  f17=xxxxxxxx f12:3f7d84ce f16:3f26fb11 f17:3d7b1f70
21232839ns          369868 1c0092ea 50b67543 fmadd.s          f10, f12, f11, f10  f10=xxxxxxxx f12:3f7d84ce f11:3ee201ce f10:3db98979
21232899ns          369871 1c0092ee 000aa803 lw               x16, 0(x21)         x16=414df7f0 x21:10000dc8  PA:10000dc8
21232939ns          369873 1c0092f2 01132423 sw               x17, 8(x6)          x17:3f15aac9  x6:10000ed0  PA:10000ed8
21232958ns          369874 1c0092f6 00ce2583 lw               x11, 12(x28)        x11=3f06dec6 x28:10000ebc  PA:10000ec8
21232998ns          369876 1c0092fa 00ae2423 sw               x10, 8(x28)         x10:3f0719b3 x28:10000ebc  PA:10000ec4
21233038ns          369878 1c0092fe 00c32403 lw               x8, 12(x6)           x8=bef0f4f3  x6:10000ed0  PA:10000edc
21233078ns          369880 1c009302 10b7f8d3 fmul.s           f17, f15, f11       f17=xxxxxxxx f15:3e0e3973 f11:3f06dec6
21233098ns          369881 1c009306 1087f553 fmul.s           f10, f15, f8        f10=xxxxxxxx f15:3e0e3973  f8:bef0f4f3
21233118ns          369882 1c00930a 00da222b p.sw             x13, 4(x20!)        x20=10000ddc x13:be3a29fe x20:10000dd8  PA:10000dd8
21233177ns          369885 1c00930e 88867447 fmsub.s          f8, f12, f8, f17     f8=xxxxxxxx f12:3f7d84ce  f8:bef0f4f3 f17:3d95dbac
21233217ns          369887 1c009312 50b67543 fmadd.s          f10, f12, f11, f10  f10=xxxxxxxx f12:3f7d84ce f11:3f06dec6 f10:bd85ddf2
21233237ns          369888 1c009316 10f875d3 fmul.s           f11, f16, f15       f11=xxxxxxxx f16:414df7f0 f15:3e0e3973
21233257ns          369889 1c00931a 00832623 sw               x8, 12(x6)           x8:bf0a0b00  x6:10000ed0  PA:10000edc
21233317ns          369892 1c00931e 010e2403 lw               x8, 16(x28)          x8=3eac2a93 x28:10000ebc  PA:10000ecc
21233356ns          369894 1c009322 00ae2623 sw               x10, 12(x28)        x10:3ee9a8c6 x28:10000ebc  PA:10000ec8
21233376ns          369895 1c009326 01032503 lw               x10, 16(x6)         x10=3eb14c1e  x6:10000ed0  PA:10000ee0
21233396ns          369896 1c00932a 1087f4d3 fmul.s           f9, f15, f8          f9=xxxxxxxx f15:3e0e3973  f8:3eac2a93
21233456ns          369899 1c00932e 10a7f7d3 fmul.s           f15, f15, f10       f15=xxxxxxxx f15:3e0e3973 f10:3eb14c1e
21233496ns          369901 1c009332 10c878d3 fmul.s           f17, f16, f12       f17=xxxxxxxx f16:414df7f0 f12:3f7d84ce
21233515ns          369902 1c009336 48a67547 fmsub.s          f10, f12, f10, f9   f10=xxxxxxxx f12:3f7d84ce f10:3eb14c1e  f9:3d3f4c81
21233535ns          369903 1c00933a 788677c3 fmadd.s          f15, f12, f8, f15   f15=xxxxxxxx f12:3f7d84ce  f8:3eac2a93 f15:3d450004
21233595ns          369906 1c00933e 00a32823 sw               x10, 16(x6)         x10:3e97aaa3  x6:10000ed0  PA:10000ee0
21233635ns          369908 1c009342 00fe2823 sw               x15, 16(x28)        x15:3ec31f64 x28:10000ebc  PA:10000ecc
21233655ns          369909 1c009346 00e007b3 add              x15, x0, x14        x15=4213b28f x14:4213b28f
21233675ns          369910 1c009348 00038463 beq              x7, x0, 8            x7:00000000
21233774ns          369915 1c009350 a0559653 flt.s            x12, f11, f5        x12=00000000 f11:3fe4db80  f5:00000000
21233794ns          369916 1c009354 700616e3 bne              x12, x0, 3852       x12:00000000
21233814ns          369917 1c009358 00b00633 add              x12, x0, x11        x12=3fe4db80 x11:3fe4db80
21233834ns          369918 1c00935a a0f61553 flt.s            x10, f12, f15       x10=00000001 f12:3fe4db80 f15:4213b28f
21233854ns          369919 1c00935e 00e00833 add              x16, x0, x14        x16=4213b28f x14:4213b28f
21233893ns          369921 1c009360 00051263 bne              x10, x0, 4          x10:00000001
21233953ns          369924 1c009364 00c7f453 fadd.s           f8, f15, f12         f8=xxxxxxxx f15:4213b28f f12:3fe4db80
21233973ns          369925 1c009368 a05423d3 feq.s            x7, f8, f5           x7=00000000  f8:421ad96b  f5:00000000
21233993ns          369926 1c00936c 6a0397e3 bne              x7, x0, 3758         x7:00000000
21234052ns          369929 1c009370 1c0009b7 lui              x19, 0x1c000000     x19=1c000000
21234092ns          369931 1c009374 02098993 addi             x19, x19, 32        x19=1c000020 x19:1c000000
21234112ns          369932 1c009378 0009a983 lw               x19, 0(x19)         x19=3f800000 x19:1c000020  PA:1c000020
21234450ns          369949 1c00937c 1889f3d3 fdiv.s           f7, f19, f8          f7=xxxxxxxx f19:3f800000  f8:421ad96b
21234967ns          369975 1c009380 10767653 fmul.s           f12, f12, f7        f12=xxxxxxxx f12:3fe4db80  f7:3cd39cba
21234987ns          369976 1c009384 1077f7d3 fmul.s           f15, f15, f7        f15=xxxxxxxx f15:4213b28f  f7:3cd39cba
21235007ns          369977 1c009388 a0581853 flt.s            x16, f16, f5        x16=00000000 f16:4213b28f  f5:00000000
21235027ns          369978 1c00938c 10c67653 fmul.s           f12, f12, f12       f12=xxxxxxxx f12:3d3d2d07 f12:3d3d2d07
21235067ns          369980 1c009390 60f7f7c3 fmadd.s          f15, f15, f15, f12  f15=xxxxxxxx f15:3f742d30 f15:3f742d30 f12:3b0bcb84
21235107ns          369982 1c009394 5807f7d3 fsqrt.s          f15, f15            f15=xxxxxxxx f15:3f6971f7
21236081ns          370031 1c009398 10f47453 fmul.s           f8, f8, f15          f8=xxxxxxxx  f8:421ad96b f15:3f74766d
21236101ns          370032 1c00939c 00080463 beq              x16, x0, 8          x16:00000000
21236161ns          370035 1c0093a4 1c0003b7 lui              x7, 0x1c000000       x7=1c000000
21236181ns          370036 1c0093a8 02038393 addi             x7, x7, 32           x7=1c000020  x7:1c000000
21236201ns          370037 1c0093ac 0003a383 lw               x7, 0(x7)            x7=3f800000  x7:1c000020  PA:1c000020
21236559ns          370055 1c0093b0 1883f7d3 fdiv.s           f15, f7, f8         f15=xxxxxxxx  f7:3f800000  f8:4213dedc
21237195ns          370087 1c0093b4 10f77653 fmul.s           f12, f14, f15       f12=xxxxxxxx f14:4213b28f f15:3cdd9968
21237215ns          370088 1c0093b8 10f5f3d3 fmul.s           f7, f11, f15         f7=xxxxxxxx f11:3fe4db80 f15:3cdd9968
21237235ns          370089 1c0093bc 10c6f853 fmul.s           f16, f13, f12       f16=xxxxxxxx f13:be3a29fe f12:3f7fb34e
21237255ns          370090 1c0093c0 207395d3 fsgnjn.s         f11, f7, f7         f11=xxxxxxxx  f7:3d461aa2  f7:3d461aa2
21237275ns          370091 1c0093c4 000f2783 lw               x15, 0(x30)         x15=3ed7a535 x30:10000f20  PA:10000f20
21237295ns          370092 1c0093c8 000ea483 lw               x9, 0(x29)           x9=be4518e7 x29:10000f34  PA:10000f34
21237315ns          370093 1c0093cc 1077f953 fmul.s           f18, f15, f7        f18=xxxxxxxx f15:3ed7a535  f7:3d461aa2
21237354ns          370095 1c0093d0 1074f553 fmul.s           f10, f9, f7         f10=xxxxxxxx  f9:be4518e7  f7:3d461aa2
21237394ns          370097 1c0093d4 10c8f753 fmul.s           f14, f17, f12       f14=xxxxxxxx f17:414bf8e2 f12:3f7fb34e
21237414ns          370098 1c0093d8 90c4f4c7 fmsub.s          f9, f9, f12, f18     f9=xxxxxxxx  f9:be4518e7 f12:3f7fb34e f18:3ca6e036
21237434ns          370099 1c0093dc 50c7f543 fmadd.s          f10, f15, f12, f10  f10=xxxxxxxx f15:3ed7a535 f12:3f7fb34e f10:bc1885c4
21237494ns          370102 1c0093e0 70b6f5c3 fmadd.s          f11, f13, f11, f14  f11=xxxxxxxx f13:be3a29fe f11:bd461aa2 f14:414bbbc6
21237533ns          370104 1c0093e4 009ea023 sw               x9, 0(x29)           x9:be59b9e1 x29:10000f34  PA:10000f34
21237553ns          370105 1c0093e8 00af2023 sw               x10, 0(x30)         x10:3ed2a06c x30:10000f20  PA:10000f20
21237573ns          370106 1c0093ec 004f2503 lw               x10, 4(x30)         x10=3f003884 x30:10000f20  PA:10000f24
21237633ns          370109 1c0093f0 004ea483 lw               x9, 4(x29)           x9=bce19e48 x29:10000f34  PA:10000f38
21237673ns          370111 1c0093f4 10a3f9d3 fmul.s           f19, f7, f10        f19=xxxxxxxx  f7:3d461aa2 f10:3f003884
21237692ns          370112 1c0093f8 1093f953 fmul.s           f18, f7, f9         f18=xxxxxxxx  f7:3d461aa2  f9:bce19e48
21237712ns          370113 1c0093fc 008ba22b p.sw             x8, 4(x23!)         x23=10000dc8  x8:4213dedc x23:10000dc4  PA:10000dc4
21237772ns          370116 1c009400 989674c7 fmsub.s          f9, f12, f9, f19     f9=xxxxxxxx f12:3f7fb34e  f9:bce19e48 f19:3cc6721a
21237812ns          370118 1c009404 90a67743 fmadd.s          f14, f12, f10, f18  f14=xxxxxxxx f12:3f7fb34e f10:3f003884 f18:baae97e5
21237832ns          370119 1c009408 8078f843 fmadd.s          f16, f17, f7, f16   f16=xxxxxxxx f17:414bf8e2  f7:3d461aa2 f16:be39f238
21237852ns          370120 1c00940c 009ea223 sw               x9, 4(x29)           x9:bd53e665 x29:10000f34  PA:10000f38
21237911ns          370123 1c009410 00ef2223 sw               x14, 4(x30)         x14:3eff759c x30:10000f20  PA:10000f24
21237951ns          370125 1c009414 008f2703 lw               x14, 8(x30)         x14=3eb46d25 x30:10000f20  PA:10000f28
21237971ns          370126 1c009418 008ea483 lw               x9, 8(x29)           x9=3f3e6d1b x29:10000f34  PA:10000f3c
21237991ns          370127 1c00941c 10e3f953 fmul.s           f18, f7, f14        f18=xxxxxxxx  f7:3d461aa2 f14:3eb46d25
21238051ns          370130 1c009420 1093f6d3 fmul.s           f13, f7, f9         f13=xxxxxxxx  f7:3d461aa2  f9:3f3e6d1b
21238090ns          370132 1c009424 000a2783 lw               x15, 0(x20)         x15=40680263 x20:10000ddc  PA:10000ddc
21238110ns          370133 1c009428 909674c7 fmsub.s          f9, f12, f9, f18     f9=xxxxxxxx f12:3f7fb34e  f9:3f3e6d1b f18:3c8b9f30
21238130ns          370134 1c00942c 68e676c3 fmadd.s          f13, f12, f14, f13  f13=xxxxxxxx f12:3f7fb34e f14:3eb46d25 f13:3d135c32
21238448ns          370150 1c009430 10c7f553 fmul.s           f10, f15, f12       f10=xxxxxxxx f15:40680263 f12:3f7fb34e
21238488ns          370152 1c009434 009ea423 sw               x9, 8(x29)           x9:3f39d715 x29:10000f34  PA:10000f3c
21238508ns          370153 1c009438 00cf2703 lw               x14, 12(x30)        x14=3f0381a1 x30:10000f20  PA:10000f2c
21238528ns          370154 1c00943c 00df2423 sw               x13, 8(x30)         x13:3ec6a29d x30:10000f20  PA:10000f28
21238588ns          370157 1c009440 00cea683 lw               x13, 12(x29)        x13=bf11aa6e x29:10000f34  PA:10000f40
21238627ns          370159 1c009444 10e3f4d3 fmul.s           f9, f7, f14          f9=xxxxxxxx  f7:3d461aa2 f14:3f0381a1
21238647ns          370160 1c009448 10d3f453 fmul.s           f8, f7, f13          f8=xxxxxxxx  f7:3d461aa2 f13:bf11aa6e
21238667ns          370161 1c00944c 00baa22b p.sw             x11, 4(x21!)        x21=10000dcc x11:414bdfca x21:10000dc8  PA:10000dc8
21238727ns          370164 1c009450 48d676c7 fmsub.s          f13, f12, f13, f9   f13=xxxxxxxx f12:3f7fb34e f13:bf11aa6e  f9:3ccb87e2
21238767ns          370166 1c009454 40e67743 fmadd.s          f14, f12, f14, f8   f14=xxxxxxxx f12:3f7fb34e f14:3f0381a1  f8:bce171f1
21238786ns          370167 1c009458 00aa2023 sw               x10, 0(x20)         x10:4067bce1 x20:10000ddc  PA:10000ddc
21238806ns          370168 1c00945c 00dea623 sw               x13, 12(x29)        x13:bf17db09 x29:10000f34  PA:10000f40
21239244ns          370190 1c009460 010f2883 lw               x17, 16(x30)        x17=3edb6e09 x30:10000f20  PA:10000f30
21239284ns          370192 1c009464 00ef2623 sw               x14, 12(x30)        x14:3ef89d57 x30:10000f20  PA:10000f2c
21239304ns          370193 1c009468 010ea683 lw               x13, 16(x29)        x13=3e955e2b x29:10000f34  PA:10000f44
21239324ns          370194 1c00946c 1113f453 fmul.s           f8, f7, f17          f8=xxxxxxxx  f7:3d461aa2 f17:3edb6e09
21239383ns          370197 1c009470 10d3f753 fmul.s           f14, f7, f13        f14=xxxxxxxx  f7:3d461aa2 f13:3e955e2b
21239423ns          370199 1c009474 1077f7d3 fmul.s           f15, f15, f7        f15=xxxxxxxx f15:40680263  f7:3d461aa2
21239443ns          370200 1c009478 40d676c7 fmsub.s          f13, f12, f13, f8   f13=xxxxxxxx f12:3f7fb34e f13:3e955e2b  f8:3ca9cdef
21239463ns          370201 1c00947c 71167743 fmadd.s          f14, f12, f17, f14  f14=xxxxxxxx f12:3f7fb34e f17:3edb6e09 f14:3c672cbf
21239900ns          370223 1c009480 001f8f93 addi             x31, x31, 1         x31=00000002 x31:00000001
21239940ns          370225 1c009482 00dea823 sw               x13, 16(x29)        x13:3e8a948c x29:10000f34  PA:10000f44
21239960ns          370226 1c009486 00ef2823 sw               x14, 16(x30)        x14:3ee265b2 x30:10000f20  PA:10000f30
21239980ns          370227 1c00948a 014e8e93 addi             x29, x29, 20        x29=10000f48 x29:10000f34
21240000ns          370228 1c00948c 01430313 addi             x6, x6, 20           x6=10000ee4  x6:10000ed0
21240020ns          370229 1c00948e 014f0f13 addi             x30, x30, 20        x30=10000f34 x30:10000f20
21240040ns          370230 1c009490 014e0e13 addi             x28, x28, 20        x28=10000ed0 x28:10000ebc
21240079ns          370232 1c009492 2dfc4f63 blt              x24, x31, 734       x24:00000004 x31:00000002
21240099ns          370233 1c009496 002f9713 slli             x14, x31, 0x2       x14=00000008 x31:00000002
21240119ns          370234 1c00949a ffc70b13 addi             x22, x14, -4        x22=00000004 x14:00000008
21240179ns          370237 1c00949e 002c1913 slli             x18, x24, 0x2       x18=00000010 x24:00000004
21240219ns          370239 1c0094a2 01f70633 add              x12, x14, x31       x12=0000000a x14:00000008 x31:00000002
21240239ns          370240 1c0094a6 41690933 sub              x18, x18, x22       x18=0000000c x18:00000010 x22:00000004
21240258ns          370241 1c0094aa 02c10513 addi             x10, x2, 44         x10=10000dc4  x2:10000d98
21240278ns          370242 1c0094ac 04010593 addi             x11, x2, 64         x11=10000dd8  x2:10000d98
21240298ns          370243 1c0094ae 00261613 slli             x12, x12, 0x2       x12=00000028 x12:0000000a
21240318ns          370244 1c0094b0 00e50ab3 add              x21, x10, x14       x21=10000dcc x10:10000dc4 x14:00000008
21240358ns          370246 1c0094b4 00e58a33 add              x20, x11, x14       x20=10000de0 x11:10000dd8 x14:00000008
21240378ns          370247 1c0094b8 ffc90913 addi             x18, x18, -4        x18=00000008 x18:0000000c
21240398ns          370248 1c0094ba ff870713 addi             x14, x14, -8        x14=00000000 x14:00000008
21240418ns          370249 1c0094bc 04010693 addi             x13, x2, 64         x13=10000dd8  x2:10000d98
21240835ns          370270 1c0094be fec60e13 addi             x28, x12, -20       x28=00000014 x12:00000028
21240875ns          370272 1c0094c2 00295913 srli             x18, x18, 0x2       x18=00000002 x18:00000008
21240895ns          370273 1c0094c6 00e689b3 add              x19, x13, x14       x19=10000dd8 x13:10000dd8 x14:00000000
21240915ns          370274 1c0094ca ffcaa583 lw               x11, -4(x21)        x11=414bdfca x21:10000dcc  PA:10000dc8
21240935ns          370275 1c0094ce 02c10713 addi             x14, x2, 44         x14=10000dc4  x2:10000d98
21240974ns          370277 1c0094d0 ffca2503 lw               x10, -4(x20)        x10=4067bce1 x20:10000de0  PA:10000ddc
21241014ns          370279 1c0094d4 00cc8f33 add              x30, x25, x12       x30=10000f48 x25:10000f20 x12:00000028
21241034ns          370280 1c0094d8 01cc8eb3 add              x29, x25, x28       x29=10000f34 x25:10000f20 x28:00000014
21241054ns          370281 1c0094dc 01a60633 add              x12, x12, x26       x12=10000ee4 x12:00000028 x26:10000ebc
21241074ns          370282 1c0094de 01ae0e33 add              x28, x28, x26       x28=10000ed0 x28:00000014 x26:10000ebc
21241114ns          370284 1c0094e0 00eb0b33 add              x22, x22, x14       x22=10000dc8 x22:00000004 x14:10000dc4
21241153ns          370286 1c0094e2 00000f93 addi             x31, x0, 0          x31=00000000
21241173ns          370287 1c0094e6 00190913 addi             x18, x18, 1         x18=00000003 x18:00000002
21241193ns          370288 1c0094e8 142940fb lp.setup         0x1, x18, 0x142     x18:00000003
21241213ns          370289 1c0094ec a1f81753 flt.s            x14, f16, f31       x14=00000000 f16:3edeb652 f31:00000000
21241253ns          370291 1c0094f0 010002b3 add              x5, x0, x16          x5=3edeb652 x16:3edeb652
21241273ns          370292 1c0094f2 00070363 beq              x14, x0, 6          x14:00000000
21241333ns          370295 1c0094f8 a1f79753 flt.s            x14, f15, f31       x14=00000000 f15:3e3389fc f31:00000000
21241352ns          370296 1c0094fc 00f006b3 add              x13, x0, x15        x13=3e3389fc x15:3e3389fc
21241372ns          370297 1c0094fe 00070363 beq              x14, x0, 6          x14:00000000
21241452ns          370301 1c009504 a0569753 flt.s            x14, f13, f5        x14=00000001 f13:3e3389fc  f5:3edeb652
21241472ns          370302 1c009508 01000333 add              x6, x0, x16          x6=3edeb652 x16:3edeb652
21241492ns          370303 1c00950a 00071263 bne              x14, x0, 4          x14:00000001
21241611ns          370309 1c00950e 0056f753 fadd.s           f14, f13, f5        f14=xxxxxxxx f13:3e3389fc  f5:3edeb652
21241631ns          370310 1c009512 a1f728d3 feq.s            x17, f14, f31       x17=00000000 f14:3f1c3da8 f31:00000000
21241651ns          370311 1c009516 52089be3 bne              x17, x0, 3382       x17:00000000
21241671ns          370312 1c00951a 1c0003b7 lui              x7, 0x1c000000       x7=1c000000
21241730ns          370315 1c00951e 02038393 addi             x7, x7, 32           x7=1c000020  x7:1c000000
21241770ns          370317 1c009522 0003a383 lw               x7, 0(x7)            x7=3f800000  x7:1c000020  PA:1c000020
21242088ns          370333 1c009526 18e3f8d3 fdiv.s           f17, f7, f14        f17=xxxxxxxx  f7:3f800000 f14:3f1c3da8
21242566ns          370357 1c00952a 10d8f6d3 fmul.s           f13, f17, f13       f13=xxxxxxxx f17:3fd1ba3c f13:3e3389fc
21242586ns          370358 1c00952e 1058f8d3 fmul.s           f17, f17, f5        f17=xxxxxxxx f17:3fd1ba3c  f5:3edeb652
21242606ns          370359 1c009532 a1f312d3 flt.s            x5, f6, f31          x5=00000000  f6:3edeb652 f31:00000000
21242625ns          370360 1c009536 10d6f6d3 fmul.s           f13, f13, f13       f13=xxxxxxxx f13:3e931643 f13:3e931643
21242645ns          370361 1c00953a 6918f6c3 fmadd.s          f13, f17, f17, f13  f13=xxxxxxxx f17:3f3674de f17:3f3674de f13:3da90526
21242864ns          370372 1c00953e 5806f353 fsqrt.s          f6, f13              f6=xxxxxxxx f13:3f172b06
21243680ns          370413 1c009542 10e37353 fmul.s           f6, f6, f14          f6=xxxxxxxx  f6:3f44b87e f14:3f1c3da8
21243700ns          370414 1c009546 00028463 beq              x5, x0, 8            x5:00000000
21243839ns          370421 1c00954e 1c000437 lui              x8, 0x1c000000       x8=1c000000
21243859ns          370422 1c009552 02040413 addi             x8, x8, 32           x8=1c000020  x8:1c000000
21243879ns          370423 1c009556 00042403 lw               x8, 0(x8)            x8=3f800000  x8:1c000020  PA:1c000020
21244197ns          370439 1c009558 18647753 fdiv.s           f14, f8, f6         f14=xxxxxxxx  f8:3f800000  f6:3ef01f9c
21244793ns          370469 1c00955c 10e876d3 fmul.s           f13, f16, f14       f13=xxxxxxxx f16:3edeb652 f14:4008768f
21244813ns          370470 1c009560 10e7f7d3 fmul.s           f15, f15, f14       f15=xxxxxxxx f15:3e3389fc f14:4008768f
21244833ns          370471 1c009564 000e2703 lw               x14, 0(x28)         x14=bf06fb60 x28:10000ed0  PA:10000ed0
21244853ns          370472 1c009568 00062803 lw               x16, 0(x12)         x16=be16d8ec x12:10000ee4  PA:10000ee4
21244873ns          370473 1c00956c 10e7f3d3 fmul.s           f7, f15, f14         f7=xxxxxxxx f15:3ebf68e8 f14:bf06fb60
21244913ns          370475 1c009570 1107f2d3 fmul.s           f5, f15, f16         f5=xxxxxxxx f15:3ebf68e8 f16:be16d8ec
21244953ns          370477 1c009574 10f578d3 fmul.s           f17, f10, f15       f17=xxxxxxxx f10:4067bce1 f15:3ebf68e8
21244973ns          370478 1c009578 3906f847 fmsub.s          f16, f13, f16, f7   f16=xxxxxxxx f13:3f6d7000 f16:be16d8ec  f7:be49d9ba
21244992ns          370479 1c00957c 28e6f743 fmadd.s          f14, f13, f14, f5   f14=xxxxxxxx f13:3f6d7000 f14:bf06fb60  f5:bd619352
21245052ns          370482 1c009580 88d5f8c3 fmadd.s          f17, f11, f13, f17  f17=xxxxxxxx f11:414bdfca f13:3f6d7000 f17:3fad44e3
21245092ns          370484 1c009584 01062023 sw               x16, 0(x12)         x16:3d77c3a2 x12:10000ee4  PA:10000ee4
21245112ns          370485 1c009588 00ee2023 sw               x14, 0(x28)         x14:bf0b4afb x28:10000ed0  PA:10000ed0
21245152ns          370487 1c00958c 004e2703 lw               x14, 4(x28)         x14=3d271bbe x28:10000ed0  PA:10000ed4
21245191ns          370489 1c009590 00462803 lw               x16, 4(x12)         x16=3f2fd04e x12:10000ee4  PA:10000ee8
21245231ns          370491 1c009594 10e7f453 fmul.s           f8, f15, f14         f8=xxxxxxxx f15:3ebf68e8 f14:3d271bbe
21245251ns          370492 1c009598 10f873d3 fmul.s           f7, f16, f15         f7=xxxxxxxx f16:3f2fd04e f15:3ebf68e8
21245271ns          370493 1c00959c 10f5f2d3 fmul.s           f5, f11, f15         f5=xxxxxxxx f11:414bdfca f15:3ebf68e8
21245331ns          370496 1c0095a0 40d87847 fmsub.s          f16, f16, f13, f8   f16=xxxxxxxx f16:3f2fd04e f13:3f6d7000  f8:3c79e45b
21245370ns          370498 1c0095a4 38e6f743 fmadd.s          f14, f13, f14, f7   f14=xxxxxxxx f13:3f6d7000 f14:3d271bbe  f7:3e837476
21245390ns          370499 1c0095a8 0069a22b p.sw             x6, 4(x19!)         x19=10000ddc  x6:3ef01f9c x19:10000dd8  PA:10000dd8
21245410ns          370500 1c0095ac 01062223 sw               x16, 4(x12)         x16:3f1f2932 x12:10000ee4  PA:10000ee8
21245470ns          370503 1c0095b0 00ee2223 sw               x14, 4(x28)         x14:3e96d42f x28:10000ed0  PA:10000ed4
21245510ns          370505 1c0095b4 008e2703 lw               x14, 8(x28)         x14=3f15aac9 x28:10000ed0  PA:10000ed8
21245529ns          370506 1c0095b8 00862803 lw               x16, 8(x12)         x16=bf12e3e9 x12:10000ee4  PA:10000eec
21245549ns          370507 1c0095bc 10f773d3 fmul.s           f7, f14, f15         f7=xxxxxxxx f14:3f15aac9 f15:3ebf68e8
21245609ns          370510 1c0095c0 10f875d3 fmul.s           f11, f16, f15       f11=xxxxxxxx f16:bf12e3e9 f15:3ebf68e8
21245649ns          370512 1c0095c4 28d57547 fmsub.s          f10, f10, f13, f5   f10=xxxxxxxx f10:4067bce1 f13:3f6d7000  f5:40986f83
21245669ns          370513 1c0095c8 38d873c7 fmsub.s          f7, f16, f13, f7     f7=xxxxxxxx f16:bf12e3e9 f13:3f6d7000  f7:3e5fcf82
21245689ns          370514 1c0095cc 58d775c3 fmadd.s          f11, f14, f13, f11  f11=xxxxxxxx f14:3f15aac9 f13:3f6d7000 f11:be5ba879
21245748ns          370517 1c0095d0 a1f892d3 flt.s            x5, f17, f31         x5=00000000 f17:4152bffc f31:00000000
21245788ns          370519 1c0095d4 00762423 sw               x7, 8(x12)           x7:bf403123 x12:10000ee4  PA:10000eec
21245808ns          370520 1c0095d8 00ce2703 lw               x14, 12(x28)        x14=bf0a0b00 x28:10000ed0  PA:10000edc
21245828ns          370521 1c0095dc 00be2423 sw               x11, 8(x28)         x11:3ea7ccf1 x28:10000ed0  PA:10000ed8
21245887ns          370524 1c0095e0 00c62383 lw               x7, 12(x12)          x7=be6f260f x12:10000ee4  PA:10000ef0
21245927ns          370526 1c0095e4 10f77453 fmul.s           f8, f14, f15         f8=xxxxxxxx f14:bf0a0b00 f15:3ebf68e8
21245947ns          370527 1c0095e8 10f3f5d3 fmul.s           f11, f7, f15        f11=xxxxxxxx  f7:be6f260f f15:3ebf68e8
21245967ns          370528 1c0095ec 000aa803 lw               x16, 0(x21)         x16=410a95a4 x21:10000dcc  PA:10000dcc
21246027ns          370531 1c0095f0 40d3f3c7 fmsub.s          f7, f7, f13, f8      f7=xxxxxxxx  f7:be6f260f f13:3f6d7000  f8:be4e6d8d
21246067ns          370533 1c0095f4 58d775c3 fmadd.s          f11, f14, f13, f11  f11=xxxxxxxx f14:bf0a0b00 f13:3f6d7000 f11:bdb2cf65
21246086ns          370534 1c0095f8 00a9a023 sw               x10, 0(x19)         x10:bfb3df8e x19:10000ddc  PA:10000ddc
21246126ns          370536 1c0095fc 00762623 sw               x7, 12(x12)          x7:bc7614f9 x12:10000ee4  PA:10000ef0
21246166ns          370538 1c009600 010e2703 lw               x14, 16(x28)        x14=3e97aaa3 x28:10000ed0  PA:10000ee0
21246206ns          370540 1c009604 00be2623 sw               x11, 12(x28)        x11:bf166280 x28:10000ed0  PA:10000edc
21246226ns          370541 1c009608 01062583 lw               x11, 16(x12)        x11=3eb3778d x12:10000ee4  PA:10000ef4
21246246ns          370542 1c00960a 10f773d3 fmul.s           f7, f14, f15         f7=xxxxxxxx f14:3e97aaa3 f15:3ebf68e8
21246305ns          370545 1c00960e 10f5f353 fmul.s           f6, f11, f15         f6=xxxxxxxx f11:3eb3778d f15:3ebf68e8
21246345ns          370547 1c009612 1107f7d3 fmul.s           f15, f15, f16       f15=xxxxxxxx f15:3ebf68e8 f16:410a95a4
21246365ns          370548 1c009616 38d5f5c7 fmsub.s          f11, f11, f13, f7   f11=xxxxxxxx f11:3eb3778d f13:3f6d7000  f7:3de2cced
21246385ns          370549 1c00961a 30d77743 fmadd.s          f14, f14, f13, f6   f14=xxxxxxxx f14:3e97aaa3 f13:3f6d7000  f6:3e062fbd
21246444ns          370552 1c00961e 1106f6d3 fmul.s           f13, f13, f16       f13=xxxxxxxx f13:3f6d7000 f16:410a95a4
21246464ns          370553 1c009622 00b62823 sw               x11, 16(x12)        x11:3e5b81ed x12:10000ee4  PA:10000ef4
21246484ns          370554 1c009624 00ee2823 sw               x14, 16(x28)        x14:3ecfc332 x28:10000ed0  PA:10000ee0
21246504ns          370555 1c009628 01100333 add              x6, x0, x17          x6=4152bffc x17:4152bffc
21246524ns          370556 1c00962a 00028463 beq              x5, x0, 8            x5:00000000
21246643ns          370562 1c009632 a1f79753 flt.s            x14, f15, f31       x14=00000000 f15:404f3cdf f31:00000000
21246663ns          370563 1c009636 420719e3 bne              x14, x0, 3122       x14:00000000
21246683ns          370564 1c00963a 00f00733 add              x14, x0, x15        x14=404f3cdf x15:404f3cdf
21246703ns          370565 1c00963c a0671853 flt.s            x16, f14, f6        x16=00000001 f14:404f3cdf  f6:4152bffc
21246763ns          370568 1c009640 011003b3 add              x7, x0, x17          x7=4152bffc x17:4152bffc
21246802ns          370570 1c009642 00081363 bne              x16, x0, 6          x16:00000001
21246862ns          370573 1c009648 006772d3 fadd.s           f5, f14, f6          f5=xxxxxxxx f14:404f3cdf  f6:4152bffc
21246882ns          370574 1c00964c a1f2a5d3 feq.s            x11, f5, f31        x11=00000000  f5:4183479a f31:00000000
21246942ns          370577 1c009650 3a0593e3 bne              x11, x0, 2982       x11:00000000
21246981ns          370579 1c009654 1c000437 lui              x8, 0x1c000000       x8=1c000000
21247001ns          370580 1c009658 02040413 addi             x8, x8, 32           x8=1c000020  x8:1c000000
21247021ns          370581 1c00965c 00042403 lw               x8, 0(x8)            x8=3f800000  x8:1c000020  PA:1c000020
21247359ns          370598 1c00965e 185475d3 fdiv.s           f11, f8, f5         f11=xxxxxxxx  f8:3f800000  f5:4183479a
21247698ns          370615 1c009662 10e5f753 fmul.s           f14, f11, f14       f14=xxxxxxxx f11:3d799abf f14:404f3cdf
21247717ns          370616 1c009666 a1f393d3 flt.s            x7, f7, f31          x7=00000000  f7:4152bffc f31:00000000
21247737ns          370617 1c00966a 1065f5d3 fmul.s           f11, f11, f6        f11=xxxxxxxx f11:3d799abf  f6:4152bffc
21247757ns          370618 1c00966e 10e77753 fmul.s           f14, f14, f14       f14=xxxxxxxx f14:3e4a0f7a f14:3e4a0f7a
21247777ns          370619 1c009672 70b5f743 fmadd.s          f14, f11, f11, f14  f14=xxxxxxxx f11:3f4d7c21 f11:3f4d7c21 f14:3d1f7c6d
21247797ns          370620 1c009676 58077353 fsqrt.s          f6, f14              f6=xxxxxxxx f14:3f2ee7d0
21248811ns          370671 1c00967a 10537353 fmul.s           f6, f6, f5           f6=xxxxxxxx  f6:3f539a5c  f5:4183479a
21248831ns          370672 1c00967e 00038463 beq              x7, x0, 8            x7:00000000
21248911ns          370676 1c009686 1c0004b7 lui              x9, 0x1c000000       x9=1c000000
21248931ns          370677 1c00968a 02048493 addi             x9, x9, 32           x9=1c000020  x9:1c000000
21248951ns          370678 1c00968e 0004a483 lw               x9, 0(x9)            x9=3f800000  x9:1c000020  PA:1c000020
21249309ns          370696 1c009690 1864f753 fdiv.s           f14, f9, f6         f14=xxxxxxxx  f9:3f800000  f6:41590658
21249925ns          370727 1c009694 111778d3 fmul.s           f17, f14, f17       f17=xxxxxxxx f14:3d96fcc4 f17:4152bffc
21249945ns          370728 1c009698 10f77753 fmul.s           f14, f14, f15       f14=xxxxxxxx f14:3d96fcc4 f15:404f3cdf
21249965ns          370729 1c00969c 10a8f853 fmul.s           f16, f17, f10       f16=xxxxxxxx f17:3f789928 f10:bfb3df8e
21249985ns          370730 1c0096a0 20e71bd3 fsgnjn.s         f23, f14, f14       f23=xxxxxxxx f14:3e747493 f14:3e747493
21250005ns          370731 1c0096a4 000ea783 lw               x15, 0(x29)         x15=be59b9e1 x29:10000f34  PA:10000f34
21250025ns          370732 1c0096a8 000f2383 lw               x7, 0(x30)           x7=3e85ea55 x30:10000f48  PA:10000f48
21250045ns          370733 1c0096ac 10e7f453 fmul.s           f8, f15, f14         f8=xxxxxxxx f15:be59b9e1 f14:3e747493
21250084ns          370735 1c0096b0 10e3f2d3 fmul.s           f5, f7, f14          f5=xxxxxxxx  f7:3e85ea55 f14:3e747493
21250124ns          370737 1c0096b4 006b222b p.sw             x6, 4(x22!)         x22=10000dcc  x6:41590658 x22:10000dc8  PA:10000dc8
21250144ns          370738 1c0096b8 4113f3c7 fmsub.s          f7, f7, f17, f8      f7=xxxxxxxx  f7:3e85ea55 f17:3f789928  f8:bd4fe850
21250164ns          370739 1c0096bc 2917f2c3 fmadd.s          f5, f15, f17, f5     f5=xxxxxxxx f15:be59b9e1 f17:3f789928  f5:3d7fc0a8
21250224ns          370742 1c0096c0 10d8f5d3 fmul.s           f11, f17, f13       f11=xxxxxxxx f17:3f789928 f13:4100892a
21250263ns          370744 1c0096c4 007f2023 sw               x7, 0(x30)           x7:3e9c082a x30:10000f48  PA:10000f48
21250283ns          370745 1c0096c8 005ea023 sw               x5, 0(x29)           x5:be137e2a x29:10000f34  PA:10000f34
21250303ns          370746 1c0096cc 004ea283 lw               x5, 4(x29)           x5=bd53e665 x29:10000f34  PA:10000f38
21250363ns          370749 1c0096d0 004f2383 lw               x7, 4(x30)           x7=3f212497 x30:10000f48  PA:10000f4c
21250403ns          370751 1c0096d4 10e2f4d3 fmul.s           f9, f5, f14          f9=xxxxxxxx  f5:bd53e665 f14:3e747493
21250423ns          370752 1c0096d8 10e3f453 fmul.s           f8, f7, f14          f8=xxxxxxxx  f7:3f212497 f14:3e747493
21250442ns          370753 1c0096dc 80d77843 fmadd.s          f16, f14, f13, f16  f16=xxxxxxxx f14:3e747493 f13:4100892a f16:bfaeac2e
21250502ns          370756 1c0096e0 4913f3c7 fmsub.s          f7, f7, f17, f9      f7=xxxxxxxx  f7:3f212497 f17:3f789928  f9:bc4a5816
21250542ns          370758 1c0096e4 4112f2c3 fmadd.s          f5, f5, f17, f8      f5=xxxxxxxx  f5:bd53e665 f17:3f789928  f8:3e19e041
21250562ns          370759 1c0096e8 000a2783 lw               x15, 0(x20)         x15=c09fbd07 x20:10000de0  PA:10000de0
21250582ns          370760 1c0096ec 007f2223 sw               x7, 4(x30)           x7:3f1fa53b x30:10000f48  PA:10000f4c
21250900ns          370776 1c0096f0 005ea223 sw               x5, 4(x29)           x5:3dccdd86 x29:10000f34  PA:10000f38
21250940ns          370778 1c0096f4 008ea283 lw               x5, 8(x29)           x5=3f39d715 x29:10000f34  PA:10000f3c
21250960ns          370779 1c0096f8 008f2383 lw               x7, 8(x30)           x7=becd1d17 x30:10000f48  PA:10000f50
21250980ns          370780 1c0096fc 10e2f4d3 fmul.s           f9, f5, f14          f9=xxxxxxxx  f5:3f39d715 f14:3e747493
21251417ns          370802 1c009700 10e3f453 fmul.s           f8, f7, f14          f8=xxxxxxxx  f7:becd1d17 f14:3e747493
21251457ns          370804 1c009704 58abf5c3 fmadd.s          f11, f23, f10, f11  f11=xxxxxxxx f23:be747493 f10:bfb3df8e f11:40f9a38d
21251477ns          370805 1c009708 4913f3c7 fmsub.s          f7, f7, f17, f9      f7=xxxxxxxx  f7:becd1d17 f17:3f789928  f9:3e3175a0
21251497ns          370806 1c00970c 4112f2c3 fmadd.s          f5, f5, f17, f8      f5=xxxxxxxx  f5:3f39d715 f17:3f789928  f8:bdc3dd21
21251556ns          370809 1c009710 1117f553 fmul.s           f10, f15, f17       f10=xxxxxxxx f15:c09fbd07 f17:3f789928
21251596ns          370811 1c009714 007f2423 sw               x7, 8(x30)           x7:bf0ff4da x30:10000f48  PA:10000f50
21251616ns          370812 1c009718 00cea303 lw               x6, 12(x29)          x6=bf17db09 x29:10000f34  PA:10000f40
21251636ns          370813 1c00971c 005ea423 sw               x5, 8(x29)           x5:3f1bfbe7 x29:10000f34  PA:10000f3c
21251696ns          370816 1c009720 00cf2283 lw               x5, 12(x30)          x5=bf1bd1d5 x30:10000f48  PA:10000f54
21251735ns          370818 1c009724 10e37453 fmul.s           f8, f6, f14          f8=xxxxxxxx  f6:bf17db09 f14:3e747493
21251755ns          370819 1c009728 10e2f3d3 fmul.s           f7, f5, f14          f7=xxxxxxxx  f5:bf1bd1d5 f14:3e747493
21251775ns          370820 1c00972c 014f0f13 addi             x30, x30, 20        x30=10000f5c x30:10000f48
21251835ns          370823 1c00972e 4112f2c7 fmsub.s          f5, f5, f17, f8      f5=xxxxxxxx  f5:bf1bd1d5 f17:3f789928  f8:be1101eb
21251875ns          370825 1c009732 39137343 fmadd.s          f6, f6, f17, f7      f6=xxxxxxxx  f6:bf17db09 f17:3f789928  f7:be14caf4
21251894ns          370826 1c009736 00baa22b p.sw             x11, 4(x21!)        x21=10000dd0 x11:41022fde x21:10000dcc  PA:10000dcc
21251914ns          370827 1c00973a fe5f2c23 sw               x5, -8(x30)          x5:bee62009 x30:10000f5c  PA:10000f54
21252352ns          370849 1c00973e 010ea683 lw               x13, 16(x29)        x13=3e8a948c x29:10000f34  PA:10000f44
21252392ns          370851 1c009742 006ea623 sw               x6, 12(x29)          x6:bf38a9c7 x29:10000f34  PA:10000f40
21252412ns          370852 1c009746 ffcf2303 lw               x6, -4(x30)          x6=3d87c1e1 x30:10000f5c  PA:10000f58
21252432ns          370853 1c00974a 10e6f3d3 fmul.s           f7, f13, f14         f7=xxxxxxxx f13:3e8a948c f14:3e747493
21252491ns          370856 1c00974e 10e372d3 fmul.s           f5, f6, f14          f5=xxxxxxxx  f6:3d87c1e1 f14:3e747493
21252531ns          370858 1c009752 00aa222b p.sw             x10, 4(x20!)        x20=10000de4 x10:c09b1eb0 x20:10000de0  PA:10000de0
21252551ns          370859 1c009756 39137347 fmsub.s          f6, f6, f17, f7      f6=xxxxxxxx  f6:3d87c1e1 f17:3f789928  f7:3d8454b0
21252571ns          370860 1c00975a 2916f8c3 fmadd.s          f17, f13, f17, f5   f17=xxxxxxxx f13:3e8a948c f17:3f789928  f5:3c81a29c
21252591ns          370861 1c00975e 01460613 addi             x12, x12, 20        x12=10000ef8 x12:10000ee4
21252630ns          370863 1c009760 fe6f2e23 sw               x6, -4(x30)          x6:b97f4be4 x30:10000f5c  PA:10000f58
21252670ns          370865 1c009764 011ea823 sw               x17, 16(x29)        x17:3e8eacfa x29:10000f34  PA:10000f44
21252690ns          370866 1c009768 014e0e13 addi             x28, x28, 20        x28=10000ee4 x28:10000ed0
21252710ns          370867 1c00976a 014e8e93 addi             x29, x29, 20        x29=10000f48 x29:10000f34
21252730ns          370868 1c00976c 10e7f7d3 fmul.s           f15, f15, f14       f15=xxxxxxxx f15:c09fbd07 f14:3e747493
21252809ns          370872 1c0094ec a1f81753 flt.s            x14, f16, f31       x14=00000000 f16:3f0d9cb4 f31:00000000
21252869ns          370875 1c0094f0 010002b3 add              x5, x0, x16          x5=3f0d9cb4 x16:3f0d9cb4
21252889ns          370876 1c0094f2 00070363 beq              x14, x0, 6          x14:00000000
21252949ns          370879 1c0094f8 a1f79753 flt.s            x14, f15, f31       x14=00000001 f15:bf9888e8 f31:00000000
21252969ns          370880 1c0094fc 00f006b3 add              x13, x0, x15        x13=bf9888e8 x15:bf9888e8
21252988ns          370881 1c0094fe 00070363 beq              x14, x0, 6          x14:00000001
21253008ns          370882 1c009500 20f796d3 fsgnjn.s         f13, f15, f15       f13=xxxxxxxx f15:bf9888e8 f15:bf9888e8
21253028ns          370883 1c009504 a0569753 flt.s            x14, f13, f5        x14=00000000 f13:3f9888e8  f5:3f0d9cb4
21253048ns          370884 1c009508 01000333 add              x6, x0, x16          x6=3f0d9cb4 x16:3f0d9cb4
21253068ns          370885 1c00950a 00071263 bne              x14, x0, 4          x14:00000000
21253088ns          370886 1c00950c 00f00333 add              x6, x0, x15          x6=bf9888e8 x15:bf9888e8
21253108ns          370887 1c00950e 0056f753 fadd.s           f14, f13, f5        f14=xxxxxxxx f13:3f9888e8  f5:3f0d9cb4
21253128ns          370888 1c009512 a1f728d3 feq.s            x17, f14, f31       x17=00000000 f14:3fdf5742 f31:00000000
21253148ns          370889 1c009516 52089be3 bne              x17, x0, 3382       x17:00000000
21253168ns          370890 1c00951a 1c0003b7 lui              x7, 0x1c000000       x7=1c000000
21253187ns          370891 1c00951e 02038393 addi             x7, x7, 32           x7=1c000020  x7:1c000000
21253207ns          370892 1c009522 0003a383 lw               x7, 0(x7)            x7=3f800000  x7:1c000020  PA:1c000020
21253545ns          370909 1c009526 18e3f8d3 fdiv.s           f17, f7, f14        f17=xxxxxxxx  f7:3f800000 f14:3fdf5742
21253824ns          370923 1c00952a 10d8f6d3 fmul.s           f13, f17, f13       f13=xxxxxxxx f17:3f12b7ab f13:3f9888e8
21253844ns          370924 1c00952e 1058f8d3 fmul.s           f17, f17, f5        f17=xxxxxxxx f17:3f12b7ab  f5:3f0d9cb4
21253864ns          370925 1c009532 a1f312d3 flt.s            x5, f6, f31          x5=00000001  f6:bf9888e8 f31:00000000
21253884ns          370926 1c009536 10d6f6d3 fmul.s           f13, f13, f13       f13=xxxxxxxx f13:3f2ed708 f13:3f2ed708
21253903ns          370927 1c00953a 6918f6c3 fmadd.s          f13, f17, f17, f13  f13=xxxxxxxx f17:3ea251f1 f17:3ea251f1 f13:3eeed207
21253963ns          370930 1c00953e 5806f353 fsqrt.s          f6, f13              f6=xxxxxxxx f13:3f1123f7
21255216ns          370993 1c009542 10e37353 fmul.s           f6, f6, f14          f6=xxxxxxxx  f6:3f40c242 f14:3fdf5742
21255236ns          370994 1c009546 00028463 beq              x5, x0, 8            x5:00000001
21255256ns          370995 1c00954a 20631353 fsgnjn.s         f6, f6, f6           f6=xxxxxxxx  f6:3fa82aeb  f6:3fa82aeb
21255276ns          370996 1c00954e 1c000437 lui              x8, 0x1c000000       x8=1c000000
21255296ns          370997 1c009552 02040413 addi             x8, x8, 32           x8=1c000020  x8:1c000000
21255316ns          370998 1c009556 00042403 lw               x8, 0(x8)            x8=3f800000  x8:1c000020  PA:1c000020
21255654ns          371015 1c009558 18647753 fdiv.s           f14, f8, f6         f14=xxxxxxxx  f8:3f800000  f6:bfa82aeb
21256330ns          371049 1c00955c 10e876d3 fmul.s           f13, f16, f14       f13=xxxxxxxx f16:3f0d9cb4 f14:bf42da6a
21256350ns          371050 1c009560 10e7f7d3 fmul.s           f15, f15, f14       f15=xxxxxxxx f15:bf9888e8 f14:bf42da6a
21256370ns          371051 1c009564 000e2703 lw               x14, 0(x28)         x14=3d77c3a2 x28:10000ee4  PA:10000ee4
21256390ns          371052 1c009568 00062803 lw               x16, 0(x12)         x16=bf2fbfe9 x12:10000ef8  PA:10000ef8
21256410ns          371053 1c00956c 10e7f3d3 fmul.s           f7, f15, f14         f7=xxxxxxxx f15:3f6833c7 f14:3d77c3a2
21256469ns          371056 1c009570 1107f2d3 fmul.s           f5, f15, f16         f5=xxxxxxxx f15:3f6833c7 f16:bf2fbfe9
21256509ns          371058 1c009574 10f578d3 fmul.s           f17, f10, f15       f17=xxxxxxxx f10:c09b1eb0 f15:3f6833c7
21256529ns          371059 1c009578 3906f847 fmsub.s          f16, f13, f16, f7   f16=xxxxxxxx f13:bed79325 f16:bf2fbfe9  f7:3d60bb67
21256549ns          371060 1c00957c 28e6f743 fmadd.s          f14, f13, f14, f5   f14=xxxxxxxx f13:bed79325 f14:3d77c3a2  f5:bf1f6977
21256609ns          371063 1c009580 88d5f8c3 fmadd.s          f17, f11, f13, f17  f17=xxxxxxxx f11:41022fde f13:bed79325 f17:c08cb32f
21256648ns          371065 1c009584 01062023 sw               x16, 0(x12)         x16:3e6fcf89 x12:10000ef8  PA:10000ef8
21256668ns          371066 1c009588 00ee2023 sw               x14, 0(x28)         x14:bf25ee95 x28:10000ee4  PA:10000ee4
21256688ns          371067 1c00958c 004e2703 lw               x14, 4(x28)         x14=3f1f2932 x28:10000ee4  PA:10000ee8
21256748ns          371070 1c009590 00462803 lw               x16, 4(x12)         x16=be1a5725 x12:10000ef8  PA:10000efc
21256788ns          371072 1c009594 10e7f453 fmul.s           f8, f15, f14         f8=xxxxxxxx f15:3f6833c7 f14:3f1f2932
21256808ns          371073 1c009598 10f873d3 fmul.s           f7, f16, f15         f7=xxxxxxxx f16:be1a5725 f15:3f6833c7
21256827ns          371074 1c00959c 10f5f2d3 fmul.s           f5, f11, f15         f5=xxxxxxxx f11:41022fde f15:3f6833c7
21256887ns          371077 1c0095a0 40d87847 fmsub.s          f16, f16, f13, f8   f16=xxxxxxxx f16:be1a5725 f13:bed79325  f8:3f105d86
21256927ns          371079 1c0095a4 38e6f743 fmadd.s          f14, f13, f14, f7   f14=xxxxxxxx f13:bed79325 f14:3f1f2932  f7:be0bfe31
21256947ns          371080 1c0095a8 0069a22b p.sw             x6, 4(x19!)         x19=10000de0  x6:bfa82aeb x19:10000ddc  PA:10000ddc
21256967ns          371081 1c0095ac 01062223 sw               x16, 4(x12)         x16:bf001e89 x12:10000ef8  PA:10000efc
21256987ns          371082 1c0095b0 00ee2223 sw               x14, 4(x28)         x14:becc062d x28:10000ee4  PA:10000ee8
21257006ns          371083 1c0095b4 008e2703 lw               x14, 8(x28)         x14=bf403123 x28:10000ee4  PA:10000eec
21257026ns          371084 1c0095b8 00862803 lw               x16, 8(x12)         x16=bdfece4d x12:10000ef8  PA:10000f00
21257046ns          371085 1c0095bc 10f773d3 fmul.s           f7, f14, f15         f7=xxxxxxxx f14:bf403123 f15:3f6833c7
21257106ns          371088 1c0095c0 10f875d3 fmul.s           f11, f16, f15       f11=xxxxxxxx f16:bdfece4d f15:3f6833c7
21257146ns          371090 1c0095c4 28d57547 fmsub.s          f10, f10, f13, f5   f10=xxxxxxxx f10:c09b1eb0 f13:bed79325  f5:40ec2b6c
21257166ns          371091 1c0095c8 38d873c7 fmsub.s          f7, f16, f13, f7     f7=xxxxxxxx f16:bdfece4d f13:bed79325  f7:bf2e5367
21257185ns          371092 1c0095cc 58d775c3 fmadd.s          f11, f14, f13, f11  f11=xxxxxxxx f14:bf403123 f13:bed79325 f11:bde71e7f
21257265ns          371096 1c0095d0 a1f892d3 flt.s            x5, f17, f31         x5=00000001 f17:c0fa5437 f31:00000000
21257305ns          371098 1c0095d4 00762423 sw               x7, 8(x12)           x7:3f3bbc82 x12:10000ef8  PA:10000f00
21257325ns          371099 1c0095d8 00ce2703 lw               x14, 12(x28)        x14=bc7614f9 x28:10000ee4  PA:10000ef0
21257345ns          371100 1c0095dc 00be2423 sw               x11, 8(x28)         x11:3e502039 x28:10000ee4  PA:10000eec
21257404ns          371103 1c0095e0 00c62383 lw               x7, 12(x12)          x7=3f285235 x12:10000ef8  PA:10000f04
21257444ns          371105 1c0095e4 10f77453 fmul.s           f8, f14, f15         f8=xxxxxxxx f14:bc7614f9 f15:3f6833c7
21257464ns          371106 1c0095e8 10f3f5d3 fmul.s           f11, f7, f15        f11=xxxxxxxx  f7:3f285235 f15:3f6833c7
21257484ns          371107 1c0095ec 000aa803 lw               x16, 0(x21)         x16=4097490f x21:10000dd0  PA:10000dd0
21257543ns          371110 1c0095f0 40d3f3c7 fmsub.s          f7, f7, f13, f8      f7=xxxxxxxx  f7:3f285235 f13:bed79325  f8:bc5f34c7
21257583ns          371112 1c0095f4 58d775c3 fmadd.s          f11, f14, f13, f11  f11=xxxxxxxx f14:bc7614f9 f13:bed79325 f11:3f18ac8b
21257603ns          371113 1c0095f8 00a9a023 sw               x10, 0(x19)         x10:c0aadb75 x19:10000de0  PA:10000de0
21257623ns          371114 1c0095fc 00762623 sw               x7, 12(x12)          x7:be86c424 x12:10000ef8  PA:10000f04
21257683ns          371117 1c009600 010e2703 lw               x14, 16(x28)        x14=3e5b81ed x28:10000ee4  PA:10000ef4
21257722ns          371119 1c009604 00be2623 sw               x11, 12(x28)        x11:3f1a4afd x28:10000ee4  PA:10000ef0
21257742ns          371120 1c009608 01062583 lw               x11, 16(x12)        x11=3e76fd87 x12:10000ef8  PA:10000f08
21257762ns          371121 1c00960a 10f773d3 fmul.s           f7, f14, f15         f7=xxxxxxxx f14:3e5b81ed f15:3f6833c7
21257822ns          371124 1c00960e 10f5f353 fmul.s           f6, f11, f15         f6=xxxxxxxx f11:3e76fd87 f15:3f6833c7
21257862ns          371126 1c009612 1107f7d3 fmul.s           f15, f15, f16       f15=xxxxxxxx f15:3f6833c7 f16:4097490f
21257882ns          371127 1c009616 38d5f5c7 fmsub.s          f11, f11, f13, f7   f11=xxxxxxxx f11:3e76fd87 f13:bed79325  f7:3e471a24
21257902ns          371128 1c00961a 30d77743 fmadd.s          f14, f14, f13, f6   f14=xxxxxxxx f14:3e5b81ed f13:bed79325  f6:3e6007b7
21257961ns          371131 1c00961e 1106f6d3 fmul.s           f13, f13, f16       f13=xxxxxxxx f13:bed79325 f16:4097490f
21257981ns          371132 1c009622 00b62823 sw               x11, 16(x12)        x11:be978c4b x12:10000ef8  PA:10000f08
21258001ns          371133 1c009624 00ee2823 sw               x14, 16(x28)        x14:3e039b92 x28:10000ee4  PA:10000ef4
21258021ns          371134 1c009628 01100333 add              x6, x0, x17          x6=c0fa5437 x17:c0fa5437
21258041ns          371135 1c00962a 00028463 beq              x5, x0, 8            x5:00000001
21258120ns          371139 1c00962e 21189353 fsgnjn.s         f6, f17, f17         f6=xxxxxxxx f17:c0fa5437 f17:c0fa5437
21258160ns          371141 1c009632 a1f79753 flt.s            x14, f15, f31       x14=00000000 f15:408938cf f31:00000000
21258180ns          371142 1c009636 420719e3 bne              x14, x0, 3122       x14:00000000
21258200ns          371143 1c00963a 00f00733 add              x14, x0, x15        x14=408938cf x15:408938cf
21258220ns          371144 1c00963c a0671853 flt.s            x16, f14, f6        x16=00000001 f14:408938cf  f6:40fa5437
21258260ns          371146 1c009640 011003b3 add              x7, x0, x17          x7=c0fa5437 x17:c0fa5437
21258299ns          371148 1c009642 00081363 bne              x16, x0, 6          x16:00000001
21258359ns          371151 1c009648 006772d3 fadd.s           f5, f14, f6          f5=xxxxxxxx f14:408938cf  f6:40fa5437
21258379ns          371152 1c00964c a1f2a5d3 feq.s            x11, f5, f31        x11=00000000  f5:4141c683 f31:00000000
21258439ns          371155 1c009650 3a0593e3 bne              x11, x0, 2982       x11:00000000
21258478ns          371157 1c009654 1c000437 lui              x8, 0x1c000000       x8=1c000000
21258498ns          371158 1c009658 02040413 addi             x8, x8, 32           x8=1c000020  x8:1c000000
21258518ns          371159 1c00965c 00042403 lw               x8, 0(x8)            x8=3f800000  x8:1c000020  PA:1c000020
21258856ns          371176 1c00965e 185475d3 fdiv.s           f11, f8, f5         f11=xxxxxxxx  f8:3f800000  f5:4141c683
21259294ns          371198 1c009662 10e5f753 fmul.s           f14, f11, f14       f14=xxxxxxxx f11:3da91a5c f14:408938cf
21259314ns          371199 1c009666 a1f393d3 flt.s            x7, f7, f31          x7=00000001  f7:c0fa5437 f31:00000000
21259334ns          371200 1c00966a 1065f5d3 fmul.s           f11, f11, f6        f11=xxxxxxxx f11:3da91a5c  f6:40fa5437
21259354ns          371201 1c00966e 10e77753 fmul.s           f14, f14, f14       f14=xxxxxxxx f14:3eb54943 f14:3eb54943
21259393ns          371203 1c009672 70b5f743 fmadd.s          f14, f11, f11, f14  f14=xxxxxxxx f11:3f255b5f f11:3f255b5f f14:3e0060ae
21259413ns          371204 1c009676 58077353 fsqrt.s          f6, f14              f6=xxxxxxxx f14:3f0ae715
21260408ns          371254 1c00967a 10537353 fmul.s           f6, f6, f5           f6=xxxxxxxx  f6:3f3c9237  f5:4141c683
21260428ns          371255 1c00967e 00038463 beq              x7, x0, 8            x7:00000001
21260448ns          371256 1c009682 20631353 fsgnjn.s         f6, f6, f6           f6=xxxxxxxx  f6:410ebc75  f6:410ebc75
21260467ns          371257 1c009686 1c0004b7 lui              x9, 0x1c000000       x9=1c000000
21260487ns          371258 1c00968a 02048493 addi             x9, x9, 32           x9=1c000020  x9:1c000000
21260507ns          371259 1c00968e 0004a483 lw               x9, 0(x9)            x9=3f800000  x9:1c000020  PA:1c000020
21260845ns          371276 1c009690 1864f753 fdiv.s           f14, f9, f6         f14=xxxxxxxx  f9:3f800000  f6:c10ebc75
21261522ns          371310 1c009694 111778d3 fmul.s           f17, f14, f17       f17=xxxxxxxx f14:bde59207 f17:c0fa5437
21261542ns          371311 1c009698 10f77753 fmul.s           f14, f14, f15       f14=xxxxxxxx f14:bde59207 f15:408938cf
21261561ns          371312 1c00969c 10a8f853 fmul.s           f16, f17, f10       f16=xxxxxxxx f17:3f607c20 f10:c0aadb75
21261581ns          371313 1c0096a0 20e71bd3 fsgnjn.s         f23, f14, f14       f23=xxxxxxxx f14:bef61c2f f14:bef61c2f
21261601ns          371314 1c0096a4 000ea783 lw               x15, 0(x29)         x15=3e9c082a x29:10000f48  PA:10000f48
21261621ns          371315 1c0096a8 000f2383 lw               x7, 0(x30)           x7=be9f7747 x30:10000f5c  PA:10000f5c
21261641ns          371316 1c0096ac 10e7f453 fmul.s           f8, f15, f14         f8=xxxxxxxx f15:3e9c082a f14:bef61c2f
21261661ns          371317 1c0096b0 10e3f2d3 fmul.s           f5, f7, f14          f5=xxxxxxxx  f7:be9f7747 f14:bef61c2f
21261681ns          371318 1c0096b4 006b222b p.sw             x6, 4(x22!)         x22=10000dd0  x6:c10ebc75 x22:10000dcc  PA:10000dcc
21261701ns          371319 1c0096b8 4113f3c7 fmsub.s          f7, f7, f17, f8      f7=xxxxxxxx  f7:be9f7747 f17:3f607c20  f8:be160106
21261721ns          371320 1c0096bc 2917f2c3 fmadd.s          f5, f15, f17, f5     f5=xxxxxxxx f15:3e9c082a f17:3f607c20  f5:3e194e2d
21261760ns          371322 1c0096c0 10d8f5d3 fmul.s           f11, f17, f13       f11=xxxxxxxx f17:3f607c20 f13:bffecaa1
21261800ns          371324 1c0096c4 007f2023 sw               x7, 0(x30)           x7:be01aa5a x30:10000f5c  PA:10000f5c
21261820ns          371325 1c0096c8 005ea023 sw               x5, 0(x29)           x5:3ed579e3 x29:10000f48  PA:10000f48
21261840ns          371326 1c0096cc 004ea283 lw               x5, 4(x29)           x5=3f1fa53b x29:10000f48  PA:10000f4c
21261900ns          371329 1c0096d0 004f2383 lw               x7, 4(x30)           x7=be473890 x30:10000f5c  PA:10000f60
21261939ns          371331 1c0096d4 10e2f4d3 fmul.s           f9, f5, f14          f9=xxxxxxxx  f5:3f1fa53b f14:bef61c2f
21261959ns          371332 1c0096d8 10e3f453 fmul.s           f8, f7, f14          f8=xxxxxxxx  f7:be473890 f14:bef61c2f
21261979ns          371333 1c0096dc 80d77843 fmadd.s          f16, f14, f13, f16  f16=xxxxxxxx f14:bef61c2f f13:bffecaa1 f16:c095d2de
21261999ns          371334 1c0096e0 4913f3c7 fmsub.s          f7, f7, f17, f9      f7=xxxxxxxx  f7:be473890 f17:3f607c20  f9:be997a5a
21262019ns          371335 1c0096e4 4112f2c3 fmadd.s          f5, f5, f17, f8      f5=xxxxxxxx  f5:3f1fa53b f17:3f607c20  f8:3dbf8649
21262039ns          371336 1c0096e8 000a2783 lw               x15, 0(x20)         x15=bf856062 x20:10000de4  PA:10000de4
21262059ns          371337 1c0096ec 007f2223 sw               x7, 4(x30)           x7:3e04429e x30:10000f5c  PA:10000f60
21262118ns          371340 1c0096f0 005ea223 sw               x5, 4(x29)           x5:3f23eec5 x29:10000f48  PA:10000f4c
21262158ns          371342 1c0096f4 008ea283 lw               x5, 8(x29)           x5=bf0ff4da x29:10000f48  PA:10000f50
21262178ns          371343 1c0096f8 008f2383 lw               x7, 8(x30)           x7=becd6b43 x30:10000f5c  PA:10000f64
21262198ns          371344 1c0096fc 10e2f4d3 fmul.s           f9, f5, f14          f9=xxxxxxxx  f5:bf0ff4da f14:bef61c2f
21262218ns          371345 1c009700 10e3f453 fmul.s           f8, f7, f14          f8=xxxxxxxx  f7:becd6b43 f14:bef61c2f
21262238ns          371346 1c009704 58abf5c3 fmadd.s          f11, f23, f10, f11  f11=xxxxxxxx f23:3ef61c2f f10:c0aadb75 f11:bfdf6cd7
21262258ns          371347 1c009708 4913f3c7 fmsub.s          f7, f7, f17, f9      f7=xxxxxxxx  f7:becd6b43 f17:3f607c20  f9:3e8a6523
21262277ns          371348 1c00970c 4112f2c3 fmadd.s          f5, f5, f17, f8      f5=xxxxxxxx  f5:bf0ff4da f17:3f607c20  f8:3e457bb0
21262297ns          371349 1c009710 1117f553 fmul.s           f10, f15, f17       f10=xxxxxxxx f15:bf856062 f17:3f607c20
21262317ns          371350 1c009714 007f2423 sw               x7, 8(x30)           x7:bf1f434c x30:10000f5c  PA:10000f64
21262337ns          371351 1c009718 00cea303 lw               x6, 12(x29)          x6=bee62009 x29:10000f48  PA:10000f54
21262357ns          371352 1c00971c 005ea423 sw               x5, 8(x29)           x5:be99ba3f x29:10000f48  PA:10000f50
21262417ns          371355 1c009720 00cf2283 lw               x5, 12(x30)          x5=3ca70e4d x30:10000f5c  PA:10000f68
21262456ns          371357 1c009724 10e37453 fmul.s           f8, f6, f14          f8=xxxxxxxx  f6:bee62009 f14:bef61c2f
21262476ns          371358 1c009728 10e2f3d3 fmul.s           f7, f5, f14          f7=xxxxxxxx  f5:3ca70e4d f14:bef61c2f
21262496ns          371359 1c00972c 014f0f13 addi             x30, x30, 20        x30=10000f70 x30:10000f5c
21262516ns          371360 1c00972e 4112f2c7 fmsub.s          f5, f5, f17, f8      f5=xxxxxxxx  f5:3ca70e4d f17:3f607c20  f8:3e5d3c1e
21262536ns          371361 1c009732 39137343 fmadd.s          f6, f6, f17, f7      f6=xxxxxxxx  f6:bee62009 f17:3f607c20  f7:bc209a22
21262556ns          371362 1c009736 00baa22b p.sw             x11, 4(x21!)        x21=10000dd4 x11:c089fc0f x21:10000dd0  PA:10000dd0
21262576ns          371363 1c00973a fe5f2c23 sw               x5, -8(x30)          x5:be4aec6e x30:10000f70  PA:10000f68
21262596ns          371364 1c00973e 010ea683 lw               x13, 16(x29)        x13=b97f4be4 x29:10000f48  PA:10000f58
21262616ns          371365 1c009742 006ea623 sw               x6, 12(x29)          x6:beced06d x29:10000f48  PA:10000f54
21262636ns          371366 1c009746 ffcf2303 lw               x6, -4(x30)          x6=3f56c26a x30:10000f70  PA:10000f6c
21262655ns          371367 1c00974a 10e6f3d3 fmul.s           f7, f13, f14         f7=xxxxxxxx f13:b97f4be4 f14:bef61c2f
21262715ns          371370 1c00974e 10e372d3 fmul.s           f5, f6, f14          f5=xxxxxxxx  f6:3f56c26a f14:bef61c2f
21262755ns          371372 1c009752 00aa222b p.sw             x10, 4(x20!)        x20=10000de8 x10:bf69ea02 x20:10000de4  PA:10000de4
21262775ns          371373 1c009756 39137347 fmsub.s          f6, f6, f17, f7      f6=xxxxxxxx  f6:3f56c26a f17:3f607c20  f7:38f56f08
21262795ns          371374 1c00975a 2916f8c3 fmadd.s          f17, f13, f17, f5   f17=xxxxxxxx f13:b97f4be4 f17:3f607c20  f5:bece7677
21262815ns          371375 1c00975e 01460613 addi             x12, x12, 20        x12=10000f0c x12:10000ef8
21262854ns          371377 1c009760 fe6f2e23 sw               x6, -4(x30)          x6:3f3c4a92 x30:10000f70  PA:10000f6c
21262894ns          371379 1c009764 011ea823 sw               x17, 16(x29)        x17:bece9273 x29:10000f48  PA:10000f58
21262914ns          371380 1c009768 014e0e13 addi             x28, x28, 20        x28=10000ef8 x28:10000ee4
21262934ns          371381 1c00976a 014e8e93 addi             x29, x29, 20        x29=10000f5c x29:10000f48
21262954ns          371382 1c00976c 10e7f7d3 fmul.s           f15, f15, f14       f15=xxxxxxxx f15:bf856062 f14:bef61c2f
21263013ns          371385 1c0094ec a1f81753 flt.s            x14, f16, f31       x14=00000001 f16:c06e690b f31:00000000
21263053ns          371387 1c0094f0 010002b3 add              x5, x0, x16          x5=c06e690b x16:c06e690b
21263073ns          371388 1c0094f2 00070363 beq              x14, x0, 6          x14:00000001
21263093ns          371389 1c0094f4 210812d3 fsgnjn.s         f5, f16, f16         f5=xxxxxxxx f16:c06e690b f16:c06e690b
21263113ns          371390 1c0094f8 a1f79753 flt.s            x14, f15, f31       x14=00000000 f15:3f00394d f31:00000000
21263133ns          371391 1c0094fc 00f006b3 add              x13, x0, x15        x13=3f00394d x15:3f00394d
21263153ns          371392 1c0094fe 00070363 beq              x14, x0, 6          x14:00000000
21263212ns          371395 1c009504 a0569753 flt.s            x14, f13, f5        x14=00000001 f13:3f00394d  f5:406e690b
21263232ns          371396 1c009508 01000333 add              x6, x0, x16          x6=c06e690b x16:c06e690b
21263252ns          371397 1c00950a 00071263 bne              x14, x0, 4          x14:00000001
21263371ns          371403 1c00950e 0056f753 fadd.s           f14, f13, f5        f14=xxxxxxxx f13:3f00394d  f5:406e690b
21263391ns          371404 1c009512 a1f728d3 feq.s            x17, f14, f31       x17=00000000 f14:40873baf f31:00000000
21263411ns          371405 1c009516 52089be3 bne              x17, x0, 3382       x17:00000000
21263431ns          371406 1c00951a 1c0003b7 lui              x7, 0x1c000000       x7=1c000000
21263491ns          371409 1c00951e 02038393 addi             x7, x7, 32           x7=1c000020  x7:1c000000
21263531ns          371411 1c009522 0003a383 lw               x7, 0(x7)            x7=3f800000  x7:1c000020  PA:1c000020
21263869ns          371428 1c009526 18e3f8d3 fdiv.s           f17, f7, f14        f17=xxxxxxxx  f7:3f800000 f14:40873baf
21264346ns          371452 1c00952a 10d8f6d3 fmul.s           f13, f17, f13       f13=xxxxxxxx f17:3e724eb6 f13:3f00394d
21264366ns          371453 1c00952e 1058f8d3 fmul.s           f17, f17, f5        f17=xxxxxxxx f17:3e724eb6  f5:406e690b
21264386ns          371454 1c009532 a1f312d3 flt.s            x5, f6, f31          x5=00000001  f6:c06e690b f31:00000000
21264406ns          371455 1c009536 10d6f6d3 fmul.s           f13, f13, f13       f13=xxxxxxxx f13:3df2bb2f f13:3df2bb2f
21264426ns          371456 1c00953a 6918f6c3 fmadd.s          f13, f17, f17, f13  f13=xxxxxxxx f17:3f61a89a f17:3f61a89a f13:3c66266e
21264485ns          371459 1c00953e 5806f353 fsqrt.s          f6, f13              f6=xxxxxxxx f13:3f4a8267
21264903ns          371480 1c009542 10e37353 fmul.s           f6, f6, f14          f6=xxxxxxxx  f6:3f63b074 f14:40873baf
21264923ns          371481 1c009546 00028463 beq              x5, x0, 8            x5:00000001
21264943ns          371482 1c00954a 20631353 fsgnjn.s         f6, f6, f6           f6=xxxxxxxx  f6:40708e45  f6:40708e45
21265003ns          371485 1c00954e 1c000437 lui              x8, 0x1c000000       x8=1c000000
21265042ns          371487 1c009552 02040413 addi             x8, x8, 32           x8=1c000020  x8:1c000000
21265062ns          371488 1c009556 00042403 lw               x8, 0(x8)            x8=3f800000  x8:1c000020  PA:1c000020
21265420ns          371506 1c009558 18647753 fdiv.s           f14, f8, f6         f14=xxxxxxxx  f8:3f800000  f6:c0708e45
21265738ns          371522 1c00955c 10e876d3 fmul.s           f13, f16, f14       f13=xxxxxxxx f16:c06e690b f14:be8837c9
21265758ns          371523 1c009560 10e7f7d3 fmul.s           f15, f15, f14       f15=xxxxxxxx f15:3f00394d f14:be8837c9
21265778ns          371524 1c009564 000e2703 lw               x14, 0(x28)         x14=3e6fcf89 x28:10000ef8  PA:10000ef8
21265798ns          371525 1c009568 00062803 lw               x16, 0(x12)         x16=be9b834a x12:10000f0c  PA:10000f0c
21265818ns          371526 1c00956c 10e7f3d3 fmul.s           f7, f15, f14         f7=xxxxxxxx f15:be0874c4 f14:3e6fcf89
21265838ns          371527 1c009570 1107f2d3 fmul.s           f5, f15, f16         f5=xxxxxxxx f15:be0874c4 f16:be9b834a
21265858ns          371528 1c009574 10f578d3 fmul.s           f17, f10, f15       f17=xxxxxxxx f10:bf69ea02 f15:be0874c4
21265878ns          371529 1c009578 3906f847 fmsub.s          f16, f13, f16, f7   f16=xxxxxxxx f13:3f7db783 f16:be9b834a  f7:bcffa745
21265898ns          371530 1c00957c 28e6f743 fmadd.s          f14, f13, f14, f5   f14=xxxxxxxx f13:3f7db783 f14:3e6fcf89  f5:3d25c95c
21265937ns          371532 1c009580 88d5f8c3 fmadd.s          f17, f11, f13, f17  f17=xxxxxxxx f11:c089fc0f f13:3f7db783 f17:3df95e04
21265977ns          371534 1c009584 01062023 sw               x16, 0(x12)         x16:be8a25c6 x12:10000f0c  PA:10000f0c
21265997ns          371535 1c009588 00ee2023 sw               x14, 0(x28)         x14:3e8b8f2d x28:10000ef8  PA:10000ef8
21266017ns          371536 1c00958c 004e2703 lw               x14, 4(x28)         x14=bf001e89 x28:10000ef8  PA:10000efc
21266037ns          371537 1c009590 00462803 lw               x16, 4(x12)         x16=3f05ae87 x12:10000f0c  PA:10000f10
21266057ns          371538 1c009594 10e7f453 fmul.s           f8, f15, f14         f8=xxxxxxxx f15:be0874c4 f14:bf001e89
21266077ns          371539 1c009598 10f873d3 fmul.s           f7, f16, f15         f7=xxxxxxxx f16:3f05ae87 f15:be0874c4
21266096ns          371540 1c00959c 10f5f2d3 fmul.s           f5, f11, f15         f5=xxxxxxxx f11:c089fc0f f15:be0874c4
21266156ns          371543 1c0095a0 40d87847 fmsub.s          f16, f16, f13, f8   f16=xxxxxxxx f16:3f05ae87 f13:3f7db783  f8:3d889551
21266196ns          371545 1c0095a4 38e6f743 fmadd.s          f14, f13, f14, f7   f14=xxxxxxxx f13:3f7db783 f14:bf001e89  f7:bd8e8362
21266216ns          371546 1c0095a8 0069a22b p.sw             x6, 4(x19!)         x19=10000de4  x6:c0708e45 x19:10000de0  PA:10000de0
21266236ns          371547 1c0095ac 01062223 sw               x16, 4(x12)         x16:3ee6d54b x12:10000f0c  PA:10000f10
21266295ns          371550 1c0095b0 00ee2223 sw               x14, 4(x28)         x14:bf10ca71 x28:10000ef8  PA:10000efc
21266335ns          371552 1c0095b4 008e2703 lw               x14, 8(x28)         x14=3f3bbc82 x28:10000ef8  PA:10000f00
21266355ns          371553 1c0095b8 00862803 lw               x16, 8(x12)         x16=3e3f8441 x12:10000f0c  PA:10000f14
21266395ns          371555 1c0095bc 10f773d3 fmul.s           f7, f14, f15         f7=xxxxxxxx f14:3f3bbc82 f15:be0874c4
21266435ns          371557 1c0095c0 10f875d3 fmul.s           f11, f16, f15       f11=xxxxxxxx f16:3e3f8441 f15:be0874c4
21266474ns          371559 1c0095c4 28d57547 fmsub.s          f10, f10, f13, f5   f10=xxxxxxxx f10:bf69ea02 f13:3f7db783  f5:3f1319b0
21266494ns          371560 1c0095c8 38d873c7 fmsub.s          f7, f16, f13, f7     f7=xxxxxxxx f16:3e3f8441 f13:3f7db783  f7:bdc8238c
21266514ns          371561 1c0095cc 58d775c3 fmadd.s          f11, f14, f13, f11  f11=xxxxxxxx f14:3f3bbc82 f13:3f7db783 f11:bccc2b3a
21266574ns          371564 1c0095d0 a1f892d3 flt.s            x5, f17, f31         x5=00000001 f17:c084db8d f31:00000000
21266614ns          371566 1c0095d4 00762423 sw               x7, 8(x12)           x7:3e90f062 x12:10000f0c  PA:10000f14
21266634ns          371567 1c0095d8 00ce2703 lw               x14, 12(x28)        x14=be86c424 x28:10000ef8  PA:10000f04
21266653ns          371568 1c0095dc 00be2423 sw               x11, 8(x28)         x11:3f33ae86 x28:10000ef8  PA:10000f00
21266713ns          371571 1c0095e0 00c62383 lw               x7, 12(x12)          x7=3df33d76 x12:10000f0c  PA:10000f18
21266753ns          371573 1c0095e4 10f77453 fmul.s           f8, f14, f15         f8=xxxxxxxx f14:be86c424 f15:be0874c4
21266773ns          371574 1c0095e8 10f3f5d3 fmul.s           f11, f7, f15        f11=xxxxxxxx  f7:3df33d76 f15:be0874c4
21266793ns          371575 1c0095ec 000aa803 lw               x16, 0(x21)         x16=40d8b4be x21:10000dd4  PA:10000dd4
21266852ns          371578 1c0095f0 40d3f3c7 fmsub.s          f7, f7, f13, f8      f7=xxxxxxxx  f7:3df33d76 f13:3f7db783  f8:3d0fab56
21266892ns          371580 1c0095f4 58d775c3 fmadd.s          f11, f14, f13, f11  f11=xxxxxxxx f14:be86c424 f13:3f7db783 f11:bc81a799
21266912ns          371581 1c0095f8 00a9a023 sw               x10, 0(x19)         x10:bfbd76d1 x19:10000de4  PA:10000de4
21266932ns          371582 1c0095fc 00762623 sw               x7, 12(x12)          x7:3da93c70 x12:10000f0c  PA:10000f18
21266952ns          371583 1c009600 010e2703 lw               x14, 16(x28)        x14=be978c4b x28:10000ef8  PA:10000f08
21266972ns          371584 1c009604 00be2623 sw               x11, 12(x28)        x11:be8daaec x28:10000ef8  PA:10000f04
21266992ns          371585 1c009608 01062583 lw               x11, 16(x12)        x11=bf43f701 x12:10000f0c  PA:10000f1c
21267011ns          371586 1c00960a 10f773d3 fmul.s           f7, f14, f15         f7=xxxxxxxx f14:be978c4b f15:be0874c4
21267031ns          371587 1c00960e 10f5f353 fmul.s           f6, f11, f15         f6=xxxxxxxx f11:bf43f701 f15:be0874c4
21267051ns          371588 1c009612 1107f7d3 fmul.s           f15, f15, f16       f15=xxxxxxxx f15:be0874c4 f16:40d8b4be
21267071ns          371589 1c009616 38d5f5c7 fmsub.s          f11, f11, f13, f7   f11=xxxxxxxx f11:bf43f701 f13:3f7db783  f7:3d218f4f
21267091ns          371590 1c00961a 30d77743 fmadd.s          f14, f14, f13, f6   f14=xxxxxxxx f14:be978c4b f13:3f7db783  f6:3dd0e935
21267151ns          371593 1c00961e 1106f6d3 fmul.s           f13, f13, f16       f13=xxxxxxxx f13:3f7db783 f16:40d8b4be
21267171ns          371594 1c009622 00b62823 sw               x11, 16(x12)        x11:bf4c508b x12:10000f0c  PA:10000f1c
21267190ns          371595 1c009624 00ee2823 sw               x14, 16(x28)        x14:be43eff7 x28:10000ef8  PA:10000f08
21267210ns          371596 1c009628 01100333 add              x6, x0, x17          x6=c084db8d x17:c084db8d
21267230ns          371597 1c00962a 00028463 beq              x5, x0, 8            x5:00000001
21267290ns          371600 1c00962e 21189353 fsgnjn.s         f6, f17, f17         f6=xxxxxxxx f17:c084db8d f17:c084db8d
21267330ns          371602 1c009632 a1f79753 flt.s            x14, f15, f31       x14=00000001 f15:bf6705ba f31:00000000
21267350ns          371603 1c009636 420719e3 bne              x14, x0, 3122       x14:00000001
21267509ns          371611 1c00a268 20f79753 fsgnjn.s         f14, f15, f15       f14=xxxxxxxx f15:bf6705ba f15:bf6705ba
21267549ns          371613 1c00a26c bd0ff06f jal              x0, -3120          
21267648ns          371618 1c00963c a0671853 flt.s            x16, f14, f6        x16=00000001 f14:3f6705ba  f6:4084db8d
21267668ns          371619 1c009640 011003b3 add              x7, x0, x17          x7=c084db8d x17:c084db8d
21267688ns          371620 1c009642 00081363 bne              x16, x0, 6          x16:00000001
21267747ns          371623 1c009648 006772d3 fadd.s           f5, f14, f6          f5=xxxxxxxx f14:3f6705ba  f6:4084db8d
21267767ns          371624 1c00964c a1f2a5d3 feq.s            x11, f5, f31        x11=00000000  f5:40a1bc44 f31:00000000
21267787ns          371625 1c009650 3a0593e3 bne              x11, x0, 2982       x11:00000000
21267807ns          371626 1c009654 1c000437 lui              x8, 0x1c000000       x8=1c000000
21267827ns          371627 1c009658 02040413 addi             x8, x8, 32           x8=1c000020  x8:1c000000
21267847ns          371628 1c00965c 00042403 lw               x8, 0(x8)            x8=3f800000  x8:1c000020  PA:1c000020
21268185ns          371645 1c00965e 185475d3 fdiv.s           f11, f8, f5         f11=xxxxxxxx  f8:3f800000  f5:40a1bc44
21268981ns          371685 1c009662 10e5f753 fmul.s           f14, f11, f14       f14=xxxxxxxx f11:3e4a9a3e f14:3f6705ba
21269001ns          371686 1c009666 a1f393d3 flt.s            x7, f7, f31          x7=00000001  f7:c084db8d f31:00000000
21269020ns          371687 1c00966a 1065f5d3 fmul.s           f11, f11, f6        f11=xxxxxxxx f11:3e4a9a3e  f6:4084db8d
21269040ns          371688 1c00966e 10e77753 fmul.s           f14, f14, f14       f14=xxxxxxxx f14:3e36d5b6 f14:3e36d5b6
21269060ns          371689 1c009672 70b5f743 fmadd.s          f14, f11, f11, f14  f14=xxxxxxxx f11:3f524a93 f11:3f524a93 f14:3d029491
21269080ns          371690 1c009676 58077353 fsqrt.s          f6, f14              f6=xxxxxxxx f14:3f34e7b8
21269816ns          371727 1c00967a 10537353 fmul.s           f6, f6, f5           f6=xxxxxxxx  f6:3f57339a  f5:40a1bc44
21269836ns          371728 1c00967e 00038463 beq              x7, x0, 8            x7:00000001
21269856ns          371729 1c009682 20631353 fsgnjn.s         f6, f6, f6           f6=xxxxxxxx  f6:4087f5b7  f6:4087f5b7
21269876ns          371730 1c009686 1c0004b7 lui              x9, 0x1c000000       x9=1c000000
21269896ns          371731 1c00968a 02048493 addi             x9, x9, 32           x9=1c000020  x9:1c000000
21269916ns          371732 1c00968e 0004a483 lw               x9, 0(x9)            x9=3f800000  x9:1c000020  PA:1c000020
21270254ns          371749 1c009690 1864f753 fdiv.s           f14, f9, f6         f14=xxxxxxxx  f9:3f800000  f6:c087f5b7
21270651ns          371769 1c009694 111778d3 fmul.s           f17, f14, f17       f17=xxxxxxxx f14:be71032b f17:c084db8d
21270671ns          371770 1c009698 10f77753 fmul.s           f14, f14, f15       f14=xxxxxxxx f14:be71032b f15:bf6705ba
21270691ns          371771 1c00969c 10a8f853 fmul.s           f16, f17, f10       f16=xxxxxxxx f17:3f7a28a9 f10:bfbd76d1
21270711ns          371772 1c0096a0 20e71bd3 fsgnjn.s         f23, f14, f14       f23=xxxxxxxx f14:3e597f40 f14:3e597f40
21270731ns          371773 1c0096a4 000ea783 lw               x15, 0(x29)         x15=be01aa5a x29:10000f5c  PA:10000f5c
21270771ns          371775 1c0096a8 000f2383 lw               x7, 0(x30)           x7=bf499905 x30:10000f70  PA:10000f70
21270791ns          371776 1c0096ac 10e7f453 fmul.s           f8, f15, f14         f8=xxxxxxxx f15:be01aa5a f14:3e597f40
21270811ns          371777 1c0096b0 10e3f2d3 fmul.s           f5, f7, f14          f5=xxxxxxxx  f7:bf499905 f14:3e597f40
21270830ns          371778 1c0096b4 006b222b p.sw             x6, 4(x22!)         x22=10000dd4  x6:c087f5b7 x22:10000dd0  PA:10000dd0
21270850ns          371779 1c0096b8 4113f3c7 fmsub.s          f7, f7, f17, f8      f7=xxxxxxxx  f7:bf499905 f17:3f7a28a9  f8:bcdc53b4
21270870ns          371780 1c0096bc 2917f2c3 fmadd.s          f5, f15, f17, f5     f5=xxxxxxxx f15:be01aa5a f17:3f7a28a9  f5:be2b46eb
21270890ns          371781 1c0096c0 10d8f5d3 fmul.s           f11, f17, f13       f11=xxxxxxxx f17:3f7a28a9 f13:40d6c5f8
21270930ns          371783 1c0096c4 007f2023 sw               x7, 0(x30)           x7:bf3e1cd6 x30:10000f70  PA:10000f70
21270950ns          371784 1c0096c8 005ea023 sw               x5, 0(x29)           x5:be94fdf0 x29:10000f5c  PA:10000f5c
21270970ns          371785 1c0096cc 004ea283 lw               x5, 4(x29)           x5=3e04429e x29:10000f5c  PA:10000f60
21270990ns          371786 1c0096d0 004f2383 lw               x7, 4(x30)           x7=3f0f853e x30:10000f70  PA:10000f74
21271010ns          371787 1c0096d4 10e2f4d3 fmul.s           f9, f5, f14          f9=xxxxxxxx  f5:3e04429e f14:3e597f40
21271029ns          371788 1c0096d8 10e3f453 fmul.s           f8, f7, f14          f8=xxxxxxxx  f7:3f0f853e f14:3e597f40
21271049ns          371789 1c0096dc 80d77843 fmadd.s          f16, f14, f13, f16  f16=xxxxxxxx f14:3e597f40 f13:40d6c5f8 f16:bfb92420
21271069ns          371790 1c0096e0 4913f3c7 fmsub.s          f7, f7, f17, f9      f7=xxxxxxxx  f7:3f0f853e f17:3f7a28a9  f9:3ce0bc6c
21271089ns          371791 1c0096e4 4112f2c3 fmadd.s          f5, f5, f17, f8      f5=xxxxxxxx  f5:3e04429e f17:3f7a28a9  f8:3df3de91
21271109ns          371792 1c0096e8 000a2783 lw               x15, 0(x20)         x15=00000000 x20:10000de8  PA:10000de8
21271129ns          371793 1c0096ec 007f2223 sw               x7, 4(x30)           x7:3f053907 x30:10000f70  PA:10000f74
21271189ns          371796 1c0096f0 005ea223 sw               x5, 4(x29)           x5:3e7b2d59 x29:10000f5c  PA:10000f60
21271248ns          371799 1c0096f4 008ea283 lw               x5, 8(x29)           x5=bf1f434c x29:10000f5c  PA:10000f64
21271268ns          371800 1c0096f8 008f2383 lw               x7, 8(x30)           x7=3d043eb3 x30:10000f70  PA:10000f78
21271288ns          371801 1c0096fc 10e2f4d3 fmul.s           f9, f5, f14          f9=xxxxxxxx  f5:bf1f434c f14:3e597f40
21271328ns          371803 1c009700 10e3f453 fmul.s           f8, f7, f14          f8=xxxxxxxx  f7:3d043eb3 f14:3e597f40
21271368ns          371805 1c009704 58abf5c3 fmadd.s          f11, f23, f10, f11  f11=xxxxxxxx f23:be597f40 f10:bfbd76d1 f11:40d1df71
21271387ns          371806 1c009708 4913f3c7 fmsub.s          f7, f7, f17, f9      f7=xxxxxxxx  f7:3d043eb3 f17:3f7a28a9  f9:be074f36
21271407ns          371807 1c00970c 4112f2c3 fmadd.s          f5, f5, f17, f8      f5=xxxxxxxx  f5:bf1f434c f17:3f7a28a9  f8:3be0b5c4
21271467ns          371810 1c009710 1117f553 fmul.s           f10, f15, f17       f10=xxxxxxxx f15:00000000 f17:3f7a28a9
21271507ns          371812 1c009714 007f2423 sw               x7, 8(x30)           x7:3e279dc5 x30:10000f70  PA:10000f78
21271527ns          371813 1c009718 00cea303 lw               x6, 12(x29)          x6=be4aec6e x29:10000f5c  PA:10000f68
21271566ns          371815 1c00971c 005ea423 sw               x5, 8(x29)           x5:bf19df98 x29:10000f5c  PA:10000f64
21271586ns          371816 1c009720 00cf2283 lw               x5, 12(x30)          x5=3e507b75 x30:10000f70  PA:10000f7c
21271606ns          371817 1c009724 10e37453 fmul.s           f8, f6, f14          f8=xxxxxxxx  f6:be4aec6e f14:3e597f40
21271626ns          371818 1c009728 10e2f3d3 fmul.s           f7, f5, f14          f7=xxxxxxxx  f5:3e507b75 f14:3e597f40
21271646ns          371819 1c00972c 014f0f13 addi             x30, x30, 20        x30=10000f84 x30:10000f70
21271666ns          371820 1c00972e 4112f2c7 fmsub.s          f5, f5, f17, f8      f5=xxxxxxxx  f5:3e507b75 f17:3f7a28a9  f8:bd2c6747
21271686ns          371821 1c009732 39137343 fmadd.s          f6, f6, f17, f7      f6=xxxxxxxx  f6:be4aec6e f17:3f7a28a9  f7:3d312048
21271706ns          371822 1c009736 00baa22b p.sw             x11, 4(x21!)        x21=10000dd8 x11:40dbeeef x21:10000dd4  PA:10000dd4
21271726ns          371823 1c00973a fe5f2c23 sw               x5, -8(x30)          x5:3e76d37f x30:10000f84  PA:10000f7c
21271745ns          371824 1c00973e 010ea683 lw               x13, 16(x29)        x13=3f3c4a92 x29:10000f5c  PA:10000f6c
21271765ns          371825 1c009742 006ea623 sw               x6, 12(x29)          x6:be1a030c x29:10000f5c  PA:10000f68
21271785ns          371826 1c009746 ffcf2303 lw               x6, -4(x30)          x6=be1b8174 x30:10000f84  PA:10000f80
21271805ns          371827 1c00974a 10e6f3d3 fmul.s           f7, f13, f14         f7=xxxxxxxx f13:3f3c4a92 f14:3e597f40
21271845ns          371829 1c00974e 10e372d3 fmul.s           f5, f6, f14          f5=xxxxxxxx  f6:be1b8174 f14:3e597f40
21271885ns          371831 1c009752 00aa222b p.sw             x10, 4(x20!)        x20=10000dec x10:00000000 x20:10000de8  PA:10000de8
21271905ns          371832 1c009756 39137347 fmsub.s          f6, f6, f17, f7      f6=xxxxxxxx  f6:be1b8174 f17:3f7a28a9  f7:3e1ff8ce
21271924ns          371833 1c00975a 2916f8c3 fmadd.s          f17, f13, f17, f5   f17=xxxxxxxx f13:3f3c4a92 f17:3f7a28a9  f5:bd041e07
21271944ns          371834 1c00975e 01460613 addi             x12, x12, 20        x12=10000f20 x12:10000f0c
21271964ns          371835 1c009760 fe6f2e23 sw               x6, -4(x30)          x6:be9bf6f6 x30:10000f84  PA:10000f80
21271984ns          371836 1c009764 011ea823 sw               x17, 16(x29)        x17:3f2fbcda x29:10000f5c  PA:10000f6c
21272024ns          371838 1c009768 014e0e13 addi             x28, x28, 20        x28=10000f0c x28:10000ef8
21272044ns          371839 1c00976a 014e8e93 addi             x29, x29, 20        x29=10000f70 x29:10000f5c
21272064ns          371840 1c00976c 10e7f7d3 fmul.s           f15, f15, f14       f15=xxxxxxxx f15:00000000 f14:3e597f40
21272084ns          371841 1c009770 01412e03 lw               x28, 20(x2)         x28=00000001  x2:10000d98  PA:10000dac
21272103ns          371842 1c009772 00812983 lw               x19, 8(x2)          x19=0000000c  x2:10000d98  PA:10000da0
21272123ns          371843 1c009774 0e010893 addi             x17, x2, 224        x17=10000e78  x2:10000d98
21272143ns          371844 1c009778 013887b3 add              x15, x17, x19       x15=10000e84 x17:10000e78 x19:0000000c
21272163ns          371845 1c00977c 001e0e13 addi             x28, x28, 1         x28=00000002 x28:00000001
21272203ns          371847 1c00977e f707a023 sw               x16, -160(x15)      x16:bcaae3b8 x15:10000e84  PA:10000de4
21272223ns          371848 1c009782 01c12a23 sw               x28, 20(x2)         x28:00000002  x2:10000d98  PA:10000dac
21272243ns          371849 1c009784 fff00793 addi             x15, x0, -1         x15=ffffffff
21272263ns          371850 1c009786 00fdc663 blt              x27, x15, 12        x27:00000003 x15:ffffffff
21272283ns          371851 1c00978a 04b00793 addi             x15, x0, 75         x15=0000004b
21272342ns          371854 1c00978e a8fe1c63 bne              x28, x15, -3432     x28:00000002 x15:0000004b
21272442ns          371859 1c008a26 00812503 lw               x10, 8(x2)          x10=0000000c  x2:10000d98  PA:10000da0
21272481ns          371861 1c008a28 04010613 addi             x12, x2, 64         x12=10000dd8  x2:10000d98
21272501ns          371862 1c008a2a 01b509b3 add              x19, x10, x27       x19=0000000f x10:0000000c x27:00000003
21272521ns          371863 1c008a2e 02c10593 addi             x11, x2, 44         x11=10000dc4  x2:10000d98
21272561ns          371865 1c008a30 00a60633 add              x12, x12, x10       x12=10000de4 x12:10000dd8 x10:0000000c
21272601ns          371867 1c008a32 002d8693 addi             x13, x27, 2         x13=00000005 x27:00000003
21272621ns          371868 1c008a36 1c000437 lui              x8, 0x1c000000       x8=1c000000
21272641ns          371869 1c008a3a 1c0004b7 lui              x9, 0x1c000000       x9=1c000000
21272660ns          371870 1c008a3e 00299993 slli             x19, x19, 0x2       x19=0000003c x19:0000000f
21272700ns          371872 1c008a40 00a58b33 add              x22, x11, x10       x22=10000dd0 x11:10000dc4 x10:0000000c
21272740ns          371874 1c008a44 00c12623 sw               x12, 12(x2)         x12:10000de4  x2:10000d98  PA:10000da4
21272760ns          371875 1c008a46 00d12c23 sw               x13, 24(x2)         x13:00000005  x2:10000d98  PA:10000db0
21272780ns          371876 1c008a48 02842a83 lw               x21, 40(x8)         x21=0c000000  x8:1c000000  PA:1c000028
21273078ns          371891 1c008a4c 02c4ab83 lw               x23, 44(x9)         x23=34000000  x9:1c000000  PA:1c00002c
21273396ns          371907 1c008a50 01a989b3 add              x19, x19, x26       x19=10000ef8 x19:0000003c x26:10000ebc
21273416ns          371908 1c008a52 00000f13 addi             x30, x0, 0          x30=00000000
21273436ns          371909 1c008a56 018007b3 add              x15, x0, x24        x15=00000004 x24:00000004
21273456ns          371910 1c008a58 004b2283 lw               x5, 4(x22)           x5=40dbeeef x22:10000dd0  PA:10000dd4
21273476ns          371911 1c008a5c 71fdace3 p.beqimm         x27, 3864           x27:00000003
21273516ns          371913 1c008a60 01412e03 lw               x28, 20(x2)         x28=00000002  x2:10000d98  PA:10000dac
21273536ns          371914 1c008a62 01400e93 addi             x29, x0, 20         x29=00000014
21273556ns          371915 1c008a64 77cec8e3 blt              x29, x28, 3952      x29:00000014 x28:00000002
21273575ns          371916 1c008a68 00c12f83 lw               x31, 12(x2)         x31=10000de4  x2:10000d98  PA:10000da4
21273615ns          371918 1c008a6a 000fa683 lw               x13, 0(x31)         x13=bcaae3b8 x31:10000de4  PA:10000de4
21273655ns          371920 1c008a6e a1e69753 flt.s            x14, f13, f30       x14=00000001 f13:bcaae3b8 f30:00000000
21273675ns          371921 1c008a72 00070363 beq              x14, x0, 6          x14:00000001
21273695ns          371922 1c008a74 20d696d3 fsgnjn.s         f13, f13, f13       f13=xxxxxxxx f13:bcaae3b8 f13:bcaae3b8
21273715ns          371923 1c008a78 000b2603 lw               x12, 0(x22)         x12=c087f5b7 x22:10000dd0  PA:10000dd0
21273754ns          371925 1c008a7c a1e61753 flt.s            x14, f12, f30       x14=00000001 f12:c087f5b7 f30:00000000
21273794ns          371927 1c008a80 00c005b3 add              x11, x0, x12        x11=c087f5b7 x12:c087f5b7
21273814ns          371928 1c008a82 00070363 beq              x14, x0, 6          x14:00000001
21273834ns          371929 1c008a84 20c615d3 fsgnjn.s         f11, f12, f12       f11=xxxxxxxx f12:c087f5b7 f12:c087f5b7
21273854ns          371930 1c008a88 a1e29753 flt.s            x14, f5, f30        x14=00000000  f5:40dbeeef f30:00000000
21273874ns          371931 1c008a8c 00070363 beq              x14, x0, 6          x14:00000000
21273973ns          371936 1c008a92 00500733 add              x14, x0, x5         x14=40dbeeef  x5:40dbeeef
21273993ns          371937 1c008a94 00b77753 fadd.s           f14, f14, f11       f14=xxxxxxxx f14:40dbeeef f11:4087f5b7
21274013ns          371938 1c008a98 11777753 fmul.s           f14, f14, f23       f14=xxxxxxxx f14:4131f253 f23:34000000
21274033ns          371939 1c008a9c a0e68753 fle.s            x14, f13, f14       x14=00000000 f13:3caae3b8 f14:35b1f253
21274093ns          371942 1c008aa0 00070363 beq              x14, x0, 6          x14:00000000
21274172ns          371946 1c008aa6 1c000337 lui              x6, 0x1c000000       x6=1c000000
21274192ns          371947 1c008aaa 02830313 addi             x6, x6, 40           x6=1c000028  x6:1c000000
21274252ns          371950 1c008aae 00032303 lw               x6, 0(x6)            x6=0c000000  x6:1c000028  PA:1c000028
21274590ns          371967 1c008ab2 a06686d3 fle.s            x13, f13, f6        x13=00000000 f13:3caae3b8  f6:0c000000
21274610ns          371968 1c008ab6 00068363 beq              x13, x0, 6          x13:00000000
21274729ns          371974 1c008abc fffd8693 addi             x13, x27, -1        x13=00000002 x27:00000003
21274749ns          371975 1c008ac0 000d9463 bne              x27, x0, 8          x27:00000003
21274809ns          371978 1c008ac8 00269713 slli             x14, x13, 0x2       x14=00000008 x13:00000002
21274829ns          371979 1c008acc 0e010393 addi             x7, x2, 224          x7=10000e78  x2:10000d98
21274888ns          371982 1c008ad0 00e385b3 add              x11, x7, x14        x11=10000e80  x7:10000e78 x14:00000008
21274928ns          371984 1c008ad4 f605a503 lw               x10, -160(x11)      x10=c0708e45 x11:10000e80  PA:10000de0
21274968ns          371986 1c008ad8 a1e515d3 flt.s            x11, f10, f30       x11=00000001 f10:c0708e45 f30:00000000
21274988ns          371987 1c008adc 00058363 beq              x11, x0, 6          x11:00000001
21275027ns          371989 1c008ade 20a51553 fsgnjn.s         f10, f10, f10       f10=xxxxxxxx f10:c0708e45 f10:c0708e45
21275047ns          371990 1c008ae2 0e010413 addi             x8, x2, 224          x8=10000e78  x2:10000d98
21275067ns          371991 1c008ae4 00e405b3 add              x11, x8, x14        x11=10000e80  x8:10000e78 x14:00000008
21275087ns          371992 1c008ae8 f4c5a583 lw               x11, -180(x11)      x11=c10ebc75 x11:10000e80  PA:10000dcc
21275127ns          371994 1c008aec a1e59853 flt.s            x16, f11, f30       x16=00000001 f11:c10ebc75 f30:00000000
21275167ns          371996 1c008af0 00080463 beq              x16, x0, 8          x16:00000001
21275206ns          371998 1c008af4 39c0106f jal              x0, 5020           
21275286ns          372002 1c009e90 20b59853 fsgnjn.s         f16, f11, f11       f16=xxxxxxxx f11:c10ebc75 f11:c10ebc75
21275326ns          372004 1c009e94 c67fe06f jal              x0, -5018          
21275385ns          372007 1c008afa a1e618d3 flt.s            x17, f12, f30       x17=00000001 f12:c087f5b7 f30:00000000
21275445ns          372010 1c008afe 00088463 beq              x17, x0, 8          x17:00000001
21275485ns          372012 1c008b02 20c61653 fsgnjn.s         f12, f12, f12       f12=xxxxxxxx f12:c087f5b7 f12:c087f5b7
21275505ns          372013 1c008b06 1c0004b7 lui              x9, 0x1c000000       x9=1c000000
21275525ns          372014 1c008b0a 01067653 fadd.s           f12, f12, f16       f12=xxxxxxxx f12:4087f5b7 f16:410ebc75
21275584ns          372017 1c008b0e 02c48493 addi             x9, x9, 44           x9=1c00002c  x9:1c000000
21275604ns          372018 1c008b12 0004a483 lw               x9, 0(x9)            x9=34000000  x9:1c00002c  PA:1c00002c
21275923ns          372034 1c008b14 10967653 fmul.s           f12, f12, f9        f12=xxxxxxxx f12:4152b750  f9:34000000
21275942ns          372035 1c008b18 a0c50653 fle.s            x12, f10, f12       x12=00000000 f10:40708e45 f12:35d2b750
21275962ns          372036 1c008b1c 00060363 beq              x12, x0, 6          x12:00000000
21276042ns          372040 1c008b22 1c000637 lui              x12, 0x1c000000     x12=1c000000
21276062ns          372041 1c008b26 02860613 addi             x12, x12, 40        x12=1c000028 x12:1c000000
21276082ns          372042 1c008b2a 00062603 lw               x12, 0(x12)         x12=0c000000 x12:1c000028  PA:1c000028
21276420ns          372059 1c008b2c a0c50553 fle.s            x10, f10, f12       x10=00000000 f10:40708e45 f12:0c000000
21276440ns          372060 1c008b30 00050363 beq              x10, x0, 6          x10:00000000
21276519ns          372064 1c008b36 ffed8813 addi             x16, x27, -2        x16=00000001 x27:00000003
21276539ns          372065 1c008b3a 01f83463 p.bneimm         x16, 8              x16:00000001
21276658ns          372071 1c008b42 00281713 slli             x14, x16, 0x2       x14=00000004 x16:00000001
21276678ns          372072 1c008b46 0e010893 addi             x17, x2, 224        x17=10000e78  x2:10000d98
21276698ns          372073 1c008b4a 00e88633 add              x12, x17, x14       x12=10000e7c x17:10000e78 x14:00000004
21276758ns          372076 1c008b4e f6062503 lw               x10, -160(x12)      x10=bfa82aeb x12:10000e7c  PA:10000ddc
21276798ns          372078 1c008b52 a1e51653 flt.s            x12, f10, f30       x12=00000001 f10:bfa82aeb f30:00000000
21276818ns          372079 1c008b56 00060363 beq              x12, x0, 6          x12:00000001
21276837ns          372080 1c008b58 20a51553 fsgnjn.s         f10, f10, f10       f10=xxxxxxxx f10:bfa82aeb f10:bfa82aeb
21276857ns          372081 1c008b5c 0e010e13 addi             x28, x2, 224        x28=10000e78  x2:10000d98
21276897ns          372083 1c008b60 01c70733 add              x14, x14, x28       x14=10000e7c x14:00000004 x28:10000e78
21276937ns          372085 1c008b62 f4c72883 lw               x17, -180(x14)      x17=41590658 x14:10000e7c  PA:10000dc8
21276977ns          372087 1c008b66 a1e89753 flt.s            x14, f17, f30       x14=00000000 f17:41590658 f30:00000000
21276997ns          372088 1c008b6a 00070363 beq              x14, x0, 6          x14:00000000
21277076ns          372092 1c008b70 01100733 add              x14, x0, x17        x14=41590658 x17:41590658
21277096ns          372093 1c008b72 a1e59653 flt.s            x12, f11, f30       x12=00000001 f11:c10ebc75 f30:00000000
21277116ns          372094 1c008b76 00060363 beq              x12, x0, 6          x12:00000001
21277136ns          372095 1c008b78 20b595d3 fsgnjn.s         f11, f11, f11       f11=xxxxxxxx f11:c10ebc75 f11:c10ebc75
21277156ns          372096 1c008b7c 1c000eb7 lui              x29, 0x1c000000     x29=1c000000
21277196ns          372098 1c008b80 00e5f753 fadd.s           f14, f11, f14       f14=xxxxxxxx f11:410ebc75 f14:41590658
21277235ns          372100 1c008b84 02ce8e93 addi             x29, x29, 44        x29=1c00002c x29:1c000000
21277255ns          372101 1c008b88 000eae83 lw               x29, 0(x29)         x29=34000000 x29:1c00002c  PA:1c00002c
21277693ns          372123 1c008b8c 11d77753 fmul.s           f14, f14, f29       f14=xxxxxxxx f14:41b3e166 f29:34000000
21277713ns          372124 1c008b90 a0e50753 fle.s            x14, f10, f14       x14=00000000 f10:3fa82aeb f14:3633e166
21277733ns          372125 1c008b94 440718e3 bne              x14, x0, 3152       x14:00000000
21277752ns          372126 1c008b98 1c000fb7 lui              x31, 0x1c000000     x31=1c000000
21277772ns          372127 1c008b9c 028f8f93 addi             x31, x31, 40        x31=1c000028 x31:1c000000
21277812ns          372129 1c008ba0 000faf83 lw               x31, 0(x31)         x31=0c000000 x31:1c000028  PA:1c000028
21278170ns          372147 1c008ba4 a1f50553 fle.s            x10, f10, f31       x10=00000000 f10:3fa82aeb f31:0c000000
21278190ns          372148 1c008ba8 42051ee3 bne              x10, x0, 3132       x10:00000000
21278210ns          372149 1c008bac ffdd8693 addi             x13, x27, -3        x13=00000000 x27:00000003
21278230ns          372150 1c008bb0 01f6b463 p.bneimm         x13, 8              x13:00000000
21278290ns          372153 1c008bb8 00269713 slli             x14, x13, 0x2       x14=00000000 x13:00000000
21278309ns          372154 1c008bbc 0e010313 addi             x6, x2, 224          x6=10000e78  x2:10000d98
21278369ns          372157 1c008bc0 00e30633 add              x12, x6, x14        x12=10000e78  x6:10000e78 x14:00000000
21278409ns          372159 1c008bc4 f6062583 lw               x11, -160(x12)      x11=3ef01f9c x12:10000e78  PA:10000dd8
21278449ns          372161 1c008bc8 a1e59653 flt.s            x12, f11, f30       x12=00000000 f11:3ef01f9c f30:00000000
21278469ns          372162 1c008bcc 00060363 beq              x12, x0, 6          x12:00000000
21278568ns          372167 1c008bd2 0e010393 addi             x7, x2, 224          x7=10000e78  x2:10000d98
21278588ns          372168 1c008bd6 00e38633 add              x12, x7, x14        x12=10000e78  x7:10000e78 x14:00000000
21278608ns          372169 1c008bda f4c62603 lw               x12, -180(x12)      x12=4213dedc x12:10000e78  PA:10000dc4
21278667ns          372172 1c008bde a1e61553 flt.s            x10, f12, f30       x10=00000000 f12:4213dedc f30:00000000
21278687ns          372173 1c008be2 00050363 beq              x10, x0, 6          x10:00000000
21278747ns          372176 1c008be8 a1e89553 flt.s            x10, f17, f30       x10=00000000 f17:41590658 f30:00000000
21278767ns          372177 1c008bec 00050363 beq              x10, x0, 6          x10:00000000
21278886ns          372183 1c008bf2 1c000437 lui              x8, 0x1c000000       x8=1c000000
21278906ns          372184 1c008bf6 01167653 fadd.s           f12, f12, f17       f12=xxxxxxxx f12:4213dedc f17:41590658
21278926ns          372185 1c008bfa 02c40413 addi             x8, x8, 44           x8=1c00002c  x8:1c000000
21278946ns          372186 1c008bfe 00042403 lw               x8, 0(x8)            x8=34000000  x8:1c00002c  PA:1c00002c
21279284ns          372203 1c008c00 10867653 fmul.s           f12, f12, f8        f12=xxxxxxxx f12:424a2072  f8:34000000
21279304ns          372204 1c008c04 a0c58653 fle.s            x12, f11, f12       x12=00000000 f11:3ef01f9c f12:36ca2072
21279324ns          372205 1c008c08 3e0613e3 bne              x12, x0, 3046       x12:00000000
21279344ns          372206 1c008c0c 1c0004b7 lui              x9, 0x1c000000       x9=1c000000
21279384ns          372208 1c008c10 02848493 addi             x9, x9, 40           x9=1c000028  x9:1c000000
21279423ns          372210 1c008c14 0004a483 lw               x9, 0(x9)            x9=0c000000  x9:1c000028  PA:1c000028
21279742ns          372226 1c008c16 a09585d3 fle.s            x11, f11, f9        x11=00000000 f11:3ef01f9c  f9:0c000000
21279761ns          372227 1c008c1a 3c059ae3 bne              x11, x0, 3028       x11:00000000
21279781ns          372228 1c008c1e 00000813 addi             x16, x0, 0          x16=00000000
21279801ns          372229 1c008c20 fff00693 addi             x13, x0, -1         x13=ffffffff
21279821ns          372230 1c008c22 3d880de3 beq              x16, x24, 3034      x16:00000000 x24:00000004
21279841ns          372231 1c008c26 002d8393 addi             x7, x27, 2           x7=00000005 x27:00000003
21279861ns          372232 1c008c2a 7c76d5e3 bge              x13, x7, 4042       x13:ffffffff  x7:00000005
21279901ns          372234 1c008c2e 00268f93 addi             x31, x13, 2         x31=00000001 x13:ffffffff
21279940ns          372236 1c008c32 3e780a63 beq              x16, x7, 1012       x16:00000000  x7:00000005
21279960ns          372237 1c008c36 002c1e93 slli             x29, x24, 0x2       x29=00000010 x24:00000004
21279980ns          372238 1c008c3a 04010493 addi             x9, x2, 64           x9=10000dd8  x2:10000d98
21280000ns          372239 1c008c3c ffce8593 addi             x11, x29, -4        x11=0000000c x29:00000010
21280040ns          372241 1c008c40 1c000637 lui              x12, 0x1c000000     x12=1c000000
21280080ns          372243 1c008c44 02c10413 addi             x8, x2, 44           x8=10000dc4  x2:10000d98
21280100ns          372244 1c008c46 1c000537 lui              x10, 0x1c000000     x10=1c000000
21280119ns          372245 1c008c4a 009585b3 add              x11, x11, x9        x11=10000de4 x11:0000000c  x9:10000dd8
21280139ns          372246 1c008c4c 02862483 lw               x9, 40(x12)          x9=0c000000 x12:1c000000  PA:1c000028
21280458ns          372262 1c008c50 01d40333 add              x6, x8, x29          x6=10000dd4  x8:10000dc4 x29:00000010
21280478ns          372263 1c008c54 00700733 add              x14, x0, x7         x14=00000005  x7:00000005
21280497ns          372264 1c008c56 02c52403 lw               x8, 44(x10)          x8=34000000 x10:1c000000  PA:1c00002c
21280796ns          372279 1c008c5a 00168693 addi             x13, x13, 1         x13=00000000 x13:ffffffff
21280816ns          372280 1c008c5c 00000e13 addi             x28, x0, 0          x28=00000000
21280836ns          372281 1c008c60 41038533 sub              x10, x7, x16        x10=00000005  x7:00000005 x16:00000000
21280855ns          372282 1c008c64 1e0540fb lp.setup         0x1, x10, 0x1e0     x10:00000005
21280875ns          372283 1c008c68 fff70893 addi             x17, x14, -1        x17=00000004 x14:00000005
21280895ns          372284 1c008c6c 00000793 addi             x15, x0, 0          x15=00000000
21280935ns          372286 1c008c70 00ec4763 blt              x24, x14, 14        x24:00000004 x14:00000005
21281054ns          372292 1c008c7e 00efd963 bge              x31, x14, 18        x31:00000001 x14:00000005
21281074ns          372293 1c008c82 0005a603 lw               x12, 0(x11)         x12=bcaae3b8 x11:10000de4  PA:10000de4
21281114ns          372295 1c008c84 a1c61f53 flt.s            x30, f12, f28       x30=00000001 f12:bcaae3b8 f28:00000000
21281134ns          372296 1c008c88 380f1163 bne              x30, x0, 898        x30:00000001
21281313ns          372305 1c00900a 20c61653 fsgnjn.s         f12, f12, f12       f12=xxxxxxxx f12:bcaae3b8 f12:bcaae3b8
21281333ns          372306 1c00900e c7fff06f jal              x0, -898           
21281452ns          372312 1c008c8c 00c7f7d3 fadd.s           f15, f15, f12       f15=xxxxxxxx f15:00000000 f12:3caae3b8
21281532ns          372316 1c008c90 ffc3260b p.lw             x12, -4(x6!)        x12=40dbeeef  x6=10000dd0  x6:10000dd4  PA:10000dd4
21281571ns          372318 1c008c94 a1c61f53 flt.s            x30, f12, f28       x30=00000000 f12:40dbeeef f28:00000000
21281591ns          372319 1c008c98 000f0463 beq              x30, x0, 8          x30:00000000
21281711ns          372325 1c008ca0 1087f7d3 fmul.s           f15, f15, f8        f15=xxxxxxxx f15:3caae3b8  f8:34000000
21281731ns          372326 1c008ca4 a0f607d3 fle.s            x15, f12, f15       x15=00000000 f12:40dbeeef f15:312ae3b8
21281751ns          372327 1c008ca8 00079563 bne              x15, x0, 10         x15:00000000
21281770ns          372328 1c008caa a0960653 fle.s            x12, f12, f9        x12=00000000 f12:40dbeeef  f9:0c000000
21281830ns          372331 1c008cae 36060663 beq              x12, x0, 876        x12:00000000
21281910ns          372335 1c00901a 00d71463 bne              x14, x13, 8         x14:00000005 x13:00000000
21282009ns          372340 1c009022 01100733 add              x14, x0, x17        x14=00000004 x17:00000004
21282029ns          372341 1c009024 ffc58593 addi             x11, x11, -4        x11=10000de0 x11:10000de4
21282049ns          372342 1c008c68 fff70893 addi             x17, x14, -1        x17=00000003 x14:00000004
21282069ns          372343 1c008c6c 00000793 addi             x15, x0, 0          x15=00000000
21282089ns          372344 1c008c70 00ec4763 blt              x24, x14, 14        x24:00000004 x14:00000004
21282109ns          372345 1c008c74 0045a783 lw               x15, 4(x11)         x15=bcaae3b8 x11:10000de0  PA:10000de4
21282148ns          372347 1c008c76 a1c79653 flt.s            x12, f15, f28       x12=00000001 f15:bcaae3b8 f28:00000000
21282168ns          372348 1c008c7a 38061b63 bne              x12, x0, 918        x12:00000001
21282228ns          372351 1c009010 20f797d3 fsgnjn.s         f15, f15, f15       f15=xxxxxxxx f15:bcaae3b8 f15:bcaae3b8
21282248ns          372352 1c009014 c6bff06f jal              x0, -918           
21282307ns          372355 1c008c7e 00efd963 bge              x31, x14, 18        x31:00000001 x14:00000004
21282327ns          372356 1c008c82 0005a603 lw               x12, 0(x11)         x12=c0708e45 x11:10000de0  PA:10000de0
21282367ns          372358 1c008c84 a1c61f53 flt.s            x30, f12, f28       x30=00000001 f12:c0708e45 f28:00000000
21282387ns          372359 1c008c88 380f1163 bne              x30, x0, 898        x30:00000001
21282467ns          372363 1c00900a 20c61653 fsgnjn.s         f12, f12, f12       f12=xxxxxxxx f12:c0708e45 f12:c0708e45
21282486ns          372364 1c00900e c7fff06f jal              x0, -898           
21282526ns          372366 1c008c8c 00c7f7d3 fadd.s           f15, f15, f12       f15=xxxxxxxx f15:3caae3b8 f12:40708e45
21282546ns          372367 1c008c90 ffc3260b p.lw             x12, -4(x6!)        x12=c087f5b7  x6=10000dcc  x6:10000dd0  PA:10000dd0
21282586ns          372369 1c008c94 a1c61f53 flt.s            x30, f12, f28       x30=00000001 f12:c087f5b7 f28:00000000
21282606ns          372370 1c008c98 000f0463 beq              x30, x0, 8          x30:00000001
21282626ns          372371 1c008c9c 20c61653 fsgnjn.s         f12, f12, f12       f12=xxxxxxxx f12:c087f5b7 f12:c087f5b7
21282646ns          372372 1c008ca0 1087f7d3 fmul.s           f15, f15, f8        f15=xxxxxxxx f15:4071e40c  f8:34000000
21282665ns          372373 1c008ca4 a0f607d3 fle.s            x15, f12, f15       x15=00000000 f12:4087f5b7 f15:34f1e40c
21282685ns          372374 1c008ca8 00079563 bne              x15, x0, 10         x15:00000000
21282705ns          372375 1c008caa a0960653 fle.s            x12, f12, f9        x12=00000000 f12:4087f5b7  f9:0c000000
21282725ns          372376 1c008cae 36060663 beq              x12, x0, 876        x12:00000000
21282805ns          372380 1c00901a 00d71463 bne              x14, x13, 8         x14:00000004 x13:00000000
21282864ns          372383 1c009022 01100733 add              x14, x0, x17        x14=00000003 x17:00000003
21282884ns          372384 1c009024 ffc58593 addi             x11, x11, -4        x11=10000ddc x11:10000de0
21282904ns          372385 1c008c68 fff70893 addi             x17, x14, -1        x17=00000002 x14:00000003
21282924ns          372386 1c008c6c 00000793 addi             x15, x0, 0          x15=00000000
21282944ns          372387 1c008c70 00ec4763 blt              x24, x14, 14        x24:00000004 x14:00000003
21282964ns          372388 1c008c74 0045a783 lw               x15, 4(x11)         x15=c0708e45 x11:10000ddc  PA:10000de0
21283004ns          372390 1c008c76 a1c79653 flt.s            x12, f15, f28       x12=00000001 f15:c0708e45 f28:00000000
21283024ns          372391 1c008c7a 38061b63 bne              x12, x0, 918        x12:00000001
21283083ns          372394 1c009010 20f797d3 fsgnjn.s         f15, f15, f15       f15=xxxxxxxx f15:c0708e45 f15:c0708e45
21283103ns          372395 1c009014 c6bff06f jal              x0, -918           
21283163ns          372398 1c008c7e 00efd963 bge              x31, x14, 18        x31:00000001 x14:00000003
21283183ns          372399 1c008c82 0005a603 lw               x12, 0(x11)         x12=bfa82aeb x11:10000ddc  PA:10000ddc
21283222ns          372401 1c008c84 a1c61f53 flt.s            x30, f12, f28       x30=00000001 f12:bfa82aeb f28:00000000
21283242ns          372402 1c008c88 380f1163 bne              x30, x0, 898        x30:00000001
21283322ns          372406 1c00900a 20c61653 fsgnjn.s         f12, f12, f12       f12=xxxxxxxx f12:bfa82aeb f12:bfa82aeb
21283342ns          372407 1c00900e c7fff06f jal              x0, -898           
21283382ns          372409 1c008c8c 00c7f7d3 fadd.s           f15, f15, f12       f15=xxxxxxxx f15:40708e45 f12:3fa82aeb
21283401ns          372410 1c008c90 ffc3260b p.lw             x12, -4(x6!)        x12=c10ebc75  x6=10000dc8  x6:10000dcc  PA:10000dcc
21283441ns          372412 1c008c94 a1c61f53 flt.s            x30, f12, f28       x30=00000001 f12:c10ebc75 f28:00000000
21283461ns          372413 1c008c98 000f0463 beq              x30, x0, 8          x30:00000001
21283481ns          372414 1c008c9c 20c61653 fsgnjn.s         f12, f12, f12       f12=xxxxxxxx f12:c10ebc75 f12:c10ebc75
21283501ns          372415 1c008ca0 1087f7d3 fmul.s           f15, f15, f8        f15=xxxxxxxx f15:40a251dd  f8:34000000
21283521ns          372416 1c008ca4 a0f607d3 fle.s            x15, f12, f15       x15=00000000 f12:410ebc75 f15:352251dd
21283541ns          372417 1c008ca8 00079563 bne              x15, x0, 10         x15:00000000
21283561ns          372418 1c008caa a0960653 fle.s            x12, f12, f9        x12=00000000 f12:410ebc75  f9:0c000000
21283580ns          372419 1c008cae 36060663 beq              x12, x0, 876        x12:00000000
21283660ns          372423 1c00901a 00d71463 bne              x14, x13, 8         x14:00000003 x13:00000000
21283720ns          372426 1c009022 01100733 add              x14, x0, x17        x14=00000002 x17:00000002
21283740ns          372427 1c009024 ffc58593 addi             x11, x11, -4        x11=10000dd8 x11:10000ddc
21283759ns          372428 1c008c68 fff70893 addi             x17, x14, -1        x17=00000001 x14:00000002
21283779ns          372429 1c008c6c 00000793 addi             x15, x0, 0          x15=00000000
21283799ns          372430 1c008c70 00ec4763 blt              x24, x14, 14        x24:00000004 x14:00000002
21283819ns          372431 1c008c74 0045a783 lw               x15, 4(x11)         x15=bfa82aeb x11:10000dd8  PA:10000ddc
21283859ns          372433 1c008c76 a1c79653 flt.s            x12, f15, f28       x12=00000001 f15:bfa82aeb f28:00000000
21283879ns          372434 1c008c7a 38061b63 bne              x12, x0, 918        x12:00000001
21283938ns          372437 1c009010 20f797d3 fsgnjn.s         f15, f15, f15       f15=xxxxxxxx f15:bfa82aeb f15:bfa82aeb
21283958ns          372438 1c009014 c6bff06f jal              x0, -918           
21284018ns          372441 1c008c7e 00efd963 bge              x31, x14, 18        x31:00000001 x14:00000002
21284038ns          372442 1c008c82 0005a603 lw               x12, 0(x11)         x12=3ef01f9c x11:10000dd8  PA:10000dd8
21284078ns          372444 1c008c84 a1c61f53 flt.s            x30, f12, f28       x30=00000000 f12:3ef01f9c f28:00000000
21284098ns          372445 1c008c88 380f1163 bne              x30, x0, 898        x30:00000000
21284118ns          372446 1c008c8c 00c7f7d3 fadd.s           f15, f15, f12       f15=xxxxxxxx f15:3fa82aeb f12:3ef01f9c
21284137ns          372447 1c008c90 ffc3260b p.lw             x12, -4(x6!)        x12=41590658  x6=10000dc4  x6:10000dc8  PA:10000dc8
21284177ns          372449 1c008c94 a1c61f53 flt.s            x30, f12, f28       x30=00000000 f12:41590658 f28:00000000
21284197ns          372450 1c008c98 000f0463 beq              x30, x0, 8          x30:00000000
21284257ns          372453 1c008ca0 1087f7d3 fmul.s           f15, f15, f8        f15=xxxxxxxx f15:3fe432d2  f8:34000000
21284277ns          372454 1c008ca4 a0f607d3 fle.s            x15, f12, f15       x15=00000000 f12:41590658 f15:346432d2
21284297ns          372455 1c008ca8 00079563 bne              x15, x0, 10         x15:00000000
21284316ns          372456 1c008caa a0960653 fle.s            x12, f12, f9        x12=00000000 f12:41590658  f9:0c000000
21284336ns          372457 1c008cae 36060663 beq              x12, x0, 876        x12:00000000
21284416ns          372461 1c00901a 00d71463 bne              x14, x13, 8         x14:00000002 x13:00000000
21284476ns          372464 1c009022 01100733 add              x14, x0, x17        x14=00000001 x17:00000001
21284495ns          372465 1c009024 ffc58593 addi             x11, x11, -4        x11=10000dd4 x11:10000dd8
21284515ns          372466 1c008c68 fff70893 addi             x17, x14, -1        x17=00000000 x14:00000001
21284535ns          372467 1c008c6c 00000793 addi             x15, x0, 0          x15=00000000
21284555ns          372468 1c008c70 00ec4763 blt              x24, x14, 14        x24:00000004 x14:00000001
21284575ns          372469 1c008c74 0045a783 lw               x15, 4(x11)         x15=3ef01f9c x11:10000dd4  PA:10000dd8
21284615ns          372471 1c008c76 a1c79653 flt.s            x12, f15, f28       x12=00000000 f15:3ef01f9c f28:00000000
21284635ns          372472 1c008c7a 38061b63 bne              x12, x0, 918        x12:00000000
21284655ns          372473 1c008c7e 00efd963 bge              x31, x14, 18        x31:00000001 x14:00000001
21284714ns          372476 1c008c90 ffc3260b p.lw             x12, -4(x6!)        x12=4213dedc  x6=10000dc0  x6:10000dc4  PA:10000dc4
21284754ns          372478 1c008c94 a1c61f53 flt.s            x30, f12, f28       x30=00000000 f12:4213dedc f28:00000000
21284774ns          372479 1c008c98 000f0463 beq              x30, x0, 8          x30:00000000
21284834ns          372482 1c008ca0 1087f7d3 fmul.s           f15, f15, f8        f15=xxxxxxxx f15:3ef01f9c  f8:34000000
21284853ns          372483 1c008ca4 a0f607d3 fle.s            x15, f12, f15       x15=00000000 f12:4213dedc f15:33701f9c
21284873ns          372484 1c008ca8 00079563 bne              x15, x0, 10         x15:00000000
21284893ns          372485 1c008caa a0960653 fle.s            x12, f12, f9        x12=00000000 f12:4213dedc  f9:0c000000
21284913ns          372486 1c008cae 36060663 beq              x12, x0, 876        x12:00000000
21284993ns          372490 1c00901a 00d71463 bne              x14, x13, 8         x14:00000001 x13:00000000
21285052ns          372493 1c009022 01100733 add              x14, x0, x17        x14=00000000 x17:00000000
21285072ns          372494 1c009024 ffc58593 addi             x11, x11, -4        x11=10000dd0 x11:10000dd4
21285092ns          372495 1c009026 00000793 addi             x15, x0, 0          x15=00000000
21285112ns          372496 1c00902a a0f297d3 flt.s            x15, f5, f15        x15=00000000  f5:40dbeeef f15:00000000
21285132ns          372497 1c00902e 005006b3 add              x13, x0, x5         x13=40dbeeef  x5:40dbeeef
21285172ns          372499 1c009030 00078363 beq              x15, x0, 6          x15:00000000
21285251ns          372503 1c009036 002d9593 slli             x11, x27, 0x2       x11=0000000c x27:00000003
21285271ns          372504 1c00903a 0e010613 addi             x12, x2, 224        x12=10000e78  x2:10000d98
21285291ns          372505 1c00903c 00b607b3 add              x15, x12, x11       x15=10000e84 x12:10000e78 x11:0000000c
21285331ns          372507 1c009040 f4c7a603 lw               x12, -180(x15)      x12=c087f5b7 x15:10000e84  PA:10000dd0
21285371ns          372509 1c009044 00000793 addi             x15, x0, 0          x15=00000000
21285391ns          372510 1c009048 a0f617d3 flt.s            x15, f12, f15       x15=00000001 f12:c087f5b7 f15:00000000
21285410ns          372511 1c00904c 00b12423 sw               x11, 8(x2)          x11:0000000c  x2:10000d98  PA:10000da0
21285430ns          372512 1c00904e 06d12423 sw               x13, 104(x2)        x13:40dbeeef  x2:10000d98  PA:10000e00
21285470ns          372514 1c009050 00c00533 add              x10, x0, x12        x10=c087f5b7 x12:c087f5b7
21285490ns          372515 1c009052 00b008b3 add              x17, x0, x11        x17=0000000c x11:0000000c
21285510ns          372516 1c009054 00078363 beq              x15, x0, 6          x15:00000001
21285530ns          372517 1c009056 20c61553 fsgnjn.s         f10, f12, f12       f10=xxxxxxxx f12:c087f5b7 f12:c087f5b7
21285550ns          372518 1c00905a 0e010713 addi             x14, x2, 224        x14=10000e78  x2:10000d98
21285570ns          372519 1c00905c 011707b3 add              x15, x14, x17       x15=10000e84 x14:10000e78 x17:0000000c
21285609ns          372521 1c009060 f607a783 lw               x15, -160(x15)      x15=bcaae3b8 x15:10000e84  PA:10000de4
21285669ns          372524 1c009064 00000713 addi             x14, x0, 0          x14=00000000
21285689ns          372525 1c009068 a0e79753 flt.s            x14, f15, f14       x14=00000001 f15:bcaae3b8 f14:00000000
21285709ns          372526 1c00906c 06a12623 sw               x10, 108(x2)        x10:4087f5b7  x2:10000d98  PA:10000e04
21285729ns          372527 1c00906e 00070363 beq              x14, x0, 6          x14:00000001
21285749ns          372528 1c009070 2320106f jal              x0, 4658           
21285868ns          372534 1c00a2a2 20f79753 fsgnjn.s         f14, f15, f15       f14=xxxxxxxx f15:bcaae3b8 f15:bcaae3b8
21285888ns          372535 1c00a2a6 dd1fe06f jal              x0, -4656          
21285928ns          372537 1c009076 00281813 slli             x16, x16, 0x2       x16=00000000 x16:00000000
21285947ns          372538 1c009078 0e010993 addi             x19, x2, 224        x19=10000e78  x2:10000d98
21285967ns          372539 1c00907c 010985b3 add              x11, x19, x16       x11=10000e78 x19:10000e78 x16:00000000
21286027ns          372542 1c009080 f4c5a883 lw               x17, -180(x11)      x17=4213dedc x11:10000e78  PA:10000dc4
21286067ns          372544 1c009084 00000593 addi             x11, x0, 0          x11=00000000
21286087ns          372545 1c009088 a0b895d3 flt.s            x11, f17, f11       x11=00000000 f17:4213dedc f11:00000000
21286107ns          372546 1c00908c 06e12823 sw               x14, 112(x2)        x14:3caae3b8  x2:10000d98  PA:10000e08
21286126ns          372547 1c00908e 01100e33 add              x28, x0, x17        x28=4213dedc x17:4213dedc
21286166ns          372549 1c009090 00058363 beq              x11, x0, 6          x11:00000000
21286246ns          372553 1c009096 0e010e93 addi             x29, x2, 224        x29=10000e78  x2:10000d98
21286266ns          372554 1c00909a 01d80833 add              x16, x16, x29       x16=10000e78 x16:00000000 x29:10000e78
21286286ns          372555 1c00909c f6082303 lw               x6, -160(x16)        x6=3ef01f9c x16:10000e78  PA:10000dd8
21286325ns          372557 1c0090a0 00000593 addi             x11, x0, 0          x11=00000000
21286365ns          372559 1c0090a4 a0b315d3 flt.s            x11, f6, f11        x11=00000000  f6:3ef01f9c f11:00000000
21286385ns          372560 1c0090a8 07c12a23 sw               x28, 116(x2)        x28:4213dedc  x2:10000d98  PA:10000e0c
21286405ns          372561 1c0090aa 00058363 beq              x11, x0, 6          x11:00000000
21286504ns          372566 1c0090b0 006005b3 add              x11, x0, x6         x11=3ef01f9c  x6:3ef01f9c
21286524ns          372567 1c0090b2 a0d6a853 feq.s            x16, f13, f13       x16=00000001 f13:40dbeeef f13:40dbeeef
21286544ns          372568 1c0090b6 06b12c23 sw               x11, 120(x2)        x11:3ef01f9c  x2:10000d98  PA:10000e10
21286564ns          372569 1c0090b8 00080463 beq              x16, x0, 8          x16:00000001
21286584ns          372570 1c0090bc 0080106f jal              x0, 4104           
21286703ns          372576 1c00a0c4 a0a69853 flt.s            x16, f13, f10       x16=00000000 f13:40dbeeef f10:4087f5b7
21286743ns          372578 1c00a0c8 1e080563 beq              x16, x0, 490        x16:00000000
21286942ns          372588 1c00a2b2 a0e69553 flt.s            x10, f13, f14       x10=00000000 f13:40dbeeef f14:3caae3b8
21286962ns          372589 1c00a2b6 00100813 addi             x16, x0, 1          x16=00000001
21286982ns          372590 1c00a2b8 00300e13 addi             x28, x0, 3          x28=00000003
21287002ns          372591 1c00a2ba 00050363 beq              x10, x0, 6          x10:00000000
21287081ns          372595 1c00a2c0 07412703 lw               x14, 116(x2)        x14=4213dedc  x2:10000d98  PA:10000e0c
21287121ns          372597 1c00a2c2 a0e69553 flt.s            x10, f13, f14       x10=00000001 f13:40dbeeef f14:4213dedc
21287141ns          372598 1c00a2c6 e0051ce3 bne              x10, x0, -488       x10:00000001
21287300ns          372606 1c00a0de a0b716d3 flt.s            x13, f14, f11       x13=00000000 f14:4213dedc f11:3ef01f9c
21287340ns          372608 1c00a0e2 84069063 bne              x13, x0, -4032      x13:00000000
21287360ns          372609 1c00a0e6 00e005b3 add              x11, x0, x14        x11=4213dedc x14:4213dedc
21287380ns          372610 1c00a0e8 83aff06f jal              x0, -4038          
21287559ns          372619 1c009122 1c0004b7 lui              x9, 0x1c000000       x9=1c000000
21287579ns          372620 1c009126 0204a703 lw               x14, 32(x9)         x14=3f800000  x9:1c000000  PA:1c000020
21287897ns          372636 1c00912a 18b77753 fdiv.s           f14, f14, f11       f14=xxxxxxxx f14:3f800000 f11:4213dedc
21288175ns          372650 1c00912e 105772d3 fmul.s           f5, f14, f5          f5=xxxxxxxx f14:3cdd9968  f5:40dbeeef
21288195ns          372651 1c009132 10e7f7d3 fmul.s           f15, f15, f14       f15=xxxxxxxx f15:bcaae3b8 f14:3cdd9968
21288215ns          372652 1c009136 00000513 addi             x10, x0, 0          x10=00000000
21288235ns          372653 1c00913a 28e676c3 fmadd.s          f13, f12, f14, f5   f13=xxxxxxxx f12:c087f5b7 f14:3cdd9968  f5:3e3e610f
21288295ns          372656 1c00913e 28e67e47 fmsub.s          f28, f12, f14, f5   f28=xxxxxxxx f12:c087f5b7 f14:3cdd9968  f5:3e3e610f
21288334ns          372658 1c009142 10f7f853 fmul.s           f16, f15, f15       f16=xxxxxxxx f15:ba13ecfd f15:ba13ecfd
21288354ns          372659 1c009146 10f2f653 fmul.s           f12, f5, f15        f12=xxxxxxxx  f5:3e3e610f f15:ba13ecfd
21288374ns          372660 1c00914a 10e8f7d3 fmul.s           f15, f17, f14       f15=xxxxxxxx f17:4213dedc f14:3cdd9968
21288434ns          372663 1c00914e 1c000737 lui              x14, 0x1c000000     x14=1c000000
21288474ns          372665 1c009152 81c6f6c3 fmadd.s          f13, f13, f28, f16  f13=xxxxxxxx f13:3d9160ee f28:be9a08d4 f16:34aaf40c
21288493ns          372666 1c009156 03070713 addi             x14, x14, 48        x14=1c000030 x14:1c000000
21288513ns          372667 1c00915a 00072703 lw               x14, 0(x14)         x14=3f000000 x14:1c000030  PA:1c000030
21288832ns          372683 1c00915c 10c67653 fmul.s           f12, f12, f12       f12=xxxxxxxx f12:b8dc03f2 f12:b8dc03f2
21288852ns          372684 1c009160 10e6f6d3 fmul.s           f13, f13, f14       f13=xxxxxxxx f13:bcaef1fa f14:3f000000
21288871ns          372685 1c009164 a0a6a753 feq.s            x14, f13, f10       x14=00000000 f13:bc2ef1fa f10:00000000
21288891ns          372686 1c009168 00070663 beq              x14, x0, 12         x14:00000000
21288991ns          372691 1c009174 00000513 addi             x10, x0, 0          x10=00000000
21289011ns          372692 1c009178 a0a69553 flt.s            x10, f13, f10       x10=00000001 f13:bc2ef1fa f10:00000000
21289031ns          372693 1c00917c 60d6f743 fmadd.s          f14, f13, f13, f12  f14=xxxxxxxx f13:bc2ef1fa f13:bc2ef1fa f12:323d16c8
21289090ns          372696 1c009180 58077753 fsqrt.s          f14, f14            f14=xxxxxxxx f14:38ef2192
21290244ns          372754 1c009184 00050363 beq              x10, x0, 6          x10:00000001
21290264ns          372755 1c009186 20e71753 fsgnjn.s         f14, f14, f14       f14=xxxxxxxx f14:3c2ef423 f14:3c2ef423
21290284ns          372756 1c00918a 00e6f6d3 fadd.s           f13, f13, f14       f13=xxxxxxxx f13:bc2ef1fa f14:bc2ef423
21290304ns          372757 1c00918e 18d67753 fdiv.s           f14, f12, f13       f14=xxxxxxxx f12:323d16c8 f13:bcaef30e
21290522ns          372768 1c009192 00f2f853 fadd.s           f16, f5, f15        f16=xxxxxxxx  f5:3e3e610f f15:3f800000
21290801ns          372782 1c009196 0857f6d3 fsub.s           f13, f15, f5        f13=xxxxxxxx f15:3f800000  f5:3e3e610f
21290821ns          372783 1c00919a 18b375d3 fdiv.s           f11, f6, f11        f11=xxxxxxxx  f6:3ef01f9c f11:4213dedc
21291338ns          372809 1c00919e 10b7f7d3 fmul.s           f15, f15, f11       f15=xxxxxxxx f15:3f800000 f11:3c4fdb2e
21291358ns          372810 1c0091a2 70d87843 fmadd.s          f16, f16, f13, f14  f16=xxxxxxxx f16:3f97cc22 f13:3f5067bc f14:b50a5856
21291378ns          372811 1c0091a6 5dfc4563 blt              x24, x31, 1482      x24:00000004 x31:00000001
21291398ns          372812 1c0091aa 002f9693 slli             x13, x31, 0x2       x13=00000004 x31:00000001
21291457ns          372815 1c0091ae 01f68333 add              x6, x13, x31         x6=00000005 x13:00000004 x31:00000001
21291477ns          372816 1c0091b2 00231313 slli             x6, x6, 0x2          x6=00000014  x6:00000005
21291497ns          372817 1c0091b4 058fc733 p.min            x14, x31, x24       x14=00000001 x31:00000001 x24:00000004
21291517ns          372818 1c0091b8 02c10893 addi             x17, x2, 44         x17=10000dc4  x2:10000d98
21291537ns          372819 1c0091bc 0e010993 addi             x19, x2, 224        x19=10000e78  x2:10000d98
21291596ns          372822 1c0091c0 ffc68a13 addi             x20, x13, -4        x20=00000000 x13:00000004
21291636ns          372824 1c0091c4 fec30e13 addi             x28, x6, -20        x28=00000000  x6:00000014
21291656ns          372825 1c0091c8 00d88ab3 add              x21, x17, x13       x21=10000dc8 x17:10000dc4 x13:00000004
21291676ns          372826 1c0091cc 00d98633 add              x12, x19, x13       x12=10000e7c x19:10000e78 x13:00000004
21291736ns          372829 1c0091d0 41f70b33 sub              x22, x14, x31       x22=00000000 x14:00000001 x31:00000001
21291775ns          372831 1c0091d4 04010393 addi             x7, x2, 64           x7=10000dd8  x2:10000d98
21291795ns          372832 1c0091d8 001f8693 addi             x13, x31, 1         x13=00000002 x31:00000001
21291815ns          372833 1c0091dc 00170713 addi             x14, x14, 1         x14=00000002 x14:00000001
21291875ns          372836 1c0091de 006c8eb3 add              x29, x25, x6        x29=10000f34 x25:10000f20  x6:00000014
21291915ns          372838 1c0091e2 01488bb3 add              x23, x17, x20       x23=10000dc4 x17:10000dc4 x20:00000000
21291935ns          372839 1c0091e6 01cc8f33 add              x30, x25, x28       x30=10000f20 x25:10000f20 x28:00000000
21291954ns          372840 1c0091ea f5c62503 lw               x10, -164(x12)      x10=3ef01f9c x12:10000e7c  PA:10000dd8
21292014ns          372843 1c0091ee ffcaa583 lw               x11, -4(x21)        x11=4213dedc x21:10000dc8  PA:10000dc4
21292034ns          372844 1c0091f2 01a30333 add              x6, x6, x26          x6=10000ed0  x6:00000014 x26:10000ebc
21292054ns          372845 1c0091f4 007a0a33 add              x20, x20, x7        x20=10000dd8 x20:00000000  x7:10000dd8
21292074ns          372846 1c0091f6 01ae0e33 add              x28, x28, x26       x28=10000ebc x28:00000000 x26:10000ebc
21292094ns          372847 1c0091f8 00000293 addi             x5, x0, 0            x5=00000000
21292114ns          372848 1c0091fc 001b0b13 addi             x22, x22, 1         x22=00000001 x22:00000000
21292153ns          372850 1c0091fe 00d75463 bge              x14, x13, 8         x14:00000002 x13:00000002
21292233ns          372854 1c009206 145b40fb lp.setup         0x1, x22, 0x145     x22:00000001
21292253ns          372855 1c00920a a0581753 flt.s            x14, f16, f5        x14=00000000 f16:3f7726b4  f5:00000000
21292273ns          372856 1c00920e 01000633 add              x12, x0, x16        x12=3f7726b4 x16:3f7726b4
21292313ns          372858 1c009210 00070363 beq              x14, x0, 6          x14:00000000
21292392ns          372862 1c009216 a0579753 flt.s            x14, f15, f5        x14=00000000 f15:3c4fdb2e  f5:00000000
21292412ns          372863 1c00921a 00f008b3 add              x17, x0, x15        x17=3c4fdb2e x15:3c4fdb2e
21292432ns          372864 1c00921c 00070363 beq              x14, x0, 6          x14:00000000
21292551ns          372870 1c009222 a0c89753 flt.s            x14, f17, f12       x14=00000001 f17:3c4fdb2e f12:3f7726b4
21292571ns          372871 1c009226 010006b3 add              x13, x0, x16        x13=3f7726b4 x16:3f7726b4
21292591ns          372872 1c009228 00071263 bne              x14, x0, 4          x14:00000001
21292690ns          372877 1c00922c 01167753 fadd.s           f14, f12, f17       f14=xxxxxxxx f12:3f7726b4 f17:3c4fdb2e
21292710ns          372878 1c009230 a05723d3 feq.s            x7, f14, f5          x7=00000000 f14:3f7a6621  f5:00000000
21292730ns          372879 1c009234 00038463 beq              x7, x0, 8            x7:00000000
21292790ns          372882 1c00923c 1c000437 lui              x8, 0x1c000000       x8=1c000000
21292850ns          372885 1c009240 02040413 addi             x8, x8, 32           x8=1c000020  x8:1c000000
21292889ns          372887 1c009244 00042403 lw               x8, 0(x8)            x8=3f800000  x8:1c000020  PA:1c000020
21293208ns          372903 1c009246 18e473d3 fdiv.s           f7, f8, f14          f7=xxxxxxxx  f8:3f800000 f14:3f7a6621
21293486ns          372917 1c00924a 1078f8d3 fmul.s           f17, f17, f7        f17=xxxxxxxx f17:3c4fdb2e  f7:3f82dcf9
21293506ns          372918 1c00924e 10767653 fmul.s           f12, f12, f7        f12=xxxxxxxx f12:3f7726b4  f7:3f82dcf9
21293526ns          372919 1c009252 a05696d3 flt.s            x13, f13, f5        x13=00000000 f13:3f7726b4  f5:00000000
21293546ns          372920 1c009256 1118f8d3 fmul.s           f17, f17, f17       f17=xxxxxxxx f17:3c548170 f17:3c548170
21293566ns          372921 1c00925a 88c67643 fmadd.s          f12, f12, f12, f17  f12=xxxxxxxx f12:3f7cadfa f12:3f7cadfa f17:393066a3
21293625ns          372924 1c00925e 58067653 fsqrt.s          f12, f12            f12=xxxxxxxx f12:3f797201
21294421ns          372964 1c009262 10c77753 fmul.s           f14, f14, f12       f14=xxxxxxxx f14:3f7a6621 f12:3f7cb390
21294441ns          372965 1c009266 00068363 beq              x13, x0, 6          x13:00000000
21294560ns          372971 1c00926c 1c0004b7 lui              x9, 0x1c000000       x9=1c000000
21294580ns          372972 1c009270 02048493 addi             x9, x9, 32           x9=1c000020  x9:1c000000
21294600ns          372973 1c009274 0004a483 lw               x9, 0(x9)            x9=3f800000  x9:1c000020  PA:1c000020
21294938ns          372990 1c009276 18e4f753 fdiv.s           f14, f9, f14        f14=xxxxxxxx  f9:3f800000 f14:3f772c2b
21295236ns          373005 1c00927a 10e87653 fmul.s           f12, f16, f14       f12=xxxxxxxx f16:3f7726b4 f14:3f849245
21295256ns          373006 1c00927e 10e7f7d3 fmul.s           f15, f15, f14       f15=xxxxxxxx f15:3c4fdb2e f14:3f849245
21295276ns          373007 1c009282 000e2683 lw               x13, 0(x28)         x13=3ebd4faf x28:10000ebc  PA:10000ebc
21295296ns          373008 1c009286 00032803 lw               x16, 0(x6)          x16=bf0b4afb  x6:10000ed0  PA:10000ed0
21295316ns          373009 1c00928a 10d7f3d3 fmul.s           f7, f15, f13         f7=xxxxxxxx f15:3c57478d f13:3ebd4faf
21295376ns          373012 1c00928e 1107f8d3 fmul.s           f17, f15, f16       f17=xxxxxxxx f15:3c57478d f16:bf0b4afb
21295415ns          373014 1c009292 10f57753 fmul.s           f14, f10, f15       f14=xxxxxxxx f10:3ef01f9c f15:3c57478d
21295435ns          373015 1c009296 39067847 fmsub.s          f16, f12, f16, f7   f16=xxxxxxxx f12:3f7ffa57 f16:bf0b4afb  f7:3b9f32d5
21295455ns          373016 1c00929a 88d676c3 fmadd.s          f13, f12, f13, f17  f13=xxxxxxxx f12:3f7ffa57 f13:3ebd4faf f17:bbea45cf
21295515ns          373019 1c00929e 10b7f3d3 fmul.s           f7, f15, f11         f7=xxxxxxxx f15:3c57478d f11:4213dedc
21295555ns          373021 1c0092a2 01032023 sw               x16, 0(x6)          x16:bf0c864c  x6:10000ed0  PA:10000ed0
21295575ns          373022 1c0092a6 00de2023 sw               x13, 0(x28)         x13:3eb9a268 x28:10000ebc  PA:10000ebc
21295594ns          373023 1c0092aa 004e2803 lw               x16, 4(x28)         x16=3ef639e1 x28:10000ebc  PA:10000ec0
21295654ns          373026 1c0092ae 00432883 lw               x17, 4(x6)          x17=3e96d42f  x6:10000ed0  PA:10000ed4
21295694ns          373028 1c0092b2 1107f453 fmul.s           f8, f15, f16         f8=xxxxxxxx f15:3c57478d f16:3ef639e1
21295714ns          373029 1c0092b6 1117f6d3 fmul.s           f13, f15, f17       f13=xxxxxxxx f15:3c57478d f17:3e96d42f
21295734ns          373030 1c0092ba 70b67743 fmadd.s          f14, f12, f11, f14  f14=xxxxxxxx f12:3f7ffa57 f11:4213dedc f14:3bc9eda9
21295793ns          373033 1c0092be 411678c7 fmsub.s          f17, f12, f17, f8   f17=xxxxxxxx f12:3f7ffa57 f17:3e96d42f  f8:3bcf0f6e
21295833ns          373035 1c0092c2 69067843 fmadd.s          f16, f12, f16, f13  f16=xxxxxxxx f12:3f7ffa57 f16:3ef639e1 f13:3b7dacb7
21295853ns          373036 1c0092c6 38c576c7 fmsub.s          f13, f10, f12, f7   f13=xxxxxxxx f10:3ef01f9c f12:3f7ffa57  f7:3ef8b2fe
21295873ns          373037 1c0092ca 01132223 sw               x17, 4(x6)          x17:3e93949c  x6:10000ed0  PA:10000ed4
21295933ns          373040 1c0092ce 008e2583 lw               x11, 8(x28)         x11=3f0719b3 x28:10000ebc  PA:10000ec4
21295972ns          373042 1c0092d2 010e2223 sw               x16, 4(x28)         x16:3ef82fc9 x28:10000ebc  PA:10000ec0
21295992ns          373043 1c0092d6 00832803 lw               x16, 8(x6)          x16=3ea7ccf1  x6:10000ed0  PA:10000ed8
21296012ns          373044 1c0092da 10b7f8d3 fmul.s           f17, f15, f11       f17=xxxxxxxx f15:3c57478d f11:3f0719b3
21296072ns          373047 1c0092de 1107f553 fmul.s           f10, f15, f16       f10=xxxxxxxx f15:3c57478d f16:3ea7ccf1
21296112ns          373049 1c0092e2 a05713d3 flt.s            x7, f14, f5          x7=00000000 f14:4213e1e6  f5:00000000
21296132ns          373050 1c0092e6 890678c7 fmsub.s          f17, f12, f16, f17  f17=xxxxxxxx f12:3f7ffa57 f16:3ea7ccf1 f17:3be338b0
21296151ns          373051 1c0092ea 50b67543 fmadd.s          f10, f12, f11, f10  f10=xxxxxxxx f12:3f7ffa57 f11:3f0719b3 f10:3b8d1c05
21296211ns          373054 1c0092ee 000aa803 lw               x16, 0(x21)         x16=41590658 x21:10000dc8  PA:10000dc8
21296251ns          373056 1c0092f2 01132423 sw               x17, 8(x6)          x17:3ea43c58  x6:10000ed0  PA:10000ed8
21296271ns          373057 1c0092f6 00ce2583 lw               x11, 12(x28)        x11=3ee9a8c6 x28:10000ebc  PA:10000ec8
21296291ns          373058 1c0092fa 00ae2423 sw               x10, 8(x28)         x10:3f0830ee x28:10000ebc  PA:10000ec4
21296350ns          373061 1c0092fe 00c32403 lw               x8, 12(x6)           x8=bf166280  x6:10000ed0  PA:10000edc
21296390ns          373063 1c009302 10b7f8d3 fmul.s           f17, f15, f11       f17=xxxxxxxx f15:3c57478d f11:3ee9a8c6
21296410ns          373064 1c009306 1087f553 fmul.s           f10, f15, f8        f10=xxxxxxxx f15:3c57478d  f8:bf166280
21296430ns          373065 1c00930a 00da222b p.sw             x13, 4(x20!)        x20=10000ddc x13:bc898b12 x20:10000dd8  PA:10000dd8
21296490ns          373068 1c00930e 88867447 fmsub.s          f8, f12, f8, f17     f8=xxxxxxxx f12:3f7ffa57  f8:bf166280 f17:3bc47e0d
21296529ns          373070 1c009312 50b67543 fmadd.s          f10, f12, f11, f10  f10=xxxxxxxx f12:3f7ffa57 f11:3ee9a8c6 f10:bbfced83
21296549ns          373071 1c009316 10f875d3 fmul.s           f11, f16, f15       f11=xxxxxxxx f16:41590658 f15:3c57478d
21296569ns          373072 1c00931a 00832623 sw               x8, 12(x6)           x8:bf17e829  x6:10000ed0  PA:10000edc
21296629ns          373075 1c00931e 010e2403 lw               x8, 16(x28)          x8=3ec31f64 x28:10000ebc  PA:10000ecc
21296669ns          373077 1c009322 00ae2623 sw               x10, 12(x28)        x10:3ee5afe5 x28:10000ebc  PA:10000ec8
21296688ns          373078 1c009326 01032503 lw               x10, 16(x6)         x10=3ecfc332  x6:10000ed0  PA:10000ee0
21296708ns          373079 1c00932a 1087f4d3 fmul.s           f9, f15, f8          f9=xxxxxxxx f15:3c57478d  f8:3ec31f64
21296768ns          373082 1c00932e 10a7f7d3 fmul.s           f15, f15, f10       f15=xxxxxxxx f15:3c57478d f10:3ecfc332
21296808ns          373084 1c009332 10c878d3 fmul.s           f17, f16, f12       f17=xxxxxxxx f16:41590658 f12:3f7ffa57
21296828ns          373085 1c009336 48a67547 fmsub.s          f10, f12, f10, f9   f10=xxxxxxxx f12:3f7ffa57 f10:3ecfc332  f9:3ba415e6
21296848ns          373086 1c00933a 788677c3 fmadd.s          f15, f12, f8, f15   f15=xxxxxxxx f12:3f7ffa57  f8:3ec31f64 f15:3baeb701
21296907ns          373089 1c00933e 00a32823 sw               x10, 16(x6)         x10:3ecd2e42  x6:10000ed0  PA:10000ee0
21296947ns          373091 1c009342 00fe2823 sw               x15, 16(x28)        x15:3ec5d5f0 x28:10000ebc  PA:10000ecc
21296967ns          373092 1c009346 00e007b3 add              x15, x0, x14        x15=4213e1e6 x14:4213e1e6
21296987ns          373093 1c009348 00038463 beq              x7, x0, 8            x7:00000000
21297086ns          373098 1c009350 a0559653 flt.s            x12, f11, f5        x12=00000000 f11:3e3680fc  f5:00000000
21297106ns          373099 1c009354 700616e3 bne              x12, x0, 3852       x12:00000000
21297126ns          373100 1c009358 00b00633 add              x12, x0, x11        x12=3e3680fc x11:3e3680fc
21297146ns          373101 1c00935a a0f61553 flt.s            x10, f12, f15       x10=00000001 f12:3e3680fc f15:4213e1e6
21297166ns          373102 1c00935e 00e00833 add              x16, x0, x14        x16=4213e1e6 x14:4213e1e6
21297206ns          373104 1c009360 00051263 bne              x10, x0, 4          x10:00000001
21297265ns          373107 1c009364 00c7f453 fadd.s           f8, f15, f12         f8=xxxxxxxx f15:4213e1e6 f12:3e3680fc
21297285ns          373108 1c009368 a05423d3 feq.s            x7, f8, f5           x7=00000000  f8:42149867  f5:00000000
21297305ns          373109 1c00936c 6a0397e3 bne              x7, x0, 3758         x7:00000000
21297365ns          373112 1c009370 1c0009b7 lui              x19, 0x1c000000     x19=1c000000
21297405ns          373114 1c009374 02098993 addi             x19, x19, 32        x19=1c000020 x19:1c000000
21297424ns          373115 1c009378 0009a983 lw               x19, 0(x19)         x19=3f800000 x19:1c000020  PA:1c000020
21297763ns          373132 1c00937c 1889f3d3 fdiv.s           f7, f19, f8          f7=xxxxxxxx f19:3f800000  f8:42149867
21298081ns          373148 1c009380 10767653 fmul.s           f12, f12, f7        f12=xxxxxxxx f12:3e3680fc  f7:3cdc84b4
21298101ns          373149 1c009384 1077f7d3 fmul.s           f15, f15, f7        f15=xxxxxxxx f15:4213e1e6  f7:3cdc84b4
21298121ns          373150 1c009388 a0581853 flt.s            x16, f16, f5        x16=00000000 f16:4213e1e6  f5:00000000
21298140ns          373151 1c00938c 10c67653 fmul.s           f12, f12, f12       f12=xxxxxxxx f12:3b9d3573 f12:3b9d3573
21298180ns          373153 1c009390 60f7f7c3 fmadd.s          f15, f15, f15, f12  f15=xxxxxxxx f15:3f7ec594 f15:3f7ec594 f12:37c11534
21298220ns          373155 1c009394 5807f7d3 fsqrt.s          f15, f15            f15=xxxxxxxx f15:3f7d8e2c
21298499ns          373169 1c009398 10f47453 fmul.s           f8, f8, f15          f8=xxxxxxxx  f8:42149867 f15:3f7ec656
21298518ns          373170 1c00939c 00080463 beq              x16, x0, 8          x16:00000000
21298578ns          373173 1c0093a4 1c0003b7 lui              x7, 0x1c000000       x7=1c000000
21298598ns          373174 1c0093a8 02038393 addi             x7, x7, 32           x7=1c000020  x7:1c000000
21298618ns          373175 1c0093ac 0003a383 lw               x7, 0(x7)            x7=3f800000  x7:1c000020  PA:1c000020
21298956ns          373192 1c0093b0 1883f7d3 fdiv.s           f15, f7, f8         f15=xxxxxxxx  f7:3f800000  f8:4213e256
21299394ns          373214 1c0093b4 10f77653 fmul.s           f12, f14, f15       f12=xxxxxxxx f14:4213e1e6 f15:3cdd9432
21299414ns          373215 1c0093b8 10f5f3d3 fmul.s           f7, f11, f15         f7=xxxxxxxx f11:3e3680fc f15:3cdd9432
21299433ns          373216 1c0093bc 10c6f853 fmul.s           f16, f13, f12       f16=xxxxxxxx f13:bc898b12 f12:3f7fff3e
21299453ns          373217 1c0093c0 207395d3 fsgnjn.s         f11, f7, f7         f11=xxxxxxxx  f7:3b9df700  f7:3b9df700
21299473ns          373218 1c0093c4 000f2783 lw               x15, 0(x30)         x15=3ed2a06c x30:10000f20  PA:10000f20
21299493ns          373219 1c0093c8 000ea483 lw               x9, 0(x29)           x9=be137e2a x29:10000f34  PA:10000f34
21299513ns          373220 1c0093cc 1077f953 fmul.s           f18, f15, f7        f18=xxxxxxxx f15:3ed2a06c  f7:3b9df700
21299553ns          373222 1c0093d0 1074f553 fmul.s           f10, f9, f7         f10=xxxxxxxx  f9:be137e2a  f7:3b9df700
21299593ns          373224 1c0093d4 10c8f753 fmul.s           f14, f17, f12       f14=xxxxxxxx f17:4159018c f12:3f7fff3e
21299612ns          373225 1c0093d8 90c4f4c7 fmsub.s          f9, f9, f12, f18     f9=xxxxxxxx  f9:be137e2a f12:3f7fff3e f18:3b01f79b
21299632ns          373226 1c0093dc 50c7f543 fmadd.s          f10, f15, f12, f10  f10=xxxxxxxx f15:3ed2a06c f12:3f7fff3e f10:ba36055d
21299692ns          373229 1c0093e0 70b6f5c3 fmadd.s          f11, f13, f11, f14  f11=xxxxxxxx f13:bc898b12 f11:bb9df700 f14:415900e8
21299732ns          373231 1c0093e4 009ea023 sw               x9, 0(x29)           x9:be158599 x29:10000f34  PA:10000f34
21299752ns          373232 1c0093e8 00af2023 sw               x10, 0(x30)         x10:3ed244ca x30:10000f20  PA:10000f20
21299772ns          373233 1c0093ec 004f2503 lw               x10, 4(x30)         x10=3eff759c x30:10000f20  PA:10000f24
21299831ns          373236 1c0093f0 004ea483 lw               x9, 4(x29)           x9=3dccdd86 x29:10000f34  PA:10000f38
21299871ns          373238 1c0093f4 10a3f9d3 fmul.s           f19, f7, f10        f19=xxxxxxxx  f7:3b9df700 f10:3eff759c
21299891ns          373239 1c0093f8 1093f953 fmul.s           f18, f7, f9         f18=xxxxxxxx  f7:3b9df700  f9:3dccdd86
21299911ns          373240 1c0093fc 008ba22b p.sw             x8, 4(x23!)         x23=10000dc8  x8:4213e256 x23:10000dc4  PA:10000dc4
21299970ns          373243 1c009400 989674c7 fmsub.s          f9, f12, f9, f19     f9=xxxxxxxx f12:3f7fff3e  f9:3dccdd86 f19:3b1da19b
21300010ns          373245 1c009404 90a67743 fmadd.s          f14, f12, f10, f18  f14=xxxxxxxx f12:3f7fff3e f10:3eff759c f18:39fcd30a
21300030ns          373246 1c009408 8078f843 fmadd.s          f16, f17, f7, f16   f16=xxxxxxxx f17:4159018c  f7:3b9df700 f16:bc898aaa
21300050ns          373247 1c00940c 009ea223 sw               x9, 4(x29)           x9:3dc7efde x29:10000f34  PA:10000f38
21300110ns          373250 1c009410 00ef2223 sw               x14, 4(x30)         x14:3effb40f x30:10000f20  PA:10000f24
21300149ns          373252 1c009414 008f2703 lw               x14, 8(x30)         x14=3ec6a29d x30:10000f20  PA:10000f28
21300169ns          373253 1c009418 008ea483 lw               x9, 8(x29)           x9=3f1bfbe7 x29:10000f34  PA:10000f3c
21300189ns          373254 1c00941c 10e3f953 fmul.s           f18, f7, f14        f18=xxxxxxxx  f7:3b9df700 f14:3ec6a29d
21300249ns          373257 1c009420 1093f6d3 fmul.s           f13, f7, f9         f13=xxxxxxxx  f7:3b9df700  f9:3f1bfbe7
21300289ns          373259 1c009424 000a2783 lw               x15, 0(x20)         x15=bfa82aeb x20:10000ddc  PA:10000ddc
21300309ns          373260 1c009428 909674c7 fmsub.s          f9, f12, f9, f18     f9=xxxxxxxx f12:3f7fff3e  f9:3f1bfbe7 f18:3af522c2
21300328ns          373261 1c00942c 68e676c3 fmadd.s          f13, f12, f14, f13  f13=xxxxxxxx f12:3f7fff3e f14:3ec6a29d f13:3b407ff9
21300388ns          373264 1c009430 10c7f553 fmul.s           f10, f15, f12       f10=xxxxxxxx f15:bfa82aeb f12:3f7fff3e
21300428ns          373266 1c009434 009ea423 sw               x9, 8(x29)           x9:3f1b80df x29:10000f34  PA:10000f3c
21300448ns          373267 1c009438 00cf2703 lw               x14, 12(x30)        x14=3ef89d57 x30:10000f20  PA:10000f2c
21300468ns          373268 1c00943c 00df2423 sw               x13, 8(x30)         x13:3ec82306 x30:10000f20  PA:10000f28
21300527ns          373271 1c009440 00cea683 lw               x13, 12(x29)        x13=bf38a9c7 x29:10000f34  PA:10000f40
21300567ns          373273 1c009444 10e3f4d3 fmul.s           f9, f7, f14          f9=xxxxxxxx  f7:3b9df700 f14:3ef89d57
21300587ns          373274 1c009448 10d3f453 fmul.s           f8, f7, f13          f8=xxxxxxxx  f7:3b9df700 f13:bf38a9c7
21300607ns          373275 1c00944c 00baa22b p.sw             x11, 4(x21!)        x21=10000dcc x11:4159013d x21:10000dc8  PA:10000dc8
21300667ns          373278 1c009450 48d676c7 fmsub.s          f13, f12, f13, f9   f13=xxxxxxxx f12:3f7fff3e f13:bf38a9c7  f9:3b19685e
21300706ns          373280 1c009454 40e67743 fmadd.s          f14, f12, f14, f8   f14=xxxxxxxx f12:3f7fff3e f14:3ef89d57  f8:bb63e496
21300726ns          373281 1c009458 00aa2023 sw               x10, 0(x20)         x10:bfa82a6c x20:10000ddc  PA:10000ddc
21300746ns          373282 1c00945c 00dea623 sw               x13, 12(x29)        x13:bf3942a3 x29:10000f34  PA:10000f40
21300806ns          373285 1c009460 010f2883 lw               x17, 16(x30)        x17=3ee265b2 x30:10000f20  PA:10000f30
21300846ns          373287 1c009464 00ef2623 sw               x14, 12(x30)        x14:3ef6d4d1 x30:10000f20  PA:10000f2c
21300866ns          373288 1c009468 010ea683 lw               x13, 16(x29)        x13=3e8eacfa x29:10000f34  PA:10000f44
21300885ns          373289 1c00946c 1113f453 fmul.s           f8, f7, f17          f8=xxxxxxxx  f7:3b9df700 f17:3ee265b2
21300945ns          373292 1c009470 10d3f753 fmul.s           f14, f7, f13        f14=xxxxxxxx  f7:3b9df700 f13:3e8eacfa
21300985ns          373294 1c009474 1077f7d3 fmul.s           f15, f15, f7        f15=xxxxxxxx f15:bfa82aeb  f7:3b9df700
21301005ns          373295 1c009478 40d676c7 fmsub.s          f13, f12, f13, f8   f13=xxxxxxxx f12:3f7fff3e f13:3e8eacfa  f8:3b0bb2ce
21301025ns          373296 1c00947c 71167743 fmadd.s          f14, f12, f17, f14  f14=xxxxxxxx f12:3f7fff3e f17:3ee265b2 f14:3ab0137c
21301084ns          373299 1c009480 001f8f93 addi             x31, x31, 1         x31=00000002 x31:00000001
21301124ns          373301 1c009482 00dea823 sw               x13, 16(x29)        x13:3e8d9528 x29:10000f34  PA:10000f44
21301144ns          373302 1c009486 00ef2823 sw               x14, 16(x30)        x14:3ee3151a x30:10000f20  PA:10000f30
21301164ns          373303 1c00948a 014e8e93 addi             x29, x29, 20        x29=10000f48 x29:10000f34
21301184ns          373304 1c00948c 01430313 addi             x6, x6, 20           x6=10000ee4  x6:10000ed0
21301204ns          373305 1c00948e 014f0f13 addi             x30, x30, 20        x30=10000f34 x30:10000f20
21301224ns          373306 1c009490 014e0e13 addi             x28, x28, 20        x28=10000ed0 x28:10000ebc
21301263ns          373308 1c009492 2dfc4f63 blt              x24, x31, 734       x24:00000004 x31:00000002
21301283ns          373309 1c009496 002f9713 slli             x14, x31, 0x2       x14=00000008 x31:00000002
21301303ns          373310 1c00949a ffc70b13 addi             x22, x14, -4        x22=00000004 x14:00000008
21301363ns          373313 1c00949e 002c1913 slli             x18, x24, 0x2       x18=00000010 x24:00000004
21301403ns          373315 1c0094a2 01f70633 add              x12, x14, x31       x12=0000000a x14:00000008 x31:00000002
21301422ns          373316 1c0094a6 41690933 sub              x18, x18, x22       x18=0000000c x18:00000010 x22:00000004
21301442ns          373317 1c0094aa 02c10513 addi             x10, x2, 44         x10=10000dc4  x2:10000d98
21301462ns          373318 1c0094ac 04010593 addi             x11, x2, 64         x11=10000dd8  x2:10000d98
21301482ns          373319 1c0094ae 00261613 slli             x12, x12, 0x2       x12=00000028 x12:0000000a
21301502ns          373320 1c0094b0 00e50ab3 add              x21, x10, x14       x21=10000dcc x10:10000dc4 x14:00000008
21301542ns          373322 1c0094b4 00e58a33 add              x20, x11, x14       x20=10000de0 x11:10000dd8 x14:00000008
21301562ns          373323 1c0094b8 ffc90913 addi             x18, x18, -4        x18=00000008 x18:0000000c
21301582ns          373324 1c0094ba ff870713 addi             x14, x14, -8        x14=00000000 x14:00000008
21301601ns          373325 1c0094bc 04010693 addi             x13, x2, 64         x13=10000dd8  x2:10000d98
21301641ns          373327 1c0094be fec60e13 addi             x28, x12, -20       x28=00000014 x12:00000028
21301681ns          373329 1c0094c2 00295913 srli             x18, x18, 0x2       x18=00000002 x18:00000008
21301701ns          373330 1c0094c6 00e689b3 add              x19, x13, x14       x19=10000dd8 x13:10000dd8 x14:00000000
21301721ns          373331 1c0094ca ffcaa583 lw               x11, -4(x21)        x11=4159013d x21:10000dcc  PA:10000dc8
21301741ns          373332 1c0094ce 02c10713 addi             x14, x2, 44         x14=10000dc4  x2:10000d98
21301781ns          373334 1c0094d0 ffca2503 lw               x10, -4(x20)        x10=bfa82a6c x20:10000de0  PA:10000ddc
21301820ns          373336 1c0094d4 00cc8f33 add              x30, x25, x12       x30=10000f48 x25:10000f20 x12:00000028
21301840ns          373337 1c0094d8 01cc8eb3 add              x29, x25, x28       x29=10000f34 x25:10000f20 x28:00000014
21301860ns          373338 1c0094dc 01a60633 add              x12, x12, x26       x12=10000ee4 x12:00000028 x26:10000ebc
21301880ns          373339 1c0094de 01ae0e33 add              x28, x28, x26       x28=10000ed0 x28:00000014 x26:10000ebc
21301920ns          373341 1c0094e0 00eb0b33 add              x22, x22, x14       x22=10000dc8 x22:00000004 x14:10000dc4
21301960ns          373343 1c0094e2 00000f93 addi             x31, x0, 0          x31=00000000
21301979ns          373344 1c0094e6 00190913 addi             x18, x18, 1         x18=00000003 x18:00000002
21301999ns          373345 1c0094e8 142940fb lp.setup         0x1, x18, 0x142     x18:00000003
21302019ns          373346 1c0094ec a1f81753 flt.s            x14, f16, f31       x14=00000000 f16:3d470952 f31:00000000
21302059ns          373348 1c0094f0 010002b3 add              x5, x0, x16          x5=3d470952 x16:3d470952
21302079ns          373349 1c0094f2 00070363 beq              x14, x0, 6          x14:00000000
21302139ns          373352 1c0094f8 a1f79753 flt.s            x14, f15, f31       x14=00000001 f15:bbcf8927 f31:00000000
21302158ns          373353 1c0094fc 00f006b3 add              x13, x0, x15        x13=bbcf8927 x15:bbcf8927
21302178ns          373354 1c0094fe 00070363 beq              x14, x0, 6          x14:00000001
21302218ns          373356 1c009500 20f796d3 fsgnjn.s         f13, f15, f15       f13=xxxxxxxx f15:bbcf8927 f15:bbcf8927
21302258ns          373358 1c009504 a0569753 flt.s            x14, f13, f5        x14=00000001 f13:3bcf8927  f5:3d470952
21302278ns          373359 1c009508 01000333 add              x6, x0, x16          x6=3d470952 x16:3d470952
21302298ns          373360 1c00950a 00071263 bne              x14, x0, 4          x14:00000001
21302417ns          373366 1c00950e 0056f753 fadd.s           f14, f13, f5        f14=xxxxxxxx f13:3bcf8927  f5:3d470952
21302437ns          373367 1c009512 a1f728d3 feq.s            x17, f14, f31       x17=00000000 f14:3d60fa77 f31:00000000
21302457ns          373368 1c009516 52089be3 bne              x17, x0, 3382       x17:00000000
21302477ns          373369 1c00951a 1c0003b7 lui              x7, 0x1c000000       x7=1c000000
21302536ns          373372 1c00951e 02038393 addi             x7, x7, 32           x7=1c000020  x7:1c000000
21302576ns          373374 1c009522 0003a383 lw               x7, 0(x7)            x7=3f800000  x7:1c000020  PA:1c000020
21302914ns          373391 1c009526 18e3f8d3 fdiv.s           f17, f7, f14        f17=xxxxxxxx  f7:3f800000 f14:3d60fa77
21303193ns          373405 1c00952a 10d8f6d3 fmul.s           f13, f17, f13       f13=xxxxxxxx f17:4191a649 f13:3bcf8927
21303213ns          373406 1c00952e 1058f8d3 fmul.s           f17, f17, f5        f17=xxxxxxxx f17:4191a649  f5:3d470952
21303233ns          373407 1c009532 a1f312d3 flt.s            x5, f6, f31          x5=00000000  f6:3d470952 f31:00000000
21303252ns          373408 1c009536 10d6f6d3 fmul.s           f13, f13, f13       f13=xxxxxxxx f13:3dec26fa f13:3dec26fa
21303272ns          373409 1c00953a 6918f6c3 fmadd.s          f13, f17, f17, f13  f13=xxxxxxxx f17:3f627b20 f17:3f627b20 f13:3c59d7e3
21303332ns          373412 1c00953e 5806f353 fsqrt.s          f6, f13              f6=xxxxxxxx f13:3f4bc4ff
21303610ns          373426 1c009542 10e37353 fmul.s           f6, f6, f14          f6=xxxxxxxx  f6:3f646586 f14:3d60fa77
21303630ns          373427 1c009546 00028463 beq              x5, x0, 8            x5:00000000
21303710ns          373431 1c00954e 1c000437 lui              x8, 0x1c000000       x8=1c000000
21303730ns          373432 1c009552 02040413 addi             x8, x8, 32           x8=1c000020  x8:1c000000
21303750ns          373433 1c009556 00042403 lw               x8, 0(x8)            x8=3f800000  x8:1c000020  PA:1c000020
21304088ns          373450 1c009558 18647753 fdiv.s           f14, f8, f6         f14=xxxxxxxx  f8:3f800000  f6:3d48b84b
21304824ns          373487 1c00955c 10e876d3 fmul.s           f13, f16, f14       f13=xxxxxxxx f16:3d470952 f14:41a3409c
21304844ns          373488 1c009560 10e7f7d3 fmul.s           f15, f15, f14       f15=xxxxxxxx f15:bbcf8927 f14:41a3409c
21304864ns          373489 1c009564 000e2703 lw               x14, 0(x28)         x14=bf0c864c x28:10000ed0  PA:10000ed0
21304883ns          373490 1c009568 00062803 lw               x16, 0(x12)         x16=bf25ee95 x12:10000ee4  PA:10000ee4
21304903ns          373491 1c00956c 10e7f3d3 fmul.s           f7, f15, f14         f7=xxxxxxxx f15:be0458b5 f14:bf0c864c
21304943ns          373493 1c009570 1107f2d3 fmul.s           f5, f15, f16         f5=xxxxxxxx f15:be0458b5 f16:bf25ee95
21304983ns          373495 1c009574 10f578d3 fmul.s           f17, f10, f15       f17=xxxxxxxx f10:bfa82a6c f15:be0458b5
21305003ns          373496 1c009578 3906f847 fmsub.s          f16, f13, f16, f7   f16=xxxxxxxx f13:3f7dda56 f16:bf25ee95  f7:3d914be1
21305023ns          373497 1c00957c 28e6f743 fmadd.s          f14, f13, f14, f5   f14=xxxxxxxx f13:3f7dda56 f14:bf0c864c  f5:3dab9108
21305082ns          373500 1c009580 88d5f8c3 fmadd.s          f17, f11, f13, f17  f17=xxxxxxxx f11:4159013d f13:3f7dda56 f17:3e2de04a
21305122ns          373502 1c009584 01062023 sw               x16, 0(x12)         x16:bf36b3ca x12:10000ee4  PA:10000ee4
21305142ns          373503 1c009588 00ee2023 sw               x14, 0(x28)         x14:beebcce3 x28:10000ed0  PA:10000ed0
21305162ns          373504 1c00958c 004e2703 lw               x14, 4(x28)         x14=3e93949c x28:10000ed0  PA:10000ed4
21305222ns          373507 1c009590 00462803 lw               x16, 4(x12)         x16=becc062d x12:10000ee4  PA:10000ee8
21305261ns          373509 1c009594 10e7f453 fmul.s           f8, f15, f14         f8=xxxxxxxx f15:be0458b5 f14:3e93949c
21305281ns          373510 1c009598 10f873d3 fmul.s           f7, f16, f15         f7=xxxxxxxx f16:becc062d f15:be0458b5
21305301ns          373511 1c00959c 10f5f2d3 fmul.s           f5, f11, f15         f5=xxxxxxxx f11:4159013d f15:be0458b5
21305361ns          373514 1c0095a0 40d87847 fmsub.s          f16, f16, f13, f8   f16=xxxxxxxx f16:becc062d f13:3f7dda56  f8:bd189788
21305401ns          373516 1c0095a4 38e6f743 fmadd.s          f14, f13, f14, f7   f14=xxxxxxxx f13:3f7dda56 f14:3e93949c  f7:3d52f3c3
21305421ns          373517 1c0095a8 0069a22b p.sw             x6, 4(x19!)         x19=10000ddc  x6:3d48b84b x19:10000dd8  PA:10000dd8
21305440ns          373518 1c0095ac 01062223 sw               x16, 4(x12)         x16:beb73d2b x12:10000ee4  PA:10000ee8
21305500ns          373521 1c0095b0 00ee2223 sw               x14, 4(x28)         x14:3eacb635 x28:10000ed0  PA:10000ed4
21305540ns          373523 1c0095b4 008e2703 lw               x14, 8(x28)         x14=3ea43c58 x28:10000ed0  PA:10000ed8
21305560ns          373524 1c0095b8 00862803 lw               x16, 8(x12)         x16=3e502039 x12:10000ee4  PA:10000eec
21305580ns          373525 1c0095bc 10f773d3 fmul.s           f7, f14, f15         f7=xxxxxxxx f14:3ea43c58 f15:be0458b5
21305639ns          373528 1c0095c0 10f875d3 fmul.s           f11, f16, f15       f11=xxxxxxxx f16:3e502039 f15:be0458b5
21305679ns          373530 1c0095c4 28d57547 fmsub.s          f10, f10, f13, f5   f10=xxxxxxxx f10:bfa82a6c f13:3f7dda56  f5:bfe05fab
21305699ns          373531 1c0095c8 38d873c7 fmsub.s          f7, f16, f13, f7     f7=xxxxxxxx f16:3e502039 f13:3f7dda56  f7:bd29d00c
21305719ns          373532 1c0095cc 58d775c3 fmadd.s          f11, f14, f13, f11  f11=xxxxxxxx f14:3ea43c58 f13:3f7dda56 f11:bcd73177
21305779ns          373535 1c0095d0 a1f892d3 flt.s            x5, f17, f31         x5=00000000 f17:4159e6ce f31:00000000
21305818ns          373537 1c0095d4 00762423 sw               x7, 8(x12)           x7:3e78d55d x12:10000ee4  PA:10000eec
21305838ns          373538 1c0095d8 00ce2703 lw               x14, 12(x28)        x14=bf17e829 x28:10000ed0  PA:10000edc
21305858ns          373539 1c0095dc 00be2423 sw               x11, 8(x28)         x11:3e95689e x28:10000ed0  PA:10000ed8
21305918ns          373542 1c0095e0 00c62383 lw               x7, 12(x12)          x7=3f1a4afd x12:10000ee4  PA:10000ef0
21305958ns          373544 1c0095e4 10f77453 fmul.s           f8, f14, f15         f8=xxxxxxxx f14:bf17e829 f15:be0458b5
21305977ns          373545 1c0095e8 10f3f5d3 fmul.s           f11, f7, f15        f11=xxxxxxxx  f7:3f1a4afd f15:be0458b5
21305997ns          373546 1c0095ec 000aa803 lw               x16, 0(x21)         x16=c10ebc75 x21:10000dcc  PA:10000dcc
21306057ns          373549 1c0095f0 40d3f3c7 fmsub.s          f7, f7, f13, f8      f7=xxxxxxxx  f7:3f1a4afd f13:3f7dda56  f8:3d9d10b1
21306097ns          373551 1c0095f4 58d775c3 fmadd.s          f11, f14, f13, f11  f11=xxxxxxxx f14:bf17e829 f13:3f7dda56 f11:bd9f8843
21306117ns          373552 1c0095f8 00a9a023 sw               x10, 0(x19)         x10:3ee67947 x19:10000ddc  PA:10000ddc
21306137ns          373553 1c0095fc 00762623 sw               x7, 12(x12)          x7:3f055d9e x12:10000ee4  PA:10000ef0
21306196ns          373556 1c009600 010e2703 lw               x14, 16(x28)        x14=3ecd2e42 x28:10000ed0  PA:10000ee0
21306236ns          373558 1c009604 00be2623 sw               x11, 12(x28)        x11:bf2a9308 x28:10000ed0  PA:10000edc
21306256ns          373559 1c009608 01062583 lw               x11, 16(x12)        x11=3e039b92 x12:10000ee4  PA:10000ef4
21306276ns          373560 1c00960a 10f773d3 fmul.s           f7, f14, f15         f7=xxxxxxxx f14:3ecd2e42 f15:be0458b5
21306335ns          373563 1c00960e 10f5f353 fmul.s           f6, f11, f15         f6=xxxxxxxx f11:3e039b92 f15:be0458b5
21306375ns          373565 1c009612 1107f7d3 fmul.s           f15, f15, f16       f15=xxxxxxxx f15:be0458b5 f16:c10ebc75
21306395ns          373566 1c009616 38d5f5c7 fmsub.s          f11, f11, f13, f7   f11=xxxxxxxx f11:3e039b92 f13:3f7dda56  f7:bd5425e6
21306415ns          373567 1c00961a 30d77743 fmadd.s          f14, f14, f13, f6   f14=xxxxxxxx f14:3ecd2e42 f13:3f7dda56  f6:bc8813a4
21306475ns          373570 1c00961e 1106f6d3 fmul.s           f13, f13, f16       f13=xxxxxxxx f13:3f7dda56 f16:c10ebc75
21306495ns          373571 1c009622 00b62823 sw               x11, 16(x12)        x11:3e378a77 x12:10000ee4  PA:10000ef4
21306514ns          373572 1c009624 00ee2823 sw               x14, 16(x28)        x14:3ec2f47b x28:10000ed0  PA:10000ee0
21306534ns          373573 1c009628 01100333 add              x6, x0, x17          x6=4159e6ce x17:4159e6ce
21306554ns          373574 1c00962a 00028463 beq              x5, x0, 8            x5:00000000
21306674ns          373580 1c009632 a1f79753 flt.s            x14, f15, f31       x14=00000000 f15:3f939544 f31:00000000
21306694ns          373581 1c009636 420719e3 bne              x14, x0, 3122       x14:00000000
21306713ns          373582 1c00963a 00f00733 add              x14, x0, x15        x14=3f939544 x15:3f939544
21306733ns          373583 1c00963c a0671853 flt.s            x16, f14, f6        x16=00000001 f14:3f939544  f6:4159e6ce
21306773ns          373585 1c009640 011003b3 add              x7, x0, x17          x7=4159e6ce x17:4159e6ce
21306813ns          373587 1c009642 00081363 bne              x16, x0, 6          x16:00000001
21306873ns          373590 1c009648 006772d3 fadd.s           f5, f14, f6          f5=xxxxxxxx f14:3f939544  f6:4159e6ce
21306892ns          373591 1c00964c a1f2a5d3 feq.s            x11, f5, f31        x11=00000000  f5:416c5976 f31:00000000
21306952ns          373594 1c009650 3a0593e3 bne              x11, x0, 2982       x11:00000000
21306992ns          373596 1c009654 1c000437 lui              x8, 0x1c000000       x8=1c000000
21307012ns          373597 1c009658 02040413 addi             x8, x8, 32           x8=1c000020  x8:1c000000
21307032ns          373598 1c00965c 00042403 lw               x8, 0(x8)            x8=3f800000  x8:1c000020  PA:1c000020
21307410ns          373617 1c00965e 185475d3 fdiv.s           f11, f8, f5         f11=xxxxxxxx  f8:3f800000  f5:416c5976
21307927ns          373643 1c009662 10e5f753 fmul.s           f14, f11, f14       f14=xxxxxxxx f11:3d8aa465 f14:3f939544
21307947ns          373644 1c009666 a1f393d3 flt.s            x7, f7, f31          x7=00000000  f7:4159e6ce f31:00000000
21307967ns          373645 1c00966a 1065f5d3 fmul.s           f11, f11, f6        f11=xxxxxxxx f11:3d8aa465  f6:4159e6ce
21307986ns          373646 1c00966e 10e77753 fmul.s           f14, f14, f14       f14=xxxxxxxx f14:3d9fda79 f14:3d9fda79
21308006ns          373647 1c009672 70b5f743 fmadd.s          f14, f11, f11, f14  f14=xxxxxxxx f11:3f6c04b2 f11:3f6c04b2 f14:3bc7a23a
21308026ns          373648 1c009676 58077353 fsqrt.s          f6, f14              f6=xxxxxxxx f14:3f5b27ed
21308484ns          373671 1c00967a 10537353 fmul.s           f6, f6, f5           f6=xxxxxxxx  f6:3f6cdcd8  f5:416c5976
21308504ns          373672 1c00967e 00038463 beq              x7, x0, 8            x7:00000000
21308583ns          373676 1c009686 1c0004b7 lui              x9, 0x1c000000       x9=1c000000
21308603ns          373677 1c00968a 02048493 addi             x9, x9, 32           x9=1c000020  x9:1c000000
21308623ns          373678 1c00968e 0004a483 lw               x9, 0(x9)            x9=3f800000  x9:1c000020  PA:1c000020
21308961ns          373695 1c009690 1864f753 fdiv.s           f14, f9, f6         f14=xxxxxxxx  f9:3f800000  f6:415aae5d
21309240ns          373709 1c009694 111778d3 fmul.s           f17, f14, f17       f17=xxxxxxxx f14:3d95d801 f17:4159e6ce
21309259ns          373710 1c009698 10f77753 fmul.s           f14, f14, f15       f14=xxxxxxxx f14:3d95d801 f15:3f939544
21309279ns          373711 1c00969c 10a8f853 fmul.s           f16, f17, f10       f16=xxxxxxxx f17:3f7f1663 f10:3ee67947
21309299ns          373712 1c0096a0 20e71bd3 fsgnjn.s         f23, f14, f14       f23=xxxxxxxx f14:3dacc4ce f14:3dacc4ce
21309319ns          373713 1c0096a4 000ea783 lw               x15, 0(x29)         x15=be158599 x29:10000f34  PA:10000f34
21309339ns          373714 1c0096a8 000f2383 lw               x7, 0(x30)           x7=3ed579e3 x30:10000f48  PA:10000f48
21309359ns          373715 1c0096ac 10e7f453 fmul.s           f8, f15, f14         f8=xxxxxxxx f15:be158599 f14:3dacc4ce
21309399ns          373717 1c0096b0 10e3f2d3 fmul.s           f5, f7, f14          f5=xxxxxxxx  f7:3ed579e3 f14:3dacc4ce
21309438ns          373719 1c0096b4 006b222b p.sw             x6, 4(x22!)         x22=10000dcc  x6:415aae5d x22:10000dc8  PA:10000dc8
21309458ns          373720 1c0096b8 4113f3c7 fmsub.s          f7, f7, f17, f8      f7=xxxxxxxx  f7:3ed579e3 f17:3f7f1663  f8:bc49d16b
21309478ns          373721 1c0096bc 2917f2c3 fmadd.s          f5, f15, f17, f5     f5=xxxxxxxx f15:be158599 f17:3f7f1663  f5:3d101202
21309538ns          373724 1c0096c0 10d8f5d3 fmul.s           f11, f17, f13       f11=xxxxxxxx f17:3f7f1663 f13:c10d89fc
21309578ns          373726 1c0096c4 007f2023 sw               x7, 0(x30)           x7:3edb059f x30:10000f48  PA:10000f48
21309598ns          373727 1c0096c8 005ea023 sw               x5, 0(x29)           x5:bde1f14c x29:10000f34  PA:10000f34
21309617ns          373728 1c0096cc 004ea283 lw               x5, 4(x29)           x5=3dc7efde x29:10000f34  PA:10000f38
21309677ns          373731 1c0096d0 004f2383 lw               x7, 4(x30)           x7=3f23eec5 x30:10000f48  PA:10000f4c
21309717ns          373733 1c0096d4 10e2f4d3 fmul.s           f9, f5, f14          f9=xxxxxxxx  f5:3dc7efde f14:3dacc4ce
21309737ns          373734 1c0096d8 10e3f453 fmul.s           f8, f7, f14          f8=xxxxxxxx  f7:3f23eec5 f14:3dacc4ce
21309757ns          373735 1c0096dc 80d77843 fmadd.s          f16, f14, f13, f16  f16=xxxxxxxx f14:3dacc4ce f13:c10d89fc f16:3ee5a6f5
21309816ns          373738 1c0096e0 4913f3c7 fmsub.s          f7, f7, f17, f9      f7=xxxxxxxx  f7:3f23eec5 f17:3f7f1663  f9:3c06eede
21309856ns          373740 1c0096e4 4112f2c3 fmadd.s          f5, f5, f17, f8      f5=xxxxxxxx  f5:3dc7efde f17:3f7f1663  f8:3d5d44e6
21309876ns          373741 1c0096e8 000a2783 lw               x15, 0(x20)         x15=c0708e45 x20:10000de0  PA:10000de0
21309896ns          373742 1c0096ec 007f2223 sw               x7, 4(x30)           x7:3f213d71 x30:10000f48  PA:10000f4c
21309956ns          373745 1c0096f0 005ea223 sw               x5, 4(x29)           x5:3e1aedef x29:10000f34  PA:10000f38
21309995ns          373747 1c0096f4 008ea283 lw               x5, 8(x29)           x5=3f1b80df x29:10000f34  PA:10000f3c
21310015ns          373748 1c0096f8 008f2383 lw               x7, 8(x30)           x7=be99ba3f x30:10000f48  PA:10000f50
21310035ns          373749 1c0096fc 10e2f4d3 fmul.s           f9, f5, f14          f9=xxxxxxxx  f5:3f1b80df f14:3dacc4ce
21310095ns          373752 1c009700 10e3f453 fmul.s           f8, f7, f14          f8=xxxxxxxx  f7:be99ba3f f14:3dacc4ce
21310135ns          373754 1c009704 58abf5c3 fmadd.s          f11, f23, f10, f11  f11=xxxxxxxx f23:bdacc4ce f10:3ee67947 f11:c10d08d3
21310155ns          373755 1c009708 4913f3c7 fmsub.s          f7, f7, f17, f9      f7=xxxxxxxx  f7:be99ba3f f17:3f7f1663  f9:3d51e443
21310174ns          373756 1c00970c 4112f2c3 fmadd.s          f5, f5, f17, f8      f5=xxxxxxxx  f5:3f1b80df f17:3f7f1663  f8:bccf7ea1
21310234ns          373759 1c009710 1117f553 fmul.s           f10, f15, f17       f10=xxxxxxxx f15:c0708e45 f17:3f7f1663
21310274ns          373761 1c009714 007f2423 sw               x7, 8(x30)           x7:beb36a7f x30:10000f48  PA:10000f50
21310294ns          373762 1c009718 00cea303 lw               x6, 12(x29)          x6=bf3942a3 x29:10000f34  PA:10000f40
21310314ns          373763 1c00971c 005ea423 sw               x5, 8(x29)           x5:3f147702 x29:10000f34  PA:10000f3c
21310373ns          373766 1c009720 00cf2283 lw               x5, 12(x30)          x5=beced06d x30:10000f48  PA:10000f54
21310413ns          373768 1c009724 10e37453 fmul.s           f8, f6, f14          f8=xxxxxxxx  f6:bf3942a3 f14:3dacc4ce
21310433ns          373769 1c009728 10e2f3d3 fmul.s           f7, f5, f14          f7=xxxxxxxx  f5:beced06d f14:3dacc4ce
21310453ns          373770 1c00972c 014f0f13 addi             x30, x30, 20        x30=10000f5c x30:10000f48
21310513ns          373773 1c00972e 4112f2c7 fmsub.s          f5, f5, f17, f8      f5=xxxxxxxx  f5:beced06d f17:3f7f1663  f8:bd7a0e63
21310552ns          373775 1c009732 39137343 fmadd.s          f6, f6, f17, f7      f6=xxxxxxxx  f6:bf3942a3 f17:3f7f1663  f7:bd0b9307
21310572ns          373776 1c009736 00baa22b p.sw             x11, 4(x21!)        x21=10000dd0 x11:c10da45e x21:10000dcc  PA:10000dcc
21310592ns          373777 1c00973a fe5f2c23 sw               x5, -8(x30)          x5:beaed1e6 x30:10000f5c  PA:10000f54
21310652ns          373780 1c00973e 010ea683 lw               x13, 16(x29)        x13=3e8d9528 x29:10000f34  PA:10000f44
21310692ns          373782 1c009742 006ea623 sw               x6, 12(x29)          x6:bf4152c4 x29:10000f34  PA:10000f40
21310711ns          373783 1c009746 ffcf2303 lw               x6, -4(x30)          x6=bece9273 x30:10000f5c  PA:10000f58
21310731ns          373784 1c00974a 10e6f3d3 fmul.s           f7, f13, f14         f7=xxxxxxxx f13:3e8d9528 f14:3dacc4ce
21310791ns          373787 1c00974e 10e372d3 fmul.s           f5, f6, f14          f5=xxxxxxxx  f6:bece9273 f14:3dacc4ce
21310831ns          373789 1c009752 00aa222b p.sw             x10, 4(x20!)        x20=10000de4 x10:c06fb2c0 x20:10000de0  PA:10000de0
21310851ns          373790 1c009756 39137347 fmsub.s          f6, f6, f17, f7      f6=xxxxxxxx  f6:bece9273 f17:3f7f1663  f7:3cbf1a1e
21310871ns          373791 1c00975a 2916f8c3 fmadd.s          f17, f13, f17, f5   f17=xxxxxxxx f13:3e8d9528 f17:3f7f1663  f5:bd0b6934
21310890ns          373792 1c00975e 01460613 addi             x12, x12, 20        x12=10000ef8 x12:10000ee4
21310930ns          373794 1c009760 fe6f2e23 sw               x6, -4(x30)          x6:bed9c793 x30:10000f5c  PA:10000f58
21310970ns          373796 1c009764 011ea823 sw               x17, 16(x29)        x17:3e774d9c x29:10000f34  PA:10000f44
21310990ns          373797 1c009768 014e0e13 addi             x28, x28, 20        x28=10000ee4 x28:10000ed0
21311010ns          373798 1c00976a 014e8e93 addi             x29, x29, 20        x29=10000f48 x29:10000f34
21311030ns          373799 1c00976c 10e7f7d3 fmul.s           f15, f15, f14       f15=xxxxxxxx f15:c0708e45 f14:3dacc4ce
21311109ns          373803 1c0094ec a1f81753 flt.s            x14, f16, f31       x14=00000001 f16:be986f1e f31:00000000
21311189ns          373807 1c0094f0 010002b3 add              x5, x0, x16          x5=be986f1e x16:be986f1e
21311209ns          373808 1c0094f2 00070363 beq              x14, x0, 6          x14:00000001
21311229ns          373809 1c0094f4 210812d3 fsgnjn.s         f5, f16, f16         f5=xxxxxxxx f16:be986f1e f16:be986f1e
21311248ns          373810 1c0094f8 a1f79753 flt.s            x14, f15, f31       x14=00000001 f15:bea25885 f31:00000000
21311268ns          373811 1c0094fc 00f006b3 add              x13, x0, x15        x13=bea25885 x15:bea25885
21311288ns          373812 1c0094fe 00070363 beq              x14, x0, 6          x14:00000001
21311328ns          373814 1c009500 20f796d3 fsgnjn.s         f13, f15, f15       f13=xxxxxxxx f15:bea25885 f15:bea25885
21311368ns          373816 1c009504 a0569753 flt.s            x14, f13, f5        x14=00000000 f13:3ea25885  f5:3e986f1e
21311388ns          373817 1c009508 01000333 add              x6, x0, x16          x6=be986f1e x16:be986f1e
21311408ns          373818 1c00950a 00071263 bne              x14, x0, 4          x14:00000000
21311428ns          373819 1c00950c 00f00333 add              x6, x0, x15          x6=bea25885 x15:bea25885
21311447ns          373820 1c00950e 0056f753 fadd.s           f14, f13, f5        f14=xxxxxxxx f13:3ea25885  f5:3e986f1e
21311467ns          373821 1c009512 a1f728d3 feq.s            x17, f14, f31       x17=00000000 f14:3f1d63d2 f31:00000000
21311487ns          373822 1c009516 52089be3 bne              x17, x0, 3382       x17:00000000
21311507ns          373823 1c00951a 1c0003b7 lui              x7, 0x1c000000       x7=1c000000
21311547ns          373825 1c00951e 02038393 addi             x7, x7, 32           x7=1c000020  x7:1c000000
21311587ns          373827 1c009522 0003a383 lw               x7, 0(x7)            x7=3f800000  x7:1c000020  PA:1c000020
21311905ns          373843 1c009526 18e3f8d3 fdiv.s           f17, f7, f14        f17=xxxxxxxx  f7:3f800000 f14:3f1d63d2
21312183ns          373857 1c00952a 10d8f6d3 fmul.s           f13, f17, f13       f13=xxxxxxxx f17:3fd03241 f13:3ea25885
21312203ns          373858 1c00952e 1058f8d3 fmul.s           f17, f17, f5        f17=xxxxxxxx f17:3fd03241  f5:3e986f1e
21312223ns          373859 1c009532 a1f312d3 flt.s            x5, f6, f31          x5=00000001  f6:bea25885 f31:00000000
21312243ns          373860 1c009536 10d6f6d3 fmul.s           f13, f13, f13       f13=xxxxxxxx f13:3f0407cb f13:3f0407cb
21312263ns          373861 1c00953a 6918f6c3 fmadd.s          f13, f17, f17, f13  f13=xxxxxxxx f17:3ef7f06a f17:3ef7f06a f13:3e883013
21312323ns          373864 1c00953e 5806f353 fsqrt.s          f6, f13              f6=xxxxxxxx f13:3f00207d
21312601ns          373878 1c009542 10e37353 fmul.s           f6, f6, f14          f6=xxxxxxxx  f6:3f351beb f14:3f1d63d2
21312621ns          373879 1c009546 00028463 beq              x5, x0, 8            x5:00000001
21312641ns          373880 1c00954a 20631353 fsgnjn.s         f6, f6, f6           f6=xxxxxxxx  f6:3edeb17b  f6:3edeb17b
21312661ns          373881 1c00954e 1c000437 lui              x8, 0x1c000000       x8=1c000000
21312681ns          373882 1c009552 02040413 addi             x8, x8, 32           x8=1c000020  x8:1c000000
21312701ns          373883 1c009556 00042403 lw               x8, 0(x8)            x8=3f800000  x8:1c000020  PA:1c000020
21313019ns          373899 1c009558 18647753 fdiv.s           f14, f8, f6         f14=xxxxxxxx  f8:3f800000  f6:bedeb17b
21313297ns          373913 1c00955c 10e876d3 fmul.s           f13, f16, f14       f13=xxxxxxxx f16:be986f1e f14:c01324e3
21313317ns          373914 1c009560 10e7f7d3 fmul.s           f15, f15, f14       f15=xxxxxxxx f15:bea25885 f14:c01324e3
21313337ns          373915 1c009564 000e2703 lw               x14, 0(x28)         x14=bf36b3ca x28:10000ee4  PA:10000ee4
21313357ns          373916 1c009568 00062803 lw               x16, 0(x12)         x16=3e8b8f2d x12:10000ef8  PA:10000ef8
21313377ns          373917 1c00956c 10e7f3d3 fmul.s           f7, f15, f14         f7=xxxxxxxx f15:3f3aa072 f14:bf36b3ca
21313397ns          373918 1c009570 1107f2d3 fmul.s           f5, f15, f16         f5=xxxxxxxx f15:3f3aa072 f16:3e8b8f2d
21313417ns          373919 1c009574 10f578d3 fmul.s           f17, f10, f15       f17=xxxxxxxx f10:c06fb2c0 f15:3f3aa072
21313436ns          373920 1c009578 3906f847 fmsub.s          f16, f13, f16, f7   f16=xxxxxxxx f13:3f2f3b8a f16:3e8b8f2d  f7:bf053122
21313456ns          373921 1c00957c 28e6f743 fmadd.s          f14, f13, f14, f5   f14=xxxxxxxx f13:3f2f3b8a f14:bf36b3ca  f5:3e4b7afd
21313496ns          373923 1c009580 88d5f8c3 fmadd.s          f17, f11, f13, f17  f17=xxxxxxxx f11:c10da45e f13:3f2f3b8a f17:c02ebe1a
21313536ns          373925 1c009584 01062023 sw               x16, 0(x12)         x16:3f34f4cc x12:10000ef8  PA:10000ef8
21313556ns          373926 1c009588 00ee2023 sw               x14, 0(x28)         x14:be94614c x28:10000ee4  PA:10000ee4
21313576ns          373927 1c00958c 004e2703 lw               x14, 4(x28)         x14=beb73d2b x28:10000ee4  PA:10000ee8
21313635ns          373930 1c009590 00462803 lw               x16, 4(x12)         x16=bf10ca71 x12:10000ef8  PA:10000efc
21313675ns          373932 1c009594 10e7f453 fmul.s           f8, f15, f14         f8=xxxxxxxx f15:3f3aa072 f14:beb73d2b
21313695ns          373933 1c009598 10f873d3 fmul.s           f7, f16, f15         f7=xxxxxxxx f16:bf10ca71 f15:3f3aa072
21313715ns          373934 1c00959c 10f5f2d3 fmul.s           f5, f11, f15         f5=xxxxxxxx f11:c10da45e f15:3f3aa072
21313775ns          373937 1c0095a0 40d87847 fmsub.s          f16, f16, f13, f8   f16=xxxxxxxx f16:bf10ca71 f13:3f2f3b8a  f8:be859549
21313814ns          373939 1c0095a4 38e6f743 fmadd.s          f14, f13, f14, f7   f14=xxxxxxxx f13:3f2f3b8a f14:beb73d2b  f7:bed31baa
21313834ns          373940 1c0095a8 0069a22b p.sw             x6, 4(x19!)         x19=10000de0  x6:bedeb17b x19:10000ddc  PA:10000ddc
21313854ns          373941 1c0095ac 01062223 sw               x16, 4(x12)         x16:be0145ae x12:10000ef8  PA:10000efc
21313874ns          373942 1c0095b0 00ee2223 sw               x14, 4(x28)         x14:bf28448c x28:10000ee4  PA:10000ee8
21313894ns          373943 1c0095b4 008e2703 lw               x14, 8(x28)         x14=3e78d55d x28:10000ee4  PA:10000eec
21313914ns          373944 1c0095b8 00862803 lw               x16, 8(x12)         x16=3f33ae86 x12:10000ef8  PA:10000f00
21313934ns          373945 1c0095bc 10f773d3 fmul.s           f7, f14, f15         f7=xxxxxxxx f14:3e78d55d f15:3f3aa072
21313954ns          373946 1c0095c0 10f875d3 fmul.s           f11, f16, f15       f11=xxxxxxxx f16:3f33ae86 f15:3f3aa072
21313974ns          373947 1c0095c4 28d57547 fmsub.s          f10, f10, f13, f5   f10=xxxxxxxx f10:c06fb2c0 f13:3f2f3b8a  f5:c0ce8464
21313993ns          373948 1c0095c8 38d873c7 fmsub.s          f7, f16, f13, f7     f7=xxxxxxxx f16:3f33ae86 f13:3f2f3b8a  f7:3e3566fa
21314013ns          373949 1c0095cc 58d775c3 fmadd.s          f11, f14, f13, f11  f11=xxxxxxxx f14:3e78d55d f13:3f2f3b8a f11:3f02fd6a
21314033ns          373950 1c0095d0 a1f892d3 flt.s            x5, f17, f31         x5=00000001 f17:c10ca3d4 f31:00000000
21314053ns          373951 1c0095d4 00762423 sw               x7, 8(x12)           x7:3e9b48b2 x12:10000ef8  PA:10000f00
21314073ns          373952 1c0095d8 00ce2703 lw               x14, 12(x28)        x14=3f055d9e x28:10000ee4  PA:10000ef0
21314093ns          373953 1c0095dc 00be2423 sw               x11, 8(x28)         x11:3f2d9258 x28:10000ee4  PA:10000eec
21314113ns          373954 1c0095e0 00c62383 lw               x7, 12(x12)          x7=be8daaec x12:10000ef8  PA:10000f04
21314133ns          373955 1c0095e4 10f77453 fmul.s           f8, f14, f15         f8=xxxxxxxx f14:3f055d9e f15:3f3aa072
21314153ns          373956 1c0095e8 10f3f5d3 fmul.s           f11, f7, f15        f11=xxxxxxxx  f7:be8daaec f15:3f3aa072
21314172ns          373957 1c0095ec 000aa803 lw               x16, 0(x21)         x16=c087f5b7 x21:10000dd0  PA:10000dd0
21314192ns          373958 1c0095f0 40d3f3c7 fmsub.s          f7, f7, f13, f8      f7=xxxxxxxx  f7:be8daaec f13:3f2f3b8a  f8:3ec27335
21314212ns          373959 1c0095f4 58d775c3 fmadd.s          f11, f14, f13, f11  f11=xxxxxxxx f14:3f055d9e f13:3f2f3b8a f11:be4e8df3
21314232ns          373960 1c0095f8 00a9a023 sw               x10, 0(x19)         x10:4078f5d7 x19:10000de0  PA:10000de0
21314252ns          373961 1c0095fc 00762623 sw               x7, 12(x12)          x7:bf11b600 x12:10000ef8  PA:10000f04
21314272ns          373962 1c009600 010e2703 lw               x14, 16(x28)        x14=3e378a77 x28:10000ee4  PA:10000ef4
21314292ns          373963 1c009604 00be2623 sw               x11, 12(x28)        x11:3e1e9a1b x28:10000ee4  PA:10000ef0
21314312ns          373964 1c009608 01062583 lw               x11, 16(x12)        x11=be43eff7 x12:10000ef8  PA:10000f08
21314332ns          373965 1c00960a 10f773d3 fmul.s           f7, f14, f15         f7=xxxxxxxx f14:3e378a77 f15:3f3aa072
21314391ns          373968 1c00960e 10f5f353 fmul.s           f6, f11, f15         f6=xxxxxxxx f11:be43eff7 f15:3f3aa072
21314431ns          373970 1c009612 1107f7d3 fmul.s           f15, f15, f16       f15=xxxxxxxx f15:3f3aa072 f16:c087f5b7
21314451ns          373971 1c009616 38d5f5c7 fmsub.s          f11, f11, f13, f7   f11=xxxxxxxx f11:be43eff7 f13:3f2f3b8a  f7:3e05cda3
21314471ns          373972 1c00961a 30d77743 fmadd.s          f14, f14, f13, f6   f14=xxxxxxxx f14:3e378a77 f13:3f2f3b8a  f6:be0ed727
21314530ns          373975 1c00961e 1106f6d3 fmul.s           f13, f13, f16       f13=xxxxxxxx f13:3f2f3b8a f16:c087f5b7
21314550ns          373976 1c009622 00b62823 sw               x11, 16(x12)        x11:be85f61f x12:10000ef8  PA:10000f08
21314570ns          373977 1c009624 00ee2823 sw               x14, 16(x28)        x14:bc89a67e x28:10000ee4  PA:10000ef4
21314590ns          373978 1c009628 01100333 add              x6, x0, x17          x6=c10ca3d4 x17:c10ca3d4
21314610ns          373979 1c00962a 00028463 beq              x5, x0, 8            x5:00000001
21314670ns          373982 1c00962e 21189353 fsgnjn.s         f6, f17, f17         f6=xxxxxxxx f17:c10ca3d4 f17:c10ca3d4
21314709ns          373984 1c009632 a1f79753 flt.s            x14, f15, f31       x14=00000001 f15:c0463b7a f31:00000000
21314729ns          373985 1c009636 420719e3 bne              x14, x0, 3122       x14:00000001
21314889ns          373993 1c00a268 20f79753 fsgnjn.s         f14, f15, f15       f14=xxxxxxxx f15:c0463b7a f15:c0463b7a
21314928ns          373995 1c00a26c bd0ff06f jal              x0, -3120          
21315028ns          374000 1c00963c a0671853 flt.s            x16, f14, f6        x16=00000001 f14:40463b7a  f6:410ca3d4
21315048ns          374001 1c009640 011003b3 add              x7, x0, x17          x7=c10ca3d4 x17:c10ca3d4
21315068ns          374002 1c009642 00081363 bne              x16, x0, 6          x16:00000001
21315127ns          374005 1c009648 006772d3 fadd.s           f5, f14, f6          f5=xxxxxxxx f14:40463b7a  f6:410ca3d4
21315147ns          374006 1c00964c a1f2a5d3 feq.s            x11, f5, f31        x11=00000000  f5:413e32b2 f31:00000000
21315167ns          374007 1c009650 3a0593e3 bne              x11, x0, 2982       x11:00000000
21315187ns          374008 1c009654 1c000437 lui              x8, 0x1c000000       x8=1c000000
21315207ns          374009 1c009658 02040413 addi             x8, x8, 32           x8=1c000020  x8:1c000000
21315227ns          374010 1c00965c 00042403 lw               x8, 0(x8)            x8=3f800000  x8:1c000020  PA:1c000020
21315585ns          374028 1c00965e 185475d3 fdiv.s           f11, f8, f5         f11=xxxxxxxx  f8:3f800000  f5:413e32b2
21315863ns          374042 1c009662 10e5f753 fmul.s           f14, f11, f14       f14=xxxxxxxx f11:3dac489a f14:40463b7a
21315883ns          374043 1c009666 a1f393d3 flt.s            x7, f7, f31          x7=00000001  f7:c10ca3d4 f31:00000000
21315903ns          374044 1c00966a 1065f5d3 fmul.s           f11, f11, f6        f11=xxxxxxxx f11:3dac489a  f6:410ca3d4
21315923ns          374045 1c00966e 10e77753 fmul.s           f14, f14, f14       f14=xxxxxxxx f14:3e85682e f14:3e85682e
21315943ns          374046 1c009672 70b5f743 fmadd.s          f14, f11, f11, f14  f14=xxxxxxxx f11:3f3d4bea f11:3f3d4bea f14:3d8b0ad4
21315963ns          374047 1c009676 58077353 fsqrt.s          f6, f14              f6=xxxxxxxx f14:3f1d5a89
21316241ns          374061 1c00967a 10537353 fmul.s           f6, f6, f5           f6=xxxxxxxx  f6:3f48b481  f5:413e32b2
21316261ns          374062 1c00967e 00038463 beq              x7, x0, 8            x7:00000001
21316281ns          374063 1c009682 20631353 fsgnjn.s         f6, f6, f6           f6=xxxxxxxx  f6:41151db7  f6:41151db7
21316301ns          374064 1c009686 1c0004b7 lui              x9, 0x1c000000       x9=1c000000
21316321ns          374065 1c00968a 02048493 addi             x9, x9, 32           x9=1c000020  x9:1c000000
21316341ns          374066 1c00968e 0004a483 lw               x9, 0(x9)            x9=3f800000  x9:1c000020  PA:1c000020
21316679ns          374083 1c009690 1864f753 fdiv.s           f14, f9, f6         f14=xxxxxxxx  f9:3f800000  f6:c1151db7
21316957ns          374097 1c009694 111778d3 fmul.s           f17, f14, f17       f17=xxxxxxxx f14:bddbbf8f f17:c10ca3d4
21316977ns          374098 1c009698 10f77753 fmul.s           f14, f14, f15       f14=xxxxxxxx f14:bddbbf8f f15:c0463b7a
21316997ns          374099 1c00969c 10a8f853 fmul.s           f16, f17, f10       f16=xxxxxxxx f17:3f7172c6 f10:4078f5d7
21317017ns          374100 1c0096a0 20e71bd3 fsgnjn.s         f23, f14, f14       f23=xxxxxxxx f14:3eaa2936 f14:3eaa2936
21317037ns          374101 1c0096a4 000ea783 lw               x15, 0(x29)         x15=3edb059f x29:10000f48  PA:10000f48
21317057ns          374102 1c0096a8 000f2383 lw               x7, 0(x30)           x7=be94fdf0 x30:10000f5c  PA:10000f5c
21317076ns          374103 1c0096ac 10e7f453 fmul.s           f8, f15, f14         f8=xxxxxxxx f15:3edb059f f14:3eaa2936
21317116ns          374105 1c0096b0 10e3f2d3 fmul.s           f5, f7, f14          f5=xxxxxxxx  f7:be94fdf0 f14:3eaa2936
21317156ns          374107 1c0096b4 006b222b p.sw             x6, 4(x22!)         x22=10000dd0  x6:c1151db7 x22:10000dcc  PA:10000dcc
21317176ns          374108 1c0096b8 4113f3c7 fmsub.s          f7, f7, f17, f8      f7=xxxxxxxx  f7:be94fdf0 f17:3f7172c6  f8:3e1194fe
21317196ns          374109 1c0096bc 2917f2c3 fmadd.s          f5, f15, f17, f5     f5=xxxxxxxx f15:3edb059f f17:3f7172c6  f5:bdc6113b
21317256ns          374112 1c0096c0 10d8f5d3 fmul.s           f11, f17, f13       f11=xxxxxxxx f17:3f7172c6 f13:c03a212e
21317295ns          374114 1c0096c4 007f2023 sw               x7, 0(x30)           x7:bed5505a x30:10000f5c  PA:10000f5c
21317315ns          374115 1c0096c8 005ea023 sw               x5, 0(x29)           x5:3e9d0e2e x29:10000f48  PA:10000f48
21317335ns          374116 1c0096cc 004ea283 lw               x5, 4(x29)           x5=3f213d71 x29:10000f48  PA:10000f4c
21317395ns          374119 1c0096d0 004f2383 lw               x7, 4(x30)           x7=3e7b2d59 x30:10000f5c  PA:10000f60
21317435ns          374121 1c0096d4 10e2f4d3 fmul.s           f9, f5, f14          f9=xxxxxxxx  f5:3f213d71 f14:3eaa2936
21317454ns          374122 1c0096d8 10e3f453 fmul.s           f8, f7, f14          f8=xxxxxxxx  f7:3e7b2d59 f14:3eaa2936
21317474ns          374123 1c0096dc 80d77843 fmadd.s          f16, f14, f13, f16  f16=xxxxxxxx f14:3eaa2936 f13:c03a212e f16:406acf0d
21317534ns          374126 1c0096e0 4913f3c7 fmsub.s          f7, f7, f17, f9      f7=xxxxxxxx  f7:3e7b2d59 f17:3f7172c6  f9:3e565984
21317574ns          374128 1c0096e4 4112f2c3 fmadd.s          f5, f5, f17, f8      f5=xxxxxxxx  f5:3f213d71 f17:3f7172c6  f8:3da6f48c
21317594ns          374129 1c0096e8 000a2783 lw               x15, 0(x20)         x15=bcaae3b8 x20:10000de4  PA:10000de4
21317614ns          374130 1c0096ec 007f2223 sw               x7, 4(x30)           x7:3cb4664a x30:10000f5c  PA:10000f60
21317673ns          374133 1c0096f0 005ea223 sw               x5, 4(x29)           x5:3f2cf1b3 x29:10000f48  PA:10000f4c
21317713ns          374135 1c0096f4 008ea283 lw               x5, 8(x29)           x5=beb36a7f x29:10000f48  PA:10000f50
21317733ns          374136 1c0096f8 008f2383 lw               x7, 8(x30)           x7=bf19df98 x30:10000f5c  PA:10000f64
21317753ns          374137 1c0096fc 10e2f4d3 fmul.s           f9, f5, f14          f9=xxxxxxxx  f5:beb36a7f f14:3eaa2936
21317812ns          374140 1c009700 10e3f453 fmul.s           f8, f7, f14          f8=xxxxxxxx  f7:bf19df98 f14:3eaa2936
21317852ns          374142 1c009704 58abf5c3 fmadd.s          f11, f23, f10, f11  f11=xxxxxxxx f23:beaa2936 f10:4078f5d7 f11:c02f8caf
21317872ns          374143 1c009708 4913f3c7 fmsub.s          f7, f7, f17, f9      f7=xxxxxxxx  f7:bf19df98 f17:3f7172c6  f9:bdee8334
21317892ns          374144 1c00970c 4112f2c3 fmadd.s          f5, f5, f17, f8      f5=xxxxxxxx  f5:beb36a7f f17:3f7172c6  f8:be4c8e80
21317952ns          374147 1c009710 1117f553 fmul.s           f10, f15, f17       f10=xxxxxxxx f15:bcaae3b8 f17:3f7172c6
21317991ns          374149 1c009714 007f2423 sw               x7, 8(x30)           x7:bee6a028 x30:10000f5c  PA:10000f64
21318011ns          374150 1c009718 00cea303 lw               x6, 12(x29)          x6=beaed1e6 x29:10000f48  PA:10000f54
21318031ns          374151 1c00971c 005ea423 sw               x5, 8(x29)           x5:bf07bf79 x29:10000f48  PA:10000f50
21318051ns          374152 1c009720 00cf2283 lw               x5, 12(x30)          x5=be1a030c x30:10000f5c  PA:10000f68
21318071ns          374153 1c009724 10e37453 fmul.s           f8, f6, f14          f8=xxxxxxxx  f6:beaed1e6 f14:3eaa2936
21318091ns          374154 1c009728 10e2f3d3 fmul.s           f7, f5, f14          f7=xxxxxxxx  f5:be1a030c f14:3eaa2936
21318111ns          374155 1c00972c 014f0f13 addi             x30, x30, 20        x30=10000f70 x30:10000f5c
21318131ns          374156 1c00972e 4112f2c7 fmsub.s          f5, f5, f17, f8      f5=xxxxxxxx  f5:be1a030c f17:3f7172c6  f8:bde8670e
21318151ns          374157 1c009732 39137343 fmadd.s          f6, f6, f17, f7      f6=xxxxxxxx  f6:beaed1e6 f17:3f7172c6  f7:bd4cbda2
21318170ns          374158 1c009736 00baa22b p.sw             x11, 4(x21!)        x21=10000dd4 x11:c081252d x21:10000dd0  PA:10000dd0
21318190ns          374159 1c00973a fe5f2c23 sw               x5, -8(x30)          x5:bce8731e x30:10000f70  PA:10000f68
21318210ns          374160 1c00973e 010ea683 lw               x13, 16(x29)        x13=bed9c793 x29:10000f48  PA:10000f58
21318230ns          374161 1c009742 006ea623 sw               x6, 12(x29)          x6:bebe79ae x29:10000f48  PA:10000f54
21318250ns          374162 1c009746 ffcf2303 lw               x6, -4(x30)          x6=3f2fbcda x30:10000f70  PA:10000f6c
21318270ns          374163 1c00974a 10e6f3d3 fmul.s           f7, f13, f14         f7=xxxxxxxx f13:bed9c793 f14:3eaa2936
21318290ns          374164 1c00974e 10e372d3 fmul.s           f5, f6, f14          f5=xxxxxxxx  f6:3f2fbcda f14:3eaa2936
21318310ns          374165 1c009752 00aa222b p.sw             x10, 4(x20!)        x20=10000de8 x10:bca12cfe x20:10000de4  PA:10000de4
21318330ns          374166 1c009756 39137347 fmsub.s          f6, f6, f17, f7      f6=xxxxxxxx  f6:3f2fbcda f17:3f7172c6  f7:be10c197
21318349ns          374167 1c00975a 2916f8c3 fmadd.s          f17, f13, f17, f5   f17=xxxxxxxx f13:bed9c793 f17:3f7172c6  f5:3e699f66
21318369ns          374168 1c00975e 01460613 addi             x12, x12, 20        x12=10000f0c x12:10000ef8
21318409ns          374170 1c009760 fe6f2e23 sw               x6, -4(x30)          x6:3f49eff9 x30:10000f70  PA:10000f6c
21318449ns          374172 1c009764 011ea823 sw               x17, 16(x29)        x17:be312da3 x29:10000f48  PA:10000f58
21318469ns          374173 1c009768 014e0e13 addi             x28, x28, 20        x28=10000ef8 x28:10000ee4
21318489ns          374174 1c00976a 014e8e93 addi             x29, x29, 20        x29=10000f5c x29:10000f48
21318509ns          374175 1c00976c 10e7f7d3 fmul.s           f15, f15, f14       f15=xxxxxxxx f15:bcaae3b8 f14:3eaa2936
21318588ns          374179 1c0094ec a1f81753 flt.s            x14, f16, f31       x14=00000000 f16:402cf30d f31:00000000
21318648ns          374182 1c0094f0 010002b3 add              x5, x0, x16          x5=402cf30d x16:402cf30d
21318668ns          374183 1c0094f2 00070363 beq              x14, x0, 6          x14:00000000
21318727ns          374186 1c0094f8 a1f79753 flt.s            x14, f15, f31       x14=00000001 f15:bbe32d75 f31:00000000
21318747ns          374187 1c0094fc 00f006b3 add              x13, x0, x15        x13=bbe32d75 x15:bbe32d75
21318767ns          374188 1c0094fe 00070363 beq              x14, x0, 6          x14:00000001
21318807ns          374190 1c009500 20f796d3 fsgnjn.s         f13, f15, f15       f13=xxxxxxxx f15:bbe32d75 f15:bbe32d75
21318847ns          374192 1c009504 a0569753 flt.s            x14, f13, f5        x14=00000001 f13:3be32d75  f5:402cf30d
21318867ns          374193 1c009508 01000333 add              x6, x0, x16          x6=402cf30d x16:402cf30d
21318887ns          374194 1c00950a 00071263 bne              x14, x0, 4          x14:00000001
21318966ns          374198 1c00950e 0056f753 fadd.s           f14, f13, f5        f14=xxxxxxxx f13:3be32d75  f5:402cf30d
21318986ns          374199 1c009512 a1f728d3 feq.s            x17, f14, f31       x17=00000000 f14:402d64a4 f31:00000000
21319006ns          374200 1c009516 52089be3 bne              x17, x0, 3382       x17:00000000
21319026ns          374201 1c00951a 1c0003b7 lui              x7, 0x1c000000       x7=1c000000
21319046ns          374202 1c00951e 02038393 addi             x7, x7, 32           x7=1c000020  x7:1c000000
21319066ns          374203 1c009522 0003a383 lw               x7, 0(x7)            x7=3f800000  x7:1c000020  PA:1c000020
21319443ns          374222 1c009526 18e3f8d3 fdiv.s           f17, f7, f14        f17=xxxxxxxx  f7:3f800000 f14:402d64a4
21319722ns          374236 1c00952a 10d8f6d3 fmul.s           f13, f17, f13       f13=xxxxxxxx f17:3ebcfb20 f13:3be32d75
21319742ns          374237 1c00952e 1058f8d3 fmul.s           f17, f17, f5        f17=xxxxxxxx f17:3ebcfb20  f5:402cf30d
21319762ns          374238 1c009532 a1f312d3 flt.s            x5, f6, f31          x5=00000000  f6:402cf30d f31:00000000
21319782ns          374239 1c009536 10d6f6d3 fmul.s           f13, f13, f13       f13=xxxxxxxx f13:3b27b43c f13:3b27b43c
21319802ns          374240 1c00953a 6918f6c3 fmadd.s          f13, f17, f17, f13  f13=xxxxxxxx f17:3f7f584b f17:3f7f584b f13:36dbb94a
21319821ns          374241 1c00953e 5806f353 fsqrt.s          f6, f13              f6=xxxxxxxx f13:3f7eb172
21320279ns          374264 1c009542 10e37353 fmul.s           f6, f6, f14          f6=xxxxxxxx  f6:3f7f5882 f14:402d64a4
21320299ns          374265 1c009546 00028463 beq              x5, x0, 8            x5:00000000
21320378ns          374269 1c00954e 1c000437 lui              x8, 0x1c000000       x8=1c000000
21320398ns          374270 1c009552 02040413 addi             x8, x8, 32           x8=1c000020  x8:1c000000
21320418ns          374271 1c009556 00042403 lw               x8, 0(x8)            x8=3f800000  x8:1c000020  PA:1c000020
21320736ns          374287 1c009558 18647753 fdiv.s           f14, f8, f6         f14=xxxxxxxx  f8:3f800000  f6:402cf332
21321015ns          374301 1c00955c 10e876d3 fmul.s           f13, f16, f14       f13=xxxxxxxx f16:402cf30d f14:3ebd7716
21321035ns          374302 1c009560 10e7f7d3 fmul.s           f15, f15, f14       f15=xxxxxxxx f15:bbe32d75 f14:3ebd7716
21321055ns          374303 1c009564 000e2703 lw               x14, 0(x28)         x14=3f34f4cc x28:10000ef8  PA:10000ef8
21321075ns          374304 1c009568 00062803 lw               x16, 0(x12)         x16=be8a25c6 x12:10000f0c  PA:10000f0c
21321094ns          374305 1c00956c 10e7f3d3 fmul.s           f7, f15, f14         f7=xxxxxxxx f15:bb28223d f14:3f34f4cc
21321114ns          374306 1c009570 1107f2d3 fmul.s           f5, f15, f16         f5=xxxxxxxx f15:bb28223d f16:be8a25c6
21321134ns          374307 1c009574 10f578d3 fmul.s           f17, f10, f15       f17=xxxxxxxx f10:bca12cfe f15:bb28223d
21321154ns          374308 1c009578 3906f847 fmsub.s          f16, f13, f16, f7   f16=xxxxxxxx f13:3f7fffc9 f16:be8a25c6  f7:baedb1b3
21321174ns          374309 1c00957c 28e6f743 fmadd.s          f14, f13, f14, f5   f14=xxxxxxxx f13:3f7fffc9 f14:3f34f4cc  f5:3a357688
21321194ns          374310 1c009580 88d5f8c3 fmadd.s          f17, f11, f13, f17  f17=xxxxxxxx f11:c081252d f13:3f7fffc9 f17:3853b62a
21321214ns          374311 1c009584 01062023 sw               x16, 0(x12)         x16:be8937f7 x12:10000f0c  PA:10000f0c
21321234ns          374312 1c009588 00ee2023 sw               x14, 0(x28)         x14:3f352203 x28:10000ef8  PA:10000ef8
21321254ns          374313 1c00958c 004e2703 lw               x14, 4(x28)         x14=be0145ae x28:10000ef8  PA:10000efc
21321273ns          374314 1c009590 00462803 lw               x16, 4(x12)         x16=3ee6d54b x12:10000f0c  PA:10000f10
21321293ns          374315 1c009594 10e7f453 fmul.s           f8, f15, f14         f8=xxxxxxxx f15:bb28223d f14:be0145ae
21321313ns          374316 1c009598 10f873d3 fmul.s           f7, f16, f15         f7=xxxxxxxx f16:3ee6d54b f15:bb28223d
21321333ns          374317 1c00959c 10f5f2d3 fmul.s           f5, f11, f15         f5=xxxxxxxx f11:c081252d f15:bb28223d
21321373ns          374319 1c0095a0 40d87847 fmsub.s          f16, f16, f13, f8   f16=xxxxxxxx f16:3ee6d54b f13:3f7fffc9  f8:39a9ce08
21321413ns          374321 1c0095a4 38e6f743 fmadd.s          f14, f13, f14, f7   f14=xxxxxxxx f13:3f7fffc9 f14:be0145ae  f7:ba979ad9
21321433ns          374322 1c0095a8 0069a22b p.sw             x6, 4(x19!)         x19=10000de4  x6:402cf332 x19:10000de0  PA:10000de0
21321452ns          374323 1c0095ac 01062223 sw               x16, 4(x12)         x16:3ee6aaa6 x12:10000f0c  PA:10000f10
21321572ns          374329 1c0095b0 00ee2223 sw               x14, 4(x28)         x14:be0274c8 x28:10000ef8  PA:10000efc
21321612ns          374331 1c0095b4 008e2703 lw               x14, 8(x28)         x14=3e9b48b2 x28:10000ef8  PA:10000f00
21321631ns          374332 1c0095b8 00862803 lw               x16, 8(x12)         x16=3e90f062 x12:10000f0c  PA:10000f14
21321651ns          374333 1c0095bc 10f773d3 fmul.s           f7, f14, f15         f7=xxxxxxxx f14:3e9b48b2 f15:bb28223d
21321731ns          374337 1c0095c0 10f875d3 fmul.s           f11, f16, f15       f11=xxxxxxxx f16:3e90f062 f15:bb28223d
21321771ns          374339 1c0095c4 28d57547 fmsub.s          f10, f10, f13, f5   f10=xxxxxxxx f10:bca12cfe f13:3f7fffc9  f5:3c29a356
21321791ns          374340 1c0095c8 38d873c7 fmsub.s          f7, f16, f13, f7     f7=xxxxxxxx f16:3e90f062 f13:3f7fffc9  f7:ba4bf8f3
21321810ns          374341 1c0095cc 58d775c3 fmadd.s          f11, f14, f13, f11  f11=xxxxxxxx f14:3e9b48b2 f13:3f7fffc9 f11:ba3e6246
21321830ns          374342 1c0095d0 a1f892d3 flt.s            x5, f17, f31         x5=00000001 f17:c08124a7 f31:00000000
21321850ns          374343 1c0095d4 00762423 sw               x7, 8(x12)           x7:3e91563f x12:10000f0c  PA:10000f14
21321870ns          374344 1c0095d8 00ce2703 lw               x14, 12(x28)        x14=bf11b600 x28:10000ef8  PA:10000f04
21321890ns          374345 1c0095dc 00be2423 sw               x11, 8(x28)         x11:3e9ae960 x28:10000ef8  PA:10000f00
21321950ns          374348 1c0095e0 00c62383 lw               x7, 12(x12)          x7=3da93c70 x12:10000f0c  PA:10000f18
21321990ns          374350 1c0095e4 10f77453 fmul.s           f8, f14, f15         f8=xxxxxxxx f14:bf11b600 f15:bb28223d
21322009ns          374351 1c0095e8 10f3f5d3 fmul.s           f11, f7, f15        f11=xxxxxxxx  f7:3da93c70 f15:bb28223d
21322029ns          374352 1c0095ec 000aa803 lw               x16, 0(x21)         x16=40dbeeef x21:10000dd4  PA:10000dd4
21322089ns          374355 1c0095f0 40d3f3c7 fmsub.s          f7, f7, f13, f8      f7=xxxxxxxx  f7:3da93c70 f13:3f7fffc9  f8:3abf65da
21322129ns          374357 1c0095f4 58d775c3 fmadd.s          f11, f14, f13, f11  f11=xxxxxxxx f14:bf11b600 f13:3f7fffc9 f11:b95e4c98
21322149ns          374358 1c0095f8 00a9a023 sw               x10, 0(x19)         x10:bcf5fe86 x19:10000de4  PA:10000de4
21322169ns          374359 1c0095fc 00762623 sw               x7, 12(x12)          x7:3da63eb4 x12:10000f0c  PA:10000f18
21322228ns          374362 1c009600 010e2703 lw               x14, 16(x28)        x14=be85f61f x28:10000ef8  PA:10000f08
21322268ns          374364 1c009604 00be2623 sw               x11, 12(x28)        x11:bf11c3c5 x28:10000ef8  PA:10000f04
21322288ns          374365 1c009608 01062583 lw               x11, 16(x12)        x11=bf4c508b x12:10000f0c  PA:10000f1c
21322308ns          374366 1c00960a 10f773d3 fmul.s           f7, f14, f15         f7=xxxxxxxx f14:be85f61f f15:bb28223d
21322328ns          374367 1c00960e 10f5f353 fmul.s           f6, f11, f15         f6=xxxxxxxx f11:bf4c508b f15:bb28223d
21322348ns          374368 1c009612 1107f7d3 fmul.s           f15, f15, f16       f15=xxxxxxxx f15:bb28223d f16:40dbeeef
21322367ns          374369 1c009616 38d5f5c7 fmsub.s          f11, f11, f13, f7   f11=xxxxxxxx f11:bf4c508b f13:3f7fffc9  f7:3a2ff6de
21322387ns          374370 1c00961a 30d77743 fmadd.s          f14, f14, f13, f6   f14=xxxxxxxx f14:be85f61f f13:3f7fffc9  f6:3b06302f
21322447ns          374373 1c00961e 1106f6d3 fmul.s           f13, f13, f16       f13=xxxxxxxx f13:3f7fffc9 f16:40dbeeef
21322467ns          374374 1c009622 00b62823 sw               x11, 16(x12)        x11:bf4c7c5d x12:10000f0c  PA:10000f1c
21322487ns          374375 1c009624 00ee2823 sw               x14, 16(x28)        x14:be84e9a2 x28:10000ef8  PA:10000f08
21322507ns          374376 1c009628 01100333 add              x6, x0, x17          x6=c08124a7 x17:c08124a7
21322527ns          374377 1c00962a 00028463 beq              x5, x0, 8            x5:00000001
21322546ns          374378 1c00962e 21189353 fsgnjn.s         f6, f17, f17         f6=xxxxxxxx f17:c08124a7 f17:c08124a7
21322566ns          374379 1c009632 a1f79753 flt.s            x14, f15, f31       x14=00000001 f15:bc907237 f31:00000000
21322586ns          374380 1c009636 420719e3 bne              x14, x0, 3122       x14:00000001
21322745ns          374388 1c00a268 20f79753 fsgnjn.s         f14, f15, f15       f14=xxxxxxxx f15:bc907237 f15:bc907237
21322785ns          374390 1c00a26c bd0ff06f jal              x0, -3120          
21322885ns          374395 1c00963c a0671853 flt.s            x16, f14, f6        x16=00000001 f14:3c907237  f6:408124a7
21322904ns          374396 1c009640 011003b3 add              x7, x0, x17          x7=c08124a7 x17:c08124a7
21322924ns          374397 1c009642 00081363 bne              x16, x0, 6          x16:00000001
21322984ns          374400 1c009648 006772d3 fadd.s           f5, f14, f6          f5=xxxxxxxx f14:3c907237  f6:408124a7
21323004ns          374401 1c00964c a1f2a5d3 feq.s            x11, f5, f31        x11=00000000  f5:4081b519 f31:00000000
21323064ns          374404 1c009650 3a0593e3 bne              x11, x0, 2982       x11:00000000
21323103ns          374406 1c009654 1c000437 lui              x8, 0x1c000000       x8=1c000000
21323123ns          374407 1c009658 02040413 addi             x8, x8, 32           x8=1c000020  x8:1c000000
21323143ns          374408 1c00965c 00042403 lw               x8, 0(x8)            x8=3f800000  x8:1c000020  PA:1c000020
21323621ns          374432 1c00965e 185475d3 fdiv.s           f11, f8, f5         f11=xxxxxxxx  f8:3f800000  f5:4081b519
21323899ns          374446 1c009662 10e5f753 fmul.s           f14, f11, f14       f14=xxxxxxxx f11:3e7ca150 f14:3c907237
21323919ns          374447 1c009666 a1f393d3 flt.s            x7, f7, f31          x7=00000001  f7:c08124a7 f31:00000000
21323939ns          374448 1c00966a 1065f5d3 fmul.s           f11, f11, f6        f11=xxxxxxxx f11:3e7ca150  f6:408124a7
21323959ns          374449 1c00966e 10e77753 fmul.s           f14, f14, f14       f14=xxxxxxxx f14:3b8e8b73 f14:3b8e8b73
21323979ns          374450 1c009672 70b5f743 fmadd.s          f14, f11, f11, f14  f14=xxxxxxxx f11:3f7ee2ea f11:3f7ee2ea f14:379ebdff
21323998ns          374451 1c009676 58077353 fsqrt.s          f6, f14              f6=xxxxxxxx f14:3f7dc84f
21324456ns          374474 1c00967a 10537353 fmul.s           f6, f6, f5           f6=xxxxxxxx  f6:3f7ee389  f5:4081b519
21324476ns          374475 1c00967e 00038463 beq              x7, x0, 8            x7:00000001
21324496ns          374476 1c009682 20631353 fsgnjn.s         f6, f6, f6           f6=xxxxxxxx  f6:408124f8  f6:408124f8
21324516ns          374477 1c009686 1c0004b7 lui              x9, 0x1c000000       x9=1c000000
21324536ns          374478 1c00968a 02048493 addi             x9, x9, 32           x9=1c000020  x9:1c000000
21324555ns          374479 1c00968e 0004a483 lw               x9, 0(x9)            x9=3f800000  x9:1c000020  PA:1c000020
21324894ns          374496 1c009690 1864f753 fdiv.s           f14, f9, f6         f14=xxxxxxxx  f9:3f800000  f6:c08124f8
21325172ns          374510 1c009694 111778d3 fmul.s           f17, f14, f17       f17=xxxxxxxx f14:be7dbb41 f17:c08124a7
21325192ns          374511 1c009698 10f77753 fmul.s           f14, f14, f15       f14=xxxxxxxx f14:be7dbb41 f15:bc907237
21325212ns          374512 1c00969c 10a8f853 fmul.s           f16, f17, f10       f16=xxxxxxxx f17:3f7fff5f f10:bcf5fe86
21325232ns          374513 1c0096a0 20e71bd3 fsgnjn.s         f23, f14, f14       f23=xxxxxxxx f14:3b8f2a88 f14:3b8f2a88
21325252ns          374514 1c0096a4 000ea783 lw               x15, 0(x29)         x15=bed5505a x29:10000f5c  PA:10000f5c
21325271ns          374515 1c0096a8 000f2383 lw               x7, 0(x30)           x7=bf3e1cd6 x30:10000f70  PA:10000f70
21325291ns          374516 1c0096ac 10e7f453 fmul.s           f8, f15, f14         f8=xxxxxxxx f15:bed5505a f14:3b8f2a88
21325311ns          374517 1c0096b0 10e3f2d3 fmul.s           f5, f7, f14          f5=xxxxxxxx  f7:bf3e1cd6 f14:3b8f2a88
21325331ns          374518 1c0096b4 006b222b p.sw             x6, 4(x22!)         x22=10000dd4  x6:c08124f8 x22:10000dd0  PA:10000dd0
21325351ns          374519 1c0096b8 4113f3c7 fmsub.s          f7, f7, f17, f8      f7=xxxxxxxx  f7:bf3e1cd6 f17:3f7fff5f  f8:baee96a6
21325371ns          374520 1c0096bc 2917f2c3 fmadd.s          f5, f15, f17, f5     f5=xxxxxxxx f15:bed5505a f17:3f7fff5f  f5:bb54a363
21325391ns          374521 1c0096c0 10d8f5d3 fmul.s           f11, f17, f13       f11=xxxxxxxx f17:3f7fff5f f13:40dbeec0
21325411ns          374522 1c0096c4 007f2023 sw               x7, 0(x30)           x7:bf3da513 x30:10000f70  PA:10000f70
21325431ns          374523 1c0096c8 005ea023 sw               x5, 0(x29)           x5:bed6f91b x29:10000f5c  PA:10000f5c
21325450ns          374524 1c0096cc 004ea283 lw               x5, 4(x29)           x5=3cb4664a x29:10000f5c  PA:10000f60
21325490ns          374526 1c0096d0 004f2383 lw               x7, 4(x30)           x7=3f053907 x30:10000f70  PA:10000f74
21325530ns          374528 1c0096d4 10e2f4d3 fmul.s           f9, f5, f14          f9=xxxxxxxx  f5:3cb4664a f14:3b8f2a88
21325550ns          374529 1c0096d8 10e3f453 fmul.s           f8, f7, f14          f8=xxxxxxxx  f7:3f053907 f14:3b8f2a88
21325570ns          374530 1c0096dc 80d77843 fmadd.s          f16, f14, f13, f16  f16=xxxxxxxx f14:3b8f2a88 f13:40dbeec0 f16:bcf5fdeb
21325630ns          374533 1c0096e0 4913f3c7 fmsub.s          f7, f7, f17, f9      f7=xxxxxxxx  f7:3f053907 f17:3f7fff5f  f9:38c9c638
21325669ns          374535 1c0096e4 4112f2c3 fmadd.s          f5, f5, f17, f8      f5=xxxxxxxx  f5:3cb4664a f17:3f7fff5f  f8:3b1501fa
21325689ns          374536 1c0096e8 000a2783 lw               x15, 0(x20)         x15=00000000 x20:10000de8  PA:10000de8
21325709ns          374537 1c0096ec 007f2223 sw               x7, 4(x30)           x7:3f053265 x30:10000f70  PA:10000f74
21325729ns          374538 1c0096f0 005ea223 sw               x5, 4(x29)           x5:3cc70618 x29:10000f5c  PA:10000f60
21325749ns          374539 1c0096f4 008ea283 lw               x5, 8(x29)           x5=bee6a028 x29:10000f5c  PA:10000f64
21325769ns          374540 1c0096f8 008f2383 lw               x7, 8(x30)           x7=3e279dc5 x30:10000f70  PA:10000f78
21325789ns          374541 1c0096fc 10e2f4d3 fmul.s           f9, f5, f14          f9=xxxxxxxx  f5:bee6a028 f14:3b8f2a88
21325809ns          374542 1c009700 10e3f453 fmul.s           f8, f7, f14          f8=xxxxxxxx  f7:3e279dc5 f14:3b8f2a88
21325828ns          374543 1c009704 58abf5c3 fmadd.s          f11, f23, f10, f11  f11=xxxxxxxx f23:bb8f2a88 f10:bcf5fe86 f11:40dbee36
21325848ns          374544 1c009708 4913f3c7 fmsub.s          f7, f7, f17, f9      f7=xxxxxxxx  f7:3e279dc5 f17:3f7fff5f  f9:bb00f9c7
21325868ns          374545 1c00970c 4112f2c3 fmadd.s          f5, f5, f17, f8      f5=xxxxxxxx  f5:bee6a028 f17:3f7fff5f  f8:3a3b79f4
21325888ns          374546 1c009710 1117f553 fmul.s           f10, f15, f17       f10=xxxxxxxx f15:00000000 f17:3f7fff5f
21325908ns          374547 1c009714 007f2423 sw               x7, 8(x30)           x7:3e29a143 x30:10000f70  PA:10000f78
21325928ns          374548 1c009718 00cea303 lw               x6, 12(x29)          x6=bce8731e x29:10000f5c  PA:10000f68
21325948ns          374549 1c00971c 005ea423 sw               x5, 8(x29)           x5:bee641da x29:10000f5c  PA:10000f64
21325968ns          374550 1c009720 00cf2283 lw               x5, 12(x30)          x5=3e76d37f x30:10000f70  PA:10000f7c
21325988ns          374551 1c009724 10e37453 fmul.s           f8, f6, f14          f8=xxxxxxxx  f6:bce8731e f14:3b8f2a88
21326007ns          374552 1c009728 10e2f3d3 fmul.s           f7, f5, f14          f7=xxxxxxxx  f5:3e76d37f f14:3b8f2a88
21326027ns          374553 1c00972c 014f0f13 addi             x30, x30, 20        x30=10000f84 x30:10000f70
21326087ns          374556 1c00972e 4112f2c7 fmsub.s          f5, f5, f17, f8      f5=xxxxxxxx  f5:3e76d37f f17:3f7fff5f  f8:b901feec
21326127ns          374558 1c009732 39137343 fmadd.s          f6, f6, f17, f7      f6=xxxxxxxx  f6:bce8731e f17:3f7fff5f  f7:3a8a0926
21326147ns          374559 1c009736 00baa22b p.sw             x11, 4(x21!)        x21=10000dd8 x11:40dbef49 x21:10000dd4  PA:10000dd4
21326167ns          374560 1c00973a fe5f2c23 sw               x5, -8(x30)          x5:3e76f363 x30:10000f84  PA:10000f7c
21326186ns          374561 1c00973e 010ea683 lw               x13, 16(x29)        x13=3f49eff9 x29:10000f5c  PA:10000f6c
21326206ns          374562 1c009742 006ea623 sw               x6, 12(x29)          x6:bcdfd1f9 x29:10000f5c  PA:10000f68
21326226ns          374563 1c009746 ffcf2303 lw               x6, -4(x30)          x6=be9bf6f6 x30:10000f84  PA:10000f80
21326246ns          374564 1c00974a 10e6f3d3 fmul.s           f7, f13, f14         f7=xxxxxxxx f13:3f49eff9 f14:3b8f2a88
21326266ns          374565 1c00974e 10e372d3 fmul.s           f5, f6, f14          f5=xxxxxxxx  f6:be9bf6f6 f14:3b8f2a88
21326286ns          374566 1c009752 00aa222b p.sw             x10, 4(x20!)        x20=10000dec x10:00000000 x20:10000de8  PA:10000de8
21326306ns          374567 1c009756 39137347 fmsub.s          f6, f6, f17, f7      f6=xxxxxxxx  f6:be9bf6f6 f17:3f7fff5f  f7:3b61dd31
21326326ns          374568 1c00975a 2916f8c3 fmadd.s          f17, f13, f17, f5   f17=xxxxxxxx f13:3f49eff9 f17:3f7fff5f  f5:baae71ba
21326346ns          374569 1c00975e 01460613 addi             x12, x12, 20        x12=10000f20 x12:10000f0c
21326385ns          374571 1c009760 fe6f2e23 sw               x6, -4(x30)          x6:be9dba4e x30:10000f84  PA:10000f80
21326425ns          374573 1c009764 011ea823 sw               x17, 16(x29)        x17:3f499841 x29:10000f5c  PA:10000f6c
21326445ns          374574 1c009768 014e0e13 addi             x28, x28, 20        x28=10000f0c x28:10000ef8
21326465ns          374575 1c00976a 014e8e93 addi             x29, x29, 20        x29=10000f70 x29:10000f5c
21326485ns          374576 1c00976c 10e7f7d3 fmul.s           f15, f15, f14       f15=xxxxxxxx f15:00000000 f14:3b8f2a88
21326525ns          374578 1c009770 01412e03 lw               x28, 20(x2)         x28=00000002  x2:10000d98  PA:10000dac
21326544ns          374579 1c009772 00812983 lw               x19, 8(x2)          x19=0000000c  x2:10000d98  PA:10000da0
21326564ns          374580 1c009774 0e010893 addi             x17, x2, 224        x17=10000e78  x2:10000d98
21326584ns          374581 1c009778 013887b3 add              x15, x17, x19       x15=10000e84 x17:10000e78 x19:0000000c
21326604ns          374582 1c00977c 001e0e13 addi             x28, x28, 1         x28=00000003 x28:00000002
21326664ns          374585 1c00977e f707a023 sw               x16, -160(x15)      x16:b363daa0 x15:10000e84  PA:10000de4
21326684ns          374586 1c009782 01c12a23 sw               x28, 20(x2)         x28:00000003  x2:10000d98  PA:10000dac
21326704ns          374587 1c009784 fff00793 addi             x15, x0, -1         x15=ffffffff
21326724ns          374588 1c009786 00fdc663 blt              x27, x15, 12        x27:00000003 x15:ffffffff
21326743ns          374589 1c00978a 04b00793 addi             x15, x0, 75         x15=0000004b
21326803ns          374592 1c00978e a8fe1c63 bne              x28, x15, -3432     x28:00000003 x15:0000004b
21326903ns          374597 1c008a26 00812503 lw               x10, 8(x2)          x10=0000000c  x2:10000d98  PA:10000da0
21326942ns          374599 1c008a28 04010613 addi             x12, x2, 64         x12=10000dd8  x2:10000d98
21326962ns          374600 1c008a2a 01b509b3 add              x19, x10, x27       x19=0000000f x10:0000000c x27:00000003
21326982ns          374601 1c008a2e 02c10593 addi             x11, x2, 44         x11=10000dc4  x2:10000d98
21327022ns          374603 1c008a30 00a60633 add              x12, x12, x10       x12=10000de4 x12:10000dd8 x10:0000000c
21327062ns          374605 1c008a32 002d8693 addi             x13, x27, 2         x13=00000005 x27:00000003
21327082ns          374606 1c008a36 1c000437 lui              x8, 0x1c000000       x8=1c000000
21327101ns          374607 1c008a3a 1c0004b7 lui              x9, 0x1c000000       x9=1c000000
21327121ns          374608 1c008a3e 00299993 slli             x19, x19, 0x2       x19=0000003c x19:0000000f
21327161ns          374610 1c008a40 00a58b33 add              x22, x11, x10       x22=10000dd0 x11:10000dc4 x10:0000000c
21327201ns          374612 1c008a44 00c12623 sw               x12, 12(x2)         x12:10000de4  x2:10000d98  PA:10000da4
21327221ns          374613 1c008a46 00d12c23 sw               x13, 24(x2)         x13:00000005  x2:10000d98  PA:10000db0
21327241ns          374614 1c008a48 02842a83 lw               x21, 40(x8)         x21=0c000000  x8:1c000000  PA:1c000028
21327539ns          374629 1c008a4c 02c4ab83 lw               x23, 44(x9)         x23=34000000  x9:1c000000  PA:1c00002c
21327837ns          374644 1c008a50 01a989b3 add              x19, x19, x26       x19=10000ef8 x19:0000003c x26:10000ebc
21327857ns          374645 1c008a52 00000f13 addi             x30, x0, 0          x30=00000000
21327877ns          374646 1c008a56 018007b3 add              x15, x0, x24        x15=00000004 x24:00000004
21327897ns          374647 1c008a58 004b2283 lw               x5, 4(x22)           x5=40dbef49 x22:10000dd0  PA:10000dd4
21327917ns          374648 1c008a5c 71fdace3 p.beqimm         x27, 3864           x27:00000003
21327957ns          374650 1c008a60 01412e03 lw               x28, 20(x2)         x28=00000003  x2:10000d98  PA:10000dac
21327977ns          374651 1c008a62 01400e93 addi             x29, x0, 20         x29=00000014
21327997ns          374652 1c008a64 77cec8e3 blt              x29, x28, 3952      x29:00000014 x28:00000003
21328016ns          374653 1c008a68 00c12f83 lw               x31, 12(x2)         x31=10000de4  x2:10000d98  PA:10000da4
21328056ns          374655 1c008a6a 000fa683 lw               x13, 0(x31)         x13=b363daa0 x31:10000de4  PA:10000de4
21328096ns          374657 1c008a6e a1e69753 flt.s            x14, f13, f30       x14=00000001 f13:b363daa0 f30:00000000
21328116ns          374658 1c008a72 00070363 beq              x14, x0, 6          x14:00000001
21328136ns          374659 1c008a74 20d696d3 fsgnjn.s         f13, f13, f13       f13=xxxxxxxx f13:b363daa0 f13:b363daa0
21328156ns          374660 1c008a78 000b2603 lw               x12, 0(x22)         x12=c08124f8 x22:10000dd0  PA:10000dd0
21328195ns          374662 1c008a7c a1e61753 flt.s            x14, f12, f30       x14=00000001 f12:c08124f8 f30:00000000
21328235ns          374664 1c008a80 00c005b3 add              x11, x0, x12        x11=c08124f8 x12:c08124f8
21328255ns          374665 1c008a82 00070363 beq              x14, x0, 6          x14:00000001
21328275ns          374666 1c008a84 20c615d3 fsgnjn.s         f11, f12, f12       f11=xxxxxxxx f12:c08124f8 f12:c08124f8
21328295ns          374667 1c008a88 a1e29753 flt.s            x14, f5, f30        x14=00000000  f5:40dbef49 f30:00000000
21328315ns          374668 1c008a8c 00070363 beq              x14, x0, 6          x14:00000000
21328414ns          374673 1c008a92 00500733 add              x14, x0, x5         x14=40dbef49  x5:40dbef49
21328434ns          374674 1c008a94 00b77753 fadd.s           f14, f14, f11       f14=xxxxxxxx f14:40dbef49 f11:408124f8
21328454ns          374675 1c008a98 11777753 fmul.s           f14, f14, f23       f14=xxxxxxxx f14:412e8a20 f23:34000000
21328474ns          374676 1c008a9c a0e68753 fle.s            x14, f13, f14       x14=00000001 f13:3363daa0 f14:35ae8a20
21328534ns          374679 1c008aa0 00070363 beq              x14, x0, 6          x14:00000001
21328573ns          374681 1c008aa2 3140106f jal              x0, 4884           
21328693ns          374687 1c009db6 002d9713 slli             x14, x27, 0x2       x14=0000000c x27:00000003
21328713ns          374688 1c009dba 0e010393 addi             x7, x2, 224          x7=10000e78  x2:10000d98
21328732ns          374689 1c009dbe 00770733 add              x14, x14, x7        x14=10000e84 x14:0000000c  x7:10000e78
21328772ns          374691 1c009dc0 01800833 add              x16, x0, x24        x16=00000004 x24:00000004
21328792ns          374692 1c009dc2 01b006b3 add              x13, x0, x27        x13=00000003 x27:00000003
21328812ns          374693 1c009dc4 f6072023 sw               x0, -160(x14)       x14:10000e84  PA:10000de4
21328832ns          374694 1c009dc8 a31ff06f jal              x0, -1488          
21328911ns          374698 1c0097f8 c3881763 bne              x16, x24, -3026     x16:00000004 x24:00000004
21328951ns          374700 1c0097fc a1e29753 flt.s            x14, f5, f30        x14=00000000  f5:40dbef49 f30:00000000
21329011ns          374703 1c009800 00268613 addi             x12, x13, 2         x12=00000005 x13:00000003
21329051ns          374705 1c009804 16071d63 bne              x14, x0, 378        x14:00000000
21329071ns          374706 1c009808 144c2363 p.beqimm         x24, 326            x24:00000004
21329230ns          374714 1c00994e 00c12f83 lw               x31, 12(x2)         x31=10000de4  x2:10000d98  PA:10000da4
21329309ns          374718 1c009950 01812303 lw               x6, 24(x2)           x6=00000005  x2:10000d98  PA:10000db0
21329329ns          374719 1c009952 ffcf8f93 addi             x31, x31, -4        x31=10000de0 x31:10000de4
21329349ns          374720 1c009954 fff30313 addi             x6, x6, -1           x6=00000004  x6:00000005
21329369ns          374721 1c009956 fffd8d93 addi             x27, x27, -1        x27=00000002 x27:00000003
21329389ns          374722 1c009958 01f12623 sw               x31, 12(x2)         x31:10000de0  x2:10000d98  PA:10000da4
21329409ns          374723 1c00995a 00012a23 sw               x0, 20(x2)           x2:10000d98  PA:10000dac
21329429ns          374724 1c00995c 00612c23 sw               x6, 24(x2)           x6:00000004  x2:10000d98  PA:10000db0
21329449ns          374725 1c00995e ffcb0b13 addi             x22, x22, -4        x22=10000dcc x22:10000dd0
21329468ns          374726 1c009960 fec98993 addi             x19, x19, -20       x19=10000ee4 x19:10000ef8
21329488ns          374727 1c009962 001d8c13 addi             x24, x27, 1         x24=00000003 x27:00000002
21329508ns          374728 1c009966 e20306e3 beq              x6, x0, -468         x6:00000004
21329528ns          374729 1c00996a 018007b3 add              x15, x0, x24        x15=00000003 x24:00000003
21329548ns          374730 1c00996c 004b2283 lw               x5, 4(x22)           x5=c08124f8 x22:10000dcc  PA:10000dd0
21329588ns          374732 1c009970 8ffdb863 p.bneimm         x27, -3856          x27:00000002
21329687ns          374737 1c008a60 01412e03 lw               x28, 20(x2)         x28=00000000  x2:10000d98  PA:10000dac
21329707ns          374738 1c008a62 01400e93 addi             x29, x0, 20         x29=00000014
21329727ns          374739 1c008a64 77cec8e3 blt              x29, x28, 3952      x29:00000014 x28:00000000
21329747ns          374740 1c008a68 00c12f83 lw               x31, 12(x2)         x31=10000de0  x2:10000d98  PA:10000da4
21329787ns          374742 1c008a6a 000fa683 lw               x13, 0(x31)         x13=402cf332 x31:10000de0  PA:10000de0
21329826ns          374744 1c008a6e a1e69753 flt.s            x14, f13, f30       x14=00000000 f13:402cf332 f30:00000000
21329846ns          374745 1c008a72 00070363 beq              x14, x0, 6          x14:00000000
21329906ns          374748 1c008a78 000b2603 lw               x12, 0(x22)         x12=c1151db7 x22:10000dcc  PA:10000dcc
21329946ns          374750 1c008a7c a1e61753 flt.s            x14, f12, f30       x14=00000001 f12:c1151db7 f30:00000000
21329966ns          374751 1c008a80 00c005b3 add              x11, x0, x12        x11=c1151db7 x12:c1151db7
21329986ns          374752 1c008a82 00070363 beq              x14, x0, 6          x14:00000001
21330005ns          374753 1c008a84 20c615d3 fsgnjn.s         f11, f12, f12       f11=xxxxxxxx f12:c1151db7 f12:c1151db7
21330025ns          374754 1c008a88 a1e29753 flt.s            x14, f5, f30        x14=00000001  f5:c08124f8 f30:00000000
21330045ns          374755 1c008a8c 00070363 beq              x14, x0, 6          x14:00000001
21330065ns          374756 1c008a8e 33c0106f jal              x0, 4924           
21330184ns          374762 1c009dca 20529753 fsgnjn.s         f14, f5, f5         f14=xxxxxxxx  f5:c08124f8  f5:c08124f8
21330244ns          374765 1c009dce cc7fe06f jal              x0, -4922          
21330284ns          374767 1c008a94 00b77753 fadd.s           f14, f14, f11       f14=xxxxxxxx f14:408124f8 f11:41151db7
21330304ns          374768 1c008a98 11777753 fmul.s           f14, f14, f23       f14=xxxxxxxx f14:4155b033 f23:34000000
21330324ns          374769 1c008a9c a0e68753 fle.s            x14, f13, f14       x14=00000000 f13:402cf332 f14:35d5b033
21330344ns          374770 1c008aa0 00070363 beq              x14, x0, 6          x14:00000000
21330423ns          374774 1c008aa6 1c000337 lui              x6, 0x1c000000       x6=1c000000
21330443ns          374775 1c008aaa 02830313 addi             x6, x6, 40           x6=1c000028  x6:1c000000
21330503ns          374778 1c008aae 00032303 lw               x6, 0(x6)            x6=0c000000  x6:1c000028  PA:1c000028
21330841ns          374795 1c008ab2 a06686d3 fle.s            x13, f13, f6        x13=00000000 f13:402cf332  f6:0c000000
21330861ns          374796 1c008ab6 00068363 beq              x13, x0, 6          x13:00000000
21331000ns          374803 1c008abc fffd8693 addi             x13, x27, -1        x13=00000001 x27:00000002
21331020ns          374804 1c008ac0 000d9463 bne              x27, x0, 8          x27:00000002
21331080ns          374807 1c008ac8 00269713 slli             x14, x13, 0x2       x14=00000004 x13:00000001
21331099ns          374808 1c008acc 0e010393 addi             x7, x2, 224          x7=10000e78  x2:10000d98
21331159ns          374811 1c008ad0 00e385b3 add              x11, x7, x14        x11=10000e7c  x7:10000e78 x14:00000004
21331199ns          374813 1c008ad4 f605a503 lw               x10, -160(x11)      x10=bedeb17b x11:10000e7c  PA:10000ddc
21331239ns          374815 1c008ad8 a1e515d3 flt.s            x11, f10, f30       x11=00000001 f10:bedeb17b f30:00000000
21331259ns          374816 1c008adc 00058363 beq              x11, x0, 6          x11:00000001
21331298ns          374818 1c008ade 20a51553 fsgnjn.s         f10, f10, f10       f10=xxxxxxxx f10:bedeb17b f10:bedeb17b
21331318ns          374819 1c008ae2 0e010413 addi             x8, x2, 224          x8=10000e78  x2:10000d98
21331338ns          374820 1c008ae4 00e405b3 add              x11, x8, x14        x11=10000e7c  x8:10000e78 x14:00000004
21331358ns          374821 1c008ae8 f4c5a583 lw               x11, -180(x11)      x11=415aae5d x11:10000e7c  PA:10000dc8
21331398ns          374823 1c008aec a1e59853 flt.s            x16, f11, f30       x16=00000000 f11:415aae5d f30:00000000
21331458ns          374826 1c008af0 00080463 beq              x16, x0, 8          x16:00000000
21331517ns          374829 1c008af8 00b00833 add              x16, x0, x11        x16=415aae5d x11:415aae5d
21331537ns          374830 1c008afa a1e618d3 flt.s            x17, f12, f30       x17=00000001 f12:c1151db7 f30:00000000
21331597ns          374833 1c008afe 00088463 beq              x17, x0, 8          x17:00000001
21331637ns          374835 1c008b02 20c61653 fsgnjn.s         f12, f12, f12       f12=xxxxxxxx f12:c1151db7 f12:c1151db7
21331656ns          374836 1c008b06 1c0004b7 lui              x9, 0x1c000000       x9=1c000000
21331676ns          374837 1c008b0a 01067653 fadd.s           f12, f12, f16       f12=xxxxxxxx f12:41151db7 f16:415aae5d
21331736ns          374840 1c008b0e 02c48493 addi             x9, x9, 44           x9=1c00002c  x9:1c000000
21331756ns          374841 1c008b12 0004a483 lw               x9, 0(x9)            x9=34000000  x9:1c00002c  PA:1c00002c
21332074ns          374857 1c008b14 10967653 fmul.s           f12, f12, f9        f12=xxxxxxxx f12:41b7e60a  f9:34000000
21332094ns          374858 1c008b18 a0c50653 fle.s            x12, f10, f12       x12=00000000 f10:3edeb17b f12:3637e60a
21332114ns          374859 1c008b1c 00060363 beq              x12, x0, 6          x12:00000000
21332193ns          374863 1c008b22 1c000637 lui              x12, 0x1c000000     x12=1c000000
21332213ns          374864 1c008b26 02860613 addi             x12, x12, 40        x12=1c000028 x12:1c000000
21332233ns          374865 1c008b2a 00062603 lw               x12, 0(x12)         x12=0c000000 x12:1c000028  PA:1c000028
21332551ns          374881 1c008b2c a0c50553 fle.s            x10, f10, f12       x10=00000000 f10:3edeb17b f12:0c000000
21332571ns          374882 1c008b30 00050363 beq              x10, x0, 6          x10:00000000
21332651ns          374886 1c008b36 ffed8813 addi             x16, x27, -2        x16=00000000 x27:00000002
21332671ns          374887 1c008b3a 01f83463 p.bneimm         x16, 8              x16:00000000
21332790ns          374893 1c008b42 00281713 slli             x14, x16, 0x2       x14=00000000 x16:00000000
21332810ns          374894 1c008b46 0e010893 addi             x17, x2, 224        x17=10000e78  x2:10000d98
21332830ns          374895 1c008b4a 00e88633 add              x12, x17, x14       x12=10000e78 x17:10000e78 x14:00000000
21332890ns          374898 1c008b4e f6062503 lw               x10, -160(x12)      x10=3d48b84b x12:10000e78  PA:10000dd8
21332929ns          374900 1c008b52 a1e51653 flt.s            x12, f10, f30       x12=00000000 f10:3d48b84b f30:00000000
21332949ns          374901 1c008b56 00060363 beq              x12, x0, 6          x12:00000000
21333069ns          374907 1c008b5c 0e010e13 addi             x28, x2, 224        x28=10000e78  x2:10000d98
21333089ns          374908 1c008b60 01c70733 add              x14, x14, x28       x14=10000e78 x14:00000000 x28:10000e78
21333108ns          374909 1c008b62 f4c72883 lw               x17, -180(x14)      x17=4213e256 x14:10000e78  PA:10000dc4
21333148ns          374911 1c008b66 a1e89753 flt.s            x14, f17, f30       x14=00000000 f17:4213e256 f30:00000000
21333168ns          374912 1c008b6a 00070363 beq              x14, x0, 6          x14:00000000
21333248ns          374916 1c008b70 01100733 add              x14, x0, x17        x14=4213e256 x17:4213e256
21333268ns          374917 1c008b72 a1e59653 flt.s            x12, f11, f30       x12=00000000 f11:415aae5d f30:00000000
21333287ns          374918 1c008b76 00060363 beq              x12, x0, 6          x12:00000000
21333407ns          374924 1c008b7c 1c000eb7 lui              x29, 0x1c000000     x29=1c000000
21333427ns          374925 1c008b80 00e5f753 fadd.s           f14, f11, f14       f14=xxxxxxxx f11:415aae5d f14:4213e256
21333447ns          374926 1c008b84 02ce8e93 addi             x29, x29, 44        x29=1c00002c x29:1c000000
21333466ns          374927 1c008b88 000eae83 lw               x29, 0(x29)         x29=34000000 x29:1c00002c  PA:1c00002c
21333785ns          374943 1c008b8c 11d77753 fmul.s           f14, f14, f29       f14=xxxxxxxx f14:424a8ded f29:34000000
21333805ns          374944 1c008b90 a0e50753 fle.s            x14, f10, f14       x14=00000000 f10:3d48b84b f14:36ca8ded
21333825ns          374945 1c008b94 440718e3 bne              x14, x0, 3152       x14:00000000
21333844ns          374946 1c008b98 1c000fb7 lui              x31, 0x1c000000     x31=1c000000
21333864ns          374947 1c008b9c 028f8f93 addi             x31, x31, 40        x31=1c000028 x31:1c000000
21333904ns          374949 1c008ba0 000faf83 lw               x31, 0(x31)         x31=0c000000 x31:1c000028  PA:1c000028
21334362ns          374972 1c008ba4 a1f50553 fle.s            x10, f10, f31       x10=00000000 f10:3d48b84b f31:0c000000
21334381ns          374973 1c008ba8 42051ee3 bne              x10, x0, 3132       x10:00000000
21334401ns          374974 1c008bac ffdd8693 addi             x13, x27, -3        x13=ffffffff x27:00000002
21334421ns          374975 1c008bb0 01f6b463 p.bneimm         x13, 8              x13:ffffffff
21334441ns          374976 1c008bb4 4ee0106f jal              x0, 5358           
21334521ns          374980 1c00a0a2 00000813 addi             x16, x0, 0          x16=00000000
21334560ns          374982 1c00a0a4 b7ffe06f jal              x0, -5250          
21334680ns          374988 1c008c22 3d880de3 beq              x16, x24, 3034      x16:00000000 x24:00000003
21334700ns          374989 1c008c26 002d8393 addi             x7, x27, 2           x7=00000004 x27:00000002
21334720ns          374990 1c008c2a 7c76d5e3 bge              x13, x7, 4042       x13:ffffffff  x7:00000004
21334779ns          374993 1c008c2e 00268f93 addi             x31, x13, 2         x31=00000001 x13:ffffffff
21334819ns          374995 1c008c32 3e780a63 beq              x16, x7, 1012       x16:00000000  x7:00000004
21334839ns          374996 1c008c36 002c1e93 slli             x29, x24, 0x2       x29=0000000c x24:00000003
21334859ns          374997 1c008c3a 04010493 addi             x9, x2, 64           x9=10000dd8  x2:10000d98
21334879ns          374998 1c008c3c ffce8593 addi             x11, x29, -4        x11=00000008 x29:0000000c
21334918ns          375000 1c008c40 1c000637 lui              x12, 0x1c000000     x12=1c000000
21334958ns          375002 1c008c44 02c10413 addi             x8, x2, 44           x8=10000dc4  x2:10000d98
21334978ns          375003 1c008c46 1c000537 lui              x10, 0x1c000000     x10=1c000000
21334998ns          375004 1c008c4a 009585b3 add              x11, x11, x9        x11=10000de0 x11:00000008  x9:10000dd8
21335018ns          375005 1c008c4c 02862483 lw               x9, 40(x12)          x9=0c000000 x12:1c000000  PA:1c000028
21335336ns          375021 1c008c50 01d40333 add              x6, x8, x29          x6=10000dd0  x8:10000dc4 x29:0000000c
21335356ns          375022 1c008c54 00700733 add              x14, x0, x7         x14=00000004  x7:00000004
21335376ns          375023 1c008c56 02c52403 lw               x8, 44(x10)          x8=34000000 x10:1c000000  PA:1c00002c
21335674ns          375038 1c008c5a 00168693 addi             x13, x13, 1         x13=00000000 x13:ffffffff
21335694ns          375039 1c008c5c 00000e13 addi             x28, x0, 0          x28=00000000
21335714ns          375040 1c008c60 41038533 sub              x10, x7, x16        x10=00000004  x7:00000004 x16:00000000
21335734ns          375041 1c008c64 1e0540fb lp.setup         0x1, x10, 0x1e0     x10:00000004
21335754ns          375042 1c008c68 fff70893 addi             x17, x14, -1        x17=00000003 x14:00000004
21335774ns          375043 1c008c6c 00000793 addi             x15, x0, 0          x15=00000000
21335814ns          375045 1c008c70 00ec4763 blt              x24, x14, 14        x24:00000003 x14:00000004
21335933ns          375051 1c008c7e 00efd963 bge              x31, x14, 18        x31:00000001 x14:00000004
21335953ns          375052 1c008c82 0005a603 lw               x12, 0(x11)         x12=402cf332 x11:10000de0  PA:10000de0
21335993ns          375054 1c008c84 a1c61f53 flt.s            x30, f12, f28       x30=00000000 f12:402cf332 f28:00000000
21336012ns          375055 1c008c88 380f1163 bne              x30, x0, 898        x30:00000000
21336032ns          375056 1c008c8c 00c7f7d3 fadd.s           f15, f15, f12       f15=xxxxxxxx f15:00000000 f12:402cf332
21336072ns          375058 1c008c90 ffc3260b p.lw             x12, -4(x6!)        x12=c08124f8  x6=10000dcc  x6:10000dd0  PA:10000dd0
21336112ns          375060 1c008c94 a1c61f53 flt.s            x30, f12, f28       x30=00000001 f12:c08124f8 f28:00000000
21336132ns          375061 1c008c98 000f0463 beq              x30, x0, 8          x30:00000001
21336152ns          375062 1c008c9c 20c61653 fsgnjn.s         f12, f12, f12       f12=xxxxxxxx f12:c08124f8 f12:c08124f8
21336211ns          375065 1c008ca0 1087f7d3 fmul.s           f15, f15, f8        f15=xxxxxxxx f15:402cf332  f8:34000000
21336251ns          375067 1c008ca4 a0f607d3 fle.s            x15, f12, f15       x15=00000000 f12:408124f8 f15:34acf332
21336271ns          375068 1c008ca8 00079563 bne              x15, x0, 10         x15:00000000
21336291ns          375069 1c008caa a0960653 fle.s            x12, f12, f9        x12=00000000 f12:408124f8  f9:0c000000
21336351ns          375072 1c008cae 36060663 beq              x12, x0, 876        x12:00000000
21336490ns          375079 1c00901a 00d71463 bne              x14, x13, 8         x14:00000004 x13:00000000
21336589ns          375084 1c009022 01100733 add              x14, x0, x17        x14=00000003 x17:00000003
21336609ns          375085 1c009024 ffc58593 addi             x11, x11, -4        x11=10000ddc x11:10000de0
21336629ns          375086 1c008c68 fff70893 addi             x17, x14, -1        x17=00000002 x14:00000003
21336649ns          375087 1c008c6c 00000793 addi             x15, x0, 0          x15=00000000
21336669ns          375088 1c008c70 00ec4763 blt              x24, x14, 14        x24:00000003 x14:00000003
21336689ns          375089 1c008c74 0045a783 lw               x15, 4(x11)         x15=402cf332 x11:10000ddc  PA:10000de0
21336729ns          375091 1c008c76 a1c79653 flt.s            x12, f15, f28       x12=00000000 f15:402cf332 f28:00000000
21336748ns          375092 1c008c7a 38061b63 bne              x12, x0, 918        x12:00000000
21336768ns          375093 1c008c7e 00efd963 bge              x31, x14, 18        x31:00000001 x14:00000003
21336788ns          375094 1c008c82 0005a603 lw               x12, 0(x11)         x12=bedeb17b x11:10000ddc  PA:10000ddc
21336828ns          375096 1c008c84 a1c61f53 flt.s            x30, f12, f28       x30=00000001 f12:bedeb17b f28:00000000
21336848ns          375097 1c008c88 380f1163 bne              x30, x0, 898        x30:00000001
21336987ns          375104 1c00900a 20c61653 fsgnjn.s         f12, f12, f12       f12=xxxxxxxx f12:bedeb17b f12:bedeb17b
21337007ns          375105 1c00900e c7fff06f jal              x0, -898           
21337087ns          375109 1c008c8c 00c7f7d3 fadd.s           f15, f15, f12       f15=xxxxxxxx f15:402cf332 f12:3edeb17b
21337106ns          375110 1c008c90 ffc3260b p.lw             x12, -4(x6!)        x12=c1151db7  x6=10000dc8  x6:10000dcc  PA:10000dcc
21337146ns          375112 1c008c94 a1c61f53 flt.s            x30, f12, f28       x30=00000001 f12:c1151db7 f28:00000000
21337166ns          375113 1c008c98 000f0463 beq              x30, x0, 8          x30:00000001
21337186ns          375114 1c008c9c 20c61653 fsgnjn.s         f12, f12, f12       f12=xxxxxxxx f12:c1151db7 f12:c1151db7
21337226ns          375116 1c008ca0 1087f7d3 fmul.s           f15, f15, f8        f15=xxxxxxxx f15:4048c961  f8:34000000
21337266ns          375118 1c008ca4 a0f607d3 fle.s            x15, f12, f15       x15=00000000 f12:41151db7 f15:34c8c961
21337285ns          375119 1c008ca8 00079563 bne              x15, x0, 10         x15:00000000
21337305ns          375120 1c008caa a0960653 fle.s            x12, f12, f9        x12=00000000 f12:41151db7  f9:0c000000
21337325ns          375121 1c008cae 36060663 beq              x12, x0, 876        x12:00000000
21337405ns          375125 1c00901a 00d71463 bne              x14, x13, 8         x14:00000003 x13:00000000
21337465ns          375128 1c009022 01100733 add              x14, x0, x17        x14=00000002 x17:00000002
21337484ns          375129 1c009024 ffc58593 addi             x11, x11, -4        x11=10000dd8 x11:10000ddc
21337504ns          375130 1c008c68 fff70893 addi             x17, x14, -1        x17=00000001 x14:00000002
21337524ns          375131 1c008c6c 00000793 addi             x15, x0, 0          x15=00000000
21337544ns          375132 1c008c70 00ec4763 blt              x24, x14, 14        x24:00000003 x14:00000002
21337564ns          375133 1c008c74 0045a783 lw               x15, 4(x11)         x15=bedeb17b x11:10000dd8  PA:10000ddc
21337604ns          375135 1c008c76 a1c79653 flt.s            x12, f15, f28       x12=00000001 f15:bedeb17b f28:00000000
21337624ns          375136 1c008c7a 38061b63 bne              x12, x0, 918        x12:00000001
21337683ns          375139 1c009010 20f797d3 fsgnjn.s         f15, f15, f15       f15=xxxxxxxx f15:bedeb17b f15:bedeb17b
21337703ns          375140 1c009014 c6bff06f jal              x0, -918           
21337763ns          375143 1c008c7e 00efd963 bge              x31, x14, 18        x31:00000001 x14:00000002
21337783ns          375144 1c008c82 0005a603 lw               x12, 0(x11)         x12=3d48b84b x11:10000dd8  PA:10000dd8
21337823ns          375146 1c008c84 a1c61f53 flt.s            x30, f12, f28       x30=00000000 f12:3d48b84b f28:00000000
21337842ns          375147 1c008c88 380f1163 bne              x30, x0, 898        x30:00000000
21337862ns          375148 1c008c8c 00c7f7d3 fadd.s           f15, f15, f12       f15=xxxxxxxx f15:3edeb17b f12:3d48b84b
21337882ns          375149 1c008c90 ffc3260b p.lw             x12, -4(x6!)        x12=415aae5d  x6=10000dc4  x6:10000dc8  PA:10000dc8
21337922ns          375151 1c008c94 a1c61f53 flt.s            x30, f12, f28       x30=00000000 f12:415aae5d f28:00000000
21337942ns          375152 1c008c98 000f0463 beq              x30, x0, 8          x30:00000000
21338002ns          375155 1c008ca0 1087f7d3 fmul.s           f15, f15, f8        f15=xxxxxxxx f15:3ef7c884  f8:34000000
21338021ns          375156 1c008ca4 a0f607d3 fle.s            x15, f12, f15       x15=00000000 f12:415aae5d f15:3377c884
21338041ns          375157 1c008ca8 00079563 bne              x15, x0, 10         x15:00000000
21338061ns          375158 1c008caa a0960653 fle.s            x12, f12, f9        x12=00000000 f12:415aae5d  f9:0c000000
21338081ns          375159 1c008cae 36060663 beq              x12, x0, 876        x12:00000000
21338161ns          375163 1c00901a 00d71463 bne              x14, x13, 8         x14:00000002 x13:00000000
21338220ns          375166 1c009022 01100733 add              x14, x0, x17        x14=00000001 x17:00000001
21338240ns          375167 1c009024 ffc58593 addi             x11, x11, -4        x11=10000dd4 x11:10000dd8
21338260ns          375168 1c008c68 fff70893 addi             x17, x14, -1        x17=00000000 x14:00000001
21338280ns          375169 1c008c6c 00000793 addi             x15, x0, 0          x15=00000000
21338300ns          375170 1c008c70 00ec4763 blt              x24, x14, 14        x24:00000003 x14:00000001
21338320ns          375171 1c008c74 0045a783 lw               x15, 4(x11)         x15=3d48b84b x11:10000dd4  PA:10000dd8
21338360ns          375173 1c008c76 a1c79653 flt.s            x12, f15, f28       x12=00000000 f15:3d48b84b f28:00000000
21338379ns          375174 1c008c7a 38061b63 bne              x12, x0, 918        x12:00000000
21338399ns          375175 1c008c7e 00efd963 bge              x31, x14, 18        x31:00000001 x14:00000001
21338459ns          375178 1c008c90 ffc3260b p.lw             x12, -4(x6!)        x12=4213e256  x6=10000dc0  x6:10000dc4  PA:10000dc4
21338499ns          375180 1c008c94 a1c61f53 flt.s            x30, f12, f28       x30=00000000 f12:4213e256 f28:00000000
21338519ns          375181 1c008c98 000f0463 beq              x30, x0, 8          x30:00000000
21338578ns          375184 1c008ca0 1087f7d3 fmul.s           f15, f15, f8        f15=xxxxxxxx f15:3d48b84b  f8:34000000
21338598ns          375185 1c008ca4 a0f607d3 fle.s            x15, f12, f15       x15=00000000 f12:4213e256 f15:31c8b84b
21338618ns          375186 1c008ca8 00079563 bne              x15, x0, 10         x15:00000000
21338638ns          375187 1c008caa a0960653 fle.s            x12, f12, f9        x12=00000000 f12:4213e256  f9:0c000000
21338658ns          375188 1c008cae 36060663 beq              x12, x0, 876        x12:00000000
21338738ns          375192 1c00901a 00d71463 bne              x14, x13, 8         x14:00000001 x13:00000000
21338797ns          375195 1c009022 01100733 add              x14, x0, x17        x14=00000000 x17:00000000
21338817ns          375196 1c009024 ffc58593 addi             x11, x11, -4        x11=10000dd0 x11:10000dd4
21338837ns          375197 1c009026 00000793 addi             x15, x0, 0          x15=00000000
21338857ns          375198 1c00902a a0f297d3 flt.s            x15, f5, f15        x15=00000001  f5:c08124f8 f15:00000000
21338877ns          375199 1c00902e 005006b3 add              x13, x0, x5         x13=c08124f8  x5:c08124f8
21338917ns          375201 1c009030 00078363 beq              x15, x0, 6          x15:00000001
21338956ns          375203 1c009032 205296d3 fsgnjn.s         f13, f5, f5         f13=xxxxxxxx  f5:c08124f8  f5:c08124f8
21338976ns          375204 1c009036 002d9593 slli             x11, x27, 0x2       x11=00000008 x27:00000002
21338996ns          375205 1c00903a 0e010613 addi             x12, x2, 224        x12=10000e78  x2:10000d98
21339016ns          375206 1c00903c 00b607b3 add              x15, x12, x11       x15=10000e80 x12:10000e78 x11:00000008
21339056ns          375208 1c009040 f4c7a603 lw               x12, -180(x15)      x12=c1151db7 x15:10000e80  PA:10000dcc
21339096ns          375210 1c009044 00000793 addi             x15, x0, 0          x15=00000000
21339115ns          375211 1c009048 a0f617d3 flt.s            x15, f12, f15       x15=00000001 f12:c1151db7 f15:00000000
21339135ns          375212 1c00904c 00b12423 sw               x11, 8(x2)          x11:00000008  x2:10000d98  PA:10000da0
21339155ns          375213 1c00904e 06d12423 sw               x13, 104(x2)        x13:408124f8  x2:10000d98  PA:10000e00
21339195ns          375215 1c009050 00c00533 add              x10, x0, x12        x10=c1151db7 x12:c1151db7
21339215ns          375216 1c009052 00b008b3 add              x17, x0, x11        x17=00000008 x11:00000008
21339235ns          375217 1c009054 00078363 beq              x15, x0, 6          x15:00000001
21339255ns          375218 1c009056 20c61553 fsgnjn.s         f10, f12, f12       f10=xxxxxxxx f12:c1151db7 f12:c1151db7
21339275ns          375219 1c00905a 0e010713 addi             x14, x2, 224        x14=10000e78  x2:10000d98
21339294ns          375220 1c00905c 011707b3 add              x15, x14, x17       x15=10000e80 x14:10000e78 x17:00000008
21339334ns          375222 1c009060 f607a783 lw               x15, -160(x15)      x15=402cf332 x15:10000e80  PA:10000de0
21339394ns          375225 1c009064 00000713 addi             x14, x0, 0          x14=00000000
21339414ns          375226 1c009068 a0e79753 flt.s            x14, f15, f14       x14=00000000 f15:402cf332 f14:00000000
21339434ns          375227 1c00906c 06a12623 sw               x10, 108(x2)        x10:41151db7  x2:10000d98  PA:10000e04
21339454ns          375228 1c00906e 00070363 beq              x14, x0, 6          x14:00000000
21339513ns          375231 1c009074 00f00733 add              x14, x0, x15        x14=402cf332 x15:402cf332
21339533ns          375232 1c009076 00281813 slli             x16, x16, 0x2       x16=00000000 x16:00000000
21339553ns          375233 1c009078 0e010993 addi             x19, x2, 224        x19=10000e78  x2:10000d98
21339573ns          375234 1c00907c 010985b3 add              x11, x19, x16       x11=10000e78 x19:10000e78 x16:00000000
21339613ns          375236 1c009080 f4c5a883 lw               x17, -180(x11)      x17=4213e256 x11:10000e78  PA:10000dc4
21339652ns          375238 1c009084 00000593 addi             x11, x0, 0          x11=00000000
21339672ns          375239 1c009088 a0b895d3 flt.s            x11, f17, f11       x11=00000000 f17:4213e256 f11:00000000
21339692ns          375240 1c00908c 06e12823 sw               x14, 112(x2)        x14:402cf332  x2:10000d98  PA:10000e08
21339712ns          375241 1c00908e 01100e33 add              x28, x0, x17        x28=4213e256 x17:4213e256
21339752ns          375243 1c009090 00058363 beq              x11, x0, 6          x11:00000000
21339832ns          375247 1c009096 0e010e93 addi             x29, x2, 224        x29=10000e78  x2:10000d98
21339851ns          375248 1c00909a 01d80833 add              x16, x16, x29       x16=10000e78 x16:00000000 x29:10000e78
21339871ns          375249 1c00909c f6082303 lw               x6, -160(x16)        x6=3d48b84b x16:10000e78  PA:10000dd8
21339911ns          375251 1c0090a0 00000593 addi             x11, x0, 0          x11=00000000
21339951ns          375253 1c0090a4 a0b315d3 flt.s            x11, f6, f11        x11=00000000  f6:3d48b84b f11:00000000
21339971ns          375254 1c0090a8 07c12a23 sw               x28, 116(x2)        x28:4213e256  x2:10000d98  PA:10000e0c
21339991ns          375255 1c0090aa 00058363 beq              x11, x0, 6          x11:00000000
21340090ns          375260 1c0090b0 006005b3 add              x11, x0, x6         x11=3d48b84b  x6:3d48b84b
21340110ns          375261 1c0090b2 a0d6a853 feq.s            x16, f13, f13       x16=00000001 f13:408124f8 f13:408124f8
21340130ns          375262 1c0090b6 06b12c23 sw               x11, 120(x2)        x11:3d48b84b  x2:10000d98  PA:10000e10
21340150ns          375263 1c0090b8 00080463 beq              x16, x0, 8          x16:00000001
21340170ns          375264 1c0090bc 0080106f jal              x0, 4104           
21340289ns          375270 1c00a0c4 a0a69853 flt.s            x16, f13, f10       x16=00000001 f13:408124f8 f10:41151db7
21340329ns          375272 1c00a0c8 1e080563 beq              x16, x0, 490        x16:00000001
21340349ns          375273 1c00a0cc a0e516d3 flt.s            x13, f10, f14       x13=00000000 f10:41151db7 f14:402cf332
21340408ns          375276 1c00a0d0 28069163 bne              x13, x0, 642        x13:00000000
21340448ns          375278 1c00a0d4 07412703 lw               x14, 116(x2)        x14=4213e256  x2:10000d98  PA:10000e0c
21340488ns          375280 1c00a0d6 a0e516d3 flt.s            x13, f10, f14       x13=00000001 f10:41151db7 f14:4213e256
21340508ns          375281 1c00a0da 00069263 bne              x13, x0, 4          x13:00000001
21340607ns          375286 1c00a0de a0b716d3 flt.s            x13, f14, f11       x13=00000000 f14:4213e256 f11:3d48b84b
21340627ns          375287 1c00a0e2 84069063 bne              x13, x0, -4032      x13:00000000
21340647ns          375288 1c00a0e6 00e005b3 add              x11, x0, x14        x11=4213e256 x14:4213e256
21340667ns          375289 1c00a0e8 83aff06f jal              x0, -4038          
21340846ns          375298 1c009122 1c0004b7 lui              x9, 0x1c000000       x9=1c000000
21340866ns          375299 1c009126 0204a703 lw               x14, 32(x9)         x14=3f800000  x9:1c000000  PA:1c000020
21341184ns          375315 1c00912a 18b77753 fdiv.s           f14, f14, f11       f14=xxxxxxxx f14:3f800000 f11:4213e256
21341642ns          375338 1c00912e 105772d3 fmul.s           f5, f14, f5          f5=xxxxxxxx f14:3cdd9432  f5:c08124f8
21341661ns          375339 1c009132 10e7f7d3 fmul.s           f15, f15, f14       f15=xxxxxxxx f15:402cf332 f14:3cdd9432
21341681ns          375340 1c009136 00000513 addi             x10, x0, 0          x10=00000000
21341701ns          375341 1c00913a 28e676c3 fmadd.s          f13, f12, f14, f5   f13=xxxxxxxx f12:c1151db7 f14:3cdd9432  f5:bddf8f59
21341761ns          375344 1c00913e 28e67e47 fmsub.s          f28, f12, f14, f5   f28=xxxxxxxx f12:c1151db7 f14:3cdd9432  f5:bddf8f59
21341801ns          375346 1c009142 10f7f853 fmul.s           f16, f15, f15       f16=xxxxxxxx f15:3d95b211 f15:3d95b211
21341821ns          375347 1c009146 10f2f653 fmul.s           f12, f5, f15        f12=xxxxxxxx  f5:bddf8f59 f15:3d95b211
21341840ns          375348 1c00914a 10e8f7d3 fmul.s           f15, f17, f14       f15=xxxxxxxx f17:4213e256 f14:3cdd9432
21341900ns          375351 1c00914e 1c000737 lui              x14, 0x1c000000     x14=1c000000
21341940ns          375353 1c009152 81c6f6c3 fmadd.s          f13, f13, f28, f16  f13=xxxxxxxx f13:beb8f4d0 f28:be125a46 f16:3baf1187
21341960ns          375354 1c009156 03070713 addi             x14, x14, 48        x14=1c000030 x14:1c000000
21341980ns          375355 1c00915a 00072703 lw               x14, 0(x14)         x14=3f000000 x14:1c000030  PA:1c000030
21342278ns          375370 1c00915c 10c67653 fmul.s           f12, f12, f12       f12=xxxxxxxx f12:bc02b9ef f12:bc02b9ef
21342298ns          375371 1c009160 10e6f6d3 fmul.s           f13, f13, f14       f13=xxxxxxxx f13:3d695bdf f14:3f000000
21342318ns          375372 1c009164 a0a6a753 feq.s            x14, f13, f10       x14=00000000 f13:3ce95bdf f10:00000000
21342338ns          375373 1c009168 00070663 beq              x14, x0, 12         x14:00000000
21342437ns          375378 1c009174 00000513 addi             x10, x0, 0          x10=00000000
21342457ns          375379 1c009178 a0a69553 flt.s            x10, f13, f10       x10=00000000 f13:3ce95bdf f10:00000000
21342477ns          375380 1c00917c 60d6f743 fmadd.s          f14, f13, f13, f12  f14=xxxxxxxx f13:3ce95bdf f13:3ce95bdf f12:388582bc
21342537ns          375383 1c009180 58077753 fsqrt.s          f14, f14            f14=xxxxxxxx f14:3a6568b4
21342835ns          375398 1c009184 00050363 beq              x10, x0, 6          x10:00000000
21342915ns          375402 1c00918a 00e6f6d3 fadd.s           f13, f13, f14       f13=xxxxxxxx f13:3ce95bdf f14:3cf2570e
21342934ns          375403 1c00918e 18d67753 fdiv.s           f14, f12, f13       f14=xxxxxxxx f12:388582bc f13:3d6dd976
21342954ns          375404 1c009192 00f2f853 fadd.s           f16, f5, f15        f16=xxxxxxxx  f5:bddf8f59 f15:3f800000
21343233ns          375418 1c009196 0857f6d3 fsub.s           f13, f15, f5        f13=xxxxxxxx f15:3f800000  f5:bddf8f59
21343253ns          375419 1c00919a 18b375d3 fdiv.s           f11, f6, f11        f11=xxxxxxxx  f6:3d48b84b f11:4213e256
21343531ns          375433 1c00919e 10b7f7d3 fmul.s           f15, f15, f11       f15=xxxxxxxx f15:3f800000 f11:3aadbb4a
21343551ns          375434 1c0091a2 70d87843 fmadd.s          f16, f16, f13, f14  f16=xxxxxxxx f16:3f640e15 f13:3f8df8f6 f14:3a8fb2f3
21343571ns          375435 1c0091a6 5dfc4563 blt              x24, x31, 1482      x24:00000003 x31:00000001
21343591ns          375436 1c0091aa 002f9693 slli             x13, x31, 0x2       x13=00000004 x31:00000001
21343651ns          375439 1c0091ae 01f68333 add              x6, x13, x31         x6=00000005 x13:00000004 x31:00000001
21343670ns          375440 1c0091b2 00231313 slli             x6, x6, 0x2          x6=00000014  x6:00000005
21343690ns          375441 1c0091b4 058fc733 p.min            x14, x31, x24       x14=00000001 x31:00000001 x24:00000003
21343710ns          375442 1c0091b8 02c10893 addi             x17, x2, 44         x17=10000dc4  x2:10000d98
21343730ns          375443 1c0091bc 0e010993 addi             x19, x2, 224        x19=10000e78  x2:10000d98
21343790ns          375446 1c0091c0 ffc68a13 addi             x20, x13, -4        x20=00000000 x13:00000004
21343830ns          375448 1c0091c4 fec30e13 addi             x28, x6, -20        x28=00000000  x6:00000014
21343849ns          375449 1c0091c8 00d88ab3 add              x21, x17, x13       x21=10000dc8 x17:10000dc4 x13:00000004
21343869ns          375450 1c0091cc 00d98633 add              x12, x19, x13       x12=10000e7c x19:10000e78 x13:00000004
21343929ns          375453 1c0091d0 41f70b33 sub              x22, x14, x31       x22=00000000 x14:00000001 x31:00000001
21343969ns          375455 1c0091d4 04010393 addi             x7, x2, 64           x7=10000dd8  x2:10000d98
21343989ns          375456 1c0091d8 001f8693 addi             x13, x31, 1         x13=00000002 x31:00000001
21344009ns          375457 1c0091dc 00170713 addi             x14, x14, 1         x14=00000002 x14:00000001
21344068ns          375460 1c0091de 006c8eb3 add              x29, x25, x6        x29=10000f34 x25:10000f20  x6:00000014
21344108ns          375462 1c0091e2 01488bb3 add              x23, x17, x20       x23=10000dc4 x17:10000dc4 x20:00000000
21344128ns          375463 1c0091e6 01cc8f33 add              x30, x25, x28       x30=10000f20 x25:10000f20 x28:00000000
21344148ns          375464 1c0091ea f5c62503 lw               x10, -164(x12)      x10=3d48b84b x12:10000e7c  PA:10000dd8
21344207ns          375467 1c0091ee ffcaa583 lw               x11, -4(x21)        x11=4213e256 x21:10000dc8  PA:10000dc4
21344227ns          375468 1c0091f2 01a30333 add              x6, x6, x26          x6=10000ed0  x6:00000014 x26:10000ebc
21344247ns          375469 1c0091f4 007a0a33 add              x20, x20, x7        x20=10000dd8 x20:00000000  x7:10000dd8
21344267ns          375470 1c0091f6 01ae0e33 add              x28, x28, x26       x28=10000ebc x28:00000000 x26:10000ebc
21344287ns          375471 1c0091f8 00000293 addi             x5, x0, 0            x5=00000000
21344307ns          375472 1c0091fc 001b0b13 addi             x22, x22, 1         x22=00000001 x22:00000000
21344347ns          375474 1c0091fe 00d75463 bge              x14, x13, 8         x14:00000002 x13:00000002
21344426ns          375478 1c009206 145b40fb lp.setup         0x1, x22, 0x145     x22:00000001
21344446ns          375479 1c00920a a0581753 flt.s            x14, f16, f5        x14=00000000 f16:3f7d3aee  f5:00000000
21344466ns          375480 1c00920e 01000633 add              x12, x0, x16        x12=3f7d3aee x16:3f7d3aee
21344526ns          375483 1c009210 00070363 beq              x14, x0, 6          x14:00000000
21344605ns          375487 1c009216 a0579753 flt.s            x14, f15, f5        x14=00000000 f15:3aadbb4a  f5:00000000
21344625ns          375488 1c00921a 00f008b3 add              x17, x0, x15        x17=3aadbb4a x15:3aadbb4a
21344645ns          375489 1c00921c 00070363 beq              x14, x0, 6          x14:00000000
21344745ns          375494 1c009222 a0c89753 flt.s            x14, f17, f12       x14=00000001 f17:3aadbb4a f12:3f7d3aee
21344764ns          375495 1c009226 010006b3 add              x13, x0, x16        x13=3f7d3aee x16:3f7d3aee
21344784ns          375496 1c009228 00071263 bne              x14, x0, 4          x14:00000001
21344884ns          375501 1c00922c 01167753 fadd.s           f14, f12, f17       f14=xxxxxxxx f12:3f7d3aee f17:3aadbb4a
21344904ns          375502 1c009230 a05723d3 feq.s            x7, f14, f5          x7=00000000 f14:3f7d91cc  f5:00000000
21344924ns          375503 1c009234 00038463 beq              x7, x0, 8            x7:00000000
21344983ns          375506 1c00923c 1c000437 lui              x8, 0x1c000000       x8=1c000000
21345043ns          375509 1c009240 02040413 addi             x8, x8, 32           x8=1c000020  x8:1c000000
21345083ns          375511 1c009244 00042403 lw               x8, 0(x8)            x8=3f800000  x8:1c000020  PA:1c000020
21345421ns          375528 1c009246 18e473d3 fdiv.s           f7, f8, f14          f7=xxxxxxxx  f8:3f800000 f14:3f7d91cc
21345839ns          375549 1c00924a 1078f8d3 fmul.s           f17, f17, f7        f17=xxxxxxxx f17:3aadbb4a  f7:3f813a15
21345858ns          375550 1c00924e 10767653 fmul.s           f12, f12, f7        f12=xxxxxxxx f12:3f7d3aee  f7:3f813a15
21345878ns          375551 1c009252 a05696d3 flt.s            x13, f13, f5        x13=00000000 f13:3f7d3aee  f5:00000000
21345898ns          375552 1c009256 1118f8d3 fmul.s           f17, f17, f17       f17=xxxxxxxx f17:3aaf6596 f17:3aaf6596
21345918ns          375553 1c00925a 88c67643 fmadd.s          f12, f12, f12, f17  f12=xxxxxxxx f12:3f7fa84c f12:3f7fa84c f17:35f05817
21345978ns          375556 1c00925e 58067653 fsqrt.s          f12, f12            f12=xxxxxxxx f12:3f7f50d4
21346276ns          375571 1c009262 10c77753 fmul.s           f14, f14, f12       f14=xxxxxxxx f14:3f7d91cc f12:3f7fa85b
21346296ns          375572 1c009266 00068363 beq              x13, x0, 6          x13:00000000
21346415ns          375578 1c00926c 1c0004b7 lui              x9, 0x1c000000       x9=1c000000
21346435ns          375579 1c009270 02048493 addi             x9, x9, 32           x9=1c000020  x9:1c000000
21346455ns          375580 1c009274 0004a483 lw               x9, 0(x9)            x9=3f800000  x9:1c000020  PA:1c000020
21346773ns          375596 1c009276 18e4f753 fdiv.s           f14, f9, f14        f14=xxxxxxxx  f9:3f800000 f14:3f7d3afc
21347291ns          375622 1c00927a 10e87653 fmul.s           f12, f16, f14       f12=xxxxxxxx f16:3f7d3aee f14:3f816662
21347310ns          375623 1c00927e 10e7f7d3 fmul.s           f15, f15, f14       f15=xxxxxxxx f15:3aadbb4a f14:3f816662
21347330ns          375624 1c009282 000e2683 lw               x13, 0(x28)         x13=3eb9a268 x28:10000ebc  PA:10000ebc
21347350ns          375625 1c009286 00032803 lw               x16, 0(x6)          x16=beebcce3  x6:10000ed0  PA:10000ed0
21347370ns          375626 1c00928a 10d7f3d3 fmul.s           f7, f15, f13         f7=xxxxxxxx f15:3aafa1b7 f13:3eb9a268
21347430ns          375629 1c00928e 1107f8d3 fmul.s           f17, f15, f16       f17=xxxxxxxx f15:3aafa1b7 f16:beebcce3
21347470ns          375631 1c009292 10f57753 fmul.s           f14, f10, f15       f14=xxxxxxxx f10:3d48b84b f15:3aafa1b7
21347489ns          375632 1c009296 39067847 fmsub.s          f16, f12, f16, f7   f16=xxxxxxxx f12:3f7ffff1 f16:beebcce3  f7:39feb692
21347509ns          375633 1c00929a 88d676c3 fmadd.s          f13, f12, f13, f17  f13=xxxxxxxx f12:3f7ffff1 f13:3eb9a268 f17:ba21c604
21347569ns          375636 1c00929e 10b7f3d3 fmul.s           f7, f15, f11         f7=xxxxxxxx f15:3aafa1b7 f11:4213e256
21347609ns          375638 1c0092a2 01032023 sw               x16, 0(x6)          x16:beec0c83  x6:10000ed0  PA:10000ed0
21347629ns          375639 1c0092a6 00de2023 sw               x13, 0(x28)         x13:3eb9517a x28:10000ebc  PA:10000ebc
21347649ns          375640 1c0092aa 004e2803 lw               x16, 4(x28)         x16=3ef82fc9 x28:10000ebc  PA:10000ec0
21347708ns          375643 1c0092ae 00432883 lw               x17, 4(x6)          x17=3eacb635  x6:10000ed0  PA:10000ed4
21347748ns          375645 1c0092b2 1107f453 fmul.s           f8, f15, f16         f8=xxxxxxxx f15:3aafa1b7 f16:3ef82fc9
21347768ns          375646 1c0092b6 1117f6d3 fmul.s           f13, f15, f17       f13=xxxxxxxx f15:3aafa1b7 f17:3eacb635
21347788ns          375647 1c0092ba 70b67743 fmadd.s          f14, f12, f11, f14  f14=xxxxxxxx f12:3f7ffff1 f11:4213e256 f14:3889b4c7
21347847ns          375650 1c0092be 411678c7 fmsub.s          f17, f12, f17, f8   f17=xxxxxxxx f12:3f7ffff1 f17:3eacb635  f8:3a2a4572
21347887ns          375652 1c0092c2 69067843 fmadd.s          f16, f12, f16, f13  f16=xxxxxxxx f12:3f7ffff1 f16:3ef82fc9 f13:39ecfb51
21347907ns          375653 1c0092c6 38c576c7 fmsub.s          f13, f10, f12, f7   f13=xxxxxxxx f10:3d48b84b f12:3f7ffff1  f7:3d4aea48
21347927ns          375654 1c0092ca 01132223 sw               x17, 4(x6)          x17:3eac6108  x6:10000ed0  PA:10000ed4
21347987ns          375657 1c0092ce 008e2583 lw               x11, 8(x28)         x11=3f0830ee x28:10000ebc  PA:10000ec4
21348026ns          375659 1c0092d2 010e2223 sw               x16, 4(x28)         x16:3ef86af9 x28:10000ebc  PA:10000ec0
21348046ns          375660 1c0092d6 00832803 lw               x16, 8(x6)          x16=3e95689e  x6:10000ed0  PA:10000ed8
21348066ns          375661 1c0092da 10b7f8d3 fmul.s           f17, f15, f11       f17=xxxxxxxx f15:3aafa1b7 f11:3f0830ee
21348126ns          375664 1c0092de 1107f553 fmul.s           f10, f15, f16       f10=xxxxxxxx f15:3aafa1b7 f16:3e95689e
21348166ns          375666 1c0092e2 a05713d3 flt.s            x7, f14, f5          x7=00000000 f14:4213e25f  f5:00000000
21348186ns          375667 1c0092e6 890678c7 fmsub.s          f17, f12, f16, f17  f17=xxxxxxxx f12:3f7ffff1 f16:3e95689e f17:3a3adef6
21348206ns          375668 1c0092ea 50b67543 fmadd.s          f10, f12, f11, f10  f10=xxxxxxxx f12:3f7ffff1 f11:3f0830ee f10:39cd01cb
21348265ns          375671 1c0092ee 000aa803 lw               x16, 0(x21)         x16=415aae5d x21:10000dc8  PA:10000dc8
21348305ns          375673 1c0092f2 01132423 sw               x17, 8(x6)          x17:3e950b26  x6:10000ed0  PA:10000ed8
21348325ns          375674 1c0092f6 00ce2583 lw               x11, 12(x28)        x11=3ee5afe5 x28:10000ebc  PA:10000ec8
21348345ns          375675 1c0092fa 00ae2423 sw               x10, 8(x28)         x10:3f084a86 x28:10000ebc  PA:10000ec4
21348404ns          375678 1c0092fe 00c32403 lw               x8, 12(x6)           x8=bf2a9308  x6:10000ed0  PA:10000edc
21348444ns          375680 1c009302 10b7f8d3 fmul.s           f17, f15, f11       f17=xxxxxxxx f15:3aafa1b7 f11:3ee5afe5
21348464ns          375681 1c009306 1087f553 fmul.s           f10, f15, f8        f10=xxxxxxxx f15:3aafa1b7  f8:bf2a9308
21348484ns          375682 1c00930a 00da222b p.sw             x13, 4(x20!)        x20=10000ddc x13:ba0c8231 x20:10000dd8  PA:10000dd8
21348544ns          375685 1c00930e 88867447 fmsub.s          f8, f12, f8, f17     f8=xxxxxxxx f12:3f7ffff1  f8:bf2a9308 f17:3a1d9455
21348583ns          375687 1c009312 50b67543 fmadd.s          f10, f12, f11, f10  f10=xxxxxxxx f12:3f7ffff1 f11:3ee5afe5 f10:ba6a0c86
21348603ns          375688 1c009316 10f875d3 fmul.s           f11, f16, f15       f11=xxxxxxxx f16:415aae5d f15:3aafa1b7
21348623ns          375689 1c00931a 00832623 sw               x8, 12(x6)           x8:bf2aba63  x6:10000ed0  PA:10000edc
21348683ns          375692 1c00931e 010e2403 lw               x8, 16(x28)          x8=3ec5d5f0 x28:10000ebc  PA:10000ecc
21348723ns          375694 1c009322 00ae2623 sw               x10, 12(x28)        x10:3ee53ad1 x28:10000ebc  PA:10000ec8
21348743ns          375695 1c009326 01032503 lw               x10, 16(x6)         x10=3ec2f47b  x6:10000ed0  PA:10000ee0
21348762ns          375696 1c00932a 1087f4d3 fmul.s           f9, f15, f8          f9=xxxxxxxx f15:3aafa1b7  f8:3ec5d5f0
21348822ns          375699 1c00932e 10a7f7d3 fmul.s           f15, f15, f10       f15=xxxxxxxx f15:3aafa1b7 f10:3ec2f47b
21348862ns          375701 1c009332 10c878d3 fmul.s           f17, f16, f12       f17=xxxxxxxx f16:415aae5d f12:3f7ffff1
21348882ns          375702 1c009336 48a67547 fmsub.s          f10, f12, f10, f9   f10=xxxxxxxx f12:3f7ffff1 f10:3ec2f47b  f9:3a07ba38
21348902ns          375703 1c00933a 788677c3 fmadd.s          f15, f12, f8, f15   f15=xxxxxxxx f12:3f7ffff1  f8:3ec5d5f0 f15:3a05c047
21348961ns          375706 1c00933e 00a32823 sw               x10, 16(x6)         x10:3ec2b092  x6:10000ed0  PA:10000ee0
21349001ns          375708 1c009342 00fe2823 sw               x15, 16(x28)        x15:3ec618c5 x28:10000ebc  PA:10000ecc
21349021ns          375709 1c009346 00e007b3 add              x15, x0, x14        x15=4213e25f x14:4213e25f
21349041ns          375710 1c009348 00038463 beq              x7, x0, 8            x7:00000000
21349140ns          375715 1c009350 a0559653 flt.s            x12, f11, f5        x12=00000000 f11:3c960756  f5:00000000
21349160ns          375716 1c009354 700616e3 bne              x12, x0, 3852       x12:00000000
21349180ns          375717 1c009358 00b00633 add              x12, x0, x11        x12=3c960756 x11:3c960756
21349200ns          375718 1c00935a a0f61553 flt.s            x10, f12, f15       x10=00000001 f12:3c960756 f15:4213e25f
21349220ns          375719 1c00935e 00e00833 add              x16, x0, x14        x16=4213e25f x14:4213e25f
21349260ns          375721 1c009360 00051263 bne              x10, x0, 4          x10:00000001
21349319ns          375724 1c009364 00c7f453 fadd.s           f8, f15, f12         f8=xxxxxxxx f15:4213e25f f12:3c960756
21349339ns          375725 1c009368 a05423d3 feq.s            x7, f8, f5           x7=00000000  f8:4213f520  f5:00000000
21349359ns          375726 1c00936c 6a0397e3 bne              x7, x0, 3758         x7:00000000
21349419ns          375729 1c009370 1c0009b7 lui              x19, 0x1c000000     x19=1c000000
21349459ns          375731 1c009374 02098993 addi             x19, x19, 32        x19=1c000020 x19:1c000000
21349479ns          375732 1c009378 0009a983 lw               x19, 0(x19)         x19=3f800000 x19:1c000020  PA:1c000020
21349797ns          375748 1c00937c 1889f3d3 fdiv.s           f7, f19, f8          f7=xxxxxxxx f19:3f800000  f8:4213f520
21350234ns          375770 1c009380 10767653 fmul.s           f12, f12, f7        f12=xxxxxxxx f12:3c960756  f7:3cdd780e
21350254ns          375771 1c009384 1077f7d3 fmul.s           f15, f15, f7        f15=xxxxxxxx f15:4213e25f  f7:3cdd780e
21350274ns          375772 1c009388 a0581853 flt.s            x16, f16, f5        x16=00000000 f16:4213e25f  f5:00000000
21350294ns          375773 1c00938c 10c67653 fmul.s           f12, f12, f12       f12=xxxxxxxx f12:3a01cab1 f12:3a01cab1
21350334ns          375775 1c009390 60f7f7c3 fmadd.s          f15, f15, f15, f12  f15=xxxxxxxx f15:3f7fdf8c f15:3f7fdf8c f12:34839bce
21350374ns          375777 1c009394 5807f7d3 fsqrt.s          f15, f15            f15=xxxxxxxx f15:3f7fbf20
21350652ns          375791 1c009398 10f47453 fmul.s           f8, f8, f15          f8=xxxxxxxx  f8:4213f520 f15:3f7fdf8e
21350672ns          375792 1c00939c 00080463 beq              x16, x0, 8          x16:00000000
21350732ns          375795 1c0093a4 1c0003b7 lui              x7, 0x1c000000       x7=1c000000
21350752ns          375796 1c0093a8 02038393 addi             x7, x7, 32           x7=1c000020  x7:1c000000
21350771ns          375797 1c0093ac 0003a383 lw               x7, 0(x7)            x7=3f800000  x7:1c000020  PA:1c000020
21351110ns          375814 1c0093b0 1883f7d3 fdiv.s           f15, f7, f8         f15=xxxxxxxx  f7:3f800000  f8:4213e25f
21351388ns          375828 1c0093b4 10f77653 fmul.s           f12, f14, f15       f12=xxxxxxxx f14:4213e25f f15:3cdd9424
21351408ns          375829 1c0093b8 10f5f3d3 fmul.s           f7, f11, f15         f7=xxxxxxxx f11:3c960756 f15:3cdd9424
21351428ns          375830 1c0093bc 10c6f853 fmul.s           f16, f13, f12       f16=xxxxxxxx f13:ba0c8231 f12:3f7fffff
21351448ns          375831 1c0093c0 207395d3 fsgnjn.s         f11, f7, f7         f11=xxxxxxxx  f7:3a01db27  f7:3a01db27
21351468ns          375832 1c0093c4 000f2783 lw               x15, 0(x30)         x15=3ed244ca x30:10000f20  PA:10000f20
21351487ns          375833 1c0093c8 000ea483 lw               x9, 0(x29)           x9=bde1f14c x29:10000f34  PA:10000f34
21351507ns          375834 1c0093cc 1077f953 fmul.s           f18, f15, f7        f18=xxxxxxxx f15:3ed244ca  f7:3a01db27
21351547ns          375836 1c0093d0 1074f553 fmul.s           f10, f9, f7         f10=xxxxxxxx  f9:bde1f14c  f7:3a01db27
21351587ns          375838 1c0093d4 10c8f753 fmul.s           f14, f17, f12       f14=xxxxxxxx f17:415aae50 f12:3f7fffff
21351607ns          375839 1c0093d8 90c4f4c7 fmsub.s          f9, f9, f12, f18     f9=xxxxxxxx  f9:bde1f14c f12:3f7fffff f18:39555155
21351627ns          375840 1c0093dc 50c7f543 fmadd.s          f10, f15, f12, f10  f10=xxxxxxxx f15:3ed244ca f12:3f7fffff f10:b8653806
21351686ns          375843 1c0093e0 70b6f5c3 fmadd.s          f11, f13, f11, f14  f11=xxxxxxxx f13:ba0c8231 f11:ba01db27 f14:415aae4f
21351726ns          375845 1c0093e4 009ea023 sw               x9, 0(x29)           x9:bde25bf4 x29:10000f34  PA:10000f34
21351746ns          375846 1c0093e8 00af2023 sw               x10, 0(x30)         x10:3ed23d9f x30:10000f20  PA:10000f20
21351766ns          375847 1c0093ec 004f2503 lw               x10, 4(x30)         x10=3effb40f x30:10000f20  PA:10000f24
21351826ns          375850 1c0093f0 004ea483 lw               x9, 4(x29)           x9=3e1aedef x29:10000f34  PA:10000f38
21351865ns          375852 1c0093f4 10a3f9d3 fmul.s           f19, f7, f10        f19=xxxxxxxx  f7:3a01db27 f10:3effb40f
21351885ns          375853 1c0093f8 1093f953 fmul.s           f18, f7, f9         f18=xxxxxxxx  f7:3a01db27  f9:3e1aedef
21351905ns          375854 1c0093fc 008ba22b p.sw             x8, 4(x23!)         x23=10000dc8  x8:4213e25f x23:10000dc4  PA:10000dc4
21352084ns          375863 1c009400 989674c7 fmsub.s          f9, f12, f9, f19     f9=xxxxxxxx f12:3f7fffff  f9:3e1aedef f19:3981b4a2
21352124ns          375865 1c009404 90a67743 fmadd.s          f14, f12, f10, f18  f14=xxxxxxxx f12:3f7fffff f10:3effb40f f18:389d2d0d
21352144ns          375866 1c009408 8078f843 fmadd.s          f16, f17, f7, f16   f16=xxxxxxxx f17:415aae50  f7:3a01db27 f16:ba0c8230
21352164ns          375867 1c00940c 009ea223 sw               x9, 4(x29)           x9:3e1aad14 x29:10000f34  PA:10000f38
21352601ns          375889 1c009410 00ef2223 sw               x14, 4(x30)         x14:3effbde1 x30:10000f20  PA:10000f24
21352641ns          375891 1c009414 008f2703 lw               x14, 8(x30)         x14=3ec82306 x30:10000f20  PA:10000f28
21352661ns          375892 1c009418 008ea483 lw               x9, 8(x29)           x9=3f147702 x29:10000f34  PA:10000f3c
21352681ns          375893 1c00941c 10e3f953 fmul.s           f18, f7, f14        f18=xxxxxxxx  f7:3a01db27 f14:3ec82306
21352741ns          375896 1c009420 1093f6d3 fmul.s           f13, f7, f9         f13=xxxxxxxx  f7:3a01db27  f9:3f147702
21352780ns          375898 1c009424 000a2783 lw               x15, 0(x20)         x15=bedeb17b x20:10000ddc  PA:10000ddc
21352800ns          375899 1c009428 909674c7 fmsub.s          f9, f12, f9, f18     f9=xxxxxxxx f12:3f7fffff  f9:3f147702 f18:394b09f5
21352820ns          375900 1c00942c 68e676c3 fmadd.s          f13, f12, f14, f13  f13=xxxxxxxx f12:3f7fffff f14:3ec82306 f13:39969e21
21352880ns          375903 1c009430 10c7f553 fmul.s           f10, f15, f12       f10=xxxxxxxx f15:bedeb17b f12:3f7fffff
21352920ns          375905 1c009434 009ea423 sw               x9, 8(x29)           x9:3f146a51 x29:10000f34  PA:10000f3c
21352940ns          375906 1c009438 00cf2703 lw               x14, 12(x30)        x14=3ef6d4d1 x30:10000f20  PA:10000f2c
21352959ns          375907 1c00943c 00df2423 sw               x13, 8(x30)         x13:3ec848ad x30:10000f20  PA:10000f28
21353019ns          375910 1c009440 00cea683 lw               x13, 12(x29)        x13=bf4152c4 x29:10000f34  PA:10000f40
21353059ns          375912 1c009444 10e3f4d3 fmul.s           f9, f7, f14          f9=xxxxxxxx  f7:3a01db27 f14:3ef6d4d1
21353079ns          375913 1c009448 10d3f453 fmul.s           f8, f7, f13          f8=xxxxxxxx  f7:3a01db27 f13:bf4152c4
21353099ns          375914 1c00944c 00baa22b p.sw             x11, 4(x21!)        x21=10000dcc x11:415aae4f x21:10000dc8  PA:10000dc8
21353158ns          375917 1c009450 48d676c7 fmsub.s          f13, f12, f13, f9   f13=xxxxxxxx f12:3f7fffff f13:bf4152c4  f9:397a6916
21353198ns          375919 1c009454 40e67743 fmadd.s          f14, f12, f14, f8   f14=xxxxxxxx f12:3f7fffff f14:3ef6d4d1  f8:b9c42068
21353218ns          375920 1c009458 00aa2023 sw               x10, 0(x20)         x10:bedeb17a x20:10000ddc  PA:10000ddc
21353238ns          375921 1c00945c 00dea623 sw               x13, 12(x29)        x13:bf41626a x29:10000f34  PA:10000f40
21353298ns          375924 1c009460 010f2883 lw               x17, 16(x30)        x17=3ee3151a x30:10000f20  PA:10000f30
21353337ns          375926 1c009464 00ef2623 sw               x14, 12(x30)        x14:3ef6a3c8 x30:10000f20  PA:10000f2c
21353357ns          375927 1c009468 010ea683 lw               x13, 16(x29)        x13=3e774d9c x29:10000f34  PA:10000f44
21353377ns          375928 1c00946c 1113f453 fmul.s           f8, f7, f17          f8=xxxxxxxx  f7:3a01db27 f17:3ee3151a
21353437ns          375931 1c009470 10d3f753 fmul.s           f14, f7, f13        f14=xxxxxxxx  f7:3a01db27 f13:3e774d9c
21353477ns          375933 1c009474 1077f7d3 fmul.s           f15, f15, f7        f15=xxxxxxxx f15:bedeb17b  f7:3a01db27
21353496ns          375934 1c009478 40d676c7 fmsub.s          f13, f12, f13, f8   f13=xxxxxxxx f12:3f7fffff f13:3e774d9c  f8:3966600f
21353516ns          375935 1c00947c 71167743 fmadd.s          f14, f12, f17, f14  f14=xxxxxxxx f12:3f7fffff f17:3ee3151a f14:38fae3a1
21353576ns          375938 1c009480 001f8f93 addi             x31, x31, 1         x31=00000002 x31:00000001
21353616ns          375940 1c009482 00dea823 sw               x13, 16(x29)        x13:3e771403 x29:10000f34  PA:10000f44
21353636ns          375941 1c009486 00ef2823 sw               x14, 16(x30)        x14:3ee324c7 x30:10000f20  PA:10000f30
21353656ns          375942 1c00948a 014e8e93 addi             x29, x29, 20        x29=10000f48 x29:10000f34
21353675ns          375943 1c00948c 01430313 addi             x6, x6, 20           x6=10000ee4  x6:10000ed0
21353695ns          375944 1c00948e 014f0f13 addi             x30, x30, 20        x30=10000f34 x30:10000f20
21353715ns          375945 1c009490 014e0e13 addi             x28, x28, 20        x28=10000ed0 x28:10000ebc
21353755ns          375947 1c009492 2dfc4f63 blt              x24, x31, 734       x24:00000003 x31:00000002
21353775ns          375948 1c009496 002f9713 slli             x14, x31, 0x2       x14=00000008 x31:00000002
21353795ns          375949 1c00949a ffc70b13 addi             x22, x14, -4        x22=00000004 x14:00000008
21353854ns          375952 1c00949e 002c1913 slli             x18, x24, 0x2       x18=0000000c x24:00000003
21353894ns          375954 1c0094a2 01f70633 add              x12, x14, x31       x12=0000000a x14:00000008 x31:00000002
21353914ns          375955 1c0094a6 41690933 sub              x18, x18, x22       x18=00000008 x18:0000000c x22:00000004
21353934ns          375956 1c0094aa 02c10513 addi             x10, x2, 44         x10=10000dc4  x2:10000d98
21353954ns          375957 1c0094ac 04010593 addi             x11, x2, 64         x11=10000dd8  x2:10000d98
21353974ns          375958 1c0094ae 00261613 slli             x12, x12, 0x2       x12=00000028 x12:0000000a
21353994ns          375959 1c0094b0 00e50ab3 add              x21, x10, x14       x21=10000dcc x10:10000dc4 x14:00000008
21354034ns          375961 1c0094b4 00e58a33 add              x20, x11, x14       x20=10000de0 x11:10000dd8 x14:00000008
21354053ns          375962 1c0094b8 ffc90913 addi             x18, x18, -4        x18=00000004 x18:00000008
21354073ns          375963 1c0094ba ff870713 addi             x14, x14, -8        x14=00000000 x14:00000008
21354093ns          375964 1c0094bc 04010693 addi             x13, x2, 64         x13=10000dd8  x2:10000d98
21354133ns          375966 1c0094be fec60e13 addi             x28, x12, -20       x28=00000014 x12:00000028
21354173ns          375968 1c0094c2 00295913 srli             x18, x18, 0x2       x18=00000001 x18:00000004
21354193ns          375969 1c0094c6 00e689b3 add              x19, x13, x14       x19=10000dd8 x13:10000dd8 x14:00000000
21354213ns          375970 1c0094ca ffcaa583 lw               x11, -4(x21)        x11=415aae4f x21:10000dcc  PA:10000dc8
21354232ns          375971 1c0094ce 02c10713 addi             x14, x2, 44         x14=10000dc4  x2:10000d98
21354272ns          375973 1c0094d0 ffca2503 lw               x10, -4(x20)        x10=bedeb17a x20:10000de0  PA:10000ddc
21354312ns          375975 1c0094d4 00cc8f33 add              x30, x25, x12       x30=10000f48 x25:10000f20 x12:00000028
21354332ns          375976 1c0094d8 01cc8eb3 add              x29, x25, x28       x29=10000f34 x25:10000f20 x28:00000014
21354352ns          375977 1c0094dc 01a60633 add              x12, x12, x26       x12=10000ee4 x12:00000028 x26:10000ebc
21354372ns          375978 1c0094de 01ae0e33 add              x28, x28, x26       x28=10000ed0 x28:00000014 x26:10000ebc
21354411ns          375980 1c0094e0 00eb0b33 add              x22, x22, x14       x22=10000dc8 x22:00000004 x14:10000dc4
21354451ns          375982 1c0094e2 00000f93 addi             x31, x0, 0          x31=00000000
21354471ns          375983 1c0094e6 00190913 addi             x18, x18, 1         x18=00000002 x18:00000001
21354491ns          375984 1c0094e8 142940fb lp.setup         0x1, x18, 0x142     x18:00000002
21354511ns          375985 1c0094ec a1f81753 flt.s            x14, f16, f31       x14=00000000 f16:3bcc49cf f31:00000000
21354551ns          375987 1c0094f0 010002b3 add              x5, x0, x16          x5=3bcc49cf x16:3bcc49cf
21354571ns          375988 1c0094f2 00070363 beq              x14, x0, 6          x14:00000000
21354630ns          375991 1c0094f8 a1f79753 flt.s            x14, f15, f31       x14=00000001 f15:b961ec25 f31:00000000
21354650ns          375992 1c0094fc 00f006b3 add              x13, x0, x15        x13=b961ec25 x15:b961ec25
21354670ns          375993 1c0094fe 00070363 beq              x14, x0, 6          x14:00000001
21354710ns          375995 1c009500 20f796d3 fsgnjn.s         f13, f15, f15       f13=xxxxxxxx f15:b961ec25 f15:b961ec25
21354750ns          375997 1c009504 a0569753 flt.s            x14, f13, f5        x14=00000001 f13:3961ec25  f5:3bcc49cf
21354769ns          375998 1c009508 01000333 add              x6, x0, x16          x6=3bcc49cf x16:3bcc49cf
21354789ns          375999 1c00950a 00071263 bne              x14, x0, 4          x14:00000001
21354909ns          376005 1c00950e 0056f753 fadd.s           f14, f13, f5        f14=xxxxxxxx f13:3961ec25  f5:3bcc49cf
21354929ns          376006 1c009512 a1f728d3 feq.s            x17, f14, f31       x17=00000000 f14:3bd35930 f31:00000000
21354948ns          376007 1c009516 52089be3 bne              x17, x0, 3382       x17:00000000
21354968ns          376008 1c00951a 1c0003b7 lui              x7, 0x1c000000       x7=1c000000
21355028ns          376011 1c00951e 02038393 addi             x7, x7, 32           x7=1c000020  x7:1c000000
21355068ns          376013 1c009522 0003a383 lw               x7, 0(x7)            x7=3f800000  x7:1c000020  PA:1c000020
21355386ns          376029 1c009526 18e3f8d3 fdiv.s           f17, f7, f14        f17=xxxxxxxx  f7:3f800000 f14:3bd35930
21355665ns          376043 1c00952a 10d8f6d3 fmul.s           f13, f17, f13       f13=xxxxxxxx f17:431b0ae6 f13:3961ec25
21355684ns          376044 1c00952e 1058f8d3 fmul.s           f17, f17, f5        f17=xxxxxxxx f17:431b0ae6  f5:3bcc49cf
21355704ns          376045 1c009532 a1f312d3 flt.s            x5, f6, f31          x5=00000000  f6:3bcc49cf f31:00000000
21355724ns          376046 1c009536 10d6f6d3 fmul.s           f13, f13, f13       f13=xxxxxxxx f13:3d08d399 f13:3d08d399
21355744ns          376047 1c00953a 6918f6c3 fmadd.s          f13, f17, f17, f13  f13=xxxxxxxx f17:3f7772c6 f17:3f7772c6 f13:3a924303
21355804ns          376050 1c00953e 5806f353 fsqrt.s          f6, f13              f6=xxxxxxxx f13:3f6f77cf
21356500ns          376085 1c009542 10e37353 fmul.s           f6, f6, f14          f6=xxxxxxxx  f6:3f779897 f14:3bd35930
21356520ns          376086 1c009546 00028463 beq              x5, x0, 8            x5:00000000
21356659ns          376093 1c00954e 1c000437 lui              x8, 0x1c000000       x8=1c000000
21356679ns          376094 1c009552 02040413 addi             x8, x8, 32           x8=1c000020  x8:1c000000
21356699ns          376095 1c009556 00042403 lw               x8, 0(x8)            x8=3f800000  x8:1c000020  PA:1c000020
21357017ns          376111 1c009558 18647753 fdiv.s           f14, f8, f6         f14=xxxxxxxx  f8:3f800000  f6:3bcc6907
21357335ns          376127 1c00955c 10e876d3 fmul.s           f13, f16, f14       f13=xxxxxxxx f16:3bcc49cf f14:43204e18
21357355ns          376128 1c009560 10e7f7d3 fmul.s           f15, f15, f14       f15=xxxxxxxx f15:b961ec25 f14:43204e18
21357375ns          376129 1c009564 000e2703 lw               x14, 0(x28)         x14=beec0c83 x28:10000ed0  PA:10000ed0
21357415ns          376131 1c009568 00062803 lw               x16, 0(x12)         x16=be94614c x12:10000ee4  PA:10000ee4
21357435ns          376132 1c00956c 10e7f3d3 fmul.s           f7, f15, f14         f7=xxxxxxxx f15:bd0d7882 f14:beec0c83
21357455ns          376133 1c009570 1107f2d3 fmul.s           f5, f15, f16         f5=xxxxxxxx f15:bd0d7882 f16:be94614c
21357494ns          376135 1c009574 10f578d3 fmul.s           f17, f10, f15       f17=xxxxxxxx f10:bedeb17a f15:bd0d7882
21357514ns          376136 1c009578 3906f847 fmsub.s          f16, f13, f16, f7   f16=xxxxxxxx f13:3f7fd8e6 f16:be94614c  f7:3c827202
21357534ns          376137 1c00957c 28e6f743 fmadd.s          f14, f13, f14, f5   f14=xxxxxxxx f13:3f7fd8e6 f14:beec0c83  f5:3c23fee0
21357594ns          376140 1c009580 88d5f8c3 fmadd.s          f17, f11, f13, f17  f17=xxxxxxxx f11:415aae4f f13:3f7fd8e6 f17:3c762129
21357634ns          376142 1c009584 01062023 sw               x16, 0(x12)         x16:be9c71c2 x12:10000ee4  PA:10000ee4
21357654ns          376143 1c009588 00ee2023 sw               x14, 0(x28)         x14:bee6c87e x28:10000ed0  PA:10000ed0
21357674ns          376144 1c00958c 004e2703 lw               x14, 4(x28)         x14=3eac6108 x28:10000ed0  PA:10000ed4
21357733ns          376147 1c009590 00462803 lw               x16, 4(x12)         x16=bf28448c x12:10000ee4  PA:10000ee8
21357773ns          376149 1c009594 10e7f453 fmul.s           f8, f15, f14         f8=xxxxxxxx f15:bd0d7882 f14:3eac6108
21357793ns          376150 1c009598 10f873d3 fmul.s           f7, f16, f15         f7=xxxxxxxx f16:bf28448c f15:bd0d7882
21357813ns          376151 1c00959c 10f5f2d3 fmul.s           f5, f11, f15         f5=xxxxxxxx f11:415aae4f f15:bd0d7882
21357872ns          376154 1c0095a0 40d87847 fmsub.s          f16, f16, f13, f8   f16=xxxxxxxx f16:bf28448c f13:3f7fd8e6  f8:bc3e852d
21357912ns          376156 1c0095a4 38e6f743 fmadd.s          f14, f13, f14, f7   f14=xxxxxxxx f13:3f7fd8e6 f14:3eac6108  f7:3cb9f9ed
21357932ns          376157 1c0095a8 0069a22b p.sw             x6, 4(x19!)         x19=10000ddc  x6:3bcc6907 x19:10000dd8  PA:10000dd8
21357952ns          376158 1c0095ac 01062223 sw               x16, 4(x12)         x16:bf2530c4 x12:10000ee4  PA:10000ee8
21358012ns          376161 1c0095b0 00ee2223 sw               x14, 4(x28)         x14:3eb7e653 x28:10000ed0  PA:10000ed4
21358051ns          376163 1c0095b4 008e2703 lw               x14, 8(x28)         x14=3e950b26 x28:10000ed0  PA:10000ed8
21358071ns          376164 1c0095b8 00862803 lw               x16, 8(x12)         x16=3f2d9258 x12:10000ee4  PA:10000eec
21358091ns          376165 1c0095bc 10f773d3 fmul.s           f7, f14, f15         f7=xxxxxxxx f14:3e950b26 f15:bd0d7882
21358151ns          376168 1c0095c0 10f875d3 fmul.s           f11, f16, f15       f11=xxxxxxxx f16:3f2d9258 f15:bd0d7882
21358191ns          376170 1c0095c4 28d57547 fmsub.s          f10, f10, f13, f5   f10=xxxxxxxx f10:bedeb17a f13:3f7fd8e6  f5:bef1b1e5
21358211ns          376171 1c0095c8 38d873c7 fmsub.s          f7, f16, f13, f7     f7=xxxxxxxx f16:3f2d9258 f13:3f7fd8e6  f7:bc24ba9a
21358230ns          376172 1c0095cc 58d775c3 fmadd.s          f11, f14, f13, f11  f11=xxxxxxxx f14:3e950b26 f13:3f7fd8e6 f11:bcbfd69e
21358290ns          376175 1c0095d0 a1f892d3 flt.s            x5, f17, f31         x5=00000000 f17:415aca71 f31:00000000
21358330ns          376177 1c0095d4 00762423 sw               x7, 8(x12)           x7:3f300abf x12:10000ee4  PA:10000eec
21358350ns          376178 1c0095d8 00ce2703 lw               x14, 12(x28)        x14=bf2aba63 x28:10000ed0  PA:10000edc
21358370ns          376179 1c0095dc 00be2423 sw               x11, 8(x28)         x11:3e88f6f8 x28:10000ed0  PA:10000ed8
21358429ns          376182 1c0095e0 00c62383 lw               x7, 12(x12)          x7=3e1e9a1b x12:10000ee4  PA:10000ef0
21358469ns          376184 1c0095e4 10f77453 fmul.s           f8, f14, f15         f8=xxxxxxxx f14:bf2aba63 f15:bd0d7882
21358489ns          376185 1c0095e8 10f3f5d3 fmul.s           f11, f7, f15        f11=xxxxxxxx  f7:3e1e9a1b f15:bd0d7882
21358509ns          376186 1c0095ec 000aa803 lw               x16, 0(x21)         x16=c1151db7 x21:10000dcc  PA:10000dcc
21358569ns          376189 1c0095f0 40d3f3c7 fmsub.s          f7, f7, f13, f8      f7=xxxxxxxx  f7:3e1e9a1b f13:3f7fd8e6  f8:3cbcb20d
21358608ns          376191 1c0095f4 58d775c3 fmadd.s          f11, f14, f13, f11  f11=xxxxxxxx f14:bf2aba63 f13:3f7fd8e6 f11:bbaf4b13
21358628ns          376192 1c0095f8 00a9a023 sw               x10, 0(x19)         x10:3d191375 x19:10000ddc  PA:10000ddc
21358648ns          376193 1c0095fc 00762623 sw               x7, 12(x12)          x7:3e06eba0 x12:10000ee4  PA:10000ef0
21358708ns          376196 1c009600 010e2703 lw               x14, 16(x28)        x14=3ec2b092 x28:10000ed0  PA:10000ee0
21358748ns          376198 1c009604 00be2623 sw               x11, 12(x28)        x11:bf2bfee5 x28:10000ed0  PA:10000edc
21358768ns          376199 1c009608 01062583 lw               x11, 16(x12)        x11=bc89a67e x12:10000ee4  PA:10000ef4
21358787ns          376200 1c00960a 10f773d3 fmul.s           f7, f14, f15         f7=xxxxxxxx f14:3ec2b092 f15:bd0d7882
21358847ns          376203 1c00960e 10f5f353 fmul.s           f6, f11, f15         f6=xxxxxxxx f11:bc89a67e f15:bd0d7882
21358887ns          376205 1c009612 1107f7d3 fmul.s           f15, f15, f16       f15=xxxxxxxx f15:bd0d7882 f16:c1151db7
21358907ns          376206 1c009616 38d5f5c7 fmsub.s          f11, f11, f13, f7   f11=xxxxxxxx f11:bc89a67e f13:3f7fd8e6  f7:bc572dcc
21358927ns          376207 1c00961a 30d77743 fmadd.s          f14, f14, f13, f6   f14=xxxxxxxx f14:3ec2b092 f13:3f7fd8e6  f6:3a1822ff
21358986ns          376210 1c00961e 1106f6d3 fmul.s           f13, f13, f16       f13=xxxxxxxx f13:3f7fd8e6 f16:c1151db7
21359006ns          376211 1c009622 00b62823 sw               x11, 16(x12)        x11:bb6fd48d x12:10000ee4  PA:10000ef4
21359026ns          376212 1c009624 00ee2823 sw               x14, 16(x28)        x14:3ec2dee7 x28:10000ed0  PA:10000ee0
21359046ns          376213 1c009628 01100333 add              x6, x0, x17          x6=415aca71 x17:415aca71
21359066ns          376214 1c00962a 00028463 beq              x5, x0, 8            x5:00000000
21359185ns          376220 1c009632 a1f79753 flt.s            x14, f15, f31       x14=00000000 f15:3ea4cf1f f31:00000000
21359205ns          376221 1c009636 420719e3 bne              x14, x0, 3122       x14:00000000
21359225ns          376222 1c00963a 00f00733 add              x14, x0, x15        x14=3ea4cf1f x15:3ea4cf1f
21359245ns          376223 1c00963c a0671853 flt.s            x16, f14, f6        x16=00000001 f14:3ea4cf1f  f6:415aca71
21359285ns          376225 1c009640 011003b3 add              x7, x0, x17          x7=415aca71 x17:415aca71
21359324ns          376227 1c009642 00081363 bne              x16, x0, 6          x16:00000001
21359384ns          376230 1c009648 006772d3 fadd.s           f5, f14, f6          f5=xxxxxxxx f14:3ea4cf1f  f6:415aca71
21359404ns          376231 1c00964c a1f2a5d3 feq.s            x11, f5, f31        x11=00000000  f5:415ff0ea f31:00000000
21359464ns          376234 1c009650 3a0593e3 bne              x11, x0, 2982       x11:00000000
21359503ns          376236 1c009654 1c000437 lui              x8, 0x1c000000       x8=1c000000
21359523ns          376237 1c009658 02040413 addi             x8, x8, 32           x8=1c000020  x8:1c000000
21359543ns          376238 1c00965c 00042403 lw               x8, 0(x8)            x8=3f800000  x8:1c000020  PA:1c000020
21359901ns          376256 1c00965e 185475d3 fdiv.s           f11, f8, f5         f11=xxxxxxxx  f8:3f800000  f5:415ff0ea
21360438ns          376283 1c009662 10e5f753 fmul.s           f14, f11, f14       f14=xxxxxxxx f11:3d9252ff f14:3ea4cf1f
21360458ns          376284 1c009666 a1f393d3 flt.s            x7, f7, f31          x7=00000000  f7:415aca71 f31:00000000
21360478ns          376285 1c00966a 1065f5d3 fmul.s           f11, f11, f6        f11=xxxxxxxx f11:3d9252ff  f6:415aca71
21360498ns          376286 1c00966e 10e77753 fmul.s           f14, f14, f14       f14=xxxxxxxx f14:3cbc671c f14:3cbc671c
21360518ns          376287 1c009672 70b5f743 fmadd.s          f14, f11, f11, f14  f14=xxxxxxxx f11:3f7a1cc6 f11:3f7a1cc6 f14:3a0aa79b
21360538ns          376288 1c009676 58077353 fsqrt.s          f6, f14              f6=xxxxxxxx f14:3f747ee0
21361274ns          376325 1c00967a 10537353 fmul.s           f6, f6, f5           f6=xxxxxxxx  f6:3f7a2e83  f5:415ff0ea
21361294ns          376326 1c00967e 00038463 beq              x7, x0, 8            x7:00000000
21361373ns          376330 1c009686 1c0004b7 lui              x9, 0x1c000000       x9=1c000000
21361393ns          376331 1c00968a 02048493 addi             x9, x9, 32           x9=1c000020  x9:1c000000
21361413ns          376332 1c00968e 0004a483 lw               x9, 0(x9)            x9=3f800000  x9:1c000020  PA:1c000020
21361771ns          376350 1c009690 1864f753 fdiv.s           f14, f9, f6         f14=xxxxxxxx  f9:3f800000  f6:415ad9f4
21362109ns          376367 1c009694 111778d3 fmul.s           f17, f14, f17       f17=xxxxxxxx f14:3d95ba28 f17:415aca71
21362129ns          376368 1c009698 10f77753 fmul.s           f14, f14, f15       f14=xxxxxxxx f14:3d95ba28 f15:3ea4cf1f
21362149ns          376369 1c00969c 10a8f853 fmul.s           f16, f17, f10       f16=xxxxxxxx f17:3f7fedda f10:3d191375
21362169ns          376370 1c0096a0 20e71bd3 fsgnjn.s         f23, f14, f14       f23=xxxxxxxx f14:3cc0c8cb f14:3cc0c8cb
21362189ns          376371 1c0096a4 000ea783 lw               x15, 0(x29)         x15=bde25bf4 x29:10000f34  PA:10000f34
21362209ns          376372 1c0096a8 000f2383 lw               x7, 0(x30)           x7=3e9d0e2e x30:10000f48  PA:10000f48
21362228ns          376373 1c0096ac 10e7f453 fmul.s           f8, f15, f14         f8=xxxxxxxx f15:bde25bf4 f14:3cc0c8cb
21362308ns          376377 1c0096b0 10e3f2d3 fmul.s           f5, f7, f14          f5=xxxxxxxx  f7:3e9d0e2e f14:3cc0c8cb
21362348ns          376379 1c0096b4 006b222b p.sw             x6, 4(x22!)         x22=10000dcc  x6:415ad9f4 x22:10000dc8  PA:10000dc8
21362368ns          376380 1c0096b8 4113f3c7 fmsub.s          f7, f7, f17, f8      f7=xxxxxxxx  f7:3e9d0e2e f17:3f7fedda  f8:bb2a7682
21362388ns          376381 1c0096bc 2917f2c3 fmadd.s          f5, f15, f17, f5     f5=xxxxxxxx f15:bde25bf4 f17:3f7fedda  f5:3bec8ba4
21362447ns          376384 1c0096c0 10d8f5d3 fmul.s           f11, f17, f13       f11=xxxxxxxx f17:3f7fedda f13:c11506f0
21362487ns          376386 1c0096c4 007f2023 sw               x7, 0(x30)           x7:3e9e57f9 x30:10000f48  PA:10000f48
21362507ns          376387 1c0096c8 005ea023 sw               x5, 0(x29)           x5:bdd3832e x29:10000f34  PA:10000f34
21362527ns          376388 1c0096cc 004ea283 lw               x5, 4(x29)           x5=3e1aad14 x29:10000f34  PA:10000f38
21362587ns          376391 1c0096d0 004f2383 lw               x7, 4(x30)           x7=3f2cf1b3 x30:10000f48  PA:10000f4c
21362626ns          376393 1c0096d4 10e2f4d3 fmul.s           f9, f5, f14          f9=xxxxxxxx  f5:3e1aad14 f14:3cc0c8cb
21362646ns          376394 1c0096d8 10e3f453 fmul.s           f8, f7, f14          f8=xxxxxxxx  f7:3f2cf1b3 f14:3cc0c8cb
21362666ns          376395 1c0096dc 80d77843 fmadd.s          f16, f14, f13, f16  f16=xxxxxxxx f14:3cc0c8cb f13:c11506f0 f16:3d19089b
21362726ns          376398 1c0096e0 4913f3c7 fmsub.s          f7, f7, f17, f9      f7=xxxxxxxx  f7:3f2cf1b3 f17:3f7fedda  f9:3b68f642
21362766ns          376400 1c0096e4 4112f2c3 fmadd.s          f5, f5, f17, f8      f5=xxxxxxxx  f5:3e1aad14 f17:3f7fedda  f8:3c823cec
21362785ns          376401 1c0096e8 000a2783 lw               x15, 0(x20)         x15=402cf332 x20:10000de0  PA:10000de0
21362805ns          376402 1c0096ec 007f2223 sw               x7, 4(x30)           x7:3f2bfc7a x30:10000f48  PA:10000f4c
21362865ns          376405 1c0096f0 005ea223 sw               x5, 4(x29)           x5:3e2ae9ba x29:10000f34  PA:10000f38
21362905ns          376407 1c0096f4 008ea283 lw               x5, 8(x29)           x5=3f146a51 x29:10000f34  PA:10000f3c
21362925ns          376408 1c0096f8 008f2383 lw               x7, 8(x30)           x7=bf07bf79 x30:10000f48  PA:10000f50
21362945ns          376409 1c0096fc 10e2f4d3 fmul.s           f9, f5, f14          f9=xxxxxxxx  f5:3f146a51 f14:3cc0c8cb
21363004ns          376412 1c009700 10e3f453 fmul.s           f8, f7, f14          f8=xxxxxxxx  f7:bf07bf79 f14:3cc0c8cb
21363044ns          376414 1c009704 58abf5c3 fmadd.s          f11, f23, f10, f11  f11=xxxxxxxx f23:bcc0c8cb f10:3d191375 f11:c114fc5f
21363064ns          376415 1c009708 4913f3c7 fmsub.s          f7, f7, f17, f9      f7=xxxxxxxx  f7:bf07bf79 f17:3f7fedda  f9:3c5f884b
21363084ns          376416 1c00970c 4112f2c3 fmadd.s          f5, f5, f17, f8      f5=xxxxxxxx  f5:3f146a51 f17:3f7fedda  f8:bc4c7428
21363143ns          376419 1c009710 1117f553 fmul.s           f10, f15, f17       f10=xxxxxxxx f15:402cf332 f17:3f7fedda
21363183ns          376421 1c009714 007f2423 sw               x7, 8(x30)           x7:bf0b33fb x30:10000f48  PA:10000f50
21363203ns          376422 1c009718 00cea303 lw               x6, 12(x29)          x6=bf41626a x29:10000f34  PA:10000f40
21363223ns          376423 1c00971c 005ea423 sw               x5, 8(x29)           x5:3f112dfb x29:10000f34  PA:10000f3c
21363283ns          376426 1c009720 00cf2283 lw               x5, 12(x30)          x5=bebe79ae x30:10000f48  PA:10000f54
21363322ns          376428 1c009724 10e37453 fmul.s           f8, f6, f14          f8=xxxxxxxx  f6:bf41626a f14:3cc0c8cb
21363342ns          376429 1c009728 10e2f3d3 fmul.s           f7, f5, f14          f7=xxxxxxxx  f5:bebe79ae f14:3cc0c8cb
21363362ns          376430 1c00972c 014f0f13 addi             x30, x30, 20        x30=10000f5c x30:10000f48
21363422ns          376433 1c00972e 4112f2c7 fmsub.s          f5, f5, f17, f8      f5=xxxxxxxx  f5:bebe79ae f17:3f7fedda  f8:bc91a17e
21363462ns          376435 1c009732 39137343 fmadd.s          f6, f6, f17, f7      f6=xxxxxxxx  f6:bf41626a f17:3f7fedda  f7:bc0f70a9
21363482ns          376436 1c009736 00baa22b p.sw             x11, 4(x21!)        x21=10000dd0 x11:c114fff9 x21:10000dcc  PA:10000dcc
21363502ns          376437 1c00973a fe5f2c23 sw               x5, -8(x30)          x5:beb55215 x30:10000f5c  PA:10000f54
21363561ns          376440 1c00973e 010ea683 lw               x13, 16(x29)        x13=3e771403 x29:10000f34  PA:10000f44
21363601ns          376442 1c009742 006ea623 sw               x6, 12(x29)          x6:bf439277 x29:10000f34  PA:10000f40
21363621ns          376443 1c009746 ffcf2303 lw               x6, -4(x30)          x6=be312da3 x30:10000f5c  PA:10000f58
21363641ns          376444 1c00974a 10e6f3d3 fmul.s           f7, f13, f14         f7=xxxxxxxx f13:3e771403 f14:3cc0c8cb
21363700ns          376447 1c00974e 10e372d3 fmul.s           f5, f6, f14          f5=xxxxxxxx  f6:be312da3 f14:3cc0c8cb
21363740ns          376449 1c009752 00aa222b p.sw             x10, 4(x20!)        x20=10000de4 x10:402ce6ef x20:10000de0  PA:10000de0
21363760ns          376450 1c009756 39137347 fmsub.s          f6, f6, f17, f7      f6=xxxxxxxx  f6:be312da3 f17:3f7fedda  f7:3bba10ce
21363780ns          376451 1c00975a 2916f8c3 fmadd.s          f17, f13, f17, f5   f17=xxxxxxxx f13:3e771403 f17:3f7fedda  f5:bb856d32
21363800ns          376452 1c00975e 01460613 addi             x12, x12, 20        x12=10000ef8 x12:10000ee4
21363840ns          376454 1c009760 fe6f2e23 sw               x6, -4(x30)          x6:be36f19a x30:10000f5c  PA:10000f58
21363879ns          376456 1c009764 011ea823 sw               x17, 16(x29)        x17:3e72d715 x29:10000f34  PA:10000f44
21363899ns          376457 1c009768 014e0e13 addi             x28, x28, 20        x28=10000ee4 x28:10000ed0
21363919ns          376458 1c00976a 014e8e93 addi             x29, x29, 20        x29=10000f48 x29:10000f34
21363939ns          376459 1c00976c 10e7f7d3 fmul.s           f15, f15, f14       f15=xxxxxxxx f15:402cf332 f14:3cc0c8cb
21364078ns          376466 1c0094ec a1f81753 flt.s            x14, f16, f31       x14=00000001 f16:be3a3208 f31:00000000
21364158ns          376470 1c0094f0 010002b3 add              x5, x0, x16          x5=be3a3208 x16:be3a3208
21364178ns          376471 1c0094f2 00070363 beq              x14, x0, 6          x14:00000001
21364198ns          376472 1c0094f4 210812d3 fsgnjn.s         f5, f16, f16         f5=xxxxxxxx f16:be3a3208 f16:be3a3208
21364218ns          376473 1c0094f8 a1f79753 flt.s            x14, f15, f31       x14=00000000 f15:3d823e0d f31:00000000
21364237ns          376474 1c0094fc 00f006b3 add              x13, x0, x15        x13=3d823e0d x15:3d823e0d
21364257ns          376475 1c0094fe 00070363 beq              x14, x0, 6          x14:00000000
21364337ns          376479 1c009504 a0569753 flt.s            x14, f13, f5        x14=00000001 f13:3d823e0d  f5:3e3a3208
21364357ns          376480 1c009508 01000333 add              x6, x0, x16          x6=be3a3208 x16:be3a3208
21364377ns          376481 1c00950a 00071263 bne              x14, x0, 4          x14:00000001
21364496ns          376487 1c00950e 0056f753 fadd.s           f14, f13, f5        f14=xxxxxxxx f13:3d823e0d  f5:3e3a3208
21364516ns          376488 1c009512 a1f728d3 feq.s            x17, f14, f31       x17=00000000 f14:3e7b510e f31:00000000
21364536ns          376489 1c009516 52089be3 bne              x17, x0, 3382       x17:00000000
21364556ns          376490 1c00951a 1c0003b7 lui              x7, 0x1c000000       x7=1c000000
21364576ns          376491 1c00951e 02038393 addi             x7, x7, 32           x7=1c000020  x7:1c000000
21364595ns          376492 1c009522 0003a383 lw               x7, 0(x7)            x7=3f800000  x7:1c000020  PA:1c000020
21364914ns          376508 1c009526 18e3f8d3 fdiv.s           f17, f7, f14        f17=xxxxxxxx  f7:3f800000 f14:3e7b510e
21365192ns          376522 1c00952a 10d8f6d3 fmul.s           f13, f17, f13       f13=xxxxxxxx f17:408262a5 f13:3d823e0d
21365212ns          376523 1c00952e 1058f8d3 fmul.s           f17, f17, f5        f17=xxxxxxxx f17:408262a5  f5:3e3a3208
21365232ns          376524 1c009532 a1f312d3 flt.s            x5, f6, f31          x5=00000001  f6:be3a3208 f31:00000000
21365252ns          376525 1c009536 10d6f6d3 fmul.s           f13, f13, f13       f13=xxxxxxxx f13:3e84ab65 f13:3e84ab65
21365272ns          376526 1c00953a 6918f6c3 fmadd.s          f13, f17, f17, f13  f13=xxxxxxxx f17:3f3daa4e f17:3f3daa4e f13:3d898266
21365292ns          376527 1c00953e 5806f353 fsqrt.s          f6, f13              f6=xxxxxxxx f13:3f1db535
21365570ns          376541 1c009542 10e37353 fmul.s           f6, f6, f14          f6=xxxxxxxx  f6:3f48ee4c f14:3e7b510e
21365590ns          376542 1c009546 00028463 beq              x5, x0, 8            x5:00000001
21365610ns          376543 1c00954a 20631353 fsgnjn.s         f6, f6, f6           f6=xxxxxxxx  f6:3e454143  f6:3e454143
21365630ns          376544 1c00954e 1c000437 lui              x8, 0x1c000000       x8=1c000000
21365650ns          376545 1c009552 02040413 addi             x8, x8, 32           x8=1c000020  x8:1c000000
21365670ns          376546 1c009556 00042403 lw               x8, 0(x8)            x8=3f800000  x8:1c000020  PA:1c000020
21365988ns          376562 1c009558 18647753 fdiv.s           f14, f8, f6         f14=xxxxxxxx  f8:3f800000  f6:be454143
21366406ns          376583 1c00955c 10e876d3 fmul.s           f13, f16, f14       f13=xxxxxxxx f16:be3a3208 f14:c0a61ebc
21366425ns          376584 1c009560 10e7f7d3 fmul.s           f15, f15, f14       f15=xxxxxxxx f15:3d823e0d f14:c0a61ebc
21366445ns          376585 1c009564 000e2703 lw               x14, 0(x28)         x14=be9c71c2 x28:10000ee4  PA:10000ee4
21366465ns          376586 1c009568 00062803 lw               x16, 0(x12)         x16=3f352203 x12:10000ef8  PA:10000ef8
21366485ns          376587 1c00956c 10e7f3d3 fmul.s           f7, f15, f14         f7=xxxxxxxx f15:bea907bf f14:be9c71c2
21366525ns          376589 1c009570 1107f2d3 fmul.s           f5, f15, f16         f5=xxxxxxxx f15:bea907bf f16:3f352203
21366565ns          376591 1c009574 10f578d3 fmul.s           f17, f10, f15       f17=xxxxxxxx f10:402ce6ef f15:bea907bf
21366585ns          376592 1c009578 3906f847 fmsub.s          f16, f13, f16, f7   f16=xxxxxxxx f13:3f71a598 f16:3f352203  f7:3dce97aa
21366604ns          376593 1c00957c 28e6f743 fmadd.s          f14, f13, f14, f5   f14=xxxxxxxx f13:3f71a598 f14:be9c71c2  f5:be6f31de
21366624ns          376594 1c009580 88d5f8c3 fmadd.s          f17, f11, f13, f17  f17=xxxxxxxx f11:c114fff9 f13:3f71a598 f17:bf64535e
21366644ns          376595 1c009584 01062023 sw               x16, 0(x12)         x16:3f11273a x12:10000ef8  PA:10000ef8
21366664ns          376596 1c009588 00ee2023 sw               x14, 0(x28)         x14:bf05a29c x28:10000ee4  PA:10000ee4
21366684ns          376597 1c00958c 004e2703 lw               x14, 4(x28)         x14=bf2530c4 x28:10000ee4  PA:10000ee8
21366704ns          376598 1c009590 00462803 lw               x16, 4(x12)         x16=be0274c8 x12:10000ef8  PA:10000efc
21366724ns          376599 1c009594 10e7f453 fmul.s           f8, f15, f14         f8=xxxxxxxx f15:bea907bf f14:bf2530c4
21366744ns          376600 1c009598 10f873d3 fmul.s           f7, f16, f15         f7=xxxxxxxx f16:be0274c8 f15:bea907bf
21366764ns          376601 1c00959c 10f5f2d3 fmul.s           f5, f11, f15         f5=xxxxxxxx f11:c114fff9 f15:bea907bf
21366823ns          376604 1c0095a0 40d87847 fmsub.s          f16, f16, f13, f8   f16=xxxxxxxx f16:be0274c8 f13:3f71a598  f8:3e5a2462
21366863ns          376606 1c0095a4 38e6f743 fmadd.s          f14, f13, f14, f7   f14=xxxxxxxx f13:3f71a598 f14:bf2530c4  f7:3d2c4615
21366883ns          376607 1c0095a8 0069a22b p.sw             x6, 4(x19!)         x19=10000de0  x6:be454143 x19:10000ddc  PA:10000ddc
21366903ns          376608 1c0095ac 01062223 sw               x16, 4(x12)         x16:beaaa45b x12:10000ef8  PA:10000efc
21366962ns          376611 1c0095b0 00ee2223 sw               x14, 4(x28)         x14:bf112962 x28:10000ee4  PA:10000ee8
21367002ns          376613 1c0095b4 008e2703 lw               x14, 8(x28)         x14=3f300abf x28:10000ee4  PA:10000eec
21367022ns          376614 1c0095b8 00862803 lw               x16, 8(x12)         x16=3e9ae960 x12:10000ef8  PA:10000f00
21367042ns          376615 1c0095bc 10f773d3 fmul.s           f7, f14, f15         f7=xxxxxxxx f14:3f300abf f15:bea907bf
21367102ns          376618 1c0095c0 10f875d3 fmul.s           f11, f16, f15       f11=xxxxxxxx f16:3e9ae960 f15:bea907bf
21367142ns          376620 1c0095c4 28d57547 fmsub.s          f10, f10, f13, f5   f10=xxxxxxxx f10:402ce6ef f13:3f71a598  f5:4044c2fb
21367161ns          376621 1c0095c8 38d873c7 fmsub.s          f7, f16, f13, f7     f7=xxxxxxxx f16:3e9ae960 f13:3f71a598  f7:be6878d7
21367181ns          376622 1c0095cc 58d775c3 fmadd.s          f11, f14, f13, f11  f11=xxxxxxxx f14:3f300abf f13:3f71a598 f11:bdcc9181
21367241ns          376625 1c0095d0 a1f892d3 flt.s            x5, f17, f31         x5=00000001 f17:c11aea91 f31:00000000
21367281ns          376627 1c0095d4 00762423 sw               x7, 8(x12)           x7:3f033b2a x12:10000ef8  PA:10000f00
21367301ns          376628 1c0095d8 00ce2703 lw               x14, 12(x28)        x14=3e06eba0 x28:10000ee4  PA:10000ef0
21367321ns          376629 1c0095dc 00be2423 sw               x11, 8(x28)         x11:3f0c99cd x28:10000ee4  PA:10000eec
21367340ns          376630 1c0095e0 00c62383 lw               x7, 12(x12)          x7=bf11c3c5 x12:10000ef8  PA:10000f04
21367360ns          376631 1c0095e4 10f77453 fmul.s           f8, f14, f15         f8=xxxxxxxx f14:3e06eba0 f15:bea907bf
21367380ns          376632 1c0095e8 10f3f5d3 fmul.s           f11, f7, f15        f11=xxxxxxxx  f7:bf11c3c5 f15:bea907bf
21367400ns          376633 1c0095ec 000aa803 lw               x16, 0(x21)         x16=c08124f8 x21:10000dd0  PA:10000dd0
21367460ns          376636 1c0095f0 40d3f3c7 fmsub.s          f7, f7, f13, f8      f7=xxxxxxxx  f7:bf11c3c5 f13:3f71a598  f8:bd322b43
21367500ns          376638 1c0095f4 58d775c3 fmadd.s          f11, f14, f13, f11  f11=xxxxxxxx f14:3e06eba0 f13:3f71a598 f11:3e407d4c
21367519ns          376639 1c0095f8 00a9a023 sw               x10, 0(x19)         x10:bf0636f2 x19:10000de0  PA:10000de0
21367539ns          376640 1c0095fc 00762623 sw               x7, 12(x12)          x7:befce9c4 x12:10000ef8  PA:10000f04
21367599ns          376643 1c009600 010e2703 lw               x14, 16(x28)        x14=bb6fd48d x28:10000ee4  PA:10000ef4
21367639ns          376645 1c009604 00be2623 sw               x11, 12(x28)        x11:3e9fec32 x28:10000ee4  PA:10000ef0
21367659ns          376646 1c009608 01062583 lw               x11, 16(x12)        x11=be84e9a2 x12:10000ef8  PA:10000f08
21367679ns          376647 1c00960a 10f773d3 fmul.s           f7, f14, f15         f7=xxxxxxxx f14:bb6fd48d f15:bea907bf
21367738ns          376650 1c00960e 10f5f353 fmul.s           f6, f11, f15         f6=xxxxxxxx f11:be84e9a2 f15:bea907bf
21367778ns          376652 1c009612 1107f7d3 fmul.s           f15, f15, f16       f15=xxxxxxxx f15:bea907bf f16:c08124f8
21367798ns          376653 1c009616 38d5f5c7 fmsub.s          f11, f11, f13, f7   f11=xxxxxxxx f11:be84e9a2 f13:3f71a598  f7:3a9e5a93
21367818ns          376654 1c00961a 30d77743 fmadd.s          f14, f14, f13, f6   f14=xxxxxxxx f14:bb6fd48d f13:3f71a598  f6:3daf8483
21367838ns          376655 1c00961e 1106f6d3 fmul.s           f13, f13, f16       f13=xxxxxxxx f13:3f71a598 f16:c08124f8
21367858ns          376656 1c009622 00b62823 sw               x11, 16(x12)        x11:be7c288b x12:10000ef8  PA:10000f08
21367877ns          376657 1c009624 00ee2823 sw               x14, 16(x28)        x14:3da87171 x28:10000ee4  PA:10000ef4
21367897ns          376658 1c009628 01100333 add              x6, x0, x17          x6=c11aea91 x17:c11aea91
21367917ns          376659 1c00962a 00028463 beq              x5, x0, 8            x5:00000001
21367957ns          376661 1c00962e 21189353 fsgnjn.s         f6, f17, f17         f6=xxxxxxxx f17:c11aea91 f17:c11aea91
21367997ns          376663 1c009632 a1f79753 flt.s            x14, f15, f31       x14=00000000 f15:3faa8aa0 f31:00000000
21368017ns          376664 1c009636 420719e3 bne              x14, x0, 3122       x14:00000000
21368037ns          376665 1c00963a 00f00733 add              x14, x0, x15        x14=3faa8aa0 x15:3faa8aa0
21368056ns          376666 1c00963c a0671853 flt.s            x16, f14, f6        x16=00000001 f14:3faa8aa0  f6:411aea91
21368096ns          376668 1c009640 011003b3 add              x7, x0, x17          x7=c11aea91 x17:c11aea91
21368136ns          376670 1c009642 00081363 bne              x16, x0, 6          x16:00000001
21368196ns          376673 1c009648 006772d3 fadd.s           f5, f14, f6          f5=xxxxxxxx f14:3faa8aa0  f6:411aea91
21368216ns          376674 1c00964c a1f2a5d3 feq.s            x11, f5, f31        x11=00000000  f5:41303be5 f31:00000000
21368275ns          376677 1c009650 3a0593e3 bne              x11, x0, 2982       x11:00000000
21368315ns          376679 1c009654 1c000437 lui              x8, 0x1c000000       x8=1c000000
21368335ns          376680 1c009658 02040413 addi             x8, x8, 32           x8=1c000020  x8:1c000000
21368355ns          376681 1c00965c 00042403 lw               x8, 0(x8)            x8=3f800000  x8:1c000020  PA:1c000020
21368693ns          376698 1c00965e 185475d3 fdiv.s           f11, f8, f5         f11=xxxxxxxx  f8:3f800000  f5:41303be5
21369131ns          376720 1c009662 10e5f753 fmul.s           f14, f11, f14       f14=xxxxxxxx f11:3db9ef45 f14:3faa8aa0
21369150ns          376721 1c009666 a1f393d3 flt.s            x7, f7, f31          x7=00000001  f7:c11aea91 f31:00000000
21369170ns          376722 1c00966a 1065f5d3 fmul.s           f11, f11, f6        f11=xxxxxxxx f11:3db9ef45  f6:411aea91
21369190ns          376723 1c00966e 10e77753 fmul.s           f14, f14, f14       f14=xxxxxxxx f14:3df7bb26 f14:3df7bb26
21369210ns          376724 1c009672 70b5f743 fmadd.s          f14, f11, f11, f14  f14=xxxxxxxx f11:3f61089b f11:3f61089b f14:3c6fbaac
21369230ns          376725 1c009676 58077353 fsqrt.s          f6, f14              f6=xxxxxxxx f14:3f498f0b
21369509ns          376739 1c00967a 10537353 fmul.s           f6, f6, f5           f6=xxxxxxxx  f6:3f63277b  f5:41303be5
21369528ns          376740 1c00967e 00038463 beq              x7, x0, 8            x7:00000001
21369548ns          376741 1c009682 20631353 fsgnjn.s         f6, f6, f6           f6=xxxxxxxx  f6:411c604a  f6:411c604a
21369568ns          376742 1c009686 1c0004b7 lui              x9, 0x1c000000       x9=1c000000
21369588ns          376743 1c00968a 02048493 addi             x9, x9, 32           x9=1c000020  x9:1c000000
21369608ns          376744 1c00968e 0004a483 lw               x9, 0(x9)            x9=3f800000  x9:1c000020  PA:1c000020
21369926ns          376760 1c009690 1864f753 fdiv.s           f14, f9, f6         f14=xxxxxxxx  f9:3f800000  f6:c11c604a
21370205ns          376774 1c009694 111778d3 fmul.s           f17, f14, f17       f17=xxxxxxxx f14:bdd18bca f17:c11aea91
21370225ns          376775 1c009698 10f77753 fmul.s           f14, f14, f15       f14=xxxxxxxx f14:bdd18bca f15:3faa8aa0
21370244ns          376776 1c00969c 10a8f853 fmul.s           f16, f17, f10       f16=xxxxxxxx f17:3f7d9c30 f10:bf0636f2
21370264ns          376777 1c0096a0 20e71bd3 fsgnjn.s         f23, f14, f14       f23=xxxxxxxx f14:be0b984c f14:be0b984c
21370284ns          376778 1c0096a4 000ea783 lw               x15, 0(x29)         x15=3e9e57f9 x29:10000f48  PA:10000f48
21370304ns          376779 1c0096a8 000f2383 lw               x7, 0(x30)           x7=bed6f91b x30:10000f5c  PA:10000f5c
21370324ns          376780 1c0096ac 10e7f453 fmul.s           f8, f15, f14         f8=xxxxxxxx f15:3e9e57f9 f14:be0b984c
21370344ns          376781 1c0096b0 10e3f2d3 fmul.s           f5, f7, f14          f5=xxxxxxxx  f7:bed6f91b f14:be0b984c
21370364ns          376782 1c0096b4 006b222b p.sw             x6, 4(x22!)         x22=10000dd0  x6:c11c604a x22:10000dcc  PA:10000dcc
21370384ns          376783 1c0096b8 4113f3c7 fmsub.s          f7, f7, f17, f8      f7=xxxxxxxx  f7:bed6f91b f17:3f7d9c30  f8:bd2cafef
21370404ns          376784 1c0096bc 2917f2c3 fmadd.s          f5, f15, f17, f5     f5=xxxxxxxx f15:3e9e57f9 f17:3f7d9c30  f5:3d6a724b
21370423ns          376785 1c0096c0 10d8f5d3 fmul.s           f11, f17, f13       f11=xxxxxxxx f17:3f7d9c30 f13:c073ceae
21370443ns          376786 1c0096c4 007f2023 sw               x7, 0(x30)           x7:bebf615a x30:10000f5c  PA:10000f5c
21370463ns          376787 1c0096c8 005ea023 sw               x5, 0(x29)           x5:3eba2bd6 x29:10000f48  PA:10000f48
21370483ns          376788 1c0096cc 004ea283 lw               x5, 4(x29)           x5=3f2bfc7a x29:10000f48  PA:10000f4c
21370523ns          376790 1c0096d0 004f2383 lw               x7, 4(x30)           x7=3cc70618 x30:10000f5c  PA:10000f60
21370563ns          376792 1c0096d4 10e2f4d3 fmul.s           f9, f5, f14          f9=xxxxxxxx  f5:3f2bfc7a f14:be0b984c
21370583ns          376793 1c0096d8 10e3f453 fmul.s           f8, f7, f14          f8=xxxxxxxx  f7:3cc70618 f14:be0b984c
21370603ns          376794 1c0096dc 80d77843 fmadd.s          f16, f14, f13, f16  f16=xxxxxxxx f14:be0b984c f13:c073ceae f16:bf04f630
21370662ns          376797 1c0096e0 4913f3c7 fmsub.s          f7, f7, f17, f9      f7=xxxxxxxx  f7:3cc70618 f17:3f7d9c30  f9:bdbb90ce
21370702ns          376799 1c0096e4 4112f2c3 fmadd.s          f5, f5, f17, f8      f5=xxxxxxxx  f5:3f2bfc7a f17:3f7d9c30  f8:bb590d6b
21370722ns          376800 1c0096e8 000a2783 lw               x15, 0(x20)         x15=00000000 x20:10000de4  PA:10000de4
21370742ns          376801 1c0096ec 007f2223 sw               x7, 4(x30)           x7:3decdb6b x30:10000f5c  PA:10000f60
21370801ns          376804 1c0096f0 005ea223 sw               x5, 4(x29)           x5:3f298865 x29:10000f48  PA:10000f4c
21370841ns          376806 1c0096f4 008ea283 lw               x5, 8(x29)           x5=bf0b33fb x29:10000f48  PA:10000f50
21370861ns          376807 1c0096f8 008f2383 lw               x7, 8(x30)           x7=bee641da x30:10000f5c  PA:10000f64
21370881ns          376808 1c0096fc 10e2f4d3 fmul.s           f9, f5, f14          f9=xxxxxxxx  f5:bf0b33fb f14:be0b984c
21370941ns          376811 1c009700 10e3f453 fmul.s           f8, f7, f14          f8=xxxxxxxx  f7:bee641da f14:be0b984c
21370980ns          376813 1c009704 58abf5c3 fmadd.s          f11, f23, f10, f11  f11=xxxxxxxx f23:3e0b984c f10:bf0636f2 f11:c0718802
21371000ns          376814 1c009708 4913f3c7 fmsub.s          f7, f7, f17, f9      f7=xxxxxxxx  f7:bee641da f17:3f7d9c30  f9:3d97d013
21371020ns          376815 1c00970c 4112f2c3 fmadd.s          f5, f5, f17, f8      f5=xxxxxxxx  f5:bf0b33fb f17:3f7d9c30  f8:3d7b1d7a
21371080ns          376818 1c009710 1117f553 fmul.s           f10, f15, f17       f10=xxxxxxxx f15:00000000 f17:3f7d9c30
21371120ns          376820 1c009714 007f2423 sw               x7, 8(x30)           x7:bf0507ca x30:10000f5c  PA:10000f64
21371140ns          376821 1c009718 00cea303 lw               x6, 12(x29)          x6=beb55215 x29:10000f48  PA:10000f54
21371159ns          376822 1c00971c 005ea423 sw               x5, 8(x29)           x5:bef46aea x29:10000f48  PA:10000f50
21371179ns          376823 1c009720 00cf2283 lw               x5, 12(x30)          x5=bcdfd1f9 x30:10000f5c  PA:10000f68
21371199ns          376824 1c009724 10e37453 fmul.s           f8, f6, f14          f8=xxxxxxxx  f6:beb55215 f14:be0b984c
21371219ns          376825 1c009728 10e2f3d3 fmul.s           f7, f5, f14          f7=xxxxxxxx  f5:bcdfd1f9 f14:be0b984c
21371239ns          376826 1c00972c 014f0f13 addi             x30, x30, 20        x30=10000f70 x30:10000f5c
21371259ns          376827 1c00972e 4112f2c7 fmsub.s          f5, f5, f17, f8      f5=xxxxxxxx  f5:bcdfd1f9 f17:3f7d9c30  f8:3d45bee0
21371279ns          376828 1c009732 39137343 fmadd.s          f6, f6, f17, f7      f6=xxxxxxxx  f6:beb55215 f17:3f7d9c30  f7:3b741853
21371299ns          376829 1c009736 00baa22b p.sw             x11, 4(x21!)        x21=10000dd4 x11:c0761afd x21:10000dd0  PA:10000dd0
21371319ns          376830 1c00973a fe5f2c23 sw               x5, -8(x30)          x5:bd9a4e34 x30:10000f70  PA:10000f68
21371338ns          376831 1c00973e 010ea683 lw               x13, 16(x29)        x13=be36f19a x29:10000f48  PA:10000f58
21371358ns          376832 1c009742 006ea623 sw               x6, 12(x29)          x6:beb1b88e x29:10000f48  PA:10000f54
21371378ns          376833 1c009746 ffcf2303 lw               x6, -4(x30)          x6=3f499841 x30:10000f70  PA:10000f6c
21371418ns          376835 1c00974a 10e6f3d3 fmul.s           f7, f13, f14         f7=xxxxxxxx f13:be36f19a f14:be0b984c
21371438ns          376836 1c00974e 10e372d3 fmul.s           f5, f6, f14          f5=xxxxxxxx  f6:3f499841 f14:be0b984c
21371458ns          376837 1c009752 00aa222b p.sw             x10, 4(x20!)        x20=10000de8 x10:00000000 x20:10000de4  PA:10000de4
21371478ns          376838 1c009756 39137347 fmsub.s          f6, f6, f17, f7      f6=xxxxxxxx  f6:3f499841 f17:3f7d9c30  f7:3cc78409
21371498ns          376839 1c00975a 2916f8c3 fmadd.s          f17, f13, f17, f5   f17=xxxxxxxx f13:be36f19a f17:3f7d9c30  f5:bddbdb33
21371517ns          376840 1c00975e 01460613 addi             x12, x12, 20        x12=10000f0c x12:10000ef8
21371537ns          376841 1c009760 fe6f2e23 sw               x6, -4(x30)          x6:3f417a57 x30:10000f70  PA:10000f6c
21371557ns          376842 1c009764 011ea823 sw               x17, 16(x29)        x17:be9194fe x29:10000f48  PA:10000f58
21371577ns          376843 1c009768 014e0e13 addi             x28, x28, 20        x28=10000ef8 x28:10000ee4
21371597ns          376844 1c00976a 014e8e93 addi             x29, x29, 20        x29=10000f5c x29:10000f48
21371617ns          376845 1c00976c 10e7f7d3 fmul.s           f15, f15, f14       f15=xxxxxxxx f15:00000000 f14:be0b984c
21371637ns          376846 1c009770 01412e03 lw               x28, 20(x2)         x28=00000000  x2:10000d98  PA:10000dac
21371657ns          376847 1c009772 00812983 lw               x19, 8(x2)          x19=00000008  x2:10000d98  PA:10000da0
21371677ns          376848 1c009774 0e010893 addi             x17, x2, 224        x17=10000e78  x2:10000d98
21371696ns          376849 1c009778 013887b3 add              x15, x17, x19       x15=10000e80 x17:10000e78 x19:00000008
21371716ns          376850 1c00977c 001e0e13 addi             x28, x28, 1         x28=00000001 x28:00000000
21371736ns          376851 1c00977e f707a023 sw               x16, -160(x15)      x16:b87b1b55 x15:10000e80  PA:10000de0
21371756ns          376852 1c009782 01c12a23 sw               x28, 20(x2)         x28:00000001  x2:10000d98  PA:10000dac
21371776ns          376853 1c009784 fff00793 addi             x15, x0, -1         x15=ffffffff
21371796ns          376854 1c009786 00fdc663 blt              x27, x15, 12        x27:00000002 x15:ffffffff
21371816ns          376855 1c00978a 04b00793 addi             x15, x0, 75         x15=0000004b
21371876ns          376858 1c00978e a8fe1c63 bne              x28, x15, -3432     x28:00000001 x15:0000004b
21371975ns          376863 1c008a26 00812503 lw               x10, 8(x2)          x10=00000008  x2:10000d98  PA:10000da0
21372015ns          376865 1c008a28 04010613 addi             x12, x2, 64         x12=10000dd8  x2:10000d98
21372035ns          376866 1c008a2a 01b509b3 add              x19, x10, x27       x19=0000000a x10:00000008 x27:00000002
21372055ns          376867 1c008a2e 02c10593 addi             x11, x2, 44         x11=10000dc4  x2:10000d98
21372094ns          376869 1c008a30 00a60633 add              x12, x12, x10       x12=10000de0 x12:10000dd8 x10:00000008
21372134ns          376871 1c008a32 002d8693 addi             x13, x27, 2         x13=00000004 x27:00000002
21372154ns          376872 1c008a36 1c000437 lui              x8, 0x1c000000       x8=1c000000
21372174ns          376873 1c008a3a 1c0004b7 lui              x9, 0x1c000000       x9=1c000000
21372194ns          376874 1c008a3e 00299993 slli             x19, x19, 0x2       x19=00000028 x19:0000000a
21372234ns          376876 1c008a40 00a58b33 add              x22, x11, x10       x22=10000dcc x11:10000dc4 x10:00000008
21372273ns          376878 1c008a44 00c12623 sw               x12, 12(x2)         x12:10000de0  x2:10000d98  PA:10000da4
21372293ns          376879 1c008a46 00d12c23 sw               x13, 24(x2)         x13:00000004  x2:10000d98  PA:10000db0
21372313ns          376880 1c008a48 02842a83 lw               x21, 40(x8)         x21=0c000000  x8:1c000000  PA:1c000028
21372611ns          376895 1c008a4c 02c4ab83 lw               x23, 44(x9)         x23=34000000  x9:1c000000  PA:1c00002c
21372910ns          376910 1c008a50 01a989b3 add              x19, x19, x26       x19=10000ee4 x19:00000028 x26:10000ebc
21372930ns          376911 1c008a52 00000f13 addi             x30, x0, 0          x30=00000000
21372950ns          376912 1c008a56 018007b3 add              x15, x0, x24        x15=00000003 x24:00000003
21372970ns          376913 1c008a58 004b2283 lw               x5, 4(x22)           x5=c0761afd x22:10000dcc  PA:10000dd0
21372989ns          376914 1c008a5c 71fdace3 p.beqimm         x27, 3864           x27:00000002
21373029ns          376916 1c008a60 01412e03 lw               x28, 20(x2)         x28=00000001  x2:10000d98  PA:10000dac
21373049ns          376917 1c008a62 01400e93 addi             x29, x0, 20         x29=00000014
21373069ns          376918 1c008a64 77cec8e3 blt              x29, x28, 3952      x29:00000014 x28:00000001
21373089ns          376919 1c008a68 00c12f83 lw               x31, 12(x2)         x31=10000de0  x2:10000d98  PA:10000da4
21373129ns          376921 1c008a6a 000fa683 lw               x13, 0(x31)         x13=b87b1b55 x31:10000de0  PA:10000de0
21373168ns          376923 1c008a6e a1e69753 flt.s            x14, f13, f30       x14=00000001 f13:b87b1b55 f30:00000000
21373188ns          376924 1c008a72 00070363 beq              x14, x0, 6          x14:00000001
21373208ns          376925 1c008a74 20d696d3 fsgnjn.s         f13, f13, f13       f13=xxxxxxxx f13:b87b1b55 f13:b87b1b55
21373228ns          376926 1c008a78 000b2603 lw               x12, 0(x22)         x12=c11c604a x22:10000dcc  PA:10000dcc
21373288ns          376929 1c008a7c a1e61753 flt.s            x14, f12, f30       x14=00000001 f12:c11c604a f30:00000000
21373308ns          376930 1c008a80 00c005b3 add              x11, x0, x12        x11=c11c604a x12:c11c604a
21373328ns          376931 1c008a82 00070363 beq              x14, x0, 6          x14:00000001
21373347ns          376932 1c008a84 20c615d3 fsgnjn.s         f11, f12, f12       f11=xxxxxxxx f12:c11c604a f12:c11c604a
21373367ns          376933 1c008a88 a1e29753 flt.s            x14, f5, f30        x14=00000001  f5:c0761afd f30:00000000
21373387ns          376934 1c008a8c 00070363 beq              x14, x0, 6          x14:00000001
21373447ns          376937 1c008a8e 33c0106f jal              x0, 4924           
21373566ns          376943 1c009dca 20529753 fsgnjn.s         f14, f5, f5         f14=xxxxxxxx  f5:c0761afd  f5:c0761afd
21373626ns          376946 1c009dce cc7fe06f jal              x0, -4922          
21373666ns          376948 1c008a94 00b77753 fadd.s           f14, f14, f11       f14=xxxxxxxx f14:40761afd f11:411c604a
21373686ns          376949 1c008a98 11777753 fmul.s           f14, f14, f23       f14=xxxxxxxx f14:4159e709 f23:34000000
21373705ns          376950 1c008a9c a0e68753 fle.s            x14, f13, f14       x14=00000000 f13:387b1b55 f14:35d9e709
21373765ns          376953 1c008aa0 00070363 beq              x14, x0, 6          x14:00000000
21373845ns          376957 1c008aa6 1c000337 lui              x6, 0x1c000000       x6=1c000000
21373865ns          376958 1c008aaa 02830313 addi             x6, x6, 40           x6=1c000028  x6:1c000000
21373924ns          376961 1c008aae 00032303 lw               x6, 0(x6)            x6=0c000000  x6:1c000028  PA:1c000028
21374262ns          376978 1c008ab2 a06686d3 fle.s            x13, f13, f6        x13=00000000 f13:387b1b55  f6:0c000000
21374282ns          376979 1c008ab6 00068363 beq              x13, x0, 6          x13:00000000
21374402ns          376985 1c008abc fffd8693 addi             x13, x27, -1        x13=00000001 x27:00000002
21374422ns          376986 1c008ac0 000d9463 bne              x27, x0, 8          x27:00000002
21374481ns          376989 1c008ac8 00269713 slli             x14, x13, 0x2       x14=00000004 x13:00000001
21374501ns          376990 1c008acc 0e010393 addi             x7, x2, 224          x7=10000e78  x2:10000d98
21374561ns          376993 1c008ad0 00e385b3 add              x11, x7, x14        x11=10000e7c  x7:10000e78 x14:00000004
21374601ns          376995 1c008ad4 f605a503 lw               x10, -160(x11)      x10=be454143 x11:10000e7c  PA:10000ddc
21374640ns          376997 1c008ad8 a1e515d3 flt.s            x11, f10, f30       x11=00000001 f10:be454143 f30:00000000
21374660ns          376998 1c008adc 00058363 beq              x11, x0, 6          x11:00000001
21374700ns          377000 1c008ade 20a51553 fsgnjn.s         f10, f10, f10       f10=xxxxxxxx f10:be454143 f10:be454143
21374720ns          377001 1c008ae2 0e010413 addi             x8, x2, 224          x8=10000e78  x2:10000d98
21374740ns          377002 1c008ae4 00e405b3 add              x11, x8, x14        x11=10000e7c  x8:10000e78 x14:00000004
21374760ns          377003 1c008ae8 f4c5a583 lw               x11, -180(x11)      x11=415ad9f4 x11:10000e7c  PA:10000dc8
21374799ns          377005 1c008aec a1e59853 flt.s            x16, f11, f30       x16=00000000 f11:415ad9f4 f30:00000000
21374839ns          377007 1c008af0 00080463 beq              x16, x0, 8          x16:00000000
21374899ns          377010 1c008af8 00b00833 add              x16, x0, x11        x16=415ad9f4 x11:415ad9f4
21374919ns          377011 1c008afa a1e618d3 flt.s            x17, f12, f30       x17=00000001 f12:c11c604a f30:00000000
21374978ns          377014 1c008afe 00088463 beq              x17, x0, 8          x17:00000001
21375018ns          377016 1c008b02 20c61653 fsgnjn.s         f12, f12, f12       f12=xxxxxxxx f12:c11c604a f12:c11c604a
21375038ns          377017 1c008b06 1c0004b7 lui              x9, 0x1c000000       x9=1c000000
21375058ns          377018 1c008b0a 01067653 fadd.s           f12, f12, f16       f12=xxxxxxxx f12:411c604a f16:415ad9f4
21375118ns          377021 1c008b0e 02c48493 addi             x9, x9, 44           x9=1c00002c  x9:1c000000
21375138ns          377022 1c008b12 0004a483 lw               x9, 0(x9)            x9=34000000  x9:1c00002c  PA:1c00002c
21375476ns          377039 1c008b14 10967653 fmul.s           f12, f12, f9        f12=xxxxxxxx f12:41bb9d1f  f9:34000000
21375496ns          377040 1c008b18 a0c50653 fle.s            x12, f10, f12       x12=00000000 f10:3e454143 f12:363b9d1f
21375516ns          377041 1c008b1c 00060363 beq              x12, x0, 6          x12:00000000
21375595ns          377045 1c008b22 1c000637 lui              x12, 0x1c000000     x12=1c000000
21375615ns          377046 1c008b26 02860613 addi             x12, x12, 40        x12=1c000028 x12:1c000000
21375635ns          377047 1c008b2a 00062603 lw               x12, 0(x12)         x12=0c000000 x12:1c000028  PA:1c000028
21375993ns          377065 1c008b2c a0c50553 fle.s            x10, f10, f12       x10=00000000 f10:3e454143 f12:0c000000
21376013ns          377066 1c008b30 00050363 beq              x10, x0, 6          x10:00000000
21376092ns          377070 1c008b36 ffed8813 addi             x16, x27, -2        x16=00000000 x27:00000002
21376112ns          377071 1c008b3a 01f83463 p.bneimm         x16, 8              x16:00000000
21376232ns          377077 1c008b42 00281713 slli             x14, x16, 0x2       x14=00000000 x16:00000000
21376251ns          377078 1c008b46 0e010893 addi             x17, x2, 224        x17=10000e78  x2:10000d98
21376271ns          377079 1c008b4a 00e88633 add              x12, x17, x14       x12=10000e78 x17:10000e78 x14:00000000
21376331ns          377082 1c008b4e f6062503 lw               x10, -160(x12)      x10=3bcc6907 x12:10000e78  PA:10000dd8
21376371ns          377084 1c008b52 a1e51653 flt.s            x12, f10, f30       x12=00000000 f10:3bcc6907 f30:00000000
21376391ns          377085 1c008b56 00060363 beq              x12, x0, 6          x12:00000000
21376510ns          377091 1c008b5c 0e010e13 addi             x28, x2, 224        x28=10000e78  x2:10000d98
21376530ns          377092 1c008b60 01c70733 add              x14, x14, x28       x14=10000e78 x14:00000000 x28:10000e78
21376550ns          377093 1c008b62 f4c72883 lw               x17, -180(x14)      x17=4213e25f x14:10000e78  PA:10000dc4
21376590ns          377095 1c008b66 a1e89753 flt.s            x14, f17, f30       x14=00000000 f17:4213e25f f30:00000000
21376610ns          377096 1c008b6a 00070363 beq              x14, x0, 6          x14:00000000
21376689ns          377100 1c008b70 01100733 add              x14, x0, x17        x14=4213e25f x17:4213e25f
21376709ns          377101 1c008b72 a1e59653 flt.s            x12, f11, f30       x12=00000000 f11:415ad9f4 f30:00000000
21376729ns          377102 1c008b76 00060363 beq              x12, x0, 6          x12:00000000
21376848ns          377108 1c008b7c 1c000eb7 lui              x29, 0x1c000000     x29=1c000000
21376868ns          377109 1c008b80 00e5f753 fadd.s           f14, f11, f14       f14=xxxxxxxx f11:415ad9f4 f14:4213e25f
21376888ns          377110 1c008b84 02ce8e93 addi             x29, x29, 44        x29=1c00002c x29:1c000000
21376908ns          377111 1c008b88 000eae83 lw               x29, 0(x29)         x29=34000000 x29:1c00002c  PA:1c00002c
21377246ns          377128 1c008b8c 11d77753 fmul.s           f14, f14, f29       f14=xxxxxxxx f14:424a98dc f29:34000000
21377266ns          377129 1c008b90 a0e50753 fle.s            x14, f10, f14       x14=00000000 f10:3bcc6907 f14:36ca98dc
21377286ns          377130 1c008b94 440718e3 bne              x14, x0, 3152       x14:00000000
21377306ns          377131 1c008b98 1c000fb7 lui              x31, 0x1c000000     x31=1c000000
21377326ns          377132 1c008b9c 028f8f93 addi             x31, x31, 40        x31=1c000028 x31:1c000000
21377365ns          377134 1c008ba0 000faf83 lw               x31, 0(x31)         x31=0c000000 x31:1c000028  PA:1c000028
21377704ns          377151 1c008ba4 a1f50553 fle.s            x10, f10, f31       x10=00000000 f10:3bcc6907 f31:0c000000
21377723ns          377152 1c008ba8 42051ee3 bne              x10, x0, 3132       x10:00000000
21377743ns          377153 1c008bac ffdd8693 addi             x13, x27, -3        x13=ffffffff x27:00000002
21377763ns          377154 1c008bb0 01f6b463 p.bneimm         x13, 8              x13:ffffffff
21377783ns          377155 1c008bb4 4ee0106f jal              x0, 5358           
21377883ns          377160 1c00a0a2 00000813 addi             x16, x0, 0          x16=00000000
21377922ns          377162 1c00a0a4 b7ffe06f jal              x0, -5250          
21378042ns          377168 1c008c22 3d880de3 beq              x16, x24, 3034      x16:00000000 x24:00000003
21378062ns          377169 1c008c26 002d8393 addi             x7, x27, 2           x7=00000004 x27:00000002
21378081ns          377170 1c008c2a 7c76d5e3 bge              x13, x7, 4042       x13:ffffffff  x7:00000004
21378141ns          377173 1c008c2e 00268f93 addi             x31, x13, 2         x31=00000001 x13:ffffffff
21378181ns          377175 1c008c32 3e780a63 beq              x16, x7, 1012       x16:00000000  x7:00000004
21378201ns          377176 1c008c36 002c1e93 slli             x29, x24, 0x2       x29=0000000c x24:00000003
21378221ns          377177 1c008c3a 04010493 addi             x9, x2, 64           x9=10000dd8  x2:10000d98
21378241ns          377178 1c008c3c ffce8593 addi             x11, x29, -4        x11=00000008 x29:0000000c
21378280ns          377180 1c008c40 1c000637 lui              x12, 0x1c000000     x12=1c000000
21378320ns          377182 1c008c44 02c10413 addi             x8, x2, 44           x8=10000dc4  x2:10000d98
21378340ns          377183 1c008c46 1c000537 lui              x10, 0x1c000000     x10=1c000000
21378360ns          377184 1c008c4a 009585b3 add              x11, x11, x9        x11=10000de0 x11:00000008  x9:10000dd8
21378380ns          377185 1c008c4c 02862483 lw               x9, 40(x12)          x9=0c000000 x12:1c000000  PA:1c000028
21378698ns          377201 1c008c50 01d40333 add              x6, x8, x29          x6=10000dd0  x8:10000dc4 x29:0000000c
21378718ns          377202 1c008c54 00700733 add              x14, x0, x7         x14=00000004  x7:00000004
21378738ns          377203 1c008c56 02c52403 lw               x8, 44(x10)          x8=34000000 x10:1c000000  PA:1c00002c
21379036ns          377218 1c008c5a 00168693 addi             x13, x13, 1         x13=00000000 x13:ffffffff
21379056ns          377219 1c008c5c 00000e13 addi             x28, x0, 0          x28=00000000
21379076ns          377220 1c008c60 41038533 sub              x10, x7, x16        x10=00000004  x7:00000004 x16:00000000
21379096ns          377221 1c008c64 1e0540fb lp.setup         0x1, x10, 0x1e0     x10:00000004
21379116ns          377222 1c008c68 fff70893 addi             x17, x14, -1        x17=00000003 x14:00000004
21379136ns          377223 1c008c6c 00000793 addi             x15, x0, 0          x15=00000000
21379195ns          377226 1c008c70 00ec4763 blt              x24, x14, 14        x24:00000003 x14:00000004
21379693ns          377251 1c008c7e 00efd963 bge              x31, x14, 18        x31:00000001 x14:00000004
21379712ns          377252 1c008c82 0005a603 lw               x12, 0(x11)         x12=b87b1b55 x11:10000de0  PA:10000de0
21379752ns          377254 1c008c84 a1c61f53 flt.s            x30, f12, f28       x30=00000001 f12:b87b1b55 f28:00000000
21379772ns          377255 1c008c88 380f1163 bne              x30, x0, 898        x30:00000001
21379951ns          377264 1c00900a 20c61653 fsgnjn.s         f12, f12, f12       f12=xxxxxxxx f12:b87b1b55 f12:b87b1b55
21379971ns          377265 1c00900e c7fff06f jal              x0, -898           
21380051ns          377269 1c008c8c 00c7f7d3 fadd.s           f15, f15, f12       f15=xxxxxxxx f15:00000000 f12:387b1b55
21380071ns          377270 1c008c90 ffc3260b p.lw             x12, -4(x6!)        x12=c0761afd  x6=10000dcc  x6:10000dd0  PA:10000dd0
21380110ns          377272 1c008c94 a1c61f53 flt.s            x30, f12, f28       x30=00000001 f12:c0761afd f28:00000000
21380130ns          377273 1c008c98 000f0463 beq              x30, x0, 8          x30:00000001
21380150ns          377274 1c008c9c 20c61653 fsgnjn.s         f12, f12, f12       f12=xxxxxxxx f12:c0761afd f12:c0761afd
21380190ns          377276 1c008ca0 1087f7d3 fmul.s           f15, f15, f8        f15=xxxxxxxx f15:387b1b55  f8:34000000
21380230ns          377278 1c008ca4 a0f607d3 fle.s            x15, f12, f15       x15=00000000 f12:40761afd f15:2cfb1b55
21380250ns          377279 1c008ca8 00079563 bne              x15, x0, 10         x15:00000000
21380269ns          377280 1c008caa a0960653 fle.s            x12, f12, f9        x12=00000000 f12:40761afd  f9:0c000000
21380329ns          377283 1c008cae 36060663 beq              x12, x0, 876        x12:00000000
21380409ns          377287 1c00901a 00d71463 bne              x14, x13, 8         x14:00000004 x13:00000000
21380508ns          377292 1c009022 01100733 add              x14, x0, x17        x14=00000003 x17:00000003
21380528ns          377293 1c009024 ffc58593 addi             x11, x11, -4        x11=10000ddc x11:10000de0
21380548ns          377294 1c008c68 fff70893 addi             x17, x14, -1        x17=00000002 x14:00000003
21380568ns          377295 1c008c6c 00000793 addi             x15, x0, 0          x15=00000000
21380588ns          377296 1c008c70 00ec4763 blt              x24, x14, 14        x24:00000003 x14:00000003
21380608ns          377297 1c008c74 0045a783 lw               x15, 4(x11)         x15=b87b1b55 x11:10000ddc  PA:10000de0
21380647ns          377299 1c008c76 a1c79653 flt.s            x12, f15, f28       x12=00000001 f15:b87b1b55 f28:00000000
21380667ns          377300 1c008c7a 38061b63 bne              x12, x0, 918        x12:00000001
21380727ns          377303 1c009010 20f797d3 fsgnjn.s         f15, f15, f15       f15=xxxxxxxx f15:b87b1b55 f15:b87b1b55
21380747ns          377304 1c009014 c6bff06f jal              x0, -918           
21380806ns          377307 1c008c7e 00efd963 bge              x31, x14, 18        x31:00000001 x14:00000003
21380826ns          377308 1c008c82 0005a603 lw               x12, 0(x11)         x12=be454143 x11:10000ddc  PA:10000ddc
21380866ns          377310 1c008c84 a1c61f53 flt.s            x30, f12, f28       x30=00000001 f12:be454143 f28:00000000
21380886ns          377311 1c008c88 380f1163 bne              x30, x0, 898        x30:00000001
21380966ns          377315 1c00900a 20c61653 fsgnjn.s         f12, f12, f12       f12=xxxxxxxx f12:be454143 f12:be454143
21380985ns          377316 1c00900e c7fff06f jal              x0, -898           
21381025ns          377318 1c008c8c 00c7f7d3 fadd.s           f15, f15, f12       f15=xxxxxxxx f15:387b1b55 f12:3e454143
21381045ns          377319 1c008c90 ffc3260b p.lw             x12, -4(x6!)        x12=c11c604a  x6=10000dc8  x6:10000dcc  PA:10000dcc
21381085ns          377321 1c008c94 a1c61f53 flt.s            x30, f12, f28       x30=00000001 f12:c11c604a f28:00000000
21381105ns          377322 1c008c98 000f0463 beq              x30, x0, 8          x30:00000001
21381125ns          377323 1c008c9c 20c61653 fsgnjn.s         f12, f12, f12       f12=xxxxxxxx f12:c11c604a f12:c11c604a
21381145ns          377324 1c008ca0 1087f7d3 fmul.s           f15, f15, f8        f15=xxxxxxxx f15:3e4550f5  f8:34000000
21381164ns          377325 1c008ca4 a0f607d3 fle.s            x15, f12, f15       x15=00000000 f12:411c604a f15:32c550f5
21381184ns          377326 1c008ca8 00079563 bne              x15, x0, 10         x15:00000000
21381204ns          377327 1c008caa a0960653 fle.s            x12, f12, f9        x12=00000000 f12:411c604a  f9:0c000000
21381224ns          377328 1c008cae 36060663 beq              x12, x0, 876        x12:00000000
21381304ns          377332 1c00901a 00d71463 bne              x14, x13, 8         x14:00000003 x13:00000000
21381363ns          377335 1c009022 01100733 add              x14, x0, x17        x14=00000002 x17:00000002
21381383ns          377336 1c009024 ffc58593 addi             x11, x11, -4        x11=10000dd8 x11:10000ddc
21381403ns          377337 1c008c68 fff70893 addi             x17, x14, -1        x17=00000001 x14:00000002
21381423ns          377338 1c008c6c 00000793 addi             x15, x0, 0          x15=00000000
21381443ns          377339 1c008c70 00ec4763 blt              x24, x14, 14        x24:00000003 x14:00000002
21381463ns          377340 1c008c74 0045a783 lw               x15, 4(x11)         x15=be454143 x11:10000dd8  PA:10000ddc
21381503ns          377342 1c008c76 a1c79653 flt.s            x12, f15, f28       x12=00000001 f15:be454143 f28:00000000
21381523ns          377343 1c008c7a 38061b63 bne              x12, x0, 918        x12:00000001
21381582ns          377346 1c009010 20f797d3 fsgnjn.s         f15, f15, f15       f15=xxxxxxxx f15:be454143 f15:be454143
21381602ns          377347 1c009014 c6bff06f jal              x0, -918           
21381662ns          377350 1c008c7e 00efd963 bge              x31, x14, 18        x31:00000001 x14:00000002
21381682ns          377351 1c008c82 0005a603 lw               x12, 0(x11)         x12=3bcc6907 x11:10000dd8  PA:10000dd8
21381721ns          377353 1c008c84 a1c61f53 flt.s            x30, f12, f28       x30=00000000 f12:3bcc6907 f28:00000000
21381741ns          377354 1c008c88 380f1163 bne              x30, x0, 898        x30:00000000
21381761ns          377355 1c008c8c 00c7f7d3 fadd.s           f15, f15, f12       f15=xxxxxxxx f15:3e454143 f12:3bcc6907
21381781ns          377356 1c008c90 ffc3260b p.lw             x12, -4(x6!)        x12=415ad9f4  x6=10000dc4  x6:10000dc8  PA:10000dc8
21381821ns          377358 1c008c94 a1c61f53 flt.s            x30, f12, f28       x30=00000000 f12:415ad9f4 f28:00000000
21381841ns          377359 1c008c98 000f0463 beq              x30, x0, 8          x30:00000000
21381900ns          377362 1c008ca0 1087f7d3 fmul.s           f15, f15, f8        f15=xxxxxxxx f15:3e4ba48b  f8:34000000
21381920ns          377363 1c008ca4 a0f607d3 fle.s            x15, f12, f15       x15=00000000 f12:415ad9f4 f15:32cba48b
21381940ns          377364 1c008ca8 00079563 bne              x15, x0, 10         x15:00000000
21381960ns          377365 1c008caa a0960653 fle.s            x12, f12, f9        x12=00000000 f12:415ad9f4  f9:0c000000
21381980ns          377366 1c008cae 36060663 beq              x12, x0, 876        x12:00000000
21382060ns          377370 1c00901a 00d71463 bne              x14, x13, 8         x14:00000002 x13:00000000
21382119ns          377373 1c009022 01100733 add              x14, x0, x17        x14=00000001 x17:00000001
21382139ns          377374 1c009024 ffc58593 addi             x11, x11, -4        x11=10000dd4 x11:10000dd8
21382159ns          377375 1c008c68 fff70893 addi             x17, x14, -1        x17=00000000 x14:00000001
21382179ns          377376 1c008c6c 00000793 addi             x15, x0, 0          x15=00000000
21382199ns          377377 1c008c70 00ec4763 blt              x24, x14, 14        x24:00000003 x14:00000001
21382219ns          377378 1c008c74 0045a783 lw               x15, 4(x11)         x15=3bcc6907 x11:10000dd4  PA:10000dd8
21382258ns          377380 1c008c76 a1c79653 flt.s            x12, f15, f28       x12=00000000 f15:3bcc6907 f28:00000000
21382278ns          377381 1c008c7a 38061b63 bne              x12, x0, 918        x12:00000000
21382298ns          377382 1c008c7e 00efd963 bge              x31, x14, 18        x31:00000001 x14:00000001
21382358ns          377385 1c008c90 ffc3260b p.lw             x12, -4(x6!)        x12=4213e25f  x6=10000dc0  x6:10000dc4  PA:10000dc4
21382398ns          377387 1c008c94 a1c61f53 flt.s            x30, f12, f28       x30=00000000 f12:4213e25f f28:00000000
21382418ns          377388 1c008c98 000f0463 beq              x30, x0, 8          x30:00000000
21382477ns          377391 1c008ca0 1087f7d3 fmul.s           f15, f15, f8        f15=xxxxxxxx f15:3bcc6907  f8:34000000
21382497ns          377392 1c008ca4 a0f607d3 fle.s            x15, f12, f15       x15=00000000 f12:4213e25f f15:304c6907
21382517ns          377393 1c008ca8 00079563 bne              x15, x0, 10         x15:00000000
21382537ns          377394 1c008caa a0960653 fle.s            x12, f12, f9        x12=00000000 f12:4213e25f  f9:0c000000
21382557ns          377395 1c008cae 36060663 beq              x12, x0, 876        x12:00000000
21382636ns          377399 1c00901a 00d71463 bne              x14, x13, 8         x14:00000001 x13:00000000
21382696ns          377402 1c009022 01100733 add              x14, x0, x17        x14=00000000 x17:00000000
21382716ns          377403 1c009024 ffc58593 addi             x11, x11, -4        x11=10000dd0 x11:10000dd4
21382736ns          377404 1c009026 00000793 addi             x15, x0, 0          x15=00000000
21382756ns          377405 1c00902a a0f297d3 flt.s            x15, f5, f15        x15=00000001  f5:c0761afd f15:00000000
21382776ns          377406 1c00902e 005006b3 add              x13, x0, x5         x13=c0761afd  x5:c0761afd
21382815ns          377408 1c009030 00078363 beq              x15, x0, 6          x15:00000001
21382855ns          377410 1c009032 205296d3 fsgnjn.s         f13, f5, f5         f13=xxxxxxxx  f5:c0761afd  f5:c0761afd
21382875ns          377411 1c009036 002d9593 slli             x11, x27, 0x2       x11=00000008 x27:00000002
21382895ns          377412 1c00903a 0e010613 addi             x12, x2, 224        x12=10000e78  x2:10000d98
21382915ns          377413 1c00903c 00b607b3 add              x15, x12, x11       x15=10000e80 x12:10000e78 x11:00000008
21382955ns          377415 1c009040 f4c7a603 lw               x12, -180(x15)      x12=c11c604a x15:10000e80  PA:10000dcc
21382994ns          377417 1c009044 00000793 addi             x15, x0, 0          x15=00000000
21383014ns          377418 1c009048 a0f617d3 flt.s            x15, f12, f15       x15=00000001 f12:c11c604a f15:00000000
21383034ns          377419 1c00904c 00b12423 sw               x11, 8(x2)          x11:00000008  x2:10000d98  PA:10000da0
21383054ns          377420 1c00904e 06d12423 sw               x13, 104(x2)        x13:40761afd  x2:10000d98  PA:10000e00
21383094ns          377422 1c009050 00c00533 add              x10, x0, x12        x10=c11c604a x12:c11c604a
21383114ns          377423 1c009052 00b008b3 add              x17, x0, x11        x17=00000008 x11:00000008
21383134ns          377424 1c009054 00078363 beq              x15, x0, 6          x15:00000001
21383154ns          377425 1c009056 20c61553 fsgnjn.s         f10, f12, f12       f10=xxxxxxxx f12:c11c604a f12:c11c604a
21383173ns          377426 1c00905a 0e010713 addi             x14, x2, 224        x14=10000e78  x2:10000d98
21383193ns          377427 1c00905c 011707b3 add              x15, x14, x17       x15=10000e80 x14:10000e78 x17:00000008
21383233ns          377429 1c009060 f607a783 lw               x15, -160(x15)      x15=b87b1b55 x15:10000e80  PA:10000de0
21383293ns          377432 1c009064 00000713 addi             x14, x0, 0          x14=00000000
21383313ns          377433 1c009068 a0e79753 flt.s            x14, f15, f14       x14=00000001 f15:b87b1b55 f14:00000000
21383333ns          377434 1c00906c 06a12623 sw               x10, 108(x2)        x10:411c604a  x2:10000d98  PA:10000e04
21383352ns          377435 1c00906e 00070363 beq              x14, x0, 6          x14:00000001
21383372ns          377436 1c009070 2320106f jal              x0, 4658           
21383492ns          377442 1c00a2a2 20f79753 fsgnjn.s         f14, f15, f15       f14=xxxxxxxx f15:b87b1b55 f15:b87b1b55
21383512ns          377443 1c00a2a6 dd1fe06f jal              x0, -4656          
21383551ns          377445 1c009076 00281813 slli             x16, x16, 0x2       x16=00000000 x16:00000000
21383571ns          377446 1c009078 0e010993 addi             x19, x2, 224        x19=10000e78  x2:10000d98
21383591ns          377447 1c00907c 010985b3 add              x11, x19, x16       x11=10000e78 x19:10000e78 x16:00000000
21383651ns          377450 1c009080 f4c5a883 lw               x17, -180(x11)      x17=4213e25f x11:10000e78  PA:10000dc4
21383691ns          377452 1c009084 00000593 addi             x11, x0, 0          x11=00000000
21383711ns          377453 1c009088 a0b895d3 flt.s            x11, f17, f11       x11=00000000 f17:4213e25f f11:00000000
21383730ns          377454 1c00908c 06e12823 sw               x14, 112(x2)        x14:387b1b55  x2:10000d98  PA:10000e08
21383750ns          377455 1c00908e 01100e33 add              x28, x0, x17        x28=4213e25f x17:4213e25f
21383790ns          377457 1c009090 00058363 beq              x11, x0, 6          x11:00000000
21383870ns          377461 1c009096 0e010e93 addi             x29, x2, 224        x29=10000e78  x2:10000d98
21383890ns          377462 1c00909a 01d80833 add              x16, x16, x29       x16=10000e78 x16:00000000 x29:10000e78
21383909ns          377463 1c00909c f6082303 lw               x6, -160(x16)        x6=3bcc6907 x16:10000e78  PA:10000dd8
21383949ns          377465 1c0090a0 00000593 addi             x11, x0, 0          x11=00000000
21383989ns          377467 1c0090a4 a0b315d3 flt.s            x11, f6, f11        x11=00000000  f6:3bcc6907 f11:00000000
21384009ns          377468 1c0090a8 07c12a23 sw               x28, 116(x2)        x28:4213e25f  x2:10000d98  PA:10000e0c
21384029ns          377469 1c0090aa 00058363 beq              x11, x0, 6          x11:00000000
21384128ns          377474 1c0090b0 006005b3 add              x11, x0, x6         x11=3bcc6907  x6:3bcc6907
21384148ns          377475 1c0090b2 a0d6a853 feq.s            x16, f13, f13       x16=00000001 f13:40761afd f13:40761afd
21384168ns          377476 1c0090b6 06b12c23 sw               x11, 120(x2)        x11:3bcc6907  x2:10000d98  PA:10000e10
21384188ns          377477 1c0090b8 00080463 beq              x16, x0, 8          x16:00000001
21384208ns          377478 1c0090bc 0080106f jal              x0, 4104           
21384327ns          377484 1c00a0c4 a0a69853 flt.s            x16, f13, f10       x16=00000001 f13:40761afd f10:411c604a
21384367ns          377486 1c00a0c8 1e080563 beq              x16, x0, 490        x16:00000001
21384387ns          377487 1c00a0cc a0e516d3 flt.s            x13, f10, f14       x13=00000000 f10:411c604a f14:387b1b55
21384446ns          377490 1c00a0d0 28069163 bne              x13, x0, 642        x13:00000000
21384486ns          377492 1c00a0d4 07412703 lw               x14, 116(x2)        x14=4213e25f  x2:10000d98  PA:10000e0c
21384526ns          377494 1c00a0d6 a0e516d3 flt.s            x13, f10, f14       x13=00000001 f10:411c604a f14:4213e25f
21384546ns          377495 1c00a0da 00069263 bne              x13, x0, 4          x13:00000001
21384645ns          377500 1c00a0de a0b716d3 flt.s            x13, f14, f11       x13=00000000 f14:4213e25f f11:3bcc6907
21384665ns          377501 1c00a0e2 84069063 bne              x13, x0, -4032      x13:00000000
21384685ns          377502 1c00a0e6 00e005b3 add              x11, x0, x14        x11=4213e25f x14:4213e25f
21384705ns          377503 1c00a0e8 83aff06f jal              x0, -4038          
21384904ns          377513 1c009122 1c0004b7 lui              x9, 0x1c000000       x9=1c000000
21384924ns          377514 1c009126 0204a703 lw               x14, 32(x9)         x14=3f800000  x9:1c000000  PA:1c000020
21385262ns          377531 1c00912a 18b77753 fdiv.s           f14, f14, f11       f14=xxxxxxxx f14:3f800000 f11:4213e25f
21385540ns          377545 1c00912e 105772d3 fmul.s           f5, f14, f5          f5=xxxxxxxx f14:3cdd9424  f5:c0761afd
21385560ns          377546 1c009132 10e7f7d3 fmul.s           f15, f15, f14       f15=xxxxxxxx f15:b87b1b55 f14:3cdd9424
21385580ns          377547 1c009136 00000513 addi             x10, x0, 0          x10=00000000
21385600ns          377548 1c00913a 28e676c3 fmadd.s          f13, f12, f14, f5   f13=xxxxxxxx f12:c11c604a f14:3cdd9424  f5:bdd503b7
21385660ns          377551 1c00913e 28e67e47 fmsub.s          f28, f12, f14, f5   f28=xxxxxxxx f12:c11c604a f14:3cdd9424  f5:bdd503b7
21385700ns          377553 1c009142 10f7f853 fmul.s           f16, f15, f15       f16=xxxxxxxx f15:b5d957e7 f15:b5d957e7
21385719ns          377554 1c009146 10f2f653 fmul.s           f12, f5, f15        f12=xxxxxxxx  f5:bdd503b7 f15:b5d957e7
21385739ns          377555 1c00914a 10e8f7d3 fmul.s           f15, f17, f14       f15=xxxxxxxx f17:4213e25f f14:3cdd9424
21385799ns          377558 1c00914e 1c000737 lui              x14, 0x1c000000     x14=1c000000
21385839ns          377560 1c009152 81c6f6c3 fmadd.s          f13, f13, f28, f16  f13=xxxxxxxx f13:bebc9a8b f28:be243160 f16:2c388624
21385859ns          377561 1c009156 03070713 addi             x14, x14, 48        x14=1c000030 x14:1c000000
21385879ns          377562 1c00915a 00072703 lw               x14, 0(x14)         x14=3f000000 x14:1c000030  PA:1c000030
21386177ns          377577 1c00915c 10c67653 fmul.s           f12, f12, f12       f12=xxxxxxxx f12:3434d94b f12:3434d94b
21386197ns          377578 1c009160 10e6f6d3 fmul.s           f13, f13, f14       f13=xxxxxxxx f13:3d71eec3 f14:3f000000
21386217ns          377579 1c009164 a0a6a753 feq.s            x14, f13, f10       x14=00000000 f13:3cf1eec3 f10:00000000
21386237ns          377580 1c009168 00070663 beq              x14, x0, 12         x14:00000000
21386356ns          377586 1c009174 00000513 addi             x10, x0, 0          x10=00000000
21386376ns          377587 1c009178 a0a69553 flt.s            x10, f13, f10       x10=00000000 f13:3cf1eec3 f10:00000000
21386396ns          377588 1c00917c 60d6f743 fmadd.s          f14, f13, f13, f12  f14=xxxxxxxx f13:3cf1eec3 f13:3cf1eec3 f12:28ff8494
21386455ns          377591 1c009180 58077753 fsqrt.s          f14, f14            f14=xxxxxxxx f14:3a64a36a
21386754ns          377606 1c009184 00050363 beq              x10, x0, 6          x10:00000000
21386833ns          377610 1c00918a 00e6f6d3 fadd.s           f13, f13, f14       f13=xxxxxxxx f13:3cf1eec3 f14:3cf1eec3
21386853ns          377611 1c00918e 18d67753 fdiv.s           f14, f12, f13       f14=xxxxxxxx f12:28ff8494 f13:3d71eec3
21387072ns          377622 1c009192 00f2f853 fadd.s           f16, f5, f15        f16=xxxxxxxx  f5:bdd503b7 f15:3f7fffff
21387351ns          377636 1c009196 0857f6d3 fsub.s           f13, f15, f5        f13=xxxxxxxx f15:3f7fffff  f5:bdd503b7
21387370ns          377637 1c00919a 18b375d3 fdiv.s           f11, f6, f11        f11=xxxxxxxx  f6:3bcc6907 f11:4213e25f
21387649ns          377651 1c00919e 10b7f7d3 fmul.s           f15, f15, f11       f15=xxxxxxxx f15:3f7fffff f11:3930ecf5
21387669ns          377652 1c0091a2 70d87843 fmadd.s          f16, f16, f13, f14  f16=xxxxxxxx f16:3f655f88 f13:3f8d503b f14:2b073005
21387689ns          377653 1c0091a6 5dfc4563 blt              x24, x31, 1482      x24:00000003 x31:00000001
21387709ns          377654 1c0091aa 002f9693 slli             x13, x31, 0x2       x13=00000004 x31:00000001
21387768ns          377657 1c0091ae 01f68333 add              x6, x13, x31         x6=00000005 x13:00000004 x31:00000001
21387788ns          377658 1c0091b2 00231313 slli             x6, x6, 0x2          x6=00000014  x6:00000005
21387808ns          377659 1c0091b4 058fc733 p.min            x14, x31, x24       x14=00000001 x31:00000001 x24:00000003
21387828ns          377660 1c0091b8 02c10893 addi             x17, x2, 44         x17=10000dc4  x2:10000d98
21387848ns          377661 1c0091bc 0e010993 addi             x19, x2, 224        x19=10000e78  x2:10000d98
21387907ns          377664 1c0091c0 ffc68a13 addi             x20, x13, -4        x20=00000000 x13:00000004
21387947ns          377666 1c0091c4 fec30e13 addi             x28, x6, -20        x28=00000000  x6:00000014
21387967ns          377667 1c0091c8 00d88ab3 add              x21, x17, x13       x21=10000dc8 x17:10000dc4 x13:00000004
21387987ns          377668 1c0091cc 00d98633 add              x12, x19, x13       x12=10000e7c x19:10000e78 x13:00000004
21388047ns          377671 1c0091d0 41f70b33 sub              x22, x14, x31       x22=00000000 x14:00000001 x31:00000001
21388086ns          377673 1c0091d4 04010393 addi             x7, x2, 64           x7=10000dd8  x2:10000d98
21388106ns          377674 1c0091d8 001f8693 addi             x13, x31, 1         x13=00000002 x31:00000001
21388126ns          377675 1c0091dc 00170713 addi             x14, x14, 1         x14=00000002 x14:00000001
21388186ns          377678 1c0091de 006c8eb3 add              x29, x25, x6        x29=10000f34 x25:10000f20  x6:00000014
21388226ns          377680 1c0091e2 01488bb3 add              x23, x17, x20       x23=10000dc4 x17:10000dc4 x20:00000000
21388246ns          377681 1c0091e6 01cc8f33 add              x30, x25, x28       x30=10000f20 x25:10000f20 x28:00000000
21388265ns          377682 1c0091ea f5c62503 lw               x10, -164(x12)      x10=3bcc6907 x12:10000e7c  PA:10000dd8
21388325ns          377685 1c0091ee ffcaa583 lw               x11, -4(x21)        x11=4213e25f x21:10000dc8  PA:10000dc4
21388345ns          377686 1c0091f2 01a30333 add              x6, x6, x26          x6=10000ed0  x6:00000014 x26:10000ebc
21388365ns          377687 1c0091f4 007a0a33 add              x20, x20, x7        x20=10000dd8 x20:00000000  x7:10000dd8
21388385ns          377688 1c0091f6 01ae0e33 add              x28, x28, x26       x28=10000ebc x28:00000000 x26:10000ebc
21388405ns          377689 1c0091f8 00000293 addi             x5, x0, 0            x5=00000000
21388425ns          377690 1c0091fc 001b0b13 addi             x22, x22, 1         x22=00000001 x22:00000000
21388464ns          377692 1c0091fe 00d75463 bge              x14, x13, 8         x14:00000002 x13:00000002
21388544ns          377696 1c009206 145b40fb lp.setup         0x1, x22, 0x145     x22:00000001
21388564ns          377697 1c00920a a0581753 flt.s            x14, f16, f5        x14=00000000 f16:3f7d3b01  f5:00000000
21388584ns          377698 1c00920e 01000633 add              x12, x0, x16        x12=3f7d3b01 x16:3f7d3b01
21388624ns          377700 1c009210 00070363 beq              x14, x0, 6          x14:00000000
21388703ns          377704 1c009216 a0579753 flt.s            x14, f15, f5        x14=00000000 f15:3930ecf4  f5:00000000
21388723ns          377705 1c00921a 00f008b3 add              x17, x0, x15        x17=3930ecf4 x15:3930ecf4
21388743ns          377706 1c00921c 00070363 beq              x14, x0, 6          x14:00000000
21388842ns          377711 1c009222 a0c89753 flt.s            x14, f17, f12       x14=00000001 f17:3930ecf4 f12:3f7d3b01
21388862ns          377712 1c009226 010006b3 add              x13, x0, x16        x13=3f7d3b01 x16:3f7d3b01
21388882ns          377713 1c009228 00071263 bne              x14, x0, 4          x14:00000001
21388982ns          377718 1c00922c 01167753 fadd.s           f14, f12, f17       f14=xxxxxxxx f12:3f7d3b01 f17:3930ecf4
21389001ns          377719 1c009230 a05723d3 feq.s            x7, f14, f5          x7=00000000 f14:3f7d4610  f5:00000000
21389021ns          377720 1c009234 00038463 beq              x7, x0, 8            x7:00000000
21389081ns          377723 1c00923c 1c000437 lui              x8, 0x1c000000       x8=1c000000
21389141ns          377726 1c009240 02040413 addi             x8, x8, 32           x8=1c000020  x8:1c000000
21389180ns          377728 1c009244 00042403 lw               x8, 0(x8)            x8=3f800000  x8:1c000020  PA:1c000020
21389499ns          377744 1c009246 18e473d3 fdiv.s           f7, f8, f14          f7=xxxxxxxx  f8:3f800000 f14:3f7d4610
21389777ns          377758 1c00924a 1078f8d3 fmul.s           f17, f17, f7        f17=xxxxxxxx f17:3930ecf4  f7:3f8160ba
21389797ns          377759 1c00924e 10767653 fmul.s           f12, f12, f7        f12=xxxxxxxx f12:3f7d3b01  f7:3f8160ba
21389817ns          377760 1c009252 a05696d3 flt.s            x13, f13, f5        x13=00000000 f13:3f7d3b01  f5:00000000
21389837ns          377761 1c009256 1118f8d3 fmul.s           f17, f17, f17       f17=xxxxxxxx f17:3932d481 f17:3932d481
21389857ns          377762 1c00925a 88c67643 fmadd.s          f12, f12, f12, f17  f12=xxxxxxxx f12:3f7ff4d3 f12:3f7ff4d3 f17:32f9d868
21389916ns          377765 1c00925e 58067653 fsqrt.s          f12, f12            f12=xxxxxxxx f12:3f7fe9a7
21390215ns          377780 1c009262 10c77753 fmul.s           f14, f14, f12       f14=xxxxxxxx f14:3f7d4610 f12:3f7ff4d3
21390235ns          377781 1c009266 00068363 beq              x13, x0, 6          x13:00000000
21390354ns          377787 1c00926c 1c0004b7 lui              x9, 0x1c000000       x9=1c000000
21390374ns          377788 1c009270 02048493 addi             x9, x9, 32           x9=1c000020  x9:1c000000
21390394ns          377789 1c009274 0004a483 lw               x9, 0(x9)            x9=3f800000  x9:1c000020  PA:1c000020
21390712ns          377805 1c009276 18e4f753 fdiv.s           f14, f9, f14        f14=xxxxxxxx  f9:3f800000 f14:3f7d3b01
21391468ns          377843 1c00927a 10e87653 fmul.s           f12, f16, f14       f12=xxxxxxxx f16:3f7d3b01 f14:3f816660
21391488ns          377844 1c00927e 10e7f7d3 fmul.s           f15, f15, f14       f15=xxxxxxxx f15:3930ecf4 f14:3f816660
21391508ns          377845 1c009282 000e2683 lw               x13, 0(x28)         x13=3eb9517a x28:10000ebc  PA:10000ebc
21391528ns          377846 1c009286 00032803 lw               x16, 0(x6)          x16=bee6c87e  x6:10000ed0  PA:10000ed0
21391547ns          377847 1c00928a 10d7f3d3 fmul.s           f7, f15, f13         f7=xxxxxxxx f15:3932dc4f f13:3eb9517a
21391607ns          377850 1c00928e 1107f8d3 fmul.s           f17, f15, f16       f17=xxxxxxxx f15:3932dc4f f16:bee6c87e
21391647ns          377852 1c009292 10f57753 fmul.s           f14, f10, f15       f14=xxxxxxxx f10:3bcc6907 f15:3932dc4f
21391667ns          377853 1c009296 39067847 fmsub.s          f16, f12, f16, f7   f16=xxxxxxxx f12:3f800000 f16:bee6c87e  f7:38817a22
21391687ns          377854 1c00929a 88d676c3 fmadd.s          f13, f12, f13, f17  f13=xxxxxxxx f12:3f800000 f13:3eb9517a f17:b8a13e03
21391746ns          377857 1c00929e 10b7f3d3 fmul.s           f7, f15, f11         f7=xxxxxxxx f15:3932dc4f f11:4213e25f
21391786ns          377859 1c0092a2 01032023 sw               x16, 0(x6)          x16:bee6d096  x6:10000ed0  PA:10000ed0
21391806ns          377860 1c0092a6 00de2023 sw               x13, 0(x28)         x13:3eb94766 x28:10000ebc  PA:10000ebc
21391826ns          377861 1c0092aa 004e2803 lw               x16, 4(x28)         x16=3ef86af9 x28:10000ebc  PA:10000ec0
21391905ns          377865 1c0092ae 00432883 lw               x17, 4(x6)          x17=3eb7e653  x6:10000ed0  PA:10000ed4
21391945ns          377867 1c0092b2 1107f453 fmul.s           f8, f15, f16         f8=xxxxxxxx f15:3932dc4f f16:3ef86af9
21391965ns          377868 1c0092b6 1117f6d3 fmul.s           f13, f15, f17       f13=xxxxxxxx f15:3932dc4f f17:3eb7e653
21391985ns          377869 1c0092ba 70b67743 fmadd.s          f14, f12, f11, f14  f14=xxxxxxxx f12:3f800000 f11:4213e25f f14:358ed0f0
21392045ns          377872 1c0092be 411678c7 fmsub.s          f17, f12, f17, f8   f17=xxxxxxxx f12:3f800000 f17:3eb7e653  f8:38ad902a
21392085ns          377874 1c0092c2 69067843 fmadd.s          f16, f12, f16, f13  f16=xxxxxxxx f12:3f800000 f16:3ef86af9 f13:38807c68
21392104ns          377875 1c0092c6 38c576c7 fmsub.s          f13, f10, f12, f7   f13=xxxxxxxx f10:3bcc6907 f12:3f800000  f7:3bcea554
21392124ns          377876 1c0092ca 01132223 sw               x17, 4(x6)          x17:3eb7db7a  x6:10000ed0  PA:10000ed4
21392184ns          377879 1c0092ce 008e2583 lw               x11, 8(x28)         x11=3f084a86 x28:10000ebc  PA:10000ec4
21392224ns          377881 1c0092d2 010e2223 sw               x16, 4(x28)         x16:3ef87301 x28:10000ebc  PA:10000ec0
21392244ns          377882 1c0092d6 00832803 lw               x16, 8(x6)          x16=3e88f6f8  x6:10000ed0  PA:10000ed8
21392264ns          377883 1c0092da 10b7f8d3 fmul.s           f17, f15, f11       f17=xxxxxxxx f15:3932dc4f f11:3f084a86
21392323ns          377886 1c0092de 1107f553 fmul.s           f10, f15, f16       f10=xxxxxxxx f15:3932dc4f f16:3e88f6f8
21392363ns          377888 1c0092e2 a05713d3 flt.s            x7, f14, f5          x7=00000000 f14:4213e25f  f5:00000000
21392383ns          377889 1c0092e6 890678c7 fmsub.s          f17, f12, f16, f17  f17=xxxxxxxx f12:3f800000 f16:3e88f6f8 f17:38be7237
21392403ns          377890 1c0092ea 50b67543 fmadd.s          f10, f12, f11, f10  f10=xxxxxxxx f12:3f800000 f11:3f084a86 f10:383f632e
21392462ns          377893 1c0092ee 000aa803 lw               x16, 0(x21)         x16=415ad9f4 x21:10000dc8  PA:10000dc8
21392502ns          377895 1c0092f2 01132423 sw               x17, 8(x6)          x17:3e88eb11  x6:10000ed0  PA:10000ed8
21392522ns          377896 1c0092f6 00ce2583 lw               x11, 12(x28)        x11=3ee53ad1 x28:10000ebc  PA:10000ec8
21392542ns          377897 1c0092fa 00ae2423 sw               x10, 8(x28)         x10:3f084d84 x28:10000ebc  PA:10000ec4
21392602ns          377900 1c0092fe 00c32403 lw               x8, 12(x6)           x8=bf2bfee5  x6:10000ed0  PA:10000edc
21392641ns          377902 1c009302 10b7f8d3 fmul.s           f17, f15, f11       f17=xxxxxxxx f15:3932dc4f f11:3ee53ad1
21392661ns          377903 1c009306 1087f553 fmul.s           f10, f15, f8        f10=xxxxxxxx f15:3932dc4f  f8:bf2bfee5
21392681ns          377904 1c00930a 00da222b p.sw             x13, 4(x20!)        x20=10000ddc x13:b88f1340 x20:10000dd8  PA:10000dd8
21392741ns          377907 1c00930e 88867447 fmsub.s          f8, f12, f8, f17     f8=xxxxxxxx f12:3f800000  f8:bf2bfee5 f17:38a0282b
21392781ns          377909 1c009312 50b67543 fmadd.s          f10, f12, f11, f10  f10=xxxxxxxx f12:3f800000 f11:3ee53ad1 f10:b8f0567f
21392801ns          377910 1c009316 10f875d3 fmul.s           f11, f16, f15       f11=xxxxxxxx f16:415ad9f4 f15:3932dc4f
21392820ns          377911 1c00931a 00832623 sw               x8, 12(x6)           x8:bf2c03e6  x6:10000ed0  PA:10000edc
21392880ns          377914 1c00931e 010e2403 lw               x8, 16(x28)          x8=3ec618c5 x28:10000ebc  PA:10000ecc
21392920ns          377916 1c009322 00ae2623 sw               x10, 12(x28)        x10:3ee52bcc x28:10000ebc  PA:10000ec8
21392940ns          377917 1c009326 01032503 lw               x10, 16(x6)         x10=3ec2dee7  x6:10000ed0  PA:10000ee0
21392960ns          377918 1c00932a 1087f4d3 fmul.s           f9, f15, f8          f9=xxxxxxxx f15:3932dc4f  f8:3ec618c5
21393019ns          377921 1c00932e 10a7f7d3 fmul.s           f15, f15, f10       f15=xxxxxxxx f15:3932dc4f f10:3ec2dee7
21393059ns          377923 1c009332 10c878d3 fmul.s           f17, f16, f12       f17=xxxxxxxx f16:415ad9f4 f12:3f800000
21393079ns          377924 1c009336 48a67547 fmsub.s          f10, f12, f10, f9   f10=xxxxxxxx f12:3f800000 f10:3ec2dee7  f9:388a67b3
21393099ns          377925 1c00933a 788677c3 fmadd.s          f15, f12, f8, f15   f15=xxxxxxxx f12:3f800000  f8:3ec618c5 f15:388826b0
21393159ns          377928 1c00933e 00a32823 sw               x10, 16(x6)         x10:3ec2d641  x6:10000ed0  PA:10000ee0
21393198ns          377930 1c009342 00fe2823 sw               x15, 16(x28)        x15:3ec62147 x28:10000ebc  PA:10000ecc
21393218ns          377931 1c009346 00e007b3 add              x15, x0, x14        x15=4213e25f x14:4213e25f
21393238ns          377932 1c009348 00038463 beq              x7, x0, 8            x7:00000000
21393358ns          377938 1c009350 a0559653 flt.s            x12, f11, f5        x12=00000000 f11:3b18e7e2  f5:00000000
21393377ns          377939 1c009354 700616e3 bne              x12, x0, 3852       x12:00000000
21393397ns          377940 1c009358 00b00633 add              x12, x0, x11        x12=3b18e7e2 x11:3b18e7e2
21393417ns          377941 1c00935a a0f61553 flt.s            x10, f12, f15       x10=00000001 f12:3b18e7e2 f15:4213e25f
21393437ns          377942 1c00935e 00e00833 add              x16, x0, x14        x16=4213e25f x14:4213e25f
21393477ns          377944 1c009360 00051263 bne              x10, x0, 4          x10:00000001
21393537ns          377947 1c009364 00c7f453 fadd.s           f8, f15, f12         f8=xxxxxxxx f15:4213e25f f12:3b18e7e2
21393556ns          377948 1c009368 a05423d3 feq.s            x7, f8, f5           x7=00000000  f8:4213e4c3  f5:00000000
21393576ns          377949 1c00936c 6a0397e3 bne              x7, x0, 3758         x7:00000000
21393636ns          377952 1c009370 1c0009b7 lui              x19, 0x1c000000     x19=1c000000
21393676ns          377954 1c009374 02098993 addi             x19, x19, 32        x19=1c000020 x19:1c000000
21393696ns          377955 1c009378 0009a983 lw               x19, 0(x19)         x19=3f800000 x19:1c000020  PA:1c000020
21394014ns          377971 1c00937c 1889f3d3 fdiv.s           f7, f19, f8          f7=xxxxxxxx f19:3f800000  f8:4213e4c3
21394292ns          377985 1c009380 10767653 fmul.s           f12, f12, f7        f12=xxxxxxxx f12:3b18e7e2  f7:3cdd9090
21394312ns          377986 1c009384 1077f7d3 fmul.s           f15, f15, f7        f15=xxxxxxxx f15:4213e25f  f7:3cdd9090
21394332ns          377987 1c009388 a0581853 flt.s            x16, f16, f5        x16=00000000 f16:4213e25f  f5:00000000
21394352ns          377988 1c00938c 10c67653 fmul.s           f12, f12, f12       f12=xxxxxxxx f12:38845687 f12:38845687
21394392ns          377990 1c009390 60f7f7c3 fmadd.s          f15, f15, f15, f12  f15=xxxxxxxx f15:3f7ffbdd f15:3f7ffbdd f12:3188d2b1
21394432ns          377992 1c009394 5807f7d3 fsqrt.s          f15, f15            f15=xxxxxxxx f15:3f7ff7ba
21394710ns          378006 1c009398 10f47453 fmul.s           f8, f8, f15          f8=xxxxxxxx  f8:4213e4c3 f15:3f7ffbdd
21394730ns          378007 1c00939c 00080463 beq              x16, x0, 8          x16:00000000
21394790ns          378010 1c0093a4 1c0003b7 lui              x7, 0x1c000000       x7=1c000000
21394810ns          378011 1c0093a8 02038393 addi             x7, x7, 32           x7=1c000020  x7:1c000000
21394829ns          378012 1c0093ac 0003a383 lw               x7, 0(x7)            x7=3f800000  x7:1c000020  PA:1c000020
21395168ns          378029 1c0093b0 1883f7d3 fdiv.s           f15, f7, f8         f15=xxxxxxxx  f7:3f800000  f8:4213e25f
21395446ns          378043 1c0093b4 10f77653 fmul.s           f12, f14, f15       f12=xxxxxxxx f14:4213e25f f15:3cdd9424
21395466ns          378044 1c0093b8 10f5f3d3 fmul.s           f7, f11, f15         f7=xxxxxxxx f11:3b18e7e2 f15:3cdd9424
21395486ns          378045 1c0093bc 10c6f853 fmul.s           f16, f13, f12       f16=xxxxxxxx f13:b88f1340 f12:3f7fffff
21395506ns          378046 1c0093c0 207395d3 fsgnjn.s         f11, f7, f7         f11=xxxxxxxx  f7:388458aa  f7:388458aa
21395526ns          378047 1c0093c4 000f2783 lw               x15, 0(x30)         x15=3ed23d9f x30:10000f20  PA:10000f20
21395546ns          378048 1c0093c8 000ea483 lw               x9, 0(x29)           x9=bdd3832e x29:10000f34  PA:10000f34
21395565ns          378049 1c0093cc 1077f953 fmul.s           f18, f15, f7        f18=xxxxxxxx f15:3ed23d9f  f7:388458aa
21395605ns          378051 1c0093d0 1074f553 fmul.s           f10, f9, f7         f10=xxxxxxxx  f9:bdd3832e  f7:388458aa
21395645ns          378053 1c0093d4 10c8f753 fmul.s           f14, f17, f12       f14=xxxxxxxx f17:415ad9f4 f12:3f7fffff
21395665ns          378054 1c0093d8 90c4f4c7 fmsub.s          f9, f9, f12, f18     f9=xxxxxxxx  f9:bdd3832e f12:3f7fffff f18:37d9612e
21395685ns          378055 1c0093dc 50c7f543 fmadd.s          f10, f15, f12, f10  f10=xxxxxxxx f15:3ed23d9f f12:3f7fffff f10:b6dab1cb
21395744ns          378058 1c0093e0 70b6f5c3 fmadd.s          f11, f13, f11, f14  f11=xxxxxxxx f13:b88f1340 f11:b88458aa f14:415ad9f3
21395784ns          378060 1c0093e4 009ea023 sw               x9, 0(x29)           x9:bdd390c3 x29:10000f34  PA:10000f34
21395804ns          378061 1c0093e8 00af2023 sw               x10, 0(x30)         x10:3ed23cc3 x30:10000f20  PA:10000f20
21395824ns          378062 1c0093ec 004f2503 lw               x10, 4(x30)         x10=3effbde1 x30:10000f20  PA:10000f24
21395884ns          378065 1c0093f0 004ea483 lw               x9, 4(x29)           x9=3e2ae9ba x29:10000f34  PA:10000f38
21395923ns          378067 1c0093f4 10a3f9d3 fmul.s           f19, f7, f10        f19=xxxxxxxx  f7:388458aa f10:3effbde1
21395943ns          378068 1c0093f8 1093f953 fmul.s           f18, f7, f9         f18=xxxxxxxx  f7:388458aa  f9:3e2ae9ba
21395963ns          378069 1c0093fc 008ba22b p.sw             x8, 4(x23!)         x23=10000dc8  x8:4213e25f x23:10000dc4  PA:10000dc4
21396023ns          378072 1c009400 989674c7 fmsub.s          f9, f12, f9, f19     f9=xxxxxxxx f12:3f7fffff  f9:3e2ae9ba f19:3804367b
21396063ns          378074 1c009404 90a67743 fmadd.s          f14, f12, f10, f18  f14=xxxxxxxx f12:3f7fffff f10:3effbde1 f18:3730b76b
21396083ns          378075 1c009408 8078f843 fmadd.s          f16, f17, f7, f16   f16=xxxxxxxx f17:415ad9f4  f7:388458aa f16:b88f133f
21396102ns          378076 1c00940c 009ea223 sw               x9, 4(x29)           x9:3e2ae176 x29:10000f34  PA:10000f38
21396162ns          378079 1c009410 00ef2223 sw               x14, 4(x30)         x14:3effbf41 x30:10000f20  PA:10000f24
21396202ns          378081 1c009414 008f2703 lw               x14, 8(x30)         x14=3ec848ad x30:10000f20  PA:10000f28
21396222ns          378082 1c009418 008ea483 lw               x9, 8(x29)           x9=3f112dfb x29:10000f34  PA:10000f3c
21396242ns          378083 1c00941c 10e3f953 fmul.s           f18, f7, f14        f18=xxxxxxxx  f7:388458aa f14:3ec848ad
21396301ns          378086 1c009420 1093f6d3 fmul.s           f13, f7, f9         f13=xxxxxxxx  f7:388458aa  f9:3f112dfb
21396341ns          378088 1c009424 000a2783 lw               x15, 0(x20)         x15=be454143 x20:10000ddc  PA:10000ddc
21396361ns          378089 1c009428 909674c7 fmsub.s          f9, f12, f9, f18     f9=xxxxxxxx f12:3f7fffff  f9:3f112dfb f18:37cf15ae
21396381ns          378090 1c00942c 68e676c3 fmadd.s          f13, f12, f14, f13  f13=xxxxxxxx f12:3f7fffff f14:3ec848ad f13:38161bfb
21396441ns          378093 1c009430 10c7f553 fmul.s           f10, f15, f12       f10=xxxxxxxx f15:be454143 f12:3f7fffff
21396480ns          378095 1c009434 009ea423 sw               x9, 8(x29)           x9:3f112c5c x29:10000f34  PA:10000f3c
21396500ns          378096 1c009438 00cf2703 lw               x14, 12(x30)        x14=3ef6a3c8 x30:10000f20  PA:10000f2c
21396520ns          378097 1c00943c 00df2423 sw               x13, 8(x30)         x13:3ec84d5d x30:10000f20  PA:10000f28
21396580ns          378100 1c009440 00cea683 lw               x13, 12(x29)        x13=bf439277 x29:10000f34  PA:10000f40
21396620ns          378102 1c009444 10e3f4d3 fmul.s           f9, f7, f14          f9=xxxxxxxx  f7:388458aa f14:3ef6a3c8
21396639ns          378103 1c009448 10d3f453 fmul.s           f8, f7, f13          f8=xxxxxxxx  f7:388458aa f13:bf439277
21396659ns          378104 1c00944c 00baa22b p.sw             x11, 4(x21!)        x21=10000dcc x11:415ad9f3 x21:10000dc8  PA:10000dc8
21396719ns          378107 1c009450 48d676c7 fmsub.s          f13, f12, f13, f9   f13=xxxxxxxx f12:3f7fffff f13:bf439277  f9:37ff03be
21396759ns          378109 1c009454 40e67743 fmadd.s          f14, f12, f14, f8   f14=xxxxxxxx f12:3f7fffff f14:3ef6a3c8  f8:b84a3683
21396779ns          378110 1c009458 00aa2023 sw               x10, 0(x20)         x10:be454142 x20:10000ddc  PA:10000ddc
21396799ns          378111 1c00945c 00dea623 sw               x13, 12(x29)        x13:bf439474 x29:10000f34  PA:10000f40
21396858ns          378114 1c009460 010f2883 lw               x17, 16(x30)        x17=3ee324c7 x30:10000f20  PA:10000f30
21396898ns          378116 1c009464 00ef2623 sw               x14, 12(x30)        x14:3ef69d75 x30:10000f20  PA:10000f2c
21396918ns          378117 1c009468 010ea683 lw               x13, 16(x29)        x13=3e72d715 x29:10000f34  PA:10000f44
21396938ns          378118 1c00946c 1113f453 fmul.s           f8, f7, f17          f8=xxxxxxxx  f7:388458aa f17:3ee324c7
21396998ns          378121 1c009470 10d3f753 fmul.s           f14, f7, f13        f14=xxxxxxxx  f7:388458aa f13:3e72d715
21397037ns          378123 1c009474 1077f7d3 fmul.s           f15, f15, f7        f15=xxxxxxxx f15:be454143  f7:388458aa
21397057ns          378124 1c009478 40d676c7 fmsub.s          f13, f12, f13, f8   f13=xxxxxxxx f12:3f7fffff f13:3e72d715  f8:37eadb44
21397077ns          378125 1c00947c 71167743 fmadd.s          f14, f12, f17, f14  f14=xxxxxxxx f12:3f7fffff f17:3ee324c7 f14:377b1604
21397137ns          378128 1c009480 001f8f93 addi             x31, x31, 1         x31=00000002 x31:00000001
21397177ns          378130 1c009482 00dea823 sw               x13, 16(x29)        x13:3e72cfbd x29:10000f34  PA:10000f44
21397196ns          378131 1c009486 00ef2823 sw               x14, 16(x30)        x14:3ee326bc x30:10000f20  PA:10000f30
21397216ns          378132 1c00948a 014e8e93 addi             x29, x29, 20        x29=10000f48 x29:10000f34
21397236ns          378133 1c00948c 01430313 addi             x6, x6, 20           x6=10000ee4  x6:10000ed0
21397256ns          378134 1c00948e 014f0f13 addi             x30, x30, 20        x30=10000f34 x30:10000f20
21397276ns          378135 1c009490 014e0e13 addi             x28, x28, 20        x28=10000ed0 x28:10000ebc
21397316ns          378137 1c009492 2dfc4f63 blt              x24, x31, 734       x24:00000003 x31:00000002
21397336ns          378138 1c009496 002f9713 slli             x14, x31, 0x2       x14=00000008 x31:00000002
21397356ns          378139 1c00949a ffc70b13 addi             x22, x14, -4        x22=00000004 x14:00000008
21397793ns          378161 1c00949e 002c1913 slli             x18, x24, 0x2       x18=0000000c x24:00000003
21397833ns          378163 1c0094a2 01f70633 add              x12, x14, x31       x12=0000000a x14:00000008 x31:00000002
21397853ns          378164 1c0094a6 41690933 sub              x18, x18, x22       x18=00000008 x18:0000000c x22:00000004
21397873ns          378165 1c0094aa 02c10513 addi             x10, x2, 44         x10=10000dc4  x2:10000d98
21397893ns          378166 1c0094ac 04010593 addi             x11, x2, 64         x11=10000dd8  x2:10000d98
21397913ns          378167 1c0094ae 00261613 slli             x12, x12, 0x2       x12=00000028 x12:0000000a
21397932ns          378168 1c0094b0 00e50ab3 add              x21, x10, x14       x21=10000dcc x10:10000dc4 x14:00000008
21397972ns          378170 1c0094b4 00e58a33 add              x20, x11, x14       x20=10000de0 x11:10000dd8 x14:00000008
21397992ns          378171 1c0094b8 ffc90913 addi             x18, x18, -4        x18=00000004 x18:00000008
21398012ns          378172 1c0094ba ff870713 addi             x14, x14, -8        x14=00000000 x14:00000008
21398032ns          378173 1c0094bc 04010693 addi             x13, x2, 64         x13=10000dd8  x2:10000d98
21398450ns          378194 1c0094be fec60e13 addi             x28, x12, -20       x28=00000014 x12:00000028
21398489ns          378196 1c0094c2 00295913 srli             x18, x18, 0x2       x18=00000001 x18:00000004
21398509ns          378197 1c0094c6 00e689b3 add              x19, x13, x14       x19=10000dd8 x13:10000dd8 x14:00000000
21398529ns          378198 1c0094ca ffcaa583 lw               x11, -4(x21)        x11=415ad9f3 x21:10000dcc  PA:10000dc8
21398549ns          378199 1c0094ce 02c10713 addi             x14, x2, 44         x14=10000dc4  x2:10000d98
21398589ns          378201 1c0094d0 ffca2503 lw               x10, -4(x20)        x10=be454142 x20:10000de0  PA:10000ddc
21398629ns          378203 1c0094d4 00cc8f33 add              x30, x25, x12       x30=10000f48 x25:10000f20 x12:00000028
21398648ns          378204 1c0094d8 01cc8eb3 add              x29, x25, x28       x29=10000f34 x25:10000f20 x28:00000014
21398668ns          378205 1c0094dc 01a60633 add              x12, x12, x26       x12=10000ee4 x12:00000028 x26:10000ebc
21398688ns          378206 1c0094de 01ae0e33 add              x28, x28, x26       x28=10000ed0 x28:00000014 x26:10000ebc
21398728ns          378208 1c0094e0 00eb0b33 add              x22, x22, x14       x22=10000dc8 x22:00000004 x14:10000dc4
21398768ns          378210 1c0094e2 00000f93 addi             x31, x0, 0          x31=00000000
21398788ns          378211 1c0094e6 00190913 addi             x18, x18, 1         x18=00000002 x18:00000001
21398808ns          378212 1c0094e8 142940fb lp.setup         0x1, x18, 0x142     x18:00000002
21398827ns          378213 1c0094ec a1f81753 flt.s            x14, f16, f31       x14=00000000 f16:3a5065f4 f31:00000000
21398867ns          378215 1c0094f0 010002b3 add              x5, x0, x16          x5=3a5065f4 x16:3a5065f4
21398887ns          378216 1c0094f2 00070363 beq              x14, x0, 6          x14:00000000
21398947ns          378219 1c0094f8 a1f79753 flt.s            x14, f15, f31       x14=00000001 f15:b74bf3f0 f31:00000000
21398967ns          378220 1c0094fc 00f006b3 add              x13, x0, x15        x13=b74bf3f0 x15:b74bf3f0
21398987ns          378221 1c0094fe 00070363 beq              x14, x0, 6          x14:00000001
21399404ns          378242 1c009500 20f796d3 fsgnjn.s         f13, f15, f15       f13=xxxxxxxx f15:b74bf3f0 f15:b74bf3f0
21399444ns          378244 1c009504 a0569753 flt.s            x14, f13, f5        x14=00000001 f13:374bf3f0  f5:3a5065f4
21399464ns          378245 1c009508 01000333 add              x6, x0, x16          x6=3a5065f4 x16:3a5065f4
21399484ns          378246 1c00950a 00071263 bne              x14, x0, 4          x14:00000001
21399603ns          378252 1c00950e 0056f753 fadd.s           f14, f13, f5        f14=xxxxxxxx f13:374bf3f0  f5:3a5065f4
21399623ns          378253 1c009512 a1f728d3 feq.s            x17, f14, f31       x17=00000000 f14:3a5395c4 f31:00000000
21399643ns          378254 1c009516 52089be3 bne              x17, x0, 3382       x17:00000000
21399663ns          378255 1c00951a 1c0003b7 lui              x7, 0x1c000000       x7=1c000000
21399723ns          378258 1c00951e 02038393 addi             x7, x7, 32           x7=1c000020  x7:1c000000
21399762ns          378260 1c009522 0003a383 lw               x7, 0(x7)            x7=3f800000  x7:1c000020  PA:1c000020
21400081ns          378276 1c009526 18e3f8d3 fdiv.s           f17, f7, f14        f17=xxxxxxxx  f7:3f800000 f14:3a5395c4
21400399ns          378292 1c00952a 10d8f6d3 fmul.s           f13, f17, f13       f13=xxxxxxxx f17:449ade83 f13:374bf3f0
21400419ns          378293 1c00952e 1058f8d3 fmul.s           f17, f17, f5        f17=xxxxxxxx f17:449ade83  f5:3a5065f4
21400439ns          378294 1c009532 a1f312d3 flt.s            x5, f6, f31          x5=00000000  f6:3a5065f4 f31:00000000
21400459ns          378295 1c009536 10d6f6d3 fmul.s           f13, f13, f13       f13=xxxxxxxx f13:3c76c409 f13:3c76c409
21400478ns          378296 1c00953a 6918f6c3 fmadd.s          f13, f17, f17, f13  f13=xxxxxxxx f17:3f7c24f0 f17:3f7c24f0 f13:396ddd57
21400538ns          378299 1c00953e 5806f353 fsqrt.s          f6, f13              f6=xxxxxxxx f13:3f78679c
21400817ns          378313 1c009542 10e37353 fmul.s           f6, f6, f14          f6=xxxxxxxx  f6:3f7c2c7c f14:3a5395c4
21400836ns          378314 1c009546 00028463 beq              x5, x0, 8            x5:00000000
21400916ns          378318 1c00954e 1c000437 lui              x8, 0x1c000000       x8=1c000000
21400936ns          378319 1c009552 02040413 addi             x8, x8, 32           x8=1c000020  x8:1c000000
21400956ns          378320 1c009556 00042403 lw               x8, 0(x8)            x8=3f800000  x8:1c000020  PA:1c000020
21401274ns          378336 1c009558 18647753 fdiv.s           f14, f8, f6         f14=xxxxxxxx  f8:3f800000  f6:3a506c31
21401652ns          378355 1c00955c 10e876d3 fmul.s           f13, f16, f14       f13=xxxxxxxx f16:3a5065f4 f14:449d3812
21401672ns          378356 1c009560 10e7f7d3 fmul.s           f15, f15, f14       f15=xxxxxxxx f15:b74bf3f0 f14:449d3812
21401692ns          378357 1c009564 000e2703 lw               x14, 0(x28)         x14=bee6d096 x28:10000ed0  PA:10000ed0
21401712ns          378358 1c009568 00062803 lw               x16, 0(x12)         x16=bf05a29c x12:10000ee4  PA:10000ee4
21401732ns          378359 1c00956c 10e7f3d3 fmul.s           f7, f15, f14         f7=xxxxxxxx f15:bc7a828c f14:bee6d096
21401771ns          378361 1c009570 1107f2d3 fmul.s           f5, f15, f16         f5=xxxxxxxx f15:bc7a828c f16:bf05a29c
21401811ns          378363 1c009574 10f578d3 fmul.s           f17, f10, f15       f17=xxxxxxxx f10:be454142 f15:bc7a828c
21401831ns          378364 1c009578 3906f847 fmsub.s          f16, f13, f16, f7   f16=xxxxxxxx f13:3f7ff857 f16:bf05a29c  f7:3be1dd67
21401851ns          378365 1c00957c 28e6f743 fmadd.s          f14, f13, f14, f5   f14=xxxxxxxx f13:3f7ff857 f14:bee6d096  f5:3c02c4f2
21401911ns          378368 1c009580 88d5f8c3 fmadd.s          f17, f11, f13, f17  f17=xxxxxxxx f11:415ad9f3 f13:3f7ff857 f17:3b410651
21401950ns          378370 1c009584 01062023 sw               x16, 0(x12)         x16:bf076257 x12:10000ee4  PA:10000ee4
21401970ns          378371 1c009588 00ee2023 sw               x14, 0(x28)         x14:bee2b386 x28:10000ed0  PA:10000ed0
21401990ns          378372 1c00958c 004e2703 lw               x14, 4(x28)         x14=3eb7db7a x28:10000ed0  PA:10000ed4
21402050ns          378375 1c009590 00462803 lw               x16, 4(x12)         x16=bf112962 x12:10000ee4  PA:10000ee8
21402090ns          378377 1c009594 10e7f453 fmul.s           f8, f15, f14         f8=xxxxxxxx f15:bc7a828c f14:3eb7db7a
21402109ns          378378 1c009598 10f873d3 fmul.s           f7, f16, f15         f7=xxxxxxxx f16:bf112962 f15:bc7a828c
21402129ns          378379 1c00959c 10f5f2d3 fmul.s           f5, f11, f15         f5=xxxxxxxx f11:415ad9f3 f15:bc7a828c
21402189ns          378382 1c0095a0 40d87847 fmsub.s          f16, f16, f13, f8   f16=xxxxxxxx f16:bf112962 f13:3f7ff857  f8:bbb3ea17
21402229ns          378384 1c0095a4 38e6f743 fmadd.s          f14, f13, f14, f7   f14=xxxxxxxx f13:3f7ff857 f14:3eb7db7a  f7:3c0e0c70
21402249ns          378385 1c0095a8 0069a22b p.sw             x6, 4(x19!)         x19=10000ddc  x6:3a506c31 x19:10000dd8  PA:10000dd8
21402269ns          378386 1c0095ac 01062223 sw               x16, 4(x12)         x16:bf0fbd36 x12:10000ee4  PA:10000ee8
21402328ns          378389 1c0095b0 00ee2223 sw               x14, 4(x28)         x14:3ebc465d x28:10000ed0  PA:10000ed4
21402368ns          378391 1c0095b4 008e2703 lw               x14, 8(x28)         x14=3e88eb11 x28:10000ed0  PA:10000ed8
21402388ns          378392 1c0095b8 00862803 lw               x16, 8(x12)         x16=3f0c99cd x12:10000ee4  PA:10000eec
21402408ns          378393 1c0095bc 10f773d3 fmul.s           f7, f14, f15         f7=xxxxxxxx f14:3e88eb11 f15:bc7a828c
21402467ns          378396 1c0095c0 10f875d3 fmul.s           f11, f16, f15       f11=xxxxxxxx f16:3f0c99cd f15:bc7a828c
21402507ns          378398 1c0095c4 28d57547 fmsub.s          f10, f10, f13, f5   f10=xxxxxxxx f10:be454142 f13:3f7ff857  f5:be562872
21402527ns          378399 1c0095c8 38d873c7 fmsub.s          f7, f16, f13, f7     f7=xxxxxxxx f16:3f0c99cd f13:3f7ff857  f7:bb85fb61
21402547ns          378400 1c0095cc 58d775c3 fmadd.s          f11, f14, f13, f11  f11=xxxxxxxx f14:3e88eb11 f13:3f7ff857 f11:bc0995e5
21402607ns          378403 1c0095d0 a1f892d3 flt.s            x5, f17, f31         x5=00000000 f17:415adf77 f31:00000000
21402647ns          378405 1c0095d4 00762423 sw               x7, 8(x12)           x7:3f0da18f x12:10000ee4  PA:10000eec
21402666ns          378406 1c0095d8 00ce2703 lw               x14, 12(x28)        x14=bf2c03e6 x28:10000ed0  PA:10000edc
21402686ns          378407 1c0095dc 00be2423 sw               x11, 8(x28)         x11:3e849a49 x28:10000ed0  PA:10000ed8
21402746ns          378410 1c0095e0 00c62383 lw               x7, 12(x12)          x7=3e9fec32 x12:10000ee4  PA:10000ef0
21402786ns          378412 1c0095e4 10f77453 fmul.s           f8, f14, f15         f8=xxxxxxxx f14:bf2c03e6 f15:bc7a828c
21402806ns          378413 1c0095e8 10f3f5d3 fmul.s           f11, f7, f15        f11=xxxxxxxx  f7:3e9fec32 f15:bc7a828c
21402826ns          378414 1c0095ec 000aa803 lw               x16, 0(x21)         x16=c11c604a x21:10000dcc  PA:10000dcc
21402885ns          378417 1c0095f0 40d3f3c7 fmsub.s          f7, f7, f13, f8      f7=xxxxxxxx  f7:3e9fec32 f13:3f7ff857  f8:3c285387
21402925ns          378419 1c0095f4 58d775c3 fmadd.s          f11, f14, f13, f11  f11=xxxxxxxx f14:bf2c03e6 f13:3f7ff857 f11:bb9c7e36
21402945ns          378420 1c0095f8 00a9a023 sw               x10, 0(x19)         x10:3c8768b8 x19:10000ddc  PA:10000ddc
21402965ns          378421 1c0095fc 00762623 sw               x7, 12(x12)          x7:3e9aa4cd x12:10000ee4  PA:10000ef0
21403024ns          378424 1c009600 010e2703 lw               x14, 16(x28)        x14=3ec2d641 x28:10000ed0  PA:10000ee0
21403064ns          378426 1c009604 00be2623 sw               x11, 12(x28)        x11:bf2d37bd x28:10000ed0  PA:10000edc
21403084ns          378427 1c009608 01062583 lw               x11, 16(x12)        x11=3da87171 x12:10000ee4  PA:10000ef4
21403104ns          378428 1c00960a 10f773d3 fmul.s           f7, f14, f15         f7=xxxxxxxx f14:3ec2d641 f15:bc7a828c
21403164ns          378431 1c00960e 10f5f353 fmul.s           f6, f11, f15         f6=xxxxxxxx f11:3da87171 f15:bc7a828c
21403203ns          378433 1c009612 1107f7d3 fmul.s           f15, f15, f16       f15=xxxxxxxx f15:bc7a828c f16:c11c604a
21403223ns          378434 1c009616 38d5f5c7 fmsub.s          f11, f11, f13, f7   f11=xxxxxxxx f11:3da87171 f13:3f7ff857  f7:bbbea897
21403243ns          378435 1c00961a 30d77743 fmadd.s          f14, f14, f13, f6   f14=xxxxxxxx f14:3ec2d641 f13:3f7ff857  f6:baa4d4ae
21403303ns          378438 1c00961e 1106f6d3 fmul.s           f13, f13, f16       f13=xxxxxxxx f13:3f7ff857 f16:c11c604a
21403323ns          378439 1c009622 00b62823 sw               x11, 16(x12)        x11:3db456f0 x12:10000ee4  PA:10000ef4
21403343ns          378440 1c009624 00ee2823 sw               x14, 16(x28)        x14:3ec22b98 x28:10000ed0  PA:10000ee0
21403363ns          378441 1c009628 01100333 add              x6, x0, x17          x6=415adf77 x17:415adf77
21403382ns          378442 1c00962a 00028463 beq              x5, x0, 8            x5:00000000
21403502ns          378448 1c009632 a1f79753 flt.s            x14, f15, f31       x14=00000000 f15:3e1905c7 f31:00000000
21403522ns          378449 1c009636 420719e3 bne              x14, x0, 3122       x14:00000000
21403542ns          378450 1c00963a 00f00733 add              x14, x0, x15        x14=3e1905c7 x15:3e1905c7
21403561ns          378451 1c00963c a0671853 flt.s            x16, f14, f6        x16=00000001 f14:3e1905c7  f6:415adf77
21403601ns          378453 1c009640 011003b3 add              x7, x0, x17          x7=415adf77 x17:415adf77
21403641ns          378455 1c009642 00081363 bne              x16, x0, 6          x16:00000001
21403701ns          378458 1c009648 006772d3 fadd.s           f5, f14, f6          f5=xxxxxxxx f14:3e1905c7  f6:415adf77
21403721ns          378459 1c00964c a1f2a5d3 feq.s            x11, f5, f31        x11=00000000  f5:415d438e f31:00000000
21403780ns          378462 1c009650 3a0593e3 bne              x11, x0, 2982       x11:00000000
21403820ns          378464 1c009654 1c000437 lui              x8, 0x1c000000       x8=1c000000
21403840ns          378465 1c009658 02040413 addi             x8, x8, 32           x8=1c000020  x8:1c000000
21403860ns          378466 1c00965c 00042403 lw               x8, 0(x8)            x8=3f800000  x8:1c000020  PA:1c000020
21404198ns          378483 1c00965e 185475d3 fdiv.s           f11, f8, f5         f11=xxxxxxxx  f8:3f800000  f5:415d438e
21404476ns          378497 1c009662 10e5f753 fmul.s           f14, f11, f14       f14=xxxxxxxx f11:3d94183c f14:3e1905c7
21404496ns          378498 1c009666 a1f393d3 flt.s            x7, f7, f31          x7=00000000  f7:415adf77 f31:00000000
21404516ns          378499 1c00966a 1065f5d3 fmul.s           f11, f11, f6        f11=xxxxxxxx f11:3d94183c  f6:415adf77
21404536ns          378500 1c00966e 10e77753 fmul.s           f14, f14, f14       f14=xxxxxxxx f14:3c310ba7 f14:3c310ba7
21404556ns          378501 1c009672 70b5f743 fmadd.s          f14, f11, f11, f14  f14=xxxxxxxx f11:3f7d3bd2 f11:3f7d3bd2 f14:38f4e23b
21404576ns          378502 1c009676 58077353 fsqrt.s          f6, f14              f6=xxxxxxxx f14:3f7a86f2
21404854ns          378516 1c00967a 10537353 fmul.s           f6, f6, f5           f6=xxxxxxxx  f6:3f7d3fb0  f5:415d438e
21404874ns          378517 1c00967e 00038463 beq              x7, x0, 8            x7:00000000
21404954ns          378521 1c009686 1c0004b7 lui              x9, 0x1c000000       x9=1c000000
21404974ns          378522 1c00968a 02048493 addi             x9, x9, 32           x9=1c000020  x9:1c000000
21404994ns          378523 1c00968e 0004a483 lw               x9, 0(x9)            x9=3f800000  x9:1c000020  PA:1c000020
21405352ns          378541 1c009690 1864f753 fdiv.s           f14, f9, f6         f14=xxxxxxxx  f9:3f800000  f6:415ae2cf
21405829ns          378565 1c009694 111778d3 fmul.s           f17, f14, f17       f17=xxxxxxxx f14:3d95b41a f17:415adf77
21405849ns          378566 1c009698 10f77753 fmul.s           f14, f14, f15       f14=xxxxxxxx f14:3d95b41a f15:3e1905c7
21405869ns          378567 1c00969c 10a8f853 fmul.s           f16, f17, f10       f16=xxxxxxxx f17:3f7ffc17 f10:3c8768b8
21405889ns          378568 1c0096a0 20e71bd3 fsgnjn.s         f23, f14, f14       f23=xxxxxxxx f14:3c32f809 f14:3c32f809
21405909ns          378569 1c0096a4 000ea783 lw               x15, 0(x29)         x15=bdd390c3 x29:10000f34  PA:10000f34
21405928ns          378570 1c0096a8 000f2383 lw               x7, 0(x30)           x7=3eba2bd6 x30:10000f48  PA:10000f48
21405948ns          378571 1c0096ac 10e7f453 fmul.s           f8, f15, f14         f8=xxxxxxxx f15:bdd390c3 f14:3c32f809
21405988ns          378573 1c0096b0 10e3f2d3 fmul.s           f5, f7, f14          f5=xxxxxxxx  f7:3eba2bd6 f14:3c32f809
21406028ns          378575 1c0096b4 006b222b p.sw             x6, 4(x22!)         x22=10000dcc  x6:415ae2cf x22:10000dc8  PA:10000dc8
21406048ns          378576 1c0096b8 4113f3c7 fmsub.s          f7, f7, f17, f8      f7=xxxxxxxx  f7:3eba2bd6 f17:3f7ffc17  f8:ba93e7a3
21406068ns          378577 1c0096bc 2917f2c3 fmadd.s          f5, f15, f17, f5     f5=xxxxxxxx f15:bdd390c3 f17:3f7ffc17  f5:3b8226dc
21406127ns          378580 1c0096c0 10d8f5d3 fmul.s           f11, f17, f13       f11=xxxxxxxx f17:3f7ffc17 f13:c11c5b9c
21406167ns          378582 1c0096c4 007f2023 sw               x7, 0(x30)           x7:3ebabce6 x30:10000f48  PA:10000f48
21406187ns          378583 1c0096c8 005ea023 sw               x5, 0(x29)           x5:bdcb6b1a x29:10000f34  PA:10000f34
21406207ns          378584 1c0096cc 004ea283 lw               x5, 4(x29)           x5=3e2ae176 x29:10000f34  PA:10000f38
21406267ns          378587 1c0096d0 004f2383 lw               x7, 4(x30)           x7=3f298865 x30:10000f48  PA:10000f4c
21406306ns          378589 1c0096d4 10e2f4d3 fmul.s           f9, f5, f14          f9=xxxxxxxx  f5:3e2ae176 f14:3c32f809
21406326ns          378590 1c0096d8 10e3f453 fmul.s           f8, f7, f14          f8=xxxxxxxx  f7:3f298865 f14:3c32f809
21406346ns          378591 1c0096dc 80d77843 fmadd.s          f16, f14, f13, f16  f16=xxxxxxxx f14:3c32f809 f13:c11c5b9c f16:3c8766a7
21406406ns          378594 1c0096e0 4913f3c7 fmsub.s          f7, f7, f17, f9      f7=xxxxxxxx  f7:3f298865 f17:3f7ffc17  f9:3aeeeca9
21406446ns          378596 1c0096e4 4112f2c3 fmadd.s          f5, f5, f17, f8      f5=xxxxxxxx  f5:3e2ae176 f17:3f7ffc17  f8:3bed0a31
21406466ns          378597 1c0096e8 000a2783 lw               x15, 0(x20)         x15=b87b1b55 x20:10000de0  PA:10000de0
21406485ns          378598 1c0096ec 007f2223 sw               x7, 4(x30)           x7:3f290e58 x30:10000f48  PA:10000f4c
21406545ns          378601 1c0096f0 005ea223 sw               x5, 4(x29)           x5:3e32472b x29:10000f34  PA:10000f38
21406585ns          378603 1c0096f4 008ea283 lw               x5, 8(x29)           x5=3f112c5c x29:10000f34  PA:10000f3c
21406605ns          378604 1c0096f8 008f2383 lw               x7, 8(x30)           x7=bef46aea x30:10000f48  PA:10000f50
21406625ns          378605 1c0096fc 10e2f4d3 fmul.s           f9, f5, f14          f9=xxxxxxxx  f5:3f112c5c f14:3c32f809
21406684ns          378608 1c009700 10e3f453 fmul.s           f8, f7, f14          f8=xxxxxxxx  f7:bef46aea f14:3c32f809
21406724ns          378610 1c009704 58abf5c3 fmadd.s          f11, f23, f10, f11  f11=xxxxxxxx f23:bc32f809 f10:3c8768b8 f11:c11c5939
21406744ns          378611 1c009708 4913f3c7 fmsub.s          f7, f7, f17, f9      f7=xxxxxxxx  f7:bef46aea f17:3f7ffc17  f9:3bcafb00
21406764ns          378612 1c00970c 4112f2c3 fmadd.s          f5, f5, f17, f8      f5=xxxxxxxx  f5:3f112c5c f17:3f7ffc17  f8:bbaadf27
21406824ns          378615 1c009710 1117f553 fmul.s           f10, f15, f17       f10=xxxxxxxx f15:b87b1b55 f17:3f7ffc17
21406863ns          378617 1c009714 007f2423 sw               x7, 8(x30)           x7:bef7931a x30:10000f48  PA:10000f50
21406883ns          378618 1c009718 00cea303 lw               x6, 12(x29)          x6=bf439474 x29:10000f34  PA:10000f40
21406903ns          378619 1c00971c 005ea423 sw               x5, 8(x29)           x5:3f0fd466 x29:10000f34  PA:10000f3c
21406963ns          378622 1c009720 00cf2283 lw               x5, 12(x30)          x5=beb1b88e x30:10000f48  PA:10000f54
21407003ns          378624 1c009724 10e37453 fmul.s           f8, f6, f14          f8=xxxxxxxx  f6:bf439474 f14:3c32f809
21407022ns          378625 1c009728 10e2f3d3 fmul.s           f7, f5, f14          f7=xxxxxxxx  f5:beb1b88e f14:3c32f809
21407042ns          378626 1c00972c 014f0f13 addi             x30, x30, 20        x30=10000f5c x30:10000f48
21407102ns          378629 1c00972e 4112f2c7 fmsub.s          f5, f5, f17, f8      f5=xxxxxxxx  f5:beb1b88e f17:3f7ffc17  f8:bc08bab7
21407142ns          378631 1c009732 39137343 fmadd.s          f6, f6, f17, f7      f6=xxxxxxxx  f6:bf439474 f17:3f7ffc17  f7:bb787d08
21407162ns          378632 1c009736 00baa22b p.sw             x11, 4(x21!)        x21=10000dd0 x11:c11c59f6 x21:10000dcc  PA:10000dcc
21407182ns          378633 1c00973a fe5f2c23 sw               x5, -8(x30)          x5:bead7001 x30:10000f5c  PA:10000f54
21407241ns          378636 1c00973e 010ea683 lw               x13, 16(x29)        x13=3e72cfbd x29:10000f34  PA:10000f44
21407281ns          378638 1c009742 006ea623 sw               x6, 12(x29)          x6:bf4489f4 x29:10000f34  PA:10000f40
21407301ns          378639 1c009746 ffcf2303 lw               x6, -4(x30)          x6=be9194fe x30:10000f5c  PA:10000f58
21407321ns          378640 1c00974a 10e6f3d3 fmul.s           f7, f13, f14         f7=xxxxxxxx f13:3e72cfbd f14:3c32f809
21407381ns          378643 1c00974e 10e372d3 fmul.s           f5, f6, f14          f5=xxxxxxxx  f6:be9194fe f14:3c32f809
21407420ns          378645 1c009752 00aa222b p.sw             x10, 4(x20!)        x20=10000de4 x10:b87b177f x20:10000de0  PA:10000de0
21407440ns          378646 1c009756 39137347 fmsub.s          f6, f6, f17, f7      f6=xxxxxxxx  f6:be9194fe f17:3f7ffc17  f7:3b29bfb3
21407460ns          378647 1c00975a 2916f8c3 fmadd.s          f17, f13, f17, f5   f17=xxxxxxxx f13:3e72cfbd f17:3f7ffc17  f5:bb4b8d4c
21407480ns          378648 1c00975e 01460613 addi             x12, x12, 20        x12=10000ef8 x12:10000ee4
21407520ns          378650 1c009760 fe6f2e23 sw               x6, -4(x30)          x6:be92e644 x30:10000f5c  PA:10000f58
21407560ns          378652 1c009764 011ea823 sw               x17, 16(x29)        x17:3e6f9dd2 x29:10000f34  PA:10000f44
21407579ns          378653 1c009768 014e0e13 addi             x28, x28, 20        x28=10000ee4 x28:10000ed0
21407599ns          378654 1c00976a 014e8e93 addi             x29, x29, 20        x29=10000f48 x29:10000f34
21407619ns          378655 1c00976c 10e7f7d3 fmul.s           f15, f15, f14       f15=xxxxxxxx f15:b87b1b55 f14:3c32f809
21407739ns          378661 1c0094ec a1f81753 flt.s            x14, f16, f31       x14=00000001 f16:bdb8c4b8 f31:00000000
21407818ns          378665 1c0094f0 010002b3 add              x5, x0, x16          x5=bdb8c4b8 x16:bdb8c4b8
21407838ns          378666 1c0094f2 00070363 beq              x14, x0, 6          x14:00000001
21407858ns          378667 1c0094f4 210812d3 fsgnjn.s         f5, f16, f16         f5=xxxxxxxx f16:bdb8c4b8 f16:bdb8c4b8
21407878ns          378668 1c0094f8 a1f79753 flt.s            x14, f15, f31       x14=00000001 f15:b52f8c4c f31:00000000
21407898ns          378669 1c0094fc 00f006b3 add              x13, x0, x15        x13=b52f8c4c x15:b52f8c4c
21407918ns          378670 1c0094fe 00070363 beq              x14, x0, 6          x14:00000001
21407957ns          378672 1c009500 20f796d3 fsgnjn.s         f13, f15, f15       f13=xxxxxxxx f15:b52f8c4c f15:b52f8c4c
21407997ns          378674 1c009504 a0569753 flt.s            x14, f13, f5        x14=00000001 f13:352f8c4c  f5:3db8c4b8
21408017ns          378675 1c009508 01000333 add              x6, x0, x16          x6=bdb8c4b8 x16:bdb8c4b8
21408037ns          378676 1c00950a 00071263 bne              x14, x0, 4          x14:00000001
21408156ns          378682 1c00950e 0056f753 fadd.s           f14, f13, f5        f14=xxxxxxxx f13:352f8c4c  f5:3db8c4b8
21408176ns          378683 1c009512 a1f728d3 feq.s            x17, f14, f31       x17=00000000 f14:3db8c510 f31:00000000
21408196ns          378684 1c009516 52089be3 bne              x17, x0, 3382       x17:00000000
21408216ns          378685 1c00951a 1c0003b7 lui              x7, 0x1c000000       x7=1c000000
21408276ns          378688 1c00951e 02038393 addi             x7, x7, 32           x7=1c000020  x7:1c000000
21408315ns          378690 1c009522 0003a383 lw               x7, 0(x7)            x7=3f800000  x7:1c000020  PA:1c000020
21408634ns          378706 1c009526 18e3f8d3 fdiv.s           f17, f7, f14        f17=xxxxxxxx  f7:3f800000 f14:3db8c510
21408912ns          378720 1c00952a 10d8f6d3 fmul.s           f13, f17, f13       f13=xxxxxxxx f17:41315853 f13:352f8c4c
21408932ns          378721 1c00952e 1058f8d3 fmul.s           f17, f17, f5        f17=xxxxxxxx f17:41315853  f5:3db8c4b8
21408952ns          378722 1c009532 a1f312d3 flt.s            x5, f6, f31          x5=00000001  f6:bdb8c4b8 f31:00000000
21408972ns          378723 1c009536 10d6f6d3 fmul.s           f13, f13, f13       f13=xxxxxxxx f13:36f33923 f13:36f33923
21408992ns          378724 1c00953a 6918f6c3 fmadd.s          f13, f17, f17, f13  f13=xxxxxxxx f17:3f7fff85 f17:3f7fff85 f13:2e671585
21409051ns          378727 1c00953e 5806f353 fsqrt.s          f6, f13              f6=xxxxxxxx f13:3f7fff0a
21409330ns          378741 1c009542 10e37353 fmul.s           f6, f6, f14          f6=xxxxxxxx  f6:3f7fff85 f14:3db8c510
21409350ns          378742 1c009546 00028463 beq              x5, x0, 8            x5:00000001
21409370ns          378743 1c00954a 20631353 fsgnjn.s         f6, f6, f6           f6=xxxxxxxx  f6:3db8c4b7  f6:3db8c4b7
21409389ns          378744 1c00954e 1c000437 lui              x8, 0x1c000000       x8=1c000000
21409409ns          378745 1c009552 02040413 addi             x8, x8, 32           x8=1c000020  x8:1c000000
21409429ns          378746 1c009556 00042403 lw               x8, 0(x8)            x8=3f800000  x8:1c000020  PA:1c000020
21409748ns          378762 1c009558 18647753 fdiv.s           f14, f8, f6         f14=xxxxxxxx  f8:3f800000  f6:bdb8c4b7
21410265ns          378788 1c00955c 10e876d3 fmul.s           f13, f16, f14       f13=xxxxxxxx f16:bdb8c4b8 f14:c13158a9
21410285ns          378789 1c009560 10e7f7d3 fmul.s           f15, f15, f14       f15=xxxxxxxx f15:b52f8c4c f14:c13158a9
21410304ns          378790 1c009564 000e2703 lw               x14, 0(x28)         x14=bf076257 x28:10000ee4  PA:10000ee4
21410324ns          378791 1c009568 00062803 lw               x16, 0(x12)         x16=3f11273a x12:10000ef8  PA:10000ef8
21410344ns          378792 1c00956c 10e7f3d3 fmul.s           f7, f15, f14         f7=xxxxxxxx f15:36f33999 f14:bf076257
21410364ns          378793 1c009570 1107f2d3 fmul.s           f5, f15, f16         f5=xxxxxxxx f15:36f33999 f16:3f11273a
21410384ns          378794 1c009574 10f578d3 fmul.s           f17, f10, f15       f17=xxxxxxxx f10:b87b177f f15:36f33999
21410404ns          378795 1c009578 3906f847 fmsub.s          f16, f13, f16, f7   f16=xxxxxxxx f13:3f800001 f16:3f11273a  f7:b680a0ce
21410424ns          378796 1c00957c 28e6f743 fmadd.s          f14, f13, f14, f5   f14=xxxxxxxx f13:3f800001 f14:bf076257  f5:3689e8e5
21410444ns          378797 1c009580 88d5f8c3 fmadd.s          f17, f11, f13, f17  f17=xxxxxxxx f11:c11c59f6 f13:3f800001 f17:afee8fcc
21410464ns          378798 1c009584 01062023 sw               x16, 0(x12)         x16:3f11277b x12:10000ef8  PA:10000ef8
21410483ns          378799 1c009588 00ee2023 sw               x14, 0(x28)         x14:bf076213 x28:10000ee4  PA:10000ee4
21410503ns          378800 1c00958c 004e2703 lw               x14, 4(x28)         x14=bf0fbd36 x28:10000ee4  PA:10000ee8
21410523ns          378801 1c009590 00462803 lw               x16, 4(x12)         x16=beaaa45b x12:10000ef8  PA:10000efc
21410543ns          378802 1c009594 10e7f453 fmul.s           f8, f15, f14         f8=xxxxxxxx f15:36f33999 f14:bf0fbd36
21410563ns          378803 1c009598 10f873d3 fmul.s           f7, f16, f15         f7=xxxxxxxx f16:beaaa45b f15:36f33999
21410583ns          378804 1c00959c 10f5f2d3 fmul.s           f5, f11, f15         f5=xxxxxxxx f11:c11c59f6 f15:36f33999
21410603ns          378805 1c0095a0 40d87847 fmsub.s          f16, f16, f13, f8   f16=xxxxxxxx f16:beaaa45b f13:3f800001  f8:b68890f1
21410623ns          378806 1c0095a4 38e6f743 fmadd.s          f14, f13, f14, f7   f14=xxxxxxxx f13:3f800001 f14:bf0fbd36  f7:b6222067
21410643ns          378807 1c0095a8 0069a22b p.sw             x6, 4(x19!)         x19=10000de0  x6:bdb8c4b7 x19:10000ddc  PA:10000ddc
21410662ns          378808 1c0095ac 01062223 sw               x16, 4(x12)         x16:beaaa3d4 x12:10000ef8  PA:10000efc
21410702ns          378810 1c0095b0 00ee2223 sw               x14, 4(x28)         x14:bf0fbd60 x28:10000ee4  PA:10000ee8
21410742ns          378812 1c0095b4 008e2703 lw               x14, 8(x28)         x14=3f0da18f x28:10000ee4  PA:10000eec
21410762ns          378813 1c0095b8 00862803 lw               x16, 8(x12)         x16=3f033b2a x12:10000ef8  PA:10000f00
21410782ns          378814 1c0095bc 10f773d3 fmul.s           f7, f14, f15         f7=xxxxxxxx f14:3f0da18f f15:36f33999
21410802ns          378815 1c0095c0 10f875d3 fmul.s           f11, f16, f15       f11=xxxxxxxx f16:3f033b2a f15:36f33999
21410822ns          378816 1c0095c4 28d57547 fmsub.s          f10, f10, f13, f5   f10=xxxxxxxx f10:b87b177f f13:3f800001  f5:b8948c92
21410841ns          378817 1c0095c8 38d873c7 fmsub.s          f7, f16, f13, f7     f7=xxxxxxxx f16:3f033b2a f13:3f800001  f7:36869038
21410861ns          378818 1c0095cc 58d775c3 fmadd.s          f11, f14, f13, f11  f11=xxxxxxxx f14:3f0da18f f13:3f800001 f11:36795d5f
21410881ns          378819 1c0095d0 a1f892d3 flt.s            x5, f17, f31         x5=00000001 f17:c11c59f7 f31:00000000
21410901ns          378820 1c0095d4 00762423 sw               x7, 8(x12)           x7:3f033ae8 x12:10000ef8  PA:10000f00
21410921ns          378821 1c0095d8 00ce2703 lw               x14, 12(x28)        x14=3e9aa4cd x28:10000ee4  PA:10000ef0
21410941ns          378822 1c0095dc 00be2423 sw               x11, 8(x28)         x11:3f0da1ce x28:10000ee4  PA:10000eec
21410961ns          378823 1c0095e0 00c62383 lw               x7, 12(x12)          x7=befce9c4 x12:10000ef8  PA:10000f04
21410981ns          378824 1c0095e4 10f77453 fmul.s           f8, f14, f15         f8=xxxxxxxx f14:3e9aa4cd f15:36f33999
21411001ns          378825 1c0095e8 10f3f5d3 fmul.s           f11, f7, f15        f11=xxxxxxxx  f7:befce9c4 f15:36f33999
21411021ns          378826 1c0095ec 000aa803 lw               x16, 0(x21)         x16=c0761afd x21:10000dd0  PA:10000dd0
21411080ns          378829 1c0095f0 40d3f3c7 fmsub.s          f7, f7, f13, f8      f7=xxxxxxxx  f7:befce9c4 f13:3f800001  f8:3612ed3a
21411120ns          378831 1c0095f4 58d775c3 fmadd.s          f11, f14, f13, f11  f11=xxxxxxxx f14:3e9aa4cd f13:3f800001 f11:b6704acc
21411140ns          378832 1c0095f8 00a9a023 sw               x10, 0(x19)         x10:3738068c x19:10000de0  PA:10000de0
21411160ns          378833 1c0095fc 00762623 sw               x7, 12(x12)          x7:befcea0f x12:10000ef8  PA:10000f04
21411219ns          378836 1c009600 010e2703 lw               x14, 16(x28)        x14=3db456f0 x28:10000ee4  PA:10000ef4
21411259ns          378838 1c009604 00be2623 sw               x11, 12(x28)        x11:3e9aa456 x28:10000ee4  PA:10000ef0
21411279ns          378839 1c009608 01062583 lw               x11, 16(x12)        x11=be7c288b x12:10000ef8  PA:10000f08
21411299ns          378840 1c00960a 10f773d3 fmul.s           f7, f14, f15         f7=xxxxxxxx f14:3db456f0 f15:36f33999
21411359ns          378843 1c00960e 10f5f353 fmul.s           f6, f11, f15         f6=xxxxxxxx f11:be7c288b f15:36f33999
21411398ns          378845 1c009612 1107f7d3 fmul.s           f15, f15, f16       f15=xxxxxxxx f15:36f33999 f16:c0761afd
21411418ns          378846 1c009616 38d5f5c7 fmsub.s          f11, f11, f13, f7   f11=xxxxxxxx f11:be7c288b f13:3f800001  f7:352b5719
21411438ns          378847 1c00961a 30d77743 fmadd.s          f14, f14, f13, f6   f14=xxxxxxxx f14:3db456f0 f13:3f800001  f6:b5ef9338
21411498ns          378850 1c00961e 1106f6d3 fmul.s           f13, f13, f16       f13=xxxxxxxx f13:3f800001 f16:c0761afd
21411518ns          378851 1c009622 00b62823 sw               x11, 16(x12)        x11:be7c28b8 x12:10000ef8  PA:10000f08
21411538ns          378852 1c009624 00ee2823 sw               x14, 16(x28)        x14:3db45602 x28:10000ee4  PA:10000ef4
21411558ns          378853 1c009628 01100333 add              x6, x0, x17          x6=c11c59f7 x17:c11c59f7
21411577ns          378854 1c00962a 00028463 beq              x5, x0, 8            x5:00000001
21411637ns          378857 1c00962e 21189353 fsgnjn.s         f6, f17, f17         f6=xxxxxxxx f17:c11c59f7 f17:c11c59f7
21411677ns          378859 1c009632 a1f79753 flt.s            x14, f15, f31       x14=00000001 f15:b7e9d2fd f31:00000000
21411697ns          378860 1c009636 420719e3 bne              x14, x0, 3122       x14:00000001
21411856ns          378868 1c00a268 20f79753 fsgnjn.s         f14, f15, f15       f14=xxxxxxxx f15:b7e9d2fd f15:b7e9d2fd
21411896ns          378870 1c00a26c bd0ff06f jal              x0, -3120          
21411995ns          378875 1c00963c a0671853 flt.s            x16, f14, f6        x16=00000001 f14:37e9d2fd  f6:411c59f7
21412015ns          378876 1c009640 011003b3 add              x7, x0, x17          x7=c11c59f7 x17:c11c59f7
21412035ns          378877 1c009642 00081363 bne              x16, x0, 6          x16:00000001
21412095ns          378880 1c009648 006772d3 fadd.s           f5, f14, f6          f5=xxxxxxxx f14:37e9d2fd  f6:411c59f7
21412115ns          378881 1c00964c a1f2a5d3 feq.s            x11, f5, f31        x11=00000000  f5:411c5a14 f31:00000000
21412134ns          378882 1c009650 3a0593e3 bne              x11, x0, 2982       x11:00000000
21412154ns          378883 1c009654 1c000437 lui              x8, 0x1c000000       x8=1c000000
21412174ns          378884 1c009658 02040413 addi             x8, x8, 32           x8=1c000020  x8:1c000000
21412194ns          378885 1c00965c 00042403 lw               x8, 0(x8)            x8=3f800000  x8:1c000020  PA:1c000020
21412532ns          378902 1c00965e 185475d3 fdiv.s           f11, f8, f5         f11=xxxxxxxx  f8:3f800000  f5:411c5a14
21412811ns          378916 1c009662 10e5f753 fmul.s           f14, f11, f14       f14=xxxxxxxx f11:3dd1941d f14:37e9d2fd
21412831ns          378917 1c009666 a1f393d3 flt.s            x7, f7, f31          x7=00000001  f7:c11c59f7 f31:00000000
21412850ns          378918 1c00966a 1065f5d3 fmul.s           f11, f11, f6        f11=xxxxxxxx f11:3dd1941d  f6:411c59f7
21412870ns          378919 1c00966e 10e77753 fmul.s           f14, f14, f14       f14=xxxxxxxx f14:363f6c89 f14:363f6c89
21412890ns          378920 1c009672 70b5f743 fmadd.s          f14, f11, f11, f14  f14=xxxxxxxx f11:3f7fffd1 f11:3f7fffd1 f14:2d0f2322
21412910ns          378921 1c009676 58077353 fsqrt.s          f6, f14              f6=xxxxxxxx f14:3f7fffa2
21413189ns          378935 1c00967a 10537353 fmul.s           f6, f6, f5           f6=xxxxxxxx  f6:3f7fffd1  f5:411c5a14
21413208ns          378936 1c00967e 00038463 beq              x7, x0, 8            x7:00000001
21413228ns          378937 1c009682 20631353 fsgnjn.s         f6, f6, f6           f6=xxxxxxxx  f6:411c59f7  f6:411c59f7
21413248ns          378938 1c009686 1c0004b7 lui              x9, 0x1c000000       x9=1c000000
21413268ns          378939 1c00968a 02048493 addi             x9, x9, 32           x9=1c000020  x9:1c000000
21413288ns          378940 1c00968e 0004a483 lw               x9, 0(x9)            x9=3f800000  x9:1c000020  PA:1c000020
21413626ns          378957 1c009690 1864f753 fdiv.s           f14, f9, f6         f14=xxxxxxxx  f9:3f800000  f6:c11c59f7
21413944ns          378973 1c009694 111778d3 fmul.s           f17, f14, f17       f17=xxxxxxxx f14:bdd19444 f17:c11c59f7
21413964ns          378974 1c009698 10f77753 fmul.s           f14, f14, f15       f14=xxxxxxxx f14:bdd19444 f15:b7e9d2fd
21413984ns          378975 1c00969c 10a8f853 fmul.s           f16, f17, f10       f16=xxxxxxxx f17:3f800000 f10:3738068c
21414004ns          378976 1c0096a0 20e71bd3 fsgnjn.s         f23, f14, f14       f23=xxxxxxxx f14:363f6cad f14:363f6cad
21414024ns          378977 1c0096a4 000ea783 lw               x15, 0(x29)         x15=3ebabce6 x29:10000f48  PA:10000f48
21414044ns          378978 1c0096a8 000f2383 lw               x7, 0(x30)           x7=bebf615a x30:10000f5c  PA:10000f5c
21414064ns          378979 1c0096ac 10e7f453 fmul.s           f8, f15, f14         f8=xxxxxxxx f15:3ebabce6 f14:363f6cad
21414084ns          378980 1c0096b0 10e3f2d3 fmul.s           f5, f7, f14          f5=xxxxxxxx  f7:bebf615a f14:363f6cad
21414104ns          378981 1c0096b4 006b222b p.sw             x6, 4(x22!)         x22=10000dd0  x6:c11c59f7 x22:10000dcc  PA:10000dcc
21414123ns          378982 1c0096b8 4113f3c7 fmsub.s          f7, f7, f17, f8      f7=xxxxxxxx  f7:bebf615a f17:3f800000  f8:358ba235
21414143ns          378983 1c0096bc 2917f2c3 fmadd.s          f5, f15, f17, f5     f5=xxxxxxxx f15:3ebabce6 f17:3f800000  f5:b58f1ae1
21414183ns          378985 1c0096c0 10d8f5d3 fmul.s           f11, f17, f13       f11=xxxxxxxx f17:3f800000 f13:c0761aff
21414223ns          378987 1c0096c4 007f2023 sw               x7, 0(x30)           x7:bebf617d x30:10000f5c  PA:10000f5c
21414243ns          378988 1c0096c8 005ea023 sw               x5, 0(x29)           x5:3ebabcc2 x29:10000f48  PA:10000f48
21414263ns          378989 1c0096cc 004ea283 lw               x5, 4(x29)           x5=3f290e58 x29:10000f48  PA:10000f4c
21414322ns          378992 1c0096d0 004f2383 lw               x7, 4(x30)           x7=3decdb6b x30:10000f5c  PA:10000f60
21414362ns          378994 1c0096d4 10e2f4d3 fmul.s           f9, f5, f14          f9=xxxxxxxx  f5:3f290e58 f14:363f6cad
21414382ns          378995 1c0096d8 10e3f453 fmul.s           f8, f7, f14          f8=xxxxxxxx  f7:3decdb6b f14:363f6cad
21414402ns          378996 1c0096dc 80d77843 fmadd.s          f16, f14, f13, f16  f16=xxxxxxxx f14:363f6cad f13:c0761aff f16:3738068c
21414422ns          378997 1c0096e0 4913f3c7 fmsub.s          f7, f7, f17, f9      f7=xxxxxxxx  f7:3decdb6b f17:3f800000  f9:35fcd2f0
21414442ns          378998 1c0096e4 4112f2c3 fmadd.s          f5, f5, f17, f8      f5=xxxxxxxx  f5:3f290e58 f17:3f800000  f8:34b11c41
21414462ns          378999 1c0096e8 000a2783 lw               x15, 0(x20)         x15=00000000 x20:10000de4  PA:10000de4
21414482ns          379000 1c0096ec 007f2223 sw               x7, 4(x30)           x7:3decda6e x30:10000f5c  PA:10000f60
21414541ns          379003 1c0096f0 005ea223 sw               x5, 4(x29)           x5:3f290e5e x29:10000f48  PA:10000f4c
21414581ns          379005 1c0096f4 008ea283 lw               x5, 8(x29)           x5=bef7931a x29:10000f48  PA:10000f50
21414601ns          379006 1c0096f8 008f2383 lw               x7, 8(x30)           x7=bf0507ca x30:10000f5c  PA:10000f64
21414621ns          379007 1c0096fc 10e2f4d3 fmul.s           f9, f5, f14          f9=xxxxxxxx  f5:bef7931a f14:363f6cad
21414680ns          379010 1c009700 10e3f453 fmul.s           f8, f7, f14          f8=xxxxxxxx  f7:bf0507ca f14:363f6cad
21414720ns          379012 1c009704 58abf5c3 fmadd.s          f11, f23, f10, f11  f11=xxxxxxxx f23:b63f6cad f10:3738068c f11:c0761aff
21414740ns          379013 1c009708 4913f3c7 fmsub.s          f7, f7, f17, f9      f7=xxxxxxxx  f7:bf0507ca f17:3f800000  f9:b5b91fda
21414760ns          379014 1c00970c 4112f2c3 fmadd.s          f5, f5, f17, f8      f5=xxxxxxxx  f5:bef7931a f17:3f800000  f8:b5c6f292
21414820ns          379017 1c009710 1117f553 fmul.s           f10, f15, f17       f10=xxxxxxxx f15:00000000 f17:3f800000
21414859ns          379019 1c009714 007f2423 sw               x7, 8(x30)           x7:bf0507b3 x30:10000f5c  PA:10000f64
21414879ns          379020 1c009718 00cea303 lw               x6, 12(x29)          x6=bead7001 x29:10000f48  PA:10000f54
21414899ns          379021 1c00971c 005ea423 sw               x5, 8(x29)           x5:bef7934c x29:10000f48  PA:10000f50
21414959ns          379024 1c009720 00cf2283 lw               x5, 12(x30)          x5=bd9a4e34 x30:10000f5c  PA:10000f68
21414999ns          379026 1c009724 10e37453 fmul.s           f8, f6, f14          f8=xxxxxxxx  f6:bead7001 f14:363f6cad
21415019ns          379027 1c009728 10e2f3d3 fmul.s           f7, f5, f14          f7=xxxxxxxx  f5:bd9a4e34 f14:363f6cad
21415038ns          379028 1c00972c 014f0f13 addi             x30, x30, 20        x30=10000f70 x30:10000f5c
21415058ns          379029 1c00972e 4112f2c7 fmsub.s          f5, f5, f17, f8      f5=xxxxxxxx  f5:bd9a4e34 f17:3f800000  f8:b581b031
21415078ns          379030 1c009732 39137343 fmadd.s          f6, f6, f17, f7      f6=xxxxxxxx  f6:bead7001 f17:3f800000  f7:b466c3b4
21415098ns          379031 1c009736 00baa22b p.sw             x11, 4(x21!)        x21=10000dd4 x11:c0761aff x21:10000dd0  PA:10000dd0
21415118ns          379032 1c00973a fe5f2c23 sw               x5, -8(x30)          x5:bd9a4db2 x30:10000f70  PA:10000f68
21415138ns          379033 1c00973e 010ea683 lw               x13, 16(x29)        x13=be92e644 x29:10000f48  PA:10000f58
21415158ns          379034 1c009742 006ea623 sw               x6, 12(x29)          x6:bead7008 x29:10000f48  PA:10000f54
21415178ns          379035 1c009746 ffcf2303 lw               x6, -4(x30)          x6=3f417a57 x30:10000f70  PA:10000f6c
21415198ns          379036 1c00974a 10e6f3d3 fmul.s           f7, f13, f14         f7=xxxxxxxx f13:be92e644 f14:363f6cad
21415217ns          379037 1c00974e 10e372d3 fmul.s           f5, f6, f14          f5=xxxxxxxx  f6:3f417a57 f14:363f6cad
21415237ns          379038 1c009752 00aa222b p.sw             x10, 4(x20!)        x20=10000de8 x10:00000000 x20:10000de4  PA:10000de4
21415257ns          379039 1c009756 39137347 fmsub.s          f6, f6, f17, f7      f6=xxxxxxxx  f6:3f417a57 f17:3f800000  f7:b55bb052
21415277ns          379040 1c00975a 2916f8c3 fmadd.s          f17, f13, f17, f5   f17=xxxxxxxx f13:be92e644 f17:3f800000  f5:3610ac69
21415297ns          379041 1c00975e 01460613 addi             x12, x12, 20        x12=10000f0c x12:10000ef8
21415337ns          379043 1c009760 fe6f2e23 sw               x6, -4(x30)          x6:3f417a65 x30:10000f70  PA:10000f6c
21415377ns          379045 1c009764 011ea823 sw               x17, 16(x29)        x17:be92e5fc x29:10000f48  PA:10000f58
21415396ns          379046 1c009768 014e0e13 addi             x28, x28, 20        x28=10000ef8 x28:10000ee4
21415416ns          379047 1c00976a 014e8e93 addi             x29, x29, 20        x29=10000f5c x29:10000f48
21415436ns          379048 1c00976c 10e7f7d3 fmul.s           f15, f15, f14       f15=xxxxxxxx f15:00000000 f14:363f6cad
21415476ns          379050 1c009770 01412e03 lw               x28, 20(x2)         x28=00000001  x2:10000d98  PA:10000dac
21415496ns          379051 1c009772 00812983 lw               x19, 8(x2)          x19=00000008  x2:10000d98  PA:10000da0
21415516ns          379052 1c009774 0e010893 addi             x17, x2, 224        x17=10000e78  x2:10000d98
21415536ns          379053 1c009778 013887b3 add              x15, x17, x19       x15=10000e80 x17:10000e78 x19:00000008
21415556ns          379054 1c00977c 001e0e13 addi             x28, x28, 1         x28=00000002 x28:00000001
21415615ns          379057 1c00977e f707a023 sw               x16, -160(x15)      x16:ad8fa693 x15:10000e80  PA:10000de0
21415635ns          379058 1c009782 01c12a23 sw               x28, 20(x2)         x28:00000002  x2:10000d98  PA:10000dac
21415655ns          379059 1c009784 fff00793 addi             x15, x0, -1         x15=ffffffff
21415675ns          379060 1c009786 00fdc663 blt              x27, x15, 12        x27:00000002 x15:ffffffff
21415695ns          379061 1c00978a 04b00793 addi             x15, x0, 75         x15=0000004b
21415755ns          379064 1c00978e a8fe1c63 bne              x28, x15, -3432     x28:00000002 x15:0000004b
21415854ns          379069 1c008a26 00812503 lw               x10, 8(x2)          x10=00000008  x2:10000d98  PA:10000da0
21415894ns          379071 1c008a28 04010613 addi             x12, x2, 64         x12=10000dd8  x2:10000d98
21415914ns          379072 1c008a2a 01b509b3 add              x19, x10, x27       x19=0000000a x10:00000008 x27:00000002
21415934ns          379073 1c008a2e 02c10593 addi             x11, x2, 44         x11=10000dc4  x2:10000d98
21415973ns          379075 1c008a30 00a60633 add              x12, x12, x10       x12=10000de0 x12:10000dd8 x10:00000008
21416013ns          379077 1c008a32 002d8693 addi             x13, x27, 2         x13=00000004 x27:00000002
21416033ns          379078 1c008a36 1c000437 lui              x8, 0x1c000000       x8=1c000000
21416053ns          379079 1c008a3a 1c0004b7 lui              x9, 0x1c000000       x9=1c000000
21416073ns          379080 1c008a3e 00299993 slli             x19, x19, 0x2       x19=00000028 x19:0000000a
21416113ns          379082 1c008a40 00a58b33 add              x22, x11, x10       x22=10000dcc x11:10000dc4 x10:00000008
21416152ns          379084 1c008a44 00c12623 sw               x12, 12(x2)         x12:10000de0  x2:10000d98  PA:10000da4
21416172ns          379085 1c008a46 00d12c23 sw               x13, 24(x2)         x13:00000004  x2:10000d98  PA:10000db0
21416192ns          379086 1c008a48 02842a83 lw               x21, 40(x8)         x21=0c000000  x8:1c000000  PA:1c000028
21416490ns          379101 1c008a4c 02c4ab83 lw               x23, 44(x9)         x23=34000000  x9:1c000000  PA:1c00002c
21416789ns          379116 1c008a50 01a989b3 add              x19, x19, x26       x19=10000ee4 x19:00000028 x26:10000ebc
21416809ns          379117 1c008a52 00000f13 addi             x30, x0, 0          x30=00000000
21416829ns          379118 1c008a56 018007b3 add              x15, x0, x24        x15=00000003 x24:00000003
21416849ns          379119 1c008a58 004b2283 lw               x5, 4(x22)           x5=c0761aff x22:10000dcc  PA:10000dd0
21416868ns          379120 1c008a5c 71fdace3 p.beqimm         x27, 3864           x27:00000002
21416908ns          379122 1c008a60 01412e03 lw               x28, 20(x2)         x28=00000002  x2:10000d98  PA:10000dac
21416928ns          379123 1c008a62 01400e93 addi             x29, x0, 20         x29=00000014
21416948ns          379124 1c008a64 77cec8e3 blt              x29, x28, 3952      x29:00000014 x28:00000002
21416968ns          379125 1c008a68 00c12f83 lw               x31, 12(x2)         x31=10000de0  x2:10000d98  PA:10000da4
21417008ns          379127 1c008a6a 000fa683 lw               x13, 0(x31)         x13=ad8fa693 x31:10000de0  PA:10000de0
21417047ns          379129 1c008a6e a1e69753 flt.s            x14, f13, f30       x14=00000001 f13:ad8fa693 f30:00000000
21417067ns          379130 1c008a72 00070363 beq              x14, x0, 6          x14:00000001
21417087ns          379131 1c008a74 20d696d3 fsgnjn.s         f13, f13, f13       f13=xxxxxxxx f13:ad8fa693 f13:ad8fa693
21417107ns          379132 1c008a78 000b2603 lw               x12, 0(x22)         x12=c11c59f7 x22:10000dcc  PA:10000dcc
21417147ns          379134 1c008a7c a1e61753 flt.s            x14, f12, f30       x14=00000001 f12:c11c59f7 f30:00000000
21417187ns          379136 1c008a80 00c005b3 add              x11, x0, x12        x11=c11c59f7 x12:c11c59f7
21417207ns          379137 1c008a82 00070363 beq              x14, x0, 6          x14:00000001
21417226ns          379138 1c008a84 20c615d3 fsgnjn.s         f11, f12, f12       f11=xxxxxxxx f12:c11c59f7 f12:c11c59f7
21417246ns          379139 1c008a88 a1e29753 flt.s            x14, f5, f30        x14=00000001  f5:c0761aff f30:00000000
21417266ns          379140 1c008a8c 00070363 beq              x14, x0, 6          x14:00000001
21417326ns          379143 1c008a8e 33c0106f jal              x0, 4924           
21417445ns          379149 1c009dca 20529753 fsgnjn.s         f14, f5, f5         f14=xxxxxxxx  f5:c0761aff  f5:c0761aff
21417505ns          379152 1c009dce cc7fe06f jal              x0, -4922          
21417545ns          379154 1c008a94 00b77753 fadd.s           f14, f14, f11       f14=xxxxxxxx f14:40761aff f11:411c59f7
21417565ns          379155 1c008a98 11777753 fmul.s           f14, f14, f23       f14=xxxxxxxx f14:4159e0b7 f23:34000000
21417584ns          379156 1c008a9c a0e68753 fle.s            x14, f13, f14       x14=00000001 f13:2d8fa693 f14:35d9e0b7
21417644ns          379159 1c008aa0 00070363 beq              x14, x0, 6          x14:00000001
21417684ns          379161 1c008aa2 3140106f jal              x0, 4884           
21417803ns          379167 1c009db6 002d9713 slli             x14, x27, 0x2       x14=00000008 x27:00000002
21417823ns          379168 1c009dba 0e010393 addi             x7, x2, 224          x7=10000e78  x2:10000d98
21417843ns          379169 1c009dbe 00770733 add              x14, x14, x7        x14=10000e80 x14:00000008  x7:10000e78
21417863ns          379170 1c009dc0 01800833 add              x16, x0, x24        x16=00000003 x24:00000003
21417883ns          379171 1c009dc2 01b006b3 add              x13, x0, x27        x13=00000002 x27:00000002
21417903ns          379172 1c009dc4 f6072023 sw               x0, -160(x14)       x14:10000e80  PA:10000de0
21417923ns          379173 1c009dc8 a31ff06f jal              x0, -1488          
21418002ns          379177 1c0097f8 c3881763 bne              x16, x24, -3026     x16:00000003 x24:00000003
21418042ns          379179 1c0097fc a1e29753 flt.s            x14, f5, f30        x14=00000001  f5:c0761aff f30:00000000
21418102ns          379182 1c009800 00268613 addi             x12, x13, 2         x12=00000004 x13:00000002
21418141ns          379184 1c009804 16071d63 bne              x14, x0, 378        x14:00000001
21418320ns          379193 1c00997e 0149a803 lw               x16, 20(x19)        x16=3f11277b x19:10000ee4  PA:10000ef8
21418360ns          379195 1c009982 0189a503 lw               x10, 24(x19)        x10=beaaa3d4 x19:10000ee4  PA:10000efc
21418380ns          379196 1c009986 01c9a583 lw               x11, 28(x19)        x11=3f033ae8 x19:10000ee4  PA:10000f00
21418400ns          379197 1c00998a 0209a683 lw               x13, 32(x19)        x13=befcea0f x19:10000ee4  PA:10000f04
21418460ns          379200 1c00998e 0249a703 lw               x14, 36(x19)        x14=be7c28b8 x19:10000ee4  PA:10000f08
21418499ns          379202 1c009992 205292d3 fsgnjn.s         f5, f5, f5           f5=xxxxxxxx  f5:c0761aff  f5:c0761aff
21418519ns          379203 1c009996 21081853 fsgnjn.s         f16, f16, f16       f16=xxxxxxxx f16:3f11277b f16:3f11277b
21418539ns          379204 1c00999a 20a51553 fsgnjn.s         f10, f10, f10       f10=xxxxxxxx f10:beaaa3d4 f10:beaaa3d4
21418977ns          379226 1c00999e 20b595d3 fsgnjn.s         f11, f11, f11       f11=xxxxxxxx f11:3f033ae8 f11:3f033ae8
21419017ns          379228 1c0099a2 20d696d3 fsgnjn.s         f13, f13, f13       f13=xxxxxxxx f13:befcea0f f13:befcea0f
21419036ns          379229 1c0099a6 20e71753 fsgnjn.s         f14, f14, f14       f14=xxxxxxxx f14:be7c28b8 f14:be7c28b8
21419056ns          379230 1c0099aa 005b2223 sw               x5, 4(x22)           x5:40761aff x22:10000dcc  PA:10000dd0
21419494ns          379252 1c0099ae 0109aa23 sw               x16, 20(x19)        x16:bf11277b x19:10000ee4  PA:10000ef8
21419534ns          379254 1c0099b2 00a9ac23 sw               x10, 24(x19)        x10:3eaaa3d4 x19:10000ee4  PA:10000efc
21419554ns          379255 1c0099b6 00b9ae23 sw               x11, 28(x19)        x11:bf033ae8 x19:10000ee4  PA:10000f00
21419574ns          379256 1c0099ba 02d9a023 sw               x13, 32(x19)        x13:3efcea0f x19:10000ee4  PA:10000f04
21419633ns          379259 1c0099be 02e9a223 sw               x14, 36(x19)        x14:3e7c28b8 x19:10000ee4  PA:10000f08
21419653ns          379260 1c0099c2 e47ff06f jal              x0, -442           
21419693ns          379262 1c009808 144c2363 p.beqimm         x24, 326            x24:00000003
21419713ns          379263 1c00980c 00261393 slli             x7, x12, 0x2         x7=00000010 x12:00000004
21419772ns          379266 1c009810 0e010e93 addi             x29, x2, 224        x29=10000e78  x2:10000d98
21419812ns          379268 1c009814 007e8733 add              x14, x29, x7        x14=10000e88 x29:10000e78  x7:00000010
21419832ns          379269 1c009818 f4c72403 lw               x8, -180(x14)        x8=40dbef49 x14:10000e88  PA:10000dd4
21419852ns          379270 1c00981c 02c10f93 addi             x31, x2, 44         x31=10000dc4  x2:10000d98
21419912ns          379273 1c009820 a0829753 flt.s            x14, f5, f8         x14=00000001  f5:40761aff  f8:40dbef49
21419951ns          379275 1c009824 01f383b3 add              x7, x7, x31          x7=10000dd4  x7:00000010 x31:10000dc4
21419971ns          379276 1c009826 00300c13 addi             x24, x0, 3          x24=00000003
21419991ns          379277 1c009828 12070363 beq              x14, x0, 294        x14:00000001
21420011ns          379278 1c00982c 01312423 sw               x19, 8(x2)          x19:10000ee4  x2:10000d98  PA:10000da0
21420031ns          379279 1c00982e 0100006f jal              x0, 16             
21420150ns          379285 1c00983e 00279f93 slli             x31, x15, 0x2       x31=0000000c x15:00000003
21420170ns          379286 1c009842 01f787b3 add              x15, x15, x31       x15=0000000f x15:00000003 x31:0000000c
21420190ns          379287 1c009844 00279693 slli             x13, x15, 0x2       x13=0000003c x15:0000000f
21420210ns          379288 1c009848 01468e93 addi             x29, x13, 20        x29=00000050 x13:0000003c
21420230ns          379289 1c00984c 01dd05b3 add              x11, x26, x29       x11=10000f0c x26:10000ebc x29:00000050
21420290ns          379292 1c009850 0005a883 lw               x17, 0(x11)         x17=be8937f7 x11:10000f0c  PA:10000f0c
21420329ns          379294 1c009854 00dd0533 add              x10, x26, x13       x10=10000ef8 x26:10000ebc x13:0000003c
21420349ns          379295 1c009858 00052803 lw               x16, 0(x10)         x16=bf11277b x10:10000ef8  PA:10000ef8
21420369ns          379296 1c00985c 00678713 addi             x14, x15, 6         x14=00000015 x15:0000000f
21420429ns          379299 1c009860 01152023 sw               x17, 0(x10)         x17:be8937f7 x10:10000ef8  PA:10000ef8
21420469ns          379301 1c009864 00271713 slli             x14, x14, 0x2       x14=00000054 x14:00000015
21420489ns          379302 1c009866 00178793 addi             x15, x15, 1         x15=00000010 x15:0000000f
21420508ns          379303 1c009868 0105a023 sw               x16, 0(x11)         x16:bf11277b x11:10000f0c  PA:10000f0c
21420528ns          379304 1c00986c 00279793 slli             x15, x15, 0x2       x15=00000040 x15:00000010
21420568ns          379306 1c00986e 00ed05b3 add              x11, x26, x14       x11=10000f10 x26:10000ebc x14:00000054
21420608ns          379308 1c009872 0005a883 lw               x17, 0(x11)         x17=3ee6aaa6 x11:10000f10  PA:10000f10
21420628ns          379309 1c009876 00fd0533 add              x10, x26, x15       x10=10000efc x26:10000ebc x15:00000040
21420648ns          379310 1c00987a 00052803 lw               x16, 0(x10)         x16=3eaaa3d4 x10:10000efc  PA:10000efc
21421085ns          379332 1c00987e 00470313 addi             x6, x14, 4           x6=00000058 x14:00000054
21421125ns          379334 1c009882 01152023 sw               x17, 0(x10)         x17:3ee6aaa6 x10:10000efc  PA:10000efc
21421145ns          379335 1c009886 0105a023 sw               x16, 0(x11)         x16:3eaaa3d4 x11:10000f10  PA:10000f10
21421165ns          379336 1c00988a 00478e13 addi             x28, x15, 4         x28=00000044 x15:00000040
21421224ns          379339 1c00988e 006d05b3 add              x11, x26, x6        x11=10000f14 x26:10000ebc  x6:00000058
21421244ns          379340 1c009892 0005a483 lw               x9, 0(x11)           x9=3e91563f x11:10000f14  PA:10000f14
21421264ns          379341 1c009894 01cd0533 add              x10, x26, x28       x10=10000f00 x26:10000ebc x28:00000044
21421284ns          379342 1c009898 00052883 lw               x17, 0(x10)         x17=bf033ae8 x10:10000f00  PA:10000f00
21421304ns          379343 1c00989c 00870813 addi             x16, x14, 8         x16=0000005c x14:00000054
21421364ns          379346 1c0098a0 00952023 sw               x9, 0(x10)           x9:3e91563f x10:10000f00  PA:10000f00
21421403ns          379348 1c0098a2 0115a023 sw               x17, 0(x11)         x17:bf033ae8 x11:10000f14  PA:10000f14
21421423ns          379349 1c0098a6 010d0533 add              x10, x26, x16       x10=10000f18 x26:10000ebc x16:0000005c
21421443ns          379350 1c0098aa 00878893 addi             x17, x15, 8         x17=00000048 x15:00000040
21421503ns          379353 1c0098ae 00052a03 lw               x20, 0(x10)         x20=3da63eb4 x10:10000f18  PA:10000f18
21421543ns          379355 1c0098b2 011d04b3 add              x9, x26, x17         x9=10000f04 x26:10000ebc x17:00000048
21421563ns          379356 1c0098b6 0004a903 lw               x18, 0(x9)          x18=3efcea0f  x9:10000f04  PA:10000f04
21421583ns          379357 1c0098ba 00c70593 addi             x11, x14, 12        x11=00000060 x14:00000054
21422020ns          379379 1c0098be 0144a023 sw               x20, 0(x9)          x20:3da63eb4  x9:10000f04  PA:10000f04
21422060ns          379381 1c0098c2 01252023 sw               x18, 0(x10)         x18:3efcea0f x10:10000f18  PA:10000f18
21422080ns          379382 1c0098c6 00bd04b3 add              x9, x26, x11         x9=10000f1c x26:10000ebc x11:00000060
21422100ns          379383 1c0098ca 00c78513 addi             x10, x15, 12        x10=0000004c x15:00000040
21422159ns          379386 1c0098ce 0004a983 lw               x19, 0(x9)          x19=bf4c7c5d  x9:10000f1c  PA:10000f1c
21422199ns          379388 1c0098d2 00ad0933 add              x18, x26, x10       x18=10000f08 x26:10000ebc x10:0000004c
21422219ns          379389 1c0098d6 00092a03 lw               x20, 0(x18)         x20=3e7c28b8 x18:10000f08  PA:10000f08
21422239ns          379390 1c0098da 01392023 sw               x19, 0(x18)         x19:bf4c7c5d x18:10000f08  PA:10000f08
21422299ns          379393 1c0098de 0144a023 sw               x20, 0(x9)          x20:3e7c28b8  x9:10000f1c  PA:10000f1c
21422318ns          379394 1c0098e2 019e8eb3 add              x29, x29, x25       x29=10000f70 x29:00000050 x25:10000f20
21422338ns          379395 1c0098e4 000ea903 lw               x18, 0(x29)         x18=bf3da513 x29:10000f70  PA:10000f70
21422358ns          379396 1c0098e8 019686b3 add              x13, x13, x25       x13=10000f5c x13:0000003c x25:10000f20
21422378ns          379397 1c0098ea 0006a483 lw               x9, 0(x13)           x9=bebf617d x13:10000f5c  PA:10000f5c
21422398ns          379398 1c0098ec 0126a023 sw               x18, 0(x13)         x18:bf3da513 x13:10000f5c  PA:10000f5c
21422438ns          379400 1c0098f0 009ea023 sw               x9, 0(x29)           x9:bebf617d x29:10000f70  PA:10000f70
21422478ns          379402 1c0098f4 01970733 add              x14, x14, x25       x14=10000f74 x14:00000054 x25:10000f20
21422497ns          379403 1c0098f6 00072e83 lw               x29, 0(x14)         x29=3f053265 x14:10000f74  PA:10000f74
21422517ns          379404 1c0098fa 019787b3 add              x15, x15, x25       x15=10000f60 x15:00000040 x25:10000f20
21422537ns          379405 1c0098fc 0007a683 lw               x13, 0(x15)         x13=3decda6e x15:10000f60  PA:10000f60
21422577ns          379407 1c0098fe 01d7a023 sw               x29, 0(x15)         x29:3f053265 x15:10000f60  PA:10000f60
21422617ns          379409 1c009902 0e010e93 addi             x29, x2, 224        x29=10000e78  x2:10000d98
21422637ns          379410 1c009906 00d72023 sw               x13, 0(x14)         x13:3decda6e x14:10000f74  PA:10000f74
21422657ns          379411 1c009908 019e0e33 add              x28, x28, x25       x28=10000f64 x28:00000044 x25:10000f20
21422676ns          379412 1c00990a 01930333 add              x6, x6, x25          x6=10000f78  x6:00000058 x25:10000f20
21422696ns          379413 1c00990c 01df8fb3 add              x31, x31, x29       x31=10000e84 x31:0000000c x29:10000e78
21423134ns          379435 1c00990e 000e2783 lw               x15, 0(x28)         x15=bf0507b3 x28:10000f64  PA:10000f64
21423174ns          379437 1c009912 f48fa623 sw               x8, -180(x31)        x8:40dbef49 x31:10000e84  PA:10000dd0
21423194ns          379438 1c009916 00032703 lw               x14, 0(x6)          x14=3e29a143  x6:10000f78  PA:10000f78
21423214ns          379439 1c00991a 0053a22b p.sw             x5, 4(x7!)           x7=10000dd8  x5:40761aff  x7:10000dd4  PA:10000dd4
21423273ns          379442 1c00991e 00ee2023 sw               x14, 0(x28)         x14:3e29a143 x28:10000f64  PA:10000f64
21423293ns          379443 1c009922 01980833 add              x16, x16, x25       x16=10000f7c x16:0000005c x25:10000f20
21423313ns          379444 1c009924 00f32023 sw               x15, 0(x6)          x15:bf0507b3  x6:10000f78  PA:10000f78
21423333ns          379445 1c009928 00082703 lw               x14, 0(x16)         x14=3e76f363 x16:10000f7c  PA:10000f7c
21423353ns          379446 1c00992c 019888b3 add              x17, x17, x25       x17=10000f68 x17:00000048 x25:10000f20
21423412ns          379449 1c00992e 0008a783 lw               x15, 0(x17)         x15=bd9a4db2 x17:10000f68  PA:10000f68
21423452ns          379451 1c009932 00e8a023 sw               x14, 0(x17)         x14:3e76f363 x17:10000f68  PA:10000f68
21423472ns          379452 1c009936 00f82023 sw               x15, 0(x16)         x15:bd9a4db2 x16:10000f7c  PA:10000f7c
21423492ns          379453 1c00993a 019585b3 add              x11, x11, x25       x11=10000f80 x11:00000060 x25:10000f20
21423512ns          379454 1c00993c 01950533 add              x10, x10, x25       x10=10000f6c x10:0000004c x25:10000f20
21423532ns          379455 1c00993e 0005a703 lw               x14, 0(x11)         x14=be9dba4e x11:10000f80  PA:10000f80
21423591ns          379458 1c009940 00052783 lw               x15, 0(x10)         x15=3f417a65 x10:10000f6c  PA:10000f6c
21423611ns          379459 1c009942 00e52023 sw               x14, 0(x10)         x14:be9dba4e x10:10000f6c  PA:10000f6c
21423631ns          379460 1c009944 00f5a023 sw               x15, 0(x11)         x15:3f417a65 x11:10000f80  PA:10000f80
21423651ns          379461 1c009946 00c007b3 add              x15, x0, x12        x15=00000004 x12:00000004
21423671ns          379462 1c009948 eecc54e3 bge              x24, x12, -280      x24:00000003 x12:00000004
21423691ns          379463 1c00994c 00812983 lw               x19, 8(x2)          x19=10000ee4  x2:10000d98  PA:10000da0
21423711ns          379464 1c00994e 00c12f83 lw               x31, 12(x2)         x31=10000de0  x2:10000d98  PA:10000da4
21423731ns          379465 1c009950 01812303 lw               x6, 24(x2)           x6=00000004  x2:10000d98  PA:10000db0
21423751ns          379466 1c009952 ffcf8f93 addi             x31, x31, -4        x31=10000ddc x31:10000de0
21423770ns          379467 1c009954 fff30313 addi             x6, x6, -1           x6=00000003  x6:00000004
21423790ns          379468 1c009956 fffd8d93 addi             x27, x27, -1        x27=00000001 x27:00000002
21423810ns          379469 1c009958 01f12623 sw               x31, 12(x2)         x31:10000ddc  x2:10000d98  PA:10000da4
21423830ns          379470 1c00995a 00012a23 sw               x0, 20(x2)           x2:10000d98  PA:10000dac
21423850ns          379471 1c00995c 00612c23 sw               x6, 24(x2)           x6:00000003  x2:10000d98  PA:10000db0
21423870ns          379472 1c00995e ffcb0b13 addi             x22, x22, -4        x22=10000dc8 x22:10000dcc
21423890ns          379473 1c009960 fec98993 addi             x19, x19, -20       x19=10000ed0 x19:10000ee4
21423910ns          379474 1c009962 001d8c13 addi             x24, x27, 1         x24=00000002 x27:00000001
21423930ns          379475 1c009966 e20306e3 beq              x6, x0, -468         x6:00000003
21423949ns          379476 1c00996a 018007b3 add              x15, x0, x24        x15=00000002 x24:00000002
21423969ns          379477 1c00996c 004b2283 lw               x5, 4(x22)           x5=c11c59f7 x22:10000dc8  PA:10000dcc
21423989ns          379478 1c009970 8ffdb863 p.bneimm         x27, -3856          x27:00000001
21424049ns          379481 1c008a60 01412e03 lw               x28, 20(x2)         x28=00000000  x2:10000d98  PA:10000dac
21424069ns          379482 1c008a62 01400e93 addi             x29, x0, 20         x29=00000014
21424089ns          379483 1c008a64 77cec8e3 blt              x29, x28, 3952      x29:00000014 x28:00000000
21424109ns          379484 1c008a68 00c12f83 lw               x31, 12(x2)         x31=10000ddc  x2:10000d98  PA:10000da4
21424148ns          379486 1c008a6a 000fa683 lw               x13, 0(x31)         x13=bdb8c4b7 x31:10000ddc  PA:10000ddc
21424188ns          379488 1c008a6e a1e69753 flt.s            x14, f13, f30       x14=00000001 f13:bdb8c4b7 f30:00000000
21424208ns          379489 1c008a72 00070363 beq              x14, x0, 6          x14:00000001
21424228ns          379490 1c008a74 20d696d3 fsgnjn.s         f13, f13, f13       f13=xxxxxxxx f13:bdb8c4b7 f13:bdb8c4b7
21424248ns          379491 1c008a78 000b2603 lw               x12, 0(x22)         x12=415ae2cf x22:10000dc8  PA:10000dc8
21424288ns          379493 1c008a7c a1e61753 flt.s            x14, f12, f30       x14=00000000 f12:415ae2cf f30:00000000
21424308ns          379494 1c008a80 00c005b3 add              x11, x0, x12        x11=415ae2cf x12:415ae2cf
21424327ns          379495 1c008a82 00070363 beq              x14, x0, 6          x14:00000000
21424387ns          379498 1c008a88 a1e29753 flt.s            x14, f5, f30        x14=00000001  f5:c11c59f7 f30:00000000
21424407ns          379499 1c008a8c 00070363 beq              x14, x0, 6          x14:00000001
21424467ns          379502 1c008a8e 33c0106f jal              x0, 4924           
21424526ns          379505 1c009dca 20529753 fsgnjn.s         f14, f5, f5         f14=xxxxxxxx  f5:c11c59f7  f5:c11c59f7
21424546ns          379506 1c009dce cc7fe06f jal              x0, -4922          
21424586ns          379508 1c008a94 00b77753 fadd.s           f14, f14, f11       f14=xxxxxxxx f14:411c59f7 f11:415ae2cf
21424606ns          379509 1c008a98 11777753 fmul.s           f14, f14, f23       f14=xxxxxxxx f14:41bb9e63 f23:34000000
21424626ns          379510 1c008a9c a0e68753 fle.s            x14, f13, f14       x14=00000000 f13:3db8c4b7 f14:363b9e63
21424685ns          379513 1c008aa0 00070363 beq              x14, x0, 6          x14:00000000
21424765ns          379517 1c008aa6 1c000337 lui              x6, 0x1c000000       x6=1c000000
21424785ns          379518 1c008aaa 02830313 addi             x6, x6, 40           x6=1c000028  x6:1c000000
21424845ns          379521 1c008aae 00032303 lw               x6, 0(x6)            x6=0c000000  x6:1c000028  PA:1c000028
21425203ns          379539 1c008ab2 a06686d3 fle.s            x13, f13, f6        x13=00000000 f13:3db8c4b7  f6:0c000000
21425223ns          379540 1c008ab6 00068363 beq              x13, x0, 6          x13:00000000
21425342ns          379546 1c008abc fffd8693 addi             x13, x27, -1        x13=00000000 x27:00000001
21425362ns          379547 1c008ac0 000d9463 bne              x27, x0, 8          x27:00000001
21425421ns          379550 1c008ac8 00269713 slli             x14, x13, 0x2       x14=00000000 x13:00000000
21425441ns          379551 1c008acc 0e010393 addi             x7, x2, 224          x7=10000e78  x2:10000d98
21425501ns          379554 1c008ad0 00e385b3 add              x11, x7, x14        x11=10000e78  x7:10000e78 x14:00000000
21425541ns          379556 1c008ad4 f605a503 lw               x10, -160(x11)      x10=3a506c31 x11:10000e78  PA:10000dd8
21425581ns          379558 1c008ad8 a1e515d3 flt.s            x11, f10, f30       x11=00000000 f10:3a506c31 f30:00000000
21425600ns          379559 1c008adc 00058363 beq              x11, x0, 6          x11:00000000
21425680ns          379563 1c008ae2 0e010413 addi             x8, x2, 224          x8=10000e78  x2:10000d98
21425700ns          379564 1c008ae4 00e405b3 add              x11, x8, x14        x11=10000e78  x8:10000e78 x14:00000000
21425720ns          379565 1c008ae8 f4c5a583 lw               x11, -180(x11)      x11=4213e25f x11:10000e78  PA:10000dc4
21425760ns          379567 1c008aec a1e59853 flt.s            x16, f11, f30       x16=00000000 f11:4213e25f f30:00000000
21425799ns          379569 1c008af0 00080463 beq              x16, x0, 8          x16:00000000
21425859ns          379572 1c008af8 00b00833 add              x16, x0, x11        x16=4213e25f x11:4213e25f
21425879ns          379573 1c008afa a1e618d3 flt.s            x17, f12, f30       x17=00000000 f12:415ae2cf f30:00000000
21425939ns          379576 1c008afe 00088463 beq              x17, x0, 8          x17:00000000
21426018ns          379580 1c008b06 1c0004b7 lui              x9, 0x1c000000       x9=1c000000
21426038ns          379581 1c008b0a 01067653 fadd.s           f12, f12, f16       f12=xxxxxxxx f12:415ae2cf f16:4213e25f
21426098ns          379584 1c008b0e 02c48493 addi             x9, x9, 44           x9=1c00002c  x9:1c000000
21426118ns          379585 1c008b12 0004a483 lw               x9, 0(x9)            x9=34000000  x9:1c00002c  PA:1c00002c
21426456ns          379602 1c008b14 10967653 fmul.s           f12, f12, f9        f12=xxxxxxxx f12:424a9b13  f9:34000000
21426476ns          379603 1c008b18 a0c50653 fle.s            x12, f10, f12       x12=00000000 f10:3a506c31 f12:36ca9b13
21426496ns          379604 1c008b1c 00060363 beq              x12, x0, 6          x12:00000000
21426575ns          379608 1c008b22 1c000637 lui              x12, 0x1c000000     x12=1c000000
21426595ns          379609 1c008b26 02860613 addi             x12, x12, 40        x12=1c000028 x12:1c000000
21426615ns          379610 1c008b2a 00062603 lw               x12, 0(x12)         x12=0c000000 x12:1c000028  PA:1c000028
21426933ns          379626 1c008b2c a0c50553 fle.s            x10, f10, f12       x10=00000000 f10:3a506c31 f12:0c000000
21426953ns          379627 1c008b30 00050363 beq              x10, x0, 6          x10:00000000
21427033ns          379631 1c008b36 ffed8813 addi             x16, x27, -2        x16=ffffffff x27:00000001
21427052ns          379632 1c008b3a 01f83463 p.bneimm         x16, 8              x16:ffffffff
21427112ns          379635 1c008b3e 5620106f jal              x0, 5474           
21427192ns          379639 1c00a0a0 fff00693 addi             x13, x0, -1         x13=ffffffff
21427212ns          379640 1c00a0a2 00000813 addi             x16, x0, 0          x16=00000000
21427231ns          379641 1c00a0a4 b7ffe06f jal              x0, -5250          
21427351ns          379647 1c008c22 3d880de3 beq              x16, x24, 3034      x16:00000000 x24:00000002
21427371ns          379648 1c008c26 002d8393 addi             x7, x27, 2           x7=00000003 x27:00000001
21427391ns          379649 1c008c2a 7c76d5e3 bge              x13, x7, 4042       x13:ffffffff  x7:00000003
21427450ns          379652 1c008c2e 00268f93 addi             x31, x13, 2         x31=00000001 x13:ffffffff
21427490ns          379654 1c008c32 3e780a63 beq              x16, x7, 1012       x16:00000000  x7:00000003
21427510ns          379655 1c008c36 002c1e93 slli             x29, x24, 0x2       x29=00000008 x24:00000002
21427530ns          379656 1c008c3a 04010493 addi             x9, x2, 64           x9=10000dd8  x2:10000d98
21427550ns          379657 1c008c3c ffce8593 addi             x11, x29, -4        x11=00000004 x29:00000008
21427590ns          379659 1c008c40 1c000637 lui              x12, 0x1c000000     x12=1c000000
21427629ns          379661 1c008c44 02c10413 addi             x8, x2, 44           x8=10000dc4  x2:10000d98
21427649ns          379662 1c008c46 1c000537 lui              x10, 0x1c000000     x10=1c000000
21427669ns          379663 1c008c4a 009585b3 add              x11, x11, x9        x11=10000ddc x11:00000004  x9:10000dd8
21427689ns          379664 1c008c4c 02862483 lw               x9, 40(x12)          x9=0c000000 x12:1c000000  PA:1c000028
21428007ns          379680 1c008c50 01d40333 add              x6, x8, x29          x6=10000dcc  x8:10000dc4 x29:00000008
21428027ns          379681 1c008c54 00700733 add              x14, x0, x7         x14=00000003  x7:00000003
21428047ns          379682 1c008c56 02c52403 lw               x8, 44(x10)          x8=34000000 x10:1c000000  PA:1c00002c
21428345ns          379697 1c008c5a 00168693 addi             x13, x13, 1         x13=00000000 x13:ffffffff
21428365ns          379698 1c008c5c 00000e13 addi             x28, x0, 0          x28=00000000
21428385ns          379699 1c008c60 41038533 sub              x10, x7, x16        x10=00000003  x7:00000003 x16:00000000
21428405ns          379700 1c008c64 1e0540fb lp.setup         0x1, x10, 0x1e0     x10:00000003
21428425ns          379701 1c008c68 fff70893 addi             x17, x14, -1        x17=00000002 x14:00000003
21428445ns          379702 1c008c6c 00000793 addi             x15, x0, 0          x15=00000000
21428485ns          379704 1c008c70 00ec4763 blt              x24, x14, 14        x24:00000002 x14:00000003
21428982ns          379729 1c008c7e 00efd963 bge              x31, x14, 18        x31:00000001 x14:00000003
21429002ns          379730 1c008c82 0005a603 lw               x12, 0(x11)         x12=bdb8c4b7 x11:10000ddc  PA:10000ddc
21429042ns          379732 1c008c84 a1c61f53 flt.s            x30, f12, f28       x30=00000001 f12:bdb8c4b7 f28:00000000
21429061ns          379733 1c008c88 380f1163 bne              x30, x0, 898        x30:00000001
21429240ns          379742 1c00900a 20c61653 fsgnjn.s         f12, f12, f12       f12=xxxxxxxx f12:bdb8c4b7 f12:bdb8c4b7
21429260ns          379743 1c00900e c7fff06f jal              x0, -898           
21429340ns          379747 1c008c8c 00c7f7d3 fadd.s           f15, f15, f12       f15=xxxxxxxx f15:00000000 f12:3db8c4b7
21429360ns          379748 1c008c90 ffc3260b p.lw             x12, -4(x6!)        x12=c11c59f7  x6=10000dc8  x6:10000dcc  PA:10000dcc
21429400ns          379750 1c008c94 a1c61f53 flt.s            x30, f12, f28       x30=00000001 f12:c11c59f7 f28:00000000
21429419ns          379751 1c008c98 000f0463 beq              x30, x0, 8          x30:00000001
21429439ns          379752 1c008c9c 20c61653 fsgnjn.s         f12, f12, f12       f12=xxxxxxxx f12:c11c59f7 f12:c11c59f7
21429857ns          379773 1c008ca0 1087f7d3 fmul.s           f15, f15, f8        f15=xxxxxxxx f15:3db8c4b7  f8:34000000
21429897ns          379775 1c008ca4 a0f607d3 fle.s            x15, f12, f15       x15=00000000 f12:411c59f7 f15:3238c4b7
21429917ns          379776 1c008ca8 00079563 bne              x15, x0, 10         x15:00000000
21429937ns          379777 1c008caa a0960653 fle.s            x12, f12, f9        x12=00000000 f12:411c59f7  f9:0c000000
21429996ns          379780 1c008cae 36060663 beq              x12, x0, 876        x12:00000000
21430076ns          379784 1c00901a 00d71463 bne              x14, x13, 8         x14:00000003 x13:00000000
21430175ns          379789 1c009022 01100733 add              x14, x0, x17        x14=00000002 x17:00000002
21430195ns          379790 1c009024 ffc58593 addi             x11, x11, -4        x11=10000dd8 x11:10000ddc
21430215ns          379791 1c008c68 fff70893 addi             x17, x14, -1        x17=00000001 x14:00000002
21430235ns          379792 1c008c6c 00000793 addi             x15, x0, 0          x15=00000000
21430255ns          379793 1c008c70 00ec4763 blt              x24, x14, 14        x24:00000002 x14:00000002
21430275ns          379794 1c008c74 0045a783 lw               x15, 4(x11)         x15=bdb8c4b7 x11:10000dd8  PA:10000ddc
21430315ns          379796 1c008c76 a1c79653 flt.s            x12, f15, f28       x12=00000001 f15:bdb8c4b7 f28:00000000
21430334ns          379797 1c008c7a 38061b63 bne              x12, x0, 918        x12:00000001
21430394ns          379800 1c009010 20f797d3 fsgnjn.s         f15, f15, f15       f15=xxxxxxxx f15:bdb8c4b7 f15:bdb8c4b7
21430414ns          379801 1c009014 c6bff06f jal              x0, -918           
21430474ns          379804 1c008c7e 00efd963 bge              x31, x14, 18        x31:00000001 x14:00000002
21430494ns          379805 1c008c82 0005a603 lw               x12, 0(x11)         x12=3a506c31 x11:10000dd8  PA:10000dd8
21430533ns          379807 1c008c84 a1c61f53 flt.s            x30, f12, f28       x30=00000000 f12:3a506c31 f28:00000000
21430553ns          379808 1c008c88 380f1163 bne              x30, x0, 898        x30:00000000
21430573ns          379809 1c008c8c 00c7f7d3 fadd.s           f15, f15, f12       f15=xxxxxxxx f15:3db8c4b7 f12:3a506c31
21430593ns          379810 1c008c90 ffc3260b p.lw             x12, -4(x6!)        x12=415ae2cf  x6=10000dc4  x6:10000dc8  PA:10000dc8
21430633ns          379812 1c008c94 a1c61f53 flt.s            x30, f12, f28       x30=00000000 f12:415ae2cf f28:00000000
21430653ns          379813 1c008c98 000f0463 beq              x30, x0, 8          x30:00000000
21430712ns          379816 1c008ca0 1087f7d3 fmul.s           f15, f15, f8        f15=xxxxxxxx f15:3dba658f  f8:34000000
21430732ns          379817 1c008ca4 a0f607d3 fle.s            x15, f12, f15       x15=00000000 f12:415ae2cf f15:323a658f
21430752ns          379818 1c008ca8 00079563 bne              x15, x0, 10         x15:00000000
21430772ns          379819 1c008caa a0960653 fle.s            x12, f12, f9        x12=00000000 f12:415ae2cf  f9:0c000000
21430792ns          379820 1c008cae 36060663 beq              x12, x0, 876        x12:00000000
21430871ns          379824 1c00901a 00d71463 bne              x14, x13, 8         x14:00000002 x13:00000000
21430931ns          379827 1c009022 01100733 add              x14, x0, x17        x14=00000001 x17:00000001
21430951ns          379828 1c009024 ffc58593 addi             x11, x11, -4        x11=10000dd4 x11:10000dd8
21430971ns          379829 1c008c68 fff70893 addi             x17, x14, -1        x17=00000000 x14:00000001
21430991ns          379830 1c008c6c 00000793 addi             x15, x0, 0          x15=00000000
21431011ns          379831 1c008c70 00ec4763 blt              x24, x14, 14        x24:00000002 x14:00000001
21431031ns          379832 1c008c74 0045a783 lw               x15, 4(x11)         x15=3a506c31 x11:10000dd4  PA:10000dd8
21431070ns          379834 1c008c76 a1c79653 flt.s            x12, f15, f28       x12=00000000 f15:3a506c31 f28:00000000
21431090ns          379835 1c008c7a 38061b63 bne              x12, x0, 918        x12:00000000
21431110ns          379836 1c008c7e 00efd963 bge              x31, x14, 18        x31:00000001 x14:00000001
21431170ns          379839 1c008c90 ffc3260b p.lw             x12, -4(x6!)        x12=4213e25f  x6=10000dc0  x6:10000dc4  PA:10000dc4
21431210ns          379841 1c008c94 a1c61f53 flt.s            x30, f12, f28       x30=00000000 f12:4213e25f f28:00000000
21431230ns          379842 1c008c98 000f0463 beq              x30, x0, 8          x30:00000000
21431289ns          379845 1c008ca0 1087f7d3 fmul.s           f15, f15, f8        f15=xxxxxxxx f15:3a506c31  f8:34000000
21431309ns          379846 1c008ca4 a0f607d3 fle.s            x15, f12, f15       x15=00000000 f12:4213e25f f15:2ed06c31
21431329ns          379847 1c008ca8 00079563 bne              x15, x0, 10         x15:00000000
21431349ns          379848 1c008caa a0960653 fle.s            x12, f12, f9        x12=00000000 f12:4213e25f  f9:0c000000
21431369ns          379849 1c008cae 36060663 beq              x12, x0, 876        x12:00000000
21431448ns          379853 1c00901a 00d71463 bne              x14, x13, 8         x14:00000001 x13:00000000
21431508ns          379856 1c009022 01100733 add              x14, x0, x17        x14=00000000 x17:00000000
21431528ns          379857 1c009024 ffc58593 addi             x11, x11, -4        x11=10000dd0 x11:10000dd4
21431548ns          379858 1c009026 00000793 addi             x15, x0, 0          x15=00000000
21431568ns          379859 1c00902a a0f297d3 flt.s            x15, f5, f15        x15=00000001  f5:c11c59f7 f15:00000000
21431588ns          379860 1c00902e 005006b3 add              x13, x0, x5         x13=c11c59f7  x5:c11c59f7
21431627ns          379862 1c009030 00078363 beq              x15, x0, 6          x15:00000001
21431667ns          379864 1c009032 205296d3 fsgnjn.s         f13, f5, f5         f13=xxxxxxxx  f5:c11c59f7  f5:c11c59f7
21431687ns          379865 1c009036 002d9593 slli             x11, x27, 0x2       x11=00000004 x27:00000001
21431707ns          379866 1c00903a 0e010613 addi             x12, x2, 224        x12=10000e78  x2:10000d98
21431727ns          379867 1c00903c 00b607b3 add              x15, x12, x11       x15=10000e7c x12:10000e78 x11:00000004
21431767ns          379869 1c009040 f4c7a603 lw               x12, -180(x15)      x12=415ae2cf x15:10000e7c  PA:10000dc8
21431806ns          379871 1c009044 00000793 addi             x15, x0, 0          x15=00000000
21431826ns          379872 1c009048 a0f617d3 flt.s            x15, f12, f15       x15=00000000 f12:415ae2cf f15:00000000
21431846ns          379873 1c00904c 00b12423 sw               x11, 8(x2)          x11:00000004  x2:10000d98  PA:10000da0
21431866ns          379874 1c00904e 06d12423 sw               x13, 104(x2)        x13:411c59f7  x2:10000d98  PA:10000e00
21431906ns          379876 1c009050 00c00533 add              x10, x0, x12        x10=415ae2cf x12:415ae2cf
21431926ns          379877 1c009052 00b008b3 add              x17, x0, x11        x17=00000004 x11:00000004
21431946ns          379878 1c009054 00078363 beq              x15, x0, 6          x15:00000000
21432005ns          379881 1c00905a 0e010713 addi             x14, x2, 224        x14=10000e78  x2:10000d98
21432025ns          379882 1c00905c 011707b3 add              x15, x14, x17       x15=10000e7c x14:10000e78 x17:00000004
21432085ns          379885 1c009060 f607a783 lw               x15, -160(x15)      x15=bdb8c4b7 x15:10000e7c  PA:10000ddc
21432164ns          379889 1c009064 00000713 addi             x14, x0, 0          x14=00000000
21432184ns          379890 1c009068 a0e79753 flt.s            x14, f15, f14       x14=00000001 f15:bdb8c4b7 f14:00000000
21432204ns          379891 1c00906c 06a12623 sw               x10, 108(x2)        x10:415ae2cf  x2:10000d98  PA:10000e04
21432224ns          379892 1c00906e 00070363 beq              x14, x0, 6          x14:00000001
21432244ns          379893 1c009070 2320106f jal              x0, 4658           
21432363ns          379899 1c00a2a2 20f79753 fsgnjn.s         f14, f15, f15       f14=xxxxxxxx f15:bdb8c4b7 f15:bdb8c4b7
21432383ns          379900 1c00a2a6 dd1fe06f jal              x0, -4656          
21432423ns          379902 1c009076 00281813 slli             x16, x16, 0x2       x16=00000000 x16:00000000
21432443ns          379903 1c009078 0e010993 addi             x19, x2, 224        x19=10000e78  x2:10000d98
21432463ns          379904 1c00907c 010985b3 add              x11, x19, x16       x11=10000e78 x19:10000e78 x16:00000000
21432900ns          379926 1c009080 f4c5a883 lw               x17, -180(x11)      x17=4213e25f x11:10000e78  PA:10000dc4
21432940ns          379928 1c009084 00000593 addi             x11, x0, 0          x11=00000000
21432960ns          379929 1c009088 a0b895d3 flt.s            x11, f17, f11       x11=00000000 f17:4213e25f f11:00000000
21432980ns          379930 1c00908c 06e12823 sw               x14, 112(x2)        x14:3db8c4b7  x2:10000d98  PA:10000e08
21433000ns          379931 1c00908e 01100e33 add              x28, x0, x17        x28=4213e25f x17:4213e25f
21433040ns          379933 1c009090 00058363 beq              x11, x0, 6          x11:00000000
21433119ns          379937 1c009096 0e010e93 addi             x29, x2, 224        x29=10000e78  x2:10000d98
21433139ns          379938 1c00909a 01d80833 add              x16, x16, x29       x16=10000e78 x16:00000000 x29:10000e78
21433159ns          379939 1c00909c f6082303 lw               x6, -160(x16)        x6=3a506c31 x16:10000e78  PA:10000dd8
21433577ns          379960 1c0090a0 00000593 addi             x11, x0, 0          x11=00000000
21433616ns          379962 1c0090a4 a0b315d3 flt.s            x11, f6, f11        x11=00000000  f6:3a506c31 f11:00000000
21433636ns          379963 1c0090a8 07c12a23 sw               x28, 116(x2)        x28:4213e25f  x2:10000d98  PA:10000e0c
21433656ns          379964 1c0090aa 00058363 beq              x11, x0, 6          x11:00000000
21433756ns          379969 1c0090b0 006005b3 add              x11, x0, x6         x11=3a506c31  x6:3a506c31
21433776ns          379970 1c0090b2 a0d6a853 feq.s            x16, f13, f13       x16=00000001 f13:411c59f7 f13:411c59f7
21433795ns          379971 1c0090b6 06b12c23 sw               x11, 120(x2)        x11:3a506c31  x2:10000d98  PA:10000e10
21433815ns          379972 1c0090b8 00080463 beq              x16, x0, 8          x16:00000001
21433835ns          379973 1c0090bc 0080106f jal              x0, 4104           
21433955ns          379979 1c00a0c4 a0a69853 flt.s            x16, f13, f10       x16=00000001 f13:411c59f7 f10:415ae2cf
21433994ns          379981 1c00a0c8 1e080563 beq              x16, x0, 490        x16:00000001
21434014ns          379982 1c00a0cc a0e516d3 flt.s            x13, f10, f14       x13=00000000 f10:415ae2cf f14:3db8c4b7
21434074ns          379985 1c00a0d0 28069163 bne              x13, x0, 642        x13:00000000
21434114ns          379987 1c00a0d4 07412703 lw               x14, 116(x2)        x14=4213e25f  x2:10000d98  PA:10000e0c
21434153ns          379989 1c00a0d6 a0e516d3 flt.s            x13, f10, f14       x13=00000001 f10:415ae2cf f14:4213e25f
21434173ns          379990 1c00a0da 00069263 bne              x13, x0, 4          x13:00000001
21434273ns          379995 1c00a0de a0b716d3 flt.s            x13, f14, f11       x13=00000000 f14:4213e25f f11:3a506c31
21434293ns          379996 1c00a0e2 84069063 bne              x13, x0, -4032      x13:00000000
21434313ns          379997 1c00a0e6 00e005b3 add              x11, x0, x14        x11=4213e25f x14:4213e25f
21434332ns          379998 1c00a0e8 83aff06f jal              x0, -4038          
21434511ns          380007 1c009122 1c0004b7 lui              x9, 0x1c000000       x9=1c000000
21434531ns          380008 1c009126 0204a703 lw               x14, 32(x9)         x14=3f800000  x9:1c000000  PA:1c000020
21434850ns          380024 1c00912a 18b77753 fdiv.s           f14, f14, f11       f14=xxxxxxxx f14:3f800000 f11:4213e25f
21435128ns          380038 1c00912e 105772d3 fmul.s           f5, f14, f5          f5=xxxxxxxx f14:3cdd9424  f5:c11c59f7
21435148ns          380039 1c009132 10e7f7d3 fmul.s           f15, f15, f14       f15=xxxxxxxx f15:bdb8c4b7 f14:3cdd9424
21435168ns          380040 1c009136 00000513 addi             x10, x0, 0          x10=00000000
21435188ns          380041 1c00913a 28e676c3 fmadd.s          f13, f12, f14, f5   f13=xxxxxxxx f12:415ae2cf f14:3cdd9424  f5:be875424
21435247ns          380044 1c00913e 28e67e47 fmsub.s          f28, f12, f14, f5   f28=xxxxxxxx f12:415ae2cf f14:3cdd9424  f5:be875424
21435287ns          380046 1c009142 10f7f853 fmul.s           f16, f15, f15       f16=xxxxxxxx f15:bb1fecbe f15:bb1fecbe
21435307ns          380047 1c009146 10f2f653 fmul.s           f12, f5, f15        f12=xxxxxxxx  f5:be875424 f15:bb1fecbe
21435327ns          380048 1c00914a 10e8f7d3 fmul.s           f15, f17, f14       f15=xxxxxxxx f17:4213e25f f14:3cdd9424
21435387ns          380051 1c00914e 1c000737 lui              x14, 0x1c000000     x14=1c000000
21435426ns          380053 1c009152 81c6f6c3 fmadd.s          f13, f13, f28, f16  f13=xxxxxxxx f13:3dd8814a f28:3f22644d f16:36c7cfde
21435446ns          380054 1c009156 03070713 addi             x14, x14, 48        x14=1c000030 x14:1c000000
21435466ns          380055 1c00915a 00072703 lw               x14, 0(x14)         x14=3f000000 x14:1c000030  PA:1c000030
21435804ns          380072 1c00915c 10c67653 fmul.s           f12, f12, f12       f12=xxxxxxxx f12:3a2914d1 f12:3a2914d1
21435824ns          380073 1c009160 10e6f6d3 fmul.s           f13, f13, f14       f13=xxxxxxxx f13:3d8959c4 f14:3f000000
21435844ns          380074 1c009164 a0a6a753 feq.s            x14, f13, f10       x14=00000000 f13:3d0959c4 f10:00000000
21435864ns          380075 1c009168 00070663 beq              x14, x0, 12         x14:00000000
21435964ns          380080 1c009174 00000513 addi             x10, x0, 0          x10=00000000
21435983ns          380081 1c009178 a0a69553 flt.s            x10, f13, f10       x10=00000000 f13:3d0959c4 f10:00000000
21436003ns          380082 1c00917c 60d6f743 fmadd.s          f14, f13, f13, f12  f14=xxxxxxxx f13:3d0959c4 f13:3d0959c4 f12:34df58fb
21436123ns          380088 1c009180 58077753 fsqrt.s          f14, f14            f14=xxxxxxxx f14:3a93705c
21436421ns          380103 1c009184 00050363 beq              x10, x0, 6          x10:00000000
21436501ns          380107 1c00918a 00e6f6d3 fadd.s           f13, f13, f14       f13=xxxxxxxx f13:3d0959c4 f14:3d096045
21436520ns          380108 1c00918e 18d67753 fdiv.s           f14, f12, f13       f14=xxxxxxxx f12:34df58fb f13:3d895d04
21436540ns          380109 1c009192 00f2f853 fadd.s           f16, f5, f15        f16=xxxxxxxx  f5:be875424 f15:3f7fffff
21436819ns          380123 1c009196 0857f6d3 fsub.s           f13, f15, f5        f13=xxxxxxxx f15:3f7fffff  f5:be875424
21436839ns          380124 1c00919a 18b375d3 fdiv.s           f11, f6, f11        f11=xxxxxxxx  f6:3a506c31 f11:4213e25f
21437117ns          380138 1c00919e 10b7f7d3 fmul.s           f15, f15, f11       f15=xxxxxxxx f15:3f7fffff f11:37b46602
21437137ns          380139 1c0091a2 70d87843 fmadd.s          f16, f16, f13, f14  f16=xxxxxxxx f16:3f3c55ed f13:3fa1d508 f14:36d01f86
21437157ns          380140 1c0091a6 5dfc4563 blt              x24, x31, 1482      x24:00000002 x31:00000001
21437177ns          380141 1c0091aa 002f9693 slli             x13, x31, 0x2       x13=00000004 x31:00000001
21437614ns          380163 1c0091ae 01f68333 add              x6, x13, x31         x6=00000005 x13:00000004 x31:00000001
21437634ns          380164 1c0091b2 00231313 slli             x6, x6, 0x2          x6=00000014  x6:00000005
21437654ns          380165 1c0091b4 058fc733 p.min            x14, x31, x24       x14=00000001 x31:00000001 x24:00000002
21437674ns          380166 1c0091b8 02c10893 addi             x17, x2, 44         x17=10000dc4  x2:10000d98
21437694ns          380167 1c0091bc 0e010993 addi             x19, x2, 224        x19=10000e78  x2:10000d98
21437754ns          380170 1c0091c0 ffc68a13 addi             x20, x13, -4        x20=00000000 x13:00000004
21437793ns          380172 1c0091c4 fec30e13 addi             x28, x6, -20        x28=00000000  x6:00000014
21437813ns          380173 1c0091c8 00d88ab3 add              x21, x17, x13       x21=10000dc8 x17:10000dc4 x13:00000004
21437833ns          380174 1c0091cc 00d98633 add              x12, x19, x13       x12=10000e7c x19:10000e78 x13:00000004
21437893ns          380177 1c0091d0 41f70b33 sub              x22, x14, x31       x22=00000000 x14:00000001 x31:00000001
21437933ns          380179 1c0091d4 04010393 addi             x7, x2, 64           x7=10000dd8  x2:10000d98
21437953ns          380180 1c0091d8 001f8693 addi             x13, x31, 1         x13=00000002 x31:00000001
21437972ns          380181 1c0091dc 00170713 addi             x14, x14, 1         x14=00000002 x14:00000001
21438032ns          380184 1c0091de 006c8eb3 add              x29, x25, x6        x29=10000f34 x25:10000f20  x6:00000014
21438072ns          380186 1c0091e2 01488bb3 add              x23, x17, x20       x23=10000dc4 x17:10000dc4 x20:00000000
21438092ns          380187 1c0091e6 01cc8f33 add              x30, x25, x28       x30=10000f20 x25:10000f20 x28:00000000
21438112ns          380188 1c0091ea f5c62503 lw               x10, -164(x12)      x10=3a506c31 x12:10000e7c  PA:10000dd8
21438171ns          380191 1c0091ee ffcaa583 lw               x11, -4(x21)        x11=4213e25f x21:10000dc8  PA:10000dc4
21438191ns          380192 1c0091f2 01a30333 add              x6, x6, x26          x6=10000ed0  x6:00000014 x26:10000ebc
21438211ns          380193 1c0091f4 007a0a33 add              x20, x20, x7        x20=10000dd8 x20:00000000  x7:10000dd8
21438231ns          380194 1c0091f6 01ae0e33 add              x28, x28, x26       x28=10000ebc x28:00000000 x26:10000ebc
21438251ns          380195 1c0091f8 00000293 addi             x5, x0, 0            x5=00000000
21438271ns          380196 1c0091fc 001b0b13 addi             x22, x22, 1         x22=00000001 x22:00000000
21438311ns          380198 1c0091fe 00d75463 bge              x14, x13, 8         x14:00000002 x13:00000002
21438390ns          380202 1c009206 145b40fb lp.setup         0x1, x22, 0x145     x22:00000001
21438410ns          380203 1c00920a a0581753 flt.s            x14, f16, f5        x14=00000000 f16:3f6e1def  f5:00000000
21438430ns          380204 1c00920e 01000633 add              x12, x0, x16        x12=3f6e1def x16:3f6e1def
21438470ns          380206 1c009210 00070363 beq              x14, x0, 6          x14:00000000
21438549ns          380210 1c009216 a0579753 flt.s            x14, f15, f5        x14=00000000 f15:37b46601  f5:00000000
21438569ns          380211 1c00921a 00f008b3 add              x17, x0, x15        x17=37b46601 x15:37b46601
21438589ns          380212 1c00921c 00070363 beq              x14, x0, 6          x14:00000000
21438689ns          380217 1c009222 a0c89753 flt.s            x14, f17, f12       x14=00000001 f17:37b46601 f12:3f6e1def
21438708ns          380218 1c009226 010006b3 add              x13, x0, x16        x13=3f6e1def x16:3f6e1def
21438728ns          380219 1c009228 00071263 bne              x14, x0, 4          x14:00000001
21438828ns          380224 1c00922c 01167753 fadd.s           f14, f12, f17       f14=xxxxxxxx f12:3f6e1def f17:37b46601
21438848ns          380225 1c009230 a05723d3 feq.s            x7, f14, f5          x7=00000000 f14:3f6e1f58  f5:00000000
21438868ns          380226 1c009234 00038463 beq              x7, x0, 8            x7:00000000
21438927ns          380229 1c00923c 1c000437 lui              x8, 0x1c000000       x8=1c000000
21438987ns          380232 1c009240 02040413 addi             x8, x8, 32           x8=1c000020  x8:1c000000
21439027ns          380234 1c009244 00042403 lw               x8, 0(x8)            x8=3f800000  x8:1c000020  PA:1c000020
21439345ns          380250 1c009246 18e473d3 fdiv.s           f7, f8, f14          f7=xxxxxxxx  f8:3f800000 f14:3f6e1f58
21439623ns          380264 1c00924a 1078f8d3 fmul.s           f17, f17, f7        f17=xxxxxxxx f17:37b46601  f7:3f899c21
21439643ns          380265 1c00924e 10767653 fmul.s           f12, f12, f7        f12=xxxxxxxx f12:3f6e1def  f7:3f899c21
21439663ns          380266 1c009252 a05696d3 flt.s            x13, f13, f5        x13=00000000 f13:3f6e1def  f5:00000000
21439683ns          380267 1c009256 1118f8d3 fmul.s           f17, f17, f17       f17=xxxxxxxx f17:37c1f138 f17:37c1f138
21439703ns          380268 1c00925a 88c67643 fmadd.s          f12, f12, f12, f17  f12=xxxxxxxx f12:3f7ffe7c f12:3f7ffe7c f17:3012ed9a
21439763ns          380271 1c00925e 58067653 fsqrt.s          f12, f12            f12=xxxxxxxx f12:3f7ffcf8
21440061ns          380286 1c009262 10c77753 fmul.s           f14, f14, f12       f14=xxxxxxxx f14:3f6e1f58 f12:3f7ffe7c
21440081ns          380287 1c009266 00068363 beq              x13, x0, 6          x13:00000000
21440200ns          380293 1c00926c 1c0004b7 lui              x9, 0x1c000000       x9=1c000000
21440220ns          380294 1c009270 02048493 addi             x9, x9, 32           x9=1c000020  x9:1c000000
21440240ns          380295 1c009274 0004a483 lw               x9, 0(x9)            x9=3f800000  x9:1c000020  PA:1c000020
21440558ns          380311 1c009276 18e4f753 fdiv.s           f14, f9, f14        f14=xxxxxxxx  f9:3f800000 f14:3f6e1def
21440837ns          380325 1c00927a 10e87653 fmul.s           f12, f16, f14       f12=xxxxxxxx f16:3f6e1def f14:3f899cf2
21440857ns          380326 1c00927e 10e7f7d3 fmul.s           f15, f15, f14       f15=xxxxxxxx f15:37b46601 f14:3f899cf2
21440877ns          380327 1c009282 000e2683 lw               x13, 0(x28)         x13=3eb94766 x28:10000ebc  PA:10000ebc
21440896ns          380328 1c009286 00032803 lw               x16, 0(x6)          x16=bee2b386  x6:10000ed0  PA:10000ed0
21440916ns          380329 1c00928a 10d7f3d3 fmul.s           f7, f15, f13         f7=xxxxxxxx f15:37c1f25e f13:3eb94766
21440976ns          380332 1c00928e 1107f8d3 fmul.s           f17, f15, f16       f17=xxxxxxxx f15:37c1f25e f16:bee2b386
21441016ns          380334 1c009292 10f57753 fmul.s           f14, f10, f15       f14=xxxxxxxx f10:3a506c31 f15:37c1f25e
21441036ns          380335 1c009296 39067847 fmsub.s          f16, f12, f16, f7   f16=xxxxxxxx f12:3f800000 f16:bee2b386  f7:370c5e3d
21441056ns          380336 1c00929a 88d676c3 fmadd.s          f13, f12, f13, f17  f13=xxxxxxxx f12:3f800000 f13:3eb94766 f17:b72bbff9
21441115ns          380339 1c00929e 10b7f3d3 fmul.s           f7, f15, f11         f7=xxxxxxxx f15:37c1f25e f11:4213e25f
21441155ns          380341 1c0092a2 01032023 sw               x16, 0(x6)          x16:bee2b49f  x6:10000ed0  PA:10000ed0
21441175ns          380342 1c0092a6 00de2023 sw               x13, 0(x28)         x13:3eb9460f x28:10000ebc  PA:10000ebc
21441195ns          380343 1c0092aa 004e2803 lw               x16, 4(x28)         x16=3ef87301 x28:10000ebc  PA:10000ec0
21441254ns          380346 1c0092ae 00432883 lw               x17, 4(x6)          x17=3ebc465d  x6:10000ed0  PA:10000ed4
21441294ns          380348 1c0092b2 1107f453 fmul.s           f8, f15, f16         f8=xxxxxxxx f15:37c1f25e f16:3ef87301
21441314ns          380349 1c0092b6 1117f6d3 fmul.s           f13, f15, f17       f13=xxxxxxxx f15:37c1f25e f17:3ebc465d
21441334ns          380350 1c0092ba 70b67743 fmadd.s          f14, f12, f11, f14  f14=xxxxxxxx f12:3f800000 f11:4213e25f f14:329de6e4
21441394ns          380353 1c0092be 411678c7 fmsub.s          f17, f12, f17, f8   f17=xxxxxxxx f12:3f800000 f17:3ebc465d  f8:373c39ec
21441433ns          380355 1c0092c2 69067843 fmadd.s          f16, f12, f16, f13  f16=xxxxxxxx f12:3f800000 f16:3ef87301 f13:370ea34c
21441453ns          380356 1c0092c6 38c576c7 fmsub.s          f13, f10, f12, f7   f13=xxxxxxxx f10:3a506c31 f12:3f800000  f7:3a601358
21441473ns          380357 1c0092ca 01132223 sw               x17, 4(x6)          x17:3ebc44e5  x6:10000ed0  PA:10000ed4
21441533ns          380360 1c0092ce 008e2583 lw               x11, 8(x28)         x11=3f084d84 x28:10000ebc  PA:10000ec4
21441573ns          380362 1c0092d2 010e2223 sw               x16, 4(x28)         x16:3ef8741e x28:10000ebc  PA:10000ec0
21441593ns          380363 1c0092d6 00832803 lw               x16, 8(x6)          x16=3e849a49  x6:10000ed0  PA:10000ed8
21441612ns          380364 1c0092da 10b7f8d3 fmul.s           f17, f15, f11       f17=xxxxxxxx f15:37c1f25e f11:3f084d84
21441672ns          380367 1c0092de 1107f553 fmul.s           f10, f15, f16       f10=xxxxxxxx f15:37c1f25e f16:3e849a49
21441712ns          380369 1c0092e2 a05713d3 flt.s            x7, f14, f5          x7=00000000 f14:4213e25f  f5:00000000
21441732ns          380370 1c0092e6 890678c7 fmsub.s          f17, f12, f16, f17  f17=xxxxxxxx f12:3f800000 f16:3e849a49 f17:374e86f8
21441752ns          380371 1c0092ea 50b67543 fmadd.s          f10, f12, f11, f10  f10=xxxxxxxx f12:3f800000 f11:3f084d84 f10:36c8ebb7
21441811ns          380374 1c0092ee 000aa803 lw               x16, 0(x21)         x16=415ae2cf x21:10000dc8  PA:10000dc8
21441851ns          380376 1c0092f2 01132423 sw               x17, 8(x6)          x17:3e8498ac  x6:10000ed0  PA:10000ed8
21441871ns          380377 1c0092f6 00ce2583 lw               x11, 12(x28)        x11=3ee52bcc x28:10000ebc  PA:10000ec8
21441891ns          380378 1c0092fa 00ae2423 sw               x10, 8(x28)         x10:3f084de8 x28:10000ebc  PA:10000ec4
21441951ns          380381 1c0092fe 00c32403 lw               x8, 12(x6)           x8=bf2d37bd  x6:10000ed0  PA:10000edc
21441990ns          380383 1c009302 10b7f8d3 fmul.s           f17, f15, f11       f17=xxxxxxxx f15:37c1f25e f11:3ee52bcc
21442010ns          380384 1c009306 1087f553 fmul.s           f10, f15, f8        f10=xxxxxxxx f15:37c1f25e  f8:bf2d37bd
21442030ns          380385 1c00930a 00da222b p.sw             x13, 4(x20!)        x20=10000ddc x13:b87a7270 x20:10000dd8  PA:10000dd8
21442090ns          380388 1c00930e 88867447 fmsub.s          f8, f12, f8, f17     f8=xxxxxxxx f12:3f800000  f8:bf2d37bd f17:372d9efc
21442130ns          380390 1c009312 50b67543 fmadd.s          f10, f12, f11, f10  f10=xxxxxxxx f12:3f800000 f11:3ee52bcc f10:b7833b04
21442150ns          380391 1c009316 10f875d3 fmul.s           f11, f16, f15       f11=xxxxxxxx f16:415ae2cf f15:37c1f25e
21442169ns          380392 1c00931a 00832623 sw               x8, 12(x6)           x8:bf2d386b  x6:10000ed0  PA:10000edc
21442229ns          380395 1c00931e 010e2403 lw               x8, 16(x28)          x8=3ec62147 x28:10000ebc  PA:10000ecc
21442269ns          380397 1c009322 00ae2623 sw               x10, 12(x28)        x10:3ee529bf x28:10000ebc  PA:10000ec8
21442289ns          380398 1c009326 01032503 lw               x10, 16(x6)         x10=3ec22b98  x6:10000ed0  PA:10000ee0
21442309ns          380399 1c00932a 1087f4d3 fmul.s           f9, f15, f8          f9=xxxxxxxx f15:37c1f25e  f8:3ec62147
21442368ns          380402 1c00932e 10a7f7d3 fmul.s           f15, f15, f10       f15=xxxxxxxx f15:37c1f25e f10:3ec22b98
21442408ns          380404 1c009332 10c878d3 fmul.s           f17, f16, f12       f17=xxxxxxxx f16:415ae2cf f12:3f800000
21442428ns          380405 1c009336 48a67547 fmsub.s          f10, f12, f10, f9   f10=xxxxxxxx f12:3f800000 f10:3ec22b98  f9:37161aab
21442448ns          380406 1c00933a 788677c3 fmadd.s          f15, f12, f8, f15   f15=xxxxxxxx f12:3f800000  f8:3ec62147 f15:37131ab2
21442508ns          380409 1c00933e 00a32823 sw               x10, 16(x6)         x10:3ec22a6c  x6:10000ed0  PA:10000ee0
21442547ns          380411 1c009342 00fe2823 sw               x15, 16(x28)        x15:3ec6226d x28:10000ebc  PA:10000ecc
21442567ns          380412 1c009346 00e007b3 add              x15, x0, x14        x15=4213e25f x14:4213e25f
21442587ns          380413 1c009348 00038463 beq              x7, x0, 8            x7:00000000
21442687ns          380418 1c009350 a0559653 flt.s            x12, f11, f5        x12=00000000 f11:39a5d439  f5:00000000
21442706ns          380419 1c009354 700616e3 bne              x12, x0, 3852       x12:00000000
21442726ns          380420 1c009358 00b00633 add              x12, x0, x11        x12=39a5d439 x11:39a5d439
21442746ns          380421 1c00935a a0f61553 flt.s            x10, f12, f15       x10=00000001 f12:39a5d439 f15:4213e25f
21442766ns          380422 1c00935e 00e00833 add              x16, x0, x14        x16=4213e25f x14:4213e25f
21442806ns          380424 1c009360 00051263 bne              x10, x0, 4          x10:00000001
21442866ns          380427 1c009364 00c7f453 fadd.s           f8, f15, f12         f8=xxxxxxxx f15:4213e25f f12:39a5d439
21442885ns          380428 1c009368 a05423d3 feq.s            x7, f8, f5           x7=00000000  f8:4213e2b2  f5:00000000
21442905ns          380429 1c00936c 6a0397e3 bne              x7, x0, 3758         x7:00000000
21442965ns          380432 1c009370 1c0009b7 lui              x19, 0x1c000000     x19=1c000000
21443005ns          380434 1c009374 02098993 addi             x19, x19, 32        x19=1c000020 x19:1c000000
21443025ns          380435 1c009378 0009a983 lw               x19, 0(x19)         x19=3f800000 x19:1c000020  PA:1c000020
21443343ns          380451 1c00937c 1889f3d3 fdiv.s           f7, f19, f8          f7=xxxxxxxx f19:3f800000  f8:4213e2b2
21443621ns          380465 1c009380 10767653 fmul.s           f12, f12, f7        f12=xxxxxxxx f12:39a5d439  f7:3cdd93a8
21443641ns          380466 1c009384 1077f7d3 fmul.s           f15, f15, f7        f15=xxxxxxxx f15:4213e25f  f7:3cdd93a8
21443661ns          380467 1c009388 a0581853 flt.s            x16, f16, f5        x16=00000000 f16:4213e25f  f5:00000000
21443681ns          380468 1c00938c 10c67653 fmul.s           f12, f12, f12       f12=xxxxxxxx f12:370f87db f12:370f87db
21443721ns          380470 1c009390 60f7f7c3 fmadd.s          f15, f15, f15, f12  f15=xxxxxxxx f15:3f7fff70 f15:3f7fff70 f12:2ea0f21e
21443761ns          380472 1c009394 5807f7d3 fsqrt.s          f15, f15            f15=xxxxxxxx f15:3f7ffee0
21444039ns          380486 1c009398 10f47453 fmul.s           f8, f8, f15          f8=xxxxxxxx  f8:4213e2b2 f15:3f7fff70
21444059ns          380487 1c00939c 00080463 beq              x16, x0, 8          x16:00000000
21444119ns          380490 1c0093a4 1c0003b7 lui              x7, 0x1c000000       x7=1c000000
21444139ns          380491 1c0093a8 02038393 addi             x7, x7, 32           x7=1c000020  x7:1c000000
21444159ns          380492 1c0093ac 0003a383 lw               x7, 0(x7)            x7=3f800000  x7:1c000020  PA:1c000020
21444517ns          380510 1c0093b0 1883f7d3 fdiv.s           f15, f7, f8         f15=xxxxxxxx  f7:3f800000  f8:4213e25f
21444795ns          380524 1c0093b4 10f77653 fmul.s           f12, f14, f15       f12=xxxxxxxx f14:4213e25f f15:3cdd9424
21444815ns          380525 1c0093b8 10f5f3d3 fmul.s           f7, f11, f15         f7=xxxxxxxx f11:39a5d439 f15:3cdd9424
21444835ns          380526 1c0093bc 10c6f853 fmul.s           f16, f13, f12       f16=xxxxxxxx f13:b87a7270 f12:3f7fffff
21444855ns          380527 1c0093c0 207395d3 fsgnjn.s         f11, f7, f7         f11=xxxxxxxx  f7:370f882b  f7:370f882b
21444875ns          380528 1c0093c4 000f2783 lw               x15, 0(x30)         x15=3ed23cc3 x30:10000f20  PA:10000f20
21444894ns          380529 1c0093c8 000ea483 lw               x9, 0(x29)           x9=bdcb6b1a x29:10000f34  PA:10000f34
21444914ns          380530 1c0093cc 1077f953 fmul.s           f18, f15, f7        f18=xxxxxxxx f15:3ed23cc3  f7:370f882b
21444954ns          380532 1c0093d0 1074f553 fmul.s           f10, f9, f7         f10=xxxxxxxx  f9:bdcb6b1a  f7:370f882b
21444994ns          380534 1c0093d4 10c8f753 fmul.s           f14, f17, f12       f14=xxxxxxxx f17:415ae2cf f12:3f7fffff
21445014ns          380535 1c0093d8 90c4f4c7 fmsub.s          f9, f9, f12, f18     f9=xxxxxxxx  f9:bdcb6b1a f12:3f7fffff f18:366bbf89
21445034ns          380536 1c0093dc 50c7f543 fmadd.s          f10, f15, f12, f10  f10=xxxxxxxx f15:3ed23cc3 f12:3f7fffff f10:b5641a0d
21445093ns          380539 1c0093e0 70b6f5c3 fmadd.s          f11, f13, f11, f14  f11=xxxxxxxx f13:b87a7270 f11:b70f882b f14:415ae2ce
21445133ns          380541 1c0093e4 009ea023 sw               x9, 0(x29)           x9:bdcb6cf1 x29:10000f34  PA:10000f34
21445153ns          380542 1c0093e8 00af2023 sw               x10, 0(x30)         x10:3ed23ca6 x30:10000f20  PA:10000f20
21445173ns          380543 1c0093ec 004f2503 lw               x10, 4(x30)         x10=3effbf41 x30:10000f20  PA:10000f24
21445233ns          380546 1c0093f0 004ea483 lw               x9, 4(x29)           x9=3e32472b x29:10000f34  PA:10000f38
21445272ns          380548 1c0093f4 10a3f9d3 fmul.s           f19, f7, f10        f19=xxxxxxxx  f7:370f882b f10:3effbf41
21445292ns          380549 1c0093f8 1093f953 fmul.s           f18, f7, f9         f18=xxxxxxxx  f7:370f882b  f9:3e32472b
21445312ns          380550 1c0093fc 008ba22b p.sw             x8, 4(x23!)         x23=10000dc8  x8:4213e25f x23:10000dc4  PA:10000dc4
21445372ns          380553 1c009400 989674c7 fmsub.s          f9, f12, f9, f19     f9=xxxxxxxx f12:3f7fffff  f9:3e32472b f19:368f63de
21445412ns          380555 1c009404 90a67743 fmadd.s          f14, f12, f10, f18  f14=xxxxxxxx f12:3f7fffff f10:3effbf41 f18:35c7e92a
21445432ns          380556 1c009408 8078f843 fmadd.s          f16, f17, f7, f16   f16=xxxxxxxx f17:415ae2cf  f7:370f882b f16:b87a726f
21445451ns          380557 1c00940c 009ea223 sw               x9, 4(x29)           x9:3e32460c x29:10000f34  PA:10000f38
21445511ns          380560 1c009410 00ef2223 sw               x14, 4(x30)         x14:3effbf72 x30:10000f20  PA:10000f24
21445551ns          380562 1c009414 008f2703 lw               x14, 8(x30)         x14=3ec84d5d x30:10000f20  PA:10000f28
21445571ns          380563 1c009418 008ea483 lw               x9, 8(x29)           x9=3f0fd466 x29:10000f34  PA:10000f3c
21445591ns          380564 1c00941c 10e3f953 fmul.s           f18, f7, f14        f18=xxxxxxxx  f7:370f882b f14:3ec84d5d
21445650ns          380567 1c009420 1093f6d3 fmul.s           f13, f7, f9         f13=xxxxxxxx  f7:370f882b  f9:3f0fd466
21445690ns          380569 1c009424 000a2783 lw               x15, 0(x20)         x15=bdb8c4b7 x20:10000ddc  PA:10000ddc
21445710ns          380570 1c009428 909674c7 fmsub.s          f9, f12, f9, f18     f9=xxxxxxxx f12:3f7fffff  f9:3f0fd466 f18:36609b83
21445730ns          380571 1c00942c 68e676c3 fmadd.s          f13, f12, f14, f13  f13=xxxxxxxx f12:3f7fffff f14:3ec84d5d f13:36a1484c
21445790ns          380574 1c009430 10c7f553 fmul.s           f10, f15, f12       f10=xxxxxxxx f15:bdb8c4b7 f12:3f7fffff
21445829ns          380576 1c009434 009ea423 sw               x9, 8(x29)           x9:3f0fd42d x29:10000f34  PA:10000f3c
21445849ns          380577 1c009438 00cf2703 lw               x14, 12(x30)        x14=3ef69d75 x30:10000f20  PA:10000f2c
21445869ns          380578 1c00943c 00df2423 sw               x13, 8(x30)         x13:3ec84dfd x30:10000f20  PA:10000f28
21445929ns          380581 1c009440 00cea683 lw               x13, 12(x29)        x13=bf4489f4 x29:10000f34  PA:10000f40
21445969ns          380583 1c009444 10e3f4d3 fmul.s           f9, f7, f14          f9=xxxxxxxx  f7:370f882b f14:3ef69d75
21445988ns          380584 1c009448 10d3f453 fmul.s           f8, f7, f13          f8=xxxxxxxx  f7:370f882b f13:bf4489f4
21446008ns          380585 1c00944c 00baa22b p.sw             x11, 4(x21!)        x21=10000dcc x11:415ae2ce x21:10000dc8  PA:10000dc8
21446068ns          380588 1c009450 48d676c7 fmsub.s          f13, f12, f13, f9   f13=xxxxxxxx f12:3f7fffff f13:bf4489f4  f9:368a4521
21446108ns          380590 1c009454 40e67743 fmadd.s          f14, f12, f14, f8   f14=xxxxxxxx f12:3f7fffff f14:3ef69d75  f8:b6dc6333
21446128ns          380591 1c009458 00aa2023 sw               x10, 0(x20)         x10:bdb8c4b6 x20:10000ddc  PA:10000ddc
21446148ns          380592 1c00945c 00dea623 sw               x13, 12(x29)        x13:bf448a38 x29:10000f34  PA:10000f40
21446207ns          380595 1c009460 010f2883 lw               x17, 16(x30)        x17=3ee326bc x30:10000f20  PA:10000f30
21446247ns          380597 1c009464 00ef2623 sw               x14, 12(x30)        x14:3ef69c98 x30:10000f20  PA:10000f2c
21446267ns          380598 1c009468 010ea683 lw               x13, 16(x29)        x13=3e6f9dd2 x29:10000f34  PA:10000f44
21446287ns          380599 1c00946c 1113f453 fmul.s           f8, f7, f17          f8=xxxxxxxx  f7:370f882b f17:3ee326bc
21446346ns          380602 1c009470 10d3f753 fmul.s           f14, f7, f13        f14=xxxxxxxx  f7:370f882b f13:3e6f9dd2
21446386ns          380604 1c009474 1077f7d3 fmul.s           f15, f15, f7        f15=xxxxxxxx f15:bdb8c4b7  f7:370f882b
21446406ns          380605 1c009478 40d676c7 fmsub.s          f13, f12, f13, f8   f13=xxxxxxxx f12:3f7fffff f13:3e6f9dd2  f8:367eb6eb
21446426ns          380606 1c00947c 71167743 fmadd.s          f14, f12, f17, f14  f14=xxxxxxxx f12:3f7fffff f17:3ee326bc f14:3606589c
21446486ns          380609 1c009480 001f8f93 addi             x31, x31, 1         x31=00000002 x31:00000001
21446526ns          380611 1c009482 00dea823 sw               x13, 16(x29)        x13:3e6f9cd2 x29:10000f34  PA:10000f44
21446545ns          380612 1c009486 00ef2823 sw               x14, 16(x30)        x14:3ee326fe x30:10000f20  PA:10000f30
21446565ns          380613 1c00948a 014e8e93 addi             x29, x29, 20        x29=10000f48 x29:10000f34
21446585ns          380614 1c00948c 01430313 addi             x6, x6, 20           x6=10000ee4  x6:10000ed0
21446605ns          380615 1c00948e 014f0f13 addi             x30, x30, 20        x30=10000f34 x30:10000f20
21446625ns          380616 1c009490 014e0e13 addi             x28, x28, 20        x28=10000ed0 x28:10000ebc
21446665ns          380618 1c009492 2dfc4f63 blt              x24, x31, 734       x24:00000002 x31:00000002
21446685ns          380619 1c009496 002f9713 slli             x14, x31, 0x2       x14=00000008 x31:00000002
21446705ns          380620 1c00949a ffc70b13 addi             x22, x14, -4        x22=00000004 x14:00000008
21446764ns          380623 1c00949e 002c1913 slli             x18, x24, 0x2       x18=00000008 x24:00000002
21446804ns          380625 1c0094a2 01f70633 add              x12, x14, x31       x12=0000000a x14:00000008 x31:00000002
21446824ns          380626 1c0094a6 41690933 sub              x18, x18, x22       x18=00000004 x18:00000008 x22:00000004
21446844ns          380627 1c0094aa 02c10513 addi             x10, x2, 44         x10=10000dc4  x2:10000d98
21446864ns          380628 1c0094ac 04010593 addi             x11, x2, 64         x11=10000dd8  x2:10000d98
21446884ns          380629 1c0094ae 00261613 slli             x12, x12, 0x2       x12=00000028 x12:0000000a
21446903ns          380630 1c0094b0 00e50ab3 add              x21, x10, x14       x21=10000dcc x10:10000dc4 x14:00000008
21446943ns          380632 1c0094b4 00e58a33 add              x20, x11, x14       x20=10000de0 x11:10000dd8 x14:00000008
21446963ns          380633 1c0094b8 ffc90913 addi             x18, x18, -4        x18=00000000 x18:00000004
21446983ns          380634 1c0094ba ff870713 addi             x14, x14, -8        x14=00000000 x14:00000008
21447003ns          380635 1c0094bc 04010693 addi             x13, x2, 64         x13=10000dd8  x2:10000d98
21447421ns          380656 1c0094be fec60e13 addi             x28, x12, -20       x28=00000014 x12:00000028
21447460ns          380658 1c0094c2 00295913 srli             x18, x18, 0x2       x18=00000000 x18:00000000
21447480ns          380659 1c0094c6 00e689b3 add              x19, x13, x14       x19=10000dd8 x13:10000dd8 x14:00000000
21447500ns          380660 1c0094ca ffcaa583 lw               x11, -4(x21)        x11=415ae2ce x21:10000dcc  PA:10000dc8
21447520ns          380661 1c0094ce 02c10713 addi             x14, x2, 44         x14=10000dc4  x2:10000d98
21447560ns          380663 1c0094d0 ffca2503 lw               x10, -4(x20)        x10=bdb8c4b6 x20:10000de0  PA:10000ddc
21447600ns          380665 1c0094d4 00cc8f33 add              x30, x25, x12       x30=10000f48 x25:10000f20 x12:00000028
21447619ns          380666 1c0094d8 01cc8eb3 add              x29, x25, x28       x29=10000f34 x25:10000f20 x28:00000014
21447639ns          380667 1c0094dc 01a60633 add              x12, x12, x26       x12=10000ee4 x12:00000028 x26:10000ebc
21447659ns          380668 1c0094de 01ae0e33 add              x28, x28, x26       x28=10000ed0 x28:00000014 x26:10000ebc
21447699ns          380670 1c0094e0 00eb0b33 add              x22, x22, x14       x22=10000dc8 x22:00000004 x14:10000dc4
21447739ns          380672 1c0094e2 00000f93 addi             x31, x0, 0          x31=00000000
21447759ns          380673 1c0094e6 00190913 addi             x18, x18, 1         x18=00000001 x18:00000000
21447779ns          380674 1c0094e8 142940fb lp.setup         0x1, x18, 0x142     x18:00000001
21447799ns          380675 1c0094ec a1f81753 flt.s            x14, f16, f31       x14=00000000 f16:3870720d f31:00000000
21447838ns          380677 1c0094f0 010002b3 add              x5, x0, x16          x5=3870720d x16:3870720d
21447858ns          380678 1c0094f2 00070363 beq              x14, x0, 6          x14:00000000
21447918ns          380681 1c0094f8 a1f79753 flt.s            x14, f15, f31       x14=00000001 f15:b54f3054 f31:00000000
21447938ns          380682 1c0094fc 00f006b3 add              x13, x0, x15        x13=b54f3054 x15:b54f3054
21447958ns          380683 1c0094fe 00070363 beq              x14, x0, 6          x14:00000001
21447997ns          380685 1c009500 20f796d3 fsgnjn.s         f13, f15, f15       f13=xxxxxxxx f15:b54f3054 f15:b54f3054
21448037ns          380687 1c009504 a0569753 flt.s            x14, f13, f5        x14=00000001 f13:354f3054  f5:3870720d
21448057ns          380688 1c009508 01000333 add              x6, x0, x16          x6=3870720d x16:3870720d
21448077ns          380689 1c00950a 00071263 bne              x14, x0, 4          x14:00000001
21448196ns          380695 1c00950e 0056f753 fadd.s           f14, f13, f5        f14=xxxxxxxx f13:354f3054  f5:3870720d
21448216ns          380696 1c009512 a1f728d3 feq.s            x17, f14, f31       x17=00000000 f14:3873aece f31:00000000
21448236ns          380697 1c009516 52089be3 bne              x17, x0, 3382       x17:00000000
21448256ns          380698 1c00951a 1c0003b7 lui              x7, 0x1c000000       x7=1c000000
21448316ns          380701 1c00951e 02038393 addi             x7, x7, 32           x7=1c000020  x7:1c000000
21448355ns          380703 1c009522 0003a383 lw               x7, 0(x7)            x7=3f800000  x7:1c000020  PA:1c000020
21448674ns          380719 1c009526 18e3f8d3 fdiv.s           f17, f7, f14        f17=xxxxxxxx  f7:3f800000 f14:3873aece
21448952ns          380733 1c00952a 10d8f6d3 fmul.s           f13, f17, f13       f13=xxxxxxxx f17:4686784a f13:354f3054
21448972ns          380734 1c00952e 1058f8d3 fmul.s           f17, f17, f5        f17=xxxxxxxx f17:4686784a  f5:3870720d
21448992ns          380735 1c009532 a1f312d3 flt.s            x5, f6, f31          x5=00000000  f6:3870720d f31:00000000
21449012ns          380736 1c009536 10d6f6d3 fmul.s           f13, f13, f13       f13=xxxxxxxx f13:3c59a94d f13:3c59a94d
21449032ns          380737 1c00953a 6918f6c3 fmadd.s          f13, f17, f17, f13  f13=xxxxxxxx f17:3f7c995c f17:3f7c995c f13:39391075
21449091ns          380740 1c00953e 5806f353 fsqrt.s          f6, f13              f6=xxxxxxxx f13:3f7949da
21449370ns          380754 1c009542 10e37353 fmul.s           f6, f6, f14          f6=xxxxxxxx  f6:3f7c9f38 f14:3873aece
21449390ns          380755 1c009546 00028463 beq              x5, x0, 8            x5:00000000
21449469ns          380759 1c00954e 1c000437 lui              x8, 0x1c000000       x8=1c000000
21449489ns          380760 1c009552 02040413 addi             x8, x8, 32           x8=1c000020  x8:1c000000
21449509ns          380761 1c009556 00042403 lw               x8, 0(x8)            x8=3f800000  x8:1c000020  PA:1c000020
21449827ns          380777 1c009558 18647753 fdiv.s           f14, f8, f6         f14=xxxxxxxx  f8:3f800000  f6:387077a2
21450106ns          380791 1c00955c 10e876d3 fmul.s           f13, f16, f14       f13=xxxxxxxx f16:3870720d f14:4688449c
21450126ns          380792 1c009560 10e7f7d3 fmul.s           f15, f15, f14       f15=xxxxxxxx f15:b54f3054 f14:4688449c
21450146ns          380793 1c009564 000e2703 lw               x14, 0(x28)         x14=bee2b49f x28:10000ed0  PA:10000ed0
21450166ns          380794 1c009568 00062803 lw               x16, 0(x12)         x16=bf076213 x12:10000ee4  PA:10000ee4
21450185ns          380795 1c00956c 10e7f3d3 fmul.s           f7, f15, f14         f7=xxxxxxxx f15:bc5c9267 f14:bee2b49f
21450225ns          380797 1c009570 1107f2d3 fmul.s           f5, f15, f16         f5=xxxxxxxx f15:bc5c9267 f16:bf076213
21450265ns          380799 1c009574 10f578d3 fmul.s           f17, f10, f15       f17=xxxxxxxx f10:bdb8c4b6 f15:bc5c9267
21450285ns          380800 1c009578 3906f847 fmsub.s          f16, f13, f16, f7   f16=xxxxxxxx f13:3f7ffa0f f16:bf076213  f7:3bc354df
21450305ns          380801 1c00957c 28e6f743 fmadd.s          f14, f13, f14, f5   f14=xxxxxxxx f13:3f7ffa0f f14:bee2b49f  f5:3be94b69
21450364ns          380804 1c009580 88d5f8c3 fmadd.s          f17, f11, f13, f17  f17=xxxxxxxx f11:415ae2ce f13:3f7ffa0f f17:3a9f32b7
21450404ns          380806 1c009584 01062023 sw               x16, 0(x12)         x16:bf08e598 x12:10000ee4  PA:10000ee4
21450424ns          380807 1c009588 00ee2023 sw               x14, 0(x28)         x14:bedf0a2e x28:10000ed0  PA:10000ed0
21450444ns          380808 1c00958c 004e2703 lw               x14, 4(x28)         x14=3ebc44e5 x28:10000ed0  PA:10000ed4
21450504ns          380811 1c009590 00462803 lw               x16, 4(x12)         x16=bf0fbd60 x12:10000ee4  PA:10000ee8
21450543ns          380813 1c009594 10e7f453 fmul.s           f8, f15, f14         f8=xxxxxxxx f15:bc5c9267 f14:3ebc44e5
21450563ns          380814 1c009598 10f873d3 fmul.s           f7, f16, f15         f7=xxxxxxxx f16:bf0fbd60 f15:bc5c9267
21450583ns          380815 1c00959c 10f5f2d3 fmul.s           f5, f11, f15         f5=xxxxxxxx f11:415ae2ce f15:bc5c9267
21451021ns          380837 1c0095a0 40d87847 fmsub.s          f16, f16, f13, f8   f16=xxxxxxxx f16:bf0fbd60 f13:3f7ffa0f  f8:bba236e0
21451061ns          380839 1c0095a4 38e6f743 fmadd.s          f14, f13, f14, f7   f14=xxxxxxxx f13:3f7ffa0f f14:3ebc44e5  f7:3bf7b1e5
21451080ns          380840 1c0095a8 0069a22b p.sw             x6, 4(x19!)         x19=10000ddc  x6:387077a2 x19:10000dd8  PA:10000dd8
21451100ns          380841 1c0095ac 01062223 sw               x16, 4(x12)         x16:bf0e759c x12:10000ee4  PA:10000ee8
21451160ns          380844 1c0095b0 00ee2223 sw               x14, 4(x28)         x14:3ec01f4e x28:10000ed0  PA:10000ed4
21451200ns          380846 1c0095b4 008e2703 lw               x14, 8(x28)         x14=3e8498ac x28:10000ed0  PA:10000ed8
21451220ns          380847 1c0095b8 00862803 lw               x16, 8(x12)         x16=3f0da1ce x12:10000ee4  PA:10000eec
21451240ns          380848 1c0095bc 10f773d3 fmul.s           f7, f14, f15         f7=xxxxxxxx f14:3e8498ac f15:bc5c9267
21451299ns          380851 1c0095c0 10f875d3 fmul.s           f11, f16, f15       f11=xxxxxxxx f16:3f0da1ce f15:bc5c9267
21451339ns          380853 1c0095c4 28d57547 fmsub.s          f10, f10, f13, f5   f10=xxxxxxxx f10:bdb8c4b6 f13:3f7ffa0f  f5:be3c9816
21451359ns          380854 1c0095c8 38d873c7 fmsub.s          f7, f16, f13, f7     f7=xxxxxxxx f16:3f0da1ce f13:3f7ffa0f  f7:bb647e10
21451379ns          380855 1c0095cc 58d775c3 fmadd.s          f11, f14, f13, f11  f11=xxxxxxxx f14:3e8498ac f13:3f7ffa0f f11:bbf41019
21451439ns          380858 1c0095d0 a1f892d3 flt.s            x5, f17, f31         x5=00000000 f17:415ae2b3 f31:00000000
21451478ns          380860 1c0095d4 00762423 sw               x7, 8(x12)           x7:3f0e8303 x12:10000ee4  PA:10000eec
21451498ns          380861 1c0095d8 00ce2703 lw               x14, 12(x28)        x14=bf2d386b x28:10000ed0  PA:10000edc
21451518ns          380862 1c0095dc 00be2423 sw               x11, 8(x28)         x11:3e80c558 x28:10000ed0  PA:10000ed8
21451578ns          380865 1c0095e0 00c62383 lw               x7, 12(x12)          x7=3e9aa456 x12:10000ee4  PA:10000ef0
21451618ns          380867 1c0095e4 10f77453 fmul.s           f8, f14, f15         f8=xxxxxxxx f14:bf2d386b f15:bc5c9267
21451637ns          380868 1c0095e8 10f3f5d3 fmul.s           f11, f7, f15        f11=xxxxxxxx  f7:3e9aa456 f15:bc5c9267
21451657ns          380869 1c0095ec 000aa803 lw               x16, 0(x21)         x16=c11c59f7 x21:10000dcc  PA:10000dcc
21451717ns          380872 1c0095f0 40d3f3c7 fmsub.s          f7, f7, f13, f8      f7=xxxxxxxx  f7:3e9aa456 f13:3f7ffa0f  f8:3c153f8c
21451757ns          380874 1c0095f4 58d775c3 fmadd.s          f11, f14, f13, f11  f11=xxxxxxxx f14:bf2d386b f13:3f7ffa0f f11:bb853daa
21451777ns          380875 1c0095f8 00a9a023 sw               x10, 0(x19)         x10:3dc06fc0 x19:10000ddc  PA:10000ddc
21451797ns          380876 1c0095fc 00762623 sw               x7, 12(x12)          x7:3e95f6c3 x12:10000ee4  PA:10000ef0
21451856ns          380879 1c009600 010e2703 lw               x14, 16(x28)        x14=3ec22a6c x28:10000ed0  PA:10000ee0
21451896ns          380881 1c009604 00be2623 sw               x11, 12(x28)        x11:bf2e3ee1 x28:10000ed0  PA:10000edc
21451916ns          380882 1c009608 01062583 lw               x11, 16(x12)        x11=3db45602 x12:10000ee4  PA:10000ef4
21451936ns          380883 1c00960a 10f773d3 fmul.s           f7, f14, f15         f7=xxxxxxxx f14:3ec22a6c f15:bc5c9267
21451995ns          380886 1c00960e 10f5f353 fmul.s           f6, f11, f15         f6=xxxxxxxx f11:3db45602 f15:bc5c9267
21452035ns          380888 1c009612 1107f7d3 fmul.s           f15, f15, f16       f15=xxxxxxxx f15:bc5c9267 f16:c11c59f7
21452055ns          380889 1c009616 38d5f5c7 fmsub.s          f11, f11, f13, f7   f11=xxxxxxxx f11:3db45602 f13:3f7ffa0f  f7:bba74b7f
21452075ns          380890 1c00961a 30d77743 fmadd.s          f14, f14, f13, f6   f14=xxxxxxxx f14:3ec22a6c f13:3f7ffa0f  f6:ba9b610b
21452135ns          380893 1c00961e 1106f6d3 fmul.s           f13, f13, f16       f13=xxxxxxxx f13:3f7ffa0f f16:c11c59f7
21452155ns          380894 1c009622 00b62823 sw               x11, 16(x12)        x11:3dbec68a x12:10000ee4  PA:10000ef4
21452174ns          380895 1c009624 00ee2823 sw               x14, 16(x28)        x14:3ec18a89 x28:10000ed0  PA:10000ee0
21452194ns          380896 1c009628 01100333 add              x6, x0, x17          x6=415ae2b3 x17:415ae2b3
21452214ns          380897 1c00962a 00028463 beq              x5, x0, 8            x5:00000000
21452334ns          380903 1c009632 a1f79753 flt.s            x14, f15, f31       x14=00000000 f15:3e06b6ba f31:00000000
21452353ns          380904 1c009636 420719e3 bne              x14, x0, 3122       x14:00000000
21452373ns          380905 1c00963a 00f00733 add              x14, x0, x15        x14=3e06b6ba x15:3e06b6ba
21452393ns          380906 1c00963c a0671853 flt.s            x16, f14, f6        x16=00000001 f14:3e06b6ba  f6:415ae2b3
21452433ns          380908 1c009640 011003b3 add              x7, x0, x17          x7=415ae2b3 x17:415ae2b3
21452473ns          380910 1c009642 00081363 bne              x16, x0, 6          x16:00000001
21452533ns          380913 1c009648 006772d3 fadd.s           f5, f14, f6          f5=xxxxxxxx f14:3e06b6ba  f6:415ae2b3
21452552ns          380914 1c00964c a1f2a5d3 feq.s            x11, f5, f31        x11=00000000  f5:415cfd8e f31:00000000
21452612ns          380917 1c009650 3a0593e3 bne              x11, x0, 2982       x11:00000000
21452652ns          380919 1c009654 1c000437 lui              x8, 0x1c000000       x8=1c000000
21452672ns          380920 1c009658 02040413 addi             x8, x8, 32           x8=1c000020  x8:1c000000
21452692ns          380921 1c00965c 00042403 lw               x8, 0(x8)            x8=3f800000  x8:1c000020  PA:1c000020
21453030ns          380938 1c00965e 185475d3 fdiv.s           f11, f8, f5         f11=xxxxxxxx  f8:3f800000  f5:415cfd8e
21453308ns          380952 1c009662 10e5f753 fmul.s           f14, f11, f14       f14=xxxxxxxx f11:3d944724 f14:3e06b6ba
21453328ns          380953 1c009666 a1f393d3 flt.s            x7, f7, f31          x7=00000000  f7:415ae2b3 f31:00000000
21453348ns          380954 1c00966a 1065f5d3 fmul.s           f11, f11, f6        f11=xxxxxxxx f11:3d944724  f6:415ae2b3
21453368ns          380955 1c00966e 10e77753 fmul.s           f14, f14, f14       f14=xxxxxxxx f14:3c1c0e26 f14:3c1c0e26
21453388ns          380956 1c009672 70b5f743 fmadd.s          f14, f11, f11, f14  f14=xxxxxxxx f11:3f7d8fc6 f11:3f7d8fc6 f14:38be427e
21453408ns          380957 1c009676 58077353 fsqrt.s          f6, f14              f6=xxxxxxxx f14:3f7b2b70
21453686ns          380971 1c00967a 10537353 fmul.s           f6, f6, f5           f6=xxxxxxxx  f6:3f7d92c6  f5:415cfd8e
21453706ns          380972 1c00967e 00038463 beq              x7, x0, 8            x7:00000000
21453786ns          380976 1c009686 1c0004b7 lui              x9, 0x1c000000       x9=1c000000
21453806ns          380977 1c00968a 02048493 addi             x9, x9, 32           x9=1c000020  x9:1c000000
21453825ns          380978 1c00968e 0004a483 lw               x9, 0(x9)            x9=3f800000  x9:1c000020  PA:1c000020
21454164ns          380995 1c009690 1864f753 fdiv.s           f14, f9, f6         f14=xxxxxxxx  f9:3f800000  f6:415ae549
21454601ns          381017 1c009694 111778d3 fmul.s           f17, f14, f17       f17=xxxxxxxx f14:3d95b268 f17:415ae2b3
21454621ns          381018 1c009698 10f77753 fmul.s           f14, f14, f15       f14=xxxxxxxx f14:3d95b268 f15:3e06b6ba
21454641ns          381019 1c00969c 10a8f853 fmul.s           f16, f17, f10       f16=xxxxxxxx f17:3f7ffcf9 f10:3dc06fc0
21454661ns          381020 1c0096a0 20e71bd3 fsgnjn.s         f23, f14, f14       f23=xxxxxxxx f14:3c1d8c78 f14:3c1d8c78
21454681ns          381021 1c0096a4 000ea783 lw               x15, 0(x29)         x15=bdcb6cf1 x29:10000f34  PA:10000f34
21454701ns          381022 1c0096a8 000f2383 lw               x7, 0(x30)           x7=3ebabcc2 x30:10000f48  PA:10000f48
21454720ns          381023 1c0096ac 10e7f453 fmul.s           f8, f15, f14         f8=xxxxxxxx f15:bdcb6cf1 f14:3c1d8c78
21454760ns          381025 1c0096b0 10e3f2d3 fmul.s           f5, f7, f14          f5=xxxxxxxx  f7:3ebabcc2 f14:3c1d8c78
21454800ns          381027 1c0096b4 006b222b p.sw             x6, 4(x22!)         x22=10000dcc  x6:415ae549 x22:10000dc8  PA:10000dc8
21454820ns          381028 1c0096b8 4113f3c7 fmsub.s          f7, f7, f17, f8      f7=xxxxxxxx  f7:3ebabcc2 f17:3f7ffcf9  f8:ba7a62dd
21454840ns          381029 1c0096bc 2917f2c3 fmadd.s          f5, f15, f17, f5     f5=xxxxxxxx f15:bdcb6cf1 f17:3f7ffcf9  f5:3b65d873
21454900ns          381032 1c0096c0 10d8f5d3 fmul.s           f11, f17, f13       f11=xxxxxxxx f17:3f7ffcf9 f13:c11c5656
21454939ns          381034 1c0096c4 007f2023 sw               x7, 0(x30)           x7:3ebb37be x30:10000f48  PA:10000f48
21454959ns          381035 1c0096c8 005ea023 sw               x5, 0(x29)           x5:bdc43bc6 x29:10000f34  PA:10000f34
21454979ns          381036 1c0096cc 004ea283 lw               x5, 4(x29)           x5=3e32460c x29:10000f34  PA:10000f38
21455039ns          381039 1c0096d0 004f2383 lw               x7, 4(x30)           x7=3f290e5e x30:10000f48  PA:10000f4c
21455079ns          381041 1c0096d4 10e2f4d3 fmul.s           f9, f5, f14          f9=xxxxxxxx  f5:3e32460c f14:3c1d8c78
21455098ns          381042 1c0096d8 10e3f453 fmul.s           f8, f7, f14          f8=xxxxxxxx  f7:3f290e5e f14:3c1d8c78
21455118ns          381043 1c0096dc 80d77843 fmadd.s          f16, f14, f13, f16  f16=xxxxxxxx f14:3c1d8c78 f13:c11c5656 f16:3dc06d79
21455178ns          381046 1c0096e0 4913f3c7 fmsub.s          f7, f7, f17, f9      f7=xxxxxxxx  f7:3f290e5e f17:3f7ffcf9  f9:3adb6d8e
21455218ns          381048 1c0096e4 4112f2c3 fmadd.s          f5, f5, f17, f8      f5=xxxxxxxx  f5:3e32460c f17:3f7ffcf9  f8:3bd01526
21455238ns          381049 1c0096e8 000a2783 lw               x15, 0(x20)         x15=00000000 x20:10000de0  PA:10000de0
21455258ns          381050 1c0096ec 007f2223 sw               x7, 4(x30)           x7:3f289ea7 x30:10000f48  PA:10000f4c
21455317ns          381053 1c0096f0 005ea223 sw               x5, 4(x29)           x5:3e38c499 x29:10000f34  PA:10000f38
21455357ns          381055 1c0096f4 008ea283 lw               x5, 8(x29)           x5=3f0fd42d x29:10000f34  PA:10000f3c
21455377ns          381056 1c0096f8 008f2383 lw               x7, 8(x30)           x7=bef7934c x30:10000f48  PA:10000f50
21455397ns          381057 1c0096fc 10e2f4d3 fmul.s           f9, f5, f14          f9=xxxxxxxx  f5:3f0fd42d f14:3c1d8c78
21455456ns          381060 1c009700 10e3f453 fmul.s           f8, f7, f14          f8=xxxxxxxx  f7:bef7934c f14:3c1d8c78
21455496ns          381062 1c009704 58abf5c3 fmadd.s          f11, f23, f10, f11  f11=xxxxxxxx f23:bc1d8c78 f10:3dc06fc0 f11:c11c547d
21455516ns          381063 1c009708 4913f3c7 fmsub.s          f7, f7, f17, f9      f7=xxxxxxxx  f7:bef7934c f17:3f7ffcf9  f9:3bb10816
21455536ns          381064 1c00970c 4112f2c3 fmadd.s          f5, f5, f17, f8      f5=xxxxxxxx  f5:3f0fd42d f17:3f7ffcf9  f8:bb985d2e
21455596ns          381067 1c009710 1117f553 fmul.s           f10, f15, f17       f10=xxxxxxxx f15:00000000 f17:3f7ffcf9
21455635ns          381069 1c009714 007f2423 sw               x7, 8(x30)           x7:befa547f x30:10000f48  PA:10000f50
21455655ns          381070 1c009718 00cea303 lw               x6, 12(x29)          x6=bf448a38 x29:10000f34  PA:10000f40
21455675ns          381071 1c00971c 005ea423 sw               x5, 8(x29)           x5:3f0ea1bf x29:10000f34  PA:10000f3c
21455735ns          381074 1c009720 00cf2283 lw               x5, 12(x30)          x5=bead7008 x30:10000f48  PA:10000f54
21455775ns          381076 1c009724 10e37453 fmul.s           f8, f6, f14          f8=xxxxxxxx  f6:bf448a38 f14:3c1d8c78
21455795ns          381077 1c009728 10e2f3d3 fmul.s           f7, f5, f14          f7=xxxxxxxx  f5:bead7008 f14:3c1d8c78
21455814ns          381078 1c00972c 014f0f13 addi             x30, x30, 20        x30=10000f5c x30:10000f48
21455874ns          381081 1c00972e 4112f2c7 fmsub.s          f5, f5, f17, f8      f5=xxxxxxxx  f5:bead7008 f17:3f7ffcf9  f8:bbf1e938
21455914ns          381083 1c009732 39137343 fmadd.s          f6, f6, f17, f7      f6=xxxxxxxx  f6:bf448a38 f17:3f7ffcf9  f7:bb5579bf
21455934ns          381084 1c009736 00baa22b p.sw             x11, 4(x21!)        x21=10000dd0 x11:c11c5830 x21:10000dcc  PA:10000dcc
21455954ns          381085 1c00973a fe5f2c23 sw               x5, -8(x30)          x5:bea9a656 x30:10000f5c  PA:10000f54
21456013ns          381088 1c00973e 010ea683 lw               x13, 16(x29)        x13=3e6f9cd2 x29:10000f34  PA:10000f44
21456053ns          381090 1c009742 006ea623 sw               x6, 12(x29)          x6:bf455d5f x29:10000f34  PA:10000f40
21456073ns          381091 1c009746 ffcf2303 lw               x6, -4(x30)          x6=be92e5fc x30:10000f5c  PA:10000f58
21456093ns          381092 1c00974a 10e6f3d3 fmul.s           f7, f13, f14         f7=xxxxxxxx f13:3e6f9cd2 f14:3c1d8c78
21456153ns          381095 1c00974e 10e372d3 fmul.s           f5, f6, f14          f5=xxxxxxxx  f6:be92e5fc f14:3c1d8c78
21456192ns          381097 1c009752 00aa222b p.sw             x10, 4(x20!)        x20=10000de4 x10:00000000 x20:10000de0  PA:10000de0
21456212ns          381098 1c009756 39137347 fmsub.s          f6, f6, f17, f7      f6=xxxxxxxx  f6:be92e5fc f17:3f7ffcf9  f7:3b1376a7
21456232ns          381099 1c00975a 2916f8c3 fmadd.s          f17, f13, f17, f5   f17=xxxxxxxx f13:3e6f9cd2 f17:3f7ffcf9  f5:bb34cf4c
21456252ns          381100 1c00975e 01460613 addi             x12, x12, 20        x12=10000ef8 x12:10000ee4
21456292ns          381102 1c009760 fe6f2e23 sw               x6, -4(x30)          x6:be940b2d x30:10000f5c  PA:10000f58
21456332ns          381104 1c009764 011ea823 sw               x17, 16(x29)        x17:3e6cc6bf x29:10000f34  PA:10000f44
21456352ns          381105 1c009768 014e0e13 addi             x28, x28, 20        x28=10000ee4 x28:10000ed0
21456371ns          381106 1c00976a 014e8e93 addi             x29, x29, 20        x29=10000f48 x29:10000f34
21456391ns          381107 1c00976c 10e7f7d3 fmul.s           f15, f15, f14       f15=xxxxxxxx f15:00000000 f14:3c1d8c78
21456431ns          381109 1c009770 01412e03 lw               x28, 20(x2)         x28=00000000  x2:10000d98  PA:10000dac
21456451ns          381110 1c009772 00812983 lw               x19, 8(x2)          x19=00000004  x2:10000d98  PA:10000da0
21456471ns          381111 1c009774 0e010893 addi             x17, x2, 224        x17=10000e78  x2:10000d98
21456491ns          381112 1c009778 013887b3 add              x15, x17, x19       x15=10000e7c x17:10000e78 x19:00000004
21456511ns          381113 1c00977c 001e0e13 addi             x28, x28, 1         x28=00000001 x28:00000000
21456570ns          381116 1c00977e f707a023 sw               x16, -160(x15)      x16:32a13fd8 x15:10000e7c  PA:10000ddc
21456590ns          381117 1c009782 01c12a23 sw               x28, 20(x2)         x28:00000001  x2:10000d98  PA:10000dac
21456610ns          381118 1c009784 fff00793 addi             x15, x0, -1         x15=ffffffff
21456630ns          381119 1c009786 00fdc663 blt              x27, x15, 12        x27:00000001 x15:ffffffff
21456650ns          381120 1c00978a 04b00793 addi             x15, x0, 75         x15=0000004b
21456710ns          381123 1c00978e a8fe1c63 bne              x28, x15, -3432     x28:00000001 x15:0000004b
21456809ns          381128 1c008a26 00812503 lw               x10, 8(x2)          x10=00000004  x2:10000d98  PA:10000da0
21456849ns          381130 1c008a28 04010613 addi             x12, x2, 64         x12=10000dd8  x2:10000d98
21456869ns          381131 1c008a2a 01b509b3 add              x19, x10, x27       x19=00000005 x10:00000004 x27:00000001
21456889ns          381132 1c008a2e 02c10593 addi             x11, x2, 44         x11=10000dc4  x2:10000d98
21456928ns          381134 1c008a30 00a60633 add              x12, x12, x10       x12=10000ddc x12:10000dd8 x10:00000004
21456968ns          381136 1c008a32 002d8693 addi             x13, x27, 2         x13=00000003 x27:00000001
21456988ns          381137 1c008a36 1c000437 lui              x8, 0x1c000000       x8=1c000000
21457008ns          381138 1c008a3a 1c0004b7 lui              x9, 0x1c000000       x9=1c000000
21457028ns          381139 1c008a3e 00299993 slli             x19, x19, 0x2       x19=00000014 x19:00000005
21457068ns          381141 1c008a40 00a58b33 add              x22, x11, x10       x22=10000dc8 x11:10000dc4 x10:00000004
21457107ns          381143 1c008a44 00c12623 sw               x12, 12(x2)         x12:10000ddc  x2:10000d98  PA:10000da4
21457127ns          381144 1c008a46 00d12c23 sw               x13, 24(x2)         x13:00000003  x2:10000d98  PA:10000db0
21457147ns          381145 1c008a48 02842a83 lw               x21, 40(x8)         x21=0c000000  x8:1c000000  PA:1c000028
21457446ns          381160 1c008a4c 02c4ab83 lw               x23, 44(x9)         x23=34000000  x9:1c000000  PA:1c00002c
21457744ns          381175 1c008a50 01a989b3 add              x19, x19, x26       x19=10000ed0 x19:00000014 x26:10000ebc
21457764ns          381176 1c008a52 00000f13 addi             x30, x0, 0          x30=00000000
21457784ns          381177 1c008a56 018007b3 add              x15, x0, x24        x15=00000002 x24:00000002
21457804ns          381178 1c008a58 004b2283 lw               x5, 4(x22)           x5=c11c5830 x22:10000dc8  PA:10000dcc
21457823ns          381179 1c008a5c 71fdace3 p.beqimm         x27, 3864           x27:00000001
21457863ns          381181 1c008a60 01412e03 lw               x28, 20(x2)         x28=00000001  x2:10000d98  PA:10000dac
21457883ns          381182 1c008a62 01400e93 addi             x29, x0, 20         x29=00000014
21457903ns          381183 1c008a64 77cec8e3 blt              x29, x28, 3952      x29:00000014 x28:00000001
21457923ns          381184 1c008a68 00c12f83 lw               x31, 12(x2)         x31=10000ddc  x2:10000d98  PA:10000da4
21457963ns          381186 1c008a6a 000fa683 lw               x13, 0(x31)         x13=32a13fd8 x31:10000ddc  PA:10000ddc
21458002ns          381188 1c008a6e a1e69753 flt.s            x14, f13, f30       x14=00000000 f13:32a13fd8 f30:00000000
21458022ns          381189 1c008a72 00070363 beq              x14, x0, 6          x14:00000000
21458082ns          381192 1c008a78 000b2603 lw               x12, 0(x22)         x12=415ae549 x22:10000dc8  PA:10000dc8
21458122ns          381194 1c008a7c a1e61753 flt.s            x14, f12, f30       x14=00000000 f12:415ae549 f30:00000000
21458162ns          381196 1c008a80 00c005b3 add              x11, x0, x12        x11=415ae549 x12:415ae549
21458181ns          381197 1c008a82 00070363 beq              x14, x0, 6          x14:00000000
21458241ns          381200 1c008a88 a1e29753 flt.s            x14, f5, f30        x14=00000001  f5:c11c5830 f30:00000000
21458261ns          381201 1c008a8c 00070363 beq              x14, x0, 6          x14:00000001
21458321ns          381204 1c008a8e 33c0106f jal              x0, 4924           
21458440ns          381210 1c009dca 20529753 fsgnjn.s         f14, f5, f5         f14=xxxxxxxx  f5:c11c5830  f5:c11c5830
21458500ns          381213 1c009dce cc7fe06f jal              x0, -4922          
21458540ns          381215 1c008a94 00b77753 fadd.s           f14, f14, f11       f14=xxxxxxxx f14:411c5830 f11:415ae549
21458559ns          381216 1c008a98 11777753 fmul.s           f14, f14, f23       f14=xxxxxxxx f14:41bb9ebc f23:34000000
21458579ns          381217 1c008a9c a0e68753 fle.s            x14, f13, f14       x14=00000001 f13:32a13fd8 f14:363b9ebc
21458639ns          381220 1c008aa0 00070363 beq              x14, x0, 6          x14:00000001
21458679ns          381222 1c008aa2 3140106f jal              x0, 4884           
21458798ns          381228 1c009db6 002d9713 slli             x14, x27, 0x2       x14=00000004 x27:00000001
21458818ns          381229 1c009dba 0e010393 addi             x7, x2, 224          x7=10000e78  x2:10000d98
21458838ns          381230 1c009dbe 00770733 add              x14, x14, x7        x14=10000e7c x14:00000004  x7:10000e78
21458858ns          381231 1c009dc0 01800833 add              x16, x0, x24        x16=00000002 x24:00000002
21458878ns          381232 1c009dc2 01b006b3 add              x13, x0, x27        x13=00000001 x27:00000001
21458898ns          381233 1c009dc4 f6072023 sw               x0, -160(x14)       x14:10000e7c  PA:10000ddc
21458917ns          381234 1c009dc8 a31ff06f jal              x0, -1488          
21458997ns          381238 1c0097f8 c3881763 bne              x16, x24, -3026     x16:00000002 x24:00000002
21459037ns          381240 1c0097fc a1e29753 flt.s            x14, f5, f30        x14=00000001  f5:c11c5830 f30:00000000
21459096ns          381243 1c009800 00268613 addi             x12, x13, 2         x12=00000003 x13:00000001
21459136ns          381245 1c009804 16071d63 bne              x14, x0, 378        x14:00000001
21459315ns          381254 1c00997e 0149a803 lw               x16, 20(x19)        x16=bf08e598 x19:10000ed0  PA:10000ee4
21459355ns          381256 1c009982 0189a503 lw               x10, 24(x19)        x10=bf0e759c x19:10000ed0  PA:10000ee8
21459375ns          381257 1c009986 01c9a583 lw               x11, 28(x19)        x11=3f0e8303 x19:10000ed0  PA:10000eec
21459395ns          381258 1c00998a 0209a683 lw               x13, 32(x19)        x13=3e95f6c3 x19:10000ed0  PA:10000ef0
21459454ns          381261 1c00998e 0249a703 lw               x14, 36(x19)        x14=3dbec68a x19:10000ed0  PA:10000ef4
21459494ns          381263 1c009992 205292d3 fsgnjn.s         f5, f5, f5           f5=xxxxxxxx  f5:c11c5830  f5:c11c5830
21459514ns          381264 1c009996 21081853 fsgnjn.s         f16, f16, f16       f16=xxxxxxxx f16:bf08e598 f16:bf08e598
21459534ns          381265 1c00999a 20a51553 fsgnjn.s         f10, f10, f10       f10=xxxxxxxx f10:bf0e759c f10:bf0e759c
21459594ns          381268 1c00999e 20b595d3 fsgnjn.s         f11, f11, f11       f11=xxxxxxxx f11:3f0e8303 f11:3f0e8303
21459634ns          381270 1c0099a2 20d696d3 fsgnjn.s         f13, f13, f13       f13=xxxxxxxx f13:3e95f6c3 f13:3e95f6c3
21459653ns          381271 1c0099a6 20e71753 fsgnjn.s         f14, f14, f14       f14=xxxxxxxx f14:3dbec68a f14:3dbec68a
21459673ns          381272 1c0099aa 005b2223 sw               x5, 4(x22)           x5:411c5830 x22:10000dc8  PA:10000dcc
21459733ns          381275 1c0099ae 0109aa23 sw               x16, 20(x19)        x16:3f08e598 x19:10000ed0  PA:10000ee4
21459773ns          381277 1c0099b2 00a9ac23 sw               x10, 24(x19)        x10:3f0e759c x19:10000ed0  PA:10000ee8
21459793ns          381278 1c0099b6 00b9ae23 sw               x11, 28(x19)        x11:bf0e8303 x19:10000ed0  PA:10000eec
21459813ns          381279 1c0099ba 02d9a023 sw               x13, 32(x19)        x13:be95f6c3 x19:10000ed0  PA:10000ef0
21459872ns          381282 1c0099be 02e9a223 sw               x14, 36(x19)        x14:bdbec68a x19:10000ed0  PA:10000ef4
21459892ns          381283 1c0099c2 e47ff06f jal              x0, -442           
21459932ns          381285 1c009808 144c2363 p.beqimm         x24, 326            x24:00000002
21459952ns          381286 1c00980c 00261393 slli             x7, x12, 0x2         x7=0000000c x12:00000003
21460011ns          381289 1c009810 0e010e93 addi             x29, x2, 224        x29=10000e78  x2:10000d98
21460051ns          381291 1c009814 007e8733 add              x14, x29, x7        x14=10000e84 x29:10000e78  x7:0000000c
21460071ns          381292 1c009818 f4c72403 lw               x8, -180(x14)        x8=40dbef49 x14:10000e84  PA:10000dd0
21460091ns          381293 1c00981c 02c10f93 addi             x31, x2, 44         x31=10000dc4  x2:10000d98
21460151ns          381296 1c009820 a0829753 flt.s            x14, f5, f8         x14=00000000  f5:411c5830  f8:40dbef49
21460190ns          381298 1c009824 01f383b3 add              x7, x7, x31          x7=10000dd0  x7:0000000c x31:10000dc4
21460210ns          381299 1c009826 00300c13 addi             x24, x0, 3          x24=00000003
21460230ns          381300 1c009828 12070363 beq              x14, x0, 294        x14:00000000
21460369ns          381307 1c00994e 00c12f83 lw               x31, 12(x2)         x31=10000ddc  x2:10000d98  PA:10000da4
21460469ns          381312 1c009950 01812303 lw               x6, 24(x2)           x6=00000003  x2:10000d98  PA:10000db0
21460489ns          381313 1c009952 ffcf8f93 addi             x31, x31, -4        x31=10000dd8 x31:10000ddc
21460509ns          381314 1c009954 fff30313 addi             x6, x6, -1           x6=00000002  x6:00000003
21460529ns          381315 1c009956 fffd8d93 addi             x27, x27, -1        x27=00000000 x27:00000001
21460548ns          381316 1c009958 01f12623 sw               x31, 12(x2)         x31:10000dd8  x2:10000d98  PA:10000da4
21460568ns          381317 1c00995a 00012a23 sw               x0, 20(x2)           x2:10000d98  PA:10000dac
21460588ns          381318 1c00995c 00612c23 sw               x6, 24(x2)           x6:00000002  x2:10000d98  PA:10000db0
21460608ns          381319 1c00995e ffcb0b13 addi             x22, x22, -4        x22=10000dc4 x22:10000dc8
21460628ns          381320 1c009960 fec98993 addi             x19, x19, -20       x19=10000ebc x19:10000ed0
21460648ns          381321 1c009962 001d8c13 addi             x24, x27, 1         x24=00000001 x27:00000000
21460668ns          381322 1c009966 e20306e3 beq              x6, x0, -468         x6:00000002
21460688ns          381323 1c00996a 018007b3 add              x15, x0, x24        x15=00000001 x24:00000001
21460708ns          381324 1c00996c 004b2283 lw               x5, 4(x22)           x5=415ae549 x22:10000dc4  PA:10000dc8
21460728ns          381325 1c009970 8ffdb863 p.bneimm         x27, -3856          x27:00000000
21460787ns          381328 1c008a60 01412e03 lw               x28, 20(x2)         x28=00000000  x2:10000d98  PA:10000dac
21460807ns          381329 1c008a62 01400e93 addi             x29, x0, 20         x29=00000014
21460827ns          381330 1c008a64 77cec8e3 blt              x29, x28, 3952      x29:00000014 x28:00000000
21460847ns          381331 1c008a68 00c12f83 lw               x31, 12(x2)         x31=10000dd8  x2:10000d98  PA:10000da4
21460887ns          381333 1c008a6a 000fa683 lw               x13, 0(x31)         x13=387077a2 x31:10000dd8  PA:10000dd8
21460926ns          381335 1c008a6e a1e69753 flt.s            x14, f13, f30       x14=00000000 f13:387077a2 f30:00000000
21460946ns          381336 1c008a72 00070363 beq              x14, x0, 6          x14:00000000
21461006ns          381339 1c008a78 000b2603 lw               x12, 0(x22)         x12=4213e25f x22:10000dc4  PA:10000dc4
21461046ns          381341 1c008a7c a1e61753 flt.s            x14, f12, f30       x14=00000000 f12:4213e25f f30:00000000
21461066ns          381342 1c008a80 00c005b3 add              x11, x0, x12        x11=4213e25f x12:4213e25f
21461086ns          381343 1c008a82 00070363 beq              x14, x0, 6          x14:00000000
21461145ns          381346 1c008a88 a1e29753 flt.s            x14, f5, f30        x14=00000000  f5:415ae549 f30:00000000
21461165ns          381347 1c008a8c 00070363 beq              x14, x0, 6          x14:00000000
21461225ns          381350 1c008a92 00500733 add              x14, x0, x5         x14=415ae549  x5:415ae549
21461245ns          381351 1c008a94 00b77753 fadd.s           f14, f14, f11       f14=xxxxxxxx f14:415ae549 f11:4213e25f
21461265ns          381352 1c008a98 11777753 fmul.s           f14, f14, f23       f14=xxxxxxxx f14:424a9bb1 f23:34000000
21461284ns          381353 1c008a9c a0e68753 fle.s            x14, f13, f14       x14=00000000 f13:387077a2 f14:36ca9bb1
21461304ns          381354 1c008aa0 00070363 beq              x14, x0, 6          x14:00000000
21461384ns          381358 1c008aa6 1c000337 lui              x6, 0x1c000000       x6=1c000000
21461404ns          381359 1c008aaa 02830313 addi             x6, x6, 40           x6=1c000028  x6:1c000000
21461463ns          381362 1c008aae 00032303 lw               x6, 0(x6)            x6=0c000000  x6:1c000028  PA:1c000028
21461821ns          381380 1c008ab2 a06686d3 fle.s            x13, f13, f6        x13=00000000 f13:387077a2  f6:0c000000
21461841ns          381381 1c008ab6 00068363 beq              x13, x0, 6          x13:00000000
21461961ns          381387 1c008abc fffd8693 addi             x13, x27, -1        x13=ffffffff x27:00000000
21461981ns          381388 1c008ac0 000d9463 bne              x27, x0, 8          x27:00000000
21462001ns          381389 1c008ac4 5de0106f jal              x0, 5598           
21462080ns          381393 1c00a0a2 00000813 addi             x16, x0, 0          x16=00000000
21462120ns          381395 1c00a0a4 b7ffe06f jal              x0, -5250          
21462239ns          381401 1c008c22 3d880de3 beq              x16, x24, 3034      x16:00000000 x24:00000001
21462259ns          381402 1c008c26 002d8393 addi             x7, x27, 2           x7=00000002 x27:00000000
21462279ns          381403 1c008c2a 7c76d5e3 bge              x13, x7, 4042       x13:ffffffff  x7:00000002
21462339ns          381406 1c008c2e 00268f93 addi             x31, x13, 2         x31=00000001 x13:ffffffff
21462378ns          381408 1c008c32 3e780a63 beq              x16, x7, 1012       x16:00000000  x7:00000002
21462398ns          381409 1c008c36 002c1e93 slli             x29, x24, 0x2       x29=00000004 x24:00000001
21462418ns          381410 1c008c3a 04010493 addi             x9, x2, 64           x9=10000dd8  x2:10000d98
21462438ns          381411 1c008c3c ffce8593 addi             x11, x29, -4        x11=00000000 x29:00000004
21462478ns          381413 1c008c40 1c000637 lui              x12, 0x1c000000     x12=1c000000
21462518ns          381415 1c008c44 02c10413 addi             x8, x2, 44           x8=10000dc4  x2:10000d98
21462538ns          381416 1c008c46 1c000537 lui              x10, 0x1c000000     x10=1c000000
21462557ns          381417 1c008c4a 009585b3 add              x11, x11, x9        x11=10000dd8 x11:00000000  x9:10000dd8
21462577ns          381418 1c008c4c 02862483 lw               x9, 40(x12)          x9=0c000000 x12:1c000000  PA:1c000028
21462915ns          381435 1c008c50 01d40333 add              x6, x8, x29          x6=10000dc8  x8:10000dc4 x29:00000004
21462935ns          381436 1c008c54 00700733 add              x14, x0, x7         x14=00000002  x7:00000002
21462955ns          381437 1c008c56 02c52403 lw               x8, 44(x10)          x8=34000000 x10:1c000000  PA:1c00002c
21463254ns          381452 1c008c5a 00168693 addi             x13, x13, 1         x13=00000000 x13:ffffffff
21463274ns          381453 1c008c5c 00000e13 addi             x28, x0, 0          x28=00000000
21463293ns          381454 1c008c60 41038533 sub              x10, x7, x16        x10=00000002  x7:00000002 x16:00000000
21463313ns          381455 1c008c64 1e0540fb lp.setup         0x1, x10, 0x1e0     x10:00000002
21463333ns          381456 1c008c68 fff70893 addi             x17, x14, -1        x17=00000001 x14:00000002
21463353ns          381457 1c008c6c 00000793 addi             x15, x0, 0          x15=00000000
21463393ns          381459 1c008c70 00ec4763 blt              x24, x14, 14        x24:00000001 x14:00000002
21463910ns          381485 1c008c7e 00efd963 bge              x31, x14, 18        x31:00000001 x14:00000002
21463930ns          381486 1c008c82 0005a603 lw               x12, 0(x11)         x12=387077a2 x11:10000dd8  PA:10000dd8
21463970ns          381488 1c008c84 a1c61f53 flt.s            x30, f12, f28       x30=00000000 f12:387077a2 f28:00000000
21463990ns          381489 1c008c88 380f1163 bne              x30, x0, 898        x30:00000000
21464009ns          381490 1c008c8c 00c7f7d3 fadd.s           f15, f15, f12       f15=xxxxxxxx f15:00000000 f12:387077a2
21464049ns          381492 1c008c90 ffc3260b p.lw             x12, -4(x6!)        x12=415ae549  x6=10000dc4  x6:10000dc8  PA:10000dc8
21464089ns          381494 1c008c94 a1c61f53 flt.s            x30, f12, f28       x30=00000000 f12:415ae549 f28:00000000
21464109ns          381495 1c008c98 000f0463 beq              x30, x0, 8          x30:00000000
21464228ns          381501 1c008ca0 1087f7d3 fmul.s           f15, f15, f8        f15=xxxxxxxx f15:387077a2  f8:34000000
21464248ns          381502 1c008ca4 a0f607d3 fle.s            x15, f12, f15       x15=00000000 f12:415ae549 f15:2cf077a2
21464268ns          381503 1c008ca8 00079563 bne              x15, x0, 10         x15:00000000
21464288ns          381504 1c008caa a0960653 fle.s            x12, f12, f9        x12=00000000 f12:415ae549  f9:0c000000
21464348ns          381507 1c008cae 36060663 beq              x12, x0, 876        x12:00000000
21464487ns          381514 1c00901a 00d71463 bne              x14, x13, 8         x14:00000002 x13:00000000
21464606ns          381520 1c009022 01100733 add              x14, x0, x17        x14=00000001 x17:00000001
21464626ns          381521 1c009024 ffc58593 addi             x11, x11, -4        x11=10000dd4 x11:10000dd8
21464646ns          381522 1c008c68 fff70893 addi             x17, x14, -1        x17=00000000 x14:00000001
21464666ns          381523 1c008c6c 00000793 addi             x15, x0, 0          x15=00000000
21464686ns          381524 1c008c70 00ec4763 blt              x24, x14, 14        x24:00000001 x14:00000001
21464706ns          381525 1c008c74 0045a783 lw               x15, 4(x11)         x15=387077a2 x11:10000dd4  PA:10000dd8
21464745ns          381527 1c008c76 a1c79653 flt.s            x12, f15, f28       x12=00000000 f15:387077a2 f28:00000000
21464765ns          381528 1c008c7a 38061b63 bne              x12, x0, 918        x12:00000000
21464785ns          381529 1c008c7e 00efd963 bge              x31, x14, 18        x31:00000001 x14:00000001
21464845ns          381532 1c008c90 ffc3260b p.lw             x12, -4(x6!)        x12=4213e25f  x6=10000dc0  x6:10000dc4  PA:10000dc4
21464885ns          381534 1c008c94 a1c61f53 flt.s            x30, f12, f28       x30=00000000 f12:4213e25f f28:00000000
21464905ns          381535 1c008c98 000f0463 beq              x30, x0, 8          x30:00000000
21464964ns          381538 1c008ca0 1087f7d3 fmul.s           f15, f15, f8        f15=xxxxxxxx f15:387077a2  f8:34000000
21464984ns          381539 1c008ca4 a0f607d3 fle.s            x15, f12, f15       x15=00000000 f12:4213e25f f15:2cf077a2
21465004ns          381540 1c008ca8 00079563 bne              x15, x0, 10         x15:00000000
21465024ns          381541 1c008caa a0960653 fle.s            x12, f12, f9        x12=00000000 f12:4213e25f  f9:0c000000
21465044ns          381542 1c008cae 36060663 beq              x12, x0, 876        x12:00000000
21465123ns          381546 1c00901a 00d71463 bne              x14, x13, 8         x14:00000001 x13:00000000
21465183ns          381549 1c009022 01100733 add              x14, x0, x17        x14=00000000 x17:00000000
21465203ns          381550 1c009024 ffc58593 addi             x11, x11, -4        x11=10000dd0 x11:10000dd4
21465223ns          381551 1c009026 00000793 addi             x15, x0, 0          x15=00000000
21465243ns          381552 1c00902a a0f297d3 flt.s            x15, f5, f15        x15=00000000  f5:415ae549 f15:00000000
21465263ns          381553 1c00902e 005006b3 add              x13, x0, x5         x13=415ae549  x5:415ae549
21465302ns          381555 1c009030 00078363 beq              x15, x0, 6          x15:00000000
21465382ns          381559 1c009036 002d9593 slli             x11, x27, 0x2       x11=00000000 x27:00000000
21465402ns          381560 1c00903a 0e010613 addi             x12, x2, 224        x12=10000e78  x2:10000d98
21465422ns          381561 1c00903c 00b607b3 add              x15, x12, x11       x15=10000e78 x12:10000e78 x11:00000000
21465461ns          381563 1c009040 f4c7a603 lw               x12, -180(x15)      x12=4213e25f x15:10000e78  PA:10000dc4
21465501ns          381565 1c009044 00000793 addi             x15, x0, 0          x15=00000000
21465521ns          381566 1c009048 a0f617d3 flt.s            x15, f12, f15       x15=00000000 f12:4213e25f f15:00000000
21465541ns          381567 1c00904c 00b12423 sw               x11, 8(x2)          x11:00000000  x2:10000d98  PA:10000da0
21465561ns          381568 1c00904e 06d12423 sw               x13, 104(x2)        x13:415ae549  x2:10000d98  PA:10000e00
21465601ns          381570 1c009050 00c00533 add              x10, x0, x12        x10=4213e25f x12:4213e25f
21465621ns          381571 1c009052 00b008b3 add              x17, x0, x11        x17=00000000 x11:00000000
21465641ns          381572 1c009054 00078363 beq              x15, x0, 6          x15:00000000
21465700ns          381575 1c00905a 0e010713 addi             x14, x2, 224        x14=10000e78  x2:10000d98
21465720ns          381576 1c00905c 011707b3 add              x15, x14, x17       x15=10000e78 x14:10000e78 x17:00000000
21465780ns          381579 1c009060 f607a783 lw               x15, -160(x15)      x15=387077a2 x15:10000e78  PA:10000dd8
21465839ns          381582 1c009064 00000713 addi             x14, x0, 0          x14=00000000
21465859ns          381583 1c009068 a0e79753 flt.s            x14, f15, f14       x14=00000000 f15:387077a2 f14:00000000
21465879ns          381584 1c00906c 06a12623 sw               x10, 108(x2)        x10:4213e25f  x2:10000d98  PA:10000e04
21465899ns          381585 1c00906e 00070363 beq              x14, x0, 6          x14:00000000
21465959ns          381588 1c009074 00f00733 add              x14, x0, x15        x14=387077a2 x15:387077a2
21465979ns          381589 1c009076 00281813 slli             x16, x16, 0x2       x16=00000000 x16:00000000
21465999ns          381590 1c009078 0e010993 addi             x19, x2, 224        x19=10000e78  x2:10000d98
21466018ns          381591 1c00907c 010985b3 add              x11, x19, x16       x11=10000e78 x19:10000e78 x16:00000000
21466058ns          381593 1c009080 f4c5a883 lw               x17, -180(x11)      x17=4213e25f x11:10000e78  PA:10000dc4
21466098ns          381595 1c009084 00000593 addi             x11, x0, 0          x11=00000000
21466118ns          381596 1c009088 a0b895d3 flt.s            x11, f17, f11       x11=00000000 f17:4213e25f f11:00000000
21466138ns          381597 1c00908c 06e12823 sw               x14, 112(x2)        x14:387077a2  x2:10000d98  PA:10000e08
21466158ns          381598 1c00908e 01100e33 add              x28, x0, x17        x28=4213e25f x17:4213e25f
21466197ns          381600 1c009090 00058363 beq              x11, x0, 6          x11:00000000
21466277ns          381604 1c009096 0e010e93 addi             x29, x2, 224        x29=10000e78  x2:10000d98
21466297ns          381605 1c00909a 01d80833 add              x16, x16, x29       x16=10000e78 x16:00000000 x29:10000e78
21466317ns          381606 1c00909c f6082303 lw               x6, -160(x16)        x6=387077a2 x16:10000e78  PA:10000dd8
21466735ns          381627 1c0090a0 00000593 addi             x11, x0, 0          x11=00000000
21466774ns          381629 1c0090a4 a0b315d3 flt.s            x11, f6, f11        x11=00000000  f6:387077a2 f11:00000000
21466794ns          381630 1c0090a8 07c12a23 sw               x28, 116(x2)        x28:4213e25f  x2:10000d98  PA:10000e0c
21466814ns          381631 1c0090aa 00058363 beq              x11, x0, 6          x11:00000000
21466914ns          381636 1c0090b0 006005b3 add              x11, x0, x6         x11=387077a2  x6:387077a2
21466933ns          381637 1c0090b2 a0d6a853 feq.s            x16, f13, f13       x16=00000001 f13:415ae549 f13:415ae549
21466953ns          381638 1c0090b6 06b12c23 sw               x11, 120(x2)        x11:387077a2  x2:10000d98  PA:10000e10
21466973ns          381639 1c0090b8 00080463 beq              x16, x0, 8          x16:00000001
21466993ns          381640 1c0090bc 0080106f jal              x0, 4104           
21467490ns          381665 1c00a0c4 a0a69853 flt.s            x16, f13, f10       x16=00000001 f13:415ae549 f10:4213e25f
21467530ns          381667 1c00a0c8 1e080563 beq              x16, x0, 490        x16:00000001
21467550ns          381668 1c00a0cc a0e516d3 flt.s            x13, f10, f14       x13=00000000 f10:4213e25f f14:387077a2
21467610ns          381671 1c00a0d0 28069163 bne              x13, x0, 642        x13:00000000
21467649ns          381673 1c00a0d4 07412703 lw               x14, 116(x2)        x14=4213e25f  x2:10000d98  PA:10000e0c
21467689ns          381675 1c00a0d6 a0e516d3 flt.s            x13, f10, f14       x13=00000000 f10:4213e25f f14:4213e25f
21467709ns          381676 1c00a0da 00069263 bne              x13, x0, 4          x13:00000000
21467729ns          381677 1c00a0dc 00a00733 add              x14, x0, x10        x14=4213e25f x10:4213e25f
21467749ns          381678 1c00a0de a0b716d3 flt.s            x13, f14, f11       x13=00000000 f14:4213e25f f11:387077a2
21467789ns          381680 1c00a0e2 84069063 bne              x13, x0, -4032      x13:00000000
21467809ns          381681 1c00a0e6 00e005b3 add              x11, x0, x14        x11=4213e25f x14:4213e25f
21467828ns          381682 1c00a0e8 83aff06f jal              x0, -4038          
21468008ns          381691 1c009122 1c0004b7 lui              x9, 0x1c000000       x9=1c000000
21468027ns          381692 1c009126 0204a703 lw               x14, 32(x9)         x14=3f800000  x9:1c000000  PA:1c000020
21468346ns          381708 1c00912a 18b77753 fdiv.s           f14, f14, f11       f14=xxxxxxxx f14:3f800000 f11:4213e25f
21468624ns          381722 1c00912e 105772d3 fmul.s           f5, f14, f5          f5=xxxxxxxx f14:3cdd9424  f5:415ae549
21468644ns          381723 1c009132 10e7f7d3 fmul.s           f15, f15, f14       f15=xxxxxxxx f15:387077a2 f14:3cdd9424
21468664ns          381724 1c009136 00000513 addi             x10, x0, 0          x10=00000000
21468684ns          381725 1c00913a 28e676c3 fmadd.s          f13, f12, f14, f5   f13=xxxxxxxx f12:4213e25f f14:3cdd9424  f5:3ebd769b
21468743ns          381728 1c00913e 28e67e47 fmsub.s          f28, f12, f14, f5   f28=xxxxxxxx f12:4213e25f f14:3cdd9424  f5:3ebd769b
21468783ns          381730 1c009142 10f7f853 fmul.s           f16, f15, f15       f16=xxxxxxxx f15:35d0226e f15:35d0226e
21468803ns          381731 1c009146 10f2f653 fmul.s           f12, f5, f15        f12=xxxxxxxx  f5:3ebd769b f15:35d0226e
21468823ns          381732 1c00914a 10e8f7d3 fmul.s           f15, f17, f14       f15=xxxxxxxx f17:4213e25f f14:3cdd9424
21468883ns          381735 1c00914e 1c000737 lui              x14, 0x1c000000     x14=1c000000
21468922ns          381737 1c009152 81c6f6c3 fmadd.s          f13, f13, f28, f16  f13=xxxxxxxx f13:3faf5da6 f28:3f2144b2 f16:2c2937f7
21468942ns          381738 1c009156 03070713 addi             x14, x14, 48        x14=1c000030 x14:1c000000
21468962ns          381739 1c00915a 00072703 lw               x14, 0(x14)         x14=3f000000 x14:1c000030  PA:1c000030
21469261ns          381754 1c00915c 10c67653 fmul.s           f12, f12, f12       f12=xxxxxxxx f12:351a09d9 f12:351a09d9
21469281ns          381755 1c009160 10e6f6d3 fmul.s           f13, f13, f14       f13=xxxxxxxx f13:3f5cf1e8 f14:3f000000
21469300ns          381756 1c009164 a0a6a753 feq.s            x14, f13, f10       x14=00000000 f13:3edcf1e8 f10:00000000
21469320ns          381757 1c009168 00070663 beq              x14, x0, 12         x14:00000000
21469420ns          381762 1c009174 00000513 addi             x10, x0, 0          x10=00000000
21469440ns          381763 1c009178 a0a69553 flt.s            x10, f13, f10       x10=00000000 f13:3edcf1e8 f10:00000000
21469460ns          381764 1c00917c 60d6f743 fmadd.s          f14, f13, f13, f12  f14=xxxxxxxx f13:3edcf1e8 f13:3edcf1e8 f12:2ab95fb3
21469519ns          381767 1c009180 58077753 fsqrt.s          f14, f14            f14=xxxxxxxx f14:3e3eb0ab
21469818ns          381782 1c009184 00050363 beq              x10, x0, 6          x10:00000000
21469897ns          381786 1c00918a 00e6f6d3 fadd.s           f13, f13, f14       f13=xxxxxxxx f13:3edcf1e8 f14:3edcf1e8
21469917ns          381787 1c00918e 18d67753 fdiv.s           f14, f12, f13       f14=xxxxxxxx f12:2ab95fb3 f13:3f5cf1e8
21469937ns          381788 1c009192 00f2f853 fadd.s           f16, f5, f15        f16=xxxxxxxx  f5:3ebd769b f15:3f7fffff
21470215ns          381802 1c009196 0857f6d3 fsub.s           f13, f15, f5        f13=xxxxxxxx f15:3f7fffff  f5:3ebd769b
21470235ns          381803 1c00919a 18b375d3 fdiv.s           f11, f6, f11        f11=xxxxxxxx  f6:387077a2 f11:4213e25f
21470514ns          381817 1c00919e 10b7f7d3 fmul.s           f15, f15, f11       f15=xxxxxxxx f15:3f7fffff f11:35d0226e
21470534ns          381818 1c0091a2 70d87843 fmadd.s          f16, f16, f13, f14  f16=xxxxxxxx f16:3faf5da6 f13:3f2144b2 f14:2ad6c901
21470554ns          381819 1c0091a6 5dfc4563 blt              x24, x31, 1482      x24:00000001 x31:00000001
21470573ns          381820 1c0091aa 002f9693 slli             x13, x31, 0x2       x13=00000004 x31:00000001
21470633ns          381823 1c0091ae 01f68333 add              x6, x13, x31         x6=00000005 x13:00000004 x31:00000001
21470653ns          381824 1c0091b2 00231313 slli             x6, x6, 0x2          x6=00000014  x6:00000005
21470673ns          381825 1c0091b4 058fc733 p.min            x14, x31, x24       x14=00000001 x31:00000001 x24:00000001
21470693ns          381826 1c0091b8 02c10893 addi             x17, x2, 44         x17=10000dc4  x2:10000d98
21470713ns          381827 1c0091bc 0e010993 addi             x19, x2, 224        x19=10000e78  x2:10000d98
21470772ns          381830 1c0091c0 ffc68a13 addi             x20, x13, -4        x20=00000000 x13:00000004
21470812ns          381832 1c0091c4 fec30e13 addi             x28, x6, -20        x28=00000000  x6:00000014
21470832ns          381833 1c0091c8 00d88ab3 add              x21, x17, x13       x21=10000dc8 x17:10000dc4 x13:00000004
21470852ns          381834 1c0091cc 00d98633 add              x12, x19, x13       x12=10000e7c x19:10000e78 x13:00000004
21470912ns          381837 1c0091d0 41f70b33 sub              x22, x14, x31       x22=00000000 x14:00000001 x31:00000001
21470951ns          381839 1c0091d4 04010393 addi             x7, x2, 64           x7=10000dd8  x2:10000d98
21470971ns          381840 1c0091d8 001f8693 addi             x13, x31, 1         x13=00000002 x31:00000001
21470991ns          381841 1c0091dc 00170713 addi             x14, x14, 1         x14=00000002 x14:00000001
21471051ns          381844 1c0091de 006c8eb3 add              x29, x25, x6        x29=10000f34 x25:10000f20  x6:00000014
21471091ns          381846 1c0091e2 01488bb3 add              x23, x17, x20       x23=10000dc4 x17:10000dc4 x20:00000000
21471110ns          381847 1c0091e6 01cc8f33 add              x30, x25, x28       x30=10000f20 x25:10000f20 x28:00000000
21471130ns          381848 1c0091ea f5c62503 lw               x10, -164(x12)      x10=387077a2 x12:10000e7c  PA:10000dd8
21471190ns          381851 1c0091ee ffcaa583 lw               x11, -4(x21)        x11=4213e25f x21:10000dc8  PA:10000dc4
21471210ns          381852 1c0091f2 01a30333 add              x6, x6, x26          x6=10000ed0  x6:00000014 x26:10000ebc
21471230ns          381853 1c0091f4 007a0a33 add              x20, x20, x7        x20=10000dd8 x20:00000000  x7:10000dd8
21471250ns          381854 1c0091f6 01ae0e33 add              x28, x28, x26       x28=10000ebc x28:00000000 x26:10000ebc
21471270ns          381855 1c0091f8 00000293 addi             x5, x0, 0            x5=00000000
21471289ns          381856 1c0091fc 001b0b13 addi             x22, x22, 1         x22=00000001 x22:00000000
21471329ns          381858 1c0091fe 00d75463 bge              x14, x13, 8         x14:00000002 x13:00000002
21471409ns          381862 1c009206 145b40fb lp.setup         0x1, x22, 0x145     x22:00000001
21471429ns          381863 1c00920a a0581753 flt.s            x14, f16, f5        x14=00000000 f16:3f5cf1e8  f5:00000000
21471449ns          381864 1c00920e 01000633 add              x12, x0, x16        x12=3f5cf1e8 x16:3f5cf1e8
21471488ns          381866 1c009210 00070363 beq              x14, x0, 6          x14:00000000
21471568ns          381870 1c009216 a0579753 flt.s            x14, f15, f5        x14=00000000 f15:35d0226d  f5:00000000
21471588ns          381871 1c00921a 00f008b3 add              x17, x0, x15        x17=35d0226d x15:35d0226d
21471608ns          381872 1c00921c 00070363 beq              x14, x0, 6          x14:00000000
21471707ns          381877 1c009222 a0c89753 flt.s            x14, f17, f12       x14=00000001 f17:35d0226d f12:3f5cf1e8
21471727ns          381878 1c009226 010006b3 add              x13, x0, x16        x13=3f5cf1e8 x16:3f5cf1e8
21471747ns          381879 1c009228 00071263 bne              x14, x0, 4          x14:00000001
21471846ns          381884 1c00922c 01167753 fadd.s           f14, f12, f17       f14=xxxxxxxx f12:3f5cf1e8 f17:35d0226d
21471866ns          381885 1c009230 a05723d3 feq.s            x7, f14, f5          x7=00000000 f14:3f5cf202  f5:00000000
21471886ns          381886 1c009234 00038463 beq              x7, x0, 8            x7:00000000
21471946ns          381889 1c00923c 1c000437 lui              x8, 0x1c000000       x8=1c000000
21472006ns          381892 1c009240 02040413 addi             x8, x8, 32           x8=1c000020  x8:1c000000
21472045ns          381894 1c009244 00042403 lw               x8, 0(x8)            x8=3f800000  x8:1c000020  PA:1c000020
21472364ns          381910 1c009246 18e473d3 fdiv.s           f7, f8, f14          f7=xxxxxxxx  f8:3f800000 f14:3f5cf202
21472642ns          381924 1c00924a 1078f8d3 fmul.s           f17, f17, f7        f17=xxxxxxxx f17:35d0226d  f7:3f944ee4
21472662ns          381925 1c00924e 10767653 fmul.s           f12, f12, f7        f12=xxxxxxxx f12:3f5cf1e8  f7:3f944ee4
21472682ns          381926 1c009252 a05696d3 flt.s            x13, f13, f5        x13=00000000 f13:3f5cf1e8  f5:00000000
21472702ns          381927 1c009256 1118f8d3 fmul.s           f17, f17, f17       f17=xxxxxxxx f17:35f12816 f17:35f12816
21472722ns          381928 1c00925a 88c67643 fmadd.s          f12, f12, f12, f17  f12=xxxxxxxx f12:3f7fffe1 f12:3f7fffe1 f17:2c632c80
21472781ns          381931 1c00925e 58067653 fsqrt.s          f12, f12            f12=xxxxxxxx f12:3f7fffc2
21473080ns          381946 1c009262 10c77753 fmul.s           f14, f14, f12       f14=xxxxxxxx f14:3f5cf202 f12:3f7fffe1
21473100ns          381947 1c009266 00068363 beq              x13, x0, 6          x13:00000000
21473219ns          381953 1c00926c 1c0004b7 lui              x9, 0x1c000000       x9=1c000000
21473239ns          381954 1c009270 02048493 addi             x9, x9, 32           x9=1c000020  x9:1c000000
21473259ns          381955 1c009274 0004a483 lw               x9, 0(x9)            x9=3f800000  x9:1c000020  PA:1c000020
21473577ns          381971 1c009276 18e4f753 fdiv.s           f14, f9, f14        f14=xxxxxxxx  f9:3f800000 f14:3f5cf1e7
21473855ns          381985 1c00927a 10e87653 fmul.s           f12, f16, f14       f12=xxxxxxxx f16:3f5cf1e8 f14:3f944ef6
21473875ns          381986 1c00927e 10e7f7d3 fmul.s           f15, f15, f14       f15=xxxxxxxx f15:35d0226d f14:3f944ef6
21473895ns          381987 1c009282 000e2683 lw               x13, 0(x28)         x13=3eb9460f x28:10000ebc  PA:10000ebc
21473915ns          381988 1c009286 00032803 lw               x16, 0(x6)          x16=bedf0a2e  x6:10000ed0  PA:10000ed0
21473935ns          381989 1c00928a 10d7f3d3 fmul.s           f7, f15, f13         f7=xxxxxxxx f15:35f12833 f13:3eb9460f
21473995ns          381992 1c00928e 1107f8d3 fmul.s           f17, f15, f16       f17=xxxxxxxx f15:35f12833 f16:bedf0a2e
21474034ns          381994 1c009292 10f57753 fmul.s           f14, f10, f15       f14=xxxxxxxx f10:387077a2 f15:35f12833
21474054ns          381995 1c009296 39067847 fmsub.s          f16, f12, f16, f7   f16=xxxxxxxx f12:3f800000 f16:bedf0a2e  f7:352e880c
21474074ns          381996 1c00929a 88d676c3 fmadd.s          f13, f12, f13, f17  f13=xxxxxxxx f12:3f800000 f13:3eb9460f f17:b5521b9b
21474134ns          381999 1c00929e 10b7f3d3 fmul.s           f7, f15, f11         f7=xxxxxxxx f15:35f12833 f11:4213e25f
21474174ns          382001 1c0092a2 01032023 sw               x16, 0(x6)          x16:bedf0a44  x6:10000ed0  PA:10000ed0
21474194ns          382002 1c0092a6 00de2023 sw               x13, 0(x28)         x13:3eb945f5 x28:10000ebc  PA:10000ebc
21474213ns          382003 1c0092aa 004e2803 lw               x16, 4(x28)         x16=3ef8741e x28:10000ebc  PA:10000ec0
21474273ns          382006 1c0092ae 00432883 lw               x17, 4(x6)          x17=3ec01f4e  x6:10000ed0  PA:10000ed4
21474313ns          382008 1c0092b2 1107f453 fmul.s           f8, f15, f16         f8=xxxxxxxx f15:35f12833 f16:3ef8741e
21474333ns          382009 1c0092b6 1117f6d3 fmul.s           f13, f15, f17       f13=xxxxxxxx f15:35f12833 f17:3ec01f4e
21474353ns          382010 1c0092ba 70b67743 fmadd.s          f14, f12, f11, f14  f14=xxxxxxxx f12:3f800000 f11:4213e25f f14:2ee28662
21474412ns          382013 1c0092be 411678c7 fmsub.s          f17, f12, f17, f8   f17=xxxxxxxx f12:3f800000 f17:3ec01f4e  f8:356a0c54
21474452ns          382015 1c0092c2 69067843 fmadd.s          f16, f12, f16, f13  f16=xxxxxxxx f12:3f800000 f16:3ef8741e f13:3534fba4
21474472ns          382016 1c0092c6 38c576c7 fmsub.s          f13, f10, f12, f7   f13=xxxxxxxx f10:387077a2 f12:3f800000  f7:388b4f54
21474492ns          382017 1c0092ca 01132223 sw               x17, 4(x6)          x17:3ec01f31  x6:10000ed0  PA:10000ed4
21474552ns          382020 1c0092ce 008e2583 lw               x11, 8(x28)         x11=3f084de8 x28:10000ebc  PA:10000ec4
21474591ns          382022 1c0092d2 010e2223 sw               x16, 4(x28)         x16:3ef87435 x28:10000ebc  PA:10000ec0
21474611ns          382023 1c0092d6 00832803 lw               x16, 8(x6)          x16=3e80c558  x6:10000ed0  PA:10000ed8
21474631ns          382024 1c0092da 10b7f8d3 fmul.s           f17, f15, f11       f17=xxxxxxxx f15:35f12833 f11:3f084de8
21474691ns          382027 1c0092de 1107f553 fmul.s           f10, f15, f16       f10=xxxxxxxx f15:35f12833 f16:3e80c558
21474731ns          382029 1c0092e2 a05713d3 flt.s            x7, f14, f5          x7=00000000 f14:4213e25f  f5:00000000
21474750ns          382030 1c0092e6 890678c7 fmsub.s          f17, f12, f16, f17  f17=xxxxxxxx f12:3f800000 f16:3e80c558 f17:358066bf
21474770ns          382031 1c0092ea 50b67543 fmadd.s          f10, f12, f11, f10  f10=xxxxxxxx f12:3f800000 f11:3f084de8 f10:34f29c01
21474830ns          382034 1c0092ee 000aa803 lw               x16, 0(x21)         x16=415ae549 x21:10000dc8  PA:10000dc8
21474870ns          382036 1c0092f2 01132423 sw               x17, 8(x6)          x17:3e80c538  x6:10000ed0  PA:10000ed8
21474890ns          382037 1c0092f6 00ce2583 lw               x11, 12(x28)        x11=3ee529bf x28:10000ebc  PA:10000ec8
21474910ns          382038 1c0092fa 00ae2423 sw               x10, 8(x28)         x10:3f084df0 x28:10000ebc  PA:10000ec4
21474969ns          382041 1c0092fe 00c32403 lw               x8, 12(x6)           x8=bf2e3ee1  x6:10000ed0  PA:10000edc
21475009ns          382043 1c009302 10b7f8d3 fmul.s           f17, f15, f11       f17=xxxxxxxx f15:35f12833 f11:3ee529bf
21475029ns          382044 1c009306 1087f553 fmul.s           f10, f15, f8        f10=xxxxxxxx f15:35f12833  f8:bf2e3ee1
21475049ns          382045 1c00930a 00da222b p.sw             x13, 4(x20!)        x20=10000ddc x13:b7189c18 x20:10000dd8  PA:10000dd8
21475109ns          382048 1c00930e 88867447 fmsub.s          f8, f12, f8, f17     f8=xxxxxxxx f12:3f800000  f8:bf2e3ee1 f17:3557e049
21475148ns          382050 1c009312 50b67543 fmadd.s          f10, f12, f11, f10  f10=xxxxxxxx f12:3f800000 f11:3ee529bf f10:b5a4248e
21475168ns          382051 1c009316 10f875d3 fmul.s           f11, f16, f15       f11=xxxxxxxx f16:415ae549 f15:35f12833
21475188ns          382052 1c00931a 00832623 sw               x8, 12(x6)           x8:bf2e3eee  x6:10000ed0  PA:10000edc
21475248ns          382055 1c00931e 010e2403 lw               x8, 16(x28)          x8=3ec6226d x28:10000ebc  PA:10000ecc
21475288ns          382057 1c009322 00ae2623 sw               x10, 12(x28)        x10:3ee52996 x28:10000ebc  PA:10000ec8
21475307ns          382058 1c009326 01032503 lw               x10, 16(x6)         x10=3ec18a89  x6:10000ed0  PA:10000ee0
21475327ns          382059 1c00932a 1087f4d3 fmul.s           f9, f15, f8          f9=xxxxxxxx f15:35f12833  f8:3ec6226d
21475387ns          382062 1c00932e 10a7f7d3 fmul.s           f15, f15, f10       f15=xxxxxxxx f15:35f12833 f10:3ec18a89
21475427ns          382064 1c009332 10c878d3 fmul.s           f17, f16, f12       f17=xxxxxxxx f16:415ae549 f12:3f800000
21475447ns          382065 1c009336 48a67547 fmsub.s          f10, f12, f10, f9   f10=xxxxxxxx f12:3f800000 f10:3ec18a89  f9:353aa585
21475467ns          382066 1c00933a 788677c3 fmadd.s          f15, f12, f8, f15   f15=xxxxxxxx f12:3f800000  f8:3ec6226d f15:353651cf
21475526ns          382069 1c00933e 00a32823 sw               x10, 16(x6)         x10:3ec18a72  x6:10000ed0  PA:10000ee0
21475566ns          382071 1c009342 00fe2823 sw               x15, 16(x28)        x15:3ec62284 x28:10000ebc  PA:10000ecc
21475586ns          382072 1c009346 00e007b3 add              x15, x0, x14        x15=4213e25f x14:4213e25f
21475606ns          382073 1c009348 00038463 beq              x7, x0, 8            x7:00000000
21475705ns          382078 1c009350 a0559653 flt.s            x12, f11, f5        x12=00000000 f11:37ce3439  f5:00000000
21475725ns          382079 1c009354 700616e3 bne              x12, x0, 3852       x12:00000000
21475745ns          382080 1c009358 00b00633 add              x12, x0, x11        x12=37ce3439 x11:37ce3439
21475765ns          382081 1c00935a a0f61553 flt.s            x10, f12, f15       x10=00000001 f12:37ce3439 f15:4213e25f
21475785ns          382082 1c00935e 00e00833 add              x16, x0, x14        x16=4213e25f x14:4213e25f
21475825ns          382084 1c009360 00051263 bne              x10, x0, 4          x10:00000001
21475884ns          382087 1c009364 00c7f453 fadd.s           f8, f15, f12         f8=xxxxxxxx f15:4213e25f f12:37ce3439
21475904ns          382088 1c009368 a05423d3 feq.s            x7, f8, f5           x7=00000000  f8:4213e265  f5:00000000
21475924ns          382089 1c00936c 6a0397e3 bne              x7, x0, 3758         x7:00000000
21475984ns          382092 1c009370 1c0009b7 lui              x19, 0x1c000000     x19=1c000000
21476023ns          382094 1c009374 02098993 addi             x19, x19, 32        x19=1c000020 x19:1c000000
21476043ns          382095 1c009378 0009a983 lw               x19, 0(x19)         x19=3f800000 x19:1c000020  PA:1c000020
21476362ns          382111 1c00937c 1889f3d3 fdiv.s           f7, f19, f8          f7=xxxxxxxx f19:3f800000  f8:4213e265
21476640ns          382125 1c009380 10767653 fmul.s           f12, f12, f7        f12=xxxxxxxx f12:37ce3439  f7:3cdd941c
21476660ns          382126 1c009384 1077f7d3 fmul.s           f15, f15, f7        f15=xxxxxxxx f15:4213e25f  f7:3cdd941c
21476680ns          382127 1c009388 a0581853 flt.s            x16, f16, f5        x16=00000000 f16:4213e25f  f5:00000000
21476700ns          382128 1c00938c 10c67653 fmul.s           f12, f12, f12       f12=xxxxxxxx f12:35327a62 f12:35327a62
21476740ns          382130 1c009390 60f7f7c3 fmadd.s          f15, f15, f15, f12  f15=xxxxxxxx f15:3f7ffff6 f15:3f7ffff6 f12:2af8dcd6
21476779ns          382132 1c009394 5807f7d3 fsqrt.s          f15, f15            f15=xxxxxxxx f15:3f7fffec
21477237ns          382155 1c009398 10f47453 fmul.s           f8, f8, f15          f8=xxxxxxxx  f8:4213e265 f15:3f7ffff6
21477257ns          382156 1c00939c 00080463 beq              x16, x0, 8          x16:00000000
21477316ns          382159 1c0093a4 1c0003b7 lui              x7, 0x1c000000       x7=1c000000
21477336ns          382160 1c0093a8 02038393 addi             x7, x7, 32           x7=1c000020  x7:1c000000
21477356ns          382161 1c0093ac 0003a383 lw               x7, 0(x7)            x7=3f800000  x7:1c000020  PA:1c000020
21477694ns          382178 1c0093b0 1883f7d3 fdiv.s           f15, f7, f8         f15=xxxxxxxx  f7:3f800000  f8:4213e25f
21478112ns          382199 1c0093b4 10f77653 fmul.s           f12, f14, f15       f12=xxxxxxxx f14:4213e25f f15:3cdd9424
21478132ns          382200 1c0093b8 10f5f3d3 fmul.s           f7, f11, f15         f7=xxxxxxxx f11:37ce3439 f15:3cdd9424
21478152ns          382201 1c0093bc 10c6f853 fmul.s           f16, f13, f12       f16=xxxxxxxx f13:b7189c18 f12:3f7fffff
21478172ns          382202 1c0093c0 207395d3 fsgnjn.s         f11, f7, f7         f11=xxxxxxxx  f7:35327a68  f7:35327a68
21478192ns          382203 1c0093c4 000f2783 lw               x15, 0(x30)         x15=3ed23ca6 x30:10000f20  PA:10000f20
21478211ns          382204 1c0093c8 000ea483 lw               x9, 0(x29)           x9=bdc43bc6 x29:10000f34  PA:10000f34
21478231ns          382205 1c0093cc 1077f953 fmul.s           f18, f15, f7        f18=xxxxxxxx f15:3ed23ca6  f7:35327a68
21478271ns          382207 1c0093d0 1074f553 fmul.s           f10, f9, f7         f10=xxxxxxxx  f9:bdc43bc6  f7:35327a68
21478311ns          382209 1c0093d4 10c8f753 fmul.s           f14, f17, f12       f14=xxxxxxxx f17:415ae549 f12:3f7fffff
21478331ns          382210 1c0093d8 90c4f4c7 fmsub.s          f9, f9, f12, f18     f9=xxxxxxxx  f9:bdc43bc6 f12:3f7fffff f18:349292b2
21478351ns          382211 1c0093dc 50c7f543 fmadd.s          f10, f15, f12, f10  f10=xxxxxxxx f15:3ed23ca6 f12:3f7fffff f10:b388cf64
21478410ns          382214 1c0093e0 70b6f5c3 fmadd.s          f11, f13, f11, f14  f11=xxxxxxxx f13:b7189c18 f11:b5327a68 f14:415ae548
21478450ns          382216 1c0093e4 009ea023 sw               x9, 0(x29)           x9:bdc43bea x29:10000f34  PA:10000f34
21478470ns          382217 1c0093e8 00af2023 sw               x10, 0(x30)         x10:3ed23ca3 x30:10000f20  PA:10000f20
21478490ns          382218 1c0093ec 004f2503 lw               x10, 4(x30)         x10=3effbf72 x30:10000f20  PA:10000f24
21478550ns          382221 1c0093f0 004ea483 lw               x9, 4(x29)           x9=3e38c499 x29:10000f34  PA:10000f38
21478589ns          382223 1c0093f4 10a3f9d3 fmul.s           f19, f7, f10        f19=xxxxxxxx  f7:35327a68 f10:3effbf72
21478609ns          382224 1c0093f8 1093f953 fmul.s           f18, f7, f9         f18=xxxxxxxx  f7:35327a68  f9:3e38c499
21478629ns          382225 1c0093fc 008ba22b p.sw             x8, 4(x23!)         x23=10000dc8  x8:4213e25f x23:10000dc4  PA:10000dc4
21478689ns          382228 1c009400 989674c7 fmsub.s          f9, f12, f9, f19     f9=xxxxxxxx f12:3f7fffff  f9:3e38c499 f19:34b24d66
21478729ns          382230 1c009404 90a67743 fmadd.s          f14, f12, f10, f18  f14=xxxxxxxx f12:3f7fffff f10:3effbf72 f18:3400d10b
21478749ns          382231 1c009408 8078f843 fmadd.s          f16, f17, f7, f16   f16=xxxxxxxx f17:415ae549  f7:35327a68 f16:b7189c17
21478768ns          382232 1c00940c 009ea223 sw               x9, 4(x29)           x9:3e38c482 x29:10000f34  PA:10000f38
21478828ns          382235 1c009410 00ef2223 sw               x14, 4(x30)         x14:3effbf75 x30:10000f20  PA:10000f24
21478868ns          382237 1c009414 008f2703 lw               x14, 8(x30)         x14=3ec84dfd x30:10000f20  PA:10000f28
21478888ns          382238 1c009418 008ea483 lw               x9, 8(x29)           x9=3f0ea1bf x29:10000f34  PA:10000f3c
21478908ns          382239 1c00941c 10e3f953 fmul.s           f18, f7, f14        f18=xxxxxxxx  f7:35327a68 f14:3ec84dfd
21478987ns          382243 1c009420 1093f6d3 fmul.s           f13, f7, f9         f13=xxxxxxxx  f7:35327a68  f9:3f0ea1bf
21479027ns          382245 1c009424 000a2783 lw               x15, 0(x20)         x15=00000000 x20:10000ddc  PA:10000ddc
21479047ns          382246 1c009428 909674c7 fmsub.s          f9, f12, f9, f18     f9=xxxxxxxx f12:3f7fffff  f9:3f0ea1bf f18:348ba600
21479067ns          382247 1c00942c 68e676c3 fmadd.s          f13, f12, f14, f13  f13=xxxxxxxx f12:3f7fffff f14:3ec84dfd f13:34c6e154
21479126ns          382250 1c009430 10c7f553 fmul.s           f10, f15, f12       f10=xxxxxxxx f15:00000000 f12:3f7fffff
21479166ns          382252 1c009434 009ea423 sw               x9, 8(x29)           x9:3f0ea1ba x29:10000f34  PA:10000f3c
21479186ns          382253 1c009438 00cf2703 lw               x14, 12(x30)        x14=3ef69c98 x30:10000f20  PA:10000f2c
21479206ns          382254 1c00943c 00df2423 sw               x13, 8(x30)         x13:3ec84e09 x30:10000f20  PA:10000f28
21479266ns          382257 1c009440 00cea683 lw               x13, 12(x29)        x13=bf455d5f x29:10000f34  PA:10000f40
21479305ns          382259 1c009444 10e3f4d3 fmul.s           f9, f7, f14          f9=xxxxxxxx  f7:35327a68 f14:3ef69c98
21479325ns          382260 1c009448 10d3f453 fmul.s           f8, f7, f13          f8=xxxxxxxx  f7:35327a68 f13:bf455d5f
21479345ns          382261 1c00944c 00baa22b p.sw             x11, 4(x21!)        x21=10000dcc x11:415ae548 x21:10000dc8  PA:10000dc8
21479405ns          382264 1c009450 48d676c7 fmsub.s          f13, f12, f13, f9   f13=xxxxxxxx f12:3f7fffff f13:bf455d5f  f9:34abeecd
21479445ns          382266 1c009454 40e67743 fmadd.s          f14, f12, f14, f8   f14=xxxxxxxx f12:3f7fffff f14:3ef69c98  f8:b509994b
21479465ns          382267 1c009458 00aa2023 sw               x10, 0(x20)         x10:00000000 x20:10000ddc  PA:10000ddc
21479484ns          382268 1c00945c 00dea623 sw               x13, 12(x29)        x13:bf455d64 x29:10000f34  PA:10000f40
21479544ns          382271 1c009460 010f2883 lw               x17, 16(x30)        x17=3ee326fe x30:10000f20  PA:10000f30
21479584ns          382273 1c009464 00ef2623 sw               x14, 12(x30)        x14:3ef69c86 x30:10000f20  PA:10000f2c
21479604ns          382274 1c009468 010ea683 lw               x13, 16(x29)        x13=3e6cc6bf x29:10000f34  PA:10000f44
21479624ns          382275 1c00946c 1113f453 fmul.s           f8, f7, f17          f8=xxxxxxxx  f7:35327a68 f17:3ee326fe
21479683ns          382278 1c009470 10d3f753 fmul.s           f14, f7, f13        f14=xxxxxxxx  f7:35327a68 f13:3e6cc6bf
21479723ns          382280 1c009474 1077f7d3 fmul.s           f15, f15, f7        f15=xxxxxxxx f15:00000000  f7:35327a68
21479743ns          382281 1c009478 40d676c7 fmsub.s          f13, f12, f13, f8   f13=xxxxxxxx f12:3f7fffff f13:3e6cc6bf  f8:349e5db9
21479763ns          382282 1c00947c 71167743 fmadd.s          f14, f12, f17, f14  f14=xxxxxxxx f12:3f7fffff f17:3ee326fe f14:34251368
21480201ns          382304 1c009480 001f8f93 addi             x31, x31, 1         x31=00000002 x31:00000001
21480240ns          382306 1c009482 00dea823 sw               x13, 16(x29)        x13:3e6cc6aa x29:10000f34  PA:10000f44
21480260ns          382307 1c009486 00ef2823 sw               x14, 16(x30)        x14:3ee32702 x30:10000f20  PA:10000f30
21480280ns          382308 1c00948a 014e8e93 addi             x29, x29, 20        x29=10000f48 x29:10000f34
21480300ns          382309 1c00948c 01430313 addi             x6, x6, 20           x6=10000ee4  x6:10000ed0
21480320ns          382310 1c00948e 014f0f13 addi             x30, x30, 20        x30=10000f34 x30:10000f20
21480340ns          382311 1c009490 014e0e13 addi             x28, x28, 20        x28=10000ed0 x28:10000ebc
21480380ns          382313 1c009492 2dfc4f63 blt              x24, x31, 734       x24:00000001 x31:00000002
21480499ns          382319 1c009770 01412e03 lw               x28, 20(x2)         x28=00000000  x2:10000d98  PA:10000dac
21480519ns          382320 1c009772 00812983 lw               x19, 8(x2)          x19=00000000  x2:10000d98  PA:10000da0
21480539ns          382321 1c009774 0e010893 addi             x17, x2, 224        x17=10000e78  x2:10000d98
21480559ns          382322 1c009778 013887b3 add              x15, x17, x19       x15=10000e78 x17:10000e78 x19:00000000
21480578ns          382323 1c00977c 001e0e13 addi             x28, x28, 1         x28=00000001 x28:00000000
21480638ns          382326 1c00977e f707a023 sw               x16, -160(x15)      x16:a9410580 x15:10000e78  PA:10000dd8
21480658ns          382327 1c009782 01c12a23 sw               x28, 20(x2)         x28:00000001  x2:10000d98  PA:10000dac
21480678ns          382328 1c009784 fff00793 addi             x15, x0, -1         x15=ffffffff
21480698ns          382329 1c009786 00fdc663 blt              x27, x15, 12        x27:00000000 x15:ffffffff
21480718ns          382330 1c00978a 04b00793 addi             x15, x0, 75         x15=0000004b
21480777ns          382333 1c00978e a8fe1c63 bne              x28, x15, -3432     x28:00000001 x15:0000004b
21480877ns          382338 1c008a26 00812503 lw               x10, 8(x2)          x10=00000000  x2:10000d98  PA:10000da0
21480917ns          382340 1c008a28 04010613 addi             x12, x2, 64         x12=10000dd8  x2:10000d98
21480937ns          382341 1c008a2a 01b509b3 add              x19, x10, x27       x19=00000000 x10:00000000 x27:00000000
21480956ns          382342 1c008a2e 02c10593 addi             x11, x2, 44         x11=10000dc4  x2:10000d98
21480996ns          382344 1c008a30 00a60633 add              x12, x12, x10       x12=10000dd8 x12:10000dd8 x10:00000000
21481036ns          382346 1c008a32 002d8693 addi             x13, x27, 2         x13=00000002 x27:00000000
21481056ns          382347 1c008a36 1c000437 lui              x8, 0x1c000000       x8=1c000000
21481076ns          382348 1c008a3a 1c0004b7 lui              x9, 0x1c000000       x9=1c000000
21481096ns          382349 1c008a3e 00299993 slli             x19, x19, 0x2       x19=00000000 x19:00000000
21481135ns          382351 1c008a40 00a58b33 add              x22, x11, x10       x22=10000dc4 x11:10000dc4 x10:00000000
21481175ns          382353 1c008a44 00c12623 sw               x12, 12(x2)         x12:10000dd8  x2:10000d98  PA:10000da4
21481195ns          382354 1c008a46 00d12c23 sw               x13, 24(x2)         x13:00000002  x2:10000d98  PA:10000db0
21481215ns          382355 1c008a48 02842a83 lw               x21, 40(x8)         x21=0c000000  x8:1c000000  PA:1c000028
21481513ns          382370 1c008a4c 02c4ab83 lw               x23, 44(x9)         x23=34000000  x9:1c000000  PA:1c00002c
21481812ns          382385 1c008a50 01a989b3 add              x19, x19, x26       x19=10000ebc x19:00000000 x26:10000ebc
21481832ns          382386 1c008a52 00000f13 addi             x30, x0, 0          x30=00000000
21481851ns          382387 1c008a56 018007b3 add              x15, x0, x24        x15=00000001 x24:00000001
21481871ns          382388 1c008a58 004b2283 lw               x5, 4(x22)           x5=415ae548 x22:10000dc4  PA:10000dc8
21481891ns          382389 1c008a5c 71fdace3 p.beqimm         x27, 3864           x27:00000000
21481931ns          382391 1c008a60 01412e03 lw               x28, 20(x2)         x28=00000001  x2:10000d98  PA:10000dac
21481951ns          382392 1c008a62 01400e93 addi             x29, x0, 20         x29=00000014
21481971ns          382393 1c008a64 77cec8e3 blt              x29, x28, 3952      x29:00000014 x28:00000001
21481991ns          382394 1c008a68 00c12f83 lw               x31, 12(x2)         x31=10000dd8  x2:10000d98  PA:10000da4
21482030ns          382396 1c008a6a 000fa683 lw               x13, 0(x31)         x13=a9410580 x31:10000dd8  PA:10000dd8
21482070ns          382398 1c008a6e a1e69753 flt.s            x14, f13, f30       x14=00000001 f13:a9410580 f30:00000000
21482090ns          382399 1c008a72 00070363 beq              x14, x0, 6          x14:00000001
21482110ns          382400 1c008a74 20d696d3 fsgnjn.s         f13, f13, f13       f13=xxxxxxxx f13:a9410580 f13:a9410580
21482130ns          382401 1c008a78 000b2603 lw               x12, 0(x22)         x12=4213e25f x22:10000dc4  PA:10000dc4
21482170ns          382403 1c008a7c a1e61753 flt.s            x14, f12, f30       x14=00000000 f12:4213e25f f30:00000000
21482210ns          382405 1c008a80 00c005b3 add              x11, x0, x12        x11=4213e25f x12:4213e25f
21482229ns          382406 1c008a82 00070363 beq              x14, x0, 6          x14:00000000
21482289ns          382409 1c008a88 a1e29753 flt.s            x14, f5, f30        x14=00000000  f5:415ae548 f30:00000000
21482309ns          382410 1c008a8c 00070363 beq              x14, x0, 6          x14:00000000
21482408ns          382415 1c008a92 00500733 add              x14, x0, x5         x14=415ae548  x5:415ae548
21482428ns          382416 1c008a94 00b77753 fadd.s           f14, f14, f11       f14=xxxxxxxx f14:415ae548 f11:4213e25f
21482448ns          382417 1c008a98 11777753 fmul.s           f14, f14, f23       f14=xxxxxxxx f14:424a9bb1 f23:34000000
21482468ns          382418 1c008a9c a0e68753 fle.s            x14, f13, f14       x14=00000001 f13:29410580 f14:36ca9bb1
21482528ns          382421 1c008aa0 00070363 beq              x14, x0, 6          x14:00000001
21482568ns          382423 1c008aa2 3140106f jal              x0, 4884           
21482687ns          382429 1c009db6 002d9713 slli             x14, x27, 0x2       x14=00000000 x27:00000000
21482707ns          382430 1c009dba 0e010393 addi             x7, x2, 224          x7=10000e78  x2:10000d98
21482727ns          382431 1c009dbe 00770733 add              x14, x14, x7        x14=10000e78 x14:00000000  x7:10000e78
21482766ns          382433 1c009dc0 01800833 add              x16, x0, x24        x16=00000001 x24:00000001
21482786ns          382434 1c009dc2 01b006b3 add              x13, x0, x27        x13=00000000 x27:00000000
21482806ns          382435 1c009dc4 f6072023 sw               x0, -160(x14)       x14:10000e78  PA:10000dd8
21482826ns          382436 1c009dc8 a31ff06f jal              x0, -1488          
21482906ns          382440 1c0097f8 c3881763 bne              x16, x24, -3026     x16:00000001 x24:00000001
21482945ns          382442 1c0097fc a1e29753 flt.s            x14, f5, f30        x14=00000000  f5:415ae548 f30:00000000
21483005ns          382445 1c009800 00268613 addi             x12, x13, 2         x12=00000002 x13:00000000
21483045ns          382447 1c009804 16071d63 bne              x14, x0, 378        x14:00000000
21483065ns          382448 1c009808 144c2363 p.beqimm         x24, 326            x24:00000001
21483085ns          382449 1c00980c 00261393 slli             x7, x12, 0x2         x7=00000008 x12:00000002
21483144ns          382452 1c009810 0e010e93 addi             x29, x2, 224        x29=10000e78  x2:10000d98
21483184ns          382454 1c009814 007e8733 add              x14, x29, x7        x14=10000e80 x29:10000e78  x7:00000008
21483204ns          382455 1c009818 f4c72403 lw               x8, -180(x14)        x8=411c5830 x14:10000e80  PA:10000dcc
21483224ns          382456 1c00981c 02c10f93 addi             x31, x2, 44         x31=10000dc4  x2:10000d98
21483284ns          382459 1c009820 a0829753 flt.s            x14, f5, f8         x14=00000000  f5:415ae548  f8:411c5830
21483323ns          382461 1c009824 01f383b3 add              x7, x7, x31          x7=10000dcc  x7:00000008 x31:10000dc4
21483343ns          382462 1c009826 00300c13 addi             x24, x0, 3          x24=00000003
21483363ns          382463 1c009828 12070363 beq              x14, x0, 294        x14:00000000
21483502ns          382470 1c00994e 00c12f83 lw               x31, 12(x2)         x31=10000dd8  x2:10000d98  PA:10000da4
21483582ns          382474 1c009950 01812303 lw               x6, 24(x2)           x6=00000002  x2:10000d98  PA:10000db0
21483602ns          382475 1c009952 ffcf8f93 addi             x31, x31, -4        x31=10000dd4 x31:10000dd8
21483622ns          382476 1c009954 fff30313 addi             x6, x6, -1           x6=00000001  x6:00000002
21483642ns          382477 1c009956 fffd8d93 addi             x27, x27, -1        x27=ffffffff x27:00000000
21483662ns          382478 1c009958 01f12623 sw               x31, 12(x2)         x31:10000dd4  x2:10000d98  PA:10000da4
21483681ns          382479 1c00995a 00012a23 sw               x0, 20(x2)           x2:10000d98  PA:10000dac
21483701ns          382480 1c00995c 00612c23 sw               x6, 24(x2)           x6:00000001  x2:10000d98  PA:10000db0
21483721ns          382481 1c00995e ffcb0b13 addi             x22, x22, -4        x22=10000dc0 x22:10000dc4
21483741ns          382482 1c009960 fec98993 addi             x19, x19, -20       x19=10000ea8 x19:10000ebc
21483761ns          382483 1c009962 001d8c13 addi             x24, x27, 1         x24=00000000 x27:ffffffff
21483781ns          382484 1c009966 e20306e3 beq              x6, x0, -468         x6:00000001
21483801ns          382485 1c00996a 018007b3 add              x15, x0, x24        x15=00000000 x24:00000000
21483821ns          382486 1c00996c 004b2283 lw               x5, 4(x22)           x5=4213e25f x22:10000dc0  PA:10000dc4
21483860ns          382488 1c009970 8ffdb863 p.bneimm         x27, -3856          x27:ffffffff
21483900ns          382490 1c009974 a1e29753 flt.s            x14, f5, f30        x14=00000000  f5:4213e25f f30:00000000
21483920ns          382491 1c009978 00100613 addi             x12, x0, 1          x12=00000001
21483940ns          382492 1c00997a e80707e3 beq              x14, x0, -370       x14:00000000
21484079ns          382499 1c009808 144c2363 p.beqimm         x24, 326            x24:00000000
21484119ns          382501 1c00980c 00261393 slli             x7, x12, 0x2         x7=00000004 x12:00000001
21484139ns          382502 1c009810 0e010e93 addi             x29, x2, 224        x29=10000e78  x2:10000d98
21484159ns          382503 1c009814 007e8733 add              x14, x29, x7        x14=10000e7c x29:10000e78  x7:00000004
21484179ns          382504 1c009818 f4c72403 lw               x8, -180(x14)        x8=415ae548 x14:10000e7c  PA:10000dc8
21484199ns          382505 1c00981c 02c10f93 addi             x31, x2, 44         x31=10000dc4  x2:10000d98
21484218ns          382506 1c009820 a0829753 flt.s            x14, f5, f8         x14=00000000  f5:4213e25f  f8:415ae548
21484238ns          382507 1c009824 01f383b3 add              x7, x7, x31          x7=10000dc8  x7:00000004 x31:10000dc4
21484258ns          382508 1c009826 00300c13 addi             x24, x0, 3          x24=00000003
21484278ns          382509 1c009828 12070363 beq              x14, x0, 294        x14:00000000
21484338ns          382512 1c00994e 00c12f83 lw               x31, 12(x2)         x31=10000dd4  x2:10000d98  PA:10000da4
21484358ns          382513 1c009950 01812303 lw               x6, 24(x2)           x6=00000001  x2:10000d98  PA:10000db0
21484378ns          382514 1c009952 ffcf8f93 addi             x31, x31, -4        x31=10000dd0 x31:10000dd4
21484397ns          382515 1c009954 fff30313 addi             x6, x6, -1           x6=00000000  x6:00000001
21484417ns          382516 1c009956 fffd8d93 addi             x27, x27, -1        x27=fffffffe x27:ffffffff
21484437ns          382517 1c009958 01f12623 sw               x31, 12(x2)         x31:10000dd0  x2:10000d98  PA:10000da4
21484457ns          382518 1c00995a 00012a23 sw               x0, 20(x2)           x2:10000d98  PA:10000dac
21484477ns          382519 1c00995c 00612c23 sw               x6, 24(x2)           x6:00000000  x2:10000d98  PA:10000db0
21484497ns          382520 1c00995e ffcb0b13 addi             x22, x22, -4        x22=10000dbc x22:10000dc0
21484517ns          382521 1c009960 fec98993 addi             x19, x19, -20       x19=10000e94 x19:10000ea8
21484537ns          382522 1c009962 001d8c13 addi             x24, x27, 1         x24=ffffffff x27:fffffffe
21484557ns          382523 1c009966 e20306e3 beq              x6, x0, -468         x6:00000000
21484616ns          382526 1c009792 01c12703 lw               x14, 28(x2)         x14=10000ea8  x2:10000d98  PA:10000db4
21484636ns          382527 1c009794 03012783 lw               x15, 48(x2)         x15=415ae548  x2:10000d98  PA:10000dc8
21484656ns          382528 1c009796 10c12403 lw               x8, 268(x2)          x8=00000001  x2:10000d98  PA:10000ea4
21484676ns          382529 1c00979a 00f72223 sw               x15, 4(x14)         x15:415ae548 x14:10000ea8  PA:10000eac
21484696ns          382530 1c00979c 02c12783 lw               x15, 44(x2)         x15=4213e25f  x2:10000d98  PA:10000dc4
21484736ns          382532 1c00979e 10812483 lw               x9, 264(x2)          x9=1c010000  x2:10000d98  PA:10000ea0
21484756ns          382533 1c0097a2 00f72023 sw               x15, 0(x14)         x15:4213e25f x14:10000ea8  PA:10000ea8
21484775ns          382534 1c0097a4 03412783 lw               x15, 52(x2)         x15=411c5830  x2:10000d98  PA:10000dcc
21484795ns          382535 1c0097a6 10412903 lw               x18, 260(x2)        x18=10000f20  x2:10000d98  PA:10000e9c
21484815ns          382536 1c0097aa 00f72423 sw               x15, 8(x14)         x15:411c5830 x14:10000ea8  PA:10000eb0
21484835ns          382537 1c0097ac 03812783 lw               x15, 56(x2)         x15=40dbef49  x2:10000d98  PA:10000dd0
21484875ns          382539 1c0097ae 10012983 lw               x19, 256(x2)        x19=xxxxxxxx  x2:10000d98  PA:10000e98
21484895ns          382540 1c0097b2 00f72623 sw               x15, 12(x14)        x15:40dbef49 x14:10000ea8  PA:10000eb4
21484915ns          382541 1c0097b4 03c12783 lw               x15, 60(x2)         x15=40761aff  x2:10000d98  PA:10000dd4
21484935ns          382542 1c0097b6 0fc12a03 lw               x20, 252(x2)        x20=xxxxxxxx  x2:10000d98  PA:10000e94
21484954ns          382543 1c0097b8 00f72823 sw               x15, 16(x14)        x15:40761aff x14:10000ea8  PA:10000eb8
21484974ns          382544 1c0097ba 0f812a83 lw               x21, 248(x2)        x21=xxxxxxxx  x2:10000d98  PA:10000e90
21484994ns          382545 1c0097bc 0f412b03 lw               x22, 244(x2)        x22=xxxxxxxx  x2:10000d98  PA:10000e8c
21485014ns          382546 1c0097be 0f012b83 lw               x23, 240(x2)        x23=xxxxxxxx  x2:10000d98  PA:10000e88
21485034ns          382547 1c0097c0 0ec12c03 lw               x24, 236(x2)        x24=xxxxxxxx  x2:10000d98  PA:10000e84
21485054ns          382548 1c0097c2 0e812c83 lw               x25, 232(x2)        x25=xxxxxxxx  x2:10000d98  PA:10000e80
21485074ns          382549 1c0097c4 0e412d03 lw               x26, 228(x2)        x26=xxxxxxxx  x2:10000d98  PA:10000e7c
21485094ns          382550 1c0097c6 0e012d83 lw               x27, 224(x2)        x27=xxxxxxxx  x2:10000d98  PA:10000e78
21485114ns          382551 1c0097c8 11010113 addi             x2, x2, 272          x2=10000ea8  x2:10000d98
21485133ns          382552 1c0097ca 00008067 jalr             x0, x1, 0            x1:1c00a90e
21485312ns          382561 1c00a90e 291010ef jal              x1, 6800             x1=1c00a912
21485472ns          382569 1c00c39e f14027f3 csrrs            x15, x0, 0xf14      x15=00000001
21485491ns          382570 1c00c3a2 01f00713 addi             x14, x0, 31         x14=0000001f
21485511ns          382571 1c00c3a4 ca5797b3 p.extractu       x15, x15, 5, 5      x15=00000000 x15:00000001
21485531ns          382572 1c00c3a8 00e78863 beq              x15, x14, 16        x15:00000000 x14:0000001f
21485551ns          382573 1c00c3ac 002047b7 lui              x15, 0x204000       x15=00204000
21485611ns          382576 1c00c3b0 20078793 addi             x15, x15, 512       x15=00204200 x15:00204000
21485651ns          382578 1c00c3b4 01c7e703 p.elw            x14, 28(x15)        x14=00010000 x15:00204200  PA:0020421c
21493090ns          382952 1c00c3b8 00008067 jalr             x0, x1, 0            x1:1c00a912
21493229ns          382959 1c00a912 f14027f3 csrrs            x15, x0, 0xf14      x15=00000001
21493249ns          382960 1c00a916 f457b7b3 p.bclr           x15, x15, 26, 5     x15=00000001 x15:00000001
21493269ns          382961 1c00a91a 14078e63 beq              x15, x0, 348        x15:00000001
21493726ns          382984 1c00a91e 281010ef jal              x1, 6784             x1=1c00a922
21493786ns          382987 1c00c39e f14027f3 csrrs            x15, x0, 0xf14      x15=00000001
21493806ns          382988 1c00c3a2 01f00713 addi             x14, x0, 31         x14=0000001f
21493826ns          382989 1c00c3a4 ca5797b3 p.extractu       x15, x15, 5, 5      x15=00000000 x15:00000001
21493846ns          382990 1c00c3a8 00e78863 beq              x15, x14, 16        x15:00000000 x14:0000001f
21493865ns          382991 1c00c3ac 002047b7 lui              x15, 0x204000       x15=00204000
21493885ns          382992 1c00c3b0 20078793 addi             x15, x15, 512       x15=00204200 x15:00204000
21493905ns          382993 1c00c3b4 01c7e703 p.elw            x14, 28(x15)        x14=00010000 x15:00204200  PA:0020421c
22165131ns          416494 1c00c3b8 00008067 jalr             x0, x1, 0            x1:1c00a922
22165171ns          416496 1c00a922 0dc10693 addi             x13, x2, 220        x13=10000f84  x2:10000ea8
22165191ns          416497 1c00a924 01200733 add              x14, x0, x18        x14=10000f20 x18:10000f20
22165211ns          416498 1c00a926 00d00633 add              x12, x0, x13        x12=10000f84 x13:10000f84
22165231ns          416499 1c00a928 00000513 addi             x10, x0, 0          x10=00000000
22165251ns          416500 1c00a92c 0047278b p.lw             x15, 4(x14!)        x15=3ed23ca3 x14=10000f24 x14:10000f20  PA:10000f20
22165672ns          416521 1c00a930 a0a795d3 flt.s            x11, f15, f10       x11=00000000 f15:3ed23ca3 f10:00000000
22165712ns          416523 1c00a934 12059663 bne              x11, x0, 300        x11:00000000
22165733ns          416524 1c00a938 00f6222b p.sw             x15, 4(x12!)        x12=10000f88 x15:3ed23ca3 x12:10000f84  PA:10000f84
22165753ns          416525 1c00a93c fed718e3 bne              x14, x13, -16       x14:10000f24 x13:10000f84
22166234ns          416549 1c00a92c 0047278b p.lw             x15, 4(x14!)        x15=3effbf75 x14=10000f28 x14:10000f24  PA:10000f24
22166274ns          416551 1c00a930 a0a795d3 flt.s            x11, f15, f10       x11=00000000 f15:3effbf75 f10:00000000
22166294ns          416552 1c00a934 12059663 bne              x11, x0, 300        x11:00000000
22166314ns          416553 1c00a938 00f6222b p.sw             x15, 4(x12!)        x12=10000f8c x15:3effbf75 x12:10000f88  PA:10000f88
22166334ns          416554 1c00a93c fed718e3 bne              x14, x13, -16       x14:10000f28 x13:10000f84
22166395ns          416557 1c00a92c 0047278b p.lw             x15, 4(x14!)        x15=3ec84e09 x14=10000f2c x14:10000f28  PA:10000f28
22166435ns          416559 1c00a930 a0a795d3 flt.s            x11, f15, f10       x11=00000000 f15:3ec84e09 f10:00000000
22166455ns          416560 1c00a934 12059663 bne              x11, x0, 300        x11:00000000
22166475ns          416561 1c00a938 00f6222b p.sw             x15, 4(x12!)        x12=10000f90 x15:3ec84e09 x12:10000f8c  PA:10000f8c
22166495ns          416562 1c00a93c fed718e3 bne              x14, x13, -16       x14:10000f2c x13:10000f84
22166555ns          416565 1c00a92c 0047278b p.lw             x15, 4(x14!)        x15=3ef69c86 x14=10000f30 x14:10000f2c  PA:10000f2c
22166595ns          416567 1c00a930 a0a795d3 flt.s            x11, f15, f10       x11=00000000 f15:3ef69c86 f10:00000000
22166615ns          416568 1c00a934 12059663 bne              x11, x0, 300        x11:00000000
22166635ns          416569 1c00a938 00f6222b p.sw             x15, 4(x12!)        x12=10000f94 x15:3ef69c86 x12:10000f90  PA:10000f90
22166656ns          416570 1c00a93c fed718e3 bne              x14, x13, -16       x14:10000f30 x13:10000f84
22166716ns          416573 1c00a92c 0047278b p.lw             x15, 4(x14!)        x15=3ee32702 x14=10000f34 x14:10000f30  PA:10000f30
22166756ns          416575 1c00a930 a0a795d3 flt.s            x11, f15, f10       x11=00000000 f15:3ee32702 f10:00000000
22166776ns          416576 1c00a934 12059663 bne              x11, x0, 300        x11:00000000
22166796ns          416577 1c00a938 00f6222b p.sw             x15, 4(x12!)        x12=10000f98 x15:3ee32702 x12:10000f94  PA:10000f94
22166816ns          416578 1c00a93c fed718e3 bne              x14, x13, -16       x14:10000f34 x13:10000f84
22166876ns          416581 1c00a92c 0047278b p.lw             x15, 4(x14!)        x15=bdc43bea x14=10000f38 x14:10000f34  PA:10000f34
22166916ns          416583 1c00a930 a0a795d3 flt.s            x11, f15, f10       x11=00000001 f15:bdc43bea f10:00000000
22166936ns          416584 1c00a934 12059663 bne              x11, x0, 300        x11:00000001
22167418ns          416608 1c00aa60 20f797d3 fsgnjn.s         f15, f15, f15       f15=xxxxxxxx f15:bdc43bea f15:bdc43bea
22167458ns          416610 1c00aa64 00f6222b p.sw             x15, 4(x12!)        x12=10000f9c x15:3dc43bea x12:10000f98  PA:10000f98
22167478ns          416611 1c00aa68 ecd712e3 bne              x14, x13, -316      x14:10000f38 x13:10000f84
22167599ns          416617 1c00a92c 0047278b p.lw             x15, 4(x14!)        x15=3e38c482 x14=10000f3c x14:10000f38  PA:10000f38
22167639ns          416619 1c00a930 a0a795d3 flt.s            x11, f15, f10       x11=00000000 f15:3e38c482 f10:00000000
22167659ns          416620 1c00a934 12059663 bne              x11, x0, 300        x11:00000000
22167679ns          416621 1c00a938 00f6222b p.sw             x15, 4(x12!)        x12=10000fa0 x15:3e38c482 x12:10000f9c  PA:10000f9c
22167699ns          416622 1c00a93c fed718e3 bne              x14, x13, -16       x14:10000f3c x13:10000f84
22167759ns          416625 1c00a92c 0047278b p.lw             x15, 4(x14!)        x15=3f0ea1ba x14=10000f40 x14:10000f3c  PA:10000f3c
22167799ns          416627 1c00a930 a0a795d3 flt.s            x11, f15, f10       x11=00000000 f15:3f0ea1ba f10:00000000
22167819ns          416628 1c00a934 12059663 bne              x11, x0, 300        x11:00000000
22167839ns          416629 1c00a938 00f6222b p.sw             x15, 4(x12!)        x12=10000fa4 x15:3f0ea1ba x12:10000fa0  PA:10000fa0
22167859ns          416630 1c00a93c fed718e3 bne              x14, x13, -16       x14:10000f40 x13:10000f84
22167920ns          416633 1c00a92c 0047278b p.lw             x15, 4(x14!)        x15=bf455d64 x14=10000f44 x14:10000f40  PA:10000f40
22167960ns          416635 1c00a930 a0a795d3 flt.s            x11, f15, f10       x11=00000001 f15:bf455d64 f10:00000000
22167980ns          416636 1c00a934 12059663 bne              x11, x0, 300        x11:00000001
22168040ns          416639 1c00aa60 20f797d3 fsgnjn.s         f15, f15, f15       f15=xxxxxxxx f15:bf455d64 f15:bf455d64
22168060ns          416640 1c00aa64 00f6222b p.sw             x15, 4(x12!)        x12=10000fa8 x15:3f455d64 x12:10000fa4  PA:10000fa4
22168080ns          416641 1c00aa68 ecd712e3 bne              x14, x13, -316      x14:10000f44 x13:10000f84
22168140ns          416644 1c00a92c 0047278b p.lw             x15, 4(x14!)        x15=3e6cc6aa x14=10000f48 x14:10000f44  PA:10000f44
22168180ns          416646 1c00a930 a0a795d3 flt.s            x11, f15, f10       x11=00000000 f15:3e6cc6aa f10:00000000
22168201ns          416647 1c00a934 12059663 bne              x11, x0, 300        x11:00000000
22168221ns          416648 1c00a938 00f6222b p.sw             x15, 4(x12!)        x12=10000fac x15:3e6cc6aa x12:10000fa8  PA:10000fa8
22168241ns          416649 1c00a93c fed718e3 bne              x14, x13, -16       x14:10000f48 x13:10000f84
22168301ns          416652 1c00a92c 0047278b p.lw             x15, 4(x14!)        x15=3ebb37be x14=10000f4c x14:10000f48  PA:10000f48
22168341ns          416654 1c00a930 a0a795d3 flt.s            x11, f15, f10       x11=00000000 f15:3ebb37be f10:00000000
22168361ns          416655 1c00a934 12059663 bne              x11, x0, 300        x11:00000000
22168381ns          416656 1c00a938 00f6222b p.sw             x15, 4(x12!)        x12=10000fb0 x15:3ebb37be x12:10000fac  PA:10000fac
22168401ns          416657 1c00a93c fed718e3 bne              x14, x13, -16       x14:10000f4c x13:10000f84
22168461ns          416660 1c00a92c 0047278b p.lw             x15, 4(x14!)        x15=3f289ea7 x14=10000f50 x14:10000f4c  PA:10000f4c
22168502ns          416662 1c00a930 a0a795d3 flt.s            x11, f15, f10       x11=00000000 f15:3f289ea7 f10:00000000
22168522ns          416663 1c00a934 12059663 bne              x11, x0, 300        x11:00000000
22168542ns          416664 1c00a938 00f6222b p.sw             x15, 4(x12!)        x12=10000fb4 x15:3f289ea7 x12:10000fb0  PA:10000fb0
22168562ns          416665 1c00a93c fed718e3 bne              x14, x13, -16       x14:10000f50 x13:10000f84
22168622ns          416668 1c00a92c 0047278b p.lw             x15, 4(x14!)        x15=befa547f x14=10000f54 x14:10000f50  PA:10000f50
22168662ns          416670 1c00a930 a0a795d3 flt.s            x11, f15, f10       x11=00000001 f15:befa547f f10:00000000
22168682ns          416671 1c00a934 12059663 bne              x11, x0, 300        x11:00000001
22168742ns          416674 1c00aa60 20f797d3 fsgnjn.s         f15, f15, f15       f15=xxxxxxxx f15:befa547f f15:befa547f
22168762ns          416675 1c00aa64 00f6222b p.sw             x15, 4(x12!)        x12=10000fb8 x15:3efa547f x12:10000fb4  PA:10000fb4
22168782ns          416676 1c00aa68 ecd712e3 bne              x14, x13, -316      x14:10000f54 x13:10000f84
22168843ns          416679 1c00a92c 0047278b p.lw             x15, 4(x14!)        x15=bea9a656 x14=10000f58 x14:10000f54  PA:10000f54
22168883ns          416681 1c00a930 a0a795d3 flt.s            x11, f15, f10       x11=00000001 f15:bea9a656 f10:00000000
22168903ns          416682 1c00a934 12059663 bne              x11, x0, 300        x11:00000001
22168963ns          416685 1c00aa60 20f797d3 fsgnjn.s         f15, f15, f15       f15=xxxxxxxx f15:bea9a656 f15:bea9a656
22168983ns          416686 1c00aa64 00f6222b p.sw             x15, 4(x12!)        x12=10000fbc x15:3ea9a656 x12:10000fb8  PA:10000fb8
22169003ns          416687 1c00aa68 ecd712e3 bne              x14, x13, -316      x14:10000f58 x13:10000f84
22169063ns          416690 1c00a92c 0047278b p.lw             x15, 4(x14!)        x15=be940b2d x14=10000f5c x14:10000f58  PA:10000f58
22169103ns          416692 1c00a930 a0a795d3 flt.s            x11, f15, f10       x11=00000001 f15:be940b2d f10:00000000
22169124ns          416693 1c00a934 12059663 bne              x11, x0, 300        x11:00000001
22169184ns          416696 1c00aa60 20f797d3 fsgnjn.s         f15, f15, f15       f15=xxxxxxxx f15:be940b2d f15:be940b2d
22169204ns          416697 1c00aa64 00f6222b p.sw             x15, 4(x12!)        x12=10000fc0 x15:3e940b2d x12:10000fbc  PA:10000fbc
22169224ns          416698 1c00aa68 ecd712e3 bne              x14, x13, -316      x14:10000f5c x13:10000f84
22169284ns          416701 1c00a92c 0047278b p.lw             x15, 4(x14!)        x15=bf3da513 x14=10000f60 x14:10000f5c  PA:10000f5c
22169324ns          416703 1c00a930 a0a795d3 flt.s            x11, f15, f10       x11=00000001 f15:bf3da513 f10:00000000
22169344ns          416704 1c00a934 12059663 bne              x11, x0, 300        x11:00000001
22169404ns          416707 1c00aa60 20f797d3 fsgnjn.s         f15, f15, f15       f15=xxxxxxxx f15:bf3da513 f15:bf3da513
22169425ns          416708 1c00aa64 00f6222b p.sw             x15, 4(x12!)        x12=10000fc4 x15:3f3da513 x12:10000fc0  PA:10000fc0
22169445ns          416709 1c00aa68 ecd712e3 bne              x14, x13, -316      x14:10000f60 x13:10000f84
22169505ns          416712 1c00a92c 0047278b p.lw             x15, 4(x14!)        x15=3f053265 x14=10000f64 x14:10000f60  PA:10000f60
22169545ns          416714 1c00a930 a0a795d3 flt.s            x11, f15, f10       x11=00000000 f15:3f053265 f10:00000000
22169565ns          416715 1c00a934 12059663 bne              x11, x0, 300        x11:00000000
22169585ns          416716 1c00a938 00f6222b p.sw             x15, 4(x12!)        x12=10000fc8 x15:3f053265 x12:10000fc4  PA:10000fc4
22169605ns          416717 1c00a93c fed718e3 bne              x14, x13, -16       x14:10000f64 x13:10000f84
22169665ns          416720 1c00a92c 0047278b p.lw             x15, 4(x14!)        x15=3e29a143 x14=10000f68 x14:10000f64  PA:10000f64
22169705ns          416722 1c00a930 a0a795d3 flt.s            x11, f15, f10       x11=00000000 f15:3e29a143 f10:00000000
22169726ns          416723 1c00a934 12059663 bne              x11, x0, 300        x11:00000000
22169746ns          416724 1c00a938 00f6222b p.sw             x15, 4(x12!)        x12=10000fcc x15:3e29a143 x12:10000fc8  PA:10000fc8
22169766ns          416725 1c00a93c fed718e3 bne              x14, x13, -16       x14:10000f68 x13:10000f84
22169826ns          416728 1c00a92c 0047278b p.lw             x15, 4(x14!)        x15=3e76f363 x14=10000f6c x14:10000f68  PA:10000f68
22169866ns          416730 1c00a930 a0a795d3 flt.s            x11, f15, f10       x11=00000000 f15:3e76f363 f10:00000000
22169886ns          416731 1c00a934 12059663 bne              x11, x0, 300        x11:00000000
22169906ns          416732 1c00a938 00f6222b p.sw             x15, 4(x12!)        x12=10000fd0 x15:3e76f363 x12:10000fcc  PA:10000fcc
22169926ns          416733 1c00a93c fed718e3 bne              x14, x13, -16       x14:10000f6c x13:10000f84
22169986ns          416736 1c00a92c 0047278b p.lw             x15, 4(x14!)        x15=be9dba4e x14=10000f70 x14:10000f6c  PA:10000f6c
22170027ns          416738 1c00a930 a0a795d3 flt.s            x11, f15, f10       x11=00000001 f15:be9dba4e f10:00000000
22170047ns          416739 1c00a934 12059663 bne              x11, x0, 300        x11:00000001
22170107ns          416742 1c00aa60 20f797d3 fsgnjn.s         f15, f15, f15       f15=xxxxxxxx f15:be9dba4e f15:be9dba4e
22170127ns          416743 1c00aa64 00f6222b p.sw             x15, 4(x12!)        x12=10000fd4 x15:3e9dba4e x12:10000fd0  PA:10000fd0
22170147ns          416744 1c00aa68 ecd712e3 bne              x14, x13, -316      x14:10000f70 x13:10000f84
22170207ns          416747 1c00a92c 0047278b p.lw             x15, 4(x14!)        x15=bebf617d x14=10000f74 x14:10000f70  PA:10000f70
22170247ns          416749 1c00a930 a0a795d3 flt.s            x11, f15, f10       x11=00000001 f15:bebf617d f10:00000000
22170267ns          416750 1c00a934 12059663 bne              x11, x0, 300        x11:00000001
22170327ns          416753 1c00aa60 20f797d3 fsgnjn.s         f15, f15, f15       f15=xxxxxxxx f15:bebf617d f15:bebf617d
22170348ns          416754 1c00aa64 00f6222b p.sw             x15, 4(x12!)        x12=10000fd8 x15:3ebf617d x12:10000fd4  PA:10000fd4
22170368ns          416755 1c00aa68 ecd712e3 bne              x14, x13, -316      x14:10000f74 x13:10000f84
22170428ns          416758 1c00a92c 0047278b p.lw             x15, 4(x14!)        x15=3decda6e x14=10000f78 x14:10000f74  PA:10000f74
22170468ns          416760 1c00a930 a0a795d3 flt.s            x11, f15, f10       x11=00000000 f15:3decda6e f10:00000000
22170488ns          416761 1c00a934 12059663 bne              x11, x0, 300        x11:00000000
22170508ns          416762 1c00a938 00f6222b p.sw             x15, 4(x12!)        x12=10000fdc x15:3decda6e x12:10000fd8  PA:10000fd8
22170528ns          416763 1c00a93c fed718e3 bne              x14, x13, -16       x14:10000f78 x13:10000f84
22170588ns          416766 1c00a92c 0047278b p.lw             x15, 4(x14!)        x15=bf0507b3 x14=10000f7c x14:10000f78  PA:10000f78
22170628ns          416768 1c00a930 a0a795d3 flt.s            x11, f15, f10       x11=00000001 f15:bf0507b3 f10:00000000
22170649ns          416769 1c00a934 12059663 bne              x11, x0, 300        x11:00000001
22170709ns          416772 1c00aa60 20f797d3 fsgnjn.s         f15, f15, f15       f15=xxxxxxxx f15:bf0507b3 f15:bf0507b3
22170729ns          416773 1c00aa64 00f6222b p.sw             x15, 4(x12!)        x12=10000fe0 x15:3f0507b3 x12:10000fdc  PA:10000fdc
22170749ns          416774 1c00aa68 ecd712e3 bne              x14, x13, -316      x14:10000f7c x13:10000f84
22170809ns          416777 1c00a92c 0047278b p.lw             x15, 4(x14!)        x15=bd9a4db2 x14=10000f80 x14:10000f7c  PA:10000f7c
22170849ns          416779 1c00a930 a0a795d3 flt.s            x11, f15, f10       x11=00000001 f15:bd9a4db2 f10:00000000
22170869ns          416780 1c00a934 12059663 bne              x11, x0, 300        x11:00000001
22170929ns          416783 1c00aa60 20f797d3 fsgnjn.s         f15, f15, f15       f15=xxxxxxxx f15:bd9a4db2 f15:bd9a4db2
22170950ns          416784 1c00aa64 00f6222b p.sw             x15, 4(x12!)        x12=10000fe4 x15:3d9a4db2 x12:10000fe0  PA:10000fe0
22170970ns          416785 1c00aa68 ecd712e3 bne              x14, x13, -316      x14:10000f80 x13:10000f84
22171030ns          416788 1c00a92c 0047278b p.lw             x15, 4(x14!)        x15=3f417a65 x14=10000f84 x14:10000f80  PA:10000f80
22171070ns          416790 1c00a930 a0a795d3 flt.s            x11, f15, f10       x11=00000000 f15:3f417a65 f10:00000000
22171090ns          416791 1c00a934 12059663 bne              x11, x0, 300        x11:00000000
22171110ns          416792 1c00a938 00f6222b p.sw             x15, 4(x12!)        x12=10000fe8 x15:3f417a65 x12:10000fe4  PA:10000fe4
22171130ns          416793 1c00a93c fed718e3 bne              x14, x13, -16       x14:10000f84 x13:10000f84
22171150ns          416794 1c00a940 00412783 lw               x15, 4(x2)          x15=415ae548  x2:10000ea8  PA:10000eac
22171170ns          416795 1c00a942 00012303 lw               x6, 0(x2)            x6=4213e25f  x2:10000ea8  PA:10000ea8
22171190ns          416796 1c00a944 0e010593 addi             x11, x2, 224        x11=10000f88  x2:10000ea8
22171210ns          416797 1c00a946 00f37353 fadd.s           f6, f6, f15          f6=xxxxxxxx  f6:4213e25f f15:415ae548
22171230ns          416798 1c00a94a 00812783 lw               x15, 8(x2)          x15=411c5830  x2:10000ea8  PA:10000eb0
22171250ns          416799 1c00a94c 40b68733 sub              x14, x13, x11       x14=fffffffc x13:10000f84 x11:10000f88
22171632ns          416818 1c00a950 00f37353 fadd.s           f6, f6, f15          f6=xxxxxxxx  f6:424a9bb1 f15:411c5830
22171672ns          416820 1c00a954 00c12783 lw               x15, 12(x2)         x15=40dbef49  x2:10000ea8  PA:10000eb4
22171692ns          416821 1c00a956 06070713 addi             x14, x14, 96        x14=0000005c x14:fffffffc
22171712ns          416822 1c00a95a 00f37353 fadd.s           f6, f6, f15          f6=xxxxxxxx  f6:4271b1bd f15:40dbef49
22171732ns          416823 1c00a95e 01012783 lw               x15, 16(x2)         x15=40761aff  x2:10000ea8  PA:10000eb8
22172153ns          416844 1c00a960 00275713 srli             x14, x14, 0x2       x14=00000017 x14:0000005c
22172173ns          416845 1c00a962 0dc12503 lw               x10, 220(x2)        x10=3ed23ca3  x2:10000ea8  PA:10000f84
22172194ns          416846 1c00a964 00f37353 fadd.s           f6, f6, f15          f6=xxxxxxxx  f6:428697d3 f15:40761aff
22172214ns          416847 1c00a968 00170713 addi             x14, x14, 1         x14=00000018 x14:00000017
22172234ns          416848 1c00a96a 00b007b3 add              x15, x0, x11        x15=10000f88 x11:10000f88
22172254ns          416849 1c00a96c 004740fb lp.setup         0x1, x14, 0x4       x14:00000018
22172675ns          416870 1c00a970 0047a60b p.lw             x12, 4(x15!)        x12=3effbf75 x15=10000f8c x15:10000f88  PA:10000f88
22172715ns          416872 1c00a974 00c57553 fadd.s           f10, f10, f12       f10=xxxxxxxx f10:3ed23ca3 f12:3effbf75
22172735ns          416873 1c00a970 0047a60b p.lw             x12, 4(x15!)        x12=3ec84e09 x15=10000f90 x15:10000f8c  PA:10000f8c
22172775ns          416875 1c00a974 00c57553 fadd.s           f10, f10, f12       f10=xxxxxxxx f10:3f68fe0c f12:3ec84e09
22172796ns          416876 1c00a970 0047a60b p.lw             x12, 4(x15!)        x12=3ef69c86 x15=10000f94 x15:10000f90  PA:10000f90
22172836ns          416878 1c00a974 00c57553 fadd.s           f10, f10, f12       f10=xxxxxxxx f10:3fa69288 f12:3ef69c86
22172856ns          416879 1c00a970 0047a60b p.lw             x12, 4(x15!)        x12=3ee32702 x15=10000f98 x15:10000f94  PA:10000f94
22172896ns          416881 1c00a974 00c57553 fadd.s           f10, f10, f12       f10=xxxxxxxx f10:3fe439aa f12:3ee32702
22172916ns          416882 1c00a970 0047a60b p.lw             x12, 4(x15!)        x12=3dc43bea x15=10000f9c x15:10000f98  PA:10000f98
22172956ns          416884 1c00a974 00c57553 fadd.s           f10, f10, f12       f10=xxxxxxxx f10:400e81b5 f12:3dc43bea
22172976ns          416885 1c00a970 0047a60b p.lw             x12, 4(x15!)        x12=3e38c482 x15=10000fa0 x15:10000f9c  PA:10000f9c
22173016ns          416887 1c00a974 00c57553 fadd.s           f10, f10, f12       f10=xxxxxxxx f10:4014a394 f12:3e38c482
22173036ns          416888 1c00a970 0047a60b p.lw             x12, 4(x15!)        x12=3f0ea1ba x15=10000fa4 x15:10000fa0  PA:10000fa0
22173076ns          416890 1c00a974 00c57553 fadd.s           f10, f10, f12       f10=xxxxxxxx f10:40202fdc f12:3f0ea1ba
22173097ns          416891 1c00a970 0047a60b p.lw             x12, 4(x15!)        x12=3f455d64 x15=10000fa8 x15:10000fa4  PA:10000fa4
22173137ns          416893 1c00a974 00c57553 fadd.s           f10, f10, f12       f10=xxxxxxxx f10:4043d84a f12:3f455d64
22173157ns          416894 1c00a970 0047a60b p.lw             x12, 4(x15!)        x12=3e6cc6aa x15=10000fac x15:10000fa8  PA:10000fa8
22173197ns          416896 1c00a974 00c57553 fadd.s           f10, f10, f12       f10=xxxxxxxx f10:40752fa3 f12:3e6cc6aa
22173217ns          416897 1c00a970 0047a60b p.lw             x12, 4(x15!)        x12=3ebb37be x15=10000fb0 x15:10000fac  PA:10000fac
22173257ns          416899 1c00a974 00c57553 fadd.s           f10, f10, f12       f10=xxxxxxxx f10:4081fe07 f12:3ebb37be
22173277ns          416900 1c00a970 0047a60b p.lw             x12, 4(x15!)        x12=3f289ea7 x15=10000fb4 x15:10000fb0  PA:10000fb0
22173317ns          416902 1c00a974 00c57553 fadd.s           f10, f10, f12       f10=xxxxxxxx f10:408db183 f12:3f289ea7
22173337ns          416903 1c00a970 0047a60b p.lw             x12, 4(x15!)        x12=3efa547f x15=10000fb8 x15:10000fb4  PA:10000fb4
22173377ns          416905 1c00a974 00c57553 fadd.s           f10, f10, f12       f10=xxxxxxxx f10:40a2c558 f12:3efa547f
22173397ns          416906 1c00a970 0047a60b p.lw             x12, 4(x15!)        x12=3ea9a656 x15=10000fbc x15:10000fb8  PA:10000fb8
22173438ns          416908 1c00a974 00c57553 fadd.s           f10, f10, f12       f10=xxxxxxxx f10:40b26aa0 f12:3ea9a656
22173458ns          416909 1c00a970 0047a60b p.lw             x12, 4(x15!)        x12=3e940b2d x15=10000fc0 x15:10000fbc  PA:10000fbc
22173498ns          416911 1c00a974 00c57553 fadd.s           f10, f10, f12       f10=xxxxxxxx f10:40bd0505 f12:3e940b2d
22173518ns          416912 1c00a970 0047a60b p.lw             x12, 4(x15!)        x12=3f3da513 x15=10000fc4 x15:10000fc0  PA:10000fc0
22173558ns          416914 1c00a974 00c57553 fadd.s           f10, f10, f12       f10=xxxxxxxx f10:40c645b8 f12:3f3da513
22173578ns          416915 1c00a970 0047a60b p.lw             x12, 4(x15!)        x12=3f053265 x15=10000fc8 x15:10000fc4  PA:10000fc4
22173618ns          416917 1c00a974 00c57553 fadd.s           f10, f10, f12       f10=xxxxxxxx f10:40ddfa5a f12:3f053265
22173638ns          416918 1c00a970 0047a60b p.lw             x12, 4(x15!)        x12=3e29a143 x15=10000fcc x15:10000fc8  PA:10000fc8
22173678ns          416920 1c00a974 00c57553 fadd.s           f10, f10, f12       f10=xxxxxxxx f10:40eea0a7 f12:3e29a143
22173698ns          416921 1c00a970 0047a60b p.lw             x12, 4(x15!)        x12=3e76f363 x15=10000fd0 x15:10000fcc  PA:10000fcc
22173739ns          416923 1c00a974 00c57553 fadd.s           f10, f10, f12       f10=xxxxxxxx f10:40f3edb1 f12:3e76f363
22173759ns          416924 1c00a970 0047a60b p.lw             x12, 4(x15!)        x12=3e9dba4e x15=10000fd4 x15:10000fd0  PA:10000fd0
22173799ns          416926 1c00a974 00c57553 fadd.s           f10, f10, f12       f10=xxxxxxxx f10:40fba54c f12:3e9dba4e
22173819ns          416927 1c00a970 0047a60b p.lw             x12, 4(x15!)        x12=3ebf617d x15=10000fd8 x15:10000fd4  PA:10000fd4
22173859ns          416929 1c00a974 00c57553 fadd.s           f10, f10, f12       f10=xxxxxxxx f10:4102c078 f12:3ebf617d
22173879ns          416930 1c00a970 0047a60b p.lw             x12, 4(x15!)        x12=3decda6e x15=10000fdc x15:10000fd8  PA:10000fd8
22173919ns          416932 1c00a974 00c57553 fadd.s           f10, f10, f12       f10=xxxxxxxx f10:4108bb84 f12:3decda6e
22173939ns          416933 1c00a970 0047a60b p.lw             x12, 4(x15!)        x12=3f0507b3 x15=10000fe0 x15:10000fdc  PA:10000fdc
22173979ns          416935 1c00a974 00c57553 fadd.s           f10, f10, f12       f10=xxxxxxxx f10:410a9539 f12:3f0507b3
22173999ns          416936 1c00a970 0047a60b p.lw             x12, 4(x15!)        x12=3d9a4db2 x15=10000fe4 x15:10000fe0  PA:10000fe0
22174040ns          416938 1c00a974 00c57553 fadd.s           f10, f10, f12       f10=xxxxxxxx f10:4112e5b4 f12:3d9a4db2
22174060ns          416939 1c00a970 0047a60b p.lw             x12, 4(x15!)        x12=3f417a65 x15=10000fe8 x15:10000fe4  PA:10000fe4
22174100ns          416941 1c00a974 00c57553 fadd.s           f10, f10, f12       f10=xxxxxxxx f10:41141a4f f12:3f417a65
22174120ns          416942 1c00a978 01410613 addi             x12, x2, 20         x12=10000ebc  x2:10000ea8
22174140ns          416943 1c00a97a 00000893 addi             x17, x0, 0          x17=00000000
22174541ns          416963 1c00a97e 0046270b p.lw             x14, 4(x12!)        x14=3eb945f5 x12=10000ec0 x12:10000ebc  PA:10000ebc
22174581ns          416965 1c00a982 a1171853 flt.s            x16, f14, f17       x16=00000000 f14:3eb945f5 f17:00000000
22174601ns          416966 1c00a986 0c081663 bne              x16, x0, 204        x16:00000000
22174621ns          416967 1c00a98a 00e6a22b p.sw             x14, 4(x13!)        x13=10000f88 x14:3eb945f5 x13:10000f84  PA:10000f84
22175063ns          416989 1c00a98e ff2618e3 bne              x12, x18, -16       x12:10000ec0 x18:10000f20
22175143ns          416993 1c00a97e 0046270b p.lw             x14, 4(x12!)        x14=3ef87435 x12=10000ec4 x12:10000ec0  PA:10000ec0
22175183ns          416995 1c00a982 a1171853 flt.s            x16, f14, f17       x16=00000000 f14:3ef87435 f17:00000000
22175203ns          416996 1c00a986 0c081663 bne              x16, x0, 204        x16:00000000
22175223ns          416997 1c00a98a 00e6a22b p.sw             x14, 4(x13!)        x13=10000f8c x14:3ef87435 x13:10000f88  PA:10000f88
22175243ns          416998 1c00a98e ff2618e3 bne              x12, x18, -16       x12:10000ec4 x18:10000f20
22175324ns          417002 1c00a97e 0046270b p.lw             x14, 4(x12!)        x14=3f084df0 x12=10000ec8 x12:10000ec4  PA:10000ec4
22175364ns          417004 1c00a982 a1171853 flt.s            x16, f14, f17       x16=00000000 f14:3f084df0 f17:00000000
22175384ns          417005 1c00a986 0c081663 bne              x16, x0, 204        x16:00000000
22175404ns          417006 1c00a98a 00e6a22b p.sw             x14, 4(x13!)        x13=10000f90 x14:3f084df0 x13:10000f8c  PA:10000f8c
22175424ns          417007 1c00a98e ff2618e3 bne              x12, x18, -16       x12:10000ec8 x18:10000f20
22175504ns          417011 1c00a97e 0046270b p.lw             x14, 4(x12!)        x14=3ee52996 x12=10000ecc x12:10000ec8  PA:10000ec8
22175544ns          417013 1c00a982 a1171853 flt.s            x16, f14, f17       x16=00000000 f14:3ee52996 f17:00000000
22175565ns          417014 1c00a986 0c081663 bne              x16, x0, 204        x16:00000000
22175585ns          417015 1c00a98a 00e6a22b p.sw             x14, 4(x13!)        x13=10000f94 x14:3ee52996 x13:10000f90  PA:10000f90
22175605ns          417016 1c00a98e ff2618e3 bne              x12, x18, -16       x12:10000ecc x18:10000f20
22175685ns          417020 1c00a97e 0046270b p.lw             x14, 4(x12!)        x14=3ec62284 x12=10000ed0 x12:10000ecc  PA:10000ecc
22175725ns          417022 1c00a982 a1171853 flt.s            x16, f14, f17       x16=00000000 f14:3ec62284 f17:00000000
22175745ns          417023 1c00a986 0c081663 bne              x16, x0, 204        x16:00000000
22175765ns          417024 1c00a98a 00e6a22b p.sw             x14, 4(x13!)        x13=10000f98 x14:3ec62284 x13:10000f94  PA:10000f94
22175785ns          417025 1c00a98e ff2618e3 bne              x12, x18, -16       x12:10000ed0 x18:10000f20
22175866ns          417029 1c00a97e 0046270b p.lw             x14, 4(x12!)        x14=bedf0a44 x12=10000ed4 x12:10000ed0  PA:10000ed0
22175906ns          417031 1c00a982 a1171853 flt.s            x16, f14, f17       x16=00000001 f14:bedf0a44 f17:00000000
22175926ns          417032 1c00a986 0c081663 bne              x16, x0, 204        x16:00000001
22176447ns          417058 1c00aa52 20e71753 fsgnjn.s         f14, f14, f14       f14=xxxxxxxx f14:bedf0a44 f14:bedf0a44
22176467ns          417059 1c00aa56 00e6a22b p.sw             x14, 4(x13!)        x13=10000f9c x14:3edf0a44 x13:10000f98  PA:10000f98
22176488ns          417060 1c00aa5a f32612e3 bne              x12, x18, -220      x12:10000ed4 x18:10000f20
22176568ns          417064 1c00a97e 0046270b p.lw             x14, 4(x12!)        x14=3ec01f31 x12=10000ed8 x12:10000ed4  PA:10000ed4
22176608ns          417066 1c00a982 a1171853 flt.s            x16, f14, f17       x16=00000000 f14:3ec01f31 f17:00000000
22176628ns          417067 1c00a986 0c081663 bne              x16, x0, 204        x16:00000000
22176648ns          417068 1c00a98a 00e6a22b p.sw             x14, 4(x13!)        x13=10000fa0 x14:3ec01f31 x13:10000f9c  PA:10000f9c
22176668ns          417069 1c00a98e ff2618e3 bne              x12, x18, -16       x12:10000ed8 x18:10000f20
22176748ns          417073 1c00a97e 0046270b p.lw             x14, 4(x12!)        x14=3e80c538 x12=10000edc x12:10000ed8  PA:10000ed8
22176789ns          417075 1c00a982 a1171853 flt.s            x16, f14, f17       x16=00000000 f14:3e80c538 f17:00000000
22176809ns          417076 1c00a986 0c081663 bne              x16, x0, 204        x16:00000000
22176829ns          417077 1c00a98a 00e6a22b p.sw             x14, 4(x13!)        x13=10000fa4 x14:3e80c538 x13:10000fa0  PA:10000fa0
22176849ns          417078 1c00a98e ff2618e3 bne              x12, x18, -16       x12:10000edc x18:10000f20
22176929ns          417082 1c00a97e 0046270b p.lw             x14, 4(x12!)        x14=bf2e3eee x12=10000ee0 x12:10000edc  PA:10000edc
22176969ns          417084 1c00a982 a1171853 flt.s            x16, f14, f17       x16=00000001 f14:bf2e3eee f17:00000000
22176989ns          417085 1c00a986 0c081663 bne              x16, x0, 204        x16:00000001
22177069ns          417089 1c00aa52 20e71753 fsgnjn.s         f14, f14, f14       f14=xxxxxxxx f14:bf2e3eee f14:bf2e3eee
22177090ns          417090 1c00aa56 00e6a22b p.sw             x14, 4(x13!)        x13=10000fa8 x14:3f2e3eee x13:10000fa4  PA:10000fa4
22177110ns          417091 1c00aa5a f32612e3 bne              x12, x18, -220      x12:10000ee0 x18:10000f20
22177190ns          417095 1c00a97e 0046270b p.lw             x14, 4(x12!)        x14=3ec18a72 x12=10000ee4 x12:10000ee0  PA:10000ee0
22177230ns          417097 1c00a982 a1171853 flt.s            x16, f14, f17       x16=00000000 f14:3ec18a72 f17:00000000
22177250ns          417098 1c00a986 0c081663 bne              x16, x0, 204        x16:00000000
22177270ns          417099 1c00a98a 00e6a22b p.sw             x14, 4(x13!)        x13=10000fac x14:3ec18a72 x13:10000fa8  PA:10000fa8
22177290ns          417100 1c00a98e ff2618e3 bne              x12, x18, -16       x12:10000ee4 x18:10000f20
22177370ns          417104 1c00a97e 0046270b p.lw             x14, 4(x12!)        x14=3f08e598 x12=10000ee8 x12:10000ee4  PA:10000ee4
22177411ns          417106 1c00a982 a1171853 flt.s            x16, f14, f17       x16=00000000 f14:3f08e598 f17:00000000
22177431ns          417107 1c00a986 0c081663 bne              x16, x0, 204        x16:00000000
22177451ns          417108 1c00a98a 00e6a22b p.sw             x14, 4(x13!)        x13=10000fb0 x14:3f08e598 x13:10000fac  PA:10000fac
22177471ns          417109 1c00a98e ff2618e3 bne              x12, x18, -16       x12:10000ee8 x18:10000f20
22177551ns          417113 1c00a97e 0046270b p.lw             x14, 4(x12!)        x14=3f0e759c x12=10000eec x12:10000ee8  PA:10000ee8
22177591ns          417115 1c00a982 a1171853 flt.s            x16, f14, f17       x16=00000000 f14:3f0e759c f17:00000000
22177611ns          417116 1c00a986 0c081663 bne              x16, x0, 204        x16:00000000
22177631ns          417117 1c00a98a 00e6a22b p.sw             x14, 4(x13!)        x13=10000fb4 x14:3f0e759c x13:10000fb0  PA:10000fb0
22177651ns          417118 1c00a98e ff2618e3 bne              x12, x18, -16       x12:10000eec x18:10000f20
22177732ns          417122 1c00a97e 0046270b p.lw             x14, 4(x12!)        x14=bf0e8303 x12=10000ef0 x12:10000eec  PA:10000eec
22177772ns          417124 1c00a982 a1171853 flt.s            x16, f14, f17       x16=00000001 f14:bf0e8303 f17:00000000
22177792ns          417125 1c00a986 0c081663 bne              x16, x0, 204        x16:00000001
22177872ns          417129 1c00aa52 20e71753 fsgnjn.s         f14, f14, f14       f14=xxxxxxxx f14:bf0e8303 f14:bf0e8303
22177892ns          417130 1c00aa56 00e6a22b p.sw             x14, 4(x13!)        x13=10000fb8 x14:3f0e8303 x13:10000fb4  PA:10000fb4
22177912ns          417131 1c00aa5a f32612e3 bne              x12, x18, -220      x12:10000ef0 x18:10000f20
22177992ns          417135 1c00a97e 0046270b p.lw             x14, 4(x12!)        x14=be95f6c3 x12=10000ef4 x12:10000ef0  PA:10000ef0
22178033ns          417137 1c00a982 a1171853 flt.s            x16, f14, f17       x16=00000001 f14:be95f6c3 f17:00000000
22178053ns          417138 1c00a986 0c081663 bne              x16, x0, 204        x16:00000001
22178133ns          417142 1c00aa52 20e71753 fsgnjn.s         f14, f14, f14       f14=xxxxxxxx f14:be95f6c3 f14:be95f6c3
22178153ns          417143 1c00aa56 00e6a22b p.sw             x14, 4(x13!)        x13=10000fbc x14:3e95f6c3 x13:10000fb8  PA:10000fb8
22178173ns          417144 1c00aa5a f32612e3 bne              x12, x18, -220      x12:10000ef4 x18:10000f20
22178253ns          417148 1c00a97e 0046270b p.lw             x14, 4(x12!)        x14=bdbec68a x12=10000ef8 x12:10000ef4  PA:10000ef4
22178293ns          417150 1c00a982 a1171853 flt.s            x16, f14, f17       x16=00000001 f14:bdbec68a f17:00000000
22178313ns          417151 1c00a986 0c081663 bne              x16, x0, 204        x16:00000001
22178394ns          417155 1c00aa52 20e71753 fsgnjn.s         f14, f14, f14       f14=xxxxxxxx f14:bdbec68a f14:bdbec68a
22178414ns          417156 1c00aa56 00e6a22b p.sw             x14, 4(x13!)        x13=10000fc0 x14:3dbec68a x13:10000fbc  PA:10000fbc
22178434ns          417157 1c00aa5a f32612e3 bne              x12, x18, -220      x12:10000ef8 x18:10000f20
22178514ns          417161 1c00a97e 0046270b p.lw             x14, 4(x12!)        x14=be8937f7 x12=10000efc x12:10000ef8  PA:10000ef8
22178554ns          417163 1c00a982 a1171853 flt.s            x16, f14, f17       x16=00000001 f14:be8937f7 f17:00000000
22178574ns          417164 1c00a986 0c081663 bne              x16, x0, 204        x16:00000001
22178655ns          417168 1c00aa52 20e71753 fsgnjn.s         f14, f14, f14       f14=xxxxxxxx f14:be8937f7 f14:be8937f7
22178675ns          417169 1c00aa56 00e6a22b p.sw             x14, 4(x13!)        x13=10000fc4 x14:3e8937f7 x13:10000fc0  PA:10000fc0
22178695ns          417170 1c00aa5a f32612e3 bne              x12, x18, -220      x12:10000efc x18:10000f20
22178775ns          417174 1c00a97e 0046270b p.lw             x14, 4(x12!)        x14=3ee6aaa6 x12=10000f00 x12:10000efc  PA:10000efc
22178815ns          417176 1c00a982 a1171853 flt.s            x16, f14, f17       x16=00000000 f14:3ee6aaa6 f17:00000000
22178835ns          417177 1c00a986 0c081663 bne              x16, x0, 204        x16:00000000
22178855ns          417178 1c00a98a 00e6a22b p.sw             x14, 4(x13!)        x13=10000fc8 x14:3ee6aaa6 x13:10000fc4  PA:10000fc4
22178875ns          417179 1c00a98e ff2618e3 bne              x12, x18, -16       x12:10000f00 x18:10000f20
22178956ns          417183 1c00a97e 0046270b p.lw             x14, 4(x12!)        x14=3e91563f x12=10000f04 x12:10000f00  PA:10000f00
22178996ns          417185 1c00a982 a1171853 flt.s            x16, f14, f17       x16=00000000 f14:3e91563f f17:00000000
22179016ns          417186 1c00a986 0c081663 bne              x16, x0, 204        x16:00000000
22179036ns          417187 1c00a98a 00e6a22b p.sw             x14, 4(x13!)        x13=10000fcc x14:3e91563f x13:10000fc8  PA:10000fc8
22179056ns          417188 1c00a98e ff2618e3 bne              x12, x18, -16       x12:10000f04 x18:10000f20
22179136ns          417192 1c00a97e 0046270b p.lw             x14, 4(x12!)        x14=3da63eb4 x12=10000f08 x12:10000f04  PA:10000f04
22179176ns          417194 1c00a982 a1171853 flt.s            x16, f14, f17       x16=00000000 f14:3da63eb4 f17:00000000
22179196ns          417195 1c00a986 0c081663 bne              x16, x0, 204        x16:00000000
22179216ns          417196 1c00a98a 00e6a22b p.sw             x14, 4(x13!)        x13=10000fd0 x14:3da63eb4 x13:10000fcc  PA:10000fcc
22179237ns          417197 1c00a98e ff2618e3 bne              x12, x18, -16       x12:10000f08 x18:10000f20
22179317ns          417201 1c00a97e 0046270b p.lw             x14, 4(x12!)        x14=bf4c7c5d x12=10000f0c x12:10000f08  PA:10000f08
22179357ns          417203 1c00a982 a1171853 flt.s            x16, f14, f17       x16=00000001 f14:bf4c7c5d f17:00000000
22179377ns          417204 1c00a986 0c081663 bne              x16, x0, 204        x16:00000001
22179457ns          417208 1c00aa52 20e71753 fsgnjn.s         f14, f14, f14       f14=xxxxxxxx f14:bf4c7c5d f14:bf4c7c5d
22179477ns          417209 1c00aa56 00e6a22b p.sw             x14, 4(x13!)        x13=10000fd4 x14:3f4c7c5d x13:10000fd0  PA:10000fd0
22179497ns          417210 1c00aa5a f32612e3 bne              x12, x18, -220      x12:10000f0c x18:10000f20
22179578ns          417214 1c00a97e 0046270b p.lw             x14, 4(x12!)        x14=bf11277b x12=10000f10 x12:10000f0c  PA:10000f0c
22179618ns          417216 1c00a982 a1171853 flt.s            x16, f14, f17       x16=00000001 f14:bf11277b f17:00000000
22179638ns          417217 1c00a986 0c081663 bne              x16, x0, 204        x16:00000001
22179718ns          417221 1c00aa52 20e71753 fsgnjn.s         f14, f14, f14       f14=xxxxxxxx f14:bf11277b f14:bf11277b
22179738ns          417222 1c00aa56 00e6a22b p.sw             x14, 4(x13!)        x13=10000fd8 x14:3f11277b x13:10000fd4  PA:10000fd4
22179758ns          417223 1c00aa5a f32612e3 bne              x12, x18, -220      x12:10000f10 x18:10000f20
22179838ns          417227 1c00a97e 0046270b p.lw             x14, 4(x12!)        x14=3eaaa3d4 x12=10000f14 x12:10000f10  PA:10000f10
22179879ns          417229 1c00a982 a1171853 flt.s            x16, f14, f17       x16=00000000 f14:3eaaa3d4 f17:00000000
22179899ns          417230 1c00a986 0c081663 bne              x16, x0, 204        x16:00000000
22179919ns          417231 1c00a98a 00e6a22b p.sw             x14, 4(x13!)        x13=10000fdc x14:3eaaa3d4 x13:10000fd8  PA:10000fd8
22179939ns          417232 1c00a98e ff2618e3 bne              x12, x18, -16       x12:10000f14 x18:10000f20
22180019ns          417236 1c00a97e 0046270b p.lw             x14, 4(x12!)        x14=bf033ae8 x12=10000f18 x12:10000f14  PA:10000f14
22180059ns          417238 1c00a982 a1171853 flt.s            x16, f14, f17       x16=00000001 f14:bf033ae8 f17:00000000
22180079ns          417239 1c00a986 0c081663 bne              x16, x0, 204        x16:00000001
22180160ns          417243 1c00aa52 20e71753 fsgnjn.s         f14, f14, f14       f14=xxxxxxxx f14:bf033ae8 f14:bf033ae8
22180180ns          417244 1c00aa56 00e6a22b p.sw             x14, 4(x13!)        x13=10000fe0 x14:3f033ae8 x13:10000fdc  PA:10000fdc
22180200ns          417245 1c00aa5a f32612e3 bne              x12, x18, -220      x12:10000f18 x18:10000f20
22180280ns          417249 1c00a97e 0046270b p.lw             x14, 4(x12!)        x14=3efcea0f x12=10000f1c x12:10000f18  PA:10000f18
22180320ns          417251 1c00a982 a1171853 flt.s            x16, f14, f17       x16=00000000 f14:3efcea0f f17:00000000
22180340ns          417252 1c00a986 0c081663 bne              x16, x0, 204        x16:00000000
22180360ns          417253 1c00a98a 00e6a22b p.sw             x14, 4(x13!)        x13=10000fe4 x14:3efcea0f x13:10000fe0  PA:10000fe0
22180380ns          417254 1c00a98e ff2618e3 bne              x12, x18, -16       x12:10000f1c x18:10000f20
22180460ns          417258 1c00a97e 0046270b p.lw             x14, 4(x12!)        x14=3e7c28b8 x12=10000f20 x12:10000f1c  PA:10000f1c
22180501ns          417260 1c00a982 a1171853 flt.s            x16, f14, f17       x16=00000000 f14:3e7c28b8 f17:00000000
22180521ns          417261 1c00a986 0c081663 bne              x16, x0, 204        x16:00000000
22180541ns          417262 1c00a98a 00e6a22b p.sw             x14, 4(x13!)        x13=10000fe8 x14:3e7c28b8 x13:10000fe4  PA:10000fe4
22180561ns          417263 1c00a98e ff2618e3 bne              x12, x18, -16       x12:10000f20 x18:10000f20
22180581ns          417264 1c00a992 40b787b3 sub              x15, x15, x11       x15=00000060 x15:10000fe8 x11:10000f88
22180601ns          417265 1c00a994 ffc78793 addi             x15, x15, -4        x15=0000005c x15:00000060
22180621ns          417266 1c00a996 0027d793 srli             x15, x15, 0x2       x15=00000017 x15:0000005c
22180641ns          417267 1c00a998 0dc12703 lw               x14, 220(x2)        x14=3eb945f5  x2:10000ea8  PA:10000f84
22180661ns          417268 1c00a99a 00178793 addi             x15, x15, 1         x15=00000018 x15:00000017
22180681ns          417269 1c00a99c 0047c0fb lp.setup         0x1, x15, 0x4       x15:00000018
22181042ns          417287 1c00a9a0 0045a68b p.lw             x13, 4(x11!)        x13=3ef87435 x11=10000f8c x11:10000f88  PA:10000f88
22181083ns          417289 1c00a9a4 00d77753 fadd.s           f14, f14, f13       f14=xxxxxxxx f14:3eb945f5 f13:3ef87435
22181103ns          417290 1c00a9a0 0045a68b p.lw             x13, 4(x11!)        x13=3f084df0 x11=10000f90 x11:10000f8c  PA:10000f8c
22181143ns          417292 1c00a9a4 00d77753 fadd.s           f14, f14, f13       f14=xxxxxxxx f14:3f58dd15 f13:3f084df0
22181163ns          417293 1c00a9a0 0045a68b p.lw             x13, 4(x11!)        x13=3ee52996 x11=10000f94 x11:10000f90  PA:10000f90
22181203ns          417295 1c00a9a4 00d77753 fadd.s           f14, f14, f13       f14=xxxxxxxx f14:3fb09582 f13:3ee52996
22181223ns          417296 1c00a9a0 0045a68b p.lw             x13, 4(x11!)        x13=3ec62284 x11=10000f98 x11:10000f94  PA:10000f94
22181263ns          417298 1c00a9a4 00d77753 fadd.s           f14, f14, f13       f14=xxxxxxxx f14:3fe9dfe8 f13:3ec62284
22181283ns          417299 1c00a9a0 0045a68b p.lw             x13, 4(x11!)        x13=3edf0a44 x11=10000f9c x11:10000f98  PA:10000f98
22181323ns          417301 1c00a9a4 00d77753 fadd.s           f14, f14, f13       f14=xxxxxxxx f14:400db444 f13:3edf0a44
22181343ns          417302 1c00a9a0 0045a68b p.lw             x13, 4(x11!)        x13=3ec01f31 x11=10000fa0 x11:10000f9c  PA:10000f9c
22181383ns          417304 1c00a9a4 00d77753 fadd.s           f14, f14, f13       f14=xxxxxxxx f14:4029958c f13:3ec01f31
22181404ns          417305 1c00a9a0 0045a68b p.lw             x13, 4(x11!)        x13=3e80c538 x11=10000fa4 x11:10000fa0  PA:10000fa0
22181444ns          417307 1c00a9a4 00d77753 fadd.s           f14, f14, f13       f14=xxxxxxxx f14:40419972 f13:3e80c538
22181464ns          417308 1c00a9a0 0045a68b p.lw             x13, 4(x11!)        x13=3f2e3eee x11=10000fa8 x11:10000fa4  PA:10000fa4
22181504ns          417310 1c00a9a4 00d77753 fadd.s           f14, f14, f13       f14=xxxxxxxx f14:4051b219 f13:3f2e3eee
22181524ns          417311 1c00a9a0 0045a68b p.lw             x13, 4(x11!)        x13=3ec18a72 x11=10000fac x11:10000fa8  PA:10000fa8
22181564ns          417313 1c00a9a4 00d77753 fadd.s           f14, f14, f13       f14=xxxxxxxx f14:407d41d4 f13:3ec18a72
22181584ns          417314 1c00a9a0 0045a68b p.lw             x13, 4(x11!)        x13=3f08e598 x11=10000fb0 x11:10000fac  PA:10000fac
22181624ns          417316 1c00a9a4 00d77753 fadd.s           f14, f14, f13       f14=xxxxxxxx f14:408ab991 f13:3f08e598
22181644ns          417317 1c00a9a0 0045a68b p.lw             x13, 4(x11!)        x13=3f0e759c x11=10000fb4 x11:10000fb0  PA:10000fb0
22181684ns          417319 1c00a9a4 00d77753 fadd.s           f14, f14, f13       f14=xxxxxxxx f14:409bd644 f13:3f0e759c
22181705ns          417320 1c00a9a0 0045a68b p.lw             x13, 4(x11!)        x13=3f0e8303 x11=10000fb8 x11:10000fb4  PA:10000fb4
22181745ns          417322 1c00a9a4 00d77753 fadd.s           f14, f14, f13       f14=xxxxxxxx f14:40ada4f8 f13:3f0e8303
22181765ns          417323 1c00a9a0 0045a68b p.lw             x13, 4(x11!)        x13=3e95f6c3 x11=10000fbc x11:10000fb8  PA:10000fb8
22181805ns          417325 1c00a9a4 00d77753 fadd.s           f14, f14, f13       f14=xxxxxxxx f14:40bf7558 f13:3e95f6c3
22181825ns          417326 1c00a9a0 0045a68b p.lw             x13, 4(x11!)        x13=3dbec68a x11=10000fc0 x11:10000fbc  PA:10000fbc
22181865ns          417328 1c00a9a4 00d77753 fadd.s           f14, f14, f13       f14=xxxxxxxx f14:40c8d4c4 f13:3dbec68a
22181885ns          417329 1c00a9a0 0045a68b p.lw             x13, 4(x11!)        x13=3e8937f7 x11=10000fc4 x11:10000fc0  PA:10000fc0
22181925ns          417331 1c00a9a4 00d77753 fadd.s           f14, f14, f13       f14=xxxxxxxx f14:40cbcfde f13:3e8937f7
22181945ns          417332 1c00a9a0 0045a68b p.lw             x13, 4(x11!)        x13=3ee6aaa6 x11=10000fc8 x11:10000fc4  PA:10000fc4
22181985ns          417334 1c00a9a4 00d77753 fadd.s           f14, f14, f13       f14=xxxxxxxx f14:40d4635d f13:3ee6aaa6
22182006ns          417335 1c00a9a0 0045a68b p.lw             x13, 4(x11!)        x13=3e91563f x11=10000fcc x11:10000fc8  PA:10000fc8
22182046ns          417337 1c00a9a4 00d77753 fadd.s           f14, f14, f13       f14=xxxxxxxx f14:40e2ce07 f13:3e91563f
22182066ns          417338 1c00a9a0 0045a68b p.lw             x13, 4(x11!)        x13=3da63eb4 x11=10000fd0 x11:10000fcc  PA:10000fcc
22182106ns          417340 1c00a9a4 00d77753 fadd.s           f14, f14, f13       f14=xxxxxxxx f14:40ebe36b f13:3da63eb4
22182126ns          417341 1c00a9a0 0045a68b p.lw             x13, 4(x11!)        x13=3f4c7c5d x11=10000fd4 x11:10000fd0  PA:10000fd0
22182166ns          417343 1c00a9a4 00d77753 fadd.s           f14, f14, f13       f14=xxxxxxxx f14:40ee7c66 f13:3f4c7c5d
22182186ns          417344 1c00a9a0 0045a68b p.lw             x13, 4(x11!)        x13=3f11277b x11=10000fd8 x11:10000fd4  PA:10000fd4
22182226ns          417346 1c00a9a4 00d77753 fadd.s           f14, f14, f13       f14=xxxxxxxx f14:410405f9 f13:3f11277b
22182246ns          417347 1c00a9a0 0045a68b p.lw             x13, 4(x11!)        x13=3eaaa3d4 x11=10000fdc x11:10000fd8  PA:10000fd8
22182286ns          417349 1c00a9a4 00d77753 fadd.s           f14, f14, f13       f14=xxxxxxxx f14:410d1871 f13:3eaaa3d4
22182307ns          417350 1c00a9a0 0045a68b p.lw             x13, 4(x11!)        x13=3f033ae8 x11=10000fe0 x11:10000fdc  PA:10000fdc
22182347ns          417352 1c00a9a4 00d77753 fadd.s           f14, f14, f13       f14=xxxxxxxx f14:41126d90 f13:3f033ae8
22182367ns          417353 1c00a9a0 0045a68b p.lw             x13, 4(x11!)        x13=3efcea0f x11=10000fe4 x11:10000fe0  PA:10000fe0
22182407ns          417355 1c00a9a4 00d77753 fadd.s           f14, f14, f13       f14=xxxxxxxx f14:411aa13e f13:3efcea0f
22182427ns          417356 1c00a9a0 0045a68b p.lw             x13, 4(x11!)        x13=3e7c28b8 x11=10000fe8 x11:10000fe4  PA:10000fe4
22182467ns          417358 1c00a9a4 00d77753 fadd.s           f14, f14, f13       f14=xxxxxxxx f14:4122888e f13:3e7c28b8
22182487ns          417359 1c00a9a8 00600793 addi             x15, x0, 6          x15=00000006
22182507ns          417360 1c00a9aa 02f40433 mul              x8, x8, x15          x8=00000006  x8:00000001 x15:00000006
22182908ns          417380 1c00a9ae 00241793 slli             x15, x8, 0x2        x15=00000018  x8:00000006
22182949ns          417382 1c00a9b2 20f4f783 lw               x15, x15(x9)        x15=4120325f x15:00000018  x9:1c010000  PA:1c010018
22183270ns          417398 1c00a9b6 a0f507d3 fle.s            x15, f10, f15       x15=00000001 f10:412031f5 f15:4120325f
22183290ns          417399 1c00a9ba 08078163 beq              x15, x0, 130        x15:00000001
22183310ns          417400 1c00a9bc 00140793 addi             x15, x8, 1          x15=00000007  x8:00000006
22183470ns          417408 1c00a9c0 00279793 slli             x15, x15, 0x2       x15=0000001c x15:00000007
22183510ns          417410 1c00a9c2 20f4f783 lw               x15, x15(x9)        x15=4120318d x15:0000001c  x9:1c010000  PA:1c01001c
22183831ns          417426 1c00a9c6 a0a78553 fle.s            x10, f15, f10       x10=00000001 f15:4120318d f10:412031f5
22183852ns          417427 1c00a9ca 06050963 beq              x10, x0, 114        x10:00000001
22183872ns          417428 1c00a9cc 00240793 addi             x15, x8, 2          x15=00000008  x8:00000006
22184012ns          417435 1c00a9d0 00279793 slli             x15, x15, 0x2       x15=00000020 x15:00000008
22184052ns          417437 1c00a9d2 20f4f783 lw               x15, x15(x9)        x15=428e490a x15:00000020  x9:1c010000  PA:1c010020
22184373ns          417453 1c00a9d6 a0f307d3 fle.s            x15, f6, f15        x15=00000001  f6:428e48ab f15:428e490a
22184393ns          417454 1c00a9da 06078163 beq              x15, x0, 98         x15:00000001
22184413ns          417455 1c00a9dc 00340793 addi             x15, x8, 3          x15=00000009  x8:00000006
22184554ns          417462 1c00a9e0 00279793 slli             x15, x15, 0x2       x15=00000024 x15:00000009
22184594ns          417464 1c00a9e2 20f4f783 lw               x15, x15(x9)        x15=428e4850 x15:00000024  x9:1c010000  PA:1c010024
22184915ns          417480 1c00a9e6 a0678353 fle.s            x6, f15, f6          x6=00000001 f15:428e4850  f6:428e48ab
22184935ns          417481 1c00a9ea 04030963 beq              x6, x0, 82           x6:00000001
22185096ns          417489 1c00a9ee 00440793 addi             x15, x8, 4          x15=0000000a  x8:00000006
22185116ns          417490 1c00a9f2 00279793 slli             x15, x15, 0x2       x15=00000028 x15:0000000a
22185136ns          417491 1c00a9f4 20f4f783 lw               x15, x15(x9)        x15=4126799e x15:00000028  x9:1c010000  PA:1c010028
22185457ns          417507 1c00a9f8 a0f707d3 fle.s            x15, f14, f15       x15=00000001 f14:41267931 f15:4126799e
22185477ns          417508 1c00a9fc 04078063 beq              x15, x0, 64         x15:00000001
22185497ns          417509 1c00a9fe 00540413 addi             x8, x8, 5            x8=0000000b  x8:00000006
22185637ns          417516 1c00aa00 00241413 slli             x8, x8, 0x2          x8=0000002c  x8:0000000b
22185677ns          417518 1c00aa02 2084f403 lw               x8, x8(x9)           x8=412678c4  x8:0000002c  x9:1c010000  PA:1c01002c
22185978ns          417533 1c00aa06 f14025f3 csrrs            x11, x0, 0xf14      x11=00000001
22185999ns          417534 1c00aa0a a0e40753 fle.s            x14, f8, f14        x14=00000001  f8:412678c4 f14:41267931
22186179ns          417543 1c00aa0e f455b5b3 p.bclr           x11, x11, 26, 5     x11=00000001 x11:00000001
22186199ns          417544 1c00aa12 02070963 beq              x14, x0, 50         x14:00000001
22186219ns          417545 1c00aa14 1c000537 lui              x10, 0x1c000000     x10=1c000000
22186239ns          417546 1c00aa18 0a850513 addi             x10, x10, 168       x10=1c0000a8 x10:1c000000
22186259ns          417547 1c00aa1c 5cc000ef jal              x1, 1484             x1=1c00aa1e
22186841ns          417576 1c00afe8 fc010113 addi             x2, x2, -64          x2=10000e68  x2:10000ea8
22186881ns          417578 1c00afea 02410313 addi             x6, x2, 36           x6=10000e8c  x2:10000e68
22186901ns          417579 1c00afee 02c12423 sw               x12, 40(x2)         x12:10000f20  x2:10000e68  PA:10000e90
22186942ns          417581 1c00aff0 00a00633 add              x12, x0, x10        x12=1c0000a8 x10:1c0000a8
22186982ns          417583 1c00aff2 1c00b537 lui              x10, 0x1c00b000     x10=1c00b000
22187002ns          417584 1c00aff6 02b12223 sw               x11, 36(x2)         x11:00000001  x2:10000e68  PA:10000e8c
22187022ns          417585 1c00aff8 02d12623 sw               x13, 44(x2)         x13:3e7c28b8  x2:10000e68  PA:10000e94
22187042ns          417586 1c00affa 00200593 addi             x11, x0, 2          x11=00000002
22187062ns          417587 1c00affc 006006b3 add              x13, x0, x6         x13=10000e8c  x6:10000e8c
22187082ns          417588 1c00affe fa450513 addi             x10, x10, -92       x10=1c00afa4 x10:1c00b000
22187102ns          417589 1c00b002 00112e23 sw               x1, 28(x2)           x1:1c00aa1e  x2:10000e68  PA:10000e84
22187122ns          417590 1c00b004 02e12823 sw               x14, 48(x2)         x14:00000001  x2:10000e68  PA:10000e98
22187142ns          417591 1c00b006 02f12a23 sw               x15, 52(x2)         x15:00000001  x2:10000e68  PA:10000e9c
22187162ns          417592 1c00b008 03012c23 sw               x16, 56(x2)         x16:00000000  x2:10000e68  PA:10000ea0
22187182ns          417593 1c00b00a 03112e23 sw               x17, 60(x2)         x17:00000000  x2:10000e68  PA:10000ea4
22187202ns          417594 1c00b00c 00612623 sw               x6, 12(x2)           x6:10000e8c  x2:10000e68  PA:10000e74
22187223ns          417595 1c00b00e fbfff0ef jal              x1, -66              x1=1c00b010
22187303ns          417599 1c00afcc 04a0006f jal              x0, 74             
22187343ns          417601 1c00b016 ed010113 addi             x2, x2, -304         x2=10000d38  x2:10000e68
22187363ns          417602 1c00b018 12812423 sw               x8, 296(x2)          x8:412678c4  x2:10000d38  PA:10000e60
22187383ns          417603 1c00b01c 00000413 addi             x8, x0, 0            x8=00000000
22187443ns          417606 1c00b01e 11612823 sw               x22, 272(x2)        x22:xxxxxxxx  x2:10000d38  PA:10000e48
22187483ns          417608 1c00b022 11712623 sw               x23, 268(x2)        x23:xxxxxxxx  x2:10000d38  PA:10000e44
22187503ns          417609 1c00b026 11812423 sw               x24, 264(x2)        x24:xxxxxxxx  x2:10000d38  PA:10000e40
22187524ns          417610 1c00b02a 11912223 sw               x25, 260(x2)        x25:xxxxxxxx  x2:10000d38  PA:10000e3c
22187584ns          417613 1c00b02e 11a12023 sw               x26, 256(x2)        x26:xxxxxxxx  x2:10000d38  PA:10000e38
22187604ns          417614 1c00b032 0fb12e23 sw               x27, 252(x2)        x27:xxxxxxxx  x2:10000d38  PA:10000e34
22187624ns          417615 1c00b034 12112623 sw               x1, 300(x2)          x1:1c00b010  x2:10000d38  PA:10000e64
22187644ns          417616 1c00b038 00800db3 add              x27, x0, x8         x27=00000000  x8:00000000
22187664ns          417617 1c00b03a 12912223 sw               x9, 292(x2)          x9:1c010000  x2:10000d38  PA:10000e5c
22187724ns          417620 1c00b03e 13212023 sw               x18, 288(x2)        x18:10000f20  x2:10000d38  PA:10000e58
22187764ns          417622 1c00b042 11312e23 sw               x19, 284(x2)        x19:xxxxxxxx  x2:10000d38  PA:10000e54
22187784ns          417623 1c00b046 11412c23 sw               x20, 280(x2)        x20:xxxxxxxx  x2:10000d38  PA:10000e50
22187804ns          417624 1c00b04a 11512a23 sw               x21, 276(x2)        x21:xxxxxxxx  x2:10000d38  PA:10000e4c
22187824ns          417625 1c00b04e 00a00b33 add              x22, x0, x10        x22=1c00afa4 x10:1c00afa4
22187865ns          417627 1c00b050 00b00d33 add              x26, x0, x11        x26=00000002 x11:00000002
22187885ns          417628 1c00b052 00d00c33 add              x24, x0, x13        x24=10000e8c x13:10000e8c
22187905ns          417629 1c00b054 1c000bb7 lui              x23, 0x1c000000     x23=1c000000
22187925ns          417630 1c00b058 02410c93 addi             x25, x2, 36         x25=10000d5c  x2:10000d38
22187945ns          417631 1c00b05c 00c00433 add              x8, x0, x12          x8=1c0000a8 x12:1c0000a8
22188005ns          417634 1c00b05e 00044503 lbu              x10, 0(x8)          x10=0000006b  x8:1c0000a8  PA:1c0000a8
22188326ns          417650 1c00b062 00140413 addi             x8, x8, 1            x8=1c0000a9  x8:1c0000a8
22188346ns          417651 1c00b064 00050e63 beq              x10, x0, 28         x10:0000006b
22188366ns          417652 1c00b066 02500793 addi             x15, x0, 37         x15=00000025
22188386ns          417653 1c00b06a 04f50863 beq              x10, x15, 80        x10:0000006b x15:00000025
22188406ns          417654 1c00b06e 01a005b3 add              x11, x0, x26        x11=00000002 x26:00000002
22188426ns          417655 1c00b070 000b00e7 jalr             x1, x22, 0           x1=1c00b072 x22:1c00afa4
22188507ns          417659 1c00afa4 000026b7 lui              x13, 0x2000         x13=00002000
22188547ns          417661 1c00afa6 f14027f3 csrrs            x15, x0, 0xf14      x15=00000001
22188567ns          417662 1c00afaa f8068693 addi             x13, x13, -128      x13=00001f80 x13:00002000
22188627ns          417665 1c00afae 00379713 slli             x14, x15, 0x3       x14=00000008 x15:00000001
22188647ns          417666 1c00afb2 00279793 slli             x15, x15, 0x2       x15=00000004 x15:00000001
22188667ns          417667 1c00afb4 00d7f7b3 and              x15, x15, x13       x15=00000000 x15:00000004 x13:00001f80
22188687ns          417668 1c00afb6 ee873733 p.bclr           x14, x14, 23, 8     x14=00000008 x14:00000008
22188707ns          417669 1c00afba 1a10f6b7 lui              x13, 0x1a10f000     x13=1a10f000
22188727ns          417670 1c00afbe 0ff57513 andi             x10, x10, 255       x10=0000006b x10:0000006b
22188747ns          417671 1c00afc2 00d70733 add              x14, x14, x13       x14=1a10f008 x14:00000008 x13:1a10f000
22188768ns          417672 1c00afc4 00a7e723 p.sw             x10, x0(x15)        x10:0000006b x15:00000000  PA:1a10f008
22189089ns          417688 1c00afc8 00000513 addi             x10, x0, 0          x10=00000000
22189109ns          417689 1c00afca 00008067 jalr             x0, x1, 0            x1:1c00b072
22189169ns          417692 1c00b072 31f52563 p.beqimm         x10, 778            x10:00000000
22189189ns          417693 1c00b076 001d8d93 addi             x27, x27, 1         x27=00000001 x27:00000000
22189209ns          417694 1c00b078 00044503 lbu              x10, 0(x8)          x10=00000065  x8:1c0000a9  PA:1c0000a9
22189530ns          417710 1c00b07c 00140413 addi             x8, x8, 1            x8=1c0000aa  x8:1c0000a9
22189550ns          417711 1c00b07e fe0514e3 bne              x10, x0, -24        x10:00000065
22189630ns          417715 1c00b066 02500793 addi             x15, x0, 37         x15=00000025
22189650ns          417716 1c00b06a 04f50863 beq              x10, x15, 80        x10:00000065 x15:00000025
22189670ns          417717 1c00b06e 01a005b3 add              x11, x0, x26        x11=00000002 x26:00000002
22189691ns          417718 1c00b070 000b00e7 jalr             x1, x22, 0           x1=1c00b072 x22:1c00afa4
22189731ns          417720 1c00afa4 000026b7 lui              x13, 0x2000         x13=00002000
22189751ns          417721 1c00afa6 f14027f3 csrrs            x15, x0, 0xf14      x15=00000001
22189771ns          417722 1c00afaa f8068693 addi             x13, x13, -128      x13=00001f80 x13:00002000
22189791ns          417723 1c00afae 00379713 slli             x14, x15, 0x3       x14=00000008 x15:00000001
22189811ns          417724 1c00afb2 00279793 slli             x15, x15, 0x2       x15=00000004 x15:00000001
22189831ns          417725 1c00afb4 00d7f7b3 and              x15, x15, x13       x15=00000000 x15:00000004 x13:00001f80
22189851ns          417726 1c00afb6 ee873733 p.bclr           x14, x14, 23, 8     x14=00000008 x14:00000008
22189871ns          417727 1c00afba 1a10f6b7 lui              x13, 0x1a10f000     x13=1a10f000
22189891ns          417728 1c00afbe 0ff57513 andi             x10, x10, 255       x10=00000065 x10:00000065
22189911ns          417729 1c00afc2 00d70733 add              x14, x14, x13       x14=1a10f008 x14:00000008 x13:1a10f000
22189931ns          417730 1c00afc4 00a7e723 p.sw             x10, x0(x15)        x10:00000065 x15:00000000  PA:1a10f008
22190252ns          417746 1c00afc8 00000513 addi             x10, x0, 0          x10=00000000
22190272ns          417747 1c00afca 00008067 jalr             x0, x1, 0            x1:1c00b072
22190333ns          417750 1c00b072 31f52563 p.beqimm         x10, 778            x10:00000000
22190353ns          417751 1c00b076 001d8d93 addi             x27, x27, 1         x27=00000002 x27:00000001
22190373ns          417752 1c00b078 00044503 lbu              x10, 0(x8)          x10=00000072  x8:1c0000aa  PA:1c0000aa
22190674ns          417767 1c00b07c 00140413 addi             x8, x8, 1            x8=1c0000ab  x8:1c0000aa
22190694ns          417768 1c00b07e fe0514e3 bne              x10, x0, -24        x10:00000072
22190774ns          417772 1c00b066 02500793 addi             x15, x0, 37         x15=00000025
22190794ns          417773 1c00b06a 04f50863 beq              x10, x15, 80        x10:00000072 x15:00000025
22190814ns          417774 1c00b06e 01a005b3 add              x11, x0, x26        x11=00000002 x26:00000002
22190834ns          417775 1c00b070 000b00e7 jalr             x1, x22, 0           x1=1c00b072 x22:1c00afa4
22190874ns          417777 1c00afa4 000026b7 lui              x13, 0x2000         x13=00002000
22190894ns          417778 1c00afa6 f14027f3 csrrs            x15, x0, 0xf14      x15=00000001
22190915ns          417779 1c00afaa f8068693 addi             x13, x13, -128      x13=00001f80 x13:00002000
22190935ns          417780 1c00afae 00379713 slli             x14, x15, 0x3       x14=00000008 x15:00000001
22190955ns          417781 1c00afb2 00279793 slli             x15, x15, 0x2       x15=00000004 x15:00000001
22190975ns          417782 1c00afb4 00d7f7b3 and              x15, x15, x13       x15=00000000 x15:00000004 x13:00001f80
22190995ns          417783 1c00afb6 ee873733 p.bclr           x14, x14, 23, 8     x14=00000008 x14:00000008
22191015ns          417784 1c00afba 1a10f6b7 lui              x13, 0x1a10f000     x13=1a10f000
22191035ns          417785 1c00afbe 0ff57513 andi             x10, x10, 255       x10=00000072 x10:00000072
22191055ns          417786 1c00afc2 00d70733 add              x14, x14, x13       x14=1a10f008 x14:00000008 x13:1a10f000
22191075ns          417787 1c00afc4 00a7e723 p.sw             x10, x0(x15)        x10:00000072 x15:00000000  PA:1a10f008
22191396ns          417803 1c00afc8 00000513 addi             x10, x0, 0          x10=00000000
22191416ns          417804 1c00afca 00008067 jalr             x0, x1, 0            x1:1c00b072
22191476ns          417807 1c00b072 31f52563 p.beqimm         x10, 778            x10:00000000
22191496ns          417808 1c00b076 001d8d93 addi             x27, x27, 1         x27=00000003 x27:00000002
22191517ns          417809 1c00b078 00044503 lbu              x10, 0(x8)          x10=0000006e  x8:1c0000ab  PA:1c0000ab
22191817ns          417824 1c00b07c 00140413 addi             x8, x8, 1            x8=1c0000ac  x8:1c0000ab
22191838ns          417825 1c00b07e fe0514e3 bne              x10, x0, -24        x10:0000006e
22191918ns          417829 1c00b066 02500793 addi             x15, x0, 37         x15=00000025
22191938ns          417830 1c00b06a 04f50863 beq              x10, x15, 80        x10:0000006e x15:00000025
22191958ns          417831 1c00b06e 01a005b3 add              x11, x0, x26        x11=00000002 x26:00000002
22191978ns          417832 1c00b070 000b00e7 jalr             x1, x22, 0           x1=1c00b072 x22:1c00afa4
22192018ns          417834 1c00afa4 000026b7 lui              x13, 0x2000         x13=00002000
22192038ns          417835 1c00afa6 f14027f3 csrrs            x15, x0, 0xf14      x15=00000001
22192058ns          417836 1c00afaa f8068693 addi             x13, x13, -128      x13=00001f80 x13:00002000
22192078ns          417837 1c00afae 00379713 slli             x14, x15, 0x3       x14=00000008 x15:00000001
22192098ns          417838 1c00afb2 00279793 slli             x15, x15, 0x2       x15=00000004 x15:00000001
22192118ns          417839 1c00afb4 00d7f7b3 and              x15, x15, x13       x15=00000000 x15:00000004 x13:00001f80
22192139ns          417840 1c00afb6 ee873733 p.bclr           x14, x14, 23, 8     x14=00000008 x14:00000008
22192159ns          417841 1c00afba 1a10f6b7 lui              x13, 0x1a10f000     x13=1a10f000
22192179ns          417842 1c00afbe 0ff57513 andi             x10, x10, 255       x10=0000006e x10:0000006e
22192199ns          417843 1c00afc2 00d70733 add              x14, x14, x13       x14=1a10f008 x14:00000008 x13:1a10f000
22192219ns          417844 1c00afc4 00a7e723 p.sw             x10, x0(x15)        x10:0000006e x15:00000000  PA:1a10f008
22192540ns          417860 1c00afc8 00000513 addi             x10, x0, 0          x10=00000000
22192560ns          417861 1c00afca 00008067 jalr             x0, x1, 0            x1:1c00b072
22192620ns          417864 1c00b072 31f52563 p.beqimm         x10, 778            x10:00000000
22192640ns          417865 1c00b076 001d8d93 addi             x27, x27, 1         x27=00000004 x27:00000003
22192660ns          417866 1c00b078 00044503 lbu              x10, 0(x8)          x10=00000065  x8:1c0000ac  PA:1c0000ac
22192981ns          417882 1c00b07c 00140413 addi             x8, x8, 1            x8=1c0000ad  x8:1c0000ac
22193001ns          417883 1c00b07e fe0514e3 bne              x10, x0, -24        x10:00000065
22193082ns          417887 1c00b066 02500793 addi             x15, x0, 37         x15=00000025
22193102ns          417888 1c00b06a 04f50863 beq              x10, x15, 80        x10:00000065 x15:00000025
22193122ns          417889 1c00b06e 01a005b3 add              x11, x0, x26        x11=00000002 x26:00000002
22193142ns          417890 1c00b070 000b00e7 jalr             x1, x22, 0           x1=1c00b072 x22:1c00afa4
22193182ns          417892 1c00afa4 000026b7 lui              x13, 0x2000         x13=00002000
22193202ns          417893 1c00afa6 f14027f3 csrrs            x15, x0, 0xf14      x15=00000001
22193222ns          417894 1c00afaa f8068693 addi             x13, x13, -128      x13=00001f80 x13:00002000
22193242ns          417895 1c00afae 00379713 slli             x14, x15, 0x3       x14=00000008 x15:00000001
22193262ns          417896 1c00afb2 00279793 slli             x15, x15, 0x2       x15=00000004 x15:00000001
22193282ns          417897 1c00afb4 00d7f7b3 and              x15, x15, x13       x15=00000000 x15:00000004 x13:00001f80
22193302ns          417898 1c00afb6 ee873733 p.bclr           x14, x14, 23, 8     x14=00000008 x14:00000008
22193322ns          417899 1c00afba 1a10f6b7 lui              x13, 0x1a10f000     x13=1a10f000
22193342ns          417900 1c00afbe 0ff57513 andi             x10, x10, 255       x10=00000065 x10:00000065
22193363ns          417901 1c00afc2 00d70733 add              x14, x14, x13       x14=1a10f008 x14:00000008 x13:1a10f000
22193383ns          417902 1c00afc4 00a7e723 p.sw             x10, x0(x15)        x10:00000065 x15:00000000  PA:1a10f008
22193704ns          417918 1c00afc8 00000513 addi             x10, x0, 0          x10=00000000
22193724ns          417919 1c00afca 00008067 jalr             x0, x1, 0            x1:1c00b072
22193784ns          417922 1c00b072 31f52563 p.beqimm         x10, 778            x10:00000000
22193804ns          417923 1c00b076 001d8d93 addi             x27, x27, 1         x27=00000005 x27:00000004
22193824ns          417924 1c00b078 00044503 lbu              x10, 0(x8)          x10=0000006c  x8:1c0000ad  PA:1c0000ad
22194145ns          417940 1c00b07c 00140413 addi             x8, x8, 1            x8=1c0000ae  x8:1c0000ad
22194165ns          417941 1c00b07e fe0514e3 bne              x10, x0, -24        x10:0000006c
22194245ns          417945 1c00b066 02500793 addi             x15, x0, 37         x15=00000025
22194265ns          417946 1c00b06a 04f50863 beq              x10, x15, 80        x10:0000006c x15:00000025
22194286ns          417947 1c00b06e 01a005b3 add              x11, x0, x26        x11=00000002 x26:00000002
22194306ns          417948 1c00b070 000b00e7 jalr             x1, x22, 0           x1=1c00b072 x22:1c00afa4
22194346ns          417950 1c00afa4 000026b7 lui              x13, 0x2000         x13=00002000
22194366ns          417951 1c00afa6 f14027f3 csrrs            x15, x0, 0xf14      x15=00000001
22194386ns          417952 1c00afaa f8068693 addi             x13, x13, -128      x13=00001f80 x13:00002000
22194406ns          417953 1c00afae 00379713 slli             x14, x15, 0x3       x14=00000008 x15:00000001
22194426ns          417954 1c00afb2 00279793 slli             x15, x15, 0x2       x15=00000004 x15:00000001
22194446ns          417955 1c00afb4 00d7f7b3 and              x15, x15, x13       x15=00000000 x15:00000004 x13:00001f80
22194466ns          417956 1c00afb6 ee873733 p.bclr           x14, x14, 23, 8     x14=00000008 x14:00000008
22194486ns          417957 1c00afba 1a10f6b7 lui              x13, 0x1a10f000     x13=1a10f000
22194506ns          417958 1c00afbe 0ff57513 andi             x10, x10, 255       x10=0000006c x10:0000006c
22194526ns          417959 1c00afc2 00d70733 add              x14, x14, x13       x14=1a10f008 x14:00000008 x13:1a10f000
22194546ns          417960 1c00afc4 00a7e723 p.sw             x10, x0(x15)        x10:0000006c x15:00000000  PA:1a10f008
22194867ns          417976 1c00afc8 00000513 addi             x10, x0, 0          x10=00000000
22194887ns          417977 1c00afca 00008067 jalr             x0, x1, 0            x1:1c00b072
22194948ns          417980 1c00b072 31f52563 p.beqimm         x10, 778            x10:00000000
22194968ns          417981 1c00b076 001d8d93 addi             x27, x27, 1         x27=00000006 x27:00000005
22194988ns          417982 1c00b078 00044503 lbu              x10, 0(x8)          x10=00000020  x8:1c0000ae  PA:1c0000ae
22195289ns          417997 1c00b07c 00140413 addi             x8, x8, 1            x8=1c0000af  x8:1c0000ae
22195309ns          417998 1c00b07e fe0514e3 bne              x10, x0, -24        x10:00000020
22195389ns          418002 1c00b066 02500793 addi             x15, x0, 37         x15=00000025
22195409ns          418003 1c00b06a 04f50863 beq              x10, x15, 80        x10:00000020 x15:00000025
22195429ns          418004 1c00b06e 01a005b3 add              x11, x0, x26        x11=00000002 x26:00000002
22195449ns          418005 1c00b070 000b00e7 jalr             x1, x22, 0           x1=1c00b072 x22:1c00afa4
22195489ns          418007 1c00afa4 000026b7 lui              x13, 0x2000         x13=00002000
22195510ns          418008 1c00afa6 f14027f3 csrrs            x15, x0, 0xf14      x15=00000001
22195530ns          418009 1c00afaa f8068693 addi             x13, x13, -128      x13=00001f80 x13:00002000
22195550ns          418010 1c00afae 00379713 slli             x14, x15, 0x3       x14=00000008 x15:00000001
22195570ns          418011 1c00afb2 00279793 slli             x15, x15, 0x2       x15=00000004 x15:00000001
22195590ns          418012 1c00afb4 00d7f7b3 and              x15, x15, x13       x15=00000000 x15:00000004 x13:00001f80
22195610ns          418013 1c00afb6 ee873733 p.bclr           x14, x14, 23, 8     x14=00000008 x14:00000008
22195630ns          418014 1c00afba 1a10f6b7 lui              x13, 0x1a10f000     x13=1a10f000
22195650ns          418015 1c00afbe 0ff57513 andi             x10, x10, 255       x10=00000020 x10:00000020
22195670ns          418016 1c00afc2 00d70733 add              x14, x14, x13       x14=1a10f008 x14:00000008 x13:1a10f000
22195690ns          418017 1c00afc4 00a7e723 p.sw             x10, x0(x15)        x10:00000020 x15:00000000  PA:1a10f008
22196011ns          418033 1c00afc8 00000513 addi             x10, x0, 0          x10=00000000
22196031ns          418034 1c00afca 00008067 jalr             x0, x1, 0            x1:1c00b072
22196091ns          418037 1c00b072 31f52563 p.beqimm         x10, 778            x10:00000000
22196111ns          418038 1c00b076 001d8d93 addi             x27, x27, 1         x27=00000007 x27:00000006
22196132ns          418039 1c00b078 00044503 lbu              x10, 0(x8)          x10=00000070  x8:1c0000af  PA:1c0000af
22196433ns          418054 1c00b07c 00140413 addi             x8, x8, 1            x8=1c0000b0  x8:1c0000af
22196453ns          418055 1c00b07e fe0514e3 bne              x10, x0, -24        x10:00000070
22196533ns          418059 1c00b066 02500793 addi             x15, x0, 37         x15=00000025
22196553ns          418060 1c00b06a 04f50863 beq              x10, x15, 80        x10:00000070 x15:00000025
22196573ns          418061 1c00b06e 01a005b3 add              x11, x0, x26        x11=00000002 x26:00000002
22196593ns          418062 1c00b070 000b00e7 jalr             x1, x22, 0           x1=1c00b072 x22:1c00afa4
22196633ns          418064 1c00afa4 000026b7 lui              x13, 0x2000         x13=00002000
22196653ns          418065 1c00afa6 f14027f3 csrrs            x15, x0, 0xf14      x15=00000001
22196673ns          418066 1c00afaa f8068693 addi             x13, x13, -128      x13=00001f80 x13:00002000
22196693ns          418067 1c00afae 00379713 slli             x14, x15, 0x3       x14=00000008 x15:00000001
22196713ns          418068 1c00afb2 00279793 slli             x15, x15, 0x2       x15=00000004 x15:00000001
22196734ns          418069 1c00afb4 00d7f7b3 and              x15, x15, x13       x15=00000000 x15:00000004 x13:00001f80
22196754ns          418070 1c00afb6 ee873733 p.bclr           x14, x14, 23, 8     x14=00000008 x14:00000008
22196774ns          418071 1c00afba 1a10f6b7 lui              x13, 0x1a10f000     x13=1a10f000
22196794ns          418072 1c00afbe 0ff57513 andi             x10, x10, 255       x10=00000070 x10:00000070
22196814ns          418073 1c00afc2 00d70733 add              x14, x14, x13       x14=1a10f008 x14:00000008 x13:1a10f000
22196834ns          418074 1c00afc4 00a7e723 p.sw             x10, x0(x15)        x10:00000070 x15:00000000  PA:1a10f008
22197155ns          418090 1c00afc8 00000513 addi             x10, x0, 0          x10=00000000
22197175ns          418091 1c00afca 00008067 jalr             x0, x1, 0            x1:1c00b072
22197235ns          418094 1c00b072 31f52563 p.beqimm         x10, 778            x10:00000000
22197255ns          418095 1c00b076 001d8d93 addi             x27, x27, 1         x27=00000008 x27:00000007
22197275ns          418096 1c00b078 00044503 lbu              x10, 0(x8)          x10=00000061  x8:1c0000b0  PA:1c0000b0
22197596ns          418112 1c00b07c 00140413 addi             x8, x8, 1            x8=1c0000b1  x8:1c0000b0
22197616ns          418113 1c00b07e fe0514e3 bne              x10, x0, -24        x10:00000061
22197697ns          418117 1c00b066 02500793 addi             x15, x0, 37         x15=00000025
22197717ns          418118 1c00b06a 04f50863 beq              x10, x15, 80        x10:00000061 x15:00000025
22197737ns          418119 1c00b06e 01a005b3 add              x11, x0, x26        x11=00000002 x26:00000002
22197757ns          418120 1c00b070 000b00e7 jalr             x1, x22, 0           x1=1c00b072 x22:1c00afa4
22197797ns          418122 1c00afa4 000026b7 lui              x13, 0x2000         x13=00002000
22197817ns          418123 1c00afa6 f14027f3 csrrs            x15, x0, 0xf14      x15=00000001
22197837ns          418124 1c00afaa f8068693 addi             x13, x13, -128      x13=00001f80 x13:00002000
22197857ns          418125 1c00afae 00379713 slli             x14, x15, 0x3       x14=00000008 x15:00000001
22197877ns          418126 1c00afb2 00279793 slli             x15, x15, 0x2       x15=00000004 x15:00000001
22197897ns          418127 1c00afb4 00d7f7b3 and              x15, x15, x13       x15=00000000 x15:00000004 x13:00001f80
22197917ns          418128 1c00afb6 ee873733 p.bclr           x14, x14, 23, 8     x14=00000008 x14:00000008
22197937ns          418129 1c00afba 1a10f6b7 lui              x13, 0x1a10f000     x13=1a10f000
22197957ns          418130 1c00afbe 0ff57513 andi             x10, x10, 255       x10=00000061 x10:00000061
22197978ns          418131 1c00afc2 00d70733 add              x14, x14, x13       x14=1a10f008 x14:00000008 x13:1a10f000
22197998ns          418132 1c00afc4 00a7e723 p.sw             x10, x0(x15)        x10:00000061 x15:00000000  PA:1a10f008
22198319ns          418148 1c00afc8 00000513 addi             x10, x0, 0          x10=00000000
22198339ns          418149 1c00afca 00008067 jalr             x0, x1, 0            x1:1c00b072
22198399ns          418152 1c00b072 31f52563 p.beqimm         x10, 778            x10:00000000
22198419ns          418153 1c00b076 001d8d93 addi             x27, x27, 1         x27=00000009 x27:00000008
22198439ns          418154 1c00b078 00044503 lbu              x10, 0(x8)          x10=00000073  x8:1c0000b1  PA:1c0000b1
22198740ns          418169 1c00b07c 00140413 addi             x8, x8, 1            x8=1c0000b2  x8:1c0000b1
22198760ns          418170 1c00b07e fe0514e3 bne              x10, x0, -24        x10:00000073
22198840ns          418174 1c00b066 02500793 addi             x15, x0, 37         x15=00000025
22198860ns          418175 1c00b06a 04f50863 beq              x10, x15, 80        x10:00000073 x15:00000025
22198880ns          418176 1c00b06e 01a005b3 add              x11, x0, x26        x11=00000002 x26:00000002
22198901ns          418177 1c00b070 000b00e7 jalr             x1, x22, 0           x1=1c00b072 x22:1c00afa4
22198941ns          418179 1c00afa4 000026b7 lui              x13, 0x2000         x13=00002000
22198961ns          418180 1c00afa6 f14027f3 csrrs            x15, x0, 0xf14      x15=00000001
22198981ns          418181 1c00afaa f8068693 addi             x13, x13, -128      x13=00001f80 x13:00002000
22199001ns          418182 1c00afae 00379713 slli             x14, x15, 0x3       x14=00000008 x15:00000001
22199021ns          418183 1c00afb2 00279793 slli             x15, x15, 0x2       x15=00000004 x15:00000001
22199041ns          418184 1c00afb4 00d7f7b3 and              x15, x15, x13       x15=00000000 x15:00000004 x13:00001f80
22199061ns          418185 1c00afb6 ee873733 p.bclr           x14, x14, 23, 8     x14=00000008 x14:00000008
22199081ns          418186 1c00afba 1a10f6b7 lui              x13, 0x1a10f000     x13=1a10f000
22199101ns          418187 1c00afbe 0ff57513 andi             x10, x10, 255       x10=00000073 x10:00000073
22199121ns          418188 1c00afc2 00d70733 add              x14, x14, x13       x14=1a10f008 x14:00000008 x13:1a10f000
22199141ns          418189 1c00afc4 00a7e723 p.sw             x10, x0(x15)        x10:00000073 x15:00000000  PA:1a10f008
22199462ns          418205 1c00afc8 00000513 addi             x10, x0, 0          x10=00000000
22199482ns          418206 1c00afca 00008067 jalr             x0, x1, 0            x1:1c00b072
22199543ns          418209 1c00b072 31f52563 p.beqimm         x10, 778            x10:00000000
22199563ns          418210 1c00b076 001d8d93 addi             x27, x27, 1         x27=0000000a x27:00000009
22199583ns          418211 1c00b078 00044503 lbu              x10, 0(x8)          x10=00000073  x8:1c0000b2  PA:1c0000b2
22199884ns          418226 1c00b07c 00140413 addi             x8, x8, 1            x8=1c0000b3  x8:1c0000b2
22199904ns          418227 1c00b07e fe0514e3 bne              x10, x0, -24        x10:00000073
22199984ns          418231 1c00b066 02500793 addi             x15, x0, 37         x15=00000025
22200004ns          418232 1c00b06a 04f50863 beq              x10, x15, 80        x10:00000073 x15:00000025
22200024ns          418233 1c00b06e 01a005b3 add              x11, x0, x26        x11=00000002 x26:00000002
22200044ns          418234 1c00b070 000b00e7 jalr             x1, x22, 0           x1=1c00b072 x22:1c00afa4
22200084ns          418236 1c00afa4 000026b7 lui              x13, 0x2000         x13=00002000
22200104ns          418237 1c00afa6 f14027f3 csrrs            x15, x0, 0xf14      x15=00000001
22200125ns          418238 1c00afaa f8068693 addi             x13, x13, -128      x13=00001f80 x13:00002000
22200145ns          418239 1c00afae 00379713 slli             x14, x15, 0x3       x14=00000008 x15:00000001
22200165ns          418240 1c00afb2 00279793 slli             x15, x15, 0x2       x15=00000004 x15:00000001
22200185ns          418241 1c00afb4 00d7f7b3 and              x15, x15, x13       x15=00000000 x15:00000004 x13:00001f80
22200205ns          418242 1c00afb6 ee873733 p.bclr           x14, x14, 23, 8     x14=00000008 x14:00000008
22200225ns          418243 1c00afba 1a10f6b7 lui              x13, 0x1a10f000     x13=1a10f000
22200245ns          418244 1c00afbe 0ff57513 andi             x10, x10, 255       x10=00000073 x10:00000073
22200265ns          418245 1c00afc2 00d70733 add              x14, x14, x13       x14=1a10f008 x14:00000008 x13:1a10f000
22200285ns          418246 1c00afc4 00a7e723 p.sw             x10, x0(x15)        x10:00000073 x15:00000000  PA:1a10f008
22200606ns          418262 1c00afc8 00000513 addi             x10, x0, 0          x10=00000000
22200626ns          418263 1c00afca 00008067 jalr             x0, x1, 0            x1:1c00b072
22200686ns          418266 1c00b072 31f52563 p.beqimm         x10, 778            x10:00000000
22200706ns          418267 1c00b076 001d8d93 addi             x27, x27, 1         x27=0000000b x27:0000000a
22200727ns          418268 1c00b078 00044503 lbu              x10, 0(x8)          x10=00000065  x8:1c0000b3  PA:1c0000b3
22201027ns          418283 1c00b07c 00140413 addi             x8, x8, 1            x8=1c0000b4  x8:1c0000b3
22201048ns          418284 1c00b07e fe0514e3 bne              x10, x0, -24        x10:00000065
22201128ns          418288 1c00b066 02500793 addi             x15, x0, 37         x15=00000025
22201148ns          418289 1c00b06a 04f50863 beq              x10, x15, 80        x10:00000065 x15:00000025
22201168ns          418290 1c00b06e 01a005b3 add              x11, x0, x26        x11=00000002 x26:00000002
22201188ns          418291 1c00b070 000b00e7 jalr             x1, x22, 0           x1=1c00b072 x22:1c00afa4
22201228ns          418293 1c00afa4 000026b7 lui              x13, 0x2000         x13=00002000
22201248ns          418294 1c00afa6 f14027f3 csrrs            x15, x0, 0xf14      x15=00000001
22201268ns          418295 1c00afaa f8068693 addi             x13, x13, -128      x13=00001f80 x13:00002000
22201288ns          418296 1c00afae 00379713 slli             x14, x15, 0x3       x14=00000008 x15:00000001
22201308ns          418297 1c00afb2 00279793 slli             x15, x15, 0x2       x15=00000004 x15:00000001
22201328ns          418298 1c00afb4 00d7f7b3 and              x15, x15, x13       x15=00000000 x15:00000004 x13:00001f80
22201349ns          418299 1c00afb6 ee873733 p.bclr           x14, x14, 23, 8     x14=00000008 x14:00000008
22201369ns          418300 1c00afba 1a10f6b7 lui              x13, 0x1a10f000     x13=1a10f000
22201389ns          418301 1c00afbe 0ff57513 andi             x10, x10, 255       x10=00000065 x10:00000065
22201409ns          418302 1c00afc2 00d70733 add              x14, x14, x13       x14=1a10f008 x14:00000008 x13:1a10f000
22201429ns          418303 1c00afc4 00a7e723 p.sw             x10, x0(x15)        x10:00000065 x15:00000000  PA:1a10f008
22201750ns          418319 1c00afc8 00000513 addi             x10, x0, 0          x10=00000000
22201770ns          418320 1c00afca 00008067 jalr             x0, x1, 0            x1:1c00b072
22201830ns          418323 1c00b072 31f52563 p.beqimm         x10, 778            x10:00000000
22201850ns          418324 1c00b076 001d8d93 addi             x27, x27, 1         x27=0000000c x27:0000000b
22201870ns          418325 1c00b078 00044503 lbu              x10, 0(x8)          x10=00000064  x8:1c0000b4  PA:1c0000b4
22202171ns          418340 1c00b07c 00140413 addi             x8, x8, 1            x8=1c0000b5  x8:1c0000b4
22202191ns          418341 1c00b07e fe0514e3 bne              x10, x0, -24        x10:00000064
22202272ns          418345 1c00b066 02500793 addi             x15, x0, 37         x15=00000025
22202292ns          418346 1c00b06a 04f50863 beq              x10, x15, 80        x10:00000064 x15:00000025
22202312ns          418347 1c00b06e 01a005b3 add              x11, x0, x26        x11=00000002 x26:00000002
22202332ns          418348 1c00b070 000b00e7 jalr             x1, x22, 0           x1=1c00b072 x22:1c00afa4
22202372ns          418350 1c00afa4 000026b7 lui              x13, 0x2000         x13=00002000
22202392ns          418351 1c00afa6 f14027f3 csrrs            x15, x0, 0xf14      x15=00000001
22202412ns          418352 1c00afaa f8068693 addi             x13, x13, -128      x13=00001f80 x13:00002000
22202432ns          418353 1c00afae 00379713 slli             x14, x15, 0x3       x14=00000008 x15:00000001
22202452ns          418354 1c00afb2 00279793 slli             x15, x15, 0x2       x15=00000004 x15:00000001
22202472ns          418355 1c00afb4 00d7f7b3 and              x15, x15, x13       x15=00000000 x15:00000004 x13:00001f80
22202492ns          418356 1c00afb6 ee873733 p.bclr           x14, x14, 23, 8     x14=00000008 x14:00000008
22202512ns          418357 1c00afba 1a10f6b7 lui              x13, 0x1a10f000     x13=1a10f000
22202532ns          418358 1c00afbe 0ff57513 andi             x10, x10, 255       x10=00000064 x10:00000064
22202552ns          418359 1c00afc2 00d70733 add              x14, x14, x13       x14=1a10f008 x14:00000008 x13:1a10f000
22202573ns          418360 1c00afc4 00a7e723 p.sw             x10, x0(x15)        x10:00000064 x15:00000000  PA:1a10f008
22202894ns          418376 1c00afc8 00000513 addi             x10, x0, 0          x10=00000000
22202914ns          418377 1c00afca 00008067 jalr             x0, x1, 0            x1:1c00b072
22202974ns          418380 1c00b072 31f52563 p.beqimm         x10, 778            x10:00000000
22202994ns          418381 1c00b076 001d8d93 addi             x27, x27, 1         x27=0000000d x27:0000000c
22203014ns          418382 1c00b078 00044503 lbu              x10, 0(x8)          x10=00000020  x8:1c0000b5  PA:1c0000b5
22203315ns          418397 1c00b07c 00140413 addi             x8, x8, 1            x8=1c0000b6  x8:1c0000b5
22203335ns          418398 1c00b07e fe0514e3 bne              x10, x0, -24        x10:00000020
22203415ns          418402 1c00b066 02500793 addi             x15, x0, 37         x15=00000025
22203435ns          418403 1c00b06a 04f50863 beq              x10, x15, 80        x10:00000020 x15:00000025
22203455ns          418404 1c00b06e 01a005b3 add              x11, x0, x26        x11=00000002 x26:00000002
22203475ns          418405 1c00b070 000b00e7 jalr             x1, x22, 0           x1=1c00b072 x22:1c00afa4
22203516ns          418407 1c00afa4 000026b7 lui              x13, 0x2000         x13=00002000
22203536ns          418408 1c00afa6 f14027f3 csrrs            x15, x0, 0xf14      x15=00000001
22203556ns          418409 1c00afaa f8068693 addi             x13, x13, -128      x13=00001f80 x13:00002000
22203576ns          418410 1c00afae 00379713 slli             x14, x15, 0x3       x14=00000008 x15:00000001
22203596ns          418411 1c00afb2 00279793 slli             x15, x15, 0x2       x15=00000004 x15:00000001
22203616ns          418412 1c00afb4 00d7f7b3 and              x15, x15, x13       x15=00000000 x15:00000004 x13:00001f80
22203636ns          418413 1c00afb6 ee873733 p.bclr           x14, x14, 23, 8     x14=00000008 x14:00000008
22203656ns          418414 1c00afba 1a10f6b7 lui              x13, 0x1a10f000     x13=1a10f000
22203676ns          418415 1c00afbe 0ff57513 andi             x10, x10, 255       x10=00000020 x10:00000020
22203696ns          418416 1c00afc2 00d70733 add              x14, x14, x13       x14=1a10f008 x14:00000008 x13:1a10f000
22203716ns          418417 1c00afc4 00a7e723 p.sw             x10, x0(x15)        x10:00000020 x15:00000000  PA:1a10f008
22204037ns          418433 1c00afc8 00000513 addi             x10, x0, 0          x10=00000000
22204057ns          418434 1c00afca 00008067 jalr             x0, x1, 0            x1:1c00b072
22204118ns          418437 1c00b072 31f52563 p.beqimm         x10, 778            x10:00000000
22204138ns          418438 1c00b076 001d8d93 addi             x27, x27, 1         x27=0000000e x27:0000000d
22204158ns          418439 1c00b078 00044503 lbu              x10, 0(x8)          x10=0000006f  x8:1c0000b6  PA:1c0000b6
22204459ns          418454 1c00b07c 00140413 addi             x8, x8, 1            x8=1c0000b7  x8:1c0000b6
22204479ns          418455 1c00b07e fe0514e3 bne              x10, x0, -24        x10:0000006f
22204559ns          418459 1c00b066 02500793 addi             x15, x0, 37         x15=00000025
22204579ns          418460 1c00b06a 04f50863 beq              x10, x15, 80        x10:0000006f x15:00000025
22204599ns          418461 1c00b06e 01a005b3 add              x11, x0, x26        x11=00000002 x26:00000002
22204619ns          418462 1c00b070 000b00e7 jalr             x1, x22, 0           x1=1c00b072 x22:1c00afa4
22204659ns          418464 1c00afa4 000026b7 lui              x13, 0x2000         x13=00002000
22204679ns          418465 1c00afa6 f14027f3 csrrs            x15, x0, 0xf14      x15=00000001
22204699ns          418466 1c00afaa f8068693 addi             x13, x13, -128      x13=00001f80 x13:00002000
22204720ns          418467 1c00afae 00379713 slli             x14, x15, 0x3       x14=00000008 x15:00000001
22204740ns          418468 1c00afb2 00279793 slli             x15, x15, 0x2       x15=00000004 x15:00000001
22204760ns          418469 1c00afb4 00d7f7b3 and              x15, x15, x13       x15=00000000 x15:00000004 x13:00001f80
22204780ns          418470 1c00afb6 ee873733 p.bclr           x14, x14, 23, 8     x14=00000008 x14:00000008
22204800ns          418471 1c00afba 1a10f6b7 lui              x13, 0x1a10f000     x13=1a10f000
22204820ns          418472 1c00afbe 0ff57513 andi             x10, x10, 255       x10=0000006f x10:0000006f
22204840ns          418473 1c00afc2 00d70733 add              x14, x14, x13       x14=1a10f008 x14:00000008 x13:1a10f000
22204860ns          418474 1c00afc4 00a7e723 p.sw             x10, x0(x15)        x10:0000006f x15:00000000  PA:1a10f008
22205181ns          418490 1c00afc8 00000513 addi             x10, x0, 0          x10=00000000
22205201ns          418491 1c00afca 00008067 jalr             x0, x1, 0            x1:1c00b072
22205261ns          418494 1c00b072 31f52563 p.beqimm         x10, 778            x10:00000000
22205281ns          418495 1c00b076 001d8d93 addi             x27, x27, 1         x27=0000000f x27:0000000e
22205301ns          418496 1c00b078 00044503 lbu              x10, 0(x8)          x10=0000006e  x8:1c0000b7  PA:1c0000b7
22205602ns          418511 1c00b07c 00140413 addi             x8, x8, 1            x8=1c0000b8  x8:1c0000b7
22205622ns          418512 1c00b07e fe0514e3 bne              x10, x0, -24        x10:0000006e
22205703ns          418516 1c00b066 02500793 addi             x15, x0, 37         x15=00000025
22205723ns          418517 1c00b06a 04f50863 beq              x10, x15, 80        x10:0000006e x15:00000025
22205743ns          418518 1c00b06e 01a005b3 add              x11, x0, x26        x11=00000002 x26:00000002
22205763ns          418519 1c00b070 000b00e7 jalr             x1, x22, 0           x1=1c00b072 x22:1c00afa4
22205803ns          418521 1c00afa4 000026b7 lui              x13, 0x2000         x13=00002000
22205823ns          418522 1c00afa6 f14027f3 csrrs            x15, x0, 0xf14      x15=00000001
22205843ns          418523 1c00afaa f8068693 addi             x13, x13, -128      x13=00001f80 x13:00002000
22205863ns          418524 1c00afae 00379713 slli             x14, x15, 0x3       x14=00000008 x15:00000001
22205883ns          418525 1c00afb2 00279793 slli             x15, x15, 0x2       x15=00000004 x15:00000001
22205903ns          418526 1c00afb4 00d7f7b3 and              x15, x15, x13       x15=00000000 x15:00000004 x13:00001f80
22205923ns          418527 1c00afb6 ee873733 p.bclr           x14, x14, 23, 8     x14=00000008 x14:00000008
22205944ns          418528 1c00afba 1a10f6b7 lui              x13, 0x1a10f000     x13=1a10f000
22205964ns          418529 1c00afbe 0ff57513 andi             x10, x10, 255       x10=0000006e x10:0000006e
22205984ns          418530 1c00afc2 00d70733 add              x14, x14, x13       x14=1a10f008 x14:00000008 x13:1a10f000
22206004ns          418531 1c00afc4 00a7e723 p.sw             x10, x0(x15)        x10:0000006e x15:00000000  PA:1a10f008
22206325ns          418547 1c00afc8 00000513 addi             x10, x0, 0          x10=00000000
22206345ns          418548 1c00afca 00008067 jalr             x0, x1, 0            x1:1c00b072
22206405ns          418551 1c00b072 31f52563 p.beqimm         x10, 778            x10:00000000
22206425ns          418552 1c00b076 001d8d93 addi             x27, x27, 1         x27=00000010 x27:0000000f
22206445ns          418553 1c00b078 00044503 lbu              x10, 0(x8)          x10=00000020  x8:1c0000b8  PA:1c0000b8
22206746ns          418568 1c00b07c 00140413 addi             x8, x8, 1            x8=1c0000b9  x8:1c0000b8
22206766ns          418569 1c00b07e fe0514e3 bne              x10, x0, -24        x10:00000020
22206846ns          418573 1c00b066 02500793 addi             x15, x0, 37         x15=00000025
22206867ns          418574 1c00b06a 04f50863 beq              x10, x15, 80        x10:00000020 x15:00000025
22206887ns          418575 1c00b06e 01a005b3 add              x11, x0, x26        x11=00000002 x26:00000002
22206907ns          418576 1c00b070 000b00e7 jalr             x1, x22, 0           x1=1c00b072 x22:1c00afa4
22206947ns          418578 1c00afa4 000026b7 lui              x13, 0x2000         x13=00002000
22206967ns          418579 1c00afa6 f14027f3 csrrs            x15, x0, 0xf14      x15=00000001
22206987ns          418580 1c00afaa f8068693 addi             x13, x13, -128      x13=00001f80 x13:00002000
22207007ns          418581 1c00afae 00379713 slli             x14, x15, 0x3       x14=00000008 x15:00000001
22207027ns          418582 1c00afb2 00279793 slli             x15, x15, 0x2       x15=00000004 x15:00000001
22207047ns          418583 1c00afb4 00d7f7b3 and              x15, x15, x13       x15=00000000 x15:00000004 x13:00001f80
22207067ns          418584 1c00afb6 ee873733 p.bclr           x14, x14, 23, 8     x14=00000008 x14:00000008
22207087ns          418585 1c00afba 1a10f6b7 lui              x13, 0x1a10f000     x13=1a10f000
22207107ns          418586 1c00afbe 0ff57513 andi             x10, x10, 255       x10=00000020 x10:00000020
22207127ns          418587 1c00afc2 00d70733 add              x14, x14, x13       x14=1a10f008 x14:00000008 x13:1a10f000
22207147ns          418588 1c00afc4 00a7e723 p.sw             x10, x0(x15)        x10:00000020 x15:00000000  PA:1a10f008
22207468ns          418604 1c00afc8 00000513 addi             x10, x0, 0          x10=00000000
22207489ns          418605 1c00afca 00008067 jalr             x0, x1, 0            x1:1c00b072
22207549ns          418608 1c00b072 31f52563 p.beqimm         x10, 778            x10:00000000
22207569ns          418609 1c00b076 001d8d93 addi             x27, x27, 1         x27=00000011 x27:00000010
22207589ns          418610 1c00b078 00044503 lbu              x10, 0(x8)          x10=00000063  x8:1c0000b9  PA:1c0000b9
22207890ns          418625 1c00b07c 00140413 addi             x8, x8, 1            x8=1c0000ba  x8:1c0000b9
22207910ns          418626 1c00b07e fe0514e3 bne              x10, x0, -24        x10:00000063
22207990ns          418630 1c00b066 02500793 addi             x15, x0, 37         x15=00000025
22208010ns          418631 1c00b06a 04f50863 beq              x10, x15, 80        x10:00000063 x15:00000025
22208030ns          418632 1c00b06e 01a005b3 add              x11, x0, x26        x11=00000002 x26:00000002
22208050ns          418633 1c00b070 000b00e7 jalr             x1, x22, 0           x1=1c00b072 x22:1c00afa4
22208090ns          418635 1c00afa4 000026b7 lui              x13, 0x2000         x13=00002000
22208111ns          418636 1c00afa6 f14027f3 csrrs            x15, x0, 0xf14      x15=00000001
22208131ns          418637 1c00afaa f8068693 addi             x13, x13, -128      x13=00001f80 x13:00002000
22208151ns          418638 1c00afae 00379713 slli             x14, x15, 0x3       x14=00000008 x15:00000001
22208171ns          418639 1c00afb2 00279793 slli             x15, x15, 0x2       x15=00000004 x15:00000001
22208191ns          418640 1c00afb4 00d7f7b3 and              x15, x15, x13       x15=00000000 x15:00000004 x13:00001f80
22208211ns          418641 1c00afb6 ee873733 p.bclr           x14, x14, 23, 8     x14=00000008 x14:00000008
22208231ns          418642 1c00afba 1a10f6b7 lui              x13, 0x1a10f000     x13=1a10f000
22208251ns          418643 1c00afbe 0ff57513 andi             x10, x10, 255       x10=00000063 x10:00000063
22208271ns          418644 1c00afc2 00d70733 add              x14, x14, x13       x14=1a10f008 x14:00000008 x13:1a10f000
22208291ns          418645 1c00afc4 00a7e723 p.sw             x10, x0(x15)        x10:00000063 x15:00000000  PA:1a10f008
22208612ns          418661 1c00afc8 00000513 addi             x10, x0, 0          x10=00000000
22208632ns          418662 1c00afca 00008067 jalr             x0, x1, 0            x1:1c00b072
22208692ns          418665 1c00b072 31f52563 p.beqimm         x10, 778            x10:00000000
22208713ns          418666 1c00b076 001d8d93 addi             x27, x27, 1         x27=00000012 x27:00000011
22208733ns          418667 1c00b078 00044503 lbu              x10, 0(x8)          x10=0000006f  x8:1c0000ba  PA:1c0000ba
22209034ns          418682 1c00b07c 00140413 addi             x8, x8, 1            x8=1c0000bb  x8:1c0000ba
22209054ns          418683 1c00b07e fe0514e3 bne              x10, x0, -24        x10:0000006f
22209134ns          418687 1c00b066 02500793 addi             x15, x0, 37         x15=00000025
22209154ns          418688 1c00b06a 04f50863 beq              x10, x15, 80        x10:0000006f x15:00000025
22209174ns          418689 1c00b06e 01a005b3 add              x11, x0, x26        x11=00000002 x26:00000002
22209194ns          418690 1c00b070 000b00e7 jalr             x1, x22, 0           x1=1c00b072 x22:1c00afa4
22209234ns          418692 1c00afa4 000026b7 lui              x13, 0x2000         x13=00002000
22209254ns          418693 1c00afa6 f14027f3 csrrs            x15, x0, 0xf14      x15=00000001
22209274ns          418694 1c00afaa f8068693 addi             x13, x13, -128      x13=00001f80 x13:00002000
22209294ns          418695 1c00afae 00379713 slli             x14, x15, 0x3       x14=00000008 x15:00000001
22209314ns          418696 1c00afb2 00279793 slli             x15, x15, 0x2       x15=00000004 x15:00000001
22209335ns          418697 1c00afb4 00d7f7b3 and              x15, x15, x13       x15=00000000 x15:00000004 x13:00001f80
22209355ns          418698 1c00afb6 ee873733 p.bclr           x14, x14, 23, 8     x14=00000008 x14:00000008
22209375ns          418699 1c00afba 1a10f6b7 lui              x13, 0x1a10f000     x13=1a10f000
22209395ns          418700 1c00afbe 0ff57513 andi             x10, x10, 255       x10=0000006f x10:0000006f
22209415ns          418701 1c00afc2 00d70733 add              x14, x14, x13       x14=1a10f008 x14:00000008 x13:1a10f000
22209435ns          418702 1c00afc4 00a7e723 p.sw             x10, x0(x15)        x10:0000006f x15:00000000  PA:1a10f008
22209756ns          418718 1c00afc8 00000513 addi             x10, x0, 0          x10=00000000
22209776ns          418719 1c00afca 00008067 jalr             x0, x1, 0            x1:1c00b072
22209836ns          418722 1c00b072 31f52563 p.beqimm         x10, 778            x10:00000000
22209856ns          418723 1c00b076 001d8d93 addi             x27, x27, 1         x27=00000013 x27:00000012
22209876ns          418724 1c00b078 00044503 lbu              x10, 0(x8)          x10=00000072  x8:1c0000bb  PA:1c0000bb
22210177ns          418739 1c00b07c 00140413 addi             x8, x8, 1            x8=1c0000bc  x8:1c0000bb
22210197ns          418740 1c00b07e fe0514e3 bne              x10, x0, -24        x10:00000072
22210278ns          418744 1c00b066 02500793 addi             x15, x0, 37         x15=00000025
22210298ns          418745 1c00b06a 04f50863 beq              x10, x15, 80        x10:00000072 x15:00000025
22210318ns          418746 1c00b06e 01a005b3 add              x11, x0, x26        x11=00000002 x26:00000002
22210338ns          418747 1c00b070 000b00e7 jalr             x1, x22, 0           x1=1c00b072 x22:1c00afa4
22210378ns          418749 1c00afa4 000026b7 lui              x13, 0x2000         x13=00002000
22210398ns          418750 1c00afa6 f14027f3 csrrs            x15, x0, 0xf14      x15=00000001
22210418ns          418751 1c00afaa f8068693 addi             x13, x13, -128      x13=00001f80 x13:00002000
22210438ns          418752 1c00afae 00379713 slli             x14, x15, 0x3       x14=00000008 x15:00000001
22210458ns          418753 1c00afb2 00279793 slli             x15, x15, 0x2       x15=00000004 x15:00000001
22210478ns          418754 1c00afb4 00d7f7b3 and              x15, x15, x13       x15=00000000 x15:00000004 x13:00001f80
22210498ns          418755 1c00afb6 ee873733 p.bclr           x14, x14, 23, 8     x14=00000008 x14:00000008
22210518ns          418756 1c00afba 1a10f6b7 lui              x13, 0x1a10f000     x13=1a10f000
22210538ns          418757 1c00afbe 0ff57513 andi             x10, x10, 255       x10=00000072 x10:00000072
22210559ns          418758 1c00afc2 00d70733 add              x14, x14, x13       x14=1a10f008 x14:00000008 x13:1a10f000
22210579ns          418759 1c00afc4 00a7e723 p.sw             x10, x0(x15)        x10:00000072 x15:00000000  PA:1a10f008
22210900ns          418775 1c00afc8 00000513 addi             x10, x0, 0          x10=00000000
22210920ns          418776 1c00afca 00008067 jalr             x0, x1, 0            x1:1c00b072
22210980ns          418779 1c00b072 31f52563 p.beqimm         x10, 778            x10:00000000
22211000ns          418780 1c00b076 001d8d93 addi             x27, x27, 1         x27=00000014 x27:00000013
22211020ns          418781 1c00b078 00044503 lbu              x10, 0(x8)          x10=00000065  x8:1c0000bc  PA:1c0000bc
22211321ns          418796 1c00b07c 00140413 addi             x8, x8, 1            x8=1c0000bd  x8:1c0000bc
22211341ns          418797 1c00b07e fe0514e3 bne              x10, x0, -24        x10:00000065
22211421ns          418801 1c00b066 02500793 addi             x15, x0, 37         x15=00000025
22211441ns          418802 1c00b06a 04f50863 beq              x10, x15, 80        x10:00000065 x15:00000025
22211461ns          418803 1c00b06e 01a005b3 add              x11, x0, x26        x11=00000002 x26:00000002
22211482ns          418804 1c00b070 000b00e7 jalr             x1, x22, 0           x1=1c00b072 x22:1c00afa4
22211522ns          418806 1c00afa4 000026b7 lui              x13, 0x2000         x13=00002000
22211542ns          418807 1c00afa6 f14027f3 csrrs            x15, x0, 0xf14      x15=00000001
22211562ns          418808 1c00afaa f8068693 addi             x13, x13, -128      x13=00001f80 x13:00002000
22211582ns          418809 1c00afae 00379713 slli             x14, x15, 0x3       x14=00000008 x15:00000001
22211602ns          418810 1c00afb2 00279793 slli             x15, x15, 0x2       x15=00000004 x15:00000001
22211622ns          418811 1c00afb4 00d7f7b3 and              x15, x15, x13       x15=00000000 x15:00000004 x13:00001f80
22211642ns          418812 1c00afb6 ee873733 p.bclr           x14, x14, 23, 8     x14=00000008 x14:00000008
22211662ns          418813 1c00afba 1a10f6b7 lui              x13, 0x1a10f000     x13=1a10f000
22211682ns          418814 1c00afbe 0ff57513 andi             x10, x10, 255       x10=00000065 x10:00000065
22211702ns          418815 1c00afc2 00d70733 add              x14, x14, x13       x14=1a10f008 x14:00000008 x13:1a10f000
22211722ns          418816 1c00afc4 00a7e723 p.sw             x10, x0(x15)        x10:00000065 x15:00000000  PA:1a10f008
22212063ns          418833 1c00afc8 00000513 addi             x10, x0, 0          x10=00000000
22212084ns          418834 1c00afca 00008067 jalr             x0, x1, 0            x1:1c00b072
22212144ns          418837 1c00b072 31f52563 p.beqimm         x10, 778            x10:00000000
22212164ns          418838 1c00b076 001d8d93 addi             x27, x27, 1         x27=00000015 x27:00000014
22212184ns          418839 1c00b078 00044503 lbu              x10, 0(x8)          x10=00000020  x8:1c0000bd  PA:1c0000bd
22212485ns          418854 1c00b07c 00140413 addi             x8, x8, 1            x8=1c0000be  x8:1c0000bd
22212505ns          418855 1c00b07e fe0514e3 bne              x10, x0, -24        x10:00000020
22212585ns          418859 1c00b066 02500793 addi             x15, x0, 37         x15=00000025
22212605ns          418860 1c00b06a 04f50863 beq              x10, x15, 80        x10:00000020 x15:00000025
22212625ns          418861 1c00b06e 01a005b3 add              x11, x0, x26        x11=00000002 x26:00000002
22212645ns          418862 1c00b070 000b00e7 jalr             x1, x22, 0           x1=1c00b072 x22:1c00afa4
22212685ns          418864 1c00afa4 000026b7 lui              x13, 0x2000         x13=00002000
22212706ns          418865 1c00afa6 f14027f3 csrrs            x15, x0, 0xf14      x15=00000001
22212726ns          418866 1c00afaa f8068693 addi             x13, x13, -128      x13=00001f80 x13:00002000
22212746ns          418867 1c00afae 00379713 slli             x14, x15, 0x3       x14=00000008 x15:00000001
22212766ns          418868 1c00afb2 00279793 slli             x15, x15, 0x2       x15=00000004 x15:00000001
22212786ns          418869 1c00afb4 00d7f7b3 and              x15, x15, x13       x15=00000000 x15:00000004 x13:00001f80
22212806ns          418870 1c00afb6 ee873733 p.bclr           x14, x14, 23, 8     x14=00000008 x14:00000008
22212826ns          418871 1c00afba 1a10f6b7 lui              x13, 0x1a10f000     x13=1a10f000
22212846ns          418872 1c00afbe 0ff57513 andi             x10, x10, 255       x10=00000020 x10:00000020
22212866ns          418873 1c00afc2 00d70733 add              x14, x14, x13       x14=1a10f008 x14:00000008 x13:1a10f000
22212886ns          418874 1c00afc4 00a7e723 p.sw             x10, x0(x15)        x10:00000020 x15:00000000  PA:1a10f008
22213207ns          418890 1c00afc8 00000513 addi             x10, x0, 0          x10=00000000
22213227ns          418891 1c00afca 00008067 jalr             x0, x1, 0            x1:1c00b072
22213287ns          418894 1c00b072 31f52563 p.beqimm         x10, 778            x10:00000000
22213307ns          418895 1c00b076 001d8d93 addi             x27, x27, 1         x27=00000016 x27:00000015
22213328ns          418896 1c00b078 00044503 lbu              x10, 0(x8)          x10=00000020  x8:1c0000be  PA:1c0000be
22213629ns          418911 1c00b07c 00140413 addi             x8, x8, 1            x8=1c0000bf  x8:1c0000be
22213649ns          418912 1c00b07e fe0514e3 bne              x10, x0, -24        x10:00000020
22213729ns          418916 1c00b066 02500793 addi             x15, x0, 37         x15=00000025
22213749ns          418917 1c00b06a 04f50863 beq              x10, x15, 80        x10:00000020 x15:00000025
22213769ns          418918 1c00b06e 01a005b3 add              x11, x0, x26        x11=00000002 x26:00000002
22213789ns          418919 1c00b070 000b00e7 jalr             x1, x22, 0           x1=1c00b072 x22:1c00afa4
22213829ns          418921 1c00afa4 000026b7 lui              x13, 0x2000         x13=00002000
22213849ns          418922 1c00afa6 f14027f3 csrrs            x15, x0, 0xf14      x15=00000001
22213869ns          418923 1c00afaa f8068693 addi             x13, x13, -128      x13=00001f80 x13:00002000
22213889ns          418924 1c00afae 00379713 slli             x14, x15, 0x3       x14=00000008 x15:00000001
22213909ns          418925 1c00afb2 00279793 slli             x15, x15, 0x2       x15=00000004 x15:00000001
22213930ns          418926 1c00afb4 00d7f7b3 and              x15, x15, x13       x15=00000000 x15:00000004 x13:00001f80
22213950ns          418927 1c00afb6 ee873733 p.bclr           x14, x14, 23, 8     x14=00000008 x14:00000008
22213970ns          418928 1c00afba 1a10f6b7 lui              x13, 0x1a10f000     x13=1a10f000
22213990ns          418929 1c00afbe 0ff57513 andi             x10, x10, 255       x10=00000020 x10:00000020
22214010ns          418930 1c00afc2 00d70733 add              x14, x14, x13       x14=1a10f008 x14:00000008 x13:1a10f000
22214030ns          418931 1c00afc4 00a7e723 p.sw             x10, x0(x15)        x10:00000020 x15:00000000  PA:1a10f008
22214351ns          418947 1c00afc8 00000513 addi             x10, x0, 0          x10=00000000
22214371ns          418948 1c00afca 00008067 jalr             x0, x1, 0            x1:1c00b072
22214431ns          418951 1c00b072 31f52563 p.beqimm         x10, 778            x10:00000000
22214451ns          418952 1c00b076 001d8d93 addi             x27, x27, 1         x27=00000017 x27:00000016
22214471ns          418953 1c00b078 00044503 lbu              x10, 0(x8)          x10=00000025  x8:1c0000bf  PA:1c0000bf
22214772ns          418968 1c00b07c 00140413 addi             x8, x8, 1            x8=1c0000c0  x8:1c0000bf
22214792ns          418969 1c00b07e fe0514e3 bne              x10, x0, -24        x10:00000025
22214873ns          418973 1c00b066 02500793 addi             x15, x0, 37         x15=00000025
22214893ns          418974 1c00b06a 04f50863 beq              x10, x15, 80        x10:00000025 x15:00000025
22215033ns          418981 1c00b0ba 00044483 lbu              x9, 0(x8)            x9=00000064  x8:1c0000c0  PA:1c0000c0
22215374ns          418998 1c00b0be 02000693 addi             x13, x0, 32         x13=00000020
22215394ns          418999 1c00b0c2 00140a93 addi             x21, x8, 1          x21=1c0000c1  x8:1c0000c0
22215414ns          419000 1c00b0c6 009005b3 add              x11, x0, x9         x11=00000064  x9:00000064
22215434ns          419001 1c00b0c8 0c8b8513 addi             x10, x23, 200       x10=1c0000c8 x23:1c000000
22215454ns          419002 1c00b0cc 00d12823 sw               x13, 16(x2)         x13:00000020  x2:10000d38  PA:10000d48
22215475ns          419003 1c00b0ce 00012c23 sw               x0, 24(x2)           x2:10000d38  PA:10000d50
22215495ns          419004 1c00b0d0 00012a23 sw               x0, 20(x2)           x2:10000d38  PA:10000d4c
22215515ns          419005 1c00b0d2 00012e23 sw               x0, 28(x2)           x2:10000d38  PA:10000d54
22215535ns          419006 1c00b0d4 00012623 sw               x0, 12(x2)           x2:10000d38  PA:10000d44
22215555ns          419007 1c00b0d6 02300913 addi             x18, x0, 35         x18=00000023
22215575ns          419008 1c00b0da 02d00a13 addi             x20, x0, 45         x20=0000002d
22215595ns          419009 1c00b0de 015009b3 add              x19, x0, x21        x19=1c0000c1 x21:1c0000c1
22215635ns          419011 1c00b0e0 e97ff0ef jal              x1, -362             x1=1c00b0e2
22215755ns          419017 1c00af76 00054783 lbu              x15, 0(x10)         x15=0000002d x10:1c0000c8  PA:1c0000c8
22216077ns          419033 1c00af7a 0ff5f593 andi             x11, x11, 255       x11=00000064 x11:00000064
22216097ns          419034 1c00af7e 00b78c63 beq              x15, x11, 24        x15:0000002d x11:00000064
22216117ns          419035 1c00af82 00078b63 beq              x15, x0, 22         x15:0000002d
22216137ns          419036 1c00af84 00150793 addi             x15, x10, 1         x15=1c0000c9 x10:1c0000c8
22216157ns          419037 1c00af88 0040006f jal              x0, 4              
22216257ns          419042 1c00af8c 00f00533 add              x10, x0, x15        x10=1c0000c9 x15:1c0000c9
22216277ns          419043 1c00af8e 0017c70b p.lbu            x14, 1(x15!)        x14=0000002b x15=1c0000ca x15:1c0000c9  PA:1c0000c9
22216618ns          419060 1c00af92 feb71ce3 bne              x14, x11, -8        x14:0000002b x11:00000064
22216678ns          419063 1c00af8a 00070763 beq              x14, x0, 14         x14:0000002b
22216699ns          419064 1c00af8c 00f00533 add              x10, x0, x15        x10=1c0000ca x15:1c0000ca
22216719ns          419065 1c00af8e 0017c70b p.lbu            x14, 1(x15!)        x14=00000020 x15=1c0000cb x15:1c0000ca  PA:1c0000ca
22217040ns          419081 1c00af92 feb71ce3 bne              x14, x11, -8        x14:00000020 x11:00000064
22217100ns          419084 1c00af8a 00070763 beq              x14, x0, 14         x14:00000020
22217120ns          419085 1c00af8c 00f00533 add              x10, x0, x15        x10=1c0000cb x15:1c0000cb
22217140ns          419086 1c00af8e 0017c70b p.lbu            x14, 1(x15!)        x14=00000023 x15=1c0000cc x15:1c0000cb  PA:1c0000cb
22217461ns          419102 1c00af92 feb71ce3 bne              x14, x11, -8        x14:00000023 x11:00000064
22217521ns          419105 1c00af8a 00070763 beq              x14, x0, 14         x14:00000023
22217541ns          419106 1c00af8c 00f00533 add              x10, x0, x15        x10=1c0000cc x15:1c0000cc
22217561ns          419107 1c00af8e 0017c70b p.lbu            x14, 1(x15!)        x14=00000030 x15=1c0000cd x15:1c0000cc  PA:1c0000cc
22217882ns          419123 1c00af92 feb71ce3 bne              x14, x11, -8        x14:00000030 x11:00000064
22217943ns          419126 1c00af8a 00070763 beq              x14, x0, 14         x14:00000030
22217963ns          419127 1c00af8c 00f00533 add              x10, x0, x15        x10=1c0000cd x15:1c0000cd
22217983ns          419128 1c00af8e 0017c70b p.lbu            x14, 1(x15!)        x14=00000000 x15=1c0000ce x15:1c0000cd  PA:1c0000cd
22218304ns          419144 1c00af92 feb71ce3 bne              x14, x11, -8        x14:00000000 x11:00000064
22218364ns          419147 1c00af8a 00070763 beq              x14, x0, 14         x14:00000000
22218424ns          419150 1c00af98 0015b593 sltiu            x11, x11, 1         x11=00000000 x11:00000064
22218444ns          419151 1c00af9c 40b005b3 sub              x11, x0, x11        x11=00000000 x11:00000000
22218464ns          419152 1c00afa0 00b57533 and              x10, x10, x11       x10=00000000 x10:1c0000cd x11:00000000
22218484ns          419153 1c00afa2 00008067 jalr             x0, x1, 0            x1:1c00b0e2
22218524ns          419155 1c00b0e2 02050a63 beq              x10, x0, 52         x10:00000000
22218665ns          419162 1c00b116 02a00613 addi             x12, x0, 42         x12=0000002a
22218685ns          419163 1c00b11a 2ac48663 beq              x9, x12, 684         x9:00000064 x12:0000002a
22218745ns          419166 1c00b11e fd048613 addi             x12, x9, -48        x12=00000034  x9:00000064
22218765ns          419167 1c00b122 00900593 addi             x11, x0, 9          x11=00000009
22218785ns          419168 1c00b124 00000913 addi             x18, x0, 0          x18=00000000
22218805ns          419169 1c00b126 28c5f063 bgeu             x11, x12, 640       x11:00000009 x12:00000034
22218825ns          419170 1c00b12a 02e00693 addi             x13, x0, 46         x13=0000002e
22218846ns          419171 1c00b12e fff00a13 addi             x20, x0, -1         x20=ffffffff
22218886ns          419173 1c00b130 2ed48363 beq              x9, x13, 742         x9:00000064 x13:0000002e
22218926ns          419175 1c00b134 1c0007b7 lui              x15, 0x1c000000     x15=1c000000
22218946ns          419176 1c00b138 009005b3 add              x11, x0, x9         x11=00000064  x9:00000064
22218966ns          419177 1c00b13a 0d078513 addi             x10, x15, 208       x10=1c0000d0 x15:1c000000
22218986ns          419178 1c00b13e e39ff0ef jal              x1, -456             x1=1c00b140
22219468ns          419202 1c00af76 00054783 lbu              x15, 0(x10)         x15=00000068 x10:1c0000d0  PA:1c0000d0
22219769ns          419217 1c00af7a 0ff5f593 andi             x11, x11, 255       x11=00000064 x11:00000064
22219789ns          419218 1c00af7e 00b78c63 beq              x15, x11, 24        x15:00000068 x11:00000064
22219809ns          419219 1c00af82 00078b63 beq              x15, x0, 22         x15:00000068
22219829ns          419220 1c00af84 00150793 addi             x15, x10, 1         x15=1c0000d1 x10:1c0000d0
22219849ns          419221 1c00af88 0040006f jal              x0, 4              
22219949ns          419226 1c00af8c 00f00533 add              x10, x0, x15        x10=1c0000d1 x15:1c0000d1
22219969ns          419227 1c00af8e 0017c70b p.lbu            x14, 1(x15!)        x14=0000006c x15=1c0000d2 x15:1c0000d1  PA:1c0000d1
22220290ns          419243 1c00af92 feb71ce3 bne              x14, x11, -8        x14:0000006c x11:00000064
22220350ns          419246 1c00af8a 00070763 beq              x14, x0, 14         x14:0000006c
22220370ns          419247 1c00af8c 00f00533 add              x10, x0, x15        x10=1c0000d2 x15:1c0000d2
22220391ns          419248 1c00af8e 0017c70b p.lbu            x14, 1(x15!)        x14=0000004c x15=1c0000d3 x15:1c0000d2  PA:1c0000d2
22220712ns          419264 1c00af92 feb71ce3 bne              x14, x11, -8        x14:0000004c x11:00000064
22220772ns          419267 1c00af8a 00070763 beq              x14, x0, 14         x14:0000004c
22220792ns          419268 1c00af8c 00f00533 add              x10, x0, x15        x10=1c0000d3 x15:1c0000d3
22220812ns          419269 1c00af8e 0017c70b p.lbu            x14, 1(x15!)        x14=0000007a x15=1c0000d4 x15:1c0000d3  PA:1c0000d3
22221133ns          419285 1c00af92 feb71ce3 bne              x14, x11, -8        x14:0000007a x11:00000064
22221193ns          419288 1c00af8a 00070763 beq              x14, x0, 14         x14:0000007a
22221213ns          419289 1c00af8c 00f00533 add              x10, x0, x15        x10=1c0000d4 x15:1c0000d4
22221233ns          419290 1c00af8e 0017c70b p.lbu            x14, 1(x15!)        x14=00000000 x15=1c0000d5 x15:1c0000d4  PA:1c0000d4
22221554ns          419306 1c00af92 feb71ce3 bne              x14, x11, -8        x14:00000000 x11:00000064
22221615ns          419309 1c00af8a 00070763 beq              x14, x0, 14         x14:00000000
22221675ns          419312 1c00af98 0015b593 sltiu            x11, x11, 1         x11=00000000 x11:00000064
22221695ns          419313 1c00af9c 40b005b3 sub              x11, x0, x11        x11=00000000 x11:00000000
22221715ns          419314 1c00afa0 00b57533 and              x10, x10, x11       x10=00000000 x10:1c0000d4 x11:00000000
22221735ns          419315 1c00afa2 00008067 jalr             x0, x1, 0            x1:1c00b140
22221775ns          419317 1c00b140 01300433 add              x8, x0, x19          x8=1c0000c1 x19:1c0000c1
22221795ns          419318 1c00b142 00050563 beq              x10, x0, 10         x10:00000000
22221855ns          419321 1c00b14c 06700693 addi             x13, x0, 103        x13=00000067
22222317ns          419344 1c00b150 2896d963 bge              x13, x9, 658        x13:00000067  x9:00000064
22222457ns          419351 1c00b3e2 06500693 addi             x13, x0, 101        x13=00000065
22222477ns          419352 1c00b3e6 12d4d563 bge              x9, x13, 298         x9:00000064 x13:00000065
22222497ns          419353 1c00b3ea 04700693 addi             x13, x0, 71         x13=00000047
22222558ns          419356 1c00b3ee dc96cbe3 blt              x13, x9, -554       x13:00000047  x9:00000064
22223039ns          419380 1c00b1c4 06300693 addi             x13, x0, 99         x13=00000063
22223079ns          419382 1c00b1c8 0ad488e3 beq              x9, x13, 2224        x9:00000064 x13:00000063
22223099ns          419383 1c00b1cc 0096c9e3 blt              x13, x9, 2066       x13:00000063  x9:00000064
22223340ns          419395 1c00b9de 000c2583 lw               x11, 0(x24)         x11=00000001 x24:10000e8c  PA:10000e8c
22223360ns          419396 1c00b9e2 004c0c13 addi             x24, x24, 4         x24=10000e90 x24:10000e8c
22223380ns          419397 1c00b9e4 3405cc63 blt              x11, x0, 856        x11:00000001
22223400ns          419398 1c00b9e8 01412603 lw               x12, 20(x2)         x12=00000000  x2:10000d38  PA:10000d4c
22223440ns          419400 1c00b9ea 00b006b3 add              x13, x0, x11        x13=00000001 x11:00000001
22223461ns          419401 1c00b9ec 2e061863 bne              x12, x0, 752        x12:00000000
22223481ns          419402 1c00b9f0 01812703 lw               x14, 24(x2)         x14=00000000  x2:10000d38  PA:10000d50
22223501ns          419403 1c00b9f2 019007b3 add              x15, x0, x25        x15=10000d5c x25:10000d5c
22223521ns          419404 1c00b9f4 00070763 beq              x14, x0, 14         x14:00000000
22223621ns          419409 1c00ba02 00f00733 add              x14, x0, x15        x14=10000d5c x15:10000d5c
22223661ns          419411 1c00ba04 00a00513 addi             x10, x0, 10         x10=0000000a
22223681ns          419412 1c00ba06 02a6f633 remu             x12, x13, x10       x12=00000001 x13:00000001 x10:0000000a
22224303ns          419443 1c00ba0a 02a6d6b3 divu             x13, x13, x10       x13=00000000 x13:00000001 x10:0000000a
22224925ns          419474 1c00ba0e 03060613 addi             x12, x12, 48        x12=00000031 x12:00000001
22224945ns          419475 1c00ba12 00c700ab p.sb             x12, 1(x14!)        x14=10000d5d x12:00000031 x14:10000d5c  PA:10000d5c
22224965ns          419476 1c00ba16 fe0698e3 bne              x13, x0, -16        x13:00000000
22224986ns          419477 1c00ba18 40f706b3 sub              x13, x14, x15       x13=00000001 x14:10000d5d x15:10000d5c
22225006ns          419478 1c00ba1c 0146dc63 bge              x13, x20, 24        x13:00000001 x20:ffffffff
22225427ns          419499 1c00ba34 00e006b3 add              x13, x0, x14        x13=10000d5d x14:10000d5d
22225467ns          419501 1c00ba36 fe068fab p.sb             x0, -1(x13!)        x13=10000d5c x13:10000d5d  PA:10000d5d
22225487ns          419502 1c00ba3a 00d7fc63 bgeu             x15, x13, 24        x15:10000d5c x13:10000d5c
22226009ns          419528 1c00ba52 01412783 lw               x15, 20(x2)         x15=00000000  x2:10000d38  PA:10000d4c
22226049ns          419530 1c00ba54 01812603 lw               x12, 24(x2)         x12=00000000  x2:10000d38  PA:10000d50
22226069ns          419531 1c00ba56 419704b3 sub              x9, x14, x25         x9=00000001 x14:10000d5d x25:10000d5c
22226089ns          419532 1c00ba5a 00c7e7b3 or               x15, x15, x12       x15=00000000 x15:00000000 x12:00000000
22226109ns          419533 1c00ba5c 00f12623 sw               x15, 12(x2)         x15:00000000  x2:10000d38  PA:10000d44
22226129ns          419534 1c00ba5e 00079363 bne              x15, x0, 6          x15:00000000
22226531ns          419554 1c00ba60 01f5d593 srli             x11, x11, 0x1f      x11=00000000 x11:00000001
22226551ns          419555 1c00ba62 00b12623 sw               x11, 12(x2)         x11:00000000  x2:10000d38  PA:10000d44
22226571ns          419556 1c00ba64 e3fa28e3 p.beqimm         x20, -464           x20:ffffffff
22226671ns          419561 1c00b894 0c800793 addi             x15, x0, 200        x15=000000c8
22226711ns          419563 1c00b898 9e97d0e3 bge              x15, x9, -1568      x15:000000c8  x9:00000001
22226872ns          419571 1c00b278 0f24d163 bge              x9, x18, 226         x9:00000001 x18:00000000
22227012ns          419578 1c00b35a d00482e3 beq              x9, x0, -764         x9:00000001
22227032ns          419579 1c00b35e 01900933 add              x18, x0, x25        x18=10000d5c x25:10000d5c
22227072ns          419581 1c00b360 419d8db3 sub              x27, x27, x25       x27=effff2bb x27:00000017 x25:10000d5c
22227112ns          419583 1c00b364 00a0006f jal              x0, 10             
22227213ns          419588 1c00b36e 0019450b p.lbu            x10, 1(x18!)        x10=00000031 x18=10000d5d x18:10000d5c  PA:10000d5c
22227233ns          419589 1c00b372 01a005b3 add              x11, x0, x26        x11=00000002 x26:00000002
22227253ns          419590 1c00b374 000b00e7 jalr             x1, x22, 0           x1=1c00b376 x22:1c00afa4
22227333ns          419594 1c00afa4 000026b7 lui              x13, 0x2000         x13=00002000
22227373ns          419596 1c00afa6 f14027f3 csrrs            x15, x0, 0xf14      x15=00000001
22227393ns          419597 1c00afaa f8068693 addi             x13, x13, -128      x13=00001f80 x13:00002000
22227454ns          419600 1c00afae 00379713 slli             x14, x15, 0x3       x14=00000008 x15:00000001
22227474ns          419601 1c00afb2 00279793 slli             x15, x15, 0x2       x15=00000004 x15:00000001
22227494ns          419602 1c00afb4 00d7f7b3 and              x15, x15, x13       x15=00000000 x15:00000004 x13:00001f80
22227514ns          419603 1c00afb6 ee873733 p.bclr           x14, x14, 23, 8     x14=00000008 x14:00000008
22227534ns          419604 1c00afba 1a10f6b7 lui              x13, 0x1a10f000     x13=1a10f000
22227554ns          419605 1c00afbe 0ff57513 andi             x10, x10, 255       x10=00000031 x10:00000031
22227574ns          419606 1c00afc2 00d70733 add              x14, x14, x13       x14=1a10f008 x14:00000008 x13:1a10f000
22227594ns          419607 1c00afc4 00a7e723 p.sw             x10, x0(x15)        x10:00000031 x15:00000000  PA:1a10f008
22227955ns          419625 1c00afc8 00000513 addi             x10, x0, 0          x10=00000000
22227975ns          419626 1c00afca 00008067 jalr             x0, x1, 0            x1:1c00b376
22228015ns          419628 1c00b376 fff48493 addi             x9, x9, -1           x9=00000000  x9:00000001
22228035ns          419629 1c00b378 fff537e3 p.bneimm         x10, -18            x10:00000000
22228176ns          419636 1c00b366 012d8733 add              x14, x27, x18       x14=00000018 x27:effff2bb x18:10000d5d
22228196ns          419637 1c00b36a 5a048b63 beq              x9, x0, 1462         x9:00000000
22228296ns          419642 1c00b920 00e00db3 add              x27, x0, x14        x27=00000018 x14:00000018
22228336ns          419644 1c00b922 f3cff06f jal              x0, -2244          
22228457ns          419650 1c00b05e 00044503 lbu              x10, 0(x8)          x10=0000000a  x8:1c0000c1  PA:1c0000c1
22228758ns          419665 1c00b062 00140413 addi             x8, x8, 1            x8=1c0000c2  x8:1c0000c1
22228778ns          419666 1c00b064 00050e63 beq              x10, x0, 28         x10:0000000a
22228798ns          419667 1c00b066 02500793 addi             x15, x0, 37         x15=00000025
22228818ns          419668 1c00b06a 04f50863 beq              x10, x15, 80        x10:0000000a x15:00000025
22228838ns          419669 1c00b06e 01a005b3 add              x11, x0, x26        x11=00000002 x26:00000002
22228858ns          419670 1c00b070 000b00e7 jalr             x1, x22, 0           x1=1c00b072 x22:1c00afa4
22228898ns          419672 1c00afa4 000026b7 lui              x13, 0x2000         x13=00002000
22228918ns          419673 1c00afa6 f14027f3 csrrs            x15, x0, 0xf14      x15=00000001
22228938ns          419674 1c00afaa f8068693 addi             x13, x13, -128      x13=00001f80 x13:00002000
22228958ns          419675 1c00afae 00379713 slli             x14, x15, 0x3       x14=00000008 x15:00000001
22228979ns          419676 1c00afb2 00279793 slli             x15, x15, 0x2       x15=00000004 x15:00000001
22228999ns          419677 1c00afb4 00d7f7b3 and              x15, x15, x13       x15=00000000 x15:00000004 x13:00001f80
22229019ns          419678 1c00afb6 ee873733 p.bclr           x14, x14, 23, 8     x14=00000008 x14:00000008
22229039ns          419679 1c00afba 1a10f6b7 lui              x13, 0x1a10f000     x13=1a10f000
22229059ns          419680 1c00afbe 0ff57513 andi             x10, x10, 255       x10=0000000a x10:0000000a
22229079ns          419681 1c00afc2 00d70733 add              x14, x14, x13       x14=1a10f008 x14:00000008 x13:1a10f000
22229099ns          419682 1c00afc4 00a7e723 p.sw             x10, x0(x15)        x10:0000000a x15:00000000  PA:1a10f008
22229480ns          419701 1c00afc8 00000513 addi             x10, x0, 0          x10=00000000
22229500ns          419702 1c00afca 00008067 jalr             x0, x1, 0            x1:1c00b072
22229560ns          419705 1c00b072 31f52563 p.beqimm         x10, 778            x10:00000000
22229580ns          419706 1c00b076 001d8d93 addi             x27, x27, 1         x27=00000019 x27:00000018
22229601ns          419707 1c00b078 00044503 lbu              x10, 0(x8)          x10=00000000  x8:1c0000c2  PA:1c0000c2
22229902ns          419722 1c00b07c 00140413 addi             x8, x8, 1            x8=1c0000c3  x8:1c0000c2
22229922ns          419723 1c00b07e fe0514e3 bne              x10, x0, -24        x10:00000000
22229942ns          419724 1c00b080 01b00433 add              x8, x0, x27          x8=00000019 x27:00000019
22229962ns          419725 1c00b082 00800533 add              x10, x0, x8         x10=00000019  x8:00000019
22229982ns          419726 1c00b084 12c12083 lw               x1, 300(x2)          x1=1c00b010  x2:10000d38  PA:10000e64
22230002ns          419727 1c00b088 12812403 lw               x8, 296(x2)          x8=412678c4  x2:10000d38  PA:10000e60
22230022ns          419728 1c00b08c 12412483 lw               x9, 292(x2)          x9=1c010000  x2:10000d38  PA:10000e5c
22230062ns          419730 1c00b090 12012903 lw               x18, 288(x2)        x18=10000f20  x2:10000d38  PA:10000e58
22230102ns          419732 1c00b094 11c12983 lw               x19, 284(x2)        x19=xxxxxxxx  x2:10000d38  PA:10000e54
22230122ns          419733 1c00b098 11812a03 lw               x20, 280(x2)        x20=xxxxxxxx  x2:10000d38  PA:10000e50
22230142ns          419734 1c00b09c 11412a83 lw               x21, 276(x2)        x21=xxxxxxxx  x2:10000d38  PA:10000e4c
22230203ns          419737 1c00b0a0 11012b03 lw               x22, 272(x2)        x22=xxxxxxxx  x2:10000d38  PA:10000e48
22230243ns          419739 1c00b0a4 10c12b83 lw               x23, 268(x2)        x23=xxxxxxxx  x2:10000d38  PA:10000e44
22230263ns          419740 1c00b0a8 10812c03 lw               x24, 264(x2)        x24=xxxxxxxx  x2:10000d38  PA:10000e40
22230283ns          419741 1c00b0ac 10412c83 lw               x25, 260(x2)        x25=xxxxxxxx  x2:10000d38  PA:10000e3c
22230303ns          419742 1c00b0b0 10012d03 lw               x26, 256(x2)        x26=xxxxxxxx  x2:10000d38  PA:10000e38
22230323ns          419743 1c00b0b4 0fc12d83 lw               x27, 252(x2)        x27=xxxxxxxx  x2:10000d38  PA:10000e34
22230343ns          419744 1c00b0b6 13010113 addi             x2, x2, 304          x2=10000e68  x2:10000d38
22230363ns          419745 1c00b0b8 00008067 jalr             x0, x1, 0            x1:1c00b010
22230504ns          419752 1c00b010 01c12083 lw               x1, 28(x2)           x1=1c00aa1e  x2:10000e68  PA:10000e84
22230524ns          419753 1c00b012 04010113 addi             x2, x2, 64           x2=10000ea8  x2:10000e68
22230564ns          419755 1c00b014 00008067 jalr             x0, x1, 0            x1:1c00aa1e
22230664ns          419760 1c00aa1e 00100413 addi             x8, x0, 1            x8=00000001
22230744ns          419764 1c00aa20 17f010ef jal              x1, 6526             x1=1c00aa24
22230865ns          419770 1c00c39e f14027f3 csrrs            x15, x0, 0xf14      x15=00000001
22230885ns          419771 1c00c3a2 01f00713 addi             x14, x0, 31         x14=0000001f
22230905ns          419772 1c00c3a4 ca5797b3 p.extractu       x15, x15, 5, 5      x15=00000000 x15:00000001
22230925ns          419773 1c00c3a8 00e78863 beq              x15, x14, 16        x15:00000000 x14:0000001f
22230945ns          419774 1c00c3ac 002047b7 lui              x15, 0x204000       x15=00204000
22230985ns          419776 1c00c3b0 20078793 addi             x15, x15, 512       x15=00204200 x15:00204000
22231025ns          419778 1c00c3b4 01c7e703 p.elw            x14, 28(x15)        x14=00010000 x15:00204200  PA:0020421c
22231266ns          419790 1c00c3b8 00008067 jalr             x0, x1, 0            x1:1c00aa24
22231306ns          419792 1c00aa24 00144513 xori             x10, x8, 1          x10=00000000  x8:00000001
22231326ns          419793 1c00aa28 14c12083 lw               x1, 332(x2)          x1=1c00c2ae  x2:10000ea8  PA:10000ff4
22231366ns          419795 1c00aa2c 14812403 lw               x8, 328(x2)          x8=xxxxxxxx  x2:10000ea8  PA:10000ff0
22231788ns          419816 1c00aa30 14412483 lw               x9, 324(x2)          x9=xxxxxxxx  x2:10000ea8  PA:10000fec
22231828ns          419818 1c00aa34 14012903 lw               x18, 320(x2)        x18=xxxxxxxx  x2:10000ea8  PA:10000fe8
22231848ns          419819 1c00aa38 15010113 addi             x2, x2, 336          x2=10000ff8  x2:10000ea8
22231868ns          419820 1c00aa3a 00008067 jalr             x0, x1, 0            x1:1c00c2ae
22233232ns          419888 1c00c2ae f14027f3 csrrs            x15, x0, 0xf14      x15=00000001
22233273ns          419890 1c00c2b2 f457b7b3 p.bclr           x15, x15, 26, 5     x15=00000001 x15:00000001
22233293ns          419891 1c00c2b6 00079963 bne              x15, x0, 18         x15:00000001
22233794ns          419916 1c00c2c8 002047b7 lui              x15, 0x204000       x15=00204000
22233814ns          419917 1c00c2cc fff00713 addi             x14, x0, -1         x14=ffffffff
22233834ns          419918 1c00c2ce 00e7a223 sw               x14, 4(x15)         x14:ffffffff x15:00204000  PA:00204004
