                Time          Cycles PC       Instr    Mnemonic
13586640ns          218819 1c008080 0640006f jal              x0, 100            
13587098ns          218842 1c0080e4 f1402573 csrrs            x10, x0, 0xf14      x10=00000002
13587137ns          218844 1c0080e8 01f57593 andi             x11, x10, 31        x11=00000002 x10:00000002
13587157ns          218845 1c0080ec 00555513 srli             x10, x10, 0x5       x10=00000000 x10:00000002
13587177ns          218846 1c0080ee 01f00613 addi             x12, x0, 31         x12=0000001f
13587615ns          218868 1c0080f0 00c50463 beq              x10, x12, 8         x10:00000000 x12:0000001f
13587655ns          218870 1c0080f4 fa1ff06f jal              x0, -96            
13588112ns          218893 1c008094 f3ff8117 auipc            x2, 0xf3ff8000       x2=10000094
13588152ns          218895 1c008098 f7010113 addi             x2, x2, -144         x2=10000004  x2:10000094
13588172ns          218896 1c00809c 00012103 lw               x2, 0(x2)            x2=10000008  x2:10000004  PA:10000004
13588609ns          218918 1c0080a0 000011b7 lui              x3, 0x1000           x3=00001000
13588649ns          218920 1c0080a4 80018193 addi             x3, x3, -2048        x3=00000800  x3:00001000
13588669ns          218921 1c0080a8 00158593 addi             x11, x11, 1         x11=00000003 x11:00000002
13588689ns          218922 1c0080ac 02b180b3 mul              x1, x3, x11          x1=00001800  x3:00000800 x11:00000003
13589127ns          218944 1c0080b0 00110133 add              x2, x2, x1           x2=10001808  x2:10000008  x1:00001800
13589166ns          218946 1c0080b4 52d0106f jal              x0, 7468           
13589624ns          218969 1c009de0 ff010113 addi             x2, x2, -16          x2=100017f8  x2:10001808
13589644ns          218970 1c009de2 00112623 sw               x1, 12(x2)           x1:00001800  x2:100017f8  PA:10001804
13589664ns          218971 1c009de4 002047b7 lui              x15, 0x204000       x15=00204000
13589683ns          218972 1c009de8 00070737 lui              x14, 0x70000        x14=00070000
13589703ns          218973 1c009dec 00e7a423 sw               x14, 8(x15)         x14:00070000 x15:00204000  PA:00204008
13589723ns          218974 1c009dee 00f00713 addi             x14, x0, 15         x14=0000000f
13590161ns          218996 1c009df0 20078793 addi             x15, x15, 512       x15=00204200 x15:00204000
13590201ns          218998 1c009df4 00e7a023 sw               x14, 0(x15)         x14:0000000f x15:00204200  PA:00204200
13590221ns          218999 1c009df8 00e7a623 sw               x14, 12(x15)        x14:0000000f x15:00204200  PA:0020420c
13590240ns          219000 1c009dfc 1c0017b7 lui              x15, 0x1c001000     x15=1c001000
13590678ns          219022 1c009e00 e947a783 lw               x15, -364(x15)      x15=1c0084ba x15:1c001000  PA:1c000e94
13591016ns          219039 1c009e04 000780e7 jalr             x1, x15, 0           x1=1c009e06 x15:1c0084ba
13591712ns          219074 1c0084ba f14027f3 csrrs            x15, x0, 0xf14      x15=00000002
13592150ns          219096 1c0084be ca579733 p.extractu       x14, x15, 5, 5      x14=00000000 x15:00000002
13592170ns          219097 1c0084c2 00071c63 bne              x14, x0, 24         x14:00000000
13592190ns          219098 1c0084c4 f457b7b3 p.bclr           x15, x15, 26, 5     x15=00000002 x15:00000002
13592210ns          219099 1c0084c8 00078363 beq              x15, x0, 6          x15:00000002
13592229ns          219100 1c0084ca 00000513 addi             x10, x0, 0          x10=00000000
13592249ns          219101 1c0084cc 00008067 jalr             x0, x1, 0            x1:1c009e06
13592727ns          219125 1c009e06 f14027f3 csrrs            x15, x0, 0xf14      x15=00000002
13592747ns          219126 1c009e0a f457b7b3 p.bclr           x15, x15, 26, 5     x15=00000002 x15:00000002
13592767ns          219127 1c009e0e 00079963 bne              x15, x0, 18         x15:00000002
13593343ns          219156 1c009e20 002047b7 lui              x15, 0x204000       x15=00204000
13593383ns          219158 1c009e24 fff00713 addi             x14, x0, -1         x14=ffffffff
13593403ns          219159 1c009e26 00e7a223 sw               x14, 4(x15)         x14:ffffffff x15:00204000  PA:00204004
