                Time          Cycles PC       Instr    Mnemonic
22100861ns          368630 1c008080 0640006f jal              x0, 100            
22101319ns          368653 1c0080e4 f1402573 csrrs            x10, x0, 0xf14      x10=00000003
22101359ns          368655 1c0080e8 01f57593 andi             x11, x10, 31        x11=00000003 x10:00000003
22101379ns          368656 1c0080ec 00555513 srli             x10, x10, 0x5       x10=00000000 x10:00000003
22101398ns          368657 1c0080ee 01f00613 addi             x12, x0, 31         x12=0000001f
22101816ns          368678 1c0080f0 00c50463 beq              x10, x12, 8         x10:00000000 x12:0000001f
22101856ns          368680 1c0080f4 fa1ff06f jal              x0, -96            
22102313ns          368703 1c008094 f3ff8117 auipc            x2, 0xf3ff8000       x2=10000094
22102353ns          368705 1c008098 f7010113 addi             x2, x2, -144         x2=10000004  x2:10000094
22102373ns          368706 1c00809c 00012103 lw               x2, 0(x2)            x2=10000008  x2:10000004  PA:10000004
22102831ns          368729 1c0080a0 000011b7 lui              x3, 0x1000           x3=00001000
22102870ns          368731 1c0080a4 80018193 addi             x3, x3, -2048        x3=00000800  x3:00001000
22102890ns          368732 1c0080a8 00158593 addi             x11, x11, 1         x11=00000004 x11:00000003
22102910ns          368733 1c0080ac 02b180b3 mul              x1, x3, x11          x1=00002000  x3:00000800 x11:00000004
22103348ns          368755 1c0080b0 00110133 add              x2, x2, x1           x2=10002008  x2:10000008  x1:00002000
22103387ns          368757 1c0080b4 7d20406f jal              x0, 18386          
22103845ns          368780 1c00c886 ff010113 addi             x2, x2, -16          x2=10001ff8  x2:10002008
22103885ns          368782 1c00c888 00112623 sw               x1, 12(x2)           x1:00002000  x2:10001ff8  PA:10002004
22103905ns          368783 1c00c88a 002047b7 lui              x15, 0x204000       x15=00204000
22104342ns          368805 1c00c88e 00070737 lui              x14, 0x70000        x14=00070000
22104362ns          368806 1c00c892 00e7a423 sw               x14, 8(x15)         x14:00070000 x15:00204000  PA:00204008
22104382ns          368807 1c00c894 00f00713 addi             x14, x0, 15         x14=0000000f
22104402ns          368808 1c00c896 20078793 addi             x15, x15, 512       x15=00204200 x15:00204000
22104422ns          368809 1c00c89a 00e7a023 sw               x14, 0(x15)         x14:0000000f x15:00204200  PA:00204200
22104859ns          368831 1c00c89e 00e7a623 sw               x14, 12(x15)        x14:0000000f x15:00204200  PA:0020420c
22104899ns          368833 1c00c8a2 1c0017b7 lui              x15, 0x1c001000     x15=1c001000
22104919ns          368834 1c00c8a6 ad47a783 lw               x15, -1324(x15)     x15=1c00aadc x15:1c001000  PA:1c000ad4
22105436ns          368860 1c00c8aa 000780e7 jalr             x1, x15, 0           x1=1c00c8ac x15:1c00aadc
22105854ns          368881 1c00aadc ed010113 addi             x2, x2, -304         x2=10001ec8  x2:10001ff8
22106311ns          368904 1c00aade 12812423 sw               x8, 296(x2)          x8:xxxxxxxx  x2:10001ec8  PA:10001ff0
22106351ns          368906 1c00aae2 12112623 sw               x1, 300(x2)          x1:1c00c8ac  x2:10001ec8  PA:10001ff4
22106371ns          368907 1c00aae6 f1402473 csrrs            x8, x0, 0xf14        x8=00000003
22106391ns          368908 1c00aaea 12912223 sw               x9, 292(x2)          x9:xxxxxxxx  x2:10001ec8  PA:10001fec
22106848ns          368931 1c00aaee 13212023 sw               x18, 288(x2)        x18:xxxxxxxx  x2:10001ec8  PA:10001fe8
22106888ns          368933 1c00aaf2 11312e23 sw               x19, 284(x2)        x19:xxxxxxxx  x2:10001ec8  PA:10001fe4
22106908ns          368934 1c00aaf6 11412c23 sw               x20, 280(x2)        x20:xxxxxxxx  x2:10001ec8  PA:10001fe0
22106928ns          368935 1c00aafa 11512a23 sw               x21, 276(x2)        x21:xxxxxxxx  x2:10001ec8  PA:10001fdc
22107366ns          368957 1c00aafe 11612823 sw               x22, 272(x2)        x22:xxxxxxxx  x2:10001ec8  PA:10001fd8
22107405ns          368959 1c00ab02 11712623 sw               x23, 268(x2)        x23:xxxxxxxx  x2:10001ec8  PA:10001fd4
22107425ns          368960 1c00ab06 11812423 sw               x24, 264(x2)        x24:xxxxxxxx  x2:10001ec8  PA:10001fd0
22107445ns          368961 1c00ab0a 11912223 sw               x25, 260(x2)        x25:xxxxxxxx  x2:10001ec8  PA:10001fcc
22107883ns          368983 1c00ab0e 11a12023 sw               x26, 256(x2)        x26:xxxxxxxx  x2:10001ec8  PA:10001fc8
22107903ns          368984 1c00ab12 0fb12e23 sw               x27, 252(x2)        x27:xxxxxxxx  x2:10001ec8  PA:10001fc4
22107923ns          368985 1c00ab14 ca5417b3 p.extractu       x15, x8, 5, 5       x15=00000000  x8:00000003
22107942ns          368986 1c00ab18 44079c63 bne              x15, x0, 1112       x15:00000000
22107962ns          368987 1c00ab1c f4543433 p.bclr           x8, x8, 26, 5        x8=00000003  x8:00000003
22108400ns          369009 1c00ab20 1c000537 lui              x10, 0x1c000000     x10=1c000000
22108440ns          369011 1c00ab24 00800633 add              x12, x0, x8         x12=00000003  x8:00000003
22108460ns          369012 1c00ab26 00100593 addi             x11, x0, 1          x11=00000001
22108480ns          369013 1c00ab28 06050513 addi             x10, x10, 96        x10=1c000060 x10:1c000000
22108499ns          369014 1c00ab2c 2bb000ef jal              x1, 2746             x1=1c00ab30
22109394ns          369059 1c00b5e6 fc010113 addi             x2, x2, -64          x2=10001e88  x2:10001ec8
22109434ns          369061 1c00b5e8 02410313 addi             x6, x2, 36           x6=10001eac  x2:10001e88
22109454ns          369062 1c00b5ec 02c12423 sw               x12, 40(x2)         x12:00000003  x2:10001e88  PA:10001eb0
22109474ns          369063 1c00b5ee 00a00633 add              x12, x0, x10        x12=1c000060 x10:1c000060
22109892ns          369084 1c00b5f0 1c00b537 lui              x10, 0x1c00b000     x10=1c00b000
22109932ns          369086 1c00b5f4 02b12223 sw               x11, 36(x2)         x11:00000001  x2:10001e88  PA:10001eac
22109951ns          369087 1c00b5f6 02d12623 sw               x13, 44(x2)         x13:xxxxxxxx  x2:10001e88  PA:10001eb4
22109971ns          369088 1c00b5f8 00200593 addi             x11, x0, 2          x11=00000002
22109991ns          369089 1c00b5fa 006006b3 add              x13, x0, x6         x13=10001eac  x6:10001eac
22110011ns          369090 1c00b5fc 57a50513 addi             x10, x10, 1402      x10=1c00b57a x10:1c00b000
22110409ns          369110 1c00b600 00112e23 sw               x1, 28(x2)           x1:1c00ab30  x2:10001e88  PA:10001ea4
22110429ns          369111 1c00b602 02e12823 sw               x14, 48(x2)         x14:0000000f  x2:10001e88  PA:10001eb8
22110449ns          369112 1c00b604 02f12a23 sw               x15, 52(x2)         x15:00000000  x2:10001e88  PA:10001ebc
22110469ns          369113 1c00b606 03012c23 sw               x16, 56(x2)         x16:xxxxxxxx  x2:10001e88  PA:10001ec0
22110488ns          369114 1c00b608 03112e23 sw               x17, 60(x2)         x17:xxxxxxxx  x2:10001e88  PA:10001ec4
22110508ns          369115 1c00b60a 00612623 sw               x6, 12(x2)           x6:10001eac  x2:10001e88  PA:10001e94
22110528ns          369116 1c00b60c fbfff0ef jal              x1, -66              x1=1c00b60e
22111403ns          369160 1c00b5ca 04a0006f jal              x0, 74             
22111443ns          369162 1c00b614 ed010113 addi             x2, x2, -304         x2=10001d58  x2:10001e88
22111463ns          369163 1c00b616 12812423 sw               x8, 296(x2)          x8:00000003  x2:10001d58  PA:10001e80
22111483ns          369164 1c00b61a 00000413 addi             x8, x0, 0            x8=00000000
22111503ns          369165 1c00b61c 11612823 sw               x22, 272(x2)        x22:xxxxxxxx  x2:10001d58  PA:10001e68
22111921ns          369186 1c00b620 11712623 sw               x23, 268(x2)        x23:xxxxxxxx  x2:10001d58  PA:10001e64
22111960ns          369188 1c00b624 11812423 sw               x24, 264(x2)        x24:xxxxxxxx  x2:10001d58  PA:10001e60
22111980ns          369189 1c00b628 11912223 sw               x25, 260(x2)        x25:xxxxxxxx  x2:10001d58  PA:10001e5c
22112000ns          369190 1c00b62c 11a12023 sw               x26, 256(x2)        x26:xxxxxxxx  x2:10001d58  PA:10001e58
22112438ns          369212 1c00b630 0fb12e23 sw               x27, 252(x2)        x27:xxxxxxxx  x2:10001d58  PA:10001e54
22112478ns          369214 1c00b632 12112623 sw               x1, 300(x2)          x1:1c00b60e  x2:10001d58  PA:10001e84
22112497ns          369215 1c00b636 00800db3 add              x27, x0, x8         x27=00000000  x8:00000000
22112517ns          369216 1c00b638 12912223 sw               x9, 292(x2)          x9:xxxxxxxx  x2:10001d58  PA:10001e7c
22112537ns          369217 1c00b63c 13212023 sw               x18, 288(x2)        x18:xxxxxxxx  x2:10001d58  PA:10001e78
22112955ns          369238 1c00b640 11312e23 sw               x19, 284(x2)        x19:xxxxxxxx  x2:10001d58  PA:10001e74
22112995ns          369240 1c00b644 11412c23 sw               x20, 280(x2)        x20:xxxxxxxx  x2:10001d58  PA:10001e70
22113015ns          369241 1c00b648 11512a23 sw               x21, 276(x2)        x21:xxxxxxxx  x2:10001d58  PA:10001e6c
22113034ns          369242 1c00b64c 00a00b33 add              x22, x0, x10        x22=1c00b57a x10:1c00b57a
22113054ns          369243 1c00b64e 00b00d33 add              x26, x0, x11        x26=00000002 x11:00000002
22113492ns          369265 1c00b650 00d00c33 add              x24, x0, x13        x24=10001eac x13:10001eac
22113532ns          369267 1c00b652 1c000bb7 lui              x23, 0x1c000000     x23=1c000000
22113552ns          369268 1c00b656 02410c93 addi             x25, x2, 36         x25=10001d7c  x2:10001d58
22113572ns          369269 1c00b65a 00c00433 add              x8, x0, x12          x8=1c000060 x12:1c000060
22113591ns          369270 1c00b65c 00044503 lbu              x10, 0(x8)          x10=00000073  x8:1c000060  PA:1c000060
22114089ns          369295 1c00b660 00140413 addi             x8, x8, 1            x8=1c000061  x8:1c000060
22114109ns          369296 1c00b662 00050e63 beq              x10, x0, 28         x10:00000073
22114128ns          369297 1c00b664 02500793 addi             x15, x0, 37         x15=00000025
22114148ns          369298 1c00b668 04f50863 beq              x10, x15, 80        x10:00000073 x15:00000025
22114168ns          369299 1c00b66c 01a005b3 add              x11, x0, x26        x11=00000002 x26:00000002
22114188ns          369300 1c00b66e 000b00e7 jalr             x1, x22, 0           x1=1c00b670 x22:1c00b57a
22115024ns          369342 1c00b57a 000026b7 lui              x13, 0x2000         x13=00002000
22115063ns          369344 1c00b57c f14027f3 csrrs            x15, x0, 0xf14      x15=00000003
22115501ns          369366 1c00b580 f8068693 addi             x13, x13, -128      x13=00001f80 x13:00002000
22115541ns          369368 1c00b584 00379713 slli             x14, x15, 0x3       x14=00000018 x15:00000003
22115561ns          369369 1c00b588 00279793 slli             x15, x15, 0x2       x15=0000000c x15:00000003
22115581ns          369370 1c00b58a 00d7f7b3 and              x15, x15, x13       x15=00000000 x15:0000000c x13:00001f80
22115600ns          369371 1c00b58c ee873733 p.bclr           x14, x14, 23, 8     x14=00000018 x14:00000018
22116018ns          369392 1c00b590 1a10f6b7 lui              x13, 0x1a10f000     x13=1a10f000
22116058ns          369394 1c00b594 0ff57513 andi             x10, x10, 255       x10=00000073 x10:00000073
22116078ns          369395 1c00b598 00d70733 add              x14, x14, x13       x14=1a10f018 x14:00000018 x13:1a10f000
22116098ns          369396 1c00b59a 00a7e723 p.sw             x10, x0(x15)        x10:00000073 x15:00000000  PA:1a10f018
22116555ns          369419 1c00b59e 00000513 addi             x10, x0, 0          x10=00000000
22116575ns          369420 1c00b5a0 00008067 jalr             x0, x1, 0            x1:1c00b670
22116655ns          369424 1c00b670 31f52563 p.beqimm         x10, 778            x10:00000000
22116694ns          369426 1c00b674 001d8d93 addi             x27, x27, 1         x27=00000001 x27:00000000
22116714ns          369427 1c00b676 00044503 lbu              x10, 0(x8)          x10=00000074  x8:1c000061  PA:1c000061
22117132ns          369448 1c00b67a 00140413 addi             x8, x8, 1            x8=1c000062  x8:1c000061
22117152ns          369449 1c00b67c fe0514e3 bne              x10, x0, -24        x10:00000074
22117212ns          369452 1c00b664 02500793 addi             x15, x0, 37         x15=00000025
22117231ns          369453 1c00b668 04f50863 beq              x10, x15, 80        x10:00000074 x15:00000025
22117251ns          369454 1c00b66c 01a005b3 add              x11, x0, x26        x11=00000002 x26:00000002
22117271ns          369455 1c00b66e 000b00e7 jalr             x1, x22, 0           x1=1c00b670 x22:1c00b57a
22117311ns          369457 1c00b57a 000026b7 lui              x13, 0x2000         x13=00002000
22117331ns          369458 1c00b57c f14027f3 csrrs            x15, x0, 0xf14      x15=00000003
22117351ns          369459 1c00b580 f8068693 addi             x13, x13, -128      x13=00001f80 x13:00002000
22117371ns          369460 1c00b584 00379713 slli             x14, x15, 0x3       x14=00000018 x15:00000003
22117391ns          369461 1c00b588 00279793 slli             x15, x15, 0x2       x15=0000000c x15:00000003
22117410ns          369462 1c00b58a 00d7f7b3 and              x15, x15, x13       x15=00000000 x15:0000000c x13:00001f80
22117430ns          369463 1c00b58c ee873733 p.bclr           x14, x14, 23, 8     x14=00000018 x14:00000018
22117450ns          369464 1c00b590 1a10f6b7 lui              x13, 0x1a10f000     x13=1a10f000
22117470ns          369465 1c00b594 0ff57513 andi             x10, x10, 255       x10=00000074 x10:00000074
22117490ns          369466 1c00b598 00d70733 add              x14, x14, x13       x14=1a10f018 x14:00000018 x13:1a10f000
22117510ns          369467 1c00b59a 00a7e723 p.sw             x10, x0(x15)        x10:00000074 x15:00000000  PA:1a10f018
22117928ns          369488 1c00b59e 00000513 addi             x10, x0, 0          x10=00000000
22117948ns          369489 1c00b5a0 00008067 jalr             x0, x1, 0            x1:1c00b670
22117987ns          369491 1c00b670 31f52563 p.beqimm         x10, 778            x10:00000000
22118007ns          369492 1c00b674 001d8d93 addi             x27, x27, 1         x27=00000002 x27:00000001
22118027ns          369493 1c00b676 00044503 lbu              x10, 0(x8)          x10=00000061  x8:1c000062  PA:1c000062
22118325ns          369508 1c00b67a 00140413 addi             x8, x8, 1            x8=1c000063  x8:1c000062
22118345ns          369509 1c00b67c fe0514e3 bne              x10, x0, -24        x10:00000061
22118405ns          369512 1c00b664 02500793 addi             x15, x0, 37         x15=00000025
22118425ns          369513 1c00b668 04f50863 beq              x10, x15, 80        x10:00000061 x15:00000025
22118445ns          369514 1c00b66c 01a005b3 add              x11, x0, x26        x11=00000002 x26:00000002
22118465ns          369515 1c00b66e 000b00e7 jalr             x1, x22, 0           x1=1c00b670 x22:1c00b57a
22118504ns          369517 1c00b57a 000026b7 lui              x13, 0x2000         x13=00002000
22118524ns          369518 1c00b57c f14027f3 csrrs            x15, x0, 0xf14      x15=00000003
22118544ns          369519 1c00b580 f8068693 addi             x13, x13, -128      x13=00001f80 x13:00002000
22118564ns          369520 1c00b584 00379713 slli             x14, x15, 0x3       x14=00000018 x15:00000003
22118584ns          369521 1c00b588 00279793 slli             x15, x15, 0x2       x15=0000000c x15:00000003
22118604ns          369522 1c00b58a 00d7f7b3 and              x15, x15, x13       x15=00000000 x15:0000000c x13:00001f80
22118624ns          369523 1c00b58c ee873733 p.bclr           x14, x14, 23, 8     x14=00000018 x14:00000018
22118644ns          369524 1c00b590 1a10f6b7 lui              x13, 0x1a10f000     x13=1a10f000
22118664ns          369525 1c00b594 0ff57513 andi             x10, x10, 255       x10=00000061 x10:00000061
22118683ns          369526 1c00b598 00d70733 add              x14, x14, x13       x14=1a10f018 x14:00000018 x13:1a10f000
22118703ns          369527 1c00b59a 00a7e723 p.sw             x10, x0(x15)        x10:00000061 x15:00000000  PA:1a10f018
22119042ns          369544 1c00b59e 00000513 addi             x10, x0, 0          x10=00000000
22119061ns          369545 1c00b5a0 00008067 jalr             x0, x1, 0            x1:1c00b670
22119101ns          369547 1c00b670 31f52563 p.beqimm         x10, 778            x10:00000000
22119121ns          369548 1c00b674 001d8d93 addi             x27, x27, 1         x27=00000003 x27:00000002
22119141ns          369549 1c00b676 00044503 lbu              x10, 0(x8)          x10=00000072  x8:1c000063  PA:1c000063
22119439ns          369564 1c00b67a 00140413 addi             x8, x8, 1            x8=1c000064  x8:1c000063
22119459ns          369565 1c00b67c fe0514e3 bne              x10, x0, -24        x10:00000072
22119519ns          369568 1c00b664 02500793 addi             x15, x0, 37         x15=00000025
22119539ns          369569 1c00b668 04f50863 beq              x10, x15, 80        x10:00000072 x15:00000025
22119559ns          369570 1c00b66c 01a005b3 add              x11, x0, x26        x11=00000002 x26:00000002
22119579ns          369571 1c00b66e 000b00e7 jalr             x1, x22, 0           x1=1c00b670 x22:1c00b57a
22119618ns          369573 1c00b57a 000026b7 lui              x13, 0x2000         x13=00002000
22119638ns          369574 1c00b57c f14027f3 csrrs            x15, x0, 0xf14      x15=00000003
22119658ns          369575 1c00b580 f8068693 addi             x13, x13, -128      x13=00001f80 x13:00002000
22119678ns          369576 1c00b584 00379713 slli             x14, x15, 0x3       x14=00000018 x15:00000003
22119698ns          369577 1c00b588 00279793 slli             x15, x15, 0x2       x15=0000000c x15:00000003
22119718ns          369578 1c00b58a 00d7f7b3 and              x15, x15, x13       x15=00000000 x15:0000000c x13:00001f80
22119738ns          369579 1c00b58c ee873733 p.bclr           x14, x14, 23, 8     x14=00000018 x14:00000018
22119758ns          369580 1c00b590 1a10f6b7 lui              x13, 0x1a10f000     x13=1a10f000
22119777ns          369581 1c00b594 0ff57513 andi             x10, x10, 255       x10=00000072 x10:00000072
22119797ns          369582 1c00b598 00d70733 add              x14, x14, x13       x14=1a10f018 x14:00000018 x13:1a10f000
22119817ns          369583 1c00b59a 00a7e723 p.sw             x10, x0(x15)        x10:00000072 x15:00000000  PA:1a10f018
22120175ns          369601 1c00b59e 00000513 addi             x10, x0, 0          x10=00000000
22120195ns          369602 1c00b5a0 00008067 jalr             x0, x1, 0            x1:1c00b670
22120235ns          369604 1c00b670 31f52563 p.beqimm         x10, 778            x10:00000000
22120255ns          369605 1c00b674 001d8d93 addi             x27, x27, 1         x27=00000004 x27:00000003
22120275ns          369606 1c00b676 00044503 lbu              x10, 0(x8)          x10=00000074  x8:1c000064  PA:1c000064
22120573ns          369621 1c00b67a 00140413 addi             x8, x8, 1            x8=1c000065  x8:1c000064
22120593ns          369622 1c00b67c fe0514e3 bne              x10, x0, -24        x10:00000074
22120653ns          369625 1c00b664 02500793 addi             x15, x0, 37         x15=00000025
22120673ns          369626 1c00b668 04f50863 beq              x10, x15, 80        x10:00000074 x15:00000025
22120692ns          369627 1c00b66c 01a005b3 add              x11, x0, x26        x11=00000002 x26:00000002
22120712ns          369628 1c00b66e 000b00e7 jalr             x1, x22, 0           x1=1c00b670 x22:1c00b57a
22120752ns          369630 1c00b57a 000026b7 lui              x13, 0x2000         x13=00002000
22120772ns          369631 1c00b57c f14027f3 csrrs            x15, x0, 0xf14      x15=00000003
22120792ns          369632 1c00b580 f8068693 addi             x13, x13, -128      x13=00001f80 x13:00002000
22120812ns          369633 1c00b584 00379713 slli             x14, x15, 0x3       x14=00000018 x15:00000003
22120832ns          369634 1c00b588 00279793 slli             x15, x15, 0x2       x15=0000000c x15:00000003
22120852ns          369635 1c00b58a 00d7f7b3 and              x15, x15, x13       x15=00000000 x15:0000000c x13:00001f80
22120871ns          369636 1c00b58c ee873733 p.bclr           x14, x14, 23, 8     x14=00000018 x14:00000018
22120891ns          369637 1c00b590 1a10f6b7 lui              x13, 0x1a10f000     x13=1a10f000
22120911ns          369638 1c00b594 0ff57513 andi             x10, x10, 255       x10=00000074 x10:00000074
22120931ns          369639 1c00b598 00d70733 add              x14, x14, x13       x14=1a10f018 x14:00000018 x13:1a10f000
22120951ns          369640 1c00b59a 00a7e723 p.sw             x10, x0(x15)        x10:00000074 x15:00000000  PA:1a10f018
22121289ns          369657 1c00b59e 00000513 addi             x10, x0, 0          x10=00000000
22121309ns          369658 1c00b5a0 00008067 jalr             x0, x1, 0            x1:1c00b670
22121349ns          369660 1c00b670 31f52563 p.beqimm         x10, 778            x10:00000000
22121369ns          369661 1c00b674 001d8d93 addi             x27, x27, 1         x27=00000005 x27:00000004
22121389ns          369662 1c00b676 00044503 lbu              x10, 0(x8)          x10=00000069  x8:1c000065  PA:1c000065
22121687ns          369677 1c00b67a 00140413 addi             x8, x8, 1            x8=1c000066  x8:1c000065
22121707ns          369678 1c00b67c fe0514e3 bne              x10, x0, -24        x10:00000069
22121767ns          369681 1c00b664 02500793 addi             x15, x0, 37         x15=00000025
22121786ns          369682 1c00b668 04f50863 beq              x10, x15, 80        x10:00000069 x15:00000025
22121806ns          369683 1c00b66c 01a005b3 add              x11, x0, x26        x11=00000002 x26:00000002
22121826ns          369684 1c00b66e 000b00e7 jalr             x1, x22, 0           x1=1c00b670 x22:1c00b57a
22121866ns          369686 1c00b57a 000026b7 lui              x13, 0x2000         x13=00002000
22121886ns          369687 1c00b57c f14027f3 csrrs            x15, x0, 0xf14      x15=00000003
22121906ns          369688 1c00b580 f8068693 addi             x13, x13, -128      x13=00001f80 x13:00002000
22121926ns          369689 1c00b584 00379713 slli             x14, x15, 0x3       x14=00000018 x15:00000003
22121946ns          369690 1c00b588 00279793 slli             x15, x15, 0x2       x15=0000000c x15:00000003
22121965ns          369691 1c00b58a 00d7f7b3 and              x15, x15, x13       x15=00000000 x15:0000000c x13:00001f80
22121985ns          369692 1c00b58c ee873733 p.bclr           x14, x14, 23, 8     x14=00000018 x14:00000018
22122005ns          369693 1c00b590 1a10f6b7 lui              x13, 0x1a10f000     x13=1a10f000
22122025ns          369694 1c00b594 0ff57513 andi             x10, x10, 255       x10=00000069 x10:00000069
22122045ns          369695 1c00b598 00d70733 add              x14, x14, x13       x14=1a10f018 x14:00000018 x13:1a10f000
22122065ns          369696 1c00b59a 00a7e723 p.sw             x10, x0(x15)        x10:00000069 x15:00000000  PA:1a10f018
22122383ns          369712 1c00b59e 00000513 addi             x10, x0, 0          x10=00000000
22122403ns          369713 1c00b5a0 00008067 jalr             x0, x1, 0            x1:1c00b670
22122443ns          369715 1c00b670 31f52563 p.beqimm         x10, 778            x10:00000000
22122463ns          369716 1c00b674 001d8d93 addi             x27, x27, 1         x27=00000006 x27:00000005
22122483ns          369717 1c00b676 00044503 lbu              x10, 0(x8)          x10=0000006e  x8:1c000066  PA:1c000066
22122781ns          369732 1c00b67a 00140413 addi             x8, x8, 1            x8=1c000067  x8:1c000066
22122801ns          369733 1c00b67c fe0514e3 bne              x10, x0, -24        x10:0000006e
22122861ns          369736 1c00b664 02500793 addi             x15, x0, 37         x15=00000025
22122880ns          369737 1c00b668 04f50863 beq              x10, x15, 80        x10:0000006e x15:00000025
22122900ns          369738 1c00b66c 01a005b3 add              x11, x0, x26        x11=00000002 x26:00000002
22122920ns          369739 1c00b66e 000b00e7 jalr             x1, x22, 0           x1=1c00b670 x22:1c00b57a
22122960ns          369741 1c00b57a 000026b7 lui              x13, 0x2000         x13=00002000
22122980ns          369742 1c00b57c f14027f3 csrrs            x15, x0, 0xf14      x15=00000003
22123000ns          369743 1c00b580 f8068693 addi             x13, x13, -128      x13=00001f80 x13:00002000
22123020ns          369744 1c00b584 00379713 slli             x14, x15, 0x3       x14=00000018 x15:00000003
22123040ns          369745 1c00b588 00279793 slli             x15, x15, 0x2       x15=0000000c x15:00000003
22123059ns          369746 1c00b58a 00d7f7b3 and              x15, x15, x13       x15=00000000 x15:0000000c x13:00001f80
22123079ns          369747 1c00b58c ee873733 p.bclr           x14, x14, 23, 8     x14=00000018 x14:00000018
22123099ns          369748 1c00b590 1a10f6b7 lui              x13, 0x1a10f000     x13=1a10f000
22123119ns          369749 1c00b594 0ff57513 andi             x10, x10, 255       x10=0000006e x10:0000006e
22123139ns          369750 1c00b598 00d70733 add              x14, x14, x13       x14=1a10f018 x14:00000018 x13:1a10f000
22123159ns          369751 1c00b59a 00a7e723 p.sw             x10, x0(x15)        x10:0000006e x15:00000000  PA:1a10f018
22123477ns          369767 1c00b59e 00000513 addi             x10, x0, 0          x10=00000000
22123497ns          369768 1c00b5a0 00008067 jalr             x0, x1, 0            x1:1c00b670
22123537ns          369770 1c00b670 31f52563 p.beqimm         x10, 778            x10:00000000
22123557ns          369771 1c00b674 001d8d93 addi             x27, x27, 1         x27=00000007 x27:00000006
22123577ns          369772 1c00b676 00044503 lbu              x10, 0(x8)          x10=00000067  x8:1c000067  PA:1c000067
22123895ns          369788 1c00b67a 00140413 addi             x8, x8, 1            x8=1c000068  x8:1c000067
22123915ns          369789 1c00b67c fe0514e3 bne              x10, x0, -24        x10:00000067
22123974ns          369792 1c00b664 02500793 addi             x15, x0, 37         x15=00000025
22123994ns          369793 1c00b668 04f50863 beq              x10, x15, 80        x10:00000067 x15:00000025
22124014ns          369794 1c00b66c 01a005b3 add              x11, x0, x26        x11=00000002 x26:00000002
22124034ns          369795 1c00b66e 000b00e7 jalr             x1, x22, 0           x1=1c00b670 x22:1c00b57a
22124074ns          369797 1c00b57a 000026b7 lui              x13, 0x2000         x13=00002000
22124094ns          369798 1c00b57c f14027f3 csrrs            x15, x0, 0xf14      x15=00000003
22124114ns          369799 1c00b580 f8068693 addi             x13, x13, -128      x13=00001f80 x13:00002000
22124134ns          369800 1c00b584 00379713 slli             x14, x15, 0x3       x14=00000018 x15:00000003
22124153ns          369801 1c00b588 00279793 slli             x15, x15, 0x2       x15=0000000c x15:00000003
22124173ns          369802 1c00b58a 00d7f7b3 and              x15, x15, x13       x15=00000000 x15:0000000c x13:00001f80
22124193ns          369803 1c00b58c ee873733 p.bclr           x14, x14, 23, 8     x14=00000018 x14:00000018
22124213ns          369804 1c00b590 1a10f6b7 lui              x13, 0x1a10f000     x13=1a10f000
22124233ns          369805 1c00b594 0ff57513 andi             x10, x10, 255       x10=00000067 x10:00000067
22124253ns          369806 1c00b598 00d70733 add              x14, x14, x13       x14=1a10f018 x14:00000018 x13:1a10f000
22124273ns          369807 1c00b59a 00a7e723 p.sw             x10, x0(x15)        x10:00000067 x15:00000000  PA:1a10f018
22124591ns          369823 1c00b59e 00000513 addi             x10, x0, 0          x10=00000000
22124611ns          369824 1c00b5a0 00008067 jalr             x0, x1, 0            x1:1c00b670
22124651ns          369826 1c00b670 31f52563 p.beqimm         x10, 778            x10:00000000
22124671ns          369827 1c00b674 001d8d93 addi             x27, x27, 1         x27=00000008 x27:00000007
22124690ns          369828 1c00b676 00044503 lbu              x10, 0(x8)          x10=00000020  x8:1c000068  PA:1c000068
22124989ns          369843 1c00b67a 00140413 addi             x8, x8, 1            x8=1c000069  x8:1c000068
22125009ns          369844 1c00b67c fe0514e3 bne              x10, x0, -24        x10:00000020
22125068ns          369847 1c00b664 02500793 addi             x15, x0, 37         x15=00000025
22125088ns          369848 1c00b668 04f50863 beq              x10, x15, 80        x10:00000020 x15:00000025
22125108ns          369849 1c00b66c 01a005b3 add              x11, x0, x26        x11=00000002 x26:00000002
22125128ns          369850 1c00b66e 000b00e7 jalr             x1, x22, 0           x1=1c00b670 x22:1c00b57a
22125168ns          369852 1c00b57a 000026b7 lui              x13, 0x2000         x13=00002000
22125188ns          369853 1c00b57c f14027f3 csrrs            x15, x0, 0xf14      x15=00000003
22125208ns          369854 1c00b580 f8068693 addi             x13, x13, -128      x13=00001f80 x13:00002000
22125228ns          369855 1c00b584 00379713 slli             x14, x15, 0x3       x14=00000018 x15:00000003
22125247ns          369856 1c00b588 00279793 slli             x15, x15, 0x2       x15=0000000c x15:00000003
22125267ns          369857 1c00b58a 00d7f7b3 and              x15, x15, x13       x15=00000000 x15:0000000c x13:00001f80
22125287ns          369858 1c00b58c ee873733 p.bclr           x14, x14, 23, 8     x14=00000018 x14:00000018
22125307ns          369859 1c00b590 1a10f6b7 lui              x13, 0x1a10f000     x13=1a10f000
22125327ns          369860 1c00b594 0ff57513 andi             x10, x10, 255       x10=00000020 x10:00000020
22125347ns          369861 1c00b598 00d70733 add              x14, x14, x13       x14=1a10f018 x14:00000018 x13:1a10f000
22125367ns          369862 1c00b59a 00a7e723 p.sw             x10, x0(x15)        x10:00000020 x15:00000000  PA:1a10f018
22125685ns          369878 1c00b59e 00000513 addi             x10, x0, 0          x10=00000000
22125705ns          369879 1c00b5a0 00008067 jalr             x0, x1, 0            x1:1c00b670
22125745ns          369881 1c00b670 31f52563 p.beqimm         x10, 778            x10:00000000
22125765ns          369882 1c00b674 001d8d93 addi             x27, x27, 1         x27=00000009 x27:00000008
22125784ns          369883 1c00b676 00044503 lbu              x10, 0(x8)          x10=00000025  x8:1c000069  PA:1c000069
22126083ns          369898 1c00b67a 00140413 addi             x8, x8, 1            x8=1c00006a  x8:1c000069
22126103ns          369899 1c00b67c fe0514e3 bne              x10, x0, -24        x10:00000025
22126162ns          369902 1c00b664 02500793 addi             x15, x0, 37         x15=00000025
22126182ns          369903 1c00b668 04f50863 beq              x10, x15, 80        x10:00000025 x15:00000025
22126481ns          369918 1c00b6b8 00044483 lbu              x9, 0(x8)            x9=00000064  x8:1c00006a  PA:1c00006a
22126918ns          369940 1c00b6bc 02000693 addi             x13, x0, 32         x13=00000020
22126978ns          369943 1c00b6c0 00140a93 addi             x21, x8, 1          x21=1c00006b  x8:1c00006a
22127018ns          369945 1c00b6c4 009005b3 add              x11, x0, x9         x11=00000064  x9:00000064
22127038ns          369946 1c00b6c6 138b8513 addi             x10, x23, 312       x10=1c000138 x23:1c000000
22127057ns          369947 1c00b6ca 00d12823 sw               x13, 16(x2)         x13:00000020  x2:10001d58  PA:10001d68
22127077ns          369948 1c00b6cc 00012c23 sw               x0, 24(x2)           x2:10001d58  PA:10001d70
22127097ns          369949 1c00b6ce 00012a23 sw               x0, 20(x2)           x2:10001d58  PA:10001d6c
22127495ns          369969 1c00b6d0 00012e23 sw               x0, 28(x2)           x2:10001d58  PA:10001d74
22127515ns          369970 1c00b6d2 00012623 sw               x0, 12(x2)           x2:10001d58  PA:10001d64
22127535ns          369971 1c00b6d4 02300913 addi             x18, x0, 35         x18=00000023
22127555ns          369972 1c00b6d8 02d00a13 addi             x20, x0, 45         x20=0000002d
22127575ns          369973 1c00b6dc 015009b3 add              x19, x0, x21        x19=1c00006b x21:1c00006b
22127595ns          369974 1c00b6de e1dff0ef jal              x1, -484             x1=1c00b6e0
22128529ns          370021 1c00b4fa 00054783 lbu              x15, 0(x10)         x15=0000002d x10:1c000138  PA:1c000138
22129047ns          370047 1c00b4fe 0ff5f593 andi             x11, x11, 255       x11=00000064 x11:00000064
22129066ns          370048 1c00b502 00b78c63 beq              x15, x11, 24        x15:0000002d x11:00000064
22129086ns          370049 1c00b506 00078b63 beq              x15, x0, 22         x15:0000002d
22129106ns          370050 1c00b508 00150793 addi             x15, x10, 1         x15=1c000139 x10:1c000138
22129126ns          370051 1c00b50c 0040006f jal              x0, 4              
22129544ns          370072 1c00b510 00f00533 add              x10, x0, x15        x10=1c000139 x15:1c000139
22129564ns          370073 1c00b512 0017c70b p.lbu            x14, 1(x15!)        x14=0000002b x15=1c00013a x15:1c000139  PA:1c000139
22130001ns          370095 1c00b516 feb71ce3 bne              x14, x11, -8        x14:0000002b x11:00000064
22130101ns          370100 1c00b50e 00070763 beq              x14, x0, 14         x14:0000002b
22130121ns          370101 1c00b510 00f00533 add              x10, x0, x15        x10=1c00013a x15:1c00013a
22130141ns          370102 1c00b512 0017c70b p.lbu            x14, 1(x15!)        x14=00000020 x15=1c00013b x15:1c00013a  PA:1c00013a
22130459ns          370118 1c00b516 feb71ce3 bne              x14, x11, -8        x14:00000020 x11:00000064
22130518ns          370121 1c00b50e 00070763 beq              x14, x0, 14         x14:00000020
22130538ns          370122 1c00b510 00f00533 add              x10, x0, x15        x10=1c00013b x15:1c00013b
22130558ns          370123 1c00b512 0017c70b p.lbu            x14, 1(x15!)        x14=00000023 x15=1c00013c x15:1c00013b  PA:1c00013b
22130877ns          370139 1c00b516 feb71ce3 bne              x14, x11, -8        x14:00000023 x11:00000064
22130936ns          370142 1c00b50e 00070763 beq              x14, x0, 14         x14:00000023
22130956ns          370143 1c00b510 00f00533 add              x10, x0, x15        x10=1c00013c x15:1c00013c
22130976ns          370144 1c00b512 0017c70b p.lbu            x14, 1(x15!)        x14=00000030 x15=1c00013d x15:1c00013c  PA:1c00013c
22131354ns          370163 1c00b516 feb71ce3 bne              x14, x11, -8        x14:00000030 x11:00000064
22131414ns          370166 1c00b50e 00070763 beq              x14, x0, 14         x14:00000030
22131433ns          370167 1c00b510 00f00533 add              x10, x0, x15        x10=1c00013d x15:1c00013d
22131453ns          370168 1c00b512 0017c70b p.lbu            x14, 1(x15!)        x14=00000000 x15=1c00013e x15:1c00013d  PA:1c00013d
22131772ns          370184 1c00b516 feb71ce3 bne              x14, x11, -8        x14:00000000 x11:00000064
22131831ns          370187 1c00b50e 00070763 beq              x14, x0, 14         x14:00000000
22131891ns          370190 1c00b51c 0015b593 sltiu            x11, x11, 1         x11=00000000 x11:00000064
22131911ns          370191 1c00b520 40b005b3 sub              x11, x0, x11        x11=00000000 x11:00000000
22131931ns          370192 1c00b524 00b57533 and              x10, x10, x11       x10=00000000 x10:1c00013d x11:00000000
22131951ns          370193 1c00b526 00008067 jalr             x0, x1, 0            x1:1c00b6e0
22131990ns          370195 1c00b6e0 02050a63 beq              x10, x0, 52         x10:00000000
22132428ns          370217 1c00b714 02a00613 addi             x12, x0, 42         x12=0000002a
22132468ns          370219 1c00b718 2ac48663 beq              x9, x12, 684         x9:00000064 x12:0000002a
22132488ns          370220 1c00b71c fd048613 addi             x12, x9, -48        x12=00000034  x9:00000064
22132925ns          370242 1c00b720 00900593 addi             x11, x0, 9          x11=00000009
22132945ns          370243 1c00b722 00000913 addi             x18, x0, 0          x18=00000000
22132965ns          370244 1c00b724 28c5f063 bgeu             x11, x12, 640       x11:00000009 x12:00000034
22132985ns          370245 1c00b728 02e00693 addi             x13, x0, 46         x13=0000002e
22133005ns          370246 1c00b72c fff00a13 addi             x20, x0, -1         x20=ffffffff
22133462ns          370269 1c00b72e 2ed48363 beq              x9, x13, 742         x9:00000064 x13:0000002e
22133502ns          370271 1c00b732 1c0007b7 lui              x15, 0x1c000000     x15=1c000000
22133522ns          370272 1c00b736 009005b3 add              x11, x0, x9         x11=00000064  x9:00000064
22133542ns          370273 1c00b738 14078513 addi             x10, x15, 320       x10=1c000140 x15:1c000000
22133562ns          370274 1c00b73c dbfff0ef jal              x1, -578             x1=1c00b73e
22134039ns          370298 1c00b4fa 00054783 lbu              x15, 0(x10)         x15=00000068 x10:1c000140  PA:1c000140
22134357ns          370314 1c00b4fe 0ff5f593 andi             x11, x11, 255       x11=00000064 x11:00000064
22134377ns          370315 1c00b502 00b78c63 beq              x15, x11, 24        x15:00000068 x11:00000064
22134397ns          370316 1c00b506 00078b63 beq              x15, x0, 22         x15:00000068
22134417ns          370317 1c00b508 00150793 addi             x15, x10, 1         x15=1c000141 x10:1c000140
22134437ns          370318 1c00b50c 0040006f jal              x0, 4              
22134477ns          370320 1c00b510 00f00533 add              x10, x0, x15        x10=1c000141 x15:1c000141
22134497ns          370321 1c00b512 0017c70b p.lbu            x14, 1(x15!)        x14=0000006c x15=1c000142 x15:1c000141  PA:1c000141
22134815ns          370337 1c00b516 feb71ce3 bne              x14, x11, -8        x14:0000006c x11:00000064
22134875ns          370340 1c00b50e 00070763 beq              x14, x0, 14         x14:0000006c
22134894ns          370341 1c00b510 00f00533 add              x10, x0, x15        x10=1c000142 x15:1c000142
22134914ns          370342 1c00b512 0017c70b p.lbu            x14, 1(x15!)        x14=0000004c x15=1c000143 x15:1c000142  PA:1c000142
22135233ns          370358 1c00b516 feb71ce3 bne              x14, x11, -8        x14:0000004c x11:00000064
22135292ns          370361 1c00b50e 00070763 beq              x14, x0, 14         x14:0000004c
22135312ns          370362 1c00b510 00f00533 add              x10, x0, x15        x10=1c000143 x15:1c000143
22135332ns          370363 1c00b512 0017c70b p.lbu            x14, 1(x15!)        x14=0000007a x15=1c000144 x15:1c000143  PA:1c000143
22135650ns          370379 1c00b516 feb71ce3 bne              x14, x11, -8        x14:0000007a x11:00000064
22135710ns          370382 1c00b50e 00070763 beq              x14, x0, 14         x14:0000007a
22135730ns          370383 1c00b510 00f00533 add              x10, x0, x15        x10=1c000144 x15:1c000144
22135750ns          370384 1c00b512 0017c70b p.lbu            x14, 1(x15!)        x14=00000000 x15=1c000145 x15:1c000144  PA:1c000144
22136068ns          370400 1c00b516 feb71ce3 bne              x14, x11, -8        x14:00000000 x11:00000064
22136128ns          370403 1c00b50e 00070763 beq              x14, x0, 14         x14:00000000
22136187ns          370406 1c00b51c 0015b593 sltiu            x11, x11, 1         x11=00000000 x11:00000064
22136207ns          370407 1c00b520 40b005b3 sub              x11, x0, x11        x11=00000000 x11:00000000
22136227ns          370408 1c00b524 00b57533 and              x10, x10, x11       x10=00000000 x10:1c000144 x11:00000000
22136247ns          370409 1c00b526 00008067 jalr             x0, x1, 0            x1:1c00b73e
22136287ns          370411 1c00b73e 01300433 add              x8, x0, x19          x8=1c00006b x19:1c00006b
22136307ns          370412 1c00b740 00050563 beq              x10, x0, 10         x10:00000000
22136386ns          370416 1c00b74a 06700693 addi             x13, x0, 103        x13=00000067
22136824ns          370438 1c00b74e 2896d963 bge              x13, x9, 658        x13:00000067  x9:00000064
22137301ns          370462 1c00b9e0 06500693 addi             x13, x0, 101        x13=00000065
22137341ns          370464 1c00b9e4 12d4d563 bge              x9, x13, 298         x9:00000064 x13:00000065
22137361ns          370465 1c00b9e8 04700693 addi             x13, x0, 71         x13=00000047
22137381ns          370466 1c00b9ec dc96cbe3 blt              x13, x9, -554       x13:00000047  x9:00000064
22138316ns          370513 1c00b7c2 06300693 addi             x13, x0, 99         x13=00000063
22138336ns          370514 1c00b7c6 0ad488e3 beq              x9, x13, 2224        x9:00000064 x13:00000063
22138355ns          370515 1c00b7ca 0096c9e3 blt              x13, x9, 2066       x13:00000063  x9:00000064
22139310ns          370563 1c00bfdc 000c2583 lw               x11, 0(x24)         x11=00000001 x24:10001eac  PA:10001eac
22139768ns          370586 1c00bfe0 004c0c13 addi             x24, x24, 4         x24=10001eb0 x24:10001eac
22139807ns          370588 1c00bfe2 3405cc63 blt              x11, x0, 856        x11:00000001
22139827ns          370589 1c00bfe6 01412603 lw               x12, 20(x2)         x12=00000000  x2:10001d58  PA:10001d6c
22139847ns          370590 1c00bfe8 00b006b3 add              x13, x0, x11        x13=00000001 x11:00000001
22139867ns          370591 1c00bfea 2e061863 bne              x12, x0, 752        x12:00000000
22139887ns          370592 1c00bfee 01812703 lw               x14, 24(x2)         x14=00000000  x2:10001d58  PA:10001d70
22140285ns          370612 1c00bff0 019007b3 add              x15, x0, x25        x15=10001d7c x25:10001d7c
22140305ns          370613 1c00bff2 00070763 beq              x14, x0, 14         x14:00000000
22140782ns          370637 1c00c000 00f00733 add              x14, x0, x15        x14=10001d7c x15:10001d7c
22140802ns          370638 1c00c002 00a00513 addi             x10, x0, 10         x10=0000000a
22140822ns          370639 1c00c004 02a6f633 remu             x12, x13, x10       x12=00000001 x13:00000001 x10:0000000a
22141438ns          370670 1c00c008 02a6d6b3 divu             x13, x13, x10       x13=00000000 x13:00000001 x10:0000000a
22142055ns          370701 1c00c00c 03060613 addi             x12, x12, 48        x12=00000031 x12:00000001
22142075ns          370702 1c00c010 00c700ab p.sb             x12, 1(x14!)        x14=10001d7d x12:00000031 x14:10001d7c  PA:10001d7c
22142095ns          370703 1c00c014 fe0698e3 bne              x13, x0, -16        x13:00000000
22142115ns          370704 1c00c016 40f706b3 sub              x13, x14, x15       x13=00000001 x14:10001d7d x15:10001d7c
22142135ns          370705 1c00c01a 0146dc63 bge              x13, x20, 24        x13:00000001 x20:ffffffff
22143010ns          370749 1c00c032 00e006b3 add              x13, x0, x14        x13=10001d7d x14:10001d7d
22143050ns          370751 1c00c034 fe068fab p.sb             x0, -1(x13!)        x13=10001d7c x13:10001d7d  PA:10001d7d
22143070ns          370752 1c00c038 00d7fc63 bgeu             x15, x13, 24        x15:10001d7c x13:10001d7c
22144004ns          370799 1c00c050 01412783 lw               x15, 20(x2)         x15=00000000  x2:10001d58  PA:10001d6c
22144024ns          370800 1c00c052 01812603 lw               x12, 24(x2)         x12=00000000  x2:10001d58  PA:10001d70
22144044ns          370801 1c00c054 419704b3 sub              x9, x14, x25         x9=00000001 x14:10001d7d x25:10001d7c
22144064ns          370802 1c00c058 00c7e7b3 or               x15, x15, x12       x15=00000000 x15:00000000 x12:00000000
22144084ns          370803 1c00c05a 00f12623 sw               x15, 12(x2)         x15:00000000  x2:10001d58  PA:10001d64
22144104ns          370804 1c00c05c 00079363 bne              x15, x0, 6          x15:00000000
22144124ns          370805 1c00c05e 01f5d593 srli             x11, x11, 0x1f      x11=00000000 x11:00000001
22144522ns          370825 1c00c060 00b12623 sw               x11, 12(x2)         x11:00000000  x2:10001d58  PA:10001d64
22144561ns          370827 1c00c062 e3fa28e3 p.beqimm         x20, -464           x20:ffffffff
22145079ns          370853 1c00be92 0c800793 addi             x15, x0, 200        x15=000000c8
22145098ns          370854 1c00be96 9e97d0e3 bge              x15, x9, -1568      x15:000000c8  x9:00000001
22146053ns          370902 1c00b876 0f24d163 bge              x9, x18, 226         x9:00000001 x18:00000000
22146968ns          370948 1c00b958 d00482e3 beq              x9, x0, -764         x9:00000001
22147008ns          370950 1c00b95c 01900933 add              x18, x0, x25        x18=10001d7c x25:10001d7c
22147446ns          370972 1c00b95e 419d8db3 sub              x27, x27, x25       x27=efffe28d x27:00000009 x25:10001d7c
22147465ns          370973 1c00b962 00a0006f jal              x0, 10             
22147505ns          370975 1c00b96c 0019450b p.lbu            x10, 1(x18!)        x10=00000031 x18=10001d7d x18:10001d7c  PA:10001d7c
22147943ns          370997 1c00b970 01a005b3 add              x11, x0, x26        x11=00000002 x26:00000002
22147963ns          370998 1c00b972 000b00e7 jalr             x1, x22, 0           x1=1c00b974 x22:1c00b57a
22148042ns          371002 1c00b57a 000026b7 lui              x13, 0x2000         x13=00002000
22148082ns          371004 1c00b57c f14027f3 csrrs            x15, x0, 0xf14      x15=00000003
22148142ns          371007 1c00b580 f8068693 addi             x13, x13, -128      x13=00001f80 x13:00002000
22148181ns          371009 1c00b584 00379713 slli             x14, x15, 0x3       x14=00000018 x15:00000003
22148201ns          371010 1c00b588 00279793 slli             x15, x15, 0x2       x15=0000000c x15:00000003
22148221ns          371011 1c00b58a 00d7f7b3 and              x15, x15, x13       x15=00000000 x15:0000000c x13:00001f80
22148241ns          371012 1c00b58c ee873733 p.bclr           x14, x14, 23, 8     x14=00000018 x14:00000018
22148281ns          371014 1c00b590 1a10f6b7 lui              x13, 0x1a10f000     x13=1a10f000
22148321ns          371016 1c00b594 0ff57513 andi             x10, x10, 255       x10=00000031 x10:00000031
22148341ns          371017 1c00b598 00d70733 add              x14, x14, x13       x14=1a10f018 x14:00000018 x13:1a10f000
22148360ns          371018 1c00b59a 00a7e723 p.sw             x10, x0(x15)        x10:00000031 x15:00000000  PA:1a10f018
22148838ns          371042 1c00b59e 00000513 addi             x10, x0, 0          x10=00000000
22148858ns          371043 1c00b5a0 00008067 jalr             x0, x1, 0            x1:1c00b974
22148898ns          371045 1c00b974 fff48493 addi             x9, x9, -1           x9=00000000  x9:00000001
22148917ns          371046 1c00b976 fff537e3 p.bneimm         x10, -18            x10:00000000
22149275ns          371064 1c00b964 012d8733 add              x14, x27, x18       x14=0000000a x27:efffe28d x18:10001d7d
22149295ns          371065 1c00b968 5a048b63 beq              x9, x0, 1462         x9:00000000
22149773ns          371089 1c00bf1e 00e00db3 add              x27, x0, x14        x27=0000000a x14:0000000a
22150230ns          371112 1c00bf20 f3cff06f jal              x0, -2244          
22150310ns          371116 1c00b65c 00044503 lbu              x10, 0(x8)          x10=00000020  x8:1c00006b  PA:1c00006b
22150648ns          371133 1c00b660 00140413 addi             x8, x8, 1            x8=1c00006c  x8:1c00006b
22150668ns          371134 1c00b662 00050e63 beq              x10, x0, 28         x10:00000020
22150688ns          371135 1c00b664 02500793 addi             x15, x0, 37         x15=00000025
22150708ns          371136 1c00b668 04f50863 beq              x10, x15, 80        x10:00000020 x15:00000025
22150727ns          371137 1c00b66c 01a005b3 add              x11, x0, x26        x11=00000002 x26:00000002
22150747ns          371138 1c00b66e 000b00e7 jalr             x1, x22, 0           x1=1c00b670 x22:1c00b57a
22150847ns          371143 1c00b57a 000026b7 lui              x13, 0x2000         x13=00002000
22150887ns          371145 1c00b57c f14027f3 csrrs            x15, x0, 0xf14      x15=00000003
22150906ns          371146 1c00b580 f8068693 addi             x13, x13, -128      x13=00001f80 x13:00002000
22150926ns          371147 1c00b584 00379713 slli             x14, x15, 0x3       x14=00000018 x15:00000003
22150946ns          371148 1c00b588 00279793 slli             x15, x15, 0x2       x15=0000000c x15:00000003
22150966ns          371149 1c00b58a 00d7f7b3 and              x15, x15, x13       x15=00000000 x15:0000000c x13:00001f80
22150986ns          371150 1c00b58c ee873733 p.bclr           x14, x14, 23, 8     x14=00000018 x14:00000018
22151006ns          371151 1c00b590 1a10f6b7 lui              x13, 0x1a10f000     x13=1a10f000
22151026ns          371152 1c00b594 0ff57513 andi             x10, x10, 255       x10=00000020 x10:00000020
22151046ns          371153 1c00b598 00d70733 add              x14, x14, x13       x14=1a10f018 x14:00000018 x13:1a10f000
22151066ns          371154 1c00b59a 00a7e723 p.sw             x10, x0(x15)        x10:00000020 x15:00000000  PA:1a10f018
22151563ns          371179 1c00b59e 00000513 addi             x10, x0, 0          x10=00000000
22151583ns          371180 1c00b5a0 00008067 jalr             x0, x1, 0            x1:1c00b670
22151623ns          371182 1c00b670 31f52563 p.beqimm         x10, 778            x10:00000000
22151642ns          371183 1c00b674 001d8d93 addi             x27, x27, 1         x27=0000000b x27:0000000a
22151662ns          371184 1c00b676 00044503 lbu              x10, 0(x8)          x10=0000006b  x8:1c00006c  PA:1c00006c
22151981ns          371200 1c00b67a 00140413 addi             x8, x8, 1            x8=1c00006d  x8:1c00006c
22152000ns          371201 1c00b67c fe0514e3 bne              x10, x0, -24        x10:0000006b
22152060ns          371204 1c00b664 02500793 addi             x15, x0, 37         x15=00000025
22152080ns          371205 1c00b668 04f50863 beq              x10, x15, 80        x10:0000006b x15:00000025
22152100ns          371206 1c00b66c 01a005b3 add              x11, x0, x26        x11=00000002 x26:00000002
22152120ns          371207 1c00b66e 000b00e7 jalr             x1, x22, 0           x1=1c00b670 x22:1c00b57a
22152160ns          371209 1c00b57a 000026b7 lui              x13, 0x2000         x13=00002000
22152179ns          371210 1c00b57c f14027f3 csrrs            x15, x0, 0xf14      x15=00000003
22152199ns          371211 1c00b580 f8068693 addi             x13, x13, -128      x13=00001f80 x13:00002000
22152219ns          371212 1c00b584 00379713 slli             x14, x15, 0x3       x14=00000018 x15:00000003
22152239ns          371213 1c00b588 00279793 slli             x15, x15, 0x2       x15=0000000c x15:00000003
22152259ns          371214 1c00b58a 00d7f7b3 and              x15, x15, x13       x15=00000000 x15:0000000c x13:00001f80
22152279ns          371215 1c00b58c ee873733 p.bclr           x14, x14, 23, 8     x14=00000018 x14:00000018
22152299ns          371216 1c00b590 1a10f6b7 lui              x13, 0x1a10f000     x13=1a10f000
22152319ns          371217 1c00b594 0ff57513 andi             x10, x10, 255       x10=0000006b x10:0000006b
22152339ns          371218 1c00b598 00d70733 add              x14, x14, x13       x14=1a10f018 x14:00000018 x13:1a10f000
22152359ns          371219 1c00b59a 00a7e723 p.sw             x10, x0(x15)        x10:0000006b x15:00000000  PA:1a10f018
22152677ns          371235 1c00b59e 00000513 addi             x10, x0, 0          x10=00000000
22152697ns          371236 1c00b5a0 00008067 jalr             x0, x1, 0            x1:1c00b670
22152736ns          371238 1c00b670 31f52563 p.beqimm         x10, 778            x10:00000000
22152756ns          371239 1c00b674 001d8d93 addi             x27, x27, 1         x27=0000000c x27:0000000b
22152776ns          371240 1c00b676 00044503 lbu              x10, 0(x8)          x10=00000065  x8:1c00006d  PA:1c00006d
22153075ns          371255 1c00b67a 00140413 addi             x8, x8, 1            x8=1c00006e  x8:1c00006d
22153094ns          371256 1c00b67c fe0514e3 bne              x10, x0, -24        x10:00000065
22153154ns          371259 1c00b664 02500793 addi             x15, x0, 37         x15=00000025
22153174ns          371260 1c00b668 04f50863 beq              x10, x15, 80        x10:00000065 x15:00000025
22153194ns          371261 1c00b66c 01a005b3 add              x11, x0, x26        x11=00000002 x26:00000002
22153214ns          371262 1c00b66e 000b00e7 jalr             x1, x22, 0           x1=1c00b670 x22:1c00b57a
22153254ns          371264 1c00b57a 000026b7 lui              x13, 0x2000         x13=00002000
22153273ns          371265 1c00b57c f14027f3 csrrs            x15, x0, 0xf14      x15=00000003
22153293ns          371266 1c00b580 f8068693 addi             x13, x13, -128      x13=00001f80 x13:00002000
22153313ns          371267 1c00b584 00379713 slli             x14, x15, 0x3       x14=00000018 x15:00000003
22153333ns          371268 1c00b588 00279793 slli             x15, x15, 0x2       x15=0000000c x15:00000003
22153353ns          371269 1c00b58a 00d7f7b3 and              x15, x15, x13       x15=00000000 x15:0000000c x13:00001f80
22153373ns          371270 1c00b58c ee873733 p.bclr           x14, x14, 23, 8     x14=00000018 x14:00000018
22153393ns          371271 1c00b590 1a10f6b7 lui              x13, 0x1a10f000     x13=1a10f000
22153413ns          371272 1c00b594 0ff57513 andi             x10, x10, 255       x10=00000065 x10:00000065
22153433ns          371273 1c00b598 00d70733 add              x14, x14, x13       x14=1a10f018 x14:00000018 x13:1a10f000
22153453ns          371274 1c00b59a 00a7e723 p.sw             x10, x0(x15)        x10:00000065 x15:00000000  PA:1a10f018
22153771ns          371290 1c00b59e 00000513 addi             x10, x0, 0          x10=00000000
22153791ns          371291 1c00b5a0 00008067 jalr             x0, x1, 0            x1:1c00b670
22153830ns          371293 1c00b670 31f52563 p.beqimm         x10, 778            x10:00000000
22153850ns          371294 1c00b674 001d8d93 addi             x27, x27, 1         x27=0000000d x27:0000000c
22153870ns          371295 1c00b676 00044503 lbu              x10, 0(x8)          x10=00000072  x8:1c00006e  PA:1c00006e
22154169ns          371310 1c00b67a 00140413 addi             x8, x8, 1            x8=1c00006f  x8:1c00006e
22154188ns          371311 1c00b67c fe0514e3 bne              x10, x0, -24        x10:00000072
22154248ns          371314 1c00b664 02500793 addi             x15, x0, 37         x15=00000025
22154268ns          371315 1c00b668 04f50863 beq              x10, x15, 80        x10:00000072 x15:00000025
22154288ns          371316 1c00b66c 01a005b3 add              x11, x0, x26        x11=00000002 x26:00000002
22154308ns          371317 1c00b66e 000b00e7 jalr             x1, x22, 0           x1=1c00b670 x22:1c00b57a
22154348ns          371319 1c00b57a 000026b7 lui              x13, 0x2000         x13=00002000
22154367ns          371320 1c00b57c f14027f3 csrrs            x15, x0, 0xf14      x15=00000003
22154387ns          371321 1c00b580 f8068693 addi             x13, x13, -128      x13=00001f80 x13:00002000
22154407ns          371322 1c00b584 00379713 slli             x14, x15, 0x3       x14=00000018 x15:00000003
22154427ns          371323 1c00b588 00279793 slli             x15, x15, 0x2       x15=0000000c x15:00000003
22154447ns          371324 1c00b58a 00d7f7b3 and              x15, x15, x13       x15=00000000 x15:0000000c x13:00001f80
22154467ns          371325 1c00b58c ee873733 p.bclr           x14, x14, 23, 8     x14=00000018 x14:00000018
22154487ns          371326 1c00b590 1a10f6b7 lui              x13, 0x1a10f000     x13=1a10f000
22154507ns          371327 1c00b594 0ff57513 andi             x10, x10, 255       x10=00000072 x10:00000072
22154527ns          371328 1c00b598 00d70733 add              x14, x14, x13       x14=1a10f018 x14:00000018 x13:1a10f000
22154546ns          371329 1c00b59a 00a7e723 p.sw             x10, x0(x15)        x10:00000072 x15:00000000  PA:1a10f018
22154865ns          371345 1c00b59e 00000513 addi             x10, x0, 0          x10=00000000
22154885ns          371346 1c00b5a0 00008067 jalr             x0, x1, 0            x1:1c00b670
22154924ns          371348 1c00b670 31f52563 p.beqimm         x10, 778            x10:00000000
22154944ns          371349 1c00b674 001d8d93 addi             x27, x27, 1         x27=0000000e x27:0000000d
22154964ns          371350 1c00b676 00044503 lbu              x10, 0(x8)          x10=0000006e  x8:1c00006f  PA:1c00006f
22155263ns          371365 1c00b67a 00140413 addi             x8, x8, 1            x8=1c000070  x8:1c00006f
22155282ns          371366 1c00b67c fe0514e3 bne              x10, x0, -24        x10:0000006e
22155342ns          371369 1c00b664 02500793 addi             x15, x0, 37         x15=00000025
22155362ns          371370 1c00b668 04f50863 beq              x10, x15, 80        x10:0000006e x15:00000025
22155382ns          371371 1c00b66c 01a005b3 add              x11, x0, x26        x11=00000002 x26:00000002
22155402ns          371372 1c00b66e 000b00e7 jalr             x1, x22, 0           x1=1c00b670 x22:1c00b57a
22155442ns          371374 1c00b57a 000026b7 lui              x13, 0x2000         x13=00002000
22155461ns          371375 1c00b57c f14027f3 csrrs            x15, x0, 0xf14      x15=00000003
22155481ns          371376 1c00b580 f8068693 addi             x13, x13, -128      x13=00001f80 x13:00002000
22155501ns          371377 1c00b584 00379713 slli             x14, x15, 0x3       x14=00000018 x15:00000003
22155521ns          371378 1c00b588 00279793 slli             x15, x15, 0x2       x15=0000000c x15:00000003
22155541ns          371379 1c00b58a 00d7f7b3 and              x15, x15, x13       x15=00000000 x15:0000000c x13:00001f80
22155561ns          371380 1c00b58c ee873733 p.bclr           x14, x14, 23, 8     x14=00000018 x14:00000018
22155581ns          371381 1c00b590 1a10f6b7 lui              x13, 0x1a10f000     x13=1a10f000
22155601ns          371382 1c00b594 0ff57513 andi             x10, x10, 255       x10=0000006e x10:0000006e
22155621ns          371383 1c00b598 00d70733 add              x14, x14, x13       x14=1a10f018 x14:00000018 x13:1a10f000
22155640ns          371384 1c00b59a 00a7e723 p.sw             x10, x0(x15)        x10:0000006e x15:00000000  PA:1a10f018
22155979ns          371401 1c00b59e 00000513 addi             x10, x0, 0          x10=00000000
22155999ns          371402 1c00b5a0 00008067 jalr             x0, x1, 0            x1:1c00b670
22156038ns          371404 1c00b670 31f52563 p.beqimm         x10, 778            x10:00000000
22156058ns          371405 1c00b674 001d8d93 addi             x27, x27, 1         x27=0000000f x27:0000000e
22156078ns          371406 1c00b676 00044503 lbu              x10, 0(x8)          x10=00000065  x8:1c000070  PA:1c000070
22156376ns          371421 1c00b67a 00140413 addi             x8, x8, 1            x8=1c000071  x8:1c000070
22156396ns          371422 1c00b67c fe0514e3 bne              x10, x0, -24        x10:00000065
22156456ns          371425 1c00b664 02500793 addi             x15, x0, 37         x15=00000025
22156476ns          371426 1c00b668 04f50863 beq              x10, x15, 80        x10:00000065 x15:00000025
22156496ns          371427 1c00b66c 01a005b3 add              x11, x0, x26        x11=00000002 x26:00000002
22156516ns          371428 1c00b66e 000b00e7 jalr             x1, x22, 0           x1=1c00b670 x22:1c00b57a
22156555ns          371430 1c00b57a 000026b7 lui              x13, 0x2000         x13=00002000
22156575ns          371431 1c00b57c f14027f3 csrrs            x15, x0, 0xf14      x15=00000003
22156595ns          371432 1c00b580 f8068693 addi             x13, x13, -128      x13=00001f80 x13:00002000
22156615ns          371433 1c00b584 00379713 slli             x14, x15, 0x3       x14=00000018 x15:00000003
22156635ns          371434 1c00b588 00279793 slli             x15, x15, 0x2       x15=0000000c x15:00000003
22156655ns          371435 1c00b58a 00d7f7b3 and              x15, x15, x13       x15=00000000 x15:0000000c x13:00001f80
22156675ns          371436 1c00b58c ee873733 p.bclr           x14, x14, 23, 8     x14=00000018 x14:00000018
22156695ns          371437 1c00b590 1a10f6b7 lui              x13, 0x1a10f000     x13=1a10f000
22156715ns          371438 1c00b594 0ff57513 andi             x10, x10, 255       x10=00000065 x10:00000065
22156734ns          371439 1c00b598 00d70733 add              x14, x14, x13       x14=1a10f018 x14:00000018 x13:1a10f000
22156754ns          371440 1c00b59a 00a7e723 p.sw             x10, x0(x15)        x10:00000065 x15:00000000  PA:1a10f018
22157073ns          371456 1c00b59e 00000513 addi             x10, x0, 0          x10=00000000
22157093ns          371457 1c00b5a0 00008067 jalr             x0, x1, 0            x1:1c00b670
22157132ns          371459 1c00b670 31f52563 p.beqimm         x10, 778            x10:00000000
22157152ns          371460 1c00b674 001d8d93 addi             x27, x27, 1         x27=00000010 x27:0000000f
22157172ns          371461 1c00b676 00044503 lbu              x10, 0(x8)          x10=0000006c  x8:1c000071  PA:1c000071
22157470ns          371476 1c00b67a 00140413 addi             x8, x8, 1            x8=1c000072  x8:1c000071
22157490ns          371477 1c00b67c fe0514e3 bne              x10, x0, -24        x10:0000006c
22157550ns          371480 1c00b664 02500793 addi             x15, x0, 37         x15=00000025
22157570ns          371481 1c00b668 04f50863 beq              x10, x15, 80        x10:0000006c x15:00000025
22157590ns          371482 1c00b66c 01a005b3 add              x11, x0, x26        x11=00000002 x26:00000002
22157610ns          371483 1c00b66e 000b00e7 jalr             x1, x22, 0           x1=1c00b670 x22:1c00b57a
22157649ns          371485 1c00b57a 000026b7 lui              x13, 0x2000         x13=00002000
22157669ns          371486 1c00b57c f14027f3 csrrs            x15, x0, 0xf14      x15=00000003
22157689ns          371487 1c00b580 f8068693 addi             x13, x13, -128      x13=00001f80 x13:00002000
22157709ns          371488 1c00b584 00379713 slli             x14, x15, 0x3       x14=00000018 x15:00000003
22157729ns          371489 1c00b588 00279793 slli             x15, x15, 0x2       x15=0000000c x15:00000003
22157749ns          371490 1c00b58a 00d7f7b3 and              x15, x15, x13       x15=00000000 x15:0000000c x13:00001f80
22157769ns          371491 1c00b58c ee873733 p.bclr           x14, x14, 23, 8     x14=00000018 x14:00000018
22157789ns          371492 1c00b590 1a10f6b7 lui              x13, 0x1a10f000     x13=1a10f000
22157809ns          371493 1c00b594 0ff57513 andi             x10, x10, 255       x10=0000006c x10:0000006c
22157828ns          371494 1c00b598 00d70733 add              x14, x14, x13       x14=1a10f018 x14:00000018 x13:1a10f000
22157848ns          371495 1c00b59a 00a7e723 p.sw             x10, x0(x15)        x10:0000006c x15:00000000  PA:1a10f018
22158167ns          371511 1c00b59e 00000513 addi             x10, x0, 0          x10=00000000
22158187ns          371512 1c00b5a0 00008067 jalr             x0, x1, 0            x1:1c00b670
22158226ns          371514 1c00b670 31f52563 p.beqimm         x10, 778            x10:00000000
22158246ns          371515 1c00b674 001d8d93 addi             x27, x27, 1         x27=00000011 x27:00000010
22158266ns          371516 1c00b676 00044503 lbu              x10, 0(x8)          x10=00000020  x8:1c000072  PA:1c000072
22158584ns          371532 1c00b67a 00140413 addi             x8, x8, 1            x8=1c000073  x8:1c000072
22158604ns          371533 1c00b67c fe0514e3 bne              x10, x0, -24        x10:00000020
22158664ns          371536 1c00b664 02500793 addi             x15, x0, 37         x15=00000025
22158684ns          371537 1c00b668 04f50863 beq              x10, x15, 80        x10:00000020 x15:00000025
22158704ns          371538 1c00b66c 01a005b3 add              x11, x0, x26        x11=00000002 x26:00000002
22158724ns          371539 1c00b66e 000b00e7 jalr             x1, x22, 0           x1=1c00b670 x22:1c00b57a
22158763ns          371541 1c00b57a 000026b7 lui              x13, 0x2000         x13=00002000
22158783ns          371542 1c00b57c f14027f3 csrrs            x15, x0, 0xf14      x15=00000003
22158803ns          371543 1c00b580 f8068693 addi             x13, x13, -128      x13=00001f80 x13:00002000
22158823ns          371544 1c00b584 00379713 slli             x14, x15, 0x3       x14=00000018 x15:00000003
22158843ns          371545 1c00b588 00279793 slli             x15, x15, 0x2       x15=0000000c x15:00000003
22158863ns          371546 1c00b58a 00d7f7b3 and              x15, x15, x13       x15=00000000 x15:0000000c x13:00001f80
22158883ns          371547 1c00b58c ee873733 p.bclr           x14, x14, 23, 8     x14=00000018 x14:00000018
22158903ns          371548 1c00b590 1a10f6b7 lui              x13, 0x1a10f000     x13=1a10f000
22158922ns          371549 1c00b594 0ff57513 andi             x10, x10, 255       x10=00000020 x10:00000020
22158942ns          371550 1c00b598 00d70733 add              x14, x14, x13       x14=1a10f018 x14:00000018 x13:1a10f000
22158962ns          371551 1c00b59a 00a7e723 p.sw             x10, x0(x15)        x10:00000020 x15:00000000  PA:1a10f018
22159280ns          371567 1c00b59e 00000513 addi             x10, x0, 0          x10=00000000
22159300ns          371568 1c00b5a0 00008067 jalr             x0, x1, 0            x1:1c00b670
22159340ns          371570 1c00b670 31f52563 p.beqimm         x10, 778            x10:00000000
22159360ns          371571 1c00b674 001d8d93 addi             x27, x27, 1         x27=00000012 x27:00000011
22159380ns          371572 1c00b676 00044503 lbu              x10, 0(x8)          x10=00000069  x8:1c000073  PA:1c000073
22159678ns          371587 1c00b67a 00140413 addi             x8, x8, 1            x8=1c000074  x8:1c000073
22159698ns          371588 1c00b67c fe0514e3 bne              x10, x0, -24        x10:00000069
22159758ns          371591 1c00b664 02500793 addi             x15, x0, 37         x15=00000025
22159778ns          371592 1c00b668 04f50863 beq              x10, x15, 80        x10:00000069 x15:00000025
22159798ns          371593 1c00b66c 01a005b3 add              x11, x0, x26        x11=00000002 x26:00000002
22159818ns          371594 1c00b66e 000b00e7 jalr             x1, x22, 0           x1=1c00b670 x22:1c00b57a
22159857ns          371596 1c00b57a 000026b7 lui              x13, 0x2000         x13=00002000
22159877ns          371597 1c00b57c f14027f3 csrrs            x15, x0, 0xf14      x15=00000003
22159897ns          371598 1c00b580 f8068693 addi             x13, x13, -128      x13=00001f80 x13:00002000
22159917ns          371599 1c00b584 00379713 slli             x14, x15, 0x3       x14=00000018 x15:00000003
22159937ns          371600 1c00b588 00279793 slli             x15, x15, 0x2       x15=0000000c x15:00000003
22159957ns          371601 1c00b58a 00d7f7b3 and              x15, x15, x13       x15=00000000 x15:0000000c x13:00001f80
22159977ns          371602 1c00b58c ee873733 p.bclr           x14, x14, 23, 8     x14=00000018 x14:00000018
22159997ns          371603 1c00b590 1a10f6b7 lui              x13, 0x1a10f000     x13=1a10f000
22160016ns          371604 1c00b594 0ff57513 andi             x10, x10, 255       x10=00000069 x10:00000069
22160036ns          371605 1c00b598 00d70733 add              x14, x14, x13       x14=1a10f018 x14:00000018 x13:1a10f000
22160056ns          371606 1c00b59a 00a7e723 p.sw             x10, x0(x15)        x10:00000069 x15:00000000  PA:1a10f018
22160374ns          371622 1c00b59e 00000513 addi             x10, x0, 0          x10=00000000
22160394ns          371623 1c00b5a0 00008067 jalr             x0, x1, 0            x1:1c00b670
22160434ns          371625 1c00b670 31f52563 p.beqimm         x10, 778            x10:00000000
22160454ns          371626 1c00b674 001d8d93 addi             x27, x27, 1         x27=00000013 x27:00000012
22160474ns          371627 1c00b676 00044503 lbu              x10, 0(x8)          x10=00000074  x8:1c000074  PA:1c000074
22160772ns          371642 1c00b67a 00140413 addi             x8, x8, 1            x8=1c000075  x8:1c000074
22160792ns          371643 1c00b67c fe0514e3 bne              x10, x0, -24        x10:00000074
22160852ns          371646 1c00b664 02500793 addi             x15, x0, 37         x15=00000025
22160872ns          371647 1c00b668 04f50863 beq              x10, x15, 80        x10:00000074 x15:00000025
22160892ns          371648 1c00b66c 01a005b3 add              x11, x0, x26        x11=00000002 x26:00000002
22160912ns          371649 1c00b66e 000b00e7 jalr             x1, x22, 0           x1=1c00b670 x22:1c00b57a
22160951ns          371651 1c00b57a 000026b7 lui              x13, 0x2000         x13=00002000
22160971ns          371652 1c00b57c f14027f3 csrrs            x15, x0, 0xf14      x15=00000003
22160991ns          371653 1c00b580 f8068693 addi             x13, x13, -128      x13=00001f80 x13:00002000
22161011ns          371654 1c00b584 00379713 slli             x14, x15, 0x3       x14=00000018 x15:00000003
22161031ns          371655 1c00b588 00279793 slli             x15, x15, 0x2       x15=0000000c x15:00000003
22161051ns          371656 1c00b58a 00d7f7b3 and              x15, x15, x13       x15=00000000 x15:0000000c x13:00001f80
22161071ns          371657 1c00b58c ee873733 p.bclr           x14, x14, 23, 8     x14=00000018 x14:00000018
22161091ns          371658 1c00b590 1a10f6b7 lui              x13, 0x1a10f000     x13=1a10f000
22161110ns          371659 1c00b594 0ff57513 andi             x10, x10, 255       x10=00000074 x10:00000074
22161130ns          371660 1c00b598 00d70733 add              x14, x14, x13       x14=1a10f018 x14:00000018 x13:1a10f000
22161150ns          371661 1c00b59a 00a7e723 p.sw             x10, x0(x15)        x10:00000074 x15:00000000  PA:1a10f018
22161468ns          371677 1c00b59e 00000513 addi             x10, x0, 0          x10=00000000
22161488ns          371678 1c00b5a0 00008067 jalr             x0, x1, 0            x1:1c00b670
22161528ns          371680 1c00b670 31f52563 p.beqimm         x10, 778            x10:00000000
22161548ns          371681 1c00b674 001d8d93 addi             x27, x27, 1         x27=00000014 x27:00000013
22161568ns          371682 1c00b676 00044503 lbu              x10, 0(x8)          x10=00000065  x8:1c000075  PA:1c000075
22161866ns          371697 1c00b67a 00140413 addi             x8, x8, 1            x8=1c000076  x8:1c000075
22161886ns          371698 1c00b67c fe0514e3 bne              x10, x0, -24        x10:00000065
22161946ns          371701 1c00b664 02500793 addi             x15, x0, 37         x15=00000025
22161966ns          371702 1c00b668 04f50863 beq              x10, x15, 80        x10:00000065 x15:00000025
22161986ns          371703 1c00b66c 01a005b3 add              x11, x0, x26        x11=00000002 x26:00000002
22162006ns          371704 1c00b66e 000b00e7 jalr             x1, x22, 0           x1=1c00b670 x22:1c00b57a
22162045ns          371706 1c00b57a 000026b7 lui              x13, 0x2000         x13=00002000
22162065ns          371707 1c00b57c f14027f3 csrrs            x15, x0, 0xf14      x15=00000003
22162085ns          371708 1c00b580 f8068693 addi             x13, x13, -128      x13=00001f80 x13:00002000
22162105ns          371709 1c00b584 00379713 slli             x14, x15, 0x3       x14=00000018 x15:00000003
22162125ns          371710 1c00b588 00279793 slli             x15, x15, 0x2       x15=0000000c x15:00000003
22162145ns          371711 1c00b58a 00d7f7b3 and              x15, x15, x13       x15=00000000 x15:0000000c x13:00001f80
22162165ns          371712 1c00b58c ee873733 p.bclr           x14, x14, 23, 8     x14=00000018 x14:00000018
22162185ns          371713 1c00b590 1a10f6b7 lui              x13, 0x1a10f000     x13=1a10f000
22162204ns          371714 1c00b594 0ff57513 andi             x10, x10, 255       x10=00000065 x10:00000065
22162224ns          371715 1c00b598 00d70733 add              x14, x14, x13       x14=1a10f018 x14:00000018 x13:1a10f000
22162244ns          371716 1c00b59a 00a7e723 p.sw             x10, x0(x15)        x10:00000065 x15:00000000  PA:1a10f018
22162582ns          371733 1c00b59e 00000513 addi             x10, x0, 0          x10=00000000
22162602ns          371734 1c00b5a0 00008067 jalr             x0, x1, 0            x1:1c00b670
22162642ns          371736 1c00b670 31f52563 p.beqimm         x10, 778            x10:00000000
22162662ns          371737 1c00b674 001d8d93 addi             x27, x27, 1         x27=00000015 x27:00000014
22162682ns          371738 1c00b676 00044503 lbu              x10, 0(x8)          x10=00000072  x8:1c000076  PA:1c000076
22162980ns          371753 1c00b67a 00140413 addi             x8, x8, 1            x8=1c000077  x8:1c000076
22163000ns          371754 1c00b67c fe0514e3 bne              x10, x0, -24        x10:00000072
22163060ns          371757 1c00b664 02500793 addi             x15, x0, 37         x15=00000025
22163080ns          371758 1c00b668 04f50863 beq              x10, x15, 80        x10:00000072 x15:00000025
22163100ns          371759 1c00b66c 01a005b3 add              x11, x0, x26        x11=00000002 x26:00000002
22163119ns          371760 1c00b66e 000b00e7 jalr             x1, x22, 0           x1=1c00b670 x22:1c00b57a
22163159ns          371762 1c00b57a 000026b7 lui              x13, 0x2000         x13=00002000
22163179ns          371763 1c00b57c f14027f3 csrrs            x15, x0, 0xf14      x15=00000003
22163199ns          371764 1c00b580 f8068693 addi             x13, x13, -128      x13=00001f80 x13:00002000
22163219ns          371765 1c00b584 00379713 slli             x14, x15, 0x3       x14=00000018 x15:00000003
22163239ns          371766 1c00b588 00279793 slli             x15, x15, 0x2       x15=0000000c x15:00000003
22163259ns          371767 1c00b58a 00d7f7b3 and              x15, x15, x13       x15=00000000 x15:0000000c x13:00001f80
22163279ns          371768 1c00b58c ee873733 p.bclr           x14, x14, 23, 8     x14=00000018 x14:00000018
22163298ns          371769 1c00b590 1a10f6b7 lui              x13, 0x1a10f000     x13=1a10f000
22163318ns          371770 1c00b594 0ff57513 andi             x10, x10, 255       x10=00000072 x10:00000072
22163338ns          371771 1c00b598 00d70733 add              x14, x14, x13       x14=1a10f018 x14:00000018 x13:1a10f000
22163358ns          371772 1c00b59a 00a7e723 p.sw             x10, x0(x15)        x10:00000072 x15:00000000  PA:1a10f018
22163676ns          371788 1c00b59e 00000513 addi             x10, x0, 0          x10=00000000
22163696ns          371789 1c00b5a0 00008067 jalr             x0, x1, 0            x1:1c00b670
22163736ns          371791 1c00b670 31f52563 p.beqimm         x10, 778            x10:00000000
22163756ns          371792 1c00b674 001d8d93 addi             x27, x27, 1         x27=00000016 x27:00000015
22163776ns          371793 1c00b676 00044503 lbu              x10, 0(x8)          x10=00000061  x8:1c000077  PA:1c000077
22164074ns          371808 1c00b67a 00140413 addi             x8, x8, 1            x8=1c000078  x8:1c000077
22164094ns          371809 1c00b67c fe0514e3 bne              x10, x0, -24        x10:00000061
22164154ns          371812 1c00b664 02500793 addi             x15, x0, 37         x15=00000025
22164174ns          371813 1c00b668 04f50863 beq              x10, x15, 80        x10:00000061 x15:00000025
22164194ns          371814 1c00b66c 01a005b3 add              x11, x0, x26        x11=00000002 x26:00000002
22164213ns          371815 1c00b66e 000b00e7 jalr             x1, x22, 0           x1=1c00b670 x22:1c00b57a
22164253ns          371817 1c00b57a 000026b7 lui              x13, 0x2000         x13=00002000
22164273ns          371818 1c00b57c f14027f3 csrrs            x15, x0, 0xf14      x15=00000003
22164293ns          371819 1c00b580 f8068693 addi             x13, x13, -128      x13=00001f80 x13:00002000
22164313ns          371820 1c00b584 00379713 slli             x14, x15, 0x3       x14=00000018 x15:00000003
22164333ns          371821 1c00b588 00279793 slli             x15, x15, 0x2       x15=0000000c x15:00000003
22164353ns          371822 1c00b58a 00d7f7b3 and              x15, x15, x13       x15=00000000 x15:0000000c x13:00001f80
22164373ns          371823 1c00b58c ee873733 p.bclr           x14, x14, 23, 8     x14=00000018 x14:00000018
22164392ns          371824 1c00b590 1a10f6b7 lui              x13, 0x1a10f000     x13=1a10f000
22164412ns          371825 1c00b594 0ff57513 andi             x10, x10, 255       x10=00000061 x10:00000061
22164432ns          371826 1c00b598 00d70733 add              x14, x14, x13       x14=1a10f018 x14:00000018 x13:1a10f000
22164452ns          371827 1c00b59a 00a7e723 p.sw             x10, x0(x15)        x10:00000061 x15:00000000  PA:1a10f018
22164770ns          371843 1c00b59e 00000513 addi             x10, x0, 0          x10=00000000
22164790ns          371844 1c00b5a0 00008067 jalr             x0, x1, 0            x1:1c00b670
22164830ns          371846 1c00b670 31f52563 p.beqimm         x10, 778            x10:00000000
22164850ns          371847 1c00b674 001d8d93 addi             x27, x27, 1         x27=00000017 x27:00000016
22164870ns          371848 1c00b676 00044503 lbu              x10, 0(x8)          x10=00000074  x8:1c000078  PA:1c000078
22165188ns          371864 1c00b67a 00140413 addi             x8, x8, 1            x8=1c000079  x8:1c000078
22165208ns          371865 1c00b67c fe0514e3 bne              x10, x0, -24        x10:00000074
22165268ns          371868 1c00b664 02500793 addi             x15, x0, 37         x15=00000025
22165288ns          371869 1c00b668 04f50863 beq              x10, x15, 80        x10:00000074 x15:00000025
22165307ns          371870 1c00b66c 01a005b3 add              x11, x0, x26        x11=00000002 x26:00000002
22165327ns          371871 1c00b66e 000b00e7 jalr             x1, x22, 0           x1=1c00b670 x22:1c00b57a
22165367ns          371873 1c00b57a 000026b7 lui              x13, 0x2000         x13=00002000
22165387ns          371874 1c00b57c f14027f3 csrrs            x15, x0, 0xf14      x15=00000003
22165407ns          371875 1c00b580 f8068693 addi             x13, x13, -128      x13=00001f80 x13:00002000
22165427ns          371876 1c00b584 00379713 slli             x14, x15, 0x3       x14=00000018 x15:00000003
22165447ns          371877 1c00b588 00279793 slli             x15, x15, 0x2       x15=0000000c x15:00000003
22165467ns          371878 1c00b58a 00d7f7b3 and              x15, x15, x13       x15=00000000 x15:0000000c x13:00001f80
22165486ns          371879 1c00b58c ee873733 p.bclr           x14, x14, 23, 8     x14=00000018 x14:00000018
22165506ns          371880 1c00b590 1a10f6b7 lui              x13, 0x1a10f000     x13=1a10f000
22165526ns          371881 1c00b594 0ff57513 andi             x10, x10, 255       x10=00000074 x10:00000074
22165546ns          371882 1c00b598 00d70733 add              x14, x14, x13       x14=1a10f018 x14:00000018 x13:1a10f000
22165566ns          371883 1c00b59a 00a7e723 p.sw             x10, x0(x15)        x10:00000074 x15:00000000  PA:1a10f018
22165884ns          371899 1c00b59e 00000513 addi             x10, x0, 0          x10=00000000
22165904ns          371900 1c00b5a0 00008067 jalr             x0, x1, 0            x1:1c00b670
22165944ns          371902 1c00b670 31f52563 p.beqimm         x10, 778            x10:00000000
22165964ns          371903 1c00b674 001d8d93 addi             x27, x27, 1         x27=00000018 x27:00000017
22165984ns          371904 1c00b676 00044503 lbu              x10, 0(x8)          x10=00000069  x8:1c000079  PA:1c000079
22166282ns          371919 1c00b67a 00140413 addi             x8, x8, 1            x8=1c00007a  x8:1c000079
22166302ns          371920 1c00b67c fe0514e3 bne              x10, x0, -24        x10:00000069
22166362ns          371923 1c00b664 02500793 addi             x15, x0, 37         x15=00000025
22166381ns          371924 1c00b668 04f50863 beq              x10, x15, 80        x10:00000069 x15:00000025
22166401ns          371925 1c00b66c 01a005b3 add              x11, x0, x26        x11=00000002 x26:00000002
22166421ns          371926 1c00b66e 000b00e7 jalr             x1, x22, 0           x1=1c00b670 x22:1c00b57a
22166461ns          371928 1c00b57a 000026b7 lui              x13, 0x2000         x13=00002000
22166481ns          371929 1c00b57c f14027f3 csrrs            x15, x0, 0xf14      x15=00000003
22166501ns          371930 1c00b580 f8068693 addi             x13, x13, -128      x13=00001f80 x13:00002000
22166521ns          371931 1c00b584 00379713 slli             x14, x15, 0x3       x14=00000018 x15:00000003
22166541ns          371932 1c00b588 00279793 slli             x15, x15, 0x2       x15=0000000c x15:00000003
22166561ns          371933 1c00b58a 00d7f7b3 and              x15, x15, x13       x15=00000000 x15:0000000c x13:00001f80
22166580ns          371934 1c00b58c ee873733 p.bclr           x14, x14, 23, 8     x14=00000018 x14:00000018
22166600ns          371935 1c00b590 1a10f6b7 lui              x13, 0x1a10f000     x13=1a10f000
22166620ns          371936 1c00b594 0ff57513 andi             x10, x10, 255       x10=00000069 x10:00000069
22166640ns          371937 1c00b598 00d70733 add              x14, x14, x13       x14=1a10f018 x14:00000018 x13:1a10f000
22166660ns          371938 1c00b59a 00a7e723 p.sw             x10, x0(x15)        x10:00000069 x15:00000000  PA:1a10f018
22166978ns          371954 1c00b59e 00000513 addi             x10, x0, 0          x10=00000000
22166998ns          371955 1c00b5a0 00008067 jalr             x0, x1, 0            x1:1c00b670
22167038ns          371957 1c00b670 31f52563 p.beqimm         x10, 778            x10:00000000
22167058ns          371958 1c00b674 001d8d93 addi             x27, x27, 1         x27=00000019 x27:00000018
22167078ns          371959 1c00b676 00044503 lbu              x10, 0(x8)          x10=0000006f  x8:1c00007a  PA:1c00007a
22167376ns          371974 1c00b67a 00140413 addi             x8, x8, 1            x8=1c00007b  x8:1c00007a
22167396ns          371975 1c00b67c fe0514e3 bne              x10, x0, -24        x10:0000006f
22167456ns          371978 1c00b664 02500793 addi             x15, x0, 37         x15=00000025
22167475ns          371979 1c00b668 04f50863 beq              x10, x15, 80        x10:0000006f x15:00000025
22167495ns          371980 1c00b66c 01a005b3 add              x11, x0, x26        x11=00000002 x26:00000002
22167515ns          371981 1c00b66e 000b00e7 jalr             x1, x22, 0           x1=1c00b670 x22:1c00b57a
22167555ns          371983 1c00b57a 000026b7 lui              x13, 0x2000         x13=00002000
22167575ns          371984 1c00b57c f14027f3 csrrs            x15, x0, 0xf14      x15=00000003
22167595ns          371985 1c00b580 f8068693 addi             x13, x13, -128      x13=00001f80 x13:00002000
22167615ns          371986 1c00b584 00379713 slli             x14, x15, 0x3       x14=00000018 x15:00000003
22167635ns          371987 1c00b588 00279793 slli             x15, x15, 0x2       x15=0000000c x15:00000003
22167655ns          371988 1c00b58a 00d7f7b3 and              x15, x15, x13       x15=00000000 x15:0000000c x13:00001f80
22167674ns          371989 1c00b58c ee873733 p.bclr           x14, x14, 23, 8     x14=00000018 x14:00000018
22167694ns          371990 1c00b590 1a10f6b7 lui              x13, 0x1a10f000     x13=1a10f000
22167714ns          371991 1c00b594 0ff57513 andi             x10, x10, 255       x10=0000006f x10:0000006f
22167734ns          371992 1c00b598 00d70733 add              x14, x14, x13       x14=1a10f018 x14:00000018 x13:1a10f000
22167754ns          371993 1c00b59a 00a7e723 p.sw             x10, x0(x15)        x10:0000006f x15:00000000  PA:1a10f018
22168072ns          372009 1c00b59e 00000513 addi             x10, x0, 0          x10=00000000
22168092ns          372010 1c00b5a0 00008067 jalr             x0, x1, 0            x1:1c00b670
22168132ns          372012 1c00b670 31f52563 p.beqimm         x10, 778            x10:00000000
22168152ns          372013 1c00b674 001d8d93 addi             x27, x27, 1         x27=0000001a x27:00000019
22168172ns          372014 1c00b676 00044503 lbu              x10, 0(x8)          x10=0000006e  x8:1c00007b  PA:1c00007b
22168470ns          372029 1c00b67a 00140413 addi             x8, x8, 1            x8=1c00007c  x8:1c00007b
22168490ns          372030 1c00b67c fe0514e3 bne              x10, x0, -24        x10:0000006e
22168550ns          372033 1c00b664 02500793 addi             x15, x0, 37         x15=00000025
22168569ns          372034 1c00b668 04f50863 beq              x10, x15, 80        x10:0000006e x15:00000025
22168589ns          372035 1c00b66c 01a005b3 add              x11, x0, x26        x11=00000002 x26:00000002
22168609ns          372036 1c00b66e 000b00e7 jalr             x1, x22, 0           x1=1c00b670 x22:1c00b57a
22168649ns          372038 1c00b57a 000026b7 lui              x13, 0x2000         x13=00002000
22168669ns          372039 1c00b57c f14027f3 csrrs            x15, x0, 0xf14      x15=00000003
22168689ns          372040 1c00b580 f8068693 addi             x13, x13, -128      x13=00001f80 x13:00002000
22168709ns          372041 1c00b584 00379713 slli             x14, x15, 0x3       x14=00000018 x15:00000003
22168729ns          372042 1c00b588 00279793 slli             x15, x15, 0x2       x15=0000000c x15:00000003
22168748ns          372043 1c00b58a 00d7f7b3 and              x15, x15, x13       x15=00000000 x15:0000000c x13:00001f80
22168768ns          372044 1c00b58c ee873733 p.bclr           x14, x14, 23, 8     x14=00000018 x14:00000018
22168788ns          372045 1c00b590 1a10f6b7 lui              x13, 0x1a10f000     x13=1a10f000
22168808ns          372046 1c00b594 0ff57513 andi             x10, x10, 255       x10=0000006e x10:0000006e
22168828ns          372047 1c00b598 00d70733 add              x14, x14, x13       x14=1a10f018 x14:00000018 x13:1a10f000
22168848ns          372048 1c00b59a 00a7e723 p.sw             x10, x0(x15)        x10:0000006e x15:00000000  PA:1a10f018
22169186ns          372065 1c00b59e 00000513 addi             x10, x0, 0          x10=00000000
22169206ns          372066 1c00b5a0 00008067 jalr             x0, x1, 0            x1:1c00b670
22169246ns          372068 1c00b670 31f52563 p.beqimm         x10, 778            x10:00000000
22169266ns          372069 1c00b674 001d8d93 addi             x27, x27, 1         x27=0000001b x27:0000001a
22169286ns          372070 1c00b676 00044503 lbu              x10, 0(x8)          x10=00000073  x8:1c00007c  PA:1c00007c
22169584ns          372085 1c00b67a 00140413 addi             x8, x8, 1            x8=1c00007d  x8:1c00007c
22169604ns          372086 1c00b67c fe0514e3 bne              x10, x0, -24        x10:00000073
22169663ns          372089 1c00b664 02500793 addi             x15, x0, 37         x15=00000025
22169683ns          372090 1c00b668 04f50863 beq              x10, x15, 80        x10:00000073 x15:00000025
22169703ns          372091 1c00b66c 01a005b3 add              x11, x0, x26        x11=00000002 x26:00000002
22169723ns          372092 1c00b66e 000b00e7 jalr             x1, x22, 0           x1=1c00b670 x22:1c00b57a
22169763ns          372094 1c00b57a 000026b7 lui              x13, 0x2000         x13=00002000
22169783ns          372095 1c00b57c f14027f3 csrrs            x15, x0, 0xf14      x15=00000003
22169803ns          372096 1c00b580 f8068693 addi             x13, x13, -128      x13=00001f80 x13:00002000
22169823ns          372097 1c00b584 00379713 slli             x14, x15, 0x3       x14=00000018 x15:00000003
22169842ns          372098 1c00b588 00279793 slli             x15, x15, 0x2       x15=0000000c x15:00000003
22169862ns          372099 1c00b58a 00d7f7b3 and              x15, x15, x13       x15=00000000 x15:0000000c x13:00001f80
22169882ns          372100 1c00b58c ee873733 p.bclr           x14, x14, 23, 8     x14=00000018 x14:00000018
22169902ns          372101 1c00b590 1a10f6b7 lui              x13, 0x1a10f000     x13=1a10f000
22169922ns          372102 1c00b594 0ff57513 andi             x10, x10, 255       x10=00000073 x10:00000073
22169942ns          372103 1c00b598 00d70733 add              x14, x14, x13       x14=1a10f018 x14:00000018 x13:1a10f000
22169962ns          372104 1c00b59a 00a7e723 p.sw             x10, x0(x15)        x10:00000073 x15:00000000  PA:1a10f018
22170280ns          372120 1c00b59e 00000513 addi             x10, x0, 0          x10=00000000
22170300ns          372121 1c00b5a0 00008067 jalr             x0, x1, 0            x1:1c00b670
22170340ns          372123 1c00b670 31f52563 p.beqimm         x10, 778            x10:00000000
22170360ns          372124 1c00b674 001d8d93 addi             x27, x27, 1         x27=0000001c x27:0000001b
22170380ns          372125 1c00b676 00044503 lbu              x10, 0(x8)          x10=0000002e  x8:1c00007d  PA:1c00007d
22170678ns          372140 1c00b67a 00140413 addi             x8, x8, 1            x8=1c00007e  x8:1c00007d
22170698ns          372141 1c00b67c fe0514e3 bne              x10, x0, -24        x10:0000002e
22170757ns          372144 1c00b664 02500793 addi             x15, x0, 37         x15=00000025
22170777ns          372145 1c00b668 04f50863 beq              x10, x15, 80        x10:0000002e x15:00000025
22170797ns          372146 1c00b66c 01a005b3 add              x11, x0, x26        x11=00000002 x26:00000002
22170817ns          372147 1c00b66e 000b00e7 jalr             x1, x22, 0           x1=1c00b670 x22:1c00b57a
22170857ns          372149 1c00b57a 000026b7 lui              x13, 0x2000         x13=00002000
22170877ns          372150 1c00b57c f14027f3 csrrs            x15, x0, 0xf14      x15=00000003
22170897ns          372151 1c00b580 f8068693 addi             x13, x13, -128      x13=00001f80 x13:00002000
22170917ns          372152 1c00b584 00379713 slli             x14, x15, 0x3       x14=00000018 x15:00000003
22170936ns          372153 1c00b588 00279793 slli             x15, x15, 0x2       x15=0000000c x15:00000003
22170956ns          372154 1c00b58a 00d7f7b3 and              x15, x15, x13       x15=00000000 x15:0000000c x13:00001f80
22170976ns          372155 1c00b58c ee873733 p.bclr           x14, x14, 23, 8     x14=00000018 x14:00000018
22170996ns          372156 1c00b590 1a10f6b7 lui              x13, 0x1a10f000     x13=1a10f000
22171016ns          372157 1c00b594 0ff57513 andi             x10, x10, 255       x10=0000002e x10:0000002e
22171036ns          372158 1c00b598 00d70733 add              x14, x14, x13       x14=1a10f018 x14:00000018 x13:1a10f000
22171056ns          372159 1c00b59a 00a7e723 p.sw             x10, x0(x15)        x10:0000002e x15:00000000  PA:1a10f018
22171374ns          372175 1c00b59e 00000513 addi             x10, x0, 0          x10=00000000
22171394ns          372176 1c00b5a0 00008067 jalr             x0, x1, 0            x1:1c00b670
22171434ns          372178 1c00b670 31f52563 p.beqimm         x10, 778            x10:00000000
22171454ns          372179 1c00b674 001d8d93 addi             x27, x27, 1         x27=0000001d x27:0000001c
22171474ns          372180 1c00b676 00044503 lbu              x10, 0(x8)          x10=0000002e  x8:1c00007e  PA:1c00007e
22171772ns          372195 1c00b67a 00140413 addi             x8, x8, 1            x8=1c00007f  x8:1c00007e
22171792ns          372196 1c00b67c fe0514e3 bne              x10, x0, -24        x10:0000002e
22171851ns          372199 1c00b664 02500793 addi             x15, x0, 37         x15=00000025
22171871ns          372200 1c00b668 04f50863 beq              x10, x15, 80        x10:0000002e x15:00000025
22171891ns          372201 1c00b66c 01a005b3 add              x11, x0, x26        x11=00000002 x26:00000002
22171911ns          372202 1c00b66e 000b00e7 jalr             x1, x22, 0           x1=1c00b670 x22:1c00b57a
22171951ns          372204 1c00b57a 000026b7 lui              x13, 0x2000         x13=00002000
22171971ns          372205 1c00b57c f14027f3 csrrs            x15, x0, 0xf14      x15=00000003
22171991ns          372206 1c00b580 f8068693 addi             x13, x13, -128      x13=00001f80 x13:00002000
22172011ns          372207 1c00b584 00379713 slli             x14, x15, 0x3       x14=00000018 x15:00000003
22172030ns          372208 1c00b588 00279793 slli             x15, x15, 0x2       x15=0000000c x15:00000003
22172050ns          372209 1c00b58a 00d7f7b3 and              x15, x15, x13       x15=00000000 x15:0000000c x13:00001f80
22172070ns          372210 1c00b58c ee873733 p.bclr           x14, x14, 23, 8     x14=00000018 x14:00000018
22172090ns          372211 1c00b590 1a10f6b7 lui              x13, 0x1a10f000     x13=1a10f000
22172110ns          372212 1c00b594 0ff57513 andi             x10, x10, 255       x10=0000002e x10:0000002e
22172130ns          372213 1c00b598 00d70733 add              x14, x14, x13       x14=1a10f018 x14:00000018 x13:1a10f000
22172150ns          372214 1c00b59a 00a7e723 p.sw             x10, x0(x15)        x10:0000002e x15:00000000  PA:1a10f018
22172468ns          372230 1c00b59e 00000513 addi             x10, x0, 0          x10=00000000
22172488ns          372231 1c00b5a0 00008067 jalr             x0, x1, 0            x1:1c00b670
22172528ns          372233 1c00b670 31f52563 p.beqimm         x10, 778            x10:00000000
22172548ns          372234 1c00b674 001d8d93 addi             x27, x27, 1         x27=0000001e x27:0000001d
22172568ns          372235 1c00b676 00044503 lbu              x10, 0(x8)          x10=0000002e  x8:1c00007f  PA:1c00007f
22172866ns          372250 1c00b67a 00140413 addi             x8, x8, 1            x8=1c000080  x8:1c00007f
22172886ns          372251 1c00b67c fe0514e3 bne              x10, x0, -24        x10:0000002e
22172945ns          372254 1c00b664 02500793 addi             x15, x0, 37         x15=00000025
22172965ns          372255 1c00b668 04f50863 beq              x10, x15, 80        x10:0000002e x15:00000025
22172985ns          372256 1c00b66c 01a005b3 add              x11, x0, x26        x11=00000002 x26:00000002
22173005ns          372257 1c00b66e 000b00e7 jalr             x1, x22, 0           x1=1c00b670 x22:1c00b57a
22173045ns          372259 1c00b57a 000026b7 lui              x13, 0x2000         x13=00002000
22173065ns          372260 1c00b57c f14027f3 csrrs            x15, x0, 0xf14      x15=00000003
22173085ns          372261 1c00b580 f8068693 addi             x13, x13, -128      x13=00001f80 x13:00002000
22173105ns          372262 1c00b584 00379713 slli             x14, x15, 0x3       x14=00000018 x15:00000003
22173124ns          372263 1c00b588 00279793 slli             x15, x15, 0x2       x15=0000000c x15:00000003
22173144ns          372264 1c00b58a 00d7f7b3 and              x15, x15, x13       x15=00000000 x15:0000000c x13:00001f80
22173164ns          372265 1c00b58c ee873733 p.bclr           x14, x14, 23, 8     x14=00000018 x14:00000018
22173184ns          372266 1c00b590 1a10f6b7 lui              x13, 0x1a10f000     x13=1a10f000
22173204ns          372267 1c00b594 0ff57513 andi             x10, x10, 255       x10=0000002e x10:0000002e
22173224ns          372268 1c00b598 00d70733 add              x14, x14, x13       x14=1a10f018 x14:00000018 x13:1a10f000
22173244ns          372269 1c00b59a 00a7e723 p.sw             x10, x0(x15)        x10:0000002e x15:00000000  PA:1a10f018
22173562ns          372285 1c00b59e 00000513 addi             x10, x0, 0          x10=00000000
22173582ns          372286 1c00b5a0 00008067 jalr             x0, x1, 0            x1:1c00b670
22173622ns          372288 1c00b670 31f52563 p.beqimm         x10, 778            x10:00000000
22173642ns          372289 1c00b674 001d8d93 addi             x27, x27, 1         x27=0000001f x27:0000001e
22173662ns          372290 1c00b676 00044503 lbu              x10, 0(x8)          x10=00000020  x8:1c000080  PA:1c000080
22173960ns          372305 1c00b67a 00140413 addi             x8, x8, 1            x8=1c000081  x8:1c000080
22173980ns          372306 1c00b67c fe0514e3 bne              x10, x0, -24        x10:00000020
22174039ns          372309 1c00b664 02500793 addi             x15, x0, 37         x15=00000025
22174059ns          372310 1c00b668 04f50863 beq              x10, x15, 80        x10:00000020 x15:00000025
22174079ns          372311 1c00b66c 01a005b3 add              x11, x0, x26        x11=00000002 x26:00000002
22174099ns          372312 1c00b66e 000b00e7 jalr             x1, x22, 0           x1=1c00b670 x22:1c00b57a
22174139ns          372314 1c00b57a 000026b7 lui              x13, 0x2000         x13=00002000
22174159ns          372315 1c00b57c f14027f3 csrrs            x15, x0, 0xf14      x15=00000003
22174179ns          372316 1c00b580 f8068693 addi             x13, x13, -128      x13=00001f80 x13:00002000
22174199ns          372317 1c00b584 00379713 slli             x14, x15, 0x3       x14=00000018 x15:00000003
22174218ns          372318 1c00b588 00279793 slli             x15, x15, 0x2       x15=0000000c x15:00000003
22174238ns          372319 1c00b58a 00d7f7b3 and              x15, x15, x13       x15=00000000 x15:0000000c x13:00001f80
22174258ns          372320 1c00b58c ee873733 p.bclr           x14, x14, 23, 8     x14=00000018 x14:00000018
22174278ns          372321 1c00b590 1a10f6b7 lui              x13, 0x1a10f000     x13=1a10f000
22174298ns          372322 1c00b594 0ff57513 andi             x10, x10, 255       x10=00000020 x10:00000020
22174318ns          372323 1c00b598 00d70733 add              x14, x14, x13       x14=1a10f018 x14:00000018 x13:1a10f000
22174338ns          372324 1c00b59a 00a7e723 p.sw             x10, x0(x15)        x10:00000020 x15:00000000  PA:1a10f018
22174676ns          372341 1c00b59e 00000513 addi             x10, x0, 0          x10=00000000
22174696ns          372342 1c00b5a0 00008067 jalr             x0, x1, 0            x1:1c00b670
22174736ns          372344 1c00b670 31f52563 p.beqimm         x10, 778            x10:00000000
22174756ns          372345 1c00b674 001d8d93 addi             x27, x27, 1         x27=00000020 x27:0000001f
22174775ns          372346 1c00b676 00044503 lbu              x10, 0(x8)          x10=00000028  x8:1c000081  PA:1c000081
22175074ns          372361 1c00b67a 00140413 addi             x8, x8, 1            x8=1c000082  x8:1c000081
22175094ns          372362 1c00b67c fe0514e3 bne              x10, x0, -24        x10:00000028
22175153ns          372365 1c00b664 02500793 addi             x15, x0, 37         x15=00000025
22175173ns          372366 1c00b668 04f50863 beq              x10, x15, 80        x10:00000028 x15:00000025
22175193ns          372367 1c00b66c 01a005b3 add              x11, x0, x26        x11=00000002 x26:00000002
22175213ns          372368 1c00b66e 000b00e7 jalr             x1, x22, 0           x1=1c00b670 x22:1c00b57a
22175253ns          372370 1c00b57a 000026b7 lui              x13, 0x2000         x13=00002000
22175273ns          372371 1c00b57c f14027f3 csrrs            x15, x0, 0xf14      x15=00000003
22175293ns          372372 1c00b580 f8068693 addi             x13, x13, -128      x13=00001f80 x13:00002000
22175312ns          372373 1c00b584 00379713 slli             x14, x15, 0x3       x14=00000018 x15:00000003
22175332ns          372374 1c00b588 00279793 slli             x15, x15, 0x2       x15=0000000c x15:00000003
22175352ns          372375 1c00b58a 00d7f7b3 and              x15, x15, x13       x15=00000000 x15:0000000c x13:00001f80
22175372ns          372376 1c00b58c ee873733 p.bclr           x14, x14, 23, 8     x14=00000018 x14:00000018
22175392ns          372377 1c00b590 1a10f6b7 lui              x13, 0x1a10f000     x13=1a10f000
22175412ns          372378 1c00b594 0ff57513 andi             x10, x10, 255       x10=00000028 x10:00000028
22175432ns          372379 1c00b598 00d70733 add              x14, x14, x13       x14=1a10f018 x14:00000018 x13:1a10f000
22175452ns          372380 1c00b59a 00a7e723 p.sw             x10, x0(x15)        x10:00000028 x15:00000000  PA:1a10f018
22175770ns          372396 1c00b59e 00000513 addi             x10, x0, 0          x10=00000000
22175790ns          372397 1c00b5a0 00008067 jalr             x0, x1, 0            x1:1c00b670
22175830ns          372399 1c00b670 31f52563 p.beqimm         x10, 778            x10:00000000
22175849ns          372400 1c00b674 001d8d93 addi             x27, x27, 1         x27=00000021 x27:00000020
22175869ns          372401 1c00b676 00044503 lbu              x10, 0(x8)          x10=00000063  x8:1c000082  PA:1c000082
22176168ns          372416 1c00b67a 00140413 addi             x8, x8, 1            x8=1c000083  x8:1c000082
22176188ns          372417 1c00b67c fe0514e3 bne              x10, x0, -24        x10:00000063
22176247ns          372420 1c00b664 02500793 addi             x15, x0, 37         x15=00000025
22176267ns          372421 1c00b668 04f50863 beq              x10, x15, 80        x10:00000063 x15:00000025
22176287ns          372422 1c00b66c 01a005b3 add              x11, x0, x26        x11=00000002 x26:00000002
22176307ns          372423 1c00b66e 000b00e7 jalr             x1, x22, 0           x1=1c00b670 x22:1c00b57a
22176347ns          372425 1c00b57a 000026b7 lui              x13, 0x2000         x13=00002000
22176367ns          372426 1c00b57c f14027f3 csrrs            x15, x0, 0xf14      x15=00000003
22176387ns          372427 1c00b580 f8068693 addi             x13, x13, -128      x13=00001f80 x13:00002000
22176406ns          372428 1c00b584 00379713 slli             x14, x15, 0x3       x14=00000018 x15:00000003
22176426ns          372429 1c00b588 00279793 slli             x15, x15, 0x2       x15=0000000c x15:00000003
22176446ns          372430 1c00b58a 00d7f7b3 and              x15, x15, x13       x15=00000000 x15:0000000c x13:00001f80
22176466ns          372431 1c00b58c ee873733 p.bclr           x14, x14, 23, 8     x14=00000018 x14:00000018
22176486ns          372432 1c00b590 1a10f6b7 lui              x13, 0x1a10f000     x13=1a10f000
22176506ns          372433 1c00b594 0ff57513 andi             x10, x10, 255       x10=00000063 x10:00000063
22176526ns          372434 1c00b598 00d70733 add              x14, x14, x13       x14=1a10f018 x14:00000018 x13:1a10f000
22176546ns          372435 1c00b59a 00a7e723 p.sw             x10, x0(x15)        x10:00000063 x15:00000000  PA:1a10f018
22176864ns          372451 1c00b59e 00000513 addi             x10, x0, 0          x10=00000000
22176884ns          372452 1c00b5a0 00008067 jalr             x0, x1, 0            x1:1c00b670
22176924ns          372454 1c00b670 31f52563 p.beqimm         x10, 778            x10:00000000
22176943ns          372455 1c00b674 001d8d93 addi             x27, x27, 1         x27=00000022 x27:00000021
22176963ns          372456 1c00b676 00044503 lbu              x10, 0(x8)          x10=0000006f  x8:1c000083  PA:1c000083
22177282ns          372472 1c00b67a 00140413 addi             x8, x8, 1            x8=1c000084  x8:1c000083
22177302ns          372473 1c00b67c fe0514e3 bne              x10, x0, -24        x10:0000006f
22177361ns          372476 1c00b664 02500793 addi             x15, x0, 37         x15=00000025
22177381ns          372477 1c00b668 04f50863 beq              x10, x15, 80        x10:0000006f x15:00000025
22177401ns          372478 1c00b66c 01a005b3 add              x11, x0, x26        x11=00000002 x26:00000002
22177421ns          372479 1c00b66e 000b00e7 jalr             x1, x22, 0           x1=1c00b670 x22:1c00b57a
22177461ns          372481 1c00b57a 000026b7 lui              x13, 0x2000         x13=00002000
22177481ns          372482 1c00b57c f14027f3 csrrs            x15, x0, 0xf14      x15=00000003
22177500ns          372483 1c00b580 f8068693 addi             x13, x13, -128      x13=00001f80 x13:00002000
22177520ns          372484 1c00b584 00379713 slli             x14, x15, 0x3       x14=00000018 x15:00000003
22177540ns          372485 1c00b588 00279793 slli             x15, x15, 0x2       x15=0000000c x15:00000003
22177560ns          372486 1c00b58a 00d7f7b3 and              x15, x15, x13       x15=00000000 x15:0000000c x13:00001f80
22177580ns          372487 1c00b58c ee873733 p.bclr           x14, x14, 23, 8     x14=00000018 x14:00000018
22177600ns          372488 1c00b590 1a10f6b7 lui              x13, 0x1a10f000     x13=1a10f000
22177620ns          372489 1c00b594 0ff57513 andi             x10, x10, 255       x10=0000006f x10:0000006f
22177640ns          372490 1c00b598 00d70733 add              x14, x14, x13       x14=1a10f018 x14:00000018 x13:1a10f000
22177660ns          372491 1c00b59a 00a7e723 p.sw             x10, x0(x15)        x10:0000006f x15:00000000  PA:1a10f018
22177978ns          372507 1c00b59e 00000513 addi             x10, x0, 0          x10=00000000
22177998ns          372508 1c00b5a0 00008067 jalr             x0, x1, 0            x1:1c00b670
22178037ns          372510 1c00b670 31f52563 p.beqimm         x10, 778            x10:00000000
22178057ns          372511 1c00b674 001d8d93 addi             x27, x27, 1         x27=00000023 x27:00000022
22178077ns          372512 1c00b676 00044503 lbu              x10, 0(x8)          x10=00000072  x8:1c000084  PA:1c000084
22178376ns          372527 1c00b67a 00140413 addi             x8, x8, 1            x8=1c000085  x8:1c000084
22178396ns          372528 1c00b67c fe0514e3 bne              x10, x0, -24        x10:00000072
22178455ns          372531 1c00b664 02500793 addi             x15, x0, 37         x15=00000025
22178475ns          372532 1c00b668 04f50863 beq              x10, x15, 80        x10:00000072 x15:00000025
22178495ns          372533 1c00b66c 01a005b3 add              x11, x0, x26        x11=00000002 x26:00000002
22178515ns          372534 1c00b66e 000b00e7 jalr             x1, x22, 0           x1=1c00b670 x22:1c00b57a
22178555ns          372536 1c00b57a 000026b7 lui              x13, 0x2000         x13=00002000
22178575ns          372537 1c00b57c f14027f3 csrrs            x15, x0, 0xf14      x15=00000003
22178594ns          372538 1c00b580 f8068693 addi             x13, x13, -128      x13=00001f80 x13:00002000
22178614ns          372539 1c00b584 00379713 slli             x14, x15, 0x3       x14=00000018 x15:00000003
22178634ns          372540 1c00b588 00279793 slli             x15, x15, 0x2       x15=0000000c x15:00000003
22178654ns          372541 1c00b58a 00d7f7b3 and              x15, x15, x13       x15=00000000 x15:0000000c x13:00001f80
22178674ns          372542 1c00b58c ee873733 p.bclr           x14, x14, 23, 8     x14=00000018 x14:00000018
22178694ns          372543 1c00b590 1a10f6b7 lui              x13, 0x1a10f000     x13=1a10f000
22178714ns          372544 1c00b594 0ff57513 andi             x10, x10, 255       x10=00000072 x10:00000072
22178734ns          372545 1c00b598 00d70733 add              x14, x14, x13       x14=1a10f018 x14:00000018 x13:1a10f000
22178754ns          372546 1c00b59a 00a7e723 p.sw             x10, x0(x15)        x10:00000072 x15:00000000  PA:1a10f018
22179072ns          372562 1c00b59e 00000513 addi             x10, x0, 0          x10=00000000
22179092ns          372563 1c00b5a0 00008067 jalr             x0, x1, 0            x1:1c00b670
22179131ns          372565 1c00b670 31f52563 p.beqimm         x10, 778            x10:00000000
22179151ns          372566 1c00b674 001d8d93 addi             x27, x27, 1         x27=00000024 x27:00000023
22179171ns          372567 1c00b676 00044503 lbu              x10, 0(x8)          x10=00000065  x8:1c000085  PA:1c000085
22179470ns          372582 1c00b67a 00140413 addi             x8, x8, 1            x8=1c000086  x8:1c000085
22179490ns          372583 1c00b67c fe0514e3 bne              x10, x0, -24        x10:00000065
22179549ns          372586 1c00b664 02500793 addi             x15, x0, 37         x15=00000025
22179569ns          372587 1c00b668 04f50863 beq              x10, x15, 80        x10:00000065 x15:00000025
22179589ns          372588 1c00b66c 01a005b3 add              x11, x0, x26        x11=00000002 x26:00000002
22179609ns          372589 1c00b66e 000b00e7 jalr             x1, x22, 0           x1=1c00b670 x22:1c00b57a
22179649ns          372591 1c00b57a 000026b7 lui              x13, 0x2000         x13=00002000
22179669ns          372592 1c00b57c f14027f3 csrrs            x15, x0, 0xf14      x15=00000003
22179688ns          372593 1c00b580 f8068693 addi             x13, x13, -128      x13=00001f80 x13:00002000
22179708ns          372594 1c00b584 00379713 slli             x14, x15, 0x3       x14=00000018 x15:00000003
22179728ns          372595 1c00b588 00279793 slli             x15, x15, 0x2       x15=0000000c x15:00000003
22179748ns          372596 1c00b58a 00d7f7b3 and              x15, x15, x13       x15=00000000 x15:0000000c x13:00001f80
22179768ns          372597 1c00b58c ee873733 p.bclr           x14, x14, 23, 8     x14=00000018 x14:00000018
22179788ns          372598 1c00b590 1a10f6b7 lui              x13, 0x1a10f000     x13=1a10f000
22179808ns          372599 1c00b594 0ff57513 andi             x10, x10, 255       x10=00000065 x10:00000065
22179828ns          372600 1c00b598 00d70733 add              x14, x14, x13       x14=1a10f018 x14:00000018 x13:1a10f000
22179848ns          372601 1c00b59a 00a7e723 p.sw             x10, x0(x15)        x10:00000065 x15:00000000  PA:1a10f018
22180166ns          372617 1c00b59e 00000513 addi             x10, x0, 0          x10=00000000
22180186ns          372618 1c00b5a0 00008067 jalr             x0, x1, 0            x1:1c00b670
22180225ns          372620 1c00b670 31f52563 p.beqimm         x10, 778            x10:00000000
22180245ns          372621 1c00b674 001d8d93 addi             x27, x27, 1         x27=00000025 x27:00000024
22180265ns          372622 1c00b676 00044503 lbu              x10, 0(x8)          x10=00000069  x8:1c000086  PA:1c000086
22180564ns          372637 1c00b67a 00140413 addi             x8, x8, 1            x8=1c000087  x8:1c000086
22180583ns          372638 1c00b67c fe0514e3 bne              x10, x0, -24        x10:00000069
22180643ns          372641 1c00b664 02500793 addi             x15, x0, 37         x15=00000025
22180663ns          372642 1c00b668 04f50863 beq              x10, x15, 80        x10:00000069 x15:00000025
22180683ns          372643 1c00b66c 01a005b3 add              x11, x0, x26        x11=00000002 x26:00000002
22180703ns          372644 1c00b66e 000b00e7 jalr             x1, x22, 0           x1=1c00b670 x22:1c00b57a
22180743ns          372646 1c00b57a 000026b7 lui              x13, 0x2000         x13=00002000
22180763ns          372647 1c00b57c f14027f3 csrrs            x15, x0, 0xf14      x15=00000003
22180782ns          372648 1c00b580 f8068693 addi             x13, x13, -128      x13=00001f80 x13:00002000
22180802ns          372649 1c00b584 00379713 slli             x14, x15, 0x3       x14=00000018 x15:00000003
22180822ns          372650 1c00b588 00279793 slli             x15, x15, 0x2       x15=0000000c x15:00000003
22180842ns          372651 1c00b58a 00d7f7b3 and              x15, x15, x13       x15=00000000 x15:0000000c x13:00001f80
22180862ns          372652 1c00b58c ee873733 p.bclr           x14, x14, 23, 8     x14=00000018 x14:00000018
22180882ns          372653 1c00b590 1a10f6b7 lui              x13, 0x1a10f000     x13=1a10f000
22180902ns          372654 1c00b594 0ff57513 andi             x10, x10, 255       x10=00000069 x10:00000069
22180922ns          372655 1c00b598 00d70733 add              x14, x14, x13       x14=1a10f018 x14:00000018 x13:1a10f000
22180942ns          372656 1c00b59a 00a7e723 p.sw             x10, x0(x15)        x10:00000069 x15:00000000  PA:1a10f018
22181280ns          372673 1c00b59e 00000513 addi             x10, x0, 0          x10=00000000
22181300ns          372674 1c00b5a0 00008067 jalr             x0, x1, 0            x1:1c00b670
22181339ns          372676 1c00b670 31f52563 p.beqimm         x10, 778            x10:00000000
22181359ns          372677 1c00b674 001d8d93 addi             x27, x27, 1         x27=00000026 x27:00000025
22181379ns          372678 1c00b676 00044503 lbu              x10, 0(x8)          x10=00000064  x8:1c000087  PA:1c000087
22181677ns          372693 1c00b67a 00140413 addi             x8, x8, 1            x8=1c000088  x8:1c000087
22181697ns          372694 1c00b67c fe0514e3 bne              x10, x0, -24        x10:00000064
22181757ns          372697 1c00b664 02500793 addi             x15, x0, 37         x15=00000025
22181777ns          372698 1c00b668 04f50863 beq              x10, x15, 80        x10:00000064 x15:00000025
22181797ns          372699 1c00b66c 01a005b3 add              x11, x0, x26        x11=00000002 x26:00000002
22181817ns          372700 1c00b66e 000b00e7 jalr             x1, x22, 0           x1=1c00b670 x22:1c00b57a
22181857ns          372702 1c00b57a 000026b7 lui              x13, 0x2000         x13=00002000
22181876ns          372703 1c00b57c f14027f3 csrrs            x15, x0, 0xf14      x15=00000003
22181896ns          372704 1c00b580 f8068693 addi             x13, x13, -128      x13=00001f80 x13:00002000
22181916ns          372705 1c00b584 00379713 slli             x14, x15, 0x3       x14=00000018 x15:00000003
22181936ns          372706 1c00b588 00279793 slli             x15, x15, 0x2       x15=0000000c x15:00000003
22181956ns          372707 1c00b58a 00d7f7b3 and              x15, x15, x13       x15=00000000 x15:0000000c x13:00001f80
22181976ns          372708 1c00b58c ee873733 p.bclr           x14, x14, 23, 8     x14=00000018 x14:00000018
22181996ns          372709 1c00b590 1a10f6b7 lui              x13, 0x1a10f000     x13=1a10f000
22182016ns          372710 1c00b594 0ff57513 andi             x10, x10, 255       x10=00000064 x10:00000064
22182036ns          372711 1c00b598 00d70733 add              x14, x14, x13       x14=1a10f018 x14:00000018 x13:1a10f000
22182055ns          372712 1c00b59a 00a7e723 p.sw             x10, x0(x15)        x10:00000064 x15:00000000  PA:1a10f018
22182374ns          372728 1c00b59e 00000513 addi             x10, x0, 0          x10=00000000
22182394ns          372729 1c00b5a0 00008067 jalr             x0, x1, 0            x1:1c00b670
22182433ns          372731 1c00b670 31f52563 p.beqimm         x10, 778            x10:00000000
22182453ns          372732 1c00b674 001d8d93 addi             x27, x27, 1         x27=00000027 x27:00000026
22182473ns          372733 1c00b676 00044503 lbu              x10, 0(x8)          x10=00000020  x8:1c000088  PA:1c000088
22182771ns          372748 1c00b67a 00140413 addi             x8, x8, 1            x8=1c000089  x8:1c000088
22182791ns          372749 1c00b67c fe0514e3 bne              x10, x0, -24        x10:00000020
22182851ns          372752 1c00b664 02500793 addi             x15, x0, 37         x15=00000025
22182871ns          372753 1c00b668 04f50863 beq              x10, x15, 80        x10:00000020 x15:00000025
22182891ns          372754 1c00b66c 01a005b3 add              x11, x0, x26        x11=00000002 x26:00000002
22182911ns          372755 1c00b66e 000b00e7 jalr             x1, x22, 0           x1=1c00b670 x22:1c00b57a
22182950ns          372757 1c00b57a 000026b7 lui              x13, 0x2000         x13=00002000
22182970ns          372758 1c00b57c f14027f3 csrrs            x15, x0, 0xf14      x15=00000003
22182990ns          372759 1c00b580 f8068693 addi             x13, x13, -128      x13=00001f80 x13:00002000
22183010ns          372760 1c00b584 00379713 slli             x14, x15, 0x3       x14=00000018 x15:00000003
22183030ns          372761 1c00b588 00279793 slli             x15, x15, 0x2       x15=0000000c x15:00000003
22183050ns          372762 1c00b58a 00d7f7b3 and              x15, x15, x13       x15=00000000 x15:0000000c x13:00001f80
22183070ns          372763 1c00b58c ee873733 p.bclr           x14, x14, 23, 8     x14=00000018 x14:00000018
22183090ns          372764 1c00b590 1a10f6b7 lui              x13, 0x1a10f000     x13=1a10f000
22183110ns          372765 1c00b594 0ff57513 andi             x10, x10, 255       x10=00000020 x10:00000020
22183130ns          372766 1c00b598 00d70733 add              x14, x14, x13       x14=1a10f018 x14:00000018 x13:1a10f000
22183149ns          372767 1c00b59a 00a7e723 p.sw             x10, x0(x15)        x10:00000020 x15:00000000  PA:1a10f018
22183468ns          372783 1c00b59e 00000513 addi             x10, x0, 0          x10=00000000
22183488ns          372784 1c00b5a0 00008067 jalr             x0, x1, 0            x1:1c00b670
22183527ns          372786 1c00b670 31f52563 p.beqimm         x10, 778            x10:00000000
22183547ns          372787 1c00b674 001d8d93 addi             x27, x27, 1         x27=00000028 x27:00000027
22183567ns          372788 1c00b676 00044503 lbu              x10, 0(x8)          x10=0000003d  x8:1c000089  PA:1c000089
22183885ns          372804 1c00b67a 00140413 addi             x8, x8, 1            x8=1c00008a  x8:1c000089
22183905ns          372805 1c00b67c fe0514e3 bne              x10, x0, -24        x10:0000003d
22183965ns          372808 1c00b664 02500793 addi             x15, x0, 37         x15=00000025
22183985ns          372809 1c00b668 04f50863 beq              x10, x15, 80        x10:0000003d x15:00000025
22184005ns          372810 1c00b66c 01a005b3 add              x11, x0, x26        x11=00000002 x26:00000002
22184025ns          372811 1c00b66e 000b00e7 jalr             x1, x22, 0           x1=1c00b670 x22:1c00b57a
22184064ns          372813 1c00b57a 000026b7 lui              x13, 0x2000         x13=00002000
22184084ns          372814 1c00b57c f14027f3 csrrs            x15, x0, 0xf14      x15=00000003
22184104ns          372815 1c00b580 f8068693 addi             x13, x13, -128      x13=00001f80 x13:00002000
22184124ns          372816 1c00b584 00379713 slli             x14, x15, 0x3       x14=00000018 x15:00000003
22184144ns          372817 1c00b588 00279793 slli             x15, x15, 0x2       x15=0000000c x15:00000003
22184164ns          372818 1c00b58a 00d7f7b3 and              x15, x15, x13       x15=00000000 x15:0000000c x13:00001f80
22184184ns          372819 1c00b58c ee873733 p.bclr           x14, x14, 23, 8     x14=00000018 x14:00000018
22184204ns          372820 1c00b590 1a10f6b7 lui              x13, 0x1a10f000     x13=1a10f000
22184224ns          372821 1c00b594 0ff57513 andi             x10, x10, 255       x10=0000003d x10:0000003d
22184243ns          372822 1c00b598 00d70733 add              x14, x14, x13       x14=1a10f018 x14:00000018 x13:1a10f000
22184263ns          372823 1c00b59a 00a7e723 p.sw             x10, x0(x15)        x10:0000003d x15:00000000  PA:1a10f018
22184582ns          372839 1c00b59e 00000513 addi             x10, x0, 0          x10=00000000
22184601ns          372840 1c00b5a0 00008067 jalr             x0, x1, 0            x1:1c00b670
22184641ns          372842 1c00b670 31f52563 p.beqimm         x10, 778            x10:00000000
22184661ns          372843 1c00b674 001d8d93 addi             x27, x27, 1         x27=00000029 x27:00000028
22184681ns          372844 1c00b676 00044503 lbu              x10, 0(x8)          x10=00000020  x8:1c00008a  PA:1c00008a
22184979ns          372859 1c00b67a 00140413 addi             x8, x8, 1            x8=1c00008b  x8:1c00008a
22184999ns          372860 1c00b67c fe0514e3 bne              x10, x0, -24        x10:00000020
22185059ns          372863 1c00b664 02500793 addi             x15, x0, 37         x15=00000025
22185079ns          372864 1c00b668 04f50863 beq              x10, x15, 80        x10:00000020 x15:00000025
22185099ns          372865 1c00b66c 01a005b3 add              x11, x0, x26        x11=00000002 x26:00000002
22185119ns          372866 1c00b66e 000b00e7 jalr             x1, x22, 0           x1=1c00b670 x22:1c00b57a
22185158ns          372868 1c00b57a 000026b7 lui              x13, 0x2000         x13=00002000
22185178ns          372869 1c00b57c f14027f3 csrrs            x15, x0, 0xf14      x15=00000003
22185198ns          372870 1c00b580 f8068693 addi             x13, x13, -128      x13=00001f80 x13:00002000
22185218ns          372871 1c00b584 00379713 slli             x14, x15, 0x3       x14=00000018 x15:00000003
22185238ns          372872 1c00b588 00279793 slli             x15, x15, 0x2       x15=0000000c x15:00000003
22185258ns          372873 1c00b58a 00d7f7b3 and              x15, x15, x13       x15=00000000 x15:0000000c x13:00001f80
22185278ns          372874 1c00b58c ee873733 p.bclr           x14, x14, 23, 8     x14=00000018 x14:00000018
22185298ns          372875 1c00b590 1a10f6b7 lui              x13, 0x1a10f000     x13=1a10f000
22185317ns          372876 1c00b594 0ff57513 andi             x10, x10, 255       x10=00000020 x10:00000020
22185337ns          372877 1c00b598 00d70733 add              x14, x14, x13       x14=1a10f018 x14:00000018 x13:1a10f000
22185357ns          372878 1c00b59a 00a7e723 p.sw             x10, x0(x15)        x10:00000020 x15:00000000  PA:1a10f018
22185676ns          372894 1c00b59e 00000513 addi             x10, x0, 0          x10=00000000
22185695ns          372895 1c00b5a0 00008067 jalr             x0, x1, 0            x1:1c00b670
22185735ns          372897 1c00b670 31f52563 p.beqimm         x10, 778            x10:00000000
22185755ns          372898 1c00b674 001d8d93 addi             x27, x27, 1         x27=0000002a x27:00000029
22185775ns          372899 1c00b676 00044503 lbu              x10, 0(x8)          x10=00000025  x8:1c00008b  PA:1c00008b
22186073ns          372914 1c00b67a 00140413 addi             x8, x8, 1            x8=1c00008c  x8:1c00008b
22186093ns          372915 1c00b67c fe0514e3 bne              x10, x0, -24        x10:00000025
22186153ns          372918 1c00b664 02500793 addi             x15, x0, 37         x15=00000025
22186173ns          372919 1c00b668 04f50863 beq              x10, x15, 80        x10:00000025 x15:00000025
22186232ns          372922 1c00b6b8 00044483 lbu              x9, 0(x8)            x9=00000064  x8:1c00008c  PA:1c00008c
22186551ns          372938 1c00b6bc 02000693 addi             x13, x0, 32         x13=00000020
22186571ns          372939 1c00b6c0 00140a93 addi             x21, x8, 1          x21=1c00008d  x8:1c00008c
22186591ns          372940 1c00b6c4 009005b3 add              x11, x0, x9         x11=00000064  x9:00000064
22186610ns          372941 1c00b6c6 138b8513 addi             x10, x23, 312       x10=1c000138 x23:1c000000
22186630ns          372942 1c00b6ca 00d12823 sw               x13, 16(x2)         x13:00000020  x2:10001d58  PA:10001d68
22186650ns          372943 1c00b6cc 00012c23 sw               x0, 24(x2)           x2:10001d58  PA:10001d70
22186670ns          372944 1c00b6ce 00012a23 sw               x0, 20(x2)           x2:10001d58  PA:10001d6c
22186690ns          372945 1c00b6d0 00012e23 sw               x0, 28(x2)           x2:10001d58  PA:10001d74
22186710ns          372946 1c00b6d2 00012623 sw               x0, 12(x2)           x2:10001d58  PA:10001d64
22186730ns          372947 1c00b6d4 02300913 addi             x18, x0, 35         x18=00000023
22186750ns          372948 1c00b6d8 02d00a13 addi             x20, x0, 45         x20=0000002d
22186770ns          372949 1c00b6dc 015009b3 add              x19, x0, x21        x19=1c00008d x21:1c00008d
22186789ns          372950 1c00b6de e1dff0ef jal              x1, -484             x1=1c00b6e0
22186909ns          372956 1c00b4fa 00054783 lbu              x15, 0(x10)         x15=0000002d x10:1c000138  PA:1c000138
22187227ns          372972 1c00b4fe 0ff5f593 andi             x11, x11, 255       x11=00000064 x11:00000064
22187247ns          372973 1c00b502 00b78c63 beq              x15, x11, 24        x15:0000002d x11:00000064
22187267ns          372974 1c00b506 00078b63 beq              x15, x0, 22         x15:0000002d
22187287ns          372975 1c00b508 00150793 addi             x15, x10, 1         x15=1c000139 x10:1c000138
22187307ns          372976 1c00b50c 0040006f jal              x0, 4              
22187386ns          372980 1c00b510 00f00533 add              x10, x0, x15        x10=1c000139 x15:1c000139
22187406ns          372981 1c00b512 0017c70b p.lbu            x14, 1(x15!)        x14=0000002b x15=1c00013a x15:1c000139  PA:1c000139
22187724ns          372997 1c00b516 feb71ce3 bne              x14, x11, -8        x14:0000002b x11:00000064
22187784ns          373000 1c00b50e 00070763 beq              x14, x0, 14         x14:0000002b
22187804ns          373001 1c00b510 00f00533 add              x10, x0, x15        x10=1c00013a x15:1c00013a
22187824ns          373002 1c00b512 0017c70b p.lbu            x14, 1(x15!)        x14=00000020 x15=1c00013b x15:1c00013a  PA:1c00013a
22188142ns          373018 1c00b516 feb71ce3 bne              x14, x11, -8        x14:00000020 x11:00000064
22188202ns          373021 1c00b50e 00070763 beq              x14, x0, 14         x14:00000020
22188222ns          373022 1c00b510 00f00533 add              x10, x0, x15        x10=1c00013b x15:1c00013b
22188241ns          373023 1c00b512 0017c70b p.lbu            x14, 1(x15!)        x14=00000023 x15=1c00013c x15:1c00013b  PA:1c00013b
22188560ns          373039 1c00b516 feb71ce3 bne              x14, x11, -8        x14:00000023 x11:00000064
22188619ns          373042 1c00b50e 00070763 beq              x14, x0, 14         x14:00000023
22188639ns          373043 1c00b510 00f00533 add              x10, x0, x15        x10=1c00013c x15:1c00013c
22188659ns          373044 1c00b512 0017c70b p.lbu            x14, 1(x15!)        x14=00000030 x15=1c00013d x15:1c00013c  PA:1c00013c
22188977ns          373060 1c00b516 feb71ce3 bne              x14, x11, -8        x14:00000030 x11:00000064
22189037ns          373063 1c00b50e 00070763 beq              x14, x0, 14         x14:00000030
22189057ns          373064 1c00b510 00f00533 add              x10, x0, x15        x10=1c00013d x15:1c00013d
22189077ns          373065 1c00b512 0017c70b p.lbu            x14, 1(x15!)        x14=00000000 x15=1c00013e x15:1c00013d  PA:1c00013d
22189395ns          373081 1c00b516 feb71ce3 bne              x14, x11, -8        x14:00000000 x11:00000064
22189455ns          373084 1c00b50e 00070763 beq              x14, x0, 14         x14:00000000
22189514ns          373087 1c00b51c 0015b593 sltiu            x11, x11, 1         x11=00000000 x11:00000064
22189534ns          373088 1c00b520 40b005b3 sub              x11, x0, x11        x11=00000000 x11:00000000
22189554ns          373089 1c00b524 00b57533 and              x10, x10, x11       x10=00000000 x10:1c00013d x11:00000000
22189574ns          373090 1c00b526 00008067 jalr             x0, x1, 0            x1:1c00b6e0
22189614ns          373092 1c00b6e0 02050a63 beq              x10, x0, 52         x10:00000000
22189713ns          373097 1c00b714 02a00613 addi             x12, x0, 42         x12=0000002a
22189753ns          373099 1c00b718 2ac48663 beq              x9, x12, 684         x9:00000064 x12:0000002a
22189773ns          373100 1c00b71c fd048613 addi             x12, x9, -48        x12=00000034  x9:00000064
22190091ns          373116 1c00b720 00900593 addi             x11, x0, 9          x11=00000009
22190111ns          373117 1c00b722 00000913 addi             x18, x0, 0          x18=00000000
22190131ns          373118 1c00b724 28c5f063 bgeu             x11, x12, 640       x11:00000009 x12:00000034
22190151ns          373119 1c00b728 02e00693 addi             x13, x0, 46         x13=0000002e
22190171ns          373120 1c00b72c fff00a13 addi             x20, x0, -1         x20=ffffffff
22190191ns          373121 1c00b72e 2ed48363 beq              x9, x13, 742         x9:00000064 x13:0000002e
22190211ns          373122 1c00b732 1c0007b7 lui              x15, 0x1c000000     x15=1c000000
22190231ns          373123 1c00b736 009005b3 add              x11, x0, x9         x11=00000064  x9:00000064
22190250ns          373124 1c00b738 14078513 addi             x10, x15, 320       x10=1c000140 x15:1c000000
22190270ns          373125 1c00b73c dbfff0ef jal              x1, -578             x1=1c00b73e
22190370ns          373130 1c00b4fa 00054783 lbu              x15, 0(x10)         x15=00000068 x10:1c000140  PA:1c000140
22190688ns          373146 1c00b4fe 0ff5f593 andi             x11, x11, 255       x11=00000064 x11:00000064
22190708ns          373147 1c00b502 00b78c63 beq              x15, x11, 24        x15:00000068 x11:00000064
22190728ns          373148 1c00b506 00078b63 beq              x15, x0, 22         x15:00000068
22190748ns          373149 1c00b508 00150793 addi             x15, x10, 1         x15=1c000141 x10:1c000140
22190768ns          373150 1c00b50c 0040006f jal              x0, 4              
22190807ns          373152 1c00b510 00f00533 add              x10, x0, x15        x10=1c000141 x15:1c000141
22190827ns          373153 1c00b512 0017c70b p.lbu            x14, 1(x15!)        x14=0000006c x15=1c000142 x15:1c000141  PA:1c000141
22191145ns          373169 1c00b516 feb71ce3 bne              x14, x11, -8        x14:0000006c x11:00000064
22191205ns          373172 1c00b50e 00070763 beq              x14, x0, 14         x14:0000006c
22191225ns          373173 1c00b510 00f00533 add              x10, x0, x15        x10=1c000142 x15:1c000142
22191245ns          373174 1c00b512 0017c70b p.lbu            x14, 1(x15!)        x14=0000004c x15=1c000143 x15:1c000142  PA:1c000142
22191563ns          373190 1c00b516 feb71ce3 bne              x14, x11, -8        x14:0000004c x11:00000064
22191623ns          373193 1c00b50e 00070763 beq              x14, x0, 14         x14:0000004c
22191643ns          373194 1c00b510 00f00533 add              x10, x0, x15        x10=1c000143 x15:1c000143
22191663ns          373195 1c00b512 0017c70b p.lbu            x14, 1(x15!)        x14=0000007a x15=1c000144 x15:1c000143  PA:1c000143
22192001ns          373212 1c00b516 feb71ce3 bne              x14, x11, -8        x14:0000007a x11:00000064
22192060ns          373215 1c00b50e 00070763 beq              x14, x0, 14         x14:0000007a
22192080ns          373216 1c00b510 00f00533 add              x10, x0, x15        x10=1c000144 x15:1c000144
22192100ns          373217 1c00b512 0017c70b p.lbu            x14, 1(x15!)        x14=00000000 x15=1c000145 x15:1c000144  PA:1c000144
22192418ns          373233 1c00b516 feb71ce3 bne              x14, x11, -8        x14:00000000 x11:00000064
22192478ns          373236 1c00b50e 00070763 beq              x14, x0, 14         x14:00000000
22192538ns          373239 1c00b51c 0015b593 sltiu            x11, x11, 1         x11=00000000 x11:00000064
22192558ns          373240 1c00b520 40b005b3 sub              x11, x0, x11        x11=00000000 x11:00000000
22192578ns          373241 1c00b524 00b57533 and              x10, x10, x11       x10=00000000 x10:1c000144 x11:00000000
22192598ns          373242 1c00b526 00008067 jalr             x0, x1, 0            x1:1c00b73e
22192637ns          373244 1c00b73e 01300433 add              x8, x0, x19          x8=1c00008d x19:1c00008d
22192657ns          373245 1c00b740 00050563 beq              x10, x0, 10         x10:00000000
22192737ns          373249 1c00b74a 06700693 addi             x13, x0, 103        x13=00000067
22192796ns          373252 1c00b74e 2896d963 bge              x13, x9, 658        x13:00000067  x9:00000064
22192896ns          373257 1c00b9e0 06500693 addi             x13, x0, 101        x13=00000065
22192936ns          373259 1c00b9e4 12d4d563 bge              x9, x13, 298         x9:00000064 x13:00000065
22192956ns          373260 1c00b9e8 04700693 addi             x13, x0, 71         x13=00000047
22192975ns          373261 1c00b9ec dc96cbe3 blt              x13, x9, -554       x13:00000047  x9:00000064
22193115ns          373268 1c00b7c2 06300693 addi             x13, x0, 99         x13=00000063
22193135ns          373269 1c00b7c6 0ad488e3 beq              x9, x13, 2224        x9:00000064 x13:00000063
22193154ns          373270 1c00b7ca 0096c9e3 blt              x13, x9, 2066       x13:00000063  x9:00000064
22193314ns          373278 1c00bfdc 000c2583 lw               x11, 0(x24)         x11=00000003 x24:10001eb0  PA:10001eb0
22193393ns          373282 1c00bfe0 004c0c13 addi             x24, x24, 4         x24=10001eb4 x24:10001eb0
22193433ns          373284 1c00bfe2 3405cc63 blt              x11, x0, 856        x11:00000003
22193453ns          373285 1c00bfe6 01412603 lw               x12, 20(x2)         x12=00000000  x2:10001d58  PA:10001d6c
22193473ns          373286 1c00bfe8 00b006b3 add              x13, x0, x11        x13=00000003 x11:00000003
22193493ns          373287 1c00bfea 2e061863 bne              x12, x0, 752        x12:00000000
22193512ns          373288 1c00bfee 01812703 lw               x14, 24(x2)         x14=00000000  x2:10001d58  PA:10001d70
22193532ns          373289 1c00bff0 019007b3 add              x15, x0, x25        x15=10001d7c x25:10001d7c
22193552ns          373290 1c00bff2 00070763 beq              x14, x0, 14         x14:00000000
22193612ns          373293 1c00c000 00f00733 add              x14, x0, x15        x14=10001d7c x15:10001d7c
22193632ns          373294 1c00c002 00a00513 addi             x10, x0, 10         x10=0000000a
22193652ns          373295 1c00c004 02a6f633 remu             x12, x13, x10       x12=00000003 x13:00000003 x10:0000000a
22194268ns          373326 1c00c008 02a6d6b3 divu             x13, x13, x10       x13=00000000 x13:00000003 x10:0000000a
22194885ns          373357 1c00c00c 03060613 addi             x12, x12, 48        x12=00000033 x12:00000003
22194905ns          373358 1c00c010 00c700ab p.sb             x12, 1(x14!)        x14=10001d7d x12:00000033 x14:10001d7c  PA:10001d7c
22194925ns          373359 1c00c014 fe0698e3 bne              x13, x0, -16        x13:00000000
22194945ns          373360 1c00c016 40f706b3 sub              x13, x14, x15       x13=00000001 x14:10001d7d x15:10001d7c
22194965ns          373361 1c00c01a 0146dc63 bge              x13, x20, 24        x13:00000001 x20:ffffffff
22195044ns          373365 1c00c032 00e006b3 add              x13, x0, x14        x13=10001d7d x14:10001d7d
22195064ns          373366 1c00c034 fe068fab p.sb             x0, -1(x13!)        x13=10001d7c x13:10001d7d  PA:10001d7d
22195084ns          373367 1c00c038 00d7fc63 bgeu             x15, x13, 24        x15:10001d7c x13:10001d7c
22195243ns          373375 1c00c050 01412783 lw               x15, 20(x2)         x15=00000000  x2:10001d58  PA:10001d6c
22195263ns          373376 1c00c052 01812603 lw               x12, 24(x2)         x12=00000000  x2:10001d58  PA:10001d70
22195283ns          373377 1c00c054 419704b3 sub              x9, x14, x25         x9=00000001 x14:10001d7d x25:10001d7c
22195303ns          373378 1c00c058 00c7e7b3 or               x15, x15, x12       x15=00000000 x15:00000000 x12:00000000
22195323ns          373379 1c00c05a 00f12623 sw               x15, 12(x2)         x15:00000000  x2:10001d58  PA:10001d64
22195342ns          373380 1c00c05c 00079363 bne              x15, x0, 6          x15:00000000
22195362ns          373381 1c00c05e 01f5d593 srli             x11, x11, 0x1f      x11=00000000 x11:00000003
22195382ns          373382 1c00c060 00b12623 sw               x11, 12(x2)         x11:00000000  x2:10001d58  PA:10001d64
22195422ns          373384 1c00c062 e3fa28e3 p.beqimm         x20, -464           x20:ffffffff
22195502ns          373388 1c00be92 0c800793 addi             x15, x0, 200        x15=000000c8
22195521ns          373389 1c00be96 9e97d0e3 bge              x15, x9, -1568      x15:000000c8  x9:00000001
22195720ns          373399 1c00b876 0f24d163 bge              x9, x18, 226         x9:00000001 x18:00000000
22195879ns          373407 1c00b958 d00482e3 beq              x9, x0, -764         x9:00000001
22195919ns          373409 1c00b95c 01900933 add              x18, x0, x25        x18=10001d7c x25:10001d7c
22195979ns          373412 1c00b95e 419d8db3 sub              x27, x27, x25       x27=efffe2ae x27:0000002a x25:10001d7c
22195999ns          373413 1c00b962 00a0006f jal              x0, 10             
22196039ns          373415 1c00b96c 0019450b p.lbu            x10, 1(x18!)        x10=00000033 x18=10001d7d x18:10001d7c  PA:10001d7c
22196058ns          373416 1c00b970 01a005b3 add              x11, x0, x26        x11=00000002 x26:00000002
22196078ns          373417 1c00b972 000b00e7 jalr             x1, x22, 0           x1=1c00b974 x22:1c00b57a
22196118ns          373419 1c00b57a 000026b7 lui              x13, 0x2000         x13=00002000
22196138ns          373420 1c00b57c f14027f3 csrrs            x15, x0, 0xf14      x15=00000003
22196158ns          373421 1c00b580 f8068693 addi             x13, x13, -128      x13=00001f80 x13:00002000
22196178ns          373422 1c00b584 00379713 slli             x14, x15, 0x3       x14=00000018 x15:00000003
22196198ns          373423 1c00b588 00279793 slli             x15, x15, 0x2       x15=0000000c x15:00000003
22196218ns          373424 1c00b58a 00d7f7b3 and              x15, x15, x13       x15=00000000 x15:0000000c x13:00001f80
22196238ns          373425 1c00b58c ee873733 p.bclr           x14, x14, 23, 8     x14=00000018 x14:00000018
22196257ns          373426 1c00b590 1a10f6b7 lui              x13, 0x1a10f000     x13=1a10f000
22196277ns          373427 1c00b594 0ff57513 andi             x10, x10, 255       x10=00000033 x10:00000033
22196297ns          373428 1c00b598 00d70733 add              x14, x14, x13       x14=1a10f018 x14:00000018 x13:1a10f000
22196317ns          373429 1c00b59a 00a7e723 p.sw             x10, x0(x15)        x10:00000033 x15:00000000  PA:1a10f018
22196675ns          373447 1c00b59e 00000513 addi             x10, x0, 0          x10=00000000
22196695ns          373448 1c00b5a0 00008067 jalr             x0, x1, 0            x1:1c00b974
22196735ns          373450 1c00b974 fff48493 addi             x9, x9, -1           x9=00000000  x9:00000001
22196755ns          373451 1c00b976 fff537e3 p.bneimm         x10, -18            x10:00000000
22196874ns          373457 1c00b964 012d8733 add              x14, x27, x18       x14=0000002b x27:efffe2ae x18:10001d7d
22196894ns          373458 1c00b968 5a048b63 beq              x9, x0, 1462         x9:00000000
22196993ns          373463 1c00bf1e 00e00db3 add              x27, x0, x14        x27=0000002b x14:0000002b
22197073ns          373467 1c00bf20 f3cff06f jal              x0, -2244          
22197152ns          373471 1c00b65c 00044503 lbu              x10, 0(x8)          x10=00000029  x8:1c00008d  PA:1c00008d
22197471ns          373487 1c00b660 00140413 addi             x8, x8, 1            x8=1c00008e  x8:1c00008d
22197491ns          373488 1c00b662 00050e63 beq              x10, x0, 28         x10:00000029
22197511ns          373489 1c00b664 02500793 addi             x15, x0, 37         x15=00000025
22197530ns          373490 1c00b668 04f50863 beq              x10, x15, 80        x10:00000029 x15:00000025
22197550ns          373491 1c00b66c 01a005b3 add              x11, x0, x26        x11=00000002 x26:00000002
22197570ns          373492 1c00b66e 000b00e7 jalr             x1, x22, 0           x1=1c00b670 x22:1c00b57a
22197630ns          373495 1c00b57a 000026b7 lui              x13, 0x2000         x13=00002000
22197650ns          373496 1c00b57c f14027f3 csrrs            x15, x0, 0xf14      x15=00000003
22197670ns          373497 1c00b580 f8068693 addi             x13, x13, -128      x13=00001f80 x13:00002000
22197690ns          373498 1c00b584 00379713 slli             x14, x15, 0x3       x14=00000018 x15:00000003
22197709ns          373499 1c00b588 00279793 slli             x15, x15, 0x2       x15=0000000c x15:00000003
22197729ns          373500 1c00b58a 00d7f7b3 and              x15, x15, x13       x15=00000000 x15:0000000c x13:00001f80
22197749ns          373501 1c00b58c ee873733 p.bclr           x14, x14, 23, 8     x14=00000018 x14:00000018
22197769ns          373502 1c00b590 1a10f6b7 lui              x13, 0x1a10f000     x13=1a10f000
22197789ns          373503 1c00b594 0ff57513 andi             x10, x10, 255       x10=00000029 x10:00000029
22197809ns          373504 1c00b598 00d70733 add              x14, x14, x13       x14=1a10f018 x14:00000018 x13:1a10f000
22197829ns          373505 1c00b59a 00a7e723 p.sw             x10, x0(x15)        x10:00000029 x15:00000000  PA:1a10f018
22198167ns          373522 1c00b59e 00000513 addi             x10, x0, 0          x10=00000000
22198187ns          373523 1c00b5a0 00008067 jalr             x0, x1, 0            x1:1c00b670
22198227ns          373525 1c00b670 31f52563 p.beqimm         x10, 778            x10:00000000
22198246ns          373526 1c00b674 001d8d93 addi             x27, x27, 1         x27=0000002c x27:0000002b
22198266ns          373527 1c00b676 00044503 lbu              x10, 0(x8)          x10=0000000a  x8:1c00008e  PA:1c00008e
22198585ns          373543 1c00b67a 00140413 addi             x8, x8, 1            x8=1c00008f  x8:1c00008e
22198605ns          373544 1c00b67c fe0514e3 bne              x10, x0, -24        x10:0000000a
22198664ns          373547 1c00b664 02500793 addi             x15, x0, 37         x15=00000025
22198684ns          373548 1c00b668 04f50863 beq              x10, x15, 80        x10:0000000a x15:00000025
22198704ns          373549 1c00b66c 01a005b3 add              x11, x0, x26        x11=00000002 x26:00000002
22198724ns          373550 1c00b66e 000b00e7 jalr             x1, x22, 0           x1=1c00b670 x22:1c00b57a
22198764ns          373552 1c00b57a 000026b7 lui              x13, 0x2000         x13=00002000
22198784ns          373553 1c00b57c f14027f3 csrrs            x15, x0, 0xf14      x15=00000003
22198803ns          373554 1c00b580 f8068693 addi             x13, x13, -128      x13=00001f80 x13:00002000
22198823ns          373555 1c00b584 00379713 slli             x14, x15, 0x3       x14=00000018 x15:00000003
22198843ns          373556 1c00b588 00279793 slli             x15, x15, 0x2       x15=0000000c x15:00000003
22198863ns          373557 1c00b58a 00d7f7b3 and              x15, x15, x13       x15=00000000 x15:0000000c x13:00001f80
22198883ns          373558 1c00b58c ee873733 p.bclr           x14, x14, 23, 8     x14=00000018 x14:00000018
22198903ns          373559 1c00b590 1a10f6b7 lui              x13, 0x1a10f000     x13=1a10f000
22198923ns          373560 1c00b594 0ff57513 andi             x10, x10, 255       x10=0000000a x10:0000000a
22198943ns          373561 1c00b598 00d70733 add              x14, x14, x13       x14=1a10f018 x14:00000018 x13:1a10f000
22198963ns          373562 1c00b59a 00a7e723 p.sw             x10, x0(x15)        x10:0000000a x15:00000000  PA:1a10f018
22199281ns          373578 1c00b59e 00000513 addi             x10, x0, 0          x10=00000000
22199301ns          373579 1c00b5a0 00008067 jalr             x0, x1, 0            x1:1c00b670
22199340ns          373581 1c00b670 31f52563 p.beqimm         x10, 778            x10:00000000
22199360ns          373582 1c00b674 001d8d93 addi             x27, x27, 1         x27=0000002d x27:0000002c
22199380ns          373583 1c00b676 00044503 lbu              x10, 0(x8)          x10=00000000  x8:1c00008f  PA:1c00008f
22199679ns          373598 1c00b67a 00140413 addi             x8, x8, 1            x8=1c000090  x8:1c00008f
22199699ns          373599 1c00b67c fe0514e3 bne              x10, x0, -24        x10:00000000
22199718ns          373600 1c00b67e 01b00433 add              x8, x0, x27          x8=0000002d x27:0000002d
22199738ns          373601 1c00b680 00800533 add              x10, x0, x8         x10=0000002d  x8:0000002d
22199758ns          373602 1c00b682 12c12083 lw               x1, 300(x2)          x1=1c00b60e  x2:10001d58  PA:10001e84
22199778ns          373603 1c00b686 12812403 lw               x8, 296(x2)          x8=00000003  x2:10001d58  PA:10001e80
22199798ns          373604 1c00b68a 12412483 lw               x9, 292(x2)          x9=xxxxxxxx  x2:10001d58  PA:10001e7c
22200136ns          373621 1c00b68e 12012903 lw               x18, 288(x2)        x18=xxxxxxxx  x2:10001d58  PA:10001e78
22200176ns          373623 1c00b692 11c12983 lw               x19, 284(x2)        x19=xxxxxxxx  x2:10001d58  PA:10001e74
22200196ns          373624 1c00b696 11812a03 lw               x20, 280(x2)        x20=xxxxxxxx  x2:10001d58  PA:10001e70
22200216ns          373625 1c00b69a 11412a83 lw               x21, 276(x2)        x21=xxxxxxxx  x2:10001d58  PA:10001e6c
22200653ns          373647 1c00b69e 11012b03 lw               x22, 272(x2)        x22=xxxxxxxx  x2:10001d58  PA:10001e68
22200693ns          373649 1c00b6a2 10c12b83 lw               x23, 268(x2)        x23=xxxxxxxx  x2:10001d58  PA:10001e64
22200713ns          373650 1c00b6a6 10812c03 lw               x24, 264(x2)        x24=xxxxxxxx  x2:10001d58  PA:10001e60
22200733ns          373651 1c00b6aa 10412c83 lw               x25, 260(x2)        x25=xxxxxxxx  x2:10001d58  PA:10001e5c
22200753ns          373652 1c00b6ae 10012d03 lw               x26, 256(x2)        x26=xxxxxxxx  x2:10001d58  PA:10001e58
22200773ns          373653 1c00b6b2 0fc12d83 lw               x27, 252(x2)        x27=xxxxxxxx  x2:10001d58  PA:10001e54
22200792ns          373654 1c00b6b4 13010113 addi             x2, x2, 304          x2=10001e88  x2:10001d58
22200812ns          373655 1c00b6b6 00008067 jalr             x0, x1, 0            x1:1c00b60e
22200972ns          373663 1c00b60e 01c12083 lw               x1, 28(x2)           x1=1c00ab30  x2:10001e88  PA:10001ea4
22201051ns          373667 1c00b610 04010113 addi             x2, x2, 64           x2=10001ec8  x2:10001e88
22201071ns          373668 1c00b612 00008067 jalr             x0, x1, 0            x1:1c00ab30
22201111ns          373670 1c00ab30 00300793 addi             x15, x0, 3          x15=00000003
22201131ns          373671 1c00ab32 0087f463 bgeu             x15, x8, 8          x15:00000003  x8:00000003
22201210ns          373675 1c00ab3a 663010ef jal              x1, 7778             x1=1c00ab3e
22202085ns          373719 1c00c99c f14027f3 csrrs            x15, x0, 0xf14      x15=00000003
22202583ns          373744 1c00c9a0 01f00713 addi             x14, x0, 31         x14=0000001f
22202622ns          373746 1c00c9a2 ca5797b3 p.extractu       x15, x15, 5, 5      x15=00000000 x15:00000003
22202642ns          373747 1c00c9a6 00e78863 beq              x15, x14, 16        x15:00000000 x14:0000001f
22202662ns          373748 1c00c9aa 002047b7 lui              x15, 0x204000       x15=00204000
22203100ns          373770 1c00c9ae 20078793 addi             x15, x15, 512       x15=00204200 x15:00204000
22203140ns          373772 1c00c9b2 01c7e703 p.elw            x14, 28(x15)        x14=00010000 x15:00204200  PA:0020421c
22203259ns          373778 1c00c9b6 00008067 jalr             x0, x1, 0            x1:1c00ab3e
22203716ns          373801 1c00ab3e f14027f3 csrrs            x15, x0, 0xf14      x15=00000003
22203756ns          373803 1c00ab42 f457b7b3 p.bclr           x15, x15, 26, 5     x15=00000003 x15:00000003
22203776ns          373804 1c00ab46 3e078563 beq              x15, x0, 1002       x15:00000003
22203796ns          373805 1c00ab4a 1c010937 lui              x18, 0x1c010000     x18=1c010000
22203816ns          373806 1c00ab4e 01900493 addi             x9, x0, 25           x9=00000019
22204253ns          373828 1c00ab50 029404b3 mul              x9, x8, x9           x9=0000004b  x8:00000003  x9:00000019
22204293ns          373830 1c00ab54 00090913 addi             x18, x18, 0         x18=1c010000 x18:1c010000
22204313ns          373831 1c00ab58 00249793 slli             x15, x9, 0x2        x15=0000012c  x9:0000004b
22204333ns          373832 1c00ab5c 08090493 addi             x9, x18, 128         x9=1c010080 x18:1c010000
22204810ns          373856 1c00ab60 00f484b3 add              x9, x9, x15          x9=1c0101ac  x9:1c010080 x15:0000012c
22204830ns          373857 1c00ab62 0004a783 lw               x15, 0(x9)          x15=4411796e  x9:1c0101ac  PA:1c0101ac
22205347ns          373883 1c00ab64 0044a083 lw               x1, 4(x9)            x1=438eb70b  x9:1c0101ac  PA:1c0101b0
22205666ns          373899 1c00ab68 02f12423 sw               x15, 40(x2)         x15:4411796e  x2:10001ec8  PA:10001ef0
22205686ns          373900 1c00ab6a 0084a783 lw               x15, 8(x9)          x15=c3307baa  x9:1c0101ac  PA:1c0101b4
22205984ns          373915 1c00ab6c 02112623 sw               x1, 44(x2)           x1:438eb70b  x2:10001ec8  PA:10001ef4
22206004ns          373916 1c00ab6e 02f12823 sw               x15, 48(x2)         x15:c3307baa  x2:10001ec8  PA:10001ef8
22206024ns          373917 1c00ab70 00c4a083 lw               x1, 12(x9)           x1=c21f2396  x9:1c0101ac  PA:1c0101b8
22206342ns          373933 1c00ab74 0104a783 lw               x15, 16(x9)         x15=c2f9eeb7  x9:1c0101ac  PA:1c0101bc
22206640ns          373948 1c00ab76 02112a23 sw               x1, 52(x2)           x1:c21f2396  x2:10001ec8  PA:10001efc
22206660ns          373949 1c00ab78 02f12c23 sw               x15, 56(x2)         x15:c2f9eeb7  x2:10001ec8  PA:10001f00
22206680ns          373950 1c00ab7a 0204a083 lw               x1, 32(x9)           x1=42f08acc  x9:1c0101ac  PA:1c0101cc
22206979ns          373965 1c00ab7e 0244a783 lw               x15, 36(x9)         x15=c2aa3c62  x9:1c0101ac  PA:1c0101d0
22207277ns          373980 1c00ab80 0144a503 lw               x10, 20(x9)         x10=438eb70b  x9:1c0101ac  PA:1c0101c0
22207575ns          373995 1c00ab82 0184a583 lw               x11, 24(x9)         x11=438d2ae6  x9:1c0101ac  PA:1c0101c4
22207893ns          374011 1c00ab84 04112423 sw               x1, 72(x2)           x1:42f08acc  x2:10001ec8  PA:10001f10
22207913ns          374012 1c00ab86 04f12623 sw               x15, 76(x2)         x15:c2aa3c62  x2:10001ec8  PA:10001f14
22207933ns          374013 1c00ab88 0284a083 lw               x1, 40(x9)           x1=c3307baa  x9:1c0101ac  PA:1c0101d4
22208232ns          374028 1c00ab8c 02c4a783 lw               x15, 44(x9)         x15=c2720321  x9:1c0101ac  PA:1c0101d8
22208530ns          374043 1c00ab8e 0584a683 lw               x13, 88(x9)         x13=4396d6ca  x9:1c0101ac  PA:1c010204
22208828ns          374058 1c00ab90 05c4a703 lw               x14, 92(x9)         x14=c37308f0  x9:1c0101ac  PA:1c010208
22209147ns          374074 1c00ab92 0304a383 lw               x7, 48(x9)           x7=43e5c120  x9:1c0101ac  PA:1c0101dc
22209445ns          374089 1c00ab96 0344a283 lw               x5, 52(x9)           x5=43908a85  x9:1c0101ac  PA:1c0101e0
22209743ns          374104 1c00ab9a 0384af83 lw               x31, 56(x9)         x31=4396d6ca  x9:1c0101ac  PA:1c0101e4
22210042ns          374119 1c00ab9e 03c4af03 lw               x30, 60(x9)         x30=c21f2396  x9:1c0101ac  PA:1c0101e8
22210340ns          374134 1c00aba2 0404ae83 lw               x29, 64(x9)         x29=42f08acc  x9:1c0101ac  PA:1c0101ec
22210638ns          374149 1c00aba6 0444ae03 lw               x28, 68(x9)         x28=43908a85  x9:1c0101ac  PA:1c0101f0
22210937ns          374164 1c00abaa 0484a303 lw               x6, 72(x9)           x6=446ce7ce  x9:1c0101ac  PA:1c0101f4
22211235ns          374179 1c00abae 04c4a883 lw               x17, 76(x9)         x17=c37308f0  x9:1c0101ac  PA:1c0101f8
22211534ns          374194 1c00abb2 0504a803 lw               x16, 80(x9)         x16=c2f9eeb7  x9:1c0101ac  PA:1c0101fc
22211852ns          374210 1c00abb6 0544a603 lw               x12, 84(x9)         x12=c2aa3c62  x9:1c0101ac  PA:1c010200
22212150ns          374225 1c00abb8 04112823 sw               x1, 80(x2)           x1:c3307baa  x2:10001ec8  PA:10001f18
22212170ns          374226 1c00abba 04f12a23 sw               x15, 84(x2)         x15:c2720321  x2:10001ec8  PA:10001f1c
22212190ns          374227 1c00abbc 0604a783 lw               x15, 96(x9)         x15=440ec2a0  x9:1c0101ac  PA:1c01020c
22212488ns          374242 1c00abbe 01c4a483 lw               x9, 28(x9)           x9=c2720321  x9:1c0101ac  PA:1c0101c8
22212787ns          374257 1c00abc0 02a12e23 sw               x10, 60(x2)         x10:438eb70b  x2:10001ec8  PA:10001f04
22212807ns          374258 1c00abc2 04912223 sw               x9, 68(x2)           x9:c2720321  x2:10001ec8  PA:10001f0c
22212826ns          374259 1c00abc4 02810493 addi             x9, x2, 40           x9=10001ef0  x2:10001ec8
22212846ns          374260 1c00abc6 04b12023 sw               x11, 64(x2)         x11:438d2ae6  x2:10001ec8  PA:10001f08
22212886ns          374262 1c00abc8 00900533 add              x10, x0, x9         x10=10001ef0  x9:10001ef0
22212906ns          374263 1c00abca 00810593 addi             x11, x2, 8          x11=10001ed0  x2:10001ec8
22212926ns          374264 1c00abcc 08d12023 sw               x13, 128(x2)        x13:4396d6ca  x2:10001ec8  PA:10001f48
22212946ns          374265 1c00abce 08e12223 sw               x14, 132(x2)        x14:c37308f0  x2:10001ec8  PA:10001f4c
22213125ns          374274 1c00abd0 08f12423 sw               x15, 136(x2)        x15:440ec2a0  x2:10001ec8  PA:10001f50
22213145ns          374275 1c00abd2 04712c23 sw               x7, 88(x2)           x7:43e5c120  x2:10001ec8  PA:10001f20
22213165ns          374276 1c00abd4 04512e23 sw               x5, 92(x2)           x5:43908a85  x2:10001ec8  PA:10001f24
22213184ns          374277 1c00abd6 07f12023 sw               x31, 96(x2)         x31:4396d6ca  x2:10001ec8  PA:10001f28
22213204ns          374278 1c00abd8 07e12223 sw               x30, 100(x2)        x30:c21f2396  x2:10001ec8  PA:10001f2c
22213224ns          374279 1c00abda 07d12423 sw               x29, 104(x2)        x29:42f08acc  x2:10001ec8  PA:10001f30
22213244ns          374280 1c00abdc 07c12623 sw               x28, 108(x2)        x28:43908a85  x2:10001ec8  PA:10001f34
22213264ns          374281 1c00abde 06612823 sw               x6, 112(x2)          x6:446ce7ce  x2:10001ec8  PA:10001f38
22213642ns          374300 1c00abe0 07112a23 sw               x17, 116(x2)        x17:c37308f0  x2:10001ec8  PA:10001f3c
22213662ns          374301 1c00abe2 07012c23 sw               x16, 120(x2)        x16:c2f9eeb7  x2:10001ec8  PA:10001f40
22213682ns          374302 1c00abe4 06c12e23 sw               x12, 124(x2)        x12:c2aa3c62  x2:10001ec8  PA:10001f44
22213702ns          374303 1c00abe6 becff0ef jal              x1, -3092            x1=1c00abea
22214159ns          374326 1c009fd2 f7010113 addi             x2, x2, -144         x2=10001e38  x2:10001ec8
22214199ns          374328 1c009fd4 1c0007b7 lui              x15, 0x1c000000     x15=1c000000
22214219ns          374329 1c009fd8 07612a23 sw               x22, 116(x2)        x22:xxxxxxxx  x2:10001e38  PA:10001eac
22214239ns          374330 1c009fda 0347ab03 lw               x22, 52(x15)        x22=73000000 x15:1c000000  PA:1c000034
22214716ns          374354 1c009fde 07a12223 sw               x26, 100(x2)        x26:xxxxxxxx  x2:10001e38  PA:10001e9c
22214736ns          374355 1c009fe0 00000d13 addi             x26, x0, 0          x26=00000000
22214756ns          374356 1c009fe2 08912423 sw               x9, 136(x2)          x9:10001ef0  x2:10001e38  PA:10001ec0
22214776ns          374357 1c009fe4 09212223 sw               x18, 132(x2)        x18:1c010000  x2:10001e38  PA:10001ebc
22214796ns          374358 1c009fe6 09312023 sw               x19, 128(x2)        x19:xxxxxxxx  x2:10001e38  PA:10001eb8
22214815ns          374359 1c009fe8 07412e23 sw               x20, 124(x2)        x20:xxxxxxxx  x2:10001e38  PA:10001eb4
22214835ns          374360 1c009fea 07512c23 sw               x21, 120(x2)        x21:xxxxxxxx  x2:10001e38  PA:10001eb0
22214855ns          374361 1c009fec 07712823 sw               x23, 112(x2)        x23:xxxxxxxx  x2:10001e38  PA:10001ea8
22214875ns          374362 1c009fee 07812623 sw               x24, 108(x2)        x24:xxxxxxxx  x2:10001e38  PA:10001ea4
22215213ns          374379 1c009ff0 07912423 sw               x25, 104(x2)        x25:xxxxxxxx  x2:10001e38  PA:10001ea0
22215233ns          374380 1c009ff2 07b12023 sw               x27, 96(x2)         x27:xxxxxxxx  x2:10001e38  PA:10001e98
22215253ns          374381 1c009ff4 08812623 sw               x8, 140(x2)          x8:00000003  x2:10001e38  PA:10001ec4
22215293ns          374383 1c009ff6 00a12623 sw               x10, 12(x2)         x10:10001ef0  x2:10001e38  PA:10001e44
22215333ns          374385 1c009ff8 04012623 sw               x0, 76(x2)           x2:10001e38  PA:10001e84
22215353ns          374386 1c009ffa 04012823 sw               x0, 80(x2)           x2:10001e38  PA:10001e88
22215372ns          374387 1c009ffc 04012a23 sw               x0, 84(x2)           x2:10001e38  PA:10001e8c
22215392ns          374388 1c009ffe 04012c23 sw               x0, 88(x2)           x2:10001e38  PA:10001e90
22215730ns          374405 1c00a000 04012e23 sw               x0, 92(x2)           x2:10001e38  PA:10001e94
22215770ns          374407 1c00a002 00450913 addi             x18, x10, 4         x18=10001ef4 x10:10001ef0
22215790ns          374408 1c00a006 00b00ab3 add              x21, x0, x11        x21=10001ed0 x11:10001ed0
22215810ns          374409 1c00a008 00850a13 addi             x20, x10, 8         x20=10001ef8 x10:10001ef0
22215830ns          374410 1c00a00c 00a009b3 add              x19, x0, x10        x19=10001ef0 x10:10001ef0
22215850ns          374411 1c00a00e 00500d93 addi             x27, x0, 5          x27=00000005
22216248ns          374431 1c00a010 00000b93 addi             x23, x0, 0          x23=00000000
22216268ns          374432 1c00a012 00300c13 addi             x24, x0, 3          x24=00000003
22216287ns          374433 1c00a014 01600cb3 add              x25, x0, x22        x25=73000000 x22:73000000
22216307ns          374434 1c00a016 01a004b3 add              x9, x0, x26          x9=00000000 x26:00000000
22216327ns          374435 1c00a018 00300d13 addi             x26, x0, 3          x26=00000003
22216347ns          374436 1c00a01a 418d0d33 sub              x26, x26, x24       x26=00000000 x26:00000003 x24:00000003
22216367ns          374437 1c00a01e 018005b3 add              x11, x0, x24        x11=00000003 x24:00000003
22216785ns          374458 1c00a020 00092503 lw               x10, 0(x18)         x10=438eb70b x18:10001ef4  PA:10001ef4
22216824ns          374460 1c00a024 423d2163 p.beqimm         x26, 1058           x26:00000000
22216844ns          374461 1c00a028 003b8813 addi             x16, x23, 3         x16=00000003 x23:00000000
22216864ns          374462 1c00a02c 400c0d63 beq              x24, x0, 1050       x24:00000003
22217322ns          374485 1c00a030 601c2b63 p.beqimm         x24, 1558           x24:00000003
22217361ns          374487 1c00a034 00648793 addi             x15, x9, 6          x15=00000006  x9:00000000
22217381ns          374488 1c00a038 7af85863 bge              x16, x15, 1968      x16:00000003 x15:00000006
22217401ns          374489 1c00a03c 01498313 addi             x6, x19, 20          x6=10001f04 x19:10001ef0
22217819ns          374510 1c00a040 414306b3 sub              x13, x6, x20        x13=0000000c  x6:10001f04 x20:10001ef8
22217859ns          374512 1c00a044 ffc68693 addi             x13, x13, -4        x13=00000008 x13:0000000c
22217879ns          374513 1c00a046 1c000737 lui              x14, 0x1c000000     x14=1c000000
22217899ns          374514 1c00a04a 0026d693 srli             x13, x13, 0x2       x13=00000002 x13:00000008
22217918ns          374515 1c00a04c 00000793 addi             x15, x0, 0          x15=00000000
22218336ns          374536 1c00a050 01c72603 lw               x12, 28(x14)        x12=00800000 x14:1c000000  PA:1c00001c
22218654ns          374552 1c00a054 014008b3 add              x17, x0, x20        x17=10001ef8 x20:10001ef8
22218674ns          374553 1c00a056 00f00eb3 add              x29, x0, x15        x29=00000000 x15:00000000
22218694ns          374554 1c00a058 00168693 addi             x13, x13, 1         x13=00000003 x13:00000002
22218714ns          374555 1c00a05a 0048a70b p.lw             x14, 4(x17!)        x14=c3307baa x17=10001efc x17:10001ef8  PA:10001ef8
22218893ns          374564 1c00a05e a1d71e53 flt.s            x28, f14, f29       x28=00000001 f14:c3307baa f29:00000000
22218933ns          374566 1c00a062 000e0463 beq              x28, x0, 8          x28:00000001
22218953ns          374567 1c00a066 20e71753 fsgnjn.s         f14, f14, f14       f14=xxxxxxxx f14:c3307baa f14:c3307baa
22218973ns          374568 1c00a06a a0e61e53 flt.s            x28, f12, f14       x28=00000001 f12:00800000 f14:43307baa
22219390ns          374589 1c00a06e 3a0e0863 beq              x28, x0, 944        x28:00000001
22219430ns          374591 1c00a072 18e67e53 fdiv.s           f28, f12, f14       f28=xxxxxxxx f12:00800000 f14:43307baa
22220206ns          374630 1c00a076 00e00633 add              x12, x0, x14        x12=xxxxxxxx x14:43307baa
22220226ns          374631 1c00a078 1c000737 lui              x14, 0x1c000000     x14=xxxxxxxx
22220464ns          374643 1c00a07c 11c7f7d3 fmul.s           f15, f15, f28       f15=xxxxxxxx f15:00000000 f28:0000b9ac
22220484ns          374644 1c00a080 04c70713 addi             x14, x14, 76        x14=1c00004c x14:1c000000
22220504ns          374645 1c00a084 00072703 lw               x14, 0(x14)         x14=3f800000 x14:1c00004c  PA:1c00004c
22220822ns          374661 1c00a086 70fe77c3 fmadd.s          f15, f28, f15, f14  f15=xxxxxxxx f28:0000b9ac f15:00000000 f14:3f800000
22220842ns          374662 1c00a08a fff68693 addi             x13, x13, -1        x13=00000002 x13:00000003
22220862ns          374663 1c00a08c fc0697e3 bne              x13, x0, -50        x13:00000002
22220942ns          374667 1c00a05a 0048a70b p.lw             x14, 4(x17!)        x14=c21f2396 x17=10001f00 x17:10001efc  PA:10001efc
22220982ns          374669 1c00a05e a1d71e53 flt.s            x28, f14, f29       x28=00000001 f14:c21f2396 f29:00000000
22221002ns          374670 1c00a062 000e0463 beq              x28, x0, 8          x28:00000001
22221021ns          374671 1c00a066 20e71753 fsgnjn.s         f14, f14, f14       f14=xxxxxxxx f14:c21f2396 f14:c21f2396
22221041ns          374672 1c00a06a a0e61e53 flt.s            x28, f12, f14       x28=00000000 f12:43307baa f14:421f2396
22221061ns          374673 1c00a06e 3a0e0863 beq              x28, x0, 944        x28:00000000
22221558ns          374698 1c00a41e 18c77753 fdiv.s           f14, f14, f12       f14=xxxxxxxx f14:421f2396 f12:43307baa
22222095ns          374725 1c00a422 78e777c3 fmadd.s          f15, f14, f14, f15  f15=xxxxxxxx f14:3e66d762 f14:3e66d762 f15:3f800000
22222115ns          374726 1c00a426 fff68693 addi             x13, x13, -1        x13=00000001 x13:00000002
22222135ns          374727 1c00a428 c20699e3 bne              x13, x0, -974       x13:00000001
22222394ns          374740 1c00a05a 0048a70b p.lw             x14, 4(x17!)        x14=c2f9eeb7 x17=10001f04 x17:10001f00  PA:10001f00
22222434ns          374742 1c00a05e a1d71e53 flt.s            x28, f14, f29       x28=00000001 f14:c2f9eeb7 f29:00000000
22222454ns          374743 1c00a062 000e0463 beq              x28, x0, 8          x28:00000001
22222473ns          374744 1c00a066 20e71753 fsgnjn.s         f14, f14, f14       f14=xxxxxxxx f14:c2f9eeb7 f14:c2f9eeb7
22222493ns          374745 1c00a06a a0e61e53 flt.s            x28, f12, f14       x28=00000000 f12:43307baa f14:42f9eeb7
22222513ns          374746 1c00a06e 3a0e0863 beq              x28, x0, 944        x28:00000000
22222593ns          374750 1c00a41e 18c77753 fdiv.s           f14, f14, f12       f14=xxxxxxxx f14:42f9eeb7 f12:43307baa
22222911ns          374766 1c00a422 78e777c3 fmadd.s          f15, f14, f14, f15  f15=xxxxxxxx f14:3f354584 f14:3f354584 f15:3f86813e
22222931ns          374767 1c00a426 fff68693 addi             x13, x13, -1        x13=00000000 x13:00000001
22222951ns          374768 1c00a428 c20699e3 bne              x13, x0, -974       x13:00000000
22222971ns          374769 1c00a42c c63ff06f jal              x0, -926           
22223030ns          374772 1c00a08e 5807f7d3 fsqrt.s          f15, f15            f15=xxxxxxxx f15:3fc6aeee
22224025ns          374822 1c00a092 10c7f7d3 fmul.s           f15, f15, f12       f15=xxxxxxxx f15:3f9f78f3 f12:43307baa
22224045ns          374823 1c00a096 00000713 addi             x14, x0, 0          x14=00000000
22224065ns          374824 1c00a09a a0e7a6d3 feq.s            x13, f15, f14       x13=00000000 f15:435be060 f14:00000000
22224085ns          374825 1c00a09e 5c069363 bne              x13, x0, 1478       x13:00000000
22224104ns          374826 1c00a0a2 a0e51753 flt.s            x14, f10, f14       x14=00000000 f10:438eb70b f14:00000000
22224124ns          374827 1c00a0a6 5e071063 bne              x14, x0, 1504       x14:00000000
22224144ns          374828 1c00a0aa 00a00733 add              x14, x0, x10        x14=438eb70b x10:438eb70b
22224164ns          374829 1c00a0ac 00000693 addi             x13, x0, 0          x13=00000000
22224204ns          374831 1c00a0b0 a0d796d3 flt.s            x13, f15, f13       x13=00000000 f15:435be060 f13:00000000
22224244ns          374833 1c00a0b4 00068363 beq              x13, x0, 6          x13:00000000
22224323ns          374837 1c00a0ba a0f716d3 flt.s            x13, f14, f15       x13=00000000 f14:438eb70b f15:435be060
22224761ns          374859 1c00a0be 5a069763 bne              x13, x0, 1454       x13:00000000
22224801ns          374861 1c00a0c2 a0e796d3 flt.s            x13, f15, f14       x13=00000001 f15:435be060 f14:438eb70b
22224821ns          374862 1c00a0c6 5c069663 bne              x13, x0, 1484       x13:00000001
22225537ns          374898 1c00a692 1c000e37 lui              x28, 0x1c000000     x28=1c000000
22225556ns          374899 1c00a696 04ce2683 lw               x13, 76(x28)        x13=3f800000 x28:1c000000  PA:1c00004c
22225855ns          374914 1c00a69a 18e7f7d3 fdiv.s           f15, f15, f14       f15=xxxxxxxx f15:435be060 f14:438eb70b
22226969ns          374970 1c00a69e 68f7f7c3 fmadd.s          f15, f15, f15, f13  f15=xxxxxxxx f15:3f45349d f15:3f45349d f13:3f800000
22226989ns          374971 1c00a6a2 5807f7d3 fsqrt.s          f15, f15            f15=xxxxxxxx f15:3fcbf502
22227784ns          375011 1c00a6a6 10f777d3 fmul.s           f15, f14, f15       f15=xxxxxxxx f14:438eb70b f15:3fa19338
22227804ns          375012 1c00a6aa a33ff06f jal              x0, -1486          
22227844ns          375014 1c00a0dc 00000713 addi             x14, x0, 0          x14=00000000
22227904ns          375017 1c00a0e0 a0a70753 fle.s            x14, f14, f10       x14=00000001 f14:00000000 f10:438eb70b
22227943ns          375019 1c00a0e4 00070363 beq              x14, x0, 6          x14:00000001
22227963ns          375020 1c00a0e6 20f797d3 fsgnjn.s         f15, f15, f15       f15=xxxxxxxx f15:43b42660 f15:43b42660
22227983ns          375021 1c00a0ea 00000713 addi             x14, x0, 0          x14=00000000
22228043ns          375024 1c00a0ee a0e79753 flt.s            x14, f15, f14       x14=00000001 f15:c3b42660 f14:00000000
22228083ns          375026 1c00a0f2 58071d63 bne              x14, x0, 1434       x14:00000001
22228321ns          375038 1c00a68c 20f79753 fsgnjn.s         f14, f15, f15       f14=xxxxxxxx f15:c3b42660 f15:c3b42660
22228361ns          375040 1c00a690 a69ff06f jal              x0, -1432          
22228401ns          375042 1c00a0f8 1c000637 lui              x12, 0x1c000000     x12=1c000000
22228421ns          375043 1c00a0fc 03060613 addi             x12, x12, 48        x12=1c000030 x12:1c000000
22228480ns          375046 1c00a100 00062603 lw               x12, 0(x12)         x12=0c000000 x12:1c000030  PA:1c000030
22228819ns          375063 1c00a102 a0c71753 flt.s            x14, f14, f12       x14=00000000 f14:43b42660 f12:0c000000
22228838ns          375064 1c00a106 3a070063 beq              x14, x0, 928        x14:00000000
22229654ns          375105 1c00a4a6 1c0008b7 lui              x17, 0x1c000000     x17=1c000000
22229674ns          375106 1c00a4aa 04c88893 addi             x17, x17, 76        x17=1c00004c x17:1c000000
22230111ns          375128 1c00a4ae 08a7f6d3 fsub.s           f13, f15, f10       f13=xxxxxxxx f15:c3b42660 f10:438eb70b
22230151ns          375130 1c00a4b2 0008a883 lw               x17, 0(x17)         x17=3f800000 x17:1c00004c  PA:1c00004c
22230609ns          375153 1c00a4b6 08f57553 fsub.s           f10, f10, f15       f10=xxxxxxxx f10:438eb70b f15:c3b42660
22230629ns          375154 1c00a4ba 18f6f6d3 fdiv.s           f13, f13, f15       f13=xxxxxxxx f13:c4216eb6 f15:c3b42660
22231524ns          375199 1c00a4be 18a8f553 fdiv.s           f10, f17, f10       f10=xxxxxxxx f17:3f800000 f10:44216eb6
22232081ns          375227 1c00a4c2 d90dc7e3 blt              x27, x16, -626      x27:00000005 x16:00000003
22232101ns          375228 1c00a4c6 41430733 sub              x14, x6, x20        x14=00000008  x6:10001f04 x20:10001ef8
22232120ns          375229 1c00a4ca ffc70713 addi             x14, x14, -4        x14=00000002 x14:0000000c
22232140ns          375230 1c00a4cc 00275713 srli             x14, x14, 0x2       x14=xxxxxxxx x14:00000008
22232160ns          375231 1c00a4ce 01400833 add              x16, x0, x20        x16=xxxxxxxx x20:10001ef8
22232180ns          375232 1c00a4d0 00170713 addi             x14, x14, 1         x14=xxxxxxxx x14:00000002
22232200ns          375233 1c00a4d2 006740fb lp.setup         0x1, x14, 0x6       x14:00000003  PA:10001ef8
22232220ns          375234 1c00a4d6 00082603 lw               x12, 0(x16)         x12=xxxxxxxx x16:10001ef8
22232339ns          375240 1c00a4da 10a67653 fmul.s           f12, f12, f10       f12=xxxxxxxx f12:c3307baa f10:3acafb93
22232359ns          375241 1c00a4de 00c8222b p.sw             x12, 4(x16!)        x16=10001efc x12:be8bef03 x16:10001ef8  PA:10001ef8
22232379ns          375242 1c00a4d6 00082603 lw               x12, 0(x16)         x12=xxxxxxxx x16:10001efc  PA:10001efc
22232419ns          375244 1c00a4da 10a67653 fmul.s           f12, f12, f10       f12=xxxxxxxx f12:c21f2396 f10:3acafb93
22232439ns          375245 1c00a4de 00c8222b p.sw             x12, 4(x16!)        x16=10001f00 x12:bd7c5cef x16:10001efc  PA:10001efc
22232478ns          375247 1c00a4d6 00082603 lw               x12, 0(x16)         x12=xxxxxxxx x16:10001f00  PA:10001f00
22232518ns          375249 1c00a4da 10a67653 fmul.s           f12, f12, f10       f12=xxxxxxxx f12:c2f9eeb7 f10:3acafb93
22232538ns          375250 1c00a4de 00c8222b p.sw             x12, 4(x16!)        x16=10001f04 x12:be462bf9 x16:10001f00  PA:10001f00
22232558ns          375251 1c00a4e2 d6fff06f jal              x0, -658           
22232638ns          375255 1c00a250 1c000e37 lui              x28, 0x1c000000     x28=1c000000
22232677ns          375257 1c00a254 04ce0e13 addi             x28, x28, 76        x28=1c00004c x28:1c000000
22232697ns          375258 1c00a258 000e2e03 lw               x28, 0(x28)         x28=3f800000 x28:1c00004c  PA:1c00004c
22232996ns          375273 1c00a25c 00daa023 sw               x13, 0(x21)         x13:3fe566dc x21:10001ed0  PA:10001ed0
22233016ns          375274 1c00a260 01c92023 sw               x28, 0(x18)         x28:3f800000 x18:10001ef4  PA:10001ef4
22233035ns          375275 1c00a264 000aaf03 lw               x30, 0(x21)         x30=3fe566dc x21:10001ed0  PA:10001ed0
22233055ns          375276 1c00a268 00000713 addi             x14, x0, 0          x14=00000000
22233075ns          375277 1c00a26c a0ef26d3 feq.s            x13, f30, f14       x13=00000000 f30:3fe566dc f14:00000000
22233533ns          375300 1c00a270 20069063 bne              x13, x0, 512        x13:00000000
22233572ns          375302 1c00a274 0109a683 lw               x13, 16(x19)        x13=be462bf9 x19:10001ef0  PA:10001f00
22233612ns          375304 1c00a278 a0e6a753 feq.s            x14, f13, f14       x14=00000000 f13:be462bf9 f14:00000000
22233632ns          375305 1c00a27c 70070063 beq              x14, x0, 1792       x14:00000000
22234507ns          375349 1c00a97c 002c1813 slli             x16, x24, 0x2       x16=0000000c x24:00000003
22234945ns          375371 1c00a980 fffc0893 addi             x17, x24, -1        x17=00000002 x24:00000003
22234985ns          375373 1c00a984 001c0613 addi             x12, x24, 1         x12=00000004 x24:00000003
22235005ns          375374 1c00a988 01880833 add              x16, x16, x24       x16=0000000f x16:0000000c x24:00000003
22235024ns          375375 1c00a98a 01112423 sw               x17, 8(x2)          x17:00000002  x2:10001e38  PA:10001e40
22235044ns          375376 1c00a98c 93bff06f jal              x0, -1734          
22235979ns          375423 1c00a2c6 02498e93 addi             x29, x19, 36        x29=10001f14 x19:10001ef0
22235999ns          375424 1c00a2ca 00500713 addi             x14, x0, 5          x14=00000005
22236019ns          375425 1c00a2cc 01b80833 add              x16, x16, x27       x16=00000014 x16:0000000f x27:00000005
22236437ns          375446 1c00a2ce 00000393 addi             x7, x0, 0            x7=00000000
22236457ns          375447 1c00a2d2 00500e13 addi             x28, x0, 5          x28=00000005
22236477ns          375448 1c00a2d4 109e40fb lp.setup         0x1, x28, 0x109     x28:00000005
22236496ns          375449 1c00a2d8 01b706b3 add              x13, x14, x27       x13=0000000a x14:00000005 x27:00000005
22236516ns          375450 1c00a2dc 00e80fb3 add              x31, x16, x14       x31=00000019 x16:00000014 x14:00000005
22236974ns          375473 1c00a2e0 00d00533 add              x10, x0, x13        x10=0000000a x13:0000000a
22237014ns          375475 1c00a2e2 20dfc163 blt              x31, x13, 514       x31:00000019 x13:0000000a
22237033ns          375476 1c00a2e6 000ea883 lw               x17, 0(x29)         x17=c2aa3c62 x29:10001f14  PA:10001f14
22237073ns          375478 1c00a2ea a078a8d3 feq.s            x17, f17, f7        x17=00000000 f17:c2aa3c62  f7:00000000
22237491ns          375499 1c00a2ee 00088d63 beq              x17, x0, 26         x17:00000000
22237948ns          375522 1c00a308 1e060263 beq              x12, x0, 484        x12:00000004
22237988ns          375524 1c00a30c 04012623 sw               x0, 76(x2)           x2:10001e38  PA:10001e84
22238426ns          375546 1c00a30e 68172363 p.beqimm         x14, 1670           x14:00000005
22238446ns          375547 1c00a312 04012823 sw               x0, 80(x2)           x2:10001e38  PA:10001e88
22238466ns          375548 1c00a314 76272f63 p.beqimm         x14, 1918           x14:00000005
22238485ns          375549 1c00a318 04012a23 sw               x0, 84(x2)           x2:10001e38  PA:10001e8c
22238505ns          375550 1c00a31a 76372463 p.beqimm         x14, 1896           x14:00000005
22238525ns          375551 1c00a31e 04012c23 sw               x0, 88(x2)           x2:10001e38  PA:10001e90
22238963ns          375573 1c00a320 78472163 p.beqimm         x14, 1922           x14:00000005
22239003ns          375575 1c00a324 00000393 addi             x7, x0, 0            x7=00000000
22239023ns          375576 1c00a328 04012e23 sw               x0, 92(x2)           x2:10001e38  PA:10001e94
22239042ns          375577 1c00a32a 00712823 sw               x7, 16(x2)           x7:00000000  x2:10001e38  PA:10001e48
22239062ns          375578 1c00a32c 00700433 add              x8, x0, x7           x8=00000000  x7:00000000
22239082ns          375579 1c00a32e 00712a23 sw               x7, 20(x2)           x7:00000000  x2:10001e38  PA:10001e4c
22239480ns          375599 1c00a330 002c1893 slli             x17, x24, 0x2       x17=0000000c x24:00000003
22239520ns          375601 1c00a334 01888e33 add              x28, x17, x24       x28=0000000f x17:0000000c x24:00000003
22239540ns          375602 1c00a338 41c00533 sub              x10, x0, x28        x10=fffffff1 x28:0000000f
22239560ns          375603 1c00a33c 00180f93 addi             x31, x16, 1         x31=00000015 x16:00000014
22239997ns          375625 1c00a340 01550513 addi             x10, x10, 21        x10=00000006 x10:fffffff1
22240037ns          375627 1c00a342 6aafc763 blt              x31, x10, 1710      x31:00000015 x10:00000006
22240057ns          375628 1c00a346 00c12e83 lw               x29, 12(x2)         x29=10001ef0  x2:10001e38  PA:10001e44
22240077ns          375629 1c00a348 002e1e13 slli             x28, x28, 0x2       x28=0000003c x28:0000000f
22240097ns          375630 1c00a34a 050e8813 addi             x16, x29, 80        x16=10001f40 x29:10001ef0
22240514ns          375651 1c00a34e 41c80833 sub              x16, x16, x28       x16=10001f04 x16:10001f40 x28:0000003c
22240534ns          375652 1c00a352 01412e03 lw               x28, 20(x2)         x28=00000000  x2:10001e38  PA:10001e4c
22240554ns          375653 1c00a354 03112c23 sw               x17, 56(x2)         x17:0000000c  x2:10001e38  PA:10001e70
22240574ns          375654 1c00a356 03c12423 sw               x28, 40(x2)         x28:00000000  x2:10001e38  PA:10001e60
22240594ns          375655 1c00a358 02d12e23 sw               x13, 60(x2)         x13:0000000a  x2:10001e38  PA:10001e74
22240614ns          375656 1c00a35a 02812883 lw               x17, 40(x2)         x17=00000000  x2:10001e38  PA:10001e60
22240654ns          375658 1c00a35c 01012683 lw               x13, 16(x2)         x13=00000000  x2:10001e38  PA:10001e48
22240673ns          375659 1c00a35e 012002b3 add              x5, x0, x18          x5=10001ef4 x18:10001ef4
22241051ns          375678 1c00a360 02012223 sw               x0, 36(x2)           x2:10001e38  PA:10001e5c
22241071ns          375679 1c00a362 02012023 sw               x0, 32(x2)           x2:10001e38  PA:10001e58
22241091ns          375680 1c00a364 00012e23 sw               x0, 28(x2)           x2:10001e38  PA:10001e54
22241111ns          375681 1c00a366 00012c23 sw               x0, 24(x2)           x2:10001e38  PA:10001e50
22241131ns          375682 1c00a368 00000e93 addi             x29, x0, 0          x29=00000000
22241151ns          375683 1c00a36a 00000e13 addi             x28, x0, 0          x28=00000000
22241171ns          375684 1c00a36e 02c12623 sw               x12, 44(x2)         x12:00000004  x2:10001e38  PA:10001e64
22241569ns          375704 1c00a370 02b12823 sw               x11, 48(x2)         x11:00000003  x2:10001e38  PA:10001e68
22241588ns          375705 1c00a372 02f12a23 sw               x15, 52(x2)         x15:c3b42660  x2:10001e38  PA:10001e6c
22241608ns          375706 1c00a374 00a707b3 add              x15, x14, x10       x15=0000000b x14:00000005 x10:00000006
22241628ns          375707 1c00a378 06f55063 bge              x10, x15, 96        x10:00000006 x15:0000000b
22241648ns          375708 1c00a37c 0002a603 lw               x12, 0(x5)          x12=3f800000  x5:10001ef4  PA:10001ef4
22242066ns          375729 1c00a380 00082e83 lw               x29, 0(x16)         x29=438eb70b x16:10001f04  PA:10001f04
22242106ns          375731 1c00a384 00150593 addi             x11, x10, 1         x11=00000007 x10:00000006
22242125ns          375732 1c00a388 e0cefe43 fmadd.s          f28, f29, f12, f28  f28=xxxxxxxx f29:438eb70b f12:3f800000 f28:00000000
22242145ns          375733 1c00a38c 48f5d863 bge              x11, x15, 1168      x11:00000007 x15:0000000b
22242603ns          375756 1c00a390 00482e83 lw               x29, 4(x16)         x29=438d2ae6 x16:10001f04  PA:10001f08
22242643ns          375758 1c00a394 00250593 addi             x11, x10, 2         x11=00000008 x10:00000006
22242663ns          375759 1c00a398 39d673c3 fmadd.s          f7, f12, f29, f7     f7=xxxxxxxx f12:3f800000 f29:438d2ae6  f7:00000000
22242682ns          375760 1c00a39c 58f5d363 bge              x11, x15, 1414      x11:00000008 x15:0000000b
22243140ns          375783 1c00a3a0 00882e83 lw               x29, 8(x16)         x29=c2720321 x16:10001f04  PA:10001f0c
22243180ns          375785 1c00a3a4 00350593 addi             x11, x10, 3         x11=00000009 x10:00000006
22243200ns          375786 1c00a3a8 41d67443 fmadd.s          f8, f12, f29, f8     f8=xxxxxxxx f12:3f800000 f29:c2720321  f8:00000000
22243219ns          375787 1c00a3ac 46f5d463 bge              x11, x15, 1128      x11:00000009 x15:0000000b
22243657ns          375809 1c00a3b0 00c82e83 lw               x29, 12(x16)        x29=42f08acc x16:10001f04  PA:10001f10
22243697ns          375811 1c00a3b4 00450593 addi             x11, x10, 4         x11=0000000a x10:00000006
22243717ns          375812 1c00a3b8 69d676c3 fmadd.s          f13, f12, f29, f13  f13=xxxxxxxx f12:3f800000 f29:42f08acc f13:00000000
22243737ns          375813 1c00a3bc 56f5d663 bge              x11, x15, 1388      x11:0000000a x15:0000000b
22244154ns          375834 1c00a3c0 01082783 lw               x15, 16(x16)        x15=c2aa3c62 x16:10001f04  PA:10001f14
22244194ns          375836 1c00a3c4 00100e93 addi             x29, x0, 1          x29=00000001
22244214ns          375837 1c00a3c6 88f678c3 fmadd.s          f17, f12, f15, f17  f17=xxxxxxxx f12:3f800000 f15:c2aa3c62 f17:00000000
22244234ns          375838 1c00a3ca 00100593 addi             x11, x0, 1          x11=00000001
22244254ns          375839 1c00a3cc 00100613 addi             x12, x0, 1          x12=00000001
22244274ns          375840 1c00a3ce 00100793 addi             x15, x0, 1          x15=00000001
22244671ns          375860 1c00a3d0 03d12223 sw               x29, 36(x2)         x29:00000001  x2:10001e38  PA:10001e5c
22244691ns          375861 1c00a3d2 02b12023 sw               x11, 32(x2)         x11:00000001  x2:10001e38  PA:10001e58
22244711ns          375862 1c00a3d4 00c12e23 sw               x12, 28(x2)         x12:00000001  x2:10001e38  PA:10001e54
22244731ns          375863 1c00a3d6 00f12c23 sw               x15, 24(x2)         x15:00000001  x2:10001e38  PA:10001e50
22244751ns          375864 1c00a3d8 00550513 addi             x10, x10, 5         x10=0000000b x10:00000006
22244771ns          375865 1c00a3da 01480813 addi             x16, x16, 20        x16=10001f18 x16:10001f04
22244791ns          375866 1c00a3dc 00428293 addi             x5, x5, 4            x5=10001ef8  x5:10001ef4
22245228ns          375888 1c00a3de f8afdbe3 bge              x31, x10, -106      x31:00000015 x10:0000000b
22245288ns          375891 1c00a374 00a707b3 add              x15, x14, x10       x15=00000010 x14:00000005 x10:0000000b
22245308ns          375892 1c00a378 06f55063 bge              x10, x15, 96        x10:0000000b x15:00000010
22245328ns          375893 1c00a37c 0002a603 lw               x12, 0(x5)          x12=be8bef03  x5:10001ef8  PA:10001ef8
22245348ns          375894 1c00a380 00082e83 lw               x29, 0(x16)         x29=c3307baa x16:10001f18  PA:10001f18
22245368ns          375895 1c00a384 00150593 addi             x11, x10, 1         x11=0000000c x10:0000000b
22245388ns          375896 1c00a388 e0cefe43 fmadd.s          f28, f29, f12, f28  f28=xxxxxxxx f29:c3307baa f12:be8bef03 f28:438eb70b
22245407ns          375897 1c00a38c 48f5d863 bge              x11, x15, 1168      x11:0000000c x15:00000010
22245427ns          375898 1c00a390 00482e83 lw               x29, 4(x16)         x29=c2720321 x16:10001f18  PA:10001f1c
22245447ns          375899 1c00a394 00250593 addi             x11, x10, 2         x11=0000000d x10:0000000b
22245467ns          375900 1c00a398 39d673c3 fmadd.s          f7, f12, f29, f7     f7=xxxxxxxx f12:be8bef03 f29:c2720321  f7:438d2ae6
22245487ns          375901 1c00a39c 58f5d363 bge              x11, x15, 1414      x11:0000000d x15:00000010
22245507ns          375902 1c00a3a0 00882e83 lw               x29, 8(x16)         x29=43e5c120 x16:10001f18  PA:10001f20
22245527ns          375903 1c00a3a4 00350593 addi             x11, x10, 3         x11=0000000e x10:0000000b
22245547ns          375904 1c00a3a8 41d67443 fmadd.s          f8, f12, f29, f8     f8=xxxxxxxx f12:be8bef03 f29:43e5c120  f8:c2720321
22245567ns          375905 1c00a3ac 46f5d463 bge              x11, x15, 1128      x11:0000000e x15:00000010
22245586ns          375906 1c00a3b0 00c82e83 lw               x29, 12(x16)        x29=43908a85 x16:10001f18  PA:10001f24
22245606ns          375907 1c00a3b4 00450593 addi             x11, x10, 4         x11=0000000f x10:0000000b
22245626ns          375908 1c00a3b8 69d676c3 fmadd.s          f13, f12, f29, f13  f13=xxxxxxxx f12:be8bef03 f29:43908a85 f13:42f08acc
22245646ns          375909 1c00a3bc 56f5d663 bge              x11, x15, 1388      x11:0000000f x15:00000010
22245666ns          375910 1c00a3c0 01082783 lw               x15, 16(x16)        x15=4396d6ca x16:10001f18  PA:10001f28
22245686ns          375911 1c00a3c4 00100e93 addi             x29, x0, 1          x29=00000001
22245706ns          375912 1c00a3c6 88f678c3 fmadd.s          f17, f12, f15, f17  f17=xxxxxxxx f12:be8bef03 f15:4396d6ca f17:c2aa3c62
22245726ns          375913 1c00a3ca 00100593 addi             x11, x0, 1          x11=00000001
22245746ns          375914 1c00a3cc 00100613 addi             x12, x0, 1          x12=00000001
22245765ns          375915 1c00a3ce 00100793 addi             x15, x0, 1          x15=00000001
22245785ns          375916 1c00a3d0 03d12223 sw               x29, 36(x2)         x29:00000001  x2:10001e38  PA:10001e5c
22245805ns          375917 1c00a3d2 02b12023 sw               x11, 32(x2)         x11:00000001  x2:10001e38  PA:10001e58
22245825ns          375918 1c00a3d4 00c12e23 sw               x12, 28(x2)         x12:00000001  x2:10001e38  PA:10001e54
22245845ns          375919 1c00a3d6 00f12c23 sw               x15, 24(x2)         x15:00000001  x2:10001e38  PA:10001e50
22245865ns          375920 1c00a3d8 00550513 addi             x10, x10, 5         x10=00000010 x10:0000000b
22245885ns          375921 1c00a3da 01480813 addi             x16, x16, 20        x16=10001f2c x16:10001f18
22245905ns          375922 1c00a3dc 00428293 addi             x5, x5, 4            x5=10001efc  x5:10001ef8
22245925ns          375923 1c00a3de f8afdbe3 bge              x31, x10, -106      x31:00000015 x10:00000010
22245984ns          375926 1c00a374 00a707b3 add              x15, x14, x10       x15=00000015 x14:00000005 x10:00000010
22246004ns          375927 1c00a378 06f55063 bge              x10, x15, 96        x10:00000010 x15:00000015
22246024ns          375928 1c00a37c 0002a603 lw               x12, 0(x5)          x12=bd7c5cef  x5:10001efc  PA:10001efc
22246044ns          375929 1c00a380 00082e83 lw               x29, 0(x16)         x29=c21f2396 x16:10001f2c  PA:10001f2c
22246064ns          375930 1c00a384 00150593 addi             x11, x10, 1         x11=00000011 x10:00000010
22246084ns          375931 1c00a388 e0cefe43 fmadd.s          f28, f29, f12, f28  f28=xxxxxxxx f29:c21f2396 f12:bd7c5cef f28:43a6d506
22246104ns          375932 1c00a38c 48f5d863 bge              x11, x15, 1168      x11:00000011 x15:00000015
22246124ns          375933 1c00a390 00482e83 lw               x29, 4(x16)         x29=42f08acc x16:10001f2c  PA:10001f30
22246143ns          375934 1c00a394 00250593 addi             x11, x10, 2         x11=00000012 x10:00000010
22246163ns          375935 1c00a398 39d673c3 fmadd.s          f7, f12, f29, f7     f7=xxxxxxxx f12:bd7c5cef f29:42f08acc  f7:43956f80
22246183ns          375936 1c00a39c 58f5d363 bge              x11, x15, 1414      x11:00000012 x15:00000015
22246203ns          375937 1c00a3a0 00882e83 lw               x29, 8(x16)         x29=43908a85 x16:10001f2c  PA:10001f34
22246223ns          375938 1c00a3a4 00350593 addi             x11, x10, 3         x11=00000013 x10:00000010
22246243ns          375939 1c00a3a8 41d67443 fmadd.s          f8, f12, f29, f8     f8=xxxxxxxx f12:bd7c5cef f29:43908a85  f8:c33a1727
22246263ns          375940 1c00a3ac 46f5d463 bge              x11, x15, 1128      x11:00000013 x15:00000015
22246283ns          375941 1c00a3b0 00c82e83 lw               x29, 12(x16)        x29=446ce7ce x16:10001f2c  PA:10001f38
22246303ns          375942 1c00a3b4 00450593 addi             x11, x10, 4         x11=00000014 x10:00000010
22246322ns          375943 1c00a3b8 69d676c3 fmadd.s          f13, f12, f29, f13  f13=xxxxxxxx f12:bd7c5cef f29:446ce7ce f13:42250cf3
22246342ns          375944 1c00a3bc 56f5d663 bge              x11, x15, 1388      x11:00000014 x15:00000015
22246362ns          375945 1c00a3c0 01082783 lw               x15, 16(x16)        x15=c37308f0 x16:10001f2c  PA:10001f3c
22246382ns          375946 1c00a3c4 00100e93 addi             x29, x0, 1          x29=00000001
22246402ns          375947 1c00a3c6 88f678c3 fmadd.s          f17, f12, f15, f17  f17=xxxxxxxx f12:bd7c5cef f15:c37308f0 f17:c32791a5
22246422ns          375948 1c00a3ca 00100593 addi             x11, x0, 1          x11=00000001
22246442ns          375949 1c00a3cc 00100613 addi             x12, x0, 1          x12=00000001
22246462ns          375950 1c00a3ce 00100793 addi             x15, x0, 1          x15=00000001
22246482ns          375951 1c00a3d0 03d12223 sw               x29, 36(x2)         x29:00000001  x2:10001e38  PA:10001e5c
22246501ns          375952 1c00a3d2 02b12023 sw               x11, 32(x2)         x11:00000001  x2:10001e38  PA:10001e58
22246521ns          375953 1c00a3d4 00c12e23 sw               x12, 28(x2)         x12:00000001  x2:10001e38  PA:10001e54
22246541ns          375954 1c00a3d6 00f12c23 sw               x15, 24(x2)         x15:00000001  x2:10001e38  PA:10001e50
22246561ns          375955 1c00a3d8 00550513 addi             x10, x10, 5         x10=00000015 x10:00000010
22246581ns          375956 1c00a3da 01480813 addi             x16, x16, 20        x16=10001f40 x16:10001f2c
22246601ns          375957 1c00a3dc 00428293 addi             x5, x5, 4            x5=10001f00  x5:10001efc
22246621ns          375958 1c00a3de f8afdbe3 bge              x31, x10, -106      x31:00000015 x10:00000015
22246680ns          375961 1c00a374 00a707b3 add              x15, x14, x10       x15=0000001a x14:00000005 x10:00000015
22246700ns          375962 1c00a378 06f55063 bge              x10, x15, 96        x10:00000015 x15:0000001a
22246720ns          375963 1c00a37c 0002a603 lw               x12, 0(x5)          x12=be462bf9  x5:10001f00  PA:10001f00
22246760ns          375965 1c00a380 00082e83 lw               x29, 0(x16)         x29=c2f9eeb7 x16:10001f40  PA:10001f40
22246780ns          375966 1c00a384 00150593 addi             x11, x10, 1         x11=00000016 x10:00000015
22246800ns          375967 1c00a388 e0cefe43 fmadd.s          f28, f29, f12, f28  f28=xxxxxxxx f29:c2f9eeb7 f12:be462bf9 f28:43a80ec8
22246820ns          375968 1c00a38c 48f5d863 bge              x11, x15, 1168      x11:00000016 x15:0000001a
22246840ns          375969 1c00a390 00482e83 lw               x29, 4(x16)         x29=c2aa3c62 x16:10001f40  PA:10001f44
22246859ns          375970 1c00a394 00250593 addi             x11, x10, 2         x11=00000017 x10:00000015
22246879ns          375971 1c00a398 39d673c3 fmadd.s          f7, f12, f29, f7     f7=xxxxxxxx f12:be462bf9 f29:c2aa3c62  f7:4391bb00
22246899ns          375972 1c00a39c 58f5d363 bge              x11, x15, 1414      x11:00000017 x15:0000001a
22246919ns          375973 1c00a3a0 00882e83 lw               x29, 8(x16)         x29=4396d6ca x16:10001f40  PA:10001f48
22246939ns          375974 1c00a3a4 00350593 addi             x11, x10, 3         x11=00000018 x10:00000015
22246959ns          375975 1c00a3a8 41d67443 fmadd.s          f8, f12, f29, f8     f8=xxxxxxxx f12:be462bf9 f29:4396d6ca  f8:c34be6c1
22246979ns          375976 1c00a3ac 46f5d463 bge              x11, x15, 1128      x11:00000018 x15:0000001a
22246999ns          375977 1c00a3b0 00c82e83 lw               x29, 12(x16)        x29=c37308f0 x16:10001f40  PA:10001f4c
22247019ns          375978 1c00a3b4 00450593 addi             x11, x10, 4         x11=00000019 x10:00000015
22247038ns          375979 1c00a3b8 69d676c3 fmadd.s          f13, f12, f29, f13  f13=xxxxxxxx f12:be462bf9 f29:c37308f0 f13:c188fa79
22247058ns          375980 1c00a3bc 56f5d663 bge              x11, x15, 1388      x11:00000019 x15:0000001a
22247078ns          375981 1c00a3c0 01082783 lw               x15, 16(x16)        x15=440ec2a0 x16:10001f40  PA:10001f50
22247098ns          375982 1c00a3c4 00100e93 addi             x29, x0, 1          x29=00000001
22247118ns          375983 1c00a3c6 88f678c3 fmadd.s          f17, f12, f15, f17  f17=xxxxxxxx f12:be462bf9 f15:440ec2a0 f17:c3189855
22247138ns          375984 1c00a3ca 00100593 addi             x11, x0, 1          x11=00000001
22247158ns          375985 1c00a3cc 00100613 addi             x12, x0, 1          x12=00000001
22247178ns          375986 1c00a3ce 00100793 addi             x15, x0, 1          x15=00000001
22247198ns          375987 1c00a3d0 03d12223 sw               x29, 36(x2)         x29:00000001  x2:10001e38  PA:10001e5c
22247218ns          375988 1c00a3d2 02b12023 sw               x11, 32(x2)         x11:00000001  x2:10001e38  PA:10001e58
22247237ns          375989 1c00a3d4 00c12e23 sw               x12, 28(x2)         x12:00000001  x2:10001e38  PA:10001e54
22247257ns          375990 1c00a3d6 00f12c23 sw               x15, 24(x2)         x15:00000001  x2:10001e38  PA:10001e50
22247277ns          375991 1c00a3d8 00550513 addi             x10, x10, 5         x10=0000001a x10:00000015
22247297ns          375992 1c00a3da 01480813 addi             x16, x16, 20        x16=10001f54 x16:10001f40
22247317ns          375993 1c00a3dc 00428293 addi             x5, x5, 4            x5=10001f04  x5:10001f00
22247337ns          375994 1c00a3de f8afdbe3 bge              x31, x10, -106      x31:00000015 x10:0000001a
22247357ns          375995 1c00a3e2 00d12823 sw               x13, 16(x2)         x13:41ef4ad8  x2:10001e38  PA:10001e48
22247377ns          375996 1c00a3e4 03112423 sw               x17, 40(x2)         x17:c3838db1  x2:10001e38  PA:10001e60
22247397ns          375997 1c00a3e6 02c12603 lw               x12, 44(x2)         x12=00000004  x2:10001e38  PA:10001e64
22247416ns          375998 1c00a3e8 03012583 lw               x11, 48(x2)         x11=00000003  x2:10001e38  PA:10001e68
22247436ns          375999 1c00a3ea 03412783 lw               x15, 52(x2)         x15=c3b42660  x2:10001e38  PA:10001e6c
22247456ns          376000 1c00a3ec 03812883 lw               x17, 56(x2)         x17=0000000c  x2:10001e38  PA:10001e70
22247476ns          376001 1c00a3ee 03c12683 lw               x13, 60(x2)         x13=0000000a  x2:10001e38  PA:10001e74
22247814ns          376018 1c00a3f0 6c0e9763 bne              x29, x0, 1742       x29:00000001
22248312ns          376043 1c00aabe 05c12623 sw               x28, 76(x2)         x28:43b42661  x2:10001e38  PA:10001e84
22248749ns          376065 1c00aac0 935ff06f jal              x0, -1740          
22248789ns          376067 1c00a3f4 01812803 lw               x16, 24(x2)         x16=00000001  x2:10001e38  PA:10001e50
22248829ns          376069 1c00a3f6 6e081163 bne              x16, x0, 1762       x16:00000001
22249744ns          376115 1c00aad8 04712823 sw               x7, 80(x2)           x7:4399f77f  x2:10001e38  PA:10001e88
22249764ns          376116 1c00aada 921ff06f jal              x0, -1760          
22249803ns          376118 1c00a3fa 01c12e03 lw               x28, 28(x2)         x28=00000001  x2:10001e38  PA:10001e54
22249843ns          376120 1c00a3fc 000e0363 beq              x28, x0, 6          x28:00000001
22249863ns          376121 1c00a400 04812a23 sw               x8, 84(x2)           x8:c3832463  x2:10001e38  PA:10001e8c
22249883ns          376122 1c00a402 02012e83 lw               x29, 32(x2)         x29=00000001  x2:10001e38  PA:10001e58
22249923ns          376124 1c00a404 000e8463 beq              x29, x0, 8          x29:00000001
22249943ns          376125 1c00a408 01012503 lw               x10, 16(x2)         x10=41ef4ad8  x2:10001e38  PA:10001e48
22249982ns          376127 1c00a40a 04a12c23 sw               x10, 88(x2)         x10:41ef4ad8  x2:10001e38  PA:10001e90
22250002ns          376128 1c00a40c 02412803 lw               x16, 36(x2)         x16=00000001  x2:10001e38  PA:10001e5c
22250042ns          376130 1c00a40e 6a081a63 bne              x16, x0, 1716       x16:00000001
22250102ns          376133 1c00aac2 02812e83 lw               x29, 40(x2)         x29=c3838db1  x2:10001e38  PA:10001e60
22250122ns          376134 1c00aac4 05812803 lw               x16, 88(x2)         x16=41ef4ad8  x2:10001e38  PA:10001e90
22250141ns          376135 1c00aac6 05d12e23 sw               x29, 92(x2)         x29:c3838db1  x2:10001e38  PA:10001e94
22250161ns          376136 1c00aac8 04c12503 lw               x10, 76(x2)         x10=43b42661  x2:10001e38  PA:10001e84
22250181ns          376137 1c00aaca 05012383 lw               x7, 80(x2)           x7=4399f77f  x2:10001e38  PA:10001e88
22250201ns          376138 1c00aacc 05412403 lw               x8, 84(x2)           x8=c3832463  x2:10001e38  PA:10001e8c
22250221ns          376139 1c00aace 01012823 sw               x16, 16(x2)         x16:41ef4ad8  x2:10001e38  PA:10001e48
22250261ns          376141 1c00aad0 01d12a23 sw               x29, 20(x2)         x29:c3838db1  x2:10001e38  PA:10001e4c
22250281ns          376142 1c00aad2 f23ff06f jal              x0, -222           
22250738ns          376165 1c00a9f4 00092e03 lw               x28, 0(x18)         x28=3f800000 x18:10001ef4  PA:10001ef4
22250778ns          376167 1c00a9f8 00000813 addi             x16, x0, 0          x16=00000000
22250798ns          376168 1c00a9fc a10e2853 feq.s            x16, f28, f16       x16=00000000 f28:3f800000 f16:00000000
22251216ns          376189 1c00aa00 d0081ee3 bne              x16, x0, -740       x16:00000000
22251255ns          376191 1c00aa04 21ef1853 fsgnjn.s         f16, f30, f30       f16=xxxxxxxx f30:3fe566dc f30:3fe566dc
22251275ns          376192 1c00aa08 11c87e53 fmul.s           f28, f16, f28       f28=xxxxxxxx f16:bfe566dc f28:3f800000
22251295ns          376193 1c00aa0c d0ddd8e3 bge              x27, x13, -752      x27:00000005 x13:0000000a
22251733ns          376215 1c00aa10 0149ae83 lw               x29, 20(x19)        x29=438eb70b x19:10001ef0  PA:10001f04
22251772ns          376217 1c00aa14 01888833 add              x16, x17, x24       x16=0000000f x17:0000000c x24:00000003
22251792ns          376218 1c00aa18 e8ae7ec3 fmadd.s          f29, f28, f10, f29  f29=xxxxxxxx f28:bfe566dc f10:43b42661 f29:438eb70b
22251812ns          376219 1c00aa1c 41000833 sub              x16, x0, x16        x16=fffffff1 x16:0000000f
22252270ns          376242 1c00aa20 01580893 addi             x17, x16, 21        x17=00000006 x16:fffffff1
22252310ns          376244 1c00aa24 01d9aa23 sw               x29, 20(x19)        x29:c3b42663 x19:10001ef0  PA:10001f04
22252329ns          376245 1c00aa28 04d8da63 bge              x17, x13, 84        x17:00000006 x13:0000000a
22252349ns          376246 1c00aa2c 0189ae83 lw               x29, 24(x19)        x29=438d2ae6 x19:10001ef0  PA:10001f08
22252787ns          376268 1c00aa30 01680893 addi             x17, x16, 22        x17=00000007 x16:fffffff1
22252827ns          376270 1c00aa34 e87e7ec3 fmadd.s          f29, f28, f7, f29   f29=xxxxxxxx f28:bfe566dc  f7:4399f77f f29:438d2ae6
22252847ns          376271 1c00aa38 01d9ac23 sw               x29, 24(x19)        x29:c386c59d x19:10001ef0  PA:10001f08
22252866ns          376272 1c00aa3c 04d8d063 bge              x17, x13, 64        x17:00000007 x13:0000000a
22253304ns          376294 1c00aa40 01c9ae83 lw               x29, 28(x19)        x29=c2720321 x19:10001ef0  PA:10001f0c
22253344ns          376296 1c00aa44 01780893 addi             x17, x16, 23        x17=00000008 x16:fffffff1
22253364ns          376297 1c00aa48 e88e7ec3 fmadd.s          f29, f28, f8, f29   f29=xxxxxxxx f28:bfe566dc  f8:c3832463 f29:c2720321
22253384ns          376298 1c00aa4c 01d9ae23 sw               x29, 28(x19)        x29:43ccc817 x19:10001ef0  PA:10001f0c
22253821ns          376320 1c00aa50 02d8d663 bge              x17, x13, 44        x17:00000008 x13:0000000a
22253861ns          376322 1c00aa54 0209a883 lw               x17, 32(x19)        x17=42f08acc x19:10001ef0  PA:10001f10
22253881ns          376323 1c00aa58 01012e83 lw               x29, 16(x2)         x29=41ef4ad8  x2:10001e38  PA:10001e48
22253901ns          376324 1c00aa5a 01880813 addi             x16, x16, 24        x16=00000009 x16:fffffff1
22253921ns          376325 1c00aa5c 89de78c3 fmadd.s          f17, f28, f29, f17  f17=xxxxxxxx f28:bfe566dc f29:41ef4ad8 f17:42f08acc
22254358ns          376347 1c00aa60 0319a023 sw               x17, 32(x19)        x17:428553c0 x19:10001ef0  PA:10001f10
22254398ns          376349 1c00aa64 00d85c63 bge              x16, x13, 24        x16:00000009 x13:0000000a
22254418ns          376350 1c00aa68 0249a683 lw               x13, 36(x19)        x13=c2aa3c62 x19:10001ef0  PA:10001f14
22254438ns          376351 1c00aa6c 01412803 lw               x16, 20(x2)         x16=c3838db1  x2:10001e38  PA:10001e4c
22254875ns          376373 1c00aa6e 690e7e43 fmadd.s          f28, f28, f16, f13  f28=xxxxxxxx f28:bfe566dc f16:c3838db1 f13:c2aa3c62
22254915ns          376375 1c00aa72 03c9a223 sw               x28, 36(x19)        x28:43c1361d x19:10001ef0  PA:10001f14
22254935ns          376376 1c00aa76 000aaf03 lw               x30, 0(x21)         x30=3fe566dc x21:10001ed0  PA:10001ed0
22254955ns          376377 1c00aa7a ca3ff06f jal              x0, -862           
22255850ns          376422 1c00a71c 00100693 addi             x13, x0, 1          x13=00000001
22256327ns          376446 1c00a71e 00a48813 addi             x16, x9, 10         x16=0000000a  x9:00000000
22256367ns          376448 1c00a722 dcc6d5e3 bge              x13, x12, -566      x13:00000001 x12:00000004
22256387ns          376449 1c00a726 00492e03 lw               x28, 4(x18)         x28=be8bef03 x18:10001ef4  PA:10001ef8
22256407ns          376450 1c00a72a 00000693 addi             x13, x0, 0          x13=00000000
22256845ns          376472 1c00a72e a0de26d3 feq.s            x13, f28, f13       x13=00000000 f28:be8bef03 f13:00000000
22256865ns          376473 1c00a732 0e068763 beq              x13, x0, 238        x13:00000000
22257362ns          376498 1c00a820 21ef16d3 fsgnjn.s         f13, f30, f30       f13=xxxxxxxx f30:3fe566dc f30:3fe566dc
22257402ns          376500 1c00a824 010708b3 add              x17, x14, x16       x17=0000000f x14:00000005 x16:0000000a
22257421ns          376501 1c00a828 11c6f6d3 fmul.s           f13, f13, f28       f13=xxxxxxxx f13:bfe566dc f28:be8bef03
22257441ns          376502 1c00a82c f11854e3 bge              x16, x17, -248      x16:0000000a x17:0000000f
22257879ns          376524 1c00a830 0289ae03 lw               x28, 40(x19)        x28=c3307baa x19:10001ef0  PA:10001f18
22257919ns          376526 1c00a834 002c1813 slli             x16, x24, 0x2       x16=0000000c x24:00000003
22257939ns          376527 1c00a838 e0a6fe43 fmadd.s          f28, f13, f10, f28  f28=xxxxxxxx f13:3efaca0e f10:43b42661 f28:c3307baa
22257959ns          376528 1c00a83c 01880833 add              x16, x16, x24       x16=0000000f x16:0000000c x24:00000003
22258376ns          376549 1c00a83e 41000833 sub              x16, x0, x16        x16=fffffff1 x16:0000000f
22258416ns          376551 1c00a842 03c9a423 sw               x28, 40(x19)        x28:375ca34e x19:10001ef0  PA:10001f18
22258436ns          376552 1c00a846 01a80e13 addi             x28, x16, 26        x28=0000000b x16:fffffff1
22258456ns          376553 1c00a84a 0f1e5f63 bge              x28, x17, 254       x28:0000000b x17:0000000f
22258893ns          376575 1c00a84e 02c9ae83 lw               x29, 44(x19)        x29=c2720321 x19:10001ef0  PA:10001f1c
22258933ns          376577 1c00a852 01b80e13 addi             x28, x16, 27        x28=0000000c x16:fffffff1
22258953ns          376578 1c00a856 e876fec3 fmadd.s          f29, f13, f7, f29   f29=xxxxxxxx f13:3efaca0e  f7:4399f77f f29:c2720321
22258973ns          376579 1c00a85a 03d9a623 sw               x29, 44(x19)        x29:42b4a8df x19:10001ef0  PA:10001f1c
22259430ns          376602 1c00a85e 0f1e5563 bge              x28, x17, 234       x28:0000000c x17:0000000f
22259470ns          376604 1c00a862 0309ae83 lw               x29, 48(x19)        x29=43e5c120 x19:10001ef0  PA:10001f20
22259490ns          376605 1c00a866 01c80e13 addi             x28, x16, 28        x28=0000000d x16:fffffff1
22259510ns          376606 1c00a86a e886fec3 fmadd.s          f29, f13, f8, f29   f29=xxxxxxxx f13:3efaca0e  f8:c3832463 f29:43e5c120
22259967ns          376629 1c00a86e 03d9a823 sw               x29, 48(x19)        x29:43a5849b x19:10001ef0  PA:10001f20
22260007ns          376631 1c00a872 0d1e5b63 bge              x28, x17, 214       x28:0000000d x17:0000000f
22260027ns          376632 1c00a876 0349ae03 lw               x28, 52(x19)        x28=43908a85 x19:10001ef0  PA:10001f24
22260047ns          376633 1c00a87a 01012e83 lw               x29, 16(x2)         x29=41ef4ad8  x2:10001e38  PA:10001e48
22260067ns          376634 1c00a87c 01d80813 addi             x16, x16, 29        x16=0000000e x16:fffffff1
22260465ns          376654 1c00a87e e1d6fe43 fmadd.s          f28, f13, f29, f28  f28=xxxxxxxx f13:3efaca0e f29:41ef4ad8 f28:43908a85
22260505ns          376656 1c00a882 03c9aa23 sw               x28, 52(x19)        x28:4397dde5 x19:10001ef0  PA:10001f24
22260524ns          376657 1c00a886 0d185163 bge              x16, x17, 194       x16:0000000e x17:0000000f
22260544ns          376658 1c00a88a 0389a803 lw               x16, 56(x19)        x16=4396d6ca x19:10001ef0  PA:10001f28
22260564ns          376659 1c00a88e 01412883 lw               x17, 20(x2)         x17=c3838db1  x2:10001e38  PA:10001e4c
22260982ns          376680 1c00a890 8116f6c3 fmadd.s          f13, f13, f17, f16  f13=xxxxxxxx f13:3efaca0e f17:c3838db1 f16:4396d6ca
22261022ns          376682 1c00a894 02d9ac23 sw               x13, 56(x19)        x13:432ccd60 x19:10001ef0  PA:10001f28
22261042ns          376683 1c00a898 000aaf03 lw               x30, 0(x21)         x30=3fe566dc x21:10001ed0  PA:10001ed0
22261061ns          376684 1c00a89c e99ff06f jal              x0, -360           
22261599ns          376711 1c00a734 00f48693 addi             x13, x9, 15         x13=0000000f  x9:00000000
22261638ns          376713 1c00a738 da262ae3 p.beqimm         x12, -588           x12:00000004
22261658ns          376714 1c00a73c 00892e03 lw               x28, 8(x18)         x28=bd7c5cef x18:10001ef4  PA:10001efc
22262076ns          376735 1c00a740 00000813 addi             x16, x0, 0          x16=00000000
22262116ns          376737 1c00a744 a10e2853 feq.s            x16, f28, f16       x16=00000000 f28:bd7c5cef f16:00000000
22262136ns          376738 1c00a748 14080b63 beq              x16, x0, 342        x16:00000000
22262673ns          376765 1c00a89e 21ef1853 fsgnjn.s         f16, f30, f30       f16=xxxxxxxx f30:3fe566dc f30:3fe566dc
22262693ns          376766 1c00a8a2 00d708b3 add              x17, x14, x13       x17=00000014 x14:00000005 x13:0000000f
22262712ns          376767 1c00a8a6 11c87853 fmul.s           f16, f16, f28       f16=xxxxxxxx f16:bfe566dc f28:bd7c5cef
22262732ns          376768 1c00a8aa eb16d1e3 bge              x13, x17, -350      x13:0000000f x17:00000014
22263170ns          376790 1c00a8ae 03c9ae03 lw               x28, 60(x19)        x28=c21f2396 x19:10001ef0  PA:10001f2c
22263210ns          376792 1c00a8b2 002c1693 slli             x13, x24, 0x2       x13=0000000c x24:00000003
22263230ns          376793 1c00a8b6 e0a87e43 fmadd.s          f28, f16, f10, f28  f28=xxxxxxxx f16:3de22488 f10:43b42661 f28:c21f2396
22263249ns          376794 1c00a8ba 018686b3 add              x13, x13, x24       x13=0000000f x13:0000000c x24:00000003
22263269ns          376795 1c00a8bc 40d006b3 sub              x13, x0, x13        x13=fffffff1 x13:0000000f
22263687ns          376816 1c00a8c0 03c9ae23 sw               x28, 60(x19)        x28:363c0788 x19:10001ef0  PA:10001f2c
22263727ns          376818 1c00a8c4 01f68e13 addi             x28, x13, 31        x28=00000010 x13:fffffff1
22263747ns          376819 1c00a8c8 0b1e5763 bge              x28, x17, 174       x28:00000010 x17:00000014
22263767ns          376820 1c00a8cc 0409ae83 lw               x29, 64(x19)        x29=42f08acc x19:10001ef0  PA:10001f30
22264204ns          376842 1c00a8d0 02068e13 addi             x28, x13, 32        x28=00000011 x13:fffffff1
22264244ns          376844 1c00a8d4 e8787ec3 fmadd.s          f29, f16, f7, f29   f29=xxxxxxxx f16:3de22488  f7:4399f77f f29:42f08acc
22264264ns          376845 1c00a8d8 05d9a023 sw               x29, 64(x19)        x29:431a4604 x19:10001ef0  PA:10001f30
22264284ns          376846 1c00a8dc 091e5d63 bge              x28, x17, 154       x28:00000011 x17:00000014
22264741ns          376869 1c00a8e0 0449ae83 lw               x29, 68(x19)        x29=43908a85 x19:10001ef0  PA:10001f34
22264781ns          376871 1c00a8e4 02168e13 addi             x28, x13, 33        x28=00000012 x13:fffffff1
22264801ns          376872 1c00a8e8 e8887ec3 fmadd.s          f29, f16, f8, f29   f29=xxxxxxxx f16:3de22488  f8:c3832463 f29:43908a85
22264821ns          376873 1c00a8ec 05d9a223 sw               x29, 68(x19)        x29:43820f6a x19:10001ef0  PA:10001f34
22265258ns          376895 1c00a8f0 091e5363 bge              x28, x17, 134       x28:00000012 x17:00000014
22265298ns          376897 1c00a8f4 0489ae03 lw               x28, 72(x19)        x28=446ce7ce x19:10001ef0  PA:10001f38
22265318ns          376898 1c00a8f8 01012e83 lw               x29, 16(x2)         x29=41ef4ad8  x2:10001e38  PA:10001e48
22265338ns          376899 1c00a8fa 02268693 addi             x13, x13, 34        x13=00000013 x13:fffffff1
22265776ns          376921 1c00a8fe e1d87e43 fmadd.s          f28, f16, f29, f28  f28=xxxxxxxx f16:3de22488 f29:41ef4ad8 f28:446ce7ce
22265815ns          376923 1c00a902 05c9a423 sw               x28, 72(x19)        x28:446dbb30 x19:10001ef0  PA:10001f38
22265835ns          376924 1c00a906 0716d863 bge              x13, x17, 112       x13:00000013 x17:00000014
22265855ns          376925 1c00a90a 04c9a683 lw               x13, 76(x19)        x13=c37308f0 x19:10001ef0  PA:10001f3c
22265875ns          376926 1c00a90e 01412883 lw               x17, 20(x2)         x17=c3838db1  x2:10001e38  PA:10001e4c
22266293ns          376947 1c00a910 69187843 fmadd.s          f16, f16, f17, f13  f16=xxxxxxxx f16:3de22488 f17:c3838db1 f13:c37308f0
22266333ns          376949 1c00a914 0509a623 sw               x16, 76(x19)        x16:c3880b34 x19:10001ef0  PA:10001f3c
22266352ns          376950 1c00a918 000aaf03 lw               x30, 0(x21)         x30=3fe566dc x21:10001ed0  PA:10001ed0
22266372ns          376951 1c00a91c e31ff06f jal              x0, -464           
22266870ns          376976 1c00a74c 01448693 addi             x13, x9, 20         x13=00000014  x9:00000000
22266929ns          376979 1c00a750 d8463ee3 p.bneimm         x12, -612           x12:00000004
22266969ns          376981 1c00a754 00c92803 lw               x16, 12(x18)        x16=be462bf9 x18:10001ef4  PA:10001f00
22266989ns          376982 1c00a758 00000613 addi             x12, x0, 0          x12=00000000
22267009ns          376983 1c00a75c a0c82653 feq.s            x12, f16, f12       x12=00000000 f16:be462bf9 f12:00000000
22267446ns          377005 1c00a760 d80616e3 bne              x12, x0, -628       x12:00000000
22267486ns          377007 1c00a764 21ef1653 fsgnjn.s         f12, f30, f30       f12=xxxxxxxx f30:3fe566dc f30:3fe566dc
22267506ns          377008 1c00a768 00d70733 add              x14, x14, x13       x14=00000019 x14:00000005 x13:00000014
22267526ns          377009 1c00a76a 11067653 fmul.s           f12, f12, f16       f12=xxxxxxxx f12:bfe566dc f16:be462bf9
22267964ns          377031 1c00a76e d6e6dfe3 bge              x13, x14, -642      x13:00000014 x14:00000019
22268003ns          377033 1c00a772 0509a683 lw               x13, 80(x19)        x13=c2f9eeb7 x19:10001ef0  PA:10001f40
22268023ns          377034 1c00a776 002c1813 slli             x16, x24, 0x2       x16=0000000c x24:00000003
22268043ns          377035 1c00a77a 68a67543 fmadd.s          f10, f12, f10, f13  f10=xxxxxxxx f12:3eb194f6 f10:43b42661 f13:c2f9eeb7
22268063ns          377036 1c00a77e 01880833 add              x16, x16, x24       x16=0000000f x16:0000000c x24:00000003
22268501ns          377058 1c00a780 41000833 sub              x16, x0, x16        x16=fffffff1 x16:0000000f
22268540ns          377060 1c00a784 04a9a823 sw               x10, 80(x19)        x10:375df536 x19:10001ef0  PA:10001f40
22268560ns          377061 1c00a788 02480693 addi             x13, x16, 36        x13=00000015 x16:fffffff1
22268580ns          377062 1c00a78c 04e6d863 bge              x13, x14, 80        x13:00000015 x14:00000019
22268998ns          377083 1c00a790 0549a683 lw               x13, 84(x19)        x13=c2aa3c62 x19:10001ef0  PA:10001f44
22269038ns          377085 1c00a794 02580513 addi             x10, x16, 37        x10=00000016 x16:fffffff1
22269058ns          377086 1c00a798 687676c3 fmadd.s          f13, f12, f7, f13   f13=xxxxxxxx f12:3eb194f6  f7:4399f77f f13:c2aa3c62
22269077ns          377087 1c00a79c 04d9aa23 sw               x13, 84(x19)        x13:41ad7c27 x19:10001ef0  PA:10001f44
22269535ns          377110 1c00a7a0 02e55e63 bge              x10, x14, 60        x10:00000016 x14:00000019
22269575ns          377112 1c00a7a4 0589a683 lw               x13, 88(x19)        x13=4396d6ca x19:10001ef0  PA:10001f48
22269595ns          377113 1c00a7a8 02680513 addi             x10, x16, 38        x10=00000017 x16:fffffff1
22269614ns          377114 1c00a7ac 688676c3 fmadd.s          f13, f12, f8, f13   f13=xxxxxxxx f12:3eb194f6  f8:c3832463 f13:4396d6ca
22270032ns          377135 1c00a7b0 04d9ac23 sw               x13, 88(x19)        x13:4352b51c x19:10001ef0  PA:10001f48
22270072ns          377137 1c00a7b4 02e55463 bge              x10, x14, 40        x10:00000017 x14:00000019
22270092ns          377138 1c00a7b8 05c9a683 lw               x13, 92(x19)        x13=c37308f0 x19:10001ef0  PA:10001f4c
22270112ns          377139 1c00a7bc 01012e03 lw               x28, 16(x2)         x28=41ef4ad8  x2:10001e38  PA:10001e48
22270589ns          377163 1c00a7be 02780813 addi             x16, x16, 39        x16=00000018 x16:fffffff1
22270629ns          377165 1c00a7c2 69c676c3 fmadd.s          f13, f12, f28, f13  f13=xxxxxxxx f12:3eb194f6 f28:41ef4ad8 f13:c37308f0
22270649ns          377166 1c00a7c6 04d9ae23 sw               x13, 92(x19)        x13:c368a910 x19:10001ef0  PA:10001f4c
22270669ns          377167 1c00a7ca 00e85963 bge              x16, x14, 18        x16:00000018 x14:00000019
22271086ns          377188 1c00a7ce 0609a703 lw               x14, 96(x19)        x14=440ec2a0 x19:10001ef0  PA:10001f50
22271106ns          377189 1c00a7d2 01412e83 lw               x29, 20(x2)         x29=c3838db1  x2:10001e38  PA:10001e4c
22271146ns          377191 1c00a7d4 71d67643 fmadd.s          f12, f12, f29, f14  f12=xxxxxxxx f12:3eb194f6 f29:c3838db1 f14:440ec2a0
22271166ns          377192 1c00a7d8 06c9a023 sw               x12, 96(x19)        x12:43efe47e x19:10001ef0  PA:10001f50
22271206ns          377194 1c00a7dc 000aaf03 lw               x30, 0(x21)         x30=3fe566dc x21:10001ed0  PA:10001ed0
22271623ns          377215 1c00a7e0 d0dff06f jal              x0, -756           
22272061ns          377237 1c00a4ec 00000693 addi             x13, x0, 0          x13=00000000
22272519ns          377260 1c00a4f0 a0df2753 feq.s            x14, f30, f13       x14=00000000 f30:3fe566dc f13:00000000
22272558ns          377262 1c00a4f4 007b8293 addi             x5, x23, 7           x5=00000007 x23:00000000
22272578ns          377263 1c00a4f8 f6071ee3 bne              x14, x0, -132       x14:00000000
22272598ns          377264 1c00a4fa 0109a603 lw               x12, 16(x19)        x12=be462bf9 x19:10001ef0  PA:10001f00
22273036ns          377286 1c00a4fe 001c0713 addi             x14, x24, 1         x14=00000004 x24:00000003
22273075ns          377288 1c00a502 a0d62653 feq.s            x12, f12, f13       x12=00000000 f12:be462bf9 f13:00000000
22273095ns          377289 1c00a506 42060863 beq              x12, x0, 1072       x12:00000000
22274010ns          377335 1c00a936 00e005b3 add              x11, x0, x14        x11=00000004 x14:00000004
22274050ns          377337 1c00a938 bffff06f jal              x0, -1026          
22274528ns          377361 1c00a536 00c12503 lw               x10, 12(x2)         x10=10001ef0  x2:10001e38  PA:10001e44
22274567ns          377363 1c00a538 002c1893 slli             x17, x24, 0x2       x17=0000000c x24:00000003
22274587ns          377364 1c00a53c 06050993 addi             x19, x10, 96        x19=10001f50 x10:10001ef0
22275025ns          377386 1c00a540 01900813 addi             x16, x0, 25         x16=00000019
22275065ns          377388 1c00a542 41880833 sub              x16, x16, x24       x16=00000016 x16:00000019 x24:00000003
22275084ns          377389 1c00a546 41198e33 sub              x28, x19, x17       x28=10001f44 x19:10001f50 x17:0000000c
22275104ns          377390 1c00a54a 00259393 slli             x7, x11, 0x2         x7=00000010 x11:00000004
22275542ns          377412 1c00a54e 00000413 addi             x8, x0, 0            x8=00000000
22275562ns          377413 1c00a552 00e00533 add              x10, x0, x14        x10=00000004 x14:00000004
22275582ns          377414 1c00a554 077540fb lp.setup         0x1, x10, 0x77      x10:00000004
22275602ns          377415 1c00a558 010586b3 add              x13, x11, x16       x13=0000001a x11:00000004 x16:00000016
22275622ns          377416 1c00a55c fff70f93 addi             x31, x14, -1        x31=00000003 x14:00000004
22276059ns          377438 1c00a560 0cd85f63 bge              x16, x13, 222       x16:00000016 x13:0000001a
22276099ns          377440 1c00a564 000e2683 lw               x13, 0(x28)         x13=41ad7c27 x28:10001f44  PA:10001f44
22276139ns          377442 1c00a568 a086a6d3 feq.s            x13, f13, f8        x13=00000000 f13:41ad7c27  f8:00000000
22276159ns          377443 1c00a56c 00068c63 beq              x13, x0, 24         x13:00000000
22277034ns          377487 1c00a584 ee0588e3 beq              x11, x0, -272       x11:00000004
22277074ns          377489 1c00a588 ee0706e3 beq              x14, x0, -276       x14:00000004
22277093ns          377490 1c00a58c 002f9d13 slli             x26, x31, 0x2       x26=0000000c x31:00000003
22277531ns          377512 1c00a590 411c0533 sub              x10, x24, x17       x10=fffffff7 x24:00000003 x17:0000000c
22277571ns          377514 1c00a594 01af8fb3 add              x31, x31, x26       x31=0000000f x31:00000003 x26:0000000c
22277591ns          377515 1c00a596 00151513 slli             x10, x10, 0x1       x10=ffffffee x10:fffffff7
22277611ns          377516 1c00a598 04012623 sw               x0, 76(x2)           x2:10001e38  PA:10001e84
22277630ns          377517 1c00a59a 005f8d33 add              x26, x31, x5        x26=00000016 x31:0000000f  x5:00000007
22277650ns          377518 1c00a59e 01850513 addi             x10, x10, 24        x10=00000006 x10:ffffffee
22278048ns          377538 1c00a5a0 21ef1f53 fsgnjn.s         f30, f30, f30       f30=xxxxxxxx f30:3fe566dc f30:3fe566dc
22278088ns          377540 1c00a5a4 00172b63 p.beqimm         x14, 22             x14:00000004
22278108ns          377541 1c00a5a8 04012823 sw               x0, 80(x2)           x2:10001e38  PA:10001e88
22278128ns          377542 1c00a5aa 00272663 p.beqimm         x14, 12             x14:00000004
22278148ns          377543 1c00a5ae 04012a23 sw               x0, 84(x2)           x2:10001e38  PA:10001e8c
22278585ns          377565 1c00a5b0 00372363 p.beqimm         x14, 6              x14:00000004
22278625ns          377567 1c00a5b4 04012c23 sw               x0, 88(x2)           x2:10001e38  PA:10001e90
22278645ns          377568 1c00a5b6 4e5d4d63 blt              x26, x5, 1274       x26:00000016  x5:00000007
22278665ns          377569 1c00a5ba 001c1613 slli             x12, x24, 0x1       x12=00000006 x24:00000003
22279102ns          377591 1c00a5be 01860433 add              x8, x12, x24         x8=00000009 x12:00000006 x24:00000003
22279122ns          377592 1c00a5c2 04c10693 addi             x13, x2, 76         x13=10001e84  x2:10001e38
22279142ns          377593 1c00a5c4 00341413 slli             x8, x8, 0x3          x8=00000048  x8:00000009
22279162ns          377594 1c00a5c6 00c12823 sw               x12, 16(x2)         x12:00000006  x2:10001e38  PA:10001e48
22279182ns          377595 1c00a5c8 00d12a23 sw               x13, 20(x2)         x13:10001e84  x2:10001e38  PA:10001e4c
22279202ns          377596 1c00a5ca 00d00fb3 add              x31, x0, x13        x31=10001e84 x13:10001e84
22279222ns          377597 1c00a5cc 40898433 sub              x8, x19, x8          x8=10001f08 x19:10001f50  x8:00000048
22279620ns          377617 1c00a5d0 00b286b3 add              x13, x5, x11        x13=0000000b  x5:00000007 x11:00000004
22279659ns          377619 1c00a5d4 3ed2df63 bge              x5, x13, 1022        x5:00000007 x13:0000000b
22279679ns          377620 1c00a5d8 ffc38693 addi             x13, x7, -4         x13=0000000c  x7:00000010
22279699ns          377621 1c00a5dc 0026d693 srli             x13, x13, 0x2       x13=00000003 x13:0000000c
22279719ns          377622 1c00a5de 012008b3 add              x17, x0, x18        x17=10001ef4 x18:10001ef4
22280137ns          377643 1c00a5e0 00800833 add              x16, x0, x8         x16=10001f08  x8:10001f08
22280176ns          377645 1c00a5e2 00000613 addi             x12, x0, 0          x12=00000000
22280196ns          377646 1c00a5e6 00168693 addi             x13, x13, 1         x13=00000004 x13:00000003
22280216ns          377647 1c00a5e8 0066c0fb lp.setup         0x1, x13, 0x6       x13:00000004
22280236ns          377648 1c00a5ec 00482e8b p.lw             x29, 4(x16!)        x29=c386c59d x16=10001f0c x16:10001f08  PA:10001f08
22280654ns          377669 1c00a5f0 0048ae0b p.lw             x28, 4(x17!)        x28=3f800000 x17=10001ef8 x17:10001ef4  PA:10001ef4
22280694ns          377671 1c00a5f4 61cef643 fmadd.s          f12, f29, f28, f12  f12=xxxxxxxx f29:c386c59d f28:3f800000 f12:00000000
22280714ns          377672 1c00a5ec 00482e8b p.lw             x29, 4(x16!)        x29=43ccc817 x16=10001f10 x16:10001f0c  PA:10001f0c
22280733ns          377673 1c00a5f0 0048ae0b p.lw             x28, 4(x17!)        x28=be8bef03 x17=10001efc x17:10001ef8  PA:10001ef8
22280773ns          377675 1c00a5f4 61cef643 fmadd.s          f12, f29, f28, f12  f12=xxxxxxxx f29:43ccc817 f28:be8bef03 f12:c386c59d
22280793ns          377676 1c00a5ec 00482e8b p.lw             x29, 4(x16!)        x29=428553c0 x16=10001f14 x16:10001f10  PA:10001f10
22280813ns          377677 1c00a5f0 0048ae0b p.lw             x28, 4(x17!)        x28=bd7c5cef x17=10001f00 x17:10001efc  PA:10001efc
22280853ns          377679 1c00a5f4 61cef643 fmadd.s          f12, f29, f28, f12  f12=xxxxxxxx f29:428553c0 f28:bd7c5cef f12:c3bebd88
22280873ns          377680 1c00a5ec 00482e8b p.lw             x29, 4(x16!)        x29=43c1361d x16=10001f18 x16:10001f14  PA:10001f14
22280893ns          377681 1c00a5f0 0048ae0b p.lw             x28, 4(x17!)        x28=be462bf9 x17=10001f04 x17:10001f00  PA:10001f00
22280932ns          377683 1c00a5f4 61cef643 fmadd.s          f12, f29, f28, f12  f12=xxxxxxxx f29:43c1361d f28:be462bf9 f12:c3c0cb43
22280952ns          377684 1c00a5f8 000fa683 lw               x13, 0(x31)         x13=00000000 x31:10001e84  PA:10001e84
22280972ns          377685 1c00a5fc 00528293 addi             x5, x5, 5            x5=0000000c  x5:00000007
22281370ns          377705 1c00a5fe 00c6f653 fadd.s           f12, f13, f12       f12=xxxxxxxx f13:00000000 f12:c3e62f86
22281390ns          377706 1c00a602 01440413 addi             x8, x8, 20           x8=10001f1c  x8:10001f08
22281410ns          377707 1c00a604 00cfa22b p.sw             x12, 4(x31!)        x31=10001e88 x12:c3e62f86 x31:10001e84  PA:10001e84
22281430ns          377708 1c00a608 fc5d54e3 bge              x26, x5, -56        x26:00000016  x5:0000000c
22281927ns          377733 1c00a5d0 00b286b3 add              x13, x5, x11        x13=00000010  x5:0000000c x11:00000004
22281947ns          377734 1c00a5d4 3ed2df63 bge              x5, x13, 1022        x5:0000000c x13:00000010
22281967ns          377735 1c00a5d8 ffc38693 addi             x13, x7, -4         x13=0000000c  x7:00000010
22281987ns          377736 1c00a5dc 0026d693 srli             x13, x13, 0x2       x13=00000003 x13:0000000c
22282006ns          377737 1c00a5de 012008b3 add              x17, x0, x18        x17=10001ef4 x18:10001ef4
22282026ns          377738 1c00a5e0 00800833 add              x16, x0, x8         x16=10001f1c  x8:10001f1c
22282046ns          377739 1c00a5e2 00000613 addi             x12, x0, 0          x12=00000000
22282066ns          377740 1c00a5e6 00168693 addi             x13, x13, 1         x13=00000004 x13:00000003
22282086ns          377741 1c00a5e8 0066c0fb lp.setup         0x1, x13, 0x6       x13:00000004
22282106ns          377742 1c00a5ec 00482e8b p.lw             x29, 4(x16!)        x29=42b4a8df x16=10001f20 x16:10001f1c  PA:10001f1c
22282126ns          377743 1c00a5f0 0048ae0b p.lw             x28, 4(x17!)        x28=3f800000 x17=10001ef8 x17:10001ef4  PA:10001ef4
22282166ns          377745 1c00a5f4 61cef643 fmadd.s          f12, f29, f28, f12  f12=xxxxxxxx f29:42b4a8df f28:3f800000 f12:00000000
22282185ns          377746 1c00a5ec 00482e8b p.lw             x29, 4(x16!)        x29=43a5849b x16=10001f24 x16:10001f20  PA:10001f20
22282205ns          377747 1c00a5f0 0048ae0b p.lw             x28, 4(x17!)        x28=be8bef03 x17=10001efc x17:10001ef8  PA:10001ef8
22282245ns          377749 1c00a5f4 61cef643 fmadd.s          f12, f29, f28, f12  f12=xxxxxxxx f29:43a5849b f28:be8bef03 f12:42b4a8df
22282265ns          377750 1c00a5ec 00482e8b p.lw             x29, 4(x16!)        x29=4397dde5 x16=10001f28 x16:10001f24  PA:10001f24
22282285ns          377751 1c00a5f0 0048ae0b p.lw             x28, 4(x17!)        x28=bd7c5cef x17=10001f00 x17:10001efc  PA:10001efc
22282325ns          377753 1c00a5f4 61cef643 fmadd.s          f12, f29, f28, f12  f12=xxxxxxxx f29:4397dde5 f28:bd7c5cef f12:be146599
22282345ns          377754 1c00a5ec 00482e8b p.lw             x29, 4(x16!)        x29=432ccd60 x16=10001f2c x16:10001f28  PA:10001f28
22282364ns          377755 1c00a5f0 0048ae0b p.lw             x28, 4(x17!)        x28=be462bf9 x17=10001f04 x17:10001f00  PA:10001f00
22282404ns          377757 1c00a5f4 61cef643 fmadd.s          f12, f29, f28, f12  f12=xxxxxxxx f29:432ccd60 f28:be462bf9 f12:c196de5a
22282424ns          377758 1c00a5f8 000fa683 lw               x13, 0(x31)         x13=00000000 x31:10001e88  PA:10001e88
22282444ns          377759 1c00a5fc 00528293 addi             x5, x5, 5            x5=00000011  x5:0000000c
22282464ns          377760 1c00a5fe 00c6f653 fadd.s           f12, f13, f12       f12=xxxxxxxx f13:00000000 f12:c25133b4
22282484ns          377761 1c00a602 01440413 addi             x8, x8, 20           x8=10001f30  x8:10001f1c
22282504ns          377762 1c00a604 00cfa22b p.sw             x12, 4(x31!)        x31=10001e8c x12:c25133b4 x31:10001e88  PA:10001e88
22282543ns          377764 1c00a608 fc5d54e3 bge              x26, x5, -56        x26:00000016  x5:00000011
22282603ns          377767 1c00a5d0 00b286b3 add              x13, x5, x11        x13=00000015  x5:00000011 x11:00000004
22282623ns          377768 1c00a5d4 3ed2df63 bge              x5, x13, 1022        x5:00000011 x13:00000015
22282643ns          377769 1c00a5d8 ffc38693 addi             x13, x7, -4         x13=0000000c  x7:00000010
22282663ns          377770 1c00a5dc 0026d693 srli             x13, x13, 0x2       x13=00000003 x13:0000000c
22282683ns          377771 1c00a5de 012008b3 add              x17, x0, x18        x17=10001ef4 x18:10001ef4
22282703ns          377772 1c00a5e0 00800833 add              x16, x0, x8         x16=10001f30  x8:10001f30
22282723ns          377773 1c00a5e2 00000613 addi             x12, x0, 0          x12=00000000
22282742ns          377774 1c00a5e6 00168693 addi             x13, x13, 1         x13=00000004 x13:00000003
22282762ns          377775 1c00a5e8 0066c0fb lp.setup         0x1, x13, 0x6       x13:00000004
22282782ns          377776 1c00a5ec 00482e8b p.lw             x29, 4(x16!)        x29=431a4604 x16=10001f34 x16:10001f30  PA:10001f30
22282802ns          377777 1c00a5f0 0048ae0b p.lw             x28, 4(x17!)        x28=3f800000 x17=10001ef8 x17:10001ef4  PA:10001ef4
22282862ns          377780 1c00a5f4 61cef643 fmadd.s          f12, f29, f28, f12  f12=xxxxxxxx f29:431a4604 f28:3f800000 f12:00000000
22282882ns          377781 1c00a5ec 00482e8b p.lw             x29, 4(x16!)        x29=43820f6a x16=10001f38 x16:10001f34  PA:10001f34
22282902ns          377782 1c00a5f0 0048ae0b p.lw             x28, 4(x17!)        x28=be8bef03 x17=10001efc x17:10001ef8  PA:10001ef8
22282941ns          377784 1c00a5f4 61cef643 fmadd.s          f12, f29, f28, f12  f12=xxxxxxxx f29:43820f6a f28:be8bef03 f12:431a4604
22282961ns          377785 1c00a5ec 00482e8b p.lw             x29, 4(x16!)        x29=446dbb30 x16=10001f3c x16:10001f38  PA:10001f38
22282981ns          377786 1c00a5f0 0048ae0b p.lw             x28, 4(x17!)        x28=bd7c5cef x17=10001f00 x17:10001efc  PA:10001efc
22283021ns          377788 1c00a5f4 61cef643 fmadd.s          f12, f29, f28, f12  f12=xxxxxxxx f29:446dbb30 f28:bd7c5cef f12:42a65c6f
22283041ns          377789 1c00a5ec 00482e8b p.lw             x29, 4(x16!)        x29=c3880b34 x16=10001f40 x16:10001f3c  PA:10001f3c
22283061ns          377790 1c00a5f0 0048ae0b p.lw             x28, 4(x17!)        x28=be462bf9 x17=10001f04 x17:10001f00  PA:10001f00
22283100ns          377792 1c00a5f4 61cef643 fmadd.s          f12, f29, f28, f12  f12=xxxxxxxx f29:c3880b34 f28:be462bf9 f12:41c4bc9b
22283120ns          377793 1c00a5f8 000fa683 lw               x13, 0(x31)         x13=00000000 x31:10001e8c  PA:10001e8c
22283160ns          377795 1c00a5fc 00528293 addi             x5, x5, 5            x5=00000016  x5:00000011
22283180ns          377796 1c00a5fe 00c6f653 fadd.s           f12, f13, f12       f12=xxxxxxxx f13:00000000 f12:429a7f2f
22283200ns          377797 1c00a602 01440413 addi             x8, x8, 20           x8=10001f44  x8:10001f30
22283220ns          377798 1c00a604 00cfa22b p.sw             x12, 4(x31!)        x31=10001e90 x12:429a7f2f x31:10001e8c  PA:10001e8c
22283240ns          377799 1c00a608 fc5d54e3 bge              x26, x5, -56        x26:00000016  x5:00000016
22283299ns          377802 1c00a5d0 00b286b3 add              x13, x5, x11        x13=0000001a  x5:00000016 x11:00000004
22283319ns          377803 1c00a5d4 3ed2df63 bge              x5, x13, 1022        x5:00000016 x13:0000001a
22283339ns          377804 1c00a5d8 ffc38693 addi             x13, x7, -4         x13=0000000c  x7:00000010
22283359ns          377805 1c00a5dc 0026d693 srli             x13, x13, 0x2       x13=00000003 x13:0000000c
22283379ns          377806 1c00a5de 012008b3 add              x17, x0, x18        x17=10001ef4 x18:10001ef4
22283399ns          377807 1c00a5e0 00800833 add              x16, x0, x8         x16=10001f44  x8:10001f44
22283419ns          377808 1c00a5e2 00000613 addi             x12, x0, 0          x12=00000000
22283439ns          377809 1c00a5e6 00168693 addi             x13, x13, 1         x13=00000004 x13:00000003
22283458ns          377810 1c00a5e8 0066c0fb lp.setup         0x1, x13, 0x6       x13:00000004
22283478ns          377811 1c00a5ec 00482e8b p.lw             x29, 4(x16!)        x29=41ad7c27 x16=10001f48 x16:10001f44  PA:10001f44
22283498ns          377812 1c00a5f0 0048ae0b p.lw             x28, 4(x17!)        x28=3f800000 x17=10001ef8 x17:10001ef4  PA:10001ef4
22283538ns          377814 1c00a5f4 61cef643 fmadd.s          f12, f29, f28, f12  f12=xxxxxxxx f29:41ad7c27 f28:3f800000 f12:00000000
22283558ns          377815 1c00a5ec 00482e8b p.lw             x29, 4(x16!)        x29=4352b51c x16=10001f4c x16:10001f48  PA:10001f48
22283578ns          377816 1c00a5f0 0048ae0b p.lw             x28, 4(x17!)        x28=be8bef03 x17=10001efc x17:10001ef8  PA:10001ef8
22283618ns          377818 1c00a5f4 61cef643 fmadd.s          f12, f29, f28, f12  f12=xxxxxxxx f29:4352b51c f28:be8bef03 f12:41ad7c27
22283637ns          377819 1c00a5ec 00482e8b p.lw             x29, 4(x16!)        x29=c368a910 x16=10001f50 x16:10001f4c  PA:10001f4c
22283657ns          377820 1c00a5f0 0048ae0b p.lw             x28, 4(x17!)        x28=bd7c5cef x17=10001f00 x17:10001efc  PA:10001efc
22283697ns          377822 1c00a5f4 61cef643 fmadd.s          f12, f29, f28, f12  f12=xxxxxxxx f29:c368a910 f28:bd7c5cef f12:c20f9c0c
22283717ns          377823 1c00a5ec 00482e8b p.lw             x29, 4(x16!)        x29=43efe47e x16=10001f54 x16:10001f50  PA:10001f50
22283737ns          377824 1c00a5f0 0048ae0b p.lw             x28, 4(x17!)        x28=be462bf9 x17=10001f04 x17:10001f00  PA:10001f00
22283777ns          377826 1c00a5f4 61cef643 fmadd.s          f12, f29, f28, f12  f12=xxxxxxxx f29:43efe47e f28:be462bf9 f12:c1ac8aa7
22283797ns          377827 1c00a5f8 000fa683 lw               x13, 0(x31)         x13=00000000 x31:10001e90  PA:10001e90
22283816ns          377828 1c00a5fc 00528293 addi             x5, x5, 5            x5=0000001b  x5:00000016
22283836ns          377829 1c00a5fe 00c6f653 fadd.s           f12, f13, f12       f12=xxxxxxxx f13:00000000 f12:c2e4d698
22283856ns          377830 1c00a602 01440413 addi             x8, x8, 20           x8=10001f58  x8:10001f44
22283876ns          377831 1c00a604 00cfa22b p.sw             x12, 4(x31!)        x31=10001e94 x12:c2e4d698 x31:10001e90  PA:10001e90
22283896ns          377832 1c00a608 fc5d54e3 bge              x26, x5, -56        x26:00000016  x5:0000001b
22283916ns          377833 1c00a60c 01012803 lw               x16, 16(x2)         x16=00000006  x2:10001e38  PA:10001e48
22283936ns          377834 1c00a60e 00200613 addi             x12, x0, 2          x12=00000002
22283956ns          377835 1c00a610 018806b3 add              x13, x16, x24       x13=00000009 x16:00000006 x24:00000003
22283976ns          377836 1c00a614 00369693 slli             x13, x13, 0x3       x13=00000048 x13:00000009
22283996ns          377837 1c00a616 00170813 addi             x16, x14, 1         x16=00000005 x14:00000004
22284015ns          377838 1c00a61a 01412f83 lw               x31, 20(x2)         x31=10001e84  x2:10001e38  PA:10001e4c
22284035ns          377839 1c00a61c 40d989b3 sub              x19, x19, x13       x19=10001f08 x19:10001f50 x13:00000048
22284354ns          377855 1c00a620 00000293 addi             x5, x0, 0            x5=00000000
22284393ns          377857 1c00a624 4ac84863 blt              x16, x12, 1200      x16:00000005 x12:00000002
22284413ns          377858 1c00a628 0097407b lp.setup         0x0, x14, 0x9       x14:00000004
22284433ns          377859 1c00a62c 004fa68b p.lw             x13, 4(x31!)        x13=c3e62f86 x31=10001e88 x31:10001e84  PA:10001e84
22284871ns          377881 1c00a630 a056a653 feq.s            x12, f13, f5        x12=00000000 f13:c3e62f86  f5:00000000
22284910ns          377883 1c00a634 36060763 beq              x12, x0, 878        x12:00000000
22285428ns          377909 1c00a9a2 00b50633 add              x12, x10, x11       x12=0000000a x10:00000006 x11:00000004
22285448ns          377910 1c00a9a6 11e6fed3 fmul.s           f29, f13, f30       f29=xxxxxxxx f13:c3e62f86 f30:bfe566dc
22285467ns          377911 1c00a9aa c8c557e3 bge              x10, x12, -882      x10:00000006 x12:0000000a
22285905ns          377933 1c00a9ae ffc38813 addi             x16, x7, -4         x16=0000000c  x7:00000010
22285945ns          377935 1c00a9b2 00285813 srli             x16, x16, 0x2       x16=00000003 x16:0000000c
22285965ns          377936 1c00a9b6 01200e33 add              x28, x0, x18        x28=10001ef4 x18:10001ef4
22285985ns          377937 1c00a9b8 013008b3 add              x17, x0, x19        x17=10001f08 x19:10001f08
22286004ns          377938 1c00a9ba 00180813 addi             x16, x16, 1         x16=00000004 x16:00000003
22286024ns          377939 1c00a9bc 008840fb lp.setup         0x1, x16, 0x8       x16:00000004
22286442ns          377960 1c00a9c0 0008a603 lw               x12, 0(x17)         x12=c386c59d x17:10001f08  PA:10001f08
22286482ns          377962 1c00a9c4 004e268b p.lw             x13, 4(x28!)        x13=3f800000 x28=10001ef8 x28:10001ef4  PA:10001ef4
22286522ns          377964 1c00a9c8 60def6c3 fmadd.s          f13, f29, f13, f12  f13=xxxxxxxx f29:444e4500 f13:3f800000 f12:c386c59d
22286542ns          377965 1c00a9cc 00d8a22b p.sw             x13, 4(x17!)        x17=10001f0c x13:440ae232 x17:10001f08  PA:10001f08
22286561ns          377966 1c00a9c0 0008a603 lw               x12, 0(x17)         x12=43ccc817 x17:10001f0c  PA:10001f0c
22286581ns          377967 1c00a9c4 004e268b p.lw             x13, 4(x28!)        x13=be8bef03 x28=10001efc x28:10001ef8  PA:10001ef8
22286621ns          377969 1c00a9c8 60def6c3 fmadd.s          f13, f29, f13, f12  f13=xxxxxxxx f29:444e4500 f13:be8bef03 f12:43ccc817
22286641ns          377970 1c00a9cc 00d8a22b p.sw             x13, 4(x17!)        x17=10001f10 x13:43381016 x17:10001f0c  PA:10001f0c
22287079ns          377992 1c00a9c0 0008a603 lw               x12, 0(x17)         x12=428553c0 x17:10001f10  PA:10001f10
22287098ns          377993 1c00a9c4 004e268b p.lw             x13, 4(x28!)        x13=bd7c5cef x28=10001f00 x28:10001efc  PA:10001efc
22287138ns          377995 1c00a9c8 60def6c3 fmadd.s          f13, f29, f13, f12  f13=xxxxxxxx f29:444e4500 f13:bd7c5cef f12:428553c0
22287158ns          377996 1c00a9cc 00d8a22b p.sw             x13, 4(x17!)        x17=10001f14 x13:417d42cb x17:10001f10  PA:10001f10
22287198ns          377998 1c00a9c0 0008a603 lw               x12, 0(x17)         x12=43c1361d x17:10001f14  PA:10001f14
22287218ns          377999 1c00a9c4 004e268b p.lw             x13, 4(x28!)        x13=be462bf9 x28=10001f04 x28:10001f00  PA:10001f00
22287258ns          378001 1c00a9c8 60def6c3 fmadd.s          f13, f29, f13, f12  f13=xxxxxxxx f29:444e4500 f13:be462bf9 f12:43c1361d
22287277ns          378002 1c00a9cc 00d8a22b p.sw             x13, 4(x17!)        x17=10001f18 x13:4362bf6e x17:10001f14  PA:10001f14
22287297ns          378003 1c00a9d0 c69ff06f jal              x0, -920           
22287337ns          378005 1c00a638 00550513 addi             x10, x10, 5         x10=0000000b x10:00000006
22287357ns          378006 1c00a63a 01498993 addi             x19, x19, 20        x19=10001f1c x19:10001f08
22287377ns          378007 1c00a62c 004fa68b p.lw             x13, 4(x31!)        x13=c25133b4 x31=10001e8c x31:10001e88  PA:10001e88
22287417ns          378009 1c00a630 a056a653 feq.s            x12, f13, f5        x12=00000000 f13:c25133b4  f5:00000000
22287437ns          378010 1c00a634 36060763 beq              x12, x0, 878        x12:00000000
22287954ns          378036 1c00a9a2 00b50633 add              x12, x10, x11       x12=0000000f x10:0000000b x11:00000004
22287974ns          378037 1c00a9a6 11e6fed3 fmul.s           f29, f13, f30       f29=xxxxxxxx f13:c25133b4 f30:bfe566dc
22287994ns          378038 1c00a9aa c8c557e3 bge              x10, x12, -882      x10:0000000b x12:0000000f
22288013ns          378039 1c00a9ae ffc38813 addi             x16, x7, -4         x16=0000000c  x7:00000010
22288033ns          378040 1c00a9b2 00285813 srli             x16, x16, 0x2       x16=00000003 x16:0000000c
22288053ns          378041 1c00a9b6 01200e33 add              x28, x0, x18        x28=10001ef4 x18:10001ef4
22288073ns          378042 1c00a9b8 013008b3 add              x17, x0, x19        x17=10001f1c x19:10001f1c
22288093ns          378043 1c00a9ba 00180813 addi             x16, x16, 1         x16=00000004 x16:00000003
22288113ns          378044 1c00a9bc 008840fb lp.setup         0x1, x16, 0x8       x16:00000004
22288133ns          378045 1c00a9c0 0008a603 lw               x12, 0(x17)         x12=42b4a8df x17:10001f1c  PA:10001f1c
22288153ns          378046 1c00a9c4 004e268b p.lw             x13, 4(x28!)        x13=3f800000 x28=10001ef8 x28:10001ef4  PA:10001ef4
22288192ns          378048 1c00a9c8 60def6c3 fmadd.s          f13, f29, f13, f12  f13=xxxxxxxx f29:42bb774e f13:3f800000 f12:42b4a8df
22288212ns          378049 1c00a9cc 00d8a22b p.sw             x13, 4(x17!)        x17=10001f20 x13:43381016 x17:10001f1c  PA:10001f1c
22288232ns          378050 1c00a9c0 0008a603 lw               x12, 0(x17)         x12=43a5849b x17:10001f20  PA:10001f20
22288252ns          378051 1c00a9c4 004e268b p.lw             x13, 4(x28!)        x13=be8bef03 x28=10001efc x28:10001ef8  PA:10001ef8
22288292ns          378053 1c00a9c8 60def6c3 fmadd.s          f13, f29, f13, f12  f13=xxxxxxxx f29:42bb774e f13:be8bef03 f12:43a5849b
22288312ns          378054 1c00a9cc 00d8a22b p.sw             x13, 4(x17!)        x17=10001f24 x13:4398b581 x17:10001f20  PA:10001f20
22288332ns          378055 1c00a9c0 0008a603 lw               x12, 0(x17)         x12=4397dde5 x17:10001f24  PA:10001f24
22288352ns          378056 1c00a9c4 004e268b p.lw             x13, 4(x28!)        x13=bd7c5cef x28=10001f00 x28:10001efc  PA:10001efc
22288391ns          378058 1c00a9c8 60def6c3 fmadd.s          f13, f29, f13, f12  f13=xxxxxxxx f29:42bb774e f13:bd7c5cef f12:4397dde5
22288411ns          378059 1c00a9cc 00d8a22b p.sw             x13, 4(x17!)        x17=10001f28 x13:4394faaf x17:10001f24  PA:10001f24
22288431ns          378060 1c00a9c0 0008a603 lw               x12, 0(x17)         x12=432ccd60 x17:10001f28  PA:10001f28
22288451ns          378061 1c00a9c4 004e268b p.lw             x13, 4(x28!)        x13=be462bf9 x28=10001f04 x28:10001f00  PA:10001f00
22288491ns          378063 1c00a9c8 60def6c3 fmadd.s          f13, f29, f13, f12  f13=xxxxxxxx f29:42bb774e f13:be462bf9 f12:432ccd60
22288511ns          378064 1c00a9cc 00d8a22b p.sw             x13, 4(x17!)        x17=10001f2c x13:431aa991 x17:10001f28  PA:10001f28
22288531ns          378065 1c00a9d0 c69ff06f jal              x0, -920           
22288570ns          378067 1c00a638 00550513 addi             x10, x10, 5         x10=00000010 x10:0000000b
22288590ns          378068 1c00a63a 01498993 addi             x19, x19, 20        x19=10001f30 x19:10001f1c
22288610ns          378069 1c00a62c 004fa68b p.lw             x13, 4(x31!)        x13=429a7f2f x31=10001e90 x31:10001e8c  PA:10001e8c
22288650ns          378071 1c00a630 a056a653 feq.s            x12, f13, f5        x12=00000000 f13:429a7f2f  f5:00000000
22288670ns          378072 1c00a634 36060763 beq              x12, x0, 878        x12:00000000
22288749ns          378076 1c00a9a2 00b50633 add              x12, x10, x11       x12=00000014 x10:00000010 x11:00000004
22288769ns          378077 1c00a9a6 11e6fed3 fmul.s           f29, f13, f30       f29=xxxxxxxx f13:429a7f2f f30:bfe566dc
22288789ns          378078 1c00a9aa c8c557e3 bge              x10, x12, -882      x10:00000010 x12:00000014
22288809ns          378079 1c00a9ae ffc38813 addi             x16, x7, -4         x16=0000000c  x7:00000010
22288829ns          378080 1c00a9b2 00285813 srli             x16, x16, 0x2       x16=00000003 x16:0000000c
22288849ns          378081 1c00a9b6 01200e33 add              x28, x0, x18        x28=10001ef4 x18:10001ef4
22288869ns          378082 1c00a9b8 013008b3 add              x17, x0, x19        x17=10001f30 x19:10001f30
22288889ns          378083 1c00a9ba 00180813 addi             x16, x16, 1         x16=00000004 x16:00000003
22288909ns          378084 1c00a9bc 008840fb lp.setup         0x1, x16, 0x8       x16:00000004
22288928ns          378085 1c00a9c0 0008a603 lw               x12, 0(x17)         x12=431a4604 x17:10001f30  PA:10001f30
22288948ns          378086 1c00a9c4 004e268b p.lw             x13, 4(x28!)        x13=3f800000 x28=10001ef8 x28:10001ef4  PA:10001ef4
22288988ns          378088 1c00a9c8 60def6c3 fmadd.s          f13, f29, f13, f12  f13=xxxxxxxx f29:c30a71d8 f13:3f800000 f12:431a4604
22289008ns          378089 1c00a9cc 00d8a22b p.sw             x13, 4(x17!)        x17=10001f34 x13:417d42c0 x17:10001f30  PA:10001f30
22289028ns          378090 1c00a9c0 0008a603 lw               x12, 0(x17)         x12=43820f6a x17:10001f34  PA:10001f34
22289048ns          378091 1c00a9c4 004e268b p.lw             x13, 4(x28!)        x13=be8bef03 x28=10001efc x28:10001ef8  PA:10001ef8
22289088ns          378093 1c00a9c8 60def6c3 fmadd.s          f13, f29, f13, f12  f13=xxxxxxxx f29:c30a71d8 f13:be8bef03 f12:43820f6a
22289107ns          378094 1c00a9cc 00d8a22b p.sw             x13, 4(x17!)        x17=10001f38 x13:4394faaf x17:10001f34  PA:10001f34
22289127ns          378095 1c00a9c0 0008a603 lw               x12, 0(x17)         x12=446dbb30 x17:10001f38  PA:10001f38
22289147ns          378096 1c00a9c4 004e268b p.lw             x13, 4(x28!)        x13=bd7c5cef x28=10001f00 x28:10001efc  PA:10001efc
22289187ns          378098 1c00a9c8 60def6c3 fmadd.s          f13, f29, f13, f12  f13=xxxxxxxx f29:c30a71d8 f13:bd7c5cef f12:446dbb30
22289207ns          378099 1c00a9cc 00d8a22b p.sw             x13, 4(x17!)        x17=10001f3c x13:446fdd19 x17:10001f38  PA:10001f38
22289227ns          378100 1c00a9c0 0008a603 lw               x12, 0(x17)         x12=c3880b34 x17:10001f3c  PA:10001f3c
22289247ns          378101 1c00a9c4 004e268b p.lw             x13, 4(x28!)        x13=be462bf9 x28=10001f04 x28:10001f00  PA:10001f00
22289286ns          378103 1c00a9c8 60def6c3 fmadd.s          f13, f29, f13, f12  f13=xxxxxxxx f29:c30a71d8 f13:be462bf9 f12:c3880b34
22289306ns          378104 1c00a9cc 00d8a22b p.sw             x13, 4(x17!)        x17=10001f40 x13:c3754b73 x17:10001f3c  PA:10001f3c
22289326ns          378105 1c00a9d0 c69ff06f jal              x0, -920           
22289366ns          378107 1c00a638 00550513 addi             x10, x10, 5         x10=00000015 x10:00000010
22289386ns          378108 1c00a63a 01498993 addi             x19, x19, 20        x19=10001f44 x19:10001f30
22289406ns          378109 1c00a62c 004fa68b p.lw             x13, 4(x31!)        x13=c2e4d698 x31=10001e94 x31:10001e90  PA:10001e90
22289446ns          378111 1c00a630 a056a653 feq.s            x12, f13, f5        x12=00000000 f13:c2e4d698  f5:00000000
22289465ns          378112 1c00a634 36060763 beq              x12, x0, 878        x12:00000000
22289545ns          378116 1c00a9a2 00b50633 add              x12, x10, x11       x12=00000019 x10:00000015 x11:00000004
22289565ns          378117 1c00a9a6 11e6fed3 fmul.s           f29, f13, f30       f29=xxxxxxxx f13:c2e4d698 f30:bfe566dc
22289585ns          378118 1c00a9aa c8c557e3 bge              x10, x12, -882      x10:00000015 x12:00000019
22289605ns          378119 1c00a9ae ffc38813 addi             x16, x7, -4         x16=0000000c  x7:00000010
22289625ns          378120 1c00a9b2 00285813 srli             x16, x16, 0x2       x16=00000003 x16:0000000c
22289644ns          378121 1c00a9b6 01200e33 add              x28, x0, x18        x28=10001ef4 x18:10001ef4
22289664ns          378122 1c00a9b8 013008b3 add              x17, x0, x19        x17=10001f44 x19:10001f44
22289684ns          378123 1c00a9ba 00180813 addi             x16, x16, 1         x16=00000004 x16:00000003
22289704ns          378124 1c00a9bc 008840fb lp.setup         0x1, x16, 0x8       x16:00000004
22289724ns          378125 1c00a9c0 0008a603 lw               x12, 0(x17)         x12=41ad7c27 x17:10001f44  PA:10001f44
22289744ns          378126 1c00a9c4 004e268b p.lw             x13, 4(x28!)        x13=3f800000 x28=10001ef8 x28:10001ef4  PA:10001ef4
22289784ns          378128 1c00a9c8 60def6c3 fmadd.s          f13, f29, f13, f12  f13=xxxxxxxx f29:434d0fe8 f13:3f800000 f12:41ad7c27
22289804ns          378129 1c00a9cc 00d8a22b p.sw             x13, 4(x17!)        x17=10001f48 x13:4362bf6d x17:10001f44  PA:10001f44
22289824ns          378130 1c00a9c0 0008a603 lw               x12, 0(x17)         x12=4352b51c x17:10001f48  PA:10001f48
22289843ns          378131 1c00a9c4 004e268b p.lw             x13, 4(x28!)        x13=be8bef03 x28=10001efc x28:10001ef8  PA:10001ef8
22289883ns          378133 1c00a9c8 60def6c3 fmadd.s          f13, f29, f13, f12  f13=xxxxxxxx f29:434d0fe8 f13:be8bef03 f12:4352b51c
22289903ns          378134 1c00a9cc 00d8a22b p.sw             x13, 4(x17!)        x17=10001f4c x13:431aa990 x17:10001f48  PA:10001f48
22289923ns          378135 1c00a9c0 0008a603 lw               x12, 0(x17)         x12=c368a910 x17:10001f4c  PA:10001f4c
22289943ns          378136 1c00a9c4 004e268b p.lw             x13, 4(x28!)        x13=bd7c5cef x28=10001f00 x28:10001efc  PA:10001efc
22289983ns          378138 1c00a9c8 60def6c3 fmadd.s          f13, f29, f13, f12  f13=xxxxxxxx f29:434d0fe8 f13:bd7c5cef f12:c368a910
22290003ns          378139 1c00a9cc 00d8a22b p.sw             x13, 4(x17!)        x17=10001f50 x13:c3754b72 x17:10001f4c  PA:10001f4c
22290022ns          378140 1c00a9c0 0008a603 lw               x12, 0(x17)         x12=43efe47e x17:10001f50  PA:10001f50
22290042ns          378141 1c00a9c4 004e268b p.lw             x13, 4(x28!)        x13=be462bf9 x28=10001f04 x28:10001f00  PA:10001f00
22290082ns          378143 1c00a9c8 60def6c3 fmadd.s          f13, f29, f13, f12  f13=xxxxxxxx f29:434d0fe8 f13:be462bf9 f12:43efe47e
22290102ns          378144 1c00a9cc 00d8a22b p.sw             x13, 4(x17!)        x17=10001f54 x13:43dc0ccd x17:10001f50  PA:10001f50
22290122ns          378145 1c00a9d0 c69ff06f jal              x0, -920           
22290162ns          378147 1c00a638 00550513 addi             x10, x10, 5         x10=0000001a x10:00000015
22290182ns          378148 1c00a63a 01498993 addi             x19, x19, 20        x19=10001f58 x19:10001f44
22290201ns          378149 1c00a63c e39ff06f jal              x0, -456           
22290480ns          378163 1c00a474 00812c03 lw               x24, 8(x2)          x24=00000002  x2:10001e38  PA:10001e40
22290520ns          378165 1c00a476 00f92c2b p.sw             x15, 24(x18!)       x18=10001f0c x15:c3b42660 x18:10001ef4  PA:10001ef4
22290540ns          378166 1c00a47a 004a8a93 addi             x21, x21, 4         x21=10001ed4 x21:10001ed0
22290559ns          378167 1c00a47c 006b8b93 addi             x23, x23, 6         x23=00000006 x23:00000000
22290579ns          378168 1c00a47e 006009b3 add              x19, x0, x6         x19=10001f04  x6:10001f04
22290997ns          378189 1c00a480 005d8d93 addi             x27, x27, 5         x27=0000000a x27:00000005
22291017ns          378190 1c00a482 00548493 addi             x9, x9, 5            x9=00000005  x9:00000000
22291037ns          378191 1c00a484 018a0a13 addi             x20, x20, 24        x20=10001f10 x20:10001ef8
22291057ns          378192 1c00a486 b9fc39e3 p.bneimm         x24, -1134          x24:00000002
22291574ns          378218 1c00a018 00300d13 addi             x26, x0, 3          x26=00000003
22291614ns          378220 1c00a01a 418d0d33 sub              x26, x26, x24       x26=00000001 x26:00000003 x24:00000002
22291634ns          378221 1c00a01e 018005b3 add              x11, x0, x24        x11=00000002 x24:00000002
22291673ns          378223 1c00a020 00092503 lw               x10, 0(x18)         x10=43381016 x18:10001f0c  PA:10001f0c
22291713ns          378225 1c00a024 423d2163 p.beqimm         x26, 1058           x26:00000001
22291733ns          378226 1c00a028 003b8813 addi             x16, x23, 3         x16=00000009 x23:00000006
22291753ns          378227 1c00a02c 400c0d63 beq              x24, x0, 1050       x24:00000002
22292210ns          378250 1c00a030 601c2b63 p.beqimm         x24, 1558           x24:00000002
22292250ns          378252 1c00a034 00648793 addi             x15, x9, 6          x15=0000000b  x9:00000005
22292270ns          378253 1c00a038 7af85863 bge              x16, x15, 1968      x16:00000009 x15:0000000b
22292290ns          378254 1c00a03c 01498313 addi             x6, x19, 20          x6=10001f18 x19:10001f04
22292350ns          378257 1c00a040 414306b3 sub              x13, x6, x20        x13=00000008  x6:10001f18 x20:10001f10
22292389ns          378259 1c00a044 ffc68693 addi             x13, x13, -4        x13=00000004 x13:00000008
22292409ns          378260 1c00a046 1c000737 lui              x14, 0x1c000000     x14=1c000000
22292429ns          378261 1c00a04a 0026d693 srli             x13, x13, 0x2       x13=00000001 x13:00000004
22292449ns          378262 1c00a04c 00000793 addi             x15, x0, 0          x15=00000000
22292489ns          378264 1c00a050 01c72603 lw               x12, 28(x14)        x12=00800000 x14:1c000000  PA:1c00001c
22292807ns          378280 1c00a054 014008b3 add              x17, x0, x20        x17=10001f10 x20:10001f10
22292827ns          378281 1c00a056 00f00eb3 add              x29, x0, x15        x29=00000000 x15:00000000
22292847ns          378282 1c00a058 00168693 addi             x13, x13, 1         x13=00000002 x13:00000001
22292867ns          378283 1c00a05a 0048a70b p.lw             x14, 4(x17!)        x14=417d42cb x17=10001f14 x17:10001f10  PA:10001f10
22292907ns          378285 1c00a05e a1d71e53 flt.s            x28, f14, f29       x28=00000000 f14:417d42cb f29:00000000
22292926ns          378286 1c00a062 000e0463 beq              x28, x0, 8          x28:00000000
22293066ns          378293 1c00a06a a0e61e53 flt.s            x28, f12, f14       x28=00000001 f12:00800000 f14:417d42cb
22293086ns          378294 1c00a06e 3a0e0863 beq              x28, x0, 944        x28:00000001
22293105ns          378295 1c00a072 18e67e53 fdiv.s           f28, f12, f14       f28=xxxxxxxx f12:00800000 f14:417d42cb
22293822ns          378331 1c00a076 00e00633 add              x12, x0, x14        x12=xxxxxxxx x14:417d42cb
22293841ns          378332 1c00a078 1c000737 lui              x14, 0x1c000000     x14=xxxxxxxx
22294080ns          378344 1c00a07c 11c7f7d3 fmul.s           f15, f15, f28       f15=xxxxxxxx f15:00000000 f28:00081626
22294100ns          378345 1c00a080 04c70713 addi             x14, x14, 76        x14=1c00004c x14:1c000000
22294120ns          378346 1c00a084 00072703 lw               x14, 0(x14)         x14=3f800000 x14:1c00004c  PA:1c00004c
22294538ns          378367 1c00a086 70fe77c3 fmadd.s          f15, f28, f15, f14  f15=xxxxxxxx f28:00081626 f15:00000000 f14:3f800000
22294558ns          378368 1c00a08a fff68693 addi             x13, x13, -1        x13=00000001 x13:00000002
22294577ns          378369 1c00a08c fc0697e3 bne              x13, x0, -50        x13:00000001
22294657ns          378373 1c00a05a 0048a70b p.lw             x14, 4(x17!)        x14=4362bf6e x17=10001f18 x17:10001f14  PA:10001f14
22294697ns          378375 1c00a05e a1d71e53 flt.s            x28, f14, f29       x28=00000000 f14:4362bf6e f29:00000000
22294717ns          378376 1c00a062 000e0463 beq              x28, x0, 8          x28:00000000
22294796ns          378380 1c00a06a a0e61e53 flt.s            x28, f12, f14       x28=00000001 f12:417d42cb f14:4362bf6e
22294816ns          378381 1c00a06e 3a0e0863 beq              x28, x0, 944        x28:00000001
22294836ns          378382 1c00a072 18e67e53 fdiv.s           f28, f12, f14       f28=xxxxxxxx f12:417d42cb f14:4362bf6e
22295035ns          378392 1c00a076 00e00633 add              x12, x0, x14        x12=xxxxxxxx x14:4362bf6e
22295055ns          378393 1c00a078 1c000737 lui              x14, 0x1c000000     x14=xxxxxxxx
22295293ns          378405 1c00a07c 11c7f7d3 fmul.s           f15, f15, f28       f15=xxxxxxxx f15:3f800000 f28:3d8ef77e
22295313ns          378406 1c00a080 04c70713 addi             x14, x14, 76        x14=1c00004c x14:1c000000
22295333ns          378407 1c00a084 00072703 lw               x14, 0(x14)         x14=3f800000 x14:1c00004c  PA:1c00004c
22295671ns          378424 1c00a086 70fe77c3 fmadd.s          f15, f28, f15, f14  f15=xxxxxxxx f28:3d8ef77e f15:3d8ef77e f14:3f800000
22295691ns          378425 1c00a08a fff68693 addi             x13, x13, -1        x13=00000000 x13:00000001
22295711ns          378426 1c00a08c fc0697e3 bne              x13, x0, -50        x13:00000000
22295731ns          378427 1c00a08e 5807f7d3 fsqrt.s          f15, f15            f15=xxxxxxxx f15:3f809faf
22296407ns          378461 1c00a092 10c7f7d3 fmul.s           f15, f15, f12       f15=xxxxxxxx f15:3f804fbf f12:4362bf6e
22296427ns          378462 1c00a096 00000713 addi             x14, x0, 0          x14=00000000
22296447ns          378463 1c00a09a a0e7a6d3 feq.s            x13, f15, f14       x13=00000000 f15:43634cb2 f14:00000000
22296467ns          378464 1c00a09e 5c069363 bne              x13, x0, 1478       x13:00000000
22296487ns          378465 1c00a0a2 a0e51753 flt.s            x14, f10, f14       x14=00000000 f10:43381016 f14:00000000
22296507ns          378466 1c00a0a6 5e071063 bne              x14, x0, 1504       x14:00000000
22296527ns          378467 1c00a0aa 00a00733 add              x14, x0, x10        x14=43381016 x10:43381016
22296547ns          378468 1c00a0ac 00000693 addi             x13, x0, 0          x13=00000000
22296586ns          378470 1c00a0b0 a0d796d3 flt.s            x13, f15, f13       x13=00000000 f15:43634cb2 f13:00000000
22296626ns          378472 1c00a0b4 00068363 beq              x13, x0, 6          x13:00000000
22296706ns          378476 1c00a0ba a0f716d3 flt.s            x13, f14, f15       x13=00000001 f14:43381016 f15:43634cb2
22296785ns          378480 1c00a0be 5a069763 bne              x13, x0, 1454       x13:00000001
22296885ns          378485 1c00a66c 1c0008b7 lui              x17, 0x1c000000     x17=1c000000
22296964ns          378489 1c00a670 04c8a683 lw               x13, 76(x17)        x13=3f800000 x17:1c000000  PA:1c00004c
22297283ns          378505 1c00a674 18f77753 fdiv.s           f14, f14, f15       f14=xxxxxxxx f14:43381016 f15:43634cb2
22297621ns          378522 1c00a678 68e77743 fmadd.s          f14, f14, f14, f13  f14=xxxxxxxx f14:3f4f4dca f14:3f4f4dca f13:3f800000
22297641ns          378523 1c00a67c 58077753 fsqrt.s          f14, f14            f14=xxxxxxxx f14:3fd3ef72
22298178ns          378550 1c00a680 10e7f7d3 fmul.s           f15, f15, f14       f15=xxxxxxxx f15:43634cb2 f14:3fa4b478
22298198ns          378551 1c00a684 a59ff06f jal              x0, -1448          
22298277ns          378555 1c00a0dc 00000713 addi             x14, x0, 0          x14=00000000
22298357ns          378559 1c00a0e0 a0a70753 fle.s            x14, f14, f10       x14=00000001 f14:00000000 f10:43381016
22298396ns          378561 1c00a0e4 00070363 beq              x14, x0, 6          x14:00000001
22298416ns          378562 1c00a0e6 20f797d3 fsgnjn.s         f15, f15, f15       f15=xxxxxxxx f15:43923d5f f15:43923d5f
22298436ns          378563 1c00a0ea 00000713 addi             x14, x0, 0          x14=00000000
22298496ns          378566 1c00a0ee a0e79753 flt.s            x14, f15, f14       x14=00000001 f15:c3923d5f f14:00000000
22298536ns          378568 1c00a0f2 58071d63 bne              x14, x0, 1434       x14:00000001
22298595ns          378571 1c00a68c 20f79753 fsgnjn.s         f14, f15, f15       f14=xxxxxxxx f15:c3923d5f f15:c3923d5f
22298615ns          378572 1c00a690 a69ff06f jal              x0, -1432          
22298655ns          378574 1c00a0f8 1c000637 lui              x12, 0x1c000000     x12=1c000000
22298675ns          378575 1c00a0fc 03060613 addi             x12, x12, 48        x12=1c000030 x12:1c000000
22298735ns          378578 1c00a100 00062603 lw               x12, 0(x12)         x12=0c000000 x12:1c000030  PA:1c000030
22299073ns          378595 1c00a102 a0c71753 flt.s            x14, f14, f12       x14=00000000 f14:43923d5f f12:0c000000
22299093ns          378596 1c00a106 3a070063 beq              x14, x0, 928        x14:00000000
22299669ns          378625 1c00a4a6 1c0008b7 lui              x17, 0x1c000000     x17=1c000000
22299689ns          378626 1c00a4aa 04c88893 addi             x17, x17, 76        x17=1c00004c x17:1c000000
22299749ns          378629 1c00a4ae 08a7f6d3 fsub.s           f13, f15, f10       f13=xxxxxxxx f15:c3923d5f f10:43381016
22299789ns          378631 1c00a4b2 0008a883 lw               x17, 0(x17)         x17=3f800000 x17:1c00004c  PA:1c00004c
22300206ns          378652 1c00a4b6 08f57553 fsub.s           f10, f10, f15       f10=xxxxxxxx f10:43381016 f15:c3923d5f
22300226ns          378653 1c00a4ba 18f6f6d3 fdiv.s           f13, f13, f15       f13=xxxxxxxx f13:c3ee456a f15:c3923d5f
22301161ns          378700 1c00a4be 18a8f553 fdiv.s           f10, f17, f10       f10=xxxxxxxx f17:3f800000 f10:43ee456a
22301997ns          378742 1c00a4c2 d90dc7e3 blt              x27, x16, -626      x27:0000000a x16:00000009
22302017ns          378743 1c00a4c6 41430733 sub              x14, x6, x20        x14=00000004  x6:10001f18 x20:10001f10
22302036ns          378744 1c00a4ca ffc70713 addi             x14, x14, -4        x14=00000001 x14:00000008
22302056ns          378745 1c00a4cc 00275713 srli             x14, x14, 0x2       x14=xxxxxxxx x14:00000004
22302076ns          378746 1c00a4ce 01400833 add              x16, x0, x20        x16=xxxxxxxx x20:10001f10
22302096ns          378747 1c00a4d0 00170713 addi             x14, x14, 1         x14=xxxxxxxx x14:00000001
22302116ns          378748 1c00a4d2 006740fb lp.setup         0x1, x14, 0x6       x14:00000002  PA:10001f10
22302136ns          378749 1c00a4d6 00082603 lw               x12, 0(x16)         x12=xxxxxxxx x16:10001f10
22302255ns          378755 1c00a4da 10a67653 fmul.s           f12, f12, f10       f12=xxxxxxxx f12:417d42cb f10:3b098624
22302275ns          378756 1c00a4de 00c8222b p.sw             x12, 4(x16!)        x16=10001f14 x12:3d080d73 x16:10001f10  PA:10001f10
22302295ns          378757 1c00a4d6 00082603 lw               x12, 0(x16)         x12=xxxxxxxx x16:10001f14  PA:10001f14
22302335ns          378759 1c00a4da 10a67653 fmul.s           f12, f12, f10       f12=xxxxxxxx f12:4362bf6e f10:3b098624
22302355ns          378760 1c00a4de 00c8222b p.sw             x12, 4(x16!)        x16=10001f18 x12:3ef39e84 x16:10001f14  PA:10001f14
22302375ns          378761 1c00a4e2 d6fff06f jal              x0, -658           
22302454ns          378765 1c00a250 1c000e37 lui              x28, 0x1c000000     x28=1c000000
22302494ns          378767 1c00a254 04ce0e13 addi             x28, x28, 76        x28=1c00004c x28:1c000000
22302514ns          378768 1c00a258 000e2e03 lw               x28, 0(x28)         x28=3f800000 x28:1c00004c  PA:1c00004c
22302812ns          378783 1c00a25c 00daa023 sw               x13, 0(x21)         x13:3fd08d85 x21:10001ed4  PA:10001ed4
22302832ns          378784 1c00a260 01c92023 sw               x28, 0(x18)         x28:3f800000 x18:10001f0c  PA:10001f0c
22302852ns          378785 1c00a264 000aaf03 lw               x30, 0(x21)         x30=3fd08d85 x21:10001ed4  PA:10001ed4
22302872ns          378786 1c00a268 00000713 addi             x14, x0, 0          x14=00000000
22302892ns          378787 1c00a26c a0ef26d3 feq.s            x13, f30, f14       x13=00000000 f30:3fd08d85 f14:00000000
22302932ns          378789 1c00a270 20069063 bne              x13, x0, 512        x13:00000000
22302971ns          378791 1c00a274 0109a683 lw               x13, 16(x19)        x13=3ef39e84 x19:10001f04  PA:10001f14
22303011ns          378793 1c00a278 a0e6a753 feq.s            x14, f13, f14       x14=00000000 f13:3ef39e84 f14:00000000
22303031ns          378794 1c00a27c 70070063 beq              x14, x0, 1792       x14:00000000
22303190ns          378802 1c00a97c 002c1813 slli             x16, x24, 0x2       x16=00000008 x24:00000002
22303648ns          378825 1c00a980 fffc0893 addi             x17, x24, -1        x17=00000001 x24:00000002
22303687ns          378827 1c00a984 001c0613 addi             x12, x24, 1         x12=00000003 x24:00000002
22303707ns          378828 1c00a988 01880833 add              x16, x16, x24       x16=0000000a x16:00000008 x24:00000002
22303727ns          378829 1c00a98a 01112423 sw               x17, 8(x2)          x17:00000001  x2:10001e38  PA:10001e40
22303747ns          378830 1c00a98c 93bff06f jal              x0, -1734          
22304264ns          378856 1c00a2c6 02498e93 addi             x29, x19, 36        x29=10001f28 x19:10001f04
22304284ns          378857 1c00a2ca 00500713 addi             x14, x0, 5          x14=00000005
22304304ns          378858 1c00a2cc 01b80833 add              x16, x16, x27       x16=00000014 x16:0000000a x27:0000000a
22304344ns          378860 1c00a2ce 00000393 addi             x7, x0, 0            x7=00000000
22304364ns          378861 1c00a2d2 00500e13 addi             x28, x0, 5          x28=00000005
22304384ns          378862 1c00a2d4 109e40fb lp.setup         0x1, x28, 0x109     x28:00000005
22304403ns          378863 1c00a2d8 01b706b3 add              x13, x14, x27       x13=0000000f x14:00000005 x27:0000000a
22304423ns          378864 1c00a2dc 00e80fb3 add              x31, x16, x14       x31=00000019 x16:00000014 x14:00000005
22304483ns          378867 1c00a2e0 00d00533 add              x10, x0, x13        x10=0000000f x13:0000000f
22304523ns          378869 1c00a2e2 20dfc163 blt              x31, x13, 514       x31:00000019 x13:0000000f
22304543ns          378870 1c00a2e6 000ea883 lw               x17, 0(x29)         x17=431aa991 x29:10001f28  PA:10001f28
22304582ns          378872 1c00a2ea a078a8d3 feq.s            x17, f17, f7        x17=00000000 f17:431aa991  f7:00000000
22304622ns          378874 1c00a2ee 00088d63 beq              x17, x0, 26         x17:00000000
22304722ns          378879 1c00a308 1e060263 beq              x12, x0, 484        x12:00000003
22304761ns          378881 1c00a30c 04012623 sw               x0, 76(x2)           x2:10001e38  PA:10001e84
22304821ns          378884 1c00a30e 68172363 p.beqimm         x14, 1670           x14:00000005
22304841ns          378885 1c00a312 04012823 sw               x0, 80(x2)           x2:10001e38  PA:10001e88
22304861ns          378886 1c00a314 76272f63 p.beqimm         x14, 1918           x14:00000005
22304881ns          378887 1c00a318 04012a23 sw               x0, 84(x2)           x2:10001e38  PA:10001e8c
22304901ns          378888 1c00a31a 76372463 p.beqimm         x14, 1896           x14:00000005
22304921ns          378889 1c00a31e 04012c23 sw               x0, 88(x2)           x2:10001e38  PA:10001e90
22304960ns          378891 1c00a320 78472163 p.beqimm         x14, 1922           x14:00000005
22305000ns          378893 1c00a324 00000393 addi             x7, x0, 0            x7=00000000
22305020ns          378894 1c00a328 04012e23 sw               x0, 92(x2)           x2:10001e38  PA:10001e94
22305040ns          378895 1c00a32a 00712823 sw               x7, 16(x2)           x7:00000000  x2:10001e38  PA:10001e48
22305060ns          378896 1c00a32c 00700433 add              x8, x0, x7           x8=00000000  x7:00000000
22305080ns          378897 1c00a32e 00712a23 sw               x7, 20(x2)           x7:00000000  x2:10001e38  PA:10001e4c
22305100ns          378898 1c00a330 002c1893 slli             x17, x24, 0x2       x17=00000008 x24:00000002
22305139ns          378900 1c00a334 01888e33 add              x28, x17, x24       x28=0000000a x17:00000008 x24:00000002
22305159ns          378901 1c00a338 41c00533 sub              x10, x0, x28        x10=fffffff6 x28:0000000a
22305179ns          378902 1c00a33c 00180f93 addi             x31, x16, 1         x31=00000015 x16:00000014
22305239ns          378905 1c00a340 01550513 addi             x10, x10, 21        x10=0000000b x10:fffffff6
22305279ns          378907 1c00a342 6aafc763 blt              x31, x10, 1710      x31:00000015 x10:0000000b
22305299ns          378908 1c00a346 00c12e83 lw               x29, 12(x2)         x29=10001ef0  x2:10001e38  PA:10001e44
22305318ns          378909 1c00a348 002e1e13 slli             x28, x28, 0x2       x28=00000028 x28:0000000a
22305338ns          378910 1c00a34a 050e8813 addi             x16, x29, 80        x16=10001f40 x29:10001ef0
22305378ns          378912 1c00a34e 41c80833 sub              x16, x16, x28       x16=10001f18 x16:10001f40 x28:00000028
22305398ns          378913 1c00a352 01412e03 lw               x28, 20(x2)         x28=00000000  x2:10001e38  PA:10001e4c
22305418ns          378914 1c00a354 03112c23 sw               x17, 56(x2)         x17:00000008  x2:10001e38  PA:10001e70
22305438ns          378915 1c00a356 03c12423 sw               x28, 40(x2)         x28:00000000  x2:10001e38  PA:10001e60
22305458ns          378916 1c00a358 02d12e23 sw               x13, 60(x2)         x13:0000000f  x2:10001e38  PA:10001e74
22305478ns          378917 1c00a35a 02812883 lw               x17, 40(x2)         x17=00000000  x2:10001e38  PA:10001e60
22305517ns          378919 1c00a35c 01012683 lw               x13, 16(x2)         x13=00000000  x2:10001e38  PA:10001e48
22305537ns          378920 1c00a35e 012002b3 add              x5, x0, x18          x5=10001f0c x18:10001f0c
22305557ns          378921 1c00a360 02012223 sw               x0, 36(x2)           x2:10001e38  PA:10001e5c
22305577ns          378922 1c00a362 02012023 sw               x0, 32(x2)           x2:10001e38  PA:10001e58
22305597ns          378923 1c00a364 00012e23 sw               x0, 28(x2)           x2:10001e38  PA:10001e54
22305617ns          378924 1c00a366 00012c23 sw               x0, 24(x2)           x2:10001e38  PA:10001e50
22305637ns          378925 1c00a368 00000e93 addi             x29, x0, 0          x29=00000000
22305657ns          378926 1c00a36a 00000e13 addi             x28, x0, 0          x28=00000000
22305676ns          378927 1c00a36e 02c12623 sw               x12, 44(x2)         x12:00000003  x2:10001e38  PA:10001e64
22305696ns          378928 1c00a370 02b12823 sw               x11, 48(x2)         x11:00000002  x2:10001e38  PA:10001e68
22305716ns          378929 1c00a372 02f12a23 sw               x15, 52(x2)         x15:c3923d5f  x2:10001e38  PA:10001e6c
22305736ns          378930 1c00a374 00a707b3 add              x15, x14, x10       x15=00000010 x14:00000005 x10:0000000b
22305756ns          378931 1c00a378 06f55063 bge              x10, x15, 96        x10:0000000b x15:00000010
22305776ns          378932 1c00a37c 0002a603 lw               x12, 0(x5)          x12=3f800000  x5:10001f0c  PA:10001f0c
22305796ns          378933 1c00a380 00082e83 lw               x29, 0(x16)         x29=375ca34e x16:10001f18  PA:10001f18
22305836ns          378935 1c00a384 00150593 addi             x11, x10, 1         x11=0000000c x10:0000000b
22305855ns          378936 1c00a388 e0cefe43 fmadd.s          f28, f29, f12, f28  f28=xxxxxxxx f29:375ca34e f12:3f800000 f28:00000000
22305875ns          378937 1c00a38c 48f5d863 bge              x11, x15, 1168      x11:0000000c x15:00000010
22305935ns          378940 1c00a390 00482e83 lw               x29, 4(x16)         x29=43381016 x16:10001f18  PA:10001f1c
22305975ns          378942 1c00a394 00250593 addi             x11, x10, 2         x11=0000000d x10:0000000b
22305995ns          378943 1c00a398 39d673c3 fmadd.s          f7, f12, f29, f7     f7=xxxxxxxx f12:3f800000 f29:43381016  f7:00000000
22306015ns          378944 1c00a39c 58f5d363 bge              x11, x15, 1414      x11:0000000d x15:00000010
22306074ns          378947 1c00a3a0 00882e83 lw               x29, 8(x16)         x29=4398b581 x16:10001f18  PA:10001f20
22306114ns          378949 1c00a3a4 00350593 addi             x11, x10, 3         x11=0000000e x10:0000000b
22306134ns          378950 1c00a3a8 41d67443 fmadd.s          f8, f12, f29, f8     f8=xxxxxxxx f12:3f800000 f29:4398b581  f8:00000000
22306154ns          378951 1c00a3ac 46f5d463 bge              x11, x15, 1128      x11:0000000e x15:00000010
22306572ns          378972 1c00a3b0 00c82e83 lw               x29, 12(x16)        x29=4394faaf x16:10001f18  PA:10001f24
22306611ns          378974 1c00a3b4 00450593 addi             x11, x10, 4         x11=0000000f x10:0000000b
22306631ns          378975 1c00a3b8 69d676c3 fmadd.s          f13, f12, f29, f13  f13=xxxxxxxx f12:3f800000 f29:4394faaf f13:00000000
22306651ns          378976 1c00a3bc 56f5d663 bge              x11, x15, 1388      x11:0000000f x15:00000010
22306711ns          378979 1c00a3c0 01082783 lw               x15, 16(x16)        x15=431aa991 x16:10001f18  PA:10001f28
22306751ns          378981 1c00a3c4 00100e93 addi             x29, x0, 1          x29=00000001
22306770ns          378982 1c00a3c6 88f678c3 fmadd.s          f17, f12, f15, f17  f17=xxxxxxxx f12:3f800000 f15:431aa991 f17:00000000
22306790ns          378983 1c00a3ca 00100593 addi             x11, x0, 1          x11=00000001
22306810ns          378984 1c00a3cc 00100613 addi             x12, x0, 1          x12=00000001
22306830ns          378985 1c00a3ce 00100793 addi             x15, x0, 1          x15=00000001
22306850ns          378986 1c00a3d0 03d12223 sw               x29, 36(x2)         x29:00000001  x2:10001e38  PA:10001e5c
22306870ns          378987 1c00a3d2 02b12023 sw               x11, 32(x2)         x11:00000001  x2:10001e38  PA:10001e58
22306890ns          378988 1c00a3d4 00c12e23 sw               x12, 28(x2)         x12:00000001  x2:10001e38  PA:10001e54
22306910ns          378989 1c00a3d6 00f12c23 sw               x15, 24(x2)         x15:00000001  x2:10001e38  PA:10001e50
22306930ns          378990 1c00a3d8 00550513 addi             x10, x10, 5         x10=00000010 x10:0000000b
22306949ns          378991 1c00a3da 01480813 addi             x16, x16, 20        x16=10001f2c x16:10001f18
22306969ns          378992 1c00a3dc 00428293 addi             x5, x5, 4            x5=10001f10  x5:10001f0c
22306989ns          378993 1c00a3de f8afdbe3 bge              x31, x10, -106      x31:00000015 x10:00000010
22307049ns          378996 1c00a374 00a707b3 add              x15, x14, x10       x15=00000015 x14:00000005 x10:00000010
22307069ns          378997 1c00a378 06f55063 bge              x10, x15, 96        x10:00000010 x15:00000015
22307089ns          378998 1c00a37c 0002a603 lw               x12, 0(x5)          x12=3d080d73  x5:10001f10  PA:10001f10
22307109ns          378999 1c00a380 00082e83 lw               x29, 0(x16)         x29=363c0788 x16:10001f2c  PA:10001f2c
22307128ns          379000 1c00a384 00150593 addi             x11, x10, 1         x11=00000011 x10:00000010
22307148ns          379001 1c00a388 e0cefe43 fmadd.s          f28, f29, f12, f28  f28=xxxxxxxx f29:363c0788 f12:3d080d73 f28:375ca34e
22307168ns          379002 1c00a38c 48f5d863 bge              x11, x15, 1168      x11:00000011 x15:00000015
22307188ns          379003 1c00a390 00482e83 lw               x29, 4(x16)         x29=417d42c0 x16:10001f2c  PA:10001f30
22307208ns          379004 1c00a394 00250593 addi             x11, x10, 2         x11=00000012 x10:00000010
22307228ns          379005 1c00a398 39d673c3 fmadd.s          f7, f12, f29, f7     f7=xxxxxxxx f12:3d080d73 f29:417d42c0  f7:43381016
22307248ns          379006 1c00a39c 58f5d363 bge              x11, x15, 1414      x11:00000012 x15:00000015
22307268ns          379007 1c00a3a0 00882e83 lw               x29, 8(x16)         x29=4394faaf x16:10001f2c  PA:10001f34
22307288ns          379008 1c00a3a4 00350593 addi             x11, x10, 3         x11=00000013 x10:00000010
22307307ns          379009 1c00a3a8 41d67443 fmadd.s          f8, f12, f29, f8     f8=xxxxxxxx f12:3d080d73 f29:4394faaf  f8:4398b581
22307327ns          379010 1c00a3ac 46f5d463 bge              x11, x15, 1128      x11:00000013 x15:00000015
22307347ns          379011 1c00a3b0 00c82e83 lw               x29, 12(x16)        x29=446fdd19 x16:10001f2c  PA:10001f38
22307367ns          379012 1c00a3b4 00450593 addi             x11, x10, 4         x11=00000014 x10:00000010
22307387ns          379013 1c00a3b8 69d676c3 fmadd.s          f13, f12, f29, f13  f13=xxxxxxxx f12:3d080d73 f29:446fdd19 f13:4394faaf
22307407ns          379014 1c00a3bc 56f5d663 bge              x11, x15, 1388      x11:00000014 x15:00000015
22307427ns          379015 1c00a3c0 01082783 lw               x15, 16(x16)        x15=c3754b73 x16:10001f2c  PA:10001f3c
22307447ns          379016 1c00a3c4 00100e93 addi             x29, x0, 1          x29=00000001
22307467ns          379017 1c00a3c6 88f678c3 fmadd.s          f17, f12, f15, f17  f17=xxxxxxxx f12:3d080d73 f15:c3754b73 f17:431aa991
22307486ns          379018 1c00a3ca 00100593 addi             x11, x0, 1          x11=00000001
22307506ns          379019 1c00a3cc 00100613 addi             x12, x0, 1          x12=00000001
22307526ns          379020 1c00a3ce 00100793 addi             x15, x0, 1          x15=00000001
22307546ns          379021 1c00a3d0 03d12223 sw               x29, 36(x2)         x29:00000001  x2:10001e38  PA:10001e5c
22307566ns          379022 1c00a3d2 02b12023 sw               x11, 32(x2)         x11:00000001  x2:10001e38  PA:10001e58
22307586ns          379023 1c00a3d4 00c12e23 sw               x12, 28(x2)         x12:00000001  x2:10001e38  PA:10001e54
22307606ns          379024 1c00a3d6 00f12c23 sw               x15, 24(x2)         x15:00000001  x2:10001e38  PA:10001e50
22307626ns          379025 1c00a3d8 00550513 addi             x10, x10, 5         x10=00000015 x10:00000010
22307646ns          379026 1c00a3da 01480813 addi             x16, x16, 20        x16=10001f40 x16:10001f2c
22307666ns          379027 1c00a3dc 00428293 addi             x5, x5, 4            x5=10001f14  x5:10001f10
22307685ns          379028 1c00a3de f8afdbe3 bge              x31, x10, -106      x31:00000015 x10:00000015
22307745ns          379031 1c00a374 00a707b3 add              x15, x14, x10       x15=0000001a x14:00000005 x10:00000015
22307765ns          379032 1c00a378 06f55063 bge              x10, x15, 96        x10:00000015 x15:0000001a
22307785ns          379033 1c00a37c 0002a603 lw               x12, 0(x5)          x12=3ef39e84  x5:10001f14  PA:10001f14
22307805ns          379034 1c00a380 00082e83 lw               x29, 0(x16)         x29=375df536 x16:10001f40  PA:10001f40
22307825ns          379035 1c00a384 00150593 addi             x11, x10, 1         x11=00000016 x10:00000015
22307845ns          379036 1c00a388 e0cefe43 fmadd.s          f28, f29, f12, f28  f28=xxxxxxxx f29:375df536 f12:3ef39e84 f28:375e3306
22307864ns          379037 1c00a38c 48f5d863 bge              x11, x15, 1168      x11:00000016 x15:0000001a
22307884ns          379038 1c00a390 00482e83 lw               x29, 4(x16)         x29=4362bf6d x16:10001f40  PA:10001f44
22307904ns          379039 1c00a394 00250593 addi             x11, x10, 2         x11=00000017 x10:00000015
22307924ns          379040 1c00a398 39d673c3 fmadd.s          f7, f12, f29, f7     f7=xxxxxxxx f12:3ef39e84 f29:4362bf6d  f7:433896af
22307944ns          379041 1c00a39c 58f5d363 bge              x11, x15, 1414      x11:00000017 x15:0000001a
22307964ns          379042 1c00a3a0 00882e83 lw               x29, 8(x16)         x29=431aa990 x16:10001f40  PA:10001f48
22307984ns          379043 1c00a3a4 00350593 addi             x11, x10, 3         x11=00000018 x10:00000015
22308004ns          379044 1c00a3a8 41d67443 fmadd.s          f8, f12, f29, f8     f8=xxxxxxxx f12:3ef39e84 f29:431aa990  f8:439da851
22308024ns          379045 1c00a3ac 46f5d463 bge              x11, x15, 1128      x11:00000018 x15:0000001a
22308043ns          379046 1c00a3b0 00c82e83 lw               x29, 12(x16)        x29=c3754b72 x16:10001f40  PA:10001f4c
22308063ns          379047 1c00a3b4 00450593 addi             x11, x10, 4         x11=00000019 x10:00000015
22308083ns          379048 1c00a3b8 69d676c3 fmadd.s          f13, f12, f29, f13  f13=xxxxxxxx f12:3ef39e84 f29:c3754b72 f13:43a4e9f1
22308103ns          379049 1c00a3bc 56f5d663 bge              x11, x15, 1388      x11:00000019 x15:0000001a
22308123ns          379050 1c00a3c0 01082783 lw               x15, 16(x16)        x15=43dc0ccd x16:10001f40  PA:10001f50
22308143ns          379051 1c00a3c4 00100e93 addi             x29, x0, 1          x29=00000001
22308163ns          379052 1c00a3c6 88f678c3 fmadd.s          f17, f12, f15, f17  f17=xxxxxxxx f12:3ef39e84 f15:43dc0ccd f17:431283c1
22308183ns          379053 1c00a3ca 00100593 addi             x11, x0, 1          x11=00000001
22308203ns          379054 1c00a3cc 00100613 addi             x12, x0, 1          x12=00000001
22308222ns          379055 1c00a3ce 00100793 addi             x15, x0, 1          x15=00000001
22308242ns          379056 1c00a3d0 03d12223 sw               x29, 36(x2)         x29:00000001  x2:10001e38  PA:10001e5c
22308262ns          379057 1c00a3d2 02b12023 sw               x11, 32(x2)         x11:00000001  x2:10001e38  PA:10001e58
22308282ns          379058 1c00a3d4 00c12e23 sw               x12, 28(x2)         x12:00000001  x2:10001e38  PA:10001e54
22308302ns          379059 1c00a3d6 00f12c23 sw               x15, 24(x2)         x15:00000001  x2:10001e38  PA:10001e50
22308322ns          379060 1c00a3d8 00550513 addi             x10, x10, 5         x10=0000001a x10:00000015
22308342ns          379061 1c00a3da 01480813 addi             x16, x16, 20        x16=10001f54 x16:10001f40
22308362ns          379062 1c00a3dc 00428293 addi             x5, x5, 4            x5=10001f18  x5:10001f14
22308382ns          379063 1c00a3de f8afdbe3 bge              x31, x10, -106      x31:00000015 x10:0000001a
22308401ns          379064 1c00a3e2 00d12823 sw               x13, 16(x2)         x13:43551ca2  x2:10001e38  PA:10001e48
22308421ns          379065 1c00a3e4 03112423 sw               x17, 40(x2)         x17:43b1f614  x2:10001e38  PA:10001e60
22308441ns          379066 1c00a3e6 02c12603 lw               x12, 44(x2)         x12=00000003  x2:10001e38  PA:10001e64
22308461ns          379067 1c00a3e8 03012583 lw               x11, 48(x2)         x11=00000002  x2:10001e38  PA:10001e68
22308481ns          379068 1c00a3ea 03412783 lw               x15, 52(x2)         x15=c3923d5f  x2:10001e38  PA:10001e6c
22308501ns          379069 1c00a3ec 03812883 lw               x17, 56(x2)         x17=00000008  x2:10001e38  PA:10001e70
22308521ns          379070 1c00a3ee 03c12683 lw               x13, 60(x2)         x13=0000000f  x2:10001e38  PA:10001e74
22308541ns          379071 1c00a3f0 6c0e9763 bne              x29, x0, 1742       x29:00000001
22308640ns          379076 1c00aabe 05c12623 sw               x28, 76(x2)         x28:37a3e7d0  x2:10001e38  PA:10001e84
22308720ns          379080 1c00aac0 935ff06f jal              x0, -1740          
22308759ns          379082 1c00a3f4 01812803 lw               x16, 24(x2)         x16=00000001  x2:10001e38  PA:10001e50
22308799ns          379084 1c00a3f6 6e081163 bne              x16, x0, 1762       x16:00000001
22308939ns          379091 1c00aad8 04712823 sw               x7, 80(x2)           x7:43923d5e  x2:10001e38  PA:10001e88
22308958ns          379092 1c00aada 921ff06f jal              x0, -1760          
22308998ns          379094 1c00a3fa 01c12e03 lw               x28, 28(x2)         x28=00000001  x2:10001e38  PA:10001e54
22309038ns          379096 1c00a3fc 000e0363 beq              x28, x0, 6          x28:00000001
22309058ns          379097 1c00a400 04812a23 sw               x8, 84(x2)           x8:43c273ff  x2:10001e38  PA:10001e8c
22309078ns          379098 1c00a402 02012e83 lw               x29, 32(x2)         x29=00000001  x2:10001e38  PA:10001e58
22309118ns          379100 1c00a404 000e8463 beq              x29, x0, 8          x29:00000001
22309137ns          379101 1c00a408 01012503 lw               x10, 16(x2)         x10=43551ca2  x2:10001e38  PA:10001e48
22309177ns          379103 1c00a40a 04a12c23 sw               x10, 88(x2)         x10:43551ca2  x2:10001e38  PA:10001e90
22309197ns          379104 1c00a40c 02412803 lw               x16, 36(x2)         x16=00000001  x2:10001e38  PA:10001e5c
22309237ns          379106 1c00a40e 6a081a63 bne              x16, x0, 1716       x16:00000001
22309297ns          379109 1c00aac2 02812e83 lw               x29, 40(x2)         x29=43b1f614  x2:10001e38  PA:10001e60
22309316ns          379110 1c00aac4 05812803 lw               x16, 88(x2)         x16=43551ca2  x2:10001e38  PA:10001e90
22309336ns          379111 1c00aac6 05d12e23 sw               x29, 92(x2)         x29:43b1f614  x2:10001e38  PA:10001e94
22309356ns          379112 1c00aac8 04c12503 lw               x10, 76(x2)         x10=37a3e7d0  x2:10001e38  PA:10001e84
22309376ns          379113 1c00aaca 05012383 lw               x7, 80(x2)           x7=43923d5e  x2:10001e38  PA:10001e88
22309416ns          379115 1c00aacc 05412403 lw               x8, 84(x2)           x8=43c273ff  x2:10001e38  PA:10001e8c
22309436ns          379116 1c00aace 01012823 sw               x16, 16(x2)         x16:43551ca2  x2:10001e38  PA:10001e48
22309456ns          379117 1c00aad0 01d12a23 sw               x29, 20(x2)         x29:43b1f614  x2:10001e38  PA:10001e4c
22309476ns          379118 1c00aad2 f23ff06f jal              x0, -222           
22309555ns          379122 1c00a9f4 00092e03 lw               x28, 0(x18)         x28=3f800000 x18:10001f0c  PA:10001f0c
22309595ns          379124 1c00a9f8 00000813 addi             x16, x0, 0          x16=00000000
22309615ns          379125 1c00a9fc a10e2853 feq.s            x16, f28, f16       x16=00000000 f28:3f800000 f16:00000000
22309674ns          379128 1c00aa00 d0081ee3 bne              x16, x0, -740       x16:00000000
22309714ns          379130 1c00aa04 21ef1853 fsgnjn.s         f16, f30, f30       f16=xxxxxxxx f30:3fd08d85 f30:3fd08d85
22309734ns          379131 1c00aa08 11c87e53 fmul.s           f28, f16, f28       f28=xxxxxxxx f16:bfd08d85 f28:3f800000
22309754ns          379132 1c00aa0c d0ddd8e3 bge              x27, x13, -752      x27:0000000a x13:0000000f
22309814ns          379135 1c00aa10 0149ae83 lw               x29, 20(x19)        x29=375ca34e x19:10001f04  PA:10001f18
22309853ns          379137 1c00aa14 01888833 add              x16, x17, x24       x16=0000000a x17:00000008 x24:00000002
22309873ns          379138 1c00aa18 e8ae7ec3 fmadd.s          f29, f28, f10, f29  f29=xxxxxxxx f28:bfd08d85 f10:37a3e7d0 f29:375ca34e
22309893ns          379139 1c00aa1c 41000833 sub              x16, x0, x16        x16=fffffff6 x16:0000000a
22309953ns          379142 1c00aa20 01580893 addi             x17, x16, 21        x17=0000000b x16:fffffff6
22309993ns          379144 1c00aa24 01d9aa23 sw               x29, 20(x19)        x29:b79cbc43 x19:10001f04  PA:10001f18
22310013ns          379145 1c00aa28 04d8da63 bge              x17, x13, 84        x17:0000000b x13:0000000f
22310033ns          379146 1c00aa2c 0189ae83 lw               x29, 24(x19)        x29=43381016 x19:10001f04  PA:10001f1c
22310092ns          379149 1c00aa30 01680893 addi             x17, x16, 22        x17=0000000c x16:fffffff6
22310132ns          379151 1c00aa34 e87e7ec3 fmadd.s          f29, f28, f7, f29   f29=xxxxxxxx f28:bfd08d85  f7:43923d5e f29:43381016
22310152ns          379152 1c00aa38 01d9ac23 sw               x29, 24(x19)        x29:c3923d5d x19:10001f04  PA:10001f1c
22310172ns          379153 1c00aa3c 04d8d063 bge              x17, x13, 64        x17:0000000c x13:0000000f
22310231ns          379156 1c00aa40 01c9ae83 lw               x29, 28(x19)        x29=4398b581 x19:10001f04  PA:10001f20
22310271ns          379158 1c00aa44 01780893 addi             x17, x16, 23        x17=0000000d x16:fffffff6
22310291ns          379159 1c00aa48 e88e7ec3 fmadd.s          f29, f28, f8, f29   f29=xxxxxxxx f28:bfd08d85  f8:43c273ff f29:4398b581
22310311ns          379160 1c00aa4c 01d9ae23 sw               x29, 28(x19)        x29:c3a41dfb x19:10001f04  PA:10001f20
22310371ns          379163 1c00aa50 02d8d663 bge              x17, x13, 44        x17:0000000d x13:0000000f
22310410ns          379165 1c00aa54 0209a883 lw               x17, 32(x19)        x17=4394faaf x19:10001f04  PA:10001f24
22310430ns          379166 1c00aa58 01012e83 lw               x29, 16(x2)         x29=43551ca2  x2:10001e38  PA:10001e48
22310450ns          379167 1c00aa5a 01880813 addi             x16, x16, 24        x16=0000000e x16:fffffff6
22310470ns          379168 1c00aa5c 89de78c3 fmadd.s          f17, f28, f29, f17  f17=xxxxxxxx f28:bfd08d85 f29:43551ca2 f17:4394faaf
22310510ns          379170 1c00aa60 0319a023 sw               x17, 32(x19)        x17:c2451321 x19:10001f04  PA:10001f24
22310550ns          379172 1c00aa64 00d85c63 bge              x16, x13, 24        x16:0000000e x13:0000000f
22310570ns          379173 1c00aa68 0249a683 lw               x13, 36(x19)        x13=431aa991 x19:10001f04  PA:10001f28
22310589ns          379174 1c00aa6c 01412803 lw               x16, 20(x2)         x16=43b1f614  x2:10001e38  PA:10001e4c
22310649ns          379177 1c00aa6e 690e7e43 fmadd.s          f28, f28, f16, f13  f28=xxxxxxxx f28:bfd08d85 f16:43b1f614 f13:431aa991
22310689ns          379179 1c00aa72 03c9a223 sw               x28, 36(x19)        x28:c3d49fda x19:10001f04  PA:10001f28
22310709ns          379180 1c00aa76 000aaf03 lw               x30, 0(x21)         x30=3fd08d85 x21:10001ed4  PA:10001ed4
22310729ns          379181 1c00aa7a ca3ff06f jal              x0, -862           
22311226ns          379206 1c00a71c 00100693 addi             x13, x0, 1          x13=00000001
22311306ns          379210 1c00a71e 00a48813 addi             x16, x9, 10         x16=0000000f  x9:00000005
22311345ns          379212 1c00a722 dcc6d5e3 bge              x13, x12, -566      x13:00000001 x12:00000003
22311365ns          379213 1c00a726 00492e03 lw               x28, 4(x18)         x28=3d080d73 x18:10001f0c  PA:10001f10
22311385ns          379214 1c00a72a 00000693 addi             x13, x0, 0          x13=00000000
22311445ns          379217 1c00a72e a0de26d3 feq.s            x13, f28, f13       x13=00000000 f28:3d080d73 f13:00000000
22311465ns          379218 1c00a732 0e068763 beq              x13, x0, 238        x13:00000000
22311942ns          379242 1c00a820 21ef16d3 fsgnjn.s         f13, f30, f30       f13=xxxxxxxx f30:3fd08d85 f30:3fd08d85
22311982ns          379244 1c00a824 010708b3 add              x17, x14, x16       x17=00000014 x14:00000005 x16:0000000f
22312002ns          379245 1c00a828 11c6f6d3 fmul.s           f13, f13, f28       f13=xxxxxxxx f13:bfd08d85 f28:3d080d73
22312022ns          379246 1c00a82c f11854e3 bge              x16, x17, -248      x16:0000000f x17:00000014
22312081ns          379249 1c00a830 0289ae03 lw               x28, 40(x19)        x28=363c0788 x19:10001f04  PA:10001f2c
22312121ns          379251 1c00a834 002c1813 slli             x16, x24, 0x2       x16=00000008 x24:00000002
22312141ns          379252 1c00a838 e0a6fe43 fmadd.s          f28, f13, f10, f28  f28=xxxxxxxx f13:bd5dac47 f10:37a3e7d0 f28:363c0788
22312161ns          379253 1c00a83c 01880833 add              x16, x16, x24       x16=0000000a x16:00000008 x24:00000002
22312220ns          379256 1c00a83e 41000833 sub              x16, x0, x16        x16=fffffff6 x16:0000000a
22312260ns          379258 1c00a842 03c9a423 sw               x28, 40(x19)        x28:35ea21a4 x19:10001f04  PA:10001f2c
22312280ns          379259 1c00a846 01a80e13 addi             x28, x16, 26        x28=00000010 x16:fffffff6
22312300ns          379260 1c00a84a 0f1e5f63 bge              x28, x17, 254       x28:00000010 x17:00000014
22312360ns          379263 1c00a84e 02c9ae83 lw               x29, 44(x19)        x29=417d42c0 x19:10001f04  PA:10001f30
22312400ns          379265 1c00a852 01b80e13 addi             x28, x16, 27        x28=00000011 x16:fffffff6
22312419ns          379266 1c00a856 e876fec3 fmadd.s          f29, f13, f7, f29   f29=xxxxxxxx f13:bd5dac47  f7:43923d5e f29:417d42c0
22312439ns          379267 1c00a85a 03d9a623 sw               x29, 44(x19)        x29:b6fc0b44 x19:10001f04  PA:10001f30
22312499ns          379270 1c00a85e 0f1e5563 bge              x28, x17, 234       x28:00000011 x17:00000014
22312539ns          379272 1c00a862 0309ae83 lw               x29, 48(x19)        x29=4394faaf x19:10001f04  PA:10001f34
22312559ns          379273 1c00a866 01c80e13 addi             x28, x16, 28        x28=00000012 x16:fffffff6
22312579ns          379274 1c00a86a e886fec3 fmadd.s          f29, f13, f8, f29   f29=xxxxxxxx f13:bd5dac47  f8:43c273ff f29:4394faaf
22312638ns          379277 1c00a86e 03d9a823 sw               x29, 48(x19)        x29:438a749f x19:10001f04  PA:10001f34
22312678ns          379279 1c00a872 0d1e5b63 bge              x28, x17, 214       x28:00000012 x17:00000014
22312698ns          379280 1c00a876 0349ae03 lw               x28, 52(x19)        x28=446fdd19 x19:10001f04  PA:10001f38
22312718ns          379281 1c00a87a 01012e83 lw               x29, 16(x2)         x29=43551ca2  x2:10001e38  PA:10001e48
22312738ns          379282 1c00a87c 01d80813 addi             x16, x16, 29        x16=00000013 x16:fffffff6
22312777ns          379284 1c00a87e e1d6fe43 fmadd.s          f28, f13, f29, f28  f28=xxxxxxxx f13:bd5dac47 f29:43551ca2 f28:446fdd19
22312817ns          379286 1c00a882 03c9aa23 sw               x28, 52(x19)        x28:446cfaf4 x19:10001f04  PA:10001f38
22312837ns          379287 1c00a886 0d185163 bge              x16, x17, 194       x16:00000013 x17:00000014
22312857ns          379288 1c00a88a 0389a803 lw               x16, 56(x19)        x16=c3754b73 x19:10001f04  PA:10001f3c
22312877ns          379289 1c00a88e 01412883 lw               x17, 20(x2)         x17=43b1f614  x2:10001e38  PA:10001e4c
22312917ns          379291 1c00a890 8116f6c3 fmadd.s          f13, f13, f17, f16  f13=xxxxxxxx f13:bd5dac47 f17:43b1f614 f16:c3754b73
22312956ns          379293 1c00a894 02d9ac23 sw               x13, 56(x19)        x13:c384474d x19:10001f04  PA:10001f3c
22312976ns          379294 1c00a898 000aaf03 lw               x30, 0(x21)         x30=3fd08d85 x21:10001ed4  PA:10001ed4
22312996ns          379295 1c00a89c e99ff06f jal              x0, -360           
22313076ns          379299 1c00a734 00f48693 addi             x13, x9, 15         x13=00000014  x9:00000005
22313116ns          379301 1c00a738 da262ae3 p.beqimm         x12, -588           x12:00000003
22313135ns          379302 1c00a73c 00892e03 lw               x28, 8(x18)         x28=3ef39e84 x18:10001f0c  PA:10001f14
22313195ns          379305 1c00a740 00000813 addi             x16, x0, 0          x16=00000000
22313235ns          379307 1c00a744 a10e2853 feq.s            x16, f28, f16       x16=00000000 f28:3ef39e84 f16:00000000
22313255ns          379308 1c00a748 14080b63 beq              x16, x0, 342        x16:00000000
22313394ns          379315 1c00a89e 21ef1853 fsgnjn.s         f16, f30, f30       f16=xxxxxxxx f30:3fd08d85 f30:3fd08d85
22313414ns          379316 1c00a8a2 00d708b3 add              x17, x14, x13       x17=00000019 x14:00000005 x13:00000014
22313434ns          379317 1c00a8a6 11c87853 fmul.s           f16, f16, f28       f16=xxxxxxxx f16:bfd08d85 f28:3ef39e84
22313454ns          379318 1c00a8aa eb16d1e3 bge              x13, x17, -350      x13:00000014 x17:00000019
22313513ns          379321 1c00a8ae 03c9ae03 lw               x28, 60(x19)        x28=375df536 x19:10001f04  PA:10001f40
22313553ns          379323 1c00a8b2 002c1693 slli             x13, x24, 0x2       x13=00000008 x24:00000002
22313573ns          379324 1c00a8b6 e0a87e43 fmadd.s          f28, f16, f10, f28  f28=xxxxxxxx f16:bf467778 f10:37a3e7d0 f28:375df536
22313593ns          379325 1c00a8ba 018686b3 add              x13, x13, x24       x13=0000000a x13:00000008 x24:00000002
22313613ns          379326 1c00a8bc 40d006b3 sub              x13, x0, x13        x13=fffffff6 x13:0000000a
22314031ns          379347 1c00a8c0 03c9ae23 sw               x28, 60(x19)        x28:b600b96c x19:10001f04  PA:10001f40
22314070ns          379349 1c00a8c4 01f68e13 addi             x28, x13, 31        x28=00000015 x13:fffffff6
22314090ns          379350 1c00a8c8 0b1e5763 bge              x28, x17, 174       x28:00000015 x17:00000019
22314110ns          379351 1c00a8cc 0409ae83 lw               x29, 64(x19)        x29=4362bf6d x19:10001f04  PA:10001f44
22314170ns          379354 1c00a8d0 02068e13 addi             x28, x13, 32        x28=00000016 x13:fffffff6
22314210ns          379356 1c00a8d4 e8787ec3 fmadd.s          f29, f16, f7, f29   f29=xxxxxxxx f16:bf467778  f7:43923d5e f29:4362bf6d
22314229ns          379357 1c00a8d8 05d9a023 sw               x29, 64(x19)        x29:37b889f0 x19:10001f04  PA:10001f44
22314249ns          379358 1c00a8dc 091e5d63 bge              x28, x17, 154       x28:00000016 x17:00000019
22314309ns          379361 1c00a8e0 0449ae83 lw               x29, 68(x19)        x29=431aa990 x19:10001f04  PA:10001f48
22314349ns          379363 1c00a8e4 02168e13 addi             x28, x13, 33        x28=00000017 x13:fffffff6
22314369ns          379364 1c00a8e8 e8887ec3 fmadd.s          f29, f16, f8, f29   f29=xxxxxxxx f16:bf467778  f8:43c273ff f29:431aa990
22314389ns          379365 1c00a8ec 05d9a223 sw               x29, 68(x19)        x29:c312d75d x19:10001f04  PA:10001f48
22314448ns          379368 1c00a8f0 091e5363 bge              x28, x17, 134       x28:00000017 x17:00000019
22314488ns          379370 1c00a8f4 0489ae03 lw               x28, 72(x19)        x28=c3754b72 x19:10001f04  PA:10001f4c
22314508ns          379371 1c00a8f8 01012e83 lw               x29, 16(x2)         x29=43551ca2  x2:10001e38  PA:10001e48
22314548ns          379373 1c00a8fa 02268693 addi             x13, x13, 34        x13=00000018 x13:fffffff6
22314587ns          379375 1c00a8fe e1d87e43 fmadd.s          f28, f16, f29, f28  f28=xxxxxxxx f16:bf467778 f29:43551ca2 f28:c3754b72
22314627ns          379377 1c00a902 05c9a423 sw               x28, 72(x19)        x28:c3cd4186 x19:10001f04  PA:10001f4c
22314647ns          379378 1c00a906 0716d863 bge              x13, x17, 112       x13:00000018 x17:00000019
22314667ns          379379 1c00a90a 04c9a683 lw               x13, 76(x19)        x13=43dc0ccd x19:10001f04  PA:10001f50
22314687ns          379380 1c00a90e 01412883 lw               x17, 20(x2)         x17=43b1f614  x2:10001e38  PA:10001e4c
22315105ns          379401 1c00a910 69187843 fmadd.s          f16, f16, f17, f13  f16=xxxxxxxx f16:bf467778 f17:43b1f614 f13:43dc0ccd
22315144ns          379403 1c00a914 0509a623 sw               x16, 76(x19)        x16:43242ad9 x19:10001f04  PA:10001f50
22315164ns          379404 1c00a918 000aaf03 lw               x30, 0(x21)         x30=3fd08d85 x21:10001ed4  PA:10001ed4
22315184ns          379405 1c00a91c e31ff06f jal              x0, -464           
22315284ns          379410 1c00a74c 01448693 addi             x13, x9, 20         x13=00000019  x9:00000005
22315343ns          379413 1c00a750 d8463ee3 p.bneimm         x12, -612           x12:00000003
22315443ns          379418 1c00a4ec 00000693 addi             x13, x0, 0          x13=00000000
22315522ns          379422 1c00a4f0 a0df2753 feq.s            x14, f30, f13       x14=00000000 f30:3fd08d85 f13:00000000
22315562ns          379424 1c00a4f4 007b8293 addi             x5, x23, 7           x5=0000000d x23:00000006
22315582ns          379425 1c00a4f8 f6071ee3 bne              x14, x0, -132       x14:00000000
22315602ns          379426 1c00a4fa 0109a603 lw               x12, 16(x19)        x12=3ef39e84 x19:10001f04  PA:10001f14
22316040ns          379448 1c00a4fe 001c0713 addi             x14, x24, 1         x14=00000003 x24:00000002
22316079ns          379450 1c00a502 a0d62653 feq.s            x12, f12, f13       x12=00000000 f12:3ef39e84 f13:00000000
22316099ns          379451 1c00a506 42060863 beq              x12, x0, 1072       x12:00000000
22316258ns          379459 1c00a936 00e005b3 add              x11, x0, x14        x11=00000003 x14:00000003
22316298ns          379461 1c00a938 bffff06f jal              x0, -1026          
22316378ns          379465 1c00a536 00c12503 lw               x10, 12(x2)         x10=10001ef0  x2:10001e38  PA:10001e44
22316417ns          379467 1c00a538 002c1893 slli             x17, x24, 0x2       x17=00000008 x24:00000002
22316437ns          379468 1c00a53c 06050993 addi             x19, x10, 96        x19=10001f50 x10:10001ef0
22316497ns          379471 1c00a540 01900813 addi             x16, x0, 25         x16=00000019
22316537ns          379473 1c00a542 41880833 sub              x16, x16, x24       x16=00000017 x16:00000019 x24:00000002
22316557ns          379474 1c00a546 41198e33 sub              x28, x19, x17       x28=10001f48 x19:10001f50 x17:00000008
22316577ns          379475 1c00a54a 00259393 slli             x7, x11, 0x2         x7=0000000c x11:00000003
22316596ns          379476 1c00a54e 00000413 addi             x8, x0, 0            x8=00000000
22316616ns          379477 1c00a552 00e00533 add              x10, x0, x14        x10=00000003 x14:00000003
22316636ns          379478 1c00a554 077540fb lp.setup         0x1, x10, 0x77      x10:00000003
22316656ns          379479 1c00a558 010586b3 add              x13, x11, x16       x13=0000001a x11:00000003 x16:00000017
22316676ns          379480 1c00a55c fff70f93 addi             x31, x14, -1        x31=00000002 x14:00000003
22316716ns          379482 1c00a560 0cd85f63 bge              x16, x13, 222       x16:00000017 x13:0000001a
22316756ns          379484 1c00a564 000e2683 lw               x13, 0(x28)         x13=c312d75d x28:10001f48  PA:10001f48
22316795ns          379486 1c00a568 a086a6d3 feq.s            x13, f13, f8        x13=00000000 f13:c312d75d  f8:00000000
22316815ns          379487 1c00a56c 00068c63 beq              x13, x0, 24         x13:00000000
22316935ns          379493 1c00a584 ee0588e3 beq              x11, x0, -272       x11:00000003
22316974ns          379495 1c00a588 ee0706e3 beq              x14, x0, -276       x14:00000003
22316994ns          379496 1c00a58c 002f9d13 slli             x26, x31, 0x2       x26=00000008 x31:00000002
22317432ns          379518 1c00a590 411c0533 sub              x10, x24, x17       x10=fffffffa x24:00000002 x17:00000008
22317472ns          379520 1c00a594 01af8fb3 add              x31, x31, x26       x31=0000000a x31:00000002 x26:00000008
22317492ns          379521 1c00a596 00151513 slli             x10, x10, 0x1       x10=fffffff4 x10:fffffffa
22317511ns          379522 1c00a598 04012623 sw               x0, 76(x2)           x2:10001e38  PA:10001e84
22317531ns          379523 1c00a59a 005f8d33 add              x26, x31, x5        x26=00000017 x31:0000000a  x5:0000000d
22317551ns          379524 1c00a59e 01850513 addi             x10, x10, 24        x10=0000000c x10:fffffff4
22317949ns          379544 1c00a5a0 21ef1f53 fsgnjn.s         f30, f30, f30       f30=xxxxxxxx f30:3fd08d85 f30:3fd08d85
22317989ns          379546 1c00a5a4 00172b63 p.beqimm         x14, 22             x14:00000003
22318009ns          379547 1c00a5a8 04012823 sw               x0, 80(x2)           x2:10001e38  PA:10001e88
22318029ns          379548 1c00a5aa 00272663 p.beqimm         x14, 12             x14:00000003
22318048ns          379549 1c00a5ae 04012a23 sw               x0, 84(x2)           x2:10001e38  PA:10001e8c
22318486ns          379571 1c00a5b0 00372363 p.beqimm         x14, 6              x14:00000003
22318566ns          379575 1c00a5b6 4e5d4d63 blt              x26, x5, 1274       x26:00000017  x5:0000000d
22318586ns          379576 1c00a5ba 001c1613 slli             x12, x24, 0x1       x12=00000004 x24:00000002
22319023ns          379598 1c00a5be 01860433 add              x8, x12, x24         x8=00000006 x12:00000004 x24:00000002
22319043ns          379599 1c00a5c2 04c10693 addi             x13, x2, 76         x13=10001e84  x2:10001e38
22319063ns          379600 1c00a5c4 00341413 slli             x8, x8, 0x3          x8=00000030  x8:00000006
22319083ns          379601 1c00a5c6 00c12823 sw               x12, 16(x2)         x12:00000004  x2:10001e38  PA:10001e48
22319103ns          379602 1c00a5c8 00d12a23 sw               x13, 20(x2)         x13:10001e84  x2:10001e38  PA:10001e4c
22319123ns          379603 1c00a5ca 00d00fb3 add              x31, x0, x13        x31=10001e84 x13:10001e84
22319142ns          379604 1c00a5cc 40898433 sub              x8, x19, x8          x8=10001f20 x19:10001f50  x8:00000030
22319540ns          379624 1c00a5d0 00b286b3 add              x13, x5, x11        x13=00000010  x5:0000000d x11:00000003
22319580ns          379626 1c00a5d4 3ed2df63 bge              x5, x13, 1022        x5:0000000d x13:00000010
22319600ns          379627 1c00a5d8 ffc38693 addi             x13, x7, -4         x13=00000008  x7:0000000c
22319620ns          379628 1c00a5dc 0026d693 srli             x13, x13, 0x2       x13=00000002 x13:00000008
22319640ns          379629 1c00a5de 012008b3 add              x17, x0, x18        x17=10001f0c x18:10001f0c
22319680ns          379631 1c00a5e0 00800833 add              x16, x0, x8         x16=10001f20  x8:10001f20
22319719ns          379633 1c00a5e2 00000613 addi             x12, x0, 0          x12=00000000
22319739ns          379634 1c00a5e6 00168693 addi             x13, x13, 1         x13=00000003 x13:00000002
22319759ns          379635 1c00a5e8 0066c0fb lp.setup         0x1, x13, 0x6       x13:00000003
22319779ns          379636 1c00a5ec 00482e8b p.lw             x29, 4(x16!)        x29=c3a41dfb x16=10001f24 x16:10001f20  PA:10001f20
22319819ns          379638 1c00a5f0 0048ae0b p.lw             x28, 4(x17!)        x28=3f800000 x17=10001f10 x17:10001f0c  PA:10001f0c
22319859ns          379640 1c00a5f4 61cef643 fmadd.s          f12, f29, f28, f12  f12=xxxxxxxx f29:c3a41dfb f28:3f800000 f12:00000000
22319878ns          379641 1c00a5ec 00482e8b p.lw             x29, 4(x16!)        x29=c2451321 x16=10001f28 x16:10001f24  PA:10001f24
22319898ns          379642 1c00a5f0 0048ae0b p.lw             x28, 4(x17!)        x28=3d080d73 x17=10001f14 x17:10001f10  PA:10001f10
22319938ns          379644 1c00a5f4 61cef643 fmadd.s          f12, f29, f28, f12  f12=xxxxxxxx f29:c2451321 f28:3d080d73 f12:c3a41dfb
22319958ns          379645 1c00a5ec 00482e8b p.lw             x29, 4(x16!)        x29=c3d49fda x16=10001f2c x16:10001f28  PA:10001f28
22319978ns          379646 1c00a5f0 0048ae0b p.lw             x28, 4(x17!)        x28=3ef39e84 x17=10001f18 x17:10001f14  PA:10001f14
22320018ns          379648 1c00a5f4 61cef643 fmadd.s          f12, f29, f28, f12  f12=xxxxxxxx f29:c3d49fda f28:3ef39e84 f12:c3a4ef74
22320038ns          379649 1c00a5f8 000fa683 lw               x13, 0(x31)         x13=00000000 x31:10001e84  PA:10001e84
22320057ns          379650 1c00a5fc 00528293 addi             x5, x5, 5            x5=00000012  x5:0000000d
22320077ns          379651 1c00a5fe 00c6f653 fadd.s           f12, f13, f12       f12=xxxxxxxx f13:00000000 f12:c4050d93
22320097ns          379652 1c00a602 01440413 addi             x8, x8, 20           x8=10001f34  x8:10001f20
22320117ns          379653 1c00a604 00cfa22b p.sw             x12, 4(x31!)        x31=10001e88 x12:c4050d93 x31:10001e84  PA:10001e84
22320137ns          379654 1c00a608 fc5d54e3 bge              x26, x5, -56        x26:00000017  x5:00000012
22320256ns          379660 1c00a5d0 00b286b3 add              x13, x5, x11        x13=00000015  x5:00000012 x11:00000003
22320276ns          379661 1c00a5d4 3ed2df63 bge              x5, x13, 1022        x5:00000012 x13:00000015
22320296ns          379662 1c00a5d8 ffc38693 addi             x13, x7, -4         x13=00000008  x7:0000000c
22320316ns          379663 1c00a5dc 0026d693 srli             x13, x13, 0x2       x13=00000002 x13:00000008
22320336ns          379664 1c00a5de 012008b3 add              x17, x0, x18        x17=10001f0c x18:10001f0c
22320356ns          379665 1c00a5e0 00800833 add              x16, x0, x8         x16=10001f34  x8:10001f34
22320376ns          379666 1c00a5e2 00000613 addi             x12, x0, 0          x12=00000000
22320396ns          379667 1c00a5e6 00168693 addi             x13, x13, 1         x13=00000003 x13:00000002
22320415ns          379668 1c00a5e8 0066c0fb lp.setup         0x1, x13, 0x6       x13:00000003
22320435ns          379669 1c00a5ec 00482e8b p.lw             x29, 4(x16!)        x29=438a749f x16=10001f38 x16:10001f34  PA:10001f34
22320455ns          379670 1c00a5f0 0048ae0b p.lw             x28, 4(x17!)        x28=3f800000 x17=10001f10 x17:10001f0c  PA:10001f0c
22320495ns          379672 1c00a5f4 61cef643 fmadd.s          f12, f29, f28, f12  f12=xxxxxxxx f29:438a749f f28:3f800000 f12:00000000
22320515ns          379673 1c00a5ec 00482e8b p.lw             x29, 4(x16!)        x29=446cfaf4 x16=10001f3c x16:10001f38  PA:10001f38
22320535ns          379674 1c00a5f0 0048ae0b p.lw             x28, 4(x17!)        x28=3d080d73 x17=10001f14 x17:10001f10  PA:10001f10
22320575ns          379676 1c00a5f4 61cef643 fmadd.s          f12, f29, f28, f12  f12=xxxxxxxx f29:446cfaf4 f28:3d080d73 f12:438a749f
22320594ns          379677 1c00a5ec 00482e8b p.lw             x29, 4(x16!)        x29=c384474d x16=10001f40 x16:10001f3c  PA:10001f3c
22320614ns          379678 1c00a5f0 0048ae0b p.lw             x28, 4(x17!)        x28=3ef39e84 x17=10001f18 x17:10001f14  PA:10001f14
22320654ns          379680 1c00a5f4 61cef643 fmadd.s          f12, f29, f28, f12  f12=xxxxxxxx f29:c384474d f28:3ef39e84 f12:439a32d8
22320674ns          379681 1c00a5f8 000fa683 lw               x13, 0(x31)         x13=00000000 x31:10001e88  PA:10001e88
22320694ns          379682 1c00a5fc 00528293 addi             x5, x5, 5            x5=00000017  x5:00000012
22320714ns          379683 1c00a5fe 00c6f653 fadd.s           f12, f13, f12       f12=xxxxxxxx f13:00000000 f12:4336841a
22320734ns          379684 1c00a602 01440413 addi             x8, x8, 20           x8=10001f48  x8:10001f34
22320754ns          379685 1c00a604 00cfa22b p.sw             x12, 4(x31!)        x31=10001e8c x12:4336841a x31:10001e88  PA:10001e88
22320774ns          379686 1c00a608 fc5d54e3 bge              x26, x5, -56        x26:00000017  x5:00000017
22320833ns          379689 1c00a5d0 00b286b3 add              x13, x5, x11        x13=0000001a  x5:00000017 x11:00000003
22320853ns          379690 1c00a5d4 3ed2df63 bge              x5, x13, 1022        x5:00000017 x13:0000001a
22320873ns          379691 1c00a5d8 ffc38693 addi             x13, x7, -4         x13=00000008  x7:0000000c
22320893ns          379692 1c00a5dc 0026d693 srli             x13, x13, 0x2       x13=00000002 x13:00000008
22320913ns          379693 1c00a5de 012008b3 add              x17, x0, x18        x17=10001f0c x18:10001f0c
22320933ns          379694 1c00a5e0 00800833 add              x16, x0, x8         x16=10001f48  x8:10001f48
22320953ns          379695 1c00a5e2 00000613 addi             x12, x0, 0          x12=00000000
22320972ns          379696 1c00a5e6 00168693 addi             x13, x13, 1         x13=00000003 x13:00000002
22320992ns          379697 1c00a5e8 0066c0fb lp.setup         0x1, x13, 0x6       x13:00000003
22321012ns          379698 1c00a5ec 00482e8b p.lw             x29, 4(x16!)        x29=c312d75d x16=10001f4c x16:10001f48  PA:10001f48
22321032ns          379699 1c00a5f0 0048ae0b p.lw             x28, 4(x17!)        x28=3f800000 x17=10001f10 x17:10001f0c  PA:10001f0c
22321072ns          379701 1c00a5f4 61cef643 fmadd.s          f12, f29, f28, f12  f12=xxxxxxxx f29:c312d75d f28:3f800000 f12:00000000
22321092ns          379702 1c00a5ec 00482e8b p.lw             x29, 4(x16!)        x29=c3cd4186 x16=10001f50 x16:10001f4c  PA:10001f4c
22321112ns          379703 1c00a5f0 0048ae0b p.lw             x28, 4(x17!)        x28=3d080d73 x17=10001f14 x17:10001f10  PA:10001f10
22321151ns          379705 1c00a5f4 61cef643 fmadd.s          f12, f29, f28, f12  f12=xxxxxxxx f29:c3cd4186 f28:3d080d73 f12:c312d75d
22321171ns          379706 1c00a5ec 00482e8b p.lw             x29, 4(x16!)        x29=43242ad9 x16=10001f54 x16:10001f50  PA:10001f50
22321191ns          379707 1c00a5f0 0048ae0b p.lw             x28, 4(x17!)        x28=3ef39e84 x17=10001f18 x17:10001f14  PA:10001f14
22321231ns          379709 1c00a5f4 61cef643 fmadd.s          f12, f29, f28, f12  f12=xxxxxxxx f29:43242ad9 f28:3ef39e84 f12:c3207a10
22321251ns          379710 1c00a5f8 000fa683 lw               x13, 0(x31)         x13=00000000 x31:10001e8c  PA:10001e8c
22321271ns          379711 1c00a5fc 00528293 addi             x5, x5, 5            x5=0000001c  x5:00000017
22321291ns          379712 1c00a5fe 00c6f653 fadd.s           f12, f13, f12       f12=xxxxxxxx f13:00000000 f12:c2a4b9cd
22321311ns          379713 1c00a602 01440413 addi             x8, x8, 20           x8=10001f5c  x8:10001f48
22321330ns          379714 1c00a604 00cfa22b p.sw             x12, 4(x31!)        x31=10001e90 x12:c2a4b9cd x31:10001e8c  PA:10001e8c
22321350ns          379715 1c00a608 fc5d54e3 bge              x26, x5, -56        x26:00000017  x5:0000001c
22321370ns          379716 1c00a60c 01012803 lw               x16, 16(x2)         x16=00000004  x2:10001e38  PA:10001e48
22321390ns          379717 1c00a60e 00200613 addi             x12, x0, 2          x12=00000002
22321410ns          379718 1c00a610 018806b3 add              x13, x16, x24       x13=00000006 x16:00000004 x24:00000002
22321430ns          379719 1c00a614 00369693 slli             x13, x13, 0x3       x13=00000030 x13:00000006
22321450ns          379720 1c00a616 00170813 addi             x16, x14, 1         x16=00000004 x14:00000003
22321470ns          379721 1c00a61a 01412f83 lw               x31, 20(x2)         x31=10001e84  x2:10001e38  PA:10001e4c
22321509ns          379723 1c00a61c 40d989b3 sub              x19, x19, x13       x19=10001f20 x19:10001f50 x13:00000030
22321529ns          379724 1c00a620 00000293 addi             x5, x0, 0            x5=00000000
22321549ns          379725 1c00a624 4ac84863 blt              x16, x12, 1200      x16:00000004 x12:00000002
22321569ns          379726 1c00a628 0097407b lp.setup         0x0, x14, 0x9       x14:00000003
22321589ns          379727 1c00a62c 004fa68b p.lw             x13, 4(x31!)        x13=c4050d93 x31=10001e88 x31:10001e84  PA:10001e84
22321629ns          379729 1c00a630 a056a653 feq.s            x12, f13, f5        x12=00000000 f13:c4050d93  f5:00000000
22321669ns          379731 1c00a634 36060763 beq              x12, x0, 878        x12:00000000
22322186ns          379757 1c00a9a2 00b50633 add              x12, x10, x11       x12=0000000f x10:0000000c x11:00000003
22322206ns          379758 1c00a9a6 11e6fed3 fmul.s           f29, f13, f30       f29=xxxxxxxx f13:c4050d93 f30:bfd08d85
22322226ns          379759 1c00a9aa c8c557e3 bge              x10, x12, -882      x10:0000000c x12:0000000f
22322663ns          379781 1c00a9ae ffc38813 addi             x16, x7, -4         x16=00000008  x7:0000000c
22322703ns          379783 1c00a9b2 00285813 srli             x16, x16, 0x2       x16=00000002 x16:00000008
22322723ns          379784 1c00a9b6 01200e33 add              x28, x0, x18        x28=10001f0c x18:10001f0c
22322743ns          379785 1c00a9b8 013008b3 add              x17, x0, x19        x17=10001f20 x19:10001f20
22322763ns          379786 1c00a9ba 00180813 addi             x16, x16, 1         x16=00000003 x16:00000002
22322782ns          379787 1c00a9bc 008840fb lp.setup         0x1, x16, 0x8       x16:00000003
22322802ns          379788 1c00a9c0 0008a603 lw               x12, 0(x17)         x12=c3a41dfb x17:10001f20  PA:10001f20
22322842ns          379790 1c00a9c4 004e268b p.lw             x13, 4(x28!)        x13=3f800000 x28=10001f10 x28:10001f0c  PA:10001f0c
22322882ns          379792 1c00a9c8 60def6c3 fmadd.s          f13, f29, f13, f12  f13=xxxxxxxx f29:4458c92a f13:3f800000 f12:c3a41dfb
22322902ns          379793 1c00a9cc 00d8a22b p.sw             x13, 4(x17!)        x17=10001f24 x13:4406ba2c x17:10001f20  PA:10001f20
22322942ns          379795 1c00a9c0 0008a603 lw               x12, 0(x17)         x12=c2451321 x17:10001f24  PA:10001f24
22322961ns          379796 1c00a9c4 004e268b p.lw             x13, 4(x28!)        x13=3d080d73 x28=10001f14 x28:10001f10  PA:10001f10
22323001ns          379798 1c00a9c8 60def6c3 fmadd.s          f13, f29, f13, f12  f13=xxxxxxxx f29:4458c92a f13:3d080d73 f12:c2451321
22323021ns          379799 1c00a9cc 00d8a22b p.sw             x13, 4(x17!)        x17=10001f28 x13:c1a3b9be x17:10001f24  PA:10001f24
22323081ns          379802 1c00a9c0 0008a603 lw               x12, 0(x17)         x12=c3d49fda x17:10001f28  PA:10001f28
22323101ns          379803 1c00a9c4 004e268b p.lw             x13, 4(x28!)        x13=3ef39e84 x28=10001f18 x28:10001f14  PA:10001f14
22323141ns          379805 1c00a9c8 60def6c3 fmadd.s          f13, f29, f13, f12  f13=xxxxxxxx f29:4458c92a f13:3ef39e84 f12:c3d49fda
22323160ns          379806 1c00a9cc 00d8a22b p.sw             x13, 4(x17!)        x17=10001f2c x13:c14a5566 x17:10001f28  PA:10001f28
22323200ns          379808 1c00a9d0 c69ff06f jal              x0, -920           
22323220ns          379809 1c00a638 00550513 addi             x10, x10, 5         x10=00000011 x10:0000000c
22323240ns          379810 1c00a63a 01498993 addi             x19, x19, 20        x19=10001f34 x19:10001f20
22323260ns          379811 1c00a62c 004fa68b p.lw             x13, 4(x31!)        x13=4336841a x31=10001e8c x31:10001e88  PA:10001e88
22323300ns          379813 1c00a630 a056a653 feq.s            x12, f13, f5        x12=00000000 f13:4336841a  f5:00000000
22323320ns          379814 1c00a634 36060763 beq              x12, x0, 878        x12:00000000
22323459ns          379821 1c00a9a2 00b50633 add              x12, x10, x11       x12=00000014 x10:00000011 x11:00000003
22323479ns          379822 1c00a9a6 11e6fed3 fmul.s           f29, f13, f30       f29=xxxxxxxx f13:4336841a f30:bfd08d85
22323499ns          379823 1c00a9aa c8c557e3 bge              x10, x12, -882      x10:00000011 x12:00000014
22323518ns          379824 1c00a9ae ffc38813 addi             x16, x7, -4         x16=00000008  x7:0000000c
22323538ns          379825 1c00a9b2 00285813 srli             x16, x16, 0x2       x16=00000002 x16:00000008
22323558ns          379826 1c00a9b6 01200e33 add              x28, x0, x18        x28=10001f0c x18:10001f0c
22323578ns          379827 1c00a9b8 013008b3 add              x17, x0, x19        x17=10001f34 x19:10001f34
22323598ns          379828 1c00a9ba 00180813 addi             x16, x16, 1         x16=00000003 x16:00000002
22323618ns          379829 1c00a9bc 008840fb lp.setup         0x1, x16, 0x8       x16:00000003
22323638ns          379830 1c00a9c0 0008a603 lw               x12, 0(x17)         x12=438a749f x17:10001f34  PA:10001f34
22323658ns          379831 1c00a9c4 004e268b p.lw             x13, 4(x28!)        x13=3f800000 x28=10001f10 x28:10001f0c  PA:10001f0c
22323697ns          379833 1c00a9c8 60def6c3 fmadd.s          f13, f29, f13, f12  f13=xxxxxxxx f29:c394b03b f13:3f800000 f12:438a749f
22323717ns          379834 1c00a9cc 00d8a22b p.sw             x13, 4(x17!)        x17=10001f38 x13:c1a3b9c0 x17:10001f34  PA:10001f34
22323757ns          379836 1c00a9c0 0008a603 lw               x12, 0(x17)         x12=446cfaf4 x17:10001f38  PA:10001f38
22323777ns          379837 1c00a9c4 004e268b p.lw             x13, 4(x28!)        x13=3d080d73 x28=10001f14 x28:10001f10  PA:10001f10
22323817ns          379839 1c00a9c8 60def6c3 fmadd.s          f13, f29, f13, f12  f13=xxxxxxxx f29:c394b03b f13:3d080d73 f12:446cfaf4
22323837ns          379840 1c00a9cc 00d8a22b p.sw             x13, 4(x17!)        x17=10001f3c x13:446a82c9 x17:10001f38  PA:10001f38
22323857ns          379841 1c00a9c0 0008a603 lw               x12, 0(x17)         x12=c384474d x17:10001f3c  PA:10001f3c
22323876ns          379842 1c00a9c4 004e268b p.lw             x13, 4(x28!)        x13=3ef39e84 x28=10001f18 x28:10001f14  PA:10001f14
22323916ns          379844 1c00a9c8 60def6c3 fmadd.s          f13, f29, f13, f12  f13=xxxxxxxx f29:c394b03b f13:3ef39e84 f12:c384474d
22323936ns          379845 1c00a9cc 00d8a22b p.sw             x13, 4(x17!)        x17=10001f40 x13:c3cb06fa x17:10001f3c  PA:10001f3c
22323956ns          379846 1c00a9d0 c69ff06f jal              x0, -920           
22323996ns          379848 1c00a638 00550513 addi             x10, x10, 5         x10=00000016 x10:00000011
22324016ns          379849 1c00a63a 01498993 addi             x19, x19, 20        x19=10001f48 x19:10001f34
22324036ns          379850 1c00a62c 004fa68b p.lw             x13, 4(x31!)        x13=c2a4b9cd x31=10001e90 x31:10001e8c  PA:10001e8c
22324075ns          379852 1c00a630 a056a653 feq.s            x12, f13, f5        x12=00000000 f13:c2a4b9cd  f5:00000000
22324095ns          379853 1c00a634 36060763 beq              x12, x0, 878        x12:00000000
22324175ns          379857 1c00a9a2 00b50633 add              x12, x10, x11       x12=00000019 x10:00000016 x11:00000003
22324195ns          379858 1c00a9a6 11e6fed3 fmul.s           f29, f13, f30       f29=xxxxxxxx f13:c2a4b9cd f30:bfd08d85
22324215ns          379859 1c00a9aa c8c557e3 bge              x10, x12, -882      x10:00000016 x12:00000019
22324235ns          379860 1c00a9ae ffc38813 addi             x16, x7, -4         x16=00000008  x7:0000000c
22324254ns          379861 1c00a9b2 00285813 srli             x16, x16, 0x2       x16=00000002 x16:00000008
22324274ns          379862 1c00a9b6 01200e33 add              x28, x0, x18        x28=10001f0c x18:10001f0c
22324294ns          379863 1c00a9b8 013008b3 add              x17, x0, x19        x17=10001f48 x19:10001f48
22324314ns          379864 1c00a9ba 00180813 addi             x16, x16, 1         x16=00000003 x16:00000002
22324334ns          379865 1c00a9bc 008840fb lp.setup         0x1, x16, 0x8       x16:00000003
22324354ns          379866 1c00a9c0 0008a603 lw               x12, 0(x17)         x12=c312d75d x17:10001f48  PA:10001f48
22324374ns          379867 1c00a9c4 004e268b p.lw             x13, 4(x28!)        x13=3f800000 x28=10001f10 x28:10001f0c  PA:10001f0c
22324414ns          379869 1c00a9c8 60def6c3 fmadd.s          f13, f29, f13, f12  f13=xxxxxxxx f29:43063206 f13:3f800000 f12:c312d75d
22324433ns          379870 1c00a9cc 00d8a22b p.sw             x13, 4(x17!)        x17=10001f4c x13:c14a5570 x17:10001f48  PA:10001f48
22324453ns          379871 1c00a9c0 0008a603 lw               x12, 0(x17)         x12=c3cd4186 x17:10001f4c  PA:10001f4c
22324473ns          379872 1c00a9c4 004e268b p.lw             x13, 4(x28!)        x13=3d080d73 x28=10001f14 x28:10001f10  PA:10001f10
22324513ns          379874 1c00a9c8 60def6c3 fmadd.s          f13, f29, f13, f12  f13=xxxxxxxx f29:43063206 f13:3d080d73 f12:c3cd4186
22324533ns          379875 1c00a9cc 00d8a22b p.sw             x13, 4(x17!)        x17=10001f50 x13:c3cb06f9 x17:10001f4c  PA:10001f4c
22324553ns          379876 1c00a9c0 0008a603 lw               x12, 0(x17)         x12=43242ad9 x17:10001f50  PA:10001f50
22324573ns          379877 1c00a9c4 004e268b p.lw             x13, 4(x28!)        x13=3ef39e84 x28=10001f18 x28:10001f14  PA:10001f14
22324612ns          379879 1c00a9c8 60def6c3 fmadd.s          f13, f29, f13, f12  f13=xxxxxxxx f29:43063206 f13:3ef39e84 f12:43242ad9
22324632ns          379880 1c00a9cc 00d8a22b p.sw             x13, 4(x17!)        x17=10001f54 x13:43640523 x17:10001f50  PA:10001f50
22324652ns          379881 1c00a9d0 c69ff06f jal              x0, -920           
22324692ns          379883 1c00a638 00550513 addi             x10, x10, 5         x10=0000001b x10:00000016
22324712ns          379884 1c00a63a 01498993 addi             x19, x19, 20        x19=10001f5c x19:10001f48
22324732ns          379885 1c00a63c e39ff06f jal              x0, -456           
22324811ns          379889 1c00a474 00812c03 lw               x24, 8(x2)          x24=00000001  x2:10001e38  PA:10001e40
22324851ns          379891 1c00a476 00f92c2b p.sw             x15, 24(x18!)       x18=10001f24 x15:c3923d5f x18:10001f0c  PA:10001f0c
22324871ns          379892 1c00a47a 004a8a93 addi             x21, x21, 4         x21=10001ed8 x21:10001ed4
22324891ns          379893 1c00a47c 006b8b93 addi             x23, x23, 6         x23=0000000c x23:00000006
22324911ns          379894 1c00a47e 006009b3 add              x19, x0, x6         x19=10001f18  x6:10001f18
22324931ns          379895 1c00a480 005d8d93 addi             x27, x27, 5         x27=0000000f x27:0000000a
22324951ns          379896 1c00a482 00548493 addi             x9, x9, 5            x9=0000000a  x9:00000005
22324970ns          379897 1c00a484 018a0a13 addi             x20, x20, 24        x20=10001f28 x20:10001f10
22324990ns          379898 1c00a486 b9fc39e3 p.bneimm         x24, -1134          x24:00000001
22325149ns          379906 1c00a018 00300d13 addi             x26, x0, 3          x26=00000003
22325189ns          379908 1c00a01a 418d0d33 sub              x26, x26, x24       x26=00000002 x26:00000003 x24:00000001
22325209ns          379909 1c00a01e 018005b3 add              x11, x0, x24        x11=00000001 x24:00000001
22325627ns          379930 1c00a020 00092503 lw               x10, 0(x18)         x10=c1a3b9be x18:10001f24  PA:10001f24
22325667ns          379932 1c00a024 423d2163 p.beqimm         x26, 1058           x26:00000002
22325687ns          379933 1c00a028 003b8813 addi             x16, x23, 3         x16=0000000f x23:0000000c
22325706ns          379934 1c00a02c 400c0d63 beq              x24, x0, 1050       x24:00000001
22325766ns          379937 1c00a030 601c2b63 p.beqimm         x24, 1558           x24:00000001
22325846ns          379941 1c00a646 00492783 lw               x15, 4(x18)         x15=c14a5566 x18:10001f24  PA:10001f28
22325866ns          379942 1c00a64a 00000713 addi             x14, x0, 0          x14=00000000
22326323ns          379965 1c00a64e a0e79753 flt.s            x14, f15, f14       x14=00000001 f15:c14a5566 f14:00000000
22326343ns          379966 1c00a652 04071d63 bne              x14, x0, 90         x14:00000001
22326442ns          379971 1c00a6ac 20f797d3 fsgnjn.s         f15, f15, f15       f15=xxxxxxxx f15:c14a5566 f15:c14a5566
22326522ns          379975 1c00a6b0 01498313 addi             x6, x19, 20          x6=10001f2c x19:10001f18
22326562ns          379977 1c00a6b4 fa5ff06f jal              x0, -92            
22326602ns          379979 1c00a658 00000713 addi             x14, x0, 0          x14=00000000
22326621ns          379980 1c00a65c a0e7a6d3 feq.s            x13, f15, f14       x13=00000000 f15:414a5566 f14:00000000
22326681ns          379983 1c00a660 a40681e3 beq              x13, x0, -1470      x13:00000000
22326820ns          379990 1c00a0a2 a0e51753 flt.s            x14, f10, f14       x14=00000001 f10:c1a3b9be f14:00000000
22326840ns          379991 1c00a0a6 5e071063 bne              x14, x0, 1504       x14:00000001
22327278ns          380013 1c00a686 20a51753 fsgnjn.s         f14, f10, f10       f14=xxxxxxxx f10:c1a3b9be f10:c1a3b9be
22327298ns          380014 1c00a68a a23ff06f jal              x0, -1502          
22327397ns          380019 1c00a0ac 00000693 addi             x13, x0, 0          x13=00000000
22327417ns          380020 1c00a0b0 a0d796d3 flt.s            x13, f15, f13       x13=00000000 f15:414a5566 f13:00000000
22327437ns          380021 1c00a0b4 00068363 beq              x13, x0, 6          x13:00000000
22327516ns          380025 1c00a0ba a0f716d3 flt.s            x13, f14, f15       x13=00000000 f14:41a3b9be f15:414a5566
22327576ns          380028 1c00a0be 5a069763 bne              x13, x0, 1454       x13:00000000
22327616ns          380030 1c00a0c2 a0e796d3 flt.s            x13, f15, f14       x13=00000001 f15:414a5566 f14:41a3b9be
22327636ns          380031 1c00a0c6 5c069663 bne              x13, x0, 1484       x13:00000001
22327775ns          380038 1c00a692 1c000e37 lui              x28, 0x1c000000     x28=1c000000
22327795ns          380039 1c00a696 04ce2683 lw               x13, 76(x28)        x13=3f800000 x28:1c000000  PA:1c00004c
22328093ns          380054 1c00a69a 18e7f7d3 fdiv.s           f15, f15, f14       f15=xxxxxxxx f15:414a5566 f14:41a3b9be
22328511ns          380075 1c00a69e 68f7f7c3 fmadd.s          f15, f15, f15, f13  f15=xxxxxxxx f15:3f1e2f01 f15:3f1e2f01 f13:3f800000
22328531ns          380076 1c00a6a2 5807f7d3 fsqrt.s          f15, f15            f15=xxxxxxxx f15:3fb0df07
22329068ns          380103 1c00a6a6 10f777d3 fmul.s           f15, f14, f15       f15=xxxxxxxx f14:41a3b9be f15:3f9676de
22329088ns          380104 1c00a6aa a33ff06f jal              x0, -1486          
22329128ns          380106 1c00a0dc 00000713 addi             x14, x0, 0          x14=00000000
22329187ns          380109 1c00a0e0 a0a70753 fle.s            x14, f14, f10       x14=00000000 f14:00000000 f10:c1a3b9be
22329227ns          380111 1c00a0e4 00070363 beq              x14, x0, 6          x14:00000000
22329307ns          380115 1c00a0ea 00000713 addi             x14, x0, 0          x14=00000000
22329366ns          380118 1c00a0ee a0e79753 flt.s            x14, f15, f14       x14=00000000 f15:41c075b6 f14:00000000
22329406ns          380120 1c00a0f2 58071d63 bne              x14, x0, 1434       x14:00000000
22329426ns          380121 1c00a0f6 00f00733 add              x14, x0, x15        x14=41c075b6 x15:41c075b6
22329446ns          380122 1c00a0f8 1c000637 lui              x12, 0x1c000000     x12=1c000000
22329466ns          380123 1c00a0fc 03060613 addi             x12, x12, 48        x12=1c000030 x12:1c000000
22329506ns          380125 1c00a100 00062603 lw               x12, 0(x12)         x12=0c000000 x12:1c000030  PA:1c000030
22329844ns          380142 1c00a102 a0c71753 flt.s            x14, f14, f12       x14=00000000 f14:41c075b6 f12:0c000000
22329864ns          380143 1c00a106 3a070063 beq              x14, x0, 928        x14:00000000
22330062ns          380153 1c00a4a6 1c0008b7 lui              x17, 0x1c000000     x17=1c000000
22330082ns          380154 1c00a4aa 04c88893 addi             x17, x17, 76        x17=1c00004c x17:1c000000
22330142ns          380157 1c00a4ae 08a7f6d3 fsub.s           f13, f15, f10       f13=xxxxxxxx f15:41c075b6 f10:c1a3b9be
22330182ns          380159 1c00a4b2 0008a883 lw               x17, 0(x17)         x17=3f800000 x17:1c00004c  PA:1c00004c
22330480ns          380174 1c00a4b6 08f57553 fsub.s           f10, f10, f15       f10=xxxxxxxx f10:c1a3b9be f15:41c075b6
22330500ns          380175 1c00a4ba 18f6f6d3 fdiv.s           f13, f13, f15       f13=xxxxxxxx f13:423217ba f15:41c075b6
22330520ns          380176 1c00a4be 18a8f553 fdiv.s           f10, f17, f10       f10=xxxxxxxx f17:3f800000 f10:c23217ba
22330798ns          380190 1c00a4c2 d90dc7e3 blt              x27, x16, -626      x27:0000000f x16:0000000f
22330818ns          380191 1c00a4c6 41430733 sub              x14, x6, x20        x14=00000000  x6:10001f2c x20:10001f28
22330838ns          380192 1c00a4ca ffc70713 addi             x14, x14, -4        x14=00000000 x14:00000004
22330858ns          380193 1c00a4cc 00275713 srli             x14, x14, 0x2       x14=xxxxxxxx x14:00000000
22330878ns          380194 1c00a4ce 01400833 add              x16, x0, x20        x16=xxxxxxxx x20:10001f28
22330898ns          380195 1c00a4d0 00170713 addi             x14, x14, 1         x14=xxxxxxxx x14:00000000
22330918ns          380196 1c00a4d2 006740fb lp.setup         0x1, x14, 0x6       x14:00000001  PA:10001f28
22330938ns          380197 1c00a4d6 00082603 lw               x12, 0(x16)         x12=xxxxxxxx x16:10001f28
22331057ns          380203 1c00a4da 10a67653 fmul.s           f12, f12, f10       f12=xxxxxxxx f12:c14a5566 f10:bcb7fe7c
22331077ns          380204 1c00a4de 00c8222b p.sw             x12, 4(x16!)        x16=10001f2c x12:3e916c2f x16:10001f28  PA:10001f28
22331097ns          380205 1c00a4e2 d6fff06f jal              x0, -658           
22331176ns          380209 1c00a250 1c000e37 lui              x28, 0x1c000000     x28=1c000000
22331216ns          380211 1c00a254 04ce0e13 addi             x28, x28, 76        x28=1c00004c x28:1c000000
22331236ns          380212 1c00a258 000e2e03 lw               x28, 0(x28)         x28=3f800000 x28:1c00004c  PA:1c00004c
22331534ns          380227 1c00a25c 00daa023 sw               x13, 0(x21)         x13:3fece3bc x21:10001ed8  PA:10001ed8
22331554ns          380228 1c00a260 01c92023 sw               x28, 0(x18)         x28:3f800000 x18:10001f24  PA:10001f24
22331574ns          380229 1c00a264 000aaf03 lw               x30, 0(x21)         x30=3fece3bc x21:10001ed8  PA:10001ed8
22331594ns          380230 1c00a268 00000713 addi             x14, x0, 0          x14=00000000
22331614ns          380231 1c00a26c a0ef26d3 feq.s            x13, f30, f14       x13=00000000 f30:3fece3bc f14:00000000
22331654ns          380233 1c00a270 20069063 bne              x13, x0, 512        x13:00000000
22331694ns          380235 1c00a274 0109a683 lw               x13, 16(x19)        x13=3e916c2f x19:10001f18  PA:10001f28
22331733ns          380237 1c00a278 a0e6a753 feq.s            x14, f13, f14       x14=00000000 f13:3e916c2f f14:00000000
22331753ns          380238 1c00a27c 70070063 beq              x14, x0, 1792       x14:00000000
22331873ns          380244 1c00a97c 002c1813 slli             x16, x24, 0x2       x16=00000004 x24:00000001
22331952ns          380248 1c00a980 fffc0893 addi             x17, x24, -1        x17=00000000 x24:00000001
22331992ns          380250 1c00a984 001c0613 addi             x12, x24, 1         x12=00000002 x24:00000001
22332012ns          380251 1c00a988 01880833 add              x16, x16, x24       x16=00000005 x16:00000004 x24:00000001
22332032ns          380252 1c00a98a 01112423 sw               x17, 8(x2)          x17:00000000  x2:10001e38  PA:10001e40
22332052ns          380253 1c00a98c 93bff06f jal              x0, -1734          
22332211ns          380261 1c00a2c6 02498e93 addi             x29, x19, 36        x29=10001f3c x19:10001f18
22332231ns          380262 1c00a2ca 00500713 addi             x14, x0, 5          x14=00000005
22332250ns          380263 1c00a2cc 01b80833 add              x16, x16, x27       x16=00000014 x16:00000005 x27:0000000f
22332330ns          380267 1c00a2ce 00000393 addi             x7, x0, 0            x7=00000000
22332350ns          380268 1c00a2d2 00500e13 addi             x28, x0, 5          x28=00000005
22332370ns          380269 1c00a2d4 109e40fb lp.setup         0x1, x28, 0x109     x28:00000005
22332390ns          380270 1c00a2d8 01b706b3 add              x13, x14, x27       x13=00000014 x14:00000005 x27:0000000f
22332410ns          380271 1c00a2dc 00e80fb3 add              x31, x16, x14       x31=00000019 x16:00000014 x14:00000005
22332469ns          380274 1c00a2e0 00d00533 add              x10, x0, x13        x10=00000014 x13:00000014
22332509ns          380276 1c00a2e2 20dfc163 blt              x31, x13, 514       x31:00000019 x13:00000014
22332529ns          380277 1c00a2e6 000ea883 lw               x17, 0(x29)         x17=c3cb06fa x29:10001f3c  PA:10001f3c
22332569ns          380279 1c00a2ea a078a8d3 feq.s            x17, f17, f7        x17=00000000 f17:c3cb06fa  f7:00000000
22332609ns          380281 1c00a2ee 00088d63 beq              x17, x0, 26         x17:00000000
22332708ns          380286 1c00a308 1e060263 beq              x12, x0, 484        x12:00000002
22332748ns          380288 1c00a30c 04012623 sw               x0, 76(x2)           x2:10001e38  PA:10001e84
22332807ns          380291 1c00a30e 68172363 p.beqimm         x14, 1670           x14:00000005
22332827ns          380292 1c00a312 04012823 sw               x0, 80(x2)           x2:10001e38  PA:10001e88
22332847ns          380293 1c00a314 76272f63 p.beqimm         x14, 1918           x14:00000005
22332867ns          380294 1c00a318 04012a23 sw               x0, 84(x2)           x2:10001e38  PA:10001e8c
22332887ns          380295 1c00a31a 76372463 p.beqimm         x14, 1896           x14:00000005
22332907ns          380296 1c00a31e 04012c23 sw               x0, 88(x2)           x2:10001e38  PA:10001e90
22332947ns          380298 1c00a320 78472163 p.beqimm         x14, 1922           x14:00000005
22332986ns          380300 1c00a324 00000393 addi             x7, x0, 0            x7=00000000
22333006ns          380301 1c00a328 04012e23 sw               x0, 92(x2)           x2:10001e38  PA:10001e94
22333026ns          380302 1c00a32a 00712823 sw               x7, 16(x2)           x7:00000000  x2:10001e38  PA:10001e48
22333046ns          380303 1c00a32c 00700433 add              x8, x0, x7           x8=00000000  x7:00000000
22333066ns          380304 1c00a32e 00712a23 sw               x7, 20(x2)           x7:00000000  x2:10001e38  PA:10001e4c
22333106ns          380306 1c00a330 002c1893 slli             x17, x24, 0x2       x17=00000004 x24:00000001
22333146ns          380308 1c00a334 01888e33 add              x28, x17, x24       x28=00000005 x17:00000004 x24:00000001
22333165ns          380309 1c00a338 41c00533 sub              x10, x0, x28        x10=fffffffb x28:00000005
22333185ns          380310 1c00a33c 00180f93 addi             x31, x16, 1         x31=00000015 x16:00000014
22333265ns          380314 1c00a340 01550513 addi             x10, x10, 21        x10=00000010 x10:fffffffb
22333305ns          380316 1c00a342 6aafc763 blt              x31, x10, 1710      x31:00000015 x10:00000010
22333325ns          380317 1c00a346 00c12e83 lw               x29, 12(x2)         x29=10001ef0  x2:10001e38  PA:10001e44
22333344ns          380318 1c00a348 002e1e13 slli             x28, x28, 0x2       x28=00000014 x28:00000005
22333364ns          380319 1c00a34a 050e8813 addi             x16, x29, 80        x16=10001f40 x29:10001ef0
22333404ns          380321 1c00a34e 41c80833 sub              x16, x16, x28       x16=10001f2c x16:10001f40 x28:00000014
22333424ns          380322 1c00a352 01412e03 lw               x28, 20(x2)         x28=00000000  x2:10001e38  PA:10001e4c
22333444ns          380323 1c00a354 03112c23 sw               x17, 56(x2)         x17:00000004  x2:10001e38  PA:10001e70
22333464ns          380324 1c00a356 03c12423 sw               x28, 40(x2)         x28:00000000  x2:10001e38  PA:10001e60
22333484ns          380325 1c00a358 02d12e23 sw               x13, 60(x2)         x13:00000014  x2:10001e38  PA:10001e74
22333504ns          380326 1c00a35a 02812883 lw               x17, 40(x2)         x17=00000000  x2:10001e38  PA:10001e60
22333523ns          380327 1c00a35c 01012683 lw               x13, 16(x2)         x13=00000000  x2:10001e38  PA:10001e48
22333543ns          380328 1c00a35e 012002b3 add              x5, x0, x18          x5=10001f24 x18:10001f24
22333563ns          380329 1c00a360 02012223 sw               x0, 36(x2)           x2:10001e38  PA:10001e5c
22333583ns          380330 1c00a362 02012023 sw               x0, 32(x2)           x2:10001e38  PA:10001e58
22333603ns          380331 1c00a364 00012e23 sw               x0, 28(x2)           x2:10001e38  PA:10001e54
22333623ns          380332 1c00a366 00012c23 sw               x0, 24(x2)           x2:10001e38  PA:10001e50
22333643ns          380333 1c00a368 00000e93 addi             x29, x0, 0          x29=00000000
22333663ns          380334 1c00a36a 00000e13 addi             x28, x0, 0          x28=00000000
22333683ns          380335 1c00a36e 02c12623 sw               x12, 44(x2)         x12:00000002  x2:10001e38  PA:10001e64
22333703ns          380336 1c00a370 02b12823 sw               x11, 48(x2)         x11:00000001  x2:10001e38  PA:10001e68
22333722ns          380337 1c00a372 02f12a23 sw               x15, 52(x2)         x15:41c075b6  x2:10001e38  PA:10001e6c
22333742ns          380338 1c00a374 00a707b3 add              x15, x14, x10       x15=00000015 x14:00000005 x10:00000010
22333762ns          380339 1c00a378 06f55063 bge              x10, x15, 96        x10:00000010 x15:00000015
22333782ns          380340 1c00a37c 0002a603 lw               x12, 0(x5)          x12=3f800000  x5:10001f24  PA:10001f24
22333822ns          380342 1c00a380 00082e83 lw               x29, 0(x16)         x29=35ea21a4 x16:10001f2c  PA:10001f2c
22333862ns          380344 1c00a384 00150593 addi             x11, x10, 1         x11=00000011 x10:00000010
22333882ns          380345 1c00a388 e0cefe43 fmadd.s          f28, f29, f12, f28  f28=xxxxxxxx f29:35ea21a4 f12:3f800000 f28:00000000
22333901ns          380346 1c00a38c 48f5d863 bge              x11, x15, 1168      x11:00000011 x15:00000015
22333921ns          380347 1c00a390 00482e83 lw               x29, 4(x16)         x29=b6fc0b44 x16:10001f2c  PA:10001f30
22333941ns          380348 1c00a394 00250593 addi             x11, x10, 2         x11=00000012 x10:00000010
22333961ns          380349 1c00a398 39d673c3 fmadd.s          f7, f12, f29, f7     f7=xxxxxxxx f12:3f800000 f29:b6fc0b44  f7:00000000
22333981ns          380350 1c00a39c 58f5d363 bge              x11, x15, 1414      x11:00000012 x15:00000015
22334080ns          380355 1c00a3a0 00882e83 lw               x29, 8(x16)         x29=c1a3b9c0 x16:10001f2c  PA:10001f34
22334120ns          380357 1c00a3a4 00350593 addi             x11, x10, 3         x11=00000013 x10:00000010
22334140ns          380358 1c00a3a8 41d67443 fmadd.s          f8, f12, f29, f8     f8=xxxxxxxx f12:3f800000 f29:c1a3b9c0  f8:00000000
22334160ns          380359 1c00a3ac 46f5d463 bge              x11, x15, 1128      x11:00000013 x15:00000015
22334220ns          380362 1c00a3b0 00c82e83 lw               x29, 12(x16)        x29=446a82c9 x16:10001f2c  PA:10001f38
22334259ns          380364 1c00a3b4 00450593 addi             x11, x10, 4         x11=00000014 x10:00000010
22334279ns          380365 1c00a3b8 69d676c3 fmadd.s          f13, f12, f29, f13  f13=xxxxxxxx f12:3f800000 f29:446a82c9 f13:00000000
22334299ns          380366 1c00a3bc 56f5d663 bge              x11, x15, 1388      x11:00000014 x15:00000015
22334359ns          380369 1c00a3c0 01082783 lw               x15, 16(x16)        x15=c3cb06fa x16:10001f2c  PA:10001f3c
22334399ns          380371 1c00a3c4 00100e93 addi             x29, x0, 1          x29=00000001
22334419ns          380372 1c00a3c6 88f678c3 fmadd.s          f17, f12, f15, f17  f17=xxxxxxxx f12:3f800000 f15:c3cb06fa f17:00000000
22334438ns          380373 1c00a3ca 00100593 addi             x11, x0, 1          x11=00000001
22334458ns          380374 1c00a3cc 00100613 addi             x12, x0, 1          x12=00000001
22334478ns          380375 1c00a3ce 00100793 addi             x15, x0, 1          x15=00000001
22334498ns          380376 1c00a3d0 03d12223 sw               x29, 36(x2)         x29:00000001  x2:10001e38  PA:10001e5c
22334518ns          380377 1c00a3d2 02b12023 sw               x11, 32(x2)         x11:00000001  x2:10001e38  PA:10001e58
22334538ns          380378 1c00a3d4 00c12e23 sw               x12, 28(x2)         x12:00000001  x2:10001e38  PA:10001e54
22334558ns          380379 1c00a3d6 00f12c23 sw               x15, 24(x2)         x15:00000001  x2:10001e38  PA:10001e50
22334578ns          380380 1c00a3d8 00550513 addi             x10, x10, 5         x10=00000015 x10:00000010
22334598ns          380381 1c00a3da 01480813 addi             x16, x16, 20        x16=10001f40 x16:10001f2c
22334617ns          380382 1c00a3dc 00428293 addi             x5, x5, 4            x5=10001f28  x5:10001f24
22334637ns          380383 1c00a3de f8afdbe3 bge              x31, x10, -106      x31:00000015 x10:00000015
22334697ns          380386 1c00a374 00a707b3 add              x15, x14, x10       x15=0000001a x14:00000005 x10:00000015
22334717ns          380387 1c00a378 06f55063 bge              x10, x15, 96        x10:00000015 x15:0000001a
22334737ns          380388 1c00a37c 0002a603 lw               x12, 0(x5)          x12=3e916c2f  x5:10001f28  PA:10001f28
22334757ns          380389 1c00a380 00082e83 lw               x29, 0(x16)         x29=b600b96c x16:10001f40  PA:10001f40
22334777ns          380390 1c00a384 00150593 addi             x11, x10, 1         x11=00000016 x10:00000015
22334796ns          380391 1c00a388 e0cefe43 fmadd.s          f28, f29, f12, f28  f28=xxxxxxxx f29:b600b96c f12:3e916c2f f28:35ea21a4
22334816ns          380392 1c00a38c 48f5d863 bge              x11, x15, 1168      x11:00000016 x15:0000001a
22334836ns          380393 1c00a390 00482e83 lw               x29, 4(x16)         x29=37b889f0 x16:10001f40  PA:10001f44
22334856ns          380394 1c00a394 00250593 addi             x11, x10, 2         x11=00000017 x10:00000015
22334876ns          380395 1c00a398 39d673c3 fmadd.s          f7, f12, f29, f7     f7=xxxxxxxx f12:3e916c2f f29:37b889f0  f7:b6fc0b44
22334896ns          380396 1c00a39c 58f5d363 bge              x11, x15, 1414      x11:00000017 x15:0000001a
22334916ns          380397 1c00a3a0 00882e83 lw               x29, 8(x16)         x29=c14a5570 x16:10001f40  PA:10001f48
22334936ns          380398 1c00a3a4 00350593 addi             x11, x10, 3         x11=00000018 x10:00000015
22334956ns          380399 1c00a3a8 41d67443 fmadd.s          f8, f12, f29, f8     f8=xxxxxxxx f12:3e916c2f f29:c14a5570  f8:c1a3b9c0
22334976ns          380400 1c00a3ac 46f5d463 bge              x11, x15, 1128      x11:00000018 x15:0000001a
22334995ns          380401 1c00a3b0 00c82e83 lw               x29, 12(x16)        x29=c3cb06f9 x16:10001f40  PA:10001f4c
22335015ns          380402 1c00a3b4 00450593 addi             x11, x10, 4         x11=00000019 x10:00000015
22335035ns          380403 1c00a3b8 69d676c3 fmadd.s          f13, f12, f29, f13  f13=xxxxxxxx f12:3e916c2f f29:c3cb06f9 f13:446a82c9
22335055ns          380404 1c00a3bc 56f5d663 bge              x11, x15, 1388      x11:00000019 x15:0000001a
22335075ns          380405 1c00a3c0 01082783 lw               x15, 16(x16)        x15=43640523 x16:10001f40  PA:10001f50
22335095ns          380406 1c00a3c4 00100e93 addi             x29, x0, 1          x29=00000001
22335115ns          380407 1c00a3c6 88f678c3 fmadd.s          f17, f12, f15, f17  f17=xxxxxxxx f12:3e916c2f f15:43640523 f17:c3cb06fa
22335135ns          380408 1c00a3ca 00100593 addi             x11, x0, 1          x11=00000001
22335155ns          380409 1c00a3cc 00100613 addi             x12, x0, 1          x12=00000001
22335174ns          380410 1c00a3ce 00100793 addi             x15, x0, 1          x15=00000001
22335194ns          380411 1c00a3d0 03d12223 sw               x29, 36(x2)         x29:00000001  x2:10001e38  PA:10001e5c
22335214ns          380412 1c00a3d2 02b12023 sw               x11, 32(x2)         x11:00000001  x2:10001e38  PA:10001e58
22335234ns          380413 1c00a3d4 00c12e23 sw               x12, 28(x2)         x12:00000001  x2:10001e38  PA:10001e54
22335254ns          380414 1c00a3d6 00f12c23 sw               x15, 24(x2)         x15:00000001  x2:10001e38  PA:10001e50
22335274ns          380415 1c00a3d8 00550513 addi             x10, x10, 5         x10=0000001a x10:00000015
22335294ns          380416 1c00a3da 01480813 addi             x16, x16, 20        x16=10001f54 x16:10001f40
22335314ns          380417 1c00a3dc 00428293 addi             x5, x5, 4            x5=10001f2c  x5:10001f28
22335334ns          380418 1c00a3de f8afdbe3 bge              x31, x10, -106      x31:00000015 x10:0000001a
22335353ns          380419 1c00a3e2 00d12823 sw               x13, 16(x2)         x13:444dad99  x2:10001e38  PA:10001e48
22335373ns          380420 1c00a3e4 03112423 sw               x17, 40(x2)         x17:c3aaa529  x2:10001e38  PA:10001e60
22335393ns          380421 1c00a3e6 02c12603 lw               x12, 44(x2)         x12=00000002  x2:10001e38  PA:10001e64
22335413ns          380422 1c00a3e8 03012583 lw               x11, 48(x2)         x11=00000001  x2:10001e38  PA:10001e68
22335433ns          380423 1c00a3ea 03412783 lw               x15, 52(x2)         x15=41c075b6  x2:10001e38  PA:10001e6c
22335453ns          380424 1c00a3ec 03812883 lw               x17, 56(x2)         x17=00000004  x2:10001e38  PA:10001e70
22335473ns          380425 1c00a3ee 03c12683 lw               x13, 60(x2)         x13=00000014  x2:10001e38  PA:10001e74
22335493ns          380426 1c00a3f0 6c0e9763 bne              x29, x0, 1742       x29:00000001
22335552ns          380429 1c00aabe 05c12623 sw               x28, 76(x2)         x28:35a10238  x2:10001e38  PA:10001e84
22335612ns          380432 1c00aac0 935ff06f jal              x0, -1740          
22335652ns          380434 1c00a3f4 01812803 lw               x16, 24(x2)         x16=00000001  x2:10001e38  PA:10001e50
22335692ns          380436 1c00a3f6 6e081163 bne              x16, x0, 1762       x16:00000001
22335831ns          380443 1c00aad8 04712823 sw               x7, 80(x2)           x7:b5a98c28  x2:10001e38  PA:10001e88
22335851ns          380444 1c00aada 921ff06f jal              x0, -1760          
22335890ns          380446 1c00a3fa 01c12e03 lw               x28, 28(x2)         x28=00000001  x2:10001e38  PA:10001e54
22335930ns          380448 1c00a3fc 000e0363 beq              x28, x0, 6          x28:00000001
22335950ns          380449 1c00a400 04812a23 sw               x8, 84(x2)           x8:c1c075b9  x2:10001e38  PA:10001e8c
22335970ns          380450 1c00a402 02012e83 lw               x29, 32(x2)         x29=00000001  x2:10001e38  PA:10001e58
22336010ns          380452 1c00a404 000e8463 beq              x29, x0, 8          x29:00000001
22336030ns          380453 1c00a408 01012503 lw               x10, 16(x2)         x10=444dad99  x2:10001e38  PA:10001e48
22336070ns          380455 1c00a40a 04a12c23 sw               x10, 88(x2)         x10:444dad99  x2:10001e38  PA:10001e90
22336089ns          380456 1c00a40c 02412803 lw               x16, 36(x2)         x16=00000001  x2:10001e38  PA:10001e5c
22336129ns          380458 1c00a40e 6a081a63 bne              x16, x0, 1716       x16:00000001
22336189ns          380461 1c00aac2 02812e83 lw               x29, 40(x2)         x29=c3aaa529  x2:10001e38  PA:10001e60
22336209ns          380462 1c00aac4 05812803 lw               x16, 88(x2)         x16=444dad99  x2:10001e38  PA:10001e90
22336229ns          380463 1c00aac6 05d12e23 sw               x29, 92(x2)         x29:c3aaa529  x2:10001e38  PA:10001e94
22336249ns          380464 1c00aac8 04c12503 lw               x10, 76(x2)         x10=35a10238  x2:10001e38  PA:10001e84
22336268ns          380465 1c00aaca 05012383 lw               x7, 80(x2)           x7=b5a98c28  x2:10001e38  PA:10001e88
22336288ns          380466 1c00aacc 05412403 lw               x8, 84(x2)           x8=c1c075b9  x2:10001e38  PA:10001e8c
22336308ns          380467 1c00aace 01012823 sw               x16, 16(x2)         x16:444dad99  x2:10001e38  PA:10001e48
22336328ns          380468 1c00aad0 01d12a23 sw               x29, 20(x2)         x29:c3aaa529  x2:10001e38  PA:10001e4c
22336348ns          380469 1c00aad2 f23ff06f jal              x0, -222           
22336428ns          380473 1c00a9f4 00092e03 lw               x28, 0(x18)         x28=3f800000 x18:10001f24  PA:10001f24
22336467ns          380475 1c00a9f8 00000813 addi             x16, x0, 0          x16=00000000
22336487ns          380476 1c00a9fc a10e2853 feq.s            x16, f28, f16       x16=00000000 f28:3f800000 f16:00000000
22336547ns          380479 1c00aa00 d0081ee3 bne              x16, x0, -740       x16:00000000
22336587ns          380481 1c00aa04 21ef1853 fsgnjn.s         f16, f30, f30       f16=xxxxxxxx f30:3fece3bc f30:3fece3bc
22336607ns          380482 1c00aa08 11c87e53 fmul.s           f28, f16, f28       f28=xxxxxxxx f16:bfece3bc f28:3f800000
22336626ns          380483 1c00aa0c d0ddd8e3 bge              x27, x13, -752      x27:0000000f x13:00000014
22336686ns          380486 1c00aa10 0149ae83 lw               x29, 20(x19)        x29=35ea21a4 x19:10001f18  PA:10001f2c
22336726ns          380488 1c00aa14 01888833 add              x16, x17, x24       x16=00000005 x17:00000004 x24:00000001
22336746ns          380489 1c00aa18 e8ae7ec3 fmadd.s          f29, f28, f10, f29  f29=xxxxxxxx f28:bfece3bc f10:35a10238 f29:35ea21a4
22336766ns          380490 1c00aa1c 41000833 sub              x16, x0, x16        x16=fffffffb x16:00000005
22336825ns          380493 1c00aa20 01580893 addi             x17, x16, 21        x17=00000010 x16:fffffffb
22336865ns          380495 1c00aa24 01d9aa23 sw               x29, 20(x19)        x29:b4ff63a7 x19:10001f18  PA:10001f2c
22336885ns          380496 1c00aa28 04d8da63 bge              x17, x13, 84        x17:00000010 x13:00000014
22336905ns          380497 1c00aa2c 0189ae83 lw               x29, 24(x19)        x29=b6fc0b44 x19:10001f18  PA:10001f30
22336965ns          380500 1c00aa30 01680893 addi             x17, x16, 22        x17=00000011 x16:fffffffb
22337004ns          380502 1c00aa34 e87e7ec3 fmadd.s          f29, f28, f7, f29   f29=xxxxxxxx f28:bfece3bc  f7:b5a98c28 f29:b6fc0b44
22337024ns          380503 1c00aa38 01d9ac23 sw               x29, 24(x19)        x29:b6ad9940 x19:10001f18  PA:10001f30
22337044ns          380504 1c00aa3c 04d8d063 bge              x17, x13, 64        x17:00000011 x13:00000014
22337104ns          380507 1c00aa40 01c9ae83 lw               x29, 28(x19)        x29=c1a3b9c0 x19:10001f18  PA:10001f34
22337144ns          380509 1c00aa44 01780893 addi             x17, x16, 23        x17=00000012 x16:fffffffb
22337163ns          380510 1c00aa48 e88e7ec3 fmadd.s          f29, f28, f8, f29   f29=xxxxxxxx f28:bfece3bc  f8:c1c075b9 f29:c1a3b9c0
22337183ns          380511 1c00aa4c 01d9ae23 sw               x29, 28(x19)        x29:41c075b9 x19:10001f18  PA:10001f34
22337621ns          380533 1c00aa50 02d8d663 bge              x17, x13, 44        x17:00000012 x13:00000014
22337661ns          380535 1c00aa54 0209a883 lw               x17, 32(x19)        x17=446a82c9 x19:10001f18  PA:10001f38
22337681ns          380536 1c00aa58 01012e83 lw               x29, 16(x2)         x29=444dad99  x2:10001e38  PA:10001e48
22337720ns          380538 1c00aa5a 01880813 addi             x16, x16, 24        x16=00000013 x16:fffffffb
22337740ns          380539 1c00aa5c 89de78c3 fmadd.s          f17, f28, f29, f17  f17=xxxxxxxx f28:bfece3bc f29:444dad99 f17:446a82c9
22337760ns          380540 1c00aa60 0319a023 sw               x17, 32(x19)        x17:c4122339 x19:10001f18  PA:10001f38
22337800ns          380542 1c00aa64 00d85c63 bge              x16, x13, 24        x16:00000013 x13:00000014
22337820ns          380543 1c00aa68 0249a683 lw               x13, 36(x19)        x13=c3cb06fa x19:10001f18  PA:10001f3c
22337840ns          380544 1c00aa6c 01412803 lw               x16, 20(x2)         x16=c3aaa529  x2:10001e38  PA:10001e4c
22337899ns          380547 1c00aa6e 690e7e43 fmadd.s          f28, f28, f16, f13  f28=xxxxxxxx f28:bfece3bc f16:c3aaa529 f13:c3cb06fa
22337939ns          380549 1c00aa72 03c9a223 sw               x28, 36(x19)        x28:4361924a x19:10001f18  PA:10001f3c
22337959ns          380550 1c00aa76 000aaf03 lw               x30, 0(x21)         x30=3fece3bc x21:10001ed8  PA:10001ed8
22337979ns          380551 1c00aa7a ca3ff06f jal              x0, -862           
22338118ns          380558 1c00a71c 00100693 addi             x13, x0, 1          x13=00000001
22338198ns          380562 1c00a71e 00a48813 addi             x16, x9, 10         x16=00000014  x9:0000000a
22338238ns          380564 1c00a722 dcc6d5e3 bge              x13, x12, -566      x13:00000001 x12:00000002
22338257ns          380565 1c00a726 00492e03 lw               x28, 4(x18)         x28=3e916c2f x18:10001f24  PA:10001f28
22338277ns          380566 1c00a72a 00000693 addi             x13, x0, 0          x13=00000000
22338337ns          380569 1c00a72e a0de26d3 feq.s            x13, f28, f13       x13=00000000 f28:3e916c2f f13:00000000
22338357ns          380570 1c00a732 0e068763 beq              x13, x0, 238        x13:00000000
22338456ns          380575 1c00a820 21ef16d3 fsgnjn.s         f13, f30, f30       f13=xxxxxxxx f30:3fece3bc f30:3fece3bc
22338496ns          380577 1c00a824 010708b3 add              x17, x14, x16       x17=00000019 x14:00000005 x16:00000014
22338516ns          380578 1c00a828 11c6f6d3 fmul.s           f13, f13, f28       f13=xxxxxxxx f13:bfece3bc f28:3e916c2f
22338536ns          380579 1c00a82c f11854e3 bge              x16, x17, -248      x16:00000014 x17:00000019
22338596ns          380582 1c00a830 0289ae03 lw               x28, 40(x19)        x28=b600b96c x19:10001f18  PA:10001f40
22338635ns          380584 1c00a834 002c1813 slli             x16, x24, 0x2       x16=00000004 x24:00000001
22338655ns          380585 1c00a838 e0a6fe43 fmadd.s          f28, f13, f10, f28  f28=xxxxxxxx f13:bf069119 f10:35a10238 f28:b600b96c
22338675ns          380586 1c00a83c 01880833 add              x16, x16, x24       x16=00000005 x16:00000004 x24:00000001
22338735ns          380589 1c00a83e 41000833 sub              x16, x0, x16        x16=fffffffb x16:00000005
22338775ns          380591 1c00a842 03c9a423 sw               x28, 40(x19)        x28:b62b0aa2 x19:10001f18  PA:10001f40
22338795ns          380592 1c00a846 01a80e13 addi             x28, x16, 26        x28=00000015 x16:fffffffb
22338814ns          380593 1c00a84a 0f1e5f63 bge              x28, x17, 254       x28:00000015 x17:00000019
22338874ns          380596 1c00a84e 02c9ae83 lw               x29, 44(x19)        x29=37b889f0 x19:10001f18  PA:10001f44
22338914ns          380598 1c00a852 01b80e13 addi             x28, x16, 27        x28=00000016 x16:fffffffb
22338934ns          380599 1c00a856 e876fec3 fmadd.s          f29, f13, f7, f29   f29=xxxxxxxx f13:bf069119  f7:b5a98c28 f29:37b889f0
22338954ns          380600 1c00a85a 03d9a623 sw               x29, 44(x19)        x29:37be1be7 x19:10001f18  PA:10001f44
22339013ns          380603 1c00a85e 0f1e5563 bge              x28, x17, 234       x28:00000016 x17:00000019
22339053ns          380605 1c00a862 0309ae83 lw               x29, 48(x19)        x29=c14a5570 x19:10001f18  PA:10001f48
22339073ns          380606 1c00a866 01c80e13 addi             x28, x16, 28        x28=00000017 x16:fffffffb
22339093ns          380607 1c00a86a e886fec3 fmadd.s          f29, f13, f8, f29   f29=xxxxxxxx f13:bf069119  f8:c1c075b9 f29:c14a5570
22339153ns          380610 1c00a86e 03d9a823 sw               x29, 48(x19)        x29:b6ec2dfc x19:10001f18  PA:10001f48
22339192ns          380612 1c00a872 0d1e5b63 bge              x28, x17, 214       x28:00000017 x17:00000019
22339212ns          380613 1c00a876 0349ae03 lw               x28, 52(x19)        x28=c3cb06f9 x19:10001f18  PA:10001f4c
22339232ns          380614 1c00a87a 01012e83 lw               x29, 16(x2)         x29=444dad99  x2:10001e38  PA:10001e48
22339252ns          380615 1c00a87c 01d80813 addi             x16, x16, 29        x16=00000018 x16:fffffffb
22339292ns          380617 1c00a87e e1d6fe43 fmadd.s          f28, f13, f29, f28  f28=xxxxxxxx f13:bf069119 f29:444dad99 f28:c3cb06f9
22339332ns          380619 1c00a882 03c9aa23 sw               x28, 52(x19)        x28:c451a0ee x19:10001f18  PA:10001f4c
22339351ns          380620 1c00a886 0d185163 bge              x16, x17, 194       x16:00000018 x17:00000019
22339371ns          380621 1c00a88a 0389a803 lw               x16, 56(x19)        x16=43640523 x19:10001f18  PA:10001f50
22339391ns          380622 1c00a88e 01412883 lw               x17, 20(x2)         x17=c3aaa529  x2:10001e38  PA:10001e4c
22339431ns          380624 1c00a890 8116f6c3 fmadd.s          f13, f13, f17, f16  f13=xxxxxxxx f13:bf069119 f17:c3aaa529 f16:43640523
22339471ns          380626 1c00a894 02d9ac23 sw               x13, 56(x19)        x13:43cbb5bd x19:10001f18  PA:10001f50
22339491ns          380627 1c00a898 000aaf03 lw               x30, 0(x21)         x30=3fece3bc x21:10001ed8  PA:10001ed8
22339511ns          380628 1c00a89c e99ff06f jal              x0, -360           
22339610ns          380633 1c00a734 00f48693 addi             x13, x9, 15         x13=00000019  x9:0000000a
22339630ns          380634 1c00a738 da262ae3 p.beqimm         x12, -588           x12:00000002
22339749ns          380640 1c00a4ec 00000693 addi             x13, x0, 0          x13=00000000
22339809ns          380643 1c00a4f0 a0df2753 feq.s            x14, f30, f13       x14=00000000 f30:3fece3bc f13:00000000
22339849ns          380645 1c00a4f4 007b8293 addi             x5, x23, 7           x5=00000013 x23:0000000c
22339869ns          380646 1c00a4f8 f6071ee3 bne              x14, x0, -132       x14:00000000
22339889ns          380647 1c00a4fa 0109a603 lw               x12, 16(x19)        x12=3e916c2f x19:10001f18  PA:10001f28
22339948ns          380650 1c00a4fe 001c0713 addi             x14, x24, 1         x14=00000002 x24:00000001
22339988ns          380652 1c00a502 a0d62653 feq.s            x12, f12, f13       x12=00000000 f12:3e916c2f f13:00000000
22340008ns          380653 1c00a506 42060863 beq              x12, x0, 1072       x12:00000000
22340187ns          380662 1c00a936 00e005b3 add              x11, x0, x14        x11=00000002 x14:00000002
22340227ns          380664 1c00a938 bffff06f jal              x0, -1026          
22340306ns          380668 1c00a536 00c12503 lw               x10, 12(x2)         x10=10001ef0  x2:10001e38  PA:10001e44
22340346ns          380670 1c00a538 002c1893 slli             x17, x24, 0x2       x17=00000004 x24:00000001
22340366ns          380671 1c00a53c 06050993 addi             x19, x10, 96        x19=10001f50 x10:10001ef0
22340445ns          380675 1c00a540 01900813 addi             x16, x0, 25         x16=00000019
22340485ns          380677 1c00a542 41880833 sub              x16, x16, x24       x16=00000018 x16:00000019 x24:00000001
22340505ns          380678 1c00a546 41198e33 sub              x28, x19, x17       x28=10001f4c x19:10001f50 x17:00000004
22340525ns          380679 1c00a54a 00259393 slli             x7, x11, 0x2         x7=00000008 x11:00000002
22340585ns          380682 1c00a54e 00000413 addi             x8, x0, 0            x8=00000000
22340605ns          380683 1c00a552 00e00533 add              x10, x0, x14        x10=00000002 x14:00000002
22340624ns          380684 1c00a554 077540fb lp.setup         0x1, x10, 0x77      x10:00000002
22340644ns          380685 1c00a558 010586b3 add              x13, x11, x16       x13=0000001a x11:00000002 x16:00000018
22340664ns          380686 1c00a55c fff70f93 addi             x31, x14, -1        x31=00000001 x14:00000002
22340724ns          380689 1c00a560 0cd85f63 bge              x16, x13, 222       x16:00000018 x13:0000001a
22340764ns          380691 1c00a564 000e2683 lw               x13, 0(x28)         x13=c451a0ee x28:10001f4c  PA:10001f4c
22340804ns          380693 1c00a568 a086a6d3 feq.s            x13, f13, f8        x13=00000000 f13:c451a0ee  f8:00000000
22340823ns          380694 1c00a56c 00068c63 beq              x13, x0, 24         x13:00000000
22340943ns          380700 1c00a584 ee0588e3 beq              x11, x0, -272       x11:00000002
22340983ns          380702 1c00a588 ee0706e3 beq              x14, x0, -276       x14:00000002
22341002ns          380703 1c00a58c 002f9d13 slli             x26, x31, 0x2       x26=00000004 x31:00000001
22341062ns          380706 1c00a590 411c0533 sub              x10, x24, x17       x10=fffffffd x24:00000001 x17:00000004
22341102ns          380708 1c00a594 01af8fb3 add              x31, x31, x26       x31=00000005 x31:00000001 x26:00000004
22341122ns          380709 1c00a596 00151513 slli             x10, x10, 0x1       x10=fffffffa x10:fffffffd
22341142ns          380710 1c00a598 04012623 sw               x0, 76(x2)           x2:10001e38  PA:10001e84
22341162ns          380711 1c00a59a 005f8d33 add              x26, x31, x5        x26=00000018 x31:00000005  x5:00000013
22341181ns          380712 1c00a59e 01850513 addi             x10, x10, 24        x10=00000012 x10:fffffffa
22341201ns          380713 1c00a5a0 21ef1f53 fsgnjn.s         f30, f30, f30       f30=xxxxxxxx f30:3fece3bc f30:3fece3bc
22341241ns          380715 1c00a5a4 00172b63 p.beqimm         x14, 22             x14:00000002
22341261ns          380716 1c00a5a8 04012823 sw               x0, 80(x2)           x2:10001e38  PA:10001e88
22341281ns          380717 1c00a5aa 00272663 p.beqimm         x14, 12             x14:00000002
22341778ns          380742 1c00a5b6 4e5d4d63 blt              x26, x5, 1274       x26:00000018  x5:00000013
22341798ns          380743 1c00a5ba 001c1613 slli             x12, x24, 0x1       x12=00000002 x24:00000001
22341858ns          380746 1c00a5be 01860433 add              x8, x12, x24         x8=00000003 x12:00000002 x24:00000001
22341878ns          380747 1c00a5c2 04c10693 addi             x13, x2, 76         x13=10001e84  x2:10001e38
22341897ns          380748 1c00a5c4 00341413 slli             x8, x8, 0x3          x8=00000018  x8:00000003
22341917ns          380749 1c00a5c6 00c12823 sw               x12, 16(x2)         x12:00000002  x2:10001e38  PA:10001e48
22341937ns          380750 1c00a5c8 00d12a23 sw               x13, 20(x2)         x13:10001e84  x2:10001e38  PA:10001e4c
22341957ns          380751 1c00a5ca 00d00fb3 add              x31, x0, x13        x31=10001e84 x13:10001e84
22341977ns          380752 1c00a5cc 40898433 sub              x8, x19, x8          x8=10001f38 x19:10001f50  x8:00000018
22341997ns          380753 1c00a5d0 00b286b3 add              x13, x5, x11        x13=00000015  x5:00000013 x11:00000002
22342037ns          380755 1c00a5d4 3ed2df63 bge              x5, x13, 1022        x5:00000013 x13:00000015
22342057ns          380756 1c00a5d8 ffc38693 addi             x13, x7, -4         x13=00000004  x7:00000008
22342077ns          380757 1c00a5dc 0026d693 srli             x13, x13, 0x2       x13=00000001 x13:00000004
22342096ns          380758 1c00a5de 012008b3 add              x17, x0, x18        x17=10001f24 x18:10001f24
22342136ns          380760 1c00a5e0 00800833 add              x16, x0, x8         x16=10001f38  x8:10001f38
22342176ns          380762 1c00a5e2 00000613 addi             x12, x0, 0          x12=00000000
22342196ns          380763 1c00a5e6 00168693 addi             x13, x13, 1         x13=00000002 x13:00000001
22342216ns          380764 1c00a5e8 0066c0fb lp.setup         0x1, x13, 0x6       x13:00000002
22342236ns          380765 1c00a5ec 00482e8b p.lw             x29, 4(x16!)        x29=c4122339 x16=10001f3c x16:10001f38  PA:10001f38
22342275ns          380767 1c00a5f0 0048ae0b p.lw             x28, 4(x17!)        x28=3f800000 x17=10001f28 x17:10001f24  PA:10001f24
22342315ns          380769 1c00a5f4 61cef643 fmadd.s          f12, f29, f28, f12  f12=xxxxxxxx f29:c4122339 f28:3f800000 f12:00000000
22342335ns          380770 1c00a5ec 00482e8b p.lw             x29, 4(x16!)        x29=4361924a x16=10001f40 x16:10001f3c  PA:10001f3c
22342355ns          380771 1c00a5f0 0048ae0b p.lw             x28, 4(x17!)        x28=3e916c2f x17=10001f2c x17:10001f28  PA:10001f28
22342395ns          380773 1c00a5f4 61cef643 fmadd.s          f12, f29, f28, f12  f12=xxxxxxxx f29:4361924a f28:3e916c2f f12:c4122339
22342415ns          380774 1c00a5f8 000fa683 lw               x13, 0(x31)         x13=00000000 x31:10001e84  PA:10001e84
22342435ns          380775 1c00a5fc 00528293 addi             x5, x5, 5            x5=00000018  x5:00000013
22342474ns          380777 1c00a5fe 00c6f653 fadd.s           f12, f13, f12       f12=xxxxxxxx f13:00000000 f12:c4021ed3
22342494ns          380778 1c00a602 01440413 addi             x8, x8, 20           x8=10001f4c  x8:10001f38
22342514ns          380779 1c00a604 00cfa22b p.sw             x12, 4(x31!)        x31=10001e88 x12:c4021ed3 x31:10001e84  PA:10001e84
22342534ns          380780 1c00a608 fc5d54e3 bge              x26, x5, -56        x26:00000018  x5:00000018
22342653ns          380786 1c00a5d0 00b286b3 add              x13, x5, x11        x13=0000001a  x5:00000018 x11:00000002
22342673ns          380787 1c00a5d4 3ed2df63 bge              x5, x13, 1022        x5:00000018 x13:0000001a
22342693ns          380788 1c00a5d8 ffc38693 addi             x13, x7, -4         x13=00000004  x7:00000008
22342713ns          380789 1c00a5dc 0026d693 srli             x13, x13, 0x2       x13=00000001 x13:00000004
22342733ns          380790 1c00a5de 012008b3 add              x17, x0, x18        x17=10001f24 x18:10001f24
22342753ns          380791 1c00a5e0 00800833 add              x16, x0, x8         x16=10001f4c  x8:10001f4c
22342773ns          380792 1c00a5e2 00000613 addi             x12, x0, 0          x12=00000000
22342793ns          380793 1c00a5e6 00168693 addi             x13, x13, 1         x13=00000002 x13:00000001
22342812ns          380794 1c00a5e8 0066c0fb lp.setup         0x1, x13, 0x6       x13:00000002
22342832ns          380795 1c00a5ec 00482e8b p.lw             x29, 4(x16!)        x29=c451a0ee x16=10001f50 x16:10001f4c  PA:10001f4c
22342852ns          380796 1c00a5f0 0048ae0b p.lw             x28, 4(x17!)        x28=3f800000 x17=10001f28 x17:10001f24  PA:10001f24
22342892ns          380798 1c00a5f4 61cef643 fmadd.s          f12, f29, f28, f12  f12=xxxxxxxx f29:c451a0ee f28:3f800000 f12:00000000
22342912ns          380799 1c00a5ec 00482e8b p.lw             x29, 4(x16!)        x29=43cbb5bd x16=10001f54 x16:10001f50  PA:10001f50
22342932ns          380800 1c00a5f0 0048ae0b p.lw             x28, 4(x17!)        x28=3e916c2f x17=10001f2c x17:10001f28  PA:10001f28
22342972ns          380802 1c00a5f4 61cef643 fmadd.s          f12, f29, f28, f12  f12=xxxxxxxx f29:43cbb5bd f28:3e916c2f f12:c451a0ee
22342991ns          380803 1c00a5f8 000fa683 lw               x13, 0(x31)         x13=00000000 x31:10001e88  PA:10001e88
22343011ns          380804 1c00a5fc 00528293 addi             x5, x5, 5            x5=0000001d  x5:00000018
22343031ns          380805 1c00a5fe 00c6f653 fadd.s           f12, f13, f12       f12=xxxxxxxx f13:00000000 f12:c434b2ec
22343051ns          380806 1c00a602 01440413 addi             x8, x8, 20           x8=10001f60  x8:10001f4c
22343071ns          380807 1c00a604 00cfa22b p.sw             x12, 4(x31!)        x31=10001e8c x12:c434b2ec x31:10001e88  PA:10001e88
22343091ns          380808 1c00a608 fc5d54e3 bge              x26, x5, -56        x26:00000018  x5:0000001d
22343111ns          380809 1c00a60c 01012803 lw               x16, 16(x2)         x16=00000002  x2:10001e38  PA:10001e48
22343131ns          380810 1c00a60e 00200613 addi             x12, x0, 2          x12=00000002
22343151ns          380811 1c00a610 018806b3 add              x13, x16, x24       x13=00000003 x16:00000002 x24:00000001
22343171ns          380812 1c00a614 00369693 slli             x13, x13, 0x3       x13=00000018 x13:00000003
22343190ns          380813 1c00a616 00170813 addi             x16, x14, 1         x16=00000003 x14:00000002
22343210ns          380814 1c00a61a 01412f83 lw               x31, 20(x2)         x31=10001e84  x2:10001e38  PA:10001e4c
22343230ns          380815 1c00a61c 40d989b3 sub              x19, x19, x13       x19=10001f38 x19:10001f50 x13:00000018
22343250ns          380816 1c00a620 00000293 addi             x5, x0, 0            x5=00000000
22343270ns          380817 1c00a624 4ac84863 blt              x16, x12, 1200      x16:00000003 x12:00000002
22343290ns          380818 1c00a628 0097407b lp.setup         0x0, x14, 0x9       x14:00000002
22343310ns          380819 1c00a62c 004fa68b p.lw             x13, 4(x31!)        x13=c4021ed3 x31=10001e88 x31:10001e84  PA:10001e84
22343369ns          380822 1c00a630 a056a653 feq.s            x12, f13, f5        x12=00000000 f13:c4021ed3  f5:00000000
22343409ns          380824 1c00a634 36060763 beq              x12, x0, 878        x12:00000000
22343548ns          380831 1c00a9a2 00b50633 add              x12, x10, x11       x12=00000014 x10:00000012 x11:00000002
22343568ns          380832 1c00a9a6 11e6fed3 fmul.s           f29, f13, f30       f29=xxxxxxxx f13:c4021ed3 f30:bfece3bc
22343588ns          380833 1c00a9aa c8c557e3 bge              x10, x12, -882      x10:00000012 x12:00000014
22343648ns          380836 1c00a9ae ffc38813 addi             x16, x7, -4         x16=00000004  x7:00000008
22343688ns          380838 1c00a9b2 00285813 srli             x16, x16, 0x2       x16=00000001 x16:00000004
22343708ns          380839 1c00a9b6 01200e33 add              x28, x0, x18        x28=10001f24 x18:10001f24
22343727ns          380840 1c00a9b8 013008b3 add              x17, x0, x19        x17=10001f38 x19:10001f38
22343747ns          380841 1c00a9ba 00180813 addi             x16, x16, 1         x16=00000002 x16:00000001
22343767ns          380842 1c00a9bc 008840fb lp.setup         0x1, x16, 0x8       x16:00000002
22343787ns          380843 1c00a9c0 0008a603 lw               x12, 0(x17)         x12=c4122339 x17:10001f38  PA:10001f38
22343827ns          380845 1c00a9c4 004e268b p.lw             x13, 4(x28!)        x13=3f800000 x28=10001f28 x28:10001f24  PA:10001f24
22343867ns          380847 1c00a9c8 60def6c3 fmadd.s          f13, f29, f13, f12  f13=xxxxxxxx f29:4470d057 f13:3f800000 f12:c4122339
22343887ns          380848 1c00a9cc 00d8a22b p.sw             x13, 4(x17!)        x17=10001f3c x13:43bd5a3c x17:10001f38  PA:10001f38
22343906ns          380849 1c00a9c0 0008a603 lw               x12, 0(x17)         x12=4361924a x17:10001f3c  PA:10001f3c
22343926ns          380850 1c00a9c4 004e268b p.lw             x13, 4(x28!)        x13=3e916c2f x28=10001f2c x28:10001f28  PA:10001f28
22343966ns          380852 1c00a9c8 60def6c3 fmadd.s          f13, f29, f13, f12  f13=xxxxxxxx f29:4470d057 f13:3e916c2f f12:4361924a
22343986ns          380853 1c00a9cc 00d8a22b p.sw             x13, 4(x17!)        x17=10001f40 x13:43f994ea x17:10001f3c  PA:10001f3c
22344006ns          380854 1c00a9d0 c69ff06f jal              x0, -920           
22344046ns          380856 1c00a638 00550513 addi             x10, x10, 5         x10=00000017 x10:00000012
22344066ns          380857 1c00a63a 01498993 addi             x19, x19, 20        x19=10001f4c x19:10001f38
22344085ns          380858 1c00a62c 004fa68b p.lw             x13, 4(x31!)        x13=c434b2ec x31=10001e8c x31:10001e88  PA:10001e88
22344125ns          380860 1c00a630 a056a653 feq.s            x12, f13, f5        x12=00000000 f13:c434b2ec  f5:00000000
22344145ns          380861 1c00a634 36060763 beq              x12, x0, 878        x12:00000000
22344284ns          380868 1c00a9a2 00b50633 add              x12, x10, x11       x12=00000019 x10:00000017 x11:00000002
22344304ns          380869 1c00a9a6 11e6fed3 fmul.s           f29, f13, f30       f29=xxxxxxxx f13:c434b2ec f30:bfece3bc
22344324ns          380870 1c00a9aa c8c557e3 bge              x10, x12, -882      x10:00000017 x12:00000019
22344344ns          380871 1c00a9ae ffc38813 addi             x16, x7, -4         x16=00000004  x7:00000008
22344364ns          380872 1c00a9b2 00285813 srli             x16, x16, 0x2       x16=00000001 x16:00000004
22344384ns          380873 1c00a9b6 01200e33 add              x28, x0, x18        x28=10001f24 x18:10001f24
22344404ns          380874 1c00a9b8 013008b3 add              x17, x0, x19        x17=10001f4c x19:10001f4c
22344424ns          380875 1c00a9ba 00180813 addi             x16, x16, 1         x16=00000002 x16:00000001
22344444ns          380876 1c00a9bc 008840fb lp.setup         0x1, x16, 0x8       x16:00000002
22344463ns          380877 1c00a9c0 0008a603 lw               x12, 0(x17)         x12=c451a0ee x17:10001f4c  PA:10001f4c
22344503ns          380879 1c00a9c4 004e268b p.lw             x13, 4(x28!)        x13=3f800000 x28=10001f28 x28:10001f24  PA:10001f24
22344543ns          380881 1c00a9c8 60def6c3 fmadd.s          f13, f29, f13, f12  f13=xxxxxxxx f29:44a735b1 f13:3f800000 f12:c451a0ee
22344563ns          380882 1c00a9cc 00d8a22b p.sw             x13, 4(x17!)        x17=10001f50 x13:43f994e8 x17:10001f4c  PA:10001f4c
22344583ns          380883 1c00a9c0 0008a603 lw               x12, 0(x17)         x12=43cbb5bd x17:10001f50  PA:10001f50
22344603ns          380884 1c00a9c4 004e268b p.lw             x13, 4(x28!)        x13=3e916c2f x28=10001f2c x28:10001f28  PA:10001f28
22344642ns          380886 1c00a9c8 60def6c3 fmadd.s          f13, f29, f13, f12  f13=xxxxxxxx f29:44a735b1 f13:3e916c2f f12:43cbb5bd
22344662ns          380887 1c00a9cc 00d8a22b p.sw             x13, 4(x17!)        x17=10001f54 x13:4444d6f1 x17:10001f50  PA:10001f50
22344682ns          380888 1c00a9d0 c69ff06f jal              x0, -920           
22344722ns          380890 1c00a638 00550513 addi             x10, x10, 5         x10=0000001c x10:00000017
22344742ns          380891 1c00a63a 01498993 addi             x19, x19, 20        x19=10001f60 x19:10001f4c
22344762ns          380892 1c00a63c e39ff06f jal              x0, -456           
22344881ns          380898 1c00a474 00812c03 lw               x24, 8(x2)          x24=00000000  x2:10001e38  PA:10001e40
22344921ns          380900 1c00a476 00f92c2b p.sw             x15, 24(x18!)       x18=10001f3c x15:41c075b6 x18:10001f24  PA:10001f24
22344941ns          380901 1c00a47a 004a8a93 addi             x21, x21, 4         x21=10001edc x21:10001ed8
22344961ns          380902 1c00a47c 006b8b93 addi             x23, x23, 6         x23=00000012 x23:0000000c
22344981ns          380903 1c00a47e 006009b3 add              x19, x0, x6         x19=10001f2c  x6:10001f2c
22345000ns          380904 1c00a480 005d8d93 addi             x27, x27, 5         x27=00000014 x27:0000000f
22345020ns          380905 1c00a482 00548493 addi             x9, x9, 5            x9=0000000f  x9:0000000a
22345040ns          380906 1c00a484 018a0a13 addi             x20, x20, 24        x20=10001f40 x20:10001f28
22345060ns          380907 1c00a486 b9fc39e3 p.bneimm         x24, -1134          x24:00000000
22345219ns          380915 1c00a018 00300d13 addi             x26, x0, 3          x26=00000003
22345259ns          380917 1c00a01a 418d0d33 sub              x26, x26, x24       x26=00000003 x26:00000003 x24:00000000
22345279ns          380918 1c00a01e 018005b3 add              x11, x0, x24        x11=00000000 x24:00000000
22345319ns          380920 1c00a020 00092503 lw               x10, 0(x18)         x10=43f994ea x18:10001f3c  PA:10001f3c
22345358ns          380922 1c00a024 423d2163 p.beqimm         x26, 1058           x26:00000003
22345876ns          380948 1c00a446 1c000e37 lui              x28, 0x1c000000     x28=1c000000
22345896ns          380949 1c00a44a 04ce0e13 addi             x28, x28, 76        x28=1c00004c x28:1c000000
22346353ns          380972 1c00a44e 000e2e03 lw               x28, 0(x28)         x28=3f800000 x28:1c00004c  PA:1c00004c
22346711ns          380990 1c00a452 000aa023 sw               x0, 0(x21)          x21:10001edc  PA:10001edc
22346731ns          380991 1c00a456 01c92023 sw               x28, 0(x18)         x28:3f800000 x18:10001f3c  PA:10001f3c
22346751ns          380992 1c00a45a 000aaf03 lw               x30, 0(x21)         x30=00000000 x21:10001edc  PA:10001edc
22347188ns          381014 1c00a45e 00000793 addi             x15, x0, 0          x15=00000000
22347228ns          381016 1c00a462 a0ff2753 feq.s            x14, f30, f15       x14=00000001 f30:00000000 f15:00000000
22347248ns          381017 1c00a466 28070863 beq              x14, x0, 656        x14:00000001
22347268ns          381018 1c00a46a 00a007b3 add              x15, x0, x10        x15=43f994ea x10:43f994ea
22347288ns          381019 1c00a46c 01498313 addi             x6, x19, 20          x6=10001f40 x19:10001f2c
22347308ns          381020 1c00a470 fffc0c13 addi             x24, x24, -1        x24=ffffffff x24:00000000
22347328ns          381021 1c00a472 01812423 sw               x24, 8(x2)          x24:ffffffff  x2:10001e38  PA:10001e40
22347348ns          381022 1c00a474 00812c03 lw               x24, 8(x2)          x24=ffffffff  x2:10001e38  PA:10001e40
22347367ns          381023 1c00a476 00f92c2b p.sw             x15, 24(x18!)       x18=10001f54 x15:43f994ea x18:10001f3c  PA:10001f3c
22347387ns          381024 1c00a47a 004a8a93 addi             x21, x21, 4         x21=10001ee0 x21:10001edc
22347407ns          381025 1c00a47c 006b8b93 addi             x23, x23, 6         x23=00000018 x23:00000012
22347427ns          381026 1c00a47e 006009b3 add              x19, x0, x6         x19=10001f40  x6:10001f40
22347447ns          381027 1c00a480 005d8d93 addi             x27, x27, 5         x27=00000019 x27:00000014
22347467ns          381028 1c00a482 00548493 addi             x9, x9, 5            x9=00000014  x9:0000000f
22347487ns          381029 1c00a484 018a0a13 addi             x20, x20, 24        x20=10001f58 x20:10001f40
22347507ns          381030 1c00a486 b9fc39e3 p.bneimm         x24, -1134          x24:ffffffff
22347527ns          381031 1c00a48a 08c12403 lw               x8, 140(x2)          x8=00000003  x2:10001e38  PA:10001ec4
22347546ns          381032 1c00a48c 08812483 lw               x9, 136(x2)          x9=10001ef0  x2:10001e38  PA:10001ec0
22347566ns          381033 1c00a48e 08412903 lw               x18, 132(x2)        x18=1c010000  x2:10001e38  PA:10001ebc
22347586ns          381034 1c00a490 08012983 lw               x19, 128(x2)        x19=xxxxxxxx  x2:10001e38  PA:10001eb8
22347606ns          381035 1c00a492 07c12a03 lw               x20, 124(x2)        x20=xxxxxxxx  x2:10001e38  PA:10001eb4
22347626ns          381036 1c00a494 07812a83 lw               x21, 120(x2)        x21=xxxxxxxx  x2:10001e38  PA:10001eb0
22347646ns          381037 1c00a496 07412b03 lw               x22, 116(x2)        x22=xxxxxxxx  x2:10001e38  PA:10001eac
22347666ns          381038 1c00a498 07012b83 lw               x23, 112(x2)        x23=xxxxxxxx  x2:10001e38  PA:10001ea8
22347686ns          381039 1c00a49a 06c12c03 lw               x24, 108(x2)        x24=xxxxxxxx  x2:10001e38  PA:10001ea4
22347706ns          381040 1c00a49c 06812c83 lw               x25, 104(x2)        x25=xxxxxxxx  x2:10001e38  PA:10001ea0
22347725ns          381041 1c00a49e 06412d03 lw               x26, 100(x2)        x26=xxxxxxxx  x2:10001e38  PA:10001e9c
22347745ns          381042 1c00a4a0 06012d83 lw               x27, 96(x2)         x27=xxxxxxxx  x2:10001e38  PA:10001e98
22347765ns          381043 1c00a4a2 09010113 addi             x2, x2, 144          x2=10001ec8  x2:10001e38
22347785ns          381044 1c00a4a4 00008067 jalr             x0, x1, 0            x1:1c00abea
22348263ns          381068 1c00abea 009006b3 add              x13, x0, x9         x13=10001ef0  x9:10001ef0
22348302ns          381070 1c00abec 08c10713 addi             x14, x2, 140        x14=10001f54  x2:10001ec8
22348740ns          381092 1c00abee 019250fb lp.setupi        0x1, 0x19, 0x4     
22348780ns          381094 1c00abf2 0046a60b p.lw             x12, 4(x13!)        x12=4411796e x13=10001ef4 x13:10001ef0  PA:10001ef0
22348819ns          381096 1c00abf6 00c7222b p.sw             x12, 4(x14!)        x14=10001f58 x12:4411796e x14:10001f54  PA:10001f54
22348839ns          381097 1c00abf2 0046a60b p.lw             x12, 4(x13!)        x12=c3b42660 x13=10001ef8 x13:10001ef4  PA:10001ef4
22348879ns          381099 1c00abf6 00c7222b p.sw             x12, 4(x14!)        x14=10001f5c x12:c3b42660 x14:10001f58  PA:10001f58
22348899ns          381100 1c00abf2 0046a60b p.lw             x12, 4(x13!)        x12=be8bef03 x13=10001efc x13:10001ef8  PA:10001ef8
22348939ns          381102 1c00abf6 00c7222b p.sw             x12, 4(x14!)        x14=10001f60 x12:be8bef03 x14:10001f5c  PA:10001f5c
22348959ns          381103 1c00abf2 0046a60b p.lw             x12, 4(x13!)        x12=bd7c5cef x13=10001f00 x13:10001efc  PA:10001efc
22348998ns          381105 1c00abf6 00c7222b p.sw             x12, 4(x14!)        x14=10001f64 x12:bd7c5cef x14:10001f60  PA:10001f60
22349018ns          381106 1c00abf2 0046a60b p.lw             x12, 4(x13!)        x12=be462bf9 x13=10001f04 x13:10001f00  PA:10001f00
22349058ns          381108 1c00abf6 00c7222b p.sw             x12, 4(x14!)        x14=10001f68 x12:be462bf9 x14:10001f64  PA:10001f64
22349078ns          381109 1c00abf2 0046a60b p.lw             x12, 4(x13!)        x12=c3b42663 x13=10001f08 x13:10001f04  PA:10001f04
22349118ns          381111 1c00abf6 00c7222b p.sw             x12, 4(x14!)        x14=10001f6c x12:c3b42663 x14:10001f68  PA:10001f68
22349138ns          381112 1c00abf2 0046a60b p.lw             x12, 4(x13!)        x12=440ae232 x13=10001f0c x13:10001f08  PA:10001f08
22349178ns          381114 1c00abf6 00c7222b p.sw             x12, 4(x14!)        x14=10001f70 x12:440ae232 x14:10001f6c  PA:10001f6c
22349197ns          381115 1c00abf2 0046a60b p.lw             x12, 4(x13!)        x12=c3923d5f x13=10001f10 x13:10001f0c  PA:10001f0c
22349237ns          381117 1c00abf6 00c7222b p.sw             x12, 4(x14!)        x14=10001f74 x12:c3923d5f x14:10001f70  PA:10001f70
22349257ns          381118 1c00abf2 0046a60b p.lw             x12, 4(x13!)        x12=3d080d73 x13=10001f14 x13:10001f10  PA:10001f10
22349297ns          381120 1c00abf6 00c7222b p.sw             x12, 4(x14!)        x14=10001f78 x12:3d080d73 x14:10001f74  PA:10001f74
22349317ns          381121 1c00abf2 0046a60b p.lw             x12, 4(x13!)        x12=3ef39e84 x13=10001f18 x13:10001f14  PA:10001f14
22349357ns          381123 1c00abf6 00c7222b p.sw             x12, 4(x14!)        x14=10001f7c x12:3ef39e84 x14:10001f78  PA:10001f78
22349376ns          381124 1c00abf2 0046a60b p.lw             x12, 4(x13!)        x12=b79cbc43 x13=10001f1c x13:10001f18  PA:10001f18
22349416ns          381126 1c00abf6 00c7222b p.sw             x12, 4(x14!)        x14=10001f80 x12:b79cbc43 x14:10001f7c  PA:10001f7c
22349436ns          381127 1c00abf2 0046a60b p.lw             x12, 4(x13!)        x12=c3923d5d x13=10001f20 x13:10001f1c  PA:10001f1c
22349476ns          381129 1c00abf6 00c7222b p.sw             x12, 4(x14!)        x14=10001f84 x12:c3923d5d x14:10001f80  PA:10001f80
22349496ns          381130 1c00abf2 0046a60b p.lw             x12, 4(x13!)        x12=4406ba2c x13=10001f24 x13:10001f20  PA:10001f20
22349536ns          381132 1c00abf6 00c7222b p.sw             x12, 4(x14!)        x14=10001f88 x12:4406ba2c x14:10001f84  PA:10001f84
22349555ns          381133 1c00abf2 0046a60b p.lw             x12, 4(x13!)        x12=41c075b6 x13=10001f28 x13:10001f24  PA:10001f24
22349595ns          381135 1c00abf6 00c7222b p.sw             x12, 4(x14!)        x14=10001f8c x12:41c075b6 x14:10001f88  PA:10001f88
22349615ns          381136 1c00abf2 0046a60b p.lw             x12, 4(x13!)        x12=3e916c2f x13=10001f2c x13:10001f28  PA:10001f28
22349655ns          381138 1c00abf6 00c7222b p.sw             x12, 4(x14!)        x14=10001f90 x12:3e916c2f x14:10001f8c  PA:10001f8c
22349675ns          381139 1c00abf2 0046a60b p.lw             x12, 4(x13!)        x12=b4ff63a7 x13=10001f30 x13:10001f2c  PA:10001f2c
22349715ns          381141 1c00abf6 00c7222b p.sw             x12, 4(x14!)        x14=10001f94 x12:b4ff63a7 x14:10001f90  PA:10001f90
22349734ns          381142 1c00abf2 0046a60b p.lw             x12, 4(x13!)        x12=b6ad9940 x13=10001f34 x13:10001f30  PA:10001f30
22349774ns          381144 1c00abf6 00c7222b p.sw             x12, 4(x14!)        x14=10001f98 x12:b6ad9940 x14:10001f94  PA:10001f94
22349794ns          381145 1c00abf2 0046a60b p.lw             x12, 4(x13!)        x12=41c075b9 x13=10001f38 x13:10001f34  PA:10001f34
22349834ns          381147 1c00abf6 00c7222b p.sw             x12, 4(x14!)        x14=10001f9c x12:41c075b9 x14:10001f98  PA:10001f98
22349854ns          381148 1c00abf2 0046a60b p.lw             x12, 4(x13!)        x12=43bd5a3c x13=10001f3c x13:10001f38  PA:10001f38
22349894ns          381150 1c00abf6 00c7222b p.sw             x12, 4(x14!)        x14=10001fa0 x12:43bd5a3c x14:10001f9c  PA:10001f9c
22349913ns          381151 1c00abf2 0046a60b p.lw             x12, 4(x13!)        x12=43f994ea x13=10001f40 x13:10001f3c  PA:10001f3c
22349953ns          381153 1c00abf6 00c7222b p.sw             x12, 4(x14!)        x14=10001fa4 x12:43f994ea x14:10001fa0  PA:10001fa0
22349973ns          381154 1c00abf2 0046a60b p.lw             x12, 4(x13!)        x12=b62b0aa2 x13=10001f44 x13:10001f40  PA:10001f40
22350013ns          381156 1c00abf6 00c7222b p.sw             x12, 4(x14!)        x14=10001fa8 x12:b62b0aa2 x14:10001fa4  PA:10001fa4
22350033ns          381157 1c00abf2 0046a60b p.lw             x12, 4(x13!)        x12=37be1be7 x13=10001f48 x13:10001f44  PA:10001f44
22350073ns          381159 1c00abf6 00c7222b p.sw             x12, 4(x14!)        x14=10001fac x12:37be1be7 x14:10001fa8  PA:10001fa8
22350092ns          381160 1c00abf2 0046a60b p.lw             x12, 4(x13!)        x12=b6ec2dfc x13=10001f4c x13:10001f48  PA:10001f48
22350132ns          381162 1c00abf6 00c7222b p.sw             x12, 4(x14!)        x14=10001fb0 x12:b6ec2dfc x14:10001fac  PA:10001fac
22350152ns          381163 1c00abf2 0046a60b p.lw             x12, 4(x13!)        x12=43f994e8 x13=10001f50 x13:10001f4c  PA:10001f4c
22350192ns          381165 1c00abf6 00c7222b p.sw             x12, 4(x14!)        x14=10001fb4 x12:43f994e8 x14:10001fb0  PA:10001fb0
22350212ns          381166 1c00abf2 0046a60b p.lw             x12, 4(x13!)        x12=4444d6f1 x13=10001f54 x13:10001f50  PA:10001f50
22350252ns          381168 1c00abf6 00c7222b p.sw             x12, 4(x14!)        x14=10001fb8 x12:4444d6f1 x14:10001fb4  PA:10001fb4
22350271ns          381169 1c00abfa 00810793 addi             x15, x2, 8          x15=10001ed0  x2:10001ec8
22350291ns          381170 1c00abfc 00100813 addi             x16, x0, 1          x16=00000001
22350311ns          381171 1c00abfe 00100713 addi             x14, x0, 1          x14=00000001
22350689ns          381190 1c00ac00 08c10693 addi             x13, x2, 140        x13=10001f54  x2:10001ec8
22350709ns          381191 1c00ac02 00500613 addi             x12, x0, 5          x12=00000005
22350729ns          381192 1c00ac04 00100593 addi             x11, x0, 1          x11=00000001
22350749ns          381193 1c00ac06 00500513 addi             x10, x0, 5          x10=00000005
22350769ns          381194 1c00ac08 d36fd0ef jal              x1, -10954           x1=1c00ac0c
22351684ns          381240 1c00813e f9010113 addi             x2, x2, -112         x2=10001e58  x2:10001ec8
22352141ns          381263 1c008140 05b12023 sw               x27, 64(x2)         x27:xxxxxxxx  x2:10001e58  PA:10001e98
22352161ns          381264 1c008142 06812623 sw               x8, 108(x2)          x8:00000003  x2:10001e58  PA:10001ec4
22352181ns          381265 1c008144 06912423 sw               x9, 104(x2)          x9:10001ef0  x2:10001e58  PA:10001ec0
22352201ns          381266 1c008146 07212223 sw               x18, 100(x2)        x18:1c010000  x2:10001e58  PA:10001ebc
22352221ns          381267 1c008148 07312023 sw               x19, 96(x2)         x19:xxxxxxxx  x2:10001e58  PA:10001eb8
22352241ns          381268 1c00814a 05412e23 sw               x20, 92(x2)         x20:xxxxxxxx  x2:10001e58  PA:10001eb4
22352261ns          381269 1c00814c 05512c23 sw               x21, 88(x2)         x21:xxxxxxxx  x2:10001e58  PA:10001eb0
22352280ns          381270 1c00814e 05612a23 sw               x22, 84(x2)         x22:xxxxxxxx  x2:10001e58  PA:10001eac
22352658ns          381289 1c008150 05712823 sw               x23, 80(x2)         x23:xxxxxxxx  x2:10001e58  PA:10001ea8
22352678ns          381290 1c008152 05812623 sw               x24, 76(x2)         x24:xxxxxxxx  x2:10001e58  PA:10001ea4
22352698ns          381291 1c008154 05912423 sw               x25, 72(x2)         x25:xxxxxxxx  x2:10001e58  PA:10001ea0
22352718ns          381292 1c008156 05a12223 sw               x26, 68(x2)         x26:xxxxxxxx  x2:10001e58  PA:10001e9c
22352738ns          381293 1c008158 40b60db3 sub              x27, x12, x11       x27=00000004 x12:00000005 x11:00000001
22352758ns          381294 1c00815c 10c5d663 bge              x11, x12, 268       x11:00000001 x12:00000005
22353176ns          381315 1c008160 00100e13 addi             x28, x0, 1          x28=00000001
22353215ns          381317 1c008162 00160e93 addi             x29, x12, 1         x29=00000006 x12:00000005
22353235ns          381318 1c008166 00c00f33 add              x30, x0, x12        x30=00000005 x12:00000005
22353255ns          381319 1c008168 46ce4063 blt              x28, x12, 1120      x28:00000001 x12:00000005
22354150ns          381364 1c0085c8 fff60313 addi             x6, x12, -1          x6=00000004 x12:00000005
22354190ns          381366 1c0085cc 400009b7 lui              x19, 0x40000000     x19=40000000
22354628ns          381388 1c0085d0 00231493 slli             x9, x6, 0x2          x9=00000010  x6:00000004
22354667ns          381390 1c0085d4 00161893 slli             x17, x12, 0x1       x17=0000000a x12:00000005
22354687ns          381391 1c0085d8 ff598f93 addi             x31, x19, -11       x31=3ffffff5 x19:40000000
22354707ns          381392 1c0085dc 006484b3 add              x9, x9, x6           x9=00000014  x9:00000010  x6:00000004
22354727ns          381393 1c0085de 00c888b3 add              x17, x17, x12       x17=0000000f x17:0000000a x12:00000005
22355145ns          381414 1c0085e0 00e484b3 add              x9, x9, x14          x9=00000015  x9:00000014 x14:00000001
22355165ns          381415 1c0085e2 00189893 slli             x17, x17, 0x1       x17=0000001e x17:0000000f
22355185ns          381416 1c0085e4 00ef8fb3 add              x31, x31, x14       x31=3ffffff6 x31:3ffffff5 x14:00000001
22355204ns          381417 1c0085e6 011f8fb3 add              x31, x31, x17       x31=40000014 x31:3ffffff6 x17:0000001e
22355224ns          381418 1c0085e8 fff48393 addi             x7, x9, -1           x7=00000014  x9:00000015
22355244ns          381419 1c0085ec 05c5e8b3 p.max            x17, x11, x28       x17=00000001 x11:00000001 x28:00000001
22355682ns          381441 1c0085f0 002f9f93 slli             x31, x31, 0x2       x31=00000050 x31:40000014
22355702ns          381442 1c0085f2 00239393 slli             x7, x7, 0x2          x7=00000050  x7:00000014
22355722ns          381443 1c0085f4 01d00433 add              x8, x0, x29          x8=00000006 x29:00000006
22355741ns          381444 1c0085f6 ffe48493 addi             x9, x9, -2           x9=00000013  x9:00000015
22355761ns          381445 1c0085f8 00df8fb3 add              x31, x31, x13       x31=10001fa4 x31:00000050 x13:10001f54
22355781ns          381446 1c0085fa 00d383b3 add              x7, x7, x13          x7=10001fa4  x7:00000050 x13:10001f54
22355801ns          381447 1c0085fc 00261a13 slli             x20, x12, 0x2       x20=00000014 x12:00000005
22356199ns          381467 1c008600 00c00e33 add              x28, x0, x12        x28=00000005 x12:00000005
22356239ns          381469 1c008602 ffd60293 addi             x5, x12, -3          x5=00000002 x12:00000005
22356259ns          381470 1c008606 ffb98993 addi             x19, x19, -5        x19=3ffffffb x19:40000000
22356279ns          381471 1c008608 41160933 sub              x18, x12, x17       x18=00000004 x12:00000005 x17:00000001
22356298ns          381472 1c00860c 15134f63 blt              x6, x17, 350         x6:00000004 x17:00000001
22356716ns          381493 1c008610 80000337 lui              x6, 0x80000000       x6=80000000
22356756ns          381495 1c008614 fff34313 xori             x6, x6, -1           x6=7fffffff  x6:80000000
22356776ns          381496 1c008618 14688963 beq              x17, x6, 338        x17:00000001  x6:7fffffff
22356796ns          381497 1c00861c 0619407b lp.setup         0x0, x18, 0x61      x18:00000004
22357233ns          381519 1c008620 fffe0f13 addi             x30, x28, -1        x30=00000004 x28:00000005
22357273ns          381521 1c008624 00200a93 addi             x21, x0, 2          x21=00000002
22357293ns          381522 1c008626 00700333 add              x6, x0, x7           x6=10001fa4  x7:10001fa4
22357313ns          381523 1c008628 01e008b3 add              x17, x0, x30        x17=00000004 x30:00000004
22357333ns          381524 1c00862a 155e4463 blt              x28, x21, 328       x28:00000005 x21:00000002
22357750ns          381545 1c00862e 0048c0fb lp.setup         0x1, x17, 0x4       x17:00000004
22357790ns          381547 1c008632 00000e13 addi             x28, x0, 0          x28=00000000
22357810ns          381548 1c008636 01c3222b p.sw             x28, 4(x6!)          x6=10001fa8 x28:00000000  x6:10001fa4  PA:10001fa4
22357850ns          381550 1c008632 00000e13 addi             x28, x0, 0          x28=00000000
22357870ns          381551 1c008636 01c3222b p.sw             x28, 4(x6!)          x6=10001fac x28:00000000  x6:10001fa8  PA:10001fa8
22357910ns          381553 1c008632 00000e13 addi             x28, x0, 0          x28=00000000
22357929ns          381554 1c008636 01c3222b p.sw             x28, 4(x6!)          x6=10001fb0 x28:00000000  x6:10001fac  PA:10001fac
22357969ns          381556 1c008632 00000e13 addi             x28, x0, 0          x28=00000000
22357989ns          381557 1c008636 01c3222b p.sw             x28, 4(x6!)          x6=10001fb4 x28:00000000  x6:10001fb0  PA:10001fb0
22358009ns          381558 1c00863a 00800333 add              x6, x0, x8           x6=00000006  x8:00000006
22358029ns          381559 1c00863c 06864a63 blt              x12, x8, 116        x12:00000005  x8:00000006
22358924ns          381604 1c0086b0 03d54363 blt              x10, x29, 38        x10:00000005 x29:00000006
22359401ns          381628 1c0086d6 fff40413 addi             x8, x8, -1           x8=00000005  x8:00000006
22359441ns          381630 1c0086d8 ffb48493 addi             x9, x9, -5           x9=0000000e  x9:00000013
22359461ns          381631 1c0086da fe8f8f93 addi             x31, x31, -24       x31=10001f8c x31:10001fa4
22359481ns          381632 1c0086dc fec38393 addi             x7, x7, -20          x7=10001f90  x7:10001fa4
22359501ns          381633 1c0086de 01e00e33 add              x28, x0, x30        x28=00000004 x30:00000004
22359938ns          381655 1c008620 fffe0f13 addi             x30, x28, -1        x30=00000003 x28:00000004
22359958ns          381656 1c008624 00200a93 addi             x21, x0, 2          x21=00000002
22359978ns          381657 1c008626 00700333 add              x6, x0, x7           x6=10001f90  x7:10001f90
22359998ns          381658 1c008628 01e008b3 add              x17, x0, x30        x17=00000003 x30:00000003
22360018ns          381659 1c00862a 155e4463 blt              x28, x21, 328       x28:00000004 x21:00000002
22360038ns          381660 1c00862e 0048c0fb lp.setup         0x1, x17, 0x4       x17:00000003
22360058ns          381661 1c008632 00000e13 addi             x28, x0, 0          x28=00000000
22360078ns          381662 1c008636 01c3222b p.sw             x28, 4(x6!)          x6=10001f94 x28:00000000  x6:10001f90  PA:10001f90
22360117ns          381664 1c008632 00000e13 addi             x28, x0, 0          x28=00000000
22360137ns          381665 1c008636 01c3222b p.sw             x28, 4(x6!)          x6=10001f98 x28:00000000  x6:10001f94  PA:10001f94
22360177ns          381667 1c008632 00000e13 addi             x28, x0, 0          x28=00000000
22360197ns          381668 1c008636 01c3222b p.sw             x28, 4(x6!)          x6=10001f9c x28:00000000  x6:10001f98  PA:10001f98
22360217ns          381669 1c00863a 00800333 add              x6, x0, x8           x6=00000005  x8:00000005
22360237ns          381670 1c00863c 06864a63 blt              x12, x8, 116        x12:00000005  x8:00000005
22360257ns          381671 1c008640 003f0893 addi             x17, x30, 3         x17=00000006 x30:00000003
22360277ns          381672 1c008644 0458d063 bge              x17, x5, 64         x17:00000006  x5:00000002
22361192ns          381718 1c008684 00648e33 add              x28, x9, x6         x28=00000013  x9:0000000e  x6:00000005
22361231ns          381720 1c008688 013e0ab3 add              x21, x28, x19       x21=4000000e x28:00000013 x19:3ffffffb
22361251ns          381721 1c00868c 406608b3 sub              x17, x12, x6        x17=00000000 x12:00000005  x6:00000005
22361689ns          381743 1c008690 002a9a93 slli             x21, x21, 0x2       x21=00000038 x21:4000000e
22361709ns          381744 1c008692 002e1e13 slli             x28, x28, 0x2       x28=0000004c x28:00000013
22361729ns          381745 1c008694 00130313 addi             x6, x6, 1            x6=00000006  x6:00000005
22361748ns          381746 1c008696 00160b13 addi             x22, x12, 1         x22=00000006 x12:00000005
22361768ns          381747 1c00869a 00da8ab3 add              x21, x21, x13       x21=10001f8c x21:00000038 x13:10001f54
22361788ns          381748 1c00869c 00de0e33 add              x28, x28, x13       x28=10001fa0 x28:0000004c x13:10001f54
22361808ns          381749 1c00869e 00188893 addi             x17, x17, 1         x17=00000001 x17:00000000
22362206ns          381769 1c0086a0 0c6b4763 blt              x22, x6, 206        x22:00000006  x6:00000006
22362246ns          381771 1c0086a4 0048c0fb lp.setup         0x1, x17, 0x4       x17:00000001
22362266ns          381772 1c0086a8 004aa30b p.lw             x6, 4(x21!)          x6=3e916c2f x21=10001f90 x21:10001f8c  PA:10001f8c
22362305ns          381774 1c0086ac 006e222b p.sw             x6, 4(x28!)         x28=10001fa4  x6:3e916c2f x28:10001fa0  PA:10001fa0
22362325ns          381775 1c0086b0 03d54363 blt              x10, x29, 38        x10:00000005 x29:00000006
22362385ns          381778 1c0086d6 fff40413 addi             x8, x8, -1           x8=00000004  x8:00000005
22362405ns          381779 1c0086d8 ffb48493 addi             x9, x9, -5           x9=00000009  x9:0000000e
22362425ns          381780 1c0086da fe8f8f93 addi             x31, x31, -24       x31=10001f74 x31:10001f8c
22362445ns          381781 1c0086dc fec38393 addi             x7, x7, -20          x7=10001f7c  x7:10001f90
22362465ns          381782 1c0086de 01e00e33 add              x28, x0, x30        x28=00000003 x30:00000003
22362484ns          381783 1c008620 fffe0f13 addi             x30, x28, -1        x30=00000002 x28:00000003
22362504ns          381784 1c008624 00200a93 addi             x21, x0, 2          x21=00000002
22362524ns          381785 1c008626 00700333 add              x6, x0, x7           x6=10001f7c  x7:10001f7c
22362544ns          381786 1c008628 01e008b3 add              x17, x0, x30        x17=00000002 x30:00000002
22362564ns          381787 1c00862a 155e4463 blt              x28, x21, 328       x28:00000003 x21:00000002
22362584ns          381788 1c00862e 0048c0fb lp.setup         0x1, x17, 0x4       x17:00000002
22362604ns          381789 1c008632 00000e13 addi             x28, x0, 0          x28=00000000
22362624ns          381790 1c008636 01c3222b p.sw             x28, 4(x6!)          x6=10001f80 x28:00000000  x6:10001f7c  PA:10001f7c
22362663ns          381792 1c008632 00000e13 addi             x28, x0, 0          x28=00000000
22362683ns          381793 1c008636 01c3222b p.sw             x28, 4(x6!)          x6=10001f84 x28:00000000  x6:10001f80  PA:10001f80
22362703ns          381794 1c00863a 00800333 add              x6, x0, x8           x6=00000004  x8:00000004
22362723ns          381795 1c00863c 06864a63 blt              x12, x8, 116        x12:00000005  x8:00000004
22362743ns          381796 1c008640 003f0893 addi             x17, x30, 3         x17=00000005 x30:00000002
22362763ns          381797 1c008644 0458d063 bge              x17, x5, 64         x17:00000005  x5:00000002
22362823ns          381800 1c008684 00648e33 add              x28, x9, x6         x28=0000000d  x9:00000009  x6:00000004
22362842ns          381801 1c008688 013e0ab3 add              x21, x28, x19       x21=40000008 x28:0000000d x19:3ffffffb
22362862ns          381802 1c00868c 406608b3 sub              x17, x12, x6        x17=00000001 x12:00000005  x6:00000004
22362882ns          381803 1c008690 002a9a93 slli             x21, x21, 0x2       x21=00000020 x21:40000008
22362902ns          381804 1c008692 002e1e13 slli             x28, x28, 0x2       x28=00000034 x28:0000000d
22362922ns          381805 1c008694 00130313 addi             x6, x6, 1            x6=00000005  x6:00000004
22362942ns          381806 1c008696 00160b13 addi             x22, x12, 1         x22=00000006 x12:00000005
22362962ns          381807 1c00869a 00da8ab3 add              x21, x21, x13       x21=10001f74 x21:00000020 x13:10001f54
22362982ns          381808 1c00869c 00de0e33 add              x28, x28, x13       x28=10001f88 x28:00000034 x13:10001f54
22363002ns          381809 1c00869e 00188893 addi             x17, x17, 1         x17=00000002 x17:00000001
22363021ns          381810 1c0086a0 0c6b4763 blt              x22, x6, 206        x22:00000006  x6:00000005
22363041ns          381811 1c0086a4 0048c0fb lp.setup         0x1, x17, 0x4       x17:00000002
22363061ns          381812 1c0086a8 004aa30b p.lw             x6, 4(x21!)          x6=3d080d73 x21=10001f78 x21:10001f74  PA:10001f74
22363101ns          381814 1c0086ac 006e222b p.sw             x6, 4(x28!)         x28=10001f8c  x6:3d080d73 x28:10001f88  PA:10001f88
22363121ns          381815 1c0086a8 004aa30b p.lw             x6, 4(x21!)          x6=3ef39e84 x21=10001f7c x21:10001f78  PA:10001f78
22363161ns          381817 1c0086ac 006e222b p.sw             x6, 4(x28!)         x28=10001f90  x6:3ef39e84 x28:10001f8c  PA:10001f8c
22363181ns          381818 1c0086b0 03d54363 blt              x10, x29, 38        x10:00000005 x29:00000006
22363698ns          381844 1c0086d6 fff40413 addi             x8, x8, -1           x8=00000003  x8:00000004
22363718ns          381845 1c0086d8 ffb48493 addi             x9, x9, -5           x9=00000004  x9:00000009
22363738ns          381846 1c0086da fe8f8f93 addi             x31, x31, -24       x31=10001f5c x31:10001f74
22363757ns          381847 1c0086dc fec38393 addi             x7, x7, -20          x7=10001f68  x7:10001f7c
22363777ns          381848 1c0086de 01e00e33 add              x28, x0, x30        x28=00000002 x30:00000002
22363797ns          381849 1c008620 fffe0f13 addi             x30, x28, -1        x30=00000001 x28:00000002
22363817ns          381850 1c008624 00200a93 addi             x21, x0, 2          x21=00000002
22363837ns          381851 1c008626 00700333 add              x6, x0, x7           x6=10001f68  x7:10001f68
22363857ns          381852 1c008628 01e008b3 add              x17, x0, x30        x17=00000001 x30:00000001
22363877ns          381853 1c00862a 155e4463 blt              x28, x21, 328       x28:00000002 x21:00000002
22363897ns          381854 1c00862e 0048c0fb lp.setup         0x1, x17, 0x4       x17:00000001
22363917ns          381855 1c008632 00000e13 addi             x28, x0, 0          x28=00000000
22363936ns          381856 1c008636 01c3222b p.sw             x28, 4(x6!)          x6=10001f6c x28:00000000  x6:10001f68  PA:10001f68
22363956ns          381857 1c00863a 00800333 add              x6, x0, x8           x6=00000003  x8:00000003
22363976ns          381858 1c00863c 06864a63 blt              x12, x8, 116        x12:00000005  x8:00000003
22363996ns          381859 1c008640 003f0893 addi             x17, x30, 3         x17=00000004 x30:00000001
22364016ns          381860 1c008644 0458d063 bge              x17, x5, 64         x17:00000004  x5:00000002
22364076ns          381863 1c008684 00648e33 add              x28, x9, x6         x28=00000007  x9:00000004  x6:00000003
22364096ns          381864 1c008688 013e0ab3 add              x21, x28, x19       x21=40000002 x28:00000007 x19:3ffffffb
22364115ns          381865 1c00868c 406608b3 sub              x17, x12, x6        x17=00000002 x12:00000005  x6:00000003
22364135ns          381866 1c008690 002a9a93 slli             x21, x21, 0x2       x21=00000008 x21:40000002
22364155ns          381867 1c008692 002e1e13 slli             x28, x28, 0x2       x28=0000001c x28:00000007
22364175ns          381868 1c008694 00130313 addi             x6, x6, 1            x6=00000004  x6:00000003
22364195ns          381869 1c008696 00160b13 addi             x22, x12, 1         x22=00000006 x12:00000005
22364215ns          381870 1c00869a 00da8ab3 add              x21, x21, x13       x21=10001f5c x21:00000008 x13:10001f54
22364235ns          381871 1c00869c 00de0e33 add              x28, x28, x13       x28=10001f70 x28:0000001c x13:10001f54
22364255ns          381872 1c00869e 00188893 addi             x17, x17, 1         x17=00000003 x17:00000002
22364275ns          381873 1c0086a0 0c6b4763 blt              x22, x6, 206        x22:00000006  x6:00000004
22364294ns          381874 1c0086a4 0048c0fb lp.setup         0x1, x17, 0x4       x17:00000003
22364314ns          381875 1c0086a8 004aa30b p.lw             x6, 4(x21!)          x6=be8bef03 x21=10001f60 x21:10001f5c  PA:10001f5c
22364354ns          381877 1c0086ac 006e222b p.sw             x6, 4(x28!)         x28=10001f74  x6:be8bef03 x28:10001f70  PA:10001f70
22364374ns          381878 1c0086a8 004aa30b p.lw             x6, 4(x21!)          x6=bd7c5cef x21=10001f64 x21:10001f60  PA:10001f60
22364414ns          381880 1c0086ac 006e222b p.sw             x6, 4(x28!)         x28=10001f78  x6:bd7c5cef x28:10001f74  PA:10001f74
22364434ns          381881 1c0086a8 004aa30b p.lw             x6, 4(x21!)          x6=be462bf9 x21=10001f68 x21:10001f64  PA:10001f64
22364473ns          381883 1c0086ac 006e222b p.sw             x6, 4(x28!)         x28=10001f7c  x6:be462bf9 x28:10001f78  PA:10001f78
22364493ns          381884 1c0086b0 03d54363 blt              x10, x29, 38        x10:00000005 x29:00000006
22364553ns          381887 1c0086d6 fff40413 addi             x8, x8, -1           x8=00000002  x8:00000003
22364573ns          381888 1c0086d8 ffb48493 addi             x9, x9, -5           x9=ffffffff  x9:00000004
22364593ns          381889 1c0086da fe8f8f93 addi             x31, x31, -24       x31=10001f44 x31:10001f5c
22364613ns          381890 1c0086dc fec38393 addi             x7, x7, -20          x7=10001f54  x7:10001f68
22364633ns          381891 1c0086de 01e00e33 add              x28, x0, x30        x28=00000001 x30:00000001
22364653ns          381892 1c0086e0 a9e5c6e3 blt              x11, x30, -1396     x11:00000001 x30:00000001
22364672ns          381893 1c0086e4 b85ff06f jal              x0, -1148          
22365587ns          381939 1c008268 06b05763 bge              x0, x11, 110        x11:00000001
22365627ns          381941 1c00826c 00159893 slli             x17, x11, 0x1       x17=00000002 x11:00000001
22366065ns          381963 1c008270 00b888b3 add              x17, x17, x11       x17=00000003 x17:00000002 x11:00000001
22366085ns          381964 1c008272 00189893 slli             x17, x17, 0x1       x17=00000006 x17:00000003
22366105ns          381965 1c008274 fff70e93 addi             x29, x14, -1        x29=00000000 x14:00000001
22366124ns          381966 1c008278 00e888b3 add              x17, x17, x14       x17=00000007 x17:00000006 x14:00000001
22366144ns          381967 1c00827a 00289893 slli             x17, x17, 0x2       x17=0000001c x17:00000007
22366164ns          381968 1c00827c 002e9e93 slli             x29, x29, 0x2       x29=00000000 x29:00000000
22366582ns          381989 1c00827e ffc68e13 addi             x28, x13, -4        x28=10001f50 x13:10001f54
22366602ns          381990 1c008282 00de8eb3 add              x29, x29, x13       x29=10001f54 x29:00000000 x13:10001f54
22366622ns          381991 1c008284 011e0e33 add              x28, x28, x17       x28=10001f6c x28:10001f50 x17:0000001c
22366642ns          381992 1c008286 41de0e33 sub              x28, x28, x29       x28=00000018 x28:10001f6c x29:10001f54
22366661ns          381993 1c00828a fe8e0e13 addi             x28, x28, -24       x28=00000000 x28:00000018
22366681ns          381994 1c00828c 0aaab337 lui              x6, 0xaaab000        x6=0aaab000
22367099ns          382015 1c008290 003e5e13 srli             x28, x28, 0x3       x28=00000000 x28:00000000
22367139ns          382017 1c008294 aab30313 addi             x6, x6, -1365        x6=0aaaaaab  x6:0aaab000
22367159ns          382018 1c008298 1c0008b7 lui              x17, 0x1c000000     x17=1c000000
22367179ns          382019 1c00829c 026e0e33 mul              x28, x28, x6        x28=00000000 x28:00000000  x6:0aaaaaab
22367636ns          382042 1c0082a0 c5de3e33 p.bclr           x28, x28, 2, 29     x28=00000000 x28:00000000
22367676ns          382044 1c0082a4 04c8af83 lw               x31, 76(x17)        x31=3f800000 x17:1c000000  PA:1c00004c
22367974ns          382059 1c0082a8 01d00f33 add              x30, x0, x29        x30=10001f54 x29:10001f54
22367994ns          382060 1c0082aa 00251293 slli             x5, x10, 0x2         x5=00000014 x10:00000005
22368014ns          382061 1c0082ae 001e0e13 addi             x28, x28, 1         x28=00000001 x28:00000000
22368173ns          382069 1c0082b0 012e407b lp.setup         0x0, x28, 0x12      x28:00000001
22368213ns          382071 1c0082b4 00a05e63 bge              x0, x10, 28         x10:00000005
22368233ns          382072 1c0082b8 ffc28893 addi             x17, x5, -4         x17=00000010  x5:00000014
22368253ns          382073 1c0082bc 0028d893 srli             x17, x17, 0x2       x17=00000004 x17:00000010
22368690ns          382095 1c0082c0 01e00333 add              x6, x0, x30          x6=10001f54 x30:10001f54
22368710ns          382096 1c0082c2 00188893 addi             x17, x17, 1         x17=00000005 x17:00000004
22368730ns          382097 1c0082c4 0048c0fb lp.setup         0x1, x17, 0x4       x17:00000005
22368750ns          382098 1c0082c8 00000393 addi             x7, x0, 0            x7=00000000
22368770ns          382099 1c0082cc 0073222b p.sw             x7, 4(x6!)           x6=10001f58  x7:00000000  x6:10001f54  PA:10001f54
22368790ns          382100 1c0082c8 00000393 addi             x7, x0, 0            x7=00000000
22368810ns          382101 1c0082cc 0073222b p.sw             x7, 4(x6!)           x6=10001f5c  x7:00000000  x6:10001f58  PA:10001f58
22368830ns          382102 1c0082c8 00000393 addi             x7, x0, 0            x7=00000000
22368849ns          382103 1c0082cc 0073222b p.sw             x7, 4(x6!)           x6=10001f60  x7:00000000  x6:10001f5c  PA:10001f5c
22368869ns          382104 1c0082c8 00000393 addi             x7, x0, 0            x7=00000000
22368889ns          382105 1c0082cc 0073222b p.sw             x7, 4(x6!)           x6=10001f64  x7:00000000  x6:10001f60  PA:10001f60
22368909ns          382106 1c0082c8 00000393 addi             x7, x0, 0            x7=00000000
22368929ns          382107 1c0082cc 0073222b p.sw             x7, 4(x6!)           x6=10001f68  x7:00000000  x6:10001f64  PA:10001f64
22369367ns          382129 1c0082d0 01feac2b p.sw             x31, 24(x29!)       x29=10001f6c x31:3f800000 x29:10001f54  PA:10001f54
22369406ns          382131 1c0082d4 014f0f13 addi             x30, x30, 20        x30=10001f68 x30:10001f54
22369426ns          382132 1c0082d6 08a65063 bge              x12, x10, 128       x12:00000005 x10:00000005
22370401ns          382181 1c008356 13b05a63 bge              x0, x27, 308        x27:00000004
22370421ns          382182 1c00835a 00259513 slli             x10, x11, 0x2       x10=00000004 x11:00000001
22370858ns          382204 1c00835e 00bd8f33 add              x30, x27, x11       x30=00000005 x27:00000004 x11:00000001
22370898ns          382206 1c008362 fffd8e93 addi             x29, x27, -1        x29=00000003 x27:00000004
22370918ns          382207 1c008366 00e58333 add              x6, x11, x14         x6=00000002 x11:00000001 x14:00000001
22370938ns          382208 1c00836a 00b50533 add              x10, x10, x11       x10=00000005 x10:00000004 x11:00000001
22370958ns          382209 1c00836c 001f1613 slli             x12, x30, 0x1       x12=0000000a x30:00000005
22371376ns          382230 1c008370 00a30333 add              x6, x6, x10          x6=00000007  x6:00000002 x10:00000005
22371415ns          382232 1c008372 002e9e13 slli             x28, x29, 0x2       x28=0000000c x29:00000003
22371435ns          382233 1c008376 01de0e33 add              x28, x28, x29       x28=0000000f x28:0000000c x29:00000003
22371455ns          382234 1c008378 00159893 slli             x17, x11, 0x1       x17=00000002 x11:00000001
22371475ns          382235 1c00837c 01e60633 add              x12, x12, x30       x12=0000000f x12:0000000a x30:00000005
22371495ns          382236 1c00837e 01b30333 add              x6, x6, x27          x6=0000000b  x6:00000007 x27:00000004
22371893ns          382256 1c008380 01c309b3 add              x19, x6, x28        x19=0000001a  x6:0000000b x28:0000000f
22371933ns          382258 1c008384 01058533 add              x10, x11, x16       x10=00000002 x11:00000001 x16:00000001
22371952ns          382259 1c008388 00161613 slli             x12, x12, 0x1       x12=0000001e x12:0000000f
22371972ns          382260 1c00838a 011585b3 add              x11, x11, x17       x11=00000003 x11:00000001 x17:00000002
22371992ns          382261 1c00838c 002d9813 slli             x16, x27, 0x2       x16=00000010 x27:00000004
22372410ns          382282 1c008390 00299e93 slli             x29, x19, 0x2       x29=00000068 x19:0000001a
22372450ns          382284 1c008394 005e0e13 addi             x28, x28, 5         x28=00000014 x28:0000000f
22372470ns          382285 1c008396 00e60633 add              x12, x12, x14       x12=0000001f x12:0000001e x14:00000001
22372489ns          382286 1c008398 01b50533 add              x10, x10, x27       x10=00000006 x10:00000002 x27:00000004
22372509ns          382287 1c00839a 00159593 slli             x11, x11, 0x1       x11=00000006 x11:00000003
22372529ns          382288 1c00839c ff868393 addi             x7, x13, -8          x7=10001f4c x13:10001f54
22372947ns          382309 1c0083a0 01b80f33 add              x30, x16, x27       x30=00000014 x16:00000010 x27:00000004
22372987ns          382311 1c0083a4 01c30333 add              x6, x6, x28          x6=0000001f  x6:0000000b x28:00000014
22373007ns          382312 1c0083a6 00e585b3 add              x11, x11, x14       x11=00000007 x11:00000006 x14:00000001
22373027ns          382313 1c0083a8 01d00e33 add              x28, x0, x29        x28=00000068 x29:00000068
22373046ns          382314 1c0083aa 00261713 slli             x14, x12, 0x2       x14=0000007c x12:0000001f
22373066ns          382315 1c0083ae ffd50513 addi             x10, x10, -3        x10=00000003 x10:00000006
22373464ns          382335 1c0083b0 1c0008b7 lui              x17, 0x1c000000     x17=1c000000
22373504ns          382337 1c0083b4 41038433 sub              x8, x7, x16          x8=10001f3c  x7:10001f4c x16:00000010
22373524ns          382338 1c0083b8 01e585b3 add              x11, x11, x30       x11=0000001b x11:00000007 x30:00000014
22373544ns          382339 1c0083ba ffce0813 addi             x16, x28, -4        x16=00000064 x28:00000068
22373564ns          382340 1c0083be 00d70733 add              x14, x14, x13       x14=10001fd0 x14:0000007c x13:10001f54
22373981ns          382361 1c0083c0 00231f93 slli             x31, x6, 0x2        x31=0000007c  x6:0000001f
22374021ns          382363 1c0083c4 ff8e8e93 addi             x29, x29, -8        x29=00000060 x29:00000068
22374041ns          382364 1c0083c6 00251513 slli             x10, x10, 0x2       x10=0000000c x10:00000003
22374061ns          382365 1c0083c8 04c8ad03 lw               x26, 76(x17)        x26=3f800000 x17:1c000000  PA:1c00004c
22374498ns          382387 1c0083cc 00de8eb3 add              x29, x29, x13       x29=10001fb4 x29:00000060 x13:10001f54
22374518ns          382388 1c0083ce 00f50533 add              x10, x10, x15       x10=10001edc x10:0000000c x15:10001ed0
22374538ns          382389 1c0083d0 01f68b33 add              x22, x13, x31       x22=10001fd0 x13:10001f54 x31:0000007c
22374558ns          382390 1c0083d4 fe868793 addi             x15, x13, -24       x15=10001f3c x13:10001f54
22374578ns          382391 1c0083d8 00d80833 add              x16, x16, x13       x16=10001fb8 x16:00000064 x13:10001f54
22374598ns          382392 1c0083da 00000893 addi             x17, x0, 0          x17=00000000
22374618ns          382393 1c0083dc ffa58593 addi             x11, x11, -6        x11=00000015 x11:0000001b
22374638ns          382394 1c0083de fe470713 addi             x14, x14, -28       x14=10001fb4 x14:10001fd0
22375016ns          382413 1c0083e0 fe068693 addi             x13, x13, -32       x13=10001f34 x13:10001f54
22375035ns          382414 1c0083e2 01c40433 add              x8, x8, x28          x8=10001fa4  x8:10001f3c x28:00000068
22375055ns          382415 1c0083e4 00712a23 sw               x7, 20(x2)           x7:10001f4c  x2:10001e58  PA:10001e6c
22375075ns          382416 1c0083e6 02012623 sw               x0, 44(x2)           x2:10001e58  PA:10001e84
22375095ns          382417 1c0083e8 02012823 sw               x0, 48(x2)           x2:10001e58  PA:10001e88
22375115ns          382418 1c0083ea 02012a23 sw               x0, 52(x2)           x2:10001e58  PA:10001e8c
22375135ns          382419 1c0083ec 02012c23 sw               x0, 56(x2)           x2:10001e58  PA:10001e90
22375155ns          382420 1c0083ee 02012e23 sw               x0, 60(x2)           x2:10001e58  PA:10001e94
22375533ns          382439 1c0083f0 01b00f33 add              x30, x0, x27        x30=00000004 x27:00000004
22375553ns          382440 1c0083f2 fff98993 addi             x19, x19, -1        x19=00000019 x19:0000001a
22375573ns          382441 1c0083f4 00000613 addi             x12, x0, 0          x12=00000000
22375592ns          382442 1c0083f8 00f12423 sw               x15, 8(x2)          x15:10001f3c  x2:10001e58  PA:10001e60
22375612ns          382443 1c0083fa 00b12623 sw               x11, 12(x2)         x11:00000015  x2:10001e58  PA:10001e64
22375632ns          382444 1c0083fc 00e12823 sw               x14, 16(x2)         x14:10001fb4  x2:10001e58  PA:10001e68
22375652ns          382445 1c0083fe 00d12223 sw               x13, 4(x2)          x13:10001f34  x2:10001e58  PA:10001e5c
22376050ns          382465 1c008400 01100e33 add              x28, x0, x17        x28=00000000 x17:00000000
22376090ns          382467 1c008402 ffa30493 addi             x9, x6, -6           x9=00000019  x6:0000001f
22376110ns          382468 1c008406 2fbf5063 bge              x30, x27, 736       x30:00000004 x27:00000004
22377044ns          382515 1c0086e6 00052683 lw               x13, 0(x10)         x13=00000000 x10:10001edc  PA:10001edc
22377084ns          382517 1c0086e8 001e0913 addi             x18, x28, 1         x18=00000001 x28:00000000
22377104ns          382518 1c0086ec d53ff06f jal              x0, -686           
22378079ns          382567 1c00843e 1c0003b7 lui              x7, 0x1c000000       x7=1c000000
22378119ns          382569 1c008442 04c38393 addi             x7, x7, 76           x7=1c00004c  x7:1c000000
22378138ns          382570 1c008446 0003a383 lw               x7, 0(x7)            x7=3f800000  x7:1c00004c  PA:1c00004c
22378457ns          382586 1c00844a 08d3f6d3 fsub.s           f13, f7, f13        f13=xxxxxxxx  f7:3f800000 f13:00000000
22378596ns          382593 1c00844e 00dea023 sw               x13, 0(x29)         x13:3f800000 x29:10001fb4  PA:10001fb4
22378636ns          382595 1c008452 021f2063 p.beqimm         x30, 32             x30:00000004
22378656ns          382596 1c008456 00412583 lw               x11, 4(x2)          x11=10001f34  x2:10001e58  PA:10001e5c
22378695ns          382598 1c008458 01f58733 add              x14, x11, x31       x14=10001fb0 x11:10001f34 x31:0000007c
22378715ns          382599 1c00845c 408707b3 sub              x15, x14, x8        x15=0000000c x14:10001fb0  x8:10001fa4
22379113ns          382619 1c008460 ffc78793 addi             x15, x15, -4        x15=00000008 x15:0000000c
22379133ns          382620 1c008462 0027d793 srli             x15, x15, 0x2       x15=00000002 x15:00000008
22379153ns          382621 1c008464 00178793 addi             x15, x15, 1         x15=00000003 x15:00000002
22379173ns          382622 1c008466 0047c0fb lp.setup         0x1, x15, 0x4       x15:00000003
22379193ns          382623 1c00846a 00000693 addi             x13, x0, 0          x13=00000000
22379650ns          382646 1c00846e fed72e2b p.sw             x13, -4(x14!)       x14=10001fac x13:00000000 x14:10001fb0  PA:10001fb0
22379710ns          382649 1c00846a 00000693 addi             x13, x0, 0          x13=00000000
22379730ns          382650 1c00846e fed72e2b p.sw             x13, -4(x14!)       x14=10001fa8 x13:00000000 x14:10001fac  PA:10001fac
22379769ns          382652 1c00846a 00000693 addi             x13, x0, 0          x13=00000000
22379789ns          382653 1c00846e fed72e2b p.sw             x13, -4(x14!)       x14=10001fa4 x13:00000000 x14:10001fa8  PA:10001fa8
22379809ns          382654 1c008472 ffff0f13 addi             x30, x30, -1        x30=00000003 x30:00000004
22379829ns          382655 1c008474 01200e33 add              x28, x0, x18        x28=00000001 x18:00000001
22379849ns          382656 1c008476 fe8e8e93 addi             x29, x29, -24       x29=10001f9c x29:10001fb4
22379869ns          382657 1c008478 fec40413 addi             x8, x8, -20          x8=10001f90  x8:10001fa4
22379889ns          382658 1c00847a ffc50513 addi             x10, x10, -4        x10=10001ed8 x10:10001edc
22379909ns          382659 1c00847c 00900333 add              x6, x0, x9           x6=00000019  x9:00000019
22379929ns          382660 1c00847e ffb98993 addi             x19, x19, -5        x19=00000014 x19:00000019
22380287ns          382678 1c008480 fecb0b13 addi             x22, x22, -20       x22=10001fbc x22:10001fd0
22380307ns          382679 1c008482 fec80813 addi             x16, x16, -20       x16=10001fa4 x16:10001fb8
22380326ns          382680 1c008484 fe8f8f93 addi             x31, x31, -24       x31=00000064 x31:0000007c
22380346ns          382681 1c008486 f60f1ee3 bne              x30, x0, -132       x30:00000003
22380863ns          382707 1c008402 ffa30493 addi             x9, x6, -6           x9=00000013  x6:00000019
22380883ns          382708 1c008406 2fbf5063 bge              x30, x27, 736       x30:00000003 x27:00000004
22380903ns          382709 1c00840a 01aea023 sw               x26, 0(x29)         x26:3f800000 x29:10001f9c  PA:10001f9c
22380923ns          382710 1c00840e 00052683 lw               x13, 0(x10)         x13=3fece3bc x10:10001ed8  PA:10001ed8
22380963ns          382712 1c008410 001e0913 addi             x18, x28, 1         x18=00000002 x28:00000001
22381003ns          382714 1c008414 a0c6a7d3 feq.s            x15, f13, f12       x15=00000000 f13:3fece3bc f12:00000000
22381023ns          382715 1c008418 08078763 beq              x15, x0, 142        x15:00000000
22382017ns          382765 1c0084a6 fe4b2583 lw               x11, -28(x22)       x11=3e916c2f x22:10001fbc  PA:10001fa0
22382037ns          382766 1c0084aa 01c007b3 add              x15, x0, x28        x15=00000001 x28:00000001
22382057ns          382767 1c0084ac a0c5a5d3 feq.s            x11, f11, f12       x11=00000000 f11:3e916c2f f12:00000000
22382475ns          382788 1c0084b0 01200733 add              x14, x0, x18        x14=00000002 x18:00000002
22382495ns          382789 1c0084b2 00058b63 beq              x11, x0, 22         x11:00000000
22382972ns          382813 1c0084c8 f40e09e3 beq              x28, x0, -174       x28:00000001
22383012ns          382815 1c0084cc 00c12283 lw               x5, 12(x2)           x5=00000015  x2:10001e58  PA:10001e64
22383032ns          382816 1c0084ce 01012583 lw               x11, 16(x2)         x11=10001fb4  x2:10001e58  PA:10001e68
22383449ns          382837 1c0084d0 002e1a13 slli             x20, x28, 0x2       x20=00000004 x28:00000001
22383489ns          382839 1c0084d4 01e283b3 add              x7, x5, x30          x7=00000018  x5:00000015 x30:00000003
22383509ns          382840 1c0084d8 41458a33 sub              x20, x11, x20       x20=10001fb0 x11:10001fb4 x20:00000004
22383529ns          382841 1c0084dc 074e40fb lp.setup         0x1, x28, 0x74      x28:00000001
22383966ns          382863 1c0084e0 007702b3 add              x5, x14, x7          x5=0000001a x14:00000002  x7:00000018
22384006ns          382865 1c0084e4 fff78b93 addi             x23, x15, -1        x23=00000000 x15:00000001
22384026ns          382866 1c0084e8 007005b3 add              x11, x0, x7         x11=00000018  x7:00000018
22384046ns          382867 1c0084ea 0c53db63 bge              x7, x5, 214          x7:00000018  x5:0000001a
22384484ns          382889 1c0084ee 000a2883 lw               x17, 0(x20)         x17=00000000 x20:10001fb0  PA:10001fb0
22384523ns          382891 1c0084f2 a0c8a8d3 feq.s            x17, f17, f12       x17=00000001 f17:00000000 f12:00000000
22384543ns          382892 1c0084f6 00088d63 beq              x17, x0, 26         x17:00000001
22384563ns          382893 1c0084fa 004a0a93 addi             x21, x20, 4         x21=10001fb4 x20:10001fb0
22384583ns          382894 1c0084fe 00158593 addi             x11, x11, 1         x11=00000019 x11:00000018
22385021ns          382916 1c008500 0c558063 beq              x11, x5, 192        x11:00000019  x5:0000001a
22385060ns          382918 1c008504 004aa88b p.lw             x17, 4(x21!)        x17=3f800000 x21=10001fb8 x21:10001fb4  PA:10001fb4
22385100ns          382920 1c008508 a0c8a8d3 feq.s            x17, f17, f12       x17=00000000 f17:3f800000 f12:00000000
22385120ns          382921 1c00850c fe0899e3 bne              x17, x0, -14        x17:00000000
22385538ns          382942 1c008510 f00705e3 beq              x14, x0, -246       x14:00000002
22385558ns          382943 1c008512 f00784e3 beq              x15, x0, -248       x15:00000001
22385578ns          382944 1c008514 02012623 sw               x0, 44(x2)           x2:10001e58  PA:10001e84
22385597ns          382945 1c008516 2017a763 p.beqimm         x15, 526            x15:00000001
22386552ns          382993 1c008724 002b9c13 slli             x24, x23, 0x2       x24=00000000 x23:00000000
22386592ns          382995 1c008728 017c0c33 add              x24, x24, x23       x24=00000000 x24:00000000 x23:00000000
22386612ns          382996 1c00872a 009c0c33 add              x24, x24, x9        x24=00000013 x24:00000000  x9:00000013
22386632ns          382997 1c00872c 20d696d3 fsgnjn.s         f13, f13, f13       f13=xxxxxxxx f13:3fece3bc f13:3fece3bc
22387049ns          383018 1c008730 005c0c13 addi             x24, x24, 5         x24=00000018 x24:00000013
22387089ns          383020 1c008732 fff30a13 addi             x20, x6, -1         x20=00000018  x6:00000019
22387109ns          383021 1c008736 00d12e23 sw               x13, 28(x2)         x13:bfece3bc  x2:10001e58  PA:10001e74
22387129ns          383022 1c008738 ffe30893 addi             x17, x6, -2         x17=00000017  x6:00000019
22387149ns          383023 1c00873c e14c57e3 bge              x24, x20, -498      x24:00000018 x20:00000018
22388064ns          383069 1c00854a 01412e03 lw               x28, 20(x2)         x28=10001f4c  x2:10001e58  PA:10001e6c
22388104ns          383071 1c00854c 02c10a93 addi             x21, x2, 44         x21=10001e84  x2:10001e58
22388541ns          383093 1c008550 01fe0e33 add              x28, x28, x31       x28=10001fb0 x28:10001f4c x31:00000064
22388561ns          383094 1c008552 01c12c23 sw               x28, 24(x2)         x28:10001fb0  x2:10001e58  PA:10001e70
22388581ns          383095 1c008554 01c00bb3 add              x23, x0, x28        x23=10001fb0 x28:10001fb0
22388601ns          383096 1c008556 00271c93 slli             x25, x14, 0x2       x25=00000008 x14:00000002
22388621ns          383097 1c00855a 00ea06b3 add              x13, x20, x14       x13=0000001a x20:00000018 x14:00000002
22389078ns          383120 1c00855e 1cda5063 bge              x20, x13, 448       x20:00000018 x13:0000001a
22389118ns          383122 1c008562 ffcc8693 addi             x13, x25, -4        x13=00000004 x25:00000008
22389138ns          383123 1c008566 0026d693 srli             x13, x13, 0x2       x13=00000001 x13:00000004
22389158ns          383124 1c008568 01d00e33 add              x28, x0, x29        x28=10001f9c x29:10001f9c
22389178ns          383125 1c00856a 01700333 add              x6, x0, x23          x6=10001fb0 x23:10001fb0
22389198ns          383126 1c00856c 00000593 addi             x11, x0, 0          x11=00000000
22389596ns          383146 1c008570 00168693 addi             x13, x13, 1         x13=00000002 x13:00000001
22389635ns          383148 1c008572 0066c0fb lp.setup         0x1, x13, 0x6       x13:00000002
22389655ns          383149 1c008576 0043238b p.lw             x7, 4(x6!)           x7=00000000  x6=10001fb4  x6:10001fb0  PA:10001fb0
22389675ns          383150 1c00857a 004e228b p.lw             x5, 4(x28!)          x5=3f800000 x28=10001fa0 x28:10001f9c  PA:10001f9c
22390113ns          383172 1c00857e 5853f5c3 fmadd.s          f11, f7, f5, f11    f11=xxxxxxxx  f7:00000000  f5:3f800000 f11:00000000
22390172ns          383175 1c008576 0043238b p.lw             x7, 4(x6!)           x7=3f800000  x6=10001fb8  x6:10001fb4  PA:10001fb4
22390192ns          383176 1c00857a 004e228b p.lw             x5, 4(x28!)          x5=3e916c2f x28=10001fa4 x28:10001fa0  PA:10001fa0
22390232ns          383178 1c00857e 5853f5c3 fmadd.s          f11, f7, f5, f11    f11=xxxxxxxx  f7:3f800000  f5:3e916c2f f11:00000000
22390252ns          383179 1c008582 000aa683 lw               x13, 0(x21)         x13=00000000 x21:10001e84  PA:10001e84
22390272ns          383180 1c008586 005a0a13 addi             x20, x20, 5         x20=0000001d x20:00000018
22390292ns          383181 1c008588 00b6f5d3 fadd.s           f11, f13, f11       f11=xxxxxxxx f13:00000000 f11:3e916c2f
22390312ns          383182 1c00858c 014b8b93 addi             x23, x23, 20        x23=10001fc4 x23:10001fb0
22390709ns          383202 1c00858e 00baa22b p.sw             x11, 4(x21!)        x21=10001e88 x11:3e916c2f x21:10001e84  PA:10001e84
22390749ns          383204 1c008592 fd4c54e3 bge              x24, x20, -56       x24:00000018 x20:0000001d
22390769ns          383205 1c008596 00178593 addi             x11, x15, 1         x11=00000002 x15:00000001
22390789ns          383206 1c00859a 00200693 addi             x13, x0, 2          x13=00000002
22390809ns          383207 1c00859c 02c10a93 addi             x21, x2, 44         x21=10001e84  x2:10001e58
22391227ns          383228 1c0085a0 01812a03 lw               x20, 24(x2)         x20=10001fb0  x2:10001e58  PA:10001e70
22391266ns          383230 1c0085a2 1ad5cb63 blt              x11, x13, 438       x11:00000002 x13:00000002
22391286ns          383231 1c0085a6 01c12b83 lw               x23, 28(x2)         x23=bfece3bc  x2:10001e58  PA:10001e74
22391306ns          383232 1c0085a8 0097c07b lp.setup         0x0, x15, 0x9       x15:00000001
22391326ns          383233 1c0085ac 004aa28b p.lw             x5, 4(x21!)          x5=3e916c2f x21=10001e88 x21:10001e84  PA:10001e84
22391764ns          383255 1c0085b0 a0c2a6d3 feq.s            x13, f5, f12        x13=00000000  f5:3e916c2f f12:00000000
22391803ns          383257 1c0085b4 12068d63 beq              x13, x0, 314        x13:00000000
22391943ns          383264 1c0086ee 00e886b3 add              x13, x17, x14       x13=00000019 x17:00000017 x14:00000002
22391963ns          383265 1c0086f2 105bf2d3 fmul.s           f5, f23, f5          f5=xxxxxxxx f23:bfece3bc  f5:3e916c2f
22391982ns          383266 1c0086f6 ecd8d1e3 bge              x17, x13, -318      x17:00000017 x13:00000019
22392002ns          383267 1c0086fa ffcc8313 addi             x6, x25, -4          x6=00000004 x25:00000008
22392460ns          383290 1c0086fe 00235313 srli             x6, x6, 0x2          x6=00000001  x6:00000004
22392480ns          383291 1c008702 01d003b3 add              x7, x0, x29          x7=10001f9c x29:10001f9c
22392500ns          383292 1c008704 01400e33 add              x28, x0, x20        x28=10001fb0 x20:10001fb0
22392519ns          383293 1c008706 00130313 addi             x6, x6, 1            x6=00000002  x6:00000001
22392539ns          383294 1c008708 008340fb lp.setup         0x1, x6, 0x8         x6:00000002
22392559ns          383295 1c00870c 000e2583 lw               x11, 0(x28)         x11=00000000 x28:10001fb0  PA:10001fb0
22392997ns          383317 1c008710 0043a68b p.lw             x13, 4(x7!)         x13=3f800000  x7=10001fa0  x7:10001f9c  PA:10001f9c
22393037ns          383319 1c008714 58d2f6c3 fmadd.s          f13, f5, f13, f11   f13=xxxxxxxx  f5:bf069119 f13:3f800000 f11:00000000
22393057ns          383320 1c008718 00de222b p.sw             x13, 4(x28!)        x28=10001fb4 x13:bf069119 x28:10001fb0  PA:10001fb0
22393076ns          383321 1c00870c 000e2583 lw               x11, 0(x28)         x11=3f800000 x28:10001fb4  PA:10001fb4
22393096ns          383322 1c008710 0043a68b p.lw             x13, 4(x7!)         x13=3e916c2f  x7=10001fa4  x7:10001fa0  PA:10001fa0
22393136ns          383324 1c008714 58d2f6c3 fmadd.s          f13, f5, f13, f11   f13=xxxxxxxx  f5:bf069119 f13:3e916c2f f11:3f800000
22393156ns          383325 1c008718 00de222b p.sw             x13, 4(x28!)        x28=10001fb8 x13:3f59c779 x28:10001fb4  PA:10001fb4
22393196ns          383327 1c00871c e9dff06f jal              x0, -356           
22393216ns          383328 1c0085b8 00588893 addi             x17, x17, 5         x17=0000001c x17:00000017
22393236ns          383329 1c0085ba 014a0a13 addi             x20, x20, 20        x20=10001fc4 x20:10001fb0
22393255ns          383330 1c0085bc 00052683 lw               x13, 0(x10)         x13=3fece3bc x10:10001ed8  PA:10001ed8
22393295ns          383332 1c0085be e5dff06f jal              x0, -420           
22393434ns          383339 1c00841a 0334d263 bge              x9, x19, 36          x9:00000013 x19:00000014
22393454ns          383340 1c00841e 00812283 lw               x5, 8(x2)            x5=10001f3c  x2:10001e58  PA:10001e60
22393494ns          383342 1c008420 00d007b3 add              x15, x0, x13        x15=3fece3bc x13:3fece3bc
22393534ns          383344 1c008422 01f28733 add              x14, x5, x31        x14=10001fa0  x5:10001f3c x31:00000064
22393554ns          383345 1c008426 0040006f jal              x0, 4              
22393594ns          383347 1c00842a 00072683 lw               x13, 0(x14)         x13=3e916c2f x14:10001fa0  PA:10001fa0
22393613ns          383348 1c00842c 20f797d3 fsgnjn.s         f15, f15, f15       f15=xxxxxxxx f15:3fece3bc f15:3fece3bc
22393673ns          383351 1c008430 10d7f7d3 fmul.s           f15, f15, f13       f15=xxxxxxxx f15:bfece3bc f13:3e916c2f
22393713ns          383353 1c008434 00f7222b p.sw             x15, 4(x14!)        x14=10001fa4 x15:bf069119 x14:10001fa0  PA:10001fa0
22393733ns          383354 1c008438 ff0718e3 bne              x14, x16, -16       x14:10001fa4 x16:10001fa4
22393753ns          383355 1c00843c 00052683 lw               x13, 0(x10)         x13=3fece3bc x10:10001ed8  PA:10001ed8
22393812ns          383358 1c00843e 1c0003b7 lui              x7, 0x1c000000       x7=1c000000
22393852ns          383360 1c008442 04c38393 addi             x7, x7, 76           x7=1c00004c  x7:1c000000
22393872ns          383361 1c008446 0003a383 lw               x7, 0(x7)            x7=3f800000  x7:1c00004c  PA:1c00004c
22394250ns          383380 1c00844a 08d3f6d3 fsub.s           f13, f7, f13        f13=xxxxxxxx  f7:3f800000 f13:3fece3bc
22394270ns          383381 1c00844e 00dea023 sw               x13, 0(x29)         x13:bf59c778 x29:10001f9c  PA:10001f9c
22394310ns          383383 1c008452 021f2063 p.beqimm         x30, 32             x30:00000003
22394330ns          383384 1c008456 00412583 lw               x11, 4(x2)          x11=10001f34  x2:10001e58  PA:10001e5c
22394369ns          383386 1c008458 01f58733 add              x14, x11, x31       x14=10001f98 x11:10001f34 x31:00000064
22394389ns          383387 1c00845c 408707b3 sub              x15, x14, x8        x15=00000008 x14:10001f98  x8:10001f90
22394409ns          383388 1c008460 ffc78793 addi             x15, x15, -4        x15=00000004 x15:00000008
22394429ns          383389 1c008462 0027d793 srli             x15, x15, 0x2       x15=00000001 x15:00000004
22394449ns          383390 1c008464 00178793 addi             x15, x15, 1         x15=00000002 x15:00000001
22394469ns          383391 1c008466 0047c0fb lp.setup         0x1, x15, 0x4       x15:00000002
22394489ns          383392 1c00846a 00000693 addi             x13, x0, 0          x13=00000000
22394528ns          383394 1c00846e fed72e2b p.sw             x13, -4(x14!)       x14=10001f94 x13:00000000 x14:10001f98  PA:10001f98
22394588ns          383397 1c00846a 00000693 addi             x13, x0, 0          x13=00000000
22394608ns          383398 1c00846e fed72e2b p.sw             x13, -4(x14!)       x14=10001f90 x13:00000000 x14:10001f94  PA:10001f94
22394628ns          383399 1c008472 ffff0f13 addi             x30, x30, -1        x30=00000002 x30:00000003
22394648ns          383400 1c008474 01200e33 add              x28, x0, x18        x28=00000002 x18:00000002
22394668ns          383401 1c008476 fe8e8e93 addi             x29, x29, -24       x29=10001f84 x29:10001f9c
22394688ns          383402 1c008478 fec40413 addi             x8, x8, -20          x8=10001f7c  x8:10001f90
22394707ns          383403 1c00847a ffc50513 addi             x10, x10, -4        x10=10001ed4 x10:10001ed8
22394727ns          383404 1c00847c 00900333 add              x6, x0, x9           x6=00000013  x9:00000013
22394747ns          383405 1c00847e ffb98993 addi             x19, x19, -5        x19=0000000f x19:00000014
22394767ns          383406 1c008480 fecb0b13 addi             x22, x22, -20       x22=10001fa8 x22:10001fbc
22394787ns          383407 1c008482 fec80813 addi             x16, x16, -20       x16=10001f90 x16:10001fa4
22394807ns          383408 1c008484 fe8f8f93 addi             x31, x31, -24       x31=0000004c x31:00000064
22394827ns          383409 1c008486 f60f1ee3 bne              x30, x0, -132       x30:00000002
22394986ns          383417 1c008402 ffa30493 addi             x9, x6, -6           x9=0000000d  x6:00000013
22395006ns          383418 1c008406 2fbf5063 bge              x30, x27, 736       x30:00000002 x27:00000004
22395026ns          383419 1c00840a 01aea023 sw               x26, 0(x29)         x26:3f800000 x29:10001f84  PA:10001f84
22395046ns          383420 1c00840e 00052683 lw               x13, 0(x10)         x13=3fd08d85 x10:10001ed4  PA:10001ed4
22395065ns          383421 1c008410 001e0913 addi             x18, x28, 1         x18=00000003 x28:00000002
22395085ns          383422 1c008414 a0c6a7d3 feq.s            x15, f13, f12       x15=00000000 f13:3fd08d85 f12:00000000
22395105ns          383423 1c008418 08078763 beq              x15, x0, 142        x15:00000000
22395244ns          383430 1c0084a6 fe4b2583 lw               x11, -28(x22)       x11=3ef39e84 x22:10001fa8  PA:10001f8c
22395264ns          383431 1c0084aa 01c007b3 add              x15, x0, x28        x15=00000002 x28:00000002
22395284ns          383432 1c0084ac a0c5a5d3 feq.s            x11, f11, f12       x11=00000000 f11:3ef39e84 f12:00000000
22395304ns          383433 1c0084b0 01200733 add              x14, x0, x18        x14=00000003 x18:00000003
22395324ns          383434 1c0084b2 00058b63 beq              x11, x0, 22         x11:00000000
22395443ns          383440 1c0084c8 f40e09e3 beq              x28, x0, -174       x28:00000002
22395463ns          383441 1c0084cc 00c12283 lw               x5, 12(x2)           x5=00000015  x2:10001e58  PA:10001e64
22395483ns          383442 1c0084ce 01012583 lw               x11, 16(x2)         x11=10001fb4  x2:10001e58  PA:10001e68
22395503ns          383443 1c0084d0 002e1a13 slli             x20, x28, 0x2       x20=00000008 x28:00000002
22395523ns          383444 1c0084d4 01e283b3 add              x7, x5, x30          x7=00000017  x5:00000015 x30:00000002
22395543ns          383445 1c0084d8 41458a33 sub              x20, x11, x20       x20=10001fac x11:10001fb4 x20:00000008
22395563ns          383446 1c0084dc 074e40fb lp.setup         0x1, x28, 0x74      x28:00000002
22395583ns          383447 1c0084e0 007702b3 add              x5, x14, x7          x5=0000001a x14:00000003  x7:00000017
22395603ns          383448 1c0084e4 fff78b93 addi             x23, x15, -1        x23=00000001 x15:00000002
22395622ns          383449 1c0084e8 007005b3 add              x11, x0, x7         x11=00000017  x7:00000017
22395642ns          383450 1c0084ea 0c53db63 bge              x7, x5, 214          x7:00000017  x5:0000001a
22395662ns          383451 1c0084ee 000a2883 lw               x17, 0(x20)         x17=00000000 x20:10001fac  PA:10001fac
22395702ns          383453 1c0084f2 a0c8a8d3 feq.s            x17, f17, f12       x17=00000001 f17:00000000 f12:00000000
22395722ns          383454 1c0084f6 00088d63 beq              x17, x0, 26         x17:00000001
22395742ns          383455 1c0084fa 004a0a93 addi             x21, x20, 4         x21=10001fb0 x20:10001fac
22395762ns          383456 1c0084fe 00158593 addi             x11, x11, 1         x11=00000018 x11:00000017
22395782ns          383457 1c008500 0c558063 beq              x11, x5, 192        x11:00000018  x5:0000001a
22395801ns          383458 1c008504 004aa88b p.lw             x17, 4(x21!)        x17=bf069119 x21=10001fb4 x21:10001fb0  PA:10001fb0
22395841ns          383460 1c008508 a0c8a8d3 feq.s            x17, f17, f12       x17=00000000 f17:bf069119 f12:00000000
22395861ns          383461 1c00850c fe0899e3 bne              x17, x0, -14        x17:00000000
22395881ns          383462 1c008510 f00705e3 beq              x14, x0, -246       x14:00000003
22395901ns          383463 1c008512 f00784e3 beq              x15, x0, -248       x15:00000002
22395921ns          383464 1c008514 02012623 sw               x0, 44(x2)           x2:10001e58  PA:10001e84
22395941ns          383465 1c008516 2017a763 p.beqimm         x15, 526            x15:00000002
22395961ns          383466 1c00851a 02012823 sw               x0, 48(x2)           x2:10001e58  PA:10001e88
22395980ns          383467 1c00851c 2027a463 p.beqimm         x15, 520            x15:00000002
22396040ns          383470 1c008724 002b9c13 slli             x24, x23, 0x2       x24=00000004 x23:00000001
22396060ns          383471 1c008728 017c0c33 add              x24, x24, x23       x24=00000005 x24:00000004 x23:00000001
22396080ns          383472 1c00872a 009c0c33 add              x24, x24, x9        x24=00000012 x24:00000005  x9:0000000d
22396100ns          383473 1c00872c 20d696d3 fsgnjn.s         f13, f13, f13       f13=xxxxxxxx f13:3fd08d85 f13:3fd08d85
22396120ns          383474 1c008730 005c0c13 addi             x24, x24, 5         x24=00000017 x24:00000012
22396140ns          383475 1c008732 fff30a13 addi             x20, x6, -1         x20=00000012  x6:00000013
22396159ns          383476 1c008736 00d12e23 sw               x13, 28(x2)         x13:bfd08d85  x2:10001e58  PA:10001e74
22396179ns          383477 1c008738 ffe30893 addi             x17, x6, -2         x17=00000011  x6:00000013
22396199ns          383478 1c00873c e14c57e3 bge              x24, x20, -498      x24:00000017 x20:00000012
22396259ns          383481 1c00854a 01412e03 lw               x28, 20(x2)         x28=10001f4c  x2:10001e58  PA:10001e6c
22396279ns          383482 1c00854c 02c10a93 addi             x21, x2, 44         x21=10001e84  x2:10001e58
22396299ns          383483 1c008550 01fe0e33 add              x28, x28, x31       x28=10001f98 x28:10001f4c x31:0000004c
22396319ns          383484 1c008552 01c12c23 sw               x28, 24(x2)         x28:10001f98  x2:10001e58  PA:10001e70
22396338ns          383485 1c008554 01c00bb3 add              x23, x0, x28        x23=10001f98 x28:10001f98
22396358ns          383486 1c008556 00271c93 slli             x25, x14, 0x2       x25=0000000c x14:00000003
22396378ns          383487 1c00855a 00ea06b3 add              x13, x20, x14       x13=00000015 x20:00000012 x14:00000003
22396418ns          383489 1c00855e 1cda5063 bge              x20, x13, 448       x20:00000012 x13:00000015
22396458ns          383491 1c008562 ffcc8693 addi             x13, x25, -4        x13=00000008 x25:0000000c
22396478ns          383492 1c008566 0026d693 srli             x13, x13, 0x2       x13=00000002 x13:00000008
22396498ns          383493 1c008568 01d00e33 add              x28, x0, x29        x28=10001f84 x29:10001f84
22396517ns          383494 1c00856a 01700333 add              x6, x0, x23          x6=10001f98 x23:10001f98
22396537ns          383495 1c00856c 00000593 addi             x11, x0, 0          x11=00000000
22396557ns          383496 1c008570 00168693 addi             x13, x13, 1         x13=00000003 x13:00000002
22396577ns          383497 1c008572 0066c0fb lp.setup         0x1, x13, 0x6       x13:00000003
22396597ns          383498 1c008576 0043238b p.lw             x7, 4(x6!)           x7=00000000  x6=10001f9c  x6:10001f98  PA:10001f98
22396617ns          383499 1c00857a 004e228b p.lw             x5, 4(x28!)          x5=3f800000 x28=10001f88 x28:10001f84  PA:10001f84
22396657ns          383501 1c00857e 5853f5c3 fmadd.s          f11, f7, f5, f11    f11=xxxxxxxx  f7:00000000  f5:3f800000 f11:00000000
22396677ns          383502 1c008576 0043238b p.lw             x7, 4(x6!)           x7=bf59c778  x6=10001fa0  x6:10001f9c  PA:10001f9c
22396697ns          383503 1c00857a 004e228b p.lw             x5, 4(x28!)          x5=3d080d73 x28=10001f8c x28:10001f88  PA:10001f88
22396736ns          383505 1c00857e 5853f5c3 fmadd.s          f11, f7, f5, f11    f11=xxxxxxxx  f7:bf59c778  f5:3d080d73 f11:00000000
22396756ns          383506 1c008576 0043238b p.lw             x7, 4(x6!)           x7=bf069119  x6=10001fa4  x6:10001fa0  PA:10001fa0
22396776ns          383507 1c00857a 004e228b p.lw             x5, 4(x28!)          x5=3ef39e84 x28=10001f90 x28:10001f8c  PA:10001f8c
22396816ns          383509 1c00857e 5853f5c3 fmadd.s          f11, f7, f5, f11    f11=xxxxxxxx  f7:bf069119  f5:3ef39e84 f11:bce77ad1
22396836ns          383510 1c008582 000aa683 lw               x13, 0(x21)         x13=00000000 x21:10001e84  PA:10001e84
22396856ns          383511 1c008586 005a0a13 addi             x20, x20, 5         x20=00000017 x20:00000012
22396876ns          383512 1c008588 00b6f5d3 fadd.s           f11, f13, f11       f11=xxxxxxxx f13:00000000 f11:be8e86bb
22396895ns          383513 1c00858c 014b8b93 addi             x23, x23, 20        x23=10001fac x23:10001f98
22396915ns          383514 1c00858e 00baa22b p.sw             x11, 4(x21!)        x21=10001e88 x11:be8e86bb x21:10001e84  PA:10001e84
22396955ns          383516 1c008592 fd4c54e3 bge              x24, x20, -56       x24:00000017 x20:00000017
22397035ns          383520 1c00855a 00ea06b3 add              x13, x20, x14       x13=0000001a x20:00000017 x14:00000003
22397055ns          383521 1c00855e 1cda5063 bge              x20, x13, 448       x20:00000017 x13:0000001a
22397074ns          383522 1c008562 ffcc8693 addi             x13, x25, -4        x13=00000008 x25:0000000c
22397094ns          383523 1c008566 0026d693 srli             x13, x13, 0x2       x13=00000002 x13:00000008
22397114ns          383524 1c008568 01d00e33 add              x28, x0, x29        x28=10001f84 x29:10001f84
22397134ns          383525 1c00856a 01700333 add              x6, x0, x23          x6=10001fac x23:10001fac
22397154ns          383526 1c00856c 00000593 addi             x11, x0, 0          x11=00000000
22397174ns          383527 1c008570 00168693 addi             x13, x13, 1         x13=00000003 x13:00000002
22397194ns          383528 1c008572 0066c0fb lp.setup         0x1, x13, 0x6       x13:00000003
22397214ns          383529 1c008576 0043238b p.lw             x7, 4(x6!)           x7=00000000  x6=10001fb0  x6:10001fac  PA:10001fac
22397234ns          383530 1c00857a 004e228b p.lw             x5, 4(x28!)          x5=3f800000 x28=10001f88 x28:10001f84  PA:10001f84
22397273ns          383532 1c00857e 5853f5c3 fmadd.s          f11, f7, f5, f11    f11=xxxxxxxx  f7:00000000  f5:3f800000 f11:00000000
22397293ns          383533 1c008576 0043238b p.lw             x7, 4(x6!)           x7=bf069119  x6=10001fb4  x6:10001fb0  PA:10001fb0
22397313ns          383534 1c00857a 004e228b p.lw             x5, 4(x28!)          x5=3d080d73 x28=10001f8c x28:10001f88  PA:10001f88
22397353ns          383536 1c00857e 5853f5c3 fmadd.s          f11, f7, f5, f11    f11=xxxxxxxx  f7:bf069119  f5:3d080d73 f11:00000000
22397373ns          383537 1c008576 0043238b p.lw             x7, 4(x6!)           x7=3f59c779  x6=10001fb8  x6:10001fb4  PA:10001fb4
22397393ns          383538 1c00857a 004e228b p.lw             x5, 4(x28!)          x5=3ef39e84 x28=10001f90 x28:10001f8c  PA:10001f8c
22397432ns          383540 1c00857e 5853f5c3 fmadd.s          f11, f7, f5, f11    f11=xxxxxxxx  f7:3f59c779  f5:3ef39e84 f11:bc8f084e
22397452ns          383541 1c008582 000aa683 lw               x13, 0(x21)         x13=00000000 x21:10001e88  PA:10001e88
22397472ns          383542 1c008586 005a0a13 addi             x20, x20, 5         x20=0000001c x20:00000017
22397492ns          383543 1c008588 00b6f5d3 fadd.s           f11, f13, f11       f11=xxxxxxxx f13:00000000 f11:3ec64eac
22397512ns          383544 1c00858c 014b8b93 addi             x23, x23, 20        x23=10001fc0 x23:10001fac
22397532ns          383545 1c00858e 00baa22b p.sw             x11, 4(x21!)        x21=10001e8c x11:3ec64eac x21:10001e88  PA:10001e88
22397552ns          383546 1c008592 fd4c54e3 bge              x24, x20, -56       x24:00000017 x20:0000001c
22397572ns          383547 1c008596 00178593 addi             x11, x15, 1         x11=00000003 x15:00000002
22397592ns          383548 1c00859a 00200693 addi             x13, x0, 2          x13=00000002
22397611ns          383549 1c00859c 02c10a93 addi             x21, x2, 44         x21=10001e84  x2:10001e58
22397631ns          383550 1c0085a0 01812a03 lw               x20, 24(x2)         x20=10001f98  x2:10001e58  PA:10001e70
22397651ns          383551 1c0085a2 1ad5cb63 blt              x11, x13, 438       x11:00000003 x13:00000002
22397671ns          383552 1c0085a6 01c12b83 lw               x23, 28(x2)         x23=bfd08d85  x2:10001e58  PA:10001e74
22397691ns          383553 1c0085a8 0097c07b lp.setup         0x0, x15, 0x9       x15:00000002
22397711ns          383554 1c0085ac 004aa28b p.lw             x5, 4(x21!)          x5=be8e86bb x21=10001e88 x21:10001e84  PA:10001e84
22397751ns          383556 1c0085b0 a0c2a6d3 feq.s            x13, f5, f12        x13=00000000  f5:be8e86bb f12:00000000
22397771ns          383557 1c0085b4 12068d63 beq              x13, x0, 314        x13:00000000
22397930ns          383565 1c0086ee 00e886b3 add              x13, x17, x14       x13=00000014 x17:00000011 x14:00000003
22397950ns          383566 1c0086f2 105bf2d3 fmul.s           f5, f23, f5          f5=xxxxxxxx f23:bfd08d85  f5:be8e86bb
22397970ns          383567 1c0086f6 ecd8d1e3 bge              x17, x13, -318      x17:00000011 x13:00000014
22397989ns          383568 1c0086fa ffcc8313 addi             x6, x25, -4          x6=00000008 x25:0000000c
22398009ns          383569 1c0086fe 00235313 srli             x6, x6, 0x2          x6=00000002  x6:00000008
22398029ns          383570 1c008702 01d003b3 add              x7, x0, x29          x7=10001f84 x29:10001f84
22398049ns          383571 1c008704 01400e33 add              x28, x0, x20        x28=10001f98 x20:10001f98
22398069ns          383572 1c008706 00130313 addi             x6, x6, 1            x6=00000003  x6:00000002
22398089ns          383573 1c008708 008340fb lp.setup         0x1, x6, 0x8         x6:00000003
22398109ns          383574 1c00870c 000e2583 lw               x11, 0(x28)         x11=00000000 x28:10001f98  PA:10001f98
22398129ns          383575 1c008710 0043a68b p.lw             x13, 4(x7!)         x13=3f800000  x7=10001f88  x7:10001f84  PA:10001f84
22398168ns          383577 1c008714 58d2f6c3 fmadd.s          f13, f5, f13, f11   f13=xxxxxxxx  f5:3ee83884 f13:3f800000 f11:00000000
22398188ns          383578 1c008718 00de222b p.sw             x13, 4(x28!)        x28=10001f9c x13:3ee83884 x28:10001f98  PA:10001f98
22398208ns          383579 1c00870c 000e2583 lw               x11, 0(x28)         x11=bf59c778 x28:10001f9c  PA:10001f9c
22398228ns          383580 1c008710 0043a68b p.lw             x13, 4(x7!)         x13=3d080d73  x7=10001f8c  x7:10001f88  PA:10001f88
22398268ns          383582 1c008714 58d2f6c3 fmadd.s          f13, f5, f13, f11   f13=xxxxxxxx  f5:3ee83884 f13:3d080d73 f11:bf59c778
22398288ns          383583 1c008718 00de222b p.sw             x13, 4(x28!)        x28=10001fa0 x13:bf55ec26 x28:10001f9c  PA:10001f9c
22398308ns          383584 1c00870c 000e2583 lw               x11, 0(x28)         x11=bf069119 x28:10001fa0  PA:10001fa0
22398328ns          383585 1c008710 0043a68b p.lw             x13, 4(x7!)         x13=3ef39e84  x7=10001f90  x7:10001f8c  PA:10001f8c
22398367ns          383587 1c008714 58d2f6c3 fmadd.s          f13, f5, f13, f11   f13=xxxxxxxx  f5:3ee83884 f13:3ef39e84 f11:bf069119
22398387ns          383588 1c008718 00de222b p.sw             x13, 4(x28!)        x28=10001fa4 x13:be9ea37a x28:10001fa0  PA:10001fa0
22398407ns          383589 1c00871c e9dff06f jal              x0, -356           
22398447ns          383591 1c0085b8 00588893 addi             x17, x17, 5         x17=00000016 x17:00000011
22398467ns          383592 1c0085ba 014a0a13 addi             x20, x20, 20        x20=10001fac x20:10001f98
22398487ns          383593 1c0085ac 004aa28b p.lw             x5, 4(x21!)          x5=3ec64eac x21=10001e8c x21:10001e88  PA:10001e88
22398526ns          383595 1c0085b0 a0c2a6d3 feq.s            x13, f5, f12        x13=00000000  f5:3ec64eac f12:00000000
22398546ns          383596 1c0085b4 12068d63 beq              x13, x0, 314        x13:00000000
22398626ns          383600 1c0086ee 00e886b3 add              x13, x17, x14       x13=00000019 x17:00000016 x14:00000003
22398646ns          383601 1c0086f2 105bf2d3 fmul.s           f5, f23, f5          f5=xxxxxxxx f23:bfd08d85  f5:3ec64eac
22398666ns          383602 1c0086f6 ecd8d1e3 bge              x17, x13, -318      x17:00000016 x13:00000019
22398686ns          383603 1c0086fa ffcc8313 addi             x6, x25, -4          x6=00000008 x25:0000000c
22398705ns          383604 1c0086fe 00235313 srli             x6, x6, 0x2          x6=00000002  x6:00000008
22398725ns          383605 1c008702 01d003b3 add              x7, x0, x29          x7=10001f84 x29:10001f84
22398745ns          383606 1c008704 01400e33 add              x28, x0, x20        x28=10001fac x20:10001fac
22398765ns          383607 1c008706 00130313 addi             x6, x6, 1            x6=00000003  x6:00000002
22398785ns          383608 1c008708 008340fb lp.setup         0x1, x6, 0x8         x6:00000003
22398805ns          383609 1c00870c 000e2583 lw               x11, 0(x28)         x11=00000000 x28:10001fac  PA:10001fac
22398825ns          383610 1c008710 0043a68b p.lw             x13, 4(x7!)         x13=3f800000  x7=10001f88  x7:10001f84  PA:10001f84
22398865ns          383612 1c008714 58d2f6c3 fmadd.s          f13, f5, f13, f11   f13=xxxxxxxx  f5:bf218d8c f13:3f800000 f11:00000000
22398884ns          383613 1c008718 00de222b p.sw             x13, 4(x28!)        x28=10001fb0 x13:bf218d8c x28:10001fac  PA:10001fac
22398904ns          383614 1c00870c 000e2583 lw               x11, 0(x28)         x11=bf069119 x28:10001fb0  PA:10001fb0
22398924ns          383615 1c008710 0043a68b p.lw             x13, 4(x7!)         x13=3d080d73  x7=10001f8c  x7:10001f88  PA:10001f88
22398964ns          383617 1c008714 58d2f6c3 fmadd.s          f13, f5, f13, f11   f13=xxxxxxxx  f5:bf218d8c f13:3d080d73 f11:bf069119
22398984ns          383618 1c008718 00de222b p.sw             x13, 4(x28!)        x28=10001fb4 x13:bf0beed4 x28:10001fb0  PA:10001fb0
22399004ns          383619 1c00870c 000e2583 lw               x11, 0(x28)         x11=3f59c779 x28:10001fb4  PA:10001fb4
22399024ns          383620 1c008710 0043a68b p.lw             x13, 4(x7!)         x13=3ef39e84  x7=10001f90  x7:10001f8c  PA:10001f8c
22399064ns          383622 1c008714 58d2f6c3 fmadd.s          f13, f5, f13, f11   f13=xxxxxxxx  f5:bf218d8c f13:3ef39e84 f11:3f59c779
22399083ns          383623 1c008718 00de222b p.sw             x13, 4(x28!)        x28=10001fb8 x13:3f0ce8c7 x28:10001fb4  PA:10001fb4
22399103ns          383624 1c00871c e9dff06f jal              x0, -356           
22399143ns          383626 1c0085b8 00588893 addi             x17, x17, 5         x17=0000001b x17:00000016
22399163ns          383627 1c0085ba 014a0a13 addi             x20, x20, 20        x20=10001fc0 x20:10001fac
22399183ns          383628 1c0085bc 00052683 lw               x13, 0(x10)         x13=3fd08d85 x10:10001ed4  PA:10001ed4
22399203ns          383629 1c0085be e5dff06f jal              x0, -420           
22399262ns          383632 1c00841a 0334d263 bge              x9, x19, 36          x9:0000000d x19:0000000f
22399282ns          383633 1c00841e 00812283 lw               x5, 8(x2)            x5=10001f3c  x2:10001e58  PA:10001e60
22399302ns          383634 1c008420 00d007b3 add              x15, x0, x13        x15=3fd08d85 x13:3fd08d85
22399322ns          383635 1c008422 01f28733 add              x14, x5, x31        x14=10001f88  x5:10001f3c x31:0000004c
22399342ns          383636 1c008426 0040006f jal              x0, 4              
22399382ns          383638 1c00842a 00072683 lw               x13, 0(x14)         x13=3d080d73 x14:10001f88  PA:10001f88
22399422ns          383640 1c00842c 20f797d3 fsgnjn.s         f15, f15, f15       f15=xxxxxxxx f15:3fd08d85 f15:3fd08d85
22399441ns          383641 1c008430 10d7f7d3 fmul.s           f15, f15, f13       f15=xxxxxxxx f15:bfd08d85 f13:3d080d73
22399461ns          383642 1c008434 00f7222b p.sw             x15, 4(x14!)        x14=10001f8c x15:bd5dac47 x14:10001f88  PA:10001f88
22399481ns          383643 1c008438 ff0718e3 bne              x14, x16, -16       x14:10001f8c x16:10001f90
22399541ns          383646 1c008428 00052783 lw               x15, 0(x10)         x15=3fd08d85 x10:10001ed4  PA:10001ed4
22399561ns          383647 1c00842a 00072683 lw               x13, 0(x14)         x13=3ef39e84 x14:10001f8c  PA:10001f8c
22399581ns          383648 1c00842c 20f797d3 fsgnjn.s         f15, f15, f15       f15=xxxxxxxx f15:3fd08d85 f15:3fd08d85
22399601ns          383649 1c008430 10d7f7d3 fmul.s           f15, f15, f13       f15=xxxxxxxx f15:bfd08d85 f13:3ef39e84
22399620ns          383650 1c008434 00f7222b p.sw             x15, 4(x14!)        x14=10001f90 x15:bf467778 x14:10001f8c  PA:10001f8c
22399640ns          383651 1c008438 ff0718e3 bne              x14, x16, -16       x14:10001f90 x16:10001f90
22399660ns          383652 1c00843c 00052683 lw               x13, 0(x10)         x13=3fd08d85 x10:10001ed4  PA:10001ed4
22399680ns          383653 1c00843e 1c0003b7 lui              x7, 0x1c000000       x7=1c000000
22399700ns          383654 1c008442 04c38393 addi             x7, x7, 76           x7=1c00004c  x7:1c000000
22399720ns          383655 1c008446 0003a383 lw               x7, 0(x7)            x7=3f800000  x7:1c00004c  PA:1c00004c
22400038ns          383671 1c00844a 08d3f6d3 fsub.s           f13, f7, f13        f13=xxxxxxxx  f7:3f800000 f13:3fd08d85
22400058ns          383672 1c00844e 00dea023 sw               x13, 0(x29)         x13:bf211b0a x29:10001f84  PA:10001f84
22400078ns          383673 1c008452 021f2063 p.beqimm         x30, 32             x30:00000002
22400098ns          383674 1c008456 00412583 lw               x11, 4(x2)          x11=10001f34  x2:10001e58  PA:10001e5c
22400138ns          383676 1c008458 01f58733 add              x14, x11, x31       x14=10001f80 x11:10001f34 x31:0000004c
22400158ns          383677 1c00845c 408707b3 sub              x15, x14, x8        x15=00000004 x14:10001f80  x8:10001f7c
22400177ns          383678 1c008460 ffc78793 addi             x15, x15, -4        x15=00000000 x15:00000004
22400197ns          383679 1c008462 0027d793 srli             x15, x15, 0x2       x15=00000000 x15:00000000
22400217ns          383680 1c008464 00178793 addi             x15, x15, 1         x15=00000001 x15:00000000
22400237ns          383681 1c008466 0047c0fb lp.setup         0x1, x15, 0x4       x15:00000001
22400257ns          383682 1c00846a 00000693 addi             x13, x0, 0          x13=00000000
22400277ns          383683 1c00846e fed72e2b p.sw             x13, -4(x14!)       x14=10001f7c x13:00000000 x14:10001f80  PA:10001f80
22400297ns          383684 1c008472 ffff0f13 addi             x30, x30, -1        x30=00000001 x30:00000002
22400317ns          383685 1c008474 01200e33 add              x28, x0, x18        x28=00000003 x18:00000003
22400337ns          383686 1c008476 fe8e8e93 addi             x29, x29, -24       x29=10001f6c x29:10001f84
22400356ns          383687 1c008478 fec40413 addi             x8, x8, -20          x8=10001f68  x8:10001f7c
22400376ns          383688 1c00847a ffc50513 addi             x10, x10, -4        x10=10001ed0 x10:10001ed4
22400396ns          383689 1c00847c 00900333 add              x6, x0, x9           x6=0000000d  x9:0000000d
22400416ns          383690 1c00847e ffb98993 addi             x19, x19, -5        x19=0000000a x19:0000000f
22400436ns          383691 1c008480 fecb0b13 addi             x22, x22, -20       x22=10001f94 x22:10001fa8
22400456ns          383692 1c008482 fec80813 addi             x16, x16, -20       x16=10001f7c x16:10001f90
22400476ns          383693 1c008484 fe8f8f93 addi             x31, x31, -24       x31=00000034 x31:0000004c
22400496ns          383694 1c008486 f60f1ee3 bne              x30, x0, -132       x30:00000001
22400655ns          383702 1c008402 ffa30493 addi             x9, x6, -6           x9=00000007  x6:0000000d
22400675ns          383703 1c008406 2fbf5063 bge              x30, x27, 736       x30:00000001 x27:00000004
22400695ns          383704 1c00840a 01aea023 sw               x26, 0(x29)         x26:3f800000 x29:10001f6c  PA:10001f6c
22400714ns          383705 1c00840e 00052683 lw               x13, 0(x10)         x13=3fe566dc x10:10001ed0  PA:10001ed0
22400734ns          383706 1c008410 001e0913 addi             x18, x28, 1         x18=00000004 x28:00000003
22400754ns          383707 1c008414 a0c6a7d3 feq.s            x15, f13, f12       x15=00000000 f13:3fe566dc f12:00000000
22400774ns          383708 1c008418 08078763 beq              x15, x0, 142        x15:00000000
22400913ns          383715 1c0084a6 fe4b2583 lw               x11, -28(x22)       x11=be462bf9 x22:10001f94  PA:10001f78
22400933ns          383716 1c0084aa 01c007b3 add              x15, x0, x28        x15=00000003 x28:00000003
22400953ns          383717 1c0084ac a0c5a5d3 feq.s            x11, f11, f12       x11=00000000 f11:be462bf9 f12:00000000
22400973ns          383718 1c0084b0 01200733 add              x14, x0, x18        x14=00000004 x18:00000004
22400993ns          383719 1c0084b2 00058b63 beq              x11, x0, 22         x11:00000000
22401112ns          383725 1c0084c8 f40e09e3 beq              x28, x0, -174       x28:00000003
22401132ns          383726 1c0084cc 00c12283 lw               x5, 12(x2)           x5=00000015  x2:10001e58  PA:10001e64
22401152ns          383727 1c0084ce 01012583 lw               x11, 16(x2)         x11=10001fb4  x2:10001e58  PA:10001e68
22401172ns          383728 1c0084d0 002e1a13 slli             x20, x28, 0x2       x20=0000000c x28:00000003
22401192ns          383729 1c0084d4 01e283b3 add              x7, x5, x30          x7=00000016  x5:00000015 x30:00000001
22401212ns          383730 1c0084d8 41458a33 sub              x20, x11, x20       x20=10001fa8 x11:10001fb4 x20:0000000c
22401232ns          383731 1c0084dc 074e40fb lp.setup         0x1, x28, 0x74      x28:00000003
22401251ns          383732 1c0084e0 007702b3 add              x5, x14, x7          x5=0000001a x14:00000004  x7:00000016
22401271ns          383733 1c0084e4 fff78b93 addi             x23, x15, -1        x23=00000002 x15:00000003
22401291ns          383734 1c0084e8 007005b3 add              x11, x0, x7         x11=00000016  x7:00000016
22401311ns          383735 1c0084ea 0c53db63 bge              x7, x5, 214          x7:00000016  x5:0000001a
22401331ns          383736 1c0084ee 000a2883 lw               x17, 0(x20)         x17=00000000 x20:10001fa8  PA:10001fa8
22401371ns          383738 1c0084f2 a0c8a8d3 feq.s            x17, f17, f12       x17=00000001 f17:00000000 f12:00000000
22401391ns          383739 1c0084f6 00088d63 beq              x17, x0, 26         x17:00000001
22401411ns          383740 1c0084fa 004a0a93 addi             x21, x20, 4         x21=10001fac x20:10001fa8
22401431ns          383741 1c0084fe 00158593 addi             x11, x11, 1         x11=00000017 x11:00000016
22401450ns          383742 1c008500 0c558063 beq              x11, x5, 192        x11:00000017  x5:0000001a
22401470ns          383743 1c008504 004aa88b p.lw             x17, 4(x21!)        x17=bf218d8c x21=10001fb0 x21:10001fac  PA:10001fac
22401510ns          383745 1c008508 a0c8a8d3 feq.s            x17, f17, f12       x17=00000000 f17:bf218d8c f12:00000000
22401530ns          383746 1c00850c fe0899e3 bne              x17, x0, -14        x17:00000000
22401550ns          383747 1c008510 f00705e3 beq              x14, x0, -246       x14:00000004
22401570ns          383748 1c008512 f00784e3 beq              x15, x0, -248       x15:00000003
22401590ns          383749 1c008514 02012623 sw               x0, 44(x2)           x2:10001e58  PA:10001e84
22401610ns          383750 1c008516 2017a763 p.beqimm         x15, 526            x15:00000003
22401629ns          383751 1c00851a 02012823 sw               x0, 48(x2)           x2:10001e58  PA:10001e88
22401649ns          383752 1c00851c 2027a463 p.beqimm         x15, 520            x15:00000003
22401669ns          383753 1c008520 02012a23 sw               x0, 52(x2)           x2:10001e58  PA:10001e8c
22401689ns          383754 1c008522 2037a163 p.beqimm         x15, 514            x15:00000003
22402166ns          383778 1c008724 002b9c13 slli             x24, x23, 0x2       x24=00000008 x23:00000002
22402186ns          383779 1c008728 017c0c33 add              x24, x24, x23       x24=0000000a x24:00000008 x23:00000002
22402206ns          383780 1c00872a 009c0c33 add              x24, x24, x9        x24=00000011 x24:0000000a  x9:00000007
22402226ns          383781 1c00872c 20d696d3 fsgnjn.s         f13, f13, f13       f13=xxxxxxxx f13:3fe566dc f13:3fe566dc
22402246ns          383782 1c008730 005c0c13 addi             x24, x24, 5         x24=00000016 x24:00000011
22402266ns          383783 1c008732 fff30a13 addi             x20, x6, -1         x20=0000000c  x6:0000000d
22402286ns          383784 1c008736 00d12e23 sw               x13, 28(x2)         x13:bfe566dc  x2:10001e58  PA:10001e74
22402306ns          383785 1c008738 ffe30893 addi             x17, x6, -2         x17=0000000b  x6:0000000d
22402326ns          383786 1c00873c e14c57e3 bge              x24, x20, -498      x24:00000016 x20:0000000c
22402385ns          383789 1c00854a 01412e03 lw               x28, 20(x2)         x28=10001f4c  x2:10001e58  PA:10001e6c
22402425ns          383791 1c00854c 02c10a93 addi             x21, x2, 44         x21=10001e84  x2:10001e58
22402445ns          383792 1c008550 01fe0e33 add              x28, x28, x31       x28=10001f80 x28:10001f4c x31:00000034
22402465ns          383793 1c008552 01c12c23 sw               x28, 24(x2)         x28:10001f80  x2:10001e58  PA:10001e70
22402485ns          383794 1c008554 01c00bb3 add              x23, x0, x28        x23=10001f80 x28:10001f80
22402505ns          383795 1c008556 00271c93 slli             x25, x14, 0x2       x25=00000010 x14:00000004
22402525ns          383796 1c00855a 00ea06b3 add              x13, x20, x14       x13=00000010 x20:0000000c x14:00000004
22402544ns          383797 1c00855e 1cda5063 bge              x20, x13, 448       x20:0000000c x13:00000010
22402564ns          383798 1c008562 ffcc8693 addi             x13, x25, -4        x13=0000000c x25:00000010
22402584ns          383799 1c008566 0026d693 srli             x13, x13, 0x2       x13=00000003 x13:0000000c
22402604ns          383800 1c008568 01d00e33 add              x28, x0, x29        x28=10001f6c x29:10001f6c
22402624ns          383801 1c00856a 01700333 add              x6, x0, x23          x6=10001f80 x23:10001f80
22402644ns          383802 1c00856c 00000593 addi             x11, x0, 0          x11=00000000
22402664ns          383803 1c008570 00168693 addi             x13, x13, 1         x13=00000004 x13:00000003
22402684ns          383804 1c008572 0066c0fb lp.setup         0x1, x13, 0x6       x13:00000004
22402704ns          383805 1c008576 0043238b p.lw             x7, 4(x6!)           x7=00000000  x6=10001f84  x6:10001f80  PA:10001f80
22402723ns          383806 1c00857a 004e228b p.lw             x5, 4(x28!)          x5=3f800000 x28=10001f70 x28:10001f6c  PA:10001f6c
22402783ns          383809 1c00857e 5853f5c3 fmadd.s          f11, f7, f5, f11    f11=xxxxxxxx  f7:00000000  f5:3f800000 f11:00000000
22402843ns          383812 1c008576 0043238b p.lw             x7, 4(x6!)           x7=bf211b0a  x6=10001f88  x6:10001f84  PA:10001f84
22402863ns          383813 1c00857a 004e228b p.lw             x5, 4(x28!)          x5=be8bef03 x28=10001f74 x28:10001f70  PA:10001f70
22402902ns          383815 1c00857e 5853f5c3 fmadd.s          f11, f7, f5, f11    f11=xxxxxxxx  f7:bf211b0a  f5:be8bef03 f11:00000000
22402922ns          383816 1c008576 0043238b p.lw             x7, 4(x6!)           x7=bd5dac47  x6=10001f8c  x6:10001f88  PA:10001f88
22402942ns          383817 1c00857a 004e228b p.lw             x5, 4(x28!)          x5=bd7c5cef x28=10001f78 x28:10001f74  PA:10001f74
22402982ns          383819 1c00857e 5853f5c3 fmadd.s          f11, f7, f5, f11    f11=xxxxxxxx  f7:bd5dac47  f5:bd7c5cef f11:3e302031
22403002ns          383820 1c008576 0043238b p.lw             x7, 4(x6!)           x7=bf467778  x6=10001f90  x6:10001f8c  PA:10001f8c
22403022ns          383821 1c00857a 004e228b p.lw             x5, 4(x28!)          x5=be462bf9 x28=10001f7c x28:10001f78  PA:10001f78
22403062ns          383823 1c00857e 5853f5c3 fmadd.s          f11, f7, f5, f11    f11=xxxxxxxx  f7:bf467778  f5:be462bf9 f11:3e338a49
22403081ns          383824 1c008582 000aa683 lw               x13, 0(x21)         x13=00000000 x21:10001e84  PA:10001e84
22403101ns          383825 1c008586 005a0a13 addi             x20, x20, 5         x20=00000011 x20:0000000c
22403121ns          383826 1c008588 00b6f5d3 fadd.s           f11, f13, f11       f11=xxxxxxxx f13:00000000 f11:3ea69663
22403141ns          383827 1c00858c 014b8b93 addi             x23, x23, 20        x23=10001f94 x23:10001f80
22403161ns          383828 1c00858e 00baa22b p.sw             x11, 4(x21!)        x21=10001e88 x11:3ea69663 x21:10001e84  PA:10001e84
22403221ns          383831 1c008592 fd4c54e3 bge              x24, x20, -56       x24:00000016 x20:00000011
22403300ns          383835 1c00855a 00ea06b3 add              x13, x20, x14       x13=00000015 x20:00000011 x14:00000004
22403320ns          383836 1c00855e 1cda5063 bge              x20, x13, 448       x20:00000011 x13:00000015
22403340ns          383837 1c008562 ffcc8693 addi             x13, x25, -4        x13=0000000c x25:00000010
22403360ns          383838 1c008566 0026d693 srli             x13, x13, 0x2       x13=00000003 x13:0000000c
22403380ns          383839 1c008568 01d00e33 add              x28, x0, x29        x28=10001f6c x29:10001f6c
22403400ns          383840 1c00856a 01700333 add              x6, x0, x23          x6=10001f94 x23:10001f94
22403420ns          383841 1c00856c 00000593 addi             x11, x0, 0          x11=00000000
22403439ns          383842 1c008570 00168693 addi             x13, x13, 1         x13=00000004 x13:00000003
22403459ns          383843 1c008572 0066c0fb lp.setup         0x1, x13, 0x6       x13:00000004
22403479ns          383844 1c008576 0043238b p.lw             x7, 4(x6!)           x7=00000000  x6=10001f98  x6:10001f94  PA:10001f94
22403499ns          383845 1c00857a 004e228b p.lw             x5, 4(x28!)          x5=3f800000 x28=10001f70 x28:10001f6c  PA:10001f6c
22403539ns          383847 1c00857e 5853f5c3 fmadd.s          f11, f7, f5, f11    f11=xxxxxxxx  f7:00000000  f5:3f800000 f11:00000000
22403559ns          383848 1c008576 0043238b p.lw             x7, 4(x6!)           x7=3ee83884  x6=10001f9c  x6:10001f98  PA:10001f98
22403579ns          383849 1c00857a 004e228b p.lw             x5, 4(x28!)          x5=be8bef03 x28=10001f74 x28:10001f70  PA:10001f70
22403618ns          383851 1c00857e 5853f5c3 fmadd.s          f11, f7, f5, f11    f11=xxxxxxxx  f7:3ee83884  f5:be8bef03 f11:00000000
22403638ns          383852 1c008576 0043238b p.lw             x7, 4(x6!)           x7=bf55ec26  x6=10001fa0  x6:10001f9c  PA:10001f9c
22403658ns          383853 1c00857a 004e228b p.lw             x5, 4(x28!)          x5=bd7c5cef x28=10001f78 x28:10001f74  PA:10001f74
22403698ns          383855 1c00857e 5853f5c3 fmadd.s          f11, f7, f5, f11    f11=xxxxxxxx  f7:bf55ec26  f5:bd7c5cef f11:bdfddefe
22403718ns          383856 1c008576 0043238b p.lw             x7, 4(x6!)           x7=be9ea37a  x6=10001fa4  x6:10001fa0  PA:10001fa0
22403738ns          383857 1c00857a 004e228b p.lw             x5, 4(x28!)          x5=be462bf9 x28=10001f7c x28:10001f78  PA:10001f78
22403778ns          383859 1c00857e 5853f5c3 fmadd.s          f11, f7, f5, f11    f11=xxxxxxxx  f7:be9ea37a  f5:be462bf9 f11:bd946def
22403798ns          383860 1c008582 000aa683 lw               x13, 0(x21)         x13=00000000 x21:10001e88  PA:10001e88
22403817ns          383861 1c008586 005a0a13 addi             x20, x20, 5         x20=00000016 x20:00000011
22403837ns          383862 1c008588 00b6f5d3 fadd.s           f11, f13, f11       f11=xxxxxxxx f13:00000000 f11:bc4d01f7
22403857ns          383863 1c00858c 014b8b93 addi             x23, x23, 20        x23=10001fa8 x23:10001f94
22403877ns          383864 1c00858e 00baa22b p.sw             x11, 4(x21!)        x21=10001e8c x11:bc4d01f7 x21:10001e88  PA:10001e88
22403897ns          383865 1c008592 fd4c54e3 bge              x24, x20, -56       x24:00000016 x20:00000016
22403977ns          383869 1c00855a 00ea06b3 add              x13, x20, x14       x13=0000001a x20:00000016 x14:00000004
22403996ns          383870 1c00855e 1cda5063 bge              x20, x13, 448       x20:00000016 x13:0000001a
22404016ns          383871 1c008562 ffcc8693 addi             x13, x25, -4        x13=0000000c x25:00000010
22404036ns          383872 1c008566 0026d693 srli             x13, x13, 0x2       x13=00000003 x13:0000000c
22404056ns          383873 1c008568 01d00e33 add              x28, x0, x29        x28=10001f6c x29:10001f6c
22404076ns          383874 1c00856a 01700333 add              x6, x0, x23          x6=10001fa8 x23:10001fa8
22404096ns          383875 1c00856c 00000593 addi             x11, x0, 0          x11=00000000
22404116ns          383876 1c008570 00168693 addi             x13, x13, 1         x13=00000004 x13:00000003
22404136ns          383877 1c008572 0066c0fb lp.setup         0x1, x13, 0x6       x13:00000004
22404156ns          383878 1c008576 0043238b p.lw             x7, 4(x6!)           x7=00000000  x6=10001fac  x6:10001fa8  PA:10001fa8
22404175ns          383879 1c00857a 004e228b p.lw             x5, 4(x28!)          x5=3f800000 x28=10001f70 x28:10001f6c  PA:10001f6c
22404215ns          383881 1c00857e 5853f5c3 fmadd.s          f11, f7, f5, f11    f11=xxxxxxxx  f7:00000000  f5:3f800000 f11:00000000
22404235ns          383882 1c008576 0043238b p.lw             x7, 4(x6!)           x7=bf218d8c  x6=10001fb0  x6:10001fac  PA:10001fac
22404255ns          383883 1c00857a 004e228b p.lw             x5, 4(x28!)          x5=be8bef03 x28=10001f74 x28:10001f70  PA:10001f70
22404315ns          383886 1c00857e 5853f5c3 fmadd.s          f11, f7, f5, f11    f11=xxxxxxxx  f7:bf218d8c  f5:be8bef03 f11:00000000
22404335ns          383887 1c008576 0043238b p.lw             x7, 4(x6!)           x7=bf0beed4  x6=10001fb4  x6:10001fb0  PA:10001fb0
22404354ns          383888 1c00857a 004e228b p.lw             x5, 4(x28!)          x5=bd7c5cef x28=10001f78 x28:10001f74  PA:10001f74
22404394ns          383890 1c00857e 5853f5c3 fmadd.s          f11, f7, f5, f11    f11=xxxxxxxx  f7:bf0beed4  f5:bd7c5cef f11:3e309d60
22404414ns          383891 1c008576 0043238b p.lw             x7, 4(x6!)           x7=3f0ce8c7  x6=10001fb8  x6:10001fb4  PA:10001fb4
22404434ns          383892 1c00857a 004e228b p.lw             x5, 4(x28!)          x5=be462bf9 x28=10001f7c x28:10001f78  PA:10001f78
22404474ns          383894 1c00857e 5853f5c3 fmadd.s          f11, f7, f5, f11    f11=xxxxxxxx  f7:3f0ce8c7  f5:be462bf9 f11:3e5319d9
22404494ns          383895 1c008582 000aa683 lw               x13, 0(x21)         x13=00000000 x21:10001e8c  PA:10001e8c
22404514ns          383896 1c008586 005a0a13 addi             x20, x20, 5         x20=0000001b x20:00000016
22404533ns          383897 1c008588 00b6f5d3 fadd.s           f11, f13, f11       f11=xxxxxxxx f13:00000000 f11:3dcc0b36
22404553ns          383898 1c00858c 014b8b93 addi             x23, x23, 20        x23=10001fbc x23:10001fa8
22404573ns          383899 1c00858e 00baa22b p.sw             x11, 4(x21!)        x21=10001e90 x11:3dcc0b36 x21:10001e8c  PA:10001e8c
22404593ns          383900 1c008592 fd4c54e3 bge              x24, x20, -56       x24:00000016 x20:0000001b
22404613ns          383901 1c008596 00178593 addi             x11, x15, 1         x11=00000004 x15:00000003
22404633ns          383902 1c00859a 00200693 addi             x13, x0, 2          x13=00000002
22404653ns          383903 1c00859c 02c10a93 addi             x21, x2, 44         x21=10001e84  x2:10001e58
22404673ns          383904 1c0085a0 01812a03 lw               x20, 24(x2)         x20=10001f80  x2:10001e58  PA:10001e70
22404693ns          383905 1c0085a2 1ad5cb63 blt              x11, x13, 438       x11:00000004 x13:00000002
22404712ns          383906 1c0085a6 01c12b83 lw               x23, 28(x2)         x23=bfe566dc  x2:10001e58  PA:10001e74
22404732ns          383907 1c0085a8 0097c07b lp.setup         0x0, x15, 0x9       x15:00000003
22404752ns          383908 1c0085ac 004aa28b p.lw             x5, 4(x21!)          x5=3ea69663 x21=10001e88 x21:10001e84  PA:10001e84
22404792ns          383910 1c0085b0 a0c2a6d3 feq.s            x13, f5, f12        x13=00000000  f5:3ea69663 f12:00000000
22404812ns          383911 1c0085b4 12068d63 beq              x13, x0, 314        x13:00000000
22404951ns          383918 1c0086ee 00e886b3 add              x13, x17, x14       x13=0000000f x17:0000000b x14:00000004
22404971ns          383919 1c0086f2 105bf2d3 fmul.s           f5, f23, f5          f5=xxxxxxxx f23:bfe566dc  f5:3ea69663
22404991ns          383920 1c0086f6 ecd8d1e3 bge              x17, x13, -318      x17:0000000b x13:0000000f
22405011ns          383921 1c0086fa ffcc8313 addi             x6, x25, -4          x6=0000000c x25:00000010
22405031ns          383922 1c0086fe 00235313 srli             x6, x6, 0x2          x6=00000003  x6:0000000c
22405051ns          383923 1c008702 01d003b3 add              x7, x0, x29          x7=10001f6c x29:10001f6c
22405071ns          383924 1c008704 01400e33 add              x28, x0, x20        x28=10001f80 x20:10001f80
22405090ns          383925 1c008706 00130313 addi             x6, x6, 1            x6=00000004  x6:00000003
22405110ns          383926 1c008708 008340fb lp.setup         0x1, x6, 0x8         x6:00000004
22405130ns          383927 1c00870c 000e2583 lw               x11, 0(x28)         x11=00000000 x28:10001f80  PA:10001f80
22405150ns          383928 1c008710 0043a68b p.lw             x13, 4(x7!)         x13=3f800000  x7=10001f70  x7:10001f6c  PA:10001f6c
22405190ns          383930 1c008714 58d2f6c3 fmadd.s          f13, f5, f13, f11   f13=xxxxxxxx  f5:bf154776 f13:3f800000 f11:00000000
22405210ns          383931 1c008718 00de222b p.sw             x13, 4(x28!)        x28=10001f84 x13:bf154776 x28:10001f80  PA:10001f80
22405230ns          383932 1c00870c 000e2583 lw               x11, 0(x28)         x11=bf211b0a x28:10001f84  PA:10001f84
22405250ns          383933 1c008710 0043a68b p.lw             x13, 4(x7!)         x13=be8bef03  x7=10001f74  x7:10001f70  PA:10001f70
22405289ns          383935 1c008714 58d2f6c3 fmadd.s          f13, f5, f13, f11   f13=xxxxxxxx  f5:bf154776 f13:be8bef03 f11:bf211b0a
22405309ns          383936 1c008718 00de222b p.sw             x13, 4(x28!)        x28=10001f88 x13:bef09ce7 x28:10001f84  PA:10001f84
22405329ns          383937 1c00870c 000e2583 lw               x11, 0(x28)         x11=bd5dac47 x28:10001f88  PA:10001f88
22405349ns          383938 1c008710 0043a68b p.lw             x13, 4(x7!)         x13=bd7c5cef  x7=10001f78  x7:10001f74  PA:10001f74
22405389ns          383940 1c008714 58d2f6c3 fmadd.s          f13, f5, f13, f11   f13=xxxxxxxx  f5:bf154776 f13:bd7c5cef f11:bd5dac47
22405409ns          383941 1c008718 00de222b p.sw             x13, 4(x28!)        x28=10001f8c x13:bc95077c x28:10001f88  PA:10001f88
22405429ns          383942 1c00870c 000e2583 lw               x11, 0(x28)         x11=bf467778 x28:10001f8c  PA:10001f8c
22405448ns          383943 1c008710 0043a68b p.lw             x13, 4(x7!)         x13=be462bf9  x7=10001f7c  x7:10001f78  PA:10001f78
22405488ns          383945 1c008714 58d2f6c3 fmadd.s          f13, f5, f13, f11   f13=xxxxxxxx  f5:bf154776 f13:be462bf9 f11:bf467778
22405508ns          383946 1c008718 00de222b p.sw             x13, 4(x28!)        x28=10001f90 x13:bf2993be x28:10001f8c  PA:10001f8c
22405528ns          383947 1c00871c e9dff06f jal              x0, -356           
22405568ns          383949 1c0085b8 00588893 addi             x17, x17, 5         x17=00000010 x17:0000000b
22405588ns          383950 1c0085ba 014a0a13 addi             x20, x20, 20        x20=10001f94 x20:10001f80
22405608ns          383951 1c0085ac 004aa28b p.lw             x5, 4(x21!)          x5=bc4d01f7 x21=10001e8c x21:10001e88  PA:10001e88
22405647ns          383953 1c0085b0 a0c2a6d3 feq.s            x13, f5, f12        x13=00000000  f5:bc4d01f7 f12:00000000
22405667ns          383954 1c0085b4 12068d63 beq              x13, x0, 314        x13:00000000
22405806ns          383961 1c0086ee 00e886b3 add              x13, x17, x14       x13=00000014 x17:00000010 x14:00000004
22405826ns          383962 1c0086f2 105bf2d3 fmul.s           f5, f23, f5          f5=xxxxxxxx f23:bfe566dc  f5:bc4d01f7
22405846ns          383963 1c0086f6 ecd8d1e3 bge              x17, x13, -318      x17:00000010 x13:00000014
22405866ns          383964 1c0086fa ffcc8313 addi             x6, x25, -4          x6=0000000c x25:00000010
22405886ns          383965 1c0086fe 00235313 srli             x6, x6, 0x2          x6=00000003  x6:0000000c
22405906ns          383966 1c008702 01d003b3 add              x7, x0, x29          x7=10001f6c x29:10001f6c
22405926ns          383967 1c008704 01400e33 add              x28, x0, x20        x28=10001f94 x20:10001f94
22405946ns          383968 1c008706 00130313 addi             x6, x6, 1            x6=00000004  x6:00000003
22405966ns          383969 1c008708 008340fb lp.setup         0x1, x6, 0x8         x6:00000004
22405985ns          383970 1c00870c 000e2583 lw               x11, 0(x28)         x11=00000000 x28:10001f94  PA:10001f94
22406005ns          383971 1c008710 0043a68b p.lw             x13, 4(x7!)         x13=3f800000  x7=10001f70  x7:10001f6c  PA:10001f6c
22406045ns          383973 1c008714 58d2f6c3 fmadd.s          f13, f5, f13, f11   f13=xxxxxxxx  f5:3cb7b521 f13:3f800000 f11:00000000
22406065ns          383974 1c008718 00de222b p.sw             x13, 4(x28!)        x28=10001f98 x13:3cb7b521 x28:10001f94  PA:10001f94
22406085ns          383975 1c00870c 000e2583 lw               x11, 0(x28)         x11=3ee83884 x28:10001f98  PA:10001f98
22406105ns          383976 1c008710 0043a68b p.lw             x13, 4(x7!)         x13=be8bef03  x7=10001f74  x7:10001f70  PA:10001f70
22406145ns          383978 1c008714 58d2f6c3 fmadd.s          f13, f5, f13, f11   f13=xxxxxxxx  f5:3cb7b521 f13:be8bef03 f11:3ee83884
22406165ns          383979 1c008718 00de222b p.sw             x13, 4(x28!)        x28=10001f9c x13:3ee5152d x28:10001f98  PA:10001f98
22406184ns          383980 1c00870c 000e2583 lw               x11, 0(x28)         x11=bf55ec26 x28:10001f9c  PA:10001f9c
22406204ns          383981 1c008710 0043a68b p.lw             x13, 4(x7!)         x13=bd7c5cef  x7=10001f78  x7:10001f74  PA:10001f74
22406244ns          383983 1c008714 58d2f6c3 fmadd.s          f13, f5, f13, f11   f13=xxxxxxxx  f5:3cb7b521 f13:bd7c5cef f11:bf55ec26
22406264ns          383984 1c008718 00de222b p.sw             x13, 4(x28!)        x28=10001fa0 x13:bf5646b2 x28:10001f9c  PA:10001f9c
22406284ns          383985 1c00870c 000e2583 lw               x11, 0(x28)         x11=be9ea37a x28:10001fa0  PA:10001fa0
22406304ns          383986 1c008710 0043a68b p.lw             x13, 4(x7!)         x13=be462bf9  x7=10001f7c  x7:10001f78  PA:10001f78
22406344ns          383988 1c008714 58d2f6c3 fmadd.s          f13, f5, f13, f11   f13=xxxxxxxx  f5:3cb7b521 f13:be462bf9 f11:be9ea37a
22406363ns          383989 1c008718 00de222b p.sw             x13, 4(x28!)        x28=10001fa4 x13:bea0dc51 x28:10001fa0  PA:10001fa0
22406383ns          383990 1c00871c e9dff06f jal              x0, -356           
22406423ns          383992 1c0085b8 00588893 addi             x17, x17, 5         x17=00000015 x17:00000010
22406443ns          383993 1c0085ba 014a0a13 addi             x20, x20, 20        x20=10001fa8 x20:10001f94
22406463ns          383994 1c0085ac 004aa28b p.lw             x5, 4(x21!)          x5=3dcc0b36 x21=10001e90 x21:10001e8c  PA:10001e8c
22406503ns          383996 1c0085b0 a0c2a6d3 feq.s            x13, f5, f12        x13=00000000  f5:3dcc0b36 f12:00000000
22406523ns          383997 1c0085b4 12068d63 beq              x13, x0, 314        x13:00000000
22406602ns          384001 1c0086ee 00e886b3 add              x13, x17, x14       x13=00000019 x17:00000015 x14:00000004
22406622ns          384002 1c0086f2 105bf2d3 fmul.s           f5, f23, f5          f5=xxxxxxxx f23:bfe566dc  f5:3dcc0b36
22406642ns          384003 1c0086f6 ecd8d1e3 bge              x17, x13, -318      x17:00000015 x13:00000019
22406662ns          384004 1c0086fa ffcc8313 addi             x6, x25, -4          x6=0000000c x25:00000010
22406682ns          384005 1c0086fe 00235313 srli             x6, x6, 0x2          x6=00000003  x6:0000000c
22406702ns          384006 1c008702 01d003b3 add              x7, x0, x29          x7=10001f6c x29:10001f6c
22406721ns          384007 1c008704 01400e33 add              x28, x0, x20        x28=10001fa8 x20:10001fa8
22406741ns          384008 1c008706 00130313 addi             x6, x6, 1            x6=00000004  x6:00000003
22406761ns          384009 1c008708 008340fb lp.setup         0x1, x6, 0x8         x6:00000004
22406781ns          384010 1c00870c 000e2583 lw               x11, 0(x28)         x11=00000000 x28:10001fa8  PA:10001fa8
22406801ns          384011 1c008710 0043a68b p.lw             x13, 4(x7!)         x13=3f800000  x7=10001f70  x7:10001f6c  PA:10001f6c
22406841ns          384013 1c008714 58d2f6c3 fmadd.s          f13, f5, f13, f11   f13=xxxxxxxx  f5:be36d803 f13:3f800000 f11:00000000
22406861ns          384014 1c008718 00de222b p.sw             x13, 4(x28!)        x28=10001fac x13:be36d803 x28:10001fa8  PA:10001fa8
22406881ns          384015 1c00870c 000e2583 lw               x11, 0(x28)         x11=bf218d8c x28:10001fac  PA:10001fac
22406900ns          384016 1c008710 0043a68b p.lw             x13, 4(x7!)         x13=be8bef03  x7=10001f74  x7:10001f70  PA:10001f70
22406940ns          384018 1c008714 58d2f6c3 fmadd.s          f13, f5, f13, f11   f13=xxxxxxxx  f5:be36d803 f13:be8bef03 f11:bf218d8c
22406960ns          384019 1c008718 00de222b p.sw             x13, 4(x28!)        x28=10001fb0 x13:bf150f4c x28:10001fac  PA:10001fac
22406980ns          384020 1c00870c 000e2583 lw               x11, 0(x28)         x11=bf0beed4 x28:10001fb0  PA:10001fb0
22407000ns          384021 1c008710 0043a68b p.lw             x13, 4(x7!)         x13=bd7c5cef  x7=10001f78  x7:10001f74  PA:10001f74
22407040ns          384023 1c008714 58d2f6c3 fmadd.s          f13, f5, f13, f11   f13=xxxxxxxx  f5:be36d803 f13:bd7c5cef f11:bf0beed4
22407060ns          384024 1c008718 00de222b p.sw             x13, 4(x28!)        x28=10001fb4 x13:bf091dd8 x28:10001fb0  PA:10001fb0
22407079ns          384025 1c00870c 000e2583 lw               x11, 0(x28)         x11=3f0ce8c7 x28:10001fb4  PA:10001fb4
22407099ns          384026 1c008710 0043a68b p.lw             x13, 4(x7!)         x13=be462bf9  x7=10001f7c  x7:10001f78  PA:10001f78
22407139ns          384028 1c008714 58d2f6c3 fmadd.s          f13, f5, f13, f11   f13=xxxxxxxx  f5:be36d803 f13:be462bf9 f11:3f0ce8c7
22407159ns          384029 1c008718 00de222b p.sw             x13, 4(x28!)        x28=10001fb8 x13:3f15c16f x28:10001fb4  PA:10001fb4
22407179ns          384030 1c00871c e9dff06f jal              x0, -356           
22407219ns          384032 1c0085b8 00588893 addi             x17, x17, 5         x17=0000001a x17:00000015
22407239ns          384033 1c0085ba 014a0a13 addi             x20, x20, 20        x20=10001fbc x20:10001fa8
22407259ns          384034 1c0085bc 00052683 lw               x13, 0(x10)         x13=3fe566dc x10:10001ed0  PA:10001ed0
22407278ns          384035 1c0085be e5dff06f jal              x0, -420           
22407338ns          384038 1c00841a 0334d263 bge              x9, x19, 36          x9:00000007 x19:0000000a
22407358ns          384039 1c00841e 00812283 lw               x5, 8(x2)            x5=10001f3c  x2:10001e58  PA:10001e60
22407398ns          384041 1c008420 00d007b3 add              x15, x0, x13        x15=3fe566dc x13:3fe566dc
22407438ns          384043 1c008422 01f28733 add              x14, x5, x31        x14=10001f70  x5:10001f3c x31:00000034
22407457ns          384044 1c008426 0040006f jal              x0, 4              
22407497ns          384046 1c00842a 00072683 lw               x13, 0(x14)         x13=be8bef03 x14:10001f70  PA:10001f70
22407517ns          384047 1c00842c 20f797d3 fsgnjn.s         f15, f15, f15       f15=xxxxxxxx f15:3fe566dc f15:3fe566dc
22407577ns          384050 1c008430 10d7f7d3 fmul.s           f15, f15, f13       f15=xxxxxxxx f15:bfe566dc f13:be8bef03
22407617ns          384052 1c008434 00f7222b p.sw             x15, 4(x14!)        x14=10001f74 x15:3efaca0e x14:10001f70  PA:10001f70
22407636ns          384053 1c008438 ff0718e3 bne              x14, x16, -16       x14:10001f74 x16:10001f7c
22407696ns          384056 1c008428 00052783 lw               x15, 0(x10)         x15=3fe566dc x10:10001ed0  PA:10001ed0
22407716ns          384057 1c00842a 00072683 lw               x13, 0(x14)         x13=bd7c5cef x14:10001f74  PA:10001f74
22407736ns          384058 1c00842c 20f797d3 fsgnjn.s         f15, f15, f15       f15=xxxxxxxx f15:3fe566dc f15:3fe566dc
22407756ns          384059 1c008430 10d7f7d3 fmul.s           f15, f15, f13       f15=xxxxxxxx f15:bfe566dc f13:bd7c5cef
22407776ns          384060 1c008434 00f7222b p.sw             x15, 4(x14!)        x14=10001f78 x15:3de22488 x14:10001f74  PA:10001f74
22407796ns          384061 1c008438 ff0718e3 bne              x14, x16, -16       x14:10001f78 x16:10001f7c
22407855ns          384064 1c008428 00052783 lw               x15, 0(x10)         x15=3fe566dc x10:10001ed0  PA:10001ed0
22407875ns          384065 1c00842a 00072683 lw               x13, 0(x14)         x13=be462bf9 x14:10001f78  PA:10001f78
22407895ns          384066 1c00842c 20f797d3 fsgnjn.s         f15, f15, f15       f15=xxxxxxxx f15:3fe566dc f15:3fe566dc
22407915ns          384067 1c008430 10d7f7d3 fmul.s           f15, f15, f13       f15=xxxxxxxx f15:bfe566dc f13:be462bf9
22407935ns          384068 1c008434 00f7222b p.sw             x15, 4(x14!)        x14=10001f7c x15:3eb194f6 x14:10001f78  PA:10001f78
22407955ns          384069 1c008438 ff0718e3 bne              x14, x16, -16       x14:10001f7c x16:10001f7c
22407975ns          384070 1c00843c 00052683 lw               x13, 0(x10)         x13=3fe566dc x10:10001ed0  PA:10001ed0
22407994ns          384071 1c00843e 1c0003b7 lui              x7, 0x1c000000       x7=1c000000
22408014ns          384072 1c008442 04c38393 addi             x7, x7, 76           x7=1c00004c  x7:1c000000
22408034ns          384073 1c008446 0003a383 lw               x7, 0(x7)            x7=3f800000  x7:1c00004c  PA:1c00004c
22408352ns          384089 1c00844a 08d3f6d3 fsub.s           f13, f7, f13        f13=xxxxxxxx  f7:3f800000 f13:3fe566dc
22408372ns          384090 1c00844e 00dea023 sw               x13, 0(x29)         x13:bf4acdb8 x29:10001f6c  PA:10001f6c
22408392ns          384091 1c008452 021f2063 p.beqimm         x30, 32             x30:00000001
22408452ns          384094 1c008472 ffff0f13 addi             x30, x30, -1        x30=00000000 x30:00000001
22408472ns          384095 1c008474 01200e33 add              x28, x0, x18        x28=00000004 x18:00000004
22408492ns          384096 1c008476 fe8e8e93 addi             x29, x29, -24       x29=10001f54 x29:10001f6c
22408512ns          384097 1c008478 fec40413 addi             x8, x8, -20          x8=10001f54  x8:10001f68
22408532ns          384098 1c00847a ffc50513 addi             x10, x10, -4        x10=10001ecc x10:10001ed0
22408551ns          384099 1c00847c 00900333 add              x6, x0, x9           x6=00000007  x9:00000007
22408571ns          384100 1c00847e ffb98993 addi             x19, x19, -5        x19=00000005 x19:0000000a
22408591ns          384101 1c008480 fecb0b13 addi             x22, x22, -20       x22=10001f80 x22:10001f94
22408611ns          384102 1c008482 fec80813 addi             x16, x16, -20       x16=10001f68 x16:10001f7c
22408631ns          384103 1c008484 fe8f8f93 addi             x31, x31, -24       x31=0000001c x31:00000034
22408651ns          384104 1c008486 f60f1ee3 bne              x30, x0, -132       x30:00000000
22408671ns          384105 1c00848a 06c12403 lw               x8, 108(x2)          x8=00000003  x2:10001e58  PA:10001ec4
22408691ns          384106 1c00848c 06812483 lw               x9, 104(x2)          x9=10001ef0  x2:10001e58  PA:10001ec0
22408711ns          384107 1c00848e 06412903 lw               x18, 100(x2)        x18=1c010000  x2:10001e58  PA:10001ebc
22408730ns          384108 1c008490 06012983 lw               x19, 96(x2)         x19=xxxxxxxx  x2:10001e58  PA:10001eb8
22408750ns          384109 1c008492 05c12a03 lw               x20, 92(x2)         x20=xxxxxxxx  x2:10001e58  PA:10001eb4
22408770ns          384110 1c008494 05812a83 lw               x21, 88(x2)         x21=xxxxxxxx  x2:10001e58  PA:10001eb0
22408790ns          384111 1c008496 05412b03 lw               x22, 84(x2)         x22=xxxxxxxx  x2:10001e58  PA:10001eac
22408810ns          384112 1c008498 05012b83 lw               x23, 80(x2)         x23=xxxxxxxx  x2:10001e58  PA:10001ea8
22408830ns          384113 1c00849a 04c12c03 lw               x24, 76(x2)         x24=xxxxxxxx  x2:10001e58  PA:10001ea4
22408850ns          384114 1c00849c 04812c83 lw               x25, 72(x2)         x25=xxxxxxxx  x2:10001e58  PA:10001ea0
22408870ns          384115 1c00849e 04412d03 lw               x26, 68(x2)         x26=xxxxxxxx  x2:10001e58  PA:10001e9c
22408890ns          384116 1c0084a0 04012d83 lw               x27, 64(x2)         x27=xxxxxxxx  x2:10001e58  PA:10001e98
22408909ns          384117 1c0084a2 07010113 addi             x2, x2, 112          x2=10001ec8  x2:10001e58
22408929ns          384118 1c0084a4 00008067 jalr             x0, x1, 0            x1:1c00ac0c
22409009ns          384122 1c00ac0c 08c10593 addi             x11, x2, 140        x11=10001f54  x2:10001ec8
22409029ns          384123 1c00ac0e 00900533 add              x10, x0, x9         x10=10001ef0  x9:10001ef0
22409088ns          384126 1c00ac10 85efe0ef jal              x1, -8098            x1=1c00ac14
22409526ns          384148 1c008c6e f3010113 addi             x2, x2, -208         x2=10001df8  x2:10001ec8
22409984ns          384171 1c008c70 0ba12023 sw               x26, 160(x2)        x26:xxxxxxxx  x2:10001df8  PA:10001e98
22410003ns          384172 1c008c72 09b12e23 sw               x27, 156(x2)        x27:xxxxxxxx  x2:10001df8  PA:10001e94
22410023ns          384173 1c008c74 0c112623 sw               x1, 204(x2)          x1:1c00ac14  x2:10001df8  PA:10001ec4
22410043ns          384174 1c008c76 0c812423 sw               x8, 200(x2)          x8:00000003  x2:10001df8  PA:10001ec0
22410063ns          384175 1c008c78 0c912223 sw               x9, 196(x2)          x9:10001ef0  x2:10001df8  PA:10001ebc
22410083ns          384176 1c008c7a 0d212023 sw               x18, 192(x2)        x18:1c010000  x2:10001df8  PA:10001eb8
22410103ns          384177 1c008c7c 0b312e23 sw               x19, 188(x2)        x19:xxxxxxxx  x2:10001df8  PA:10001eb4
22410123ns          384178 1c008c7e 0b412c23 sw               x20, 184(x2)        x20:xxxxxxxx  x2:10001df8  PA:10001eb0
22410501ns          384197 1c008c80 0b512a23 sw               x21, 180(x2)        x21:xxxxxxxx  x2:10001df8  PA:10001eac
22410521ns          384198 1c008c82 0b612823 sw               x22, 176(x2)        x22:xxxxxxxx  x2:10001df8  PA:10001ea8
22410540ns          384199 1c008c84 0b712623 sw               x23, 172(x2)        x23:xxxxxxxx  x2:10001df8  PA:10001ea4
22410560ns          384200 1c008c86 0b812423 sw               x24, 168(x2)        x24:xxxxxxxx  x2:10001df8  PA:10001ea0
22410580ns          384201 1c008c88 0b912223 sw               x25, 164(x2)        x25:xxxxxxxx  x2:10001df8  PA:10001e9c
22410600ns          384202 1c008c8a 04b12823 sw               x11, 80(x2)         x11:10001f54  x2:10001df8  PA:10001e48
22410620ns          384203 1c008c8c 00052423 sw               x0, 8(x10)          x10:10001ef0  PA:10001ef8
22411018ns          384223 1c008c90 00052623 sw               x0, 12(x10)         x10:10001ef0  PA:10001efc
22411058ns          384225 1c008c94 02052023 sw               x0, 32(x10)         x10:10001ef0  PA:10001f10
22411078ns          384226 1c008c98 02052223 sw               x0, 36(x10)         x10:10001ef0  PA:10001f14
22411097ns          384227 1c008c9c 02052c23 sw               x0, 56(x10)         x10:10001ef0  PA:10001f28
22411555ns          384250 1c008ca0 00400d93 addi             x27, x0, 4          x27=00000004
22411575ns          384251 1c008ca2 00a00d33 add              x26, x0, x10        x26=10001ef0 x10:10001ef0
22411595ns          384252 1c008ca4 fffd8c13 addi             x24, x27, -1        x24=00000003 x27:00000004
22411615ns          384253 1c008ca8 002c1793 slli             x15, x24, 0x2       x15=0000000c x24:00000003
22411634ns          384254 1c008cac 018787b3 add              x15, x15, x24       x15=0000000f x15:0000000c x24:00000003
22411654ns          384255 1c008cae 02f12e23 sw               x15, 60(x2)         x15:0000000f  x2:10001df8  PA:10001e34
22412072ns          384276 1c008cb0 03c12e03 lw               x28, 60(x2)         x28=0000000f  x2:10001df8  PA:10001e34
22412112ns          384278 1c008cb2 400007b7 lui              x15, 0x40000000     x15=40000000
22412132ns          384279 1c008cb6 fff78713 addi             x14, x15, -1        x14=3fffffff x15:40000000
22412152ns          384280 1c008cba 01be0533 add              x10, x28, x27       x10=00000013 x28:0000000f x27:00000004
22412589ns          384302 1c008cbe 00e505b3 add              x11, x10, x14       x11=40000012 x10:00000013 x14:3fffffff
22412629ns          384304 1c008cc2 001d9613 slli             x12, x27, 0x1       x12=00000008 x27:00000004
22412649ns          384305 1c008cc6 fee78693 addi             x13, x15, -18       x13=3fffffee x15:40000000
22412669ns          384306 1c008cca ffbe0893 addi             x17, x28, -5        x17=0000000a x28:0000000f
22412689ns          384307 1c008cce 01b70733 add              x14, x14, x27       x14=40000003 x14:3fffffff x27:00000004
22413106ns          384328 1c008cd0 01b607b3 add              x15, x12, x27       x15=0000000c x12:00000008 x27:00000004
22413146ns          384330 1c008cd4 005e0813 addi             x16, x28, 5         x16=00000014 x28:0000000f
22413166ns          384331 1c008cd8 01170733 add              x14, x14, x17       x14=4000000d x14:40000003 x17:0000000a
22413186ns          384332 1c008cda 01b686b3 add              x13, x13, x27       x13=3ffffff2 x13:3fffffee x27:00000004
22413206ns          384333 1c008cdc 00379793 slli             x15, x15, 0x3       x15=00000060 x15:0000000c
22413624ns          384354 1c008cde 00259613 slli             x12, x11, 0x2       x12=00000048 x11:40000012
22413643ns          384355 1c008ce2 010686b3 add              x13, x13, x16       x13=40000006 x13:3ffffff2 x16:00000014
22413663ns          384356 1c008ce4 07c12a83 lw               x21, 124(x2)        x21=bfe566dc  x2:10001df8  PA:10001e74
22413683ns          384357 1c008ce6 03812623 sw               x24, 44(x2)         x24:00000003  x2:10001df8  PA:10001e24
22413703ns          384358 1c008ce8 00271713 slli             x14, x14, 0x2       x14=00000034 x14:4000000d
22413723ns          384359 1c008cea 07812c03 lw               x24, 120(x2)        x24=10001f80  x2:10001df8  PA:10001e70
22413743ns          384360 1c008cec 01a70733 add              x14, x14, x26       x14=10001f24 x14:00000034 x26:10001ef0
22414141ns          384380 1c008cee 00460893 addi             x17, x12, 4         x17=0000004c x12:00000048
22414180ns          384382 1c008cf2 ffc78813 addi             x16, x15, -4        x16=0000005c x15:00000060
22414200ns          384383 1c008cf6 fe478593 addi             x11, x15, -28       x11=00000044 x15:00000060
22414220ns          384384 1c008cfa 06c12983 lw               x19, 108(x2)        x19=00000015  x2:10001df8  PA:10001e64
22414240ns          384385 1c008cfc 01a787b3 add              x15, x15, x26       x15=10001f50 x15:00000060 x26:10001ef0
22414260ns          384386 1c008cfe 07412c83 lw               x25, 116(x2)        x25=10001f4c  x2:10001df8  PA:10001e6c
22414658ns          384406 1c008d00 00251513 slli             x10, x10, 0x2       x10=0000004c x10:00000013
22414678ns          384407 1c008d02 00269693 slli             x13, x13, 0x2       x13=00000018 x13:40000006
22414698ns          384408 1c008d04 06812a03 lw               x20, 104(x2)        x20=10001f3c  x2:10001df8  PA:10001e60
22414718ns          384409 1c008d06 01a60633 add              x12, x12, x26       x12=10001f38 x12:00000048 x26:10001ef0
22414737ns          384410 1c008d08 01a888b3 add              x17, x17, x26       x17=10001f3c x17:0000004c x26:10001ef0
22414757ns          384411 1c008d0a 01a80833 add              x16, x16, x26       x16=10001f4c x16:0000005c x26:10001ef0
22414777ns          384412 1c008d0c 01a50533 add              x10, x10, x26       x10=10001f3c x10:0000004c x26:10001ef0
22414797ns          384413 1c008d0e 01a686b3 add              x13, x13, x26       x13=10001f08 x13:00000018 x26:10001ef0
22415175ns          384432 1c008d10 01a585b3 add              x11, x11, x26       x11=10001f34 x11:00000044 x26:10001ef0
22415195ns          384433 1c008d12 02f12823 sw               x15, 48(x2)         x15:10001f50  x2:10001df8  PA:10001e28
22415215ns          384434 1c008d14 04e12e23 sw               x14, 92(x2)         x14:10001f24  x2:10001df8  PA:10001e54
22415235ns          384435 1c008d16 018007b3 add              x15, x0, x24        x15=10001f80 x24:10001f80
22415255ns          384436 1c008d18 01500733 add              x14, x0, x21        x14=bfe566dc x21:bfe566dc
22415274ns          384437 1c008d1a 00100e93 addi             x29, x0, 1          x29=00000001
22415294ns          384438 1c008d1c 06012b83 lw               x23, 96(x2)         x23=00000001  x2:10001df8  PA:10001e58
22415314ns          384439 1c008d1e 07012903 lw               x18, 112(x2)        x18=10001fb4  x2:10001df8  PA:10001e68
22415712ns          384459 1c008d20 06412b03 lw               x22, 100(x2)        x22=10001f34  x2:10001df8  PA:10001e5c
22415732ns          384460 1c008d22 01900c33 add              x24, x0, x25        x24=10001f4c x25:10001f4c
22415752ns          384461 1c008d24 01300ab3 add              x21, x0, x19        x21=00000015 x19:00000015
22415772ns          384462 1c008d26 01a12c23 sw               x26, 24(x2)         x26:10001ef0  x2:10001df8  PA:10001e10
22415792ns          384463 1c008d28 02c12a23 sw               x12, 52(x2)         x12:10001f38  x2:10001df8  PA:10001e2c
22415812ns          384464 1c008d2a 05112a23 sw               x17, 84(x2)         x17:10001f3c  x2:10001df8  PA:10001e4c
22415831ns          384465 1c008d2c 05012c23 sw               x16, 88(x2)         x16:10001f4c  x2:10001df8  PA:10001e50
22415871ns          384467 1c008d2e 02a12c23 sw               x10, 56(x2)         x10:10001f3c  x2:10001df8  PA:10001e30
22416229ns          384485 1c008d30 04d12423 sw               x13, 72(x2)         x13:10001f08  x2:10001df8  PA:10001e40
22416249ns          384486 1c008d32 04b12623 sw               x11, 76(x2)         x11:10001f34  x2:10001df8  PA:10001e44
22416269ns          384487 1c008d34 00000293 addi             x5, x0, 0            x5=00000000
22416289ns          384488 1c008d36 01d12e23 sw               x29, 28(x2)         x29:00000001  x2:10001df8  PA:10001e14
22416309ns          384489 1c008d38 02012223 sw               x0, 36(x2)           x2:10001df8  PA:10001e1c
22416329ns          384490 1c008d3a 01400d33 add              x26, x0, x20        x26=10001f3c x20:10001f3c
22416349ns          384491 1c008d3c 00e009b3 add              x19, x0, x14        x19=bfe566dc x14:bfe566dc
22416368ns          384492 1c008d3e 00f00cb3 add              x25, x0, x15        x25=10001f80 x15:10001f80
22416746ns          384511 1c008d40 01c12e83 lw               x29, 28(x2)         x29=00000001  x2:10001df8  PA:10001e14
22416786ns          384513 1c008d42 7fddc8e3 blt              x27, x29, 4080      x27:00000004 x29:00000001
22416806ns          384514 1c008d46 41dd8833 sub              x16, x27, x29       x16=00000003 x27:00000004 x29:00000001
22416826ns          384515 1c008d4a 1c0004b7 lui              x9, 0x1c000000       x9=1c000000
22417264ns          384537 1c008d4e fffe8513 addi             x10, x29, -1        x10=00000000 x29:00000001
22417303ns          384539 1c008d52 fffd8793 addi             x15, x27, -1        x15=00000003 x27:00000004
22417323ns          384540 1c008d56 03812603 lw               x12, 56(x2)         x12=10001f3c  x2:10001df8  PA:10001e30
22417343ns          384541 1c008d58 03412303 lw               x6, 52(x2)           x6=10001f38  x2:10001df8  PA:10001e2c
22417363ns          384542 1c008d5a 03012683 lw               x13, 48(x2)         x13=10001f50  x2:10001df8  PA:10001e28
22417383ns          384543 1c008d5c 005005b3 add              x11, x0, x5         x11=00000000  x5:00000000
22417403ns          384544 1c008d5e 00500f33 add              x30, x0, x5         x30=00000000  x5:00000000
22417781ns          384563 1c008d60 01b00433 add              x8, x0, x27          x8=00000004 x27:00000004
22417820ns          384565 1c008d62 00000713 addi             x14, x0, 0          x14=00000000
22417840ns          384566 1c008d66 00100f93 addi             x31, x0, 1          x31=00000001
22417860ns          384567 1c008d68 0244a383 lw               x7, 36(x9)           x7=34000000  x9:1c000000  PA:1c000024
22418298ns          384589 1c008d6c 00180813 addi             x16, x16, 1         x16=00000004 x16:00000003
22418318ns          384590 1c008d6e 7ca7cbe3 blt              x15, x10, 4054      x15:00000003 x10:00000000
22418358ns          384592 1c008d72 078840fb lp.setup         0x1, x16, 0x78      x16:00000004
22418377ns          384593 1c008d76 00062783 lw               x15, 0(x12)         x15=43f994ea x12:10001f3c  PA:10001f3c
22418397ns          384594 1c008d78 fff40e93 addi             x29, x8, -1         x29=00000003  x8:00000004
22418417ns          384595 1c008d7c a0e79553 flt.s            x10, f15, f14       x10=00000000 f15:43f994ea f14:00000000
22418835ns          384616 1c008d80 00050363 beq              x10, x0, 6          x10:00000000
22418914ns          384620 1c008d86 1c0008b7 lui              x17, 0x1c000000     x17=1c000000
22418934ns          384621 1c008d8a 02088893 addi             x17, x17, 32        x17=1c000020 x17:1c000000
22419352ns          384642 1c008d8e 0008a883 lw               x17, 0(x17)         x17=0d200000 x17:1c000020  PA:1c000020
22419690ns          384659 1c008d92 a1178553 fle.s            x10, f15, f17       x10=00000000 f15:43f994ea f17:0d200000
22419710ns          384660 1c008d96 0c051763 bne              x10, x0, 206        x10:00000000
22419730ns          384661 1c008d98 00032883 lw               x17, 0(x6)          x17=43bd5a3c  x6:10001f38  PA:10001f38
22419770ns          384663 1c008d9c a0e895d3 flt.s            x11, f17, f14       x11=00000000 f17:43bd5a3c f14:00000000
22420168ns          384683 1c008da0 01100bb3 add              x23, x0, x17        x23=43bd5a3c x17:43bd5a3c
22420187ns          384684 1c008da2 00058363 beq              x11, x0, 6          x11:00000000
22420247ns          384687 1c008da8 0006a503 lw               x10, 0(x13)         x10=4444d6f1 x13:10001f50  PA:10001f50
22420287ns          384689 1c008daa a0e515d3 flt.s            x11, f10, f14       x11=00000000 f10:4444d6f1 f14:00000000
22420307ns          384690 1c008dae 00a00e33 add              x28, x0, x10        x28=4444d6f1 x10:4444d6f1
22420705ns          384710 1c008db0 00058363 beq              x11, x0, 6          x11:00000000
22420784ns          384714 1c008db6 01cbfbd3 fadd.s           f23, f23, f28       f23=xxxxxxxx f23:43bd5a3c f28:4444d6f1
22420804ns          384715 1c008dba a0eba5d3 feq.s            x11, f23, f14       x11=00000000 f23:4491c208 f14:00000000
22420824ns          384716 1c008dbe 00058d63 beq              x11, x0, 26         x11:00000000
22421699ns          384760 1c008dd8 1c0004b7 lui              x9, 0x1c000000       x9=1c000000
22421739ns          384762 1c008ddc 02448493 addi             x9, x9, 36           x9=1c000024  x9:1c000000
22422177ns          384784 1c008de0 0004a483 lw               x9, 0(x9)            x9=34000000  x9:1c000024  PA:1c000024
22422515ns          384801 1c008de2 109bf5d3 fmul.s           f11, f23, f9        f11=xxxxxxxx f23:4491c208  f9:34000000
22422535ns          384802 1c008de6 a0b785d3 fle.s            x11, f15, f11       x11=00000000 f15:43f994ea f11:3911c208
22422554ns          384803 1c008dea 06058863 beq              x11, x0, 112        x11:00000000
22423450ns          384848 1c008e5a fe868693 addi             x13, x13, -24       x13=10001f38 x13:10001f50
22423489ns          384850 1c008e5c fe830313 addi             x6, x6, -24          x6=10001f20  x6:10001f38
22423509ns          384851 1c008e5e fe860613 addi             x12, x12, -24       x12=10001f24 x12:10001f3c
22423927ns          384872 1c008e60 01d00433 add              x8, x0, x29          x8=00000003 x29:00000003
22423947ns          384873 1c008e62 00100593 addi             x11, x0, 1          x11=00000001
22423967ns          384874 1c008d76 00062783 lw               x15, 0(x12)         x15=41c075b6 x12:10001f24  PA:10001f24
22423987ns          384875 1c008d78 fff40e93 addi             x29, x8, -1         x29=00000002  x8:00000003
22424007ns          384876 1c008d7c a0e79553 flt.s            x10, f15, f14       x10=00000000 f15:41c075b6 f14:00000000
22424026ns          384877 1c008d80 00050363 beq              x10, x0, 6          x10:00000000
22424106ns          384881 1c008d86 1c0008b7 lui              x17, 0x1c000000     x17=1c000000
22424126ns          384882 1c008d8a 02088893 addi             x17, x17, 32        x17=1c000020 x17:1c000000
22424146ns          384883 1c008d8e 0008a883 lw               x17, 0(x17)         x17=0d200000 x17:1c000020  PA:1c000020
22424464ns          384899 1c008d92 a1178553 fle.s            x10, f15, f17       x10=00000000 f15:41c075b6 f17:0d200000
22424484ns          384900 1c008d96 0c051763 bne              x10, x0, 206        x10:00000000
22424504ns          384901 1c008d98 00032883 lw               x17, 0(x6)          x17=4406ba2c  x6:10001f20  PA:10001f20
22424544ns          384903 1c008d9c a0e895d3 flt.s            x11, f17, f14       x11=00000000 f17:4406ba2c f14:00000000
22424563ns          384904 1c008da0 01100bb3 add              x23, x0, x17        x23=4406ba2c x17:4406ba2c
22424583ns          384905 1c008da2 00058363 beq              x11, x0, 6          x11:00000000
22424643ns          384908 1c008da8 0006a503 lw               x10, 0(x13)         x10=43bd5a3c x13:10001f38  PA:10001f38
22424683ns          384910 1c008daa a0e515d3 flt.s            x11, f10, f14       x11=00000000 f10:43bd5a3c f14:00000000
22424703ns          384911 1c008dae 00a00e33 add              x28, x0, x10        x28=43bd5a3c x10:43bd5a3c
22424723ns          384912 1c008db0 00058363 beq              x11, x0, 6          x11:00000000
22424802ns          384916 1c008db6 01cbfbd3 fadd.s           f23, f23, f28       f23=xxxxxxxx f23:4406ba2c f28:43bd5a3c
22424822ns          384917 1c008dba a0eba5d3 feq.s            x11, f23, f14       x11=00000000 f23:4465674a f14:00000000
22424842ns          384918 1c008dbe 00058d63 beq              x11, x0, 26         x11:00000000
22424902ns          384921 1c008dd8 1c0004b7 lui              x9, 0x1c000000       x9=1c000000
22424921ns          384922 1c008ddc 02448493 addi             x9, x9, 36           x9=1c000024  x9:1c000000
22424941ns          384923 1c008de0 0004a483 lw               x9, 0(x9)            x9=34000000  x9:1c000024  PA:1c000024
22425260ns          384939 1c008de2 109bf5d3 fmul.s           f11, f23, f9        f11=xxxxxxxx f23:4465674a  f9:34000000
22425280ns          384940 1c008de6 a0b785d3 fle.s            x11, f15, f11       x11=00000000 f15:41c075b6 f11:38e5674a
22425299ns          384941 1c008dea 06058863 beq              x11, x0, 112        x11:00000000
22425359ns          384944 1c008e5a fe868693 addi             x13, x13, -24       x13=10001f20 x13:10001f38
22425379ns          384945 1c008e5c fe830313 addi             x6, x6, -24          x6=10001f08  x6:10001f20
22425399ns          384946 1c008e5e fe860613 addi             x12, x12, -24       x12=10001f0c x12:10001f24
22425419ns          384947 1c008e60 01d00433 add              x8, x0, x29          x8=00000002 x29:00000002
22425439ns          384948 1c008e62 00100593 addi             x11, x0, 1          x11=00000001
22425459ns          384949 1c008d76 00062783 lw               x15, 0(x12)         x15=c3923d5f x12:10001f0c  PA:10001f0c
22425478ns          384950 1c008d78 fff40e93 addi             x29, x8, -1         x29=00000001  x8:00000002
22425498ns          384951 1c008d7c a0e79553 flt.s            x10, f15, f14       x10=00000001 f15:c3923d5f f14:00000000
22425518ns          384952 1c008d80 00050363 beq              x10, x0, 6          x10:00000001
22425538ns          384953 1c008d82 20f797d3 fsgnjn.s         f15, f15, f15       f15=xxxxxxxx f15:c3923d5f f15:c3923d5f
22425558ns          384954 1c008d86 1c0008b7 lui              x17, 0x1c000000     x17=1c000000
22425578ns          384955 1c008d8a 02088893 addi             x17, x17, 32        x17=1c000020 x17:1c000000
22425598ns          384956 1c008d8e 0008a883 lw               x17, 0(x17)         x17=0d200000 x17:1c000020  PA:1c000020
22425916ns          384972 1c008d92 a1178553 fle.s            x10, f15, f17       x10=00000000 f15:43923d5f f17:0d200000
22425936ns          384973 1c008d96 0c051763 bne              x10, x0, 206        x10:00000000
22425956ns          384974 1c008d98 00032883 lw               x17, 0(x6)          x17=440ae232  x6:10001f08  PA:10001f08
22425996ns          384976 1c008d9c a0e895d3 flt.s            x11, f17, f14       x11=00000000 f17:440ae232 f14:00000000
22426015ns          384977 1c008da0 01100bb3 add              x23, x0, x17        x23=440ae232 x17:440ae232
22426035ns          384978 1c008da2 00058363 beq              x11, x0, 6          x11:00000000
22426095ns          384981 1c008da8 0006a503 lw               x10, 0(x13)         x10=4406ba2c x13:10001f20  PA:10001f20
22426135ns          384983 1c008daa a0e515d3 flt.s            x11, f10, f14       x11=00000000 f10:4406ba2c f14:00000000
22426155ns          384984 1c008dae 00a00e33 add              x28, x0, x10        x28=4406ba2c x10:4406ba2c
22426175ns          384985 1c008db0 00058363 beq              x11, x0, 6          x11:00000000
22426254ns          384989 1c008db6 01cbfbd3 fadd.s           f23, f23, f28       f23=xxxxxxxx f23:440ae232 f28:4406ba2c
22426274ns          384990 1c008dba a0eba5d3 feq.s            x11, f23, f14       x11=00000000 f23:4488ce2f f14:00000000
22426294ns          384991 1c008dbe 00058d63 beq              x11, x0, 26         x11:00000000
22426354ns          384994 1c008dd8 1c0004b7 lui              x9, 0x1c000000       x9=1c000000
22426374ns          384995 1c008ddc 02448493 addi             x9, x9, 36           x9=1c000024  x9:1c000000
22426393ns          384996 1c008de0 0004a483 lw               x9, 0(x9)            x9=34000000  x9:1c000024  PA:1c000024
22426732ns          385013 1c008de2 109bf5d3 fmul.s           f11, f23, f9        f11=xxxxxxxx f23:4488ce2f  f9:34000000
22426751ns          385014 1c008de6 a0b785d3 fle.s            x11, f15, f11       x11=00000000 f15:43923d5f f11:3908ce2f
22426771ns          385015 1c008dea 06058863 beq              x11, x0, 112        x11:00000000
22426831ns          385018 1c008e5a fe868693 addi             x13, x13, -24       x13=10001f08 x13:10001f20
22426851ns          385019 1c008e5c fe830313 addi             x6, x6, -24          x6=10001ef0  x6:10001f08
22426871ns          385020 1c008e5e fe860613 addi             x12, x12, -24       x12=10001ef4 x12:10001f0c
22426891ns          385021 1c008e60 01d00433 add              x8, x0, x29          x8=00000001 x29:00000001
22426911ns          385022 1c008e62 00100593 addi             x11, x0, 1          x11=00000001
22426930ns          385023 1c008d76 00062783 lw               x15, 0(x12)         x15=c3b42660 x12:10001ef4  PA:10001ef4
22426950ns          385024 1c008d78 fff40e93 addi             x29, x8, -1         x29=00000000  x8:00000001
22426970ns          385025 1c008d7c a0e79553 flt.s            x10, f15, f14       x10=00000001 f15:c3b42660 f14:00000000
22426990ns          385026 1c008d80 00050363 beq              x10, x0, 6          x10:00000001
22427010ns          385027 1c008d82 20f797d3 fsgnjn.s         f15, f15, f15       f15=xxxxxxxx f15:c3b42660 f15:c3b42660
22427030ns          385028 1c008d86 1c0008b7 lui              x17, 0x1c000000     x17=1c000000
22427050ns          385029 1c008d8a 02088893 addi             x17, x17, 32        x17=1c000020 x17:1c000000
22427070ns          385030 1c008d8e 0008a883 lw               x17, 0(x17)         x17=0d200000 x17:1c000020  PA:1c000020
22427388ns          385046 1c008d92 a1178553 fle.s            x10, f15, f17       x10=00000000 f15:43b42660 f17:0d200000
22427408ns          385047 1c008d96 0c051763 bne              x10, x0, 206        x10:00000000
22427428ns          385048 1c008d98 00032883 lw               x17, 0(x6)          x17=4411796e  x6:10001ef0  PA:10001ef0
22427468ns          385050 1c008d9c a0e895d3 flt.s            x11, f17, f14       x11=00000000 f17:4411796e f14:00000000
22427487ns          385051 1c008da0 01100bb3 add              x23, x0, x17        x23=4411796e x17:4411796e
22427507ns          385052 1c008da2 00058363 beq              x11, x0, 6          x11:00000000
22427567ns          385055 1c008da8 0006a503 lw               x10, 0(x13)         x10=440ae232 x13:10001f08  PA:10001f08
22427607ns          385057 1c008daa a0e515d3 flt.s            x11, f10, f14       x11=00000000 f10:440ae232 f14:00000000
22427627ns          385058 1c008dae 00a00e33 add              x28, x0, x10        x28=440ae232 x10:440ae232
22427647ns          385059 1c008db0 00058363 beq              x11, x0, 6          x11:00000000
22427726ns          385063 1c008db6 01cbfbd3 fadd.s           f23, f23, f28       f23=xxxxxxxx f23:4411796e f28:440ae232
22427746ns          385064 1c008dba a0eba5d3 feq.s            x11, f23, f14       x11=00000000 f23:448e2dd0 f14:00000000
22427766ns          385065 1c008dbe 00058d63 beq              x11, x0, 26         x11:00000000
22427826ns          385068 1c008dd8 1c0004b7 lui              x9, 0x1c000000       x9=1c000000
22427845ns          385069 1c008ddc 02448493 addi             x9, x9, 36           x9=1c000024  x9:1c000000
22427865ns          385070 1c008de0 0004a483 lw               x9, 0(x9)            x9=34000000  x9:1c000024  PA:1c000024
22428203ns          385087 1c008de2 109bf5d3 fmul.s           f11, f23, f9        f11=xxxxxxxx f23:448e2dd0  f9:34000000
22428223ns          385088 1c008de6 a0b785d3 fle.s            x11, f15, f11       x11=00000000 f15:43b42660 f11:390e2dd0
22428243ns          385089 1c008dea 06058863 beq              x11, x0, 112        x11:00000000
22428303ns          385092 1c008e5a fe868693 addi             x13, x13, -24       x13=10001ef0 x13:10001f08
22428323ns          385093 1c008e5c fe830313 addi             x6, x6, -24          x6=10001ed8  x6:10001ef0
22428343ns          385094 1c008e5e fe860613 addi             x12, x12, -24       x12=10001edc x12:10001ef4
22428363ns          385095 1c008e60 01d00433 add              x8, x0, x29          x8=00000000 x29:00000000
22428382ns          385096 1c008e62 00100593 addi             x11, x0, 1          x11=00000001
22428402ns          385097 1c008e64 01a007b3 add              x15, x0, x26        x15=10001f3c x26:10001f3c
22428422ns          385098 1c008e66 00140e13 addi             x28, x8, 1          x28=00000001  x8:00000000
22428442ns          385099 1c008e6a 01c12e23 sw               x28, 28(x2)         x28:00000001  x2:10001df8  PA:10001e14
22428462ns          385100 1c008e6c 00805e63 bge              x0, x8, 28           x8:00000000
22429317ns          385143 1c008e88 01c12383 lw               x7, 28(x2)           x7=00000001  x2:10001df8  PA:10001e14
22429357ns          385145 1c008e8a 07b3cb63 blt              x7, x27, 118         x7:00000001 x27:00000004
22430272ns          385191 1c008f00 02412503 lw               x10, 36(x2)         x10=00000000  x2:10001df8  PA:10001e1c
22430312ns          385193 1c008f02 4ea52ae3 p.beqimm         x10, 3316           x10:00000000
22430332ns          385194 1c008f06 05412283 lw               x5, 84(x2)           x5=10001f3c  x2:10001df8  PA:10001e4c
22430352ns          385195 1c008f08 03012303 lw               x6, 48(x2)           x6=10001f50  x2:10001df8  PA:10001e28
22430372ns          385196 1c008f0a 01400713 addi             x14, x0, 20         x14=00000014
22430391ns          385197 1c008f0c 0002ab03 lw               x22, 0(x5)          x22=43f994ea  x5:10001f3c  PA:10001f3c
22430789ns          385217 1c008f10 00032783 lw               x15, 0(x6)          x15=4444d6f1  x6:10001f50  PA:10001f50
22430829ns          385219 1c008f14 58e50de3 beq              x10, x14, 3482      x10:00000000 x14:00000014
22430849ns          385220 1c008f18 03412503 lw               x10, 52(x2)         x10=10001f38  x2:10001df8  PA:10001e2c
22430869ns          385221 1c008f1a 05812c03 lw               x24, 88(x2)         x24=10001f4c  x2:10001df8  PA:10001e50
22430889ns          385222 1c008f1c 00052b83 lw               x23, 0(x10)         x23=43bd5a3c x10:10001f38  PA:10001f38
22431306ns          385243 1c008f20 000c2903 lw               x18, 0(x24)         x18=43f994e8 x24:10001f4c  PA:10001f4c
22431346ns          385245 1c008f24 00000713 addi             x14, x0, 0          x14=00000000
22431366ns          385246 1c008f28 a0eb9753 flt.s            x14, f23, f14       x14=00000000 f23:43bd5a3c f14:00000000
22431386ns          385247 1c008f2c 4a0711e3 bne              x14, x0, 3234       x14:00000000
22431824ns          385269 1c008f30 01700733 add              x14, x0, x23        x14=43bd5a3c x23:43bd5a3c
22431863ns          385271 1c008f32 00000693 addi             x13, x0, 0          x13=00000000
22431883ns          385272 1c008f36 a0d916d3 flt.s            x13, f18, f13       x13=00000000 f18:43f994e8 f13:00000000
22431903ns          385273 1c008f3a 01200633 add              x12, x0, x18        x12=43f994e8 x18:43f994e8
22431923ns          385274 1c008f3c 00068363 beq              x13, x0, 6          x13:00000000
22432400ns          385298 1c008f42 00000693 addi             x13, x0, 0          x13=00000000
22432420ns          385299 1c008f46 a0db16d3 flt.s            x13, f22, f13       x13=00000000 f22:43f994ea f13:00000000
22432440ns          385300 1c008f4a 00c77753 fadd.s           f14, f14, f12       f14=xxxxxxxx f14:43bd5a3c f12:43f994e8
22432460ns          385301 1c008f4e 01600633 add              x12, x0, x22        x12=43f994ea x22:43f994ea
22432898ns          385323 1c008f50 00068363 beq              x13, x0, 6          x13:00000000
22432977ns          385327 1c008f56 00000693 addi             x13, x0, 0          x13=00000000
22432997ns          385328 1c008f5a a0d796d3 flt.s            x13, f15, f13       x13=00000000 f15:4444d6f1 f13:00000000
22433435ns          385350 1c008f5e 00c77753 fadd.s           f14, f14, f12       f14=xxxxxxxx f14:445b7792 f12:43f994ea
22433475ns          385352 1c008f62 460692e3 bne              x13, x0, 3172       x13:00000000
22433494ns          385353 1c008f66 00f006b3 add              x13, x0, x15        x13=4444d6f1 x15:4444d6f1
22433514ns          385354 1c008f68 00d77c53 fadd.s           f24, f14, f13       f24=xxxxxxxx f14:44ac2104 f13:4444d6f1
22433534ns          385355 1c008f6c 00000613 addi             x12, x0, 0          x12=00000000
22433952ns          385376 1c008f70 a0cc2753 feq.s            x14, f24, f12       x14=00000000 f24:4507463e f12:00000000
22433992ns          385378 1c008f74 42071be3 bne              x14, x0, 3126       x14:00000000
22434012ns          385379 1c008f78 1c000737 lui              x14, 0x1c000000     x14=1c000000
22434031ns          385380 1c008f7c 04c72703 lw               x14, 76(x14)        x14=3f800000 x14:1c000000  PA:1c00004c
22434509ns          385404 1c008f80 19877753 fdiv.s           f14, f14, f24       f14=xxxxxxxx f14:3f800000 f24:4507463e
22434787ns          385418 1c008f84 10f777d3 fmul.s           f15, f14, f15       f15=xxxxxxxx f14:39f23bcd f15:4444d6f1
22434807ns          385419 1c008f88 1c0006b7 lui              x13, 0x1c000000     x13=1c000000
22434827ns          385420 1c008f8c 0406a683 lw               x13, 64(x13)        x13=3f000000 x13:1c000000  PA:1c000040
22435165ns          385437 1c008f90 79777543 fmadd.s          f10, f14, f23, f15  f10=xxxxxxxx f14:39f23bcd f23:43bd5a3c f15:3eba412b
22435185ns          385438 1c008f94 116775d3 fmul.s           f11, f14, f22       f11=xxxxxxxx f14:39f23bcd f22:43f994ea
22435205ns          385439 1c008f98 10e97953 fmul.s           f18, f18, f14       f18=xxxxxxxx f18:43f994e8 f14:39f23bcd
22435225ns          385440 1c008f9c 10d576d3 fmul.s           f13, f10, f13       f13=xxxxxxxx f10:3f09eb78 f13:3f000000
22435662ns          385462 1c008fa0 1125f5d3 fmul.s           f11, f11, f18       f11=xxxxxxxx f11:3e6c2912 f18:3e6c2910
22435702ns          385464 1c008fa4 69777747 fmsub.s          f14, f14, f23, f13  f14=xxxxxxxx f14:39f23bcd f23:43bd5a3c f13:3e89eb78
22435722ns          385465 1c008fa8 08d7fbd3 fsub.s           f23, f15, f13       f23=xxxxxxxx f15:3eba412b f13:3e89eb78
22435742ns          385466 1c008fac 59777bc7 fmsub.s          f23, f14, f23, f11  f23=xxxxxxxx f14:bdc156d0 f23:3dc156cc f11:3d59dbbe
22436180ns          385488 1c008fb0 a0cb9653 flt.s            x12, f23, f12       x12=00000001 f23:bd7e5cbe f12:00000000
22436219ns          385490 1c008fb4 01700b33 add              x22, x0, x23        x22=bd7e5cbe x23:bd7e5cbe
22436239ns          385491 1c008fb6 00060363 beq              x12, x0, 6          x12:00000001
22436259ns          385492 1c008fb8 217b9b53 fsgnjn.s         f22, f23, f23       f22=xxxxxxxx f23:bd7e5cbe f23:bd7e5cbe
22436279ns          385493 1c008fbc 00000713 addi             x14, x0, 0          x14=00000000
22436697ns          385514 1c008fc0 a1770653 fle.s            x12, f14, f23       x12=00000000 f14:00000000 f23:bd7e5cbe
22436737ns          385516 1c008fc4 580b7b53 fsqrt.s          f22, f22            f22=xxxxxxxx f22:3d7e5cbe
22437552ns          385557 1c008fc8 500609e3 beq              x12, x0, 3346       x12:00000000
22437831ns          385571 1c009cda 0166f5d3 fadd.s           f11, f13, f22       f11=xxxxxxxx f13:3e89eb78 f22:3e7f2e09
22438209ns          385590 1c009cde 0966f6d3 fsub.s           f13, f13, f22       f13=xxxxxxxx f13:3e89eb78 f22:3e7f2e09
22438248ns          385592 1c009ce2 08f5f653 fsub.s           f12, f11, f15       f12=xxxxxxxx f11:3f04c13e f15:3eba412b
22438268ns          385593 1c009ce6 a0e61753 flt.s            x14, f12, f14       x14=00000000 f12:3e1e82a2 f14:00000000
22438288ns          385594 1c009cea 00070363 beq              x14, x0, 6          x14:00000000
22438765ns          385618 1c009cf0 08f6f7d3 fsub.s           f15, f13, f15       f15=xxxxxxxx f13:3ca54738 f15:3eba412b
22438785ns          385619 1c009cf4 00000713 addi             x14, x0, 0          x14=00000000
22438805ns          385620 1c009cf8 a0e79753 flt.s            x14, f15, f14       x14=00000001 f15:beafecb8 f14:00000000
22438825ns          385621 1c009cfc 00070363 beq              x14, x0, 6          x14:00000001
22439243ns          385642 1c009cfe 20f797d3 fsgnjn.s         f15, f15, f15       f15=xxxxxxxx f15:beafecb8 f15:beafecb8
22439283ns          385644 1c009d02 a0f607d3 fle.s            x15, f12, f15       x15=00000001 f12:3e1e82a2 f15:3eafecb8
22439303ns          385645 1c009d06 02078c63 beq              x15, x0, 56         x15:00000001
22439322ns          385646 1c009d08 10bc7cd3 fmul.s           f25, f24, f11       f25=xxxxxxxx f24:4507463e f11:3f04c13e
22439342ns          385647 1c009d0c 00000a93 addi             x21, x0, 0          x21=00000000
22439800ns          385670 1c009d10 01500d33 add              x26, x0, x21        x26=00000000 x21:00000000
22439840ns          385672 1c009d12 ac6ff06f jal              x0, -3386          
22439879ns          385674 1c008fd8 02c12e03 lw               x28, 44(x2)         x28=00000003  x2:10001df8  PA:10001e24
22439919ns          385676 1c008fda 3dc45fe3 bge              x8, x28, 3038        x8:00000000 x28:00000003
22440337ns          385697 1c008fde 00000793 addi             x15, x0, 0          x15=00000000
22440377ns          385699 1c008fe2 a0fa97d3 flt.s            x15, f21, f15       x15=00000000 f21:00000000 f15:00000000
22440396ns          385700 1c008fe6 3c078ce3 beq              x15, x0, 3032       x15:00000000
22441331ns          385747 1c009bbe 01500f33 add              x30, x0, x21        x30=00000000 x21:00000000
22441789ns          385770 1c009bc0 01c00eb3 add              x29, x0, x28        x29=00000003 x28:00000003
22441829ns          385772 1c009bc2 c2eff06f jal              x0, -3026          
22441868ns          385774 1c008ff0 1c000737 lui              x14, 0x1c000000     x14=1c000000
22441888ns          385775 1c008ff4 fffe8793 addi             x15, x29, -1        x15=00000002 x29:00000003
22441908ns          385776 1c008ff8 1c000337 lui              x6, 0x1c000000       x6=1c000000
22441928ns          385777 1c008ffc 01d00a33 add              x20, x0, x29        x20=00000003 x29:00000003
22441948ns          385778 1c008ffe 04c12883 lw               x17, 76(x2)         x17=10001f34  x2:10001df8  PA:10001e44
22442366ns          385799 1c009000 04812803 lw               x16, 72(x2)         x16=10001f08  x2:10001df8  PA:10001e40
22442405ns          385801 1c009002 00000513 addi             x10, x0, 0          x10=00000000
22442425ns          385802 1c009006 04c72f83 lw               x31, 76(x14)        x31=3f800000 x14:1c000000  PA:1c00004c
22442724ns          385817 1c00900a 02432283 lw               x5, 36(x6)           x5=34000000  x6:1c000000  PA:1c000024
22443042ns          385833 1c00900e 408e8eb3 sub              x29, x29, x8        x29=00000003 x29:00000003  x8:00000000
22443062ns          385834 1c009012 5287cce3 blt              x15, x8, 3384       x15:00000002  x8:00000000
22443082ns          385835 1c009016 800007b7 lui              x15, 0x80000000     x15=80000000
22443102ns          385836 1c00901a fff7c793 xori             x15, x15, -1        x15=7fffffff x15:80000000
22443559ns          385859 1c00901e 52f406e3 beq              x8, x15, 3372        x8:00000000 x15:7fffffff
22443599ns          385861 1c009022 08fec0fb lp.setup         0x1, x29, 0x8f      x29:00000003
22443619ns          385862 1c009026 01882583 lw               x11, 24(x16)        x11=4406ba2c x16:10001f08  PA:10001f20
22443639ns          385863 1c00902a fffa0613 addi             x12, x20, -1        x12=00000002 x20:00000003
22444076ns          385885 1c00902e 0995f353 fsub.s           f6, f11, f25         f6=xxxxxxxx f11:4406ba2c f25:448c4ca9
22444116ns          385887 1c009032 a0a317d3 flt.s            x15, f6, f10        x15=00000001  f6:c411df26 f10:00000000
22444136ns          385888 1c009036 00600733 add              x14, x0, x6         x14=c411df26  x6:c411df26
22444156ns          385889 1c009038 00078363 beq              x15, x0, 6          x15:00000001
22444176ns          385890 1c00903a 20631753 fsgnjn.s         f14, f6, f6         f14=xxxxxxxx  f6:c411df26  f6:c411df26
22444593ns          385911 1c00903e 01c82683 lw               x13, 28(x16)        x13=41c075b6 x16:10001f08  PA:10001f24
22444633ns          385913 1c009042 00ef7753 fadd.s           f14, f30, f14       f14=xxxxxxxx f30:00000000 f14:4411df26
22444653ns          385914 1c009046 a0a697d3 flt.s            x15, f13, f10       x15=00000000 f13:41c075b6 f10:00000000
22444673ns          385915 1c00904a 22079fe3 bne              x15, x0, 2622       x15:00000000
22444693ns          385916 1c00904e 00d007b3 add              x15, x0, x13        x15=41c075b6 x13:41c075b6
22445111ns          385937 1c009050 00f77753 fadd.s           f14, f14, f15       f14=xxxxxxxx f14:4411df26 f15:41c075b6
22445150ns          385939 1c009054 18eff753 fdiv.s           f14, f31, f14       f14=xxxxxxxx f31:3f800000 f14:4417e2d4
22445429ns          385953 1c009058 10e37e53 fmul.s           f28, f6, f14        f28=xxxxxxxx  f6:c411df26 f14:3ad7bd9e
22445449ns          385954 1c00905c 10e6f3d3 fmul.s           f7, f13, f14         f7=xxxxxxxx f13:41c075b6 f14:3ad7bd9e
22445727ns          385968 1c009060 0008a783 lw               x15, 0(x17)         x15=41c075b9 x17:10001f34  PA:10001f34
22445767ns          385970 1c009064 106e7353 fmul.s           f6, f28, f6          f6=xxxxxxxx f28:bf75dce9  f6:c411df26
22445787ns          385971 1c009068 0048ae03 lw               x28, 4(x17)         x28=43bd5a3c x17:10001f34  PA:10001f38
22445807ns          385972 1c00906c 11577753 fmul.s           f14, f14, f21       f14=xxxxxxxx f14:3ad7bd9e f21:00000000
22446264ns          385995 1c009070 30f3f7c3 fmadd.s          f15, f7, f15, f6    f15=xxxxxxxx  f7:3d22316a f15:41c075b9  f6:440c1870
22446304ns          385997 1c009074 01c5f6d3 fadd.s           f13, f11, f28       f13=xxxxxxxx f11:4406ba2c f28:43bd5a3c
22446324ns          385998 1c009078 0088a303 lw               x6, 8(x17)           x6=43f994ea x17:10001f34  PA:10001f3c
22446344ns          385999 1c00907c 79a777cb fnmsub.s         f15, f14, f26, f15  f15=xxxxxxxx f14:00000000 f26:00000000 f15:440c5568
22446781ns          386021 1c009080 0996f6d3 fsub.s           f13, f13, f25       f13=xxxxxxxx f13:4465674a f25:448c4ca9
22446821ns          386023 1c009084 1063f353 fmul.s           f6, f7, f6           f6=xxxxxxxx  f7:3d22316a  f6:43f994ea
22446841ns          386024 1c009088 a0a79753 flt.s            x14, f15, f10       x14=00000000 f15:440c5568 f10:00000000
22446861ns          386025 1c00908c 0996f6d3 fsub.s           f13, f13, f25       f13=xxxxxxxx f13:c34cc820 f25:448c4ca9
22447299ns          386047 1c009090 1076f6d3 fmul.s           f13, f13, f7        f13=xxxxxxxx f13:c4a5e5ad  f7:3d22316a
22447338ns          386049 1c009094 00f003b3 add              x7, x0, x15          x7=440c5568 x15:440c5568
22447358ns          386050 1c009096 00070363 beq              x14, x0, 6          x14:00000000
22447856ns          386075 1c00909c a0a69753 flt.s            x14, f13, f10       x14=00000001 f13:c25236ba f10:00000000
22447875ns          386076 1c0090a0 00d00c33 add              x24, x0, x13        x24=c25236ba x13:c25236ba
22447895ns          386077 1c0090a2 00070363 beq              x14, x0, 6          x14:00000001
22447915ns          386078 1c0090a4 20d69c53 fsgnjn.s         f24, f13, f13       f24=xxxxxxxx f13:c25236ba f13:c25236ba
22447935ns          386079 1c0090a8 a0a31753 flt.s            x14, f6, f10        x14=00000000  f6:419e2069 f10:00000000
22447955ns          386080 1c0090ac 007c7c53 fadd.s           f24, f24, f7        f24=xxxxxxxx f24:425236ba  f7:440c5568
22448373ns          386101 1c0090b0 1a071ae3 bne              x14, x0, 2484       x14:00000000
22448412ns          386103 1c0090b4 00600733 add              x14, x0, x6         x14=419e2069  x6:419e2069
22448432ns          386104 1c0090b6 00ec7c53 fadd.s           f24, f24, f14       f24=xxxxxxxx f24:441978d4 f14:419e2069
22448452ns          386105 1c0090ba 1187fbd3 fmul.s           f23, f15, f24       f23=xxxxxxxx f15:440c5568 f24:441e69d7
22449029ns          386134 1c0090be 1186fb53 fmul.s           f22, f13, f24       f22=xxxxxxxx f13:c25236ba f24:441e69d7
22449069ns          386136 1c0090c2 11837953 fmul.s           f18, f6, f24        f18=xxxxxxxx  f6:419e2069 f24:441e69d7
22449089ns          386137 1c0090c6 1a860be3 beq              x12, x8, 2486       x12:00000002  x8:00000000
22449109ns          386138 1c0090ca 00482683 lw               x13, 4(x16)         x13=c3923d5f x16:10001f08  PA:10001f0c
22449546ns          386160 1c0090ce a0a697d3 flt.s            x15, f13, f10       x15=00000001 f13:c3923d5f f10:00000000
22449566ns          386161 1c0090d2 00078363 beq              x15, x0, 6          x15:00000001
22449586ns          386162 1c0090d4 20d696d3 fsgnjn.s         f13, f13, f13       f13=xxxxxxxx f13:c3923d5f f13:c3923d5f
22449606ns          386163 1c0090d8 a0ab17d3 flt.s            x15, f22, f10       x15=00000001 f22:c70214b0 f10:00000000
22449626ns          386164 1c0090dc 01600333 add              x6, x0, x22          x6=c70214b0 x22:c70214b0
22449646ns          386165 1c0090de 00078363 beq              x15, x0, 6          x15:00000001
22450063ns          386186 1c0090e0 216b1353 fsgnjn.s         f6, f22, f22         f6=xxxxxxxx f22:c70214b0 f22:c70214b0
22450103ns          386188 1c0090e4 a0a917d3 flt.s            x15, f18, f10       x15=00000000 f18:4643b2c2 f10:00000000
22450123ns          386189 1c0090e8 01200733 add              x14, x0, x18        x14=4643b2c2 x18:4643b2c2
22450143ns          386190 1c0090ea 00078363 beq              x15, x0, 6          x15:00000000
22450620ns          386214 1c0090f0 00677753 fadd.s           f14, f14, f6        f14=xxxxxxxx f14:4643b2c2  f6:470214b0
22450640ns          386215 1c0090f4 a0ab97d3 flt.s            x15, f23, f10       x15=00000000 f23:48adad76 f10:00000000
22450660ns          386216 1c0090f8 01700333 add              x6, x0, x23          x6=48adad76 x23:48adad76
22450680ns          386217 1c0090fa 10d776d3 fmul.s           f13, f14, f13       f13=xxxxxxxx f14:47330160 f13:43923d5f
22450700ns          386218 1c0090fe 00078363 beq              x15, x0, 6          x15:00000000
22451157ns          386241 1c009104 00082703 lw               x14, 0(x16)         x14=440ae232 x16:10001f08  PA:10001f08
22451177ns          386242 1c009108 10537353 fmul.s           f6, f6, f5           f6=xxxxxxxx  f6:48adad76  f5:34000000
22451197ns          386243 1c00910c a0a717d3 flt.s            x15, f14, f10       x15=00000000 f14:440ae232 f10:00000000
22451655ns          386266 1c009110 00078363 beq              x15, x0, 6          x15:00000000
22451734ns          386270 1c009116 a0a597d3 flt.s            x15, f11, f10       x15=00000000 f11:4406ba2c f10:00000000
22451754ns          386271 1c00911a 00078363 beq              x15, x0, 6          x15:00000000
22452231ns          386295 1c009120 a0ae17d3 flt.s            x15, f28, f10       x15=00000000 f28:43bd5a3c f10:00000000
22452251ns          386296 1c009124 00e5f753 fadd.s           f14, f11, f14       f14=xxxxxxxx f11:4406ba2c f14:440ae232
22452271ns          386297 1c009128 00078363 beq              x15, x0, 6          x15:00000000
22452788ns          386323 1c00912e 01c77753 fadd.s           f14, f14, f28       f14=xxxxxxxx f14:4488ce2f f28:43bd5a3c
22452808ns          386324 1c009132 10677753 fmul.s           f14, f14, f6        f14=xxxxxxxx f14:44b824be  f6:3d2dad76
22452828ns          386325 1c009136 a0e68753 fle.s            x14, f13, f14       x14=00000000 f13:4b4c8365 f14:4279db34
22452848ns          386326 1c00913a 00071463 bne              x14, x0, 8          x14:00000000
22452868ns          386327 1c00913c fe880813 addi             x16, x16, -24       x16=10001ef0 x16:10001f08
22452888ns          386328 1c00913e fe888893 addi             x17, x17, -24       x17=10001f1c x17:10001f34
22453286ns          386348 1c009140 00c00a33 add              x20, x0, x12        x20=00000002 x12:00000002
22453405ns          386354 1c009026 01882583 lw               x11, 24(x16)        x11=440ae232 x16:10001ef0  PA:10001f08
22453425ns          386355 1c00902a fffa0613 addi             x12, x20, -1        x12=00000001 x20:00000002
22453485ns          386358 1c00902e 0995f353 fsub.s           f6, f11, f25         f6=xxxxxxxx f11:440ae232 f25:448c4ca9
22453524ns          386360 1c009032 a0a317d3 flt.s            x15, f6, f10        x15=00000001  f6:c40db720 f10:00000000
22453544ns          386361 1c009036 00600733 add              x14, x0, x6         x14=c40db720  x6:c40db720
22453564ns          386362 1c009038 00078363 beq              x15, x0, 6          x15:00000001
22453584ns          386363 1c00903a 20631753 fsgnjn.s         f14, f6, f6         f14=xxxxxxxx  f6:c40db720  f6:c40db720
22453624ns          386365 1c00903e 01c82683 lw               x13, 28(x16)        x13=c3923d5f x16:10001ef0  PA:10001f0c
22453684ns          386368 1c009042 00ef7753 fadd.s           f14, f30, f14       f14=xxxxxxxx f30:00000000 f14:440db720
22453703ns          386369 1c009046 a0a697d3 flt.s            x15, f13, f10       x15=00000001 f13:c3923d5f f10:00000000
22453723ns          386370 1c00904a 22079fe3 bne              x15, x0, 2622       x15:00000001
22453823ns          386375 1c009a88 20d697d3 fsgnjn.s         f15, f13, f13       f15=xxxxxxxx f13:c3923d5f f13:c3923d5f
22453863ns          386377 1c009a8c dc4ff06f jal              x0, -2620          
22453962ns          386382 1c009050 00f77753 fadd.s           f14, f14, f15       f14=xxxxxxxx f14:440db720 f15:43923d5f
22453982ns          386383 1c009054 18eff753 fdiv.s           f14, f31, f14       f14=xxxxxxxx f31:3f800000 f14:4456d5d0
22454698ns          386419 1c009058 10e37e53 fmul.s           f28, f6, f14        f28=xxxxxxxx  f6:c40db720 f14:3a9886b6
22454718ns          386420 1c00905c 10e6f3d3 fmul.s           f7, f13, f14         f7=xxxxxxxx f13:c3923d5f f14:3a9886b6
22454738ns          386421 1c009060 0008a783 lw               x15, 0(x17)         x15=c3923d5d x17:10001f1c  PA:10001f1c
22454758ns          386422 1c009064 106e7353 fmul.s           f6, f28, f6          f6=xxxxxxxx f28:bf28de9b  f6:c40db720
22454778ns          386423 1c009068 0048ae03 lw               x28, 4(x17)         x28=4406ba2c x17:10001f1c  PA:10001f20
22454797ns          386424 1c00906c 11577753 fmul.s           f14, f14, f21       f14=xxxxxxxx f14:3a9886b6 f21:00000000
22454837ns          386426 1c009070 30f3f7c3 fmadd.s          f15, f7, f15, f6    f15=xxxxxxxx  f7:beae42c9 f15:c3923d5d  f6:43baf6cf
22454877ns          386428 1c009074 01c5f6d3 fadd.s           f13, f11, f28       f13=xxxxxxxx f11:440ae232 f28:4406ba2c
22454897ns          386429 1c009078 0088a303 lw               x6, 8(x17)           x6=41c075b6 x17:10001f1c  PA:10001f24
22454917ns          386430 1c00907c 79a777cb fnmsub.s         f15, f14, f26, f15  f15=xxxxxxxx f14:00000000 f26:00000000 f15:43ecbcbd
22454976ns          386433 1c009080 0996f6d3 fsub.s           f13, f13, f25       f13=xxxxxxxx f13:4488ce2f f25:448c4ca9
22455016ns          386435 1c009084 1063f353 fmul.s           f6, f7, f6           f6=xxxxxxxx  f7:beae42c9  f6:41c075b6
22455036ns          386436 1c009088 a0a79753 flt.s            x14, f15, f10       x14=00000000 f15:43ecbcbd f10:00000000
22455056ns          386437 1c00908c 0996f6d3 fsub.s           f13, f13, f25       f13=xxxxxxxx f13:c1df9e80 f25:448c4ca9
22455116ns          386440 1c009090 1076f6d3 fmul.s           f13, f13, f7        f13=xxxxxxxx f13:c48fcb23  f7:beae42c9
22455155ns          386442 1c009094 00f003b3 add              x7, x0, x15          x7=43ecbcbd x15:43ecbcbd
22455175ns          386443 1c009096 00070363 beq              x14, x0, 6          x14:00000000
22455295ns          386449 1c00909c a0a69753 flt.s            x14, f13, f10       x14=00000000 f13:43c3c32a f10:00000000
22455315ns          386450 1c0090a0 00d00c33 add              x24, x0, x13        x24=43c3c32a x13:43c3c32a
22455334ns          386451 1c0090a2 00070363 beq              x14, x0, 6          x14:00000000
22455394ns          386454 1c0090a8 a0a31753 flt.s            x14, f6, f10        x14=00000001  f6:c1030237 f10:00000000
22455414ns          386455 1c0090ac 007c7c53 fadd.s           f24, f24, f7        f24=xxxxxxxx f24:43c3c32a  f7:43ecbcbd
22455434ns          386456 1c0090b0 1a071ae3 bne              x14, x0, 2484       x14:00000001
22455533ns          386461 1c009a64 20631753 fsgnjn.s         f14, f6, f6         f14=xxxxxxxx  f6:c1030237  f6:c1030237
22455573ns          386463 1c009a68 00ec7c53 fadd.s           f24, f24, f14       f24=xxxxxxxx f24:44583ff4 f14:41030237
22455593ns          386464 1c009a6c 1187fbd3 fmul.s           f23, f15, f24       f23=xxxxxxxx f15:43ecbcbd f24:445a4bfd
22455653ns          386467 1c009a70 1186fb53 fmul.s           f22, f13, f24       f22=xxxxxxxx f13:43c3c32a f24:445a4bfd
22455692ns          386469 1c009a74 11837953 fmul.s           f18, f6, f24        f18=xxxxxxxx  f6:c1030237 f24:445a4bfd
22455712ns          386470 1c009a78 e4861963 bne              x12, x8, -2478      x12:00000001  x8:00000000
22455792ns          386474 1c0090ca 00482683 lw               x13, 4(x16)         x13=c3b42660 x16:10001ef0  PA:10001ef4
22455832ns          386476 1c0090ce a0a697d3 flt.s            x15, f13, f10       x15=00000001 f13:c3b42660 f10:00000000
22455852ns          386477 1c0090d2 00078363 beq              x15, x0, 6          x15:00000001
22455872ns          386478 1c0090d4 20d696d3 fsgnjn.s         f13, f13, f13       f13=xxxxxxxx f13:c3b42660 f13:c3b42660
22455891ns          386479 1c0090d8 a0ab17d3 flt.s            x15, f22, f10       x15=00000000 f22:48a6ee4d f10:00000000
22455911ns          386480 1c0090dc 01600333 add              x6, x0, x22          x6=48a6ee4d x22:48a6ee4d
22455931ns          386481 1c0090de 00078363 beq              x15, x0, 6          x15:00000000
22455991ns          386484 1c0090e4 a0a917d3 flt.s            x15, f18, f10       x15=00000001 f18:c5df6d8c f10:00000000
22456011ns          386485 1c0090e8 01200733 add              x14, x0, x18        x14=c5df6d8c x18:c5df6d8c
22456031ns          386486 1c0090ea 00078363 beq              x15, x0, 6          x15:00000001
22456051ns          386487 1c0090ec 21291753 fsgnjn.s         f14, f18, f18       f14=xxxxxxxx f18:c5df6d8c f18:c5df6d8c
22456090ns          386489 1c0090f0 00677753 fadd.s           f14, f14, f6        f14=xxxxxxxx f14:45df6d8c  f6:48a6ee4d
22456130ns          386491 1c0090f4 a0ab97d3 flt.s            x15, f23, f10       x15=00000000 f23:48c9defe f10:00000000
22456150ns          386492 1c0090f8 01700333 add              x6, x0, x23          x6=48c9defe x23:48c9defe
22456170ns          386493 1c0090fa 10d776d3 fmul.s           f13, f14, f13       f13=xxxxxxxx f14:48aa6c03 f13:43b42660
22456190ns          386494 1c0090fe 00078363 beq              x15, x0, 6          x15:00000000
22456249ns          386497 1c009104 00082703 lw               x14, 0(x16)         x14=4411796e x16:10001ef0  PA:10001ef0
22456269ns          386498 1c009108 10537353 fmul.s           f6, f6, f5           f6=xxxxxxxx  f6:48c9defe  f5:34000000
22456289ns          386499 1c00910c a0a717d3 flt.s            x15, f14, f10       x15=00000000 f14:4411796e f10:00000000
22456349ns          386502 1c009110 00078363 beq              x15, x0, 6          x15:00000000
22456428ns          386506 1c009116 a0a597d3 flt.s            x15, f11, f10       x15=00000000 f11:440ae232 f10:00000000
22456448ns          386507 1c00911a 00078363 beq              x15, x0, 6          x15:00000000
22456508ns          386510 1c009120 a0ae17d3 flt.s            x15, f28, f10       x15=00000000 f28:4406ba2c f10:00000000
22456528ns          386511 1c009124 00e5f753 fadd.s           f14, f11, f14       f14=xxxxxxxx f11:440ae232 f14:4411796e
22456548ns          386512 1c009128 00078363 beq              x15, x0, 6          x15:00000000
22456627ns          386516 1c00912e 01c77753 fadd.s           f14, f14, f28       f14=xxxxxxxx f14:448e2dd0 f28:4406ba2c
22456647ns          386517 1c009132 10677753 fmul.s           f14, f14, f6        f14=xxxxxxxx f14:44d18ae6  f6:3d49defe
22456667ns          386518 1c009136 a0e68753 fle.s            x14, f13, f14       x14=00000000 f13:4cefdafc f14:42a53c95
22456687ns          386519 1c00913a 00071463 bne              x14, x0, 8          x14:00000000
22456707ns          386520 1c00913c fe880813 addi             x16, x16, -24       x16=10001ed8 x16:10001ef0
22456727ns          386521 1c00913e fe888893 addi             x17, x17, -24       x17=10001f04 x17:10001f1c
22456747ns          386522 1c009140 00c00a33 add              x20, x0, x12        x20=00000001 x12:00000001
22456786ns          386524 1c009026 01882583 lw               x11, 24(x16)        x11=4411796e x16:10001ed8  PA:10001ef0
22456806ns          386525 1c00902a fffa0613 addi             x12, x20, -1        x12=00000000 x20:00000001
22456826ns          386526 1c00902e 0995f353 fsub.s           f6, f11, f25         f6=xxxxxxxx f11:4411796e f25:448c4ca9
22456846ns          386527 1c009032 a0a317d3 flt.s            x15, f6, f10        x15=00000001  f6:c4071fe4 f10:00000000
22456866ns          386528 1c009036 00600733 add              x14, x0, x6         x14=c4071fe4  x6:c4071fe4
22456886ns          386529 1c009038 00078363 beq              x15, x0, 6          x15:00000001
22456906ns          386530 1c00903a 20631753 fsgnjn.s         f14, f6, f6         f14=xxxxxxxx  f6:c4071fe4  f6:c4071fe4
22456926ns          386531 1c00903e 01c82683 lw               x13, 28(x16)        x13=c3b42660 x16:10001ed8  PA:10001ef4
22456946ns          386532 1c009042 00ef7753 fadd.s           f14, f30, f14       f14=xxxxxxxx f30:00000000 f14:44071fe4
22456965ns          386533 1c009046 a0a697d3 flt.s            x15, f13, f10       x15=00000001 f13:c3b42660 f10:00000000
22456985ns          386534 1c00904a 22079fe3 bne              x15, x0, 2622       x15:00000001
22457045ns          386537 1c009a88 20d697d3 fsgnjn.s         f15, f13, f13       f15=xxxxxxxx f13:c3b42660 f13:c3b42660
22457065ns          386538 1c009a8c dc4ff06f jal              x0, -2620          
22457105ns          386540 1c009050 00f77753 fadd.s           f14, f14, f15       f14=xxxxxxxx f14:44071fe4 f15:43b42660
22457125ns          386541 1c009054 18eff753 fdiv.s           f14, f31, f14       f14=xxxxxxxx f31:3f800000 f14:44613314
22457542ns          386562 1c009058 10e37e53 fmul.s           f28, f6, f14        f28=xxxxxxxx  f6:c4071fe4 f14:3a9181ac
22457562ns          386563 1c00905c 10e6f3d3 fmul.s           f7, f13, f14         f7=xxxxxxxx f13:c3b42660 f14:3a9181ac
22457582ns          386564 1c009060 0008a783 lw               x15, 0(x17)         x15=c3b42663 x17:10001f04  PA:10001f04
22457602ns          386565 1c009064 106e7353 fmul.s           f6, f28, f6          f6=xxxxxxxx f28:bf199b04  f6:c4071fe4
22457622ns          386566 1c009068 0048ae03 lw               x28, 4(x17)         x28=440ae232 x17:10001f04  PA:10001f08
22457642ns          386567 1c00906c 11577753 fmul.s           f14, f14, f21       f14=xxxxxxxx f14:3a9181ac f21:00000000
22457662ns          386568 1c009070 30f3f7c3 fmadd.s          f15, f7, f15, f6    f15=xxxxxxxx  f7:beccc9fa f15:c3b42663  f6:43a227c3
22457682ns          386569 1c009074 01c5f6d3 fadd.s           f13, f11, f28       f13=xxxxxxxx f11:4411796e f28:440ae232
22457701ns          386570 1c009078 0088a303 lw               x6, 8(x17)           x6=c3923d5f x17:10001f04  PA:10001f0c
22457721ns          386571 1c00907c 79a777cb fnmsub.s         f15, f14, f26, f15  f15=xxxxxxxx f14:00000000 f26:00000000 f15:43ea361f
22457741ns          386572 1c009080 0996f6d3 fsub.s           f13, f13, f25       f13=xxxxxxxx f13:448e2dd0 f25:448c4ca9
22457761ns          386573 1c009084 1063f353 fmul.s           f6, f7, f6           f6=xxxxxxxx  f7:beccc9fa  f6:c3923d5f
22457781ns          386574 1c009088 a0a79753 flt.s            x14, f15, f10       x14=00000000 f15:43ea361f f10:00000000
22457801ns          386575 1c00908c 0996f6d3 fsub.s           f13, f13, f25       f13=xxxxxxxx f13:41709380 f25:448c4ca9
22457821ns          386576 1c009090 1076f6d3 fmul.s           f13, f13, f7        f13=xxxxxxxx f13:c48a6b82  f7:beccc9fa
22457841ns          386577 1c009094 00f003b3 add              x7, x0, x15          x7=43ea361f x15:43ea361f
22457861ns          386578 1c009096 00070363 beq              x14, x0, 6          x14:00000000
22457920ns          386581 1c00909c a0a69753 flt.s            x14, f13, f10       x14=00000000 f13:43dd75c2 f10:00000000
22457940ns          386582 1c0090a0 00d00c33 add              x24, x0, x13        x24=43dd75c2 x13:43dd75c2
22457960ns          386583 1c0090a2 00070363 beq              x14, x0, 6          x14:00000000
22458020ns          386586 1c0090a8 a0a31753 flt.s            x14, f6, f10        x14=00000000  f6:42e9f891 f10:00000000
22458040ns          386587 1c0090ac 007c7c53 fadd.s           f24, f24, f7        f24=xxxxxxxx f24:43dd75c2  f7:43ea361f
22458059ns          386588 1c0090b0 1a071ae3 bne              x14, x0, 2484       x14:00000000
22458079ns          386589 1c0090b4 00600733 add              x14, x0, x6         x14=42e9f891  x6:42e9f891
22458099ns          386590 1c0090b6 00ec7c53 fadd.s           f24, f24, f14       f24=xxxxxxxx f24:4463d5f0 f14:42e9f891
22458119ns          386591 1c0090ba 1187fbd3 fmul.s           f23, f15, f24       f23=xxxxxxxx f15:43ea361f f24:44808a81
22458139ns          386592 1c0090be 1186fb53 fmul.s           f22, f13, f24       f22=xxxxxxxx f13:43dd75c2 f24:44808a81
22458159ns          386593 1c0090c2 11837953 fmul.s           f18, f6, f24        f18=xxxxxxxx  f6:42e9f891 f24:44808a81
22458179ns          386594 1c0090c6 1a860be3 beq              x12, x8, 2486       x12:00000000  x8:00000000
22458278ns          386599 1c009a7c 09212623 sw               x18, 140(x2)        x18:47eaf5bd  x2:10001df8  PA:10001e84
22458298ns          386600 1c009a7e 09712223 sw               x23, 132(x2)        x23:48eb338d  x2:10001df8  PA:10001e7c
22458318ns          386601 1c009a80 09612423 sw               x22, 136(x2)        x22:48de6564  x2:10001df8  PA:10001e80
22458338ns          386602 1c009a82 01c12a03 lw               x20, 28(x2)         x20=00000001  x2:10001df8  PA:10001e14
22458358ns          386603 1c009a84 ecaff06f jal              x0, -2358          
22458457ns          386608 1c00914e 002a1813 slli             x16, x20, 0x2       x16=00000004 x20:00000001
22458497ns          386610 1c009152 400006b7 lui              x13, 0x40000000     x13=40000000
22458517ns          386611 1c009156 01812383 lw               x7, 24(x2)           x7=10001ef0  x2:10001df8  PA:10001e10
22458537ns          386612 1c009158 014807b3 add              x15, x16, x20       x15=00000005 x16:00000004 x20:00000001
22458557ns          386613 1c00915c ff568693 addi             x13, x13, -11       x13=3ffffff5 x13:40000000
22458577ns          386614 1c00915e 00f008b3 add              x17, x0, x15        x17=00000005 x15:00000005
22458597ns          386615 1c009160 014686b3 add              x13, x13, x20       x13=3ffffff6 x13:3ffffff5 x20:00000001
22458616ns          386616 1c009162 00279793 slli             x15, x15, 0x2       x15=00000014 x15:00000005
22458636ns          386617 1c009164 011686b3 add              x13, x13, x17       x13=3ffffffb x13:3ffffff6 x17:00000005
22458656ns          386618 1c009166 06038513 addi             x10, x7, 96         x10=10001f50  x7:10001ef0
22458676ns          386619 1c00916a 05012483 lw               x9, 80(x2)           x9=10001f54  x2:10001df8  PA:10001e48
22458696ns          386620 1c00916c fec78613 addi             x12, x15, -20       x12=00000000 x15:00000014
22458974ns          386634 1c009170 00269693 slli             x13, x13, 0x2       x13=ffffffec x13:3ffffffb
22458994ns          386635 1c009172 01050533 add              x10, x10, x16       x10=10001f54 x10:10001f50 x16:00000004
22459014ns          386636 1c009174 014005b3 add              x11, x0, x20        x11=00000001 x20:00000001
22459034ns          386637 1c009176 00f48733 add              x14, x9, x15        x14=10001f68  x9:10001f54 x15:00000014
22459054ns          386638 1c00917a 05812023 sw               x24, 64(x2)         x24:44808a81  x2:10001df8  PA:10001e38
22459074ns          386639 1c00917c 05912223 sw               x25, 68(x2)         x25:448c4ca9  x2:10001df8  PA:10001e3c
22459094ns          386640 1c00917e 007787b3 add              x15, x15, x7        x15=10001f04 x15:00000014  x7:10001ef0
22459492ns          386660 1c009180 01400cb3 add              x25, x0, x20        x25=00000001 x20:00000001
22459512ns          386661 1c009182 007686b3 add              x13, x13, x7        x13=10001edc x13:ffffffec  x7:10001ef0
22459531ns          386662 1c009184 00c38fb3 add              x31, x7, x12        x31=10001ef0  x7:10001ef0 x12:00000000
22459551ns          386663 1c009188 01100c33 add              x24, x0, x17        x24=00000005 x17:00000005
22459571ns          386664 1c00918a 00a00a33 add              x20, x0, x10        x20=10001f54 x10:10001f54
22459591ns          386665 1c00918c 0bb587e3 beq              x11, x27, 2222      x11:00000001 x27:00000004
22460009ns          386686 1c009190 16bccbe3 blt              x25, x11, 2422      x25:00000001 x11:00000001
22460049ns          386688 1c009194 08412503 lw               x10, 132(x2)        x10=48eb338d  x2:10001df8  PA:10001e7c
22460068ns          386689 1c009196 08812803 lw               x16, 136(x2)        x16=48de6564  x2:10001df8  PA:10001e80
22460088ns          386690 1c009198 00000613 addi             x12, x0, 0          x12=00000000
22460108ns          386691 1c00919c a0c81653 flt.s            x12, f16, f12       x12=00000000 f16:48de6564 f12:00000000
22460506ns          386711 1c0091a0 00060363 beq              x12, x0, 6          x12:00000000
22460586ns          386715 1c0091a6 1c000e37 lui              x28, 0x1c000000     x28=1c000000
22460606ns          386716 1c0091aa 01ce0e13 addi             x28, x28, 28        x28=1c00001c x28:1c000000
22461083ns          386740 1c0091ae 000e2e03 lw               x28, 0(x28)         x28=00800000 x28:1c00001c  PA:1c00001c
22461481ns          386760 1c0091b2 a10e1653 flt.s            x12, f28, f16       x12=00000001 f28:00800000 f16:48de6564
22461501ns          386761 1c0091b6 10061be3 bne              x12, x0, 2326       x12:00000001
22462416ns          386807 1c009acc 1c000337 lui              x6, 0x1c000000       x6=1c000000
22462873ns          386830 1c009ad0 01c30313 addi             x6, x6, 28           x6=1c00001c  x6:1c000000
22462913ns          386832 1c009ad4 00000893 addi             x17, x0, 0          x17=00000000
22462933ns          386833 1c009ad8 1c0003b7 lui              x7, 0x1c000000       x7=1c000000
22462953ns          386834 1c009adc 00032303 lw               x6, 0(x6)            x6=00800000  x6:1c00001c  PA:1c00001c
22463390ns          386856 1c009ae0 04c38393 addi             x7, x7, 76           x7=1c00004c  x7:1c000000
22463410ns          386857 1c009ae4 19037653 fdiv.s           f12, f6, f16        f12=xxxxxxxx  f6:00800000 f16:48de6564
22464186ns          386896 1c009ae8 111678d3 fmul.s           f17, f12, f17       f17=xxxxxxxx f12:00000012 f17:00000000
22464206ns          386897 1c009aec 0003a383 lw               x7, 0(x7)            x7=3f800000  x7:1c00004c  PA:1c00004c
22464544ns          386914 1c009af0 38c8f8c3 fmadd.s          f17, f17, f12, f7   f17=xxxxxxxx f17:00000000 f12:00000012  f7:3f800000
22464564ns          386915 1c009af4 ed4ff06f jal              x0, -2348          
22464604ns          386917 1c0091c8 08c12603 lw               x12, 140(x2)        x12=47eaf5bd  x2:10001df8  PA:10001e84
22464623ns          386918 1c0091ca 00000313 addi             x6, x0, 0            x6=00000000
22464683ns          386921 1c0091ce a0661353 flt.s            x6, f12, f6          x6=00000000 f12:47eaf5bd  f6:00000000
22464723ns          386923 1c0091d2 00030463 beq              x6, x0, 8            x6:00000000
22464802ns          386927 1c0091da a0c81353 flt.s            x6, f16, f12         x6=00000000 f16:48de6564 f12:47eaf5bd
22465160ns          386945 1c0091de 10030de3 beq              x6, x0, 2330         x6:00000000
22465220ns          386948 1c009af8 19067653 fdiv.s           f12, f12, f16       f12=xxxxxxxx f12:47eaf5bd f16:48de6564
22465976ns          386986 1c009afc 88c678c3 fmadd.s          f17, f12, f12, f17  f17=xxxxxxxx f12:3e873b2b f12:3e873b2b f17:3f800000
22465996ns          386987 1c009b00 01000633 add              x12, x0, x16        x12=48de6564 x16:48de6564
22466016ns          386988 1c009b02 ef8ff06f jal              x0, -2312          
22466135ns          386994 1c0091fa 5808f853 fsqrt.s          f16, f17            f16=xxxxxxxx f17:3f88edef
22467090ns          387042 1c0091fe 10c87653 fmul.s           f12, f16, f12       f12=xxxxxxxx f16:3f8463b3 f12:48de6564
22467110ns          387043 1c009202 00300893 addi             x17, x0, 3          x17=00000003
22467130ns          387044 1c009204 00200e93 addi             x29, x0, 2          x29=00000002
22467150ns          387045 1c009206 00000813 addi             x16, x0, 0          x16=00000000
22467169ns          387046 1c00920a a1062353 feq.s            x6, f12, f16         x6=00000000 f12:48e605c9 f16:00000000
22467209ns          387048 1c00920e 040318e3 bne              x6, x0, 2128         x6:00000000
22467249ns          387050 1c009212 a1051853 flt.s            x16, f10, f16       x16=00000000 f10:48eb338d f16:00000000
22467269ns          387051 1c009216 180812e3 bne              x16, x0, 2436       x16:00000000
22467289ns          387052 1c00921a 00a00833 add              x16, x0, x10        x16=48eb338d x10:48eb338d
22467309ns          387053 1c00921c 00000313 addi             x6, x0, 0            x6=00000000
22467527ns          387064 1c009220 a0661353 flt.s            x6, f12, f6          x6=00000000 f12:48e605c9  f6:00000000
22467567ns          387066 1c009224 00030463 beq              x6, x0, 8            x6:00000000
22467627ns          387069 1c00922c a0c81353 flt.s            x6, f16, f12         x6=00000000 f16:48eb338d f12:48e605c9
22468084ns          387092 1c009230 12031ce3 bne              x6, x0, 2360         x6:00000000
22468124ns          387094 1c009234 a1061353 flt.s            x6, f12, f16         x6=00000001 f12:48e605c9 f16:48eb338d
22468144ns          387095 1c009238 18031fe3 bne              x6, x0, 2462         x6:00000001
22469119ns          387144 1c009bd6 1c000337 lui              x6, 0x1c000000       x6=1c000000
22469139ns          387145 1c009bda 04c30313 addi             x6, x6, 76           x6=1c00004c  x6:1c000000
22469616ns          387169 1c009bde 00032303 lw               x6, 0(x6)            x6=3f800000  x6:1c00004c  PA:1c00004c
22469954ns          387186 1c009be2 19067653 fdiv.s           f12, f12, f16       f12=xxxxxxxx f12:48e605c9 f16:48eb338d
22470412ns          387209 1c009be6 30c67643 fmadd.s          f12, f12, f12, f6   f12=xxxxxxxx f12:3f7a5d00 f12:3f7a5d00  f6:3f800000
22470432ns          387210 1c009bea 58067653 fsqrt.s          f12, f12            f12=xxxxxxxx f12:3ffa6ce3
22471247ns          387251 1c009bee 10c87653 fmul.s           f12, f16, f12       f12=xxxxxxxx f16:48eb338d f12:3fb3099d
22471267ns          387252 1c009bf2 e62ff06f jal              x0, -2462          
22471347ns          387256 1c009254 00000813 addi             x16, x0, 0          x16=00000000
22471386ns          387258 1c009258 a0a80853 fle.s            x16, f16, f10       x16=00000001 f16:00000000 f10:48eb338d
22471406ns          387259 1c00925c 00080463 beq              x16, x0, 8          x16:00000001
22471466ns          387262 1c009260 20c61653 fsgnjn.s         f12, f12, f12       f12=xxxxxxxx f12:49247de1 f12:49247de1
22471506ns          387264 1c009264 00000813 addi             x16, x0, 0          x16=00000000
22471526ns          387265 1c009268 a1061853 flt.s            x16, f12, f16       x16=00000001 f12:c9247de1 f16:00000000
22471545ns          387266 1c00926c 12081be3 bne              x16, x0, 2358       x16:00000001
22472222ns          387300 1c009ba2 20c61853 fsgnjn.s         f16, f12, f12       f16=xxxxxxxx f12:c9247de1 f12:c9247de1
22472242ns          387301 1c009ba6 eccff06f jal              x0, -2356          
22472301ns          387304 1c009272 1c0004b7 lui              x9, 0x1c000000       x9=1c000000
22472321ns          387305 1c009276 03048493 addi             x9, x9, 48           x9=1c000030  x9:1c000000
22472341ns          387306 1c00927a 0004a483 lw               x9, 0(x9)            x9=0c000000  x9:1c000030  PA:1c000030
22472838ns          387331 1c00927c a0981853 flt.s            x16, f16, f9        x16=00000000 f16:49247de1  f9:0c000000
22472858ns          387332 1c009280 0a080ce3 beq              x16, x0, 2232       x16:00000000
22473375ns          387358 1c009b38 1c000337 lui              x6, 0x1c000000       x6=1c000000
22473415ns          387360 1c009b3c 04c32803 lw               x16, 76(x6)         x16=3f800000  x6:1c000000  PA:1c00004c
22473893ns          387384 1c009b40 08c57353 fsub.s           f6, f10, f12         f6=xxxxxxxx f10:48eb338d f12:c9247de1
22473912ns          387385 1c009b44 18687853 fdiv.s           f16, f16, f6        f16=xxxxxxxx f16:3f800000  f6:498d0bd4  PA:10001e80
22474708ns          387425 1c009b48 08812303 lw               x6, 136(x2)          x6=xxxxxxxx  x2:10001df8
22474728ns          387426 1c009b4a 08a679d3 fsub.s           f19, f12, f10       f19=xxxxxxxx f12:c9247de1 f10:48eb338d
22474987ns          387439 1c009b4e 11037353 fmul.s           f6, f6, f16          f6=xxxxxxxx  f6:48de6564 f16:3568522f
22475006ns          387440 1c009b52 18c9f9d3 fdiv.s           f19, f19, f12       f19=xxxxxxxx f19:c98d0bd4 f12:c9247de1  PA:10001e80
22475822ns          387481 1c009b56 08612423 sw               x6, 136(x2)          x6:3ec9d348  x2:10001df8
22475842ns          387482 1c009b58 0038b663 p.bneimm         x17, 12             x17:00000003  PA:10001e84
22475862ns          387483 1c009b5c 08c12503 lw               x10, 140(x2)        x10=xxxxxxxx  x2:10001df8
22475901ns          387485 1c009b5e 11057853 fmul.s           f16, f10, f16       f16=xxxxxxxx f10:47eaf5bd f16:3568522f
22476100ns          387495 1c009b62 09012623 sw               x16, 140(x2)        x16:3dd53a21  x2:10001df8  PA:10001e84
22476120ns          387496 1c009b64 00c00533 add              x10, x0, x12        x10=c9247de1 x12:c9247de1
22476140ns          387497 1c009b66 87fff06f jal              x0, -1922          
22476896ns          387535 1c0093e4 08a12223 sw               x10, 132(x2)        x10:c9247de1  x2:10001df8  PA:10001e7c
22476936ns          387537 1c0093e6 4cbcd763 bge              x25, x11, 1230      x25:00000001 x11:00000001
22477095ns          387545 1c0098b4 01c12383 lw               x7, 28(x2)           x7=00000001  x2:10001df8  PA:10001e14
22477135ns          387547 1c0098b6 b593d1e3 bge              x7, x25, -1214       x7:00000001 x25:00000001
22477354ns          387558 1c0093f8 08812b83 lw               x23, 136(x2)        x23=3ec9d348  x2:10001df8  PA:10001e80
22477393ns          387560 1c0093fa 1179fb53 fmul.s           f22, f19, f23       f22=xxxxxxxx f19:3fdb82f4 f23:3ec9d348
22477811ns          387581 1c0093fe 4c38bd63 p.bneimm         x17, 1242           x17:00000003
22477851ns          387583 1c009402 01468313 addi             x6, x13, 20          x6=10001ef0 x13:10001edc
22477871ns          387584 1c009406 406a08b3 sub              x17, x20, x6        x17=00000064 x20:10001f54  x6:10001ef0
22477891ns          387585 1c00940a 08c12d03 lw               x26, 140(x2)        x26=3dd53a21  x2:10001df8  PA:10001e84
22477910ns          387586 1c00940c fec88893 addi             x17, x17, -20       x17=00000050 x17:00000064
22478328ns          387607 1c00940e 0cccd637 lui              x12, 0xcccd000      x12=0cccd000
22478368ns          387609 1c009412 0028d893 srli             x17, x17, 0x2       x17=00000014 x17:00000050
22478388ns          387610 1c009416 ccd60613 addi             x12, x12, -819      x12=0ccccccd x12:0cccd000
22478408ns          387611 1c00941a 02c888b3 mul              x17, x17, x12       x17=00000004 x17:00000014 x12:0ccccccd
22478865ns          387634 1c00941e 113d7ad3 fmul.s           f21, f26, f19       f21=xxxxxxxx f26:3dd53a21 f19:3fdb82f4
22478885ns          387635 1c009422 01868693 addi             x13, x13, 24        x13=10001ef4 x13:10001edc
22478905ns          387636 1c009424 c3e8b8b3 p.bclr           x17, x17, 1, 30     x17=00000004 x17:00000004
22478925ns          387637 1c009428 02d12423 sw               x13, 40(x2)         x13:10001ef4  x2:10001df8  PA:10001e20
22478945ns          387638 1c00942a 00d00533 add              x10, x0, x13        x10=10001ef4 x13:10001ef4
22478965ns          387639 1c00942c 00188893 addi             x17, x17, 1         x17=00000005 x17:00000004
22479362ns          387659 1c00942e 0168c0fb lp.setup         0x1, x17, 0x16      x17:00000005
22479382ns          387660 1c009432 00052603 lw               x12, 0(x10)         x12=c3b42660 x10:10001ef4  PA:10001ef4
22479402ns          387661 1c009434 00032803 lw               x16, 0(x6)          x16=4411796e  x6:10001ef0  PA:10001ef0
22479422ns          387662 1c009438 00452e03 lw               x28, 4(x10)         x28=00000000 x10:10001ef4  PA:10001ef8
22479442ns          387663 1c00943c 817676c3 fmadd.s          f13, f12, f23, f16  f13=xxxxxxxx f12:c3b42660 f23:3ec9d348 f16:4411796e
22479900ns          387686 1c009440 01450513 addi             x10, x10, 20        x10=10001f08 x10:10001ef4
22479939ns          387688 1c009442 69cd76c3 fmadd.s          f13, f26, f28, f13  f13=xxxxxxxx f26:3dd53a21 f28:00000000 f13:43dbef74
22479959ns          387689 1c009446 8136f84b fnmsub.s         f16, f13, f19, f16  f16=xxxxxxxx f13:43dbef74 f19:3fdb82f4 f16:4411796e
22479979ns          387690 1c00944a 6166f64b fnmsub.s         f12, f13, f22, f12  f12=xxxxxxxx f13:43dbef74 f22:3f2d0efc f12:c3b42660
22480397ns          387711 1c00944e e0daf6cb fnmsub.s         f13, f21, f13, f28  f13=xxxxxxxx f21:3e36d5cd f13:43dbef74 f28:00000000
22480437ns          387713 1c009452 01032a2b p.sw             x16, 20(x6!)         x6=10001f04 x16:c32c73ae  x6:10001ef0  PA:10001ef0
22480456ns          387714 1c009456 fec52623 sw               x12, -20(x10)       x12:c4246a08 x10:10001f08  PA:10001ef4
22480476ns          387715 1c00945a fed52823 sw               x13, -16(x10)       x13:c29d13eb x10:10001f08  PA:10001ef8
22480496ns          387716 1c009432 00052603 lw               x12, 0(x10)         x12=440ae232 x10:10001f08  PA:10001f08
22480516ns          387717 1c009434 00032803 lw               x16, 0(x6)          x16=c3b42663  x6:10001f04  PA:10001f04
22480536ns          387718 1c009438 00452e03 lw               x28, 4(x10)         x28=c3923d5f x10:10001f08  PA:10001f0c
22480556ns          387719 1c00943c 817676c3 fmadd.s          f13, f12, f23, f16  f13=xxxxxxxx f12:440ae232 f23:3ec9d348 f16:c3b42663
22480576ns          387720 1c009440 01450513 addi             x10, x10, 20        x10=10001f1c x10:10001f08
22480596ns          387721 1c009442 69cd76c3 fmadd.s          f13, f26, f28, f13  f13=xxxxxxxx f26:3dd53a21 f28:c3923d5f f13:c30d5054
22480616ns          387722 1c009446 8136f84b fnmsub.s         f16, f13, f19, f16  f16=xxxxxxxx f13:c32bc3e5 f19:3fdb82f4 f16:c3b42663
22480635ns          387723 1c00944a 6166f64b fnmsub.s         f12, f13, f22, f12  f12=xxxxxxxx f13:c32bc3e5 f22:3f2d0efc f12:440ae232
22480655ns          387724 1c00944e e0daf6cb fnmsub.s         f13, f21, f13, f28  f13=xxxxxxxx f21:3e36d5cd f13:c32bc3e5 f28:c3923d5f
22480675ns          387725 1c009452 01032a2b p.sw             x16, 20(x6!)         x6=10001f18 x16:c28377c4  x6:10001f04  PA:10001f04
22480695ns          387726 1c009456 fec52623 sw               x12, -20(x10)       x12:4427e98e x10:10001f1c  PA:10001f08
22480715ns          387727 1c00945a fed52823 sw               x13, -16(x10)       x13:c382e7c8 x10:10001f1c  PA:10001f0c
22480735ns          387728 1c009432 00052603 lw               x12, 0(x10)         x12=c3923d5d x10:10001f1c  PA:10001f1c
22480755ns          387729 1c009434 00032803 lw               x16, 0(x6)          x16=b79cbc43  x6:10001f18  PA:10001f18
22480775ns          387730 1c009438 00452e03 lw               x28, 4(x10)         x28=4406ba2c x10:10001f1c  PA:10001f20
22480795ns          387731 1c00943c 817676c3 fmadd.s          f13, f12, f23, f16  f13=xxxxxxxx f12:c3923d5d f23:3ec9d348 f16:b79cbc43
22480815ns          387732 1c009440 01450513 addi             x10, x10, 20        x10=10001f30 x10:10001f1c
22480834ns          387733 1c009442 69cd76c3 fmadd.s          f13, f26, f28, f13  f13=xxxxxxxx f26:3dd53a21 f28:4406ba2c f13:c2e695c2
22480854ns          387734 1c009446 8136f84b fnmsub.s         f16, f13, f19, f16  f16=xxxxxxxx f13:c26cbc88 f19:3fdb82f4 f16:b79cbc43
22480874ns          387735 1c00944a 6166f64b fnmsub.s         f12, f13, f22, f12  f12=xxxxxxxx f13:c26cbc88 f22:3f2d0efc f12:c3923d5d
22480894ns          387736 1c00944e e0daf6cb fnmsub.s         f13, f21, f13, f28  f13=xxxxxxxx f21:3e36d5cd f13:c26cbc88 f28:4406ba2c
22480914ns          387737 1c009452 01032a2b p.sw             x16, 20(x6!)         x6=10001f2c x16:42cafe5f  x6:10001f18  PA:10001f18
22480934ns          387738 1c009456 fec52623 sw               x12, -20(x10)       x12:c37c7869 x10:10001f30  PA:10001f1c
22480954ns          387739 1c00945a fed52823 sw               x13, -16(x10)       x13:44095e7b x10:10001f30  PA:10001f20
22480974ns          387740 1c009432 00052603 lw               x12, 0(x10)         x12=b6ad9940 x10:10001f30  PA:10001f30
22480994ns          387741 1c009434 00032803 lw               x16, 0(x6)          x16=b4ff63a7  x6:10001f2c  PA:10001f2c
22481013ns          387742 1c009438 00452e03 lw               x28, 4(x10)         x28=41c075b9 x10:10001f30  PA:10001f34
22481033ns          387743 1c00943c 817676c3 fmadd.s          f13, f12, f23, f16  f13=xxxxxxxx f12:b6ad9940 f23:3ec9d348 f16:b4ff63a7
22481053ns          387744 1c009440 01450513 addi             x10, x10, 20        x10=10001f44 x10:10001f30
22481073ns          387745 1c009442 69cd76c3 fmadd.s          f13, f26, f28, f13  f13=xxxxxxxx f26:3dd53a21 f28:41c075b9 f13:b628c90e
22481093ns          387746 1c009446 8136f84b fnmsub.s         f16, f13, f19, f16  f16=xxxxxxxx f13:40204d9c f19:3fdb82f4 f16:b4ff63a7
22481113ns          387747 1c00944a 6166f64b fnmsub.s         f12, f13, f22, f12  f12=xxxxxxxx f13:40204d9c f22:3f2d0efc f12:b6ad9940
22481133ns          387748 1c00944e e0daf6cb fnmsub.s         f13, f21, f13, f28  f13=xxxxxxxx f21:3e36d5cd f13:40204d9c f28:41c075b9
22481153ns          387749 1c009452 01032a2b p.sw             x16, 20(x6!)         x6=10001f40 x16:c0897466  x6:10001f2c  PA:10001f2c
22481173ns          387750 1c009456 fec52623 sw               x12, -20(x10)       x12:bfd8bbd4 x10:10001f44  PA:10001f30
22481192ns          387751 1c00945a fed52823 sw               x13, -16(x10)       x13:41bce1d1 x10:10001f44  PA:10001f34
22481212ns          387752 1c009432 00052603 lw               x12, 0(x10)         x12=37be1be7 x10:10001f44  PA:10001f44
22481232ns          387753 1c009434 00032803 lw               x16, 0(x6)          x16=b62b0aa2  x6:10001f40  PA:10001f40
22481252ns          387754 1c009438 00452e03 lw               x28, 4(x10)         x28=b6ec2dfc x10:10001f44  PA:10001f48
22481272ns          387755 1c00943c 817676c3 fmadd.s          f13, f12, f23, f16  f13=xxxxxxxx f12:37be1be7 f23:3ec9d348 f16:b62b0aa2
22481292ns          387756 1c009440 01450513 addi             x10, x10, 20        x10=10001f58 x10:10001f44
22481312ns          387757 1c009442 69cd76c3 fmadd.s          f13, f26, f28, f13  f13=xxxxxxxx f26:3dd53a21 f28:b6ec2dfc f13:36d63c4d
22481332ns          387758 1c009446 8136f84b fnmsub.s         f16, f13, f19, f16  f16=xxxxxxxx f13:36bda551 f19:3fdb82f4 f16:b62b0aa2
22481352ns          387759 1c00944a 6166f64b fnmsub.s         f12, f13, f22, f12  f12=xxxxxxxx f13:36bda551 f22:3f2d0efc f12:37be1be7
22481371ns          387760 1c00944e e0daf6cb fnmsub.s         f13, f21, f13, f28  f13=xxxxxxxx f21:3e36d5cd f13:36bda551 f28:b6ec2dfc
22481391ns          387761 1c009452 01032a2b p.sw             x16, 20(x6!)         x6=10001f54 x16:b74d6017  x6:10001f40  PA:10001f40
22481411ns          387762 1c009456 fec52623 sw               x12, -20(x10)       x12:379e0ef3 x10:10001f58  PA:10001f44
22481431ns          387763 1c00945a fed52823 sw               x13, -16(x10)       x13:b707053b x10:10001f58  PA:10001f48
22481889ns          387786 1c00945e 00158513 addi             x10, x11, 1         x10=00000002 x11:00000001
22481908ns          387787 1c009462 02a12023 sw               x10, 32(x2)         x10:00000002  x2:10001df8  PA:10001e18
22481928ns          387788 1c009464 73b55263 bge              x10, x27, 1828      x10:00000002 x27:00000004
22481948ns          387789 1c009468 00258593 addi             x11, x11, 2         x11=00000003 x11:00000001
22481968ns          387790 1c00946a ffbc0913 addi             x18, x24, -5        x18=00000000 x24:00000005
22482386ns          387811 1c00946e 005c0613 addi             x12, x24, 5         x12=0000000a x24:00000005
22482426ns          387813 1c009472 3005cb63 blt              x11, x0, 790        x11:00000003
22482446ns          387814 1c009476 00400513 addi             x10, x0, 4          x10=00000004
22482465ns          387815 1c009478 00000693 addi             x13, x0, 0          x13=00000000
22482485ns          387816 1c00947a 0cb55963 bge              x10, x11, 210       x10:00000004 x11:00000003
22483420ns          387863 1c00954c 01812803 lw               x16, 24(x2)         x16=10001ef0  x2:10001df8  PA:10001e10
22483858ns          387885 1c00954e 00d90333 add              x6, x18, x13         x6=00000000 x18:00000000 x13:00000000
22483898ns          387887 1c009552 00dc08b3 add              x17, x24, x13       x17=00000005 x24:00000005 x13:00000000
22483917ns          387888 1c009556 00231313 slli             x6, x6, 0x2          x6=00000000  x6:00000000
22483937ns          387889 1c009558 00289893 slli             x17, x17, 0x2       x17=00000014 x17:00000005
22483957ns          387890 1c00955a 01030333 add              x6, x6, x16          x6=10001ef0  x6:00000000 x16:10001ef0
22483977ns          387891 1c00955c 010888b3 add              x17, x17, x16       x17=10001f04 x17:00000014 x16:10001ef0
22484395ns          387912 1c00955e 00032e83 lw               x29, 0(x6)          x29=c32c73ae  x6:10001ef0  PA:10001ef0
22484435ns          387914 1c009562 0008a803 lw               x16, 0(x17)         x16=c28377c4 x17:10001f04  PA:10001f04
22484455ns          387915 1c009566 00d60e33 add              x28, x12, x13       x28=0000000a x12:0000000a x13:00000000
22484474ns          387916 1c00956a 01812283 lw               x5, 24(x2)           x5=10001ef0  x2:10001df8  PA:10001e10
22484494ns          387917 1c00956c 002e1e13 slli             x28, x28, 0x2       x28=00000028 x28:0000000a
22484514ns          387918 1c00956e 005e0e33 add              x28, x28, x5        x28=10001f18 x28:00000028  x5:10001ef0
22484912ns          387938 1c009570 e90bf843 fmadd.s          f16, f23, f16, f29  f16=xxxxxxxx f23:3ec9d348 f16:c28377c4 f29:c32c73ae
22484952ns          387940 1c009574 000e2f03 lw               x30, 0(x28)         x30=42cafe5f x28:10001f18  PA:10001f18
22484972ns          387941 1c009578 00168513 addi             x10, x13, 1         x10=00000001 x13:00000000
22484992ns          387942 1c00957c 81ed7843 fmadd.s          f16, f26, f30, f16  f16=xxxxxxxx f26:3dd53a21 f30:42cafe5f f16:c3465d10
22485449ns          387965 1c009580 e909fecb fnmsub.s         f29, f19, f16, f29  f29=xxxxxxxx f19:3fdb82f4 f16:c33bcbd4 f29:c32c73ae
22485489ns          387967 1c009584 01d32023 sw               x29, 0(x6)          x29:43159b30  x6:10001ef0  PA:10001ef0
22485509ns          387968 1c009588 0008a303 lw               x6, 0(x17)           x6=c28377c4 x17:10001f04  PA:10001f04
22485549ns          387970 1c00958c 310b734b fnmsub.s         f6, f22, f16, f6     f6=xxxxxxxx f22:3f2d0efc f16:c33bcbd4  f6:c28377c4
22485946ns          387990 1c009590 0068a023 sw               x6, 0(x17)           x6:4274df69 x17:10001f04  PA:10001f04
22485986ns          387992 1c009594 000e2f03 lw               x30, 0(x28)         x30=42cafe5f x28:10001f18  PA:10001f18
22486026ns          387994 1c009598 f10af84b fnmsub.s         f16, f21, f16, f30  f16=xxxxxxxx f21:3e36d5cd f16:c33bcbd4 f30:42cafe5f
22486046ns          387995 1c00959c 010e2023 sw               x16, 0(x28)         x16:4307071f x28:10001f18  PA:10001f18
22486483ns          388017 1c0095a0 1ea5c463 blt              x11, x10, 488       x11:00000003 x10:00000001
22486523ns          388019 1c0095a4 01250e33 add              x28, x10, x18       x28=00000001 x10:00000001 x18:00000000
22486543ns          388020 1c0095a8 01850333 add              x6, x10, x24         x6=00000006 x10:00000001 x24:00000005
22486563ns          388021 1c0095ac 002e1e13 slli             x28, x28, 0x2       x28=00000004 x28:00000001
22486583ns          388022 1c0095ae 00231313 slli             x6, x6, 0x2          x6=00000018  x6:00000006
22486981ns          388042 1c0095b0 00530333 add              x6, x6, x5           x6=10001f08  x6:00000018  x5:10001ef0
22487001ns          388043 1c0095b2 005e0e33 add              x28, x28, x5        x28=10001ef4 x28:00000004  x5:10001ef0
22487020ns          388044 1c0095b4 000e2e83 lw               x29, 0(x28)         x29=c4246a08 x28:10001ef4  PA:10001ef4
22487040ns          388045 1c0095b8 00032883 lw               x17, 0(x6)          x17=4427e98e  x6:10001f08  PA:10001f08
22487060ns          388046 1c0095bc 00c50533 add              x10, x10, x12       x10=0000000b x10:00000001 x12:0000000a
22487080ns          388047 1c0095be 00251513 slli             x10, x10, 0x2       x10=0000002c x10:0000000b
22487538ns          388070 1c0095c0 00550533 add              x10, x10, x5        x10=10001f1c x10:0000002c  x5:10001ef0
22487577ns          388072 1c0095c2 e91bf8c3 fmadd.s          f17, f23, f17, f29  f17=xxxxxxxx f23:3ec9d348 f17:4427e98e f29:c4246a08
22487597ns          388073 1c0095c6 00052f03 lw               x30, 0(x10)         x30=c37c7869 x10:10001f1c  PA:10001f1c
22487617ns          388074 1c0095ca 00268813 addi             x16, x13, 2         x16=00000002 x13:00000000
22488035ns          388095 1c0095ce 89ed78c3 fmadd.s          f17, f26, f30, f17  f17=xxxxxxxx f26:3dd53a21 f30:c37c7869 f17:c3c4731b
22488075ns          388097 1c0095d2 e919fecb fnmsub.s         f29, f19, f17, f29  f29=xxxxxxxx f19:3fdb82f4 f17:c3d197b3 f29:c4246a08
22488095ns          388098 1c0095d6 01de2023 sw               x29, 0(x28)         x29:4274df4f x28:10001ef4  PA:10001ef4
22488114ns          388099 1c0095da 00032e03 lw               x28, 0(x6)          x28=4427e98e  x6:10001f08  PA:10001f08
22488572ns          388122 1c0095de e11b7e4b fnmsub.s         f28, f22, f17, f28  f28=xxxxxxxx f22:3f2d0efc f17:c3d197b3 f28:4427e98e
22488612ns          388124 1c0095e2 01c32023 sw               x28, 0(x6)          x28:446ec172  x6:10001f08  PA:10001f08
22488632ns          388125 1c0095e6 00052f03 lw               x30, 0(x10)         x30=c37c7869 x10:10001f1c  PA:10001f1c
22488671ns          388127 1c0095ea f11af8cb fnmsub.s         f17, f21, f17, f30  f17=xxxxxxxx f21:3e36d5cd f17:c3d197b3 f30:c37c7869
22489069ns          388147 1c0095ee 01152023 sw               x17, 0(x10)         x17:c3319ff7 x10:10001f1c  PA:10001f1c
22489109ns          388149 1c0095f2 1905cb63 blt              x11, x16, 406       x11:00000003 x16:00000002
22489129ns          388150 1c0095f6 01280e33 add              x28, x16, x18       x28=00000002 x16:00000002 x18:00000000
22489149ns          388151 1c0095fa 01880333 add              x6, x16, x24         x6=00000007 x16:00000002 x24:00000005
22489169ns          388152 1c0095fe 002e1e13 slli             x28, x28, 0x2       x28=00000008 x28:00000002
22489606ns          388174 1c009600 00231313 slli             x6, x6, 0x2          x6=0000001c  x6:00000007
22489626ns          388175 1c009602 00530333 add              x6, x6, x5           x6=10001f0c  x6:0000001c  x5:10001ef0
22489646ns          388176 1c009604 005e0e33 add              x28, x28, x5        x28=10001ef8 x28:00000008  x5:10001ef0
22489666ns          388177 1c009606 000e2e83 lw               x29, 0(x28)         x29=c29d13eb x28:10001ef8  PA:10001ef8
22489686ns          388178 1c00960a 00032883 lw               x17, 0(x6)          x17=c382e7c8  x6:10001f0c  PA:10001f0c
22490103ns          388199 1c00960e 00c80533 add              x10, x16, x12       x10=0000000c x16:00000002 x12:0000000a
22490123ns          388200 1c009612 00251513 slli             x10, x10, 0x2       x10=00000030 x10:0000000c
22490143ns          388201 1c009614 00550533 add              x10, x10, x5        x10=10001f20 x10:00000030  x5:10001ef0
22490163ns          388202 1c009616 e91bf8c3 fmadd.s          f17, f23, f17, f29  f17=xxxxxxxx f23:3ec9d348 f17:c382e7c8 f29:c29d13eb
22490183ns          388203 1c00961a 00052f03 lw               x30, 0(x10)         x30=44095e7b x10:10001f20  PA:10001f20
22490641ns          388226 1c00961e 00368813 addi             x16, x13, 3         x16=00000003 x13:00000000
22490680ns          388228 1c009622 89ed78c3 fmadd.s          f17, f26, f30, f17  f17=xxxxxxxx f26:3dd53a21 f30:44095e7b f17:c335bdfb
22490700ns          388229 1c009626 e919fecb fnmsub.s         f29, f19, f17, f29  f29=xxxxxxxx f19:3fdb82f4 f17:c2f91129 f29:c29d13eb
22490720ns          388230 1c00962a 01de2023 sw               x29, 0(x28)         x29:43070721 x28:10001ef8  PA:10001ef8
22491138ns          388251 1c00962e 00032e03 lw               x28, 0(x6)          x28=c382e7c8  x6:10001f0c  PA:10001f0c
22491178ns          388253 1c009632 e11b7e4b fnmsub.s         f28, f22, f17, f28  f28=xxxxxxxx f22:3f2d0efc f17:c2f91129 f28:c382e7c8
22491197ns          388254 1c009636 01c32023 sw               x28, 0(x6)          x28:c3319ffa  x6:10001f0c  PA:10001f0c
22491217ns          388255 1c00963a 00052f03 lw               x30, 0(x10)         x30=44095e7b x10:10001f20  PA:10001f20
22491695ns          388279 1c00963e f11af8cb fnmsub.s         f17, f21, f17, f30  f17=xxxxxxxx f21:3e36d5cd f17:c2f91129 f30:44095e7b
22491735ns          388281 1c009642 01152023 sw               x17, 0(x10)         x17:440eed8d x10:10001f20  PA:10001f20
22491754ns          388282 1c009646 1505c163 blt              x11, x16, 322       x11:00000003 x16:00000003
22491774ns          388283 1c00964a 01280e33 add              x28, x16, x18       x28=00000003 x16:00000003 x18:00000000
22492192ns          388304 1c00964e 01880333 add              x6, x16, x24         x6=00000008 x16:00000003 x24:00000005
22492212ns          388305 1c009652 002e1e13 slli             x28, x28, 0x2       x28=0000000c x28:00000003
22492232ns          388306 1c009654 00231313 slli             x6, x6, 0x2          x6=00000020  x6:00000008
22492252ns          388307 1c009656 00530333 add              x6, x6, x5           x6=10001f10  x6:00000020  x5:10001ef0
22492272ns          388308 1c009658 005e0e33 add              x28, x28, x5        x28=10001efc x28:0000000c  x5:10001ef0
22492291ns          388309 1c00965a 000e2e83 lw               x29, 0(x28)         x29=00000000 x28:10001efc  PA:10001efc
22492729ns          388331 1c00965e 00032883 lw               x17, 0(x6)          x17=00000000  x6:10001f10  PA:10001f10
22492769ns          388333 1c009662 00c80533 add              x10, x16, x12       x10=0000000d x16:00000003 x12:0000000a
22492789ns          388334 1c009666 00251513 slli             x10, x10, 0x2       x10=00000034 x10:0000000d
22492809ns          388335 1c009668 00550533 add              x10, x10, x5        x10=10001f24 x10:00000034  x5:10001ef0
22492829ns          388336 1c00966a e91bf8c3 fmadd.s          f17, f23, f17, f29  f17=xxxxxxxx f23:3ec9d348 f17:00000000 f29:00000000
22493226ns          388356 1c00966e 00052f03 lw               x30, 0(x10)         x30=41c075b6 x10:10001f24  PA:10001f24
22493266ns          388358 1c009672 00468813 addi             x16, x13, 4         x16=00000004 x13:00000000
22493286ns          388359 1c009676 89ed78c3 fmadd.s          f17, f26, f30, f17  f17=xxxxxxxx f26:3dd53a21 f30:41c075b6 f17:00000000
22493306ns          388360 1c00967a e919fecb fnmsub.s         f29, f19, f17, f29  f29=xxxxxxxx f19:3fdb82f4 f17:40204da4 f29:00000000
22493763ns          388383 1c00967e 01de2023 sw               x29, 0(x28)         x29:c089746c x28:10001efc  PA:10001efc
22493803ns          388385 1c009682 00032e03 lw               x28, 0(x6)          x28=00000000  x6:10001f10  PA:10001f10
22493843ns          388387 1c009686 e11b7e4b fnmsub.s         f28, f22, f17, f28  f28=xxxxxxxx f22:3f2d0efc f17:40204da4 f28:00000000
22493863ns          388388 1c00968a 01c32023 sw               x28, 0(x6)          x28:bfd8bbb4  x6:10001f10  PA:10001f10
22494281ns          388409 1c00968e 00052f03 lw               x30, 0(x10)         x30=41c075b6 x10:10001f24  PA:10001f24
22494320ns          388411 1c009692 f11af8cb fnmsub.s         f17, f21, f17, f30  f17=xxxxxxxx f21:3e36d5cd f17:40204da4 f30:41c075b6
22494340ns          388412 1c009696 01152023 sw               x17, 0(x10)         x17:41bce1cd x10:10001f24  PA:10001f24
22494360ns          388413 1c00969a 0f05c763 blt              x11, x16, 238       x11:00000003 x16:00000004
22495275ns          388459 1c009788 ff072383 lw               x7, -16(x14)         x7=00000000 x14:10001f68  PA:10001f58
22495315ns          388461 1c00978c 00472283 lw               x5, 4(x14)           x5=bf4acdb8 x14:10001f68  PA:10001f6c
22495733ns          388482 1c009790 fec72483 lw               x9, -20(x14)         x9=3f800000 x14:10001f68  PA:10001f54
22495772ns          388484 1c009794 00072403 lw               x8, 0(x14)           x8=00000000 x14:10001f68  PA:10001f68
22495792ns          388485 1c009796 ffc72c03 lw               x24, -4(x14)        x24=00000000 x14:10001f68  PA:10001f64
22495812ns          388486 1c00979a 01072883 lw               x17, 16(x14)        x17=3eb194f6 x14:10001f68  PA:10001f78
22496270ns          388509 1c00979e ff472f03 lw               x30, -12(x14)       x30=00000000 x14:10001f68  PA:10001f5c
22496309ns          388511 1c0097a2 00872e83 lw               x29, 8(x14)         x29=3efaca0e x14:10001f68  PA:10001f70
22496329ns          388512 1c0097a6 3972f543 fmadd.s          f10, f5, f23, f7    f10=xxxxxxxx  f5:bf4acdb8 f23:3ec9d348  f7:00000000
22496349ns          388513 1c0097aa 49747843 fmadd.s          f16, f8, f23, f9    f16=xxxxxxxx  f8:00000000 f23:3ec9d348  f9:3f800000
22496767ns          388534 1c0097ae c178f943 fmadd.s          f18, f17, f23, f24  f18=xxxxxxxx f17:3eb194f6 f23:3ec9d348 f24:00000000
22496807ns          388536 1c0097b2 01872c03 lw               x24, 24(x14)        x24=bf154776 x14:10001f68  PA:10001f80
22496827ns          388537 1c0097b6 01472883 lw               x17, 20(x14)        x17=00000000 x14:10001f68  PA:10001f7c
22496846ns          388538 1c0097ba ff872e03 lw               x28, -8(x14)        x28=00000000 x14:10001f68  PA:10001f60
22497304ns          388561 1c0097be 00c72303 lw               x6, 12(x14)          x6=3de22488 x14:10001f68  PA:10001f74
22497344ns          388563 1c0097c2 f17ef5c3 fmadd.s          f11, f29, f23, f30  f11=xxxxxxxx f29:3efaca0e f23:3ec9d348 f30:00000000
22497364ns          388564 1c0097c6 518d7543 fmadd.s          f10, f26, f24, f10  f10=xxxxxxxx f26:3dd53a21 f24:bf154776 f10:be9fe2e6
22497384ns          388565 1c0097ca 01c72c03 lw               x24, 28(x14)        x24=bef09ce7 x14:10001f68  PA:10001f84
22497801ns          388586 1c0097ce 811d7843 fmadd.s          f16, f26, f17, f16  f16=xxxxxxxx f26:3dd53a21 f17:00000000 f16:3f800000
22497841ns          388588 1c0097d2 e17376c3 fmadd.s          f13, f6, f23, f28   f13=xxxxxxxx  f6:3de22488 f23:3ec9d348 f28:00000000
22497861ns          388589 1c0097d6 598d75c3 fmadd.s          f11, f26, f24, f11  f11=xxxxxxxx f26:3dd53a21 f24:bef09ce7 f11:3e45b7a0
22497881ns          388590 1c0097da 02072c03 lw               x24, 32(x14)        x24=bc95077c x14:10001f68  PA:10001f88
22498358ns          388614 1c0097de 4909f4cb fnmsub.s         f9, f19, f16, f9     f9=xxxxxxxx f19:3fdb82f4 f16:3f800000  f9:3f800000
22498398ns          388616 1c0097e2 698d76c3 fmadd.s          f13, f26, f24, f13  f13=xxxxxxxx f26:3dd53a21 f24:bc95077c f13:3d324952
22498418ns          388617 1c0097e6 4168744b fnmsub.s         f8, f16, f22, f8     f8=xxxxxxxx f16:3f800000 f22:3f2d0efc  f8:00000000
22498438ns          388618 1c0097ea 02472c03 lw               x24, 36(x14)        x24=bf2993be x14:10001f68  PA:10001f8c
22498855ns          388639 1c0097ee 890af84b fnmsub.s         f16, f21, f16, f17  f16=xxxxxxxx f21:3e36d5cd f16:3f800000 f17:00000000
22498895ns          388641 1c0097f2 01872883 lw               x17, 24(x14)        x17=bf154776 x14:10001f68  PA:10001f80
22498915ns          388642 1c0097f6 918d7943 fmadd.s          f18, f26, f24, f18  f18=xxxxxxxx f26:3dd53a21 f24:bf2993be f18:3e0c0085
22498935ns          388643 1c0097fa 38a9f3cb fnmsub.s         f7, f19, f10, f7     f7=xxxxxxxx f19:3fdb82f4 f10:bebef87d  f7:00000000
22499392ns          388666 1c0097fe 01c72c03 lw               x24, 28(x14)        x24=bef09ce7 x14:10001f68  PA:10001f84
22499432ns          388668 1c009802 296572cb fnmsub.s         f5, f10, f22, f5     f5=xxxxxxxx f10:bebef87d f22:3f2d0efc  f5:bf4acdb8
22499452ns          388669 1c009806 88aaf54b fnmsub.s         f10, f21, f10, f17  f10=xxxxxxxx f21:3e36d5cd f10:bebef87d f17:bf154776
22499472ns          388670 1c00980a 02072883 lw               x17, 32(x14)        x17=bc95077c x14:10001f68  PA:10001f88
22499890ns          388691 1c00980e f0b9ff4b fnmsub.s         f30, f19, f11, f30  f30=xxxxxxxx f19:3fdb82f4 f11:3e139d54 f30:00000000
22499930ns          388693 1c009812 e965fecb fnmsub.s         f29, f11, f22, f29  f29=xxxxxxxx f11:3e139d54 f22:3f2d0efc f29:3efaca0e
22499949ns          388694 1c009816 e0d9fe4b fnmsub.s         f28, f19, f13, f28  f28=xxxxxxxx f19:3fdb82f4 f13:3d2a8741 f28:00000000
22499969ns          388695 1c00981a c0baf5cb fnmsub.s         f11, f21, f11, f24  f11=xxxxxxxx f21:3e36d5cd f11:3e139d54 f24:bef09ce7
22500427ns          388718 1c00981e 3166f34b fnmsub.s         f6, f13, f22, f6     f6=xxxxxxxx f13:3d2a8741 f22:3f2d0efc  f6:3de22488
22500467ns          388720 1c009822 ffc72c03 lw               x24, -4(x14)        x24=00000000 x14:10001f68  PA:10001f64
22500486ns          388721 1c009826 88daf6cb fnmsub.s         f13, f21, f13, f17  f13=xxxxxxxx f21:3e36d5cd f13:3d2a8741 f17:bc95077c
22500506ns          388722 1c00982a c129fc4b fnmsub.s         f24, f19, f18, f24  f24=xxxxxxxx f19:3fdb82f4 f18:3d8ac29c f24:00000000
22500526ns          388723 1c00982e 00b72e23 sw               x11, 28(x14)        x11:befdca8b x14:10001f68  PA:10001f84
22500944ns          388744 1c009830 02d72023 sw               x13, 32(x14)        x13:bcd1ecc6 x14:10001f68  PA:10001f88
22500964ns          388745 1c009832 01072683 lw               x13, 16(x14)        x13=3eb194f6 x14:10001f68  PA:10001f78
22500984ns          388746 1c009834 ff872e23 sw               x24, -4(x14)        x24:bdedf6ed x14:10001f68  PA:10001f64
22501004ns          388747 1c009838 69697c4b fnmsub.s         f24, f18, f22, f13  f24=xxxxxxxx f18:3d8ac29c f22:3f2d0efc f13:3eb194f6
22501024ns          388748 1c00983c 02472683 lw               x13, 36(x14)        x13=bf2993be x14:10001f68  PA:10001f8c
22501481ns          388771 1c00983e fe972623 sw               x9, -20(x14)         x9:bf3705e8 x14:10001f68  PA:10001f54
22501521ns          388773 1c009842 692af8cb fnmsub.s         f17, f21, f18, f13  f17=xxxxxxxx f21:3e36d5cd f18:3d8ac29c f13:bf2993be
22501541ns          388774 1c009846 00872023 sw               x8, 0(x14)           x8:bf2d0efc x14:10001f68  PA:10001f68
22501561ns          388775 1c009848 01072a23 sw               x16, 20(x14)        x16:be36d5cd x14:10001f68  PA:10001f7c
22501580ns          388776 1c00984c fe772823 sw               x7, -16(x14)         x7:3f23c043 x14:10001f68  PA:10001f58
22501978ns          388796 1c009850 00572223 sw               x5, 4(x14)           x5:bf0a412b x14:10001f68  PA:10001f6c
22502018ns          388798 1c009854 00a72c23 sw               x10, 24(x14)        x10:bf043af1 x14:10001f68  PA:10001f80
22502038ns          388799 1c009856 ffe72a23 sw               x30, -12(x14)       x30:be7d2633 x14:10001f68  PA:10001f5c
22502058ns          388800 1c00985a 01d72423 sw               x29, 8(x14)         x29:3ec8e513 x14:10001f68  PA:10001f70
22502515ns          388823 1c00985e ffc72c23 sw               x28, -8(x14)        x28:bd9238f0 x14:10001f68  PA:10001f60
22502535ns          388824 1c009862 02012583 lw               x11, 32(x2)         x11=00000002  x2:10001df8  PA:10001e18
22502555ns          388825 1c009864 00672623 sw               x6, 12(x14)          x6:3da880d7 x14:10001f68  PA:10001f74
22502575ns          388826 1c009868 01872823 sw               x24, 16(x14)        x24:3e9a218d x14:10001f68  PA:10001f78
22502595ns          388827 1c00986c 03172223 sw               x17, 36(x14)        x17:bf2cac90 x14:10001f68  PA:10001f8c
22503013ns          388848 1c009870 01470713 addi             x14, x14, 20        x14=10001f7c x14:10001f68
22503032ns          388849 1c009872 01478793 addi             x15, x15, 20        x15=10001f18 x15:10001f04
22503052ns          388850 1c009874 004a0a13 addi             x20, x20, 4         x20=10001f58 x20:10001f54
22503072ns          388851 1c009876 02812683 lw               x13, 40(x2)         x13=10001ef4  x2:10001df8  PA:10001e20
22503092ns          388852 1c009878 00c00c33 add              x24, x0, x12        x24=0000000a x12:0000000a
22503112ns          388853 1c00987a 014f8f93 addi             x31, x31, 20        x31=10001f04 x31:10001ef0
22503132ns          388854 1c00987c 90bdd8e3 bge              x27, x11, -1776     x27:00000004 x11:00000002
22504067ns          388901 1c00918c 0bb587e3 beq              x11, x27, 2222      x11:00000002 x27:00000004
22504146ns          388905 1c009190 16bccbe3 blt              x25, x11, 2422      x25:00000001 x11:00000002
22504206ns          388908 1c009b06 0006a503 lw               x10, 0(x13)         x10=4274df4f x13:10001ef4  PA:10001ef4
22504226ns          388909 1c009b08 0046a803 lw               x16, 4(x13)         x16=43070721 x13:10001ef4  PA:10001ef8
22504266ns          388911 1c009b0c 0086a603 lw               x12, 8(x13)         x12=c089746c x13:10001ef4  PA:10001efc
22504305ns          388913 1c009b0e 08a12223 sw               x10, 132(x2)        x10:4274df4f  x2:10001df8  PA:10001e7c
22504723ns          388934 1c009b10 09012423 sw               x16, 136(x2)        x16:43070721  x2:10001df8  PA:10001e80
22504763ns          388936 1c009b12 08c12623 sw               x12, 140(x2)        x12:c089746c  x2:10001df8  PA:10001e84
22504783ns          388937 1c009b14 e82ff06f jal              x0, -2430          
22504823ns          388939 1c009196 08812803 lw               x16, 136(x2)        x16=43070721  x2:10001df8  PA:10001e80
22504843ns          388940 1c009198 00000613 addi             x12, x0, 0          x12=00000000
22504862ns          388941 1c00919c a0c81653 flt.s            x12, f16, f12       x12=00000000 f16:43070721 f12:00000000
22505240ns          388960 1c0091a0 00060363 beq              x12, x0, 6          x12:00000000
22505320ns          388964 1c0091a6 1c000e37 lui              x28, 0x1c000000     x28=1c000000
22505340ns          388965 1c0091aa 01ce0e13 addi             x28, x28, 28        x28=1c00001c x28:1c000000
22505399ns          388968 1c0091ae 000e2e03 lw               x28, 0(x28)         x28=00800000 x28:1c00001c  PA:1c00001c
22505738ns          388985 1c0091b2 a10e1653 flt.s            x12, f28, f16       x12=00000001 f28:00800000 f16:43070721
22505758ns          388986 1c0091b6 10061be3 bne              x12, x0, 2326       x12:00000001
22505917ns          388994 1c009acc 1c000337 lui              x6, 0x1c000000       x6=1c000000
22505996ns          388998 1c009ad0 01c30313 addi             x6, x6, 28           x6=1c00001c  x6:1c000000
22506036ns          389000 1c009ad4 00000893 addi             x17, x0, 0          x17=00000000
22506056ns          389001 1c009ad8 1c0003b7 lui              x7, 0x1c000000       x7=1c000000
22506076ns          389002 1c009adc 00032303 lw               x6, 0(x6)            x6=00800000  x6:1c00001c  PA:1c00001c
22506414ns          389019 1c009ae0 04c38393 addi             x7, x7, 76           x7=1c00004c  x7:1c000000
22506434ns          389020 1c009ae4 19037653 fdiv.s           f12, f6, f16        f12=xxxxxxxx  f6:00800000 f16:43070721
22507130ns          389055 1c009ae8 111678d3 fmul.s           f17, f12, f17       f17=xxxxxxxx f12:0000f2ad f17:00000000
22507150ns          389056 1c009aec 0003a383 lw               x7, 0(x7)            x7=3f800000  x7:1c00004c  PA:1c00004c
22507488ns          389073 1c009af0 38c8f8c3 fmadd.s          f17, f17, f12, f7   f17=xxxxxxxx f17:00000000 f12:0000f2ad  f7:3f800000
22507508ns          389074 1c009af4 ed4ff06f jal              x0, -2348          
22507587ns          389078 1c0091c8 08c12603 lw               x12, 140(x2)        x12=c089746c  x2:10001df8  PA:10001e84
22507627ns          389080 1c0091ca 00000313 addi             x6, x0, 0            x6=00000000
22507687ns          389083 1c0091ce a0661353 flt.s            x6, f12, f6          x6=00000001 f12:c089746c  f6:00000000
22507727ns          389085 1c0091d2 00030463 beq              x6, x0, 8            x6:00000001
22507747ns          389086 1c0091d6 20c61653 fsgnjn.s         f12, f12, f12       f12=xxxxxxxx f12:c089746c f12:c089746c
22507766ns          389087 1c0091da a0c81353 flt.s            x6, f16, f12         x6=00000000 f16:43070721 f12:4089746c
22507826ns          389090 1c0091de 10030de3 beq              x6, x0, 2330         x6:00000000
22507886ns          389093 1c009af8 19067653 fdiv.s           f12, f12, f16       f12=xxxxxxxx f12:4089746c f16:43070721
22508383ns          389118 1c009afc 88c678c3 fmadd.s          f17, f12, f12, f17  f17=xxxxxxxx f12:3d024cf5 f12:3d024cf5 f17:3f800000
22508403ns          389119 1c009b00 01000633 add              x12, x0, x16        x12=43070721 x16:43070721
22508423ns          389120 1c009b02 ef8ff06f jal              x0, -2312          
22508542ns          389126 1c0091fa 5808f853 fsqrt.s          f16, f17            f16=xxxxxxxx f17:3f802129
22509497ns          389174 1c0091fe 10c87653 fmul.s           f12, f16, f12       f12=xxxxxxxx f16:3f801093 f12:43070721
22509517ns          389175 1c009202 00300893 addi             x17, x0, 3          x17=00000003
22509537ns          389176 1c009204 00200e93 addi             x29, x0, 2          x29=00000002
22509557ns          389177 1c009206 00000813 addi             x16, x0, 0          x16=00000000
22509577ns          389178 1c00920a a1062353 feq.s            x6, f12, f16         x6=00000000 f12:4307189d f16:00000000
22509616ns          389180 1c00920e 040318e3 bne              x6, x0, 2128         x6:00000000
22509656ns          389182 1c009212 a1051853 flt.s            x16, f10, f16       x16=00000000 f10:4274df4f f16:00000000
22509676ns          389183 1c009216 180812e3 bne              x16, x0, 2436       x16:00000000
22509696ns          389184 1c00921a 00a00833 add              x16, x0, x10        x16=4274df4f x10:4274df4f
22509716ns          389185 1c00921c 00000313 addi             x6, x0, 0            x6=00000000
22509756ns          389187 1c009220 a0661353 flt.s            x6, f12, f6          x6=00000000 f12:4307189d  f6:00000000
22509795ns          389189 1c009224 00030463 beq              x6, x0, 8            x6:00000000
22509855ns          389192 1c00922c a0c81353 flt.s            x6, f16, f12         x6=00000001 f16:4274df4f f12:4307189d
22509915ns          389195 1c009230 12031ce3 bne              x6, x0, 2360         x6:00000001
22510014ns          389200 1c009b68 1c0002b7 lui              x5, 0x1c000000       x5=1c000000
22510054ns          389202 1c009b6c 04c28293 addi             x5, x5, 76           x5=1c00004c  x5:1c000000
22510114ns          389205 1c009b70 0002a283 lw               x5, 0(x5)            x5=3f800000  x5:1c00004c  PA:1c00004c
22510452ns          389222 1c009b74 18c87853 fdiv.s           f16, f16, f12       f16=xxxxxxxx f16:4274df4f f12:4307189d
22511009ns          389250 1c009b78 29087843 fmadd.s          f16, f16, f16, f5   f16=xxxxxxxx f16:3ee8028e f16:3ee8028e  f5:3f800000
22511029ns          389251 1c009b7c 58087853 fsqrt.s          f16, f16            f16=xxxxxxxx f16:3f9a4894
22512123ns          389306 1c009b80 11067653 fmul.s           f12, f12, f16       f12=xxxxxxxx f12:4307189d f16:3f8c8753
22512142ns          389307 1c009b84 ed0ff06f jal              x0, -2352          
22512222ns          389311 1c009254 00000813 addi             x16, x0, 0          x16=00000000
22512262ns          389313 1c009258 a0a80853 fle.s            x16, f16, f10       x16=00000001 f16:00000000 f10:4274df4f
22512282ns          389314 1c00925c 00080463 beq              x16, x0, 8          x16:00000001
22512341ns          389317 1c009260 20c61653 fsgnjn.s         f12, f12, f12       f12=xxxxxxxx f12:431451bf f12:431451bf
22512381ns          389319 1c009264 00000813 addi             x16, x0, 0          x16=00000000
22512401ns          389320 1c009268 a1061853 flt.s            x16, f12, f16       x16=00000001 f12:c31451bf f16:00000000
22512421ns          389321 1c00926c 12081be3 bne              x16, x0, 2358       x16:00000001
22512600ns          389330 1c009ba2 20c61853 fsgnjn.s         f16, f12, f12       f16=xxxxxxxx f12:c31451bf f12:c31451bf
22512620ns          389331 1c009ba6 eccff06f jal              x0, -2356          
22512679ns          389334 1c009272 1c0004b7 lui              x9, 0x1c000000       x9=1c000000
22512699ns          389335 1c009276 03048493 addi             x9, x9, 48           x9=1c000030  x9:1c000000
22512719ns          389336 1c00927a 0004a483 lw               x9, 0(x9)            x9=0c000000  x9:1c000030  PA:1c000030
22513038ns          389352 1c00927c a0981853 flt.s            x16, f16, f9        x16=00000000 f16:431451bf  f9:0c000000
22513057ns          389353 1c009280 0a080ce3 beq              x16, x0, 2232       x16:00000000
22513157ns          389358 1c009b38 1c000337 lui              x6, 0x1c000000       x6=1c000000
22513197ns          389360 1c009b3c 04c32803 lw               x16, 76(x6)         x16=3f800000  x6:1c000000  PA:1c00004c
22513515ns          389376 1c009b40 08c57353 fsub.s           f6, f10, f12         f6=xxxxxxxx f10:4274df4f f12:c31451bf
22513535ns          389377 1c009b44 18687853 fdiv.s           f16, f16, f6        f16=xxxxxxxx f16:3f800000  f6:43518993  PA:10001e80
22514171ns          389409 1c009b48 08812303 lw               x6, 136(x2)          x6=xxxxxxxx  x2:10001df8
22514191ns          389410 1c009b4a 08a679d3 fsub.s           f19, f12, f10       f19=xxxxxxxx f12:c31451bf f10:4274df4f
22514450ns          389423 1c009b4e 11037353 fmul.s           f6, f6, f16          f6=xxxxxxxx  f6:43070721 f16:3b9c61f1
22514470ns          389424 1c009b52 18c9f9d3 fdiv.s           f19, f19, f12       f19=xxxxxxxx f19:c3518993 f12:c31451bf  PA:10001e80
22515285ns          389465 1c009b56 08612423 sw               x6, 136(x2)          x6:3f24f802  x2:10001df8
22515305ns          389466 1c009b58 0038b663 p.bneimm         x17, 12             x17:00000003  PA:10001e84
22515325ns          389467 1c009b5c 08c12503 lw               x10, 140(x2)        x10=xxxxxxxx  x2:10001df8
22515365ns          389469 1c009b5e 11057853 fmul.s           f16, f10, f16       f16=xxxxxxxx f10:c089746c f16:3b9c61f1
22515564ns          389479 1c009b62 09012623 sw               x16, 140(x2)        x16:bca7ef11  x2:10001df8  PA:10001e84
22515584ns          389480 1c009b64 00c00533 add              x10, x0, x12        x10=c31451bf x12:c31451bf
22515603ns          389481 1c009b66 87fff06f jal              x0, -1922          
22515842ns          389493 1c0093e4 08a12223 sw               x10, 132(x2)        x10:c31451bf  x2:10001df8  PA:10001e7c
22515882ns          389495 1c0093e6 4cbcd763 bge              x25, x11, 1230      x25:00000001 x11:00000002
22515902ns          389496 1c0093ea 00a6a023 sw               x10, 0(x13)         x10:c31451bf x13:10001ef4  PA:10001ef4
22515922ns          389497 1c0093ec 0006a223 sw               x0, 4(x13)          x13:10001ef4  PA:10001ef8
22515961ns          389499 1c0093f0 01b5d463 bge              x11, x27, 8         x11:00000002 x27:00000004
22516001ns          389501 1c0093f4 0006a423 sw               x0, 8(x13)          x13:10001ef4  PA:10001efc
22516021ns          389502 1c0093f8 08812b83 lw               x23, 136(x2)        x23=3f24f802  x2:10001df8  PA:10001e80
22516061ns          389504 1c0093fa 1179fb53 fmul.s           f22, f19, f23       f22=xxxxxxxx f19:3fb4d4d5 f23:3f24f802
22516101ns          389506 1c0093fe 4c38bd63 p.bneimm         x17, 1242           x17:00000003
22516140ns          389508 1c009402 01468313 addi             x6, x13, 20          x6=10001f08 x13:10001ef4
22516160ns          389509 1c009406 406a08b3 sub              x17, x20, x6        x17=00000050 x20:10001f58  x6:10001f08
22516180ns          389510 1c00940a 08c12d03 lw               x26, 140(x2)        x26=bca7ef11  x2:10001df8  PA:10001e84
22516200ns          389511 1c00940c fec88893 addi             x17, x17, -20       x17=0000003c x17:00000050
22516240ns          389513 1c00940e 0cccd637 lui              x12, 0xcccd000      x12=0cccd000
22516280ns          389515 1c009412 0028d893 srli             x17, x17, 0x2       x17=0000000f x17:0000003c
22516300ns          389516 1c009416 ccd60613 addi             x12, x12, -819      x12=0ccccccd x12:0cccd000
22516319ns          389517 1c00941a 02c888b3 mul              x17, x17, x12       x17=c0000003 x17:0000000f x12:0ccccccd
22516379ns          389520 1c00941e 113d7ad3 fmul.s           f21, f26, f19       f21=xxxxxxxx f26:bca7ef11 f19:3fb4d4d5
22516399ns          389521 1c009422 01868693 addi             x13, x13, 24        x13=10001f0c x13:10001ef4
22516419ns          389522 1c009424 c3e8b8b3 p.bclr           x17, x17, 1, 30     x17=00000003 x17:c0000003
22516439ns          389523 1c009428 02d12423 sw               x13, 40(x2)         x13:10001f0c  x2:10001df8  PA:10001e20
22516459ns          389524 1c00942a 00d00533 add              x10, x0, x13        x10=10001f0c x13:10001f0c
22516479ns          389525 1c00942c 00188893 addi             x17, x17, 1         x17=00000004 x17:00000003
22516518ns          389527 1c00942e 0168c0fb lp.setup         0x1, x17, 0x16      x17:00000004
22516538ns          389528 1c009432 00052603 lw               x12, 0(x10)         x12=c3319ffa x10:10001f0c  PA:10001f0c
22516558ns          389529 1c009434 00032803 lw               x16, 0(x6)          x16=446ec172  x6:10001f08  PA:10001f08
22516578ns          389530 1c009438 00452e03 lw               x28, 4(x10)         x28=bfd8bbb4 x10:10001f0c  PA:10001f10
22516598ns          389531 1c00943c 817676c3 fmadd.s          f13, f12, f23, f16  f13=xxxxxxxx f12:c3319ffa f23:3f24f802 f16:446ec172
22516658ns          389534 1c009440 01450513 addi             x10, x10, 20        x10=10001f20 x10:10001f0c
22516697ns          389536 1c009442 69cd76c3 fmadd.s          f13, f26, f28, f13  f13=xxxxxxxx f26:bca7ef11 f28:bfd8bbb4 f13:445223ce
22516717ns          389537 1c009446 8136f84b fnmsub.s         f16, f13, f19, f16  f16=xxxxxxxx f13:44522607 f19:3fb4d4d5 f16:446ec172
22516737ns          389538 1c00944a 6166f64b fnmsub.s         f12, f13, f22, f12  f12=xxxxxxxx f13:44522607 f22:3f690f10 f12:c3319ffa
22516797ns          389541 1c00944e e0daf6cb fnmsub.s         f13, f21, f13, f28  f13=xxxxxxxx f21:bced3f6b f13:44522607 f28:bfd8bbb4
22516837ns          389543 1c009452 01032a2b p.sw             x16, 20(x6!)         x6=10001f1c x16:c36885d2  x6:10001f08  PA:10001f08
22516857ns          389544 1c009456 fec52623 sw               x12, -20(x10)       x12:c46bb8f8 x10:10001f20  PA:10001f0c
22516876ns          389545 1c00945a fed52823 sw               x13, -16(x10)       x13:41b53588 x10:10001f20  PA:10001f10
22516896ns          389546 1c009432 00052603 lw               x12, 0(x10)         x12=440eed8d x10:10001f20  PA:10001f20
22516936ns          389548 1c009434 00032803 lw               x16, 0(x6)          x16=c3319ff7  x6:10001f1c  PA:10001f1c
22516956ns          389549 1c009438 00452e03 lw               x28, 4(x10)         x28=41bce1cd x10:10001f20  PA:10001f24
22516976ns          389550 1c00943c 817676c3 fmadd.s          f13, f12, f23, f16  f13=xxxxxxxx f12:440eed8d f23:3f24f802 f16:c3319ff7
22516996ns          389551 1c009440 01450513 addi             x10, x10, 20        x10=10001f34 x10:10001f20
22517016ns          389552 1c009442 69cd76c3 fmadd.s          f13, f26, f28, f13  f13=xxxxxxxx f26:bca7ef11 f28:41bce1cd f13:433eca9f
22517036ns          389553 1c009446 8136f84b fnmsub.s         f16, f13, f19, f16  f16=xxxxxxxx f13:433e4eb7 f19:3fb4d4d5 f16:c3319ff7
22517055ns          389554 1c00944a 6166f64b fnmsub.s         f12, f13, f22, f12  f12=xxxxxxxx f13:433e4eb7 f22:3f690f10 f12:440eed8d
22517075ns          389555 1c00944e e0daf6cb fnmsub.s         f13, f21, f13, f28  f13=xxxxxxxx f21:bced3f6b f13:433e4eb7 f28:41bce1cd
22517095ns          389556 1c009452 01032a2b p.sw             x16, 20(x6!)         x6=10001f30 x16:c3df3d8c  x6:10001f1c  PA:10001f1c
22517115ns          389557 1c009456 fec52623 sw               x12, -20(x10)       x12:43c73aae x10:10001f34  PA:10001f20
22517135ns          389558 1c00945a fed52823 sw               x13, -16(x10)       x13:41e8f94e x10:10001f34  PA:10001f24
22517215ns          389562 1c009432 00052603 lw               x12, 0(x10)         x12=41bce1d1 x10:10001f34  PA:10001f34
22517234ns          389563 1c009434 00032803 lw               x16, 0(x6)          x16=bfd8bbd4  x6:10001f30  PA:10001f30
22517254ns          389564 1c009438 00452e03 lw               x28, 4(x10)         x28=43bd5a3c x10:10001f34  PA:10001f38
22517274ns          389565 1c00943c 817676c3 fmadd.s          f13, f12, f23, f16  f13=xxxxxxxx f12:41bce1d1 f23:3f24f802 f16:bfd8bbd4
22517294ns          389566 1c009440 01450513 addi             x10, x10, 20        x10=10001f48 x10:10001f34
22517314ns          389567 1c009442 69cd76c3 fmadd.s          f13, f26, f28, f13  f13=xxxxxxxx f26:bca7ef11 f28:43bd5a3c f13:415857d2
22517334ns          389568 1c009446 8136f84b fnmsub.s         f16, f13, f19, f16  f16=xxxxxxxx f13:40b84242 f19:3fb4d4d5 f16:bfd8bbd4
22517354ns          389569 1c00944a 6166f64b fnmsub.s         f12, f13, f22, f12  f12=xxxxxxxx f13:40b84242 f22:3f690f10 f12:41bce1d1
22517374ns          389570 1c00944e e0daf6cb fnmsub.s         f13, f21, f13, f28  f13=xxxxxxxx f21:bced3f6b f13:40b84242 f28:43bd5a3c
22517394ns          389571 1c009452 01032a2b p.sw             x16, 20(x6!)         x6=10001f44 x16:c11d3f41  x6:10001f30  PA:10001f30
22517413ns          389572 1c009456 fec52623 sw               x12, -20(x10)       x12:4192f208 x10:10001f48  PA:10001f34
22517433ns          389573 1c00945a fed52823 sw               x13, -16(x10)       x13:43bd6f94 x10:10001f48  PA:10001f38
22517453ns          389574 1c009432 00052603 lw               x12, 0(x10)         x12=b707053b x10:10001f48  PA:10001f48
22517473ns          389575 1c009434 00032803 lw               x16, 0(x6)          x16=379e0ef3  x6:10001f44  PA:10001f44
22517493ns          389576 1c009438 00452e03 lw               x28, 4(x10)         x28=43f994e8 x10:10001f48  PA:10001f4c
22517513ns          389577 1c00943c 817676c3 fmadd.s          f13, f12, f23, f16  f13=xxxxxxxx f12:b707053b f23:3f24f802 f16:379e0ef3
22517533ns          389578 1c009440 01450513 addi             x10, x10, 20        x10=10001f5c x10:10001f48
22517553ns          389579 1c009442 69cd76c3 fmadd.s          f13, f26, f28, f13  f13=xxxxxxxx f26:bca7ef11 f28:43f994e8 f13:37651bbe
22517573ns          389580 1c009446 8136f84b fnmsub.s         f16, f13, f19, f16  f16=xxxxxxxx f13:c123b928 f19:3fb4d4d5 f16:379e0ef3
22517593ns          389581 1c00944a 6166f64b fnmsub.s         f12, f13, f22, f12  f12=xxxxxxxx f13:c123b928 f22:3f690f10 f12:b707053b
22517612ns          389582 1c00944e e0daf6cb fnmsub.s         f13, f21, f13, f28  f13=xxxxxxxx f21:bced3f6b f13:c123b928 f28:43f994e8
22517632ns          389583 1c009452 01032a2b p.sw             x16, 20(x6!)         x6=10001f58 x16:41674caf  x6:10001f44  PA:10001f44
22517652ns          389584 1c009456 fec52623 sw               x12, -20(x10)       x12:41150d1f x10:10001f5c  PA:10001f48
22517672ns          389585 1c00945a fed52823 sw               x13, -16(x10)       x13:43f96ef9 x10:10001f5c  PA:10001f4c
22517692ns          389586 1c00945e 00158513 addi             x10, x11, 1         x10=00000003 x11:00000002
22517712ns          389587 1c009462 02a12023 sw               x10, 32(x2)         x10:00000003  x2:10001df8  PA:10001e18
22517732ns          389588 1c009464 73b55263 bge              x10, x27, 1828      x10:00000003 x27:00000004
22517752ns          389589 1c009468 00258593 addi             x11, x11, 2         x11=00000004 x11:00000002
22517772ns          389590 1c00946a ffbc0913 addi             x18, x24, -5        x18=00000005 x24:0000000a
22518030ns          389603 1c00946e 005c0613 addi             x12, x24, 5         x12=0000000f x24:0000000a
22518070ns          389605 1c009472 3005cb63 blt              x11, x0, 790        x11:00000004
22518090ns          389606 1c009476 00400513 addi             x10, x0, 4          x10=00000004
22518110ns          389607 1c009478 00000693 addi             x13, x0, 0          x13=00000000
22518130ns          389608 1c00947a 0cb55963 bge              x10, x11, 210       x10:00000004 x11:00000004
22518269ns          389615 1c00954c 01812803 lw               x16, 24(x2)         x16=10001ef0  x2:10001df8  PA:10001e10
22518348ns          389619 1c00954e 00d90333 add              x6, x18, x13         x6=00000005 x18:00000005 x13:00000000
22518388ns          389621 1c009552 00dc08b3 add              x17, x24, x13       x17=0000000a x24:0000000a x13:00000000
22518408ns          389622 1c009556 00231313 slli             x6, x6, 0x2          x6=00000014  x6:00000005
22518428ns          389623 1c009558 00289893 slli             x17, x17, 0x2       x17=00000028 x17:0000000a
22518448ns          389624 1c00955a 01030333 add              x6, x6, x16          x6=10001f04  x6:00000014 x16:10001ef0
22518468ns          389625 1c00955c 010888b3 add              x17, x17, x16       x17=10001f18 x17:00000028 x16:10001ef0
22518488ns          389626 1c00955e 00032e83 lw               x29, 0(x6)          x29=4274df69  x6:10001f04  PA:10001f04
22518527ns          389628 1c009562 0008a803 lw               x16, 0(x17)         x16=4307071f x17:10001f18  PA:10001f18
22518547ns          389629 1c009566 00d60e33 add              x28, x12, x13       x28=0000000f x12:0000000f x13:00000000
22518567ns          389630 1c00956a 01812283 lw               x5, 24(x2)           x5=10001ef0  x2:10001df8  PA:10001e10
22518587ns          389631 1c00956c 002e1e13 slli             x28, x28, 0x2       x28=0000003c x28:0000000f
22518607ns          389632 1c00956e 005e0e33 add              x28, x28, x5        x28=10001f2c x28:0000003c  x5:10001ef0
22518627ns          389633 1c009570 e90bf843 fmadd.s          f16, f23, f16, f29  f16=xxxxxxxx f23:3f24f802 f16:4307071f f29:4274df69
22518667ns          389635 1c009574 000e2f03 lw               x30, 0(x28)         x30=c0897466 x28:10001f2c  PA:10001f2c
22518686ns          389636 1c009578 00168513 addi             x10, x13, 1         x10=00000001 x13:00000000
22518706ns          389637 1c00957c 81ed7843 fmadd.s          f16, f26, f30, f16  f16=xxxxxxxx f26:bca7ef11 f30:c0897466 f16:43143b3a
22518766ns          389640 1c009580 e909fecb fnmsub.s         f29, f19, f16, f29  f29=xxxxxxxx f19:3fb4d4d5 f16:431451c5 f29:4274df69
22518806ns          389642 1c009584 01d32023 sw               x29, 0(x6)          x29:c31451c1  x6:10001f04  PA:10001f04
22518826ns          389643 1c009588 0008a303 lw               x6, 0(x17)           x6=4307071f x17:10001f18  PA:10001f18
22518866ns          389645 1c00958c 310b734b fnmsub.s         f6, f22, f16, f6     f6=xxxxxxxx f22:3f690f10 f16:431451c5  f6:4307071f
22518905ns          389647 1c009590 0068a023 sw               x6, 0(x17)           x6:b8eb94ea x17:10001f18  PA:10001f18
22518945ns          389649 1c009594 000e2f03 lw               x30, 0(x28)         x30=c0897466 x28:10001f2c  PA:10001f2c
22518985ns          389651 1c009598 f10af84b fnmsub.s         f16, f21, f16, f30  f16=xxxxxxxx f21:bced3f6b f16:431451c5 f30:c0897466
22519005ns          389652 1c00959c 010e2023 sw               x16, 0(x28)         x16:36b7ea85 x28:10001f2c  PA:10001f2c
22519045ns          389654 1c0095a0 1ea5c463 blt              x11, x10, 488       x11:00000004 x10:00000001
22519084ns          389656 1c0095a4 01250e33 add              x28, x10, x18       x28=00000006 x10:00000001 x18:00000005
22519104ns          389657 1c0095a8 01850333 add              x6, x10, x24         x6=0000000b x10:00000001 x24:0000000a
22519124ns          389658 1c0095ac 002e1e13 slli             x28, x28, 0x2       x28=00000018 x28:00000006
22519144ns          389659 1c0095ae 00231313 slli             x6, x6, 0x2          x6=0000002c  x6:0000000b
22519184ns          389661 1c0095b0 00530333 add              x6, x6, x5           x6=10001f1c  x6:0000002c  x5:10001ef0
22519204ns          389662 1c0095b2 005e0e33 add              x28, x28, x5        x28=10001f08 x28:00000018  x5:10001ef0
22519224ns          389663 1c0095b4 000e2e83 lw               x29, 0(x28)         x29=c36885d2 x28:10001f08  PA:10001f08
22519243ns          389664 1c0095b8 00032883 lw               x17, 0(x6)          x17=c3df3d8c  x6:10001f1c  PA:10001f1c
22519263ns          389665 1c0095bc 00c50533 add              x10, x10, x12       x10=00000010 x10:00000001 x12:0000000f
22519283ns          389666 1c0095be 00251513 slli             x10, x10, 0x2       x10=00000040 x10:00000010
22519323ns          389668 1c0095c0 00550533 add              x10, x10, x5        x10=10001f30 x10:00000040  x5:10001ef0
22519363ns          389670 1c0095c2 e91bf8c3 fmadd.s          f17, f23, f17, f29  f17=xxxxxxxx f23:3f24f802 f17:c3df3d8c f29:c36885d2
22519383ns          389671 1c0095c6 00052f03 lw               x30, 0(x10)         x30=c11d3f41 x10:10001f30  PA:10001f30
22519403ns          389672 1c0095ca 00268813 addi             x16, x13, 2         x16=00000002 x13:00000000
22519462ns          389675 1c0095ce 89ed78c3 fmadd.s          f17, f26, f30, f17  f17=xxxxxxxx f26:bca7ef11 f30:c11d3f41 f17:c4020f4e
22519502ns          389677 1c0095d2 e919fecb fnmsub.s         f29, f19, f17, f29  f29=xxxxxxxx f19:3fb4d4d5 f17:c4020269 f29:c36885d2
22519522ns          389678 1c0095d6 01de2023 sw               x29, 0(x28)         x29:43fb1437 x28:10001f08  PA:10001f08
22519542ns          389679 1c0095da 00032e03 lw               x28, 0(x6)          x28=c3df3d8c  x6:10001f1c  PA:10001f1c
22519601ns          389682 1c0095de e11b7e4b fnmsub.s         f28, f22, f17, f28  f28=xxxxxxxx f22:3f690f10 f17:c4020269 f28:c3df3d8c
22519641ns          389684 1c0095e2 01c32023 sw               x28, 0(x6)          x28:41d7a23b  x6:10001f1c  PA:10001f1c
22519661ns          389685 1c0095e6 00052f03 lw               x30, 0(x10)         x30=c11d3f41 x10:10001f30  PA:10001f30
22519701ns          389687 1c0095ea f11af8cb fnmsub.s         f17, f21, f17, f30  f17=xxxxxxxx f21:bced3f6b f17:c4020269 f30:c11d3f41
22519741ns          389689 1c0095ee 01152023 sw               x17, 0(x10)         x17:c1c71c11 x10:10001f30  PA:10001f30
22519780ns          389691 1c0095f2 1905cb63 blt              x11, x16, 406       x11:00000004 x16:00000002
22519800ns          389692 1c0095f6 01280e33 add              x28, x16, x18       x28=00000007 x16:00000002 x18:00000005
22519820ns          389693 1c0095fa 01880333 add              x6, x16, x24         x6=0000000c x16:00000002 x24:0000000a
22519840ns          389694 1c0095fe 002e1e13 slli             x28, x28, 0x2       x28=0000001c x28:00000007
22519880ns          389696 1c009600 00231313 slli             x6, x6, 0x2          x6=00000030  x6:0000000c
22519900ns          389697 1c009602 00530333 add              x6, x6, x5           x6=10001f20  x6:00000030  x5:10001ef0
22519920ns          389698 1c009604 005e0e33 add              x28, x28, x5        x28=10001f0c x28:0000001c  x5:10001ef0
22519940ns          389699 1c009606 000e2e83 lw               x29, 0(x28)         x29=c46bb8f8 x28:10001f0c  PA:10001f0c
22519960ns          389700 1c00960a 00032883 lw               x17, 0(x6)          x17=43c73aae  x6:10001f20  PA:10001f20
22520019ns          389703 1c00960e 00c80533 add              x10, x16, x12       x10=00000011 x16:00000002 x12:0000000f
22520039ns          389704 1c009612 00251513 slli             x10, x10, 0x2       x10=00000044 x10:00000011
22520059ns          389705 1c009614 00550533 add              x10, x10, x5        x10=10001f34 x10:00000044  x5:10001ef0
22520079ns          389706 1c009616 e91bf8c3 fmadd.s          f17, f23, f17, f29  f17=xxxxxxxx f23:3f24f802 f17:43c73aae f29:c46bb8f8
22520099ns          389707 1c00961a 00052f03 lw               x30, 0(x10)         x30=4192f208 x10:10001f34  PA:10001f34
22520119ns          389708 1c00961e 00368813 addi             x16, x13, 3         x16=00000003 x13:00000000
22520139ns          389709 1c009622 89ed78c3 fmadd.s          f17, f26, f30, f17  f17=xxxxxxxx f26:bca7ef11 f30:4192f208 f17:c42b87ab
22520158ns          389710 1c009626 e919fecb fnmsub.s         f29, f19, f17, f29  f29=xxxxxxxx f19:3fb4d4d5 f17:c42b9fc4 f29:c46bb8f8
22520178ns          389711 1c00962a 01de2023 sw               x29, 0(x28)         x29:41d7a23b x28:10001f0c  PA:10001f0c
22520198ns          389712 1c00962e 00032e03 lw               x28, 0(x6)          x28=43c73aae  x6:10001f20  PA:10001f20
22520238ns          389714 1c009632 e11b7e4b fnmsub.s         f28, f22, f17, f28  f28=xxxxxxxx f22:3f690f10 f17:c42b9fc4 f28:43c73aae
22520258ns          389715 1c009636 01c32023 sw               x28, 0(x6)          x28:447fdbd9  x6:10001f20  PA:10001f20
22520278ns          389716 1c00963a 00052f03 lw               x30, 0(x10)         x30=4192f208 x10:10001f34  PA:10001f34
22520337ns          389719 1c00963e f11af8cb fnmsub.s         f17, f21, f17, f30  f17=xxxxxxxx f21:bced3f6b f17:c42b9fc4 f30:4192f208
22520377ns          389721 1c009642 01152023 sw               x17, 0(x10)         x17:bfc1b648 x10:10001f34  PA:10001f34
22520397ns          389722 1c009646 1505c163 blt              x11, x16, 322       x11:00000004 x16:00000003
22520417ns          389723 1c00964a 01280e33 add              x28, x16, x18       x28=00000008 x16:00000003 x18:00000005
22520477ns          389726 1c00964e 01880333 add              x6, x16, x24         x6=0000000d x16:00000003 x24:0000000a
22520497ns          389727 1c009652 002e1e13 slli             x28, x28, 0x2       x28=00000020 x28:00000008
22520516ns          389728 1c009654 00231313 slli             x6, x6, 0x2          x6=00000034  x6:0000000d
22520536ns          389729 1c009656 00530333 add              x6, x6, x5           x6=10001f24  x6:00000034  x5:10001ef0
22520556ns          389730 1c009658 005e0e33 add              x28, x28, x5        x28=10001f10 x28:00000020  x5:10001ef0
22520576ns          389731 1c00965a 000e2e83 lw               x29, 0(x28)         x29=41b53588 x28:10001f10  PA:10001f10
22520616ns          389733 1c00965e 00032883 lw               x17, 0(x6)          x17=41e8f94e  x6:10001f24  PA:10001f24
22520656ns          389735 1c009662 00c80533 add              x10, x16, x12       x10=00000012 x16:00000003 x12:0000000f
22520676ns          389736 1c009666 00251513 slli             x10, x10, 0x2       x10=00000048 x10:00000012
22520695ns          389737 1c009668 00550533 add              x10, x10, x5        x10=10001f38 x10:00000048  x5:10001ef0
22520715ns          389738 1c00966a e91bf8c3 fmadd.s          f17, f23, f17, f29  f17=xxxxxxxx f23:3f24f802 f17:41e8f94e f29:41b53588
22520755ns          389740 1c00966e 00052f03 lw               x30, 0(x10)         x30=43bd6f94 x10:10001f38  PA:10001f38
22520795ns          389742 1c009672 00468813 addi             x16, x13, 4         x16=00000004 x13:00000000
22520815ns          389743 1c009676 89ed78c3 fmadd.s          f17, f26, f30, f17  f17=xxxxxxxx f26:bca7ef11 f30:43bd6f94 f17:4225ab79
22520835ns          389744 1c00967a e919fecb fnmsub.s         f29, f19, f17, f29  f29=xxxxxxxx f19:3fb4d4d5 f17:42069a4d f29:41b53588
22520894ns          389747 1c00967e 01de2023 sw               x29, 0(x28)         x29:c1c71c10 x28:10001f10  PA:10001f10
22520934ns          389749 1c009682 00032e03 lw               x28, 0(x6)          x28=41e8f94e  x6:10001f24  PA:10001f24
22520974ns          389751 1c009686 e11b7e4b fnmsub.s         f28, f22, f17, f28  f28=xxxxxxxx f22:3f690f10 f17:42069a4d f28:41e8f94e
22520994ns          389752 1c00968a 01c32023 sw               x28, 0(x6)          x28:bfc1b691  x6:10001f24  PA:10001f24
22521034ns          389754 1c00968e 00052f03 lw               x30, 0(x10)         x30=43bd6f94 x10:10001f38  PA:10001f38
22521073ns          389756 1c009692 f11af8cb fnmsub.s         f17, f21, f17, f30  f17=xxxxxxxx f21:bced3f6b f17:42069a4d f30:43bd6f94
22521093ns          389757 1c009696 01152023 sw               x17, 0(x10)         x17:43bdec52 x10:10001f38  PA:10001f38
22521113ns          389758 1c00969a 0f05c763 blt              x11, x16, 238       x11:00000004 x16:00000004
22521133ns          389759 1c00969e 01280e33 add              x28, x16, x18       x28=00000009 x16:00000004 x18:00000005
22521153ns          389760 1c0096a2 01880333 add              x6, x16, x24         x6=0000000e x16:00000004 x24:0000000a
22521173ns          389761 1c0096a6 002e1e13 slli             x28, x28, 0x2       x28=00000024 x28:00000009
22521193ns          389762 1c0096a8 00231313 slli             x6, x6, 0x2          x6=00000038  x6:0000000e
22521213ns          389763 1c0096aa 00530333 add              x6, x6, x5           x6=10001f28  x6:00000038  x5:10001ef0
22521233ns          389764 1c0096ac 005e0e33 add              x28, x28, x5        x28=10001f14 x28:00000024  x5:10001ef0
22521551ns          389780 1c0096ae 000e2e83 lw               x29, 0(x28)         x29=00000000 x28:10001f14  PA:10001f14
22521591ns          389782 1c0096b2 00032883 lw               x17, 0(x6)          x17=00000000  x6:10001f28  PA:10001f28
22521610ns          389783 1c0096b6 00c80533 add              x10, x16, x12       x10=00000013 x16:00000004 x12:0000000f
22521630ns          389784 1c0096ba 00251513 slli             x10, x10, 0x2       x10=0000004c x10:00000013
22521650ns          389785 1c0096bc 00550533 add              x10, x10, x5        x10=10001f3c x10:0000004c  x5:10001ef0
22522068ns          389806 1c0096be e91bf8c3 fmadd.s          f17, f23, f17, f29  f17=xxxxxxxx f23:3f24f802 f17:00000000 f29:00000000
22522108ns          389808 1c0096c2 00052f03 lw               x30, 0(x10)         x30=43f994ea x10:10001f3c  PA:10001f3c
22522128ns          389809 1c0096c6 00568813 addi             x16, x13, 5         x16=00000005 x13:00000000
22522147ns          389810 1c0096ca 89ed78c3 fmadd.s          f17, f26, f30, f17  f17=xxxxxxxx f26:bca7ef11 f30:43f994ea f17:00000000
22522565ns          389831 1c0096ce e919fecb fnmsub.s         f29, f19, f17, f29  f29=xxxxxxxx f19:3fb4d4d5 f17:c123b937 f29:00000000
22522605ns          389833 1c0096d2 01de2023 sw               x29, 0(x28)         x29:41674cb1 x28:10001f14  PA:10001f14
22522625ns          389834 1c0096d6 00032e03 lw               x28, 0(x6)          x28=00000000  x6:10001f28  PA:10001f28
22522665ns          389836 1c0096da e11b7e4b fnmsub.s         f28, f22, f17, f28  f28=xxxxxxxx f22:3f690f10 f17:c123b937 f28:00000000
22523082ns          389857 1c0096de 01c32023 sw               x28, 0(x6)          x28:41150d35  x6:10001f28  PA:10001f28
22523122ns          389859 1c0096e2 00052f03 lw               x30, 0(x10)         x30=43f994ea x10:10001f3c  PA:10001f3c
22523162ns          389861 1c0096e6 f11af8cb fnmsub.s         f17, f21, f17, f30  f17=xxxxxxxx f21:bced3f6b f17:c123b937 f30:43f994ea
22523182ns          389862 1c0096ea 01152023 sw               x17, 0(x10)         x17:43f96efb x10:10001f3c  PA:10001f3c
22523639ns          389885 1c0096ee 0905cd63 blt              x11, x16, 154       x11:00000004 x16:00000005
22523739ns          389890 1c009788 ff072383 lw               x7, -16(x14)         x7=bf0a412b x14:10001f7c  PA:10001f6c
22523779ns          389892 1c00978c 00472283 lw               x5, 4(x14)           x5=bf043af1 x14:10001f7c  PA:10001f80
22523838ns          389895 1c009790 fec72483 lw               x9, -20(x14)         x9=bf2d0efc x14:10001f7c  PA:10001f68
22523878ns          389897 1c009794 00072403 lw               x8, 0(x14)           x8=be36d5cd x14:10001f7c  PA:10001f7c
22523898ns          389898 1c009796 ffc72c03 lw               x24, -4(x14)        x24=3e9a218d x14:10001f7c  PA:10001f78
22523918ns          389899 1c00979a 01072883 lw               x17, 16(x14)        x17=bf2cac90 x14:10001f7c  PA:10001f8c
22523977ns          389902 1c00979e ff472f03 lw               x30, -12(x14)       x30=3ec8e513 x14:10001f7c  PA:10001f70
22524017ns          389904 1c0097a2 00872e83 lw               x29, 8(x14)         x29=befdca8b x14:10001f7c  PA:10001f84
22524037ns          389905 1c0097a6 3972f543 fmadd.s          f10, f5, f23, f7    f10=xxxxxxxx  f5:bf043af1 f23:3f24f802  f7:bf0a412b
22524057ns          389906 1c0097aa 49747843 fmadd.s          f16, f8, f23, f9    f16=xxxxxxxx  f8:be36d5cd f23:3f24f802  f9:bf2d0efc
22524117ns          389909 1c0097ae c178f943 fmadd.s          f18, f17, f23, f24  f18=xxxxxxxx f17:bf2cac90 f23:3f24f802 f24:3e9a218d
22524156ns          389911 1c0097b2 01872c03 lw               x24, 24(x14)        x24=3cb7b521 x14:10001f7c  PA:10001f94
22524176ns          389912 1c0097b6 01472883 lw               x17, 20(x14)        x17=00000000 x14:10001f7c  PA:10001f90
22524196ns          389913 1c0097ba ff872e03 lw               x28, -8(x14)        x28=3da880d7 x14:10001f7c  PA:10001f74
22524256ns          389916 1c0097be 00c72303 lw               x6, 12(x14)          x6=bcd1ecc6 x14:10001f7c  PA:10001f88
22524296ns          389918 1c0097c2 f17ef5c3 fmadd.s          f11, f29, f23, f30  f11=xxxxxxxx f29:befdca8b f23:3f24f802 f30:3ec8e513
22524316ns          389919 1c0097c6 518d7543 fmadd.s          f10, f26, f24, f10  f10=xxxxxxxx f26:bca7ef11 f24:3cb7b521 f10:bf5f7708
22524335ns          389920 1c0097ca 01c72c03 lw               x24, 28(x14)        x24=3ee5152d x14:10001f7c  PA:10001f98
22524395ns          389923 1c0097ce 811d7843 fmadd.s          f16, f26, f17, f16  f16=xxxxxxxx f26:bca7ef11 f17:00000000 f16:bf4a8382
22524435ns          389925 1c0097d2 e17376c3 fmadd.s          f13, f6, f23, f28   f13=xxxxxxxx  f6:bcd1ecc6 f23:3f24f802 f28:3da880d7
22524455ns          389926 1c0097d6 598d75c3 fmadd.s          f11, f26, f24, f11  f11=xxxxxxxx f26:bca7ef11 f24:3ee5152d f11:3d9565cf
22524475ns          389927 1c0097da 02072c03 lw               x24, 32(x14)        x24=bf5646b2 x14:10001f7c  PA:10001f9c
22524534ns          389930 1c0097de 4909f4cb fnmsub.s         f9, f19, f16, f9     f9=xxxxxxxx f19:3fb4d4d5 f16:bf4a8382  f9:bf2d0efc
22524574ns          389932 1c0097e2 698d76c3 fmadd.s          f13, f26, f24, f13  f13=xxxxxxxx f26:bca7ef11 f24:bf5646b2 f13:3d86af14
22524594ns          389933 1c0097e6 4168744b fnmsub.s         f8, f16, f22, f8     f8=xxxxxxxx f16:bf4a8382 f22:3f690f10  f8:be36d5cd
22524614ns          389934 1c0097ea 02472c03 lw               x24, 36(x14)        x24=bea0dc51 x14:10001f7c  PA:10001fa0
22524674ns          389937 1c0097ee 890af84b fnmsub.s         f16, f21, f16, f17  f16=xxxxxxxx f21:bced3f6b f16:bf4a8382 f17:00000000
22524713ns          389939 1c0097f2 01872883 lw               x17, 24(x14)        x17=3cb7b521 x14:10001f7c  PA:10001f94
22524733ns          389940 1c0097f6 918d7943 fmadd.s          f18, f26, f24, f18  f18=xxxxxxxx f26:bca7ef11 f24:bea0dc51 f18:be08d439
22524753ns          389941 1c0097fa 38a9f3cb fnmsub.s         f7, f19, f10, f7     f7=xxxxxxxx f19:3fb4d4d5 f10:bf5f9529  f7:bf0a412b
22524773ns          389942 1c0097fe 01c72c03 lw               x24, 28(x14)        x24=3ee5152d x14:10001f7c  PA:10001f98
22524793ns          389943 1c009802 296572cb fnmsub.s         f5, f10, f22, f5     f5=xxxxxxxx f10:bf5f9529 f22:3f690f10  f5:bf043af1
22524813ns          389944 1c009806 88aaf54b fnmsub.s         f10, f21, f10, f17  f10=xxxxxxxx f21:bced3f6b f10:bf5f9529 f17:3cb7b521
22524833ns          389945 1c00980a 02072883 lw               x17, 32(x14)        x17=bf5646b2 x14:10001f7c  PA:10001f9c
22524892ns          389948 1c00980e f0b9ff4b fnmsub.s         f30, f19, f11, f30  f30=xxxxxxxx f19:3fb4d4d5 f11:3d829cf7 f30:3ec8e513
22524932ns          389950 1c009812 e965fecb fnmsub.s         f29, f11, f22, f29  f29=xxxxxxxx f11:3d829cf7 f22:3f690f10 f29:befdca8b
22524952ns          389951 1c009816 e0d9fe4b fnmsub.s         f28, f19, f13, f28  f28=xxxxxxxx f19:3fb4d4d5 f13:3da9d322 f28:3da880d7
22524972ns          389952 1c00981a c0baf5cb fnmsub.s         f11, f21, f11, f24  f11=xxxxxxxx f21:bced3f6b f11:3d829cf7 f24:3ee5152d
22525032ns          389955 1c00981e 3166f34b fnmsub.s         f6, f13, f22, f6     f6=xxxxxxxx f13:3da9d322 f22:3f690f10  f6:bcd1ecc6
22525071ns          389957 1c009822 ffc72c03 lw               x24, -4(x14)        x24=3e9a218d x14:10001f7c  PA:10001f78
22525091ns          389958 1c009826 88daf6cb fnmsub.s         f13, f21, f13, f17  f13=xxxxxxxx f21:bced3f6b f13:3da9d322 f17:bf5646b2
22525111ns          389959 1c00982a c129fc4b fnmsub.s         f24, f19, f18, f24  f24=xxxxxxxx f19:3fb4d4d5 f18:be023bda f24:3e9a218d
22525131ns          389960 1c00982e 00b72e23 sw               x11, 28(x14)        x11:3ee60744 x14:10001f7c  PA:10001f98
22525171ns          389962 1c009830 02d72023 sw               x13, 32(x14)        x13:bf55a94f x14:10001f7c  PA:10001f9c
22525191ns          389963 1c009832 01072683 lw               x13, 16(x14)        x13=bf2cac90 x14:10001f7c  PA:10001f8c
22525211ns          389964 1c009834 ff872e23 sw               x24, -4(x14)        x24:3ef61fe8 x14:10001f7c  PA:10001f78
22525231ns          389965 1c009838 69697c4b fnmsub.s         f24, f18, f22, f13  f24=xxxxxxxx f18:be023bda f22:3f690f10 f13:bf2cac90
22525250ns          389966 1c00983c 02472683 lw               x13, 36(x14)        x13=bea0dc51 x14:10001f7c  PA:10001fa0
22525310ns          389969 1c00983e fe972623 sw               x9, -20(x14)         x9:3ee2155b x14:10001f7c  PA:10001f68
22525350ns          389971 1c009842 692af8cb fnmsub.s         f17, f21, f18, f13  f17=xxxxxxxx f21:bced3f6b f18:be023bda f13:bea0dc51
22525370ns          389972 1c009846 00872023 sw               x8, 0(x14)           x8:3f0aa828 x14:10001f7c  PA:10001f7c
22525390ns          389973 1c009848 01072a23 sw               x16, 20(x14)        x16:bcbbadea x14:10001f7c  PA:10001f90
22525410ns          389974 1c00984c fe772823 sw               x7, -16(x14)         x7:3f319c5a x14:10001f7c  PA:10001f6c
22525449ns          389976 1c009850 00572223 sw               x5, 4(x14)           x5:3e8ea1f2 x14:10001f7c  PA:10001f80
22525489ns          389978 1c009854 00a72c23 sw               x10, 24(x14)        x10:bb3bfac9 x14:10001f7c  PA:10001f94
22525509ns          389979 1c009856 ffe72a23 sw               x30, -12(x14)       x30:3e9ac399 x14:10001f7c  PA:10001f70
22525529ns          389980 1c00985a 01d72423 sw               x29, 8(x14)         x29:bf0dc257 x14:10001f7c  PA:10001f84
22525589ns          389983 1c00985e ffc72c23 sw               x28, -8(x14)        x28:bd0ed4e2 x14:10001f7c  PA:10001f74
22525608ns          389984 1c009862 02012583 lw               x11, 32(x2)         x11=00000003  x2:10001df8  PA:10001e18
22525628ns          389985 1c009864 00672623 sw               x6, 12(x14)          x6:bdcf1659 x14:10001f7c  PA:10001f88
22525648ns          389986 1c009868 01872823 sw               x24, 16(x14)        x24:bf0f0887 x14:10001f7c  PA:10001f8c
22525668ns          389987 1c00986c 03172223 sw               x17, 36(x14)        x17:bea2bf18 x14:10001f7c  PA:10001fa0
22526026ns          390005 1c009870 01470713 addi             x14, x14, 20        x14=10001f90 x14:10001f7c
22526046ns          390006 1c009872 01478793 addi             x15, x15, 20        x15=10001f2c x15:10001f18
22526066ns          390007 1c009874 004a0a13 addi             x20, x20, 4         x20=10001f5c x20:10001f58
22526086ns          390008 1c009876 02812683 lw               x13, 40(x2)         x13=10001f0c  x2:10001df8  PA:10001e20
22526106ns          390009 1c009878 00c00c33 add              x24, x0, x12        x24=0000000f x12:0000000f
22526126ns          390010 1c00987a 014f8f93 addi             x31, x31, 20        x31=10001f18 x31:10001f04
22526146ns          390011 1c00987c 90bdd8e3 bge              x27, x11, -1776     x27:00000004 x11:00000003
22526245ns          390016 1c00918c 0bb587e3 beq              x11, x27, 2222      x11:00000003 x27:00000004
22526285ns          390018 1c009190 16bccbe3 blt              x25, x11, 2422      x25:00000001 x11:00000003
22526424ns          390025 1c009b06 0006a503 lw               x10, 0(x13)         x10=41d7a23b x13:10001f0c  PA:10001f0c
22526464ns          390027 1c009b08 0046a803 lw               x16, 4(x13)         x16=c1c71c10 x13:10001f0c  PA:10001f10
22526484ns          390028 1c009b0c 0086a603 lw               x12, 8(x13)         x12=41674cb1 x13:10001f0c  PA:10001f14
22526504ns          390029 1c009b0e 08a12223 sw               x10, 132(x2)        x10:41d7a23b  x2:10001df8  PA:10001e7c
22526543ns          390031 1c009b10 09012423 sw               x16, 136(x2)        x16:c1c71c10  x2:10001df8  PA:10001e80
22526563ns          390032 1c009b12 08c12623 sw               x12, 140(x2)        x12:41674cb1  x2:10001df8  PA:10001e84
22526583ns          390033 1c009b14 e82ff06f jal              x0, -2430          
22526623ns          390035 1c009196 08812803 lw               x16, 136(x2)        x16=c1c71c10  x2:10001df8  PA:10001e80
22526643ns          390036 1c009198 00000613 addi             x12, x0, 0          x12=00000000
22526663ns          390037 1c00919c a0c81653 flt.s            x12, f16, f12       x12=00000001 f16:c1c71c10 f12:00000000
22526722ns          390040 1c0091a0 00060363 beq              x12, x0, 6          x12:00000001
22526762ns          390042 1c0091a2 21081853 fsgnjn.s         f16, f16, f16       f16=xxxxxxxx f16:c1c71c10 f16:c1c71c10
22526782ns          390043 1c0091a6 1c000e37 lui              x28, 0x1c000000     x28=1c000000
22526802ns          390044 1c0091aa 01ce0e13 addi             x28, x28, 28        x28=1c00001c x28:1c000000
22526862ns          390047 1c0091ae 000e2e03 lw               x28, 0(x28)         x28=00800000 x28:1c00001c  PA:1c00001c
22527220ns          390065 1c0091b2 a10e1653 flt.s            x12, f28, f16       x12=00000001 f28:00800000 f16:41c71c10
22527240ns          390066 1c0091b6 10061be3 bne              x12, x0, 2326       x12:00000001
22527399ns          390074 1c009acc 1c000337 lui              x6, 0x1c000000       x6=1c000000
22527478ns          390078 1c009ad0 01c30313 addi             x6, x6, 28           x6=1c00001c  x6:1c000000
22527518ns          390080 1c009ad4 00000893 addi             x17, x0, 0          x17=00000000
22527538ns          390081 1c009ad8 1c0003b7 lui              x7, 0x1c000000       x7=1c000000
22527558ns          390082 1c009adc 00032303 lw               x6, 0(x6)            x6=00800000  x6:1c00001c  PA:1c00001c
22527896ns          390099 1c009ae0 04c38393 addi             x7, x7, 76           x7=1c00004c  x7:1c000000
22527916ns          390100 1c009ae4 19037653 fdiv.s           f12, f6, f16        f12=xxxxxxxx  f6:00800000 f16:41c71c10
22528711ns          390140 1c009ae8 111678d3 fmul.s           f17, f12, f17       f17=xxxxxxxx f12:00052495 f17:00000000
22528731ns          390141 1c009aec 0003a383 lw               x7, 0(x7)            x7=3f800000  x7:1c00004c  PA:1c00004c
22529050ns          390157 1c009af0 38c8f8c3 fmadd.s          f17, f17, f12, f7   f17=xxxxxxxx f17:00000000 f12:00052495  f7:3f800000
22529069ns          390158 1c009af4 ed4ff06f jal              x0, -2348          
22529149ns          390162 1c0091c8 08c12603 lw               x12, 140(x2)        x12=41674cb1  x2:10001df8  PA:10001e84
22529189ns          390164 1c0091ca 00000313 addi             x6, x0, 0            x6=00000000
22529248ns          390167 1c0091ce a0661353 flt.s            x6, f12, f6          x6=00000000 f12:41674cb1  f6:00000000
22529288ns          390169 1c0091d2 00030463 beq              x6, x0, 8            x6:00000000
22529368ns          390173 1c0091da a0c81353 flt.s            x6, f16, f12         x6=00000000 f16:41c71c10 f12:41674cb1
22529428ns          390176 1c0091de 10030de3 beq              x6, x0, 2330         x6:00000000
22529487ns          390179 1c009af8 19067653 fdiv.s           f12, f12, f16       f12=xxxxxxxx f12:41674cb1 f16:41c71c10
22530104ns          390210 1c009afc 88c678c3 fmadd.s          f17, f12, f12, f17  f17=xxxxxxxx f12:3f14b196 f12:3f14b196 f17:3f800000
22530124ns          390211 1c009b00 01000633 add              x12, x0, x16        x12=41c71c10 x16:41c71c10
22530144ns          390212 1c009b02 ef8ff06f jal              x0, -2312          
22530263ns          390218 1c0091fa 5808f853 fsqrt.s          f16, f17            f16=xxxxxxxx f17:3fab2ee8
22530939ns          390252 1c0091fe 10c87653 fmul.s           f12, f16, f12       f12=xxxxxxxx f16:3f940672 f12:41c71c10
22530959ns          390253 1c009202 00300893 addi             x17, x0, 3          x17=00000003
22530979ns          390254 1c009204 00200e93 addi             x29, x0, 2          x29=00000002
22530999ns          390255 1c009206 00000813 addi             x16, x0, 0          x16=00000000
22531019ns          390256 1c00920a a1062353 feq.s            x6, f12, f16         x6=00000000 f12:41e64279 f16:00000000
22531059ns          390258 1c00920e 040318e3 bne              x6, x0, 2128         x6:00000000
22531098ns          390260 1c009212 a1051853 flt.s            x16, f10, f16       x16=00000000 f10:41d7a23b f16:00000000
22531118ns          390261 1c009216 180812e3 bne              x16, x0, 2436       x16:00000000
22531138ns          390262 1c00921a 00a00833 add              x16, x0, x10        x16=41d7a23b x10:41d7a23b
22531158ns          390263 1c00921c 00000313 addi             x6, x0, 0            x6=00000000
22531198ns          390265 1c009220 a0661353 flt.s            x6, f12, f6          x6=00000000 f12:41e64279  f6:00000000
22531238ns          390267 1c009224 00030463 beq              x6, x0, 8            x6:00000000
22531297ns          390270 1c00922c a0c81353 flt.s            x6, f16, f12         x6=00000001 f16:41d7a23b f12:41e64279
22531357ns          390273 1c009230 12031ce3 bne              x6, x0, 2360         x6:00000001
22531456ns          390278 1c009b68 1c0002b7 lui              x5, 0x1c000000       x5=1c000000
22531496ns          390280 1c009b6c 04c28293 addi             x5, x5, 76           x5=1c00004c  x5:1c000000
22531516ns          390281 1c009b70 0002a283 lw               x5, 0(x5)            x5=3f800000  x5:1c00004c  PA:1c00004c
22531814ns          390296 1c009b74 18c87853 fdiv.s           f16, f16, f12       f16=xxxxxxxx f16:41d7a23b f12:41e64279
22532351ns          390323 1c009b78 29087843 fmadd.s          f16, f16, f16, f5   f16=xxxxxxxx f16:3f6fbd32 f16:3f6fbd32  f5:3f800000
22532371ns          390324 1c009b7c 58087853 fsqrt.s          f16, f16            f16=xxxxxxxx f16:3ff04168
22533187ns          390365 1c009b80 11067653 fmul.s           f12, f12, f16       f12=xxxxxxxx f12:41e64279 f16:3faf5d4f
22533207ns          390366 1c009b84 ed0ff06f jal              x0, -2352          
22533286ns          390370 1c009254 00000813 addi             x16, x0, 0          x16=00000000
22533326ns          390372 1c009258 a0a80853 fle.s            x16, f16, f10       x16=00000001 f16:00000000 f10:41d7a23b
22533346ns          390373 1c00925c 00080463 beq              x16, x0, 8          x16:00000001
22533406ns          390376 1c009260 20c61653 fsgnjn.s         f12, f12, f12       f12=xxxxxxxx f12:421dbb5e f12:421dbb5e
22533445ns          390378 1c009264 00000813 addi             x16, x0, 0          x16=00000000
22533465ns          390379 1c009268 a1061853 flt.s            x16, f12, f16       x16=00000001 f12:c21dbb5e f16:00000000
22533485ns          390380 1c00926c 12081be3 bne              x16, x0, 2358       x16:00000001
22533664ns          390389 1c009ba2 20c61853 fsgnjn.s         f16, f12, f12       f16=xxxxxxxx f12:c21dbb5e f12:c21dbb5e
22533684ns          390390 1c009ba6 eccff06f jal              x0, -2356          
22533744ns          390393 1c009272 1c0004b7 lui              x9, 0x1c000000       x9=1c000000
22533764ns          390394 1c009276 03048493 addi             x9, x9, 48           x9=1c000030  x9:1c000000
22533784ns          390395 1c00927a 0004a483 lw               x9, 0(x9)            x9=0c000000  x9:1c000030  PA:1c000030
22534142ns          390413 1c00927c a0981853 flt.s            x16, f16, f9        x16=00000000 f16:421dbb5e  f9:0c000000
22534162ns          390414 1c009280 0a080ce3 beq              x16, x0, 2232       x16:00000000
22534261ns          390419 1c009b38 1c000337 lui              x6, 0x1c000000       x6=1c000000
22534301ns          390421 1c009b3c 04c32803 lw               x16, 76(x6)         x16=3f800000  x6:1c000000  PA:1c00004c
22534639ns          390438 1c009b40 08c57353 fsub.s           f6, f10, f12         f6=xxxxxxxx f10:41d7a23b f12:c21dbb5e
22534659ns          390439 1c009b44 18687853 fdiv.s           f16, f16, f6        f16=xxxxxxxx f16:3f800000  f6:4284c63e  PA:10001e80
22534937ns          390453 1c009b48 08812303 lw               x6, 136(x2)          x6=xxxxxxxx  x2:10001df8
22534957ns          390454 1c009b4a 08a679d3 fsub.s           f19, f12, f10       f19=xxxxxxxx f12:c21dbb5e f10:41d7a23b
22535216ns          390467 1c009b4e 11037353 fmul.s           f6, f6, f16          f6=xxxxxxxx  f6:c1c71c10 f16:3c76cb6a
22535236ns          390468 1c009b52 18c9f9d3 fdiv.s           f19, f19, f12       f19=xxxxxxxx f19:c284c63e f12:c21dbb5e  PA:10001e80
22535494ns          390481 1c009b56 08612423 sw               x6, 136(x2)          x6:bebff32d  x2:10001df8
22535514ns          390482 1c009b58 0038b663 p.bneimm         x17, 12             x17:00000003  PA:10001e84
22535534ns          390483 1c009b5c 08c12503 lw               x10, 140(x2)        x10=xxxxxxxx  x2:10001df8
22535574ns          390485 1c009b5e 11057853 fmul.s           f16, f10, f16       f16=xxxxxxxx f10:41674cb1 f16:3c76cb6a
22535773ns          390495 1c009b62 09012623 sw               x16, 140(x2)        x16:3e5efb7c  x2:10001df8  PA:10001e84
22535793ns          390496 1c009b64 00c00533 add              x10, x0, x12        x10=c21dbb5e x12:c21dbb5e
22535812ns          390497 1c009b66 87fff06f jal              x0, -1922          
22535892ns          390501 1c0093e4 08a12223 sw               x10, 132(x2)        x10:c21dbb5e  x2:10001df8  PA:10001e7c
22535932ns          390503 1c0093e6 4cbcd763 bge              x25, x11, 1230      x25:00000001 x11:00000003
22535952ns          390504 1c0093ea 00a6a023 sw               x10, 0(x13)         x10:c21dbb5e x13:10001f0c  PA:10001f0c
22535972ns          390505 1c0093ec 0006a223 sw               x0, 4(x13)          x13:10001f0c  PA:10001f10
22536011ns          390507 1c0093f0 01b5d463 bge              x11, x27, 8         x11:00000003 x27:00000004
22536051ns          390509 1c0093f4 0006a423 sw               x0, 8(x13)          x13:10001f0c  PA:10001f14
22536071ns          390510 1c0093f8 08812b83 lw               x23, 136(x2)        x23=bebff32d  x2:10001df8  PA:10001e80
22536111ns          390512 1c0093fa 1179fb53 fmul.s           f22, f19, f23       f22=xxxxxxxx f19:3fd77e68 f23:bebff32d
22536151ns          390514 1c0093fe 4c38bd63 p.bneimm         x17, 1242           x17:00000003
22536190ns          390516 1c009402 01468313 addi             x6, x13, 20          x6=10001f20 x13:10001f0c
22536210ns          390517 1c009406 406a08b3 sub              x17, x20, x6        x17=0000003c x20:10001f5c  x6:10001f20
22536230ns          390518 1c00940a 08c12d03 lw               x26, 140(x2)        x26=3e5efb7c  x2:10001df8  PA:10001e84
22536250ns          390519 1c00940c fec88893 addi             x17, x17, -20       x17=00000028 x17:0000003c
22536290ns          390521 1c00940e 0cccd637 lui              x12, 0xcccd000      x12=0cccd000
22536330ns          390523 1c009412 0028d893 srli             x17, x17, 0x2       x17=0000000a x17:00000028
22536349ns          390524 1c009416 ccd60613 addi             x12, x12, -819      x12=0ccccccd x12:0cccd000
22536369ns          390525 1c00941a 02c888b3 mul              x17, x17, x12       x17=80000002 x17:0000000a x12:0ccccccd
22536429ns          390528 1c00941e 113d7ad3 fmul.s           f21, f26, f19       f21=xxxxxxxx f26:3e5efb7c f19:3fd77e68
22536449ns          390529 1c009422 01868693 addi             x13, x13, 24        x13=10001f24 x13:10001f0c
22536469ns          390530 1c009424 c3e8b8b3 p.bclr           x17, x17, 1, 30     x17=00000002 x17:80000002
22536489ns          390531 1c009428 02d12423 sw               x13, 40(x2)         x13:10001f24  x2:10001df8  PA:10001e20
22536509ns          390532 1c00942a 00d00533 add              x10, x0, x13        x10=10001f24 x13:10001f24
22536529ns          390533 1c00942c 00188893 addi             x17, x17, 1         x17=00000003 x17:00000002
22536568ns          390535 1c00942e 0168c0fb lp.setup         0x1, x17, 0x16      x17:00000003
22536588ns          390536 1c009432 00052603 lw               x12, 0(x10)         x12=bfc1b691 x10:10001f24  PA:10001f24
22536608ns          390537 1c009434 00032803 lw               x16, 0(x6)          x16=447fdbd9  x6:10001f20  PA:10001f20
22536628ns          390538 1c009438 00452e03 lw               x28, 4(x10)         x28=41150d35 x10:10001f24  PA:10001f28
22536648ns          390539 1c00943c 817676c3 fmadd.s          f13, f12, f23, f16  f13=xxxxxxxx f12:bfc1b691 f23:bebff32d f16:447fdbd9
22536708ns          390542 1c009440 01450513 addi             x10, x10, 20        x10=10001f38 x10:10001f24
22536747ns          390544 1c009442 69cd76c3 fmadd.s          f13, f26, f28, f13  f13=xxxxxxxx f26:3e5efb7c f28:41150d35 f13:44800014
22536767ns          390545 1c009446 8136f84b fnmsub.s         f16, f13, f19, f16  f16=xxxxxxxx f13:448040fe f19:3fd77e68 f16:447fdbd9
22536787ns          390546 1c00944a 6166f64b fnmsub.s         f12, f13, f22, f12  f12=xxxxxxxx f13:448040fe f22:bf219402 f12:bfc1b691
22536847ns          390549 1c00944e e0daf6cb fnmsub.s         f13, f21, f13, f28  f13=xxxxxxxx f21:3ebbb350 f13:448040fe f28:41150d35
22536887ns          390551 1c009452 01032a2b p.sw             x16, 20(x6!)         x6=10001f34 x16:c42ffbcd  x6:10001f20  PA:10001f20
22536906ns          390552 1c009456 fec52623 sw               x12, -20(x10)       x12:44218531 x10:10001f38  PA:10001f24
22536926ns          390553 1c00945a fed52823 sw               x13, -16(x10)       x13:c3b76a34 x10:10001f38  PA:10001f28
22536946ns          390554 1c009432 00052603 lw               x12, 0(x10)         x12=43bdec52 x10:10001f38  PA:10001f38
22536966ns          390555 1c009434 00032803 lw               x16, 0(x6)          x16=bfc1b648  x6:10001f34  PA:10001f34
22536986ns          390556 1c009438 00452e03 lw               x28, 4(x10)         x28=43f96efb x10:10001f38  PA:10001f3c
22537006ns          390557 1c00943c 817676c3 fmadd.s          f13, f12, f23, f16  f13=xxxxxxxx f12:43bdec52 f23:bebff32d f16:bfc1b648
22537026ns          390558 1c009440 01450513 addi             x10, x10, 20        x10=10001f4c x10:10001f38
22537046ns          390559 1c009442 69cd76c3 fmadd.s          f13, f26, f28, f13  f13=xxxxxxxx f26:3e5efb7c f28:43f96efb f13:c30feb26
22537066ns          390560 1c009446 8136f84b fnmsub.s         f16, f13, f19, f16  f16=xxxxxxxx f13:c20d260b f19:3fd77e68 f16:bfc1b648
22537085ns          390561 1c00944a 6166f64b fnmsub.s         f12, f13, f22, f12  f12=xxxxxxxx f13:c20d260b f22:bf219402 f12:43bdec52
22537105ns          390562 1c00944e e0daf6cb fnmsub.s         f13, f21, f13, f28  f13=xxxxxxxx f21:3ebbb350 f13:c20d260b f28:43f96efb
22537125ns          390563 1c009452 01032a2b p.sw             x16, 20(x6!)         x6=10001f48 x16:42679398  x6:10001f34  PA:10001f34
22537145ns          390564 1c009456 fec52623 sw               x12, -20(x10)       x12:43b2c981 x10:10001f4c  PA:10001f38
22537165ns          390565 1c00945a fed52823 sw               x13, -16(x10)       x13:43ffe6d5 x10:10001f4c  PA:10001f3c
22537185ns          390566 1c009432 00052603 lw               x12, 0(x10)         x12=43f96ef9 x10:10001f4c  PA:10001f4c
22537205ns          390567 1c009434 00032803 lw               x16, 0(x6)          x16=41150d1f  x6:10001f48  PA:10001f48
22537225ns          390568 1c009438 00452e03 lw               x28, 4(x10)         x28=4444d6f1 x10:10001f4c  PA:10001f50
22537245ns          390569 1c00943c 817676c3 fmadd.s          f13, f12, f23, f16  f13=xxxxxxxx f12:43f96ef9 f23:bebff32d f16:41150d1f
22537264ns          390570 1c009440 01450513 addi             x10, x10, 20        x10=10001f60 x10:10001f4c
22537284ns          390571 1c009442 69cd76c3 fmadd.s          f13, f26, f28, f13  f13=xxxxxxxx f26:3e5efb7c f28:4444d6f1 f13:c331b5ea
22537304ns          390572 1c009446 8136f84b fnmsub.s         f16, f13, f19, f16  f16=xxxxxxxx f13:c0c844dd f19:3fd77e68 f16:41150d1f
22537324ns          390573 1c00944a 6166f64b fnmsub.s         f12, f13, f22, f12  f12=xxxxxxxx f13:c0c844dd f22:bf219402 f12:43f96ef9
22537344ns          390574 1c00944e e0daf6cb fnmsub.s         f13, f21, f13, f28  f13=xxxxxxxx f21:3ebbb350 f13:c0c844dd f28:4444d6f1
22537364ns          390575 1c009452 01032a2b p.sw             x16, 20(x6!)         x6=10001f5c x16:419ed0ec  x6:10001f48  PA:10001f48
22537384ns          390576 1c009456 fec52623 sw               x12, -20(x10)       x12:43f7755d x10:10001f60  PA:10001f4c
22537404ns          390577 1c00945a fed52823 sw               x13, -16(x10)       x13:444569c8 x10:10001f60  PA:10001f50
22537463ns          390580 1c00945e 00158513 addi             x10, x11, 1         x10=00000004 x11:00000003
22537483ns          390581 1c009462 02a12023 sw               x10, 32(x2)         x10:00000004  x2:10001df8  PA:10001e18
22537503ns          390582 1c009464 73b55263 bge              x10, x27, 1828      x10:00000004 x27:00000004
22537563ns          390585 1c009b88 ffbc0913 addi             x18, x24, -5        x18=0000000a x24:0000000f
22537583ns          390586 1c009b8c 005c0613 addi             x12, x24, 5         x12=00000014 x24:0000000f
22537603ns          390587 1c009b90 be0dcce3 blt              x27, x0, -1032      x27:00000004
22537622ns          390588 1c009b94 01b005b3 add              x11, x0, x27        x11=00000004 x27:00000004
22537642ns          390589 1c009b96 00000693 addi             x13, x0, 0          x13=00000000
22537662ns          390590 1c009b98 9b5ff06f jal              x0, -1612          
22537742ns          390594 1c00954c 01812803 lw               x16, 24(x2)         x16=10001ef0  x2:10001df8  PA:10001e10
22537821ns          390598 1c00954e 00d90333 add              x6, x18, x13         x6=0000000a x18:0000000a x13:00000000
22537861ns          390600 1c009552 00dc08b3 add              x17, x24, x13       x17=0000000f x24:0000000f x13:00000000
22537881ns          390601 1c009556 00231313 slli             x6, x6, 0x2          x6=00000028  x6:0000000a
22537901ns          390602 1c009558 00289893 slli             x17, x17, 0x2       x17=0000003c x17:0000000f
22537921ns          390603 1c00955a 01030333 add              x6, x6, x16          x6=10001f18  x6:00000028 x16:10001ef0
22537941ns          390604 1c00955c 010888b3 add              x17, x17, x16       x17=10001f2c x17:0000003c x16:10001ef0
22537961ns          390605 1c00955e 00032e83 lw               x29, 0(x6)          x29=b8eb94ea  x6:10001f18  PA:10001f18
22538000ns          390607 1c009562 0008a803 lw               x16, 0(x17)         x16=36b7ea85 x17:10001f2c  PA:10001f2c
22538020ns          390608 1c009566 00d60e33 add              x28, x12, x13       x28=00000014 x12:00000014 x13:00000000
22538040ns          390609 1c00956a 01812283 lw               x5, 24(x2)           x5=10001ef0  x2:10001df8  PA:10001e10
22538060ns          390610 1c00956c 002e1e13 slli             x28, x28, 0x2       x28=00000050 x28:00000014
22538080ns          390611 1c00956e 005e0e33 add              x28, x28, x5        x28=10001f40 x28:00000050  x5:10001ef0
22538100ns          390612 1c009570 e90bf843 fmadd.s          f16, f23, f16, f29  f16=xxxxxxxx f23:bebff32d f16:36b7ea85 f29:b8eb94ea
22538140ns          390614 1c009574 000e2f03 lw               x30, 0(x28)         x30=b74d6017 x28:10001f40  PA:10001f40
22538160ns          390615 1c009578 00168513 addi             x10, x13, 1         x10=00000001 x13:00000000
22538179ns          390616 1c00957c 81ed7843 fmadd.s          f16, f26, f30, f16  f16=xxxxxxxx f26:3e5efb7c f30:b74d6017 f16:b8efe41f
22538239ns          390619 1c009580 e909fecb fnmsub.s         f29, f19, f16, f29  f29=xxxxxxxx f19:3fd77e68 f16:b8f57b38 f29:b8eb94ea
22538279ns          390621 1c009584 01d32023 sw               x29, 0(x6)          x29:38b1b27b  x6:10001f18  PA:10001f18
22538299ns          390622 1c009588 0008a303 lw               x6, 0(x17)           x6=36b7ea85 x17:10001f2c  PA:10001f2c
22538339ns          390624 1c00958c 310b734b fnmsub.s         f6, f22, f16, f6     f6=xxxxxxxx f22:bf219402 f16:b8f57b38  f6:36b7ea85
22538378ns          390626 1c009590 0068a023 sw               x6, 0(x17)           x6:b88f71c3 x17:10001f2c  PA:10001f2c
22538418ns          390628 1c009594 000e2f03 lw               x30, 0(x28)         x30=b74d6017 x28:10001f40  PA:10001f40
22538458ns          390630 1c009598 f10af84b fnmsub.s         f16, f21, f16, f30  f16=xxxxxxxx f21:3ebbb350 f16:b8f57b38 f30:b74d6017
22538478ns          390631 1c00959c 010e2023 sw               x16, 0(x28)         x16:3800a4ee x28:10001f40  PA:10001f40
22538518ns          390633 1c0095a0 1ea5c463 blt              x11, x10, 488       x11:00000004 x10:00000001
22538557ns          390635 1c0095a4 01250e33 add              x28, x10, x18       x28=0000000b x10:00000001 x18:0000000a
22538577ns          390636 1c0095a8 01850333 add              x6, x10, x24         x6=00000010 x10:00000001 x24:0000000f
22538597ns          390637 1c0095ac 002e1e13 slli             x28, x28, 0x2       x28=0000002c x28:0000000b
22538617ns          390638 1c0095ae 00231313 slli             x6, x6, 0x2          x6=00000040  x6:00000010
22538657ns          390640 1c0095b0 00530333 add              x6, x6, x5           x6=10001f30  x6:00000040  x5:10001ef0
22538677ns          390641 1c0095b2 005e0e33 add              x28, x28, x5        x28=10001f1c x28:0000002c  x5:10001ef0
22538697ns          390642 1c0095b4 000e2e83 lw               x29, 0(x28)         x29=41d7a23b x28:10001f1c  PA:10001f1c
22538716ns          390643 1c0095b8 00032883 lw               x17, 0(x6)          x17=c1c71c11  x6:10001f30  PA:10001f30
22538736ns          390644 1c0095bc 00c50533 add              x10, x10, x12       x10=00000015 x10:00000001 x12:00000014
22538756ns          390645 1c0095be 00251513 slli             x10, x10, 0x2       x10=00000054 x10:00000015
22538796ns          390647 1c0095c0 00550533 add              x10, x10, x5        x10=10001f44 x10:00000054  x5:10001ef0
22538836ns          390649 1c0095c2 e91bf8c3 fmadd.s          f17, f23, f17, f29  f17=xxxxxxxx f23:bebff32d f17:c1c71c11 f29:41d7a23b
22538856ns          390650 1c0095c6 00052f03 lw               x30, 0(x10)         x30=41674caf x10:10001f44  PA:10001f44
22538876ns          390651 1c0095ca 00268813 addi             x16, x13, 2         x16=00000002 x13:00000000
22538935ns          390654 1c0095ce 89ed78c3 fmadd.s          f17, f26, f30, f17  f17=xxxxxxxx f26:3e5efb7c f30:41674caf f17:421123e2
22538975ns          390656 1c0095d2 e919fecb fnmsub.s         f29, f19, f17, f29  f29=xxxxxxxx f19:3fd77e68 f17:421dbb5d f29:41d7a23b
22538995ns          390657 1c0095d6 01de2023 sw               x29, 0(x28)         x29:c21dbb5d x28:10001f1c  PA:10001f1c
22539015ns          390658 1c0095da 00032e03 lw               x28, 0(x6)          x28=c1c71c11  x6:10001f30  PA:10001f30
22539075ns          390661 1c0095de e11b7e4b fnmsub.s         f28, f22, f17, f28  f28=xxxxxxxx f22:bf219402 f17:421dbb5d f28:c1c71c11
22539114ns          390663 1c0095e2 01c32023 sw               x28, 0(x6)          x28:b6bae2a3  x6:10001f30  PA:10001f30
22539134ns          390664 1c0095e6 00052f03 lw               x30, 0(x10)         x30=41674caf x10:10001f44  PA:10001f44
22539174ns          390666 1c0095ea f11af8cb fnmsub.s         f17, f21, f17, f30  f17=xxxxxxxx f21:3ebbb350 f17:421dbb5d f30:41674caf
22539214ns          390668 1c0095ee 01152023 sw               x17, 0(x10)         x17:b5bb9410 x10:10001f44  PA:10001f44
22539254ns          390670 1c0095f2 1905cb63 blt              x11, x16, 406       x11:00000004 x16:00000002
22539273ns          390671 1c0095f6 01280e33 add              x28, x16, x18       x28=0000000c x16:00000002 x18:0000000a
22539293ns          390672 1c0095fa 01880333 add              x6, x16, x24         x6=00000011 x16:00000002 x24:0000000f
22539313ns          390673 1c0095fe 002e1e13 slli             x28, x28, 0x2       x28=00000030 x28:0000000c
22539353ns          390675 1c009600 00231313 slli             x6, x6, 0x2          x6=00000044  x6:00000011
22539373ns          390676 1c009602 00530333 add              x6, x6, x5           x6=10001f34  x6:00000044  x5:10001ef0
22539393ns          390677 1c009604 005e0e33 add              x28, x28, x5        x28=10001f20 x28:00000030  x5:10001ef0
22539413ns          390678 1c009606 000e2e83 lw               x29, 0(x28)         x29=c42ffbcd x28:10001f20  PA:10001f20
22539433ns          390679 1c00960a 00032883 lw               x17, 0(x6)          x17=42679398  x6:10001f34  PA:10001f34
22539492ns          390682 1c00960e 00c80533 add              x10, x16, x12       x10=00000016 x16:00000002 x12:00000014
22539512ns          390683 1c009612 00251513 slli             x10, x10, 0x2       x10=00000058 x10:00000016
22539532ns          390684 1c009614 00550533 add              x10, x10, x5        x10=10001f48 x10:00000058  x5:10001ef0
22539552ns          390685 1c009616 e91bf8c3 fmadd.s          f17, f23, f17, f29  f17=xxxxxxxx f23:bebff32d f17:42679398 f29:c42ffbcd
22539572ns          390686 1c00961a 00052f03 lw               x30, 0(x10)         x30=419ed0ec x10:10001f48  PA:10001f48
22539631ns          390689 1c00961e 00368813 addi             x16, x13, 3         x16=00000003 x13:00000000
22539671ns          390691 1c009622 89ed78c3 fmadd.s          f17, f26, f30, f17  f17=xxxxxxxx f26:3e5efb7c f30:419ed0ec f17:c43568e6
22539691ns          390692 1c009626 e919fecb fnmsub.s         f29, f19, f17, f29  f29=xxxxxxxx f19:3fd77e68 f17:c434543c f29:c42ffbcd
22539711ns          390693 1c00962a 01de2023 sw               x29, 0(x28)         x29:43ff378a x28:10001f20  PA:10001f20
22539771ns          390696 1c00962e 00032e03 lw               x28, 0(x6)          x28=42679398  x6:10001f34  PA:10001f34
22539810ns          390698 1c009632 e11b7e4b fnmsub.s         f28, f22, f17, f28  f28=xxxxxxxx f22:bf219402 f17:c434543c f28:42679398
22539830ns          390699 1c009636 01c32023 sw               x28, 0(x6)          x28:c3c6b005  x6:10001f34  PA:10001f34
22539850ns          390700 1c00963a 00052f03 lw               x30, 0(x10)         x30=419ed0ec x10:10001f48  PA:10001f48
22539910ns          390703 1c00963e f11af8cb fnmsub.s         f17, f21, f17, f30  f17=xxxxxxxx f21:3ebbb350 f17:c434543c f30:419ed0ec
22539950ns          390705 1c009642 01152023 sw               x17, 0(x10)         x17:438e24e6 x10:10001f48  PA:10001f48
22539970ns          390706 1c009646 1505c163 blt              x11, x16, 322       x11:00000004 x16:00000003
22539989ns          390707 1c00964a 01280e33 add              x28, x16, x18       x28=0000000d x16:00000003 x18:0000000a
22540009ns          390708 1c00964e 01880333 add              x6, x16, x24         x6=00000012 x16:00000003 x24:0000000f
22540029ns          390709 1c009652 002e1e13 slli             x28, x28, 0x2       x28=00000034 x28:0000000d
22540049ns          390710 1c009654 00231313 slli             x6, x6, 0x2          x6=00000048  x6:00000012
22540069ns          390711 1c009656 00530333 add              x6, x6, x5           x6=10001f38  x6:00000048  x5:10001ef0
22540089ns          390712 1c009658 005e0e33 add              x28, x28, x5        x28=10001f24 x28:00000034  x5:10001ef0
22540109ns          390713 1c00965a 000e2e83 lw               x29, 0(x28)         x29=44218531 x28:10001f24  PA:10001f24
22540129ns          390714 1c00965e 00032883 lw               x17, 0(x6)          x17=43b2c981  x6:10001f38  PA:10001f38
22540169ns          390716 1c009662 00c80533 add              x10, x16, x12       x10=00000017 x16:00000003 x12:00000014
22540188ns          390717 1c009666 00251513 slli             x10, x10, 0x2       x10=0000005c x10:00000017
22540208ns          390718 1c009668 00550533 add              x10, x10, x5        x10=10001f4c x10:0000005c  x5:10001ef0
22540228ns          390719 1c00966a e91bf8c3 fmadd.s          f17, f23, f17, f29  f17=xxxxxxxx f23:bebff32d f17:43b2c981 f29:44218531
22540268ns          390721 1c00966e 00052f03 lw               x30, 0(x10)         x30=43f7755d x10:10001f4c  PA:10001f4c
22540308ns          390723 1c009672 00468813 addi             x16, x13, 4         x16=00000004 x13:00000000
22540328ns          390724 1c009676 89ed78c3 fmadd.s          f17, f26, f30, f17  f17=xxxxxxxx f26:3e5efb7c f30:43f7755d f17:440001a6
22540348ns          390725 1c00967a e919fecb fnmsub.s         f29, f19, f17, f29  f29=xxxxxxxx f19:3fd77e68 f17:441af302 f29:44218531
22540407ns          390728 1c00967e 01de2023 sw               x29, 0(x28)         x29:c3c6b003 x28:10001f24  PA:10001f24
22540447ns          390730 1c009682 00032e03 lw               x28, 0(x6)          x28=43b2c981  x6:10001f38  PA:10001f38
22540487ns          390732 1c009686 e11b7e4b fnmsub.s         f28, f22, f17, f28  f28=xxxxxxxx f22:bf219402 f17:441af302 f28:43b2c981
22540507ns          390733 1c00968a 01c32023 sw               x28, 0(x6)          x28:443b312a  x6:10001f38  PA:10001f38
22540546ns          390735 1c00968e 00052f03 lw               x30, 0(x10)         x30=43f7755d x10:10001f4c  PA:10001f4c
22540586ns          390737 1c009692 f11af8cb fnmsub.s         f17, f21, f17, f30  f17=xxxxxxxx f21:3ebbb350 f17:441af302 f30:43f7755d
22540606ns          390738 1c009696 01152023 sw               x17, 0(x10)         x17:4385d952 x10:10001f4c  PA:10001f4c
22540626ns          390739 1c00969a 0f05c763 blt              x11, x16, 238       x11:00000004 x16:00000004
22540686ns          390742 1c00969e 01280e33 add              x28, x16, x18       x28=0000000e x16:00000004 x18:0000000a
22540725ns          390744 1c0096a2 01880333 add              x6, x16, x24         x6=00000013 x16:00000004 x24:0000000f
22540745ns          390745 1c0096a6 002e1e13 slli             x28, x28, 0x2       x28=00000038 x28:0000000e
22540765ns          390746 1c0096a8 00231313 slli             x6, x6, 0x2          x6=0000004c  x6:00000013
22540785ns          390747 1c0096aa 00530333 add              x6, x6, x5           x6=10001f3c  x6:0000004c  x5:10001ef0
22540805ns          390748 1c0096ac 005e0e33 add              x28, x28, x5        x28=10001f28 x28:00000038  x5:10001ef0
22540825ns          390749 1c0096ae 000e2e83 lw               x29, 0(x28)         x29=c3b76a34 x28:10001f28  PA:10001f28
22540865ns          390751 1c0096b2 00032883 lw               x17, 0(x6)          x17=43ffe6d5  x6:10001f3c  PA:10001f3c
22540885ns          390752 1c0096b6 00c80533 add              x10, x16, x12       x10=00000018 x16:00000004 x12:00000014
22540904ns          390753 1c0096ba 00251513 slli             x10, x10, 0x2       x10=00000060 x10:00000018
22540924ns          390754 1c0096bc 00550533 add              x10, x10, x5        x10=10001f50 x10:00000060  x5:10001ef0
22540964ns          390756 1c0096be e91bf8c3 fmadd.s          f17, f23, f17, f29  f17=xxxxxxxx f23:bebff32d f17:43ffe6d5 f29:c3b76a34
22541004ns          390758 1c0096c2 00052f03 lw               x30, 0(x10)         x30=444569c8 x10:10001f50  PA:10001f50
22541024ns          390759 1c0096c6 00568813 addi             x16, x13, 5         x16=00000005 x13:00000000
22541044ns          390760 1c0096ca 89ed78c3 fmadd.s          f17, f26, f30, f17  f17=xxxxxxxx f26:3e5efb7c f30:444569c8 f17:c40bad2e
22541064ns          390761 1c0096ce e919fecb fnmsub.s         f29, f19, f17, f29  f29=xxxxxxxx f19:3fd77e68 f17:c3c16087 f29:c3b76a34
22541083ns          390762 1c0096d2 01de2023 sw               x29, 0(x28)         x29:438e24e7 x28:10001f28  PA:10001f28
22541103ns          390763 1c0096d6 00032e03 lw               x28, 0(x6)          x28=43ffe6d5  x6:10001f3c  PA:10001f3c
22541163ns          390766 1c0096da e11b7e4b fnmsub.s         f28, f22, f17, f28  f28=xxxxxxxx f22:bf219402 f17:c3c16087 f28:43ffe6d5
22541183ns          390767 1c0096de 01c32023 sw               x28, 0(x6)          x28:4385d953  x6:10001f3c  PA:10001f3c
22541223ns          390769 1c0096e2 00052f03 lw               x30, 0(x10)         x30=444569c8 x10:10001f50  PA:10001f50
22541262ns          390771 1c0096e6 f11af8cb fnmsub.s         f17, f21, f17, f30  f17=xxxxxxxx f21:3ebbb350 f17:c3c16087 f30:444569c8
22541282ns          390772 1c0096ea 01152023 sw               x17, 0(x10)         x17:4468dc05 x10:10001f50  PA:10001f50
22541322ns          390774 1c0096ee 0905cd63 blt              x11, x16, 154       x11:00000004 x16:00000005
22541422ns          390779 1c009788 ff072383 lw               x7, -16(x14)         x7=3e8ea1f2 x14:10001f90  PA:10001f80
22541461ns          390781 1c00978c 00472283 lw               x5, 4(x14)           x5=bb3bfac9 x14:10001f90  PA:10001f94
22541521ns          390784 1c009790 fec72483 lw               x9, -20(x14)         x9=3f0aa828 x14:10001f90  PA:10001f7c
22541561ns          390786 1c009794 00072403 lw               x8, 0(x14)           x8=bcbbadea x14:10001f90  PA:10001f90
22541581ns          390787 1c009796 ffc72c03 lw               x24, -4(x14)        x24=bf0f0887 x14:10001f90  PA:10001f8c
22541601ns          390788 1c00979a 01072883 lw               x17, 16(x14)        x17=bea2bf18 x14:10001f90  PA:10001fa0
22541660ns          390791 1c00979e ff472f03 lw               x30, -12(x14)       x30=bf0dc257 x14:10001f90  PA:10001f84
22541700ns          390793 1c0097a2 00872e83 lw               x29, 8(x14)         x29=3ee60744 x14:10001f90  PA:10001f98
22541720ns          390794 1c0097a6 3972f543 fmadd.s          f10, f5, f23, f7    f10=xxxxxxxx  f5:bb3bfac9 f23:bebff32d  f7:3e8ea1f2
22541740ns          390795 1c0097aa 49747843 fmadd.s          f16, f8, f23, f9    f16=xxxxxxxx  f8:bcbbadea f23:bebff32d  f9:3f0aa828
22541760ns          390796 1c0097ae c178f943 fmadd.s          f18, f17, f23, f24  f18=xxxxxxxx f17:bea2bf18 f23:bebff32d f24:bf0f0887
22541780ns          390797 1c0097b2 01872c03 lw               x24, 24(x14)        x24=be36d803 x14:10001f90  PA:10001fa8
22541800ns          390798 1c0097b6 01472883 lw               x17, 20(x14)        x17=00000000 x14:10001f90  PA:10001fa4
22541819ns          390799 1c0097ba ff872e03 lw               x28, -8(x14)        x28=bdcf1659 x14:10001f90  PA:10001f88
22541879ns          390802 1c0097be 00c72303 lw               x6, 12(x14)          x6=bf55a94f x14:10001f90  PA:10001f9c
22541919ns          390804 1c0097c2 f17ef5c3 fmadd.s          f11, f29, f23, f30  f11=xxxxxxxx f29:3ee60744 f23:bebff32d f30:bf0dc257
22541939ns          390805 1c0097c6 518d7543 fmadd.s          f10, f26, f24, f10  f10=xxxxxxxx f26:3e5efb7c f24:be36d803 f10:3e8f2ee5
22541959ns          390806 1c0097ca 01c72c03 lw               x24, 28(x14)        x24=bf150f4c x14:10001f90  PA:10001fac
22542018ns          390809 1c0097ce 811d7843 fmadd.s          f16, f26, f17, f16  f16=xxxxxxxx f26:3e5efb7c f17:00000000 f16:3f0cdb0c
22542058ns          390811 1c0097d2 e17376c3 fmadd.s          f13, f6, f23, f28   f13=xxxxxxxx  f6:bf55a94f f23:bebff32d f28:bdcf1659
22542078ns          390812 1c0097d6 598d75c3 fmadd.s          f11, f26, f24, f11  f11=xxxxxxxx f26:3e5efb7c f24:bf150f4c f11:bf38e0d2
22542098ns          390813 1c0097da 02072c03 lw               x24, 32(x14)        x24=bf091dd8 x14:10001f90  PA:10001fb0
22542158ns          390816 1c0097de 4909f4cb fnmsub.s         f9, f19, f16, f9     f9=xxxxxxxx f19:3fd77e68 f16:3f0cdb0c  f9:3f0aa828
22542197ns          390818 1c0097e2 698d76c3 fmadd.s          f13, f26, f24, f13  f13=xxxxxxxx f26:3e5efb7c f24:bf091dd8 f13:3e58dd62
22542217ns          390819 1c0097e6 4168744b fnmsub.s         f8, f16, f22, f8     f8=xxxxxxxx f16:3f0cdb0c f22:bf219402  f8:bcbbadea
22542237ns          390820 1c0097ea 02472c03 lw               x24, 36(x14)        x24=3f15c16f x14:10001f90  PA:10001fb4
22542297ns          390823 1c0097ee 890af84b fnmsub.s         f16, f21, f16, f17  f16=xxxxxxxx f21:3ebbb350 f16:3f0cdb0c f17:00000000
22542337ns          390825 1c0097f2 01872883 lw               x17, 24(x14)        x17=be36d803 x14:10001f90  PA:10001fa8
22542356ns          390826 1c0097f6 918d7943 fmadd.s          f18, f26, f24, f18  f18=xxxxxxxx f26:3e5efb7c f24:3f15c16f f18:bee10d79
22542376ns          390827 1c0097fa 38a9f3cb fnmsub.s         f7, f19, f10, f7     f7=xxxxxxxx f19:3fd77e68 f10:3e768d0e  f7:3e8ea1f2
22542436ns          390830 1c0097fe 01c72c03 lw               x24, 28(x14)        x24=bf150f4c x14:10001f90  PA:10001fac
22542476ns          390832 1c009802 296572cb fnmsub.s         f5, f10, f22, f5     f5=xxxxxxxx f10:3e768d0e f22:bf219402  f5:bb3bfac9
22542496ns          390833 1c009806 88aaf54b fnmsub.s         f10, f21, f10, f17  f10=xxxxxxxx f21:3ebbb350 f10:3e768d0e f17:be36d803
22542516ns          390834 1c00980a 02072883 lw               x17, 32(x14)        x17=bf091dd8 x14:10001f90  PA:10001fb0
22542575ns          390837 1c00980e f0b9ff4b fnmsub.s         f30, f19, f11, f30  f30=xxxxxxxx f19:3fd77e68 f11:bf59563f f30:bf0dc257
22542615ns          390839 1c009812 e965fecb fnmsub.s         f29, f11, f22, f29  f29=xxxxxxxx f11:bf59563f f22:bf219402 f29:3ee60744
22542635ns          390840 1c009816 e0d9fe4b fnmsub.s         f28, f19, f13, f28  f28=xxxxxxxx f19:3fd77e68 f13:3dc2dd9c f28:bdcf1659
22542655ns          390841 1c00981a c0baf5cb fnmsub.s         f11, f21, f11, f24  f11=xxxxxxxx f21:3ebbb350 f11:bf59563f f24:bf150f4c
22542715ns          390844 1c00981e 3166f34b fnmsub.s         f6, f13, f22, f6     f6=xxxxxxxx f13:3dc2dd9c f22:bf219402  f6:bf55a94f
22542754ns          390846 1c009822 ffc72c03 lw               x24, -4(x14)        x24=bf0f0887 x14:10001f90  PA:10001f8c
22542774ns          390847 1c009826 88daf6cb fnmsub.s         f13, f21, f13, f17  f13=xxxxxxxx f21:3ebbb350 f13:3dc2dd9c f17:bf091dd8
22542794ns          390848 1c00982a c129fc4b fnmsub.s         f24, f19, f18, f24  f24=xxxxxxxx f19:3fd77e68 f18:be9fd50b f24:bf0f0887
22542814ns          390849 1c00982e 00b72e23 sw               x11, 28(x14)        x11:be8ac45d x14:10001f90  PA:10001fac
22542854ns          390851 1c009830 02d72023 sw               x13, 32(x14)        x13:bf120bde x14:10001f90  PA:10001fb0
22542874ns          390852 1c009832 01072683 lw               x13, 16(x14)        x13=bea2bf18 x14:10001f90  PA:10001fa0
22542894ns          390853 1c009834 ff872e23 sw               x24, -4(x14)        x24:bd07daf0 x14:10001f90  PA:10001f8c
22542913ns          390854 1c009838 69697c4b fnmsub.s         f24, f18, f22, f13  f24=xxxxxxxx f18:be9fd50b f22:bf219402 f13:bea2bf18
22542933ns          390855 1c00983c 02472683 lw               x13, 36(x14)        x13=3f15c16f x14:10001f90  PA:10001fb4
22542993ns          390858 1c00983e fe972623 sw               x9, -20(x14)         x9:bec4f5c0 x14:10001f90  PA:10001f7c
22543033ns          390860 1c009842 692af8cb fnmsub.s         f17, f21, f18, f13  f17=xxxxxxxx f21:3ebbb350 f18:be9fd50b f13:3f15c16f
22543053ns          390861 1c009846 00872023 sw               x8, 0(x14)           x8:3ea61386 x14:10001f90  PA:10001f90
22543073ns          390862 1c009848 01072a23 sw               x16, 20(x14)        x16:be4e8d56 x14:10001f90  PA:10001fa4
22543092ns          390863 1c00984c fe772823 sw               x7, -16(x14)         x7:be01d085 x14:10001f90  PA:10001f80
22543132ns          390865 1c009850 00572223 sw               x5, 4(x14)           x5:3e18ad56 x14:10001f90  PA:10001f94
22543172ns          390867 1c009854 00a72c23 sw               x10, 24(x14)        x10:be889d70 x14:10001f90  PA:10001fa8
22543192ns          390868 1c009856 ffe72a23 sw               x30, -12(x14)       x30:3f602328 x14:10001f90  PA:10001f84
22543212ns          390869 1c00985a 01d72423 sw               x29, 8(x14)         x29:bdb14a19 x14:10001f90  PA:10001f98
22543271ns          390872 1c00985e ffc72c23 sw               x28, -8(x14)        x28:be85c9c1 x14:10001f90  PA:10001f88
22543291ns          390873 1c009862 02012583 lw               x11, 32(x2)         x11=00000004  x2:10001df8  PA:10001e18
22543311ns          390874 1c009864 00672623 sw               x6, 12(x14)          x6:bf46498e x14:10001f90  PA:10001f9c
22543331ns          390875 1c009868 01872823 sw               x24, 16(x14)        x24:bf03d03e x14:10001f90  PA:10001fa0
22543351ns          390876 1c00986c 03172223 sw               x17, 36(x14)        x17:3f330d94 x14:10001f90  PA:10001fb4
22543411ns          390879 1c009870 01470713 addi             x14, x14, 20        x14=10001fa4 x14:10001f90
22543431ns          390880 1c009872 01478793 addi             x15, x15, 20        x15=10001f40 x15:10001f2c
22543450ns          390881 1c009874 004a0a13 addi             x20, x20, 4         x20=10001f60 x20:10001f5c
22543470ns          390882 1c009876 02812683 lw               x13, 40(x2)         x13=10001f24  x2:10001df8  PA:10001e20
22543490ns          390883 1c009878 00c00c33 add              x24, x0, x12        x24=00000014 x12:00000014
22543510ns          390884 1c00987a 014f8f93 addi             x31, x31, 20        x31=10001f2c x31:10001f18
22543530ns          390885 1c00987c 90bdd8e3 bge              x27, x11, -1776     x27:00000004 x11:00000004
22543629ns          390890 1c00918c 0bb587e3 beq              x11, x27, 2222      x11:00000004 x27:00000004
22543828ns          390900 1c009a3a 0cbccf63 blt              x25, x11, 222       x25:00000001 x11:00000004
22543948ns          390906 1c009b18 0046a603 lw               x12, 4(x13)         x12=438e24e7 x13:10001f24  PA:10001f28
22543968ns          390907 1c009b1a 00000813 addi             x16, x0, 0          x16=00000000
22543988ns          390908 1c009b1e 0006a503 lw               x10, 0(x13)         x10=c3c6b003 x13:10001f24  PA:10001f24
22544027ns          390910 1c009b20 a1061853 flt.s            x16, f12, f16       x16=00000000 f12:438e24e7 f16:00000000
22544067ns          390912 1c009b24 08a12223 sw               x10, 132(x2)        x10:c3c6b003  x2:10001df8  PA:10001e7c
22544087ns          390913 1c009b26 08c12423 sw               x12, 136(x2)        x12:438e24e7  x2:10001df8  PA:10001e80
22544107ns          390914 1c009b28 f20803e3 beq              x16, x0, -218       x16:00000000
22544664ns          390942 1c009a4e 00000813 addi             x16, x0, 0          x16=00000000
22544704ns          390944 1c009a52 a1062353 feq.s            x6, f12, f16         x6=00000000 f12:438e24e7 f16:00000000
22544723ns          390945 1c009a56 00200893 addi             x17, x0, 2          x17=00000002
22544743ns          390946 1c009a58 00100e93 addi             x29, x0, 1          x29=00000001
22544763ns          390947 1c009a5a fa030c63 beq              x6, x0, -2120        x6:00000000
22545320ns          390975 1c009212 a1051853 flt.s            x16, f10, f16       x16=00000001 f10:c3c6b003 f16:00000000
22545340ns          390976 1c009216 180812e3 bne              x16, x0, 2436       x16:00000001
22545539ns          390986 1c009b9a 20a51853 fsgnjn.s         f16, f10, f10       f16=xxxxxxxx f10:c3c6b003 f10:c3c6b003
22545599ns          390989 1c009b9e e7eff06f jal              x0, -2434          
22545678ns          390993 1c00921c 00000313 addi             x6, x0, 0            x6=00000000
22545758ns          390997 1c009220 a0661353 flt.s            x6, f12, f6          x6=00000000 f12:438e24e7  f6:00000000
22545798ns          390999 1c009224 00030463 beq              x6, x0, 8            x6:00000000
22545857ns          391002 1c00922c a0c81353 flt.s            x6, f16, f12         x6=00000000 f16:43c6b003 f12:438e24e7
22545917ns          391005 1c009230 12031ce3 bne              x6, x0, 2360         x6:00000000
22545957ns          391007 1c009234 a1061353 flt.s            x6, f12, f16         x6=00000001 f12:438e24e7 f16:43c6b003
22545977ns          391008 1c009238 18031fe3 bne              x6, x0, 2462         x6:00000001
22546176ns          391018 1c009bd6 1c000337 lui              x6, 0x1c000000       x6=1c000000
22546195ns          391019 1c009bda 04c30313 addi             x6, x6, 76           x6=1c00004c  x6:1c000000
22546255ns          391022 1c009bde 00032303 lw               x6, 0(x6)            x6=3f800000  x6:1c00004c  PA:1c00004c
22546593ns          391039 1c009be2 19067653 fdiv.s           f12, f12, f16       f12=xxxxxxxx f12:438e24e7 f16:43c6b003
22546911ns          391055 1c009be6 30c67643 fmadd.s          f12, f12, f12, f6   f12=xxxxxxxx f12:3f372578 f12:3f372578  f6:3f800000
22546931ns          391056 1c009bea 58067653 fsqrt.s          f12, f12            f12=xxxxxxxx f12:3fc1834c
22547468ns          391083 1c009bee 10c87653 fmul.s           f12, f16, f12       f12=xxxxxxxx f16:43c6b003 f12:3f9d623e
22547488ns          391084 1c009bf2 e62ff06f jal              x0, -2462          
22547568ns          391088 1c009254 00000813 addi             x16, x0, 0          x16=00000000
22547608ns          391090 1c009258 a0a80853 fle.s            x16, f16, f10       x16=00000000 f16:00000000 f10:c3c6b003
22547628ns          391091 1c00925c 00080463 beq              x16, x0, 8          x16:00000000
22547727ns          391096 1c009264 00000813 addi             x16, x0, 0          x16=00000000
22547747ns          391097 1c009268 a1061853 flt.s            x16, f12, f16       x16=00000000 f12:43f44c63 f16:00000000
22547767ns          391098 1c00926c 12081be3 bne              x16, x0, 2358       x16:00000000
22547826ns          391101 1c009270 00c00833 add              x16, x0, x12        x16=43f44c63 x12:43f44c63
22547866ns          391103 1c009272 1c0004b7 lui              x9, 0x1c000000       x9=1c000000
22547886ns          391104 1c009276 03048493 addi             x9, x9, 48           x9=1c000030  x9:1c000000
22547906ns          391105 1c00927a 0004a483 lw               x9, 0(x9)            x9=0c000000  x9:1c000030  PA:1c000030
22548224ns          391121 1c00927c a0981853 flt.s            x16, f16, f9        x16=00000000 f16:43f44c63  f9:0c000000
22548244ns          391122 1c009280 0a080ce3 beq              x16, x0, 2232       x16:00000000
22548304ns          391125 1c009b38 1c000337 lui              x6, 0x1c000000       x6=1c000000
22548324ns          391126 1c009b3c 04c32803 lw               x16, 76(x6)         x16=3f800000  x6:1c000000  PA:1c00004c
22548662ns          391143 1c009b40 08c57353 fsub.s           f6, f10, f12         f6=xxxxxxxx f10:c3c6b003 f12:43f44c63
22548682ns          391144 1c009b44 18687853 fdiv.s           f16, f16, f6        f16=xxxxxxxx f16:3f800000  f6:c45d7e33  PA:10001e80
22548702ns          391145 1c009b48 08812303 lw               x6, 136(x2)          x6=xxxxxxxx  x2:10001df8
22548722ns          391146 1c009b4a 08a679d3 fsub.s           f19, f12, f10       f19=xxxxxxxx f12:43f44c63 f10:c3c6b003
22549000ns          391160 1c009b4e 11037353 fmul.s           f6, f6, f16          f6=xxxxxxxx  f6:438e24e7 f16:ba93f106
22549020ns          391161 1c009b52 18c9f9d3 fdiv.s           f19, f19, f12       f19=xxxxxxxx f19:445d7e33 f12:43f44c63  PA:10001e80
22549040ns          391162 1c009b56 08612423 sw               x6, 136(x2)          x6:bea44a09  x2:10001df8
22549060ns          391163 1c009b58 0038b663 p.bneimm         x17, 12             x17:00000002
22549159ns          391168 1c009b64 00c00533 add              x10, x0, x12        x10=xxxxxxxx x12:43f44c63
22549179ns          391169 1c009b66 87fff06f jal              x0, -1922            PA:10001e7c
22549259ns          391173 1c0093e4 08a12223 sw               x10, 132(x2)        x10:43f44c63  x2:10001df8
22549298ns          391175 1c0093e6 4cbcd763 bge              x25, x11, 1230      x25:00000001 x11:00000004
22549318ns          391176 1c0093ea 00a6a023 sw               x10, 0(x13)         x10:43f44c63 x13:10001f24  PA:10001f24
22549338ns          391177 1c0093ec 0006a223 sw               x0, 4(x13)          x13:10001f24  PA:10001f28
22549457ns          391183 1c0093f0 01b5d463 bge              x11, x27, 8         x11:00000004 x27:00000004
22549517ns          391186 1c0093f8 08812b83 lw               x23, 136(x2)        x23=bea44a09  x2:10001df8  PA:10001e80
22549557ns          391188 1c0093fa 1179fb53 fmul.s           f22, f19, f23       f22=xxxxxxxx f19:3fe81a2c f23:bea44a09
22549975ns          391209 1c0093fe 4c38bd63 p.bneimm         x17, 1242           x17:00000002
22550094ns          391215 1c0098d8 01468893 addi             x17, x13, 20        x17=10001f38 x13:10001f24
22550134ns          391217 1c0098dc 411a0833 sub              x16, x20, x17       x16=00000028 x20:10001f60 x17:10001f38
22550193ns          391220 1c0098e0 fec80813 addi             x16, x16, -20       x16=00000014 x16:00000028
22550233ns          391222 1c0098e2 0cccd637 lui              x12, 0xcccd000      x12=0cccd000
22550253ns          391223 1c0098e6 00285813 srli             x16, x16, 0x2       x16=00000005 x16:00000014
22550273ns          391224 1c0098ea ccd60613 addi             x12, x12, -819      x12=0ccccccd x12:0cccd000
22550333ns          391227 1c0098ee 02c80833 mul              x16, x16, x12       x16=40000001 x16:00000005 x12:0ccccccd
22550353ns          391228 1c0098f2 01868693 addi             x13, x13, 24        x13=10001f3c x13:10001f24
22550372ns          391229 1c0098f4 c3e83833 p.bclr           x16, x16, 1, 30     x16=00000001 x16:40000001
22550392ns          391230 1c0098f8 02d12423 sw               x13, 40(x2)         x13:10001f3c  x2:10001df8  PA:10001e20
22550412ns          391231 1c0098fa 00d00333 add              x6, x0, x13          x6=10001f3c x13:10001f3c
22550432ns          391232 1c0098fc 00180813 addi             x16, x16, 1         x16=00000002 x16:00000001
22550472ns          391234 1c0098fe 00e840fb lp.setup         0x1, x16, 0xe       x16:00000002
22550512ns          391236 1c009902 0008a603 lw               x12, 0(x17)         x12=443b312a x17:10001f38  PA:10001f38
22550532ns          391237 1c009906 00032503 lw               x10, 0(x6)          x10=4385d953  x6:10001f3c  PA:10001f3c
22550571ns          391239 1c00990a 617576c3 fmadd.s          f13, f10, f23, f12  f13=xxxxxxxx f10:4385d953 f23:bea44a09 f12:443b312a
22550611ns          391241 1c00990e 6136f64b fnmsub.s         f12, f13, f19, f12  f12=xxxxxxxx f13:4425b7ae f19:3fe81a2c f12:443b312a
22550651ns          391243 1c009912 5166f6cb fnmsub.s         f13, f13, f22, f10  f13=xxxxxxxx f13:4425b7ae f22:bf14f3e4 f10:4385d953
22550671ns          391244 1c009916 00c8aa2b p.sw             x12, 20(x17!)       x17=10001f4c x12:c3e29b47 x17:10001f38  PA:10001f38
22550691ns          391245 1c00991a 00d32a2b p.sw             x13, 20(x6!)         x6=10001f50 x13:442358bb  x6:10001f3c  PA:10001f3c
22550730ns          391247 1c009902 0008a603 lw               x12, 0(x17)         x12=4385d952 x17:10001f4c  PA:10001f4c
22550770ns          391249 1c009906 00032503 lw               x10, 0(x6)          x10=4468dc05  x6:10001f50  PA:10001f50
22550810ns          391251 1c00990a 617576c3 fmadd.s          f13, f10, f23, f12  f13=xxxxxxxx f10:4468dc05 f23:bea44a09 f12:4385d952
22550830ns          391252 1c00990e 6136f64b fnmsub.s         f12, f13, f19, f12  f12=xxxxxxxx f13:c1f96f90 f19:3fe81a2c f12:4385d952
22550850ns          391253 1c009912 5166f6cb fnmsub.s         f13, f13, f22, f10  f13=xxxxxxxx f13:c1f96f90 f22:bf14f3e4 f10:4468dc05
22550870ns          391254 1c009916 00c8aa2b p.sw             x12, 20(x17!)       x17=10001f60 x12:43a21e25 x17:10001f4c  PA:10001f4c
22550890ns          391255 1c00991a 00d32a2b p.sw             x13, 20(x6!)         x6=10001f64 x13:446452f4  x6:10001f50  PA:10001f50
22551168ns          391269 1c00991e 000fa603 lw               x12, 0(x31)         x12=b88f71c3 x31:10001f2c  PA:10001f2c
22551188ns          391270 1c009922 0007a503 lw               x10, 0(x15)         x10=3800a4ee x15:10001f40  PA:10001f40
22551228ns          391272 1c009924 617576c3 fmadd.s          f13, f10, f23, f12  f13=xxxxxxxx f10:3800a4ee f23:bea44a09 f12:b88f71c3
22551248ns          391273 1c009928 6136f64b fnmsub.s         f12, f13, f19, f12  f12=xxxxxxxx f13:b8a4157a f19:3fe81a2c f12:b88f71c3
22551268ns          391274 1c00992c 5166f6cb fnmsub.s         f13, f13, f22, f10  f13=xxxxxxxx f13:b8a4157a f22:bf14f3e4 f10:3800a4ee
22551705ns          391296 1c009930 00cfa023 sw               x12, 0(x31)         x12:389a16b7 x31:10001f2c  PA:10001f2c
22551745ns          391298 1c009934 00d7a023 sw               x13, 0(x15)         x13:b7793230 x15:10001f40  PA:10001f40
22551765ns          391299 1c009936 07b05863 bge              x0, x27, 112        x27:00000004
22551785ns          391300 1c00993a 004fa603 lw               x12, 4(x31)         x12=b6bae2a3 x31:10001f2c  PA:10001f30
22551805ns          391301 1c00993e 0047a503 lw               x10, 4(x15)         x10=b5bb9410 x15:10001f40  PA:10001f44
22552222ns          391322 1c009940 617576c3 fmadd.s          f13, f10, f23, f12  f13=xxxxxxxx f10:b5bb9410 f23:bea44a09 f12:b6bae2a3
22552262ns          391324 1c009944 6136f64b fnmsub.s         f12, f13, f19, f12  f12=xxxxxxxx f13:b6abd680 f19:3fe81a2c f12:b6bae2a3
22552282ns          391325 1c009948 5166f6cb fnmsub.s         f13, f13, f22, f10  f13=xxxxxxxx f13:b6abd680 f22:bf14f3e4 f10:b5bb9410
22552302ns          391326 1c00994c 00cfa223 sw               x12, 4(x31)         x12:36796a8f x31:10001f2c  PA:10001f30
22552759ns          391349 1c009950 00d7a223 sw               x13, 4(x15)         x13:b692e0bc x15:10001f40  PA:10001f44
22552799ns          391351 1c009952 041daa63 p.beqimm         x27, 84             x27:00000004
22552819ns          391352 1c009956 008fa603 lw               x12, 8(x31)         x12=c3c6b005 x31:10001f2c  PA:10001f34
22552839ns          391353 1c00995a 0087a503 lw               x10, 8(x15)         x10=438e24e6 x15:10001f40  PA:10001f48
22552879ns          391355 1c00995c 60abf6c3 fmadd.s          f13, f23, f10, f12  f13=xxxxxxxx f23:bea44a09 f10:438e24e6 f12:c3c6b005
22553257ns          391374 1c009960 60d9f64b fnmsub.s         f12, f19, f13, f12  f12=xxxxxxxx f19:3fe81a2c f13:c3f44c65 f12:c3c6b005
22553296ns          391376 1c009964 50db76cb fnmsub.s         f13, f22, f13, f10  f13=xxxxxxxx f22:bf14f3e4 f13:c3f44c65 f10:438e24e6
22553316ns          391377 1c009968 00cfa423 sw               x12, 8(x31)         x12:43f44c66 x31:10001f2c  PA:10001f34
22553336ns          391378 1c00996c 00d7a423 sw               x13, 8(x15)         x13:b89efa3d x15:10001f40  PA:10001f48
22553794ns          391401 1c00996e 022dac63 p.beqimm         x27, 56             x27:00000004
22553833ns          391403 1c009972 00cfa603 lw               x12, 12(x31)        x12=c3e29b47 x31:10001f2c  PA:10001f38
22553853ns          391404 1c009976 00c7a503 lw               x10, 12(x15)        x10=43a21e25 x15:10001f40  PA:10001f4c
22553893ns          391406 1c009978 60abf6c3 fmadd.s          f13, f23, f10, f12  f13=xxxxxxxx f23:bea44a09 f10:43a21e25 f12:c3e29b47
22553913ns          391407 1c00997c 60d9f64b fnmsub.s         f12, f19, f13, f12  f12=xxxxxxxx f19:3fe81a2c f13:c40b5030 f12:c3e29b47
22554311ns          391427 1c009980 50db76cb fnmsub.s         f13, f22, f13, f10  f13=xxxxxxxx f22:bf14f3e4 f13:c40b5030 f10:43a21e25
22554351ns          391429 1c009984 00cfa623 sw               x12, 12(x31)        x12:440b5030 x31:10001f2c  PA:10001f38
22554371ns          391430 1c009988 00d7a623 sw               x13, 12(x15)        x13:b91c3eb0 x15:10001f40  PA:10001f4c
22554390ns          391431 1c00998a 004dbe63 p.bneimm         x27, 28             x27:00000004
22554828ns          391453 1c00998e 010fa603 lw               x12, 16(x31)        x12=442358bb x31:10001f2c  PA:10001f3c
22554848ns          391454 1c009992 0107a503 lw               x10, 16(x15)        x10=446452f4 x15:10001f40  PA:10001f50
22554888ns          391456 1c009994 617576c3 fmadd.s          f13, f10, f23, f12  f13=xxxxxxxx f10:446452f4 f23:bea44a09 f12:442358bb
22554908ns          391457 1c009998 6136f64b fnmsub.s         f12, f13, f19, f12  f12=xxxxxxxx f13:43b42a4a f19:3fe81a2c f12:442358bb
22554927ns          391458 1c00999c 5166f6cb fnmsub.s         f13, f13, f22, f10  f13=xxxxxxxx f13:43b42a4a f22:bf14f3e4 f10:446452f4
22555325ns          391478 1c0099a0 00cfa823 sw               x12, 16(x31)        x12:b954b22e x31:10001f2c  PA:10001f3c
22555365ns          391480 1c0099a4 00d7a823 sw               x13, 16(x15)        x13:448c5e80 x15:10001f40  PA:10001f50
22555385ns          391481 1c0099a6 fec72283 lw               x5, -20(x14)         x5=3ea61386 x14:10001fa4  PA:10001f90
22555405ns          391482 1c0099aa ff872803 lw               x16, -8(x14)        x16=bf46498e x14:10001fa4  PA:10001f9c
22555425ns          391483 1c0099ae 00c72503 lw               x10, 12(x14)        x10=bf120bde x14:10001fa4  PA:10001fb0
22555862ns          391505 1c0099b0 00072383 lw               x7, 0(x14)           x7=be4e8d56 x14:10001fa4  PA:10001fa4
22555902ns          391507 1c0099b4 ff072e83 lw               x29, -16(x14)       x29=3e18ad56 x14:10001fa4  PA:10001f94
22555922ns          391508 1c0099b8 00472e03 lw               x28, 4(x14)         x28=be889d70 x14:10001fa4  PA:10001fa8
22555942ns          391509 1c0099bc ff472303 lw               x6, -12(x14)         x6=bdb14a19 x14:10001fa4  PA:10001f98
22556379ns          391531 1c0099c0 00872883 lw               x17, 8(x14)         x17=be8ac45d x14:10001fa4  PA:10001fac
22556419ns          391533 1c0099c4 ffc72603 lw               x12, -4(x14)        x12=bf03d03e x14:10001fa4  PA:10001fa0
22556439ns          391534 1c0099c8 2973ff43 fmadd.s          f30, f7, f23, f5    f30=xxxxxxxx  f7:be4e8d56 f23:bea44a09  f5:3ea61386
22556459ns          391535 1c0099cc 01072683 lw               x13, 16(x14)        x13=3f330d94 x14:10001fa4  PA:10001fb4
22556917ns          391558 1c0099ce 817573c3 fmadd.s          f7, f10, f23, f16    f7=xxxxxxxx f10:bf120bde f23:bea44a09 f16:bf46498e
22556956ns          391560 1c0099d2 6176f943 fmadd.s          f18, f13, f23, f12  f18=xxxxxxxx f13:3f330d94 f23:bea44a09 f12:bf03d03e
22556976ns          391561 1c0099d6 e97e74c3 fmadd.s          f9, f28, f23, f29    f9=xxxxxxxx f28:be889d70 f23:bea44a09 f29:3e18ad56
22556996ns          391562 1c0099da 3178f443 fmadd.s          f8, f17, f23, f6     f8=xxxxxxxx f17:be8ac45d f23:bea44a09  f6:bdb14a19
22557016ns          391563 1c0099de 00072683 lw               x13, 0(x14)         x13=be4e8d56 x14:10001fa4  PA:10001fa4
22557414ns          391583 1c0099e0 8079f84b fnmsub.s         f16, f19, f7, f16   f16=xxxxxxxx f19:3fe81a2c  f7:bf176ca3 f16:bf46498e
22557454ns          391585 1c0099e4 5163f54b fnmsub.s         f10, f7, f22, f10   f10=xxxxxxxx  f7:bf176ca3 f22:bf14f3e4 f10:bf120bde
22557473ns          391586 1c0099e8 01072383 lw               x7, 16(x14)          x7=3f330d94 x14:10001fa4  PA:10001fb4
22557493ns          391587 1c0099ec 29e9f2cb fnmsub.s         f5, f19, f30, f5     f5=xxxxxxxx f19:3fe81a2c f30:3ec73718  f5:3ea61386
22557951ns          391610 1c0099f0 6129f64b fnmsub.s         f12, f19, f18, f12  f12=xxxxxxxx f19:3fe81a2c f18:bf3d447c f12:bf03d03e
22557991ns          391612 1c0099f4 696f7f4b fnmsub.s         f30, f30, f22, f13  f30=xxxxxxxx f30:3ec73718 f22:bf14f3e4 f13:be4e8d56
22558011ns          391613 1c0099f8 e899fecb fnmsub.s         f29, f19, f9, f29   f29=xxxxxxxx f19:3fe81a2c  f9:3e7059b4 f29:3e18ad56
22558030ns          391614 1c0099fc e164fe4b fnmsub.s         f28, f9, f22, f28   f28=xxxxxxxx  f9:3e7059b4 f22:bf14f3e4 f28:be889d70
22558468ns          391636 1c009a00 3089f34b fnmsub.s         f6, f19, f8, f6      f6=xxxxxxxx f19:3fe81a2c  f8:39d1c170  f6:bdb14a19
22558508ns          391638 1c009a04 896478cb fnmsub.s         f17, f8, f22, f17   f17=xxxxxxxx  f8:39d1c170 f22:bf14f3e4 f17:be8ac45d
22558528ns          391639 1c009a08 396976cb fnmsub.s         f13, f18, f22, f7   f13=xxxxxxxx f18:bf3d447c f22:bf14f3e4  f7:3f330d94
22558548ns          391640 1c009a0c 00158593 addi             x11, x11, 1         x11=00000005 x11:00000004
22558985ns          391662 1c009a0e fec72e23 sw               x12, -4(x14)        x12:3f536296 x14:10001fa4  PA:10001fa0
22559025ns          391664 1c009a12 fe572623 sw               x5, -20(x14)         x5:bec32911 x14:10001fa4  PA:10001f90
22559045ns          391665 1c009a16 01e72023 sw               x30, 0(x14)         x30:3cca2f9a x14:10001fa4  PA:10001fa4
22559065ns          391666 1c009a1a ffd72823 sw               x29, -16(x14)       x29:be8d9333 x14:10001fa4  PA:10001f94
22559502ns          391688 1c009a1e 01c72223 sw               x28, 4(x14)         x28:be056209 x14:10001fa4  PA:10001fa8
22559542ns          391690 1c009a22 fe672a23 sw               x6, -12(x14)         x6:bdb2c672 x14:10001fa4  PA:10001f98
22559562ns          391691 1c009a26 01172423 sw               x17, 8(x14)         x17:be8aa5da x14:10001fa4  PA:10001fac
22559582ns          391692 1c009a2a ff072c23 sw               x16, -8(x14)        x16:3e98949f x14:10001fa4  PA:10001f9c
22559602ns          391693 1c009a2e 00a72623 sw               x10, 12(x14)        x10:bf6a26ef x14:10001fa4  PA:10001fb0
22559642ns          391695 1c009a30 00d72823 sw               x13, 16(x14)        x13:3e89db57 x14:10001fa4  PA:10001fb4
22559681ns          391697 1c009a32 02b12023 sw               x11, 32(x2)         x11:00000005  x2:10001df8  PA:10001e18
22559701ns          391698 1c009a34 005c0613 addi             x12, x24, 5         x12=00000019 x24:00000014
22559721ns          391699 1c009a38 e39ff06f jal              x0, -456           
22559801ns          391703 1c009870 01470713 addi             x14, x14, 20        x14=10001fb8 x14:10001fa4
22559821ns          391704 1c009872 01478793 addi             x15, x15, 20        x15=10001f54 x15:10001f40
22559840ns          391705 1c009874 004a0a13 addi             x20, x20, 4         x20=10001f64 x20:10001f60
22559860ns          391706 1c009876 02812683 lw               x13, 40(x2)         x13=10001f3c  x2:10001df8  PA:10001e20
22559880ns          391707 1c009878 00c00c33 add              x24, x0, x12        x24=00000019 x12:00000019
22559900ns          391708 1c00987a 014f8f93 addi             x31, x31, 20        x31=10001f40 x31:10001f2c
22559920ns          391709 1c00987c 90bdd8e3 bge              x27, x11, -1776     x27:00000004 x11:00000005
22559940ns          391710 1c009880 04012c03 lw               x24, 64(x2)         x24=44808a81  x2:10001df8  PA:10001e38
22559960ns          391711 1c009882 04412c83 lw               x25, 68(x2)         x25=448c4ca9  x2:10001df8  PA:10001e3c
22559980ns          391712 1c009884 02412483 lw               x9, 36(x2)           x9=00000000  x2:10001df8  PA:10001e1c
22560000ns          391713 1c009886 01f00793 addi             x15, x0, 31         x15=0000001f
22560019ns          391714 1c009888 00148493 addi             x9, x9, 1            x9=00000001  x9:00000000
22560039ns          391715 1c00988a 02912223 sw               x9, 36(x2)           x9:00000001  x2:10001df8  PA:10001e1c
22560059ns          391716 1c00988c 00100293 addi             x5, x0, 1            x5=00000001
22560457ns          391736 1c00988e caf49963 bne              x9, x15, -2894       x9:00000001 x15:0000001f
22560954ns          391761 1c008d40 01c12e83 lw               x29, 28(x2)         x29=00000001  x2:10001df8  PA:10001e14
22560994ns          391763 1c008d42 7fddc8e3 blt              x27, x29, 4080      x27:00000004 x29:00000001
22561014ns          391764 1c008d46 41dd8833 sub              x16, x27, x29       x16=00000003 x27:00000004 x29:00000001
22561034ns          391765 1c008d4a 1c0004b7 lui              x9, 0x1c000000       x9=1c000000
22561472ns          391787 1c008d4e fffe8513 addi             x10, x29, -1        x10=00000000 x29:00000001
22561511ns          391789 1c008d52 fffd8793 addi             x15, x27, -1        x15=00000003 x27:00000004
22561531ns          391790 1c008d56 03812603 lw               x12, 56(x2)         x12=10001f3c  x2:10001df8  PA:10001e30
22561551ns          391791 1c008d58 03412303 lw               x6, 52(x2)           x6=10001f38  x2:10001df8  PA:10001e2c
22561571ns          391792 1c008d5a 03012683 lw               x13, 48(x2)         x13=10001f50  x2:10001df8  PA:10001e28
22561591ns          391793 1c008d5c 005005b3 add              x11, x0, x5         x11=00000001  x5:00000001
22561611ns          391794 1c008d5e 00500f33 add              x30, x0, x5         x30=00000001  x5:00000001
22561631ns          391795 1c008d60 01b00433 add              x8, x0, x27          x8=00000004 x27:00000004
22561651ns          391796 1c008d62 00000713 addi             x14, x0, 0          x14=00000000
22561670ns          391797 1c008d66 00100f93 addi             x31, x0, 1          x31=00000001
22561690ns          391798 1c008d68 0244a383 lw               x7, 36(x9)           x7=34000000  x9:1c000000  PA:1c000024
22562108ns          391819 1c008d6c 00180813 addi             x16, x16, 1         x16=00000004 x16:00000003
22562128ns          391820 1c008d6e 7ca7cbe3 blt              x15, x10, 4054      x15:00000003 x10:00000000
22562168ns          391822 1c008d72 078840fb lp.setup         0x1, x16, 0x78      x16:00000004
22562188ns          391823 1c008d76 00062783 lw               x15, 0(x12)         x15=b954b22e x12:10001f3c  PA:10001f3c
22562207ns          391824 1c008d78 fff40e93 addi             x29, x8, -1         x29=00000003  x8:00000004
22562227ns          391825 1c008d7c a0e79553 flt.s            x10, f15, f14       x10=00000001 f15:b954b22e f14:00000000
22562267ns          391827 1c008d80 00050363 beq              x10, x0, 6          x10:00000001
22562307ns          391829 1c008d82 20f797d3 fsgnjn.s         f15, f15, f15       f15=xxxxxxxx f15:b954b22e f15:b954b22e
22562327ns          391830 1c008d86 1c0008b7 lui              x17, 0x1c000000     x17=1c000000
22562347ns          391831 1c008d8a 02088893 addi             x17, x17, 32        x17=1c000020 x17:1c000000
22562406ns          391834 1c008d8e 0008a883 lw               x17, 0(x17)         x17=0d200000 x17:1c000020  PA:1c000020
22562804ns          391854 1c008d92 a1178553 fle.s            x10, f15, f17       x10=00000000 f15:3954b22e f17:0d200000
22562824ns          391855 1c008d96 0c051763 bne              x10, x0, 206        x10:00000000
22562844ns          391856 1c008d98 00032883 lw               x17, 0(x6)          x17=440b5030  x6:10001f38  PA:10001f38
22562884ns          391858 1c008d9c a0e895d3 flt.s            x11, f17, f14       x11=00000000 f17:440b5030 f14:00000000
22562904ns          391859 1c008da0 01100bb3 add              x23, x0, x17        x23=440b5030 x17:440b5030
22562924ns          391860 1c008da2 00058363 beq              x11, x0, 6          x11:00000000
22562983ns          391863 1c008da8 0006a503 lw               x10, 0(x13)         x10=448c5e80 x13:10001f50  PA:10001f50
22563023ns          391865 1c008daa a0e515d3 flt.s            x11, f10, f14       x11=00000000 f10:448c5e80 f14:00000000
22563043ns          391866 1c008dae 00a00e33 add              x28, x0, x10        x28=448c5e80 x10:448c5e80
22563063ns          391867 1c008db0 00058363 beq              x11, x0, 6          x11:00000000
22563142ns          391871 1c008db6 01cbfbd3 fadd.s           f23, f23, f28       f23=xxxxxxxx f23:440b5030 f28:448c5e80
22563162ns          391872 1c008dba a0eba5d3 feq.s            x11, f23, f14       x11=00000000 f23:44d20698 f14:00000000
22563182ns          391873 1c008dbe 00058d63 beq              x11, x0, 26         x11:00000000
22563679ns          391898 1c008dd8 1c0004b7 lui              x9, 0x1c000000       x9=1c000000
22563719ns          391900 1c008ddc 02448493 addi             x9, x9, 36           x9=1c000024  x9:1c000000
22564137ns          391921 1c008de0 0004a483 lw               x9, 0(x9)            x9=34000000  x9:1c000024  PA:1c000024
22564475ns          391938 1c008de2 109bf5d3 fmul.s           f11, f23, f9        f11=xxxxxxxx f23:44d20698  f9:34000000
22564495ns          391939 1c008de6 a0b785d3 fle.s            x11, f15, f11       x11=00000000 f15:3954b22e f11:39520698
22564515ns          391940 1c008dea 06058863 beq              x11, x0, 112        x11:00000000
22565052ns          391967 1c008e5a fe868693 addi             x13, x13, -24       x13=10001f38 x13:10001f50
22565092ns          391969 1c008e5c fe830313 addi             x6, x6, -24          x6=10001f20  x6:10001f38
22565112ns          391970 1c008e5e fe860613 addi             x12, x12, -24       x12=10001f24 x12:10001f3c
22565151ns          391972 1c008e60 01d00433 add              x8, x0, x29          x8=00000003 x29:00000003
22565171ns          391973 1c008e62 00100593 addi             x11, x0, 1          x11=00000001
22565231ns          391976 1c008d76 00062783 lw               x15, 0(x12)         x15=43f44c63 x12:10001f24  PA:10001f24
22565271ns          391978 1c008d78 fff40e93 addi             x29, x8, -1         x29=00000002  x8:00000003
22565291ns          391979 1c008d7c a0e79553 flt.s            x10, f15, f14       x10=00000000 f15:43f44c63 f14:00000000
22565310ns          391980 1c008d80 00050363 beq              x10, x0, 6          x10:00000000
22565390ns          391984 1c008d86 1c0008b7 lui              x17, 0x1c000000     x17=1c000000
22565410ns          391985 1c008d8a 02088893 addi             x17, x17, 32        x17=1c000020 x17:1c000000
22565430ns          391986 1c008d8e 0008a883 lw               x17, 0(x17)         x17=0d200000 x17:1c000020  PA:1c000020
22565748ns          392002 1c008d92 a1178553 fle.s            x10, f15, f17       x10=00000000 f15:43f44c63 f17:0d200000
22565768ns          392003 1c008d96 0c051763 bne              x10, x0, 206        x10:00000000
22565788ns          392004 1c008d98 00032883 lw               x17, 0(x6)          x17=43ff378a  x6:10001f20  PA:10001f20
22565828ns          392006 1c008d9c a0e895d3 flt.s            x11, f17, f14       x11=00000000 f17:43ff378a f14:00000000
22565847ns          392007 1c008da0 01100bb3 add              x23, x0, x17        x23=43ff378a x17:43ff378a
22565867ns          392008 1c008da2 00058363 beq              x11, x0, 6          x11:00000000
22565927ns          392011 1c008da8 0006a503 lw               x10, 0(x13)         x10=440b5030 x13:10001f38  PA:10001f38
22565967ns          392013 1c008daa a0e515d3 flt.s            x11, f10, f14       x11=00000000 f10:440b5030 f14:00000000
22565987ns          392014 1c008dae 00a00e33 add              x28, x0, x10        x28=440b5030 x10:440b5030
22566007ns          392015 1c008db0 00058363 beq              x11, x0, 6          x11:00000000
22566086ns          392019 1c008db6 01cbfbd3 fadd.s           f23, f23, f28       f23=xxxxxxxx f23:43ff378a f28:440b5030
22566106ns          392020 1c008dba a0eba5d3 feq.s            x11, f23, f14       x11=00000000 f23:448575fa f14:00000000
22566126ns          392021 1c008dbe 00058d63 beq              x11, x0, 26         x11:00000000
22566186ns          392024 1c008dd8 1c0004b7 lui              x9, 0x1c000000       x9=1c000000
22566206ns          392025 1c008ddc 02448493 addi             x9, x9, 36           x9=1c000024  x9:1c000000
22566225ns          392026 1c008de0 0004a483 lw               x9, 0(x9)            x9=34000000  x9:1c000024  PA:1c000024
22566544ns          392042 1c008de2 109bf5d3 fmul.s           f11, f23, f9        f11=xxxxxxxx f23:448575fa  f9:34000000
22566564ns          392043 1c008de6 a0b785d3 fle.s            x11, f15, f11       x11=00000000 f15:43f44c63 f11:390575fa
22566583ns          392044 1c008dea 06058863 beq              x11, x0, 112        x11:00000000
22566643ns          392047 1c008e5a fe868693 addi             x13, x13, -24       x13=10001f20 x13:10001f38
22566663ns          392048 1c008e5c fe830313 addi             x6, x6, -24          x6=10001f08  x6:10001f20
22566683ns          392049 1c008e5e fe860613 addi             x12, x12, -24       x12=10001f0c x12:10001f24
22566703ns          392050 1c008e60 01d00433 add              x8, x0, x29          x8=00000002 x29:00000002
22566723ns          392051 1c008e62 00100593 addi             x11, x0, 1          x11=00000001
22566743ns          392052 1c008d76 00062783 lw               x15, 0(x12)         x15=c21dbb5e x12:10001f0c  PA:10001f0c
22566762ns          392053 1c008d78 fff40e93 addi             x29, x8, -1         x29=00000001  x8:00000002
22566782ns          392054 1c008d7c a0e79553 flt.s            x10, f15, f14       x10=00000001 f15:c21dbb5e f14:00000000
22566802ns          392055 1c008d80 00050363 beq              x10, x0, 6          x10:00000001
22566822ns          392056 1c008d82 20f797d3 fsgnjn.s         f15, f15, f15       f15=xxxxxxxx f15:c21dbb5e f15:c21dbb5e
22566842ns          392057 1c008d86 1c0008b7 lui              x17, 0x1c000000     x17=1c000000
22566862ns          392058 1c008d8a 02088893 addi             x17, x17, 32        x17=1c000020 x17:1c000000
22566882ns          392059 1c008d8e 0008a883 lw               x17, 0(x17)         x17=0d200000 x17:1c000020  PA:1c000020
22567200ns          392075 1c008d92 a1178553 fle.s            x10, f15, f17       x10=00000000 f15:421dbb5e f17:0d200000
22567220ns          392076 1c008d96 0c051763 bne              x10, x0, 206        x10:00000000
22567240ns          392077 1c008d98 00032883 lw               x17, 0(x6)          x17=43fb1437  x6:10001f08  PA:10001f08
22567280ns          392079 1c008d9c a0e895d3 flt.s            x11, f17, f14       x11=00000000 f17:43fb1437 f14:00000000
22567299ns          392080 1c008da0 01100bb3 add              x23, x0, x17        x23=43fb1437 x17:43fb1437
22567319ns          392081 1c008da2 00058363 beq              x11, x0, 6          x11:00000000
22567379ns          392084 1c008da8 0006a503 lw               x10, 0(x13)         x10=43ff378a x13:10001f20  PA:10001f20
22567419ns          392086 1c008daa a0e515d3 flt.s            x11, f10, f14       x11=00000000 f10:43ff378a f14:00000000
22567439ns          392087 1c008dae 00a00e33 add              x28, x0, x10        x28=43ff378a x10:43ff378a
22567459ns          392088 1c008db0 00058363 beq              x11, x0, 6          x11:00000000
22567538ns          392092 1c008db6 01cbfbd3 fadd.s           f23, f23, f28       f23=xxxxxxxx f23:43fb1437 f28:43ff378a
22567558ns          392093 1c008dba a0eba5d3 feq.s            x11, f23, f14       x11=00000000 f23:447d25e0 f14:00000000
22567578ns          392094 1c008dbe 00058d63 beq              x11, x0, 26         x11:00000000
22567638ns          392097 1c008dd8 1c0004b7 lui              x9, 0x1c000000       x9=1c000000
22567658ns          392098 1c008ddc 02448493 addi             x9, x9, 36           x9=1c000024  x9:1c000000
22567677ns          392099 1c008de0 0004a483 lw               x9, 0(x9)            x9=34000000  x9:1c000024  PA:1c000024
22567996ns          392115 1c008de2 109bf5d3 fmul.s           f11, f23, f9        f11=xxxxxxxx f23:447d25e0  f9:34000000
22568016ns          392116 1c008de6 a0b785d3 fle.s            x11, f15, f11       x11=00000000 f15:421dbb5e f11:38fd25e0
22568035ns          392117 1c008dea 06058863 beq              x11, x0, 112        x11:00000000
22568095ns          392120 1c008e5a fe868693 addi             x13, x13, -24       x13=10001f08 x13:10001f20
22568115ns          392121 1c008e5c fe830313 addi             x6, x6, -24          x6=10001ef0  x6:10001f08
22568135ns          392122 1c008e5e fe860613 addi             x12, x12, -24       x12=10001ef4 x12:10001f0c
22568155ns          392123 1c008e60 01d00433 add              x8, x0, x29          x8=00000001 x29:00000001
22568175ns          392124 1c008e62 00100593 addi             x11, x0, 1          x11=00000001
22568195ns          392125 1c008d76 00062783 lw               x15, 0(x12)         x15=c31451bf x12:10001ef4  PA:10001ef4
22568214ns          392126 1c008d78 fff40e93 addi             x29, x8, -1         x29=00000000  x8:00000001
22568234ns          392127 1c008d7c a0e79553 flt.s            x10, f15, f14       x10=00000001 f15:c31451bf f14:00000000
22568254ns          392128 1c008d80 00050363 beq              x10, x0, 6          x10:00000001
22568274ns          392129 1c008d82 20f797d3 fsgnjn.s         f15, f15, f15       f15=xxxxxxxx f15:c31451bf f15:c31451bf
22568294ns          392130 1c008d86 1c0008b7 lui              x17, 0x1c000000     x17=1c000000
22568314ns          392131 1c008d8a 02088893 addi             x17, x17, 32        x17=1c000020 x17:1c000000
22568334ns          392132 1c008d8e 0008a883 lw               x17, 0(x17)         x17=0d200000 x17:1c000020  PA:1c000020
22568672ns          392149 1c008d92 a1178553 fle.s            x10, f15, f17       x10=00000000 f15:431451bf f17:0d200000
22568692ns          392150 1c008d96 0c051763 bne              x10, x0, 206        x10:00000000
22568712ns          392151 1c008d98 00032883 lw               x17, 0(x6)          x17=43159b30  x6:10001ef0  PA:10001ef0
22568752ns          392153 1c008d9c a0e895d3 flt.s            x11, f17, f14       x11=00000000 f17:43159b30 f14:00000000
22568771ns          392154 1c008da0 01100bb3 add              x23, x0, x17        x23=43159b30 x17:43159b30
22568791ns          392155 1c008da2 00058363 beq              x11, x0, 6          x11:00000000
22568851ns          392158 1c008da8 0006a503 lw               x10, 0(x13)         x10=43fb1437 x13:10001f08  PA:10001f08
22568891ns          392160 1c008daa a0e515d3 flt.s            x11, f10, f14       x11=00000000 f10:43fb1437 f14:00000000
22568911ns          392161 1c008dae 00a00e33 add              x28, x0, x10        x28=43fb1437 x10:43fb1437
22568931ns          392162 1c008db0 00058363 beq              x11, x0, 6          x11:00000000
22569010ns          392166 1c008db6 01cbfbd3 fadd.s           f23, f23, f28       f23=xxxxxxxx f23:43159b30 f28:43fb1437
22569030ns          392167 1c008dba a0eba5d3 feq.s            x11, f23, f14       x11=00000000 f23:4422f0e8 f14:00000000
22569050ns          392168 1c008dbe 00058d63 beq              x11, x0, 26         x11:00000000
22569110ns          392171 1c008dd8 1c0004b7 lui              x9, 0x1c000000       x9=1c000000
22569129ns          392172 1c008ddc 02448493 addi             x9, x9, 36           x9=1c000024  x9:1c000000
22569149ns          392173 1c008de0 0004a483 lw               x9, 0(x9)            x9=34000000  x9:1c000024  PA:1c000024
22569468ns          392189 1c008de2 109bf5d3 fmul.s           f11, f23, f9        f11=xxxxxxxx f23:4422f0e8  f9:34000000
22569487ns          392190 1c008de6 a0b785d3 fle.s            x11, f15, f11       x11=00000000 f15:431451bf f11:38a2f0e8
22569507ns          392191 1c008dea 06058863 beq              x11, x0, 112        x11:00000000
22569567ns          392194 1c008e5a fe868693 addi             x13, x13, -24       x13=10001ef0 x13:10001f08
22569587ns          392195 1c008e5c fe830313 addi             x6, x6, -24          x6=10001ed8  x6:10001ef0
22569607ns          392196 1c008e5e fe860613 addi             x12, x12, -24       x12=10001edc x12:10001ef4
22569627ns          392197 1c008e60 01d00433 add              x8, x0, x29          x8=00000000 x29:00000000
22569647ns          392198 1c008e62 00100593 addi             x11, x0, 1          x11=00000001
22569666ns          392199 1c008e64 01a007b3 add              x15, x0, x26        x15=3e5efb7c x26:3e5efb7c
22569686ns          392200 1c008e66 00140e13 addi             x28, x8, 1          x28=00000001  x8:00000000
22569706ns          392201 1c008e6a 01c12e23 sw               x28, 28(x2)         x28:00000001  x2:10001df8  PA:10001e14
22569726ns          392202 1c008e6c 00805e63 bge              x0, x8, 28           x8:00000000
22569826ns          392207 1c008e88 01c12383 lw               x7, 28(x2)           x7=00000001  x2:10001df8  PA:10001e14
22569885ns          392210 1c008e8a 07b3cb63 blt              x7, x27, 118         x7:00000001 x27:00000004
22570343ns          392233 1c008f00 02412503 lw               x10, 36(x2)         x10=00000001  x2:10001df8  PA:10001e1c
22570383ns          392235 1c008f02 4ea52ae3 p.beqimm         x10, 3316           x10:00000001
22570402ns          392236 1c008f06 05412283 lw               x5, 84(x2)           x5=10001f3c  x2:10001df8  PA:10001e4c
22570422ns          392237 1c008f08 03012303 lw               x6, 48(x2)           x6=10001f50  x2:10001df8  PA:10001e28
22570442ns          392238 1c008f0a 01400713 addi             x14, x0, 20         x14=00000014
22570462ns          392239 1c008f0c 0002ab03 lw               x22, 0(x5)          x22=b954b22e  x5:10001f3c  PA:10001f3c
22570482ns          392240 1c008f10 00032783 lw               x15, 0(x6)          x15=448c5e80  x6:10001f50  PA:10001f50
22570522ns          392242 1c008f14 58e50de3 beq              x10, x14, 3482      x10:00000001 x14:00000014
22570542ns          392243 1c008f18 03412503 lw               x10, 52(x2)         x10=10001f38  x2:10001df8  PA:10001e2c
22570562ns          392244 1c008f1a 05812c03 lw               x24, 88(x2)         x24=10001f4c  x2:10001df8  PA:10001e50
22570581ns          392245 1c008f1c 00052b83 lw               x23, 0(x10)         x23=440b5030 x10:10001f38  PA:10001f38
22570979ns          392265 1c008f20 000c2903 lw               x18, 0(x24)         x18=b91c3eb0 x24:10001f4c  PA:10001f4c
22571019ns          392267 1c008f24 00000713 addi             x14, x0, 0          x14=00000000
22571039ns          392268 1c008f28 a0eb9753 flt.s            x14, f23, f14       x14=00000000 f23:440b5030 f14:00000000
22571059ns          392269 1c008f2c 4a0711e3 bne              x14, x0, 3234       x14:00000000
22571119ns          392272 1c008f30 01700733 add              x14, x0, x23        x14=440b5030 x23:440b5030
22571158ns          392274 1c008f32 00000693 addi             x13, x0, 0          x13=00000000
22571178ns          392275 1c008f36 a0d916d3 flt.s            x13, f18, f13       x13=00000001 f18:b91c3eb0 f13:00000000
22571198ns          392276 1c008f3a 01200633 add              x12, x0, x18        x12=b91c3eb0 x18:b91c3eb0
22571218ns          392277 1c008f3c 00068363 beq              x13, x0, 6          x13:00000001
22571258ns          392279 1c008f3e 21291653 fsgnjn.s         f12, f18, f18       f12=xxxxxxxx f18:b91c3eb0 f18:b91c3eb0
22571298ns          392281 1c008f42 00000693 addi             x13, x0, 0          x13=00000000
22571317ns          392282 1c008f46 a0db16d3 flt.s            x13, f22, f13       x13=00000001 f22:b954b22e f13:00000000
22571337ns          392283 1c008f4a 00c77753 fadd.s           f14, f14, f12       f14=xxxxxxxx f14:440b5030 f12:391c3eb0
22571357ns          392284 1c008f4e 01600633 add              x12, x0, x22        x12=b954b22e x22:b954b22e
22571397ns          392286 1c008f50 00068363 beq              x13, x0, 6          x13:00000001
22571437ns          392288 1c008f52 216b1653 fsgnjn.s         f12, f22, f22       f12=xxxxxxxx f22:b954b22e f22:b954b22e
22571457ns          392289 1c008f56 00000693 addi             x13, x0, 0          x13=00000000
22571477ns          392290 1c008f5a a0d796d3 flt.s            x13, f15, f13       x13=00000000 f15:448c5e80 f13:00000000
22571536ns          392293 1c008f5e 00c77753 fadd.s           f14, f14, f12       f14=xxxxxxxx f14:440b5032 f12:3954b22e
22571576ns          392295 1c008f62 460692e3 bne              x13, x0, 3172       x13:00000000
22571596ns          392296 1c008f66 00f006b3 add              x13, x0, x15        x13=448c5e80 x15:448c5e80
22571616ns          392297 1c008f68 00d77c53 fadd.s           f24, f14, f13       f24=xxxxxxxx f14:440b5035 f13:448c5e80
22571636ns          392298 1c008f6c 00000613 addi             x12, x0, 0          x12=00000000
22571675ns          392300 1c008f70 a0cc2753 feq.s            x14, f24, f12       x14=00000000 f24:44d2069a f12:00000000
22571715ns          392302 1c008f74 42071be3 bne              x14, x0, 3126       x14:00000000
22571735ns          392303 1c008f78 1c000737 lui              x14, 0x1c000000     x14=1c000000
22571755ns          392304 1c008f7c 04c72703 lw               x14, 76(x14)        x14=3f800000 x14:1c000000  PA:1c00004c
22572113ns          392322 1c008f80 19877753 fdiv.s           f14, f14, f24       f14=xxxxxxxx f14:3f800000 f24:44d2069a
22572909ns          392362 1c008f84 10f777d3 fmul.s           f15, f14, f15       f15=xxxxxxxx f14:3a1c04d9 f15:448c5e80
22572929ns          392363 1c008f88 1c0006b7 lui              x13, 0x1c000000     x13=1c000000
22572948ns          392364 1c008f8c 0406a683 lw               x13, 64(x13)        x13=3f000000 x13:1c000000  PA:1c000040
22573267ns          392380 1c008f90 79777543 fmadd.s          f10, f14, f23, f15  f10=xxxxxxxx f14:3a1c04d9 f23:440b5030 f15:3f2b187d
22573287ns          392381 1c008f94 116775d3 fmul.s           f11, f14, f22       f11=xxxxxxxx f14:3a1c04d9 f22:b954b22e
22573307ns          392382 1c008f98 10e97953 fmul.s           f18, f18, f14       f18=xxxxxxxx f18:b91c3eb0 f14:3a1c04d9
22573326ns          392383 1c008f9c 10d576d3 fmul.s           f13, f10, f13       f13=xxxxxxxx f10:3f7ffffe f13:3f000000
22573346ns          392384 1c008fa0 1125f5d3 fmul.s           f11, f11, f18       f11=xxxxxxxx f11:b401a09b f18:b3be7251
22573366ns          392385 1c008fa4 69777747 fmsub.s          f14, f14, f23, f13  f14=xxxxxxxx f14:3a1c04d9 f23:440b5030 f13:3efffffe
22573386ns          392386 1c008fa8 08d7fbd3 fsub.s           f23, f15, f13       f23=xxxxxxxx f15:3f2b187d f13:3efffffe
22573406ns          392387 1c008fac 59777bc7 fmsub.s          f23, f14, f23, f11  f23=xxxxxxxx f14:be2c61fa f23:3e2c61f8 f11:2840de2b
22573446ns          392389 1c008fb0 a0cb9653 flt.s            x12, f23, f12       x12=00000001 f23:bce82798 f12:00000000
22573486ns          392391 1c008fb4 01700b33 add              x22, x0, x23        x22=bce82798 x23:bce82798
22573505ns          392392 1c008fb6 00060363 beq              x12, x0, 6          x12:00000001
22573525ns          392393 1c008fb8 217b9b53 fsgnjn.s         f22, f23, f23       f22=xxxxxxxx f23:bce82798 f23:bce82798
22573545ns          392394 1c008fbc 00000713 addi             x14, x0, 0          x14=00000000
22573585ns          392396 1c008fc0 a1770653 fle.s            x12, f14, f23       x12=00000000 f14:00000000 f23:bce82798
22573625ns          392398 1c008fc4 580b7b53 fsqrt.s          f22, f22            f22=xxxxxxxx f22:3ce82798
22574023ns          392418 1c008fc8 500609e3 beq              x12, x0, 3346       x12:00000000
22574301ns          392432 1c009cda 0166f5d3 fadd.s           f11, f13, f22       f11=xxxxxxxx f13:3efffffe f22:3e2c61f9
22574321ns          392433 1c009cde 0966f6d3 fsub.s           f13, f13, f22       f13=xxxxxxxx f13:3efffffe f22:3e2c61f9
22574341ns          392434 1c009ce2 08f5f653 fsub.s           f12, f11, f15       f12=xxxxxxxx f11:3f2b187d f15:3f2b187d
22574361ns          392435 1c009ce6 a0e61753 flt.s            x14, f12, f14       x14=00000000 f12:00000000 f14:00000000
22574381ns          392436 1c009cea 00070363 beq              x14, x0, 6          x14:00000000
22574480ns          392441 1c009cf0 08f6f7d3 fsub.s           f15, f13, f15       f15=xxxxxxxx f13:3ea9cf02 f15:3f2b187d
22574500ns          392442 1c009cf4 00000713 addi             x14, x0, 0          x14=00000000
22574520ns          392443 1c009cf8 a0e79753 flt.s            x14, f15, f14       x14=00000001 f15:beac61f8 f14:00000000
22574540ns          392444 1c009cfc 00070363 beq              x14, x0, 6          x14:00000001
22574599ns          392447 1c009cfe 20f797d3 fsgnjn.s         f15, f15, f15       f15=xxxxxxxx f15:beac61f8 f15:beac61f8
22574639ns          392449 1c009d02 a0f607d3 fle.s            x15, f12, f15       x15=00000001 f12:00000000 f15:3eac61f8
22574659ns          392450 1c009d06 02078c63 beq              x15, x0, 56         x15:00000001
22574679ns          392451 1c009d08 10bc7cd3 fmul.s           f25, f24, f11       f25=xxxxxxxx f24:44d2069a f11:3f2b187d
22574699ns          392452 1c009d0c 00000a93 addi             x21, x0, 0          x21=00000000
22574739ns          392454 1c009d10 01500d33 add              x26, x0, x21        x26=00000000 x21:00000000
22574778ns          392456 1c009d12 ac6ff06f jal              x0, -3386          
22574858ns          392460 1c008fd8 02c12e03 lw               x28, 44(x2)         x28=00000003  x2:10001df8  PA:10001e24
22574898ns          392462 1c008fda 3dc45fe3 bge              x8, x28, 3038        x8:00000000 x28:00000003
22575037ns          392469 1c008fde 00000793 addi             x15, x0, 0          x15=00000000
22575077ns          392471 1c008fe2 a0fa97d3 flt.s            x15, f21, f15       x15=00000000 f21:00000000 f15:00000000
22575097ns          392472 1c008fe6 3c078ce3 beq              x15, x0, 3032       x15:00000000
22575256ns          392480 1c009bbe 01500f33 add              x30, x0, x21        x30=00000000 x21:00000000
22575335ns          392484 1c009bc0 01c00eb3 add              x29, x0, x28        x29=00000003 x28:00000003
22575375ns          392486 1c009bc2 c2eff06f jal              x0, -3026          
22575415ns          392488 1c008ff0 1c000737 lui              x14, 0x1c000000     x14=1c000000
22575435ns          392489 1c008ff4 fffe8793 addi             x15, x29, -1        x15=00000002 x29:00000003
22575455ns          392490 1c008ff8 1c000337 lui              x6, 0x1c000000       x6=1c000000
22575475ns          392491 1c008ffc 01d00a33 add              x20, x0, x29        x20=00000003 x29:00000003
22575494ns          392492 1c008ffe 04c12883 lw               x17, 76(x2)         x17=10001f34  x2:10001df8  PA:10001e44
22575534ns          392494 1c009000 04812803 lw               x16, 72(x2)         x16=10001f08  x2:10001df8  PA:10001e40
22575574ns          392496 1c009002 00000513 addi             x10, x0, 0          x10=00000000
22575594ns          392497 1c009006 04c72f83 lw               x31, 76(x14)        x31=3f800000 x14:1c000000  PA:1c00004c
22575892ns          392512 1c00900a 02432283 lw               x5, 36(x6)           x5=34000000  x6:1c000000  PA:1c000024
22576211ns          392528 1c00900e 408e8eb3 sub              x29, x29, x8        x29=00000003 x29:00000003  x8:00000000
22576230ns          392529 1c009012 5287cce3 blt              x15, x8, 3384       x15:00000002  x8:00000000
22576250ns          392530 1c009016 800007b7 lui              x15, 0x80000000     x15=80000000
22576270ns          392531 1c00901a fff7c793 xori             x15, x15, -1        x15=7fffffff x15:80000000
22576748ns          392555 1c00901e 52f406e3 beq              x8, x15, 3372        x8:00000000 x15:7fffffff
22576787ns          392557 1c009022 08fec0fb lp.setup         0x1, x29, 0x8f      x29:00000003
22576807ns          392558 1c009026 01882583 lw               x11, 24(x16)        x11=43ff378a x16:10001f08  PA:10001f20
22576827ns          392559 1c00902a fffa0613 addi             x12, x20, -1        x12=00000002 x20:00000003
22577265ns          392581 1c00902e 0995f353 fsub.s           f6, f11, f25         f6=xxxxxxxx f11:43ff378a f25:448c5e80
22577305ns          392583 1c009032 a0a317d3 flt.s            x15, f6, f10        x15=00000001  f6:c419213b f10:00000000
22577324ns          392584 1c009036 00600733 add              x14, x0, x6         x14=c419213b  x6:c419213b
22577344ns          392585 1c009038 00078363 beq              x15, x0, 6          x15:00000001
22577364ns          392586 1c00903a 20631753 fsgnjn.s         f14, f6, f6         f14=xxxxxxxx  f6:c419213b  f6:c419213b
22577782ns          392607 1c00903e 01c82683 lw               x13, 28(x16)        x13=43f44c63 x16:10001f08  PA:10001f24
22577822ns          392609 1c009042 00ef7753 fadd.s           f14, f30, f14       f14=xxxxxxxx f30:00000000 f14:4419213b
22577842ns          392610 1c009046 a0a697d3 flt.s            x15, f13, f10       x15=00000000 f13:43f44c63 f10:00000000
22577861ns          392611 1c00904a 22079fe3 bne              x15, x0, 2622       x15:00000000
22577881ns          392612 1c00904e 00d007b3 add              x15, x0, x13        x15=43f44c63 x13:43f44c63
22578299ns          392633 1c009050 00f77753 fadd.s           f14, f14, f15       f14=xxxxxxxx f14:4419213b f15:43f44c63
22578339ns          392635 1c009054 18eff753 fdiv.s           f14, f31, f14       f14=xxxxxxxx f31:3f800000 f14:4489a3b6
22578617ns          392649 1c009058 10e37e53 fmul.s           f28, f6, f14        f28=xxxxxxxx  f6:c419213b f14:3a6e123a
22578637ns          392650 1c00905c 10e6f3d3 fmul.s           f7, f13, f14         f7=xxxxxxxx f13:43f44c63 f14:3a6e123a
22578816ns          392659 1c009060 0008a783 lw               x15, 0(x17)         x15=43f44c66 x17:10001f34  PA:10001f34
22578856ns          392661 1c009064 106e7353 fmul.s           f6, f28, f6          f6=xxxxxxxx f28:bf0e67cc  f6:c419213b
22578876ns          392662 1c009068 0048ae03 lw               x28, 4(x17)         x28=440b5030 x17:10001f34  PA:10001f38
22578896ns          392663 1c00906c 11577753 fmul.s           f14, f14, f21       f14=xxxxxxxx f14:3a6e123a f21:00000000
22579353ns          392686 1c009070 30f3f7c3 fmadd.s          f15, f7, f15, f6    f15=xxxxxxxx  f7:3ee33069 f15:43f44c66  f6:43aa5d0a
22579393ns          392688 1c009074 01c5f6d3 fadd.s           f13, f11, f28       f13=xxxxxxxx f11:43ff378a f28:440b5030
22579413ns          392689 1c009078 0088a303 lw               x6, 8(x17)           x6=b954b22e x17:10001f34  PA:10001f3c
22579433ns          392690 1c00907c 79a777cb fnmsub.s         f15, f14, f26, f15  f15=xxxxxxxx f14:00000000 f26:00000000 f15:440b6201
22579870ns          392712 1c009080 0996f6d3 fsub.s           f13, f13, f25       f13=xxxxxxxx f13:448575fa f25:448c5e80
22579910ns          392714 1c009084 1063f353 fmul.s           f6, f7, f6           f6=xxxxxxxx  f7:3ee33069  f6:b954b22e
22579930ns          392715 1c009088 a0a79753 flt.s            x14, f15, f10       x14=00000000 f15:440b6201 f10:00000000
22579950ns          392716 1c00908c 0996f6d3 fsub.s           f13, f13, f25       f13=xxxxxxxx f13:c25d10c0 f25:448c5e80
22580010ns          392719 1c009090 1076f6d3 fmul.s           f13, f13, f7        f13=xxxxxxxx f13:c4934706  f7:3ee33069
22580049ns          392721 1c009094 00f003b3 add              x7, x0, x15          x7=440b6201 x15:440b6201
22580069ns          392722 1c009096 00070363 beq              x14, x0, 6          x14:00000000
22580189ns          392728 1c00909c a0a69753 flt.s            x14, f13, f10       x14=00000001 f13:c402b3d4 f10:00000000
22580209ns          392729 1c0090a0 00d00c33 add              x24, x0, x13        x24=c402b3d4 x13:c402b3d4
22580228ns          392730 1c0090a2 00070363 beq              x14, x0, 6          x14:00000001
22580248ns          392731 1c0090a4 20d69c53 fsgnjn.s         f24, f13, f13       f24=xxxxxxxx f13:c402b3d4 f13:c402b3d4
22580268ns          392732 1c0090a8 a0a31753 flt.s            x14, f6, f10        x14=00000001  f6:b8bcc237 f10:00000000
22580288ns          392733 1c0090ac 007c7c53 fadd.s           f24, f24, f7        f24=xxxxxxxx f24:4402b3d4  f7:440b6201
22580328ns          392735 1c0090b0 1a071ae3 bne              x14, x0, 2484       x14:00000001
22580427ns          392740 1c009a64 20631753 fsgnjn.s         f14, f6, f6         f14=xxxxxxxx  f6:b8bcc237  f6:b8bcc237
22580467ns          392742 1c009a68 00ec7c53 fadd.s           f24, f24, f14       f24=xxxxxxxx f24:44870aea f14:38bcc237
22580487ns          392743 1c009a6c 1187fbd3 fmul.s           f23, f15, f24       f23=xxxxxxxx f15:440b6201 f24:44870aeb
22580925ns          392765 1c009a70 1186fb53 fmul.s           f22, f13, f24       f22=xxxxxxxx f13:c402b3d4 f24:44870aeb
22580964ns          392767 1c009a74 11837953 fmul.s           f18, f6, f24        f18=xxxxxxxx  f6:b8bcc237 f24:44870aeb
22580984ns          392768 1c009a78 e4861963 bne              x12, x8, -2478      x12:00000002  x8:00000000
22581223ns          392780 1c0090ca 00482683 lw               x13, 4(x16)         x13=c21dbb5e x16:10001f08  PA:10001f0c
22581283ns          392783 1c0090ce a0a697d3 flt.s            x15, f13, f10       x15=00000001 f13:c21dbb5e f10:00000000
22581303ns          392784 1c0090d2 00078363 beq              x15, x0, 6          x15:00000001
22581322ns          392785 1c0090d4 20d696d3 fsgnjn.s         f13, f13, f13       f13=xxxxxxxx f13:c21dbb5e f13:c21dbb5e
22581342ns          392786 1c0090d8 a0ab17d3 flt.s            x15, f22, f10       x15=00000001 f22:c909e4d0 f10:00000000
22581362ns          392787 1c0090dc 01600333 add              x6, x0, x22          x6=c909e4d0 x22:c909e4d0
22581382ns          392788 1c0090de 00078363 beq              x15, x0, 6          x15:00000001
22581422ns          392790 1c0090e0 216b1353 fsgnjn.s         f6, f22, f22         f6=xxxxxxxx f22:c909e4d0 f22:c909e4d0
22581462ns          392792 1c0090e4 a0a917d3 flt.s            x15, f18, f10       x15=00000001 f18:bdc724f0 f10:00000000
22581482ns          392793 1c0090e8 01200733 add              x14, x0, x18        x14=bdc724f0 x18:bdc724f0
22581501ns          392794 1c0090ea 00078363 beq              x15, x0, 6          x15:00000001
22581521ns          392795 1c0090ec 21291753 fsgnjn.s         f14, f18, f18       f14=xxxxxxxx f18:bdc724f0 f18:bdc724f0
22581879ns          392813 1c0090f0 00677753 fadd.s           f14, f14, f6        f14=xxxxxxxx f14:3dc724f0  f6:4909e4d0
22581919ns          392815 1c0090f4 a0ab97d3 flt.s            x15, f23, f10       x15=00000000 f23:49130d41 f10:00000000
22581939ns          392816 1c0090f8 01700333 add              x6, x0, x23          x6=49130d41 x23:49130d41
22581959ns          392817 1c0090fa 10d776d3 fmul.s           f13, f14, f13       f13=xxxxxxxx f14:4909e4d2 f13:421dbb5e
22581979ns          392818 1c0090fe 00078363 beq              x15, x0, 6          x15:00000000
22582058ns          392822 1c009104 00082703 lw               x14, 0(x16)         x14=43fb1437 x16:10001f08  PA:10001f08
22582078ns          392823 1c009108 10537353 fmul.s           f6, f6, f5           f6=xxxxxxxx  f6:49130d41  f5:34000000
22582098ns          392824 1c00910c a0a717d3 flt.s            x15, f14, f10       x15=00000000 f14:43fb1437 f10:00000000
22582556ns          392847 1c009110 00078363 beq              x15, x0, 6          x15:00000000
22582635ns          392851 1c009116 a0a597d3 flt.s            x15, f11, f10       x15=00000000 f11:43ff378a f10:00000000
22582655ns          392852 1c00911a 00078363 beq              x15, x0, 6          x15:00000000
22582755ns          392857 1c009120 a0ae17d3 flt.s            x15, f28, f10       x15=00000000 f28:440b5030 f10:00000000
22582774ns          392858 1c009124 00e5f753 fadd.s           f14, f11, f14       f14=xxxxxxxx f11:43ff378a f14:43fb1437
22582794ns          392859 1c009128 00078363 beq              x15, x0, 6          x15:00000000
22582934ns          392866 1c00912e 01c77753 fadd.s           f14, f14, f28       f14=xxxxxxxx f14:447d25e0 f28:440b5030
22582954ns          392867 1c009132 10677753 fmul.s           f14, f14, f6        f14=xxxxxxxx f14:44c43b08  f6:3d930d41
22582973ns          392868 1c009136 a0e68753 fle.s            x14, f13, f14       x14=00000000 f13:4ba9ec83 f14:42e1701d
22582993ns          392869 1c00913a 00071463 bne              x14, x0, 8          x14:00000000
22583013ns          392870 1c00913c fe880813 addi             x16, x16, -24       x16=10001ef0 x16:10001f08
22583033ns          392871 1c00913e fe888893 addi             x17, x17, -24       x17=10001f1c x17:10001f34
22583451ns          392892 1c009140 00c00a33 add              x20, x0, x12        x20=00000002 x12:00000002
22583510ns          392895 1c009026 01882583 lw               x11, 24(x16)        x11=43fb1437 x16:10001ef0  PA:10001f08
22583530ns          392896 1c00902a fffa0613 addi             x12, x20, -1        x12=00000001 x20:00000002
22583590ns          392899 1c00902e 0995f353 fsub.s           f6, f11, f25         f6=xxxxxxxx f11:43fb1437 f25:448c5e80
22583630ns          392901 1c009032 a0a317d3 flt.s            x15, f6, f10        x15=00000001  f6:c41b32e4 f10:00000000
22583650ns          392902 1c009036 00600733 add              x14, x0, x6         x14=c41b32e4  x6:c41b32e4
22583670ns          392903 1c009038 00078363 beq              x15, x0, 6          x15:00000001
22583689ns          392904 1c00903a 20631753 fsgnjn.s         f14, f6, f6         f14=xxxxxxxx  f6:c41b32e4  f6:c41b32e4
22583729ns          392906 1c00903e 01c82683 lw               x13, 28(x16)        x13=c21dbb5e x16:10001ef0  PA:10001f0c
22583769ns          392908 1c009042 00ef7753 fadd.s           f14, f30, f14       f14=xxxxxxxx f30:00000000 f14:441b32e4
22583789ns          392909 1c009046 a0a697d3 flt.s            x15, f13, f10       x15=00000001 f13:c21dbb5e f10:00000000
22583809ns          392910 1c00904a 22079fe3 bne              x15, x0, 2622       x15:00000001
22583908ns          392915 1c009a88 20d697d3 fsgnjn.s         f15, f13, f13       f15=xxxxxxxx f13:c21dbb5e f13:c21dbb5e
22583928ns          392916 1c009a8c dc4ff06f jal              x0, -2620          
22584028ns          392921 1c009050 00f77753 fadd.s           f14, f14, f15       f14=xxxxxxxx f14:441b32e4 f15:421dbb5e
22584048ns          392922 1c009054 18eff753 fdiv.s           f14, f31, f14       f14=xxxxxxxx f31:3f800000 f14:44250e9a
22584982ns          392969 1c009058 10e37e53 fmul.s           f28, f6, f14        f28=xxxxxxxx  f6:c41b32e4 f14:3ac6867b
22585002ns          392970 1c00905c 10e6f3d3 fmul.s           f7, f13, f14         f7=xxxxxxxx f13:c21dbb5e f14:3ac6867b
22585022ns          392971 1c009060 0008a783 lw               x15, 0(x17)         x15=c21dbb5d x17:10001f1c  PA:10001f1c
22585042ns          392972 1c009064 106e7353 fmul.s           f6, f28, f6          f6=xxxxxxxx f28:bf70b5c7  f6:c41b32e4
22585062ns          392973 1c009068 0048ae03 lw               x28, 4(x17)         x28=43ff378a x17:10001f1c  PA:10001f20
22585082ns          392974 1c00906c 11577753 fmul.s           f14, f14, f21       f14=xxxxxxxx f14:3ac6867b f21:00000000
22585122ns          392976 1c009070 30f3f7c3 fmadd.s          f15, f7, f15, f6    f15=xxxxxxxx  f7:bd74a38d f15:c21dbb5d  f6:4411ede9
22585161ns          392978 1c009074 01c5f6d3 fadd.s           f13, f11, f28       f13=xxxxxxxx f11:43fb1437 f28:43ff378a
22585181ns          392979 1c009078 0088a303 lw               x6, 8(x17)           x6=43f44c63 x17:10001f1c  PA:10001f24
22585201ns          392980 1c00907c 79a777cb fnmsub.s         f15, f14, f26, f15  f15=xxxxxxxx f14:00000000 f26:00000000 f15:441284a4
22585221ns          392981 1c009080 0996f6d3 fsub.s           f13, f13, f25       f13=xxxxxxxx f13:447d25e0 f25:448c5e80
22585241ns          392982 1c009084 1063f353 fmul.s           f6, f7, f6           f6=xxxxxxxx  f7:bd74a38d  f6:43f44c63
22585261ns          392983 1c009088 a0a79753 flt.s            x14, f15, f10       x14=00000000 f15:441284a4 f10:00000000
22585281ns          392984 1c00908c 0996f6d3 fsub.s           f13, f13, f25       f13=xxxxxxxx f13:c2dcb900 f25:448c5e80
22585340ns          392987 1c009090 1076f6d3 fmul.s           f13, f13, f7        f13=xxxxxxxx f13:c49a2a10  f7:bd74a38d
22585380ns          392989 1c009094 00f003b3 add              x7, x0, x15          x7=441284a4 x15:441284a4
22585400ns          392990 1c009096 00070363 beq              x14, x0, 6          x14:00000000
22585519ns          392996 1c00909c a0a69753 flt.s            x14, f13, f10       x14=00000000 f13:42935295 f10:00000000
22585539ns          392997 1c0090a0 00d00c33 add              x24, x0, x13        x24=42935295 x13:42935295
22585559ns          392998 1c0090a2 00070363 beq              x14, x0, 6          x14:00000000
22585619ns          393001 1c0090a8 a0a31753 flt.s            x14, f6, f10        x14=00000001  f6:c1e974e2 f10:00000000
22585639ns          393002 1c0090ac 007c7c53 fadd.s           f24, f24, f7        f24=xxxxxxxx f24:42935295  f7:441284a4
22585659ns          393003 1c0090b0 1a071ae3 bne              x14, x0, 2484       x14:00000001
22585718ns          393006 1c009a64 20631753 fsgnjn.s         f14, f6, f6         f14=xxxxxxxx  f6:c1e974e2  f6:c1e974e2
22585738ns          393007 1c009a68 00ec7c53 fadd.s           f24, f24, f14       f24=xxxxxxxx f24:4424eef7 f14:41e974e2
22585758ns          393008 1c009a6c 1187fbd3 fmul.s           f23, f15, f24       f23=xxxxxxxx f15:441284a4 f24:442c3a9e
22585778ns          393009 1c009a70 1186fb53 fmul.s           f22, f13, f24       f22=xxxxxxxx f13:42935295 f24:442c3a9e
22585798ns          393010 1c009a74 11837953 fmul.s           f18, f6, f24        f18=xxxxxxxx  f6:c1e974e2 f24:442c3a9e
22585818ns          393011 1c009a78 e4861963 bne              x12, x8, -2478      x12:00000001  x8:00000000
22585897ns          393015 1c0090ca 00482683 lw               x13, 4(x16)         x13=c31451bf x16:10001ef0  PA:10001ef4
22585937ns          393017 1c0090ce a0a697d3 flt.s            x15, f13, f10       x15=00000001 f13:c31451bf f10:00000000
22585957ns          393018 1c0090d2 00078363 beq              x15, x0, 6          x15:00000001
22585977ns          393019 1c0090d4 20d696d3 fsgnjn.s         f13, f13, f13       f13=xxxxxxxx f13:c31451bf f13:c31451bf
22585997ns          393020 1c0090d8 a0ab17d3 flt.s            x15, f22, f10       x15=00000000 f22:47463a6f f10:00000000
22586017ns          393021 1c0090dc 01600333 add              x6, x0, x22          x6=47463a6f x22:47463a6f
22586037ns          393022 1c0090de 00078363 beq              x15, x0, 6          x15:00000000
22586096ns          393025 1c0090e4 a0a917d3 flt.s            x15, f18, f10       x15=00000001 f18:c69d0ffc f10:00000000
22586116ns          393026 1c0090e8 01200733 add              x14, x0, x18        x14=c69d0ffc x18:c69d0ffc
22586136ns          393027 1c0090ea 00078363 beq              x15, x0, 6          x15:00000001
22586156ns          393028 1c0090ec 21291753 fsgnjn.s         f14, f18, f18       f14=xxxxxxxx f18:c69d0ffc f18:c69d0ffc
22586176ns          393029 1c0090f0 00677753 fadd.s           f14, f14, f6        f14=xxxxxxxx f14:469d0ffc  f6:47463a6f
22586196ns          393030 1c0090f4 a0ab97d3 flt.s            x15, f23, f10       x15=00000000 f23:48c52555 f10:00000000
22586216ns          393031 1c0090f8 01700333 add              x6, x0, x23          x6=48c52555 x23:48c52555
22586235ns          393032 1c0090fa 10d776d3 fmul.s           f13, f14, f13       f13=xxxxxxxx f14:478a6136 f13:431451bf
22586255ns          393033 1c0090fe 00078363 beq              x15, x0, 6          x15:00000000
22586315ns          393036 1c009104 00082703 lw               x14, 0(x16)         x14=43159b30 x16:10001ef0  PA:10001ef0
22586335ns          393037 1c009108 10537353 fmul.s           f6, f6, f5           f6=xxxxxxxx  f6:48c52555  f5:34000000
22586355ns          393038 1c00910c a0a717d3 flt.s            x15, f14, f10       x15=00000000 f14:43159b30 f10:00000000
22586375ns          393039 1c009110 00078363 beq              x15, x0, 6          x15:00000000
22586454ns          393043 1c009116 a0a597d3 flt.s            x15, f11, f10       x15=00000000 f11:43fb1437 f10:00000000
22586474ns          393044 1c00911a 00078363 beq              x15, x0, 6          x15:00000000
22586534ns          393047 1c009120 a0ae17d3 flt.s            x15, f28, f10       x15=00000000 f28:43ff378a f10:00000000
22586554ns          393048 1c009124 00e5f753 fadd.s           f14, f11, f14       f14=xxxxxxxx f11:43fb1437 f14:43159b30
22586574ns          393049 1c009128 00078363 beq              x15, x0, 6          x15:00000000
22586653ns          393053 1c00912e 01c77753 fadd.s           f14, f14, f28       f14=xxxxxxxx f14:4422f0e8 f28:43ff378a
22586673ns          393054 1c009132 10677753 fmul.s           f14, f14, f6        f14=xxxxxxxx f14:44914656  f6:3d452555
22586693ns          393055 1c009136 a0e68753 fle.s            x14, f13, f14       x14=00000000 f13:4b2058c6 f14:425fc09f
22586713ns          393056 1c00913a 00071463 bne              x14, x0, 8          x14:00000000
22586733ns          393057 1c00913c fe880813 addi             x16, x16, -24       x16=10001ed8 x16:10001ef0
22586753ns          393058 1c00913e fe888893 addi             x17, x17, -24       x17=10001f04 x17:10001f1c
22586773ns          393059 1c009140 00c00a33 add              x20, x0, x12        x20=00000001 x12:00000001
22586832ns          393062 1c009026 01882583 lw               x11, 24(x16)        x11=43159b30 x16:10001ed8  PA:10001ef0
22586852ns          393063 1c00902a fffa0613 addi             x12, x20, -1        x12=00000000 x20:00000001
22586872ns          393064 1c00902e 0995f353 fsub.s           f6, f11, f25         f6=xxxxxxxx f11:43159b30 f25:448c5e80
22586892ns          393065 1c009032 a0a317d3 flt.s            x15, f6, f10        x15=00000001  f6:c4735634 f10:00000000
22586912ns          393066 1c009036 00600733 add              x14, x0, x6         x14=c4735634  x6:c4735634
22586932ns          393067 1c009038 00078363 beq              x15, x0, 6          x15:00000001
22586952ns          393068 1c00903a 20631753 fsgnjn.s         f14, f6, f6         f14=xxxxxxxx  f6:c4735634  f6:c4735634
22586991ns          393070 1c00903e 01c82683 lw               x13, 28(x16)        x13=c31451bf x16:10001ed8  PA:10001ef4
22587031ns          393072 1c009042 00ef7753 fadd.s           f14, f30, f14       f14=xxxxxxxx f30:00000000 f14:44735634
22587051ns          393073 1c009046 a0a697d3 flt.s            x15, f13, f10       x15=00000001 f13:c31451bf f10:00000000
22587071ns          393074 1c00904a 22079fe3 bne              x15, x0, 2622       x15:00000001
22587131ns          393077 1c009a88 20d697d3 fsgnjn.s         f15, f13, f13       f15=xxxxxxxx f13:c31451bf f13:c31451bf
22587150ns          393078 1c009a8c dc4ff06f jal              x0, -2620          
22587190ns          393080 1c009050 00f77753 fadd.s           f14, f14, f15       f14=xxxxxxxx f14:44735634 f15:431451bf
22587210ns          393081 1c009054 18eff753 fdiv.s           f14, f31, f14       f14=xxxxxxxx f31:3f800000 f14:448c3552
22587588ns          393100 1c009058 10e37e53 fmul.s           f28, f6, f14        f28=xxxxxxxx  f6:c4735634 f14:3a69b59e
22587608ns          393101 1c00905c 10e6f3d3 fmul.s           f7, f13, f14         f7=xxxxxxxx f13:c31451bf f14:3a69b59e
22587628ns          393102 1c009060 0008a783 lw               x15, 0(x17)         x15=c31451c1 x17:10001f04  PA:10001f04
22587648ns          393103 1c009064 106e7353 fmul.s           f6, f28, f6          f6=xxxxxxxx f28:bf5e2617  f6:c4735634
22587668ns          393104 1c009068 0048ae03 lw               x28, 4(x17)         x28=43fb1437 x17:10001f04  PA:10001f08
22587688ns          393105 1c00906c 11577753 fmul.s           f14, f14, f21       f14=xxxxxxxx f14:3a69b59e f21:00000000
22587707ns          393106 1c009070 30f3f7c3 fmadd.s          f15, f7, f15, f6    f15=xxxxxxxx  f7:be0767a0 f15:c31451c1  f6:445328f6
22587727ns          393107 1c009074 01c5f6d3 fadd.s           f13, f11, f28       f13=xxxxxxxx f11:43159b30 f28:43fb1437
22587747ns          393108 1c009078 0088a303 lw               x6, 8(x17)           x6=c21dbb5e x17:10001f04  PA:10001f0c
22587767ns          393109 1c00907c 79a777cb fnmsub.s         f15, f14, f26, f15  f15=xxxxxxxx f14:00000000 f26:00000000 f15:44581028
22587787ns          393110 1c009080 0996f6d3 fsub.s           f13, f13, f25       f13=xxxxxxxx f13:4422f0e8 f25:448c5e80
22587807ns          393111 1c009084 1063f353 fmul.s           f6, f7, f6           f6=xxxxxxxx  f7:be0767a0  f6:c21dbb5e
22587827ns          393112 1c009088 a0a79753 flt.s            x14, f15, f10       x14=00000000 f15:44581028 f10:00000000
22587847ns          393113 1c00908c 0996f6d3 fsub.s           f13, f13, f25       f13=xxxxxxxx f13:c3eb9830 f25:448c5e80
22587867ns          393114 1c009090 1076f6d3 fmul.s           f13, f13, f7        f13=xxxxxxxx f13:c4c7448c  f7:be0767a0
22587886ns          393115 1c009094 00f003b3 add              x7, x0, x15          x7=44581028 x15:44581028
22587906ns          393116 1c009096 00070363 beq              x14, x0, 6          x14:00000000
22587966ns          393119 1c00909c a0a69753 flt.s            x14, f13, f10       x14=00000000 f13:4352cb9e f10:00000000
22587986ns          393120 1c0090a0 00d00c33 add              x24, x0, x13        x24=4352cb9e x13:4352cb9e
22588006ns          393121 1c0090a2 00070363 beq              x14, x0, 6          x14:00000000
22588065ns          393124 1c0090a8 a0a31753 flt.s            x14, f6, f10        x14=00000000  f6:40a6db4f f10:00000000
22588085ns          393125 1c0090ac 007c7c53 fadd.s           f24, f24, f7        f24=xxxxxxxx f24:4352cb9e  f7:44581028
22588105ns          393126 1c0090b0 1a071ae3 bne              x14, x0, 2484       x14:00000000
22588125ns          393127 1c0090b4 00600733 add              x14, x0, x6         x14=40a6db4f  x6:40a6db4f
22588145ns          393128 1c0090b6 00ec7c53 fadd.s           f24, f24, f14       f24=xxxxxxxx f24:44866188 f14:40a6db4f
22588165ns          393129 1c0090ba 1187fbd3 fmul.s           f23, f15, f24       f23=xxxxxxxx f15:44581028 f24:44870863
22588225ns          393132 1c0090be 1186fb53 fmul.s           f22, f13, f24       f22=xxxxxxxx f13:4352cb9e f24:44870863
22588264ns          393134 1c0090c2 11837953 fmul.s           f18, f6, f24        f18=xxxxxxxx  f6:40a6db4f f24:44870863
22588284ns          393135 1c0090c6 1a860be3 beq              x12, x8, 2486       x12:00000000  x8:00000000
22588344ns          393138 1c009a7c 09212623 sw               x18, 140(x2)        x18:45b0063c  x2:10001df8  PA:10001e84
22588364ns          393139 1c009a7e 09712223 sw               x23, 132(x2)        x23:4963ef32  x2:10001df8  PA:10001e7c
22588384ns          393140 1c009a80 09612423 sw               x22, 136(x2)        x22:485e6090  x2:10001df8  PA:10001e80
22588404ns          393141 1c009a82 01c12a03 lw               x20, 28(x2)         x20=00000001  x2:10001df8  PA:10001e14
22588423ns          393142 1c009a84 ecaff06f jal              x0, -2358          
22588523ns          393147 1c00914e 002a1813 slli             x16, x20, 0x2       x16=00000004 x20:00000001
22588563ns          393149 1c009152 400006b7 lui              x13, 0x40000000     x13=40000000
22588583ns          393150 1c009156 01812383 lw               x7, 24(x2)           x7=10001ef0  x2:10001df8  PA:10001e10
22588602ns          393151 1c009158 014807b3 add              x15, x16, x20       x15=00000005 x16:00000004 x20:00000001
22588622ns          393152 1c00915c ff568693 addi             x13, x13, -11       x13=3ffffff5 x13:40000000
22588642ns          393153 1c00915e 00f008b3 add              x17, x0, x15        x17=00000005 x15:00000005
22588662ns          393154 1c009160 014686b3 add              x13, x13, x20       x13=3ffffff6 x13:3ffffff5 x20:00000001
22588682ns          393155 1c009162 00279793 slli             x15, x15, 0x2       x15=00000014 x15:00000005
22588702ns          393156 1c009164 011686b3 add              x13, x13, x17       x13=3ffffffb x13:3ffffff6 x17:00000005
22588722ns          393157 1c009166 06038513 addi             x10, x7, 96         x10=10001f50  x7:10001ef0
22588742ns          393158 1c00916a 05012483 lw               x9, 80(x2)           x9=10001f54  x2:10001df8  PA:10001e48
22588762ns          393159 1c00916c fec78613 addi             x12, x15, -20       x12=00000000 x15:00000014
22588801ns          393161 1c009170 00269693 slli             x13, x13, 0x2       x13=ffffffec x13:3ffffffb
22588821ns          393162 1c009172 01050533 add              x10, x10, x16       x10=10001f54 x10:10001f50 x16:00000004
22588841ns          393163 1c009174 014005b3 add              x11, x0, x20        x11=00000001 x20:00000001
22588861ns          393164 1c009176 00f48733 add              x14, x9, x15        x14=10001f68  x9:10001f54 x15:00000014
22588881ns          393165 1c00917a 05812023 sw               x24, 64(x2)         x24:44870863  x2:10001df8  PA:10001e38
22588901ns          393166 1c00917c 05912223 sw               x25, 68(x2)         x25:448c5e80  x2:10001df8  PA:10001e3c
22588921ns          393167 1c00917e 007787b3 add              x15, x15, x7        x15=10001f04 x15:00000014  x7:10001ef0
22589140ns          393178 1c009180 01400cb3 add              x25, x0, x20        x25=00000001 x20:00000001
22589159ns          393179 1c009182 007686b3 add              x13, x13, x7        x13=10001edc x13:ffffffec  x7:10001ef0
22589179ns          393180 1c009184 00c38fb3 add              x31, x7, x12        x31=10001ef0  x7:10001ef0 x12:00000000
22589199ns          393181 1c009188 01100c33 add              x24, x0, x17        x24=00000005 x17:00000005
22589219ns          393182 1c00918a 00a00a33 add              x20, x0, x10        x20=10001f54 x10:10001f54
22589239ns          393183 1c00918c 0bb587e3 beq              x11, x27, 2222      x11:00000001 x27:00000004
22589279ns          393185 1c009190 16bccbe3 blt              x25, x11, 2422      x25:00000001 x11:00000001
22589319ns          393187 1c009194 08412503 lw               x10, 132(x2)        x10=4963ef32  x2:10001df8  PA:10001e7c
22589338ns          393188 1c009196 08812803 lw               x16, 136(x2)        x16=485e6090  x2:10001df8  PA:10001e80
22589358ns          393189 1c009198 00000613 addi             x12, x0, 0          x12=00000000
22589378ns          393190 1c00919c a0c81653 flt.s            x12, f16, f12       x12=00000000 f16:485e6090 f12:00000000
22589816ns          393212 1c0091a0 00060363 beq              x12, x0, 6          x12:00000000
22589895ns          393216 1c0091a6 1c000e37 lui              x28, 0x1c000000     x28=1c000000
22589915ns          393217 1c0091aa 01ce0e13 addi             x28, x28, 28        x28=1c00001c x28:1c000000
22590333ns          393238 1c0091ae 000e2e03 lw               x28, 0(x28)         x28=00800000 x28:1c00001c  PA:1c00001c
22590711ns          393257 1c0091b2 a10e1653 flt.s            x12, f28, f16       x12=00000001 f28:00800000 f16:485e6090
22590731ns          393258 1c0091b6 10061be3 bne              x12, x0, 2326       x12:00000001
22590890ns          393266 1c009acc 1c000337 lui              x6, 0x1c000000       x6=1c000000
22590969ns          393270 1c009ad0 01c30313 addi             x6, x6, 28           x6=1c00001c  x6:1c000000
22591009ns          393272 1c009ad4 00000893 addi             x17, x0, 0          x17=00000000
22591029ns          393273 1c009ad8 1c0003b7 lui              x7, 0x1c000000       x7=1c000000
22591049ns          393274 1c009adc 00032303 lw               x6, 0(x6)            x6=00800000  x6:1c00001c  PA:1c00001c
22591427ns          393293 1c009ae0 04c38393 addi             x7, x7, 76           x7=1c00004c  x7:1c000000
22591447ns          393294 1c009ae4 19037653 fdiv.s           f12, f6, f16        f12=xxxxxxxx  f6:00800000 f16:485e6090
22592461ns          393345 1c009ae8 111678d3 fmul.s           f17, f12, f17       f17=xxxxxxxx f12:00000025 f17:00000000
22592481ns          393346 1c009aec 0003a383 lw               x7, 0(x7)            x7=3f800000  x7:1c00004c  PA:1c00004c
22592819ns          393363 1c009af0 38c8f8c3 fmadd.s          f17, f17, f12, f7   f17=xxxxxxxx f17:00000000 f12:00000025  f7:3f800000
22592839ns          393364 1c009af4 ed4ff06f jal              x0, -2348          
22592879ns          393366 1c0091c8 08c12603 lw               x12, 140(x2)        x12=45b0063c  x2:10001df8  PA:10001e84
22592899ns          393367 1c0091ca 00000313 addi             x6, x0, 0            x6=00000000
22592959ns          393370 1c0091ce a0661353 flt.s            x6, f12, f6          x6=00000000 f12:45b0063c  f6:00000000
22592998ns          393372 1c0091d2 00030463 beq              x6, x0, 8            x6:00000000
22593078ns          393376 1c0091da a0c81353 flt.s            x6, f16, f12         x6=00000000 f16:485e6090 f12:45b0063c
22593138ns          393379 1c0091de 10030de3 beq              x6, x0, 2330         x6:00000000
22593197ns          393382 1c009af8 19067653 fdiv.s           f12, f12, f16       f12=xxxxxxxx f12:45b0063c f16:485e6090
22593575ns          393401 1c009afc 88c678c3 fmadd.s          f17, f12, f12, f17  f17=xxxxxxxx f12:3ccaa384 f12:3ccaa384 f17:3f800000
22593595ns          393402 1c009b00 01000633 add              x12, x0, x16        x12=485e6090 x16:485e6090
22593615ns          393403 1c009b02 ef8ff06f jal              x0, -2312          
22593734ns          393409 1c0091fa 5808f853 fsqrt.s          f16, f17            f16=xxxxxxxx f17:3f80140d
22594689ns          393457 1c0091fe 10c87653 fmul.s           f12, f16, f12       f12=xxxxxxxx f16:3f800a06 f12:485e6090
22594709ns          393458 1c009202 00300893 addi             x17, x0, 3          x17=00000003
22594729ns          393459 1c009204 00200e93 addi             x29, x0, 2          x29=00000002
22594749ns          393460 1c009206 00000813 addi             x16, x0, 0          x16=00000000
22594769ns          393461 1c00920a a1062353 feq.s            x6, f12, f16         x6=00000000 f12:485e71fa f16:00000000
22594808ns          393463 1c00920e 040318e3 bne              x6, x0, 2128         x6:00000000
22594848ns          393465 1c009212 a1051853 flt.s            x16, f10, f16       x16=00000000 f10:4963ef32 f16:00000000
22594868ns          393466 1c009216 180812e3 bne              x16, x0, 2436       x16:00000000
22594888ns          393467 1c00921a 00a00833 add              x16, x0, x10        x16=4963ef32 x10:4963ef32
22594908ns          393468 1c00921c 00000313 addi             x6, x0, 0            x6=00000000
22594948ns          393470 1c009220 a0661353 flt.s            x6, f12, f6          x6=00000000 f12:485e71fa  f6:00000000
22594987ns          393472 1c009224 00030463 beq              x6, x0, 8            x6:00000000
22595047ns          393475 1c00922c a0c81353 flt.s            x6, f16, f12         x6=00000000 f16:4963ef32 f12:485e71fa
22595107ns          393478 1c009230 12031ce3 bne              x6, x0, 2360         x6:00000000
22595147ns          393480 1c009234 a1061353 flt.s            x6, f12, f16         x6=00000001 f12:485e71fa f16:4963ef32
22595166ns          393481 1c009238 18031fe3 bne              x6, x0, 2462         x6:00000001
22595365ns          393491 1c009bd6 1c000337 lui              x6, 0x1c000000       x6=1c000000
22595385ns          393492 1c009bda 04c30313 addi             x6, x6, 76           x6=1c00004c  x6:1c000000
22595445ns          393495 1c009bde 00032303 lw               x6, 0(x6)            x6=3f800000  x6:1c00004c  PA:1c00004c
22595783ns          393512 1c009be2 19067653 fdiv.s           f12, f12, f16       f12=xxxxxxxx f12:485e71fa f16:4963ef32
22596062ns          393526 1c009be6 30c67643 fmadd.s          f12, f12, f12, f6   f12=xxxxxxxx f12:3e79d5c2 f12:3e79d5c2  f6:3f800000
22596081ns          393527 1c009bea 58067653 fsqrt.s          f12, f12            f12=xxxxxxxx f12:3f879e8c
22596618ns          393554 1c009bee 10c87653 fmul.s           f12, f16, f12       f12=xxxxxxxx f16:4963ef32 f12:3f83c12d
22596638ns          393555 1c009bf2 e62ff06f jal              x0, -2462          
22596718ns          393559 1c009254 00000813 addi             x16, x0, 0          x16=00000000
22596758ns          393561 1c009258 a0a80853 fle.s            x16, f16, f10       x16=00000001 f16:00000000 f10:4963ef32
22596778ns          393562 1c00925c 00080463 beq              x16, x0, 8          x16:00000001
22596837ns          393565 1c009260 20c61653 fsgnjn.s         f12, f12, f12       f12=xxxxxxxx f12:496a9ecc f12:496a9ecc
22596877ns          393567 1c009264 00000813 addi             x16, x0, 0          x16=00000000
22596897ns          393568 1c009268 a1061853 flt.s            x16, f12, f16       x16=00000001 f12:c96a9ecc f16:00000000
22596917ns          393569 1c00926c 12081be3 bne              x16, x0, 2358       x16:00000001
22597096ns          393578 1c009ba2 20c61853 fsgnjn.s         f16, f12, f12       f16=xxxxxxxx f12:c96a9ecc f12:c96a9ecc
22597116ns          393579 1c009ba6 eccff06f jal              x0, -2356          
22597175ns          393582 1c009272 1c0004b7 lui              x9, 0x1c000000       x9=1c000000
22597195ns          393583 1c009276 03048493 addi             x9, x9, 48           x9=1c000030  x9:1c000000
22597215ns          393584 1c00927a 0004a483 lw               x9, 0(x9)            x9=0c000000  x9:1c000030  PA:1c000030
22597533ns          393600 1c00927c a0981853 flt.s            x16, f16, f9        x16=00000000 f16:496a9ecc  f9:0c000000
22597553ns          393601 1c009280 0a080ce3 beq              x16, x0, 2232       x16:00000000
22597653ns          393606 1c009b38 1c000337 lui              x6, 0x1c000000       x6=1c000000
22597693ns          393608 1c009b3c 04c32803 lw               x16, 76(x6)         x16=3f800000  x6:1c000000  PA:1c00004c
22598011ns          393624 1c009b40 08c57353 fsub.s           f6, f10, f12         f6=xxxxxxxx f10:4963ef32 f12:c96a9ecc
22598031ns          393625 1c009b44 18687853 fdiv.s           f16, f16, f6        f16=xxxxxxxx f16:3f800000  f6:49e746ff  PA:10001e80
22598170ns          393632 1c009b48 08812303 lw               x6, 136(x2)          x6=xxxxxxxx  x2:10001df8
22598190ns          393633 1c009b4a 08a679d3 fsub.s           f19, f12, f10       f19=xxxxxxxx f12:c96a9ecc f10:4963ef32
22598448ns          393646 1c009b4e 11037353 fmul.s           f6, f6, f16          f6=xxxxxxxx  f6:485e6090 f16:350daec6
22598468ns          393647 1c009b52 18c9f9d3 fdiv.s           f19, f19, f12       f19=xxxxxxxx f19:c9e746ff f12:c96a9ecc  PA:10001e80
22599005ns          393674 1c009b56 08612423 sw               x6, 136(x2)          x6:3df62602  x2:10001df8
22599025ns          393675 1c009b58 0038b663 p.bneimm         x17, 12             x17:00000003  PA:10001e84
22599045ns          393676 1c009b5c 08c12503 lw               x10, 140(x2)        x10=xxxxxxxx  x2:10001df8
22599085ns          393678 1c009b5e 11057853 fmul.s           f16, f10, f16       f16=xxxxxxxx f10:45b0063c f16:350daec6
22599284ns          393688 1c009b62 09012623 sw               x16, 140(x2)        x16:3b42d737  x2:10001df8  PA:10001e84
22599304ns          393689 1c009b64 00c00533 add              x10, x0, x12        x10=c96a9ecc x12:c96a9ecc
22599324ns          393690 1c009b66 87fff06f jal              x0, -1922          
22599403ns          393694 1c0093e4 08a12223 sw               x10, 132(x2)        x10:c96a9ecc  x2:10001df8  PA:10001e7c
22599443ns          393696 1c0093e6 4cbcd763 bge              x25, x11, 1230      x25:00000001 x11:00000001
22599602ns          393704 1c0098b4 01c12383 lw               x7, 28(x2)           x7=00000001  x2:10001df8  PA:10001e14
22599642ns          393706 1c0098b6 b593d1e3 bge              x7, x25, -1214       x7:00000001 x25:00000001
22600060ns          393727 1c0093f8 08812b83 lw               x23, 136(x2)        x23=3df62602  x2:10001df8  PA:10001e80
22600099ns          393729 1c0093fa 1179fb53 fmul.s           f22, f19, f23       f22=xxxxxxxx f19:3ffc5a37 f23:3df62602
22600139ns          393731 1c0093fe 4c38bd63 p.bneimm         x17, 1242           x17:00000003
22600179ns          393733 1c009402 01468313 addi             x6, x13, 20          x6=10001ef0 x13:10001edc
22600199ns          393734 1c009406 406a08b3 sub              x17, x20, x6        x17=00000064 x20:10001f54  x6:10001ef0
22600219ns          393735 1c00940a 08c12d03 lw               x26, 140(x2)        x26=3b42d737  x2:10001df8  PA:10001e84
22600239ns          393736 1c00940c fec88893 addi             x17, x17, -20       x17=00000050 x17:00000064
22600676ns          393758 1c00940e 0cccd637 lui              x12, 0xcccd000      x12=0cccd000
22600716ns          393760 1c009412 0028d893 srli             x17, x17, 0x2       x17=00000014 x17:00000050
22600736ns          393761 1c009416 ccd60613 addi             x12, x12, -819      x12=0ccccccd x12:0cccd000
22600756ns          393762 1c00941a 02c888b3 mul              x17, x17, x12       x17=00000004 x17:00000014 x12:0ccccccd
22601213ns          393785 1c00941e 113d7ad3 fmul.s           f21, f26, f19       f21=xxxxxxxx f26:3b42d737 f19:3ffc5a37
22601233ns          393786 1c009422 01868693 addi             x13, x13, 24        x13=10001ef4 x13:10001edc
22601253ns          393787 1c009424 c3e8b8b3 p.bclr           x17, x17, 1, 30     x17=00000004 x17:00000004
22601273ns          393788 1c009428 02d12423 sw               x13, 40(x2)         x13:10001ef4  x2:10001df8  PA:10001e20
22601293ns          393789 1c00942a 00d00533 add              x10, x0, x13        x10=10001ef4 x13:10001ef4
22601313ns          393790 1c00942c 00188893 addi             x17, x17, 1         x17=00000005 x17:00000004
22601352ns          393792 1c00942e 0168c0fb lp.setup         0x1, x17, 0x16      x17:00000005
22601372ns          393793 1c009432 00052603 lw               x12, 0(x10)         x12=c31451bf x10:10001ef4  PA:10001ef4
22601392ns          393794 1c009434 00032803 lw               x16, 0(x6)          x16=43159b30  x6:10001ef0  PA:10001ef0
22601412ns          393795 1c009438 00452e03 lw               x28, 4(x10)         x28=00000000 x10:10001ef4  PA:10001ef8
22601432ns          393796 1c00943c 817676c3 fmadd.s          f13, f12, f23, f16  f13=xxxxxxxx f12:c31451bf f23:3df62602 f16:43159b30
22601492ns          393799 1c009440 01450513 addi             x10, x10, 20        x10=10001f08 x10:10001ef4
22601531ns          393801 1c009442 69cd76c3 fmadd.s          f13, f26, f28, f13  f13=xxxxxxxx f26:3b42d737 f28:00000000 f13:4303c79e
22601551ns          393802 1c009446 8136f84b fnmsub.s         f16, f13, f19, f16  f16=xxxxxxxx f13:4303c79e f19:3ffc5a37 f16:43159b30
22601571ns          393803 1c00944a 6166f64b fnmsub.s         f12, f13, f22, f12  f12=xxxxxxxx f13:4303c79e f22:3e72a428 f12:c31451bf
22602009ns          393825 1c00944e e0daf6cb fnmsub.s         f13, f21, f13, f28  f13=xxxxxxxx f21:3bc01084 f13:4303c79e f28:00000000
22602049ns          393827 1c009452 01032a2b p.sw             x16, 20(x6!)         x6=10001f04 x16:c2dc6560  x6:10001ef0  PA:10001ef0
22602069ns          393828 1c009456 fec52623 sw               x12, -20(x10)       x12:c3338b8c x10:10001f08  PA:10001ef4
22602088ns          393829 1c00945a fed52823 sw               x13, -16(x10)       x13:bf45bc6e x10:10001f08  PA:10001ef8
22602108ns          393830 1c009432 00052603 lw               x12, 0(x10)         x12=43fb1437 x10:10001f08  PA:10001f08
22602128ns          393831 1c009434 00032803 lw               x16, 0(x6)          x16=c31451c1  x6:10001f04  PA:10001f04
22602148ns          393832 1c009438 00452e03 lw               x28, 4(x10)         x28=c21dbb5e x10:10001f08  PA:10001f0c
22602168ns          393833 1c00943c 817676c3 fmadd.s          f13, f12, f23, f16  f13=xxxxxxxx f12:43fb1437 f23:3df62602 f16:c31451c1
22602188ns          393834 1c009440 01450513 addi             x10, x10, 20        x10=10001f1c x10:10001f08
22602208ns          393835 1c009442 69cd76c3 fmadd.s          f13, f26, f28, f13  f13=xxxxxxxx f26:3b42d737 f28:c21dbb5e f13:c2afee28
22602228ns          393836 1c009446 8136f84b fnmsub.s         f16, f13, f19, f16  f16=xxxxxxxx f13:c2b02a2e f19:3ffc5a37 f16:c31451c1
22602248ns          393837 1c00944a 6166f64b fnmsub.s         f12, f13, f22, f12  f12=xxxxxxxx f13:c2b02a2e f22:3e72a428 f12:43fb1437
22602267ns          393838 1c00944e e0daf6cb fnmsub.s         f13, f21, f13, f28  f13=xxxxxxxx f21:3bc01084 f13:c2b02a2e f28:c21dbb5e
22602287ns          393839 1c009452 01032a2b p.sw             x16, 20(x6!)         x6=10001f18 x16:41caaec8  x6:10001f04  PA:10001f04
22602307ns          393840 1c009456 fec52623 sw               x12, -20(x10)       x12:4402c1e2 x10:10001f1c  PA:10001f08
22602327ns          393841 1c00945a fed52823 sw               x13, -16(x10)       x13:c21baab2 x10:10001f1c  PA:10001f0c
22602347ns          393842 1c009432 00052603 lw               x12, 0(x10)         x12=c21dbb5d x10:10001f1c  PA:10001f1c
22602367ns          393843 1c009434 00032803 lw               x16, 0(x6)          x16=38b1b27b  x6:10001f18  PA:10001f18
22602387ns          393844 1c009438 00452e03 lw               x28, 4(x10)         x28=43ff378a x10:10001f1c  PA:10001f20
22602407ns          393845 1c00943c 817676c3 fmadd.s          f13, f12, f23, f16  f13=xxxxxxxx f12:c21dbb5d f23:3df62602 f16:38b1b27b
22602427ns          393846 1c009440 01450513 addi             x10, x10, 20        x10=10001f30 x10:10001f1c
22602446ns          393847 1c009442 69cd76c3 fmadd.s          f13, f26, f28, f13  f13=xxxxxxxx f26:3b42d737 f28:43ff378a f13:c097a8c5
22602466ns          393848 1c009446 8136f84b fnmsub.s         f16, f13, f19, f16  f16=xxxxxxxx f13:c04e3237 f19:3ffc5a37 f16:38b1b27b
22602486ns          393849 1c00944a 6166f64b fnmsub.s         f12, f13, f22, f12  f12=xxxxxxxx f13:c04e3237 f22:3e72a428 f12:c21dbb5d
22602506ns          393850 1c00944e e0daf6cb fnmsub.s         f13, f21, f13, f28  f13=xxxxxxxx f21:3bc01084 f13:c04e3237 f28:43ff378a
22602526ns          393851 1c009452 01032a2b p.sw             x16, 20(x6!)         x6=10001f2c x16:40cb42ca  x6:10001f18  PA:10001f18
22602546ns          393852 1c009456 fec52623 sw               x12, -20(x10)       x12:c21aad9e x10:10001f30  PA:10001f1c
22602566ns          393853 1c00945a fed52823 sw               x13, -16(x10)       x13:43ff39f5 x10:10001f30  PA:10001f20
22602586ns          393854 1c009432 00052603 lw               x12, 0(x10)         x12=36796a8f x10:10001f30  PA:10001f30
22602606ns          393855 1c009434 00032803 lw               x16, 0(x6)          x16=389a16b7  x6:10001f2c  PA:10001f2c
22602625ns          393856 1c009438 00452e03 lw               x28, 4(x10)         x28=43f44c66 x10:10001f30  PA:10001f34
22602645ns          393857 1c00943c 817676c3 fmadd.s          f13, f12, f23, f16  f13=xxxxxxxx f12:36796a8f f23:3df62602 f16:389a16b7
22602665ns          393858 1c009440 01450513 addi             x10, x10, 20        x10=10001f44 x10:10001f30
22602685ns          393859 1c009442 69cd76c3 fmadd.s          f13, f26, f28, f13  f13=xxxxxxxx f26:3b42d737 f28:43f44c66 f13:389b0688
22602705ns          393860 1c009446 8136f84b fnmsub.s         f16, f13, f19, f16  f16=xxxxxxxx f13:3fb9f1b2 f19:3ffc5a37 f16:389a16b7
22602725ns          393861 1c00944a 6166f64b fnmsub.s         f12, f13, f22, f12  f12=xxxxxxxx f13:3fb9f1b2 f22:3e72a428 f12:36796a8f
22602745ns          393862 1c00944e e0daf6cb fnmsub.s         f13, f21, f13, f28  f13=xxxxxxxx f21:3bc01084 f13:3fb9f1b2 f28:43f44c66
22602765ns          393863 1c009452 01032a2b p.sw             x16, 20(x6!)         x6=10001f40 x16:c0374a3e  x6:10001f2c  PA:10001f2c
22602785ns          393864 1c009456 fec52623 sw               x12, -20(x10)       x12:beb03d39 x10:10001f44  PA:10001f30
22602804ns          393865 1c00945a fed52823 sw               x13, -16(x10)       x13:43f44b4f x10:10001f44  PA:10001f34
22602824ns          393866 1c009432 00052603 lw               x12, 0(x10)         x12=b692e0bc x10:10001f44  PA:10001f44
22602844ns          393867 1c009434 00032803 lw               x16, 0(x6)          x16=b7793230  x6:10001f40  PA:10001f40
22602864ns          393868 1c009438 00452e03 lw               x28, 4(x10)         x28=b89efa3d x10:10001f44  PA:10001f48
22602884ns          393869 1c00943c 817676c3 fmadd.s          f13, f12, f23, f16  f13=xxxxxxxx f12:b692e0bc f23:3df62602 f16:b7793230
22602904ns          393870 1c009440 01450513 addi             x10, x10, 20        x10=10001f58 x10:10001f44
22602924ns          393871 1c009442 69cd76c3 fmadd.s          f13, f26, f28, f13  f13=xxxxxxxx f26:3b42d737 f28:b89efa3d f13:b78102e6
22602944ns          393872 1c009446 8136f84b fnmsub.s         f16, f13, f19, f16  f16=xxxxxxxx f13:b782e6e3 f19:3ffc5a37 f16:b7793230
22602964ns          393873 1c00944a 6166f64b fnmsub.s         f12, f13, f22, f12  f12=xxxxxxxx f13:b782e6e3 f22:3e72a428 f12:b692e0bc
22602984ns          393874 1c00944e e0daf6cb fnmsub.s         f13, f21, f13, f28  f13=xxxxxxxx f21:3bc01084 f13:b782e6e3 f28:b89efa3d
22603003ns          393875 1c009452 01032a2b p.sw             x16, 20(x6!)         x6=10001f54 x16:378579b9  x6:10001f40  PA:10001f40
22603023ns          393876 1c009456 fec52623 sw               x12, -20(x10)       x12:b5367448 x10:10001f58  PA:10001f44
22603043ns          393877 1c00945a fed52823 sw               x13, -16(x10)       x13:b89ec922 x10:10001f58  PA:10001f48
22603103ns          393880 1c00945e 00158513 addi             x10, x11, 1         x10=00000002 x11:00000001
22603123ns          393881 1c009462 02a12023 sw               x10, 32(x2)         x10:00000002  x2:10001df8  PA:10001e18
22603143ns          393882 1c009464 73b55263 bge              x10, x27, 1828      x10:00000002 x27:00000004
22603163ns          393883 1c009468 00258593 addi             x11, x11, 2         x11=00000003 x11:00000001
22603182ns          393884 1c00946a ffbc0913 addi             x18, x24, -5        x18=00000000 x24:00000005
22603242ns          393887 1c00946e 005c0613 addi             x12, x24, 5         x12=0000000a x24:00000005
22603282ns          393889 1c009472 3005cb63 blt              x11, x0, 790        x11:00000003
22603302ns          393890 1c009476 00400513 addi             x10, x0, 4          x10=00000004
22603322ns          393891 1c009478 00000693 addi             x13, x0, 0          x13=00000000
22603342ns          393892 1c00947a 0cb55963 bge              x10, x11, 210       x10:00000004 x11:00000003
22603839ns          393917 1c00954c 01812803 lw               x16, 24(x2)         x16=10001ef0  x2:10001df8  PA:10001e10
22604296ns          393940 1c00954e 00d90333 add              x6, x18, x13         x6=00000000 x18:00000000 x13:00000000
22604336ns          393942 1c009552 00dc08b3 add              x17, x24, x13       x17=00000005 x24:00000005 x13:00000000
22604356ns          393943 1c009556 00231313 slli             x6, x6, 0x2          x6=00000000  x6:00000000
22604376ns          393944 1c009558 00289893 slli             x17, x17, 0x2       x17=00000014 x17:00000005
22604396ns          393945 1c00955a 01030333 add              x6, x6, x16          x6=10001ef0  x6:00000000 x16:10001ef0
22604416ns          393946 1c00955c 010888b3 add              x17, x17, x16       x17=10001f04 x17:00000014 x16:10001ef0
22604853ns          393968 1c00955e 00032e83 lw               x29, 0(x6)          x29=c2dc6560  x6:10001ef0  PA:10001ef0
22604893ns          393970 1c009562 0008a803 lw               x16, 0(x17)         x16=41caaec8 x17:10001f04  PA:10001f04
22604913ns          393971 1c009566 00d60e33 add              x28, x12, x13       x28=0000000a x12:0000000a x13:00000000
22604933ns          393972 1c00956a 01812283 lw               x5, 24(x2)           x5=10001ef0  x2:10001df8  PA:10001e10
22604953ns          393973 1c00956c 002e1e13 slli             x28, x28, 0x2       x28=00000028 x28:0000000a
22604973ns          393974 1c00956e 005e0e33 add              x28, x28, x5        x28=10001f18 x28:00000028  x5:10001ef0
22605351ns          393993 1c009570 e90bf843 fmadd.s          f16, f23, f16, f29  f16=xxxxxxxx f23:3df62602 f16:41caaec8 f29:c2dc6560
22605390ns          393995 1c009574 000e2f03 lw               x30, 0(x28)         x30=40cb42ca x28:10001f18  PA:10001f18
22605410ns          393996 1c009578 00168513 addi             x10, x13, 1         x10=00000001 x13:00000000
22605430ns          393997 1c00957c 81ed7843 fmadd.s          f16, f26, f30, f16  f16=xxxxxxxx f26:3b42d737 f30:40cb42ca f16:c2d64e50
22605490ns          394000 1c009580 e909fecb fnmsub.s         f29, f19, f16, f29  f29=xxxxxxxx f19:3ffc5a37 f16:c2d644a5 f29:c2dc6560
22605530ns          394002 1c009584 01d32023 sw               x29, 0(x6)          x29:42ca08c9  x6:10001ef0  PA:10001ef0
22605549ns          394003 1c009588 0008a303 lw               x6, 0(x17)           x6=41caaec8 x17:10001f04  PA:10001f04
22605589ns          394005 1c00958c 310b734b fnmsub.s         f6, f22, f16, f6     f6=xxxxxxxx f22:3e72a428 f16:c2d644a5  f6:41caaec8
22606027ns          394027 1c009590 0068a023 sw               x6, 0(x17)           x6:424ae289 x17:10001f04  PA:10001f04
22606067ns          394029 1c009594 000e2f03 lw               x30, 0(x28)         x30=40cb42ca x28:10001f18  PA:10001f18
22606106ns          394031 1c009598 f10af84b fnmsub.s         f16, f21, f16, f30  f16=xxxxxxxx f21:3bc01084 f16:c2d644a5 f30:40cb42ca
22606126ns          394032 1c00959c 010e2023 sw               x16, 0(x28)         x16:40df5af4 x28:10001f18  PA:10001f18
22606166ns          394034 1c0095a0 1ea5c463 blt              x11, x10, 488       x11:00000003 x10:00000001
22606206ns          394036 1c0095a4 01250e33 add              x28, x10, x18       x28=00000001 x10:00000001 x18:00000000
22606226ns          394037 1c0095a8 01850333 add              x6, x10, x24         x6=00000006 x10:00000001 x24:00000005
22606246ns          394038 1c0095ac 002e1e13 slli             x28, x28, 0x2       x28=00000004 x28:00000001
22606265ns          394039 1c0095ae 00231313 slli             x6, x6, 0x2          x6=00000018  x6:00000006
22606305ns          394041 1c0095b0 00530333 add              x6, x6, x5           x6=10001f08  x6:00000018  x5:10001ef0
22606325ns          394042 1c0095b2 005e0e33 add              x28, x28, x5        x28=10001ef4 x28:00000004  x5:10001ef0
22606345ns          394043 1c0095b4 000e2e83 lw               x29, 0(x28)         x29=c3338b8c x28:10001ef4  PA:10001ef4
22606365ns          394044 1c0095b8 00032883 lw               x17, 0(x6)          x17=4402c1e2  x6:10001f08  PA:10001f08
22606385ns          394045 1c0095bc 00c50533 add              x10, x10, x12       x10=0000000b x10:00000001 x12:0000000a
22606405ns          394046 1c0095be 00251513 slli             x10, x10, 0x2       x10=0000002c x10:0000000b
22606444ns          394048 1c0095c0 00550533 add              x10, x10, x5        x10=10001f1c x10:0000002c  x5:10001ef0
22606484ns          394050 1c0095c2 e91bf8c3 fmadd.s          f17, f23, f17, f29  f17=xxxxxxxx f23:3df62602 f17:4402c1e2 f29:c3338b8c
22606504ns          394051 1c0095c6 00052f03 lw               x30, 0(x10)         x30=c21aad9e x10:10001f1c  PA:10001f1c
22606524ns          394052 1c0095ca 00268813 addi             x16, x13, 2         x16=00000002 x13:00000000
22606962ns          394074 1c0095ce 89ed78c3 fmadd.s          f17, f26, f30, f17  f17=xxxxxxxx f26:3b42d737 f30:c21aad9e f17:c2e95d5f
22607001ns          394076 1c0095d2 e919fecb fnmsub.s         f29, f19, f17, f29  f29=xxxxxxxx f19:3ffc5a37 f17:c2e9983c f29:c3338b8c
22607021ns          394077 1c0095d6 01de2023 sw               x29, 0(x28)         x29:424ae283 x28:10001ef4  PA:10001ef4
22607041ns          394078 1c0095da 00032e03 lw               x28, 0(x6)          x28=4402c1e2  x6:10001f08  PA:10001f08
22607101ns          394081 1c0095de e11b7e4b fnmsub.s         f28, f22, f17, f28  f28=xxxxxxxx f22:3e72a428 f17:c2e9983c f28:4402c1e2
22607141ns          394083 1c0095e2 01c32023 sw               x28, 0(x6)          x28:4409ad20  x6:10001f08  PA:10001f08
22607161ns          394084 1c0095e6 00052f03 lw               x30, 0(x10)         x30=c21aad9e x10:10001f1c  PA:10001f1c
22607200ns          394086 1c0095ea f11af8cb fnmsub.s         f17, f21, f17, f30  f17=xxxxxxxx f21:3bc01084 f17:c2e9983c f30:c21aad9e
22607618ns          394107 1c0095ee 01152023 sw               x17, 0(x10)         x17:c217f099 x10:10001f1c  PA:10001f1c
22607658ns          394109 1c0095f2 1905cb63 blt              x11, x16, 406       x11:00000003 x16:00000002
22607678ns          394110 1c0095f6 01280e33 add              x28, x16, x18       x28=00000002 x16:00000002 x18:00000000
22607698ns          394111 1c0095fa 01880333 add              x6, x16, x24         x6=00000007 x16:00000002 x24:00000005
22607718ns          394112 1c0095fe 002e1e13 slli             x28, x28, 0x2       x28=00000008 x28:00000002
22607757ns          394114 1c009600 00231313 slli             x6, x6, 0x2          x6=0000001c  x6:00000007
22607777ns          394115 1c009602 00530333 add              x6, x6, x5           x6=10001f0c  x6:0000001c  x5:10001ef0
22607797ns          394116 1c009604 005e0e33 add              x28, x28, x5        x28=10001ef8 x28:00000008  x5:10001ef0
22607817ns          394117 1c009606 000e2e83 lw               x29, 0(x28)         x29=bf45bc6e x28:10001ef8  PA:10001ef8
22607837ns          394118 1c00960a 00032883 lw               x17, 0(x6)          x17=c21baab2  x6:10001f0c  PA:10001f0c
22607897ns          394121 1c00960e 00c80533 add              x10, x16, x12       x10=0000000c x16:00000002 x12:0000000a
22607916ns          394122 1c009612 00251513 slli             x10, x10, 0x2       x10=00000030 x10:0000000c
22607936ns          394123 1c009614 00550533 add              x10, x10, x5        x10=10001f20 x10:00000030  x5:10001ef0
22607956ns          394124 1c009616 e91bf8c3 fmadd.s          f17, f23, f17, f29  f17=xxxxxxxx f23:3df62602 f17:c21baab2 f29:bf45bc6e
22607976ns          394125 1c00961a 00052f03 lw               x30, 0(x10)         x30=43ff39f5 x10:10001f20  PA:10001f20
22608036ns          394128 1c00961e 00368813 addi             x16, x13, 3         x16=00000003 x13:00000000
22608076ns          394130 1c009622 89ed78c3 fmadd.s          f17, f26, f30, f17  f17=xxxxxxxx f26:3b42d737 f30:43ff39f5 f17:c0ae64b1
22608095ns          394131 1c009626 e919fecb fnmsub.s         f29, f19, f17, f29  f29=xxxxxxxx f19:3ffc5a37 f17:c07ba924 f29:bf45bc6e
22608115ns          394132 1c00962a 01de2023 sw               x29, 0(x28)         x29:40df5ba1 x28:10001ef8  PA:10001ef8
22608553ns          394154 1c00962e 00032e03 lw               x28, 0(x6)          x28=c21baab2  x6:10001f0c  PA:10001f0c
22608593ns          394156 1c009632 e11b7e4b fnmsub.s         f28, f22, f17, f28  f28=xxxxxxxx f22:3e72a428 f17:c07ba924 f28:c21baab2
22608613ns          394157 1c009636 01c32023 sw               x28, 0(x6)          x28:c217f095  x6:10001f0c  PA:10001f0c
22608632ns          394158 1c00963a 00052f03 lw               x30, 0(x10)         x30=43ff39f5 x10:10001f20  PA:10001f20
22609070ns          394180 1c00963e f11af8cb fnmsub.s         f17, f21, f17, f30  f17=xxxxxxxx f21:3bc01084 f17:c07ba924 f30:43ff39f5
22609110ns          394182 1c009642 01152023 sw               x17, 0(x10)         x17:43ff3ce8 x10:10001f20  PA:10001f20
22609130ns          394183 1c009646 1505c163 blt              x11, x16, 322       x11:00000003 x16:00000003
22609150ns          394184 1c00964a 01280e33 add              x28, x16, x18       x28=00000003 x16:00000003 x18:00000000
22609209ns          394187 1c00964e 01880333 add              x6, x16, x24         x6=00000008 x16:00000003 x24:00000005
22609229ns          394188 1c009652 002e1e13 slli             x28, x28, 0x2       x28=0000000c x28:00000003
22609249ns          394189 1c009654 00231313 slli             x6, x6, 0x2          x6=00000020  x6:00000008
22609269ns          394190 1c009656 00530333 add              x6, x6, x5           x6=10001f10  x6:00000020  x5:10001ef0
22609289ns          394191 1c009658 005e0e33 add              x28, x28, x5        x28=10001efc x28:0000000c  x5:10001ef0
22609309ns          394192 1c00965a 000e2e83 lw               x29, 0(x28)         x29=00000000 x28:10001efc  PA:10001efc
22609746ns          394214 1c00965e 00032883 lw               x17, 0(x6)          x17=00000000  x6:10001f10  PA:10001f10
22609786ns          394216 1c009662 00c80533 add              x10, x16, x12       x10=0000000d x16:00000003 x12:0000000a
22609806ns          394217 1c009666 00251513 slli             x10, x10, 0x2       x10=00000034 x10:0000000d
22609826ns          394218 1c009668 00550533 add              x10, x10, x5        x10=10001f24 x10:00000034  x5:10001ef0
22609846ns          394219 1c00966a e91bf8c3 fmadd.s          f17, f23, f17, f29  f17=xxxxxxxx f23:3df62602 f17:00000000 f29:00000000
22609886ns          394221 1c00966e 00052f03 lw               x30, 0(x10)         x30=43f44c63 x10:10001f24  PA:10001f24
22609925ns          394223 1c009672 00468813 addi             x16, x13, 4         x16=00000004 x13:00000000
22609945ns          394224 1c009676 89ed78c3 fmadd.s          f17, f26, f30, f17  f17=xxxxxxxx f26:3b42d737 f30:43f44c63 f17:00000000
22609965ns          394225 1c00967a e919fecb fnmsub.s         f29, f19, f17, f29  f29=xxxxxxxx f19:3ffc5a37 f17:3fb9ef44 f29:00000000
22610383ns          394246 1c00967e 01de2023 sw               x29, 0(x28)         x29:c037490d x28:10001efc  PA:10001efc
22610423ns          394248 1c009682 00032e03 lw               x28, 0(x6)          x28=00000000  x6:10001f10  PA:10001f10
22610462ns          394250 1c009686 e11b7e4b fnmsub.s         f28, f22, f17, f28  f28=xxxxxxxx f22:3e72a428 f17:3fb9ef44 f28:00000000
22610482ns          394251 1c00968a 01c32023 sw               x28, 0(x6)          x28:beb03b69  x6:10001f10  PA:10001f10
22610522ns          394253 1c00968e 00052f03 lw               x30, 0(x10)         x30=43f44c63 x10:10001f24  PA:10001f24
22610582ns          394256 1c009692 f11af8cb fnmsub.s         f17, f21, f17, f30  f17=xxxxxxxx f21:3bc01084 f17:3fb9ef44 f30:43f44c63
22610602ns          394257 1c009696 01152023 sw               x17, 0(x10)         x17:43f44b4c x10:10001f24  PA:10001f24
22610622ns          394258 1c00969a 0f05c763 blt              x11, x16, 238       x11:00000003 x16:00000004
22610741ns          394264 1c009788 ff072383 lw               x7, -16(x14)         x7=3f23c043 x14:10001f68  PA:10001f58
22610781ns          394266 1c00978c 00472283 lw               x5, 4(x14)           x5=3f319c5a x14:10001f68  PA:10001f6c
22610840ns          394269 1c009790 fec72483 lw               x9, -20(x14)         x9=bf3705e8 x14:10001f68  PA:10001f54
22610880ns          394271 1c009794 00072403 lw               x8, 0(x14)           x8=3ee2155b x14:10001f68  PA:10001f68
22610900ns          394272 1c009796 ffc72c03 lw               x24, -4(x14)        x24=bdedf6ed x14:10001f68  PA:10001f64
22610920ns          394273 1c00979a 01072883 lw               x17, 16(x14)        x17=3ef61fe8 x14:10001f68  PA:10001f78
22610980ns          394276 1c00979e ff472f03 lw               x30, -12(x14)       x30=be7d2633 x14:10001f68  PA:10001f5c
22611019ns          394278 1c0097a2 00872e83 lw               x29, 8(x14)         x29=3e9ac399 x14:10001f68  PA:10001f70
22611039ns          394279 1c0097a6 3972f543 fmadd.s          f10, f5, f23, f7    f10=xxxxxxxx  f5:3f319c5a f23:3df62602  f7:3f23c043
22611059ns          394280 1c0097aa 49747843 fmadd.s          f16, f8, f23, f9    f16=xxxxxxxx  f8:3ee2155b f23:3df62602  f9:bf3705e8
22611119ns          394283 1c0097ae c178f943 fmadd.s          f18, f17, f23, f24  f18=xxxxxxxx f17:3ef61fe8 f23:3df62602 f24:bdedf6ed
22611159ns          394285 1c0097b2 01872c03 lw               x24, 24(x14)        x24=be01d085 x14:10001f68  PA:10001f80
22611178ns          394286 1c0097b6 01472883 lw               x17, 20(x14)        x17=bec4f5c0 x14:10001f68  PA:10001f7c
22611198ns          394287 1c0097ba ff872e03 lw               x28, -8(x14)        x28=bd9238f0 x14:10001f68  PA:10001f60
22611258ns          394290 1c0097be 00c72303 lw               x6, 12(x14)          x6=bd0ed4e2 x14:10001f68  PA:10001f74
22611298ns          394292 1c0097c2 f17ef5c3 fmadd.s          f11, f29, f23, f30  f11=xxxxxxxx f29:3e9ac399 f23:3df62602 f30:be7d2633
22611318ns          394293 1c0097c6 518d7543 fmadd.s          f10, f26, f24, f10  f10=xxxxxxxx f26:3b42d737 f24:be01d085 f10:3f391917
22611338ns          394294 1c0097ca 01c72c03 lw               x24, 28(x14)        x24=3f602328 x14:10001f68  PA:10001f84
22611397ns          394297 1c0097ce 811d7843 fmadd.s          f16, f26, f17, f16  f16=xxxxxxxx f26:3b42d737 f17:bec4f5c0 f16:bf296fc7
22611437ns          394299 1c0097d2 e17376c3 fmadd.s          f13, f6, f23, f28   f13=xxxxxxxx  f6:bd0ed4e2 f23:3df62602 f28:bd9238f0
22611457ns          394300 1c0097d6 598d75c3 fmadd.s          f11, f26, f24, f11  f11=xxxxxxxx f26:3b42d737 f24:3f602328 f11:be57f277
22611477ns          394301 1c0097da 02072c03 lw               x24, 32(x14)        x24=be85c9c1 x14:10001f68  PA:10001f88
22611537ns          394304 1c0097de 4909f4cb fnmsub.s         f9, f19, f16, f9     f9=xxxxxxxx f19:3ffc5a37 f16:bf29babb  f9:bf3705e8
22611576ns          394306 1c0097e2 698d76c3 fmadd.s          f13, f26, f24, f13  f13=xxxxxxxx f26:3b42d737 f24:be85c9c1 f13:bd9ace4c
22611596ns          394307 1c0097e6 4168744b fnmsub.s         f8, f16, f22, f8     f8=xxxxxxxx f16:bf29babb f22:3e72a428  f8:3ee2155b
22611616ns          394308 1c0097ea 02472c03 lw               x24, 36(x14)        x24=bd07daf0 x14:10001f68  PA:10001f8c
22611676ns          394311 1c0097ee 890af84b fnmsub.s         f16, f21, f16, f17  f16=xxxxxxxx f21:3bc01084 f16:bf29babb f17:bec4f5c0
22611716ns          394313 1c0097f2 01872883 lw               x17, 24(x14)        x17=be01d085 x14:10001f68  PA:10001f80
22611735ns          394314 1c0097f6 918d7943 fmadd.s          f18, f26, f24, f18  f18=xxxxxxxx f26:3b42d737 f24:bd07daf0 f18:bd6f46a6
22611755ns          394315 1c0097fa 38a9f3cb fnmsub.s         f7, f19, f10, f7     f7=xxxxxxxx f19:3ffc5a37 f10:3f390064  f7:3f23c043
22611815ns          394318 1c0097fe 01c72c03 lw               x24, 28(x14)        x24=3f602328 x14:10001f68  PA:10001f84
22611855ns          394320 1c009802 296572cb fnmsub.s         f5, f10, f22, f5     f5=xxxxxxxx f10:3f390064 f22:3e72a428  f5:3f319c5a
22611875ns          394321 1c009806 88aaf54b fnmsub.s         f10, f21, f10, f17  f10=xxxxxxxx f21:3bc01084 f10:3f390064 f17:be01d085
22611895ns          394322 1c00980a 02072883 lw               x17, 32(x14)        x17=be85c9c1 x14:10001f68  PA:10001f88
22611954ns          394325 1c00980e f0b9ff4b fnmsub.s         f30, f19, f11, f30  f30=xxxxxxxx f19:3ffc5a37 f11:be55481b f30:be7d2633
22611994ns          394327 1c009812 e965fecb fnmsub.s         f29, f11, f22, f29  f29=xxxxxxxx f11:be55481b f22:3e72a428 f29:3e9ac399
22612014ns          394328 1c009816 e0d9fe4b fnmsub.s         f28, f19, f13, f28  f28=xxxxxxxx f19:3ffc5a37 f13:bd9c6599 f28:bd9238f0
22612034ns          394329 1c00981a c0baf5cb fnmsub.s         f11, f21, f11, f24  f11=xxxxxxxx f21:3bc01084 f11:be55481b f24:3f602328
22612093ns          394332 1c00981e 3166f34b fnmsub.s         f6, f13, f22, f6     f6=xxxxxxxx f13:bd9c6599 f22:3e72a428  f6:bd0ed4e2
22612133ns          394334 1c009822 ffc72c03 lw               x24, -4(x14)        x24=bdedf6ed x14:10001f68  PA:10001f64
22612153ns          394335 1c009826 88daf6cb fnmsub.s         f13, f21, f13, f17  f13=xxxxxxxx f21:3bc01084 f13:bd9c6599 f17:be85c9c1
22612173ns          394336 1c00982a c129fc4b fnmsub.s         f24, f19, f18, f24  f24=xxxxxxxx f19:3ffc5a37 f18:bd6fae0c f24:bdedf6ed
22612193ns          394337 1c00982e 00b72e23 sw               x11, 28(x14)        x11:3f60732a x14:10001f68  PA:10001f84
22612233ns          394339 1c009830 02d72023 sw               x13, 32(x14)        x13:be858f16 x14:10001f68  PA:10001f88
22612253ns          394340 1c009832 01072683 lw               x13, 16(x14)        x13=3ef61fe8 x14:10001f68  PA:10001f78
22612272ns          394341 1c009834 ff872e23 sw               x24, -4(x14)        x24:ba599141 x14:10001f68  PA:10001f64
22612292ns          394342 1c009838 69697c4b fnmsub.s         f24, f18, f22, f13  f24=xxxxxxxx f18:bd6fae0c f22:3e72a428 f13:3ef61fe8
22612312ns          394343 1c00983c 02472683 lw               x13, 36(x14)        x13=bd07daf0 x14:10001f68  PA:10001f8c
22612372ns          394346 1c00983e fe972623 sw               x9, -20(x14)         x9:3f179958 x14:10001f68  PA:10001f54
22612412ns          394348 1c009842 692af8cb fnmsub.s         f17, f21, f18, f13  f17=xxxxxxxx f21:3bc01084 f18:bd6fae0c f13:bd07daf0
22612432ns          394349 1c009846 00872023 sw               x8, 0(x14)           x8:3f194284 x14:10001f68  PA:10001f68
22612452ns          394350 1c009848 01072a23 sw               x16, 20(x14)        x16:bec2f864 x14:10001f68  PA:10001f7c
22612471ns          394351 1c00984c fe772823 sw               x7, -16(x14)         x7:bf48fae6 x14:10001f68  PA:10001f58
22612511ns          394353 1c009850 00572223 sw               x5, 4(x14)           x5:3f05c61a x14:10001f68  PA:10001f6c
22612551ns          394355 1c009854 00a72c23 sw               x10, 24(x14)        x10:be0626e7 x14:10001f68  PA:10001f80
22612571ns          394356 1c009856 ffe72a23 sw               x30, -12(x14)       x30:3e275614 x14:10001f68  PA:10001f5c
22612591ns          394357 1c00985a 01d72423 sw               x29, 8(x14)         x29:3eb40877 x14:10001f68  PA:10001f70
22612650ns          394360 1c00985e ffc72c23 sw               x28, -8(x14)        x28:3da21d50 x14:10001f68  PA:10001f60
22612670ns          394361 1c009862 02012583 lw               x11, 32(x2)         x11=00000002  x2:10001df8  PA:10001e18
22612690ns          394362 1c009864 00672623 sw               x6, 12(x14)          x6:bc896d70 x14:10001f68  PA:10001f74
22612710ns          394363 1c009868 01872823 sw               x24, 16(x14)        x24:3efd394a x14:10001f68  PA:10001f78
22612730ns          394364 1c00986c 03172223 sw               x17, 36(x14)        x17:bd06734c x14:10001f68  PA:10001f8c
22613168ns          394386 1c009870 01470713 addi             x14, x14, 20        x14=10001f7c x14:10001f68
22613187ns          394387 1c009872 01478793 addi             x15, x15, 20        x15=10001f18 x15:10001f04
22613207ns          394388 1c009874 004a0a13 addi             x20, x20, 4         x20=10001f58 x20:10001f54
22613227ns          394389 1c009876 02812683 lw               x13, 40(x2)         x13=10001ef4  x2:10001df8  PA:10001e20
22613247ns          394390 1c009878 00c00c33 add              x24, x0, x12        x24=0000000a x12:0000000a
22613267ns          394391 1c00987a 014f8f93 addi             x31, x31, 20        x31=10001f04 x31:10001ef0
22613287ns          394392 1c00987c 90bdd8e3 bge              x27, x11, -1776     x27:00000004 x11:00000002
22613804ns          394418 1c00918c 0bb587e3 beq              x11, x27, 2222      x11:00000002 x27:00000004
22613844ns          394420 1c009190 16bccbe3 blt              x25, x11, 2422      x25:00000001 x11:00000002
22613943ns          394425 1c009b06 0006a503 lw               x10, 0(x13)         x10=424ae283 x13:10001ef4  PA:10001ef4
22613983ns          394427 1c009b08 0046a803 lw               x16, 4(x13)         x16=40df5ba1 x13:10001ef4  PA:10001ef8
22614003ns          394428 1c009b0c 0086a603 lw               x12, 8(x13)         x12=c037490d x13:10001ef4  PA:10001efc
22614043ns          394430 1c009b0e 08a12223 sw               x10, 132(x2)        x10:424ae283  x2:10001df8  PA:10001e7c
22614083ns          394432 1c009b10 09012423 sw               x16, 136(x2)        x16:40df5ba1  x2:10001df8  PA:10001e80
22614102ns          394433 1c009b12 08c12623 sw               x12, 140(x2)        x12:c037490d  x2:10001df8  PA:10001e84
22614122ns          394434 1c009b14 e82ff06f jal              x0, -2430          
22614162ns          394436 1c009196 08812803 lw               x16, 136(x2)        x16=40df5ba1  x2:10001df8  PA:10001e80
22614182ns          394437 1c009198 00000613 addi             x12, x0, 0          x12=00000000
22614202ns          394438 1c00919c a0c81653 flt.s            x12, f16, f12       x12=00000000 f16:40df5ba1 f12:00000000
22614262ns          394441 1c0091a0 00060363 beq              x12, x0, 6          x12:00000000
22614341ns          394445 1c0091a6 1c000e37 lui              x28, 0x1c000000     x28=1c000000
22614361ns          394446 1c0091aa 01ce0e13 addi             x28, x28, 28        x28=1c00001c x28:1c000000
22614421ns          394449 1c0091ae 000e2e03 lw               x28, 0(x28)         x28=00800000 x28:1c00001c  PA:1c00001c
22614759ns          394466 1c0091b2 a10e1653 flt.s            x12, f28, f16       x12=00000001 f28:00800000 f16:40df5ba1
22614779ns          394467 1c0091b6 10061be3 bne              x12, x0, 2326       x12:00000001
22614938ns          394475 1c009acc 1c000337 lui              x6, 0x1c000000       x6=1c000000
22615017ns          394479 1c009ad0 01c30313 addi             x6, x6, 28           x6=1c00001c  x6:1c000000
22615057ns          394481 1c009ad4 00000893 addi             x17, x0, 0          x17=00000000
22615077ns          394482 1c009ad8 1c0003b7 lui              x7, 0x1c000000       x7=1c000000
22615097ns          394483 1c009adc 00032303 lw               x6, 0(x6)            x6=00800000  x6:1c00001c  PA:1c00001c
22615435ns          394500 1c009ae0 04c38393 addi             x7, x7, 76           x7=1c00004c  x7:1c000000
22615455ns          394501 1c009ae4 19037653 fdiv.s           f12, f6, f16        f12=xxxxxxxx  f6:00800000 f16:40df5ba1
22616469ns          394552 1c009ae8 111678d3 fmul.s           f17, f12, f17       f17=xxxxxxxx f12:00125699 f17:00000000
22616489ns          394553 1c009aec 0003a383 lw               x7, 0(x7)            x7=3f800000  x7:1c00004c  PA:1c00004c
22616808ns          394569 1c009af0 38c8f8c3 fmadd.s          f17, f17, f12, f7   f17=xxxxxxxx f17:00000000 f12:00125699  f7:3f800000
22616827ns          394570 1c009af4 ed4ff06f jal              x0, -2348          
22616867ns          394572 1c0091c8 08c12603 lw               x12, 140(x2)        x12=c037490d  x2:10001df8  PA:10001e84
22616887ns          394573 1c0091ca 00000313 addi             x6, x0, 0            x6=00000000
22616947ns          394576 1c0091ce a0661353 flt.s            x6, f12, f6          x6=00000001 f12:c037490d  f6:00000000
22616987ns          394578 1c0091d2 00030463 beq              x6, x0, 8            x6:00000001
22617006ns          394579 1c0091d6 20c61653 fsgnjn.s         f12, f12, f12       f12=xxxxxxxx f12:c037490d f12:c037490d
22617026ns          394580 1c0091da a0c81353 flt.s            x6, f16, f12         x6=00000000 f16:40df5ba1 f12:4037490d
22617086ns          394583 1c0091de 10030de3 beq              x6, x0, 2330         x6:00000000
22617146ns          394586 1c009af8 19067653 fdiv.s           f12, f12, f16       f12=xxxxxxxx f12:4037490d f16:40df5ba1
22617583ns          394608 1c009afc 88c678c3 fmadd.s          f17, f12, f12, f17  f17=xxxxxxxx f12:3ed21235 f12:3ed21235 f17:3f800000
22617603ns          394609 1c009b00 01000633 add              x12, x0, x16        x12=40df5ba1 x16:40df5ba1
22617623ns          394610 1c009b02 ef8ff06f jal              x0, -2312          
22617742ns          394616 1c0091fa 5808f853 fsqrt.s          f16, f17            f16=xxxxxxxx f17:3f958c3c
22618697ns          394664 1c0091fe 10c87653 fmul.s           f12, f16, f12       f12=xxxxxxxx f16:3f8a5ae4 f12:40df5ba1
22618717ns          394665 1c009202 00300893 addi             x17, x0, 3          x17=00000003
22618737ns          394666 1c009204 00200e93 addi             x29, x0, 2          x29=00000002
22618757ns          394667 1c009206 00000813 addi             x16, x0, 0          x16=00000000
22618777ns          394668 1c00920a a1062353 feq.s            x6, f12, f16         x6=00000000 f12:40f16d64 f16:00000000
22618817ns          394670 1c00920e 040318e3 bne              x6, x0, 2128         x6:00000000
22618856ns          394672 1c009212 a1051853 flt.s            x16, f10, f16       x16=00000000 f10:424ae283 f16:00000000
22618876ns          394673 1c009216 180812e3 bne              x16, x0, 2436       x16:00000000
22618896ns          394674 1c00921a 00a00833 add              x16, x0, x10        x16=424ae283 x10:424ae283
22618916ns          394675 1c00921c 00000313 addi             x6, x0, 0            x6=00000000
22619354ns          394697 1c009220 a0661353 flt.s            x6, f12, f6          x6=00000000 f12:40f16d64  f6:00000000
22619393ns          394699 1c009224 00030463 beq              x6, x0, 8            x6:00000000
22619453ns          394702 1c00922c a0c81353 flt.s            x6, f16, f12         x6=00000000 f16:424ae283 f12:40f16d64
22619513ns          394705 1c009230 12031ce3 bne              x6, x0, 2360         x6:00000000
22619552ns          394707 1c009234 a1061353 flt.s            x6, f12, f16         x6=00000001 f12:40f16d64 f16:424ae283
22619572ns          394708 1c009238 18031fe3 bne              x6, x0, 2462         x6:00000001
22619771ns          394718 1c009bd6 1c000337 lui              x6, 0x1c000000       x6=1c000000
22619791ns          394719 1c009bda 04c30313 addi             x6, x6, 76           x6=1c00004c  x6:1c000000
22619851ns          394722 1c009bde 00032303 lw               x6, 0(x6)            x6=3f800000  x6:1c00004c  PA:1c00004c
22620189ns          394739 1c009be2 19067653 fdiv.s           f12, f12, f16       f12=xxxxxxxx f12:40f16d64 f16:424ae283
22620746ns          394767 1c009be6 30c67643 fmadd.s          f12, f12, f12, f6   f12=xxxxxxxx f12:3e185103 f12:3e185103  f6:3f800000
22620766ns          394768 1c009bea 58067653 fsqrt.s          f12, f12            f12=xxxxxxxx f12:3f82d502
22621860ns          394823 1c009bee 10c87653 fmul.s           f12, f16, f12       f12=xxxxxxxx f16:424ae283 f12:3f816885
22621880ns          394824 1c009bf2 e62ff06f jal              x0, -2462          
22621959ns          394828 1c009254 00000813 addi             x16, x0, 0          x16=00000000
22621999ns          394830 1c009258 a0a80853 fle.s            x16, f16, f10       x16=00000001 f16:00000000 f10:424ae283
22622019ns          394831 1c00925c 00080463 beq              x16, x0, 8          x16:00000001
22622079ns          394834 1c009260 20c61653 fsgnjn.s         f12, f12, f12       f12=xxxxxxxx f12:424d1df3 f12:424d1df3
22622118ns          394836 1c009264 00000813 addi             x16, x0, 0          x16=00000000
22622138ns          394837 1c009268 a1061853 flt.s            x16, f12, f16       x16=00000001 f12:c24d1df3 f16:00000000
22622158ns          394838 1c00926c 12081be3 bne              x16, x0, 2358       x16:00000001
22622337ns          394847 1c009ba2 20c61853 fsgnjn.s         f16, f12, f12       f16=xxxxxxxx f12:c24d1df3 f12:c24d1df3
22622357ns          394848 1c009ba6 eccff06f jal              x0, -2356          
22622417ns          394851 1c009272 1c0004b7 lui              x9, 0x1c000000       x9=1c000000
22622437ns          394852 1c009276 03048493 addi             x9, x9, 48           x9=1c000030  x9:1c000000
22622457ns          394853 1c00927a 0004a483 lw               x9, 0(x9)            x9=0c000000  x9:1c000030  PA:1c000030
22622775ns          394869 1c00927c a0981853 flt.s            x16, f16, f9        x16=00000000 f16:424d1df3  f9:0c000000
22622795ns          394870 1c009280 0a080ce3 beq              x16, x0, 2232       x16:00000000
22622894ns          394875 1c009b38 1c000337 lui              x6, 0x1c000000       x6=1c000000
22622934ns          394877 1c009b3c 04c32803 lw               x16, 76(x6)         x16=3f800000  x6:1c000000  PA:1c00004c
22623292ns          394895 1c009b40 08c57353 fsub.s           f6, f10, f12         f6=xxxxxxxx f10:424ae283 f12:c24d1df3
22623312ns          394896 1c009b44 18687853 fdiv.s           f16, f16, f6        f16=xxxxxxxx f16:3f800000  f6:42cc003b  PA:10001e80
22623849ns          394923 1c009b48 08812303 lw               x6, 136(x2)          x6=xxxxxxxx  x2:10001df8
22623869ns          394924 1c009b4a 08a679d3 fsub.s           f19, f12, f10       f19=xxxxxxxx f12:c24d1df3 f10:424ae283
22624127ns          394937 1c009b4e 11037353 fmul.s           f6, f6, f16          f6=xxxxxxxx  f6:40df5ba1 f16:3c20a072
22624147ns          394938 1c009b52 18c9f9d3 fdiv.s           f19, f19, f12       f19=xxxxxxxx f19:c2cc003b f12:c24d1df3  PA:10001e80
22624406ns          394951 1c009b56 08612423 sw               x6, 136(x2)          x6:3d8c2541  x2:10001df8
22624426ns          394952 1c009b58 0038b663 p.bneimm         x17, 12             x17:00000003  PA:10001e84
22624446ns          394953 1c009b5c 08c12503 lw               x10, 140(x2)        x10=xxxxxxxx  x2:10001df8
22624485ns          394955 1c009b5e 11057853 fmul.s           f16, f10, f16       f16=xxxxxxxx f10:c037490d f16:3c20a072
22624684ns          394965 1c009b62 09012623 sw               x16, 140(x2)        x16:bce6010f  x2:10001df8  PA:10001e84
22624704ns          394966 1c009b64 00c00533 add              x10, x0, x12        x10=c24d1df3 x12:c24d1df3
22624724ns          394967 1c009b66 87fff06f jal              x0, -1922          
22624804ns          394971 1c0093e4 08a12223 sw               x10, 132(x2)        x10:c24d1df3  x2:10001df8  PA:10001e7c
22624843ns          394973 1c0093e6 4cbcd763 bge              x25, x11, 1230      x25:00000001 x11:00000002
22624863ns          394974 1c0093ea 00a6a023 sw               x10, 0(x13)         x10:c24d1df3 x13:10001ef4  PA:10001ef4
22624883ns          394975 1c0093ec 0006a223 sw               x0, 4(x13)          x13:10001ef4  PA:10001ef8
22624923ns          394977 1c0093f0 01b5d463 bge              x11, x27, 8         x11:00000002 x27:00000004
22624963ns          394979 1c0093f4 0006a423 sw               x0, 8(x13)          x13:10001ef4  PA:10001efc
22624983ns          394980 1c0093f8 08812b83 lw               x23, 136(x2)        x23=3d8c2541  x2:10001df8  PA:10001e80
22625022ns          394982 1c0093fa 1179fb53 fmul.s           f22, f19, f23       f22=xxxxxxxx f19:3ffe9b67 f23:3d8c2541
22625062ns          394984 1c0093fe 4c38bd63 p.bneimm         x17, 1242           x17:00000003
22625102ns          394986 1c009402 01468313 addi             x6, x13, 20          x6=10001f08 x13:10001ef4
22625122ns          394987 1c009406 406a08b3 sub              x17, x20, x6        x17=00000050 x20:10001f58  x6:10001f08
22625142ns          394988 1c00940a 08c12d03 lw               x26, 140(x2)        x26=bce6010f  x2:10001df8  PA:10001e84
22625162ns          394989 1c00940c fec88893 addi             x17, x17, -20       x17=0000003c x17:00000050
22625201ns          394991 1c00940e 0cccd637 lui              x12, 0xcccd000      x12=0cccd000
22625241ns          394993 1c009412 0028d893 srli             x17, x17, 0x2       x17=0000000f x17:0000003c
22625261ns          394994 1c009416 ccd60613 addi             x12, x12, -819      x12=0ccccccd x12:0cccd000
22625281ns          394995 1c00941a 02c888b3 mul              x17, x17, x12       x17=c0000003 x17:0000000f x12:0ccccccd
22625341ns          394998 1c00941e 113d7ad3 fmul.s           f21, f26, f19       f21=xxxxxxxx f26:bce6010f f19:3ffe9b67
22625361ns          394999 1c009422 01868693 addi             x13, x13, 24        x13=10001f0c x13:10001ef4
22625380ns          395000 1c009424 c3e8b8b3 p.bclr           x17, x17, 1, 30     x17=00000003 x17:c0000003
22625400ns          395001 1c009428 02d12423 sw               x13, 40(x2)         x13:10001f0c  x2:10001df8  PA:10001e20
22625420ns          395002 1c00942a 00d00533 add              x10, x0, x13        x10=10001f0c x13:10001f0c
22625440ns          395003 1c00942c 00188893 addi             x17, x17, 1         x17=00000004 x17:00000003
22625480ns          395005 1c00942e 0168c0fb lp.setup         0x1, x17, 0x16      x17:00000004
22625500ns          395006 1c009432 00052603 lw               x12, 0(x10)         x12=c217f095 x10:10001f0c  PA:10001f0c
22625540ns          395008 1c009434 00032803 lw               x16, 0(x6)          x16=4409ad20  x6:10001f08  PA:10001f08
22625560ns          395009 1c009438 00452e03 lw               x28, 4(x10)         x28=beb03b69 x10:10001f0c  PA:10001f10
22625579ns          395010 1c00943c 817676c3 fmadd.s          f13, f12, f23, f16  f13=xxxxxxxx f12:c217f095 f23:3d8c2541 f16:4409ad20
22625619ns          395012 1c009440 01450513 addi             x10, x10, 20        x10=10001f20 x10:10001f0c
22625659ns          395014 1c009442 69cd76c3 fmadd.s          f13, f26, f28, f13  f13=xxxxxxxx f26:bce6010f f28:beb03b69 f13:440906c5
22625679ns          395015 1c009446 8136f84b fnmsub.s         f16, f13, f19, f16  f16=xxxxxxxx f13:44090763 f19:3ffe9b67 f16:4409ad20
22625699ns          395016 1c00944a 6166f64b fnmsub.s         f12, f13, f22, f12  f12=xxxxxxxx f13:44090763 f22:3e0b6209 f12:c217f095
22625758ns          395019 1c00944e e0daf6cb fnmsub.s         f13, f21, f13, f28  f13=xxxxxxxx f21:bd64c0ac f13:44090763 f28:beb03b69
22625798ns          395021 1c009452 01032a2b p.sw             x16, 20(x6!)         x6=10001f1c x16:c406e3e6  x6:10001f08  PA:10001f08
22625818ns          395022 1c009456 fec52623 sw               x12, -20(x10)       x12:c2e12f43 x10:10001f20  PA:10001f0c
22625838ns          395023 1c00945a fed52823 sw               x13, -16(x10)       x13:41f2227e x10:10001f20  PA:10001f10
22625858ns          395024 1c009432 00052603 lw               x12, 0(x10)         x12=43ff3ce8 x10:10001f20  PA:10001f20
22625878ns          395025 1c009434 00032803 lw               x16, 0(x6)          x16=c217f099  x6:10001f1c  PA:10001f1c
22625898ns          395026 1c009438 00452e03 lw               x28, 4(x10)         x28=43f44b4c x10:10001f20  PA:10001f24
22625918ns          395027 1c00943c 817676c3 fmadd.s          f13, f12, f23, f16  f13=xxxxxxxx f12:43ff3ce8 f23:3d8c2541 f16:c217f099
22625937ns          395028 1c009440 01450513 addi             x10, x10, 20        x10=10001f34 x10:10001f20
22625957ns          395029 1c009442 69cd76c3 fmadd.s          f13, f26, f28, f13  f13=xxxxxxxx f26:bce6010f f28:43f44b4c f13:c0436258
22625977ns          395030 1c009446 8136f84b fnmsub.s         f16, f13, f19, f16  f16=xxxxxxxx f13:c1862a9f f19:3ffe9b67 f16:c217f099
22625997ns          395031 1c00944a 6166f64b fnmsub.s         f12, f13, f22, f12  f12=xxxxxxxx f13:c1862a9f f22:3e0b6209 f12:43ff3ce8
22626017ns          395032 1c00944e e0daf6cb fnmsub.s         f13, f21, f13, f28  f13=xxxxxxxx f21:bd64c0ac f13:c1862a9f f28:43f44b4c
22626037ns          395033 1c009452 01032a2b p.sw             x16, 20(x6!)         x6=10001f30 x16:c09406ec  x6:10001f1c  PA:10001f1c
22626057ns          395034 1c009456 fec52623 sw               x12, -20(x10)       x12:4400308d x10:10001f34  PA:10001f20
22626077ns          395035 1c00945a fed52823 sw               x13, -16(x10)       x13:43f3d369 x10:10001f34  PA:10001f24
22626097ns          395036 1c009432 00052603 lw               x12, 0(x10)         x12=43f44b4f x10:10001f34  PA:10001f34
22626116ns          395037 1c009434 00032803 lw               x16, 0(x6)          x16=beb03d39  x6:10001f30  PA:10001f30
22626136ns          395038 1c009438 00452e03 lw               x28, 4(x10)         x28=440b5030 x10:10001f34  PA:10001f38
22626156ns          395039 1c00943c 817676c3 fmadd.s          f13, f12, f23, f16  f13=xxxxxxxx f12:43f44b4f f23:3d8c2541 f16:beb03d39
22626176ns          395040 1c009440 01450513 addi             x10, x10, 20        x10=10001f48 x10:10001f34
22626196ns          395041 1c009442 69cd76c3 fmadd.s          f13, f26, f28, f13  f13=xxxxxxxx f26:bce6010f f28:440b5030 f13:42045c42
22626216ns          395042 1c009446 8136f84b fnmsub.s         f16, f13, f19, f16  f16=xxxxxxxx f13:418b8de5 f19:3ffe9b67 f16:beb03d39
22626236ns          395043 1c00944a 6166f64b fnmsub.s         f12, f13, f22, f12  f12=xxxxxxxx f13:418b8de5 f22:3e0b6209 f12:43f44b4f
22626256ns          395044 1c00944e e0daf6cb fnmsub.s         f13, f21, f13, f28  f13=xxxxxxxx f21:bd64c0ac f13:418b8de5 f28:440b5030
22626276ns          395045 1c009452 01032a2b p.sw             x16, 20(x6!)         x6=10001f44 x16:c20c2bfb  x6:10001f30  PA:10001f30
22626295ns          395046 1c009456 fec52623 sw               x12, -20(x10)       x12:43f31b61 x10:10001f48  PA:10001f34
22626315ns          395047 1c00945a fed52823 sw               x13, -16(x10)       x13:440b8e8a x10:10001f48  PA:10001f38
22626335ns          395048 1c009432 00052603 lw               x12, 0(x10)         x12=b89ec922 x10:10001f48  PA:10001f48
22626355ns          395049 1c009434 00032803 lw               x16, 0(x6)          x16=b5367448  x6:10001f44  PA:10001f44
22626375ns          395050 1c009438 00452e03 lw               x28, 4(x10)         x28=b91c3eb0 x10:10001f48  PA:10001f4c
22626395ns          395051 1c00943c 817676c3 fmadd.s          f13, f12, f23, f16  f13=xxxxxxxx f12:b89ec922 f23:3d8c2541 f16:b5367448
22626415ns          395052 1c009440 01450513 addi             x10, x10, 20        x10=10001f5c x10:10001f48
22626435ns          395053 1c009442 69cd76c3 fmadd.s          f13, f26, f28, f13  f13=xxxxxxxx f26:bce6010f f28:b91c3eb0 f13:b6c4a8bd
22626455ns          395054 1c009446 8136f84b fnmsub.s         f16, f13, f19, f16  f16=xxxxxxxx f13:b5e11f16 f19:3ffe9b67 f16:b5367448
22626474ns          395055 1c00944a 6166f64b fnmsub.s         f12, f13, f22, f12  f12=xxxxxxxx f13:b5e11f16 f22:3e0b6209 f12:b89ec922
22626494ns          395056 1c00944e e0daf6cb fnmsub.s         f13, f21, f13, f28  f13=xxxxxxxx f21:bd64c0ac f13:b5e11f16 f28:b91c3eb0
22626514ns          395057 1c009452 01032a2b p.sw             x16, 20(x6!)         x6=10001f58 x16:3632486e  x6:10001f44  PA:10001f44
22626534ns          395058 1c009456 fec52623 sw               x12, -20(x10)       x12:b89e4e90 x10:10001f5c  PA:10001f48
22626554ns          395059 1c00945a fed52823 sw               x13, -16(x10)       x13:b91c57d5 x10:10001f5c  PA:10001f4c
22626614ns          395062 1c00945e 00158513 addi             x10, x11, 1         x10=00000003 x11:00000002
22626634ns          395063 1c009462 02a12023 sw               x10, 32(x2)         x10:00000003  x2:10001df8  PA:10001e18
22626673ns          395065 1c009464 73b55263 bge              x10, x27, 1828      x10:00000003 x27:00000004
22626693ns          395066 1c009468 00258593 addi             x11, x11, 2         x11=00000004 x11:00000002
22626713ns          395067 1c00946a ffbc0913 addi             x18, x24, -5        x18=00000005 x24:0000000a
22626753ns          395069 1c00946e 005c0613 addi             x12, x24, 5         x12=0000000f x24:0000000a
22626793ns          395071 1c009472 3005cb63 blt              x11, x0, 790        x11:00000004
22626813ns          395072 1c009476 00400513 addi             x10, x0, 4          x10=00000004
22626833ns          395073 1c009478 00000693 addi             x13, x0, 0          x13=00000000
22626852ns          395074 1c00947a 0cb55963 bge              x10, x11, 210       x10:00000004 x11:00000004
22626972ns          395080 1c00954c 01812803 lw               x16, 24(x2)         x16=10001ef0  x2:10001df8  PA:10001e10
22627051ns          395084 1c00954e 00d90333 add              x6, x18, x13         x6=00000005 x18:00000005 x13:00000000
22627091ns          395086 1c009552 00dc08b3 add              x17, x24, x13       x17=0000000a x24:0000000a x13:00000000
22627111ns          395087 1c009556 00231313 slli             x6, x6, 0x2          x6=00000014  x6:00000005
22627131ns          395088 1c009558 00289893 slli             x17, x17, 0x2       x17=00000028 x17:0000000a
22627151ns          395089 1c00955a 01030333 add              x6, x6, x16          x6=10001f04  x6:00000014 x16:10001ef0
22627171ns          395090 1c00955c 010888b3 add              x17, x17, x16       x17=10001f18 x17:00000028 x16:10001ef0
22627191ns          395091 1c00955e 00032e83 lw               x29, 0(x6)          x29=424ae289  x6:10001f04  PA:10001f04
22627230ns          395093 1c009562 0008a803 lw               x16, 0(x17)         x16=40df5af4 x17:10001f18  PA:10001f18
22627270ns          395095 1c009566 00d60e33 add              x28, x12, x13       x28=0000000f x12:0000000f x13:00000000
22627290ns          395096 1c00956a 01812283 lw               x5, 24(x2)           x5=10001ef0  x2:10001df8  PA:10001e10
22627310ns          395097 1c00956c 002e1e13 slli             x28, x28, 0x2       x28=0000003c x28:0000000f
22627330ns          395098 1c00956e 005e0e33 add              x28, x28, x5        x28=10001f2c x28:0000003c  x5:10001ef0
22627350ns          395099 1c009570 e90bf843 fmadd.s          f16, f23, f16, f29  f16=xxxxxxxx f23:3d8c2541 f16:40df5af4 f29:424ae289
22627370ns          395100 1c009574 000e2f03 lw               x30, 0(x28)         x30=c0374a3e x28:10001f2c  PA:10001f2c
22627389ns          395101 1c009578 00168513 addi             x10, x13, 1         x10=00000001 x13:00000000
22627409ns          395102 1c00957c 81ed7843 fmadd.s          f16, f26, f30, f16  f16=xxxxxxxx f26:bce6010f f30:c0374a3e f16:424ccba2
22627469ns          395105 1c009580 e909fecb fnmsub.s         f29, f19, f16, f29  f29=xxxxxxxx f19:3ffe9b67 f16:424d1df9 f29:424ae289
22627509ns          395107 1c009584 01d32023 sw               x29, 0(x6)          x29:c24d1df8  x6:10001f04  PA:10001f04
22627529ns          395108 1c009588 0008a303 lw               x6, 0(x17)           x6=40df5af4 x17:10001f18  PA:10001f18
22627568ns          395110 1c00958c 310b734b fnmsub.s         f6, f22, f16, f6     f6=xxxxxxxx f22:3e0b6209 f16:424d1df9  f6:40df5af4
22627608ns          395112 1c009590 0068a023 sw               x6, 0(x17)           x6:b8b1c4c0 x17:10001f18  PA:10001f18
22627648ns          395114 1c009594 000e2f03 lw               x30, 0(x28)         x30=c0374a3e x28:10001f2c  PA:10001f2c
22627688ns          395116 1c009598 f10af84b fnmsub.s         f16, f21, f16, f30  f16=xxxxxxxx f21:bd64c0ac f16:424d1df9 f30:c0374a3e
22627708ns          395117 1c00959c 010e2023 sw               x16, 0(x28)         x16:b895f88e x28:10001f2c  PA:10001f2c
22627747ns          395119 1c0095a0 1ea5c463 blt              x11, x10, 488       x11:00000004 x10:00000001
22627787ns          395121 1c0095a4 01250e33 add              x28, x10, x18       x28=00000006 x10:00000001 x18:00000005
22627807ns          395122 1c0095a8 01850333 add              x6, x10, x24         x6=0000000b x10:00000001 x24:0000000a
22627827ns          395123 1c0095ac 002e1e13 slli             x28, x28, 0x2       x28=00000018 x28:00000006
22627847ns          395124 1c0095ae 00231313 slli             x6, x6, 0x2          x6=0000002c  x6:0000000b
22627887ns          395126 1c0095b0 00530333 add              x6, x6, x5           x6=10001f1c  x6:0000002c  x5:10001ef0
22627907ns          395127 1c0095b2 005e0e33 add              x28, x28, x5        x28=10001f08 x28:00000018  x5:10001ef0
22627927ns          395128 1c0095b4 000e2e83 lw               x29, 0(x28)         x29=c406e3e6 x28:10001f08  PA:10001f08
22627966ns          395130 1c0095b8 00032883 lw               x17, 0(x6)          x17=c09406ec  x6:10001f1c  PA:10001f1c
22627986ns          395131 1c0095bc 00c50533 add              x10, x10, x12       x10=00000010 x10:00000001 x12:0000000f
22628006ns          395132 1c0095be 00251513 slli             x10, x10, 0x2       x10=00000040 x10:00000010
22628026ns          395133 1c0095c0 00550533 add              x10, x10, x5        x10=10001f30 x10:00000040  x5:10001ef0
22628066ns          395135 1c0095c2 e91bf8c3 fmadd.s          f17, f23, f17, f29  f17=xxxxxxxx f23:3d8c2541 f17:c09406ec f29:c406e3e6
22628086ns          395136 1c0095c6 00052f03 lw               x30, 0(x10)         x30=c20c2bfb x10:10001f30  PA:10001f30
22628106ns          395137 1c0095ca 00268813 addi             x16, x13, 2         x16=00000002 x13:00000000
22628165ns          395140 1c0095ce 89ed78c3 fmadd.s          f17, f26, f30, f17  f17=xxxxxxxx f26:bce6010f f30:c20c2bfb f17:c406f828
22628205ns          395142 1c0095d2 e919fecb fnmsub.s         f29, f19, f17, f29  f29=xxxxxxxx f19:3ffe9b67 f17:c406b930 f29:c406e3e6
22628225ns          395143 1c0095d6 01de2023 sw               x29, 0(x28)         x29:44051726 x28:10001f08  PA:10001f08
22628245ns          395144 1c0095da 00032e03 lw               x28, 0(x6)          x28=c09406ec  x6:10001f1c  PA:10001f1c
22628304ns          395147 1c0095de e11b7e4b fnmsub.s         f28, f22, f17, f28  f28=xxxxxxxx f22:3e0b6209 f17:c406b930 f28:c09406ec
22628344ns          395149 1c0095e2 01c32023 sw               x28, 0(x6)          x28:428973db  x6:10001f1c  PA:10001f1c
22628364ns          395150 1c0095e6 00052f03 lw               x30, 0(x10)         x30=c20c2bfb x10:10001f30  PA:10001f30
22628404ns          395152 1c0095ea f11af8cb fnmsub.s         f17, f21, f17, f30  f17=xxxxxxxx f21:bd64c0ac f17:c406b930 f30:c20c2bfb
22628444ns          395154 1c0095ee 01152023 sw               x17, 0(x10)         x17:c2824728 x10:10001f30  PA:10001f30
22628483ns          395156 1c0095f2 1905cb63 blt              x11, x16, 406       x11:00000004 x16:00000002
22628503ns          395157 1c0095f6 01280e33 add              x28, x16, x18       x28=00000007 x16:00000002 x18:00000005
22628523ns          395158 1c0095fa 01880333 add              x6, x16, x24         x6=0000000c x16:00000002 x24:0000000a
22628543ns          395159 1c0095fe 002e1e13 slli             x28, x28, 0x2       x28=0000001c x28:00000007
22628583ns          395161 1c009600 00231313 slli             x6, x6, 0x2          x6=00000030  x6:0000000c
22628603ns          395162 1c009602 00530333 add              x6, x6, x5           x6=10001f20  x6:00000030  x5:10001ef0
22628623ns          395163 1c009604 005e0e33 add              x28, x28, x5        x28=10001f0c x28:0000001c  x5:10001ef0
22628643ns          395164 1c009606 000e2e83 lw               x29, 0(x28)         x29=c2e12f43 x28:10001f0c  PA:10001f0c
22628682ns          395166 1c00960a 00032883 lw               x17, 0(x6)          x17=4400308d  x6:10001f20  PA:10001f20
22628722ns          395168 1c00960e 00c80533 add              x10, x16, x12       x10=00000011 x16:00000002 x12:0000000f
22628742ns          395169 1c009612 00251513 slli             x10, x10, 0x2       x10=00000044 x10:00000011
22628762ns          395170 1c009614 00550533 add              x10, x10, x5        x10=10001f34 x10:00000044  x5:10001ef0
22628782ns          395171 1c009616 e91bf8c3 fmadd.s          f17, f23, f17, f29  f17=xxxxxxxx f23:3d8c2541 f17:4400308d f29:c2e12f43
22628802ns          395172 1c00961a 00052f03 lw               x30, 0(x10)         x30=43f31b61 x10:10001f34  PA:10001f34
22628861ns          395175 1c00961e 00368813 addi             x16, x13, 3         x16=00000003 x13:00000000
22628901ns          395177 1c009622 89ed78c3 fmadd.s          f17, f26, f30, f17  f17=xxxxxxxx f26:bce6010f f30:43f31b61 f17:c29b020e
22628921ns          395178 1c009626 e919fecb fnmsub.s         f29, f19, f17, f29  f29=xxxxxxxx f19:3ffe9b67 f17:c2b64f81 f29:c2e12f43
22628941ns          395179 1c00962a 01de2023 sw               x29, 0(x28)         x29:428973d8 x28:10001f0c  PA:10001f0c
22629001ns          395182 1c00962e 00032e03 lw               x28, 0(x6)          x28=4400308d  x6:10001f20  PA:10001f20
22629040ns          395184 1c009632 e11b7e4b fnmsub.s         f28, f22, f17, f28  f28=xxxxxxxx f22:3e0b6209 f17:c2b64f81 f28:4400308d
22629060ns          395185 1c009636 01c32023 sw               x28, 0(x6)          x28:44034aa5  x6:10001f20  PA:10001f20
22629080ns          395186 1c00963a 00052f03 lw               x30, 0(x10)         x30=43f31b61 x10:10001f34  PA:10001f34
22629140ns          395189 1c00963e f11af8cb fnmsub.s         f17, f21, f17, f30  f17=xxxxxxxx f21:bd64c0ac f17:c2b64f81 f30:43f31b61
22629180ns          395191 1c009642 01152023 sw               x17, 0(x10)         x17:43f08fc1 x10:10001f34  PA:10001f34
22629200ns          395192 1c009646 1505c163 blt              x11, x16, 322       x11:00000004 x16:00000003
22629219ns          395193 1c00964a 01280e33 add              x28, x16, x18       x28=00000008 x16:00000003 x18:00000005
22629279ns          395196 1c00964e 01880333 add              x6, x16, x24         x6=0000000d x16:00000003 x24:0000000a
22629299ns          395197 1c009652 002e1e13 slli             x28, x28, 0x2       x28=00000020 x28:00000008
22629319ns          395198 1c009654 00231313 slli             x6, x6, 0x2          x6=00000034  x6:0000000d
22629339ns          395199 1c009656 00530333 add              x6, x6, x5           x6=10001f24  x6:00000034  x5:10001ef0
22629359ns          395200 1c009658 005e0e33 add              x28, x28, x5        x28=10001f10 x28:00000020  x5:10001ef0
22629379ns          395201 1c00965a 000e2e83 lw               x29, 0(x28)         x29=41f2227e x28:10001f10  PA:10001f10
22629418ns          395203 1c00965e 00032883 lw               x17, 0(x6)          x17=43f3d369  x6:10001f24  PA:10001f24
22629458ns          395205 1c009662 00c80533 add              x10, x16, x12       x10=00000012 x16:00000003 x12:0000000f
22629478ns          395206 1c009666 00251513 slli             x10, x10, 0x2       x10=00000048 x10:00000012
22629498ns          395207 1c009668 00550533 add              x10, x10, x5        x10=10001f38 x10:00000048  x5:10001ef0
22629518ns          395208 1c00966a e91bf8c3 fmadd.s          f17, f23, f17, f29  f17=xxxxxxxx f23:3d8c2541 f17:43f3d369 f29:41f2227e
22629558ns          395210 1c00966e 00052f03 lw               x30, 0(x10)         x30=440b8e8a x10:10001f38  PA:10001f38
22629597ns          395212 1c009672 00468813 addi             x16, x13, 4         x16=00000004 x13:00000000
22629617ns          395213 1c009676 89ed78c3 fmadd.s          f17, f26, f30, f17  f17=xxxxxxxx f26:bce6010f f30:440b8e8a f17:427e8c58
22629637ns          395214 1c00967a e919fecb fnmsub.s         f29, f19, f17, f29  f29=xxxxxxxx f19:3ffe9b67 f17:423fdb06 f29:41f2227e
22629697ns          395217 1c00967e 01de2023 sw               x29, 0(x28)         x29:c2824727 x28:10001f10  PA:10001f10
22629737ns          395219 1c009682 00032e03 lw               x28, 0(x6)          x28=43f3d369  x6:10001f24  PA:10001f24
22629776ns          395221 1c009686 e11b7e4b fnmsub.s         f28, f22, f17, f28  f28=xxxxxxxx f22:3e0b6209 f17:423fdb06 f28:43f3d369
22629796ns          395222 1c00968a 01c32023 sw               x28, 0(x6)          x28:43f08fbe  x6:10001f24  PA:10001f24
22629836ns          395224 1c00968e 00052f03 lw               x30, 0(x10)         x30=440b8e8a x10:10001f38  PA:10001f38
22629876ns          395226 1c009692 f11af8cb fnmsub.s         f17, f21, f17, f30  f17=xxxxxxxx f21:bd64c0ac f17:423fdb06 f30:440b8e8a
22629896ns          395227 1c009696 01152023 sw               x17, 0(x10)         x17:440c39f9 x10:10001f38  PA:10001f38
22629916ns          395228 1c00969a 0f05c763 blt              x11, x16, 238       x11:00000004 x16:00000004
22629975ns          395231 1c00969e 01280e33 add              x28, x16, x18       x28=00000009 x16:00000004 x18:00000005
22630015ns          395233 1c0096a2 01880333 add              x6, x16, x24         x6=0000000e x16:00000004 x24:0000000a
22630035ns          395234 1c0096a6 002e1e13 slli             x28, x28, 0x2       x28=00000024 x28:00000009
22630055ns          395235 1c0096a8 00231313 slli             x6, x6, 0x2          x6=00000038  x6:0000000e
22630075ns          395236 1c0096aa 00530333 add              x6, x6, x5           x6=10001f28  x6:00000038  x5:10001ef0
22630095ns          395237 1c0096ac 005e0e33 add              x28, x28, x5        x28=10001f14 x28:00000024  x5:10001ef0
22630114ns          395238 1c0096ae 000e2e83 lw               x29, 0(x28)         x29=00000000 x28:10001f14  PA:10001f14
22630154ns          395240 1c0096b2 00032883 lw               x17, 0(x6)          x17=00000000  x6:10001f28  PA:10001f28
22630194ns          395242 1c0096b6 00c80533 add              x10, x16, x12       x10=00000013 x16:00000004 x12:0000000f
22630214ns          395243 1c0096ba 00251513 slli             x10, x10, 0x2       x10=0000004c x10:00000013
22630234ns          395244 1c0096bc 00550533 add              x10, x10, x5        x10=10001f3c x10:0000004c  x5:10001ef0
22630254ns          395245 1c0096be e91bf8c3 fmadd.s          f17, f23, f17, f29  f17=xxxxxxxx f23:3d8c2541 f17:00000000 f29:00000000
22630294ns          395247 1c0096c2 00052f03 lw               x30, 0(x10)         x30=b954b22e x10:10001f3c  PA:10001f3c
22630313ns          395248 1c0096c6 00568813 addi             x16, x13, 5         x16=00000005 x13:00000000
22630333ns          395249 1c0096ca 89ed78c3 fmadd.s          f17, f26, f30, f17  f17=xxxxxxxx f26:bce6010f f30:b954b22e f17:00000000
22630393ns          395252 1c0096ce e919fecb fnmsub.s         f29, f19, f17, f29  f29=xxxxxxxx f19:3ffe9b67 f17:36bf18f6 f29:00000000
22630433ns          395254 1c0096d2 01de2023 sw               x29, 0(x28)         x29:b73e0ec5 x28:10001f14  PA:10001f14
22630453ns          395255 1c0096d6 00032e03 lw               x28, 0(x6)          x28=00000000  x6:10001f28  PA:10001f28
22630492ns          395257 1c0096da e11b7e4b fnmsub.s         f28, f22, f17, f28  f28=xxxxxxxx f22:3e0b6209 f17:36bf18f6 f28:00000000
22630532ns          395259 1c0096de 01c32023 sw               x28, 0(x6)          x28:b5501778  x6:10001f28  PA:10001f28
22630572ns          395261 1c0096e2 00052f03 lw               x30, 0(x10)         x30=b954b22e x10:10001f3c  PA:10001f3c
22630612ns          395263 1c0096e6 f11af8cb fnmsub.s         f17, f21, f17, f30  f17=xxxxxxxx f21:bd64c0ac f17:36bf18f6 f30:b954b22e
22630632ns          395264 1c0096ea 01152023 sw               x17, 0(x10)         x17:b9545ccd x10:10001f3c  PA:10001f3c
22630671ns          395266 1c0096ee 0905cd63 blt              x11, x16, 154       x11:00000004 x16:00000005
22630771ns          395271 1c009788 ff072383 lw               x7, -16(x14)         x7=3f05c61a x14:10001f7c  PA:10001f6c
22630811ns          395273 1c00978c 00472283 lw               x5, 4(x14)           x5=be0626e7 x14:10001f7c  PA:10001f80
22630831ns          395274 1c009790 fec72483 lw               x9, -20(x14)         x9=3f194284 x14:10001f7c  PA:10001f68
22630850ns          395275 1c009794 00072403 lw               x8, 0(x14)           x8=bec2f864 x14:10001f7c  PA:10001f7c
22630870ns          395276 1c009796 ffc72c03 lw               x24, -4(x14)        x24=3efd394a x14:10001f7c  PA:10001f78
22630890ns          395277 1c00979a 01072883 lw               x17, 16(x14)        x17=bd06734c x14:10001f7c  PA:10001f8c
22630950ns          395280 1c00979e ff472f03 lw               x30, -12(x14)       x30=3eb40877 x14:10001f7c  PA:10001f70
22630990ns          395282 1c0097a2 00872e83 lw               x29, 8(x14)         x29=3f60732a x14:10001f7c  PA:10001f84
22631010ns          395283 1c0097a6 3972f543 fmadd.s          f10, f5, f23, f7    f10=xxxxxxxx  f5:be0626e7 f23:3d8c2541  f7:3f05c61a
22631029ns          395284 1c0097aa 49747843 fmadd.s          f16, f8, f23, f9    f16=xxxxxxxx  f8:bec2f864 f23:3d8c2541  f9:3f194284
22631089ns          395287 1c0097ae c178f943 fmadd.s          f18, f17, f23, f24  f18=xxxxxxxx f17:bd06734c f23:3d8c2541 f24:3efd394a
22631129ns          395289 1c0097b2 01872c03 lw               x24, 24(x14)        x24=be8d9333 x14:10001f7c  PA:10001f94
22631149ns          395290 1c0097b6 01472883 lw               x17, 20(x14)        x17=bec32911 x14:10001f7c  PA:10001f90
22631169ns          395291 1c0097ba ff872e03 lw               x28, -8(x14)        x28=bc896d70 x14:10001f7c  PA:10001f74
22631228ns          395294 1c0097be 00c72303 lw               x6, 12(x14)          x6=be858f16 x14:10001f7c  PA:10001f88
22631268ns          395296 1c0097c2 f17ef5c3 fmadd.s          f11, f29, f23, f30  f11=xxxxxxxx f29:3f60732a f23:3d8c2541 f30:3eb40877
22631288ns          395297 1c0097c6 518d7543 fmadd.s          f10, f26, f24, f10  f10=xxxxxxxx f26:bce6010f f24:be8d9333 f10:3f037a94
22631308ns          395298 1c0097ca 01c72c03 lw               x24, 28(x14)        x24=bdb2c672 x14:10001f7c  PA:10001f98
22631368ns          395301 1c0097ce 811d7843 fmadd.s          f16, f26, f17, f16  f16=xxxxxxxx f26:bce6010f f17:bec32911 f16:3f1296c1
22631407ns          395303 1c0097d2 e17376c3 fmadd.s          f13, f6, f23, f28   f13=xxxxxxxx  f6:be858f16 f23:3d8c2541 f28:bc896d70
22631427ns          395304 1c0097d6 598d75c3 fmadd.s          f11, f26, f24, f11  f11=xxxxxxxx f26:bce6010f f24:bdb2c672 f11:3ed2c060
22631447ns          395305 1c0097da 02072c03 lw               x24, 32(x14)        x24=3e98949f x14:10001f7c  PA:10001f9c
22631507ns          395308 1c0097de 4909f4cb fnmsub.s         f9, f19, f16, f9     f9=xxxxxxxx f19:3ffe9b67 f16:3f155420  f9:3f194284
22631547ns          395310 1c0097e2 698d76c3 fmadd.s          f13, f26, f24, f13  f13=xxxxxxxx f26:bce6010f f24:3e98949f f13:bd0dd468
22631567ns          395311 1c0097e6 4168744b fnmsub.s         f8, f16, f22, f8     f8=xxxxxxxx f16:3f155420 f22:3e0b6209  f8:bec2f864
22631586ns          395312 1c0097ea 02472c03 lw               x24, 36(x14)        x24=3f536296 x14:10001f7c  PA:10001fa0
22631646ns          395315 1c0097ee 890af84b fnmsub.s         f16, f21, f16, f17  f16=xxxxxxxx f21:bd64c0ac f16:3f155420 f17:bec32911
22631686ns          395317 1c0097f2 01872883 lw               x17, 24(x14)        x17=be8d9333 x14:10001f7c  PA:10001f94
22631706ns          395318 1c0097f6 918d7943 fmadd.s          f18, f26, f24, f18  f18=xxxxxxxx f26:bce6010f f24:3f536296 f18:3efc12e0
22631726ns          395319 1c0097fa 38a9f3cb fnmsub.s         f7, f19, f10, f7     f7=xxxxxxxx f19:3ffe9b67 f10:3f05775f  f7:3f05c61a
22631785ns          395322 1c0097fe 01c72c03 lw               x24, 28(x14)        x24=bdb2c672 x14:10001f7c  PA:10001f98
22631825ns          395324 1c009802 296572cb fnmsub.s         f5, f10, f22, f5     f5=xxxxxxxx f10:3f05775f f22:3e0b6209  f5:be0626e7
22631845ns          395325 1c009806 88aaf54b fnmsub.s         f10, f21, f10, f17  f10=xxxxxxxx f21:bd64c0ac f10:3f05775f f17:be8d9333
22631865ns          395326 1c00980a 02072883 lw               x17, 32(x14)        x17=3e98949f x14:10001f7c  PA:10001f9c
22631925ns          395329 1c00980e f0b9ff4b fnmsub.s         f30, f19, f11, f30  f30=xxxxxxxx f19:3ffe9b67 f11:3ed4019e f30:3eb40877
22631964ns          395331 1c009812 e965fecb fnmsub.s         f29, f11, f22, f29  f29=xxxxxxxx f11:3ed4019e f22:3e0b6209 f29:3f60732a
22631984ns          395332 1c009816 e0d9fe4b fnmsub.s         f28, f19, f13, f28  f28=xxxxxxxx f19:3ffe9b67 f13:bd3019f2 f28:bc896d70
22632004ns          395333 1c00981a c0baf5cb fnmsub.s         f11, f21, f11, f24  f11=xxxxxxxx f21:bd64c0ac f11:3ed4019e f24:bdb2c672
22632024ns          395334 1c00981e 3166f34b fnmsub.s         f6, f13, f22, f6     f6=xxxxxxxx f13:bd3019f2 f22:3e0b6209  f6:be858f16
22632044ns          395335 1c009822 ffc72c03 lw               x24, -4(x14)        x24=3efd394a x14:10001f7c  PA:10001f78
22632064ns          395336 1c009826 88daf6cb fnmsub.s         f13, f21, f13, f17  f13=xxxxxxxx f21:bd64c0ac f13:bd3019f2 f17:3e98949f
22632084ns          395337 1c00982a c129fc4b fnmsub.s         f24, f19, f18, f24  f24=xxxxxxxx f19:3ffe9b67 f18:3ef03429 f24:3efd394a
22632104ns          395338 1c00982e 00b72e23 sw               x11, 28(x14)        x11:bd836a32 x14:10001f7c  PA:10001f98
22632143ns          395340 1c009830 02d72023 sw               x13, 32(x14)        x13:3e9759e8 x14:10001f7c  PA:10001f9c
22632163ns          395341 1c009832 01072683 lw               x13, 16(x14)        x13=bd06734c x14:10001f7c  PA:10001f8c
22632183ns          395342 1c009834 ff872e23 sw               x24, -4(x14)        x24:bee091d8 x14:10001f7c  PA:10001f78
22632203ns          395343 1c009838 69697c4b fnmsub.s         f24, f18, f22, f13  f24=xxxxxxxx f18:3ef03429 f22:3e0b6209 f13:bd06734c
22632223ns          395344 1c00983c 02472683 lw               x13, 36(x14)        x13=3f536296 x14:10001f7c  PA:10001fa0
22632283ns          395347 1c00983e fe972623 sw               x9, -20(x14)         x9:bf0fc5b8 x14:10001f7c  PA:10001f68
22632322ns          395349 1c009842 692af8cb fnmsub.s         f17, f21, f18, f13  f17=xxxxxxxx f21:bd64c0ac f18:3ef03429 f13:3f536296
22632342ns          395350 1c009846 00872023 sw               x8, 0(x14)           x8:beeb9f52 x14:10001f7c  PA:10001f7c
22632362ns          395351 1c009848 01072a23 sw               x16, 20(x14)        x16:beb27b27 x14:10001f7c  PA:10001f90
22632382ns          395352 1c00984c fe772823 sw               x7, -16(x14)         x7:bf03b4d0 x14:10001f7c  PA:10001f6c
22632402ns          395353 1c009850 00572223 sw               x5, 4(x14)           x5:be4ed1d4 x14:10001f7c  PA:10001f80
22632422ns          395354 1c009854 00a72c23 sw               x10, 24(x14)        x10:be7d55b5 x14:10001f7c  PA:10001f94
22632442ns          395355 1c009856 ffe72a23 sw               x30, -12(x14)       x30:bef1ac23 x14:10001f7c  PA:10001f70
22632462ns          395356 1c00985a 01d72423 sw               x29, 8(x14)         x29:3f520568 x14:10001f7c  PA:10001f84
22632501ns          395358 1c00985e ffc72c23 sw               x28, -8(x14)        x28:3d8cc949 x14:10001f7c  PA:10001f74
22632521ns          395359 1c009862 02012583 lw               x11, 32(x2)         x11=00000003  x2:10001df8  PA:10001e18
22632541ns          395360 1c009864 00672623 sw               x6, 12(x14)          x6:be82900a x14:10001f7c  PA:10001f88
22632561ns          395361 1c009868 01872823 sw               x24, 16(x14)        x24:bdc601f5 x14:10001f7c  PA:10001f8c
22632581ns          395362 1c00986c 03172223 sw               x17, 36(x14)        x17:3f5a17b0 x14:10001f7c  PA:10001fa0
22632641ns          395365 1c009870 01470713 addi             x14, x14, 20        x14=10001f90 x14:10001f7c
22632661ns          395366 1c009872 01478793 addi             x15, x15, 20        x15=10001f2c x15:10001f18
22632680ns          395367 1c009874 004a0a13 addi             x20, x20, 4         x20=10001f5c x20:10001f58
22632700ns          395368 1c009876 02812683 lw               x13, 40(x2)         x13=10001f0c  x2:10001df8  PA:10001e20
22632720ns          395369 1c009878 00c00c33 add              x24, x0, x12        x24=0000000f x12:0000000f
22632740ns          395370 1c00987a 014f8f93 addi             x31, x31, 20        x31=10001f18 x31:10001f04
22632760ns          395371 1c00987c 90bdd8e3 bge              x27, x11, -1776     x27:00000004 x11:00000003
22632859ns          395376 1c00918c 0bb587e3 beq              x11, x27, 2222      x11:00000003 x27:00000004
22632939ns          395380 1c009190 16bccbe3 blt              x25, x11, 2422      x25:00000001 x11:00000003
22633038ns          395385 1c009b06 0006a503 lw               x10, 0(x13)         x10=428973d8 x13:10001f0c  PA:10001f0c
22633078ns          395387 1c009b08 0046a803 lw               x16, 4(x13)         x16=c2824727 x13:10001f0c  PA:10001f10
22633098ns          395388 1c009b0c 0086a603 lw               x12, 8(x13)         x12=b73e0ec5 x13:10001f0c  PA:10001f14
22633118ns          395389 1c009b0e 08a12223 sw               x10, 132(x2)        x10:428973d8  x2:10001df8  PA:10001e7c
22633158ns          395391 1c009b10 09012423 sw               x16, 136(x2)        x16:c2824727  x2:10001df8  PA:10001e80
22633178ns          395392 1c009b12 08c12623 sw               x12, 140(x2)        x12:b73e0ec5  x2:10001df8  PA:10001e84
22633198ns          395393 1c009b14 e82ff06f jal              x0, -2430          
22633237ns          395395 1c009196 08812803 lw               x16, 136(x2)        x16=c2824727  x2:10001df8  PA:10001e80
22633257ns          395396 1c009198 00000613 addi             x12, x0, 0          x12=00000000
22633277ns          395397 1c00919c a0c81653 flt.s            x12, f16, f12       x12=00000001 f16:c2824727 f12:00000000
22633337ns          395400 1c0091a0 00060363 beq              x12, x0, 6          x12:00000001
22633377ns          395402 1c0091a2 21081853 fsgnjn.s         f16, f16, f16       f16=xxxxxxxx f16:c2824727 f16:c2824727
22633396ns          395403 1c0091a6 1c000e37 lui              x28, 0x1c000000     x28=1c000000
22633416ns          395404 1c0091aa 01ce0e13 addi             x28, x28, 28        x28=1c00001c x28:1c000000
22633476ns          395407 1c0091ae 000e2e03 lw               x28, 0(x28)         x28=00800000 x28:1c00001c  PA:1c00001c
22633814ns          395424 1c0091b2 a10e1653 flt.s            x12, f28, f16       x12=00000001 f28:00800000 f16:42824727
22633834ns          395425 1c0091b6 10061be3 bne              x12, x0, 2326       x12:00000001
22633993ns          395433 1c009acc 1c000337 lui              x6, 0x1c000000       x6=1c000000
22634073ns          395437 1c009ad0 01c30313 addi             x6, x6, 28           x6=1c00001c  x6:1c000000
22634113ns          395439 1c009ad4 00000893 addi             x17, x0, 0          x17=00000000
22634132ns          395440 1c009ad8 1c0003b7 lui              x7, 0x1c000000       x7=1c000000
22634152ns          395441 1c009adc 00032303 lw               x6, 0(x6)            x6=00800000  x6:1c00001c  PA:1c00001c
22634510ns          395459 1c009ae0 04c38393 addi             x7, x7, 76           x7=1c00004c  x7:1c000000
22634530ns          395460 1c009ae4 19037653 fdiv.s           f12, f6, f16        f12=xxxxxxxx  f6:00800000 f16:42824727
22635008ns          395484 1c009ae8 111678d3 fmul.s           f17, f12, f17       f17=xxxxxxxx f12:0001f70c f17:00000000
22635028ns          395485 1c009aec 0003a383 lw               x7, 0(x7)            x7=3f800000  x7:1c00004c  PA:1c00004c
22635346ns          395501 1c009af0 38c8f8c3 fmadd.s          f17, f17, f12, f7   f17=xxxxxxxx f17:00000000 f12:0001f70c  f7:3f800000
22635366ns          395502 1c009af4 ed4ff06f jal              x0, -2348          
22635405ns          395504 1c0091c8 08c12603 lw               x12, 140(x2)        x12=b73e0ec5  x2:10001df8  PA:10001e84
22635425ns          395505 1c0091ca 00000313 addi             x6, x0, 0            x6=00000000
22635485ns          395508 1c0091ce a0661353 flt.s            x6, f12, f6          x6=00000001 f12:b73e0ec5  f6:00000000
22635525ns          395510 1c0091d2 00030463 beq              x6, x0, 8            x6:00000001
22635545ns          395511 1c0091d6 20c61653 fsgnjn.s         f12, f12, f12       f12=xxxxxxxx f12:b73e0ec5 f12:b73e0ec5
22635565ns          395512 1c0091da a0c81353 flt.s            x6, f16, f12         x6=00000000 f16:42824727 f12:373e0ec5
22635624ns          395515 1c0091de 10030de3 beq              x6, x0, 2330         x6:00000000
22635684ns          395518 1c009af8 19067653 fdiv.s           f12, f12, f16       f12=xxxxxxxx f12:373e0ec5 f16:42824727
22636678ns          395568 1c009afc 88c678c3 fmadd.s          f17, f12, f12, f17  f17=xxxxxxxx f12:343abc08 f12:343abc08 f17:3f800000
22636698ns          395569 1c009b00 01000633 add              x12, x0, x16        x12=42824727 x16:42824727
22636718ns          395570 1c009b02 ef8ff06f jal              x0, -2312          
22636838ns          395576 1c0091fa 5808f853 fsqrt.s          f16, f17            f16=xxxxxxxx f17:3f800000
22637235ns          395596 1c0091fe 10c87653 fmul.s           f12, f16, f12       f12=xxxxxxxx f16:3f800000 f12:42824727
22637255ns          395597 1c009202 00300893 addi             x17, x0, 3          x17=00000003
22637275ns          395598 1c009204 00200e93 addi             x29, x0, 2          x29=00000002
22637295ns          395599 1c009206 00000813 addi             x16, x0, 0          x16=00000000
22637315ns          395600 1c00920a a1062353 feq.s            x6, f12, f16         x6=00000000 f12:42824727 f16:00000000
22637335ns          395601 1c00920e 040318e3 bne              x6, x0, 2128         x6:00000000
22637355ns          395602 1c009212 a1051853 flt.s            x16, f10, f16       x16=00000000 f10:428973d8 f16:00000000
22637375ns          395603 1c009216 180812e3 bne              x16, x0, 2436       x16:00000000
22637395ns          395604 1c00921a 00a00833 add              x16, x0, x10        x16=428973d8 x10:428973d8
22637414ns          395605 1c00921c 00000313 addi             x6, x0, 0            x6=00000000
22637434ns          395606 1c009220 a0661353 flt.s            x6, f12, f6          x6=00000000 f12:42824727  f6:00000000
22637474ns          395608 1c009224 00030463 beq              x6, x0, 8            x6:00000000
22637534ns          395611 1c00922c a0c81353 flt.s            x6, f16, f12         x6=00000000 f16:428973d8 f12:42824727
22637593ns          395614 1c009230 12031ce3 bne              x6, x0, 2360         x6:00000000
22637633ns          395616 1c009234 a1061353 flt.s            x6, f12, f16         x6=00000001 f12:42824727 f16:428973d8
22637653ns          395617 1c009238 18031fe3 bne              x6, x0, 2462         x6:00000001
22637852ns          395627 1c009bd6 1c000337 lui              x6, 0x1c000000       x6=1c000000
22637872ns          395628 1c009bda 04c30313 addi             x6, x6, 76           x6=1c00004c  x6:1c000000
22637932ns          395631 1c009bde 00032303 lw               x6, 0(x6)            x6=3f800000  x6:1c00004c  PA:1c00004c
22638270ns          395648 1c009be2 19067653 fdiv.s           f12, f12, f16       f12=xxxxxxxx f12:42824727 f16:428973d8
22638906ns          395680 1c009be6 30c67643 fmadd.s          f12, f12, f12, f6   f12=xxxxxxxx f12:3f72a33c f12:3f72a33c  f6:3f800000
22638926ns          395681 1c009bea 58067653 fsqrt.s          f12, f12            f12=xxxxxxxx f12:3ff2fc83
22639205ns          395695 1c009bee 10c87653 fmul.s           f12, f16, f12       f12=xxxxxxxx f16:428973d8 f12:3fb05bbb
22639224ns          395696 1c009bf2 e62ff06f jal              x0, -2462          
22639304ns          395700 1c009254 00000813 addi             x16, x0, 0          x16=00000000
22639344ns          395702 1c009258 a0a80853 fle.s            x16, f16, f10       x16=00000001 f16:00000000 f10:428973d8
22639364ns          395703 1c00925c 00080463 beq              x16, x0, 8          x16:00000001
22639423ns          395706 1c009260 20c61653 fsgnjn.s         f12, f12, f12       f12=xxxxxxxx f12:42bd61ca f12:42bd61ca
22639463ns          395708 1c009264 00000813 addi             x16, x0, 0          x16=00000000
22639483ns          395709 1c009268 a1061853 flt.s            x16, f12, f16       x16=00000001 f12:c2bd61ca f16:00000000
22639503ns          395710 1c00926c 12081be3 bne              x16, x0, 2358       x16:00000001
22639622ns          395716 1c009ba2 20c61853 fsgnjn.s         f16, f12, f12       f16=xxxxxxxx f12:c2bd61ca f12:c2bd61ca
22639642ns          395717 1c009ba6 eccff06f jal              x0, -2356          
22639702ns          395720 1c009272 1c0004b7 lui              x9, 0x1c000000       x9=1c000000
22639722ns          395721 1c009276 03048493 addi             x9, x9, 48           x9=1c000030  x9:1c000000
22639742ns          395722 1c00927a 0004a483 lw               x9, 0(x9)            x9=0c000000  x9:1c000030  PA:1c000030
22640060ns          395738 1c00927c a0981853 flt.s            x16, f16, f9        x16=00000000 f16:42bd61ca  f9:0c000000
22640080ns          395739 1c009280 0a080ce3 beq              x16, x0, 2232       x16:00000000
22640179ns          395744 1c009b38 1c000337 lui              x6, 0x1c000000       x6=1c000000
22640219ns          395746 1c009b3c 04c32803 lw               x16, 76(x6)         x16=3f800000  x6:1c000000  PA:1c00004c
22640557ns          395763 1c009b40 08c57353 fsub.s           f6, f10, f12         f6=xxxxxxxx f10:428973d8 f12:c2bd61ca
22640577ns          395764 1c009b44 18687853 fdiv.s           f16, f16, f6        f16=xxxxxxxx f16:3f800000  f6:43236ad1  PA:10001e80
22640935ns          395782 1c009b48 08812303 lw               x6, 136(x2)          x6=xxxxxxxx  x2:10001df8
22640955ns          395783 1c009b4a 08a679d3 fsub.s           f19, f12, f10       f19=xxxxxxxx f12:c2bd61ca f10:428973d8
22641214ns          395796 1c009b4e 11037353 fmul.s           f6, f6, f16          f6=xxxxxxxx  f6:c2824727 f16:3bc88473
22641233ns          395797 1c009b52 18c9f9d3 fdiv.s           f19, f19, f12       f19=xxxxxxxx f19:c3236ad1 f12:c2bd61ca  PA:10001e80
22641253ns          395798 1c009b56 08612423 sw               x6, 136(x2)          x6:becc15fb  x2:10001df8
22641273ns          395799 1c009b58 0038b663 p.bneimm         x17, 12             x17:00000003  PA:10001e84
22641293ns          395800 1c009b5c 08c12503 lw               x10, 140(x2)        x10=xxxxxxxx  x2:10001df8
22641333ns          395802 1c009b5e 11057853 fmul.s           f16, f10, f16       f16=xxxxxxxx f10:b73e0ec5 f16:3bc88473
22641532ns          395812 1c009b62 09012623 sw               x16, 140(x2)        x16:b394dddf  x2:10001df8  PA:10001e84
22641552ns          395813 1c009b64 00c00533 add              x10, x0, x12        x10=c2bd61ca x12:c2bd61ca
22641572ns          395814 1c009b66 87fff06f jal              x0, -1922          
22641651ns          395818 1c0093e4 08a12223 sw               x10, 132(x2)        x10:c2bd61ca  x2:10001df8  PA:10001e7c
22641691ns          395820 1c0093e6 4cbcd763 bge              x25, x11, 1230      x25:00000001 x11:00000003
22641711ns          395821 1c0093ea 00a6a023 sw               x10, 0(x13)         x10:c2bd61ca x13:10001f0c  PA:10001f0c
22641731ns          395822 1c0093ec 0006a223 sw               x0, 4(x13)          x13:10001f0c  PA:10001f10
22641770ns          395824 1c0093f0 01b5d463 bge              x11, x27, 8         x11:00000003 x27:00000004
22641810ns          395826 1c0093f4 0006a423 sw               x0, 8(x13)          x13:10001f0c  PA:10001f14
22641830ns          395827 1c0093f8 08812b83 lw               x23, 136(x2)        x23=becc15fb  x2:10001df8  PA:10001e80
22641870ns          395829 1c0093fa 1179fb53 fmul.s           f22, f19, f23       f22=xxxxxxxx f19:3fdce6da f23:becc15fb
22641910ns          395831 1c0093fe 4c38bd63 p.bneimm         x17, 1242           x17:00000003
22641949ns          395833 1c009402 01468313 addi             x6, x13, 20          x6=10001f20 x13:10001f0c
22641969ns          395834 1c009406 406a08b3 sub              x17, x20, x6        x17=0000003c x20:10001f5c  x6:10001f20
22641989ns          395835 1c00940a 08c12d03 lw               x26, 140(x2)        x26=b394dddf  x2:10001df8  PA:10001e84
22642009ns          395836 1c00940c fec88893 addi             x17, x17, -20       x17=00000028 x17:0000003c
22642049ns          395838 1c00940e 0cccd637 lui              x12, 0xcccd000      x12=0cccd000
22642089ns          395840 1c009412 0028d893 srli             x17, x17, 0x2       x17=0000000a x17:00000028
22642109ns          395841 1c009416 ccd60613 addi             x12, x12, -819      x12=0ccccccd x12:0cccd000
22642129ns          395842 1c00941a 02c888b3 mul              x17, x17, x12       x17=80000002 x17:0000000a x12:0ccccccd
22642188ns          395845 1c00941e 113d7ad3 fmul.s           f21, f26, f19       f21=xxxxxxxx f26:b394dddf f19:3fdce6da
22642208ns          395846 1c009422 01868693 addi             x13, x13, 24        x13=10001f24 x13:10001f0c
22642228ns          395847 1c009424 c3e8b8b3 p.bclr           x17, x17, 1, 30     x17=00000002 x17:80000002
22642248ns          395848 1c009428 02d12423 sw               x13, 40(x2)         x13:10001f24  x2:10001df8  PA:10001e20
22642268ns          395849 1c00942a 00d00533 add              x10, x0, x13        x10=10001f24 x13:10001f24
22642288ns          395850 1c00942c 00188893 addi             x17, x17, 1         x17=00000003 x17:00000002
22642327ns          395852 1c00942e 0168c0fb lp.setup         0x1, x17, 0x16      x17:00000003
22642347ns          395853 1c009432 00052603 lw               x12, 0(x10)         x12=43f08fbe x10:10001f24  PA:10001f24
22642367ns          395854 1c009434 00032803 lw               x16, 0(x6)          x16=44034aa5  x6:10001f20  PA:10001f20
22642387ns          395855 1c009438 00452e03 lw               x28, 4(x10)         x28=b5501778 x10:10001f24  PA:10001f28
22642407ns          395856 1c00943c 817676c3 fmadd.s          f13, f12, f23, f16  f13=xxxxxxxx f12:43f08fbe f23:becc15fb f16:44034aa5
22642487ns          395860 1c009440 01450513 addi             x10, x10, 20        x10=10001f38 x10:10001f24
22642526ns          395862 1c009442 69cd76c3 fmadd.s          f13, f26, f28, f13  f13=xxxxxxxx f26:b394dddf f28:b5501778 f13:43a6b1b0
22642546ns          395863 1c009446 8136f84b fnmsub.s         f16, f13, f19, f16  f16=xxxxxxxx f13:43a6b1b0 f19:3fdce6da f16:44034aa5
22642566ns          395864 1c00944a 6166f64b fnmsub.s         f12, f13, f22, f12  f12=xxxxxxxx f13:43a6b1b0 f22:bf301aed f12:43f08fbe
22642626ns          395867 1c00944e e0daf6cb fnmsub.s         f13, f21, f13, f28  f13=xxxxxxxx f21:b40074ea f13:43a6b1b0 f28:b5501778
22642666ns          395869 1c009452 01032a2b p.sw             x16, 20(x6!)         x6=10001f34 x16:c248c5fd  x6:10001f20  PA:10001f20
22642685ns          395870 1c009456 fec52623 sw               x12, -20(x10)       x12:44319db8 x10:10001f38  PA:10001f24
22642705ns          395871 1c00945a fed52823 sw               x13, -16(x10)       x13:38240994 x10:10001f38  PA:10001f28
22642725ns          395872 1c009432 00052603 lw               x12, 0(x10)         x12=440c39f9 x10:10001f38  PA:10001f38
22642745ns          395873 1c009434 00032803 lw               x16, 0(x6)          x16=43f08fc1  x6:10001f34  PA:10001f34
22642765ns          395874 1c009438 00452e03 lw               x28, 4(x10)         x28=b9545ccd x10:10001f38  PA:10001f3c
22642785ns          395875 1c00943c 817676c3 fmadd.s          f13, f12, f23, f16  f13=xxxxxxxx f12:440c39f9 f23:becc15fb f16:43f08fc1
22642805ns          395876 1c009440 01450513 addi             x10, x10, 20        x10=10001f4c x10:10001f38
22642825ns          395877 1c009442 69cd76c3 fmadd.s          f13, f26, f28, f13  f13=xxxxxxxx f26:b394dddf f28:b9545ccd f13:4380c584
22642845ns          395878 1c009446 8136f84b fnmsub.s         f16, f13, f19, f16  f16=xxxxxxxx f13:4380c584 f19:3fdce6da f16:43f08fc1
22642864ns          395879 1c00944a 6166f64b fnmsub.s         f12, f13, f22, f12  f12=xxxxxxxx f13:4380c584 f22:bf301aed f12:440c39f9
22642884ns          395880 1c00944e e0daf6cb fnmsub.s         f13, f21, f13, f28  f13=xxxxxxxx f21:b40074ea f13:4380c584 f28:b9545ccd
22642904ns          395881 1c009452 01032a2b p.sw             x16, 20(x6!)         x6=10001f48 x16:4212a03f  x6:10001f34  PA:10001f34
22642924ns          395882 1c009456 fec52623 sw               x12, -20(x10)       x12:443884a4 x10:10001f4c  PA:10001f38
22642944ns          395883 1c00945a fed52823 sw               x13, -16(x10)       x13:b9340e04 x10:10001f4c  PA:10001f3c
22642964ns          395884 1c009432 00052603 lw               x12, 0(x10)         x12=b91c57d5 x10:10001f4c  PA:10001f4c
22642984ns          395885 1c009434 00032803 lw               x16, 0(x6)          x16=b89e4e90  x6:10001f48  PA:10001f48
22643004ns          395886 1c009438 00452e03 lw               x28, 4(x10)         x28=448c5e80 x10:10001f4c  PA:10001f50
22643024ns          395887 1c00943c 817676c3 fmadd.s          f13, f12, f23, f16  f13=xxxxxxxx f12:b91c57d5 f23:becc15fb f16:b89e4e90
22643043ns          395888 1c009440 01450513 addi             x10, x10, 20        x10=10001f60 x10:10001f4c
22643063ns          395889 1c009442 69cd76c3 fmadd.s          f13, f26, f28, f13  f13=xxxxxxxx f26:b394dddf f28:448c5e80 f13:b786ac97
22643083ns          395890 1c009446 8136f84b fnmsub.s         f16, f13, f19, f16  f16=xxxxxxxx f13:b8c4ebb9 f19:3fdce6da f16:b89e4e90
22643103ns          395891 1c00944a 6166f64b fnmsub.s         f12, f13, f22, f12  f12=xxxxxxxx f13:b8c4ebb9 f22:bf301aed f12:b91c57d5
22643123ns          395892 1c00944e e0daf6cb fnmsub.s         f13, f21, f13, f28  f13=xxxxxxxx f21:b40074ea f13:b8c4ebb9 f28:448c5e80
22643143ns          395893 1c009452 01032a2b p.sw             x16, 20(x6!)         x6=10001f5c x16:38b589bd  x6:10001f48  PA:10001f48
22643163ns          395894 1c009456 fec52623 sw               x12, -20(x10)       x12:b9601338 x10:10001f60  PA:10001f4c
22643183ns          395895 1c00945a fed52823 sw               x13, -16(x10)       x13:448c5e80 x10:10001f60  PA:10001f50
22643242ns          395898 1c00945e 00158513 addi             x10, x11, 1         x10=00000004 x11:00000003
22643262ns          395899 1c009462 02a12023 sw               x10, 32(x2)         x10:00000004  x2:10001df8  PA:10001e18
22643282ns          395900 1c009464 73b55263 bge              x10, x27, 1828      x10:00000004 x27:00000004
22643382ns          395905 1c009b88 ffbc0913 addi             x18, x24, -5        x18=0000000a x24:0000000f
22643421ns          395907 1c009b8c 005c0613 addi             x12, x24, 5         x12=00000014 x24:0000000f
22643501ns          395911 1c009b90 be0dcce3 blt              x27, x0, -1032      x27:00000004
22643541ns          395913 1c009b94 01b005b3 add              x11, x0, x27        x11=00000004 x27:00000004
22643561ns          395914 1c009b96 00000693 addi             x13, x0, 0          x13=00000000
22643581ns          395915 1c009b98 9b5ff06f jal              x0, -1612          
22643660ns          395919 1c00954c 01812803 lw               x16, 24(x2)         x16=10001ef0  x2:10001df8  PA:10001e10
22643740ns          395923 1c00954e 00d90333 add              x6, x18, x13         x6=0000000a x18:0000000a x13:00000000
22643779ns          395925 1c009552 00dc08b3 add              x17, x24, x13       x17=0000000f x24:0000000f x13:00000000
22643799ns          395926 1c009556 00231313 slli             x6, x6, 0x2          x6=00000028  x6:0000000a
22643819ns          395927 1c009558 00289893 slli             x17, x17, 0x2       x17=0000003c x17:0000000f
22643839ns          395928 1c00955a 01030333 add              x6, x6, x16          x6=10001f18  x6:00000028 x16:10001ef0
22643859ns          395929 1c00955c 010888b3 add              x17, x17, x16       x17=10001f2c x17:0000003c x16:10001ef0
22643879ns          395930 1c00955e 00032e83 lw               x29, 0(x6)          x29=b8b1c4c0  x6:10001f18  PA:10001f18
22643919ns          395932 1c009562 0008a803 lw               x16, 0(x17)         x16=b895f88e x17:10001f2c  PA:10001f2c
22643939ns          395933 1c009566 00d60e33 add              x28, x12, x13       x28=00000014 x12:00000014 x13:00000000
22643958ns          395934 1c00956a 01812283 lw               x5, 24(x2)           x5=10001ef0  x2:10001df8  PA:10001e10
22643978ns          395935 1c00956c 002e1e13 slli             x28, x28, 0x2       x28=00000050 x28:00000014
22643998ns          395936 1c00956e 005e0e33 add              x28, x28, x5        x28=10001f40 x28:00000050  x5:10001ef0
22644018ns          395937 1c009570 e90bf843 fmadd.s          f16, f23, f16, f29  f16=xxxxxxxx f23:becc15fb f16:b895f88e f29:b8b1c4c0
22644058ns          395939 1c009574 000e2f03 lw               x30, 0(x28)         x30=378579b9 x28:10001f40  PA:10001f40
22644078ns          395940 1c009578 00168513 addi             x10, x13, 1         x10=00000001 x13:00000000
22644098ns          395941 1c00957c 81ed7843 fmadd.s          f16, f26, f30, f16  f16=xxxxxxxx f26:b394dddf f30:378579b9 f16:b86bfa8e
22644157ns          395944 1c009580 e909fecb fnmsub.s         f29, f19, f16, f29  f29=xxxxxxxx f19:3fdce6da f16:b86bfa8e f29:b8b1c4c0
22644197ns          395946 1c009584 01d32023 sw               x29, 0(x6)          x29:374edaf1  x6:10001f18  PA:10001f18
22644217ns          395947 1c009588 0008a303 lw               x6, 0(x17)           x6=b895f88e x17:10001f2c  PA:10001f2c
22644257ns          395949 1c00958c 310b734b fnmsub.s         f6, f22, f16, f6     f6=xxxxxxxx f22:bf301aed f16:b86bfa8e  f6:b895f88e
22644297ns          395951 1c009590 0068a023 sw               x6, 0(x17)           x6:b8e72318 x17:10001f2c  PA:10001f2c
22644336ns          395953 1c009594 000e2f03 lw               x30, 0(x28)         x30=378579b9 x28:10001f40  PA:10001f40
22644376ns          395955 1c009598 f10af84b fnmsub.s         f16, f21, f16, f30  f16=xxxxxxxx f21:b40074ea f16:b86bfa8e f30:378579b9
22644396ns          395956 1c00959c 010e2023 sw               x16, 0(x28)         x16:378579b5 x28:10001f40  PA:10001f40
22644436ns          395958 1c0095a0 1ea5c463 blt              x11, x10, 488       x11:00000004 x10:00000001
22644476ns          395960 1c0095a4 01250e33 add              x28, x10, x18       x28=0000000b x10:00000001 x18:0000000a
22644496ns          395961 1c0095a8 01850333 add              x6, x10, x24         x6=00000010 x10:00000001 x24:0000000f
22644515ns          395962 1c0095ac 002e1e13 slli             x28, x28, 0x2       x28=0000002c x28:0000000b
22644535ns          395963 1c0095ae 00231313 slli             x6, x6, 0x2          x6=00000040  x6:00000010
22644555ns          395964 1c0095b0 00530333 add              x6, x6, x5           x6=10001f30  x6:00000040  x5:10001ef0
22644575ns          395965 1c0095b2 005e0e33 add              x28, x28, x5        x28=10001f1c x28:0000002c  x5:10001ef0
22644595ns          395966 1c0095b4 000e2e83 lw               x29, 0(x28)         x29=428973db x28:10001f1c  PA:10001f1c
22644615ns          395967 1c0095b8 00032883 lw               x17, 0(x6)          x17=c2824728  x6:10001f30  PA:10001f30
22644635ns          395968 1c0095bc 00c50533 add              x10, x10, x12       x10=00000015 x10:00000001 x12:00000014
22644655ns          395969 1c0095be 00251513 slli             x10, x10, 0x2       x10=00000054 x10:00000015
22644675ns          395970 1c0095c0 00550533 add              x10, x10, x5        x10=10001f44 x10:00000054  x5:10001ef0
22644694ns          395971 1c0095c2 e91bf8c3 fmadd.s          f17, f23, f17, f29  f17=xxxxxxxx f23:becc15fb f17:c2824728 f29:428973db
22644714ns          395972 1c0095c6 00052f03 lw               x30, 0(x10)         x30=3632486e x10:10001f44  PA:10001f44
22644734ns          395973 1c0095ca 00268813 addi             x16, x13, 2         x16=00000002 x13:00000000
22644794ns          395976 1c0095ce 89ed78c3 fmadd.s          f17, f26, f30, f17  f17=xxxxxxxx f26:b394dddf f30:3632486e f17:42bd61cd
22644834ns          395978 1c0095d2 e919fecb fnmsub.s         f29, f19, f17, f29  f29=xxxxxxxx f19:3fdce6da f17:42bd61cd f29:428973db
22644854ns          395979 1c0095d6 01de2023 sw               x29, 0(x28)         x29:c2bd61cc x28:10001f1c  PA:10001f1c
22644873ns          395980 1c0095da 00032e03 lw               x28, 0(x6)          x28=c2824728  x6:10001f30  PA:10001f30
22644933ns          395983 1c0095de e11b7e4b fnmsub.s         f28, f22, f17, f28  f28=xxxxxxxx f22:bf301aed f17:42bd61cd f28:c2824728
22644973ns          395985 1c0095e2 01c32023 sw               x28, 0(x6)          x28:35c97324  x6:10001f30  PA:10001f30
22644993ns          395986 1c0095e6 00052f03 lw               x30, 0(x10)         x30=3632486e x10:10001f44  PA:10001f44
22645033ns          395988 1c0095ea f11af8cb fnmsub.s         f17, f21, f17, f30  f17=xxxxxxxx f21:b40074ea f17:42bd61cd f30:3632486e
22645072ns          395990 1c0095ee 01152023 sw               x17, 0(x10)         x17:376aa0e3 x10:10001f44  PA:10001f44
22645112ns          395992 1c0095f2 1905cb63 blt              x11, x16, 406       x11:00000004 x16:00000002
22645132ns          395993 1c0095f6 01280e33 add              x28, x16, x18       x28=0000000c x16:00000002 x18:0000000a
22645152ns          395994 1c0095fa 01880333 add              x6, x16, x24         x6=00000011 x16:00000002 x24:0000000f
22645172ns          395995 1c0095fe 002e1e13 slli             x28, x28, 0x2       x28=00000030 x28:0000000c
22645212ns          395997 1c009600 00231313 slli             x6, x6, 0x2          x6=00000044  x6:00000011
22645231ns          395998 1c009602 00530333 add              x6, x6, x5           x6=10001f34  x6:00000044  x5:10001ef0
22645251ns          395999 1c009604 005e0e33 add              x28, x28, x5        x28=10001f20 x28:00000030  x5:10001ef0
22645271ns          396000 1c009606 000e2e83 lw               x29, 0(x28)         x29=c248c5fd x28:10001f20  PA:10001f20
22645291ns          396001 1c00960a 00032883 lw               x17, 0(x6)          x17=4212a03f  x6:10001f34  PA:10001f34
22645351ns          396004 1c00960e 00c80533 add              x10, x16, x12       x10=00000016 x16:00000002 x12:00000014
22645371ns          396005 1c009612 00251513 slli             x10, x10, 0x2       x10=00000058 x10:00000016
22645391ns          396006 1c009614 00550533 add              x10, x10, x5        x10=10001f48 x10:00000058  x5:10001ef0
22645410ns          396007 1c009616 e91bf8c3 fmadd.s          f17, f23, f17, f29  f17=xxxxxxxx f23:becc15fb f17:4212a03f f29:c248c5fd
22645430ns          396008 1c00961a 00052f03 lw               x30, 0(x10)         x30=38b589bd x10:10001f48  PA:10001f48
22645490ns          396011 1c00961e 00368813 addi             x16, x13, 3         x16=00000003 x13:00000000
22645530ns          396013 1c009622 89ed78c3 fmadd.s          f17, f26, f30, f17  f17=xxxxxxxx f26:b394dddf f30:38b589bd f17:c2819c11
22645550ns          396014 1c009626 e919fecb fnmsub.s         f29, f19, f17, f29  f29=xxxxxxxx f19:3fdce6da f17:c2819c11 f29:c248c5fd
22645570ns          396015 1c00962a 01de2023 sw               x29, 0(x28)         x29:42769600 x28:10001f20  PA:10001f20
22645629ns          396018 1c00962e 00032e03 lw               x28, 0(x6)          x28=4212a03f  x6:10001f34  PA:10001f34
22645669ns          396020 1c009632 e11b7e4b fnmsub.s         f28, f22, f17, f28  f28=xxxxxxxx f22:bf301aed f17:c2819c11 f28:4212a03f
22645689ns          396021 1c009636 01c32023 sw               x28, 0(x6)          x28:c0fd8ce0  x6:10001f34  PA:10001f34
22645709ns          396022 1c00963a 00052f03 lw               x30, 0(x10)         x30=38b589bd x10:10001f48  PA:10001f48
22645769ns          396025 1c00963e f11af8cb fnmsub.s         f17, f21, f17, f30  f17=xxxxxxxx f21:b40074ea f17:c2819c11 f30:38b589bd
22645808ns          396027 1c009642 01152023 sw               x17, 0(x10)         x17:38a5476f x10:10001f48  PA:10001f48
22645828ns          396028 1c009646 1505c163 blt              x11, x16, 322       x11:00000004 x16:00000003
22645848ns          396029 1c00964a 01280e33 add              x28, x16, x18       x28=0000000d x16:00000003 x18:0000000a
22645908ns          396032 1c00964e 01880333 add              x6, x16, x24         x6=00000012 x16:00000003 x24:0000000f
22645928ns          396033 1c009652 002e1e13 slli             x28, x28, 0x2       x28=00000034 x28:0000000d
22645948ns          396034 1c009654 00231313 slli             x6, x6, 0x2          x6=00000048  x6:00000012
22645967ns          396035 1c009656 00530333 add              x6, x6, x5           x6=10001f38  x6:00000048  x5:10001ef0
22645987ns          396036 1c009658 005e0e33 add              x28, x28, x5        x28=10001f24 x28:00000034  x5:10001ef0
22646007ns          396037 1c00965a 000e2e83 lw               x29, 0(x28)         x29=44319db8 x28:10001f24  PA:10001f24
22646047ns          396039 1c00965e 00032883 lw               x17, 0(x6)          x17=443884a4  x6:10001f38  PA:10001f38
22646087ns          396041 1c009662 00c80533 add              x10, x16, x12       x10=00000017 x16:00000003 x12:00000014
22646107ns          396042 1c009666 00251513 slli             x10, x10, 0x2       x10=0000005c x10:00000017
22646127ns          396043 1c009668 00550533 add              x10, x10, x5        x10=10001f4c x10:0000005c  x5:10001ef0
22646146ns          396044 1c00966a e91bf8c3 fmadd.s          f17, f23, f17, f29  f17=xxxxxxxx f23:becc15fb f17:443884a4 f29:44319db8
22646186ns          396046 1c00966e 00052f03 lw               x30, 0(x10)         x30=b9601338 x10:10001f4c  PA:10001f4c
22646226ns          396048 1c009672 00468813 addi             x16, x13, 4         x16=00000004 x13:00000000
22646246ns          396049 1c009676 89ed78c3 fmadd.s          f17, f26, f30, f17  f17=xxxxxxxx f26:b394dddf f30:b9601338 f17:43d021e6
22646266ns          396050 1c00967a e919fecb fnmsub.s         f29, f19, f17, f29  f29=xxxxxxxx f19:3fdce6da f17:43d021e6 f29:44319db8
22646325ns          396053 1c00967e 01de2023 sw               x29, 0(x28)         x29:c0fd8cad x28:10001f24  PA:10001f24
22646365ns          396055 1c009682 00032e03 lw               x28, 0(x6)          x28=443884a4  x6:10001f38  PA:10001f38
22646405ns          396057 1c009686 e11b7e4b fnmsub.s         f28, f22, f17, f28  f28=xxxxxxxx f22:bf301aed f17:43d021e6 f28:443884a4
22646425ns          396058 1c00968a 01c32023 sw               x28, 0(x6)          x28:44800d9f  x6:10001f38  PA:10001f38
22646465ns          396060 1c00968e 00052f03 lw               x30, 0(x10)         x30=b9601338 x10:10001f4c  PA:10001f4c
22646504ns          396062 1c009692 f11af8cb fnmsub.s         f17, f21, f17, f30  f17=xxxxxxxx f21:b40074ea f17:43d021e6 f30:b9601338
22646524ns          396063 1c009696 01152023 sw               x17, 0(x10)         x17:b92bdb38 x10:10001f4c  PA:10001f4c
22646544ns          396064 1c00969a 0f05c763 blt              x11, x16, 238       x11:00000004 x16:00000004
22646604ns          396067 1c00969e 01280e33 add              x28, x16, x18       x28=0000000e x16:00000004 x18:0000000a
22646644ns          396069 1c0096a2 01880333 add              x6, x16, x24         x6=00000013 x16:00000004 x24:0000000f
22646664ns          396070 1c0096a6 002e1e13 slli             x28, x28, 0x2       x28=00000038 x28:0000000e
22646683ns          396071 1c0096a8 00231313 slli             x6, x6, 0x2          x6=0000004c  x6:00000013
22646703ns          396072 1c0096aa 00530333 add              x6, x6, x5           x6=10001f3c  x6:0000004c  x5:10001ef0
22646723ns          396073 1c0096ac 005e0e33 add              x28, x28, x5        x28=10001f28 x28:00000038  x5:10001ef0
22646743ns          396074 1c0096ae 000e2e83 lw               x29, 0(x28)         x29=38240994 x28:10001f28  PA:10001f28
22646783ns          396076 1c0096b2 00032883 lw               x17, 0(x6)          x17=b9340e04  x6:10001f3c  PA:10001f3c
22646803ns          396077 1c0096b6 00c80533 add              x10, x16, x12       x10=00000018 x16:00000004 x12:00000014
22646823ns          396078 1c0096ba 00251513 slli             x10, x10, 0x2       x10=00000060 x10:00000018
22646843ns          396079 1c0096bc 00550533 add              x10, x10, x5        x10=10001f50 x10:00000060  x5:10001ef0
22646882ns          396081 1c0096be e91bf8c3 fmadd.s          f17, f23, f17, f29  f17=xxxxxxxx f23:becc15fb f17:b9340e04 f29:38240994
22646922ns          396083 1c0096c2 00052f03 lw               x30, 0(x10)         x30=448c5e80 x10:10001f50  PA:10001f50
22646942ns          396084 1c0096c6 00568813 addi             x16, x13, 5         x16=00000005 x13:00000000
22646962ns          396085 1c0096ca 89ed78c3 fmadd.s          f17, f26, f30, f17  f17=xxxxxxxx f26:b394dddf f30:448c5e80 f17:38e18f6b
22647022ns          396088 1c0096ce e919fecb fnmsub.s         f29, f19, f17, f29  f29=xxxxxxxx f19:3fdce6da f17:37f93b5d f29:38240994
22647061ns          396090 1c0096d2 01de2023 sw               x29, 0(x28)         x29:b74c18be x28:10001f28  PA:10001f28
22647081ns          396091 1c0096d6 00032e03 lw               x28, 0(x6)          x28=b9340e04  x6:10001f3c  PA:10001f3c
22647121ns          396093 1c0096da e11b7e4b fnmsub.s         f28, f22, f17, f28  f28=xxxxxxxx f22:bf301aed f17:37f93b5d f28:b9340e04
22647161ns          396095 1c0096de 01c32023 sw               x28, 0(x6)          x28:b91e9fa3  x6:10001f3c  PA:10001f3c
22647201ns          396097 1c0096e2 00052f03 lw               x30, 0(x10)         x30=448c5e80 x10:10001f50  PA:10001f50
22647240ns          396099 1c0096e6 f11af8cb fnmsub.s         f17, f21, f17, f30  f17=xxxxxxxx f21:b40074ea f17:37f93b5d f30:448c5e80
22647260ns          396100 1c0096ea 01152023 sw               x17, 0(x10)         x17:448c5e80 x10:10001f50  PA:10001f50
22647300ns          396102 1c0096ee 0905cd63 blt              x11, x16, 154       x11:00000004 x16:00000005
22647400ns          396107 1c009788 ff072383 lw               x7, -16(x14)         x7=be4ed1d4 x14:10001f90  PA:10001f80
22647439ns          396109 1c00978c 00472283 lw               x5, 4(x14)           x5=be7d55b5 x14:10001f90  PA:10001f94
22647459ns          396110 1c009790 fec72483 lw               x9, -20(x14)         x9=beeb9f52 x14:10001f90  PA:10001f7c
22647479ns          396111 1c009794 00072403 lw               x8, 0(x14)           x8=beb27b27 x14:10001f90  PA:10001f90
22647499ns          396112 1c009796 ffc72c03 lw               x24, -4(x14)        x24=bdc601f5 x14:10001f90  PA:10001f8c
22647519ns          396113 1c00979a 01072883 lw               x17, 16(x14)        x17=3f5a17b0 x14:10001f90  PA:10001fa0
22647579ns          396116 1c00979e ff472f03 lw               x30, -12(x14)       x30=3f520568 x14:10001f90  PA:10001f84
22647618ns          396118 1c0097a2 00872e83 lw               x29, 8(x14)         x29=bd836a32 x14:10001f90  PA:10001f98
22647638ns          396119 1c0097a6 3972f543 fmadd.s          f10, f5, f23, f7    f10=xxxxxxxx  f5:be7d55b5 f23:becc15fb  f7:be4ed1d4
22647658ns          396120 1c0097aa 49747843 fmadd.s          f16, f8, f23, f9    f16=xxxxxxxx  f8:beb27b27 f23:becc15fb  f9:beeb9f52
22647678ns          396121 1c0097ae c178f943 fmadd.s          f18, f17, f23, f24  f18=xxxxxxxx f17:3f5a17b0 f23:becc15fb f24:bdc601f5
22647698ns          396122 1c0097b2 01872c03 lw               x24, 24(x14)        x24=be056209 x14:10001f90  PA:10001fa8
22647718ns          396123 1c0097b6 01472883 lw               x17, 20(x14)        x17=3cca2f9a x14:10001f90  PA:10001fa4
22647738ns          396124 1c0097ba ff872e03 lw               x28, -8(x14)        x28=be82900a x14:10001f90  PA:10001f88
22647797ns          396127 1c0097be 00c72303 lw               x6, 12(x14)          x6=3e9759e8 x14:10001f90  PA:10001f9c
22647837ns          396129 1c0097c2 f17ef5c3 fmadd.s          f11, f29, f23, f30  f11=xxxxxxxx f29:bd836a32 f23:becc15fb f30:3f520568
22647857ns          396130 1c0097c6 518d7543 fmadd.s          f10, f26, f24, f10  f10=xxxxxxxx f26:b394dddf f24:be056209 f10:bdd3ad9b
22647877ns          396131 1c0097ca 01c72c03 lw               x24, 28(x14)        x24=be8aa5da x14:10001f90  PA:10001fac
22647937ns          396134 1c0097ce 811d7843 fmadd.s          f16, f26, f17, f16  f16=xxxxxxxx f26:b394dddf f17:3cca2f9a f16:bea47a97
22647976ns          396136 1c0097d2 e17376c3 fmadd.s          f13, f6, f23, f28   f13=xxxxxxxx  f6:3e9759e8 f23:becc15fb f28:be82900a
22647996ns          396137 1c0097d6 598d75c3 fmadd.s          f11, f26, f24, f11  f11=xxxxxxxx f26:b394dddf f24:be8aa5da f11:3f5891a7
22648016ns          396138 1c0097da 02072c03 lw               x24, 32(x14)        x24=bf6a26ef x14:10001f90  PA:10001fb0
22648076ns          396141 1c0097de 4909f4cb fnmsub.s         f9, f19, f16, f9     f9=xxxxxxxx f19:3fdce6da f16:bea47a97  f9:beeb9f52
22648116ns          396143 1c0097e2 698d76c3 fmadd.s          f13, f26, f24, f13  f13=xxxxxxxx f26:b394dddf f24:bf6a26ef f13:bebee45c
22648136ns          396144 1c0097e6 4168744b fnmsub.s         f8, f16, f22, f8     f8=xxxxxxxx f16:bea47a97 f22:bf301aed  f8:beb27b27
22648155ns          396145 1c0097ea 02472c03 lw               x24, 36(x14)        x24=3e89db57 x14:10001f90  PA:10001fb4
22648215ns          396148 1c0097ee 890af84b fnmsub.s         f16, f21, f16, f17  f16=xxxxxxxx f21:b40074ea f16:bea47a97 f17:3cca2f9a
22648255ns          396150 1c0097f2 01872883 lw               x17, 24(x14)        x17=be056209 x14:10001f90  PA:10001fa8
22648275ns          396151 1c0097f6 918d7943 fmadd.s          f18, f26, f24, f18  f18=xxxxxxxx f26:b394dddf f24:3e89db57 f18:bedf5e17
22648295ns          396152 1c0097fa 38a9f3cb fnmsub.s         f7, f19, f10, f7     f7=xxxxxxxx f19:3fdce6da f10:bdd3ad9a  f7:be4ed1d4
22648354ns          396155 1c0097fe 01c72c03 lw               x24, 28(x14)        x24=be8aa5da x14:10001f90  PA:10001fac
22648394ns          396157 1c009802 296572cb fnmsub.s         f5, f10, f22, f5     f5=xxxxxxxx f10:bdd3ad9a f22:bf301aed  f5:be7d55b5
22648414ns          396158 1c009806 88aaf54b fnmsub.s         f10, f21, f10, f17  f10=xxxxxxxx f21:b40074ea f10:bdd3ad9a f17:be056209
22648434ns          396159 1c00980a 02072883 lw               x17, 32(x14)        x17=bf6a26ef x14:10001f90  PA:10001fb0
22648494ns          396162 1c00980e f0b9ff4b fnmsub.s         f30, f19, f11, f30  f30=xxxxxxxx f19:3fdce6da f11:3f5891a7 f30:3f520568
22648533ns          396164 1c009812 e965fecb fnmsub.s         f29, f11, f22, f29  f29=xxxxxxxx f11:3f5891a7 f22:bf301aed f29:bd836a32
22648553ns          396165 1c009816 e0d9fe4b fnmsub.s         f28, f19, f13, f28  f28=xxxxxxxx f19:3fdce6da f13:bebee45a f28:be82900a
22648573ns          396166 1c00981a c0baf5cb fnmsub.s         f11, f21, f11, f24  f11=xxxxxxxx f21:b40074ea f11:3f5891a7 f24:be8aa5da
22648633ns          396169 1c00981e 3166f34b fnmsub.s         f6, f13, f22, f6     f6=xxxxxxxx f13:bebee45a f22:bf301aed  f6:3e9759e8
22648673ns          396171 1c009822 ffc72c03 lw               x24, -4(x14)        x24=bdc601f5 x14:10001f90  PA:10001f8c
22648692ns          396172 1c009826 88daf6cb fnmsub.s         f13, f21, f13, f17  f13=xxxxxxxx f21:b40074ea f13:bebee45a f17:bf6a26ef
22648712ns          396173 1c00982a c129fc4b fnmsub.s         f24, f19, f18, f24  f24=xxxxxxxx f19:3fdce6da f18:bedf5e18 f24:bdc601f5
22648732ns          396174 1c00982e 00b72e23 sw               x11, 28(x14)        x11:be8aa5d7 x14:10001f90  PA:10001fac
22648772ns          396176 1c009830 02d72023 sw               x13, 32(x14)        x13:bf6a26f0 x14:10001f90  PA:10001fb0
22648792ns          396177 1c009832 01072683 lw               x13, 16(x14)        x13=3f5a17b0 x14:10001f90  PA:10001fa0
22648812ns          396178 1c009834 ff872e23 sw               x24, -4(x14)        x24:3f27fe0b x14:10001f90  PA:10001f8c
22648832ns          396179 1c009838 69697c4b fnmsub.s         f24, f18, f22, f13  f24=xxxxxxxx f18:bedf5e18 f22:bf301aed f13:3f5a17b0
22648852ns          396180 1c00983c 02472683 lw               x13, 36(x14)        x13=3e89db57 x14:10001f90  PA:10001fb4
22648931ns          396184 1c00983e fe972623 sw               x9, -20(x14)         x9:3dc0f018 x14:10001f90  PA:10001f7c
22648971ns          396186 1c009842 692af8cb fnmsub.s         f17, f21, f18, f13  f17=xxxxxxxx f21:b40074ea f18:bedf5e18 f13:3e89db57
22648991ns          396187 1c009846 00872023 sw               x8, 0(x14)           x8:bf11d05e x14:10001f90  PA:10001f90
22649011ns          396188 1c009848 01072a23 sw               x16, 20(x14)        x16:3cca2f85 x14:10001f90  PA:10001fa4
22649031ns          396189 1c00984c fe772823 sw               x7, -16(x14)         x7:bcc14e0b x14:10001f90  PA:10001f80
22649070ns          396191 1c009850 00572223 sw               x5, 4(x14)           x5:bea31242 x14:10001f90  PA:10001f94
22649110ns          396193 1c009854 00a72c23 sw               x10, 24(x14)        x10:be05620a x14:10001f90  PA:10001fa8
22649130ns          396194 1c009856 ffe72a23 sw               x30, -12(x14)       x30:bf23bb86 x14:10001f90  PA:10001f84
22649150ns          396195 1c00985a 01d72423 sw               x29, 8(x14)         x29:3f048da4 x14:10001f90  PA:10001f98
22649210ns          396198 1c00985e ffc72c23 sw               x28, -8(x14)        x28:3ec6e0b8 x14:10001f90  PA:10001f88
22649230ns          396199 1c009862 02012583 lw               x11, 32(x2)         x11=00000004  x2:10001df8  PA:10001e18
22649249ns          396200 1c009864 00672623 sw               x6, 12(x14)          x6:3d2046b2 x14:10001f90  PA:10001f9c
22649269ns          396201 1c009868 01872823 sw               x24, 16(x14)        x24:3f0d4399 x14:10001f90  PA:10001fa0
22649289ns          396202 1c00986c 03172223 sw               x17, 36(x14)        x17:3e89db55 x14:10001f90  PA:10001fb4
22649349ns          396205 1c009870 01470713 addi             x14, x14, 20        x14=10001fa4 x14:10001f90
22649369ns          396206 1c009872 01478793 addi             x15, x15, 20        x15=10001f40 x15:10001f2c
22649389ns          396207 1c009874 004a0a13 addi             x20, x20, 4         x20=10001f60 x20:10001f5c
22649409ns          396208 1c009876 02812683 lw               x13, 40(x2)         x13=10001f24  x2:10001df8  PA:10001e20
22649428ns          396209 1c009878 00c00c33 add              x24, x0, x12        x24=00000014 x12:00000014
22649448ns          396210 1c00987a 014f8f93 addi             x31, x31, 20        x31=10001f2c x31:10001f18
22649468ns          396211 1c00987c 90bdd8e3 bge              x27, x11, -1776     x27:00000004 x11:00000004
22649568ns          396216 1c00918c 0bb587e3 beq              x11, x27, 2222      x11:00000004 x27:00000004
22649767ns          396226 1c009a3a 0cbccf63 blt              x25, x11, 222       x25:00000001 x11:00000004
22649906ns          396233 1c009b18 0046a603 lw               x12, 4(x13)         x12=b74c18be x13:10001f24  PA:10001f28
22649946ns          396235 1c009b1a 00000813 addi             x16, x0, 0          x16=00000000
22649965ns          396236 1c009b1e 0006a503 lw               x10, 0(x13)         x10=c0fd8cad x13:10001f24  PA:10001f24
22650005ns          396238 1c009b20 a1061853 flt.s            x16, f12, f16       x16=00000001 f12:b74c18be f16:00000000
22650045ns          396240 1c009b24 08a12223 sw               x10, 132(x2)        x10:c0fd8cad  x2:10001df8  PA:10001e7c
22650065ns          396241 1c009b26 08c12423 sw               x12, 136(x2)        x12:b74c18be  x2:10001df8  PA:10001e80
22650085ns          396242 1c009b28 f20803e3 beq              x16, x0, -218       x16:00000001
22650105ns          396243 1c009b2c 20c61653 fsgnjn.s         f12, f12, f12       f12=xxxxxxxx f12:b74c18be f12:b74c18be
22650144ns          396245 1c009b30 00200893 addi             x17, x0, 2          x17=00000002
22650164ns          396246 1c009b32 00100e93 addi             x29, x0, 1          x29=00000001
22650184ns          396247 1c009b34 ed2ff06f jal              x0, -2350          
22650304ns          396253 1c009206 00000813 addi             x16, x0, 0          x16=00000000
22650323ns          396254 1c00920a a1062353 feq.s            x6, f12, f16         x6=00000000 f12:374c18be f16:00000000
22650383ns          396257 1c00920e 040318e3 bne              x6, x0, 2128         x6:00000000
22650423ns          396259 1c009212 a1051853 flt.s            x16, f10, f16       x16=00000001 f10:c0fd8cad f16:00000000
22650443ns          396260 1c009216 180812e3 bne              x16, x0, 2436       x16:00000001
22650642ns          396270 1c009b9a 20a51853 fsgnjn.s         f16, f10, f10       f16=xxxxxxxx f10:c0fd8cad f10:c0fd8cad
22650662ns          396271 1c009b9e e7eff06f jal              x0, -2434          
22650701ns          396273 1c00921c 00000313 addi             x6, x0, 0            x6=00000000
22650721ns          396274 1c009220 a0661353 flt.s            x6, f12, f6          x6=00000000 f12:374c18be  f6:00000000
22650741ns          396275 1c009224 00030463 beq              x6, x0, 8            x6:00000000
22650801ns          396278 1c00922c a0c81353 flt.s            x6, f16, f12         x6=00000000 f16:40fd8cad f12:374c18be
22650861ns          396281 1c009230 12031ce3 bne              x6, x0, 2360         x6:00000000
22650900ns          396283 1c009234 a1061353 flt.s            x6, f12, f16         x6=00000001 f12:374c18be f16:40fd8cad
22650920ns          396284 1c009238 18031fe3 bne              x6, x0, 2462         x6:00000001
22651119ns          396294 1c009bd6 1c000337 lui              x6, 0x1c000000       x6=1c000000
22651139ns          396295 1c009bda 04c30313 addi             x6, x6, 76           x6=1c00004c  x6:1c000000
22651199ns          396298 1c009bde 00032303 lw               x6, 0(x6)            x6=3f800000  x6:1c00004c  PA:1c00004c
22651537ns          396315 1c009be2 19067653 fdiv.s           f12, f12, f16       f12=xxxxxxxx f12:374c18be f16:40fd8cad
22652213ns          396349 1c009be6 30c67643 fmadd.s          f12, f12, f12, f6   f12=xxxxxxxx f12:35ce11b6 f12:35ce11b6  f6:3f800000
22652233ns          396350 1c009bea 58067653 fsqrt.s          f12, f12            f12=xxxxxxxx f12:3f800000
22652770ns          396377 1c009bee 10c87653 fmul.s           f12, f16, f12       f12=xxxxxxxx f16:40fd8cad f12:3f800000
22652790ns          396378 1c009bf2 e62ff06f jal              x0, -2462          
22652870ns          396382 1c009254 00000813 addi             x16, x0, 0          x16=00000000
22652909ns          396384 1c009258 a0a80853 fle.s            x16, f16, f10       x16=00000000 f16:00000000 f10:c0fd8cad
22652929ns          396385 1c00925c 00080463 beq              x16, x0, 8          x16:00000000
22652989ns          396388 1c009264 00000813 addi             x16, x0, 0          x16=00000000
22653009ns          396389 1c009268 a1061853 flt.s            x16, f12, f16       x16=00000000 f12:40fd8cad f16:00000000
22653029ns          396390 1c00926c 12081be3 bne              x16, x0, 2358       x16:00000000
22653088ns          396393 1c009270 00c00833 add              x16, x0, x12        x16=40fd8cad x12:40fd8cad
22653128ns          396395 1c009272 1c0004b7 lui              x9, 0x1c000000       x9=1c000000
22653148ns          396396 1c009276 03048493 addi             x9, x9, 48           x9=1c000030  x9:1c000000
22653168ns          396397 1c00927a 0004a483 lw               x9, 0(x9)            x9=0c000000  x9:1c000030  PA:1c000030
22653486ns          396413 1c00927c a0981853 flt.s            x16, f16, f9        x16=00000000 f16:40fd8cad  f9:0c000000
22653506ns          396414 1c009280 0a080ce3 beq              x16, x0, 2232       x16:00000000
22653566ns          396417 1c009b38 1c000337 lui              x6, 0x1c000000       x6=1c000000
22653586ns          396418 1c009b3c 04c32803 lw               x16, 76(x6)         x16=3f800000  x6:1c000000  PA:1c00004c
22653924ns          396435 1c009b40 08c57353 fsub.s           f6, f10, f12         f6=xxxxxxxx f10:c0fd8cad f12:40fd8cad
22653944ns          396436 1c009b44 18687853 fdiv.s           f16, f16, f6        f16=xxxxxxxx f16:3f800000  f6:c17d8cad  PA:10001e80
22654322ns          396455 1c009b48 08812303 lw               x6, 136(x2)          x6=xxxxxxxx  x2:10001df8
22654341ns          396456 1c009b4a 08a679d3 fsub.s           f19, f12, f10       f19=xxxxxxxx f12:40fd8cad f10:c0fd8cad
22654600ns          396469 1c009b4e 11037353 fmul.s           f6, f6, f16          f6=xxxxxxxx  f6:b74c18be f16:bd813cb2
22654620ns          396470 1c009b52 18c9f9d3 fdiv.s           f19, f19, f12       f19=xxxxxxxx f19:417d8cad f12:40fd8cad  PA:10001e80
22654878ns          396483 1c009b56 08612423 sw               x6, 136(x2)          x6:354e11b7  x2:10001df8
22654898ns          396484 1c009b58 0038b663 p.bneimm         x17, 12             x17:00000002
22654958ns          396487 1c009b64 00c00533 add              x10, x0, x12        x10=xxxxxxxx x12:40fd8cad
22654978ns          396488 1c009b66 87fff06f jal              x0, -1922            PA:10001e7c
22655057ns          396492 1c0093e4 08a12223 sw               x10, 132(x2)        x10:40fd8cad  x2:10001df8
22655097ns          396494 1c0093e6 4cbcd763 bge              x25, x11, 1230      x25:00000001 x11:00000004  PA:10001f24
22655117ns          396495 1c0093ea 00a6a023 sw               x10, 0(x13)         x10:40fd8cad x13:10001f24  PA:10001f28
22655137ns          396496 1c0093ec 0006a223 sw               x0, 4(x13)          x13:10001f24
22655157ns          396497 1c0093f0 01b5d463 bge              x11, x27, 8         x11:00000004 x27:00000004  PA:10001e80
22655217ns          396500 1c0093f8 08812b83 lw               x23, 136(x2)        x23=xxxxxxxx  x2:10001df8
22655256ns          396502 1c0093fa 1179fb53 fmul.s           f22, f19, f23       f22=xxxxxxxx f19:40000000 f23:354e11b7
22655296ns          396504 1c0093fe 4c38bd63 p.bneimm         x17, 1242           x17:00000002
22655396ns          396509 1c0098d8 01468893 addi             x17, x13, 20        x17=10001f38 x13:10001f24
22655435ns          396511 1c0098dc 411a0833 sub              x16, x20, x17       x16=00000028 x20:10001f60 x17:10001f38
22655495ns          396514 1c0098e0 fec80813 addi             x16, x16, -20       x16=00000014 x16:00000028
22655535ns          396516 1c0098e2 0cccd637 lui              x12, 0xcccd000      x12=0cccd000
22655555ns          396517 1c0098e6 00285813 srli             x16, x16, 0x2       x16=00000005 x16:00000014
22655575ns          396518 1c0098ea ccd60613 addi             x12, x12, -819      x12=0ccccccd x12:0cccd000
22655634ns          396521 1c0098ee 02c80833 mul              x16, x16, x12       x16=40000001 x16:00000005 x12:0ccccccd
22655654ns          396522 1c0098f2 01868693 addi             x13, x13, 24        x13=10001f3c x13:10001f24
22655674ns          396523 1c0098f4 c3e83833 p.bclr           x16, x16, 1, 30     x16=00000001 x16:40000001
22655694ns          396524 1c0098f8 02d12423 sw               x13, 40(x2)         x13:10001f3c  x2:10001df8  PA:10001e20
22655714ns          396525 1c0098fa 00d00333 add              x6, x0, x13          x6=10001f3c x13:10001f3c
22655734ns          396526 1c0098fc 00180813 addi             x16, x16, 1         x16=00000002 x16:00000001
22655774ns          396528 1c0098fe 00e840fb lp.setup         0x1, x16, 0xe       x16:00000002
22655813ns          396530 1c009902 0008a603 lw               x12, 0(x17)         x12=44800d9f x17:10001f38  PA:10001f38
22655833ns          396531 1c009906 00032503 lw               x10, 0(x6)          x10=b91e9fa3  x6:10001f3c  PA:10001f3c
22655873ns          396533 1c00990a 617576c3 fmadd.s          f13, f10, f23, f12  f13=xxxxxxxx f10:b91e9fa3 f23:354e11b7 f12:44800d9f
22655913ns          396535 1c00990e 6136f64b fnmsub.s         f12, f13, f19, f12  f12=xxxxxxxx f13:44800d9f f19:40000000 f12:44800d9f
22655953ns          396537 1c009912 5166f6cb fnmsub.s         f13, f13, f22, f10  f13=xxxxxxxx f13:44800d9f f22:35ce11b7 f10:b91e9fa3
22655972ns          396538 1c009916 00c8aa2b p.sw             x12, 20(x17!)       x17=10001f4c x12:c4800d9f x17:10001f38  PA:10001f38
22655992ns          396539 1c00991a 00d32a2b p.sw             x13, 20(x6!)         x6=10001f50 x13:bae1fb99  x6:10001f3c  PA:10001f3c
22656032ns          396541 1c009902 0008a603 lw               x12, 0(x17)         x12=b92bdb38 x17:10001f4c  PA:10001f4c
22656052ns          396542 1c009906 00032503 lw               x10, 0(x6)          x10=448c5e80  x6:10001f50  PA:10001f50
22656092ns          396544 1c00990a 617576c3 fmadd.s          f13, f10, f23, f12  f13=xxxxxxxx f10:448c5e80 f23:354e11b7 f12:b92bdb38
22656112ns          396545 1c00990e 6136f64b fnmsub.s         f12, f13, f19, f12  f12=xxxxxxxx f13:3a3704b5 f19:40000000 f12:b92bdb38
22656132ns          396546 1c009912 5166f6cb fnmsub.s         f13, f13, f22, f10  f13=xxxxxxxx f13:3a3704b5 f22:35ce11b7 f10:448c5e80
22656151ns          396547 1c009916 00c8aa2b p.sw             x12, 20(x17!)       x17=10001f60 x12:bacc801c x17:10001f4c  PA:10001f4c
22656171ns          396548 1c00991a 00d32a2b p.sw             x13, 20(x6!)         x6=10001f64 x13:448c5e80  x6:10001f50  PA:10001f50
22656211ns          396550 1c00991e 000fa603 lw               x12, 0(x31)         x12=b8e72318 x31:10001f2c  PA:10001f2c
22656231ns          396551 1c009922 0007a503 lw               x10, 0(x15)         x10=378579b5 x15:10001f40  PA:10001f40
22656271ns          396553 1c009924 617576c3 fmadd.s          f13, f10, f23, f12  f13=xxxxxxxx f10:378579b5 f23:354e11b7 f12:b8e72318
22656291ns          396554 1c009928 6136f64b fnmsub.s         f12, f13, f19, f12  f12=xxxxxxxx f13:b8e72316 f19:40000000 f12:b8e72318
22656311ns          396555 1c00992c 5166f6cb fnmsub.s         f13, f13, f22, f10  f13=xxxxxxxx f13:b8e72316 f22:35ce11b7 f10:378579b5
22656350ns          396557 1c009930 00cfa023 sw               x12, 0(x31)         x12:38e72314 x31:10001f2c  PA:10001f2c
22656390ns          396559 1c009934 00d7a023 sw               x13, 0(x15)         x13:37857a12 x15:10001f40  PA:10001f40
22656410ns          396560 1c009936 07b05863 bge              x0, x27, 112        x27:00000004
22656430ns          396561 1c00993a 004fa603 lw               x12, 4(x31)         x12=35c97324 x31:10001f2c  PA:10001f30
22656450ns          396562 1c00993e 0047a503 lw               x10, 4(x15)         x10=376aa0e3 x15:10001f40  PA:10001f44
22656649ns          396572 1c009940 617576c3 fmadd.s          f13, f10, f23, f12  f13=xxxxxxxx f10:376aa0e3 f23:354e11b7 f12:35c97324
22656689ns          396574 1c009944 6136f64b fnmsub.s         f12, f13, f19, f12  f12=xxxxxxxx f13:35c97382 f19:40000000 f12:35c97324
22656708ns          396575 1c009948 5166f6cb fnmsub.s         f13, f13, f22, f10  f13=xxxxxxxx f13:35c97382 f22:35ce11b7 f10:376aa0e3
22656728ns          396576 1c00994c 00cfa223 sw               x12, 4(x31)         x12:b5c973e0 x31:10001f2c  PA:10001f30
22656788ns          396579 1c009950 00d7a223 sw               x13, 4(x15)         x13:376aa0e0 x15:10001f40  PA:10001f44
22656828ns          396581 1c009952 041daa63 p.beqimm         x27, 84             x27:00000004
22656848ns          396582 1c009956 008fa603 lw               x12, 8(x31)         x12=c0fd8ce0 x31:10001f2c  PA:10001f34
22656868ns          396583 1c00995a 0087a503 lw               x10, 8(x15)         x10=38a5476f x15:10001f40  PA:10001f48
22656907ns          396585 1c00995c 60abf6c3 fmadd.s          f13, f23, f10, f12  f13=xxxxxxxx f23:354e11b7 f10:38a5476f f12:c0fd8ce0
22656927ns          396586 1c009960 60d9f64b fnmsub.s         f12, f19, f13, f12  f12=xxxxxxxx f19:40000000 f13:c0fd8ce0 f12:c0fd8ce0
22656967ns          396588 1c009964 50db76cb fnmsub.s         f13, f22, f13, f10  f13=xxxxxxxx f22:35ce11b7 f13:c0fd8ce0 f10:38a5476f
22656987ns          396589 1c009968 00cfa423 sw               x12, 8(x31)         x12:40fd8ce0 x31:10001f2c  PA:10001f34
22657007ns          396590 1c00996c 00d7a423 sw               x13, 8(x15)         x13:38beca8c x15:10001f40  PA:10001f48
22657066ns          396593 1c00996e 022dac63 p.beqimm         x27, 56             x27:00000004
22657106ns          396595 1c009972 00cfa603 lw               x12, 12(x31)        x12=c4800d9f x31:10001f2c  PA:10001f38
22657126ns          396596 1c009976 00c7a503 lw               x10, 12(x15)        x10=bacc801c x15:10001f40  PA:10001f4c
22657166ns          396598 1c009978 60abf6c3 fmadd.s          f13, f23, f10, f12  f13=xxxxxxxx f23:354e11b7 f10:bacc801c f12:c4800d9f
22657186ns          396599 1c00997c 60d9f64b fnmsub.s         f12, f19, f13, f12  f12=xxxxxxxx f19:40000000 f13:c4800d9f f12:c4800d9f
22657206ns          396600 1c009980 50db76cb fnmsub.s         f13, f22, f13, f10  f13=xxxxxxxx f22:35ce11b7 f13:c4800d9f f10:bacc801c
22657245ns          396602 1c009984 00cfa623 sw               x12, 12(x31)        x12:44800d9f x31:10001f2c  PA:10001f38
22657265ns          396603 1c009988 00d7a623 sw               x13, 12(x15)        x13:3753c463 x15:10001f40  PA:10001f4c
22657285ns          396604 1c00998a 004dbe63 p.bneimm         x27, 28             x27:00000004
22657723ns          396626 1c00998e 010fa603 lw               x12, 16(x31)        x12=bae1fb99 x31:10001f2c  PA:10001f3c
22657743ns          396627 1c009992 0107a503 lw               x10, 16(x15)        x10=448c5e80 x15:10001f40  PA:10001f50
22657783ns          396629 1c009994 617576c3 fmadd.s          f13, f10, f23, f12  f13=xxxxxxxx f10:448c5e80 f23:354e11b7 f12:bae1fb99
22657802ns          396630 1c009998 6136f64b fnmsub.s         f12, f13, f19, f12  f12=xxxxxxxx f13:ba61fbaf f19:40000000 f12:bae1fb99
22657822ns          396631 1c00999c 5166f6cb fnmsub.s         f13, f13, f22, f10  f13=xxxxxxxx f13:ba61fbaf f22:35ce11b7 f10:448c5e80
22657862ns          396633 1c0099a0 00cfa823 sw               x12, 16(x31)        x12:31300000 x31:10001f2c  PA:10001f3c
22657902ns          396635 1c0099a4 00d7a823 sw               x13, 16(x15)        x13:448c5e80 x15:10001f40  PA:10001f50
22657922ns          396636 1c0099a6 fec72283 lw               x5, -20(x14)         x5=bf11d05e x14:10001fa4  PA:10001f90
22657942ns          396637 1c0099aa ff872803 lw               x16, -8(x14)        x16=3d2046b2 x14:10001fa4  PA:10001f9c
22657962ns          396638 1c0099ae 00c72503 lw               x10, 12(x14)        x10=bf6a26f0 x14:10001fa4  PA:10001fb0
22658399ns          396660 1c0099b0 00072383 lw               x7, 0(x14)           x7=3cca2f85 x14:10001fa4  PA:10001fa4
22658439ns          396662 1c0099b4 ff072e83 lw               x29, -16(x14)       x29=bea31242 x14:10001fa4  PA:10001f94
22658459ns          396663 1c0099b8 00472e03 lw               x28, 4(x14)         x28=be05620a x14:10001fa4  PA:10001fa8
22658479ns          396664 1c0099bc ff472303 lw               x6, -12(x14)         x6=3f048da4 x14:10001fa4  PA:10001f98
22658896ns          396685 1c0099c0 00872883 lw               x17, 8(x14)         x17=be8aa5d7 x14:10001fa4  PA:10001fac
22658936ns          396687 1c0099c4 ffc72603 lw               x12, -4(x14)        x12=3f0d4399 x14:10001fa4  PA:10001fa0
22658956ns          396688 1c0099c8 2973ff43 fmadd.s          f30, f7, f23, f5    f30=xxxxxxxx  f7:3cca2f85 f23:354e11b7  f5:bf11d05e
22658976ns          396689 1c0099cc 01072683 lw               x13, 16(x14)        x13=3e89db55 x14:10001fa4  PA:10001fb4
22659036ns          396692 1c0099ce 817573c3 fmadd.s          f7, f10, f23, f16    f7=xxxxxxxx f10:bf6a26f0 f23:354e11b7 f16:3d2046b2
22659075ns          396694 1c0099d2 6176f943 fmadd.s          f18, f13, f23, f12  f18=xxxxxxxx f13:3e89db55 f23:354e11b7 f12:3f0d4399
22659095ns          396695 1c0099d6 e97e74c3 fmadd.s          f9, f28, f23, f29    f9=xxxxxxxx f28:be05620a f23:354e11b7 f29:bea31242
22659115ns          396696 1c0099da 3178f443 fmadd.s          f8, f17, f23, f6     f8=xxxxxxxx f17:be8aa5d7 f23:354e11b7  f6:3f048da4
22659135ns          396697 1c0099de 00072683 lw               x13, 0(x14)         x13=3cca2f85 x14:10001fa4  PA:10001fa4
22659175ns          396699 1c0099e0 8079f84b fnmsub.s         f16, f19, f7, f16   f16=xxxxxxxx f19:40000000  f7:3d2045f6 f16:3d2046b2
22659215ns          396701 1c0099e4 5163f54b fnmsub.s         f10, f7, f22, f10   f10=xxxxxxxx  f7:3d2045f6 f22:35ce11b7 f10:bf6a26f0
22659235ns          396702 1c0099e8 01072383 lw               x7, 16(x14)          x7=3e89db55 x14:10001fa4  PA:10001fb4
22659314ns          396706 1c0099ec 29e9f2cb fnmsub.s         f5, f19, f30, f5     f5=xxxxxxxx f19:40000000 f30:bf11d05e  f5:bf11d05e
22659334ns          396707 1c0099f0 6129f64b fnmsub.s         f12, f19, f18, f12  f12=xxxxxxxx f19:40000000 f18:3f0d439c f12:3f0d4399
22659354ns          396708 1c0099f4 696f7f4b fnmsub.s         f30, f30, f22, f13  f30=xxxxxxxx f30:bf11d05e f22:35ce11b7 f13:3cca2f85
22659374ns          396709 1c0099f8 e899fecb fnmsub.s         f29, f19, f9, f29   f29=xxxxxxxx f19:40000000  f9:bea31245 f29:bea31242
22659394ns          396710 1c0099fc e164fe4b fnmsub.s         f28, f9, f22, f28   f28=xxxxxxxx  f9:bea31245 f22:35ce11b7 f28:be05620a
22659453ns          396713 1c009a00 3089f34b fnmsub.s         f6, f19, f8, f6      f6=xxxxxxxx f19:40000000  f8:3f048da1  f6:3f048da4
22659493ns          396715 1c009a04 896478cb fnmsub.s         f17, f8, f22, f17   f17=xxxxxxxx  f8:3f048da1 f22:35ce11b7 f17:be8aa5d7
22659513ns          396716 1c009a08 396976cb fnmsub.s         f13, f18, f22, f7   f13=xxxxxxxx f18:3f0d439c f22:35ce11b7  f7:3e89db55
22659533ns          396717 1c009a0c 00158593 addi             x11, x11, 1         x11=00000005 x11:00000004
22659593ns          396720 1c009a0e fec72e23 sw               x12, -4(x14)        x12:bf0d439f x14:10001fa4  PA:10001fa0
22659632ns          396722 1c009a12 fe572623 sw               x5, -20(x14)         x5:3f11d05e x14:10001fa4  PA:10001f90
22659652ns          396723 1c009a16 01e72023 sw               x30, 0(x14)         x30:3cca315a x14:10001fa4  PA:10001fa4
22659672ns          396724 1c009a1a ffd72823 sw               x29, -16(x14)       x29:3ea31248 x14:10001fa4  PA:10001f94
22659732ns          396727 1c009a1e 01c72223 sw               x28, 4(x14)         x28:be0561e9 x14:10001fa4  PA:10001fa8
22659772ns          396729 1c009a22 fe672a23 sw               x6, -12(x14)         x6:bf048d9e x14:10001fa4  PA:10001f98
22659791ns          396730 1c009a26 01172423 sw               x17, 8(x14)         x17:be8aa5f2 x14:10001fa4  PA:10001fac
22659811ns          396731 1c009a2a ff072c23 sw               x16, -8(x14)        x16:bd20453a x14:10001fa4  PA:10001f9c
22659831ns          396732 1c009a2e 00a72623 sw               x10, 12(x14)        x10:bf6a26f1 x14:10001fa4  PA:10001fb0
22659851ns          396733 1c009a30 00d72823 sw               x13, 16(x14)        x13:3e89db39 x14:10001fa4  PA:10001fb4
22659871ns          396734 1c009a32 02b12023 sw               x11, 32(x2)         x11:00000005  x2:10001df8  PA:10001e18
22659891ns          396735 1c009a34 005c0613 addi             x12, x24, 5         x12=00000019 x24:00000014
22659911ns          396736 1c009a38 e39ff06f jal              x0, -456           
22659951ns          396738 1c009870 01470713 addi             x14, x14, 20        x14=10001fb8 x14:10001fa4
22659971ns          396739 1c009872 01478793 addi             x15, x15, 20        x15=10001f54 x15:10001f40
22659990ns          396740 1c009874 004a0a13 addi             x20, x20, 4         x20=10001f64 x20:10001f60
22660010ns          396741 1c009876 02812683 lw               x13, 40(x2)         x13=10001f3c  x2:10001df8  PA:10001e20
22660030ns          396742 1c009878 00c00c33 add              x24, x0, x12        x24=00000019 x12:00000019
22660050ns          396743 1c00987a 014f8f93 addi             x31, x31, 20        x31=10001f40 x31:10001f2c
22660070ns          396744 1c00987c 90bdd8e3 bge              x27, x11, -1776     x27:00000004 x11:00000005
22660090ns          396745 1c009880 04012c03 lw               x24, 64(x2)         x24=44870863  x2:10001df8  PA:10001e38
22660110ns          396746 1c009882 04412c83 lw               x25, 68(x2)         x25=448c5e80  x2:10001df8  PA:10001e3c
22660130ns          396747 1c009884 02412483 lw               x9, 36(x2)           x9=00000001  x2:10001df8  PA:10001e1c
22660150ns          396748 1c009886 01f00793 addi             x15, x0, 31         x15=0000001f
22660169ns          396749 1c009888 00148493 addi             x9, x9, 1            x9=00000002  x9:00000001
22660189ns          396750 1c00988a 02912223 sw               x9, 36(x2)           x9:00000002  x2:10001df8  PA:10001e1c
22660209ns          396751 1c00988c 00100293 addi             x5, x0, 1            x5=00000001
22660348ns          396758 1c00988e caf49963 bne              x9, x15, -2894       x9:00000002 x15:0000001f
22660448ns          396763 1c008d40 01c12e83 lw               x29, 28(x2)         x29=00000001  x2:10001df8  PA:10001e14
22660488ns          396765 1c008d42 7fddc8e3 blt              x27, x29, 4080      x27:00000004 x29:00000001
22660508ns          396766 1c008d46 41dd8833 sub              x16, x27, x29       x16=00000003 x27:00000004 x29:00000001
22660527ns          396767 1c008d4a 1c0004b7 lui              x9, 0x1c000000       x9=1c000000
22660587ns          396770 1c008d4e fffe8513 addi             x10, x29, -1        x10=00000000 x29:00000001
22660627ns          396772 1c008d52 fffd8793 addi             x15, x27, -1        x15=00000003 x27:00000004
22660647ns          396773 1c008d56 03812603 lw               x12, 56(x2)         x12=10001f3c  x2:10001df8  PA:10001e30
22660667ns          396774 1c008d58 03412303 lw               x6, 52(x2)           x6=10001f38  x2:10001df8  PA:10001e2c
22660687ns          396775 1c008d5a 03012683 lw               x13, 48(x2)         x13=10001f50  x2:10001df8  PA:10001e28
22660706ns          396776 1c008d5c 005005b3 add              x11, x0, x5         x11=00000001  x5:00000001
22660726ns          396777 1c008d5e 00500f33 add              x30, x0, x5         x30=00000001  x5:00000001
22660885ns          396785 1c008d60 01b00433 add              x8, x0, x27          x8=00000004 x27:00000004
22660925ns          396787 1c008d62 00000713 addi             x14, x0, 0          x14=00000000
22660945ns          396788 1c008d66 00100f93 addi             x31, x0, 1          x31=00000001
22660965ns          396789 1c008d68 0244a383 lw               x7, 36(x9)           x7=34000000  x9:1c000000  PA:1c000024
22661263ns          396804 1c008d6c 00180813 addi             x16, x16, 1         x16=00000004 x16:00000003
22661283ns          396805 1c008d6e 7ca7cbe3 blt              x15, x10, 4054      x15:00000003 x10:00000000
22661303ns          396806 1c008d72 078840fb lp.setup         0x1, x16, 0x78      x16:00000004
22661323ns          396807 1c008d76 00062783 lw               x15, 0(x12)         x15=31300000 x12:10001f3c  PA:10001f3c
22661343ns          396808 1c008d78 fff40e93 addi             x29, x8, -1         x29=00000003  x8:00000004
22661363ns          396809 1c008d7c a0e79553 flt.s            x10, f15, f14       x10=00000000 f15:31300000 f14:00000000
22661403ns          396811 1c008d80 00050363 beq              x10, x0, 6          x10:00000000
22661482ns          396815 1c008d86 1c0008b7 lui              x17, 0x1c000000     x17=1c000000
22661502ns          396816 1c008d8a 02088893 addi             x17, x17, 32        x17=1c000020 x17:1c000000
22661562ns          396819 1c008d8e 0008a883 lw               x17, 0(x17)         x17=0d200000 x17:1c000020  PA:1c000020
22661920ns          396837 1c008d92 a1178553 fle.s            x10, f15, f17       x10=00000000 f15:31300000 f17:0d200000
22661940ns          396838 1c008d96 0c051763 bne              x10, x0, 206        x10:00000000
22661960ns          396839 1c008d98 00032883 lw               x17, 0(x6)          x17=44800d9f  x6:10001f38  PA:10001f38
22661999ns          396841 1c008d9c a0e895d3 flt.s            x11, f17, f14       x11=00000000 f17:44800d9f f14:00000000
22662019ns          396842 1c008da0 01100bb3 add              x23, x0, x17        x23=44800d9f x17:44800d9f
22662039ns          396843 1c008da2 00058363 beq              x11, x0, 6          x11:00000000
22662099ns          396846 1c008da8 0006a503 lw               x10, 0(x13)         x10=448c5e80 x13:10001f50  PA:10001f50
22662139ns          396848 1c008daa a0e515d3 flt.s            x11, f10, f14       x11=00000000 f10:448c5e80 f14:00000000
22662158ns          396849 1c008dae 00a00e33 add              x28, x0, x10        x28=448c5e80 x10:448c5e80
22662178ns          396850 1c008db0 00058363 beq              x11, x0, 6          x11:00000000
22662258ns          396854 1c008db6 01cbfbd3 fadd.s           f23, f23, f28       f23=xxxxxxxx f23:44800d9f f28:448c5e80
22662278ns          396855 1c008dba a0eba5d3 feq.s            x11, f23, f14       x11=00000000 f23:45063610 f14:00000000
22662298ns          396856 1c008dbe 00058d63 beq              x11, x0, 26         x11:00000000
22662417ns          396862 1c008dd8 1c0004b7 lui              x9, 0x1c000000       x9=1c000000
22662457ns          396864 1c008ddc 02448493 addi             x9, x9, 36           x9=1c000024  x9:1c000000
22662517ns          396867 1c008de0 0004a483 lw               x9, 0(x9)            x9=34000000  x9:1c000024  PA:1c000024
22662855ns          396884 1c008de2 109bf5d3 fmul.s           f11, f23, f9        f11=xxxxxxxx f23:45063610  f9:34000000
22662875ns          396885 1c008de6 a0b785d3 fle.s            x11, f15, f11       x11=00000001 f15:31300000 f11:39863610
22662894ns          396886 1c008dea 06058863 beq              x11, x0, 112        x11:00000001
22662914ns          396887 1c008dec 01062a83 lw               x21, 16(x12)        x21=3753c463 x12:10001f3c  PA:10001f4c
22662954ns          396889 1c008df0 a0ea95d3 flt.s            x11, f21, f14       x11=00000000 f21:3753c463 f14:00000000
22662994ns          396891 1c008df4 00058363 beq              x11, x0, 6          x11:00000000
22663073ns          396895 1c008dfa a0fa95d3 flt.s            x11, f21, f15       x11=00000000 f21:3753c463 f15:31300000
22663093ns          396896 1c008dfe 00059463 bne              x11, x0, 8          x11:00000000
22663511ns          396917 1c008e00 00f005b3 add              x11, x0, x15        x11=31300000 x15:31300000
22663531ns          396918 1c008e02 015007b3 add              x15, x0, x21        x15=3753c463 x21:3753c463
22663551ns          396919 1c008e04 00b00ab3 add              x21, x0, x11        x21=31300000 x11:31300000
22663571ns          396920 1c008e06 08a8fb53 fsub.s           f22, f17, f10       f22=xxxxxxxx f17:44800d9f f10:448c5e80
22663591ns          396921 1c008e0a a0eb15d3 flt.s            x11, f22, f14       x11=00000001 f22:c2c50e10 f14:00000000
22663611ns          396922 1c008e0e 00058363 beq              x11, x0, 6          x11:00000001
22664028ns          396943 1c008e10 216b1b53 fsgnjn.s         f22, f22, f22       f22=xxxxxxxx f22:c2c50e10 f22:c2c50e10
22664068ns          396945 1c008e14 a1cb15d3 flt.s            x11, f22, f28       x11=00000001 f22:42c50e10 f28:448c5e80
22664088ns          396946 1c008e18 01c00933 add              x18, x0, x28        x18=448c5e80 x28:448c5e80
22664108ns          396947 1c008e1a 00059363 bne              x11, x0, 6          x11:00000001
22664645ns          396974 1c008e20 00f97c53 fadd.s           f24, f18, f15       f24=xxxxxxxx f18:448c5e80 f15:3753c463
22664665ns          396975 1c008e24 19897bd3 fdiv.s           f23, f18, f24       f23=xxxxxxxx f18:448c5e80 f24:448c5e80
22664943ns          396989 1c008e28 117b7bd3 fmul.s           f23, f22, f23       f23=xxxxxxxx f22:42c50e10 f23:3f800000
22664963ns          396990 1c008e2c 1c0005b7 lui              x11, 0x1c000000     x11=1c000000
22665142ns          396999 1c008e30 02058593 addi             x11, x11, 32        x11=1c000020 x11:1c000000
22665182ns          397001 1c008e34 107bfbd3 fmul.s           f23, f23, f7        f23=xxxxxxxx f23:42c50e10  f7:34000000
22665202ns          397002 1c008e38 0005a503 lw               x10, 0(x11)         x10=0d200000 x11:1c000020  PA:1c000020
22665520ns          397018 1c008e3a a0ab85d3 fle.s            x11, f23, f10       x11=00000000 f23:37450e10 f10:0d200000
22665540ns          397019 1c008e3e 00059563 bne              x11, x0, 10         x11:00000000
22665659ns          397025 1c008e40 a17ba5d3 feq.s            x11, f23, f23       x11=00000001 f23:37450e10 f23:37450e10
22665699ns          397027 1c008e44 00058263 beq              x11, x0, 4          x11:00000001
22665719ns          397028 1c008e46 01700533 add              x10, x0, x23        x10=37450e10 x23:37450e10
22665739ns          397029 1c008e48 1987f5d3 fdiv.s           f11, f15, f24       f11=xxxxxxxx f15:3753c463 f24:448c5e80
22666017ns          397043 1c008e4c 10baf5d3 fmul.s           f11, f21, f11       f11=xxxxxxxx f21:31300000 f11:32411b44
22666037ns          397044 1c008e50 a0a585d3 fle.s            x11, f11, f10       x11=00000001 f11:2404c2bf f10:37450e10
22666057ns          397045 1c008e54 08059e63 bne              x11, x0, 156        x11:00000001
22666534ns          397069 1c008ef0 00100593 addi             x11, x0, 1          x11=00000001
22666554ns          397070 1c008ef2 00100f13 addi             x30, x0, 1          x30=00000001
22666574ns          397071 1c008ef4 f73ff06f jal              x0, -142           
22666694ns          397077 1c008e66 00140e13 addi             x28, x8, 1          x28=00000005  x8:00000004
22666713ns          397078 1c008e6a 01c12e23 sw               x28, 28(x2)         x28:00000005  x2:10001df8  PA:10001e14
22666733ns          397079 1c008e6c 00805e63 bge              x0, x8, 28           x8:00000004
22666773ns          397081 1c008e70 fff40693 addi             x13, x8, -1         x13=00000003  x8:00000004
22666813ns          397083 1c008e74 00269713 slli             x14, x13, 0x2       x14=0000000c x13:00000003
22666833ns          397084 1c008e78 00d70733 add              x14, x14, x13       x14=0000000f x14:0000000c x13:00000003
22666853ns          397085 1c008e7a 00870733 add              x14, x14, x8        x14=00000013 x14:0000000f  x8:00000004
22666873ns          397086 1c008e7c 01812e83 lw               x29, 24(x2)         x29=10001ef0  x2:10001df8  PA:10001e10
22666892ns          397087 1c008e7e 00271713 slli             x14, x14, 0x2       x14=0000004c x14:00000013
22666912ns          397088 1c008e80 00000313 addi             x6, x0, 0            x6=00000000
22666952ns          397090 1c008e84 006ee723 p.sw             x6, x0(x29)          x6:00000000 x29:10001ef0  PA:10001f3c
22666972ns          397091 1c008e88 01c12383 lw               x7, 28(x2)           x7=00000005  x2:10001df8  PA:10001e14
22667012ns          397093 1c008e8a 07b3cb63 blt              x7, x27, 118         x7:00000005 x27:00000004
22667032ns          397094 1c008e8e 01900733 add              x14, x0, x25        x14=448c5e80 x25:448c5e80
22667052ns          397095 1c008e90 013006b3 add              x13, x0, x19        x13=40000000 x19:40000000
22667072ns          397096 1c008e92 01800cb3 add              x25, x0, x24        x25=448c5e80 x24:448c5e80
22667091ns          397097 1c008e94 015009b3 add              x19, x0, x21        x19=31300000 x21:31300000
22667111ns          397098 1c008e96 01812d03 lw               x26, 24(x2)         x26=10001ef0  x2:10001df8  PA:10001e10
22667131ns          397099 1c008e98 00d00ab3 add              x21, x0, x13        x21=40000000 x13:40000000
22667151ns          397100 1c008e9a 00e00c33 add              x24, x0, x14        x24=448c5e80 x14:448c5e80
22667171ns          397101 1c008e9c 000f0463 beq              x30, x0, 8          x30:00000001
22667589ns          397122 1c008ea0 10e0106f jal              x0, 4366           
22668046ns          397145 1c009fae 07212823 sw               x18, 112(x2)        x18:448c5e80  x2:10001df8  PA:10001e68
22668524ns          397169 1c009fb0 ef5fe06f jal              x0, -4364          
22668563ns          397171 1c008ea4 00058263 beq              x11, x0, 4          x11:00000001
22668583ns          397172 1c008ea6 07712023 sw               x23, 96(x2)         x23:37450e10  x2:10001df8  PA:10001e58
22668603ns          397173 1c008ea8 00028363 beq              x5, x0, 6            x5:00000001
22668623ns          397174 1c008eac 07512e23 sw               x21, 124(x2)        x21:40000000  x2:10001df8  PA:10001e74
22669041ns          397195 1c008eae 000f0463 beq              x30, x0, 8          x30:00000001
22669080ns          397197 1c008eb2 1060106f jal              x0, 4358           
22669160ns          397201 1c009fb8 06f12423 sw               x15, 104(x2)        x15:3753c463  x2:10001df8  PA:10001e60
22669180ns          397202 1c009fba 07312623 sw               x19, 108(x2)        x19:31300000  x2:10001df8  PA:10001e64
22669200ns          397203 1c009fbc 07612223 sw               x22, 100(x2)        x22:42c50e10  x2:10001df8  PA:10001e5c
22669657ns          397226 1c009fbe 00028763 beq              x5, x0, 14           x5:00000001
22669677ns          397227 1c009fc2 07812c23 sw               x24, 120(x2)        x24:448c5e80  x2:10001df8  PA:10001e70
22669697ns          397228 1c009fc4 000f1463 bne              x30, x0, 8          x30:00000001
22669757ns          397231 1c009fcc 07912a23 sw               x25, 116(x2)        x25:448c5e80  x2:10001df8  PA:10001e6c
22670194ns          397253 1c009fce ef1fe06f jal              x0, -4368          
22670274ns          397257 1c008ebe 01c12483 lw               x9, 28(x2)           x9=00000005  x2:10001df8  PA:10001e14
22670751ns          397281 1c008ec0 001d8793 addi             x15, x27, 1         x15=00000005 x27:00000004
22670791ns          397283 1c008ec4 00978463 beq              x15, x9, 8          x15:00000005  x9:00000005
22670851ns          397286 1c008ecc fff40d93 addi             x27, x8, -1         x27=00000003  x8:00000004
22671308ns          397309 1c008ed0 dc0ddae3 bge              x27, x0, -556       x27:00000003
22671408ns          397314 1c008ca4 fffd8c13 addi             x24, x27, -1        x24=00000002 x27:00000003
22671447ns          397316 1c008ca8 002c1793 slli             x15, x24, 0x2       x15=00000008 x24:00000002
22671467ns          397317 1c008cac 018787b3 add              x15, x15, x24       x15=0000000a x15:00000008 x24:00000002
22671487ns          397318 1c008cae 02f12e23 sw               x15, 60(x2)         x15:0000000a  x2:10001df8  PA:10001e34
22672004ns          397344 1c008cb0 03c12e03 lw               x28, 60(x2)         x28=0000000a  x2:10001df8  PA:10001e34
22672044ns          397346 1c008cb2 400007b7 lui              x15, 0x40000000     x15=40000000
22672064ns          397347 1c008cb6 fff78713 addi             x14, x15, -1        x14=3fffffff x15:40000000
22672084ns          397348 1c008cba 01be0533 add              x10, x28, x27       x10=0000000d x28:0000000a x27:00000003
22672144ns          397351 1c008cbe 00e505b3 add              x11, x10, x14       x11=4000000c x10:0000000d x14:3fffffff
22672183ns          397353 1c008cc2 001d9613 slli             x12, x27, 0x1       x12=00000006 x27:00000003
22672203ns          397354 1c008cc6 fee78693 addi             x13, x15, -18       x13=3fffffee x15:40000000
22672223ns          397355 1c008cca ffbe0893 addi             x17, x28, -5        x17=00000005 x28:0000000a
22672243ns          397356 1c008cce 01b70733 add              x14, x14, x27       x14=40000002 x14:3fffffff x27:00000003
22672681ns          397378 1c008cd0 01b607b3 add              x15, x12, x27       x15=00000009 x12:00000006 x27:00000003
22672720ns          397380 1c008cd4 005e0813 addi             x16, x28, 5         x16=0000000f x28:0000000a
22672740ns          397381 1c008cd8 01170733 add              x14, x14, x17       x14=40000007 x14:40000002 x17:00000005
22672760ns          397382 1c008cda 01b686b3 add              x13, x13, x27       x13=3ffffff1 x13:3fffffee x27:00000003
22672780ns          397383 1c008cdc 00379793 slli             x15, x15, 0x3       x15=00000048 x15:00000009
22672820ns          397385 1c008cde 00259613 slli             x12, x11, 0x2       x12=00000030 x11:4000000c
22672840ns          397386 1c008ce2 010686b3 add              x13, x13, x16       x13=40000000 x13:3ffffff1 x16:0000000f
22672860ns          397387 1c008ce4 07c12a83 lw               x21, 124(x2)        x21=40000000  x2:10001df8  PA:10001e74
22672880ns          397388 1c008ce6 03812623 sw               x24, 44(x2)         x24:00000002  x2:10001df8  PA:10001e24
22672899ns          397389 1c008ce8 00271713 slli             x14, x14, 0x2       x14=0000001c x14:40000007
22672919ns          397390 1c008cea 07812c03 lw               x24, 120(x2)        x24=448c5e80  x2:10001df8  PA:10001e70
22672939ns          397391 1c008cec 01a70733 add              x14, x14, x26       x14=10001f0c x14:0000001c x26:10001ef0
22673337ns          397411 1c008cee 00460893 addi             x17, x12, 4         x17=00000034 x12:00000030
22673377ns          397413 1c008cf2 ffc78813 addi             x16, x15, -4        x16=00000044 x15:00000048
22673397ns          397414 1c008cf6 fe478593 addi             x11, x15, -28       x11=0000002c x15:00000048
22673417ns          397415 1c008cfa 06c12983 lw               x19, 108(x2)        x19=31300000  x2:10001df8  PA:10001e64
22673437ns          397416 1c008cfc 01a787b3 add              x15, x15, x26       x15=10001f38 x15:00000048 x26:10001ef0
22673456ns          397417 1c008cfe 07412c83 lw               x25, 116(x2)        x25=448c5e80  x2:10001df8  PA:10001e6c
22673874ns          397438 1c008d00 00251513 slli             x10, x10, 0x2       x10=00000034 x10:0000000d
22673894ns          397439 1c008d02 00269693 slli             x13, x13, 0x2       x13=00000000 x13:40000000
22673914ns          397440 1c008d04 06812a03 lw               x20, 104(x2)        x20=3753c463  x2:10001df8  PA:10001e60
22673934ns          397441 1c008d06 01a60633 add              x12, x12, x26       x12=10001f20 x12:00000030 x26:10001ef0
22673954ns          397442 1c008d08 01a888b3 add              x17, x17, x26       x17=10001f24 x17:00000034 x26:10001ef0
22673974ns          397443 1c008d0a 01a80833 add              x16, x16, x26       x16=10001f34 x16:00000044 x26:10001ef0
22673993ns          397444 1c008d0c 01a50533 add              x10, x10, x26       x10=10001f24 x10:00000034 x26:10001ef0
22674013ns          397445 1c008d0e 01a686b3 add              x13, x13, x26       x13=10001ef0 x13:00000000 x26:10001ef0
22674033ns          397446 1c008d10 01a585b3 add              x11, x11, x26       x11=10001f1c x11:0000002c x26:10001ef0
22674053ns          397447 1c008d12 02f12823 sw               x15, 48(x2)         x15:10001f38  x2:10001df8  PA:10001e28
22674073ns          397448 1c008d14 04e12e23 sw               x14, 92(x2)         x14:10001f0c  x2:10001df8  PA:10001e54
22674093ns          397449 1c008d16 018007b3 add              x15, x0, x24        x15=448c5e80 x24:448c5e80
22674113ns          397450 1c008d18 01500733 add              x14, x0, x21        x14=40000000 x21:40000000
22674133ns          397451 1c008d1a 00100e93 addi             x29, x0, 1          x29=00000001
22674153ns          397452 1c008d1c 06012b83 lw               x23, 96(x2)         x23=37450e10  x2:10001df8  PA:10001e58
22674173ns          397453 1c008d1e 07012903 lw               x18, 112(x2)        x18=448c5e80  x2:10001df8  PA:10001e68
22674192ns          397454 1c008d20 06412b03 lw               x22, 100(x2)        x22=42c50e10  x2:10001df8  PA:10001e5c
22674212ns          397455 1c008d22 01900c33 add              x24, x0, x25        x24=448c5e80 x25:448c5e80
22674232ns          397456 1c008d24 01300ab3 add              x21, x0, x19        x21=31300000 x19:31300000
22674252ns          397457 1c008d26 01a12c23 sw               x26, 24(x2)         x26:10001ef0  x2:10001df8  PA:10001e10
22674272ns          397458 1c008d28 02c12a23 sw               x12, 52(x2)         x12:10001f20  x2:10001df8  PA:10001e2c
22674292ns          397459 1c008d2a 05112a23 sw               x17, 84(x2)         x17:10001f24  x2:10001df8  PA:10001e4c
22674312ns          397460 1c008d2c 05012c23 sw               x16, 88(x2)         x16:10001f34  x2:10001df8  PA:10001e50
22674332ns          397461 1c008d2e 02a12c23 sw               x10, 56(x2)         x10:10001f24  x2:10001df8  PA:10001e30
22674670ns          397478 1c008d30 04d12423 sw               x13, 72(x2)         x13:10001ef0  x2:10001df8  PA:10001e40
22674690ns          397479 1c008d32 04b12623 sw               x11, 76(x2)         x11:10001f1c  x2:10001df8  PA:10001e44
22674710ns          397480 1c008d34 00000293 addi             x5, x0, 0            x5=00000000
22674729ns          397481 1c008d36 01d12e23 sw               x29, 28(x2)         x29:00000001  x2:10001df8  PA:10001e14
22674749ns          397482 1c008d38 02012223 sw               x0, 36(x2)           x2:10001df8  PA:10001e1c
22674769ns          397483 1c008d3a 01400d33 add              x26, x0, x20        x26=3753c463 x20:3753c463
22674789ns          397484 1c008d3c 00e009b3 add              x19, x0, x14        x19=40000000 x14:40000000
22674809ns          397485 1c008d3e 00f00cb3 add              x25, x0, x15        x25=448c5e80 x15:448c5e80
22675207ns          397505 1c008d40 01c12e83 lw               x29, 28(x2)         x29=00000001  x2:10001df8  PA:10001e14
22675247ns          397507 1c008d42 7fddc8e3 blt              x27, x29, 4080      x27:00000003 x29:00000001
22675266ns          397508 1c008d46 41dd8833 sub              x16, x27, x29       x16=00000002 x27:00000003 x29:00000001
22675286ns          397509 1c008d4a 1c0004b7 lui              x9, 0x1c000000       x9=1c000000
22675346ns          397512 1c008d4e fffe8513 addi             x10, x29, -1        x10=00000000 x29:00000001
22675386ns          397514 1c008d52 fffd8793 addi             x15, x27, -1        x15=00000002 x27:00000003
22675406ns          397515 1c008d56 03812603 lw               x12, 56(x2)         x12=10001f24  x2:10001df8  PA:10001e30
22675426ns          397516 1c008d58 03412303 lw               x6, 52(x2)           x6=10001f20  x2:10001df8  PA:10001e2c
22675446ns          397517 1c008d5a 03012683 lw               x13, 48(x2)         x13=10001f38  x2:10001df8  PA:10001e28
22675465ns          397518 1c008d5c 005005b3 add              x11, x0, x5         x11=00000000  x5:00000000
22675485ns          397519 1c008d5e 00500f33 add              x30, x0, x5         x30=00000000  x5:00000000
22675505ns          397520 1c008d60 01b00433 add              x8, x0, x27          x8=00000003 x27:00000003
22675525ns          397521 1c008d62 00000713 addi             x14, x0, 0          x14=00000000
22675545ns          397522 1c008d66 00100f93 addi             x31, x0, 1          x31=00000001
22675565ns          397523 1c008d68 0244a383 lw               x7, 36(x9)           x7=34000000  x9:1c000000  PA:1c000024
22675863ns          397538 1c008d6c 00180813 addi             x16, x16, 1         x16=00000003 x16:00000002
22675883ns          397539 1c008d6e 7ca7cbe3 blt              x15, x10, 4054      x15:00000002 x10:00000000
22675903ns          397540 1c008d72 078840fb lp.setup         0x1, x16, 0x78      x16:00000003
22675923ns          397541 1c008d76 00062783 lw               x15, 0(x12)         x15=40fd8cad x12:10001f24  PA:10001f24
22675943ns          397542 1c008d78 fff40e93 addi             x29, x8, -1         x29=00000002  x8:00000003
22675963ns          397543 1c008d7c a0e79553 flt.s            x10, f15, f14       x10=00000000 f15:40fd8cad f14:00000000
22676002ns          397545 1c008d80 00050363 beq              x10, x0, 6          x10:00000000
22676082ns          397549 1c008d86 1c0008b7 lui              x17, 0x1c000000     x17=1c000000
22676102ns          397550 1c008d8a 02088893 addi             x17, x17, 32        x17=1c000020 x17:1c000000
22676162ns          397553 1c008d8e 0008a883 lw               x17, 0(x17)         x17=0d200000 x17:1c000020  PA:1c000020
22676520ns          397571 1c008d92 a1178553 fle.s            x10, f15, f17       x10=00000000 f15:40fd8cad f17:0d200000
22676540ns          397572 1c008d96 0c051763 bne              x10, x0, 206        x10:00000000
22676559ns          397573 1c008d98 00032883 lw               x17, 0(x6)          x17=42769600  x6:10001f20  PA:10001f20
22676599ns          397575 1c008d9c a0e895d3 flt.s            x11, f17, f14       x11=00000000 f17:42769600 f14:00000000
22676619ns          397576 1c008da0 01100bb3 add              x23, x0, x17        x23=42769600 x17:42769600
22676639ns          397577 1c008da2 00058363 beq              x11, x0, 6          x11:00000000
22676699ns          397580 1c008da8 0006a503 lw               x10, 0(x13)         x10=44800d9f x13:10001f38  PA:10001f38
22676738ns          397582 1c008daa a0e515d3 flt.s            x11, f10, f14       x11=00000000 f10:44800d9f f14:00000000
22676758ns          397583 1c008dae 00a00e33 add              x28, x0, x10        x28=44800d9f x10:44800d9f
22676778ns          397584 1c008db0 00058363 beq              x11, x0, 6          x11:00000000
22676858ns          397588 1c008db6 01cbfbd3 fadd.s           f23, f23, f28       f23=xxxxxxxx f23:42769600 f28:44800d9f
22676878ns          397589 1c008dba a0eba5d3 feq.s            x11, f23, f14       x11=00000000 f23:4487c24f f14:00000000
22676898ns          397590 1c008dbe 00058d63 beq              x11, x0, 26         x11:00000000
22677116ns          397601 1c008dd8 1c0004b7 lui              x9, 0x1c000000       x9=1c000000
22677156ns          397603 1c008ddc 02448493 addi             x9, x9, 36           x9=1c000024  x9:1c000000
22677216ns          397606 1c008de0 0004a483 lw               x9, 0(x9)            x9=34000000  x9:1c000024  PA:1c000024
22677554ns          397623 1c008de2 109bf5d3 fmul.s           f11, f23, f9        f11=xxxxxxxx f23:4487c24f  f9:34000000
22677574ns          397624 1c008de6 a0b785d3 fle.s            x11, f15, f11       x11=00000000 f15:40fd8cad f11:3907c24f
22677594ns          397625 1c008dea 06058863 beq              x11, x0, 112        x11:00000000
22677753ns          397633 1c008e5a fe868693 addi             x13, x13, -24       x13=10001f20 x13:10001f38
22677793ns          397635 1c008e5c fe830313 addi             x6, x6, -24          x6=10001f08  x6:10001f20
22677813ns          397636 1c008e5e fe860613 addi             x12, x12, -24       x12=10001f0c x12:10001f24
22677852ns          397638 1c008e60 01d00433 add              x8, x0, x29          x8=00000002 x29:00000002
22677872ns          397639 1c008e62 00100593 addi             x11, x0, 1          x11=00000001
22677892ns          397640 1c008d76 00062783 lw               x15, 0(x12)         x15=c2bd61ca x12:10001f0c  PA:10001f0c
22677912ns          397641 1c008d78 fff40e93 addi             x29, x8, -1         x29=00000001  x8:00000002
22677932ns          397642 1c008d7c a0e79553 flt.s            x10, f15, f14       x10=00000001 f15:c2bd61ca f14:00000000
22677952ns          397643 1c008d80 00050363 beq              x10, x0, 6          x10:00000001
22677972ns          397644 1c008d82 20f797d3 fsgnjn.s         f15, f15, f15       f15=xxxxxxxx f15:c2bd61ca f15:c2bd61ca
22677992ns          397645 1c008d86 1c0008b7 lui              x17, 0x1c000000     x17=1c000000
22678011ns          397646 1c008d8a 02088893 addi             x17, x17, 32        x17=1c000020 x17:1c000000
22678031ns          397647 1c008d8e 0008a883 lw               x17, 0(x17)         x17=0d200000 x17:1c000020  PA:1c000020
22678350ns          397663 1c008d92 a1178553 fle.s            x10, f15, f17       x10=00000000 f15:42bd61ca f17:0d200000
22678369ns          397664 1c008d96 0c051763 bne              x10, x0, 206        x10:00000000
22678389ns          397665 1c008d98 00032883 lw               x17, 0(x6)          x17=44051726  x6:10001f08  PA:10001f08
22678429ns          397667 1c008d9c a0e895d3 flt.s            x11, f17, f14       x11=00000000 f17:44051726 f14:00000000
22678449ns          397668 1c008da0 01100bb3 add              x23, x0, x17        x23=44051726 x17:44051726
22678469ns          397669 1c008da2 00058363 beq              x11, x0, 6          x11:00000000
22678529ns          397672 1c008da8 0006a503 lw               x10, 0(x13)         x10=42769600 x13:10001f20  PA:10001f20
22678568ns          397674 1c008daa a0e515d3 flt.s            x11, f10, f14       x11=00000000 f10:42769600 f14:00000000
22678588ns          397675 1c008dae 00a00e33 add              x28, x0, x10        x28=42769600 x10:42769600
22678608ns          397676 1c008db0 00058363 beq              x11, x0, 6          x11:00000000
22678688ns          397680 1c008db6 01cbfbd3 fadd.s           f23, f23, f28       f23=xxxxxxxx f23:44051726 f28:42769600
22678708ns          397681 1c008dba a0eba5d3 feq.s            x11, f23, f14       x11=00000000 f23:44148086 f14:00000000
22678727ns          397682 1c008dbe 00058d63 beq              x11, x0, 26         x11:00000000
22678787ns          397685 1c008dd8 1c0004b7 lui              x9, 0x1c000000       x9=1c000000
22678807ns          397686 1c008ddc 02448493 addi             x9, x9, 36           x9=1c000024  x9:1c000000
22678827ns          397687 1c008de0 0004a483 lw               x9, 0(x9)            x9=34000000  x9:1c000024  PA:1c000024
22679165ns          397704 1c008de2 109bf5d3 fmul.s           f11, f23, f9        f11=xxxxxxxx f23:44148086  f9:34000000
22679185ns          397705 1c008de6 a0b785d3 fle.s            x11, f15, f11       x11=00000000 f15:42bd61ca f11:38948086
22679205ns          397706 1c008dea 06058863 beq              x11, x0, 112        x11:00000000
22679265ns          397709 1c008e5a fe868693 addi             x13, x13, -24       x13=10001f08 x13:10001f20
22679284ns          397710 1c008e5c fe830313 addi             x6, x6, -24          x6=10001ef0  x6:10001f08
22679304ns          397711 1c008e5e fe860613 addi             x12, x12, -24       x12=10001ef4 x12:10001f0c
22679324ns          397712 1c008e60 01d00433 add              x8, x0, x29          x8=00000001 x29:00000001
22679344ns          397713 1c008e62 00100593 addi             x11, x0, 1          x11=00000001
22679364ns          397714 1c008d76 00062783 lw               x15, 0(x12)         x15=c24d1df3 x12:10001ef4  PA:10001ef4
22679384ns          397715 1c008d78 fff40e93 addi             x29, x8, -1         x29=00000000  x8:00000001
22679404ns          397716 1c008d7c a0e79553 flt.s            x10, f15, f14       x10=00000001 f15:c24d1df3 f14:00000000
22679424ns          397717 1c008d80 00050363 beq              x10, x0, 6          x10:00000001
22679444ns          397718 1c008d82 20f797d3 fsgnjn.s         f15, f15, f15       f15=xxxxxxxx f15:c24d1df3 f15:c24d1df3
22679463ns          397719 1c008d86 1c0008b7 lui              x17, 0x1c000000     x17=1c000000
22679483ns          397720 1c008d8a 02088893 addi             x17, x17, 32        x17=1c000020 x17:1c000000
22679503ns          397721 1c008d8e 0008a883 lw               x17, 0(x17)         x17=0d200000 x17:1c000020  PA:1c000020
22679821ns          397737 1c008d92 a1178553 fle.s            x10, f15, f17       x10=00000000 f15:424d1df3 f17:0d200000
22679841ns          397738 1c008d96 0c051763 bne              x10, x0, 206        x10:00000000
22679861ns          397739 1c008d98 00032883 lw               x17, 0(x6)          x17=42ca08c9  x6:10001ef0  PA:10001ef0
22679901ns          397741 1c008d9c a0e895d3 flt.s            x11, f17, f14       x11=00000000 f17:42ca08c9 f14:00000000
22679921ns          397742 1c008da0 01100bb3 add              x23, x0, x17        x23=42ca08c9 x17:42ca08c9
22679941ns          397743 1c008da2 00058363 beq              x11, x0, 6          x11:00000000
22680000ns          397746 1c008da8 0006a503 lw               x10, 0(x13)         x10=44051726 x13:10001f08  PA:10001f08
22680040ns          397748 1c008daa a0e515d3 flt.s            x11, f10, f14       x11=00000000 f10:44051726 f14:00000000
22680060ns          397749 1c008dae 00a00e33 add              x28, x0, x10        x28=44051726 x10:44051726
22680080ns          397750 1c008db0 00058363 beq              x11, x0, 6          x11:00000000
22680160ns          397754 1c008db6 01cbfbd3 fadd.s           f23, f23, f28       f23=xxxxxxxx f23:42ca08c9 f28:44051726
22680180ns          397755 1c008dba a0eba5d3 feq.s            x11, f23, f14       x11=00000000 f23:441e583f f14:00000000
22680199ns          397756 1c008dbe 00058d63 beq              x11, x0, 26         x11:00000000
22680259ns          397759 1c008dd8 1c0004b7 lui              x9, 0x1c000000       x9=1c000000
22680279ns          397760 1c008ddc 02448493 addi             x9, x9, 36           x9=1c000024  x9:1c000000
22680299ns          397761 1c008de0 0004a483 lw               x9, 0(x9)            x9=34000000  x9:1c000024  PA:1c000024
22680736ns          397783 1c008de2 109bf5d3 fmul.s           f11, f23, f9        f11=xxxxxxxx f23:441e583f  f9:34000000
22680756ns          397784 1c008de6 a0b785d3 fle.s            x11, f15, f11       x11=00000000 f15:424d1df3 f11:389e583f
22680776ns          397785 1c008dea 06058863 beq              x11, x0, 112        x11:00000000
22680836ns          397788 1c008e5a fe868693 addi             x13, x13, -24       x13=10001ef0 x13:10001f08
22680856ns          397789 1c008e5c fe830313 addi             x6, x6, -24          x6=10001ed8  x6:10001ef0
22680876ns          397790 1c008e5e fe860613 addi             x12, x12, -24       x12=10001edc x12:10001ef4
22680896ns          397791 1c008e60 01d00433 add              x8, x0, x29          x8=00000000 x29:00000000
22680915ns          397792 1c008e62 00100593 addi             x11, x0, 1          x11=00000001
22680935ns          397793 1c008e64 01a007b3 add              x15, x0, x26        x15=3753c463 x26:3753c463
22680955ns          397794 1c008e66 00140e13 addi             x28, x8, 1          x28=00000001  x8:00000000
22680975ns          397795 1c008e6a 01c12e23 sw               x28, 28(x2)         x28:00000001  x2:10001df8  PA:10001e14
22680995ns          397796 1c008e6c 00805e63 bge              x0, x8, 28           x8:00000000
22681094ns          397801 1c008e88 01c12383 lw               x7, 28(x2)           x7=00000001  x2:10001df8  PA:10001e14
22681134ns          397803 1c008e8a 07b3cb63 blt              x7, x27, 118         x7:00000001 x27:00000003
22681234ns          397808 1c008f00 02412503 lw               x10, 36(x2)         x10=00000000  x2:10001df8  PA:10001e1c
22681274ns          397810 1c008f02 4ea52ae3 p.beqimm         x10, 3316           x10:00000000
22681293ns          397811 1c008f06 05412283 lw               x5, 84(x2)           x5=10001f24  x2:10001df8  PA:10001e4c
22681313ns          397812 1c008f08 03012303 lw               x6, 48(x2)           x6=10001f38  x2:10001df8  PA:10001e28
22681333ns          397813 1c008f0a 01400713 addi             x14, x0, 20         x14=00000014
22681353ns          397814 1c008f0c 0002ab03 lw               x22, 0(x5)          x22=40fd8cad  x5:10001f24  PA:10001f24
22681373ns          397815 1c008f10 00032783 lw               x15, 0(x6)          x15=44800d9f  x6:10001f38  PA:10001f38
22681413ns          397817 1c008f14 58e50de3 beq              x10, x14, 3482      x10:00000000 x14:00000014
22681433ns          397818 1c008f18 03412503 lw               x10, 52(x2)         x10=10001f20  x2:10001df8  PA:10001e2c
22681453ns          397819 1c008f1a 05812c03 lw               x24, 88(x2)         x24=10001f34  x2:10001df8  PA:10001e50
22681472ns          397820 1c008f1c 00052b83 lw               x23, 0(x10)         x23=42769600 x10:10001f20  PA:10001f20
22681512ns          397822 1c008f20 000c2903 lw               x18, 0(x24)         x18=40fd8ce0 x24:10001f34  PA:10001f34
22681552ns          397824 1c008f24 00000713 addi             x14, x0, 0          x14=00000000
22681572ns          397825 1c008f28 a0eb9753 flt.s            x14, f23, f14       x14=00000000 f23:42769600 f14:00000000
22681592ns          397826 1c008f2c 4a0711e3 bne              x14, x0, 3234       x14:00000000
22681651ns          397829 1c008f30 01700733 add              x14, x0, x23        x14=42769600 x23:42769600
22681691ns          397831 1c008f32 00000693 addi             x13, x0, 0          x13=00000000
22681711ns          397832 1c008f36 a0d916d3 flt.s            x13, f18, f13       x13=00000000 f18:40fd8ce0 f13:00000000
22681731ns          397833 1c008f3a 01200633 add              x12, x0, x18        x12=40fd8ce0 x18:40fd8ce0
22681751ns          397834 1c008f3c 00068363 beq              x13, x0, 6          x13:00000000
22681850ns          397839 1c008f42 00000693 addi             x13, x0, 0          x13=00000000
22681870ns          397840 1c008f46 a0db16d3 flt.s            x13, f22, f13       x13=00000000 f22:40fd8cad f13:00000000
22681890ns          397841 1c008f4a 00c77753 fadd.s           f14, f14, f12       f14=xxxxxxxx f14:42769600 f12:40fd8ce0
22681910ns          397842 1c008f4e 01600633 add              x12, x0, x22        x12=40fd8cad x22:40fd8cad
22681950ns          397844 1c008f50 00068363 beq              x13, x0, 6          x13:00000000
22682029ns          397848 1c008f56 00000693 addi             x13, x0, 0          x13=00000000
22682049ns          397849 1c008f5a a0d796d3 flt.s            x13, f15, f13       x13=00000000 f15:44800d9f f13:00000000
22682109ns          397852 1c008f5e 00c77753 fadd.s           f14, f14, f12       f14=xxxxxxxx f14:428b23ce f12:40fd8cad
22682149ns          397854 1c008f62 460692e3 bne              x13, x0, 3172       x13:00000000
22682169ns          397855 1c008f66 00f006b3 add              x13, x0, x15        x13=44800d9f x15:44800d9f
22682188ns          397856 1c008f68 00d77c53 fadd.s           f24, f14, f13       f24=xxxxxxxx f14:429afc99 f13:44800d9f
22682208ns          397857 1c008f6c 00000613 addi             x12, x0, 0          x12=00000000
22682248ns          397859 1c008f70 a0cc2753 feq.s            x14, f24, f12       x14=00000000 f24:4489bd69 f12:00000000
22682288ns          397861 1c008f74 42071be3 bne              x14, x0, 3126       x14:00000000
22682308ns          397862 1c008f78 1c000737 lui              x14, 0x1c000000     x14=1c000000
22682328ns          397863 1c008f7c 04c72703 lw               x14, 76(x14)        x14=3f800000 x14:1c000000  PA:1c00004c
22682666ns          397880 1c008f80 19877753 fdiv.s           f14, f14, f24       f14=xxxxxxxx f14:3f800000 f24:4489bd69
22682944ns          397894 1c008f84 10f777d3 fmul.s           f15, f14, f15       f15=xxxxxxxx f14:3a6de5cf f15:44800d9f
22682964ns          397895 1c008f88 1c0006b7 lui              x13, 0x1c000000     x13=1c000000
22682984ns          397896 1c008f8c 0406a683 lw               x13, 64(x13)        x13=3f000000 x13:1c000000  PA:1c000040
22683282ns          397911 1c008f90 79777543 fmadd.s          f10, f14, f23, f15  f10=xxxxxxxx f14:3a6de5cf f23:42769600 f15:3f6dff20
22683302ns          397912 1c008f94 116775d3 fmul.s           f11, f14, f22       f11=xxxxxxxx f14:3a6de5cf f22:40fd8cad
22683322ns          397913 1c008f98 10e97953 fmul.s           f18, f18, f14       f18=xxxxxxxx f18:40fd8ce0 f14:3a6de5cf
22683342ns          397914 1c008f9c 10d576d3 fmul.s           f13, f10, f13       f13=xxxxxxxx f10:3f7c5184 f13:3f000000
22683362ns          397915 1c008fa0 1125f5d3 fmul.s           f11, f11, f18       f11=xxxxxxxx f11:3beb9ed8 f18:3beb9f07
22683382ns          397916 1c008fa4 69777747 fmsub.s          f14, f14, f23, f13  f14=xxxxxxxx f14:3a6de5cf f23:42769600 f13:3efc5184
22683402ns          397917 1c008fa8 08d7fbd3 fsub.s           f23, f15, f13       f23=xxxxxxxx f15:3f6dff20 f13:3efc5184
22683422ns          397918 1c008fac 59777bc7 fmsub.s          f23, f14, f23, f11  f23=xxxxxxxx f14:bedfacbd f23:3edfacbc f11:3858dd2e
22683461ns          397920 1c008fb0 a0cb9653 flt.s            x12, f23, f12       x12=00000001 f23:be437bf3 f12:00000000
22683501ns          397922 1c008fb4 01700b33 add              x22, x0, x23        x22=be437bf3 x23:be437bf3
22683521ns          397923 1c008fb6 00060363 beq              x12, x0, 6          x12:00000001
22683541ns          397924 1c008fb8 217b9b53 fsgnjn.s         f22, f23, f23       f22=xxxxxxxx f23:be437bf3 f23:be437bf3
22683561ns          397925 1c008fbc 00000713 addi             x14, x0, 0          x14=00000000
22683601ns          397927 1c008fc0 a1770653 fle.s            x12, f14, f23       x12=00000000 f14:00000000 f23:be437bf3
22683641ns          397929 1c008fc4 580b7b53 fsqrt.s          f22, f22            f22=xxxxxxxx f22:3e437bf3
22683660ns          397930 1c008fc8 500609e3 beq              x12, x0, 3346       x12:00000000
22684237ns          397959 1c009cda 0166f5d3 fadd.s           f11, f13, f22       f11=xxxxxxxx f13:3efc5184 f22:3edfb47e
22684297ns          397962 1c009cde 0966f6d3 fsub.s           f13, f13, f22       f13=xxxxxxxx f13:3efc5184 f22:3edfb47e
22684337ns          397964 1c009ce2 08f5f653 fsub.s           f12, f11, f15       f12=xxxxxxxx f11:3f6e0301 f15:3f6dff20
22684357ns          397965 1c009ce6 a0e61753 flt.s            x14, f12, f14       x14=00000000 f12:38784000 f14:00000000
22684376ns          397966 1c009cea 00070363 beq              x14, x0, 6          x14:00000000
22684476ns          397971 1c009cf0 08f6f7d3 fsub.s           f15, f13, f15       f15=xxxxxxxx f13:3d64e830 f15:3f6dff20
22684496ns          397972 1c009cf4 00000713 addi             x14, x0, 0          x14=00000000
22684516ns          397973 1c009cf8 a0e79753 flt.s            x14, f15, f14       x14=00000001 f15:bf5fb09d f14:00000000
22684536ns          397974 1c009cfc 00070363 beq              x14, x0, 6          x14:00000001
22684595ns          397977 1c009cfe 20f797d3 fsgnjn.s         f15, f15, f15       f15=xxxxxxxx f15:bf5fb09d f15:bf5fb09d
22684635ns          397979 1c009d02 a0f607d3 fle.s            x15, f12, f15       x15=00000001 f12:38784000 f15:3f5fb09d
22684655ns          397980 1c009d06 02078c63 beq              x15, x0, 56         x15:00000001
22684675ns          397981 1c009d08 10bc7cd3 fmul.s           f25, f24, f11       f25=xxxxxxxx f24:4489bd69 f11:3f6e0301
22684695ns          397982 1c009d0c 00000a93 addi             x21, x0, 0          x21=00000000
22684734ns          397984 1c009d10 01500d33 add              x26, x0, x21        x26=00000000 x21:00000000
22684774ns          397986 1c009d12 ac6ff06f jal              x0, -3386          
22684814ns          397988 1c008fd8 02c12e03 lw               x28, 44(x2)         x28=00000002  x2:10001df8  PA:10001e24
22684854ns          397990 1c008fda 3dc45fe3 bge              x8, x28, 3038        x8:00000000 x28:00000002
22684894ns          397992 1c008fde 00000793 addi             x15, x0, 0          x15=00000000
22684933ns          397994 1c008fe2 a0fa97d3 flt.s            x15, f21, f15       x15=00000000 f21:00000000 f15:00000000
22684953ns          397995 1c008fe6 3c078ce3 beq              x15, x0, 3032       x15:00000000
22685112ns          398003 1c009bbe 01500f33 add              x30, x0, x21        x30=00000000 x21:00000000
22685192ns          398007 1c009bc0 01c00eb3 add              x29, x0, x28        x29=00000002 x28:00000002
22685232ns          398009 1c009bc2 c2eff06f jal              x0, -3026          
22685272ns          398011 1c008ff0 1c000737 lui              x14, 0x1c000000     x14=1c000000
22685291ns          398012 1c008ff4 fffe8793 addi             x15, x29, -1        x15=00000001 x29:00000002
22685311ns          398013 1c008ff8 1c000337 lui              x6, 0x1c000000       x6=1c000000
22685331ns          398014 1c008ffc 01d00a33 add              x20, x0, x29        x20=00000002 x29:00000002
22685351ns          398015 1c008ffe 04c12883 lw               x17, 76(x2)         x17=10001f1c  x2:10001df8  PA:10001e44
22685391ns          398017 1c009000 04812803 lw               x16, 72(x2)         x16=10001ef0  x2:10001df8  PA:10001e40
22685431ns          398019 1c009002 00000513 addi             x10, x0, 0          x10=00000000
22685451ns          398020 1c009006 04c72f83 lw               x31, 76(x14)        x31=3f800000 x14:1c000000  PA:1c00004c
22685769ns          398036 1c00900a 02432283 lw               x5, 36(x6)           x5=34000000  x6:1c000000  PA:1c000024
22686067ns          398051 1c00900e 408e8eb3 sub              x29, x29, x8        x29=00000002 x29:00000002  x8:00000000
22686087ns          398052 1c009012 5287cce3 blt              x15, x8, 3384       x15:00000001  x8:00000000
22686107ns          398053 1c009016 800007b7 lui              x15, 0x80000000     x15=80000000
22686127ns          398054 1c00901a fff7c793 xori             x15, x15, -1        x15=7fffffff x15:80000000
22686187ns          398057 1c00901e 52f406e3 beq              x8, x15, 3372        x8:00000000 x15:7fffffff
22686226ns          398059 1c009022 08fec0fb lp.setup         0x1, x29, 0x8f      x29:00000002
22686246ns          398060 1c009026 01882583 lw               x11, 24(x16)        x11=44051726 x16:10001ef0  PA:10001f08
22686266ns          398061 1c00902a fffa0613 addi             x12, x20, -1        x12=00000001 x20:00000002
22686326ns          398064 1c00902e 0995f353 fsub.s           f6, f11, f25         f6=xxxxxxxx f11:44051726 f25:44800fb5
22686366ns          398066 1c009032 a0a317d3 flt.s            x15, f6, f10        x15=00000001  f6:c3f61088 f10:00000000
22686385ns          398067 1c009036 00600733 add              x14, x0, x6         x14=c3f61088  x6:c3f61088
22686405ns          398068 1c009038 00078363 beq              x15, x0, 6          x15:00000001
22686425ns          398069 1c00903a 20631753 fsgnjn.s         f14, f6, f6         f14=xxxxxxxx  f6:c3f61088  f6:c3f61088
22686465ns          398071 1c00903e 01c82683 lw               x13, 28(x16)        x13=c2bd61ca x16:10001ef0  PA:10001f0c
22686505ns          398073 1c009042 00ef7753 fadd.s           f14, f30, f14       f14=xxxxxxxx f30:00000000 f14:43f61088
22686525ns          398074 1c009046 a0a697d3 flt.s            x15, f13, f10       x15=00000001 f13:c2bd61ca f10:00000000
22686545ns          398075 1c00904a 22079fe3 bne              x15, x0, 2622       x15:00000001
22686684ns          398082 1c009a88 20d697d3 fsgnjn.s         f15, f13, f13       f15=xxxxxxxx f13:c2bd61ca f13:c2bd61ca
22686724ns          398084 1c009a8c dc4ff06f jal              x0, -2620          
22686823ns          398089 1c009050 00f77753 fadd.s           f14, f14, f15       f14=xxxxxxxx f14:43f61088 f15:42bd61ca
22686843ns          398090 1c009054 18eff753 fdiv.s           f14, f31, f14       f14=xxxxxxxx f31:3f800000 f14:4412b47d
22687281ns          398112 1c009058 10e37e53 fmul.s           f28, f6, f14        f28=xxxxxxxx  f6:c3f61088 f14:3adf5c19
22687300ns          398113 1c00905c 10e6f3d3 fmul.s           f7, f13, f14         f7=xxxxxxxx f13:c2bd61ca f14:3adf5c19
22687320ns          398114 1c009060 0008a783 lw               x15, 0(x17)         x15=c2bd61cc x17:10001f1c  PA:10001f1c
22687340ns          398115 1c009064 106e7353 fmul.s           f6, f28, f6          f6=xxxxxxxx f28:bf56b0ec  f6:c3f61088
22687360ns          398116 1c009068 0048ae03 lw               x28, 4(x17)         x28=42769600 x17:10001f1c  PA:10001f20
22687380ns          398117 1c00906c 11577753 fmul.s           f14, f14, f21       f14=xxxxxxxx f14:3adf5c19 f21:00000000
22687420ns          398119 1c009070 30f3f7c3 fmadd.s          f15, f7, f15, f6    f15=xxxxxxxx  f7:be253c51 f15:c2bd61cc  f6:43ce5be0
22687460ns          398121 1c009074 01c5f6d3 fadd.s           f13, f11, f28       f13=xxxxxxxx f11:44051726 f28:42769600
22687479ns          398122 1c009078 0088a303 lw               x6, 8(x17)           x6=40fd8cad x17:10001f1c  PA:10001f24
22687499ns          398123 1c00907c 79a777cb fnmsub.s         f15, f14, f26, f15  f15=xxxxxxxx f14:00000000 f26:00000000 f15:43d5ffaa
22687559ns          398126 1c009080 0996f6d3 fsub.s           f13, f13, f25       f13=xxxxxxxx f13:44148086 f25:44800fb5
22687599ns          398128 1c009084 1063f353 fmul.s           f6, f7, f6           f6=xxxxxxxx  f7:be253c51  f6:40fd8cad
22687619ns          398129 1c009088 a0a79753 flt.s            x14, f15, f10       x14=00000000 f15:43d5ffaa f10:00000000
22687639ns          398130 1c00908c 0996f6d3 fsub.s           f13, f13, f25       f13=xxxxxxxx f13:c3d73dc8 f25:44800fb5
22687698ns          398133 1c009090 1076f6d3 fmul.s           f13, f13, f7        f13=xxxxxxxx f13:c4b5df27  f7:be253c51
22687738ns          398135 1c009094 00f003b3 add              x7, x0, x15          x7=43d5ffaa x15:43d5ffaa
22687758ns          398136 1c009096 00070363 beq              x14, x0, 6          x14:00000000
22687877ns          398142 1c00909c a0a69753 flt.s            x14, f13, f10       x14=00000000 f13:436ac75c f10:00000000
22687897ns          398143 1c0090a0 00d00c33 add              x24, x0, x13        x24=436ac75c x13:436ac75c
22687917ns          398144 1c0090a2 00070363 beq              x14, x0, 6          x14:00000000
22687977ns          398147 1c0090a8 a0a31753 flt.s            x14, f6, f10        x14=00000001  f6:bfa3a769 f10:00000000
22687997ns          398148 1c0090ac 007c7c53 fadd.s           f24, f24, f7        f24=xxxxxxxx f24:436ac75c  f7:43d5ffaa
22688056ns          398151 1c0090b0 1a071ae3 bne              x14, x0, 2484       x14:00000001
22688156ns          398156 1c009a64 20631753 fsgnjn.s         f14, f6, f6         f14=xxxxxxxx  f6:bfa3a769  f6:bfa3a769
22688195ns          398158 1c009a68 00ec7c53 fadd.s           f24, f24, f14       f24=xxxxxxxx f24:4425b1ac f14:3fa3a769
22688215ns          398159 1c009a6c 1187fbd3 fmul.s           f23, f15, f24       f23=xxxxxxxx f15:43d5ffaa f24:44260380
22688275ns          398162 1c009a70 1186fb53 fmul.s           f22, f13, f24       f22=xxxxxxxx f13:436ac75c f24:44260380
22688315ns          398164 1c009a74 11837953 fmul.s           f18, f6, f24        f18=xxxxxxxx  f6:bfa3a769 f24:44260380
22688335ns          398165 1c009a78 e4861963 bne              x12, x8, -2478      x12:00000001  x8:00000000
22688474ns          398172 1c0090ca 00482683 lw               x13, 4(x16)         x13=c24d1df3 x16:10001ef0  PA:10001ef4
22688534ns          398175 1c0090ce a0a697d3 flt.s            x15, f13, f10       x15=00000001 f13:c24d1df3 f10:00000000
22688554ns          398176 1c0090d2 00078363 beq              x15, x0, 6          x15:00000001
22688573ns          398177 1c0090d4 20d696d3 fsgnjn.s         f13, f13, f13       f13=xxxxxxxx f13:c24d1df3 f13:c24d1df3
22688593ns          398178 1c0090d8 a0ab17d3 flt.s            x15, f22, f10       x15=00000000 f22:4818407b f10:00000000
22688613ns          398179 1c0090dc 01600333 add              x6, x0, x22          x6=4818407b x22:4818407b
22688633ns          398180 1c0090de 00078363 beq              x15, x0, 6          x15:00000000
22688713ns          398184 1c0090e4 a0a917d3 flt.s            x15, f18, f10       x15=00000001 f18:c4544196 f10:00000000
22688733ns          398185 1c0090e8 01200733 add              x14, x0, x18        x14=c4544196 x18:c4544196
22688752ns          398186 1c0090ea 00078363 beq              x15, x0, 6          x15:00000001
22688772ns          398187 1c0090ec 21291753 fsgnjn.s         f14, f18, f18       f14=xxxxxxxx f18:c4544196 f18:c4544196
22688812ns          398189 1c0090f0 00677753 fadd.s           f14, f14, f6        f14=xxxxxxxx f14:44544196  f6:4818407b
22688852ns          398191 1c0090f4 a0ab97d3 flt.s            x15, f23, f10       x15=00000000 f23:488ac6b5 f10:00000000
22688872ns          398192 1c0090f8 01700333 add              x6, x0, x23          x6=488ac6b5 x23:488ac6b5
22688892ns          398193 1c0090fa 10d776d3 fmul.s           f13, f14, f13       f13=xxxxxxxx f14:481914bd f13:424d1df3
22688912ns          398194 1c0090fe 00078363 beq              x15, x0, 6          x15:00000000
22688991ns          398198 1c009104 00082703 lw               x14, 0(x16)         x14=42ca08c9 x16:10001ef0  PA:10001ef0
22689011ns          398199 1c009108 10537353 fmul.s           f6, f6, f5           f6=xxxxxxxx  f6:488ac6b5  f5:34000000
22689031ns          398200 1c00910c a0a717d3 flt.s            x15, f14, f10       x15=00000000 f14:42ca08c9 f10:00000000
22689091ns          398203 1c009110 00078363 beq              x15, x0, 6          x15:00000000
22689170ns          398207 1c009116 a0a597d3 flt.s            x15, f11, f10       x15=00000000 f11:44051726 f10:00000000
22689190ns          398208 1c00911a 00078363 beq              x15, x0, 6          x15:00000000
22689289ns          398213 1c009120 a0ae17d3 flt.s            x15, f28, f10       x15=00000000 f28:42769600 f10:00000000
22689309ns          398214 1c009124 00e5f753 fadd.s           f14, f11, f14       f14=xxxxxxxx f11:44051726 f14:42ca08c9
22689329ns          398215 1c009128 00078363 beq              x15, x0, 6          x15:00000000
22689468ns          398222 1c00912e 01c77753 fadd.s           f14, f14, f28       f14=xxxxxxxx f14:441e583f f28:42769600
22689488ns          398223 1c009132 10677753 fmul.s           f14, f14, f6        f14=xxxxxxxx f14:442dc19f  f6:3d0ac6b5
22689508ns          398224 1c009136 a0e68753 fle.s            x14, f13, f14       x14=00000000 f13:4af54f08 f14:41bc627d
22689528ns          398225 1c00913a 00071463 bne              x14, x0, 8          x14:00000000
22689548ns          398226 1c00913c fe880813 addi             x16, x16, -24       x16=10001ed8 x16:10001ef0
22689568ns          398227 1c00913e fe888893 addi             x17, x17, -24       x17=10001f04 x17:10001f1c
22689588ns          398228 1c009140 00c00a33 add              x20, x0, x12        x20=00000001 x12:00000001
22689648ns          398231 1c009026 01882583 lw               x11, 24(x16)        x11=42ca08c9 x16:10001ed8  PA:10001ef0
22689667ns          398232 1c00902a fffa0613 addi             x12, x20, -1        x12=00000000 x20:00000001
22689687ns          398233 1c00902e 0995f353 fsub.s           f6, f11, f25         f6=xxxxxxxx f11:42ca08c9 f25:44800fb5
22689707ns          398234 1c009032 a0a317d3 flt.s            x15, f6, f10        x15=00000001  f6:c466de51 f10:00000000
22689727ns          398235 1c009036 00600733 add              x14, x0, x6         x14=c466de51  x6:c466de51
22689747ns          398236 1c009038 00078363 beq              x15, x0, 6          x15:00000001
22689767ns          398237 1c00903a 20631753 fsgnjn.s         f14, f6, f6         f14=xxxxxxxx  f6:c466de51  f6:c466de51
22689787ns          398238 1c00903e 01c82683 lw               x13, 28(x16)        x13=c24d1df3 x16:10001ed8  PA:10001ef4
22689807ns          398239 1c009042 00ef7753 fadd.s           f14, f30, f14       f14=xxxxxxxx f30:00000000 f14:4466de51
22689827ns          398240 1c009046 a0a697d3 flt.s            x15, f13, f10       x15=00000001 f13:c24d1df3 f10:00000000
22689846ns          398241 1c00904a 22079fe3 bne              x15, x0, 2622       x15:00000001
22689906ns          398244 1c009a88 20d697d3 fsgnjn.s         f15, f13, f13       f15=xxxxxxxx f13:c24d1df3 f13:c24d1df3
22689926ns          398245 1c009a8c dc4ff06f jal              x0, -2620          
22689966ns          398247 1c009050 00f77753 fadd.s           f14, f14, f15       f14=xxxxxxxx f14:4466de51 f15:424d1df3
22689986ns          398248 1c009054 18eff753 fdiv.s           f14, f31, f14       f14=xxxxxxxx f31:3f800000 f14:4473b030
22690264ns          398262 1c009058 10e37e53 fmul.s           f28, f6, f14        f28=xxxxxxxx  f6:c466de51 f14:3a867786
22690284ns          398263 1c00905c 10e6f3d3 fmul.s           f7, f13, f14         f7=xxxxxxxx f13:c24d1df3 f14:3a867786
22690304ns          398264 1c009060 0008a783 lw               x15, 0(x17)         x15=c24d1df8 x17:10001f04  PA:10001f04
22690324ns          398265 1c009064 106e7353 fmul.s           f6, f28, f6          f6=xxxxxxxx f28:bf728851  f6:c466de51
22690344ns          398266 1c009068 0048ae03 lw               x28, 4(x17)         x28=44051726 x17:10001f04  PA:10001f08
22690364ns          398267 1c00906c 11577753 fmul.s           f14, f14, f21       f14=xxxxxxxx f14:3a867786 f21:00000000
22690403ns          398269 1c009070 30f3f7c3 fmadd.s          f15, f7, f15, f6    f15=xxxxxxxx  f7:bd577ae3 f15:c24d1df8  f6:445ab918
22690443ns          398271 1c009074 01c5f6d3 fadd.s           f13, f11, f28       f13=xxxxxxxx f11:42ca08c9 f28:44051726
22690463ns          398272 1c009078 0088a303 lw               x6, 8(x17)           x6=c2bd61ca x17:10001f04  PA:10001f0c
22690483ns          398273 1c00907c 79a777cb fnmsub.s         f15, f14, f26, f15  f15=xxxxxxxx f14:00000000 f26:00000000 f15:445b65bf
22690503ns          398274 1c009080 0996f6d3 fsub.s           f13, f13, f25       f13=xxxxxxxx f13:441e583f f25:44800fb5
22690523ns          398275 1c009084 1063f353 fmul.s           f6, f7, f6           f6=xxxxxxxx  f7:bd577ae3  f6:c2bd61ca
22690543ns          398276 1c009088 a0a79753 flt.s            x14, f15, f10       x14=00000000 f15:445b65bf f10:00000000
22690562ns          398277 1c00908c 0996f6d3 fsub.s           f13, f13, f25       f13=xxxxxxxx f13:c3c38e56 f25:44800fb5
22690582ns          398278 1c009090 1076f6d3 fmul.s           f13, f13, f7        f13=xxxxxxxx f13:c4b0f34a  f7:bd577ae3
22690602ns          398279 1c009094 00f003b3 add              x7, x0, x15          x7=445b65bf x15:445b65bf
22690622ns          398280 1c009096 00070363 beq              x14, x0, 6          x14:00000000
22690682ns          398283 1c00909c a0a69753 flt.s            x14, f13, f10       x14=00000000 f13:4294f144 f10:00000000
22690702ns          398284 1c0090a0 00d00c33 add              x24, x0, x13        x24=4294f144 x13:4294f144
22690722ns          398285 1c0090a2 00070363 beq              x14, x0, 6          x14:00000000
22690781ns          398288 1c0090a8 a0a31753 flt.s            x14, f6, f10        x14=00000000  f6:409f6809 f10:00000000
22690801ns          398289 1c0090ac 007c7c53 fadd.s           f24, f24, f7        f24=xxxxxxxx f24:4294f144  f7:445b65bf
22690821ns          398290 1c0090b0 1a071ae3 bne              x14, x0, 2484       x14:00000000
22690841ns          398291 1c0090b4 00600733 add              x14, x0, x6         x14=409f6809  x6:409f6809
22690861ns          398292 1c0090b6 00ec7c53 fadd.s           f24, f24, f14       f24=xxxxxxxx f24:446e03e8 f14:409f6809
22690881ns          398293 1c0090ba 1187fbd3 fmul.s           f23, f15, f24       f23=xxxxxxxx f15:445b65bf f24:446f42b8
22690940ns          398296 1c0090be 1186fb53 fmul.s           f22, f13, f24       f22=xxxxxxxx f13:4294f144 f24:446f42b8
22690980ns          398298 1c0090c2 11837953 fmul.s           f18, f6, f24        f18=xxxxxxxx  f6:409f6809 f24:446f42b8
22691000ns          398299 1c0090c6 1a860be3 beq              x12, x8, 2486       x12:00000000  x8:00000000
22691100ns          398304 1c009a7c 09212623 sw               x18, 140(x2)        x18:4594fbac  x2:10001df8  PA:10001e84
22691119ns          398305 1c009a7e 09712223 sw               x23, 132(x2)        x23:494d0d2b  x2:10001df8  PA:10001e7c
22691139ns          398306 1c009a80 09612423 sw               x22, 136(x2)        x22:478b3410  x2:10001df8  PA:10001e80
22691159ns          398307 1c009a82 01c12a03 lw               x20, 28(x2)         x20=00000001  x2:10001df8  PA:10001e14
22691179ns          398308 1c009a84 ecaff06f jal              x0, -2358          
22691338ns          398316 1c00914e 002a1813 slli             x16, x20, 0x2       x16=00000004 x20:00000001
22691378ns          398318 1c009152 400006b7 lui              x13, 0x40000000     x13=40000000
22691398ns          398319 1c009156 01812383 lw               x7, 24(x2)           x7=10001ef0  x2:10001df8  PA:10001e10
22691418ns          398320 1c009158 014807b3 add              x15, x16, x20       x15=00000005 x16:00000004 x20:00000001
22691438ns          398321 1c00915c ff568693 addi             x13, x13, -11       x13=3ffffff5 x13:40000000
22691458ns          398322 1c00915e 00f008b3 add              x17, x0, x15        x17=00000005 x15:00000005
22691477ns          398323 1c009160 014686b3 add              x13, x13, x20       x13=3ffffff6 x13:3ffffff5 x20:00000001
22691497ns          398324 1c009162 00279793 slli             x15, x15, 0x2       x15=00000014 x15:00000005
22691517ns          398325 1c009164 011686b3 add              x13, x13, x17       x13=3ffffffb x13:3ffffff6 x17:00000005
22691537ns          398326 1c009166 06038513 addi             x10, x7, 96         x10=10001f50  x7:10001ef0
22691557ns          398327 1c00916a 05012483 lw               x9, 80(x2)           x9=10001f54  x2:10001df8  PA:10001e48
22691577ns          398328 1c00916c fec78613 addi             x12, x15, -20       x12=00000000 x15:00000014
22691617ns          398330 1c009170 00269693 slli             x13, x13, 0x2       x13=ffffffec x13:3ffffffb
22691637ns          398331 1c009172 01050533 add              x10, x10, x16       x10=10001f54 x10:10001f50 x16:00000004
22691656ns          398332 1c009174 014005b3 add              x11, x0, x20        x11=00000001 x20:00000001
22691676ns          398333 1c009176 00f48733 add              x14, x9, x15        x14=10001f68  x9:10001f54 x15:00000014
22691696ns          398334 1c00917a 05812023 sw               x24, 64(x2)         x24:446f42b8  x2:10001df8  PA:10001e38
22691716ns          398335 1c00917c 05912223 sw               x25, 68(x2)         x25:44800fb5  x2:10001df8  PA:10001e3c
22691736ns          398336 1c00917e 007787b3 add              x15, x15, x7        x15=10001f04 x15:00000014  x7:10001ef0
22691756ns          398337 1c009180 01400cb3 add              x25, x0, x20        x25=00000001 x20:00000001
22691776ns          398338 1c009182 007686b3 add              x13, x13, x7        x13=10001edc x13:ffffffec  x7:10001ef0
22691796ns          398339 1c009184 00c38fb3 add              x31, x7, x12        x31=10001ef0  x7:10001ef0 x12:00000000
22691816ns          398340 1c009188 01100c33 add              x24, x0, x17        x24=00000005 x17:00000005
22691835ns          398341 1c00918a 00a00a33 add              x20, x0, x10        x20=10001f54 x10:10001f54
22691855ns          398342 1c00918c 0bb587e3 beq              x11, x27, 2222      x11:00000001 x27:00000003
22691895ns          398344 1c009190 16bccbe3 blt              x25, x11, 2422      x25:00000001 x11:00000001
22691935ns          398346 1c009194 08412503 lw               x10, 132(x2)        x10=494d0d2b  x2:10001df8  PA:10001e7c
22691955ns          398347 1c009196 08812803 lw               x16, 136(x2)        x16=478b3410  x2:10001df8  PA:10001e80
22691975ns          398348 1c009198 00000613 addi             x12, x0, 0          x12=00000000
22691995ns          398349 1c00919c a0c81653 flt.s            x12, f16, f12       x12=00000000 f16:478b3410 f12:00000000
22692034ns          398351 1c0091a0 00060363 beq              x12, x0, 6          x12:00000000
22692114ns          398355 1c0091a6 1c000e37 lui              x28, 0x1c000000     x28=1c000000
22692134ns          398356 1c0091aa 01ce0e13 addi             x28, x28, 28        x28=1c00001c x28:1c000000
22692194ns          398359 1c0091ae 000e2e03 lw               x28, 0(x28)         x28=00800000 x28:1c00001c  PA:1c00001c
22692552ns          398377 1c0091b2 a10e1653 flt.s            x12, f28, f16       x12=00000001 f28:00800000 f16:478b3410
22692571ns          398378 1c0091b6 10061be3 bne              x12, x0, 2326       x12:00000001
22692750ns          398387 1c009acc 1c000337 lui              x6, 0x1c000000       x6=1c000000
22692830ns          398391 1c009ad0 01c30313 addi             x6, x6, 28           x6=1c00001c  x6:1c000000
22692870ns          398393 1c009ad4 00000893 addi             x17, x0, 0          x17=00000000
22692890ns          398394 1c009ad8 1c0003b7 lui              x7, 0x1c000000       x7=1c000000
22692910ns          398395 1c009adc 00032303 lw               x6, 0(x6)            x6=00800000  x6:1c00001c  PA:1c00001c
22693248ns          398412 1c009ae0 04c38393 addi             x7, x7, 76           x7=1c00004c  x7:1c000000
22693268ns          398413 1c009ae4 19037653 fdiv.s           f12, f6, f16        f12=xxxxxxxx  f6:00800000 f16:478b3410
22693546ns          398427 1c009ae8 111678d3 fmul.s           f17, f12, f17       f17=xxxxxxxx f12:00000076 f17:00000000
22693566ns          398428 1c009aec 0003a383 lw               x7, 0(x7)            x7=3f800000  x7:1c00004c  PA:1c00004c
22693884ns          398444 1c009af0 38c8f8c3 fmadd.s          f17, f17, f12, f7   f17=xxxxxxxx f17:00000000 f12:00000076  f7:3f800000
22693904ns          398445 1c009af4 ed4ff06f jal              x0, -2348          
22693944ns          398447 1c0091c8 08c12603 lw               x12, 140(x2)        x12=4594fbac  x2:10001df8  PA:10001e84
22693964ns          398448 1c0091ca 00000313 addi             x6, x0, 0            x6=00000000
22694023ns          398451 1c0091ce a0661353 flt.s            x6, f12, f6          x6=00000000 f12:4594fbac  f6:00000000
22694063ns          398453 1c0091d2 00030463 beq              x6, x0, 8            x6:00000000
22694143ns          398457 1c0091da a0c81353 flt.s            x6, f16, f12         x6=00000000 f16:478b3410 f12:4594fbac
22694202ns          398460 1c0091de 10030de3 beq              x6, x0, 2330         x6:00000000
22694262ns          398463 1c009af8 19067653 fdiv.s           f12, f12, f16       f12=xxxxxxxx f12:4594fbac f16:478b3410
22694541ns          398477 1c009afc 88c678c3 fmadd.s          f17, f12, f12, f17  f17=xxxxxxxx f12:3d88fe1d f12:3d88fe1d f17:3f800000
22694561ns          398478 1c009b00 01000633 add              x12, x0, x16        x12=478b3410 x16:478b3410
22694580ns          398479 1c009b02 ef8ff06f jal              x0, -2312          
22694700ns          398485 1c0091fa 5808f853 fsqrt.s          f16, f17            f16=xxxxxxxx f17:3f80929e
22694978ns          398499 1c0091fe 10c87653 fmul.s           f12, f16, f12       f12=xxxxxxxx f16:3f80493a f12:478b3410
22694998ns          398500 1c009202 00300893 addi             x17, x0, 3          x17=00000003
22695018ns          398501 1c009204 00200e93 addi             x29, x0, 2          x29=00000002
22695038ns          398502 1c009206 00000813 addi             x16, x0, 0          x16=00000000
22695058ns          398503 1c00920a a1062353 feq.s            x6, f12, f16         x6=00000000 f12:478b83b3 f16:00000000
22695117ns          398506 1c00920e 040318e3 bne              x6, x0, 2128         x6:00000000
22695157ns          398508 1c009212 a1051853 flt.s            x16, f10, f16       x16=00000000 f10:494d0d2b f16:00000000
22695177ns          398509 1c009216 180812e3 bne              x16, x0, 2436       x16:00000000
22695197ns          398510 1c00921a 00a00833 add              x16, x0, x10        x16=494d0d2b x10:494d0d2b
22695217ns          398511 1c00921c 00000313 addi             x6, x0, 0            x6=00000000
22695257ns          398513 1c009220 a0661353 flt.s            x6, f12, f6          x6=00000000 f12:478b83b3  f6:00000000
22695296ns          398515 1c009224 00030463 beq              x6, x0, 8            x6:00000000
22695356ns          398518 1c00922c a0c81353 flt.s            x6, f16, f12         x6=00000000 f16:494d0d2b f12:478b83b3
22695416ns          398521 1c009230 12031ce3 bne              x6, x0, 2360         x6:00000000
22695456ns          398523 1c009234 a1061353 flt.s            x6, f12, f16         x6=00000001 f12:478b83b3 f16:494d0d2b
22695475ns          398524 1c009238 18031fe3 bne              x6, x0, 2462         x6:00000001
22695674ns          398534 1c009bd6 1c000337 lui              x6, 0x1c000000       x6=1c000000
22695694ns          398535 1c009bda 04c30313 addi             x6, x6, 76           x6=1c00004c  x6:1c000000
22695754ns          398538 1c009bde 00032303 lw               x6, 0(x6)            x6=3f800000  x6:1c00004c  PA:1c00004c
22696152ns          398558 1c009be2 19067653 fdiv.s           f12, f12, f16       f12=xxxxxxxx f12:478b83b3 f16:494d0d2b
22696430ns          398572 1c009be6 30c67643 fmadd.s          f12, f12, f12, f6   f12=xxxxxxxx f12:3dae2de1 f12:3dae2de1  f6:3f800000
22696450ns          398573 1c009bea 58067653 fsqrt.s          f12, f12            f12=xxxxxxxx f12:3f80ed05
22696729ns          398587 1c009bee 10c87653 fmul.s           f12, f16, f12       f12=xxxxxxxx f16:494d0d2b f12:3f80764c
22696749ns          398588 1c009bf2 e62ff06f jal              x0, -2462          
22696828ns          398592 1c009254 00000813 addi             x16, x0, 0          x16=00000000
22696868ns          398594 1c009258 a0a80853 fle.s            x16, f16, f10       x16=00000001 f16:00000000 f10:494d0d2b
22696888ns          398595 1c00925c 00080463 beq              x16, x0, 8          x16:00000001
22696947ns          398598 1c009260 20c61653 fsgnjn.s         f12, f12, f12       f12=xxxxxxxx f12:494dcaad f12:494dcaad
22696987ns          398600 1c009264 00000813 addi             x16, x0, 0          x16=00000000
22697007ns          398601 1c009268 a1061853 flt.s            x16, f12, f16       x16=00000001 f12:c94dcaad f16:00000000
22697027ns          398602 1c00926c 12081be3 bne              x16, x0, 2358       x16:00000001
22697305ns          398616 1c009ba2 20c61853 fsgnjn.s         f16, f12, f12       f16=xxxxxxxx f12:c94dcaad f12:c94dcaad
22697325ns          398617 1c009ba6 eccff06f jal              x0, -2356          
22697385ns          398620 1c009272 1c0004b7 lui              x9, 0x1c000000       x9=1c000000
22697405ns          398621 1c009276 03048493 addi             x9, x9, 48           x9=1c000030  x9:1c000000
22697425ns          398622 1c00927a 0004a483 lw               x9, 0(x9)            x9=0c000000  x9:1c000030  PA:1c000030
22697763ns          398639 1c00927c a0981853 flt.s            x16, f16, f9        x16=00000000 f16:494dcaad  f9:0c000000
22697783ns          398640 1c009280 0a080ce3 beq              x16, x0, 2232       x16:00000000
22697882ns          398645 1c009b38 1c000337 lui              x6, 0x1c000000       x6=1c000000
22697922ns          398647 1c009b3c 04c32803 lw               x16, 76(x6)         x16=3f800000  x6:1c000000  PA:1c00004c
22698260ns          398664 1c009b40 08c57353 fsub.s           f6, f10, f12         f6=xxxxxxxx f10:494d0d2b f12:c94dcaad
22698280ns          398665 1c009b44 18687853 fdiv.s           f16, f16, f6        f16=xxxxxxxx f16:3f800000  f6:49cd6bec  PA:10001e80
22698300ns          398666 1c009b48 08812303 lw               x6, 136(x2)          x6=xxxxxxxx  x2:10001df8
22698320ns          398667 1c009b4a 08a679d3 fsub.s           f19, f12, f10       f19=xxxxxxxx f12:c94dcaad f10:494d0d2b
22698598ns          398681 1c009b4e 11037353 fmul.s           f6, f6, f16          f6=xxxxxxxx  f6:478b3410 f16:351f8410
22698618ns          398682 1c009b52 18c9f9d3 fdiv.s           f19, f19, f12       f19=xxxxxxxx f19:c9cd6bec f12:c94dcaad  PA:10001e80
22698638ns          398683 1c009b56 08612423 sw               x6, 136(x2)          x6:3d2d7a4b  x2:10001df8
22698658ns          398684 1c009b58 0038b663 p.bneimm         x17, 12             x17:00000003  PA:10001e84
22698678ns          398685 1c009b5c 08c12503 lw               x10, 140(x2)        x10=xxxxxxxx  x2:10001df8
22698738ns          398688 1c009b5e 11057853 fmul.s           f16, f10, f16       f16=xxxxxxxx f10:4594fbac f16:351f8410
22698917ns          398697 1c009b62 09012623 sw               x16, 140(x2)        x16:3b39aa56  x2:10001df8  PA:10001e84
22698936ns          398698 1c009b64 00c00533 add              x10, x0, x12        x10=c94dcaad x12:c94dcaad
22698956ns          398699 1c009b66 87fff06f jal              x0, -1922          
22699036ns          398703 1c0093e4 08a12223 sw               x10, 132(x2)        x10:c94dcaad  x2:10001df8  PA:10001e7c
22699076ns          398705 1c0093e6 4cbcd763 bge              x25, x11, 1230      x25:00000001 x11:00000001
22699235ns          398713 1c0098b4 01c12383 lw               x7, 28(x2)           x7=00000001  x2:10001df8  PA:10001e14
22699275ns          398715 1c0098b6 b593d1e3 bge              x7, x25, -1214       x7:00000001 x25:00000001
22699394ns          398721 1c0093f8 08812b83 lw               x23, 136(x2)        x23=3d2d7a4b  x2:10001df8  PA:10001e80
22699434ns          398723 1c0093fa 1179fb53 fmul.s           f22, f19, f23       f22=xxxxxxxx f19:3fff8a21 f23:3d2d7a4b
22699474ns          398725 1c0093fe 4c38bd63 p.bneimm         x17, 1242           x17:00000003
22699513ns          398727 1c009402 01468313 addi             x6, x13, 20          x6=10001ef0 x13:10001edc
22699533ns          398728 1c009406 406a08b3 sub              x17, x20, x6        x17=00000064 x20:10001f54  x6:10001ef0
22699553ns          398729 1c00940a 08c12d03 lw               x26, 140(x2)        x26=3b39aa56  x2:10001df8  PA:10001e84
22699573ns          398730 1c00940c fec88893 addi             x17, x17, -20       x17=00000050 x17:00000064
22699613ns          398732 1c00940e 0cccd637 lui              x12, 0xcccd000      x12=0cccd000
22699653ns          398734 1c009412 0028d893 srli             x17, x17, 0x2       x17=00000014 x17:00000050
22699672ns          398735 1c009416 ccd60613 addi             x12, x12, -819      x12=0ccccccd x12:0cccd000
22699692ns          398736 1c00941a 02c888b3 mul              x17, x17, x12       x17=00000004 x17:00000014 x12:0ccccccd
22699752ns          398739 1c00941e 113d7ad3 fmul.s           f21, f26, f19       f21=xxxxxxxx f26:3b39aa56 f19:3fff8a21
22699772ns          398740 1c009422 01868693 addi             x13, x13, 24        x13=10001ef4 x13:10001edc
22699792ns          398741 1c009424 c3e8b8b3 p.bclr           x17, x17, 1, 30     x17=00000004 x17:00000004
22699812ns          398742 1c009428 02d12423 sw               x13, 40(x2)         x13:10001ef4  x2:10001df8  PA:10001e20
22699832ns          398743 1c00942a 00d00533 add              x10, x0, x13        x10=10001ef4 x13:10001ef4
22699851ns          398744 1c00942c 00188893 addi             x17, x17, 1         x17=00000005 x17:00000004
22699891ns          398746 1c00942e 0168c0fb lp.setup         0x1, x17, 0x16      x17:00000005
22699911ns          398747 1c009432 00052603 lw               x12, 0(x10)         x12=c24d1df3 x10:10001ef4  PA:10001ef4
22699931ns          398748 1c009434 00032803 lw               x16, 0(x6)          x16=42ca08c9  x6:10001ef0  PA:10001ef0
22699951ns          398749 1c009438 00452e03 lw               x28, 4(x10)         x28=00000000 x10:10001ef4  PA:10001ef8
22699971ns          398750 1c00943c 817676c3 fmadd.s          f13, f12, f23, f16  f13=xxxxxxxx f12:c24d1df3 f23:3d2d7a4b f16:42ca08c9
22700030ns          398753 1c009440 01450513 addi             x10, x10, 20        x10=10001f08 x10:10001ef4
22700070ns          398755 1c009442 69cd76c3 fmadd.s          f13, f26, f28, f13  f13=xxxxxxxx f26:3b39aa56 f28:00000000 f13:42c5b0cf
22700090ns          398756 1c009446 8136f84b fnmsub.s         f16, f13, f19, f16  f16=xxxxxxxx f13:42c5b0cf f19:3fff8a21 f16:42ca08c9
22700110ns          398757 1c00944a 6166f64b fnmsub.s         f12, f13, f22, f12  f12=xxxxxxxx f13:42c5b0cf f22:3dad2a6b f12:c24d1df3
22700170ns          398760 1c00944e e0daf6cb fnmsub.s         f13, f21, f13, f28  f13=xxxxxxxx f21:3bb954d9 f13:42c5b0cf f28:00000000
22700209ns          398762 1c009452 01032a2b p.sw             x16, 20(x6!)         x6=10001f04 x16:c2c0a2c9  x6:10001ef0  PA:10001ef0
22700229ns          398763 1c009456 fec52623 sw               x12, -20(x10)       x12:c26e8c42 x10:10001f08  PA:10001ef4
22700249ns          398764 1c00945a fed52823 sw               x13, -16(x10)       x13:bf0f1e4b x10:10001f08  PA:10001ef8
22700269ns          398765 1c009432 00052603 lw               x12, 0(x10)         x12=44051726 x10:10001f08  PA:10001f08
22700289ns          398766 1c009434 00032803 lw               x16, 0(x6)          x16=c24d1df8  x6:10001f04  PA:10001f04
22700309ns          398767 1c009438 00452e03 lw               x28, 4(x10)         x28=c2bd61ca x10:10001f08  PA:10001f0c
22700329ns          398768 1c00943c 817676c3 fmadd.s          f13, f12, f23, f16  f13=xxxxxxxx f12:44051726 f23:3d2d7a4b f16:c24d1df8
22700349ns          398769 1c009440 01450513 addi             x10, x10, 20        x10=10001f1c x10:10001f08
22700369ns          398770 1c009442 69cd76c3 fmadd.s          f13, f26, f28, f13  f13=xxxxxxxx f26:3b39aa56 f28:c2bd61ca f13:c1e5db7f
22700389ns          398771 1c009446 8136f84b fnmsub.s         f16, f13, f19, f16  f16=xxxxxxxx f13:c1e800e6 f19:3fff8a21 f16:c24d1df8
22700408ns          398772 1c00944a 6166f64b fnmsub.s         f12, f13, f22, f12  f12=xxxxxxxx f13:c1e800e6 f22:3dad2a6b f12:44051726
22700428ns          398773 1c00944e e0daf6cb fnmsub.s         f13, f21, f13, f28  f13=xxxxxxxx f21:3bb954d9 f13:c1e800e6 f28:c2bd61ca
22700448ns          398774 1c009452 01032a2b p.sw             x16, 20(x6!)         x6=10001f18 x16:40d3c0dc  x6:10001f04  PA:10001f04
22700468ns          398775 1c009456 fec52623 sw               x12, -20(x10)       x12:4405b415 x10:10001f1c  PA:10001f08
22700488ns          398776 1c00945a fed52823 sw               x13, -16(x10)       x13:c2bd0dcf x10:10001f1c  PA:10001f0c
22700508ns          398777 1c009432 00052603 lw               x12, 0(x10)         x12=c2bd61cc x10:10001f1c  PA:10001f1c
22700528ns          398778 1c009434 00032803 lw               x16, 0(x6)          x16=374edaf1  x6:10001f18  PA:10001f18
22700548ns          398779 1c009438 00452e03 lw               x28, 4(x10)         x28=42769600 x10:10001f1c  PA:10001f20
22700568ns          398780 1c00943c 817676c3 fmadd.s          f13, f12, f23, f16  f13=xxxxxxxx f12:c2bd61cc f23:3d2d7a4b f16:374edaf1
22700587ns          398781 1c009440 01450513 addi             x10, x10, 20        x10=10001f30 x10:10001f1c
22700607ns          398782 1c009442 69cd76c3 fmadd.s          f13, f26, f28, f13  f13=xxxxxxxx f26:3b39aa56 f28:42769600 f13:c0805575
22700627ns          398783 1c009446 8136f84b fnmsub.s         f16, f13, f19, f16  f16=xxxxxxxx f13:c0757d82 f19:3fff8a21 f16:374edaf1
22700647ns          398784 1c00944a 6166f64b fnmsub.s         f12, f13, f22, f12  f12=xxxxxxxx f13:c0757d82 f22:3dad2a6b f12:c2bd61cc
22700667ns          398785 1c00944e e0daf6cb fnmsub.s         f13, f21, f13, f28  f13=xxxxxxxx f21:3bb954d9 f13:c0757d82 f28:42769600
22700687ns          398786 1c009452 01032a2b p.sw             x16, 20(x6!)         x6=10001f2c x16:40f50c94  x6:10001f18  PA:10001f18
22700707ns          398787 1c009456 fec52623 sw               x12, -20(x10)       x12:c2bcbbbe x10:10001f30  PA:10001f1c
22700727ns          398788 1c00945a fed52823 sw               x13, -16(x10)       x13:4276ac37 x10:10001f30  PA:10001f20
22700747ns          398789 1c009432 00052603 lw               x12, 0(x10)         x12=b5c973e0 x10:10001f30  PA:10001f30
22700766ns          398790 1c009434 00032803 lw               x16, 0(x6)          x16=38e72314  x6:10001f2c  PA:10001f2c
22700786ns          398791 1c009438 00452e03 lw               x28, 4(x10)         x28=40fd8ce0 x10:10001f30  PA:10001f34
22700806ns          398792 1c00943c 817676c3 fmadd.s          f13, f12, f23, f16  f13=xxxxxxxx f12:b5c973e0 f23:3d2d7a4b f16:38e72314
22700826ns          398793 1c009440 01450513 addi             x10, x10, 20        x10=10001f44 x10:10001f30
22700846ns          398794 1c009442 69cd76c3 fmadd.s          f13, f26, f28, f13  f13=xxxxxxxx f26:3b39aa56 f28:40fd8ce0 f13:38e700f3
22700866ns          398795 1c009446 8136f84b fnmsub.s         f16, f13, f19, f16  f16=xxxxxxxx f13:3cb8ca84 f19:3fff8a21 f16:38e72314
22700886ns          398796 1c00944a 6166f64b fnmsub.s         f12, f13, f22, f12  f12=xxxxxxxx f13:3cb8ca84 f22:3dad2a6b f12:b5c973e0
22700906ns          398797 1c00944e e0daf6cb fnmsub.s         f13, f21, f13, f28  f13=xxxxxxxx f21:3bb954d9 f13:3cb8ca84 f28:40fd8ce0
22700926ns          398798 1c009452 01032a2b p.sw             x16, 20(x6!)         x6=10001f40 x16:bd3801dd  x6:10001f2c  PA:10001f2c
22700945ns          398799 1c009456 fec52623 sw               x12, -20(x10)       x12:bafa3150 x10:10001f44  PA:10001f30
22700965ns          398800 1c00945a fed52823 sw               x13, -16(x10)       x13:40fd8bd4 x10:10001f44  PA:10001f34
22701005ns          398802 1c009432 00052603 lw               x12, 0(x10)         x12=376aa0e0 x10:10001f44  PA:10001f44
22701025ns          398803 1c009434 00032803 lw               x16, 0(x6)          x16=37857a12  x6:10001f40  PA:10001f40
22701045ns          398804 1c009438 00452e03 lw               x28, 4(x10)         x28=38beca8c x10:10001f44  PA:10001f48
22701065ns          398805 1c00943c 817676c3 fmadd.s          f13, f12, f23, f16  f13=xxxxxxxx f12:376aa0e0 f23:3d2d7a4b f16:37857a12
22701085ns          398806 1c009440 01450513 addi             x10, x10, 20        x10=10001f58 x10:10001f44
22701105ns          398807 1c009442 69cd76c3 fmadd.s          f13, f26, f28, f13  f13=xxxxxxxx f26:3b39aa56 f28:38beca8c f13:378a7208
22701124ns          398808 1c009446 8136f84b fnmsub.s         f16, f13, f19, f16  f16=xxxxxxxx f13:378c9b85 f19:3fff8a21 f16:37857a12
22701144ns          398809 1c00944a 6166f64b fnmsub.s         f12, f13, f22, f12  f12=xxxxxxxx f13:378c9b85 f22:3dad2a6b f12:376aa0e0
22701164ns          398810 1c00944e e0daf6cb fnmsub.s         f13, f21, f13, f28  f13=xxxxxxxx f21:3bb954d9 f13:378c9b85 f28:38beca8c
22701184ns          398811 1c009452 01032a2b p.sw             x16, 20(x6!)         x6=10001f54 x16:b7933b7d  x6:10001f40  PA:10001f40
22701204ns          398812 1c009456 fec52623 sw               x12, -20(x10)       x12:3752d9c7 x10:10001f58  PA:10001f44
22701224ns          398813 1c00945a fed52823 sw               x13, -16(x10)       x13:38be97a7 x10:10001f58  PA:10001f48
22701264ns          398815 1c00945e 00158513 addi             x10, x11, 1         x10=00000002 x11:00000001
22701284ns          398816 1c009462 02a12023 sw               x10, 32(x2)         x10:00000002  x2:10001df8  PA:10001e18
22701303ns          398817 1c009464 73b55263 bge              x10, x27, 1828      x10:00000002 x27:00000003
22701323ns          398818 1c009468 00258593 addi             x11, x11, 2         x11=00000003 x11:00000001
22701343ns          398819 1c00946a ffbc0913 addi             x18, x24, -5        x18=00000000 x24:00000005
22701403ns          398822 1c00946e 005c0613 addi             x12, x24, 5         x12=0000000a x24:00000005
22701443ns          398824 1c009472 3005cb63 blt              x11, x0, 790        x11:00000003
22701463ns          398825 1c009476 00400513 addi             x10, x0, 4          x10=00000004
22701483ns          398826 1c009478 00000693 addi             x13, x0, 0          x13=00000000
22701502ns          398827 1c00947a 0cb55963 bge              x10, x11, 210       x10:00000004 x11:00000003
22702238ns          398864 1c00954c 01812803 lw               x16, 24(x2)         x16=10001ef0  x2:10001df8  PA:10001e10
22702318ns          398868 1c00954e 00d90333 add              x6, x18, x13         x6=00000000 x18:00000000 x13:00000000
22702358ns          398870 1c009552 00dc08b3 add              x17, x24, x13       x17=00000005 x24:00000005 x13:00000000
22702378ns          398871 1c009556 00231313 slli             x6, x6, 0x2          x6=00000000  x6:00000000
22702397ns          398872 1c009558 00289893 slli             x17, x17, 0x2       x17=00000014 x17:00000005
22702417ns          398873 1c00955a 01030333 add              x6, x6, x16          x6=10001ef0  x6:00000000 x16:10001ef0
22702437ns          398874 1c00955c 010888b3 add              x17, x17, x16       x17=10001f04 x17:00000014 x16:10001ef0
22702457ns          398875 1c00955e 00032e83 lw               x29, 0(x6)          x29=c2c0a2c9  x6:10001ef0  PA:10001ef0
22702497ns          398877 1c009562 0008a803 lw               x16, 0(x17)         x16=40d3c0dc x17:10001f04  PA:10001f04
22702517ns          398878 1c009566 00d60e33 add              x28, x12, x13       x28=0000000a x12:0000000a x13:00000000
22702537ns          398879 1c00956a 01812283 lw               x5, 24(x2)           x5=10001ef0  x2:10001df8  PA:10001e10
22702557ns          398880 1c00956c 002e1e13 slli             x28, x28, 0x2       x28=00000028 x28:0000000a
22702576ns          398881 1c00956e 005e0e33 add              x28, x28, x5        x28=10001f18 x28:00000028  x5:10001ef0
22702596ns          398882 1c009570 e90bf843 fmadd.s          f16, f23, f16, f29  f16=xxxxxxxx f23:3d2d7a4b f16:40d3c0dc f29:c2c0a2c9
22702636ns          398884 1c009574 000e2f03 lw               x30, 0(x28)         x30=40f50c94 x28:10001f18  PA:10001f18
22702656ns          398885 1c009578 00168513 addi             x10, x13, 1         x10=00000001 x13:00000000
22702676ns          398886 1c00957c 81ed7843 fmadd.s          f16, f26, f30, f16  f16=xxxxxxxx f26:3b39aa56 f30:40f50c94 f16:c2c0134b
22702736ns          398889 1c009580 e909fecb fnmsub.s         f29, f19, f16, f29  f29=xxxxxxxx f19:3fff8a21 f16:c2c0082f f29:c2c0a2c9
22702775ns          398891 1c009584 01d32023 sw               x29, 0(x6)          x29:42bebcbf  x6:10001ef0  PA:10001ef0
22702795ns          398892 1c009588 0008a303 lw               x6, 0(x17)           x6=40d3c0dc x17:10001f04  PA:10001f04
22702835ns          398894 1c00958c 310b734b fnmsub.s         f6, f22, f16, f6     f6=xxxxxxxx f22:3dad2a6b f16:c2c0082f  f6:40d3c0dc
22702895ns          398897 1c009590 0068a023 sw               x6, 0(x17)           x6:416bc5c7 x17:10001f04  PA:10001f04
22702935ns          398899 1c009594 000e2f03 lw               x30, 0(x28)         x30=40f50c94 x28:10001f18  PA:10001f18
22702974ns          398901 1c009598 f10af84b fnmsub.s         f16, f21, f16, f30  f16=xxxxxxxx f21:3bb954d9 f16:c2c0082f f30:40f50c94
22702994ns          398902 1c00959c 010e2023 sw               x16, 0(x28)         x16:410336a3 x28:10001f18  PA:10001f18
22703034ns          398904 1c0095a0 1ea5c463 blt              x11, x10, 488       x11:00000003 x10:00000001
22703074ns          398906 1c0095a4 01250e33 add              x28, x10, x18       x28=00000001 x10:00000001 x18:00000000
22703094ns          398907 1c0095a8 01850333 add              x6, x10, x24         x6=00000006 x10:00000001 x24:00000005
22703114ns          398908 1c0095ac 002e1e13 slli             x28, x28, 0x2       x28=00000004 x28:00000001
22703133ns          398909 1c0095ae 00231313 slli             x6, x6, 0x2          x6=00000018  x6:00000006
22703173ns          398911 1c0095b0 00530333 add              x6, x6, x5           x6=10001f08  x6:00000018  x5:10001ef0
22703193ns          398912 1c0095b2 005e0e33 add              x28, x28, x5        x28=10001ef4 x28:00000004  x5:10001ef0
22703213ns          398913 1c0095b4 000e2e83 lw               x29, 0(x28)         x29=c26e8c42 x28:10001ef4  PA:10001ef4
22703233ns          398914 1c0095b8 00032883 lw               x17, 0(x6)          x17=4405b415  x6:10001f08  PA:10001f08
22703253ns          398915 1c0095bc 00c50533 add              x10, x10, x12       x10=0000000b x10:00000001 x12:0000000a
22703273ns          398916 1c0095be 00251513 slli             x10, x10, 0x2       x10=0000002c x10:0000000b
22703312ns          398918 1c0095c0 00550533 add              x10, x10, x5        x10=10001f1c x10:0000002c  x5:10001ef0
22703352ns          398920 1c0095c2 e91bf8c3 fmadd.s          f17, f23, f17, f29  f17=xxxxxxxx f23:3d2d7a4b f17:4405b415 f29:c26e8c42
22703372ns          398921 1c0095c6 00052f03 lw               x30, 0(x10)         x30=c2bcbbbe x10:10001f1c  PA:10001f1c
22703392ns          398922 1c0095ca 00268813 addi             x16, x13, 2         x16=00000002 x13:00000000
22703452ns          398925 1c0095ce 89ed78c3 fmadd.s          f17, f26, f30, f17  f17=xxxxxxxx f26:3b39aa56 f30:c2bcbbbe f17:c213f1b1
22703491ns          398927 1c0095d2 e919fecb fnmsub.s         f29, f19, f17, f29  f29=xxxxxxxx f19:3fff8a21 f17:c2150374 f29:c26e8c42
22703511ns          398928 1c0095d6 01de2023 sw               x29, 0(x28)         x29:416bc5b5 x28:10001ef4  PA:10001ef4
22703531ns          398929 1c0095da 00032e03 lw               x28, 0(x6)          x28=4405b415  x6:10001f08  PA:10001f08
22703591ns          398932 1c0095de e11b7e4b fnmsub.s         f28, f22, f17, f28  f28=xxxxxxxx f22:3dad2a6b f17:c2150374 f28:4405b415
22703631ns          398934 1c0095e2 01c32023 sw               x28, 0(x6)          x28:44067dad  x6:10001f08  PA:10001f08
22703651ns          398935 1c0095e6 00052f03 lw               x30, 0(x10)         x30=c2bcbbbe x10:10001f1c  PA:10001f1c
22703690ns          398937 1c0095ea f11af8cb fnmsub.s         f17, f21, f17, f30  f17=xxxxxxxx f21:3bb954d9 f17:c2150374 f30:c2bcbbbe
22703730ns          398939 1c0095ee 01152023 sw               x17, 0(x10)         x17:c2bc4fdd x10:10001f1c  PA:10001f1c
22703770ns          398941 1c0095f2 1905cb63 blt              x11, x16, 406       x11:00000003 x16:00000002
22703790ns          398942 1c0095f6 01280e33 add              x28, x16, x18       x28=00000002 x16:00000002 x18:00000000
22703810ns          398943 1c0095fa 01880333 add              x6, x16, x24         x6=00000007 x16:00000002 x24:00000005
22703830ns          398944 1c0095fe 002e1e13 slli             x28, x28, 0x2       x28=00000008 x28:00000002
22703869ns          398946 1c009600 00231313 slli             x6, x6, 0x2          x6=0000001c  x6:00000007
22703889ns          398947 1c009602 00530333 add              x6, x6, x5           x6=10001f0c  x6:0000001c  x5:10001ef0
22703909ns          398948 1c009604 005e0e33 add              x28, x28, x5        x28=10001ef8 x28:00000008  x5:10001ef0
22703929ns          398949 1c009606 000e2e83 lw               x29, 0(x28)         x29=bf0f1e4b x28:10001ef8  PA:10001ef8
22703949ns          398950 1c00960a 00032883 lw               x17, 0(x6)          x17=c2bd0dcf  x6:10001f0c  PA:10001f0c
22704009ns          398953 1c00960e 00c80533 add              x10, x16, x12       x10=0000000c x16:00000002 x12:0000000a
22704029ns          398954 1c009612 00251513 slli             x10, x10, 0x2       x10=00000030 x10:0000000c
22704048ns          398955 1c009614 00550533 add              x10, x10, x5        x10=10001f20 x10:00000030  x5:10001ef0
22704068ns          398956 1c009616 e91bf8c3 fmadd.s          f17, f23, f17, f29  f17=xxxxxxxx f23:3d2d7a4b f17:c2bd0dcf f29:bf0f1e4b
22704088ns          398957 1c00961a 00052f03 lw               x30, 0(x10)         x30=4276ac37 x10:10001f20  PA:10001f20
22704148ns          398960 1c00961e 00368813 addi             x16, x13, 3         x16=00000003 x13:00000000
22704188ns          398962 1c009622 89ed78c3 fmadd.s          f17, f26, f30, f17  f17=xxxxxxxx f26:3b39aa56 f30:4276ac37 f17:c092006e
22704208ns          398963 1c009626 e919fecb fnmsub.s         f29, f19, f17, f29  f29=xxxxxxxx f19:3fff8a21 f17:c08c6939 f29:bf0f1e4b
22704227ns          398964 1c00962a 01de2023 sw               x29, 0(x28)         x29:410336ae x28:10001ef8  PA:10001ef8
22704665ns          398986 1c00962e 00032e03 lw               x28, 0(x6)          x28=c2bd0dcf  x6:10001f0c  PA:10001f0c
22704705ns          398988 1c009632 e11b7e4b fnmsub.s         f28, f22, f17, f28  f28=xxxxxxxx f22:3dad2a6b f17:c08c6939 f28:c2bd0dcf
22704725ns          398989 1c009636 01c32023 sw               x28, 0(x6)          x28:c2bc4fda  x6:10001f0c  PA:10001f0c
22704745ns          398990 1c00963a 00052f03 lw               x30, 0(x10)         x30=4276ac37 x10:10001f20  PA:10001f20
22704824ns          398994 1c00963e f11af8cb fnmsub.s         f17, f21, f17, f30  f17=xxxxxxxx f21:3bb954d9 f17:c08c6939 f30:4276ac37
22704864ns          398996 1c009642 01152023 sw               x17, 0(x10)         x17:4276c5a1 x10:10001f20  PA:10001f20
22704884ns          398997 1c009646 1505c163 blt              x11, x16, 322       x11:00000003 x16:00000003
22704904ns          398998 1c00964a 01280e33 add              x28, x16, x18       x28=00000003 x16:00000003 x18:00000000
22704963ns          399001 1c00964e 01880333 add              x6, x16, x24         x6=00000008 x16:00000003 x24:00000005
22704983ns          399002 1c009652 002e1e13 slli             x28, x28, 0x2       x28=0000000c x28:00000003
22705003ns          399003 1c009654 00231313 slli             x6, x6, 0x2          x6=00000020  x6:00000008
22705023ns          399004 1c009656 00530333 add              x6, x6, x5           x6=10001f10  x6:00000020  x5:10001ef0
22705043ns          399005 1c009658 005e0e33 add              x28, x28, x5        x28=10001efc x28:0000000c  x5:10001ef0
22705063ns          399006 1c00965a 000e2e83 lw               x29, 0(x28)         x29=00000000 x28:10001efc  PA:10001efc
22705103ns          399008 1c00965e 00032883 lw               x17, 0(x6)          x17=00000000  x6:10001f10  PA:10001f10
22705142ns          399010 1c009662 00c80533 add              x10, x16, x12       x10=0000000d x16:00000003 x12:0000000a
22705162ns          399011 1c009666 00251513 slli             x10, x10, 0x2       x10=00000034 x10:0000000d
22705182ns          399012 1c009668 00550533 add              x10, x10, x5        x10=10001f24 x10:00000034  x5:10001ef0
22705202ns          399013 1c00966a e91bf8c3 fmadd.s          f17, f23, f17, f29  f17=xxxxxxxx f23:3d2d7a4b f17:00000000 f29:00000000
22705242ns          399015 1c00966e 00052f03 lw               x30, 0(x10)         x30=40fd8cad x10:10001f24  PA:10001f24
22705282ns          399017 1c009672 00468813 addi             x16, x13, 4         x16=00000004 x13:00000000
22705302ns          399018 1c009676 89ed78c3 fmadd.s          f17, f26, f30, f17  f17=xxxxxxxx f26:3b39aa56 f30:40fd8cad f17:00000000
22705321ns          399019 1c00967a e919fecb fnmsub.s         f29, f19, f17, f29  f29=xxxxxxxx f19:3fff8a21 f17:3cb7e35e f29:00000000
22705381ns          399022 1c00967e 01de2023 sw               x29, 0(x28)         x29:bd378eb3 x28:10001efc  PA:10001efc
22705421ns          399024 1c009682 00032e03 lw               x28, 0(x6)          x28=00000000  x6:10001f10  PA:10001f10
22705461ns          399026 1c009686 e11b7e4b fnmsub.s         f28, f22, f17, f28  f28=xxxxxxxx f22:3dad2a6b f17:3cb7e35e f28:00000000
22705481ns          399027 1c00968a 01c32023 sw               x28, 0(x6)          x28:baf8c63d  x6:10001f10  PA:10001f10
22705520ns          399029 1c00968e 00052f03 lw               x30, 0(x10)         x30=40fd8cad x10:10001f24  PA:10001f24
22705560ns          399031 1c009692 f11af8cb fnmsub.s         f17, f21, f17, f30  f17=xxxxxxxx f21:3bb954d9 f17:3cb7e35e f30:40fd8cad
22705580ns          399032 1c009696 01152023 sw               x17, 0(x10)         x17:40fd8ba3 x10:10001f24  PA:10001f24
22705600ns          399033 1c00969a 0f05c763 blt              x11, x16, 238       x11:00000003 x16:00000004
22705739ns          399040 1c009788 ff072383 lw               x7, -16(x14)         x7=bf48fae6 x14:10001f68  PA:10001f58
22705779ns          399042 1c00978c 00472283 lw               x5, 4(x14)           x5=bf03b4d0 x14:10001f68  PA:10001f6c
22705839ns          399045 1c009790 fec72483 lw               x9, -20(x14)         x9=3f179958 x14:10001f68  PA:10001f54
22705878ns          399047 1c009794 00072403 lw               x8, 0(x14)           x8=bf0fc5b8 x14:10001f68  PA:10001f68
22705898ns          399048 1c009796 ffc72c03 lw               x24, -4(x14)        x24=ba599141 x14:10001f68  PA:10001f64
22705918ns          399049 1c00979a 01072883 lw               x17, 16(x14)        x17=bee091d8 x14:10001f68  PA:10001f78
22705978ns          399052 1c00979e ff472f03 lw               x30, -12(x14)       x30=3e275614 x14:10001f68  PA:10001f5c
22706018ns          399054 1c0097a2 00872e83 lw               x29, 8(x14)         x29=bef1ac23 x14:10001f68  PA:10001f70
22706037ns          399055 1c0097a6 3972f543 fmadd.s          f10, f5, f23, f7    f10=xxxxxxxx  f5:bf03b4d0 f23:3d2d7a4b  f7:bf48fae6
22706057ns          399056 1c0097aa 49747843 fmadd.s          f16, f8, f23, f9    f16=xxxxxxxx  f8:bf0fc5b8 f23:3d2d7a4b  f9:3f179958
22706117ns          399059 1c0097ae c178f943 fmadd.s          f18, f17, f23, f24  f18=xxxxxxxx f17:bee091d8 f23:3d2d7a4b f24:ba599141
22706157ns          399061 1c0097b2 01872c03 lw               x24, 24(x14)        x24=bcc14e0b x14:10001f68  PA:10001f80
22706177ns          399062 1c0097b6 01472883 lw               x17, 20(x14)        x17=3dc0f018 x14:10001f68  PA:10001f7c
22706197ns          399063 1c0097ba ff872e03 lw               x28, -8(x14)        x28=3da21d50 x14:10001f68  PA:10001f60
22706256ns          399066 1c0097be 00c72303 lw               x6, 12(x14)          x6=3d8cc949 x14:10001f68  PA:10001f74
22706296ns          399068 1c0097c2 f17ef5c3 fmadd.s          f11, f29, f23, f30  f11=xxxxxxxx f29:bef1ac23 f23:3d2d7a4b f30:3e275614
22706316ns          399069 1c0097c6 518d7543 fmadd.s          f10, f26, f24, f10  f10=xxxxxxxx f26:3b39aa56 f24:bcc14e0b f10:bf4e8ee8
22706336ns          399070 1c0097ca 01c72c03 lw               x24, 28(x14)        x24=bf23bb86 x14:10001f68  PA:10001f84
22706396ns          399073 1c0097ce 811d7843 fmadd.s          f16, f26, f17, f16  f16=xxxxxxxx f26:3b39aa56 f17:3dc0f018 f16:3f118283
22706435ns          399075 1c0097d2 e17376c3 fmadd.s          f13, f6, f23, f28   f13=xxxxxxxx  f6:3d8cc949 f23:3d2d7a4b f28:3da21d50
22706455ns          399076 1c0097d6 598d75c3 fmadd.s          f11, f26, f24, f11  f11=xxxxxxxx f26:3b39aa56 f24:bf23bb86 f11:3e12dd7b
22706475ns          399077 1c0097da 02072c03 lw               x24, 32(x14)        x24=3ec6e0b8 x14:10001f68  PA:10001f88
22706535ns          399080 1c0097de 4909f4cb fnmsub.s         f9, f19, f16, f9     f9=xxxxxxxx f19:3fff8a21 f16:3f119401  f9:3f179958
22706575ns          399082 1c0097e2 698d76c3 fmadd.s          f13, f26, f24, f13  f13=xxxxxxxx f26:3b39aa56 f24:3ec6e0b8 f13:3da813c4
22706594ns          399083 1c0097e6 4168744b fnmsub.s         f8, f16, f22, f8     f8=xxxxxxxx f16:3f119401 f22:3dad2a6b  f8:bf0fc5b8
22706614ns          399084 1c0097ea 02472c03 lw               x24, 36(x14)        x24=3f27fe0b x14:10001f68  PA:10001f8c
22706674ns          399087 1c0097ee 890af84b fnmsub.s         f16, f21, f16, f17  f16=xxxxxxxx f21:3bb954d9 f16:3f119401 f17:3dc0f018
22706714ns          399089 1c0097f2 01872883 lw               x17, 24(x14)        x17=bcc14e0b x14:10001f68  PA:10001f80
22706734ns          399090 1c0097f6 918d7943 fmadd.s          f18, f26, f24, f18  f18=xxxxxxxx f26:3b39aa56 f24:3f27fe0b f18:bc9efa60
22706754ns          399091 1c0097fa 38a9f3cb fnmsub.s         f7, f19, f10, f7     f7=xxxxxxxx f19:3fff8a21 f10:bf4e934a  f7:bf48fae6
22706813ns          399094 1c0097fe 01c72c03 lw               x24, 28(x14)        x24=bf23bb86 x14:10001f68  PA:10001f84
22706853ns          399096 1c009802 296572cb fnmsub.s         f5, f10, f22, f5     f5=xxxxxxxx f10:bf4e934a f22:3dad2a6b  f5:bf03b4d0
22706873ns          399097 1c009806 88aaf54b fnmsub.s         f10, f21, f10, f17  f10=xxxxxxxx f21:3bb954d9 f10:bf4e934a f17:bcc14e0b
22706893ns          399098 1c00980a 02072883 lw               x17, 32(x14)        x17=3ec6e0b8 x14:10001f68  PA:10001f88
22706952ns          399101 1c00980e f0b9ff4b fnmsub.s         f30, f19, f11, f30  f30=xxxxxxxx f19:3fff8a21 f11:3e11027d f30:3e275614
22706992ns          399103 1c009812 e965fecb fnmsub.s         f29, f11, f22, f29  f29=xxxxxxxx f11:3e11027d f22:3dad2a6b f29:bef1ac23
22707012ns          399104 1c009816 e0d9fe4b fnmsub.s         f28, f19, f13, f28  f28=xxxxxxxx f19:3fff8a21 f13:3daa54b7 f28:3da21d50
22707032ns          399105 1c00981a c0baf5cb fnmsub.s         f11, f21, f11, f24  f11=xxxxxxxx f21:3bb954d9 f11:3e11027d f24:bf23bb86
22707092ns          399108 1c00981e 3166f34b fnmsub.s         f6, f13, f22, f6     f6=xxxxxxxx f13:3daa54b7 f22:3dad2a6b  f6:3d8cc949
22707131ns          399110 1c009822 ffc72c03 lw               x24, -4(x14)        x24=ba599141 x14:10001f68  PA:10001f64
22707151ns          399111 1c009826 88daf6cb fnmsub.s         f13, f21, f13, f17  f13=xxxxxxxx f21:3bb954d9 f13:3daa54b7 f17:3ec6e0b8
22707171ns          399112 1c00982a c129fc4b fnmsub.s         f24, f19, f18, f24  f24=xxxxxxxx f19:3fff8a21 f18:bc8fbf94 f24:ba599141
22707191ns          399113 1c00982e 00b72e23 sw               x11, 28(x14)        x11:bf23f003 x14:10001f68  PA:10001f84
22707231ns          399115 1c009830 02d72023 sw               x13, 32(x14)        x13:3ec6a310 x14:10001f68  PA:10001f88
22707251ns          399116 1c009832 01072683 lw               x13, 16(x14)        x13=bee091d8 x14:10001f68  PA:10001f78
22707271ns          399117 1c009834 ff872e23 sw               x24, -4(x14)        x24:3d0c171f x14:10001f68  PA:10001f64
22707291ns          399118 1c009838 69697c4b fnmsub.s         f24, f18, f22, f13  f24=xxxxxxxx f18:bc8fbf94 f22:3dad2a6b f13:bee091d8
22707310ns          399119 1c00983c 02472683 lw               x13, 36(x14)        x13=3f27fe0b x14:10001f68  PA:10001f8c
22707370ns          399122 1c00983e fe972623 sw               x9, -20(x14)         x9:bf0b089b x14:10001f68  PA:10001f54
22707410ns          399124 1c009842 692af8cb fnmsub.s         f17, f21, f18, f13  f17=xxxxxxxx f21:3bb954d9 f18:bc8fbf94 f13:3f27fe0b
22707430ns          399125 1c009846 00872023 sw               x8, 0(x14)           x8:bf1c14dc x14:10001f68  PA:10001f68
22707450ns          399126 1c009848 01072a23 sw               x16, 20(x14)        x16:3dba59d5 x14:10001f68  PA:10001f7c
22707470ns          399127 1c00984c fe772823 sw               x7, -16(x14)         x7:3f536d73 x14:10001f68  PA:10001f58
22707509ns          399129 1c009850 00572223 sw               x5, 4(x14)           x5:bee47aaf x14:10001f68  PA:10001f6c
22707549ns          399131 1c009854 00a72c23 sw               x10, 24(x14)        x10:bc9bead1 x14:10001f68  PA:10001f80
22707569ns          399132 1c009856 ffe72a23 sw               x30, -12(x14)       x30:bdf452ba x14:10001f68  PA:10001f5c
22707589ns          399133 1c00985a 01d72423 sw               x29, 8(x14)         x29:bef7cd8e x14:10001f68  PA:10001f70
22707649ns          399136 1c00985e ffc72c23 sw               x28, -8(x14)        x28:bdb1ef44 x14:10001f68  PA:10001f60
22707669ns          399137 1c009862 02012583 lw               x11, 32(x2)         x11=00000002  x2:10001df8  PA:10001e18
22707688ns          399138 1c009864 00672623 sw               x6, 12(x14)          x6:3d7cc4b4 x14:10001f68  PA:10001f74
22707708ns          399139 1c009868 01872823 sw               x24, 16(x14)        x24:bedfcf5f x14:10001f68  PA:10001f78
22707728ns          399140 1c00986c 03172223 sw               x17, 36(x14)        x17:3f28048c x14:10001f68  PA:10001f8c
22707788ns          399143 1c009870 01470713 addi             x14, x14, 20        x14=10001f7c x14:10001f68
22707808ns          399144 1c009872 01478793 addi             x15, x15, 20        x15=10001f18 x15:10001f04
22707828ns          399145 1c009874 004a0a13 addi             x20, x20, 4         x20=10001f58 x20:10001f54
22707848ns          399146 1c009876 02812683 lw               x13, 40(x2)         x13=10001ef4  x2:10001df8  PA:10001e20
22707867ns          399147 1c009878 00c00c33 add              x24, x0, x12        x24=0000000a x12:0000000a
22707887ns          399148 1c00987a 014f8f93 addi             x31, x31, 20        x31=10001f04 x31:10001ef0
22707907ns          399149 1c00987c 90bdd8e3 bge              x27, x11, -1776     x27:00000003 x11:00000002
22708007ns          399154 1c00918c 0bb587e3 beq              x11, x27, 2222      x11:00000002 x27:00000003
22708106ns          399159 1c009190 16bccbe3 blt              x25, x11, 2422      x25:00000001 x11:00000002
22708206ns          399164 1c009b06 0006a503 lw               x10, 0(x13)         x10=416bc5b5 x13:10001ef4  PA:10001ef4
22708245ns          399166 1c009b08 0046a803 lw               x16, 4(x13)         x16=410336ae x13:10001ef4  PA:10001ef8
22708265ns          399167 1c009b0c 0086a603 lw               x12, 8(x13)         x12=bd378eb3 x13:10001ef4  PA:10001efc
22708285ns          399168 1c009b0e 08a12223 sw               x10, 132(x2)        x10:416bc5b5  x2:10001df8  PA:10001e7c
22708325ns          399170 1c009b10 09012423 sw               x16, 136(x2)        x16:410336ae  x2:10001df8  PA:10001e80
22708345ns          399171 1c009b12 08c12623 sw               x12, 140(x2)        x12:bd378eb3  x2:10001df8  PA:10001e84
22708365ns          399172 1c009b14 e82ff06f jal              x0, -2430          
22708444ns          399176 1c009196 08812803 lw               x16, 136(x2)        x16=410336ae  x2:10001df8  PA:10001e80
22708484ns          399178 1c009198 00000613 addi             x12, x0, 0          x12=00000000
22708504ns          399179 1c00919c a0c81653 flt.s            x12, f16, f12       x12=00000000 f16:410336ae f12:00000000
22708564ns          399182 1c0091a0 00060363 beq              x12, x0, 6          x12:00000000
22708643ns          399186 1c0091a6 1c000e37 lui              x28, 0x1c000000     x28=1c000000
22708663ns          399187 1c0091aa 01ce0e13 addi             x28, x28, 28        x28=1c00001c x28:1c000000
22708743ns          399191 1c0091ae 000e2e03 lw               x28, 0(x28)         x28=00800000 x28:1c00001c  PA:1c00001c
22709081ns          399208 1c0091b2 a10e1653 flt.s            x12, f28, f16       x12=00000001 f28:00800000 f16:410336ae
22709101ns          399209 1c0091b6 10061be3 bne              x12, x0, 2326       x12:00000001
22709220ns          399215 1c009acc 1c000337 lui              x6, 0x1c000000       x6=1c000000
22709280ns          399218 1c009ad0 01c30313 addi             x6, x6, 28           x6=1c00001c  x6:1c000000
22709319ns          399220 1c009ad4 00000893 addi             x17, x0, 0          x17=00000000
22709339ns          399221 1c009ad8 1c0003b7 lui              x7, 0x1c000000       x7=1c000000
22709359ns          399222 1c009adc 00032303 lw               x6, 0(x6)            x6=00800000  x6:1c00001c  PA:1c00001c
22709697ns          399239 1c009ae0 04c38393 addi             x7, x7, 76           x7=1c00004c  x7:1c000000
22709717ns          399240 1c009ae4 19037653 fdiv.s           f12, f6, f16        f12=xxxxxxxx  f6:00800000 f16:410336ae
22709996ns          399254 1c009ae8 111678d3 fmul.s           f17, f12, f17       f17=xxxxxxxx f12:000f9baf f17:00000000
22710016ns          399255 1c009aec 0003a383 lw               x7, 0(x7)            x7=3f800000  x7:1c00004c  PA:1c00004c
22710354ns          399272 1c009af0 38c8f8c3 fmadd.s          f17, f17, f12, f7   f17=xxxxxxxx f17:00000000 f12:000f9baf  f7:3f800000
22710374ns          399273 1c009af4 ed4ff06f jal              x0, -2348          
22710413ns          399275 1c0091c8 08c12603 lw               x12, 140(x2)        x12=bd378eb3  x2:10001df8  PA:10001e84
22710433ns          399276 1c0091ca 00000313 addi             x6, x0, 0            x6=00000000
22710453ns          399277 1c0091ce a0661353 flt.s            x6, f12, f6          x6=00000001 f12:bd378eb3  f6:00000000
22710473ns          399278 1c0091d2 00030463 beq              x6, x0, 8            x6:00000001
22710493ns          399279 1c0091d6 20c61653 fsgnjn.s         f12, f12, f12       f12=xxxxxxxx f12:bd378eb3 f12:bd378eb3
22710513ns          399280 1c0091da a0c81353 flt.s            x6, f16, f12         x6=00000000 f16:410336ae f12:3d378eb3
22710573ns          399283 1c0091de 10030de3 beq              x6, x0, 2330         x6:00000000
22710632ns          399286 1c009af8 19067653 fdiv.s           f12, f12, f16       f12=xxxxxxxx f12:3d378eb3 f16:410336ae
22710911ns          399300 1c009afc 88c678c3 fmadd.s          f17, f12, f12, f17  f17=xxxxxxxx f12:3bb30fd6 f12:3bb30fd6 f17:3f800000
22710931ns          399301 1c009b00 01000633 add              x12, x0, x16        x12=410336ae x16:410336ae
22710951ns          399302 1c009b02 ef8ff06f jal              x0, -2312          
22711070ns          399308 1c0091fa 5808f853 fsqrt.s          f16, f17            f16=xxxxxxxx f17:3f8000fa
22711348ns          399322 1c0091fe 10c87653 fmul.s           f12, f16, f12       f12=xxxxxxxx f16:3f80007d f12:410336ae
22711368ns          399323 1c009202 00300893 addi             x17, x0, 3          x17=00000003
22711388ns          399324 1c009204 00200e93 addi             x29, x0, 2          x29=00000002
22711408ns          399325 1c009206 00000813 addi             x16, x0, 0          x16=00000000
22711428ns          399326 1c00920a a1062353 feq.s            x6, f12, f16         x6=00000000 f12:4103372e f16:00000000
22711488ns          399329 1c00920e 040318e3 bne              x6, x0, 2128         x6:00000000
22711527ns          399331 1c009212 a1051853 flt.s            x16, f10, f16       x16=00000000 f10:416bc5b5 f16:00000000
22711547ns          399332 1c009216 180812e3 bne              x16, x0, 2436       x16:00000000
22711567ns          399333 1c00921a 00a00833 add              x16, x0, x10        x16=416bc5b5 x10:416bc5b5
22711587ns          399334 1c00921c 00000313 addi             x6, x0, 0            x6=00000000
22711627ns          399336 1c009220 a0661353 flt.s            x6, f12, f6          x6=00000000 f12:4103372e  f6:00000000
22711667ns          399338 1c009224 00030463 beq              x6, x0, 8            x6:00000000
22711726ns          399341 1c00922c a0c81353 flt.s            x6, f16, f12         x6=00000000 f16:416bc5b5 f12:4103372e
22711786ns          399344 1c009230 12031ce3 bne              x6, x0, 2360         x6:00000000
22711826ns          399346 1c009234 a1061353 flt.s            x6, f12, f16         x6=00000001 f12:4103372e f16:416bc5b5
22711846ns          399347 1c009238 18031fe3 bne              x6, x0, 2462         x6:00000001
22712044ns          399357 1c009bd6 1c000337 lui              x6, 0x1c000000       x6=1c000000
22712064ns          399358 1c009bda 04c30313 addi             x6, x6, 76           x6=1c00004c  x6:1c000000
22712124ns          399361 1c009bde 00032303 lw               x6, 0(x6)            x6=3f800000  x6:1c00004c  PA:1c00004c
22712582ns          399384 1c009be2 19067653 fdiv.s           f12, f12, f16       f12=xxxxxxxx f12:4103372e f16:416bc5b5
22712860ns          399398 1c009be6 30c67643 fmadd.s          f12, f12, f12, f6   f12=xxxxxxxx f12:3f0e7915 f12:3f0e7915  f6:3f800000
22712880ns          399399 1c009bea 58067653 fsqrt.s          f12, f12            f12=xxxxxxxx f12:3fa7a546
22713158ns          399413 1c009bee 10c87653 fmul.s           f12, f16, f12       f12=xxxxxxxx f16:416bc5b5 f12:3f927cd8
22713178ns          399414 1c009bf2 e62ff06f jal              x0, -2462          
22713258ns          399418 1c009254 00000813 addi             x16, x0, 0          x16=00000000
22713298ns          399420 1c009258 a0a80853 fle.s            x16, f16, f10       x16=00000001 f16:00000000 f10:416bc5b5
22713318ns          399421 1c00925c 00080463 beq              x16, x0, 8          x16:00000001
22713377ns          399424 1c009260 20c61653 fsgnjn.s         f12, f12, f12       f12=xxxxxxxx f12:4186e9bc f12:4186e9bc
22713417ns          399426 1c009264 00000813 addi             x16, x0, 0          x16=00000000
22713437ns          399427 1c009268 a1061853 flt.s            x16, f12, f16       x16=00000001 f12:c186e9bc f16:00000000
22713457ns          399428 1c00926c 12081be3 bne              x16, x0, 2358       x16:00000001
22713636ns          399437 1c009ba2 20c61853 fsgnjn.s         f16, f12, f12       f16=xxxxxxxx f12:c186e9bc f12:c186e9bc
22713656ns          399438 1c009ba6 eccff06f jal              x0, -2356          
22713715ns          399441 1c009272 1c0004b7 lui              x9, 0x1c000000       x9=1c000000
22713735ns          399442 1c009276 03048493 addi             x9, x9, 48           x9=1c000030  x9:1c000000
22713755ns          399443 1c00927a 0004a483 lw               x9, 0(x9)            x9=0c000000  x9:1c000030  PA:1c000030
22714093ns          399460 1c00927c a0981853 flt.s            x16, f16, f9        x16=00000000 f16:4186e9bc  f9:0c000000
22714113ns          399461 1c009280 0a080ce3 beq              x16, x0, 2232       x16:00000000
22714213ns          399466 1c009b38 1c000337 lui              x6, 0x1c000000       x6=1c000000
22714252ns          399468 1c009b3c 04c32803 lw               x16, 76(x6)         x16=3f800000  x6:1c000000  PA:1c00004c
22714591ns          399485 1c009b40 08c57353 fsub.s           f6, f10, f12         f6=xxxxxxxx f10:416bc5b5 f12:c186e9bc
22714610ns          399486 1c009b44 18687853 fdiv.s           f16, f16, f6        f16=xxxxxxxx f16:3f800000  f6:41fccc96  PA:10001e80
22714630ns          399487 1c009b48 08812303 lw               x6, 136(x2)          x6=xxxxxxxx  x2:10001df8
22714650ns          399488 1c009b4a 08a679d3 fsub.s           f19, f12, f10       f19=xxxxxxxx f12:c186e9bc f10:416bc5b5
22714929ns          399502 1c009b4e 11037353 fmul.s           f6, f6, f16          f6=xxxxxxxx  f6:410336ae f16:3d019ee5
22714949ns          399503 1c009b52 18c9f9d3 fdiv.s           f19, f19, f12       f19=xxxxxxxx f19:c1fccc96 f12:c186e9bc  PA:10001e80
22714968ns          399504 1c009b56 08612423 sw               x6, 136(x2)          x6:3e84dffe  x2:10001df8
22714988ns          399505 1c009b58 0038b663 p.bneimm         x17, 12             x17:00000003  PA:10001e84
22715008ns          399506 1c009b5c 08c12503 lw               x10, 140(x2)        x10=xxxxxxxx  x2:10001df8
22715048ns          399508 1c009b5e 11057853 fmul.s           f16, f10, f16       f16=xxxxxxxx f10:bd378eb3 f16:3d019ee5
22715247ns          399518 1c009b62 09012623 sw               x16, 140(x2)        x16:bab9e1ad  x2:10001df8  PA:10001e84
22715267ns          399519 1c009b64 00c00533 add              x10, x0, x12        x10=c186e9bc x12:c186e9bc
22715287ns          399520 1c009b66 87fff06f jal              x0, -1922          
22715366ns          399524 1c0093e4 08a12223 sw               x10, 132(x2)        x10:c186e9bc  x2:10001df8  PA:10001e7c
22715406ns          399526 1c0093e6 4cbcd763 bge              x25, x11, 1230      x25:00000001 x11:00000002
22715426ns          399527 1c0093ea 00a6a023 sw               x10, 0(x13)         x10:c186e9bc x13:10001ef4  PA:10001ef4
22715446ns          399528 1c0093ec 0006a223 sw               x0, 4(x13)          x13:10001ef4  PA:10001ef8
22715486ns          399530 1c0093f0 01b5d463 bge              x11, x27, 8         x11:00000002 x27:00000003
22715525ns          399532 1c0093f4 0006a423 sw               x0, 8(x13)          x13:10001ef4  PA:10001efc
22715545ns          399533 1c0093f8 08812b83 lw               x23, 136(x2)        x23=3e84dffe  x2:10001df8  PA:10001e80
22715585ns          399535 1c0093fa 1179fb53 fmul.s           f22, f19, f23       f22=xxxxxxxx f19:3fefd878 f23:3e84dffe
22715625ns          399537 1c0093fe 4c38bd63 p.bneimm         x17, 1242           x17:00000003
22715665ns          399539 1c009402 01468313 addi             x6, x13, 20          x6=10001f08 x13:10001ef4
22715685ns          399540 1c009406 406a08b3 sub              x17, x20, x6        x17=00000050 x20:10001f58  x6:10001f08
22715704ns          399541 1c00940a 08c12d03 lw               x26, 140(x2)        x26=bab9e1ad  x2:10001df8  PA:10001e84
22715724ns          399542 1c00940c fec88893 addi             x17, x17, -20       x17=0000003c x17:00000050
22715764ns          399544 1c00940e 0cccd637 lui              x12, 0xcccd000      x12=0cccd000
22715804ns          399546 1c009412 0028d893 srli             x17, x17, 0x2       x17=0000000f x17:0000003c
22715824ns          399547 1c009416 ccd60613 addi             x12, x12, -819      x12=0ccccccd x12:0cccd000
22715844ns          399548 1c00941a 02c888b3 mul              x17, x17, x12       x17=c0000003 x17:0000000f x12:0ccccccd
22715864ns          399549 1c00941e 113d7ad3 fmul.s           f21, f26, f19       f21=xxxxxxxx f26:bab9e1ad f19:3fefd878
22715883ns          399550 1c009422 01868693 addi             x13, x13, 24        x13=10001f0c x13:10001ef4
22715903ns          399551 1c009424 c3e8b8b3 p.bclr           x17, x17, 1, 30     x17=00000003 x17:c0000003
22715923ns          399552 1c009428 02d12423 sw               x13, 40(x2)         x13:10001f0c  x2:10001df8  PA:10001e20
22715963ns          399554 1c00942a 00d00533 add              x10, x0, x13        x10=10001f0c x13:10001f0c
22715983ns          399555 1c00942c 00188893 addi             x17, x17, 1         x17=00000004 x17:00000003
22716003ns          399556 1c00942e 0168c0fb lp.setup         0x1, x17, 0x16      x17:00000004
22716023ns          399557 1c009432 00052603 lw               x12, 0(x10)         x12=c2bc4fda x10:10001f0c  PA:10001f0c
22716043ns          399558 1c009434 00032803 lw               x16, 0(x6)          x16=44067dad  x6:10001f08  PA:10001f08
22716062ns          399559 1c009438 00452e03 lw               x28, 4(x10)         x28=baf8c63d x10:10001f0c  PA:10001f10
22716082ns          399560 1c00943c 817676c3 fmadd.s          f13, f12, f23, f16  f13=xxxxxxxx f12:c2bc4fda f23:3e84dffe f16:44067dad
22716142ns          399563 1c009440 01450513 addi             x10, x10, 20        x10=10001f20 x10:10001f0c
22716182ns          399565 1c009442 69cd76c3 fmadd.s          f13, f26, f28, f13  f13=xxxxxxxx f26:bab9e1ad f28:baf8c63d f13:440061ce
22716202ns          399566 1c009446 8136f84b fnmsub.s         f16, f13, f19, f16  f16=xxxxxxxx f13:440061ce f19:3fefd878 f16:44067dad
22716222ns          399567 1c00944a 6166f64b fnmsub.s         f12, f13, f22, f12  f12=xxxxxxxx f13:440061ce f22:3ef8faf3 f12:c2bc4fda
22716281ns          399570 1c00944e e0daf6cb fnmsub.s         f13, f21, f13, f28  f13=xxxxxxxx f21:bb2e26de f13:440061ce f28:baf8c63d
22716321ns          399572 1c009452 01032a2b p.sw             x16, 20(x6!)         x6=10001f1c x16:c3d4241e  x6:10001f08  PA:10001f08
22716341ns          399573 1c009456 fec52623 sw               x12, -20(x10)       x12:c3abf08f x10:10001f20  PA:10001f0c
22716361ns          399574 1c00945a fed52823 sw               x13, -16(x10)       x13:3fae6dbe x10:10001f20  PA:10001f10
22716381ns          399575 1c009432 00052603 lw               x12, 0(x10)         x12=4276c5a1 x10:10001f20  PA:10001f20
22716401ns          399576 1c009434 00032803 lw               x16, 0(x6)          x16=c2bc4fdd  x6:10001f1c  PA:10001f1c
22716420ns          399577 1c009438 00452e03 lw               x28, 4(x10)         x28=40fd8ba3 x10:10001f20  PA:10001f24
22716440ns          399578 1c00943c 817676c3 fmadd.s          f13, f12, f23, f16  f13=xxxxxxxx f12:4276c5a1 f23:3e84dffe f16:c2bc4fdd
22716460ns          399579 1c009440 01450513 addi             x10, x10, 20        x10=10001f34 x10:10001f20
22716480ns          399580 1c009442 69cd76c3 fmadd.s          f13, f26, f28, f13  f13=xxxxxxxx f26:bab9e1ad f28:40fd8ba3 f13:c29c4a68
22716500ns          399581 1c009446 8136f84b fnmsub.s         f16, f13, f19, f16  f16=xxxxxxxx f13:c29c5029 f19:3fefd878 f16:c2bc4fdd
22716520ns          399582 1c00944a 6166f64b fnmsub.s         f12, f13, f22, f12  f12=xxxxxxxx f13:c29c5029 f22:3ef8faf3 f12:4276c5a1
22716540ns          399583 1c00944e e0daf6cb fnmsub.s         f13, f21, f13, f28  f13=xxxxxxxx f21:bb2e26de f13:c29c5029 f28:40fd8ba3
22716560ns          399584 1c009452 01032a2b p.sw             x16, 20(x6!)         x6=10001f30 x16:42512c53  x6:10001f1c  PA:10001f1c
22716580ns          399585 1c009456 fec52623 sw               x12, -20(x10)       x12:42c76642 x10:10001f34  PA:10001f20
22716599ns          399586 1c00945a fed52823 sw               x13, -16(x10)       x13:40f6e640 x10:10001f34  PA:10001f24
22716619ns          399587 1c009432 00052603 lw               x12, 0(x10)         x12=40fd8bd4 x10:10001f34  PA:10001f34
22716639ns          399588 1c009434 00032803 lw               x16, 0(x6)          x16=bafa3150  x6:10001f30  PA:10001f30
22716659ns          399589 1c009438 00452e03 lw               x28, 4(x10)         x28=44800d9f x10:10001f34  PA:10001f38
22716679ns          399590 1c00943c 817676c3 fmadd.s          f13, f12, f23, f16  f13=xxxxxxxx f12:40fd8bd4 f23:3e84dffe f16:bafa3150
22716699ns          399591 1c009440 01450513 addi             x10, x10, 20        x10=10001f48 x10:10001f34
22716719ns          399592 1c009442 69cd76c3 fmadd.s          f13, f26, f28, f13  f13=xxxxxxxx f26:bab9e1ad f28:44800d9f f13:40037aac
22716739ns          399593 1c009446 8136f84b fnmsub.s         f16, f13, f19, f16  f16=xxxxxxxx f13:3f19ffc6 f19:3fefd878 f16:bafa3150
22716759ns          399594 1c00944a 6166f64b fnmsub.s         f12, f13, f22, f12  f12=xxxxxxxx f13:3f19ffc6 f22:3ef8faf3 f12:40fd8bd4
22716778ns          399595 1c00944e e0daf6cb fnmsub.s         f13, f21, f13, f28  f13=xxxxxxxx f21:bb2e26de f13:3f19ffc6 f28:44800d9f
22716798ns          399596 1c009452 01032a2b p.sw             x16, 20(x6!)         x6=10001f44 x16:bf90868e  x6:10001f30  PA:10001f30
22716818ns          399597 1c009456 fec52623 sw               x12, -20(x10)       x12:40f42f68 x10:10001f48  PA:10001f34
22716838ns          399598 1c00945a fed52823 sw               x13, -16(x10)       x13:44800dac x10:10001f48  PA:10001f38
22716858ns          399599 1c009432 00052603 lw               x12, 0(x10)         x12=38be97a7 x10:10001f48  PA:10001f48
22716878ns          399600 1c009434 00032803 lw               x16, 0(x6)          x16=3752d9c7  x6:10001f44  PA:10001f44
22716898ns          399601 1c009438 00452e03 lw               x28, 4(x10)         x28=3753c463 x10:10001f48  PA:10001f4c
22716918ns          399602 1c00943c 817676c3 fmadd.s          f13, f12, f23, f16  f13=xxxxxxxx f12:38be97a7 f23:3e84dffe f16:3752d9c7
22716938ns          399603 1c009440 01450513 addi             x10, x10, 20        x10=10001f5c x10:10001f48
22716958ns          399604 1c009442 69cd76c3 fmadd.s          f13, f26, f28, f13  f13=xxxxxxxx f26:bab9e1ad f28:3753c463 f13:3817a367
22716977ns          399605 1c009446 8136f84b fnmsub.s         f16, f13, f19, f16  f16=xxxxxxxx f13:3817902f f19:3fefd878 f16:3752d9c7
22716997ns          399606 1c00944a 6166f64b fnmsub.s         f12, f13, f22, f12  f12=xxxxxxxx f13:3817902f f22:3ef8faf3 f12:38be97a7
22717017ns          399607 1c00944e e0daf6cb fnmsub.s         f13, f21, f13, f28  f13=xxxxxxxx f21:bb2e26de f13:3817902f f28:3753c463
22717037ns          399608 1c009452 01032a2b p.sw             x16, 20(x6!)         x6=10001f58 x16:b8674917  x6:10001f44  PA:10001f44
22717057ns          399609 1c009456 fec52623 sw               x12, -20(x10)       x12:3899bd97 x10:10001f5c  PA:10001f48
22717077ns          399610 1c00945a fed52823 sw               x13, -16(x10)       x13:375560cf x10:10001f5c  PA:10001f4c
22717137ns          399613 1c00945e 00158513 addi             x10, x11, 1         x10=00000003 x11:00000002
22717156ns          399614 1c009462 02a12023 sw               x10, 32(x2)         x10:00000003  x2:10001df8  PA:10001e18
22717176ns          399615 1c009464 73b55263 bge              x10, x27, 1828      x10:00000003 x27:00000003
22717276ns          399620 1c009b88 ffbc0913 addi             x18, x24, -5        x18=00000005 x24:0000000a
22717316ns          399622 1c009b8c 005c0613 addi             x12, x24, 5         x12=0000000f x24:0000000a
22717395ns          399626 1c009b90 be0dcce3 blt              x27, x0, -1032      x27:00000003
22717435ns          399628 1c009b94 01b005b3 add              x11, x0, x27        x11=00000003 x27:00000003
22717455ns          399629 1c009b96 00000693 addi             x13, x0, 0          x13=00000000
22717475ns          399630 1c009b98 9b5ff06f jal              x0, -1612          
22717554ns          399634 1c00954c 01812803 lw               x16, 24(x2)         x16=10001ef0  x2:10001df8  PA:10001e10
22717634ns          399638 1c00954e 00d90333 add              x6, x18, x13         x6=00000005 x18:00000005 x13:00000000
22717674ns          399640 1c009552 00dc08b3 add              x17, x24, x13       x17=0000000a x24:0000000a x13:00000000
22717693ns          399641 1c009556 00231313 slli             x6, x6, 0x2          x6=00000014  x6:00000005
22717713ns          399642 1c009558 00289893 slli             x17, x17, 0x2       x17=00000028 x17:0000000a
22717733ns          399643 1c00955a 01030333 add              x6, x6, x16          x6=10001f04  x6:00000014 x16:10001ef0
22717753ns          399644 1c00955c 010888b3 add              x17, x17, x16       x17=10001f18 x17:00000028 x16:10001ef0
22717773ns          399645 1c00955e 00032e83 lw               x29, 0(x6)          x29=416bc5c7  x6:10001f04  PA:10001f04
22717813ns          399647 1c009562 0008a803 lw               x16, 0(x17)         x16=410336a3 x17:10001f18  PA:10001f18
22717833ns          399648 1c009566 00d60e33 add              x28, x12, x13       x28=0000000f x12:0000000f x13:00000000
22717853ns          399649 1c00956a 01812283 lw               x5, 24(x2)           x5=10001ef0  x2:10001df8  PA:10001e10
22717872ns          399650 1c00956c 002e1e13 slli             x28, x28, 0x2       x28=0000003c x28:0000000f
22717892ns          399651 1c00956e 005e0e33 add              x28, x28, x5        x28=10001f2c x28:0000003c  x5:10001ef0
22717912ns          399652 1c009570 e90bf843 fmadd.s          f16, f23, f16, f29  f16=xxxxxxxx f23:3e84dffe f16:410336a3 f29:416bc5c7
22717952ns          399654 1c009574 000e2f03 lw               x30, 0(x28)         x30=bd3801dd x28:10001f2c  PA:10001f2c
22717972ns          399655 1c009578 00168513 addi             x10, x13, 1         x10=00000001 x13:00000000
22717992ns          399656 1c00957c 81ed7843 fmadd.s          f16, f26, f30, f16  f16=xxxxxxxx f26:bab9e1ad f30:bd3801dd f16:4186e9a2
22718052ns          399659 1c009580 e909fecb fnmsub.s         f29, f19, f16, f29  f29=xxxxxxxx f19:3fefd878 f16:4186e9c3 f29:416bc5c7
22718091ns          399661 1c009584 01d32023 sw               x29, 0(x6)          x29:c186e9c0  x6:10001f04  PA:10001f04
22718111ns          399662 1c009588 0008a303 lw               x6, 0(x17)           x6=410336a3 x17:10001f18  PA:10001f18
22718151ns          399664 1c00958c 310b734b fnmsub.s         f6, f22, f16, f6     f6=xxxxxxxx f22:3ef8faf3 f16:4186e9c3  f6:410336a3
22718191ns          399666 1c009590 0068a023 sw               x6, 0(x17)           x6:b7920291 x17:10001f18  PA:10001f18
22718231ns          399668 1c009594 000e2f03 lw               x30, 0(x28)         x30=bd3801dd x28:10001f2c  PA:10001f2c
22718270ns          399670 1c009598 f10af84b fnmsub.s         f16, f21, f16, f30  f16=xxxxxxxx f21:bb2e26de f16:4186e9c3 f30:bd3801dd
22718290ns          399671 1c00959c 010e2023 sw               x16, 0(x28)         x16:b8e64111 x28:10001f2c  PA:10001f2c
22718330ns          399673 1c0095a0 1ea5c463 blt              x11, x10, 488       x11:00000003 x10:00000001
22718370ns          399675 1c0095a4 01250e33 add              x28, x10, x18       x28=00000006 x10:00000001 x18:00000005
22718390ns          399676 1c0095a8 01850333 add              x6, x10, x24         x6=0000000b x10:00000001 x24:0000000a
22718410ns          399677 1c0095ac 002e1e13 slli             x28, x28, 0x2       x28=00000018 x28:00000006
22718429ns          399678 1c0095ae 00231313 slli             x6, x6, 0x2          x6=0000002c  x6:0000000b
22718469ns          399680 1c0095b0 00530333 add              x6, x6, x5           x6=10001f1c  x6:0000002c  x5:10001ef0
22718489ns          399681 1c0095b2 005e0e33 add              x28, x28, x5        x28=10001f08 x28:00000018  x5:10001ef0
22718509ns          399682 1c0095b4 000e2e83 lw               x29, 0(x28)         x29=c3d4241e x28:10001f08  PA:10001f08
22718529ns          399683 1c0095b8 00032883 lw               x17, 0(x6)          x17=42512c53  x6:10001f1c  PA:10001f1c
22718549ns          399684 1c0095bc 00c50533 add              x10, x10, x12       x10=00000010 x10:00000001 x12:0000000f
22718569ns          399685 1c0095be 00251513 slli             x10, x10, 0x2       x10=00000040 x10:00000010
22718608ns          399687 1c0095c0 00550533 add              x10, x10, x5        x10=10001f30 x10:00000040  x5:10001ef0
22718648ns          399689 1c0095c2 e91bf8c3 fmadd.s          f17, f23, f17, f29  f17=xxxxxxxx f23:3e84dffe f17:42512c53 f29:c3d4241e
22718668ns          399690 1c0095c6 00052f03 lw               x30, 0(x10)         x30=bf90868e x10:10001f30  PA:10001f30
22718688ns          399691 1c0095ca 00268813 addi             x16, x13, 2         x16=00000002 x13:00000000
22718748ns          399694 1c0095ce 89ed78c3 fmadd.s          f17, f26, f30, f17  f17=xxxxxxxx f26:bab9e1ad f30:bf90868e f17:c3cd5b00
22718787ns          399696 1c0095d2 e919fecb fnmsub.s         f29, f19, f17, f29  f29=xxxxxxxx f19:3fefd878 f17:c3cd5acc f29:c3d4241e
22718807ns          399697 1c0095d6 01de2023 sw               x29, 0(x28)         x29:43aca6b5 x28:10001f08  PA:10001f08
22718827ns          399698 1c0095da 00032e03 lw               x28, 0(x6)          x28=42512c53  x6:10001f1c  PA:10001f1c
22718887ns          399701 1c0095de e11b7e4b fnmsub.s         f28, f22, f17, f28  f28=xxxxxxxx f22:3ef8faf3 f17:c3cd5acc f28:42512c53
22718927ns          399703 1c0095e2 01c32023 sw               x28, 0(x6)          x28:437c0458  x6:10001f1c  PA:10001f1c
22718947ns          399704 1c0095e6 00052f03 lw               x30, 0(x10)         x30=bf90868e x10:10001f30  PA:10001f30
22718986ns          399706 1c0095ea f11af8cb fnmsub.s         f17, f21, f17, f30  f17=xxxxxxxx f21:bb2e26de f17:c3cd5acc f30:bf90868e
22719026ns          399708 1c0095ee 01152023 sw               x17, 0(x10)         x17:c00e1cb9 x10:10001f30  PA:10001f30
22719066ns          399710 1c0095f2 1905cb63 blt              x11, x16, 406       x11:00000003 x16:00000002
22719086ns          399711 1c0095f6 01280e33 add              x28, x16, x18       x28=00000007 x16:00000002 x18:00000005
22719106ns          399712 1c0095fa 01880333 add              x6, x16, x24         x6=0000000c x16:00000002 x24:0000000a
22719126ns          399713 1c0095fe 002e1e13 slli             x28, x28, 0x2       x28=0000001c x28:00000007
22719165ns          399715 1c009600 00231313 slli             x6, x6, 0x2          x6=00000030  x6:0000000c
22719185ns          399716 1c009602 00530333 add              x6, x6, x5           x6=10001f20  x6:00000030  x5:10001ef0
22719205ns          399717 1c009604 005e0e33 add              x28, x28, x5        x28=10001f0c x28:0000001c  x5:10001ef0
22719225ns          399718 1c009606 000e2e83 lw               x29, 0(x28)         x29=c3abf08f x28:10001f0c  PA:10001f0c
22719245ns          399719 1c00960a 00032883 lw               x17, 0(x6)          x17=42c76642  x6:10001f20  PA:10001f20
22719702ns          399742 1c00960e 00c80533 add              x10, x16, x12       x10=00000011 x16:00000002 x12:0000000f
22719722ns          399743 1c009612 00251513 slli             x10, x10, 0x2       x10=00000044 x10:00000011
22719742ns          399744 1c009614 00550533 add              x10, x10, x5        x10=10001f34 x10:00000044  x5:10001ef0
22719762ns          399745 1c009616 e91bf8c3 fmadd.s          f17, f23, f17, f29  f17=xxxxxxxx f23:3e84dffe f17:42c76642 f29:c3abf08f
22719782ns          399746 1c00961a 00052f03 lw               x30, 0(x10)         x30=40f42f68 x10:10001f34  PA:10001f34
22719802ns          399747 1c00961e 00368813 addi             x16, x13, 3         x16=00000003 x13:00000000
22719822ns          399748 1c009622 89ed78c3 fmadd.s          f17, f26, f30, f17  f17=xxxxxxxx f26:bab9e1ad f30:40f42f68 f17:c39f00a9
22719842ns          399749 1c009626 e919fecb fnmsub.s         f29, f19, f17, f29  f29=xxxxxxxx f19:3fefd878 f17:c39f020c f29:c3abf08f
22719862ns          399750 1c00962a 01de2023 sw               x29, 0(x28)         x29:437c0458 x28:10001f0c  PA:10001f0c
22720299ns          399772 1c00962e 00032e03 lw               x28, 0(x6)          x28=42c76642  x6:10001f20  PA:10001f20
22720339ns          399774 1c009632 e11b7e4b fnmsub.s         f28, f22, f17, f28  f28=xxxxxxxx f22:3ef8faf3 f17:c39f020c f28:42c76642
22720359ns          399775 1c009636 01c32023 sw               x28, 0(x6)          x28:437e58fc  x6:10001f20  PA:10001f20
22720379ns          399776 1c00963a 00052f03 lw               x30, 0(x10)         x30=40f42f68 x10:10001f34  PA:10001f34
22720458ns          399780 1c00963e f11af8cb fnmsub.s         f17, f21, f17, f30  f17=xxxxxxxx f21:bb2e26de f17:c39f020c f30:40f42f68
22720498ns          399782 1c009642 01152023 sw               x17, 0(x10)         x17:40d92486 x10:10001f34  PA:10001f34
22720518ns          399783 1c009646 1505c163 blt              x11, x16, 322       x11:00000003 x16:00000003
22720538ns          399784 1c00964a 01280e33 add              x28, x16, x18       x28=00000008 x16:00000003 x18:00000005
22720598ns          399787 1c00964e 01880333 add              x6, x16, x24         x6=0000000d x16:00000003 x24:0000000a
22720617ns          399788 1c009652 002e1e13 slli             x28, x28, 0x2       x28=00000020 x28:00000008
22720637ns          399789 1c009654 00231313 slli             x6, x6, 0x2          x6=00000034  x6:0000000d
22720657ns          399790 1c009656 00530333 add              x6, x6, x5           x6=10001f24  x6:00000034  x5:10001ef0
22720677ns          399791 1c009658 005e0e33 add              x28, x28, x5        x28=10001f10 x28:00000020  x5:10001ef0
22720697ns          399792 1c00965a 000e2e83 lw               x29, 0(x28)         x29=3fae6dbe x28:10001f10  PA:10001f10
22720717ns          399793 1c00965e 00032883 lw               x17, 0(x6)          x17=40f6e640  x6:10001f24  PA:10001f24
22720737ns          399794 1c009662 00c80533 add              x10, x16, x12       x10=00000012 x16:00000003 x12:0000000f
22720757ns          399795 1c009666 00251513 slli             x10, x10, 0x2       x10=00000048 x10:00000012
22720777ns          399796 1c009668 00550533 add              x10, x10, x5        x10=10001f38 x10:00000048  x5:10001ef0
22720796ns          399797 1c00966a e91bf8c3 fmadd.s          f17, f23, f17, f29  f17=xxxxxxxx f23:3e84dffe f17:40f6e640 f29:3fae6dbe
22720816ns          399798 1c00966e 00052f03 lw               x30, 0(x10)         x30=44800dac x10:10001f38  PA:10001f38
22720856ns          399800 1c009672 00468813 addi             x16, x13, 4         x16=00000004 x13:00000000
22720876ns          399801 1c009676 89ed78c3 fmadd.s          f17, f26, f30, f17  f17=xxxxxxxx f26:bab9e1ad f30:44800dac f17:40575da0
22720896ns          399802 1c00967a e919fecb fnmsub.s         f29, f19, f17, f29  f29=xxxxxxxx f19:3fefd878 f17:3ff4c5b8 f29:3fae6dbe
22720956ns          399805 1c00967e 01de2023 sw               x29, 0(x28)         x29:c00e1cb1 x28:10001f10  PA:10001f10
22720995ns          399807 1c009682 00032e03 lw               x28, 0(x6)          x28=40f6e640  x6:10001f24  PA:10001f24
22721035ns          399809 1c009686 e11b7e4b fnmsub.s         f28, f22, f17, f28  f28=xxxxxxxx f22:3ef8faf3 f17:3ff4c5b8 f28:40f6e640
22721055ns          399810 1c00968a 01c32023 sw               x28, 0(x6)          x28:40d92451  x6:10001f24  PA:10001f24
22721095ns          399812 1c00968e 00052f03 lw               x30, 0(x10)         x30=44800dac x10:10001f38  PA:10001f38
22721135ns          399814 1c009692 f11af8cb fnmsub.s         f17, f21, f17, f30  f17=xxxxxxxx f21:bb2e26de f17:3ff4c5b8 f30:44800dac
22721154ns          399815 1c009696 01152023 sw               x17, 0(x10)         x17:44800dd6 x10:10001f38  PA:10001f38
22721174ns          399816 1c00969a 0f05c763 blt              x11, x16, 238       x11:00000003 x16:00000004
22721314ns          399823 1c009788 ff072383 lw               x7, -16(x14)         x7=bee47aaf x14:10001f7c  PA:10001f6c
22721353ns          399825 1c00978c 00472283 lw               x5, 4(x14)           x5=bc9bead1 x14:10001f7c  PA:10001f80
22721433ns          399829 1c009790 fec72483 lw               x9, -20(x14)         x9=bf1c14dc x14:10001f7c  PA:10001f68
22721473ns          399831 1c009794 00072403 lw               x8, 0(x14)           x8=3dba59d5 x14:10001f7c  PA:10001f7c
22721493ns          399832 1c009796 ffc72c03 lw               x24, -4(x14)        x24=bedfcf5f x14:10001f7c  PA:10001f78
22721512ns          399833 1c00979a 01072883 lw               x17, 16(x14)        x17=3f28048c x14:10001f7c  PA:10001f8c
22721572ns          399836 1c00979e ff472f03 lw               x30, -12(x14)       x30=bef7cd8e x14:10001f7c  PA:10001f70
22721612ns          399838 1c0097a2 00872e83 lw               x29, 8(x14)         x29=bf23f003 x14:10001f7c  PA:10001f84
22721632ns          399839 1c0097a6 3972f543 fmadd.s          f10, f5, f23, f7    f10=xxxxxxxx  f5:bc9bead1 f23:3e84dffe  f7:bee47aaf
22721652ns          399840 1c0097aa 49747843 fmadd.s          f16, f8, f23, f9    f16=xxxxxxxx  f8:3dba59d5 f23:3e84dffe  f9:bf1c14dc
22721731ns          399844 1c0097ae c178f943 fmadd.s          f18, f17, f23, f24  f18=xxxxxxxx f17:3f28048c f23:3e84dffe f24:bedfcf5f
22721771ns          399846 1c0097b2 01872c03 lw               x24, 24(x14)        x24=3ea31248 x14:10001f7c  PA:10001f94
22721791ns          399847 1c0097b6 01472883 lw               x17, 20(x14)        x17=3f11d05e x14:10001f7c  PA:10001f90
22721811ns          399848 1c0097ba ff872e03 lw               x28, -8(x14)        x28=3d7cc4b4 x14:10001f7c  PA:10001f74
22722248ns          399870 1c0097be 00c72303 lw               x6, 12(x14)          x6=3ec6a310 x14:10001f7c  PA:10001f88
22722288ns          399872 1c0097c2 f17ef5c3 fmadd.s          f11, f29, f23, f30  f11=xxxxxxxx f29:bf23f003 f23:3e84dffe f30:bef7cd8e
22722308ns          399873 1c0097c6 518d7543 fmadd.s          f10, f26, f24, f10  f10=xxxxxxxx f26:bab9e1ad f24:3ea31248 f10:bee7021b
22722328ns          399874 1c0097ca 01c72c03 lw               x24, 28(x14)        x24=bf048d9e x14:10001f7c  PA:10001f98
22722388ns          399877 1c0097ce 811d7843 fmadd.s          f16, f26, f17, f16  f16=xxxxxxxx f26:bab9e1ad f17:3f11d05e f16:bf160946
22722427ns          399879 1c0097d2 e17376c3 fmadd.s          f13, f6, f23, f28   f13=xxxxxxxx  f6:3ec6a310 f23:3e84dffe f28:3d7cc4b4
22722447ns          399880 1c0097d6 598d75c3 fmadd.s          f11, f26, f24, f11  f11=xxxxxxxx f26:bab9e1ad f24:bf048d9e f11:bf267260
22722467ns          399881 1c0097da 02072c03 lw               x24, 32(x14)        x24=bd20453a x14:10001f7c  PA:10001f9c
22722527ns          399884 1c0097de 4909f4cb fnmsub.s         f9, f19, f16, f9     f9=xxxxxxxx f19:3fefd878 f16:bf163e36  f9:bf1c14dc
22722567ns          399886 1c0097e2 698d76c3 fmadd.s          f13, f26, f24, f13  f13=xxxxxxxx f26:bab9e1ad f24:bd20453a f13:3e264b0e
22722587ns          399887 1c0097e6 4168744b fnmsub.s         f8, f16, f22, f8     f8=xxxxxxxx f16:bf163e36 f22:3ef8faf3  f8:3dba59d5
22722606ns          399888 1c0097ea 02472c03 lw               x24, 36(x14)        x24=bf0d439f x14:10001f7c  PA:10001fa0
22722666ns          399891 1c0097ee 890af84b fnmsub.s         f16, f21, f16, f17  f16=xxxxxxxx f21:bb2e26de f16:bf163e36 f17:3f11d05e
22722706ns          399893 1c0097f2 01872883 lw               x17, 24(x14)        x17=3ea31248 x14:10001f7c  PA:10001f94
22722726ns          399894 1c0097f6 918d7943 fmadd.s          f18, f26, f24, f18  f18=xxxxxxxx f26:bab9e1ad f24:bf0d439f f18:be889a04
22722746ns          399895 1c0097fa 38a9f3cb fnmsub.s         f7, f19, f10, f7     f7=xxxxxxxx f19:3fefd878 f10:bee73d4f  f7:bee47aaf
22722805ns          399898 1c0097fe 01c72c03 lw               x24, 28(x14)        x24=bf048d9e x14:10001f7c  PA:10001f98
22722845ns          399900 1c009802 296572cb fnmsub.s         f5, f10, f22, f5     f5=xxxxxxxx f10:bee73d4f f22:3ef8faf3  f5:bc9bead1
22722865ns          399901 1c009806 88aaf54b fnmsub.s         f10, f21, f10, f17  f10=xxxxxxxx f21:bb2e26de f10:bee73d4f f17:3ea31248
22722885ns          399902 1c00980a 02072883 lw               x17, 32(x14)        x17=bd20453a x14:10001f7c  PA:10001f9c
22722945ns          399905 1c00980e f0b9ff4b fnmsub.s         f30, f19, f11, f30  f30=xxxxxxxx f19:3fefd878 f11:bf264240 f30:bef7cd8e
22722984ns          399907 1c009812 e965fecb fnmsub.s         f29, f11, f22, f29  f29=xxxxxxxx f11:bf264240 f22:3ef8faf3 f29:bf23f003
22723004ns          399908 1c009816 e0d9fe4b fnmsub.s         f28, f19, f13, f28  f28=xxxxxxxx f19:3fefd878 f13:3e26599a f28:3d7cc4b4
22723024ns          399909 1c00981a c0baf5cb fnmsub.s         f11, f21, f11, f24  f11=xxxxxxxx f21:bb2e26de f11:bf264240 f24:bf048d9e
22723084ns          399912 1c00981e 3166f34b fnmsub.s         f6, f13, f22, f6     f6=xxxxxxxx f13:3e26599a f22:3ef8faf3  f6:3ec6a310
22723124ns          399914 1c009822 ffc72c03 lw               x24, -4(x14)        x24=bedfcf5f x14:10001f7c  PA:10001f78
22723144ns          399915 1c009826 88daf6cb fnmsub.s         f13, f21, f13, f17  f13=xxxxxxxx f21:bb2e26de f13:3e26599a f17:bd20453a
22723163ns          399916 1c00982a c129fc4b fnmsub.s         f24, f19, f18, f24  f24=xxxxxxxx f19:3fefd878 f18:be883372 f24:bedfcf5f
22723183ns          399917 1c00982e 00b72e23 sw               x11, 28(x14)        x11:bf04feb8 x14:10001f7c  PA:10001f98
22723223ns          399919 1c009830 02d72023 sw               x13, 32(x14)        x13:bd1e8091 x14:10001f7c  PA:10001f9c
22723243ns          399920 1c009832 01072683 lw               x13, 16(x14)        x13=3f28048c x14:10001f7c  PA:10001f8c
22723263ns          399921 1c009834 ff872e23 sw               x24, -4(x14)        x24:3d7b3833 x14:10001f7c  PA:10001f78
22723283ns          399922 1c009838 69697c4b fnmsub.s         f24, f18, f22, f13  f24=xxxxxxxx f18:be883372 f22:3ef8faf3 f13:3f28048c
22723303ns          399923 1c00983c 02472683 lw               x13, 36(x14)        x13=bf0d439f x14:10001f7c  PA:10001fa0
22723362ns          399926 1c00983e fe972623 sw               x9, -20(x14)         x9:3efae2c5 x14:10001f7c  PA:10001f68
22723402ns          399928 1c009842 692af8cb fnmsub.s         f17, f21, f18, f13  f17=xxxxxxxx f21:bb2e26de f18:be883372 f13:bf0d439f
22723422ns          399929 1c009846 00872023 sw               x8, 0(x14)           x8:3ec0b601 x14:10001f7c  PA:10001f7c
22723442ns          399930 1c009848 01072a23 sw               x16, 20(x14)        x16:3f116a29 x14:10001f7c  PA:10001f90
22723462ns          399931 1c00984c fe772823 sw               x7, -16(x14)         x7:3eccd0db x14:10001f7c  PA:10001f6c
22723502ns          399933 1c009850 00572223 sw               x5, 4(x14)           x5:3e4d68b8 x14:10001f7c  PA:10001f80
22723541ns          399935 1c009854 00a72c23 sw               x10, 24(x14)        x10:3ea274f9 x14:10001f7c  PA:10001f94
22723561ns          399936 1c009856 ffe72a23 sw               x30, -12(x14)       x30:3f3ba218 x14:10001f7c  PA:10001f70
22723581ns          399937 1c00985a 01d72423 sw               x29, 8(x14)         x29:bea62cdd x14:10001f7c  PA:10001f84
22723641ns          399940 1c00985e ffc72c23 sw               x28, -8(x14)        x28:be788374 x14:10001f7c  PA:10001f74
22723661ns          399941 1c009862 02012583 lw               x11, 32(x2)         x11=00000003  x2:10001df8  PA:10001e18
22723681ns          399942 1c009864 00672623 sw               x6, 12(x14)          x6:3e9e3098 x14:10001f7c  PA:10001f88
22723700ns          399943 1c009868 01872823 sw               x24, 16(x14)        x24:3f492262 x14:10001f7c  PA:10001f8c
22723720ns          399944 1c00986c 03172223 sw               x17, 36(x14)        x17:bf0d71f3 x14:10001f7c  PA:10001fa0
22723780ns          399947 1c009870 01470713 addi             x14, x14, 20        x14=10001f90 x14:10001f7c
22723800ns          399948 1c009872 01478793 addi             x15, x15, 20        x15=10001f2c x15:10001f18
22723820ns          399949 1c009874 004a0a13 addi             x20, x20, 4         x20=10001f5c x20:10001f58
22723840ns          399950 1c009876 02812683 lw               x13, 40(x2)         x13=10001f0c  x2:10001df8  PA:10001e20
22723860ns          399951 1c009878 00c00c33 add              x24, x0, x12        x24=0000000f x12:0000000f
22723879ns          399952 1c00987a 014f8f93 addi             x31, x31, 20        x31=10001f18 x31:10001f04
22723899ns          399953 1c00987c 90bdd8e3 bge              x27, x11, -1776     x27:00000003 x11:00000003
22723999ns          399958 1c00918c 0bb587e3 beq              x11, x27, 2222      x11:00000003 x27:00000003
22724456ns          399981 1c009a3a 0cbccf63 blt              x25, x11, 222       x25:00000001 x11:00000003
22724596ns          399988 1c009b18 0046a603 lw               x12, 4(x13)         x12=c00e1cb1 x13:10001f0c  PA:10001f10
22724635ns          399990 1c009b1a 00000813 addi             x16, x0, 0          x16=00000000
22724655ns          399991 1c009b1e 0006a503 lw               x10, 0(x13)         x10=437c0458 x13:10001f0c  PA:10001f0c
22724695ns          399993 1c009b20 a1061853 flt.s            x16, f12, f16       x16=00000001 f12:c00e1cb1 f16:00000000
22724735ns          399995 1c009b24 08a12223 sw               x10, 132(x2)        x10:437c0458  x2:10001df8  PA:10001e7c
22724755ns          399996 1c009b26 08c12423 sw               x12, 136(x2)        x12:c00e1cb1  x2:10001df8  PA:10001e80
22724775ns          399997 1c009b28 f20803e3 beq              x16, x0, -218       x16:00000001
22724794ns          399998 1c009b2c 20c61653 fsgnjn.s         f12, f12, f12       f12=xxxxxxxx f12:c00e1cb1 f12:c00e1cb1
22724814ns          399999 1c009b30 00200893 addi             x17, x0, 2          x17=00000002
22724834ns          400000 1c009b32 00100e93 addi             x29, x0, 1          x29=00000001
22724854ns          400001 1c009b34 ed2ff06f jal              x0, -2350          
22725033ns          400010 1c009206 00000813 addi             x16, x0, 0          x16=00000000
22725053ns          400011 1c00920a a1062353 feq.s            x6, f12, f16         x6=00000000 f12:400e1cb1 f16:00000000
22725113ns          400014 1c00920e 040318e3 bne              x6, x0, 2128         x6:00000000
22725153ns          400016 1c009212 a1051853 flt.s            x16, f10, f16       x16=00000000 f10:437c0458 f16:00000000
22725172ns          400017 1c009216 180812e3 bne              x16, x0, 2436       x16:00000000
22725192ns          400018 1c00921a 00a00833 add              x16, x0, x10        x16=437c0458 x10:437c0458
22725212ns          400019 1c00921c 00000313 addi             x6, x0, 0            x6=00000000
22725232ns          400020 1c009220 a0661353 flt.s            x6, f12, f6          x6=00000000 f12:400e1cb1  f6:00000000
22725252ns          400021 1c009224 00030463 beq              x6, x0, 8            x6:00000000
22725371ns          400027 1c00922c a0c81353 flt.s            x6, f16, f12         x6=00000000 f16:437c0458 f12:400e1cb1
22725391ns          400028 1c009230 12031ce3 bne              x6, x0, 2360         x6:00000000
22725411ns          400029 1c009234 a1061353 flt.s            x6, f12, f16         x6=00000001 f12:400e1cb1 f16:437c0458
22725431ns          400030 1c009238 18031fe3 bne              x6, x0, 2462         x6:00000001
22725630ns          400040 1c009bd6 1c000337 lui              x6, 0x1c000000       x6=1c000000
22725650ns          400041 1c009bda 04c30313 addi             x6, x6, 76           x6=1c00004c  x6:1c000000
22725709ns          400044 1c009bde 00032303 lw               x6, 0(x6)            x6=3f800000  x6:1c00004c  PA:1c00004c
22726048ns          400061 1c009be2 19067653 fdiv.s           f12, f12, f16       f12=xxxxxxxx f12:400e1cb1 f16:437c0458
22726346ns          400076 1c009be6 30c67643 fmadd.s          f12, f12, f12, f6   f12=xxxxxxxx f12:3c105bac f12:3c105bac  f6:3f800000
22726366ns          400077 1c009bea 58067653 fsqrt.s          f12, f12            f12=xxxxxxxx f12:3f80028b
22727460ns          400132 1c009bee 10c87653 fmul.s           f12, f16, f12       f12=xxxxxxxx f16:437c0458 f12:3f800145
22727480ns          400133 1c009bf2 e62ff06f jal              x0, -2462          
22727559ns          400137 1c009254 00000813 addi             x16, x0, 0          x16=00000000
22727599ns          400139 1c009258 a0a80853 fle.s            x16, f16, f10       x16=00000001 f16:00000000 f10:437c0458
22727619ns          400140 1c00925c 00080463 beq              x16, x0, 8          x16:00000001
22727679ns          400143 1c009260 20c61653 fsgnjn.s         f12, f12, f12       f12=xxxxxxxx f12:437c06d8 f12:437c06d8
22727718ns          400145 1c009264 00000813 addi             x16, x0, 0          x16=00000000
22727738ns          400146 1c009268 a1061853 flt.s            x16, f12, f16       x16=00000001 f12:c37c06d8 f16:00000000
22727758ns          400147 1c00926c 12081be3 bne              x16, x0, 2358       x16:00000001
22727937ns          400156 1c009ba2 20c61853 fsgnjn.s         f16, f12, f12       f16=xxxxxxxx f12:c37c06d8 f12:c37c06d8
22727957ns          400157 1c009ba6 eccff06f jal              x0, -2356          
22728017ns          400160 1c009272 1c0004b7 lui              x9, 0x1c000000       x9=1c000000
22728037ns          400161 1c009276 03048493 addi             x9, x9, 48           x9=1c000030  x9:1c000000
22728057ns          400162 1c00927a 0004a483 lw               x9, 0(x9)            x9=0c000000  x9:1c000030  PA:1c000030
22728395ns          400179 1c00927c a0981853 flt.s            x16, f16, f9        x16=00000000 f16:437c06d8  f9:0c000000
22728415ns          400180 1c009280 0a080ce3 beq              x16, x0, 2232       x16:00000000
22728474ns          400183 1c009b38 1c000337 lui              x6, 0x1c000000       x6=1c000000
22728494ns          400184 1c009b3c 04c32803 lw               x16, 76(x6)         x16=3f800000  x6:1c000000  PA:1c00004c
22728793ns          400199 1c009b40 08c57353 fsub.s           f6, f10, f12         f6=xxxxxxxx f10:437c0458 f12:c37c06d8
22728812ns          400200 1c009b44 18687853 fdiv.s           f16, f16, f6        f16=xxxxxxxx f16:3f800000  f6:43fc0598  PA:10001e80
22728832ns          400201 1c009b48 08812303 lw               x6, 136(x2)          x6=xxxxxxxx  x2:10001df8
22728852ns          400202 1c009b4a 08a679d3 fsub.s           f19, f12, f10       f19=xxxxxxxx f12:c37c06d8 f10:437c0458
22729111ns          400215 1c009b4e 11037353 fmul.s           f6, f6, f16          f6=xxxxxxxx  f6:c00e1cb1 f16:3b02053e
22729131ns          400216 1c009b52 18c9f9d3 fdiv.s           f19, f19, f12       f19=xxxxxxxx f19:c3fc0598 f12:c37c06d8  PA:10001e80
22729151ns          400217 1c009b56 08612423 sw               x6, 136(x2)          x6:bb905af6  x2:10001df8
22729170ns          400218 1c009b58 0038b663 p.bneimm         x17, 12             x17:00000002
22729270ns          400223 1c009b64 00c00533 add              x10, x0, x12        x10=xxxxxxxx x12:c37c06d8
22729290ns          400224 1c009b66 87fff06f jal              x0, -1922            PA:10001e7c
22729369ns          400228 1c0093e4 08a12223 sw               x10, 132(x2)        x10:c37c06d8  x2:10001df8
22729409ns          400230 1c0093e6 4cbcd763 bge              x25, x11, 1230      x25:00000001 x11:00000003
22729429ns          400231 1c0093ea 00a6a023 sw               x10, 0(x13)         x10:c37c06d8 x13:10001f0c  PA:10001f0c
22729449ns          400232 1c0093ec 0006a223 sw               x0, 4(x13)          x13:10001f0c  PA:10001f10
22729489ns          400234 1c0093f0 01b5d463 bge              x11, x27, 8         x11:00000003 x27:00000003
22729548ns          400237 1c0093f8 08812b83 lw               x23, 136(x2)        x23=xxxxxxxx  x2:10001df8  PA:10001e80
22729588ns          400239 1c0093fa 1179fb53 fmul.s           f22, f19, f23       f22=xxxxxxxx f19:3ffffebb f23:bb905af6
22729628ns          400241 1c0093fe 4c38bd63 p.bneimm         x17, 1242           x17:00000002
22730105ns          400265 1c0098d8 01468893 addi             x17, x13, 20        x17=10001f20 x13:10001f0c
22730145ns          400267 1c0098dc 411a0833 sub              x16, x20, x17       x16=0000003c x20:10001f5c x17:10001f20
22730205ns          400270 1c0098e0 fec80813 addi             x16, x16, -20       x16=00000028 x16:0000003c
22730245ns          400272 1c0098e2 0cccd637 lui              x12, 0xcccd000      x12=0cccd000
22730264ns          400273 1c0098e6 00285813 srli             x16, x16, 0x2       x16=0000000a x16:00000028
22730284ns          400274 1c0098ea ccd60613 addi             x12, x12, -819      x12=0ccccccd x12:0cccd000
22730344ns          400277 1c0098ee 02c80833 mul              x16, x16, x12       x16=80000002 x16:0000000a x12:0ccccccd
22730364ns          400278 1c0098f2 01868693 addi             x13, x13, 24        x13=10001f24 x13:10001f0c
22730384ns          400279 1c0098f4 c3e83833 p.bclr           x16, x16, 1, 30     x16=00000002 x16:80000002
22730404ns          400280 1c0098f8 02d12423 sw               x13, 40(x2)         x13:10001f24  x2:10001df8  PA:10001e20
22730424ns          400281 1c0098fa 00d00333 add              x6, x0, x13          x6=10001f24 x13:10001f24
22730443ns          400282 1c0098fc 00180813 addi             x16, x16, 1         x16=00000003 x16:00000002
22730483ns          400284 1c0098fe 00e840fb lp.setup         0x1, x16, 0xe       x16:00000003
22730523ns          400286 1c009902 0008a603 lw               x12, 0(x17)         x12=437e58fc x17:10001f20  PA:10001f20
22730543ns          400287 1c009906 00032503 lw               x10, 0(x6)          x10=40d92451  x6:10001f24  PA:10001f24
22730583ns          400289 1c00990a 617576c3 fmadd.s          f13, f10, f23, f12  f13=xxxxxxxx f10:40d92451 f23:bb905af6 f12:437e58fc
22730622ns          400291 1c00990e 6136f64b fnmsub.s         f12, f13, f19, f12  f12=xxxxxxxx f13:437e5155 f19:3ffffebb f12:437e58fc
22730662ns          400293 1c009912 5166f6cb fnmsub.s         f13, f13, f22, f10  f13=xxxxxxxx f13:437e5155 f22:bc105a3f f10:40d92451
22730682ns          400294 1c009916 00c8aa2b p.sw             x12, 20(x17!)       x17=10001f34 x12:c37e4728 x17:10001f20  PA:10001f20
22730702ns          400295 1c00991a 00d32a2b p.sw             x13, 20(x6!)         x6=10001f38 x13:41106c02  x6:10001f24  PA:10001f24
22730742ns          400297 1c009902 0008a603 lw               x12, 0(x17)         x12=40d92486 x17:10001f34  PA:10001f34
22730762ns          400298 1c009906 00032503 lw               x10, 0(x6)          x10=44800dd6  x6:10001f38  PA:10001f38
22730801ns          400300 1c00990a 617576c3 fmadd.s          f13, f10, f23, f12  f13=xxxxxxxx f10:44800dd6 f23:bb905af6 f12:40d92486
22730821ns          400301 1c00990e 6136f64b fnmsub.s         f12, f13, f19, f12  f12=xxxxxxxx f13:401173eb f19:3ffffebb f12:40d92486
22730841ns          400302 1c009912 5166f6cb fnmsub.s         f13, f13, f22, f10  f13=xxxxxxxx f13:401173eb f22:bc105a3f f10:44800dd6
22730861ns          400303 1c009916 00c8aa2b p.sw             x12, 20(x17!)       x17=10001f48 x12:400f62a7 x17:10001f34  PA:10001f34
22730881ns          400304 1c00991a 00d32a2b p.sw             x13, 20(x6!)         x6=10001f4c x13:44800e7a  x6:10001f38  PA:10001f38
22730980ns          400309 1c009902 0008a603 lw               x12, 0(x17)         x12=3899bd97 x17:10001f48  PA:10001f48
22731000ns          400310 1c009906 00032503 lw               x10, 0(x6)          x10=375560cf  x6:10001f4c  PA:10001f4c
22731040ns          400312 1c00990a 617576c3 fmadd.s          f13, f10, f23, f12  f13=xxxxxxxx f10:375560cf f23:bb905af6 f12:3899bd97
22731060ns          400313 1c00990e 6136f64b fnmsub.s         f12, f13, f19, f12  f12=xxxxxxxx f13:38999f82 f19:3ffffebb f12:3899bd97
22731080ns          400314 1c009912 5166f6cb fnmsub.s         f13, f13, f22, f10  f13=xxxxxxxx f13:38999f82 f22:bc105a3f f10:375560cf
22731100ns          400315 1c009916 00c8aa2b p.sw             x12, 20(x17!)       x17=10001f5c x12:b8997fe7 x17:10001f48  PA:10001f48
22731120ns          400316 1c00991a 00d32a2b p.sw             x13, 20(x6!)         x6=10001f60 x13:376034cb  x6:10001f4c  PA:10001f4c
22731140ns          400317 1c00991e 000fa603 lw               x12, 0(x31)         x12=b7920291 x31:10001f18  PA:10001f18
22731160ns          400318 1c009922 0007a503 lw               x10, 0(x15)         x10=b8e64111 x15:10001f2c  PA:10001f2c
22731199ns          400320 1c009924 617576c3 fmadd.s          f13, f10, f23, f12  f13=xxxxxxxx f10:b8e64111 f23:bb905af6 f12:b7920291
22731219ns          400321 1c009928 6136f64b fnmsub.s         f12, f13, f19, f12  f12=xxxxxxxx f13:b78df3de f19:3ffffebb f12:b7920291
22731239ns          400322 1c00992c 5166f6cb fnmsub.s         f13, f13, f22, f10  f13=xxxxxxxx f13:b78df3de f22:bc105a3f f10:b8e64111
22731259ns          400323 1c009930 00cfa023 sw               x12, 0(x31)         x12:3789e3c3 x31:10001f18  PA:10001f18
22731279ns          400324 1c009934 00d7a023 sw               x13, 0(x15)         x13:b8e6911c x15:10001f2c  PA:10001f2c
22731299ns          400325 1c009936 07b05863 bge              x0, x27, 112        x27:00000003
22731319ns          400326 1c00993a 004fa603 lw               x12, 4(x31)         x12=437c0458 x31:10001f18  PA:10001f1c
22731339ns          400327 1c00993e 0047a503 lw               x10, 4(x15)         x10=c00e1cb9 x15:10001f2c  PA:10001f30
22731756ns          400348 1c009940 617576c3 fmadd.s          f13, f10, f23, f12  f13=xxxxxxxx f10:c00e1cb9 f23:bb905af6 f12:437c0458
22731796ns          400350 1c009944 6136f64b fnmsub.s         f12, f13, f19, f12  f12=xxxxxxxx f13:437c06d9 f19:3ffffebb f12:437c0458
22731816ns          400351 1c009948 5166f6cb fnmsub.s         f13, f13, f22, f10  f13=xxxxxxxx f13:437c06d9 f22:bc105a3f f10:c00e1cb9
22731836ns          400352 1c00994c 00cfa223 sw               x12, 4(x31)         x12:c37c06da x31:10001f18  PA:10001f1c
22731895ns          400355 1c009950 00d7a223 sw               x13, 4(x15)         x13:b5d040d3 x15:10001f2c  PA:10001f30
22731935ns          400357 1c009952 041daa63 p.beqimm         x27, 84             x27:00000003
22731955ns          400358 1c009956 008fa603 lw               x12, 8(x31)         x12=c37e4728 x31:10001f18  PA:10001f20
22731975ns          400359 1c00995a 0087a503 lw               x10, 8(x15)         x10=400f62a7 x15:10001f2c  PA:10001f34
22732015ns          400361 1c00995c 60abf6c3 fmadd.s          f13, f23, f10, f12  f13=xxxxxxxx f23:bb905af6 f10:400f62a7 f12:c37e4728
22732035ns          400362 1c009960 60d9f64b fnmsub.s         f12, f19, f13, f12  f12=xxxxxxxx f19:3ffffebb f13:c37e49af f12:c37e4728
22732074ns          400364 1c009964 50db76cb fnmsub.s         f13, f22, f13, f10  f13=xxxxxxxx f22:bc105a3f f13:c37e49af f10:400f62a7
22732094ns          400365 1c009968 00cfa423 sw               x12, 8(x31)         x12:437e49b0 x31:10001f18  PA:10001f20
22732114ns          400366 1c00996c 00d7a423 sw               x13, 8(x15)         x13:b7dfd750 x15:10001f2c  PA:10001f34
22732174ns          400369 1c00996e 022dac63 p.beqimm         x27, 56             x27:00000003
22732214ns          400371 1c009972 00cfa603 lw               x12, 12(x31)        x12=41106c02 x31:10001f18  PA:10001f24
22732254ns          400373 1c009976 00c7a503 lw               x10, 12(x15)        x10=44800e7a x15:10001f2c  PA:10001f38
22732313ns          400376 1c009978 60abf6c3 fmadd.s          f13, f23, f10, f12  f13=xxxxxxxx f23:bb905af6 f10:44800e7a f12:41106c02
22732333ns          400377 1c00997c 60d9f64b fnmsub.s         f12, f19, f13, f12  f12=xxxxxxxx f19:3ffffebb f13:40906cba f12:41106c02
22732353ns          400378 1c009980 50db76cb fnmsub.s         f13, f22, f13, f10  f13=xxxxxxxx f22:bc105a3f f13:40906cba f10:44800e7a
22732373ns          400379 1c009984 00cfa623 sw               x12, 12(x31)        x12:b525f7de x31:10001f18  PA:10001f24
22732393ns          400380 1c009988 00d7a623 sw               x13, 12(x15)        x13:44800fc0 x15:10001f2c  PA:10001f38
22732413ns          400381 1c00998a 004dbe63 p.bneimm         x27, 28             x27:00000003
22732572ns          400389 1c0099a6 fec72283 lw               x5, -20(x14)         x5=3ec0b601 x14:10001f90  PA:10001f7c
22732592ns          400390 1c0099aa ff872803 lw               x16, -8(x14)        x16=3e9e3098 x14:10001f90  PA:10001f88
22732612ns          400391 1c0099ae 00c72503 lw               x10, 12(x14)        x10=bd1e8091 x14:10001f90  PA:10001f9c
22732651ns          400393 1c0099b0 00072383 lw               x7, 0(x14)           x7=3f116a29 x14:10001f90  PA:10001f90
22732691ns          400395 1c0099b4 ff072e83 lw               x29, -16(x14)       x29=3e4d68b8 x14:10001f90  PA:10001f80
22732711ns          400396 1c0099b8 00472e03 lw               x28, 4(x14)         x28=3ea274f9 x14:10001f90  PA:10001f94
22732731ns          400397 1c0099bc ff472303 lw               x6, -12(x14)         x6=bea62cdd x14:10001f90  PA:10001f84
22732791ns          400400 1c0099c0 00872883 lw               x17, 8(x14)         x17=bf04feb8 x14:10001f90  PA:10001f98
22732830ns          400402 1c0099c4 ffc72603 lw               x12, -4(x14)        x12=3f492262 x14:10001f90  PA:10001f8c
22732850ns          400403 1c0099c8 2973ff43 fmadd.s          f30, f7, f23, f5    f30=xxxxxxxx  f7:3f116a29 f23:bb905af6  f5:3ec0b601
22732870ns          400404 1c0099cc 01072683 lw               x13, 16(x14)        x13=bf0d71f3 x14:10001f90  PA:10001fa0
22732930ns          400407 1c0099ce 817573c3 fmadd.s          f7, f10, f23, f16    f7=xxxxxxxx f10:bd1e8091 f23:bb905af6 f16:3e9e3098
22732970ns          400409 1c0099d2 6176f943 fmadd.s          f18, f13, f23, f12  f18=xxxxxxxx f13:bf0d71f3 f23:bb905af6 f12:3f492262
22732989ns          400410 1c0099d6 e97e74c3 fmadd.s          f9, f28, f23, f29    f9=xxxxxxxx f28:3ea274f9 f23:bb905af6 f29:3e4d68b8
22733009ns          400411 1c0099da 3178f443 fmadd.s          f8, f17, f23, f6     f8=xxxxxxxx f17:bf04feb8 f23:bb905af6  f6:bea62cdd
22733029ns          400412 1c0099de 00072683 lw               x13, 0(x14)         x13=3f116a29 x14:10001f90  PA:10001f90
22733069ns          400414 1c0099e0 8079f84b fnmsub.s         f16, f19, f7, f16   f16=xxxxxxxx f19:3ffffebb  f7:3e9e46f0 f16:3e9e3098
22733109ns          400416 1c0099e4 5163f54b fnmsub.s         f10, f7, f22, f10   f10=xxxxxxxx  f7:3e9e46f0 f22:bc105a3f f10:bd1e8091
22733129ns          400417 1c0099e8 01072383 lw               x7, 16(x14)          x7=bf0d71f3 x14:10001f90  PA:10001fa0
22733149ns          400418 1c0099ec 29e9f2cb fnmsub.s         f5, f19, f30, f5     f5=xxxxxxxx f19:3ffffebb f30:3ebf6e03  f5:3ec0b601
22733208ns          400421 1c0099f0 6129f64b fnmsub.s         f12, f19, f18, f12  f12=xxxxxxxx f19:3ffffebb f18:3f49c1e7 f12:3f492262
22733248ns          400423 1c0099f4 696f7f4b fnmsub.s         f30, f30, f22, f13  f30=xxxxxxxx f30:3ebf6e03 f22:bc105a3f f13:3f116a29
22733268ns          400424 1c0099f8 e899fecb fnmsub.s         f29, f19, f9, f29   f29=xxxxxxxx f19:3ffffebb  f9:3e4bfa4a f29:3e4d68b8
22733288ns          400425 1c0099fc e164fe4b fnmsub.s         f28, f9, f22, f28   f28=xxxxxxxx  f9:3e4bfa4a f22:bc105a3f f28:3ea274f9
22733367ns          400429 1c009a00 3089f34b fnmsub.s         f6, f19, f8, f6      f6=xxxxxxxx f19:3ffffebb  f8:bea500e3  f6:bea62cdd
22733407ns          400431 1c009a04 896478cb fnmsub.s         f17, f8, f22, f17   f17=xxxxxxxx  f8:bea500e3 f22:bc105a3f f17:bf04feb8
22733427ns          400432 1c009a08 396976cb fnmsub.s         f13, f18, f22, f7   f13=xxxxxxxx f18:3f49c1e7 f22:bc105a3f  f7:bf0d71f3
22733447ns          400433 1c009a0c 00158593 addi             x11, x11, 1         x11=00000004 x11:00000003
22733904ns          400456 1c009a0e fec72e23 sw               x12, -4(x14)        x12:bf4a5f6c x14:10001f90  PA:10001f8c
22733944ns          400458 1c009a12 fe572623 sw               x5, -20(x14)         x5:bebe241f x14:10001f90  PA:10001f7c
22733964ns          400459 1c009a16 01e72023 sw               x30, 0(x14)         x30:3f12420c x14:10001f90  PA:10001f90
22733984ns          400460 1c009a1a ffd72823 sw               x29, -16(x14)       x29:be4a89d6 x14:10001f90  PA:10001f80
22734044ns          400463 1c009a1e 01c72223 sw               x28, 4(x14)         x28:3ea35b02 x14:10001f90  PA:10001f94
22734083ns          400465 1c009a22 fe672a23 sw               x6, -12(x14)         x6:3ea3d346 x14:10001f90  PA:10001f84
22734103ns          400466 1c009a26 01172423 sw               x17, 8(x14)         x17:bf05b8cd x14:10001f90  PA:10001f98
22734123ns          400467 1c009a2a ff072c23 sw               x16, -8(x14)        x16:be9e5bb6 x14:10001f90  PA:10001f88
22734143ns          400468 1c009a2e 00a72623 sw               x10, 12(x14)        x10:bd13589b x14:10001f90  PA:10001f9c
22734183ns          400470 1c009a30 00d72823 sw               x13, 16(x14)        x13:bf0baae2 x14:10001f90  PA:10001fa0
22734203ns          400471 1c009a32 02b12023 sw               x11, 32(x2)         x11:00000004  x2:10001df8  PA:10001e18
22734223ns          400472 1c009a34 005c0613 addi             x12, x24, 5         x12=00000014 x24:0000000f
22734243ns          400473 1c009a38 e39ff06f jal              x0, -456           
22734282ns          400475 1c009870 01470713 addi             x14, x14, 20        x14=10001fa4 x14:10001f90
22734302ns          400476 1c009872 01478793 addi             x15, x15, 20        x15=10001f40 x15:10001f2c
22734322ns          400477 1c009874 004a0a13 addi             x20, x20, 4         x20=10001f60 x20:10001f5c
22734342ns          400478 1c009876 02812683 lw               x13, 40(x2)         x13=10001f24  x2:10001df8  PA:10001e20
22734362ns          400479 1c009878 00c00c33 add              x24, x0, x12        x24=00000014 x12:00000014
22734382ns          400480 1c00987a 014f8f93 addi             x31, x31, 20        x31=10001f2c x31:10001f18
22734402ns          400481 1c00987c 90bdd8e3 bge              x27, x11, -1776     x27:00000003 x11:00000004
22734422ns          400482 1c009880 04012c03 lw               x24, 64(x2)         x24=446f42b8  x2:10001df8  PA:10001e38
22734441ns          400483 1c009882 04412c83 lw               x25, 68(x2)         x25=44800fb5  x2:10001df8  PA:10001e3c
22734461ns          400484 1c009884 02412483 lw               x9, 36(x2)           x9=00000000  x2:10001df8  PA:10001e1c
22734481ns          400485 1c009886 01f00793 addi             x15, x0, 31         x15=0000001f
22734501ns          400486 1c009888 00148493 addi             x9, x9, 1            x9=00000001  x9:00000000
22734521ns          400487 1c00988a 02912223 sw               x9, 36(x2)           x9:00000001  x2:10001df8  PA:10001e1c
22734541ns          400488 1c00988c 00100293 addi             x5, x0, 1            x5=00000001
22734561ns          400489 1c00988e caf49963 bne              x9, x15, -2894       x9:00000001 x15:0000001f
22734660ns          400494 1c008d40 01c12e83 lw               x29, 28(x2)         x29=00000001  x2:10001df8  PA:10001e14
22734700ns          400496 1c008d42 7fddc8e3 blt              x27, x29, 4080      x27:00000003 x29:00000001
22734720ns          400497 1c008d46 41dd8833 sub              x16, x27, x29       x16=00000002 x27:00000003 x29:00000001
22734740ns          400498 1c008d4a 1c0004b7 lui              x9, 0x1c000000       x9=1c000000
22734800ns          400501 1c008d4e fffe8513 addi             x10, x29, -1        x10=00000000 x29:00000001
22734839ns          400503 1c008d52 fffd8793 addi             x15, x27, -1        x15=00000002 x27:00000003
22734859ns          400504 1c008d56 03812603 lw               x12, 56(x2)         x12=10001f24  x2:10001df8  PA:10001e30
22734879ns          400505 1c008d58 03412303 lw               x6, 52(x2)           x6=10001f20  x2:10001df8  PA:10001e2c
22734899ns          400506 1c008d5a 03012683 lw               x13, 48(x2)         x13=10001f38  x2:10001df8  PA:10001e28
22734919ns          400507 1c008d5c 005005b3 add              x11, x0, x5         x11=00000001  x5:00000001
22734939ns          400508 1c008d5e 00500f33 add              x30, x0, x5         x30=00000001  x5:00000001
22734959ns          400509 1c008d60 01b00433 add              x8, x0, x27          x8=00000003 x27:00000003
22734979ns          400510 1c008d62 00000713 addi             x14, x0, 0          x14=00000000
22734998ns          400511 1c008d66 00100f93 addi             x31, x0, 1          x31=00000001
22735018ns          400512 1c008d68 0244a383 lw               x7, 36(x9)           x7=34000000  x9:1c000000  PA:1c000024
22735337ns          400528 1c008d6c 00180813 addi             x16, x16, 1         x16=00000003 x16:00000002
22735356ns          400529 1c008d6e 7ca7cbe3 blt              x15, x10, 4054      x15:00000002 x10:00000000
22735376ns          400530 1c008d72 078840fb lp.setup         0x1, x16, 0x78      x16:00000003
22735396ns          400531 1c008d76 00062783 lw               x15, 0(x12)         x15=b525f7de x12:10001f24  PA:10001f24
22735416ns          400532 1c008d78 fff40e93 addi             x29, x8, -1         x29=00000002  x8:00000003
22735436ns          400533 1c008d7c a0e79553 flt.s            x10, f15, f14       x10=00000001 f15:b525f7de f14:00000000
22735476ns          400535 1c008d80 00050363 beq              x10, x0, 6          x10:00000001
22735516ns          400537 1c008d82 20f797d3 fsgnjn.s         f15, f15, f15       f15=xxxxxxxx f15:b525f7de f15:b525f7de
22735535ns          400538 1c008d86 1c0008b7 lui              x17, 0x1c000000     x17=1c000000
22735555ns          400539 1c008d8a 02088893 addi             x17, x17, 32        x17=1c000020 x17:1c000000
22735615ns          400542 1c008d8e 0008a883 lw               x17, 0(x17)         x17=0d200000 x17:1c000020  PA:1c000020
22735973ns          400560 1c008d92 a1178553 fle.s            x10, f15, f17       x10=00000000 f15:3525f7de f17:0d200000
22735993ns          400561 1c008d96 0c051763 bne              x10, x0, 206        x10:00000000
22736013ns          400562 1c008d98 00032883 lw               x17, 0(x6)          x17=437e49b0  x6:10001f20  PA:10001f20
22736053ns          400564 1c008d9c a0e895d3 flt.s            x11, f17, f14       x11=00000000 f17:437e49b0 f14:00000000
22736073ns          400565 1c008da0 01100bb3 add              x23, x0, x17        x23=437e49b0 x17:437e49b0
22736092ns          400566 1c008da2 00058363 beq              x11, x0, 6          x11:00000000
22736152ns          400569 1c008da8 0006a503 lw               x10, 0(x13)         x10=44800fc0 x13:10001f38  PA:10001f38
22736192ns          400571 1c008daa a0e515d3 flt.s            x11, f10, f14       x11=00000000 f10:44800fc0 f14:00000000
22736212ns          400572 1c008dae 00a00e33 add              x28, x0, x10        x28=44800fc0 x10:44800fc0
22736232ns          400573 1c008db0 00058363 beq              x11, x0, 6          x11:00000000
22736311ns          400577 1c008db6 01cbfbd3 fadd.s           f23, f23, f28       f23=xxxxxxxx f23:437e49b0 f28:44800fc0
22736331ns          400578 1c008dba a0eba5d3 feq.s            x11, f23, f14       x11=00000000 f23:449fd8f6 f14:00000000
22736351ns          400579 1c008dbe 00058d63 beq              x11, x0, 26         x11:00000000
22736470ns          400585 1c008dd8 1c0004b7 lui              x9, 0x1c000000       x9=1c000000
22736510ns          400587 1c008ddc 02448493 addi             x9, x9, 36           x9=1c000024  x9:1c000000
22736570ns          400590 1c008de0 0004a483 lw               x9, 0(x9)            x9=34000000  x9:1c000024  PA:1c000024
22736928ns          400608 1c008de2 109bf5d3 fmul.s           f11, f23, f9        f11=xxxxxxxx f23:449fd8f6  f9:34000000
22736948ns          400609 1c008de6 a0b785d3 fle.s            x11, f15, f11       x11=00000001 f15:3525f7de f11:391fd8f6
22736968ns          400610 1c008dea 06058863 beq              x11, x0, 112        x11:00000001
22736987ns          400611 1c008dec 01062a83 lw               x21, 16(x12)        x21=b7dfd750 x12:10001f24  PA:10001f34
22737027ns          400613 1c008df0 a0ea95d3 flt.s            x11, f21, f14       x11=00000001 f21:b7dfd750 f14:00000000
22737067ns          400615 1c008df4 00058363 beq              x11, x0, 6          x11:00000001
22737087ns          400616 1c008df6 215a9ad3 fsgnjn.s         f21, f21, f21       f21=xxxxxxxx f21:b7dfd750 f21:b7dfd750
22737107ns          400617 1c008dfa a0fa95d3 flt.s            x11, f21, f15       x11=00000000 f21:37dfd750 f15:3525f7de
22737127ns          400618 1c008dfe 00059463 bne              x11, x0, 8          x11:00000000
22737167ns          400620 1c008e00 00f005b3 add              x11, x0, x15        x11=3525f7de x15:3525f7de
22737186ns          400621 1c008e02 015007b3 add              x15, x0, x21        x15=37dfd750 x21:37dfd750
22737206ns          400622 1c008e04 00b00ab3 add              x21, x0, x11        x21=3525f7de x11:3525f7de
22737226ns          400623 1c008e06 08a8fb53 fsub.s           f22, f17, f10       f22=xxxxxxxx f17:437e49b0 f10:44800fc0
22737246ns          400624 1c008e0a a0eb15d3 flt.s            x11, f22, f14       x11=00000001 f22:c4408d14 f14:00000000
22737266ns          400625 1c008e0e 00058363 beq              x11, x0, 6          x11:00000001
22737684ns          400646 1c008e10 216b1b53 fsgnjn.s         f22, f22, f22       f22=xxxxxxxx f22:c4408d14 f22:c4408d14
22737723ns          400648 1c008e14 a1cb15d3 flt.s            x11, f22, f28       x11=00000001 f22:44408d14 f28:44800fc0
22737743ns          400649 1c008e18 01c00933 add              x18, x0, x28        x18=44800fc0 x28:44800fc0
22737763ns          400650 1c008e1a 00059363 bne              x11, x0, 6          x11:00000001
22737863ns          400655 1c008e20 00f97c53 fadd.s           f24, f18, f15       f24=xxxxxxxx f18:44800fc0 f15:37dfd750
22737883ns          400656 1c008e24 19897bd3 fdiv.s           f23, f18, f24       f23=xxxxxxxx f18:44800fc0 f24:44800fc0
22738400ns          400682 1c008e28 117b7bd3 fmul.s           f23, f22, f23       f23=xxxxxxxx f22:44408d14 f23:3f800000
22738420ns          400683 1c008e2c 1c0005b7 lui              x11, 0x1c000000     x11=1c000000
22738440ns          400684 1c008e30 02058593 addi             x11, x11, 32        x11=1c000020 x11:1c000000
22738479ns          400686 1c008e34 107bfbd3 fmul.s           f23, f23, f7        f23=xxxxxxxx f23:44408d14  f7:34000000
22738499ns          400687 1c008e38 0005a503 lw               x10, 0(x11)         x10=0d200000 x11:1c000020  PA:1c000020
22738817ns          400703 1c008e3a a0ab85d3 fle.s            x11, f23, f10       x11=00000000 f23:38c08d14 f10:0d200000
22738837ns          400704 1c008e3e 00059563 bne              x11, x0, 10         x11:00000000
22738857ns          400705 1c008e40 a17ba5d3 feq.s            x11, f23, f23       x11=00000001 f23:38c08d14 f23:38c08d14
22738877ns          400706 1c008e44 00058263 beq              x11, x0, 4          x11:00000001
22738897ns          400707 1c008e46 01700533 add              x10, x0, x23        x10=38c08d14 x23:38c08d14
22738917ns          400708 1c008e48 1987f5d3 fdiv.s           f11, f15, f24       f11=xxxxxxxx f15:37dfd750 f24:44800fc0
22739235ns          400724 1c008e4c 10baf5d3 fmul.s           f11, f21, f11       f11=xxxxxxxx f21:3525f7de f11:32dfbbc8
22739255ns          400725 1c008e50 a0a585d3 fle.s            x11, f11, f10       x11=00000001 f11:28910ca8 f10:38c08d14
22739275ns          400726 1c008e54 08059e63 bne              x11, x0, 156        x11:00000001
22739374ns          400731 1c008ef0 00100593 addi             x11, x0, 1          x11=00000001
22739394ns          400732 1c008ef2 00100f13 addi             x30, x0, 1          x30=00000001
22739414ns          400733 1c008ef4 f73ff06f jal              x0, -142           
22739534ns          400739 1c008e66 00140e13 addi             x28, x8, 1          x28=00000004  x8:00000003
22739553ns          400740 1c008e6a 01c12e23 sw               x28, 28(x2)         x28:00000004  x2:10001df8  PA:10001e14
22739573ns          400741 1c008e6c 00805e63 bge              x0, x8, 28           x8:00000003
22739653ns          400745 1c008e70 fff40693 addi             x13, x8, -1         x13=00000002  x8:00000003
22739693ns          400747 1c008e74 00269713 slli             x14, x13, 0x2       x14=00000008 x13:00000002
22739713ns          400748 1c008e78 00d70733 add              x14, x14, x13       x14=0000000a x14:00000008 x13:00000002
22739732ns          400749 1c008e7a 00870733 add              x14, x14, x8        x14=0000000d x14:0000000a  x8:00000003
22739752ns          400750 1c008e7c 01812e83 lw               x29, 24(x2)         x29=10001ef0  x2:10001df8  PA:10001e10
22739772ns          400751 1c008e7e 00271713 slli             x14, x14, 0x2       x14=00000034 x14:0000000d
22739792ns          400752 1c008e80 00000313 addi             x6, x0, 0            x6=00000000
22739832ns          400754 1c008e84 006ee723 p.sw             x6, x0(x29)          x6:00000000 x29:10001ef0  PA:10001f24
22739852ns          400755 1c008e88 01c12383 lw               x7, 28(x2)           x7=00000004  x2:10001df8  PA:10001e14
22739892ns          400757 1c008e8a 07b3cb63 blt              x7, x27, 118         x7:00000004 x27:00000003
22739911ns          400758 1c008e8e 01900733 add              x14, x0, x25        x14=44800fb5 x25:44800fb5
22739931ns          400759 1c008e90 013006b3 add              x13, x0, x19        x13=3ffffebb x19:3ffffebb
22739951ns          400760 1c008e92 01800cb3 add              x25, x0, x24        x25=44800fc0 x24:44800fc0
22739971ns          400761 1c008e94 015009b3 add              x19, x0, x21        x19=3525f7de x21:3525f7de
22739991ns          400762 1c008e96 01812d03 lw               x26, 24(x2)         x26=10001ef0  x2:10001df8  PA:10001e10
22740011ns          400763 1c008e98 00d00ab3 add              x21, x0, x13        x21=3ffffebb x13:3ffffebb
22740031ns          400764 1c008e9a 00e00c33 add              x24, x0, x14        x24=44800fb5 x14:44800fb5
22740051ns          400765 1c008e9c 000f0463 beq              x30, x0, 8          x30:00000001
22740071ns          400766 1c008ea0 10e0106f jal              x0, 4366           
22740150ns          400770 1c009fae 07212823 sw               x18, 112(x2)        x18:44800fc0  x2:10001df8  PA:10001e68
22740230ns          400774 1c009fb0 ef5fe06f jal              x0, -4364          
22740309ns          400778 1c008ea4 00058263 beq              x11, x0, 4          x11:00000001
22740329ns          400779 1c008ea6 07712023 sw               x23, 96(x2)         x23:38c08d14  x2:10001df8  PA:10001e58
22740349ns          400780 1c008ea8 00028363 beq              x5, x0, 6            x5:00000001
22740369ns          400781 1c008eac 07512e23 sw               x21, 124(x2)        x21:3ffffebb  x2:10001df8  PA:10001e74
22740429ns          400784 1c008eae 000f0463 beq              x30, x0, 8          x30:00000001
22740468ns          400786 1c008eb2 1060106f jal              x0, 4358           
22740508ns          400788 1c009fb8 06f12423 sw               x15, 104(x2)        x15:37dfd750  x2:10001df8  PA:10001e60
22740528ns          400789 1c009fba 07312623 sw               x19, 108(x2)        x19:3525f7de  x2:10001df8  PA:10001e64
22740548ns          400790 1c009fbc 07612223 sw               x22, 100(x2)        x22:44408d14  x2:10001df8  PA:10001e5c
22740966ns          400811 1c009fbe 00028763 beq              x5, x0, 14           x5:00000001
22740986ns          400812 1c009fc2 07812c23 sw               x24, 120(x2)        x24:44800fb5  x2:10001df8  PA:10001e70
22741005ns          400813 1c009fc4 000f1463 bne              x30, x0, 8          x30:00000001
22741065ns          400816 1c009fcc 07912a23 sw               x25, 116(x2)        x25:44800fc0  x2:10001df8  PA:10001e6c
22741125ns          400819 1c009fce ef1fe06f jal              x0, -4368          
22741165ns          400821 1c008ebe 01c12483 lw               x9, 28(x2)           x9=00000004  x2:10001df8  PA:10001e14
22741224ns          400824 1c008ec0 001d8793 addi             x15, x27, 1         x15=00000004 x27:00000003
22741264ns          400826 1c008ec4 00978463 beq              x15, x9, 8          x15:00000004  x9:00000004
22741324ns          400829 1c008ecc fff40d93 addi             x27, x8, -1         x27=00000002  x8:00000003
22741383ns          400832 1c008ed0 dc0ddae3 bge              x27, x0, -556       x27:00000002
22741483ns          400837 1c008ca4 fffd8c13 addi             x24, x27, -1        x24=00000001 x27:00000002
22741523ns          400839 1c008ca8 002c1793 slli             x15, x24, 0x2       x15=00000004 x24:00000001
22741542ns          400840 1c008cac 018787b3 add              x15, x15, x24       x15=00000005 x15:00000004 x24:00000001
22741562ns          400841 1c008cae 02f12e23 sw               x15, 60(x2)         x15:00000005  x2:10001df8  PA:10001e34
22741602ns          400843 1c008cb0 03c12e03 lw               x28, 60(x2)         x28=00000005  x2:10001df8  PA:10001e34
22741642ns          400845 1c008cb2 400007b7 lui              x15, 0x40000000     x15=40000000
22741662ns          400846 1c008cb6 fff78713 addi             x14, x15, -1        x14=3fffffff x15:40000000
22741682ns          400847 1c008cba 01be0533 add              x10, x28, x27       x10=00000007 x28:00000005 x27:00000002
22741741ns          400850 1c008cbe 00e505b3 add              x11, x10, x14       x11=40000006 x10:00000007 x14:3fffffff
22741781ns          400852 1c008cc2 001d9613 slli             x12, x27, 0x1       x12=00000004 x27:00000002
22741801ns          400853 1c008cc6 fee78693 addi             x13, x15, -18       x13=3fffffee x15:40000000
22741821ns          400854 1c008cca ffbe0893 addi             x17, x28, -5        x17=00000000 x28:00000005
22741841ns          400855 1c008cce 01b70733 add              x14, x14, x27       x14=40000001 x14:3fffffff x27:00000002
22741881ns          400857 1c008cd0 01b607b3 add              x15, x12, x27       x15=00000006 x12:00000004 x27:00000002
22741920ns          400859 1c008cd4 005e0813 addi             x16, x28, 5         x16=0000000a x28:00000005
22741940ns          400860 1c008cd8 01170733 add              x14, x14, x17       x14=40000001 x14:40000001 x17:00000000
22741960ns          400861 1c008cda 01b686b3 add              x13, x13, x27       x13=3ffffff0 x13:3fffffee x27:00000002
22741980ns          400862 1c008cdc 00379793 slli             x15, x15, 0x3       x15=00000030 x15:00000006
22742020ns          400864 1c008cde 00259613 slli             x12, x11, 0x2       x12=00000018 x11:40000006
22742040ns          400865 1c008ce2 010686b3 add              x13, x13, x16       x13=3ffffffa x13:3ffffff0 x16:0000000a
22742060ns          400866 1c008ce4 07c12a83 lw               x21, 124(x2)        x21=3ffffebb  x2:10001df8  PA:10001e74
22742080ns          400867 1c008ce6 03812623 sw               x24, 44(x2)         x24:00000001  x2:10001df8  PA:10001e24
22742099ns          400868 1c008ce8 00271713 slli             x14, x14, 0x2       x14=00000004 x14:40000001
22742119ns          400869 1c008cea 07812c03 lw               x24, 120(x2)        x24=44800fb5  x2:10001df8  PA:10001e70
22742139ns          400870 1c008cec 01a70733 add              x14, x14, x26       x14=10001ef4 x14:00000004 x26:10001ef0
22742159ns          400871 1c008cee 00460893 addi             x17, x12, 4         x17=0000001c x12:00000018
22742199ns          400873 1c008cf2 ffc78813 addi             x16, x15, -4        x16=0000002c x15:00000030
22742219ns          400874 1c008cf6 fe478593 addi             x11, x15, -28       x11=00000014 x15:00000030
22742239ns          400875 1c008cfa 06c12983 lw               x19, 108(x2)        x19=3525f7de  x2:10001df8  PA:10001e64
22742259ns          400876 1c008cfc 01a787b3 add              x15, x15, x26       x15=10001f20 x15:00000030 x26:10001ef0
22742278ns          400877 1c008cfe 07412c83 lw               x25, 116(x2)        x25=44800fc0  x2:10001df8  PA:10001e6c
22742298ns          400878 1c008d00 00251513 slli             x10, x10, 0x2       x10=0000001c x10:00000007
22742318ns          400879 1c008d02 00269693 slli             x13, x13, 0x2       x13=ffffffe8 x13:3ffffffa
22742338ns          400880 1c008d04 06812a03 lw               x20, 104(x2)        x20=37dfd750  x2:10001df8  PA:10001e60
22742358ns          400881 1c008d06 01a60633 add              x12, x12, x26       x12=10001f08 x12:00000018 x26:10001ef0
22742378ns          400882 1c008d08 01a888b3 add              x17, x17, x26       x17=10001f0c x17:0000001c x26:10001ef0
22742398ns          400883 1c008d0a 01a80833 add              x16, x16, x26       x16=10001f1c x16:0000002c x26:10001ef0
22742418ns          400884 1c008d0c 01a50533 add              x10, x10, x26       x10=10001f0c x10:0000001c x26:10001ef0
22742438ns          400885 1c008d0e 01a686b3 add              x13, x13, x26       x13=10001ed8 x13:ffffffe8 x26:10001ef0
22742457ns          400886 1c008d10 01a585b3 add              x11, x11, x26       x11=10001f04 x11:00000014 x26:10001ef0
22742477ns          400887 1c008d12 02f12823 sw               x15, 48(x2)         x15:10001f20  x2:10001df8  PA:10001e28
22742497ns          400888 1c008d14 04e12e23 sw               x14, 92(x2)         x14:10001ef4  x2:10001df8  PA:10001e54
22742517ns          400889 1c008d16 018007b3 add              x15, x0, x24        x15=44800fb5 x24:44800fb5
22742537ns          400890 1c008d18 01500733 add              x14, x0, x21        x14=3ffffebb x21:3ffffebb
22742557ns          400891 1c008d1a 00100e93 addi             x29, x0, 1          x29=00000001
22742577ns          400892 1c008d1c 06012b83 lw               x23, 96(x2)         x23=38c08d14  x2:10001df8  PA:10001e58
22742597ns          400893 1c008d1e 07012903 lw               x18, 112(x2)        x18=44800fc0  x2:10001df8  PA:10001e68
22742617ns          400894 1c008d20 06412b03 lw               x22, 100(x2)        x22=44408d14  x2:10001df8  PA:10001e5c
22742636ns          400895 1c008d22 01900c33 add              x24, x0, x25        x24=44800fc0 x25:44800fc0
22742656ns          400896 1c008d24 01300ab3 add              x21, x0, x19        x21=3525f7de x19:3525f7de
22742676ns          400897 1c008d26 01a12c23 sw               x26, 24(x2)         x26:10001ef0  x2:10001df8  PA:10001e10
22742696ns          400898 1c008d28 02c12a23 sw               x12, 52(x2)         x12:10001f08  x2:10001df8  PA:10001e2c
22742716ns          400899 1c008d2a 05112a23 sw               x17, 84(x2)         x17:10001f0c  x2:10001df8  PA:10001e4c
22742736ns          400900 1c008d2c 05012c23 sw               x16, 88(x2)         x16:10001f1c  x2:10001df8  PA:10001e50
22742756ns          400901 1c008d2e 02a12c23 sw               x10, 56(x2)         x10:10001f0c  x2:10001df8  PA:10001e30
22742776ns          400902 1c008d30 04d12423 sw               x13, 72(x2)         x13:10001ed8  x2:10001df8  PA:10001e40
22742796ns          400903 1c008d32 04b12623 sw               x11, 76(x2)         x11:10001f04  x2:10001df8  PA:10001e44
22742815ns          400904 1c008d34 00000293 addi             x5, x0, 0            x5=00000000
22742835ns          400905 1c008d36 01d12e23 sw               x29, 28(x2)         x29:00000001  x2:10001df8  PA:10001e14
22742855ns          400906 1c008d38 02012223 sw               x0, 36(x2)           x2:10001df8  PA:10001e1c
22742875ns          400907 1c008d3a 01400d33 add              x26, x0, x20        x26=37dfd750 x20:37dfd750
22742895ns          400908 1c008d3c 00e009b3 add              x19, x0, x14        x19=3ffffebb x14:3ffffebb
22742915ns          400909 1c008d3e 00f00cb3 add              x25, x0, x15        x25=44800fb5 x15:44800fb5
22742935ns          400910 1c008d40 01c12e83 lw               x29, 28(x2)         x29=00000001  x2:10001df8  PA:10001e14
22742975ns          400912 1c008d42 7fddc8e3 blt              x27, x29, 4080      x27:00000002 x29:00000001
22742995ns          400913 1c008d46 41dd8833 sub              x16, x27, x29       x16=00000001 x27:00000002 x29:00000001
22743014ns          400914 1c008d4a 1c0004b7 lui              x9, 0x1c000000       x9=1c000000
22743054ns          400916 1c008d4e fffe8513 addi             x10, x29, -1        x10=00000000 x29:00000001
22743094ns          400918 1c008d52 fffd8793 addi             x15, x27, -1        x15=00000001 x27:00000002
22743114ns          400919 1c008d56 03812603 lw               x12, 56(x2)         x12=10001f0c  x2:10001df8  PA:10001e30
22743134ns          400920 1c008d58 03412303 lw               x6, 52(x2)           x6=10001f08  x2:10001df8  PA:10001e2c
22743154ns          400921 1c008d5a 03012683 lw               x13, 48(x2)         x13=10001f20  x2:10001df8  PA:10001e28
22743174ns          400922 1c008d5c 005005b3 add              x11, x0, x5         x11=00000000  x5:00000000
22743193ns          400923 1c008d5e 00500f33 add              x30, x0, x5         x30=00000000  x5:00000000
22743213ns          400924 1c008d60 01b00433 add              x8, x0, x27          x8=00000002 x27:00000002
22743233ns          400925 1c008d62 00000713 addi             x14, x0, 0          x14=00000000
22743253ns          400926 1c008d66 00100f93 addi             x31, x0, 1          x31=00000001
22743273ns          400927 1c008d68 0244a383 lw               x7, 36(x9)           x7=34000000  x9:1c000000  PA:1c000024
22743571ns          400942 1c008d6c 00180813 addi             x16, x16, 1         x16=00000002 x16:00000001
22743591ns          400943 1c008d6e 7ca7cbe3 blt              x15, x10, 4054      x15:00000001 x10:00000000
22743611ns          400944 1c008d72 078840fb lp.setup         0x1, x16, 0x78      x16:00000002
22743631ns          400945 1c008d76 00062783 lw               x15, 0(x12)         x15=c37c06d8 x12:10001f0c  PA:10001f0c
22743651ns          400946 1c008d78 fff40e93 addi             x29, x8, -1         x29=00000001  x8:00000002
22743671ns          400947 1c008d7c a0e79553 flt.s            x10, f15, f14       x10=00000001 f15:c37c06d8 f14:00000000
22743711ns          400949 1c008d80 00050363 beq              x10, x0, 6          x10:00000001
22743750ns          400951 1c008d82 20f797d3 fsgnjn.s         f15, f15, f15       f15=xxxxxxxx f15:c37c06d8 f15:c37c06d8
22743770ns          400952 1c008d86 1c0008b7 lui              x17, 0x1c000000     x17=1c000000
22743790ns          400953 1c008d8a 02088893 addi             x17, x17, 32        x17=1c000020 x17:1c000000
22743810ns          400954 1c008d8e 0008a883 lw               x17, 0(x17)         x17=0d200000 x17:1c000020  PA:1c000020
22744128ns          400970 1c008d92 a1178553 fle.s            x10, f15, f17       x10=00000000 f15:437c06d8 f17:0d200000
22744148ns          400971 1c008d96 0c051763 bne              x10, x0, 206        x10:00000000
22744168ns          400972 1c008d98 00032883 lw               x17, 0(x6)          x17=43aca6b5  x6:10001f08  PA:10001f08
22744208ns          400974 1c008d9c a0e895d3 flt.s            x11, f17, f14       x11=00000000 f17:43aca6b5 f14:00000000
22744228ns          400975 1c008da0 01100bb3 add              x23, x0, x17        x23=43aca6b5 x17:43aca6b5
22744248ns          400976 1c008da2 00058363 beq              x11, x0, 6          x11:00000000
22744307ns          400979 1c008da8 0006a503 lw               x10, 0(x13)         x10=437e49b0 x13:10001f20  PA:10001f20
22744347ns          400981 1c008daa a0e515d3 flt.s            x11, f10, f14       x11=00000000 f10:437e49b0 f14:00000000
22744367ns          400982 1c008dae 00a00e33 add              x28, x0, x10        x28=437e49b0 x10:437e49b0
22744387ns          400983 1c008db0 00058363 beq              x11, x0, 6          x11:00000000
22744466ns          400987 1c008db6 01cbfbd3 fadd.s           f23, f23, f28       f23=xxxxxxxx f23:43aca6b5 f28:437e49b0
22744486ns          400988 1c008dba a0eba5d3 feq.s            x11, f23, f14       x11=00000000 f23:4415e5c6 f14:00000000
22744506ns          400989 1c008dbe 00058d63 beq              x11, x0, 26         x11:00000000
22744626ns          400995 1c008dd8 1c0004b7 lui              x9, 0x1c000000       x9=1c000000
22744665ns          400997 1c008ddc 02448493 addi             x9, x9, 36           x9=1c000024  x9:1c000000
22744685ns          400998 1c008de0 0004a483 lw               x9, 0(x9)            x9=34000000  x9:1c000024  PA:1c000024
22745003ns          401014 1c008de2 109bf5d3 fmul.s           f11, f23, f9        f11=xxxxxxxx f23:4415e5c6  f9:34000000
22745023ns          401015 1c008de6 a0b785d3 fle.s            x11, f15, f11       x11=00000000 f15:437c06d8 f11:3895e5c6
22745043ns          401016 1c008dea 06058863 beq              x11, x0, 112        x11:00000000
22745143ns          401021 1c008e5a fe868693 addi             x13, x13, -24       x13=10001f08 x13:10001f20
22745182ns          401023 1c008e5c fe830313 addi             x6, x6, -24          x6=10001ef0  x6:10001f08
22745202ns          401024 1c008e5e fe860613 addi             x12, x12, -24       x12=10001ef4 x12:10001f0c
22745222ns          401025 1c008e60 01d00433 add              x8, x0, x29          x8=00000001 x29:00000001
22745242ns          401026 1c008e62 00100593 addi             x11, x0, 1          x11=00000001
22745262ns          401027 1c008d76 00062783 lw               x15, 0(x12)         x15=c186e9bc x12:10001ef4  PA:10001ef4
22745282ns          401028 1c008d78 fff40e93 addi             x29, x8, -1         x29=00000000  x8:00000001
22745302ns          401029 1c008d7c a0e79553 flt.s            x10, f15, f14       x10=00000001 f15:c186e9bc f14:00000000
22745322ns          401030 1c008d80 00050363 beq              x10, x0, 6          x10:00000001
22745342ns          401031 1c008d82 20f797d3 fsgnjn.s         f15, f15, f15       f15=xxxxxxxx f15:c186e9bc f15:c186e9bc
22745362ns          401032 1c008d86 1c0008b7 lui              x17, 0x1c000000     x17=1c000000
22745381ns          401033 1c008d8a 02088893 addi             x17, x17, 32        x17=1c000020 x17:1c000000
22745401ns          401034 1c008d8e 0008a883 lw               x17, 0(x17)         x17=0d200000 x17:1c000020  PA:1c000020
22745759ns          401052 1c008d92 a1178553 fle.s            x10, f15, f17       x10=00000000 f15:4186e9bc f17:0d200000
22745779ns          401053 1c008d96 0c051763 bne              x10, x0, 206        x10:00000000
22745799ns          401054 1c008d98 00032883 lw               x17, 0(x6)          x17=42bebcbf  x6:10001ef0  PA:10001ef0
22745839ns          401056 1c008d9c a0e895d3 flt.s            x11, f17, f14       x11=00000000 f17:42bebcbf f14:00000000
22745859ns          401057 1c008da0 01100bb3 add              x23, x0, x17        x23=42bebcbf x17:42bebcbf
22745879ns          401058 1c008da2 00058363 beq              x11, x0, 6          x11:00000000
22745938ns          401061 1c008da8 0006a503 lw               x10, 0(x13)         x10=43aca6b5 x13:10001f08  PA:10001f08
22745978ns          401063 1c008daa a0e515d3 flt.s            x11, f10, f14       x11=00000000 f10:43aca6b5 f14:00000000
22745998ns          401064 1c008dae 00a00e33 add              x28, x0, x10        x28=43aca6b5 x10:43aca6b5
22746018ns          401065 1c008db0 00058363 beq              x11, x0, 6          x11:00000000
22746097ns          401069 1c008db6 01cbfbd3 fadd.s           f23, f23, f28       f23=xxxxxxxx f23:42bebcbf f28:43aca6b5
22746117ns          401070 1c008dba a0eba5d3 feq.s            x11, f23, f14       x11=00000000 f23:43dc55e5 f14:00000000
22746137ns          401071 1c008dbe 00058d63 beq              x11, x0, 26         x11:00000000
22746237ns          401076 1c008dd8 1c0004b7 lui              x9, 0x1c000000       x9=1c000000
22746276ns          401078 1c008ddc 02448493 addi             x9, x9, 36           x9=1c000024  x9:1c000000
22746296ns          401079 1c008de0 0004a483 lw               x9, 0(x9)            x9=34000000  x9:1c000024  PA:1c000024
22746615ns          401095 1c008de2 109bf5d3 fmul.s           f11, f23, f9        f11=xxxxxxxx f23:43dc55e5  f9:34000000
22746635ns          401096 1c008de6 a0b785d3 fle.s            x11, f15, f11       x11=00000000 f15:4186e9bc f11:385c55e5
22746654ns          401097 1c008dea 06058863 beq              x11, x0, 112        x11:00000000
22746714ns          401100 1c008e5a fe868693 addi             x13, x13, -24       x13=10001ef0 x13:10001f08
22746734ns          401101 1c008e5c fe830313 addi             x6, x6, -24          x6=10001ed8  x6:10001ef0
22746754ns          401102 1c008e5e fe860613 addi             x12, x12, -24       x12=10001edc x12:10001ef4
22746774ns          401103 1c008e60 01d00433 add              x8, x0, x29          x8=00000000 x29:00000000
22746794ns          401104 1c008e62 00100593 addi             x11, x0, 1          x11=00000001
22746814ns          401105 1c008e64 01a007b3 add              x15, x0, x26        x15=37dfd750 x26:37dfd750
22746833ns          401106 1c008e66 00140e13 addi             x28, x8, 1          x28=00000001  x8:00000000
22746853ns          401107 1c008e6a 01c12e23 sw               x28, 28(x2)         x28:00000001  x2:10001df8  PA:10001e14
22746873ns          401108 1c008e6c 00805e63 bge              x0, x8, 28           x8:00000000
22746973ns          401113 1c008e88 01c12383 lw               x7, 28(x2)           x7=00000001  x2:10001df8  PA:10001e14
22747012ns          401115 1c008e8a 07b3cb63 blt              x7, x27, 118         x7:00000001 x27:00000002
22747152ns          401122 1c008f00 02412503 lw               x10, 36(x2)         x10=00000000  x2:10001df8  PA:10001e1c
22747191ns          401124 1c008f02 4ea52ae3 p.beqimm         x10, 3316           x10:00000000
22747211ns          401125 1c008f06 05412283 lw               x5, 84(x2)           x5=10001f0c  x2:10001df8  PA:10001e4c
22747231ns          401126 1c008f08 03012303 lw               x6, 48(x2)           x6=10001f20  x2:10001df8  PA:10001e28
22747251ns          401127 1c008f0a 01400713 addi             x14, x0, 20         x14=00000014
22747271ns          401128 1c008f0c 0002ab03 lw               x22, 0(x5)          x22=c37c06d8  x5:10001f0c  PA:10001f0c
22747291ns          401129 1c008f10 00032783 lw               x15, 0(x6)          x15=437e49b0  x6:10001f20  PA:10001f20
22747331ns          401131 1c008f14 58e50de3 beq              x10, x14, 3482      x10:00000000 x14:00000014
22747351ns          401132 1c008f18 03412503 lw               x10, 52(x2)         x10=10001f08  x2:10001df8  PA:10001e2c
22747370ns          401133 1c008f1a 05812c03 lw               x24, 88(x2)         x24=10001f1c  x2:10001df8  PA:10001e50
22747390ns          401134 1c008f1c 00052b83 lw               x23, 0(x10)         x23=43aca6b5 x10:10001f08  PA:10001f08
22747430ns          401136 1c008f20 000c2903 lw               x18, 0(x24)         x18=c37c06da x24:10001f1c  PA:10001f1c
22747470ns          401138 1c008f24 00000713 addi             x14, x0, 0          x14=00000000
22747490ns          401139 1c008f28 a0eb9753 flt.s            x14, f23, f14       x14=00000000 f23:43aca6b5 f14:00000000
22747510ns          401140 1c008f2c 4a0711e3 bne              x14, x0, 3234       x14:00000000
22747569ns          401143 1c008f30 01700733 add              x14, x0, x23        x14=43aca6b5 x23:43aca6b5
22747609ns          401145 1c008f32 00000693 addi             x13, x0, 0          x13=00000000
22747629ns          401146 1c008f36 a0d916d3 flt.s            x13, f18, f13       x13=00000001 f18:c37c06da f13:00000000
22747649ns          401147 1c008f3a 01200633 add              x12, x0, x18        x12=c37c06da x18:c37c06da
22747669ns          401148 1c008f3c 00068363 beq              x13, x0, 6          x13:00000001
22747709ns          401150 1c008f3e 21291653 fsgnjn.s         f12, f18, f18       f12=xxxxxxxx f18:c37c06da f18:c37c06da
22747748ns          401152 1c008f42 00000693 addi             x13, x0, 0          x13=00000000
22747768ns          401153 1c008f46 a0db16d3 flt.s            x13, f22, f13       x13=00000001 f22:c37c06d8 f13:00000000
22747788ns          401154 1c008f4a 00c77753 fadd.s           f14, f14, f12       f14=xxxxxxxx f14:43aca6b5 f12:437c06da
22747808ns          401155 1c008f4e 01600633 add              x12, x0, x22        x12=c37c06d8 x22:c37c06d8
22747848ns          401157 1c008f50 00068363 beq              x13, x0, 6          x13:00000001
22747888ns          401159 1c008f52 216b1653 fsgnjn.s         f12, f22, f22       f12=xxxxxxxx f22:c37c06d8 f22:c37c06d8
22747908ns          401160 1c008f56 00000693 addi             x13, x0, 0          x13=00000000
22747927ns          401161 1c008f5a a0d796d3 flt.s            x13, f15, f13       x13=00000000 f15:437e49b0 f13:00000000
22747987ns          401164 1c008f5e 00c77753 fadd.s           f14, f14, f12       f14=xxxxxxxx f14:44155511 f12:437c06d8
22748027ns          401166 1c008f62 460692e3 bne              x13, x0, 3172       x13:00000000
22748047ns          401167 1c008f66 00f006b3 add              x13, x0, x15        x13=437e49b0 x15:437e49b0
22748067ns          401168 1c008f68 00d77c53 fadd.s           f24, f14, f13       f24=xxxxxxxx f14:445456c7 f13:437e49b0
22748087ns          401169 1c008f6c 00000613 addi             x12, x0, 0          x12=00000000
22748126ns          401171 1c008f70 a0cc2753 feq.s            x14, f24, f12       x14=00000000 f24:4489f49a f12:00000000
22748166ns          401173 1c008f74 42071be3 bne              x14, x0, 3126       x14:00000000
22748186ns          401174 1c008f78 1c000737 lui              x14, 0x1c000000     x14=1c000000
22748206ns          401175 1c008f7c 04c72703 lw               x14, 76(x14)        x14=3f800000 x14:1c000000  PA:1c00004c
22748544ns          401192 1c008f80 19877753 fdiv.s           f14, f14, f24       f14=xxxxxxxx f14:3f800000 f24:4489f49a
22748822ns          401206 1c008f84 10f777d3 fmul.s           f15, f14, f15       f15=xxxxxxxx f14:3a6d86a2 f15:437e49b0
22748842ns          401207 1c008f88 1c0006b7 lui              x13, 0x1c000000     x13=1c000000
22748862ns          401208 1c008f8c 0406a683 lw               x13, 64(x13)        x13=3f000000 x13:1c000000  PA:1c000040
22749161ns          401223 1c008f90 79777543 fmadd.s          f10, f14, f23, f15  f10=xxxxxxxx f14:3a6d86a2 f23:43aca6b5 f15:3e6beff3
22749181ns          401224 1c008f94 116775d3 fmul.s           f11, f14, f22       f11=xxxxxxxx f14:3a6d86a2 f22:c37c06d8
22749200ns          401225 1c008f98 10e97953 fmul.s           f18, f18, f14       f18=xxxxxxxx f18:c37c06da f14:3a6d86a2
22749220ns          401226 1c008f9c 10d576d3 fmul.s           f13, f10, f13       f13=xxxxxxxx f10:3f0b148e f13:3f000000
22749240ns          401227 1c008fa0 1125f5d3 fmul.s           f11, f11, f18       f11=xxxxxxxx f11:be69d6e1 f18:be69d6e3
22749260ns          401228 1c008fa4 69777747 fmsub.s          f14, f14, f23, f13  f14=xxxxxxxx f14:3a6d86a2 f23:43aca6b5 f13:3e8b148e
22749280ns          401229 1c008fa8 08d7fbd3 fsub.s           f23, f15, f13       f23=xxxxxxxx f15:3e6beff3 f13:3e8b148e
22749300ns          401230 1c008fac 59777bc7 fmsub.s          f23, f14, f23, f11  f23=xxxxxxxx f14:3d28e4a1 f23:bd28e4a4 f11:3d5598dc
22749340ns          401232 1c008fb0 a0cb9653 flt.s            x12, f23, f12       x12=00000001 f23:bd5c8faa f12:00000000
22749379ns          401234 1c008fb4 01700b33 add              x22, x0, x23        x22=bd5c8faa x23:bd5c8faa
22749399ns          401235 1c008fb6 00060363 beq              x12, x0, 6          x12:00000001
22749419ns          401236 1c008fb8 217b9b53 fsgnjn.s         f22, f23, f23       f22=xxxxxxxx f23:bd5c8faa f23:bd5c8faa
22749439ns          401237 1c008fbc 00000713 addi             x14, x0, 0          x14=00000000
22749479ns          401239 1c008fc0 a1770653 fle.s            x12, f14, f23       x12=00000000 f14:00000000 f23:bd5c8faa
22749519ns          401241 1c008fc4 580b7b53 fsqrt.s          f22, f22            f22=xxxxxxxx f22:3d5c8faa
22749678ns          401249 1c008fc8 500609e3 beq              x12, x0, 3346       x12:00000000
22749956ns          401263 1c009cda 0166f5d3 fadd.s           f11, f13, f22       f11=xxxxxxxx f13:3e8b148e f22:3e6d9eef
22749976ns          401264 1c009cde 0966f6d3 fsub.s           f13, f13, f22       f13=xxxxxxxx f13:3e8b148e f22:3e6d9eef
22749996ns          401265 1c009ce2 08f5f653 fsub.s           f12, f11, f15       f12=xxxxxxxx f11:3f00f203 f15:3e6beff3
22750016ns          401266 1c009ce6 a0e61753 flt.s            x14, f12, f14       x14=00000000 f12:3e8bec0c f14:00000000
22750036ns          401267 1c009cea 00070363 beq              x14, x0, 6          x14:00000000
22750135ns          401272 1c009cf0 08f6f7d3 fsub.s           f15, f13, f15       f15=xxxxxxxx f13:3d2228b4 f15:3e6beff3
22750155ns          401273 1c009cf4 00000713 addi             x14, x0, 0          x14=00000000
22750175ns          401274 1c009cf8 a0e79753 flt.s            x14, f15, f14       x14=00000001 f15:be4365c6 f14:00000000
22750195ns          401275 1c009cfc 00070363 beq              x14, x0, 6          x14:00000001
22750255ns          401278 1c009cfe 20f797d3 fsgnjn.s         f15, f15, f15       f15=xxxxxxxx f15:be4365c6 f15:be4365c6
22750294ns          401280 1c009d02 a0f607d3 fle.s            x15, f12, f15       x15=00000000 f12:3e8bec0c f15:3e4365c6
22750314ns          401281 1c009d06 02078c63 beq              x15, x0, 56         x15:00000000
22750931ns          401312 1c009d3e 10dc7cd3 fmul.s           f25, f24, f13       f25=xxxxxxxx f24:4489f49a f13:3d2228b4
22750951ns          401313 1c009d42 fcbff06f jal              x0, -54            
22750991ns          401315 1c009d0c 00000a93 addi             x21, x0, 0          x21=00000000
22751010ns          401316 1c009d10 01500d33 add              x26, x0, x21        x26=00000000 x21:00000000
22751030ns          401317 1c009d12 ac6ff06f jal              x0, -3386          
22751070ns          401319 1c008fd8 02c12e03 lw               x28, 44(x2)         x28=00000001  x2:10001df8  PA:10001e24
22751110ns          401321 1c008fda 3dc45fe3 bge              x8, x28, 3038        x8:00000000 x28:00000001
22751150ns          401323 1c008fde 00000793 addi             x15, x0, 0          x15=00000000
22751189ns          401325 1c008fe2 a0fa97d3 flt.s            x15, f21, f15       x15=00000000 f21:00000000 f15:00000000
22751209ns          401326 1c008fe6 3c078ce3 beq              x15, x0, 3032       x15:00000000
22751369ns          401334 1c009bbe 01500f33 add              x30, x0, x21        x30=00000000 x21:00000000
22751448ns          401338 1c009bc0 01c00eb3 add              x29, x0, x28        x29=00000001 x28:00000001
22751488ns          401340 1c009bc2 c2eff06f jal              x0, -3026          
22751528ns          401342 1c008ff0 1c000737 lui              x14, 0x1c000000     x14=1c000000
22751548ns          401343 1c008ff4 fffe8793 addi             x15, x29, -1        x15=00000000 x29:00000001
22751567ns          401344 1c008ff8 1c000337 lui              x6, 0x1c000000       x6=1c000000
22751587ns          401345 1c008ffc 01d00a33 add              x20, x0, x29        x20=00000001 x29:00000001
22751607ns          401346 1c008ffe 04c12883 lw               x17, 76(x2)         x17=10001f04  x2:10001df8  PA:10001e44
22751647ns          401348 1c009000 04812803 lw               x16, 72(x2)         x16=10001ed8  x2:10001df8  PA:10001e40
22751687ns          401350 1c009002 00000513 addi             x10, x0, 0          x10=00000000
22751707ns          401351 1c009006 04c72f83 lw               x31, 76(x14)        x31=3f800000 x14:1c000000  PA:1c00004c
22752005ns          401366 1c00900a 02432283 lw               x5, 36(x6)           x5=34000000  x6:1c000000  PA:1c000024
22752323ns          401382 1c00900e 408e8eb3 sub              x29, x29, x8        x29=00000001 x29:00000001  x8:00000000
22752343ns          401383 1c009012 5287cce3 blt              x15, x8, 3384       x15:00000000  x8:00000000
22752363ns          401384 1c009016 800007b7 lui              x15, 0x80000000     x15=80000000
22752383ns          401385 1c00901a fff7c793 xori             x15, x15, -1        x15=7fffffff x15:80000000
22752443ns          401388 1c00901e 52f406e3 beq              x8, x15, 3372        x8:00000000 x15:7fffffff
22752482ns          401390 1c009022 08fec0fb lp.setup         0x1, x29, 0x8f      x29:00000001
22752502ns          401391 1c009026 01882583 lw               x11, 24(x16)        x11=42bebcbf x16:10001ed8  PA:10001ef0
22752522ns          401392 1c00902a fffa0613 addi             x12, x20, -1        x12=00000000 x20:00000001
22752582ns          401395 1c00902e 0995f353 fsub.s           f6, f11, f25         f6=xxxxxxxx f11:42bebcbf f25:422ec571
22752622ns          401397 1c009032 a0a317d3 flt.s            x15, f6, f10        x15=00000000  f6:424eb40d f10:00000000
22752642ns          401398 1c009036 00600733 add              x14, x0, x6         x14=424eb40d  x6:424eb40d
22752661ns          401399 1c009038 00078363 beq              x15, x0, 6          x15:00000000
22752801ns          401406 1c00903e 01c82683 lw               x13, 28(x16)        x13=c186e9bc x16:10001ed8  PA:10001ef4
22752821ns          401407 1c009042 00ef7753 fadd.s           f14, f30, f14       f14=xxxxxxxx f30:00000000 f14:424eb40d
22752840ns          401408 1c009046 a0a697d3 flt.s            x15, f13, f10       x15=00000001 f13:c186e9bc f10:00000000
22752860ns          401409 1c00904a 22079fe3 bne              x15, x0, 2622       x15:00000001
22753139ns          401423 1c009a88 20d697d3 fsgnjn.s         f15, f13, f13       f15=xxxxxxxx f13:c186e9bc f13:c186e9bc
22753179ns          401425 1c009a8c dc4ff06f jal              x0, -2620          
22753278ns          401430 1c009050 00f77753 fadd.s           f14, f14, f15       f14=xxxxxxxx f14:424eb40d f15:4186e9bc
22753298ns          401431 1c009054 18eff753 fdiv.s           f14, f31, f14       f14=xxxxxxxx f31:3f800000 f14:42891476
22753576ns          401445 1c009058 10e37e53 fmul.s           f28, f6, f14        f28=xxxxxxxx  f6:424eb40d f14:3c6f0b04
22753596ns          401446 1c00905c 10e6f3d3 fmul.s           f7, f13, f14         f7=xxxxxxxx f13:c186e9bc f14:3c6f0b04
22753616ns          401447 1c009060 0008a783 lw               x15, 0(x17)         x15=c186e9c0 x17:10001f04  PA:10001f04
22753636ns          401448 1c009064 106e7353 fmul.s           f6, f28, f6          f6=xxxxxxxx f28:3f4102fd  f6:424eb40d
22753656ns          401449 1c009068 0048ae03 lw               x28, 4(x17)         x28=43aca6b5 x17:10001f04  PA:10001f08
22753676ns          401450 1c00906c 11577753 fmul.s           f14, f14, f21       f14=xxxxxxxx f14:3c6f0b04 f21:00000000
22753716ns          401452 1c009070 30f3f7c3 fmadd.s          f15, f7, f15, f6    f15=xxxxxxxx  f7:be7bf409 f15:c186e9c0  f6:421bd827
22753755ns          401454 1c009074 01c5f6d3 fadd.s           f13, f11, f28       f13=xxxxxxxx f11:42bebcbf f28:43aca6b5
22753775ns          401455 1c009078 0088a303 lw               x6, 8(x17)           x6=c37c06d8 x17:10001f04  PA:10001f0c
22753795ns          401456 1c00907c 79a777cb fnmsub.s         f15, f14, f26, f15  f15=xxxxxxxx f14:00000000 f26:00000000 f15:422c7120
22753855ns          401459 1c009080 0996f6d3 fsub.s           f13, f13, f25       f13=xxxxxxxx f13:43dc55e5 f25:422ec571
22753895ns          401461 1c009084 1063f353 fmul.s           f6, f7, f6           f6=xxxxxxxx  f7:be7bf409  f6:c37c06d8
22753915ns          401462 1c009088 a0a79753 flt.s            x14, f15, f10       x14=00000000 f15:422c7120 f10:00000000
22753934ns          401463 1c00908c 0996f6d3 fsub.s           f13, f13, f25       f13=xxxxxxxx f13:43c67d37 f25:422ec571
22753994ns          401466 1c009090 1076f6d3 fmul.s           f13, f13, f7        f13=xxxxxxxx f13:43b0a489  f7:be7bf409
22754034ns          401468 1c009094 00f003b3 add              x7, x0, x15          x7=422c7120 x15:422c7120
22754054ns          401469 1c009096 00070363 beq              x14, x0, 6          x14:00000000
22754193ns          401476 1c00909c a0a69753 flt.s            x14, f13, f10       x14=00000001 f13:c2add9b5 f10:00000000
22754213ns          401477 1c0090a0 00d00c33 add              x24, x0, x13        x24=c2add9b5 x13:c2add9b5
22754233ns          401478 1c0090a2 00070363 beq              x14, x0, 6          x14:00000001
22754253ns          401479 1c0090a4 20d69c53 fsgnjn.s         f24, f13, f13       f24=xxxxxxxx f13:c2add9b5 f13:c2add9b5
22754273ns          401480 1c0090a8 a0a31753 flt.s            x14, f6, f10        x14=00000000  f6:42780af5 f10:00000000
22754292ns          401481 1c0090ac 007c7c53 fadd.s           f24, f24, f7        f24=xxxxxxxx f24:42add9b5  f7:422c7120
22754332ns          401483 1c0090b0 1a071ae3 bne              x14, x0, 2484       x14:00000000
22754372ns          401485 1c0090b4 00600733 add              x14, x0, x6         x14=42780af5  x6:42780af5
22754392ns          401486 1c0090b6 00ec7c53 fadd.s           f24, f24, f14       f24=xxxxxxxx f24:43020922 f14:42780af5
22754412ns          401487 1c0090ba 1187fbd3 fmul.s           f23, f15, f24       f23=xxxxxxxx f15:422c7120 f24:43400bdf
22754471ns          401490 1c0090be 1186fb53 fmul.s           f22, f13, f24       f22=xxxxxxxx f13:c2add9b5 f24:43400bdf
22754511ns          401492 1c0090c2 11837953 fmul.s           f18, f6, f24        f18=xxxxxxxx  f6:42780af5 f24:43400bdf
22754531ns          401493 1c0090c6 1a860be3 beq              x12, x8, 2486       x12:00000000  x8:00000000
22755068ns          401520 1c009a7c 09212623 sw               x18, 140(x2)        x18:463a13b8  x2:10001df8  PA:10001e84
22755088ns          401521 1c009a7e 09712223 sw               x23, 132(x2)        x23:46015cd7  x2:10001df8  PA:10001e7c
22755108ns          401522 1c009a80 09612423 sw               x22, 136(x2)        x22:c6826b58  x2:10001df8  PA:10001e80
22755128ns          401523 1c009a82 01c12a03 lw               x20, 28(x2)         x20=00000001  x2:10001df8  PA:10001e14
22755148ns          401524 1c009a84 ecaff06f jal              x0, -2358          
22755685ns          401551 1c00914e 002a1813 slli             x16, x20, 0x2       x16=00000004 x20:00000001
22755725ns          401553 1c009152 400006b7 lui              x13, 0x40000000     x13=40000000
22755744ns          401554 1c009156 01812383 lw               x7, 24(x2)           x7=10001ef0  x2:10001df8  PA:10001e10
22755764ns          401555 1c009158 014807b3 add              x15, x16, x20       x15=00000005 x16:00000004 x20:00000001
22755784ns          401556 1c00915c ff568693 addi             x13, x13, -11       x13=3ffffff5 x13:40000000
22755804ns          401557 1c00915e 00f008b3 add              x17, x0, x15        x17=00000005 x15:00000005
22755824ns          401558 1c009160 014686b3 add              x13, x13, x20       x13=3ffffff6 x13:3ffffff5 x20:00000001
22755844ns          401559 1c009162 00279793 slli             x15, x15, 0x2       x15=00000014 x15:00000005
22755864ns          401560 1c009164 011686b3 add              x13, x13, x17       x13=3ffffffb x13:3ffffff6 x17:00000005
22755884ns          401561 1c009166 06038513 addi             x10, x7, 96         x10=10001f50  x7:10001ef0
22755904ns          401562 1c00916a 05012483 lw               x9, 80(x2)           x9=10001f54  x2:10001df8  PA:10001e48
22755923ns          401563 1c00916c fec78613 addi             x12, x15, -20       x12=00000000 x15:00000014
22755963ns          401565 1c009170 00269693 slli             x13, x13, 0x2       x13=ffffffec x13:3ffffffb
22755983ns          401566 1c009172 01050533 add              x10, x10, x16       x10=10001f54 x10:10001f50 x16:00000004
22756003ns          401567 1c009174 014005b3 add              x11, x0, x20        x11=00000001 x20:00000001
22756023ns          401568 1c009176 00f48733 add              x14, x9, x15        x14=10001f68  x9:10001f54 x15:00000014
22756043ns          401569 1c00917a 05812023 sw               x24, 64(x2)         x24:43400bdf  x2:10001df8  PA:10001e38
22756063ns          401570 1c00917c 05912223 sw               x25, 68(x2)         x25:422ec571  x2:10001df8  PA:10001e3c
22756083ns          401571 1c00917e 007787b3 add              x15, x15, x7        x15=10001f04 x15:00000014  x7:10001ef0
22756103ns          401572 1c009180 01400cb3 add              x25, x0, x20        x25=00000001 x20:00000001
22756122ns          401573 1c009182 007686b3 add              x13, x13, x7        x13=10001edc x13:ffffffec  x7:10001ef0
22756142ns          401574 1c009184 00c38fb3 add              x31, x7, x12        x31=10001ef0  x7:10001ef0 x12:00000000
22756162ns          401575 1c009188 01100c33 add              x24, x0, x17        x24=00000005 x17:00000005
22756182ns          401576 1c00918a 00a00a33 add              x20, x0, x10        x20=10001f54 x10:10001f54
22756202ns          401577 1c00918c 0bb587e3 beq              x11, x27, 2222      x11:00000001 x27:00000002
22756242ns          401579 1c009190 16bccbe3 blt              x25, x11, 2422      x25:00000001 x11:00000001
22756282ns          401581 1c009194 08412503 lw               x10, 132(x2)        x10=46015cd7  x2:10001df8  PA:10001e7c
22756301ns          401582 1c009196 08812803 lw               x16, 136(x2)        x16=c6826b58  x2:10001df8  PA:10001e80
22756321ns          401583 1c009198 00000613 addi             x12, x0, 0          x12=00000000
22756341ns          401584 1c00919c a0c81653 flt.s            x12, f16, f12       x12=00000001 f16:c6826b58 f12:00000000
22756381ns          401586 1c0091a0 00060363 beq              x12, x0, 6          x12:00000001
22756421ns          401588 1c0091a2 21081853 fsgnjn.s         f16, f16, f16       f16=xxxxxxxx f16:c6826b58 f16:c6826b58
22756441ns          401589 1c0091a6 1c000e37 lui              x28, 0x1c000000     x28=1c000000
22756461ns          401590 1c0091aa 01ce0e13 addi             x28, x28, 28        x28=1c00001c x28:1c000000
22756520ns          401593 1c0091ae 000e2e03 lw               x28, 0(x28)         x28=00800000 x28:1c00001c  PA:1c00001c
22756878ns          401611 1c0091b2 a10e1653 flt.s            x12, f28, f16       x12=00000001 f28:00800000 f16:46826b58
22756898ns          401612 1c0091b6 10061be3 bne              x12, x0, 2326       x12:00000001
22757057ns          401620 1c009acc 1c000337 lui              x6, 0x1c000000       x6=1c000000
22757137ns          401624 1c009ad0 01c30313 addi             x6, x6, 28           x6=1c00001c  x6:1c000000
22757177ns          401626 1c009ad4 00000893 addi             x17, x0, 0          x17=00000000
22757197ns          401627 1c009ad8 1c0003b7 lui              x7, 0x1c000000       x7=1c000000
22757216ns          401628 1c009adc 00032303 lw               x6, 0(x6)            x6=00800000  x6:1c00001c  PA:1c00001c
22757555ns          401645 1c009ae0 04c38393 addi             x7, x7, 76           x7=1c00004c  x7:1c000000
22757574ns          401646 1c009ae4 19037653 fdiv.s           f12, f6, f16        f12=xxxxxxxx  f6:00800000 f16:46826b58
22757853ns          401660 1c009ae8 111678d3 fmul.s           f17, f12, f17       f17=xxxxxxxx f12:000001f7 f17:00000000
22757873ns          401661 1c009aec 0003a383 lw               x7, 0(x7)            x7=3f800000  x7:1c00004c  PA:1c00004c
22758191ns          401677 1c009af0 38c8f8c3 fmadd.s          f17, f17, f12, f7   f17=xxxxxxxx f17:00000000 f12:000001f7  f7:3f800000
22758211ns          401678 1c009af4 ed4ff06f jal              x0, -2348          
22758310ns          401683 1c0091c8 08c12603 lw               x12, 140(x2)        x12=463a13b8  x2:10001df8  PA:10001e84
22758350ns          401685 1c0091ca 00000313 addi             x6, x0, 0            x6=00000000
22758410ns          401688 1c0091ce a0661353 flt.s            x6, f12, f6          x6=00000000 f12:463a13b8  f6:00000000
22758450ns          401690 1c0091d2 00030463 beq              x6, x0, 8            x6:00000000
22758529ns          401694 1c0091da a0c81353 flt.s            x6, f16, f12         x6=00000000 f16:46826b58 f12:463a13b8
22758589ns          401697 1c0091de 10030de3 beq              x6, x0, 2330         x6:00000000
22758649ns          401700 1c009af8 19067653 fdiv.s           f12, f12, f16       f12=xxxxxxxx f12:463a13b8 f16:46826b58
22758927ns          401714 1c009afc 88c678c3 fmadd.s          f17, f12, f12, f17  f17=xxxxxxxx f12:3f36a010 f12:3f36a010 f17:3f800000
22758947ns          401715 1c009b00 01000633 add              x12, x0, x16        x12=46826b58 x16:46826b58
22758967ns          401716 1c009b02 ef8ff06f jal              x0, -2312          
22759086ns          401722 1c0091fa 5808f853 fsqrt.s          f16, f17            f16=xxxxxxxx f17:3fc123fd
22759365ns          401736 1c0091fe 10c87653 fmul.s           f12, f16, f12       f12=xxxxxxxx f16:3f9d3b78 f12:46826b58
22759384ns          401737 1c009202 00300893 addi             x17, x0, 3          x17=00000003
22759404ns          401738 1c009204 00200e93 addi             x29, x0, 2          x29=00000002
22759424ns          401739 1c009206 00000813 addi             x16, x0, 0          x16=00000000
22759444ns          401740 1c00920a a1062353 feq.s            x6, f12, f16         x6=00000000 f12:46a03442 f16:00000000
22759504ns          401743 1c00920e 040318e3 bne              x6, x0, 2128         x6:00000000
22759544ns          401745 1c009212 a1051853 flt.s            x16, f10, f16       x16=00000000 f10:46015cd7 f16:00000000
22759564ns          401746 1c009216 180812e3 bne              x16, x0, 2436       x16:00000000
22759583ns          401747 1c00921a 00a00833 add              x16, x0, x10        x16=46015cd7 x10:46015cd7
22759603ns          401748 1c00921c 00000313 addi             x6, x0, 0            x6=00000000
22759643ns          401750 1c009220 a0661353 flt.s            x6, f12, f6          x6=00000000 f12:46a03442  f6:00000000
22759683ns          401752 1c009224 00030463 beq              x6, x0, 8            x6:00000000
22759743ns          401755 1c00922c a0c81353 flt.s            x6, f16, f12         x6=00000001 f16:46015cd7 f12:46a03442
22759802ns          401758 1c009230 12031ce3 bne              x6, x0, 2360         x6:00000001
22759902ns          401763 1c009b68 1c0002b7 lui              x5, 0x1c000000       x5=1c000000
22759941ns          401765 1c009b6c 04c28293 addi             x5, x5, 76           x5=1c00004c  x5:1c000000
22760001ns          401768 1c009b70 0002a283 lw               x5, 0(x5)            x5=3f800000  x5:1c00004c  PA:1c00004c
22760399ns          401788 1c009b74 18c87853 fdiv.s           f16, f16, f12       f16=xxxxxxxx f16:46015cd7 f12:46a03442
22761095ns          401823 1c009b78 29087843 fmadd.s          f16, f16, f16, f5   f16=xxxxxxxx f16:3eceb76e f16:3eceb76e  f5:3f800000
22761115ns          401824 1c009b7c 58087853 fsqrt.s          f16, f16            f16=xxxxxxxx f16:3f94dd77
22761652ns          401851 1c009b80 11067653 fmul.s           f12, f12, f16       f12=xxxxxxxx f12:46a03442 f16:3f8a09f4
22761672ns          401852 1c009b84 ed0ff06f jal              x0, -2352          
22761751ns          401856 1c009254 00000813 addi             x16, x0, 0          x16=00000000
22761791ns          401858 1c009258 a0a80853 fle.s            x16, f16, f10       x16=00000001 f16:00000000 f10:46015cd7
22761811ns          401859 1c00925c 00080463 beq              x16, x0, 8          x16:00000001
22761871ns          401862 1c009260 20c61653 fsgnjn.s         f12, f12, f12       f12=xxxxxxxx f12:46acc4cc f12:46acc4cc
22761911ns          401864 1c009264 00000813 addi             x16, x0, 0          x16=00000000
22761931ns          401865 1c009268 a1061853 flt.s            x16, f12, f16       x16=00000001 f12:c6acc4cc f16:00000000
22761950ns          401866 1c00926c 12081be3 bne              x16, x0, 2358       x16:00000001
22762129ns          401875 1c009ba2 20c61853 fsgnjn.s         f16, f12, f12       f16=xxxxxxxx f12:c6acc4cc f12:c6acc4cc
22762149ns          401876 1c009ba6 eccff06f jal              x0, -2356          
22762209ns          401879 1c009272 1c0004b7 lui              x9, 0x1c000000       x9=1c000000
22762229ns          401880 1c009276 03048493 addi             x9, x9, 48           x9=1c000030  x9:1c000000
22762249ns          401881 1c00927a 0004a483 lw               x9, 0(x9)            x9=0c000000  x9:1c000030  PA:1c000030
22762567ns          401897 1c00927c a0981853 flt.s            x16, f16, f9        x16=00000000 f16:46acc4cc  f9:0c000000
22762587ns          401898 1c009280 0a080ce3 beq              x16, x0, 2232       x16:00000000
22762647ns          401901 1c009b38 1c000337 lui              x6, 0x1c000000       x6=1c000000
22762666ns          401902 1c009b3c 04c32803 lw               x16, 76(x6)         x16=3f800000  x6:1c000000  PA:1c00004c
22763005ns          401919 1c009b40 08c57353 fsub.s           f6, f10, f12         f6=xxxxxxxx f10:46015cd7 f12:c6acc4cc
22763024ns          401920 1c009b44 18687853 fdiv.s           f16, f16, f6        f16=xxxxxxxx f16:3f800000  f6:46ed7338  PA:10001e80
22763044ns          401921 1c009b48 08812303 lw               x6, 136(x2)          x6=xxxxxxxx  x2:10001df8
22763064ns          401922 1c009b4a 08a679d3 fsub.s           f19, f12, f10       f19=xxxxxxxx f12:c6acc4cc f10:46015cd7
22763343ns          401936 1c009b4e 11037353 fmul.s           f6, f6, f16          f6=xxxxxxxx  f6:c6826b58 f16:3809ffe2
22763363ns          401937 1c009b52 18c9f9d3 fdiv.s           f19, f19, f12       f19=xxxxxxxx f19:c6ed7338 f12:c6acc4cc  PA:10001e80
22763601ns          401949 1c009b56 08612423 sw               x6, 136(x2)          x6:bf0c9b9c  x2:10001df8
22763621ns          401950 1c009b58 0038b663 p.bneimm         x17, 12             x17:00000003  PA:10001e84
22763641ns          401951 1c009b5c 08c12503 lw               x10, 140(x2)        x10=xxxxxxxx  x2:10001df8
22763681ns          401953 1c009b5e 11057853 fmul.s           f16, f10, f16       f16=xxxxxxxx f10:463a13b8 f16:3809ffe2
22763880ns          401963 1c009b62 09012623 sw               x16, 140(x2)        x16:3ec89d17  x2:10001df8  PA:10001e84
22763900ns          401964 1c009b64 00c00533 add              x10, x0, x12        x10=c6acc4cc x12:c6acc4cc
22763920ns          401965 1c009b66 87fff06f jal              x0, -1922          
22763999ns          401969 1c0093e4 08a12223 sw               x10, 132(x2)        x10:c6acc4cc  x2:10001df8  PA:10001e7c
22764039ns          401971 1c0093e6 4cbcd763 bge              x25, x11, 1230      x25:00000001 x11:00000001
22764198ns          401979 1c0098b4 01c12383 lw               x7, 28(x2)           x7=00000001  x2:10001df8  PA:10001e14
22764238ns          401981 1c0098b6 b593d1e3 bge              x7, x25, -1214       x7:00000001 x25:00000001
22764357ns          401987 1c0093f8 08812b83 lw               x23, 136(x2)        x23=bf0c9b9c  x2:10001df8  PA:10001e80
22764397ns          401989 1c0093fa 1179fb53 fmul.s           f22, f19, f23       f22=xxxxxxxx f19:3fafebb8 f23:bf0c9b9c
22764437ns          401991 1c0093fe 4c38bd63 p.bneimm         x17, 1242           x17:00000003
22764477ns          401993 1c009402 01468313 addi             x6, x13, 20          x6=10001ef0 x13:10001edc
22764496ns          401994 1c009406 406a08b3 sub              x17, x20, x6        x17=00000064 x20:10001f54  x6:10001ef0
22764516ns          401995 1c00940a 08c12d03 lw               x26, 140(x2)        x26=3ec89d17  x2:10001df8  PA:10001e84
22764536ns          401996 1c00940c fec88893 addi             x17, x17, -20       x17=00000050 x17:00000064
22764576ns          401998 1c00940e 0cccd637 lui              x12, 0xcccd000      x12=0cccd000
22764616ns          402000 1c009412 0028d893 srli             x17, x17, 0x2       x17=00000014 x17:00000050
22764636ns          402001 1c009416 ccd60613 addi             x12, x12, -819      x12=0ccccccd x12:0cccd000
22764656ns          402002 1c00941a 02c888b3 mul              x17, x17, x12       x17=00000004 x17:00000014 x12:0ccccccd
22764715ns          402005 1c00941e 113d7ad3 fmul.s           f21, f26, f19       f21=xxxxxxxx f26:3ec89d17 f19:3fafebb8
22764735ns          402006 1c009422 01868693 addi             x13, x13, 24        x13=10001ef4 x13:10001edc
22764755ns          402007 1c009424 c3e8b8b3 p.bclr           x17, x17, 1, 30     x17=00000004 x17:00000004
22764775ns          402008 1c009428 02d12423 sw               x13, 40(x2)         x13:10001ef4  x2:10001df8  PA:10001e20
22764795ns          402009 1c00942a 00d00533 add              x10, x0, x13        x10=10001ef4 x13:10001ef4
22764815ns          402010 1c00942c 00188893 addi             x17, x17, 1         x17=00000005 x17:00000004
22764854ns          402012 1c00942e 0168c0fb lp.setup         0x1, x17, 0x16      x17:00000005
22764874ns          402013 1c009432 00052603 lw               x12, 0(x10)         x12=c186e9bc x10:10001ef4  PA:10001ef4
22764894ns          402014 1c009434 00032803 lw               x16, 0(x6)          x16=42bebcbf  x6:10001ef0  PA:10001ef0
22764914ns          402015 1c009438 00452e03 lw               x28, 4(x10)         x28=00000000 x10:10001ef4  PA:10001ef8
22764934ns          402016 1c00943c 817676c3 fmadd.s          f13, f12, f23, f16  f13=xxxxxxxx f12:c186e9bc f23:bf0c9b9c f16:42bebcbf
22764994ns          402019 1c009440 01450513 addi             x10, x10, 20        x10=10001f08 x10:10001ef4
22765033ns          402021 1c009442 69cd76c3 fmadd.s          f13, f26, f28, f13  f13=xxxxxxxx f26:3ec89d17 f28:00000000 f13:42d14334
22765053ns          402022 1c009446 8136f84b fnmsub.s         f16, f13, f19, f16  f16=xxxxxxxx f13:42d14334 f19:3fafebb8 f16:42bebcbf
22765073ns          402023 1c00944a 6166f64b fnmsub.s         f12, f13, f22, f12  f12=xxxxxxxx f13:42d14334 f22:bf413faf f12:c186e9bc
22765133ns          402026 1c00944e e0daf6cb fnmsub.s         f13, f21, f13, f28  f13=xxxxxxxx f21:3f09dc1b f13:42d14334 f28:00000000
22765173ns          402028 1c009452 01032a2b p.sw             x16, 20(x6!)         x6=10001f04 x16:c241bd01  x6:10001ef0  PA:10001ef0
22765193ns          402029 1c009456 fec52623 sw               x12, -20(x10)       x12:42787a94 x10:10001f08  PA:10001ef4
22765212ns          402030 1c00945a fed52823 sw               x13, -16(x10)       x13:c26161c5 x10:10001f08  PA:10001ef8
22765232ns          402031 1c009432 00052603 lw               x12, 0(x10)         x12=43aca6b5 x10:10001f08  PA:10001f08
22765272ns          402033 1c009434 00032803 lw               x16, 0(x6)          x16=c186e9c0  x6:10001f04  PA:10001f04
22765292ns          402034 1c009438 00452e03 lw               x28, 4(x10)         x28=c37c06d8 x10:10001f08  PA:10001f0c
22765312ns          402035 1c00943c 817676c3 fmadd.s          f13, f12, f23, f16  f13=xxxxxxxx f12:43aca6b5 f23:bf0c9b9c f16:c186e9c0
22765332ns          402036 1c009440 01450513 addi             x10, x10, 20        x10=10001f1c x10:10001f08
22765352ns          402037 1c009442 69cd76c3 fmadd.s          f13, f26, f28, f13  f13=xxxxxxxx f26:3ec89d17 f28:c37c06d8 f13:c34e8572
22765372ns          402038 1c009446 8136f84b fnmsub.s         f16, f13, f19, f16  f16=xxxxxxxx f13:c398a2b9 f19:3fafebb8 f16:c186e9c0
22765391ns          402039 1c00944a 6166f64b fnmsub.s         f12, f13, f22, f12  f12=xxxxxxxx f13:c398a2b9 f22:bf413faf f12:43aca6b5
22765411ns          402040 1c00944e e0daf6cb fnmsub.s         f13, f21, f13, f28  f13=xxxxxxxx f21:3f09dc1b f13:c398a2b9 f28:c37c06d8
22765431ns          402041 1c009452 01032a2b p.sw             x16, 20(x6!)         x6=10001f18 x16:43c958f3  x6:10001f04  PA:10001f04
22765451ns          402042 1c009456 fec52623 sw               x12, -20(x10)       x12:42e5b83d x10:10001f1c  PA:10001f08
22765471ns          402043 1c00945a fed52823 sw               x13, -16(x10)       x13:c2af446c x10:10001f1c  PA:10001f0c
22765551ns          402047 1c009432 00052603 lw               x12, 0(x10)         x12=c37c06da x10:10001f1c  PA:10001f1c
22765571ns          402048 1c009434 00032803 lw               x16, 0(x6)          x16=3789e3c3  x6:10001f18  PA:10001f18
22765590ns          402049 1c009438 00452e03 lw               x28, 4(x10)         x28=437e49b0 x10:10001f1c  PA:10001f20
22765630ns          402051 1c00943c 817676c3 fmadd.s          f13, f12, f23, f16  f13=xxxxxxxx f12:c37c06da f23:bf0c9b9c f16:3789e3c3
22765650ns          402052 1c009440 01450513 addi             x10, x10, 20        x10=10001f30 x10:10001f1c
22765670ns          402053 1c009442 69cd76c3 fmadd.s          f13, f26, f28, f13  f13=xxxxxxxx f26:3ec89d17 f28:437e49b0 f13:430a6cf2
22765690ns          402054 1c009446 8136f84b fnmsub.s         f16, f13, f19, f16  f16=xxxxxxxx f13:436e0fc0 f19:3fafebb8 f16:3789e3c3
22765710ns          402055 1c00944a 6166f64b fnmsub.s         f12, f13, f22, f12  f12=xxxxxxxx f13:436e0fc0 f22:bf413faf f12:c37c06da
22765730ns          402056 1c00944e e0daf6cb fnmsub.s         f13, f21, f13, f28  f13=xxxxxxxx f21:3f09dc1b f13:436e0fc0 f28:437e49b0
22765750ns          402057 1c009452 01032a2b p.sw             x16, 20(x6!)         x6=10001f2c x16:c3a397f7  x6:10001f18  PA:10001f18
22765769ns          402058 1c009456 fec52623 sw               x12, -20(x10)       x12:c290a383 x10:10001f30  PA:10001f1c
22765789ns          402059 1c00945a fed52823 sw               x13, -16(x10)       x13:42fc2d27 x10:10001f30  PA:10001f20
22765809ns          402060 1c009432 00052603 lw               x12, 0(x10)         x12=b5d040d3 x10:10001f30  PA:10001f30
22765849ns          402062 1c009434 00032803 lw               x16, 0(x6)          x16=b8e6911c  x6:10001f2c  PA:10001f2c
22765869ns          402063 1c009438 00452e03 lw               x28, 4(x10)         x28=b7dfd750 x10:10001f30  PA:10001f34
22765889ns          402064 1c00943c 817676c3 fmadd.s          f13, f12, f23, f16  f13=xxxxxxxx f12:b5d040d3 f23:bf0c9b9c f16:b8e6911c
22765909ns          402065 1c009440 01450513 addi             x10, x10, 20        x10=10001f44 x10:10001f30
22765929ns          402066 1c009442 69cd76c3 fmadd.s          f13, f26, f28, f13  f13=xxxxxxxx f26:3ec89d17 f28:b7dfd750 f13:b8e4c794
22765948ns          402067 1c009446 8136f84b fnmsub.s         f16, f13, f19, f16  f16=xxxxxxxx f13:b8fab4c6 f19:3fafebb8 f16:b8e6911c
22765968ns          402068 1c00944a 6166f64b fnmsub.s         f12, f13, f22, f12  f12=xxxxxxxx f13:b8fab4c6 f22:bf413faf f12:b5d040d3
22765988ns          402069 1c00944e e0daf6cb fnmsub.s         f13, f21, f13, f28  f13=xxxxxxxx f21:3f09dc1b f13:b8fab4c6 f28:b7dfd750
22766008ns          402070 1c009452 01032a2b p.sw             x16, 20(x6!)         x6=10001f40 x16:3863ff76  x6:10001f2c  PA:10001f2c
22766028ns          402071 1c009456 fec52623 sw               x12, -20(x10)       x12:b8c081aa x10:10001f44  PA:10001f30
22766048ns          402072 1c00945a fed52823 sw               x13, -16(x10)       x13:381e18f0 x10:10001f44  PA:10001f34
22766068ns          402073 1c009432 00052603 lw               x12, 0(x10)         x12=b8674917 x10:10001f44  PA:10001f44
22766088ns          402074 1c009434 00032803 lw               x16, 0(x6)          x16=b7933b7d  x6:10001f40  PA:10001f40
22766108ns          402075 1c009438 00452e03 lw               x28, 4(x10)         x28=b8997fe7 x10:10001f44  PA:10001f48
22766127ns          402076 1c00943c 817676c3 fmadd.s          f13, f12, f23, f16  f13=xxxxxxxx f12:b8674917 f23:bf0c9b9c f16:b7933b7d
22766147ns          402077 1c009440 01450513 addi             x10, x10, 20        x10=10001f58 x10:10001f44
22766167ns          402078 1c009442 69cd76c3 fmadd.s          f13, f26, f28, f13  f13=xxxxxxxx f26:3ec89d17 f28:b8997fe7 f13:3755ab41
22766187ns          402079 1c009446 8136f84b fnmsub.s         f16, f13, f19, f16  f16=xxxxxxxx f13:b785be9b f19:3fafebb8 f16:b7933b7d
22766207ns          402080 1c00944a 6166f64b fnmsub.s         f12, f13, f22, f12  f12=xxxxxxxx f13:b785be9b f22:bf413faf f12:b8674917
22766227ns          402081 1c00944e e0daf6cb fnmsub.s         f13, f21, f13, f28  f13=xxxxxxxx f21:3f09dc1b f13:b785be9b f28:b8997fe7
22766247ns          402082 1c009452 01032a2b p.sw             x16, 20(x6!)         x6=10001f54 x16:3692559c  x6:10001f40  PA:10001f40
22766267ns          402083 1c009456 fec52623 sw               x12, -20(x10)       x12:b88ce20a x10:10001f58  PA:10001f44
22766287ns          402084 1c00945a fed52823 sw               x13, -16(x10)       x13:b8877e67 x10:10001f58  PA:10001f48
22766306ns          402085 1c00945e 00158513 addi             x10, x11, 1         x10=00000002 x11:00000001
22766326ns          402086 1c009462 02a12023 sw               x10, 32(x2)         x10:00000002  x2:10001df8  PA:10001e18
22766346ns          402087 1c009464 73b55263 bge              x10, x27, 1828      x10:00000002 x27:00000002
22766466ns          402093 1c009b88 ffbc0913 addi             x18, x24, -5        x18=00000000 x24:00000005
22766485ns          402094 1c009b8c 005c0613 addi             x12, x24, 5         x12=0000000a x24:00000005
22766545ns          402097 1c009b90 be0dcce3 blt              x27, x0, -1032      x27:00000002
22766585ns          402099 1c009b94 01b005b3 add              x11, x0, x27        x11=00000002 x27:00000002
22766605ns          402100 1c009b96 00000693 addi             x13, x0, 0          x13=00000000
22766625ns          402101 1c009b98 9b5ff06f jal              x0, -1612          
22766704ns          402105 1c00954c 01812803 lw               x16, 24(x2)         x16=10001ef0  x2:10001df8  PA:10001e10
22766784ns          402109 1c00954e 00d90333 add              x6, x18, x13         x6=00000000 x18:00000000 x13:00000000
22766824ns          402111 1c009552 00dc08b3 add              x17, x24, x13       x17=00000005 x24:00000005 x13:00000000
22766844ns          402112 1c009556 00231313 slli             x6, x6, 0x2          x6=00000000  x6:00000000
22766863ns          402113 1c009558 00289893 slli             x17, x17, 0x2       x17=00000014 x17:00000005
22766883ns          402114 1c00955a 01030333 add              x6, x6, x16          x6=10001ef0  x6:00000000 x16:10001ef0
22766903ns          402115 1c00955c 010888b3 add              x17, x17, x16       x17=10001f04 x17:00000014 x16:10001ef0
22766923ns          402116 1c00955e 00032e83 lw               x29, 0(x6)          x29=c241bd01  x6:10001ef0  PA:10001ef0
22766963ns          402118 1c009562 0008a803 lw               x16, 0(x17)         x16=43c958f3 x17:10001f04  PA:10001f04
22766983ns          402119 1c009566 00d60e33 add              x28, x12, x13       x28=0000000a x12:0000000a x13:00000000
22767003ns          402120 1c00956a 01812283 lw               x5, 24(x2)           x5=10001ef0  x2:10001df8  PA:10001e10
22767023ns          402121 1c00956c 002e1e13 slli             x28, x28, 0x2       x28=00000028 x28:0000000a
22767042ns          402122 1c00956e 005e0e33 add              x28, x28, x5        x28=10001f18 x28:00000028  x5:10001ef0
22767062ns          402123 1c009570 e90bf843 fmadd.s          f16, f23, f16, f29  f16=xxxxxxxx f23:bf0c9b9c f16:43c958f3 f29:c241bd01
22767102ns          402125 1c009574 000e2f03 lw               x30, 0(x28)         x30=c3a397f7 x28:10001f18  PA:10001f18
22767122ns          402126 1c009578 00168513 addi             x10, x13, 1         x10=00000001 x13:00000000
22767142ns          402127 1c00957c 81ed7843 fmadd.s          f16, f26, f30, f16  f16=xxxxxxxx f26:3ec89d17 f30:c3a397f7 f16:c386cea9
22767202ns          402130 1c009580 e909fecb fnmsub.s         f29, f19, f16, f29  f29=xxxxxxxx f19:3fafebb8 f16:c3c6e837 f29:c241bd01
22767241ns          402132 1c009584 01d32023 sw               x29, 0(x6)          x29:43f92827  x6:10001ef0  PA:10001ef0
22767261ns          402133 1c009588 0008a303 lw               x6, 0(x17)           x6=43c958f3 x17:10001f04  PA:10001f04
22767301ns          402135 1c00958c 310b734b fnmsub.s         f6, f22, f16, f6     f6=xxxxxxxx f22:bf413faf f16:c3c6e837  f6:43c958f3
22767341ns          402137 1c009590 0068a023 sw               x6, 0(x17)           x6:42ccc99a x17:10001f04  PA:10001f04
22767381ns          402139 1c009594 000e2f03 lw               x30, 0(x28)         x30=c3a397f7 x28:10001f18  PA:10001f18
22767420ns          402141 1c009598 f10af84b fnmsub.s         f16, f21, f16, f30  f16=xxxxxxxx f21:3f09dc1b f16:c3c6e837 f30:c3a397f7
22767440ns          402142 1c00959c 010e2023 sw               x16, 0(x28)         x16:c2e1eab4 x28:10001f18  PA:10001f18
22767480ns          402144 1c0095a0 1ea5c463 blt              x11, x10, 488       x11:00000002 x10:00000001
22767520ns          402146 1c0095a4 01250e33 add              x28, x10, x18       x28=00000001 x10:00000001 x18:00000000
22767540ns          402147 1c0095a8 01850333 add              x6, x10, x24         x6=00000006 x10:00000001 x24:00000005
22767560ns          402148 1c0095ac 002e1e13 slli             x28, x28, 0x2       x28=00000004 x28:00000001
22767579ns          402149 1c0095ae 00231313 slli             x6, x6, 0x2          x6=00000018  x6:00000006
22767619ns          402151 1c0095b0 00530333 add              x6, x6, x5           x6=10001f08  x6:00000018  x5:10001ef0
22767639ns          402152 1c0095b2 005e0e33 add              x28, x28, x5        x28=10001ef4 x28:00000004  x5:10001ef0
22767659ns          402153 1c0095b4 000e2e83 lw               x29, 0(x28)         x29=42787a94 x28:10001ef4  PA:10001ef4
22767679ns          402154 1c0095b8 00032883 lw               x17, 0(x6)          x17=42e5b83d  x6:10001f08  PA:10001f08
22767699ns          402155 1c0095bc 00c50533 add              x10, x10, x12       x10=0000000b x10:00000001 x12:0000000a
22767719ns          402156 1c0095be 00251513 slli             x10, x10, 0x2       x10=0000002c x10:0000000b
22767758ns          402158 1c0095c0 00550533 add              x10, x10, x5        x10=10001f1c x10:0000002c  x5:10001ef0
22767798ns          402160 1c0095c2 e91bf8c3 fmadd.s          f17, f23, f17, f29  f17=xxxxxxxx f23:bf0c9b9c f17:42e5b83d f29:42787a94
22767818ns          402161 1c0095c6 00052f03 lw               x30, 0(x10)         x30=c290a383 x10:10001f1c  PA:10001f1c
22767838ns          402162 1c0095ca 00268813 addi             x16, x13, 2         x16=00000002 x13:00000000
22767898ns          402165 1c0095ce 89ed78c3 fmadd.s          f17, f26, f30, f17  f17=xxxxxxxx f26:3ec89d17 f30:c290a383 f17:bf778cf3
22767938ns          402167 1c0095d2 e919fecb fnmsub.s         f29, f19, f17, f29  f29=xxxxxxxx f19:3fafebb8 f17:c1ea6d67 f29:42787a94
22767957ns          402168 1c0095d6 01de2023 sw               x29, 0(x28)         x29:42ccc99c x28:10001ef4  PA:10001ef4
22767977ns          402169 1c0095da 00032e03 lw               x28, 0(x6)          x28=42e5b83d  x6:10001f08  PA:10001f08
22768037ns          402172 1c0095de e11b7e4b fnmsub.s         f28, f22, f17, f28  f28=xxxxxxxx f22:bf413faf f17:c1ea6d67 f28:42e5b83d
22768077ns          402174 1c0095e2 01c32023 sw               x28, 0(x6)          x28:42b97a8a  x6:10001f08  PA:10001f08
22768097ns          402175 1c0095e6 00052f03 lw               x30, 0(x10)         x30=c290a383 x10:10001f1c  PA:10001f1c
22768136ns          402177 1c0095ea f11af8cb fnmsub.s         f17, f21, f17, f30  f17=xxxxxxxx f21:3f09dc1b f17:c1ea6d67 f30:c290a383
22768176ns          402179 1c0095ee 01152023 sw               x17, 0(x10)         x17:c26227f9 x10:10001f1c  PA:10001f1c
22768216ns          402181 1c0095f2 1905cb63 blt              x11, x16, 406       x11:00000002 x16:00000002
22768236ns          402182 1c0095f6 01280e33 add              x28, x16, x18       x28=00000002 x16:00000002 x18:00000000
22768256ns          402183 1c0095fa 01880333 add              x6, x16, x24         x6=00000007 x16:00000002 x24:00000005
22768276ns          402184 1c0095fe 002e1e13 slli             x28, x28, 0x2       x28=00000008 x28:00000002
22768315ns          402186 1c009600 00231313 slli             x6, x6, 0x2          x6=0000001c  x6:00000007
22768335ns          402187 1c009602 00530333 add              x6, x6, x5           x6=10001f0c  x6:0000001c  x5:10001ef0
22768355ns          402188 1c009604 005e0e33 add              x28, x28, x5        x28=10001ef8 x28:00000008  x5:10001ef0
22768375ns          402189 1c009606 000e2e83 lw               x29, 0(x28)         x29=c26161c5 x28:10001ef8  PA:10001ef8
22768395ns          402190 1c00960a 00032883 lw               x17, 0(x6)          x17=c2af446c  x6:10001f0c  PA:10001f0c
22768455ns          402193 1c00960e 00c80533 add              x10, x16, x12       x10=0000000c x16:00000002 x12:0000000a
22768475ns          402194 1c009612 00251513 slli             x10, x10, 0x2       x10=00000030 x10:0000000c
22768494ns          402195 1c009614 00550533 add              x10, x10, x5        x10=10001f20 x10:00000030  x5:10001ef0
22768514ns          402196 1c009616 e91bf8c3 fmadd.s          f17, f23, f17, f29  f17=xxxxxxxx f23:bf0c9b9c f17:c2af446c f29:c26161c5
22768534ns          402197 1c00961a 00052f03 lw               x30, 0(x10)         x30=42fc2d27 x10:10001f20  PA:10001f20
22768594ns          402200 1c00961e 00368813 addi             x16, x13, 3         x16=00000003 x13:00000000
22768634ns          402202 1c009622 89ed78c3 fmadd.s          f17, f26, f30, f17  f17=xxxxxxxx f26:3ec89d17 f30:42fc2d27 f17:c1036772
22768654ns          402203 1c009626 e919fecb fnmsub.s         f29, f19, f17, f29  f29=xxxxxxxx f19:3fafebb8 f17:4224c428 f29:c26161c5
22768673ns          402204 1c00962a 01de2023 sw               x29, 0(x28)         x29:c2e1eab0 x28:10001ef8  PA:10001ef8
22768733ns          402207 1c00962e 00032e03 lw               x28, 0(x6)          x28=c2af446c  x6:10001f0c  PA:10001f0c
22768773ns          402209 1c009632 e11b7e4b fnmsub.s         f28, f22, f17, f28  f28=xxxxxxxx f22:bf413faf f17:4224c428 f28:c2af446c
22768793ns          402210 1c009636 01c32023 sw               x28, 0(x6)          x28:c26227f9  x6:10001f0c  PA:10001f0c
22768813ns          402211 1c00963a 00052f03 lw               x30, 0(x10)         x30=42fc2d27 x10:10001f20  PA:10001f20
22768872ns          402214 1c00963e f11af8cb fnmsub.s         f17, f21, f17, f30  f17=xxxxxxxx f21:3f09dc1b f17:4224c428 f30:42fc2d27
22768912ns          402216 1c009642 01152023 sw               x17, 0(x10)         x17:42cfcfd5 x10:10001f20  PA:10001f20
22768932ns          402217 1c009646 1505c163 blt              x11, x16, 322       x11:00000002 x16:00000003
22769091ns          402225 1c009788 ff072383 lw               x7, -16(x14)         x7=3f536d73 x14:10001f68  PA:10001f58
22769131ns          402227 1c00978c 00472283 lw               x5, 4(x14)           x5=3eccd0db x14:10001f68  PA:10001f6c
22769191ns          402230 1c009790 fec72483 lw               x9, -20(x14)         x9=bf0b089b x14:10001f68  PA:10001f54
22769230ns          402232 1c009794 00072403 lw               x8, 0(x14)           x8=3efae2c5 x14:10001f68  PA:10001f68
22769250ns          402233 1c009796 ffc72c03 lw               x24, -4(x14)        x24=3d0c171f x14:10001f68  PA:10001f64
22769270ns          402234 1c00979a 01072883 lw               x17, 16(x14)        x17=3d7b3833 x14:10001f68  PA:10001f78
22769330ns          402237 1c00979e ff472f03 lw               x30, -12(x14)       x30=bdf452ba x14:10001f68  PA:10001f5c
22769370ns          402239 1c0097a2 00872e83 lw               x29, 8(x14)         x29=3f3ba218 x14:10001f68  PA:10001f70
22769390ns          402240 1c0097a6 3972f543 fmadd.s          f10, f5, f23, f7    f10=xxxxxxxx  f5:3eccd0db f23:bf0c9b9c  f7:3f536d73
22769409ns          402241 1c0097aa 49747843 fmadd.s          f16, f8, f23, f9    f16=xxxxxxxx  f8:3efae2c5 f23:bf0c9b9c  f9:bf0b089b
22769469ns          402244 1c0097ae c178f943 fmadd.s          f18, f17, f23, f24  f18=xxxxxxxx f17:3d7b3833 f23:bf0c9b9c f24:3d0c171f
22769509ns          402246 1c0097b2 01872c03 lw               x24, 24(x14)        x24=be4a89d6 x14:10001f68  PA:10001f80
22769529ns          402247 1c0097b6 01472883 lw               x17, 20(x14)        x17=bebe241f x14:10001f68  PA:10001f7c
22769549ns          402248 1c0097ba ff872e03 lw               x28, -8(x14)        x28=bdb1ef44 x14:10001f68  PA:10001f60
22769608ns          402251 1c0097be 00c72303 lw               x6, 12(x14)          x6=be788374 x14:10001f68  PA:10001f74
22769648ns          402253 1c0097c2 f17ef5c3 fmadd.s          f11, f29, f23, f30  f11=xxxxxxxx f29:3f3ba218 f23:bf0c9b9c f30:bdf452ba
22769668ns          402254 1c0097c6 518d7543 fmadd.s          f10, f26, f24, f10  f10=xxxxxxxx f26:3ec89d17 f24:be4a89d6 f10:3f1b2e17
22769688ns          402255 1c0097ca 01c72c03 lw               x24, 28(x14)        x24=3ea3d346 x14:10001f68  PA:10001f84
22769748ns          402258 1c0097ce 811d7843 fmadd.s          f16, f26, f17, f16  f16=xxxxxxxx f26:3ec89d17 f17:bebe241f f16:bf4feedd
22769787ns          402260 1c0097d2 e17376c3 fmadd.s          f13, f6, f23, f28   f13=xxxxxxxx  f6:be788374 f23:bf0c9b9c f28:bdb1ef44
22769807ns          402261 1c0097d6 598d75c3 fmadd.s          f11, f26, f24, f11  f11=xxxxxxxx f26:3ec89d17 f24:3ea3d346 f11:bf05990a
22769827ns          402262 1c0097da 02072c03 lw               x24, 32(x14)        x24=be9e5bb6 x14:10001f68  PA:10001f88
22769887ns          402265 1c0097de 4909f4cb fnmsub.s         f9, f19, f16, f9     f9=xxxxxxxx f19:3fafebb8 f16:bf752f16  f9:bf0b089b
22769927ns          402267 1c0097e2 698d76c3 fmadd.s          f13, f26, f24, f13  f13=xxxxxxxx f26:3ec89d17 f24:be9e5bb6 f13:3d3e1d42
22769946ns          402268 1c0097e6 4168744b fnmsub.s         f8, f16, f22, f8     f8=xxxxxxxx f16:bf752f16 f22:bf413faf  f8:3efae2c5
22769966ns          402269 1c0097ea 02472c03 lw               x24, 36(x14)        x24=bf4a5f6c x14:10001f68  PA:10001f8c
22770026ns          402272 1c0097ee 890af84b fnmsub.s         f16, f21, f16, f17  f16=xxxxxxxx f21:3f09dc1b f16:bf752f16 f17:bebe241f
22770066ns          402274 1c0097f2 01872883 lw               x17, 24(x14)        x17=be4a89d6 x14:10001f68  PA:10001f80
22770086ns          402275 1c0097f6 918d7943 fmadd.s          f18, f26, f24, f18  f18=xxxxxxxx f26:3ec89d17 f24:bf4a5f6c f18:3a06ebc0
22770106ns          402276 1c0097fa 38a9f3cb fnmsub.s         f7, f19, f10, f7     f7=xxxxxxxx f19:3fafebb8 f10:3f075718  f7:3f536d73
22770165ns          402279 1c0097fe 01c72c03 lw               x24, 28(x14)        x24=3ea3d346 x14:10001f68  PA:10001f84
22770205ns          402281 1c009802 296572cb fnmsub.s         f5, f10, f22, f5     f5=xxxxxxxx f10:3f075718 f22:bf413faf  f5:3eccd0db
22770225ns          402282 1c009806 88aaf54b fnmsub.s         f10, f21, f10, f17  f10=xxxxxxxx f21:3f09dc1b f10:3f075718 f17:be4a89d6
22770245ns          402283 1c00980a 02072883 lw               x17, 32(x14)        x17=be9e5bb6 x14:10001f68  PA:10001f88
22770305ns          402286 1c00980e f0b9ff4b fnmsub.s         f30, f19, f11, f30  f30=xxxxxxxx f19:3fafebb8 f11:becb0149 f30:bdf452ba
22770344ns          402288 1c009812 e965fecb fnmsub.s         f29, f11, f22, f29  f29=xxxxxxxx f11:becb0149 f22:bf413faf f29:3f3ba218
22770364ns          402289 1c009816 e0d9fe4b fnmsub.s         f28, f19, f13, f28  f28=xxxxxxxx f19:3fafebb8 f13:bd992304 f28:bdb1ef44
22770384ns          402290 1c00981a c0baf5cb fnmsub.s         f11, f21, f11, f24  f11=xxxxxxxx f21:3f09dc1b f11:becb0149 f24:3ea3d346
22770444ns          402293 1c00981e 3166f34b fnmsub.s         f6, f13, f22, f6     f6=xxxxxxxx f13:bd992304 f22:bf413faf  f6:be788374
22770484ns          402295 1c009822 ffc72c03 lw               x24, -4(x14)        x24=3d0c171f x14:10001f68  PA:10001f64
22770503ns          402296 1c009826 88daf6cb fnmsub.s         f13, f21, f13, f17  f13=xxxxxxxx f21:3f09dc1b f13:bd992304 f17:be9e5bb6
22770523ns          402297 1c00982a c129fc4b fnmsub.s         f24, f19, f18, f24  f24=xxxxxxxx f19:3fafebb8 f18:be9e5345 f24:3d0c171f
22770543ns          402298 1c00982e 00b72e23 sw               x11, 28(x14)        x11:3f0892c0 x14:10001f68  PA:10001f84
22770583ns          402300 1c009830 02d72023 sw               x13, 32(x14)        x13:be89bddc x14:10001f68  PA:10001f88
22770603ns          402301 1c009832 01072683 lw               x13, 16(x14)        x13=3d7b3833 x14:10001f68  PA:10001f78
22770623ns          402302 1c009834 ff872e23 sw               x24, -4(x14)        x24:3eeb1c4d x14:10001f68  PA:10001f64
22770643ns          402303 1c009838 69697c4b fnmsub.s         f24, f18, f22, f13  f24=xxxxxxxx f18:be9e5345 f22:bf413faf f13:3d7b3833
22770663ns          402304 1c00983c 02472683 lw               x13, 36(x14)        x13=bf4a5f6c x14:10001f68  PA:10001f8c
22770722ns          402307 1c00983e fe972623 sw               x9, -20(x14)         x9:3f45f14a x14:10001f68  PA:10001f54
22770762ns          402309 1c009842 692af8cb fnmsub.s         f17, f21, f18, f13  f17=xxxxxxxx f21:3f09dc1b f18:be9e5345 f13:bf4a5f6c
22770782ns          402310 1c009846 00872023 sw               x8, 0(x14)           x8:be6e906d x14:10001f68  PA:10001f68
22770802ns          402311 1c009848 01072a23 sw               x16, 20(x14)        x16:3e13dbc6 x14:10001f68  PA:10001f7c
22770822ns          402312 1c00984c fe772823 sw               x7, -16(x14)         x7:3dcb591e x14:10001f68  PA:10001f58
22770861ns          402314 1c009850 00572223 sw               x5, 4(x14)           x5:3f4c92c2 x14:10001f68  PA:10001f6c
22770901ns          402316 1c009854 00a72c23 sw               x10, 24(x14)        x10:bef708dd x14:10001f68  PA:10001f80
22770921ns          402317 1c009856 ffe72a23 sw               x30, -12(x14)       x30:3ed9eceb x14:10001f68  PA:10001f5c
22770941ns          402318 1c00985a 01d72423 sw               x29, 8(x14)         x29:3ede05b8 x14:10001f68  PA:10001f70
22771001ns          402321 1c00985e ffc72c23 sw               x28, -8(x14)        x28:3c822278 x14:10001f68  PA:10001f60
22771021ns          402322 1c009862 02012583 lw               x11, 32(x2)         x11=00000002  x2:10001df8  PA:10001e18
22771040ns          402323 1c009864 00672623 sw               x6, 12(x14)          x6:be99281a x14:10001f68  PA:10001f74
22771060ns          402324 1c009868 01872823 sw               x24, 16(x14)        x24:be303a47 x14:10001f68  PA:10001f78
22771080ns          402325 1c00986c 03172223 sw               x17, 36(x14)        x17:bf1fbe14 x14:10001f68  PA:10001f8c
22771140ns          402328 1c009870 01470713 addi             x14, x14, 20        x14=10001f7c x14:10001f68
22771160ns          402329 1c009872 01478793 addi             x15, x15, 20        x15=10001f18 x15:10001f04
22771180ns          402330 1c009874 004a0a13 addi             x20, x20, 4         x20=10001f58 x20:10001f54
22771200ns          402331 1c009876 02812683 lw               x13, 40(x2)         x13=10001ef4  x2:10001df8  PA:10001e20
22771219ns          402332 1c009878 00c00c33 add              x24, x0, x12        x24=0000000a x12:0000000a
22771239ns          402333 1c00987a 014f8f93 addi             x31, x31, 20        x31=10001f04 x31:10001ef0
22771259ns          402334 1c00987c 90bdd8e3 bge              x27, x11, -1776     x27:00000002 x11:00000002
22771319ns          402337 1c00918c 0bb587e3 beq              x11, x27, 2222      x11:00000002 x27:00000002
22771458ns          402344 1c009a3a 0cbccf63 blt              x25, x11, 222       x25:00000001 x11:00000002
22771597ns          402351 1c009b18 0046a603 lw               x12, 4(x13)         x12=c2e1eab0 x13:10001ef4  PA:10001ef8
22771637ns          402353 1c009b1a 00000813 addi             x16, x0, 0          x16=00000000
22771657ns          402354 1c009b1e 0006a503 lw               x10, 0(x13)         x10=42ccc99c x13:10001ef4  PA:10001ef4
22771697ns          402356 1c009b20 a1061853 flt.s            x16, f12, f16       x16=00000001 f12:c2e1eab0 f16:00000000
22771737ns          402358 1c009b24 08a12223 sw               x10, 132(x2)        x10:42ccc99c  x2:10001df8  PA:10001e7c
22771757ns          402359 1c009b26 08c12423 sw               x12, 136(x2)        x12:c2e1eab0  x2:10001df8  PA:10001e80
22771776ns          402360 1c009b28 f20803e3 beq              x16, x0, -218       x16:00000001
22771796ns          402361 1c009b2c 20c61653 fsgnjn.s         f12, f12, f12       f12=xxxxxxxx f12:c2e1eab0 f12:c2e1eab0
22771816ns          402362 1c009b30 00200893 addi             x17, x0, 2          x17=00000002
22771836ns          402363 1c009b32 00100e93 addi             x29, x0, 1          x29=00000001
22771856ns          402364 1c009b34 ed2ff06f jal              x0, -2350          
22772035ns          402373 1c009206 00000813 addi             x16, x0, 0          x16=00000000
22772055ns          402374 1c00920a a1062353 feq.s            x6, f12, f16         x6=00000000 f12:42e1eab0 f16:00000000
22772115ns          402377 1c00920e 040318e3 bne              x6, x0, 2128         x6:00000000
22772154ns          402379 1c009212 a1051853 flt.s            x16, f10, f16       x16=00000000 f10:42ccc99c f16:00000000
22772174ns          402380 1c009216 180812e3 bne              x16, x0, 2436       x16:00000000
22772194ns          402381 1c00921a 00a00833 add              x16, x0, x10        x16=42ccc99c x10:42ccc99c
22772214ns          402382 1c00921c 00000313 addi             x6, x0, 0            x6=00000000
22772254ns          402384 1c009220 a0661353 flt.s            x6, f12, f6          x6=00000000 f12:42e1eab0  f6:00000000
22772294ns          402386 1c009224 00030463 beq              x6, x0, 8            x6:00000000
22772353ns          402389 1c00922c a0c81353 flt.s            x6, f16, f12         x6=00000001 f16:42ccc99c f12:42e1eab0
22772413ns          402392 1c009230 12031ce3 bne              x6, x0, 2360         x6:00000001
22772512ns          402397 1c009b68 1c0002b7 lui              x5, 0x1c000000       x5=1c000000
22772552ns          402399 1c009b6c 04c28293 addi             x5, x5, 76           x5=1c00004c  x5:1c000000
22772612ns          402402 1c009b70 0002a283 lw               x5, 0(x5)            x5=3f800000  x5:1c00004c  PA:1c00004c
22772950ns          402419 1c009b74 18c87853 fdiv.s           f16, f16, f12       f16=xxxxxxxx f16:42ccc99c f12:42e1eab0
22773248ns          402434 1c009b78 29087843 fmadd.s          f16, f16, f16, f5   f16=xxxxxxxx f16:3f680ea5 f16:3f680ea5  f5:3f800000
22773268ns          402435 1c009b7c 58087853 fsqrt.s          f16, f16            f16=xxxxxxxx f16:3fe92d46
22773805ns          402462 1c009b80 11067653 fmul.s           f12, f12, f16       f12=xxxxxxxx f12:42e1eab0 f16:3facc305
22773825ns          402463 1c009b84 ed0ff06f jal              x0, -2352          
22773905ns          402467 1c009254 00000813 addi             x16, x0, 0          x16=00000000
22773945ns          402469 1c009258 a0a80853 fle.s            x16, f16, f10       x16=00000001 f16:00000000 f10:42ccc99c
22773964ns          402470 1c00925c 00080463 beq              x16, x0, 8          x16:00000001
22774024ns          402473 1c009260 20c61653 fsgnjn.s         f12, f12, f12       f12=xxxxxxxx f12:431875c8 f12:431875c8
22774064ns          402475 1c009264 00000813 addi             x16, x0, 0          x16=00000000
22774084ns          402476 1c009268 a1061853 flt.s            x16, f12, f16       x16=00000001 f12:c31875c8 f16:00000000
22774104ns          402477 1c00926c 12081be3 bne              x16, x0, 2358       x16:00000001
22774283ns          402486 1c009ba2 20c61853 fsgnjn.s         f16, f12, f12       f16=xxxxxxxx f12:c31875c8 f12:c31875c8
22774303ns          402487 1c009ba6 eccff06f jal              x0, -2356          
22774362ns          402490 1c009272 1c0004b7 lui              x9, 0x1c000000       x9=1c000000
22774382ns          402491 1c009276 03048493 addi             x9, x9, 48           x9=1c000030  x9:1c000000
22774402ns          402492 1c00927a 0004a483 lw               x9, 0(x9)            x9=0c000000  x9:1c000030  PA:1c000030
22774720ns          402508 1c00927c a0981853 flt.s            x16, f16, f9        x16=00000000 f16:431875c8  f9:0c000000
22774740ns          402509 1c009280 0a080ce3 beq              x16, x0, 2232       x16:00000000
22774800ns          402512 1c009b38 1c000337 lui              x6, 0x1c000000       x6=1c000000
22774820ns          402513 1c009b3c 04c32803 lw               x16, 76(x6)         x16=3f800000  x6:1c000000  PA:1c00004c
22775118ns          402528 1c009b40 08c57353 fsub.s           f6, f10, f12         f6=xxxxxxxx f10:42ccc99c f12:c31875c8
22775138ns          402529 1c009b44 18687853 fdiv.s           f16, f16, f6        f16=xxxxxxxx f16:3f800000  f6:437eda96  PA:10001e80
22775218ns          402533 1c009b48 08812303 lw               x6, 136(x2)          x6=xxxxxxxx  x2:10001df8
22775237ns          402534 1c009b4a 08a679d3 fsub.s           f19, f12, f10       f19=xxxxxxxx f12:c31875c8 f10:42ccc99c
22775496ns          402547 1c009b4e 11037353 fmul.s           f6, f6, f16          f6=xxxxxxxx  f6:c2e1eab0 f16:3b80935e
22775516ns          402548 1c009b52 18c9f9d3 fdiv.s           f19, f19, f12       f19=xxxxxxxx f19:c37eda96 f12:c31875c8  PA:10001e80
22775774ns          402561 1c009b56 08612423 sw               x6, 136(x2)          x6:bee2eec9  x2:10001df8
22775794ns          402562 1c009b58 0038b663 p.bneimm         x17, 12             x17:00000002
22775854ns          402565 1c009b64 00c00533 add              x10, x0, x12        x10=xxxxxxxx x12:c31875c8
22775874ns          402566 1c009b66 87fff06f jal              x0, -1922            PA:10001e7c
22775953ns          402570 1c0093e4 08a12223 sw               x10, 132(x2)        x10:c31875c8  x2:10001df8
22775993ns          402572 1c0093e6 4cbcd763 bge              x25, x11, 1230      x25:00000001 x11:00000002  PA:10001ef4
22776013ns          402573 1c0093ea 00a6a023 sw               x10, 0(x13)         x10:c31875c8 x13:10001ef4  PA:10001ef8
22776033ns          402574 1c0093ec 0006a223 sw               x0, 4(x13)          x13:10001ef4
22776073ns          402576 1c0093f0 01b5d463 bge              x11, x27, 8         x11:00000002 x27:00000002  PA:10001e80
22776132ns          402579 1c0093f8 08812b83 lw               x23, 136(x2)        x23=xxxxxxxx  x2:10001df8
22776172ns          402581 1c0093fa 1179fb53 fmul.s           f22, f19, f23       f22=xxxxxxxx f19:3fd5f754 f23:bee2eec9
22776212ns          402583 1c0093fe 4c38bd63 p.bneimm         x17, 1242           x17:00000002
22776312ns          402588 1c0098d8 01468893 addi             x17, x13, 20        x17=10001f08 x13:10001ef4
22776351ns          402590 1c0098dc 411a0833 sub              x16, x20, x17       x16=00000050 x20:10001f58 x17:10001f08
22776411ns          402593 1c0098e0 fec80813 addi             x16, x16, -20       x16=0000003c x16:00000050
22776451ns          402595 1c0098e2 0cccd637 lui              x12, 0xcccd000      x12=0cccd000
22776471ns          402596 1c0098e6 00285813 srli             x16, x16, 0x2       x16=0000000f x16:0000003c
22776491ns          402597 1c0098ea ccd60613 addi             x12, x12, -819      x12=0ccccccd x12:0cccd000
22776550ns          402600 1c0098ee 02c80833 mul              x16, x16, x12       x16=c0000003 x16:0000000f x12:0ccccccd
22776570ns          402601 1c0098f2 01868693 addi             x13, x13, 24        x13=10001f0c x13:10001ef4
22776590ns          402602 1c0098f4 c3e83833 p.bclr           x16, x16, 1, 30     x16=00000003 x16:c0000003
22776610ns          402603 1c0098f8 02d12423 sw               x13, 40(x2)         x13:10001f0c  x2:10001df8  PA:10001e20
22776630ns          402604 1c0098fa 00d00333 add              x6, x0, x13          x6=10001f0c x13:10001f0c
22776650ns          402605 1c0098fc 00180813 addi             x16, x16, 1         x16=00000004 x16:00000003
22776689ns          402607 1c0098fe 00e840fb lp.setup         0x1, x16, 0xe       x16:00000004
22776729ns          402609 1c009902 0008a603 lw               x12, 0(x17)         x12=42b97a8a x17:10001f08  PA:10001f08
22776749ns          402610 1c009906 00032503 lw               x10, 0(x6)          x10=c26227f9  x6:10001f0c  PA:10001f0c
22776789ns          402612 1c00990a 617576c3 fmadd.s          f13, f10, f23, f12  f13=xxxxxxxx f10:c26227f9 f23:bee2eec9 f12:42b97a8a
22776829ns          402614 1c00990e 6136f64b fnmsub.s         f12, f13, f19, f12  f12=xxxxxxxx f13:42eb9919 f19:3fd5f754 f12:42b97a8a
22776868ns          402616 1c009912 5166f6cb fnmsub.s         f13, f13, f22, f10  f13=xxxxxxxx f13:42eb9919 f22:bf3dabec f10:c26227f9
22776888ns          402617 1c009916 00c8aa2b p.sw             x12, 20(x17!)       x17=10001f1c x12:c2d05976 x17:10001f08  PA:10001f08
22776908ns          402618 1c00991a 00d32a2b p.sw             x13, 20(x6!)         x6=10001f20 x13:41f5e90e  x6:10001f0c  PA:10001f0c
22776948ns          402620 1c009902 0008a603 lw               x12, 0(x17)         x12=c26227f9 x17:10001f1c  PA:10001f1c
22776968ns          402621 1c009906 00032503 lw               x10, 0(x6)          x10=42cfcfd5  x6:10001f20  PA:10001f20
22777008ns          402623 1c00990a 617576c3 fmadd.s          f13, f10, f23, f12  f13=xxxxxxxx f10:42cfcfd5 f23:bee2eec9 f12:c26227f9
22777028ns          402624 1c00990e 6136f64b fnmsub.s         f12, f13, f19, f12  f12=xxxxxxxx f13:c2cd2fa5 f19:3fd5f754 f12:c26227f9
22777047ns          402625 1c009912 5166f6cb fnmsub.s         f13, f13, f22, f10  f13=xxxxxxxx f13:c2cd2fa5 f22:bf3dabec f10:42cfcfd5
22777067ns          402626 1c009916 00c8aa2b p.sw             x12, 20(x17!)       x17=10001f30 x12:42e5e9c5 x17:10001f1c  PA:10001f1c
22777087ns          402627 1c00991a 00d32a2b p.sw             x13, 20(x6!)         x6=10001f34 x13:41df2771  x6:10001f20  PA:10001f20
22777187ns          402632 1c009902 0008a603 lw               x12, 0(x17)         x12=b8c081aa x17:10001f30  PA:10001f30
22777207ns          402633 1c009906 00032503 lw               x10, 0(x6)          x10=381e18f0  x6:10001f34  PA:10001f34
22777246ns          402635 1c00990a 617576c3 fmadd.s          f13, f10, f23, f12  f13=xxxxxxxx f10:381e18f0 f23:bee2eec9 f12:b8c081aa
22777266ns          402636 1c00990e 6136f64b fnmsub.s         f12, f13, f19, f12  f12=xxxxxxxx f13:b8e38b09 f19:3fd5f754 f12:b8c081aa
22777286ns          402637 1c009912 5166f6cb fnmsub.s         f13, f13, f22, f10  f13=xxxxxxxx f13:b8e38b09 f22:bf3dabec f10:381e18f0
22777306ns          402638 1c009916 00c8aa2b p.sw             x12, 20(x17!)       x17=10001f44 x12:38bbdb5f x17:10001f30  PA:10001f30
22777326ns          402639 1c00991a 00d32a2b p.sw             x13, 20(x6!)         x6=10001f48 x13:b83313fb  x6:10001f34  PA:10001f34
22777366ns          402641 1c009902 0008a603 lw               x12, 0(x17)         x12=b88ce20a x17:10001f44  PA:10001f44
22777386ns          402642 1c009906 00032503 lw               x10, 0(x6)          x10=b8877e67  x6:10001f48  PA:10001f48
22777425ns          402644 1c00990a 617576c3 fmadd.s          f13, f10, f23, f12  f13=xxxxxxxx f10:b8877e67 f23:bee2eec9 f12:b88ce20a
22777445ns          402645 1c00990e 6136f64b fnmsub.s         f12, f13, f19, f12  f12=xxxxxxxx f13:b821a81b f19:3fd5f754 f12:b88ce20a
22777465ns          402646 1c009912 5166f6cb fnmsub.s         f13, f13, f22, f10  f13=xxxxxxxx f13:b821a81b f22:bf3dabec f10:b8877e67
22777485ns          402647 1c009916 00c8aa2b p.sw             x12, 20(x17!)       x17=10001f58 x12:b6389fa9 x17:10001f44  PA:10001f44
22777505ns          402648 1c00991a 00d32a2b p.sw             x13, 20(x6!)         x6=10001f5c x13:b8c3613d  x6:10001f48  PA:10001f48
22777525ns          402649 1c00991e 000fa603 lw               x12, 0(x31)         x12=42ccc99a x31:10001f04  PA:10001f04
22777545ns          402650 1c009922 0007a503 lw               x10, 0(x15)         x10=c2e1eab4 x15:10001f18  PA:10001f18
22777585ns          402652 1c009924 617576c3 fmadd.s          f13, f10, f23, f12  f13=xxxxxxxx f10:c2e1eab4 f23:bee2eec9 f12:42ccc99a
22777604ns          402653 1c009928 6136f64b fnmsub.s         f12, f13, f19, f12  f12=xxxxxxxx f13:431875c8 f19:3fd5f754 f12:42ccc99a
22777624ns          402654 1c00992c 5166f6cb fnmsub.s         f13, f13, f22, f10  f13=xxxxxxxx f13:431875c8 f22:bf3dabec f10:c2e1eab4
22777644ns          402655 1c009930 00cfa023 sw               x12, 0(x31)         x12:c31875c9 x31:10001f04  PA:10001f04
22777664ns          402656 1c009934 00d7a023 sw               x13, 0(x15)         x13:b807b4e8 x15:10001f18  PA:10001f18
22777684ns          402657 1c009936 07b05863 bge              x0, x27, 112        x27:00000002
22777704ns          402658 1c00993a 004fa603 lw               x12, 4(x31)         x12=c2d05976 x31:10001f04  PA:10001f08
22777724ns          402659 1c00993e 0047a503 lw               x10, 4(x15)         x10=42e5e9c5 x15:10001f18  PA:10001f1c
22778141ns          402680 1c009940 617576c3 fmadd.s          f13, f10, f23, f12  f13=xxxxxxxx f10:42e5e9c5 f23:bee2eec9 f12:c2d05976
22778181ns          402682 1c009944 6136f64b fnmsub.s         f12, f13, f19, f12  f12=xxxxxxxx f13:c31b2070 f19:3fd5f754 f12:c2d05976
22778201ns          402683 1c009948 5166f6cb fnmsub.s         f13, f13, f22, f10  f13=xxxxxxxx f13:c31b2070 f22:bf3dabec f10:42e5e9c5
22778221ns          402684 1c00994c 00cfa223 sw               x12, 4(x31)         x12:431b22fe x31:10001f04  PA:10001f08
22778281ns          402687 1c009950 00d7a223 sw               x13, 4(x15)         x13:3cb84469 x15:10001f18  PA:10001f1c
22778320ns          402689 1c009952 041daa63 p.beqimm         x27, 84             x27:00000002
22778340ns          402690 1c009956 008fa603 lw               x12, 8(x31)         x12=41f5e90e x31:10001f04  PA:10001f0c
22778360ns          402691 1c00995a 0087a503 lw               x10, 8(x15)         x10=41df2771 x15:10001f18  PA:10001f20
22778400ns          402693 1c00995c 60abf6c3 fmadd.s          f13, f23, f10, f12  f13=xxxxxxxx f23:bee2eec9 f10:41df2771 f12:41f5e90e
22778420ns          402694 1c009960 60d9f64b fnmsub.s         f12, f19, f13, f12  f12=xxxxxxxx f19:3fd5f754 f13:41930092 f12:41f5e90e
22778460ns          402696 1c009964 50db76cb fnmsub.s         f13, f22, f13, f10  f13=xxxxxxxx f22:bf3dabec f13:41930092 f10:41df2771
22778480ns          402697 1c009968 00cfa423 sw               x12, 8(x31)         x12:3cb83de8 x31:10001f04  PA:10001f0c
22778499ns          402698 1c00996c 00d7a423 sw               x13, 8(x15)         x13:422608cb x15:10001f18  PA:10001f20
22778559ns          402701 1c00996e 022dac63 p.beqimm         x27, 56             x27:00000002
22778698ns          402708 1c0099a6 fec72283 lw               x5, -20(x14)         x5=be6e906d x14:10001f7c  PA:10001f68
22778718ns          402709 1c0099aa ff872803 lw               x16, -8(x14)        x16=be99281a x14:10001f7c  PA:10001f74
22778738ns          402710 1c0099ae 00c72503 lw               x10, 12(x14)        x10=be89bddc x14:10001f7c  PA:10001f88
22778798ns          402713 1c0099b0 00072383 lw               x7, 0(x14)           x7=3e13dbc6 x14:10001f7c  PA:10001f7c
22778838ns          402715 1c0099b4 ff072e83 lw               x29, -16(x14)       x29=3f4c92c2 x14:10001f7c  PA:10001f6c
22778858ns          402716 1c0099b8 00472e03 lw               x28, 4(x14)         x28=bef708dd x14:10001f7c  PA:10001f80
22778877ns          402717 1c0099bc ff472303 lw               x6, -12(x14)         x6=3ede05b8 x14:10001f7c  PA:10001f70
22778937ns          402720 1c0099c0 00872883 lw               x17, 8(x14)         x17=3f0892c0 x14:10001f7c  PA:10001f84
22778977ns          402722 1c0099c4 ffc72603 lw               x12, -4(x14)        x12=be303a47 x14:10001f7c  PA:10001f78
22778997ns          402723 1c0099c8 2973ff43 fmadd.s          f30, f7, f23, f5    f30=xxxxxxxx  f7:3e13dbc6 f23:bee2eec9  f5:be6e906d
22779017ns          402724 1c0099cc 01072683 lw               x13, 16(x14)        x13=bf1fbe14 x14:10001f7c  PA:10001f8c
22779076ns          402727 1c0099ce 817573c3 fmadd.s          f7, f10, f23, f16    f7=xxxxxxxx f10:be89bddc f23:bee2eec9 f16:be99281a
22779116ns          402729 1c0099d2 6176f943 fmadd.s          f18, f13, f23, f12  f18=xxxxxxxx f13:bf1fbe14 f23:bee2eec9 f12:be303a47
22779136ns          402730 1c0099d6 e97e74c3 fmadd.s          f9, f28, f23, f29    f9=xxxxxxxx f28:bef708dd f23:bee2eec9 f29:3f4c92c2
22779156ns          402731 1c0099da 3178f443 fmadd.s          f8, f17, f23, f6     f8=xxxxxxxx f17:3f0892c0 f23:bee2eec9  f6:3ede05b8
22779176ns          402732 1c0099de 00072683 lw               x13, 0(x14)         x13=3e13dbc6 x14:10001f7c  PA:10001f7c
22779216ns          402734 1c0099e0 8079f84b fnmsub.s         f16, f19, f7, f16   f16=xxxxxxxx f19:3fd5f754  f7:be38361d f16:be99281a
22779255ns          402736 1c0099e4 5163f54b fnmsub.s         f10, f7, f22, f10   f10=xxxxxxxx  f7:be38361d f22:bf3dabec f10:be89bddc
22779275ns          402737 1c0099e8 01072383 lw               x7, 16(x14)          x7=bf1fbe14 x14:10001f7c  PA:10001f8c
22779295ns          402738 1c0099ec 29e9f2cb fnmsub.s         f5, f19, f30, f5     f5=xxxxxxxx f19:3fd5f754 f30:be980cb2  f5:be6e906d
22779355ns          402741 1c0099f0 6129f64b fnmsub.s         f12, f19, f18, f12  f12=xxxxxxxx f19:3fd5f754 f18:3dd5f6a9 f12:be303a47
22779395ns          402743 1c0099f4 696f7f4b fnmsub.s         f30, f30, f22, f13  f30=xxxxxxxx f30:be980cb2 f22:bf3dabec f13:3e13dbc6
22779414ns          402744 1c0099f8 e899fecb fnmsub.s         f29, f19, f9, f29   f29=xxxxxxxx f19:3fd5f754  f9:3f81a8e9 f29:3f4c92c2
22779434ns          402745 1c0099fc e164fe4b fnmsub.s         f28, f9, f22, f28   f28=xxxxxxxx  f9:3f81a8e9 f22:bf3dabec f28:bef708dd
22779494ns          402748 1c009a00 3089f34b fnmsub.s         f6, f19, f8, f6      f6=xxxxxxxx f19:3fd5f754  f8:3e49e98e  f6:3ede05b8
22779534ns          402750 1c009a04 896478cb fnmsub.s         f17, f8, f22, f17   f17=xxxxxxxx  f8:3e49e98e f22:bf3dabec f17:3f0892c0
22779554ns          402751 1c009a08 396976cb fnmsub.s         f13, f18, f22, f7   f13=xxxxxxxx f18:3dd5f6a9 f22:bf3dabec  f7:bf1fbe14
22779574ns          402752 1c009a0c 00158593 addi             x11, x11, 1         x11=00000003 x11:00000002
22779633ns          402755 1c009a0e fec72e23 sw               x12, -4(x14)        x12:beb1879c x14:10001f7c  PA:10001f78
22779673ns          402757 1c009a12 fe572623 sw               x5, -20(x14)         x5:3e86e2b6 x14:10001f7c  PA:10001f68
22779693ns          402758 1c009a16 01e72023 sw               x30, 0(x14)         x30:bd9ae664 x14:10001f7c  PA:10001f7c
22779713ns          402759 1c009a1a ffd72823 sw               x29, -16(x14)       x29:bf64e878 x14:10001f7c  PA:10001f6c
22779773ns          402762 1c009a1e 01c72223 sw               x28, 4(x14)         x28:3e893a41 x14:10001f7c  PA:10001f80
22779812ns          402764 1c009a22 fe672a23 sw               x6, -12(x14)         x6:3dd50d49 x14:10001f7c  PA:10001f70
22779832ns          402765 1c009a26 01172423 sw               x17, 8(x14)         x17:3f2df902 x14:10001f7c  PA:10001f84
22779852ns          402766 1c009a2a ff072c23 sw               x16, -8(x14)        x16:3acee4c9 x14:10001f7c  PA:10001f74
22779892ns          402768 1c009a2e 00a72623 sw               x10, 12(x14)        x10:becdfbb1 x14:10001f7c  PA:10001f88
22779912ns          402769 1c009a30 00d72823 sw               x13, 16(x14)        x13:bf0bed3b x14:10001f7c  PA:10001f8c
22779932ns          402770 1c009a32 02b12023 sw               x11, 32(x2)         x11:00000003  x2:10001df8  PA:10001e18
22779952ns          402771 1c009a34 005c0613 addi             x12, x24, 5         x12=0000000f x24:0000000a
22779971ns          402772 1c009a38 e39ff06f jal              x0, -456           
22780111ns          402779 1c009870 01470713 addi             x14, x14, 20        x14=10001f90 x14:10001f7c
22780131ns          402780 1c009872 01478793 addi             x15, x15, 20        x15=10001f2c x15:10001f18
22780150ns          402781 1c009874 004a0a13 addi             x20, x20, 4         x20=10001f5c x20:10001f58
22780170ns          402782 1c009876 02812683 lw               x13, 40(x2)         x13=10001f0c  x2:10001df8  PA:10001e20
22780190ns          402783 1c009878 00c00c33 add              x24, x0, x12        x24=0000000f x12:0000000f
22780210ns          402784 1c00987a 014f8f93 addi             x31, x31, 20        x31=10001f18 x31:10001f04
22780230ns          402785 1c00987c 90bdd8e3 bge              x27, x11, -1776     x27:00000002 x11:00000003
22780250ns          402786 1c009880 04012c03 lw               x24, 64(x2)         x24=43400bdf  x2:10001df8  PA:10001e38
22780270ns          402787 1c009882 04412c83 lw               x25, 68(x2)         x25=422ec571  x2:10001df8  PA:10001e3c
22780290ns          402788 1c009884 02412483 lw               x9, 36(x2)           x9=00000000  x2:10001df8  PA:10001e1c
22780310ns          402789 1c009886 01f00793 addi             x15, x0, 31         x15=0000001f
22780329ns          402790 1c009888 00148493 addi             x9, x9, 1            x9=00000001  x9:00000000
22780349ns          402791 1c00988a 02912223 sw               x9, 36(x2)           x9:00000001  x2:10001df8  PA:10001e1c
22780369ns          402792 1c00988c 00100293 addi             x5, x0, 1            x5=00000001
22780389ns          402793 1c00988e caf49963 bne              x9, x15, -2894       x9:00000001 x15:0000001f
22780489ns          402798 1c008d40 01c12e83 lw               x29, 28(x2)         x29=00000001  x2:10001df8  PA:10001e14
22780528ns          402800 1c008d42 7fddc8e3 blt              x27, x29, 4080      x27:00000002 x29:00000001
22780548ns          402801 1c008d46 41dd8833 sub              x16, x27, x29       x16=00000001 x27:00000002 x29:00000001
22780568ns          402802 1c008d4a 1c0004b7 lui              x9, 0x1c000000       x9=1c000000
22780628ns          402805 1c008d4e fffe8513 addi             x10, x29, -1        x10=00000000 x29:00000001
22780668ns          402807 1c008d52 fffd8793 addi             x15, x27, -1        x15=00000001 x27:00000002
22780687ns          402808 1c008d56 03812603 lw               x12, 56(x2)         x12=10001f0c  x2:10001df8  PA:10001e30
22780707ns          402809 1c008d58 03412303 lw               x6, 52(x2)           x6=10001f08  x2:10001df8  PA:10001e2c
22780727ns          402810 1c008d5a 03012683 lw               x13, 48(x2)         x13=10001f20  x2:10001df8  PA:10001e28
22780747ns          402811 1c008d5c 005005b3 add              x11, x0, x5         x11=00000001  x5:00000001
22780767ns          402812 1c008d5e 00500f33 add              x30, x0, x5         x30=00000001  x5:00000001
22780787ns          402813 1c008d60 01b00433 add              x8, x0, x27          x8=00000002 x27:00000002
22780807ns          402814 1c008d62 00000713 addi             x14, x0, 0          x14=00000000
22780827ns          402815 1c008d66 00100f93 addi             x31, x0, 1          x31=00000001
22780847ns          402816 1c008d68 0244a383 lw               x7, 36(x9)           x7=34000000  x9:1c000000  PA:1c000024
22781145ns          402831 1c008d6c 00180813 addi             x16, x16, 1         x16=00000002 x16:00000001
22781165ns          402832 1c008d6e 7ca7cbe3 blt              x15, x10, 4054      x15:00000001 x10:00000000
22781185ns          402833 1c008d72 078840fb lp.setup         0x1, x16, 0x78      x16:00000002
22781205ns          402834 1c008d76 00062783 lw               x15, 0(x12)         x15=3cb83de8 x12:10001f0c  PA:10001f0c
22781225ns          402835 1c008d78 fff40e93 addi             x29, x8, -1         x29=00000001  x8:00000002
22781244ns          402836 1c008d7c a0e79553 flt.s            x10, f15, f14       x10=00000000 f15:3cb83de8 f14:00000000
22781284ns          402838 1c008d80 00050363 beq              x10, x0, 6          x10:00000000
22781364ns          402842 1c008d86 1c0008b7 lui              x17, 0x1c000000     x17=1c000000
22781384ns          402843 1c008d8a 02088893 addi             x17, x17, 32        x17=1c000020 x17:1c000000
22781443ns          402846 1c008d8e 0008a883 lw               x17, 0(x17)         x17=0d200000 x17:1c000020  PA:1c000020
22781781ns          402863 1c008d92 a1178553 fle.s            x10, f15, f17       x10=00000000 f15:3cb83de8 f17:0d200000
22781801ns          402864 1c008d96 0c051763 bne              x10, x0, 206        x10:00000000
22781821ns          402865 1c008d98 00032883 lw               x17, 0(x6)          x17=431b22fe  x6:10001f08  PA:10001f08
22781861ns          402867 1c008d9c a0e895d3 flt.s            x11, f17, f14       x11=00000000 f17:431b22fe f14:00000000
22781881ns          402868 1c008da0 01100bb3 add              x23, x0, x17        x23=431b22fe x17:431b22fe
22781901ns          402869 1c008da2 00058363 beq              x11, x0, 6          x11:00000000
22781960ns          402872 1c008da8 0006a503 lw               x10, 0(x13)         x10=422608cb x13:10001f20  PA:10001f20
22782000ns          402874 1c008daa a0e515d3 flt.s            x11, f10, f14       x11=00000000 f10:422608cb f14:00000000
22782020ns          402875 1c008dae 00a00e33 add              x28, x0, x10        x28=422608cb x10:422608cb
22782040ns          402876 1c008db0 00058363 beq              x11, x0, 6          x11:00000000
22782120ns          402880 1c008db6 01cbfbd3 fadd.s           f23, f23, f28       f23=xxxxxxxx f23:431b22fe f28:422608cb
22782140ns          402881 1c008dba a0eba5d3 feq.s            x11, f23, f14       x11=00000000 f23:4344a531 f14:00000000
22782159ns          402882 1c008dbe 00058d63 beq              x11, x0, 26         x11:00000000
22782279ns          402888 1c008dd8 1c0004b7 lui              x9, 0x1c000000       x9=1c000000
22782319ns          402890 1c008ddc 02448493 addi             x9, x9, 36           x9=1c000024  x9:1c000000
22782378ns          402893 1c008de0 0004a483 lw               x9, 0(x9)            x9=34000000  x9:1c000024  PA:1c000024
22782716ns          402910 1c008de2 109bf5d3 fmul.s           f11, f23, f9        f11=xxxxxxxx f23:4344a531  f9:34000000
22782736ns          402911 1c008de6 a0b785d3 fle.s            x11, f15, f11       x11=00000000 f15:3cb83de8 f11:37c4a531
22782756ns          402912 1c008dea 06058863 beq              x11, x0, 112        x11:00000000
22782895ns          402919 1c008e5a fe868693 addi             x13, x13, -24       x13=10001f08 x13:10001f20
22782935ns          402921 1c008e5c fe830313 addi             x6, x6, -24          x6=10001ef0  x6:10001f08
22782955ns          402922 1c008e5e fe860613 addi             x12, x12, -24       x12=10001ef4 x12:10001f0c
22782995ns          402924 1c008e60 01d00433 add              x8, x0, x29          x8=00000001 x29:00000001
22783015ns          402925 1c008e62 00100593 addi             x11, x0, 1          x11=00000001
22783035ns          402926 1c008d76 00062783 lw               x15, 0(x12)         x15=c31875c8 x12:10001ef4  PA:10001ef4
22783054ns          402927 1c008d78 fff40e93 addi             x29, x8, -1         x29=00000000  x8:00000001
22783074ns          402928 1c008d7c a0e79553 flt.s            x10, f15, f14       x10=00000001 f15:c31875c8 f14:00000000
22783094ns          402929 1c008d80 00050363 beq              x10, x0, 6          x10:00000001
22783114ns          402930 1c008d82 20f797d3 fsgnjn.s         f15, f15, f15       f15=xxxxxxxx f15:c31875c8 f15:c31875c8
22783134ns          402931 1c008d86 1c0008b7 lui              x17, 0x1c000000     x17=1c000000
22783154ns          402932 1c008d8a 02088893 addi             x17, x17, 32        x17=1c000020 x17:1c000000
22783174ns          402933 1c008d8e 0008a883 lw               x17, 0(x17)         x17=0d200000 x17:1c000020  PA:1c000020
22783492ns          402949 1c008d92 a1178553 fle.s            x10, f15, f17       x10=00000000 f15:431875c8 f17:0d200000
22783512ns          402950 1c008d96 0c051763 bne              x10, x0, 206        x10:00000000
22783532ns          402951 1c008d98 00032883 lw               x17, 0(x6)          x17=43f92827  x6:10001ef0  PA:10001ef0
22783572ns          402953 1c008d9c a0e895d3 flt.s            x11, f17, f14       x11=00000000 f17:43f92827 f14:00000000
22783592ns          402954 1c008da0 01100bb3 add              x23, x0, x17        x23=43f92827 x17:43f92827
22783611ns          402955 1c008da2 00058363 beq              x11, x0, 6          x11:00000000
22783671ns          402958 1c008da8 0006a503 lw               x10, 0(x13)         x10=431b22fe x13:10001f08  PA:10001f08
22783711ns          402960 1c008daa a0e515d3 flt.s            x11, f10, f14       x11=00000000 f10:431b22fe f14:00000000
22783731ns          402961 1c008dae 00a00e33 add              x28, x0, x10        x28=431b22fe x10:431b22fe
22783751ns          402962 1c008db0 00058363 beq              x11, x0, 6          x11:00000000
22783830ns          402966 1c008db6 01cbfbd3 fadd.s           f23, f23, f28       f23=xxxxxxxx f23:43f92827 f28:431b22fe
22783850ns          402967 1c008dba a0eba5d3 feq.s            x11, f23, f14       x11=00000000 f23:44235cd3 f14:00000000
22783870ns          402968 1c008dbe 00058d63 beq              x11, x0, 26         x11:00000000
22783930ns          402971 1c008dd8 1c0004b7 lui              x9, 0x1c000000       x9=1c000000
22783950ns          402972 1c008ddc 02448493 addi             x9, x9, 36           x9=1c000024  x9:1c000000
22783969ns          402973 1c008de0 0004a483 lw               x9, 0(x9)            x9=34000000  x9:1c000024  PA:1c000024
22784308ns          402990 1c008de2 109bf5d3 fmul.s           f11, f23, f9        f11=xxxxxxxx f23:44235cd3  f9:34000000
22784327ns          402991 1c008de6 a0b785d3 fle.s            x11, f15, f11       x11=00000000 f15:431875c8 f11:38a35cd3
22784347ns          402992 1c008dea 06058863 beq              x11, x0, 112        x11:00000000
22784407ns          402995 1c008e5a fe868693 addi             x13, x13, -24       x13=10001ef0 x13:10001f08
22784427ns          402996 1c008e5c fe830313 addi             x6, x6, -24          x6=10001ed8  x6:10001ef0
22784447ns          402997 1c008e5e fe860613 addi             x12, x12, -24       x12=10001edc x12:10001ef4
22784467ns          402998 1c008e60 01d00433 add              x8, x0, x29          x8=00000000 x29:00000000
22784487ns          402999 1c008e62 00100593 addi             x11, x0, 1          x11=00000001
22784507ns          403000 1c008e64 01a007b3 add              x15, x0, x26        x15=3ec89d17 x26:3ec89d17
22784526ns          403001 1c008e66 00140e13 addi             x28, x8, 1          x28=00000001  x8:00000000
22784546ns          403002 1c008e6a 01c12e23 sw               x28, 28(x2)         x28:00000001  x2:10001df8  PA:10001e14
22784566ns          403003 1c008e6c 00805e63 bge              x0, x8, 28           x8:00000000
22784666ns          403008 1c008e88 01c12383 lw               x7, 28(x2)           x7=00000001  x2:10001df8  PA:10001e14
22784705ns          403010 1c008e8a 07b3cb63 blt              x7, x27, 118         x7:00000001 x27:00000002
22784845ns          403017 1c008f00 02412503 lw               x10, 36(x2)         x10=00000001  x2:10001df8  PA:10001e1c
22784884ns          403019 1c008f02 4ea52ae3 p.beqimm         x10, 3316           x10:00000001
22784904ns          403020 1c008f06 05412283 lw               x5, 84(x2)           x5=10001f0c  x2:10001df8  PA:10001e4c
22784924ns          403021 1c008f08 03012303 lw               x6, 48(x2)           x6=10001f20  x2:10001df8  PA:10001e28
22784944ns          403022 1c008f0a 01400713 addi             x14, x0, 20         x14=00000014
22784964ns          403023 1c008f0c 0002ab03 lw               x22, 0(x5)          x22=3cb83de8  x5:10001f0c  PA:10001f0c
22784984ns          403024 1c008f10 00032783 lw               x15, 0(x6)          x15=422608cb  x6:10001f20  PA:10001f20
22785024ns          403026 1c008f14 58e50de3 beq              x10, x14, 3482      x10:00000001 x14:00000014
22785044ns          403027 1c008f18 03412503 lw               x10, 52(x2)         x10=10001f08  x2:10001df8  PA:10001e2c
22785063ns          403028 1c008f1a 05812c03 lw               x24, 88(x2)         x24=10001f1c  x2:10001df8  PA:10001e50
22785083ns          403029 1c008f1c 00052b83 lw               x23, 0(x10)         x23=431b22fe x10:10001f08  PA:10001f08
22785123ns          403031 1c008f20 000c2903 lw               x18, 0(x24)         x18=3cb84469 x24:10001f1c  PA:10001f1c
22785163ns          403033 1c008f24 00000713 addi             x14, x0, 0          x14=00000000
22785183ns          403034 1c008f28 a0eb9753 flt.s            x14, f23, f14       x14=00000000 f23:431b22fe f14:00000000
22785203ns          403035 1c008f2c 4a0711e3 bne              x14, x0, 3234       x14:00000000
22785262ns          403038 1c008f30 01700733 add              x14, x0, x23        x14=431b22fe x23:431b22fe
22785302ns          403040 1c008f32 00000693 addi             x13, x0, 0          x13=00000000
22785322ns          403041 1c008f36 a0d916d3 flt.s            x13, f18, f13       x13=00000000 f18:3cb84469 f13:00000000
22785342ns          403042 1c008f3a 01200633 add              x12, x0, x18        x12=3cb84469 x18:3cb84469
22785362ns          403043 1c008f3c 00068363 beq              x13, x0, 6          x13:00000000
22785461ns          403048 1c008f42 00000693 addi             x13, x0, 0          x13=00000000
22785481ns          403049 1c008f46 a0db16d3 flt.s            x13, f22, f13       x13=00000000 f22:3cb83de8 f13:00000000
22785501ns          403050 1c008f4a 00c77753 fadd.s           f14, f14, f12       f14=xxxxxxxx f14:431b22fe f12:3cb84469
22785521ns          403051 1c008f4e 01600633 add              x12, x0, x22        x12=3cb83de8 x22:3cb83de8
22785561ns          403053 1c008f50 00068363 beq              x13, x0, 6          x13:00000000
22785640ns          403057 1c008f56 00000693 addi             x13, x0, 0          x13=00000000
22785660ns          403058 1c008f5a a0d796d3 flt.s            x13, f15, f13       x13=00000000 f15:422608cb f13:00000000
22785720ns          403061 1c008f5e 00c77753 fadd.s           f14, f14, f12       f14=xxxxxxxx f14:431b28c0 f12:3cb83de8
22785760ns          403063 1c008f62 460692e3 bne              x13, x0, 3172       x13:00000000
22785780ns          403064 1c008f66 00f006b3 add              x13, x0, x15        x13=422608cb x15:422608cb
22785799ns          403065 1c008f68 00d77c53 fadd.s           f24, f14, f13       f24=xxxxxxxx f14:431b2e82 f13:422608cb
22785819ns          403066 1c008f6c 00000613 addi             x12, x0, 0          x12=00000000
22785859ns          403068 1c008f70 a0cc2753 feq.s            x14, f24, f12       x14=00000000 f24:4344b0b5 f12:00000000
22785899ns          403070 1c008f74 42071be3 bne              x14, x0, 3126       x14:00000000
22785919ns          403071 1c008f78 1c000737 lui              x14, 0x1c000000     x14=1c000000
22785939ns          403072 1c008f7c 04c72703 lw               x14, 76(x14)        x14=3f800000 x14:1c000000  PA:1c00004c
22786277ns          403089 1c008f80 19877753 fdiv.s           f14, f14, f24       f14=xxxxxxxx f14:3f800000 f24:4344b0b5
22786555ns          403103 1c008f84 10f777d3 fmul.s           f15, f14, f15       f15=xxxxxxxx f14:3ba698d2 f15:422608cb
22786575ns          403104 1c008f88 1c0006b7 lui              x13, 0x1c000000     x13=1c000000
22786595ns          403105 1c008f8c 0406a683 lw               x13, 64(x13)        x13=3f000000 x13:1c000000  PA:1c000040
22786933ns          403122 1c008f90 79777543 fmadd.s          f10, f14, f23, f15  f10=xxxxxxxx f14:3ba698d2 f23:431b22fe f15:3e5819a2
22786953ns          403123 1c008f94 116775d3 fmul.s           f11, f14, f22       f11=xxxxxxxx f14:3ba698d2 f22:3cb83de8
22786973ns          403124 1c008f98 10e97953 fmul.s           f18, f18, f14       f18=xxxxxxxx f18:3cb84469 f14:3ba698d2
22786993ns          403125 1c008f9c 10d576d3 fmul.s           f13, f10, f13       f13=xxxxxxxx f10:3f7ff102 f13:3f000000
22787013ns          403126 1c008fa0 1125f5d3 fmul.s           f11, f11, f18       f11=xxxxxxxx f11:38efcc41 f18:38efd4b8
22787033ns          403127 1c008fa4 69777747 fmsub.s          f14, f14, f23, f13  f14=xxxxxxxx f14:3ba698d2 f23:431b22fe f13:3efff102
22787053ns          403128 1c008fa8 08d7fbd3 fsub.s           f23, f15, f13       f23=xxxxxxxx f15:3e5819a2 f13:3efff102
22787072ns          403129 1c008fac 59777bc7 fmsub.s          f23, f14, f23, f11  f23=xxxxxxxx f14:3e93e431 f23:be93e431 f11:3260a6f2
22787112ns          403131 1c008fb0 a0cb9653 flt.s            x12, f23, f12       x12=00000001 f23:bdaadfb9 f12:00000000
22787152ns          403133 1c008fb4 01700b33 add              x22, x0, x23        x22=bdaadfb9 x23:bdaadfb9
22787172ns          403134 1c008fb6 00060363 beq              x12, x0, 6          x12:00000001
22787192ns          403135 1c008fb8 217b9b53 fsgnjn.s         f22, f23, f23       f22=xxxxxxxx f23:bdaadfb9 f23:bdaadfb9
22787212ns          403136 1c008fbc 00000713 addi             x14, x0, 0          x14=00000000
22787251ns          403138 1c008fc0 a1770653 fle.s            x12, f14, f23       x12=00000000 f14:00000000 f23:bdaadfb9
22787291ns          403140 1c008fc4 580b7b53 fsqrt.s          f22, f22            f22=xxxxxxxx f22:3daadfb9
22787570ns          403154 1c008fc8 500609e3 beq              x12, x0, 3346       x12:00000000
22787848ns          403168 1c009cda 0166f5d3 fadd.s           f11, f13, f22       f11=xxxxxxxx f13:3efff102 f22:3e93e432
22787868ns          403169 1c009cde 0966f6d3 fsub.s           f13, f13, f22       f13=xxxxxxxx f13:3efff102 f22:3e93e432
22787888ns          403170 1c009ce2 08f5f653 fsub.s           f12, f11, f15       f12=xxxxxxxx f11:3f49ea9a f15:3e5819a2
22787908ns          403171 1c009ce6 a0e61753 flt.s            x14, f12, f14       x14=00000000 f12:3f13e432 f14:00000000
22787928ns          403172 1c009cea 00070363 beq              x14, x0, 6          x14:00000000
22788027ns          403177 1c009cf0 08f6f7d3 fsub.s           f15, f13, f15       f15=xxxxxxxx f13:3e5819a0 f15:3e5819a2
22788047ns          403178 1c009cf4 00000713 addi             x14, x0, 0          x14=00000000
22788067ns          403179 1c009cf8 a0e79753 flt.s            x14, f15, f14       x14=00000001 f15:b3000000 f14:00000000
22788087ns          403180 1c009cfc 00070363 beq              x14, x0, 6          x14:00000001
22788147ns          403183 1c009cfe 20f797d3 fsgnjn.s         f15, f15, f15       f15=xxxxxxxx f15:b3000000 f15:b3000000
22788186ns          403185 1c009d02 a0f607d3 fle.s            x15, f12, f15       x15=00000000 f12:3f13e432 f15:33000000
22788206ns          403186 1c009d06 02078c63 beq              x15, x0, 56         x15:00000000
22788823ns          403217 1c009d3e 10dc7cd3 fmul.s           f25, f24, f13       f25=xxxxxxxx f24:4344b0b5 f13:3e5819a0
22788843ns          403218 1c009d42 fcbff06f jal              x0, -54            
22788882ns          403220 1c009d0c 00000a93 addi             x21, x0, 0          x21=00000000
22788902ns          403221 1c009d10 01500d33 add              x26, x0, x21        x26=00000000 x21:00000000
22788922ns          403222 1c009d12 ac6ff06f jal              x0, -3386          
22789002ns          403226 1c008fd8 02c12e03 lw               x28, 44(x2)         x28=00000001  x2:10001df8  PA:10001e24
22789042ns          403228 1c008fda 3dc45fe3 bge              x8, x28, 3038        x8:00000000 x28:00000001
22789101ns          403231 1c008fde 00000793 addi             x15, x0, 0          x15=00000000
22789141ns          403233 1c008fe2 a0fa97d3 flt.s            x15, f21, f15       x15=00000000 f21:00000000 f15:00000000
22789161ns          403234 1c008fe6 3c078ce3 beq              x15, x0, 3032       x15:00000000
22789320ns          403242 1c009bbe 01500f33 add              x30, x0, x21        x30=00000000 x21:00000000
22789400ns          403246 1c009bc0 01c00eb3 add              x29, x0, x28        x29=00000001 x28:00000001
22789439ns          403248 1c009bc2 c2eff06f jal              x0, -3026          
22789479ns          403250 1c008ff0 1c000737 lui              x14, 0x1c000000     x14=1c000000
22789499ns          403251 1c008ff4 fffe8793 addi             x15, x29, -1        x15=00000000 x29:00000001
22789519ns          403252 1c008ff8 1c000337 lui              x6, 0x1c000000       x6=1c000000
22789539ns          403253 1c008ffc 01d00a33 add              x20, x0, x29        x20=00000001 x29:00000001
22789559ns          403254 1c008ffe 04c12883 lw               x17, 76(x2)         x17=10001f04  x2:10001df8  PA:10001e44
22789599ns          403256 1c009000 04812803 lw               x16, 72(x2)         x16=10001ed8  x2:10001df8  PA:10001e40
22789638ns          403258 1c009002 00000513 addi             x10, x0, 0          x10=00000000
22789658ns          403259 1c009006 04c72f83 lw               x31, 76(x14)        x31=3f800000 x14:1c000000  PA:1c00004c
22789957ns          403274 1c00900a 02432283 lw               x5, 36(x6)           x5=34000000  x6:1c000000  PA:1c000024
22790255ns          403289 1c00900e 408e8eb3 sub              x29, x29, x8        x29=00000001 x29:00000001  x8:00000000
22790275ns          403290 1c009012 5287cce3 blt              x15, x8, 3384       x15:00000000  x8:00000000
22790295ns          403291 1c009016 800007b7 lui              x15, 0x80000000     x15=80000000
22790315ns          403292 1c00901a fff7c793 xori             x15, x15, -1        x15=7fffffff x15:80000000
22790374ns          403295 1c00901e 52f406e3 beq              x8, x15, 3372        x8:00000000 x15:7fffffff
22790414ns          403297 1c009022 08fec0fb lp.setup         0x1, x29, 0x8f      x29:00000001
22790434ns          403298 1c009026 01882583 lw               x11, 24(x16)        x11=43f92827 x16:10001ed8  PA:10001ef0
22790454ns          403299 1c00902a fffa0613 addi             x12, x20, -1        x12=00000000 x20:00000001
22790514ns          403302 1c00902e 0995f353 fsub.s           f6, f11, f25         f6=xxxxxxxx f11:43f92827 f25:422608c9
22790553ns          403304 1c009032 a0a317d3 flt.s            x15, f6, f10        x15=00000000  f6:43e4670e f10:00000000
22790573ns          403305 1c009036 00600733 add              x14, x0, x6         x14=43e4670e  x6:43e4670e
22790593ns          403306 1c009038 00078363 beq              x15, x0, 6          x15:00000000
22790712ns          403312 1c00903e 01c82683 lw               x13, 28(x16)        x13=c31875c8 x16:10001ed8  PA:10001ef4
22790732ns          403313 1c009042 00ef7753 fadd.s           f14, f30, f14       f14=xxxxxxxx f30:00000000 f14:43e4670e
22790752ns          403314 1c009046 a0a697d3 flt.s            x15, f13, f10       x15=00000001 f13:c31875c8 f10:00000000
22790772ns          403315 1c00904a 22079fe3 bne              x15, x0, 2622       x15:00000001
22790911ns          403322 1c009a88 20d697d3 fsgnjn.s         f15, f13, f13       f15=xxxxxxxx f13:c31875c8 f13:c31875c8
22790951ns          403324 1c009a8c dc4ff06f jal              x0, -2620          
22791051ns          403329 1c009050 00f77753 fadd.s           f14, f14, f15       f14=xxxxxxxx f14:43e4670e f15:431875c8
22791070ns          403330 1c009054 18eff753 fdiv.s           f14, f31, f14       f14=xxxxxxxx f31:3f800000 f14:441850f9
22792145ns          403384 1c009058 10e37e53 fmul.s           f28, f6, f14        f28=xxxxxxxx  f6:43e4670e f14:3ad7219b
22792164ns          403385 1c00905c 10e6f3d3 fmul.s           f7, f13, f14         f7=xxxxxxxx f13:c31875c8 f14:3ad7219b
22792184ns          403386 1c009060 0008a783 lw               x15, 0(x17)         x15=c31875c9 x17:10001f04  PA:10001f04
22792204ns          403387 1c009064 106e7353 fmul.s           f6, f28, f6          f6=xxxxxxxx f28:3f3ff088  f6:43e4670e
22792224ns          403388 1c009068 0048ae03 lw               x28, 4(x17)         x28=431b22fe x17:10001f04  PA:10001f08
22792244ns          403389 1c00906c 11577753 fmul.s           f14, f14, f21       f14=xxxxxxxx f14:3ad7219b f21:00000000
22792284ns          403391 1c009070 30f3f7c3 fmadd.s          f15, f7, f15, f6    f15=xxxxxxxx  f7:be801eee f15:c31875c9  f6:43ab3f7d
22792324ns          403393 1c009074 01c5f6d3 fadd.s           f13, f11, f28       f13=xxxxxxxx f11:43f92827 f28:431b22fe
22792343ns          403394 1c009078 0088a303 lw               x6, 8(x17)           x6=3cb83de8 x17:10001f04  PA:10001f0c
22792363ns          403395 1c00907c 79a777cb fnmsub.s         f15, f14, f26, f15  f15=xxxxxxxx f14:00000000 f26:00000000 f15:43be52d1
22792423ns          403398 1c009080 0996f6d3 fsub.s           f13, f13, f25       f13=xxxxxxxx f13:44235cd3 f25:422608c9
22792463ns          403400 1c009084 1063f353 fmul.s           f6, f7, f6           f6=xxxxxxxx  f7:be801eee  f6:3cb83de8
22792483ns          403401 1c009088 a0a79753 flt.s            x14, f15, f10       x14=00000000 f15:43be52d1 f10:00000000
22792503ns          403402 1c00908c 0996f6d3 fsub.s           f13, f13, f25       f13=xxxxxxxx f13:4418fc46 f25:422608c9
22792562ns          403405 1c009090 1076f6d3 fmul.s           f13, f13, f7        f13=xxxxxxxx f13:440e9bb9  f7:be801eee
22792602ns          403407 1c009094 00f003b3 add              x7, x0, x15          x7=43be52d1 x15:43be52d1
22792622ns          403408 1c009096 00070363 beq              x14, x0, 6          x14:00000000
22792741ns          403414 1c00909c a0a69753 flt.s            x14, f13, f10       x14=00000001 f13:c30ebe2f f10:00000000
22792761ns          403415 1c0090a0 00d00c33 add              x24, x0, x13        x24=c30ebe2f x13:c30ebe2f
22792781ns          403416 1c0090a2 00070363 beq              x14, x0, 6          x14:00000001
22792801ns          403417 1c0090a4 20d69c53 fsgnjn.s         f24, f13, f13       f24=xxxxxxxx f13:c30ebe2f f13:c30ebe2f
22792821ns          403418 1c0090a8 a0a31753 flt.s            x14, f6, f10        x14=00000001  f6:bbb86a6d f10:00000000
22792841ns          403419 1c0090ac 007c7c53 fadd.s           f24, f24, f7        f24=xxxxxxxx f24:430ebe2f  f7:43be52d1
22792881ns          403421 1c0090b0 1a071ae3 bne              x14, x0, 2484       x14:00000001
22792980ns          403426 1c009a64 20631753 fsgnjn.s         f14, f6, f6         f14=xxxxxxxx  f6:bbb86a6d  f6:bbb86a6d
22793020ns          403428 1c009a68 00ec7c53 fadd.s           f24, f24, f14       f24=xxxxxxxx f24:4402d8f4 f14:3bb86a6d
22793040ns          403429 1c009a6c 1187fbd3 fmul.s           f23, f15, f24       f23=xxxxxxxx f15:43be52d1 f24:4402d950
22793099ns          403432 1c009a70 1186fb53 fmul.s           f22, f13, f24       f22=xxxxxxxx f13:c30ebe2f f24:4402d950
22793139ns          403434 1c009a74 11837953 fmul.s           f18, f6, f24        f18=xxxxxxxx  f6:bbb86a6d f24:4402d950
22793159ns          403435 1c009a78 e4861963 bne              x12, x8, -2478      x12:00000000  x8:00000000
22793179ns          403436 1c009a7c 09212623 sw               x18, 140(x2)        x18:c03c852e  x2:10001df8  PA:10001e84
22793199ns          403437 1c009a7e 09712223 sw               x23, 132(x2)        x23:48428f3c  x2:10001df8  PA:10001e7c
22793239ns          403439 1c009a80 09612423 sw               x22, 136(x2)        x22:c791eb7f  x2:10001df8  PA:10001e80
22793258ns          403440 1c009a82 01c12a03 lw               x20, 28(x2)         x20=00000001  x2:10001df8  PA:10001e14
22793278ns          403441 1c009a84 ecaff06f jal              x0, -2358          
22793437ns          403449 1c00914e 002a1813 slli             x16, x20, 0x2       x16=00000004 x20:00000001
22793477ns          403451 1c009152 400006b7 lui              x13, 0x40000000     x13=40000000
22793497ns          403452 1c009156 01812383 lw               x7, 24(x2)           x7=10001ef0  x2:10001df8  PA:10001e10
22793517ns          403453 1c009158 014807b3 add              x15, x16, x20       x15=00000005 x16:00000004 x20:00000001
22793537ns          403454 1c00915c ff568693 addi             x13, x13, -11       x13=3ffffff5 x13:40000000
22793557ns          403455 1c00915e 00f008b3 add              x17, x0, x15        x17=00000005 x15:00000005
22793577ns          403456 1c009160 014686b3 add              x13, x13, x20       x13=3ffffff6 x13:3ffffff5 x20:00000001
22793597ns          403457 1c009162 00279793 slli             x15, x15, 0x2       x15=00000014 x15:00000005
22793616ns          403458 1c009164 011686b3 add              x13, x13, x17       x13=3ffffffb x13:3ffffff6 x17:00000005
22793636ns          403459 1c009166 06038513 addi             x10, x7, 96         x10=10001f50  x7:10001ef0
22793656ns          403460 1c00916a 05012483 lw               x9, 80(x2)           x9=10001f54  x2:10001df8  PA:10001e48
22793676ns          403461 1c00916c fec78613 addi             x12, x15, -20       x12=00000000 x15:00000014
22793716ns          403463 1c009170 00269693 slli             x13, x13, 0x2       x13=ffffffec x13:3ffffffb
22793736ns          403464 1c009172 01050533 add              x10, x10, x16       x10=10001f54 x10:10001f50 x16:00000004
22793756ns          403465 1c009174 014005b3 add              x11, x0, x20        x11=00000001 x20:00000001
22793776ns          403466 1c009176 00f48733 add              x14, x9, x15        x14=10001f68  x9:10001f54 x15:00000014
22793795ns          403467 1c00917a 05812023 sw               x24, 64(x2)         x24:4402d950  x2:10001df8  PA:10001e38
22793815ns          403468 1c00917c 05912223 sw               x25, 68(x2)         x25:422608c9  x2:10001df8  PA:10001e3c
22793835ns          403469 1c00917e 007787b3 add              x15, x15, x7        x15=10001f04 x15:00000014  x7:10001ef0
22793855ns          403470 1c009180 01400cb3 add              x25, x0, x20        x25=00000001 x20:00000001
22793875ns          403471 1c009182 007686b3 add              x13, x13, x7        x13=10001edc x13:ffffffec  x7:10001ef0
22793895ns          403472 1c009184 00c38fb3 add              x31, x7, x12        x31=10001ef0  x7:10001ef0 x12:00000000
22793915ns          403473 1c009188 01100c33 add              x24, x0, x17        x24=00000005 x17:00000005
22793935ns          403474 1c00918a 00a00a33 add              x20, x0, x10        x20=10001f54 x10:10001f54
22793955ns          403475 1c00918c 0bb587e3 beq              x11, x27, 2222      x11:00000001 x27:00000002
22793994ns          403477 1c009190 16bccbe3 blt              x25, x11, 2422      x25:00000001 x11:00000001
22794034ns          403479 1c009194 08412503 lw               x10, 132(x2)        x10=48428f3c  x2:10001df8  PA:10001e7c
22794054ns          403480 1c009196 08812803 lw               x16, 136(x2)        x16=c791eb7f  x2:10001df8  PA:10001e80
22794094ns          403482 1c009198 00000613 addi             x12, x0, 0          x12=00000000
22794114ns          403483 1c00919c a0c81653 flt.s            x12, f16, f12       x12=00000001 f16:c791eb7f f12:00000000
22794134ns          403484 1c0091a0 00060363 beq              x12, x0, 6          x12:00000001
22794173ns          403486 1c0091a2 21081853 fsgnjn.s         f16, f16, f16       f16=xxxxxxxx f16:c791eb7f f16:c791eb7f
22794193ns          403487 1c0091a6 1c000e37 lui              x28, 0x1c000000     x28=1c000000
22794213ns          403488 1c0091aa 01ce0e13 addi             x28, x28, 28        x28=1c00001c x28:1c000000
22794273ns          403491 1c0091ae 000e2e03 lw               x28, 0(x28)         x28=00800000 x28:1c00001c  PA:1c00001c
22794631ns          403509 1c0091b2 a10e1653 flt.s            x12, f28, f16       x12=00000001 f28:00800000 f16:4791eb7f
22794651ns          403510 1c0091b6 10061be3 bne              x12, x0, 2326       x12:00000001
22794810ns          403518 1c009acc 1c000337 lui              x6, 0x1c000000       x6=1c000000
22794889ns          403522 1c009ad0 01c30313 addi             x6, x6, 28           x6=1c00001c  x6:1c000000
22794929ns          403524 1c009ad4 00000893 addi             x17, x0, 0          x17=00000000
22794949ns          403525 1c009ad8 1c0003b7 lui              x7, 0x1c000000       x7=1c000000
22794969ns          403526 1c009adc 00032303 lw               x6, 0(x6)            x6=00800000  x6:1c00001c  PA:1c00001c
22795307ns          403543 1c009ae0 04c38393 addi             x7, x7, 76           x7=1c00004c  x7:1c000000
22795327ns          403544 1c009ae4 19037653 fdiv.s           f12, f6, f16        f12=xxxxxxxx  f6:00800000 f16:4791eb7f
22795606ns          403558 1c009ae8 111678d3 fmul.s           f17, f12, f17       f17=xxxxxxxx f12:00000070 f17:00000000
22795625ns          403559 1c009aec 0003a383 lw               x7, 0(x7)            x7=3f800000  x7:1c00004c  PA:1c00004c
22796043ns          403580 1c009af0 38c8f8c3 fmadd.s          f17, f17, f12, f7   f17=xxxxxxxx f17:00000000 f12:00000070  f7:3f800000
22796063ns          403581 1c009af4 ed4ff06f jal              x0, -2348          
22796103ns          403583 1c0091c8 08c12603 lw               x12, 140(x2)        x12=c03c852e  x2:10001df8  PA:10001e84
22796123ns          403584 1c0091ca 00000313 addi             x6, x0, 0            x6=00000000
22796182ns          403587 1c0091ce a0661353 flt.s            x6, f12, f6          x6=00000001 f12:c03c852e  f6:00000000
22796222ns          403589 1c0091d2 00030463 beq              x6, x0, 8            x6:00000001
22796242ns          403590 1c0091d6 20c61653 fsgnjn.s         f12, f12, f12       f12=xxxxxxxx f12:c03c852e f12:c03c852e
22796262ns          403591 1c0091da a0c81353 flt.s            x6, f16, f12         x6=00000000 f16:4791eb7f f12:403c852e
22796322ns          403594 1c0091de 10030de3 beq              x6, x0, 2330         x6:00000000
22796381ns          403597 1c009af8 19067653 fdiv.s           f12, f12, f16       f12=xxxxxxxx f12:403c852e f16:4791eb7f
22796660ns          403611 1c009afc 88c678c3 fmadd.s          f17, f12, f12, f17  f17=xxxxxxxx f12:38255e65 f12:38255e65 f17:3f800000
22796680ns          403612 1c009b00 01000633 add              x12, x0, x16        x12=4791eb7f x16:4791eb7f
22796700ns          403613 1c009b02 ef8ff06f jal              x0, -2312          
22796819ns          403619 1c0091fa 5808f853 fsqrt.s          f16, f17            f16=xxxxxxxx f17:3f800000
22797097ns          403633 1c0091fe 10c87653 fmul.s           f12, f16, f12       f12=xxxxxxxx f16:3f800000 f12:4791eb7f
22797117ns          403634 1c009202 00300893 addi             x17, x0, 3          x17=00000003
22797137ns          403635 1c009204 00200e93 addi             x29, x0, 2          x29=00000002
22797157ns          403636 1c009206 00000813 addi             x16, x0, 0          x16=00000000
22797177ns          403637 1c00920a a1062353 feq.s            x6, f12, f16         x6=00000000 f12:4791eb7f f16:00000000
22797237ns          403640 1c00920e 040318e3 bne              x6, x0, 2128         x6:00000000
22797276ns          403642 1c009212 a1051853 flt.s            x16, f10, f16       x16=00000000 f10:48428f3c f16:00000000
22797296ns          403643 1c009216 180812e3 bne              x16, x0, 2436       x16:00000000
22797316ns          403644 1c00921a 00a00833 add              x16, x0, x10        x16=48428f3c x10:48428f3c
22797336ns          403645 1c00921c 00000313 addi             x6, x0, 0            x6=00000000
22797376ns          403647 1c009220 a0661353 flt.s            x6, f12, f6          x6=00000000 f12:4791eb7f  f6:00000000
22797416ns          403649 1c009224 00030463 beq              x6, x0, 8            x6:00000000
22797475ns          403652 1c00922c a0c81353 flt.s            x6, f16, f12         x6=00000000 f16:48428f3c f12:4791eb7f
22797535ns          403655 1c009230 12031ce3 bne              x6, x0, 2360         x6:00000000
22797575ns          403657 1c009234 a1061353 flt.s            x6, f12, f16         x6=00000001 f12:4791eb7f f16:48428f3c
22797595ns          403658 1c009238 18031fe3 bne              x6, x0, 2462         x6:00000001
22797794ns          403668 1c009bd6 1c000337 lui              x6, 0x1c000000       x6=1c000000
22797813ns          403669 1c009bda 04c30313 addi             x6, x6, 76           x6=1c00004c  x6:1c000000
22797873ns          403672 1c009bde 00032303 lw               x6, 0(x6)            x6=3f800000  x6:1c00004c  PA:1c00004c
22798211ns          403689 1c009be2 19067653 fdiv.s           f12, f12, f16       f12=xxxxxxxx f12:4791eb7f f16:48428f3c
22798490ns          403703 1c009be6 30c67643 fmadd.s          f12, f12, f12, f6   f12=xxxxxxxx f12:3ec00018 f12:3ec00018  f6:3f800000
22798510ns          403704 1c009bea 58067653 fsqrt.s          f12, f12            f12=xxxxxxxx f12:3f920005
22799047ns          403731 1c009bee 10c87653 fmul.s           f12, f16, f12       f12=xxxxxxxx f16:48428f3c f12:3f88b440
22799067ns          403732 1c009bf2 e62ff06f jal              x0, -2462          
22799146ns          403736 1c009254 00000813 addi             x16, x0, 0          x16=00000000
22799186ns          403738 1c009258 a0a80853 fle.s            x16, f16, f10       x16=00000001 f16:00000000 f10:48428f3c
22799206ns          403739 1c00925c 00080463 beq              x16, x0, 8          x16:00000001
22799265ns          403742 1c009260 20c61653 fsgnjn.s         f12, f12, f12       f12=xxxxxxxx f12:484fca2a f12:484fca2a
22799305ns          403744 1c009264 00000813 addi             x16, x0, 0          x16=00000000
22799325ns          403745 1c009268 a1061853 flt.s            x16, f12, f16       x16=00000001 f12:c84fca2a f16:00000000
22799345ns          403746 1c00926c 12081be3 bne              x16, x0, 2358       x16:00000001
22799524ns          403755 1c009ba2 20c61853 fsgnjn.s         f16, f12, f12       f16=xxxxxxxx f12:c84fca2a f12:c84fca2a
22799544ns          403756 1c009ba6 eccff06f jal              x0, -2356          
22799604ns          403759 1c009272 1c0004b7 lui              x9, 0x1c000000       x9=1c000000
22799623ns          403760 1c009276 03048493 addi             x9, x9, 48           x9=1c000030  x9:1c000000
22799643ns          403761 1c00927a 0004a483 lw               x9, 0(x9)            x9=0c000000  x9:1c000030  PA:1c000030
22799962ns          403777 1c00927c a0981853 flt.s            x16, f16, f9        x16=00000000 f16:484fca2a  f9:0c000000
22799982ns          403778 1c009280 0a080ce3 beq              x16, x0, 2232       x16:00000000
22800081ns          403783 1c009b38 1c000337 lui              x6, 0x1c000000       x6=1c000000
22800121ns          403785 1c009b3c 04c32803 lw               x16, 76(x6)         x16=3f800000  x6:1c000000  PA:1c00004c
22800538ns          403806 1c009b40 08c57353 fsub.s           f6, f10, f12         f6=xxxxxxxx f10:48428f3c f12:c84fca2a
22800558ns          403807 1c009b44 18687853 fdiv.s           f16, f16, f6        f16=xxxxxxxx f16:3f800000  f6:48c92cb3  PA:10001e80
22800578ns          403808 1c009b48 08812303 lw               x6, 136(x2)          x6=xxxxxxxx  x2:10001df8
22800598ns          403809 1c009b4a 08a679d3 fsub.s           f19, f12, f10       f19=xxxxxxxx f12:c84fca2a f10:48428f3c
22800877ns          403823 1c009b4e 11037353 fmul.s           f6, f6, f16          f6=xxxxxxxx  f6:c791eb7f f16:3622e225
22800896ns          403824 1c009b52 18c9f9d3 fdiv.s           f19, f19, f12       f19=xxxxxxxx f19:c8c92cb3 f12:c84fca2a  PA:10001e80
22801135ns          403836 1c009b56 08612423 sw               x6, 136(x2)          x6:be39afdb  x2:10001df8
22801155ns          403837 1c009b58 0038b663 p.bneimm         x17, 12             x17:00000003  PA:10001e84
22801175ns          403838 1c009b5c 08c12503 lw               x10, 140(x2)        x10=xxxxxxxx  x2:10001df8
22801215ns          403840 1c009b5e 11057853 fmul.s           f16, f10, f16       f16=xxxxxxxx f10:c03c852e f16:3622e225
22801414ns          403850 1c009b62 09012623 sw               x16, 140(x2)        x16:b6efe5a0  x2:10001df8  PA:10001e84
22801434ns          403851 1c009b64 00c00533 add              x10, x0, x12        x10=c84fca2a x12:c84fca2a
22801453ns          403852 1c009b66 87fff06f jal              x0, -1922          
22801533ns          403856 1c0093e4 08a12223 sw               x10, 132(x2)        x10:c84fca2a  x2:10001df8  PA:10001e7c
22801573ns          403858 1c0093e6 4cbcd763 bge              x25, x11, 1230      x25:00000001 x11:00000001
22801732ns          403866 1c0098b4 01c12383 lw               x7, 28(x2)           x7=00000001  x2:10001df8  PA:10001e14
22801772ns          403868 1c0098b6 b593d1e3 bge              x7, x25, -1214       x7:00000001 x25:00000001
22801911ns          403875 1c0093f8 08812b83 lw               x23, 136(x2)        x23=be39afdb  x2:10001df8  PA:10001e80
22801951ns          403877 1c0093fa 1179fb53 fmul.s           f22, f19, f23       f22=xxxxxxxx f19:3ff7d9a0 f23:be39afdb
22801990ns          403879 1c0093fe 4c38bd63 p.bneimm         x17, 1242           x17:00000003
22802030ns          403881 1c009402 01468313 addi             x6, x13, 20          x6=10001ef0 x13:10001edc
22802050ns          403882 1c009406 406a08b3 sub              x17, x20, x6        x17=00000064 x20:10001f54  x6:10001ef0
22802070ns          403883 1c00940a 08c12d03 lw               x26, 140(x2)        x26=b6efe5a0  x2:10001df8  PA:10001e84
22802090ns          403884 1c00940c fec88893 addi             x17, x17, -20       x17=00000050 x17:00000064
22802130ns          403886 1c00940e 0cccd637 lui              x12, 0xcccd000      x12=0cccd000
22802169ns          403888 1c009412 0028d893 srli             x17, x17, 0x2       x17=00000014 x17:00000050
22802189ns          403889 1c009416 ccd60613 addi             x12, x12, -819      x12=0ccccccd x12:0cccd000
22802209ns          403890 1c00941a 02c888b3 mul              x17, x17, x12       x17=00000004 x17:00000014 x12:0ccccccd
22802269ns          403893 1c00941e 113d7ad3 fmul.s           f21, f26, f19       f21=xxxxxxxx f26:b6efe5a0 f19:3ff7d9a0
22802289ns          403894 1c009422 01868693 addi             x13, x13, 24        x13=10001ef4 x13:10001edc
22802309ns          403895 1c009424 c3e8b8b3 p.bclr           x17, x17, 1, 30     x17=00000004 x17:00000004
22802329ns          403896 1c009428 02d12423 sw               x13, 40(x2)         x13:10001ef4  x2:10001df8  PA:10001e20
22802349ns          403897 1c00942a 00d00533 add              x10, x0, x13        x10=10001ef4 x13:10001ef4
22802368ns          403898 1c00942c 00188893 addi             x17, x17, 1         x17=00000005 x17:00000004
22802428ns          403901 1c00942e 0168c0fb lp.setup         0x1, x17, 0x16      x17:00000005
22802448ns          403902 1c009432 00052603 lw               x12, 0(x10)         x12=c31875c8 x10:10001ef4  PA:10001ef4
22802468ns          403903 1c009434 00032803 lw               x16, 0(x6)          x16=43f92827  x6:10001ef0  PA:10001ef0
22802488ns          403904 1c009438 00452e03 lw               x28, 4(x10)         x28=00000000 x10:10001ef4  PA:10001ef8
22802508ns          403905 1c00943c 817676c3 fmadd.s          f13, f12, f23, f16  f13=xxxxxxxx f12:c31875c8 f23:be39afdb f16:43f92827
22802567ns          403908 1c009440 01450513 addi             x10, x10, 20        x10=10001f08 x10:10001ef4
22802607ns          403910 1c009442 69cd76c3 fmadd.s          f13, f26, f28, f13  f13=xxxxxxxx f26:b6efe5a0 f28:00000000 f13:44037d71
22802627ns          403911 1c009446 8136f84b fnmsub.s         f16, f13, f19, f16  f16=xxxxxxxx f13:44037d71 f19:3ff7d9a0 f16:43f92827
22802647ns          403912 1c00944a 6166f64b fnmsub.s         f12, f13, f22, f12  f12=xxxxxxxx f13:44037d71 f22:beb3c686 f12:c31875c8
22802707ns          403915 1c00944e e0daf6cb fnmsub.s         f13, f21, f13, f28  f13=xxxxxxxx f21:b768427d f13:44037d71 f28:00000000
22802746ns          403917 1c009452 01032a2b p.sw             x16, 20(x6!)         x6=10001f04 x16:c402078c  x6:10001ef0  PA:10001ef0
22802766ns          403918 1c009456 fec52623 sw               x12, -20(x10)       x12:4200de4f x10:10001f08  PA:10001ef4
22802786ns          403919 1c00945a fed52823 sw               x13, -16(x10)       x13:3bee97aa x10:10001f08  PA:10001ef8
22802806ns          403920 1c009432 00052603 lw               x12, 0(x10)         x12=431b22fe x10:10001f08  PA:10001f08
22802826ns          403921 1c009434 00032803 lw               x16, 0(x6)          x16=c31875c9  x6:10001f04  PA:10001f04
22802846ns          403922 1c009438 00452e03 lw               x28, 4(x10)         x28=3cb83de8 x10:10001f08  PA:10001f0c
22802866ns          403923 1c00943c 817676c3 fmadd.s          f13, f12, f23, f16  f13=xxxxxxxx f12:431b22fe f23:be39afdb f16:c31875c9
22802886ns          403924 1c009440 01450513 addi             x10, x10, 20        x10=10001f1c x10:10001f08
22802905ns          403925 1c009442 69cd76c3 fmadd.s          f13, f26, f28, f13  f13=xxxxxxxx f26:b6efe5a0 f28:3cb83de8 f13:c3349780
22802925ns          403926 1c009446 8136f84b fnmsub.s         f16, f13, f19, f16  f16=xxxxxxxx f13:c3349780 f19:3ff7d9a0 f16:c31875c9
22802945ns          403927 1c00944a 6166f64b fnmsub.s         f12, f13, f22, f12  f12=xxxxxxxx f13:c3349780 f22:beb3c686 f12:431b22fe
22802965ns          403928 1c00944e e0daf6cb fnmsub.s         f13, f21, f13, f28  f13=xxxxxxxx f21:b768427d f13:c3349780 f28:3cb83de8
22802985ns          403929 1c009452 01032a2b p.sw             x16, 20(x6!)         x6=10001f18 x16:4345399b  x6:10001f04  PA:10001f04
22803005ns          403930 1c009456 fec52623 sw               x12, -20(x10)       x12:42b77402 x10:10001f1c  PA:10001f08
22803025ns          403931 1c00945a fed52823 sw               x13, -16(x10)       x13:3ca3c2e2 x10:10001f1c  PA:10001f0c
22803045ns          403932 1c009432 00052603 lw               x12, 0(x10)         x12=3cb84469 x10:10001f1c  PA:10001f1c
22803065ns          403933 1c009434 00032803 lw               x16, 0(x6)          x16=b807b4e8  x6:10001f18  PA:10001f18
22803084ns          403934 1c009438 00452e03 lw               x28, 4(x10)         x28=422608cb x10:10001f1c  PA:10001f20
22803104ns          403935 1c00943c 817676c3 fmadd.s          f13, f12, f23, f16  f13=xxxxxxxx f12:3cb84469 f23:be39afdb f16:b807b4e8
22803124ns          403936 1c009440 01450513 addi             x10, x10, 20        x10=10001f30 x10:10001f1c
22803144ns          403937 1c009442 69cd76c3 fmadd.s          f13, f26, f28, f13  f13=xxxxxxxx f26:b6efe5a0 f28:422608cb f13:bb86b76e
22803164ns          403938 1c009446 8136f84b fnmsub.s         f16, f13, f19, f16  f16=xxxxxxxx f13:bb9070e0 f19:3ff7d9a0 f16:b807b4e8
22803184ns          403939 1c00944a 6166f64b fnmsub.s         f12, f13, f22, f12  f12=xxxxxxxx f13:bb9070e0 f22:beb3c686 f12:3cb84469
22803204ns          403940 1c00944e e0daf6cb fnmsub.s         f13, f21, f13, f28  f13=xxxxxxxx f21:b768427d f13:bb9070e0 f28:422608cb
22803224ns          403941 1c009452 01032a2b p.sw             x16, 20(x6!)         x6=10001f2c x16:3c0b4ffd  x6:10001f18  PA:10001f18
22803244ns          403942 1c009456 fec52623 sw               x12, -20(x10)       x12:3cab968b x10:10001f30  PA:10001f1c
22803263ns          403943 1c00945a fed52823 sw               x13, -16(x10)       x13:422608cb x10:10001f30  PA:10001f20
22803283ns          403944 1c009432 00052603 lw               x12, 0(x10)         x12=38bbdb5f x10:10001f30  PA:10001f30
22803303ns          403945 1c009434 00032803 lw               x16, 0(x6)          x16=3863ff76  x6:10001f2c  PA:10001f2c
22803323ns          403946 1c009438 00452e03 lw               x28, 4(x10)         x28=b83313fb x10:10001f30  PA:10001f34
22803343ns          403947 1c00943c 817676c3 fmadd.s          f13, f12, f23, f16  f13=xxxxxxxx f12:38bbdb5f f23:be39afdb f16:3863ff76
22803363ns          403948 1c009440 01450513 addi             x10, x10, 20        x10=10001f44 x10:10001f30
22803383ns          403949 1c009442 69cd76c3 fmadd.s          f13, f26, f28, f13  f13=xxxxxxxx f26:b6efe5a0 f28:b83313fb f13:381fde2c
22803403ns          403950 1c009446 8136f84b fnmsub.s         f16, f13, f19, f16  f16=xxxxxxxx f13:381fde80 f19:3ff7d9a0 f16:3863ff76
22803423ns          403951 1c00944a 6166f64b fnmsub.s         f12, f13, f22, f12  f12=xxxxxxxx f13:381fde80 f22:beb3c686 f12:38bbdb5f
22803443ns          403952 1c00944e e0daf6cb fnmsub.s         f13, f21, f13, f28  f13=xxxxxxxx f21:b768427d f13:381fde80 f28:b83313fb
22803462ns          403953 1c009452 01032a2b p.sw             x16, 20(x6!)         x6=10001f40 x16:b7a31f68  x6:10001f2c  PA:10001f2c
22803482ns          403954 1c009456 fec52623 sw               x12, -20(x10)       x12:38d7ec82 x10:10001f44  PA:10001f30
22803502ns          403955 1c00945a fed52823 sw               x13, -16(x10)       x13:b833136a x10:10001f44  PA:10001f34
22803522ns          403956 1c009432 00052603 lw               x12, 0(x10)         x12=b6389fa9 x10:10001f44  PA:10001f44
22803542ns          403957 1c009434 00032803 lw               x16, 0(x6)          x16=3692559c  x6:10001f40  PA:10001f40
22803562ns          403958 1c009438 00452e03 lw               x28, 4(x10)         x28=b8c3613d x10:10001f44  PA:10001f48
22803582ns          403959 1c00943c 817676c3 fmadd.s          f13, f12, f23, f16  f13=xxxxxxxx f12:b6389fa9 f23:be39afdb f16:3692559c
22803602ns          403960 1c009440 01450513 addi             x10, x10, 20        x10=10001f58 x10:10001f44
22803622ns          403961 1c009442 69cd76c3 fmadd.s          f13, f26, f28, f13  f13=xxxxxxxx f26:b6efe5a0 f28:b8c3613d f13:36a312e3
22803641ns          403962 1c009446 8136f84b fnmsub.s         f16, f13, f19, f16  f16=xxxxxxxx f13:36a3189c f19:3ff7d9a0 f16:3692559c
22803661ns          403963 1c00944a 6166f64b fnmsub.s         f12, f13, f22, f12  f12=xxxxxxxx f13:36a3189c f22:beb3c686 f12:b6389fa9
22803681ns          403964 1c00944e e0daf6cb fnmsub.s         f13, f21, f13, f28  f13=xxxxxxxx f21:b768427d f13:36a3189c f28:b8c3613d
22803701ns          403965 1c009452 01032a2b p.sw             x16, 20(x6!)         x6=10001f54 x16:b6a9792d  x6:10001f40  PA:10001f40
22803721ns          403966 1c009456 fec52623 sw               x12, -20(x10)       x12:b58c2df3 x10:10001f58  PA:10001f44
22803741ns          403967 1c00945a fed52823 sw               x13, -16(x10)       x13:b8c36134 x10:10001f58  PA:10001f48
22803801ns          403970 1c00945e 00158513 addi             x10, x11, 1         x10=00000002 x11:00000001
22803820ns          403971 1c009462 02a12023 sw               x10, 32(x2)         x10:00000002  x2:10001df8  PA:10001e18
22803840ns          403972 1c009464 73b55263 bge              x10, x27, 1828      x10:00000002 x27:00000002
22803940ns          403977 1c009b88 ffbc0913 addi             x18, x24, -5        x18=00000000 x24:00000005
22803980ns          403979 1c009b8c 005c0613 addi             x12, x24, 5         x12=0000000a x24:00000005
22804039ns          403982 1c009b90 be0dcce3 blt              x27, x0, -1032      x27:00000002
22804079ns          403984 1c009b94 01b005b3 add              x11, x0, x27        x11=00000002 x27:00000002
22804099ns          403985 1c009b96 00000693 addi             x13, x0, 0          x13=00000000
22804119ns          403986 1c009b98 9b5ff06f jal              x0, -1612          
22804636ns          404012 1c00954c 01812803 lw               x16, 24(x2)         x16=10001ef0  x2:10001df8  PA:10001e10
22804735ns          404017 1c00954e 00d90333 add              x6, x18, x13         x6=00000000 x18:00000000 x13:00000000
22804775ns          404019 1c009552 00dc08b3 add              x17, x24, x13       x17=00000005 x24:00000005 x13:00000000
22804795ns          404020 1c009556 00231313 slli             x6, x6, 0x2          x6=00000000  x6:00000000
22804815ns          404021 1c009558 00289893 slli             x17, x17, 0x2       x17=00000014 x17:00000005
22804835ns          404022 1c00955a 01030333 add              x6, x6, x16          x6=10001ef0  x6:00000000 x16:10001ef0
22804855ns          404023 1c00955c 010888b3 add              x17, x17, x16       x17=10001f04 x17:00000014 x16:10001ef0
22804875ns          404024 1c00955e 00032e83 lw               x29, 0(x6)          x29=c402078c  x6:10001ef0  PA:10001ef0
22804914ns          404026 1c009562 0008a803 lw               x16, 0(x17)         x16=4345399b x17:10001f04  PA:10001f04
22804934ns          404027 1c009566 00d60e33 add              x28, x12, x13       x28=0000000a x12:0000000a x13:00000000
22804954ns          404028 1c00956a 01812283 lw               x5, 24(x2)           x5=10001ef0  x2:10001df8  PA:10001e10
22804974ns          404029 1c00956c 002e1e13 slli             x28, x28, 0x2       x28=00000028 x28:0000000a
22804994ns          404030 1c00956e 005e0e33 add              x28, x28, x5        x28=10001f18 x28:00000028  x5:10001ef0
22805014ns          404031 1c009570 e90bf843 fmadd.s          f16, f23, f16, f29  f16=xxxxxxxx f23:be39afdb f16:4345399b f29:c402078c
22805054ns          404033 1c009574 000e2f03 lw               x30, 0(x28)         x30=3c0b4ffd x28:10001f18  PA:10001f18
22805074ns          404034 1c009578 00168513 addi             x10, x13, 1         x10=00000001 x13:00000000
22805093ns          404035 1c00957c 81ed7843 fmadd.s          f16, f26, f30, f16  f16=xxxxxxxx f26:b6efe5a0 f30:3c0b4ffd f16:c40af86e
22805153ns          404038 1c009580 e909fecb fnmsub.s         f29, f19, f16, f29  f29=xxxxxxxx f19:3ff7d9a0 f16:c40af86e f29:c402078c
22805193ns          404040 1c009584 01d32023 sw               x29, 0(x6)          x29:440b101f  x6:10001ef0  PA:10001ef0
22805213ns          404041 1c009588 0008a303 lw               x6, 0(x17)           x6=4345399b x17:10001f04  PA:10001f04
22805253ns          404043 1c00958c 310b734b fnmsub.s         f6, f22, f16, f6     f6=xxxxxxxx f22:beb3c686 f16:c40af86e  f6:4345399b
22805292ns          404045 1c009590 0068a023 sw               x6, 0(x17)           x6:4002a9d9 x17:10001f04  PA:10001f04
22805332ns          404047 1c009594 000e2f03 lw               x30, 0(x28)         x30=3c0b4ffd x28:10001f18  PA:10001f18
22805372ns          404049 1c009598 f10af84b fnmsub.s         f16, f21, f16, f30  f16=xxxxxxxx f21:b768427d f16:c40af86e f30:3c0b4ffd
22805392ns          404050 1c00959c 010e2023 sw               x16, 0(x28)         x16:3a53ac17 x28:10001f18  PA:10001f18
22805432ns          404052 1c0095a0 1ea5c463 blt              x11, x10, 488       x11:00000002 x10:00000001
22805471ns          404054 1c0095a4 01250e33 add              x28, x10, x18       x28=00000001 x10:00000001 x18:00000000
22805491ns          404055 1c0095a8 01850333 add              x6, x10, x24         x6=00000006 x10:00000001 x24:00000005
22805511ns          404056 1c0095ac 002e1e13 slli             x28, x28, 0x2       x28=00000004 x28:00000001
22805531ns          404057 1c0095ae 00231313 slli             x6, x6, 0x2          x6=00000018  x6:00000006
22805571ns          404059 1c0095b0 00530333 add              x6, x6, x5           x6=10001f08  x6:00000018  x5:10001ef0
22805591ns          404060 1c0095b2 005e0e33 add              x28, x28, x5        x28=10001ef4 x28:00000004  x5:10001ef0
22805611ns          404061 1c0095b4 000e2e83 lw               x29, 0(x28)         x29=4200de4f x28:10001ef4  PA:10001ef4
22805630ns          404062 1c0095b8 00032883 lw               x17, 0(x6)          x17=42b77402  x6:10001f08  PA:10001f08
22805650ns          404063 1c0095bc 00c50533 add              x10, x10, x12       x10=0000000b x10:00000001 x12:0000000a
22805670ns          404064 1c0095be 00251513 slli             x10, x10, 0x2       x10=0000002c x10:0000000b
22805710ns          404066 1c0095c0 00550533 add              x10, x10, x5        x10=10001f1c x10:0000002c  x5:10001ef0
22805750ns          404068 1c0095c2 e91bf8c3 fmadd.s          f17, f23, f17, f29  f17=xxxxxxxx f23:be39afdb f17:42b77402 f29:4200de4f
22805770ns          404069 1c0095c6 00052f03 lw               x30, 0(x10)         x30=3cab968b x10:10001f1c  PA:10001f1c
22805790ns          404070 1c0095ca 00268813 addi             x16, x13, 2         x16=00000002 x13:00000000
22805849ns          404073 1c0095ce 89ed78c3 fmadd.s          f17, f26, f30, f17  f17=xxxxxxxx f26:b6efe5a0 f30:3cab968b f17:41795787
22805889ns          404075 1c0095d2 e919fecb fnmsub.s         f29, f19, f17, f29  f29=xxxxxxxx f19:3ff7d9a0 f17:41795787 f29:4200de4f
22805909ns          404076 1c0095d6 01de2023 sw               x29, 0(x28)         x29:4002a99e x28:10001ef4  PA:10001ef4
22805929ns          404077 1c0095da 00032e03 lw               x28, 0(x6)          x28=42b77402  x6:10001f08  PA:10001f08
22805989ns          404080 1c0095de e11b7e4b fnmsub.s         f28, f22, f17, f28  f28=xxxxxxxx f22:beb3c686 f17:41795787 f28:42b77402
22806028ns          404082 1c0095e2 01c32023 sw               x28, 0(x6)          x28:42c2659b  x6:10001f08  PA:10001f08
22806048ns          404083 1c0095e6 00052f03 lw               x30, 0(x10)         x30=3cab968b x10:10001f1c  PA:10001f1c
22806088ns          404085 1c0095ea f11af8cb fnmsub.s         f17, f21, f17, f30  f17=xxxxxxxx f21:b768427d f17:41795787 f30:3cab968b
22806128ns          404087 1c0095ee 01152023 sw               x17, 0(x10)         x17:3cad5afb x10:10001f1c  PA:10001f1c
22806168ns          404089 1c0095f2 1905cb63 blt              x11, x16, 406       x11:00000002 x16:00000002
22806187ns          404090 1c0095f6 01280e33 add              x28, x16, x18       x28=00000002 x16:00000002 x18:00000000
22806207ns          404091 1c0095fa 01880333 add              x6, x16, x24         x6=00000007 x16:00000002 x24:00000005
22806227ns          404092 1c0095fe 002e1e13 slli             x28, x28, 0x2       x28=00000008 x28:00000002
22806267ns          404094 1c009600 00231313 slli             x6, x6, 0x2          x6=0000001c  x6:00000007
22806287ns          404095 1c009602 00530333 add              x6, x6, x5           x6=10001f0c  x6:0000001c  x5:10001ef0
22806307ns          404096 1c009604 005e0e33 add              x28, x28, x5        x28=10001ef8 x28:00000008  x5:10001ef0
22806327ns          404097 1c009606 000e2e83 lw               x29, 0(x28)         x29=3bee97aa x28:10001ef8  PA:10001ef8
22806347ns          404098 1c00960a 00032883 lw               x17, 0(x6)          x17=3ca3c2e2  x6:10001f0c  PA:10001f0c
22806406ns          404101 1c00960e 00c80533 add              x10, x16, x12       x10=0000000c x16:00000002 x12:0000000a
22806426ns          404102 1c009612 00251513 slli             x10, x10, 0x2       x10=00000030 x10:0000000c
22806446ns          404103 1c009614 00550533 add              x10, x10, x5        x10=10001f20 x10:00000030  x5:10001ef0
22806466ns          404104 1c009616 e91bf8c3 fmadd.s          f17, f23, f17, f29  f17=xxxxxxxx f23:be39afdb f17:3ca3c2e2 f29:3bee97aa
22806486ns          404105 1c00961a 00052f03 lw               x30, 0(x10)         x30=422608cb x10:10001f20  PA:10001f20
22806545ns          404108 1c00961e 00368813 addi             x16, x13, 3         x16=00000003 x13:00000000
22806585ns          404110 1c009622 89ed78c3 fmadd.s          f17, f26, f30, f17  f17=xxxxxxxx f26:b6efe5a0 f30:422608cb f17:3b6f9ead
22806605ns          404111 1c009626 e919fecb fnmsub.s         f29, f19, f17, f29  f29=xxxxxxxx f19:3ff7d9a0 f17:3b5c2bc9 f29:3bee97aa
22806625ns          404112 1c00962a 01de2023 sw               x29, 0(x28)         x29:3a4b7203 x28:10001ef8  PA:10001ef8
22806685ns          404115 1c00962e 00032e03 lw               x28, 0(x6)          x28=3ca3c2e2  x6:10001f0c  PA:10001f0c
22806724ns          404117 1c009632 e11b7e4b fnmsub.s         f28, f22, f17, f28  f28=xxxxxxxx f22:beb3c686 f17:3b5c2bc9 f28:3ca3c2e2
22806744ns          404118 1c009636 01c32023 sw               x28, 0(x6)          x28:3cad6cb8  x6:10001f0c  PA:10001f0c
22806764ns          404119 1c00963a 00052f03 lw               x30, 0(x10)         x30=422608cb x10:10001f20  PA:10001f20
22806824ns          404122 1c00963e f11af8cb fnmsub.s         f17, f21, f17, f30  f17=xxxxxxxx f21:b768427d f17:3b5c2bc9 f30:422608cb
22806864ns          404124 1c009642 01152023 sw               x17, 0(x10)         x17:422608cb x10:10001f20  PA:10001f20
22806884ns          404125 1c009646 1505c163 blt              x11, x16, 322       x11:00000002 x16:00000003
22807043ns          404133 1c009788 ff072383 lw               x7, -16(x14)         x7=3dcb591e x14:10001f68  PA:10001f58
22807083ns          404135 1c00978c 00472283 lw               x5, 4(x14)           x5=bf64e878 x14:10001f68  PA:10001f6c
22807142ns          404138 1c009790 fec72483 lw               x9, -20(x14)         x9=3f45f14a x14:10001f68  PA:10001f54
22807182ns          404140 1c009794 00072403 lw               x8, 0(x14)           x8=3e86e2b6 x14:10001f68  PA:10001f68
22807202ns          404141 1c009796 ffc72c03 lw               x24, -4(x14)        x24=3eeb1c4d x14:10001f68  PA:10001f64
22807222ns          404142 1c00979a 01072883 lw               x17, 16(x14)        x17=beb1879c x14:10001f68  PA:10001f78
22807281ns          404145 1c00979e ff472f03 lw               x30, -12(x14)       x30=3ed9eceb x14:10001f68  PA:10001f5c
22807321ns          404147 1c0097a2 00872e83 lw               x29, 8(x14)         x29=3dd50d49 x14:10001f68  PA:10001f70
22807341ns          404148 1c0097a6 3972f543 fmadd.s          f10, f5, f23, f7    f10=xxxxxxxx  f5:bf64e878 f23:be39afdb  f7:3dcb591e
22807361ns          404149 1c0097aa 49747843 fmadd.s          f16, f8, f23, f9    f16=xxxxxxxx  f8:3e86e2b6 f23:be39afdb  f9:3f45f14a
22807421ns          404152 1c0097ae c178f943 fmadd.s          f18, f17, f23, f24  f18=xxxxxxxx f17:beb1879c f23:be39afdb f24:3eeb1c4d
22807460ns          404154 1c0097b2 01872c03 lw               x24, 24(x14)        x24=3e893a41 x14:10001f68  PA:10001f80
22807480ns          404155 1c0097b6 01472883 lw               x17, 20(x14)        x17=bd9ae664 x14:10001f68  PA:10001f7c
22807500ns          404156 1c0097ba ff872e03 lw               x28, -8(x14)        x28=3c822278 x14:10001f68  PA:10001f60
22807560ns          404159 1c0097be 00c72303 lw               x6, 12(x14)          x6=3acee4c9 x14:10001f68  PA:10001f74
22807600ns          404161 1c0097c2 f17ef5c3 fmadd.s          f11, f29, f23, f30  f11=xxxxxxxx f29:3dd50d49 f23:be39afdb f30:3ed9eceb
22807620ns          404162 1c0097c6 518d7543 fmadd.s          f10, f26, f24, f10  f10=xxxxxxxx f26:b6efe5a0 f24:3e893a41 f10:3e85dae6
22807639ns          404163 1c0097ca 01c72c03 lw               x24, 28(x14)        x24=3f2df902 x14:10001f68  PA:10001f84
22807699ns          404166 1c0097ce 811d7843 fmadd.s          f16, f26, f17, f16  f16=xxxxxxxx f26:b6efe5a0 f17:bd9ae664 f16:3f39b67a
22807739ns          404168 1c0097d2 e17376c3 fmadd.s          f13, f6, f23, f28   f13=xxxxxxxx  f6:3acee4c9 f23:be39afdb f28:3c822278
22807759ns          404169 1c0097d6 598d75c3 fmadd.s          f11, f26, f24, f11  f11=xxxxxxxx f26:b6efe5a0 f24:3f2df902 f11:3ed0445c
22807779ns          404170 1c0097da 02072c03 lw               x24, 32(x14)        x24=becdfbb1 x14:10001f68  PA:10001f88
22807838ns          404173 1c0097de 4909f4cb fnmsub.s         f9, f19, f16, f9     f9=xxxxxxxx f19:3ff7d9a0 f16:3f39b683  f9:3f45f14a
22807878ns          404175 1c0097e2 698d76c3 fmadd.s          f13, f26, f24, f13  f13=xxxxxxxx f26:b6efe5a0 f24:becdfbb1 f13:3c7f9464
22807898ns          404176 1c0097e6 4168744b fnmsub.s         f8, f16, f22, f8     f8=xxxxxxxx f16:3f39b683 f22:beb3c686  f8:3e86e2b6
22807918ns          404177 1c0097ea 02472c03 lw               x24, 36(x14)        x24=bf0bed3b x14:10001f68  PA:10001f8c
22807978ns          404180 1c0097ee 890af84b fnmsub.s         f16, f21, f16, f17  f16=xxxxxxxx f21:b768427d f16:3f39b683 f17:bd9ae664
22808017ns          404182 1c0097f2 01872883 lw               x17, 24(x14)        x17=3e893a41 x14:10001f68  PA:10001f80
22808037ns          404183 1c0097f6 918d7943 fmadd.s          f18, f26, f24, f18  f18=xxxxxxxx f26:b6efe5a0 f24:bf0bed3b f18:3f05a6c5
22808057ns          404184 1c0097fa 38a9f3cb fnmsub.s         f7, f19, f10, f7     f7=xxxxxxxx f19:3ff7d9a0 f10:3e85daa6  f7:3dcb591e
22808137ns          404188 1c0097fe 01c72c03 lw               x24, 28(x14)        x24=3f2df902 x14:10001f68  PA:10001f84
22808177ns          404190 1c009802 296572cb fnmsub.s         f5, f10, f22, f5     f5=xxxxxxxx f10:3e85daa6 f22:beb3c686  f5:bf64e878
22808196ns          404191 1c009806 88aaf54b fnmsub.s         f10, f21, f10, f17  f10=xxxxxxxx f21:b768427d f10:3e85daa6 f17:3e893a41
22808216ns          404192 1c00980a 02072883 lw               x17, 32(x14)        x17=becdfbb1 x14:10001f68  PA:10001f88
22808276ns          404195 1c00980e f0b9ff4b fnmsub.s         f30, f19, f11, f30  f30=xxxxxxxx f19:3ff7d9a0 f11:3ed043b9 f30:3ed9eceb
22808316ns          404197 1c009812 e965fecb fnmsub.s         f29, f11, f22, f29  f29=xxxxxxxx f11:3ed043b9 f22:beb3c686 f29:3dd50d49
22808336ns          404198 1c009816 e0d9fe4b fnmsub.s         f28, f19, f13, f28  f28=xxxxxxxx f19:3ff7d9a0 f13:3c7fa074 f28:3c822278
22808356ns          404199 1c00981a c0baf5cb fnmsub.s         f11, f21, f11, f24  f11=xxxxxxxx f21:b768427d f11:3ed043b9 f24:3f2df902
22808415ns          404202 1c00981e 3166f34b fnmsub.s         f6, f13, f22, f6     f6=xxxxxxxx f13:3c7fa074 f22:beb3c686  f6:3acee4c9
22808455ns          404204 1c009822 ffc72c03 lw               x24, -4(x14)        x24=3eeb1c4d x14:10001f68  PA:10001f64
22808475ns          404205 1c009826 88daf6cb fnmsub.s         f13, f21, f13, f17  f13=xxxxxxxx f21:b768427d f13:3c7fa074 f17:becdfbb1
22808495ns          404206 1c00982a c129fc4b fnmsub.s         f24, f19, f18, f24  f24=xxxxxxxx f19:3ff7d9a0 f18:3f05a707 f24:3eeb1c4d
22808515ns          404207 1c00982e 00b72e23 sw               x11, 28(x14)        x11:3f2df960 x14:10001f68  PA:10001f84
22808554ns          404209 1c009830 02d72023 sw               x13, 32(x14)        x13:becdfbaa x14:10001f68  PA:10001f88
22808574ns          404210 1c009832 01072683 lw               x13, 16(x14)        x13=beb1879c x14:10001f68  PA:10001f78
22808594ns          404211 1c009834 ff872e23 sw               x24, -4(x14)        x24:bf0d3d65 x14:10001f68  PA:10001f64
22808614ns          404212 1c009838 69697c4b fnmsub.s         f24, f18, f22, f13  f24=xxxxxxxx f18:3f05a707 f22:beb3c686 f13:beb1879c
22808634ns          404213 1c00983c 02472683 lw               x13, 36(x14)        x13=bf0bed3b x14:10001f68  PA:10001f8c
22808694ns          404216 1c00983e fe972623 sw               x9, -20(x14)         x9:bf21a8a6 x14:10001f68  PA:10001f54
22808733ns          404218 1c009842 692af8cb fnmsub.s         f17, f21, f18, f13  f17=xxxxxxxx f21:b768427d f18:3f05a707 f13:bf0bed3b
22808753ns          404219 1c009846 00872023 sw               x8, 0(x14)           x8:3f04a6ac x14:10001f68  PA:10001f68
22808773ns          404220 1c009848 01072a23 sw               x16, 20(x14)        x16:bd9ae120 x14:10001f68  PA:10001f7c
22808793ns          404221 1c00984c fe772823 sw               x7, -16(x14)         x7:bed05939 x14:10001f68  PA:10001f58
22808833ns          404223 1c009850 00572223 sw               x5, 4(x14)           x5:bf4d688c x14:10001f68  PA:10001f6c
22808873ns          404225 1c009854 00a72c23 sw               x10, 24(x14)        x10:3e893aba x14:10001f68  PA:10001f80
22808893ns          404226 1c009856 ffe72a23 sw               x30, -12(x14)       x30:beb957db x14:10001f68  PA:10001f5c
22808912ns          404227 1c00985a 01d72423 sw               x29, 8(x14)         x29:3e7cc780 x14:10001f68  PA:10001f70
22808972ns          404230 1c00985e ffc72c23 sw               x28, -8(x14)        x28:bc6ab54d x14:10001f68  PA:10001f60
22808992ns          404231 1c009862 02012583 lw               x11, 32(x2)         x11=00000002  x2:10001df8  PA:10001e18
22809012ns          404232 1c009864 00672623 sw               x6, 12(x14)          x6:3be73c9f x14:10001f68  PA:10001f74
22809032ns          404233 1c009868 01872823 sw               x24, 16(x14)        x24:be27585a x14:10001f68  PA:10001f78
22809052ns          404234 1c00986c 03172223 sw               x17, 36(x14)        x17:bf0becc2 x14:10001f68  PA:10001f8c
22809111ns          404237 1c009870 01470713 addi             x14, x14, 20        x14=10001f7c x14:10001f68
22809131ns          404238 1c009872 01478793 addi             x15, x15, 20        x15=10001f18 x15:10001f04
22809151ns          404239 1c009874 004a0a13 addi             x20, x20, 4         x20=10001f58 x20:10001f54
22809171ns          404240 1c009876 02812683 lw               x13, 40(x2)         x13=10001ef4  x2:10001df8  PA:10001e20
22809191ns          404241 1c009878 00c00c33 add              x24, x0, x12        x24=0000000a x12:0000000a
22809211ns          404242 1c00987a 014f8f93 addi             x31, x31, 20        x31=10001f04 x31:10001ef0
22809231ns          404243 1c00987c 90bdd8e3 bge              x27, x11, -1776     x27:00000002 x11:00000002
22809330ns          404248 1c00918c 0bb587e3 beq              x11, x27, 2222      x11:00000002 x27:00000002
22809529ns          404258 1c009a3a 0cbccf63 blt              x25, x11, 222       x25:00000001 x11:00000002
22809688ns          404266 1c009b18 0046a603 lw               x12, 4(x13)         x12=3a4b7203 x13:10001ef4  PA:10001ef8
22809728ns          404268 1c009b1a 00000813 addi             x16, x0, 0          x16=00000000
22809748ns          404269 1c009b1e 0006a503 lw               x10, 0(x13)         x10=4002a99e x13:10001ef4  PA:10001ef4
22809788ns          404271 1c009b20 a1061853 flt.s            x16, f12, f16       x16=00000000 f12:3a4b7203 f16:00000000
22809827ns          404273 1c009b24 08a12223 sw               x10, 132(x2)        x10:4002a99e  x2:10001df8  PA:10001e7c
22809847ns          404274 1c009b26 08c12423 sw               x12, 136(x2)        x12:3a4b7203  x2:10001df8  PA:10001e80
22809867ns          404275 1c009b28 f20803e3 beq              x16, x0, -218       x16:00000000
22809987ns          404281 1c009a4e 00000813 addi             x16, x0, 0          x16=00000000
22810026ns          404283 1c009a52 a1062353 feq.s            x6, f12, f16         x6=00000000 f12:3a4b7203 f16:00000000
22810046ns          404284 1c009a56 00200893 addi             x17, x0, 2          x17=00000002
22810066ns          404285 1c009a58 00100e93 addi             x29, x0, 1          x29=00000001
22810086ns          404286 1c009a5a fa030c63 beq              x6, x0, -2120        x6:00000000
22810245ns          404294 1c009212 a1051853 flt.s            x16, f10, f16       x16=00000000 f10:4002a99e f16:00000000
22810265ns          404295 1c009216 180812e3 bne              x16, x0, 2436       x16:00000000
22810285ns          404296 1c00921a 00a00833 add              x16, x0, x10        x16=4002a99e x10:4002a99e
22810305ns          404297 1c00921c 00000313 addi             x6, x0, 0            x6=00000000
22810345ns          404299 1c009220 a0661353 flt.s            x6, f12, f6          x6=00000000 f12:3a4b7203  f6:00000000
22810384ns          404301 1c009224 00030463 beq              x6, x0, 8            x6:00000000
22810444ns          404304 1c00922c a0c81353 flt.s            x6, f16, f12         x6=00000000 f16:4002a99e f12:3a4b7203
22810504ns          404307 1c009230 12031ce3 bne              x6, x0, 2360         x6:00000000
22810543ns          404309 1c009234 a1061353 flt.s            x6, f12, f16         x6=00000001 f12:3a4b7203 f16:4002a99e
22810563ns          404310 1c009238 18031fe3 bne              x6, x0, 2462         x6:00000001
22810762ns          404320 1c009bd6 1c000337 lui              x6, 0x1c000000       x6=1c000000
22810782ns          404321 1c009bda 04c30313 addi             x6, x6, 76           x6=1c00004c  x6:1c000000
22810842ns          404324 1c009bde 00032303 lw               x6, 0(x6)            x6=3f800000  x6:1c00004c  PA:1c00004c
22811200ns          404342 1c009be2 19067653 fdiv.s           f12, f12, f16       f12=xxxxxxxx f12:3a4b7203 f16:4002a99e
22811498ns          404357 1c009be6 30c67643 fmadd.s          f12, f12, f12, f6   f12=xxxxxxxx f12:39c74cb7 f12:39c74cb7  f6:3f800000
22811518ns          404358 1c009bea 58067653 fsqrt.s          f12, f12            f12=xxxxxxxx f12:3f800001
22811797ns          404372 1c009bee 10c87653 fmul.s           f12, f16, f12       f12=xxxxxxxx f16:4002a99e f12:3f800000
22811817ns          404373 1c009bf2 e62ff06f jal              x0, -2462          
22811896ns          404377 1c009254 00000813 addi             x16, x0, 0          x16=00000000
22811936ns          404379 1c009258 a0a80853 fle.s            x16, f16, f10       x16=00000001 f16:00000000 f10:4002a99e
22811956ns          404380 1c00925c 00080463 beq              x16, x0, 8          x16:00000001
22812015ns          404383 1c009260 20c61653 fsgnjn.s         f12, f12, f12       f12=xxxxxxxx f12:4002a99e f12:4002a99e
22812055ns          404385 1c009264 00000813 addi             x16, x0, 0          x16=00000000
22812075ns          404386 1c009268 a1061853 flt.s            x16, f12, f16       x16=00000001 f12:c002a99e f16:00000000
22812095ns          404387 1c00926c 12081be3 bne              x16, x0, 2358       x16:00000001
22812274ns          404396 1c009ba2 20c61853 fsgnjn.s         f16, f12, f12       f16=xxxxxxxx f12:c002a99e f12:c002a99e
22812294ns          404397 1c009ba6 eccff06f jal              x0, -2356          
22812354ns          404400 1c009272 1c0004b7 lui              x9, 0x1c000000       x9=1c000000
22812373ns          404401 1c009276 03048493 addi             x9, x9, 48           x9=1c000030  x9:1c000000
22812393ns          404402 1c00927a 0004a483 lw               x9, 0(x9)            x9=0c000000  x9:1c000030  PA:1c000030
22812712ns          404418 1c00927c a0981853 flt.s            x16, f16, f9        x16=00000000 f16:4002a99e  f9:0c000000
22812731ns          404419 1c009280 0a080ce3 beq              x16, x0, 2232       x16:00000000
22812791ns          404422 1c009b38 1c000337 lui              x6, 0x1c000000       x6=1c000000
22812811ns          404423 1c009b3c 04c32803 lw               x16, 76(x6)         x16=3f800000  x6:1c000000  PA:1c00004c
22813129ns          404439 1c009b40 08c57353 fsub.s           f6, f10, f12         f6=xxxxxxxx f10:4002a99e f12:c002a99e
22813149ns          404440 1c009b44 18687853 fdiv.s           f16, f16, f6        f16=xxxxxxxx f16:3f800000  f6:4082a99e  PA:10001e80
22813169ns          404441 1c009b48 08812303 lw               x6, 136(x2)          x6=xxxxxxxx  x2:10001df8
22813189ns          404442 1c009b4a 08a679d3 fsub.s           f19, f12, f10       f19=xxxxxxxx f12:c002a99e f10:4002a99e
22813467ns          404456 1c009b4e 11037353 fmul.s           f6, f6, f16          f6=xxxxxxxx  f6:3a4b7203 f16:3e7ac88b
22813487ns          404457 1c009b52 18c9f9d3 fdiv.s           f19, f19, f12       f19=xxxxxxxx f19:c082a99e f12:c002a99e  PA:10001e80
22813726ns          404469 1c009b56 08612423 sw               x6, 136(x2)          x6:39474cb6  x2:10001df8
22813746ns          404470 1c009b58 0038b663 p.bneimm         x17, 12             x17:00000002
22813806ns          404473 1c009b64 00c00533 add              x10, x0, x12        x10=xxxxxxxx x12:c002a99e
22813825ns          404474 1c009b66 87fff06f jal              x0, -1922            PA:10001e7c
22813905ns          404478 1c0093e4 08a12223 sw               x10, 132(x2)        x10:c002a99e  x2:10001df8
22813945ns          404480 1c0093e6 4cbcd763 bge              x25, x11, 1230      x25:00000001 x11:00000002  PA:10001ef4
22813965ns          404481 1c0093ea 00a6a023 sw               x10, 0(x13)         x10:c002a99e x13:10001ef4  PA:10001ef8
22813985ns          404482 1c0093ec 0006a223 sw               x0, 4(x13)          x13:10001ef4
22814024ns          404484 1c0093f0 01b5d463 bge              x11, x27, 8         x11:00000002 x27:00000002  PA:10001e80
22814084ns          404487 1c0093f8 08812b83 lw               x23, 136(x2)        x23=xxxxxxxx  x2:10001df8
22814124ns          404489 1c0093fa 1179fb53 fmul.s           f22, f19, f23       f22=xxxxxxxx f19:40000000 f23:39474cb6
22814164ns          404491 1c0093fe 4c38bd63 p.bneimm         x17, 1242           x17:00000002
22814263ns          404496 1c0098d8 01468893 addi             x17, x13, 20        x17=10001f08 x13:10001ef4
22814303ns          404498 1c0098dc 411a0833 sub              x16, x20, x17       x16=00000050 x20:10001f58 x17:10001f08
22814363ns          404501 1c0098e0 fec80813 addi             x16, x16, -20       x16=0000003c x16:00000050
22814402ns          404503 1c0098e2 0cccd637 lui              x12, 0xcccd000      x12=0cccd000
22814422ns          404504 1c0098e6 00285813 srli             x16, x16, 0x2       x16=0000000f x16:0000003c
22814442ns          404505 1c0098ea ccd60613 addi             x12, x12, -819      x12=0ccccccd x12:0cccd000
22814502ns          404508 1c0098ee 02c80833 mul              x16, x16, x12       x16=c0000003 x16:0000000f x12:0ccccccd
22814522ns          404509 1c0098f2 01868693 addi             x13, x13, 24        x13=10001f0c x13:10001ef4
22814542ns          404510 1c0098f4 c3e83833 p.bclr           x16, x16, 1, 30     x16=00000003 x16:c0000003
22814561ns          404511 1c0098f8 02d12423 sw               x13, 40(x2)         x13:10001f0c  x2:10001df8  PA:10001e20
22814581ns          404512 1c0098fa 00d00333 add              x6, x0, x13          x6=10001f0c x13:10001f0c
22814601ns          404513 1c0098fc 00180813 addi             x16, x16, 1         x16=00000004 x16:00000003
22814641ns          404515 1c0098fe 00e840fb lp.setup         0x1, x16, 0xe       x16:00000004
22814681ns          404517 1c009902 0008a603 lw               x12, 0(x17)         x12=42c2659b x17:10001f08  PA:10001f08
22814701ns          404518 1c009906 00032503 lw               x10, 0(x6)          x10=3cad6cb8  x6:10001f0c  PA:10001f0c
22814740ns          404520 1c00990a 617576c3 fmadd.s          f13, f10, f23, f12  f13=xxxxxxxx f10:3cad6cb8 f23:39474cb6 f12:42c2659b
22814780ns          404522 1c00990e 6136f64b fnmsub.s         f12, f13, f19, f12  f12=xxxxxxxx f13:42c2659c f19:40000000 f12:42c2659b
22814820ns          404524 1c009912 5166f6cb fnmsub.s         f13, f13, f22, f10  f13=xxxxxxxx f13:42c2659c f22:39c74cb6 f10:3cad6cb8
22814840ns          404525 1c009916 00c8aa2b p.sw             x12, 20(x17!)       x17=10001f1c x12:c2c2659d x17:10001f08  PA:10001f08
22814860ns          404526 1c00991a 00d32a2b p.sw             x13, 20(x6!)         x6=10001f20 x13:bc8141c1  x6:10001f0c  PA:10001f0c
22814900ns          404528 1c009902 0008a603 lw               x12, 0(x17)         x12=3cad5afb x17:10001f1c  PA:10001f1c
22814919ns          404529 1c009906 00032503 lw               x10, 0(x6)          x10=422608cb  x6:10001f20  PA:10001f20
22814959ns          404531 1c00990a 617576c3 fmadd.s          f13, f10, f23, f12  f13=xxxxxxxx f10:422608cb f23:39474cb6 f12:3cad5afb
22814979ns          404532 1c00990e 6136f64b fnmsub.s         f12, f13, f19, f12  f12=xxxxxxxx f13:3cedfc46 f19:40000000 f12:3cad5afb
22814999ns          404533 1c009912 5166f6cb fnmsub.s         f13, f13, f22, f10  f13=xxxxxxxx f13:3cedfc46 f22:39c74cb6 f10:422608cb
22815019ns          404534 1c009916 00c8aa2b p.sw             x12, 20(x17!)       x17=10001f30 x12:bd174ec8 x17:10001f1c  PA:10001f1c
22815039ns          404535 1c00991a 00d32a2b p.sw             x13, 20(x6!)         x6=10001f34 x13:422608c8  x6:10001f20  PA:10001f20
22815138ns          404540 1c009902 0008a603 lw               x12, 0(x17)         x12=38d7ec82 x17:10001f30  PA:10001f30
22815158ns          404541 1c009906 00032503 lw               x10, 0(x6)          x10=b833136a  x6:10001f34  PA:10001f34
22815198ns          404543 1c00990a 617576c3 fmadd.s          f13, f10, f23, f12  f13=xxxxxxxx f10:b833136a f23:39474cb6 f12:38d7ec82
22815218ns          404544 1c00990e 6136f64b fnmsub.s         f12, f13, f19, f12  f12=xxxxxxxx f13:38d7e827 f19:40000000 f12:38d7ec82
22815238ns          404545 1c009912 5166f6cb fnmsub.s         f13, f13, f22, f10  f13=xxxxxxxx f13:38d7e827 f22:39c74cb6 f10:b833136a
22815258ns          404546 1c009916 00c8aa2b p.sw             x12, 20(x17!)       x17=10001f44 x12:b8d7e3cc x17:10001f30  PA:10001f30
22815277ns          404547 1c00991a 00d32a2b p.sw             x13, 20(x6!)         x6=10001f48 x13:b8333d70  x6:10001f34  PA:10001f34
22815317ns          404549 1c009902 0008a603 lw               x12, 0(x17)         x12=b58c2df3 x17:10001f44  PA:10001f44
22815337ns          404550 1c009906 00032503 lw               x10, 0(x6)          x10=b8c36134  x6:10001f48  PA:10001f48
22815377ns          404552 1c00990a 617576c3 fmadd.s          f13, f10, f23, f12  f13=xxxxxxxx f10:b8c36134 f23:39474cb6 f12:b58c2df3
22815397ns          404553 1c00990e 6136f64b fnmsub.s         f12, f13, f19, f12  f12=xxxxxxxx f13:b58e8e5f f19:40000000 f12:b58c2df3
22815417ns          404554 1c009912 5166f6cb fnmsub.s         f13, f13, f22, f10  f13=xxxxxxxx f13:b58e8e5f f22:39c74cb6 f10:b8c36134
22815437ns          404555 1c009916 00c8aa2b p.sw             x12, 20(x17!)       x17=10001f58 x12:3590eecb x17:10001f44  PA:10001f44
22815457ns          404556 1c00991a 00d32a2b p.sw             x13, 20(x6!)         x6=10001f5c x13:b8c360fd  x6:10001f48  PA:10001f48
22815476ns          404557 1c00991e 000fa603 lw               x12, 0(x31)         x12=4002a9d9 x31:10001f04  PA:10001f04
22815496ns          404558 1c009922 0007a503 lw               x10, 0(x15)         x10=3a53ac17 x15:10001f18  PA:10001f18
22815536ns          404560 1c009924 617576c3 fmadd.s          f13, f10, f23, f12  f13=xxxxxxxx f10:3a53ac17 f23:39474cb6 f12:4002a9d9
22815556ns          404561 1c009928 6136f64b fnmsub.s         f12, f13, f19, f12  f12=xxxxxxxx f13:4002a9da f19:40000000 f12:4002a9d9
22815576ns          404562 1c00992c 5166f6cb fnmsub.s         f13, f13, f22, f10  f13=xxxxxxxx f13:4002a9da f22:39c74cb6 f10:3a53ac17
22815596ns          404563 1c009930 00cfa023 sw               x12, 0(x31)         x12:c002a9db x31:10001f04  PA:10001f04
22815616ns          404564 1c009934 00d7a023 sw               x13, 0(x15)         x13:38039b77 x15:10001f18  PA:10001f18
22815636ns          404565 1c009936 07b05863 bge              x0, x27, 112        x27:00000002
22815655ns          404566 1c00993a 004fa603 lw               x12, 4(x31)         x12=c2c2659d x31:10001f04  PA:10001f08
22815675ns          404567 1c00993e 0047a503 lw               x10, 4(x15)         x10=bd174ec8 x15:10001f18  PA:10001f1c
22816093ns          404588 1c009940 617576c3 fmadd.s          f13, f10, f23, f12  f13=xxxxxxxx f10:bd174ec8 f23:39474cb6 f12:c2c2659d
22816133ns          404590 1c009944 6136f64b fnmsub.s         f12, f13, f19, f12  f12=xxxxxxxx f13:c2c2659e f19:40000000 f12:c2c2659d
22816153ns          404591 1c009948 5166f6cb fnmsub.s         f13, f13, f22, f10  f13=xxxxxxxx f13:c2c2659e f22:39c74cb6 f10:bd174ec8
22816173ns          404592 1c00994c 00cfa223 sw               x12, 4(x31)         x12:42c2659f x31:10001f04  PA:10001f08
22816232ns          404595 1c009950 00d7a223 sw               x13, 4(x15)         x13:37076312 x15:10001f18  PA:10001f1c
22816272ns          404597 1c009952 041daa63 p.beqimm         x27, 84             x27:00000002
22816292ns          404598 1c009956 008fa603 lw               x12, 8(x31)         x12=bc8141c1 x31:10001f04  PA:10001f0c
22816312ns          404599 1c00995a 0087a503 lw               x10, 8(x15)         x10=422608c8 x15:10001f18  PA:10001f20
22816352ns          404601 1c00995c 60abf6c3 fmadd.s          f13, f23, f10, f12  f13=xxxxxxxx f23:39474cb6 f10:422608c8 f12:bc8141c1
22816371ns          404602 1c009960 60d9f64b fnmsub.s         f12, f19, f13, f12  f12=xxxxxxxx f19:40000000 f13:bc0140ee f12:bc8141c1
22816411ns          404604 1c009964 50db76cb fnmsub.s         f13, f22, f13, f10  f13=xxxxxxxx f22:39c74cb6 f13:bc0140ee f10:422608c8
22816431ns          404605 1c009968 00cfa423 sw               x12, 8(x31)         x12:b4d30000 x31:10001f04  PA:10001f0c
22816451ns          404606 1c00996c 00d7a423 sw               x13, 8(x15)         x13:422608c9 x15:10001f18  PA:10001f20
22816511ns          404609 1c00996e 022dac63 p.beqimm         x27, 56             x27:00000002
22816650ns          404616 1c0099a6 fec72283 lw               x5, -20(x14)         x5=3f04a6ac x14:10001f7c  PA:10001f68
22816690ns          404618 1c0099aa ff872803 lw               x16, -8(x14)        x16=3be73c9f x14:10001f7c  PA:10001f74
22816710ns          404619 1c0099ae 00c72503 lw               x10, 12(x14)        x10=becdfbaa x14:10001f7c  PA:10001f88
22816730ns          404620 1c0099b0 00072383 lw               x7, 0(x14)           x7=bd9ae120 x14:10001f7c  PA:10001f7c
22816769ns          404622 1c0099b4 ff072e83 lw               x29, -16(x14)       x29=bf4d688c x14:10001f7c  PA:10001f6c
22816789ns          404623 1c0099b8 00472e03 lw               x28, 4(x14)         x28=3e893aba x14:10001f7c  PA:10001f80
22816809ns          404624 1c0099bc ff472303 lw               x6, -12(x14)         x6=3e7cc780 x14:10001f7c  PA:10001f70
22816869ns          404627 1c0099c0 00872883 lw               x17, 8(x14)         x17=3f2df960 x14:10001f7c  PA:10001f84
22816909ns          404629 1c0099c4 ffc72603 lw               x12, -4(x14)        x12=be27585a x14:10001f7c  PA:10001f78
22816928ns          404630 1c0099c8 2973ff43 fmadd.s          f30, f7, f23, f5    f30=xxxxxxxx  f7:bd9ae120 f23:39474cb6  f5:3f04a6ac
22816948ns          404631 1c0099cc 01072683 lw               x13, 16(x14)        x13=bf0becc2 x14:10001f7c  PA:10001f8c
22817048ns          404636 1c0099ce 817573c3 fmadd.s          f7, f10, f23, f16    f7=xxxxxxxx f10:becdfbaa f23:39474cb6 f16:3be73c9f
22817088ns          404638 1c0099d2 6176f943 fmadd.s          f18, f13, f23, f12  f18=xxxxxxxx f13:bf0becc2 f23:39474cb6 f12:be27585a
22817107ns          404639 1c0099d6 e97e74c3 fmadd.s          f9, f28, f23, f29    f9=xxxxxxxx f28:3e893aba f23:39474cb6 f29:bf4d688c
22817127ns          404640 1c0099da 3178f443 fmadd.s          f8, f17, f23, f6     f8=xxxxxxxx f17:3f2df960 f23:39474cb6  f6:3e7cc780
22817147ns          404641 1c0099de 00072683 lw               x13, 0(x14)         x13=bd9ae120 x14:10001f7c  PA:10001f7c
22817187ns          404643 1c0099e0 8079f84b fnmsub.s         f16, f19, f7, f16   f16=xxxxxxxx f19:40000000  f7:3be4bb2e f16:3be73c9f
22817227ns          404645 1c0099e4 5163f54b fnmsub.s         f10, f7, f22, f10   f10=xxxxxxxx  f7:3be4bb2e f22:39c74cb6 f10:becdfbaa
22817247ns          404646 1c0099e8 01072383 lw               x7, 16(x14)          x7=bf0becc2 x14:10001f7c  PA:10001f8c
22817267ns          404647 1c0099ec 29e9f2cb fnmsub.s         f5, f19, f30, f5     f5=xxxxxxxx f19:40000000 f30:3f04a5bb  f5:3f04a6ac
22817326ns          404650 1c0099f0 6129f64b fnmsub.s         f12, f19, f18, f12  f12=xxxxxxxx f19:40000000 f18:be277396 f12:be27585a
22817366ns          404652 1c0099f4 696f7f4b fnmsub.s         f30, f30, f22, f13  f30=xxxxxxxx f30:3f04a5bb f22:39c74cb6 f13:bd9ae120
22817386ns          404653 1c0099f8 e899fecb fnmsub.s         f29, f19, f9, f29   f29=xxxxxxxx f19:40000000  f9:bf4d6535 f29:bf4d688c
22817406ns          404654 1c0099fc e164fe4b fnmsub.s         f28, f9, f22, f28   f28=xxxxxxxx  f9:bf4d6535 f22:39c74cb6 f28:3e893aba
22817465ns          404657 1c009a00 3089f34b fnmsub.s         f6, f19, f8, f6      f6=xxxxxxxx f19:40000000  f8:3e7ce95c  f6:3e7cc780
22817505ns          404659 1c009a04 896478cb fnmsub.s         f17, f8, f22, f17   f17=xxxxxxxx  f8:3e7ce95c f22:39c74cb6 f17:3f2df960
22817525ns          404660 1c009a08 396976cb fnmsub.s         f13, f18, f22, f7   f13=xxxxxxxx f18:be277396 f22:39c74cb6  f7:bf0becc2
22817545ns          404661 1c009a0c 00158593 addi             x11, x11, 1         x11=00000003 x11:00000002
22817605ns          404664 1c009a0e fec72e23 sw               x12, -4(x14)        x12:3e278ed2 x14:10001f7c  PA:10001f78
22817644ns          404666 1c009a12 fe572623 sw               x5, -20(x14)         x5:bf04a4ca x14:10001f7c  PA:10001f68
22817664ns          404667 1c009a16 01e72023 sw               x30, 0(x14)         x30:bd9b4865 x14:10001f7c  PA:10001f7c
22817684ns          404668 1c009a1a ffd72823 sw               x29, -16(x14)       x29:3f4d61de x14:10001f7c  PA:10001f6c
22817744ns          404671 1c009a1e 01c72223 sw               x28, 4(x14)         x28:3e8962b4 x14:10001f7c  PA:10001f80
22817784ns          404673 1c009a22 fe672a23 sw               x6, -12(x14)         x6:be7d0b38 x14:10001f7c  PA:10001f70
22817804ns          404674 1c009a26 01172423 sw               x17, 8(x14)         x17:3f2df339 x14:10001f7c  PA:10001f84
22817824ns          404675 1c009a2a ff072c23 sw               x16, -8(x14)        x16:bbe239bd x14:10001f7c  PA:10001f74
22817843ns          404676 1c009a2e 00a72623 sw               x10, 12(x14)        x10:becdfc03 x14:10001f7c  PA:10001f88
22817863ns          404677 1c009a30 00d72823 sw               x13, 16(x14)        x13:bf0be8af x14:10001f7c  PA:10001f8c
22817883ns          404678 1c009a32 02b12023 sw               x11, 32(x2)         x11:00000003  x2:10001df8  PA:10001e18
22817903ns          404679 1c009a34 005c0613 addi             x12, x24, 5         x12=0000000f x24:0000000a
22817923ns          404680 1c009a38 e39ff06f jal              x0, -456           
22818003ns          404684 1c009870 01470713 addi             x14, x14, 20        x14=10001f90 x14:10001f7c
22818022ns          404685 1c009872 01478793 addi             x15, x15, 20        x15=10001f2c x15:10001f18
22818042ns          404686 1c009874 004a0a13 addi             x20, x20, 4         x20=10001f5c x20:10001f58
22818062ns          404687 1c009876 02812683 lw               x13, 40(x2)         x13=10001f0c  x2:10001df8  PA:10001e20
22818082ns          404688 1c009878 00c00c33 add              x24, x0, x12        x24=0000000f x12:0000000f
22818102ns          404689 1c00987a 014f8f93 addi             x31, x31, 20        x31=10001f18 x31:10001f04
22818122ns          404690 1c00987c 90bdd8e3 bge              x27, x11, -1776     x27:00000002 x11:00000003
22818142ns          404691 1c009880 04012c03 lw               x24, 64(x2)         x24=4402d950  x2:10001df8  PA:10001e38
22818162ns          404692 1c009882 04412c83 lw               x25, 68(x2)         x25=422608c9  x2:10001df8  PA:10001e3c
22818182ns          404693 1c009884 02412483 lw               x9, 36(x2)           x9=00000001  x2:10001df8  PA:10001e1c
22818201ns          404694 1c009886 01f00793 addi             x15, x0, 31         x15=0000001f
22818221ns          404695 1c009888 00148493 addi             x9, x9, 1            x9=00000002  x9:00000001
22818241ns          404696 1c00988a 02912223 sw               x9, 36(x2)           x9:00000002  x2:10001df8  PA:10001e1c
22818261ns          404697 1c00988c 00100293 addi             x5, x0, 1            x5=00000001
22818281ns          404698 1c00988e caf49963 bne              x9, x15, -2894       x9:00000002 x15:0000001f
22818380ns          404703 1c008d40 01c12e83 lw               x29, 28(x2)         x29=00000001  x2:10001df8  PA:10001e14
22818420ns          404705 1c008d42 7fddc8e3 blt              x27, x29, 4080      x27:00000002 x29:00000001
22818440ns          404706 1c008d46 41dd8833 sub              x16, x27, x29       x16=00000001 x27:00000002 x29:00000001
22818460ns          404707 1c008d4a 1c0004b7 lui              x9, 0x1c000000       x9=1c000000
22818520ns          404710 1c008d4e fffe8513 addi             x10, x29, -1        x10=00000000 x29:00000001
22818559ns          404712 1c008d52 fffd8793 addi             x15, x27, -1        x15=00000001 x27:00000002
22818579ns          404713 1c008d56 03812603 lw               x12, 56(x2)         x12=10001f0c  x2:10001df8  PA:10001e30
22818599ns          404714 1c008d58 03412303 lw               x6, 52(x2)           x6=10001f08  x2:10001df8  PA:10001e2c
22818619ns          404715 1c008d5a 03012683 lw               x13, 48(x2)         x13=10001f20  x2:10001df8  PA:10001e28
22818639ns          404716 1c008d5c 005005b3 add              x11, x0, x5         x11=00000001  x5:00000001
22818659ns          404717 1c008d5e 00500f33 add              x30, x0, x5         x30=00000001  x5:00000001
22818679ns          404718 1c008d60 01b00433 add              x8, x0, x27          x8=00000002 x27:00000002
22818699ns          404719 1c008d62 00000713 addi             x14, x0, 0          x14=00000000
22818719ns          404720 1c008d66 00100f93 addi             x31, x0, 1          x31=00000001
22818738ns          404721 1c008d68 0244a383 lw               x7, 36(x9)           x7=34000000  x9:1c000000  PA:1c000024
22819057ns          404737 1c008d6c 00180813 addi             x16, x16, 1         x16=00000002 x16:00000001
22819077ns          404738 1c008d6e 7ca7cbe3 blt              x15, x10, 4054      x15:00000001 x10:00000000
22819097ns          404739 1c008d72 078840fb lp.setup         0x1, x16, 0x78      x16:00000002
22819116ns          404740 1c008d76 00062783 lw               x15, 0(x12)         x15=b4d30000 x12:10001f0c  PA:10001f0c
22819136ns          404741 1c008d78 fff40e93 addi             x29, x8, -1         x29=00000001  x8:00000002
22819156ns          404742 1c008d7c a0e79553 flt.s            x10, f15, f14       x10=00000001 f15:b4d30000 f14:00000000
22819196ns          404744 1c008d80 00050363 beq              x10, x0, 6          x10:00000001
22819236ns          404746 1c008d82 20f797d3 fsgnjn.s         f15, f15, f15       f15=xxxxxxxx f15:b4d30000 f15:b4d30000
22819256ns          404747 1c008d86 1c0008b7 lui              x17, 0x1c000000     x17=1c000000
22819276ns          404748 1c008d8a 02088893 addi             x17, x17, 32        x17=1c000020 x17:1c000000
22819335ns          404751 1c008d8e 0008a883 lw               x17, 0(x17)         x17=0d200000 x17:1c000020  PA:1c000020
22819673ns          404768 1c008d92 a1178553 fle.s            x10, f15, f17       x10=00000000 f15:34d30000 f17:0d200000
22819693ns          404769 1c008d96 0c051763 bne              x10, x0, 206        x10:00000000
22819713ns          404770 1c008d98 00032883 lw               x17, 0(x6)          x17=42c2659f  x6:10001f08  PA:10001f08
22819753ns          404772 1c008d9c a0e895d3 flt.s            x11, f17, f14       x11=00000000 f17:42c2659f f14:00000000
22819773ns          404773 1c008da0 01100bb3 add              x23, x0, x17        x23=42c2659f x17:42c2659f
22819793ns          404774 1c008da2 00058363 beq              x11, x0, 6          x11:00000000
22819852ns          404777 1c008da8 0006a503 lw               x10, 0(x13)         x10=422608c9 x13:10001f20  PA:10001f20
22819892ns          404779 1c008daa a0e515d3 flt.s            x11, f10, f14       x11=00000000 f10:422608c9 f14:00000000
22819912ns          404780 1c008dae 00a00e33 add              x28, x0, x10        x28=422608c9 x10:422608c9
22819932ns          404781 1c008db0 00058363 beq              x11, x0, 6          x11:00000000
22820011ns          404785 1c008db6 01cbfbd3 fadd.s           f23, f23, f28       f23=xxxxxxxx f23:42c2659f f28:422608c9
22820031ns          404786 1c008dba a0eba5d3 feq.s            x11, f23, f14       x11=00000000 f23:430ab502 f14:00000000
22820051ns          404787 1c008dbe 00058d63 beq              x11, x0, 26         x11:00000000
22820230ns          404796 1c008dd8 1c0004b7 lui              x9, 0x1c000000       x9=1c000000
22820270ns          404798 1c008ddc 02448493 addi             x9, x9, 36           x9=1c000024  x9:1c000000
22820330ns          404801 1c008de0 0004a483 lw               x9, 0(x9)            x9=34000000  x9:1c000024  PA:1c000024
22820668ns          404818 1c008de2 109bf5d3 fmul.s           f11, f23, f9        f11=xxxxxxxx f23:430ab502  f9:34000000
22820688ns          404819 1c008de6 a0b785d3 fle.s            x11, f15, f11       x11=00000001 f15:34d30000 f11:378ab502
22820708ns          404820 1c008dea 06058863 beq              x11, x0, 112        x11:00000001
22820728ns          404821 1c008dec 01062a83 lw               x21, 16(x12)        x21=37076312 x12:10001f0c  PA:10001f1c
22820767ns          404823 1c008df0 a0ea95d3 flt.s            x11, f21, f14       x11=00000000 f21:37076312 f14:00000000
22820807ns          404825 1c008df4 00058363 beq              x11, x0, 6          x11:00000000
22820887ns          404829 1c008dfa a0fa95d3 flt.s            x11, f21, f15       x11=00000000 f21:37076312 f15:34d30000
22820907ns          404830 1c008dfe 00059463 bne              x11, x0, 8          x11:00000000
22820946ns          404832 1c008e00 00f005b3 add              x11, x0, x15        x11=34d30000 x15:34d30000
22820966ns          404833 1c008e02 015007b3 add              x15, x0, x21        x15=37076312 x21:37076312
22820986ns          404834 1c008e04 00b00ab3 add              x21, x0, x11        x21=34d30000 x11:34d30000
22821006ns          404835 1c008e06 08a8fb53 fsub.s           f22, f17, f10       f22=xxxxxxxx f17:42c2659f f10:422608c9
22821026ns          404836 1c008e0a a0eb15d3 flt.s            x11, f22, f14       x11=00000000 f22:425ec275 f14:00000000
22821046ns          404837 1c008e0e 00058363 beq              x11, x0, 6          x11:00000000
22821125ns          404841 1c008e14 a1cb15d3 flt.s            x11, f22, f28       x11=00000000 f22:425ec275 f28:422608c9
22821145ns          404842 1c008e18 01c00933 add              x18, x0, x28        x18=422608c9 x28:422608c9
22821165ns          404843 1c008e1a 00059363 bne              x11, x0, 6          x11:00000000
22821185ns          404844 1c008e1c 01600933 add              x18, x0, x22        x18=425ec275 x22:425ec275
22821205ns          404845 1c008e1e 01c00b33 add              x22, x0, x28        x22=422608c9 x28:422608c9
22821225ns          404846 1c008e20 00f97c53 fadd.s           f24, f18, f15       f24=xxxxxxxx f18:425ec275 f15:37076312
22821265ns          404848 1c008e24 19897bd3 fdiv.s           f23, f18, f24       f23=xxxxxxxx f18:425ec275 f24:425ec277
22821543ns          404862 1c008e28 117b7bd3 fmul.s           f23, f22, f23       f23=xxxxxxxx f22:422608c9 f23:3f7ffffe
22821563ns          404863 1c008e2c 1c0005b7 lui              x11, 0x1c000000     x11=1c000000
22821583ns          404864 1c008e30 02058593 addi             x11, x11, 32        x11=1c000020 x11:1c000000
22821603ns          404865 1c008e34 107bfbd3 fmul.s           f23, f23, f7        f23=xxxxxxxx f23:422608c8  f7:34000000
22821623ns          404866 1c008e38 0005a503 lw               x10, 0(x11)         x10=0d200000 x11:1c000020  PA:1c000020
22822040ns          404887 1c008e3a a0ab85d3 fle.s            x11, f23, f10       x11=00000000 f23:36a608c8 f10:0d200000
22822060ns          404888 1c008e3e 00059563 bne              x11, x0, 10         x11:00000000
22822080ns          404889 1c008e40 a17ba5d3 feq.s            x11, f23, f23       x11=00000001 f23:36a608c8 f23:36a608c8
22822100ns          404890 1c008e44 00058263 beq              x11, x0, 4          x11:00000001
22822120ns          404891 1c008e46 01700533 add              x10, x0, x23        x10=36a608c8 x23:36a608c8
22822140ns          404892 1c008e48 1987f5d3 fdiv.s           f11, f15, f24       f11=xxxxxxxx f15:37076312 f24:425ec277
22822418ns          404906 1c008e4c 10baf5d3 fmul.s           f11, f21, f11       f11=xxxxxxxx f21:34d30000 f11:341b96ec
22822438ns          404907 1c008e50 a0a585d3 fle.s            x11, f11, f10       x11=00000001 f11:29803d65 f10:36a608c8
22822458ns          404908 1c008e54 08059e63 bne              x11, x0, 156        x11:00000001
22822558ns          404913 1c008ef0 00100593 addi             x11, x0, 1          x11=00000001
22822577ns          404914 1c008ef2 00100f13 addi             x30, x0, 1          x30=00000001
22822597ns          404915 1c008ef4 f73ff06f jal              x0, -142           
22822717ns          404921 1c008e66 00140e13 addi             x28, x8, 1          x28=00000003  x8:00000002
22822737ns          404922 1c008e6a 01c12e23 sw               x28, 28(x2)         x28:00000003  x2:10001df8  PA:10001e14
22822756ns          404923 1c008e6c 00805e63 bge              x0, x8, 28           x8:00000002
22822796ns          404925 1c008e70 fff40693 addi             x13, x8, -1         x13=00000001  x8:00000002
22822836ns          404927 1c008e74 00269713 slli             x14, x13, 0x2       x14=00000004 x13:00000001
22822856ns          404928 1c008e78 00d70733 add              x14, x14, x13       x14=00000005 x14:00000004 x13:00000001
22822876ns          404929 1c008e7a 00870733 add              x14, x14, x8        x14=00000007 x14:00000005  x8:00000002
22822896ns          404930 1c008e7c 01812e83 lw               x29, 24(x2)         x29=10001ef0  x2:10001df8  PA:10001e10
22822916ns          404931 1c008e7e 00271713 slli             x14, x14, 0x2       x14=0000001c x14:00000007
22822935ns          404932 1c008e80 00000313 addi             x6, x0, 0            x6=00000000
22822975ns          404934 1c008e84 006ee723 p.sw             x6, x0(x29)          x6:00000000 x29:10001ef0  PA:10001f0c
22822995ns          404935 1c008e88 01c12383 lw               x7, 28(x2)           x7=00000003  x2:10001df8  PA:10001e14
22823035ns          404937 1c008e8a 07b3cb63 blt              x7, x27, 118         x7:00000003 x27:00000002
22823055ns          404938 1c008e8e 01900733 add              x14, x0, x25        x14=422608c9 x25:422608c9
22823075ns          404939 1c008e90 013006b3 add              x13, x0, x19        x13=40000000 x19:40000000
22823095ns          404940 1c008e92 01800cb3 add              x25, x0, x24        x25=425ec277 x24:425ec277
22823114ns          404941 1c008e94 015009b3 add              x19, x0, x21        x19=34d30000 x21:34d30000
22823134ns          404942 1c008e96 01812d03 lw               x26, 24(x2)         x26=10001ef0  x2:10001df8  PA:10001e10
22823154ns          404943 1c008e98 00d00ab3 add              x21, x0, x13        x21=40000000 x13:40000000
22823174ns          404944 1c008e9a 00e00c33 add              x24, x0, x14        x24=422608c9 x14:422608c9
22823194ns          404945 1c008e9c 000f0463 beq              x30, x0, 8          x30:00000001
22823214ns          404946 1c008ea0 10e0106f jal              x0, 4366           
22823293ns          404950 1c009fae 07212823 sw               x18, 112(x2)        x18:425ec275  x2:10001df8  PA:10001e68
22823373ns          404954 1c009fb0 ef5fe06f jal              x0, -4364          
22823413ns          404956 1c008ea4 00058263 beq              x11, x0, 4          x11:00000001
22823433ns          404957 1c008ea6 07712023 sw               x23, 96(x2)         x23:36a608c8  x2:10001df8  PA:10001e58
22823453ns          404958 1c008ea8 00028363 beq              x5, x0, 6            x5:00000001
22823472ns          404959 1c008eac 07512e23 sw               x21, 124(x2)        x21:40000000  x2:10001df8  PA:10001e74
22823512ns          404961 1c008eae 000f0463 beq              x30, x0, 8          x30:00000001
22823552ns          404963 1c008eb2 1060106f jal              x0, 4358           
22823592ns          404965 1c009fb8 06f12423 sw               x15, 104(x2)        x15:37076312  x2:10001df8  PA:10001e60
22823612ns          404966 1c009fba 07312623 sw               x19, 108(x2)        x19:34d30000  x2:10001df8  PA:10001e64
22823632ns          404967 1c009fbc 07612223 sw               x22, 100(x2)        x22:422608c9  x2:10001df8  PA:10001e5c
22823671ns          404969 1c009fbe 00028763 beq              x5, x0, 14           x5:00000001
22823691ns          404970 1c009fc2 07812c23 sw               x24, 120(x2)        x24:422608c9  x2:10001df8  PA:10001e70
22823711ns          404971 1c009fc4 000f1463 bne              x30, x0, 8          x30:00000001
22823771ns          404974 1c009fcc 07912a23 sw               x25, 116(x2)        x25:425ec277  x2:10001df8  PA:10001e6c
22823831ns          404977 1c009fce ef1fe06f jal              x0, -4368          
22823870ns          404979 1c008ebe 01c12483 lw               x9, 28(x2)           x9=00000003  x2:10001df8  PA:10001e14
22823930ns          404982 1c008ec0 001d8793 addi             x15, x27, 1         x15=00000003 x27:00000002
22823970ns          404984 1c008ec4 00978463 beq              x15, x9, 8          x15:00000003  x9:00000003
22824029ns          404987 1c008ecc fff40d93 addi             x27, x8, -1         x27=00000001  x8:00000002
22824089ns          404990 1c008ed0 dc0ddae3 bge              x27, x0, -556       x27:00000001
22824228ns          404997 1c008ca4 fffd8c13 addi             x24, x27, -1        x24=00000000 x27:00000001
22824268ns          404999 1c008ca8 002c1793 slli             x15, x24, 0x2       x15=00000000 x24:00000000
22824288ns          405000 1c008cac 018787b3 add              x15, x15, x24       x15=00000000 x15:00000000 x24:00000000
22824308ns          405001 1c008cae 02f12e23 sw               x15, 60(x2)         x15:00000000  x2:10001df8  PA:10001e34
22824348ns          405003 1c008cb0 03c12e03 lw               x28, 60(x2)         x28=00000000  x2:10001df8  PA:10001e34
22824387ns          405005 1c008cb2 400007b7 lui              x15, 0x40000000     x15=40000000
22824407ns          405006 1c008cb6 fff78713 addi             x14, x15, -1        x14=3fffffff x15:40000000
22824427ns          405007 1c008cba 01be0533 add              x10, x28, x27       x10=00000001 x28:00000000 x27:00000001
22824487ns          405010 1c008cbe 00e505b3 add              x11, x10, x14       x11=40000000 x10:00000001 x14:3fffffff
22824527ns          405012 1c008cc2 001d9613 slli             x12, x27, 0x1       x12=00000002 x27:00000001
22824547ns          405013 1c008cc6 fee78693 addi             x13, x15, -18       x13=3fffffee x15:40000000
22824566ns          405014 1c008cca ffbe0893 addi             x17, x28, -5        x17=fffffffb x28:00000000
22824586ns          405015 1c008cce 01b70733 add              x14, x14, x27       x14=40000000 x14:3fffffff x27:00000001
22824626ns          405017 1c008cd0 01b607b3 add              x15, x12, x27       x15=00000003 x12:00000002 x27:00000001
22824666ns          405019 1c008cd4 005e0813 addi             x16, x28, 5         x16=00000005 x28:00000000
22824686ns          405020 1c008cd8 01170733 add              x14, x14, x17       x14=3ffffffb x14:40000000 x17:fffffffb
22824706ns          405021 1c008cda 01b686b3 add              x13, x13, x27       x13=3fffffef x13:3fffffee x27:00000001
22824726ns          405022 1c008cdc 00379793 slli             x15, x15, 0x3       x15=00000018 x15:00000003
22824765ns          405024 1c008cde 00259613 slli             x12, x11, 0x2       x12=00000000 x11:40000000
22824785ns          405025 1c008ce2 010686b3 add              x13, x13, x16       x13=3ffffff4 x13:3fffffef x16:00000005
22824805ns          405026 1c008ce4 07c12a83 lw               x21, 124(x2)        x21=40000000  x2:10001df8  PA:10001e74
22824825ns          405027 1c008ce6 03812623 sw               x24, 44(x2)         x24:00000000  x2:10001df8  PA:10001e24
22824845ns          405028 1c008ce8 00271713 slli             x14, x14, 0x2       x14=ffffffec x14:3ffffffb
22824865ns          405029 1c008cea 07812c03 lw               x24, 120(x2)        x24=422608c9  x2:10001df8  PA:10001e70
22824885ns          405030 1c008cec 01a70733 add              x14, x14, x26       x14=10001edc x14:ffffffec x26:10001ef0
22824964ns          405034 1c008cee 00460893 addi             x17, x12, 4         x17=00000004 x12:00000000
22825004ns          405036 1c008cf2 ffc78813 addi             x16, x15, -4        x16=00000014 x15:00000018
22825024ns          405037 1c008cf6 fe478593 addi             x11, x15, -28       x11=fffffffc x15:00000018
22825044ns          405038 1c008cfa 06c12983 lw               x19, 108(x2)        x19=34d30000  x2:10001df8  PA:10001e64
22825064ns          405039 1c008cfc 01a787b3 add              x15, x15, x26       x15=10001f08 x15:00000018 x26:10001ef0
22825084ns          405040 1c008cfe 07412c83 lw               x25, 116(x2)        x25=425ec277  x2:10001df8  PA:10001e6c
22825104ns          405041 1c008d00 00251513 slli             x10, x10, 0x2       x10=00000004 x10:00000001
22825123ns          405042 1c008d02 00269693 slli             x13, x13, 0x2       x13=ffffffd0 x13:3ffffff4
22825143ns          405043 1c008d04 06812a03 lw               x20, 104(x2)        x20=37076312  x2:10001df8  PA:10001e60
22825163ns          405044 1c008d06 01a60633 add              x12, x12, x26       x12=10001ef0 x12:00000000 x26:10001ef0
22825183ns          405045 1c008d08 01a888b3 add              x17, x17, x26       x17=10001ef4 x17:00000004 x26:10001ef0
22825203ns          405046 1c008d0a 01a80833 add              x16, x16, x26       x16=10001f04 x16:00000014 x26:10001ef0
22825223ns          405047 1c008d0c 01a50533 add              x10, x10, x26       x10=10001ef4 x10:00000004 x26:10001ef0
22825243ns          405048 1c008d0e 01a686b3 add              x13, x13, x26       x13=10001ec0 x13:ffffffd0 x26:10001ef0
22825263ns          405049 1c008d10 01a585b3 add              x11, x11, x26       x11=10001eec x11:fffffffc x26:10001ef0
22825283ns          405050 1c008d12 02f12823 sw               x15, 48(x2)         x15:10001f08  x2:10001df8  PA:10001e28
22825302ns          405051 1c008d14 04e12e23 sw               x14, 92(x2)         x14:10001edc  x2:10001df8  PA:10001e54
22825322ns          405052 1c008d16 018007b3 add              x15, x0, x24        x15=422608c9 x24:422608c9
22825342ns          405053 1c008d18 01500733 add              x14, x0, x21        x14=40000000 x21:40000000
22825362ns          405054 1c008d1a 00100e93 addi             x29, x0, 1          x29=00000001
22825382ns          405055 1c008d1c 06012b83 lw               x23, 96(x2)         x23=36a608c8  x2:10001df8  PA:10001e58
22825402ns          405056 1c008d1e 07012903 lw               x18, 112(x2)        x18=425ec275  x2:10001df8  PA:10001e68
22825422ns          405057 1c008d20 06412b03 lw               x22, 100(x2)        x22=422608c9  x2:10001df8  PA:10001e5c
22825442ns          405058 1c008d22 01900c33 add              x24, x0, x25        x24=425ec277 x25:425ec277
22825462ns          405059 1c008d24 01300ab3 add              x21, x0, x19        x21=34d30000 x19:34d30000
22825481ns          405060 1c008d26 01a12c23 sw               x26, 24(x2)         x26:10001ef0  x2:10001df8  PA:10001e10
22825501ns          405061 1c008d28 02c12a23 sw               x12, 52(x2)         x12:10001ef0  x2:10001df8  PA:10001e2c
22825521ns          405062 1c008d2a 05112a23 sw               x17, 84(x2)         x17:10001ef4  x2:10001df8  PA:10001e4c
22825541ns          405063 1c008d2c 05012c23 sw               x16, 88(x2)         x16:10001f04  x2:10001df8  PA:10001e50
22825561ns          405064 1c008d2e 02a12c23 sw               x10, 56(x2)         x10:10001ef4  x2:10001df8  PA:10001e30
22825581ns          405065 1c008d30 04d12423 sw               x13, 72(x2)         x13:10001ec0  x2:10001df8  PA:10001e40
22825601ns          405066 1c008d32 04b12623 sw               x11, 76(x2)         x11:10001eec  x2:10001df8  PA:10001e44
22825621ns          405067 1c008d34 00000293 addi             x5, x0, 0            x5=00000000
22825641ns          405068 1c008d36 01d12e23 sw               x29, 28(x2)         x29:00000001  x2:10001df8  PA:10001e14
22825660ns          405069 1c008d38 02012223 sw               x0, 36(x2)           x2:10001df8  PA:10001e1c
22825680ns          405070 1c008d3a 01400d33 add              x26, x0, x20        x26=37076312 x20:37076312
22825700ns          405071 1c008d3c 00e009b3 add              x19, x0, x14        x19=40000000 x14:40000000
22825720ns          405072 1c008d3e 00f00cb3 add              x25, x0, x15        x25=422608c9 x15:422608c9
22825740ns          405073 1c008d40 01c12e83 lw               x29, 28(x2)         x29=00000001  x2:10001df8  PA:10001e14
22825780ns          405075 1c008d42 7fddc8e3 blt              x27, x29, 4080      x27:00000001 x29:00000001
22825800ns          405076 1c008d46 41dd8833 sub              x16, x27, x29       x16=00000000 x27:00000001 x29:00000001
22825820ns          405077 1c008d4a 1c0004b7 lui              x9, 0x1c000000       x9=1c000000
22825859ns          405079 1c008d4e fffe8513 addi             x10, x29, -1        x10=00000000 x29:00000001
22825899ns          405081 1c008d52 fffd8793 addi             x15, x27, -1        x15=00000000 x27:00000001
22825919ns          405082 1c008d56 03812603 lw               x12, 56(x2)         x12=10001ef4  x2:10001df8  PA:10001e30
22825939ns          405083 1c008d58 03412303 lw               x6, 52(x2)           x6=10001ef0  x2:10001df8  PA:10001e2c
22825959ns          405084 1c008d5a 03012683 lw               x13, 48(x2)         x13=10001f08  x2:10001df8  PA:10001e28
22825979ns          405085 1c008d5c 005005b3 add              x11, x0, x5         x11=00000000  x5:00000000
22825999ns          405086 1c008d5e 00500f33 add              x30, x0, x5         x30=00000000  x5:00000000
22826019ns          405087 1c008d60 01b00433 add              x8, x0, x27          x8=00000001 x27:00000001
22826038ns          405088 1c008d62 00000713 addi             x14, x0, 0          x14=00000000
22826058ns          405089 1c008d66 00100f93 addi             x31, x0, 1          x31=00000001
22826078ns          405090 1c008d68 0244a383 lw               x7, 36(x9)           x7=34000000  x9:1c000000  PA:1c000024
22826377ns          405105 1c008d6c 00180813 addi             x16, x16, 1         x16=00000001 x16:00000000
22826396ns          405106 1c008d6e 7ca7cbe3 blt              x15, x10, 4054      x15:00000000 x10:00000000
22826416ns          405107 1c008d72 078840fb lp.setup         0x1, x16, 0x78      x16:00000001
22826436ns          405108 1c008d76 00062783 lw               x15, 0(x12)         x15=c002a99e x12:10001ef4  PA:10001ef4
22826456ns          405109 1c008d78 fff40e93 addi             x29, x8, -1         x29=00000000  x8:00000001
22826476ns          405110 1c008d7c a0e79553 flt.s            x10, f15, f14       x10=00000001 f15:c002a99e f14:00000000
22826516ns          405112 1c008d80 00050363 beq              x10, x0, 6          x10:00000001
22826556ns          405114 1c008d82 20f797d3 fsgnjn.s         f15, f15, f15       f15=xxxxxxxx f15:c002a99e f15:c002a99e
22826575ns          405115 1c008d86 1c0008b7 lui              x17, 0x1c000000     x17=1c000000
22826595ns          405116 1c008d8a 02088893 addi             x17, x17, 32        x17=1c000020 x17:1c000000
22826655ns          405119 1c008d8e 0008a883 lw               x17, 0(x17)         x17=0d200000 x17:1c000020  PA:1c000020
22827013ns          405137 1c008d92 a1178553 fle.s            x10, f15, f17       x10=00000000 f15:4002a99e f17:0d200000
22827033ns          405138 1c008d96 0c051763 bne              x10, x0, 206        x10:00000000
22827053ns          405139 1c008d98 00032883 lw               x17, 0(x6)          x17=440b101f  x6:10001ef0  PA:10001ef0
22827093ns          405141 1c008d9c a0e895d3 flt.s            x11, f17, f14       x11=00000000 f17:440b101f f14:00000000
22827112ns          405142 1c008da0 01100bb3 add              x23, x0, x17        x23=440b101f x17:440b101f
22827132ns          405143 1c008da2 00058363 beq              x11, x0, 6          x11:00000000
22827192ns          405146 1c008da8 0006a503 lw               x10, 0(x13)         x10=42c2659f x13:10001f08  PA:10001f08
22827252ns          405149 1c008daa a0e515d3 flt.s            x11, f10, f14       x11=00000000 f10:42c2659f f14:00000000
22827272ns          405150 1c008dae 00a00e33 add              x28, x0, x10        x28=42c2659f x10:42c2659f
22827292ns          405151 1c008db0 00058363 beq              x11, x0, 6          x11:00000000
22827371ns          405155 1c008db6 01cbfbd3 fadd.s           f23, f23, f28       f23=xxxxxxxx f23:440b101f f28:42c2659f
22827391ns          405156 1c008dba a0eba5d3 feq.s            x11, f23, f14       x11=00000000 f23:44235cd3 f14:00000000
22827411ns          405157 1c008dbe 00058d63 beq              x11, x0, 26         x11:00000000
22827510ns          405162 1c008dd8 1c0004b7 lui              x9, 0x1c000000       x9=1c000000
22827550ns          405164 1c008ddc 02448493 addi             x9, x9, 36           x9=1c000024  x9:1c000000
22827610ns          405167 1c008de0 0004a483 lw               x9, 0(x9)            x9=34000000  x9:1c000024  PA:1c000024
22827948ns          405184 1c008de2 109bf5d3 fmul.s           f11, f23, f9        f11=xxxxxxxx f23:44235cd3  f9:34000000
22827968ns          405185 1c008de6 a0b785d3 fle.s            x11, f15, f11       x11=00000000 f15:4002a99e f11:38a35cd3
22827988ns          405186 1c008dea 06058863 beq              x11, x0, 112        x11:00000000
22828127ns          405193 1c008e5a fe868693 addi             x13, x13, -24       x13=10001ef0 x13:10001f08
22828167ns          405195 1c008e5c fe830313 addi             x6, x6, -24          x6=10001ed8  x6:10001ef0
22828187ns          405196 1c008e5e fe860613 addi             x12, x12, -24       x12=10001edc x12:10001ef4
22828226ns          405198 1c008e60 01d00433 add              x8, x0, x29          x8=00000000 x29:00000000
22828246ns          405199 1c008e62 00100593 addi             x11, x0, 1          x11=00000001
22828266ns          405200 1c008e64 01a007b3 add              x15, x0, x26        x15=37076312 x26:37076312
22828286ns          405201 1c008e66 00140e13 addi             x28, x8, 1          x28=00000001  x8:00000000
22828306ns          405202 1c008e6a 01c12e23 sw               x28, 28(x2)         x28:00000001  x2:10001df8  PA:10001e14
22828326ns          405203 1c008e6c 00805e63 bge              x0, x8, 28           x8:00000000
22828405ns          405207 1c008e88 01c12383 lw               x7, 28(x2)           x7=00000001  x2:10001df8  PA:10001e14
22828445ns          405209 1c008e8a 07b3cb63 blt              x7, x27, 118         x7:00000001 x27:00000001
22828465ns          405210 1c008e8e 01900733 add              x14, x0, x25        x14=422608c9 x25:422608c9
22828485ns          405211 1c008e90 013006b3 add              x13, x0, x19        x13=40000000 x19:40000000
22828505ns          405212 1c008e92 01800cb3 add              x25, x0, x24        x25=425ec277 x24:425ec277
22828525ns          405213 1c008e94 015009b3 add              x19, x0, x21        x19=34d30000 x21:34d30000
22828545ns          405214 1c008e96 01812d03 lw               x26, 24(x2)         x26=10001ef0  x2:10001df8  PA:10001e10
22828565ns          405215 1c008e98 00d00ab3 add              x21, x0, x13        x21=40000000 x13:40000000
22828584ns          405216 1c008e9a 00e00c33 add              x24, x0, x14        x24=422608c9 x14:422608c9
22828604ns          405217 1c008e9c 000f0463 beq              x30, x0, 8          x30:00000000
22828664ns          405220 1c008ea4 00058263 beq              x11, x0, 4          x11:00000001
22828684ns          405221 1c008ea6 07712023 sw               x23, 96(x2)         x23:44235cd3  x2:10001df8  PA:10001e58
22828704ns          405222 1c008ea8 00028363 beq              x5, x0, 6            x5:00000000
22828783ns          405226 1c008eae 000f0463 beq              x30, x0, 8          x30:00000000
22828863ns          405230 1c008eb6 00028463 beq              x5, x0, 8            x5:00000000
22828982ns          405236 1c008ebe 01c12483 lw               x9, 28(x2)           x9=00000001  x2:10001df8  PA:10001e14
22829002ns          405237 1c008ec0 001d8793 addi             x15, x27, 1         x15=00000002 x27:00000001
22829022ns          405238 1c008ec4 00978463 beq              x15, x9, 8          x15:00000002  x9:00000001
22829042ns          405239 1c008ec8 69b484e3 beq              x9, x27, 3720        x9:00000001 x27:00000001
22829201ns          405247 1c009d50 03c12303 lw               x6, 60(x2)           x6=00000000  x2:10001df8  PA:10001e34
22829221ns          405248 1c009d52 03012c03 lw               x24, 48(x2)         x24=10001f08  x2:10001df8  PA:10001e28
22829241ns          405249 1c009d54 009307b3 add              x15, x6, x9         x15=00000001  x6:00000000  x9:00000001
22829261ns          405250 1c009d58 00279793 slli             x15, x15, 0x2       x15=00000004 x15:00000001
22829281ns          405251 1c009d5a 05812383 lw               x7, 88(x2)           x7=10001f04  x2:10001df8  PA:10001e50
22829300ns          405252 1c009d5c 00fd04b3 add              x9, x26, x15         x9=10001ef4 x26:10001ef0 x15:00000004
22829340ns          405254 1c009d60 ffc78513 addi             x10, x15, -4        x10=00000000 x15:00000004
22829380ns          405256 1c009d64 08010793 addi             x15, x2, 128        x15=10001e78  x2:10001df8
22829400ns          405257 1c009d66 0003ae83 lw               x29, 0(x7)          x29=c002a9db  x7:10001f04  PA:10001f04
22829420ns          405258 1c009d6a 0004ae03 lw               x28, 0(x9)          x28=c002a99e  x9:10001ef4  PA:10001ef4
22829479ns          405261 1c009d6e 000c2303 lw               x6, 0(x24)           x6=42c2659f x24:10001f08  PA:10001f08
22829499ns          405262 1c009d72 00f12223 sw               x15, 4(x2)          x15:10001e78  x2:10001df8  PA:10001dfc
22829519ns          405263 1c009d74 07410793 addi             x15, x2, 116        x15=10001e6c  x2:10001df8
22829539ns          405264 1c009d76 00f12023 sw               x15, 0(x2)          x15:10001e6c  x2:10001df8  PA:10001df8
22829559ns          405265 1c009d78 06410613 addi             x12, x2, 100        x12=10001e5c  x2:10001df8
22829579ns          405266 1c009d7a 06c10793 addi             x15, x2, 108        x15=10001e64  x2:10001df8
22829599ns          405267 1c009d7c 06010593 addi             x11, x2, 96         x11=10001e58  x2:10001df8
22829619ns          405268 1c009d7e 07810893 addi             x17, x2, 120        x17=10001e70  x2:10001df8
22829659ns          405270 1c009d82 07c10813 addi             x16, x2, 124        x16=10001e74  x2:10001df8
22829678ns          405271 1c009d86 06810713 addi             x14, x2, 104        x14=10001e60  x2:10001df8
22829698ns          405272 1c009d88 07010693 addi             x13, x2, 112        x13=10001e68  x2:10001df8
22829718ns          405273 1c009d8a 01a50533 add              x10, x10, x26       x10=10001ef0 x10:00000000 x26:10001ef0
22829738ns          405274 1c009d8c 07d12023 sw               x29, 96(x2)         x29:c002a9db  x2:10001df8  PA:10001e58
22829758ns          405275 1c009d8e 07c12223 sw               x28, 100(x2)        x28:c002a99e  x2:10001df8  PA:10001e5c
22829778ns          405276 1c009d90 06612823 sw               x6, 112(x2)          x6:42c2659f  x2:10001df8  PA:10001e68
22829798ns          405277 1c009d92 9e5fe0ef jal              x1, -5660            x1=1c009d96
22829917ns          405283 1c008776 00062e03 lw               x28, 0(x12)         x28=c002a99e x12:10001e5c  PA:10001e5c
22829937ns          405284 1c00877a 00000313 addi             x6, x0, 0            x6=00000000
22829997ns          405287 1c00877e a06e2fd3 feq.s            x31, f28, f6        x31=00000000 f28:c002a99e  f6:00000000
22830017ns          405288 1c008782 fe010113 addi             x2, x2, -32          x2=10001dd8  x2:10001df8
22830036ns          405289 1c008784 00812e23 sw               x8, 28(x2)           x8:00000000  x2:10001dd8  PA:10001df4
22830056ns          405290 1c008786 00912c23 sw               x9, 24(x2)           x9:10001ef4  x2:10001dd8  PA:10001df0
22830076ns          405291 1c008788 01212a23 sw               x18, 20(x2)         x18:425ec275  x2:10001dd8  PA:10001dec
22830096ns          405292 1c00878a 01312823 sw               x19, 16(x2)         x19:34d30000  x2:10001dd8  PA:10001de8
22830116ns          405293 1c00878c 01412623 sw               x20, 12(x2)         x20:37076312  x2:10001dd8  PA:10001de4
22830136ns          405294 1c00878e 01512423 sw               x21, 8(x2)          x21:40000000  x2:10001dd8  PA:10001de0
22830156ns          405295 1c008790 01612223 sw               x22, 4(x2)          x22:422608c9  x2:10001dd8  PA:10001ddc
22830176ns          405296 1c008792 02012e83 lw               x29, 32(x2)         x29=10001e6c  x2:10001dd8  PA:10001df8
22830196ns          405297 1c008794 02412f03 lw               x30, 36(x2)         x30=10001e78  x2:10001dd8  PA:10001dfc
22830215ns          405298 1c008796 060f9563 bne              x31, x0, 106        x31:00000000
22830235ns          405299 1c00879a 0005af83 lw               x31, 0(x11)         x31=c002a9db x11:10001e58  PA:10001e58
22830275ns          405301 1c00879e a06fa2d3 feq.s            x5, f31, f6          x5=00000000 f31:c002a9db  f6:00000000
22830315ns          405303 1c0087a2 02028b63 beq              x5, x0, 54           x5:00000000
22830434ns          405309 1c0087d8 00052383 lw               x7, 0(x10)           x7=440b101f x10:10001ef0  PA:10001ef0
22830474ns          405311 1c0087dc 0006a283 lw               x5, 0(x13)           x5=42c2659f x13:10001e68  PA:10001e68
22830932ns          405334 1c0087e0 0853f2d3 fsub.s           f5, f7, f5           f5=xxxxxxxx  f7:440b101f  f5:42c2659f
22830971ns          405336 1c0087e4 a062a3d3 feq.s            x7, f5, f6           x7=00000000  f5:43e586d6  f6:00000000
22830991ns          405337 1c0087e8 08038f63 beq              x7, x0, 158          x7:00000000
22831190ns          405347 1c008886 00000393 addi             x7, x0, 0            x7=00000000
22831210ns          405348 1c00888a 1c000a37 lui              x20, 0x1c000000     x20=1c000000
22831270ns          405351 1c00888e a07f93d3 flt.s            x7, f31, f7          x7=00000001 f31:c002a9db  f7:00000000
22831309ns          405353 1c008892 040a2303 lw               x6, 64(x20)          x6=3f000000 x20:1c000000  PA:1c000040
22831687ns          405372 1c008896 01f009b3 add              x19, x0, x31        x19=c002a9db x31:c002a9db
22831707ns          405373 1c008898 1062f353 fmul.s           f6, f5, f6           f6=xxxxxxxx  f5:43e586d6  f6:3f000000
22831727ns          405374 1c00889c 00038463 beq              x7, x0, 8            x7:00000001
22831747ns          405375 1c0088a0 21ff99d3 fsgnjn.s         f19, f31, f31       f19=xxxxxxxx f31:c002a9db f31:c002a9db
22831767ns          405376 1c0088a4 00000393 addi             x7, x0, 0            x7=00000000
22831787ns          405377 1c0088a8 a07e13d3 flt.s            x7, f28, f7          x7=00000001 f28:c002a99e  f7:00000000
22831807ns          405378 1c0088ac 32039463 bne              x7, x0, 808          x7:00000001
22832324ns          405404 1c008bd4 21ce13d3 fsgnjn.s         f7, f28, f28         f7=xxxxxxxx f28:c002a99e f28:c002a99e
22832364ns          405406 1c008bd8 cdbff06f jal              x0, -806           
22832423ns          405409 1c0088b2 a1338453 fle.s            x8, f7, f19          x8=00000001  f7:4002a99e f19:4002a9db
22832443ns          405410 1c0088b6 12041663 bne              x8, x0, 300          x8:00000001
22832602ns          405418 1c0089e2 01300933 add              x18, x0, x19        x18=4002a9db x19:4002a9db
22832642ns          405420 1c0089e4 a0798453 fle.s            x8, f19, f7          x8=00000000 f19:4002a9db  f7:4002a99e
22832662ns          405421 1c0089e8 ec041ee3 bne              x8, x0, -292         x8:00000000
22832682ns          405422 1c0089ec a073a453 feq.s            x8, f7, f7           x8=00000001  f7:4002a99e  f7:4002a99e
22832742ns          405425 1c0089f0 ec040ae3 beq              x8, x0, -300         x8:00000001
22832781ns          405427 1c0089f4 007009b3 add              x19, x0, x7         x19=4002a99e  x7:4002a99e
22832801ns          405428 1c0089f6 ecfff06f jal              x0, -306           
22832841ns          405430 1c0088c4 00000393 addi             x7, x0, 0            x7=00000000
22832861ns          405431 1c0088c8 a07f93d3 flt.s            x7, f31, f7          x7=00000001 f31:c002a9db  f7:00000000
22832881ns          405432 1c0088cc 00038463 beq              x7, x0, 8            x7:00000001
22832940ns          405435 1c0088d0 213999d3 fsgnjn.s         f19, f19, f19       f19=xxxxxxxx f19:4002a99e f19:4002a99e
22832980ns          405437 1c0088d4 00000393 addi             x7, x0, 0            x7=00000000
22833000ns          405438 1c0088d8 a07e13d3 flt.s            x7, f28, f7          x7=00000001 f28:c002a99e  f7:00000000
22833020ns          405439 1c0088dc 00038463 beq              x7, x0, 8            x7:00000001
22833080ns          405442 1c0088e0 213999d3 fsgnjn.s         f19, f19, f19       f19=xxxxxxxx f19:c002a99e f19:c002a99e
22833120ns          405444 1c0088e4 00000393 addi             x7, x0, 0            x7=00000000
22833139ns          405445 1c0088e8 a07313d3 flt.s            x7, f6, f7           x7=00000000  f6:436586d6  f7:00000000
22833159ns          405446 1c0088ec 2e039763 bne              x7, x0, 750          x7:00000000
22833219ns          405449 1c0088f0 006003b3 add              x7, x0, x6           x7=436586d6  x6:436586d6
22833259ns          405451 1c0088f2 a0790453 fle.s            x8, f18, f7          x8=00000001 f18:4002a9db  f7:436586d6
22833279ns          405452 1c0088f6 00041563 bne              x8, x0, 10           x8:00000001
22833398ns          405458 1c008900 1c0004b7 lui              x9, 0x1c000000       x9=1c000000
22833418ns          405459 1c008904 04c4a403 lw               x8, 76(x9)           x8=3f800000  x9:1c000000  PA:1c00004c
22833756ns          405476 1c008908 18747453 fdiv.s           f8, f8, f7           f8=xxxxxxxx  f8:3f800000  f7:436586d6
22834034ns          405490 1c00890c 11247ad3 fmul.s           f21, f8, f18        f21=xxxxxxxx  f8:3b8ec36a f18:4002a9db
22834054ns          405491 1c008910 10837453 fmul.s           f8, f6, f8           f8=xxxxxxxx  f6:436586d6  f8:3b8ec36a
22834074ns          405492 1c008914 113afad3 fmul.s           f21, f21, f19       f21=xxxxxxxx f21:3c11bbea f19:4002a99e
22834094ns          405493 1c008918 a8647443 fmadd.s          f8, f8, f6, f21      f8=xxxxxxxx  f8:3f7fffff  f6:436586d6 f21:3c94c3f8
22834114ns          405494 1c00891c 1c000ab7 lui              x21, 0x1c000000     x21=1c000000
22834213ns          405499 1c008920 044aaa83 lw               x21, 68(x21)        x21=26800000 x21:1c000000  PA:1c000044
22834572ns          405517 1c008924 a08a8ad3 fle.s            x21, f21, f8        x21=00000001 f21:26800000  f8:43658b7b
22834591ns          405518 1c008928 0c0a8863 beq              x21, x0, 208        x21:00000001
22834611ns          405519 1c00892c 5803f3d3 fsqrt.s          f7, f7               f7=xxxxxxxx  f7:436586d6
22834631ns          405520 1c008930 58047453 fsqrt.s          f8, f8               f8=xxxxxxxx  f8:43658b7b
22835188ns          405548 1c008934 00000e13 addi             x28, x0, 0          x28=xxxxxxxx
22835447ns          405561 1c008938 1083f453 fmul.s           f8, f7, f8           f8=xxxxxxxx  f7:417266f8  f8:4172696c
22835467ns          405562 1c00893c a1c31e53 flt.s            x28, f6, f28        x28=00000000  f6:436586d6 f28:00000000
22835487ns          405563 1c008940 00852023 sw               x8, 0(x10)           x8:43658929 x10:10001ef0  PA:10001ef0
22835506ns          405564 1c008942 000e0463 beq              x28, x0, 8          x28:00000000
22835646ns          405571 1c00894a 00647353 fadd.s           f6, f8, f6           f6=xxxxxxxx  f8:43658929  f6:436586d6
22835666ns          405572 1c00894e 0006af83 lw               x31, 0(x13)         x31=42c2659f x13:10001e68  PA:10001e68
22835685ns          405573 1c008952 18697e53 fdiv.s           f28, f18, f6        f28=xxxxxxxx f18:4002a9db  f6:43e58800
22835745ns          405576 1c008956 006fffd3 fadd.s           f31, f31, f6        f31=xxxxxxxx f31:42c2659f  f6:43e58800
22836024ns          405590 1c00895a 01f52023 sw               x31, 0(x10)         x31:440b10b4 x10:10001ef0  PA:10001ef0
22836043ns          405591 1c00895e 0006af83 lw               x31, 0(x13)         x31=42c2659f x13:10001e68  PA:10001e68
22836083ns          405593 1c008962 f93e7e4b fnmsub.s         f28, f28, f19, f31  f28=xxxxxxxx f28:3b91bb2d f19:4002a99e f31:42c2659f
22836103ns          405594 1c008966 00000f93 addi             x31, x0, 0          x31=00000000
22836123ns          405595 1c00896a 01c6a023 sw               x28, 0(x13)         x28:42c260f9 x13:10001e68  PA:10001e68
22836163ns          405597 1c00896e 00062e03 lw               x28, 0(x12)         x28=c002a99e x12:10001e5c  PA:10001e5c
22836203ns          405599 1c008972 a1fe1fd3 flt.s            x31, f28, f31       x31=00000001 f28:c002a99e f31:00000000
22836222ns          405600 1c008976 000f8463 beq              x31, x0, 8          x31:00000001
22836242ns          405601 1c00897a 21ce1e53 fsgnjn.s         f28, f28, f28       f28=xxxxxxxx f28:c002a99e f28:c002a99e
22836302ns          405604 1c00897e 00000f93 addi             x31, x0, 0          x31=00000000
22836342ns          405606 1c008982 a1f31fd3 flt.s            x31, f6, f31        x31=00000000  f6:43e58800 f31:00000000
22836362ns          405607 1c008986 280f9a63 bne              x31, x0, 660        x31:00000000
22836382ns          405608 1c00898a 00600fb3 add              x31, x0, x6         x31=43e58800  x6:43e58800
22836401ns          405609 1c00898c a1fe12d3 flt.s            x5, f28, f31         x5=00000001 f28:4002a99e f31:43e58800
22836441ns          405611 1c008990 24029c63 bne              x5, x0, 600          x5:00000001
22836541ns          405616 1c008be8 04c4a283 lw               x5, 76(x9)           x5=3f800000  x9:1c000000  PA:1c00004c
22836939ns          405636 1c008bec 19fe7e53 fdiv.s           f28, f28, f31       f28=xxxxxxxx f28:4002a99e f31:43e58800
22837217ns          405650 1c008bf0 29ce7e43 fmadd.s          f28, f28, f28, f5   f28=xxxxxxxx f28:3b91bae9 f28:3b91bae9  f5:3f800000
22837237ns          405651 1c008bf4 580e7e53 fsqrt.s          f28, f28            f28=xxxxxxxx f28:3f8000a6
22837774ns          405678 1c008bf8 11cfffd3 fmul.s           f31, f31, f28       f31=xxxxxxxx f31:43e58800 f28:3f800053
22837794ns          405679 1c008bfc db5ff06f jal              x0, -588           
22837873ns          405683 1c0089b0 04c4ae03 lw               x28, 76(x9)         x28=3f800000  x9:1c000000  PA:1c00004c
22838291ns          405704 1c0089b4 19fe7fd3 fdiv.s           f31, f28, f31       f31=xxxxxxxx f28:3f800000 f31:43e58895
22838570ns          405718 1c0089b8 106ff353 fmul.s           f6, f31, f6          f6=xxxxxxxx f31:3b0ec254  f6:43e58800
22838589ns          405719 1c0089bc 006ea023 sw               x6, 0(x29)           x6:3f7fff59 x29:10001e6c  PA:10001e6c
22838609ns          405720 1c0089c0 00062303 lw               x6, 0(x12)           x6=c002a99e x12:10001e5c  PA:10001e5c
22838649ns          405722 1c0089c4 11f37fd3 fmul.s           f31, f6, f31        f31=xxxxxxxx  f6:c002a99e f31:3b0ec254
22838669ns          405723 1c0089c8 01ff2023 sw               x31, 0(x30)         x31:bb91ba8a x30:10001e78  PA:10001e78
22838689ns          405724 1c0089cc 0005a303 lw               x6, 0(x11)           x6=c002a9db x11:10001e58  PA:10001e58
22838709ns          405725 1c0089d0 00062e03 lw               x28, 0(x12)         x28=c002a99e x12:10001e5c  PA:10001e5c
22838749ns          405727 1c0089d4 09c37353 fsub.s           f6, f6, f28          f6=xxxxxxxx  f6:c002a9db f28:c002a99e
22838768ns          405728 1c0089d8 0065a023 sw               x6, 0(x11)           x6:b7740000 x11:10001e58  PA:10001e58
22838788ns          405729 1c0089dc 00062023 sw               x0, 0(x12)          x12:10001e5c  PA:10001e5c
22838848ns          405732 1c0089e0 e31ff06f jal              x0, -464           
22838928ns          405736 1c008810 00052303 lw               x6, 0(x10)           x6=440b10b4 x10:10001ef0  PA:10001ef0
22838967ns          405738 1c008814 00000513 addi             x10, x0, 0          x10=00000000
22838987ns          405739 1c008818 00672023 sw               x6, 0(x14)           x6:440b10b4 x14:10001e60  PA:10001e60
22839007ns          405740 1c00881c 0006a703 lw               x14, 0(x13)         x14=42c260f9 x13:10001e68  PA:10001e68
22839067ns          405743 1c00881e 00e82023 sw               x14, 0(x16)         x14:42c260f9 x16:10001e74  PA:10001e74
22839087ns          405744 1c008822 00062703 lw               x14, 0(x12)         x14=00000000 x12:10001e5c  PA:10001e5c
22839127ns          405746 1c008824 a0a726d3 feq.s            x13, f14, f10       x13=00000001 f14:00000000 f10:00000000
22839146ns          405747 1c008828 02069e63 bne              x13, x0, 60         x13:00000001
22839584ns          405769 1c008864 00a7a023 sw               x10, 0(x15)         x10:00000000 x15:10001e64  PA:10001e64
22839624ns          405771 1c008866 00a8a023 sw               x10, 0(x17)         x10:00000000 x17:10001e70  PA:10001e70
22839644ns          405772 1c00886a fe9ff06f jal              x0, -24            
22840539ns          405817 1c008852 01c12403 lw               x8, 28(x2)           x8=00000000  x2:10001dd8  PA:10001df4
22840579ns          405819 1c008854 01812483 lw               x9, 24(x2)           x9=10001ef4  x2:10001dd8  PA:10001df0
22840598ns          405820 1c008856 01412903 lw               x18, 20(x2)         x18=425ec275  x2:10001dd8  PA:10001dec
22840618ns          405821 1c008858 01012983 lw               x19, 16(x2)         x19=34d30000  x2:10001dd8  PA:10001de8
22840638ns          405822 1c00885a 00c12a03 lw               x20, 12(x2)         x20=37076312  x2:10001dd8  PA:10001de4
22840658ns          405823 1c00885c 00812a83 lw               x21, 8(x2)          x21=40000000  x2:10001dd8  PA:10001de0
22840678ns          405824 1c00885e 00412b03 lw               x22, 4(x2)          x22=422608c9  x2:10001dd8  PA:10001ddc
22840698ns          405825 1c008860 02010113 addi             x2, x2, 32           x2=10001df8  x2:10001dd8
22840718ns          405826 1c008862 00008067 jalr             x0, x1, 0            x1:1c009d96
22840758ns          405828 1c009d96 06012783 lw               x15, 96(x2)         x15=b7740000  x2:10001df8  PA:10001e58
22840777ns          405829 1c009d98 05812e03 lw               x28, 88(x2)         x28=10001f04  x2:10001df8  PA:10001e50
22840797ns          405830 1c009d9a 01c12e83 lw               x29, 28(x2)         x29=00000001  x2:10001df8  PA:10001e14
22840817ns          405831 1c009d9c 00fe2023 sw               x15, 0(x28)         x15:b7740000 x28:10001f04  PA:10001f04
22841255ns          405853 1c009da0 06412783 lw               x15, 100(x2)        x15=00000000  x2:10001df8  PA:10001e5c
22841295ns          405855 1c009da2 002e9593 slli             x11, x29, 0x2       x11=00000004 x29:00000001
22841314ns          405856 1c009da6 00f4a023 sw               x15, 0(x9)          x15:00000000  x9:10001ef4  PA:10001ef4
22841334ns          405857 1c009da8 07012783 lw               x15, 112(x2)        x15=42c260f9  x2:10001df8  PA:10001e68
22841354ns          405858 1c009daa 01d585b3 add              x11, x11, x29       x11=00000005 x11:00000004 x29:00000001
22841374ns          405859 1c009dac 00fc2023 sw               x15, 0(x24)         x15:42c260f9 x24:10001f08  PA:10001f08
22841792ns          405880 1c009db0 00158613 addi             x12, x11, 1         x12=00000006 x11:00000005
22841832ns          405882 1c009db4 1a4eaa63 p.beqimm         x29, 436            x29:00000001
22841852ns          405883 1c009db8 00558793 addi             x15, x11, 5         x15=0000000a x11:00000005
22841871ns          405884 1c009dbc 01d787b3 add              x15, x15, x29       x15=0000000b x15:0000000a x29:00000001
22842369ns          405909 1c009dbe fff78693 addi             x13, x15, -1        x13=0000000a x15:0000000b
22842389ns          405910 1c009dc2 00269693 slli             x13, x13, 0x2       x13=00000028 x13:0000000a
22842408ns          405911 1c009dc4 00dd0e33 add              x28, x26, x13       x28=10001f18 x26:10001ef0 x13:00000028
22842428ns          405912 1c009dc8 00279513 slli             x10, x15, 0x2       x10=0000002c x15:0000000b
22842448ns          405913 1c009dcc 000e2803 lw               x16, 0(x28)         x16=38039b77 x28:10001f18  PA:10001f18
22842906ns          405936 1c009dd0 08012783 lw               x15, 128(x2)        x15=bb91ba8a  x2:10001df8  PA:10001e78
22842926ns          405937 1c009dd2 01a50533 add              x10, x10, x26       x10=10001f1c x10:0000002c x26:10001ef0
22842946ns          405938 1c009dd4 00052883 lw               x17, 0(x10)         x17=37076312 x10:10001f1c  PA:10001f1c
22842965ns          405939 1c009dd8 1107f353 fmul.s           f6, f15, f16         f6=xxxxxxxx f15:bb91ba8a f16:38039b77
22842985ns          405940 1c009ddc 01d002b3 add              x5, x0, x29          x5=00000001 x29:00000001
22843005ns          405941 1c009dde 07412703 lw               x14, 116(x2)        x14=3f7fff59  x2:10001df8  PA:10001e6c
22843423ns          405962 1c009de0 1117fed3 fmul.s           f29, f15, f17       f29=xxxxxxxx f15:bb91ba8a f17:37076312
22843463ns          405964 1c009de4 31177347 fmsub.s          f6, f14, f17, f6     f6=xxxxxxxx f14:3f7fff59 f17:37076312  f6:b415d5e9
22843483ns          405965 1c009de8 e90778c3 fmadd.s          f17, f14, f16, f29  f17=xxxxxxxx f14:3f7fff59 f16:38039b77 f29:b31a2388
22843502ns          405966 1c009dec 00652023 sw               x6, 0(x10)           x6:3709ba11 x10:10001f1c  PA:10001f1c
22843940ns          405988 1c009df0 00400813 addi             x16, x0, 4          x16=00000004
22843980ns          405990 1c009df2 40580833 sub              x16, x16, x5        x16=00000003 x16:00000004  x5:00000001
22844000ns          405991 1c009df6 011e2023 sw               x17, 0(x28)         x17:38037498 x28:10001f18  PA:10001f18
22844020ns          405992 1c009dfa 08182863 p.beqimm         x16, 144            x16:00000003
22844457ns          406014 1c009dfe 01468893 addi             x17, x13, 20        x17=0000003c x13:00000028
22844477ns          406015 1c009e02 01a888b3 add              x17, x17, x26       x17=10001f2c x17:0000003c x26:10001ef0
22844497ns          406016 1c009e04 01868513 addi             x10, x13, 24        x10=00000040 x13:00000028
22844517ns          406017 1c009e08 0008a303 lw               x6, 0(x17)           x6=b7a31f68 x17:10001f2c  PA:10001f2c
22844537ns          406018 1c009e0c 01a50533 add              x10, x10, x26       x10=10001f30 x10:00000040 x26:10001ef0
22844974ns          406040 1c009e0e 00052e03 lw               x28, 0(x10)         x28=b8d7e3cc x10:10001f30  PA:10001f30
22845014ns          406042 1c009e12 1067ff53 fmul.s           f30, f15, f6        f30=xxxxxxxx f15:bb91ba8a  f6:b7a31f68
22845034ns          406043 1c009e16 11c7fed3 fmul.s           f29, f15, f28       f29=xxxxxxxx f15:bb91ba8a f28:b8d7e3cc
22845054ns          406044 1c009e1a f1c77e47 fmsub.s          f28, f14, f28, f30  f28=xxxxxxxx f14:3f7fff59 f28:b8d7e3cc f30:33b9b74d
22845492ns          406066 1c009e1e e8677343 fmadd.s          f6, f14, f6, f29     f6=xxxxxxxx f14:3f7fff59  f6:b7a31f68 f29:34f5caad
22845531ns          406068 1c009e22 01c52023 sw               x28, 0(x10)         x28:b8d811ad x10:10001f30  PA:10001f30
22845551ns          406069 1c009e26 0068a023 sw               x6, 0(x17)           x6:b79f47d3 x17:10001f2c  PA:10001f2c
22845571ns          406070 1c009e2a 06282063 p.beqimm         x16, 96             x16:00000003
22846009ns          406092 1c009e2e 02868893 addi             x17, x13, 40        x17=00000050 x13:00000028
22846029ns          406093 1c009e32 01a888b3 add              x17, x17, x26       x17=10001f40 x17:00000050 x26:10001ef0
22846048ns          406094 1c009e34 02c68513 addi             x10, x13, 44        x10=00000054 x13:00000028
22846068ns          406095 1c009e38 0008a303 lw               x6, 0(x17)           x6=b6a9792d x17:10001f40  PA:10001f40
22846108ns          406097 1c009e3c 01a50533 add              x10, x10, x26       x10=10001f44 x10:00000054 x26:10001ef0
22846586ns          406121 1c009e3e 00052e03 lw               x28, 0(x10)         x28=3590eecb x10:10001f44  PA:10001f44
22846625ns          406123 1c009e42 1067ff53 fmul.s           f30, f15, f6        f30=xxxxxxxx f15:bb91ba8a  f6:b6a9792d
22846645ns          406124 1c009e46 11c7fed3 fmul.s           f29, f15, f28       f29=xxxxxxxx f15:bb91ba8a f28:3590eecb
22846665ns          406125 1c009e4a f1c77e47 fmsub.s          f28, f14, f28, f30  f28=xxxxxxxx f14:3f7fff59 f28:3590eecb f30:32c0f240
22847182ns          406151 1c009e4e e8677343 fmadd.s          f6, f14, f6, f29     f6=xxxxxxxx f14:3f7fff59  f6:b6a9792d f29:b1a501b9
22847222ns          406153 1c009e52 01c52023 sw               x28, 0(x10)         x28:358deaa3 x10:10001f44  PA:10001f44
22847242ns          406154 1c009e56 0068a023 sw               x6, 0(x17)           x6:b6a9a1ff x17:10001f40  PA:10001f40
22847262ns          406155 1c009e5a 02483863 p.bneimm         x16, 48             x16:00000003
22848157ns          406200 1c009e8a 03c12303 lw               x6, 60(x2)           x6=00000000  x2:10001df8  PA:10001e34
22848197ns          406202 1c009e8c 02c12383 lw               x7, 44(x2)           x7=00000000  x2:10001df8  PA:10001e24
22848634ns          406224 1c009e8e 00231693 slli             x13, x6, 0x2        x13=00000000  x6:00000000
22848674ns          406226 1c009e92 0c704d63 blt              x0, x7, 218          x7:00000000
22848694ns          406227 1c009e96 05012c03 lw               x24, 80(x2)         x24=10001f54  x2:10001df8  PA:10001e48
22848714ns          406228 1c009e98 00259593 slli             x11, x11, 0x2       x11=00000014 x11:00000005
22848734ns          406229 1c009e9a 00dc0333 add              x6, x24, x13         x6=10001f54 x24:10001f54 x13:00000000
22849330ns          406259 1c009e9e 00032503 lw               x10, 0(x6)          x10=bf21a8a6  x6:10001f54  PA:10001f54
22849370ns          406261 1c009ea2 00bc0833 add              x16, x24, x11       x16=10001f68 x24:10001f54 x11:00000014
22849390ns          406262 1c009ea6 00082883 lw               x17, 0(x16)         x17=bf04a4ca x16:10001f68  PA:10001f68
22849410ns          406263 1c009eaa 10f57ed3 fmul.s           f29, f10, f15       f29=xxxxxxxx f10:bf21a8a6 f15:bb91ba8a
22849907ns          406288 1c009eae 10f8fe53 fmul.s           f28, f17, f15       f28=xxxxxxxx f17:bf04a4ca f15:bb91ba8a
22849947ns          406290 1c009eb2 00468593 addi             x11, x13, 4         x11=00000004 x13:00000000
22849967ns          406291 1c009eb6 e8e8f8c7 fmsub.s          f17, f17, f14, f29  f17=xxxxxxxx f17:bf04a4ca f14:3f7fff59 f29:3b380ca3
22849987ns          406292 1c009eba e0e57543 fmadd.s          f10, f10, f14, f28  f10=xxxxxxxx f10:bf21a8a6 f14:3f7fff59 f28:3b1703fb
22850007ns          406293 1c009ebe 00261613 slli             x12, x12, 0x2       x12=00000018 x12:00000006
22850504ns          406318 1c009ec0 01182023 sw               x17, 0(x16)         x17:bf055c80 x16:10001f68  PA:10001f68
22850544ns          406320 1c009ec4 00a32023 sw               x10, 0(x6)          x10:bf211139  x6:10001f54  PA:10001f54
22850564ns          406321 1c009ec8 018585b3 add              x11, x11, x24       x11=10001f58 x11:00000004 x24:10001f54
22850584ns          406322 1c009eca 0005a803 lw               x16, 0(x11)         x16=bed05939 x11:10001f58  PA:10001f58
22851101ns          406348 1c009ece 00cc0333 add              x6, x24, x12         x6=10001f6c x24:10001f54 x12:00000018
22851141ns          406350 1c009ed2 00032883 lw               x17, 0(x6)          x17=3f4d61de  x6:10001f6c  PA:10001f6c
22851160ns          406351 1c009ed6 10f87ed3 fmul.s           f29, f16, f15       f29=xxxxxxxx f16:bed05939 f15:bb91ba8a
22851180ns          406352 1c009eda 10f8fe53 fmul.s           f28, f17, f15       f28=xxxxxxxx f17:3f4d61de f15:bb91ba8a
22851678ns          406377 1c009ede 00868513 addi             x10, x13, 8         x10=00000008 x13:00000000
22851717ns          406379 1c009ee2 e91778c7 fmsub.s          f17, f14, f17, f29  f17=xxxxxxxx f14:3f7fff59 f17:3f4d61de f29:3aed34b5
22851737ns          406380 1c009ee6 e0e87843 fmadd.s          f16, f16, f14, f28  f16=xxxxxxxx f16:bed05939 f14:3f7fff59 f28:bb69d42d
22851757ns          406381 1c009eea 01850533 add              x10, x10, x24       x10=10001f5c x10:00000008 x24:10001f54
22851777ns          406382 1c009eec 01132023 sw               x17, 0(x6)          x17:3f4ceabe  x6:10001f6c  PA:10001f6c
22852274ns          406407 1c009ef0 0105a023 sw               x16, 0(x11)         x16:bed22c59 x11:10001f58  PA:10001f58
22852314ns          406409 1c009ef4 00460893 addi             x17, x12, 4         x17=0000001c x12:00000018
22852334ns          406410 1c009ef8 00052803 lw               x16, 0(x10)         x16=beb957db x10:10001f5c  PA:10001f5c
22852354ns          406411 1c009efc 018888b3 add              x17, x17, x24       x17=10001f70 x17:0000001c x24:10001f54
22852791ns          406433 1c009efe 0008a303 lw               x6, 0(x17)           x6=be7d0b38 x17:10001f70  PA:10001f70
22852831ns          406435 1c009f02 10f87ed3 fmul.s           f29, f16, f15       f29=xxxxxxxx f16:beb957db f15:bb91ba8a
22852851ns          406436 1c009f06 10f37e53 fmul.s           f28, f6, f15        f28=xxxxxxxx  f6:be7d0b38 f15:bb91ba8a
22852871ns          406437 1c009f0a 00c68593 addi             x11, x13, 12        x11=0000000c x13:00000000
22853368ns          406462 1c009f0e e8677347 fmsub.s          f6, f14, f6, f29     f6=xxxxxxxx f14:3f7fff59  f6:be7d0b38 f29:3ad303a2
22853408ns          406464 1c009f12 e1077843 fmadd.s          f16, f14, f16, f28  f16=xxxxxxxx f14:3f7fff59 f16:beb957db f28:3a900bbd
22853428ns          406465 1c009f16 018585b3 add              x11, x11, x24       x11=10001f60 x11:0000000c x24:10001f54
22853448ns          406466 1c009f18 0068a023 sw               x6, 0(x17)           x6:be7eb09a x17:10001f70  PA:10001f70
22853468ns          406467 1c009f1c 01052023 sw               x16, 0(x10)         x16:beb8c756 x10:10001f5c  PA:10001f5c
22853945ns          406491 1c009f20 00860813 addi             x16, x12, 8         x16=00000020 x12:00000018
22853985ns          406493 1c009f24 0005a503 lw               x10, 0(x11)         x10=bc6ab54d x11:10001f60  PA:10001f60
22854005ns          406494 1c009f26 01880833 add              x16, x16, x24       x16=10001f74 x16:00000020 x24:10001f54
22854025ns          406495 1c009f28 00082883 lw               x17, 0(x16)         x17=bbe239bd x16:10001f74  PA:10001f74
22854045ns          406496 1c009f2c 10f57e53 fmul.s           f28, f10, f15       f28=xxxxxxxx f10:bc6ab54d f15:bb91ba8a
22854522ns          406520 1c009f30 10f8f353 fmul.s           f6, f17, f15         f6=xxxxxxxx f17:bbe239bd f15:bb91ba8a
22854562ns          406522 1c009f34 01068693 addi             x13, x13, 16        x13=00000010 x13:00000000
22854582ns          406523 1c009f36 e11778c7 fmsub.s          f17, f14, f17, f28  f17=xxxxxxxx f14:3f7fff59 f17:bbe239bd f28:38859bb7
22854602ns          406524 1c009f3a 30a77543 fmadd.s          f10, f14, f10, f6   f10=xxxxxxxx f14:3f7fff59 f10:bc6ab54d  f6:3800c78c
22854621ns          406525 1c009f3e 018686b3 add              x13, x13, x24       x13=10001f64 x13:00000010 x24:10001f54
22855119ns          406550 1c009f40 01182023 sw               x17, 0(x16)         x17:bbe44f98 x16:10001f74  PA:10001f74
22855158ns          406552 1c009f44 00a5a023 sw               x10, 0(x11)         x10:bc6a33ec x11:10001f60  PA:10001f60
22855178ns          406553 1c009f46 00c60613 addi             x12, x12, 12        x12=00000024 x12:00000018
22855198ns          406554 1c009f48 0006a583 lw               x11, 0(x13)         x11=bf0d3d65 x13:10001f64  PA:10001f64
22855218ns          406555 1c009f4a 01860633 add              x12, x12, x24       x12=10001f78 x12:00000024 x24:10001f54
22855238ns          406556 1c009f4c 00062503 lw               x10, 0(x12)         x10=3e278ed2 x12:10001f78  PA:10001f78
22855715ns          406580 1c009f4e 10f5f853 fmul.s           f16, f11, f15       f16=xxxxxxxx f11:bf0d3d65 f15:bb91ba8a
22855755ns          406582 1c009f52 10f577d3 fmul.s           f15, f10, f15       f15=xxxxxxxx f10:3e278ed2 f15:bb91ba8a
22855775ns          406583 1c009f56 80a77547 fmsub.s          f10, f14, f10, f16  f10=xxxxxxxx f14:3f7fff59 f10:3e278ed2 f16:3b20cd62
22855795ns          406584 1c009f5a 78b77743 fmadd.s          f14, f14, f11, f15  f14=xxxxxxxx f14:3f7fff59 f11:bf0d3d65 f15:ba3ec3fa
22855815ns          406585 1c009f5e 00a62023 sw               x10, 0(x12)         x10:3e250b2f x12:10001f78  PA:10001f78
22856252ns          406607 1c009f60 06e12023 sw               x14, 96(x2)         x14:bf0d6cba  x2:10001df8  PA:10001e58
22856272ns          406608 1c009f62 00e6a023 sw               x14, 0(x13)         x14:bf0d6cba x13:10001f64  PA:10001f64
22856292ns          406609 1c009f64 f69fe06f jal              x0, -4248          
22856332ns          406611 1c008ecc fff40d93 addi             x27, x8, -1         x27=ffffffff  x8:00000000
22856392ns          406614 1c008ed0 dc0ddae3 bge              x27, x0, -556       x27:ffffffff
22856431ns          406616 1c008ed4 00000513 addi             x10, x0, 0          x10=00000000
22856451ns          406617 1c008ed6 1c10006f jal              x0, 2496           
22856531ns          406621 1c009896 0cc12083 lw               x1, 204(x2)          x1=1c00ac14  x2:10001df8  PA:10001ec4
22856571ns          406623 1c009898 0c812403 lw               x8, 200(x2)          x8=00000003  x2:10001df8  PA:10001ec0
22856591ns          406624 1c00989a 0c412483 lw               x9, 196(x2)          x9=10001ef0  x2:10001df8  PA:10001ebc
22856610ns          406625 1c00989c 0c012903 lw               x18, 192(x2)        x18=1c010000  x2:10001df8  PA:10001eb8
22856630ns          406626 1c00989e 0bc12983 lw               x19, 188(x2)        x19=xxxxxxxx  x2:10001df8  PA:10001eb4
22857048ns          406647 1c0098a0 0b812a03 lw               x20, 184(x2)        x20=xxxxxxxx  x2:10001df8  PA:10001eb0
22857068ns          406648 1c0098a2 0b412a83 lw               x21, 180(x2)        x21=xxxxxxxx  x2:10001df8  PA:10001eac
22857088ns          406649 1c0098a4 0b012b03 lw               x22, 176(x2)        x22=xxxxxxxx  x2:10001df8  PA:10001ea8
22857108ns          406650 1c0098a6 0ac12b83 lw               x23, 172(x2)        x23=xxxxxxxx  x2:10001df8  PA:10001ea4
22857128ns          406651 1c0098a8 0a812c03 lw               x24, 168(x2)        x24=xxxxxxxx  x2:10001df8  PA:10001ea0
22857148ns          406652 1c0098aa 0a412c83 lw               x25, 164(x2)        x25=xxxxxxxx  x2:10001df8  PA:10001e9c
22857167ns          406653 1c0098ac 0a012d03 lw               x26, 160(x2)        x26=xxxxxxxx  x2:10001df8  PA:10001e98
22857187ns          406654 1c0098ae 09c12d83 lw               x27, 156(x2)        x27=xxxxxxxx  x2:10001df8  PA:10001e94
22857207ns          406655 1c0098b0 0d010113 addi             x2, x2, 208          x2=10001ec8  x2:10001df8
22857227ns          406656 1c0098b2 00008067 jalr             x0, x1, 0            x1:1c00ac14
22857704ns          406680 1c00ac14 02012a23 sw               x0, 52(x2)           x2:10001ec8  PA:10001efc
22857724ns          406681 1c00ac16 02012c23 sw               x0, 56(x2)           x2:10001ec8  PA:10001f00
22857744ns          406682 1c00ac18 04012623 sw               x0, 76(x2)           x2:10001ec8  PA:10001f14
22857764ns          406683 1c00ac1a 583010ef jal              x1, 7554             x1=1c00ac1e
22858918ns          406741 1c00c99c f14027f3 csrrs            x15, x0, 0xf14      x15=00000003
22859375ns          406764 1c00c9a0 01f00713 addi             x14, x0, 31         x14=0000001f
22859415ns          406766 1c00c9a2 ca5797b3 p.extractu       x15, x15, 5, 5      x15=00000000 x15:00000003
22859435ns          406767 1c00c9a6 00e78863 beq              x15, x14, 16        x15:00000000 x14:0000001f
22859455ns          406768 1c00c9aa 002047b7 lui              x15, 0x204000       x15=00204000
22859892ns          406790 1c00c9ae 20078793 addi             x15, x15, 512       x15=00204200 x15:00204000
22859932ns          406792 1c00c9b2 01c7e703 p.elw            x14, 28(x15)        x14=00010000 x15:00204200  PA:0020421c
22903672ns          408991 1c00c9b6 00008067 jalr             x0, x1, 0            x1:1c00ac1e
22903732ns          408994 1c00ac1e f14027f3 csrrs            x15, x0, 0xf14      x15=00000003
22903752ns          408995 1c00ac22 f457b7b3 p.bclr           x15, x15, 26, 5     x15=00000003 x15:00000003
22903771ns          408996 1c00ac26 38078f63 beq              x15, x0, 926        x15:00000003
22903791ns          408997 1c00ac2a 573010ef jal              x1, 7538             x1=1c00ac2e
22904289ns          409022 1c00c99c f14027f3 csrrs            x15, x0, 0xf14      x15=00000003
22904309ns          409023 1c00c9a0 01f00713 addi             x14, x0, 31         x14=0000001f
22904328ns          409024 1c00c9a2 ca5797b3 p.extractu       x15, x15, 5, 5      x15=00000000 x15:00000003
22904348ns          409025 1c00c9a6 00e78863 beq              x15, x14, 16        x15:00000000 x14:0000001f
22904368ns          409026 1c00c9aa 002047b7 lui              x15, 0x204000       x15=00204000
22904388ns          409027 1c00c9ae 20078793 addi             x15, x15, 512       x15=00204200 x15:00204000
22904408ns          409028 1c00c9b2 01c7e703 p.elw            x14, 28(x15)        x14=00010000 x15:00204200  PA:0020421c
23573352ns          442399 1c00c9b6 00008067 jalr             x0, x1, 0            x1:1c00ac2e
23573392ns          442401 1c00ac2e 08c12383 lw               x7, 140(x2)          x7=bf211139  x2:10001ec8  PA:10001f54
23573472ns          442405 1c00ac30 00000793 addi             x15, x0, 0          x15=00000000
23573492ns          442406 1c00ac34 a0f397d3 flt.s            x15, f7, f15        x15=00000001  f7:bf211139 f15:00000000
23573512ns          442407 1c00ac38 02812f03 lw               x30, 40(x2)         x30=440b10b4  x2:10001ec8  PA:10001ef0
23573532ns          442408 1c00ac3a 04012f83 lw               x31, 64(x2)         x31=42c260f9  x2:10001ec8  PA:10001f08
23573552ns          442409 1c00ac3c 05812e83 lw               x29, 88(x2)         x29=422608c9  x2:10001ec8  PA:10001f20
23573572ns          442410 1c00ac3e 07012e03 lw               x28, 112(x2)        x28=44800fc0  x2:10001ec8  PA:10001f38
23573954ns          442429 1c00ac40 08812303 lw               x6, 136(x2)          x6=448c5e80  x2:10001ec8  PA:10001f50
23573994ns          442431 1c00ac42 38079d63 bne              x15, x0, 922        x15:00000001
23574114ns          442437 1c00afdc 207393d3 fsgnjn.s         f7, f7, f7           f7=xxxxxxxx  f7:bf211139  f7:bf211139
23574596ns          442461 1c00afe0 c67ff06f jal              x0, -922           
23574636ns          442463 1c00ac46 09010613 addi             x12, x2, 144        x12=10001f58  x2:10001ec8
23574656ns          442464 1c00ac48 0f010713 addi             x14, x2, 240        x14=10001fb8  x2:10001ec8
23574676ns          442465 1c00ac4a 00c007b3 add              x15, x0, x12        x15=10001f58 x12:10001f58
23574696ns          442466 1c00ac4c 00700533 add              x10, x0, x7         x10=3f211139  x7:3f211139
23574736ns          442468 1c00ac4e 00000893 addi             x17, x0, 0          x17=00000000
23574776ns          442470 1c00ac52 0047a68b p.lw             x13, 4(x15!)        x13=bed22c59 x15=10001f5c x15:10001f58  PA:10001f58
23574816ns          442472 1c00ac56 a1169853 flt.s            x16, f13, f17       x16=00000001 f13:bed22c59 f17:00000000
23574836ns          442473 1c00ac5a 2a081e63 bne              x16, x0, 700        x16:00000001
23575619ns          442512 1c00af16 08d57553 fsub.s           f10, f10, f13       f10=xxxxxxxx f10:3f211139 f13:bed22c59
23575639ns          442513 1c00af1a d2f71ce3 bne              x14, x15, -712      x14:10001fb8 x15:10001f5c
23576141ns          442538 1c00ac52 0047a68b p.lw             x13, 4(x15!)        x13=beb8c756 x15=10001f60 x15:10001f5c  PA:10001f5c
23576181ns          442540 1c00ac56 a1169853 flt.s            x16, f13, f17       x16=00000001 f13:beb8c756 f17:00000000
23576201ns          442541 1c00ac5a 2a081e63 bne              x16, x0, 700        x16:00000001
23576281ns          442545 1c00af16 08d57553 fsub.s           f10, f10, f13       f10=xxxxxxxx f10:3f8513b3 f13:beb8c756
23576301ns          442546 1c00af1a d2f71ce3 bne              x14, x15, -712      x14:10001fb8 x15:10001f60
23576381ns          442550 1c00ac52 0047a68b p.lw             x13, 4(x15!)        x13=bc6a33ec x15=10001f64 x15:10001f60  PA:10001f60
23576422ns          442552 1c00ac56 a1169853 flt.s            x16, f13, f17       x16=00000001 f13:bc6a33ec f17:00000000
23576442ns          442553 1c00ac5a 2a081e63 bne              x16, x0, 700        x16:00000001
23576522ns          442557 1c00af16 08d57553 fsub.s           f10, f10, f13       f10=xxxxxxxx f10:3fb34588 f13:bc6a33ec
23576542ns          442558 1c00af1a d2f71ce3 bne              x14, x15, -712      x14:10001fb8 x15:10001f64
23576622ns          442562 1c00ac52 0047a68b p.lw             x13, 4(x15!)        x13=bf0d6cba x15=10001f68 x15:10001f64  PA:10001f64
23576662ns          442564 1c00ac56 a1169853 flt.s            x16, f13, f17       x16=00000001 f13:bf0d6cba f17:00000000
23576682ns          442565 1c00ac5a 2a081e63 bne              x16, x0, 700        x16:00000001
23576763ns          442569 1c00af16 08d57553 fsub.s           f10, f10, f13       f10=xxxxxxxx f10:3fb519f0 f13:bf0d6cba
23576783ns          442570 1c00af1a d2f71ce3 bne              x14, x15, -712      x14:10001fb8 x15:10001f68
23576863ns          442574 1c00ac52 0047a68b p.lw             x13, 4(x15!)        x13=bf055c80 x15=10001f6c x15:10001f68  PA:10001f68
23576903ns          442576 1c00ac56 a1169853 flt.s            x16, f13, f17       x16=00000001 f13:bf055c80 f17:00000000
23576923ns          442577 1c00ac5a 2a081e63 bne              x16, x0, 700        x16:00000001
23577004ns          442581 1c00af16 08d57553 fsub.s           f10, f10, f13       f10=xxxxxxxx f10:3ffbd04d f13:bf055c80
23577024ns          442582 1c00af1a d2f71ce3 bne              x14, x15, -712      x14:10001fb8 x15:10001f6c
23577104ns          442586 1c00ac52 0047a68b p.lw             x13, 4(x15!)        x13=3f4ceabe x15=10001f70 x15:10001f6c  PA:10001f6c
23577144ns          442588 1c00ac56 a1169853 flt.s            x16, f13, f17       x16=00000000 f13:3f4ceabe f17:00000000
23577164ns          442589 1c00ac5a 2a081e63 bne              x16, x0, 700        x16:00000000
23577184ns          442590 1c00ac5e 00d57553 fadd.s           f10, f10, f13       f10=xxxxxxxx f10:401f3f46 f13:3f4ceabe
23577204ns          442591 1c00ac62 fef718e3 bne              x14, x15, -16       x14:10001fb8 x15:10001f70
23577345ns          442598 1c00ac52 0047a68b p.lw             x13, 4(x15!)        x13=be7eb09a x15=10001f74 x15:10001f70  PA:10001f70
23577385ns          442600 1c00ac56 a1169853 flt.s            x16, f13, f17       x16=00000001 f13:be7eb09a f17:00000000
23577405ns          442601 1c00ac5a 2a081e63 bne              x16, x0, 700        x16:00000001
23577485ns          442605 1c00af16 08d57553 fsub.s           f10, f10, f13       f10=xxxxxxxx f10:405279f6 f13:be7eb09a
23577505ns          442606 1c00af1a d2f71ce3 bne              x14, x15, -712      x14:10001fb8 x15:10001f74
23577585ns          442610 1c00ac52 0047a68b p.lw             x13, 4(x15!)        x13=bbe44f98 x15=10001f78 x15:10001f74  PA:10001f74
23577626ns          442612 1c00ac56 a1169853 flt.s            x16, f13, f17       x16=00000001 f13:bbe44f98 f17:00000000
23577646ns          442613 1c00ac5a 2a081e63 bne              x16, x0, 700        x16:00000001
23577726ns          442617 1c00af16 08d57553 fsub.s           f10, f10, f13       f10=xxxxxxxx f10:40626500 f13:bbe44f98
23577746ns          442618 1c00af1a d2f71ce3 bne              x14, x15, -712      x14:10001fb8 x15:10001f78
23577826ns          442622 1c00ac52 0047a68b p.lw             x13, 4(x15!)        x13=3e250b2f x15=10001f7c x15:10001f78  PA:10001f78
23577866ns          442624 1c00ac56 a1169853 flt.s            x16, f13, f17       x16=00000000 f13:3e250b2f f17:00000000
23577886ns          442625 1c00ac5a 2a081e63 bne              x16, x0, 700        x16:00000000
23577906ns          442626 1c00ac5e 00d57553 fadd.s           f10, f10, f13       f10=xxxxxxxx f10:4062d728 f13:3e250b2f
23577927ns          442627 1c00ac62 fef718e3 bne              x14, x15, -16       x14:10001fb8 x15:10001f7c
23578007ns          442631 1c00ac52 0047a68b p.lw             x13, 4(x15!)        x13=bd9b4865 x15=10001f80 x15:10001f7c  PA:10001f7c
23578047ns          442633 1c00ac56 a1169853 flt.s            x16, f13, f17       x16=00000001 f13:bd9b4865 f17:00000000
23578067ns          442634 1c00ac5a 2a081e63 bne              x16, x0, 700        x16:00000001
23578147ns          442638 1c00af16 08d57553 fsub.s           f10, f10, f13       f10=xxxxxxxx f10:406d27db f13:bd9b4865
23578167ns          442639 1c00af1a d2f71ce3 bne              x14, x15, -712      x14:10001fb8 x15:10001f80
23578248ns          442643 1c00ac52 0047a68b p.lw             x13, 4(x15!)        x13=3e8962b4 x15=10001f84 x15:10001f80  PA:10001f80
23578288ns          442645 1c00ac56 a1169853 flt.s            x16, f13, f17       x16=00000000 f13:3e8962b4 f17:00000000
23578308ns          442646 1c00ac5a 2a081e63 bne              x16, x0, 700        x16:00000000
23578328ns          442647 1c00ac5e 00d57553 fadd.s           f10, f10, f13       f10=xxxxxxxx f10:4072021e f13:3e8962b4
23578348ns          442648 1c00ac62 fef718e3 bne              x14, x15, -16       x14:10001fb8 x15:10001f84
23578428ns          442652 1c00ac52 0047a68b p.lw             x13, 4(x15!)        x13=3f2df339 x15=10001f88 x15:10001f84  PA:10001f84
23578468ns          442654 1c00ac56 a1169853 flt.s            x16, f13, f17       x16=00000000 f13:3f2df339 f17:00000000
23578488ns          442655 1c00ac5a 2a081e63 bne              x16, x0, 700        x16:00000000
23578508ns          442656 1c00ac5e 00d57553 fadd.s           f10, f10, f13       f10=xxxxxxxx f10:4081973a f13:3f2df339
23578528ns          442657 1c00ac62 fef718e3 bne              x14, x15, -16       x14:10001fb8 x15:10001f88
23578609ns          442661 1c00ac52 0047a68b p.lw             x13, 4(x15!)        x13=becdfc03 x15=10001f8c x15:10001f88  PA:10001f88
23578649ns          442663 1c00ac56 a1169853 flt.s            x16, f13, f17       x16=00000001 f13:becdfc03 f17:00000000
23578669ns          442664 1c00ac5a 2a081e63 bne              x16, x0, 700        x16:00000001
23578749ns          442668 1c00af16 08d57553 fsub.s           f10, f10, f13       f10=xxxxxxxx f10:409755a1 f13:becdfc03
23578769ns          442669 1c00af1a d2f71ce3 bne              x14, x15, -712      x14:10001fb8 x15:10001f8c
23578850ns          442673 1c00ac52 0047a68b p.lw             x13, 4(x15!)        x13=bf0be8af x15=10001f90 x15:10001f8c  PA:10001f8c
23578890ns          442675 1c00ac56 a1169853 flt.s            x16, f13, f17       x16=00000001 f13:bf0be8af f17:00000000
23578910ns          442676 1c00ac5a 2a081e63 bne              x16, x0, 700        x16:00000001
23578990ns          442680 1c00af16 08d57553 fsub.s           f10, f10, f13       f10=xxxxxxxx f10:40a43561 f13:bf0be8af
23579010ns          442681 1c00af1a d2f71ce3 bne              x14, x15, -712      x14:10001fb8 x15:10001f90
23579090ns          442685 1c00ac52 0047a68b p.lw             x13, 4(x15!)        x13=3f12420c x15=10001f94 x15:10001f90  PA:10001f90
23579130ns          442687 1c00ac56 a1169853 flt.s            x16, f13, f17       x16=00000000 f13:3f12420c f17:00000000
23579151ns          442688 1c00ac5a 2a081e63 bne              x16, x0, 700        x16:00000000
23579171ns          442689 1c00ac5e 00d57553 fadd.s           f10, f10, f13       f10=xxxxxxxx f10:40b5b277 f13:3f12420c
23579191ns          442690 1c00ac62 fef718e3 bne              x14, x15, -16       x14:10001fb8 x15:10001f94
23579271ns          442694 1c00ac52 0047a68b p.lw             x13, 4(x15!)        x13=3ea35b02 x15=10001f98 x15:10001f94  PA:10001f94
23579311ns          442696 1c00ac56 a1169853 flt.s            x16, f13, f17       x16=00000000 f13:3ea35b02 f17:00000000
23579331ns          442697 1c00ac5a 2a081e63 bne              x16, x0, 700        x16:00000000
23579351ns          442698 1c00ac5e 00d57553 fadd.s           f10, f10, f13       f10=xxxxxxxx f10:40c7fab8 f13:3ea35b02
23579371ns          442699 1c00ac62 fef718e3 bne              x14, x15, -16       x14:10001fb8 x15:10001f98
23579451ns          442703 1c00ac52 0047a68b p.lw             x13, 4(x15!)        x13=bf05b8cd x15=10001f9c x15:10001f98  PA:10001f98
23579492ns          442705 1c00ac56 a1169853 flt.s            x16, f13, f17       x16=00000001 f13:bf05b8cd f17:00000000
23579512ns          442706 1c00ac5a 2a081e63 bne              x16, x0, 700        x16:00000001
23579592ns          442710 1c00af16 08d57553 fsub.s           f10, f10, f13       f10=xxxxxxxx f10:40d23068 f13:bf05b8cd
23579612ns          442711 1c00af1a d2f71ce3 bne              x14, x15, -712      x14:10001fb8 x15:10001f9c
23579692ns          442715 1c00ac52 0047a68b p.lw             x13, 4(x15!)        x13=bd13589b x15=10001fa0 x15:10001f9c  PA:10001f9c
23579732ns          442717 1c00ac56 a1169853 flt.s            x16, f13, f17       x16=00000001 f13:bd13589b f17:00000000
23579752ns          442718 1c00ac5a 2a081e63 bne              x16, x0, 700        x16:00000001
23579833ns          442722 1c00af16 08d57553 fsub.s           f10, f10, f13       f10=xxxxxxxx f10:40e2e782 f13:bd13589b
23579853ns          442723 1c00af1a d2f71ce3 bne              x14, x15, -712      x14:10001fb8 x15:10001fa0
23579933ns          442727 1c00ac52 0047a68b p.lw             x13, 4(x15!)        x13=bf0baae2 x15=10001fa4 x15:10001fa0  PA:10001fa0
23579973ns          442729 1c00ac56 a1169853 flt.s            x16, f13, f17       x16=00000001 f13:bf0baae2 f17:00000000
23579993ns          442730 1c00ac5a 2a081e63 bne              x16, x0, 700        x16:00000001
23580074ns          442734 1c00af16 08d57553 fsub.s           f10, f10, f13       f10=xxxxxxxx f10:40e40e33 f13:bf0baae2
23580094ns          442735 1c00af1a d2f71ce3 bne              x14, x15, -712      x14:10001fb8 x15:10001fa4
23580174ns          442739 1c00ac52 0047a68b p.lw             x13, 4(x15!)        x13=3cca315a x15=10001fa8 x15:10001fa4  PA:10001fa4
23580214ns          442741 1c00ac56 a1169853 flt.s            x16, f13, f17       x16=00000000 f13:3cca315a f17:00000000
23580234ns          442742 1c00ac5a 2a081e63 bne              x16, x0, 700        x16:00000000
23580254ns          442743 1c00ac5e 00d57553 fadd.s           f10, f10, f13       f10=xxxxxxxx f10:40f5838f f13:3cca315a
23580274ns          442744 1c00ac62 fef718e3 bne              x14, x15, -16       x14:10001fb8 x15:10001fa8
23580354ns          442748 1c00ac52 0047a68b p.lw             x13, 4(x15!)        x13=be0561e9 x15=10001fac x15:10001fa8  PA:10001fa8
23580395ns          442750 1c00ac56 a1169853 flt.s            x16, f13, f17       x16=00000001 f13:be0561e9 f17:00000000
23580415ns          442751 1c00ac5a 2a081e63 bne              x16, x0, 700        x16:00000001
23580495ns          442755 1c00af16 08d57553 fsub.s           f10, f10, f13       f10=xxxxxxxx f10:40f64dc0 f13:be0561e9
23580515ns          442756 1c00af1a d2f71ce3 bne              x14, x15, -712      x14:10001fb8 x15:10001fac
23580595ns          442760 1c00ac52 0047a68b p.lw             x13, 4(x15!)        x13=be8aa5f2 x15=10001fb0 x15:10001fac  PA:10001fac
23580635ns          442762 1c00ac56 a1169853 flt.s            x16, f13, f17       x16=00000001 f13:be8aa5f2 f17:00000000
23580655ns          442763 1c00ac5a 2a081e63 bne              x16, x0, 700        x16:00000001
23580736ns          442767 1c00af16 08d57553 fsub.s           f10, f10, f13       f10=xxxxxxxx f10:40fa78cf f13:be8aa5f2
23580756ns          442768 1c00af1a d2f71ce3 bne              x14, x15, -712      x14:10001fb8 x15:10001fb0
23580836ns          442772 1c00ac52 0047a68b p.lw             x13, 4(x15!)        x13=bf6a26f1 x15=10001fb4 x15:10001fb0  PA:10001fb0
23580876ns          442774 1c00ac56 a1169853 flt.s            x16, f13, f17       x16=00000001 f13:bf6a26f1 f17:00000000
23580896ns          442775 1c00ac5a 2a081e63 bne              x16, x0, 700        x16:00000001
23580976ns          442779 1c00af16 08d57553 fsub.s           f10, f10, f13       f10=xxxxxxxx f10:41019197 f13:bf6a26f1
23580997ns          442780 1c00af1a d2f71ce3 bne              x14, x15, -712      x14:10001fb8 x15:10001fb4
23581077ns          442784 1c00ac52 0047a68b p.lw             x13, 4(x15!)        x13=3e89db39 x15=10001fb8 x15:10001fb4  PA:10001fb4
23581117ns          442786 1c00ac56 a1169853 flt.s            x16, f13, f17       x16=00000000 f13:3e89db39 f17:00000000
23581137ns          442787 1c00ac5a 2a081e63 bne              x16, x0, 700        x16:00000000
23581157ns          442788 1c00ac5e 00d57553 fadd.s           f10, f10, f13       f10=xxxxxxxx f10:41103406 f13:3e89db39
23581177ns          442789 1c00ac62 fef718e3 bne              x14, x15, -16       x14:10001fb8 x15:10001fb8
23581197ns          442790 1c00ac66 01ff72d3 fadd.s           f5, f30, f31         f5=xxxxxxxx f30:440b10b4 f31:42c260f9
23581217ns          442791 1c00ac6a 00c006b3 add              x13, x0, x12        x13=10001f58 x12:10001f58
23581237ns          442792 1c00ac6c 007007b3 add              x15, x0, x7         x15=3f211139  x7:3f211139
23581257ns          442793 1c00ac6e 01d2f2d3 fadd.s           f5, f5, f29          f5=xxxxxxxx  f5:44235cd3 f29:422608c9
23581277ns          442794 1c00ac72 00000893 addi             x17, x0, 0          x17=00000000
23581298ns          442795 1c00ac76 01c2f2d3 fadd.s           f5, f5, f28          f5=xxxxxxxx  f5:442dbd60 f28:44800fc0
23581318ns          442796 1c00ac7a 0062f2d3 fadd.s           f5, f5, f6           f5=xxxxxxxx  f5:44d6ee70  f6:448c5e80
23581719ns          442816 1c00ac7e 0046a58b p.lw             x11, 4(x13!)        x11=bed22c59 x13=10001f5c x13:10001f58  PA:10001f58
23581759ns          442818 1c00ac82 a1159853 flt.s            x16, f11, f17       x16=00000001 f11:bed22c59 f17:00000000
23581779ns          442819 1c00ac86 28081363 bne              x16, x0, 646        x16:00000001
23582702ns          442865 1c00af0c 08b7f7d3 fsub.s           f15, f15, f11       f15=xxxxxxxx f15:3f211139 f11:bed22c59
23582742ns          442867 1c00af10 d6d717e3 bne              x14, x13, -658      x14:10001fb8 x13:10001f5c
23582822ns          442871 1c00ac7e 0046a58b p.lw             x11, 4(x13!)        x11=beb8c756 x13=10001f60 x13:10001f5c  PA:10001f5c
23582883ns          442874 1c00ac82 a1159853 flt.s            x16, f11, f17       x16=00000001 f11:beb8c756 f17:00000000
23582903ns          442875 1c00ac86 28081363 bne              x16, x0, 646        x16:00000001
23582963ns          442878 1c00af0c 08b7f7d3 fsub.s           f15, f15, f11       f15=xxxxxxxx f15:3f8513b3 f11:beb8c756
23582983ns          442879 1c00af10 d6d717e3 bne              x14, x13, -658      x14:10001fb8 x13:10001f60
23583063ns          442883 1c00ac7e 0046a58b p.lw             x11, 4(x13!)        x11=bc6a33ec x13=10001f64 x13:10001f60  PA:10001f60
23583103ns          442885 1c00ac82 a1159853 flt.s            x16, f11, f17       x16=00000001 f11:bc6a33ec f17:00000000
23583123ns          442886 1c00ac86 28081363 bne              x16, x0, 646        x16:00000001
23583184ns          442889 1c00af0c 08b7f7d3 fsub.s           f15, f15, f11       f15=xxxxxxxx f15:3fb34588 f11:bc6a33ec
23583204ns          442890 1c00af10 d6d717e3 bne              x14, x13, -658      x14:10001fb8 x13:10001f64
23583284ns          442894 1c00ac7e 0046a58b p.lw             x11, 4(x13!)        x11=bf0d6cba x13=10001f68 x13:10001f64  PA:10001f64
23583324ns          442896 1c00ac82 a1159853 flt.s            x16, f11, f17       x16=00000001 f11:bf0d6cba f17:00000000
23583344ns          442897 1c00ac86 28081363 bne              x16, x0, 646        x16:00000001
23583404ns          442900 1c00af0c 08b7f7d3 fsub.s           f15, f15, f11       f15=xxxxxxxx f15:3fb519f0 f11:bf0d6cba
23583424ns          442901 1c00af10 d6d717e3 bne              x14, x13, -658      x14:10001fb8 x13:10001f68
23583505ns          442905 1c00ac7e 0046a58b p.lw             x11, 4(x13!)        x11=bf055c80 x13=10001f6c x13:10001f68  PA:10001f68
23583545ns          442907 1c00ac82 a1159853 flt.s            x16, f11, f17       x16=00000001 f11:bf055c80 f17:00000000
23583565ns          442908 1c00ac86 28081363 bne              x16, x0, 646        x16:00000001
23583625ns          442911 1c00af0c 08b7f7d3 fsub.s           f15, f15, f11       f15=xxxxxxxx f15:3ffbd04d f11:bf055c80
23583645ns          442912 1c00af10 d6d717e3 bne              x14, x13, -658      x14:10001fb8 x13:10001f6c
23583725ns          442916 1c00ac7e 0046a58b p.lw             x11, 4(x13!)        x11=3f4ceabe x13=10001f70 x13:10001f6c  PA:10001f6c
23583766ns          442918 1c00ac82 a1159853 flt.s            x16, f11, f17       x16=00000000 f11:3f4ceabe f17:00000000
23583786ns          442919 1c00ac86 28081363 bne              x16, x0, 646        x16:00000000
23583806ns          442920 1c00ac8a 00b7f7d3 fadd.s           f15, f15, f11       f15=xxxxxxxx f15:401f3f46 f11:3f4ceabe
23583826ns          442921 1c00ac8e fed718e3 bne              x14, x13, -16       x14:10001fb8 x13:10001f70
23583906ns          442925 1c00ac7e 0046a58b p.lw             x11, 4(x13!)        x11=be7eb09a x13=10001f74 x13:10001f70  PA:10001f70
23583946ns          442927 1c00ac82 a1159853 flt.s            x16, f11, f17       x16=00000001 f11:be7eb09a f17:00000000
23583966ns          442928 1c00ac86 28081363 bne              x16, x0, 646        x16:00000001
23584026ns          442931 1c00af0c 08b7f7d3 fsub.s           f15, f15, f11       f15=xxxxxxxx f15:405279f6 f11:be7eb09a
23584046ns          442932 1c00af10 d6d717e3 bne              x14, x13, -658      x14:10001fb8 x13:10001f74
23584127ns          442936 1c00ac7e 0046a58b p.lw             x11, 4(x13!)        x11=bbe44f98 x13=10001f78 x13:10001f74  PA:10001f74
23584167ns          442938 1c00ac82 a1159853 flt.s            x16, f11, f17       x16=00000001 f11:bbe44f98 f17:00000000
23584187ns          442939 1c00ac86 28081363 bne              x16, x0, 646        x16:00000001
23584247ns          442942 1c00af0c 08b7f7d3 fsub.s           f15, f15, f11       f15=xxxxxxxx f15:40626500 f11:bbe44f98
23584267ns          442943 1c00af10 d6d717e3 bne              x14, x13, -658      x14:10001fb8 x13:10001f78
23584347ns          442947 1c00ac7e 0046a58b p.lw             x11, 4(x13!)        x11=3e250b2f x13=10001f7c x13:10001f78  PA:10001f78
23584388ns          442949 1c00ac82 a1159853 flt.s            x16, f11, f17       x16=00000000 f11:3e250b2f f17:00000000
23584408ns          442950 1c00ac86 28081363 bne              x16, x0, 646        x16:00000000
23584428ns          442951 1c00ac8a 00b7f7d3 fadd.s           f15, f15, f11       f15=xxxxxxxx f15:4062d728 f11:3e250b2f
23584448ns          442952 1c00ac8e fed718e3 bne              x14, x13, -16       x14:10001fb8 x13:10001f7c
23584528ns          442956 1c00ac7e 0046a58b p.lw             x11, 4(x13!)        x11=bd9b4865 x13=10001f80 x13:10001f7c  PA:10001f7c
23584568ns          442958 1c00ac82 a1159853 flt.s            x16, f11, f17       x16=00000001 f11:bd9b4865 f17:00000000
23584588ns          442959 1c00ac86 28081363 bne              x16, x0, 646        x16:00000001
23584648ns          442962 1c00af0c 08b7f7d3 fsub.s           f15, f15, f11       f15=xxxxxxxx f15:406d27db f11:bd9b4865
23584668ns          442963 1c00af10 d6d717e3 bne              x14, x13, -658      x14:10001fb8 x13:10001f80
23584749ns          442967 1c00ac7e 0046a58b p.lw             x11, 4(x13!)        x11=3e8962b4 x13=10001f84 x13:10001f80  PA:10001f80
23584789ns          442969 1c00ac82 a1159853 flt.s            x16, f11, f17       x16=00000000 f11:3e8962b4 f17:00000000
23584809ns          442970 1c00ac86 28081363 bne              x16, x0, 646        x16:00000000
23584829ns          442971 1c00ac8a 00b7f7d3 fadd.s           f15, f15, f11       f15=xxxxxxxx f15:4072021e f11:3e8962b4
23584849ns          442972 1c00ac8e fed718e3 bne              x14, x13, -16       x14:10001fb8 x13:10001f84
23584929ns          442976 1c00ac7e 0046a58b p.lw             x11, 4(x13!)        x11=3f2df339 x13=10001f88 x13:10001f84  PA:10001f84
23584969ns          442978 1c00ac82 a1159853 flt.s            x16, f11, f17       x16=00000000 f11:3f2df339 f17:00000000
23584990ns          442979 1c00ac86 28081363 bne              x16, x0, 646        x16:00000000
23585010ns          442980 1c00ac8a 00b7f7d3 fadd.s           f15, f15, f11       f15=xxxxxxxx f15:4081973a f11:3f2df339
23585030ns          442981 1c00ac8e fed718e3 bne              x14, x13, -16       x14:10001fb8 x13:10001f88
23585110ns          442985 1c00ac7e 0046a58b p.lw             x11, 4(x13!)        x11=becdfc03 x13=10001f8c x13:10001f88  PA:10001f88
23585150ns          442987 1c00ac82 a1159853 flt.s            x16, f11, f17       x16=00000001 f11:becdfc03 f17:00000000
23585170ns          442988 1c00ac86 28081363 bne              x16, x0, 646        x16:00000001
23585230ns          442991 1c00af0c 08b7f7d3 fsub.s           f15, f15, f11       f15=xxxxxxxx f15:409755a1 f11:becdfc03
23585250ns          442992 1c00af10 d6d717e3 bne              x14, x13, -658      x14:10001fb8 x13:10001f8c
23585331ns          442996 1c00ac7e 0046a58b p.lw             x11, 4(x13!)        x11=bf0be8af x13=10001f90 x13:10001f8c  PA:10001f8c
23585371ns          442998 1c00ac82 a1159853 flt.s            x16, f11, f17       x16=00000001 f11:bf0be8af f17:00000000
23585391ns          442999 1c00ac86 28081363 bne              x16, x0, 646        x16:00000001
23585451ns          443002 1c00af0c 08b7f7d3 fsub.s           f15, f15, f11       f15=xxxxxxxx f15:40a43561 f11:bf0be8af
23585471ns          443003 1c00af10 d6d717e3 bne              x14, x13, -658      x14:10001fb8 x13:10001f90
23585551ns          443007 1c00ac7e 0046a58b p.lw             x11, 4(x13!)        x11=3f12420c x13=10001f94 x13:10001f90  PA:10001f90
23585591ns          443009 1c00ac82 a1159853 flt.s            x16, f11, f17       x16=00000000 f11:3f12420c f17:00000000
23585612ns          443010 1c00ac86 28081363 bne              x16, x0, 646        x16:00000000
23585632ns          443011 1c00ac8a 00b7f7d3 fadd.s           f15, f15, f11       f15=xxxxxxxx f15:40b5b277 f11:3f12420c
23585652ns          443012 1c00ac8e fed718e3 bne              x14, x13, -16       x14:10001fb8 x13:10001f94
23585732ns          443016 1c00ac7e 0046a58b p.lw             x11, 4(x13!)        x11=3ea35b02 x13=10001f98 x13:10001f94  PA:10001f94
23585772ns          443018 1c00ac82 a1159853 flt.s            x16, f11, f17       x16=00000000 f11:3ea35b02 f17:00000000
23585792ns          443019 1c00ac86 28081363 bne              x16, x0, 646        x16:00000000
23585812ns          443020 1c00ac8a 00b7f7d3 fadd.s           f15, f15, f11       f15=xxxxxxxx f15:40c7fab8 f11:3ea35b02
23585832ns          443021 1c00ac8e fed718e3 bne              x14, x13, -16       x14:10001fb8 x13:10001f98
23585913ns          443025 1c00ac7e 0046a58b p.lw             x11, 4(x13!)        x11=bf05b8cd x13=10001f9c x13:10001f98  PA:10001f98
23585953ns          443027 1c00ac82 a1159853 flt.s            x16, f11, f17       x16=00000001 f11:bf05b8cd f17:00000000
23585973ns          443028 1c00ac86 28081363 bne              x16, x0, 646        x16:00000001
23586033ns          443031 1c00af0c 08b7f7d3 fsub.s           f15, f15, f11       f15=xxxxxxxx f15:40d23068 f11:bf05b8cd
23586053ns          443032 1c00af10 d6d717e3 bne              x14, x13, -658      x14:10001fb8 x13:10001f9c
23586133ns          443036 1c00ac7e 0046a58b p.lw             x11, 4(x13!)        x11=bd13589b x13=10001fa0 x13:10001f9c  PA:10001f9c
23586173ns          443038 1c00ac82 a1159853 flt.s            x16, f11, f17       x16=00000001 f11:bd13589b f17:00000000
23586193ns          443039 1c00ac86 28081363 bne              x16, x0, 646        x16:00000001
23586254ns          443042 1c00af0c 08b7f7d3 fsub.s           f15, f15, f11       f15=xxxxxxxx f15:40e2e782 f11:bd13589b
23586274ns          443043 1c00af10 d6d717e3 bne              x14, x13, -658      x14:10001fb8 x13:10001fa0
23586354ns          443047 1c00ac7e 0046a58b p.lw             x11, 4(x13!)        x11=bf0baae2 x13=10001fa4 x13:10001fa0  PA:10001fa0
23586394ns          443049 1c00ac82 a1159853 flt.s            x16, f11, f17       x16=00000001 f11:bf0baae2 f17:00000000
23586414ns          443050 1c00ac86 28081363 bne              x16, x0, 646        x16:00000001
23586474ns          443053 1c00af0c 08b7f7d3 fsub.s           f15, f15, f11       f15=xxxxxxxx f15:40e40e33 f11:bf0baae2
23586494ns          443054 1c00af10 d6d717e3 bne              x14, x13, -658      x14:10001fb8 x13:10001fa4
23586575ns          443058 1c00ac7e 0046a58b p.lw             x11, 4(x13!)        x11=3cca315a x13=10001fa8 x13:10001fa4  PA:10001fa4
23586615ns          443060 1c00ac82 a1159853 flt.s            x16, f11, f17       x16=00000000 f11:3cca315a f17:00000000
23586635ns          443061 1c00ac86 28081363 bne              x16, x0, 646        x16:00000000
23586655ns          443062 1c00ac8a 00b7f7d3 fadd.s           f15, f15, f11       f15=xxxxxxxx f15:40f5838f f11:3cca315a
23586675ns          443063 1c00ac8e fed718e3 bne              x14, x13, -16       x14:10001fb8 x13:10001fa8
23586755ns          443067 1c00ac7e 0046a58b p.lw             x11, 4(x13!)        x11=be0561e9 x13=10001fac x13:10001fa8  PA:10001fa8
23586795ns          443069 1c00ac82 a1159853 flt.s            x16, f11, f17       x16=00000001 f11:be0561e9 f17:00000000
23586815ns          443070 1c00ac86 28081363 bne              x16, x0, 646        x16:00000001
23586876ns          443073 1c00af0c 08b7f7d3 fsub.s           f15, f15, f11       f15=xxxxxxxx f15:40f64dc0 f11:be0561e9
23586896ns          443074 1c00af10 d6d717e3 bne              x14, x13, -658      x14:10001fb8 x13:10001fac
23586976ns          443078 1c00ac7e 0046a58b p.lw             x11, 4(x13!)        x11=be8aa5f2 x13=10001fb0 x13:10001fac  PA:10001fac
23587016ns          443080 1c00ac82 a1159853 flt.s            x16, f11, f17       x16=00000001 f11:be8aa5f2 f17:00000000
23587036ns          443081 1c00ac86 28081363 bne              x16, x0, 646        x16:00000001
23587096ns          443084 1c00af0c 08b7f7d3 fsub.s           f15, f15, f11       f15=xxxxxxxx f15:40fa78cf f11:be8aa5f2
23587116ns          443085 1c00af10 d6d717e3 bne              x14, x13, -658      x14:10001fb8 x13:10001fb0
23587197ns          443089 1c00ac7e 0046a58b p.lw             x11, 4(x13!)        x11=bf6a26f1 x13=10001fb4 x13:10001fb0  PA:10001fb0
23587237ns          443091 1c00ac82 a1159853 flt.s            x16, f11, f17       x16=00000001 f11:bf6a26f1 f17:00000000
23587257ns          443092 1c00ac86 28081363 bne              x16, x0, 646        x16:00000001
23587317ns          443095 1c00af0c 08b7f7d3 fsub.s           f15, f15, f11       f15=xxxxxxxx f15:41019197 f11:bf6a26f1
23587337ns          443096 1c00af10 d6d717e3 bne              x14, x13, -658      x14:10001fb8 x13:10001fb4
23587417ns          443100 1c00ac7e 0046a58b p.lw             x11, 4(x13!)        x11=3e89db39 x13=10001fb8 x13:10001fb4  PA:10001fb4
23587458ns          443102 1c00ac82 a1159853 flt.s            x16, f11, f17       x16=00000000 f11:3e89db39 f17:00000000
23587478ns          443103 1c00ac86 28081363 bne              x16, x0, 646        x16:00000000
23587498ns          443104 1c00ac8a 00b7f7d3 fadd.s           f15, f15, f11       f15=xxxxxxxx f15:41103406 f11:3e89db39
23587518ns          443105 1c00ac8e fed718e3 bne              x14, x13, -16       x14:10001fb8 x13:10001fb8
23587538ns          443106 1c00ac92 1c0006b7 lui              x13, 0x1c000000     x13=1c000000
23587558ns          443107 1c00ac96 0506a683 lw               x13, 80(x13)        x13=41c80000 x13:1c000000  PA:1c000050
23587959ns          443127 1c00ac9a 18d7f6d3 fdiv.s           f13, f15, f13       f13=xxxxxxxx f15:411482e0 f13:41c80000
23588983ns          443178 1c00ac9e 08d3f5d3 fsub.s           f11, f7, f13        f11=xxxxxxxx  f7:3f211139 f13:3ebe1829
23589003ns          443179 1c00aca2 00000893 addi             x17, x0, 0          x17=00000000
23589023ns          443180 1c00aca6 10b5f5d3 fmul.s           f11, f11, f11       f11=xxxxxxxx f11:3e840a49 f11:3e840a49
23589043ns          443181 1c00acaa 0046278b p.lw             x15, 4(x12!)        x15=bed22c59 x12=10001f5c x12:10001f58  PA:10001f58
23589243ns          443191 1c00acae a1179853 flt.s            x16, f15, f17       x16=00000001 f15:bed22c59 f17:00000000
23589284ns          443193 1c00acb2 24081463 bne              x16, x0, 584        x16:00000001
23589424ns          443200 1c00aefa 20f797d3 fsgnjn.s         f15, f15, f15       f15=xxxxxxxx f15:bed22c59 f15:bed22c59
23589444ns          443201 1c00aefe 08d7f7d3 fsub.s           f15, f15, f13       f15=xxxxxxxx f15:3ed22c59 f13:3ebe1829
23589464ns          443202 1c00af02 58f7f5c3 fmadd.s          f11, f15, f15, f11  f11=xxxxxxxx f15:3d20a180 f15:3d20a180 f11:3d883537
23589484ns          443203 1c00af06 dac712e3 bne              x14, x12, -604      x14:10001fb8 x12:10001f5c
23589564ns          443207 1c00acaa 0046278b p.lw             x15, 4(x12!)        x15=beb8c756 x12=10001f60 x12:10001f5c  PA:10001f5c
23589605ns          443209 1c00acae a1179853 flt.s            x16, f15, f17       x16=00000001 f15:beb8c756 f17:00000000
23589625ns          443210 1c00acb2 24081463 bne              x16, x0, 584        x16:00000001
23590026ns          443230 1c00aefa 20f797d3 fsgnjn.s         f15, f15, f15       f15=xxxxxxxx f15:beb8c756 f15:beb8c756
23590046ns          443231 1c00aefe 08d7f7d3 fsub.s           f15, f15, f13       f15=xxxxxxxx f15:3eb8c756 f13:3ebe1829
23590066ns          443232 1c00af02 58f7f5c3 fmadd.s          f11, f15, f15, f11  f11=xxxxxxxx f15:bc2a1a60 f15:bc2a1a60 f11:3d8b5b89
23590086ns          443233 1c00af06 dac712e3 bne              x14, x12, -604      x14:10001fb8 x12:10001f60
23590166ns          443237 1c00acaa 0046278b p.lw             x15, 4(x12!)        x15=bc6a33ec x12=10001f64 x12:10001f60  PA:10001f60
23590207ns          443239 1c00acae a1179853 flt.s            x16, f15, f17       x16=00000001 f15:bc6a33ec f17:00000000
23590227ns          443240 1c00acb2 24081463 bne              x16, x0, 584        x16:00000001
23590307ns          443244 1c00aefa 20f797d3 fsgnjn.s         f15, f15, f15       f15=xxxxxxxx f15:bc6a33ec f15:bc6a33ec
23590327ns          443245 1c00aefe 08d7f7d3 fsub.s           f15, f15, f13       f15=xxxxxxxx f15:3c6a33ec f13:3ebe1829
23590347ns          443246 1c00af02 58f7f5c3 fmadd.s          f11, f15, f15, f11  f11=xxxxxxxx f15:beb6c68a f15:beb6c68a f11:3d8b940d
23590367ns          443247 1c00af06 dac712e3 bne              x14, x12, -604      x14:10001fb8 x12:10001f64
23590447ns          443251 1c00acaa 0046278b p.lw             x15, 4(x12!)        x15=bf0d6cba x12=10001f68 x12:10001f64  PA:10001f64
23590487ns          443253 1c00acae a1179853 flt.s            x16, f15, f17       x16=00000001 f15:bf0d6cba f17:00000000
23590508ns          443254 1c00acb2 24081463 bne              x16, x0, 584        x16:00000001
23590588ns          443258 1c00aefa 20f797d3 fsgnjn.s         f15, f15, f15       f15=xxxxxxxx f15:bf0d6cba f15:bf0d6cba
23590608ns          443259 1c00aefe 08d7f7d3 fsub.s           f15, f15, f13       f15=xxxxxxxx f15:3f0d6cba f13:3ebe1829
23590628ns          443260 1c00af02 58f7f5c3 fmadd.s          f11, f15, f15, f11  f11=xxxxxxxx f15:3e398296 f15:3e398296 f11:3e4848ed
23590648ns          443261 1c00af06 dac712e3 bne              x14, x12, -604      x14:10001fb8 x12:10001f68
23590728ns          443265 1c00acaa 0046278b p.lw             x15, 4(x12!)        x15=bf055c80 x12=10001f6c x12:10001f68  PA:10001f68
23590768ns          443267 1c00acae a1179853 flt.s            x16, f15, f17       x16=00000001 f15:bf055c80 f17:00000000
23590788ns          443268 1c00acb2 24081463 bne              x16, x0, 584        x16:00000001
23590869ns          443272 1c00aefa 20f797d3 fsgnjn.s         f15, f15, f15       f15=xxxxxxxx f15:bf055c80 f15:bf055c80
23590889ns          443273 1c00aefe 08d7f7d3 fsub.s           f15, f15, f13       f15=xxxxxxxx f15:3f055c80 f13:3ebe1829
23590909ns          443274 1c00af02 58f7f5c3 fmadd.s          f11, f15, f15, f11  f11=xxxxxxxx f15:3e1941ae f15:3e1941ae f11:3e69e46d
23590929ns          443275 1c00af06 dac712e3 bne              x14, x12, -604      x14:10001fb8 x12:10001f6c
23591009ns          443279 1c00acaa 0046278b p.lw             x15, 4(x12!)        x15=3f4ceabe x12=10001f70 x12:10001f6c  PA:10001f6c
23591049ns          443281 1c00acae a1179853 flt.s            x16, f15, f17       x16=00000000 f15:3f4ceabe f17:00000000
23591069ns          443282 1c00acb2 24081463 bne              x16, x0, 584        x16:00000000
23591089ns          443283 1c00acb6 08d7f7d3 fsub.s           f15, f15, f13       f15=xxxxxxxx f15:3f4ceabe f13:3ebe1829
23591109ns          443284 1c00acba 58f7f5c3 fmadd.s          f11, f15, f15, f11  f11=xxxxxxxx f15:3edbbd53 f15:3edbbd53 f11:3e806a29
23591130ns          443285 1c00acbe fec716e3 bne              x14, x12, -20       x14:10001fb8 x12:10001f70
23591210ns          443289 1c00acaa 0046278b p.lw             x15, 4(x12!)        x15=be7eb09a x12=10001f74 x12:10001f70  PA:10001f70
23591250ns          443291 1c00acae a1179853 flt.s            x16, f15, f17       x16=00000001 f15:be7eb09a f17:00000000
23591270ns          443292 1c00acb2 24081463 bne              x16, x0, 584        x16:00000001
23591350ns          443296 1c00aefa 20f797d3 fsgnjn.s         f15, f15, f15       f15=xxxxxxxx f15:be7eb09a f15:be7eb09a
23591370ns          443297 1c00aefe 08d7f7d3 fsub.s           f15, f15, f13       f15=xxxxxxxx f15:3e7eb09a f13:3ebe1829
23591390ns          443298 1c00af02 58f7f5c3 fmadd.s          f11, f15, f15, f11  f11=xxxxxxxx f15:bdfaff70 f15:bdfaff70 f11:3edeb8e5
23591410ns          443299 1c00af06 dac712e3 bne              x14, x12, -604      x14:10001fb8 x12:10001f74
23591491ns          443303 1c00acaa 0046278b p.lw             x15, 4(x12!)        x15=bbe44f98 x12=10001f78 x12:10001f74  PA:10001f74
23591531ns          443305 1c00acae a1179853 flt.s            x16, f15, f17       x16=00000001 f15:bbe44f98 f17:00000000
23591551ns          443306 1c00acb2 24081463 bne              x16, x0, 584        x16:00000001
23591631ns          443310 1c00aefa 20f797d3 fsgnjn.s         f15, f15, f15       f15=xxxxxxxx f15:bbe44f98 f15:bbe44f98
23591651ns          443311 1c00aefe 08d7f7d3 fsub.s           f15, f15, f13       f15=xxxxxxxx f15:3be44f98 f13:3ebe1829
23591671ns          443312 1c00af02 58f7f5c3 fmadd.s          f11, f15, f15, f11  f11=xxxxxxxx f15:beba86eb f15:beba86eb f11:3ee669a4
23591691ns          443313 1c00af06 dac712e3 bne              x14, x12, -604      x14:10001fb8 x12:10001f78
23591772ns          443317 1c00acaa 0046278b p.lw             x15, 4(x12!)        x15=3e250b2f x12=10001f7c x12:10001f78  PA:10001f78
23591812ns          443319 1c00acae a1179853 flt.s            x16, f15, f17       x16=00000000 f15:3e250b2f f17:00000000
23591832ns          443320 1c00acb2 24081463 bne              x16, x0, 584        x16:00000000
23591852ns          443321 1c00acb6 08d7f7d3 fsub.s           f15, f15, f13       f15=xxxxxxxx f15:3e250b2f f13:3ebe1829
23591872ns          443322 1c00acba 58f7f5c3 fmadd.s          f11, f15, f15, f11  f11=xxxxxxxx f15:be572523 f15:be572523 f11:3f152ee7
23591892ns          443323 1c00acbe fec716e3 bne              x14, x12, -20       x14:10001fb8 x12:10001f7c
23591972ns          443327 1c00acaa 0046278b p.lw             x15, 4(x12!)        x15=bd9b4865 x12=10001f80 x12:10001f7c  PA:10001f7c
23592012ns          443329 1c00acae a1179853 flt.s            x16, f15, f17       x16=00000001 f15:bd9b4865 f17:00000000
23592032ns          443330 1c00acb2 24081463 bne              x16, x0, 584        x16:00000001
23592113ns          443334 1c00aefa 20f797d3 fsgnjn.s         f15, f15, f15       f15=xxxxxxxx f15:bd9b4865 f15:bd9b4865
23592133ns          443335 1c00aefe 08d7f7d3 fsub.s           f15, f15, f13       f15=xxxxxxxx f15:3d9b4865 f13:3ebe1829
23592153ns          443336 1c00af02 58f7f5c3 fmadd.s          f11, f15, f15, f11  f11=xxxxxxxx f15:be974610 f15:be974610 f11:3f207bdd
23592173ns          443337 1c00af06 dac712e3 bne              x14, x12, -604      x14:10001fb8 x12:10001f80
23592253ns          443341 1c00acaa 0046278b p.lw             x15, 4(x12!)        x15=3e8962b4 x12=10001f84 x12:10001f80  PA:10001f80
23592293ns          443343 1c00acae a1179853 flt.s            x16, f15, f17       x16=00000000 f15:3e8962b4 f17:00000000
23592313ns          443344 1c00acb2 24081463 bne              x16, x0, 584        x16:00000000
23592333ns          443345 1c00acb6 08d7f7d3 fsub.s           f15, f15, f13       f15=xxxxxxxx f15:3e8962b4 f13:3ebe1829
23592354ns          443346 1c00acba 58f7f5c3 fmadd.s          f11, f15, f15, f11  f11=xxxxxxxx f15:bdd2d5d4 f15:bdd2d5d4 f11:3f36d4cc
23592374ns          443347 1c00acbe fec716e3 bne              x14, x12, -20       x14:10001fb8 x12:10001f84
23592454ns          443351 1c00acaa 0046278b p.lw             x15, 4(x12!)        x15=3f2df339 x12=10001f88 x12:10001f84  PA:10001f84
23592494ns          443353 1c00acae a1179853 flt.s            x16, f15, f17       x16=00000000 f15:3f2df339 f17:00000000
23592514ns          443354 1c00acb2 24081463 bne              x16, x0, 584        x16:00000000
23592534ns          443355 1c00acb6 08d7f7d3 fsub.s           f15, f15, f13       f15=xxxxxxxx f15:3f2df339 f13:3ebe1829
23592554ns          443356 1c00acba 58f7f5c3 fmadd.s          f11, f15, f15, f11  f11=xxxxxxxx f15:3e9dce49 f15:3e9dce49 f11:3f398b5a
23592574ns          443357 1c00acbe fec716e3 bne              x14, x12, -20       x14:10001fb8 x12:10001f88
23592654ns          443361 1c00acaa 0046278b p.lw             x15, 4(x12!)        x15=becdfc03 x12=10001f8c x12:10001f88  PA:10001f88
23592695ns          443363 1c00acae a1179853 flt.s            x16, f15, f17       x16=00000001 f15:becdfc03 f17:00000000
23592715ns          443364 1c00acb2 24081463 bne              x16, x0, 584        x16:00000001
23592795ns          443368 1c00aefa 20f797d3 fsgnjn.s         f15, f15, f15       f15=xxxxxxxx f15:becdfc03 f15:becdfc03
23592815ns          443369 1c00aefe 08d7f7d3 fsub.s           f15, f15, f13       f15=xxxxxxxx f15:3ecdfc03 f13:3ebe1829
23592835ns          443370 1c00af02 58f7f5c3 fmadd.s          f11, f15, f15, f11  f11=xxxxxxxx f15:3cfe3da0 f15:3cfe3da0 f11:3f51dd05
23592855ns          443371 1c00af06 dac712e3 bne              x14, x12, -604      x14:10001fb8 x12:10001f8c
23592935ns          443375 1c00acaa 0046278b p.lw             x15, 4(x12!)        x15=bf0be8af x12=10001f90 x12:10001f8c  PA:10001f8c
23592976ns          443377 1c00acae a1179853 flt.s            x16, f15, f17       x16=00000001 f15:bf0be8af f17:00000000
23592996ns          443378 1c00acb2 24081463 bne              x16, x0, 584        x16:00000001
23593076ns          443382 1c00aefa 20f797d3 fsgnjn.s         f15, f15, f15       f15=xxxxxxxx f15:bf0be8af f15:bf0be8af
23593096ns          443383 1c00aefe 08d7f7d3 fsub.s           f15, f15, f13       f15=xxxxxxxx f15:3f0be8af f13:3ebe1829
23593116ns          443384 1c00af02 58f7f5c3 fmadd.s          f11, f15, f15, f11  f11=xxxxxxxx f15:3e33726a f15:3e33726a f11:3f521c25
23593136ns          443385 1c00af06 dac712e3 bne              x14, x12, -604      x14:10001fb8 x12:10001f90
23593216ns          443389 1c00acaa 0046278b p.lw             x15, 4(x12!)        x15=3f12420c x12=10001f94 x12:10001f90  PA:10001f90
23593256ns          443391 1c00acae a1179853 flt.s            x16, f15, f17       x16=00000000 f15:3f12420c f17:00000000
23593277ns          443392 1c00acb2 24081463 bne              x16, x0, 584        x16:00000000
23593297ns          443393 1c00acb6 08d7f7d3 fsub.s           f15, f15, f13       f15=xxxxxxxx f15:3f12420c f13:3ebe1829
23593317ns          443394 1c00acba 58f7f5c3 fmadd.s          f11, f15, f15, f11  f11=xxxxxxxx f15:3e4cd7de f15:3e4cd7de f11:3f59f8b8
23593337ns          443395 1c00acbe fec716e3 bne              x14, x12, -20       x14:10001fb8 x12:10001f94
23593417ns          443399 1c00acaa 0046278b p.lw             x15, 4(x12!)        x15=3ea35b02 x12=10001f98 x12:10001f94  PA:10001f94
23593457ns          443401 1c00acae a1179853 flt.s            x16, f15, f17       x16=00000000 f15:3ea35b02 f17:00000000
23593477ns          443402 1c00acb2 24081463 bne              x16, x0, 584        x16:00000000
23593497ns          443403 1c00acb6 08d7f7d3 fsub.s           f15, f15, f13       f15=xxxxxxxx f15:3ea35b02 f13:3ebe1829
23593517ns          443404 1c00acba 58f7f5c3 fmadd.s          f11, f15, f15, f11  f11=xxxxxxxx f15:bd55e938 f15:bd55e938 f11:3f643744
23593537ns          443405 1c00acbe fec716e3 bne              x14, x12, -20       x14:10001fb8 x12:10001f98
23593618ns          443409 1c00acaa 0046278b p.lw             x15, 4(x12!)        x15=bf05b8cd x12=10001f9c x12:10001f98  PA:10001f98
23593658ns          443411 1c00acae a1179853 flt.s            x16, f15, f17       x16=00000001 f15:bf05b8cd f17:00000000
23593678ns          443412 1c00acb2 24081463 bne              x16, x0, 584        x16:00000001
23593758ns          443416 1c00aefa 20f797d3 fsgnjn.s         f15, f15, f15       f15=xxxxxxxx f15:bf05b8cd f15:bf05b8cd
23593778ns          443417 1c00aefe 08d7f7d3 fsub.s           f15, f15, f13       f15=xxxxxxxx f15:3f05b8cd f13:3ebe1829
23593798ns          443418 1c00af02 58f7f5c3 fmadd.s          f11, f15, f15, f11  f11=xxxxxxxx f15:3e1ab2e2 f15:3e1ab2e2 f11:3f64ea02
23593818ns          443419 1c00af06 dac712e3 bne              x14, x12, -604      x14:10001fb8 x12:10001f9c
23593899ns          443423 1c00acaa 0046278b p.lw             x15, 4(x12!)        x15=bd13589b x12=10001fa0 x12:10001f9c  PA:10001f9c
23593939ns          443425 1c00acae a1179853 flt.s            x16, f15, f17       x16=00000001 f15:bd13589b f17:00000000
23593959ns          443426 1c00acb2 24081463 bne              x16, x0, 584        x16:00000001
23594039ns          443430 1c00aefa 20f797d3 fsgnjn.s         f15, f15, f15       f15=xxxxxxxx f15:bd13589b f15:bd13589b
23594059ns          443431 1c00aefe 08d7f7d3 fsub.s           f15, f15, f13       f15=xxxxxxxx f15:3d13589b f13:3ebe1829
23594079ns          443432 1c00af02 58f7f5c3 fmadd.s          f11, f15, f15, f11  f11=xxxxxxxx f15:beabad16 f15:beabad16 f11:3f6ac1bd
23594099ns          443433 1c00af06 dac712e3 bne              x14, x12, -604      x14:10001fb8 x12:10001fa0
23594179ns          443437 1c00acaa 0046278b p.lw             x15, 4(x12!)        x15=bf0baae2 x12=10001fa4 x12:10001fa0  PA:10001fa0
23594220ns          443439 1c00acae a1179853 flt.s            x16, f15, f17       x16=00000001 f15:bf0baae2 f17:00000000
23594240ns          443440 1c00acb2 24081463 bne              x16, x0, 584        x16:00000001
23594320ns          443444 1c00aefa 20f797d3 fsgnjn.s         f15, f15, f15       f15=xxxxxxxx f15:bf0baae2 f15:bf0baae2
23594340ns          443445 1c00aefe 08d7f7d3 fsub.s           f15, f15, f13       f15=xxxxxxxx f15:3f0baae2 f13:3ebe1829
23594360ns          443446 1c00af02 58f7f5c3 fmadd.s          f11, f15, f15, f11  f11=xxxxxxxx f15:3e327b36 f15:3e327b36 f11:3f83c4f5
23594380ns          443447 1c00af06 dac712e3 bne              x14, x12, -604      x14:10001fb8 x12:10001fa4
23594460ns          443451 1c00acaa 0046278b p.lw             x15, 4(x12!)        x15=3cca315a x12=10001fa8 x12:10001fa4  PA:10001fa4
23594501ns          443453 1c00acae a1179853 flt.s            x16, f15, f17       x16=00000000 f15:3cca315a f17:00000000
23594521ns          443454 1c00acb2 24081463 bne              x16, x0, 584        x16:00000000
23594541ns          443455 1c00acb6 08d7f7d3 fsub.s           f15, f15, f13       f15=xxxxxxxx f15:3cca315a f13:3ebe1829
23594561ns          443456 1c00acba 58f7f5c3 fmadd.s          f11, f15, f15, f11  f11=xxxxxxxx f15:beb17513 f15:beb17513 f11:3f87a872
23594581ns          443457 1c00acbe fec716e3 bne              x14, x12, -20       x14:10001fb8 x12:10001fa8
23594661ns          443461 1c00acaa 0046278b p.lw             x15, 4(x12!)        x15=be0561e9 x12=10001fac x12:10001fa8  PA:10001fa8
23594701ns          443463 1c00acae a1179853 flt.s            x16, f15, f17       x16=00000001 f15:be0561e9 f17:00000000
23594721ns          443464 1c00acb2 24081463 bne              x16, x0, 584        x16:00000001
23594801ns          443468 1c00aefa 20f797d3 fsgnjn.s         f15, f15, f15       f15=xxxxxxxx f15:be0561e9 f15:be0561e9
23594822ns          443469 1c00aefe 08d7f7d3 fsub.s           f15, f15, f13       f15=xxxxxxxx f15:3e0561e9 f13:3ebe1829
23594842ns          443470 1c00af02 58f7f5c3 fmadd.s          f11, f15, f15, f11  f11=xxxxxxxx f15:be76ce69 f15:be76ce69 f11:3f9708d5
23594862ns          443471 1c00af06 dac712e3 bne              x14, x12, -604      x14:10001fb8 x12:10001fac
23594942ns          443475 1c00acaa 0046278b p.lw             x15, 4(x12!)        x15=be8aa5f2 x12=10001fb0 x12:10001fac  PA:10001fac
23594982ns          443477 1c00acae a1179853 flt.s            x16, f15, f17       x16=00000001 f15:be8aa5f2 f17:00000000
23595002ns          443478 1c00acb2 24081463 bne              x16, x0, 584        x16:00000001
23595082ns          443482 1c00aefa 20f797d3 fsgnjn.s         f15, f15, f15       f15=xxxxxxxx f15:be8aa5f2 f15:be8aa5f2
23595102ns          443483 1c00aefe 08d7f7d3 fsub.s           f15, f15, f13       f15=xxxxxxxx f15:3e8aa5f2 f13:3ebe1829
23595123ns          443484 1c00af02 58f7f5c3 fmadd.s          f11, f15, f15, f11  f11=xxxxxxxx f15:bdcdc8dc f15:bdcdc8dc f11:3f9e7860
23595143ns          443485 1c00af06 dac712e3 bne              x14, x12, -604      x14:10001fb8 x12:10001fb0
23595223ns          443489 1c00acaa 0046278b p.lw             x15, 4(x12!)        x15=bf6a26f1 x12=10001fb4 x12:10001fb0  PA:10001fb0
23595263ns          443491 1c00acae a1179853 flt.s            x16, f15, f17       x16=00000001 f15:bf6a26f1 f17:00000000
23595283ns          443492 1c00acb2 24081463 bne              x16, x0, 584        x16:00000001
23595363ns          443496 1c00aefa 20f797d3 fsgnjn.s         f15, f15, f15       f15=xxxxxxxx f15:bf6a26f1 f15:bf6a26f1
23595383ns          443497 1c00aefe 08d7f7d3 fsub.s           f15, f15, f13       f15=xxxxxxxx f15:3f6a26f1 f13:3ebe1829
23595403ns          443498 1c00af02 58f7f5c3 fmadd.s          f11, f15, f15, f11  f11=xxxxxxxx f15:3f0b1adc f15:3f0b1adc f11:3f9fc337
23595424ns          443499 1c00af06 dac712e3 bne              x14, x12, -604      x14:10001fb8 x12:10001fb4
23595504ns          443503 1c00acaa 0046278b p.lw             x15, 4(x12!)        x15=3e89db39 x12=10001fb8 x12:10001fb4  PA:10001fb4
23595544ns          443505 1c00acae a1179853 flt.s            x16, f15, f17       x16=00000000 f15:3e89db39 f17:00000000
23595564ns          443506 1c00acb2 24081463 bne              x16, x0, 584        x16:00000000
23595584ns          443507 1c00acb6 08d7f7d3 fsub.s           f15, f15, f13       f15=xxxxxxxx f15:3e89db39 f13:3ebe1829
23595604ns          443508 1c00acba 58f7f5c3 fmadd.s          f11, f15, f15, f11  f11=xxxxxxxx f15:bdd0f3c0 f15:bdd0f3c0 f11:3fc58e4e
23595624ns          443509 1c00acbe fec716e3 bne              x14, x12, -20       x14:10001fb8 x12:10001fb8
23595644ns          443510 1c00acc2 1c0007b7 lui              x15, 0x1c000000     x15=1c000000
23595664ns          443511 1c00acc6 0587a783 lw               x15, 88(x15)        x15=40a00000 x15:1c000000  PA:1c000058
23595985ns          443527 1c00acca 18f2f7d3 fdiv.s           f15, f5, f15        f15=xxxxxxxx  f5:4531a678 f15:40a00000
23596888ns          443572 1c00acce 08ffffd3 fsub.s           f31, f31, f15       f31=xxxxxxxx f31:42c260f9 f15:440e1ec6
23596908ns          443573 1c00acd2 08ff7f53 fsub.s           f30, f30, f15       f30=xxxxxxxx f30:440b10b4 f15:440e1ec6
23596928ns          443574 1c00acd6 08fefed3 fsub.s           f29, f29, f15       f29=xxxxxxxx f29:422608c9 f15:440e1ec6
23596948ns          443575 1c00acda 11ffffd3 fmul.s           f31, f31, f31       f31=xxxxxxxx f31:c3eba54e f31:c3eba54e
23597009ns          443578 1c00acde 08fe7e53 fsub.s           f28, f28, f15       f28=xxxxxxxx f28:44800fc0 f15:440e1ec6
23597049ns          443580 1c00ace2 08f37353 fsub.s           f6, f6, f15          f6=xxxxxxxx  f6:448c5e80 f15:440e1ec6
23597069ns          443581 1c00ace6 f9ef7f43 fmadd.s          f30, f30, f30, f31  f30=xxxxxxxx f30:c1438480 f30:c1438480 f31:4858e8e8
23597089ns          443582 1c00acea 1c000737 lui              x14, 0x1c000000     x14=1c000000
23597169ns          443586 1c00acee 05c72703 lw               x14, 92(x14)        x14=3e800000 x14:1c000000  PA:1c00005c
23597571ns          443606 1c00acf2 f1defec3 fmadd.s          f29, f29, f29, f30  f29=xxxxxxxx f29:c403be39 f29:c403be39 f30:48590e3d
23597591ns          443607 1c00acf6 00541413 slli             x8, x8, 0x5          x8=00000060  x8:00000003
23597611ns          443608 1c00acf8 1c0007b7 lui              x15, 0x1c000000     x15=1c000000
23597631ns          443609 1c00acfc e9ce7e43 fmadd.s          f28, f28, f28, f29  f28=xxxxxxxx f28:43e40174 f28:43e40174 f29:48f41f96
23597992ns          443627 1c00ad00 1147aa83 lw               x21, 276(x15)       x21=4cbebc20 x15:1c000000  PA:1c000114
23598353ns          443645 1c00ad04 01810b13 addi             x22, x2, 24         x22=10001ee0  x2:10001ec8
23598373ns          443646 1c00ad08 e0637343 fmadd.s          f6, f6, f6, f28      f6=xxxxxxxx  f6:440a9e3a  f6:440a9e3a f28:492cd471
23598393ns          443647 1c00ad0c 00440793 addi             x15, x8, 4          x15=00000064  x8:00000060
23598574ns          443656 1c00ad10 f1402a73 csrrs            x20, x0, 0xf14      x20=00000003
23598614ns          443658 1c00ad14 10e37353 fmul.s           f6, f6, f14          f6=xxxxxxxx  f6:4977e369 f14:3e800000
23598634ns          443659 1c00ad18 f45a3a33 p.bclr           x20, x20, 26, 5     x20=00000003 x20:00000003
23598654ns          443660 1c00ad1c 1c000737 lui              x14, 0x1c000000     x14=1c000000
23599116ns          443683 1c00ad20 05472703 lw               x14, 84(x14)        x14=41c00000 x14:1c000000  PA:1c000054
23599617ns          443708 1c00ad24 008909b3 add              x19, x18, x8        x19=1c010060 x18:1c010000  x8:00000060
23599637ns          443709 1c00ad28 18e5f5d3 fdiv.s           f11, f11, f14       f11=xxxxxxxx f11:3fc6e368 f14:41c00000  PA:10001ee0
23600239ns          443739 1c00ad2c 00a12c23 sw               x10, 24(x2)         x10:411482e0  x2:10001ec8  PA:10001ee4
23600259ns          443740 1c00ad2e 00512e23 sw               x5, 28(x2)           x5:4531a678  x2:10001ec8
23600500ns          443752 1c00ad30 02b12023 sw               x11, 32(x2)         x11:3d84979b  x2:10001ec8  PA:10001ee8
23600520ns          443753 1c00ad32 02612223 sw               x6, 36(x2)           x6:4877e369  x2:10001ec8  PA:10001eec
23600540ns          443754 1c00ad34 00f90933 add              x18, x18, x15       x18=1c010064 x18:1c010000 x15:00000064
23600560ns          443755 1c00ad36 01600bb3 add              x23, x0, x22        x23=10001ee0 x22:10001ee0
23600580ns          443756 1c00ad38 00100d13 addi             x26, x0, 1          x26=00000001
23600600ns          443757 1c00ad3a 01400cb3 add              x25, x0, x20        x25=00000003 x20:00000003
23600620ns          443758 1c00ad3c 004ba40b p.lw             x8, 4(x23!)          x8=xxxxxxxx x23=10001ee4 x23:10001ee0  PA:10001ee0
23600641ns          443759 1c00ad40 0009ad83 lw               x27, 0(x19)         x27=41148341 x19:1c010060  PA:1c010060
23600941ns          443774 1c00ad44 00092c03 lw               x24, 0(x18)         x24=4114827f x18:1c010064  PA:1c010064
23601242ns          443789 1c00ad48 a1b406d3 fle.s            x13, f8, f27        x13=00000001  f8:411482e0 f27:41148341
23601263ns          443790 1c00ad4c 1c069a63 bne              x13, x0, 468        x13:00000001
23601323ns          443793 1c00af20 a08c06d3 fle.s            x13, f24, f8        x13=00000001 f24:4114827f  f8:411482e0
23601343ns          443794 1c00af24 00069363 bne              x13, x0, 6          x13:00000001
23601423ns          443798 1c00af2a f60d1ae3 bne              x26, x0, -140       x26:00000001
23602005ns          443827 1c00ae9e 00898993 addi             x19, x19, 8         x19=1c010068 x19:1c010060
23602466ns          443850 1c00aea0 00890913 addi             x18, x18, 8         x18=1c01006c x18:1c010064
23602507ns          443852 1c00aea2 e9749de3 bne              x9, x23, -358        x9:10001ef0 x23:10001ee4
23602567ns          443855 1c00ad3c 004ba40b p.lw             x8, 4(x23!)          x8=4531a678 x23=10001ee8 x23:10001ee4  PA:10001ee4
23602587ns          443856 1c00ad40 0009ad83 lw               x27, 0(x19)         x27=4531a6ec x19:1c010068  PA:1c010068
23602888ns          443871 1c00ad44 00092c03 lw               x24, 0(x18)         x24=4531a604 x18:1c01006c  PA:1c01006c
23603189ns          443886 1c00ad48 a1b406d3 fle.s            x13, f8, f27        x13=00000001  f8:4531a678 f27:4531a6ec
23603209ns          443887 1c00ad4c 1c069a63 bne              x13, x0, 468        x13:00000001
23603269ns          443890 1c00af20 a08c06d3 fle.s            x13, f24, f8        x13=00000001 f24:4531a604  f8:4531a678
23603289ns          443891 1c00af24 00069363 bne              x13, x0, 6          x13:00000001
23603369ns          443895 1c00af2a f60d1ae3 bne              x26, x0, -140       x26:00000001
23603430ns          443898 1c00ae9e 00898993 addi             x19, x19, 8         x19=1c010070 x19:1c010068
23603450ns          443899 1c00aea0 00890913 addi             x18, x18, 8         x18=1c010074 x18:1c01006c
23603470ns          443900 1c00aea2 e9749de3 bne              x9, x23, -358        x9:10001ef0 x23:10001ee8
23603530ns          443903 1c00ad3c 004ba40b p.lw             x8, 4(x23!)          x8=3d84979b x23=10001eec x23:10001ee8  PA:10001ee8
23603550ns          443904 1c00ad40 0009ad83 lw               x27, 0(x19)         x27=3d8497f2 x19:1c010070  PA:1c010070
23603851ns          443919 1c00ad44 00092c03 lw               x24, 0(x18)         x24=3d849744 x18:1c010074  PA:1c010074
23604152ns          443934 1c00ad48 a1b406d3 fle.s            x13, f8, f27        x13=00000001  f8:3d84979b f27:3d8497f2
23604172ns          443935 1c00ad4c 1c069a63 bne              x13, x0, 468        x13:00000001
23604232ns          443938 1c00af20 a08c06d3 fle.s            x13, f24, f8        x13=00000001 f24:3d849744  f8:3d84979b
23604252ns          443939 1c00af24 00069363 bne              x13, x0, 6          x13:00000001
23604333ns          443943 1c00af2a f60d1ae3 bne              x26, x0, -140       x26:00000001
23604393ns          443946 1c00ae9e 00898993 addi             x19, x19, 8         x19=1c010078 x19:1c010070
23604413ns          443947 1c00aea0 00890913 addi             x18, x18, 8         x18=1c01007c x18:1c010074
23604433ns          443948 1c00aea2 e9749de3 bne              x9, x23, -358        x9:10001ef0 x23:10001eec
23604493ns          443951 1c00ad3c 004ba40b p.lw             x8, 4(x23!)          x8=4877e369 x23=10001ef0 x23:10001eec  PA:10001eec
23604513ns          443952 1c00ad40 0009ad83 lw               x27, 0(x19)         x27=4877e40e x19:1c010078  PA:1c010078
23604814ns          443967 1c00ad44 00092c03 lw               x24, 0(x18)         x24=4877e2ca x18:1c01007c  PA:1c01007c
23605115ns          443982 1c00ad48 a1b406d3 fle.s            x13, f8, f27        x13=00000001  f8:4877e369 f27:4877e40e
23605135ns          443983 1c00ad4c 1c069a63 bne              x13, x0, 468        x13:00000001
23605195ns          443986 1c00af20 a08c06d3 fle.s            x13, f24, f8        x13=00000001 f24:4877e2ca  f8:4877e369
23605215ns          443987 1c00af24 00069363 bne              x13, x0, 6          x13:00000001
23605296ns          443991 1c00af2a f60d1ae3 bne              x26, x0, -140       x26:00000001
23605356ns          443994 1c00ae9e 00898993 addi             x19, x19, 8         x19=1c010080 x19:1c010078
23605376ns          443995 1c00aea0 00890913 addi             x18, x18, 8         x18=1c010084 x18:1c01007c
23605396ns          443996 1c00aea2 e9749de3 bne              x9, x23, -358        x9:10001ef0 x23:10001ef0
23605416ns          443997 1c00aea6 2f7010ef jal              x1, 6902             x1=1c00aeaa
23605496ns          444001 1c00c99c f14027f3 csrrs            x15, x0, 0xf14      x15=00000003
23605577ns          444005 1c00c9a0 01f00713 addi             x14, x0, 31         x14=0000001f
23605617ns          444007 1c00c9a2 ca5797b3 p.extractu       x15, x15, 5, 5      x15=00000000 x15:00000003
23605637ns          444008 1c00c9a6 00e78863 beq              x15, x14, 16        x15:00000000 x14:0000001f
23605657ns          444009 1c00c9aa 002047b7 lui              x15, 0x204000       x15=00204000
23605677ns          444010 1c00c9ae 20078793 addi             x15, x15, 512       x15=00204200 x15:00204000
23605697ns          444011 1c00c9b2 01c7e703 p.elw            x14, 28(x15)        x14=00010000 x15:00204200  PA:0020421c
23605958ns          444024 1c00c9b6 00008067 jalr             x0, x1, 0            x1:1c00aeaa
23606078ns          444030 1c00aeaa f14025f3 csrrs            x11, x0, 0xf14      x11=00000003
23606500ns          444051 1c00aeae f455b5b3 p.bclr           x11, x11, 26, 5     x11=00000003 x11:00000003
23606540ns          444053 1c00aeb2 080d0f63 beq              x26, x0, 158        x26:00000001
23606560ns          444054 1c00aeb6 1c000537 lui              x10, 0x1c000000     x10=1c000000
23606580ns          444055 1c00aeba 0f850513 addi             x10, x10, 248       x10=1c0000f8 x10:1c000000
23606600ns          444056 1c00aebe 728000ef jal              x1, 1832             x1=1c00aec0
23607102ns          444081 1c00b5e6 fc010113 addi             x2, x2, -64          x2=10001e88  x2:10001ec8
23607142ns          444083 1c00b5e8 02410313 addi             x6, x2, 36           x6=10001eac  x2:10001e88
23607162ns          444084 1c00b5ec 02c12423 sw               x12, 40(x2)         x12:10001fb8  x2:10001e88  PA:10001eb0
23607182ns          444085 1c00b5ee 00a00633 add              x12, x0, x10        x12=1c0000f8 x10:1c0000f8
23607222ns          444087 1c00b5f0 1c00b537 lui              x10, 0x1c00b000     x10=1c00b000
23607262ns          444089 1c00b5f4 02b12223 sw               x11, 36(x2)         x11:00000003  x2:10001e88  PA:10001eac
23607282ns          444090 1c00b5f6 02d12623 sw               x13, 44(x2)         x13:00000001  x2:10001e88  PA:10001eb4
23607302ns          444091 1c00b5f8 00200593 addi             x11, x0, 2          x11=00000002
23607322ns          444092 1c00b5fa 006006b3 add              x13, x0, x6         x13=10001eac  x6:10001eac
23607342ns          444093 1c00b5fc 57a50513 addi             x10, x10, 1402      x10=1c00b57a x10:1c00b000
23607362ns          444094 1c00b600 00112e23 sw               x1, 28(x2)           x1:1c00aec0  x2:10001e88  PA:10001ea4
23607382ns          444095 1c00b602 02e12823 sw               x14, 48(x2)         x14:00010000  x2:10001e88  PA:10001eb8
23607403ns          444096 1c00b604 02f12a23 sw               x15, 52(x2)         x15:00204200  x2:10001e88  PA:10001ebc
23607423ns          444097 1c00b606 03012c23 sw               x16, 56(x2)         x16:00000000  x2:10001e88  PA:10001ec0
23607443ns          444098 1c00b608 03112e23 sw               x17, 60(x2)         x17:00000000  x2:10001e88  PA:10001ec4
23607463ns          444099 1c00b60a 00612623 sw               x6, 12(x2)           x6:10001eac  x2:10001e88  PA:10001e94
23607483ns          444100 1c00b60c fbfff0ef jal              x1, -66              x1=1c00b60e
23607583ns          444105 1c00b5ca 04a0006f jal              x0, 74             
23607623ns          444107 1c00b614 ed010113 addi             x2, x2, -304         x2=10001d58  x2:10001e88
23607643ns          444108 1c00b616 12812423 sw               x8, 296(x2)          x8:4877e369  x2:10001d58  PA:10001e80
23607663ns          444109 1c00b61a 00000413 addi             x8, x0, 0            x8=00000000
23607683ns          444110 1c00b61c 11612823 sw               x22, 272(x2)        x22:10001ee0  x2:10001d58  PA:10001e68
23607724ns          444112 1c00b620 11712623 sw               x23, 268(x2)        x23:10001ef0  x2:10001d58  PA:10001e64
23607764ns          444114 1c00b624 11812423 sw               x24, 264(x2)        x24:4877e2ca  x2:10001d58  PA:10001e60
23607784ns          444115 1c00b628 11912223 sw               x25, 260(x2)        x25:00000003  x2:10001d58  PA:10001e5c
23607804ns          444116 1c00b62c 11a12023 sw               x26, 256(x2)        x26:00000001  x2:10001d58  PA:10001e58
23607864ns          444119 1c00b630 0fb12e23 sw               x27, 252(x2)        x27:4877e40e  x2:10001d58  PA:10001e54
23607904ns          444121 1c00b632 12112623 sw               x1, 300(x2)          x1:1c00b60e  x2:10001d58  PA:10001e84
23607924ns          444122 1c00b636 00800db3 add              x27, x0, x8         x27=00000000  x8:00000000
23607944ns          444123 1c00b638 12912223 sw               x9, 292(x2)          x9:10001ef0  x2:10001d58  PA:10001e7c
23607964ns          444124 1c00b63c 13212023 sw               x18, 288(x2)        x18:1c010084  x2:10001d58  PA:10001e78
23608004ns          444126 1c00b640 11312e23 sw               x19, 284(x2)        x19:1c010080  x2:10001d58  PA:10001e74
23608045ns          444128 1c00b644 11412c23 sw               x20, 280(x2)        x20:00000003  x2:10001d58  PA:10001e70
23608065ns          444129 1c00b648 11512a23 sw               x21, 276(x2)        x21:4cbebc20  x2:10001d58  PA:10001e6c
23608085ns          444130 1c00b64c 00a00b33 add              x22, x0, x10        x22=1c00b57a x10:1c00b57a
23608105ns          444131 1c00b64e 00b00d33 add              x26, x0, x11        x26=00000002 x11:00000002
23608145ns          444133 1c00b650 00d00c33 add              x24, x0, x13        x24=10001eac x13:10001eac
23608185ns          444135 1c00b652 1c000bb7 lui              x23, 0x1c000000     x23=1c000000
23608205ns          444136 1c00b656 02410c93 addi             x25, x2, 36         x25=10001d7c  x2:10001d58
23608225ns          444137 1c00b65a 00c00433 add              x8, x0, x12          x8=1c0000f8 x12:1c0000f8
23608245ns          444138 1c00b65c 00044503 lbu              x10, 0(x8)          x10=0000006b  x8:1c0000f8  PA:1c0000f8
23608566ns          444154 1c00b660 00140413 addi             x8, x8, 1            x8=1c0000f9  x8:1c0000f8
23608586ns          444155 1c00b662 00050e63 beq              x10, x0, 28         x10:0000006b
23608606ns          444156 1c00b664 02500793 addi             x15, x0, 37         x15=00000025
23608627ns          444157 1c00b668 04f50863 beq              x10, x15, 80        x10:0000006b x15:00000025
23608647ns          444158 1c00b66c 01a005b3 add              x11, x0, x26        x11=00000002 x26:00000002
23608667ns          444159 1c00b66e 000b00e7 jalr             x1, x22, 0           x1=1c00b670 x22:1c00b57a
23608767ns          444164 1c00b57a 000026b7 lui              x13, 0x2000         x13=00002000
23608807ns          444166 1c00b57c f14027f3 csrrs            x15, x0, 0xf14      x15=00000003
23608867ns          444169 1c00b580 f8068693 addi             x13, x13, -128      x13=00001f80 x13:00002000
23608907ns          444171 1c00b584 00379713 slli             x14, x15, 0x3       x14=00000018 x15:00000003
23608928ns          444172 1c00b588 00279793 slli             x15, x15, 0x2       x15=0000000c x15:00000003
23608948ns          444173 1c00b58a 00d7f7b3 and              x15, x15, x13       x15=00000000 x15:0000000c x13:00001f80
23608968ns          444174 1c00b58c ee873733 p.bclr           x14, x14, 23, 8     x14=00000018 x14:00000018
23609008ns          444176 1c00b590 1a10f6b7 lui              x13, 0x1a10f000     x13=1a10f000
23609048ns          444178 1c00b594 0ff57513 andi             x10, x10, 255       x10=0000006b x10:0000006b
23609068ns          444179 1c00b598 00d70733 add              x14, x14, x13       x14=1a10f018 x14:00000018 x13:1a10f000
23609088ns          444180 1c00b59a 00a7e723 p.sw             x10, x0(x15)        x10:0000006b x15:00000000  PA:1a10f018
23609409ns          444196 1c00b59e 00000513 addi             x10, x0, 0          x10=00000000
23609429ns          444197 1c00b5a0 00008067 jalr             x0, x1, 0            x1:1c00b670
23609509ns          444201 1c00b670 31f52563 p.beqimm         x10, 778            x10:00000000
23609550ns          444203 1c00b674 001d8d93 addi             x27, x27, 1         x27=00000001 x27:00000000
23609570ns          444204 1c00b676 00044503 lbu              x10, 0(x8)          x10=00000065  x8:1c0000f9  PA:1c0000f9
23609871ns          444219 1c00b67a 00140413 addi             x8, x8, 1            x8=1c0000fa  x8:1c0000f9
23609891ns          444220 1c00b67c fe0514e3 bne              x10, x0, -24        x10:00000065
23609951ns          444223 1c00b664 02500793 addi             x15, x0, 37         x15=00000025
23609971ns          444224 1c00b668 04f50863 beq              x10, x15, 80        x10:00000065 x15:00000025
23609991ns          444225 1c00b66c 01a005b3 add              x11, x0, x26        x11=00000002 x26:00000002
23610011ns          444226 1c00b66e 000b00e7 jalr             x1, x22, 0           x1=1c00b670 x22:1c00b57a
23610051ns          444228 1c00b57a 000026b7 lui              x13, 0x2000         x13=00002000
23610071ns          444229 1c00b57c f14027f3 csrrs            x15, x0, 0xf14      x15=00000003
23610091ns          444230 1c00b580 f8068693 addi             x13, x13, -128      x13=00001f80 x13:00002000
23610111ns          444231 1c00b584 00379713 slli             x14, x15, 0x3       x14=00000018 x15:00000003
23610131ns          444232 1c00b588 00279793 slli             x15, x15, 0x2       x15=0000000c x15:00000003
23610151ns          444233 1c00b58a 00d7f7b3 and              x15, x15, x13       x15=00000000 x15:0000000c x13:00001f80
23610172ns          444234 1c00b58c ee873733 p.bclr           x14, x14, 23, 8     x14=00000018 x14:00000018
23610192ns          444235 1c00b590 1a10f6b7 lui              x13, 0x1a10f000     x13=1a10f000
23610212ns          444236 1c00b594 0ff57513 andi             x10, x10, 255       x10=00000065 x10:00000065
23610232ns          444237 1c00b598 00d70733 add              x14, x14, x13       x14=1a10f018 x14:00000018 x13:1a10f000
23610252ns          444238 1c00b59a 00a7e723 p.sw             x10, x0(x15)        x10:00000065 x15:00000000  PA:1a10f018
23610573ns          444254 1c00b59e 00000513 addi             x10, x0, 0          x10=00000000
23610593ns          444255 1c00b5a0 00008067 jalr             x0, x1, 0            x1:1c00b670
23610633ns          444257 1c00b670 31f52563 p.beqimm         x10, 778            x10:00000000
23610653ns          444258 1c00b674 001d8d93 addi             x27, x27, 1         x27=00000002 x27:00000001
23610673ns          444259 1c00b676 00044503 lbu              x10, 0(x8)          x10=00000072  x8:1c0000fa  PA:1c0000fa
23610974ns          444274 1c00b67a 00140413 addi             x8, x8, 1            x8=1c0000fb  x8:1c0000fa
23610994ns          444275 1c00b67c fe0514e3 bne              x10, x0, -24        x10:00000072
23611054ns          444278 1c00b664 02500793 addi             x15, x0, 37         x15=00000025
23611074ns          444279 1c00b668 04f50863 beq              x10, x15, 80        x10:00000072 x15:00000025
23611095ns          444280 1c00b66c 01a005b3 add              x11, x0, x26        x11=00000002 x26:00000002
23611115ns          444281 1c00b66e 000b00e7 jalr             x1, x22, 0           x1=1c00b670 x22:1c00b57a
23611155ns          444283 1c00b57a 000026b7 lui              x13, 0x2000         x13=00002000
23611175ns          444284 1c00b57c f14027f3 csrrs            x15, x0, 0xf14      x15=00000003
23611195ns          444285 1c00b580 f8068693 addi             x13, x13, -128      x13=00001f80 x13:00002000
23611215ns          444286 1c00b584 00379713 slli             x14, x15, 0x3       x14=00000018 x15:00000003
23611235ns          444287 1c00b588 00279793 slli             x15, x15, 0x2       x15=0000000c x15:00000003
23611255ns          444288 1c00b58a 00d7f7b3 and              x15, x15, x13       x15=00000000 x15:0000000c x13:00001f80
23611275ns          444289 1c00b58c ee873733 p.bclr           x14, x14, 23, 8     x14=00000018 x14:00000018
23611295ns          444290 1c00b590 1a10f6b7 lui              x13, 0x1a10f000     x13=1a10f000
23611315ns          444291 1c00b594 0ff57513 andi             x10, x10, 255       x10=00000072 x10:00000072
23611335ns          444292 1c00b598 00d70733 add              x14, x14, x13       x14=1a10f018 x14:00000018 x13:1a10f000
23611355ns          444293 1c00b59a 00a7e723 p.sw             x10, x0(x15)        x10:00000072 x15:00000000  PA:1a10f018
23611676ns          444309 1c00b59e 00000513 addi             x10, x0, 0          x10=00000000
23611697ns          444310 1c00b5a0 00008067 jalr             x0, x1, 0            x1:1c00b670
23611737ns          444312 1c00b670 31f52563 p.beqimm         x10, 778            x10:00000000
23611757ns          444313 1c00b674 001d8d93 addi             x27, x27, 1         x27=00000003 x27:00000002
23611777ns          444314 1c00b676 00044503 lbu              x10, 0(x8)          x10=0000006e  x8:1c0000fb  PA:1c0000fb
23612078ns          444329 1c00b67a 00140413 addi             x8, x8, 1            x8=1c0000fc  x8:1c0000fb
23612098ns          444330 1c00b67c fe0514e3 bne              x10, x0, -24        x10:0000006e
23612158ns          444333 1c00b664 02500793 addi             x15, x0, 37         x15=00000025
23612178ns          444334 1c00b668 04f50863 beq              x10, x15, 80        x10:0000006e x15:00000025
23612198ns          444335 1c00b66c 01a005b3 add              x11, x0, x26        x11=00000002 x26:00000002
23612218ns          444336 1c00b66e 000b00e7 jalr             x1, x22, 0           x1=1c00b670 x22:1c00b57a
23612258ns          444338 1c00b57a 000026b7 lui              x13, 0x2000         x13=00002000
23612278ns          444339 1c00b57c f14027f3 csrrs            x15, x0, 0xf14      x15=00000003
23612298ns          444340 1c00b580 f8068693 addi             x13, x13, -128      x13=00001f80 x13:00002000
23612319ns          444341 1c00b584 00379713 slli             x14, x15, 0x3       x14=00000018 x15:00000003
23612339ns          444342 1c00b588 00279793 slli             x15, x15, 0x2       x15=0000000c x15:00000003
23612359ns          444343 1c00b58a 00d7f7b3 and              x15, x15, x13       x15=00000000 x15:0000000c x13:00001f80
23612379ns          444344 1c00b58c ee873733 p.bclr           x14, x14, 23, 8     x14=00000018 x14:00000018
23612399ns          444345 1c00b590 1a10f6b7 lui              x13, 0x1a10f000     x13=1a10f000
23612419ns          444346 1c00b594 0ff57513 andi             x10, x10, 255       x10=0000006e x10:0000006e
23612439ns          444347 1c00b598 00d70733 add              x14, x14, x13       x14=1a10f018 x14:00000018 x13:1a10f000
23612459ns          444348 1c00b59a 00a7e723 p.sw             x10, x0(x15)        x10:0000006e x15:00000000  PA:1a10f018
23612780ns          444364 1c00b59e 00000513 addi             x10, x0, 0          x10=00000000
23612800ns          444365 1c00b5a0 00008067 jalr             x0, x1, 0            x1:1c00b670
23612840ns          444367 1c00b670 31f52563 p.beqimm         x10, 778            x10:00000000
23612860ns          444368 1c00b674 001d8d93 addi             x27, x27, 1         x27=00000004 x27:00000003
23612880ns          444369 1c00b676 00044503 lbu              x10, 0(x8)          x10=00000065  x8:1c0000fc  PA:1c0000fc
23613181ns          444384 1c00b67a 00140413 addi             x8, x8, 1            x8=1c0000fd  x8:1c0000fc
23613201ns          444385 1c00b67c fe0514e3 bne              x10, x0, -24        x10:00000065
23613262ns          444388 1c00b664 02500793 addi             x15, x0, 37         x15=00000025
23613282ns          444389 1c00b668 04f50863 beq              x10, x15, 80        x10:00000065 x15:00000025
23613302ns          444390 1c00b66c 01a005b3 add              x11, x0, x26        x11=00000002 x26:00000002
23613322ns          444391 1c00b66e 000b00e7 jalr             x1, x22, 0           x1=1c00b670 x22:1c00b57a
23613362ns          444393 1c00b57a 000026b7 lui              x13, 0x2000         x13=00002000
23613382ns          444394 1c00b57c f14027f3 csrrs            x15, x0, 0xf14      x15=00000003
23613402ns          444395 1c00b580 f8068693 addi             x13, x13, -128      x13=00001f80 x13:00002000
23613422ns          444396 1c00b584 00379713 slli             x14, x15, 0x3       x14=00000018 x15:00000003
23613442ns          444397 1c00b588 00279793 slli             x15, x15, 0x2       x15=0000000c x15:00000003
23613462ns          444398 1c00b58a 00d7f7b3 and              x15, x15, x13       x15=00000000 x15:0000000c x13:00001f80
23613482ns          444399 1c00b58c ee873733 p.bclr           x14, x14, 23, 8     x14=00000018 x14:00000018
23613502ns          444400 1c00b590 1a10f6b7 lui              x13, 0x1a10f000     x13=1a10f000
23613522ns          444401 1c00b594 0ff57513 andi             x10, x10, 255       x10=00000065 x10:00000065
23613543ns          444402 1c00b598 00d70733 add              x14, x14, x13       x14=1a10f018 x14:00000018 x13:1a10f000
23613563ns          444403 1c00b59a 00a7e723 p.sw             x10, x0(x15)        x10:00000065 x15:00000000  PA:1a10f018
23613884ns          444419 1c00b59e 00000513 addi             x10, x0, 0          x10=00000000
23613904ns          444420 1c00b5a0 00008067 jalr             x0, x1, 0            x1:1c00b670
23613944ns          444422 1c00b670 31f52563 p.beqimm         x10, 778            x10:00000000
23613964ns          444423 1c00b674 001d8d93 addi             x27, x27, 1         x27=00000005 x27:00000004
23613984ns          444424 1c00b676 00044503 lbu              x10, 0(x8)          x10=0000006c  x8:1c0000fd  PA:1c0000fd
23614285ns          444439 1c00b67a 00140413 addi             x8, x8, 1            x8=1c0000fe  x8:1c0000fd
23614305ns          444440 1c00b67c fe0514e3 bne              x10, x0, -24        x10:0000006c
23614365ns          444443 1c00b664 02500793 addi             x15, x0, 37         x15=00000025
23614385ns          444444 1c00b668 04f50863 beq              x10, x15, 80        x10:0000006c x15:00000025
23614405ns          444445 1c00b66c 01a005b3 add              x11, x0, x26        x11=00000002 x26:00000002
23614425ns          444446 1c00b66e 000b00e7 jalr             x1, x22, 0           x1=1c00b670 x22:1c00b57a
23614466ns          444448 1c00b57a 000026b7 lui              x13, 0x2000         x13=00002000
23614486ns          444449 1c00b57c f14027f3 csrrs            x15, x0, 0xf14      x15=00000003
23614506ns          444450 1c00b580 f8068693 addi             x13, x13, -128      x13=00001f80 x13:00002000
23614526ns          444451 1c00b584 00379713 slli             x14, x15, 0x3       x14=00000018 x15:00000003
23614546ns          444452 1c00b588 00279793 slli             x15, x15, 0x2       x15=0000000c x15:00000003
23614566ns          444453 1c00b58a 00d7f7b3 and              x15, x15, x13       x15=00000000 x15:0000000c x13:00001f80
23614586ns          444454 1c00b58c ee873733 p.bclr           x14, x14, 23, 8     x14=00000018 x14:00000018
23614606ns          444455 1c00b590 1a10f6b7 lui              x13, 0x1a10f000     x13=1a10f000
23614626ns          444456 1c00b594 0ff57513 andi             x10, x10, 255       x10=0000006c x10:0000006c
23614646ns          444457 1c00b598 00d70733 add              x14, x14, x13       x14=1a10f018 x14:00000018 x13:1a10f000
23614666ns          444458 1c00b59a 00a7e723 p.sw             x10, x0(x15)        x10:0000006c x15:00000000  PA:1a10f018
23614987ns          444474 1c00b59e 00000513 addi             x10, x0, 0          x10=00000000
23615007ns          444475 1c00b5a0 00008067 jalr             x0, x1, 0            x1:1c00b670
23615047ns          444477 1c00b670 31f52563 p.beqimm         x10, 778            x10:00000000
23615068ns          444478 1c00b674 001d8d93 addi             x27, x27, 1         x27=00000006 x27:00000005
23615088ns          444479 1c00b676 00044503 lbu              x10, 0(x8)          x10=00000020  x8:1c0000fe  PA:1c0000fe
23615409ns          444495 1c00b67a 00140413 addi             x8, x8, 1            x8=1c0000ff  x8:1c0000fe
23615429ns          444496 1c00b67c fe0514e3 bne              x10, x0, -24        x10:00000020
23615489ns          444499 1c00b664 02500793 addi             x15, x0, 37         x15=00000025
23615509ns          444500 1c00b668 04f50863 beq              x10, x15, 80        x10:00000020 x15:00000025
23615529ns          444501 1c00b66c 01a005b3 add              x11, x0, x26        x11=00000002 x26:00000002
23615549ns          444502 1c00b66e 000b00e7 jalr             x1, x22, 0           x1=1c00b670 x22:1c00b57a
23615589ns          444504 1c00b57a 000026b7 lui              x13, 0x2000         x13=00002000
23615609ns          444505 1c00b57c f14027f3 csrrs            x15, x0, 0xf14      x15=00000003
23615629ns          444506 1c00b580 f8068693 addi             x13, x13, -128      x13=00001f80 x13:00002000
23615649ns          444507 1c00b584 00379713 slli             x14, x15, 0x3       x14=00000018 x15:00000003
23615669ns          444508 1c00b588 00279793 slli             x15, x15, 0x2       x15=0000000c x15:00000003
23615690ns          444509 1c00b58a 00d7f7b3 and              x15, x15, x13       x15=00000000 x15:0000000c x13:00001f80
23615710ns          444510 1c00b58c ee873733 p.bclr           x14, x14, 23, 8     x14=00000018 x14:00000018
23615730ns          444511 1c00b590 1a10f6b7 lui              x13, 0x1a10f000     x13=1a10f000
23615750ns          444512 1c00b594 0ff57513 andi             x10, x10, 255       x10=00000020 x10:00000020
23615770ns          444513 1c00b598 00d70733 add              x14, x14, x13       x14=1a10f018 x14:00000018 x13:1a10f000
23615790ns          444514 1c00b59a 00a7e723 p.sw             x10, x0(x15)        x10:00000020 x15:00000000  PA:1a10f018
23616111ns          444530 1c00b59e 00000513 addi             x10, x0, 0          x10=00000000
23616131ns          444531 1c00b5a0 00008067 jalr             x0, x1, 0            x1:1c00b670
23616171ns          444533 1c00b670 31f52563 p.beqimm         x10, 778            x10:00000000
23616191ns          444534 1c00b674 001d8d93 addi             x27, x27, 1         x27=00000007 x27:00000006
23616211ns          444535 1c00b676 00044503 lbu              x10, 0(x8)          x10=00000070  x8:1c0000ff  PA:1c0000ff
23616512ns          444550 1c00b67a 00140413 addi             x8, x8, 1            x8=1c000100  x8:1c0000ff
23616532ns          444551 1c00b67c fe0514e3 bne              x10, x0, -24        x10:00000070
23616592ns          444554 1c00b664 02500793 addi             x15, x0, 37         x15=00000025
23616613ns          444555 1c00b668 04f50863 beq              x10, x15, 80        x10:00000070 x15:00000025
23616633ns          444556 1c00b66c 01a005b3 add              x11, x0, x26        x11=00000002 x26:00000002
23616653ns          444557 1c00b66e 000b00e7 jalr             x1, x22, 0           x1=1c00b670 x22:1c00b57a
23616693ns          444559 1c00b57a 000026b7 lui              x13, 0x2000         x13=00002000
23616713ns          444560 1c00b57c f14027f3 csrrs            x15, x0, 0xf14      x15=00000003
23616733ns          444561 1c00b580 f8068693 addi             x13, x13, -128      x13=00001f80 x13:00002000
23616753ns          444562 1c00b584 00379713 slli             x14, x15, 0x3       x14=00000018 x15:00000003
23616773ns          444563 1c00b588 00279793 slli             x15, x15, 0x2       x15=0000000c x15:00000003
23616793ns          444564 1c00b58a 00d7f7b3 and              x15, x15, x13       x15=00000000 x15:0000000c x13:00001f80
23616813ns          444565 1c00b58c ee873733 p.bclr           x14, x14, 23, 8     x14=00000018 x14:00000018
23616833ns          444566 1c00b590 1a10f6b7 lui              x13, 0x1a10f000     x13=1a10f000
23616853ns          444567 1c00b594 0ff57513 andi             x10, x10, 255       x10=00000070 x10:00000070
23616873ns          444568 1c00b598 00d70733 add              x14, x14, x13       x14=1a10f018 x14:00000018 x13:1a10f000
23616893ns          444569 1c00b59a 00a7e723 p.sw             x10, x0(x15)        x10:00000070 x15:00000000  PA:1a10f018
23617214ns          444585 1c00b59e 00000513 addi             x10, x0, 0          x10=00000000
23617235ns          444586 1c00b5a0 00008067 jalr             x0, x1, 0            x1:1c00b670
23617275ns          444588 1c00b670 31f52563 p.beqimm         x10, 778            x10:00000000
23617295ns          444589 1c00b674 001d8d93 addi             x27, x27, 1         x27=00000008 x27:00000007
23617315ns          444590 1c00b676 00044503 lbu              x10, 0(x8)          x10=00000061  x8:1c000100  PA:1c000100
23617616ns          444605 1c00b67a 00140413 addi             x8, x8, 1            x8=1c000101  x8:1c000100
23617636ns          444606 1c00b67c fe0514e3 bne              x10, x0, -24        x10:00000061
23617696ns          444609 1c00b664 02500793 addi             x15, x0, 37         x15=00000025
23617716ns          444610 1c00b668 04f50863 beq              x10, x15, 80        x10:00000061 x15:00000025
23617736ns          444611 1c00b66c 01a005b3 add              x11, x0, x26        x11=00000002 x26:00000002
23617756ns          444612 1c00b66e 000b00e7 jalr             x1, x22, 0           x1=1c00b670 x22:1c00b57a
23617796ns          444614 1c00b57a 000026b7 lui              x13, 0x2000         x13=00002000
23617816ns          444615 1c00b57c f14027f3 csrrs            x15, x0, 0xf14      x15=00000003
23617837ns          444616 1c00b580 f8068693 addi             x13, x13, -128      x13=00001f80 x13:00002000
23617857ns          444617 1c00b584 00379713 slli             x14, x15, 0x3       x14=00000018 x15:00000003
23617877ns          444618 1c00b588 00279793 slli             x15, x15, 0x2       x15=0000000c x15:00000003
23617897ns          444619 1c00b58a 00d7f7b3 and              x15, x15, x13       x15=00000000 x15:0000000c x13:00001f80
23617917ns          444620 1c00b58c ee873733 p.bclr           x14, x14, 23, 8     x14=00000018 x14:00000018
23617937ns          444621 1c00b590 1a10f6b7 lui              x13, 0x1a10f000     x13=1a10f000
23617957ns          444622 1c00b594 0ff57513 andi             x10, x10, 255       x10=00000061 x10:00000061
23617977ns          444623 1c00b598 00d70733 add              x14, x14, x13       x14=1a10f018 x14:00000018 x13:1a10f000
23617997ns          444624 1c00b59a 00a7e723 p.sw             x10, x0(x15)        x10:00000061 x15:00000000  PA:1a10f018
23618318ns          444640 1c00b59e 00000513 addi             x10, x0, 0          x10=00000000
23618338ns          444641 1c00b5a0 00008067 jalr             x0, x1, 0            x1:1c00b670
23618378ns          444643 1c00b670 31f52563 p.beqimm         x10, 778            x10:00000000
23618398ns          444644 1c00b674 001d8d93 addi             x27, x27, 1         x27=00000009 x27:00000008
23618418ns          444645 1c00b676 00044503 lbu              x10, 0(x8)          x10=00000073  x8:1c000101  PA:1c000101
23618719ns          444660 1c00b67a 00140413 addi             x8, x8, 1            x8=1c000102  x8:1c000101
23618739ns          444661 1c00b67c fe0514e3 bne              x10, x0, -24        x10:00000073
23618800ns          444664 1c00b664 02500793 addi             x15, x0, 37         x15=00000025
23618820ns          444665 1c00b668 04f50863 beq              x10, x15, 80        x10:00000073 x15:00000025
23618840ns          444666 1c00b66c 01a005b3 add              x11, x0, x26        x11=00000002 x26:00000002
23618860ns          444667 1c00b66e 000b00e7 jalr             x1, x22, 0           x1=1c00b670 x22:1c00b57a
23618900ns          444669 1c00b57a 000026b7 lui              x13, 0x2000         x13=00002000
23618920ns          444670 1c00b57c f14027f3 csrrs            x15, x0, 0xf14      x15=00000003
23618940ns          444671 1c00b580 f8068693 addi             x13, x13, -128      x13=00001f80 x13:00002000
23618960ns          444672 1c00b584 00379713 slli             x14, x15, 0x3       x14=00000018 x15:00000003
23618980ns          444673 1c00b588 00279793 slli             x15, x15, 0x2       x15=0000000c x15:00000003
23619000ns          444674 1c00b58a 00d7f7b3 and              x15, x15, x13       x15=00000000 x15:0000000c x13:00001f80
23619020ns          444675 1c00b58c ee873733 p.bclr           x14, x14, 23, 8     x14=00000018 x14:00000018
23619040ns          444676 1c00b590 1a10f6b7 lui              x13, 0x1a10f000     x13=1a10f000
23619061ns          444677 1c00b594 0ff57513 andi             x10, x10, 255       x10=00000073 x10:00000073
23619081ns          444678 1c00b598 00d70733 add              x14, x14, x13       x14=1a10f018 x14:00000018 x13:1a10f000
23619101ns          444679 1c00b59a 00a7e723 p.sw             x10, x0(x15)        x10:00000073 x15:00000000  PA:1a10f018
23619422ns          444695 1c00b59e 00000513 addi             x10, x0, 0          x10=00000000
23619442ns          444696 1c00b5a0 00008067 jalr             x0, x1, 0            x1:1c00b670
23619482ns          444698 1c00b670 31f52563 p.beqimm         x10, 778            x10:00000000
23619502ns          444699 1c00b674 001d8d93 addi             x27, x27, 1         x27=0000000a x27:00000009
23619522ns          444700 1c00b676 00044503 lbu              x10, 0(x8)          x10=00000073  x8:1c000102  PA:1c000102
23619823ns          444715 1c00b67a 00140413 addi             x8, x8, 1            x8=1c000103  x8:1c000102
23619843ns          444716 1c00b67c fe0514e3 bne              x10, x0, -24        x10:00000073
23619903ns          444719 1c00b664 02500793 addi             x15, x0, 37         x15=00000025
23619923ns          444720 1c00b668 04f50863 beq              x10, x15, 80        x10:00000073 x15:00000025
23619943ns          444721 1c00b66c 01a005b3 add              x11, x0, x26        x11=00000002 x26:00000002
23619963ns          444722 1c00b66e 000b00e7 jalr             x1, x22, 0           x1=1c00b670 x22:1c00b57a
23620004ns          444724 1c00b57a 000026b7 lui              x13, 0x2000         x13=00002000
23620024ns          444725 1c00b57c f14027f3 csrrs            x15, x0, 0xf14      x15=00000003
23620044ns          444726 1c00b580 f8068693 addi             x13, x13, -128      x13=00001f80 x13:00002000
23620064ns          444727 1c00b584 00379713 slli             x14, x15, 0x3       x14=00000018 x15:00000003
23620084ns          444728 1c00b588 00279793 slli             x15, x15, 0x2       x15=0000000c x15:00000003
23620104ns          444729 1c00b58a 00d7f7b3 and              x15, x15, x13       x15=00000000 x15:0000000c x13:00001f80
23620124ns          444730 1c00b58c ee873733 p.bclr           x14, x14, 23, 8     x14=00000018 x14:00000018
23620144ns          444731 1c00b590 1a10f6b7 lui              x13, 0x1a10f000     x13=1a10f000
23620164ns          444732 1c00b594 0ff57513 andi             x10, x10, 255       x10=00000073 x10:00000073
23620184ns          444733 1c00b598 00d70733 add              x14, x14, x13       x14=1a10f018 x14:00000018 x13:1a10f000
23620204ns          444734 1c00b59a 00a7e723 p.sw             x10, x0(x15)        x10:00000073 x15:00000000  PA:1a10f018
23620525ns          444750 1c00b59e 00000513 addi             x10, x0, 0          x10=00000000
23620545ns          444751 1c00b5a0 00008067 jalr             x0, x1, 0            x1:1c00b670
23620585ns          444753 1c00b670 31f52563 p.beqimm         x10, 778            x10:00000000
23620606ns          444754 1c00b674 001d8d93 addi             x27, x27, 1         x27=0000000b x27:0000000a
23620626ns          444755 1c00b676 00044503 lbu              x10, 0(x8)          x10=00000065  x8:1c000103  PA:1c000103
23620927ns          444770 1c00b67a 00140413 addi             x8, x8, 1            x8=1c000104  x8:1c000103
23620947ns          444771 1c00b67c fe0514e3 bne              x10, x0, -24        x10:00000065
23621007ns          444774 1c00b664 02500793 addi             x15, x0, 37         x15=00000025
23621027ns          444775 1c00b668 04f50863 beq              x10, x15, 80        x10:00000065 x15:00000025
23621047ns          444776 1c00b66c 01a005b3 add              x11, x0, x26        x11=00000002 x26:00000002
23621067ns          444777 1c00b66e 000b00e7 jalr             x1, x22, 0           x1=1c00b670 x22:1c00b57a
23621107ns          444779 1c00b57a 000026b7 lui              x13, 0x2000         x13=00002000
23621127ns          444780 1c00b57c f14027f3 csrrs            x15, x0, 0xf14      x15=00000003
23621147ns          444781 1c00b580 f8068693 addi             x13, x13, -128      x13=00001f80 x13:00002000
23621167ns          444782 1c00b584 00379713 slli             x14, x15, 0x3       x14=00000018 x15:00000003
23621187ns          444783 1c00b588 00279793 slli             x15, x15, 0x2       x15=0000000c x15:00000003
23621208ns          444784 1c00b58a 00d7f7b3 and              x15, x15, x13       x15=00000000 x15:0000000c x13:00001f80
23621228ns          444785 1c00b58c ee873733 p.bclr           x14, x14, 23, 8     x14=00000018 x14:00000018
23621248ns          444786 1c00b590 1a10f6b7 lui              x13, 0x1a10f000     x13=1a10f000
23621268ns          444787 1c00b594 0ff57513 andi             x10, x10, 255       x10=00000065 x10:00000065
23621288ns          444788 1c00b598 00d70733 add              x14, x14, x13       x14=1a10f018 x14:00000018 x13:1a10f000
23621308ns          444789 1c00b59a 00a7e723 p.sw             x10, x0(x15)        x10:00000065 x15:00000000  PA:1a10f018
23621629ns          444805 1c00b59e 00000513 addi             x10, x0, 0          x10=00000000
23621649ns          444806 1c00b5a0 00008067 jalr             x0, x1, 0            x1:1c00b670
23621689ns          444808 1c00b670 31f52563 p.beqimm         x10, 778            x10:00000000
23621709ns          444809 1c00b674 001d8d93 addi             x27, x27, 1         x27=0000000c x27:0000000b
23621729ns          444810 1c00b676 00044503 lbu              x10, 0(x8)          x10=00000064  x8:1c000104  PA:1c000104
23622030ns          444825 1c00b67a 00140413 addi             x8, x8, 1            x8=1c000105  x8:1c000104
23622050ns          444826 1c00b67c fe0514e3 bne              x10, x0, -24        x10:00000064
23622110ns          444829 1c00b664 02500793 addi             x15, x0, 37         x15=00000025
23622131ns          444830 1c00b668 04f50863 beq              x10, x15, 80        x10:00000064 x15:00000025
23622151ns          444831 1c00b66c 01a005b3 add              x11, x0, x26        x11=00000002 x26:00000002
23622171ns          444832 1c00b66e 000b00e7 jalr             x1, x22, 0           x1=1c00b670 x22:1c00b57a
23622211ns          444834 1c00b57a 000026b7 lui              x13, 0x2000         x13=00002000
23622231ns          444835 1c00b57c f14027f3 csrrs            x15, x0, 0xf14      x15=00000003
23622251ns          444836 1c00b580 f8068693 addi             x13, x13, -128      x13=00001f80 x13:00002000
23622271ns          444837 1c00b584 00379713 slli             x14, x15, 0x3       x14=00000018 x15:00000003
23622291ns          444838 1c00b588 00279793 slli             x15, x15, 0x2       x15=0000000c x15:00000003
23622311ns          444839 1c00b58a 00d7f7b3 and              x15, x15, x13       x15=00000000 x15:0000000c x13:00001f80
23622331ns          444840 1c00b58c ee873733 p.bclr           x14, x14, 23, 8     x14=00000018 x14:00000018
23622351ns          444841 1c00b590 1a10f6b7 lui              x13, 0x1a10f000     x13=1a10f000
23622371ns          444842 1c00b594 0ff57513 andi             x10, x10, 255       x10=00000064 x10:00000064
23622391ns          444843 1c00b598 00d70733 add              x14, x14, x13       x14=1a10f018 x14:00000018 x13:1a10f000
23622411ns          444844 1c00b59a 00a7e723 p.sw             x10, x0(x15)        x10:00000064 x15:00000000  PA:1a10f018
23622732ns          444860 1c00b59e 00000513 addi             x10, x0, 0          x10=00000000
23622753ns          444861 1c00b5a0 00008067 jalr             x0, x1, 0            x1:1c00b670
23622793ns          444863 1c00b670 31f52563 p.beqimm         x10, 778            x10:00000000
23622813ns          444864 1c00b674 001d8d93 addi             x27, x27, 1         x27=0000000d x27:0000000c
23622833ns          444865 1c00b676 00044503 lbu              x10, 0(x8)          x10=00000020  x8:1c000105  PA:1c000105
23623134ns          444880 1c00b67a 00140413 addi             x8, x8, 1            x8=1c000106  x8:1c000105
23623154ns          444881 1c00b67c fe0514e3 bne              x10, x0, -24        x10:00000020
23623214ns          444884 1c00b664 02500793 addi             x15, x0, 37         x15=00000025
23623234ns          444885 1c00b668 04f50863 beq              x10, x15, 80        x10:00000020 x15:00000025
23623254ns          444886 1c00b66c 01a005b3 add              x11, x0, x26        x11=00000002 x26:00000002
23623274ns          444887 1c00b66e 000b00e7 jalr             x1, x22, 0           x1=1c00b670 x22:1c00b57a
23623314ns          444889 1c00b57a 000026b7 lui              x13, 0x2000         x13=00002000
23623334ns          444890 1c00b57c f14027f3 csrrs            x15, x0, 0xf14      x15=00000003
23623354ns          444891 1c00b580 f8068693 addi             x13, x13, -128      x13=00001f80 x13:00002000
23623375ns          444892 1c00b584 00379713 slli             x14, x15, 0x3       x14=00000018 x15:00000003
23623395ns          444893 1c00b588 00279793 slli             x15, x15, 0x2       x15=0000000c x15:00000003
23623415ns          444894 1c00b58a 00d7f7b3 and              x15, x15, x13       x15=00000000 x15:0000000c x13:00001f80
23623435ns          444895 1c00b58c ee873733 p.bclr           x14, x14, 23, 8     x14=00000018 x14:00000018
23623455ns          444896 1c00b590 1a10f6b7 lui              x13, 0x1a10f000     x13=1a10f000
23623475ns          444897 1c00b594 0ff57513 andi             x10, x10, 255       x10=00000020 x10:00000020
23623495ns          444898 1c00b598 00d70733 add              x14, x14, x13       x14=1a10f018 x14:00000018 x13:1a10f000
23623515ns          444899 1c00b59a 00a7e723 p.sw             x10, x0(x15)        x10:00000020 x15:00000000  PA:1a10f018
23623836ns          444915 1c00b59e 00000513 addi             x10, x0, 0          x10=00000000
23623856ns          444916 1c00b5a0 00008067 jalr             x0, x1, 0            x1:1c00b670
23623896ns          444918 1c00b670 31f52563 p.beqimm         x10, 778            x10:00000000
23623916ns          444919 1c00b674 001d8d93 addi             x27, x27, 1         x27=0000000e x27:0000000d
23623936ns          444920 1c00b676 00044503 lbu              x10, 0(x8)          x10=0000006f  x8:1c000106  PA:1c000106
23624237ns          444935 1c00b67a 00140413 addi             x8, x8, 1            x8=1c000107  x8:1c000106
23624257ns          444936 1c00b67c fe0514e3 bne              x10, x0, -24        x10:0000006f
23624318ns          444939 1c00b664 02500793 addi             x15, x0, 37         x15=00000025
23624338ns          444940 1c00b668 04f50863 beq              x10, x15, 80        x10:0000006f x15:00000025
23624358ns          444941 1c00b66c 01a005b3 add              x11, x0, x26        x11=00000002 x26:00000002
23624378ns          444942 1c00b66e 000b00e7 jalr             x1, x22, 0           x1=1c00b670 x22:1c00b57a
23624418ns          444944 1c00b57a 000026b7 lui              x13, 0x2000         x13=00002000
23624438ns          444945 1c00b57c f14027f3 csrrs            x15, x0, 0xf14      x15=00000003
23624458ns          444946 1c00b580 f8068693 addi             x13, x13, -128      x13=00001f80 x13:00002000
23624478ns          444947 1c00b584 00379713 slli             x14, x15, 0x3       x14=00000018 x15:00000003
23624498ns          444948 1c00b588 00279793 slli             x15, x15, 0x2       x15=0000000c x15:00000003
23624518ns          444949 1c00b58a 00d7f7b3 and              x15, x15, x13       x15=00000000 x15:0000000c x13:00001f80
23624538ns          444950 1c00b58c ee873733 p.bclr           x14, x14, 23, 8     x14=00000018 x14:00000018
23624558ns          444951 1c00b590 1a10f6b7 lui              x13, 0x1a10f000     x13=1a10f000
23624578ns          444952 1c00b594 0ff57513 andi             x10, x10, 255       x10=0000006f x10:0000006f
23624599ns          444953 1c00b598 00d70733 add              x14, x14, x13       x14=1a10f018 x14:00000018 x13:1a10f000
23624619ns          444954 1c00b59a 00a7e723 p.sw             x10, x0(x15)        x10:0000006f x15:00000000  PA:1a10f018
23624960ns          444971 1c00b59e 00000513 addi             x10, x0, 0          x10=00000000
23624980ns          444972 1c00b5a0 00008067 jalr             x0, x1, 0            x1:1c00b670
23625020ns          444974 1c00b670 31f52563 p.beqimm         x10, 778            x10:00000000
23625040ns          444975 1c00b674 001d8d93 addi             x27, x27, 1         x27=0000000f x27:0000000e
23625060ns          444976 1c00b676 00044503 lbu              x10, 0(x8)          x10=0000006e  x8:1c000107  PA:1c000107
23625361ns          444991 1c00b67a 00140413 addi             x8, x8, 1            x8=1c000108  x8:1c000107
23625381ns          444992 1c00b67c fe0514e3 bne              x10, x0, -24        x10:0000006e
23625441ns          444995 1c00b664 02500793 addi             x15, x0, 37         x15=00000025
23625461ns          444996 1c00b668 04f50863 beq              x10, x15, 80        x10:0000006e x15:00000025
23625481ns          444997 1c00b66c 01a005b3 add              x11, x0, x26        x11=00000002 x26:00000002
23625501ns          444998 1c00b66e 000b00e7 jalr             x1, x22, 0           x1=1c00b670 x22:1c00b57a
23625542ns          445000 1c00b57a 000026b7 lui              x13, 0x2000         x13=00002000
23625562ns          445001 1c00b57c f14027f3 csrrs            x15, x0, 0xf14      x15=00000003
23625582ns          445002 1c00b580 f8068693 addi             x13, x13, -128      x13=00001f80 x13:00002000
23625602ns          445003 1c00b584 00379713 slli             x14, x15, 0x3       x14=00000018 x15:00000003
23625622ns          445004 1c00b588 00279793 slli             x15, x15, 0x2       x15=0000000c x15:00000003
23625642ns          445005 1c00b58a 00d7f7b3 and              x15, x15, x13       x15=00000000 x15:0000000c x13:00001f80
23625662ns          445006 1c00b58c ee873733 p.bclr           x14, x14, 23, 8     x14=00000018 x14:00000018
23625682ns          445007 1c00b590 1a10f6b7 lui              x13, 0x1a10f000     x13=1a10f000
23625702ns          445008 1c00b594 0ff57513 andi             x10, x10, 255       x10=0000006e x10:0000006e
23625722ns          445009 1c00b598 00d70733 add              x14, x14, x13       x14=1a10f018 x14:00000018 x13:1a10f000
23625742ns          445010 1c00b59a 00a7e723 p.sw             x10, x0(x15)        x10:0000006e x15:00000000  PA:1a10f018
23626063ns          445026 1c00b59e 00000513 addi             x10, x0, 0          x10=00000000
23626083ns          445027 1c00b5a0 00008067 jalr             x0, x1, 0            x1:1c00b670
23626124ns          445029 1c00b670 31f52563 p.beqimm         x10, 778            x10:00000000
23626144ns          445030 1c00b674 001d8d93 addi             x27, x27, 1         x27=00000010 x27:0000000f
23626164ns          445031 1c00b676 00044503 lbu              x10, 0(x8)          x10=00000020  x8:1c000108  PA:1c000108
23626465ns          445046 1c00b67a 00140413 addi             x8, x8, 1            x8=1c000109  x8:1c000108
23626485ns          445047 1c00b67c fe0514e3 bne              x10, x0, -24        x10:00000020
23626545ns          445050 1c00b664 02500793 addi             x15, x0, 37         x15=00000025
23626565ns          445051 1c00b668 04f50863 beq              x10, x15, 80        x10:00000020 x15:00000025
23626585ns          445052 1c00b66c 01a005b3 add              x11, x0, x26        x11=00000002 x26:00000002
23626605ns          445053 1c00b66e 000b00e7 jalr             x1, x22, 0           x1=1c00b670 x22:1c00b57a
23626645ns          445055 1c00b57a 000026b7 lui              x13, 0x2000         x13=00002000
23626665ns          445056 1c00b57c f14027f3 csrrs            x15, x0, 0xf14      x15=00000003
23626685ns          445057 1c00b580 f8068693 addi             x13, x13, -128      x13=00001f80 x13:00002000
23626705ns          445058 1c00b584 00379713 slli             x14, x15, 0x3       x14=00000018 x15:00000003
23626725ns          445059 1c00b588 00279793 slli             x15, x15, 0x2       x15=0000000c x15:00000003
23626746ns          445060 1c00b58a 00d7f7b3 and              x15, x15, x13       x15=00000000 x15:0000000c x13:00001f80
23626766ns          445061 1c00b58c ee873733 p.bclr           x14, x14, 23, 8     x14=00000018 x14:00000018
23626786ns          445062 1c00b590 1a10f6b7 lui              x13, 0x1a10f000     x13=1a10f000
23626806ns          445063 1c00b594 0ff57513 andi             x10, x10, 255       x10=00000020 x10:00000020
23626826ns          445064 1c00b598 00d70733 add              x14, x14, x13       x14=1a10f018 x14:00000018 x13:1a10f000
23626846ns          445065 1c00b59a 00a7e723 p.sw             x10, x0(x15)        x10:00000020 x15:00000000  PA:1a10f018
23627167ns          445081 1c00b59e 00000513 addi             x10, x0, 0          x10=00000000
23627187ns          445082 1c00b5a0 00008067 jalr             x0, x1, 0            x1:1c00b670
23627227ns          445084 1c00b670 31f52563 p.beqimm         x10, 778            x10:00000000
23627247ns          445085 1c00b674 001d8d93 addi             x27, x27, 1         x27=00000011 x27:00000010
23627267ns          445086 1c00b676 00044503 lbu              x10, 0(x8)          x10=00000063  x8:1c000109  PA:1c000109
23627568ns          445101 1c00b67a 00140413 addi             x8, x8, 1            x8=1c00010a  x8:1c000109
23627588ns          445102 1c00b67c fe0514e3 bne              x10, x0, -24        x10:00000063
23627648ns          445105 1c00b664 02500793 addi             x15, x0, 37         x15=00000025
23627669ns          445106 1c00b668 04f50863 beq              x10, x15, 80        x10:00000063 x15:00000025
23627689ns          445107 1c00b66c 01a005b3 add              x11, x0, x26        x11=00000002 x26:00000002
23627709ns          445108 1c00b66e 000b00e7 jalr             x1, x22, 0           x1=1c00b670 x22:1c00b57a
23627749ns          445110 1c00b57a 000026b7 lui              x13, 0x2000         x13=00002000
23627769ns          445111 1c00b57c f14027f3 csrrs            x15, x0, 0xf14      x15=00000003
23627789ns          445112 1c00b580 f8068693 addi             x13, x13, -128      x13=00001f80 x13:00002000
23627809ns          445113 1c00b584 00379713 slli             x14, x15, 0x3       x14=00000018 x15:00000003
23627829ns          445114 1c00b588 00279793 slli             x15, x15, 0x2       x15=0000000c x15:00000003
23627849ns          445115 1c00b58a 00d7f7b3 and              x15, x15, x13       x15=00000000 x15:0000000c x13:00001f80
23627869ns          445116 1c00b58c ee873733 p.bclr           x14, x14, 23, 8     x14=00000018 x14:00000018
23627889ns          445117 1c00b590 1a10f6b7 lui              x13, 0x1a10f000     x13=1a10f000
23627909ns          445118 1c00b594 0ff57513 andi             x10, x10, 255       x10=00000063 x10:00000063
23627929ns          445119 1c00b598 00d70733 add              x14, x14, x13       x14=1a10f018 x14:00000018 x13:1a10f000
23627949ns          445120 1c00b59a 00a7e723 p.sw             x10, x0(x15)        x10:00000063 x15:00000000  PA:1a10f018
23628291ns          445137 1c00b59e 00000513 addi             x10, x0, 0          x10=00000000
23628311ns          445138 1c00b5a0 00008067 jalr             x0, x1, 0            x1:1c00b670
23628351ns          445140 1c00b670 31f52563 p.beqimm         x10, 778            x10:00000000
23628371ns          445141 1c00b674 001d8d93 addi             x27, x27, 1         x27=00000012 x27:00000011
23628391ns          445142 1c00b676 00044503 lbu              x10, 0(x8)          x10=0000006f  x8:1c00010a  PA:1c00010a
23628692ns          445157 1c00b67a 00140413 addi             x8, x8, 1            x8=1c00010b  x8:1c00010a
23628712ns          445158 1c00b67c fe0514e3 bne              x10, x0, -24        x10:0000006f
23628772ns          445161 1c00b664 02500793 addi             x15, x0, 37         x15=00000025
23628792ns          445162 1c00b668 04f50863 beq              x10, x15, 80        x10:0000006f x15:00000025
23628812ns          445163 1c00b66c 01a005b3 add              x11, x0, x26        x11=00000002 x26:00000002
23628832ns          445164 1c00b66e 000b00e7 jalr             x1, x22, 0           x1=1c00b670 x22:1c00b57a
23628872ns          445166 1c00b57a 000026b7 lui              x13, 0x2000         x13=00002000
23628893ns          445167 1c00b57c f14027f3 csrrs            x15, x0, 0xf14      x15=00000003
23628913ns          445168 1c00b580 f8068693 addi             x13, x13, -128      x13=00001f80 x13:00002000
23628933ns          445169 1c00b584 00379713 slli             x14, x15, 0x3       x14=00000018 x15:00000003
23628953ns          445170 1c00b588 00279793 slli             x15, x15, 0x2       x15=0000000c x15:00000003
23628973ns          445171 1c00b58a 00d7f7b3 and              x15, x15, x13       x15=00000000 x15:0000000c x13:00001f80
23628993ns          445172 1c00b58c ee873733 p.bclr           x14, x14, 23, 8     x14=00000018 x14:00000018
23629013ns          445173 1c00b590 1a10f6b7 lui              x13, 0x1a10f000     x13=1a10f000
23629033ns          445174 1c00b594 0ff57513 andi             x10, x10, 255       x10=0000006f x10:0000006f
23629053ns          445175 1c00b598 00d70733 add              x14, x14, x13       x14=1a10f018 x14:00000018 x13:1a10f000
23629073ns          445176 1c00b59a 00a7e723 p.sw             x10, x0(x15)        x10:0000006f x15:00000000  PA:1a10f018
23629414ns          445193 1c00b59e 00000513 addi             x10, x0, 0          x10=00000000
23629434ns          445194 1c00b5a0 00008067 jalr             x0, x1, 0            x1:1c00b670
23629474ns          445196 1c00b670 31f52563 p.beqimm         x10, 778            x10:00000000
23629494ns          445197 1c00b674 001d8d93 addi             x27, x27, 1         x27=00000013 x27:00000012
23629515ns          445198 1c00b676 00044503 lbu              x10, 0(x8)          x10=00000072  x8:1c00010b  PA:1c00010b
23629816ns          445213 1c00b67a 00140413 addi             x8, x8, 1            x8=1c00010c  x8:1c00010b
23629836ns          445214 1c00b67c fe0514e3 bne              x10, x0, -24        x10:00000072
23629896ns          445217 1c00b664 02500793 addi             x15, x0, 37         x15=00000025
23629916ns          445218 1c00b668 04f50863 beq              x10, x15, 80        x10:00000072 x15:00000025
23629936ns          445219 1c00b66c 01a005b3 add              x11, x0, x26        x11=00000002 x26:00000002
23629956ns          445220 1c00b66e 000b00e7 jalr             x1, x22, 0           x1=1c00b670 x22:1c00b57a
23629996ns          445222 1c00b57a 000026b7 lui              x13, 0x2000         x13=00002000
23630016ns          445223 1c00b57c f14027f3 csrrs            x15, x0, 0xf14      x15=00000003
23630036ns          445224 1c00b580 f8068693 addi             x13, x13, -128      x13=00001f80 x13:00002000
23630056ns          445225 1c00b584 00379713 slli             x14, x15, 0x3       x14=00000018 x15:00000003
23630076ns          445226 1c00b588 00279793 slli             x15, x15, 0x2       x15=0000000c x15:00000003
23630096ns          445227 1c00b58a 00d7f7b3 and              x15, x15, x13       x15=00000000 x15:0000000c x13:00001f80
23630117ns          445228 1c00b58c ee873733 p.bclr           x14, x14, 23, 8     x14=00000018 x14:00000018
23630137ns          445229 1c00b590 1a10f6b7 lui              x13, 0x1a10f000     x13=1a10f000
23630157ns          445230 1c00b594 0ff57513 andi             x10, x10, 255       x10=00000072 x10:00000072
23630177ns          445231 1c00b598 00d70733 add              x14, x14, x13       x14=1a10f018 x14:00000018 x13:1a10f000
23630197ns          445232 1c00b59a 00a7e723 p.sw             x10, x0(x15)        x10:00000072 x15:00000000  PA:1a10f018
23630518ns          445248 1c00b59e 00000513 addi             x10, x0, 0          x10=00000000
23630538ns          445249 1c00b5a0 00008067 jalr             x0, x1, 0            x1:1c00b670
23630578ns          445251 1c00b670 31f52563 p.beqimm         x10, 778            x10:00000000
23630598ns          445252 1c00b674 001d8d93 addi             x27, x27, 1         x27=00000014 x27:00000013
23630618ns          445253 1c00b676 00044503 lbu              x10, 0(x8)          x10=00000065  x8:1c00010c  PA:1c00010c
23630919ns          445268 1c00b67a 00140413 addi             x8, x8, 1            x8=1c00010d  x8:1c00010c
23630939ns          445269 1c00b67c fe0514e3 bne              x10, x0, -24        x10:00000065
23630999ns          445272 1c00b664 02500793 addi             x15, x0, 37         x15=00000025
23631019ns          445273 1c00b668 04f50863 beq              x10, x15, 80        x10:00000065 x15:00000025
23631040ns          445274 1c00b66c 01a005b3 add              x11, x0, x26        x11=00000002 x26:00000002
23631060ns          445275 1c00b66e 000b00e7 jalr             x1, x22, 0           x1=1c00b670 x22:1c00b57a
23631100ns          445277 1c00b57a 000026b7 lui              x13, 0x2000         x13=00002000
23631120ns          445278 1c00b57c f14027f3 csrrs            x15, x0, 0xf14      x15=00000003
23631140ns          445279 1c00b580 f8068693 addi             x13, x13, -128      x13=00001f80 x13:00002000
23631160ns          445280 1c00b584 00379713 slli             x14, x15, 0x3       x14=00000018 x15:00000003
23631180ns          445281 1c00b588 00279793 slli             x15, x15, 0x2       x15=0000000c x15:00000003
23631200ns          445282 1c00b58a 00d7f7b3 and              x15, x15, x13       x15=00000000 x15:0000000c x13:00001f80
23631220ns          445283 1c00b58c ee873733 p.bclr           x14, x14, 23, 8     x14=00000018 x14:00000018
23631240ns          445284 1c00b590 1a10f6b7 lui              x13, 0x1a10f000     x13=1a10f000
23631260ns          445285 1c00b594 0ff57513 andi             x10, x10, 255       x10=00000065 x10:00000065
23631280ns          445286 1c00b598 00d70733 add              x14, x14, x13       x14=1a10f018 x14:00000018 x13:1a10f000
23631300ns          445287 1c00b59a 00a7e723 p.sw             x10, x0(x15)        x10:00000065 x15:00000000  PA:1a10f018
23631641ns          445304 1c00b59e 00000513 addi             x10, x0, 0          x10=00000000
23631662ns          445305 1c00b5a0 00008067 jalr             x0, x1, 0            x1:1c00b670
23631702ns          445307 1c00b670 31f52563 p.beqimm         x10, 778            x10:00000000
23631722ns          445308 1c00b674 001d8d93 addi             x27, x27, 1         x27=00000015 x27:00000014
23631742ns          445309 1c00b676 00044503 lbu              x10, 0(x8)          x10=00000020  x8:1c00010d  PA:1c00010d
23632043ns          445324 1c00b67a 00140413 addi             x8, x8, 1            x8=1c00010e  x8:1c00010d
23632063ns          445325 1c00b67c fe0514e3 bne              x10, x0, -24        x10:00000020
23632123ns          445328 1c00b664 02500793 addi             x15, x0, 37         x15=00000025
23632143ns          445329 1c00b668 04f50863 beq              x10, x15, 80        x10:00000020 x15:00000025
23632163ns          445330 1c00b66c 01a005b3 add              x11, x0, x26        x11=00000002 x26:00000002
23632183ns          445331 1c00b66e 000b00e7 jalr             x1, x22, 0           x1=1c00b670 x22:1c00b57a
23632223ns          445333 1c00b57a 000026b7 lui              x13, 0x2000         x13=00002000
23632243ns          445334 1c00b57c f14027f3 csrrs            x15, x0, 0xf14      x15=00000003
23632264ns          445335 1c00b580 f8068693 addi             x13, x13, -128      x13=00001f80 x13:00002000
23632284ns          445336 1c00b584 00379713 slli             x14, x15, 0x3       x14=00000018 x15:00000003
23632304ns          445337 1c00b588 00279793 slli             x15, x15, 0x2       x15=0000000c x15:00000003
23632324ns          445338 1c00b58a 00d7f7b3 and              x15, x15, x13       x15=00000000 x15:0000000c x13:00001f80
23632344ns          445339 1c00b58c ee873733 p.bclr           x14, x14, 23, 8     x14=00000018 x14:00000018
23632364ns          445340 1c00b590 1a10f6b7 lui              x13, 0x1a10f000     x13=1a10f000
23632384ns          445341 1c00b594 0ff57513 andi             x10, x10, 255       x10=00000020 x10:00000020
23632404ns          445342 1c00b598 00d70733 add              x14, x14, x13       x14=1a10f018 x14:00000018 x13:1a10f000
23632424ns          445343 1c00b59a 00a7e723 p.sw             x10, x0(x15)        x10:00000020 x15:00000000  PA:1a10f018
23632765ns          445360 1c00b59e 00000513 addi             x10, x0, 0          x10=00000000
23632785ns          445361 1c00b5a0 00008067 jalr             x0, x1, 0            x1:1c00b670
23632825ns          445363 1c00b670 31f52563 p.beqimm         x10, 778            x10:00000000
23632845ns          445364 1c00b674 001d8d93 addi             x27, x27, 1         x27=00000016 x27:00000015
23632865ns          445365 1c00b676 00044503 lbu              x10, 0(x8)          x10=00000020  x8:1c00010e  PA:1c00010e
23633166ns          445380 1c00b67a 00140413 addi             x8, x8, 1            x8=1c00010f  x8:1c00010e
23633187ns          445381 1c00b67c fe0514e3 bne              x10, x0, -24        x10:00000020
23633247ns          445384 1c00b664 02500793 addi             x15, x0, 37         x15=00000025
23633267ns          445385 1c00b668 04f50863 beq              x10, x15, 80        x10:00000020 x15:00000025
23633287ns          445386 1c00b66c 01a005b3 add              x11, x0, x26        x11=00000002 x26:00000002
23633307ns          445387 1c00b66e 000b00e7 jalr             x1, x22, 0           x1=1c00b670 x22:1c00b57a
23633347ns          445389 1c00b57a 000026b7 lui              x13, 0x2000         x13=00002000
23633367ns          445390 1c00b57c f14027f3 csrrs            x15, x0, 0xf14      x15=00000003
23633387ns          445391 1c00b580 f8068693 addi             x13, x13, -128      x13=00001f80 x13:00002000
23633407ns          445392 1c00b584 00379713 slli             x14, x15, 0x3       x14=00000018 x15:00000003
23633427ns          445393 1c00b588 00279793 slli             x15, x15, 0x2       x15=0000000c x15:00000003
23633447ns          445394 1c00b58a 00d7f7b3 and              x15, x15, x13       x15=00000000 x15:0000000c x13:00001f80
23633467ns          445395 1c00b58c ee873733 p.bclr           x14, x14, 23, 8     x14=00000018 x14:00000018
23633488ns          445396 1c00b590 1a10f6b7 lui              x13, 0x1a10f000     x13=1a10f000
23633508ns          445397 1c00b594 0ff57513 andi             x10, x10, 255       x10=00000020 x10:00000020
23633528ns          445398 1c00b598 00d70733 add              x14, x14, x13       x14=1a10f018 x14:00000018 x13:1a10f000
23633548ns          445399 1c00b59a 00a7e723 p.sw             x10, x0(x15)        x10:00000020 x15:00000000  PA:1a10f018
23633869ns          445415 1c00b59e 00000513 addi             x10, x0, 0          x10=00000000
23633889ns          445416 1c00b5a0 00008067 jalr             x0, x1, 0            x1:1c00b670
23633929ns          445418 1c00b670 31f52563 p.beqimm         x10, 778            x10:00000000
23633949ns          445419 1c00b674 001d8d93 addi             x27, x27, 1         x27=00000017 x27:00000016
23633969ns          445420 1c00b676 00044503 lbu              x10, 0(x8)          x10=00000025  x8:1c00010f  PA:1c00010f
23634270ns          445435 1c00b67a 00140413 addi             x8, x8, 1            x8=1c000110  x8:1c00010f
23634290ns          445436 1c00b67c fe0514e3 bne              x10, x0, -24        x10:00000025
23634350ns          445439 1c00b664 02500793 addi             x15, x0, 37         x15=00000025
23634370ns          445440 1c00b668 04f50863 beq              x10, x15, 80        x10:00000025 x15:00000025
23634471ns          445445 1c00b6b8 00044483 lbu              x9, 0(x8)            x9=00000064  x8:1c000110  PA:1c000110
23634792ns          445461 1c00b6bc 02000693 addi             x13, x0, 32         x13=00000020
23634812ns          445462 1c00b6c0 00140a93 addi             x21, x8, 1          x21=1c000111  x8:1c000110
23634832ns          445463 1c00b6c4 009005b3 add              x11, x0, x9         x11=00000064  x9:00000064
23634852ns          445464 1c00b6c6 138b8513 addi             x10, x23, 312       x10=1c000138 x23:1c000000
23634872ns          445465 1c00b6ca 00d12823 sw               x13, 16(x2)         x13:00000020  x2:10001d58  PA:10001d68
23634892ns          445466 1c00b6cc 00012c23 sw               x0, 24(x2)           x2:10001d58  PA:10001d70
23634912ns          445467 1c00b6ce 00012a23 sw               x0, 20(x2)           x2:10001d58  PA:10001d6c
23634932ns          445468 1c00b6d0 00012e23 sw               x0, 28(x2)           x2:10001d58  PA:10001d74
23634952ns          445469 1c00b6d2 00012623 sw               x0, 12(x2)           x2:10001d58  PA:10001d64
23634972ns          445470 1c00b6d4 02300913 addi             x18, x0, 35         x18=00000023
23634992ns          445471 1c00b6d8 02d00a13 addi             x20, x0, 45         x20=0000002d
23635012ns          445472 1c00b6dc 015009b3 add              x19, x0, x21        x19=1c000111 x21:1c000111
23635033ns          445473 1c00b6de e1dff0ef jal              x1, -484             x1=1c00b6e0
23635173ns          445480 1c00b4fa 00054783 lbu              x15, 0(x10)         x15=0000002d x10:1c000138  PA:1c000138
23635574ns          445500 1c00b4fe 0ff5f593 andi             x11, x11, 255       x11=00000064 x11:00000064
23635614ns          445502 1c00b502 00b78c63 beq              x15, x11, 24        x15:0000002d x11:00000064
23635635ns          445503 1c00b506 00078b63 beq              x15, x0, 22         x15:0000002d
23635655ns          445504 1c00b508 00150793 addi             x15, x10, 1         x15=1c000139 x10:1c000138
23635675ns          445505 1c00b50c 0040006f jal              x0, 4              
23635755ns          445509 1c00b510 00f00533 add              x10, x0, x15        x10=1c000139 x15:1c000139
23635775ns          445510 1c00b512 0017c70b p.lbu            x14, 1(x15!)        x14=0000002b x15=1c00013a x15:1c000139  PA:1c000139
23636096ns          445526 1c00b516 feb71ce3 bne              x14, x11, -8        x14:0000002b x11:00000064
23636317ns          445537 1c00b50e 00070763 beq              x14, x0, 14         x14:0000002b
23636337ns          445538 1c00b510 00f00533 add              x10, x0, x15        x10=1c00013a x15:1c00013a
23636357ns          445539 1c00b512 0017c70b p.lbu            x14, 1(x15!)        x14=00000020 x15=1c00013b x15:1c00013a  PA:1c00013a
23636678ns          445555 1c00b516 feb71ce3 bne              x14, x11, -8        x14:00000020 x11:00000064
23636738ns          445558 1c00b50e 00070763 beq              x14, x0, 14         x14:00000020
23636758ns          445559 1c00b510 00f00533 add              x10, x0, x15        x10=1c00013b x15:1c00013b
23636778ns          445560 1c00b512 0017c70b p.lbu            x14, 1(x15!)        x14=00000023 x15=1c00013c x15:1c00013b  PA:1c00013b
23637099ns          445576 1c00b516 feb71ce3 bne              x14, x11, -8        x14:00000023 x11:00000064
23637159ns          445579 1c00b50e 00070763 beq              x14, x0, 14         x14:00000023
23637180ns          445580 1c00b510 00f00533 add              x10, x0, x15        x10=1c00013c x15:1c00013c
23637200ns          445581 1c00b512 0017c70b p.lbu            x14, 1(x15!)        x14=00000030 x15=1c00013d x15:1c00013c  PA:1c00013c
23637521ns          445597 1c00b516 feb71ce3 bne              x14, x11, -8        x14:00000030 x11:00000064
23637581ns          445600 1c00b50e 00070763 beq              x14, x0, 14         x14:00000030
23637601ns          445601 1c00b510 00f00533 add              x10, x0, x15        x10=1c00013d x15:1c00013d
23637621ns          445602 1c00b512 0017c70b p.lbu            x14, 1(x15!)        x14=00000000 x15=1c00013e x15:1c00013d  PA:1c00013d
23637942ns          445618 1c00b516 feb71ce3 bne              x14, x11, -8        x14:00000000 x11:00000064
23638002ns          445621 1c00b50e 00070763 beq              x14, x0, 14         x14:00000000
23638062ns          445624 1c00b51c 0015b593 sltiu            x11, x11, 1         x11=00000000 x11:00000064
23638082ns          445625 1c00b520 40b005b3 sub              x11, x0, x11        x11=00000000 x11:00000000
23638103ns          445626 1c00b524 00b57533 and              x10, x10, x11       x10=00000000 x10:1c00013d x11:00000000
23638123ns          445627 1c00b526 00008067 jalr             x0, x1, 0            x1:1c00b6e0
23638163ns          445629 1c00b6e0 02050a63 beq              x10, x0, 52         x10:00000000
23638263ns          445634 1c00b714 02a00613 addi             x12, x0, 42         x12=0000002a
23638303ns          445636 1c00b718 2ac48663 beq              x9, x12, 684         x9:00000064 x12:0000002a
23638323ns          445637 1c00b71c fd048613 addi             x12, x9, -48        x12=00000034  x9:00000064
23638383ns          445640 1c00b720 00900593 addi             x11, x0, 9          x11=00000009
23638404ns          445641 1c00b722 00000913 addi             x18, x0, 0          x18=00000000
23638424ns          445642 1c00b724 28c5f063 bgeu             x11, x12, 640       x11:00000009 x12:00000034
23638444ns          445643 1c00b728 02e00693 addi             x13, x0, 46         x13=0000002e
23638464ns          445644 1c00b72c fff00a13 addi             x20, x0, -1         x20=ffffffff
23638524ns          445647 1c00b72e 2ed48363 beq              x9, x13, 742         x9:00000064 x13:0000002e
23638564ns          445649 1c00b732 1c0007b7 lui              x15, 0x1c000000     x15=1c000000
23638584ns          445650 1c00b736 009005b3 add              x11, x0, x9         x11=00000064  x9:00000064
23638604ns          445651 1c00b738 14078513 addi             x10, x15, 320       x10=1c000140 x15:1c000000
23638624ns          445652 1c00b73c dbfff0ef jal              x1, -578             x1=1c00b73e
23638725ns          445657 1c00b4fa 00054783 lbu              x15, 0(x10)         x15=00000068 x10:1c000140  PA:1c000140
23639026ns          445672 1c00b4fe 0ff5f593 andi             x11, x11, 255       x11=00000064 x11:00000064
23639046ns          445673 1c00b502 00b78c63 beq              x15, x11, 24        x15:00000068 x11:00000064
23639066ns          445674 1c00b506 00078b63 beq              x15, x0, 22         x15:00000068
23639086ns          445675 1c00b508 00150793 addi             x15, x10, 1         x15=1c000141 x10:1c000140
23639106ns          445676 1c00b50c 0040006f jal              x0, 4              
23639146ns          445678 1c00b510 00f00533 add              x10, x0, x15        x10=1c000141 x15:1c000141
23639166ns          445679 1c00b512 0017c70b p.lbu            x14, 1(x15!)        x14=0000006c x15=1c000142 x15:1c000141  PA:1c000141
23639487ns          445695 1c00b516 feb71ce3 bne              x14, x11, -8        x14:0000006c x11:00000064
23639547ns          445698 1c00b50e 00070763 beq              x14, x0, 14         x14:0000006c
23639567ns          445699 1c00b510 00f00533 add              x10, x0, x15        x10=1c000142 x15:1c000142
23639587ns          445700 1c00b512 0017c70b p.lbu            x14, 1(x15!)        x14=0000004c x15=1c000143 x15:1c000142  PA:1c000142
23639928ns          445717 1c00b516 feb71ce3 bne              x14, x11, -8        x14:0000004c x11:00000064
23639989ns          445720 1c00b50e 00070763 beq              x14, x0, 14         x14:0000004c
23640009ns          445721 1c00b510 00f00533 add              x10, x0, x15        x10=1c000143 x15:1c000143
23640029ns          445722 1c00b512 0017c70b p.lbu            x14, 1(x15!)        x14=0000007a x15=1c000144 x15:1c000143  PA:1c000143
23640350ns          445738 1c00b516 feb71ce3 bne              x14, x11, -8        x14:0000007a x11:00000064
23640410ns          445741 1c00b50e 00070763 beq              x14, x0, 14         x14:0000007a
23640430ns          445742 1c00b510 00f00533 add              x10, x0, x15        x10=1c000144 x15:1c000144
23640450ns          445743 1c00b512 0017c70b p.lbu            x14, 1(x15!)        x14=00000000 x15=1c000145 x15:1c000144  PA:1c000144
23640771ns          445759 1c00b516 feb71ce3 bne              x14, x11, -8        x14:00000000 x11:00000064
23640831ns          445762 1c00b50e 00070763 beq              x14, x0, 14         x14:00000000
23640892ns          445765 1c00b51c 0015b593 sltiu            x11, x11, 1         x11=00000000 x11:00000064
23640912ns          445766 1c00b520 40b005b3 sub              x11, x0, x11        x11=00000000 x11:00000000
23640932ns          445767 1c00b524 00b57533 and              x10, x10, x11       x10=00000000 x10:1c000144 x11:00000000
23640952ns          445768 1c00b526 00008067 jalr             x0, x1, 0            x1:1c00b73e
23640992ns          445770 1c00b73e 01300433 add              x8, x0, x19          x8=1c000111 x19:1c000111
23641012ns          445771 1c00b740 00050563 beq              x10, x0, 10         x10:00000000
23641092ns          445775 1c00b74a 06700693 addi             x13, x0, 103        x13=00000067
23641152ns          445778 1c00b74e 2896d963 bge              x13, x9, 658        x13:00000067  x9:00000064
23641253ns          445783 1c00b9e0 06500693 addi             x13, x0, 101        x13=00000065
23641293ns          445785 1c00b9e4 12d4d563 bge              x9, x13, 298         x9:00000064 x13:00000065
23641313ns          445786 1c00b9e8 04700693 addi             x13, x0, 71         x13=00000047
23641333ns          445787 1c00b9ec dc96cbe3 blt              x13, x9, -554       x13:00000047  x9:00000064
23641514ns          445796 1c00b7c2 06300693 addi             x13, x0, 99         x13=00000063
23641534ns          445797 1c00b7c6 0ad488e3 beq              x9, x13, 2224        x9:00000064 x13:00000063
23641554ns          445798 1c00b7ca 0096c9e3 blt              x13, x9, 2066       x13:00000063  x9:00000064
23642457ns          445843 1c00bfdc 000c2583 lw               x11, 0(x24)         x11=00000003 x24:10001eac  PA:10001eac
23642537ns          445847 1c00bfe0 004c0c13 addi             x24, x24, 4         x24=10001eb0 x24:10001eac
23642577ns          445849 1c00bfe2 3405cc63 blt              x11, x0, 856        x11:00000003
23642597ns          445850 1c00bfe6 01412603 lw               x12, 20(x2)         x12=00000000  x2:10001d58  PA:10001d6c
23642617ns          445851 1c00bfe8 00b006b3 add              x13, x0, x11        x13=00000003 x11:00000003
23642637ns          445852 1c00bfea 2e061863 bne              x12, x0, 752        x12:00000000
23642657ns          445853 1c00bfee 01812703 lw               x14, 24(x2)         x14=00000000  x2:10001d58  PA:10001d70
23642677ns          445854 1c00bff0 019007b3 add              x15, x0, x25        x15=10001d7c x25:10001d7c
23642698ns          445855 1c00bff2 00070763 beq              x14, x0, 14         x14:00000000
23642798ns          445860 1c00c000 00f00733 add              x14, x0, x15        x14=10001d7c x15:10001d7c
23642818ns          445861 1c00c002 00a00513 addi             x10, x0, 10         x10=0000000a
23642838ns          445862 1c00c004 02a6f633 remu             x12, x13, x10       x12=00000003 x13:00000003 x10:0000000a
23643460ns          445893 1c00c008 02a6d6b3 divu             x13, x13, x10       x13=00000000 x13:00000003 x10:0000000a
23644082ns          445924 1c00c00c 03060613 addi             x12, x12, 48        x12=00000033 x12:00000003
23644102ns          445925 1c00c010 00c700ab p.sb             x12, 1(x14!)        x14=10001d7d x12:00000033 x14:10001d7c  PA:10001d7c
23644122ns          445926 1c00c014 fe0698e3 bne              x13, x0, -16        x13:00000000
23644142ns          445927 1c00c016 40f706b3 sub              x13, x14, x15       x13=00000001 x14:10001d7d x15:10001d7c
23644162ns          445928 1c00c01a 0146dc63 bge              x13, x20, 24        x13:00000001 x20:ffffffff
23644283ns          445934 1c00c032 00e006b3 add              x13, x0, x14        x13=10001d7d x14:10001d7d
23644323ns          445936 1c00c034 fe068fab p.sb             x0, -1(x13!)        x13=10001d7c x13:10001d7d  PA:10001d7d
23644343ns          445937 1c00c038 00d7fc63 bgeu             x15, x13, 24        x15:10001d7c x13:10001d7c
23644503ns          445945 1c00c050 01412783 lw               x15, 20(x2)         x15=00000000  x2:10001d58  PA:10001d6c
23644523ns          445946 1c00c052 01812603 lw               x12, 24(x2)         x12=00000000  x2:10001d58  PA:10001d70
23644544ns          445947 1c00c054 419704b3 sub              x9, x14, x25         x9=00000001 x14:10001d7d x25:10001d7c
23644564ns          445948 1c00c058 00c7e7b3 or               x15, x15, x12       x15=00000000 x15:00000000 x12:00000000
23644584ns          445949 1c00c05a 00f12623 sw               x15, 12(x2)         x15:00000000  x2:10001d58  PA:10001d64
23644604ns          445950 1c00c05c 00079363 bne              x15, x0, 6          x15:00000000
23644624ns          445951 1c00c05e 01f5d593 srli             x11, x11, 0x1f      x11=00000000 x11:00000003
23644644ns          445952 1c00c060 00b12623 sw               x11, 12(x2)         x11:00000000  x2:10001d58  PA:10001d64
23644684ns          445954 1c00c062 e3fa28e3 p.beqimm         x20, -464           x20:ffffffff
23645206ns          445980 1c00be92 0c800793 addi             x15, x0, 200        x15=000000c8
23645226ns          445981 1c00be96 9e97d0e3 bge              x15, x9, -1568      x15:000000c8  x9:00000001
23645808ns          446010 1c00b876 0f24d163 bge              x9, x18, 226         x9:00000001 x18:00000000
23646349ns          446037 1c00b958 d00482e3 beq              x9, x0, -764         x9:00000001
23646390ns          446039 1c00b95c 01900933 add              x18, x0, x25        x18=10001d7c x25:10001d7c
23646450ns          446042 1c00b95e 419d8db3 sub              x27, x27, x25       x27=efffe29b x27:00000017 x25:10001d7c
23646470ns          446043 1c00b962 00a0006f jal              x0, 10             
23646510ns          446045 1c00b96c 0019450b p.lbu            x10, 1(x18!)        x10=00000033 x18=10001d7d x18:10001d7c  PA:10001d7c
23646570ns          446048 1c00b970 01a005b3 add              x11, x0, x26        x11=00000002 x26:00000002
23646590ns          446049 1c00b972 000b00e7 jalr             x1, x22, 0           x1=1c00b974 x22:1c00b57a
23646670ns          446053 1c00b57a 000026b7 lui              x13, 0x2000         x13=00002000
23646711ns          446055 1c00b57c f14027f3 csrrs            x15, x0, 0xf14      x15=00000003
23646771ns          446058 1c00b580 f8068693 addi             x13, x13, -128      x13=00001f80 x13:00002000
23646811ns          446060 1c00b584 00379713 slli             x14, x15, 0x3       x14=00000018 x15:00000003
23646831ns          446061 1c00b588 00279793 slli             x15, x15, 0x2       x15=0000000c x15:00000003
23646851ns          446062 1c00b58a 00d7f7b3 and              x15, x15, x13       x15=00000000 x15:0000000c x13:00001f80
23646871ns          446063 1c00b58c ee873733 p.bclr           x14, x14, 23, 8     x14=00000018 x14:00000018
23646911ns          446065 1c00b590 1a10f6b7 lui              x13, 0x1a10f000     x13=1a10f000
23646951ns          446067 1c00b594 0ff57513 andi             x10, x10, 255       x10=00000033 x10:00000033
23646971ns          446068 1c00b598 00d70733 add              x14, x14, x13       x14=1a10f018 x14:00000018 x13:1a10f000
23646991ns          446069 1c00b59a 00a7e723 p.sw             x10, x0(x15)        x10:00000033 x15:00000000  PA:1a10f018
23647333ns          446086 1c00b59e 00000513 addi             x10, x0, 0          x10=00000000
23647353ns          446087 1c00b5a0 00008067 jalr             x0, x1, 0            x1:1c00b974
23647433ns          446091 1c00b974 fff48493 addi             x9, x9, -1           x9=00000000  x9:00000001
23647473ns          446093 1c00b976 fff537e3 p.bneimm         x10, -18            x10:00000000
23647593ns          446099 1c00b964 012d8733 add              x14, x27, x18       x14=00000018 x27:efffe29b x18:10001d7d
23647614ns          446100 1c00b968 5a048b63 beq              x9, x0, 1462         x9:00000000
23648095ns          446124 1c00bf1e 00e00db3 add              x27, x0, x14        x27=00000018 x14:00000018
23648175ns          446128 1c00bf20 f3cff06f jal              x0, -2244          
23648256ns          446132 1c00b65c 00044503 lbu              x10, 0(x8)          x10=0000000a  x8:1c000111  PA:1c000111
23648597ns          446149 1c00b660 00140413 addi             x8, x8, 1            x8=1c000112  x8:1c000111
23648617ns          446150 1c00b662 00050e63 beq              x10, x0, 28         x10:0000000a
23648637ns          446151 1c00b664 02500793 addi             x15, x0, 37         x15=00000025
23648657ns          446152 1c00b668 04f50863 beq              x10, x15, 80        x10:0000000a x15:00000025
23648677ns          446153 1c00b66c 01a005b3 add              x11, x0, x26        x11=00000002 x26:00000002
23648697ns          446154 1c00b66e 000b00e7 jalr             x1, x22, 0           x1=1c00b670 x22:1c00b57a
23648757ns          446157 1c00b57a 000026b7 lui              x13, 0x2000         x13=00002000
23648777ns          446158 1c00b57c f14027f3 csrrs            x15, x0, 0xf14      x15=00000003
23648797ns          446159 1c00b580 f8068693 addi             x13, x13, -128      x13=00001f80 x13:00002000
23648817ns          446160 1c00b584 00379713 slli             x14, x15, 0x3       x14=00000018 x15:00000003
23648838ns          446161 1c00b588 00279793 slli             x15, x15, 0x2       x15=0000000c x15:00000003
23648858ns          446162 1c00b58a 00d7f7b3 and              x15, x15, x13       x15=00000000 x15:0000000c x13:00001f80
23648878ns          446163 1c00b58c ee873733 p.bclr           x14, x14, 23, 8     x14=00000018 x14:00000018
23648898ns          446164 1c00b590 1a10f6b7 lui              x13, 0x1a10f000     x13=1a10f000
23648918ns          446165 1c00b594 0ff57513 andi             x10, x10, 255       x10=0000000a x10:0000000a
23648938ns          446166 1c00b598 00d70733 add              x14, x14, x13       x14=1a10f018 x14:00000018 x13:1a10f000
23648958ns          446167 1c00b59a 00a7e723 p.sw             x10, x0(x15)        x10:0000000a x15:00000000  PA:1a10f018
23649339ns          446186 1c00b59e 00000513 addi             x10, x0, 0          x10=00000000
23649359ns          446187 1c00b5a0 00008067 jalr             x0, x1, 0            x1:1c00b670
23649399ns          446189 1c00b670 31f52563 p.beqimm         x10, 778            x10:00000000
23649419ns          446190 1c00b674 001d8d93 addi             x27, x27, 1         x27=00000019 x27:00000018
23649439ns          446191 1c00b676 00044503 lbu              x10, 0(x8)          x10=00000000  x8:1c000112  PA:1c000112
23649740ns          446206 1c00b67a 00140413 addi             x8, x8, 1            x8=1c000113  x8:1c000112
23649761ns          446207 1c00b67c fe0514e3 bne              x10, x0, -24        x10:00000000
23649781ns          446208 1c00b67e 01b00433 add              x8, x0, x27          x8=00000019 x27:00000019
23649801ns          446209 1c00b680 00800533 add              x10, x0, x8         x10=00000019  x8:00000019
23649821ns          446210 1c00b682 12c12083 lw               x1, 300(x2)          x1=1c00b60e  x2:10001d58  PA:10001e84
23649841ns          446211 1c00b686 12812403 lw               x8, 296(x2)          x8=4877e369  x2:10001d58  PA:10001e80
23649861ns          446212 1c00b68a 12412483 lw               x9, 292(x2)          x9=10001ef0  x2:10001d58  PA:10001e7c
23649921ns          446215 1c00b68e 12012903 lw               x18, 288(x2)        x18=1c010084  x2:10001d58  PA:10001e78
23649961ns          446217 1c00b692 11c12983 lw               x19, 284(x2)        x19=1c010080  x2:10001d58  PA:10001e74
23649981ns          446218 1c00b696 11812a03 lw               x20, 280(x2)        x20=00000003  x2:10001d58  PA:10001e70
23650001ns          446219 1c00b69a 11412a83 lw               x21, 276(x2)        x21=4cbebc20  x2:10001d58  PA:10001e6c
23650362ns          446237 1c00b69e 11012b03 lw               x22, 272(x2)        x22=10001ee0  x2:10001d58  PA:10001e68
23650403ns          446239 1c00b6a2 10c12b83 lw               x23, 268(x2)        x23=10001ef0  x2:10001d58  PA:10001e64
23650423ns          446240 1c00b6a6 10812c03 lw               x24, 264(x2)        x24=4877e2ca  x2:10001d58  PA:10001e60
23650443ns          446241 1c00b6aa 10412c83 lw               x25, 260(x2)        x25=00000003  x2:10001d58  PA:10001e5c
23650463ns          446242 1c00b6ae 10012d03 lw               x26, 256(x2)        x26=00000001  x2:10001d58  PA:10001e58
23650503ns          446244 1c00b6b2 0fc12d83 lw               x27, 252(x2)        x27=4877e40e  x2:10001d58  PA:10001e54
23650523ns          446245 1c00b6b4 13010113 addi             x2, x2, 304          x2=10001e88  x2:10001d58
23650543ns          446246 1c00b6b6 00008067 jalr             x0, x1, 0            x1:1c00b60e
23650623ns          446250 1c00b60e 01c12083 lw               x1, 28(x2)           x1=1c00aec0  x2:10001e88  PA:10001ea4
23650704ns          446254 1c00b610 04010113 addi             x2, x2, 64           x2=10001ec8  x2:10001e88
23650724ns          446255 1c00b612 00008067 jalr             x0, x1, 0            x1:1c00aec0
23650804ns          446259 1c00aec0 001d4513 xori             x10, x26, 1         x10=00000000 x26:00000001
23650844ns          446261 1c00aec4 12c12083 lw               x1, 300(x2)          x1=1c00c8ac  x2:10001ec8  PA:10001ff4
23650864ns          446262 1c00aec8 12812403 lw               x8, 296(x2)          x8=xxxxxxxx  x2:10001ec8  PA:10001ff0
23650884ns          446263 1c00aecc 12412483 lw               x9, 292(x2)          x9=xxxxxxxx  x2:10001ec8  PA:10001fec
23651265ns          446282 1c00aed0 12012903 lw               x18, 288(x2)        x18=xxxxxxxx  x2:10001ec8  PA:10001fe8
23651306ns          446284 1c00aed4 11c12983 lw               x19, 284(x2)        x19=xxxxxxxx  x2:10001ec8  PA:10001fe4
23651326ns          446285 1c00aed8 11812a03 lw               x20, 280(x2)        x20=xxxxxxxx  x2:10001ec8  PA:10001fe0
23651346ns          446286 1c00aedc 11412a83 lw               x21, 276(x2)        x21=xxxxxxxx  x2:10001ec8  PA:10001fdc
23651767ns          446307 1c00aee0 11012b03 lw               x22, 272(x2)        x22=xxxxxxxx  x2:10001ec8  PA:10001fd8
23651807ns          446309 1c00aee4 10c12b83 lw               x23, 268(x2)        x23=xxxxxxxx  x2:10001ec8  PA:10001fd4
23651827ns          446310 1c00aee8 10812c03 lw               x24, 264(x2)        x24=xxxxxxxx  x2:10001ec8  PA:10001fd0
23651847ns          446311 1c00aeec 10412c83 lw               x25, 260(x2)        x25=xxxxxxxx  x2:10001ec8  PA:10001fcc
23651908ns          446314 1c00aef0 10012d03 lw               x26, 256(x2)        x26=xxxxxxxx  x2:10001ec8  PA:10001fc8
23651948ns          446316 1c00aef4 0fc12d83 lw               x27, 252(x2)        x27=xxxxxxxx  x2:10001ec8  PA:10001fc4
23651968ns          446317 1c00aef6 13010113 addi             x2, x2, 304          x2=10001ff8  x2:10001ec8
23651988ns          446318 1c00aef8 00008067 jalr             x0, x1, 0            x1:1c00c8ac
23652489ns          446343 1c00c8ac f14027f3 csrrs            x15, x0, 0xf14      x15=00000003
23652971ns          446367 1c00c8b0 f457b7b3 p.bclr           x15, x15, 26, 5     x15=00000003 x15:00000003
23653011ns          446369 1c00c8b4 00079963 bne              x15, x0, 18         x15:00000003
23653533ns          446395 1c00c8c6 002047b7 lui              x15, 0x204000       x15=00204000
23653553ns          446396 1c00c8ca fff00713 addi             x14, x0, -1         x14=ffffffff
23653573ns          446397 1c00c8cc 00e7a223 sw               x14, 4(x15)         x14:ffffffff x15:00204000  PA:00204004
