                Time          Cycles PC       Instr    Mnemonic
22100841ns          368629 1c008080 0640006f jal              x0, 100            
22101299ns          368652 1c0080e4 f1402573 csrrs            x10, x0, 0xf14      x10=00000002
22101339ns          368654 1c0080e8 01f57593 andi             x11, x10, 31        x11=00000002 x10:00000002
22101359ns          368655 1c0080ec 00555513 srli             x10, x10, 0x5       x10=00000000 x10:00000002
22101379ns          368656 1c0080ee 01f00613 addi             x12, x0, 31         x12=0000001f
22101796ns          368677 1c0080f0 00c50463 beq              x10, x12, 8         x10:00000000 x12:0000001f
22101836ns          368679 1c0080f4 fa1ff06f jal              x0, -96            
22102293ns          368702 1c008094 f3ff8117 auipc            x2, 0xf3ff8000       x2=10000094
22102333ns          368704 1c008098 f7010113 addi             x2, x2, -144         x2=10000004  x2:10000094
22102353ns          368705 1c00809c 00012103 lw               x2, 0(x2)            x2=10000008  x2:10000004  PA:10000004
22102811ns          368728 1c0080a0 000011b7 lui              x3, 0x1000           x3=00001000
22102850ns          368730 1c0080a4 80018193 addi             x3, x3, -2048        x3=00000800  x3:00001000
22102870ns          368731 1c0080a8 00158593 addi             x11, x11, 1         x11=00000003 x11:00000002
22102890ns          368732 1c0080ac 02b180b3 mul              x1, x3, x11          x1=00001800  x3:00000800 x11:00000003
22103328ns          368754 1c0080b0 00110133 add              x2, x2, x1           x2=10001808  x2:10000008  x1:00001800
22103368ns          368756 1c0080b4 7d20406f jal              x0, 18386          
22103825ns          368779 1c00c886 ff010113 addi             x2, x2, -16          x2=100017f8  x2:10001808
22103865ns          368781 1c00c888 00112623 sw               x1, 12(x2)           x1:00001800  x2:100017f8  PA:10001804
22103885ns          368782 1c00c88a 002047b7 lui              x15, 0x204000       x15=00204000
22104322ns          368804 1c00c88e 00070737 lui              x14, 0x70000        x14=00070000
22104342ns          368805 1c00c892 00e7a423 sw               x14, 8(x15)         x14:00070000 x15:00204000  PA:00204008
22104362ns          368806 1c00c894 00f00713 addi             x14, x0, 15         x14=0000000f
22104382ns          368807 1c00c896 20078793 addi             x15, x15, 512       x15=00204200 x15:00204000
22104402ns          368808 1c00c89a 00e7a023 sw               x14, 0(x15)         x14:0000000f x15:00204200  PA:00204200
22104840ns          368830 1c00c89e 00e7a623 sw               x14, 12(x15)        x14:0000000f x15:00204200  PA:0020420c
22104879ns          368832 1c00c8a2 1c0017b7 lui              x15, 0x1c001000     x15=1c001000
22104899ns          368833 1c00c8a6 ad47a783 lw               x15, -1324(x15)     x15=1c00aadc x15:1c001000  PA:1c000ad4
22105396ns          368858 1c00c8aa 000780e7 jalr             x1, x15, 0           x1=1c00c8ac x15:1c00aadc
22105834ns          368880 1c00aadc ed010113 addi             x2, x2, -304         x2=100016c8  x2:100017f8
22106292ns          368903 1c00aade 12812423 sw               x8, 296(x2)          x8:xxxxxxxx  x2:100016c8  PA:100017f0
22106331ns          368905 1c00aae2 12112623 sw               x1, 300(x2)          x1:1c00c8ac  x2:100016c8  PA:100017f4
22106351ns          368906 1c00aae6 f1402473 csrrs            x8, x0, 0xf14        x8=00000002
22106371ns          368907 1c00aaea 12912223 sw               x9, 292(x2)          x9:xxxxxxxx  x2:100016c8  PA:100017ec
22106829ns          368930 1c00aaee 13212023 sw               x18, 288(x2)        x18:xxxxxxxx  x2:100016c8  PA:100017e8
22106868ns          368932 1c00aaf2 11312e23 sw               x19, 284(x2)        x19:xxxxxxxx  x2:100016c8  PA:100017e4
22106888ns          368933 1c00aaf6 11412c23 sw               x20, 280(x2)        x20:xxxxxxxx  x2:100016c8  PA:100017e0
22106908ns          368934 1c00aafa 11512a23 sw               x21, 276(x2)        x21:xxxxxxxx  x2:100016c8  PA:100017dc
22107346ns          368956 1c00aafe 11612823 sw               x22, 272(x2)        x22:xxxxxxxx  x2:100016c8  PA:100017d8
22107386ns          368958 1c00ab02 11712623 sw               x23, 268(x2)        x23:xxxxxxxx  x2:100016c8  PA:100017d4
22107405ns          368959 1c00ab06 11812423 sw               x24, 264(x2)        x24:xxxxxxxx  x2:100016c8  PA:100017d0
22107425ns          368960 1c00ab0a 11912223 sw               x25, 260(x2)        x25:xxxxxxxx  x2:100016c8  PA:100017cc
22107863ns          368982 1c00ab0e 11a12023 sw               x26, 256(x2)        x26:xxxxxxxx  x2:100016c8  PA:100017c8
22107883ns          368983 1c00ab12 0fb12e23 sw               x27, 252(x2)        x27:xxxxxxxx  x2:100016c8  PA:100017c4
22107903ns          368984 1c00ab14 ca5417b3 p.extractu       x15, x8, 5, 5       x15=00000000  x8:00000002
22107923ns          368985 1c00ab18 44079c63 bne              x15, x0, 1112       x15:00000000
22107942ns          368986 1c00ab1c f4543433 p.bclr           x8, x8, 26, 5        x8=00000002  x8:00000002
22108380ns          369008 1c00ab20 1c000537 lui              x10, 0x1c000000     x10=1c000000
22108420ns          369010 1c00ab24 00800633 add              x12, x0, x8         x12=00000002  x8:00000002
22108440ns          369011 1c00ab26 00100593 addi             x11, x0, 1          x11=00000001
22108460ns          369012 1c00ab28 06050513 addi             x10, x10, 96        x10=1c000060 x10:1c000000
22108480ns          369013 1c00ab2c 2bb000ef jal              x1, 2746             x1=1c00ab30
22109375ns          369058 1c00b5e6 fc010113 addi             x2, x2, -64          x2=10001688  x2:100016c8
22109414ns          369060 1c00b5e8 02410313 addi             x6, x2, 36           x6=100016ac  x2:10001688
22109434ns          369061 1c00b5ec 02c12423 sw               x12, 40(x2)         x12:00000002  x2:10001688  PA:100016b0
22109454ns          369062 1c00b5ee 00a00633 add              x12, x0, x10        x12=1c000060 x10:1c000060
22109872ns          369083 1c00b5f0 1c00b537 lui              x10, 0x1c00b000     x10=1c00b000
22109912ns          369085 1c00b5f4 02b12223 sw               x11, 36(x2)         x11:00000001  x2:10001688  PA:100016ac
22109932ns          369086 1c00b5f6 02d12623 sw               x13, 44(x2)         x13:xxxxxxxx  x2:10001688  PA:100016b4
22109951ns          369087 1c00b5f8 00200593 addi             x11, x0, 2          x11=00000002
22109971ns          369088 1c00b5fa 006006b3 add              x13, x0, x6         x13=100016ac  x6:100016ac
22109991ns          369089 1c00b5fc 57a50513 addi             x10, x10, 1402      x10=1c00b57a x10:1c00b000
22110389ns          369109 1c00b600 00112e23 sw               x1, 28(x2)           x1:1c00ab30  x2:10001688  PA:100016a4
22110409ns          369110 1c00b602 02e12823 sw               x14, 48(x2)         x14:0000000f  x2:10001688  PA:100016b8
22110429ns          369111 1c00b604 02f12a23 sw               x15, 52(x2)         x15:00000000  x2:10001688  PA:100016bc
22110449ns          369112 1c00b606 03012c23 sw               x16, 56(x2)         x16:xxxxxxxx  x2:10001688  PA:100016c0
22110469ns          369113 1c00b608 03112e23 sw               x17, 60(x2)         x17:xxxxxxxx  x2:10001688  PA:100016c4
22110488ns          369114 1c00b60a 00612623 sw               x6, 12(x2)           x6:100016ac  x2:10001688  PA:10001694
22110508ns          369115 1c00b60c fbfff0ef jal              x1, -66              x1=1c00b60e
22111384ns          369159 1c00b5ca 04a0006f jal              x0, 74             
22111423ns          369161 1c00b614 ed010113 addi             x2, x2, -304         x2=10001558  x2:10001688
22111443ns          369162 1c00b616 12812423 sw               x8, 296(x2)          x8:00000002  x2:10001558  PA:10001680
22111463ns          369163 1c00b61a 00000413 addi             x8, x0, 0            x8=00000000
22111483ns          369164 1c00b61c 11612823 sw               x22, 272(x2)        x22:xxxxxxxx  x2:10001558  PA:10001668
22111901ns          369185 1c00b620 11712623 sw               x23, 268(x2)        x23:xxxxxxxx  x2:10001558  PA:10001664
22111941ns          369187 1c00b624 11812423 sw               x24, 264(x2)        x24:xxxxxxxx  x2:10001558  PA:10001660
22111960ns          369188 1c00b628 11912223 sw               x25, 260(x2)        x25:xxxxxxxx  x2:10001558  PA:1000165c
22111980ns          369189 1c00b62c 11a12023 sw               x26, 256(x2)        x26:xxxxxxxx  x2:10001558  PA:10001658
22112418ns          369211 1c00b630 0fb12e23 sw               x27, 252(x2)        x27:xxxxxxxx  x2:10001558  PA:10001654
22112458ns          369213 1c00b632 12112623 sw               x1, 300(x2)          x1:1c00b60e  x2:10001558  PA:10001684
22112478ns          369214 1c00b636 00800db3 add              x27, x0, x8         x27=00000000  x8:00000000
22112497ns          369215 1c00b638 12912223 sw               x9, 292(x2)          x9:xxxxxxxx  x2:10001558  PA:1000167c
22112517ns          369216 1c00b63c 13212023 sw               x18, 288(x2)        x18:xxxxxxxx  x2:10001558  PA:10001678
22112935ns          369237 1c00b640 11312e23 sw               x19, 284(x2)        x19:xxxxxxxx  x2:10001558  PA:10001674
22112975ns          369239 1c00b644 11412c23 sw               x20, 280(x2)        x20:xxxxxxxx  x2:10001558  PA:10001670
22112995ns          369240 1c00b648 11512a23 sw               x21, 276(x2)        x21:xxxxxxxx  x2:10001558  PA:1000166c
22113015ns          369241 1c00b64c 00a00b33 add              x22, x0, x10        x22=1c00b57a x10:1c00b57a
22113034ns          369242 1c00b64e 00b00d33 add              x26, x0, x11        x26=00000002 x11:00000002
22113472ns          369264 1c00b650 00d00c33 add              x24, x0, x13        x24=100016ac x13:100016ac
22113512ns          369266 1c00b652 1c000bb7 lui              x23, 0x1c000000     x23=1c000000
22113532ns          369267 1c00b656 02410c93 addi             x25, x2, 36         x25=1000157c  x2:10001558
22113552ns          369268 1c00b65a 00c00433 add              x8, x0, x12          x8=1c000060 x12:1c000060
22113572ns          369269 1c00b65c 00044503 lbu              x10, 0(x8)          x10=00000073  x8:1c000060  PA:1c000060
22114029ns          369292 1c00b660 00140413 addi             x8, x8, 1            x8=1c000061  x8:1c000060
22114049ns          369293 1c00b662 00050e63 beq              x10, x0, 28         x10:00000073
22114069ns          369294 1c00b664 02500793 addi             x15, x0, 37         x15=00000025
22114089ns          369295 1c00b668 04f50863 beq              x10, x15, 80        x10:00000073 x15:00000025
22114109ns          369296 1c00b66c 01a005b3 add              x11, x0, x26        x11=00000002 x26:00000002
22114128ns          369297 1c00b66e 000b00e7 jalr             x1, x22, 0           x1=1c00b670 x22:1c00b57a
22115004ns          369341 1c00b57a 000026b7 lui              x13, 0x2000         x13=00002000
22115043ns          369343 1c00b57c f14027f3 csrrs            x15, x0, 0xf14      x15=00000002
22115481ns          369365 1c00b580 f8068693 addi             x13, x13, -128      x13=00001f80 x13:00002000
22115521ns          369367 1c00b584 00379713 slli             x14, x15, 0x3       x14=00000010 x15:00000002
22115541ns          369368 1c00b588 00279793 slli             x15, x15, 0x2       x15=00000008 x15:00000002
22115561ns          369369 1c00b58a 00d7f7b3 and              x15, x15, x13       x15=00000000 x15:00000008 x13:00001f80
22115581ns          369370 1c00b58c ee873733 p.bclr           x14, x14, 23, 8     x14=00000010 x14:00000010
22115998ns          369391 1c00b590 1a10f6b7 lui              x13, 0x1a10f000     x13=1a10f000
22116038ns          369393 1c00b594 0ff57513 andi             x10, x10, 255       x10=00000073 x10:00000073
22116058ns          369394 1c00b598 00d70733 add              x14, x14, x13       x14=1a10f010 x14:00000010 x13:1a10f000
22116078ns          369395 1c00b59a 00a7e723 p.sw             x10, x0(x15)        x10:00000073 x15:00000000  PA:1a10f010
22116476ns          369415 1c00b59e 00000513 addi             x10, x0, 0          x10=00000000
22116515ns          369417 1c00b5a0 00008067 jalr             x0, x1, 0            x1:1c00b670
22116595ns          369421 1c00b670 31f52563 p.beqimm         x10, 778            x10:00000000
22116635ns          369423 1c00b674 001d8d93 addi             x27, x27, 1         x27=00000001 x27:00000000
22116655ns          369424 1c00b676 00044503 lbu              x10, 0(x8)          x10=00000074  x8:1c000061  PA:1c000061
22117092ns          369446 1c00b67a 00140413 addi             x8, x8, 1            x8=1c000062  x8:1c000061
22117112ns          369447 1c00b67c fe0514e3 bne              x10, x0, -24        x10:00000074
22117172ns          369450 1c00b664 02500793 addi             x15, x0, 37         x15=00000025
22117192ns          369451 1c00b668 04f50863 beq              x10, x15, 80        x10:00000074 x15:00000025
22117212ns          369452 1c00b66c 01a005b3 add              x11, x0, x26        x11=00000002 x26:00000002
22117231ns          369453 1c00b66e 000b00e7 jalr             x1, x22, 0           x1=1c00b670 x22:1c00b57a
22117271ns          369455 1c00b57a 000026b7 lui              x13, 0x2000         x13=00002000
22117291ns          369456 1c00b57c f14027f3 csrrs            x15, x0, 0xf14      x15=00000002
22117311ns          369457 1c00b580 f8068693 addi             x13, x13, -128      x13=00001f80 x13:00002000
22117331ns          369458 1c00b584 00379713 slli             x14, x15, 0x3       x14=00000010 x15:00000002
22117351ns          369459 1c00b588 00279793 slli             x15, x15, 0x2       x15=00000008 x15:00000002
22117371ns          369460 1c00b58a 00d7f7b3 and              x15, x15, x13       x15=00000000 x15:00000008 x13:00001f80
22117391ns          369461 1c00b58c ee873733 p.bclr           x14, x14, 23, 8     x14=00000010 x14:00000010
22117410ns          369462 1c00b590 1a10f6b7 lui              x13, 0x1a10f000     x13=1a10f000
22117430ns          369463 1c00b594 0ff57513 andi             x10, x10, 255       x10=00000074 x10:00000074
22117450ns          369464 1c00b598 00d70733 add              x14, x14, x13       x14=1a10f010 x14:00000010 x13:1a10f000
22117470ns          369465 1c00b59a 00a7e723 p.sw             x10, x0(x15)        x10:00000074 x15:00000000  PA:1a10f010
22117848ns          369484 1c00b59e 00000513 addi             x10, x0, 0          x10=00000000
22117868ns          369485 1c00b5a0 00008067 jalr             x0, x1, 0            x1:1c00b670
22117908ns          369487 1c00b670 31f52563 p.beqimm         x10, 778            x10:00000000
22117928ns          369488 1c00b674 001d8d93 addi             x27, x27, 1         x27=00000002 x27:00000001
22117948ns          369489 1c00b676 00044503 lbu              x10, 0(x8)          x10=00000061  x8:1c000062  PA:1c000062
22118246ns          369504 1c00b67a 00140413 addi             x8, x8, 1            x8=1c000063  x8:1c000062
22118266ns          369505 1c00b67c fe0514e3 bne              x10, x0, -24        x10:00000061
22118325ns          369508 1c00b664 02500793 addi             x15, x0, 37         x15=00000025
22118345ns          369509 1c00b668 04f50863 beq              x10, x15, 80        x10:00000061 x15:00000025
22118365ns          369510 1c00b66c 01a005b3 add              x11, x0, x26        x11=00000002 x26:00000002
22118385ns          369511 1c00b66e 000b00e7 jalr             x1, x22, 0           x1=1c00b670 x22:1c00b57a
22118425ns          369513 1c00b57a 000026b7 lui              x13, 0x2000         x13=00002000
22118445ns          369514 1c00b57c f14027f3 csrrs            x15, x0, 0xf14      x15=00000002
22118465ns          369515 1c00b580 f8068693 addi             x13, x13, -128      x13=00001f80 x13:00002000
22118485ns          369516 1c00b584 00379713 slli             x14, x15, 0x3       x14=00000010 x15:00000002
22118504ns          369517 1c00b588 00279793 slli             x15, x15, 0x2       x15=00000008 x15:00000002
22118524ns          369518 1c00b58a 00d7f7b3 and              x15, x15, x13       x15=00000000 x15:00000008 x13:00001f80
22118544ns          369519 1c00b58c ee873733 p.bclr           x14, x14, 23, 8     x14=00000010 x14:00000010
22118564ns          369520 1c00b590 1a10f6b7 lui              x13, 0x1a10f000     x13=1a10f000
22118584ns          369521 1c00b594 0ff57513 andi             x10, x10, 255       x10=00000061 x10:00000061
22118604ns          369522 1c00b598 00d70733 add              x14, x14, x13       x14=1a10f010 x14:00000010 x13:1a10f000
22118624ns          369523 1c00b59a 00a7e723 p.sw             x10, x0(x15)        x10:00000061 x15:00000000  PA:1a10f010
22118962ns          369540 1c00b59e 00000513 addi             x10, x0, 0          x10=00000000
22118982ns          369541 1c00b5a0 00008067 jalr             x0, x1, 0            x1:1c00b670
22119022ns          369543 1c00b670 31f52563 p.beqimm         x10, 778            x10:00000000
22119042ns          369544 1c00b674 001d8d93 addi             x27, x27, 1         x27=00000003 x27:00000002
22119061ns          369545 1c00b676 00044503 lbu              x10, 0(x8)          x10=00000072  x8:1c000063  PA:1c000063
22119360ns          369560 1c00b67a 00140413 addi             x8, x8, 1            x8=1c000064  x8:1c000063
22119380ns          369561 1c00b67c fe0514e3 bne              x10, x0, -24        x10:00000072
22119439ns          369564 1c00b664 02500793 addi             x15, x0, 37         x15=00000025
22119459ns          369565 1c00b668 04f50863 beq              x10, x15, 80        x10:00000072 x15:00000025
22119479ns          369566 1c00b66c 01a005b3 add              x11, x0, x26        x11=00000002 x26:00000002
22119499ns          369567 1c00b66e 000b00e7 jalr             x1, x22, 0           x1=1c00b670 x22:1c00b57a
22119539ns          369569 1c00b57a 000026b7 lui              x13, 0x2000         x13=00002000
22119559ns          369570 1c00b57c f14027f3 csrrs            x15, x0, 0xf14      x15=00000002
22119579ns          369571 1c00b580 f8068693 addi             x13, x13, -128      x13=00001f80 x13:00002000
22119598ns          369572 1c00b584 00379713 slli             x14, x15, 0x3       x14=00000010 x15:00000002
22119618ns          369573 1c00b588 00279793 slli             x15, x15, 0x2       x15=00000008 x15:00000002
22119638ns          369574 1c00b58a 00d7f7b3 and              x15, x15, x13       x15=00000000 x15:00000008 x13:00001f80
22119658ns          369575 1c00b58c ee873733 p.bclr           x14, x14, 23, 8     x14=00000010 x14:00000010
22119678ns          369576 1c00b590 1a10f6b7 lui              x13, 0x1a10f000     x13=1a10f000
22119698ns          369577 1c00b594 0ff57513 andi             x10, x10, 255       x10=00000072 x10:00000072
22119718ns          369578 1c00b598 00d70733 add              x14, x14, x13       x14=1a10f010 x14:00000010 x13:1a10f000
22119738ns          369579 1c00b59a 00a7e723 p.sw             x10, x0(x15)        x10:00000072 x15:00000000  PA:1a10f010
22120096ns          369597 1c00b59e 00000513 addi             x10, x0, 0          x10=00000000
22120116ns          369598 1c00b5a0 00008067 jalr             x0, x1, 0            x1:1c00b670
22120155ns          369600 1c00b670 31f52563 p.beqimm         x10, 778            x10:00000000
22120175ns          369601 1c00b674 001d8d93 addi             x27, x27, 1         x27=00000004 x27:00000003
22120195ns          369602 1c00b676 00044503 lbu              x10, 0(x8)          x10=00000074  x8:1c000064  PA:1c000064
22120494ns          369617 1c00b67a 00140413 addi             x8, x8, 1            x8=1c000065  x8:1c000064
22120513ns          369618 1c00b67c fe0514e3 bne              x10, x0, -24        x10:00000074
22120573ns          369621 1c00b664 02500793 addi             x15, x0, 37         x15=00000025
22120593ns          369622 1c00b668 04f50863 beq              x10, x15, 80        x10:00000074 x15:00000025
22120613ns          369623 1c00b66c 01a005b3 add              x11, x0, x26        x11=00000002 x26:00000002
22120633ns          369624 1c00b66e 000b00e7 jalr             x1, x22, 0           x1=1c00b670 x22:1c00b57a
22120673ns          369626 1c00b57a 000026b7 lui              x13, 0x2000         x13=00002000
22120692ns          369627 1c00b57c f14027f3 csrrs            x15, x0, 0xf14      x15=00000002
22120712ns          369628 1c00b580 f8068693 addi             x13, x13, -128      x13=00001f80 x13:00002000
22120732ns          369629 1c00b584 00379713 slli             x14, x15, 0x3       x14=00000010 x15:00000002
22120752ns          369630 1c00b588 00279793 slli             x15, x15, 0x2       x15=00000008 x15:00000002
22120772ns          369631 1c00b58a 00d7f7b3 and              x15, x15, x13       x15=00000000 x15:00000008 x13:00001f80
22120792ns          369632 1c00b58c ee873733 p.bclr           x14, x14, 23, 8     x14=00000010 x14:00000010
22120812ns          369633 1c00b590 1a10f6b7 lui              x13, 0x1a10f000     x13=1a10f000
22120832ns          369634 1c00b594 0ff57513 andi             x10, x10, 255       x10=00000074 x10:00000074
22120852ns          369635 1c00b598 00d70733 add              x14, x14, x13       x14=1a10f010 x14:00000010 x13:1a10f000
22120871ns          369636 1c00b59a 00a7e723 p.sw             x10, x0(x15)        x10:00000074 x15:00000000  PA:1a10f010
22121190ns          369652 1c00b59e 00000513 addi             x10, x0, 0          x10=00000000
22121210ns          369653 1c00b5a0 00008067 jalr             x0, x1, 0            x1:1c00b670
22121249ns          369655 1c00b670 31f52563 p.beqimm         x10, 778            x10:00000000
22121269ns          369656 1c00b674 001d8d93 addi             x27, x27, 1         x27=00000005 x27:00000004
22121289ns          369657 1c00b676 00044503 lbu              x10, 0(x8)          x10=00000069  x8:1c000065  PA:1c000065
22121588ns          369672 1c00b67a 00140413 addi             x8, x8, 1            x8=1c000066  x8:1c000065
22121607ns          369673 1c00b67c fe0514e3 bne              x10, x0, -24        x10:00000069
22121667ns          369676 1c00b664 02500793 addi             x15, x0, 37         x15=00000025
22121687ns          369677 1c00b668 04f50863 beq              x10, x15, 80        x10:00000069 x15:00000025
22121707ns          369678 1c00b66c 01a005b3 add              x11, x0, x26        x11=00000002 x26:00000002
22121727ns          369679 1c00b66e 000b00e7 jalr             x1, x22, 0           x1=1c00b670 x22:1c00b57a
22121767ns          369681 1c00b57a 000026b7 lui              x13, 0x2000         x13=00002000
22121786ns          369682 1c00b57c f14027f3 csrrs            x15, x0, 0xf14      x15=00000002
22121806ns          369683 1c00b580 f8068693 addi             x13, x13, -128      x13=00001f80 x13:00002000
22121826ns          369684 1c00b584 00379713 slli             x14, x15, 0x3       x14=00000010 x15:00000002
22121846ns          369685 1c00b588 00279793 slli             x15, x15, 0x2       x15=00000008 x15:00000002
22121866ns          369686 1c00b58a 00d7f7b3 and              x15, x15, x13       x15=00000000 x15:00000008 x13:00001f80
22121886ns          369687 1c00b58c ee873733 p.bclr           x14, x14, 23, 8     x14=00000010 x14:00000010
22121906ns          369688 1c00b590 1a10f6b7 lui              x13, 0x1a10f000     x13=1a10f000
22121926ns          369689 1c00b594 0ff57513 andi             x10, x10, 255       x10=00000069 x10:00000069
22121946ns          369690 1c00b598 00d70733 add              x14, x14, x13       x14=1a10f010 x14:00000010 x13:1a10f000
22121965ns          369691 1c00b59a 00a7e723 p.sw             x10, x0(x15)        x10:00000069 x15:00000000  PA:1a10f010
22122284ns          369707 1c00b59e 00000513 addi             x10, x0, 0          x10=00000000
22122304ns          369708 1c00b5a0 00008067 jalr             x0, x1, 0            x1:1c00b670
22122343ns          369710 1c00b670 31f52563 p.beqimm         x10, 778            x10:00000000
22122363ns          369711 1c00b674 001d8d93 addi             x27, x27, 1         x27=00000006 x27:00000005
22122383ns          369712 1c00b676 00044503 lbu              x10, 0(x8)          x10=0000006e  x8:1c000066  PA:1c000066
22122682ns          369727 1c00b67a 00140413 addi             x8, x8, 1            x8=1c000067  x8:1c000066
22122701ns          369728 1c00b67c fe0514e3 bne              x10, x0, -24        x10:0000006e
22122761ns          369731 1c00b664 02500793 addi             x15, x0, 37         x15=00000025
22122781ns          369732 1c00b668 04f50863 beq              x10, x15, 80        x10:0000006e x15:00000025
22122801ns          369733 1c00b66c 01a005b3 add              x11, x0, x26        x11=00000002 x26:00000002
22122821ns          369734 1c00b66e 000b00e7 jalr             x1, x22, 0           x1=1c00b670 x22:1c00b57a
22122861ns          369736 1c00b57a 000026b7 lui              x13, 0x2000         x13=00002000
22122880ns          369737 1c00b57c f14027f3 csrrs            x15, x0, 0xf14      x15=00000002
22122900ns          369738 1c00b580 f8068693 addi             x13, x13, -128      x13=00001f80 x13:00002000
22122920ns          369739 1c00b584 00379713 slli             x14, x15, 0x3       x14=00000010 x15:00000002
22122940ns          369740 1c00b588 00279793 slli             x15, x15, 0x2       x15=00000008 x15:00000002
22122960ns          369741 1c00b58a 00d7f7b3 and              x15, x15, x13       x15=00000000 x15:00000008 x13:00001f80
22122980ns          369742 1c00b58c ee873733 p.bclr           x14, x14, 23, 8     x14=00000010 x14:00000010
22123000ns          369743 1c00b590 1a10f6b7 lui              x13, 0x1a10f000     x13=1a10f000
22123020ns          369744 1c00b594 0ff57513 andi             x10, x10, 255       x10=0000006e x10:0000006e
22123040ns          369745 1c00b598 00d70733 add              x14, x14, x13       x14=1a10f010 x14:00000010 x13:1a10f000
22123059ns          369746 1c00b59a 00a7e723 p.sw             x10, x0(x15)        x10:0000006e x15:00000000  PA:1a10f010
22123398ns          369763 1c00b59e 00000513 addi             x10, x0, 0          x10=00000000
22123417ns          369764 1c00b5a0 00008067 jalr             x0, x1, 0            x1:1c00b670
22123457ns          369766 1c00b670 31f52563 p.beqimm         x10, 778            x10:00000000
22123477ns          369767 1c00b674 001d8d93 addi             x27, x27, 1         x27=00000007 x27:00000006
22123497ns          369768 1c00b676 00044503 lbu              x10, 0(x8)          x10=00000067  x8:1c000067  PA:1c000067
22123795ns          369783 1c00b67a 00140413 addi             x8, x8, 1            x8=1c000068  x8:1c000067
22123815ns          369784 1c00b67c fe0514e3 bne              x10, x0, -24        x10:00000067
22123875ns          369787 1c00b664 02500793 addi             x15, x0, 37         x15=00000025
22123895ns          369788 1c00b668 04f50863 beq              x10, x15, 80        x10:00000067 x15:00000025
22123915ns          369789 1c00b66c 01a005b3 add              x11, x0, x26        x11=00000002 x26:00000002
22123935ns          369790 1c00b66e 000b00e7 jalr             x1, x22, 0           x1=1c00b670 x22:1c00b57a
22123974ns          369792 1c00b57a 000026b7 lui              x13, 0x2000         x13=00002000
22123994ns          369793 1c00b57c f14027f3 csrrs            x15, x0, 0xf14      x15=00000002
22124014ns          369794 1c00b580 f8068693 addi             x13, x13, -128      x13=00001f80 x13:00002000
22124034ns          369795 1c00b584 00379713 slli             x14, x15, 0x3       x14=00000010 x15:00000002
22124054ns          369796 1c00b588 00279793 slli             x15, x15, 0x2       x15=00000008 x15:00000002
22124074ns          369797 1c00b58a 00d7f7b3 and              x15, x15, x13       x15=00000000 x15:00000008 x13:00001f80
22124094ns          369798 1c00b58c ee873733 p.bclr           x14, x14, 23, 8     x14=00000010 x14:00000010
22124114ns          369799 1c00b590 1a10f6b7 lui              x13, 0x1a10f000     x13=1a10f000
22124134ns          369800 1c00b594 0ff57513 andi             x10, x10, 255       x10=00000067 x10:00000067
22124153ns          369801 1c00b598 00d70733 add              x14, x14, x13       x14=1a10f010 x14:00000010 x13:1a10f000
22124173ns          369802 1c00b59a 00a7e723 p.sw             x10, x0(x15)        x10:00000067 x15:00000000  PA:1a10f010
22124492ns          369818 1c00b59e 00000513 addi             x10, x0, 0          x10=00000000
22124511ns          369819 1c00b5a0 00008067 jalr             x0, x1, 0            x1:1c00b670
22124551ns          369821 1c00b670 31f52563 p.beqimm         x10, 778            x10:00000000
22124571ns          369822 1c00b674 001d8d93 addi             x27, x27, 1         x27=00000008 x27:00000007
22124591ns          369823 1c00b676 00044503 lbu              x10, 0(x8)          x10=00000020  x8:1c000068  PA:1c000068
22124889ns          369838 1c00b67a 00140413 addi             x8, x8, 1            x8=1c000069  x8:1c000068
22124909ns          369839 1c00b67c fe0514e3 bne              x10, x0, -24        x10:00000020
22124969ns          369842 1c00b664 02500793 addi             x15, x0, 37         x15=00000025
22124989ns          369843 1c00b668 04f50863 beq              x10, x15, 80        x10:00000020 x15:00000025
22125009ns          369844 1c00b66c 01a005b3 add              x11, x0, x26        x11=00000002 x26:00000002
22125029ns          369845 1c00b66e 000b00e7 jalr             x1, x22, 0           x1=1c00b670 x22:1c00b57a
22125068ns          369847 1c00b57a 000026b7 lui              x13, 0x2000         x13=00002000
22125088ns          369848 1c00b57c f14027f3 csrrs            x15, x0, 0xf14      x15=00000002
22125108ns          369849 1c00b580 f8068693 addi             x13, x13, -128      x13=00001f80 x13:00002000
22125128ns          369850 1c00b584 00379713 slli             x14, x15, 0x3       x14=00000010 x15:00000002
22125148ns          369851 1c00b588 00279793 slli             x15, x15, 0x2       x15=00000008 x15:00000002
22125168ns          369852 1c00b58a 00d7f7b3 and              x15, x15, x13       x15=00000000 x15:00000008 x13:00001f80
22125188ns          369853 1c00b58c ee873733 p.bclr           x14, x14, 23, 8     x14=00000010 x14:00000010
22125208ns          369854 1c00b590 1a10f6b7 lui              x13, 0x1a10f000     x13=1a10f000
22125228ns          369855 1c00b594 0ff57513 andi             x10, x10, 255       x10=00000020 x10:00000020
22125247ns          369856 1c00b598 00d70733 add              x14, x14, x13       x14=1a10f010 x14:00000010 x13:1a10f000
22125267ns          369857 1c00b59a 00a7e723 p.sw             x10, x0(x15)        x10:00000020 x15:00000000  PA:1a10f010
22125586ns          369873 1c00b59e 00000513 addi             x10, x0, 0          x10=00000000
22125605ns          369874 1c00b5a0 00008067 jalr             x0, x1, 0            x1:1c00b670
22125645ns          369876 1c00b670 31f52563 p.beqimm         x10, 778            x10:00000000
22125665ns          369877 1c00b674 001d8d93 addi             x27, x27, 1         x27=00000009 x27:00000008
22125685ns          369878 1c00b676 00044503 lbu              x10, 0(x8)          x10=00000025  x8:1c000069  PA:1c000069
22125983ns          369893 1c00b67a 00140413 addi             x8, x8, 1            x8=1c00006a  x8:1c000069
22126003ns          369894 1c00b67c fe0514e3 bne              x10, x0, -24        x10:00000025
22126063ns          369897 1c00b664 02500793 addi             x15, x0, 37         x15=00000025
22126083ns          369898 1c00b668 04f50863 beq              x10, x15, 80        x10:00000025 x15:00000025
22126461ns          369917 1c00b6b8 00044483 lbu              x9, 0(x8)            x9=00000064  x8:1c00006a  PA:1c00006a
22126898ns          369939 1c00b6bc 02000693 addi             x13, x0, 32         x13=00000020
22126958ns          369942 1c00b6c0 00140a93 addi             x21, x8, 1          x21=1c00006b  x8:1c00006a
22126998ns          369944 1c00b6c4 009005b3 add              x11, x0, x9         x11=00000064  x9:00000064
22127018ns          369945 1c00b6c6 138b8513 addi             x10, x23, 312       x10=1c000138 x23:1c000000
22127038ns          369946 1c00b6ca 00d12823 sw               x13, 16(x2)         x13:00000020  x2:10001558  PA:10001568
22127057ns          369947 1c00b6cc 00012c23 sw               x0, 24(x2)           x2:10001558  PA:10001570
22127077ns          369948 1c00b6ce 00012a23 sw               x0, 20(x2)           x2:10001558  PA:1000156c
22127475ns          369968 1c00b6d0 00012e23 sw               x0, 28(x2)           x2:10001558  PA:10001574
22127495ns          369969 1c00b6d2 00012623 sw               x0, 12(x2)           x2:10001558  PA:10001564
22127515ns          369970 1c00b6d4 02300913 addi             x18, x0, 35         x18=00000023
22127535ns          369971 1c00b6d8 02d00a13 addi             x20, x0, 45         x20=0000002d
22127555ns          369972 1c00b6dc 015009b3 add              x19, x0, x21        x19=1c00006b x21:1c00006b
22127575ns          369973 1c00b6de e1dff0ef jal              x1, -484             x1=1c00b6e0
22128510ns          370020 1c00b4fa 00054783 lbu              x15, 0(x10)         x15=0000002d x10:1c000138  PA:1c000138
22128987ns          370044 1c00b4fe 0ff5f593 andi             x11, x11, 255       x11=00000064 x11:00000064
22129007ns          370045 1c00b502 00b78c63 beq              x15, x11, 24        x15:0000002d x11:00000064
22129027ns          370046 1c00b506 00078b63 beq              x15, x0, 22         x15:0000002d
22129047ns          370047 1c00b508 00150793 addi             x15, x10, 1         x15=1c000139 x10:1c000138
22129066ns          370048 1c00b50c 0040006f jal              x0, 4              
22129524ns          370071 1c00b510 00f00533 add              x10, x0, x15        x10=1c000139 x15:1c000139
22129544ns          370072 1c00b512 0017c70b p.lbu            x14, 1(x15!)        x14=0000002b x15=1c00013a x15:1c000139  PA:1c000139
22129981ns          370094 1c00b516 feb71ce3 bne              x14, x11, -8        x14:0000002b x11:00000064
22130081ns          370099 1c00b50e 00070763 beq              x14, x0, 14         x14:0000002b
22130101ns          370100 1c00b510 00f00533 add              x10, x0, x15        x10=1c00013a x15:1c00013a
22130121ns          370101 1c00b512 0017c70b p.lbu            x14, 1(x15!)        x14=00000020 x15=1c00013b x15:1c00013a  PA:1c00013a
22130439ns          370117 1c00b516 feb71ce3 bne              x14, x11, -8        x14:00000020 x11:00000064
22130499ns          370120 1c00b50e 00070763 beq              x14, x0, 14         x14:00000020
22130518ns          370121 1c00b510 00f00533 add              x10, x0, x15        x10=1c00013b x15:1c00013b
22130538ns          370122 1c00b512 0017c70b p.lbu            x14, 1(x15!)        x14=00000023 x15=1c00013c x15:1c00013b  PA:1c00013b
22130857ns          370138 1c00b516 feb71ce3 bne              x14, x11, -8        x14:00000023 x11:00000064
22130916ns          370141 1c00b50e 00070763 beq              x14, x0, 14         x14:00000023
22130936ns          370142 1c00b510 00f00533 add              x10, x0, x15        x10=1c00013c x15:1c00013c
22130956ns          370143 1c00b512 0017c70b p.lbu            x14, 1(x15!)        x14=00000030 x15=1c00013d x15:1c00013c  PA:1c00013c
22131314ns          370161 1c00b516 feb71ce3 bne              x14, x11, -8        x14:00000030 x11:00000064
22131374ns          370164 1c00b50e 00070763 beq              x14, x0, 14         x14:00000030
22131394ns          370165 1c00b510 00f00533 add              x10, x0, x15        x10=1c00013d x15:1c00013d
22131414ns          370166 1c00b512 0017c70b p.lbu            x14, 1(x15!)        x14=00000000 x15=1c00013e x15:1c00013d  PA:1c00013d
22131732ns          370182 1c00b516 feb71ce3 bne              x14, x11, -8        x14:00000000 x11:00000064
22131791ns          370185 1c00b50e 00070763 beq              x14, x0, 14         x14:00000000
22131851ns          370188 1c00b51c 0015b593 sltiu            x11, x11, 1         x11=00000000 x11:00000064
22131871ns          370189 1c00b520 40b005b3 sub              x11, x0, x11        x11=00000000 x11:00000000
22131891ns          370190 1c00b524 00b57533 and              x10, x10, x11       x10=00000000 x10:1c00013d x11:00000000
22131911ns          370191 1c00b526 00008067 jalr             x0, x1, 0            x1:1c00b6e0
22131951ns          370193 1c00b6e0 02050a63 beq              x10, x0, 52         x10:00000000
22132408ns          370216 1c00b714 02a00613 addi             x12, x0, 42         x12=0000002a
22132448ns          370218 1c00b718 2ac48663 beq              x9, x12, 684         x9:00000064 x12:0000002a
22132468ns          370219 1c00b71c fd048613 addi             x12, x9, -48        x12=00000034  x9:00000064
22132905ns          370241 1c00b720 00900593 addi             x11, x0, 9          x11=00000009
22132925ns          370242 1c00b722 00000913 addi             x18, x0, 0          x18=00000000
22132945ns          370243 1c00b724 28c5f063 bgeu             x11, x12, 640       x11:00000009 x12:00000034
22132965ns          370244 1c00b728 02e00693 addi             x13, x0, 46         x13=0000002e
22132985ns          370245 1c00b72c fff00a13 addi             x20, x0, -1         x20=ffffffff
22133442ns          370268 1c00b72e 2ed48363 beq              x9, x13, 742         x9:00000064 x13:0000002e
22133482ns          370270 1c00b732 1c0007b7 lui              x15, 0x1c000000     x15=1c000000
22133502ns          370271 1c00b736 009005b3 add              x11, x0, x9         x11=00000064  x9:00000064
22133522ns          370272 1c00b738 14078513 addi             x10, x15, 320       x10=1c000140 x15:1c000000
22133542ns          370273 1c00b73c dbfff0ef jal              x1, -578             x1=1c00b73e
22134019ns          370297 1c00b4fa 00054783 lbu              x15, 0(x10)         x15=00000068 x10:1c000140  PA:1c000140
22134318ns          370312 1c00b4fe 0ff5f593 andi             x11, x11, 255       x11=00000064 x11:00000064
22134337ns          370313 1c00b502 00b78c63 beq              x15, x11, 24        x15:00000068 x11:00000064
22134357ns          370314 1c00b506 00078b63 beq              x15, x0, 22         x15:00000068
22134377ns          370315 1c00b508 00150793 addi             x15, x10, 1         x15=1c000141 x10:1c000140
22134397ns          370316 1c00b50c 0040006f jal              x0, 4              
22134437ns          370318 1c00b510 00f00533 add              x10, x0, x15        x10=1c000141 x15:1c000141
22134457ns          370319 1c00b512 0017c70b p.lbu            x14, 1(x15!)        x14=0000006c x15=1c000142 x15:1c000141  PA:1c000141
22134775ns          370335 1c00b516 feb71ce3 bne              x14, x11, -8        x14:0000006c x11:00000064
22134835ns          370338 1c00b50e 00070763 beq              x14, x0, 14         x14:0000006c
22134855ns          370339 1c00b510 00f00533 add              x10, x0, x15        x10=1c000142 x15:1c000142
22134875ns          370340 1c00b512 0017c70b p.lbu            x14, 1(x15!)        x14=0000004c x15=1c000143 x15:1c000142  PA:1c000142
22135193ns          370356 1c00b516 feb71ce3 bne              x14, x11, -8        x14:0000004c x11:00000064
22135252ns          370359 1c00b50e 00070763 beq              x14, x0, 14         x14:0000004c
22135272ns          370360 1c00b510 00f00533 add              x10, x0, x15        x10=1c000143 x15:1c000143
22135292ns          370361 1c00b512 0017c70b p.lbu            x14, 1(x15!)        x14=0000007a x15=1c000144 x15:1c000143  PA:1c000143
22135611ns          370377 1c00b516 feb71ce3 bne              x14, x11, -8        x14:0000007a x11:00000064
22135670ns          370380 1c00b50e 00070763 beq              x14, x0, 14         x14:0000007a
22135690ns          370381 1c00b510 00f00533 add              x10, x0, x15        x10=1c000144 x15:1c000144
22135710ns          370382 1c00b512 0017c70b p.lbu            x14, 1(x15!)        x14=00000000 x15=1c000145 x15:1c000144  PA:1c000144
22136028ns          370398 1c00b516 feb71ce3 bne              x14, x11, -8        x14:00000000 x11:00000064
22136088ns          370401 1c00b50e 00070763 beq              x14, x0, 14         x14:00000000
22136148ns          370404 1c00b51c 0015b593 sltiu            x11, x11, 1         x11=00000000 x11:00000064
22136167ns          370405 1c00b520 40b005b3 sub              x11, x0, x11        x11=00000000 x11:00000000
22136187ns          370406 1c00b524 00b57533 and              x10, x10, x11       x10=00000000 x10:1c000144 x11:00000000
22136207ns          370407 1c00b526 00008067 jalr             x0, x1, 0            x1:1c00b73e
22136247ns          370409 1c00b73e 01300433 add              x8, x0, x19          x8=1c00006b x19:1c00006b
22136267ns          370410 1c00b740 00050563 beq              x10, x0, 10         x10:00000000
22136346ns          370414 1c00b74a 06700693 addi             x13, x0, 103        x13=00000067
22136804ns          370437 1c00b74e 2896d963 bge              x13, x9, 658        x13:00000067  x9:00000064
22137281ns          370461 1c00b9e0 06500693 addi             x13, x0, 101        x13=00000065
22137321ns          370463 1c00b9e4 12d4d563 bge              x9, x13, 298         x9:00000064 x13:00000065
22137341ns          370464 1c00b9e8 04700693 addi             x13, x0, 71         x13=00000047
22137361ns          370465 1c00b9ec dc96cbe3 blt              x13, x9, -554       x13:00000047  x9:00000064
22138296ns          370512 1c00b7c2 06300693 addi             x13, x0, 99         x13=00000063
22138316ns          370513 1c00b7c6 0ad488e3 beq              x9, x13, 2224        x9:00000064 x13:00000063
22138336ns          370514 1c00b7ca 0096c9e3 blt              x13, x9, 2066       x13:00000063  x9:00000064
22139290ns          370562 1c00bfdc 000c2583 lw               x11, 0(x24)         x11=00000001 x24:100016ac  PA:100016ac
22139748ns          370585 1c00bfe0 004c0c13 addi             x24, x24, 4         x24=100016b0 x24:100016ac
22139788ns          370587 1c00bfe2 3405cc63 blt              x11, x0, 856        x11:00000001
22139807ns          370588 1c00bfe6 01412603 lw               x12, 20(x2)         x12=00000000  x2:10001558  PA:1000156c
22139827ns          370589 1c00bfe8 00b006b3 add              x13, x0, x11        x13=00000001 x11:00000001
22139847ns          370590 1c00bfea 2e061863 bne              x12, x0, 752        x12:00000000
22139867ns          370591 1c00bfee 01812703 lw               x14, 24(x2)         x14=00000000  x2:10001558  PA:10001570
22140265ns          370611 1c00bff0 019007b3 add              x15, x0, x25        x15=1000157c x25:1000157c
22140285ns          370612 1c00bff2 00070763 beq              x14, x0, 14         x14:00000000
22140762ns          370636 1c00c000 00f00733 add              x14, x0, x15        x14=1000157c x15:1000157c
22140782ns          370637 1c00c002 00a00513 addi             x10, x0, 10         x10=0000000a
22140802ns          370638 1c00c004 02a6f633 remu             x12, x13, x10       x12=00000001 x13:00000001 x10:0000000a
22141419ns          370669 1c00c008 02a6d6b3 divu             x13, x13, x10       x13=00000000 x13:00000001 x10:0000000a
22142035ns          370700 1c00c00c 03060613 addi             x12, x12, 48        x12=00000031 x12:00000001
22142055ns          370701 1c00c010 00c700ab p.sb             x12, 1(x14!)        x14=1000157d x12:00000031 x14:1000157c  PA:1000157c
22142075ns          370702 1c00c014 fe0698e3 bne              x13, x0, -16        x13:00000000
22142095ns          370703 1c00c016 40f706b3 sub              x13, x14, x15       x13=00000001 x14:1000157d x15:1000157c
22142115ns          370704 1c00c01a 0146dc63 bge              x13, x20, 24        x13:00000001 x20:ffffffff
22142990ns          370748 1c00c032 00e006b3 add              x13, x0, x14        x13=1000157d x14:1000157d
22143030ns          370750 1c00c034 fe068fab p.sb             x0, -1(x13!)        x13=1000157c x13:1000157d  PA:1000157d
22143050ns          370751 1c00c038 00d7fc63 bgeu             x15, x13, 24        x15:1000157c x13:1000157c
22143985ns          370798 1c00c050 01412783 lw               x15, 20(x2)         x15=00000000  x2:10001558  PA:1000156c
22144004ns          370799 1c00c052 01812603 lw               x12, 24(x2)         x12=00000000  x2:10001558  PA:10001570
22144024ns          370800 1c00c054 419704b3 sub              x9, x14, x25         x9=00000001 x14:1000157d x25:1000157c
22144044ns          370801 1c00c058 00c7e7b3 or               x15, x15, x12       x15=00000000 x15:00000000 x12:00000000
22144064ns          370802 1c00c05a 00f12623 sw               x15, 12(x2)         x15:00000000  x2:10001558  PA:10001564
22144084ns          370803 1c00c05c 00079363 bne              x15, x0, 6          x15:00000000
22144104ns          370804 1c00c05e 01f5d593 srli             x11, x11, 0x1f      x11=00000000 x11:00000001
22144502ns          370824 1c00c060 00b12623 sw               x11, 12(x2)         x11:00000000  x2:10001558  PA:10001564
22144541ns          370826 1c00c062 e3fa28e3 p.beqimm         x20, -464           x20:ffffffff
22145059ns          370852 1c00be92 0c800793 addi             x15, x0, 200        x15=000000c8
22145079ns          370853 1c00be96 9e97d0e3 bge              x15, x9, -1568      x15:000000c8  x9:00000001
22146033ns          370901 1c00b876 0f24d163 bge              x9, x18, 226         x9:00000001 x18:00000000
22146948ns          370947 1c00b958 d00482e3 beq              x9, x0, -764         x9:00000001
22146988ns          370949 1c00b95c 01900933 add              x18, x0, x25        x18=1000157c x25:1000157c
22147426ns          370971 1c00b95e 419d8db3 sub              x27, x27, x25       x27=efffea8d x27:00000009 x25:1000157c
22147446ns          370972 1c00b962 00a0006f jal              x0, 10             
22147485ns          370974 1c00b96c 0019450b p.lbu            x10, 1(x18!)        x10=00000031 x18=1000157d x18:1000157c  PA:1000157c
22147923ns          370996 1c00b970 01a005b3 add              x11, x0, x26        x11=00000002 x26:00000002
22147943ns          370997 1c00b972 000b00e7 jalr             x1, x22, 0           x1=1c00b974 x22:1c00b57a
22148022ns          371001 1c00b57a 000026b7 lui              x13, 0x2000         x13=00002000
22148062ns          371003 1c00b57c f14027f3 csrrs            x15, x0, 0xf14      x15=00000002
22148122ns          371006 1c00b580 f8068693 addi             x13, x13, -128      x13=00001f80 x13:00002000
22148162ns          371008 1c00b584 00379713 slli             x14, x15, 0x3       x14=00000010 x15:00000002
22148181ns          371009 1c00b588 00279793 slli             x15, x15, 0x2       x15=00000008 x15:00000002
22148201ns          371010 1c00b58a 00d7f7b3 and              x15, x15, x13       x15=00000000 x15:00000008 x13:00001f80
22148221ns          371011 1c00b58c ee873733 p.bclr           x14, x14, 23, 8     x14=00000010 x14:00000010
22148261ns          371013 1c00b590 1a10f6b7 lui              x13, 0x1a10f000     x13=1a10f000
22148301ns          371015 1c00b594 0ff57513 andi             x10, x10, 255       x10=00000031 x10:00000031
22148321ns          371016 1c00b598 00d70733 add              x14, x14, x13       x14=1a10f010 x14:00000010 x13:1a10f000
22148341ns          371017 1c00b59a 00a7e723 p.sw             x10, x0(x15)        x10:00000031 x15:00000000  PA:1a10f010
22148758ns          371038 1c00b59e 00000513 addi             x10, x0, 0          x10=00000000
22148778ns          371039 1c00b5a0 00008067 jalr             x0, x1, 0            x1:1c00b974
22148818ns          371041 1c00b974 fff48493 addi             x9, x9, -1           x9=00000000  x9:00000001
22148838ns          371042 1c00b976 fff537e3 p.bneimm         x10, -18            x10:00000000
22149256ns          371063 1c00b964 012d8733 add              x14, x27, x18       x14=0000000a x27:efffea8d x18:1000157d
22149275ns          371064 1c00b968 5a048b63 beq              x9, x0, 1462         x9:00000000
22149753ns          371088 1c00bf1e 00e00db3 add              x27, x0, x14        x27=0000000a x14:0000000a
22150210ns          371111 1c00bf20 f3cff06f jal              x0, -2244          
22150290ns          371115 1c00b65c 00044503 lbu              x10, 0(x8)          x10=00000020  x8:1c00006b  PA:1c00006b
22150628ns          371132 1c00b660 00140413 addi             x8, x8, 1            x8=1c00006c  x8:1c00006b
22150648ns          371133 1c00b662 00050e63 beq              x10, x0, 28         x10:00000020
22150668ns          371134 1c00b664 02500793 addi             x15, x0, 37         x15=00000025
22150688ns          371135 1c00b668 04f50863 beq              x10, x15, 80        x10:00000020 x15:00000025
22150708ns          371136 1c00b66c 01a005b3 add              x11, x0, x26        x11=00000002 x26:00000002
22150727ns          371137 1c00b66e 000b00e7 jalr             x1, x22, 0           x1=1c00b670 x22:1c00b57a
22150827ns          371142 1c00b57a 000026b7 lui              x13, 0x2000         x13=00002000
22150867ns          371144 1c00b57c f14027f3 csrrs            x15, x0, 0xf14      x15=00000002
22150887ns          371145 1c00b580 f8068693 addi             x13, x13, -128      x13=00001f80 x13:00002000
22150906ns          371146 1c00b584 00379713 slli             x14, x15, 0x3       x14=00000010 x15:00000002
22150926ns          371147 1c00b588 00279793 slli             x15, x15, 0x2       x15=00000008 x15:00000002
22150946ns          371148 1c00b58a 00d7f7b3 and              x15, x15, x13       x15=00000000 x15:00000008 x13:00001f80
22150966ns          371149 1c00b58c ee873733 p.bclr           x14, x14, 23, 8     x14=00000010 x14:00000010
22150986ns          371150 1c00b590 1a10f6b7 lui              x13, 0x1a10f000     x13=1a10f000
22151006ns          371151 1c00b594 0ff57513 andi             x10, x10, 255       x10=00000020 x10:00000020
22151026ns          371152 1c00b598 00d70733 add              x14, x14, x13       x14=1a10f010 x14:00000010 x13:1a10f000
22151046ns          371153 1c00b59a 00a7e723 p.sw             x10, x0(x15)        x10:00000020 x15:00000000  PA:1a10f010
22151483ns          371175 1c00b59e 00000513 addi             x10, x0, 0          x10=00000000
22151503ns          371176 1c00b5a0 00008067 jalr             x0, x1, 0            x1:1c00b670
22151543ns          371178 1c00b670 31f52563 p.beqimm         x10, 778            x10:00000000
22151563ns          371179 1c00b674 001d8d93 addi             x27, x27, 1         x27=0000000b x27:0000000a
22151583ns          371180 1c00b676 00044503 lbu              x10, 0(x8)          x10=0000006b  x8:1c00006c  PA:1c00006c
22151901ns          371196 1c00b67a 00140413 addi             x8, x8, 1            x8=1c00006d  x8:1c00006c
22151921ns          371197 1c00b67c fe0514e3 bne              x10, x0, -24        x10:0000006b
22151981ns          371200 1c00b664 02500793 addi             x15, x0, 37         x15=00000025
22152000ns          371201 1c00b668 04f50863 beq              x10, x15, 80        x10:0000006b x15:00000025
22152020ns          371202 1c00b66c 01a005b3 add              x11, x0, x26        x11=00000002 x26:00000002
22152040ns          371203 1c00b66e 000b00e7 jalr             x1, x22, 0           x1=1c00b670 x22:1c00b57a
22152080ns          371205 1c00b57a 000026b7 lui              x13, 0x2000         x13=00002000
22152100ns          371206 1c00b57c f14027f3 csrrs            x15, x0, 0xf14      x15=00000002
22152120ns          371207 1c00b580 f8068693 addi             x13, x13, -128      x13=00001f80 x13:00002000
22152140ns          371208 1c00b584 00379713 slli             x14, x15, 0x3       x14=00000010 x15:00000002
22152160ns          371209 1c00b588 00279793 slli             x15, x15, 0x2       x15=00000008 x15:00000002
22152179ns          371210 1c00b58a 00d7f7b3 and              x15, x15, x13       x15=00000000 x15:00000008 x13:00001f80
22152199ns          371211 1c00b58c ee873733 p.bclr           x14, x14, 23, 8     x14=00000010 x14:00000010
22152219ns          371212 1c00b590 1a10f6b7 lui              x13, 0x1a10f000     x13=1a10f000
22152239ns          371213 1c00b594 0ff57513 andi             x10, x10, 255       x10=0000006b x10:0000006b
22152259ns          371214 1c00b598 00d70733 add              x14, x14, x13       x14=1a10f010 x14:00000010 x13:1a10f000
22152279ns          371215 1c00b59a 00a7e723 p.sw             x10, x0(x15)        x10:0000006b x15:00000000  PA:1a10f010
22152597ns          371231 1c00b59e 00000513 addi             x10, x0, 0          x10=00000000
22152617ns          371232 1c00b5a0 00008067 jalr             x0, x1, 0            x1:1c00b670
22152657ns          371234 1c00b670 31f52563 p.beqimm         x10, 778            x10:00000000
22152677ns          371235 1c00b674 001d8d93 addi             x27, x27, 1         x27=0000000c x27:0000000b
22152697ns          371236 1c00b676 00044503 lbu              x10, 0(x8)          x10=00000065  x8:1c00006d  PA:1c00006d
22152995ns          371251 1c00b67a 00140413 addi             x8, x8, 1            x8=1c00006e  x8:1c00006d
22153015ns          371252 1c00b67c fe0514e3 bne              x10, x0, -24        x10:00000065
22153075ns          371255 1c00b664 02500793 addi             x15, x0, 37         x15=00000025
22153094ns          371256 1c00b668 04f50863 beq              x10, x15, 80        x10:00000065 x15:00000025
22153114ns          371257 1c00b66c 01a005b3 add              x11, x0, x26        x11=00000002 x26:00000002
22153134ns          371258 1c00b66e 000b00e7 jalr             x1, x22, 0           x1=1c00b670 x22:1c00b57a
22153174ns          371260 1c00b57a 000026b7 lui              x13, 0x2000         x13=00002000
22153194ns          371261 1c00b57c f14027f3 csrrs            x15, x0, 0xf14      x15=00000002
22153214ns          371262 1c00b580 f8068693 addi             x13, x13, -128      x13=00001f80 x13:00002000
22153234ns          371263 1c00b584 00379713 slli             x14, x15, 0x3       x14=00000010 x15:00000002
22153254ns          371264 1c00b588 00279793 slli             x15, x15, 0x2       x15=00000008 x15:00000002
22153273ns          371265 1c00b58a 00d7f7b3 and              x15, x15, x13       x15=00000000 x15:00000008 x13:00001f80
22153293ns          371266 1c00b58c ee873733 p.bclr           x14, x14, 23, 8     x14=00000010 x14:00000010
22153313ns          371267 1c00b590 1a10f6b7 lui              x13, 0x1a10f000     x13=1a10f000
22153333ns          371268 1c00b594 0ff57513 andi             x10, x10, 255       x10=00000065 x10:00000065
22153353ns          371269 1c00b598 00d70733 add              x14, x14, x13       x14=1a10f010 x14:00000010 x13:1a10f000
22153373ns          371270 1c00b59a 00a7e723 p.sw             x10, x0(x15)        x10:00000065 x15:00000000  PA:1a10f010
22153691ns          371286 1c00b59e 00000513 addi             x10, x0, 0          x10=00000000
22153711ns          371287 1c00b5a0 00008067 jalr             x0, x1, 0            x1:1c00b670
22153751ns          371289 1c00b670 31f52563 p.beqimm         x10, 778            x10:00000000
22153771ns          371290 1c00b674 001d8d93 addi             x27, x27, 1         x27=0000000d x27:0000000c
22153791ns          371291 1c00b676 00044503 lbu              x10, 0(x8)          x10=00000072  x8:1c00006e  PA:1c00006e
22154089ns          371306 1c00b67a 00140413 addi             x8, x8, 1            x8=1c00006f  x8:1c00006e
22154109ns          371307 1c00b67c fe0514e3 bne              x10, x0, -24        x10:00000072
22154169ns          371310 1c00b664 02500793 addi             x15, x0, 37         x15=00000025
22154188ns          371311 1c00b668 04f50863 beq              x10, x15, 80        x10:00000072 x15:00000025
22154208ns          371312 1c00b66c 01a005b3 add              x11, x0, x26        x11=00000002 x26:00000002
22154228ns          371313 1c00b66e 000b00e7 jalr             x1, x22, 0           x1=1c00b670 x22:1c00b57a
22154268ns          371315 1c00b57a 000026b7 lui              x13, 0x2000         x13=00002000
22154288ns          371316 1c00b57c f14027f3 csrrs            x15, x0, 0xf14      x15=00000002
22154308ns          371317 1c00b580 f8068693 addi             x13, x13, -128      x13=00001f80 x13:00002000
22154328ns          371318 1c00b584 00379713 slli             x14, x15, 0x3       x14=00000010 x15:00000002
22154348ns          371319 1c00b588 00279793 slli             x15, x15, 0x2       x15=00000008 x15:00000002
22154367ns          371320 1c00b58a 00d7f7b3 and              x15, x15, x13       x15=00000000 x15:00000008 x13:00001f80
22154387ns          371321 1c00b58c ee873733 p.bclr           x14, x14, 23, 8     x14=00000010 x14:00000010
22154407ns          371322 1c00b590 1a10f6b7 lui              x13, 0x1a10f000     x13=1a10f000
22154427ns          371323 1c00b594 0ff57513 andi             x10, x10, 255       x10=00000072 x10:00000072
22154447ns          371324 1c00b598 00d70733 add              x14, x14, x13       x14=1a10f010 x14:00000010 x13:1a10f000
22154467ns          371325 1c00b59a 00a7e723 p.sw             x10, x0(x15)        x10:00000072 x15:00000000  PA:1a10f010
22154785ns          371341 1c00b59e 00000513 addi             x10, x0, 0          x10=00000000
22154805ns          371342 1c00b5a0 00008067 jalr             x0, x1, 0            x1:1c00b670
22154845ns          371344 1c00b670 31f52563 p.beqimm         x10, 778            x10:00000000
22154865ns          371345 1c00b674 001d8d93 addi             x27, x27, 1         x27=0000000e x27:0000000d
22154885ns          371346 1c00b676 00044503 lbu              x10, 0(x8)          x10=0000006e  x8:1c00006f  PA:1c00006f
22155183ns          371361 1c00b67a 00140413 addi             x8, x8, 1            x8=1c000070  x8:1c00006f
22155203ns          371362 1c00b67c fe0514e3 bne              x10, x0, -24        x10:0000006e
22155263ns          371365 1c00b664 02500793 addi             x15, x0, 37         x15=00000025
22155282ns          371366 1c00b668 04f50863 beq              x10, x15, 80        x10:0000006e x15:00000025
22155302ns          371367 1c00b66c 01a005b3 add              x11, x0, x26        x11=00000002 x26:00000002
22155322ns          371368 1c00b66e 000b00e7 jalr             x1, x22, 0           x1=1c00b670 x22:1c00b57a
22155362ns          371370 1c00b57a 000026b7 lui              x13, 0x2000         x13=00002000
22155382ns          371371 1c00b57c f14027f3 csrrs            x15, x0, 0xf14      x15=00000002
22155402ns          371372 1c00b580 f8068693 addi             x13, x13, -128      x13=00001f80 x13:00002000
22155422ns          371373 1c00b584 00379713 slli             x14, x15, 0x3       x14=00000010 x15:00000002
22155442ns          371374 1c00b588 00279793 slli             x15, x15, 0x2       x15=00000008 x15:00000002
22155461ns          371375 1c00b58a 00d7f7b3 and              x15, x15, x13       x15=00000000 x15:00000008 x13:00001f80
22155481ns          371376 1c00b58c ee873733 p.bclr           x14, x14, 23, 8     x14=00000010 x14:00000010
22155501ns          371377 1c00b590 1a10f6b7 lui              x13, 0x1a10f000     x13=1a10f000
22155521ns          371378 1c00b594 0ff57513 andi             x10, x10, 255       x10=0000006e x10:0000006e
22155541ns          371379 1c00b598 00d70733 add              x14, x14, x13       x14=1a10f010 x14:00000010 x13:1a10f000
22155561ns          371380 1c00b59a 00a7e723 p.sw             x10, x0(x15)        x10:0000006e x15:00000000  PA:1a10f010
22155899ns          371397 1c00b59e 00000513 addi             x10, x0, 0          x10=00000000
22155919ns          371398 1c00b5a0 00008067 jalr             x0, x1, 0            x1:1c00b670
22155959ns          371400 1c00b670 31f52563 p.beqimm         x10, 778            x10:00000000
22155979ns          371401 1c00b674 001d8d93 addi             x27, x27, 1         x27=0000000f x27:0000000e
22155999ns          371402 1c00b676 00044503 lbu              x10, 0(x8)          x10=00000065  x8:1c000070  PA:1c000070
22156297ns          371417 1c00b67a 00140413 addi             x8, x8, 1            x8=1c000071  x8:1c000070
22156317ns          371418 1c00b67c fe0514e3 bne              x10, x0, -24        x10:00000065
22156376ns          371421 1c00b664 02500793 addi             x15, x0, 37         x15=00000025
22156396ns          371422 1c00b668 04f50863 beq              x10, x15, 80        x10:00000065 x15:00000025
22156416ns          371423 1c00b66c 01a005b3 add              x11, x0, x26        x11=00000002 x26:00000002
22156436ns          371424 1c00b66e 000b00e7 jalr             x1, x22, 0           x1=1c00b670 x22:1c00b57a
22156476ns          371426 1c00b57a 000026b7 lui              x13, 0x2000         x13=00002000
22156496ns          371427 1c00b57c f14027f3 csrrs            x15, x0, 0xf14      x15=00000002
22156516ns          371428 1c00b580 f8068693 addi             x13, x13, -128      x13=00001f80 x13:00002000
22156536ns          371429 1c00b584 00379713 slli             x14, x15, 0x3       x14=00000010 x15:00000002
22156555ns          371430 1c00b588 00279793 slli             x15, x15, 0x2       x15=00000008 x15:00000002
22156575ns          371431 1c00b58a 00d7f7b3 and              x15, x15, x13       x15=00000000 x15:00000008 x13:00001f80
22156595ns          371432 1c00b58c ee873733 p.bclr           x14, x14, 23, 8     x14=00000010 x14:00000010
22156615ns          371433 1c00b590 1a10f6b7 lui              x13, 0x1a10f000     x13=1a10f000
22156635ns          371434 1c00b594 0ff57513 andi             x10, x10, 255       x10=00000065 x10:00000065
22156655ns          371435 1c00b598 00d70733 add              x14, x14, x13       x14=1a10f010 x14:00000010 x13:1a10f000
22156675ns          371436 1c00b59a 00a7e723 p.sw             x10, x0(x15)        x10:00000065 x15:00000000  PA:1a10f010
22156993ns          371452 1c00b59e 00000513 addi             x10, x0, 0          x10=00000000
22157013ns          371453 1c00b5a0 00008067 jalr             x0, x1, 0            x1:1c00b670
22157053ns          371455 1c00b670 31f52563 p.beqimm         x10, 778            x10:00000000
22157073ns          371456 1c00b674 001d8d93 addi             x27, x27, 1         x27=00000010 x27:0000000f
22157093ns          371457 1c00b676 00044503 lbu              x10, 0(x8)          x10=0000006c  x8:1c000071  PA:1c000071
22157391ns          371472 1c00b67a 00140413 addi             x8, x8, 1            x8=1c000072  x8:1c000071
22157411ns          371473 1c00b67c fe0514e3 bne              x10, x0, -24        x10:0000006c
22157470ns          371476 1c00b664 02500793 addi             x15, x0, 37         x15=00000025
22157490ns          371477 1c00b668 04f50863 beq              x10, x15, 80        x10:0000006c x15:00000025
22157510ns          371478 1c00b66c 01a005b3 add              x11, x0, x26        x11=00000002 x26:00000002
22157530ns          371479 1c00b66e 000b00e7 jalr             x1, x22, 0           x1=1c00b670 x22:1c00b57a
22157570ns          371481 1c00b57a 000026b7 lui              x13, 0x2000         x13=00002000
22157590ns          371482 1c00b57c f14027f3 csrrs            x15, x0, 0xf14      x15=00000002
22157610ns          371483 1c00b580 f8068693 addi             x13, x13, -128      x13=00001f80 x13:00002000
22157630ns          371484 1c00b584 00379713 slli             x14, x15, 0x3       x14=00000010 x15:00000002
22157649ns          371485 1c00b588 00279793 slli             x15, x15, 0x2       x15=00000008 x15:00000002
22157669ns          371486 1c00b58a 00d7f7b3 and              x15, x15, x13       x15=00000000 x15:00000008 x13:00001f80
22157689ns          371487 1c00b58c ee873733 p.bclr           x14, x14, 23, 8     x14=00000010 x14:00000010
22157709ns          371488 1c00b590 1a10f6b7 lui              x13, 0x1a10f000     x13=1a10f000
22157729ns          371489 1c00b594 0ff57513 andi             x10, x10, 255       x10=0000006c x10:0000006c
22157749ns          371490 1c00b598 00d70733 add              x14, x14, x13       x14=1a10f010 x14:00000010 x13:1a10f000
22157769ns          371491 1c00b59a 00a7e723 p.sw             x10, x0(x15)        x10:0000006c x15:00000000  PA:1a10f010
22158087ns          371507 1c00b59e 00000513 addi             x10, x0, 0          x10=00000000
22158107ns          371508 1c00b5a0 00008067 jalr             x0, x1, 0            x1:1c00b670
22158147ns          371510 1c00b670 31f52563 p.beqimm         x10, 778            x10:00000000
22158167ns          371511 1c00b674 001d8d93 addi             x27, x27, 1         x27=00000011 x27:00000010
22158187ns          371512 1c00b676 00044503 lbu              x10, 0(x8)          x10=00000020  x8:1c000072  PA:1c000072
22158485ns          371527 1c00b67a 00140413 addi             x8, x8, 1            x8=1c000073  x8:1c000072
22158505ns          371528 1c00b67c fe0514e3 bne              x10, x0, -24        x10:00000020
22158564ns          371531 1c00b664 02500793 addi             x15, x0, 37         x15=00000025
22158584ns          371532 1c00b668 04f50863 beq              x10, x15, 80        x10:00000020 x15:00000025
22158604ns          371533 1c00b66c 01a005b3 add              x11, x0, x26        x11=00000002 x26:00000002
22158624ns          371534 1c00b66e 000b00e7 jalr             x1, x22, 0           x1=1c00b670 x22:1c00b57a
22158664ns          371536 1c00b57a 000026b7 lui              x13, 0x2000         x13=00002000
22158684ns          371537 1c00b57c f14027f3 csrrs            x15, x0, 0xf14      x15=00000002
22158704ns          371538 1c00b580 f8068693 addi             x13, x13, -128      x13=00001f80 x13:00002000
22158724ns          371539 1c00b584 00379713 slli             x14, x15, 0x3       x14=00000010 x15:00000002
22158743ns          371540 1c00b588 00279793 slli             x15, x15, 0x2       x15=00000008 x15:00000002
22158763ns          371541 1c00b58a 00d7f7b3 and              x15, x15, x13       x15=00000000 x15:00000008 x13:00001f80
22158783ns          371542 1c00b58c ee873733 p.bclr           x14, x14, 23, 8     x14=00000010 x14:00000010
22158803ns          371543 1c00b590 1a10f6b7 lui              x13, 0x1a10f000     x13=1a10f000
22158823ns          371544 1c00b594 0ff57513 andi             x10, x10, 255       x10=00000020 x10:00000020
22158843ns          371545 1c00b598 00d70733 add              x14, x14, x13       x14=1a10f010 x14:00000010 x13:1a10f000
22158863ns          371546 1c00b59a 00a7e723 p.sw             x10, x0(x15)        x10:00000020 x15:00000000  PA:1a10f010
22159181ns          371562 1c00b59e 00000513 addi             x10, x0, 0          x10=00000000
22159201ns          371563 1c00b5a0 00008067 jalr             x0, x1, 0            x1:1c00b670
22159241ns          371565 1c00b670 31f52563 p.beqimm         x10, 778            x10:00000000
22159261ns          371566 1c00b674 001d8d93 addi             x27, x27, 1         x27=00000012 x27:00000011
22159280ns          371567 1c00b676 00044503 lbu              x10, 0(x8)          x10=00000069  x8:1c000073  PA:1c000073
22159579ns          371582 1c00b67a 00140413 addi             x8, x8, 1            x8=1c000074  x8:1c000073
22159599ns          371583 1c00b67c fe0514e3 bne              x10, x0, -24        x10:00000069
22159658ns          371586 1c00b664 02500793 addi             x15, x0, 37         x15=00000025
22159678ns          371587 1c00b668 04f50863 beq              x10, x15, 80        x10:00000069 x15:00000025
22159698ns          371588 1c00b66c 01a005b3 add              x11, x0, x26        x11=00000002 x26:00000002
22159718ns          371589 1c00b66e 000b00e7 jalr             x1, x22, 0           x1=1c00b670 x22:1c00b57a
22159758ns          371591 1c00b57a 000026b7 lui              x13, 0x2000         x13=00002000
22159778ns          371592 1c00b57c f14027f3 csrrs            x15, x0, 0xf14      x15=00000002
22159798ns          371593 1c00b580 f8068693 addi             x13, x13, -128      x13=00001f80 x13:00002000
22159818ns          371594 1c00b584 00379713 slli             x14, x15, 0x3       x14=00000010 x15:00000002
22159837ns          371595 1c00b588 00279793 slli             x15, x15, 0x2       x15=00000008 x15:00000002
22159857ns          371596 1c00b58a 00d7f7b3 and              x15, x15, x13       x15=00000000 x15:00000008 x13:00001f80
22159877ns          371597 1c00b58c ee873733 p.bclr           x14, x14, 23, 8     x14=00000010 x14:00000010
22159897ns          371598 1c00b590 1a10f6b7 lui              x13, 0x1a10f000     x13=1a10f000
22159917ns          371599 1c00b594 0ff57513 andi             x10, x10, 255       x10=00000069 x10:00000069
22159937ns          371600 1c00b598 00d70733 add              x14, x14, x13       x14=1a10f010 x14:00000010 x13:1a10f000
22159957ns          371601 1c00b59a 00a7e723 p.sw             x10, x0(x15)        x10:00000069 x15:00000000  PA:1a10f010
22160275ns          371617 1c00b59e 00000513 addi             x10, x0, 0          x10=00000000
22160295ns          371618 1c00b5a0 00008067 jalr             x0, x1, 0            x1:1c00b670
22160335ns          371620 1c00b670 31f52563 p.beqimm         x10, 778            x10:00000000
22160355ns          371621 1c00b674 001d8d93 addi             x27, x27, 1         x27=00000013 x27:00000012
22160374ns          371622 1c00b676 00044503 lbu              x10, 0(x8)          x10=00000074  x8:1c000074  PA:1c000074
22160673ns          371637 1c00b67a 00140413 addi             x8, x8, 1            x8=1c000075  x8:1c000074
22160693ns          371638 1c00b67c fe0514e3 bne              x10, x0, -24        x10:00000074
22160752ns          371641 1c00b664 02500793 addi             x15, x0, 37         x15=00000025
22160772ns          371642 1c00b668 04f50863 beq              x10, x15, 80        x10:00000074 x15:00000025
22160792ns          371643 1c00b66c 01a005b3 add              x11, x0, x26        x11=00000002 x26:00000002
22160812ns          371644 1c00b66e 000b00e7 jalr             x1, x22, 0           x1=1c00b670 x22:1c00b57a
22160852ns          371646 1c00b57a 000026b7 lui              x13, 0x2000         x13=00002000
22160872ns          371647 1c00b57c f14027f3 csrrs            x15, x0, 0xf14      x15=00000002
22160892ns          371648 1c00b580 f8068693 addi             x13, x13, -128      x13=00001f80 x13:00002000
22160912ns          371649 1c00b584 00379713 slli             x14, x15, 0x3       x14=00000010 x15:00000002
22160931ns          371650 1c00b588 00279793 slli             x15, x15, 0x2       x15=00000008 x15:00000002
22160951ns          371651 1c00b58a 00d7f7b3 and              x15, x15, x13       x15=00000000 x15:00000008 x13:00001f80
22160971ns          371652 1c00b58c ee873733 p.bclr           x14, x14, 23, 8     x14=00000010 x14:00000010
22160991ns          371653 1c00b590 1a10f6b7 lui              x13, 0x1a10f000     x13=1a10f000
22161011ns          371654 1c00b594 0ff57513 andi             x10, x10, 255       x10=00000074 x10:00000074
22161031ns          371655 1c00b598 00d70733 add              x14, x14, x13       x14=1a10f010 x14:00000010 x13:1a10f000
22161051ns          371656 1c00b59a 00a7e723 p.sw             x10, x0(x15)        x10:00000074 x15:00000000  PA:1a10f010
22161389ns          371673 1c00b59e 00000513 addi             x10, x0, 0          x10=00000000
22161409ns          371674 1c00b5a0 00008067 jalr             x0, x1, 0            x1:1c00b670
22161449ns          371676 1c00b670 31f52563 p.beqimm         x10, 778            x10:00000000
22161468ns          371677 1c00b674 001d8d93 addi             x27, x27, 1         x27=00000014 x27:00000013
22161488ns          371678 1c00b676 00044503 lbu              x10, 0(x8)          x10=00000065  x8:1c000075  PA:1c000075
22161787ns          371693 1c00b67a 00140413 addi             x8, x8, 1            x8=1c000076  x8:1c000075
22161807ns          371694 1c00b67c fe0514e3 bne              x10, x0, -24        x10:00000065
22161866ns          371697 1c00b664 02500793 addi             x15, x0, 37         x15=00000025
22161886ns          371698 1c00b668 04f50863 beq              x10, x15, 80        x10:00000065 x15:00000025
22161906ns          371699 1c00b66c 01a005b3 add              x11, x0, x26        x11=00000002 x26:00000002
22161926ns          371700 1c00b66e 000b00e7 jalr             x1, x22, 0           x1=1c00b670 x22:1c00b57a
22161966ns          371702 1c00b57a 000026b7 lui              x13, 0x2000         x13=00002000
22161986ns          371703 1c00b57c f14027f3 csrrs            x15, x0, 0xf14      x15=00000002
22162006ns          371704 1c00b580 f8068693 addi             x13, x13, -128      x13=00001f80 x13:00002000
22162025ns          371705 1c00b584 00379713 slli             x14, x15, 0x3       x14=00000010 x15:00000002
22162045ns          371706 1c00b588 00279793 slli             x15, x15, 0x2       x15=00000008 x15:00000002
22162065ns          371707 1c00b58a 00d7f7b3 and              x15, x15, x13       x15=00000000 x15:00000008 x13:00001f80
22162085ns          371708 1c00b58c ee873733 p.bclr           x14, x14, 23, 8     x14=00000010 x14:00000010
22162105ns          371709 1c00b590 1a10f6b7 lui              x13, 0x1a10f000     x13=1a10f000
22162125ns          371710 1c00b594 0ff57513 andi             x10, x10, 255       x10=00000065 x10:00000065
22162145ns          371711 1c00b598 00d70733 add              x14, x14, x13       x14=1a10f010 x14:00000010 x13:1a10f000
22162165ns          371712 1c00b59a 00a7e723 p.sw             x10, x0(x15)        x10:00000065 x15:00000000  PA:1a10f010
22162503ns          371729 1c00b59e 00000513 addi             x10, x0, 0          x10=00000000
22162523ns          371730 1c00b5a0 00008067 jalr             x0, x1, 0            x1:1c00b670
22162562ns          371732 1c00b670 31f52563 p.beqimm         x10, 778            x10:00000000
22162582ns          371733 1c00b674 001d8d93 addi             x27, x27, 1         x27=00000015 x27:00000014
22162602ns          371734 1c00b676 00044503 lbu              x10, 0(x8)          x10=00000072  x8:1c000076  PA:1c000076
22162901ns          371749 1c00b67a 00140413 addi             x8, x8, 1            x8=1c000077  x8:1c000076
22162921ns          371750 1c00b67c fe0514e3 bne              x10, x0, -24        x10:00000072
22162980ns          371753 1c00b664 02500793 addi             x15, x0, 37         x15=00000025
22163000ns          371754 1c00b668 04f50863 beq              x10, x15, 80        x10:00000072 x15:00000025
22163020ns          371755 1c00b66c 01a005b3 add              x11, x0, x26        x11=00000002 x26:00000002
22163040ns          371756 1c00b66e 000b00e7 jalr             x1, x22, 0           x1=1c00b670 x22:1c00b57a
22163080ns          371758 1c00b57a 000026b7 lui              x13, 0x2000         x13=00002000
22163100ns          371759 1c00b57c f14027f3 csrrs            x15, x0, 0xf14      x15=00000002
22163119ns          371760 1c00b580 f8068693 addi             x13, x13, -128      x13=00001f80 x13:00002000
22163139ns          371761 1c00b584 00379713 slli             x14, x15, 0x3       x14=00000010 x15:00000002
22163159ns          371762 1c00b588 00279793 slli             x15, x15, 0x2       x15=00000008 x15:00000002
22163179ns          371763 1c00b58a 00d7f7b3 and              x15, x15, x13       x15=00000000 x15:00000008 x13:00001f80
22163199ns          371764 1c00b58c ee873733 p.bclr           x14, x14, 23, 8     x14=00000010 x14:00000010
22163219ns          371765 1c00b590 1a10f6b7 lui              x13, 0x1a10f000     x13=1a10f000
22163239ns          371766 1c00b594 0ff57513 andi             x10, x10, 255       x10=00000072 x10:00000072
22163259ns          371767 1c00b598 00d70733 add              x14, x14, x13       x14=1a10f010 x14:00000010 x13:1a10f000
22163279ns          371768 1c00b59a 00a7e723 p.sw             x10, x0(x15)        x10:00000072 x15:00000000  PA:1a10f010
22163597ns          371784 1c00b59e 00000513 addi             x10, x0, 0          x10=00000000
22163617ns          371785 1c00b5a0 00008067 jalr             x0, x1, 0            x1:1c00b670
22163656ns          371787 1c00b670 31f52563 p.beqimm         x10, 778            x10:00000000
22163676ns          371788 1c00b674 001d8d93 addi             x27, x27, 1         x27=00000016 x27:00000015
22163696ns          371789 1c00b676 00044503 lbu              x10, 0(x8)          x10=00000061  x8:1c000077  PA:1c000077
22163995ns          371804 1c00b67a 00140413 addi             x8, x8, 1            x8=1c000078  x8:1c000077
22164014ns          371805 1c00b67c fe0514e3 bne              x10, x0, -24        x10:00000061
22164074ns          371808 1c00b664 02500793 addi             x15, x0, 37         x15=00000025
22164094ns          371809 1c00b668 04f50863 beq              x10, x15, 80        x10:00000061 x15:00000025
22164114ns          371810 1c00b66c 01a005b3 add              x11, x0, x26        x11=00000002 x26:00000002
22164134ns          371811 1c00b66e 000b00e7 jalr             x1, x22, 0           x1=1c00b670 x22:1c00b57a
22164174ns          371813 1c00b57a 000026b7 lui              x13, 0x2000         x13=00002000
22164194ns          371814 1c00b57c f14027f3 csrrs            x15, x0, 0xf14      x15=00000002
22164213ns          371815 1c00b580 f8068693 addi             x13, x13, -128      x13=00001f80 x13:00002000
22164233ns          371816 1c00b584 00379713 slli             x14, x15, 0x3       x14=00000010 x15:00000002
22164253ns          371817 1c00b588 00279793 slli             x15, x15, 0x2       x15=00000008 x15:00000002
22164273ns          371818 1c00b58a 00d7f7b3 and              x15, x15, x13       x15=00000000 x15:00000008 x13:00001f80
22164293ns          371819 1c00b58c ee873733 p.bclr           x14, x14, 23, 8     x14=00000010 x14:00000010
22164313ns          371820 1c00b590 1a10f6b7 lui              x13, 0x1a10f000     x13=1a10f000
22164333ns          371821 1c00b594 0ff57513 andi             x10, x10, 255       x10=00000061 x10:00000061
22164353ns          371822 1c00b598 00d70733 add              x14, x14, x13       x14=1a10f010 x14:00000010 x13:1a10f000
22164373ns          371823 1c00b59a 00a7e723 p.sw             x10, x0(x15)        x10:00000061 x15:00000000  PA:1a10f010
22164691ns          371839 1c00b59e 00000513 addi             x10, x0, 0          x10=00000000
22164711ns          371840 1c00b5a0 00008067 jalr             x0, x1, 0            x1:1c00b670
22164750ns          371842 1c00b670 31f52563 p.beqimm         x10, 778            x10:00000000
22164770ns          371843 1c00b674 001d8d93 addi             x27, x27, 1         x27=00000017 x27:00000016
22164790ns          371844 1c00b676 00044503 lbu              x10, 0(x8)          x10=00000074  x8:1c000078  PA:1c000078
22165089ns          371859 1c00b67a 00140413 addi             x8, x8, 1            x8=1c000079  x8:1c000078
22165108ns          371860 1c00b67c fe0514e3 bne              x10, x0, -24        x10:00000074
22165168ns          371863 1c00b664 02500793 addi             x15, x0, 37         x15=00000025
22165188ns          371864 1c00b668 04f50863 beq              x10, x15, 80        x10:00000074 x15:00000025
22165208ns          371865 1c00b66c 01a005b3 add              x11, x0, x26        x11=00000002 x26:00000002
22165228ns          371866 1c00b66e 000b00e7 jalr             x1, x22, 0           x1=1c00b670 x22:1c00b57a
22165268ns          371868 1c00b57a 000026b7 lui              x13, 0x2000         x13=00002000
22165288ns          371869 1c00b57c f14027f3 csrrs            x15, x0, 0xf14      x15=00000002
22165307ns          371870 1c00b580 f8068693 addi             x13, x13, -128      x13=00001f80 x13:00002000
22165327ns          371871 1c00b584 00379713 slli             x14, x15, 0x3       x14=00000010 x15:00000002
22165347ns          371872 1c00b588 00279793 slli             x15, x15, 0x2       x15=00000008 x15:00000002
22165367ns          371873 1c00b58a 00d7f7b3 and              x15, x15, x13       x15=00000000 x15:00000008 x13:00001f80
22165387ns          371874 1c00b58c ee873733 p.bclr           x14, x14, 23, 8     x14=00000010 x14:00000010
22165407ns          371875 1c00b590 1a10f6b7 lui              x13, 0x1a10f000     x13=1a10f000
22165427ns          371876 1c00b594 0ff57513 andi             x10, x10, 255       x10=00000074 x10:00000074
22165447ns          371877 1c00b598 00d70733 add              x14, x14, x13       x14=1a10f010 x14:00000010 x13:1a10f000
22165467ns          371878 1c00b59a 00a7e723 p.sw             x10, x0(x15)        x10:00000074 x15:00000000  PA:1a10f010
22165785ns          371894 1c00b59e 00000513 addi             x10, x0, 0          x10=00000000
22165805ns          371895 1c00b5a0 00008067 jalr             x0, x1, 0            x1:1c00b670
22165844ns          371897 1c00b670 31f52563 p.beqimm         x10, 778            x10:00000000
22165864ns          371898 1c00b674 001d8d93 addi             x27, x27, 1         x27=00000018 x27:00000017
22165884ns          371899 1c00b676 00044503 lbu              x10, 0(x8)          x10=00000069  x8:1c000079  PA:1c000079
22166183ns          371914 1c00b67a 00140413 addi             x8, x8, 1            x8=1c00007a  x8:1c000079
22166202ns          371915 1c00b67c fe0514e3 bne              x10, x0, -24        x10:00000069
22166262ns          371918 1c00b664 02500793 addi             x15, x0, 37         x15=00000025
22166282ns          371919 1c00b668 04f50863 beq              x10, x15, 80        x10:00000069 x15:00000025
22166302ns          371920 1c00b66c 01a005b3 add              x11, x0, x26        x11=00000002 x26:00000002
22166322ns          371921 1c00b66e 000b00e7 jalr             x1, x22, 0           x1=1c00b670 x22:1c00b57a
22166362ns          371923 1c00b57a 000026b7 lui              x13, 0x2000         x13=00002000
22166381ns          371924 1c00b57c f14027f3 csrrs            x15, x0, 0xf14      x15=00000002
22166401ns          371925 1c00b580 f8068693 addi             x13, x13, -128      x13=00001f80 x13:00002000
22166421ns          371926 1c00b584 00379713 slli             x14, x15, 0x3       x14=00000010 x15:00000002
22166441ns          371927 1c00b588 00279793 slli             x15, x15, 0x2       x15=00000008 x15:00000002
22166461ns          371928 1c00b58a 00d7f7b3 and              x15, x15, x13       x15=00000000 x15:00000008 x13:00001f80
22166481ns          371929 1c00b58c ee873733 p.bclr           x14, x14, 23, 8     x14=00000010 x14:00000010
22166501ns          371930 1c00b590 1a10f6b7 lui              x13, 0x1a10f000     x13=1a10f000
22166521ns          371931 1c00b594 0ff57513 andi             x10, x10, 255       x10=00000069 x10:00000069
22166541ns          371932 1c00b598 00d70733 add              x14, x14, x13       x14=1a10f010 x14:00000010 x13:1a10f000
22166561ns          371933 1c00b59a 00a7e723 p.sw             x10, x0(x15)        x10:00000069 x15:00000000  PA:1a10f010
22166879ns          371949 1c00b59e 00000513 addi             x10, x0, 0          x10=00000000
22166899ns          371950 1c00b5a0 00008067 jalr             x0, x1, 0            x1:1c00b670
22166938ns          371952 1c00b670 31f52563 p.beqimm         x10, 778            x10:00000000
22166958ns          371953 1c00b674 001d8d93 addi             x27, x27, 1         x27=00000019 x27:00000018
22166978ns          371954 1c00b676 00044503 lbu              x10, 0(x8)          x10=0000006f  x8:1c00007a  PA:1c00007a
22167277ns          371969 1c00b67a 00140413 addi             x8, x8, 1            x8=1c00007b  x8:1c00007a
22167296ns          371970 1c00b67c fe0514e3 bne              x10, x0, -24        x10:0000006f
22167356ns          371973 1c00b664 02500793 addi             x15, x0, 37         x15=00000025
22167376ns          371974 1c00b668 04f50863 beq              x10, x15, 80        x10:0000006f x15:00000025
22167396ns          371975 1c00b66c 01a005b3 add              x11, x0, x26        x11=00000002 x26:00000002
22167416ns          371976 1c00b66e 000b00e7 jalr             x1, x22, 0           x1=1c00b670 x22:1c00b57a
22167456ns          371978 1c00b57a 000026b7 lui              x13, 0x2000         x13=00002000
22167475ns          371979 1c00b57c f14027f3 csrrs            x15, x0, 0xf14      x15=00000002
22167495ns          371980 1c00b580 f8068693 addi             x13, x13, -128      x13=00001f80 x13:00002000
22167515ns          371981 1c00b584 00379713 slli             x14, x15, 0x3       x14=00000010 x15:00000002
22167535ns          371982 1c00b588 00279793 slli             x15, x15, 0x2       x15=00000008 x15:00000002
22167555ns          371983 1c00b58a 00d7f7b3 and              x15, x15, x13       x15=00000000 x15:00000008 x13:00001f80
22167575ns          371984 1c00b58c ee873733 p.bclr           x14, x14, 23, 8     x14=00000010 x14:00000010
22167595ns          371985 1c00b590 1a10f6b7 lui              x13, 0x1a10f000     x13=1a10f000
22167615ns          371986 1c00b594 0ff57513 andi             x10, x10, 255       x10=0000006f x10:0000006f
22167635ns          371987 1c00b598 00d70733 add              x14, x14, x13       x14=1a10f010 x14:00000010 x13:1a10f000
22167655ns          371988 1c00b59a 00a7e723 p.sw             x10, x0(x15)        x10:0000006f x15:00000000  PA:1a10f010
22167993ns          372005 1c00b59e 00000513 addi             x10, x0, 0          x10=00000000
22168013ns          372006 1c00b5a0 00008067 jalr             x0, x1, 0            x1:1c00b670
22168052ns          372008 1c00b670 31f52563 p.beqimm         x10, 778            x10:00000000
22168072ns          372009 1c00b674 001d8d93 addi             x27, x27, 1         x27=0000001a x27:00000019
22168092ns          372010 1c00b676 00044503 lbu              x10, 0(x8)          x10=0000006e  x8:1c00007b  PA:1c00007b
22168390ns          372025 1c00b67a 00140413 addi             x8, x8, 1            x8=1c00007c  x8:1c00007b
22168410ns          372026 1c00b67c fe0514e3 bne              x10, x0, -24        x10:0000006e
22168470ns          372029 1c00b664 02500793 addi             x15, x0, 37         x15=00000025
22168490ns          372030 1c00b668 04f50863 beq              x10, x15, 80        x10:0000006e x15:00000025
22168510ns          372031 1c00b66c 01a005b3 add              x11, x0, x26        x11=00000002 x26:00000002
22168530ns          372032 1c00b66e 000b00e7 jalr             x1, x22, 0           x1=1c00b670 x22:1c00b57a
22168569ns          372034 1c00b57a 000026b7 lui              x13, 0x2000         x13=00002000
22168589ns          372035 1c00b57c f14027f3 csrrs            x15, x0, 0xf14      x15=00000002
22168609ns          372036 1c00b580 f8068693 addi             x13, x13, -128      x13=00001f80 x13:00002000
22168629ns          372037 1c00b584 00379713 slli             x14, x15, 0x3       x14=00000010 x15:00000002
22168649ns          372038 1c00b588 00279793 slli             x15, x15, 0x2       x15=00000008 x15:00000002
22168669ns          372039 1c00b58a 00d7f7b3 and              x15, x15, x13       x15=00000000 x15:00000008 x13:00001f80
22168689ns          372040 1c00b58c ee873733 p.bclr           x14, x14, 23, 8     x14=00000010 x14:00000010
22168709ns          372041 1c00b590 1a10f6b7 lui              x13, 0x1a10f000     x13=1a10f000
22168729ns          372042 1c00b594 0ff57513 andi             x10, x10, 255       x10=0000006e x10:0000006e
22168748ns          372043 1c00b598 00d70733 add              x14, x14, x13       x14=1a10f010 x14:00000010 x13:1a10f000
22168768ns          372044 1c00b59a 00a7e723 p.sw             x10, x0(x15)        x10:0000006e x15:00000000  PA:1a10f010
22169087ns          372060 1c00b59e 00000513 addi             x10, x0, 0          x10=00000000
22169107ns          372061 1c00b5a0 00008067 jalr             x0, x1, 0            x1:1c00b670
22169146ns          372063 1c00b670 31f52563 p.beqimm         x10, 778            x10:00000000
22169166ns          372064 1c00b674 001d8d93 addi             x27, x27, 1         x27=0000001b x27:0000001a
22169186ns          372065 1c00b676 00044503 lbu              x10, 0(x8)          x10=00000073  x8:1c00007c  PA:1c00007c
22169484ns          372080 1c00b67a 00140413 addi             x8, x8, 1            x8=1c00007d  x8:1c00007c
22169504ns          372081 1c00b67c fe0514e3 bne              x10, x0, -24        x10:00000073
22169564ns          372084 1c00b664 02500793 addi             x15, x0, 37         x15=00000025
22169584ns          372085 1c00b668 04f50863 beq              x10, x15, 80        x10:00000073 x15:00000025
22169604ns          372086 1c00b66c 01a005b3 add              x11, x0, x26        x11=00000002 x26:00000002
22169624ns          372087 1c00b66e 000b00e7 jalr             x1, x22, 0           x1=1c00b670 x22:1c00b57a
22169663ns          372089 1c00b57a 000026b7 lui              x13, 0x2000         x13=00002000
22169683ns          372090 1c00b57c f14027f3 csrrs            x15, x0, 0xf14      x15=00000002
22169703ns          372091 1c00b580 f8068693 addi             x13, x13, -128      x13=00001f80 x13:00002000
22169723ns          372092 1c00b584 00379713 slli             x14, x15, 0x3       x14=00000010 x15:00000002
22169743ns          372093 1c00b588 00279793 slli             x15, x15, 0x2       x15=00000008 x15:00000002
22169763ns          372094 1c00b58a 00d7f7b3 and              x15, x15, x13       x15=00000000 x15:00000008 x13:00001f80
22169783ns          372095 1c00b58c ee873733 p.bclr           x14, x14, 23, 8     x14=00000010 x14:00000010
22169803ns          372096 1c00b590 1a10f6b7 lui              x13, 0x1a10f000     x13=1a10f000
22169823ns          372097 1c00b594 0ff57513 andi             x10, x10, 255       x10=00000073 x10:00000073
22169842ns          372098 1c00b598 00d70733 add              x14, x14, x13       x14=1a10f010 x14:00000010 x13:1a10f000
22169862ns          372099 1c00b59a 00a7e723 p.sw             x10, x0(x15)        x10:00000073 x15:00000000  PA:1a10f010
22170181ns          372115 1c00b59e 00000513 addi             x10, x0, 0          x10=00000000
22170201ns          372116 1c00b5a0 00008067 jalr             x0, x1, 0            x1:1c00b670
22170240ns          372118 1c00b670 31f52563 p.beqimm         x10, 778            x10:00000000
22170260ns          372119 1c00b674 001d8d93 addi             x27, x27, 1         x27=0000001c x27:0000001b
22170280ns          372120 1c00b676 00044503 lbu              x10, 0(x8)          x10=0000002e  x8:1c00007d  PA:1c00007d
22170598ns          372136 1c00b67a 00140413 addi             x8, x8, 1            x8=1c00007e  x8:1c00007d
22170618ns          372137 1c00b67c fe0514e3 bne              x10, x0, -24        x10:0000002e
22170678ns          372140 1c00b664 02500793 addi             x15, x0, 37         x15=00000025
22170698ns          372141 1c00b668 04f50863 beq              x10, x15, 80        x10:0000002e x15:00000025
22170718ns          372142 1c00b66c 01a005b3 add              x11, x0, x26        x11=00000002 x26:00000002
22170738ns          372143 1c00b66e 000b00e7 jalr             x1, x22, 0           x1=1c00b670 x22:1c00b57a
22170777ns          372145 1c00b57a 000026b7 lui              x13, 0x2000         x13=00002000
22170797ns          372146 1c00b57c f14027f3 csrrs            x15, x0, 0xf14      x15=00000002
22170817ns          372147 1c00b580 f8068693 addi             x13, x13, -128      x13=00001f80 x13:00002000
22170837ns          372148 1c00b584 00379713 slli             x14, x15, 0x3       x14=00000010 x15:00000002
22170857ns          372149 1c00b588 00279793 slli             x15, x15, 0x2       x15=00000008 x15:00000002
22170877ns          372150 1c00b58a 00d7f7b3 and              x15, x15, x13       x15=00000000 x15:00000008 x13:00001f80
22170897ns          372151 1c00b58c ee873733 p.bclr           x14, x14, 23, 8     x14=00000010 x14:00000010
22170917ns          372152 1c00b590 1a10f6b7 lui              x13, 0x1a10f000     x13=1a10f000
22170936ns          372153 1c00b594 0ff57513 andi             x10, x10, 255       x10=0000002e x10:0000002e
22170956ns          372154 1c00b598 00d70733 add              x14, x14, x13       x14=1a10f010 x14:00000010 x13:1a10f000
22170976ns          372155 1c00b59a 00a7e723 p.sw             x10, x0(x15)        x10:0000002e x15:00000000  PA:1a10f010
22171295ns          372171 1c00b59e 00000513 addi             x10, x0, 0          x10=00000000
22171314ns          372172 1c00b5a0 00008067 jalr             x0, x1, 0            x1:1c00b670
22171354ns          372174 1c00b670 31f52563 p.beqimm         x10, 778            x10:00000000
22171374ns          372175 1c00b674 001d8d93 addi             x27, x27, 1         x27=0000001d x27:0000001c
22171394ns          372176 1c00b676 00044503 lbu              x10, 0(x8)          x10=0000002e  x8:1c00007e  PA:1c00007e
22171692ns          372191 1c00b67a 00140413 addi             x8, x8, 1            x8=1c00007f  x8:1c00007e
22171712ns          372192 1c00b67c fe0514e3 bne              x10, x0, -24        x10:0000002e
22171772ns          372195 1c00b664 02500793 addi             x15, x0, 37         x15=00000025
22171792ns          372196 1c00b668 04f50863 beq              x10, x15, 80        x10:0000002e x15:00000025
22171812ns          372197 1c00b66c 01a005b3 add              x11, x0, x26        x11=00000002 x26:00000002
22171832ns          372198 1c00b66e 000b00e7 jalr             x1, x22, 0           x1=1c00b670 x22:1c00b57a
22171871ns          372200 1c00b57a 000026b7 lui              x13, 0x2000         x13=00002000
22171891ns          372201 1c00b57c f14027f3 csrrs            x15, x0, 0xf14      x15=00000002
22171911ns          372202 1c00b580 f8068693 addi             x13, x13, -128      x13=00001f80 x13:00002000
22171931ns          372203 1c00b584 00379713 slli             x14, x15, 0x3       x14=00000010 x15:00000002
22171951ns          372204 1c00b588 00279793 slli             x15, x15, 0x2       x15=00000008 x15:00000002
22171971ns          372205 1c00b58a 00d7f7b3 and              x15, x15, x13       x15=00000000 x15:00000008 x13:00001f80
22171991ns          372206 1c00b58c ee873733 p.bclr           x14, x14, 23, 8     x14=00000010 x14:00000010
22172011ns          372207 1c00b590 1a10f6b7 lui              x13, 0x1a10f000     x13=1a10f000
22172030ns          372208 1c00b594 0ff57513 andi             x10, x10, 255       x10=0000002e x10:0000002e
22172050ns          372209 1c00b598 00d70733 add              x14, x14, x13       x14=1a10f010 x14:00000010 x13:1a10f000
22172070ns          372210 1c00b59a 00a7e723 p.sw             x10, x0(x15)        x10:0000002e x15:00000000  PA:1a10f010
22172389ns          372226 1c00b59e 00000513 addi             x10, x0, 0          x10=00000000
22172408ns          372227 1c00b5a0 00008067 jalr             x0, x1, 0            x1:1c00b670
22172448ns          372229 1c00b670 31f52563 p.beqimm         x10, 778            x10:00000000
22172468ns          372230 1c00b674 001d8d93 addi             x27, x27, 1         x27=0000001e x27:0000001d
22172488ns          372231 1c00b676 00044503 lbu              x10, 0(x8)          x10=0000002e  x8:1c00007f  PA:1c00007f
22172786ns          372246 1c00b67a 00140413 addi             x8, x8, 1            x8=1c000080  x8:1c00007f
22172806ns          372247 1c00b67c fe0514e3 bne              x10, x0, -24        x10:0000002e
22172866ns          372250 1c00b664 02500793 addi             x15, x0, 37         x15=00000025
22172886ns          372251 1c00b668 04f50863 beq              x10, x15, 80        x10:0000002e x15:00000025
22172906ns          372252 1c00b66c 01a005b3 add              x11, x0, x26        x11=00000002 x26:00000002
22172926ns          372253 1c00b66e 000b00e7 jalr             x1, x22, 0           x1=1c00b670 x22:1c00b57a
22172965ns          372255 1c00b57a 000026b7 lui              x13, 0x2000         x13=00002000
22172985ns          372256 1c00b57c f14027f3 csrrs            x15, x0, 0xf14      x15=00000002
22173005ns          372257 1c00b580 f8068693 addi             x13, x13, -128      x13=00001f80 x13:00002000
22173025ns          372258 1c00b584 00379713 slli             x14, x15, 0x3       x14=00000010 x15:00000002
22173045ns          372259 1c00b588 00279793 slli             x15, x15, 0x2       x15=00000008 x15:00000002
22173065ns          372260 1c00b58a 00d7f7b3 and              x15, x15, x13       x15=00000000 x15:00000008 x13:00001f80
22173085ns          372261 1c00b58c ee873733 p.bclr           x14, x14, 23, 8     x14=00000010 x14:00000010
22173105ns          372262 1c00b590 1a10f6b7 lui              x13, 0x1a10f000     x13=1a10f000
22173124ns          372263 1c00b594 0ff57513 andi             x10, x10, 255       x10=0000002e x10:0000002e
22173144ns          372264 1c00b598 00d70733 add              x14, x14, x13       x14=1a10f010 x14:00000010 x13:1a10f000
22173164ns          372265 1c00b59a 00a7e723 p.sw             x10, x0(x15)        x10:0000002e x15:00000000  PA:1a10f010
22173482ns          372281 1c00b59e 00000513 addi             x10, x0, 0          x10=00000000
22173502ns          372282 1c00b5a0 00008067 jalr             x0, x1, 0            x1:1c00b670
22173542ns          372284 1c00b670 31f52563 p.beqimm         x10, 778            x10:00000000
22173562ns          372285 1c00b674 001d8d93 addi             x27, x27, 1         x27=0000001f x27:0000001e
22173582ns          372286 1c00b676 00044503 lbu              x10, 0(x8)          x10=00000020  x8:1c000080  PA:1c000080
22173880ns          372301 1c00b67a 00140413 addi             x8, x8, 1            x8=1c000081  x8:1c000080
22173900ns          372302 1c00b67c fe0514e3 bne              x10, x0, -24        x10:00000020
22173960ns          372305 1c00b664 02500793 addi             x15, x0, 37         x15=00000025
22173980ns          372306 1c00b668 04f50863 beq              x10, x15, 80        x10:00000020 x15:00000025
22174000ns          372307 1c00b66c 01a005b3 add              x11, x0, x26        x11=00000002 x26:00000002
22174020ns          372308 1c00b66e 000b00e7 jalr             x1, x22, 0           x1=1c00b670 x22:1c00b57a
22174059ns          372310 1c00b57a 000026b7 lui              x13, 0x2000         x13=00002000
22174079ns          372311 1c00b57c f14027f3 csrrs            x15, x0, 0xf14      x15=00000002
22174099ns          372312 1c00b580 f8068693 addi             x13, x13, -128      x13=00001f80 x13:00002000
22174119ns          372313 1c00b584 00379713 slli             x14, x15, 0x3       x14=00000010 x15:00000002
22174139ns          372314 1c00b588 00279793 slli             x15, x15, 0x2       x15=00000008 x15:00000002
22174159ns          372315 1c00b58a 00d7f7b3 and              x15, x15, x13       x15=00000000 x15:00000008 x13:00001f80
22174179ns          372316 1c00b58c ee873733 p.bclr           x14, x14, 23, 8     x14=00000010 x14:00000010
22174199ns          372317 1c00b590 1a10f6b7 lui              x13, 0x1a10f000     x13=1a10f000
22174218ns          372318 1c00b594 0ff57513 andi             x10, x10, 255       x10=00000020 x10:00000020
22174238ns          372319 1c00b598 00d70733 add              x14, x14, x13       x14=1a10f010 x14:00000010 x13:1a10f000
22174258ns          372320 1c00b59a 00a7e723 p.sw             x10, x0(x15)        x10:00000020 x15:00000000  PA:1a10f010
22174596ns          372337 1c00b59e 00000513 addi             x10, x0, 0          x10=00000000
22174616ns          372338 1c00b5a0 00008067 jalr             x0, x1, 0            x1:1c00b670
22174656ns          372340 1c00b670 31f52563 p.beqimm         x10, 778            x10:00000000
22174676ns          372341 1c00b674 001d8d93 addi             x27, x27, 1         x27=00000020 x27:0000001f
22174696ns          372342 1c00b676 00044503 lbu              x10, 0(x8)          x10=00000028  x8:1c000081  PA:1c000081
22174994ns          372357 1c00b67a 00140413 addi             x8, x8, 1            x8=1c000082  x8:1c000081
22175014ns          372358 1c00b67c fe0514e3 bne              x10, x0, -24        x10:00000028
22175074ns          372361 1c00b664 02500793 addi             x15, x0, 37         x15=00000025
22175094ns          372362 1c00b668 04f50863 beq              x10, x15, 80        x10:00000028 x15:00000025
22175114ns          372363 1c00b66c 01a005b3 add              x11, x0, x26        x11=00000002 x26:00000002
22175133ns          372364 1c00b66e 000b00e7 jalr             x1, x22, 0           x1=1c00b670 x22:1c00b57a
22175173ns          372366 1c00b57a 000026b7 lui              x13, 0x2000         x13=00002000
22175193ns          372367 1c00b57c f14027f3 csrrs            x15, x0, 0xf14      x15=00000002
22175213ns          372368 1c00b580 f8068693 addi             x13, x13, -128      x13=00001f80 x13:00002000
22175233ns          372369 1c00b584 00379713 slli             x14, x15, 0x3       x14=00000010 x15:00000002
22175253ns          372370 1c00b588 00279793 slli             x15, x15, 0x2       x15=00000008 x15:00000002
22175273ns          372371 1c00b58a 00d7f7b3 and              x15, x15, x13       x15=00000000 x15:00000008 x13:00001f80
22175293ns          372372 1c00b58c ee873733 p.bclr           x14, x14, 23, 8     x14=00000010 x14:00000010
22175312ns          372373 1c00b590 1a10f6b7 lui              x13, 0x1a10f000     x13=1a10f000
22175332ns          372374 1c00b594 0ff57513 andi             x10, x10, 255       x10=00000028 x10:00000028
22175352ns          372375 1c00b598 00d70733 add              x14, x14, x13       x14=1a10f010 x14:00000010 x13:1a10f000
22175372ns          372376 1c00b59a 00a7e723 p.sw             x10, x0(x15)        x10:00000028 x15:00000000  PA:1a10f010
22175690ns          372392 1c00b59e 00000513 addi             x10, x0, 0          x10=00000000
22175710ns          372393 1c00b5a0 00008067 jalr             x0, x1, 0            x1:1c00b670
22175750ns          372395 1c00b670 31f52563 p.beqimm         x10, 778            x10:00000000
22175770ns          372396 1c00b674 001d8d93 addi             x27, x27, 1         x27=00000021 x27:00000020
22175790ns          372397 1c00b676 00044503 lbu              x10, 0(x8)          x10=00000063  x8:1c000082  PA:1c000082
22176088ns          372412 1c00b67a 00140413 addi             x8, x8, 1            x8=1c000083  x8:1c000082
22176108ns          372413 1c00b67c fe0514e3 bne              x10, x0, -24        x10:00000063
22176168ns          372416 1c00b664 02500793 addi             x15, x0, 37         x15=00000025
22176188ns          372417 1c00b668 04f50863 beq              x10, x15, 80        x10:00000063 x15:00000025
22176208ns          372418 1c00b66c 01a005b3 add              x11, x0, x26        x11=00000002 x26:00000002
22176227ns          372419 1c00b66e 000b00e7 jalr             x1, x22, 0           x1=1c00b670 x22:1c00b57a
22176267ns          372421 1c00b57a 000026b7 lui              x13, 0x2000         x13=00002000
22176287ns          372422 1c00b57c f14027f3 csrrs            x15, x0, 0xf14      x15=00000002
22176307ns          372423 1c00b580 f8068693 addi             x13, x13, -128      x13=00001f80 x13:00002000
22176327ns          372424 1c00b584 00379713 slli             x14, x15, 0x3       x14=00000010 x15:00000002
22176347ns          372425 1c00b588 00279793 slli             x15, x15, 0x2       x15=00000008 x15:00000002
22176367ns          372426 1c00b58a 00d7f7b3 and              x15, x15, x13       x15=00000000 x15:00000008 x13:00001f80
22176387ns          372427 1c00b58c ee873733 p.bclr           x14, x14, 23, 8     x14=00000010 x14:00000010
22176406ns          372428 1c00b590 1a10f6b7 lui              x13, 0x1a10f000     x13=1a10f000
22176426ns          372429 1c00b594 0ff57513 andi             x10, x10, 255       x10=00000063 x10:00000063
22176446ns          372430 1c00b598 00d70733 add              x14, x14, x13       x14=1a10f010 x14:00000010 x13:1a10f000
22176466ns          372431 1c00b59a 00a7e723 p.sw             x10, x0(x15)        x10:00000063 x15:00000000  PA:1a10f010
22176784ns          372447 1c00b59e 00000513 addi             x10, x0, 0          x10=00000000
22176804ns          372448 1c00b5a0 00008067 jalr             x0, x1, 0            x1:1c00b670
22176844ns          372450 1c00b670 31f52563 p.beqimm         x10, 778            x10:00000000
22176864ns          372451 1c00b674 001d8d93 addi             x27, x27, 1         x27=00000022 x27:00000021
22176884ns          372452 1c00b676 00044503 lbu              x10, 0(x8)          x10=0000006f  x8:1c000083  PA:1c000083
22177202ns          372468 1c00b67a 00140413 addi             x8, x8, 1            x8=1c000084  x8:1c000083
22177222ns          372469 1c00b67c fe0514e3 bne              x10, x0, -24        x10:0000006f
22177282ns          372472 1c00b664 02500793 addi             x15, x0, 37         x15=00000025
22177302ns          372473 1c00b668 04f50863 beq              x10, x15, 80        x10:0000006f x15:00000025
22177321ns          372474 1c00b66c 01a005b3 add              x11, x0, x26        x11=00000002 x26:00000002
22177341ns          372475 1c00b66e 000b00e7 jalr             x1, x22, 0           x1=1c00b670 x22:1c00b57a
22177381ns          372477 1c00b57a 000026b7 lui              x13, 0x2000         x13=00002000
22177401ns          372478 1c00b57c f14027f3 csrrs            x15, x0, 0xf14      x15=00000002
22177421ns          372479 1c00b580 f8068693 addi             x13, x13, -128      x13=00001f80 x13:00002000
22177441ns          372480 1c00b584 00379713 slli             x14, x15, 0x3       x14=00000010 x15:00000002
22177461ns          372481 1c00b588 00279793 slli             x15, x15, 0x2       x15=00000008 x15:00000002
22177481ns          372482 1c00b58a 00d7f7b3 and              x15, x15, x13       x15=00000000 x15:00000008 x13:00001f80
22177500ns          372483 1c00b58c ee873733 p.bclr           x14, x14, 23, 8     x14=00000010 x14:00000010
22177520ns          372484 1c00b590 1a10f6b7 lui              x13, 0x1a10f000     x13=1a10f000
22177540ns          372485 1c00b594 0ff57513 andi             x10, x10, 255       x10=0000006f x10:0000006f
22177560ns          372486 1c00b598 00d70733 add              x14, x14, x13       x14=1a10f010 x14:00000010 x13:1a10f000
22177580ns          372487 1c00b59a 00a7e723 p.sw             x10, x0(x15)        x10:0000006f x15:00000000  PA:1a10f010
22177898ns          372503 1c00b59e 00000513 addi             x10, x0, 0          x10=00000000
22177918ns          372504 1c00b5a0 00008067 jalr             x0, x1, 0            x1:1c00b670
22177958ns          372506 1c00b670 31f52563 p.beqimm         x10, 778            x10:00000000
22177978ns          372507 1c00b674 001d8d93 addi             x27, x27, 1         x27=00000023 x27:00000022
22177998ns          372508 1c00b676 00044503 lbu              x10, 0(x8)          x10=00000072  x8:1c000084  PA:1c000084
22178296ns          372523 1c00b67a 00140413 addi             x8, x8, 1            x8=1c000085  x8:1c000084
22178316ns          372524 1c00b67c fe0514e3 bne              x10, x0, -24        x10:00000072
22178376ns          372527 1c00b664 02500793 addi             x15, x0, 37         x15=00000025
22178396ns          372528 1c00b668 04f50863 beq              x10, x15, 80        x10:00000072 x15:00000025
22178415ns          372529 1c00b66c 01a005b3 add              x11, x0, x26        x11=00000002 x26:00000002
22178435ns          372530 1c00b66e 000b00e7 jalr             x1, x22, 0           x1=1c00b670 x22:1c00b57a
22178475ns          372532 1c00b57a 000026b7 lui              x13, 0x2000         x13=00002000
22178495ns          372533 1c00b57c f14027f3 csrrs            x15, x0, 0xf14      x15=00000002
22178515ns          372534 1c00b580 f8068693 addi             x13, x13, -128      x13=00001f80 x13:00002000
22178535ns          372535 1c00b584 00379713 slli             x14, x15, 0x3       x14=00000010 x15:00000002
22178555ns          372536 1c00b588 00279793 slli             x15, x15, 0x2       x15=00000008 x15:00000002
22178575ns          372537 1c00b58a 00d7f7b3 and              x15, x15, x13       x15=00000000 x15:00000008 x13:00001f80
22178594ns          372538 1c00b58c ee873733 p.bclr           x14, x14, 23, 8     x14=00000010 x14:00000010
22178614ns          372539 1c00b590 1a10f6b7 lui              x13, 0x1a10f000     x13=1a10f000
22178634ns          372540 1c00b594 0ff57513 andi             x10, x10, 255       x10=00000072 x10:00000072
22178654ns          372541 1c00b598 00d70733 add              x14, x14, x13       x14=1a10f010 x14:00000010 x13:1a10f000
22178674ns          372542 1c00b59a 00a7e723 p.sw             x10, x0(x15)        x10:00000072 x15:00000000  PA:1a10f010
22178992ns          372558 1c00b59e 00000513 addi             x10, x0, 0          x10=00000000
22179012ns          372559 1c00b5a0 00008067 jalr             x0, x1, 0            x1:1c00b670
22179052ns          372561 1c00b670 31f52563 p.beqimm         x10, 778            x10:00000000
22179072ns          372562 1c00b674 001d8d93 addi             x27, x27, 1         x27=00000024 x27:00000023
22179092ns          372563 1c00b676 00044503 lbu              x10, 0(x8)          x10=00000065  x8:1c000085  PA:1c000085
22179390ns          372578 1c00b67a 00140413 addi             x8, x8, 1            x8=1c000086  x8:1c000085
22179410ns          372579 1c00b67c fe0514e3 bne              x10, x0, -24        x10:00000065
22179470ns          372582 1c00b664 02500793 addi             x15, x0, 37         x15=00000025
22179490ns          372583 1c00b668 04f50863 beq              x10, x15, 80        x10:00000065 x15:00000025
22179509ns          372584 1c00b66c 01a005b3 add              x11, x0, x26        x11=00000002 x26:00000002
22179529ns          372585 1c00b66e 000b00e7 jalr             x1, x22, 0           x1=1c00b670 x22:1c00b57a
22179569ns          372587 1c00b57a 000026b7 lui              x13, 0x2000         x13=00002000
22179589ns          372588 1c00b57c f14027f3 csrrs            x15, x0, 0xf14      x15=00000002
22179609ns          372589 1c00b580 f8068693 addi             x13, x13, -128      x13=00001f80 x13:00002000
22179629ns          372590 1c00b584 00379713 slli             x14, x15, 0x3       x14=00000010 x15:00000002
22179649ns          372591 1c00b588 00279793 slli             x15, x15, 0x2       x15=00000008 x15:00000002
22179669ns          372592 1c00b58a 00d7f7b3 and              x15, x15, x13       x15=00000000 x15:00000008 x13:00001f80
22179688ns          372593 1c00b58c ee873733 p.bclr           x14, x14, 23, 8     x14=00000010 x14:00000010
22179708ns          372594 1c00b590 1a10f6b7 lui              x13, 0x1a10f000     x13=1a10f000
22179728ns          372595 1c00b594 0ff57513 andi             x10, x10, 255       x10=00000065 x10:00000065
22179748ns          372596 1c00b598 00d70733 add              x14, x14, x13       x14=1a10f010 x14:00000010 x13:1a10f000
22179768ns          372597 1c00b59a 00a7e723 p.sw             x10, x0(x15)        x10:00000065 x15:00000000  PA:1a10f010
22180086ns          372613 1c00b59e 00000513 addi             x10, x0, 0          x10=00000000
22180106ns          372614 1c00b5a0 00008067 jalr             x0, x1, 0            x1:1c00b670
22180146ns          372616 1c00b670 31f52563 p.beqimm         x10, 778            x10:00000000
22180166ns          372617 1c00b674 001d8d93 addi             x27, x27, 1         x27=00000025 x27:00000024
22180186ns          372618 1c00b676 00044503 lbu              x10, 0(x8)          x10=00000069  x8:1c000086  PA:1c000086
22180484ns          372633 1c00b67a 00140413 addi             x8, x8, 1            x8=1c000087  x8:1c000086
22180504ns          372634 1c00b67c fe0514e3 bne              x10, x0, -24        x10:00000069
22180564ns          372637 1c00b664 02500793 addi             x15, x0, 37         x15=00000025
22180583ns          372638 1c00b668 04f50863 beq              x10, x15, 80        x10:00000069 x15:00000025
22180603ns          372639 1c00b66c 01a005b3 add              x11, x0, x26        x11=00000002 x26:00000002
22180623ns          372640 1c00b66e 000b00e7 jalr             x1, x22, 0           x1=1c00b670 x22:1c00b57a
22180663ns          372642 1c00b57a 000026b7 lui              x13, 0x2000         x13=00002000
22180683ns          372643 1c00b57c f14027f3 csrrs            x15, x0, 0xf14      x15=00000002
22180703ns          372644 1c00b580 f8068693 addi             x13, x13, -128      x13=00001f80 x13:00002000
22180723ns          372645 1c00b584 00379713 slli             x14, x15, 0x3       x14=00000010 x15:00000002
22180743ns          372646 1c00b588 00279793 slli             x15, x15, 0x2       x15=00000008 x15:00000002
22180763ns          372647 1c00b58a 00d7f7b3 and              x15, x15, x13       x15=00000000 x15:00000008 x13:00001f80
22180782ns          372648 1c00b58c ee873733 p.bclr           x14, x14, 23, 8     x14=00000010 x14:00000010
22180802ns          372649 1c00b590 1a10f6b7 lui              x13, 0x1a10f000     x13=1a10f000
22180822ns          372650 1c00b594 0ff57513 andi             x10, x10, 255       x10=00000069 x10:00000069
22180842ns          372651 1c00b598 00d70733 add              x14, x14, x13       x14=1a10f010 x14:00000010 x13:1a10f000
22180862ns          372652 1c00b59a 00a7e723 p.sw             x10, x0(x15)        x10:00000069 x15:00000000  PA:1a10f010
22181200ns          372669 1c00b59e 00000513 addi             x10, x0, 0          x10=00000000
22181220ns          372670 1c00b5a0 00008067 jalr             x0, x1, 0            x1:1c00b670
22181260ns          372672 1c00b670 31f52563 p.beqimm         x10, 778            x10:00000000
22181280ns          372673 1c00b674 001d8d93 addi             x27, x27, 1         x27=00000026 x27:00000025
22181300ns          372674 1c00b676 00044503 lbu              x10, 0(x8)          x10=00000064  x8:1c000087  PA:1c000087
22181598ns          372689 1c00b67a 00140413 addi             x8, x8, 1            x8=1c000088  x8:1c000087
22181618ns          372690 1c00b67c fe0514e3 bne              x10, x0, -24        x10:00000064
22181677ns          372693 1c00b664 02500793 addi             x15, x0, 37         x15=00000025
22181697ns          372694 1c00b668 04f50863 beq              x10, x15, 80        x10:00000064 x15:00000025
22181717ns          372695 1c00b66c 01a005b3 add              x11, x0, x26        x11=00000002 x26:00000002
22181737ns          372696 1c00b66e 000b00e7 jalr             x1, x22, 0           x1=1c00b670 x22:1c00b57a
22181777ns          372698 1c00b57a 000026b7 lui              x13, 0x2000         x13=00002000
22181797ns          372699 1c00b57c f14027f3 csrrs            x15, x0, 0xf14      x15=00000002
22181817ns          372700 1c00b580 f8068693 addi             x13, x13, -128      x13=00001f80 x13:00002000
22181837ns          372701 1c00b584 00379713 slli             x14, x15, 0x3       x14=00000010 x15:00000002
22181857ns          372702 1c00b588 00279793 slli             x15, x15, 0x2       x15=00000008 x15:00000002
22181876ns          372703 1c00b58a 00d7f7b3 and              x15, x15, x13       x15=00000000 x15:00000008 x13:00001f80
22181896ns          372704 1c00b58c ee873733 p.bclr           x14, x14, 23, 8     x14=00000010 x14:00000010
22181916ns          372705 1c00b590 1a10f6b7 lui              x13, 0x1a10f000     x13=1a10f000
22181936ns          372706 1c00b594 0ff57513 andi             x10, x10, 255       x10=00000064 x10:00000064
22181956ns          372707 1c00b598 00d70733 add              x14, x14, x13       x14=1a10f010 x14:00000010 x13:1a10f000
22181976ns          372708 1c00b59a 00a7e723 p.sw             x10, x0(x15)        x10:00000064 x15:00000000  PA:1a10f010
22182294ns          372724 1c00b59e 00000513 addi             x10, x0, 0          x10=00000000
22182314ns          372725 1c00b5a0 00008067 jalr             x0, x1, 0            x1:1c00b670
22182354ns          372727 1c00b670 31f52563 p.beqimm         x10, 778            x10:00000000
22182374ns          372728 1c00b674 001d8d93 addi             x27, x27, 1         x27=00000027 x27:00000026
22182394ns          372729 1c00b676 00044503 lbu              x10, 0(x8)          x10=00000020  x8:1c000088  PA:1c000088
22182692ns          372744 1c00b67a 00140413 addi             x8, x8, 1            x8=1c000089  x8:1c000088
22182712ns          372745 1c00b67c fe0514e3 bne              x10, x0, -24        x10:00000020
22182771ns          372748 1c00b664 02500793 addi             x15, x0, 37         x15=00000025
22182791ns          372749 1c00b668 04f50863 beq              x10, x15, 80        x10:00000020 x15:00000025
22182811ns          372750 1c00b66c 01a005b3 add              x11, x0, x26        x11=00000002 x26:00000002
22182831ns          372751 1c00b66e 000b00e7 jalr             x1, x22, 0           x1=1c00b670 x22:1c00b57a
22182871ns          372753 1c00b57a 000026b7 lui              x13, 0x2000         x13=00002000
22182891ns          372754 1c00b57c f14027f3 csrrs            x15, x0, 0xf14      x15=00000002
22182911ns          372755 1c00b580 f8068693 addi             x13, x13, -128      x13=00001f80 x13:00002000
22182931ns          372756 1c00b584 00379713 slli             x14, x15, 0x3       x14=00000010 x15:00000002
22182950ns          372757 1c00b588 00279793 slli             x15, x15, 0x2       x15=00000008 x15:00000002
22182970ns          372758 1c00b58a 00d7f7b3 and              x15, x15, x13       x15=00000000 x15:00000008 x13:00001f80
22182990ns          372759 1c00b58c ee873733 p.bclr           x14, x14, 23, 8     x14=00000010 x14:00000010
22183010ns          372760 1c00b590 1a10f6b7 lui              x13, 0x1a10f000     x13=1a10f000
22183030ns          372761 1c00b594 0ff57513 andi             x10, x10, 255       x10=00000020 x10:00000020
22183050ns          372762 1c00b598 00d70733 add              x14, x14, x13       x14=1a10f010 x14:00000010 x13:1a10f000
22183070ns          372763 1c00b59a 00a7e723 p.sw             x10, x0(x15)        x10:00000020 x15:00000000  PA:1a10f010
22183388ns          372779 1c00b59e 00000513 addi             x10, x0, 0          x10=00000000
22183408ns          372780 1c00b5a0 00008067 jalr             x0, x1, 0            x1:1c00b670
22183448ns          372782 1c00b670 31f52563 p.beqimm         x10, 778            x10:00000000
22183468ns          372783 1c00b674 001d8d93 addi             x27, x27, 1         x27=00000028 x27:00000027
22183488ns          372784 1c00b676 00044503 lbu              x10, 0(x8)          x10=0000003d  x8:1c000089  PA:1c000089
22183806ns          372800 1c00b67a 00140413 addi             x8, x8, 1            x8=1c00008a  x8:1c000089
22183826ns          372801 1c00b67c fe0514e3 bne              x10, x0, -24        x10:0000003d
22183885ns          372804 1c00b664 02500793 addi             x15, x0, 37         x15=00000025
22183905ns          372805 1c00b668 04f50863 beq              x10, x15, 80        x10:0000003d x15:00000025
22183925ns          372806 1c00b66c 01a005b3 add              x11, x0, x26        x11=00000002 x26:00000002
22183945ns          372807 1c00b66e 000b00e7 jalr             x1, x22, 0           x1=1c00b670 x22:1c00b57a
22183985ns          372809 1c00b57a 000026b7 lui              x13, 0x2000         x13=00002000
22184005ns          372810 1c00b57c f14027f3 csrrs            x15, x0, 0xf14      x15=00000002
22184025ns          372811 1c00b580 f8068693 addi             x13, x13, -128      x13=00001f80 x13:00002000
22184044ns          372812 1c00b584 00379713 slli             x14, x15, 0x3       x14=00000010 x15:00000002
22184064ns          372813 1c00b588 00279793 slli             x15, x15, 0x2       x15=00000008 x15:00000002
22184084ns          372814 1c00b58a 00d7f7b3 and              x15, x15, x13       x15=00000000 x15:00000008 x13:00001f80
22184104ns          372815 1c00b58c ee873733 p.bclr           x14, x14, 23, 8     x14=00000010 x14:00000010
22184124ns          372816 1c00b590 1a10f6b7 lui              x13, 0x1a10f000     x13=1a10f000
22184144ns          372817 1c00b594 0ff57513 andi             x10, x10, 255       x10=0000003d x10:0000003d
22184164ns          372818 1c00b598 00d70733 add              x14, x14, x13       x14=1a10f010 x14:00000010 x13:1a10f000
22184184ns          372819 1c00b59a 00a7e723 p.sw             x10, x0(x15)        x10:0000003d x15:00000000  PA:1a10f010
22184502ns          372835 1c00b59e 00000513 addi             x10, x0, 0          x10=00000000
22184522ns          372836 1c00b5a0 00008067 jalr             x0, x1, 0            x1:1c00b670
22184562ns          372838 1c00b670 31f52563 p.beqimm         x10, 778            x10:00000000
22184582ns          372839 1c00b674 001d8d93 addi             x27, x27, 1         x27=00000029 x27:00000028
22184601ns          372840 1c00b676 00044503 lbu              x10, 0(x8)          x10=00000020  x8:1c00008a  PA:1c00008a
22184900ns          372855 1c00b67a 00140413 addi             x8, x8, 1            x8=1c00008b  x8:1c00008a
22184920ns          372856 1c00b67c fe0514e3 bne              x10, x0, -24        x10:00000020
22184979ns          372859 1c00b664 02500793 addi             x15, x0, 37         x15=00000025
22184999ns          372860 1c00b668 04f50863 beq              x10, x15, 80        x10:00000020 x15:00000025
22185019ns          372861 1c00b66c 01a005b3 add              x11, x0, x26        x11=00000002 x26:00000002
22185039ns          372862 1c00b66e 000b00e7 jalr             x1, x22, 0           x1=1c00b670 x22:1c00b57a
22185079ns          372864 1c00b57a 000026b7 lui              x13, 0x2000         x13=00002000
22185099ns          372865 1c00b57c f14027f3 csrrs            x15, x0, 0xf14      x15=00000002
22185119ns          372866 1c00b580 f8068693 addi             x13, x13, -128      x13=00001f80 x13:00002000
22185138ns          372867 1c00b584 00379713 slli             x14, x15, 0x3       x14=00000010 x15:00000002
22185158ns          372868 1c00b588 00279793 slli             x15, x15, 0x2       x15=00000008 x15:00000002
22185178ns          372869 1c00b58a 00d7f7b3 and              x15, x15, x13       x15=00000000 x15:00000008 x13:00001f80
22185198ns          372870 1c00b58c ee873733 p.bclr           x14, x14, 23, 8     x14=00000010 x14:00000010
22185218ns          372871 1c00b590 1a10f6b7 lui              x13, 0x1a10f000     x13=1a10f000
22185238ns          372872 1c00b594 0ff57513 andi             x10, x10, 255       x10=00000020 x10:00000020
22185258ns          372873 1c00b598 00d70733 add              x14, x14, x13       x14=1a10f010 x14:00000010 x13:1a10f000
22185278ns          372874 1c00b59a 00a7e723 p.sw             x10, x0(x15)        x10:00000020 x15:00000000  PA:1a10f010
22185596ns          372890 1c00b59e 00000513 addi             x10, x0, 0          x10=00000000
22185616ns          372891 1c00b5a0 00008067 jalr             x0, x1, 0            x1:1c00b670
22185656ns          372893 1c00b670 31f52563 p.beqimm         x10, 778            x10:00000000
22185676ns          372894 1c00b674 001d8d93 addi             x27, x27, 1         x27=0000002a x27:00000029
22185695ns          372895 1c00b676 00044503 lbu              x10, 0(x8)          x10=00000025  x8:1c00008b  PA:1c00008b
22185994ns          372910 1c00b67a 00140413 addi             x8, x8, 1            x8=1c00008c  x8:1c00008b
22186014ns          372911 1c00b67c fe0514e3 bne              x10, x0, -24        x10:00000025
22186073ns          372914 1c00b664 02500793 addi             x15, x0, 37         x15=00000025
22186093ns          372915 1c00b668 04f50863 beq              x10, x15, 80        x10:00000025 x15:00000025
22186153ns          372918 1c00b6b8 00044483 lbu              x9, 0(x8)            x9=00000064  x8:1c00008c  PA:1c00008c
22186471ns          372934 1c00b6bc 02000693 addi             x13, x0, 32         x13=00000020
22186491ns          372935 1c00b6c0 00140a93 addi             x21, x8, 1          x21=1c00008d  x8:1c00008c
22186511ns          372936 1c00b6c4 009005b3 add              x11, x0, x9         x11=00000064  x9:00000064
22186531ns          372937 1c00b6c6 138b8513 addi             x10, x23, 312       x10=1c000138 x23:1c000000
22186551ns          372938 1c00b6ca 00d12823 sw               x13, 16(x2)         x13:00000020  x2:10001558  PA:10001568
22186571ns          372939 1c00b6cc 00012c23 sw               x0, 24(x2)           x2:10001558  PA:10001570
22186591ns          372940 1c00b6ce 00012a23 sw               x0, 20(x2)           x2:10001558  PA:1000156c
22186610ns          372941 1c00b6d0 00012e23 sw               x0, 28(x2)           x2:10001558  PA:10001574
22186630ns          372942 1c00b6d2 00012623 sw               x0, 12(x2)           x2:10001558  PA:10001564
22186650ns          372943 1c00b6d4 02300913 addi             x18, x0, 35         x18=00000023
22186670ns          372944 1c00b6d8 02d00a13 addi             x20, x0, 45         x20=0000002d
22186690ns          372945 1c00b6dc 015009b3 add              x19, x0, x21        x19=1c00008d x21:1c00008d
22186710ns          372946 1c00b6de e1dff0ef jal              x1, -484             x1=1c00b6e0
22186829ns          372952 1c00b4fa 00054783 lbu              x15, 0(x10)         x15=0000002d x10:1c000138  PA:1c000138
22187167ns          372969 1c00b4fe 0ff5f593 andi             x11, x11, 255       x11=00000064 x11:00000064
22187187ns          372970 1c00b502 00b78c63 beq              x15, x11, 24        x15:0000002d x11:00000064
22187207ns          372971 1c00b506 00078b63 beq              x15, x0, 22         x15:0000002d
22187227ns          372972 1c00b508 00150793 addi             x15, x10, 1         x15=1c000139 x10:1c000138
22187247ns          372973 1c00b50c 0040006f jal              x0, 4              
22187326ns          372977 1c00b510 00f00533 add              x10, x0, x15        x10=1c000139 x15:1c000139
22187346ns          372978 1c00b512 0017c70b p.lbu            x14, 1(x15!)        x14=0000002b x15=1c00013a x15:1c000139  PA:1c000139
22187665ns          372994 1c00b516 feb71ce3 bne              x14, x11, -8        x14:0000002b x11:00000064
22187724ns          372997 1c00b50e 00070763 beq              x14, x0, 14         x14:0000002b
22187744ns          372998 1c00b510 00f00533 add              x10, x0, x15        x10=1c00013a x15:1c00013a
22187764ns          372999 1c00b512 0017c70b p.lbu            x14, 1(x15!)        x14=00000020 x15=1c00013b x15:1c00013a  PA:1c00013a
22188082ns          373015 1c00b516 feb71ce3 bne              x14, x11, -8        x14:00000020 x11:00000064
22188142ns          373018 1c00b50e 00070763 beq              x14, x0, 14         x14:00000020
22188162ns          373019 1c00b510 00f00533 add              x10, x0, x15        x10=1c00013b x15:1c00013b
22188182ns          373020 1c00b512 0017c70b p.lbu            x14, 1(x15!)        x14=00000023 x15=1c00013c x15:1c00013b  PA:1c00013b
22188500ns          373036 1c00b516 feb71ce3 bne              x14, x11, -8        x14:00000023 x11:00000064
22188560ns          373039 1c00b50e 00070763 beq              x14, x0, 14         x14:00000023
22188580ns          373040 1c00b510 00f00533 add              x10, x0, x15        x10=1c00013c x15:1c00013c
22188599ns          373041 1c00b512 0017c70b p.lbu            x14, 1(x15!)        x14=00000030 x15=1c00013d x15:1c00013c  PA:1c00013c
22188918ns          373057 1c00b516 feb71ce3 bne              x14, x11, -8        x14:00000030 x11:00000064
22188977ns          373060 1c00b50e 00070763 beq              x14, x0, 14         x14:00000030
22188997ns          373061 1c00b510 00f00533 add              x10, x0, x15        x10=1c00013d x15:1c00013d
22189017ns          373062 1c00b512 0017c70b p.lbu            x14, 1(x15!)        x14=00000000 x15=1c00013e x15:1c00013d  PA:1c00013d
22189355ns          373079 1c00b516 feb71ce3 bne              x14, x11, -8        x14:00000000 x11:00000064
22189415ns          373082 1c00b50e 00070763 beq              x14, x0, 14         x14:00000000
22189475ns          373085 1c00b51c 0015b593 sltiu            x11, x11, 1         x11=00000000 x11:00000064
22189495ns          373086 1c00b520 40b005b3 sub              x11, x0, x11        x11=00000000 x11:00000000
22189514ns          373087 1c00b524 00b57533 and              x10, x10, x11       x10=00000000 x10:1c00013d x11:00000000
22189534ns          373088 1c00b526 00008067 jalr             x0, x1, 0            x1:1c00b6e0
22189574ns          373090 1c00b6e0 02050a63 beq              x10, x0, 52         x10:00000000
22189674ns          373095 1c00b714 02a00613 addi             x12, x0, 42         x12=0000002a
22189713ns          373097 1c00b718 2ac48663 beq              x9, x12, 684         x9:00000064 x12:0000002a
22189733ns          373098 1c00b71c fd048613 addi             x12, x9, -48        x12=00000034  x9:00000064
22190071ns          373115 1c00b720 00900593 addi             x11, x0, 9          x11=00000009
22190091ns          373116 1c00b722 00000913 addi             x18, x0, 0          x18=00000000
22190111ns          373117 1c00b724 28c5f063 bgeu             x11, x12, 640       x11:00000009 x12:00000034
22190131ns          373118 1c00b728 02e00693 addi             x13, x0, 46         x13=0000002e
22190151ns          373119 1c00b72c fff00a13 addi             x20, x0, -1         x20=ffffffff
22190171ns          373120 1c00b72e 2ed48363 beq              x9, x13, 742         x9:00000064 x13:0000002e
22190191ns          373121 1c00b732 1c0007b7 lui              x15, 0x1c000000     x15=1c000000
22190211ns          373122 1c00b736 009005b3 add              x11, x0, x9         x11=00000064  x9:00000064
22190231ns          373123 1c00b738 14078513 addi             x10, x15, 320       x10=1c000140 x15:1c000000
22190250ns          373124 1c00b73c dbfff0ef jal              x1, -578             x1=1c00b73e
22190350ns          373129 1c00b4fa 00054783 lbu              x15, 0(x10)         x15=00000068 x10:1c000140  PA:1c000140
22190648ns          373144 1c00b4fe 0ff5f593 andi             x11, x11, 255       x11=00000064 x11:00000064
22190668ns          373145 1c00b502 00b78c63 beq              x15, x11, 24        x15:00000068 x11:00000064
22190688ns          373146 1c00b506 00078b63 beq              x15, x0, 22         x15:00000068
22190708ns          373147 1c00b508 00150793 addi             x15, x10, 1         x15=1c000141 x10:1c000140
22190728ns          373148 1c00b50c 0040006f jal              x0, 4              
22190768ns          373150 1c00b510 00f00533 add              x10, x0, x15        x10=1c000141 x15:1c000141
22190787ns          373151 1c00b512 0017c70b p.lbu            x14, 1(x15!)        x14=0000006c x15=1c000142 x15:1c000141  PA:1c000141
22191106ns          373167 1c00b516 feb71ce3 bne              x14, x11, -8        x14:0000006c x11:00000064
22191165ns          373170 1c00b50e 00070763 beq              x14, x0, 14         x14:0000006c
22191185ns          373171 1c00b510 00f00533 add              x10, x0, x15        x10=1c000142 x15:1c000142
22191205ns          373172 1c00b512 0017c70b p.lbu            x14, 1(x15!)        x14=0000004c x15=1c000143 x15:1c000142  PA:1c000142
22191523ns          373188 1c00b516 feb71ce3 bne              x14, x11, -8        x14:0000004c x11:00000064
22191583ns          373191 1c00b50e 00070763 beq              x14, x0, 14         x14:0000004c
22191603ns          373192 1c00b510 00f00533 add              x10, x0, x15        x10=1c000143 x15:1c000143
22191623ns          373193 1c00b512 0017c70b p.lbu            x14, 1(x15!)        x14=0000007a x15=1c000144 x15:1c000143  PA:1c000143
22191961ns          373210 1c00b516 feb71ce3 bne              x14, x11, -8        x14:0000007a x11:00000064
22192021ns          373213 1c00b50e 00070763 beq              x14, x0, 14         x14:0000007a
22192041ns          373214 1c00b510 00f00533 add              x10, x0, x15        x10=1c000144 x15:1c000144
22192060ns          373215 1c00b512 0017c70b p.lbu            x14, 1(x15!)        x14=00000000 x15=1c000145 x15:1c000144  PA:1c000144
22192379ns          373231 1c00b516 feb71ce3 bne              x14, x11, -8        x14:00000000 x11:00000064
22192438ns          373234 1c00b50e 00070763 beq              x14, x0, 14         x14:00000000
22192498ns          373237 1c00b51c 0015b593 sltiu            x11, x11, 1         x11=00000000 x11:00000064
22192518ns          373238 1c00b520 40b005b3 sub              x11, x0, x11        x11=00000000 x11:00000000
22192538ns          373239 1c00b524 00b57533 and              x10, x10, x11       x10=00000000 x10:1c000144 x11:00000000
22192558ns          373240 1c00b526 00008067 jalr             x0, x1, 0            x1:1c00b73e
22192598ns          373242 1c00b73e 01300433 add              x8, x0, x19          x8=1c00008d x19:1c00008d
22192617ns          373243 1c00b740 00050563 beq              x10, x0, 10         x10:00000000
22192697ns          373247 1c00b74a 06700693 addi             x13, x0, 103        x13=00000067
22192757ns          373250 1c00b74e 2896d963 bge              x13, x9, 658        x13:00000067  x9:00000064
22192856ns          373255 1c00b9e0 06500693 addi             x13, x0, 101        x13=00000065
22192896ns          373257 1c00b9e4 12d4d563 bge              x9, x13, 298         x9:00000064 x13:00000065
22192916ns          373258 1c00b9e8 04700693 addi             x13, x0, 71         x13=00000047
22192936ns          373259 1c00b9ec dc96cbe3 blt              x13, x9, -554       x13:00000047  x9:00000064
22193075ns          373266 1c00b7c2 06300693 addi             x13, x0, 99         x13=00000063
22193095ns          373267 1c00b7c6 0ad488e3 beq              x9, x13, 2224        x9:00000064 x13:00000063
22193115ns          373268 1c00b7ca 0096c9e3 blt              x13, x9, 2066       x13:00000063  x9:00000064
22193254ns          373275 1c00bfdc 000c2583 lw               x11, 0(x24)         x11=00000002 x24:100016b0  PA:100016b0
22193333ns          373279 1c00bfe0 004c0c13 addi             x24, x24, 4         x24=100016b4 x24:100016b0
22193373ns          373281 1c00bfe2 3405cc63 blt              x11, x0, 856        x11:00000002
22193393ns          373282 1c00bfe6 01412603 lw               x12, 20(x2)         x12=00000000  x2:10001558  PA:1000156c
22193413ns          373283 1c00bfe8 00b006b3 add              x13, x0, x11        x13=00000002 x11:00000002
22193433ns          373284 1c00bfea 2e061863 bne              x12, x0, 752        x12:00000000
22193453ns          373285 1c00bfee 01812703 lw               x14, 24(x2)         x14=00000000  x2:10001558  PA:10001570
22193473ns          373286 1c00bff0 019007b3 add              x15, x0, x25        x15=1000157c x25:1000157c
22193493ns          373287 1c00bff2 00070763 beq              x14, x0, 14         x14:00000000
22193552ns          373290 1c00c000 00f00733 add              x14, x0, x15        x14=1000157c x15:1000157c
22193572ns          373291 1c00c002 00a00513 addi             x10, x0, 10         x10=0000000a
22193592ns          373292 1c00c004 02a6f633 remu             x12, x13, x10       x12=00000002 x13:00000002 x10:0000000a
22194209ns          373323 1c00c008 02a6d6b3 divu             x13, x13, x10       x13=00000000 x13:00000002 x10:0000000a
22194825ns          373354 1c00c00c 03060613 addi             x12, x12, 48        x12=00000032 x12:00000002
22194845ns          373355 1c00c010 00c700ab p.sb             x12, 1(x14!)        x14=1000157d x12:00000032 x14:1000157c  PA:1000157c
22194865ns          373356 1c00c014 fe0698e3 bne              x13, x0, -16        x13:00000000
22194885ns          373357 1c00c016 40f706b3 sub              x13, x14, x15       x13=00000001 x14:1000157d x15:1000157c
22194905ns          373358 1c00c01a 0146dc63 bge              x13, x20, 24        x13:00000001 x20:ffffffff
22194984ns          373362 1c00c032 00e006b3 add              x13, x0, x14        x13=1000157d x14:1000157d
22195004ns          373363 1c00c034 fe068fab p.sb             x0, -1(x13!)        x13=1000157c x13:1000157d  PA:1000157d
22195024ns          373364 1c00c038 00d7fc63 bgeu             x15, x13, 24        x15:1000157c x13:1000157c
22195183ns          373372 1c00c050 01412783 lw               x15, 20(x2)         x15=00000000  x2:10001558  PA:1000156c
22195203ns          373373 1c00c052 01812603 lw               x12, 24(x2)         x12=00000000  x2:10001558  PA:10001570
22195223ns          373374 1c00c054 419704b3 sub              x9, x14, x25         x9=00000001 x14:1000157d x25:1000157c
22195243ns          373375 1c00c058 00c7e7b3 or               x15, x15, x12       x15=00000000 x15:00000000 x12:00000000
22195263ns          373376 1c00c05a 00f12623 sw               x15, 12(x2)         x15:00000000  x2:10001558  PA:10001564
22195303ns          373378 1c00c05c 00079363 bne              x15, x0, 6          x15:00000000
22195323ns          373379 1c00c05e 01f5d593 srli             x11, x11, 0x1f      x11=00000000 x11:00000002
22195342ns          373380 1c00c060 00b12623 sw               x11, 12(x2)         x11:00000000  x2:10001558  PA:10001564
22195362ns          373381 1c00c062 e3fa28e3 p.beqimm         x20, -464           x20:ffffffff
22195442ns          373385 1c00be92 0c800793 addi             x15, x0, 200        x15=000000c8
22195462ns          373386 1c00be96 9e97d0e3 bge              x15, x9, -1568      x15:000000c8  x9:00000001
22195661ns          373396 1c00b876 0f24d163 bge              x9, x18, 226         x9:00000001 x18:00000000
22195820ns          373404 1c00b958 d00482e3 beq              x9, x0, -764         x9:00000001
22195860ns          373406 1c00b95c 01900933 add              x18, x0, x25        x18=1000157c x25:1000157c
22195919ns          373409 1c00b95e 419d8db3 sub              x27, x27, x25       x27=efffeaae x27:0000002a x25:1000157c
22195939ns          373410 1c00b962 00a0006f jal              x0, 10             
22195979ns          373412 1c00b96c 0019450b p.lbu            x10, 1(x18!)        x10=00000032 x18=1000157d x18:1000157c  PA:1000157c
22195999ns          373413 1c00b970 01a005b3 add              x11, x0, x26        x11=00000002 x26:00000002
22196019ns          373414 1c00b972 000b00e7 jalr             x1, x22, 0           x1=1c00b974 x22:1c00b57a
22196058ns          373416 1c00b57a 000026b7 lui              x13, 0x2000         x13=00002000
22196078ns          373417 1c00b57c f14027f3 csrrs            x15, x0, 0xf14      x15=00000002
22196098ns          373418 1c00b580 f8068693 addi             x13, x13, -128      x13=00001f80 x13:00002000
22196118ns          373419 1c00b584 00379713 slli             x14, x15, 0x3       x14=00000010 x15:00000002
22196138ns          373420 1c00b588 00279793 slli             x15, x15, 0x2       x15=00000008 x15:00000002
22196158ns          373421 1c00b58a 00d7f7b3 and              x15, x15, x13       x15=00000000 x15:00000008 x13:00001f80
22196178ns          373422 1c00b58c ee873733 p.bclr           x14, x14, 23, 8     x14=00000010 x14:00000010
22196198ns          373423 1c00b590 1a10f6b7 lui              x13, 0x1a10f000     x13=1a10f000
22196218ns          373424 1c00b594 0ff57513 andi             x10, x10, 255       x10=00000032 x10:00000032
22196238ns          373425 1c00b598 00d70733 add              x14, x14, x13       x14=1a10f010 x14:00000010 x13:1a10f000
22196257ns          373426 1c00b59a 00a7e723 p.sw             x10, x0(x15)        x10:00000032 x15:00000000  PA:1a10f010
22196596ns          373443 1c00b59e 00000513 addi             x10, x0, 0          x10=00000000
22196615ns          373444 1c00b5a0 00008067 jalr             x0, x1, 0            x1:1c00b974
22196655ns          373446 1c00b974 fff48493 addi             x9, x9, -1           x9=00000000  x9:00000001
22196675ns          373447 1c00b976 fff537e3 p.bneimm         x10, -18            x10:00000000
22196794ns          373453 1c00b964 012d8733 add              x14, x27, x18       x14=0000002b x27:efffeaae x18:1000157d
22196814ns          373454 1c00b968 5a048b63 beq              x9, x0, 1462         x9:00000000
22196914ns          373459 1c00bf1e 00e00db3 add              x27, x0, x14        x27=0000002b x14:0000002b
22196993ns          373463 1c00bf20 f3cff06f jal              x0, -2244          
22197073ns          373467 1c00b65c 00044503 lbu              x10, 0(x8)          x10=00000029  x8:1c00008d  PA:1c00008d
22197391ns          373483 1c00b660 00140413 addi             x8, x8, 1            x8=1c00008e  x8:1c00008d
22197411ns          373484 1c00b662 00050e63 beq              x10, x0, 28         x10:00000029
22197431ns          373485 1c00b664 02500793 addi             x15, x0, 37         x15=00000025
22197451ns          373486 1c00b668 04f50863 beq              x10, x15, 80        x10:00000029 x15:00000025
22197471ns          373487 1c00b66c 01a005b3 add              x11, x0, x26        x11=00000002 x26:00000002
22197491ns          373488 1c00b66e 000b00e7 jalr             x1, x22, 0           x1=1c00b670 x22:1c00b57a
22197550ns          373491 1c00b57a 000026b7 lui              x13, 0x2000         x13=00002000
22197570ns          373492 1c00b57c f14027f3 csrrs            x15, x0, 0xf14      x15=00000002
22197590ns          373493 1c00b580 f8068693 addi             x13, x13, -128      x13=00001f80 x13:00002000
22197610ns          373494 1c00b584 00379713 slli             x14, x15, 0x3       x14=00000010 x15:00000002
22197630ns          373495 1c00b588 00279793 slli             x15, x15, 0x2       x15=00000008 x15:00000002
22197650ns          373496 1c00b58a 00d7f7b3 and              x15, x15, x13       x15=00000000 x15:00000008 x13:00001f80
22197670ns          373497 1c00b58c ee873733 p.bclr           x14, x14, 23, 8     x14=00000010 x14:00000010
22197690ns          373498 1c00b590 1a10f6b7 lui              x13, 0x1a10f000     x13=1a10f000
22197709ns          373499 1c00b594 0ff57513 andi             x10, x10, 255       x10=00000029 x10:00000029
22197729ns          373500 1c00b598 00d70733 add              x14, x14, x13       x14=1a10f010 x14:00000010 x13:1a10f000
22197749ns          373501 1c00b59a 00a7e723 p.sw             x10, x0(x15)        x10:00000029 x15:00000000  PA:1a10f010
22198087ns          373518 1c00b59e 00000513 addi             x10, x0, 0          x10=00000000
22198107ns          373519 1c00b5a0 00008067 jalr             x0, x1, 0            x1:1c00b670
22198147ns          373521 1c00b670 31f52563 p.beqimm         x10, 778            x10:00000000
22198167ns          373522 1c00b674 001d8d93 addi             x27, x27, 1         x27=0000002c x27:0000002b
22198187ns          373523 1c00b676 00044503 lbu              x10, 0(x8)          x10=0000000a  x8:1c00008e  PA:1c00008e
22198505ns          373539 1c00b67a 00140413 addi             x8, x8, 1            x8=1c00008f  x8:1c00008e
22198525ns          373540 1c00b67c fe0514e3 bne              x10, x0, -24        x10:0000000a
22198585ns          373543 1c00b664 02500793 addi             x15, x0, 37         x15=00000025
22198605ns          373544 1c00b668 04f50863 beq              x10, x15, 80        x10:0000000a x15:00000025
22198624ns          373545 1c00b66c 01a005b3 add              x11, x0, x26        x11=00000002 x26:00000002
22198644ns          373546 1c00b66e 000b00e7 jalr             x1, x22, 0           x1=1c00b670 x22:1c00b57a
22198684ns          373548 1c00b57a 000026b7 lui              x13, 0x2000         x13=00002000
22198704ns          373549 1c00b57c f14027f3 csrrs            x15, x0, 0xf14      x15=00000002
22198724ns          373550 1c00b580 f8068693 addi             x13, x13, -128      x13=00001f80 x13:00002000
22198744ns          373551 1c00b584 00379713 slli             x14, x15, 0x3       x14=00000010 x15:00000002
22198764ns          373552 1c00b588 00279793 slli             x15, x15, 0x2       x15=00000008 x15:00000002
22198784ns          373553 1c00b58a 00d7f7b3 and              x15, x15, x13       x15=00000000 x15:00000008 x13:00001f80
22198803ns          373554 1c00b58c ee873733 p.bclr           x14, x14, 23, 8     x14=00000010 x14:00000010
22198823ns          373555 1c00b590 1a10f6b7 lui              x13, 0x1a10f000     x13=1a10f000
22198843ns          373556 1c00b594 0ff57513 andi             x10, x10, 255       x10=0000000a x10:0000000a
22198863ns          373557 1c00b598 00d70733 add              x14, x14, x13       x14=1a10f010 x14:00000010 x13:1a10f000
22198883ns          373558 1c00b59a 00a7e723 p.sw             x10, x0(x15)        x10:0000000a x15:00000000  PA:1a10f010
22199201ns          373574 1c00b59e 00000513 addi             x10, x0, 0          x10=00000000
22199221ns          373575 1c00b5a0 00008067 jalr             x0, x1, 0            x1:1c00b670
22199261ns          373577 1c00b670 31f52563 p.beqimm         x10, 778            x10:00000000
22199281ns          373578 1c00b674 001d8d93 addi             x27, x27, 1         x27=0000002d x27:0000002c
22199301ns          373579 1c00b676 00044503 lbu              x10, 0(x8)          x10=00000000  x8:1c00008f  PA:1c00008f
22199599ns          373594 1c00b67a 00140413 addi             x8, x8, 1            x8=1c000090  x8:1c00008f
22199619ns          373595 1c00b67c fe0514e3 bne              x10, x0, -24        x10:00000000
22199639ns          373596 1c00b67e 01b00433 add              x8, x0, x27          x8=0000002d x27:0000002d
22199659ns          373597 1c00b680 00800533 add              x10, x0, x8         x10=0000002d  x8:0000002d
22199679ns          373598 1c00b682 12c12083 lw               x1, 300(x2)          x1=1c00b60e  x2:10001558  PA:10001684
22199699ns          373599 1c00b686 12812403 lw               x8, 296(x2)          x8=00000002  x2:10001558  PA:10001680
22199718ns          373600 1c00b68a 12412483 lw               x9, 292(x2)          x9=xxxxxxxx  x2:10001558  PA:1000167c
22200096ns          373619 1c00b68e 12012903 lw               x18, 288(x2)        x18=xxxxxxxx  x2:10001558  PA:10001678
22200136ns          373621 1c00b692 11c12983 lw               x19, 284(x2)        x19=xxxxxxxx  x2:10001558  PA:10001674
22200156ns          373622 1c00b696 11812a03 lw               x20, 280(x2)        x20=xxxxxxxx  x2:10001558  PA:10001670
22200176ns          373623 1c00b69a 11412a83 lw               x21, 276(x2)        x21=xxxxxxxx  x2:10001558  PA:1000166c
22200613ns          373645 1c00b69e 11012b03 lw               x22, 272(x2)        x22=xxxxxxxx  x2:10001558  PA:10001668
22200653ns          373647 1c00b6a2 10c12b83 lw               x23, 268(x2)        x23=xxxxxxxx  x2:10001558  PA:10001664
22200673ns          373648 1c00b6a6 10812c03 lw               x24, 264(x2)        x24=xxxxxxxx  x2:10001558  PA:10001660
22200693ns          373649 1c00b6aa 10412c83 lw               x25, 260(x2)        x25=xxxxxxxx  x2:10001558  PA:1000165c
22200713ns          373650 1c00b6ae 10012d03 lw               x26, 256(x2)        x26=xxxxxxxx  x2:10001558  PA:10001658
22200733ns          373651 1c00b6b2 0fc12d83 lw               x27, 252(x2)        x27=xxxxxxxx  x2:10001558  PA:10001654
22200753ns          373652 1c00b6b4 13010113 addi             x2, x2, 304          x2=10001688  x2:10001558
22200773ns          373653 1c00b6b6 00008067 jalr             x0, x1, 0            x1:1c00b60e
22200912ns          373660 1c00b60e 01c12083 lw               x1, 28(x2)           x1=1c00ab30  x2:10001688  PA:100016a4
22200991ns          373664 1c00b610 04010113 addi             x2, x2, 64           x2=100016c8  x2:10001688
22201011ns          373665 1c00b612 00008067 jalr             x0, x1, 0            x1:1c00ab30
22201051ns          373667 1c00ab30 00300793 addi             x15, x0, 3          x15=00000003
22201071ns          373668 1c00ab32 0087f463 bgeu             x15, x8, 8          x15:00000003  x8:00000002
22201151ns          373672 1c00ab3a 663010ef jal              x1, 7778             x1=1c00ab3e
22202046ns          373717 1c00c99c f14027f3 csrrs            x15, x0, 0xf14      x15=00000002
22202523ns          373741 1c00c9a0 01f00713 addi             x14, x0, 31         x14=0000001f
22202563ns          373743 1c00c9a2 ca5797b3 p.extractu       x15, x15, 5, 5      x15=00000000 x15:00000002
22202583ns          373744 1c00c9a6 00e78863 beq              x15, x14, 16        x15:00000000 x14:0000001f
22202603ns          373745 1c00c9aa 002047b7 lui              x15, 0x204000       x15=00204000
22203040ns          373767 1c00c9ae 20078793 addi             x15, x15, 512       x15=00204200 x15:00204000
22203080ns          373769 1c00c9b2 01c7e703 p.elw            x14, 28(x15)        x14=00010000 x15:00204200  PA:0020421c
22203259ns          373778 1c00c9b6 00008067 jalr             x0, x1, 0            x1:1c00ab3e
22203657ns          373798 1c00ab3e f14027f3 csrrs            x15, x0, 0xf14      x15=00000002
22203697ns          373800 1c00ab42 f457b7b3 p.bclr           x15, x15, 26, 5     x15=00000002 x15:00000002
22203716ns          373801 1c00ab46 3e078563 beq              x15, x0, 1002       x15:00000002
22203736ns          373802 1c00ab4a 1c010937 lui              x18, 0x1c010000     x18=1c010000
22203756ns          373803 1c00ab4e 01900493 addi             x9, x0, 25           x9=00000019
22204234ns          373827 1c00ab50 029404b3 mul              x9, x8, x9           x9=00000032  x8:00000002  x9:00000019
22204273ns          373829 1c00ab54 00090913 addi             x18, x18, 0         x18=1c010000 x18:1c010000
22204293ns          373830 1c00ab58 00249793 slli             x15, x9, 0x2        x15=000000c8  x9:00000032
22204313ns          373831 1c00ab5c 08090493 addi             x9, x18, 128         x9=1c010080 x18:1c010000
22204771ns          373854 1c00ab60 00f484b3 add              x9, x9, x15          x9=1c010148  x9:1c010080 x15:000000c8
22204791ns          373855 1c00ab62 0004a783 lw               x15, 0(x9)          x15=43e95cf7  x9:1c010148  PA:1c010148
22205188ns          373875 1c00ab64 0044a083 lw               x1, 4(x9)            x1=c33b0ead  x9:1c010148  PA:1c01014c
22205487ns          373890 1c00ab68 02f12423 sw               x15, 40(x2)         x15:43e95cf7  x2:100016c8  PA:100016f0
22205507ns          373891 1c00ab6a 0084a783 lw               x15, 8(x9)          x15=42d62360  x9:1c010148  PA:1c010150
22205805ns          373906 1c00ab6c 02112623 sw               x1, 44(x2)           x1:c33b0ead  x2:100016c8  PA:100016f4
22205825ns          373907 1c00ab6e 02f12823 sw               x15, 48(x2)         x15:42d62360  x2:100016c8  PA:100016f8
22205845ns          373908 1c00ab70 00c4a083 lw               x1, 12(x9)           x1=c2f43089  x9:1c010148  PA:1c010154
22206143ns          373923 1c00ab74 0104a783 lw               x15, 16(x9)         x15=428de58b  x9:1c010148  PA:1c010158
22206461ns          373939 1c00ab76 02112a23 sw               x1, 52(x2)           x1:c2f43089  x2:100016c8  PA:100016fc
22206481ns          373940 1c00ab78 02f12c23 sw               x15, 56(x2)         x15:428de58b  x2:100016c8  PA:10001700
22206501ns          373941 1c00ab7a 0204a083 lw               x1, 32(x9)           x1=436d26b6  x9:1c010148  PA:1c010168
22206800ns          373956 1c00ab7e 0244a783 lw               x15, 36(x9)         x15=c3f46aa0  x9:1c010148  PA:1c01016c
22207098ns          373971 1c00ab80 0144a503 lw               x10, 20(x9)         x10=c33b0ead  x9:1c010148  PA:1c01015c
22207396ns          373986 1c00ab82 0184a583 lw               x11, 24(x9)         x11=43a931cc  x9:1c010148  PA:1c010160
22207695ns          374001 1c00ab84 04112423 sw               x1, 72(x2)           x1:436d26b6  x2:100016c8  PA:10001710
22207714ns          374002 1c00ab86 04f12623 sw               x15, 76(x2)         x15:c3f46aa0  x2:100016c8  PA:10001714
22207734ns          374003 1c00ab88 0284a083 lw               x1, 40(x9)           x1=42d62360  x9:1c010148  PA:1c010170
22208132ns          374023 1c00ab8c 02c4a783 lw               x15, 44(x9)         x15=4270990f  x9:1c010148  PA:1c010174
22208431ns          374038 1c00ab8e 0584a683 lw               x13, 88(x9)         x13=c2006ea4  x9:1c010148  PA:1c0101a0
22208729ns          374053 1c00ab90 05c4a703 lw               x14, 92(x9)         x14=c32bf89d  x9:1c010148  PA:1c0101a4
22209027ns          374068 1c00ab92 0304a383 lw               x7, 48(x9)           x7=437a8854  x9:1c010148  PA:1c010178
22209365ns          374085 1c00ab96 0344a283 lw               x5, 52(x9)           x5=43795432  x9:1c010148  PA:1c01017c
22209664ns          374100 1c00ab9a 0384af83 lw               x31, 56(x9)         x31=c2006ea4  x9:1c010148  PA:1c010180
22209962ns          374115 1c00ab9e 03c4af03 lw               x30, 60(x9)         x30=c2f43089  x9:1c010148  PA:1c010184
22210280ns          374131 1c00aba2 0404ae83 lw               x29, 64(x9)         x29=436d26b6  x9:1c010148  PA:1c010188
22210579ns          374146 1c00aba6 0444ae03 lw               x28, 68(x9)         x28=43795432  x9:1c010148  PA:1c01018c
22210877ns          374161 1c00abaa 0484a303 lw               x6, 72(x9)           x6=43dcef5b  x9:1c010148  PA:1c010190
22211175ns          374176 1c00abae 04c4a883 lw               x17, 76(x9)         x17=c32bf89d  x9:1c010148  PA:1c010194
22211474ns          374191 1c00abb2 0504a803 lw               x16, 80(x9)         x16=428de58b  x9:1c010148  PA:1c010198
22211792ns          374207 1c00abb6 0544a603 lw               x12, 84(x9)         x12=c3f46aa0  x9:1c010148  PA:1c01019c
22212090ns          374222 1c00abb8 04112823 sw               x1, 80(x2)           x1:42d62360  x2:100016c8  PA:10001718
22212110ns          374223 1c00abba 04f12a23 sw               x15, 84(x2)         x15:4270990f  x2:100016c8  PA:1000171c
22212130ns          374224 1c00abbc 0604a783 lw               x15, 96(x9)         x15=447391b3  x9:1c010148  PA:1c0101a8
22212429ns          374239 1c00abbe 01c4a483 lw               x9, 28(x9)           x9=4270990f  x9:1c010148  PA:1c010164
22212727ns          374254 1c00abc0 02a12e23 sw               x10, 60(x2)         x10:c33b0ead  x2:100016c8  PA:10001704
22212747ns          374255 1c00abc2 04912223 sw               x9, 68(x2)           x9:4270990f  x2:100016c8  PA:1000170c
22212767ns          374256 1c00abc4 02810493 addi             x9, x2, 40           x9=100016f0  x2:100016c8
22212787ns          374257 1c00abc6 04b12023 sw               x11, 64(x2)         x11:43a931cc  x2:100016c8  PA:10001708
22212807ns          374258 1c00abc8 00900533 add              x10, x0, x9         x10=100016f0  x9:100016f0
22212826ns          374259 1c00abca 00810593 addi             x11, x2, 8          x11=100016d0  x2:100016c8
22212846ns          374260 1c00abcc 08d12023 sw               x13, 128(x2)        x13:c2006ea4  x2:100016c8  PA:10001748
22212866ns          374261 1c00abce 08e12223 sw               x14, 132(x2)        x14:c32bf89d  x2:100016c8  PA:1000174c
22213085ns          374272 1c00abd0 08f12423 sw               x15, 136(x2)        x15:447391b3  x2:100016c8  PA:10001750
22213105ns          374273 1c00abd2 04712c23 sw               x7, 88(x2)           x7:437a8854  x2:100016c8  PA:10001720
22213125ns          374274 1c00abd4 04512e23 sw               x5, 92(x2)           x5:43795432  x2:100016c8  PA:10001724
22213145ns          374275 1c00abd6 07f12023 sw               x31, 96(x2)         x31:c2006ea4  x2:100016c8  PA:10001728
22213165ns          374276 1c00abd8 07e12223 sw               x30, 100(x2)        x30:c2f43089  x2:100016c8  PA:1000172c
22213184ns          374277 1c00abda 07d12423 sw               x29, 104(x2)        x29:436d26b6  x2:100016c8  PA:10001730
22213204ns          374278 1c00abdc 07c12623 sw               x28, 108(x2)        x28:43795432  x2:100016c8  PA:10001734
22213224ns          374279 1c00abde 06612823 sw               x6, 112(x2)          x6:43dcef5b  x2:100016c8  PA:10001738
22213602ns          374298 1c00abe0 07112a23 sw               x17, 116(x2)        x17:c32bf89d  x2:100016c8  PA:1000173c
22213622ns          374299 1c00abe2 07012c23 sw               x16, 120(x2)        x16:428de58b  x2:100016c8  PA:10001740
22213642ns          374300 1c00abe4 06c12e23 sw               x12, 124(x2)        x12:c3f46aa0  x2:100016c8  PA:10001744
22213662ns          374301 1c00abe6 becff0ef jal              x1, -3092            x1=1c00abea
22214119ns          374324 1c009fd2 f7010113 addi             x2, x2, -144         x2=10001638  x2:100016c8
22214159ns          374326 1c009fd4 1c0007b7 lui              x15, 0x1c000000     x15=1c000000
22214179ns          374327 1c009fd8 07612a23 sw               x22, 116(x2)        x22:xxxxxxxx  x2:10001638  PA:100016ac
22214199ns          374328 1c009fda 0347ab03 lw               x22, 52(x15)        x22=73000000 x15:1c000000  PA:1c000034
22214676ns          374352 1c009fde 07a12223 sw               x26, 100(x2)        x26:xxxxxxxx  x2:10001638  PA:1000169c
22214696ns          374353 1c009fe0 00000d13 addi             x26, x0, 0          x26=00000000
22214716ns          374354 1c009fe2 08912423 sw               x9, 136(x2)          x9:100016f0  x2:10001638  PA:100016c0
22214756ns          374356 1c009fe4 09212223 sw               x18, 132(x2)        x18:1c010000  x2:10001638  PA:100016bc
22214776ns          374357 1c009fe6 09312023 sw               x19, 128(x2)        x19:xxxxxxxx  x2:10001638  PA:100016b8
22214796ns          374358 1c009fe8 07412e23 sw               x20, 124(x2)        x20:xxxxxxxx  x2:10001638  PA:100016b4
22214815ns          374359 1c009fea 07512c23 sw               x21, 120(x2)        x21:xxxxxxxx  x2:10001638  PA:100016b0
22214835ns          374360 1c009fec 07712823 sw               x23, 112(x2)        x23:xxxxxxxx  x2:10001638  PA:100016a8
22214855ns          374361 1c009fee 07812623 sw               x24, 108(x2)        x24:xxxxxxxx  x2:10001638  PA:100016a4
22215174ns          374377 1c009ff0 07912423 sw               x25, 104(x2)        x25:xxxxxxxx  x2:10001638  PA:100016a0
22215193ns          374378 1c009ff2 07b12023 sw               x27, 96(x2)         x27:xxxxxxxx  x2:10001638  PA:10001698
22215213ns          374379 1c009ff4 08812623 sw               x8, 140(x2)          x8:00000002  x2:10001638  PA:100016c4
22215253ns          374381 1c009ff6 00a12623 sw               x10, 12(x2)         x10:100016f0  x2:10001638  PA:10001644
22215273ns          374382 1c009ff8 04012623 sw               x0, 76(x2)           x2:10001638  PA:10001684
22215313ns          374384 1c009ffa 04012823 sw               x0, 80(x2)           x2:10001638  PA:10001688
22215333ns          374385 1c009ffc 04012a23 sw               x0, 84(x2)           x2:10001638  PA:1000168c
22215353ns          374386 1c009ffe 04012c23 sw               x0, 88(x2)           x2:10001638  PA:10001690
22215691ns          374403 1c00a000 04012e23 sw               x0, 92(x2)           x2:10001638  PA:10001694
22215730ns          374405 1c00a002 00450913 addi             x18, x10, 4         x18=100016f4 x10:100016f0
22215750ns          374406 1c00a006 00b00ab3 add              x21, x0, x11        x21=100016d0 x11:100016d0
22215770ns          374407 1c00a008 00850a13 addi             x20, x10, 8         x20=100016f8 x10:100016f0
22215790ns          374408 1c00a00c 00a009b3 add              x19, x0, x10        x19=100016f0 x10:100016f0
22215810ns          374409 1c00a00e 00500d93 addi             x27, x0, 5          x27=00000005
22216208ns          374429 1c00a010 00000b93 addi             x23, x0, 0          x23=00000000
22216228ns          374430 1c00a012 00300c13 addi             x24, x0, 3          x24=00000003
22216248ns          374431 1c00a014 01600cb3 add              x25, x0, x22        x25=73000000 x22:73000000
22216268ns          374432 1c00a016 01a004b3 add              x9, x0, x26          x9=00000000 x26:00000000
22216287ns          374433 1c00a018 00300d13 addi             x26, x0, 3          x26=00000003
22216307ns          374434 1c00a01a 418d0d33 sub              x26, x26, x24       x26=00000000 x26:00000003 x24:00000003
22216327ns          374435 1c00a01e 018005b3 add              x11, x0, x24        x11=00000003 x24:00000003
22216725ns          374455 1c00a020 00092503 lw               x10, 0(x18)         x10=c33b0ead x18:100016f4  PA:100016f4
22216765ns          374457 1c00a024 423d2163 p.beqimm         x26, 1058           x26:00000000
22216785ns          374458 1c00a028 003b8813 addi             x16, x23, 3         x16=00000003 x23:00000000
22216805ns          374459 1c00a02c 400c0d63 beq              x24, x0, 1050       x24:00000003
22217262ns          374482 1c00a030 601c2b63 p.beqimm         x24, 1558           x24:00000003
22217302ns          374484 1c00a034 00648793 addi             x15, x9, 6          x15=00000006  x9:00000000
22217322ns          374485 1c00a038 7af85863 bge              x16, x15, 1968      x16:00000003 x15:00000006
22217342ns          374486 1c00a03c 01498313 addi             x6, x19, 20          x6=10001704 x19:100016f0
22217779ns          374508 1c00a040 414306b3 sub              x13, x6, x20        x13=0000000c  x6:10001704 x20:100016f8
22217819ns          374510 1c00a044 ffc68693 addi             x13, x13, -4        x13=00000008 x13:0000000c
22217839ns          374511 1c00a046 1c000737 lui              x14, 0x1c000000     x14=1c000000
22217859ns          374512 1c00a04a 0026d693 srli             x13, x13, 0x2       x13=00000002 x13:00000008
22217879ns          374513 1c00a04c 00000793 addi             x15, x0, 0          x15=00000000
22218296ns          374534 1c00a050 01c72603 lw               x12, 28(x14)        x12=00800000 x14:1c000000  PA:1c00001c
22218615ns          374550 1c00a054 014008b3 add              x17, x0, x20        x17=100016f8 x20:100016f8
22218635ns          374551 1c00a056 00f00eb3 add              x29, x0, x15        x29=00000000 x15:00000000
22218654ns          374552 1c00a058 00168693 addi             x13, x13, 1         x13=00000003 x13:00000002
22218674ns          374553 1c00a05a 0048a70b p.lw             x14, 4(x17!)        x14=42d62360 x17=100016fc x17:100016f8  PA:100016f8
22218833ns          374561 1c00a05e a1d71e53 flt.s            x28, f14, f29       x28=00000000 f14:42d62360 f29:00000000
22218873ns          374563 1c00a062 000e0463 beq              x28, x0, 8          x28:00000000
22218953ns          374567 1c00a06a a0e61e53 flt.s            x28, f12, f14       x28=00000001 f12:00800000 f14:42d62360
22219410ns          374590 1c00a06e 3a0e0863 beq              x28, x0, 944        x28:00000001
22219450ns          374592 1c00a072 18e67e53 fdiv.s           f28, f12, f14       f28=xxxxxxxx f12:00800000 f14:42d62360
22219927ns          374616 1c00a076 00e00633 add              x12, x0, x14        x12=xxxxxxxx x14:42d62360
22219947ns          374617 1c00a078 1c000737 lui              x14, 0x1c000000     x14=xxxxxxxx
22220186ns          374629 1c00a07c 11c7f7d3 fmul.s           f15, f15, f28       f15=xxxxxxxx f15:00000000 f28:0001320c
22220206ns          374630 1c00a080 04c70713 addi             x14, x14, 76        x14=1c00004c x14:1c000000
22220226ns          374631 1c00a084 00072703 lw               x14, 0(x14)         x14=3f800000 x14:1c00004c  PA:1c00004c
22220544ns          374647 1c00a086 70fe77c3 fmadd.s          f15, f28, f15, f14  f15=xxxxxxxx f28:0001320c f15:00000000 f14:3f800000
22220564ns          374648 1c00a08a fff68693 addi             x13, x13, -1        x13=00000002 x13:00000003
22220584ns          374649 1c00a08c fc0697e3 bne              x13, x0, -50        x13:00000002
22220663ns          374653 1c00a05a 0048a70b p.lw             x14, 4(x17!)        x14=c2f43089 x17=10001700 x17:100016fc  PA:100016fc
22220703ns          374655 1c00a05e a1d71e53 flt.s            x28, f14, f29       x28=00000001 f14:c2f43089 f29:00000000
22220723ns          374656 1c00a062 000e0463 beq              x28, x0, 8          x28:00000001
22220743ns          374657 1c00a066 20e71753 fsgnjn.s         f14, f14, f14       f14=xxxxxxxx f14:c2f43089 f14:c2f43089
22220763ns          374658 1c00a06a a0e61e53 flt.s            x28, f12, f14       x28=00000001 f12:42d62360 f14:42f43089
22220783ns          374659 1c00a06e 3a0e0863 beq              x28, x0, 944        x28:00000001
22220803ns          374660 1c00a072 18e67e53 fdiv.s           f28, f12, f14       f28=xxxxxxxx f12:42d62360 f14:42f43089
22220942ns          374667 1c00a076 00e00633 add              x12, x0, x14        x12=xxxxxxxx x14:42f43089
22220962ns          374668 1c00a078 1c000737 lui              x14, 0x1c000000     x14=xxxxxxxx
22221200ns          374680 1c00a07c 11c7f7d3 fmul.s           f15, f15, f28       f15=xxxxxxxx f15:3f800000 f28:3f607ec1
22221220ns          374681 1c00a080 04c70713 addi             x14, x14, 76        x14=1c00004c x14:1c000000
22221240ns          374682 1c00a084 00072703 lw               x14, 0(x14)         x14=3f800000 x14:1c00004c  PA:1c00004c
22221558ns          374698 1c00a086 70fe77c3 fmadd.s          f15, f28, f15, f14  f15=xxxxxxxx f28:3f607ec1 f15:3f607ec1 f14:3f800000
22221578ns          374699 1c00a08a fff68693 addi             x13, x13, -1        x13=00000001 x13:00000002
22221598ns          374700 1c00a08c fc0697e3 bne              x13, x0, -50        x13:00000001
22221678ns          374704 1c00a05a 0048a70b p.lw             x14, 4(x17!)        x14=428de58b x17=10001704 x17:10001700  PA:10001700
22221718ns          374706 1c00a05e a1d71e53 flt.s            x28, f14, f29       x28=00000000 f14:428de58b f29:00000000
22221737ns          374707 1c00a062 000e0463 beq              x28, x0, 8          x28:00000000
22221817ns          374711 1c00a06a a0e61e53 flt.s            x28, f12, f14       x28=00000000 f12:42f43089 f14:428de58b
22221837ns          374712 1c00a06e 3a0e0863 beq              x28, x0, 944        x28:00000000
22222016ns          374721 1c00a41e 18c77753 fdiv.s           f14, f14, f12       f14=xxxxxxxx f14:428de58b f12:42f43089
22222652ns          374753 1c00a422 78e777c3 fmadd.s          f15, f14, f14, f15  f15=xxxxxxxx f14:3f14c274 f14:3f14c274 f15:3fe26f08
22222672ns          374754 1c00a426 fff68693 addi             x13, x13, -1        x13=00000000 x13:00000001
22222692ns          374755 1c00a428 c20699e3 bne              x13, x0, -974       x13:00000000
22222712ns          374756 1c00a42c c63ff06f jal              x0, -926           
22222812ns          374761 1c00a08e 5807f7d3 fsqrt.s          f15, f15            f15=xxxxxxxx f15:4006d3de
22223189ns          374780 1c00a092 10c7f7d3 fmul.s           f15, f15, f12       f15=xxxxxxxx f15:3fb9c8d3 f12:42f43089
22223209ns          374781 1c00a096 00000713 addi             x14, x0, 0          x14=00000000
22223229ns          374782 1c00a09a a0e7a6d3 feq.s            x13, f15, f14       x13=00000000 f15:433136a2 f14:00000000
22223309ns          374786 1c00a09e 5c069363 bne              x13, x0, 1478       x13:00000000
22223349ns          374788 1c00a0a2 a0e51753 flt.s            x14, f10, f14       x14=00000001 f10:c33b0ead f14:00000000
22223369ns          374789 1c00a0a6 5e071063 bne              x14, x0, 1504       x14:00000001
22224343ns          374838 1c00a686 20a51753 fsgnjn.s         f14, f10, f10       f14=xxxxxxxx f10:c33b0ead f10:c33b0ead
22224363ns          374839 1c00a68a a23ff06f jal              x0, -1502          
22224920ns          374867 1c00a0ac 00000693 addi             x13, x0, 0          x13=00000000
22224940ns          374868 1c00a0b0 a0d796d3 flt.s            x13, f15, f13       x13=00000000 f15:433136a2 f13:00000000
22224960ns          374869 1c00a0b4 00068363 beq              x13, x0, 6          x13:00000000
22225039ns          374873 1c00a0ba a0f716d3 flt.s            x13, f14, f15       x13=00000000 f14:433b0ead f15:433136a2
22225099ns          374876 1c00a0be 5a069763 bne              x13, x0, 1454       x13:00000000
22225139ns          374878 1c00a0c2 a0e796d3 flt.s            x13, f15, f14       x13=00000001 f15:433136a2 f14:433b0ead
22225159ns          374879 1c00a0c6 5c069663 bne              x13, x0, 1484       x13:00000001
22225517ns          374897 1c00a692 1c000e37 lui              x28, 0x1c000000     x28=1c000000
22225537ns          374898 1c00a696 04ce2683 lw               x13, 76(x28)        x13=3f800000 x28:1c000000  PA:1c00004c
22225835ns          374913 1c00a69a 18e7f7d3 fdiv.s           f15, f15, f14       f15=xxxxxxxx f15:433136a2 f14:433b0ead
22226133ns          374928 1c00a69e 68f7f7c3 fmadd.s          f15, f15, f15, f13  f15=xxxxxxxx f15:3f728728 f15:3f728728 f13:3f800000
22226153ns          374929 1c00a6a2 5807f7d3 fsqrt.s          f15, f15            f15=xxxxxxxx f15:3ff2e1e7
22226670ns          374955 1c00a6a6 10f777d3 fmul.s           f15, f14, f15       f15=xxxxxxxx f14:433b0ead f15:3fb05212
22226690ns          374956 1c00a6aa a33ff06f jal              x0, -1486          
22226730ns          374958 1c00a0dc 00000713 addi             x14, x0, 0          x14=00000000
22227168ns          374980 1c00a0e0 a0a70753 fle.s            x14, f14, f10       x14=00000000 f14:00000000 f10:c33b0ead
22227207ns          374982 1c00a0e4 00070363 beq              x14, x0, 6          x14:00000000
22227287ns          374986 1c00a0ea 00000713 addi             x14, x0, 0          x14=00000000
22227725ns          375008 1c00a0ee a0e79753 flt.s            x14, f15, f14       x14=00000000 f15:4380d60f f14:00000000
22227764ns          375010 1c00a0f2 58071d63 bne              x14, x0, 1434       x14:00000000
22227784ns          375011 1c00a0f6 00f00733 add              x14, x0, x15        x14=4380d60f x15:4380d60f
22227804ns          375012 1c00a0f8 1c000637 lui              x12, 0x1c000000     x12=1c000000
22227824ns          375013 1c00a0fc 03060613 addi             x12, x12, 48        x12=1c000030 x12:1c000000
22228242ns          375034 1c00a100 00062603 lw               x12, 0(x12)         x12=0c000000 x12:1c000030  PA:1c000030
22228580ns          375051 1c00a102 a0c71753 flt.s            x14, f14, f12       x14=00000000 f14:4380d60f f12:0c000000
22228600ns          375052 1c00a106 3a070063 beq              x14, x0, 928        x14:00000000
22229555ns          375100 1c00a4a6 1c0008b7 lui              x17, 0x1c000000     x17=1c000000
22229574ns          375101 1c00a4aa 04c88893 addi             x17, x17, 76        x17=1c00004c x17:1c000000
22230012ns          375123 1c00a4ae 08a7f6d3 fsub.s           f13, f15, f10       f13=xxxxxxxx f15:4380d60f f10:c33b0ead
22230052ns          375125 1c00a4b2 0008a883 lw               x17, 0(x17)         x17=3f800000 x17:1c00004c  PA:1c00004c
22230370ns          375141 1c00a4b6 08f57553 fsub.s           f10, f10, f15       f10=xxxxxxxx f10:c33b0ead f15:4380d60f
22230390ns          375142 1c00a4ba 18f6f6d3 fdiv.s           f13, f13, f15       f13=xxxxxxxx f13:43de5d66 f15:4380d60f
22230688ns          375157 1c00a4be 18a8f553 fdiv.s           f10, f17, f10       f10=xxxxxxxx f17:3f800000 f10:c3de5d66
22230967ns          375171 1c00a4c2 d90dc7e3 blt              x27, x16, -626      x27:00000005 x16:00000003
22230987ns          375172 1c00a4c6 41430733 sub              x14, x6, x20        x14=00000008  x6:10001704 x20:100016f8
22231007ns          375173 1c00a4ca ffc70713 addi             x14, x14, -4        x14=00000002 x14:0000000c
22231026ns          375174 1c00a4cc 00275713 srli             x14, x14, 0x2       x14=xxxxxxxx x14:00000008
22231046ns          375175 1c00a4ce 01400833 add              x16, x0, x20        x16=xxxxxxxx x20:100016f8
22231186ns          375182 1c00a4d0 00170713 addi             x14, x14, 1         x14=xxxxxxxx x14:00000002
22231225ns          375184 1c00a4d2 006740fb lp.setup         0x1, x14, 0x6       x14:00000003
22231245ns          375185 1c00a4d6 00082603 lw               x12, 0(x16)         x12=xxxxxxxx x16:100016f8  PA:100016f8
22231285ns          375187 1c00a4da 10a67653 fmul.s           f12, f12, f10       f12=xxxxxxxx f12:42d62360 f10:bb135c86
22231703ns          375208 1c00a4de 00c8222b p.sw             x12, 4(x16!)        x16=100016fc x12:be76876a x16:100016f8  PA:100016f8
22231762ns          375211 1c00a4d6 00082603 lw               x12, 0(x16)         x12=c2f43089 x16:100016fc  PA:100016fc
22231802ns          375213 1c00a4da 10a67653 fmul.s           f12, f12, f10       f12=xxxxxxxx f12:c2f43089 f10:bb135c86
22231822ns          375214 1c00a4de 00c8222b p.sw             x12, 4(x16!)        x16=10001700 x12:3e8c9020 x16:100016fc  PA:100016fc
22231842ns          375215 1c00a4d6 00082603 lw               x12, 0(x16)         x12=428de58b x16:10001700  PA:10001700
22231882ns          375217 1c00a4da 10a67653 fmul.s           f12, f12, f10       f12=xxxxxxxx f12:428de58b f10:bb135c86
22231902ns          375218 1c00a4de 00c8222b p.sw             x12, 4(x16!)        x16=10001704 x12:be235c2f x16:10001700  PA:10001700
22231922ns          375219 1c00a4e2 d6fff06f jal              x0, -658           
22232379ns          375242 1c00a250 1c000e37 lui              x28, 0x1c000000     x28=1c000000
22232419ns          375244 1c00a254 04ce0e13 addi             x28, x28, 76        x28=1c00004c x28:1c000000
22232439ns          375245 1c00a258 000e2e03 lw               x28, 0(x28)         x28=3f800000 x28:1c00004c  PA:1c00004c
22232737ns          375260 1c00a25c 00daa023 sw               x13, 0(x21)         x13:3fdcebf2 x21:100016d0  PA:100016d0
22232896ns          375268 1c00a260 01c92023 sw               x28, 0(x18)         x28:3f800000 x18:100016f4  PA:100016f4
22232936ns          375270 1c00a264 000aaf03 lw               x30, 0(x21)         x30=3fdcebf2 x21:100016d0  PA:100016d0
22232956ns          375271 1c00a268 00000713 addi             x14, x0, 0          x14=00000000
22232976ns          375272 1c00a26c a0ef26d3 feq.s            x13, f30, f14       x13=00000000 f30:3fdcebf2 f14:00000000
22233433ns          375295 1c00a270 20069063 bne              x13, x0, 512        x13:00000000
22233473ns          375297 1c00a274 0109a683 lw               x13, 16(x19)        x13=be235c2f x19:100016f0  PA:10001700
22233513ns          375299 1c00a278 a0e6a753 feq.s            x14, f13, f14       x14=00000000 f13:be235c2f f14:00000000
22233533ns          375300 1c00a27c 70070063 beq              x14, x0, 1792       x14:00000000
22234408ns          375344 1c00a97c 002c1813 slli             x16, x24, 0x2       x16=0000000c x24:00000003
22234865ns          375367 1c00a980 fffc0893 addi             x17, x24, -1        x17=00000002 x24:00000003
22234905ns          375369 1c00a984 001c0613 addi             x12, x24, 1         x12=00000004 x24:00000003
22234925ns          375370 1c00a988 01880833 add              x16, x16, x24       x16=0000000f x16:0000000c x24:00000003
22234945ns          375371 1c00a98a 01112423 sw               x17, 8(x2)          x17:00000002  x2:10001638  PA:10001640
22234965ns          375372 1c00a98c 93bff06f jal              x0, -1734          
22235900ns          375419 1c00a2c6 02498e93 addi             x29, x19, 36        x29=10001714 x19:100016f0
22235920ns          375420 1c00a2ca 00500713 addi             x14, x0, 5          x14=00000005
22235939ns          375421 1c00a2cc 01b80833 add              x16, x16, x27       x16=00000014 x16:0000000f x27:00000005
22236357ns          375442 1c00a2ce 00000393 addi             x7, x0, 0            x7=00000000
22236377ns          375443 1c00a2d2 00500e13 addi             x28, x0, 5          x28=00000005
22236397ns          375444 1c00a2d4 109e40fb lp.setup         0x1, x28, 0x109     x28:00000005
22236417ns          375445 1c00a2d8 01b706b3 add              x13, x14, x27       x13=0000000a x14:00000005 x27:00000005
22236437ns          375446 1c00a2dc 00e80fb3 add              x31, x16, x14       x31=00000019 x16:00000014 x14:00000005
22236874ns          375468 1c00a2e0 00d00533 add              x10, x0, x13        x10=0000000a x13:0000000a
22236914ns          375470 1c00a2e2 20dfc163 blt              x31, x13, 514       x31:00000019 x13:0000000a
22236934ns          375471 1c00a2e6 000ea883 lw               x17, 0(x29)         x17=c3f46aa0 x29:10001714  PA:10001714
22236974ns          375473 1c00a2ea a078a8d3 feq.s            x17, f17, f7        x17=00000000 f17:c3f46aa0  f7:00000000
22237391ns          375494 1c00a2ee 00088d63 beq              x17, x0, 26         x17:00000000
22237869ns          375518 1c00a308 1e060263 beq              x12, x0, 484        x12:00000004
22237909ns          375520 1c00a30c 04012623 sw               x0, 76(x2)           x2:10001638  PA:10001684
22238346ns          375542 1c00a30e 68172363 p.beqimm         x14, 1670           x14:00000005
22238366ns          375543 1c00a312 04012823 sw               x0, 80(x2)           x2:10001638  PA:10001688
22238386ns          375544 1c00a314 76272f63 p.beqimm         x14, 1918           x14:00000005
22238406ns          375545 1c00a318 04012a23 sw               x0, 84(x2)           x2:10001638  PA:1000168c
22238426ns          375546 1c00a31a 76372463 p.beqimm         x14, 1896           x14:00000005
22238446ns          375547 1c00a31e 04012c23 sw               x0, 88(x2)           x2:10001638  PA:10001690
22238863ns          375568 1c00a320 78472163 p.beqimm         x14, 1922           x14:00000005
22238903ns          375570 1c00a324 00000393 addi             x7, x0, 0            x7=00000000
22238923ns          375571 1c00a328 04012e23 sw               x0, 92(x2)           x2:10001638  PA:10001694
22238943ns          375572 1c00a32a 00712823 sw               x7, 16(x2)           x7:00000000  x2:10001638  PA:10001648
22238963ns          375573 1c00a32c 00700433 add              x8, x0, x7           x8=00000000  x7:00000000
22238983ns          375574 1c00a32e 00712a23 sw               x7, 20(x2)           x7:00000000  x2:10001638  PA:1000164c
22239381ns          375594 1c00a330 002c1893 slli             x17, x24, 0x2       x17=0000000c x24:00000003
22239420ns          375596 1c00a334 01888e33 add              x28, x17, x24       x28=0000000f x17:0000000c x24:00000003
22239440ns          375597 1c00a338 41c00533 sub              x10, x0, x28        x10=fffffff1 x28:0000000f
22239460ns          375598 1c00a33c 00180f93 addi             x31, x16, 1         x31=00000015 x16:00000014
22239918ns          375621 1c00a340 01550513 addi             x10, x10, 21        x10=00000006 x10:fffffff1
22239957ns          375623 1c00a342 6aafc763 blt              x31, x10, 1710      x31:00000015 x10:00000006
22239977ns          375624 1c00a346 00c12e83 lw               x29, 12(x2)         x29=100016f0  x2:10001638  PA:10001644
22239997ns          375625 1c00a348 002e1e13 slli             x28, x28, 0x2       x28=0000003c x28:0000000f
22240017ns          375626 1c00a34a 050e8813 addi             x16, x29, 80        x16=10001740 x29:100016f0
22240435ns          375647 1c00a34e 41c80833 sub              x16, x16, x28       x16=10001704 x16:10001740 x28:0000003c
22240455ns          375648 1c00a352 01412e03 lw               x28, 20(x2)         x28=00000000  x2:10001638  PA:1000164c
22240475ns          375649 1c00a354 03112c23 sw               x17, 56(x2)         x17:0000000c  x2:10001638  PA:10001670
22240494ns          375650 1c00a356 03c12423 sw               x28, 40(x2)         x28:00000000  x2:10001638  PA:10001660
22240514ns          375651 1c00a358 02d12e23 sw               x13, 60(x2)         x13:0000000a  x2:10001638  PA:10001674
22240534ns          375652 1c00a35a 02812883 lw               x17, 40(x2)         x17=00000000  x2:10001638  PA:10001660
22240554ns          375653 1c00a35c 01012683 lw               x13, 16(x2)         x13=00000000  x2:10001638  PA:10001648
22240574ns          375654 1c00a35e 012002b3 add              x5, x0, x18          x5=100016f4 x18:100016f4
22240952ns          375673 1c00a360 02012223 sw               x0, 36(x2)           x2:10001638  PA:1000165c
22240972ns          375674 1c00a362 02012023 sw               x0, 32(x2)           x2:10001638  PA:10001658
22240992ns          375675 1c00a364 00012e23 sw               x0, 28(x2)           x2:10001638  PA:10001654
22241012ns          375676 1c00a366 00012c23 sw               x0, 24(x2)           x2:10001638  PA:10001650
22241031ns          375677 1c00a368 00000e93 addi             x29, x0, 0          x29=00000000
22241051ns          375678 1c00a36a 00000e13 addi             x28, x0, 0          x28=00000000
22241071ns          375679 1c00a36e 02c12623 sw               x12, 44(x2)         x12:00000004  x2:10001638  PA:10001664
22241469ns          375699 1c00a370 02b12823 sw               x11, 48(x2)         x11:00000003  x2:10001638  PA:10001668
22241489ns          375700 1c00a372 02f12a23 sw               x15, 52(x2)         x15:4380d60f  x2:10001638  PA:1000166c
22241509ns          375701 1c00a374 00a707b3 add              x15, x14, x10       x15=0000000b x14:00000005 x10:00000006
22241529ns          375702 1c00a378 06f55063 bge              x10, x15, 96        x10:00000006 x15:0000000b
22241549ns          375703 1c00a37c 0002a603 lw               x12, 0(x5)          x12=3f800000  x5:100016f4  PA:100016f4
22241986ns          375725 1c00a380 00082e83 lw               x29, 0(x16)         x29=c33b0ead x16:10001704  PA:10001704
22242026ns          375727 1c00a384 00150593 addi             x11, x10, 1         x11=00000007 x10:00000006
22242046ns          375728 1c00a388 e0cefe43 fmadd.s          f28, f29, f12, f28  f28=xxxxxxxx f29:c33b0ead f12:3f800000 f28:00000000
22242066ns          375729 1c00a38c 48f5d863 bge              x11, x15, 1168      x11:00000007 x15:0000000b
22242523ns          375752 1c00a390 00482e83 lw               x29, 4(x16)         x29=43a931cc x16:10001704  PA:10001708
22242563ns          375754 1c00a394 00250593 addi             x11, x10, 2         x11=00000008 x10:00000006
22242583ns          375755 1c00a398 39d673c3 fmadd.s          f7, f12, f29, f7     f7=xxxxxxxx f12:3f800000 f29:43a931cc  f7:00000000
22242603ns          375756 1c00a39c 58f5d363 bge              x11, x15, 1414      x11:00000008 x15:0000000b
22243040ns          375778 1c00a3a0 00882e83 lw               x29, 8(x16)         x29=4270990f x16:10001704  PA:1000170c
22243080ns          375780 1c00a3a4 00350593 addi             x11, x10, 3         x11=00000009 x10:00000006
22243100ns          375781 1c00a3a8 41d67443 fmadd.s          f8, f12, f29, f8     f8=xxxxxxxx f12:3f800000 f29:4270990f  f8:00000000
22243120ns          375782 1c00a3ac 46f5d463 bge              x11, x15, 1128      x11:00000009 x15:0000000b
22243558ns          375804 1c00a3b0 00c82e83 lw               x29, 12(x16)        x29=436d26b6 x16:10001704  PA:10001710
22243597ns          375806 1c00a3b4 00450593 addi             x11, x10, 4         x11=0000000a x10:00000006
22243617ns          375807 1c00a3b8 69d676c3 fmadd.s          f13, f12, f29, f13  f13=xxxxxxxx f12:3f800000 f29:436d26b6 f13:00000000
22243637ns          375808 1c00a3bc 56f5d663 bge              x11, x15, 1388      x11:0000000a x15:0000000b
22244075ns          375830 1c00a3c0 01082783 lw               x15, 16(x16)        x15=c3f46aa0 x16:10001704  PA:10001714
22244115ns          375832 1c00a3c4 00100e93 addi             x29, x0, 1          x29=00000001
22244134ns          375833 1c00a3c6 88f678c3 fmadd.s          f17, f12, f15, f17  f17=xxxxxxxx f12:3f800000 f15:c3f46aa0 f17:00000000
22244154ns          375834 1c00a3ca 00100593 addi             x11, x0, 1          x11=00000001
22244174ns          375835 1c00a3cc 00100613 addi             x12, x0, 1          x12=00000001
22244194ns          375836 1c00a3ce 00100793 addi             x15, x0, 1          x15=00000001
22244592ns          375856 1c00a3d0 03d12223 sw               x29, 36(x2)         x29:00000001  x2:10001638  PA:1000165c
22244612ns          375857 1c00a3d2 02b12023 sw               x11, 32(x2)         x11:00000001  x2:10001638  PA:10001658
22244632ns          375858 1c00a3d4 00c12e23 sw               x12, 28(x2)         x12:00000001  x2:10001638  PA:10001654
22244652ns          375859 1c00a3d6 00f12c23 sw               x15, 24(x2)         x15:00000001  x2:10001638  PA:10001650
22244671ns          375860 1c00a3d8 00550513 addi             x10, x10, 5         x10=0000000b x10:00000006
22244691ns          375861 1c00a3da 01480813 addi             x16, x16, 20        x16=10001718 x16:10001704
22244711ns          375862 1c00a3dc 00428293 addi             x5, x5, 4            x5=100016f8  x5:100016f4
22245129ns          375883 1c00a3de f8afdbe3 bge              x31, x10, -106      x31:00000015 x10:0000000b
22245189ns          375886 1c00a374 00a707b3 add              x15, x14, x10       x15=00000010 x14:00000005 x10:0000000b
22245209ns          375887 1c00a378 06f55063 bge              x10, x15, 96        x10:0000000b x15:00000010
22245228ns          375888 1c00a37c 0002a603 lw               x12, 0(x5)          x12=be76876a  x5:100016f8  PA:100016f8
22245248ns          375889 1c00a380 00082e83 lw               x29, 0(x16)         x29=42d62360 x16:10001718  PA:10001718
22245268ns          375890 1c00a384 00150593 addi             x11, x10, 1         x11=0000000c x10:0000000b
22245288ns          375891 1c00a388 e0cefe43 fmadd.s          f28, f29, f12, f28  f28=xxxxxxxx f29:42d62360 f12:be76876a f28:c33b0ead
22245308ns          375892 1c00a38c 48f5d863 bge              x11, x15, 1168      x11:0000000c x15:00000010
22245328ns          375893 1c00a390 00482e83 lw               x29, 4(x16)         x29=4270990f x16:10001718  PA:1000171c
22245348ns          375894 1c00a394 00250593 addi             x11, x10, 2         x11=0000000d x10:0000000b
22245368ns          375895 1c00a398 39d673c3 fmadd.s          f7, f12, f29, f7     f7=xxxxxxxx f12:be76876a f29:4270990f  f7:43a931cc
22245388ns          375896 1c00a39c 58f5d363 bge              x11, x15, 1414      x11:0000000d x15:00000010
22245407ns          375897 1c00a3a0 00882e83 lw               x29, 8(x16)         x29=437a8854 x16:10001718  PA:10001720
22245427ns          375898 1c00a3a4 00350593 addi             x11, x10, 3         x11=0000000e x10:0000000b
22245447ns          375899 1c00a3a8 41d67443 fmadd.s          f8, f12, f29, f8     f8=xxxxxxxx f12:be76876a f29:437a8854  f8:4270990f
22245467ns          375900 1c00a3ac 46f5d463 bge              x11, x15, 1128      x11:0000000e x15:00000010
22245487ns          375901 1c00a3b0 00c82e83 lw               x29, 12(x16)        x29=43795432 x16:10001718  PA:10001724
22245507ns          375902 1c00a3b4 00450593 addi             x11, x10, 4         x11=0000000f x10:0000000b
22245527ns          375903 1c00a3b8 69d676c3 fmadd.s          f13, f12, f29, f13  f13=xxxxxxxx f12:be76876a f29:43795432 f13:436d26b6
22245547ns          375904 1c00a3bc 56f5d663 bge              x11, x15, 1388      x11:0000000f x15:00000010
22245567ns          375905 1c00a3c0 01082783 lw               x15, 16(x16)        x15=c2006ea4 x16:10001718  PA:10001728
22245586ns          375906 1c00a3c4 00100e93 addi             x29, x0, 1          x29=00000001
22245606ns          375907 1c00a3c6 88f678c3 fmadd.s          f17, f12, f15, f17  f17=xxxxxxxx f12:be76876a f15:c2006ea4 f17:c3f46aa0
22245626ns          375908 1c00a3ca 00100593 addi             x11, x0, 1          x11=00000001
22245646ns          375909 1c00a3cc 00100613 addi             x12, x0, 1          x12=00000001
22245666ns          375910 1c00a3ce 00100793 addi             x15, x0, 1          x15=00000001
22245686ns          375911 1c00a3d0 03d12223 sw               x29, 36(x2)         x29:00000001  x2:10001638  PA:1000165c
22245706ns          375912 1c00a3d2 02b12023 sw               x11, 32(x2)         x11:00000001  x2:10001638  PA:10001658
22245726ns          375913 1c00a3d4 00c12e23 sw               x12, 28(x2)         x12:00000001  x2:10001638  PA:10001654
22245746ns          375914 1c00a3d6 00f12c23 sw               x15, 24(x2)         x15:00000001  x2:10001638  PA:10001650
22245765ns          375915 1c00a3d8 00550513 addi             x10, x10, 5         x10=00000010 x10:0000000b
22245785ns          375916 1c00a3da 01480813 addi             x16, x16, 20        x16=1000172c x16:10001718
22245805ns          375917 1c00a3dc 00428293 addi             x5, x5, 4            x5=100016fc  x5:100016f8
22245825ns          375918 1c00a3de f8afdbe3 bge              x31, x10, -106      x31:00000015 x10:00000010
22245885ns          375921 1c00a374 00a707b3 add              x15, x14, x10       x15=00000015 x14:00000005 x10:00000010
22245905ns          375922 1c00a378 06f55063 bge              x10, x15, 96        x10:00000010 x15:00000015
22245925ns          375923 1c00a37c 0002a603 lw               x12, 0(x5)          x12=3e8c9020  x5:100016fc  PA:100016fc
22245945ns          375924 1c00a380 00082e83 lw               x29, 0(x16)         x29=c2f43089 x16:1000172c  PA:1000172c
22245964ns          375925 1c00a384 00150593 addi             x11, x10, 1         x11=00000011 x10:00000010
22245984ns          375926 1c00a388 e0cefe43 fmadd.s          f28, f29, f12, f28  f28=xxxxxxxx f29:c2f43089 f12:3e8c9020 f28:c354d595
22246004ns          375927 1c00a38c 48f5d863 bge              x11, x15, 1168      x11:00000011 x15:00000015
22246024ns          375928 1c00a390 00482e83 lw               x29, 4(x16)         x29=436d26b6 x16:1000172c  PA:10001730
22246044ns          375929 1c00a394 00250593 addi             x11, x10, 2         x11=00000012 x10:00000010
22246064ns          375930 1c00a398 39d673c3 fmadd.s          f7, f12, f29, f7     f7=xxxxxxxx f12:3e8c9020 f29:436d26b6  f7:43a1f439
22246084ns          375931 1c00a39c 58f5d363 bge              x11, x15, 1414      x11:00000012 x15:00000015
22246104ns          375932 1c00a3a0 00882e83 lw               x29, 8(x16)         x29=43795432 x16:1000172c  PA:10001734
22246124ns          375933 1c00a3a4 00350593 addi             x11, x10, 3         x11=00000013 x10:00000010
22246143ns          375934 1c00a3a8 41d67443 fmadd.s          f8, f12, f29, f8     f8=xxxxxxxx f12:3e8c9020 f29:43795432  f8:be2a7759
22246163ns          375935 1c00a3ac 46f5d463 bge              x11, x15, 1128      x11:00000013 x15:00000015
22246183ns          375936 1c00a3b0 00c82e83 lw               x29, 12(x16)        x29=43dcef5b x16:1000172c  PA:10001738
22246203ns          375937 1c00a3b4 00450593 addi             x11, x10, 4         x11=00000014 x10:00000010
22246223ns          375938 1c00a3b8 69d676c3 fmadd.s          f13, f12, f29, f13  f13=xxxxxxxx f12:3e8c9020 f29:43dcef5b f13:43312003
22246243ns          375939 1c00a3bc 56f5d663 bge              x11, x15, 1388      x11:00000014 x15:00000015
22246263ns          375940 1c00a3c0 01082783 lw               x15, 16(x16)        x15=c32bf89d x16:1000172c  PA:1000173c
22246283ns          375941 1c00a3c4 00100e93 addi             x29, x0, 1          x29=00000001
22246303ns          375942 1c00a3c6 88f678c3 fmadd.s          f17, f12, f15, f17  f17=xxxxxxxx f12:3e8c9020 f15:c32bf89d f17:c3f08d2e
22246322ns          375943 1c00a3ca 00100593 addi             x11, x0, 1          x11=00000001
22246342ns          375944 1c00a3cc 00100613 addi             x12, x0, 1          x12=00000001
22246362ns          375945 1c00a3ce 00100793 addi             x15, x0, 1          x15=00000001
22246382ns          375946 1c00a3d0 03d12223 sw               x29, 36(x2)         x29:00000001  x2:10001638  PA:1000165c
22246402ns          375947 1c00a3d2 02b12023 sw               x11, 32(x2)         x11:00000001  x2:10001638  PA:10001658
22246422ns          375948 1c00a3d4 00c12e23 sw               x12, 28(x2)         x12:00000001  x2:10001638  PA:10001654
22246442ns          375949 1c00a3d6 00f12c23 sw               x15, 24(x2)         x15:00000001  x2:10001638  PA:10001650
22246462ns          375950 1c00a3d8 00550513 addi             x10, x10, 5         x10=00000015 x10:00000010
22246482ns          375951 1c00a3da 01480813 addi             x16, x16, 20        x16=10001740 x16:1000172c
22246501ns          375952 1c00a3dc 00428293 addi             x5, x5, 4            x5=10001700  x5:100016fc
22246521ns          375953 1c00a3de f8afdbe3 bge              x31, x10, -106      x31:00000015 x10:00000015
22246581ns          375956 1c00a374 00a707b3 add              x15, x14, x10       x15=0000001a x14:00000005 x10:00000015
22246601ns          375957 1c00a378 06f55063 bge              x10, x15, 96        x10:00000015 x15:0000001a
22246621ns          375958 1c00a37c 0002a603 lw               x12, 0(x5)          x12=be235c2f  x5:10001700  PA:10001700
22246641ns          375959 1c00a380 00082e83 lw               x29, 0(x16)         x29=428de58b x16:10001740  PA:10001740
22246661ns          375960 1c00a384 00150593 addi             x11, x10, 1         x11=00000016 x10:00000015
22246680ns          375961 1c00a388 e0cefe43 fmadd.s          f28, f29, f12, f28  f28=xxxxxxxx f29:428de58b f12:be235c2f f28:c3765a96
22246700ns          375962 1c00a38c 48f5d863 bge              x11, x15, 1168      x11:00000016 x15:0000001a
22246720ns          375963 1c00a390 00482e83 lw               x29, 4(x16)         x29=c3f46aa0 x16:10001740  PA:10001744
22246740ns          375964 1c00a394 00250593 addi             x11, x10, 2         x11=00000017 x10:00000015
22246760ns          375965 1c00a398 39d673c3 fmadd.s          f7, f12, f29, f7     f7=xxxxxxxx f12:be235c2f f29:c3f46aa0  f7:43c281e5
22246780ns          375966 1c00a39c 58f5d363 bge              x11, x15, 1414      x11:00000017 x15:0000001a
22246800ns          375967 1c00a3a0 00882e83 lw               x29, 8(x16)         x29=c2006ea4 x16:10001740  PA:10001748
22246820ns          375968 1c00a3a4 00350593 addi             x11, x10, 3         x11=00000018 x10:00000015
22246840ns          375969 1c00a3a8 41d67443 fmadd.s          f8, f12, f29, f8     f8=xxxxxxxx f12:be235c2f f29:c2006ea4  f8:4288912e
22246859ns          375970 1c00a3ac 46f5d463 bge              x11, x15, 1128      x11:00000018 x15:0000001a
22246879ns          375971 1c00a3b0 00c82e83 lw               x29, 12(x16)        x29=c32bf89d x16:10001740  PA:1000174c
22246899ns          375972 1c00a3b4 00450593 addi             x11, x10, 4         x11=00000019 x10:00000015
22246919ns          375973 1c00a3b8 69d676c3 fmadd.s          f13, f12, f29, f13  f13=xxxxxxxx f12:be235c2f f29:c32bf89d f13:439537a6
22246939ns          375974 1c00a3bc 56f5d663 bge              x11, x15, 1388      x11:00000019 x15:0000001a
22246959ns          375975 1c00a3c0 01082783 lw               x15, 16(x16)        x15=447391b3 x16:10001740  PA:10001750
22246979ns          375976 1c00a3c4 00100e93 addi             x29, x0, 1          x29=00000001
22246999ns          375977 1c00a3c6 88f678c3 fmadd.s          f17, f12, f15, f17  f17=xxxxxxxx f12:be235c2f f15:447391b3 f17:c4041430
22247019ns          375978 1c00a3ca 00100593 addi             x11, x0, 1          x11=00000001
22247038ns          375979 1c00a3cc 00100613 addi             x12, x0, 1          x12=00000001
22247058ns          375980 1c00a3ce 00100793 addi             x15, x0, 1          x15=00000001
22247078ns          375981 1c00a3d0 03d12223 sw               x29, 36(x2)         x29:00000001  x2:10001638  PA:1000165c
22247098ns          375982 1c00a3d2 02b12023 sw               x11, 32(x2)         x11:00000001  x2:10001638  PA:10001658
22247118ns          375983 1c00a3d4 00c12e23 sw               x12, 28(x2)         x12:00000001  x2:10001638  PA:10001654
22247138ns          375984 1c00a3d6 00f12c23 sw               x15, 24(x2)         x15:00000001  x2:10001638  PA:10001650
22247158ns          375985 1c00a3d8 00550513 addi             x10, x10, 5         x10=0000001a x10:00000015
22247178ns          375986 1c00a3da 01480813 addi             x16, x16, 20        x16=10001754 x16:10001740
22247198ns          375987 1c00a3dc 00428293 addi             x5, x5, 4            x5=10001704  x5:10001700
22247218ns          375988 1c00a3de f8afdbe3 bge              x31, x10, -106      x31:00000015 x10:0000001a
22247237ns          375989 1c00a3e2 00d12823 sw               x13, 16(x2)         x13:43a2ef4d  x2:10001638  PA:10001648
22247257ns          375990 1c00a3e4 03112423 sw               x17, 40(x2)         x17:c42aef8f  x2:10001638  PA:10001660
22247277ns          375991 1c00a3e6 02c12603 lw               x12, 44(x2)         x12=00000004  x2:10001638  PA:10001664
22247297ns          375992 1c00a3e8 03012583 lw               x11, 48(x2)         x11=00000003  x2:10001638  PA:10001668
22247317ns          375993 1c00a3ea 03412783 lw               x15, 52(x2)         x15=4380d60f  x2:10001638  PA:1000166c
22247337ns          375994 1c00a3ec 03812883 lw               x17, 56(x2)         x17=0000000c  x2:10001638  PA:10001670
22247357ns          375995 1c00a3ee 03c12683 lw               x13, 60(x2)         x13=0000000a  x2:10001638  PA:10001674
22247715ns          376013 1c00a3f0 6c0e9763 bne              x29, x0, 1742       x29:00000001
22248212ns          376038 1c00aabe 05c12623 sw               x28, 76(x2)         x28:c380d60f  x2:10001638  PA:10001684
22248670ns          376061 1c00aac0 935ff06f jal              x0, -1740          
22248709ns          376063 1c00a3f4 01812803 lw               x16, 24(x2)         x16=00000001  x2:10001638  PA:10001650
22248749ns          376065 1c00a3f6 6e081163 bne              x16, x0, 1762       x16:00000001
22249664ns          376111 1c00aad8 04712823 sw               x7, 80(x2)           x7:43e97fdf  x2:10001638  PA:10001688
22249684ns          376112 1c00aada 921ff06f jal              x0, -1760          
22249724ns          376114 1c00a3fa 01c12e03 lw               x28, 28(x2)         x28=00000001  x2:10001638  PA:10001654
22249764ns          376116 1c00a3fc 000e0363 beq              x28, x0, 6          x28:00000001
22249783ns          376117 1c00a400 04812a23 sw               x8, 84(x2)           x8:4292cfc4  x2:10001638  PA:1000168c
22249803ns          376118 1c00a402 02012e83 lw               x29, 32(x2)         x29=00000001  x2:10001638  PA:10001658
22249843ns          376120 1c00a404 000e8463 beq              x29, x0, 8          x29:00000001
22249863ns          376121 1c00a408 01012503 lw               x10, 16(x2)         x10=43a2ef4d  x2:10001638  PA:10001648
22249903ns          376123 1c00a40a 04a12c23 sw               x10, 88(x2)         x10:43a2ef4d  x2:10001638  PA:10001690
22249923ns          376124 1c00a40c 02412803 lw               x16, 36(x2)         x16=00000001  x2:10001638  PA:1000165c
22249962ns          376126 1c00a40e 6a081a63 bne              x16, x0, 1716       x16:00000001
22250022ns          376129 1c00aac2 02812e83 lw               x29, 40(x2)         x29=c42aef8f  x2:10001638  PA:10001660
22250042ns          376130 1c00aac4 05812803 lw               x16, 88(x2)         x16=43a2ef4d  x2:10001638  PA:10001690
22250062ns          376131 1c00aac6 05d12e23 sw               x29, 92(x2)         x29:c42aef8f  x2:10001638  PA:10001694
22250082ns          376132 1c00aac8 04c12503 lw               x10, 76(x2)         x10=c380d60f  x2:10001638  PA:10001684
22250102ns          376133 1c00aaca 05012383 lw               x7, 80(x2)           x7=43e97fdf  x2:10001638  PA:10001688
22250122ns          376134 1c00aacc 05412403 lw               x8, 84(x2)           x8=4292cfc4  x2:10001638  PA:1000168c
22250141ns          376135 1c00aace 01012823 sw               x16, 16(x2)         x16:43a2ef4d  x2:10001638  PA:10001648
22250161ns          376136 1c00aad0 01d12a23 sw               x29, 20(x2)         x29:c42aef8f  x2:10001638  PA:1000164c
22250181ns          376137 1c00aad2 f23ff06f jal              x0, -222           
22250639ns          376160 1c00a9f4 00092e03 lw               x28, 0(x18)         x28=3f800000 x18:100016f4  PA:100016f4
22250679ns          376162 1c00a9f8 00000813 addi             x16, x0, 0          x16=00000000
22250698ns          376163 1c00a9fc a10e2853 feq.s            x16, f28, f16       x16=00000000 f28:3f800000 f16:00000000
22251136ns          376185 1c00aa00 d0081ee3 bne              x16, x0, -740       x16:00000000
22251176ns          376187 1c00aa04 21ef1853 fsgnjn.s         f16, f30, f30       f16=xxxxxxxx f30:3fdcebf2 f30:3fdcebf2
22251196ns          376188 1c00aa08 11c87e53 fmul.s           f28, f16, f28       f28=xxxxxxxx f16:bfdcebf2 f28:3f800000
22251216ns          376189 1c00aa0c d0ddd8e3 bge              x27, x13, -752      x27:00000005 x13:0000000a
22251653ns          376211 1c00aa10 0149ae83 lw               x29, 20(x19)        x29=c33b0ead x19:100016f0  PA:10001704
22251693ns          376213 1c00aa14 01888833 add              x16, x17, x24       x16=0000000f x17:0000000c x24:00000003
22251713ns          376214 1c00aa18 e8ae7ec3 fmadd.s          f29, f28, f10, f29  f29=xxxxxxxx f28:bfdcebf2 f10:c380d60f f29:c33b0ead
22251733ns          376215 1c00aa1c 41000833 sub              x16, x0, x16        x16=fffffff1 x16:0000000f
22252170ns          376237 1c00aa20 01580893 addi             x17, x16, 21        x17=00000006 x16:fffffff1
22252210ns          376239 1c00aa24 01d9aa23 sw               x29, 20(x19)        x29:4380d610 x19:100016f0  PA:10001704
22252230ns          376240 1c00aa28 04d8da63 bge              x17, x13, 84        x17:00000006 x13:0000000a
22252250ns          376241 1c00aa2c 0189ae83 lw               x29, 24(x19)        x29=43a931cc x19:100016f0  PA:10001708
22252687ns          376263 1c00aa30 01680893 addi             x17, x16, 22        x17=00000007 x16:fffffff1
22252727ns          376265 1c00aa34 e87e7ec3 fmadd.s          f29, f28, f7, f29   f29=xxxxxxxx f28:bfdcebf2  f7:43e97fdf f29:43a931cc
22252747ns          376266 1c00aa38 01d9ac23 sw               x29, 24(x19)        x29:c3e9d066 x19:100016f0  PA:10001708
22252767ns          376267 1c00aa3c 04d8d063 bge              x17, x13, 64        x17:00000007 x13:0000000a
22253225ns          376290 1c00aa40 01c9ae83 lw               x29, 28(x19)        x29=4270990f x19:100016f0  PA:1000170c
22253264ns          376292 1c00aa44 01780893 addi             x17, x16, 23        x17=00000008 x16:fffffff1
22253284ns          376293 1c00aa48 e88e7ec3 fmadd.s          f29, f28, f8, f29   f29=xxxxxxxx f28:bfdcebf2  f8:4292cfc4 f29:4270990f
22253304ns          376294 1c00aa4c 01d9ae23 sw               x29, 28(x19)        x29:c2851730 x19:100016f0  PA:1000170c
22253742ns          376316 1c00aa50 02d8d663 bge              x17, x13, 44        x17:00000008 x13:0000000a
22253781ns          376318 1c00aa54 0209a883 lw               x17, 32(x19)        x17=436d26b6 x19:100016f0  PA:10001710
22253801ns          376319 1c00aa58 01012e83 lw               x29, 16(x2)         x29=43a2ef4d  x2:10001638  PA:10001648
22253821ns          376320 1c00aa5a 01880813 addi             x16, x16, 24        x16=00000009 x16:fffffff1
22253841ns          376321 1c00aa5c 89de78c3 fmadd.s          f17, f28, f29, f17  f17=xxxxxxxx f28:bfdcebf2 f29:43a2ef4d f17:436d26b6
22254259ns          376342 1c00aa60 0319a023 sw               x17, 32(x19)        x17:c3a2a449 x19:100016f0  PA:10001710
22254299ns          376344 1c00aa64 00d85c63 bge              x16, x13, 24        x16:00000009 x13:0000000a
22254319ns          376345 1c00aa68 0249a683 lw               x13, 36(x19)        x13=c3f46aa0 x19:100016f0  PA:10001714
22254338ns          376346 1c00aa6c 01412803 lw               x16, 20(x2)         x16=c42aef8f  x2:10001638  PA:1000164c
22254776ns          376368 1c00aa6e 690e7e43 fmadd.s          f28, f28, f16, f13  f28=xxxxxxxx f28:bfdcebf2 f16:c42aef8f f13:c3f46aa0
22254816ns          376370 1c00aa72 03c9a223 sw               x28, 36(x19)        x28:442cd185 x19:100016f0  PA:10001714
22254836ns          376371 1c00aa76 000aaf03 lw               x30, 0(x21)         x30=3fdcebf2 x21:100016d0  PA:100016d0
22254856ns          376372 1c00aa7a ca3ff06f jal              x0, -862           
22255771ns          376418 1c00a71c 00100693 addi             x13, x0, 1          x13=00000001
22256228ns          376441 1c00a71e 00a48813 addi             x16, x9, 10         x16=0000000a  x9:00000000
22256268ns          376443 1c00a722 dcc6d5e3 bge              x13, x12, -566      x13:00000001 x12:00000004
22256288ns          376444 1c00a726 00492e03 lw               x28, 4(x18)         x28=be76876a x18:100016f4  PA:100016f8
22256308ns          376445 1c00a72a 00000693 addi             x13, x0, 0          x13=00000000
22256745ns          376467 1c00a72e a0de26d3 feq.s            x13, f28, f13       x13=00000000 f28:be76876a f13:00000000
22256765ns          376468 1c00a732 0e068763 beq              x13, x0, 238        x13:00000000
22257262ns          376493 1c00a820 21ef16d3 fsgnjn.s         f13, f30, f30       f13=xxxxxxxx f30:3fdcebf2 f30:3fdcebf2
22257302ns          376495 1c00a824 010708b3 add              x17, x14, x16       x17=0000000f x14:00000005 x16:0000000a
22257322ns          376496 1c00a828 11c6f6d3 fmul.s           f13, f13, f28       f13=xxxxxxxx f13:bfdcebf2 f28:be76876a
22257342ns          376497 1c00a82c f11854e3 bge              x16, x17, -248      x16:0000000a x17:0000000f
22257780ns          376519 1c00a830 0289ae03 lw               x28, 40(x19)        x28=42d62360 x19:100016f0  PA:10001718
22257819ns          376521 1c00a834 002c1813 slli             x16, x24, 0x2       x16=0000000c x24:00000003
22257839ns          376522 1c00a838 e0a6fe43 fmadd.s          f28, f13, f10, f28  f28=xxxxxxxx f13:3ed4bf96 f10:c380d60f f28:42d62360
22257859ns          376523 1c00a83c 01880833 add              x16, x16, x24       x16=0000000f x16:0000000c x24:00000003
22258297ns          376545 1c00a83e 41000833 sub              x16, x0, x16        x16=fffffff1 x16:0000000f
22258336ns          376547 1c00a842 03c9a423 sw               x28, 40(x19)        x28:36c2c46c x19:100016f0  PA:10001718
22258356ns          376548 1c00a846 01a80e13 addi             x28, x16, 26        x28=0000000b x16:fffffff1
22258376ns          376549 1c00a84a 0f1e5f63 bge              x28, x17, 254       x28:0000000b x17:0000000f
22258814ns          376571 1c00a84e 02c9ae83 lw               x29, 44(x19)        x29=4270990f x19:100016f0  PA:1000171c
22258854ns          376573 1c00a852 01b80e13 addi             x28, x16, 27        x28=0000000c x16:fffffff1
22258873ns          376574 1c00a856 e876fec3 fmadd.s          f29, f13, f7, f29   f29=xxxxxxxx f13:3ed4bf96  f7:43e97fdf f29:4270990f
22258893ns          376575 1c00a85a 03d9a623 sw               x29, 44(x19)        x29:437e32e8 x19:100016f0  PA:1000171c
22259331ns          376597 1c00a85e 0f1e5563 bge              x28, x17, 234       x28:0000000c x17:0000000f
22259371ns          376599 1c00a862 0309ae83 lw               x29, 48(x19)        x29=437a8854 x19:100016f0  PA:10001720
22259391ns          376600 1c00a866 01c80e13 addi             x28, x16, 28        x28=0000000d x16:fffffff1
22259411ns          376601 1c00a86a e886fec3 fmadd.s          f29, f13, f8, f29   f29=xxxxxxxx f13:3ed4bf96  f8:4292cfc4 f29:437a8854
22259868ns          376624 1c00a86e 03d9a823 sw               x29, 48(x19)        x29:438c8468 x19:100016f0  PA:10001720
22259908ns          376626 1c00a872 0d1e5b63 bge              x28, x17, 214       x28:0000000d x17:0000000f
22259928ns          376627 1c00a876 0349ae03 lw               x28, 52(x19)        x28=43795432 x19:100016f0  PA:10001724
22259948ns          376628 1c00a87a 01012e83 lw               x29, 16(x2)         x29=43a2ef4d  x2:10001638  PA:10001648
22259967ns          376629 1c00a87c 01d80813 addi             x16, x16, 29        x16=0000000e x16:fffffff1
22260385ns          376650 1c00a87e e1d6fe43 fmadd.s          f28, f13, f29, f28  f28=xxxxxxxx f13:3ed4bf96 f29:43a2ef4d f28:43795432
22260425ns          376652 1c00a882 03c9aa23 sw               x28, 52(x19)        x28:43c05e27 x19:100016f0  PA:10001724
22260445ns          376653 1c00a886 0d185163 bge              x16, x17, 194       x16:0000000e x17:0000000f
22260465ns          376654 1c00a88a 0389a803 lw               x16, 56(x19)        x16=c2006ea4 x19:100016f0  PA:10001728
22260485ns          376655 1c00a88e 01412883 lw               x17, 20(x2)         x17=c42aef8f  x2:10001638  PA:1000164c
22260902ns          376676 1c00a890 8116f6c3 fmadd.s          f13, f13, f17, f16  f13=xxxxxxxx f13:3ed4bf96 f17:c42aef8f f16:c2006ea4
22260942ns          376678 1c00a894 02d9ac23 sw               x13, 56(x19)        x13:c39e1c24 x19:100016f0  PA:10001728
22260962ns          376679 1c00a898 000aaf03 lw               x30, 0(x21)         x30=3fdcebf2 x21:100016d0  PA:100016d0
22260982ns          376680 1c00a89c e99ff06f jal              x0, -360           
22261499ns          376706 1c00a734 00f48693 addi             x13, x9, 15         x13=0000000f  x9:00000000
22261539ns          376708 1c00a738 da262ae3 p.beqimm         x12, -588           x12:00000004
22261559ns          376709 1c00a73c 00892e03 lw               x28, 8(x18)         x28=3e8c9020 x18:100016f4  PA:100016fc
22261996ns          376731 1c00a740 00000813 addi             x16, x0, 0          x16=00000000
22262036ns          376733 1c00a744 a10e2853 feq.s            x16, f28, f16       x16=00000000 f28:3e8c9020 f16:00000000
22262056ns          376734 1c00a748 14080b63 beq              x16, x0, 342        x16:00000000
22262593ns          376761 1c00a89e 21ef1853 fsgnjn.s         f16, f30, f30       f16=xxxxxxxx f30:3fdcebf2 f30:3fdcebf2
22262613ns          376762 1c00a8a2 00d708b3 add              x17, x14, x13       x17=00000014 x14:00000005 x13:0000000f
22262633ns          376763 1c00a8a6 11c87853 fmul.s           f16, f16, f28       f16=xxxxxxxx f16:bfdcebf2 f28:3e8c9020
22262653ns          376764 1c00a8aa eb16d1e3 bge              x13, x17, -350      x13:0000000f x17:00000014
22263090ns          376786 1c00a8ae 03c9ae03 lw               x28, 60(x19)        x28=c2f43089 x19:100016f0  PA:1000172c
22263130ns          376788 1c00a8b2 002c1693 slli             x13, x24, 0x2       x13=0000000c x24:00000003
22263150ns          376789 1c00a8b6 e0a87e43 fmadd.s          f28, f16, f10, f28  f28=xxxxxxxx f16:bef29ad1 f10:c380d60f f28:c2f43089
22263170ns          376790 1c00a8ba 018686b3 add              x13, x13, x24       x13=0000000f x13:0000000c x24:00000003
22263190ns          376791 1c00a8bc 40d006b3 sub              x13, x0, x13        x13=fffffff1 x13:0000000f
22263607ns          376812 1c00a8c0 03c9ae23 sw               x28, 60(x19)        x28:b6bc6f82 x19:100016f0  PA:1000172c
22263647ns          376814 1c00a8c4 01f68e13 addi             x28, x13, 31        x28=00000010 x13:fffffff1
22263667ns          376815 1c00a8c8 0b1e5763 bge              x28, x17, 174       x28:00000010 x17:00000014
22263687ns          376816 1c00a8cc 0409ae83 lw               x29, 64(x19)        x29=436d26b6 x19:100016f0  PA:10001730
22264125ns          376838 1c00a8d0 02068e13 addi             x28, x13, 32        x28=00000011 x13:fffffff1
22264164ns          376840 1c00a8d4 e8787ec3 fmadd.s          f29, f16, f7, f29   f29=xxxxxxxx f16:bef29ad1  f7:43e97fdf f29:436d26b6
22264184ns          376841 1c00a8d8 05d9a023 sw               x29, 64(x19)        x29:417de9fa x19:100016f0  PA:10001730
22264204ns          376842 1c00a8dc 091e5d63 bge              x28, x17, 154       x28:00000011 x17:00000014
22264642ns          376864 1c00a8e0 0449ae83 lw               x29, 68(x19)        x29=43795432 x19:100016f0  PA:10001734
22264682ns          376866 1c00a8e4 02168e13 addi             x28, x13, 33        x28=00000012 x13:fffffff1
22264701ns          376867 1c00a8e8 e8887ec3 fmadd.s          f29, f16, f8, f29   f29=xxxxxxxx f16:bef29ad1  f8:4292cfc4 f29:43795432
22264721ns          376868 1c00a8ec 05d9a223 sw               x29, 68(x19)        x29:43568be6 x19:100016f0  PA:10001734
22265179ns          376891 1c00a8f0 091e5363 bge              x28, x17, 134       x28:00000012 x17:00000014
22265219ns          376893 1c00a8f4 0489ae03 lw               x28, 72(x19)        x28=43dcef5b x19:100016f0  PA:10001738
22265239ns          376894 1c00a8f8 01012e83 lw               x29, 16(x2)         x29=43a2ef4d  x2:10001638  PA:10001648
22265258ns          376895 1c00a8fa 02268693 addi             x13, x13, 34        x13=00000013 x13:fffffff1
22265696ns          376917 1c00a8fe e1d87e43 fmadd.s          f28, f16, f29, f28  f28=xxxxxxxx f16:bef29ad1 f29:43a2ef4d f28:43dcef5b
22265736ns          376919 1c00a902 05c9a423 sw               x28, 72(x19)        x28:438fbafb x19:100016f0  PA:10001738
22265756ns          376920 1c00a906 0716d863 bge              x13, x17, 112       x13:00000013 x17:00000014
22265776ns          376921 1c00a90a 04c9a683 lw               x13, 76(x19)        x13=c32bf89d x19:100016f0  PA:1000173c
22265795ns          376922 1c00a90e 01412883 lw               x17, 20(x2)         x17=c42aef8f  x2:10001638  PA:1000164c
22266213ns          376943 1c00a910 69187843 fmadd.s          f16, f16, f17, f13  f16=xxxxxxxx f16:bef29ad1 f17:c42aef8f f13:c32bf89d
22266253ns          376945 1c00a914 0509a623 sw               x16, 76(x19)        x16:4318030d x19:100016f0  PA:1000173c
22266273ns          376946 1c00a918 000aaf03 lw               x30, 0(x21)         x30=3fdcebf2 x21:100016d0  PA:100016d0
22266293ns          376947 1c00a91c e31ff06f jal              x0, -464           
22266770ns          376971 1c00a74c 01448693 addi             x13, x9, 20         x13=00000014  x9:00000000
22266830ns          376974 1c00a750 d8463ee3 p.bneimm         x12, -612           x12:00000004
22266870ns          376976 1c00a754 00c92803 lw               x16, 12(x18)        x16=be235c2f x18:100016f4  PA:10001700
22266889ns          376977 1c00a758 00000613 addi             x12, x0, 0          x12=00000000
22266909ns          376978 1c00a75c a0c82653 feq.s            x12, f16, f12       x12=00000000 f16:be235c2f f12:00000000
22267347ns          377000 1c00a760 d80616e3 bne              x12, x0, -628       x12:00000000
22267387ns          377002 1c00a764 21ef1653 fsgnjn.s         f12, f30, f30       f12=xxxxxxxx f30:3fdcebf2 f30:3fdcebf2
22267407ns          377003 1c00a768 00d70733 add              x14, x14, x13       x14=00000019 x14:00000005 x13:00000014
22267427ns          377004 1c00a76a 11067653 fmul.s           f12, f12, f16       f12=xxxxxxxx f12:bfdcebf2 f16:be235c2f
22267884ns          377027 1c00a76e d6e6dfe3 bge              x13, x14, -642      x13:00000014 x14:00000019
22267924ns          377029 1c00a772 0509a683 lw               x13, 80(x19)        x13=428de58b x19:100016f0  PA:10001740
22267944ns          377030 1c00a776 002c1813 slli             x16, x24, 0x2       x16=0000000c x24:00000003
22267964ns          377031 1c00a77a 68a67543 fmadd.s          f10, f12, f10, f13  f10=xxxxxxxx f12:3e8cf9c8 f10:c380d60f f13:428de58b
22267983ns          377032 1c00a77e 01880833 add              x16, x16, x24       x16=0000000f x16:0000000c x24:00000003
22268401ns          377053 1c00a780 41000833 sub              x16, x0, x16        x16=fffffff1 x16:0000000f
22268441ns          377055 1c00a784 04a9a823 sw               x10, 80(x19)        x10:36e05a90 x19:100016f0  PA:10001740
22268461ns          377056 1c00a788 02480693 addi             x13, x16, 36        x13=00000015 x16:fffffff1
22268481ns          377057 1c00a78c 04e6d863 bge              x13, x14, 80        x13:00000015 x14:00000019
22268918ns          377079 1c00a790 0549a683 lw               x13, 84(x19)        x13=c3f46aa0 x19:100016f0  PA:10001744
22268958ns          377081 1c00a794 02580513 addi             x10, x16, 37        x10=00000016 x16:fffffff1
22268978ns          377082 1c00a798 687676c3 fmadd.s          f13, f12, f7, f13   f13=xxxxxxxx f12:3e8cf9c8  f7:43e97fdf f13:c3f46aa0
22268998ns          377083 1c00a79c 04d9aa23 sw               x13, 84(x19)        x13:c3b41fbf x19:100016f0  PA:10001744
22269435ns          377105 1c00a7a0 02e55e63 bge              x10, x14, 60        x10:00000016 x14:00000019
22269475ns          377107 1c00a7a4 0589a683 lw               x13, 88(x19)        x13=c2006ea4 x19:100016f0  PA:10001748
22269495ns          377108 1c00a7a8 02680513 addi             x10, x16, 38        x10=00000017 x16:fffffff1
22269515ns          377109 1c00a7ac 688676c3 fmadd.s          f13, f12, f8, f13   f13=xxxxxxxx f12:3e8cf9c8  f8:4292cfc4 f13:c2006ea4
22269953ns          377131 1c00a7b0 04d9ac23 sw               x13, 88(x19)        x13:c13e5718 x19:100016f0  PA:10001748
22269992ns          377133 1c00a7b4 02e55463 bge              x10, x14, 40        x10:00000017 x14:00000019
22270012ns          377134 1c00a7b8 05c9a683 lw               x13, 92(x19)        x13=c32bf89d x19:100016f0  PA:1000174c
22270032ns          377135 1c00a7bc 01012e03 lw               x28, 16(x2)         x28=43a2ef4d  x2:10001638  PA:10001648
22270490ns          377158 1c00a7be 02780813 addi             x16, x16, 39        x16=00000018 x16:fffffff1
22270529ns          377160 1c00a7c2 69c676c3 fmadd.s          f13, f12, f28, f13  f13=xxxxxxxx f12:3e8cf9c8 f28:43a2ef4d f13:c32bf89d
22270549ns          377161 1c00a7c6 04d9ae23 sw               x13, 92(x19)        x13:c2a47d8a x19:100016f0  PA:1000174c
22270569ns          377162 1c00a7ca 00e85963 bge              x16, x14, 18        x16:00000018 x14:00000019
22271007ns          377184 1c00a7ce 0609a703 lw               x14, 96(x19)        x14=447391b3 x19:100016f0  PA:10001750
22271027ns          377185 1c00a7d2 01412e83 lw               x29, 20(x2)         x29=c42aef8f  x2:10001638  PA:1000164c
22271067ns          377187 1c00a7d4 71d67643 fmadd.s          f12, f12, f29, f14  f12=xxxxxxxx f12:3e8cf9c8 f29:c42aef8f f14:447391b3
22271086ns          377188 1c00a7d8 06c9a023 sw               x12, 96(x19)        x12:444480ce x19:100016f0  PA:10001750
22271126ns          377190 1c00a7dc 000aaf03 lw               x30, 0(x21)         x30=3fdcebf2 x21:100016d0  PA:100016d0
22271524ns          377210 1c00a7e0 d0dff06f jal              x0, -756           
22272021ns          377235 1c00a4ec 00000693 addi             x13, x0, 0          x13=00000000
22272479ns          377258 1c00a4f0 a0df2753 feq.s            x14, f30, f13       x14=00000000 f30:3fdcebf2 f13:00000000
22272519ns          377260 1c00a4f4 007b8293 addi             x5, x23, 7           x5=00000007 x23:00000000
22272538ns          377261 1c00a4f8 f6071ee3 bne              x14, x0, -132       x14:00000000
22272558ns          377262 1c00a4fa 0109a603 lw               x12, 16(x19)        x12=be235c2f x19:100016f0  PA:10001700
22272996ns          377284 1c00a4fe 001c0713 addi             x14, x24, 1         x14=00000004 x24:00000003
22273036ns          377286 1c00a502 a0d62653 feq.s            x12, f12, f13       x12=00000000 f12:be235c2f f13:00000000
22273056ns          377287 1c00a506 42060863 beq              x12, x0, 1072       x12:00000000
22273971ns          377333 1c00a936 00e005b3 add              x11, x0, x14        x11=00000004 x14:00000004
22274010ns          377335 1c00a938 bffff06f jal              x0, -1026          
22274488ns          377359 1c00a536 00c12503 lw               x10, 12(x2)         x10=100016f0  x2:10001638  PA:10001644
22274528ns          377361 1c00a538 002c1893 slli             x17, x24, 0x2       x17=0000000c x24:00000003
22274547ns          377362 1c00a53c 06050993 addi             x19, x10, 96        x19=10001750 x10:100016f0
22274985ns          377384 1c00a540 01900813 addi             x16, x0, 25         x16=00000019
22275025ns          377386 1c00a542 41880833 sub              x16, x16, x24       x16=00000016 x16:00000019 x24:00000003
22275045ns          377387 1c00a546 41198e33 sub              x28, x19, x17       x28=10001744 x19:10001750 x17:0000000c
22275065ns          377388 1c00a54a 00259393 slli             x7, x11, 0x2         x7=00000010 x11:00000004
22275502ns          377410 1c00a54e 00000413 addi             x8, x0, 0            x8=00000000
22275522ns          377411 1c00a552 00e00533 add              x10, x0, x14        x10=00000004 x14:00000004
22275542ns          377412 1c00a554 077540fb lp.setup         0x1, x10, 0x77      x10:00000004
22275562ns          377413 1c00a558 010586b3 add              x13, x11, x16       x13=0000001a x11:00000004 x16:00000016
22275582ns          377414 1c00a55c fff70f93 addi             x31, x14, -1        x31=00000003 x14:00000004
22276019ns          377436 1c00a560 0cd85f63 bge              x16, x13, 222       x16:00000016 x13:0000001a
22276059ns          377438 1c00a564 000e2683 lw               x13, 0(x28)         x13=c3b41fbf x28:10001744  PA:10001744
22276099ns          377440 1c00a568 a086a6d3 feq.s            x13, f13, f8        x13=00000000 f13:c3b41fbf  f8:00000000
22276119ns          377441 1c00a56c 00068c63 beq              x13, x0, 24         x13:00000000
22276994ns          377485 1c00a584 ee0588e3 beq              x11, x0, -272       x11:00000004
22277034ns          377487 1c00a588 ee0706e3 beq              x14, x0, -276       x14:00000004
22277054ns          377488 1c00a58c 002f9d13 slli             x26, x31, 0x2       x26=0000000c x31:00000003
22277491ns          377510 1c00a590 411c0533 sub              x10, x24, x17       x10=fffffff7 x24:00000003 x17:0000000c
22277531ns          377512 1c00a594 01af8fb3 add              x31, x31, x26       x31=0000000f x31:00000003 x26:0000000c
22277551ns          377513 1c00a596 00151513 slli             x10, x10, 0x1       x10=ffffffee x10:fffffff7
22277571ns          377514 1c00a598 04012623 sw               x0, 76(x2)           x2:10001638  PA:10001684
22277591ns          377515 1c00a59a 005f8d33 add              x26, x31, x5        x26=00000016 x31:0000000f  x5:00000007
22277611ns          377516 1c00a59e 01850513 addi             x10, x10, 24        x10=00000006 x10:ffffffee
22278008ns          377536 1c00a5a0 21ef1f53 fsgnjn.s         f30, f30, f30       f30=xxxxxxxx f30:3fdcebf2 f30:3fdcebf2
22278048ns          377538 1c00a5a4 00172b63 p.beqimm         x14, 22             x14:00000004
22278068ns          377539 1c00a5a8 04012823 sw               x0, 80(x2)           x2:10001638  PA:10001688
22278088ns          377540 1c00a5aa 00272663 p.beqimm         x14, 12             x14:00000004
22278108ns          377541 1c00a5ae 04012a23 sw               x0, 84(x2)           x2:10001638  PA:1000168c
22278545ns          377563 1c00a5b0 00372363 p.beqimm         x14, 6              x14:00000004
22278585ns          377565 1c00a5b4 04012c23 sw               x0, 88(x2)           x2:10001638  PA:10001690
22278605ns          377566 1c00a5b6 4e5d4d63 blt              x26, x5, 1274       x26:00000016  x5:00000007
22278625ns          377567 1c00a5ba 001c1613 slli             x12, x24, 0x1       x12=00000006 x24:00000003
22279063ns          377589 1c00a5be 01860433 add              x8, x12, x24         x8=00000009 x12:00000006 x24:00000003
22279082ns          377590 1c00a5c2 04c10693 addi             x13, x2, 76         x13=10001684  x2:10001638
22279102ns          377591 1c00a5c4 00341413 slli             x8, x8, 0x3          x8=00000048  x8:00000009
22279122ns          377592 1c00a5c6 00c12823 sw               x12, 16(x2)         x12:00000006  x2:10001638  PA:10001648
22279142ns          377593 1c00a5c8 00d12a23 sw               x13, 20(x2)         x13:10001684  x2:10001638  PA:1000164c
22279162ns          377594 1c00a5ca 00d00fb3 add              x31, x0, x13        x31=10001684 x13:10001684
22279182ns          377595 1c00a5cc 40898433 sub              x8, x19, x8          x8=10001708 x19:10001750  x8:00000048
22279580ns          377615 1c00a5d0 00b286b3 add              x13, x5, x11        x13=0000000b  x5:00000007 x11:00000004
22279620ns          377617 1c00a5d4 3ed2df63 bge              x5, x13, 1022        x5:00000007 x13:0000000b
22279639ns          377618 1c00a5d8 ffc38693 addi             x13, x7, -4         x13=0000000c  x7:00000010
22279659ns          377619 1c00a5dc 0026d693 srli             x13, x13, 0x2       x13=00000003 x13:0000000c
22279679ns          377620 1c00a5de 012008b3 add              x17, x0, x18        x17=100016f4 x18:100016f4
22280097ns          377641 1c00a5e0 00800833 add              x16, x0, x8         x16=10001708  x8:10001708
22280137ns          377643 1c00a5e2 00000613 addi             x12, x0, 0          x12=00000000
22280157ns          377644 1c00a5e6 00168693 addi             x13, x13, 1         x13=00000004 x13:00000003
22280176ns          377645 1c00a5e8 0066c0fb lp.setup         0x1, x13, 0x6       x13:00000004
22280196ns          377646 1c00a5ec 00482e8b p.lw             x29, 4(x16!)        x29=c3e9d066 x16=1000170c x16:10001708  PA:10001708
22280614ns          377667 1c00a5f0 0048ae0b p.lw             x28, 4(x17!)        x28=3f800000 x17=100016f8 x17:100016f4  PA:100016f4
22280654ns          377669 1c00a5f4 61cef643 fmadd.s          f12, f29, f28, f12  f12=xxxxxxxx f29:c3e9d066 f28:3f800000 f12:00000000
22280674ns          377670 1c00a5ec 00482e8b p.lw             x29, 4(x16!)        x29=c2851730 x16=10001710 x16:1000170c  PA:1000170c
22280694ns          377671 1c00a5f0 0048ae0b p.lw             x28, 4(x17!)        x28=be76876a x17=100016fc x17:100016f8  PA:100016f8
22280733ns          377673 1c00a5f4 61cef643 fmadd.s          f12, f29, f28, f12  f12=xxxxxxxx f29:c2851730 f28:be76876a f12:c3e9d066
22280753ns          377674 1c00a5ec 00482e8b p.lw             x29, 4(x16!)        x29=c3a2a449 x16=10001714 x16:10001710  PA:10001710
22280773ns          377675 1c00a5f0 0048ae0b p.lw             x28, 4(x17!)        x28=3e8c9020 x17=10001700 x17:100016fc  PA:100016fc
22280813ns          377677 1c00a5f4 61cef643 fmadd.s          f12, f29, f28, f12  f12=xxxxxxxx f29:c3a2a449 f28:3e8c9020 f12:c3e1cdbb
22280833ns          377678 1c00a5ec 00482e8b p.lw             x29, 4(x16!)        x29=442cd185 x16=10001718 x16:10001714  PA:10001714
22280853ns          377679 1c00a5f0 0048ae0b p.lw             x28, 4(x17!)        x28=be235c2f x17=10001704 x17:10001700  PA:10001700
22280893ns          377681 1c00a5f4 61cef643 fmadd.s          f12, f29, f28, f12  f12=xxxxxxxx f29:442cd185 f28:be235c2f f12:c4073a38
22280912ns          377682 1c00a5f8 000fa683 lw               x13, 0(x31)         x13=00000000 x31:10001684  PA:10001684
22280932ns          377683 1c00a5fc 00528293 addi             x5, x5, 5            x5=0000000c  x5:00000007
22281330ns          377703 1c00a5fe 00c6f653 fadd.s           f12, f13, f12       f12=xxxxxxxx f13:00000000 f12:c422cc21
22281350ns          377704 1c00a602 01440413 addi             x8, x8, 20           x8=1000171c  x8:10001708
22281370ns          377705 1c00a604 00cfa22b p.sw             x12, 4(x31!)        x31=10001688 x12:c422cc21 x31:10001684  PA:10001684
22281390ns          377706 1c00a608 fc5d54e3 bge              x26, x5, -56        x26:00000016  x5:0000000c
22281887ns          377731 1c00a5d0 00b286b3 add              x13, x5, x11        x13=00000010  x5:0000000c x11:00000004
22281907ns          377732 1c00a5d4 3ed2df63 bge              x5, x13, 1022        x5:0000000c x13:00000010
22281927ns          377733 1c00a5d8 ffc38693 addi             x13, x7, -4         x13=0000000c  x7:00000010
22281947ns          377734 1c00a5dc 0026d693 srli             x13, x13, 0x2       x13=00000003 x13:0000000c
22281967ns          377735 1c00a5de 012008b3 add              x17, x0, x18        x17=100016f4 x18:100016f4
22281987ns          377736 1c00a5e0 00800833 add              x16, x0, x8         x16=1000171c  x8:1000171c
22282006ns          377737 1c00a5e2 00000613 addi             x12, x0, 0          x12=00000000
22282026ns          377738 1c00a5e6 00168693 addi             x13, x13, 1         x13=00000004 x13:00000003
22282046ns          377739 1c00a5e8 0066c0fb lp.setup         0x1, x13, 0x6       x13:00000004
22282066ns          377740 1c00a5ec 00482e8b p.lw             x29, 4(x16!)        x29=437e32e8 x16=10001720 x16:1000171c  PA:1000171c
22282086ns          377741 1c00a5f0 0048ae0b p.lw             x28, 4(x17!)        x28=3f800000 x17=100016f8 x17:100016f4  PA:100016f4
22282126ns          377743 1c00a5f4 61cef643 fmadd.s          f12, f29, f28, f12  f12=xxxxxxxx f29:437e32e8 f28:3f800000 f12:00000000
22282146ns          377744 1c00a5ec 00482e8b p.lw             x29, 4(x16!)        x29=438c8468 x16=10001724 x16:10001720  PA:10001720
22282166ns          377745 1c00a5f0 0048ae0b p.lw             x28, 4(x17!)        x28=be76876a x17=100016fc x17:100016f8  PA:100016f8
22282205ns          377747 1c00a5f4 61cef643 fmadd.s          f12, f29, f28, f12  f12=xxxxxxxx f29:438c8468 f28:be76876a f12:437e32e8
22282225ns          377748 1c00a5ec 00482e8b p.lw             x29, 4(x16!)        x29=43c05e27 x16=10001728 x16:10001724  PA:10001724
22282245ns          377749 1c00a5f0 0048ae0b p.lw             x28, 4(x17!)        x28=3e8c9020 x17=10001700 x17:100016fc  PA:100016fc
22282285ns          377751 1c00a5f4 61cef643 fmadd.s          f12, f29, f28, f12  f12=xxxxxxxx f29:43c05e27 f28:3e8c9020 f12:433a8a20
22282305ns          377752 1c00a5ec 00482e8b p.lw             x29, 4(x16!)        x29=c39e1c24 x16=1000172c x16:10001728  PA:10001728
22282325ns          377753 1c00a5f0 0048ae0b p.lw             x28, 4(x17!)        x28=be235c2f x17=10001704 x17:10001700  PA:10001700
22282364ns          377755 1c00a5f4 61cef643 fmadd.s          f12, f29, f28, f12  f12=xxxxxxxx f29:c39e1c24 f28:be235c2f f12:439214f5
22282384ns          377756 1c00a5f8 000fa683 lw               x13, 0(x31)         x13=00000000 x31:10001688  PA:10001688
22282404ns          377757 1c00a5fc 00528293 addi             x5, x5, 5            x5=00000011  x5:0000000c
22282424ns          377758 1c00a5fe 00c6f653 fadd.s           f12, f13, f12       f12=xxxxxxxx f13:00000000 f12:43ab4e2c
22282444ns          377759 1c00a602 01440413 addi             x8, x8, 20           x8=10001730  x8:1000171c
22282464ns          377760 1c00a604 00cfa22b p.sw             x12, 4(x31!)        x31=1000168c x12:43ab4e2c x31:10001688  PA:10001688
22282484ns          377761 1c00a608 fc5d54e3 bge              x26, x5, -56        x26:00000016  x5:00000011
22282543ns          377764 1c00a5d0 00b286b3 add              x13, x5, x11        x13=00000015  x5:00000011 x11:00000004
22282563ns          377765 1c00a5d4 3ed2df63 bge              x5, x13, 1022        x5:00000011 x13:00000015
22282583ns          377766 1c00a5d8 ffc38693 addi             x13, x7, -4         x13=0000000c  x7:00000010
22282603ns          377767 1c00a5dc 0026d693 srli             x13, x13, 0x2       x13=00000003 x13:0000000c
22282623ns          377768 1c00a5de 012008b3 add              x17, x0, x18        x17=100016f4 x18:100016f4
22282643ns          377769 1c00a5e0 00800833 add              x16, x0, x8         x16=10001730  x8:10001730
22282663ns          377770 1c00a5e2 00000613 addi             x12, x0, 0          x12=00000000
22282683ns          377771 1c00a5e6 00168693 addi             x13, x13, 1         x13=00000004 x13:00000003
22282703ns          377772 1c00a5e8 0066c0fb lp.setup         0x1, x13, 0x6       x13:00000004
22282723ns          377773 1c00a5ec 00482e8b p.lw             x29, 4(x16!)        x29=417de9fa x16=10001734 x16:10001730  PA:10001730
22282742ns          377774 1c00a5f0 0048ae0b p.lw             x28, 4(x17!)        x28=3f800000 x17=100016f8 x17:100016f4  PA:100016f4
22282782ns          377776 1c00a5f4 61cef643 fmadd.s          f12, f29, f28, f12  f12=xxxxxxxx f29:417de9fa f28:3f800000 f12:00000000
22282802ns          377777 1c00a5ec 00482e8b p.lw             x29, 4(x16!)        x29=43568be6 x16=10001738 x16:10001734  PA:10001734
22282822ns          377778 1c00a5f0 0048ae0b p.lw             x28, 4(x17!)        x28=be76876a x17=100016fc x17:100016f8  PA:100016f8
22282862ns          377780 1c00a5f4 61cef643 fmadd.s          f12, f29, f28, f12  f12=xxxxxxxx f29:43568be6 f28:be76876a f12:417de9fa
22282882ns          377781 1c00a5ec 00482e8b p.lw             x29, 4(x16!)        x29=438fbafb x16=1000173c x16:10001738  PA:10001738
22282902ns          377782 1c00a5f0 0048ae0b p.lw             x28, 4(x17!)        x28=3e8c9020 x17=10001700 x17:100016fc  PA:100016fc
22282941ns          377784 1c00a5f4 61cef643 fmadd.s          f12, f29, f28, f12  f12=xxxxxxxx f29:438fbafb f28:3e8c9020 f12:c20f216d
22282961ns          377785 1c00a5ec 00482e8b p.lw             x29, 4(x16!)        x29=4318030d x16=10001740 x16:1000173c  PA:1000173c
22282981ns          377786 1c00a5f0 0048ae0b p.lw             x28, 4(x17!)        x28=be235c2f x17=10001704 x17:10001700  PA:10001700
22283021ns          377788 1c00a5f4 61cef643 fmadd.s          f12, f29, f28, f12  f12=xxxxxxxx f29:4318030d f28:be235c2f f12:422c8b45
22283041ns          377789 1c00a5f8 000fa683 lw               x13, 0(x31)         x13=00000000 x31:1000168c  PA:1000168c
22283061ns          377790 1c00a5fc 00528293 addi             x5, x5, 5            x5=00000016  x5:00000011
22283081ns          377791 1c00a5fe 00c6f653 fadd.s           f12, f13, f12       f12=xxxxxxxx f13:00000000 f12:4197152d
22283100ns          377792 1c00a602 01440413 addi             x8, x8, 20           x8=10001744  x8:10001730
22283120ns          377793 1c00a604 00cfa22b p.sw             x12, 4(x31!)        x31=10001690 x12:4197152d x31:1000168c  PA:1000168c
22283140ns          377794 1c00a608 fc5d54e3 bge              x26, x5, -56        x26:00000016  x5:00000016
22283200ns          377797 1c00a5d0 00b286b3 add              x13, x5, x11        x13=0000001a  x5:00000016 x11:00000004
22283220ns          377798 1c00a5d4 3ed2df63 bge              x5, x13, 1022        x5:00000016 x13:0000001a
22283240ns          377799 1c00a5d8 ffc38693 addi             x13, x7, -4         x13=0000000c  x7:00000010
22283260ns          377800 1c00a5dc 0026d693 srli             x13, x13, 0x2       x13=00000003 x13:0000000c
22283279ns          377801 1c00a5de 012008b3 add              x17, x0, x18        x17=100016f4 x18:100016f4
22283299ns          377802 1c00a5e0 00800833 add              x16, x0, x8         x16=10001744  x8:10001744
22283319ns          377803 1c00a5e2 00000613 addi             x12, x0, 0          x12=00000000
22283339ns          377804 1c00a5e6 00168693 addi             x13, x13, 1         x13=00000004 x13:00000003
22283359ns          377805 1c00a5e8 0066c0fb lp.setup         0x1, x13, 0x6       x13:00000004
22283379ns          377806 1c00a5ec 00482e8b p.lw             x29, 4(x16!)        x29=c3b41fbf x16=10001748 x16:10001744  PA:10001744
22283399ns          377807 1c00a5f0 0048ae0b p.lw             x28, 4(x17!)        x28=3f800000 x17=100016f8 x17:100016f4  PA:100016f4
22283439ns          377809 1c00a5f4 61cef643 fmadd.s          f12, f29, f28, f12  f12=xxxxxxxx f29:c3b41fbf f28:3f800000 f12:00000000
22283458ns          377810 1c00a5ec 00482e8b p.lw             x29, 4(x16!)        x29=c13e5718 x16=1000174c x16:10001748  PA:10001748
22283478ns          377811 1c00a5f0 0048ae0b p.lw             x28, 4(x17!)        x28=be76876a x17=100016fc x17:100016f8  PA:100016f8
22283518ns          377813 1c00a5f4 61cef643 fmadd.s          f12, f29, f28, f12  f12=xxxxxxxx f29:c13e5718 f28:be76876a f12:c3b41fbf
22283538ns          377814 1c00a5ec 00482e8b p.lw             x29, 4(x16!)        x29=c2a47d8a x16=10001750 x16:1000174c  PA:1000174c
22283558ns          377815 1c00a5f0 0048ae0b p.lw             x28, 4(x17!)        x28=3e8c9020 x17=10001700 x17:100016fc  PA:100016fc
22283598ns          377817 1c00a5f4 61cef643 fmadd.s          f12, f29, f28, f12  f12=xxxxxxxx f29:c2a47d8a f28:3e8c9020 f12:c3b2b126
22283618ns          377818 1c00a5ec 00482e8b p.lw             x29, 4(x16!)        x29=444480ce x16=10001754 x16:10001750  PA:10001750
22283637ns          377819 1c00a5f0 0048ae0b p.lw             x28, 4(x17!)        x28=be235c2f x17=10001704 x17:10001700  PA:10001700
22283677ns          377821 1c00a5f4 61cef643 fmadd.s          f12, f29, f28, f12  f12=xxxxxxxx f29:444480ce f28:be235c2f f12:c3bdfb4e
22283697ns          377822 1c00a5f8 000fa683 lw               x13, 0(x31)         x13=00000000 x31:10001690  PA:10001690
22283717ns          377823 1c00a5fc 00528293 addi             x5, x5, 5            x5=0000001b  x5:00000016
22283737ns          377824 1c00a5fe 00c6f653 fadd.s           f12, f13, f12       f12=xxxxxxxx f13:00000000 f12:c3fcadb1
22283757ns          377825 1c00a602 01440413 addi             x8, x8, 20           x8=10001758  x8:10001744
22283777ns          377826 1c00a604 00cfa22b p.sw             x12, 4(x31!)        x31=10001694 x12:c3fcadb1 x31:10001690  PA:10001690
22283797ns          377827 1c00a608 fc5d54e3 bge              x26, x5, -56        x26:00000016  x5:0000001b
22283816ns          377828 1c00a60c 01012803 lw               x16, 16(x2)         x16=00000006  x2:10001638  PA:10001648
22283836ns          377829 1c00a60e 00200613 addi             x12, x0, 2          x12=00000002
22283856ns          377830 1c00a610 018806b3 add              x13, x16, x24       x13=00000009 x16:00000006 x24:00000003
22283876ns          377831 1c00a614 00369693 slli             x13, x13, 0x3       x13=00000048 x13:00000009
22283896ns          377832 1c00a616 00170813 addi             x16, x14, 1         x16=00000005 x14:00000004
22283916ns          377833 1c00a61a 01412f83 lw               x31, 20(x2)         x31=10001684  x2:10001638  PA:1000164c
22283936ns          377834 1c00a61c 40d989b3 sub              x19, x19, x13       x19=10001708 x19:10001750 x13:00000048
22284314ns          377853 1c00a620 00000293 addi             x5, x0, 0            x5=00000000
22284354ns          377855 1c00a624 4ac84863 blt              x16, x12, 1200      x16:00000005 x12:00000002
22284373ns          377856 1c00a628 0097407b lp.setup         0x0, x14, 0x9       x14:00000004
22284393ns          377857 1c00a62c 004fa68b p.lw             x13, 4(x31!)        x13=c422cc21 x31=10001688 x31:10001684  PA:10001684
22284831ns          377879 1c00a630 a056a653 feq.s            x12, f13, f5        x12=00000000 f13:c422cc21  f5:00000000
22284871ns          377881 1c00a634 36060763 beq              x12, x0, 878        x12:00000000
22285388ns          377907 1c00a9a2 00b50633 add              x12, x10, x11       x12=0000000a x10:00000006 x11:00000004
22285408ns          377908 1c00a9a6 11e6fed3 fmul.s           f29, f13, f30       f29=xxxxxxxx f13:c422cc21 f30:bfdcebf2
22285428ns          377909 1c00a9aa c8c557e3 bge              x10, x12, -882      x10:00000006 x12:0000000a
22285865ns          377931 1c00a9ae ffc38813 addi             x16, x7, -4         x16=0000000c  x7:00000010
22285905ns          377933 1c00a9b2 00285813 srli             x16, x16, 0x2       x16=00000003 x16:0000000c
22285925ns          377934 1c00a9b6 01200e33 add              x28, x0, x18        x28=100016f4 x18:100016f4
22285945ns          377935 1c00a9b8 013008b3 add              x17, x0, x19        x17=10001708 x19:10001708
22285965ns          377936 1c00a9ba 00180813 addi             x16, x16, 1         x16=00000004 x16:00000003
22285985ns          377937 1c00a9bc 008840fb lp.setup         0x1, x16, 0x8       x16:00000004
22286402ns          377958 1c00a9c0 0008a603 lw               x12, 0(x17)         x12=c3e9d066 x17:10001708  PA:10001708
22286442ns          377960 1c00a9c4 004e268b p.lw             x13, 4(x28!)        x13=3f800000 x28=100016f8 x28:100016f4  PA:100016f4
22286482ns          377962 1c00a9c8 60def6c3 fmadd.s          f13, f29, f13, f12  f13=xxxxxxxx f29:448c7d78 f13:3f800000 f12:c3e9d066
22286502ns          377963 1c00a9cc 00d8a22b p.sw             x13, 4(x17!)        x17=1000170c x13:442412bd x17:10001708  PA:10001708
22286542ns          377965 1c00a9c0 0008a603 lw               x12, 0(x17)         x12=c2851730 x17:1000170c  PA:1000170c
22286561ns          377966 1c00a9c4 004e268b p.lw             x13, 4(x28!)        x13=be76876a x28=100016fc x28:100016f8  PA:100016f8
22286601ns          377968 1c00a9c8 60def6c3 fmadd.s          f13, f29, f13, f12  f13=xxxxxxxx f29:448c7d78 f13:be76876a f12:c2851730
22286621ns          377969 1c00a9cc 00d8a22b p.sw             x13, 4(x17!)        x17=10001710 x13:c3a890ae x17:1000170c  PA:1000170c
22287039ns          377990 1c00a9c0 0008a603 lw               x12, 0(x17)         x12=c3a2a449 x17:10001710  PA:10001710
22287059ns          377991 1c00a9c4 004e268b p.lw             x13, 4(x28!)        x13=3e8c9020 x28=10001700 x28:100016fc  PA:100016fc
22287098ns          377993 1c00a9c8 60def6c3 fmadd.s          f13, f29, f13, f12  f13=xxxxxxxx f29:448c7d78 f13:3e8c9020 f12:c3a2a449
22287118ns          377994 1c00a9cc 00d8a22b p.sw             x13, 4(x17!)        x17=10001714 x13:c185cdd8 x17:10001710  PA:10001710
22287138ns          377995 1c00a9c0 0008a603 lw               x12, 0(x17)         x12=442cd185 x17:10001714  PA:10001714
22287158ns          377996 1c00a9c4 004e268b p.lw             x13, 4(x28!)        x13=be235c2f x28=10001704 x28:10001700  PA:10001700
22287198ns          377998 1c00a9c8 60def6c3 fmadd.s          f13, f29, f13, f12  f13=xxxxxxxx f29:448c7d78 f13:be235c2f f12:442cd185
22287218ns          377999 1c00a9cc 00d8a22b p.sw             x13, 4(x17!)        x17=10001718 x13:43fffc90 x17:10001714  PA:10001714
22287238ns          378000 1c00a9d0 c69ff06f jal              x0, -920           
22287277ns          378002 1c00a638 00550513 addi             x10, x10, 5         x10=0000000b x10:00000006
22287297ns          378003 1c00a63a 01498993 addi             x19, x19, 20        x19=1000171c x19:10001708
22287317ns          378004 1c00a62c 004fa68b p.lw             x13, 4(x31!)        x13=43ab4e2c x31=1000168c x31:10001688  PA:10001688
22287357ns          378006 1c00a630 a056a653 feq.s            x12, f13, f5        x12=00000000 f13:43ab4e2c  f5:00000000
22287377ns          378007 1c00a634 36060763 beq              x12, x0, 878        x12:00000000
22287914ns          378034 1c00a9a2 00b50633 add              x12, x10, x11       x12=0000000f x10:0000000b x11:00000004
22287934ns          378035 1c00a9a6 11e6fed3 fmul.s           f29, f13, f30       f29=xxxxxxxx f13:43ab4e2c f30:bfdcebf2
22287954ns          378036 1c00a9aa c8c557e3 bge              x10, x12, -882      x10:0000000b x12:0000000f
22287974ns          378037 1c00a9ae ffc38813 addi             x16, x7, -4         x16=0000000c  x7:00000010
22287994ns          378038 1c00a9b2 00285813 srli             x16, x16, 0x2       x16=00000003 x16:0000000c
22288013ns          378039 1c00a9b6 01200e33 add              x28, x0, x18        x28=100016f4 x18:100016f4
22288033ns          378040 1c00a9b8 013008b3 add              x17, x0, x19        x17=1000171c x19:1000171c
22288053ns          378041 1c00a9ba 00180813 addi             x16, x16, 1         x16=00000004 x16:00000003
22288073ns          378042 1c00a9bc 008840fb lp.setup         0x1, x16, 0x8       x16:00000004
22288093ns          378043 1c00a9c0 0008a603 lw               x12, 0(x17)         x12=437e32e8 x17:1000171c  PA:1000171c
22288113ns          378044 1c00a9c4 004e268b p.lw             x13, 4(x28!)        x13=3f800000 x28=100016f8 x28:100016f4  PA:100016f4
22288153ns          378046 1c00a9c8 60def6c3 fmadd.s          f13, f29, f13, f12  f13=xxxxxxxx f29:c413d511 f13:3f800000 f12:437e32e8
22288173ns          378047 1c00a9cc 00d8a22b p.sw             x13, 4(x17!)        x17=10001720 x13:c3a890ae x17:1000171c  PA:1000171c
22288192ns          378048 1c00a9c0 0008a603 lw               x12, 0(x17)         x12=438c8468 x17:10001720  PA:10001720
22288212ns          378049 1c00a9c4 004e268b p.lw             x13, 4(x28!)        x13=be76876a x28=100016fc x28:100016f8  PA:100016f8
22288252ns          378051 1c00a9c8 60def6c3 fmadd.s          f13, f29, f13, f12  f13=xxxxxxxx f29:c413d511 f13:be76876a f12:438c8468
22288272ns          378052 1c00a9cc 00d8a22b p.sw             x13, 4(x17!)        x17=10001724 x13:43d3b2e0 x17:10001720  PA:10001720
22288292ns          378053 1c00a9c0 0008a603 lw               x12, 0(x17)         x12=43c05e27 x17:10001724  PA:10001724
22288312ns          378054 1c00a9c4 004e268b p.lw             x13, 4(x28!)        x13=3e8c9020 x28=10001700 x28:100016fc  PA:100016fc
22288352ns          378056 1c00a9c8 60def6c3 fmadd.s          f13, f29, f13, f12  f13=xxxxxxxx f29:c413d511 f13:3e8c9020 f12:43c05e27
22288371ns          378057 1c00a9cc 00d8a22b p.sw             x13, 4(x17!)        x17=10001728 x13:435e64cf x17:10001724  PA:10001724
22288391ns          378058 1c00a9c0 0008a603 lw               x12, 0(x17)         x12=c39e1c24 x17:10001728  PA:10001728
22288411ns          378059 1c00a9c4 004e268b p.lw             x13, 4(x28!)        x13=be235c2f x28=10001704 x28:10001700  PA:10001700
22288451ns          378061 1c00a9c8 60def6c3 fmadd.s          f13, f29, f13, f12  f13=xxxxxxxx f29:c413d511 f13:be235c2f f12:c39e1c24
22288471ns          378062 1c00a9cc 00d8a22b p.sw             x13, 4(x17!)        x17=1000172c x13:c35de262 x17:10001728  PA:10001728
22288491ns          378063 1c00a9d0 c69ff06f jal              x0, -920           
22288531ns          378065 1c00a638 00550513 addi             x10, x10, 5         x10=00000010 x10:0000000b
22288550ns          378066 1c00a63a 01498993 addi             x19, x19, 20        x19=10001730 x19:1000171c
22288570ns          378067 1c00a62c 004fa68b p.lw             x13, 4(x31!)        x13=4197152d x31=10001690 x31:1000168c  PA:1000168c
22288610ns          378069 1c00a630 a056a653 feq.s            x12, f13, f5        x12=00000000 f13:4197152d  f5:00000000
22288630ns          378070 1c00a634 36060763 beq              x12, x0, 878        x12:00000000
22288710ns          378074 1c00a9a2 00b50633 add              x12, x10, x11       x12=00000014 x10:00000010 x11:00000004
22288730ns          378075 1c00a9a6 11e6fed3 fmul.s           f29, f13, f30       f29=xxxxxxxx f13:4197152d f30:bfdcebf2
22288749ns          378076 1c00a9aa c8c557e3 bge              x10, x12, -882      x10:00000010 x12:00000014
22288769ns          378077 1c00a9ae ffc38813 addi             x16, x7, -4         x16=0000000c  x7:00000010
22288789ns          378078 1c00a9b2 00285813 srli             x16, x16, 0x2       x16=00000003 x16:0000000c
22288809ns          378079 1c00a9b6 01200e33 add              x28, x0, x18        x28=100016f4 x18:100016f4
22288829ns          378080 1c00a9b8 013008b3 add              x17, x0, x19        x17=10001730 x19:10001730
22288849ns          378081 1c00a9ba 00180813 addi             x16, x16, 1         x16=00000004 x16:00000003
22288869ns          378082 1c00a9bc 008840fb lp.setup         0x1, x16, 0x8       x16:00000004
22288889ns          378083 1c00a9c0 0008a603 lw               x12, 0(x17)         x12=417de9fa x17:10001730  PA:10001730
22288909ns          378084 1c00a9c4 004e268b p.lw             x13, 4(x28!)        x13=3f800000 x28=100016f8 x28:100016f4  PA:100016f4
22288948ns          378086 1c00a9c8 60def6c3 fmadd.s          f13, f29, f13, f12  f13=xxxxxxxx f29:c2026172 f13:3f800000 f12:417de9fa
22288968ns          378087 1c00a9cc 00d8a22b p.sw             x13, 4(x17!)        x17=10001734 x13:c185cde7 x17:10001730  PA:10001730
22288988ns          378088 1c00a9c0 0008a603 lw               x12, 0(x17)         x12=43568be6 x17:10001734  PA:10001734
22289008ns          378089 1c00a9c4 004e268b p.lw             x13, 4(x28!)        x13=be76876a x28=100016fc x28:100016f8  PA:100016f8
22289048ns          378091 1c00a9c8 60def6c3 fmadd.s          f13, f29, f13, f12  f13=xxxxxxxx f29:c2026172 f13:be76876a f12:43568be6
22289068ns          378092 1c00a9cc 00d8a22b p.sw             x13, 4(x17!)        x17=10001738 x13:435e64d0 x17:10001734  PA:10001734
22289088ns          378093 1c00a9c0 0008a603 lw               x12, 0(x17)         x12=438fbafb x17:10001738  PA:10001738
22289107ns          378094 1c00a9c4 004e268b p.lw             x13, 4(x28!)        x13=3e8c9020 x28=10001700 x28:100016fc  PA:100016fc
22289147ns          378096 1c00a9c8 60def6c3 fmadd.s          f13, f29, f13, f12  f13=xxxxxxxx f29:c2026172 f13:3e8c9020 f12:438fbafb
22289167ns          378097 1c00a9cc 00d8a22b p.sw             x13, 4(x17!)        x17=1000173c x13:438b4190 x17:10001738  PA:10001738
22289187ns          378098 1c00a9c0 0008a603 lw               x12, 0(x17)         x12=4318030d x17:1000173c  PA:1000173c
22289207ns          378099 1c00a9c4 004e268b p.lw             x13, 4(x28!)        x13=be235c2f x28=10001704 x28:10001700  PA:10001700
22289247ns          378101 1c00a9c8 60def6c3 fmadd.s          f13, f29, f13, f12  f13=xxxxxxxx f29:c2026172 f13:be235c2f f12:4318030d
22289267ns          378102 1c00a9cc 00d8a22b p.sw             x13, 4(x17!)        x17=10001740 x13:431d363d x17:1000173c  PA:1000173c
22289286ns          378103 1c00a9d0 c69ff06f jal              x0, -920           
22289326ns          378105 1c00a638 00550513 addi             x10, x10, 5         x10=00000015 x10:00000010
22289346ns          378106 1c00a63a 01498993 addi             x19, x19, 20        x19=10001744 x19:10001730
22289366ns          378107 1c00a62c 004fa68b p.lw             x13, 4(x31!)        x13=c3fcadb1 x31=10001694 x31:10001690  PA:10001690
22289406ns          378109 1c00a630 a056a653 feq.s            x12, f13, f5        x12=00000000 f13:c3fcadb1  f5:00000000
22289426ns          378110 1c00a634 36060763 beq              x12, x0, 878        x12:00000000
22289505ns          378114 1c00a9a2 00b50633 add              x12, x10, x11       x12=00000019 x10:00000015 x11:00000004
22289525ns          378115 1c00a9a6 11e6fed3 fmul.s           f29, f13, f30       f29=xxxxxxxx f13:c3fcadb1 f30:bfdcebf2
22289545ns          378116 1c00a9aa c8c557e3 bge              x10, x12, -882      x10:00000015 x12:00000019
22289565ns          378117 1c00a9ae ffc38813 addi             x16, x7, -4         x16=0000000c  x7:00000010
22289585ns          378118 1c00a9b2 00285813 srli             x16, x16, 0x2       x16=00000003 x16:0000000c
22289605ns          378119 1c00a9b6 01200e33 add              x28, x0, x18        x28=100016f4 x18:100016f4
22289625ns          378120 1c00a9b8 013008b3 add              x17, x0, x19        x17=10001744 x19:10001744
22289644ns          378121 1c00a9ba 00180813 addi             x16, x16, 1         x16=00000004 x16:00000003
22289664ns          378122 1c00a9bc 008840fb lp.setup         0x1, x16, 0x8       x16:00000004
22289684ns          378123 1c00a9c0 0008a603 lw               x12, 0(x17)         x12=c3b41fbf x17:10001744  PA:10001744
22289704ns          378124 1c00a9c4 004e268b p.lw             x13, 4(x28!)        x13=3f800000 x28=100016f8 x28:100016f4  PA:100016f4
22289744ns          378126 1c00a9c8 60def6c3 fmadd.s          f13, f29, f13, f12  f13=xxxxxxxx f29:445a0e26 f13:3f800000 f12:c3b41fbf
22289764ns          378127 1c00a9cc 00d8a22b p.sw             x13, 4(x17!)        x17=10001748 x13:43fffc8d x17:10001744  PA:10001744
22289784ns          378128 1c00a9c0 0008a603 lw               x12, 0(x17)         x12=c13e5718 x17:10001748  PA:10001748
22289804ns          378129 1c00a9c4 004e268b p.lw             x13, 4(x28!)        x13=be76876a x28=100016fc x28:100016f8  PA:100016f8
22289843ns          378131 1c00a9c8 60def6c3 fmadd.s          f13, f29, f13, f12  f13=xxxxxxxx f29:445a0e26 f13:be76876a f12:c13e5718
22289863ns          378132 1c00a9cc 00d8a22b p.sw             x13, 4(x17!)        x17=1000174c x13:c35de262 x17:10001748  PA:10001748
22289883ns          378133 1c00a9c0 0008a603 lw               x12, 0(x17)         x12=c2a47d8a x17:1000174c  PA:1000174c
22289903ns          378134 1c00a9c4 004e268b p.lw             x13, 4(x28!)        x13=3e8c9020 x28=10001700 x28:100016fc  PA:100016fc
22289943ns          378136 1c00a9c8 60def6c3 fmadd.s          f13, f29, f13, f12  f13=xxxxxxxx f29:445a0e26 f13:3e8c9020 f12:c2a47d8a
22289963ns          378137 1c00a9cc 00d8a22b p.sw             x13, 4(x17!)        x17=10001750 x13:431d363b x17:1000174c  PA:1000174c
22289983ns          378138 1c00a9c0 0008a603 lw               x12, 0(x17)         x12=444480ce x17:10001750  PA:10001750
22290003ns          378139 1c00a9c4 004e268b p.lw             x13, 4(x28!)        x13=be235c2f x28=10001704 x28:10001700  PA:10001700
22290042ns          378141 1c00a9c8 60def6c3 fmadd.s          f13, f29, f13, f12  f13=xxxxxxxx f29:445a0e26 f13:be235c2f f12:444480ce
22290062ns          378142 1c00a9cc 00d8a22b p.sw             x13, 4(x17!)        x17=10001754 x13:4421b76c x17:10001750  PA:10001750
22290082ns          378143 1c00a9d0 c69ff06f jal              x0, -920           
22290122ns          378145 1c00a638 00550513 addi             x10, x10, 5         x10=0000001a x10:00000015
22290142ns          378146 1c00a63a 01498993 addi             x19, x19, 20        x19=10001758 x19:10001744
22290162ns          378147 1c00a63c e39ff06f jal              x0, -456           
22290440ns          378161 1c00a474 00812c03 lw               x24, 8(x2)          x24=00000002  x2:10001638  PA:10001640
22290480ns          378163 1c00a476 00f92c2b p.sw             x15, 24(x18!)       x18=1000170c x15:4380d60f x18:100016f4  PA:100016f4
22290500ns          378164 1c00a47a 004a8a93 addi             x21, x21, 4         x21=100016d4 x21:100016d0
22290520ns          378165 1c00a47c 006b8b93 addi             x23, x23, 6         x23=00000006 x23:00000000
22290540ns          378166 1c00a47e 006009b3 add              x19, x0, x6         x19=10001704  x6:10001704
22290937ns          378186 1c00a480 005d8d93 addi             x27, x27, 5         x27=0000000a x27:00000005
22290957ns          378187 1c00a482 00548493 addi             x9, x9, 5            x9=00000005  x9:00000000
22290977ns          378188 1c00a484 018a0a13 addi             x20, x20, 24        x20=10001710 x20:100016f8
22290997ns          378189 1c00a486 b9fc39e3 p.bneimm         x24, -1134          x24:00000002
22291554ns          378217 1c00a018 00300d13 addi             x26, x0, 3          x26=00000003
22291594ns          378219 1c00a01a 418d0d33 sub              x26, x26, x24       x26=00000001 x26:00000003 x24:00000002
22291614ns          378220 1c00a01e 018005b3 add              x11, x0, x24        x11=00000002 x24:00000002
22291653ns          378222 1c00a020 00092503 lw               x10, 0(x18)         x10=c3a890ae x18:1000170c  PA:1000170c
22291693ns          378224 1c00a024 423d2163 p.beqimm         x26, 1058           x26:00000001
22291713ns          378225 1c00a028 003b8813 addi             x16, x23, 3         x16=00000009 x23:00000006
22291733ns          378226 1c00a02c 400c0d63 beq              x24, x0, 1050       x24:00000002
22292171ns          378248 1c00a030 601c2b63 p.beqimm         x24, 1558           x24:00000002
22292210ns          378250 1c00a034 00648793 addi             x15, x9, 6          x15=0000000b  x9:00000005
22292230ns          378251 1c00a038 7af85863 bge              x16, x15, 1968      x16:00000009 x15:0000000b
22292250ns          378252 1c00a03c 01498313 addi             x6, x19, 20          x6=10001718 x19:10001704
22292310ns          378255 1c00a040 414306b3 sub              x13, x6, x20        x13=00000008  x6:10001718 x20:10001710
22292350ns          378257 1c00a044 ffc68693 addi             x13, x13, -4        x13=00000004 x13:00000008
22292370ns          378258 1c00a046 1c000737 lui              x14, 0x1c000000     x14=1c000000
22292389ns          378259 1c00a04a 0026d693 srli             x13, x13, 0x2       x13=00000001 x13:00000004
22292409ns          378260 1c00a04c 00000793 addi             x15, x0, 0          x15=00000000
22292449ns          378262 1c00a050 01c72603 lw               x12, 28(x14)        x12=00800000 x14:1c000000  PA:1c00001c
22292767ns          378278 1c00a054 014008b3 add              x17, x0, x20        x17=10001710 x20:10001710
22292787ns          378279 1c00a056 00f00eb3 add              x29, x0, x15        x29=00000000 x15:00000000
22292807ns          378280 1c00a058 00168693 addi             x13, x13, 1         x13=00000002 x13:00000001
22292827ns          378281 1c00a05a 0048a70b p.lw             x14, 4(x17!)        x14=c185cdd8 x17=10001714 x17:10001710  PA:10001710
22292867ns          378283 1c00a05e a1d71e53 flt.s            x28, f14, f29       x28=00000001 f14:c185cdd8 f29:00000000
22292887ns          378284 1c00a062 000e0463 beq              x28, x0, 8          x28:00000001
22292907ns          378285 1c00a066 20e71753 fsgnjn.s         f14, f14, f14       f14=xxxxxxxx f14:c185cdd8 f14:c185cdd8
22292926ns          378286 1c00a06a a0e61e53 flt.s            x28, f12, f14       x28=00000001 f12:00800000 f14:4185cdd8
22292966ns          378288 1c00a06e 3a0e0863 beq              x28, x0, 944        x28:00000001
22293006ns          378290 1c00a072 18e67e53 fdiv.s           f28, f12, f14       f28=xxxxxxxx f12:00800000 f14:4185cdd8
22293543ns          378317 1c00a076 00e00633 add              x12, x0, x14        x12=xxxxxxxx x14:4185cdd8
22293563ns          378318 1c00a078 1c000737 lui              x14, 0x1c000000     x14=xxxxxxxx
22293802ns          378330 1c00a07c 11c7f7d3 fmul.s           f15, f15, f28       f15=xxxxxxxx f15:00000000 f28:0007a72a
22293822ns          378331 1c00a080 04c70713 addi             x14, x14, 76        x14=1c00004c x14:1c000000
22293841ns          378332 1c00a084 00072703 lw               x14, 0(x14)         x14=3f800000 x14:1c00004c  PA:1c00004c
22294160ns          378348 1c00a086 70fe77c3 fmadd.s          f15, f28, f15, f14  f15=xxxxxxxx f28:0007a72a f15:00000000 f14:3f800000
22294180ns          378349 1c00a08a fff68693 addi             x13, x13, -1        x13=00000001 x13:00000002
22294199ns          378350 1c00a08c fc0697e3 bne              x13, x0, -50        x13:00000001
22294279ns          378354 1c00a05a 0048a70b p.lw             x14, 4(x17!)        x14=43fffc90 x17=10001718 x17:10001714  PA:10001714
22294319ns          378356 1c00a05e a1d71e53 flt.s            x28, f14, f29       x28=00000000 f14:43fffc90 f29:00000000
22294339ns          378357 1c00a062 000e0463 beq              x28, x0, 8          x28:00000000
22294418ns          378361 1c00a06a a0e61e53 flt.s            x28, f12, f14       x28=00000001 f12:4185cdd8 f14:43fffc90
22294438ns          378362 1c00a06e 3a0e0863 beq              x28, x0, 944        x28:00000001
22294458ns          378363 1c00a072 18e67e53 fdiv.s           f28, f12, f14       f28=xxxxxxxx f12:4185cdd8 f14:43fffc90
22294478ns          378364 1c00a076 00e00633 add              x12, x0, x14        x12=xxxxxxxx x14:43fffc90
22294498ns          378365 1c00a078 1c000737 lui              x14, 0x1c000000     x14=xxxxxxxx
22294737ns          378377 1c00a07c 11c7f7d3 fmul.s           f15, f15, f28       f15=xxxxxxxx f15:3f800000 f28:3d05cfa4
22294756ns          378378 1c00a080 04c70713 addi             x14, x14, 76        x14=1c00004c x14:1c000000
22294776ns          378379 1c00a084 00072703 lw               x14, 0(x14)         x14=3f800000 x14:1c00004c  PA:1c00004c
22295095ns          378395 1c00a086 70fe77c3 fmadd.s          f15, f28, f15, f14  f15=xxxxxxxx f28:3d05cfa4 f15:3d05cfa4 f14:3f800000
22295114ns          378396 1c00a08a fff68693 addi             x13, x13, -1        x13=00000000 x13:00000001
22295134ns          378397 1c00a08c fc0697e3 bne              x13, x0, -50        x13:00000000
22295154ns          378398 1c00a08e 5807f7d3 fsqrt.s          f15, f15            f15=xxxxxxxx f15:3f8022f9
22296129ns          378447 1c00a092 10c7f7d3 fmul.s           f15, f15, f12       f15=xxxxxxxx f15:3f80117b f12:43fffc90
22296149ns          378448 1c00a096 00000713 addi             x14, x0, 0          x14=00000000
22296169ns          378449 1c00a09a a0e7a6d3 feq.s            x13, f15, f14       x13=00000000 f15:44000fc3 f14:00000000
22296189ns          378450 1c00a09e 5c069363 bne              x13, x0, 1478       x13:00000000
22296208ns          378451 1c00a0a2 a0e51753 flt.s            x14, f10, f14       x14=00000001 f10:c3a890ae f14:00000000
22296228ns          378452 1c00a0a6 5e071063 bne              x14, x0, 1504       x14:00000001
22296785ns          378480 1c00a686 20a51753 fsgnjn.s         f14, f10, f10       f14=xxxxxxxx f10:c3a890ae f10:c3a890ae
22296805ns          378481 1c00a68a a23ff06f jal              x0, -1502          
22296905ns          378486 1c00a0ac 00000693 addi             x13, x0, 0          x13=00000000
22296925ns          378487 1c00a0b0 a0d796d3 flt.s            x13, f15, f13       x13=00000000 f15:44000fc3 f13:00000000
22296944ns          378488 1c00a0b4 00068363 beq              x13, x0, 6          x13:00000000
22297024ns          378492 1c00a0ba a0f716d3 flt.s            x13, f14, f15       x13=00000001 f14:43a890ae f15:44000fc3
22297084ns          378495 1c00a0be 5a069763 bne              x13, x0, 1454       x13:00000001
22297183ns          378500 1c00a66c 1c0008b7 lui              x17, 0x1c000000     x17=1c000000
22297263ns          378504 1c00a670 04c8a683 lw               x13, 76(x17)        x13=3f800000 x17:1c000000  PA:1c00004c
22297581ns          378520 1c00a674 18f77753 fdiv.s           f14, f14, f15       f14=xxxxxxxx f14:43a890ae f15:44000fc3
22298456ns          378564 1c00a678 68e77743 fmadd.s          f14, f14, f14, f13  f14=xxxxxxxx f14:3f287bef f14:3f287bef f13:3f800000
22298476ns          378565 1c00a67c 58077753 fsqrt.s          f14, f14            f14=xxxxxxxx f14:3fb77173
22298754ns          378579 1c00a680 10e7f7d3 fmul.s           f15, f15, f14       f15=xxxxxxxx f15:44000fc3 f14:3f993bf6
22298774ns          378580 1c00a684 a59ff06f jal              x0, -1448          
22298854ns          378584 1c00a0dc 00000713 addi             x14, x0, 0          x14=00000000
22298933ns          378588 1c00a0e0 a0a70753 fle.s            x14, f14, f10       x14=00000000 f14:00000000 f10:c3a890ae
22298973ns          378590 1c00a0e4 00070363 beq              x14, x0, 6          x14:00000000
22299053ns          378594 1c00a0ea 00000713 addi             x14, x0, 0          x14=00000000
22299112ns          378597 1c00a0ee a0e79753 flt.s            x14, f15, f14       x14=00000000 f15:44194ed4 f14:00000000
22299152ns          378599 1c00a0f2 58071d63 bne              x14, x0, 1434       x14:00000000
22299172ns          378600 1c00a0f6 00f00733 add              x14, x0, x15        x14=44194ed4 x15:44194ed4
22299192ns          378601 1c00a0f8 1c000637 lui              x12, 0x1c000000     x12=1c000000
22299212ns          378602 1c00a0fc 03060613 addi             x12, x12, 48        x12=1c000030 x12:1c000000
22299252ns          378604 1c00a100 00062603 lw               x12, 0(x12)         x12=0c000000 x12:1c000030  PA:1c000030
22299590ns          378621 1c00a102 a0c71753 flt.s            x14, f14, f12       x14=00000000 f14:44194ed4 f12:0c000000
22299610ns          378622 1c00a106 3a070063 beq              x14, x0, 928        x14:00000000
22299809ns          378632 1c00a4a6 1c0008b7 lui              x17, 0x1c000000     x17=1c000000
22299829ns          378633 1c00a4aa 04c88893 addi             x17, x17, 76        x17=1c00004c x17:1c000000
22299888ns          378636 1c00a4ae 08a7f6d3 fsub.s           f13, f15, f10       f13=xxxxxxxx f15:44194ed4 f10:c3a890ae
22299928ns          378638 1c00a4b2 0008a883 lw               x17, 0(x17)         x17=3f800000 x17:1c00004c  PA:1c00004c
22300226ns          378653 1c00a4b6 08f57553 fsub.s           f10, f10, f15       f10=xxxxxxxx f10:c3a890ae f15:44194ed4
22300246ns          378654 1c00a4ba 18f6f6d3 fdiv.s           f13, f13, f15       f13=xxxxxxxx f13:446d972b f15:44194ed4
22300883ns          378686 1c00a4be 18a8f553 fdiv.s           f10, f17, f10       f10=xxxxxxxx f17:3f800000 f10:c46d972b
22301718ns          378728 1c00a4c2 d90dc7e3 blt              x27, x16, -626      x27:0000000a x16:00000009
22301738ns          378729 1c00a4c6 41430733 sub              x14, x6, x20        x14=00000004  x6:10001718 x20:10001710
22301758ns          378730 1c00a4ca ffc70713 addi             x14, x14, -4        x14=00000001 x14:00000008
22301778ns          378731 1c00a4cc 00275713 srli             x14, x14, 0x2       x14=xxxxxxxx x14:00000004
22301798ns          378732 1c00a4ce 01400833 add              x16, x0, x20        x16=xxxxxxxx x20:10001710
22301818ns          378733 1c00a4d0 00170713 addi             x14, x14, 1         x14=xxxxxxxx x14:00000001
22301838ns          378734 1c00a4d2 006740fb lp.setup         0x1, x14, 0x6       x14:00000002  PA:10001710
22301857ns          378735 1c00a4d6 00082603 lw               x12, 0(x16)         x12=xxxxxxxx x16:10001710
22301977ns          378741 1c00a4da 10a67653 fmul.s           f12, f12, f10       f12=xxxxxxxx f12:c185cdd8 f10:ba89eb00
22301997ns          378742 1c00a4de 00c8222b p.sw             x12, 4(x16!)        x16=10001714 x12:3c902bf9 x16:10001710  PA:10001710
22302017ns          378743 1c00a4d6 00082603 lw               x12, 0(x16)         x12=xxxxxxxx x16:10001714  PA:10001714
22302056ns          378745 1c00a4da 10a67653 fmul.s           f12, f12, f10       f12=xxxxxxxx f12:43fffc90 f10:ba89eb00
22302076ns          378746 1c00a4de 00c8222b p.sw             x12, 4(x16!)        x16=10001718 x12:bf09e926 x16:10001714  PA:10001714
22302096ns          378747 1c00a4e2 d6fff06f jal              x0, -658           
22302176ns          378751 1c00a250 1c000e37 lui              x28, 0x1c000000     x28=1c000000
22302215ns          378753 1c00a254 04ce0e13 addi             x28, x28, 76        x28=1c00004c x28:1c000000
22302235ns          378754 1c00a258 000e2e03 lw               x28, 0(x28)         x28=3f800000 x28:1c00004c  PA:1c00004c
22302534ns          378769 1c00a25c 00daa023 sw               x13, 0(x21)         x13:3fc65e8a x21:100016d4  PA:100016d4
22302573ns          378771 1c00a260 01c92023 sw               x28, 0(x18)         x28:3f800000 x18:1000170c  PA:1000170c
22302593ns          378772 1c00a264 000aaf03 lw               x30, 0(x21)         x30=3fc65e8a x21:100016d4  PA:100016d4
22302613ns          378773 1c00a268 00000713 addi             x14, x0, 0          x14=00000000
22302633ns          378774 1c00a26c a0ef26d3 feq.s            x13, f30, f14       x13=00000000 f30:3fc65e8a f14:00000000
22302673ns          378776 1c00a270 20069063 bne              x13, x0, 512        x13:00000000
22302713ns          378778 1c00a274 0109a683 lw               x13, 16(x19)        x13=bf09e926 x19:10001704  PA:10001714
22302752ns          378780 1c00a278 a0e6a753 feq.s            x14, f13, f14       x14=00000000 f13:bf09e926 f14:00000000
22302772ns          378781 1c00a27c 70070063 beq              x14, x0, 1792       x14:00000000
22303170ns          378801 1c00a97c 002c1813 slli             x16, x24, 0x2       x16=00000008 x24:00000002
22303628ns          378824 1c00a980 fffc0893 addi             x17, x24, -1        x17=00000001 x24:00000002
22303667ns          378826 1c00a984 001c0613 addi             x12, x24, 1         x12=00000003 x24:00000002
22303687ns          378827 1c00a988 01880833 add              x16, x16, x24       x16=0000000a x16:00000008 x24:00000002
22303707ns          378828 1c00a98a 01112423 sw               x17, 8(x2)          x17:00000001  x2:10001638  PA:10001640
22303727ns          378829 1c00a98c 93bff06f jal              x0, -1734          
22304284ns          378857 1c00a2c6 02498e93 addi             x29, x19, 36        x29=10001728 x19:10001704
22304304ns          378858 1c00a2ca 00500713 addi             x14, x0, 5          x14=00000005
22304324ns          378859 1c00a2cc 01b80833 add              x16, x16, x27       x16=00000014 x16:0000000a x27:0000000a
22304364ns          378861 1c00a2ce 00000393 addi             x7, x0, 0            x7=00000000
22304384ns          378862 1c00a2d2 00500e13 addi             x28, x0, 5          x28=00000005
22304403ns          378863 1c00a2d4 109e40fb lp.setup         0x1, x28, 0x109     x28:00000005
22304423ns          378864 1c00a2d8 01b706b3 add              x13, x14, x27       x13=0000000f x14:00000005 x27:0000000a
22304443ns          378865 1c00a2dc 00e80fb3 add              x31, x16, x14       x31=00000019 x16:00000014 x14:00000005
22304503ns          378868 1c00a2e0 00d00533 add              x10, x0, x13        x10=0000000f x13:0000000f
22304543ns          378870 1c00a2e2 20dfc163 blt              x31, x13, 514       x31:00000019 x13:0000000f
22304563ns          378871 1c00a2e6 000ea883 lw               x17, 0(x29)         x17=c35de262 x29:10001728  PA:10001728
22304602ns          378873 1c00a2ea a078a8d3 feq.s            x17, f17, f7        x17=00000000 f17:c35de262  f7:00000000
22304642ns          378875 1c00a2ee 00088d63 beq              x17, x0, 26         x17:00000000
22304742ns          378880 1c00a308 1e060263 beq              x12, x0, 484        x12:00000003
22304781ns          378882 1c00a30c 04012623 sw               x0, 76(x2)           x2:10001638  PA:10001684
22304841ns          378885 1c00a30e 68172363 p.beqimm         x14, 1670           x14:00000005
22304861ns          378886 1c00a312 04012823 sw               x0, 80(x2)           x2:10001638  PA:10001688
22304881ns          378887 1c00a314 76272f63 p.beqimm         x14, 1918           x14:00000005
22304901ns          378888 1c00a318 04012a23 sw               x0, 84(x2)           x2:10001638  PA:1000168c
22304921ns          378889 1c00a31a 76372463 p.beqimm         x14, 1896           x14:00000005
22304940ns          378890 1c00a31e 04012c23 sw               x0, 88(x2)           x2:10001638  PA:10001690
22304980ns          378892 1c00a320 78472163 p.beqimm         x14, 1922           x14:00000005
22305020ns          378894 1c00a324 00000393 addi             x7, x0, 0            x7=00000000
22305040ns          378895 1c00a328 04012e23 sw               x0, 92(x2)           x2:10001638  PA:10001694
22305060ns          378896 1c00a32a 00712823 sw               x7, 16(x2)           x7:00000000  x2:10001638  PA:10001648
22305080ns          378897 1c00a32c 00700433 add              x8, x0, x7           x8=00000000  x7:00000000
22305100ns          378898 1c00a32e 00712a23 sw               x7, 20(x2)           x7:00000000  x2:10001638  PA:1000164c
22305119ns          378899 1c00a330 002c1893 slli             x17, x24, 0x2       x17=00000008 x24:00000002
22305159ns          378901 1c00a334 01888e33 add              x28, x17, x24       x28=0000000a x17:00000008 x24:00000002
22305179ns          378902 1c00a338 41c00533 sub              x10, x0, x28        x10=fffffff6 x28:0000000a
22305199ns          378903 1c00a33c 00180f93 addi             x31, x16, 1         x31=00000015 x16:00000014
22305259ns          378906 1c00a340 01550513 addi             x10, x10, 21        x10=0000000b x10:fffffff6
22305299ns          378908 1c00a342 6aafc763 blt              x31, x10, 1710      x31:00000015 x10:0000000b
22305318ns          378909 1c00a346 00c12e83 lw               x29, 12(x2)         x29=100016f0  x2:10001638  PA:10001644
22305338ns          378910 1c00a348 002e1e13 slli             x28, x28, 0x2       x28=00000028 x28:0000000a
22305358ns          378911 1c00a34a 050e8813 addi             x16, x29, 80        x16=10001740 x29:100016f0
22305398ns          378913 1c00a34e 41c80833 sub              x16, x16, x28       x16=10001718 x16:10001740 x28:00000028
22305418ns          378914 1c00a352 01412e03 lw               x28, 20(x2)         x28=00000000  x2:10001638  PA:1000164c
22305438ns          378915 1c00a354 03112c23 sw               x17, 56(x2)         x17:00000008  x2:10001638  PA:10001670
22305458ns          378916 1c00a356 03c12423 sw               x28, 40(x2)         x28:00000000  x2:10001638  PA:10001660
22305478ns          378917 1c00a358 02d12e23 sw               x13, 60(x2)         x13:0000000f  x2:10001638  PA:10001674
22305497ns          378918 1c00a35a 02812883 lw               x17, 40(x2)         x17=00000000  x2:10001638  PA:10001660
22305537ns          378920 1c00a35c 01012683 lw               x13, 16(x2)         x13=00000000  x2:10001638  PA:10001648
22305557ns          378921 1c00a35e 012002b3 add              x5, x0, x18          x5=1000170c x18:1000170c
22305577ns          378922 1c00a360 02012223 sw               x0, 36(x2)           x2:10001638  PA:1000165c
22305597ns          378923 1c00a362 02012023 sw               x0, 32(x2)           x2:10001638  PA:10001658
22305617ns          378924 1c00a364 00012e23 sw               x0, 28(x2)           x2:10001638  PA:10001654
22305637ns          378925 1c00a366 00012c23 sw               x0, 24(x2)           x2:10001638  PA:10001650
22305657ns          378926 1c00a368 00000e93 addi             x29, x0, 0          x29=00000000
22305676ns          378927 1c00a36a 00000e13 addi             x28, x0, 0          x28=00000000
22305696ns          378928 1c00a36e 02c12623 sw               x12, 44(x2)         x12:00000003  x2:10001638  PA:10001664
22305716ns          378929 1c00a370 02b12823 sw               x11, 48(x2)         x11:00000002  x2:10001638  PA:10001668
22305736ns          378930 1c00a372 02f12a23 sw               x15, 52(x2)         x15:44194ed4  x2:10001638  PA:1000166c
22305756ns          378931 1c00a374 00a707b3 add              x15, x14, x10       x15=00000010 x14:00000005 x10:0000000b
22305776ns          378932 1c00a378 06f55063 bge              x10, x15, 96        x10:0000000b x15:00000010
22305796ns          378933 1c00a37c 0002a603 lw               x12, 0(x5)          x12=3f800000  x5:1000170c  PA:1000170c
22305836ns          378935 1c00a380 00082e83 lw               x29, 0(x16)         x29=36c2c46c x16:10001718  PA:10001718
22305875ns          378937 1c00a384 00150593 addi             x11, x10, 1         x11=0000000c x10:0000000b
22305895ns          378938 1c00a388 e0cefe43 fmadd.s          f28, f29, f12, f28  f28=xxxxxxxx f29:36c2c46c f12:3f800000 f28:00000000
22305915ns          378939 1c00a38c 48f5d863 bge              x11, x15, 1168      x11:0000000c x15:00000010
22305975ns          378942 1c00a390 00482e83 lw               x29, 4(x16)         x29=c3a890ae x16:10001718  PA:1000171c
22306015ns          378944 1c00a394 00250593 addi             x11, x10, 2         x11=0000000d x10:0000000b
22306034ns          378945 1c00a398 39d673c3 fmadd.s          f7, f12, f29, f7     f7=xxxxxxxx f12:3f800000 f29:c3a890ae  f7:00000000
22306054ns          378946 1c00a39c 58f5d363 bge              x11, x15, 1414      x11:0000000d x15:00000010
22306114ns          378949 1c00a3a0 00882e83 lw               x29, 8(x16)         x29=43d3b2e0 x16:10001718  PA:10001720
22306154ns          378951 1c00a3a4 00350593 addi             x11, x10, 3         x11=0000000e x10:0000000b
22306174ns          378952 1c00a3a8 41d67443 fmadd.s          f8, f12, f29, f8     f8=xxxxxxxx f12:3f800000 f29:43d3b2e0  f8:00000000
22306194ns          378953 1c00a3ac 46f5d463 bge              x11, x15, 1128      x11:0000000e x15:00000010
22306631ns          378975 1c00a3b0 00c82e83 lw               x29, 12(x16)        x29=435e64cf x16:10001718  PA:10001724
22306671ns          378977 1c00a3b4 00450593 addi             x11, x10, 4         x11=0000000f x10:0000000b
22306691ns          378978 1c00a3b8 69d676c3 fmadd.s          f13, f12, f29, f13  f13=xxxxxxxx f12:3f800000 f29:435e64cf f13:00000000
22306711ns          378979 1c00a3bc 56f5d663 bge              x11, x15, 1388      x11:0000000f x15:00000010
22306770ns          378982 1c00a3c0 01082783 lw               x15, 16(x16)        x15=c35de262 x16:10001718  PA:10001728
22306810ns          378984 1c00a3c4 00100e93 addi             x29, x0, 1          x29=00000001
22306830ns          378985 1c00a3c6 88f678c3 fmadd.s          f17, f12, f15, f17  f17=xxxxxxxx f12:3f800000 f15:c35de262 f17:00000000
22306850ns          378986 1c00a3ca 00100593 addi             x11, x0, 1          x11=00000001
22306870ns          378987 1c00a3cc 00100613 addi             x12, x0, 1          x12=00000001
22306890ns          378988 1c00a3ce 00100793 addi             x15, x0, 1          x15=00000001
22306910ns          378989 1c00a3d0 03d12223 sw               x29, 36(x2)         x29:00000001  x2:10001638  PA:1000165c
22306930ns          378990 1c00a3d2 02b12023 sw               x11, 32(x2)         x11:00000001  x2:10001638  PA:10001658
22306949ns          378991 1c00a3d4 00c12e23 sw               x12, 28(x2)         x12:00000001  x2:10001638  PA:10001654
22306969ns          378992 1c00a3d6 00f12c23 sw               x15, 24(x2)         x15:00000001  x2:10001638  PA:10001650
22306989ns          378993 1c00a3d8 00550513 addi             x10, x10, 5         x10=00000010 x10:0000000b
22307009ns          378994 1c00a3da 01480813 addi             x16, x16, 20        x16=1000172c x16:10001718
22307029ns          378995 1c00a3dc 00428293 addi             x5, x5, 4            x5=10001710  x5:1000170c
22307049ns          378996 1c00a3de f8afdbe3 bge              x31, x10, -106      x31:00000015 x10:00000010
22307109ns          378999 1c00a374 00a707b3 add              x15, x14, x10       x15=00000015 x14:00000005 x10:00000010
22307128ns          379000 1c00a378 06f55063 bge              x10, x15, 96        x10:00000010 x15:00000015
22307148ns          379001 1c00a37c 0002a603 lw               x12, 0(x5)          x12=3c902bf9  x5:10001710  PA:10001710
22307168ns          379002 1c00a380 00082e83 lw               x29, 0(x16)         x29=b6bc6f82 x16:1000172c  PA:1000172c
22307188ns          379003 1c00a384 00150593 addi             x11, x10, 1         x11=00000011 x10:00000010
22307208ns          379004 1c00a388 e0cefe43 fmadd.s          f28, f29, f12, f28  f28=xxxxxxxx f29:b6bc6f82 f12:3c902bf9 f28:36c2c46c
22307228ns          379005 1c00a38c 48f5d863 bge              x11, x15, 1168      x11:00000011 x15:00000015
22307248ns          379006 1c00a390 00482e83 lw               x29, 4(x16)         x29=c185cde7 x16:1000172c  PA:10001730
22307268ns          379007 1c00a394 00250593 addi             x11, x10, 2         x11=00000012 x10:00000010
22307288ns          379008 1c00a398 39d673c3 fmadd.s          f7, f12, f29, f7     f7=xxxxxxxx f12:3c902bf9 f29:c185cde7  f7:c3a890ae
22307307ns          379009 1c00a39c 58f5d363 bge              x11, x15, 1414      x11:00000012 x15:00000015
22307327ns          379010 1c00a3a0 00882e83 lw               x29, 8(x16)         x29=435e64d0 x16:1000172c  PA:10001734
22307347ns          379011 1c00a3a4 00350593 addi             x11, x10, 3         x11=00000013 x10:00000010
22307367ns          379012 1c00a3a8 41d67443 fmadd.s          f8, f12, f29, f8     f8=xxxxxxxx f12:3c902bf9 f29:435e64d0  f8:43d3b2e0
22307387ns          379013 1c00a3ac 46f5d463 bge              x11, x15, 1128      x11:00000013 x15:00000015
22307407ns          379014 1c00a3b0 00c82e83 lw               x29, 12(x16)        x29=438b4190 x16:1000172c  PA:10001738
22307427ns          379015 1c00a3b4 00450593 addi             x11, x10, 4         x11=00000014 x10:00000010
22307447ns          379016 1c00a3b8 69d676c3 fmadd.s          f13, f12, f29, f13  f13=xxxxxxxx f12:3c902bf9 f29:438b4190 f13:435e64cf
22307467ns          379017 1c00a3bc 56f5d663 bge              x11, x15, 1388      x11:00000014 x15:00000015
22307486ns          379018 1c00a3c0 01082783 lw               x15, 16(x16)        x15=431d363d x16:1000172c  PA:1000173c
22307506ns          379019 1c00a3c4 00100e93 addi             x29, x0, 1          x29=00000001
22307526ns          379020 1c00a3c6 88f678c3 fmadd.s          f17, f12, f15, f17  f17=xxxxxxxx f12:3c902bf9 f15:431d363d f17:c35de262
22307546ns          379021 1c00a3ca 00100593 addi             x11, x0, 1          x11=00000001
22307566ns          379022 1c00a3cc 00100613 addi             x12, x0, 1          x12=00000001
22307586ns          379023 1c00a3ce 00100793 addi             x15, x0, 1          x15=00000001
22307606ns          379024 1c00a3d0 03d12223 sw               x29, 36(x2)         x29:00000001  x2:10001638  PA:1000165c
22307626ns          379025 1c00a3d2 02b12023 sw               x11, 32(x2)         x11:00000001  x2:10001638  PA:10001658
22307646ns          379026 1c00a3d4 00c12e23 sw               x12, 28(x2)         x12:00000001  x2:10001638  PA:10001654
22307666ns          379027 1c00a3d6 00f12c23 sw               x15, 24(x2)         x15:00000001  x2:10001638  PA:10001650
22307685ns          379028 1c00a3d8 00550513 addi             x10, x10, 5         x10=00000015 x10:00000010
22307705ns          379029 1c00a3da 01480813 addi             x16, x16, 20        x16=10001740 x16:1000172c
22307725ns          379030 1c00a3dc 00428293 addi             x5, x5, 4            x5=10001714  x5:10001710
22307745ns          379031 1c00a3de f8afdbe3 bge              x31, x10, -106      x31:00000015 x10:00000015
22307805ns          379034 1c00a374 00a707b3 add              x15, x14, x10       x15=0000001a x14:00000005 x10:00000015
22307825ns          379035 1c00a378 06f55063 bge              x10, x15, 96        x10:00000015 x15:0000001a
22307845ns          379036 1c00a37c 0002a603 lw               x12, 0(x5)          x12=bf09e926  x5:10001714  PA:10001714
22307864ns          379037 1c00a380 00082e83 lw               x29, 0(x16)         x29=36e05a90 x16:10001740  PA:10001740
22307884ns          379038 1c00a384 00150593 addi             x11, x10, 1         x11=00000016 x10:00000015
22307904ns          379039 1c00a388 e0cefe43 fmadd.s          f28, f29, f12, f28  f28=xxxxxxxx f29:36e05a90 f12:bf09e926 f28:36bf7373
22307924ns          379040 1c00a38c 48f5d863 bge              x11, x15, 1168      x11:00000016 x15:0000001a
22307944ns          379041 1c00a390 00482e83 lw               x29, 4(x16)         x29=43fffc8d x16:10001740  PA:10001744
22307964ns          379042 1c00a394 00250593 addi             x11, x10, 2         x11=00000017 x10:00000015
22307984ns          379043 1c00a398 39d673c3 fmadd.s          f7, f12, f29, f7     f7=xxxxxxxx f12:bf09e926 f29:43fffc8d  f7:c3a8b65b
22308004ns          379044 1c00a39c 58f5d363 bge              x11, x15, 1414      x11:00000017 x15:0000001a
22308024ns          379045 1c00a3a0 00882e83 lw               x29, 8(x16)         x29=c35de262 x16:10001740  PA:10001748
22308043ns          379046 1c00a3a4 00350593 addi             x11, x10, 3         x11=00000018 x10:00000015
22308063ns          379047 1c00a3a8 41d67443 fmadd.s          f8, f12, f29, f8     f8=xxxxxxxx f12:bf09e926 f29:c35de262  f8:43d5a7dc
22308083ns          379048 1c00a3ac 46f5d463 bge              x11, x15, 1128      x11:00000018 x15:0000001a
22308103ns          379049 1c00a3b0 00c82e83 lw               x29, 12(x16)        x29=431d363b x16:10001740  PA:1000174c
22308123ns          379050 1c00a3b4 00450593 addi             x11, x10, 4         x11=00000019 x10:00000015
22308143ns          379051 1c00a3b8 69d676c3 fmadd.s          f13, f12, f29, f13  f13=xxxxxxxx f12:bf09e926 f29:431d363b f13:43634b9c
22308163ns          379052 1c00a3bc 56f5d663 bge              x11, x15, 1388      x11:00000019 x15:0000001a
22308183ns          379053 1c00a3c0 01082783 lw               x15, 16(x16)        x15=4421b76c x16:10001740  PA:10001750
22308203ns          379054 1c00a3c4 00100e93 addi             x29, x0, 1          x29=00000001
22308222ns          379055 1c00a3c6 88f678c3 fmadd.s          f17, f12, f15, f17  f17=xxxxxxxx f12:bf09e926 f15:4421b76c f17:c35b1e16
22308242ns          379056 1c00a3ca 00100593 addi             x11, x0, 1          x11=00000001
22308262ns          379057 1c00a3cc 00100613 addi             x12, x0, 1          x12=00000001
22308282ns          379058 1c00a3ce 00100793 addi             x15, x0, 1          x15=00000001
22308302ns          379059 1c00a3d0 03d12223 sw               x29, 36(x2)         x29:00000001  x2:10001638  PA:1000165c
22308322ns          379060 1c00a3d2 02b12023 sw               x11, 32(x2)         x11:00000001  x2:10001638  PA:10001658
22308342ns          379061 1c00a3d4 00c12e23 sw               x12, 28(x2)         x12:00000001  x2:10001638  PA:10001654
22308362ns          379062 1c00a3d6 00f12c23 sw               x15, 24(x2)         x15:00000001  x2:10001638  PA:10001650
22308382ns          379063 1c00a3d8 00550513 addi             x10, x10, 5         x10=0000001a x10:00000015
22308401ns          379064 1c00a3da 01480813 addi             x16, x16, 20        x16=10001754 x16:10001740
22308421ns          379065 1c00a3dc 00428293 addi             x5, x5, 4            x5=10001718  x5:10001714
22308441ns          379066 1c00a3de f8afdbe3 bge              x31, x10, -106      x31:00000015 x10:0000001a
22308461ns          379067 1c00a3e2 00d12823 sw               x13, 16(x2)         x13:430e9a69  x2:10001638  PA:10001648
22308481ns          379068 1c00a3e4 03112423 sw               x17, 40(x2)         x17:c40de5f6  x2:10001638  PA:10001660
22308501ns          379069 1c00a3e6 02c12603 lw               x12, 44(x2)         x12=00000003  x2:10001638  PA:10001664
22308521ns          379070 1c00a3e8 03012583 lw               x11, 48(x2)         x11=00000002  x2:10001638  PA:10001668
22308541ns          379071 1c00a3ea 03412783 lw               x15, 52(x2)         x15=44194ed4  x2:10001638  PA:1000166c
22308561ns          379072 1c00a3ec 03812883 lw               x17, 56(x2)         x17=00000008  x2:10001638  PA:10001670
22308580ns          379073 1c00a3ee 03c12683 lw               x13, 60(x2)         x13=0000000f  x2:10001638  PA:10001674
22308600ns          379074 1c00a3f0 6c0e9763 bne              x29, x0, 1742       x29:00000001
22308700ns          379079 1c00aabe 05c12623 sw               x28, 76(x2)         x28:360d2d50  x2:10001638  PA:10001684
22308779ns          379083 1c00aac0 935ff06f jal              x0, -1740          
22308819ns          379085 1c00a3f4 01812803 lw               x16, 24(x2)         x16=00000001  x2:10001638  PA:10001650
22308859ns          379087 1c00a3f6 6e081163 bne              x16, x0, 1762       x16:00000001
22308998ns          379094 1c00aad8 04712823 sw               x7, 80(x2)           x7:c4194ed3  x2:10001638  PA:10001688
22309018ns          379095 1c00aada 921ff06f jal              x0, -1760          
22309058ns          379097 1c00a3fa 01c12e03 lw               x28, 28(x2)         x28=00000001  x2:10001638  PA:10001654
22309098ns          379099 1c00a3fc 000e0363 beq              x28, x0, 6          x28:00000001
22309118ns          379100 1c00a400 04812a23 sw               x8, 84(x2)           x8:4408b5fd  x2:10001638  PA:1000168c
22309137ns          379101 1c00a402 02012e83 lw               x29, 32(x2)         x29=00000001  x2:10001638  PA:10001658
22309177ns          379103 1c00a404 000e8463 beq              x29, x0, 8          x29:00000001
22309197ns          379104 1c00a408 01012503 lw               x10, 16(x2)         x10=430e9a69  x2:10001638  PA:10001648
22309237ns          379106 1c00a40a 04a12c23 sw               x10, 88(x2)         x10:430e9a69  x2:10001638  PA:10001690
22309257ns          379107 1c00a40c 02412803 lw               x16, 36(x2)         x16=00000001  x2:10001638  PA:1000165c
22309297ns          379109 1c00a40e 6a081a63 bne              x16, x0, 1716       x16:00000001
22309356ns          379112 1c00aac2 02812e83 lw               x29, 40(x2)         x29=c40de5f6  x2:10001638  PA:10001660
22309376ns          379113 1c00aac4 05812803 lw               x16, 88(x2)         x16=430e9a69  x2:10001638  PA:10001690
22309396ns          379114 1c00aac6 05d12e23 sw               x29, 92(x2)         x29:c40de5f6  x2:10001638  PA:10001694
22309416ns          379115 1c00aac8 04c12503 lw               x10, 76(x2)         x10=360d2d50  x2:10001638  PA:10001684
22309436ns          379116 1c00aaca 05012383 lw               x7, 80(x2)           x7=c4194ed3  x2:10001638  PA:10001688
22309476ns          379118 1c00aacc 05412403 lw               x8, 84(x2)           x8=4408b5fd  x2:10001638  PA:1000168c
22309495ns          379119 1c00aace 01012823 sw               x16, 16(x2)         x16:430e9a69  x2:10001638  PA:10001648
22309515ns          379120 1c00aad0 01d12a23 sw               x29, 20(x2)         x29:c40de5f6  x2:10001638  PA:1000164c
22309555ns          379122 1c00aad2 f23ff06f jal              x0, -222           
22309615ns          379125 1c00a9f4 00092e03 lw               x28, 0(x18)         x28=3f800000 x18:1000170c  PA:1000170c
22309655ns          379127 1c00a9f8 00000813 addi             x16, x0, 0          x16=00000000
22309674ns          379128 1c00a9fc a10e2853 feq.s            x16, f28, f16       x16=00000000 f28:3f800000 f16:00000000
22309734ns          379131 1c00aa00 d0081ee3 bne              x16, x0, -740       x16:00000000
22309774ns          379133 1c00aa04 21ef1853 fsgnjn.s         f16, f30, f30       f16=xxxxxxxx f30:3fc65e8a f30:3fc65e8a
22309794ns          379134 1c00aa08 11c87e53 fmul.s           f28, f16, f28       f28=xxxxxxxx f16:bfc65e8a f28:3f800000
22309814ns          379135 1c00aa0c d0ddd8e3 bge              x27, x13, -752      x27:0000000a x13:0000000f
22309873ns          379138 1c00aa10 0149ae83 lw               x29, 20(x19)        x29=36c2c46c x19:10001704  PA:10001718
22309913ns          379140 1c00aa14 01888833 add              x16, x17, x24       x16=0000000a x17:00000008 x24:00000002
22309933ns          379141 1c00aa18 e8ae7ec3 fmadd.s          f29, f28, f10, f29  f29=xxxxxxxx f28:bfc65e8a f10:360d2d50 f29:36c2c46c
22309953ns          379142 1c00aa1c 41000833 sub              x16, x0, x16        x16=fffffff6 x16:0000000a
22310013ns          379145 1c00aa20 01580893 addi             x17, x16, 21        x17=0000000b x16:fffffff6
22310052ns          379147 1c00aa24 01d9aa23 sw               x29, 20(x19)        x29:362abe7b x19:10001704  PA:10001718
22310072ns          379148 1c00aa28 04d8da63 bge              x17, x13, 84        x17:0000000b x13:0000000f
22310092ns          379149 1c00aa2c 0189ae83 lw               x29, 24(x19)        x29=c3a890ae x19:10001704  PA:1000171c
22310152ns          379152 1c00aa30 01680893 addi             x17, x16, 22        x17=0000000c x16:fffffff6
22310192ns          379154 1c00aa34 e87e7ec3 fmadd.s          f29, f28, f7, f29   f29=xxxxxxxx f28:bfc65e8a  f7:c4194ed3 f29:c3a890ae
22310212ns          379155 1c00aa38 01d9ac23 sw               x29, 24(x19)        x29:44194ed3 x19:10001704  PA:1000171c
22310231ns          379156 1c00aa3c 04d8d063 bge              x17, x13, 64        x17:0000000c x13:0000000f
22310291ns          379159 1c00aa40 01c9ae83 lw               x29, 28(x19)        x29=43d3b2e0 x19:10001704  PA:10001720
22310331ns          379161 1c00aa44 01780893 addi             x17, x16, 23        x17=0000000d x16:fffffff6
22310351ns          379162 1c00aa48 e88e7ec3 fmadd.s          f29, f28, f8, f29   f29=xxxxxxxx f28:bfc65e8a  f8:4408b5fd f29:43d3b2e0
22310371ns          379163 1c00aa4c 01d9ae23 sw               x29, 28(x19)        x29:c3d40a19 x19:10001704  PA:10001720
22310430ns          379166 1c00aa50 02d8d663 bge              x17, x13, 44        x17:0000000d x13:0000000f
22310470ns          379168 1c00aa54 0209a883 lw               x17, 32(x19)        x17=435e64cf x19:10001704  PA:10001724
22310510ns          379170 1c00aa58 01012e83 lw               x29, 16(x2)         x29=430e9a69  x2:10001638  PA:10001648
22310530ns          379171 1c00aa5a 01880813 addi             x16, x16, 24        x16=0000000e x16:fffffff6
22310550ns          379172 1c00aa5c 89de78c3 fmadd.s          f17, f28, f29, f17  f17=xxxxxxxx f28:bfc65e8a f29:430e9a69 f17:435e64cf
22310570ns          379173 1c00aa60 0319a023 sw               x17, 32(x19)        x17:3fb250b8 x19:10001704  PA:10001724
22310609ns          379175 1c00aa64 00d85c63 bge              x16, x13, 24        x16:0000000e x13:0000000f
22310629ns          379176 1c00aa68 0249a683 lw               x13, 36(x19)        x13=c35de262 x19:10001704  PA:10001728
22310669ns          379178 1c00aa6c 01412803 lw               x16, 20(x2)         x16=c40de5f6  x2:10001638  PA:1000164c
22310709ns          379180 1c00aa6e 690e7e43 fmadd.s          f28, f28, f16, f13  f28=xxxxxxxx f28:bfc65e8a f16:c40de5f6 f13:c35de262
22310749ns          379182 1c00aa72 03c9a223 sw               x28, 36(x19)        x28:44246fee x19:10001704  PA:10001728
22310768ns          379183 1c00aa76 000aaf03 lw               x30, 0(x21)         x30=3fc65e8a x21:100016d4  PA:100016d4
22310788ns          379184 1c00aa7a ca3ff06f jal              x0, -862           
22311286ns          379209 1c00a71c 00100693 addi             x13, x0, 1          x13=00000001
22311365ns          379213 1c00a71e 00a48813 addi             x16, x9, 10         x16=0000000f  x9:00000005
22311405ns          379215 1c00a722 dcc6d5e3 bge              x13, x12, -566      x13:00000001 x12:00000003
22311425ns          379216 1c00a726 00492e03 lw               x28, 4(x18)         x28=3c902bf9 x18:1000170c  PA:10001710
22311445ns          379217 1c00a72a 00000693 addi             x13, x0, 0          x13=00000000
22311504ns          379220 1c00a72e a0de26d3 feq.s            x13, f28, f13       x13=00000000 f28:3c902bf9 f13:00000000
22311524ns          379221 1c00a732 0e068763 beq              x13, x0, 238        x13:00000000
22312002ns          379245 1c00a820 21ef16d3 fsgnjn.s         f13, f30, f30       f13=xxxxxxxx f30:3fc65e8a f30:3fc65e8a
22312041ns          379247 1c00a824 010708b3 add              x17, x14, x16       x17=00000014 x14:00000005 x16:0000000f
22312061ns          379248 1c00a828 11c6f6d3 fmul.s           f13, f13, f28       f13=xxxxxxxx f13:bfc65e8a f28:3c902bf9
22312081ns          379249 1c00a82c f11854e3 bge              x16, x17, -248      x16:0000000f x17:00000014
22312141ns          379252 1c00a830 0289ae03 lw               x28, 40(x19)        x28=b6bc6f82 x19:10001704  PA:1000172c
22312181ns          379254 1c00a834 002c1813 slli             x16, x24, 0x2       x16=00000008 x24:00000002
22312201ns          379255 1c00a838 e0a6fe43 fmadd.s          f28, f13, f10, f28  f28=xxxxxxxx f13:bcdf6e81 f10:360d2d50 f28:b6bc6f82
22312220ns          379256 1c00a83c 01880833 add              x16, x16, x24       x16=0000000a x16:00000008 x24:00000002
22312280ns          379259 1c00a83e 41000833 sub              x16, x0, x16        x16=fffffff6 x16:0000000a
22312320ns          379261 1c00a842 03c9a423 sw               x28, 40(x19)        x28:b6be5c60 x19:10001704  PA:1000172c
22312340ns          379262 1c00a846 01a80e13 addi             x28, x16, 26        x28=00000010 x16:fffffff6
22312360ns          379263 1c00a84a 0f1e5f63 bge              x28, x17, 254       x28:00000010 x17:00000014
22312419ns          379266 1c00a84e 02c9ae83 lw               x29, 44(x19)        x29=c185cde7 x19:10001704  PA:10001730
22312479ns          379269 1c00a852 01b80e13 addi             x28, x16, 27        x28=00000011 x16:fffffff6
22312499ns          379270 1c00a856 e876fec3 fmadd.s          f29, f13, f7, f29   f29=xxxxxxxx f13:bcdf6e81  f7:c4194ed3 f29:c185cde7
22312519ns          379271 1c00a85a 03d9a623 sw               x29, 44(x19)        x29:b8009ced x19:10001704  PA:10001730
22312559ns          379273 1c00a85e 0f1e5563 bge              x28, x17, 234       x28:00000011 x17:00000014
22312598ns          379275 1c00a862 0309ae83 lw               x29, 48(x19)        x29=435e64d0 x19:10001704  PA:10001734
22312638ns          379277 1c00a866 01c80e13 addi             x28, x16, 28        x28=00000012 x16:fffffff6
22312658ns          379278 1c00a86a e886fec3 fmadd.s          f29, f13, f8, f29   f29=xxxxxxxx f13:bcdf6e81  f8:4408b5fd f29:435e64d0
22312698ns          379280 1c00a86e 03d9a823 sw               x29, 48(x19)        x29:434f7a9f x19:10001704  PA:10001734
22312738ns          379282 1c00a872 0d1e5b63 bge              x28, x17, 214       x28:00000012 x17:00000014
22312758ns          379283 1c00a876 0349ae03 lw               x28, 52(x19)        x28=438b4190 x19:10001704  PA:10001738
22312777ns          379284 1c00a87a 01012e83 lw               x29, 16(x2)         x29=430e9a69  x2:10001638  PA:10001648
22312797ns          379285 1c00a87c 01d80813 addi             x16, x16, 29        x16=00000013 x16:fffffff6
22312837ns          379287 1c00a87e e1d6fe43 fmadd.s          f28, f13, f29, f28  f28=xxxxxxxx f13:bcdf6e81 f29:430e9a69 f28:438b4190
22312877ns          379289 1c00a882 03c9aa23 sw               x28, 52(x19)        x28:43894fb8 x19:10001704  PA:10001738
22312897ns          379290 1c00a886 0d185163 bge              x16, x17, 194       x16:00000013 x17:00000014
22312917ns          379291 1c00a88a 0389a803 lw               x16, 56(x19)        x16=431d363d x19:10001704  PA:1000173c
22312956ns          379293 1c00a88e 01412883 lw               x17, 20(x2)         x17=c40de5f6  x2:10001638  PA:1000164c
22312996ns          379295 1c00a890 8116f6c3 fmadd.s          f13, f13, f17, f16  f13=xxxxxxxx f13:bcdf6e81 f17:c40de5f6 f16:431d363d
22313016ns          379296 1c00a894 02d9ac23 sw               x13, 56(x19)        x13:432cb14f x19:10001704  PA:1000173c
22313036ns          379297 1c00a898 000aaf03 lw               x30, 0(x21)         x30=3fc65e8a x21:100016d4  PA:100016d4
22313056ns          379298 1c00a89c e99ff06f jal              x0, -360           
22313135ns          379302 1c00a734 00f48693 addi             x13, x9, 15         x13=00000014  x9:00000005
22313175ns          379304 1c00a738 da262ae3 p.beqimm         x12, -588           x12:00000003
22313195ns          379305 1c00a73c 00892e03 lw               x28, 8(x18)         x28=bf09e926 x18:1000170c  PA:10001714
22313255ns          379308 1c00a740 00000813 addi             x16, x0, 0          x16=00000000
22313295ns          379310 1c00a744 a10e2853 feq.s            x16, f28, f16       x16=00000000 f28:bf09e926 f16:00000000
22313314ns          379311 1c00a748 14080b63 beq              x16, x0, 342        x16:00000000
22313454ns          379318 1c00a89e 21ef1853 fsgnjn.s         f16, f30, f30       f16=xxxxxxxx f30:3fc65e8a f30:3fc65e8a
22313474ns          379319 1c00a8a2 00d708b3 add              x17, x14, x13       x17=00000019 x14:00000005 x13:00000014
22313493ns          379320 1c00a8a6 11c87853 fmul.s           f16, f16, f28       f16=xxxxxxxx f16:bfc65e8a f28:bf09e926
22313513ns          379321 1c00a8aa eb16d1e3 bge              x13, x17, -350      x13:00000014 x17:00000019
22313573ns          379324 1c00a8ae 03c9ae03 lw               x28, 60(x19)        x28=36e05a90 x19:10001704  PA:10001740
22313613ns          379326 1c00a8b2 002c1693 slli             x13, x24, 0x2       x13=00000008 x24:00000002
22313633ns          379327 1c00a8b6 e0a87e43 fmadd.s          f28, f16, f10, f28  f28=xxxxxxxx f16:3f55ba83 f10:360d2d50 f28:36e05a90
22313653ns          379328 1c00a8ba 018686b3 add              x13, x13, x24       x13=0000000a x13:00000008 x24:00000002
22313673ns          379329 1c00a8bc 40d006b3 sub              x13, x0, x13        x13=fffffff6 x13:0000000a
22314070ns          379349 1c00a8c0 03c9ae23 sw               x28, 60(x19)        x28:370da4ac x19:10001704  PA:10001740
22314110ns          379351 1c00a8c4 01f68e13 addi             x28, x13, 31        x28=00000015 x13:fffffff6
22314130ns          379352 1c00a8c8 0b1e5763 bge              x28, x17, 174       x28:00000015 x17:00000019
22314150ns          379353 1c00a8cc 0409ae83 lw               x29, 64(x19)        x29=43fffc8d x19:10001704  PA:10001744
22314210ns          379356 1c00a8d0 02068e13 addi             x28, x13, 32        x28=00000016 x13:fffffff6
22314249ns          379358 1c00a8d4 e8787ec3 fmadd.s          f29, f16, f7, f29   f29=xxxxxxxx f16:3f55ba83  f7:c4194ed3 f29:43fffc8d
22314269ns          379359 1c00a8d8 05d9a023 sw               x29, 64(x19)        x29:b847a3f9 x19:10001704  PA:10001744
22314289ns          379360 1c00a8dc 091e5d63 bge              x28, x17, 154       x28:00000016 x17:00000019
22314349ns          379363 1c00a8e0 0449ae83 lw               x29, 68(x19)        x29=c35de262 x19:10001704  PA:10001748
22314389ns          379365 1c00a8e4 02168e13 addi             x28, x13, 33        x28=00000017 x13:fffffff6
22314408ns          379366 1c00a8e8 e8887ec3 fmadd.s          f29, f16, f8, f29   f29=xxxxxxxx f16:3f55ba83  f8:4408b5fd f29:c35de262
22314428ns          379367 1c00a8ec 05d9a223 sw               x29, 68(x19)        x29:436aa9b5 x19:10001704  PA:10001748
22314488ns          379370 1c00a8f0 091e5363 bge              x28, x17, 134       x28:00000017 x17:00000019
22314528ns          379372 1c00a8f4 0489ae03 lw               x28, 72(x19)        x28=431d363b x19:10001704  PA:1000174c
22314548ns          379373 1c00a8f8 01012e83 lw               x29, 16(x2)         x29=430e9a69  x2:10001638  PA:10001648
22314568ns          379374 1c00a8fa 02268693 addi             x13, x13, 34        x13=00000018 x13:fffffff6
22314627ns          379377 1c00a8fe e1d87e43 fmadd.s          f28, f16, f29, f28  f28=xxxxxxxx f16:3f55ba83 f29:430e9a69 f28:431d363b
22314667ns          379379 1c00a902 05c9a423 sw               x28, 72(x19)        x28:438a224d x19:10001704  PA:1000174c
22314687ns          379380 1c00a906 0716d863 bge              x13, x17, 112       x13:00000018 x17:00000019
22314707ns          379381 1c00a90a 04c9a683 lw               x13, 76(x19)        x13=4421b76c x19:10001704  PA:10001750
22314727ns          379382 1c00a90e 01412883 lw               x17, 20(x2)         x17=c40de5f6  x2:10001638  PA:1000164c
22315144ns          379403 1c00a910 69187843 fmadd.s          f16, f16, f17, f13  f16=xxxxxxxx f16:3f55ba83 f17:c40de5f6 f13:4421b76c
22315184ns          379405 1c00a914 0509a623 sw               x16, 76(x19)        x16:432cfed3 x19:10001704  PA:10001750
22315204ns          379406 1c00a918 000aaf03 lw               x30, 0(x21)         x30=3fc65e8a x21:100016d4  PA:100016d4
22315224ns          379407 1c00a91c e31ff06f jal              x0, -464           
22315323ns          379412 1c00a74c 01448693 addi             x13, x9, 20         x13=00000019  x9:00000005
22315383ns          379415 1c00a750 d8463ee3 p.bneimm         x12, -612           x12:00000003
22315483ns          379420 1c00a4ec 00000693 addi             x13, x0, 0          x13=00000000
22315562ns          379424 1c00a4f0 a0df2753 feq.s            x14, f30, f13       x14=00000000 f30:3fc65e8a f13:00000000
22315602ns          379426 1c00a4f4 007b8293 addi             x5, x23, 7           x5=0000000d x23:00000006
22315622ns          379427 1c00a4f8 f6071ee3 bne              x14, x0, -132       x14:00000000
22315642ns          379428 1c00a4fa 0109a603 lw               x12, 16(x19)        x12=bf09e926 x19:10001704  PA:10001714
22316079ns          379450 1c00a4fe 001c0713 addi             x14, x24, 1         x14=00000003 x24:00000002
22316119ns          379452 1c00a502 a0d62653 feq.s            x12, f12, f13       x12=00000000 f12:bf09e926 f13:00000000
22316139ns          379453 1c00a506 42060863 beq              x12, x0, 1072       x12:00000000
22316298ns          379461 1c00a936 00e005b3 add              x11, x0, x14        x11=00000003 x14:00000003
22316338ns          379463 1c00a938 bffff06f jal              x0, -1026          
22316417ns          379467 1c00a536 00c12503 lw               x10, 12(x2)         x10=100016f0  x2:10001638  PA:10001644
22316457ns          379469 1c00a538 002c1893 slli             x17, x24, 0x2       x17=00000008 x24:00000002
22316477ns          379470 1c00a53c 06050993 addi             x19, x10, 96        x19=10001750 x10:100016f0
22316537ns          379473 1c00a540 01900813 addi             x16, x0, 25         x16=00000019
22316577ns          379475 1c00a542 41880833 sub              x16, x16, x24       x16=00000017 x16:00000019 x24:00000002
22316596ns          379476 1c00a546 41198e33 sub              x28, x19, x17       x28=10001748 x19:10001750 x17:00000008
22316616ns          379477 1c00a54a 00259393 slli             x7, x11, 0x2         x7=0000000c x11:00000003
22316636ns          379478 1c00a54e 00000413 addi             x8, x0, 0            x8=00000000
22316656ns          379479 1c00a552 00e00533 add              x10, x0, x14        x10=00000003 x14:00000003
22316676ns          379480 1c00a554 077540fb lp.setup         0x1, x10, 0x77      x10:00000003
22316696ns          379481 1c00a558 010586b3 add              x13, x11, x16       x13=0000001a x11:00000003 x16:00000017
22316716ns          379482 1c00a55c fff70f93 addi             x31, x14, -1        x31=00000002 x14:00000003
22316756ns          379484 1c00a560 0cd85f63 bge              x16, x13, 222       x16:00000017 x13:0000001a
22316795ns          379486 1c00a564 000e2683 lw               x13, 0(x28)         x13=436aa9b5 x28:10001748  PA:10001748
22316835ns          379488 1c00a568 a086a6d3 feq.s            x13, f13, f8        x13=00000000 f13:436aa9b5  f8:00000000
22316855ns          379489 1c00a56c 00068c63 beq              x13, x0, 24         x13:00000000
22316974ns          379495 1c00a584 ee0588e3 beq              x11, x0, -272       x11:00000003
22317014ns          379497 1c00a588 ee0706e3 beq              x14, x0, -276       x14:00000003
22317034ns          379498 1c00a58c 002f9d13 slli             x26, x31, 0x2       x26=00000008 x31:00000002
22317472ns          379520 1c00a590 411c0533 sub              x10, x24, x17       x10=fffffffa x24:00000002 x17:00000008
22317511ns          379522 1c00a594 01af8fb3 add              x31, x31, x26       x31=0000000a x31:00000002 x26:00000008
22317531ns          379523 1c00a596 00151513 slli             x10, x10, 0x1       x10=fffffff4 x10:fffffffa
22317551ns          379524 1c00a598 04012623 sw               x0, 76(x2)           x2:10001638  PA:10001684
22317571ns          379525 1c00a59a 005f8d33 add              x26, x31, x5        x26=00000017 x31:0000000a  x5:0000000d
22317591ns          379526 1c00a59e 01850513 addi             x10, x10, 24        x10=0000000c x10:fffffff4
22317989ns          379546 1c00a5a0 21ef1f53 fsgnjn.s         f30, f30, f30       f30=xxxxxxxx f30:3fc65e8a f30:3fc65e8a
22318029ns          379548 1c00a5a4 00172b63 p.beqimm         x14, 22             x14:00000003
22318048ns          379549 1c00a5a8 04012823 sw               x0, 80(x2)           x2:10001638  PA:10001688
22318068ns          379550 1c00a5aa 00272663 p.beqimm         x14, 12             x14:00000003
22318088ns          379551 1c00a5ae 04012a23 sw               x0, 84(x2)           x2:10001638  PA:1000168c
22318526ns          379573 1c00a5b0 00372363 p.beqimm         x14, 6              x14:00000003
22318605ns          379577 1c00a5b6 4e5d4d63 blt              x26, x5, 1274       x26:00000017  x5:0000000d
22318625ns          379578 1c00a5ba 001c1613 slli             x12, x24, 0x1       x12=00000004 x24:00000002
22319063ns          379600 1c00a5be 01860433 add              x8, x12, x24         x8=00000006 x12:00000004 x24:00000002
22319083ns          379601 1c00a5c2 04c10693 addi             x13, x2, 76         x13=10001684  x2:10001638
22319103ns          379602 1c00a5c4 00341413 slli             x8, x8, 0x3          x8=00000030  x8:00000006
22319123ns          379603 1c00a5c6 00c12823 sw               x12, 16(x2)         x12:00000004  x2:10001638  PA:10001648
22319142ns          379604 1c00a5c8 00d12a23 sw               x13, 20(x2)         x13:10001684  x2:10001638  PA:1000164c
22319162ns          379605 1c00a5ca 00d00fb3 add              x31, x0, x13        x31=10001684 x13:10001684
22319182ns          379606 1c00a5cc 40898433 sub              x8, x19, x8          x8=10001720 x19:10001750  x8:00000030
22319580ns          379626 1c00a5d0 00b286b3 add              x13, x5, x11        x13=00000010  x5:0000000d x11:00000003
22319620ns          379628 1c00a5d4 3ed2df63 bge              x5, x13, 1022        x5:0000000d x13:00000010
22319640ns          379629 1c00a5d8 ffc38693 addi             x13, x7, -4         x13=00000008  x7:0000000c
22319660ns          379630 1c00a5dc 0026d693 srli             x13, x13, 0x2       x13=00000002 x13:00000008
22319680ns          379631 1c00a5de 012008b3 add              x17, x0, x18        x17=1000170c x18:1000170c
22319719ns          379633 1c00a5e0 00800833 add              x16, x0, x8         x16=10001720  x8:10001720
22319759ns          379635 1c00a5e2 00000613 addi             x12, x0, 0          x12=00000000
22319779ns          379636 1c00a5e6 00168693 addi             x13, x13, 1         x13=00000003 x13:00000002
22319799ns          379637 1c00a5e8 0066c0fb lp.setup         0x1, x13, 0x6       x13:00000003
22319819ns          379638 1c00a5ec 00482e8b p.lw             x29, 4(x16!)        x29=c3d40a19 x16=10001724 x16:10001720  PA:10001720
22319859ns          379640 1c00a5f0 0048ae0b p.lw             x28, 4(x17!)        x28=3f800000 x17=10001710 x17:1000170c  PA:1000170c
22319898ns          379642 1c00a5f4 61cef643 fmadd.s          f12, f29, f28, f12  f12=xxxxxxxx f29:c3d40a19 f28:3f800000 f12:00000000
22319918ns          379643 1c00a5ec 00482e8b p.lw             x29, 4(x16!)        x29=3fb250b8 x16=10001728 x16:10001724  PA:10001724
22319938ns          379644 1c00a5f0 0048ae0b p.lw             x28, 4(x17!)        x28=3c902bf9 x17=10001714 x17:10001710  PA:10001710
22319978ns          379646 1c00a5f4 61cef643 fmadd.s          f12, f29, f28, f12  f12=xxxxxxxx f29:3fb250b8 f28:3c902bf9 f12:c3d40a19
22319998ns          379647 1c00a5ec 00482e8b p.lw             x29, 4(x16!)        x29=44246fee x16=1000172c x16:10001728  PA:10001728
22320018ns          379648 1c00a5f0 0048ae0b p.lw             x28, 4(x17!)        x28=bf09e926 x17=10001718 x17:10001714  PA:10001714
22320057ns          379650 1c00a5f4 61cef643 fmadd.s          f12, f29, f28, f12  f12=xxxxxxxx f29:44246fee f28:bf09e926 f12:c3d406f6
22320077ns          379651 1c00a5f8 000fa683 lw               x13, 0(x31)         x13=00000000 x31:10001684  PA:10001684
22320097ns          379652 1c00a5fc 00528293 addi             x5, x5, 5            x5=00000012  x5:0000000d
22320117ns          379653 1c00a5fe 00c6f653 fadd.s           f12, f13, f12       f12=xxxxxxxx f13:00000000 f12:c4429924
22320137ns          379654 1c00a602 01440413 addi             x8, x8, 20           x8=10001734  x8:10001720
22320157ns          379655 1c00a604 00cfa22b p.sw             x12, 4(x31!)        x31=10001688 x12:c4429924 x31:10001684  PA:10001684
22320197ns          379657 1c00a608 fc5d54e3 bge              x26, x5, -56        x26:00000017  x5:00000012
22320296ns          379662 1c00a5d0 00b286b3 add              x13, x5, x11        x13=00000015  x5:00000012 x11:00000003
22320316ns          379663 1c00a5d4 3ed2df63 bge              x5, x13, 1022        x5:00000012 x13:00000015
22320336ns          379664 1c00a5d8 ffc38693 addi             x13, x7, -4         x13=00000008  x7:0000000c
22320356ns          379665 1c00a5dc 0026d693 srli             x13, x13, 0x2       x13=00000002 x13:00000008
22320376ns          379666 1c00a5de 012008b3 add              x17, x0, x18        x17=1000170c x18:1000170c
22320396ns          379667 1c00a5e0 00800833 add              x16, x0, x8         x16=10001734  x8:10001734
22320415ns          379668 1c00a5e2 00000613 addi             x12, x0, 0          x12=00000000
22320435ns          379669 1c00a5e6 00168693 addi             x13, x13, 1         x13=00000003 x13:00000002
22320455ns          379670 1c00a5e8 0066c0fb lp.setup         0x1, x13, 0x6       x13:00000003
22320475ns          379671 1c00a5ec 00482e8b p.lw             x29, 4(x16!)        x29=434f7a9f x16=10001738 x16:10001734  PA:10001734
22320495ns          379672 1c00a5f0 0048ae0b p.lw             x28, 4(x17!)        x28=3f800000 x17=10001710 x17:1000170c  PA:1000170c
22320535ns          379674 1c00a5f4 61cef643 fmadd.s          f12, f29, f28, f12  f12=xxxxxxxx f29:434f7a9f f28:3f800000 f12:00000000
22320555ns          379675 1c00a5ec 00482e8b p.lw             x29, 4(x16!)        x29=43894fb8 x16=1000173c x16:10001738  PA:10001738
22320575ns          379676 1c00a5f0 0048ae0b p.lw             x28, 4(x17!)        x28=3c902bf9 x17=10001714 x17:10001710  PA:10001710
22320614ns          379678 1c00a5f4 61cef643 fmadd.s          f12, f29, f28, f12  f12=xxxxxxxx f29:43894fb8 f28:3c902bf9 f12:434f7a9f
22320634ns          379679 1c00a5ec 00482e8b p.lw             x29, 4(x16!)        x29=432cb14f x16=10001740 x16:1000173c  PA:1000173c
22320654ns          379680 1c00a5f0 0048ae0b p.lw             x28, 4(x17!)        x28=bf09e926 x17=10001718 x17:10001714  PA:10001714
22320694ns          379682 1c00a5f4 61cef643 fmadd.s          f12, f29, f28, f12  f12=xxxxxxxx f29:432cb14f f28:bf09e926 f12:43544fe6
22320714ns          379683 1c00a5f8 000fa683 lw               x13, 0(x31)         x13=00000000 x31:10001688  PA:10001688
22320734ns          379684 1c00a5fc 00528293 addi             x5, x5, 5            x5=00000017  x5:00000012
22320754ns          379685 1c00a5fe 00c6f653 fadd.s           f12, f13, f12       f12=xxxxxxxx f13:00000000 f12:42ee8f77
22320774ns          379686 1c00a602 01440413 addi             x8, x8, 20           x8=10001748  x8:10001734
22320793ns          379687 1c00a604 00cfa22b p.sw             x12, 4(x31!)        x31=1000168c x12:42ee8f77 x31:10001688  PA:10001688
22320833ns          379689 1c00a608 fc5d54e3 bge              x26, x5, -56        x26:00000017  x5:00000017
22320893ns          379692 1c00a5d0 00b286b3 add              x13, x5, x11        x13=0000001a  x5:00000017 x11:00000003
22320913ns          379693 1c00a5d4 3ed2df63 bge              x5, x13, 1022        x5:00000017 x13:0000001a
22320933ns          379694 1c00a5d8 ffc38693 addi             x13, x7, -4         x13=00000008  x7:0000000c
22320953ns          379695 1c00a5dc 0026d693 srli             x13, x13, 0x2       x13=00000002 x13:00000008
22320972ns          379696 1c00a5de 012008b3 add              x17, x0, x18        x17=1000170c x18:1000170c
22320992ns          379697 1c00a5e0 00800833 add              x16, x0, x8         x16=10001748  x8:10001748
22321012ns          379698 1c00a5e2 00000613 addi             x12, x0, 0          x12=00000000
22321032ns          379699 1c00a5e6 00168693 addi             x13, x13, 1         x13=00000003 x13:00000002
22321052ns          379700 1c00a5e8 0066c0fb lp.setup         0x1, x13, 0x6       x13:00000003
22321072ns          379701 1c00a5ec 00482e8b p.lw             x29, 4(x16!)        x29=436aa9b5 x16=1000174c x16:10001748  PA:10001748
22321092ns          379702 1c00a5f0 0048ae0b p.lw             x28, 4(x17!)        x28=3f800000 x17=10001710 x17:1000170c  PA:1000170c
22321151ns          379705 1c00a5f4 61cef643 fmadd.s          f12, f29, f28, f12  f12=xxxxxxxx f29:436aa9b5 f28:3f800000 f12:00000000
22321171ns          379706 1c00a5ec 00482e8b p.lw             x29, 4(x16!)        x29=438a224d x16=10001750 x16:1000174c  PA:1000174c
22321191ns          379707 1c00a5f0 0048ae0b p.lw             x28, 4(x17!)        x28=3c902bf9 x17=10001714 x17:10001710  PA:10001710
22321231ns          379709 1c00a5f4 61cef643 fmadd.s          f12, f29, f28, f12  f12=xxxxxxxx f29:438a224d f28:3c902bf9 f12:436aa9b5
22321251ns          379710 1c00a5ec 00482e8b p.lw             x29, 4(x16!)        x29=432cfed3 x16=10001754 x16:10001750  PA:10001750
22321271ns          379711 1c00a5f0 0048ae0b p.lw             x28, 4(x17!)        x28=bf09e926 x17=10001718 x17:10001714  PA:10001714
22321311ns          379713 1c00a5f4 61cef643 fmadd.s          f12, f29, f28, f12  f12=xxxxxxxx f29:432cfed3 f28:bf09e926 f12:436f8665
22321330ns          379714 1c00a5f8 000fa683 lw               x13, 0(x31)         x13=00000000 x31:1000168c  PA:1000168c
22321370ns          379716 1c00a5fc 00528293 addi             x5, x5, 5            x5=0000001c  x5:00000017
22321390ns          379717 1c00a5fe 00c6f653 fadd.s           f12, f13, f12       f12=xxxxxxxx f13:00000000 f12:43125478
22321410ns          379718 1c00a602 01440413 addi             x8, x8, 20           x8=1000175c  x8:10001748
22321430ns          379719 1c00a604 00cfa22b p.sw             x12, 4(x31!)        x31=10001690 x12:43125478 x31:1000168c  PA:1000168c
22321450ns          379720 1c00a608 fc5d54e3 bge              x26, x5, -56        x26:00000017  x5:0000001c
22321470ns          379721 1c00a60c 01012803 lw               x16, 16(x2)         x16=00000004  x2:10001638  PA:10001648
22321490ns          379722 1c00a60e 00200613 addi             x12, x0, 2          x12=00000002
22321509ns          379723 1c00a610 018806b3 add              x13, x16, x24       x13=00000006 x16:00000004 x24:00000002
22321529ns          379724 1c00a614 00369693 slli             x13, x13, 0x3       x13=00000030 x13:00000006
22321549ns          379725 1c00a616 00170813 addi             x16, x14, 1         x16=00000004 x14:00000003
22321569ns          379726 1c00a61a 01412f83 lw               x31, 20(x2)         x31=10001684  x2:10001638  PA:1000164c
22321589ns          379727 1c00a61c 40d989b3 sub              x19, x19, x13       x19=10001720 x19:10001750 x13:00000030
22321609ns          379728 1c00a620 00000293 addi             x5, x0, 0            x5=00000000
22321629ns          379729 1c00a624 4ac84863 blt              x16, x12, 1200      x16:00000004 x12:00000002
22321649ns          379730 1c00a628 0097407b lp.setup         0x0, x14, 0x9       x14:00000003
22321669ns          379731 1c00a62c 004fa68b p.lw             x13, 4(x31!)        x13=c4429924 x31=10001688 x31:10001684  PA:10001684
22321728ns          379734 1c00a630 a056a653 feq.s            x12, f13, f5        x12=00000000 f13:c4429924  f5:00000000
22321768ns          379736 1c00a634 36060763 beq              x12, x0, 878        x12:00000000
22322226ns          379759 1c00a9a2 00b50633 add              x12, x10, x11       x12=0000000f x10:0000000c x11:00000003
22322245ns          379760 1c00a9a6 11e6fed3 fmul.s           f29, f13, f30       f29=xxxxxxxx f13:c4429924 f30:bfc65e8a
22322265ns          379761 1c00a9aa c8c557e3 bge              x10, x12, -882      x10:0000000c x12:0000000f
22322703ns          379783 1c00a9ae ffc38813 addi             x16, x7, -4         x16=00000008  x7:0000000c
22322743ns          379785 1c00a9b2 00285813 srli             x16, x16, 0x2       x16=00000002 x16:00000008
22322763ns          379786 1c00a9b6 01200e33 add              x28, x0, x18        x28=1000170c x18:1000170c
22322782ns          379787 1c00a9b8 013008b3 add              x17, x0, x19        x17=10001720 x19:10001720
22322802ns          379788 1c00a9ba 00180813 addi             x16, x16, 1         x16=00000003 x16:00000002
22322822ns          379789 1c00a9bc 008840fb lp.setup         0x1, x16, 0x8       x16:00000003
22322842ns          379790 1c00a9c0 0008a603 lw               x12, 0(x17)         x12=c3d40a19 x17:10001720  PA:10001720
22322882ns          379792 1c00a9c4 004e268b p.lw             x13, 4(x28!)        x13=3f800000 x28=10001710 x28:1000170c  PA:1000170c
22322922ns          379794 1c00a9c8 60def6c3 fmadd.s          f13, f29, f13, f12  f13=xxxxxxxx f29:4496ca4f f13:3f800000 f12:c3d40a19
22322942ns          379795 1c00a9cc 00d8a22b p.sw             x13, 4(x17!)        x17=10001724 x13:44438f92 x17:10001720  PA:10001720
22322961ns          379796 1c00a9c0 0008a603 lw               x12, 0(x17)         x12=3fb250b8 x17:10001724  PA:10001724
22322981ns          379797 1c00a9c4 004e268b p.lw             x13, 4(x28!)        x13=3c902bf9 x28=10001714 x28:10001710  PA:10001710
22323021ns          379799 1c00a9c8 60def6c3 fmadd.s          f13, f29, f13, f12  f13=xxxxxxxx f29:4496ca4f f13:3c902bf9 f12:3fb250b8
22323041ns          379800 1c00a9cc 00d8a22b p.sw             x13, 4(x17!)        x17=10001728 x13:41b4fc72 x17:10001724  PA:10001724
22323101ns          379803 1c00a9c0 0008a603 lw               x12, 0(x17)         x12=44246fee x17:10001728  PA:10001728
22323121ns          379804 1c00a9c4 004e268b p.lw             x13, 4(x28!)        x13=bf09e926 x28=10001718 x28:10001714  PA:10001714
22323160ns          379806 1c00a9c8 60def6c3 fmadd.s          f13, f29, f13, f12  f13=xxxxxxxx f29:4496ca4f f13:bf09e926 f12:44246fee
22323180ns          379807 1c00a9cc 00d8a22b p.sw             x13, 4(x17!)        x17=1000172c x13:40fc5e35 x17:10001728  PA:10001728
22323220ns          379809 1c00a9d0 c69ff06f jal              x0, -920           
22323240ns          379810 1c00a638 00550513 addi             x10, x10, 5         x10=00000011 x10:0000000c
22323260ns          379811 1c00a63a 01498993 addi             x19, x19, 20        x19=10001734 x19:10001720
22323280ns          379812 1c00a62c 004fa68b p.lw             x13, 4(x31!)        x13=42ee8f77 x31=1000168c x31:10001688  PA:10001688
22323320ns          379814 1c00a630 a056a653 feq.s            x12, f13, f5        x12=00000000 f13:42ee8f77  f5:00000000
22323339ns          379815 1c00a634 36060763 beq              x12, x0, 878        x12:00000000
22323479ns          379822 1c00a9a2 00b50633 add              x12, x10, x11       x12=00000014 x10:00000011 x11:00000003
22323499ns          379823 1c00a9a6 11e6fed3 fmul.s           f29, f13, f30       f29=xxxxxxxx f13:42ee8f77 f30:bfc65e8a
22323518ns          379824 1c00a9aa c8c557e3 bge              x10, x12, -882      x10:00000011 x12:00000014
22323538ns          379825 1c00a9ae ffc38813 addi             x16, x7, -4         x16=00000008  x7:0000000c
22323558ns          379826 1c00a9b2 00285813 srli             x16, x16, 0x2       x16=00000002 x16:00000008
22323578ns          379827 1c00a9b6 01200e33 add              x28, x0, x18        x28=1000170c x18:1000170c
22323598ns          379828 1c00a9b8 013008b3 add              x17, x0, x19        x17=10001734 x19:10001734
22323618ns          379829 1c00a9ba 00180813 addi             x16, x16, 1         x16=00000003 x16:00000002
22323638ns          379830 1c00a9bc 008840fb lp.setup         0x1, x16, 0x8       x16:00000003
22323658ns          379831 1c00a9c0 0008a603 lw               x12, 0(x17)         x12=434f7a9f x17:10001734  PA:10001734
22323678ns          379832 1c00a9c4 004e268b p.lw             x13, 4(x28!)        x13=3f800000 x28=10001710 x28:1000170c  PA:1000170c
22323717ns          379834 1c00a9c8 60def6c3 fmadd.s          f13, f29, f13, f12  f13=xxxxxxxx f29:c338db0f f13:3f800000 f12:434f7a9f
22323737ns          379835 1c00a9cc 00d8a22b p.sw             x13, 4(x17!)        x17=10001738 x13:41b4fc80 x17:10001734  PA:10001734
22323777ns          379837 1c00a9c0 0008a603 lw               x12, 0(x17)         x12=43894fb8 x17:10001738  PA:10001738
22323797ns          379838 1c00a9c4 004e268b p.lw             x13, 4(x28!)        x13=3c902bf9 x28=10001714 x28:10001710  PA:10001710
22323837ns          379840 1c00a9c8 60def6c3 fmadd.s          f13, f29, f13, f12  f13=xxxxxxxx f29:c338db0f f13:3c902bf9 f12:43894fb8
22323857ns          379841 1c00a9cc 00d8a22b p.sw             x13, 4(x17!)        x17=1000173c x13:4387af4c x17:10001738  PA:10001738
22323876ns          379842 1c00a9c0 0008a603 lw               x12, 0(x17)         x12=432cb14f x17:1000173c  PA:1000173c
22323896ns          379843 1c00a9c4 004e268b p.lw             x13, 4(x28!)        x13=bf09e926 x28=10001718 x28:10001714  PA:10001714
22323936ns          379845 1c00a9c8 60def6c3 fmadd.s          f13, f29, f13, f12  f13=xxxxxxxx f29:c338db0f f13:bf09e926 f12:432cb14f
22323956ns          379846 1c00a9cc 00d8a22b p.sw             x13, 4(x17!)        x17=10001740 x13:43882372 x17:1000173c  PA:1000173c
22323976ns          379847 1c00a9d0 c69ff06f jal              x0, -920           
22324016ns          379849 1c00a638 00550513 addi             x10, x10, 5         x10=00000016 x10:00000011
22324036ns          379850 1c00a63a 01498993 addi             x19, x19, 20        x19=10001748 x19:10001734
22324055ns          379851 1c00a62c 004fa68b p.lw             x13, 4(x31!)        x13=43125478 x31=10001690 x31:1000168c  PA:1000168c
22324095ns          379853 1c00a630 a056a653 feq.s            x12, f13, f5        x12=00000000 f13:43125478  f5:00000000
22324115ns          379854 1c00a634 36060763 beq              x12, x0, 878        x12:00000000
22324195ns          379858 1c00a9a2 00b50633 add              x12, x10, x11       x12=00000019 x10:00000016 x11:00000003
22324215ns          379859 1c00a9a6 11e6fed3 fmul.s           f29, f13, f30       f29=xxxxxxxx f13:43125478 f30:bfc65e8a
22324235ns          379860 1c00a9aa c8c557e3 bge              x10, x12, -882      x10:00000016 x12:00000019
22324254ns          379861 1c00a9ae ffc38813 addi             x16, x7, -4         x16=00000008  x7:0000000c
22324274ns          379862 1c00a9b2 00285813 srli             x16, x16, 0x2       x16=00000002 x16:00000008
22324294ns          379863 1c00a9b6 01200e33 add              x28, x0, x18        x28=1000170c x18:1000170c
22324314ns          379864 1c00a9b8 013008b3 add              x17, x0, x19        x17=10001748 x19:10001748
22324334ns          379865 1c00a9ba 00180813 addi             x16, x16, 1         x16=00000003 x16:00000002
22324354ns          379866 1c00a9bc 008840fb lp.setup         0x1, x16, 0x8       x16:00000003
22324374ns          379867 1c00a9c0 0008a603 lw               x12, 0(x17)         x12=436aa9b5 x17:10001748  PA:10001748
22324394ns          379868 1c00a9c4 004e268b p.lw             x13, 4(x28!)        x13=3f800000 x28=10001710 x28:1000170c  PA:1000170c
22324433ns          379870 1c00a9c8 60def6c3 fmadd.s          f13, f29, f13, f12  f13=xxxxxxxx f29:c362c6bd f13:3f800000 f12:436aa9b5
22324453ns          379871 1c00a9cc 00d8a22b p.sw             x13, 4(x17!)        x17=1000174c x13:40fc5f00 x17:10001748  PA:10001748
22324473ns          379872 1c00a9c0 0008a603 lw               x12, 0(x17)         x12=438a224d x17:1000174c  PA:1000174c
22324493ns          379873 1c00a9c4 004e268b p.lw             x13, 4(x28!)        x13=3c902bf9 x28=10001714 x28:10001710  PA:10001710
22324533ns          379875 1c00a9c8 60def6c3 fmadd.s          f13, f29, f13, f12  f13=xxxxxxxx f29:c362c6bd f13:3c902bf9 f12:438a224d
22324553ns          379876 1c00a9cc 00d8a22b p.sw             x13, 4(x17!)        x17=10001750 x13:43882372 x17:1000174c  PA:1000174c
22324573ns          379877 1c00a9c0 0008a603 lw               x12, 0(x17)         x12=432cfed3 x17:10001750  PA:10001750
22324593ns          379878 1c00a9c4 004e268b p.lw             x13, 4(x28!)        x13=bf09e926 x28=10001718 x28:10001714  PA:10001714
22324632ns          379880 1c00a9c8 60def6c3 fmadd.s          f13, f29, f13, f12  f13=xxxxxxxx f29:c362c6bd f13:bf09e926 f12:432cfed3
22324652ns          379881 1c00a9cc 00d8a22b p.sw             x13, 4(x17!)        x17=10001754 x13:439394db x17:10001750  PA:10001750
22324672ns          379882 1c00a9d0 c69ff06f jal              x0, -920           
22324712ns          379884 1c00a638 00550513 addi             x10, x10, 5         x10=0000001b x10:00000016
22324732ns          379885 1c00a63a 01498993 addi             x19, x19, 20        x19=1000175c x19:10001748
22324752ns          379886 1c00a63c e39ff06f jal              x0, -456           
22324831ns          379890 1c00a474 00812c03 lw               x24, 8(x2)          x24=00000001  x2:10001638  PA:10001640
22324871ns          379892 1c00a476 00f92c2b p.sw             x15, 24(x18!)       x18=10001724 x15:44194ed4 x18:1000170c  PA:1000170c
22324891ns          379893 1c00a47a 004a8a93 addi             x21, x21, 4         x21=100016d8 x21:100016d4
22324911ns          379894 1c00a47c 006b8b93 addi             x23, x23, 6         x23=0000000c x23:00000006
22324931ns          379895 1c00a47e 006009b3 add              x19, x0, x6         x19=10001718  x6:10001718
22324951ns          379896 1c00a480 005d8d93 addi             x27, x27, 5         x27=0000000f x27:0000000a
22324970ns          379897 1c00a482 00548493 addi             x9, x9, 5            x9=0000000a  x9:00000005
22324990ns          379898 1c00a484 018a0a13 addi             x20, x20, 24        x20=10001728 x20:10001710
22325010ns          379899 1c00a486 b9fc39e3 p.bneimm         x24, -1134          x24:00000001
22325169ns          379907 1c00a018 00300d13 addi             x26, x0, 3          x26=00000003
22325209ns          379909 1c00a01a 418d0d33 sub              x26, x26, x24       x26=00000002 x26:00000003 x24:00000001
22325229ns          379910 1c00a01e 018005b3 add              x11, x0, x24        x11=00000001 x24:00000001
22325706ns          379934 1c00a020 00092503 lw               x10, 0(x18)         x10=41b4fc72 x18:10001724  PA:10001724
22325746ns          379936 1c00a024 423d2163 p.beqimm         x26, 1058           x26:00000002
22325766ns          379937 1c00a028 003b8813 addi             x16, x23, 3         x16=0000000f x23:0000000c
22325786ns          379938 1c00a02c 400c0d63 beq              x24, x0, 1050       x24:00000001
22325846ns          379941 1c00a030 601c2b63 p.beqimm         x24, 1558           x24:00000001
22325925ns          379945 1c00a646 00492783 lw               x15, 4(x18)         x15=40fc5e35 x18:10001724  PA:10001728
22325945ns          379946 1c00a64a 00000713 addi             x14, x0, 0          x14=00000000
22326422ns          379970 1c00a64e a0e79753 flt.s            x14, f15, f14       x14=00000000 f15:40fc5e35 f14:00000000
22326442ns          379971 1c00a652 04071d63 bne              x14, x0, 90         x14:00000000
22326462ns          379972 1c00a654 01498313 addi             x6, x19, 20          x6=1000172c x19:10001718
22326482ns          379973 1c00a658 00000713 addi             x14, x0, 0          x14=00000000
22326502ns          379974 1c00a65c a0e7a6d3 feq.s            x13, f15, f14       x13=00000000 f15:40fc5e35 f14:00000000
22326562ns          379977 1c00a660 a40681e3 beq              x13, x0, -1470      x13:00000000
22326701ns          379984 1c00a0a2 a0e51753 flt.s            x14, f10, f14       x14=00000000 f10:41b4fc72 f14:00000000
22326721ns          379985 1c00a0a6 5e071063 bne              x14, x0, 1504       x14:00000000
22326741ns          379986 1c00a0aa 00a00733 add              x14, x0, x10        x14=41b4fc72 x10:41b4fc72
22326761ns          379987 1c00a0ac 00000693 addi             x13, x0, 0          x13=00000000
22326800ns          379989 1c00a0b0 a0d796d3 flt.s            x13, f15, f13       x13=00000000 f15:40fc5e35 f13:00000000
22326840ns          379991 1c00a0b4 00068363 beq              x13, x0, 6          x13:00000000
22326920ns          379995 1c00a0ba a0f716d3 flt.s            x13, f14, f15       x13=00000000 f14:41b4fc72 f15:40fc5e35
22326979ns          379998 1c00a0be 5a069763 bne              x13, x0, 1454       x13:00000000
22327019ns          380000 1c00a0c2 a0e796d3 flt.s            x13, f15, f14       x13=00000001 f15:40fc5e35 f14:41b4fc72
22327039ns          380001 1c00a0c6 5c069663 bne              x13, x0, 1484       x13:00000001
22327238ns          380011 1c00a692 1c000e37 lui              x28, 0x1c000000     x28=1c000000
22327258ns          380012 1c00a696 04ce2683 lw               x13, 76(x28)        x13=3f800000 x28:1c000000  PA:1c00004c
22327556ns          380027 1c00a69a 18e7f7d3 fdiv.s           f15, f15, f14       f15=xxxxxxxx f15:40fc5e35 f14:41b4fc72
22327954ns          380047 1c00a69e 68f7f7c3 fmadd.s          f15, f15, f15, f13  f15=xxxxxxxx f15:3eb27bdf f15:3eb27bdf f13:3f800000
22327974ns          380048 1c00a6a2 5807f7d3 fsqrt.s          f15, f15            f15=xxxxxxxx f15:3f8f8e10
22329346ns          380117 1c00a6a6 10f777d3 fmul.s           f15, f14, f15       f15=xxxxxxxx f14:41b4fc72 f15:3f878df6
22329366ns          380118 1c00a6aa a33ff06f jal              x0, -1486          
22329406ns          380120 1c00a0dc 00000713 addi             x14, x0, 0          x14=00000000
22329466ns          380123 1c00a0e0 a0a70753 fle.s            x14, f14, f10       x14=00000001 f14:00000000 f10:41b4fc72
22329506ns          380125 1c00a0e4 00070363 beq              x14, x0, 6          x14:00000001
22329525ns          380126 1c00a0e6 20f797d3 fsgnjn.s         f15, f15, f15       f15=xxxxxxxx f15:41bfaafa f15:41bfaafa
22329545ns          380127 1c00a0ea 00000713 addi             x14, x0, 0          x14=00000000
22329605ns          380130 1c00a0ee a0e79753 flt.s            x14, f15, f14       x14=00000001 f15:c1bfaafa f14:00000000
22329645ns          380132 1c00a0f2 58071d63 bne              x14, x0, 1434       x14:00000001
22329744ns          380137 1c00a68c 20f79753 fsgnjn.s         f14, f15, f15       f14=xxxxxxxx f15:c1bfaafa f15:c1bfaafa
22329784ns          380139 1c00a690 a69ff06f jal              x0, -1432          
22329824ns          380141 1c00a0f8 1c000637 lui              x12, 0x1c000000     x12=1c000000
22329844ns          380142 1c00a0fc 03060613 addi             x12, x12, 48        x12=1c000030 x12:1c000000
22329903ns          380145 1c00a100 00062603 lw               x12, 0(x12)         x12=0c000000 x12:1c000030  PA:1c000030
22330301ns          380165 1c00a102 a0c71753 flt.s            x14, f14, f12       x14=00000000 f14:41bfaafa f12:0c000000
22330321ns          380166 1c00a106 3a070063 beq              x14, x0, 928        x14:00000000
22330520ns          380176 1c00a4a6 1c0008b7 lui              x17, 0x1c000000     x17=1c000000
22330540ns          380177 1c00a4aa 04c88893 addi             x17, x17, 76        x17=1c00004c x17:1c000000
22330600ns          380180 1c00a4ae 08a7f6d3 fsub.s           f13, f15, f10       f13=xxxxxxxx f15:c1bfaafa f10:41b4fc72
22330639ns          380182 1c00a4b2 0008a883 lw               x17, 0(x17)         x17=3f800000 x17:1c00004c  PA:1c00004c
22330938ns          380197 1c00a4b6 08f57553 fsub.s           f10, f10, f15       f10=xxxxxxxx f10:41b4fc72 f15:c1bfaafa
22330958ns          380198 1c00a4ba 18f6f6d3 fdiv.s           f13, f13, f15       f13=xxxxxxxx f13:c23a53b6 f15:c1bfaafa
22331077ns          380204 1c00a4be 18a8f553 fdiv.s           f10, f17, f10       f10=xxxxxxxx f17:3f800000 f10:423a53b6
22331912ns          380246 1c00a4c2 d90dc7e3 blt              x27, x16, -626      x27:0000000f x16:0000000f
22331932ns          380247 1c00a4c6 41430733 sub              x14, x6, x20        x14=00000000  x6:1000172c x20:10001728
22331952ns          380248 1c00a4ca ffc70713 addi             x14, x14, -4        x14=00000000 x14:00000004
22331972ns          380249 1c00a4cc 00275713 srli             x14, x14, 0x2       x14=xxxxxxxx x14:00000000
22331992ns          380250 1c00a4ce 01400833 add              x16, x0, x20        x16=xxxxxxxx x20:10001728
22332012ns          380251 1c00a4d0 00170713 addi             x14, x14, 1         x14=xxxxxxxx x14:00000000
22332052ns          380253 1c00a4d2 006740fb lp.setup         0x1, x14, 0x6       x14:00000001  PA:10001728
22332071ns          380254 1c00a4d6 00082603 lw               x12, 0(x16)         x12=xxxxxxxx x16:10001728
22332171ns          380259 1c00a4da 10a67653 fmul.s           f12, f12, f10       f12=xxxxxxxx f12:40fc5e35 f10:3cafdce5
22332191ns          380260 1c00a4de 00c8222b p.sw             x12, 4(x16!)        x16=1000172c x12:3e2d5e29 x16:10001728  PA:10001728
22332211ns          380261 1c00a4e2 d6fff06f jal              x0, -658           
22332310ns          380266 1c00a250 1c000e37 lui              x28, 0x1c000000     x28=1c000000
22332350ns          380268 1c00a254 04ce0e13 addi             x28, x28, 76        x28=1c00004c x28:1c000000
22332370ns          380269 1c00a258 000e2e03 lw               x28, 0(x28)         x28=3f800000 x28:1c00004c  PA:1c00004c
22332668ns          380284 1c00a25c 00daa023 sw               x13, 0(x21)         x13:3ff8ddd2 x21:100016d8  PA:100016d8
22332688ns          380285 1c00a260 01c92023 sw               x28, 0(x18)         x28:3f800000 x18:10001724  PA:10001724
22332708ns          380286 1c00a264 000aaf03 lw               x30, 0(x21)         x30=3ff8ddd2 x21:100016d8  PA:100016d8
22332728ns          380287 1c00a268 00000713 addi             x14, x0, 0          x14=00000000
22332748ns          380288 1c00a26c a0ef26d3 feq.s            x13, f30, f14       x13=00000000 f30:3ff8ddd2 f14:00000000
22332788ns          380290 1c00a270 20069063 bne              x13, x0, 512        x13:00000000
22332827ns          380292 1c00a274 0109a683 lw               x13, 16(x19)        x13=3e2d5e29 x19:10001718  PA:10001728
22332867ns          380294 1c00a278 a0e6a753 feq.s            x14, f13, f14       x14=00000000 f13:3e2d5e29 f14:00000000
22332887ns          380295 1c00a27c 70070063 beq              x14, x0, 1792       x14:00000000
22333006ns          380301 1c00a97c 002c1813 slli             x16, x24, 0x2       x16=00000004 x24:00000001
22333086ns          380305 1c00a980 fffc0893 addi             x17, x24, -1        x17=00000000 x24:00000001
22333126ns          380307 1c00a984 001c0613 addi             x12, x24, 1         x12=00000002 x24:00000001
22333146ns          380308 1c00a988 01880833 add              x16, x16, x24       x16=00000005 x16:00000004 x24:00000001
22333165ns          380309 1c00a98a 01112423 sw               x17, 8(x2)          x17:00000000  x2:10001638  PA:10001640
22333185ns          380310 1c00a98c 93bff06f jal              x0, -1734          
22333344ns          380318 1c00a2c6 02498e93 addi             x29, x19, 36        x29=1000173c x19:10001718
22333364ns          380319 1c00a2ca 00500713 addi             x14, x0, 5          x14=00000005
22333384ns          380320 1c00a2cc 01b80833 add              x16, x16, x27       x16=00000014 x16:00000005 x27:0000000f
22333424ns          380322 1c00a2ce 00000393 addi             x7, x0, 0            x7=00000000
22333444ns          380323 1c00a2d2 00500e13 addi             x28, x0, 5          x28=00000005
22333464ns          380324 1c00a2d4 109e40fb lp.setup         0x1, x28, 0x109     x28:00000005
22333484ns          380325 1c00a2d8 01b706b3 add              x13, x14, x27       x13=00000014 x14:00000005 x27:0000000f
22333504ns          380326 1c00a2dc 00e80fb3 add              x31, x16, x14       x31=00000019 x16:00000014 x14:00000005
22333563ns          380329 1c00a2e0 00d00533 add              x10, x0, x13        x10=00000014 x13:00000014
22333603ns          380331 1c00a2e2 20dfc163 blt              x31, x13, 514       x31:00000019 x13:00000014
22333623ns          380332 1c00a2e6 000ea883 lw               x17, 0(x29)         x17=43882372 x29:1000173c  PA:1000173c
22333663ns          380334 1c00a2ea a078a8d3 feq.s            x17, f17, f7        x17=00000000 f17:43882372  f7:00000000
22333703ns          380336 1c00a2ee 00088d63 beq              x17, x0, 26         x17:00000000
22333802ns          380341 1c00a308 1e060263 beq              x12, x0, 484        x12:00000002
22333842ns          380343 1c00a30c 04012623 sw               x0, 76(x2)           x2:10001638  PA:10001684
22333901ns          380346 1c00a30e 68172363 p.beqimm         x14, 1670           x14:00000005
22333921ns          380347 1c00a312 04012823 sw               x0, 80(x2)           x2:10001638  PA:10001688
22333941ns          380348 1c00a314 76272f63 p.beqimm         x14, 1918           x14:00000005
22333961ns          380349 1c00a318 04012a23 sw               x0, 84(x2)           x2:10001638  PA:1000168c
22333981ns          380350 1c00a31a 76372463 p.beqimm         x14, 1896           x14:00000005
22334001ns          380351 1c00a31e 04012c23 sw               x0, 88(x2)           x2:10001638  PA:10001690
22334041ns          380353 1c00a320 78472163 p.beqimm         x14, 1922           x14:00000005
22334080ns          380355 1c00a324 00000393 addi             x7, x0, 0            x7=00000000
22334100ns          380356 1c00a328 04012e23 sw               x0, 92(x2)           x2:10001638  PA:10001694
22334120ns          380357 1c00a32a 00712823 sw               x7, 16(x2)           x7:00000000  x2:10001638  PA:10001648
22334140ns          380358 1c00a32c 00700433 add              x8, x0, x7           x8=00000000  x7:00000000
22334160ns          380359 1c00a32e 00712a23 sw               x7, 20(x2)           x7:00000000  x2:10001638  PA:1000164c
22334180ns          380360 1c00a330 002c1893 slli             x17, x24, 0x2       x17=00000004 x24:00000001
22334220ns          380362 1c00a334 01888e33 add              x28, x17, x24       x28=00000005 x17:00000004 x24:00000001
22334240ns          380363 1c00a338 41c00533 sub              x10, x0, x28        x10=fffffffb x28:00000005
22334259ns          380364 1c00a33c 00180f93 addi             x31, x16, 1         x31=00000015 x16:00000014
22334319ns          380367 1c00a340 01550513 addi             x10, x10, 21        x10=00000010 x10:fffffffb
22334359ns          380369 1c00a342 6aafc763 blt              x31, x10, 1710      x31:00000015 x10:00000010
22334379ns          380370 1c00a346 00c12e83 lw               x29, 12(x2)         x29=100016f0  x2:10001638  PA:10001644
22334399ns          380371 1c00a348 002e1e13 slli             x28, x28, 0x2       x28=00000014 x28:00000005
22334419ns          380372 1c00a34a 050e8813 addi             x16, x29, 80        x16=10001740 x29:100016f0
22334458ns          380374 1c00a34e 41c80833 sub              x16, x16, x28       x16=1000172c x16:10001740 x28:00000014
22334478ns          380375 1c00a352 01412e03 lw               x28, 20(x2)         x28=00000000  x2:10001638  PA:1000164c
22334498ns          380376 1c00a354 03112c23 sw               x17, 56(x2)         x17:00000004  x2:10001638  PA:10001670
22334518ns          380377 1c00a356 03c12423 sw               x28, 40(x2)         x28:00000000  x2:10001638  PA:10001660
22334538ns          380378 1c00a358 02d12e23 sw               x13, 60(x2)         x13:00000014  x2:10001638  PA:10001674
22334558ns          380379 1c00a35a 02812883 lw               x17, 40(x2)         x17=00000000  x2:10001638  PA:10001660
22334578ns          380380 1c00a35c 01012683 lw               x13, 16(x2)         x13=00000000  x2:10001638  PA:10001648
22334598ns          380381 1c00a35e 012002b3 add              x5, x0, x18          x5=10001724 x18:10001724
22334617ns          380382 1c00a360 02012223 sw               x0, 36(x2)           x2:10001638  PA:1000165c
22334637ns          380383 1c00a362 02012023 sw               x0, 32(x2)           x2:10001638  PA:10001658
22334657ns          380384 1c00a364 00012e23 sw               x0, 28(x2)           x2:10001638  PA:10001654
22334677ns          380385 1c00a366 00012c23 sw               x0, 24(x2)           x2:10001638  PA:10001650
22334697ns          380386 1c00a368 00000e93 addi             x29, x0, 0          x29=00000000
22334717ns          380387 1c00a36a 00000e13 addi             x28, x0, 0          x28=00000000
22334737ns          380388 1c00a36e 02c12623 sw               x12, 44(x2)         x12:00000002  x2:10001638  PA:10001664
22334757ns          380389 1c00a370 02b12823 sw               x11, 48(x2)         x11:00000001  x2:10001638  PA:10001668
22334777ns          380390 1c00a372 02f12a23 sw               x15, 52(x2)         x15:c1bfaafa  x2:10001638  PA:1000166c
22334796ns          380391 1c00a374 00a707b3 add              x15, x14, x10       x15=00000015 x14:00000005 x10:00000010
22334816ns          380392 1c00a378 06f55063 bge              x10, x15, 96        x10:00000010 x15:00000015
22334836ns          380393 1c00a37c 0002a603 lw               x12, 0(x5)          x12=3f800000  x5:10001724  PA:10001724
22334876ns          380395 1c00a380 00082e83 lw               x29, 0(x16)         x29=b6be5c60 x16:1000172c  PA:1000172c
22334916ns          380397 1c00a384 00150593 addi             x11, x10, 1         x11=00000011 x10:00000010
22334936ns          380398 1c00a388 e0cefe43 fmadd.s          f28, f29, f12, f28  f28=xxxxxxxx f29:b6be5c60 f12:3f800000 f28:00000000
22334956ns          380399 1c00a38c 48f5d863 bge              x11, x15, 1168      x11:00000011 x15:00000015
22334976ns          380400 1c00a390 00482e83 lw               x29, 4(x16)         x29=b8009ced x16:1000172c  PA:10001730
22334995ns          380401 1c00a394 00250593 addi             x11, x10, 2         x11=00000012 x10:00000010
22335015ns          380402 1c00a398 39d673c3 fmadd.s          f7, f12, f29, f7     f7=xxxxxxxx f12:3f800000 f29:b8009ced  f7:00000000
22335035ns          380403 1c00a39c 58f5d363 bge              x11, x15, 1414      x11:00000012 x15:00000015
22335095ns          380406 1c00a3a0 00882e83 lw               x29, 8(x16)         x29=41b4fc80 x16:1000172c  PA:10001734
22335135ns          380408 1c00a3a4 00350593 addi             x11, x10, 3         x11=00000013 x10:00000010
22335155ns          380409 1c00a3a8 41d67443 fmadd.s          f8, f12, f29, f8     f8=xxxxxxxx f12:3f800000 f29:41b4fc80  f8:00000000
22335174ns          380410 1c00a3ac 46f5d463 bge              x11, x15, 1128      x11:00000013 x15:00000015
22335234ns          380413 1c00a3b0 00c82e83 lw               x29, 12(x16)        x29=4387af4c x16:1000172c  PA:10001738
22335274ns          380415 1c00a3b4 00450593 addi             x11, x10, 4         x11=00000014 x10:00000010
22335294ns          380416 1c00a3b8 69d676c3 fmadd.s          f13, f12, f29, f13  f13=xxxxxxxx f12:3f800000 f29:4387af4c f13:00000000
22335314ns          380417 1c00a3bc 56f5d663 bge              x11, x15, 1388      x11:00000014 x15:00000015
22335373ns          380420 1c00a3c0 01082783 lw               x15, 16(x16)        x15=43882372 x16:1000172c  PA:1000173c
22335413ns          380422 1c00a3c4 00100e93 addi             x29, x0, 1          x29=00000001
22335433ns          380423 1c00a3c6 88f678c3 fmadd.s          f17, f12, f15, f17  f17=xxxxxxxx f12:3f800000 f15:43882372 f17:00000000
22335453ns          380424 1c00a3ca 00100593 addi             x11, x0, 1          x11=00000001
22335473ns          380425 1c00a3cc 00100613 addi             x12, x0, 1          x12=00000001
22335493ns          380426 1c00a3ce 00100793 addi             x15, x0, 1          x15=00000001
22335513ns          380427 1c00a3d0 03d12223 sw               x29, 36(x2)         x29:00000001  x2:10001638  PA:1000165c
22335532ns          380428 1c00a3d2 02b12023 sw               x11, 32(x2)         x11:00000001  x2:10001638  PA:10001658
22335552ns          380429 1c00a3d4 00c12e23 sw               x12, 28(x2)         x12:00000001  x2:10001638  PA:10001654
22335572ns          380430 1c00a3d6 00f12c23 sw               x15, 24(x2)         x15:00000001  x2:10001638  PA:10001650
22335592ns          380431 1c00a3d8 00550513 addi             x10, x10, 5         x10=00000015 x10:00000010
22335612ns          380432 1c00a3da 01480813 addi             x16, x16, 20        x16=10001740 x16:1000172c
22335632ns          380433 1c00a3dc 00428293 addi             x5, x5, 4            x5=10001728  x5:10001724
22335652ns          380434 1c00a3de f8afdbe3 bge              x31, x10, -106      x31:00000015 x10:00000015
22335711ns          380437 1c00a374 00a707b3 add              x15, x14, x10       x15=0000001a x14:00000005 x10:00000015
22335731ns          380438 1c00a378 06f55063 bge              x10, x15, 96        x10:00000015 x15:0000001a
22335751ns          380439 1c00a37c 0002a603 lw               x12, 0(x5)          x12=3e2d5e29  x5:10001728  PA:10001728
22335771ns          380440 1c00a380 00082e83 lw               x29, 0(x16)         x29=370da4ac x16:10001740  PA:10001740
22335791ns          380441 1c00a384 00150593 addi             x11, x10, 1         x11=00000016 x10:00000015
22335811ns          380442 1c00a388 e0cefe43 fmadd.s          f28, f29, f12, f28  f28=xxxxxxxx f29:370da4ac f12:3e2d5e29 f28:b6be5c60
22335831ns          380443 1c00a38c 48f5d863 bge              x11, x15, 1168      x11:00000016 x15:0000001a
22335851ns          380444 1c00a390 00482e83 lw               x29, 4(x16)         x29=b847a3f9 x16:10001740  PA:10001744
22335871ns          380445 1c00a394 00250593 addi             x11, x10, 2         x11=00000017 x10:00000015
22335890ns          380446 1c00a398 39d673c3 fmadd.s          f7, f12, f29, f7     f7=xxxxxxxx f12:3e2d5e29 f29:b847a3f9  f7:b8009ced
22335910ns          380447 1c00a39c 58f5d363 bge              x11, x15, 1414      x11:00000017 x15:0000001a
22335930ns          380448 1c00a3a0 00882e83 lw               x29, 8(x16)         x29=40fc5f00 x16:10001740  PA:10001748
22335950ns          380449 1c00a3a4 00350593 addi             x11, x10, 3         x11=00000018 x10:00000015
22335970ns          380450 1c00a3a8 41d67443 fmadd.s          f8, f12, f29, f8     f8=xxxxxxxx f12:3e2d5e29 f29:40fc5f00  f8:41b4fc80
22335990ns          380451 1c00a3ac 46f5d463 bge              x11, x15, 1128      x11:00000018 x15:0000001a
22336010ns          380452 1c00a3b0 00c82e83 lw               x29, 12(x16)        x29=43882372 x16:10001740  PA:1000174c
22336030ns          380453 1c00a3b4 00450593 addi             x11, x10, 4         x11=00000019 x10:00000015
22336050ns          380454 1c00a3b8 69d676c3 fmadd.s          f13, f12, f29, f13  f13=xxxxxxxx f12:3e2d5e29 f29:43882372 f13:4387af4c
22336070ns          380455 1c00a3bc 56f5d663 bge              x11, x15, 1388      x11:00000019 x15:0000001a
22336089ns          380456 1c00a3c0 01082783 lw               x15, 16(x16)        x15=439394db x16:10001740  PA:10001750
22336109ns          380457 1c00a3c4 00100e93 addi             x29, x0, 1          x29=00000001
22336129ns          380458 1c00a3c6 88f678c3 fmadd.s          f17, f12, f15, f17  f17=xxxxxxxx f12:3e2d5e29 f15:439394db f17:43882372
22336149ns          380459 1c00a3ca 00100593 addi             x11, x0, 1          x11=00000001
22336169ns          380460 1c00a3cc 00100613 addi             x12, x0, 1          x12=00000001
22336189ns          380461 1c00a3ce 00100793 addi             x15, x0, 1          x15=00000001
22336209ns          380462 1c00a3d0 03d12223 sw               x29, 36(x2)         x29:00000001  x2:10001638  PA:1000165c
22336229ns          380463 1c00a3d2 02b12023 sw               x11, 32(x2)         x11:00000001  x2:10001638  PA:10001658
22336249ns          380464 1c00a3d4 00c12e23 sw               x12, 28(x2)         x12:00000001  x2:10001638  PA:10001654
22336268ns          380465 1c00a3d6 00f12c23 sw               x15, 24(x2)         x15:00000001  x2:10001638  PA:10001650
22336288ns          380466 1c00a3d8 00550513 addi             x10, x10, 5         x10=0000001a x10:00000015
22336308ns          380467 1c00a3da 01480813 addi             x16, x16, 20        x16=10001754 x16:10001740
22336328ns          380468 1c00a3dc 00428293 addi             x5, x5, 4            x5=1000172c  x5:10001728
22336348ns          380469 1c00a3de f8afdbe3 bge              x31, x10, -106      x31:00000015 x10:0000001a
22336368ns          380470 1c00a3e2 00d12823 sw               x13, 16(x2)         x13:439ebbce  x2:10001638  PA:10001648
22336388ns          380471 1c00a3e4 03112423 sw               x17, 40(x2)         x17:43a11fea  x2:10001638  PA:10001660
22336408ns          380472 1c00a3e6 02c12603 lw               x12, 44(x2)         x12=00000002  x2:10001638  PA:10001664
22336428ns          380473 1c00a3e8 03012583 lw               x11, 48(x2)         x11=00000001  x2:10001638  PA:10001668
22336447ns          380474 1c00a3ea 03412783 lw               x15, 52(x2)         x15=c1bfaafa  x2:10001638  PA:1000166c
22336467ns          380475 1c00a3ec 03812883 lw               x17, 56(x2)         x17=00000004  x2:10001638  PA:10001670
22336487ns          380476 1c00a3ee 03c12683 lw               x13, 60(x2)         x13=00000014  x2:10001638  PA:10001674
22336507ns          380477 1c00a3f0 6c0e9763 bne              x29, x0, 1742       x29:00000001
22336607ns          380482 1c00aabe 05c12623 sw               x28, 76(x2)         x28:b68e662f  x2:10001638  PA:10001684
22336686ns          380486 1c00aac0 935ff06f jal              x0, -1740          
22336726ns          380488 1c00a3f4 01812803 lw               x16, 24(x2)         x16=00000001  x2:10001638  PA:10001650
22336766ns          380490 1c00a3f6 6e081163 bne              x16, x0, 1762       x16:00000001
22336905ns          380497 1c00aad8 04712823 sw               x7, 80(x2)           x7:b82269bc  x2:10001638  PA:10001688
22336945ns          380499 1c00aada 921ff06f jal              x0, -1760          
22336965ns          380500 1c00a3fa 01c12e03 lw               x28, 28(x2)         x28=00000001  x2:10001638  PA:10001654
22337004ns          380502 1c00a3fc 000e0363 beq              x28, x0, 6          x28:00000001
22337024ns          380503 1c00a400 04812a23 sw               x8, 84(x2)           x8:41bfab10  x2:10001638  PA:1000168c
22337044ns          380504 1c00a402 02012e83 lw               x29, 32(x2)         x29=00000001  x2:10001638  PA:10001658
22337084ns          380506 1c00a404 000e8463 beq              x29, x0, 8          x29:00000001
22337104ns          380507 1c00a408 01012503 lw               x10, 16(x2)         x10=439ebbce  x2:10001638  PA:10001648
22337144ns          380509 1c00a40a 04a12c23 sw               x10, 88(x2)         x10:439ebbce  x2:10001638  PA:10001690
22337163ns          380510 1c00a40c 02412803 lw               x16, 36(x2)         x16=00000001  x2:10001638  PA:1000165c
22337203ns          380512 1c00a40e 6a081a63 bne              x16, x0, 1716       x16:00000001
22337263ns          380515 1c00aac2 02812e83 lw               x29, 40(x2)         x29=43a11fea  x2:10001638  PA:10001660
22337283ns          380516 1c00aac4 05812803 lw               x16, 88(x2)         x16=439ebbce  x2:10001638  PA:10001690
22337303ns          380517 1c00aac6 05d12e23 sw               x29, 92(x2)         x29:43a11fea  x2:10001638  PA:10001694
22337323ns          380518 1c00aac8 04c12503 lw               x10, 76(x2)         x10=b68e662f  x2:10001638  PA:10001684
22337343ns          380519 1c00aaca 05012383 lw               x7, 80(x2)           x7=b82269bc  x2:10001638  PA:10001688
22337362ns          380520 1c00aacc 05412403 lw               x8, 84(x2)           x8=41bfab10  x2:10001638  PA:1000168c
22337382ns          380521 1c00aace 01012823 sw               x16, 16(x2)         x16:439ebbce  x2:10001638  PA:10001648
22337402ns          380522 1c00aad0 01d12a23 sw               x29, 20(x2)         x29:43a11fea  x2:10001638  PA:1000164c
22337422ns          380523 1c00aad2 f23ff06f jal              x0, -222           
22337502ns          380527 1c00a9f4 00092e03 lw               x28, 0(x18)         x28=3f800000 x18:10001724  PA:10001724
22337541ns          380529 1c00a9f8 00000813 addi             x16, x0, 0          x16=00000000
22337561ns          380530 1c00a9fc a10e2853 feq.s            x16, f28, f16       x16=00000000 f28:3f800000 f16:00000000
22337621ns          380533 1c00aa00 d0081ee3 bne              x16, x0, -740       x16:00000000
22337661ns          380535 1c00aa04 21ef1853 fsgnjn.s         f16, f30, f30       f16=xxxxxxxx f30:3ff8ddd2 f30:3ff8ddd2
22337681ns          380536 1c00aa08 11c87e53 fmul.s           f28, f16, f28       f28=xxxxxxxx f16:bff8ddd2 f28:3f800000
22337701ns          380537 1c00aa0c d0ddd8e3 bge              x27, x13, -752      x27:0000000f x13:00000014
22337760ns          380540 1c00aa10 0149ae83 lw               x29, 20(x19)        x29=b6be5c60 x19:10001718  PA:1000172c
22337800ns          380542 1c00aa14 01888833 add              x16, x17, x24       x16=00000005 x17:00000004 x24:00000001
22337820ns          380543 1c00aa18 e8ae7ec3 fmadd.s          f29, f28, f10, f29  f29=xxxxxxxx f28:bff8ddd2 f10:b68e662f f29:b6be5c60
22337840ns          380544 1c00aa1c 41000833 sub              x16, x0, x16        x16=fffffffb x16:00000005
22337899ns          380547 1c00aa20 01580893 addi             x17, x16, 21        x17=00000010 x16:fffffffb
22337939ns          380549 1c00aa24 01d9aa23 sw               x29, 20(x19)        x29:362d00c2 x19:10001718  PA:1000172c
22337959ns          380550 1c00aa28 04d8da63 bge              x17, x13, 84        x17:00000010 x13:00000014
22337979ns          380551 1c00aa2c 0189ae83 lw               x29, 24(x19)        x29=b8009ced x19:10001718  PA:10001730
22338039ns          380554 1c00aa30 01680893 addi             x17, x16, 22        x17=00000011 x16:fffffffb
22338078ns          380556 1c00aa34 e87e7ec3 fmadd.s          f29, f28, f7, f29   f29=xxxxxxxx f28:bff8ddd2  f7:b82269bc f29:b8009ced
22338098ns          380557 1c00aa38 01d9ac23 sw               x29, 24(x19)        x29:383b2964 x19:10001718  PA:10001730
22338118ns          380558 1c00aa3c 04d8d063 bge              x17, x13, 64        x17:00000011 x13:00000014
22338178ns          380561 1c00aa40 01c9ae83 lw               x29, 28(x19)        x29=41b4fc80 x19:10001718  PA:10001734
22338218ns          380563 1c00aa44 01780893 addi             x17, x16, 23        x17=00000012 x16:fffffffb
22338238ns          380564 1c00aa48 e88e7ec3 fmadd.s          f29, f28, f8, f29   f29=xxxxxxxx f28:bff8ddd2  f8:41bfab10 f29:41b4fc80
22338257ns          380565 1c00aa4c 01d9ae23 sw               x29, 28(x19)        x29:c1bfab17 x19:10001718  PA:10001734
22338317ns          380568 1c00aa50 02d8d663 bge              x17, x13, 44        x17:00000012 x13:00000014
22338357ns          380570 1c00aa54 0209a883 lw               x17, 32(x19)        x17=4387af4c x19:10001718  PA:10001738
22338377ns          380571 1c00aa58 01012e83 lw               x29, 16(x2)         x29=439ebbce  x2:10001638  PA:10001648
22338397ns          380572 1c00aa5a 01880813 addi             x16, x16, 24        x16=00000013 x16:fffffffb
22338417ns          380573 1c00aa5c 89de78c3 fmadd.s          f17, f28, f29, f17  f17=xxxxxxxx f28:bff8ddd2 f29:439ebbce f17:4387af4c
22338476ns          380576 1c00aa60 0319a023 sw               x17, 32(x19)        x17:c3acefa8 x19:10001718  PA:10001738
22338516ns          380578 1c00aa64 00d85c63 bge              x16, x13, 24        x16:00000013 x13:00000014
22338536ns          380579 1c00aa68 0249a683 lw               x13, 36(x19)        x13=43882372 x19:10001718  PA:1000173c
22338556ns          380580 1c00aa6c 01412803 lw               x16, 20(x2)         x16=43a11fea  x2:10001638  PA:1000164c
22338616ns          380583 1c00aa6e 690e7e43 fmadd.s          f28, f28, f16, f13  f28=xxxxxxxx f28:bff8ddd2 f16:43a11fea f13:43882372
22338655ns          380585 1c00aa72 03c9a223 sw               x28, 36(x19)        x28:c3b1219d x19:10001718  PA:1000173c
22338675ns          380586 1c00aa76 000aaf03 lw               x30, 0(x21)         x30=3ff8ddd2 x21:100016d8  PA:100016d8
22338695ns          380587 1c00aa7a ca3ff06f jal              x0, -862           
22338834ns          380594 1c00a71c 00100693 addi             x13, x0, 1          x13=00000001
22338914ns          380598 1c00a71e 00a48813 addi             x16, x9, 10         x16=00000014  x9:0000000a
22338954ns          380600 1c00a722 dcc6d5e3 bge              x13, x12, -566      x13:00000001 x12:00000002
22338974ns          380601 1c00a726 00492e03 lw               x28, 4(x18)         x28=3e2d5e29 x18:10001724  PA:10001728
22338993ns          380602 1c00a72a 00000693 addi             x13, x0, 0          x13=00000000
22339053ns          380605 1c00a72e a0de26d3 feq.s            x13, f28, f13       x13=00000000 f28:3e2d5e29 f13:00000000
22339073ns          380606 1c00a732 0e068763 beq              x13, x0, 238        x13:00000000
22339172ns          380611 1c00a820 21ef16d3 fsgnjn.s         f13, f30, f30       f13=xxxxxxxx f30:3ff8ddd2 f30:3ff8ddd2
22339212ns          380613 1c00a824 010708b3 add              x17, x14, x16       x17=00000019 x14:00000005 x16:00000014
22339232ns          380614 1c00a828 11c6f6d3 fmul.s           f13, f13, f28       f13=xxxxxxxx f13:bff8ddd2 f28:3e2d5e29
22339252ns          380615 1c00a82c f11854e3 bge              x16, x17, -248      x16:00000014 x17:00000019
22339312ns          380618 1c00a830 0289ae03 lw               x28, 40(x19)        x28=370da4ac x19:10001718  PA:10001740
22339351ns          380620 1c00a834 002c1813 slli             x16, x24, 0x2       x16=00000004 x24:00000001
22339371ns          380621 1c00a838 e0a6fe43 fmadd.s          f28, f13, f10, f28  f28=xxxxxxxx f13:bea88970 f10:b68e662f f28:370da4ac
22339391ns          380622 1c00a83c 01880833 add              x16, x16, x24       x16=00000005 x16:00000004 x24:00000001
22339451ns          380625 1c00a83e 41000833 sub              x16, x0, x16        x16=fffffffb x16:00000005
22339491ns          380627 1c00a842 03c9a423 sw               x28, 40(x19)        x28:3725148c x19:10001718  PA:10001740
22339511ns          380628 1c00a846 01a80e13 addi             x28, x16, 26        x28=00000015 x16:fffffffb
22339530ns          380629 1c00a84a 0f1e5f63 bge              x28, x17, 254       x28:00000015 x17:00000019
22339590ns          380632 1c00a84e 02c9ae83 lw               x29, 44(x19)        x29=b847a3f9 x19:10001718  PA:10001744
22339630ns          380634 1c00a852 01b80e13 addi             x28, x16, 27        x28=00000016 x16:fffffffb
22339650ns          380635 1c00a856 e876fec3 fmadd.s          f29, f13, f7, f29   f29=xxxxxxxx f13:bea88970  f7:b82269bc f29:b847a3f9
22339670ns          380636 1c00a85a 03d9a623 sw               x29, 44(x19)        x29:b8122dae x19:10001718  PA:10001744
22339729ns          380639 1c00a85e 0f1e5563 bge              x28, x17, 234       x28:00000016 x17:00000019
22339769ns          380641 1c00a862 0309ae83 lw               x29, 48(x19)        x29=40fc5f00 x19:10001718  PA:10001748
22339789ns          380642 1c00a866 01c80e13 addi             x28, x16, 28        x28=00000017 x16:fffffffb
22339809ns          380643 1c00a86a e886fec3 fmadd.s          f29, f13, f8, f29   f29=xxxxxxxx f13:bea88970  f8:41bfab10 f29:40fc5f00
22339869ns          380646 1c00a86e 03d9a823 sw               x29, 48(x19)        x29:38ae3332 x19:10001718  PA:10001748
22339908ns          380648 1c00a872 0d1e5b63 bge              x28, x17, 214       x28:00000017 x17:00000019
22339928ns          380649 1c00a876 0349ae03 lw               x28, 52(x19)        x28=43882372 x19:10001718  PA:1000174c
22339948ns          380650 1c00a87a 01012e83 lw               x29, 16(x2)         x29=439ebbce  x2:10001638  PA:10001648
22339968ns          380651 1c00a87c 01d80813 addi             x16, x16, 29        x16=00000018 x16:fffffffb
22340008ns          380653 1c00a87e e1d6fe43 fmadd.s          f28, f13, f29, f28  f28=xxxxxxxx f13:bea88970 f29:439ebbce f28:43882372
22340048ns          380655 1c00a882 03c9aa23 sw               x28, 52(x19)        x28:4327c66d x19:10001718  PA:1000174c
22340068ns          380656 1c00a886 0d185163 bge              x16, x17, 194       x16:00000018 x17:00000019
22340087ns          380657 1c00a88a 0389a803 lw               x16, 56(x19)        x16=439394db x19:10001718  PA:10001750
22340107ns          380658 1c00a88e 01412883 lw               x17, 20(x2)         x17=43a11fea  x2:10001638  PA:1000164c
22340147ns          380660 1c00a890 8116f6c3 fmadd.s          f13, f13, f17, f16  f13=xxxxxxxx f13:bea88970 f17:43a11fea f16:439394db
22340187ns          380662 1c00a894 02d9ac23 sw               x13, 56(x19)        x13:433d1644 x19:10001718  PA:10001750
22340207ns          380663 1c00a898 000aaf03 lw               x30, 0(x21)         x30=3ff8ddd2 x21:100016d8  PA:100016d8
22340227ns          380664 1c00a89c e99ff06f jal              x0, -360           
22340326ns          380669 1c00a734 00f48693 addi             x13, x9, 15         x13=00000019  x9:0000000a
22340346ns          380670 1c00a738 da262ae3 p.beqimm         x12, -588           x12:00000002
22340465ns          380676 1c00a4ec 00000693 addi             x13, x0, 0          x13=00000000
22340525ns          380679 1c00a4f0 a0df2753 feq.s            x14, f30, f13       x14=00000000 f30:3ff8ddd2 f13:00000000
22340565ns          380681 1c00a4f4 007b8293 addi             x5, x23, 7           x5=00000013 x23:0000000c
22340585ns          380682 1c00a4f8 f6071ee3 bne              x14, x0, -132       x14:00000000
22340605ns          380683 1c00a4fa 0109a603 lw               x12, 16(x19)        x12=3e2d5e29 x19:10001718  PA:10001728
22340664ns          380686 1c00a4fe 001c0713 addi             x14, x24, 1         x14=00000002 x24:00000001
22340704ns          380688 1c00a502 a0d62653 feq.s            x12, f12, f13       x12=00000000 f12:3e2d5e29 f13:00000000
22340724ns          380689 1c00a506 42060863 beq              x12, x0, 1072       x12:00000000
22340903ns          380698 1c00a936 00e005b3 add              x11, x0, x14        x11=00000002 x14:00000002
22340943ns          380700 1c00a938 bffff06f jal              x0, -1026          
22341022ns          380704 1c00a536 00c12503 lw               x10, 12(x2)         x10=100016f0  x2:10001638  PA:10001644
22341062ns          380706 1c00a538 002c1893 slli             x17, x24, 0x2       x17=00000004 x24:00000001
22341082ns          380707 1c00a53c 06050993 addi             x19, x10, 96        x19=10001750 x10:100016f0
22341142ns          380710 1c00a540 01900813 addi             x16, x0, 25         x16=00000019
22341181ns          380712 1c00a542 41880833 sub              x16, x16, x24       x16=00000018 x16:00000019 x24:00000001
22341201ns          380713 1c00a546 41198e33 sub              x28, x19, x17       x28=1000174c x19:10001750 x17:00000004
22341221ns          380714 1c00a54a 00259393 slli             x7, x11, 0x2         x7=00000008 x11:00000002
22341281ns          380717 1c00a54e 00000413 addi             x8, x0, 0            x8=00000000
22341301ns          380718 1c00a552 00e00533 add              x10, x0, x14        x10=00000002 x14:00000002
22341321ns          380719 1c00a554 077540fb lp.setup         0x1, x10, 0x77      x10:00000002
22341341ns          380720 1c00a558 010586b3 add              x13, x11, x16       x13=0000001a x11:00000002 x16:00000018
22341360ns          380721 1c00a55c fff70f93 addi             x31, x14, -1        x31=00000001 x14:00000002
22341420ns          380724 1c00a560 0cd85f63 bge              x16, x13, 222       x16:00000018 x13:0000001a
22341460ns          380726 1c00a564 000e2683 lw               x13, 0(x28)         x13=4327c66d x28:1000174c  PA:1000174c
22341500ns          380728 1c00a568 a086a6d3 feq.s            x13, f13, f8        x13=00000000 f13:4327c66d  f8:00000000
22341520ns          380729 1c00a56c 00068c63 beq              x13, x0, 24         x13:00000000
22341639ns          380735 1c00a584 ee0588e3 beq              x11, x0, -272       x11:00000002
22341679ns          380737 1c00a588 ee0706e3 beq              x14, x0, -276       x14:00000002
22341699ns          380738 1c00a58c 002f9d13 slli             x26, x31, 0x2       x26=00000004 x31:00000001
22341758ns          380741 1c00a590 411c0533 sub              x10, x24, x17       x10=fffffffd x24:00000001 x17:00000004
22341798ns          380743 1c00a594 01af8fb3 add              x31, x31, x26       x31=00000005 x31:00000001 x26:00000004
22341818ns          380744 1c00a596 00151513 slli             x10, x10, 0x1       x10=fffffffa x10:fffffffd
22341838ns          380745 1c00a598 04012623 sw               x0, 76(x2)           x2:10001638  PA:10001684
22341858ns          380746 1c00a59a 005f8d33 add              x26, x31, x5        x26=00000018 x31:00000005  x5:00000013
22341878ns          380747 1c00a59e 01850513 addi             x10, x10, 24        x10=00000012 x10:fffffffa
22341897ns          380748 1c00a5a0 21ef1f53 fsgnjn.s         f30, f30, f30       f30=xxxxxxxx f30:3ff8ddd2 f30:3ff8ddd2
22341937ns          380750 1c00a5a4 00172b63 p.beqimm         x14, 22             x14:00000002
22341957ns          380751 1c00a5a8 04012823 sw               x0, 80(x2)           x2:10001638  PA:10001688
22341977ns          380752 1c00a5aa 00272663 p.beqimm         x14, 12             x14:00000002
22342096ns          380758 1c00a5b6 4e5d4d63 blt              x26, x5, 1274       x26:00000018  x5:00000013
22342116ns          380759 1c00a5ba 001c1613 slli             x12, x24, 0x1       x12=00000002 x24:00000001
22342176ns          380762 1c00a5be 01860433 add              x8, x12, x24         x8=00000003 x12:00000002 x24:00000001
22342196ns          380763 1c00a5c2 04c10693 addi             x13, x2, 76         x13=10001684  x2:10001638
22342216ns          380764 1c00a5c4 00341413 slli             x8, x8, 0x3          x8=00000018  x8:00000003
22342236ns          380765 1c00a5c6 00c12823 sw               x12, 16(x2)         x12:00000002  x2:10001638  PA:10001648
22342256ns          380766 1c00a5c8 00d12a23 sw               x13, 20(x2)         x13:10001684  x2:10001638  PA:1000164c
22342275ns          380767 1c00a5ca 00d00fb3 add              x31, x0, x13        x31=10001684 x13:10001684
22342295ns          380768 1c00a5cc 40898433 sub              x8, x19, x8          x8=10001738 x19:10001750  x8:00000018
22342315ns          380769 1c00a5d0 00b286b3 add              x13, x5, x11        x13=00000015  x5:00000013 x11:00000002
22342355ns          380771 1c00a5d4 3ed2df63 bge              x5, x13, 1022        x5:00000013 x13:00000015
22342375ns          380772 1c00a5d8 ffc38693 addi             x13, x7, -4         x13=00000004  x7:00000008
22342395ns          380773 1c00a5dc 0026d693 srli             x13, x13, 0x2       x13=00000001 x13:00000004
22342415ns          380774 1c00a5de 012008b3 add              x17, x0, x18        x17=10001724 x18:10001724
22342454ns          380776 1c00a5e0 00800833 add              x16, x0, x8         x16=10001738  x8:10001738
22342494ns          380778 1c00a5e2 00000613 addi             x12, x0, 0          x12=00000000
22342514ns          380779 1c00a5e6 00168693 addi             x13, x13, 1         x13=00000002 x13:00000001
22342534ns          380780 1c00a5e8 0066c0fb lp.setup         0x1, x13, 0x6       x13:00000002
22342554ns          380781 1c00a5ec 00482e8b p.lw             x29, 4(x16!)        x29=c3acefa8 x16=1000173c x16:10001738  PA:10001738
22342594ns          380783 1c00a5f0 0048ae0b p.lw             x28, 4(x17!)        x28=3f800000 x17=10001728 x17:10001724  PA:10001724
22342633ns          380785 1c00a5f4 61cef643 fmadd.s          f12, f29, f28, f12  f12=xxxxxxxx f29:c3acefa8 f28:3f800000 f12:00000000
22342653ns          380786 1c00a5ec 00482e8b p.lw             x29, 4(x16!)        x29=c3b1219d x16=10001740 x16:1000173c  PA:1000173c
22342673ns          380787 1c00a5f0 0048ae0b p.lw             x28, 4(x17!)        x28=3e2d5e29 x17=1000172c x17:10001728  PA:10001728
22342713ns          380789 1c00a5f4 61cef643 fmadd.s          f12, f29, f28, f12  f12=xxxxxxxx f29:c3b1219d f28:3e2d5e29 f12:c3acefa8
22342733ns          380790 1c00a5f8 000fa683 lw               x13, 0(x31)         x13=00000000 x31:10001684  PA:10001684
22342753ns          380791 1c00a5fc 00528293 addi             x5, x5, 5            x5=00000018  x5:00000013
22342793ns          380793 1c00a5fe 00c6f653 fadd.s           f12, f13, f12       f12=xxxxxxxx f13:00000000 f12:c3caecdf
22342812ns          380794 1c00a602 01440413 addi             x8, x8, 20           x8=1000174c  x8:10001738
22342832ns          380795 1c00a604 00cfa22b p.sw             x12, 4(x31!)        x31=10001688 x12:c3caecdf x31:10001684  PA:10001684
22342852ns          380796 1c00a608 fc5d54e3 bge              x26, x5, -56        x26:00000018  x5:00000018
22342972ns          380802 1c00a5d0 00b286b3 add              x13, x5, x11        x13=0000001a  x5:00000018 x11:00000002
22342991ns          380803 1c00a5d4 3ed2df63 bge              x5, x13, 1022        x5:00000018 x13:0000001a
22343011ns          380804 1c00a5d8 ffc38693 addi             x13, x7, -4         x13=00000004  x7:00000008
22343031ns          380805 1c00a5dc 0026d693 srli             x13, x13, 0x2       x13=00000001 x13:00000004
22343051ns          380806 1c00a5de 012008b3 add              x17, x0, x18        x17=10001724 x18:10001724
22343071ns          380807 1c00a5e0 00800833 add              x16, x0, x8         x16=1000174c  x8:1000174c
22343091ns          380808 1c00a5e2 00000613 addi             x12, x0, 0          x12=00000000
22343111ns          380809 1c00a5e6 00168693 addi             x13, x13, 1         x13=00000002 x13:00000001
22343131ns          380810 1c00a5e8 0066c0fb lp.setup         0x1, x13, 0x6       x13:00000002
22343151ns          380811 1c00a5ec 00482e8b p.lw             x29, 4(x16!)        x29=4327c66d x16=10001750 x16:1000174c  PA:1000174c
22343171ns          380812 1c00a5f0 0048ae0b p.lw             x28, 4(x17!)        x28=3f800000 x17=10001728 x17:10001724  PA:10001724
22343210ns          380814 1c00a5f4 61cef643 fmadd.s          f12, f29, f28, f12  f12=xxxxxxxx f29:4327c66d f28:3f800000 f12:00000000
22343230ns          380815 1c00a5ec 00482e8b p.lw             x29, 4(x16!)        x29=433d1644 x16=10001754 x16:10001750  PA:10001750
22343250ns          380816 1c00a5f0 0048ae0b p.lw             x28, 4(x17!)        x28=3e2d5e29 x17=1000172c x17:10001728  PA:10001728
22343290ns          380818 1c00a5f4 61cef643 fmadd.s          f12, f29, f28, f12  f12=xxxxxxxx f29:433d1644 f28:3e2d5e29 f12:4327c66d
22343310ns          380819 1c00a5f8 000fa683 lw               x13, 0(x31)         x13=00000000 x31:10001688  PA:10001688
22343330ns          380820 1c00a5fc 00528293 addi             x5, x5, 5            x5=0000001d  x5:00000018
22343350ns          380821 1c00a5fe 00c6f653 fadd.s           f12, f13, f12       f12=xxxxxxxx f13:00000000 f12:4347c9d3
22343369ns          380822 1c00a602 01440413 addi             x8, x8, 20           x8=10001760  x8:1000174c
22343389ns          380823 1c00a604 00cfa22b p.sw             x12, 4(x31!)        x31=1000168c x12:4347c9d3 x31:10001688  PA:10001688
22343409ns          380824 1c00a608 fc5d54e3 bge              x26, x5, -56        x26:00000018  x5:0000001d
22343429ns          380825 1c00a60c 01012803 lw               x16, 16(x2)         x16=00000002  x2:10001638  PA:10001648
22343449ns          380826 1c00a60e 00200613 addi             x12, x0, 2          x12=00000002
22343469ns          380827 1c00a610 018806b3 add              x13, x16, x24       x13=00000003 x16:00000002 x24:00000001
22343489ns          380828 1c00a614 00369693 slli             x13, x13, 0x3       x13=00000018 x13:00000003
22343509ns          380829 1c00a616 00170813 addi             x16, x14, 1         x16=00000003 x14:00000002
22343529ns          380830 1c00a61a 01412f83 lw               x31, 20(x2)         x31=10001684  x2:10001638  PA:1000164c
22343548ns          380831 1c00a61c 40d989b3 sub              x19, x19, x13       x19=10001738 x19:10001750 x13:00000018
22343568ns          380832 1c00a620 00000293 addi             x5, x0, 0            x5=00000000
22343588ns          380833 1c00a624 4ac84863 blt              x16, x12, 1200      x16:00000003 x12:00000002
22343608ns          380834 1c00a628 0097407b lp.setup         0x0, x14, 0x9       x14:00000002
22343628ns          380835 1c00a62c 004fa68b p.lw             x13, 4(x31!)        x13=c3caecdf x31=10001688 x31:10001684  PA:10001684
22343688ns          380838 1c00a630 a056a653 feq.s            x12, f13, f5        x12=00000000 f13:c3caecdf  f5:00000000
22343727ns          380840 1c00a634 36060763 beq              x12, x0, 878        x12:00000000
22343867ns          380847 1c00a9a2 00b50633 add              x12, x10, x11       x12=00000014 x10:00000012 x11:00000002
22343887ns          380848 1c00a9a6 11e6fed3 fmul.s           f29, f13, f30       f29=xxxxxxxx f13:c3caecdf f30:bff8ddd2
22343906ns          380849 1c00a9aa c8c557e3 bge              x10, x12, -882      x10:00000012 x12:00000014
22343966ns          380852 1c00a9ae ffc38813 addi             x16, x7, -4         x16=00000004  x7:00000008
22344006ns          380854 1c00a9b2 00285813 srli             x16, x16, 0x2       x16=00000001 x16:00000004
22344026ns          380855 1c00a9b6 01200e33 add              x28, x0, x18        x28=10001724 x18:10001724
22344046ns          380856 1c00a9b8 013008b3 add              x17, x0, x19        x17=10001738 x19:10001738
22344066ns          380857 1c00a9ba 00180813 addi             x16, x16, 1         x16=00000002 x16:00000001
22344085ns          380858 1c00a9bc 008840fb lp.setup         0x1, x16, 0x8       x16:00000002
22344105ns          380859 1c00a9c0 0008a603 lw               x12, 0(x17)         x12=c3acefa8 x17:10001738  PA:10001738
22344145ns          380861 1c00a9c4 004e268b p.lw             x13, 4(x28!)        x13=3f800000 x28=10001728 x28:10001724  PA:10001724
22344185ns          380863 1c00a9c8 60def6c3 fmadd.s          f13, f29, f13, f12  f13=xxxxxxxx f29:4445454d f13:3f800000 f12:c3acefa8
22344205ns          380864 1c00a9cc 00d8a22b p.sw             x13, 4(x17!)        x17=1000173c x13:43dd9af2 x17:10001738  PA:10001738
22344225ns          380865 1c00a9c0 0008a603 lw               x12, 0(x17)         x12=c3b1219d x17:1000173c  PA:1000173c
22344245ns          380866 1c00a9c4 004e268b p.lw             x13, 4(x28!)        x13=3e2d5e29 x28=1000172c x28:10001728  PA:10001728
22344284ns          380868 1c00a9c8 60def6c3 fmadd.s          f13, f29, f13, f12  f13=xxxxxxxx f29:4445454d f13:3e2d5e29 f12:c3b1219d
22344304ns          380869 1c00a9cc 00d8a22b p.sw             x13, 4(x17!)        x17=10001740 x13:c35caad6 x17:1000173c  PA:1000173c
22344324ns          380870 1c00a9d0 c69ff06f jal              x0, -920           
22344364ns          380872 1c00a638 00550513 addi             x10, x10, 5         x10=00000017 x10:00000012
22344384ns          380873 1c00a63a 01498993 addi             x19, x19, 20        x19=1000174c x19:10001738
22344404ns          380874 1c00a62c 004fa68b p.lw             x13, 4(x31!)        x13=4347c9d3 x31=1000168c x31:10001688  PA:10001688
22344444ns          380876 1c00a630 a056a653 feq.s            x12, f13, f5        x12=00000000 f13:4347c9d3  f5:00000000
22344463ns          380877 1c00a634 36060763 beq              x12, x0, 878        x12:00000000
22344603ns          380884 1c00a9a2 00b50633 add              x12, x10, x11       x12=00000019 x10:00000017 x11:00000002
22344623ns          380885 1c00a9a6 11e6fed3 fmul.s           f29, f13, f30       f29=xxxxxxxx f13:4347c9d3 f30:bff8ddd2
22344642ns          380886 1c00a9aa c8c557e3 bge              x10, x12, -882      x10:00000017 x12:00000019
22344662ns          380887 1c00a9ae ffc38813 addi             x16, x7, -4         x16=00000004  x7:00000008
22344682ns          380888 1c00a9b2 00285813 srli             x16, x16, 0x2       x16=00000001 x16:00000004
22344702ns          380889 1c00a9b6 01200e33 add              x28, x0, x18        x28=10001724 x18:10001724
22344722ns          380890 1c00a9b8 013008b3 add              x17, x0, x19        x17=1000174c x19:1000174c
22344742ns          380891 1c00a9ba 00180813 addi             x16, x16, 1         x16=00000002 x16:00000001
22344762ns          380892 1c00a9bc 008840fb lp.setup         0x1, x16, 0x8       x16:00000002
22344782ns          380893 1c00a9c0 0008a603 lw               x12, 0(x17)         x12=4327c66d x17:1000174c  PA:1000174c
22344821ns          380895 1c00a9c4 004e268b p.lw             x13, 4(x28!)        x13=3f800000 x28=10001728 x28:10001724  PA:10001724
22344861ns          380897 1c00a9c8 60def6c3 fmadd.s          f13, f29, f13, f12  f13=xxxxxxxx f29:c3c238a2 f13:3f800000 f12:4327c66d
22344881ns          380898 1c00a9cc 00d8a22b p.sw             x13, 4(x17!)        x17=10001750 x13:c35caad7 x17:1000174c  PA:1000174c
22344901ns          380899 1c00a9c0 0008a603 lw               x12, 0(x17)         x12=433d1644 x17:10001750  PA:10001750
22344921ns          380900 1c00a9c4 004e268b p.lw             x13, 4(x28!)        x13=3e2d5e29 x28=1000172c x28:10001728  PA:10001728
22344961ns          380902 1c00a9c8 60def6c3 fmadd.s          f13, f29, f13, f12  f13=xxxxxxxx f29:c3c238a2 f13:3e2d5e29 f12:433d1644
22344981ns          380903 1c00a9cc 00d8a22b p.sw             x13, 4(x17!)        x17=10001754 x13:42f6a4d3 x17:10001750  PA:10001750
22345000ns          380904 1c00a9d0 c69ff06f jal              x0, -920           
22345040ns          380906 1c00a638 00550513 addi             x10, x10, 5         x10=0000001c x10:00000017
22345060ns          380907 1c00a63a 01498993 addi             x19, x19, 20        x19=10001760 x19:1000174c
22345080ns          380908 1c00a63c e39ff06f jal              x0, -456           
22345199ns          380914 1c00a474 00812c03 lw               x24, 8(x2)          x24=00000000  x2:10001638  PA:10001640
22345239ns          380916 1c00a476 00f92c2b p.sw             x15, 24(x18!)       x18=1000173c x15:c1bfaafa x18:10001724  PA:10001724
22345259ns          380917 1c00a47a 004a8a93 addi             x21, x21, 4         x21=100016dc x21:100016d8
22345279ns          380918 1c00a47c 006b8b93 addi             x23, x23, 6         x23=00000012 x23:0000000c
22345299ns          380919 1c00a47e 006009b3 add              x19, x0, x6         x19=1000172c  x6:1000172c
22345319ns          380920 1c00a480 005d8d93 addi             x27, x27, 5         x27=00000014 x27:0000000f
22345339ns          380921 1c00a482 00548493 addi             x9, x9, 5            x9=0000000f  x9:0000000a
22345358ns          380922 1c00a484 018a0a13 addi             x20, x20, 24        x20=10001740 x20:10001728
22345378ns          380923 1c00a486 b9fc39e3 p.bneimm         x24, -1134          x24:00000000
22345537ns          380931 1c00a018 00300d13 addi             x26, x0, 3          x26=00000003
22345577ns          380933 1c00a01a 418d0d33 sub              x26, x26, x24       x26=00000003 x26:00000003 x24:00000000
22345597ns          380934 1c00a01e 018005b3 add              x11, x0, x24        x11=00000000 x24:00000000
22345637ns          380936 1c00a020 00092503 lw               x10, 0(x18)         x10=c35caad6 x18:1000173c  PA:1000173c
22345677ns          380938 1c00a024 423d2163 p.beqimm         x26, 1058           x26:00000003
22345975ns          380953 1c00a446 1c000e37 lui              x28, 0x1c000000     x28=1c000000
22345995ns          380954 1c00a44a 04ce0e13 addi             x28, x28, 76        x28=1c00004c x28:1c000000
22346433ns          380976 1c00a44e 000e2e03 lw               x28, 0(x28)         x28=3f800000 x28:1c00004c  PA:1c00004c
22346811ns          380995 1c00a452 000aa023 sw               x0, 0(x21)          x21:100016dc  PA:100016dc
22346850ns          380997 1c00a456 01c92023 sw               x28, 0(x18)         x28:3f800000 x18:1000173c  PA:1000173c
22346870ns          380998 1c00a45a 000aaf03 lw               x30, 0(x21)         x30=00000000 x21:100016dc  PA:100016dc
22347268ns          381018 1c00a45e 00000793 addi             x15, x0, 0          x15=00000000
22347308ns          381020 1c00a462 a0ff2753 feq.s            x14, f30, f15       x14=00000001 f30:00000000 f15:00000000
22347328ns          381021 1c00a466 28070863 beq              x14, x0, 656        x14:00000001
22347348ns          381022 1c00a46a 00a007b3 add              x15, x0, x10        x15=c35caad6 x10:c35caad6
22347367ns          381023 1c00a46c 01498313 addi             x6, x19, 20          x6=10001740 x19:1000172c
22347387ns          381024 1c00a470 fffc0c13 addi             x24, x24, -1        x24=ffffffff x24:00000000
22347407ns          381025 1c00a472 01812423 sw               x24, 8(x2)          x24:ffffffff  x2:10001638  PA:10001640
22347427ns          381026 1c00a474 00812c03 lw               x24, 8(x2)          x24=ffffffff  x2:10001638  PA:10001640
22347447ns          381027 1c00a476 00f92c2b p.sw             x15, 24(x18!)       x18=10001754 x15:c35caad6 x18:1000173c  PA:1000173c
22347467ns          381028 1c00a47a 004a8a93 addi             x21, x21, 4         x21=100016e0 x21:100016dc
22347487ns          381029 1c00a47c 006b8b93 addi             x23, x23, 6         x23=00000018 x23:00000012
22347507ns          381030 1c00a47e 006009b3 add              x19, x0, x6         x19=10001740  x6:10001740
22347527ns          381031 1c00a480 005d8d93 addi             x27, x27, 5         x27=00000019 x27:00000014
22347546ns          381032 1c00a482 00548493 addi             x9, x9, 5            x9=00000014  x9:0000000f
22347566ns          381033 1c00a484 018a0a13 addi             x20, x20, 24        x20=10001758 x20:10001740
22347586ns          381034 1c00a486 b9fc39e3 p.bneimm         x24, -1134          x24:ffffffff
22347606ns          381035 1c00a48a 08c12403 lw               x8, 140(x2)          x8=00000002  x2:10001638  PA:100016c4
22347626ns          381036 1c00a48c 08812483 lw               x9, 136(x2)          x9=100016f0  x2:10001638  PA:100016c0
22347646ns          381037 1c00a48e 08412903 lw               x18, 132(x2)        x18=1c010000  x2:10001638  PA:100016bc
22347666ns          381038 1c00a490 08012983 lw               x19, 128(x2)        x19=xxxxxxxx  x2:10001638  PA:100016b8
22347686ns          381039 1c00a492 07c12a03 lw               x20, 124(x2)        x20=xxxxxxxx  x2:10001638  PA:100016b4
22347706ns          381040 1c00a494 07812a83 lw               x21, 120(x2)        x21=xxxxxxxx  x2:10001638  PA:100016b0
22347725ns          381041 1c00a496 07412b03 lw               x22, 116(x2)        x22=xxxxxxxx  x2:10001638  PA:100016ac
22347745ns          381042 1c00a498 07012b83 lw               x23, 112(x2)        x23=xxxxxxxx  x2:10001638  PA:100016a8
22347765ns          381043 1c00a49a 06c12c03 lw               x24, 108(x2)        x24=xxxxxxxx  x2:10001638  PA:100016a4
22347785ns          381044 1c00a49c 06812c83 lw               x25, 104(x2)        x25=xxxxxxxx  x2:10001638  PA:100016a0
22347805ns          381045 1c00a49e 06412d03 lw               x26, 100(x2)        x26=xxxxxxxx  x2:10001638  PA:1000169c
22347825ns          381046 1c00a4a0 06012d83 lw               x27, 96(x2)         x27=xxxxxxxx  x2:10001638  PA:10001698
22347845ns          381047 1c00a4a2 09010113 addi             x2, x2, 144          x2=100016c8  x2:10001638
22347865ns          381048 1c00a4a4 00008067 jalr             x0, x1, 0            x1:1c00abea
22348302ns          381070 1c00abea 009006b3 add              x13, x0, x9         x13=100016f0  x9:100016f0
22348342ns          381072 1c00abec 08c10713 addi             x14, x2, 140        x14=10001754  x2:100016c8
22348780ns          381094 1c00abee 019250fb lp.setupi        0x1, 0x19, 0x4     
22348819ns          381096 1c00abf2 0046a60b p.lw             x12, 4(x13!)        x12=43e95cf7 x13=100016f4 x13:100016f0  PA:100016f0
22348859ns          381098 1c00abf6 00c7222b p.sw             x12, 4(x14!)        x14=10001758 x12:43e95cf7 x14:10001754  PA:10001754
22348879ns          381099 1c00abf2 0046a60b p.lw             x12, 4(x13!)        x12=4380d60f x13=100016f8 x13:100016f4  PA:100016f4
22348919ns          381101 1c00abf6 00c7222b p.sw             x12, 4(x14!)        x14=1000175c x12:4380d60f x14:10001758  PA:10001758
22348939ns          381102 1c00abf2 0046a60b p.lw             x12, 4(x13!)        x12=be76876a x13=100016fc x13:100016f8  PA:100016f8
22348979ns          381104 1c00abf6 00c7222b p.sw             x12, 4(x14!)        x14=10001760 x12:be76876a x14:1000175c  PA:1000175c
22348998ns          381105 1c00abf2 0046a60b p.lw             x12, 4(x13!)        x12=3e8c9020 x13=10001700 x13:100016fc  PA:100016fc
22349038ns          381107 1c00abf6 00c7222b p.sw             x12, 4(x14!)        x14=10001764 x12:3e8c9020 x14:10001760  PA:10001760
22349058ns          381108 1c00abf2 0046a60b p.lw             x12, 4(x13!)        x12=be235c2f x13=10001704 x13:10001700  PA:10001700
22349098ns          381110 1c00abf6 00c7222b p.sw             x12, 4(x14!)        x14=10001768 x12:be235c2f x14:10001764  PA:10001764
22349118ns          381111 1c00abf2 0046a60b p.lw             x12, 4(x13!)        x12=4380d610 x13=10001708 x13:10001704  PA:10001704
22349158ns          381113 1c00abf6 00c7222b p.sw             x12, 4(x14!)        x14=1000176c x12:4380d610 x14:10001768  PA:10001768
22349178ns          381114 1c00abf2 0046a60b p.lw             x12, 4(x13!)        x12=442412bd x13=1000170c x13:10001708  PA:10001708
22349217ns          381116 1c00abf6 00c7222b p.sw             x12, 4(x14!)        x14=10001770 x12:442412bd x14:1000176c  PA:1000176c
22349237ns          381117 1c00abf2 0046a60b p.lw             x12, 4(x13!)        x12=44194ed4 x13=10001710 x13:1000170c  PA:1000170c
22349277ns          381119 1c00abf6 00c7222b p.sw             x12, 4(x14!)        x14=10001774 x12:44194ed4 x14:10001770  PA:10001770
22349297ns          381120 1c00abf2 0046a60b p.lw             x12, 4(x13!)        x12=3c902bf9 x13=10001714 x13:10001710  PA:10001710
22349337ns          381122 1c00abf6 00c7222b p.sw             x12, 4(x14!)        x14=10001778 x12:3c902bf9 x14:10001774  PA:10001774
22349357ns          381123 1c00abf2 0046a60b p.lw             x12, 4(x13!)        x12=bf09e926 x13=10001718 x13:10001714  PA:10001714
22349396ns          381125 1c00abf6 00c7222b p.sw             x12, 4(x14!)        x14=1000177c x12:bf09e926 x14:10001778  PA:10001778
22349416ns          381126 1c00abf2 0046a60b p.lw             x12, 4(x13!)        x12=362abe7b x13=1000171c x13:10001718  PA:10001718
22349456ns          381128 1c00abf6 00c7222b p.sw             x12, 4(x14!)        x14=10001780 x12:362abe7b x14:1000177c  PA:1000177c
22349476ns          381129 1c00abf2 0046a60b p.lw             x12, 4(x13!)        x12=44194ed3 x13=10001720 x13:1000171c  PA:1000171c
22349516ns          381131 1c00abf6 00c7222b p.sw             x12, 4(x14!)        x14=10001784 x12:44194ed3 x14:10001780  PA:10001780
22349536ns          381132 1c00abf2 0046a60b p.lw             x12, 4(x13!)        x12=44438f92 x13=10001724 x13:10001720  PA:10001720
22349575ns          381134 1c00abf6 00c7222b p.sw             x12, 4(x14!)        x14=10001788 x12:44438f92 x14:10001784  PA:10001784
22349595ns          381135 1c00abf2 0046a60b p.lw             x12, 4(x13!)        x12=c1bfaafa x13=10001728 x13:10001724  PA:10001724
22349635ns          381137 1c00abf6 00c7222b p.sw             x12, 4(x14!)        x14=1000178c x12:c1bfaafa x14:10001788  PA:10001788
22349655ns          381138 1c00abf2 0046a60b p.lw             x12, 4(x13!)        x12=3e2d5e29 x13=1000172c x13:10001728  PA:10001728
22349695ns          381140 1c00abf6 00c7222b p.sw             x12, 4(x14!)        x14=10001790 x12:3e2d5e29 x14:1000178c  PA:1000178c
22349715ns          381141 1c00abf2 0046a60b p.lw             x12, 4(x13!)        x12=362d00c2 x13=10001730 x13:1000172c  PA:1000172c
22349754ns          381143 1c00abf6 00c7222b p.sw             x12, 4(x14!)        x14=10001794 x12:362d00c2 x14:10001790  PA:10001790
22349774ns          381144 1c00abf2 0046a60b p.lw             x12, 4(x13!)        x12=383b2964 x13=10001734 x13:10001730  PA:10001730
22349814ns          381146 1c00abf6 00c7222b p.sw             x12, 4(x14!)        x14=10001798 x12:383b2964 x14:10001794  PA:10001794
22349834ns          381147 1c00abf2 0046a60b p.lw             x12, 4(x13!)        x12=c1bfab17 x13=10001738 x13:10001734  PA:10001734
22349874ns          381149 1c00abf6 00c7222b p.sw             x12, 4(x14!)        x14=1000179c x12:c1bfab17 x14:10001798  PA:10001798
22349894ns          381150 1c00abf2 0046a60b p.lw             x12, 4(x13!)        x12=43dd9af2 x13=1000173c x13:10001738  PA:10001738
22349933ns          381152 1c00abf6 00c7222b p.sw             x12, 4(x14!)        x14=100017a0 x12:43dd9af2 x14:1000179c  PA:1000179c
22349953ns          381153 1c00abf2 0046a60b p.lw             x12, 4(x13!)        x12=c35caad6 x13=10001740 x13:1000173c  PA:1000173c
22349993ns          381155 1c00abf6 00c7222b p.sw             x12, 4(x14!)        x14=100017a4 x12:c35caad6 x14:100017a0  PA:100017a0
22350013ns          381156 1c00abf2 0046a60b p.lw             x12, 4(x13!)        x12=3725148c x13=10001744 x13:10001740  PA:10001740
22350053ns          381158 1c00abf6 00c7222b p.sw             x12, 4(x14!)        x14=100017a8 x12:3725148c x14:100017a4  PA:100017a4
22350073ns          381159 1c00abf2 0046a60b p.lw             x12, 4(x13!)        x12=b8122dae x13=10001748 x13:10001744  PA:10001744
22350112ns          381161 1c00abf6 00c7222b p.sw             x12, 4(x14!)        x14=100017ac x12:b8122dae x14:100017a8  PA:100017a8
22350132ns          381162 1c00abf2 0046a60b p.lw             x12, 4(x13!)        x12=38ae3332 x13=1000174c x13:10001748  PA:10001748
22350172ns          381164 1c00abf6 00c7222b p.sw             x12, 4(x14!)        x14=100017b0 x12:38ae3332 x14:100017ac  PA:100017ac
22350192ns          381165 1c00abf2 0046a60b p.lw             x12, 4(x13!)        x12=c35caad7 x13=10001750 x13:1000174c  PA:1000174c
22350232ns          381167 1c00abf6 00c7222b p.sw             x12, 4(x14!)        x14=100017b4 x12:c35caad7 x14:100017b0  PA:100017b0
22350252ns          381168 1c00abf2 0046a60b p.lw             x12, 4(x13!)        x12=42f6a4d3 x13=10001754 x13:10001750  PA:10001750
22350291ns          381170 1c00abf6 00c7222b p.sw             x12, 4(x14!)        x14=100017b8 x12:42f6a4d3 x14:100017b4  PA:100017b4
22350311ns          381171 1c00abfa 00810793 addi             x15, x2, 8          x15=100016d0  x2:100016c8
22350331ns          381172 1c00abfc 00100813 addi             x16, x0, 1          x16=00000001
22350351ns          381173 1c00abfe 00100713 addi             x14, x0, 1          x14=00000001
22350729ns          381192 1c00ac00 08c10693 addi             x13, x2, 140        x13=10001754  x2:100016c8
22350749ns          381193 1c00ac02 00500613 addi             x12, x0, 5          x12=00000005
22350769ns          381194 1c00ac04 00100593 addi             x11, x0, 1          x11=00000001
22350789ns          381195 1c00ac06 00500513 addi             x10, x0, 5          x10=00000005
22350809ns          381196 1c00ac08 d36fd0ef jal              x1, -10954           x1=1c00ac0c
22351724ns          381242 1c00813e f9010113 addi             x2, x2, -112         x2=10001658  x2:100016c8
22352181ns          381265 1c008140 05b12023 sw               x27, 64(x2)         x27:xxxxxxxx  x2:10001658  PA:10001698
22352201ns          381266 1c008142 06812623 sw               x8, 108(x2)          x8:00000002  x2:10001658  PA:100016c4
22352221ns          381267 1c008144 06912423 sw               x9, 104(x2)          x9:100016f0  x2:10001658  PA:100016c0
22352241ns          381268 1c008146 07212223 sw               x18, 100(x2)        x18:1c010000  x2:10001658  PA:100016bc
22352261ns          381269 1c008148 07312023 sw               x19, 96(x2)         x19:xxxxxxxx  x2:10001658  PA:100016b8
22352280ns          381270 1c00814a 05412e23 sw               x20, 92(x2)         x20:xxxxxxxx  x2:10001658  PA:100016b4
22352300ns          381271 1c00814c 05512c23 sw               x21, 88(x2)         x21:xxxxxxxx  x2:10001658  PA:100016b0
22352320ns          381272 1c00814e 05612a23 sw               x22, 84(x2)         x22:xxxxxxxx  x2:10001658  PA:100016ac
22352698ns          381291 1c008150 05712823 sw               x23, 80(x2)         x23:xxxxxxxx  x2:10001658  PA:100016a8
22352718ns          381292 1c008152 05812623 sw               x24, 76(x2)         x24:xxxxxxxx  x2:10001658  PA:100016a4
22352738ns          381293 1c008154 05912423 sw               x25, 72(x2)         x25:xxxxxxxx  x2:10001658  PA:100016a0
22352758ns          381294 1c008156 05a12223 sw               x26, 68(x2)         x26:xxxxxxxx  x2:10001658  PA:1000169c
22352778ns          381295 1c008158 40b60db3 sub              x27, x12, x11       x27=00000004 x12:00000005 x11:00000001
22352798ns          381296 1c00815c 10c5d663 bge              x11, x12, 268       x11:00000001 x12:00000005
22353215ns          381317 1c008160 00100e13 addi             x28, x0, 1          x28=00000001
22353255ns          381319 1c008162 00160e93 addi             x29, x12, 1         x29=00000006 x12:00000005
22353275ns          381320 1c008166 00c00f33 add              x30, x0, x12        x30=00000005 x12:00000005
22353295ns          381321 1c008168 46ce4063 blt              x28, x12, 1120      x28:00000001 x12:00000005
22354190ns          381366 1c0085c8 fff60313 addi             x6, x12, -1          x6=00000004 x12:00000005
22354230ns          381368 1c0085cc 400009b7 lui              x19, 0x40000000     x19=40000000
22354667ns          381390 1c0085d0 00231493 slli             x9, x6, 0x2          x9=00000010  x6:00000004
22354707ns          381392 1c0085d4 00161893 slli             x17, x12, 0x1       x17=0000000a x12:00000005
22354727ns          381393 1c0085d8 ff598f93 addi             x31, x19, -11       x31=3ffffff5 x19:40000000
22354747ns          381394 1c0085dc 006484b3 add              x9, x9, x6           x9=00000014  x9:00000010  x6:00000004
22354767ns          381395 1c0085de 00c888b3 add              x17, x17, x12       x17=0000000f x17:0000000a x12:00000005
22355185ns          381416 1c0085e0 00e484b3 add              x9, x9, x14          x9=00000015  x9:00000014 x14:00000001
22355204ns          381417 1c0085e2 00189893 slli             x17, x17, 0x1       x17=0000001e x17:0000000f
22355224ns          381418 1c0085e4 00ef8fb3 add              x31, x31, x14       x31=3ffffff6 x31:3ffffff5 x14:00000001
22355244ns          381419 1c0085e6 011f8fb3 add              x31, x31, x17       x31=40000014 x31:3ffffff6 x17:0000001e
22355264ns          381420 1c0085e8 fff48393 addi             x7, x9, -1           x7=00000014  x9:00000015
22355284ns          381421 1c0085ec 05c5e8b3 p.max            x17, x11, x28       x17=00000001 x11:00000001 x28:00000001
22355722ns          381443 1c0085f0 002f9f93 slli             x31, x31, 0x2       x31=00000050 x31:40000014
22355741ns          381444 1c0085f2 00239393 slli             x7, x7, 0x2          x7=00000050  x7:00000014
22355761ns          381445 1c0085f4 01d00433 add              x8, x0, x29          x8=00000006 x29:00000006
22355781ns          381446 1c0085f6 ffe48493 addi             x9, x9, -2           x9=00000013  x9:00000015
22355801ns          381447 1c0085f8 00df8fb3 add              x31, x31, x13       x31=100017a4 x31:00000050 x13:10001754
22355821ns          381448 1c0085fa 00d383b3 add              x7, x7, x13          x7=100017a4  x7:00000050 x13:10001754
22355841ns          381449 1c0085fc 00261a13 slli             x20, x12, 0x2       x20=00000014 x12:00000005
22356239ns          381469 1c008600 00c00e33 add              x28, x0, x12        x28=00000005 x12:00000005
22356279ns          381471 1c008602 ffd60293 addi             x5, x12, -3          x5=00000002 x12:00000005
22356298ns          381472 1c008606 ffb98993 addi             x19, x19, -5        x19=3ffffffb x19:40000000
22356318ns          381473 1c008608 41160933 sub              x18, x12, x17       x18=00000004 x12:00000005 x17:00000001
22356338ns          381474 1c00860c 15134f63 blt              x6, x17, 350         x6:00000004 x17:00000001
22356756ns          381495 1c008610 80000337 lui              x6, 0x80000000       x6=80000000
22356796ns          381497 1c008614 fff34313 xori             x6, x6, -1           x6=7fffffff  x6:80000000
22356816ns          381498 1c008618 14688963 beq              x17, x6, 338        x17:00000001  x6:7fffffff
22356835ns          381499 1c00861c 0619407b lp.setup         0x0, x18, 0x61      x18:00000004
22357273ns          381521 1c008620 fffe0f13 addi             x30, x28, -1        x30=00000004 x28:00000005
22357313ns          381523 1c008624 00200a93 addi             x21, x0, 2          x21=00000002
22357333ns          381524 1c008626 00700333 add              x6, x0, x7           x6=100017a4  x7:100017a4
22357353ns          381525 1c008628 01e008b3 add              x17, x0, x30        x17=00000004 x30:00000004
22357372ns          381526 1c00862a 155e4463 blt              x28, x21, 328       x28:00000005 x21:00000002
22357790ns          381547 1c00862e 0048c0fb lp.setup         0x1, x17, 0x4       x17:00000004
22357830ns          381549 1c008632 00000e13 addi             x28, x0, 0          x28=00000000
22357850ns          381550 1c008636 01c3222b p.sw             x28, 4(x6!)          x6=100017a8 x28:00000000  x6:100017a4  PA:100017a4
22357890ns          381552 1c008632 00000e13 addi             x28, x0, 0          x28=00000000
22357910ns          381553 1c008636 01c3222b p.sw             x28, 4(x6!)          x6=100017ac x28:00000000  x6:100017a8  PA:100017a8
22357949ns          381555 1c008632 00000e13 addi             x28, x0, 0          x28=00000000
22357969ns          381556 1c008636 01c3222b p.sw             x28, 4(x6!)          x6=100017b0 x28:00000000  x6:100017ac  PA:100017ac
22358009ns          381558 1c008632 00000e13 addi             x28, x0, 0          x28=00000000
22358029ns          381559 1c008636 01c3222b p.sw             x28, 4(x6!)          x6=100017b4 x28:00000000  x6:100017b0  PA:100017b0
22358049ns          381560 1c00863a 00800333 add              x6, x0, x8           x6=00000006  x8:00000006
22358069ns          381561 1c00863c 06864a63 blt              x12, x8, 116        x12:00000005  x8:00000006
22358964ns          381606 1c0086b0 03d54363 blt              x10, x29, 38        x10:00000005 x29:00000006
22359441ns          381630 1c0086d6 fff40413 addi             x8, x8, -1           x8=00000005  x8:00000006
22359481ns          381632 1c0086d8 ffb48493 addi             x9, x9, -5           x9=0000000e  x9:00000013
22359501ns          381633 1c0086da fe8f8f93 addi             x31, x31, -24       x31=1000178c x31:100017a4
22359521ns          381634 1c0086dc fec38393 addi             x7, x7, -20          x7=10001790  x7:100017a4
22359541ns          381635 1c0086de 01e00e33 add              x28, x0, x30        x28=00000004 x30:00000004
22359978ns          381657 1c008620 fffe0f13 addi             x30, x28, -1        x30=00000003 x28:00000004
22359998ns          381658 1c008624 00200a93 addi             x21, x0, 2          x21=00000002
22360018ns          381659 1c008626 00700333 add              x6, x0, x7           x6=10001790  x7:10001790
22360038ns          381660 1c008628 01e008b3 add              x17, x0, x30        x17=00000003 x30:00000003
22360058ns          381661 1c00862a 155e4463 blt              x28, x21, 328       x28:00000004 x21:00000002
22360078ns          381662 1c00862e 0048c0fb lp.setup         0x1, x17, 0x4       x17:00000003
22360098ns          381663 1c008632 00000e13 addi             x28, x0, 0          x28=00000000
22360117ns          381664 1c008636 01c3222b p.sw             x28, 4(x6!)          x6=10001794 x28:00000000  x6:10001790  PA:10001790
22360157ns          381666 1c008632 00000e13 addi             x28, x0, 0          x28=00000000
22360177ns          381667 1c008636 01c3222b p.sw             x28, 4(x6!)          x6=10001798 x28:00000000  x6:10001794  PA:10001794
22360217ns          381669 1c008632 00000e13 addi             x28, x0, 0          x28=00000000
22360237ns          381670 1c008636 01c3222b p.sw             x28, 4(x6!)          x6=1000179c x28:00000000  x6:10001798  PA:10001798
22360257ns          381671 1c00863a 00800333 add              x6, x0, x8           x6=00000005  x8:00000005
22360277ns          381672 1c00863c 06864a63 blt              x12, x8, 116        x12:00000005  x8:00000005
22360296ns          381673 1c008640 003f0893 addi             x17, x30, 3         x17=00000006 x30:00000003
22360316ns          381674 1c008644 0458d063 bge              x17, x5, 64         x17:00000006  x5:00000002
22361231ns          381720 1c008684 00648e33 add              x28, x9, x6         x28=00000013  x9:0000000e  x6:00000005
22361271ns          381722 1c008688 013e0ab3 add              x21, x28, x19       x21=4000000e x28:00000013 x19:3ffffffb
22361291ns          381723 1c00868c 406608b3 sub              x17, x12, x6        x17=00000000 x12:00000005  x6:00000005
22361729ns          381745 1c008690 002a9a93 slli             x21, x21, 0x2       x21=00000038 x21:4000000e
22361748ns          381746 1c008692 002e1e13 slli             x28, x28, 0x2       x28=0000004c x28:00000013
22361768ns          381747 1c008694 00130313 addi             x6, x6, 1            x6=00000006  x6:00000005
22361788ns          381748 1c008696 00160b13 addi             x22, x12, 1         x22=00000006 x12:00000005
22361808ns          381749 1c00869a 00da8ab3 add              x21, x21, x13       x21=1000178c x21:00000038 x13:10001754
22361828ns          381750 1c00869c 00de0e33 add              x28, x28, x13       x28=100017a0 x28:0000004c x13:10001754
22361848ns          381751 1c00869e 00188893 addi             x17, x17, 1         x17=00000001 x17:00000000
22362246ns          381771 1c0086a0 0c6b4763 blt              x22, x6, 206        x22:00000006  x6:00000006
22362286ns          381773 1c0086a4 0048c0fb lp.setup         0x1, x17, 0x4       x17:00000001
22362305ns          381774 1c0086a8 004aa30b p.lw             x6, 4(x21!)          x6=3e2d5e29 x21=10001790 x21:1000178c  PA:1000178c
22362345ns          381776 1c0086ac 006e222b p.sw             x6, 4(x28!)         x28=100017a4  x6:3e2d5e29 x28:100017a0  PA:100017a0
22362365ns          381777 1c0086b0 03d54363 blt              x10, x29, 38        x10:00000005 x29:00000006
22362425ns          381780 1c0086d6 fff40413 addi             x8, x8, -1           x8=00000004  x8:00000005
22362445ns          381781 1c0086d8 ffb48493 addi             x9, x9, -5           x9=00000009  x9:0000000e
22362465ns          381782 1c0086da fe8f8f93 addi             x31, x31, -24       x31=10001774 x31:1000178c
22362484ns          381783 1c0086dc fec38393 addi             x7, x7, -20          x7=1000177c  x7:10001790
22362504ns          381784 1c0086de 01e00e33 add              x28, x0, x30        x28=00000003 x30:00000003
22362524ns          381785 1c008620 fffe0f13 addi             x30, x28, -1        x30=00000002 x28:00000003
22362544ns          381786 1c008624 00200a93 addi             x21, x0, 2          x21=00000002
22362564ns          381787 1c008626 00700333 add              x6, x0, x7           x6=1000177c  x7:1000177c
22362584ns          381788 1c008628 01e008b3 add              x17, x0, x30        x17=00000002 x30:00000002
22362604ns          381789 1c00862a 155e4463 blt              x28, x21, 328       x28:00000003 x21:00000002
22362624ns          381790 1c00862e 0048c0fb lp.setup         0x1, x17, 0x4       x17:00000002
22362644ns          381791 1c008632 00000e13 addi             x28, x0, 0          x28=00000000
22362663ns          381792 1c008636 01c3222b p.sw             x28, 4(x6!)          x6=10001780 x28:00000000  x6:1000177c  PA:1000177c
22362703ns          381794 1c008632 00000e13 addi             x28, x0, 0          x28=00000000
22362723ns          381795 1c008636 01c3222b p.sw             x28, 4(x6!)          x6=10001784 x28:00000000  x6:10001780  PA:10001780
22362743ns          381796 1c00863a 00800333 add              x6, x0, x8           x6=00000004  x8:00000004
22362763ns          381797 1c00863c 06864a63 blt              x12, x8, 116        x12:00000005  x8:00000004
22362783ns          381798 1c008640 003f0893 addi             x17, x30, 3         x17=00000005 x30:00000002
22362803ns          381799 1c008644 0458d063 bge              x17, x5, 64         x17:00000005  x5:00000002
22362862ns          381802 1c008684 00648e33 add              x28, x9, x6         x28=0000000d  x9:00000009  x6:00000004
22362882ns          381803 1c008688 013e0ab3 add              x21, x28, x19       x21=40000008 x28:0000000d x19:3ffffffb
22362902ns          381804 1c00868c 406608b3 sub              x17, x12, x6        x17=00000001 x12:00000005  x6:00000004
22362922ns          381805 1c008690 002a9a93 slli             x21, x21, 0x2       x21=00000020 x21:40000008
22362942ns          381806 1c008692 002e1e13 slli             x28, x28, 0x2       x28=00000034 x28:0000000d
22362962ns          381807 1c008694 00130313 addi             x6, x6, 1            x6=00000005  x6:00000004
22362982ns          381808 1c008696 00160b13 addi             x22, x12, 1         x22=00000006 x12:00000005
22363002ns          381809 1c00869a 00da8ab3 add              x21, x21, x13       x21=10001774 x21:00000020 x13:10001754
22363021ns          381810 1c00869c 00de0e33 add              x28, x28, x13       x28=10001788 x28:00000034 x13:10001754
22363041ns          381811 1c00869e 00188893 addi             x17, x17, 1         x17=00000002 x17:00000001
22363061ns          381812 1c0086a0 0c6b4763 blt              x22, x6, 206        x22:00000006  x6:00000005
22363081ns          381813 1c0086a4 0048c0fb lp.setup         0x1, x17, 0x4       x17:00000002
22363101ns          381814 1c0086a8 004aa30b p.lw             x6, 4(x21!)          x6=3c902bf9 x21=10001778 x21:10001774  PA:10001774
22363141ns          381816 1c0086ac 006e222b p.sw             x6, 4(x28!)         x28=1000178c  x6:3c902bf9 x28:10001788  PA:10001788
22363161ns          381817 1c0086a8 004aa30b p.lw             x6, 4(x21!)          x6=bf09e926 x21=1000177c x21:10001778  PA:10001778
22363200ns          381819 1c0086ac 006e222b p.sw             x6, 4(x28!)         x28=10001790  x6:bf09e926 x28:1000178c  PA:1000178c
22363220ns          381820 1c0086b0 03d54363 blt              x10, x29, 38        x10:00000005 x29:00000006
22363738ns          381846 1c0086d6 fff40413 addi             x8, x8, -1           x8=00000003  x8:00000004
22363757ns          381847 1c0086d8 ffb48493 addi             x9, x9, -5           x9=00000004  x9:00000009
22363777ns          381848 1c0086da fe8f8f93 addi             x31, x31, -24       x31=1000175c x31:10001774
22363797ns          381849 1c0086dc fec38393 addi             x7, x7, -20          x7=10001768  x7:1000177c
22363817ns          381850 1c0086de 01e00e33 add              x28, x0, x30        x28=00000002 x30:00000002
22363837ns          381851 1c008620 fffe0f13 addi             x30, x28, -1        x30=00000001 x28:00000002
22363857ns          381852 1c008624 00200a93 addi             x21, x0, 2          x21=00000002
22363877ns          381853 1c008626 00700333 add              x6, x0, x7           x6=10001768  x7:10001768
22363897ns          381854 1c008628 01e008b3 add              x17, x0, x30        x17=00000001 x30:00000001
22363917ns          381855 1c00862a 155e4463 blt              x28, x21, 328       x28:00000002 x21:00000002
22363936ns          381856 1c00862e 0048c0fb lp.setup         0x1, x17, 0x4       x17:00000001
22363956ns          381857 1c008632 00000e13 addi             x28, x0, 0          x28=00000000
22363976ns          381858 1c008636 01c3222b p.sw             x28, 4(x6!)          x6=1000176c x28:00000000  x6:10001768  PA:10001768
22363996ns          381859 1c00863a 00800333 add              x6, x0, x8           x6=00000003  x8:00000003
22364016ns          381860 1c00863c 06864a63 blt              x12, x8, 116        x12:00000005  x8:00000003
22364036ns          381861 1c008640 003f0893 addi             x17, x30, 3         x17=00000004 x30:00000001
22364056ns          381862 1c008644 0458d063 bge              x17, x5, 64         x17:00000004  x5:00000002
22364115ns          381865 1c008684 00648e33 add              x28, x9, x6         x28=00000007  x9:00000004  x6:00000003
22364135ns          381866 1c008688 013e0ab3 add              x21, x28, x19       x21=40000002 x28:00000007 x19:3ffffffb
22364155ns          381867 1c00868c 406608b3 sub              x17, x12, x6        x17=00000002 x12:00000005  x6:00000003
22364175ns          381868 1c008690 002a9a93 slli             x21, x21, 0x2       x21=00000008 x21:40000002
22364195ns          381869 1c008692 002e1e13 slli             x28, x28, 0x2       x28=0000001c x28:00000007
22364215ns          381870 1c008694 00130313 addi             x6, x6, 1            x6=00000004  x6:00000003
22364235ns          381871 1c008696 00160b13 addi             x22, x12, 1         x22=00000006 x12:00000005
22364255ns          381872 1c00869a 00da8ab3 add              x21, x21, x13       x21=1000175c x21:00000008 x13:10001754
22364275ns          381873 1c00869c 00de0e33 add              x28, x28, x13       x28=10001770 x28:0000001c x13:10001754
22364294ns          381874 1c00869e 00188893 addi             x17, x17, 1         x17=00000003 x17:00000002
22364314ns          381875 1c0086a0 0c6b4763 blt              x22, x6, 206        x22:00000006  x6:00000004
22364334ns          381876 1c0086a4 0048c0fb lp.setup         0x1, x17, 0x4       x17:00000003
22364354ns          381877 1c0086a8 004aa30b p.lw             x6, 4(x21!)          x6=be76876a x21=10001760 x21:1000175c  PA:1000175c
22364394ns          381879 1c0086ac 006e222b p.sw             x6, 4(x28!)         x28=10001774  x6:be76876a x28:10001770  PA:10001770
22364414ns          381880 1c0086a8 004aa30b p.lw             x6, 4(x21!)          x6=3e8c9020 x21=10001764 x21:10001760  PA:10001760
22364454ns          381882 1c0086ac 006e222b p.sw             x6, 4(x28!)         x28=10001778  x6:3e8c9020 x28:10001774  PA:10001774
22364473ns          381883 1c0086a8 004aa30b p.lw             x6, 4(x21!)          x6=be235c2f x21=10001768 x21:10001764  PA:10001764
22364513ns          381885 1c0086ac 006e222b p.sw             x6, 4(x28!)         x28=1000177c  x6:be235c2f x28:10001778  PA:10001778
22364533ns          381886 1c0086b0 03d54363 blt              x10, x29, 38        x10:00000005 x29:00000006
22364593ns          381889 1c0086d6 fff40413 addi             x8, x8, -1           x8=00000002  x8:00000003
22364613ns          381890 1c0086d8 ffb48493 addi             x9, x9, -5           x9=ffffffff  x9:00000004
22364633ns          381891 1c0086da fe8f8f93 addi             x31, x31, -24       x31=10001744 x31:1000175c
22364653ns          381892 1c0086dc fec38393 addi             x7, x7, -20          x7=10001754  x7:10001768
22364672ns          381893 1c0086de 01e00e33 add              x28, x0, x30        x28=00000001 x30:00000001
22364692ns          381894 1c0086e0 a9e5c6e3 blt              x11, x30, -1396     x11:00000001 x30:00000001
22364712ns          381895 1c0086e4 b85ff06f jal              x0, -1148          
22365627ns          381941 1c008268 06b05763 bge              x0, x11, 110        x11:00000001
22365667ns          381943 1c00826c 00159893 slli             x17, x11, 0x1       x17=00000002 x11:00000001
22366105ns          381965 1c008270 00b888b3 add              x17, x17, x11       x17=00000003 x17:00000002 x11:00000001
22366124ns          381966 1c008272 00189893 slli             x17, x17, 0x1       x17=00000006 x17:00000003
22366144ns          381967 1c008274 fff70e93 addi             x29, x14, -1        x29=00000000 x14:00000001
22366164ns          381968 1c008278 00e888b3 add              x17, x17, x14       x17=00000007 x17:00000006 x14:00000001
22366184ns          381969 1c00827a 00289893 slli             x17, x17, 0x2       x17=0000001c x17:00000007
22366204ns          381970 1c00827c 002e9e93 slli             x29, x29, 0x2       x29=00000000 x29:00000000
22366622ns          381991 1c00827e ffc68e13 addi             x28, x13, -4        x28=10001750 x13:10001754
22366642ns          381992 1c008282 00de8eb3 add              x29, x29, x13       x29=10001754 x29:00000000 x13:10001754
22366661ns          381993 1c008284 011e0e33 add              x28, x28, x17       x28=1000176c x28:10001750 x17:0000001c
22366681ns          381994 1c008286 41de0e33 sub              x28, x28, x29       x28=00000018 x28:1000176c x29:10001754
22366701ns          381995 1c00828a fe8e0e13 addi             x28, x28, -24       x28=00000000 x28:00000018
22366721ns          381996 1c00828c 0aaab337 lui              x6, 0xaaab000        x6=0aaab000
22367139ns          382017 1c008290 003e5e13 srli             x28, x28, 0x3       x28=00000000 x28:00000000
22367179ns          382019 1c008294 aab30313 addi             x6, x6, -1365        x6=0aaaaaab  x6:0aaab000
22367199ns          382020 1c008298 1c0008b7 lui              x17, 0x1c000000     x17=1c000000
22367218ns          382021 1c00829c 026e0e33 mul              x28, x28, x6        x28=00000000 x28:00000000  x6:0aaaaaab
22367676ns          382044 1c0082a0 c5de3e33 p.bclr           x28, x28, 2, 29     x28=00000000 x28:00000000
22367716ns          382046 1c0082a4 04c8af83 lw               x31, 76(x17)        x31=3f800000 x17:1c000000  PA:1c00004c
22368014ns          382061 1c0082a8 01d00f33 add              x30, x0, x29        x30=10001754 x29:10001754
22368034ns          382062 1c0082aa 00251293 slli             x5, x10, 0x2         x5=00000014 x10:00000005
22368054ns          382063 1c0082ae 001e0e13 addi             x28, x28, 1         x28=00000001 x28:00000000
22368213ns          382071 1c0082b0 012e407b lp.setup         0x0, x28, 0x12      x28:00000001
22368253ns          382073 1c0082b4 00a05e63 bge              x0, x10, 28         x10:00000005
22368273ns          382074 1c0082b8 ffc28893 addi             x17, x5, -4         x17=00000010  x5:00000014
22368293ns          382075 1c0082bc 0028d893 srli             x17, x17, 0x2       x17=00000004 x17:00000010
22368730ns          382097 1c0082c0 01e00333 add              x6, x0, x30          x6=10001754 x30:10001754
22368750ns          382098 1c0082c2 00188893 addi             x17, x17, 1         x17=00000005 x17:00000004
22368770ns          382099 1c0082c4 0048c0fb lp.setup         0x1, x17, 0x4       x17:00000005
22368790ns          382100 1c0082c8 00000393 addi             x7, x0, 0            x7=00000000
22368810ns          382101 1c0082cc 0073222b p.sw             x7, 4(x6!)           x6=10001758  x7:00000000  x6:10001754  PA:10001754
22368830ns          382102 1c0082c8 00000393 addi             x7, x0, 0            x7=00000000
22368849ns          382103 1c0082cc 0073222b p.sw             x7, 4(x6!)           x6=1000175c  x7:00000000  x6:10001758  PA:10001758
22368869ns          382104 1c0082c8 00000393 addi             x7, x0, 0            x7=00000000
22368889ns          382105 1c0082cc 0073222b p.sw             x7, 4(x6!)           x6=10001760  x7:00000000  x6:1000175c  PA:1000175c
22368909ns          382106 1c0082c8 00000393 addi             x7, x0, 0            x7=00000000
22368929ns          382107 1c0082cc 0073222b p.sw             x7, 4(x6!)           x6=10001764  x7:00000000  x6:10001760  PA:10001760
22368949ns          382108 1c0082c8 00000393 addi             x7, x0, 0            x7=00000000
22368969ns          382109 1c0082cc 0073222b p.sw             x7, 4(x6!)           x6=10001768  x7:00000000  x6:10001764  PA:10001764
22369406ns          382131 1c0082d0 01feac2b p.sw             x31, 24(x29!)       x29=1000176c x31:3f800000 x29:10001754  PA:10001754
22369446ns          382133 1c0082d4 014f0f13 addi             x30, x30, 20        x30=10001768 x30:10001754
22369466ns          382134 1c0082d6 08a65063 bge              x12, x10, 128       x12:00000005 x10:00000005
22370441ns          382183 1c008356 13b05a63 bge              x0, x27, 308        x27:00000004
22370461ns          382184 1c00835a 00259513 slli             x10, x11, 0x2       x10=00000004 x11:00000001
22370898ns          382206 1c00835e 00bd8f33 add              x30, x27, x11       x30=00000005 x27:00000004 x11:00000001
22370938ns          382208 1c008362 fffd8e93 addi             x29, x27, -1        x29=00000003 x27:00000004
22370958ns          382209 1c008366 00e58333 add              x6, x11, x14         x6=00000002 x11:00000001 x14:00000001
22370978ns          382210 1c00836a 00b50533 add              x10, x10, x11       x10=00000005 x10:00000004 x11:00000001
22370998ns          382211 1c00836c 001f1613 slli             x12, x30, 0x1       x12=0000000a x30:00000005
22371415ns          382232 1c008370 00a30333 add              x6, x6, x10          x6=00000007  x6:00000002 x10:00000005
22371455ns          382234 1c008372 002e9e13 slli             x28, x29, 0x2       x28=0000000c x29:00000003
22371475ns          382235 1c008376 01de0e33 add              x28, x28, x29       x28=0000000f x28:0000000c x29:00000003
22371495ns          382236 1c008378 00159893 slli             x17, x11, 0x1       x17=00000002 x11:00000001
22371515ns          382237 1c00837c 01e60633 add              x12, x12, x30       x12=0000000f x12:0000000a x30:00000005
22371535ns          382238 1c00837e 01b30333 add              x6, x6, x27          x6=0000000b  x6:00000007 x27:00000004
22371933ns          382258 1c008380 01c309b3 add              x19, x6, x28        x19=0000001a  x6:0000000b x28:0000000f
22371972ns          382260 1c008384 01058533 add              x10, x11, x16       x10=00000002 x11:00000001 x16:00000001
22371992ns          382261 1c008388 00161613 slli             x12, x12, 0x1       x12=0000001e x12:0000000f
22372012ns          382262 1c00838a 011585b3 add              x11, x11, x17       x11=00000003 x11:00000001 x17:00000002
22372032ns          382263 1c00838c 002d9813 slli             x16, x27, 0x2       x16=00000010 x27:00000004
22372450ns          382284 1c008390 00299e93 slli             x29, x19, 0x2       x29=00000068 x19:0000001a
22372489ns          382286 1c008394 005e0e13 addi             x28, x28, 5         x28=00000014 x28:0000000f
22372509ns          382287 1c008396 00e60633 add              x12, x12, x14       x12=0000001f x12:0000001e x14:00000001
22372529ns          382288 1c008398 01b50533 add              x10, x10, x27       x10=00000006 x10:00000002 x27:00000004
22372549ns          382289 1c00839a 00159593 slli             x11, x11, 0x1       x11=00000006 x11:00000003
22372569ns          382290 1c00839c ff868393 addi             x7, x13, -8          x7=1000174c x13:10001754
22372987ns          382311 1c0083a0 01b80f33 add              x30, x16, x27       x30=00000014 x16:00000010 x27:00000004
22373027ns          382313 1c0083a4 01c30333 add              x6, x6, x28          x6=0000001f  x6:0000000b x28:00000014
22373046ns          382314 1c0083a6 00e585b3 add              x11, x11, x14       x11=00000007 x11:00000006 x14:00000001
22373066ns          382315 1c0083a8 01d00e33 add              x28, x0, x29        x28=00000068 x29:00000068
22373086ns          382316 1c0083aa 00261713 slli             x14, x12, 0x2       x14=0000007c x12:0000001f
22373106ns          382317 1c0083ae ffd50513 addi             x10, x10, -3        x10=00000003 x10:00000006
22373504ns          382337 1c0083b0 1c0008b7 lui              x17, 0x1c000000     x17=1c000000
22373544ns          382339 1c0083b4 41038433 sub              x8, x7, x16          x8=1000173c  x7:1000174c x16:00000010
22373564ns          382340 1c0083b8 01e585b3 add              x11, x11, x30       x11=0000001b x11:00000007 x30:00000014
22373583ns          382341 1c0083ba ffce0813 addi             x16, x28, -4        x16=00000064 x28:00000068
22373603ns          382342 1c0083be 00d70733 add              x14, x14, x13       x14=100017d0 x14:0000007c x13:10001754
22374021ns          382363 1c0083c0 00231f93 slli             x31, x6, 0x2        x31=0000007c  x6:0000001f
22374061ns          382365 1c0083c4 ff8e8e93 addi             x29, x29, -8        x29=00000060 x29:00000068
22374081ns          382366 1c0083c6 00251513 slli             x10, x10, 0x2       x10=0000000c x10:00000003
22374101ns          382367 1c0083c8 04c8ad03 lw               x26, 76(x17)        x26=3f800000 x17:1c000000  PA:1c00004c
22374558ns          382390 1c0083cc 00de8eb3 add              x29, x29, x13       x29=100017b4 x29:00000060 x13:10001754
22374578ns          382391 1c0083ce 00f50533 add              x10, x10, x15       x10=100016dc x10:0000000c x15:100016d0
22374598ns          382392 1c0083d0 01f68b33 add              x22, x13, x31       x22=100017d0 x13:10001754 x31:0000007c
22374618ns          382393 1c0083d4 fe868793 addi             x15, x13, -24       x15=1000173c x13:10001754
22374638ns          382394 1c0083d8 00d80833 add              x16, x16, x13       x16=100017b8 x16:00000064 x13:10001754
22374658ns          382395 1c0083da 00000893 addi             x17, x0, 0          x17=00000000
22374677ns          382396 1c0083dc ffa58593 addi             x11, x11, -6        x11=00000015 x11:0000001b
22374697ns          382397 1c0083de fe470713 addi             x14, x14, -28       x14=100017b4 x14:100017d0
22375055ns          382415 1c0083e0 fe068693 addi             x13, x13, -32       x13=10001734 x13:10001754
22375075ns          382416 1c0083e2 01c40433 add              x8, x8, x28          x8=100017a4  x8:1000173c x28:00000068
22375095ns          382417 1c0083e4 00712a23 sw               x7, 20(x2)           x7:1000174c  x2:10001658  PA:1000166c
22375115ns          382418 1c0083e6 02012623 sw               x0, 44(x2)           x2:10001658  PA:10001684
22375135ns          382419 1c0083e8 02012823 sw               x0, 48(x2)           x2:10001658  PA:10001688
22375155ns          382420 1c0083ea 02012a23 sw               x0, 52(x2)           x2:10001658  PA:1000168c
22375175ns          382421 1c0083ec 02012c23 sw               x0, 56(x2)           x2:10001658  PA:10001690
22375195ns          382422 1c0083ee 02012e23 sw               x0, 60(x2)           x2:10001658  PA:10001694
22375573ns          382441 1c0083f0 01b00f33 add              x30, x0, x27        x30=00000004 x27:00000004
22375592ns          382442 1c0083f2 fff98993 addi             x19, x19, -1        x19=00000019 x19:0000001a
22375612ns          382443 1c0083f4 00000613 addi             x12, x0, 0          x12=00000000
22375632ns          382444 1c0083f8 00f12423 sw               x15, 8(x2)          x15:1000173c  x2:10001658  PA:10001660
22375652ns          382445 1c0083fa 00b12623 sw               x11, 12(x2)         x11:00000015  x2:10001658  PA:10001664
22375672ns          382446 1c0083fc 00e12823 sw               x14, 16(x2)         x14:100017b4  x2:10001658  PA:10001668
22375692ns          382447 1c0083fe 00d12223 sw               x13, 4(x2)          x13:10001734  x2:10001658  PA:1000165c
22376090ns          382467 1c008400 01100e33 add              x28, x0, x17        x28=00000000 x17:00000000
22376129ns          382469 1c008402 ffa30493 addi             x9, x6, -6           x9=00000019  x6:0000001f
22376149ns          382470 1c008406 2fbf5063 bge              x30, x27, 736       x30:00000004 x27:00000004
22377084ns          382517 1c0086e6 00052683 lw               x13, 0(x10)         x13=00000000 x10:100016dc  PA:100016dc
22377124ns          382519 1c0086e8 001e0913 addi             x18, x28, 1         x18=00000001 x28:00000000
22377144ns          382520 1c0086ec d53ff06f jal              x0, -686           
22378119ns          382569 1c00843e 1c0003b7 lui              x7, 0x1c000000       x7=1c000000
22378158ns          382571 1c008442 04c38393 addi             x7, x7, 76           x7=1c00004c  x7:1c000000
22378178ns          382572 1c008446 0003a383 lw               x7, 0(x7)            x7=3f800000  x7:1c00004c  PA:1c00004c
22378616ns          382594 1c00844a 08d3f6d3 fsub.s           f13, f7, f13        f13=xxxxxxxx  f7:3f800000 f13:00000000
22378636ns          382595 1c00844e 00dea023 sw               x13, 0(x29)         x13:3f800000 x29:100017b4  PA:100017b4
22378675ns          382597 1c008452 021f2063 p.beqimm         x30, 32             x30:00000004
22378695ns          382598 1c008456 00412583 lw               x11, 4(x2)          x11=10001734  x2:10001658  PA:1000165c
22378735ns          382600 1c008458 01f58733 add              x14, x11, x31       x14=100017b0 x11:10001734 x31:0000007c
22378755ns          382601 1c00845c 408707b3 sub              x15, x14, x8        x15=0000000c x14:100017b0  x8:100017a4
22379153ns          382621 1c008460 ffc78793 addi             x15, x15, -4        x15=00000008 x15:0000000c
22379173ns          382622 1c008462 0027d793 srli             x15, x15, 0x2       x15=00000002 x15:00000008
22379193ns          382623 1c008464 00178793 addi             x15, x15, 1         x15=00000003 x15:00000002
22379213ns          382624 1c008466 0047c0fb lp.setup         0x1, x15, 0x4       x15:00000003
22379232ns          382625 1c00846a 00000693 addi             x13, x0, 0          x13=00000000
22379690ns          382648 1c00846e fed72e2b p.sw             x13, -4(x14!)       x14=100017ac x13:00000000 x14:100017b0  PA:100017b0
22379750ns          382651 1c00846a 00000693 addi             x13, x0, 0          x13=00000000
22379769ns          382652 1c00846e fed72e2b p.sw             x13, -4(x14!)       x14=100017a8 x13:00000000 x14:100017ac  PA:100017ac
22379809ns          382654 1c00846a 00000693 addi             x13, x0, 0          x13=00000000
22379829ns          382655 1c00846e fed72e2b p.sw             x13, -4(x14!)       x14=100017a4 x13:00000000 x14:100017a8  PA:100017a8
22379849ns          382656 1c008472 ffff0f13 addi             x30, x30, -1        x30=00000003 x30:00000004
22379869ns          382657 1c008474 01200e33 add              x28, x0, x18        x28=00000001 x18:00000001
22379889ns          382658 1c008476 fe8e8e93 addi             x29, x29, -24       x29=1000179c x29:100017b4
22379909ns          382659 1c008478 fec40413 addi             x8, x8, -20          x8=10001790  x8:100017a4
22379929ns          382660 1c00847a ffc50513 addi             x10, x10, -4        x10=100016d8 x10:100016dc
22379949ns          382661 1c00847c 00900333 add              x6, x0, x9           x6=00000019  x9:00000019
22379968ns          382662 1c00847e ffb98993 addi             x19, x19, -5        x19=00000014 x19:00000019
22380326ns          382680 1c008480 fecb0b13 addi             x22, x22, -20       x22=100017bc x22:100017d0
22380346ns          382681 1c008482 fec80813 addi             x16, x16, -20       x16=100017a4 x16:100017b8
22380366ns          382682 1c008484 fe8f8f93 addi             x31, x31, -24       x31=00000064 x31:0000007c
22380386ns          382683 1c008486 f60f1ee3 bne              x30, x0, -132       x30:00000003
22380903ns          382709 1c008402 ffa30493 addi             x9, x6, -6           x9=00000013  x6:00000019
22380923ns          382710 1c008406 2fbf5063 bge              x30, x27, 736       x30:00000003 x27:00000004
22380943ns          382711 1c00840a 01aea023 sw               x26, 0(x29)         x26:3f800000 x29:1000179c  PA:1000179c
22380963ns          382712 1c00840e 00052683 lw               x13, 0(x10)         x13=3ff8ddd2 x10:100016d8  PA:100016d8
22381003ns          382714 1c008410 001e0913 addi             x18, x28, 1         x18=00000002 x28:00000001
22381042ns          382716 1c008414 a0c6a7d3 feq.s            x15, f13, f12       x15=00000000 f13:3ff8ddd2 f12:00000000
22381062ns          382717 1c008418 08078763 beq              x15, x0, 142        x15:00000000
22382117ns          382770 1c0084a6 fe4b2583 lw               x11, -28(x22)       x11=3e2d5e29 x22:100017bc  PA:100017a0
22382136ns          382771 1c0084aa 01c007b3 add              x15, x0, x28        x15=00000001 x28:00000001
22382156ns          382772 1c0084ac a0c5a5d3 feq.s            x11, f11, f12       x11=00000000 f11:3e2d5e29 f12:00000000
22382554ns          382792 1c0084b0 01200733 add              x14, x0, x18        x14=00000002 x18:00000002
22382574ns          382793 1c0084b2 00058b63 beq              x11, x0, 22         x11:00000000
22383051ns          382817 1c0084c8 f40e09e3 beq              x28, x0, -174       x28:00000001
22383091ns          382819 1c0084cc 00c12283 lw               x5, 12(x2)           x5=00000015  x2:10001658  PA:10001664
22383111ns          382820 1c0084ce 01012583 lw               x11, 16(x2)         x11=100017b4  x2:10001658  PA:10001668
22383549ns          382842 1c0084d0 002e1a13 slli             x20, x28, 0x2       x20=00000004 x28:00000001
22383589ns          382844 1c0084d4 01e283b3 add              x7, x5, x30          x7=00000018  x5:00000015 x30:00000003
22383608ns          382845 1c0084d8 41458a33 sub              x20, x11, x20       x20=100017b0 x11:100017b4 x20:00000004
22383628ns          382846 1c0084dc 074e40fb lp.setup         0x1, x28, 0x74      x28:00000001
22384066ns          382868 1c0084e0 007702b3 add              x5, x14, x7          x5=0000001a x14:00000002  x7:00000018
22384106ns          382870 1c0084e4 fff78b93 addi             x23, x15, -1        x23=00000000 x15:00000001
22384126ns          382871 1c0084e8 007005b3 add              x11, x0, x7         x11=00000018  x7:00000018
22384145ns          382872 1c0084ea 0c53db63 bge              x7, x5, 214          x7:00000018  x5:0000001a
22384563ns          382893 1c0084ee 000a2883 lw               x17, 0(x20)         x17=00000000 x20:100017b0  PA:100017b0
22384603ns          382895 1c0084f2 a0c8a8d3 feq.s            x17, f17, f12       x17=00000001 f17:00000000 f12:00000000
22384623ns          382896 1c0084f6 00088d63 beq              x17, x0, 26         x17:00000001
22384643ns          382897 1c0084fa 004a0a93 addi             x21, x20, 4         x21=100017b4 x20:100017b0
22384663ns          382898 1c0084fe 00158593 addi             x11, x11, 1         x11=00000019 x11:00000018
22385100ns          382920 1c008500 0c558063 beq              x11, x5, 192        x11:00000019  x5:0000001a
22385140ns          382922 1c008504 004aa88b p.lw             x17, 4(x21!)        x17=3f800000 x21=100017b8 x21:100017b4  PA:100017b4
22385180ns          382924 1c008508 a0c8a8d3 feq.s            x17, f17, f12       x17=00000000 f17:3f800000 f12:00000000
22385200ns          382925 1c00850c fe0899e3 bne              x17, x0, -14        x17:00000000
22385637ns          382947 1c008510 f00705e3 beq              x14, x0, -246       x14:00000002
22385657ns          382948 1c008512 f00784e3 beq              x15, x0, -248       x15:00000001
22385677ns          382949 1c008514 02012623 sw               x0, 44(x2)           x2:10001658  PA:10001684
22385697ns          382950 1c008516 2017a763 p.beqimm         x15, 526            x15:00000001
22386652ns          382998 1c008724 002b9c13 slli             x24, x23, 0x2       x24=00000000 x23:00000000
22386691ns          383000 1c008728 017c0c33 add              x24, x24, x23       x24=00000000 x24:00000000 x23:00000000
22386711ns          383001 1c00872a 009c0c33 add              x24, x24, x9        x24=00000013 x24:00000000  x9:00000013
22386731ns          383002 1c00872c 20d696d3 fsgnjn.s         f13, f13, f13       f13=xxxxxxxx f13:3ff8ddd2 f13:3ff8ddd2
22387129ns          383022 1c008730 005c0c13 addi             x24, x24, 5         x24=00000018 x24:00000013
22387169ns          383024 1c008732 fff30a13 addi             x20, x6, -1         x20=00000018  x6:00000019
22387189ns          383025 1c008736 00d12e23 sw               x13, 28(x2)         x13:bff8ddd2  x2:10001658  PA:10001674
22387209ns          383026 1c008738 ffe30893 addi             x17, x6, -2         x17=00000017  x6:00000019
22387229ns          383027 1c00873c e14c57e3 bge              x24, x20, -498      x24:00000018 x20:00000018
22388163ns          383074 1c00854a 01412e03 lw               x28, 20(x2)         x28=1000174c  x2:10001658  PA:1000166c
22388203ns          383076 1c00854c 02c10a93 addi             x21, x2, 44         x21=10001684  x2:10001658
22388641ns          383098 1c008550 01fe0e33 add              x28, x28, x31       x28=100017b0 x28:1000174c x31:00000064
22388661ns          383099 1c008552 01c12c23 sw               x28, 24(x2)         x28:100017b0  x2:10001658  PA:10001670
22388681ns          383100 1c008554 01c00bb3 add              x23, x0, x28        x23=100017b0 x28:100017b0
22388700ns          383101 1c008556 00271c93 slli             x25, x14, 0x2       x25=00000008 x14:00000002
22388720ns          383102 1c00855a 00ea06b3 add              x13, x20, x14       x13=0000001a x20:00000018 x14:00000002
22389178ns          383125 1c00855e 1cda5063 bge              x20, x13, 448       x20:00000018 x13:0000001a
22389218ns          383127 1c008562 ffcc8693 addi             x13, x25, -4        x13=00000004 x25:00000008
22389237ns          383128 1c008566 0026d693 srli             x13, x13, 0x2       x13=00000001 x13:00000004
22389257ns          383129 1c008568 01d00e33 add              x28, x0, x29        x28=1000179c x29:1000179c
22389277ns          383130 1c00856a 01700333 add              x6, x0, x23          x6=100017b0 x23:100017b0
22389297ns          383131 1c00856c 00000593 addi             x11, x0, 0          x11=00000000
22389675ns          383150 1c008570 00168693 addi             x13, x13, 1         x13=00000002 x13:00000001
22389715ns          383152 1c008572 0066c0fb lp.setup         0x1, x13, 0x6       x13:00000002
22389735ns          383153 1c008576 0043238b p.lw             x7, 4(x6!)           x7=00000000  x6=100017b4  x6:100017b0  PA:100017b0
22389755ns          383154 1c00857a 004e228b p.lw             x5, 4(x28!)          x5=3f800000 x28=100017a0 x28:1000179c  PA:1000179c
22390192ns          383176 1c00857e 5853f5c3 fmadd.s          f11, f7, f5, f11    f11=xxxxxxxx  f7:00000000  f5:3f800000 f11:00000000
22390252ns          383179 1c008576 0043238b p.lw             x7, 4(x6!)           x7=3f800000  x6=100017b8  x6:100017b4  PA:100017b4
22390272ns          383180 1c00857a 004e228b p.lw             x5, 4(x28!)          x5=3e2d5e29 x28=100017a4 x28:100017a0  PA:100017a0
22390312ns          383182 1c00857e 5853f5c3 fmadd.s          f11, f7, f5, f11    f11=xxxxxxxx  f7:3f800000  f5:3e2d5e29 f11:00000000
22390331ns          383183 1c008582 000aa683 lw               x13, 0(x21)         x13=00000000 x21:10001684  PA:10001684
22390351ns          383184 1c008586 005a0a13 addi             x20, x20, 5         x20=0000001d x20:00000018
22390371ns          383185 1c008588 00b6f5d3 fadd.s           f11, f13, f11       f11=xxxxxxxx f13:00000000 f11:3e2d5e29
22390391ns          383186 1c00858c 014b8b93 addi             x23, x23, 20        x23=100017c4 x23:100017b0
22390809ns          383207 1c00858e 00baa22b p.sw             x11, 4(x21!)        x21=10001688 x11:3e2d5e29 x21:10001684  PA:10001684
22390849ns          383209 1c008592 fd4c54e3 bge              x24, x20, -56       x24:00000018 x20:0000001d
22390869ns          383210 1c008596 00178593 addi             x11, x15, 1         x11=00000002 x15:00000001
22390888ns          383211 1c00859a 00200693 addi             x13, x0, 2          x13=00000002
22390908ns          383212 1c00859c 02c10a93 addi             x21, x2, 44         x21=10001684  x2:10001658
22391326ns          383233 1c0085a0 01812a03 lw               x20, 24(x2)         x20=100017b0  x2:10001658  PA:10001670
22391366ns          383235 1c0085a2 1ad5cb63 blt              x11, x13, 438       x11:00000002 x13:00000002
22391386ns          383236 1c0085a6 01c12b83 lw               x23, 28(x2)         x23=bff8ddd2  x2:10001658  PA:10001674
22391406ns          383237 1c0085a8 0097c07b lp.setup         0x0, x15, 0x9       x15:00000001
22391425ns          383238 1c0085ac 004aa28b p.lw             x5, 4(x21!)          x5=3e2d5e29 x21=10001688 x21:10001684  PA:10001684
22391843ns          383259 1c0085b0 a0c2a6d3 feq.s            x13, f5, f12        x13=00000000  f5:3e2d5e29 f12:00000000
22391883ns          383261 1c0085b4 12068d63 beq              x13, x0, 314        x13:00000000
22392022ns          383268 1c0086ee 00e886b3 add              x13, x17, x14       x13=00000019 x17:00000017 x14:00000002
22392042ns          383269 1c0086f2 105bf2d3 fmul.s           f5, f23, f5          f5=xxxxxxxx f23:bff8ddd2  f5:3e2d5e29
22392062ns          383270 1c0086f6 ecd8d1e3 bge              x17, x13, -318      x17:00000017 x13:00000019
22392082ns          383271 1c0086fa ffcc8313 addi             x6, x25, -4          x6=00000004 x25:00000008
22392500ns          383292 1c0086fe 00235313 srli             x6, x6, 0x2          x6=00000001  x6:00000004
22392519ns          383293 1c008702 01d003b3 add              x7, x0, x29          x7=1000179c x29:1000179c
22392539ns          383294 1c008704 01400e33 add              x28, x0, x20        x28=100017b0 x20:100017b0
22392559ns          383295 1c008706 00130313 addi             x6, x6, 1            x6=00000002  x6:00000001
22392579ns          383296 1c008708 008340fb lp.setup         0x1, x6, 0x8         x6:00000002
22392599ns          383297 1c00870c 000e2583 lw               x11, 0(x28)         x11=00000000 x28:100017b0  PA:100017b0
22393057ns          383320 1c008710 0043a68b p.lw             x13, 4(x7!)         x13=3f800000  x7=100017a0  x7:1000179c  PA:1000179c
22393096ns          383322 1c008714 58d2f6c3 fmadd.s          f13, f5, f13, f11   f13=xxxxxxxx  f5:bea88970 f13:3f800000 f11:00000000
22393116ns          383323 1c008718 00de222b p.sw             x13, 4(x28!)        x28=100017b4 x13:bea88970 x28:100017b0  PA:100017b0
22393136ns          383324 1c00870c 000e2583 lw               x11, 0(x28)         x11=3f800000 x28:100017b4  PA:100017b4
22393176ns          383326 1c008710 0043a68b p.lw             x13, 4(x7!)         x13=3e2d5e29  x7=100017a4  x7:100017a0  PA:100017a0
22393216ns          383328 1c008714 58d2f6c3 fmadd.s          f13, f5, f13, f11   f13=xxxxxxxx  f5:bea88970 f13:3e2d5e29 f11:3f800000
22393236ns          383329 1c008718 00de222b p.sw             x13, 4(x28!)        x28=100017b8 x13:3f71bba4 x28:100017b4  PA:100017b4
22393255ns          383330 1c00871c e9dff06f jal              x0, -356           
22393295ns          383332 1c0085b8 00588893 addi             x17, x17, 5         x17=0000001c x17:00000017
22393315ns          383333 1c0085ba 014a0a13 addi             x20, x20, 20        x20=100017c4 x20:100017b0
22393335ns          383334 1c0085bc 00052683 lw               x13, 0(x10)         x13=3ff8ddd2 x10:100016d8  PA:100016d8
22393355ns          383335 1c0085be e5dff06f jal              x0, -420           
22393494ns          383342 1c00841a 0334d263 bge              x9, x19, 36          x9:00000013 x19:00000014
22393514ns          383343 1c00841e 00812283 lw               x5, 8(x2)            x5=1000173c  x2:10001658  PA:10001660
22393554ns          383345 1c008420 00d007b3 add              x15, x0, x13        x15=3ff8ddd2 x13:3ff8ddd2
22393594ns          383347 1c008422 01f28733 add              x14, x5, x31        x14=100017a0  x5:1000173c x31:00000064
22393613ns          383348 1c008426 0040006f jal              x0, 4              
22393653ns          383350 1c00842a 00072683 lw               x13, 0(x14)         x13=3e2d5e29 x14:100017a0  PA:100017a0
22393673ns          383351 1c00842c 20f797d3 fsgnjn.s         f15, f15, f15       f15=xxxxxxxx f15:3ff8ddd2 f15:3ff8ddd2
22393733ns          383354 1c008430 10d7f7d3 fmul.s           f15, f15, f13       f15=xxxxxxxx f15:bff8ddd2 f13:3e2d5e29
22393773ns          383356 1c008434 00f7222b p.sw             x15, 4(x14!)        x14=100017a4 x15:bea88970 x14:100017a0  PA:100017a0
22393792ns          383357 1c008438 ff0718e3 bne              x14, x16, -16       x14:100017a4 x16:100017a4
22393812ns          383358 1c00843c 00052683 lw               x13, 0(x10)         x13=3ff8ddd2 x10:100016d8  PA:100016d8
22393872ns          383361 1c00843e 1c0003b7 lui              x7, 0x1c000000       x7=1c000000
22393912ns          383363 1c008442 04c38393 addi             x7, x7, 76           x7=1c00004c  x7:1c000000
22393932ns          383364 1c008446 0003a383 lw               x7, 0(x7)            x7=3f800000  x7:1c00004c  PA:1c00004c
22394349ns          383385 1c00844a 08d3f6d3 fsub.s           f13, f7, f13        f13=xxxxxxxx  f7:3f800000 f13:3ff8ddd2
22394369ns          383386 1c00844e 00dea023 sw               x13, 0(x29)         x13:bf71bba4 x29:1000179c  PA:1000179c
22394389ns          383387 1c008452 021f2063 p.beqimm         x30, 32             x30:00000003
22394409ns          383388 1c008456 00412583 lw               x11, 4(x2)          x11=10001734  x2:10001658  PA:1000165c
22394449ns          383390 1c008458 01f58733 add              x14, x11, x31       x14=10001798 x11:10001734 x31:00000064
22394469ns          383391 1c00845c 408707b3 sub              x15, x14, x8        x15=00000008 x14:10001798  x8:10001790
22394489ns          383392 1c008460 ffc78793 addi             x15, x15, -4        x15=00000004 x15:00000008
22394509ns          383393 1c008462 0027d793 srli             x15, x15, 0x2       x15=00000001 x15:00000004
22394528ns          383394 1c008464 00178793 addi             x15, x15, 1         x15=00000002 x15:00000001
22394548ns          383395 1c008466 0047c0fb lp.setup         0x1, x15, 0x4       x15:00000002
22394568ns          383396 1c00846a 00000693 addi             x13, x0, 0          x13=00000000
22394628ns          383399 1c00846e fed72e2b p.sw             x13, -4(x14!)       x14=10001794 x13:00000000 x14:10001798  PA:10001798
22394688ns          383402 1c00846a 00000693 addi             x13, x0, 0          x13=00000000
22394707ns          383403 1c00846e fed72e2b p.sw             x13, -4(x14!)       x14=10001790 x13:00000000 x14:10001794  PA:10001794
22394727ns          383404 1c008472 ffff0f13 addi             x30, x30, -1        x30=00000002 x30:00000003
22394747ns          383405 1c008474 01200e33 add              x28, x0, x18        x28=00000002 x18:00000002
22394767ns          383406 1c008476 fe8e8e93 addi             x29, x29, -24       x29=10001784 x29:1000179c
22394787ns          383407 1c008478 fec40413 addi             x8, x8, -20          x8=1000177c  x8:10001790
22394807ns          383408 1c00847a ffc50513 addi             x10, x10, -4        x10=100016d4 x10:100016d8
22394827ns          383409 1c00847c 00900333 add              x6, x0, x9           x6=00000013  x9:00000013
22394847ns          383410 1c00847e ffb98993 addi             x19, x19, -5        x19=0000000f x19:00000014
22394867ns          383411 1c008480 fecb0b13 addi             x22, x22, -20       x22=100017a8 x22:100017bc
22394886ns          383412 1c008482 fec80813 addi             x16, x16, -20       x16=10001790 x16:100017a4
22394906ns          383413 1c008484 fe8f8f93 addi             x31, x31, -24       x31=0000004c x31:00000064
22394926ns          383414 1c008486 f60f1ee3 bne              x30, x0, -132       x30:00000002
22395085ns          383422 1c008402 ffa30493 addi             x9, x6, -6           x9=0000000d  x6:00000013
22395105ns          383423 1c008406 2fbf5063 bge              x30, x27, 736       x30:00000002 x27:00000004
22395125ns          383424 1c00840a 01aea023 sw               x26, 0(x29)         x26:3f800000 x29:10001784  PA:10001784
22395145ns          383425 1c00840e 00052683 lw               x13, 0(x10)         x13=3fc65e8a x10:100016d4  PA:100016d4
22395165ns          383426 1c008410 001e0913 addi             x18, x28, 1         x18=00000003 x28:00000002
22395185ns          383427 1c008414 a0c6a7d3 feq.s            x15, f13, f12       x15=00000000 f13:3fc65e8a f12:00000000
22395205ns          383428 1c008418 08078763 beq              x15, x0, 142        x15:00000000
22395344ns          383435 1c0084a6 fe4b2583 lw               x11, -28(x22)       x11=bf09e926 x22:100017a8  PA:1000178c
22395364ns          383436 1c0084aa 01c007b3 add              x15, x0, x28        x15=00000002 x28:00000002
22395384ns          383437 1c0084ac a0c5a5d3 feq.s            x11, f11, f12       x11=00000000 f11:bf09e926 f12:00000000
22395404ns          383438 1c0084b0 01200733 add              x14, x0, x18        x14=00000003 x18:00000003
22395424ns          383439 1c0084b2 00058b63 beq              x11, x0, 22         x11:00000000
22395543ns          383445 1c0084c8 f40e09e3 beq              x28, x0, -174       x28:00000002
22395563ns          383446 1c0084cc 00c12283 lw               x5, 12(x2)           x5=00000015  x2:10001658  PA:10001664
22395583ns          383447 1c0084ce 01012583 lw               x11, 16(x2)         x11=100017b4  x2:10001658  PA:10001668
22395603ns          383448 1c0084d0 002e1a13 slli             x20, x28, 0x2       x20=00000008 x28:00000002
22395622ns          383449 1c0084d4 01e283b3 add              x7, x5, x30          x7=00000017  x5:00000015 x30:00000002
22395642ns          383450 1c0084d8 41458a33 sub              x20, x11, x20       x20=100017ac x11:100017b4 x20:00000008
22395662ns          383451 1c0084dc 074e40fb lp.setup         0x1, x28, 0x74      x28:00000002
22395682ns          383452 1c0084e0 007702b3 add              x5, x14, x7          x5=0000001a x14:00000003  x7:00000017
22395702ns          383453 1c0084e4 fff78b93 addi             x23, x15, -1        x23=00000001 x15:00000002
22395722ns          383454 1c0084e8 007005b3 add              x11, x0, x7         x11=00000017  x7:00000017
22395742ns          383455 1c0084ea 0c53db63 bge              x7, x5, 214          x7:00000017  x5:0000001a
22395762ns          383456 1c0084ee 000a2883 lw               x17, 0(x20)         x17=00000000 x20:100017ac  PA:100017ac
22395801ns          383458 1c0084f2 a0c8a8d3 feq.s            x17, f17, f12       x17=00000001 f17:00000000 f12:00000000
22395821ns          383459 1c0084f6 00088d63 beq              x17, x0, 26         x17:00000001
22395841ns          383460 1c0084fa 004a0a93 addi             x21, x20, 4         x21=100017b0 x20:100017ac
22395861ns          383461 1c0084fe 00158593 addi             x11, x11, 1         x11=00000018 x11:00000017
22395881ns          383462 1c008500 0c558063 beq              x11, x5, 192        x11:00000018  x5:0000001a
22395901ns          383463 1c008504 004aa88b p.lw             x17, 4(x21!)        x17=bea88970 x21=100017b4 x21:100017b0  PA:100017b0
22395941ns          383465 1c008508 a0c8a8d3 feq.s            x17, f17, f12       x17=00000000 f17:bea88970 f12:00000000
22395961ns          383466 1c00850c fe0899e3 bne              x17, x0, -14        x17:00000000
22395980ns          383467 1c008510 f00705e3 beq              x14, x0, -246       x14:00000003
22396000ns          383468 1c008512 f00784e3 beq              x15, x0, -248       x15:00000002
22396020ns          383469 1c008514 02012623 sw               x0, 44(x2)           x2:10001658  PA:10001684
22396040ns          383470 1c008516 2017a763 p.beqimm         x15, 526            x15:00000002
22396060ns          383471 1c00851a 02012823 sw               x0, 48(x2)           x2:10001658  PA:10001688
22396080ns          383472 1c00851c 2027a463 p.beqimm         x15, 520            x15:00000002
22396140ns          383475 1c008724 002b9c13 slli             x24, x23, 0x2       x24=00000004 x23:00000001
22396159ns          383476 1c008728 017c0c33 add              x24, x24, x23       x24=00000005 x24:00000004 x23:00000001
22396179ns          383477 1c00872a 009c0c33 add              x24, x24, x9        x24=00000012 x24:00000005  x9:0000000d
22396199ns          383478 1c00872c 20d696d3 fsgnjn.s         f13, f13, f13       f13=xxxxxxxx f13:3fc65e8a f13:3fc65e8a
22396219ns          383479 1c008730 005c0c13 addi             x24, x24, 5         x24=00000017 x24:00000012
22396239ns          383480 1c008732 fff30a13 addi             x20, x6, -1         x20=00000012  x6:00000013
22396259ns          383481 1c008736 00d12e23 sw               x13, 28(x2)         x13:bfc65e8a  x2:10001658  PA:10001674
22396279ns          383482 1c008738 ffe30893 addi             x17, x6, -2         x17=00000011  x6:00000013
22396299ns          383483 1c00873c e14c57e3 bge              x24, x20, -498      x24:00000017 x20:00000012
22396358ns          383486 1c00854a 01412e03 lw               x28, 20(x2)         x28=1000174c  x2:10001658  PA:1000166c
22396378ns          383487 1c00854c 02c10a93 addi             x21, x2, 44         x21=10001684  x2:10001658
22396398ns          383488 1c008550 01fe0e33 add              x28, x28, x31       x28=10001798 x28:1000174c x31:0000004c
22396418ns          383489 1c008552 01c12c23 sw               x28, 24(x2)         x28:10001798  x2:10001658  PA:10001670
22396438ns          383490 1c008554 01c00bb3 add              x23, x0, x28        x23=10001798 x28:10001798
22396458ns          383491 1c008556 00271c93 slli             x25, x14, 0x2       x25=0000000c x14:00000003
22396478ns          383492 1c00855a 00ea06b3 add              x13, x20, x14       x13=00000015 x20:00000012 x14:00000003
22396517ns          383494 1c00855e 1cda5063 bge              x20, x13, 448       x20:00000012 x13:00000015
22396557ns          383496 1c008562 ffcc8693 addi             x13, x25, -4        x13=00000008 x25:0000000c
22396577ns          383497 1c008566 0026d693 srli             x13, x13, 0x2       x13=00000002 x13:00000008
22396597ns          383498 1c008568 01d00e33 add              x28, x0, x29        x28=10001784 x29:10001784
22396617ns          383499 1c00856a 01700333 add              x6, x0, x23          x6=10001798 x23:10001798
22396637ns          383500 1c00856c 00000593 addi             x11, x0, 0          x11=00000000
22396657ns          383501 1c008570 00168693 addi             x13, x13, 1         x13=00000003 x13:00000002
22396677ns          383502 1c008572 0066c0fb lp.setup         0x1, x13, 0x6       x13:00000003
22396697ns          383503 1c008576 0043238b p.lw             x7, 4(x6!)           x7=00000000  x6=1000179c  x6:10001798  PA:10001798
22396716ns          383504 1c00857a 004e228b p.lw             x5, 4(x28!)          x5=3f800000 x28=10001788 x28:10001784  PA:10001784
22396756ns          383506 1c00857e 5853f5c3 fmadd.s          f11, f7, f5, f11    f11=xxxxxxxx  f7:00000000  f5:3f800000 f11:00000000
22396776ns          383507 1c008576 0043238b p.lw             x7, 4(x6!)           x7=bf71bba4  x6=100017a0  x6:1000179c  PA:1000179c
22396796ns          383508 1c00857a 004e228b p.lw             x5, 4(x28!)          x5=3c902bf9 x28=1000178c x28:10001788  PA:10001788
22396836ns          383510 1c00857e 5853f5c3 fmadd.s          f11, f7, f5, f11    f11=xxxxxxxx  f7:bf71bba4  f5:3c902bf9 f11:00000000
22396856ns          383511 1c008576 0043238b p.lw             x7, 4(x6!)           x7=bea88970  x6=100017a4  x6:100017a0  PA:100017a0
22396876ns          383512 1c00857a 004e228b p.lw             x5, 4(x28!)          x5=bf09e926 x28=10001790 x28:1000178c  PA:1000178c
22396915ns          383514 1c00857e 5853f5c3 fmadd.s          f11, f7, f5, f11    f11=xxxxxxxx  f7:bea88970  f5:bf09e926 f11:bc882312
22396935ns          383515 1c008582 000aa683 lw               x13, 0(x21)         x13=00000000 x21:10001684  PA:10001684
22396955ns          383516 1c008586 005a0a13 addi             x20, x20, 5         x20=00000017 x20:00000012
22396975ns          383517 1c008588 00b6f5d3 fadd.s           f11, f13, f11       f11=xxxxxxxx f13:00000000 f11:3e2491b4
22396995ns          383518 1c00858c 014b8b93 addi             x23, x23, 20        x23=100017ac x23:10001798
22397015ns          383519 1c00858e 00baa22b p.sw             x11, 4(x21!)        x21=10001688 x11:3e2491b4 x21:10001684  PA:10001684
22397055ns          383521 1c008592 fd4c54e3 bge              x24, x20, -56       x24:00000017 x20:00000017
22397134ns          383525 1c00855a 00ea06b3 add              x13, x20, x14       x13=0000001a x20:00000017 x14:00000003
22397154ns          383526 1c00855e 1cda5063 bge              x20, x13, 448       x20:00000017 x13:0000001a
22397174ns          383527 1c008562 ffcc8693 addi             x13, x25, -4        x13=00000008 x25:0000000c
22397194ns          383528 1c008566 0026d693 srli             x13, x13, 0x2       x13=00000002 x13:00000008
22397214ns          383529 1c008568 01d00e33 add              x28, x0, x29        x28=10001784 x29:10001784
22397234ns          383530 1c00856a 01700333 add              x6, x0, x23          x6=100017ac x23:100017ac
22397253ns          383531 1c00856c 00000593 addi             x11, x0, 0          x11=00000000
22397273ns          383532 1c008570 00168693 addi             x13, x13, 1         x13=00000003 x13:00000002
22397293ns          383533 1c008572 0066c0fb lp.setup         0x1, x13, 0x6       x13:00000003
22397313ns          383534 1c008576 0043238b p.lw             x7, 4(x6!)           x7=00000000  x6=100017b0  x6:100017ac  PA:100017ac
22397333ns          383535 1c00857a 004e228b p.lw             x5, 4(x28!)          x5=3f800000 x28=10001788 x28:10001784  PA:10001784
22397373ns          383537 1c00857e 5853f5c3 fmadd.s          f11, f7, f5, f11    f11=xxxxxxxx  f7:00000000  f5:3f800000 f11:00000000
22397393ns          383538 1c008576 0043238b p.lw             x7, 4(x6!)           x7=bea88970  x6=100017b4  x6:100017b0  PA:100017b0
22397413ns          383539 1c00857a 004e228b p.lw             x5, 4(x28!)          x5=3c902bf9 x28=1000178c x28:10001788  PA:10001788
22397452ns          383541 1c00857e 5853f5c3 fmadd.s          f11, f7, f5, f11    f11=xxxxxxxx  f7:bea88970  f5:3c902bf9 f11:00000000
22397472ns          383542 1c008576 0043238b p.lw             x7, 4(x6!)           x7=3f71bba4  x6=100017b8  x6:100017b4  PA:100017b4
22397492ns          383543 1c00857a 004e228b p.lw             x5, 4(x28!)          x5=bf09e926 x28=10001790 x28:1000178c  PA:1000178c
22397532ns          383545 1c00857e 5853f5c3 fmadd.s          f11, f7, f5, f11    f11=xxxxxxxx  f7:3f71bba4  f5:bf09e926 f11:bbbdd484
22397552ns          383546 1c008582 000aa683 lw               x13, 0(x21)         x13=00000000 x21:10001688  PA:10001688
22397572ns          383547 1c008586 005a0a13 addi             x20, x20, 5         x20=0000001c x20:00000017
22397592ns          383548 1c008588 00b6f5d3 fadd.s           f11, f13, f11       f11=xxxxxxxx f13:00000000 f11:bf03b53b
22397611ns          383549 1c00858c 014b8b93 addi             x23, x23, 20        x23=100017c0 x23:100017ac
22397631ns          383550 1c00858e 00baa22b p.sw             x11, 4(x21!)        x21=1000168c x11:bf03b53b x21:10001688  PA:10001688
22397651ns          383551 1c008592 fd4c54e3 bge              x24, x20, -56       x24:00000017 x20:0000001c
22397671ns          383552 1c008596 00178593 addi             x11, x15, 1         x11=00000003 x15:00000002
22397691ns          383553 1c00859a 00200693 addi             x13, x0, 2          x13=00000002
22397711ns          383554 1c00859c 02c10a93 addi             x21, x2, 44         x21=10001684  x2:10001658
22397731ns          383555 1c0085a0 01812a03 lw               x20, 24(x2)         x20=10001798  x2:10001658  PA:10001670
22397751ns          383556 1c0085a2 1ad5cb63 blt              x11, x13, 438       x11:00000003 x13:00000002
22397771ns          383557 1c0085a6 01c12b83 lw               x23, 28(x2)         x23=bfc65e8a  x2:10001658  PA:10001674
22397791ns          383558 1c0085a8 0097c07b lp.setup         0x0, x15, 0x9       x15:00000002
22397810ns          383559 1c0085ac 004aa28b p.lw             x5, 4(x21!)          x5=3e2491b4 x21=10001688 x21:10001684  PA:10001684
22397850ns          383561 1c0085b0 a0c2a6d3 feq.s            x13, f5, f12        x13=00000000  f5:3e2491b4 f12:00000000
22397870ns          383562 1c0085b4 12068d63 beq              x13, x0, 314        x13:00000000
22398029ns          383570 1c0086ee 00e886b3 add              x13, x17, x14       x13=00000014 x17:00000011 x14:00000003
22398049ns          383571 1c0086f2 105bf2d3 fmul.s           f5, f23, f5          f5=xxxxxxxx f23:bfc65e8a  f5:3e2491b4
22398069ns          383572 1c0086f6 ecd8d1e3 bge              x17, x13, -318      x17:00000011 x13:00000014
22398089ns          383573 1c0086fa ffcc8313 addi             x6, x25, -4          x6=00000008 x25:0000000c
22398109ns          383574 1c0086fe 00235313 srli             x6, x6, 0x2          x6=00000002  x6:00000008
22398129ns          383575 1c008702 01d003b3 add              x7, x0, x29          x7=10001784 x29:10001784
22398149ns          383576 1c008704 01400e33 add              x28, x0, x20        x28=10001798 x20:10001798
22398168ns          383577 1c008706 00130313 addi             x6, x6, 1            x6=00000003  x6:00000002
22398188ns          383578 1c008708 008340fb lp.setup         0x1, x6, 0x8         x6:00000003
22398208ns          383579 1c00870c 000e2583 lw               x11, 0(x28)         x11=00000000 x28:10001798  PA:10001798
22398228ns          383580 1c008710 0043a68b p.lw             x13, 4(x7!)         x13=3f800000  x7=10001788  x7:10001784  PA:10001784
22398268ns          383582 1c008714 58d2f6c3 fmadd.s          f13, f5, f13, f11   f13=xxxxxxxx  f5:be7f0aef f13:3f800000 f11:00000000
22398288ns          383583 1c008718 00de222b p.sw             x13, 4(x28!)        x28=1000179c x13:be7f0aef x28:10001798  PA:10001798
22398308ns          383584 1c00870c 000e2583 lw               x11, 0(x28)         x11=bf71bba4 x28:1000179c  PA:1000179c
22398328ns          383585 1c008710 0043a68b p.lw             x13, 4(x7!)         x13=3c902bf9  x7=1000178c  x7:10001788  PA:10001788
22398367ns          383587 1c008714 58d2f6c3 fmadd.s          f13, f5, f13, f11   f13=xxxxxxxx  f5:be7f0aef f13:3c902bf9 f11:bf71bba4
22398387ns          383588 1c008718 00de222b p.sw             x13, 4(x28!)        x28=100017a0 x13:bf72dae8 x28:1000179c  PA:1000179c
22398407ns          383589 1c00870c 000e2583 lw               x11, 0(x28)         x11=bea88970 x28:100017a0  PA:100017a0
22398427ns          383590 1c008710 0043a68b p.lw             x13, 4(x7!)         x13=bf09e926  x7=10001790  x7:1000178c  PA:1000178c
22398467ns          383592 1c008714 58d2f6c3 fmadd.s          f13, f5, f13, f11   f13=xxxxxxxx  f5:be7f0aef f13:bf09e926 f11:bea88970
22398487ns          383593 1c008718 00de222b p.sw             x13, 4(x28!)        x28=100017a4 x13:be47adbf x28:100017a0  PA:100017a0
22398507ns          383594 1c00871c e9dff06f jal              x0, -356           
22398546ns          383596 1c0085b8 00588893 addi             x17, x17, 5         x17=00000016 x17:00000011
22398566ns          383597 1c0085ba 014a0a13 addi             x20, x20, 20        x20=100017ac x20:10001798
22398586ns          383598 1c0085ac 004aa28b p.lw             x5, 4(x21!)          x5=bf03b53b x21=1000168c x21:10001688  PA:10001688
22398626ns          383600 1c0085b0 a0c2a6d3 feq.s            x13, f5, f12        x13=00000000  f5:bf03b53b f12:00000000
22398646ns          383601 1c0085b4 12068d63 beq              x13, x0, 314        x13:00000000
22398725ns          383605 1c0086ee 00e886b3 add              x13, x17, x14       x13=00000019 x17:00000016 x14:00000003
22398745ns          383606 1c0086f2 105bf2d3 fmul.s           f5, f23, f5          f5=xxxxxxxx f23:bfc65e8a  f5:bf03b53b
22398765ns          383607 1c0086f6 ecd8d1e3 bge              x17, x13, -318      x17:00000016 x13:00000019
22398785ns          383608 1c0086fa ffcc8313 addi             x6, x25, -4          x6=00000008 x25:0000000c
22398805ns          383609 1c0086fe 00235313 srli             x6, x6, 0x2          x6=00000002  x6:00000008
22398825ns          383610 1c008702 01d003b3 add              x7, x0, x29          x7=10001784 x29:10001784
22398845ns          383611 1c008704 01400e33 add              x28, x0, x20        x28=100017ac x20:100017ac
22398865ns          383612 1c008706 00130313 addi             x6, x6, 1            x6=00000003  x6:00000002
22398884ns          383613 1c008708 008340fb lp.setup         0x1, x6, 0x8         x6:00000003
22398904ns          383614 1c00870c 000e2583 lw               x11, 0(x28)         x11=00000000 x28:100017ac  PA:100017ac
22398924ns          383615 1c008710 0043a68b p.lw             x13, 4(x7!)         x13=3f800000  x7=10001788  x7:10001784  PA:10001784
22398964ns          383617 1c008714 58d2f6c3 fmadd.s          f13, f5, f13, f11   f13=xxxxxxxx  f5:3f4c1d9e f13:3f800000 f11:00000000
22398984ns          383618 1c008718 00de222b p.sw             x13, 4(x28!)        x28=100017b0 x13:3f4c1d9e x28:100017ac  PA:100017ac
22399004ns          383619 1c00870c 000e2583 lw               x11, 0(x28)         x11=bea88970 x28:100017b0  PA:100017b0
22399024ns          383620 1c008710 0043a68b p.lw             x13, 4(x7!)         x13=3c902bf9  x7=1000178c  x7:10001788  PA:10001788
22399064ns          383622 1c008714 58d2f6c3 fmadd.s          f13, f5, f13, f11   f13=xxxxxxxx  f5:3f4c1d9e f13:3c902bf9 f11:bea88970
22399083ns          383623 1c008718 00de222b p.sw             x13, 4(x28!)        x28=100017b4 x13:bea15a34 x28:100017b0  PA:100017b0
22399103ns          383624 1c00870c 000e2583 lw               x11, 0(x28)         x11=3f71bba4 x28:100017b4  PA:100017b4
22399123ns          383625 1c008710 0043a68b p.lw             x13, 4(x7!)         x13=bf09e926  x7=10001790  x7:1000178c  PA:1000178c
22399163ns          383627 1c008714 58d2f6c3 fmadd.s          f13, f5, f13, f11   f13=xxxxxxxx  f5:3f4c1d9e f13:bf09e926 f11:3f71bba4
22399183ns          383628 1c008718 00de222b p.sw             x13, 4(x28!)        x28=100017b8 x13:3f03c5e5 x28:100017b4  PA:100017b4
22399203ns          383629 1c00871c e9dff06f jal              x0, -356           
22399243ns          383631 1c0085b8 00588893 addi             x17, x17, 5         x17=0000001b x17:00000016
22399262ns          383632 1c0085ba 014a0a13 addi             x20, x20, 20        x20=100017c0 x20:100017ac
22399282ns          383633 1c0085bc 00052683 lw               x13, 0(x10)         x13=3fc65e8a x10:100016d4  PA:100016d4
22399302ns          383634 1c0085be e5dff06f jal              x0, -420           
22399362ns          383637 1c00841a 0334d263 bge              x9, x19, 36          x9:0000000d x19:0000000f
22399382ns          383638 1c00841e 00812283 lw               x5, 8(x2)            x5=1000173c  x2:10001658  PA:10001660
22399402ns          383639 1c008420 00d007b3 add              x15, x0, x13        x15=3fc65e8a x13:3fc65e8a
22399422ns          383640 1c008422 01f28733 add              x14, x5, x31        x14=10001788  x5:1000173c x31:0000004c
22399441ns          383641 1c008426 0040006f jal              x0, 4              
22399481ns          383643 1c00842a 00072683 lw               x13, 0(x14)         x13=3c902bf9 x14:10001788  PA:10001788
22399501ns          383644 1c00842c 20f797d3 fsgnjn.s         f15, f15, f15       f15=xxxxxxxx f15:3fc65e8a f15:3fc65e8a
22399521ns          383645 1c008430 10d7f7d3 fmul.s           f15, f15, f13       f15=xxxxxxxx f15:bfc65e8a f13:3c902bf9
22399541ns          383646 1c008434 00f7222b p.sw             x15, 4(x14!)        x14=1000178c x15:bcdf6e81 x14:10001788  PA:10001788
22399561ns          383647 1c008438 ff0718e3 bne              x14, x16, -16       x14:1000178c x16:10001790
22399620ns          383650 1c008428 00052783 lw               x15, 0(x10)         x15=3fc65e8a x10:100016d4  PA:100016d4
22399640ns          383651 1c00842a 00072683 lw               x13, 0(x14)         x13=bf09e926 x14:1000178c  PA:1000178c
22399660ns          383652 1c00842c 20f797d3 fsgnjn.s         f15, f15, f15       f15=xxxxxxxx f15:3fc65e8a f15:3fc65e8a
22399680ns          383653 1c008430 10d7f7d3 fmul.s           f15, f15, f13       f15=xxxxxxxx f15:bfc65e8a f13:bf09e926
22399700ns          383654 1c008434 00f7222b p.sw             x15, 4(x14!)        x14=10001790 x15:3f55ba83 x14:1000178c  PA:1000178c
22399720ns          383655 1c008438 ff0718e3 bne              x14, x16, -16       x14:10001790 x16:10001790
22399740ns          383656 1c00843c 00052683 lw               x13, 0(x10)         x13=3fc65e8a x10:100016d4  PA:100016d4
22399760ns          383657 1c00843e 1c0003b7 lui              x7, 0x1c000000       x7=1c000000
22399780ns          383658 1c008442 04c38393 addi             x7, x7, 76           x7=1c00004c  x7:1c000000
22399799ns          383659 1c008446 0003a383 lw               x7, 0(x7)            x7=3f800000  x7:1c00004c  PA:1c00004c
22400118ns          383675 1c00844a 08d3f6d3 fsub.s           f13, f7, f13        f13=xxxxxxxx  f7:3f800000 f13:3fc65e8a
22400138ns          383676 1c00844e 00dea023 sw               x13, 0(x29)         x13:bf0cbd14 x29:10001784  PA:10001784
22400158ns          383677 1c008452 021f2063 p.beqimm         x30, 32             x30:00000002
22400177ns          383678 1c008456 00412583 lw               x11, 4(x2)          x11=10001734  x2:10001658  PA:1000165c
22400217ns          383680 1c008458 01f58733 add              x14, x11, x31       x14=10001780 x11:10001734 x31:0000004c
22400237ns          383681 1c00845c 408707b3 sub              x15, x14, x8        x15=00000004 x14:10001780  x8:1000177c
22400257ns          383682 1c008460 ffc78793 addi             x15, x15, -4        x15=00000000 x15:00000004
22400277ns          383683 1c008462 0027d793 srli             x15, x15, 0x2       x15=00000000 x15:00000000
22400297ns          383684 1c008464 00178793 addi             x15, x15, 1         x15=00000001 x15:00000000
22400317ns          383685 1c008466 0047c0fb lp.setup         0x1, x15, 0x4       x15:00000001
22400337ns          383686 1c00846a 00000693 addi             x13, x0, 0          x13=00000000
22400356ns          383687 1c00846e fed72e2b p.sw             x13, -4(x14!)       x14=1000177c x13:00000000 x14:10001780  PA:10001780
22400376ns          383688 1c008472 ffff0f13 addi             x30, x30, -1        x30=00000001 x30:00000002
22400396ns          383689 1c008474 01200e33 add              x28, x0, x18        x28=00000003 x18:00000003
22400416ns          383690 1c008476 fe8e8e93 addi             x29, x29, -24       x29=1000176c x29:10001784
22400436ns          383691 1c008478 fec40413 addi             x8, x8, -20          x8=10001768  x8:1000177c
22400456ns          383692 1c00847a ffc50513 addi             x10, x10, -4        x10=100016d0 x10:100016d4
22400476ns          383693 1c00847c 00900333 add              x6, x0, x9           x6=0000000d  x9:0000000d
22400496ns          383694 1c00847e ffb98993 addi             x19, x19, -5        x19=0000000a x19:0000000f
22400516ns          383695 1c008480 fecb0b13 addi             x22, x22, -20       x22=10001794 x22:100017a8
22400535ns          383696 1c008482 fec80813 addi             x16, x16, -20       x16=1000177c x16:10001790
22400555ns          383697 1c008484 fe8f8f93 addi             x31, x31, -24       x31=00000034 x31:0000004c
22400575ns          383698 1c008486 f60f1ee3 bne              x30, x0, -132       x30:00000001
22400734ns          383706 1c008402 ffa30493 addi             x9, x6, -6           x9=00000007  x6:0000000d
22400754ns          383707 1c008406 2fbf5063 bge              x30, x27, 736       x30:00000001 x27:00000004
22400774ns          383708 1c00840a 01aea023 sw               x26, 0(x29)         x26:3f800000 x29:1000176c  PA:1000176c
22400794ns          383709 1c00840e 00052683 lw               x13, 0(x10)         x13=3fdcebf2 x10:100016d0  PA:100016d0
22400814ns          383710 1c008410 001e0913 addi             x18, x28, 1         x18=00000004 x28:00000003
22400834ns          383711 1c008414 a0c6a7d3 feq.s            x15, f13, f12       x15=00000000 f13:3fdcebf2 f12:00000000
22400854ns          383712 1c008418 08078763 beq              x15, x0, 142        x15:00000000
22400993ns          383719 1c0084a6 fe4b2583 lw               x11, -28(x22)       x11=be235c2f x22:10001794  PA:10001778
22401013ns          383720 1c0084aa 01c007b3 add              x15, x0, x28        x15=00000003 x28:00000003
22401033ns          383721 1c0084ac a0c5a5d3 feq.s            x11, f11, f12       x11=00000000 f11:be235c2f f12:00000000
22401053ns          383722 1c0084b0 01200733 add              x14, x0, x18        x14=00000004 x18:00000004
22401072ns          383723 1c0084b2 00058b63 beq              x11, x0, 22         x11:00000000
22401192ns          383729 1c0084c8 f40e09e3 beq              x28, x0, -174       x28:00000003
22401212ns          383730 1c0084cc 00c12283 lw               x5, 12(x2)           x5=00000015  x2:10001658  PA:10001664
22401232ns          383731 1c0084ce 01012583 lw               x11, 16(x2)         x11=100017b4  x2:10001658  PA:10001668
22401271ns          383733 1c0084d0 002e1a13 slli             x20, x28, 0x2       x20=0000000c x28:00000003
22401291ns          383734 1c0084d4 01e283b3 add              x7, x5, x30          x7=00000016  x5:00000015 x30:00000001
22401311ns          383735 1c0084d8 41458a33 sub              x20, x11, x20       x20=100017a8 x11:100017b4 x20:0000000c
22401331ns          383736 1c0084dc 074e40fb lp.setup         0x1, x28, 0x74      x28:00000003
22401351ns          383737 1c0084e0 007702b3 add              x5, x14, x7          x5=0000001a x14:00000004  x7:00000016
22401371ns          383738 1c0084e4 fff78b93 addi             x23, x15, -1        x23=00000002 x15:00000003
22401391ns          383739 1c0084e8 007005b3 add              x11, x0, x7         x11=00000016  x7:00000016
22401411ns          383740 1c0084ea 0c53db63 bge              x7, x5, 214          x7:00000016  x5:0000001a
22401431ns          383741 1c0084ee 000a2883 lw               x17, 0(x20)         x17=00000000 x20:100017a8  PA:100017a8
22401470ns          383743 1c0084f2 a0c8a8d3 feq.s            x17, f17, f12       x17=00000001 f17:00000000 f12:00000000
22401490ns          383744 1c0084f6 00088d63 beq              x17, x0, 26         x17:00000001
22401510ns          383745 1c0084fa 004a0a93 addi             x21, x20, 4         x21=100017ac x20:100017a8
22401530ns          383746 1c0084fe 00158593 addi             x11, x11, 1         x11=00000017 x11:00000016
22401550ns          383747 1c008500 0c558063 beq              x11, x5, 192        x11:00000017  x5:0000001a
22401570ns          383748 1c008504 004aa88b p.lw             x17, 4(x21!)        x17=3f4c1d9e x21=100017b0 x21:100017ac  PA:100017ac
22401610ns          383750 1c008508 a0c8a8d3 feq.s            x17, f17, f12       x17=00000000 f17:3f4c1d9e f12:00000000
22401629ns          383751 1c00850c fe0899e3 bne              x17, x0, -14        x17:00000000
22401649ns          383752 1c008510 f00705e3 beq              x14, x0, -246       x14:00000004
22401669ns          383753 1c008512 f00784e3 beq              x15, x0, -248       x15:00000003
22401689ns          383754 1c008514 02012623 sw               x0, 44(x2)           x2:10001658  PA:10001684
22401709ns          383755 1c008516 2017a763 p.beqimm         x15, 526            x15:00000003
22401729ns          383756 1c00851a 02012823 sw               x0, 48(x2)           x2:10001658  PA:10001688
22401749ns          383757 1c00851c 2027a463 p.beqimm         x15, 520            x15:00000003
22401769ns          383758 1c008520 02012a23 sw               x0, 52(x2)           x2:10001658  PA:1000168c
22401789ns          383759 1c008522 2037a163 p.beqimm         x15, 514            x15:00000003
22401848ns          383762 1c008724 002b9c13 slli             x24, x23, 0x2       x24=00000008 x23:00000002
22401868ns          383763 1c008728 017c0c33 add              x24, x24, x23       x24=0000000a x24:00000008 x23:00000002
22401888ns          383764 1c00872a 009c0c33 add              x24, x24, x9        x24=00000011 x24:0000000a  x9:00000007
22401908ns          383765 1c00872c 20d696d3 fsgnjn.s         f13, f13, f13       f13=xxxxxxxx f13:3fdcebf2 f13:3fdcebf2
22401928ns          383766 1c008730 005c0c13 addi             x24, x24, 5         x24=00000016 x24:00000011
22401948ns          383767 1c008732 fff30a13 addi             x20, x6, -1         x20=0000000c  x6:0000000d
22401968ns          383768 1c008736 00d12e23 sw               x13, 28(x2)         x13:bfdcebf2  x2:10001658  PA:10001674
22401987ns          383769 1c008738 ffe30893 addi             x17, x6, -2         x17=0000000b  x6:0000000d
22402007ns          383770 1c00873c e14c57e3 bge              x24, x20, -498      x24:00000016 x20:0000000c
22402067ns          383773 1c00854a 01412e03 lw               x28, 20(x2)         x28=1000174c  x2:10001658  PA:1000166c
22402087ns          383774 1c00854c 02c10a93 addi             x21, x2, 44         x21=10001684  x2:10001658
22402107ns          383775 1c008550 01fe0e33 add              x28, x28, x31       x28=10001780 x28:1000174c x31:00000034
22402127ns          383776 1c008552 01c12c23 sw               x28, 24(x2)         x28:10001780  x2:10001658  PA:10001670
22402147ns          383777 1c008554 01c00bb3 add              x23, x0, x28        x23=10001780 x28:10001780
22402166ns          383778 1c008556 00271c93 slli             x25, x14, 0x2       x25=00000010 x14:00000004
22402186ns          383779 1c00855a 00ea06b3 add              x13, x20, x14       x13=00000010 x20:0000000c x14:00000004
22402206ns          383780 1c00855e 1cda5063 bge              x20, x13, 448       x20:0000000c x13:00000010
22402226ns          383781 1c008562 ffcc8693 addi             x13, x25, -4        x13=0000000c x25:00000010
22402246ns          383782 1c008566 0026d693 srli             x13, x13, 0x2       x13=00000003 x13:0000000c
22402266ns          383783 1c008568 01d00e33 add              x28, x0, x29        x28=1000176c x29:1000176c
22402286ns          383784 1c00856a 01700333 add              x6, x0, x23          x6=10001780 x23:10001780
22402306ns          383785 1c00856c 00000593 addi             x11, x0, 0          x11=00000000
22402326ns          383786 1c008570 00168693 addi             x13, x13, 1         x13=00000004 x13:00000003
22402345ns          383787 1c008572 0066c0fb lp.setup         0x1, x13, 0x6       x13:00000004
22402365ns          383788 1c008576 0043238b p.lw             x7, 4(x6!)           x7=00000000  x6=10001784  x6:10001780  PA:10001780
22402385ns          383789 1c00857a 004e228b p.lw             x5, 4(x28!)          x5=3f800000 x28=10001770 x28:1000176c  PA:1000176c
22402425ns          383791 1c00857e 5853f5c3 fmadd.s          f11, f7, f5, f11    f11=xxxxxxxx  f7:00000000  f5:3f800000 f11:00000000
22402485ns          383794 1c008576 0043238b p.lw             x7, 4(x6!)           x7=bf0cbd14  x6=10001788  x6:10001784  PA:10001784
22402505ns          383795 1c00857a 004e228b p.lw             x5, 4(x28!)          x5=be76876a x28=10001774 x28:10001770  PA:10001770
22402544ns          383797 1c00857e 5853f5c3 fmadd.s          f11, f7, f5, f11    f11=xxxxxxxx  f7:bf0cbd14  f5:be76876a f11:00000000
22402564ns          383798 1c008576 0043238b p.lw             x7, 4(x6!)           x7=bcdf6e81  x6=1000178c  x6:10001788  PA:10001788
22402584ns          383799 1c00857a 004e228b p.lw             x5, 4(x28!)          x5=3e8c9020 x28=10001778 x28:10001774  PA:10001774
22402624ns          383801 1c00857e 5853f5c3 fmadd.s          f11, f7, f5, f11    f11=xxxxxxxx  f7:bcdf6e81  f5:3e8c9020 f11:3e078823
22402644ns          383802 1c008576 0043238b p.lw             x7, 4(x6!)           x7=3f55ba83  x6=10001790  x6:1000178c  PA:1000178c
22402664ns          383803 1c00857a 004e228b p.lw             x5, 4(x28!)          x5=be235c2f x28=1000177c x28:10001778  PA:10001778
22402704ns          383805 1c00857e 5853f5c3 fmadd.s          f11, f7, f5, f11    f11=xxxxxxxx  f7:3f55ba83  f5:be235c2f f11:3dffba7f
22402723ns          383806 1c008582 000aa683 lw               x13, 0(x21)         x13=00000000 x21:10001684  PA:10001684
22402743ns          383807 1c008586 005a0a13 addi             x20, x20, 5         x20=00000011 x20:0000000c
22402763ns          383808 1c008588 00b6f5d3 fadd.s           f11, f13, f11       f11=xxxxxxxx f13:00000000 f11:bc085783
22402783ns          383809 1c00858c 014b8b93 addi             x23, x23, 20        x23=10001794 x23:10001780
22402803ns          383810 1c00858e 00baa22b p.sw             x11, 4(x21!)        x21=10001688 x11:bc085783 x21:10001684  PA:10001684
22402823ns          383811 1c008592 fd4c54e3 bge              x24, x20, -56       x24:00000016 x20:00000011
22402902ns          383815 1c00855a 00ea06b3 add              x13, x20, x14       x13=00000015 x20:00000011 x14:00000004
22402922ns          383816 1c00855e 1cda5063 bge              x20, x13, 448       x20:00000011 x13:00000015
22402942ns          383817 1c008562 ffcc8693 addi             x13, x25, -4        x13=0000000c x25:00000010
22402962ns          383818 1c008566 0026d693 srli             x13, x13, 0x2       x13=00000003 x13:0000000c
22402982ns          383819 1c008568 01d00e33 add              x28, x0, x29        x28=1000176c x29:1000176c
22403002ns          383820 1c00856a 01700333 add              x6, x0, x23          x6=10001794 x23:10001794
22403022ns          383821 1c00856c 00000593 addi             x11, x0, 0          x11=00000000
22403042ns          383822 1c008570 00168693 addi             x13, x13, 1         x13=00000004 x13:00000003
22403062ns          383823 1c008572 0066c0fb lp.setup         0x1, x13, 0x6       x13:00000004
22403081ns          383824 1c008576 0043238b p.lw             x7, 4(x6!)           x7=00000000  x6=10001798  x6:10001794  PA:10001794
22403101ns          383825 1c00857a 004e228b p.lw             x5, 4(x28!)          x5=3f800000 x28=10001770 x28:1000176c  PA:1000176c
22403141ns          383827 1c00857e 5853f5c3 fmadd.s          f11, f7, f5, f11    f11=xxxxxxxx  f7:00000000  f5:3f800000 f11:00000000
22403161ns          383828 1c008576 0043238b p.lw             x7, 4(x6!)           x7=be7f0aef  x6=1000179c  x6:10001798  PA:10001798
22403181ns          383829 1c00857a 004e228b p.lw             x5, 4(x28!)          x5=be76876a x28=10001774 x28:10001770  PA:10001770
22403221ns          383831 1c00857e 5853f5c3 fmadd.s          f11, f7, f5, f11    f11=xxxxxxxx  f7:be7f0aef  f5:be76876a f11:00000000
22403241ns          383832 1c008576 0043238b p.lw             x7, 4(x6!)           x7=bf72dae8  x6=100017a0  x6:1000179c  PA:1000179c
22403260ns          383833 1c00857a 004e228b p.lw             x5, 4(x28!)          x5=3e8c9020 x28=10001778 x28:10001774  PA:10001774
22403300ns          383835 1c00857e 5853f5c3 fmadd.s          f11, f7, f5, f11    f11=xxxxxxxx  f7:bf72dae8  f5:3e8c9020 f11:3d759b6a
22403320ns          383836 1c008576 0043238b p.lw             x7, 4(x6!)           x7=be47adbf  x6=100017a4  x6:100017a0  PA:100017a0
22403340ns          383837 1c00857a 004e228b p.lw             x5, 4(x28!)          x5=be235c2f x28=1000177c x28:10001778  PA:10001778
22403380ns          383839 1c00857e 5853f5c3 fmadd.s          f11, f7, f5, f11    f11=xxxxxxxx  f7:be47adbf  f5:be235c2f f11:be4d4a06
22403400ns          383840 1c008582 000aa683 lw               x13, 0(x21)         x13=00000000 x21:10001688  PA:10001688
22403420ns          383841 1c008586 005a0a13 addi             x20, x20, 5         x20=00000016 x20:00000011
22403439ns          383842 1c008588 00b6f5d3 fadd.s           f11, f13, f11       f11=xxxxxxxx f13:00000000 f11:be2d6f24
22403459ns          383843 1c00858c 014b8b93 addi             x23, x23, 20        x23=100017a8 x23:10001794
22403479ns          383844 1c00858e 00baa22b p.sw             x11, 4(x21!)        x21=1000168c x11:be2d6f24 x21:10001688  PA:10001688
22403499ns          383845 1c008592 fd4c54e3 bge              x24, x20, -56       x24:00000016 x20:00000016
22403579ns          383849 1c00855a 00ea06b3 add              x13, x20, x14       x13=0000001a x20:00000016 x14:00000004
22403599ns          383850 1c00855e 1cda5063 bge              x20, x13, 448       x20:00000016 x13:0000001a
22403618ns          383851 1c008562 ffcc8693 addi             x13, x25, -4        x13=0000000c x25:00000010
22403638ns          383852 1c008566 0026d693 srli             x13, x13, 0x2       x13=00000003 x13:0000000c
22403658ns          383853 1c008568 01d00e33 add              x28, x0, x29        x28=1000176c x29:1000176c
22403678ns          383854 1c00856a 01700333 add              x6, x0, x23          x6=100017a8 x23:100017a8
22403698ns          383855 1c00856c 00000593 addi             x11, x0, 0          x11=00000000
22403718ns          383856 1c008570 00168693 addi             x13, x13, 1         x13=00000004 x13:00000003
22403738ns          383857 1c008572 0066c0fb lp.setup         0x1, x13, 0x6       x13:00000004
22403758ns          383858 1c008576 0043238b p.lw             x7, 4(x6!)           x7=00000000  x6=100017ac  x6:100017a8  PA:100017a8
22403778ns          383859 1c00857a 004e228b p.lw             x5, 4(x28!)          x5=3f800000 x28=10001770 x28:1000176c  PA:1000176c
22403817ns          383861 1c00857e 5853f5c3 fmadd.s          f11, f7, f5, f11    f11=xxxxxxxx  f7:00000000  f5:3f800000 f11:00000000
22403837ns          383862 1c008576 0043238b p.lw             x7, 4(x6!)           x7=3f4c1d9e  x6=100017b0  x6:100017ac  PA:100017ac
22403857ns          383863 1c00857a 004e228b p.lw             x5, 4(x28!)          x5=be76876a x28=10001774 x28:10001770  PA:10001770
22403897ns          383865 1c00857e 5853f5c3 fmadd.s          f11, f7, f5, f11    f11=xxxxxxxx  f7:3f4c1d9e  f5:be76876a f11:00000000
22403917ns          383866 1c008576 0043238b p.lw             x7, 4(x6!)           x7=bea15a34  x6=100017b4  x6:100017b0  PA:100017b0
22403937ns          383867 1c00857a 004e228b p.lw             x5, 4(x28!)          x5=3e8c9020 x28=10001778 x28:10001774  PA:10001774
22403977ns          383869 1c00857e 5853f5c3 fmadd.s          f11, f7, f5, f11    f11=xxxxxxxx  f7:bea15a34  f5:3e8c9020 f11:be44906e
22403996ns          383870 1c008576 0043238b p.lw             x7, 4(x6!)           x7=3f03c5e5  x6=100017b8  x6:100017b4  PA:100017b4
22404016ns          383871 1c00857a 004e228b p.lw             x5, 4(x28!)          x5=be235c2f x28=1000177c x28:10001778  PA:10001778
22404056ns          383873 1c00857e 5853f5c3 fmadd.s          f11, f7, f5, f11    f11=xxxxxxxx  f7:3f03c5e5  f5:be235c2f f11:be8e944d
22404076ns          383874 1c008582 000aa683 lw               x13, 0(x21)         x13=00000000 x21:1000168c  PA:1000168c
22404096ns          383875 1c008586 005a0a13 addi             x20, x20, 5         x20=0000001b x20:00000016
22404116ns          383876 1c008588 00b6f5d3 fadd.s           f11, f13, f11       f11=xxxxxxxx f13:00000000 f11:beb89f87
22404136ns          383877 1c00858c 014b8b93 addi             x23, x23, 20        x23=100017bc x23:100017a8
22404156ns          383878 1c00858e 00baa22b p.sw             x11, 4(x21!)        x21=10001690 x11:beb89f87 x21:1000168c  PA:1000168c
22404175ns          383879 1c008592 fd4c54e3 bge              x24, x20, -56       x24:00000016 x20:0000001b
22404195ns          383880 1c008596 00178593 addi             x11, x15, 1         x11=00000004 x15:00000003
22404215ns          383881 1c00859a 00200693 addi             x13, x0, 2          x13=00000002
22404235ns          383882 1c00859c 02c10a93 addi             x21, x2, 44         x21=10001684  x2:10001658
22404255ns          383883 1c0085a0 01812a03 lw               x20, 24(x2)         x20=10001780  x2:10001658  PA:10001670
22404275ns          383884 1c0085a2 1ad5cb63 blt              x11, x13, 438       x11:00000004 x13:00000002
22404295ns          383885 1c0085a6 01c12b83 lw               x23, 28(x2)         x23=bfdcebf2  x2:10001658  PA:10001674
22404315ns          383886 1c0085a8 0097c07b lp.setup         0x0, x15, 0x9       x15:00000003
22404335ns          383887 1c0085ac 004aa28b p.lw             x5, 4(x21!)          x5=bc085783 x21=10001688 x21:10001684  PA:10001684
22404374ns          383889 1c0085b0 a0c2a6d3 feq.s            x13, f5, f12        x13=00000000  f5:bc085783 f12:00000000
22404394ns          383890 1c0085b4 12068d63 beq              x13, x0, 314        x13:00000000
22404553ns          383898 1c0086ee 00e886b3 add              x13, x17, x14       x13=0000000f x17:0000000b x14:00000004
22404573ns          383899 1c0086f2 105bf2d3 fmul.s           f5, f23, f5          f5=xxxxxxxx f23:bfdcebf2  f5:bc085783
22404593ns          383900 1c0086f6 ecd8d1e3 bge              x17, x13, -318      x17:0000000b x13:0000000f
22404613ns          383901 1c0086fa ffcc8313 addi             x6, x25, -4          x6=0000000c x25:00000010
22404673ns          383904 1c0086fe 00235313 srli             x6, x6, 0x2          x6=00000003  x6:0000000c
22404693ns          383905 1c008702 01d003b3 add              x7, x0, x29          x7=1000176c x29:1000176c
22404712ns          383906 1c008704 01400e33 add              x28, x0, x20        x28=10001780 x20:10001780
22404732ns          383907 1c008706 00130313 addi             x6, x6, 1            x6=00000004  x6:00000003
22404752ns          383908 1c008708 008340fb lp.setup         0x1, x6, 0x8         x6:00000004
22404772ns          383909 1c00870c 000e2583 lw               x11, 0(x28)         x11=00000000 x28:10001780  PA:10001780
22404792ns          383910 1c008710 0043a68b p.lw             x13, 4(x7!)         x13=3f800000  x7=10001770  x7:1000176c  PA:1000176c
22404832ns          383912 1c008714 58d2f6c3 fmadd.s          f13, f5, f13, f11   f13=xxxxxxxx  f5:3c6b51bc f13:3f800000 f11:00000000
22404852ns          383913 1c008718 00de222b p.sw             x13, 4(x28!)        x28=10001784 x13:3c6b51bc x28:10001780  PA:10001780
22404872ns          383914 1c00870c 000e2583 lw               x11, 0(x28)         x11=bf0cbd14 x28:10001784  PA:10001784
22404892ns          383915 1c008710 0043a68b p.lw             x13, 4(x7!)         x13=be76876a  x7=10001774  x7:10001770  PA:10001770
22404931ns          383917 1c008714 58d2f6c3 fmadd.s          f13, f5, f13, f11   f13=xxxxxxxx  f5:3c6b51bc f13:be76876a f11:bf0cbd14
22404951ns          383918 1c008718 00de222b p.sw             x13, 4(x28!)        x28=10001788 x13:bf0d9fb1 x28:10001784  PA:10001784
22404971ns          383919 1c00870c 000e2583 lw               x11, 0(x28)         x11=bcdf6e81 x28:10001788  PA:10001788
22404991ns          383920 1c008710 0043a68b p.lw             x13, 4(x7!)         x13=3e8c9020  x7=10001778  x7:10001774  PA:10001774
22405031ns          383922 1c008714 58d2f6c3 fmadd.s          f13, f5, f13, f11   f13=xxxxxxxx  f5:3c6b51bc f13:3e8c9020 f11:bcdf6e81
22405051ns          383923 1c008718 00de222b p.sw             x13, 4(x28!)        x28=1000178c x13:bcbf2135 x28:10001788  PA:10001788
22405071ns          383924 1c00870c 000e2583 lw               x11, 0(x28)         x11=3f55ba83 x28:1000178c  PA:1000178c
22405090ns          383925 1c008710 0043a68b p.lw             x13, 4(x7!)         x13=be235c2f  x7=1000177c  x7:10001778  PA:10001778
22405130ns          383927 1c008714 58d2f6c3 fmadd.s          f13, f5, f13, f11   f13=xxxxxxxx  f5:3c6b51bc f13:be235c2f f11:3f55ba83
22405150ns          383928 1c008718 00de222b p.sw             x13, 4(x28!)        x28=10001790 x13:3f552459 x28:1000178c  PA:1000178c
22405170ns          383929 1c00871c e9dff06f jal              x0, -356           
22405210ns          383931 1c0085b8 00588893 addi             x17, x17, 5         x17=00000010 x17:0000000b
22405230ns          383932 1c0085ba 014a0a13 addi             x20, x20, 20        x20=10001794 x20:10001780
22405250ns          383933 1c0085ac 004aa28b p.lw             x5, 4(x21!)          x5=be2d6f24 x21=1000168c x21:10001688  PA:10001688
22405289ns          383935 1c0085b0 a0c2a6d3 feq.s            x13, f5, f12        x13=00000000  f5:be2d6f24 f12:00000000
22405309ns          383936 1c0085b4 12068d63 beq              x13, x0, 314        x13:00000000
22405389ns          383940 1c0086ee 00e886b3 add              x13, x17, x14       x13=00000014 x17:00000010 x14:00000004
22405409ns          383941 1c0086f2 105bf2d3 fmul.s           f5, f23, f5          f5=xxxxxxxx f23:bfdcebf2  f5:be2d6f24
22405429ns          383942 1c0086f6 ecd8d1e3 bge              x17, x13, -318      x17:00000010 x13:00000014
22405448ns          383943 1c0086fa ffcc8313 addi             x6, x25, -4          x6=0000000c x25:00000010
22405468ns          383944 1c0086fe 00235313 srli             x6, x6, 0x2          x6=00000003  x6:0000000c
22405488ns          383945 1c008702 01d003b3 add              x7, x0, x29          x7=1000176c x29:1000176c
22405508ns          383946 1c008704 01400e33 add              x28, x0, x20        x28=10001794 x20:10001794
22405528ns          383947 1c008706 00130313 addi             x6, x6, 1            x6=00000004  x6:00000003
22405548ns          383948 1c008708 008340fb lp.setup         0x1, x6, 0x8         x6:00000004
22405568ns          383949 1c00870c 000e2583 lw               x11, 0(x28)         x11=00000000 x28:10001794  PA:10001794
22405588ns          383950 1c008710 0043a68b p.lw             x13, 4(x7!)         x13=3f800000  x7=10001770  x7:1000176c  PA:1000176c
22405627ns          383952 1c008714 58d2f6c3 fmadd.s          f13, f5, f13, f11   f13=xxxxxxxx  f5:3e95ab5c f13:3f800000 f11:00000000
22405647ns          383953 1c008718 00de222b p.sw             x13, 4(x28!)        x28=10001798 x13:3e95ab5c x28:10001794  PA:10001794
22405667ns          383954 1c00870c 000e2583 lw               x11, 0(x28)         x11=be7f0aef x28:10001798  PA:10001798
22405687ns          383955 1c008710 0043a68b p.lw             x13, 4(x7!)         x13=be76876a  x7=10001774  x7:10001770  PA:10001770
22405727ns          383957 1c008714 58d2f6c3 fmadd.s          f13, f5, f13, f11   f13=xxxxxxxx  f5:3e95ab5c f13:be76876a f11:be7f0aef
22405747ns          383958 1c008718 00de222b p.sw             x13, 4(x28!)        x28=1000179c x13:bea38ded x28:10001798  PA:10001798
22405767ns          383959 1c00870c 000e2583 lw               x11, 0(x28)         x11=bf72dae8 x28:1000179c  PA:1000179c
22405787ns          383960 1c008710 0043a68b p.lw             x13, 4(x7!)         x13=3e8c9020  x7=10001778  x7:10001774  PA:10001774
22405826ns          383962 1c008714 58d2f6c3 fmadd.s          f13, f5, f13, f11   f13=xxxxxxxx  f5:3e95ab5c f13:3e8c9020 f11:bf72dae8
22405846ns          383963 1c008718 00de222b p.sw             x13, 4(x28!)        x28=100017a0 x13:bf5e4f6a x28:1000179c  PA:1000179c
22405866ns          383964 1c00870c 000e2583 lw               x11, 0(x28)         x11=be47adbf x28:100017a0  PA:100017a0
22405886ns          383965 1c008710 0043a68b p.lw             x13, 4(x7!)         x13=be235c2f  x7=1000177c  x7:10001778  PA:10001778
22405926ns          383967 1c008714 58d2f6c3 fmadd.s          f13, f5, f13, f11   f13=xxxxxxxx  f5:3e95ab5c f13:be235c2f f11:be47adbf
22405946ns          383968 1c008718 00de222b p.sw             x13, 4(x28!)        x28=100017a4 x13:be776ebf x28:100017a0  PA:100017a0
22405966ns          383969 1c00871c e9dff06f jal              x0, -356           
22406005ns          383971 1c0085b8 00588893 addi             x17, x17, 5         x17=00000015 x17:00000010
22406025ns          383972 1c0085ba 014a0a13 addi             x20, x20, 20        x20=100017a8 x20:10001794
22406045ns          383973 1c0085ac 004aa28b p.lw             x5, 4(x21!)          x5=beb89f87 x21=10001690 x21:1000168c  PA:1000168c
22406085ns          383975 1c0085b0 a0c2a6d3 feq.s            x13, f5, f12        x13=00000000  f5:beb89f87 f12:00000000
22406105ns          383976 1c0085b4 12068d63 beq              x13, x0, 314        x13:00000000
22406184ns          383980 1c0086ee 00e886b3 add              x13, x17, x14       x13=00000019 x17:00000015 x14:00000004
22406204ns          383981 1c0086f2 105bf2d3 fmul.s           f5, f23, f5          f5=xxxxxxxx f23:bfdcebf2  f5:beb89f87
22406224ns          383982 1c0086f6 ecd8d1e3 bge              x17, x13, -318      x17:00000015 x13:00000019
22406244ns          383983 1c0086fa ffcc8313 addi             x6, x25, -4          x6=0000000c x25:00000010
22406264ns          383984 1c0086fe 00235313 srli             x6, x6, 0x2          x6=00000003  x6:0000000c
22406284ns          383985 1c008702 01d003b3 add              x7, x0, x29          x7=1000176c x29:1000176c
22406304ns          383986 1c008704 01400e33 add              x28, x0, x20        x28=100017a8 x20:100017a8
22406324ns          383987 1c008706 00130313 addi             x6, x6, 1            x6=00000004  x6:00000003
22406344ns          383988 1c008708 008340fb lp.setup         0x1, x6, 0x8         x6:00000004
22406363ns          383989 1c00870c 000e2583 lw               x11, 0(x28)         x11=00000000 x28:100017a8  PA:100017a8
22406383ns          383990 1c008710 0043a68b p.lw             x13, 4(x7!)         x13=3f800000  x7=10001770  x7:1000176c  PA:1000176c
22406423ns          383992 1c008714 58d2f6c3 fmadd.s          f13, f5, f13, f11   f13=xxxxxxxx  f5:3f1f5341 f13:3f800000 f11:00000000
22406443ns          383993 1c008718 00de222b p.sw             x13, 4(x28!)        x28=100017ac x13:3f1f5341 x28:100017a8  PA:100017a8
22406463ns          383994 1c00870c 000e2583 lw               x11, 0(x28)         x11=3f4c1d9e x28:100017ac  PA:100017ac
22406483ns          383995 1c008710 0043a68b p.lw             x13, 4(x7!)         x13=be76876a  x7=10001774  x7:10001770  PA:10001770
22406523ns          383997 1c008714 58d2f6c3 fmadd.s          f13, f5, f13, f11   f13=xxxxxxxx  f5:3f1f5341 f13:be76876a f11:3f4c1d9e
22406542ns          383998 1c008718 00de222b p.sw             x13, 4(x28!)        x28=100017b0 x13:3f25c20c x28:100017ac  PA:100017ac
22406562ns          383999 1c00870c 000e2583 lw               x11, 0(x28)         x11=bea15a34 x28:100017b0  PA:100017b0
22406582ns          384000 1c008710 0043a68b p.lw             x13, 4(x7!)         x13=3e8c9020  x7=10001778  x7:10001774  PA:10001774
22406622ns          384002 1c008714 58d2f6c3 fmadd.s          f13, f5, f13, f11   f13=xxxxxxxx  f5:3f1f5341 f13:3e8c9020 f11:bea15a34
22406642ns          384003 1c008718 00de222b p.sw             x13, 4(x28!)        x28=100017b4 x13:be13bdf3 x28:100017b0  PA:100017b0
22406662ns          384004 1c00870c 000e2583 lw               x11, 0(x28)         x11=3f03c5e5 x28:100017b4  PA:100017b4
22406682ns          384005 1c008710 0043a68b p.lw             x13, 4(x7!)         x13=be235c2f  x7=1000177c  x7:10001778  PA:10001778
22406721ns          384007 1c008714 58d2f6c3 fmadd.s          f13, f5, f13, f11   f13=xxxxxxxx  f5:3f1f5341 f13:be235c2f f11:3f03c5e5
22406741ns          384008 1c008718 00de222b p.sw             x13, 4(x28!)        x28=100017b8 x13:3ed4b619 x28:100017b4  PA:100017b4
22406761ns          384009 1c00871c e9dff06f jal              x0, -356           
22406801ns          384011 1c0085b8 00588893 addi             x17, x17, 5         x17=0000001a x17:00000015
22406821ns          384012 1c0085ba 014a0a13 addi             x20, x20, 20        x20=100017bc x20:100017a8
22406841ns          384013 1c0085bc 00052683 lw               x13, 0(x10)         x13=3fdcebf2 x10:100016d0  PA:100016d0
22406861ns          384014 1c0085be e5dff06f jal              x0, -420           
22406920ns          384017 1c00841a 0334d263 bge              x9, x19, 36          x9:00000007 x19:0000000a
22406940ns          384018 1c00841e 00812283 lw               x5, 8(x2)            x5=1000173c  x2:10001658  PA:10001660
22406980ns          384020 1c008420 00d007b3 add              x15, x0, x13        x15=3fdcebf2 x13:3fdcebf2
22407020ns          384022 1c008422 01f28733 add              x14, x5, x31        x14=10001770  x5:1000173c x31:00000034
22407040ns          384023 1c008426 0040006f jal              x0, 4              
22407079ns          384025 1c00842a 00072683 lw               x13, 0(x14)         x13=be76876a x14:10001770  PA:10001770
22407099ns          384026 1c00842c 20f797d3 fsgnjn.s         f15, f15, f15       f15=xxxxxxxx f15:3fdcebf2 f15:3fdcebf2
22407119ns          384027 1c008430 10d7f7d3 fmul.s           f15, f15, f13       f15=xxxxxxxx f15:bfdcebf2 f13:be76876a
22407139ns          384028 1c008434 00f7222b p.sw             x15, 4(x14!)        x14=10001774 x15:3ed4bf96 x14:10001770  PA:10001770
22407159ns          384029 1c008438 ff0718e3 bne              x14, x16, -16       x14:10001774 x16:1000177c
22407219ns          384032 1c008428 00052783 lw               x15, 0(x10)         x15=3fdcebf2 x10:100016d0  PA:100016d0
22407239ns          384033 1c00842a 00072683 lw               x13, 0(x14)         x13=3e8c9020 x14:10001774  PA:10001774
22407259ns          384034 1c00842c 20f797d3 fsgnjn.s         f15, f15, f15       f15=xxxxxxxx f15:3fdcebf2 f15:3fdcebf2
22407278ns          384035 1c008430 10d7f7d3 fmul.s           f15, f15, f13       f15=xxxxxxxx f15:bfdcebf2 f13:3e8c9020
22407298ns          384036 1c008434 00f7222b p.sw             x15, 4(x14!)        x14=10001778 x15:bef29ad1 x14:10001774  PA:10001774
22407318ns          384037 1c008438 ff0718e3 bne              x14, x16, -16       x14:10001778 x16:1000177c
22407378ns          384040 1c008428 00052783 lw               x15, 0(x10)         x15=3fdcebf2 x10:100016d0  PA:100016d0
22407398ns          384041 1c00842a 00072683 lw               x13, 0(x14)         x13=be235c2f x14:10001778  PA:10001778
22407418ns          384042 1c00842c 20f797d3 fsgnjn.s         f15, f15, f15       f15=xxxxxxxx f15:3fdcebf2 f15:3fdcebf2
22407438ns          384043 1c008430 10d7f7d3 fmul.s           f15, f15, f13       f15=xxxxxxxx f15:bfdcebf2 f13:be235c2f
22407457ns          384044 1c008434 00f7222b p.sw             x15, 4(x14!)        x14=1000177c x15:3e8cf9c8 x14:10001778  PA:10001778
22407477ns          384045 1c008438 ff0718e3 bne              x14, x16, -16       x14:1000177c x16:1000177c
22407497ns          384046 1c00843c 00052683 lw               x13, 0(x10)         x13=3fdcebf2 x10:100016d0  PA:100016d0
22407517ns          384047 1c00843e 1c0003b7 lui              x7, 0x1c000000       x7=1c000000
22407537ns          384048 1c008442 04c38393 addi             x7, x7, 76           x7=1c00004c  x7:1c000000
22407557ns          384049 1c008446 0003a383 lw               x7, 0(x7)            x7=3f800000  x7:1c00004c  PA:1c00004c
22407895ns          384066 1c00844a 08d3f6d3 fsub.s           f13, f7, f13        f13=xxxxxxxx  f7:3f800000 f13:3fdcebf2
22407915ns          384067 1c00844e 00dea023 sw               x13, 0(x29)         x13:bf39d7e4 x29:1000176c  PA:1000176c
22407935ns          384068 1c008452 021f2063 p.beqimm         x30, 32             x30:00000001
22407994ns          384071 1c008472 ffff0f13 addi             x30, x30, -1        x30=00000000 x30:00000001
22408014ns          384072 1c008474 01200e33 add              x28, x0, x18        x28=00000004 x18:00000004
22408034ns          384073 1c008476 fe8e8e93 addi             x29, x29, -24       x29=10001754 x29:1000176c
22408054ns          384074 1c008478 fec40413 addi             x8, x8, -20          x8=10001754  x8:10001768
22408074ns          384075 1c00847a ffc50513 addi             x10, x10, -4        x10=100016cc x10:100016d0
22408094ns          384076 1c00847c 00900333 add              x6, x0, x9           x6=00000007  x9:00000007
22408114ns          384077 1c00847e ffb98993 addi             x19, x19, -5        x19=00000005 x19:0000000a
22408134ns          384078 1c008480 fecb0b13 addi             x22, x22, -20       x22=10001780 x22:10001794
22408154ns          384079 1c008482 fec80813 addi             x16, x16, -20       x16=10001768 x16:1000177c
22408173ns          384080 1c008484 fe8f8f93 addi             x31, x31, -24       x31=0000001c x31:00000034
22408193ns          384081 1c008486 f60f1ee3 bne              x30, x0, -132       x30:00000000
22408213ns          384082 1c00848a 06c12403 lw               x8, 108(x2)          x8=00000002  x2:10001658  PA:100016c4
22408233ns          384083 1c00848c 06812483 lw               x9, 104(x2)          x9=100016f0  x2:10001658  PA:100016c0
22408253ns          384084 1c00848e 06412903 lw               x18, 100(x2)        x18=1c010000  x2:10001658  PA:100016bc
22408273ns          384085 1c008490 06012983 lw               x19, 96(x2)         x19=xxxxxxxx  x2:10001658  PA:100016b8
22408293ns          384086 1c008492 05c12a03 lw               x20, 92(x2)         x20=xxxxxxxx  x2:10001658  PA:100016b4
22408313ns          384087 1c008494 05812a83 lw               x21, 88(x2)         x21=xxxxxxxx  x2:10001658  PA:100016b0
22408333ns          384088 1c008496 05412b03 lw               x22, 84(x2)         x22=xxxxxxxx  x2:10001658  PA:100016ac
22408352ns          384089 1c008498 05012b83 lw               x23, 80(x2)         x23=xxxxxxxx  x2:10001658  PA:100016a8
22408372ns          384090 1c00849a 04c12c03 lw               x24, 76(x2)         x24=xxxxxxxx  x2:10001658  PA:100016a4
22408392ns          384091 1c00849c 04812c83 lw               x25, 72(x2)         x25=xxxxxxxx  x2:10001658  PA:100016a0
22408412ns          384092 1c00849e 04412d03 lw               x26, 68(x2)         x26=xxxxxxxx  x2:10001658  PA:1000169c
22408432ns          384093 1c0084a0 04012d83 lw               x27, 64(x2)         x27=xxxxxxxx  x2:10001658  PA:10001698
22408452ns          384094 1c0084a2 07010113 addi             x2, x2, 112          x2=100016c8  x2:10001658
22408472ns          384095 1c0084a4 00008067 jalr             x0, x1, 0            x1:1c00ac0c
22408949ns          384119 1c00ac0c 08c10593 addi             x11, x2, 140        x11=10001754  x2:100016c8
22408969ns          384120 1c00ac0e 00900533 add              x10, x0, x9         x10=100016f0  x9:100016f0
22409029ns          384123 1c00ac10 85efe0ef jal              x1, -8098            x1=1c00ac14
22409486ns          384146 1c008c6e f3010113 addi             x2, x2, -208         x2=100015f8  x2:100016c8
22409944ns          384169 1c008c70 0ba12023 sw               x26, 160(x2)        x26:xxxxxxxx  x2:100015f8  PA:10001698
22409964ns          384170 1c008c72 09b12e23 sw               x27, 156(x2)        x27:xxxxxxxx  x2:100015f8  PA:10001694
22409984ns          384171 1c008c74 0c112623 sw               x1, 204(x2)          x1:1c00ac14  x2:100015f8  PA:100016c4
22410003ns          384172 1c008c76 0c812423 sw               x8, 200(x2)          x8:00000002  x2:100015f8  PA:100016c0
22410023ns          384173 1c008c78 0c912223 sw               x9, 196(x2)          x9:100016f0  x2:100015f8  PA:100016bc
22410043ns          384174 1c008c7a 0d212023 sw               x18, 192(x2)        x18:1c010000  x2:100015f8  PA:100016b8
22410063ns          384175 1c008c7c 0b312e23 sw               x19, 188(x2)        x19:xxxxxxxx  x2:100015f8  PA:100016b4
22410083ns          384176 1c008c7e 0b412c23 sw               x20, 184(x2)        x20:xxxxxxxx  x2:100015f8  PA:100016b0
22410461ns          384195 1c008c80 0b512a23 sw               x21, 180(x2)        x21:xxxxxxxx  x2:100015f8  PA:100016ac
22410481ns          384196 1c008c82 0b612823 sw               x22, 176(x2)        x22:xxxxxxxx  x2:100015f8  PA:100016a8
22410501ns          384197 1c008c84 0b712623 sw               x23, 172(x2)        x23:xxxxxxxx  x2:100015f8  PA:100016a4
22410521ns          384198 1c008c86 0b812423 sw               x24, 168(x2)        x24:xxxxxxxx  x2:100015f8  PA:100016a0
22410540ns          384199 1c008c88 0b912223 sw               x25, 164(x2)        x25:xxxxxxxx  x2:100015f8  PA:1000169c
22410560ns          384200 1c008c8a 04b12823 sw               x11, 80(x2)         x11:10001754  x2:100015f8  PA:10001648
22410580ns          384201 1c008c8c 00052423 sw               x0, 8(x10)          x10:100016f0  PA:100016f8
22410978ns          384221 1c008c90 00052623 sw               x0, 12(x10)         x10:100016f0  PA:100016fc
22411018ns          384223 1c008c94 02052023 sw               x0, 32(x10)         x10:100016f0  PA:10001710
22411038ns          384224 1c008c98 02052223 sw               x0, 36(x10)         x10:100016f0  PA:10001714
22411058ns          384225 1c008c9c 02052c23 sw               x0, 56(x10)         x10:100016f0  PA:10001728
22411515ns          384248 1c008ca0 00400d93 addi             x27, x0, 4          x27=00000004
22411535ns          384249 1c008ca2 00a00d33 add              x26, x0, x10        x26=100016f0 x10:100016f0
22411555ns          384250 1c008ca4 fffd8c13 addi             x24, x27, -1        x24=00000003 x27:00000004
22411575ns          384251 1c008ca8 002c1793 slli             x15, x24, 0x2       x15=0000000c x24:00000003
22411595ns          384252 1c008cac 018787b3 add              x15, x15, x24       x15=0000000f x15:0000000c x24:00000003
22411615ns          384253 1c008cae 02f12e23 sw               x15, 60(x2)         x15:0000000f  x2:100015f8  PA:10001634
22412032ns          384274 1c008cb0 03c12e03 lw               x28, 60(x2)         x28=0000000f  x2:100015f8  PA:10001634
22412072ns          384276 1c008cb2 400007b7 lui              x15, 0x40000000     x15=40000000
22412092ns          384277 1c008cb6 fff78713 addi             x14, x15, -1        x14=3fffffff x15:40000000
22412112ns          384278 1c008cba 01be0533 add              x10, x28, x27       x10=00000013 x28:0000000f x27:00000004
22412549ns          384300 1c008cbe 00e505b3 add              x11, x10, x14       x11=40000012 x10:00000013 x14:3fffffff
22412589ns          384302 1c008cc2 001d9613 slli             x12, x27, 0x1       x12=00000008 x27:00000004
22412609ns          384303 1c008cc6 fee78693 addi             x13, x15, -18       x13=3fffffee x15:40000000
22412629ns          384304 1c008cca ffbe0893 addi             x17, x28, -5        x17=0000000a x28:0000000f
22412649ns          384305 1c008cce 01b70733 add              x14, x14, x27       x14=40000003 x14:3fffffff x27:00000004
22413067ns          384326 1c008cd0 01b607b3 add              x15, x12, x27       x15=0000000c x12:00000008 x27:00000004
22413106ns          384328 1c008cd4 005e0813 addi             x16, x28, 5         x16=00000014 x28:0000000f
22413126ns          384329 1c008cd8 01170733 add              x14, x14, x17       x14=4000000d x14:40000003 x17:0000000a
22413146ns          384330 1c008cda 01b686b3 add              x13, x13, x27       x13=3ffffff2 x13:3fffffee x27:00000004
22413166ns          384331 1c008cdc 00379793 slli             x15, x15, 0x3       x15=00000060 x15:0000000c
22413584ns          384352 1c008cde 00259613 slli             x12, x11, 0x2       x12=00000048 x11:40000012
22413604ns          384353 1c008ce2 010686b3 add              x13, x13, x16       x13=40000006 x13:3ffffff2 x16:00000014
22413624ns          384354 1c008ce4 07c12a83 lw               x21, 124(x2)        x21=bfdcebf2  x2:100015f8  PA:10001674
22413643ns          384355 1c008ce6 03812623 sw               x24, 44(x2)         x24:00000003  x2:100015f8  PA:10001624
22413663ns          384356 1c008ce8 00271713 slli             x14, x14, 0x2       x14=00000034 x14:4000000d
22413683ns          384357 1c008cea 07812c03 lw               x24, 120(x2)        x24=10001780  x2:100015f8  PA:10001670
22413703ns          384358 1c008cec 01a70733 add              x14, x14, x26       x14=10001724 x14:00000034 x26:100016f0
22414101ns          384378 1c008cee 00460893 addi             x17, x12, 4         x17=0000004c x12:00000048
22414141ns          384380 1c008cf2 ffc78813 addi             x16, x15, -4        x16=0000005c x15:00000060
22414161ns          384381 1c008cf6 fe478593 addi             x11, x15, -28       x11=00000044 x15:00000060
22414180ns          384382 1c008cfa 06c12983 lw               x19, 108(x2)        x19=00000015  x2:100015f8  PA:10001664
22414200ns          384383 1c008cfc 01a787b3 add              x15, x15, x26       x15=10001750 x15:00000060 x26:100016f0
22414220ns          384384 1c008cfe 07412c83 lw               x25, 116(x2)        x25=1000174c  x2:100015f8  PA:1000166c
22414618ns          384404 1c008d00 00251513 slli             x10, x10, 0x2       x10=0000004c x10:00000013
22414638ns          384405 1c008d02 00269693 slli             x13, x13, 0x2       x13=00000018 x13:40000006
22414658ns          384406 1c008d04 06812a03 lw               x20, 104(x2)        x20=1000173c  x2:100015f8  PA:10001660
22414678ns          384407 1c008d06 01a60633 add              x12, x12, x26       x12=10001738 x12:00000048 x26:100016f0
22414698ns          384408 1c008d08 01a888b3 add              x17, x17, x26       x17=1000173c x17:0000004c x26:100016f0
22414718ns          384409 1c008d0a 01a80833 add              x16, x16, x26       x16=1000174c x16:0000005c x26:100016f0
22414737ns          384410 1c008d0c 01a50533 add              x10, x10, x26       x10=1000173c x10:0000004c x26:100016f0
22414757ns          384411 1c008d0e 01a686b3 add              x13, x13, x26       x13=10001708 x13:00000018 x26:100016f0
22415135ns          384430 1c008d10 01a585b3 add              x11, x11, x26       x11=10001734 x11:00000044 x26:100016f0
22415155ns          384431 1c008d12 02f12823 sw               x15, 48(x2)         x15:10001750  x2:100015f8  PA:10001628
22415175ns          384432 1c008d14 04e12e23 sw               x14, 92(x2)         x14:10001724  x2:100015f8  PA:10001654
22415195ns          384433 1c008d16 018007b3 add              x15, x0, x24        x15=10001780 x24:10001780
22415215ns          384434 1c008d18 01500733 add              x14, x0, x21        x14=bfdcebf2 x21:bfdcebf2
22415235ns          384435 1c008d1a 00100e93 addi             x29, x0, 1          x29=00000001
22415255ns          384436 1c008d1c 06012b83 lw               x23, 96(x2)         x23=00000001  x2:100015f8  PA:10001658
22415274ns          384437 1c008d1e 07012903 lw               x18, 112(x2)        x18=100017b4  x2:100015f8  PA:10001668
22415672ns          384457 1c008d20 06412b03 lw               x22, 100(x2)        x22=10001734  x2:100015f8  PA:1000165c
22415692ns          384458 1c008d22 01900c33 add              x24, x0, x25        x24=1000174c x25:1000174c
22415712ns          384459 1c008d24 01300ab3 add              x21, x0, x19        x21=00000015 x19:00000015
22415732ns          384460 1c008d26 01a12c23 sw               x26, 24(x2)         x26:100016f0  x2:100015f8  PA:10001610
22415752ns          384461 1c008d28 02c12a23 sw               x12, 52(x2)         x12:10001738  x2:100015f8  PA:1000162c
22415772ns          384462 1c008d2a 05112a23 sw               x17, 84(x2)         x17:1000173c  x2:100015f8  PA:1000164c
22415792ns          384463 1c008d2c 05012c23 sw               x16, 88(x2)         x16:1000174c  x2:100015f8  PA:10001650
22415812ns          384464 1c008d2e 02a12c23 sw               x10, 56(x2)         x10:1000173c  x2:100015f8  PA:10001630
22416189ns          384483 1c008d30 04d12423 sw               x13, 72(x2)         x13:10001708  x2:100015f8  PA:10001640
22416209ns          384484 1c008d32 04b12623 sw               x11, 76(x2)         x11:10001734  x2:100015f8  PA:10001644
22416229ns          384485 1c008d34 00000293 addi             x5, x0, 0            x5=00000000
22416249ns          384486 1c008d36 01d12e23 sw               x29, 28(x2)         x29:00000001  x2:100015f8  PA:10001614
22416269ns          384487 1c008d38 02012223 sw               x0, 36(x2)           x2:100015f8  PA:1000161c
22416289ns          384488 1c008d3a 01400d33 add              x26, x0, x20        x26=1000173c x20:1000173c
22416309ns          384489 1c008d3c 00e009b3 add              x19, x0, x14        x19=bfdcebf2 x14:bfdcebf2
22416329ns          384490 1c008d3e 00f00cb3 add              x25, x0, x15        x25=10001780 x15:10001780
22416707ns          384509 1c008d40 01c12e83 lw               x29, 28(x2)         x29=00000001  x2:100015f8  PA:10001614
22416746ns          384511 1c008d42 7fddc8e3 blt              x27, x29, 4080      x27:00000004 x29:00000001
22416766ns          384512 1c008d46 41dd8833 sub              x16, x27, x29       x16=00000003 x27:00000004 x29:00000001
22416786ns          384513 1c008d4a 1c0004b7 lui              x9, 0x1c000000       x9=1c000000
22417224ns          384535 1c008d4e fffe8513 addi             x10, x29, -1        x10=00000000 x29:00000001
22417264ns          384537 1c008d52 fffd8793 addi             x15, x27, -1        x15=00000003 x27:00000004
22417283ns          384538 1c008d56 03812603 lw               x12, 56(x2)         x12=1000173c  x2:100015f8  PA:10001630
22417303ns          384539 1c008d58 03412303 lw               x6, 52(x2)           x6=10001738  x2:100015f8  PA:1000162c
22417323ns          384540 1c008d5a 03012683 lw               x13, 48(x2)         x13=10001750  x2:100015f8  PA:10001628
22417343ns          384541 1c008d5c 005005b3 add              x11, x0, x5         x11=00000000  x5:00000000
22417363ns          384542 1c008d5e 00500f33 add              x30, x0, x5         x30=00000000  x5:00000000
22417741ns          384561 1c008d60 01b00433 add              x8, x0, x27          x8=00000004 x27:00000004
22417781ns          384563 1c008d62 00000713 addi             x14, x0, 0          x14=00000000
22417801ns          384564 1c008d66 00100f93 addi             x31, x0, 1          x31=00000001
22417820ns          384565 1c008d68 0244a383 lw               x7, 36(x9)           x7=34000000  x9:1c000000  PA:1c000024
22418278ns          384588 1c008d6c 00180813 addi             x16, x16, 1         x16=00000004 x16:00000003
22418298ns          384589 1c008d6e 7ca7cbe3 blt              x15, x10, 4054      x15:00000003 x10:00000000
22418318ns          384590 1c008d72 078840fb lp.setup         0x1, x16, 0x78      x16:00000004
22418338ns          384591 1c008d76 00062783 lw               x15, 0(x12)         x15=c35caad6 x12:1000173c  PA:1000173c
22418358ns          384592 1c008d78 fff40e93 addi             x29, x8, -1         x29=00000003  x8:00000004
22418377ns          384593 1c008d7c a0e79553 flt.s            x10, f15, f14       x10=00000001 f15:c35caad6 f14:00000000
22418795ns          384614 1c008d80 00050363 beq              x10, x0, 6          x10:00000001
22418835ns          384616 1c008d82 20f797d3 fsgnjn.s         f15, f15, f15       f15=xxxxxxxx f15:c35caad6 f15:c35caad6
22418855ns          384617 1c008d86 1c0008b7 lui              x17, 0x1c000000     x17=1c000000
22418875ns          384618 1c008d8a 02088893 addi             x17, x17, 32        x17=1c000020 x17:1c000000
22419312ns          384640 1c008d8e 0008a883 lw               x17, 0(x17)         x17=0d200000 x17:1c000020  PA:1c000020
22419650ns          384657 1c008d92 a1178553 fle.s            x10, f15, f17       x10=00000000 f15:435caad6 f17:0d200000
22419670ns          384658 1c008d96 0c051763 bne              x10, x0, 206        x10:00000000
22419690ns          384659 1c008d98 00032883 lw               x17, 0(x6)          x17=43dd9af2  x6:10001738  PA:10001738
22419730ns          384661 1c008d9c a0e895d3 flt.s            x11, f17, f14       x11=00000000 f17:43dd9af2 f14:00000000
22420128ns          384681 1c008da0 01100bb3 add              x23, x0, x17        x23=43dd9af2 x17:43dd9af2
22420148ns          384682 1c008da2 00058363 beq              x11, x0, 6          x11:00000000
22420207ns          384685 1c008da8 0006a503 lw               x10, 0(x13)         x10=42f6a4d3 x13:10001750  PA:10001750
22420247ns          384687 1c008daa a0e515d3 flt.s            x11, f10, f14       x11=00000000 f10:42f6a4d3 f14:00000000
22420267ns          384688 1c008dae 00a00e33 add              x28, x0, x10        x28=42f6a4d3 x10:42f6a4d3
22420665ns          384708 1c008db0 00058363 beq              x11, x0, 6          x11:00000000
22420744ns          384712 1c008db6 01cbfbd3 fadd.s           f23, f23, f28       f23=xxxxxxxx f23:43dd9af2 f28:42f6a4d3
22420764ns          384713 1c008dba a0eba5d3 feq.s            x11, f23, f14       x11=00000000 f23:440da213 f14:00000000
22420784ns          384714 1c008dbe 00058d63 beq              x11, x0, 26         x11:00000000
22421659ns          384758 1c008dd8 1c0004b7 lui              x9, 0x1c000000       x9=1c000000
22421699ns          384760 1c008ddc 02448493 addi             x9, x9, 36           x9=1c000024  x9:1c000000
22422137ns          384782 1c008de0 0004a483 lw               x9, 0(x9)            x9=34000000  x9:1c000024  PA:1c000024
22422475ns          384799 1c008de2 109bf5d3 fmul.s           f11, f23, f9        f11=xxxxxxxx f23:440da213  f9:34000000
22422495ns          384800 1c008de6 a0b785d3 fle.s            x11, f15, f11       x11=00000000 f15:435caad6 f11:388da213
22422515ns          384801 1c008dea 06058863 beq              x11, x0, 112        x11:00000000
22423410ns          384846 1c008e5a fe868693 addi             x13, x13, -24       x13=10001738 x13:10001750
22423450ns          384848 1c008e5c fe830313 addi             x6, x6, -24          x6=10001720  x6:10001738
22423469ns          384849 1c008e5e fe860613 addi             x12, x12, -24       x12=10001724 x12:1000173c
22423887ns          384870 1c008e60 01d00433 add              x8, x0, x29          x8=00000003 x29:00000003
22423907ns          384871 1c008e62 00100593 addi             x11, x0, 1          x11=00000001
22423927ns          384872 1c008d76 00062783 lw               x15, 0(x12)         x15=c1bfaafa x12:10001724  PA:10001724
22423947ns          384873 1c008d78 fff40e93 addi             x29, x8, -1         x29=00000002  x8:00000003
22423967ns          384874 1c008d7c a0e79553 flt.s            x10, f15, f14       x10=00000001 f15:c1bfaafa f14:00000000
22423987ns          384875 1c008d80 00050363 beq              x10, x0, 6          x10:00000001
22424007ns          384876 1c008d82 20f797d3 fsgnjn.s         f15, f15, f15       f15=xxxxxxxx f15:c1bfaafa f15:c1bfaafa
22424026ns          384877 1c008d86 1c0008b7 lui              x17, 0x1c000000     x17=1c000000
22424046ns          384878 1c008d8a 02088893 addi             x17, x17, 32        x17=1c000020 x17:1c000000
22424066ns          384879 1c008d8e 0008a883 lw               x17, 0(x17)         x17=0d200000 x17:1c000020  PA:1c000020
22424384ns          384895 1c008d92 a1178553 fle.s            x10, f15, f17       x10=00000000 f15:41bfaafa f17:0d200000
22424404ns          384896 1c008d96 0c051763 bne              x10, x0, 206        x10:00000000
22424424ns          384897 1c008d98 00032883 lw               x17, 0(x6)          x17=44438f92  x6:10001720  PA:10001720
22424464ns          384899 1c008d9c a0e895d3 flt.s            x11, f17, f14       x11=00000000 f17:44438f92 f14:00000000
22424484ns          384900 1c008da0 01100bb3 add              x23, x0, x17        x23=44438f92 x17:44438f92
22424504ns          384901 1c008da2 00058363 beq              x11, x0, 6          x11:00000000
22424563ns          384904 1c008da8 0006a503 lw               x10, 0(x13)         x10=43dd9af2 x13:10001738  PA:10001738
22424603ns          384906 1c008daa a0e515d3 flt.s            x11, f10, f14       x11=00000000 f10:43dd9af2 f14:00000000
22424623ns          384907 1c008dae 00a00e33 add              x28, x0, x10        x28=43dd9af2 x10:43dd9af2
22424643ns          384908 1c008db0 00058363 beq              x11, x0, 6          x11:00000000
22424723ns          384912 1c008db6 01cbfbd3 fadd.s           f23, f23, f28       f23=xxxxxxxx f23:44438f92 f28:43dd9af2
22424742ns          384913 1c008dba a0eba5d3 feq.s            x11, f23, f14       x11=00000000 f23:44992e86 f14:00000000
22424762ns          384914 1c008dbe 00058d63 beq              x11, x0, 26         x11:00000000
22424822ns          384917 1c008dd8 1c0004b7 lui              x9, 0x1c000000       x9=1c000000
22424842ns          384918 1c008ddc 02448493 addi             x9, x9, 36           x9=1c000024  x9:1c000000
22424862ns          384919 1c008de0 0004a483 lw               x9, 0(x9)            x9=34000000  x9:1c000024  PA:1c000024
22425180ns          384935 1c008de2 109bf5d3 fmul.s           f11, f23, f9        f11=xxxxxxxx f23:44992e86  f9:34000000
22425200ns          384936 1c008de6 a0b785d3 fle.s            x11, f15, f11       x11=00000000 f15:41bfaafa f11:39192e86
22425220ns          384937 1c008dea 06058863 beq              x11, x0, 112        x11:00000000
22425280ns          384940 1c008e5a fe868693 addi             x13, x13, -24       x13=10001720 x13:10001738
22425299ns          384941 1c008e5c fe830313 addi             x6, x6, -24          x6=10001708  x6:10001720
22425319ns          384942 1c008e5e fe860613 addi             x12, x12, -24       x12=1000170c x12:10001724
22425339ns          384943 1c008e60 01d00433 add              x8, x0, x29          x8=00000002 x29:00000002
22425359ns          384944 1c008e62 00100593 addi             x11, x0, 1          x11=00000001
22425379ns          384945 1c008d76 00062783 lw               x15, 0(x12)         x15=44194ed4 x12:1000170c  PA:1000170c
22425399ns          384946 1c008d78 fff40e93 addi             x29, x8, -1         x29=00000001  x8:00000002
22425419ns          384947 1c008d7c a0e79553 flt.s            x10, f15, f14       x10=00000000 f15:44194ed4 f14:00000000
22425439ns          384948 1c008d80 00050363 beq              x10, x0, 6          x10:00000000
22425518ns          384952 1c008d86 1c0008b7 lui              x17, 0x1c000000     x17=1c000000
22425538ns          384953 1c008d8a 02088893 addi             x17, x17, 32        x17=1c000020 x17:1c000000
22425558ns          384954 1c008d8e 0008a883 lw               x17, 0(x17)         x17=0d200000 x17:1c000020  PA:1c000020
22425876ns          384970 1c008d92 a1178553 fle.s            x10, f15, f17       x10=00000000 f15:44194ed4 f17:0d200000
22425896ns          384971 1c008d96 0c051763 bne              x10, x0, 206        x10:00000000
22425916ns          384972 1c008d98 00032883 lw               x17, 0(x6)          x17=442412bd  x6:10001708  PA:10001708
22425956ns          384974 1c008d9c a0e895d3 flt.s            x11, f17, f14       x11=00000000 f17:442412bd f14:00000000
22425976ns          384975 1c008da0 01100bb3 add              x23, x0, x17        x23=442412bd x17:442412bd
22425996ns          384976 1c008da2 00058363 beq              x11, x0, 6          x11:00000000
22426055ns          384979 1c008da8 0006a503 lw               x10, 0(x13)         x10=44438f92 x13:10001720  PA:10001720
22426095ns          384981 1c008daa a0e515d3 flt.s            x11, f10, f14       x11=00000000 f10:44438f92 f14:00000000
22426115ns          384982 1c008dae 00a00e33 add              x28, x0, x10        x28=44438f92 x10:44438f92
22426135ns          384983 1c008db0 00058363 beq              x11, x0, 6          x11:00000000
22426214ns          384987 1c008db6 01cbfbd3 fadd.s           f23, f23, f28       f23=xxxxxxxx f23:442412bd f28:44438f92
22426234ns          384988 1c008dba a0eba5d3 feq.s            x11, f23, f14       x11=00000000 f23:44b3d128 f14:00000000
22426254ns          384989 1c008dbe 00058d63 beq              x11, x0, 26         x11:00000000
22426314ns          384992 1c008dd8 1c0004b7 lui              x9, 0x1c000000       x9=1c000000
22426334ns          384993 1c008ddc 02448493 addi             x9, x9, 36           x9=1c000024  x9:1c000000
22426354ns          384994 1c008de0 0004a483 lw               x9, 0(x9)            x9=34000000  x9:1c000024  PA:1c000024
22426692ns          385011 1c008de2 109bf5d3 fmul.s           f11, f23, f9        f11=xxxxxxxx f23:44b3d128  f9:34000000
22426712ns          385012 1c008de6 a0b785d3 fle.s            x11, f15, f11       x11=00000000 f15:44194ed4 f11:3933d128
22426732ns          385013 1c008dea 06058863 beq              x11, x0, 112        x11:00000000
22426791ns          385016 1c008e5a fe868693 addi             x13, x13, -24       x13=10001708 x13:10001720
22426811ns          385017 1c008e5c fe830313 addi             x6, x6, -24          x6=100016f0  x6:10001708
22426831ns          385018 1c008e5e fe860613 addi             x12, x12, -24       x12=100016f4 x12:1000170c
22426851ns          385019 1c008e60 01d00433 add              x8, x0, x29          x8=00000001 x29:00000001
22426871ns          385020 1c008e62 00100593 addi             x11, x0, 1          x11=00000001
22426891ns          385021 1c008d76 00062783 lw               x15, 0(x12)         x15=4380d60f x12:100016f4  PA:100016f4
22426911ns          385022 1c008d78 fff40e93 addi             x29, x8, -1         x29=00000000  x8:00000001
22426930ns          385023 1c008d7c a0e79553 flt.s            x10, f15, f14       x10=00000000 f15:4380d60f f14:00000000
22426950ns          385024 1c008d80 00050363 beq              x10, x0, 6          x10:00000000
22427030ns          385028 1c008d86 1c0008b7 lui              x17, 0x1c000000     x17=1c000000
22427050ns          385029 1c008d8a 02088893 addi             x17, x17, 32        x17=1c000020 x17:1c000000
22427070ns          385030 1c008d8e 0008a883 lw               x17, 0(x17)         x17=0d200000 x17:1c000020  PA:1c000020
22427408ns          385047 1c008d92 a1178553 fle.s            x10, f15, f17       x10=00000000 f15:4380d60f f17:0d200000
22427428ns          385048 1c008d96 0c051763 bne              x10, x0, 206        x10:00000000
22427448ns          385049 1c008d98 00032883 lw               x17, 0(x6)          x17=43e95cf7  x6:100016f0  PA:100016f0
22427487ns          385051 1c008d9c a0e895d3 flt.s            x11, f17, f14       x11=00000000 f17:43e95cf7 f14:00000000
22427507ns          385052 1c008da0 01100bb3 add              x23, x0, x17        x23=43e95cf7 x17:43e95cf7
22427527ns          385053 1c008da2 00058363 beq              x11, x0, 6          x11:00000000
22427587ns          385056 1c008da8 0006a503 lw               x10, 0(x13)         x10=442412bd x13:10001708  PA:10001708
22427627ns          385058 1c008daa a0e515d3 flt.s            x11, f10, f14       x11=00000000 f10:442412bd f14:00000000
22427647ns          385059 1c008dae 00a00e33 add              x28, x0, x10        x28=442412bd x10:442412bd
22427666ns          385060 1c008db0 00058363 beq              x11, x0, 6          x11:00000000
22427746ns          385064 1c008db6 01cbfbd3 fadd.s           f23, f23, f28       f23=xxxxxxxx f23:43e95cf7 f28:442412bd
22427766ns          385065 1c008dba a0eba5d3 feq.s            x11, f23, f14       x11=00000000 f23:448c609c f14:00000000
22427786ns          385066 1c008dbe 00058d63 beq              x11, x0, 26         x11:00000000
22427845ns          385069 1c008dd8 1c0004b7 lui              x9, 0x1c000000       x9=1c000000
22427865ns          385070 1c008ddc 02448493 addi             x9, x9, 36           x9=1c000024  x9:1c000000
22427885ns          385071 1c008de0 0004a483 lw               x9, 0(x9)            x9=34000000  x9:1c000024  PA:1c000024
22428243ns          385089 1c008de2 109bf5d3 fmul.s           f11, f23, f9        f11=xxxxxxxx f23:448c609c  f9:34000000
22428263ns          385090 1c008de6 a0b785d3 fle.s            x11, f15, f11       x11=00000000 f15:4380d60f f11:390c609c
22428283ns          385091 1c008dea 06058863 beq              x11, x0, 112        x11:00000000
22428343ns          385094 1c008e5a fe868693 addi             x13, x13, -24       x13=100016f0 x13:10001708
22428363ns          385095 1c008e5c fe830313 addi             x6, x6, -24          x6=100016d8  x6:100016f0
22428382ns          385096 1c008e5e fe860613 addi             x12, x12, -24       x12=100016dc x12:100016f4
22428402ns          385097 1c008e60 01d00433 add              x8, x0, x29          x8=00000000 x29:00000000
22428422ns          385098 1c008e62 00100593 addi             x11, x0, 1          x11=00000001
22428442ns          385099 1c008e64 01a007b3 add              x15, x0, x26        x15=1000173c x26:1000173c
22428462ns          385100 1c008e66 00140e13 addi             x28, x8, 1          x28=00000001  x8:00000000
22428482ns          385101 1c008e6a 01c12e23 sw               x28, 28(x2)         x28:00000001  x2:100015f8  PA:10001614
22428502ns          385102 1c008e6c 00805e63 bge              x0, x8, 28           x8:00000000
22429357ns          385145 1c008e88 01c12383 lw               x7, 28(x2)           x7=00000001  x2:100015f8  PA:10001614
22429397ns          385147 1c008e8a 07b3cb63 blt              x7, x27, 118         x7:00000001 x27:00000004
22430312ns          385193 1c008f00 02412503 lw               x10, 36(x2)         x10=00000000  x2:100015f8  PA:1000161c
22430352ns          385195 1c008f02 4ea52ae3 p.beqimm         x10, 3316           x10:00000000
22430372ns          385196 1c008f06 05412283 lw               x5, 84(x2)           x5=1000173c  x2:100015f8  PA:1000164c
22430391ns          385197 1c008f08 03012303 lw               x6, 48(x2)           x6=10001750  x2:100015f8  PA:10001628
22430411ns          385198 1c008f0a 01400713 addi             x14, x0, 20         x14=00000014
22430431ns          385199 1c008f0c 0002ab03 lw               x22, 0(x5)          x22=c35caad6  x5:1000173c  PA:1000173c
22430829ns          385219 1c008f10 00032783 lw               x15, 0(x6)          x15=42f6a4d3  x6:10001750  PA:10001750
22430869ns          385221 1c008f14 58e50de3 beq              x10, x14, 3482      x10:00000000 x14:00000014
22430889ns          385222 1c008f18 03412503 lw               x10, 52(x2)         x10=10001738  x2:100015f8  PA:1000162c
22430909ns          385223 1c008f1a 05812c03 lw               x24, 88(x2)         x24=1000174c  x2:100015f8  PA:10001650
22430948ns          385225 1c008f1c 00052b83 lw               x23, 0(x10)         x23=43dd9af2 x10:10001738  PA:10001738
22431346ns          385245 1c008f20 000c2903 lw               x18, 0(x24)         x18=c35caad7 x24:1000174c  PA:1000174c
22431386ns          385247 1c008f24 00000713 addi             x14, x0, 0          x14=00000000
22431406ns          385248 1c008f28 a0eb9753 flt.s            x14, f23, f14       x14=00000000 f23:43dd9af2 f14:00000000
22431426ns          385249 1c008f2c 4a0711e3 bne              x14, x0, 3234       x14:00000000
22431863ns          385271 1c008f30 01700733 add              x14, x0, x23        x14=43dd9af2 x23:43dd9af2
22431903ns          385273 1c008f32 00000693 addi             x13, x0, 0          x13=00000000
22431923ns          385274 1c008f36 a0d916d3 flt.s            x13, f18, f13       x13=00000001 f18:c35caad7 f13:00000000
22431943ns          385275 1c008f3a 01200633 add              x12, x0, x18        x12=c35caad7 x18:c35caad7
22431963ns          385276 1c008f3c 00068363 beq              x13, x0, 6          x13:00000001
22432381ns          385297 1c008f3e 21291653 fsgnjn.s         f12, f18, f18       f12=xxxxxxxx f18:c35caad7 f18:c35caad7
22432420ns          385299 1c008f42 00000693 addi             x13, x0, 0          x13=00000000
22432440ns          385300 1c008f46 a0db16d3 flt.s            x13, f22, f13       x13=00000001 f22:c35caad6 f13:00000000
22432460ns          385301 1c008f4a 00c77753 fadd.s           f14, f14, f12       f14=xxxxxxxx f14:43dd9af2 f12:435caad7
22432480ns          385302 1c008f4e 01600633 add              x12, x0, x22        x12=c35caad6 x22:c35caad6
22432997ns          385328 1c008f50 00068363 beq              x13, x0, 6          x13:00000001
22433037ns          385330 1c008f52 216b1653 fsgnjn.s         f12, f22, f22       f12=xxxxxxxx f22:c35caad6 f22:c35caad6
22433057ns          385331 1c008f56 00000693 addi             x13, x0, 0          x13=00000000
22433077ns          385332 1c008f5a a0d796d3 flt.s            x13, f15, f13       x13=00000000 f15:42f6a4d3 f13:00000000
22433534ns          385355 1c008f5e 00c77753 fadd.s           f14, f14, f12       f14=xxxxxxxx f14:4425f82f f12:435caad6
22433574ns          385357 1c008f62 460692e3 bne              x13, x0, 3172       x13:00000000
22433594ns          385358 1c008f66 00f006b3 add              x13, x0, x15        x13=42f6a4d3 x15:42f6a4d3
22433614ns          385359 1c008f68 00d77c53 fadd.s           f24, f14, f13       f24=xxxxxxxx f14:445d22e4 f13:42f6a4d3
22433634ns          385360 1c008f6c 00000613 addi             x12, x0, 0          x12=00000000
22434051ns          385381 1c008f70 a0cc2753 feq.s            x14, f24, f12       x14=00000000 f24:447bf77e f12:00000000
22434091ns          385383 1c008f74 42071be3 bne              x14, x0, 3126       x14:00000000
22434111ns          385384 1c008f78 1c000737 lui              x14, 0x1c000000     x14=1c000000
22434131ns          385385 1c008f7c 04c72703 lw               x14, 76(x14)        x14=3f800000 x14:1c000000  PA:1c00004c
22434569ns          385407 1c008f80 19877753 fdiv.s           f14, f14, f24       f14=xxxxxxxx f14:3f800000 f24:447bf77e
22435344ns          385446 1c008f84 10f777d3 fmul.s           f15, f14, f15       f15=xxxxxxxx f14:3a820c84 f15:42f6a4d3
22435364ns          385447 1c008f88 1c0006b7 lui              x13, 0x1c000000     x13=1c000000
22435384ns          385448 1c008f8c 0406a683 lw               x13, 64(x13)        x13=3f000000 x13:1c000000  PA:1c000040
22435682ns          385463 1c008f90 79777543 fmadd.s          f10, f14, f23, f15  f10=xxxxxxxx f14:3a820c84 f23:43dd9af2 f15:3dfa9784
22435702ns          385464 1c008f94 116775d3 fmul.s           f11, f14, f22       f11=xxxxxxxx f14:3a820c84 f22:c35caad6
22435722ns          385465 1c008f98 10e97953 fmul.s           f18, f18, f14       f18=xxxxxxxx f18:c35caad7 f14:3a820c84
22435742ns          385466 1c008f9c 10d576d3 fmul.s           f13, f10, f13       f13=xxxxxxxx f10:3f0fe675 f13:3f000000
22435762ns          385467 1c008fa0 1125f5d3 fmul.s           f11, f11, f18       f11=xxxxxxxx f11:be603315 f18:be603316
22435782ns          385468 1c008fa4 69777747 fmsub.s          f14, f14, f23, f13  f14=xxxxxxxx f14:3a820c84 f23:43dd9af2 f13:3e8fe675
22435802ns          385469 1c008fa8 08d7fbd3 fsub.s           f23, f15, f13       f23=xxxxxxxx f15:3dfa9784 f13:3e8fe675
22435822ns          385470 1c008fac 59777bc7 fmsub.s          f23, f14, f23, f11  f23=xxxxxxxx f14:3e228128 f23:be228128 f11:3d445970
22436239ns          385491 1c008fb0 a0cb9653 flt.s            x12, f23, f12       x12=00000001 f23:bd95c094 f12:00000000
22436279ns          385493 1c008fb4 01700b33 add              x22, x0, x23        x22=bd95c094 x23:bd95c094
22436299ns          385494 1c008fb6 00060363 beq              x12, x0, 6          x12:00000001
22436319ns          385495 1c008fb8 217b9b53 fsgnjn.s         f22, f23, f23       f22=xxxxxxxx f23:bd95c094 f23:bd95c094
22436339ns          385496 1c008fbc 00000713 addi             x14, x0, 0          x14=00000000
22436737ns          385516 1c008fc0 a1770653 fle.s            x12, f14, f23       x12=00000000 f14:00000000 f23:bd95c094
22436776ns          385518 1c008fc4 580b7b53 fsqrt.s          f22, f22            f22=xxxxxxxx f22:3d95c094
22437274ns          385543 1c008fc8 500609e3 beq              x12, x0, 3346       x12:00000000
22437711ns          385565 1c009cda 0166f5d3 fadd.s           f11, f13, f22       f11=xxxxxxxx f13:3e8fe675 f22:3e8a7318
22438149ns          385587 1c009cde 0966f6d3 fsub.s           f13, f13, f22       f13=xxxxxxxx f13:3e8fe675 f22:3e8a7318
22438189ns          385589 1c009ce2 08f5f653 fsub.s           f12, f11, f15       f12=xxxxxxxx f11:3f0d2cc6 f15:3dfa9784
22438209ns          385590 1c009ce6 a0e61753 flt.s            x14, f12, f14       x14=00000000 f12:3edbb3ab f14:00000000
22438228ns          385591 1c009cea 00070363 beq              x14, x0, 6          x14:00000000
22438706ns          385615 1c009cf0 08f6f7d3 fsub.s           f15, f13, f15       f15=xxxxxxxx f13:3c2e6ba0 f15:3dfa9784
22438726ns          385616 1c009cf4 00000713 addi             x14, x0, 0          x14=00000000
22438746ns          385617 1c009cf8 a0e79753 flt.s            x14, f15, f14       x14=00000001 f15:bde4ca10 f14:00000000
22438765ns          385618 1c009cfc 00070363 beq              x14, x0, 6          x14:00000001
22439203ns          385640 1c009cfe 20f797d3 fsgnjn.s         f15, f15, f15       f15=xxxxxxxx f15:bde4ca10 f15:bde4ca10
22439243ns          385642 1c009d02 a0f607d3 fle.s            x15, f12, f15       x15=00000000 f12:3edbb3ab f15:3de4ca10
22439263ns          385643 1c009d06 02078c63 beq              x15, x0, 56         x15:00000000
22440655ns          385713 1c009d3e 10dc7cd3 fmul.s           f25, f24, f13       f25=xxxxxxxx f24:447bf77e f13:3c2e6ba0
22440675ns          385714 1c009d42 fcbff06f jal              x0, -54            
22440715ns          385716 1c009d0c 00000a93 addi             x21, x0, 0          x21=00000000
22440735ns          385717 1c009d10 01500d33 add              x26, x0, x21        x26=00000000 x21:00000000
22440755ns          385718 1c009d12 ac6ff06f jal              x0, -3386          
22440794ns          385720 1c008fd8 02c12e03 lw               x28, 44(x2)         x28=00000003  x2:100015f8  PA:10001624
22440834ns          385722 1c008fda 3dc45fe3 bge              x8, x28, 3038        x8:00000000 x28:00000003
22440874ns          385724 1c008fde 00000793 addi             x15, x0, 0          x15=00000000
22440914ns          385726 1c008fe2 a0fa97d3 flt.s            x15, f21, f15       x15=00000000 f21:00000000 f15:00000000
22440934ns          385727 1c008fe6 3c078ce3 beq              x15, x0, 3032       x15:00000000
22441371ns          385749 1c009bbe 01500f33 add              x30, x0, x21        x30=00000000 x21:00000000
22441829ns          385772 1c009bc0 01c00eb3 add              x29, x0, x28        x29=00000003 x28:00000003
22441868ns          385774 1c009bc2 c2eff06f jal              x0, -3026          
22441908ns          385776 1c008ff0 1c000737 lui              x14, 0x1c000000     x14=1c000000
22441928ns          385777 1c008ff4 fffe8793 addi             x15, x29, -1        x15=00000002 x29:00000003
22441948ns          385778 1c008ff8 1c000337 lui              x6, 0x1c000000       x6=1c000000
22441968ns          385779 1c008ffc 01d00a33 add              x20, x0, x29        x20=00000003 x29:00000003
22441988ns          385780 1c008ffe 04c12883 lw               x17, 76(x2)         x17=10001734  x2:100015f8  PA:10001644
22442405ns          385801 1c009000 04812803 lw               x16, 72(x2)         x16=10001708  x2:100015f8  PA:10001640
22442445ns          385803 1c009002 00000513 addi             x10, x0, 0          x10=00000000
22442465ns          385804 1c009006 04c72f83 lw               x31, 76(x14)        x31=3f800000 x14:1c000000  PA:1c00004c
22442883ns          385825 1c00900a 02432283 lw               x5, 36(x6)           x5=34000000  x6:1c000000  PA:1c000024
22443221ns          385842 1c00900e 408e8eb3 sub              x29, x29, x8        x29=00000003 x29:00000003  x8:00000000
22443241ns          385843 1c009012 5287cce3 blt              x15, x8, 3384       x15:00000002  x8:00000000
22443261ns          385844 1c009016 800007b7 lui              x15, 0x80000000     x15=80000000
22443281ns          385845 1c00901a fff7c793 xori             x15, x15, -1        x15=7fffffff x15:80000000
22443599ns          385861 1c00901e 52f406e3 beq              x8, x15, 3372        x8:00000000 x15:7fffffff
22443639ns          385863 1c009022 08fec0fb lp.setup         0x1, x29, 0x8f      x29:00000003
22443659ns          385864 1c009026 01882583 lw               x11, 24(x16)        x11=44438f92 x16:10001708  PA:10001720
22443678ns          385865 1c00902a fffa0613 addi             x12, x20, -1        x12=00000002 x20:00000003
22444116ns          385887 1c00902e 0995f353 fsub.s           f6, f11, f25         f6=xxxxxxxx f11:44438f92 f25:412bac26
22444156ns          385889 1c009032 a0a317d3 flt.s            x15, f6, f10        x15=00000000  f6:4440e0e1 f10:00000000
22444176ns          385890 1c009036 00600733 add              x14, x0, x6         x14=4440e0e1  x6:4440e0e1
22444196ns          385891 1c009038 00078363 beq              x15, x0, 6          x15:00000000
22444693ns          385916 1c00903e 01c82683 lw               x13, 28(x16)        x13=c1bfaafa x16:10001708  PA:10001724
22444713ns          385917 1c009042 00ef7753 fadd.s           f14, f30, f14       f14=xxxxxxxx f30:00000000 f14:4440e0e1
22444733ns          385918 1c009046 a0a697d3 flt.s            x15, f13, f10       x15=00000001 f13:c1bfaafa f10:00000000
22444753ns          385919 1c00904a 22079fe3 bne              x15, x0, 2622       x15:00000001
22445608ns          385962 1c009a88 20d697d3 fsgnjn.s         f15, f13, f13       f15=xxxxxxxx f13:c1bfaafa f13:c1bfaafa
22445648ns          385964 1c009a8c dc4ff06f jal              x0, -2620          
22446125ns          385988 1c009050 00f77753 fadd.s           f14, f14, f15       f14=xxxxxxxx f14:4440e0e1 f15:41bfaafa
22446145ns          385989 1c009054 18eff753 fdiv.s           f14, f31, f14       f14=xxxxxxxx f31:3f800000 f14:4446de39
22446423ns          386003 1c009058 10e37e53 fmul.s           f28, f6, f14        f28=xxxxxxxx  f6:4440e0e1 f14:3aa4c5c7
22446443ns          386004 1c00905c 10e6f3d3 fmul.s           f7, f13, f14         f7=xxxxxxxx f13:c1bfaafa f14:3aa4c5c7
22446463ns          386005 1c009060 0008a783 lw               x15, 0(x17)         x15=c1bfab17 x17:10001734  PA:10001734
22446483ns          386006 1c009064 106e7353 fmul.s           f6, f28, f6          f6=xxxxxxxx f28:3f784a26  f6:4440e0e1
22446503ns          386007 1c009068 0048ae03 lw               x28, 4(x17)         x28=43dd9af2 x17:10001734  PA:10001738
22446523ns          386008 1c00906c 11577753 fmul.s           f14, f14, f21       f14=xxxxxxxx f14:3aa4c5c7 f21:00000000
22446563ns          386010 1c009070 30f3f7c3 fmadd.s          f15, f7, f15, f6    f15=xxxxxxxx  f7:bcf6bb37 f15:c1bfab17  f6:443b11b8
22446602ns          386012 1c009074 01c5f6d3 fadd.s           f13, f11, f28       f13=xxxxxxxx f11:44438f92 f28:43dd9af2
22446622ns          386013 1c009078 0088a303 lw               x6, 8(x17)           x6=c35caad6 x17:10001734  PA:1000173c
22446642ns          386014 1c00907c 79a777cb fnmsub.s         f15, f14, f26, f15  f15=xxxxxxxx f14:00000000 f26:00000000 f15:443b3fe7
22446861ns          386025 1c009080 0996f6d3 fsub.s           f13, f13, f25       f13=xxxxxxxx f13:44992e86 f25:412bac26
22446901ns          386027 1c009084 1063f353 fmul.s           f6, f7, f6           f6=xxxxxxxx  f7:bcf6bb37  f6:c35caad6
22446921ns          386028 1c009088 a0a79753 flt.s            x14, f15, f10       x14=00000000 f15:443b3fe7 f10:00000000
22446941ns          386029 1c00908c 0996f6d3 fsub.s           f13, f13, f25       f13=xxxxxxxx f13:4497d72e f25:412bac26
22447378ns          386051 1c009090 1076f6d3 fmul.s           f13, f13, f7        f13=xxxxxxxx f13:44967fd6  f7:bcf6bb37
22447418ns          386053 1c009094 00f003b3 add              x7, x0, x15          x7=443b3fe7 x15:443b3fe7
22447438ns          386054 1c009096 00070363 beq              x14, x0, 6          x14:00000000
22447955ns          386080 1c00909c a0a69753 flt.s            x14, f13, f10       x14=00000001 f13:c2110ce7 f10:00000000
22447975ns          386081 1c0090a0 00d00c33 add              x24, x0, x13        x24=c2110ce7 x13:c2110ce7
22447995ns          386082 1c0090a2 00070363 beq              x14, x0, 6          x14:00000001
22448015ns          386083 1c0090a4 20d69c53 fsgnjn.s         f24, f13, f13       f24=xxxxxxxx f13:c2110ce7 f13:c2110ce7
22448035ns          386084 1c0090a8 a0a31753 flt.s            x14, f6, f10        x14=00000000  f6:40d4ad8a f10:00000000
22448054ns          386085 1c0090ac 007c7c53 fadd.s           f24, f24, f7        f24=xxxxxxxx f24:42110ce7  f7:443b3fe7
22448452ns          386105 1c0090b0 1a071ae3 bne              x14, x0, 2484       x14:00000000
22448492ns          386107 1c0090b4 00600733 add              x14, x0, x6         x14=40d4ad8a  x6:40d4ad8a
22448512ns          386108 1c0090b6 00ec7c53 fadd.s           f24, f24, f14       f24=xxxxxxxx f24:444450b5 f14:40d4ad8a
22448532ns          386109 1c0090ba 1187fbd3 fmul.s           f23, f15, f24       f23=xxxxxxxx f15:443b3fe7 f24:4445fa10
22449069ns          386136 1c0090be 1186fb53 fmul.s           f22, f13, f24       f22=xxxxxxxx f13:c2110ce7 f24:4445fa10
22449109ns          386138 1c0090c2 11837953 fmul.s           f18, f6, f24        f18=xxxxxxxx  f6:40d4ad8a f24:4445fa10
22449129ns          386139 1c0090c6 1a860be3 beq              x12, x8, 2486       x12:00000002  x8:00000000
22449148ns          386140 1c0090ca 00482683 lw               x13, 4(x16)         x13=44194ed4 x16:10001708  PA:1000170c
22449586ns          386162 1c0090ce a0a697d3 flt.s            x15, f13, f10       x15=00000000 f13:44194ed4 f10:00000000
22449606ns          386163 1c0090d2 00078363 beq              x15, x0, 6          x15:00000000
22449666ns          386166 1c0090d8 a0ab17d3 flt.s            x15, f22, f10       x15=00000001 f22:c6e0593b f10:00000000
22449685ns          386167 1c0090dc 01600333 add              x6, x0, x22          x6=c6e0593b x22:c6e0593b
22449705ns          386168 1c0090de 00078363 beq              x15, x0, 6          x15:00000001
22450103ns          386188 1c0090e0 216b1353 fsgnjn.s         f6, f22, f22         f6=xxxxxxxx f22:c6e0593b f22:c6e0593b
22450143ns          386190 1c0090e4 a0a917d3 flt.s            x15, f18, f10       x15=00000000 f18:45a4794a f10:00000000
22450163ns          386191 1c0090e8 01200733 add              x14, x0, x18        x14=45a4794a x18:45a4794a
22450183ns          386192 1c0090ea 00078363 beq              x15, x0, 6          x15:00000000
22450660ns          386216 1c0090f0 00677753 fadd.s           f14, f14, f6        f14=xxxxxxxx f14:45a4794a  f6:46e0593b
22450680ns          386217 1c0090f4 a0ab97d3 flt.s            x15, f23, f10       x15=00000000 f23:4910cf15 f10:00000000
22450700ns          386218 1c0090f8 01700333 add              x6, x0, x23          x6=4910cf15 x23:4910cf15
22450720ns          386219 1c0090fa 10d776d3 fmul.s           f13, f14, f13       f13=xxxxxxxx f14:4704bbc7 f13:44194ed4
22450740ns          386220 1c0090fe 00078363 beq              x15, x0, 6          x15:00000000
22451257ns          386246 1c009104 00082703 lw               x14, 0(x16)         x14=442412bd x16:10001708  PA:10001708
22451277ns          386247 1c009108 10537353 fmul.s           f6, f6, f5           f6=xxxxxxxx  f6:4910cf15  f5:34000000
22451297ns          386248 1c00910c a0a717d3 flt.s            x15, f14, f10       x15=00000000 f14:442412bd f10:00000000
22451734ns          386270 1c009110 00078363 beq              x15, x0, 6          x15:00000000
22451814ns          386274 1c009116 a0a597d3 flt.s            x15, f11, f10       x15=00000000 f11:44438f92 f10:00000000
22451834ns          386275 1c00911a 00078363 beq              x15, x0, 6          x15:00000000
22452311ns          386299 1c009120 a0ae17d3 flt.s            x15, f28, f10       x15=00000000 f28:43dd9af2 f10:00000000
22452331ns          386300 1c009124 00e5f753 fadd.s           f14, f11, f14       f14=xxxxxxxx f11:44438f92 f14:442412bd
22452351ns          386301 1c009128 00078363 beq              x15, x0, 6          x15:00000000
22452888ns          386328 1c00912e 01c77753 fadd.s           f14, f14, f28       f14=xxxxxxxx f14:44b3d128 f28:43dd9af2
22452908ns          386329 1c009132 10677753 fmul.s           f14, f14, f6        f14=xxxxxxxx f14:44eb37e4  f6:3d90cf15
22452928ns          386330 1c009136 a0e68753 fle.s            x14, f13, f14       x14=00000000 f13:4b9efa32 f14:43050db6
22452948ns          386331 1c00913a 00071463 bne              x14, x0, 8          x14:00000000
22452967ns          386332 1c00913c fe880813 addi             x16, x16, -24       x16=100016f0 x16:10001708
22452987ns          386333 1c00913e fe888893 addi             x17, x17, -24       x17=1000171c x17:10001734
22453385ns          386353 1c009140 00c00a33 add              x20, x0, x12        x20=00000002 x12:00000002
22453505ns          386359 1c009026 01882583 lw               x11, 24(x16)        x11=442412bd x16:100016f0  PA:10001708
22453524ns          386360 1c00902a fffa0613 addi             x12, x20, -1        x12=00000001 x20:00000002
22453584ns          386363 1c00902e 0995f353 fsub.s           f6, f11, f25         f6=xxxxxxxx f11:442412bd f25:412bac26
22453624ns          386365 1c009032 a0a317d3 flt.s            x15, f6, f10        x15=00000000  f6:4421640c f10:00000000
22453644ns          386366 1c009036 00600733 add              x14, x0, x6         x14=4421640c  x6:4421640c
22453664ns          386367 1c009038 00078363 beq              x15, x0, 6          x15:00000000
22453743ns          386371 1c00903e 01c82683 lw               x13, 28(x16)        x13=44194ed4 x16:100016f0  PA:1000170c
22453763ns          386372 1c009042 00ef7753 fadd.s           f14, f30, f14       f14=xxxxxxxx f30:00000000 f14:4421640c
22453783ns          386373 1c009046 a0a697d3 flt.s            x15, f13, f10       x15=00000000 f13:44194ed4 f10:00000000
22453803ns          386374 1c00904a 22079fe3 bne              x15, x0, 2622       x15:00000000
22453823ns          386375 1c00904e 00d007b3 add              x15, x0, x13        x15=44194ed4 x13:44194ed4
22453843ns          386376 1c009050 00f77753 fadd.s           f14, f14, f15       f14=xxxxxxxx f14:4421640c f15:44194ed4
22453863ns          386377 1c009054 18eff753 fdiv.s           f14, f31, f14       f14=xxxxxxxx f31:3f800000 f14:449d5970
22454141ns          386391 1c009058 10e37e53 fmul.s           f28, f6, f14        f28=xxxxxxxx  f6:4421640c f14:3a503ffe
22454161ns          386392 1c00905c 10e6f3d3 fmul.s           f7, f13, f14         f7=xxxxxxxx f13:44194ed4 f14:3a503ffe
22454181ns          386393 1c009060 0008a783 lw               x15, 0(x17)         x15=44194ed3 x17:1000171c  PA:1000171c
22454201ns          386394 1c009064 106e7353 fmul.s           f6, f28, f6          f6=xxxxxxxx f28:3f0349a2  f6:4421640c
22454221ns          386395 1c009068 0048ae03 lw               x28, 4(x17)         x28=44438f92 x17:1000171c  PA:10001720
22454240ns          386396 1c00906c 11577753 fmul.s           f14, f14, f21       f14=xxxxxxxx f14:3a503ffe f21:00000000
22454260ns          386397 1c009070 30f3f7c3 fmadd.s          f15, f7, f15, f6    f15=xxxxxxxx  f7:3ef96cbe f15:44194ed3  f6:43a5893c
22454280ns          386398 1c009074 01c5f6d3 fadd.s           f13, f11, f28       f13=xxxxxxxx f11:442412bd f28:44438f92
22454300ns          386399 1c009078 0088a303 lw               x6, 8(x17)           x6=c1bfaafa x17:1000171c  PA:10001724
22454320ns          386400 1c00907c 79a777cb fnmsub.s         f15, f14, f26, f15  f15=xxxxxxxx f14:00000000 f26:00000000 f15:441d7403
22454340ns          386401 1c009080 0996f6d3 fsub.s           f13, f13, f25       f13=xxxxxxxx f13:44b3d128 f25:412bac26
22454360ns          386402 1c009084 1063f353 fmul.s           f6, f7, f6           f6=xxxxxxxx  f7:3ef96cbe  f6:c1bfaafa
22454380ns          386403 1c009088 a0a79753 flt.s            x14, f15, f10       x14=00000000 f15:441d7403 f10:00000000
22454400ns          386404 1c00908c 0996f6d3 fsub.s           f13, f13, f25       f13=xxxxxxxx f13:44b279d0 f25:412bac26
22454419ns          386405 1c009090 1076f6d3 fmul.s           f13, f13, f7        f13=xxxxxxxx f13:44b12278  f7:3ef96cbe
22454439ns          386406 1c009094 00f003b3 add              x7, x0, x15          x7=441d7403 x15:441d7403
22454459ns          386407 1c009096 00070363 beq              x14, x0, 6          x14:00000000
22454519ns          386410 1c00909c a0a69753 flt.s            x14, f13, f10       x14=00000000 f13:442c95c5 f10:00000000
22454539ns          386411 1c0090a0 00d00c33 add              x24, x0, x13        x24=442c95c5 x13:442c95c5
22454559ns          386412 1c0090a2 00070363 beq              x14, x0, 6          x14:00000000
22454618ns          386415 1c0090a8 a0a31753 flt.s            x14, f6, f10        x14=00000001  f6:c13abeb8 f10:00000000
22454638ns          386416 1c0090ac 007c7c53 fadd.s           f24, f24, f7        f24=xxxxxxxx f24:442c95c5  f7:441d7403
22454658ns          386417 1c0090b0 1a071ae3 bne              x14, x0, 2484       x14:00000001
22454758ns          386422 1c009a64 20631753 fsgnjn.s         f14, f6, f6         f14=xxxxxxxx  f6:c13abeb8  f6:c13abeb8
22454797ns          386424 1c009a68 00ec7c53 fadd.s           f24, f24, f14       f24=xxxxxxxx f24:44a504e4 f14:413abeb8
22454817ns          386425 1c009a6c 1187fbd3 fmul.s           f23, f15, f24       f23=xxxxxxxx f15:441d7403 f24:44a67a61
22454877ns          386428 1c009a70 1186fb53 fmul.s           f22, f13, f24       f22=xxxxxxxx f13:442c95c5 f24:44a67a61
22454917ns          386430 1c009a74 11837953 fmul.s           f18, f6, f24        f18=xxxxxxxx  f6:c13abeb8 f24:44a67a61
22454937ns          386431 1c009a78 e4861963 bne              x12, x8, -2478      x12:00000001  x8:00000000
22455016ns          386435 1c0090ca 00482683 lw               x13, 4(x16)         x13=4380d60f x16:100016f0  PA:100016f4
22455056ns          386437 1c0090ce a0a697d3 flt.s            x15, f13, f10       x15=00000000 f13:4380d60f f10:00000000
22455076ns          386438 1c0090d2 00078363 beq              x15, x0, 6          x15:00000000
22455136ns          386441 1c0090d8 a0ab17d3 flt.s            x15, f22, f10       x15=00000000 f22:4960773d f10:00000000
22455155ns          386442 1c0090dc 01600333 add              x6, x0, x22          x6=4960773d x22:4960773d
22455175ns          386443 1c0090de 00078363 beq              x15, x0, 6          x15:00000000
22455235ns          386446 1c0090e4 a0a917d3 flt.s            x15, f18, f10       x15=00000001 f18:c672e1e2 f10:00000000
22455255ns          386447 1c0090e8 01200733 add              x14, x0, x18        x14=c672e1e2 x18:c672e1e2
22455275ns          386448 1c0090ea 00078363 beq              x15, x0, 6          x15:00000001
22455295ns          386449 1c0090ec 21291753 fsgnjn.s         f14, f18, f18       f14=xxxxxxxx f18:c672e1e2 f18:c672e1e2
22455315ns          386450 1c0090f0 00677753 fadd.s           f14, f14, f6        f14=xxxxxxxx f14:4672e1e2  f6:4960773d
22455334ns          386451 1c0090f4 a0ab97d3 flt.s            x15, f23, f10       x15=00000000 f23:494cc8fe f10:00000000
22455354ns          386452 1c0090f8 01700333 add              x6, x0, x23          x6=494cc8fe x23:494cc8fe
22455374ns          386453 1c0090fa 10d776d3 fmul.s           f13, f14, f13       f13=xxxxxxxx f14:496442c5 f13:4380d60f
22455394ns          386454 1c0090fe 00078363 beq              x15, x0, 6          x15:00000000
22455454ns          386457 1c009104 00082703 lw               x14, 0(x16)         x14=43e95cf7 x16:100016f0  PA:100016f0
22455474ns          386458 1c009108 10537353 fmul.s           f6, f6, f5           f6=xxxxxxxx  f6:494cc8fe  f5:34000000
22455494ns          386459 1c00910c a0a717d3 flt.s            x15, f14, f10       x15=00000000 f14:43e95cf7 f10:00000000
22455513ns          386460 1c009110 00078363 beq              x15, x0, 6          x15:00000000
22455593ns          386464 1c009116 a0a597d3 flt.s            x15, f11, f10       x15=00000000 f11:442412bd f10:00000000
22455613ns          386465 1c00911a 00078363 beq              x15, x0, 6          x15:00000000
22455673ns          386468 1c009120 a0ae17d3 flt.s            x15, f28, f10       x15=00000000 f28:44438f92 f10:00000000
22455692ns          386469 1c009124 00e5f753 fadd.s           f14, f11, f14       f14=xxxxxxxx f11:442412bd f14:43e95cf7
22455712ns          386470 1c009128 00078363 beq              x15, x0, 6          x15:00000000
22455792ns          386474 1c00912e 01c77753 fadd.s           f14, f14, f28       f14=xxxxxxxx f14:448c609c f28:44438f92
22455812ns          386475 1c009132 10677753 fmul.s           f14, f14, f6        f14=xxxxxxxx f14:44ee2865  f6:3dccc8fe
22455832ns          386476 1c009136 a0e68753 fle.s            x14, f13, f14       x14=00000000 f13:4d65c07f f14:433e832c
22455852ns          386477 1c00913a 00071463 bne              x14, x0, 8          x14:00000000
22455872ns          386478 1c00913c fe880813 addi             x16, x16, -24       x16=100016d8 x16:100016f0
22455891ns          386479 1c00913e fe888893 addi             x17, x17, -24       x17=10001704 x17:1000171c
22455911ns          386480 1c009140 00c00a33 add              x20, x0, x12        x20=00000001 x12:00000001
22455951ns          386482 1c009026 01882583 lw               x11, 24(x16)        x11=43e95cf7 x16:100016d8  PA:100016f0
22455971ns          386483 1c00902a fffa0613 addi             x12, x20, -1        x12=00000000 x20:00000001
22455991ns          386484 1c00902e 0995f353 fsub.s           f6, f11, f25         f6=xxxxxxxx f11:43e95cf7 f25:412bac26
22456011ns          386485 1c009032 a0a317d3 flt.s            x15, f6, f10        x15=00000000  f6:43e3ff96 f10:00000000
22456031ns          386486 1c009036 00600733 add              x14, x0, x6         x14=43e3ff96  x6:43e3ff96
22456051ns          386487 1c009038 00078363 beq              x15, x0, 6          x15:00000000
22456130ns          386491 1c00903e 01c82683 lw               x13, 28(x16)        x13=4380d60f x16:100016d8  PA:100016f4
22456150ns          386492 1c009042 00ef7753 fadd.s           f14, f30, f14       f14=xxxxxxxx f30:00000000 f14:43e3ff96
22456170ns          386493 1c009046 a0a697d3 flt.s            x15, f13, f10       x15=00000000 f13:4380d60f f10:00000000
22456190ns          386494 1c00904a 22079fe3 bne              x15, x0, 2622       x15:00000000
22456210ns          386495 1c00904e 00d007b3 add              x15, x0, x13        x15=4380d60f x13:4380d60f
22456230ns          386496 1c009050 00f77753 fadd.s           f14, f14, f15       f14=xxxxxxxx f14:43e3ff96 f15:4380d60f
22456249ns          386497 1c009054 18eff753 fdiv.s           f14, f31, f14       f14=xxxxxxxx f31:3f800000 f14:44326ad2
22456528ns          386511 1c009058 10e37e53 fmul.s           f28, f6, f14        f28=xxxxxxxx  f6:43e3ff96 f14:3ab7a8cb
22456548ns          386512 1c00905c 10e6f3d3 fmul.s           f7, f13, f14         f7=xxxxxxxx f13:4380d60f f14:3ab7a8cb
22456568ns          386513 1c009060 0008a783 lw               x15, 0(x17)         x15=4380d610 x17:10001704  PA:10001704
22456588ns          386514 1c009064 106e7353 fmul.s           f6, f28, f6          f6=xxxxxxxx f28:3f239209  f6:43e3ff96
22456607ns          386515 1c009068 0048ae03 lw               x28, 4(x17)         x28=442412bd x17:10001704  PA:10001708
22456627ns          386516 1c00906c 11577753 fmul.s           f14, f14, f21       f14=xxxxxxxx f14:3ab7a8cb f21:00000000
22456647ns          386517 1c009070 30f3f7c3 fmadd.s          f15, f7, f15, f6    f15=xxxxxxxx  f7:3eb8dbef f15:4380d610  f6:4391adcc
22456667ns          386518 1c009074 01c5f6d3 fadd.s           f13, f11, f28       f13=xxxxxxxx f11:43e95cf7 f28:442412bd
22456687ns          386519 1c009078 0088a303 lw               x6, 8(x17)           x6=44194ed4 x17:10001704  PA:1000170c
22456707ns          386520 1c00907c 79a777cb fnmsub.s         f15, f14, f26, f15  f15=xxxxxxxx f14:00000000 f26:00000000 f15:43c03211
22456727ns          386521 1c009080 0996f6d3 fsub.s           f13, f13, f25       f13=xxxxxxxx f13:448c609c f25:412bac26
22456747ns          386522 1c009084 1063f353 fmul.s           f6, f7, f6           f6=xxxxxxxx  f7:3eb8dbef  f6:44194ed4
22456767ns          386523 1c009088 a0a79753 flt.s            x14, f15, f10       x14=00000000 f15:43c03211 f10:00000000
22456786ns          386524 1c00908c 0996f6d3 fsub.s           f13, f13, f25       f13=xxxxxxxx f13:448b0944 f25:412bac26
22456806ns          386525 1c009090 1076f6d3 fmul.s           f13, f13, f7        f13=xxxxxxxx f13:4489b1ec  f7:3eb8dbef
22456826ns          386526 1c009094 00f003b3 add              x7, x0, x15          x7=43c03211 x15:43c03211
22456846ns          386527 1c009096 00070363 beq              x14, x0, 6          x14:00000000
22456906ns          386530 1c00909c a0a69753 flt.s            x14, f13, f10       x14=00000000 f13:43c6dc5b f10:00000000
22456926ns          386531 1c0090a0 00d00c33 add              x24, x0, x13        x24=43c6dc5b x13:43c6dc5b
22456946ns          386532 1c0090a2 00070363 beq              x14, x0, 6          x14:00000000
22457005ns          386535 1c0090a8 a0a31753 flt.s            x14, f6, f10        x14=00000000  f6:435d68bc f10:00000000
22457025ns          386536 1c0090ac 007c7c53 fadd.s           f24, f24, f7        f24=xxxxxxxx f24:43c6dc5b  f7:43c03211
22457045ns          386537 1c0090b0 1a071ae3 bne              x14, x0, 2484       x14:00000000
22457065ns          386538 1c0090b4 00600733 add              x14, x0, x6         x14=435d68bc  x6:435d68bc
22457085ns          386539 1c0090b6 00ec7c53 fadd.s           f24, f24, f14       f24=xxxxxxxx f24:44438736 f14:435d68bc
22457105ns          386540 1c0090ba 1187fbd3 fmul.s           f23, f15, f24       f23=xxxxxxxx f15:43c03211 f24:447ae165
22457125ns          386541 1c0090be 1186fb53 fmul.s           f22, f13, f24       f22=xxxxxxxx f13:43c6dc5b f24:447ae165
22457145ns          386542 1c0090c2 11837953 fmul.s           f18, f6, f24        f18=xxxxxxxx  f6:435d68bc f24:447ae165
22457164ns          386543 1c0090c6 1a860be3 beq              x12, x8, 2486       x12:00000000  x8:00000000
22457224ns          386546 1c009a7c 09212623 sw               x18, 140(x2)        x18:4858fb38  x2:100015f8  PA:10001684
22457244ns          386547 1c009a7e 09712223 sw               x23, 132(x2)        x23:48bc5a1c  x2:100015f8  PA:1000167c
22457264ns          386548 1c009a80 09612423 sw               x22, 136(x2)        x22:48c2e247  x2:100015f8  PA:10001680
22457284ns          386549 1c009a82 01c12a03 lw               x20, 28(x2)         x20=00000001  x2:100015f8  PA:10001614
22457304ns          386550 1c009a84 ecaff06f jal              x0, -2358          
22457841ns          386577 1c00914e 002a1813 slli             x16, x20, 0x2       x16=00000004 x20:00000001
22457880ns          386579 1c009152 400006b7 lui              x13, 0x40000000     x13=40000000
22457900ns          386580 1c009156 01812383 lw               x7, 24(x2)           x7=100016f0  x2:100015f8  PA:10001610
22457920ns          386581 1c009158 014807b3 add              x15, x16, x20       x15=00000005 x16:00000004 x20:00000001
22457940ns          386582 1c00915c ff568693 addi             x13, x13, -11       x13=3ffffff5 x13:40000000
22457960ns          386583 1c00915e 00f008b3 add              x17, x0, x15        x17=00000005 x15:00000005
22458358ns          386603 1c009160 014686b3 add              x13, x13, x20       x13=3ffffff6 x13:3ffffff5 x20:00000001
22458378ns          386604 1c009162 00279793 slli             x15, x15, 0x2       x15=00000014 x15:00000005
22458398ns          386605 1c009164 011686b3 add              x13, x13, x17       x13=3ffffffb x13:3ffffff6 x17:00000005
22458418ns          386606 1c009166 06038513 addi             x10, x7, 96         x10=10001750  x7:100016f0
22458437ns          386607 1c00916a 05012483 lw               x9, 80(x2)           x9=10001754  x2:100015f8  PA:10001648
22458457ns          386608 1c00916c fec78613 addi             x12, x15, -20       x12=00000000 x15:00000014
22458875ns          386629 1c009170 00269693 slli             x13, x13, 0x2       x13=ffffffec x13:3ffffffb
22458895ns          386630 1c009172 01050533 add              x10, x10, x16       x10=10001754 x10:10001750 x16:00000004
22458915ns          386631 1c009174 014005b3 add              x11, x0, x20        x11=00000001 x20:00000001
22458935ns          386632 1c009176 00f48733 add              x14, x9, x15        x14=10001768  x9:10001754 x15:00000014
22458955ns          386633 1c00917a 05812023 sw               x24, 64(x2)         x24:447ae165  x2:100015f8  PA:10001638
22458974ns          386634 1c00917c 05912223 sw               x25, 68(x2)         x25:412bac26  x2:100015f8  PA:1000163c
22458994ns          386635 1c00917e 007787b3 add              x15, x15, x7        x15=10001704 x15:00000014  x7:100016f0
22459392ns          386655 1c009180 01400cb3 add              x25, x0, x20        x25=00000001 x20:00000001
22459412ns          386656 1c009182 007686b3 add              x13, x13, x7        x13=100016dc x13:ffffffec  x7:100016f0
22459432ns          386657 1c009184 00c38fb3 add              x31, x7, x12        x31=100016f0  x7:100016f0 x12:00000000
22459452ns          386658 1c009188 01100c33 add              x24, x0, x17        x24=00000005 x17:00000005
22459472ns          386659 1c00918a 00a00a33 add              x20, x0, x10        x20=10001754 x10:10001754
22459492ns          386660 1c00918c 0bb587e3 beq              x11, x27, 2222      x11:00000001 x27:00000004
22459909ns          386681 1c009190 16bccbe3 blt              x25, x11, 2422      x25:00000001 x11:00000001
22459949ns          386683 1c009194 08412503 lw               x10, 132(x2)        x10=48bc5a1c  x2:100015f8  PA:1000167c
22459969ns          386684 1c009196 08812803 lw               x16, 136(x2)        x16=48c2e247  x2:100015f8  PA:10001680
22459989ns          386685 1c009198 00000613 addi             x12, x0, 0          x12=00000000
22460009ns          386686 1c00919c a0c81653 flt.s            x12, f16, f12       x12=00000000 f16:48c2e247 f12:00000000
22460426ns          386707 1c0091a0 00060363 beq              x12, x0, 6          x12:00000000
22460506ns          386711 1c0091a6 1c000e37 lui              x28, 0x1c000000     x28=1c000000
22460526ns          386712 1c0091aa 01ce0e13 addi             x28, x28, 28        x28=1c00001c x28:1c000000
22460983ns          386735 1c0091ae 000e2e03 lw               x28, 0(x28)         x28=00800000 x28:1c00001c  PA:1c00001c
22461341ns          386753 1c0091b2 a10e1653 flt.s            x12, f28, f16       x12=00000001 f28:00800000 f16:48c2e247
22461361ns          386754 1c0091b6 10061be3 bne              x12, x0, 2326       x12:00000001
22462316ns          386802 1c009acc 1c000337 lui              x6, 0x1c000000       x6=1c000000
22462774ns          386825 1c009ad0 01c30313 addi             x6, x6, 28           x6=1c00001c  x6:1c000000
22462813ns          386827 1c009ad4 00000893 addi             x17, x0, 0          x17=00000000
22462833ns          386828 1c009ad8 1c0003b7 lui              x7, 0x1c000000       x7=1c000000
22462853ns          386829 1c009adc 00032303 lw               x6, 0(x6)            x6=00800000  x6:1c00001c  PA:1c00001c
22463331ns          386853 1c009ae0 04c38393 addi             x7, x7, 76           x7=1c00004c  x7:1c000000
22463350ns          386854 1c009ae4 19037653 fdiv.s           f12, f6, f16        f12=xxxxxxxx  f6:00800000 f16:48c2e247
22463629ns          386868 1c009ae8 111678d3 fmul.s           f17, f12, f17       f17=xxxxxxxx f12:00000015 f17:00000000
22463649ns          386869 1c009aec 0003a383 lw               x7, 0(x7)            x7=3f800000  x7:1c00004c  PA:1c00004c
22464007ns          386887 1c009af0 38c8f8c3 fmadd.s          f17, f17, f12, f7   f17=xxxxxxxx f17:00000000 f12:00000015  f7:3f800000
22464027ns          386888 1c009af4 ed4ff06f jal              x0, -2348          
22464066ns          386890 1c0091c8 08c12603 lw               x12, 140(x2)        x12=4858fb38  x2:100015f8  PA:10001684
22464086ns          386891 1c0091ca 00000313 addi             x6, x0, 0            x6=00000000
22464524ns          386913 1c0091ce a0661353 flt.s            x6, f12, f6          x6=00000000 f12:4858fb38  f6:00000000
22464564ns          386915 1c0091d2 00030463 beq              x6, x0, 8            x6:00000000
22464643ns          386919 1c0091da a0c81353 flt.s            x6, f16, f12         x6=00000000 f16:48c2e247 f12:4858fb38
22465081ns          386941 1c0091de 10030de3 beq              x6, x0, 2330         x6:00000000
22465141ns          386944 1c009af8 19067653 fdiv.s           f12, f12, f16       f12=xxxxxxxx f12:4858fb38 f16:48c2e247
22465419ns          386958 1c009afc 88c678c3 fmadd.s          f17, f12, f12, f17  f17=xxxxxxxx f12:3f0e837c f12:3f0e837c f17:3f800000
22465439ns          386959 1c009b00 01000633 add              x12, x0, x16        x12=48c2e247 x16:48c2e247
22465459ns          386960 1c009b02 ef8ff06f jal              x0, -2312          
22465956ns          386985 1c0091fa 5808f853 fsqrt.s          f16, f17            f16=xxxxxxxx f17:3fa7ab11
22466394ns          387007 1c0091fe 10c87653 fmul.s           f12, f16, f12       f12=xxxxxxxx f16:3f927f60 f12:48c2e247
22466414ns          387008 1c009202 00300893 addi             x17, x0, 3          x17=00000003
22466433ns          387009 1c009204 00200e93 addi             x29, x0, 2          x29=00000002
22466453ns          387010 1c009206 00000813 addi             x16, x0, 0          x16=00000000
22466473ns          387011 1c00920a a1062353 feq.s            x6, f12, f16         x6=00000000 f12:48df0c08 f16:00000000
22466911ns          387033 1c00920e 040318e3 bne              x6, x0, 2128         x6:00000000
22466951ns          387035 1c009212 a1051853 flt.s            x16, f10, f16       x16=00000000 f10:48bc5a1c f16:00000000
22466971ns          387036 1c009216 180812e3 bne              x16, x0, 2436       x16:00000000
22466990ns          387037 1c00921a 00a00833 add              x16, x0, x10        x16=48bc5a1c x10:48bc5a1c
22467010ns          387038 1c00921c 00000313 addi             x6, x0, 0            x6=00000000
22467448ns          387060 1c009220 a0661353 flt.s            x6, f12, f6          x6=00000000 f12:48df0c08  f6:00000000
22467488ns          387062 1c009224 00030463 beq              x6, x0, 8            x6:00000000
22467547ns          387065 1c00922c a0c81353 flt.s            x6, f16, f12         x6=00000001 f16:48bc5a1c f12:48df0c08
22467985ns          387087 1c009230 12031ce3 bne              x6, x0, 2360         x6:00000001
22468462ns          387111 1c009b68 1c0002b7 lui              x5, 0x1c000000       x5=1c000000
22468502ns          387113 1c009b6c 04c28293 addi             x5, x5, 76           x5=1c00004c  x5:1c000000
22468960ns          387136 1c009b70 0002a283 lw               x5, 0(x5)            x5=3f800000  x5:1c00004c  PA:1c00004c
22469298ns          387153 1c009b74 18c87853 fdiv.s           f16, f16, f12       f16=xxxxxxxx f16:48bc5a1c f12:48df0c08
22469576ns          387167 1c009b78 29087843 fmadd.s          f16, f16, f16, f5   f16=xxxxxxxx f16:3f582ddc f16:3f582ddc  f5:3f800000
22469596ns          387168 1c009b7c 58087853 fsqrt.s          f16, f16            f16=xxxxxxxx f16:3fdb46b6
22470133ns          387195 1c009b80 11067653 fmul.s           f12, f12, f16       f12=xxxxxxxx f12:48df0c08 f16:3fa7887c
22470153ns          387196 1c009b84 ed0ff06f jal              x0, -2352          
22470611ns          387219 1c009254 00000813 addi             x16, x0, 0          x16=00000000
22470650ns          387221 1c009258 a0a80853 fle.s            x16, f16, f10       x16=00000001 f16:00000000 f10:48bc5a1c
22470670ns          387222 1c00925c 00080463 beq              x16, x0, 8          x16:00000001
22471108ns          387244 1c009260 20c61653 fsgnjn.s         f12, f12, f12       f12=xxxxxxxx f12:4911f7c4 f12:4911f7c4
22471148ns          387246 1c009264 00000813 addi             x16, x0, 0          x16=00000000
22471167ns          387247 1c009268 a1061853 flt.s            x16, f12, f16       x16=00000001 f12:c911f7c4 f16:00000000
22471187ns          387248 1c00926c 12081be3 bne              x16, x0, 2358       x16:00000001
22472142ns          387296 1c009ba2 20c61853 fsgnjn.s         f16, f12, f12       f16=xxxxxxxx f12:c911f7c4 f12:c911f7c4
22472162ns          387297 1c009ba6 eccff06f jal              x0, -2356          
22472222ns          387300 1c009272 1c0004b7 lui              x9, 0x1c000000       x9=1c000000
22472242ns          387301 1c009276 03048493 addi             x9, x9, 48           x9=1c000030  x9:1c000000
22472261ns          387302 1c00927a 0004a483 lw               x9, 0(x9)            x9=0c000000  x9:1c000030  PA:1c000030
22472739ns          387326 1c00927c a0981853 flt.s            x16, f16, f9        x16=00000000 f16:4911f7c4  f9:0c000000
22472759ns          387327 1c009280 0a080ce3 beq              x16, x0, 2232       x16:00000000
22473435ns          387361 1c009b38 1c000337 lui              x6, 0x1c000000       x6=1c000000
22473475ns          387363 1c009b3c 04c32803 lw               x16, 76(x6)         x16=3f800000  x6:1c000000  PA:1c00004c
22473992ns          387389 1c009b40 08c57353 fsub.s           f6, f10, f12         f6=xxxxxxxx f10:48bc5a1c f12:c911f7c4
22474012ns          387390 1c009b44 18687853 fdiv.s           f16, f16, f6        f16=xxxxxxxx f16:3f800000  f6:497024d2  PA:10001680
22474430ns          387411 1c009b48 08812303 lw               x6, 136(x2)          x6=xxxxxxxx  x2:100015f8
22474449ns          387412 1c009b4a 08a679d3 fsub.s           f19, f12, f10       f19=xxxxxxxx f12:c911f7c4 f10:48bc5a1c
22474708ns          387425 1c009b4e 11037353 fmul.s           f6, f6, f16          f6=xxxxxxxx  f6:48c2e247 f16:35887399
22474728ns          387426 1c009b52 18c9f9d3 fdiv.s           f19, f19, f12       f19=xxxxxxxx f19:c97024d2 f12:c911f7c4  PA:10001680
22475543ns          387467 1c009b56 08612423 sw               x6, 136(x2)          x6:3ecfc06c  x2:100015f8
22475563ns          387468 1c009b58 0038b663 p.bneimm         x17, 12             x17:00000003  PA:10001684
22475583ns          387469 1c009b5c 08c12503 lw               x10, 140(x2)        x10=xxxxxxxx  x2:100015f8
22475623ns          387471 1c009b5e 11057853 fmul.s           f16, f10, f16       f16=xxxxxxxx f10:4858fb38 f16:35887399
22475822ns          387481 1c009b62 09012623 sw               x16, 140(x2)        x16:3e674ee1  x2:100015f8  PA:10001684
22475842ns          387482 1c009b64 00c00533 add              x10, x0, x12        x10=c911f7c4 x12:c911f7c4
22475862ns          387483 1c009b66 87fff06f jal              x0, -1922          
22475941ns          387487 1c0093e4 08a12223 sw               x10, 132(x2)        x10:c911f7c4  x2:100015f8  PA:1000167c
22475981ns          387489 1c0093e6 4cbcd763 bge              x25, x11, 1230      x25:00000001 x11:00000001
22476876ns          387534 1c0098b4 01c12383 lw               x7, 28(x2)           x7=00000001  x2:100015f8  PA:10001614
22476916ns          387536 1c0098b6 b593d1e3 bge              x7, x25, -1214       x7:00000001 x25:00000001
22477334ns          387557 1c0093f8 08812b83 lw               x23, 136(x2)        x23=3ecfc06c  x2:100015f8  PA:10001680
22477373ns          387559 1c0093fa 1179fb53 fmul.s           f22, f19, f23       f22=xxxxxxxx f19:3fd2955d f23:3ecfc06c
22477791ns          387580 1c0093fe 4c38bd63 p.bneimm         x17, 1242           x17:00000003
22477831ns          387582 1c009402 01468313 addi             x6, x13, 20          x6=100016f0 x13:100016dc
22477851ns          387583 1c009406 406a08b3 sub              x17, x20, x6        x17=00000064 x20:10001754  x6:100016f0
22477871ns          387584 1c00940a 08c12d03 lw               x26, 140(x2)        x26=3e674ee1  x2:100015f8  PA:10001684
22477891ns          387585 1c00940c fec88893 addi             x17, x17, -20       x17=00000050 x17:00000064
22478348ns          387608 1c00940e 0cccd637 lui              x12, 0xcccd000      x12=0cccd000
22478388ns          387610 1c009412 0028d893 srli             x17, x17, 0x2       x17=00000014 x17:00000050
22478408ns          387611 1c009416 ccd60613 addi             x12, x12, -819      x12=0ccccccd x12:0cccd000
22478428ns          387612 1c00941a 02c888b3 mul              x17, x17, x12       x17=00000004 x17:00000014 x12:0ccccccd
22478845ns          387633 1c00941e 113d7ad3 fmul.s           f21, f26, f19       f21=xxxxxxxx f26:3e674ee1 f19:3fd2955d
22478865ns          387634 1c009422 01868693 addi             x13, x13, 24        x13=100016f4 x13:100016dc
22478885ns          387635 1c009424 c3e8b8b3 p.bclr           x17, x17, 1, 30     x17=00000004 x17:00000004
22478905ns          387636 1c009428 02d12423 sw               x13, 40(x2)         x13:100016f4  x2:100015f8  PA:10001620
22478925ns          387637 1c00942a 00d00533 add              x10, x0, x13        x10=100016f4 x13:100016f4
22478945ns          387638 1c00942c 00188893 addi             x17, x17, 1         x17=00000005 x17:00000004
22479382ns          387660 1c00942e 0168c0fb lp.setup         0x1, x17, 0x16      x17:00000005
22479402ns          387661 1c009432 00052603 lw               x12, 0(x10)         x12=4380d60f x10:100016f4  PA:100016f4
22479422ns          387662 1c009434 00032803 lw               x16, 0(x6)          x16=43e95cf7  x6:100016f0  PA:100016f0
22479442ns          387663 1c009438 00452e03 lw               x28, 4(x10)         x28=00000000 x10:100016f4  PA:100016f8
22479462ns          387664 1c00943c 817676c3 fmadd.s          f13, f12, f23, f16  f13=xxxxxxxx f12:4380d60f f23:3ecfc06c f16:43e95cf7
22479880ns          387685 1c009440 01450513 addi             x10, x10, 20        x10=10001708 x10:100016f4
22479919ns          387687 1c009442 69cd76c3 fmadd.s          f13, f26, f28, f13  f13=xxxxxxxx f26:3e674ee1 f28:00000000 f13:440ed1f7
22479939ns          387688 1c009446 8136f84b fnmsub.s         f16, f13, f19, f16  f16=xxxxxxxx f13:440ed1f7 f19:3fd2955d f16:43e95cf7
22479959ns          387689 1c00944a 6166f64b fnmsub.s         f12, f13, f22, f12  f12=xxxxxxxx f13:440ed1f7 f22:3f2ae50f f12:4380d60f
22480417ns          387712 1c00944e e0daf6cb fnmsub.s         f13, f21, f13, f28  f13=xxxxxxxx f21:3ebe45aa f13:440ed1f7 f28:00000000
22480456ns          387714 1c009452 01032a2b p.sw             x16, 20(x6!)         x6=10001704 x16:c3ec914c  x6:100016f0  PA:100016f0
22480476ns          387715 1c009456 fec52623 sw               x12, -20(x10)       x12:c2f76186 x10:10001708  PA:100016f4
22480496ns          387716 1c00945a fed52823 sw               x13, -16(x10)       x13:c3544d66 x10:10001708  PA:100016f8
22480516ns          387717 1c009432 00052603 lw               x12, 0(x10)         x12=442412bd x10:10001708  PA:10001708
22480536ns          387718 1c009434 00032803 lw               x16, 0(x6)          x16=4380d610  x6:10001704  PA:10001704
22480556ns          387719 1c009438 00452e03 lw               x28, 4(x10)         x28=44194ed4 x10:10001708  PA:1000170c
22480576ns          387720 1c00943c 817676c3 fmadd.s          f13, f12, f23, f16  f13=xxxxxxxx f12:442412bd f23:3ecfc06c f16:4380d610
22480596ns          387721 1c009440 01450513 addi             x10, x10, 20        x10=1000171c x10:10001708
22480616ns          387722 1c009442 69cd76c3 fmadd.s          f13, f26, f28, f13  f13=xxxxxxxx f26:3e674ee1 f28:44194ed4 f13:4402fe45
22480635ns          387723 1c009446 8136f84b fnmsub.s         f16, f13, f19, f16  f16=xxxxxxxx f13:44259f9d f19:3fd2955d f16:4380d610
22480655ns          387724 1c00944a 6166f64b fnmsub.s         f12, f13, f22, f12  f12=xxxxxxxx f13:44259f9d f22:3f2ae50f f12:442412bd
22480675ns          387725 1c00944e e0daf6cb fnmsub.s         f13, f21, f13, f28  f13=xxxxxxxx f21:3ebe45aa f13:44259f9d f28:44194ed4
22480695ns          387726 1c009452 01032a2b p.sw             x16, 20(x6!)         x6=10001718 x16:c450101a  x6:10001704  PA:10001704
22480715ns          387727 1c009456 fec52623 sw               x12, -20(x10)       x12:43560a35 x10:1000171c  PA:10001708
22480735ns          387728 1c00945a fed52823 sw               x13, -16(x10)       x13:43b7841f x10:1000171c  PA:1000170c
22480755ns          387729 1c009432 00052603 lw               x12, 0(x10)         x12=44194ed3 x10:1000171c  PA:1000171c
22480775ns          387730 1c009434 00032803 lw               x16, 0(x6)          x16=362abe7b  x6:10001718  PA:10001718
22480795ns          387731 1c009438 00452e03 lw               x28, 4(x10)         x28=44438f92 x10:1000171c  PA:10001720
22480815ns          387732 1c00943c 817676c3 fmadd.s          f13, f12, f23, f16  f13=xxxxxxxx f12:44194ed3 f23:3ecfc06c f16:362abe7b
22480834ns          387733 1c009440 01450513 addi             x10, x10, 20        x10=10001730 x10:1000171c
22480854ns          387734 1c009442 69cd76c3 fmadd.s          f13, f26, f28, f13  f13=xxxxxxxx f26:3e674ee1 f28:44438f92 f13:4378d3f1
22480874ns          387735 1c009446 8136f84b fnmsub.s         f16, f13, f19, f16  f16=xxxxxxxx f13:43d4c360 f19:3fd2955d f16:362abe7b
22480894ns          387736 1c00944a 6166f64b fnmsub.s         f12, f13, f22, f12  f12=xxxxxxxx f13:43d4c360 f22:3f2ae50f f12:44194ed3
22480914ns          387737 1c00944e e0daf6cb fnmsub.s         f13, f21, f13, f28  f13=xxxxxxxx f21:3ebe45aa f13:43d4c360 f28:44438f92
22480934ns          387738 1c009452 01032a2b p.sw             x16, 20(x6!)         x6=1000172c x16:c42f0468  x6:10001718  PA:10001718
22480954ns          387739 1c009456 fec52623 sw               x12, -20(x10)       x12:43a49589 x10:10001730  PA:1000171c
22480974ns          387740 1c00945a fed52823 sw               x13, -16(x10)       x13:441c06d8 x10:10001730  PA:10001720
22480994ns          387741 1c009432 00052603 lw               x12, 0(x10)         x12=383b2964 x10:10001730  PA:10001730
22481013ns          387742 1c009434 00032803 lw               x16, 0(x6)          x16=362d00c2  x6:1000172c  PA:1000172c
22481033ns          387743 1c009438 00452e03 lw               x28, 4(x10)         x28=c1bfab17 x10:10001730  PA:10001734
22481053ns          387744 1c00943c 817676c3 fmadd.s          f13, f12, f23, f16  f13=xxxxxxxx f12:383b2964 f23:3ecfc06c f16:362d00c2
22481073ns          387745 1c009440 01450513 addi             x10, x10, 20        x10=10001744 x10:10001730
22481093ns          387746 1c009442 69cd76c3 fmadd.s          f13, f26, f28, f13  f13=xxxxxxxx f26:3e674ee1 f28:c1bfab17 f13:37ad833e
22481113ns          387747 1c009446 8136f84b fnmsub.s         f16, f13, f19, f16  f16=xxxxxxxx f13:c0ad2e45 f19:3fd2955d f16:362d00c2
22481133ns          387748 1c00944a 6166f64b fnmsub.s         f12, f13, f22, f12  f12=xxxxxxxx f13:c0ad2e45 f22:3f2ae50f f12:383b2964
22481153ns          387749 1c00944e e0daf6cb fnmsub.s         f13, f21, f13, f28  f13=xxxxxxxx f21:3ebe45aa f13:c0ad2e45 f28:c1bfab17
22481173ns          387750 1c009452 01032a2b p.sw             x16, 20(x6!)         x6=10001740 x16:410e7502  x6:1000172c  PA:1000172c
22481192ns          387751 1c009456 fec52623 sw               x12, -20(x10)       x12:40673818 x10:10001744  PA:10001730
22481212ns          387752 1c00945a fed52823 sw               x13, -16(x10)       x13:c1af9428 x10:10001744  PA:10001734
22481232ns          387753 1c009432 00052603 lw               x12, 0(x10)         x12=b8122dae x10:10001744  PA:10001744
22481252ns          387754 1c009434 00032803 lw               x16, 0(x6)          x16=3725148c  x6:10001740  PA:10001740
22481272ns          387755 1c009438 00452e03 lw               x28, 4(x10)         x28=38ae3332 x10:10001744  PA:10001748
22481292ns          387756 1c00943c 817676c3 fmadd.s          f13, f12, f23, f16  f13=xxxxxxxx f12:b8122dae f23:3ecfc06c f16:3725148c
22481312ns          387757 1c009440 01450513 addi             x10, x10, 20        x10=10001758 x10:10001744
22481332ns          387758 1c009442 69cd76c3 fmadd.s          f13, f26, f28, f13  f13=xxxxxxxx f26:3e674ee1 f28:38ae3332 f13:b6905a26
22481352ns          387759 1c009446 8136f84b fnmsub.s         f16, f13, f19, f16  f16=xxxxxxxx f13:37729eab f19:3fd2955d f16:3725148c
22481371ns          387760 1c00944a 6166f64b fnmsub.s         f12, f13, f22, f12  f12=xxxxxxxx f13:37729eab f22:3f2ae50f f12:b8122dae
22481391ns          387761 1c00944e e0daf6cb fnmsub.s         f13, f21, f13, f28  f13=xxxxxxxx f21:3ebe45aa f13:37729eab f28:38ae3332
22481411ns          387762 1c009452 01032a2b p.sw             x16, 20(x6!)         x6=10001754 x16:b76a12e2  x6:10001740  PA:10001740
22481431ns          387763 1c009456 fec52623 sw               x12, -20(x10)       x12:b83aab4b x10:10001758  PA:10001744
22481451ns          387764 1c00945a fed52823 sw               x13, -16(x10)       x13:38a2edf5 x10:10001758  PA:10001748
22481869ns          387785 1c00945e 00158513 addi             x10, x11, 1         x10=00000002 x11:00000001
22481889ns          387786 1c009462 02a12023 sw               x10, 32(x2)         x10:00000002  x2:100015f8  PA:10001618
22481908ns          387787 1c009464 73b55263 bge              x10, x27, 1828      x10:00000002 x27:00000004
22481928ns          387788 1c009468 00258593 addi             x11, x11, 2         x11=00000003 x11:00000001
22481948ns          387789 1c00946a ffbc0913 addi             x18, x24, -5        x18=00000000 x24:00000005
22482406ns          387812 1c00946e 005c0613 addi             x12, x24, 5         x12=0000000a x24:00000005
22482446ns          387814 1c009472 3005cb63 blt              x11, x0, 790        x11:00000003
22482465ns          387815 1c009476 00400513 addi             x10, x0, 4          x10=00000004
22482485ns          387816 1c009478 00000693 addi             x13, x0, 0          x13=00000000
22482505ns          387817 1c00947a 0cb55963 bge              x10, x11, 210       x10:00000004 x11:00000003
22483400ns          387862 1c00954c 01812803 lw               x16, 24(x2)         x16=100016f0  x2:100015f8  PA:10001610
22483878ns          387886 1c00954e 00d90333 add              x6, x18, x13         x6=00000000 x18:00000000 x13:00000000
22483917ns          387888 1c009552 00dc08b3 add              x17, x24, x13       x17=00000005 x24:00000005 x13:00000000
22483937ns          387889 1c009556 00231313 slli             x6, x6, 0x2          x6=00000000  x6:00000000
22483957ns          387890 1c009558 00289893 slli             x17, x17, 0x2       x17=00000014 x17:00000005
22483977ns          387891 1c00955a 01030333 add              x6, x6, x16          x6=100016f0  x6:00000000 x16:100016f0
22483997ns          387892 1c00955c 010888b3 add              x17, x17, x16       x17=10001704 x17:00000014 x16:100016f0
22484375ns          387911 1c00955e 00032e83 lw               x29, 0(x6)          x29=c3ec914c  x6:100016f0  PA:100016f0
22484415ns          387913 1c009562 0008a803 lw               x16, 0(x17)         x16=c450101a x17:10001704  PA:10001704
22484435ns          387914 1c009566 00d60e33 add              x28, x12, x13       x28=0000000a x12:0000000a x13:00000000
22484455ns          387915 1c00956a 01812283 lw               x5, 24(x2)           x5=100016f0  x2:100015f8  PA:10001610
22484474ns          387916 1c00956c 002e1e13 slli             x28, x28, 0x2       x28=00000028 x28:0000000a
22484494ns          387917 1c00956e 005e0e33 add              x28, x28, x5        x28=10001718 x28:00000028  x5:100016f0
22484932ns          387939 1c009570 e90bf843 fmadd.s          f16, f23, f16, f29  f16=xxxxxxxx f23:3ecfc06c f16:c450101a f29:c3ec914c
22484972ns          387941 1c009574 000e2f03 lw               x30, 0(x28)         x30=c42f0468 x28:10001718  PA:10001718
22484992ns          387942 1c009578 00168513 addi             x10, x13, 1         x10=00000001 x13:00000000
22485011ns          387943 1c00957c 81ed7843 fmadd.s          f16, f26, f30, f16  f16=xxxxxxxx f26:3e674ee1 f30:c42f0468 f16:c44ab55a
22485429ns          387964 1c009580 e909fecb fnmsub.s         f29, f19, f16, f29  f29=xxxxxxxx f19:3fd2955d f16:c4723e14 f29:c3ec914c
22485469ns          387966 1c009584 01d32023 sw               x29, 0(x6)          x29:448c1ff0  x6:100016f0  PA:100016f0
22485489ns          387967 1c009588 0008a303 lw               x6, 0(x17)           x6=c450101a x17:10001704  PA:10001704
22485529ns          387969 1c00958c 310b734b fnmsub.s         f6, f22, f16, f6     f6=xxxxxxxx f22:3f2ae50f f16:c4723e14  f6:c450101a
22485966ns          387991 1c009590 0068a023 sw               x6, 0(x17)           x6:c3396884 x17:10001704  PA:10001704
22486006ns          387993 1c009594 000e2f03 lw               x30, 0(x28)         x30=c42f0468 x28:10001718  PA:10001718
22486046ns          387995 1c009598 f10af84b fnmsub.s         f16, f21, f16, f30  f16=xxxxxxxx f21:3ebe45aa f16:c4723e14 f30:c42f0468
22486066ns          387996 1c00959c 010e2023 sw               x16, 0(x28)         x16:c3a9fcd2 x28:10001718  PA:10001718
22486463ns          388016 1c0095a0 1ea5c463 blt              x11, x10, 488       x11:00000003 x10:00000001
22486503ns          388018 1c0095a4 01250e33 add              x28, x10, x18       x28=00000001 x10:00000001 x18:00000000
22486523ns          388019 1c0095a8 01850333 add              x6, x10, x24         x6=00000006 x10:00000001 x24:00000005
22486543ns          388020 1c0095ac 002e1e13 slli             x28, x28, 0x2       x28=00000004 x28:00000001
22486563ns          388021 1c0095ae 00231313 slli             x6, x6, 0x2          x6=00000018  x6:00000006
22487001ns          388043 1c0095b0 00530333 add              x6, x6, x5           x6=10001708  x6:00000018  x5:100016f0
22487020ns          388044 1c0095b2 005e0e33 add              x28, x28, x5        x28=100016f4 x28:00000004  x5:100016f0
22487040ns          388045 1c0095b4 000e2e83 lw               x29, 0(x28)         x29=c2f76186 x28:100016f4  PA:100016f4
22487060ns          388046 1c0095b8 00032883 lw               x17, 0(x6)          x17=43560a35  x6:10001708  PA:10001708
22487080ns          388047 1c0095bc 00c50533 add              x10, x10, x12       x10=0000000b x10:00000001 x12:0000000a
22487100ns          388048 1c0095be 00251513 slli             x10, x10, 0x2       x10=0000002c x10:0000000b
22487518ns          388069 1c0095c0 00550533 add              x10, x10, x5        x10=1000171c x10:0000002c  x5:100016f0
22487557ns          388071 1c0095c2 e91bf8c3 fmadd.s          f17, f23, f17, f29  f17=xxxxxxxx f23:3ecfc06c f17:43560a35 f29:c2f76186
22487577ns          388072 1c0095c6 00052f03 lw               x30, 0(x10)         x30=43a49589 x10:1000171c  PA:1000171c
22487597ns          388073 1c0095ca 00268813 addi             x16, x13, 2         x16=00000002 x13:00000000
22488055ns          388096 1c0095ce 89ed78c3 fmadd.s          f17, f26, f30, f17  f17=xxxxxxxx f26:3e674ee1 f30:43a49589 f17:c2135cc6
22488095ns          388098 1c0095d2 e919fecb fnmsub.s         f29, f19, f17, f29  f29=xxxxxxxx f19:3fd2955d f17:42160e84 f29:c2f76186
22488114ns          388099 1c0095d6 01de2023 sw               x29, 0(x28)         x29:c339687e x28:100016f4  PA:100016f4
22488134ns          388100 1c0095da 00032e03 lw               x28, 0(x6)          x28=43560a35  x6:10001708  PA:10001708
22488552ns          388121 1c0095de e11b7e4b fnmsub.s         f28, f22, f17, f28  f28=xxxxxxxx f22:3f2ae50f f17:42160e84 f28:43560a35
22488592ns          388123 1c0095e2 01c32023 sw               x28, 0(x6)          x28:433cff3b  x6:10001708  PA:10001708
22488612ns          388124 1c0095e6 00052f03 lw               x30, 0(x10)         x30=43a49589 x10:1000171c  PA:1000171c
22488651ns          388126 1c0095ea f11af8cb fnmsub.s         f17, f21, f17, f30  f17=xxxxxxxx f21:3ebe45aa f17:42160e84 f30:43a49589
22489089ns          388148 1c0095ee 01152023 sw               x17, 0(x10)         x17:439d9d0f x10:1000171c  PA:1000171c
22489129ns          388150 1c0095f2 1905cb63 blt              x11, x16, 406       x11:00000003 x16:00000002
22489149ns          388151 1c0095f6 01280e33 add              x28, x16, x18       x28=00000002 x16:00000002 x18:00000000
22489169ns          388152 1c0095fa 01880333 add              x6, x16, x24         x6=00000007 x16:00000002 x24:00000005
22489189ns          388153 1c0095fe 002e1e13 slli             x28, x28, 0x2       x28=00000008 x28:00000002
22489586ns          388173 1c009600 00231313 slli             x6, x6, 0x2          x6=0000001c  x6:00000007
22489606ns          388174 1c009602 00530333 add              x6, x6, x5           x6=1000170c  x6:0000001c  x5:100016f0
22489626ns          388175 1c009604 005e0e33 add              x28, x28, x5        x28=100016f8 x28:00000008  x5:100016f0
22489646ns          388176 1c009606 000e2e83 lw               x29, 0(x28)         x29=c3544d66 x28:100016f8  PA:100016f8
22489666ns          388177 1c00960a 00032883 lw               x17, 0(x6)          x17=43b7841f  x6:1000170c  PA:1000170c
22490123ns          388200 1c00960e 00c80533 add              x10, x16, x12       x10=0000000c x16:00000002 x12:0000000a
22490143ns          388201 1c009612 00251513 slli             x10, x10, 0x2       x10=00000030 x10:0000000c
22490163ns          388202 1c009614 00550533 add              x10, x10, x5        x10=10001720 x10:00000030  x5:100016f0
22490183ns          388203 1c009616 e91bf8c3 fmadd.s          f17, f23, f17, f29  f17=xxxxxxxx f23:3ecfc06c f17:43b7841f f29:c3544d66
22490203ns          388204 1c00961a 00052f03 lw               x30, 0(x10)         x30=441c06d8 x10:10001720  PA:10001720
22490621ns          388225 1c00961e 00368813 addi             x16, x13, 3         x16=00000003 x13:00000000
22490660ns          388227 1c009622 89ed78c3 fmadd.s          f17, f26, f30, f17  f17=xxxxxxxx f26:3e674ee1 f30:441c06d8 f17:c27d7e82
22490680ns          388228 1c009626 e919fecb fnmsub.s         f29, f19, f17, f29  f29=xxxxxxxx f19:3fd2955d f17:429b353f f29:c3544d66
22490700ns          388229 1c00962a 01de2023 sw               x29, 0(x28)         x29:c3a9fcd1 x28:100016f8  PA:100016f8
22491158ns          388252 1c00962e 00032e03 lw               x28, 0(x6)          x28=43b7841f  x6:1000170c  PA:1000170c
22491197ns          388254 1c009632 e11b7e4b fnmsub.s         f28, f22, f17, f28  f28=xxxxxxxx f22:3f2ae50f f17:429b353f f28:43b7841f
22491217ns          388255 1c009636 01c32023 sw               x28, 0(x6)          x28:439d9d10  x6:1000170c  PA:1000170c
22491237ns          388256 1c00963a 00052f03 lw               x30, 0(x10)         x30=441c06d8 x10:10001720  PA:10001720
22491675ns          388278 1c00963e f11af8cb fnmsub.s         f17, f21, f17, f30  f17=xxxxxxxx f21:3ebe45aa f17:429b353f f30:441c06d8
22491715ns          388280 1c009642 01152023 sw               x17, 0(x10)         x17:4414d11c x10:10001720  PA:10001720
22491735ns          388281 1c009646 1505c163 blt              x11, x16, 322       x11:00000003 x16:00000003
22491754ns          388282 1c00964a 01280e33 add              x28, x16, x18       x28=00000003 x16:00000003 x18:00000000
22492212ns          388305 1c00964e 01880333 add              x6, x16, x24         x6=00000008 x16:00000003 x24:00000005
22492232ns          388306 1c009652 002e1e13 slli             x28, x28, 0x2       x28=0000000c x28:00000003
22492252ns          388307 1c009654 00231313 slli             x6, x6, 0x2          x6=00000020  x6:00000008
22492272ns          388308 1c009656 00530333 add              x6, x6, x5           x6=10001710  x6:00000020  x5:100016f0
22492291ns          388309 1c009658 005e0e33 add              x28, x28, x5        x28=100016fc x28:0000000c  x5:100016f0
22492311ns          388310 1c00965a 000e2e83 lw               x29, 0(x28)         x29=00000000 x28:100016fc  PA:100016fc
22492709ns          388330 1c00965e 00032883 lw               x17, 0(x6)          x17=00000000  x6:10001710  PA:10001710
22492749ns          388332 1c009662 00c80533 add              x10, x16, x12       x10=0000000d x16:00000003 x12:0000000a
22492769ns          388333 1c009666 00251513 slli             x10, x10, 0x2       x10=00000034 x10:0000000d
22492789ns          388334 1c009668 00550533 add              x10, x10, x5        x10=10001724 x10:00000034  x5:100016f0
22492809ns          388335 1c00966a e91bf8c3 fmadd.s          f17, f23, f17, f29  f17=xxxxxxxx f23:3ecfc06c f17:00000000 f29:00000000
22493246ns          388357 1c00966e 00052f03 lw               x30, 0(x10)         x30=c1bfaafa x10:10001724  PA:10001724
22493286ns          388359 1c009672 00468813 addi             x16, x13, 4         x16=00000004 x13:00000000
22493306ns          388360 1c009676 89ed78c3 fmadd.s          f17, f26, f30, f17  f17=xxxxxxxx f26:3e674ee1 f30:c1bfaafa f17:00000000
22493326ns          388361 1c00967a e919fecb fnmsub.s         f29, f19, f17, f29  f29=xxxxxxxx f19:3fd2955d f17:c0ad2e56 f29:00000000
22493743ns          388382 1c00967e 01de2023 sw               x29, 0(x28)         x29:410e750d x28:100016fc  PA:100016fc
22493783ns          388384 1c009682 00032e03 lw               x28, 0(x6)          x28=00000000  x6:10001710  PA:10001710
22493823ns          388386 1c009686 e11b7e4b fnmsub.s         f28, f22, f17, f28  f28=xxxxxxxx f22:3f2ae50f f17:c0ad2e56 f28:00000000
22493843ns          388387 1c00968a 01c32023 sw               x28, 0(x6)          x28:40673773  x6:10001710  PA:10001710
22494300ns          388410 1c00968e 00052f03 lw               x30, 0(x10)         x30=c1bfaafa x10:10001724  PA:10001724
22494340ns          388412 1c009692 f11af8cb fnmsub.s         f17, f21, f17, f30  f17=xxxxxxxx f21:3ebe45aa f17:c0ad2e56 f30:c1bfaafa
22494360ns          388413 1c009696 01152023 sw               x17, 0(x10)         x17:c1af9409 x10:10001724  PA:10001724
22494380ns          388414 1c00969a 0f05c763 blt              x11, x16, 238       x11:00000003 x16:00000004
22495255ns          388458 1c009788 ff072383 lw               x7, -16(x14)         x7=00000000 x14:10001768  PA:10001758
22495295ns          388460 1c00978c 00472283 lw               x5, 4(x14)           x5=bf39d7e4 x14:10001768  PA:1000176c
22495752ns          388483 1c009790 fec72483 lw               x9, -20(x14)         x9=3f800000 x14:10001768  PA:10001754
22495792ns          388485 1c009794 00072403 lw               x8, 0(x14)           x8=00000000 x14:10001768  PA:10001768
22495812ns          388486 1c009796 ffc72c03 lw               x24, -4(x14)        x24=00000000 x14:10001768  PA:10001764
22495832ns          388487 1c00979a 01072883 lw               x17, 16(x14)        x17=3e8cf9c8 x14:10001768  PA:10001778
22496250ns          388508 1c00979e ff472f03 lw               x30, -12(x14)       x30=00000000 x14:10001768  PA:1000175c
22496290ns          388510 1c0097a2 00872e83 lw               x29, 8(x14)         x29=3ed4bf96 x14:10001768  PA:10001770
22496309ns          388511 1c0097a6 3972f543 fmadd.s          f10, f5, f23, f7    f10=xxxxxxxx  f5:bf39d7e4 f23:3ecfc06c  f7:00000000
22496329ns          388512 1c0097aa 49747843 fmadd.s          f16, f8, f23, f9    f16=xxxxxxxx  f8:00000000 f23:3ecfc06c  f9:3f800000
22496787ns          388535 1c0097ae c178f943 fmadd.s          f18, f17, f23, f24  f18=xxxxxxxx f17:3e8cf9c8 f23:3ecfc06c f24:00000000
22496827ns          388537 1c0097b2 01872c03 lw               x24, 24(x14)        x24=3c6b51bc x14:10001768  PA:10001780
22496846ns          388538 1c0097b6 01472883 lw               x17, 20(x14)        x17=00000000 x14:10001768  PA:1000177c
22496866ns          388539 1c0097ba ff872e03 lw               x28, -8(x14)        x28=00000000 x14:10001768  PA:10001760
22497284ns          388560 1c0097be 00c72303 lw               x6, 12(x14)          x6=bef29ad1 x14:10001768  PA:10001774
22497324ns          388562 1c0097c2 f17ef5c3 fmadd.s          f11, f29, f23, f30  f11=xxxxxxxx f29:3ed4bf96 f23:3ecfc06c f30:00000000
22497344ns          388563 1c0097c6 518d7543 fmadd.s          f10, f26, f24, f10  f10=xxxxxxxx f26:3e674ee1 f24:3c6b51bc f10:be96d142
22497364ns          388564 1c0097ca 01c72c03 lw               x24, 28(x14)        x24=bf0d9fb1 x14:10001768  PA:10001784
22497821ns          388587 1c0097ce 811d7843 fmadd.s          f16, f26, f17, f16  f16=xxxxxxxx f26:3e674ee1 f17:00000000 f16:3f800000
22497861ns          388589 1c0097d2 e17376c3 fmadd.s          f13, f6, f23, f28   f13=xxxxxxxx  f6:bef29ad1 f23:3ecfc06c f28:00000000
22497881ns          388590 1c0097d6 598d75c3 fmadd.s          f11, f26, f24, f11  f11=xxxxxxxx f26:3e674ee1 f24:bf0d9fb1 f11:3e2ca6d4
22497901ns          388591 1c0097da 02072c03 lw               x24, 32(x14)        x24=bcbf2135 x14:10001768  PA:10001788
22498338ns          388613 1c0097de 4909f4cb fnmsub.s         f9, f19, f16, f9     f9=xxxxxxxx f19:3fd2955d f16:3f800000  f9:3f800000
22498378ns          388615 1c0097e2 698d76c3 fmadd.s          f13, f26, f24, f13  f13=xxxxxxxx f26:3e674ee1 f24:bcbf2135 f13:be44e189
22498398ns          388616 1c0097e6 4168744b fnmsub.s         f8, f16, f22, f8     f8=xxxxxxxx f16:3f800000 f22:3f2ae50f  f8:00000000
22498418ns          388617 1c0097ea 02472c03 lw               x24, 36(x14)        x24=3f552459 x14:10001768  PA:1000178c
22498875ns          388640 1c0097ee 890af84b fnmsub.s         f16, f21, f16, f17  f16=xxxxxxxx f21:3ebe45aa f16:3f800000 f17:00000000
22498915ns          388642 1c0097f2 01872883 lw               x17, 24(x14)        x17=3c6b51bc x14:10001768  PA:10001780
22498935ns          388643 1c0097f6 918d7943 fmadd.s          f18, f26, f24, f18  f18=xxxxxxxx f26:3e674ee1 f24:3f552459 f18:3de4cfdf
22498955ns          388644 1c0097fa 38a9f3cb fnmsub.s         f7, f19, f10, f7     f7=xxxxxxxx f19:3fd2955d f10:be952803  f7:00000000
22499373ns          388665 1c0097fe 01c72c03 lw               x24, 28(x14)        x24=bf0d9fb1 x14:10001768  PA:10001784
22499412ns          388667 1c009802 296572cb fnmsub.s         f5, f10, f22, f5     f5=xxxxxxxx f10:be952803 f22:3f2ae50f  f5:bf39d7e4
22499432ns          388668 1c009806 88aaf54b fnmsub.s         f10, f21, f10, f17  f10=xxxxxxxx f21:3ebe45aa f10:be952803 f17:3c6b51bc
22499452ns          388669 1c00980a 02072883 lw               x17, 32(x14)        x17=bcbf2135 x14:10001768  PA:10001788
22499910ns          388692 1c00980e f0b9ff4b fnmsub.s         f30, f19, f11, f30  f30=xxxxxxxx f19:3fd2955d f11:3d32c061 f30:00000000
22499949ns          388694 1c009812 e965fecb fnmsub.s         f29, f11, f22, f29  f29=xxxxxxxx f11:3d32c061 f22:3f2ae50f f29:3ed4bf96
22499969ns          388695 1c009816 e0d9fe4b fnmsub.s         f28, f19, f13, f28  f28=xxxxxxxx f19:3fd2955d f13:be4a4718 f28:00000000
22499989ns          388696 1c00981a c0baf5cb fnmsub.s         f11, f21, f11, f24  f11=xxxxxxxx f21:3ebe45aa f11:3d32c061 f24:bf0d9fb1
22500407ns          388717 1c00981e 3166f34b fnmsub.s         f6, f13, f22, f6     f6=xxxxxxxx f13:be4a4718 f22:3f2ae50f  f6:bef29ad1
22500447ns          388719 1c009822 ffc72c03 lw               x24, -4(x14)        x24=00000000 x14:10001768  PA:10001764
22500467ns          388720 1c009826 88daf6cb fnmsub.s         f13, f21, f13, f17  f13=xxxxxxxx f21:3ebe45aa f13:be4a4718 f17:bcbf2135
22500486ns          388721 1c00982a c129fc4b fnmsub.s         f24, f19, f18, f24  f24=xxxxxxxx f19:3fd2955d f18:3e997eb4 f24:00000000
22500506ns          388722 1c00982e 00b72e23 sw               x11, 28(x14)        x11:bf11c68c x14:10001768  PA:10001784
22500964ns          388745 1c009830 02d72023 sw               x13, 32(x14)        x13:3d4d1f04 x14:10001768  PA:10001788
22500984ns          388746 1c009832 01072683 lw               x13, 16(x14)        x13=3e8cf9c8 x14:10001768  PA:10001778
22501004ns          388747 1c009834 ff872e23 sw               x24, -4(x14)        x24:befc86fc x14:10001768  PA:10001764
22501024ns          388748 1c009838 69697c4b fnmsub.s         f24, f18, f22, f13  f24=xxxxxxxx f18:3e997eb4 f22:3f2ae50f f13:3e8cf9c8
22501043ns          388749 1c00983c 02472683 lw               x13, 36(x14)        x13=3f552459 x14:10001768  PA:1000178c
22501461ns          388770 1c00983e fe972623 sw               x9, -20(x14)         x9:bf252aba x14:10001768  PA:10001754
22501501ns          388772 1c009842 692af8cb fnmsub.s         f17, f21, f18, f13  f17=xxxxxxxx f21:3ebe45aa f18:3e997eb4 f13:3f552459
22501521ns          388773 1c009846 00872023 sw               x8, 0(x14)           x8:bf2ae50f x14:10001768  PA:10001768
22501541ns          388774 1c009848 01072a23 sw               x16, 20(x14)        x16:bebe45aa x14:10001768  PA:1000177c
22501561ns          388775 1c00984c fe772823 sw               x7, -16(x14)         x7:3ef563b2 x14:10001768  PA:10001758
22501998ns          388797 1c009850 00572223 sw               x5, 4(x14)           x5:bf080ee0 x14:10001768  PA:1000176c
22502038ns          388799 1c009854 00a72c23 sw               x10, 24(x14)        x10:3dfb22ca x14:10001768  PA:10001780
22502058ns          388800 1c009856 ffe72a23 sw               x30, -12(x14)       x30:bd930a1a x14:10001768  PA:1000175c
22502078ns          388801 1c00985a 01d72423 sw               x29, 8(x14)         x29:3ec5d520 x14:10001768  PA:10001770
22502495ns          388822 1c00985e ffc72c23 sw               x28, -8(x14)        x28:3ea66457 x14:10001768  PA:10001760
22502515ns          388823 1c009862 02012583 lw               x11, 32(x2)         x11=00000002  x2:100015f8  PA:10001618
22502535ns          388824 1c009864 00672623 sw               x6, 12(x14)          x6:beaf16b7 x14:10001768  PA:10001774
22502555ns          388825 1c009868 01872823 sw               x24, 16(x14)        x24:3d9a0935 x14:10001768  PA:10001778
22502575ns          388826 1c00986c 03172223 sw               x17, 36(x14)        x17:3f389ee5 x14:10001768  PA:1000178c
22503032ns          388849 1c009870 01470713 addi             x14, x14, 20        x14=1000177c x14:10001768
22503052ns          388850 1c009872 01478793 addi             x15, x15, 20        x15=10001718 x15:10001704
22503072ns          388851 1c009874 004a0a13 addi             x20, x20, 4         x20=10001758 x20:10001754
22503092ns          388852 1c009876 02812683 lw               x13, 40(x2)         x13=100016f4  x2:100015f8  PA:10001620
22503112ns          388853 1c009878 00c00c33 add              x24, x0, x12        x24=0000000a x12:0000000a
22503132ns          388854 1c00987a 014f8f93 addi             x31, x31, 20        x31=10001704 x31:100016f0
22503152ns          388855 1c00987c 90bdd8e3 bge              x27, x11, -1776     x27:00000004 x11:00000002
22504047ns          388900 1c00918c 0bb587e3 beq              x11, x27, 2222      x11:00000002 x27:00000004
22504126ns          388904 1c009190 16bccbe3 blt              x25, x11, 2422      x25:00000001 x11:00000002
22504226ns          388909 1c009b06 0006a503 lw               x10, 0(x13)         x10=c339687e x13:100016f4  PA:100016f4
22504266ns          388911 1c009b08 0046a803 lw               x16, 4(x13)         x16=c3a9fcd1 x13:100016f4  PA:100016f8
22504286ns          388912 1c009b0c 0086a603 lw               x12, 8(x13)         x12=410e750d x13:100016f4  PA:100016fc
22504325ns          388914 1c009b0e 08a12223 sw               x10, 132(x2)        x10:c339687e  x2:100015f8  PA:1000167c
22504743ns          388935 1c009b10 09012423 sw               x16, 136(x2)        x16:c3a9fcd1  x2:100015f8  PA:10001680
22504783ns          388937 1c009b12 08c12623 sw               x12, 140(x2)        x12:410e750d  x2:100015f8  PA:10001684
22504803ns          388938 1c009b14 e82ff06f jal              x0, -2430          
22504882ns          388942 1c009196 08812803 lw               x16, 136(x2)        x16=c3a9fcd1  x2:100015f8  PA:10001680
22504922ns          388944 1c009198 00000613 addi             x12, x0, 0          x12=00000000
22504942ns          388945 1c00919c a0c81653 flt.s            x12, f16, f12       x12=00000001 f16:c3a9fcd1 f12:00000000
22505280ns          388962 1c0091a0 00060363 beq              x12, x0, 6          x12:00000001
22505320ns          388964 1c0091a2 21081853 fsgnjn.s         f16, f16, f16       f16=xxxxxxxx f16:c3a9fcd1 f16:c3a9fcd1
22505340ns          388965 1c0091a6 1c000e37 lui              x28, 0x1c000000     x28=1c000000
22505360ns          388966 1c0091aa 01ce0e13 addi             x28, x28, 28        x28=1c00001c x28:1c000000
22505419ns          388969 1c0091ae 000e2e03 lw               x28, 0(x28)         x28=00800000 x28:1c00001c  PA:1c00001c
22505758ns          388986 1c0091b2 a10e1653 flt.s            x12, f28, f16       x12=00000001 f28:00800000 f16:43a9fcd1
22505777ns          388987 1c0091b6 10061be3 bne              x12, x0, 2326       x12:00000001
22505937ns          388995 1c009acc 1c000337 lui              x6, 0x1c000000       x6=1c000000
22506016ns          388999 1c009ad0 01c30313 addi             x6, x6, 28           x6=1c00001c  x6:1c000000
22506056ns          389001 1c009ad4 00000893 addi             x17, x0, 0          x17=00000000
22506076ns          389002 1c009ad8 1c0003b7 lui              x7, 0x1c000000       x7=1c000000
22506096ns          389003 1c009adc 00032303 lw               x6, 0(x6)            x6=00800000  x6:1c00001c  PA:1c00001c
22506434ns          389020 1c009ae0 04c38393 addi             x7, x7, 76           x7=1c00004c  x7:1c000000
22506454ns          389021 1c009ae4 19037653 fdiv.s           f12, f6, f16        f12=xxxxxxxx  f6:00800000 f16:43a9fcd1
22506851ns          389041 1c009ae8 111678d3 fmul.s           f17, f12, f17       f17=xxxxxxxx f12:00006062 f17:00000000
22506871ns          389042 1c009aec 0003a383 lw               x7, 0(x7)            x7=3f800000  x7:1c00004c  PA:1c00004c
22507229ns          389060 1c009af0 38c8f8c3 fmadd.s          f17, f17, f12, f7   f17=xxxxxxxx f17:00000000 f12:00006062  f7:3f800000
22507249ns          389061 1c009af4 ed4ff06f jal              x0, -2348          
22507289ns          389063 1c0091c8 08c12603 lw               x12, 140(x2)        x12=410e750d  x2:100015f8  PA:10001684
22507309ns          389064 1c0091ca 00000313 addi             x6, x0, 0            x6=00000000
22507369ns          389067 1c0091ce a0661353 flt.s            x6, f12, f6          x6=00000000 f12:410e750d  f6:00000000
22507408ns          389069 1c0091d2 00030463 beq              x6, x0, 8            x6:00000000
22507488ns          389073 1c0091da a0c81353 flt.s            x6, f16, f12         x6=00000000 f16:43a9fcd1 f12:410e750d
22507548ns          389076 1c0091de 10030de3 beq              x6, x0, 2330         x6:00000000
22507607ns          389079 1c009af8 19067653 fdiv.s           f12, f12, f16       f12=xxxxxxxx f12:410e750d f16:43a9fcd1
22508105ns          389104 1c009afc 88c678c3 fmadd.s          f17, f12, f12, f17  f17=xxxxxxxx f12:3cd68a1e f12:3cd68a1e f17:3f800000
22508125ns          389105 1c009b00 01000633 add              x12, x0, x16        x12=43a9fcd1 x16:43a9fcd1
22508144ns          389106 1c009b02 ef8ff06f jal              x0, -2312          
22508264ns          389112 1c0091fa 5808f853 fsqrt.s          f16, f17            f16=xxxxxxxx f17:3f801679
22509218ns          389160 1c0091fe 10c87653 fmul.s           f12, f16, f12       f12=xxxxxxxx f16:3f800b3c f12:43a9fcd1
22509238ns          389161 1c009202 00300893 addi             x17, x0, 3          x17=00000003
22509258ns          389162 1c009204 00200e93 addi             x29, x0, 2          x29=00000002
22509278ns          389163 1c009206 00000813 addi             x16, x0, 0          x16=00000000
22509298ns          389164 1c00920a a1062353 feq.s            x6, f12, f16         x6=00000000 f12:43aa0bbc f16:00000000
22509338ns          389166 1c00920e 040318e3 bne              x6, x0, 2128         x6:00000000
22509378ns          389168 1c009212 a1051853 flt.s            x16, f10, f16       x16=00000001 f10:c339687e f16:00000000
22509398ns          389169 1c009216 180812e3 bne              x16, x0, 2436       x16:00000001
22509596ns          389179 1c009b9a 20a51853 fsgnjn.s         f16, f10, f10       f16=xxxxxxxx f10:c339687e f10:c339687e
22509656ns          389182 1c009b9e e7eff06f jal              x0, -2434          
22509696ns          389184 1c00921c 00000313 addi             x6, x0, 0            x6=00000000
22509716ns          389185 1c009220 a0661353 flt.s            x6, f12, f6          x6=00000000 f12:43aa0bbc  f6:00000000
22509736ns          389186 1c009224 00030463 beq              x6, x0, 8            x6:00000000
22509795ns          389189 1c00922c a0c81353 flt.s            x6, f16, f12         x6=00000001 f16:4339687e f12:43aa0bbc
22509855ns          389192 1c009230 12031ce3 bne              x6, x0, 2360         x6:00000001
22509954ns          389197 1c009b68 1c0002b7 lui              x5, 0x1c000000       x5=1c000000
22509994ns          389199 1c009b6c 04c28293 addi             x5, x5, 76           x5=1c00004c  x5:1c000000
22510054ns          389202 1c009b70 0002a283 lw               x5, 0(x5)            x5=3f800000  x5:1c00004c  PA:1c00004c
22510392ns          389219 1c009b74 18c87853 fdiv.s           f16, f16, f12       f16=xxxxxxxx f16:4339687e f12:43aa0bbc
22510730ns          389236 1c009b78 29087843 fmadd.s          f16, f16, f16, f5   f16=xxxxxxxx f16:3f0b9056 f16:3f0b9056  f5:3f800000
22510750ns          389237 1c009b7c 58087853 fsqrt.s          f16, f16            f16=xxxxxxxx f16:3fa60b07
22511844ns          389292 1c009b80 11067653 fmul.s           f12, f12, f16       f12=xxxxxxxx f12:43aa0bbc f16:3f91c92d
22511864ns          389293 1c009b84 ed0ff06f jal              x0, -2352          
22511904ns          389295 1c009254 00000813 addi             x16, x0, 0          x16=00000000
22511924ns          389296 1c009258 a0a80853 fle.s            x16, f16, f10       x16=00000000 f16:00000000 f10:c339687e
22511944ns          389297 1c00925c 00080463 beq              x16, x0, 8          x16:00000000
22512043ns          389302 1c009264 00000813 addi             x16, x0, 0          x16=00000000
22512063ns          389303 1c009268 a1061853 flt.s            x16, f12, f16       x16=00000000 f12:43c1ac8d f16:00000000
22512083ns          389304 1c00926c 12081be3 bne              x16, x0, 2358       x16:00000000
22512500ns          389325 1c009270 00c00833 add              x16, x0, x12        x16=43c1ac8d x12:43c1ac8d
22512540ns          389327 1c009272 1c0004b7 lui              x9, 0x1c000000       x9=1c000000
22512560ns          389328 1c009276 03048493 addi             x9, x9, 48           x9=1c000030  x9:1c000000
22512580ns          389329 1c00927a 0004a483 lw               x9, 0(x9)            x9=0c000000  x9:1c000030  PA:1c000030
22512898ns          389345 1c00927c a0981853 flt.s            x16, f16, f9        x16=00000000 f16:43c1ac8d  f9:0c000000
22512918ns          389346 1c009280 0a080ce3 beq              x16, x0, 2232       x16:00000000
22513018ns          389351 1c009b38 1c000337 lui              x6, 0x1c000000       x6=1c000000
22513057ns          389353 1c009b3c 04c32803 lw               x16, 76(x6)         x16=3f800000  x6:1c000000  PA:1c00004c
22513376ns          389369 1c009b40 08c57353 fsub.s           f6, f10, f12         f6=xxxxxxxx f10:c339687e f12:43c1ac8d
22513396ns          389370 1c009b44 18687853 fdiv.s           f16, f16, f6        f16=xxxxxxxx f16:3f800000  f6:c40f3066  PA:10001680
22513893ns          389395 1c009b48 08812303 lw               x6, 136(x2)          x6=xxxxxxxx  x2:100015f8
22513913ns          389396 1c009b4a 08a679d3 fsub.s           f19, f12, f10       f19=xxxxxxxx f12:43c1ac8d f10:c339687e
22514171ns          389409 1c009b4e 11037353 fmul.s           f6, f6, f16          f6=xxxxxxxx  f6:c3a9fcd1 f16:bae4d824
22514191ns          389410 1c009b52 18c9f9d3 fdiv.s           f19, f19, f12       f19=xxxxxxxx f19:440f3066 f12:43c1ac8d  PA:10001680
22515007ns          389451 1c009b56 08612423 sw               x6, 136(x2)          x6:3f17f4af  x2:100015f8
22515027ns          389452 1c009b58 0038b663 p.bneimm         x17, 12             x17:00000003  PA:10001684
22515046ns          389453 1c009b5c 08c12503 lw               x10, 140(x2)        x10=xxxxxxxx  x2:100015f8
22515086ns          389455 1c009b5e 11057853 fmul.s           f16, f10, f16       f16=xxxxxxxx f10:410e750d f16:bae4d824
22515285ns          389465 1c009b62 09012623 sw               x16, 140(x2)        x16:bc7eb10d  x2:100015f8  PA:10001684
22515305ns          389466 1c009b64 00c00533 add              x10, x0, x12        x10=43c1ac8d x12:43c1ac8d
22515325ns          389467 1c009b66 87fff06f jal              x0, -1922          
22515444ns          389473 1c0093e4 08a12223 sw               x10, 132(x2)        x10:43c1ac8d  x2:100015f8  PA:1000167c
22515484ns          389475 1c0093e6 4cbcd763 bge              x25, x11, 1230      x25:00000001 x11:00000002
22515504ns          389476 1c0093ea 00a6a023 sw               x10, 0(x13)         x10:43c1ac8d x13:100016f4  PA:100016f4
22515524ns          389477 1c0093ec 0006a223 sw               x0, 4(x13)          x13:100016f4  PA:100016f8
22515564ns          389479 1c0093f0 01b5d463 bge              x11, x27, 8         x11:00000002 x27:00000004
22515603ns          389481 1c0093f4 0006a423 sw               x0, 8(x13)          x13:100016f4  PA:100016fc
22515623ns          389482 1c0093f8 08812b83 lw               x23, 136(x2)        x23=3f17f4af  x2:100015f8  PA:10001680
22515663ns          389484 1c0093fa 1179fb53 fmul.s           f22, f19, f23       f22=xxxxxxxx f19:3fbd44be f23:3f17f4af
22515703ns          389486 1c0093fe 4c38bd63 p.bneimm         x17, 1242           x17:00000003
22515743ns          389488 1c009402 01468313 addi             x6, x13, 20          x6=10001708 x13:100016f4
22515763ns          389489 1c009406 406a08b3 sub              x17, x20, x6        x17=00000050 x20:10001758  x6:10001708
22515782ns          389490 1c00940a 08c12d03 lw               x26, 140(x2)        x26=bc7eb10d  x2:100015f8  PA:10001684
22515802ns          389491 1c00940c fec88893 addi             x17, x17, -20       x17=0000003c x17:00000050
22515842ns          389493 1c00940e 0cccd637 lui              x12, 0xcccd000      x12=0cccd000
22515882ns          389495 1c009412 0028d893 srli             x17, x17, 0x2       x17=0000000f x17:0000003c
22515902ns          389496 1c009416 ccd60613 addi             x12, x12, -819      x12=0ccccccd x12:0cccd000
22515922ns          389497 1c00941a 02c888b3 mul              x17, x17, x12       x17=c0000003 x17:0000000f x12:0ccccccd
22515981ns          389500 1c00941e 113d7ad3 fmul.s           f21, f26, f19       f21=xxxxxxxx f26:bc7eb10d f19:3fbd44be
22516001ns          389501 1c009422 01868693 addi             x13, x13, 24        x13=1000170c x13:100016f4
22516021ns          389502 1c009424 c3e8b8b3 p.bclr           x17, x17, 1, 30     x17=00000003 x17:c0000003
22516041ns          389503 1c009428 02d12423 sw               x13, 40(x2)         x13:1000170c  x2:100015f8  PA:10001620
22516061ns          389504 1c00942a 00d00533 add              x10, x0, x13        x10=1000170c x13:1000170c
22516081ns          389505 1c00942c 00188893 addi             x17, x17, 1         x17=00000004 x17:00000003
22516359ns          389519 1c00942e 0168c0fb lp.setup         0x1, x17, 0x16      x17:00000004
22516379ns          389520 1c009432 00052603 lw               x12, 0(x10)         x12=439d9d10 x10:1000170c  PA:1000170c
22516399ns          389521 1c009434 00032803 lw               x16, 0(x6)          x16=433cff3b  x6:10001708  PA:10001708
22516419ns          389522 1c009438 00452e03 lw               x28, 4(x10)         x28=40673773 x10:1000170c  PA:10001710
22516439ns          389523 1c00943c 817676c3 fmadd.s          f13, f12, f23, f16  f13=xxxxxxxx f12:439d9d10 f23:3f17f4af f16:433cff3b
22516499ns          389526 1c009440 01450513 addi             x10, x10, 20        x10=10001720 x10:1000170c
22516538ns          389528 1c009442 69cd76c3 fmadd.s          f13, f26, f28, f13  f13=xxxxxxxx f26:bc7eb10d f28:40673773 f13:43bc0de7
22516558ns          389529 1c009446 8136f84b fnmsub.s         f16, f13, f19, f16  f16=xxxxxxxx f13:43bc06b7 f19:3fbd44be f16:433cff3b
22516578ns          389530 1c00944a 6166f64b fnmsub.s         f12, f13, f22, f12  f12=xxxxxxxx f13:43bc06b7 f22:3f60b0e6 f12:439d9d10
22516638ns          389533 1c00944e e0daf6cb fnmsub.s         f13, f21, f13, f28  f13=xxxxxxxx f21:bcbc4d1b f13:43bc06b7 f28:40673773
22516678ns          389535 1c009452 01032a2b p.sw             x16, 20(x6!)         x6=1000171c x16:c3b78747  x6:10001708  PA:10001708
22516697ns          389536 1c009456 fec52623 sw               x12, -20(x10)       x12:c16d57b5 x10:10001720  PA:1000170c
22516717ns          389537 1c00945a fed52823 sw               x13, -16(x10)       x13:41441b6d x10:10001720  PA:10001710
22516737ns          389538 1c009432 00052603 lw               x12, 0(x10)         x12=4414d11c x10:10001720  PA:10001720
22516757ns          389539 1c009434 00032803 lw               x16, 0(x6)          x16=439d9d0f  x6:1000171c  PA:1000171c
22516777ns          389540 1c009438 00452e03 lw               x28, 4(x10)         x28=c1af9409 x10:10001720  PA:10001724
22516797ns          389541 1c00943c 817676c3 fmadd.s          f13, f12, f23, f16  f13=xxxxxxxx f12:4414d11c f23:3f17f4af f16:439d9d0f
22516817ns          389542 1c009440 01450513 addi             x10, x10, 20        x10=10001734 x10:10001720
22516837ns          389543 1c009442 69cd76c3 fmadd.s          f13, f26, f28, f13  f13=xxxxxxxx f26:bc7eb10d f28:c1af9409 f13:4427241c
22516857ns          389544 1c009446 8136f84b fnmsub.s         f16, f13, f19, f16  f16=xxxxxxxx f13:442739f2 f19:3fbd44be f16:439d9d0f
22516876ns          389545 1c00944a 6166f64b fnmsub.s         f12, f13, f22, f12  f12=xxxxxxxx f13:442739f2 f22:3f60b0e6 f12:4414d11c
22516896ns          389546 1c00944e e0daf6cb fnmsub.s         f13, f21, f13, f28  f13=xxxxxxxx f21:bcbc4d1b f13:442739f2 f28:c1af9409
22516916ns          389547 1c009452 01032a2b p.sw             x16, 20(x6!)         x6=10001730 x16:c42876d7  x6:1000171c  PA:1000171c
22516936ns          389548 1c009456 fec52623 sw               x12, -20(x10)       x12:4102b68b x10:10001734  PA:10001720
22516956ns          389549 1c00945a fed52823 sw               x13, -16(x10)       x13:c0d24c75 x10:10001734  PA:10001724
22516996ns          389551 1c009432 00052603 lw               x12, 0(x10)         x12=c1af9428 x10:10001734  PA:10001734
22517016ns          389552 1c009434 00032803 lw               x16, 0(x6)          x16=40673818  x6:10001730  PA:10001730
22517036ns          389553 1c009438 00452e03 lw               x28, 4(x10)         x28=43dd9af2 x10:10001734  PA:10001738
22517055ns          389554 1c00943c 817676c3 fmadd.s          f13, f12, f23, f16  f13=xxxxxxxx f12:c1af9428 f23:3f17f4af f16:40673818
22517075ns          389555 1c009440 01450513 addi             x10, x10, 20        x10=10001748 x10:10001734
22517095ns          389556 1c009442 69cd76c3 fmadd.s          f13, f26, f28, f13  f13=xxxxxxxx f26:bc7eb10d f28:43dd9af2 f13:c116a264
22517115ns          389557 1c009446 8136f84b fnmsub.s         f16, f13, f19, f16  f16=xxxxxxxx f13:c1826f72 f19:3fbd44be f16:40673818
22517135ns          389558 1c00944a 6166f64b fnmsub.s         f12, f13, f22, f12  f12=xxxxxxxx f13:c1826f72 f22:3f60b0e6 f12:c1af9428
22517155ns          389559 1c00944e e0daf6cb fnmsub.s         f13, f21, f13, f28  f13=xxxxxxxx f21:bcbc4d1b f13:c1826f72 f28:43dd9af2
22517175ns          389560 1c009452 01032a2b p.sw             x16, 20(x6!)         x6=10001744 x16:41ddc59e  x6:10001730  PA:10001730
22517195ns          389561 1c009456 fec52623 sw               x12, -20(x10)       x12:c0f4620a x10:10001748  PA:10001734
22517215ns          389562 1c00945a fed52823 sw               x13, -16(x10)       x13:43dd6af9 x10:10001748  PA:10001738
22517294ns          389566 1c009432 00052603 lw               x12, 0(x10)         x12=38a2edf5 x10:10001748  PA:10001748
22517314ns          389567 1c009434 00032803 lw               x16, 0(x6)          x16=b83aab4b  x6:10001744  PA:10001744
22517354ns          389569 1c009438 00452e03 lw               x28, 4(x10)         x28=c35caad7 x10:10001748  PA:1000174c
22517394ns          389571 1c00943c 817676c3 fmadd.s          f13, f12, f23, f16  f13=xxxxxxxx f12:38a2edf5 f23:3f17f4af f16:b83aab4b
22517413ns          389572 1c009440 01450513 addi             x10, x10, 20        x10=1000175c x10:10001748
22517433ns          389573 1c009442 69cd76c3 fmadd.s          f13, f26, f28, f13  f13=xxxxxxxx f26:bc7eb10d f28:c35caad7 f13:35d81c0c
22517453ns          389574 1c009446 8136f84b fnmsub.s         f16, f13, f19, f16  f16=xxxxxxxx f13:405b8a25 f19:3fbd44be f16:b83aab4b
22517473ns          389575 1c00944a 6166f64b fnmsub.s         f12, f13, f22, f12  f12=xxxxxxxx f13:405b8a25 f22:3f60b0e6 f12:38a2edf5
22517493ns          389576 1c00944e e0daf6cb fnmsub.s         f13, f21, f13, f28  f13=xxxxxxxx f21:bcbc4d1b f13:405b8a25 f28:c35caad7
22517513ns          389577 1c009452 01032a2b p.sw             x16, 20(x6!)         x6=10001758 x16:c0a2504e  x6:10001744  PA:10001744
22517533ns          389578 1c009456 fec52623 sw               x12, -20(x10)       x12:c040af4f x10:1000175c  PA:10001748
22517553ns          389579 1c00945a fed52823 sw               x13, -16(x10)       x13:c35c96a8 x10:1000175c  PA:1000174c
22517573ns          389580 1c00945e 00158513 addi             x10, x11, 1         x10=00000003 x11:00000002
22517593ns          389581 1c009462 02a12023 sw               x10, 32(x2)         x10:00000003  x2:100015f8  PA:10001618
22517612ns          389582 1c009464 73b55263 bge              x10, x27, 1828      x10:00000003 x27:00000004
22517632ns          389583 1c009468 00258593 addi             x11, x11, 2         x11=00000004 x11:00000002
22517652ns          389584 1c00946a ffbc0913 addi             x18, x24, -5        x18=00000005 x24:0000000a
22518010ns          389602 1c00946e 005c0613 addi             x12, x24, 5         x12=0000000f x24:0000000a
22518050ns          389604 1c009472 3005cb63 blt              x11, x0, 790        x11:00000004
22518070ns          389605 1c009476 00400513 addi             x10, x0, 4          x10=00000004
22518090ns          389606 1c009478 00000693 addi             x13, x0, 0          x13=00000000
22518110ns          389607 1c00947a 0cb55963 bge              x10, x11, 210       x10:00000004 x11:00000004
22518249ns          389614 1c00954c 01812803 lw               x16, 24(x2)         x16=100016f0  x2:100015f8  PA:10001610
22518328ns          389618 1c00954e 00d90333 add              x6, x18, x13         x6=00000005 x18:00000005 x13:00000000
22518368ns          389620 1c009552 00dc08b3 add              x17, x24, x13       x17=0000000a x24:0000000a x13:00000000
22518388ns          389621 1c009556 00231313 slli             x6, x6, 0x2          x6=00000014  x6:00000005
22518408ns          389622 1c009558 00289893 slli             x17, x17, 0x2       x17=00000028 x17:0000000a
22518428ns          389623 1c00955a 01030333 add              x6, x6, x16          x6=10001704  x6:00000014 x16:100016f0
22518448ns          389624 1c00955c 010888b3 add              x17, x17, x16       x17=10001718 x17:00000028 x16:100016f0
22518468ns          389625 1c00955e 00032e83 lw               x29, 0(x6)          x29=c3396884  x6:10001704  PA:10001704
22518507ns          389627 1c009562 0008a803 lw               x16, 0(x17)         x16=c3a9fcd2 x17:10001718  PA:10001718
22518527ns          389628 1c009566 00d60e33 add              x28, x12, x13       x28=0000000f x12:0000000f x13:00000000
22518547ns          389629 1c00956a 01812283 lw               x5, 24(x2)           x5=100016f0  x2:100015f8  PA:10001610
22518567ns          389630 1c00956c 002e1e13 slli             x28, x28, 0x2       x28=0000003c x28:0000000f
22518587ns          389631 1c00956e 005e0e33 add              x28, x28, x5        x28=1000172c x28:0000003c  x5:100016f0
22518607ns          389632 1c009570 e90bf843 fmadd.s          f16, f23, f16, f29  f16=xxxxxxxx f23:3f17f4af f16:c3a9fcd2 f29:c3396884
22518647ns          389634 1c009574 000e2f03 lw               x30, 0(x28)         x30=410e7502 x28:1000172c  PA:1000172c
22518667ns          389635 1c009578 00168513 addi             x10, x13, 1         x10=00000001 x13:00000000
22518686ns          389636 1c00957c 81ed7843 fmadd.s          f16, f26, f30, f16  f16=xxxxxxxx f26:bc7eb10d f30:410e7502 f16:c3c19adb
22518746ns          389639 1c009580 e909fecb fnmsub.s         f29, f19, f16, f29  f29=xxxxxxxx f19:3fbd44be f16:c3c1ac92 f29:c3396884
22518786ns          389641 1c009584 01d32023 sw               x29, 0(x6)          x29:43c1ac91  x6:10001704  PA:10001704
22518806ns          389642 1c009588 0008a303 lw               x6, 0(x17)           x6=c3a9fcd2 x17:10001718  PA:10001718
22518846ns          389644 1c00958c 310b734b fnmsub.s         f6, f22, f16, f6     f6=xxxxxxxx f22:3f60b0e6 f16:c3c1ac92  f6:c3a9fcd2
22518866ns          389645 1c009590 0068a023 sw               x6, 0(x17)           x6:38995acb x17:10001718  PA:10001718
22518885ns          389646 1c009594 000e2f03 lw               x30, 0(x28)         x30=410e7502 x28:1000172c  PA:1000172c
22518945ns          389649 1c009598 f10af84b fnmsub.s         f16, f21, f16, f30  f16=xxxxxxxx f21:bcbc4d1b f16:c3c1ac92 f30:410e7502
22518965ns          389650 1c00959c 010e2023 sw               x16, 0(x28)         x16:b768d1d6 x28:1000172c  PA:1000172c
22518985ns          389651 1c0095a0 1ea5c463 blt              x11, x10, 488       x11:00000004 x10:00000001
22519005ns          389652 1c0095a4 01250e33 add              x28, x10, x18       x28=00000006 x10:00000001 x18:00000005
22519025ns          389653 1c0095a8 01850333 add              x6, x10, x24         x6=0000000b x10:00000001 x24:0000000a
22519045ns          389654 1c0095ac 002e1e13 slli             x28, x28, 0x2       x28=00000018 x28:00000006
22519064ns          389655 1c0095ae 00231313 slli             x6, x6, 0x2          x6=0000002c  x6:0000000b
22519084ns          389656 1c0095b0 00530333 add              x6, x6, x5           x6=1000171c  x6:0000002c  x5:100016f0
22519104ns          389657 1c0095b2 005e0e33 add              x28, x28, x5        x28=10001708 x28:00000018  x5:100016f0
22519124ns          389658 1c0095b4 000e2e83 lw               x29, 0(x28)         x29=c3b78747 x28:10001708  PA:10001708
22519144ns          389659 1c0095b8 00032883 lw               x17, 0(x6)          x17=c42876d7  x6:1000171c  PA:1000171c
22519164ns          389660 1c0095bc 00c50533 add              x10, x10, x12       x10=00000010 x10:00000001 x12:0000000f
22519184ns          389661 1c0095be 00251513 slli             x10, x10, 0x2       x10=00000040 x10:00000010
22519204ns          389662 1c0095c0 00550533 add              x10, x10, x5        x10=10001730 x10:00000040  x5:100016f0
22519224ns          389663 1c0095c2 e91bf8c3 fmadd.s          f17, f23, f17, f29  f17=xxxxxxxx f23:3f17f4af f17:c42876d7 f29:c3b78747
22519243ns          389664 1c0095c6 00052f03 lw               x30, 0(x10)         x30=41ddc59e x10:10001730  PA:10001730
22519263ns          389665 1c0095ca 00268813 addi             x16, x13, 2         x16=00000002 x13:00000000
22519283ns          389666 1c0095ce 89ed78c3 fmadd.s          f17, f26, f30, f17  f17=xxxxxxxx f26:bc7eb10d f30:41ddc59e f17:c43fc2c1
22519303ns          389667 1c0095d2 e919fecb fnmsub.s         f29, f19, f17, f29  f29=xxxxxxxx f19:3fbd44be f17:c43fde55 f29:c3b78747
22519323ns          389668 1c0095d6 01de2023 sw               x29, 0(x28)         x29:443ff1b1 x28:10001708  PA:10001708
22519343ns          389669 1c0095da 00032e03 lw               x28, 0(x6)          x28=c42876d7  x6:1000171c  PA:1000171c
22519383ns          389671 1c0095de e11b7e4b fnmsub.s         f28, f22, f17, f28  f28=xxxxxxxx f22:3f60b0e6 f17:c43fde55 f28:c42876d7
22519422ns          389673 1c0095e2 01c32023 sw               x28, 0(x6)          x28:be7b763d  x6:1000171c  PA:1000171c
22519442ns          389674 1c0095e6 00052f03 lw               x30, 0(x10)         x30=41ddc59e x10:10001730  PA:10001730
22519482ns          389676 1c0095ea f11af8cb fnmsub.s         f17, f21, f17, f30  f17=xxxxxxxx f21:bcbc4d1b f17:c43fde55 f30:41ddc59e
22519502ns          389677 1c0095ee 01152023 sw               x17, 0(x10)         x17:4121491b x10:10001730  PA:10001730
22519522ns          389678 1c0095f2 1905cb63 blt              x11, x16, 406       x11:00000004 x16:00000002
22519542ns          389679 1c0095f6 01280e33 add              x28, x16, x18       x28=00000007 x16:00000002 x18:00000005
22519562ns          389680 1c0095fa 01880333 add              x6, x16, x24         x6=0000000c x16:00000002 x24:0000000a
22519582ns          389681 1c0095fe 002e1e13 slli             x28, x28, 0x2       x28=0000001c x28:00000007
22519601ns          389682 1c009600 00231313 slli             x6, x6, 0x2          x6=00000030  x6:0000000c
22519621ns          389683 1c009602 00530333 add              x6, x6, x5           x6=10001720  x6:00000030  x5:100016f0
22519641ns          389684 1c009604 005e0e33 add              x28, x28, x5        x28=1000170c x28:0000001c  x5:100016f0
22519661ns          389685 1c009606 000e2e83 lw               x29, 0(x28)         x29=c16d57b5 x28:1000170c  PA:1000170c
22519681ns          389686 1c00960a 00032883 lw               x17, 0(x6)          x17=4102b68b  x6:10001720  PA:10001720
22519741ns          389689 1c00960e 00c80533 add              x10, x16, x12       x10=00000011 x16:00000002 x12:0000000f
22519761ns          389690 1c009612 00251513 slli             x10, x10, 0x2       x10=00000044 x10:00000011
22519780ns          389691 1c009614 00550533 add              x10, x10, x5        x10=10001734 x10:00000044  x5:100016f0
22519800ns          389692 1c009616 e91bf8c3 fmadd.s          f17, f23, f17, f29  f17=xxxxxxxx f23:3f17f4af f17:4102b68b f29:c16d57b5
22519820ns          389693 1c00961a 00052f03 lw               x30, 0(x10)         x30=c0f4620a x10:10001734  PA:10001734
22519880ns          389696 1c00961e 00368813 addi             x16, x13, 3         x16=00000003 x13:00000000
22519920ns          389698 1c009622 89ed78c3 fmadd.s          f17, f26, f30, f17  f17=xxxxxxxx f26:bc7eb10d f30:c0f4620a f17:c11fc11a
22519940ns          389699 1c009626 e919fecb fnmsub.s         f29, f19, f17, f29  f29=xxxxxxxx f19:3fbd44be f17:c11ddad5 f29:c16d57b5
22519960ns          389700 1c00962a 01de2023 sw               x29, 0(x28)         x29:be7b73fb x28:1000170c  PA:1000170c
22520019ns          389703 1c00962e 00032e03 lw               x28, 0(x6)          x28=4102b68b  x6:10001720  PA:10001720
22520059ns          389705 1c009632 e11b7e4b fnmsub.s         f28, f22, f17, f28  f28=xxxxxxxx f22:3f60b0e6 f17:c11ddad5 f28:4102b68b
22520079ns          389706 1c009636 01c32023 sw               x28, 0(x6)          x28:4186a18d  x6:10001720  PA:10001720
22520099ns          389707 1c00963a 00052f03 lw               x30, 0(x10)         x30=c0f4620a x10:10001734  PA:10001734
22520158ns          389710 1c00963e f11af8cb fnmsub.s         f17, f21, f17, f30  f17=xxxxxxxx f21:bcbc4d1b f17:c11ddad5 f30:c0f4620a
22520198ns          389712 1c009642 01152023 sw               x17, 0(x10)         x17:c0fba3ce x10:10001734  PA:10001734
22520218ns          389713 1c009646 1505c163 blt              x11, x16, 322       x11:00000004 x16:00000003
22520238ns          389714 1c00964a 01280e33 add              x28, x16, x18       x28=00000008 x16:00000003 x18:00000005
22520298ns          389717 1c00964e 01880333 add              x6, x16, x24         x6=0000000d x16:00000003 x24:0000000a
22520318ns          389718 1c009652 002e1e13 slli             x28, x28, 0x2       x28=00000020 x28:00000008
22520337ns          389719 1c009654 00231313 slli             x6, x6, 0x2          x6=00000034  x6:0000000d
22520357ns          389720 1c009656 00530333 add              x6, x6, x5           x6=10001724  x6:00000034  x5:100016f0
22520377ns          389721 1c009658 005e0e33 add              x28, x28, x5        x28=10001710 x28:00000020  x5:100016f0
22520397ns          389722 1c00965a 000e2e83 lw               x29, 0(x28)         x29=41441b6d x28:10001710  PA:10001710
22520437ns          389724 1c00965e 00032883 lw               x17, 0(x6)          x17=c0d24c75  x6:10001724  PA:10001724
22520477ns          389726 1c009662 00c80533 add              x10, x16, x12       x10=00000012 x16:00000003 x12:0000000f
22520497ns          389727 1c009666 00251513 slli             x10, x10, 0x2       x10=00000048 x10:00000012
22520516ns          389728 1c009668 00550533 add              x10, x10, x5        x10=10001738 x10:00000048  x5:100016f0
22520536ns          389729 1c00966a e91bf8c3 fmadd.s          f17, f23, f17, f29  f17=xxxxxxxx f23:3f17f4af f17:c0d24c75 f29:41441b6d
22520576ns          389731 1c00966e 00052f03 lw               x30, 0(x10)         x30=43dd6af9 x10:10001738  PA:10001738
22520616ns          389733 1c009672 00468813 addi             x16, x13, 4         x16=00000004 x13:00000000
22520636ns          389734 1c009676 89ed78c3 fmadd.s          f17, f26, f30, f17  f17=xxxxxxxx f26:bc7eb10d f30:43dd6af9 f17:4105b160
22520656ns          389735 1c00967a e919fecb fnmsub.s         f29, f19, f17, f29  f29=xxxxxxxx f19:3fbd44be f17:3fbc65eb f29:41441b6d
22520676ns          389736 1c00967e 01de2023 sw               x29, 0(x28)         x29:412148f8 x28:10001710  PA:10001710
22520695ns          389737 1c009682 00032e03 lw               x28, 0(x6)          x28=c0d24c75  x6:10001724  PA:10001724
22520735ns          389739 1c009686 e11b7e4b fnmsub.s         f28, f22, f17, f28  f28=xxxxxxxx f22:3f60b0e6 f17:3fbc65eb f28:c0d24c75
22520755ns          389740 1c00968a 01c32023 sw               x28, 0(x6)          x28:c0fba34c  x6:10001724  PA:10001724
22520795ns          389742 1c00968e 00052f03 lw               x30, 0(x10)         x30=43dd6af9 x10:10001738  PA:10001738
22520835ns          389744 1c009692 f11af8cb fnmsub.s         f17, f21, f17, f30  f17=xxxxxxxx f21:bcbc4d1b f17:3fbc65eb f30:43dd6af9
22520855ns          389745 1c009696 01152023 sw               x17, 0(x10)         x17:43dd6f4e x10:10001738  PA:10001738
22520874ns          389746 1c00969a 0f05c763 blt              x11, x16, 238       x11:00000004 x16:00000004
22520934ns          389749 1c00969e 01280e33 add              x28, x16, x18       x28=00000009 x16:00000004 x18:00000005
22520974ns          389751 1c0096a2 01880333 add              x6, x16, x24         x6=0000000e x16:00000004 x24:0000000a
22520994ns          389752 1c0096a6 002e1e13 slli             x28, x28, 0x2       x28=00000024 x28:00000009
22521014ns          389753 1c0096a8 00231313 slli             x6, x6, 0x2          x6=00000038  x6:0000000e
22521034ns          389754 1c0096aa 00530333 add              x6, x6, x5           x6=10001728  x6:00000038  x5:100016f0
22521053ns          389755 1c0096ac 005e0e33 add              x28, x28, x5        x28=10001714 x28:00000024  x5:100016f0
22521451ns          389775 1c0096ae 000e2e83 lw               x29, 0(x28)         x29=00000000 x28:10001714  PA:10001714
22521491ns          389777 1c0096b2 00032883 lw               x17, 0(x6)          x17=00000000  x6:10001728  PA:10001728
22521511ns          389778 1c0096b6 00c80533 add              x10, x16, x12       x10=00000013 x16:00000004 x12:0000000f
22521531ns          389779 1c0096ba 00251513 slli             x10, x10, 0x2       x10=0000004c x10:00000013
22521551ns          389780 1c0096bc 00550533 add              x10, x10, x5        x10=1000173c x10:0000004c  x5:100016f0
22521968ns          389801 1c0096be e91bf8c3 fmadd.s          f17, f23, f17, f29  f17=xxxxxxxx f23:3f17f4af f17:00000000 f29:00000000
22522008ns          389803 1c0096c2 00052f03 lw               x30, 0(x10)         x30=c35caad6 x10:1000173c  PA:1000173c
22522028ns          389804 1c0096c6 00568813 addi             x16, x13, 5         x16=00000005 x13:00000000
22522048ns          389805 1c0096ca 89ed78c3 fmadd.s          f17, f26, f30, f17  f17=xxxxxxxx f26:bc7eb10d f30:c35caad6 f17:00000000
22522486ns          389827 1c0096ce e919fecb fnmsub.s         f29, f19, f17, f29  f29=xxxxxxxx f19:3fbd44be f17:405b8a1e f29:00000000
22522525ns          389829 1c0096d2 01de2023 sw               x29, 0(x28)         x29:c0a24fec x28:10001714  PA:10001714
22522545ns          389830 1c0096d6 00032e03 lw               x28, 0(x6)          x28=00000000  x6:10001728  PA:10001728
22522585ns          389832 1c0096da e11b7e4b fnmsub.s         f28, f22, f17, f28  f28=xxxxxxxx f22:3f60b0e6 f17:405b8a1e f28:00000000
22523003ns          389853 1c0096de 01c32023 sw               x28, 0(x6)          x28:c040b08e  x6:10001728  PA:10001728
22523043ns          389855 1c0096e2 00052f03 lw               x30, 0(x10)         x30=c35caad6 x10:1000173c  PA:1000173c
22523082ns          389857 1c0096e6 f11af8cb fnmsub.s         f17, f21, f17, f30  f17=xxxxxxxx f21:bcbc4d1b f17:405b8a1e f30:c35caad6
22523102ns          389858 1c0096ea 01152023 sw               x17, 0(x10)         x17:c35c96a7 x10:1000173c  PA:1000173c
22523540ns          389880 1c0096ee 0905cd63 blt              x11, x16, 154       x11:00000004 x16:00000005
22523639ns          389885 1c009788 ff072383 lw               x7, -16(x14)         x7=bf080ee0 x14:1000177c  PA:1000176c
22523679ns          389887 1c00978c 00472283 lw               x5, 4(x14)           x5=3dfb22ca x14:1000177c  PA:10001780
22523739ns          389890 1c009790 fec72483 lw               x9, -20(x14)         x9=bf2ae50f x14:1000177c  PA:10001768
22523779ns          389892 1c009794 00072403 lw               x8, 0(x14)           x8=bebe45aa x14:1000177c  PA:1000177c
22523798ns          389893 1c009796 ffc72c03 lw               x24, -4(x14)        x24=3d9a0935 x14:1000177c  PA:10001778
22523818ns          389894 1c00979a 01072883 lw               x17, 16(x14)        x17=3f389ee5 x14:1000177c  PA:1000178c
22523878ns          389897 1c00979e ff472f03 lw               x30, -12(x14)       x30=3ec5d520 x14:1000177c  PA:10001770
22523918ns          389899 1c0097a2 00872e83 lw               x29, 8(x14)         x29=bf11c68c x14:1000177c  PA:10001784
22523938ns          389900 1c0097a6 3972f543 fmadd.s          f10, f5, f23, f7    f10=xxxxxxxx  f5:3dfb22ca f23:3f17f4af  f7:bf080ee0
22523958ns          389901 1c0097aa 49747843 fmadd.s          f16, f8, f23, f9    f16=xxxxxxxx  f8:bebe45aa f23:3f17f4af  f9:bf2ae50f
22523977ns          389902 1c0097ae c178f943 fmadd.s          f18, f17, f23, f24  f18=xxxxxxxx f17:3f389ee5 f23:3f17f4af f24:3d9a0935
22523997ns          389903 1c0097b2 01872c03 lw               x24, 24(x14)        x24=3e95ab5c x14:1000177c  PA:10001794
22524017ns          389904 1c0097b6 01472883 lw               x17, 20(x14)        x17=00000000 x14:1000177c  PA:10001790
22524037ns          389905 1c0097ba ff872e03 lw               x28, -8(x14)        x28=beaf16b7 x14:1000177c  PA:10001774
22524097ns          389908 1c0097be 00c72303 lw               x6, 12(x14)          x6=3d4d1f04 x14:1000177c  PA:10001788
22524137ns          389910 1c0097c2 f17ef5c3 fmadd.s          f11, f29, f23, f30  f11=xxxxxxxx f29:bf11c68c f23:3f17f4af f30:3ec5d520
22524156ns          389911 1c0097c6 518d7543 fmadd.s          f10, f26, f24, f10  f10=xxxxxxxx f26:bc7eb10d f24:3e95ab5c f10:beead95d
22524176ns          389912 1c0097ca 01c72c03 lw               x24, 28(x14)        x24=bea38ded x14:1000177c  PA:10001798
22524236ns          389915 1c0097ce 811d7843 fmadd.s          f16, f26, f17, f16  f16=xxxxxxxx f26:bc7eb10d f17:00000000 f16:bf635d89
22524276ns          389917 1c0097d2 e17376c3 fmadd.s          f13, f6, f23, f28   f13=xxxxxxxx  f6:3d4d1f04 f23:3f17f4af f28:beaf16b7
22524296ns          389918 1c0097d6 598d75c3 fmadd.s          f11, f26, f24, f11  f11=xxxxxxxx f26:bc7eb10d f24:bea38ded f11:3d4631e8
22524316ns          389919 1c0097da 02072c03 lw               x24, 32(x14)        x24=bf5e4f6a x14:1000177c  PA:1000179c
22524335ns          389920 1c0097de 4909f4cb fnmsub.s         f9, f19, f16, f9     f9=xxxxxxxx f19:3fbd44be f16:bf635d89  f9:bf2ae50f
22524355ns          389921 1c0097e2 698d76c3 fmadd.s          f13, f26, f24, f13  f13=xxxxxxxx f26:bc7eb10d f24:bf5e4f6a f13:be9fde8c
22524375ns          389922 1c0097e6 4168744b fnmsub.s         f8, f16, f22, f8     f8=xxxxxxxx f16:bf635d89 f22:3f60b0e6  f8:bebe45aa
22524395ns          389923 1c0097ea 02472c03 lw               x24, 36(x14)        x24=be776ebf x14:1000177c  PA:100017a0
22524455ns          389926 1c0097ee 890af84b fnmsub.s         f16, f21, f16, f17  f16=xxxxxxxx f21:bcbc4d1b f16:bf635d89 f17:00000000
22524495ns          389928 1c0097f2 01872883 lw               x17, 24(x14)        x17=3e95ab5c x14:1000177c  PA:10001794
22524514ns          389929 1c0097f6 918d7943 fmadd.s          f18, f26, f24, f18  f18=xxxxxxxx f26:bc7eb10d f24:be776ebf f18:3f00d755
22524534ns          389930 1c0097fa 38a9f3cb fnmsub.s         f7, f19, f10, f7     f7=xxxxxxxx f19:3fbd44be f10:beed2cfb  f7:bf080ee0
22524594ns          389933 1c0097fe 01c72c03 lw               x24, 28(x14)        x24=bea38ded x14:1000177c  PA:10001798
22524634ns          389935 1c009802 296572cb fnmsub.s         f5, f10, f22, f5     f5=xxxxxxxx f10:beed2cfb f22:3f60b0e6  f5:3dfb22ca
22524654ns          389936 1c009806 88aaf54b fnmsub.s         f10, f21, f10, f17  f10=xxxxxxxx f21:bcbc4d1b f10:beed2cfb f17:3e95ab5c
22524674ns          389937 1c00980a 02072883 lw               x17, 32(x14)        x17=bf5e4f6a x14:1000177c  PA:1000179c
22524733ns          389940 1c00980e f0b9ff4b fnmsub.s         f30, f19, f11, f30  f30=xxxxxxxx f19:3fbd44be f11:3d5a88e6 f30:3ec5d520
22524773ns          389942 1c009812 e965fecb fnmsub.s         f29, f11, f22, f29  f29=xxxxxxxx f11:3d5a88e6 f22:3f60b0e6 f29:bf11c68c
22524793ns          389943 1c009816 e0d9fe4b fnmsub.s         f28, f19, f13, f28  f28=xxxxxxxx f19:3fbd44be f13:be98f528 f28:beaf16b7
22524813ns          389944 1c00981a c0baf5cb fnmsub.s         f11, f21, f11, f24  f11=xxxxxxxx f21:bcbc4d1b f11:3d5a88e6 f24:bea38ded
22524873ns          389947 1c00981e 3166f34b fnmsub.s         f6, f13, f22, f6     f6=xxxxxxxx f13:be98f528 f22:3f60b0e6  f6:3d4d1f04
22524912ns          389949 1c009822 ffc72c03 lw               x24, -4(x14)        x24=3d9a0935 x14:1000177c  PA:10001778
22524932ns          389950 1c009826 88daf6cb fnmsub.s         f13, f21, f13, f17  f13=xxxxxxxx f21:bcbc4d1b f13:be98f528 f17:bf5e4f6a
22524952ns          389951 1c00982a c129fc4b fnmsub.s         f24, f19, f18, f24  f24=xxxxxxxx f19:3fbd44be f18:3f01cd80 f24:3d9a0935
22524972ns          389952 1c00982e 00b72e23 sw               x11, 28(x14)        x11:bea2ed2f x14:1000177c  PA:10001798
22525012ns          389954 1c009830 02d72023 sw               x13, 32(x14)        x13:bf601172 x14:1000177c  PA:1000179c
22525032ns          389955 1c009832 01072683 lw               x13, 16(x14)        x13=3f389ee5 x14:1000177c  PA:1000178c
22525052ns          389956 1c009834 ff872e23 sw               x24, -4(x14)        x24:bf2cadfe x14:1000177c  PA:10001778
22525071ns          389957 1c009838 69697c4b fnmsub.s         f24, f18, f22, f13  f24=xxxxxxxx f18:3f01cd80 f22:3f60b0e6 f13:3f389ee5
22525091ns          389958 1c00983c 02472683 lw               x13, 36(x14)        x13=be776ebf x14:1000177c  PA:100017a0
22525151ns          389961 1c00983e fe972623 sw               x9, -20(x14)         x9:3f254d28 x14:1000177c  PA:10001768
22525191ns          389963 1c009842 692af8cb fnmsub.s         f17, f21, f18, f13  f17=xxxxxxxx f21:bcbc4d1b f18:3f01cd80 f13:be776ebf
22525211ns          389964 1c009846 00872023 sw               x8, 0(x14)           x8:3ed0d83f x14:1000177c  PA:1000177c
22525231ns          389965 1c009848 01072a23 sw               x16, 20(x14)        x16:bca73d2c x14:1000177c  PA:10001790
22525250ns          389966 1c00984c fe772823 sw               x7, -16(x14)         x7:3e1d2c15 x14:1000177c  PA:1000176c
22525290ns          389968 1c009850 00572223 sw               x5, 4(x14)           x5:3f0779f9 x14:1000177c  PA:10001780
22525330ns          389970 1c009854 00a72c23 sw               x10, 24(x14)        x10:3e9037b8 x14:1000177c  PA:10001794
22525350ns          389971 1c009856 ffe72a23 sw               x30, -12(x14)       x30:3e9d70b0 x14:1000177c  PA:10001770
22525370ns          389972 1c00985a 01d72423 sw               x29, 8(x14)         x29:bf1dc379 x14:1000177c  PA:10001784
22525429ns          389975 1c00985e ffc72c23 sw               x28, -8(x14)        x28:3dcc55ad x14:1000177c  PA:10001774
22525449ns          389976 1c009862 02012583 lw               x11, 32(x2)         x11=00000003  x2:100015f8  PA:10001618
22525469ns          389977 1c009864 00672623 sw               x6, 12(x14)          x6:3e9fe415 x14:1000177c  PA:10001788
22525489ns          389978 1c009868 01872823 sw               x24, 16(x14)        x24:3e8d62c6 x14:1000177c  PA:1000178c
22525509ns          389979 1c00986c 03172223 sw               x17, 36(x14)        x17:be6b7f7f x14:1000177c  PA:100017a0
22525947ns          390001 1c009870 01470713 addi             x14, x14, 20        x14=10001790 x14:1000177c
22525967ns          390002 1c009872 01478793 addi             x15, x15, 20        x15=1000172c x15:10001718
22525986ns          390003 1c009874 004a0a13 addi             x20, x20, 4         x20=1000175c x20:10001758
22526006ns          390004 1c009876 02812683 lw               x13, 40(x2)         x13=1000170c  x2:100015f8  PA:10001620
22526026ns          390005 1c009878 00c00c33 add              x24, x0, x12        x24=0000000f x12:0000000f
22526046ns          390006 1c00987a 014f8f93 addi             x31, x31, 20        x31=10001718 x31:10001704
22526066ns          390007 1c00987c 90bdd8e3 bge              x27, x11, -1776     x27:00000004 x11:00000003
22526225ns          390015 1c00918c 0bb587e3 beq              x11, x27, 2222      x11:00000003 x27:00000004
22526305ns          390019 1c009190 16bccbe3 blt              x25, x11, 2422      x25:00000001 x11:00000003
22526404ns          390024 1c009b06 0006a503 lw               x10, 0(x13)         x10=be7b73fb x13:1000170c  PA:1000170c
22526444ns          390026 1c009b08 0046a803 lw               x16, 4(x13)         x16=412148f8 x13:1000170c  PA:10001710
22526464ns          390027 1c009b0c 0086a603 lw               x12, 8(x13)         x12=c0a24fec x13:1000170c  PA:10001714
22526484ns          390028 1c009b0e 08a12223 sw               x10, 132(x2)        x10:be7b73fb  x2:100015f8  PA:1000167c
22526523ns          390030 1c009b10 09012423 sw               x16, 136(x2)        x16:412148f8  x2:100015f8  PA:10001680
22526543ns          390031 1c009b12 08c12623 sw               x12, 140(x2)        x12:c0a24fec  x2:100015f8  PA:10001684
22526563ns          390032 1c009b14 e82ff06f jal              x0, -2430          
22526603ns          390034 1c009196 08812803 lw               x16, 136(x2)        x16=412148f8  x2:100015f8  PA:10001680
22526623ns          390035 1c009198 00000613 addi             x12, x0, 0          x12=00000000
22526643ns          390036 1c00919c a0c81653 flt.s            x12, f16, f12       x12=00000000 f16:412148f8 f12:00000000
22526663ns          390037 1c0091a0 00060363 beq              x12, x0, 6          x12:00000000
22526742ns          390041 1c0091a6 1c000e37 lui              x28, 0x1c000000     x28=1c000000
22526762ns          390042 1c0091aa 01ce0e13 addi             x28, x28, 28        x28=1c00001c x28:1c000000
22526822ns          390045 1c0091ae 000e2e03 lw               x28, 0(x28)         x28=00800000 x28:1c00001c  PA:1c00001c
22527180ns          390063 1c0091b2 a10e1653 flt.s            x12, f28, f16       x12=00000001 f28:00800000 f16:412148f8
22527200ns          390064 1c0091b6 10061be3 bne              x12, x0, 2326       x12:00000001
22527359ns          390072 1c009acc 1c000337 lui              x6, 0x1c000000       x6=1c000000
22527438ns          390076 1c009ad0 01c30313 addi             x6, x6, 28           x6=1c00001c  x6:1c000000
22527478ns          390078 1c009ad4 00000893 addi             x17, x0, 0          x17=00000000
22527498ns          390079 1c009ad8 1c0003b7 lui              x7, 0x1c000000       x7=1c000000
22527518ns          390080 1c009adc 00032303 lw               x6, 0(x6)            x6=00800000  x6:1c00001c  PA:1c00001c
22527856ns          390097 1c009ae0 04c38393 addi             x7, x7, 76           x7=1c00004c  x7:1c000000
22527876ns          390098 1c009ae4 19037653 fdiv.s           f12, f6, f16        f12=xxxxxxxx  f6:00800000 f16:412148f8
22528154ns          390112 1c009ae8 111678d3 fmul.s           f17, f12, f17       f17=xxxxxxxx f12:000cb2b1 f17:00000000
22528174ns          390113 1c009aec 0003a383 lw               x7, 0(x7)            x7=3f800000  x7:1c00004c  PA:1c00004c
22528493ns          390129 1c009af0 38c8f8c3 fmadd.s          f17, f17, f12, f7   f17=xxxxxxxx f17:00000000 f12:000cb2b1  f7:3f800000
22528513ns          390130 1c009af4 ed4ff06f jal              x0, -2348          
22528552ns          390132 1c0091c8 08c12603 lw               x12, 140(x2)        x12=c0a24fec  x2:100015f8  PA:10001684
22528572ns          390133 1c0091ca 00000313 addi             x6, x0, 0            x6=00000000
22528632ns          390136 1c0091ce a0661353 flt.s            x6, f12, f6          x6=00000001 f12:c0a24fec  f6:00000000
22528672ns          390138 1c0091d2 00030463 beq              x6, x0, 8            x6:00000001
22528692ns          390139 1c0091d6 20c61653 fsgnjn.s         f12, f12, f12       f12=xxxxxxxx f12:c0a24fec f12:c0a24fec
22528711ns          390140 1c0091da a0c81353 flt.s            x6, f16, f12         x6=00000000 f16:412148f8 f12:40a24fec
22528771ns          390143 1c0091de 10030de3 beq              x6, x0, 2330         x6:00000000
22528831ns          390146 1c009af8 19067653 fdiv.s           f12, f12, f16       f12=xxxxxxxx f12:40a24fec f16:412148f8
22529268ns          390168 1c009afc 88c678c3 fmadd.s          f17, f12, f12, f17  f17=xxxxxxxx f12:3f00d0b0 f12:3f00d0b0 f17:3f800000
22529288ns          390169 1c009b00 01000633 add              x12, x0, x16        x12=412148f8 x16:412148f8
22529308ns          390170 1c009b02 ef8ff06f jal              x0, -2312          
22529428ns          390176 1c0091fa 5808f853 fsqrt.s          f16, f17            f16=xxxxxxxx f17:3fa068ad
22529825ns          390196 1c0091fe 10c87653 fmul.s           f12, f16, f12       f12=xxxxxxxx f16:3f8f4a85 f12:412148f8
22529845ns          390197 1c009202 00300893 addi             x17, x0, 3          x17=00000003
22529865ns          390198 1c009204 00200e93 addi             x29, x0, 2          x29=00000002
22529885ns          390199 1c009206 00000813 addi             x16, x0, 0          x16=00000000
22529905ns          390200 1c00920a a1062353 feq.s            x6, f12, f16         x6=00000000 f12:41348d6b f16:00000000
22529945ns          390202 1c00920e 040318e3 bne              x6, x0, 2128         x6:00000000
22529984ns          390204 1c009212 a1051853 flt.s            x16, f10, f16       x16=00000001 f10:be7b73fb f16:00000000
22530004ns          390205 1c009216 180812e3 bne              x16, x0, 2436       x16:00000001
22530203ns          390215 1c009b9a 20a51853 fsgnjn.s         f16, f10, f10       f16=xxxxxxxx f10:be7b73fb f10:be7b73fb
22530263ns          390218 1c009b9e e7eff06f jal              x0, -2434          
22530303ns          390220 1c00921c 00000313 addi             x6, x0, 0            x6=00000000
22530323ns          390221 1c009220 a0661353 flt.s            x6, f12, f6          x6=00000000 f12:41348d6b  f6:00000000
22530342ns          390222 1c009224 00030463 beq              x6, x0, 8            x6:00000000
22530402ns          390225 1c00922c a0c81353 flt.s            x6, f16, f12         x6=00000001 f16:3e7b73fb f12:41348d6b
22530462ns          390228 1c009230 12031ce3 bne              x6, x0, 2360         x6:00000001
22530561ns          390233 1c009b68 1c0002b7 lui              x5, 0x1c000000       x5=1c000000
22530601ns          390235 1c009b6c 04c28293 addi             x5, x5, 76           x5=1c00004c  x5:1c000000
22530661ns          390238 1c009b70 0002a283 lw               x5, 0(x5)            x5=3f800000  x5:1c00004c  PA:1c00004c
22531019ns          390256 1c009b74 18c87853 fdiv.s           f16, f16, f12       f16=xxxxxxxx f16:3e7b73fb f12:41348d6b
22531496ns          390280 1c009b78 29087843 fmadd.s          f16, f16, f16, f5   f16=xxxxxxxx f16:3cb24394 f16:3cb24394  f5:3f800000
22531516ns          390281 1c009b7c 58087853 fsqrt.s          f16, f16            f16=xxxxxxxx f16:3f800f84
22531795ns          390295 1c009b80 11067653 fmul.s           f12, f12, f16       f12=xxxxxxxx f12:41348d6b f16:3f8007c2
22531814ns          390296 1c009b84 ed0ff06f jal              x0, -2352          
22531894ns          390300 1c009254 00000813 addi             x16, x0, 0          x16=00000000
22531934ns          390302 1c009258 a0a80853 fle.s            x16, f16, f10       x16=00000000 f16:00000000 f10:be7b73fb
22531954ns          390303 1c00925c 00080463 beq              x16, x0, 8          x16:00000000
22532053ns          390308 1c009264 00000813 addi             x16, x0, 0          x16=00000000
22532073ns          390309 1c009268 a1061853 flt.s            x16, f12, f16       x16=00000000 f12:4134985c f16:00000000
22532093ns          390310 1c00926c 12081be3 bne              x16, x0, 2358       x16:00000000
22532153ns          390313 1c009270 00c00833 add              x16, x0, x12        x16=4134985c x12:4134985c
22532192ns          390315 1c009272 1c0004b7 lui              x9, 0x1c000000       x9=1c000000
22532212ns          390316 1c009276 03048493 addi             x9, x9, 48           x9=1c000030  x9:1c000000
22532232ns          390317 1c00927a 0004a483 lw               x9, 0(x9)            x9=0c000000  x9:1c000030  PA:1c000030
22532550ns          390333 1c00927c a0981853 flt.s            x16, f16, f9        x16=00000000 f16:4134985c  f9:0c000000
22532570ns          390334 1c009280 0a080ce3 beq              x16, x0, 2232       x16:00000000
22532670ns          390339 1c009b38 1c000337 lui              x6, 0x1c000000       x6=1c000000
22532709ns          390341 1c009b3c 04c32803 lw               x16, 76(x6)         x16=3f800000  x6:1c000000  PA:1c00004c
22533028ns          390357 1c009b40 08c57353 fsub.s           f6, f10, f12         f6=xxxxxxxx f10:be7b73fb f12:4134985c
22533048ns          390358 1c009b44 18687853 fdiv.s           f16, f16, f6        f16=xxxxxxxx f16:3f800000  f6:c138862c  PA:10001680
22533207ns          390366 1c009b48 08812303 lw               x6, 136(x2)          x6=xxxxxxxx  x2:100015f8
22533227ns          390367 1c009b4a 08a679d3 fsub.s           f19, f12, f10       f19=xxxxxxxx f12:4134985c f10:be7b73fb
22533485ns          390380 1c009b4e 11037353 fmul.s           f6, f6, f16          f6=xxxxxxxx  f6:412148f8 f16:bdb194c5
22533505ns          390381 1c009b52 18c9f9d3 fdiv.s           f19, f19, f12       f19=xxxxxxxx f19:4138862c f12:4134985c  PA:10001680
22533764ns          390394 1c009b56 08612423 sw               x6, 136(x2)          x6:bf5fc25c  x2:100015f8
22533784ns          390395 1c009b58 0038b663 p.bneimm         x17, 12             x17:00000003  PA:10001684
22533803ns          390396 1c009b5c 08c12503 lw               x10, 140(x2)        x10=xxxxxxxx  x2:100015f8
22533843ns          390398 1c009b5e 11057853 fmul.s           f16, f10, f16       f16=xxxxxxxx f10:c0a24fec f16:bdb194c5
22534042ns          390408 1c009b62 09012623 sw               x16, 140(x2)        x16:3ee12f2b  x2:100015f8  PA:10001684
22534062ns          390409 1c009b64 00c00533 add              x10, x0, x12        x10=4134985c x12:4134985c
22534082ns          390410 1c009b66 87fff06f jal              x0, -1922          
22534162ns          390414 1c0093e4 08a12223 sw               x10, 132(x2)        x10:4134985c  x2:100015f8  PA:1000167c
22534201ns          390416 1c0093e6 4cbcd763 bge              x25, x11, 1230      x25:00000001 x11:00000003
22534221ns          390417 1c0093ea 00a6a023 sw               x10, 0(x13)         x10:4134985c x13:1000170c  PA:1000170c
22534241ns          390418 1c0093ec 0006a223 sw               x0, 4(x13)          x13:1000170c  PA:10001710
22534281ns          390420 1c0093f0 01b5d463 bge              x11, x27, 8         x11:00000003 x27:00000004
22534321ns          390422 1c0093f4 0006a423 sw               x0, 8(x13)          x13:1000170c  PA:10001714
22534341ns          390423 1c0093f8 08812b83 lw               x23, 136(x2)        x23=bf5fc25c  x2:100015f8  PA:10001680
22534380ns          390425 1c0093fa 1179fb53 fmul.s           f22, f19, f23       f22=xxxxxxxx f19:3f82c8e3 f23:bf5fc25c
22534420ns          390427 1c0093fe 4c38bd63 p.bneimm         x17, 1242           x17:00000003
22534460ns          390429 1c009402 01468313 addi             x6, x13, 20          x6=10001720 x13:1000170c
22534480ns          390430 1c009406 406a08b3 sub              x17, x20, x6        x17=0000003c x20:1000175c  x6:10001720
22534500ns          390431 1c00940a 08c12d03 lw               x26, 140(x2)        x26=3ee12f2b  x2:100015f8  PA:10001684
22534520ns          390432 1c00940c fec88893 addi             x17, x17, -20       x17=00000028 x17:0000003c
22534559ns          390434 1c00940e 0cccd637 lui              x12, 0xcccd000      x12=0cccd000
22534599ns          390436 1c009412 0028d893 srli             x17, x17, 0x2       x17=0000000a x17:00000028
22534619ns          390437 1c009416 ccd60613 addi             x12, x12, -819      x12=0ccccccd x12:0cccd000
22534639ns          390438 1c00941a 02c888b3 mul              x17, x17, x12       x17=80000002 x17:0000000a x12:0ccccccd
22534699ns          390441 1c00941e 113d7ad3 fmul.s           f21, f26, f19       f21=xxxxxxxx f26:3ee12f2b f19:3f82c8e3
22534718ns          390442 1c009422 01868693 addi             x13, x13, 24        x13=10001724 x13:1000170c
22534738ns          390443 1c009424 c3e8b8b3 p.bclr           x17, x17, 1, 30     x17=00000002 x17:80000002
22534758ns          390444 1c009428 02d12423 sw               x13, 40(x2)         x13:10001724  x2:100015f8  PA:10001620
22534778ns          390445 1c00942a 00d00533 add              x10, x0, x13        x10=10001724 x13:10001724
22534798ns          390446 1c00942c 00188893 addi             x17, x17, 1         x17=00000003 x17:00000002
22534838ns          390448 1c00942e 0168c0fb lp.setup         0x1, x17, 0x16      x17:00000003
22534858ns          390449 1c009432 00052603 lw               x12, 0(x10)         x12=c0fba34c x10:10001724  PA:10001724
22534878ns          390450 1c009434 00032803 lw               x16, 0(x6)          x16=4186a18d  x6:10001720  PA:10001720
22534897ns          390451 1c009438 00452e03 lw               x28, 4(x10)         x28=c040b08e x10:10001724  PA:10001728
22534917ns          390452 1c00943c 817676c3 fmadd.s          f13, f12, f23, f16  f13=xxxxxxxx f12:c0fba34c f23:bf5fc25c f16:4186a18d
22534937ns          390453 1c009440 01450513 addi             x10, x10, 20        x10=10001738 x10:10001724
22534957ns          390454 1c009442 69cd76c3 fmadd.s          f13, f26, f28, f13  f13=xxxxxxxx f26:3ee12f2b f28:c040b08e f13:41bd9e20
22534977ns          390455 1c009446 8136f84b fnmsub.s         f16, f13, f19, f16  f16=xxxxxxxx f13:41b30635 f19:3f82c8e3 f16:4186a18d
22534997ns          390456 1c00944a 6166f64b fnmsub.s         f12, f13, f22, f12  f12=xxxxxxxx f13:41b30635 f22:bf64a092 f12:c0fba34c
22535057ns          390459 1c00944e e0daf6cb fnmsub.s         f13, f21, f13, f28  f13=xxxxxxxx f21:3ee61551 f13:41b30635 f28:c040b08e
22535096ns          390461 1c009452 01032a2b p.sw             x16, 20(x6!)         x6=10001734 x16:c0c126e0  x6:10001720  PA:10001720
22535116ns          390462 1c009456 fec52623 sw               x12, -20(x10)       x12:4141f1fc x10:10001738  PA:10001724
22535136ns          390463 1c00945a fed52823 sw               x13, -16(x10)       x13:c151129f x10:10001738  PA:10001728
22535156ns          390464 1c009432 00052603 lw               x12, 0(x10)         x12=43dd6f4e x10:10001738  PA:10001738
22535176ns          390465 1c009434 00032803 lw               x16, 0(x6)          x16=c0fba3ce  x6:10001734  PA:10001734
22535196ns          390466 1c009438 00452e03 lw               x28, 4(x10)         x28=c35c96a7 x10:10001738  PA:1000173c
22535216ns          390467 1c00943c 817676c3 fmadd.s          f13, f12, f23, f16  f13=xxxxxxxx f12:43dd6f4e f23:bf5fc25c f16:c0fba3ce
22535236ns          390468 1c009440 01450513 addi             x10, x10, 20        x10=1000174c x10:10001738
22535255ns          390469 1c009442 69cd76c3 fmadd.s          f13, f26, f28, f13  f13=xxxxxxxx f26:3ee12f2b f28:c35c96a7 f13:c3c57aa2
22535275ns          390470 1c009446 8136f84b fnmsub.s         f16, f13, f19, f16  f16=xxxxxxxx f13:c3f5fce5 f19:3f82c8e3 f16:c0fba3ce
22535295ns          390471 1c00944a 6166f64b fnmsub.s         f12, f13, f22, f12  f12=xxxxxxxx f13:c3f5fce5 f22:bf64a092 f12:43dd6f4e
22535315ns          390472 1c00944e e0daf6cb fnmsub.s         f13, f21, f13, f28  f13=xxxxxxxx f21:3ee61551 f13:c3f5fce5 f28:c35c96a7
22535335ns          390473 1c009452 01032a2b p.sw             x16, 20(x6!)         x6=10001748 x16:43f76859  x6:10001734  PA:10001734
22535355ns          390474 1c009456 fec52623 sw               x12, -20(x10)       x12:405fe3d9 x10:1000174c  PA:10001738
22535375ns          390475 1c00945a fed52823 sw               x13, -16(x10)       x13:3efe14a4 x10:1000174c  PA:1000173c
22535395ns          390476 1c009432 00052603 lw               x12, 0(x10)         x12=c35c96a8 x10:1000174c  PA:1000174c
22535415ns          390477 1c009434 00032803 lw               x16, 0(x6)          x16=c040af4f  x6:10001748  PA:10001748
22535435ns          390478 1c009438 00452e03 lw               x28, 4(x10)         x28=42f6a4d3 x10:1000174c  PA:10001750
22535454ns          390479 1c00943c 817676c3 fmadd.s          f13, f12, f23, f16  f13=xxxxxxxx f12:c35c96a8 f23:bf5fc25c f16:c040af4f
22535474ns          390480 1c009440 01450513 addi             x10, x10, 20        x10=10001760 x10:1000174c
22535494ns          390481 1c009442 69cd76c3 fmadd.s          f13, f26, f28, f13  f13=xxxxxxxx f26:3ee12f2b f28:42f6a4d3 f13:433dcbf9
22535514ns          390482 1c009446 8136f84b fnmsub.s         f16, f13, f19, f16  f16=xxxxxxxx f13:4374090d f19:3f82c8e3 f16:c040af4f
22535534ns          390483 1c00944a 6166f64b fnmsub.s         f12, f13, f22, f12  f12=xxxxxxxx f13:4374090d f22:bf64a092 f12:c35c96a8
22535554ns          390484 1c00944e e0daf6cb fnmsub.s         f13, f21, f13, f28  f13=xxxxxxxx f21:3ee61551 f13:4374090d f28:42f6a4d3
22535574ns          390485 1c009452 01032a2b p.sw             x16, 20(x6!)         x6=1000175c x16:c37c5aed  x6:10001748  PA:10001748
22535594ns          390486 1c009456 fec52623 sw               x12, -20(x10)       x12:c02961e6 x10:10001760  PA:1000174c
22535614ns          390487 1c00945a fed52823 sw               x13, -16(x10)       x13:415a82fb x10:10001760  PA:10001750
22535673ns          390490 1c00945e 00158513 addi             x10, x11, 1         x10=00000004 x11:00000003
22535693ns          390491 1c009462 02a12023 sw               x10, 32(x2)         x10:00000004  x2:100015f8  PA:10001618
22535713ns          390492 1c009464 73b55263 bge              x10, x27, 1828      x10:00000004 x27:00000004
22535773ns          390495 1c009b88 ffbc0913 addi             x18, x24, -5        x18=0000000a x24:0000000f
22535793ns          390496 1c009b8c 005c0613 addi             x12, x24, 5         x12=00000014 x24:0000000f
22535812ns          390497 1c009b90 be0dcce3 blt              x27, x0, -1032      x27:00000004
22535832ns          390498 1c009b94 01b005b3 add              x11, x0, x27        x11=00000004 x27:00000004
22535852ns          390499 1c009b96 00000693 addi             x13, x0, 0          x13=00000000
22535872ns          390500 1c009b98 9b5ff06f jal              x0, -1612          
22536011ns          390507 1c00954c 01812803 lw               x16, 24(x2)         x16=100016f0  x2:100015f8  PA:10001610
22536091ns          390511 1c00954e 00d90333 add              x6, x18, x13         x6=0000000a x18:0000000a x13:00000000
22536131ns          390513 1c009552 00dc08b3 add              x17, x24, x13       x17=0000000f x24:0000000f x13:00000000
22536151ns          390514 1c009556 00231313 slli             x6, x6, 0x2          x6=00000028  x6:0000000a
22536170ns          390515 1c009558 00289893 slli             x17, x17, 0x2       x17=0000003c x17:0000000f
22536190ns          390516 1c00955a 01030333 add              x6, x6, x16          x6=10001718  x6:00000028 x16:100016f0
22536210ns          390517 1c00955c 010888b3 add              x17, x17, x16       x17=1000172c x17:0000003c x16:100016f0
22536230ns          390518 1c00955e 00032e83 lw               x29, 0(x6)          x29=38995acb  x6:10001718  PA:10001718
22536270ns          390520 1c009562 0008a803 lw               x16, 0(x17)         x16=b768d1d6 x17:1000172c  PA:1000172c
22536290ns          390521 1c009566 00d60e33 add              x28, x12, x13       x28=00000014 x12:00000014 x13:00000000
22536310ns          390522 1c00956a 01812283 lw               x5, 24(x2)           x5=100016f0  x2:100015f8  PA:10001610
22536330ns          390523 1c00956c 002e1e13 slli             x28, x28, 0x2       x28=00000050 x28:00000014
22536349ns          390524 1c00956e 005e0e33 add              x28, x28, x5        x28=10001740 x28:00000050  x5:100016f0
22536369ns          390525 1c009570 e90bf843 fmadd.s          f16, f23, f16, f29  f16=xxxxxxxx f23:bf5fc25c f16:b768d1d6 f29:38995acb
22536409ns          390527 1c009574 000e2f03 lw               x30, 0(x28)         x30=b76a12e2 x28:10001740  PA:10001740
22536429ns          390528 1c009578 00168513 addi             x10, x13, 1         x10=00000001 x13:00000000
22536449ns          390529 1c00957c 81ed7843 fmadd.s          f16, f26, f30, f16  f16=xxxxxxxx f26:3ee12f2b f30:b76a12e2 f16:38b2cabd
22536509ns          390532 1c009580 e909fecb fnmsub.s         f29, f19, f16, f29  f29=xxxxxxxx f19:3f82c8e3 f16:38a5ec61 f29:38995acb
22536548ns          390534 1c009584 01d32023 sw               x29, 0(x6)          x29:b7016d79  x6:10001718  PA:10001718
22536568ns          390535 1c009588 0008a303 lw               x6, 0(x17)           x6=b768d1d6 x17:1000172c  PA:1000172c
22536608ns          390537 1c00958c 310b734b fnmsub.s         f6, f22, f16, f6     f6=xxxxxxxx f22:bf64a092 f16:38a5ec61  f6:b768d1d6
22536648ns          390539 1c009590 0068a023 sw               x6, 0(x17)           x6:386e28bc x17:1000172c  PA:1000172c
22536688ns          390541 1c009594 000e2f03 lw               x30, 0(x28)         x30=b76a12e2 x28:10001740  PA:10001740
22536727ns          390543 1c009598 f10af84b fnmsub.s         f16, f21, f16, f30  f16=xxxxxxxx f21:3ee61551 f16:38a5ec61 f30:b76a12e2
22536747ns          390544 1c00959c 010e2023 sw               x16, 0(x28)         x16:b84fa4e9 x28:10001740  PA:10001740
22536787ns          390546 1c0095a0 1ea5c463 blt              x11, x10, 488       x11:00000004 x10:00000001
22536827ns          390548 1c0095a4 01250e33 add              x28, x10, x18       x28=0000000b x10:00000001 x18:0000000a
22536847ns          390549 1c0095a8 01850333 add              x6, x10, x24         x6=00000010 x10:00000001 x24:0000000f
22536867ns          390550 1c0095ac 002e1e13 slli             x28, x28, 0x2       x28=0000002c x28:0000000b
22536887ns          390551 1c0095ae 00231313 slli             x6, x6, 0x2          x6=00000040  x6:00000010
22536926ns          390553 1c0095b0 00530333 add              x6, x6, x5           x6=10001730  x6:00000040  x5:100016f0
22536946ns          390554 1c0095b2 005e0e33 add              x28, x28, x5        x28=1000171c x28:0000002c  x5:100016f0
22536966ns          390555 1c0095b4 000e2e83 lw               x29, 0(x28)         x29=be7b763d x28:1000171c  PA:1000171c
22536986ns          390556 1c0095b8 00032883 lw               x17, 0(x6)          x17=4121491b  x6:10001730  PA:10001730
22537006ns          390557 1c0095bc 00c50533 add              x10, x10, x12       x10=00000015 x10:00000001 x12:00000014
22537026ns          390558 1c0095be 00251513 slli             x10, x10, 0x2       x10=00000054 x10:00000015
22537066ns          390560 1c0095c0 00550533 add              x10, x10, x5        x10=10001744 x10:00000054  x5:100016f0
22537105ns          390562 1c0095c2 e91bf8c3 fmadd.s          f17, f23, f17, f29  f17=xxxxxxxx f23:bf5fc25c f17:4121491b f29:be7b763d
22537125ns          390563 1c0095c6 00052f03 lw               x30, 0(x10)         x30=c0a2504e x10:10001744  PA:10001744
22537145ns          390564 1c0095ca 00268813 addi             x16, x13, 2         x16=00000002 x13:00000000
22537205ns          390567 1c0095ce 89ed78c3 fmadd.s          f17, f26, f30, f17  f17=xxxxxxxx f26:3ee12f2b f30:c0a2504e f17:c110e6fb
22537245ns          390569 1c0095d2 e919fecb fnmsub.s         f29, f19, f17, f29  f29=xxxxxxxx f19:3f82c8e3 f17:c134989a f29:be7b763d
22537264ns          390570 1c0095d6 01de2023 sw               x29, 0(x28)         x29:41349892 x28:1000171c  PA:1000171c
22537284ns          390571 1c0095da 00032e03 lw               x28, 0(x6)          x28=4121491b  x6:10001730  PA:10001730
22537344ns          390574 1c0095de e11b7e4b fnmsub.s         f28, f22, f17, f28  f28=xxxxxxxx f22:bf64a092 f17:c134989a f28:4121491b
22537384ns          390576 1c0095e2 01c32023 sw               x28, 0(x6)          x28:b7a43a3f  x6:10001730  PA:10001730
22537404ns          390577 1c0095e6 00052f03 lw               x30, 0(x10)         x30=c0a2504e x10:10001744  PA:10001744
22537443ns          390579 1c0095ea f11af8cb fnmsub.s         f17, f21, f17, f30  f17=xxxxxxxx f21:3ee61551 f17:c134989a f30:c0a2504e
22537463ns          390580 1c0095ee 01152023 sw               x17, 0(x10)         x17:b7a7ec55 x10:10001744  PA:10001744
22537483ns          390581 1c0095f2 1905cb63 blt              x11, x16, 406       x11:00000004 x16:00000002
22537503ns          390582 1c0095f6 01280e33 add              x28, x16, x18       x28=0000000c x16:00000002 x18:0000000a
22537523ns          390583 1c0095fa 01880333 add              x6, x16, x24         x6=00000011 x16:00000002 x24:0000000f
22537543ns          390584 1c0095fe 002e1e13 slli             x28, x28, 0x2       x28=00000030 x28:0000000c
22537563ns          390585 1c009600 00231313 slli             x6, x6, 0x2          x6=00000044  x6:00000011
22537583ns          390586 1c009602 00530333 add              x6, x6, x5           x6=10001734  x6:00000044  x5:100016f0
22537603ns          390587 1c009604 005e0e33 add              x28, x28, x5        x28=10001720 x28:00000030  x5:100016f0
22537622ns          390588 1c009606 000e2e83 lw               x29, 0(x28)         x29=c0c126e0 x28:10001720  PA:10001720
22537642ns          390589 1c00960a 00032883 lw               x17, 0(x6)          x17=43f76859  x6:10001734  PA:10001734
22537702ns          390592 1c00960e 00c80533 add              x10, x16, x12       x10=00000016 x16:00000002 x12:00000014
22537722ns          390593 1c009612 00251513 slli             x10, x10, 0x2       x10=00000058 x10:00000016
22537742ns          390594 1c009614 00550533 add              x10, x10, x5        x10=10001748 x10:00000058  x5:100016f0
22537762ns          390595 1c009616 e91bf8c3 fmadd.s          f17, f23, f17, f29  f17=xxxxxxxx f23:bf5fc25c f17:43f76859 f29:c0c126e0
22537782ns          390596 1c00961a 00052f03 lw               x30, 0(x10)         x30=c37c5aed x10:10001748  PA:10001748
22537841ns          390599 1c00961e 00368813 addi             x16, x13, 3         x16=00000003 x13:00000000
22537881ns          390601 1c009622 89ed78c3 fmadd.s          f17, f26, f30, f17  f17=xxxxxxxx f26:3ee12f2b f30:c37c5aed f17:c3db4457
22537901ns          390602 1c009626 e919fecb fnmsub.s         f29, f19, f17, f29  f29=xxxxxxxx f19:3f82c8e3 f17:c4096179 f29:c0c126e0
22537921ns          390603 1c00962a 01de2023 sw               x29, 0(x28)         x29:440adc4d x28:10001720  PA:10001720
22537981ns          390606 1c00962e 00032e03 lw               x28, 0(x6)          x28=43f76859  x6:10001734  PA:10001734
22538020ns          390608 1c009632 e11b7e4b fnmsub.s         f28, f22, f17, f28  f28=xxxxxxxx f22:bf64a092 f17:c4096179 f28:43f76859
22538040ns          390609 1c009636 01c32023 sw               x28, 0(x6)          x28:408198bb  x6:10001734  PA:10001734
22538060ns          390610 1c00963a 00052f03 lw               x30, 0(x10)         x30=c37c5aed x10:10001748  PA:10001748
22538120ns          390613 1c00963e f11af8cb fnmsub.s         f17, f21, f17, f30  f17=xxxxxxxx f21:3ee61551 f17:c4096179 f30:c37c5aed
22538160ns          390615 1c009642 01152023 sw               x17, 0(x10)         x17:c0ad1cd5 x10:10001748  PA:10001748
22538179ns          390616 1c009646 1505c163 blt              x11, x16, 322       x11:00000004 x16:00000003
22538199ns          390617 1c00964a 01280e33 add              x28, x16, x18       x28=0000000d x16:00000003 x18:0000000a
22538259ns          390620 1c00964e 01880333 add              x6, x16, x24         x6=00000012 x16:00000003 x24:0000000f
22538279ns          390621 1c009652 002e1e13 slli             x28, x28, 0x2       x28=00000034 x28:0000000d
22538299ns          390622 1c009654 00231313 slli             x6, x6, 0x2          x6=00000048  x6:00000012
22538319ns          390623 1c009656 00530333 add              x6, x6, x5           x6=10001738  x6:00000048  x5:100016f0
22538339ns          390624 1c009658 005e0e33 add              x28, x28, x5        x28=10001724 x28:00000034  x5:100016f0
22538358ns          390625 1c00965a 000e2e83 lw               x29, 0(x28)         x29=4141f1fc x28:10001724  PA:10001724
22538398ns          390627 1c00965e 00032883 lw               x17, 0(x6)          x17=405fe3d9  x6:10001738  PA:10001738
22538438ns          390629 1c009662 00c80533 add              x10, x16, x12       x10=00000017 x16:00000003 x12:00000014
22538458ns          390630 1c009666 00251513 slli             x10, x10, 0x2       x10=0000005c x10:00000017
22538478ns          390631 1c009668 00550533 add              x10, x10, x5        x10=1000174c x10:0000005c  x5:100016f0
22538498ns          390632 1c00966a e91bf8c3 fmadd.s          f17, f23, f17, f29  f17=xxxxxxxx f23:bf5fc25c f17:405fe3d9 f29:4141f1fc
22538537ns          390634 1c00966e 00052f03 lw               x30, 0(x10)         x30=c02961e6 x10:1000174c  PA:1000174c
22538577ns          390636 1c009672 00468813 addi             x16, x13, 4         x16=00000004 x13:00000000
22538597ns          390637 1c009676 89ed78c3 fmadd.s          f17, f26, f30, f17  f17=xxxxxxxx f26:3ee12f2b f30:c02961e6 f17:4111059f
22538617ns          390638 1c00967a e919fecb fnmsub.s         f29, f19, f17, f29  f29=xxxxxxxx f19:3f82c8e3 f17:40fccbae f29:4141f1fc
22538637ns          390639 1c00967e 01de2023 sw               x29, 0(x28)         x29:4081985d x28:10001724  PA:10001724
22538657ns          390640 1c009682 00032e03 lw               x28, 0(x6)          x28=405fe3d9  x6:10001738  PA:10001738
22538697ns          390642 1c009686 e11b7e4b fnmsub.s         f28, f22, f17, f28  f28=xxxxxxxx f22:bf64a092 f17:40fccbae f28:405fe3d9
22538716ns          390643 1c00968a 01c32023 sw               x28, 0(x6)          x28:4128daf1  x6:10001738  PA:10001738
22538756ns          390645 1c00968e 00052f03 lw               x30, 0(x10)         x30=c02961e6 x10:1000174c  PA:1000174c
22538796ns          390647 1c009692 f11af8cb fnmsub.s         f17, f21, f17, f30  f17=xxxxxxxx f21:3ee61551 f17:40fccbae f30:c02961e6
22538816ns          390648 1c009696 01152023 sw               x17, 0(x10)         x17:c0c64af9 x10:1000174c  PA:1000174c
22538836ns          390649 1c00969a 0f05c763 blt              x11, x16, 238       x11:00000004 x16:00000004
22538895ns          390652 1c00969e 01280e33 add              x28, x16, x18       x28=0000000e x16:00000004 x18:0000000a
22538935ns          390654 1c0096a2 01880333 add              x6, x16, x24         x6=00000013 x16:00000004 x24:0000000f
22538955ns          390655 1c0096a6 002e1e13 slli             x28, x28, 0x2       x28=00000038 x28:0000000e
22538975ns          390656 1c0096a8 00231313 slli             x6, x6, 0x2          x6=0000004c  x6:00000013
22538995ns          390657 1c0096aa 00530333 add              x6, x6, x5           x6=1000173c  x6:0000004c  x5:100016f0
22539015ns          390658 1c0096ac 005e0e33 add              x28, x28, x5        x28=10001728 x28:00000038  x5:100016f0
22539035ns          390659 1c0096ae 000e2e83 lw               x29, 0(x28)         x29=c151129f x28:10001728  PA:10001728
22539075ns          390661 1c0096b2 00032883 lw               x17, 0(x6)          x17=3efe14a4  x6:1000173c  PA:1000173c
22539094ns          390662 1c0096b6 00c80533 add              x10, x16, x12       x10=00000018 x16:00000004 x12:00000014
22539114ns          390663 1c0096ba 00251513 slli             x10, x10, 0x2       x10=00000060 x10:00000018
22539134ns          390664 1c0096bc 00550533 add              x10, x10, x5        x10=10001750 x10:00000060  x5:100016f0
22539174ns          390666 1c0096be e91bf8c3 fmadd.s          f17, f23, f17, f29  f17=xxxxxxxx f23:bf5fc25c f17:3efe14a4 f29:c151129f
22539214ns          390668 1c0096c2 00052f03 lw               x30, 0(x10)         x30=415a82fb x10:10001750  PA:10001750
22539234ns          390669 1c0096c6 00568813 addi             x16, x13, 5         x16=00000005 x13:00000000
22539254ns          390670 1c0096ca 89ed78c3 fmadd.s          f17, f26, f30, f17  f17=xxxxxxxx f26:3ee12f2b f30:415a82fb f17:c1580346
22539313ns          390673 1c0096ce e919fecb fnmsub.s         f29, f19, f17, f29  f29=xxxxxxxx f19:3f82c8e3 f17:c0efd12b f29:c151129f
22539353ns          390675 1c0096d2 01de2023 sw               x29, 0(x28)         x29:c0ad1c6e x28:10001728  PA:10001728
22539373ns          390676 1c0096d6 00032e03 lw               x28, 0(x6)          x28=3efe14a4  x6:1000173c  PA:1000173c
22539413ns          390678 1c0096da e11b7e4b fnmsub.s         f28, f22, f17, f28  f28=xxxxxxxx f22:bf64a092 f17:c0efd12b f28:3efe14a4
22539452ns          390680 1c0096de 01c32023 sw               x28, 0(x6)          x28:c0c64b6c  x6:1000173c  PA:1000173c
22539492ns          390682 1c0096e2 00052f03 lw               x30, 0(x10)         x30=415a82fb x10:10001750  PA:10001750
22539532ns          390684 1c0096e6 f11af8cb fnmsub.s         f17, f21, f17, f30  f17=xxxxxxxx f21:3ee61551 f17:c0efd12b f30:415a82fb
22539552ns          390685 1c0096ea 01152023 sw               x17, 0(x10)         x17:418832ba x10:10001750  PA:10001750
22539592ns          390687 1c0096ee 0905cd63 blt              x11, x16, 154       x11:00000004 x16:00000005
22539691ns          390692 1c009788 ff072383 lw               x7, -16(x14)         x7=3f0779f9 x14:10001790  PA:10001780
22539731ns          390694 1c00978c 00472283 lw               x5, 4(x14)           x5=3e9037b8 x14:10001790  PA:10001794
22539791ns          390697 1c009790 fec72483 lw               x9, -20(x14)         x9=3ed0d83f x14:10001790  PA:1000177c
22539830ns          390699 1c009794 00072403 lw               x8, 0(x14)           x8=bca73d2c x14:10001790  PA:10001790
22539850ns          390700 1c009796 ffc72c03 lw               x24, -4(x14)        x24=3e8d62c6 x14:10001790  PA:1000178c
22539870ns          390701 1c00979a 01072883 lw               x17, 16(x14)        x17=be6b7f7f x14:10001790  PA:100017a0
22539930ns          390704 1c00979e ff472f03 lw               x30, -12(x14)       x30=bf1dc379 x14:10001790  PA:10001784
22539970ns          390706 1c0097a2 00872e83 lw               x29, 8(x14)         x29=bea2ed2f x14:10001790  PA:10001798
22539989ns          390707 1c0097a6 3972f543 fmadd.s          f10, f5, f23, f7    f10=xxxxxxxx  f5:3e9037b8 f23:bf5fc25c  f7:3f0779f9
22540009ns          390708 1c0097aa 49747843 fmadd.s          f16, f8, f23, f9    f16=xxxxxxxx  f8:bca73d2c f23:bf5fc25c  f9:3ed0d83f
22540029ns          390709 1c0097ae c178f943 fmadd.s          f18, f17, f23, f24  f18=xxxxxxxx f17:be6b7f7f f23:bf5fc25c f24:3e8d62c6
22540049ns          390710 1c0097b2 01872c03 lw               x24, 24(x14)        x24=3f1f5341 x14:10001790  PA:100017a8
22540069ns          390711 1c0097b6 01472883 lw               x17, 20(x14)        x17=00000000 x14:10001790  PA:100017a4
22540089ns          390712 1c0097ba ff872e03 lw               x28, -8(x14)        x28=3e9fe415 x14:10001790  PA:10001788
22540109ns          390713 1c0097be 00c72303 lw               x6, 12(x14)          x6=bf601172 x14:10001790  PA:1000179c
22540129ns          390714 1c0097c2 f17ef5c3 fmadd.s          f11, f29, f23, f30  f11=xxxxxxxx f29:bea2ed2f f23:bf5fc25c f30:bf1dc379
22540149ns          390715 1c0097c6 518d7543 fmadd.s          f10, f26, f24, f10  f10=xxxxxxxx f26:3ee12f2b f24:3f1f5341 f10:3e90e5eb
22540169ns          390716 1c0097ca 01c72c03 lw               x24, 28(x14)        x24=3f25c20c x14:10001790  PA:100017ac
22540228ns          390719 1c0097ce 811d7843 fmadd.s          f16, f26, f17, f16  f16=xxxxxxxx f26:3ee12f2b f17:00000000 f16:3ed9fb13
22540268ns          390721 1c0097d2 e17376c3 fmadd.s          f13, f6, f23, f28   f13=xxxxxxxx  f6:bf601172 f23:bf5fc25c f28:3e9fe415
22540288ns          390722 1c0097d6 598d75c3 fmadd.s          f11, f26, f24, f11  f11=xxxxxxxx f26:3ee12f2b f24:3f25c20c f11:bead1ea4
22540308ns          390723 1c0097da 02072c03 lw               x24, 32(x14)        x24=be13bdf3 x14:10001790  PA:100017b0
22540367ns          390726 1c0097de 4909f4cb fnmsub.s         f9, f19, f16, f9     f9=xxxxxxxx f19:3f82c8e3 f16:3ed9fb13  f9:3ed0d83f
22540407ns          390728 1c0097e2 698d76c3 fmadd.s          f13, f26, f24, f13  f13=xxxxxxxx f26:3ee12f2b f24:be13bdf3 f13:3f89e5ad
22540427ns          390729 1c0097e6 4168744b fnmsub.s         f8, f16, f22, f8     f8=xxxxxxxx f16:3ed9fb13 f22:bf64a092  f8:bca73d2c
22540447ns          390730 1c0097ea 02472c03 lw               x24, 36(x14)        x24=3ed4b619 x14:10001790  PA:100017b4
22540507ns          390733 1c0097ee 890af84b fnmsub.s         f16, f21, f16, f17  f16=xxxxxxxx f21:3ee61551 f16:3ed9fb13 f17:00000000
22540546ns          390735 1c0097f2 01872883 lw               x17, 24(x14)        x17=3f1f5341 x14:10001790  PA:100017a8
22540566ns          390736 1c0097f6 918d7943 fmadd.s          f18, f26, f24, f18  f18=xxxxxxxx f26:3ee12f2b f24:3ed4b619 f18:3ef44e33
22540586ns          390737 1c0097fa 38a9f3cb fnmsub.s         f7, f19, f10, f7     f7=xxxxxxxx f19:3f82c8e3 f10:3f0e85b9  f7:3f0779f9
22540646ns          390740 1c0097fe 01c72c03 lw               x24, 28(x14)        x24=3f25c20c x14:10001790  PA:100017ac
22540686ns          390742 1c009802 296572cb fnmsub.s         f5, f10, f22, f5     f5=xxxxxxxx f10:3f0e85b9 f22:bf64a092  f5:3e9037b8
22540706ns          390743 1c009806 88aaf54b fnmsub.s         f10, f21, f10, f17  f10=xxxxxxxx f21:3ee61551 f10:3f0e85b9 f17:3f1f5341
22540725ns          390744 1c00980a 02072883 lw               x17, 32(x14)        x17=be13bdf3 x14:10001790  PA:100017b0
22540785ns          390747 1c00980e f0b9ff4b fnmsub.s         f30, f19, f11, f30  f30=xxxxxxxx f19:3f82c8e3 f11:bd5a8468 f30:bf1dc379
22540825ns          390749 1c009812 e965fecb fnmsub.s         f29, f11, f22, f29  f29=xxxxxxxx f11:bd5a8468 f22:bf64a092 f29:bea2ed2f
22540845ns          390750 1c009816 e0d9fe4b fnmsub.s         f28, f19, f13, f28  f28=xxxxxxxx f19:3f82c8e3 f13:3f81c65a f28:3e9fe415
22540865ns          390751 1c00981a c0baf5cb fnmsub.s         f11, f21, f11, f24  f11=xxxxxxxx f21:3ee61551 f11:bd5a8468 f24:3f25c20c
22540885ns          390752 1c00981e 3166f34b fnmsub.s         f6, f13, f22, f6     f6=xxxxxxxx f13:3f81c65a f22:bf64a092  f6:bf601172
22540904ns          390753 1c009822 ffc72c03 lw               x24, -4(x14)        x24=3e8d62c6 x14:10001790  PA:1000178c
22540924ns          390754 1c009826 88daf6cb fnmsub.s         f13, f21, f13, f17  f13=xxxxxxxx f21:3ee61551 f13:3f81c65a f17:be13bdf3
22540944ns          390755 1c00982a c129fc4b fnmsub.s         f24, f19, f18, f24  f24=xxxxxxxx f19:3f82c8e3 f18:3f28ede9 f24:3e8d62c6
22540964ns          390756 1c00982e 00b72e23 sw               x11, 28(x14)        x11:3f2be535 x14:10001790  PA:100017ac
22540984ns          390757 1c009830 02d72023 sw               x13, 32(x14)        x13:bf199280 x14:10001790  PA:100017b0
22541004ns          390758 1c009832 01072683 lw               x13, 16(x14)        x13=be6b7f7f x14:10001790  PA:100017a0
22541024ns          390759 1c009834 ff872e23 sw               x24, -4(x14)        x24:becbd2ba x14:10001790  PA:1000178c
22541044ns          390760 1c009838 69697c4b fnmsub.s         f24, f18, f22, f13  f24=xxxxxxxx f18:3f28ede9 f22:bf64a092 f13:be6b7f7f
22541064ns          390761 1c00983c 02472683 lw               x13, 36(x14)        x13=3ed4b619 x14:10001790  PA:100017b4
22541083ns          390762 1c00983e fe972623 sw               x9, -20(x14)         x9:bcde0db3 x14:10001790  PA:1000177c
22541123ns          390764 1c009842 692af8cb fnmsub.s         f17, f21, f18, f13  f17=xxxxxxxx f21:3ee61551 f18:3f28ede9 f13:3ed4b619
22541143ns          390765 1c009846 00872023 sw               x8, 0(x14)           x8:3eb83883 x14:10001790  PA:10001790
22541163ns          390766 1c009848 01072a23 sw               x16, 20(x14)        x16:be43e9ba x14:10001790  PA:100017a4
22541183ns          390767 1c00984c fe772823 sw               x7, -16(x14)         x7:bd225849 x14:10001790  PA:10001780
22541223ns          390769 1c009850 00572223 sw               x5, 4(x14)           x5:3f47645a x14:10001790  PA:10001794
22541262ns          390771 1c009854 00a72c23 sw               x10, 24(x14)        x10:3ebe8e80 x14:10001790  PA:100017a8
22541282ns          390772 1c009856 ffe72a23 sw               x30, -12(x14)       x30:bf0fcf22 x14:10001790  PA:10001784
22541302ns          390773 1c00985a 01d72423 sw               x29, 8(x14)         x29:bebb520f x14:10001790  PA:10001798
22541362ns          390776 1c00985e ffc72c23 sw               x28, -8(x14)        x28:bf394034 x14:10001790  PA:10001788
22541382ns          390777 1c009862 02012583 lw               x11, 32(x2)         x11=00000004  x2:100015f8  PA:10001618
22541402ns          390778 1c009864 00672623 sw               x6, 12(x14)          x6:3cf75549 x14:10001790  PA:1000179c
22541422ns          390779 1c009868 01872823 sw               x24, 16(x14)        x24:3eb7fbf2 x14:10001790  PA:100017a0
22541442ns          390780 1c00986c 03172223 sw               x17, 36(x14)        x17:3df38923 x14:10001790  PA:100017b4
22541501ns          390783 1c009870 01470713 addi             x14, x14, 20        x14=100017a4 x14:10001790
22541521ns          390784 1c009872 01478793 addi             x15, x15, 20        x15=10001740 x15:1000172c
22541541ns          390785 1c009874 004a0a13 addi             x20, x20, 4         x20=10001760 x20:1000175c
22541561ns          390786 1c009876 02812683 lw               x13, 40(x2)         x13=10001724  x2:100015f8  PA:10001620
22541581ns          390787 1c009878 00c00c33 add              x24, x0, x12        x24=00000014 x12:00000014
22541601ns          390788 1c00987a 014f8f93 addi             x31, x31, 20        x31=1000172c x31:10001718
22541621ns          390789 1c00987c 90bdd8e3 bge              x27, x11, -1776     x27:00000004 x11:00000004
22541720ns          390794 1c00918c 0bb587e3 beq              x11, x27, 2222      x11:00000004 x27:00000004
22542297ns          390823 1c009a3a 0cbccf63 blt              x25, x11, 222       x25:00000001 x11:00000004
22542814ns          390849 1c009b18 0046a603 lw               x12, 4(x13)         x12=c0ad1c6e x13:10001724  PA:10001728
22542854ns          390851 1c009b1a 00000813 addi             x16, x0, 0          x16=00000000
22542874ns          390852 1c009b1e 0006a503 lw               x10, 0(x13)         x10=4081985d x13:10001724  PA:10001724
22542913ns          390854 1c009b20 a1061853 flt.s            x16, f12, f16       x16=00000001 f12:c0ad1c6e f16:00000000
22542953ns          390856 1c009b24 08a12223 sw               x10, 132(x2)        x10:4081985d  x2:100015f8  PA:1000167c
22542973ns          390857 1c009b26 08c12423 sw               x12, 136(x2)        x12:c0ad1c6e  x2:100015f8  PA:10001680
22542993ns          390858 1c009b28 f20803e3 beq              x16, x0, -218       x16:00000001
22543013ns          390859 1c009b2c 20c61653 fsgnjn.s         f12, f12, f12       f12=xxxxxxxx f12:c0ad1c6e f12:c0ad1c6e
22543053ns          390861 1c009b30 00200893 addi             x17, x0, 2          x17=00000002
22543073ns          390862 1c009b32 00100e93 addi             x29, x0, 1          x29=00000001
22543092ns          390863 1c009b34 ed2ff06f jal              x0, -2350          
22543212ns          390869 1c009206 00000813 addi             x16, x0, 0          x16=00000000
22543232ns          390870 1c00920a a1062353 feq.s            x6, f12, f16         x6=00000000 f12:40ad1c6e f16:00000000
22543291ns          390873 1c00920e 040318e3 bne              x6, x0, 2128         x6:00000000
22543331ns          390875 1c009212 a1051853 flt.s            x16, f10, f16       x16=00000000 f10:4081985d f16:00000000
22543351ns          390876 1c009216 180812e3 bne              x16, x0, 2436       x16:00000000
22543371ns          390877 1c00921a 00a00833 add              x16, x0, x10        x16=4081985d x10:4081985d
22543391ns          390878 1c00921c 00000313 addi             x6, x0, 0            x6=00000000
22543431ns          390880 1c009220 a0661353 flt.s            x6, f12, f6          x6=00000000 f12:40ad1c6e  f6:00000000
22543470ns          390882 1c009224 00030463 beq              x6, x0, 8            x6:00000000
22543530ns          390885 1c00922c a0c81353 flt.s            x6, f16, f12         x6=00000001 f16:4081985d f12:40ad1c6e
22543590ns          390888 1c009230 12031ce3 bne              x6, x0, 2360         x6:00000001
22543689ns          390893 1c009b68 1c0002b7 lui              x5, 0x1c000000       x5=1c000000
22543729ns          390895 1c009b6c 04c28293 addi             x5, x5, 76           x5=1c00004c  x5:1c000000
22543749ns          390896 1c009b70 0002a283 lw               x5, 0(x5)            x5=3f800000  x5:1c00004c  PA:1c00004c
22544067ns          390912 1c009b74 18c87853 fdiv.s           f16, f16, f12       f16=xxxxxxxx f16:4081985d f12:40ad1c6e
22544346ns          390926 1c009b78 29087843 fmadd.s          f16, f16, f16, f5   f16=xxxxxxxx f16:3f3fa5da f16:3f3fa5da  f5:3f800000
22544365ns          390927 1c009b7c 58087853 fsqrt.s          f16, f16            f16=xxxxxxxx f16:3fc7bc73
22544644ns          390941 1c009b80 11067653 fmul.s           f12, f12, f16       f12=xxxxxxxx f12:40ad1c6e f16:3f9fe4f8
22544664ns          390942 1c009b84 ed0ff06f jal              x0, -2352          
22544704ns          390944 1c009254 00000813 addi             x16, x0, 0          x16=00000000
22544723ns          390945 1c009258 a0a80853 fle.s            x16, f16, f10       x16=00000001 f16:00000000 f10:4081985d
22544743ns          390946 1c00925c 00080463 beq              x16, x0, 8          x16:00000001
22544803ns          390949 1c009260 20c61653 fsgnjn.s         f12, f12, f12       f12=xxxxxxxx f12:40d83efb f12:40d83efb
22544843ns          390951 1c009264 00000813 addi             x16, x0, 0          x16=00000000
22544863ns          390952 1c009268 a1061853 flt.s            x16, f12, f16       x16=00000001 f12:c0d83efb f16:00000000
22544883ns          390953 1c00926c 12081be3 bne              x16, x0, 2358       x16:00000001
22545062ns          390962 1c009ba2 20c61853 fsgnjn.s         f16, f12, f12       f16=xxxxxxxx f12:c0d83efb f12:c0d83efb
22545082ns          390963 1c009ba6 eccff06f jal              x0, -2356          
22545141ns          390966 1c009272 1c0004b7 lui              x9, 0x1c000000       x9=1c000000
22545161ns          390967 1c009276 03048493 addi             x9, x9, 48           x9=1c000030  x9:1c000000
22545181ns          390968 1c00927a 0004a483 lw               x9, 0(x9)            x9=0c000000  x9:1c000030  PA:1c000030
22545499ns          390984 1c00927c a0981853 flt.s            x16, f16, f9        x16=00000000 f16:40d83efb  f9:0c000000
22545519ns          390985 1c009280 0a080ce3 beq              x16, x0, 2232       x16:00000000
22545579ns          390988 1c009b38 1c000337 lui              x6, 0x1c000000       x6=1c000000
22545599ns          390989 1c009b3c 04c32803 lw               x16, 76(x6)         x16=3f800000  x6:1c000000  PA:1c00004c
22545917ns          391005 1c009b40 08c57353 fsub.s           f6, f10, f12         f6=xxxxxxxx f10:4081985d f12:c0d83efb
22545937ns          391006 1c009b44 18687853 fdiv.s           f16, f16, f6        f16=xxxxxxxx f16:3f800000  f6:412cebac  PA:10001680
22546096ns          391014 1c009b48 08812303 lw               x6, 136(x2)          x6=xxxxxxxx  x2:100015f8
22546116ns          391015 1c009b4a 08a679d3 fsub.s           f19, f12, f10       f19=xxxxxxxx f12:c0d83efb f10:4081985d
22546374ns          391028 1c009b4e 11037353 fmul.s           f6, f6, f16          f6=xxxxxxxx  f6:c0ad1c6e f16:3dbd7f54
22546394ns          391029 1c009b52 18c9f9d3 fdiv.s           f19, f19, f12       f19=xxxxxxxx f19:c12cebac f12:c0d83efb  PA:10001680
22547488ns          391084 1c009b56 08612423 sw               x6, 136(x2)          x6:bf002417  x2:100015f8
22547508ns          391085 1c009b58 0038b663 p.bneimm         x17, 12             x17:00000002
22547568ns          391088 1c009b64 00c00533 add              x10, x0, x12        x10=xxxxxxxx x12:c0d83efb
22547588ns          391089 1c009b66 87fff06f jal              x0, -1922            PA:1000167c
22547628ns          391091 1c0093e4 08a12223 sw               x10, 132(x2)        x10:c0d83efb  x2:100015f8
22547647ns          391092 1c0093e6 4cbcd763 bge              x25, x11, 1230      x25:00000001 x11:00000004  PA:10001724
22547667ns          391093 1c0093ea 00a6a023 sw               x10, 0(x13)         x10:c0d83efb x13:10001724  PA:10001728
22547687ns          391094 1c0093ec 0006a223 sw               x0, 4(x13)          x13:10001724
22547727ns          391096 1c0093f0 01b5d463 bge              x11, x27, 8         x11:00000004 x27:00000004  PA:10001680
22547787ns          391099 1c0093f8 08812b83 lw               x23, 136(x2)        x23=xxxxxxxx  x2:100015f8
22547826ns          391101 1c0093fa 1179fb53 fmul.s           f22, f19, f23       f22=xxxxxxxx f19:3fccb5b3 f23:bf002417
22547866ns          391103 1c0093fe 4c38bd63 p.bneimm         x17, 1242           x17:00000002
22548363ns          391128 1c0098d8 01468893 addi             x17, x13, 20        x17=10001738 x13:10001724
22548403ns          391130 1c0098dc 411a0833 sub              x16, x20, x17       x16=00000028 x20:10001760 x17:10001738
22548861ns          391153 1c0098e0 fec80813 addi             x16, x16, -20       x16=00000014 x16:00000028
22548901ns          391155 1c0098e2 0cccd637 lui              x12, 0xcccd000      x12=0cccd000
22548920ns          391156 1c0098e6 00285813 srli             x16, x16, 0x2       x16=00000005 x16:00000014
22548940ns          391157 1c0098ea ccd60613 addi             x12, x12, -819      x12=0ccccccd x12:0cccd000
22549378ns          391179 1c0098ee 02c80833 mul              x16, x16, x12       x16=40000001 x16:00000005 x12:0ccccccd
22549398ns          391180 1c0098f2 01868693 addi             x13, x13, 24        x13=1000173c x13:10001724
22549418ns          391181 1c0098f4 c3e83833 p.bclr           x16, x16, 1, 30     x16=00000001 x16:40000001
22549438ns          391182 1c0098f8 02d12423 sw               x13, 40(x2)         x13:1000173c  x2:100015f8  PA:10001620
22549457ns          391183 1c0098fa 00d00333 add              x6, x0, x13          x6=1000173c x13:1000173c
22549477ns          391184 1c0098fc 00180813 addi             x16, x16, 1         x16=00000002 x16:00000001
22549895ns          391205 1c0098fe 00e840fb lp.setup         0x1, x16, 0xe       x16:00000002
22549935ns          391207 1c009902 0008a603 lw               x12, 0(x17)         x12=4128daf1 x17:10001738  PA:10001738
22549955ns          391208 1c009906 00032503 lw               x10, 0(x6)          x10=c0c64b6c  x6:1000173c  PA:1000173c
22549995ns          391210 1c00990a 617576c3 fmadd.s          f13, f10, f23, f12  f13=xxxxxxxx f10:c0c64b6c f23:bf002417 f12:4128daf1
22550412ns          391231 1c00990e 6136f64b fnmsub.s         f12, f13, f19, f12  f12=xxxxxxxx f13:415a7bc6 f19:3fccb5b3 f12:4128daf1
22550452ns          391233 1c009912 5166f6cb fnmsub.s         f13, f13, f22, f10  f13=xxxxxxxx f13:415a7bc6 f22:bf4cef6b f10:c0c64b6c
22550472ns          391234 1c009916 00c8aa2b p.sw             x12, 20(x17!)       x17=1000174c x12:c1349077 x17:10001738  PA:10001738
22550492ns          391235 1c00991a 00d32a2b p.sw             x13, 20(x6!)         x6=10001750 x13:40978281  x6:1000173c  PA:1000173c
22550532ns          391237 1c009902 0008a603 lw               x12, 0(x17)         x12=c0c64af9 x17:1000174c  PA:1000174c
22550551ns          391238 1c009906 00032503 lw               x10, 0(x6)          x10=418832ba  x6:10001750  PA:10001750
22550591ns          391240 1c00990a 617576c3 fmadd.s          f13, f10, f23, f12  f13=xxxxxxxx f10:418832ba f23:bf002417 f12:c0c64af9
22550611ns          391241 1c00990e 6136f64b fnmsub.s         f12, f13, f19, f12  f12=xxxxxxxx f13:c16b7e9d f19:3fccb5b3 f12:c0c64af9
22550631ns          391242 1c009912 5166f6cb fnmsub.s         f13, f13, f22, f10  f13=xxxxxxxx f13:c16b7e9d f22:bf4cef6b f10:418832ba
22550651ns          391243 1c009916 00c8aa2b p.sw             x12, 20(x17!)       x17=10001760 x12:418abd4c x17:1000174c  PA:1000174c
22550671ns          391244 1c00991a 00d32a2b p.sw             x13, 20(x6!)         x6=10001764 x13:40a7c0a3  x6:10001750  PA:10001750
22551089ns          391265 1c00991e 000fa603 lw               x12, 0(x31)         x12=386e28bc x31:1000172c  PA:1000172c
22551108ns          391266 1c009922 0007a503 lw               x10, 0(x15)         x10=b84fa4e9 x15:10001740  PA:10001740
22551148ns          391268 1c009924 617576c3 fmadd.s          f13, f10, f23, f12  f13=xxxxxxxx f10:b84fa4e9 f23:bf002417 f12:386e28bc
22551168ns          391269 1c009928 6136f64b fnmsub.s         f12, f13, f19, f12  f12=xxxxxxxx f13:38ab0c3b f19:3fccb5b3 f12:386e28bc
22551188ns          391270 1c00992c 5166f6cb fnmsub.s         f13, f13, f22, f10  f13=xxxxxxxx f13:38ab0c3b f22:bf4cef6b f10:b84fa4e9
22551606ns          391291 1c009930 00cfa023 sw               x12, 0(x31)         x12:b89a79ef x31:1000172c  PA:1000172c
22551645ns          391293 1c009934 00d7a023 sw               x13, 0(x15)         x13:37846d0a x15:10001740  PA:10001740
22551665ns          391294 1c009936 07b05863 bge              x0, x27, 112        x27:00000004
22551685ns          391295 1c00993a 004fa603 lw               x12, 4(x31)         x12=b7a43a3f x31:1000172c  PA:10001730
22551705ns          391296 1c00993e 0047a503 lw               x10, 4(x15)         x10=b7a7ec55 x15:10001740  PA:10001744
22552123ns          391317 1c009940 617576c3 fmadd.s          f13, f10, f23, f12  f13=xxxxxxxx f10:b7a7ec55 f23:bf002417 f12:b7a43a3f
22552163ns          391319 1c009944 6136f64b fnmsub.s         f12, f13, f19, f12  f12=xxxxxxxx f13:b72058d0 f19:3fccb5b3 f12:b7a43a3f
22552183ns          391320 1c009948 5166f6cb fnmsub.s         f13, f13, f22, f10  f13=xxxxxxxx f13:b72058d0 f22:bf4cef6b f10:b7a7ec55
22552202ns          391321 1c00994c 00cfa223 sw               x12, 4(x31)         x12:b69006a9 x31:1000172c  PA:10001730
22552660ns          391344 1c009950 00d7a223 sw               x13, 4(x15)         x13:b7e81ab3 x15:10001740  PA:10001744
22552700ns          391346 1c009952 041daa63 p.beqimm         x27, 84             x27:00000004
22552720ns          391347 1c009956 008fa603 lw               x12, 8(x31)         x12=408198bb x31:1000172c  PA:10001734
22552739ns          391348 1c00995a 0087a503 lw               x10, 8(x15)         x10=c0ad1cd5 x15:10001740  PA:10001748
22552779ns          391350 1c00995c 60abf6c3 fmadd.s          f13, f23, f10, f12  f13=xxxxxxxx f23:bf002417 f10:c0ad1cd5 f12:408198bb
22553177ns          391370 1c009960 60d9f64b fnmsub.s         f12, f19, f13, f12  f12=xxxxxxxx f19:3fccb5b3 f13:40d83f8d f12:408198bb
22553217ns          391372 1c009964 50db76cb fnmsub.s         f13, f22, f13, f10  f13=xxxxxxxx f22:bf4cef6b f13:40d83f8d f10:c0ad1cd5
22553237ns          391373 1c009968 00cfa423 sw               x12, 8(x31)         x12:c0d83f86 x31:1000172c  PA:10001734
22553257ns          391374 1c00996c 00d7a423 sw               x13, 8(x15)         x13:36d1332f x15:10001740  PA:10001748
22553694ns          391396 1c00996e 022dac63 p.beqimm         x27, 56             x27:00000004
22553734ns          391398 1c009972 00cfa603 lw               x12, 12(x31)        x12=c1349077 x31:1000172c  PA:10001738
22553754ns          391399 1c009976 00c7a503 lw               x10, 12(x15)        x10=418abd4c x15:10001740  PA:1000174c
22553794ns          391401 1c009978 60abf6c3 fmadd.s          f13, f23, f10, f12  f13=xxxxxxxx f23:bf002417 f10:418abd4c f12:c1349077
22553814ns          391402 1c00997c 60d9f64b fnmsub.s         f12, f19, f13, f12  f12=xxxxxxxx f19:3fccb5b3 f13:c19fba71 f12:c1349077
22554211ns          391422 1c009980 50db76cb fnmsub.s         f13, f22, f13, f10  f13=xxxxxxxx f22:bf4cef6b f13:c19fba71 f10:418abd4c
22554251ns          391424 1c009984 00cfa623 sw               x12, 12(x31)        x12:41a52ba6 x31:1000172c  PA:10001738
22554271ns          391425 1c009988 00d7a623 sw               x13, 12(x15)        x13:3fadf582 x15:10001740  PA:1000174c
22554291ns          391426 1c00998a 004dbe63 p.bneimm         x27, 28             x27:00000004
22554729ns          391448 1c00998e 010fa603 lw               x12, 16(x31)        x12=40978281 x31:1000172c  PA:1000173c
22554748ns          391449 1c009992 0107a503 lw               x10, 16(x15)        x10=40a7c0a3 x15:10001740  PA:10001750
22554788ns          391451 1c009994 617576c3 fmadd.s          f13, f10, f23, f12  f13=xxxxxxxx f10:40a7c0a3 f23:bf002417 f12:40978281
22554808ns          391452 1c009998 6136f64b fnmsub.s         f12, f13, f19, f12  f12=xxxxxxxx f13:40071513 f19:3fccb5b3 f12:40978281
22554828ns          391453 1c00999c 5166f6cb fnmsub.s         f13, f13, f22, f10  f13=xxxxxxxx f13:40071513 f22:bf4cef6b f10:40a7c0a3
22555246ns          391474 1c0099a0 00cfa823 sw               x12, 16(x31)        x12:3fadf756 x31:1000172c  PA:1000173c
22555285ns          391476 1c0099a4 00d7a823 sw               x13, 16(x15)        x13:40ddd233 x15:10001740  PA:10001750
22555305ns          391477 1c0099a6 fec72283 lw               x5, -20(x14)         x5=3eb83883 x14:100017a4  PA:10001790
22555325ns          391478 1c0099aa ff872803 lw               x16, -8(x14)        x16=3cf75549 x14:100017a4  PA:1000179c
22555345ns          391479 1c0099ae 00c72503 lw               x10, 12(x14)        x10=bf199280 x14:100017a4  PA:100017b0
22555763ns          391500 1c0099b0 00072383 lw               x7, 0(x14)           x7=be43e9ba x14:100017a4  PA:100017a4
22555803ns          391502 1c0099b4 ff072e83 lw               x29, -16(x14)       x29=3f47645a x14:100017a4  PA:10001794
22555823ns          391503 1c0099b8 00472e03 lw               x28, 4(x14)         x28=3ebe8e80 x14:100017a4  PA:100017a8
22555842ns          391504 1c0099bc ff472303 lw               x6, -12(x14)         x6=bebb520f x14:100017a4  PA:10001798
22556280ns          391526 1c0099c0 00872883 lw               x17, 8(x14)         x17=3f2be535 x14:100017a4  PA:100017ac
22556320ns          391528 1c0099c4 ffc72603 lw               x12, -4(x14)        x12=3eb7fbf2 x14:100017a4  PA:100017a0
22556340ns          391529 1c0099c8 2973ff43 fmadd.s          f30, f7, f23, f5    f30=xxxxxxxx  f7:be43e9ba f23:bf002417  f5:3eb83883
22556360ns          391530 1c0099cc 01072683 lw               x13, 16(x14)        x13=3df38923 x14:100017a4  PA:100017b4
22556817ns          391553 1c0099ce 817573c3 fmadd.s          f7, f10, f23, f16    f7=xxxxxxxx f10:bf199280 f23:bf002417 f16:3cf75549
22556857ns          391555 1c0099d2 6176f943 fmadd.s          f18, f13, f23, f12  f18=xxxxxxxx f13:3df38923 f23:bf002417 f12:3eb7fbf2
22556877ns          391556 1c0099d6 e97e74c3 fmadd.s          f9, f28, f23, f29    f9=xxxxxxxx f28:3ebe8e80 f23:bf002417 f29:3f47645a
22556897ns          391557 1c0099da 3178f443 fmadd.s          f8, f17, f23, f6     f8=xxxxxxxx f17:3f2be535 f23:bf002417  f6:bebb520f
22556917ns          391558 1c0099de 00072683 lw               x13, 0(x14)         x13=be43e9ba x14:100017a4  PA:100017a4
22557334ns          391579 1c0099e0 8079f84b fnmsub.s         f16, f19, f7, f16   f16=xxxxxxxx f19:3fccb5b3  f7:3ea93321 f16:3cf75549
22557374ns          391581 1c0099e4 5163f54b fnmsub.s         f10, f7, f22, f10   f10=xxxxxxxx  f7:3ea93321 f22:bf4cef6b f10:bf199280
22557394ns          391582 1c0099e8 01072383 lw               x7, 16(x14)          x7=3df38923 x14:100017a4  PA:100017b4
22557414ns          391583 1c0099ec 29e9f2cb fnmsub.s         f5, f19, f30, f5     f5=xxxxxxxx f19:3fccb5b3 f30:3ee940c1  f5:3eb83883
22557851ns          391605 1c0099f0 6129f64b fnmsub.s         f12, f19, f18, f12  f12=xxxxxxxx f19:3fccb5b3 f18:3e998238 f12:3eb7fbf2
22557891ns          391607 1c0099f4 696f7f4b fnmsub.s         f30, f30, f22, f13  f30=xxxxxxxx f30:3ee940c1 f22:bf4cef6b f13:be43e9ba
22557911ns          391608 1c0099f8 e899fecb fnmsub.s         f29, f19, f9, f29   f29=xxxxxxxx f19:3fccb5b3  f9:3f17b34b f29:3f47645a
22557931ns          391609 1c0099fc e164fe4b fnmsub.s         f28, f9, f22, f28   f28=xxxxxxxx  f9:3f17b34b f22:bf4cef6b f28:3ebe8e80
22558369ns          391631 1c009a00 3089f34b fnmsub.s         f6, f19, f8, f6      f6=xxxxxxxx f19:3fccb5b3  f8:bf33b3de  f6:bebb520f
22558408ns          391633 1c009a04 896478cb fnmsub.s         f17, f8, f22, f17   f17=xxxxxxxx  f8:bf33b3de f22:bf4cef6b f17:3f2be535
22558428ns          391634 1c009a08 396976cb fnmsub.s         f13, f18, f22, f7   f13=xxxxxxxx f18:3e998238 f22:bf4cef6b  f7:3df38923
22558448ns          391635 1c009a0c 00158593 addi             x11, x11, 1         x11=00000005 x11:00000004
22558886ns          391657 1c009a0e fec72e23 sw               x12, -4(x14)        x12:bdf61600 x14:100017a4  PA:100017a0
22558925ns          391659 1c009a12 fe572623 sw               x5, -20(x14)         x5:bebcd1cc x14:100017a4  PA:10001790
22558945ns          391660 1c009a16 01e72023 sw               x30, 0(x14)         x30:3e3189c3 x14:100017a4  PA:100017a4
22558965ns          391661 1c009a1a ffd72823 sw               x29, -16(x14)       x29:be2ce2f5 x14:100017a4  PA:10001794
22559423ns          391684 1c009a1e 01c72223 sw               x28, 4(x14)         x28:3f58b800 x14:100017a4  PA:100017a8
22559463ns          391686 1c009a22 fe672a23 sw               x6, -12(x14)         x6:3f41bcba x14:100017a4  PA:10001798
22559482ns          391687 1c009a26 01172423 sw               x17, 8(x14)         x17:3de04e80 x14:100017a4  PA:100017ac
22559502ns          391688 1c009a2a ff072c23 sw               x16, -8(x14)        x16:beff2457 x14:100017a4  PA:1000179c
22559522ns          391689 1c009a2e 00a72623 sw               x10, 12(x14)        x10:beabb204 x14:100017a4  PA:100017b0
22559562ns          391691 1c009a30 00d72823 sw               x13, 16(x14)        x13:3eb7c59e x14:100017a4  PA:100017b4
22559582ns          391692 1c009a32 02b12023 sw               x11, 32(x2)         x11:00000005  x2:100015f8  PA:10001618
22559602ns          391693 1c009a34 005c0613 addi             x12, x24, 5         x12=00000019 x24:00000014
22559622ns          391694 1c009a38 e39ff06f jal              x0, -456           
22559701ns          391698 1c009870 01470713 addi             x14, x14, 20        x14=100017b8 x14:100017a4
22559721ns          391699 1c009872 01478793 addi             x15, x15, 20        x15=10001754 x15:10001740
22559741ns          391700 1c009874 004a0a13 addi             x20, x20, 4         x20=10001764 x20:10001760
22559761ns          391701 1c009876 02812683 lw               x13, 40(x2)         x13=1000173c  x2:100015f8  PA:10001620
22559781ns          391702 1c009878 00c00c33 add              x24, x0, x12        x24=00000019 x12:00000019
22559801ns          391703 1c00987a 014f8f93 addi             x31, x31, 20        x31=10001740 x31:1000172c
22559821ns          391704 1c00987c 90bdd8e3 bge              x27, x11, -1776     x27:00000004 x11:00000005
22559840ns          391705 1c009880 04012c03 lw               x24, 64(x2)         x24=447ae165  x2:100015f8  PA:10001638
22559860ns          391706 1c009882 04412c83 lw               x25, 68(x2)         x25=412bac26  x2:100015f8  PA:1000163c
22559880ns          391707 1c009884 02412483 lw               x9, 36(x2)           x9=00000000  x2:100015f8  PA:1000161c
22559900ns          391708 1c009886 01f00793 addi             x15, x0, 31         x15=0000001f
22559920ns          391709 1c009888 00148493 addi             x9, x9, 1            x9=00000001  x9:00000000
22559940ns          391710 1c00988a 02912223 sw               x9, 36(x2)           x9:00000001  x2:100015f8  PA:1000161c
22559960ns          391711 1c00988c 00100293 addi             x5, x0, 1            x5=00000001
22560358ns          391731 1c00988e caf49963 bne              x9, x15, -2894       x9:00000001 x15:0000001f
22560855ns          391756 1c008d40 01c12e83 lw               x29, 28(x2)         x29=00000001  x2:100015f8  PA:10001614
22560895ns          391758 1c008d42 7fddc8e3 blt              x27, x29, 4080      x27:00000004 x29:00000001
22560915ns          391759 1c008d46 41dd8833 sub              x16, x27, x29       x16=00000003 x27:00000004 x29:00000001
22560934ns          391760 1c008d4a 1c0004b7 lui              x9, 0x1c000000       x9=1c000000
22561372ns          391782 1c008d4e fffe8513 addi             x10, x29, -1        x10=00000000 x29:00000001
22561412ns          391784 1c008d52 fffd8793 addi             x15, x27, -1        x15=00000003 x27:00000004
22561432ns          391785 1c008d56 03812603 lw               x12, 56(x2)         x12=1000173c  x2:100015f8  PA:10001630
22561452ns          391786 1c008d58 03412303 lw               x6, 52(x2)           x6=10001738  x2:100015f8  PA:1000162c
22561472ns          391787 1c008d5a 03012683 lw               x13, 48(x2)         x13=10001750  x2:100015f8  PA:10001628
22561491ns          391788 1c008d5c 005005b3 add              x11, x0, x5         x11=00000001  x5:00000001
22561511ns          391789 1c008d5e 00500f33 add              x30, x0, x5         x30=00000001  x5:00000001
22561531ns          391790 1c008d60 01b00433 add              x8, x0, x27          x8=00000004 x27:00000004
22561551ns          391791 1c008d62 00000713 addi             x14, x0, 0          x14=00000000
22561571ns          391792 1c008d66 00100f93 addi             x31, x0, 1          x31=00000001
22561591ns          391793 1c008d68 0244a383 lw               x7, 36(x9)           x7=34000000  x9:1c000000  PA:1c000024
22562048ns          391816 1c008d6c 00180813 addi             x16, x16, 1         x16=00000004 x16:00000003
22562068ns          391817 1c008d6e 7ca7cbe3 blt              x15, x10, 4054      x15:00000003 x10:00000000
22562088ns          391818 1c008d72 078840fb lp.setup         0x1, x16, 0x78      x16:00000004
22562108ns          391819 1c008d76 00062783 lw               x15, 0(x12)         x15=3fadf756 x12:1000173c  PA:1000173c
22562128ns          391820 1c008d78 fff40e93 addi             x29, x8, -1         x29=00000003  x8:00000004
22562148ns          391821 1c008d7c a0e79553 flt.s            x10, f15, f14       x10=00000000 f15:3fadf756 f14:00000000
22562188ns          391823 1c008d80 00050363 beq              x10, x0, 6          x10:00000000
22562267ns          391827 1c008d86 1c0008b7 lui              x17, 0x1c000000     x17=1c000000
22562287ns          391828 1c008d8a 02088893 addi             x17, x17, 32        x17=1c000020 x17:1c000000
22562347ns          391831 1c008d8e 0008a883 lw               x17, 0(x17)         x17=0d200000 x17:1c000020  PA:1c000020
22562705ns          391849 1c008d92 a1178553 fle.s            x10, f15, f17       x10=00000000 f15:3fadf756 f17:0d200000
22562725ns          391850 1c008d96 0c051763 bne              x10, x0, 206        x10:00000000
22562745ns          391851 1c008d98 00032883 lw               x17, 0(x6)          x17=41a52ba6  x6:10001738  PA:10001738
22562784ns          391853 1c008d9c a0e895d3 flt.s            x11, f17, f14       x11=00000000 f17:41a52ba6 f14:00000000
22562804ns          391854 1c008da0 01100bb3 add              x23, x0, x17        x23=41a52ba6 x17:41a52ba6
22562824ns          391855 1c008da2 00058363 beq              x11, x0, 6          x11:00000000
22562884ns          391858 1c008da8 0006a503 lw               x10, 0(x13)         x10=40ddd233 x13:10001750  PA:10001750
22562924ns          391860 1c008daa a0e515d3 flt.s            x11, f10, f14       x11=00000000 f10:40ddd233 f14:00000000
22562943ns          391861 1c008dae 00a00e33 add              x28, x0, x10        x28=40ddd233 x10:40ddd233
22562963ns          391862 1c008db0 00058363 beq              x11, x0, 6          x11:00000000
22563043ns          391866 1c008db6 01cbfbd3 fadd.s           f23, f23, f28       f23=xxxxxxxx f23:41a52ba6 f28:40ddd233
22563063ns          391867 1c008dba a0eba5d3 feq.s            x11, f23, f14       x11=00000000 f23:41dca033 f14:00000000
22563083ns          391868 1c008dbe 00058d63 beq              x11, x0, 26         x11:00000000
22563580ns          391893 1c008dd8 1c0004b7 lui              x9, 0x1c000000       x9=1c000000
22563620ns          391895 1c008ddc 02448493 addi             x9, x9, 36           x9=1c000024  x9:1c000000
22564057ns          391917 1c008de0 0004a483 lw               x9, 0(x9)            x9=34000000  x9:1c000024  PA:1c000024
22564395ns          391934 1c008de2 109bf5d3 fmul.s           f11, f23, f9        f11=xxxxxxxx f23:41dca033  f9:34000000
22564415ns          391935 1c008de6 a0b785d3 fle.s            x11, f15, f11       x11=00000000 f15:3fadf756 f11:365ca033
22564435ns          391936 1c008dea 06058863 beq              x11, x0, 112        x11:00000000
22564952ns          391962 1c008e5a fe868693 addi             x13, x13, -24       x13=10001738 x13:10001750
22564992ns          391964 1c008e5c fe830313 addi             x6, x6, -24          x6=10001720  x6:10001738
22565012ns          391965 1c008e5e fe860613 addi             x12, x12, -24       x12=10001724 x12:1000173c
22565052ns          391967 1c008e60 01d00433 add              x8, x0, x29          x8=00000003 x29:00000003
22565072ns          391968 1c008e62 00100593 addi             x11, x0, 1          x11=00000001
22565092ns          391969 1c008d76 00062783 lw               x15, 0(x12)         x15=c0d83efb x12:10001724  PA:10001724
22565112ns          391970 1c008d78 fff40e93 addi             x29, x8, -1         x29=00000002  x8:00000003
22565131ns          391971 1c008d7c a0e79553 flt.s            x10, f15, f14       x10=00000001 f15:c0d83efb f14:00000000
22565151ns          391972 1c008d80 00050363 beq              x10, x0, 6          x10:00000001
22565171ns          391973 1c008d82 20f797d3 fsgnjn.s         f15, f15, f15       f15=xxxxxxxx f15:c0d83efb f15:c0d83efb
22565191ns          391974 1c008d86 1c0008b7 lui              x17, 0x1c000000     x17=1c000000
22565211ns          391975 1c008d8a 02088893 addi             x17, x17, 32        x17=1c000020 x17:1c000000
22565231ns          391976 1c008d8e 0008a883 lw               x17, 0(x17)         x17=0d200000 x17:1c000020  PA:1c000020
22565549ns          391992 1c008d92 a1178553 fle.s            x10, f15, f17       x10=00000000 f15:40d83efb f17:0d200000
22565569ns          391993 1c008d96 0c051763 bne              x10, x0, 206        x10:00000000
22565589ns          391994 1c008d98 00032883 lw               x17, 0(x6)          x17=440adc4d  x6:10001720  PA:10001720
22565629ns          391996 1c008d9c a0e895d3 flt.s            x11, f17, f14       x11=00000000 f17:440adc4d f14:00000000
22565649ns          391997 1c008da0 01100bb3 add              x23, x0, x17        x23=440adc4d x17:440adc4d
22565668ns          391998 1c008da2 00058363 beq              x11, x0, 6          x11:00000000
22565728ns          392001 1c008da8 0006a503 lw               x10, 0(x13)         x10=41a52ba6 x13:10001738  PA:10001738
22565768ns          392003 1c008daa a0e515d3 flt.s            x11, f10, f14       x11=00000000 f10:41a52ba6 f14:00000000
22565788ns          392004 1c008dae 00a00e33 add              x28, x0, x10        x28=41a52ba6 x10:41a52ba6
22565808ns          392005 1c008db0 00058363 beq              x11, x0, 6          x11:00000000
22565887ns          392009 1c008db6 01cbfbd3 fadd.s           f23, f23, f28       f23=xxxxxxxx f23:440adc4d f28:41a52ba6
22565907ns          392010 1c008dba a0eba5d3 feq.s            x11, f23, f14       x11=00000000 f23:441005aa f14:00000000
22565927ns          392011 1c008dbe 00058d63 beq              x11, x0, 26         x11:00000000
22565987ns          392014 1c008dd8 1c0004b7 lui              x9, 0x1c000000       x9=1c000000
22566007ns          392015 1c008ddc 02448493 addi             x9, x9, 36           x9=1c000024  x9:1c000000
22566026ns          392016 1c008de0 0004a483 lw               x9, 0(x9)            x9=34000000  x9:1c000024  PA:1c000024
22566345ns          392032 1c008de2 109bf5d3 fmul.s           f11, f23, f9        f11=xxxxxxxx f23:441005aa  f9:34000000
22566365ns          392033 1c008de6 a0b785d3 fle.s            x11, f15, f11       x11=00000000 f15:40d83efb f11:389005aa
22566385ns          392034 1c008dea 06058863 beq              x11, x0, 112        x11:00000000
22566444ns          392037 1c008e5a fe868693 addi             x13, x13, -24       x13=10001720 x13:10001738
22566464ns          392038 1c008e5c fe830313 addi             x6, x6, -24          x6=10001708  x6:10001720
22566484ns          392039 1c008e5e fe860613 addi             x12, x12, -24       x12=1000170c x12:10001724
22566504ns          392040 1c008e60 01d00433 add              x8, x0, x29          x8=00000002 x29:00000002
22566524ns          392041 1c008e62 00100593 addi             x11, x0, 1          x11=00000001
22566544ns          392042 1c008d76 00062783 lw               x15, 0(x12)         x15=4134985c x12:1000170c  PA:1000170c
22566564ns          392043 1c008d78 fff40e93 addi             x29, x8, -1         x29=00000001  x8:00000002
22566583ns          392044 1c008d7c a0e79553 flt.s            x10, f15, f14       x10=00000000 f15:4134985c f14:00000000
22566603ns          392045 1c008d80 00050363 beq              x10, x0, 6          x10:00000000
22566683ns          392049 1c008d86 1c0008b7 lui              x17, 0x1c000000     x17=1c000000
22566703ns          392050 1c008d8a 02088893 addi             x17, x17, 32        x17=1c000020 x17:1c000000
22566723ns          392051 1c008d8e 0008a883 lw               x17, 0(x17)         x17=0d200000 x17:1c000020  PA:1c000020
22567041ns          392067 1c008d92 a1178553 fle.s            x10, f15, f17       x10=00000000 f15:4134985c f17:0d200000
22567061ns          392068 1c008d96 0c051763 bne              x10, x0, 206        x10:00000000
22567081ns          392069 1c008d98 00032883 lw               x17, 0(x6)          x17=443ff1b1  x6:10001708  PA:10001708
22567120ns          392071 1c008d9c a0e895d3 flt.s            x11, f17, f14       x11=00000000 f17:443ff1b1 f14:00000000
22567140ns          392072 1c008da0 01100bb3 add              x23, x0, x17        x23=443ff1b1 x17:443ff1b1
22567160ns          392073 1c008da2 00058363 beq              x11, x0, 6          x11:00000000
22567220ns          392076 1c008da8 0006a503 lw               x10, 0(x13)         x10=440adc4d x13:10001720  PA:10001720
22567260ns          392078 1c008daa a0e515d3 flt.s            x11, f10, f14       x11=00000000 f10:440adc4d f14:00000000
22567280ns          392079 1c008dae 00a00e33 add              x28, x0, x10        x28=440adc4d x10:440adc4d
22567299ns          392080 1c008db0 00058363 beq              x11, x0, 6          x11:00000000
22567379ns          392084 1c008db6 01cbfbd3 fadd.s           f23, f23, f28       f23=xxxxxxxx f23:443ff1b1 f28:440adc4d
22567399ns          392085 1c008dba a0eba5d3 feq.s            x11, f23, f14       x11=00000000 f23:44a566ff f14:00000000
22567419ns          392086 1c008dbe 00058d63 beq              x11, x0, 26         x11:00000000
22567479ns          392089 1c008dd8 1c0004b7 lui              x9, 0x1c000000       x9=1c000000
22567498ns          392090 1c008ddc 02448493 addi             x9, x9, 36           x9=1c000024  x9:1c000000
22567518ns          392091 1c008de0 0004a483 lw               x9, 0(x9)            x9=34000000  x9:1c000024  PA:1c000024
22567837ns          392107 1c008de2 109bf5d3 fmul.s           f11, f23, f9        f11=xxxxxxxx f23:44a566ff  f9:34000000
22567856ns          392108 1c008de6 a0b785d3 fle.s            x11, f15, f11       x11=00000000 f15:4134985c f11:392566ff
22567876ns          392109 1c008dea 06058863 beq              x11, x0, 112        x11:00000000
22567936ns          392112 1c008e5a fe868693 addi             x13, x13, -24       x13=10001708 x13:10001720
22567956ns          392113 1c008e5c fe830313 addi             x6, x6, -24          x6=100016f0  x6:10001708
22567976ns          392114 1c008e5e fe860613 addi             x12, x12, -24       x12=100016f4 x12:1000170c
22567996ns          392115 1c008e60 01d00433 add              x8, x0, x29          x8=00000001 x29:00000001
22568016ns          392116 1c008e62 00100593 addi             x11, x0, 1          x11=00000001
22568035ns          392117 1c008d76 00062783 lw               x15, 0(x12)         x15=43c1ac8d x12:100016f4  PA:100016f4
22568055ns          392118 1c008d78 fff40e93 addi             x29, x8, -1         x29=00000000  x8:00000001
22568075ns          392119 1c008d7c a0e79553 flt.s            x10, f15, f14       x10=00000000 f15:43c1ac8d f14:00000000
22568095ns          392120 1c008d80 00050363 beq              x10, x0, 6          x10:00000000
22568175ns          392124 1c008d86 1c0008b7 lui              x17, 0x1c000000     x17=1c000000
22568195ns          392125 1c008d8a 02088893 addi             x17, x17, 32        x17=1c000020 x17:1c000000
22568214ns          392126 1c008d8e 0008a883 lw               x17, 0(x17)         x17=0d200000 x17:1c000020  PA:1c000020
22568533ns          392142 1c008d92 a1178553 fle.s            x10, f15, f17       x10=00000000 f15:43c1ac8d f17:0d200000
22568553ns          392143 1c008d96 0c051763 bne              x10, x0, 206        x10:00000000
22568573ns          392144 1c008d98 00032883 lw               x17, 0(x6)          x17=448c1ff0  x6:100016f0  PA:100016f0
22568612ns          392146 1c008d9c a0e895d3 flt.s            x11, f17, f14       x11=00000000 f17:448c1ff0 f14:00000000
22568632ns          392147 1c008da0 01100bb3 add              x23, x0, x17        x23=448c1ff0 x17:448c1ff0
22568652ns          392148 1c008da2 00058363 beq              x11, x0, 6          x11:00000000
22568712ns          392151 1c008da8 0006a503 lw               x10, 0(x13)         x10=443ff1b1 x13:10001708  PA:10001708
22568752ns          392153 1c008daa a0e515d3 flt.s            x11, f10, f14       x11=00000000 f10:443ff1b1 f14:00000000
22568771ns          392154 1c008dae 00a00e33 add              x28, x0, x10        x28=443ff1b1 x10:443ff1b1
22568791ns          392155 1c008db0 00058363 beq              x11, x0, 6          x11:00000000
22568871ns          392159 1c008db6 01cbfbd3 fadd.s           f23, f23, f28       f23=xxxxxxxx f23:448c1ff0 f28:443ff1b1
22568891ns          392160 1c008dba a0eba5d3 feq.s            x11, f23, f14       x11=00000000 f23:44ec18c8 f14:00000000
22568911ns          392161 1c008dbe 00058d63 beq              x11, x0, 26         x11:00000000
22568970ns          392164 1c008dd8 1c0004b7 lui              x9, 0x1c000000       x9=1c000000
22568990ns          392165 1c008ddc 02448493 addi             x9, x9, 36           x9=1c000024  x9:1c000000
22569010ns          392166 1c008de0 0004a483 lw               x9, 0(x9)            x9=34000000  x9:1c000024  PA:1c000024
22569328ns          392182 1c008de2 109bf5d3 fmul.s           f11, f23, f9        f11=xxxxxxxx f23:44ec18c8  f9:34000000
22569348ns          392183 1c008de6 a0b785d3 fle.s            x11, f15, f11       x11=00000000 f15:43c1ac8d f11:396c18c8
22569368ns          392184 1c008dea 06058863 beq              x11, x0, 112        x11:00000000
22569428ns          392187 1c008e5a fe868693 addi             x13, x13, -24       x13=100016f0 x13:10001708
22569448ns          392188 1c008e5c fe830313 addi             x6, x6, -24          x6=100016d8  x6:100016f0
22569468ns          392189 1c008e5e fe860613 addi             x12, x12, -24       x12=100016dc x12:100016f4
22569487ns          392190 1c008e60 01d00433 add              x8, x0, x29          x8=00000000 x29:00000000
22569507ns          392191 1c008e62 00100593 addi             x11, x0, 1          x11=00000001
22569527ns          392192 1c008e64 01a007b3 add              x15, x0, x26        x15=3ee12f2b x26:3ee12f2b
22569547ns          392193 1c008e66 00140e13 addi             x28, x8, 1          x28=00000001  x8:00000000
22569567ns          392194 1c008e6a 01c12e23 sw               x28, 28(x2)         x28:00000001  x2:100015f8  PA:10001614
22569587ns          392195 1c008e6c 00805e63 bge              x0, x8, 28           x8:00000000
22569686ns          392200 1c008e88 01c12383 lw               x7, 28(x2)           x7=00000001  x2:100015f8  PA:10001614
22569726ns          392202 1c008e8a 07b3cb63 blt              x7, x27, 118         x7:00000001 x27:00000004
22570243ns          392228 1c008f00 02412503 lw               x10, 36(x2)         x10=00000001  x2:100015f8  PA:1000161c
22570283ns          392230 1c008f02 4ea52ae3 p.beqimm         x10, 3316           x10:00000001
22570303ns          392231 1c008f06 05412283 lw               x5, 84(x2)           x5=1000173c  x2:100015f8  PA:1000164c
22570323ns          392232 1c008f08 03012303 lw               x6, 48(x2)           x6=10001750  x2:100015f8  PA:10001628
22570343ns          392233 1c008f0a 01400713 addi             x14, x0, 20         x14=00000014
22570363ns          392234 1c008f0c 0002ab03 lw               x22, 0(x5)          x22=3fadf756  x5:1000173c  PA:1000173c
22570383ns          392235 1c008f10 00032783 lw               x15, 0(x6)          x15=40ddd233  x6:10001750  PA:10001750
22570422ns          392237 1c008f14 58e50de3 beq              x10, x14, 3482      x10:00000001 x14:00000014
22570442ns          392238 1c008f18 03412503 lw               x10, 52(x2)         x10=10001738  x2:100015f8  PA:1000162c
22570462ns          392239 1c008f1a 05812c03 lw               x24, 88(x2)         x24=1000174c  x2:100015f8  PA:10001650
22570522ns          392242 1c008f1c 00052b83 lw               x23, 0(x10)         x23=41a52ba6 x10:10001738  PA:10001738
22570900ns          392261 1c008f20 000c2903 lw               x18, 0(x24)         x18=3fadf582 x24:1000174c  PA:1000174c
22570940ns          392263 1c008f24 00000713 addi             x14, x0, 0          x14=00000000
22570959ns          392264 1c008f28 a0eb9753 flt.s            x14, f23, f14       x14=00000000 f23:41a52ba6 f14:00000000
22570979ns          392265 1c008f2c 4a0711e3 bne              x14, x0, 3234       x14:00000000
22571039ns          392268 1c008f30 01700733 add              x14, x0, x23        x14=41a52ba6 x23:41a52ba6
22571079ns          392270 1c008f32 00000693 addi             x13, x0, 0          x13=00000000
22571099ns          392271 1c008f36 a0d916d3 flt.s            x13, f18, f13       x13=00000000 f18:3fadf582 f13:00000000
22571119ns          392272 1c008f3a 01200633 add              x12, x0, x18        x12=3fadf582 x18:3fadf582
22571138ns          392273 1c008f3c 00068363 beq              x13, x0, 6          x13:00000000
22571238ns          392278 1c008f42 00000693 addi             x13, x0, 0          x13=00000000
22571258ns          392279 1c008f46 a0db16d3 flt.s            x13, f22, f13       x13=00000000 f22:3fadf756 f13:00000000
22571278ns          392280 1c008f4a 00c77753 fadd.s           f14, f14, f12       f14=xxxxxxxx f14:41a52ba6 f12:3fadf582
22571298ns          392281 1c008f4e 01600633 add              x12, x0, x22        x12=3fadf756 x22:3fadf756
22571337ns          392283 1c008f50 00068363 beq              x13, x0, 6          x13:00000000
22571417ns          392287 1c008f56 00000693 addi             x13, x0, 0          x13=00000000
22571437ns          392288 1c008f5a a0d796d3 flt.s            x13, f15, f13       x13=00000000 f15:40ddd233 f13:00000000
22571496ns          392291 1c008f5e 00c77753 fadd.s           f14, f14, f12       f14=xxxxxxxx f14:41b00afe f12:3fadf756
22571536ns          392293 1c008f62 460692e3 bne              x13, x0, 3172       x13:00000000
22571556ns          392294 1c008f66 00f006b3 add              x13, x0, x15        x13=40ddd233 x15:40ddd233
22571576ns          392295 1c008f68 00d77c53 fadd.s           f24, f14, f13       f24=xxxxxxxx f14:41baea73 f13:40ddd233
22571596ns          392296 1c008f6c 00000613 addi             x12, x0, 0          x12=00000000
22571636ns          392298 1c008f70 a0cc2753 feq.s            x14, f24, f12       x14=00000000 f24:41f25f00 f12:00000000
22571675ns          392300 1c008f74 42071be3 bne              x14, x0, 3126       x14:00000000
22571695ns          392301 1c008f78 1c000737 lui              x14, 0x1c000000     x14=1c000000
22571715ns          392302 1c008f7c 04c72703 lw               x14, 76(x14)        x14=3f800000 x14:1c000000  PA:1c00004c
22572073ns          392320 1c008f80 19877753 fdiv.s           f14, f14, f24       f14=xxxxxxxx f14:3f800000 f24:41f25f00
22572352ns          392334 1c008f84 10f777d3 fmul.s           f15, f14, f15       f15=xxxxxxxx f14:3d073298 f15:40ddd233
22572372ns          392335 1c008f88 1c0006b7 lui              x13, 0x1c000000     x13=1c000000
22572392ns          392336 1c008f8c 0406a683 lw               x13, 64(x13)        x13=3f000000 x13:1c000000  PA:1c000040
22572710ns          392352 1c008f90 79777543 fmadd.s          f10, f14, f23, f15  f10=xxxxxxxx f14:3d073298 f23:41a52ba6 f15:3e6a4b5f
22572730ns          392353 1c008f94 116775d3 fmul.s           f11, f14, f22       f11=xxxxxxxx f14:3d073298 f22:3fadf756
22572750ns          392354 1c008f98 10e97953 fmul.s           f18, f18, f14       f18=xxxxxxxx f18:3fadf582 f14:3d073298
22572769ns          392355 1c008f9c 10d576d3 fmul.s           f13, f10, f13       f13=xxxxxxxx f10:3f69082a f13:3f000000
22572789ns          392356 1c008fa0 1125f5d3 fmul.s           f11, f11, f18       f11=xxxxxxxx f11:3d37bfa0 f18:3d37bdb2
22572809ns          392357 1c008fa4 69777747 fmsub.s          f14, f14, f23, f13  f14=xxxxxxxx f14:3d073298 f23:41a52ba6 f13:3ee9082a
22572829ns          392358 1c008fa8 08d7fbd3 fsub.s           f23, f15, f13       f23=xxxxxxxx f15:3e6a4b5f f13:3ee9082a
22572849ns          392359 1c008fac 59777bc7 fmsub.s          f23, f14, f23, f11  f23=xxxxxxxx f14:3e67c4f5 f23:be67c4f5 f11:3b03e224
22573267ns          392380 1c008fb0 a0cb9653 flt.s            x12, f23, f12       x12=00000001 f23:bd5a132c f12:00000000
22573307ns          392382 1c008fb4 01700b33 add              x22, x0, x23        x22=bd5a132c x23:bd5a132c
22573326ns          392383 1c008fb6 00060363 beq              x12, x0, 6          x12:00000001
22573346ns          392384 1c008fb8 217b9b53 fsgnjn.s         f22, f23, f23       f22=xxxxxxxx f23:bd5a132c f23:bd5a132c
22573366ns          392385 1c008fbc 00000713 addi             x14, x0, 0          x14=00000000
22573406ns          392387 1c008fc0 a1770653 fle.s            x12, f14, f23       x12=00000000 f14:00000000 f23:bd5a132c
22573446ns          392389 1c008fc4 580b7b53 fsqrt.s          f22, f22            f22=xxxxxxxx f22:3d5a132c
22573466ns          392390 1c008fc8 500609e3 beq              x12, x0, 3346       x12:00000000
22573744ns          392404 1c009cda 0166f5d3 fadd.s           f11, f13, f22       f11=xxxxxxxx f13:3ee9082a f22:3e6c471a
22573764ns          392405 1c009cde 0966f6d3 fsub.s           f13, f13, f22       f13=xxxxxxxx f13:3ee9082a f22:3e6c471a
22573784ns          392406 1c009ce2 08f5f653 fsub.s           f12, f11, f15       f12=xxxxxxxx f11:3f2f95dc f15:3e6a4b5f
22573804ns          392407 1c009ce6 a0e61753 flt.s            x14, f12, f14       x14=00000000 f12:3eea0608 f14:00000000
22573824ns          392408 1c009cea 00070363 beq              x14, x0, 6          x14:00000000
22573903ns          392412 1c009cf0 08f6f7d3 fsub.s           f15, f13, f15       f15=xxxxxxxx f13:3e65c93a f15:3e6a4b5f
22573923ns          392413 1c009cf4 00000713 addi             x14, x0, 0          x14=00000000
22573943ns          392414 1c009cf8 a0e79753 flt.s            x14, f15, f14       x14=00000001 f15:bb9044a0 f14:00000000
22573963ns          392415 1c009cfc 00070363 beq              x14, x0, 6          x14:00000001
22574023ns          392418 1c009cfe 20f797d3 fsgnjn.s         f15, f15, f15       f15=xxxxxxxx f15:bb9044a0 f15:bb9044a0
22574062ns          392420 1c009d02 a0f607d3 fle.s            x15, f12, f15       x15=00000000 f12:3eea0608 f15:3b9044a0
22574082ns          392421 1c009d06 02078c63 beq              x15, x0, 56         x15:00000000
22574699ns          392452 1c009d3e 10dc7cd3 fmul.s           f25, f24, f13       f25=xxxxxxxx f24:41f25f00 f13:3e65c93a
22574719ns          392453 1c009d42 fcbff06f jal              x0, -54            
22574759ns          392455 1c009d0c 00000a93 addi             x21, x0, 0          x21=00000000
22574778ns          392456 1c009d10 01500d33 add              x26, x0, x21        x26=00000000 x21:00000000
22574798ns          392457 1c009d12 ac6ff06f jal              x0, -3386          
22574878ns          392461 1c008fd8 02c12e03 lw               x28, 44(x2)         x28=00000003  x2:100015f8  PA:10001624
22574918ns          392463 1c008fda 3dc45fe3 bge              x8, x28, 3038        x8:00000000 x28:00000003
22575077ns          392471 1c008fde 00000793 addi             x15, x0, 0          x15=00000000
22575117ns          392473 1c008fe2 a0fa97d3 flt.s            x15, f21, f15       x15=00000000 f21:00000000 f15:00000000
22575136ns          392474 1c008fe6 3c078ce3 beq              x15, x0, 3032       x15:00000000
22575296ns          392482 1c009bbe 01500f33 add              x30, x0, x21        x30=00000000 x21:00000000
22575375ns          392486 1c009bc0 01c00eb3 add              x29, x0, x28        x29=00000003 x28:00000003
22575415ns          392488 1c009bc2 c2eff06f jal              x0, -3026          
22575455ns          392490 1c008ff0 1c000737 lui              x14, 0x1c000000     x14=1c000000
22575475ns          392491 1c008ff4 fffe8793 addi             x15, x29, -1        x15=00000002 x29:00000003
22575494ns          392492 1c008ff8 1c000337 lui              x6, 0x1c000000       x6=1c000000
22575514ns          392493 1c008ffc 01d00a33 add              x20, x0, x29        x20=00000003 x29:00000003
22575534ns          392494 1c008ffe 04c12883 lw               x17, 76(x2)         x17=10001734  x2:100015f8  PA:10001644
22575574ns          392496 1c009000 04812803 lw               x16, 72(x2)         x16=10001708  x2:100015f8  PA:10001640
22575614ns          392498 1c009002 00000513 addi             x10, x0, 0          x10=00000000
22575634ns          392499 1c009006 04c72f83 lw               x31, 76(x14)        x31=3f800000 x14:1c000000  PA:1c00004c
22576051ns          392520 1c00900a 02432283 lw               x5, 36(x6)           x5=34000000  x6:1c000000  PA:1c000024
22576390ns          392537 1c00900e 408e8eb3 sub              x29, x29, x8        x29=00000003 x29:00000003  x8:00000000
22576409ns          392538 1c009012 5287cce3 blt              x15, x8, 3384       x15:00000002  x8:00000000
22576429ns          392539 1c009016 800007b7 lui              x15, 0x80000000     x15=80000000
22576449ns          392540 1c00901a fff7c793 xori             x15, x15, -1        x15=7fffffff x15:80000000
22576787ns          392557 1c00901e 52f406e3 beq              x8, x15, 3372        x8:00000000 x15:7fffffff
22576827ns          392559 1c009022 08fec0fb lp.setup         0x1, x29, 0x8f      x29:00000003
22576847ns          392560 1c009026 01882583 lw               x11, 24(x16)        x11=440adc4d x16:10001708  PA:10001720
22576867ns          392561 1c00902a fffa0613 addi             x12, x20, -1        x12=00000002 x20:00000003
22577305ns          392583 1c00902e 0995f353 fsub.s           f6, f11, f25         f6=xxxxxxxx f11:440adc4d f25:40d98d7f
22577344ns          392585 1c009032 a0a317d3 flt.s            x15, f6, f10        x15=00000000  f6:44092932 f10:00000000
22577364ns          392586 1c009036 00600733 add              x14, x0, x6         x14=44092932  x6:44092932
22577384ns          392587 1c009038 00078363 beq              x15, x0, 6          x15:00000000
22577881ns          392612 1c00903e 01c82683 lw               x13, 28(x16)        x13=c0d83efb x16:10001708  PA:10001724
22577901ns          392613 1c009042 00ef7753 fadd.s           f14, f30, f14       f14=xxxxxxxx f30:00000000 f14:44092932
22577921ns          392614 1c009046 a0a697d3 flt.s            x15, f13, f10       x15=00000001 f13:c0d83efb f10:00000000
22577941ns          392615 1c00904a 22079fe3 bne              x15, x0, 2622       x15:00000001
22578975ns          392667 1c009a88 20d697d3 fsgnjn.s         f15, f13, f13       f15=xxxxxxxx f13:c0d83efb f13:c0d83efb
22579015ns          392669 1c009a8c dc4ff06f jal              x0, -2620          
22579115ns          392674 1c009050 00f77753 fadd.s           f14, f14, f15       f14=xxxxxxxx f14:44092932 f15:40d83efb
22579134ns          392675 1c009054 18eff753 fdiv.s           f14, f31, f14       f14=xxxxxxxx f31:3f800000 f14:440ad9b0
22579652ns          392701 1c009058 10e37e53 fmul.s           f28, f6, f14        f28=xxxxxxxx  f6:44092932 f14:3aebfebe
22579672ns          392702 1c00905c 10e6f3d3 fmul.s           f7, f13, f14         f7=xxxxxxxx f13:c0d83efb f14:3aebfebe
22579691ns          392703 1c009060 0008a783 lw               x15, 0(x17)         x15=c0d83f86 x17:10001734  PA:10001734
22579711ns          392704 1c009064 106e7353 fmul.s           f6, f28, f6          f6=xxxxxxxx f28:3f7ce29b  f6:44092932
22579731ns          392705 1c009068 0048ae03 lw               x28, 4(x17)         x28=41a52ba6 x17:10001734  PA:10001738
22579751ns          392706 1c00906c 11577753 fmul.s           f14, f14, f21       f14=xxxxxxxx f14:3aebfebe f21:00000000
22579791ns          392708 1c009070 30f3f7c3 fmadd.s          f15, f7, f15, f6    f15=xxxxxxxx  f7:bc4758ff f15:c0d83f86  f6:44077df7
22579831ns          392710 1c009074 01c5f6d3 fadd.s           f13, f11, f28       f13=xxxxxxxx f11:440adc4d f28:41a52ba6
22579851ns          392711 1c009078 0088a303 lw               x6, 8(x17)           x6=3fadf756 x17:10001734  PA:1000173c
22579870ns          392712 1c00907c 79a777cb fnmsub.s         f15, f14, f26, f15  f15=xxxxxxxx f14:00000000 f26:00000000 f15:4407833a
22579970ns          392717 1c009080 0996f6d3 fsub.s           f13, f13, f25       f13=xxxxxxxx f13:441005aa f25:40d98d7f
22580010ns          392719 1c009084 1063f353 fmul.s           f6, f7, f6           f6=xxxxxxxx  f7:bc4758ff  f6:3fadf756
22580030ns          392720 1c009088 a0a79753 flt.s            x14, f15, f10       x14=00000000 f15:4407833a f10:00000000
22580049ns          392721 1c00908c 0996f6d3 fsub.s           f13, f13, f25       f13=xxxxxxxx f13:440e528f f25:40d98d7f
22580109ns          392724 1c009090 1076f6d3 fmul.s           f13, f13, f7        f13=xxxxxxxx f13:440c9f74  f7:bc4758ff
22580149ns          392726 1c009094 00f003b3 add              x7, x0, x15          x7=4407833a x15:4407833a
22580169ns          392727 1c009096 00070363 beq              x14, x0, 6          x14:00000000
22580288ns          392733 1c00909c a0a69753 flt.s            x14, f13, f10       x14=00000001 f13:c0db01ac f10:00000000
22580308ns          392734 1c0090a0 00d00c33 add              x24, x0, x13        x24=c0db01ac x13:c0db01ac
22580328ns          392735 1c0090a2 00070363 beq              x14, x0, 6          x14:00000001
22580348ns          392736 1c0090a4 20d69c53 fsgnjn.s         f24, f13, f13       f24=xxxxxxxx f13:c0db01ac f13:c0db01ac
22580368ns          392737 1c0090a8 a0a31753 flt.s            x14, f6, f10        x14=00000001  f6:bc8777be f10:00000000
22580388ns          392738 1c0090ac 007c7c53 fadd.s           f24, f24, f7        f24=xxxxxxxx f24:40db01ac  f7:4407833a
22580427ns          392740 1c0090b0 1a071ae3 bne              x14, x0, 2484       x14:00000001
22580527ns          392745 1c009a64 20631753 fsgnjn.s         f14, f6, f6         f14=xxxxxxxx  f6:bc8777be  f6:bc8777be
22580567ns          392747 1c009a68 00ec7c53 fadd.s           f24, f24, f14       f24=xxxxxxxx f24:4409393d f14:3c8777be
22580587ns          392748 1c009a6c 1187fbd3 fmul.s           f23, f15, f24       f23=xxxxxxxx f15:4407833a f24:44093a4c
22581004ns          392769 1c009a70 1186fb53 fmul.s           f22, f13, f24       f22=xxxxxxxx f13:c0db01ac f24:44093a4c
22581044ns          392771 1c009a74 11837953 fmul.s           f18, f6, f24        f18=xxxxxxxx  f6:bc8777be f24:44093a4c
22581064ns          392772 1c009a78 e4861963 bne              x12, x8, -2478      x12:00000002  x8:00000000
22581203ns          392779 1c0090ca 00482683 lw               x13, 4(x16)         x13=4134985c x16:10001708  PA:1000170c
22581263ns          392782 1c0090ce a0a697d3 flt.s            x15, f13, f10       x15=00000000 f13:4134985c f10:00000000
22581283ns          392783 1c0090d2 00078363 beq              x15, x0, 6          x15:00000000
22581342ns          392786 1c0090d8 a0ab17d3 flt.s            x15, f22, f10       x15=00000001 f22:c56acb89 f10:00000000
22581362ns          392787 1c0090dc 01600333 add              x6, x0, x22          x6=c56acb89 x22:c56acb89
22581382ns          392788 1c0090de 00078363 beq              x15, x0, 6          x15:00000001
22581442ns          392791 1c0090e0 216b1353 fsgnjn.s         f6, f22, f22         f6=xxxxxxxx f22:c56acb89 f22:c56acb89
22581482ns          392793 1c0090e4 a0a917d3 flt.s            x15, f18, f10       x15=00000001 f18:c1113bdc f10:00000000
22581501ns          392794 1c0090e8 01200733 add              x14, x0, x18        x14=c1113bdc x18:c1113bdc
22581521ns          392795 1c0090ea 00078363 beq              x15, x0, 6          x15:00000001
22581541ns          392796 1c0090ec 21291753 fsgnjn.s         f14, f18, f18       f14=xxxxxxxx f18:c1113bdc f18:c1113bdc
22581919ns          392815 1c0090f0 00677753 fadd.s           f14, f14, f6        f14=xxxxxxxx f14:41113bdc  f6:456acb89
22581959ns          392817 1c0090f4 a0ab97d3 flt.s            x15, f23, f10       x15=00000000 f23:4891482c f10:00000000
22581979ns          392818 1c0090f8 01700333 add              x6, x0, x23          x6=4891482c x23:4891482c
22581999ns          392819 1c0090fa 10d776d3 fmul.s           f13, f14, f13       f13=xxxxxxxx f14:456b5cc5 f13:4134985c
22582019ns          392820 1c0090fe 00078363 beq              x15, x0, 6          x15:00000000
22582098ns          392824 1c009104 00082703 lw               x14, 0(x16)         x14=443ff1b1 x16:10001708  PA:10001708
22582118ns          392825 1c009108 10537353 fmul.s           f6, f6, f5           f6=xxxxxxxx  f6:4891482c  f5:34000000
22582138ns          392826 1c00910c a0a717d3 flt.s            x15, f14, f10       x15=00000000 f14:443ff1b1 f10:00000000
22582595ns          392849 1c009110 00078363 beq              x15, x0, 6          x15:00000000
22582675ns          392853 1c009116 a0a597d3 flt.s            x15, f11, f10       x15=00000000 f11:440adc4d f10:00000000
22582695ns          392854 1c00911a 00078363 beq              x15, x0, 6          x15:00000000
22582794ns          392859 1c009120 a0ae17d3 flt.s            x15, f28, f10       x15=00000000 f28:41a52ba6 f10:00000000
22582814ns          392860 1c009124 00e5f753 fadd.s           f14, f11, f14       f14=xxxxxxxx f11:440adc4d f14:443ff1b1
22582834ns          392861 1c009128 00078363 beq              x15, x0, 6          x15:00000000
22582973ns          392868 1c00912e 01c77753 fadd.s           f14, f14, f28       f14=xxxxxxxx f14:44a566ff f28:41a52ba6
22582993ns          392869 1c009132 10677753 fmul.s           f14, f14, f6        f14=xxxxxxxx f14:44a7fbae  f6:3d11482c
22583013ns          392870 1c009136 a0e68753 fle.s            x14, f13, f14       x14=00000000 f13:4726094e f14:423ea9d2
22583033ns          392871 1c00913a 00071463 bne              x14, x0, 8          x14:00000000
22583053ns          392872 1c00913c fe880813 addi             x16, x16, -24       x16=100016f0 x16:10001708
22583073ns          392873 1c00913e fe888893 addi             x17, x17, -24       x17=1000171c x17:10001734
22583491ns          392894 1c009140 00c00a33 add              x20, x0, x12        x20=00000002 x12:00000002
22583550ns          392897 1c009026 01882583 lw               x11, 24(x16)        x11=443ff1b1 x16:100016f0  PA:10001708
22583570ns          392898 1c00902a fffa0613 addi             x12, x20, -1        x12=00000001 x20:00000002
22583630ns          392901 1c00902e 0995f353 fsub.s           f6, f11, f25         f6=xxxxxxxx f11:443ff1b1 f25:40d98d7f
22583670ns          392903 1c009032 a0a317d3 flt.s            x15, f6, f10        x15=00000000  f6:443e3e96 f10:00000000
22583689ns          392904 1c009036 00600733 add              x14, x0, x6         x14=443e3e96  x6:443e3e96
22583709ns          392905 1c009038 00078363 beq              x15, x0, 6          x15:00000000
22583829ns          392911 1c00903e 01c82683 lw               x13, 28(x16)        x13=4134985c x16:100016f0  PA:1000170c
22583849ns          392912 1c009042 00ef7753 fadd.s           f14, f30, f14       f14=xxxxxxxx f30:00000000 f14:443e3e96
22583868ns          392913 1c009046 a0a697d3 flt.s            x15, f13, f10       x15=00000000 f13:4134985c f10:00000000
22583888ns          392914 1c00904a 22079fe3 bne              x15, x0, 2622       x15:00000000
22583908ns          392915 1c00904e 00d007b3 add              x15, x0, x13        x15=4134985c x13:4134985c
22583948ns          392917 1c009050 00f77753 fadd.s           f14, f14, f15       f14=xxxxxxxx f14:443e3e96 f15:4134985c
22583988ns          392919 1c009054 18eff753 fdiv.s           f14, f31, f14       f14=xxxxxxxx f31:3f800000 f14:444110f7
22584704ns          392955 1c009058 10e37e53 fmul.s           f28, f6, f14        f28=xxxxxxxx  f6:443e3e96 f14:3aa9b95f
22584724ns          392956 1c00905c 10e6f3d3 fmul.s           f7, f13, f14         f7=xxxxxxxx f13:4134985c f14:3aa9b95f
22584744ns          392957 1c009060 0008a783 lw               x15, 0(x17)         x15=41349892 x17:1000171c  PA:1000171c
22584764ns          392958 1c009064 106e7353 fmul.s           f6, f28, f6          f6=xxxxxxxx f28:3f7c4226  f6:443e3e96
22584783ns          392959 1c009068 0048ae03 lw               x28, 4(x17)         x28=440adc4d x17:1000171c  PA:10001720
22584803ns          392960 1c00906c 11577753 fmul.s           f14, f14, f21       f14=xxxxxxxx f14:3aa9b95f f21:00000000
22584843ns          392962 1c009070 30f3f7c3 fmadd.s          f15, f7, f15, f6    f15=xxxxxxxx  f7:3c6f76b4 f15:41349892  f6:443b76c4
22584883ns          392964 1c009074 01c5f6d3 fadd.s           f13, f11, f28       f13=xxxxxxxx f11:443ff1b1 f28:440adc4d
22584903ns          392965 1c009078 0088a303 lw               x6, 8(x17)           x6=c0d83efb x17:1000171c  PA:10001724
22584923ns          392966 1c00907c 79a777cb fnmsub.s         f15, f14, f26, f15  f15=xxxxxxxx f14:00000000 f26:00000000 f15:443b8153
22584943ns          392967 1c009080 0996f6d3 fsub.s           f13, f13, f25       f13=xxxxxxxx f13:44a566ff f25:40d98d7f
22584962ns          392968 1c009084 1063f353 fmul.s           f6, f7, f6           f6=xxxxxxxx  f7:3c6f76b4  f6:c0d83efb
22584982ns          392969 1c009088 a0a79753 flt.s            x14, f15, f10       x14=00000000 f15:443b8153 f10:00000000
22585002ns          392970 1c00908c 0996f6d3 fsub.s           f13, f13, f25       f13=xxxxxxxx f13:44a48d72 f25:40d98d7f
22585022ns          392971 1c009090 1076f6d3 fmul.s           f13, f13, f7        f13=xxxxxxxx f13:44a3b3e5  f7:3c6f76b4
22585042ns          392972 1c009094 00f003b3 add              x7, x0, x15          x7=443b8153 x15:443b8153
22585062ns          392973 1c009096 00070363 beq              x14, x0, 6          x14:00000000
22585122ns          392976 1c00909c a0a69753 flt.s            x14, f13, f10       x14=00000000 f13:419920db f10:00000000
22585141ns          392977 1c0090a0 00d00c33 add              x24, x0, x13        x24=419920db x13:419920db
22585161ns          392978 1c0090a2 00070363 beq              x14, x0, 6          x14:00000000
22585221ns          392981 1c0090a8 a0a31753 flt.s            x14, f6, f10        x14=00000001  f6:bdca4711 f10:00000000
22585241ns          392982 1c0090ac 007c7c53 fadd.s           f24, f24, f7        f24=xxxxxxxx f24:419920db  f7:443b8153
22585261ns          392983 1c0090b0 1a071ae3 bne              x14, x0, 2484       x14:00000001
22585321ns          392986 1c009a64 20631753 fsgnjn.s         f14, f6, f6         f14=xxxxxxxx  f6:bdca4711  f6:bdca4711
22585340ns          392987 1c009a68 00ec7c53 fadd.s           f24, f24, f14       f24=xxxxxxxx f24:44404a5a f14:3dca4711
22585360ns          392988 1c009a6c 1187fbd3 fmul.s           f23, f15, f24       f23=xxxxxxxx f15:443b8153 f24:444050ac
22585420ns          392991 1c009a70 1186fb53 fmul.s           f22, f13, f24       f22=xxxxxxxx f13:419920db f24:444050ac
22585460ns          392993 1c009a74 11837953 fmul.s           f18, f6, f24        f18=xxxxxxxx  f6:bdca4711 f24:444050ac
22585480ns          392994 1c009a78 e4861963 bne              x12, x8, -2478      x12:00000001  x8:00000000
22585679ns          393004 1c0090ca 00482683 lw               x13, 4(x16)         x13=43c1ac8d x16:100016f0  PA:100016f4
22585738ns          393007 1c0090ce a0a697d3 flt.s            x15, f13, f10       x15=00000000 f13:43c1ac8d f10:00000000
22585758ns          393008 1c0090d2 00078363 beq              x15, x0, 6          x15:00000000
22585818ns          393011 1c0090d8 a0ab17d3 flt.s            x15, f22, f10       x15=00000000 f22:466611cb f10:00000000
22585838ns          393012 1c0090dc 01600333 add              x6, x0, x22          x6=466611cb x22:466611cb
22585858ns          393013 1c0090de 00078363 beq              x15, x0, 6          x15:00000000
22585937ns          393017 1c0090e4 a0a917d3 flt.s            x15, f18, f10       x15=00000001 f18:c297f50b f10:00000000
22585957ns          393018 1c0090e8 01200733 add              x14, x0, x18        x14=c297f50b x18:c297f50b
22585977ns          393019 1c0090ea 00078363 beq              x15, x0, 6          x15:00000001
22585997ns          393020 1c0090ec 21291753 fsgnjn.s         f14, f18, f18       f14=xxxxxxxx f18:c297f50b f18:c297f50b
22586017ns          393021 1c0090f0 00677753 fadd.s           f14, f14, f6        f14=xxxxxxxx f14:4297f50b  f6:466611cb
22586037ns          393022 1c0090f4 a0ab97d3 flt.s            x15, f23, f10       x15=00000000 f23:490cdc15 f10:00000000
22586056ns          393023 1c0090f8 01700333 add              x6, x0, x23          x6=490cdc15 x23:490cdc15
22586076ns          393024 1c0090fa 10d776d3 fmul.s           f13, f14, f13       f13=xxxxxxxx f14:466741b5 f13:43c1ac8d
22586096ns          393025 1c0090fe 00078363 beq              x15, x0, 6          x15:00000000
22586156ns          393028 1c009104 00082703 lw               x14, 0(x16)         x14=448c1ff0 x16:100016f0  PA:100016f0
22586176ns          393029 1c009108 10537353 fmul.s           f6, f6, f5           f6=xxxxxxxx  f6:490cdc15  f5:34000000
22586196ns          393030 1c00910c a0a717d3 flt.s            x15, f14, f10       x15=00000000 f14:448c1ff0 f10:00000000
22586216ns          393031 1c009110 00078363 beq              x15, x0, 6          x15:00000000
22586295ns          393035 1c009116 a0a597d3 flt.s            x15, f11, f10       x15=00000000 f11:443ff1b1 f10:00000000
22586315ns          393036 1c00911a 00078363 beq              x15, x0, 6          x15:00000000
22586375ns          393039 1c009120 a0ae17d3 flt.s            x15, f28, f10       x15=00000000 f28:440adc4d f10:00000000
22586395ns          393040 1c009124 00e5f753 fadd.s           f14, f11, f14       f14=xxxxxxxx f11:443ff1b1 f14:448c1ff0
22586415ns          393041 1c009128 00078363 beq              x15, x0, 6          x15:00000000
22586554ns          393048 1c00912e 01c77753 fadd.s           f14, f14, f28       f14=xxxxxxxx f14:44ec18c8 f28:440adc4d
22586574ns          393049 1c009132 10677753 fmul.s           f14, f14, f6        f14=xxxxxxxx f14:4518c377  f6:3d8cdc15
22586594ns          393050 1c009136 a0e68753 fle.s            x14, f13, f14       x14=00000000 f13:4aaef469 f14:43281c73
22586613ns          393051 1c00913a 00071463 bne              x14, x0, 8          x14:00000000
22586633ns          393052 1c00913c fe880813 addi             x16, x16, -24       x16=100016d8 x16:100016f0
22586653ns          393053 1c00913e fe888893 addi             x17, x17, -24       x17=10001704 x17:1000171c
22586673ns          393054 1c009140 00c00a33 add              x20, x0, x12        x20=00000001 x12:00000001
22586733ns          393057 1c009026 01882583 lw               x11, 24(x16)        x11=448c1ff0 x16:100016d8  PA:100016f0
22586753ns          393058 1c00902a fffa0613 addi             x12, x20, -1        x12=00000000 x20:00000001
22586773ns          393059 1c00902e 0995f353 fsub.s           f6, f11, f25         f6=xxxxxxxx f11:448c1ff0 f25:40d98d7f
22586792ns          393060 1c009032 a0a317d3 flt.s            x15, f6, f10        x15=00000000  f6:448b4663 f10:00000000
22586812ns          393061 1c009036 00600733 add              x14, x0, x6         x14=448b4663  x6:448b4663
22586832ns          393062 1c009038 00078363 beq              x15, x0, 6          x15:00000000
22586912ns          393066 1c00903e 01c82683 lw               x13, 28(x16)        x13=43c1ac8d x16:100016d8  PA:100016f4
22586932ns          393067 1c009042 00ef7753 fadd.s           f14, f30, f14       f14=xxxxxxxx f30:00000000 f14:448b4663
22586952ns          393068 1c009046 a0a697d3 flt.s            x15, f13, f10       x15=00000000 f13:43c1ac8d f10:00000000
22586971ns          393069 1c00904a 22079fe3 bne              x15, x0, 2622       x15:00000000
22586991ns          393070 1c00904e 00d007b3 add              x15, x0, x13        x15=43c1ac8d x13:43c1ac8d
22587011ns          393071 1c009050 00f77753 fadd.s           f14, f14, f15       f14=xxxxxxxx f14:448b4663 f15:43c1ac8d
22587031ns          393072 1c009054 18eff753 fdiv.s           f14, f31, f14       f14=xxxxxxxx f31:3f800000 f14:44bbb186
22587310ns          393086 1c009058 10e37e53 fmul.s           f28, f6, f14        f28=xxxxxxxx  f6:448b4663 f14:3a2e9522
22587329ns          393087 1c00905c 10e6f3d3 fmul.s           f7, f13, f14         f7=xxxxxxxx f13:43c1ac8d f14:3a2e9522
22587349ns          393088 1c009060 0008a783 lw               x15, 0(x17)         x15=43c1ac91 x17:10001704  PA:10001704
22587369ns          393089 1c009064 106e7353 fmul.s           f6, f28, f6          f6=xxxxxxxx f28:3f3df5f4  f6:448b4663
22587389ns          393090 1c009068 0048ae03 lw               x28, 4(x17)         x28=443ff1b1 x17:10001704  PA:10001708
22587409ns          393091 1c00906c 11577753 fmul.s           f14, f14, f21       f14=xxxxxxxx f14:3a2e9522 f21:00000000
22587449ns          393093 1c009070 30f3f7c3 fmadd.s          f15, f7, f15, f6    f15=xxxxxxxx  f7:3e84141b f15:43c1ac91  f6:444eb18c
22587489ns          393095 1c009074 01c5f6d3 fadd.s           f13, f11, f28       f13=xxxxxxxx f11:448c1ff0 f28:443ff1b1
22587508ns          393096 1c009078 0088a303 lw               x6, 8(x17)           x6=4134985c x17:10001704  PA:1000170c
22587528ns          393097 1c00907c 79a777cb fnmsub.s         f15, f14, f26, f15  f15=xxxxxxxx f14:00000000 f26:00000000 f15:4467ac98
22587588ns          393100 1c009080 0996f6d3 fsub.s           f13, f13, f25       f13=xxxxxxxx f13:44ec18c8 f25:40d98d7f
22587628ns          393102 1c009084 1063f353 fmul.s           f6, f7, f6           f6=xxxxxxxx  f7:3e84141b  f6:4134985c
22587648ns          393103 1c009088 a0a79753 flt.s            x14, f15, f10       x14=00000000 f15:4467ac98 f10:00000000
22587668ns          393104 1c00908c 0996f6d3 fsub.s           f13, f13, f25       f13=xxxxxxxx f13:44eb3f3b f25:40d98d7f
22587688ns          393105 1c009090 1076f6d3 fmul.s           f13, f13, f7        f13=xxxxxxxx f13:44ea65ae  f7:3e84141b
22587707ns          393106 1c009094 00f003b3 add              x7, x0, x15          x7=4467ac98 x15:4467ac98
22587727ns          393107 1c009096 00070363 beq              x14, x0, 6          x14:00000000
22587787ns          393110 1c00909c a0a69753 flt.s            x14, f13, f10       x14=00000000 f13:43f1ddad f10:00000000
22587807ns          393111 1c0090a0 00d00c33 add              x24, x0, x13        x24=43f1ddad x13:43f1ddad
22587827ns          393112 1c0090a2 00070363 beq              x14, x0, 6          x14:00000000
22587886ns          393115 1c0090a8 a0a31753 flt.s            x14, f6, f10        x14=00000000  f6:403a597d f10:00000000
22587906ns          393116 1c0090ac 007c7c53 fadd.s           f24, f24, f7        f24=xxxxxxxx f24:43f1ddad  f7:4467ac98
22587926ns          393117 1c0090b0 1a071ae3 bne              x14, x0, 2484       x14:00000000
22587946ns          393118 1c0090b4 00600733 add              x14, x0, x6         x14=403a597d  x6:403a597d
22587966ns          393119 1c0090b6 00ec7c53 fadd.s           f24, f24, f14       f24=xxxxxxxx f24:44b04db7 f14:403a597d
22587986ns          393120 1c0090ba 1187fbd3 fmul.s           f23, f15, f24       f23=xxxxxxxx f15:4467ac98 f24:44b0aae4
22588006ns          393121 1c0090be 1186fb53 fmul.s           f22, f13, f24       f22=xxxxxxxx f13:43f1ddad f24:44b0aae4
22588026ns          393122 1c0090c2 11837953 fmul.s           f18, f6, f24        f18=xxxxxxxx  f6:403a597d f24:44b0aae4
22588046ns          393123 1c0090c6 1a860be3 beq              x12, x8, 2486       x12:00000000  x8:00000000
22588105ns          393126 1c009a7c 09212623 sw               x18, 140(x2)        x18:458099eb  x2:100015f8  PA:10001684
22588125ns          393127 1c009a7e 09712223 sw               x23, 132(x2)        x23:499fe14f  x2:100015f8  PA:1000167c
22588145ns          393128 1c009a80 09612423 sw               x22, 136(x2)        x22:4926e9dc  x2:100015f8  PA:10001680
22588165ns          393129 1c009a82 01c12a03 lw               x20, 28(x2)         x20=00000001  x2:100015f8  PA:10001614
22588185ns          393130 1c009a84 ecaff06f jal              x0, -2358          
22588344ns          393138 1c00914e 002a1813 slli             x16, x20, 0x2       x16=00000004 x20:00000001
22588384ns          393140 1c009152 400006b7 lui              x13, 0x40000000     x13=40000000
22588404ns          393141 1c009156 01812383 lw               x7, 24(x2)           x7=100016f0  x2:100015f8  PA:10001610
22588423ns          393142 1c009158 014807b3 add              x15, x16, x20       x15=00000005 x16:00000004 x20:00000001
22588443ns          393143 1c00915c ff568693 addi             x13, x13, -11       x13=3ffffff5 x13:40000000
22588463ns          393144 1c00915e 00f008b3 add              x17, x0, x15        x17=00000005 x15:00000005
22588483ns          393145 1c009160 014686b3 add              x13, x13, x20       x13=3ffffff6 x13:3ffffff5 x20:00000001
22588503ns          393146 1c009162 00279793 slli             x15, x15, 0x2       x15=00000014 x15:00000005
22588523ns          393147 1c009164 011686b3 add              x13, x13, x17       x13=3ffffffb x13:3ffffff6 x17:00000005
22588543ns          393148 1c009166 06038513 addi             x10, x7, 96         x10=10001750  x7:100016f0
22588563ns          393149 1c00916a 05012483 lw               x9, 80(x2)           x9=10001754  x2:100015f8  PA:10001648
22588583ns          393150 1c00916c fec78613 addi             x12, x15, -20       x12=00000000 x15:00000014
22588622ns          393152 1c009170 00269693 slli             x13, x13, 0x2       x13=ffffffec x13:3ffffffb
22588642ns          393153 1c009172 01050533 add              x10, x10, x16       x10=10001754 x10:10001750 x16:00000004
22588662ns          393154 1c009174 014005b3 add              x11, x0, x20        x11=00000001 x20:00000001
22588682ns          393155 1c009176 00f48733 add              x14, x9, x15        x14=10001768  x9:10001754 x15:00000014
22588702ns          393156 1c00917a 05812023 sw               x24, 64(x2)         x24:44b0aae4  x2:100015f8  PA:10001638
22588722ns          393157 1c00917c 05912223 sw               x25, 68(x2)         x25:40d98d7f  x2:100015f8  PA:1000163c
22588742ns          393158 1c00917e 007787b3 add              x15, x15, x7        x15=10001704 x15:00000014  x7:100016f0
22589159ns          393179 1c009180 01400cb3 add              x25, x0, x20        x25=00000001 x20:00000001
22589179ns          393180 1c009182 007686b3 add              x13, x13, x7        x13=100016dc x13:ffffffec  x7:100016f0
22589199ns          393181 1c009184 00c38fb3 add              x31, x7, x12        x31=100016f0  x7:100016f0 x12:00000000
22589219ns          393182 1c009188 01100c33 add              x24, x0, x17        x24=00000005 x17:00000005
22589239ns          393183 1c00918a 00a00a33 add              x20, x0, x10        x20=10001754 x10:10001754
22589259ns          393184 1c00918c 0bb587e3 beq              x11, x27, 2222      x11:00000001 x27:00000004
22589299ns          393186 1c009190 16bccbe3 blt              x25, x11, 2422      x25:00000001 x11:00000001
22589338ns          393188 1c009194 08412503 lw               x10, 132(x2)        x10=499fe14f  x2:100015f8  PA:1000167c
22589358ns          393189 1c009196 08812803 lw               x16, 136(x2)        x16=4926e9dc  x2:100015f8  PA:10001680
22589378ns          393190 1c009198 00000613 addi             x12, x0, 0          x12=00000000
22589398ns          393191 1c00919c a0c81653 flt.s            x12, f16, f12       x12=00000000 f16:4926e9dc f12:00000000
22589796ns          393211 1c0091a0 00060363 beq              x12, x0, 6          x12:00000000
22589875ns          393215 1c0091a6 1c000e37 lui              x28, 0x1c000000     x28=1c000000
22589895ns          393216 1c0091aa 01ce0e13 addi             x28, x28, 28        x28=1c00001c x28:1c000000
22590353ns          393239 1c0091ae 000e2e03 lw               x28, 0(x28)         x28=00800000 x28:1c00001c  PA:1c00001c
22590751ns          393259 1c0091b2 a10e1653 flt.s            x12, f28, f16       x12=00000001 f28:00800000 f16:4926e9dc
22590771ns          393260 1c0091b6 10061be3 bne              x12, x0, 2326       x12:00000001
22590930ns          393268 1c009acc 1c000337 lui              x6, 0x1c000000       x6=1c000000
22591009ns          393272 1c009ad0 01c30313 addi             x6, x6, 28           x6=1c00001c  x6:1c000000
22591049ns          393274 1c009ad4 00000893 addi             x17, x0, 0          x17=00000000
22591069ns          393275 1c009ad8 1c0003b7 lui              x7, 0x1c000000       x7=1c000000
22591089ns          393276 1c009adc 00032303 lw               x6, 0(x6)            x6=00800000  x6:1c00001c  PA:1c00001c
22591467ns          393295 1c009ae0 04c38393 addi             x7, x7, 76           x7=1c00004c  x7:1c000000
22591487ns          393296 1c009ae4 19037653 fdiv.s           f12, f6, f16        f12=xxxxxxxx  f6:00800000 f16:4926e9dc
22592183ns          393331 1c009ae8 111678d3 fmul.s           f17, f12, f17       f17=xxxxxxxx f12:0000000c f17:00000000
22592203ns          393332 1c009aec 0003a383 lw               x7, 0(x7)            x7=3f800000  x7:1c00004c  PA:1c00004c
22592521ns          393348 1c009af0 38c8f8c3 fmadd.s          f17, f17, f12, f7   f17=xxxxxxxx f17:00000000 f12:0000000c  f7:3f800000
22592541ns          393349 1c009af4 ed4ff06f jal              x0, -2348          
22592581ns          393351 1c0091c8 08c12603 lw               x12, 140(x2)        x12=458099eb  x2:100015f8  PA:10001684
22592601ns          393352 1c0091ca 00000313 addi             x6, x0, 0            x6=00000000
22592660ns          393355 1c0091ce a0661353 flt.s            x6, f12, f6          x6=00000000 f12:458099eb  f6:00000000
22592700ns          393357 1c0091d2 00030463 beq              x6, x0, 8            x6:00000000
22592780ns          393361 1c0091da a0c81353 flt.s            x6, f16, f12         x6=00000000 f16:4926e9dc f12:458099eb
22592839ns          393364 1c0091de 10030de3 beq              x6, x0, 2330         x6:00000000
22592899ns          393367 1c009af8 19067653 fdiv.s           f12, f12, f16       f12=xxxxxxxx f12:458099eb f16:4926e9dc
22593297ns          393387 1c009afc 88c678c3 fmadd.s          f17, f12, f12, f17  f17=xxxxxxxx f12:3bc53d48 f12:3bc53d48 f17:3f800000
22593317ns          393388 1c009b00 01000633 add              x12, x0, x16        x12=4926e9dc x16:4926e9dc
22593336ns          393389 1c009b02 ef8ff06f jal              x0, -2312          
22593456ns          393395 1c0091fa 5808f853 fsqrt.s          f16, f17            f16=xxxxxxxx f17:3f800130
22594411ns          393443 1c0091fe 10c87653 fmul.s           f12, f16, f12       f12=xxxxxxxx f16:3f800098 f12:4926e9dc
22594430ns          393444 1c009202 00300893 addi             x17, x0, 3          x17=00000003
22594450ns          393445 1c009204 00200e93 addi             x29, x0, 2          x29=00000002
22594470ns          393446 1c009206 00000813 addi             x16, x0, 0          x16=00000000
22594490ns          393447 1c00920a a1062353 feq.s            x6, f12, f16         x6=00000000 f12:4926eaa2 f16:00000000
22594530ns          393449 1c00920e 040318e3 bne              x6, x0, 2128         x6:00000000
22594570ns          393451 1c009212 a1051853 flt.s            x16, f10, f16       x16=00000000 f10:499fe14f f16:00000000
22594590ns          393452 1c009216 180812e3 bne              x16, x0, 2436       x16:00000000
22594609ns          393453 1c00921a 00a00833 add              x16, x0, x10        x16=499fe14f x10:499fe14f
22594629ns          393454 1c00921c 00000313 addi             x6, x0, 0            x6=00000000
22594669ns          393456 1c009220 a0661353 flt.s            x6, f12, f6          x6=00000000 f12:4926eaa2  f6:00000000
22594709ns          393458 1c009224 00030463 beq              x6, x0, 8            x6:00000000
22594769ns          393461 1c00922c a0c81353 flt.s            x6, f16, f12         x6=00000000 f16:499fe14f f12:4926eaa2
22594828ns          393464 1c009230 12031ce3 bne              x6, x0, 2360         x6:00000000
22594868ns          393466 1c009234 a1061353 flt.s            x6, f12, f16         x6=00000001 f12:4926eaa2 f16:499fe14f
22594888ns          393467 1c009238 18031fe3 bne              x6, x0, 2462         x6:00000001
22595087ns          393477 1c009bd6 1c000337 lui              x6, 0x1c000000       x6=1c000000
22595107ns          393478 1c009bda 04c30313 addi             x6, x6, 76           x6=1c00004c  x6:1c000000
22595166ns          393481 1c009bde 00032303 lw               x6, 0(x6)            x6=3f800000  x6:1c00004c  PA:1c00004c
22595524ns          393499 1c009be2 19067653 fdiv.s           f12, f12, f16       f12=xxxxxxxx f12:4926eaa2 f16:499fe14f
22596897ns          393568 1c009be6 30c67643 fmadd.s          f12, f12, f12, f6   f12=xxxxxxxx f12:3f05a224 f12:3f05a224  f6:3f800000
22596917ns          393569 1c009bea 58067653 fsqrt.s          f12, f12            f12=xxxxxxxx f12:3fa2e0f0
22597195ns          393583 1c009bee 10c87653 fmul.s           f12, f16, f12       f12=xxxxxxxx f16:499fe14f f12:3f9063d6
22597215ns          393584 1c009bf2 e62ff06f jal              x0, -2462          
22597295ns          393588 1c009254 00000813 addi             x16, x0, 0          x16=00000000
22597335ns          393590 1c009258 a0a80853 fle.s            x16, f16, f10       x16=00000001 f16:00000000 f10:499fe14f
22597354ns          393591 1c00925c 00080463 beq              x16, x0, 8          x16:00000001
22597414ns          393594 1c009260 20c61653 fsgnjn.s         f12, f12, f12       f12=xxxxxxxx f12:49b45a2c f12:49b45a2c
22597454ns          393596 1c009264 00000813 addi             x16, x0, 0          x16=00000000
22597474ns          393597 1c009268 a1061853 flt.s            x16, f12, f16       x16=00000001 f12:c9b45a2c f16:00000000
22597494ns          393598 1c00926c 12081be3 bne              x16, x0, 2358       x16:00000001
22597673ns          393607 1c009ba2 20c61853 fsgnjn.s         f16, f12, f12       f16=xxxxxxxx f12:c9b45a2c f12:c9b45a2c
22597693ns          393608 1c009ba6 eccff06f jal              x0, -2356          
22597752ns          393611 1c009272 1c0004b7 lui              x9, 0x1c000000       x9=1c000000
22597772ns          393612 1c009276 03048493 addi             x9, x9, 48           x9=1c000030  x9:1c000000
22597792ns          393613 1c00927a 0004a483 lw               x9, 0(x9)            x9=0c000000  x9:1c000030  PA:1c000030
22598110ns          393629 1c00927c a0981853 flt.s            x16, f16, f9        x16=00000000 f16:49b45a2c  f9:0c000000
22598130ns          393630 1c009280 0a080ce3 beq              x16, x0, 2232       x16:00000000
22598230ns          393635 1c009b38 1c000337 lui              x6, 0x1c000000       x6=1c000000
22598269ns          393637 1c009b3c 04c32803 lw               x16, 76(x6)         x16=3f800000  x6:1c000000  PA:1c00004c
22598588ns          393653 1c009b40 08c57353 fsub.s           f6, f10, f12         f6=xxxxxxxx f10:499fe14f f12:c9b45a2c
22598608ns          393654 1c009b44 18687853 fdiv.s           f16, f16, f6        f16=xxxxxxxx f16:3f800000  f6:4a2a1dbe  PA:10001680
22599284ns          393688 1c009b48 08812303 lw               x6, 136(x2)          x6=xxxxxxxx  x2:100015f8
22599304ns          393689 1c009b4a 08a679d3 fsub.s           f19, f12, f10       f19=xxxxxxxx f12:c9b45a2c f10:499fe14f
22599562ns          393702 1c009b4e 11037353 fmul.s           f6, f6, f16          f6=xxxxxxxx  f6:4926e9dc f16:34c09f0e
22599582ns          393703 1c009b52 18c9f9d3 fdiv.s           f19, f19, f12       f19=xxxxxxxx f19:ca2a1dbe f12:c9b45a2c  PA:10001680
22599602ns          393704 1c009b56 08612423 sw               x6, 136(x2)          x6:3e7b2e33  x2:100015f8
22599622ns          393705 1c009b58 0038b663 p.bneimm         x17, 12             x17:00000003  PA:10001684
22599642ns          393706 1c009b5c 08c12503 lw               x10, 140(x2)        x10=xxxxxxxx  x2:100015f8
22599682ns          393708 1c009b5e 11057853 fmul.s           f16, f10, f16       f16=xxxxxxxx f10:458099eb f16:34c09f0e
22599881ns          393718 1c009b62 09012623 sw               x16, 140(x2)        x16:3ac186ae  x2:100015f8  PA:10001684
22599900ns          393719 1c009b64 00c00533 add              x10, x0, x12        x10=c9b45a2c x12:c9b45a2c
22599920ns          393720 1c009b66 87fff06f jal              x0, -1922          
22600000ns          393724 1c0093e4 08a12223 sw               x10, 132(x2)        x10:c9b45a2c  x2:100015f8  PA:1000167c
22600040ns          393726 1c0093e6 4cbcd763 bge              x25, x11, 1230      x25:00000001 x11:00000001
22600199ns          393734 1c0098b4 01c12383 lw               x7, 28(x2)           x7=00000001  x2:100015f8  PA:10001614
22600239ns          393736 1c0098b6 b593d1e3 bge              x7, x25, -1214       x7:00000001 x25:00000001
22600358ns          393742 1c0093f8 08812b83 lw               x23, 136(x2)        x23=3e7b2e33  x2:100015f8  PA:10001680
22600398ns          393744 1c0093fa 1179fb53 fmul.s           f22, f19, f23       f22=xxxxxxxx f19:3ff17872 f23:3e7b2e33
22600437ns          393746 1c0093fe 4c38bd63 p.bneimm         x17, 1242           x17:00000003
22600477ns          393748 1c009402 01468313 addi             x6, x13, 20          x6=100016f0 x13:100016dc
22600497ns          393749 1c009406 406a08b3 sub              x17, x20, x6        x17=00000064 x20:10001754  x6:100016f0
22600517ns          393750 1c00940a 08c12d03 lw               x26, 140(x2)        x26=3ac186ae  x2:100015f8  PA:10001684
22600537ns          393751 1c00940c fec88893 addi             x17, x17, -20       x17=00000050 x17:00000064
22600696ns          393759 1c00940e 0cccd637 lui              x12, 0xcccd000      x12=0cccd000
22600736ns          393761 1c009412 0028d893 srli             x17, x17, 0x2       x17=00000014 x17:00000050
22600756ns          393762 1c009416 ccd60613 addi             x12, x12, -819      x12=0ccccccd x12:0cccd000
22600776ns          393763 1c00941a 02c888b3 mul              x17, x17, x12       x17=00000004 x17:00000014 x12:0ccccccd
22601193ns          393784 1c00941e 113d7ad3 fmul.s           f21, f26, f19       f21=xxxxxxxx f26:3ac186ae f19:3ff17872
22601213ns          393785 1c009422 01868693 addi             x13, x13, 24        x13=100016f4 x13:100016dc
22601233ns          393786 1c009424 c3e8b8b3 p.bclr           x17, x17, 1, 30     x17=00000004 x17:00000004
22601253ns          393787 1c009428 02d12423 sw               x13, 40(x2)         x13:100016f4  x2:100015f8  PA:10001620
22601273ns          393788 1c00942a 00d00533 add              x10, x0, x13        x10=100016f4 x13:100016f4
22601293ns          393789 1c00942c 00188893 addi             x17, x17, 1         x17=00000005 x17:00000004
22601333ns          393791 1c00942e 0168c0fb lp.setup         0x1, x17, 0x16      x17:00000005
22601352ns          393792 1c009432 00052603 lw               x12, 0(x10)         x12=43c1ac8d x10:100016f4  PA:100016f4
22601372ns          393793 1c009434 00032803 lw               x16, 0(x6)          x16=448c1ff0  x6:100016f0  PA:100016f0
22601392ns          393794 1c009438 00452e03 lw               x28, 4(x10)         x28=00000000 x10:100016f4  PA:100016f8
22601412ns          393795 1c00943c 817676c3 fmadd.s          f13, f12, f23, f16  f13=xxxxxxxx f12:43c1ac8d f23:3e7b2e33 f16:448c1ff0
22601472ns          393798 1c009440 01450513 addi             x10, x10, 20        x10=10001708 x10:100016f4
22601512ns          393800 1c009442 69cd76c3 fmadd.s          f13, f26, f28, f13  f13=xxxxxxxx f26:3ac186ae f28:00000000 f13:44980062
22601531ns          393801 1c009446 8136f84b fnmsub.s         f16, f13, f19, f16  f16=xxxxxxxx f13:44980062 f19:3ff17872 f16:448c1ff0
22601551ns          393802 1c00944a 6166f64b fnmsub.s         f12, f13, f22, f12  f12=xxxxxxxx f13:44980062 f22:3eececac f12:43c1ac8d
22602029ns          393826 1c00944e e0daf6cb fnmsub.s         f13, f21, f13, f28  f13=xxxxxxxx f21:3b368ad7 f13:44980062 f28:00000000
22602069ns          393828 1c009452 01032a2b p.sw             x16, 20(x6!)         x6=10001704 x16:c4929fd0  x6:100016f0  PA:100016f0
22602088ns          393829 1c009456 fec52623 sw               x12, -20(x10)       x12:c32f5a69 x10:10001708  PA:100016f4
22602108ns          393830 1c00945a fed52823 sw               x13, -16(x10)       x13:c058c56b x10:10001708  PA:100016f8
22602128ns          393831 1c009432 00052603 lw               x12, 0(x10)         x12=443ff1b1 x10:10001708  PA:10001708
22602148ns          393832 1c009434 00032803 lw               x16, 0(x6)          x16=43c1ac91  x6:10001704  PA:10001704
22602168ns          393833 1c009438 00452e03 lw               x28, 4(x10)         x28=4134985c x10:10001708  PA:1000170c
22602188ns          393834 1c00943c 817676c3 fmadd.s          f13, f12, f23, f16  f13=xxxxxxxx f12:443ff1b1 f23:3e7b2e33 f16:43c1ac91
22602208ns          393835 1c009440 01450513 addi             x10, x10, 20        x10=1000171c x10:10001708
22602228ns          393836 1c009442 69cd76c3 fmadd.s          f13, f26, f28, f13  f13=xxxxxxxx f26:3ac186ae f28:4134985c f13:440feb70
22602248ns          393837 1c009446 8136f84b fnmsub.s         f16, f13, f19, f16  f16=xxxxxxxx f13:440fec81 f19:3ff17872 f16:43c1ac91
22602267ns          393838 1c00944a 6166f64b fnmsub.s         f12, f13, f22, f12  f12=xxxxxxxx f13:440fec81 f22:3eececac f12:443ff1b1
22602287ns          393839 1c00944e e0daf6cb fnmsub.s         f13, f21, f13, f28  f13=xxxxxxxx f21:3b368ad7 f13:440fec81 f28:4134985c
22602307ns          393840 1c009452 01032a2b p.sw             x16, 20(x6!)         x6=10001718 x16:c42eac70  x6:10001704  PA:10001704
22602327ns          393841 1c009456 fec52623 sw               x12, -20(x10)       x12:43fab04c x10:1000171c  PA:10001708
22602347ns          393842 1c00945a fed52823 sw               x13, -16(x10)       x13:411af04f x10:1000171c  PA:1000170c
22602367ns          393843 1c009432 00052603 lw               x12, 0(x10)         x12=41349892 x10:1000171c  PA:1000171c
22602387ns          393844 1c009434 00032803 lw               x16, 0(x6)          x16=b7016d79  x6:10001718  PA:10001718
22602407ns          393845 1c009438 00452e03 lw               x28, 4(x10)         x28=440adc4d x10:1000171c  PA:10001720
22602427ns          393846 1c00943c 817676c3 fmadd.s          f13, f12, f23, f16  f13=xxxxxxxx f12:41349892 f23:3e7b2e33 f16:b7016d79
22602446ns          393847 1c009440 01450513 addi             x10, x10, 20        x10=10001730 x10:1000171c
22602466ns          393848 1c009442 69cd76c3 fmadd.s          f13, f26, f28, f13  f13=xxxxxxxx f26:3ac186ae f28:440adc4d f13:4031320e
22602486ns          393849 1c009446 8136f84b fnmsub.s         f16, f13, f19, f16  f16=xxxxxxxx f13:4065aea0 f19:3ff17872 f16:b7016d79
22602506ns          393850 1c00944a 6166f64b fnmsub.s         f12, f13, f22, f12  f12=xxxxxxxx f13:4065aea0 f22:3eececac f12:41349892
22602526ns          393851 1c00944e e0daf6cb fnmsub.s         f13, f21, f13, f28  f13=xxxxxxxx f21:3b368ad7 f13:4065aea0 f28:440adc4d
22602546ns          393852 1c009452 01032a2b p.sw             x16, 20(x6!)         x6=1000172c x16:c0d8a585  x6:10001718  PA:10001718
22602566ns          393853 1c009456 fec52623 sw               x12, -20(x10)       x12:411a0668 x10:10001730  PA:1000171c
22602586ns          393854 1c00945a fed52823 sw               x13, -16(x10)       x13:440adba9 x10:10001730  PA:10001720
22602606ns          393855 1c009432 00052603 lw               x12, 0(x10)         x12=b69006a9 x10:10001730  PA:10001730
22602625ns          393856 1c009434 00032803 lw               x16, 0(x6)          x16=b89a79ef  x6:1000172c  PA:1000172c
22602645ns          393857 1c009438 00452e03 lw               x28, 4(x10)         x28=c0d83f86 x10:10001730  PA:10001734
22602665ns          393858 1c00943c 817676c3 fmadd.s          f13, f12, f23, f16  f13=xxxxxxxx f12:b69006a9 f23:3e7b2e33 f16:b89a79ef
22602685ns          393859 1c009440 01450513 addi             x10, x10, 20        x10=10001744 x10:10001730
22602705ns          393860 1c009442 69cd76c3 fmadd.s          f13, f26, f28, f13  f13=xxxxxxxx f26:3ac186ae f28:c0d83f86 f13:b89caf31
22602725ns          393861 1c009446 8136f84b fnmsub.s         f16, f13, f19, f16  f16=xxxxxxxx f13:bc24b307 f19:3ff17872 f16:b89a79ef
22602745ns          393862 1c00944a 6166f64b fnmsub.s         f12, f13, f22, f12  f12=xxxxxxxx f13:bc24b307 f22:3eececac f12:b69006a9
22602765ns          393863 1c00944e e0daf6cb fnmsub.s         f13, f21, f13, f28  f13=xxxxxxxx f21:3b368ad7 f13:bc24b307 f28:c0d83f86
22602785ns          393864 1c009452 01032a2b p.sw             x16, 20(x6!)         x6=10001740 x16:3c9abf8d  x6:1000172c  PA:1000172c
22602804ns          393865 1c009456 fec52623 sw               x12, -20(x10)       x12:3b98494c x10:10001744  PA:10001730
22602824ns          393866 1c00945a fed52823 sw               x13, -16(x10)       x13:c0d83f4b x10:10001744  PA:10001734
22602844ns          393867 1c009432 00052603 lw               x12, 0(x10)         x12=b7e81ab3 x10:10001744  PA:10001744
22602864ns          393868 1c009434 00032803 lw               x16, 0(x6)          x16=37846d0a  x6:10001740  PA:10001740
22602884ns          393869 1c009438 00452e03 lw               x28, 4(x10)         x28=36d1332f x10:10001744  PA:10001748
22602904ns          393870 1c00943c 817676c3 fmadd.s          f13, f12, f23, f16  f13=xxxxxxxx f12:b7e81ab3 f23:3e7b2e33 f16:37846d0a
22602924ns          393871 1c009440 01450513 addi             x10, x10, 20        x10=10001758 x10:10001744
22602944ns          393872 1c009442 69cd76c3 fmadd.s          f13, f26, f28, f13  f13=xxxxxxxx f26:3ac186ae f28:36d1332f f13:3716fc0c
22602964ns          393873 1c009446 8136f84b fnmsub.s         f16, f13, f19, f16  f16=xxxxxxxx f13:37172395 f19:3ff17872 f16:37846d0a
22602984ns          393874 1c00944a 6166f64b fnmsub.s         f12, f13, f22, f12  f12=xxxxxxxx f13:37172395 f22:3eececac f12:b7e81ab3
22603003ns          393875 1c00944e e0daf6cb fnmsub.s         f13, f21, f13, f28  f13=xxxxxxxx f21:3b368ad7 f13:37172395 f28:36d1332f
22603023ns          393876 1c009452 01032a2b p.sw             x16, 20(x6!)         x6=10001754 x16:b5a22914  x6:10001740  PA:10001740
22603043ns          393877 1c009456 fec52623 sw               x12, -20(x10)       x12:b805896a x10:10001758  PA:10001744
22603063ns          393878 1c00945a fed52823 sw               x13, -16(x10)       x13:36d05ba4 x10:10001758  PA:10001748
22603123ns          393881 1c00945e 00158513 addi             x10, x11, 1         x10=00000002 x11:00000001
22603143ns          393882 1c009462 02a12023 sw               x10, 32(x2)         x10:00000002  x2:100015f8  PA:10001618
22603163ns          393883 1c009464 73b55263 bge              x10, x27, 1828      x10:00000002 x27:00000004
22603182ns          393884 1c009468 00258593 addi             x11, x11, 2         x11=00000003 x11:00000001
22603202ns          393885 1c00946a ffbc0913 addi             x18, x24, -5        x18=00000000 x24:00000005
22603262ns          393888 1c00946e 005c0613 addi             x12, x24, 5         x12=0000000a x24:00000005
22603302ns          393890 1c009472 3005cb63 blt              x11, x0, 790        x11:00000003
22603322ns          393891 1c009476 00400513 addi             x10, x0, 4          x10=00000004
22603342ns          393892 1c009478 00000693 addi             x13, x0, 0          x13=00000000
22603361ns          393893 1c00947a 0cb55963 bge              x10, x11, 210       x10:00000004 x11:00000003
22603859ns          393918 1c00954c 01812803 lw               x16, 24(x2)         x16=100016f0  x2:100015f8  PA:10001610
22604316ns          393941 1c00954e 00d90333 add              x6, x18, x13         x6=00000000 x18:00000000 x13:00000000
22604356ns          393943 1c009552 00dc08b3 add              x17, x24, x13       x17=00000005 x24:00000005 x13:00000000
22604376ns          393944 1c009556 00231313 slli             x6, x6, 0x2          x6=00000000  x6:00000000
22604396ns          393945 1c009558 00289893 slli             x17, x17, 0x2       x17=00000014 x17:00000005
22604416ns          393946 1c00955a 01030333 add              x6, x6, x16          x6=100016f0  x6:00000000 x16:100016f0
22604436ns          393947 1c00955c 010888b3 add              x17, x17, x16       x17=10001704 x17:00000014 x16:100016f0
22604833ns          393967 1c00955e 00032e83 lw               x29, 0(x6)          x29=c4929fd0  x6:100016f0  PA:100016f0
22604873ns          393969 1c009562 0008a803 lw               x16, 0(x17)         x16=c42eac70 x17:10001704  PA:10001704
22604893ns          393970 1c009566 00d60e33 add              x28, x12, x13       x28=0000000a x12:0000000a x13:00000000
22604913ns          393971 1c00956a 01812283 lw               x5, 24(x2)           x5=100016f0  x2:100015f8  PA:10001610
22604933ns          393972 1c00956c 002e1e13 slli             x28, x28, 0x2       x28=00000028 x28:0000000a
22604953ns          393973 1c00956e 005e0e33 add              x28, x28, x5        x28=10001718 x28:00000028  x5:100016f0
22605370ns          393994 1c009570 e90bf843 fmadd.s          f16, f23, f16, f29  f16=xxxxxxxx f23:3e7b2e33 f16:c42eac70 f29:c4929fd0
22605410ns          393996 1c009574 000e2f03 lw               x30, 0(x28)         x30=c0d8a585 x28:10001718  PA:10001718
22605430ns          393997 1c009578 00168513 addi             x10, x13, 1         x10=00000001 x13:00000000
22605450ns          393998 1c00957c 81ed7843 fmadd.s          f16, f26, f30, f16  f16=xxxxxxxx f26:3ac186ae f30:c0d8a585 f16:c4a80c23
22605510ns          394001 1c009580 e909fecb fnmsub.s         f29, f19, f16, f29  f29=xxxxxxxx f19:3ff17872 f16:c4a80c75 f29:c4929fd0
22605549ns          394003 1c009584 01d32023 sw               x29, 0(x6)          x29:44aa65c6  x6:100016f0  PA:100016f0
22605569ns          394004 1c009588 0008a303 lw               x6, 0(x17)           x6=c42eac70 x17:10001704  PA:10001704
22605609ns          394006 1c00958c 310b734b fnmsub.s         f6, f22, f16, f6     f6=xxxxxxxx f22:3eececac f16:c4a80c75  f6:c42eac70
22606047ns          394028 1c009590 0068a023 sw               x6, 0(x17)           x6:c2992cbe x17:10001704  PA:10001704
22606086ns          394030 1c009594 000e2f03 lw               x30, 0(x28)         x30=c0d8a585 x28:10001718  PA:10001718
22606126ns          394032 1c009598 f10af84b fnmsub.s         f16, f21, f16, f30  f16=xxxxxxxx f21:3b368ad7 f16:c4a80c75 f30:c0d8a585
22606146ns          394033 1c00959c 010e2023 sw               x16, 0(x28)         x16:c041a30c x28:10001718  PA:10001718
22606186ns          394035 1c0095a0 1ea5c463 blt              x11, x10, 488       x11:00000003 x10:00000001
22606226ns          394037 1c0095a4 01250e33 add              x28, x10, x18       x28=00000001 x10:00000001 x18:00000000
22606246ns          394038 1c0095a8 01850333 add              x6, x10, x24         x6=00000006 x10:00000001 x24:00000005
22606265ns          394039 1c0095ac 002e1e13 slli             x28, x28, 0x2       x28=00000004 x28:00000001
22606285ns          394040 1c0095ae 00231313 slli             x6, x6, 0x2          x6=00000018  x6:00000006
22606325ns          394042 1c0095b0 00530333 add              x6, x6, x5           x6=10001708  x6:00000018  x5:100016f0
22606345ns          394043 1c0095b2 005e0e33 add              x28, x28, x5        x28=100016f4 x28:00000004  x5:100016f0
22606365ns          394044 1c0095b4 000e2e83 lw               x29, 0(x28)         x29=c32f5a69 x28:100016f4  PA:100016f4
22606385ns          394045 1c0095b8 00032883 lw               x17, 0(x6)          x17=43fab04c  x6:10001708  PA:10001708
22606405ns          394046 1c0095bc 00c50533 add              x10, x10, x12       x10=0000000b x10:00000001 x12:0000000a
22606425ns          394047 1c0095be 00251513 slli             x10, x10, 0x2       x10=0000002c x10:0000000b
22606464ns          394049 1c0095c0 00550533 add              x10, x10, x5        x10=1000171c x10:0000002c  x5:100016f0
22606504ns          394051 1c0095c2 e91bf8c3 fmadd.s          f17, f23, f17, f29  f17=xxxxxxxx f23:3e7b2e33 f17:43fab04c f29:c32f5a69
22606524ns          394052 1c0095c6 00052f03 lw               x30, 0(x10)         x30=411a0668 x10:1000171c  PA:1000171c
22606544ns          394053 1c0095ca 00268813 addi             x16, x13, 2         x16=00000002 x13:00000000
22606982ns          394075 1c0095ce 89ed78c3 fmadd.s          f17, f26, f30, f17  f17=xxxxxxxx f26:3ac186ae f30:411a0668 f17:c2517974
22607021ns          394077 1c0095d2 e919fecb fnmsub.s         f29, f19, f17, f29  f29=xxxxxxxx f19:3ff17872 f17:c2516ae6 f29:c32f5a69
22607041ns          394078 1c0095d6 01de2023 sw               x29, 0(x28)         x29:c2992ca8 x28:100016f4  PA:100016f4
22607061ns          394079 1c0095da 00032e03 lw               x28, 0(x6)          x28=43fab04c  x6:10001708  PA:10001708
22607121ns          394082 1c0095de e11b7e4b fnmsub.s         f28, f22, f17, f28  f28=xxxxxxxx f22:3eececac f17:c2516ae6 f28:43fab04c
22607161ns          394084 1c0095e2 01c32023 sw               x28, 0(x6)          x28:440366a7  x6:10001708  PA:10001708
22607180ns          394085 1c0095e6 00052f03 lw               x30, 0(x10)         x30=411a0668 x10:1000171c  PA:1000171c
22607220ns          394087 1c0095ea f11af8cb fnmsub.s         f17, f21, f17, f30  f17=xxxxxxxx f21:3b368ad7 f17:c2516ae6 f30:411a0668
22607638ns          394108 1c0095ee 01152023 sw               x17, 0(x10)         x17:411c5bb6 x10:1000171c  PA:1000171c
22607678ns          394110 1c0095f2 1905cb63 blt              x11, x16, 406       x11:00000003 x16:00000002
22607698ns          394111 1c0095f6 01280e33 add              x28, x16, x18       x28=00000002 x16:00000002 x18:00000000
22607718ns          394112 1c0095fa 01880333 add              x6, x16, x24         x6=00000007 x16:00000002 x24:00000005
22607737ns          394113 1c0095fe 002e1e13 slli             x28, x28, 0x2       x28=00000008 x28:00000002
22607777ns          394115 1c009600 00231313 slli             x6, x6, 0x2          x6=0000001c  x6:00000007
22607797ns          394116 1c009602 00530333 add              x6, x6, x5           x6=1000170c  x6:0000001c  x5:100016f0
22607817ns          394117 1c009604 005e0e33 add              x28, x28, x5        x28=100016f8 x28:00000008  x5:100016f0
22607837ns          394118 1c009606 000e2e83 lw               x29, 0(x28)         x29=c058c56b x28:100016f8  PA:100016f8
22607857ns          394119 1c00960a 00032883 lw               x17, 0(x6)          x17=411af04f  x6:1000170c  PA:1000170c
22607916ns          394122 1c00960e 00c80533 add              x10, x16, x12       x10=0000000c x16:00000002 x12:0000000a
22607936ns          394123 1c009612 00251513 slli             x10, x10, 0x2       x10=00000030 x10:0000000c
22607956ns          394124 1c009614 00550533 add              x10, x10, x5        x10=10001720 x10:00000030  x5:100016f0
22607976ns          394125 1c009616 e91bf8c3 fmadd.s          f17, f23, f17, f29  f17=xxxxxxxx f23:3e7b2e33 f17:411af04f f29:c058c56b
22607996ns          394126 1c00961a 00052f03 lw               x30, 0(x10)         x30=440adba9 x10:10001720  PA:10001720
22608056ns          394129 1c00961e 00368813 addi             x16, x13, 3         x16=00000003 x13:00000000
22608095ns          394131 1c009622 89ed78c3 fmadd.s          f17, f26, f30, f17  f17=xxxxxxxx f26:3ac186ae f30:440adba9 f17:bf817faf
22608115ns          394132 1c009626 e919fecb fnmsub.s         f29, f19, f17, f29  f29=xxxxxxxx f19:3ff17872 f17:be44383a f29:c058c56b
22608135ns          394133 1c00962a 01de2023 sw               x29, 0(x28)         x29:c041a2c3 x28:100016f8  PA:100016f8
22608573ns          394155 1c00962e 00032e03 lw               x28, 0(x6)          x28=411af04f  x6:1000170c  PA:1000170c
22608613ns          394157 1c009632 e11b7e4b fnmsub.s         f28, f22, f17, f28  f28=xxxxxxxx f22:3eececac f17:be44383a f28:411af04f
22608632ns          394158 1c009636 01c32023 sw               x28, 0(x6)          x28:411c5b81  x6:1000170c  PA:1000170c
22608652ns          394159 1c00963a 00052f03 lw               x30, 0(x10)         x30=440adba9 x10:10001720  PA:10001720
22609090ns          394181 1c00963e f11af8cb fnmsub.s         f17, f21, f17, f30  f17=xxxxxxxx f21:3b368ad7 f17:be44383a f30:440adba9
22609130ns          394183 1c009642 01152023 sw               x17, 0(x10)         x17:440adbb2 x10:10001720  PA:10001720
22609150ns          394184 1c009646 1505c163 blt              x11, x16, 322       x11:00000003 x16:00000003
22609170ns          394185 1c00964a 01280e33 add              x28, x16, x18       x28=00000003 x16:00000003 x18:00000000
22609229ns          394188 1c00964e 01880333 add              x6, x16, x24         x6=00000008 x16:00000003 x24:00000005
22609249ns          394189 1c009652 002e1e13 slli             x28, x28, 0x2       x28=0000000c x28:00000003
22609269ns          394190 1c009654 00231313 slli             x6, x6, 0x2          x6=00000020  x6:00000008
22609289ns          394191 1c009656 00530333 add              x6, x6, x5           x6=10001710  x6:00000020  x5:100016f0
22609309ns          394192 1c009658 005e0e33 add              x28, x28, x5        x28=100016fc x28:0000000c  x5:100016f0
22609329ns          394193 1c00965a 000e2e83 lw               x29, 0(x28)         x29=00000000 x28:100016fc  PA:100016fc
22609726ns          394213 1c00965e 00032883 lw               x17, 0(x6)          x17=00000000  x6:10001710  PA:10001710
22609766ns          394215 1c009662 00c80533 add              x10, x16, x12       x10=0000000d x16:00000003 x12:0000000a
22609786ns          394216 1c009666 00251513 slli             x10, x10, 0x2       x10=00000034 x10:0000000d
22609806ns          394217 1c009668 00550533 add              x10, x10, x5        x10=10001724 x10:00000034  x5:100016f0
22609826ns          394218 1c00966a e91bf8c3 fmadd.s          f17, f23, f17, f29  f17=xxxxxxxx f23:3e7b2e33 f17:00000000 f29:00000000
22609866ns          394220 1c00966e 00052f03 lw               x30, 0(x10)         x30=c0d83efb x10:10001724  PA:10001724
22609905ns          394222 1c009672 00468813 addi             x16, x13, 4         x16=00000004 x13:00000000
22609925ns          394223 1c009676 89ed78c3 fmadd.s          f17, f26, f30, f17  f17=xxxxxxxx f26:3ac186ae f30:c0d83efb f17:00000000
22609945ns          394224 1c00967a e919fecb fnmsub.s         f29, f19, f17, f29  f29=xxxxxxxx f19:3ff17872 f17:bc23793f f29:00000000
22610403ns          394247 1c00967e 01de2023 sw               x29, 0(x28)         x29:3c9a320e x28:100016fc  PA:100016fc
22610443ns          394249 1c009682 00032e03 lw               x28, 0(x6)          x28=00000000  x6:10001710  PA:10001710
22610482ns          394251 1c009686 e11b7e4b fnmsub.s         f28, f22, f17, f28  f28=xxxxxxxx f22:3eececac f17:bc23793f f28:00000000
22610502ns          394252 1c00968a 01c32023 sw               x28, 0(x6)          x28:3b974ae8  x6:10001710  PA:10001710
22610542ns          394254 1c00968e 00052f03 lw               x30, 0(x10)         x30=c0d83efb x10:10001724  PA:10001724
22610602ns          394257 1c009692 f11af8cb fnmsub.s         f17, f21, f17, f30  f17=xxxxxxxx f21:3b368ad7 f17:bc23793f f30:c0d83efb
22610622ns          394258 1c009696 01152023 sw               x17, 0(x10)         x17:c0d83ec1 x10:10001724  PA:10001724
22610641ns          394259 1c00969a 0f05c763 blt              x11, x16, 238       x11:00000003 x16:00000004
22610761ns          394265 1c009788 ff072383 lw               x7, -16(x14)         x7=3ef563b2 x14:10001768  PA:10001758
22610801ns          394267 1c00978c 00472283 lw               x5, 4(x14)           x5=3e1d2c15 x14:10001768  PA:1000176c
22610860ns          394270 1c009790 fec72483 lw               x9, -20(x14)         x9=bf252aba x14:10001768  PA:10001754
22610900ns          394272 1c009794 00072403 lw               x8, 0(x14)           x8=3f254d28 x14:10001768  PA:10001768
22610920ns          394273 1c009796 ffc72c03 lw               x24, -4(x14)        x24=befc86fc x14:10001768  PA:10001764
22610940ns          394274 1c00979a 01072883 lw               x17, 16(x14)        x17=bf2cadfe x14:10001768  PA:10001778
22610999ns          394277 1c00979e ff472f03 lw               x30, -12(x14)       x30=bd930a1a x14:10001768  PA:1000175c
22611039ns          394279 1c0097a2 00872e83 lw               x29, 8(x14)         x29=3e9d70b0 x14:10001768  PA:10001770
22611059ns          394280 1c0097a6 3972f543 fmadd.s          f10, f5, f23, f7    f10=xxxxxxxx  f5:3e1d2c15 f23:3e7b2e33  f7:3ef563b2
22611079ns          394281 1c0097aa 49747843 fmadd.s          f16, f8, f23, f9    f16=xxxxxxxx  f8:3f254d28 f23:3e7b2e33  f9:bf252aba
22611139ns          394284 1c0097ae c178f943 fmadd.s          f18, f17, f23, f24  f18=xxxxxxxx f17:bf2cadfe f23:3e7b2e33 f24:befc86fc
22611178ns          394286 1c0097b2 01872c03 lw               x24, 24(x14)        x24=bd225849 x14:10001768  PA:10001780
22611198ns          394287 1c0097b6 01472883 lw               x17, 20(x14)        x17=bcde0db3 x14:10001768  PA:1000177c
22611218ns          394288 1c0097ba ff872e03 lw               x28, -8(x14)        x28=3ea66457 x14:10001768  PA:10001760
22611278ns          394291 1c0097be 00c72303 lw               x6, 12(x14)          x6=3dcc55ad x14:10001768  PA:10001774
22611318ns          394293 1c0097c2 f17ef5c3 fmadd.s          f11, f29, f23, f30  f11=xxxxxxxx f29:3e9d70b0 f23:3e7b2e33 f30:bd930a1a
22611338ns          394294 1c0097c6 518d7543 fmadd.s          f10, f26, f24, f10  f10=xxxxxxxx f26:3ac186ae f24:bd225849 f10:3f045542
22611358ns          394295 1c0097ca 01c72c03 lw               x24, 28(x14)        x24=bf0fcf22 x14:10001768  PA:10001784
22611417ns          394298 1c0097ce 811d7843 fmadd.s          f16, f26, f17, f16  f16=xxxxxxxx f26:3ac186ae f17:bcde0db3 f16:bef93d36
22611457ns          394300 1c0097d2 e17376c3 fmadd.s          f13, f6, f23, f28   f13=xxxxxxxx  f6:3dcc55ad f23:3e7b2e33 f28:3ea66457
22611477ns          394301 1c0097d6 598d75c3 fmadd.s          f11, f26, f24, f11  f11=xxxxxxxx f26:3ac186ae f24:bf0fcf22 f11:3b6df986
22611497ns          394302 1c0097da 02072c03 lw               x24, 32(x14)        x24=bf394034 x14:10001768  PA:10001788
22611556ns          394305 1c0097de 4909f4cb fnmsub.s         f9, f19, f16, f9     f9=xxxxxxxx f19:3ff17872 f16:bef94275  f9:bf252aba
22611596ns          394307 1c0097e2 698d76c3 fmadd.s          f13, f26, f24, f13  f13=xxxxxxxx f26:3ac186ae f24:bf394034 f13:3eb2ec25
22611616ns          394308 1c0097e6 4168744b fnmsub.s         f8, f16, f22, f8     f8=xxxxxxxx f16:bef94275 f22:3eececac  f8:3f254d28
22611636ns          394309 1c0097ea 02472c03 lw               x24, 36(x14)        x24=becbd2ba x14:10001768  PA:1000178c
22611696ns          394312 1c0097ee 890af84b fnmsub.s         f16, f21, f16, f17  f16=xxxxxxxx f21:3b368ad7 f16:bef94275 f17:bcde0db3
22611735ns          394314 1c0097f2 01872883 lw               x17, 24(x14)        x17=bd225849 x14:10001768  PA:10001780
22611755ns          394315 1c0097f6 918d7943 fmadd.s          f18, f26, f24, f18  f18=xxxxxxxx f26:3ac186ae f24:becbd2ba f18:bf289eee
22611775ns          394316 1c0097fa 38a9f3cb fnmsub.s         f7, f19, f10, f7     f7=xxxxxxxx f19:3ff17872 f10:3f04516c  f7:3ef563b2
22611835ns          394319 1c0097fe 01c72c03 lw               x24, 28(x14)        x24=bf0fcf22 x14:10001768  PA:10001784
22611875ns          394321 1c009802 296572cb fnmsub.s         f5, f10, f22, f5     f5=xxxxxxxx f10:3f04516c f22:3eececac  f5:3e1d2c15
22611895ns          394322 1c009806 88aaf54b fnmsub.s         f10, f21, f10, f17  f10=xxxxxxxx f21:3b368ad7 f10:3f04516c f17:bd225849
22611914ns          394323 1c00980a 02072883 lw               x17, 32(x14)        x17=bf394034 x14:10001768  PA:10001788
22611974ns          394326 1c00980e f0b9ff4b fnmsub.s         f30, f19, f11, f30  f30=xxxxxxxx f19:3ff17872 f11:3b379e1e f30:bd930a1a
22612014ns          394328 1c009812 e965fecb fnmsub.s         f29, f11, f22, f29  f29=xxxxxxxx f11:3b379e1e f22:3eececac f29:3e9d70b0
22612034ns          394329 1c009816 e0d9fe4b fnmsub.s         f28, f19, f13, f28  f28=xxxxxxxx f19:3ff17872 f13:3eb2601a f28:3ea66457
22612054ns          394330 1c00981a c0baf5cb fnmsub.s         f11, f21, f11, f24  f11=xxxxxxxx f21:3b368ad7 f11:3b379e1e f24:bf0fcf22
22612113ns          394333 1c00981e 3166f34b fnmsub.s         f6, f13, f22, f6     f6=xxxxxxxx f13:3eb2601a f22:3eececac  f6:3dcc55ad
22612153ns          394335 1c009822 ffc72c03 lw               x24, -4(x14)        x24=befc86fc x14:10001768  PA:10001764
22612173ns          394336 1c009826 88daf6cb fnmsub.s         f13, f21, f13, f17  f13=xxxxxxxx f21:3b368ad7 f13:3eb2601a f17:bf394034
22612193ns          394337 1c00982a c129fc4b fnmsub.s         f24, f19, f18, f24  f24=xxxxxxxx f19:3ff17872 f18:bf28c573 f24:befc86fc
22612213ns          394338 1c00982e 00b72e23 sw               x11, 28(x14)        x11:bf0fcfa5 x14:10001768  PA:10001784
22612253ns          394340 1c009830 02d72023 sw               x13, 32(x14)        x13:bf397fcd x14:10001768  PA:10001788
22612272ns          394341 1c009832 01072683 lw               x13, 16(x14)        x13=bf2cadfe x14:10001768  PA:10001778
22612292ns          394342 1c009834 ff872e23 sw               x24, -4(x14)        x24:3f401f14 x14:10001768  PA:10001764
22612312ns          394343 1c009838 69697c4b fnmsub.s         f24, f18, f22, f13  f24=xxxxxxxx f18:bf28c573 f22:3eececac f13:bf2cadfe
22612332ns          394344 1c00983c 02472683 lw               x13, 36(x14)        x13=becbd2ba x14:10001768  PA:1000178c
22612392ns          394347 1c00983e fe972623 sw               x9, -20(x14)         x9:3e8be439 x14:10001768  PA:10001754
22612432ns          394349 1c009842 692af8cb fnmsub.s         f17, f21, f18, f13  f17=xxxxxxxx f21:3b368ad7 f18:bf28c573 f13:becbd2ba
22612452ns          394350 1c009846 00872023 sw               x8, 0(x14)           x8:3f5ef915 x14:10001768  PA:10001768
22612471ns          394351 1c009848 01072a23 sw               x16, 20(x14)        x16:bcd2f1ec x14:10001768  PA:1000177c
22612491ns          394352 1c00984c fe772823 sw               x7, -16(x14)         x7:befdd7ed x14:10001768  PA:10001758
22612531ns          394354 1c009850 00572223 sw               x5, 4(x14)           x5:bdaf7d64 x14:10001768  PA:1000176c
22612571ns          394356 1c009854 00a72c23 sw               x10, 24(x14)        x10:bd283de3 x14:10001768  PA:10001780
22612591ns          394357 1c009856 ffe72a23 sw               x30, -12(x14)       x30:bd9ddd3e x14:10001768  PA:1000175c
22612611ns          394358 1c00985a 01d72423 sw               x29, 8(x14)         x29:3e9cc6c0 x14:10001768  PA:10001770
22612670ns          394361 1c00985e ffc72c23 sw               x28, -8(x14)        x28:beaa1c73 x14:10001768  PA:10001760
22612690ns          394362 1c009862 02012583 lw               x11, 32(x2)         x11=00000002  x2:100015f8  PA:10001618
22612710ns          394363 1c009864 00672623 sw               x6, 12(x14)          x6:bd7baaa8 x14:10001768  PA:10001774
22612730ns          394364 1c009868 01872823 sw               x24, 16(x14)        x24:bebd29ef x14:10001768  PA:10001778
22612750ns          394365 1c00986c 03172223 sw               x17, 36(x14)        x17:becae20a x14:10001768  PA:1000178c
22613187ns          394387 1c009870 01470713 addi             x14, x14, 20        x14=1000177c x14:10001768
22613207ns          394388 1c009872 01478793 addi             x15, x15, 20        x15=10001718 x15:10001704
22613227ns          394389 1c009874 004a0a13 addi             x20, x20, 4         x20=10001758 x20:10001754
22613247ns          394390 1c009876 02812683 lw               x13, 40(x2)         x13=100016f4  x2:100015f8  PA:10001620
22613267ns          394391 1c009878 00c00c33 add              x24, x0, x12        x24=0000000a x12:0000000a
22613287ns          394392 1c00987a 014f8f93 addi             x31, x31, 20        x31=10001704 x31:100016f0
22613307ns          394393 1c00987c 90bdd8e3 bge              x27, x11, -1776     x27:00000004 x11:00000002
22613784ns          394417 1c00918c 0bb587e3 beq              x11, x27, 2222      x11:00000002 x27:00000004
22613864ns          394421 1c009190 16bccbe3 blt              x25, x11, 2422      x25:00000001 x11:00000002
22613963ns          394426 1c009b06 0006a503 lw               x10, 0(x13)         x10=c2992ca8 x13:100016f4  PA:100016f4
22614003ns          394428 1c009b08 0046a803 lw               x16, 4(x13)         x16=c041a2c3 x13:100016f4  PA:100016f8
22614023ns          394429 1c009b0c 0086a603 lw               x12, 8(x13)         x12=3c9a320e x13:100016f4  PA:100016fc
22614063ns          394431 1c009b0e 08a12223 sw               x10, 132(x2)        x10:c2992ca8  x2:100015f8  PA:1000167c
22614102ns          394433 1c009b10 09012423 sw               x16, 136(x2)        x16:c041a2c3  x2:100015f8  PA:10001680
22614122ns          394434 1c009b12 08c12623 sw               x12, 140(x2)        x12:3c9a320e  x2:100015f8  PA:10001684
22614142ns          394435 1c009b14 e82ff06f jal              x0, -2430          
22614182ns          394437 1c009196 08812803 lw               x16, 136(x2)        x16=c041a2c3  x2:100015f8  PA:10001680
22614202ns          394438 1c009198 00000613 addi             x12, x0, 0          x12=00000000
22614222ns          394439 1c00919c a0c81653 flt.s            x12, f16, f12       x12=00000001 f16:c041a2c3 f12:00000000
22614242ns          394440 1c0091a0 00060363 beq              x12, x0, 6          x12:00000001
22614262ns          394441 1c0091a2 21081853 fsgnjn.s         f16, f16, f16       f16=xxxxxxxx f16:c041a2c3 f16:c041a2c3
22614281ns          394442 1c0091a6 1c000e37 lui              x28, 0x1c000000     x28=1c000000
22614301ns          394443 1c0091aa 01ce0e13 addi             x28, x28, 28        x28=1c00001c x28:1c000000
22614381ns          394447 1c0091ae 000e2e03 lw               x28, 0(x28)         x28=00800000 x28:1c00001c  PA:1c00001c
22614719ns          394464 1c0091b2 a10e1653 flt.s            x12, f28, f16       x12=00000001 f28:00800000 f16:4041a2c3
22614739ns          394465 1c0091b6 10061be3 bne              x12, x0, 2326       x12:00000001
22614918ns          394474 1c009acc 1c000337 lui              x6, 0x1c000000       x6=1c000000
22614998ns          394478 1c009ad0 01c30313 addi             x6, x6, 28           x6=1c00001c  x6:1c000000
22615037ns          394480 1c009ad4 00000893 addi             x17, x0, 0          x17=00000000
22615057ns          394481 1c009ad8 1c0003b7 lui              x7, 0x1c000000       x7=1c000000
22615077ns          394482 1c009adc 00032303 lw               x6, 0(x6)            x6=00800000  x6:1c00001c  PA:1c00001c
22615415ns          394499 1c009ae0 04c38393 addi             x7, x7, 76           x7=1c00004c  x7:1c000000
22615435ns          394500 1c009ae4 19037653 fdiv.s           f12, f6, f16        f12=xxxxxxxx  f6:00800000 f16:4041a2c3
22616191ns          394538 1c009ae8 111678d3 fmul.s           f17, f12, f17       f17=xxxxxxxx f12:002a4e65 f17:00000000
22616211ns          394539 1c009aec 0003a383 lw               x7, 0(x7)            x7=3f800000  x7:1c00004c  PA:1c00004c
22616549ns          394556 1c009af0 38c8f8c3 fmadd.s          f17, f17, f12, f7   f17=xxxxxxxx f17:00000000 f12:002a4e65  f7:3f800000
22616569ns          394557 1c009af4 ed4ff06f jal              x0, -2348          
22616609ns          394559 1c0091c8 08c12603 lw               x12, 140(x2)        x12=3c9a320e  x2:100015f8  PA:10001684
22616629ns          394560 1c0091ca 00000313 addi             x6, x0, 0            x6=00000000
22616688ns          394563 1c0091ce a0661353 flt.s            x6, f12, f6          x6=00000000 f12:3c9a320e  f6:00000000
22616728ns          394565 1c0091d2 00030463 beq              x6, x0, 8            x6:00000000
22616808ns          394569 1c0091da a0c81353 flt.s            x6, f16, f12         x6=00000000 f16:4041a2c3 f12:3c9a320e
22616867ns          394572 1c0091de 10030de3 beq              x6, x0, 2330         x6:00000000
22616927ns          394575 1c009af8 19067653 fdiv.s           f12, f12, f16       f12=xxxxxxxx f12:3c9a320e f16:4041a2c3
22617305ns          394594 1c009afc 88c678c3 fmadd.s          f17, f12, f12, f17  f17=xxxxxxxx f12:3bcbdb73 f12:3bcbdb73 f17:3f800000
22617325ns          394595 1c009b00 01000633 add              x12, x0, x16        x12=4041a2c3 x16:4041a2c3
22617345ns          394596 1c009b02 ef8ff06f jal              x0, -2312          
22617603ns          394609 1c0091fa 5808f853 fsqrt.s          f16, f17            f16=xxxxxxxx f17:3f800145
22618419ns          394650 1c0091fe 10c87653 fmul.s           f12, f16, f12       f12=xxxxxxxx f16:3f8000a2 f12:4041a2c3
22618439ns          394651 1c009202 00300893 addi             x17, x0, 3          x17=00000003
22618459ns          394652 1c009204 00200e93 addi             x29, x0, 2          x29=00000002
22618478ns          394653 1c009206 00000813 addi             x16, x0, 0          x16=00000000
22618498ns          394654 1c00920a a1062353 feq.s            x6, f12, f16         x6=00000000 f12:4041a3b8 f16:00000000
22618538ns          394656 1c00920e 040318e3 bne              x6, x0, 2128         x6:00000000
22618578ns          394658 1c009212 a1051853 flt.s            x16, f10, f16       x16=00000001 f10:c2992ca8 f16:00000000
22618598ns          394659 1c009216 180812e3 bne              x16, x0, 2436       x16:00000001
22618797ns          394669 1c009b9a 20a51853 fsgnjn.s         f16, f10, f10       f16=xxxxxxxx f10:c2992ca8 f10:c2992ca8
22618856ns          394672 1c009b9e e7eff06f jal              x0, -2434          
22618896ns          394674 1c00921c 00000313 addi             x6, x0, 0            x6=00000000
22618916ns          394675 1c009220 a0661353 flt.s            x6, f12, f6          x6=00000000 f12:4041a3b8  f6:00000000
22618936ns          394676 1c009224 00030463 beq              x6, x0, 8            x6:00000000
22618996ns          394679 1c00922c a0c81353 flt.s            x6, f16, f12         x6=00000000 f16:42992ca8 f12:4041a3b8
22619055ns          394682 1c009230 12031ce3 bne              x6, x0, 2360         x6:00000000
22619095ns          394684 1c009234 a1061353 flt.s            x6, f12, f16         x6=00000001 f12:4041a3b8 f16:42992ca8
22619115ns          394685 1c009238 18031fe3 bne              x6, x0, 2462         x6:00000001
22619314ns          394695 1c009bd6 1c000337 lui              x6, 0x1c000000       x6=1c000000
22619334ns          394696 1c009bda 04c30313 addi             x6, x6, 76           x6=1c00004c  x6:1c000000
22619393ns          394699 1c009bde 00032303 lw               x6, 0(x6)            x6=3f800000  x6:1c00004c  PA:1c00004c
22619732ns          394716 1c009be2 19067653 fdiv.s           f12, f12, f16       f12=xxxxxxxx f12:4041a3b8 f16:42992ca8
22620467ns          394753 1c009be6 30c67643 fmadd.s          f12, f12, f12, f6   f12=xxxxxxxx f12:3d21d089 f12:3d21d089  f6:3f800000
22620487ns          394754 1c009bea 58067653 fsqrt.s          f12, f12            f12=xxxxxxxx f12:3f803324
22621581ns          394809 1c009bee 10c87653 fmul.s           f12, f16, f12       f12=xxxxxxxx f16:42992ca8 f12:3f80198f
22621601ns          394810 1c009bf2 e62ff06f jal              x0, -2462          
22621681ns          394814 1c009254 00000813 addi             x16, x0, 0          x16=00000000
22621721ns          394816 1c009258 a0a80853 fle.s            x16, f16, f10       x16=00000000 f16:00000000 f10:c2992ca8
22621740ns          394817 1c00925c 00080463 beq              x16, x0, 8          x16:00000000
22621840ns          394822 1c009264 00000813 addi             x16, x0, 0          x16=00000000
22621860ns          394823 1c009268 a1061853 flt.s            x16, f12, f16       x16=00000000 f12:42994b3e f16:00000000
22621880ns          394824 1c00926c 12081be3 bne              x16, x0, 2358       x16:00000000
22621939ns          394827 1c009270 00c00833 add              x16, x0, x12        x16=42994b3e x12:42994b3e
22621979ns          394829 1c009272 1c0004b7 lui              x9, 0x1c000000       x9=1c000000
22621999ns          394830 1c009276 03048493 addi             x9, x9, 48           x9=1c000030  x9:1c000000
22622019ns          394831 1c00927a 0004a483 lw               x9, 0(x9)            x9=0c000000  x9:1c000030  PA:1c000030
22622337ns          394847 1c00927c a0981853 flt.s            x16, f16, f9        x16=00000000 f16:42994b3e  f9:0c000000
22622357ns          394848 1c009280 0a080ce3 beq              x16, x0, 2232       x16:00000000
22622457ns          394853 1c009b38 1c000337 lui              x6, 0x1c000000       x6=1c000000
22622496ns          394855 1c009b3c 04c32803 lw               x16, 76(x6)         x16=3f800000  x6:1c000000  PA:1c00004c
22622815ns          394871 1c009b40 08c57353 fsub.s           f6, f10, f12         f6=xxxxxxxx f10:c2992ca8 f12:42994b3e
22622834ns          394872 1c009b44 18687853 fdiv.s           f16, f16, f6        f16=xxxxxxxx f16:3f800000  f6:c3193bf3  PA:10001680
22623013ns          394881 1c009b48 08812303 lw               x6, 136(x2)          x6=xxxxxxxx  x2:100015f8
22623033ns          394882 1c009b4a 08a679d3 fsub.s           f19, f12, f10       f19=xxxxxxxx f12:42994b3e f10:c2992ca8
22623292ns          394895 1c009b4e 11037353 fmul.s           f6, f6, f16          f6=xxxxxxxx  f6:c041a2c3 f16:bbd5d7b7
22623312ns          394896 1c009b52 18c9f9d3 fdiv.s           f19, f19, f12       f19=xxxxxxxx f19:43193bf3 f12:42994b3e  PA:10001680
22624127ns          394937 1c009b56 08612423 sw               x6, 136(x2)          x6:3ca1bf96  x2:100015f8
22624147ns          394938 1c009b58 0038b663 p.bneimm         x17, 12             x17:00000003  PA:10001684
22624167ns          394939 1c009b5c 08c12503 lw               x10, 140(x2)        x10=xxxxxxxx  x2:100015f8
22624207ns          394941 1c009b5e 11057853 fmul.s           f16, f10, f16       f16=xxxxxxxx f10:3c9a320e f16:bbd5d7b7
22624406ns          394951 1c009b62 09012623 sw               x16, 140(x2)        x16:b900cd94  x2:100015f8  PA:10001684
22624426ns          394952 1c009b64 00c00533 add              x10, x0, x12        x10=42994b3e x12:42994b3e
22624446ns          394953 1c009b66 87fff06f jal              x0, -1922          
22624525ns          394957 1c0093e4 08a12223 sw               x10, 132(x2)        x10:42994b3e  x2:100015f8  PA:1000167c
22624565ns          394959 1c0093e6 4cbcd763 bge              x25, x11, 1230      x25:00000001 x11:00000002
22624585ns          394960 1c0093ea 00a6a023 sw               x10, 0(x13)         x10:42994b3e x13:100016f4  PA:100016f4
22624605ns          394961 1c0093ec 0006a223 sw               x0, 4(x13)          x13:100016f4  PA:100016f8
22624645ns          394963 1c0093f0 01b5d463 bge              x11, x27, 8         x11:00000002 x27:00000004
22624684ns          394965 1c0093f4 0006a423 sw               x0, 8(x13)          x13:100016f4  PA:100016fc
22624704ns          394966 1c0093f8 08812b83 lw               x23, 136(x2)        x23=3ca1bf96  x2:100015f8  PA:10001680
22624744ns          394968 1c0093fa 1179fb53 fmul.s           f22, f19, f23       f22=xxxxxxxx f19:3fffe676 f23:3ca1bf96
22624784ns          394970 1c0093fe 4c38bd63 p.bneimm         x17, 1242           x17:00000003
22624824ns          394972 1c009402 01468313 addi             x6, x13, 20          x6=10001708 x13:100016f4
22624843ns          394973 1c009406 406a08b3 sub              x17, x20, x6        x17=00000050 x20:10001758  x6:10001708
22624863ns          394974 1c00940a 08c12d03 lw               x26, 140(x2)        x26=b900cd94  x2:100015f8  PA:10001684
22624883ns          394975 1c00940c fec88893 addi             x17, x17, -20       x17=0000003c x17:00000050
22624923ns          394977 1c00940e 0cccd637 lui              x12, 0xcccd000      x12=0cccd000
22624963ns          394979 1c009412 0028d893 srli             x17, x17, 0x2       x17=0000000f x17:0000003c
22624983ns          394980 1c009416 ccd60613 addi             x12, x12, -819      x12=0ccccccd x12:0cccd000
22625003ns          394981 1c00941a 02c888b3 mul              x17, x17, x12       x17=c0000003 x17:0000000f x12:0ccccccd
22625022ns          394982 1c00941e 113d7ad3 fmul.s           f21, f26, f19       f21=xxxxxxxx f26:b900cd94 f19:3fffe676
22625042ns          394983 1c009422 01868693 addi             x13, x13, 24        x13=1000170c x13:100016f4
22625062ns          394984 1c009424 c3e8b8b3 p.bclr           x17, x17, 1, 30     x17=00000003 x17:c0000003
22625082ns          394985 1c009428 02d12423 sw               x13, 40(x2)         x13:1000170c  x2:100015f8  PA:10001620
22625102ns          394986 1c00942a 00d00533 add              x10, x0, x13        x10=1000170c x13:1000170c
22625122ns          394987 1c00942c 00188893 addi             x17, x17, 1         x17=00000004 x17:00000003
22625142ns          394988 1c00942e 0168c0fb lp.setup         0x1, x17, 0x16      x17:00000004
22625162ns          394989 1c009432 00052603 lw               x12, 0(x10)         x12=411c5b81 x10:1000170c  PA:1000170c
22625182ns          394990 1c009434 00032803 lw               x16, 0(x6)          x16=440366a7  x6:10001708  PA:10001708
22625201ns          394991 1c009438 00452e03 lw               x28, 4(x10)         x28=3b974ae8 x10:1000170c  PA:10001710
22625221ns          394992 1c00943c 817676c3 fmadd.s          f13, f12, f23, f16  f13=xxxxxxxx f12:411c5b81 f23:3ca1bf96 f16:440366a7
22625281ns          394995 1c009440 01450513 addi             x10, x10, 20        x10=10001720 x10:1000170c
22625321ns          394997 1c009442 69cd76c3 fmadd.s          f13, f26, f28, f13  f13=xxxxxxxx f26:b900cd94 f28:3b974ae8 f13:44037300
22625341ns          394998 1c009446 8136f84b fnmsub.s         f16, f13, f19, f16  f16=xxxxxxxx f13:44037300 f19:3fffe676 f16:440366a7
22625361ns          394999 1c00944a 6166f64b fnmsub.s         f12, f13, f22, f12  f12=xxxxxxxx f13:44037300 f22:3d21af73 f12:411c5b81
22625420ns          395002 1c00944e e0daf6cb fnmsub.s         f13, f21, f13, f28  f13=xxxxxxxx f21:b980c0ba f13:44037300 f28:3b974ae8
22625460ns          395004 1c009452 01032a2b p.sw             x16, 20(x6!)         x6=1000171c x16:c403651f  x6:10001708  PA:10001708
22625480ns          395005 1c009456 fec52623 sw               x12, -20(x10)       x12:c12fba26 x10:10001720  PA:1000170c
22625520ns          395007 1c00945a fed52823 sw               x13, -16(x10)       x13:3e08f343 x10:10001720  PA:10001710
22625540ns          395008 1c009432 00052603 lw               x12, 0(x10)         x12=440adbb2 x10:10001720  PA:10001720
22625560ns          395009 1c009434 00032803 lw               x16, 0(x6)          x16=411c5bb6  x6:1000171c  PA:1000171c
22625579ns          395010 1c009438 00452e03 lw               x28, 4(x10)         x28=c0d83ec1 x10:10001720  PA:10001724
22625599ns          395011 1c00943c 817676c3 fmadd.s          f13, f12, f23, f16  f13=xxxxxxxx f12:440adbb2 f23:3ca1bf96 f16:411c5bb6
22625619ns          395012 1c009440 01450513 addi             x10, x10, 20        x10=10001734 x10:10001720
22625639ns          395013 1c009442 69cd76c3 fmadd.s          f13, f26, f28, f13  f13=xxxxxxxx f26:b900cd94 f28:c0d83ec1 f13:41a5e9f1
22625659ns          395014 1c009446 8136f84b fnmsub.s         f16, f13, f19, f16  f16=xxxxxxxx f13:41a5eba4 f19:3fffe676 f16:411c5bb6
22625679ns          395015 1c00944a 6166f64b fnmsub.s         f12, f13, f22, f12  f12=xxxxxxxx f13:41a5eba4 f22:3d21af73 f12:440adbb2
22625699ns          395016 1c00944e e0daf6cb fnmsub.s         f13, f21, f13, f28  f13=xxxxxxxx f21:b980c0ba f13:41a5eba4 f28:c0d83ec1
22625719ns          395017 1c009452 01032a2b p.sw             x16, 20(x6!)         x6=10001730 x16:c1fd8852  x6:1000171c  PA:1000171c
22625739ns          395018 1c009456 fec52623 sw               x12, -20(x10)       x12:440aa74d x10:10001734  PA:10001720
22625758ns          395019 1c00945a fed52823 sw               x13, -16(x10)       x13:c0d81508 x10:10001734  PA:10001724
22625838ns          395023 1c009432 00052603 lw               x12, 0(x10)         x12=c0d83f4b x10:10001734  PA:10001734
22625858ns          395024 1c009434 00032803 lw               x16, 0(x6)          x16=3b98494c  x6:10001730  PA:10001730
22625878ns          395025 1c009438 00452e03 lw               x28, 4(x10)         x28=41a52ba6 x10:10001734  PA:10001738
22625898ns          395026 1c00943c 817676c3 fmadd.s          f13, f12, f23, f16  f13=xxxxxxxx f12:c0d83f4b f23:3ca1bf96 f16:3b98494c
22625918ns          395027 1c009440 01450513 addi             x10, x10, 20        x10=10001748 x10:10001734
22625937ns          395028 1c009442 69cd76c3 fmadd.s          f13, f26, f28, f13  f13=xxxxxxxx f26:b900cd94 f28:41a52ba6 f13:be03df5a
22625957ns          395029 1c009446 8136f84b fnmsub.s         f16, f13, f19, f16  f16=xxxxxxxx f13:be06782e f19:3fffe676 f16:3b98494c
22625977ns          395030 1c00944a 6166f64b fnmsub.s         f12, f13, f22, f12  f12=xxxxxxxx f13:be06782e f22:3d21af73 f12:c0d83f4b
22625997ns          395031 1c00944e e0daf6cb fnmsub.s         f13, f21, f13, f28  f13=xxxxxxxx f21:b980c0ba f13:be06782e f28:41a52ba6
22626017ns          395032 1c009452 01032a2b p.sw             x16, 20(x6!)         x6=10001744 x16:3e88cbe9  x6:10001730  PA:10001730
22626037ns          395033 1c009456 fec52623 sw               x12, -20(x10)       x12:c0d814d4 x10:10001748  PA:10001734
22626057ns          395034 1c00945a fed52823 sw               x13, -16(x10)       x13:41a52b95 x10:10001748  PA:10001738
22626077ns          395035 1c009432 00052603 lw               x12, 0(x10)         x12=36d05ba4 x10:10001748  PA:10001748
22626097ns          395036 1c009434 00032803 lw               x16, 0(x6)          x16=b805896a  x6:10001744  PA:10001744
22626116ns          395037 1c009438 00452e03 lw               x28, 4(x10)         x28=3fadf582 x10:10001748  PA:1000174c
22626136ns          395038 1c00943c 817676c3 fmadd.s          f13, f12, f23, f16  f13=xxxxxxxx f12:36d05ba4 f23:3ca1bf96 f16:b805896a
22626156ns          395039 1c009440 01450513 addi             x10, x10, 20        x10=1000175c x10:10001748
22626176ns          395040 1c009442 69cd76c3 fmadd.s          f13, f26, f28, f13  f13=xxxxxxxx f26:b900cd94 f28:3fadf582 f13:b80505c4
22626196ns          395041 1c009446 8136f84b fnmsub.s         f16, f13, f19, f16  f16=xxxxxxxx f13:b9504e57 f19:3fffe676 f16:b805896a
22626216ns          395042 1c00944a 6166f64b fnmsub.s         f12, f13, f22, f12  f12=xxxxxxxx f13:b9504e57 f22:3d21af73 f12:36d05ba4
22626236ns          395043 1c00944e e0daf6cb fnmsub.s         f13, f21, f13, f28  f13=xxxxxxxx f21:b980c0ba f13:b9504e57 f28:3fadf582
22626256ns          395044 1c009452 01032a2b p.sw             x16, 20(x6!)         x6=10001758 x16:39bf8862  x6:10001744  PA:10001744
22626276ns          395045 1c009456 fec52623 sw               x12, -20(x10)       x12:376bbdda x10:1000175c  PA:10001748
22626295ns          395046 1c00945a fed52823 sw               x13, -16(x10)       x13:3fadf582 x10:1000175c  PA:1000174c
22626315ns          395047 1c00945e 00158513 addi             x10, x11, 1         x10=00000003 x11:00000002
22626335ns          395048 1c009462 02a12023 sw               x10, 32(x2)         x10:00000003  x2:100015f8  PA:10001618
22626375ns          395050 1c009464 73b55263 bge              x10, x27, 1828      x10:00000003 x27:00000004
22626395ns          395051 1c009468 00258593 addi             x11, x11, 2         x11=00000004 x11:00000002
22626415ns          395052 1c00946a ffbc0913 addi             x18, x24, -5        x18=00000005 x24:0000000a
22626455ns          395054 1c00946e 005c0613 addi             x12, x24, 5         x12=0000000f x24:0000000a
22626494ns          395056 1c009472 3005cb63 blt              x11, x0, 790        x11:00000004
22626514ns          395057 1c009476 00400513 addi             x10, x0, 4          x10=00000004
22626534ns          395058 1c009478 00000693 addi             x13, x0, 0          x13=00000000
22626554ns          395059 1c00947a 0cb55963 bge              x10, x11, 210       x10:00000004 x11:00000004
22626673ns          395065 1c00954c 01812803 lw               x16, 24(x2)         x16=100016f0  x2:100015f8  PA:10001610
22626753ns          395069 1c00954e 00d90333 add              x6, x18, x13         x6=00000005 x18:00000005 x13:00000000
22626793ns          395071 1c009552 00dc08b3 add              x17, x24, x13       x17=0000000a x24:0000000a x13:00000000
22626813ns          395072 1c009556 00231313 slli             x6, x6, 0x2          x6=00000014  x6:00000005
22626833ns          395073 1c009558 00289893 slli             x17, x17, 0x2       x17=00000028 x17:0000000a
22626852ns          395074 1c00955a 01030333 add              x6, x6, x16          x6=10001704  x6:00000014 x16:100016f0
22626872ns          395075 1c00955c 010888b3 add              x17, x17, x16       x17=10001718 x17:00000028 x16:100016f0
22626892ns          395076 1c00955e 00032e83 lw               x29, 0(x6)          x29=c2992cbe  x6:10001704  PA:10001704
22626932ns          395078 1c009562 0008a803 lw               x16, 0(x17)         x16=c041a30c x17:10001718  PA:10001718
22626952ns          395079 1c009566 00d60e33 add              x28, x12, x13       x28=0000000f x12:0000000f x13:00000000
22626972ns          395080 1c00956a 01812283 lw               x5, 24(x2)           x5=100016f0  x2:100015f8  PA:10001610
22626992ns          395081 1c00956c 002e1e13 slli             x28, x28, 0x2       x28=0000003c x28:0000000f
22627012ns          395082 1c00956e 005e0e33 add              x28, x28, x5        x28=1000172c x28:0000003c  x5:100016f0
22627031ns          395083 1c009570 e90bf843 fmadd.s          f16, f23, f16, f29  f16=xxxxxxxx f23:3ca1bf96 f16:c041a30c f29:c2992cbe
22627071ns          395085 1c009574 000e2f03 lw               x30, 0(x28)         x30=3c9abf8d x28:1000172c  PA:1000172c
22627091ns          395086 1c009578 00168513 addi             x10, x13, 1         x10=00000001 x13:00000000
22627111ns          395087 1c00957c 81ed7843 fmadd.s          f16, f26, f30, f16  f16=xxxxxxxx f26:b900cd94 f30:3c9abf8d f16:c2994b54
22627171ns          395090 1c009580 e909fecb fnmsub.s         f29, f19, f16, f29  f29=xxxxxxxx f19:3fffe676 f16:c2994b54 f29:c2992cbe
22627210ns          395092 1c009584 01d32023 sw               x29, 0(x6)          x29:42994b54  x6:10001704  PA:10001704
22627230ns          395093 1c009588 0008a303 lw               x6, 0(x17)           x6=c041a30c x17:10001718  PA:10001718
22627270ns          395095 1c00958c 310b734b fnmsub.s         f6, f22, f16, f6     f6=xxxxxxxx f22:3d21af73 f16:c2994b54  f6:c041a30c
22627310ns          395097 1c009590 0068a023 sw               x6, 0(x17)           x6:b73685ea x17:10001718  PA:10001718
22627350ns          395099 1c009594 000e2f03 lw               x30, 0(x28)         x30=3c9abf8d x28:1000172c  PA:1000172c
22627389ns          395101 1c009598 f10af84b fnmsub.s         f16, f21, f16, f30  f16=xxxxxxxx f21:b980c0ba f16:c2994b54 f30:3c9abf8d
22627409ns          395102 1c00959c 010e2023 sw               x16, 0(x28)         x16:388d6941 x28:1000172c  PA:1000172c
22627449ns          395104 1c0095a0 1ea5c463 blt              x11, x10, 488       x11:00000004 x10:00000001
22627489ns          395106 1c0095a4 01250e33 add              x28, x10, x18       x28=00000006 x10:00000001 x18:00000005
22627509ns          395107 1c0095a8 01850333 add              x6, x10, x24         x6=0000000b x10:00000001 x24:0000000a
22627529ns          395108 1c0095ac 002e1e13 slli             x28, x28, 0x2       x28=00000018 x28:00000006
22627549ns          395109 1c0095ae 00231313 slli             x6, x6, 0x2          x6=0000002c  x6:0000000b
22627588ns          395111 1c0095b0 00530333 add              x6, x6, x5           x6=1000171c  x6:0000002c  x5:100016f0
22627608ns          395112 1c0095b2 005e0e33 add              x28, x28, x5        x28=10001708 x28:00000018  x5:100016f0
22627628ns          395113 1c0095b4 000e2e83 lw               x29, 0(x28)         x29=c403651f x28:10001708  PA:10001708
22627648ns          395114 1c0095b8 00032883 lw               x17, 0(x6)          x17=c1fd8852  x6:1000171c  PA:1000171c
22627668ns          395115 1c0095bc 00c50533 add              x10, x10, x12       x10=00000010 x10:00000001 x12:0000000f
22627688ns          395116 1c0095be 00251513 slli             x10, x10, 0x2       x10=00000040 x10:00000010
22627728ns          395118 1c0095c0 00550533 add              x10, x10, x5        x10=10001730 x10:00000040  x5:100016f0
22627767ns          395120 1c0095c2 e91bf8c3 fmadd.s          f17, f23, f17, f29  f17=xxxxxxxx f23:3ca1bf96 f17:c1fd8852 f29:c403651f
22627787ns          395121 1c0095c6 00052f03 lw               x30, 0(x10)         x30=3e88cbe9 x10:10001730  PA:10001730
22627807ns          395122 1c0095ca 00268813 addi             x16, x13, 2         x16=00000002 x13:00000000
22627867ns          395125 1c0095ce 89ed78c3 fmadd.s          f17, f26, f30, f17  f17=xxxxxxxx f26:b900cd94 f30:3e88cbe9 f17:c4038d2b
22627907ns          395127 1c0095d2 e919fecb fnmsub.s         f29, f19, f17, f29  f29=xxxxxxxx f19:3fffe676 f17:c4038d2c f29:c403651f
22627927ns          395128 1c0095d6 01de2023 sw               x29, 0(x28)         x29:44039afa x28:10001708  PA:10001708
22627946ns          395129 1c0095da 00032e03 lw               x28, 0(x6)          x28=c1fd8852  x6:1000171c  PA:1000171c
22628006ns          395132 1c0095de e11b7e4b fnmsub.s         f28, f22, f17, f28  f28=xxxxxxxx f22:3d21af73 f17:c4038d2c f28:c1fd8852
22628046ns          395134 1c0095e2 01c32023 sw               x28, 0(x6)          x28:c12eb8df  x6:1000171c  PA:1000171c
22628066ns          395135 1c0095e6 00052f03 lw               x30, 0(x10)         x30=3e88cbe9 x10:10001730  PA:10001730
22628106ns          395137 1c0095ea f11af8cb fnmsub.s         f17, f21, f17, f30  f17=xxxxxxxx f21:b980c0ba f17:c4038d2c f30:3e88cbe9
22628145ns          395139 1c0095ee 01152023 sw               x17, 0(x10)         x17:3e0d4493 x10:10001730  PA:10001730
22628185ns          395141 1c0095f2 1905cb63 blt              x11, x16, 406       x11:00000004 x16:00000002
22628205ns          395142 1c0095f6 01280e33 add              x28, x16, x18       x28=00000007 x16:00000002 x18:00000005
22628225ns          395143 1c0095fa 01880333 add              x6, x16, x24         x6=0000000c x16:00000002 x24:0000000a
22628245ns          395144 1c0095fe 002e1e13 slli             x28, x28, 0x2       x28=0000001c x28:00000007
22628285ns          395146 1c009600 00231313 slli             x6, x6, 0x2          x6=00000030  x6:0000000c
22628304ns          395147 1c009602 00530333 add              x6, x6, x5           x6=10001720  x6:00000030  x5:100016f0
22628324ns          395148 1c009604 005e0e33 add              x28, x28, x5        x28=1000170c x28:0000001c  x5:100016f0
22628344ns          395149 1c009606 000e2e83 lw               x29, 0(x28)         x29=c12fba26 x28:1000170c  PA:1000170c
22628364ns          395150 1c00960a 00032883 lw               x17, 0(x6)          x17=440aa74d  x6:10001720  PA:10001720
22628424ns          395153 1c00960e 00c80533 add              x10, x16, x12       x10=00000011 x16:00000002 x12:0000000f
22628444ns          395154 1c009612 00251513 slli             x10, x10, 0x2       x10=00000044 x10:00000011
22628464ns          395155 1c009614 00550533 add              x10, x10, x5        x10=10001734 x10:00000044  x5:100016f0
22628483ns          395156 1c009616 e91bf8c3 fmadd.s          f17, f23, f17, f29  f17=xxxxxxxx f23:3ca1bf96 f17:440aa74d f29:c12fba26
22628503ns          395157 1c00961a 00052f03 lw               x30, 0(x10)         x30=c0d814d4 x10:10001734  PA:10001734
22628563ns          395160 1c00961e 00368813 addi             x16, x13, 3         x16=00000003 x13:00000000
22628603ns          395162 1c009622 89ed78c3 fmadd.s          f17, f26, f30, f17  f17=xxxxxxxx f26:b900cd94 f30:c0d814d4 f17:bd042f05
22628623ns          395163 1c009626 e919fecb fnmsub.s         f29, f19, f17, f29  f29=xxxxxxxx f19:3fffe676 f17:bd00c946 f29:c12fba26
22628643ns          395164 1c00962a 01de2023 sw               x29, 0(x28)         x29:c12eb8ad x28:1000170c  PA:1000170c
22628702ns          395167 1c00962e 00032e03 lw               x28, 0(x6)          x28=440aa74d  x6:10001720  PA:10001720
22628742ns          395169 1c009632 e11b7e4b fnmsub.s         f28, f22, f17, f28  f28=xxxxxxxx f22:3d21af73 f17:bd00c946 f28:440aa74d
22628762ns          395170 1c009636 01c32023 sw               x28, 0(x6)          x28:440aa761  x6:10001720  PA:10001720
22628782ns          395171 1c00963a 00052f03 lw               x30, 0(x10)         x30=c0d814d4 x10:10001734  PA:10001734
22628841ns          395174 1c00963e f11af8cb fnmsub.s         f17, f21, f17, f30  f17=xxxxxxxx f21:b980c0ba f17:bd00c946 f30:c0d814d4
22628881ns          395176 1c009642 01152023 sw               x17, 0(x10)         x17:c0d814e4 x10:10001734  PA:10001734
22628901ns          395177 1c009646 1505c163 blt              x11, x16, 322       x11:00000004 x16:00000003
22628921ns          395178 1c00964a 01280e33 add              x28, x16, x18       x28=00000008 x16:00000003 x18:00000005
22628981ns          395181 1c00964e 01880333 add              x6, x16, x24         x6=0000000d x16:00000003 x24:0000000a
22629001ns          395182 1c009652 002e1e13 slli             x28, x28, 0x2       x28=00000020 x28:00000008
22629020ns          395183 1c009654 00231313 slli             x6, x6, 0x2          x6=00000034  x6:0000000d
22629040ns          395184 1c009656 00530333 add              x6, x6, x5           x6=10001724  x6:00000034  x5:100016f0
22629060ns          395185 1c009658 005e0e33 add              x28, x28, x5        x28=10001710 x28:00000020  x5:100016f0
22629080ns          395186 1c00965a 000e2e83 lw               x29, 0(x28)         x29=3e08f343 x28:10001710  PA:10001710
22629120ns          395188 1c00965e 00032883 lw               x17, 0(x6)          x17=c0d81508  x6:10001724  PA:10001724
22629160ns          395190 1c009662 00c80533 add              x10, x16, x12       x10=00000012 x16:00000003 x12:0000000f
22629180ns          395191 1c009666 00251513 slli             x10, x10, 0x2       x10=00000048 x10:00000012
22629200ns          395192 1c009668 00550533 add              x10, x10, x5        x10=10001738 x10:00000048  x5:100016f0
22629219ns          395193 1c00966a e91bf8c3 fmadd.s          f17, f23, f17, f29  f17=xxxxxxxx f23:3ca1bf96 f17:c0d81508 f29:3e08f343
22629259ns          395195 1c00966e 00052f03 lw               x30, 0(x10)         x30=41a52b95 x10:10001738  PA:10001738
22629299ns          395197 1c009672 00468813 addi             x16, x13, 4         x16=00000004 x13:00000000
22629319ns          395198 1c009676 89ed78c3 fmadd.s          f17, f26, f30, f17  f17=xxxxxxxx f26:b900cd94 f30:41a52b95 f17:39d8a555
22629339ns          395199 1c00967a e919fecb fnmsub.s         f29, f19, f17, f29  f29=xxxxxxxx f19:3fffe676 f17:bb0b2031 f29:3e08f343
22629398ns          395202 1c00967e 01de2023 sw               x29, 0(x28)         x29:3e0d4bd5 x28:10001710  PA:10001710
22629438ns          395204 1c009682 00032e03 lw               x28, 0(x6)          x28=c0d81508  x6:10001724  PA:10001724
22629478ns          395206 1c009686 e11b7e4b fnmsub.s         f28, f22, f17, f28  f28=xxxxxxxx f22:3d21af73 f17:bb0b2031 f28:c0d81508
22629498ns          395207 1c00968a 01c32023 sw               x28, 0(x6)          x28:c0d81458  x6:10001724  PA:10001724
22629538ns          395209 1c00968e 00052f03 lw               x30, 0(x10)         x30=41a52b95 x10:10001738  PA:10001738
22629577ns          395211 1c009692 f11af8cb fnmsub.s         f17, f21, f17, f30  f17=xxxxxxxx f21:b980c0ba f17:bb0b2031 f30:41a52b95
22629597ns          395212 1c009696 01152023 sw               x17, 0(x10)         x17:41a52b95 x10:10001738  PA:10001738
22629617ns          395213 1c00969a 0f05c763 blt              x11, x16, 238       x11:00000004 x16:00000004
22629677ns          395216 1c00969e 01280e33 add              x28, x16, x18       x28=00000009 x16:00000004 x18:00000005
22629717ns          395218 1c0096a2 01880333 add              x6, x16, x24         x6=0000000e x16:00000004 x24:0000000a
22629737ns          395219 1c0096a6 002e1e13 slli             x28, x28, 0x2       x28=00000024 x28:00000009
22629756ns          395220 1c0096a8 00231313 slli             x6, x6, 0x2          x6=00000038  x6:0000000e
22629776ns          395221 1c0096aa 00530333 add              x6, x6, x5           x6=10001728  x6:00000038  x5:100016f0
22629796ns          395222 1c0096ac 005e0e33 add              x28, x28, x5        x28=10001714 x28:00000024  x5:100016f0
22629816ns          395223 1c0096ae 000e2e83 lw               x29, 0(x28)         x29=00000000 x28:10001714  PA:10001714
22629856ns          395225 1c0096b2 00032883 lw               x17, 0(x6)          x17=00000000  x6:10001728  PA:10001728
22629876ns          395226 1c0096b6 00c80533 add              x10, x16, x12       x10=00000013 x16:00000004 x12:0000000f
22629896ns          395227 1c0096ba 00251513 slli             x10, x10, 0x2       x10=0000004c x10:00000013
22629916ns          395228 1c0096bc 00550533 add              x10, x10, x5        x10=1000173c x10:0000004c  x5:100016f0
22629955ns          395230 1c0096be e91bf8c3 fmadd.s          f17, f23, f17, f29  f17=xxxxxxxx f23:3ca1bf96 f17:00000000 f29:00000000
22629995ns          395232 1c0096c2 00052f03 lw               x30, 0(x10)         x30=3fadf756 x10:1000173c  PA:1000173c
22630015ns          395233 1c0096c6 00568813 addi             x16, x13, 5         x16=00000005 x13:00000000
22630035ns          395234 1c0096ca 89ed78c3 fmadd.s          f17, f26, f30, f17  f17=xxxxxxxx f26:b900cd94 f30:3fadf756 f17:00000000
22630095ns          395237 1c0096ce e919fecb fnmsub.s         f29, f19, f17, f29  f29=xxxxxxxx f19:3fffe676 f17:b92f0ebd f29:00000000
22630134ns          395239 1c0096d2 01de2023 sw               x29, 0(x28)         x29:39aefd46 x28:10001714  PA:10001714
22630154ns          395240 1c0096d6 00032e03 lw               x28, 0(x6)          x28=00000000  x6:10001728  PA:10001728
22630194ns          395242 1c0096da e11b7e4b fnmsub.s         f28, f22, f17, f28  f28=xxxxxxxx f22:3d21af73 f17:b92f0ebd f28:00000000
22630234ns          395244 1c0096de 01c32023 sw               x28, 0(x6)          x28:36dd207d  x6:10001728  PA:10001728
22630274ns          395246 1c0096e2 00052f03 lw               x30, 0(x10)         x30=3fadf756 x10:1000173c  PA:1000173c
22630313ns          395248 1c0096e6 f11af8cb fnmsub.s         f17, f21, f17, f30  f17=xxxxxxxx f21:b980c0ba f17:b92f0ebd f30:3fadf756
22630333ns          395249 1c0096ea 01152023 sw               x17, 0(x10)         x17:3fadf756 x10:1000173c  PA:1000173c
22630373ns          395251 1c0096ee 0905cd63 blt              x11, x16, 154       x11:00000004 x16:00000005
22630473ns          395256 1c009788 ff072383 lw               x7, -16(x14)         x7=bdaf7d64 x14:1000177c  PA:1000176c
22630512ns          395258 1c00978c 00472283 lw               x5, 4(x14)           x5=bd283de3 x14:1000177c  PA:10001780
22630572ns          395261 1c009790 fec72483 lw               x9, -20(x14)         x9=3f5ef915 x14:1000177c  PA:10001768
22630612ns          395263 1c009794 00072403 lw               x8, 0(x14)           x8=bcd2f1ec x14:1000177c  PA:1000177c
22630632ns          395264 1c009796 ffc72c03 lw               x24, -4(x14)        x24=bebd29ef x14:1000177c  PA:10001778
22630652ns          395265 1c00979a 01072883 lw               x17, 16(x14)        x17=becae20a x14:1000177c  PA:1000178c
22630711ns          395268 1c00979e ff472f03 lw               x30, -12(x14)       x30=3e9cc6c0 x14:1000177c  PA:10001770
22630751ns          395270 1c0097a2 00872e83 lw               x29, 8(x14)         x29=bf0fcfa5 x14:1000177c  PA:10001784
22630771ns          395271 1c0097a6 3972f543 fmadd.s          f10, f5, f23, f7    f10=xxxxxxxx  f5:bd283de3 f23:3ca1bf96  f7:bdaf7d64
22630791ns          395272 1c0097aa 49747843 fmadd.s          f16, f8, f23, f9    f16=xxxxxxxx  f8:bcd2f1ec f23:3ca1bf96  f9:3f5ef915
22630811ns          395273 1c0097ae c178f943 fmadd.s          f18, f17, f23, f24  f18=xxxxxxxx f17:becae20a f23:3ca1bf96 f24:bebd29ef
22630831ns          395274 1c0097b2 01872c03 lw               x24, 24(x14)        x24=be2ce2f5 x14:1000177c  PA:10001794
22630850ns          395275 1c0097b6 01472883 lw               x17, 20(x14)        x17=bebcd1cc x14:1000177c  PA:10001790
22630870ns          395276 1c0097ba ff872e03 lw               x28, -8(x14)        x28=bd7baaa8 x14:1000177c  PA:10001774
22630930ns          395279 1c0097be 00c72303 lw               x6, 12(x14)          x6=bf397fcd x14:1000177c  PA:10001788
22630970ns          395281 1c0097c2 f17ef5c3 fmadd.s          f11, f29, f23, f30  f11=xxxxxxxx f29:bf0fcfa5 f23:3ca1bf96 f30:3e9cc6c0
22630990ns          395282 1c0097c6 518d7543 fmadd.s          f10, f26, f24, f10  f10=xxxxxxxx f26:b900cd94 f24:be2ce2f5 f10:bdb12697
22631010ns          395283 1c0097ca 01c72c03 lw               x24, 28(x14)        x24=3f41bcba x14:1000177c  PA:10001798
22631069ns          395286 1c0097ce 811d7843 fmadd.s          f16, f26, f17, f16  f16=xxxxxxxx f26:b900cd94 f17:bebcd1cc f16:3f5ed7c3
22631109ns          395288 1c0097d2 e17376c3 fmadd.s          f13, f6, f23, f28   f13=xxxxxxxx  f6:bf397fcd f23:3ca1bf96 f28:bd7baaa8
22631129ns          395289 1c0097d6 598d75c3 fmadd.s          f11, f26, f24, f11  f11=xxxxxxxx f26:b900cd94 f24:3f41bcba f11:3e9718ed
22631149ns          395290 1c0097da 02072c03 lw               x24, 32(x14)        x24=beff2457 x14:1000177c  PA:1000179c
22631208ns          395293 1c0097de 4909f4cb fnmsub.s         f9, f19, f16, f9     f9=xxxxxxxx f19:3fffe676 f16:3f5edabb  f9:3f5ef915
22631248ns          395295 1c0097e2 698d76c3 fmadd.s          f13, f26, f24, f13  f13=xxxxxxxx f26:b900cd94 f24:beff2457 f13:bd9b2261
22631268ns          395296 1c0097e6 4168744b fnmsub.s         f8, f16, f22, f8     f8=xxxxxxxx f16:3f5edabb f22:3d21af73  f8:bcd2f1ec
22631288ns          395297 1c0097ea 02472c03 lw               x24, 36(x14)        x24=bdf61600 x14:1000177c  PA:100017a0
22631348ns          395300 1c0097ee 890af84b fnmsub.s         f16, f21, f16, f17  f16=xxxxxxxx f21:b980c0ba f16:3f5edabb f17:bebcd1cc
22631387ns          395302 1c0097f2 01872883 lw               x17, 24(x14)        x17=be2ce2f5 x14:1000177c  PA:10001794
22631407ns          395303 1c0097f6 918d7943 fmadd.s          f18, f26, f24, f18  f18=xxxxxxxx f26:b900cd94 f24:bdf61600 f18:bec12b6f
22631427ns          395304 1c0097fa 38a9f3cb fnmsub.s         f7, f19, f10, f7     f7=xxxxxxxx f19:3fffe676 f10:bdb11bb7  f7:bdaf7d64
22631487ns          395307 1c0097fe 01c72c03 lw               x24, 28(x14)        x24=3f41bcba x14:1000177c  PA:10001798
22631527ns          395309 1c009802 296572cb fnmsub.s         f5, f10, f22, f5     f5=xxxxxxxx f10:bdb11bb7 f22:3d21af73  f5:bd283de3
22631547ns          395310 1c009806 88aaf54b fnmsub.s         f10, f21, f10, f17  f10=xxxxxxxx f21:b980c0ba f10:bdb11bb7 f17:be2ce2f5
22631567ns          395311 1c00980a 02072883 lw               x17, 32(x14)        x17=beff2457 x14:1000177c  PA:1000179c
22631626ns          395314 1c00980e f0b9ff4b fnmsub.s         f30, f19, f11, f30  f30=xxxxxxxx f19:3fffe676 f11:3e970cbe f30:3e9cc6c0
22631666ns          395316 1c009812 e965fecb fnmsub.s         f29, f11, f22, f29  f29=xxxxxxxx f11:3e970cbe f22:3d21af73 f29:bf0fcfa5
22631686ns          395317 1c009816 e0d9fe4b fnmsub.s         f28, f19, f13, f28  f28=xxxxxxxx f19:3fffe676 f13:bd9b0249 f28:bd7baaa8
22631706ns          395318 1c00981a c0baf5cb fnmsub.s         f11, f21, f11, f24  f11=xxxxxxxx f21:b980c0ba f11:3e970cbe f24:3f41bcba
22631726ns          395319 1c00981e 3166f34b fnmsub.s         f6, f13, f22, f6     f6=xxxxxxxx f13:bd9b0249 f22:3d21af73  f6:bf397fcd
22631746ns          395320 1c009822 ffc72c03 lw               x24, -4(x14)        x24=bebd29ef x14:1000177c  PA:10001778
22631765ns          395321 1c009826 88daf6cb fnmsub.s         f13, f21, f13, f17  f13=xxxxxxxx f21:b980c0ba f13:bd9b0249 f17:beff2457
22631785ns          395322 1c00982a c129fc4b fnmsub.s         f24, f19, f18, f24  f24=xxxxxxxx f19:3fffe676 f18:bec12980 f24:bebd29ef
22631805ns          395323 1c00982e 00b72e23 sw               x11, 28(x14)        x11:3f41c17a x14:1000177c  PA:10001798
22631845ns          395325 1c009830 02d72023 sw               x13, 32(x14)        x13:beff26c7 x14:1000177c  PA:1000179c
22631865ns          395326 1c009832 01072683 lw               x13, 16(x14)        x13=becae20a x14:1000177c  PA:1000178c
22631885ns          395327 1c009834 ff872e23 sw               x24, -4(x14)        x24:3ec50287 x14:1000177c  PA:10001778
22631905ns          395328 1c009838 69697c4b fnmsub.s         f24, f18, f22, f13  f24=xxxxxxxx f18:bec12980 f22:3d21af73 f13:becae20a
22631925ns          395329 1c00983c 02472683 lw               x13, 36(x14)        x13=bdf61600 x14:1000177c  PA:100017a0
22631984ns          395332 1c00983e fe972623 sw               x9, -20(x14)         x9:bf5e8fea x14:1000177c  PA:10001768
22632024ns          395334 1c009842 692af8cb fnmsub.s         f17, f21, f18, f13  f17=xxxxxxxx f21:b980c0ba f18:bec12980 f13:bdf61600
22632044ns          395335 1c009846 00872023 sw               x8, 0(x14)           x8:bd763941 x14:1000177c  PA:1000177c
22632064ns          395336 1c009848 01072a23 sw               x16, 20(x14)        x16:bebcb5c7 x14:1000177c  PA:10001790
22632084ns          395337 1c00984c fe772823 sw               x7, -16(x14)         x7:3db296b4 x14:1000177c  PA:1000176c
22632123ns          395339 1c009850 00572223 sw               x5, 4(x14)           x5:bd1a4269 x14:1000177c  PA:10001780
22632183ns          395342 1c009854 00a72c23 sw               x10, 24(x14)        x10:be2ce886 x14:1000177c  PA:10001794
22632203ns          395343 1c009856 ffe72a23 sw               x30, -12(x14)       x30:be913499 x14:1000177c  PA:10001770
22632223ns          395344 1c00985a 01d72423 sw               x29, 8(x14)         x29:bf12cad9 x14:1000177c  PA:10001784
22632263ns          395346 1c00985e ffc72c23 sw               x28, -8(x14)        x28:3db81050 x14:1000177c  PA:10001774
22632283ns          395347 1c009862 02012583 lw               x11, 32(x2)         x11=00000003  x2:100015f8  PA:10001618
22632302ns          395348 1c009864 00672623 sw               x6, 12(x14)          x6:bf38bc00 x14:1000177c  PA:10001788
22632322ns          395349 1c009868 01872823 sw               x24, 16(x14)        x24:bec34212 x14:1000177c  PA:1000178c
22632342ns          395350 1c00986c 03172223 sw               x17, 36(x14)        x17:bdf64693 x14:1000177c  PA:100017a0
22632402ns          395353 1c009870 01470713 addi             x14, x14, 20        x14=10001790 x14:1000177c
22632422ns          395354 1c009872 01478793 addi             x15, x15, 20        x15=1000172c x15:10001718
22632442ns          395355 1c009874 004a0a13 addi             x20, x20, 4         x20=1000175c x20:10001758
22632462ns          395356 1c009876 02812683 lw               x13, 40(x2)         x13=1000170c  x2:100015f8  PA:10001620
22632481ns          395357 1c009878 00c00c33 add              x24, x0, x12        x24=0000000f x12:0000000f
22632501ns          395358 1c00987a 014f8f93 addi             x31, x31, 20        x31=10001718 x31:10001704
22632521ns          395359 1c00987c 90bdd8e3 bge              x27, x11, -1776     x27:00000004 x11:00000003
22632581ns          395362 1c00918c 0bb587e3 beq              x11, x27, 2222      x11:00000003 x27:00000004
22632641ns          395365 1c009190 16bccbe3 blt              x25, x11, 2422      x25:00000001 x11:00000003
22632740ns          395370 1c009b06 0006a503 lw               x10, 0(x13)         x10=c12eb8ad x13:1000170c  PA:1000170c
22632780ns          395372 1c009b08 0046a803 lw               x16, 4(x13)         x16=3e0d4bd5 x13:1000170c  PA:10001710
22632800ns          395373 1c009b0c 0086a603 lw               x12, 8(x13)         x12=39aefd46 x13:1000170c  PA:10001714
22632820ns          395374 1c009b0e 08a12223 sw               x10, 132(x2)        x10:c12eb8ad  x2:100015f8  PA:1000167c
22632859ns          395376 1c009b10 09012423 sw               x16, 136(x2)        x16:3e0d4bd5  x2:100015f8  PA:10001680
22632879ns          395377 1c009b12 08c12623 sw               x12, 140(x2)        x12:39aefd46  x2:100015f8  PA:10001684
22632899ns          395378 1c009b14 e82ff06f jal              x0, -2430          
22632939ns          395380 1c009196 08812803 lw               x16, 136(x2)        x16=3e0d4bd5  x2:100015f8  PA:10001680
22632959ns          395381 1c009198 00000613 addi             x12, x0, 0          x12=00000000
22632979ns          395382 1c00919c a0c81653 flt.s            x12, f16, f12       x12=00000000 f16:3e0d4bd5 f12:00000000
22633038ns          395385 1c0091a0 00060363 beq              x12, x0, 6          x12:00000000
22633118ns          395389 1c0091a6 1c000e37 lui              x28, 0x1c000000     x28=1c000000
22633138ns          395390 1c0091aa 01ce0e13 addi             x28, x28, 28        x28=1c00001c x28:1c000000
22633198ns          395393 1c0091ae 000e2e03 lw               x28, 0(x28)         x28=00800000 x28:1c00001c  PA:1c00001c
22633536ns          395410 1c0091b2 a10e1653 flt.s            x12, f28, f16       x12=00000001 f28:00800000 f16:3e0d4bd5
22633556ns          395411 1c0091b6 10061be3 bne              x12, x0, 2326       x12:00000001
22633655ns          395416 1c009acc 1c000337 lui              x6, 0x1c000000       x6=1c000000
22633735ns          395420 1c009ad0 01c30313 addi             x6, x6, 28           x6=1c00001c  x6:1c000000
22633774ns          395422 1c009ad4 00000893 addi             x17, x0, 0          x17=00000000
22633794ns          395423 1c009ad8 1c0003b7 lui              x7, 0x1c000000       x7=1c000000
22633814ns          395424 1c009adc 00032303 lw               x6, 0(x6)            x6=00800000  x6:1c00001c  PA:1c00001c
22634152ns          395441 1c009ae0 04c38393 addi             x7, x7, 76           x7=1c00004c  x7:1c000000
22634172ns          395442 1c009ae4 19037653 fdiv.s           f12, f6, f16        f12=xxxxxxxx  f6:00800000 f16:3e0d4bd5
22634451ns          395456 1c009ae8 111678d3 fmul.s           f17, f12, f17       f17=xxxxxxxx f12:01e7e8f3 f17:00000000
22634471ns          395457 1c009aec 0003a383 lw               x7, 0(x7)            x7=3f800000  x7:1c00004c  PA:1c00004c
22634789ns          395473 1c009af0 38c8f8c3 fmadd.s          f17, f17, f12, f7   f17=xxxxxxxx f17:00000000 f12:01e7e8f3  f7:3f800000
22634809ns          395474 1c009af4 ed4ff06f jal              x0, -2348          
22634848ns          395476 1c0091c8 08c12603 lw               x12, 140(x2)        x12=39aefd46  x2:100015f8  PA:10001684
22634868ns          395477 1c0091ca 00000313 addi             x6, x0, 0            x6=00000000
22634928ns          395480 1c0091ce a0661353 flt.s            x6, f12, f6          x6=00000000 f12:39aefd46  f6:00000000
22634968ns          395482 1c0091d2 00030463 beq              x6, x0, 8            x6:00000000
22635047ns          395486 1c0091da a0c81353 flt.s            x6, f16, f12         x6=00000000 f16:3e0d4bd5 f12:39aefd46
22635107ns          395489 1c0091de 10030de3 beq              x6, x0, 2330         x6:00000000
22635167ns          395492 1c009af8 19067653 fdiv.s           f12, f12, f16       f12=xxxxxxxx f12:39aefd46 f16:3e0d4bd5
22635565ns          395512 1c009afc 88c678c3 fmadd.s          f17, f12, f12, f17  f17=xxxxxxxx f12:3b1e85c6 f12:3b1e85c6 f17:3f800000
22635584ns          395513 1c009b00 01000633 add              x12, x0, x16        x12=3e0d4bd5 x16:3e0d4bd5
22635604ns          395514 1c009b02 ef8ff06f jal              x0, -2312          
22635724ns          395520 1c0091fa 5808f853 fsqrt.s          f16, f17            f16=xxxxxxxx f17:3f800031
22636121ns          395540 1c0091fe 10c87653 fmul.s           f12, f16, f12       f12=xxxxxxxx f16:3f800018 f12:3e0d4bd5
22636141ns          395541 1c009202 00300893 addi             x17, x0, 3          x17=00000003
22636161ns          395542 1c009204 00200e93 addi             x29, x0, 2          x29=00000002
22636181ns          395543 1c009206 00000813 addi             x16, x0, 0          x16=00000000
22636201ns          395544 1c00920a a1062353 feq.s            x6, f12, f16         x6=00000000 f12:3e0d4bef f16:00000000
22636241ns          395546 1c00920e 040318e3 bne              x6, x0, 2128         x6:00000000
22636281ns          395548 1c009212 a1051853 flt.s            x16, f10, f16       x16=00000001 f10:c12eb8ad f16:00000000
22636301ns          395549 1c009216 180812e3 bne              x16, x0, 2436       x16:00000001
22636499ns          395559 1c009b9a 20a51853 fsgnjn.s         f16, f10, f10       f16=xxxxxxxx f10:c12eb8ad f10:c12eb8ad
22636559ns          395562 1c009b9e e7eff06f jal              x0, -2434          
22636599ns          395564 1c00921c 00000313 addi             x6, x0, 0            x6=00000000
22636619ns          395565 1c009220 a0661353 flt.s            x6, f12, f6          x6=00000000 f12:3e0d4bef  f6:00000000
22636639ns          395566 1c009224 00030463 beq              x6, x0, 8            x6:00000000
22636698ns          395569 1c00922c a0c81353 flt.s            x6, f16, f12         x6=00000000 f16:412eb8ad f12:3e0d4bef
22636758ns          395572 1c009230 12031ce3 bne              x6, x0, 2360         x6:00000000
22636798ns          395574 1c009234 a1061353 flt.s            x6, f12, f16         x6=00000001 f12:3e0d4bef f16:412eb8ad
22636818ns          395575 1c009238 18031fe3 bne              x6, x0, 2462         x6:00000001
22637036ns          395586 1c009bd6 1c000337 lui              x6, 0x1c000000       x6=1c000000
22637056ns          395587 1c009bda 04c30313 addi             x6, x6, 76           x6=1c00004c  x6:1c000000
22637116ns          395590 1c009bde 00032303 lw               x6, 0(x6)            x6=3f800000  x6:1c00004c  PA:1c00004c
22637454ns          395607 1c009be2 19067653 fdiv.s           f12, f12, f16       f12=xxxxxxxx f12:3e0d4bef f16:412eb8ad
22637792ns          395624 1c009be6 30c67643 fmadd.s          f12, f12, f12, f6   f12=xxxxxxxx f12:3c4f06c0 f12:3c4f06c0  f6:3f800000
22637812ns          395625 1c009bea 58067653 fsqrt.s          f12, f12            f12=xxxxxxxx f12:3f80053b
22638349ns          395652 1c009bee 10c87653 fmul.s           f12, f16, f12       f12=xxxxxxxx f16:412eb8ad f12:3f80029d
22638369ns          395653 1c009bf2 e62ff06f jal              x0, -2462          
22638449ns          395657 1c009254 00000813 addi             x16, x0, 0          x16=00000000
22638488ns          395659 1c009258 a0a80853 fle.s            x16, f16, f10       x16=00000000 f16:00000000 f10:c12eb8ad
22638508ns          395660 1c00925c 00080463 beq              x16, x0, 8          x16:00000000
22638608ns          395665 1c009264 00000813 addi             x16, x0, 0          x16=00000000
22638628ns          395666 1c009268 a1061853 flt.s            x16, f12, f16       x16=00000000 f12:412ebc3e f16:00000000
22638648ns          395667 1c00926c 12081be3 bne              x16, x0, 2358       x16:00000000
22638707ns          395670 1c009270 00c00833 add              x16, x0, x12        x16=412ebc3e x12:412ebc3e
22638747ns          395672 1c009272 1c0004b7 lui              x9, 0x1c000000       x9=1c000000
22638767ns          395673 1c009276 03048493 addi             x9, x9, 48           x9=1c000030  x9:1c000000
22638787ns          395674 1c00927a 0004a483 lw               x9, 0(x9)            x9=0c000000  x9:1c000030  PA:1c000030
22639125ns          395691 1c00927c a0981853 flt.s            x16, f16, f9        x16=00000000 f16:412ebc3e  f9:0c000000
22639145ns          395692 1c009280 0a080ce3 beq              x16, x0, 2232       x16:00000000
22639244ns          395697 1c009b38 1c000337 lui              x6, 0x1c000000       x6=1c000000
22639284ns          395699 1c009b3c 04c32803 lw               x16, 76(x6)         x16=3f800000  x6:1c000000  PA:1c00004c
22639602ns          395715 1c009b40 08c57353 fsub.s           f6, f10, f12         f6=xxxxxxxx f10:c12eb8ad f12:412ebc3e
22639622ns          395716 1c009b44 18687853 fdiv.s           f16, f16, f6        f16=xxxxxxxx f16:3f800000  f6:c1aeba76  PA:10001680
22639821ns          395726 1c009b48 08812303 lw               x6, 136(x2)          x6=xxxxxxxx  x2:100015f8
22639841ns          395727 1c009b4a 08a679d3 fsub.s           f19, f12, f10       f19=xxxxxxxx f12:412ebc3e f10:c12eb8ad
22640100ns          395740 1c009b4e 11037353 fmul.s           f6, f6, f16          f6=xxxxxxxx  f6:3e0d4bd5 f16:bd3b896c
22640120ns          395741 1c009b52 18c9f9d3 fdiv.s           f19, f19, f12       f19=xxxxxxxx f19:41aeba76 f12:412ebc3e  PA:10001680
22640378ns          395754 1c009b56 08612423 sw               x6, 136(x2)          x6:bbcf047c  x2:100015f8
22640398ns          395755 1c009b58 0038b663 p.bneimm         x17, 12             x17:00000003  PA:10001684
22640418ns          395756 1c009b5c 08c12503 lw               x10, 140(x2)        x10=xxxxxxxx  x2:100015f8
22640458ns          395758 1c009b5e 11057853 fmul.s           f16, f10, f16       f16=xxxxxxxx f10:39aefd46 f16:bd3b896c
22640657ns          395768 1c009b62 09012623 sw               x16, 140(x2)        x16:b78030f1  x2:100015f8  PA:10001684
22640676ns          395769 1c009b64 00c00533 add              x10, x0, x12        x10=412ebc3e x12:412ebc3e
22640696ns          395770 1c009b66 87fff06f jal              x0, -1922          
22640776ns          395774 1c0093e4 08a12223 sw               x10, 132(x2)        x10:412ebc3e  x2:100015f8  PA:1000167c
22640816ns          395776 1c0093e6 4cbcd763 bge              x25, x11, 1230      x25:00000001 x11:00000003
22640836ns          395777 1c0093ea 00a6a023 sw               x10, 0(x13)         x10:412ebc3e x13:1000170c  PA:1000170c
22640855ns          395778 1c0093ec 0006a223 sw               x0, 4(x13)          x13:1000170c  PA:10001710
22640895ns          395780 1c0093f0 01b5d463 bge              x11, x27, 8         x11:00000003 x27:00000004
22640935ns          395782 1c0093f4 0006a423 sw               x0, 8(x13)          x13:1000170c  PA:10001714
22640955ns          395783 1c0093f8 08812b83 lw               x23, 136(x2)        x23=bbcf047c  x2:100015f8  PA:10001680
22640995ns          395785 1c0093fa 1179fb53 fmul.s           f22, f19, f23       f22=xxxxxxxx f19:3ffffd64 f23:bbcf047c
22641035ns          395787 1c0093fe 4c38bd63 p.bneimm         x17, 1242           x17:00000003
22641074ns          395789 1c009402 01468313 addi             x6, x13, 20          x6=10001720 x13:1000170c
22641094ns          395790 1c009406 406a08b3 sub              x17, x20, x6        x17=0000003c x20:1000175c  x6:10001720
22641114ns          395791 1c00940a 08c12d03 lw               x26, 140(x2)        x26=b78030f1  x2:100015f8  PA:10001684
22641134ns          395792 1c00940c fec88893 addi             x17, x17, -20       x17=00000028 x17:0000003c
22641174ns          395794 1c00940e 0cccd637 lui              x12, 0xcccd000      x12=0cccd000
22641214ns          395796 1c009412 0028d893 srli             x17, x17, 0x2       x17=0000000a x17:00000028
22641233ns          395797 1c009416 ccd60613 addi             x12, x12, -819      x12=0ccccccd x12:0cccd000
22641253ns          395798 1c00941a 02c888b3 mul              x17, x17, x12       x17=80000002 x17:0000000a x12:0ccccccd
22641313ns          395801 1c00941e 113d7ad3 fmul.s           f21, f26, f19       f21=xxxxxxxx f26:b78030f1 f19:3ffffd64
22641333ns          395802 1c009422 01868693 addi             x13, x13, 24        x13=10001724 x13:1000170c
22641353ns          395803 1c009424 c3e8b8b3 p.bclr           x17, x17, 1, 30     x17=00000002 x17:80000002
22641373ns          395804 1c009428 02d12423 sw               x13, 40(x2)         x13:10001724  x2:100015f8  PA:10001620
22641393ns          395805 1c00942a 00d00533 add              x10, x0, x13        x10=10001724 x13:10001724
22641412ns          395806 1c00942c 00188893 addi             x17, x17, 1         x17=00000003 x17:00000002
22641432ns          395807 1c00942e 0168c0fb lp.setup         0x1, x17, 0x16      x17:00000003
22641452ns          395808 1c009432 00052603 lw               x12, 0(x10)         x12=c0d81458 x10:10001724  PA:10001724
22641472ns          395809 1c009434 00032803 lw               x16, 0(x6)          x16=440aa761  x6:10001720  PA:10001720
22641492ns          395810 1c009438 00452e03 lw               x28, 4(x10)         x28=36dd207d x10:10001724  PA:10001728
22641512ns          395811 1c00943c 817676c3 fmadd.s          f13, f12, f23, f16  f13=xxxxxxxx f12:c0d81458 f23:bbcf047c f16:440aa761
22641552ns          395813 1c009440 01450513 addi             x10, x10, 20        x10=10001738 x10:10001724
22641591ns          395815 1c009442 69cd76c3 fmadd.s          f13, f26, f28, f13  f13=xxxxxxxx f26:b78030f1 f28:36dd207d f13:440aaa1c
22641611ns          395816 1c009446 8136f84b fnmsub.s         f16, f13, f19, f16  f16=xxxxxxxx f13:440aaa1c f19:3ffffd64 f16:440aa761
22641631ns          395817 1c00944a 6166f64b fnmsub.s         f12, f13, f22, f12  f12=xxxxxxxx f13:440aaa1c f22:bc4f0260 f12:c0d81458
22641691ns          395820 1c00944e e0daf6cb fnmsub.s         f13, f21, f13, f28  f13=xxxxxxxx f21:b8002fa3 f13:440aaa1c f28:36dd207d
22641731ns          395822 1c009452 01032a2b p.sw             x16, 20(x6!)         x6=10001734 x16:c40aaa03  x6:10001720  PA:10001720
22641751ns          395823 1c009456 fec52623 sw               x12, -20(x10)       x12:3e82d53f x10:10001738  PA:10001724
22641770ns          395824 1c00945a fed52823 sw               x13, -16(x10)       x13:3c8aeb89 x10:10001738  PA:10001728
22641790ns          395825 1c009432 00052603 lw               x12, 0(x10)         x12=41a52b95 x10:10001738  PA:10001738
22641810ns          395826 1c009434 00032803 lw               x16, 0(x6)          x16=c0d814e4  x6:10001734  PA:10001734
22641830ns          395827 1c009438 00452e03 lw               x28, 4(x10)         x28=3fadf756 x10:10001738  PA:1000173c
22641850ns          395828 1c00943c 817676c3 fmadd.s          f13, f12, f23, f16  f13=xxxxxxxx f12:41a52b95 f23:bbcf047c f16:c0d814e4
22641870ns          395829 1c009440 01450513 addi             x10, x10, 20        x10=1000174c x10:10001738
22641890ns          395830 1c009442 69cd76c3 fmadd.s          f13, f26, f28, f13  f13=xxxxxxxx f26:b78030f1 f28:3fadf756 f13:c0dc416d
22641910ns          395831 1c009446 8136f84b fnmsub.s         f16, f13, f19, f16  f16=xxxxxxxx f13:c0dc4199 f19:3ffffd64 f16:c0d814e4
22641930ns          395832 1c00944a 6166f64b fnmsub.s         f12, f13, f22, f12  f12=xxxxxxxx f13:c0dc4199 f22:bc4f0260 f12:41a52b95
22641949ns          395833 1c00944e e0daf6cb fnmsub.s         f13, f21, f13, f28  f13=xxxxxxxx f21:b8002fa3 f13:c0dc4199 f28:3fadf756
22641969ns          395834 1c009452 01032a2b p.sw             x16, 20(x6!)         x6=10001748 x16:40e069d1  x6:10001734  PA:10001734
22641989ns          395835 1c009456 fec52623 sw               x12, -20(x10)       x12:41a4797a x10:1000174c  PA:10001738
22642009ns          395836 1c00945a fed52823 sw               x13, -16(x10)       x13:3fadf071 x10:1000174c  PA:1000173c
22642029ns          395837 1c009432 00052603 lw               x12, 0(x10)         x12=3fadf582 x10:1000174c  PA:1000174c
22642049ns          395838 1c009434 00032803 lw               x16, 0(x6)          x16=376bbdda  x6:10001748  PA:10001748
22642069ns          395839 1c009438 00452e03 lw               x28, 4(x10)         x28=40ddd233 x10:1000174c  PA:10001750
22642089ns          395840 1c00943c 817676c3 fmadd.s          f13, f12, f23, f16  f13=xxxxxxxx f12:3fadf582 f23:bbcf047c f16:376bbdda
22642109ns          395841 1c009440 01450513 addi             x10, x10, 20        x10=10001760 x10:1000174c
22642129ns          395842 1c009442 69cd76c3 fmadd.s          f13, f26, f28, f13  f13=xxxxxxxx f26:b78030f1 f28:40ddd233 f13:bc0c71a1
22642148ns          395843 1c009446 8136f84b fnmsub.s         f16, f13, f19, f16  f16=xxxxxxxx f13:bc0e2def f19:3ffffd64 f16:376bbdda
22642168ns          395844 1c00944a 6166f64b fnmsub.s         f12, f13, f22, f12  f12=xxxxxxxx f13:bc0e2def f22:bc4f0260 f12:3fadf582
22642188ns          395845 1c00944e e0daf6cb fnmsub.s         f13, f21, f13, f28  f13=xxxxxxxx f21:b8002fa3 f13:bc0e2def f28:40ddd233
22642208ns          395846 1c009452 01032a2b p.sw             x16, 20(x6!)         x6=1000175c x16:3c8e49f4  x6:10001748  PA:10001748
22642228ns          395847 1c009456 fec52623 sw               x12, -20(x10)       x12:3fadf1ea x10:10001760  PA:1000174c
22642248ns          395848 1c00945a fed52823 sw               x13, -16(x10)       x13:40ddd232 x10:10001760  PA:10001750
22642268ns          395849 1c00945e 00158513 addi             x10, x11, 1         x10=00000004 x11:00000003
22642288ns          395850 1c009462 02a12023 sw               x10, 32(x2)         x10:00000004  x2:100015f8  PA:10001618
22642308ns          395851 1c009464 73b55263 bge              x10, x27, 1828      x10:00000004 x27:00000004
22642467ns          395859 1c009b88 ffbc0913 addi             x18, x24, -5        x18=0000000a x24:0000000f
22642506ns          395861 1c009b8c 005c0613 addi             x12, x24, 5         x12=00000014 x24:0000000f
22642526ns          395862 1c009b90 be0dcce3 blt              x27, x0, -1032      x27:00000004
22642546ns          395863 1c009b94 01b005b3 add              x11, x0, x27        x11=00000004 x27:00000004
22642566ns          395864 1c009b96 00000693 addi             x13, x0, 0          x13=00000000
22642586ns          395865 1c009b98 9b5ff06f jal              x0, -1612          
22642666ns          395869 1c00954c 01812803 lw               x16, 24(x2)         x16=100016f0  x2:100015f8  PA:10001610
22642745ns          395873 1c00954e 00d90333 add              x6, x18, x13         x6=0000000a x18:0000000a x13:00000000
22642785ns          395875 1c009552 00dc08b3 add              x17, x24, x13       x17=0000000f x24:0000000f x13:00000000
22642805ns          395876 1c009556 00231313 slli             x6, x6, 0x2          x6=00000028  x6:0000000a
22642825ns          395877 1c009558 00289893 slli             x17, x17, 0x2       x17=0000003c x17:0000000f
22642845ns          395878 1c00955a 01030333 add              x6, x6, x16          x6=10001718  x6:00000028 x16:100016f0
22642864ns          395879 1c00955c 010888b3 add              x17, x17, x16       x17=1000172c x17:0000003c x16:100016f0
22642884ns          395880 1c00955e 00032e83 lw               x29, 0(x6)          x29=b73685ea  x6:10001718  PA:10001718
22642924ns          395882 1c009562 0008a803 lw               x16, 0(x17)         x16=388d6941 x17:1000172c  PA:1000172c
22642944ns          395883 1c009566 00d60e33 add              x28, x12, x13       x28=00000014 x12:00000014 x13:00000000
22642964ns          395884 1c00956a 01812283 lw               x5, 24(x2)           x5=100016f0  x2:100015f8  PA:10001610
22642984ns          395885 1c00956c 002e1e13 slli             x28, x28, 0x2       x28=00000050 x28:00000014
22643004ns          395886 1c00956e 005e0e33 add              x28, x28, x5        x28=10001740 x28:00000050  x5:100016f0
22643024ns          395887 1c009570 e90bf843 fmadd.s          f16, f23, f16, f29  f16=xxxxxxxx f23:bbcf047c f16:388d6941 f29:b73685ea
22643063ns          395889 1c009574 000e2f03 lw               x30, 0(x28)         x30=b5a22914 x28:10001740  PA:10001740
22643083ns          395890 1c009578 00168513 addi             x10, x13, 1         x10=00000001 x13:00000000
22643103ns          395891 1c00957c 81ed7843 fmadd.s          f16, f26, f30, f16  f16=xxxxxxxx f26:b78030f1 f30:b5a22914 f16:b73dab93
22643163ns          395894 1c009580 e909fecb fnmsub.s         f29, f19, f16, f29  f29=xxxxxxxx f19:3ffffd64 f16:b73dab7f f29:b73685ea
22643203ns          395896 1c009584 01d32023 sw               x29, 0(x6)          x29:3744cd36  x6:10001718  PA:10001718
22643222ns          395897 1c009588 0008a303 lw               x6, 0(x17)           x6=388d6941 x17:1000172c  PA:1000172c
22643262ns          395899 1c00958c 310b734b fnmsub.s         f6, f22, f16, f6     f6=xxxxxxxx f22:bc4f0260 f16:b73dab7f  f6:388d6941
22643302ns          395901 1c009590 0068a023 sw               x6, 0(x17)           x6:388d1c91 x17:1000172c  PA:1000172c
22643342ns          395903 1c009594 000e2f03 lw               x30, 0(x28)         x30=b5a22914 x28:10001740  PA:10001740
22643382ns          395905 1c009598 f10af84b fnmsub.s         f16, f21, f16, f30  f16=xxxxxxxx f21:b8002fa3 f16:b73dab7f f30:b5a22914
22643402ns          395906 1c00959c 010e2023 sw               x16, 0(x28)         x16:b5a234f3 x28:10001740  PA:10001740
22643441ns          395908 1c0095a0 1ea5c463 blt              x11, x10, 488       x11:00000004 x10:00000001
22643481ns          395910 1c0095a4 01250e33 add              x28, x10, x18       x28=0000000b x10:00000001 x18:0000000a
22643501ns          395911 1c0095a8 01850333 add              x6, x10, x24         x6=00000010 x10:00000001 x24:0000000f
22643521ns          395912 1c0095ac 002e1e13 slli             x28, x28, 0x2       x28=0000002c x28:0000000b
22643541ns          395913 1c0095ae 00231313 slli             x6, x6, 0x2          x6=00000040  x6:00000010
22643581ns          395915 1c0095b0 00530333 add              x6, x6, x5           x6=10001730  x6:00000040  x5:100016f0
22643600ns          395916 1c0095b2 005e0e33 add              x28, x28, x5        x28=1000171c x28:0000002c  x5:100016f0
22643620ns          395917 1c0095b4 000e2e83 lw               x29, 0(x28)         x29=c12eb8df x28:1000171c  PA:1000171c
22643640ns          395918 1c0095b8 00032883 lw               x17, 0(x6)          x17=3e0d4493  x6:10001730  PA:10001730
22643660ns          395919 1c0095bc 00c50533 add              x10, x10, x12       x10=00000015 x10:00000001 x12:00000014
22643680ns          395920 1c0095be 00251513 slli             x10, x10, 0x2       x10=00000054 x10:00000015
22643720ns          395922 1c0095c0 00550533 add              x10, x10, x5        x10=10001744 x10:00000054  x5:100016f0
22643760ns          395924 1c0095c2 e91bf8c3 fmadd.s          f17, f23, f17, f29  f17=xxxxxxxx f23:bbcf047c f17:3e0d4493 f29:c12eb8df
22643779ns          395925 1c0095c6 00052f03 lw               x30, 0(x10)         x30=39bf8862 x10:10001744  PA:10001744
22643799ns          395926 1c0095ca 00268813 addi             x16, x13, 2         x16=00000002 x13:00000000
22643859ns          395929 1c0095ce 89ed78c3 fmadd.s          f17, f26, f30, f17  f17=xxxxxxxx f26:b78030f1 f30:39bf8862 f17:c12ebc71
22643899ns          395931 1c0095d2 e919fecb fnmsub.s         f29, f19, f17, f29  f29=xxxxxxxx f19:3ffffd64 f17:c12ebc71 f29:c12eb8df
22643919ns          395932 1c0095d6 01de2023 sw               x29, 0(x28)         x29:412ebc73 x28:1000171c  PA:1000171c
22643939ns          395933 1c0095da 00032e03 lw               x28, 0(x6)          x28=3e0d4493  x6:10001730  PA:10001730
22643998ns          395936 1c0095de e11b7e4b fnmsub.s         f28, f22, f17, f28  f28=xxxxxxxx f22:bc4f0260 f17:c12ebc71 f28:3e0d4493
22644038ns          395938 1c0095e2 01c32023 sw               x28, 0(x6)          x28:b7ed6bd2  x6:10001730  PA:10001730
22644058ns          395939 1c0095e6 00052f03 lw               x30, 0(x10)         x30=39bf8862 x10:10001744  PA:10001744
22644098ns          395941 1c0095ea f11af8cb fnmsub.s         f17, f21, f17, f30  f17=xxxxxxxx f21:b8002fa3 f17:c12ebc71 f30:39bf8862
22644137ns          395943 1c0095ee 01152023 sw               x17, 0(x10)         x17:3804574a x10:10001744  PA:10001744
22644177ns          395945 1c0095f2 1905cb63 blt              x11, x16, 406       x11:00000004 x16:00000002
22644197ns          395946 1c0095f6 01280e33 add              x28, x16, x18       x28=0000000c x16:00000002 x18:0000000a
22644217ns          395947 1c0095fa 01880333 add              x6, x16, x24         x6=00000011 x16:00000002 x24:0000000f
22644237ns          395948 1c0095fe 002e1e13 slli             x28, x28, 0x2       x28=00000030 x28:0000000c
22644277ns          395950 1c009600 00231313 slli             x6, x6, 0x2          x6=00000044  x6:00000011
22644297ns          395951 1c009602 00530333 add              x6, x6, x5           x6=10001734  x6:00000044  x5:100016f0
22644316ns          395952 1c009604 005e0e33 add              x28, x28, x5        x28=10001720 x28:00000030  x5:100016f0
22644336ns          395953 1c009606 000e2e83 lw               x29, 0(x28)         x29=c40aaa03 x28:10001720  PA:10001720
22644356ns          395954 1c00960a 00032883 lw               x17, 0(x6)          x17=40e069d1  x6:10001734  PA:10001734
22644376ns          395955 1c00960e 00c80533 add              x10, x16, x12       x10=00000016 x16:00000002 x12:00000014
22644396ns          395956 1c009612 00251513 slli             x10, x10, 0x2       x10=00000058 x10:00000016
22644416ns          395957 1c009614 00550533 add              x10, x10, x5        x10=10001748 x10:00000058  x5:100016f0
22644436ns          395958 1c009616 e91bf8c3 fmadd.s          f17, f23, f17, f29  f17=xxxxxxxx f23:bbcf047c f17:40e069d1 f29:c40aaa03
22644456ns          395959 1c00961a 00052f03 lw               x30, 0(x10)         x30=3c8e49f4 x10:10001748  PA:10001748
22644496ns          395961 1c00961e 00368813 addi             x16, x13, 3         x16=00000003 x13:00000000
22644535ns          395963 1c009622 89ed78c3 fmadd.s          f17, f26, f30, f17  f17=xxxxxxxx f26:b78030f1 f30:3c8e49f4 f17:c40aacd9
22644555ns          395964 1c009626 e919fecb fnmsub.s         f29, f19, f17, f29  f29=xxxxxxxx f19:3ffffd64 f17:c40aacd9 f29:c40aaa03
22644575ns          395965 1c00962a 01de2023 sw               x29, 0(x28)         x29:440aacdb x28:10001720  PA:10001720
22644635ns          395968 1c00962e 00032e03 lw               x28, 0(x6)          x28=40e069d1  x6:10001734  PA:10001734
22644675ns          395970 1c009632 e11b7e4b fnmsub.s         f28, f22, f17, f28  f28=xxxxxxxx f22:bc4f0260 f17:c40aacd9 f28:40e069d1
22644694ns          395971 1c009636 01c32023 sw               x28, 0(x6)          x28:3b8edd74  x6:10001734  PA:10001734
22644714ns          395972 1c00963a 00052f03 lw               x30, 0(x10)         x30=3c8e49f4 x10:10001748  PA:10001748
22644774ns          395975 1c00963e f11af8cb fnmsub.s         f17, f21, f17, f30  f17=xxxxxxxx f21:b8002fa3 f17:c40aacd9 f30:3c8e49f4
22644814ns          395977 1c009642 01152023 sw               x17, 0(x10)         x17:39da5fbc x10:10001748  PA:10001748
22644834ns          395978 1c009646 1505c163 blt              x11, x16, 322       x11:00000004 x16:00000003
22644854ns          395979 1c00964a 01280e33 add              x28, x16, x18       x28=0000000d x16:00000003 x18:0000000a
22644913ns          395982 1c00964e 01880333 add              x6, x16, x24         x6=00000012 x16:00000003 x24:0000000f
22644933ns          395983 1c009652 002e1e13 slli             x28, x28, 0x2       x28=00000034 x28:0000000d
22644953ns          395984 1c009654 00231313 slli             x6, x6, 0x2          x6=00000048  x6:00000012
22644973ns          395985 1c009656 00530333 add              x6, x6, x5           x6=10001738  x6:00000048  x5:100016f0
22644993ns          395986 1c009658 005e0e33 add              x28, x28, x5        x28=10001724 x28:00000034  x5:100016f0
22645013ns          395987 1c00965a 000e2e83 lw               x29, 0(x28)         x29=3e82d53f x28:10001724  PA:10001724
22645052ns          395989 1c00965e 00032883 lw               x17, 0(x6)          x17=41a4797a  x6:10001738  PA:10001738
22645092ns          395991 1c009662 00c80533 add              x10, x16, x12       x10=00000017 x16:00000003 x12:00000014
22645112ns          395992 1c009666 00251513 slli             x10, x10, 0x2       x10=0000005c x10:00000017
22645132ns          395993 1c009668 00550533 add              x10, x10, x5        x10=1000174c x10:0000005c  x5:100016f0
22645152ns          395994 1c00966a e91bf8c3 fmadd.s          f17, f23, f17, f29  f17=xxxxxxxx f23:bbcf047c f17:41a4797a f29:3e82d53f
22645192ns          395996 1c00966e 00052f03 lw               x30, 0(x10)         x30=3fadf1ea x10:1000174c  PA:1000174c
22645231ns          395998 1c009672 00468813 addi             x16, x13, 4         x16=00000004 x13:00000000
22645251ns          395999 1c009676 89ed78c3 fmadd.s          f17, f26, f30, f17  f17=xxxxxxxx f26:b78030f1 f30:3fadf1ea f17:3e00a963
22645271ns          396000 1c00967a e919fecb fnmsub.s         f29, f19, f17, f29  f29=xxxxxxxx f19:3ffffd64 f17:3e00a3f1 f29:3e82d53f
22645331ns          396003 1c00967e 01de2023 sw               x29, 0(x28)         x29:3b8ca76b x28:10001724  PA:10001724
22645371ns          396005 1c009682 00032e03 lw               x28, 0(x6)          x28=41a4797a  x6:10001738  PA:10001738
22645410ns          396007 1c009686 e11b7e4b fnmsub.s         f28, f22, f17, f28  f28=xxxxxxxx f22:bc4f0260 f17:3e00a3f1 f28:41a4797a
22645430ns          396008 1c00968a 01c32023 sw               x28, 0(x6)          x28:41a47cba  x6:10001738  PA:10001738
22645470ns          396010 1c00968e 00052f03 lw               x30, 0(x10)         x30=3fadf1ea x10:1000174c  PA:1000174c
22645510ns          396012 1c009692 f11af8cb fnmsub.s         f17, f21, f17, f30  f17=xxxxxxxx f21:b8002fa3 f17:3e00a3f1 f30:3fadf1ea
22645530ns          396013 1c009696 01152023 sw               x17, 0(x10)         x17:3fadf20a x10:1000174c  PA:1000174c
22645550ns          396014 1c00969a 0f05c763 blt              x11, x16, 238       x11:00000004 x16:00000004
22645609ns          396017 1c00969e 01280e33 add              x28, x16, x18       x28=0000000e x16:00000004 x18:0000000a
22645649ns          396019 1c0096a2 01880333 add              x6, x16, x24         x6=00000013 x16:00000004 x24:0000000f
22645669ns          396020 1c0096a6 002e1e13 slli             x28, x28, 0x2       x28=00000038 x28:0000000e
22645689ns          396021 1c0096a8 00231313 slli             x6, x6, 0x2          x6=0000004c  x6:00000013
22645709ns          396022 1c0096aa 00530333 add              x6, x6, x5           x6=1000173c  x6:0000004c  x5:100016f0
22645729ns          396023 1c0096ac 005e0e33 add              x28, x28, x5        x28=10001728 x28:00000038  x5:100016f0
22645749ns          396024 1c0096ae 000e2e83 lw               x29, 0(x28)         x29=3c8aeb89 x28:10001728  PA:10001728
22645788ns          396026 1c0096b2 00032883 lw               x17, 0(x6)          x17=3fadf071  x6:1000173c  PA:1000173c
22645808ns          396027 1c0096b6 00c80533 add              x10, x16, x12       x10=00000018 x16:00000004 x12:00000014
22645828ns          396028 1c0096ba 00251513 slli             x10, x10, 0x2       x10=00000060 x10:00000018
22645848ns          396029 1c0096bc 00550533 add              x10, x10, x5        x10=10001750 x10:00000060  x5:100016f0
22645888ns          396031 1c0096be e91bf8c3 fmadd.s          f17, f23, f17, f29  f17=xxxxxxxx f23:bbcf047c f17:3fadf071 f29:3c8aeb89
22645928ns          396033 1c0096c2 00052f03 lw               x30, 0(x10)         x30=40ddd232 x10:10001750  PA:10001750
22645948ns          396034 1c0096c6 00568813 addi             x16, x13, 5         x16=00000005 x13:00000000
22645967ns          396035 1c0096ca 89ed78c3 fmadd.s          f17, f26, f30, f17  f17=xxxxxxxx f26:b78030f1 f30:40ddd232 f17:3c092e9b
22646027ns          396038 1c0096ce e919fecb fnmsub.s         f29, f19, f17, f29  f29=xxxxxxxx f19:3ffffd64 f17:3c07724d f29:3c8aeb89
22646067ns          396040 1c0096d2 01de2023 sw               x29, 0(x28)         x29:39dea75c x28:10001728  PA:10001728
22646087ns          396041 1c0096d6 00032e03 lw               x28, 0(x6)          x28=3fadf071  x6:1000173c  PA:1000173c
22646127ns          396043 1c0096da e11b7e4b fnmsub.s         f28, f22, f17, f28  f28=xxxxxxxx f22:bc4f0260 f17:3c07724d f28:3fadf071
22646166ns          396045 1c0096de 01c32023 sw               x28, 0(x6)          x28:3fadf3dd  x6:1000173c  PA:1000173c
22646206ns          396047 1c0096e2 00052f03 lw               x30, 0(x10)         x30=40ddd232 x10:10001750  PA:10001750
22646246ns          396049 1c0096e6 f11af8cb fnmsub.s         f17, f21, f17, f30  f17=xxxxxxxx f21:b8002fa3 f17:3c07724d f30:40ddd232
22646266ns          396050 1c0096ea 01152023 sw               x17, 0(x10)         x17:40ddd233 x10:10001750  PA:10001750
22646306ns          396052 1c0096ee 0905cd63 blt              x11, x16, 154       x11:00000004 x16:00000005
22646405ns          396057 1c009788 ff072383 lw               x7, -16(x14)         x7=bd1a4269 x14:10001790  PA:10001780
22646445ns          396059 1c00978c 00472283 lw               x5, 4(x14)           x5=be2ce886 x14:10001790  PA:10001794
22646504ns          396062 1c009790 fec72483 lw               x9, -20(x14)         x9=bd763941 x14:10001790  PA:1000177c
22646544ns          396064 1c009794 00072403 lw               x8, 0(x14)           x8=bebcb5c7 x14:10001790  PA:10001790
22646564ns          396065 1c009796 ffc72c03 lw               x24, -4(x14)        x24=bec34212 x14:10001790  PA:1000178c
22646584ns          396066 1c00979a 01072883 lw               x17, 16(x14)        x17=bdf64693 x14:10001790  PA:100017a0
22646644ns          396069 1c00979e ff472f03 lw               x30, -12(x14)       x30=bf12cad9 x14:10001790  PA:10001784
22646683ns          396071 1c0097a2 00872e83 lw               x29, 8(x14)         x29=3f41c17a x14:10001790  PA:10001798
22646703ns          396072 1c0097a6 3972f543 fmadd.s          f10, f5, f23, f7    f10=xxxxxxxx  f5:be2ce886 f23:bbcf047c  f7:bd1a4269
22646723ns          396073 1c0097aa 49747843 fmadd.s          f16, f8, f23, f9    f16=xxxxxxxx  f8:bebcb5c7 f23:bbcf047c  f9:bd763941
22646783ns          396076 1c0097ae c178f943 fmadd.s          f18, f17, f23, f24  f18=xxxxxxxx f17:bdf64693 f23:bbcf047c f24:bec34212
22646823ns          396078 1c0097b2 01872c03 lw               x24, 24(x14)        x24=3f58b800 x14:10001790  PA:100017a8
22646843ns          396079 1c0097b6 01472883 lw               x17, 20(x14)        x17=3e3189c3 x14:10001790  PA:100017a4
22646863ns          396080 1c0097ba ff872e03 lw               x28, -8(x14)        x28=bf38bc00 x14:10001790  PA:10001788
22646922ns          396083 1c0097be 00c72303 lw               x6, 12(x14)          x6=beff26c7 x14:10001790  PA:1000179c
22646962ns          396085 1c0097c2 f17ef5c3 fmadd.s          f11, f29, f23, f30  f11=xxxxxxxx f29:3f41c17a f23:bbcf047c f30:bf12cad9
22646982ns          396086 1c0097c6 518d7543 fmadd.s          f10, f26, f24, f10  f10=xxxxxxxx f26:b78030f1 f24:3f58b800 f10:bd15e3d1
22647002ns          396087 1c0097ca 01c72c03 lw               x24, 28(x14)        x24=3de04e80 x14:10001790  PA:100017ac
22647061ns          396090 1c0097ce 811d7843 fmadd.s          f16, f26, f17, f16  f16=xxxxxxxx f26:b78030f1 f17:3e3189c3 f16:bd6caf9c
22647101ns          396092 1c0097d2 e17376c3 fmadd.s          f13, f6, f23, f28   f13=xxxxxxxx  f6:beff26c7 f23:bbcf047c f28:bf38bc00
22647121ns          396093 1c0097d6 598d75c3 fmadd.s          f11, f26, f24, f11  f11=xxxxxxxx f26:b78030f1 f24:3de04e80 f11:bf140437
22647141ns          396094 1c0097da 02072c03 lw               x24, 32(x14)        x24=beabb204 x14:10001790  PA:100017b0
22647201ns          396097 1c0097de 4909f4cb fnmsub.s         f9, f19, f16, f9     f9=xxxxxxxx f19:3ffffd64 f16:bd6cb263  f9:bd763941
22647240ns          396099 1c0097e2 698d76c3 fmadd.s          f13, f26, f24, f13  f13=xxxxxxxx f26:b78030f1 f24:beabb204 f13:bf37edab
22647260ns          396100 1c0097e6 4168744b fnmsub.s         f8, f16, f22, f8     f8=xxxxxxxx f16:bd6cb263 f22:bc4f0260  f8:bebcb5c7
22647280ns          396101 1c0097ea 02472c03 lw               x24, 36(x14)        x24=3eb7c59e x14:10001790  PA:100017b4
22647340ns          396104 1c0097ee 890af84b fnmsub.s         f16, f21, f16, f17  f16=xxxxxxxx f21:b8002fa3 f16:bd6cb263 f17:3e3189c3
22647380ns          396106 1c0097f2 01872883 lw               x17, 24(x14)        x17=3f58b800 x14:10001790  PA:100017a8
22647400ns          396107 1c0097f6 918d7943 fmadd.s          f18, f26, f24, f18  f18=xxxxxxxx f26:b78030f1 f24:3eb7c59e f18:bec2de7e
22647419ns          396108 1c0097fa 38a9f3cb fnmsub.s         f7, f19, f10, f7     f7=xxxxxxxx f19:3ffffd64 f10:bd15f162  f7:bd1a4269
22647479ns          396111 1c0097fe 01c72c03 lw               x24, 28(x14)        x24=3de04e80 x14:10001790  PA:100017ac
22647519ns          396113 1c009802 296572cb fnmsub.s         f5, f10, f22, f5     f5=xxxxxxxx f10:bd15f162 f22:bc4f0260  f5:be2ce886
22647539ns          396114 1c009806 88aaf54b fnmsub.s         f10, f21, f10, f17  f10=xxxxxxxx f21:b8002fa3 f10:bd15f162 f17:3f58b800
22647559ns          396115 1c00980a 02072883 lw               x17, 32(x14)        x17=beabb204 x14:10001790  PA:100017b0
22647579ns          396116 1c00980e f0b9ff4b fnmsub.s         f30, f19, f11, f30  f30=xxxxxxxx f19:3ffffd64 f11:bf140453 f30:bf12cad9
22647598ns          396117 1c009812 e965fecb fnmsub.s         f29, f11, f22, f29  f29=xxxxxxxx f11:bf140453 f22:bc4f0260 f29:3f41c17a
22647618ns          396118 1c009816 e0d9fe4b fnmsub.s         f28, f19, f13, f28  f28=xxxxxxxx f19:3ffffd64 f13:bf37ed55 f28:bf38bc00
22647638ns          396119 1c00981a c0baf5cb fnmsub.s         f11, f21, f11, f24  f11=xxxxxxxx f21:b8002fa3 f11:bf140453 f24:3de04e80
22647698ns          396122 1c00981e 3166f34b fnmsub.s         f6, f13, f22, f6     f6=xxxxxxxx f13:bf37ed55 f22:bc4f0260  f6:beff26c7
22647738ns          396124 1c009822 ffc72c03 lw               x24, -4(x14)        x24=bec34212 x14:10001790  PA:1000178c
22647758ns          396125 1c009826 88daf6cb fnmsub.s         f13, f21, f13, f17  f13=xxxxxxxx f21:b8002fa3 f13:bf37ed55 f17:beabb204
22647777ns          396126 1c00982a c129fc4b fnmsub.s         f24, f19, f18, f24  f24=xxxxxxxx f19:3ffffd64 f18:bec2df36 f24:bec34212
22647797ns          396127 1c00982e 00b72e23 sw               x11, 28(x14)        x11:3de0453c x14:10001790  PA:100017ac
22647837ns          396129 1c009830 02d72023 sw               x13, 32(x14)        x13:beabb4e5 x14:10001790  PA:100017b0
22647857ns          396130 1c009832 01072683 lw               x13, 16(x14)        x13=bdf64693 x14:10001790  PA:100017a0
22647877ns          396131 1c009834 ff872e23 sw               x24, -4(x14)        x24:3ec27861 x14:10001790  PA:1000178c
22647897ns          396132 1c009838 69697c4b fnmsub.s         f24, f18, f22, f13  f24=xxxxxxxx f18:bec2df36 f22:bc4f0260 f13:bdf64693
22647917ns          396133 1c00983c 02472683 lw               x13, 36(x14)        x13=3eb7c59e x14:10001790  PA:100017b4
22647937ns          396134 1c00983e fe972623 sw               x9, -20(x14)         x9:3d6326b2 x14:10001790  PA:1000177c
22647956ns          396135 1c009842 692af8cb fnmsub.s         f17, f21, f18, f13  f17=xxxxxxxx f21:b8002fa3 f18:bec2df36 f13:3eb7c59e
22647976ns          396136 1c009846 00872023 sw               x8, 0(x14)           x8:bebd157a x14:10001790  PA:10001790
22647996ns          396137 1c009848 01072a23 sw               x16, 20(x14)        x16:3e31894c x14:10001790  PA:100017a4
22648016ns          396138 1c00984c fe772823 sw               x7, -16(x14)         x7:3d119d4c x14:10001790  PA:10001780
22648056ns          396140 1c009850 00572223 sw               x5, 4(x14)           x5:be2d61c6 x14:10001790  PA:10001794
22648096ns          396142 1c009854 00a72c23 sw               x10, 24(x14)        x10:3f58b7ed x14:10001790  PA:100017a8
22648116ns          396143 1c009856 ffe72a23 sw               x30, -12(x14)       x30:3f153ac9 x14:10001790  PA:10001784
22648136ns          396144 1c00985a 01d72423 sw               x29, 8(x14)         x29:3f3fe2b7 x14:10001790  PA:10001798
22648195ns          396147 1c00985e ffc72c23 sw               x28, -8(x14)        x28:3f371aea x14:10001790  PA:10001788
22648215ns          396148 1c009862 02012583 lw               x11, 32(x2)         x11=00000004  x2:100015f8  PA:10001618
22648235ns          396149 1c009864 00672623 sw               x6, 12(x14)          x6:bf01e64e x14:10001790  PA:1000179c
22648255ns          396150 1c009868 01872823 sw               x24, 16(x14)        x24:be000fec x14:10001790  PA:100017a0
22648275ns          396151 1c00986c 03172223 sw               x17, 36(x14)        x17:3eb7c418 x14:10001790  PA:100017b4
22648334ns          396154 1c009870 01470713 addi             x14, x14, 20        x14=100017a4 x14:10001790
22648354ns          396155 1c009872 01478793 addi             x15, x15, 20        x15=10001740 x15:1000172c
22648374ns          396156 1c009874 004a0a13 addi             x20, x20, 4         x20=10001760 x20:1000175c
22648394ns          396157 1c009876 02812683 lw               x13, 40(x2)         x13=10001724  x2:100015f8  PA:10001620
22648414ns          396158 1c009878 00c00c33 add              x24, x0, x12        x24=00000014 x12:00000014
22648434ns          396159 1c00987a 014f8f93 addi             x31, x31, 20        x31=1000172c x31:10001718
22648454ns          396160 1c00987c 90bdd8e3 bge              x27, x11, -1776     x27:00000004 x11:00000004
22648553ns          396165 1c00918c 0bb587e3 beq              x11, x27, 2222      x11:00000004 x27:00000004
22648752ns          396175 1c009a3a 0cbccf63 blt              x25, x11, 222       x25:00000001 x11:00000004
22648931ns          396184 1c009b18 0046a603 lw               x12, 4(x13)         x12=39dea75c x13:10001724  PA:10001728
22648971ns          396186 1c009b1a 00000813 addi             x16, x0, 0          x16=00000000
22648991ns          396187 1c009b1e 0006a503 lw               x10, 0(x13)         x10=3b8ca76b x13:10001724  PA:10001724
22649031ns          396189 1c009b20 a1061853 flt.s            x16, f12, f16       x16=00000000 f12:39dea75c f16:00000000
22649070ns          396191 1c009b24 08a12223 sw               x10, 132(x2)        x10:3b8ca76b  x2:100015f8  PA:1000167c
22649090ns          396192 1c009b26 08c12423 sw               x12, 136(x2)        x12:39dea75c  x2:100015f8  PA:10001680
22649110ns          396193 1c009b28 f20803e3 beq              x16, x0, -218       x16:00000000
22649269ns          396201 1c009a4e 00000813 addi             x16, x0, 0          x16=00000000
22649309ns          396203 1c009a52 a1062353 feq.s            x6, f12, f16         x6=00000000 f12:39dea75c f16:00000000
22649329ns          396204 1c009a56 00200893 addi             x17, x0, 2          x17=00000002
22649349ns          396205 1c009a58 00100e93 addi             x29, x0, 1          x29=00000001
22649369ns          396206 1c009a5a fa030c63 beq              x6, x0, -2120        x6:00000000
22649588ns          396217 1c009212 a1051853 flt.s            x16, f10, f16       x16=00000000 f10:3b8ca76b f16:00000000
22649607ns          396218 1c009216 180812e3 bne              x16, x0, 2436       x16:00000000
22649627ns          396219 1c00921a 00a00833 add              x16, x0, x10        x16=3b8ca76b x10:3b8ca76b
22649647ns          396220 1c00921c 00000313 addi             x6, x0, 0            x6=00000000
22649687ns          396222 1c009220 a0661353 flt.s            x6, f12, f6          x6=00000000 f12:39dea75c  f6:00000000
22649727ns          396224 1c009224 00030463 beq              x6, x0, 8            x6:00000000
22649786ns          396227 1c00922c a0c81353 flt.s            x6, f16, f12         x6=00000000 f16:3b8ca76b f12:39dea75c
22649846ns          396230 1c009230 12031ce3 bne              x6, x0, 2360         x6:00000000
22649886ns          396232 1c009234 a1061353 flt.s            x6, f12, f16         x6=00000001 f12:39dea75c f16:3b8ca76b
22649906ns          396233 1c009238 18031fe3 bne              x6, x0, 2462         x6:00000001
22650105ns          396243 1c009bd6 1c000337 lui              x6, 0x1c000000       x6=1c000000
22650125ns          396244 1c009bda 04c30313 addi             x6, x6, 76           x6=1c00004c  x6:1c000000
22650184ns          396247 1c009bde 00032303 lw               x6, 0(x6)            x6=3f800000  x6:1c00004c  PA:1c00004c
22650542ns          396265 1c009be2 19067653 fdiv.s           f12, f12, f16       f12=xxxxxxxx f12:39dea75c f16:3b8ca76b
22650821ns          396279 1c009be6 30c67643 fmadd.s          f12, f12, f12, f6   f12=xxxxxxxx f12:3dca9f65 f12:3dca9f65  f6:3f800000
22650841ns          396280 1c009bea 58067653 fsqrt.s          f12, f12            f12=xxxxxxxx f12:3f8140c0
22651378ns          396307 1c009bee 10c87653 fmul.s           f12, f16, f12       f12=xxxxxxxx f16:3b8ca76b f12:3f809ffc
22651398ns          396308 1c009bf2 e62ff06f jal              x0, -2462          
22651477ns          396312 1c009254 00000813 addi             x16, x0, 0          x16=00000000
22651517ns          396314 1c009258 a0a80853 fle.s            x16, f16, f10       x16=00000001 f16:00000000 f10:3b8ca76b
22651537ns          396315 1c00925c 00080463 beq              x16, x0, 8          x16:00000001
22651974ns          396337 1c009260 20c61653 fsgnjn.s         f12, f12, f12       f12=xxxxxxxx f12:3b8d5738 f12:3b8d5738
22652014ns          396339 1c009264 00000813 addi             x16, x0, 0          x16=00000000
22652034ns          396340 1c009268 a1061853 flt.s            x16, f12, f16       x16=00000001 f12:bb8d5738 f16:00000000
22652054ns          396341 1c00926c 12081be3 bne              x16, x0, 2358       x16:00000001
22652233ns          396350 1c009ba2 20c61853 fsgnjn.s         f16, f12, f12       f16=xxxxxxxx f12:bb8d5738 f12:bb8d5738
22652253ns          396351 1c009ba6 eccff06f jal              x0, -2356          
22652313ns          396354 1c009272 1c0004b7 lui              x9, 0x1c000000       x9=1c000000
22652332ns          396355 1c009276 03048493 addi             x9, x9, 48           x9=1c000030  x9:1c000000
22652352ns          396356 1c00927a 0004a483 lw               x9, 0(x9)            x9=0c000000  x9:1c000030  PA:1c000030
22652671ns          396372 1c00927c a0981853 flt.s            x16, f16, f9        x16=00000000 f16:3b8d5738  f9:0c000000
22652690ns          396373 1c009280 0a080ce3 beq              x16, x0, 2232       x16:00000000
22652790ns          396378 1c009b38 1c000337 lui              x6, 0x1c000000       x6=1c000000
22652830ns          396380 1c009b3c 04c32803 lw               x16, 76(x6)         x16=3f800000  x6:1c000000  PA:1c00004c
22653148ns          396396 1c009b40 08c57353 fsub.s           f6, f10, f12         f6=xxxxxxxx f10:3b8ca76b f12:bb8d5738
22653168ns          396397 1c009b44 18687853 fdiv.s           f16, f16, f6        f16=xxxxxxxx f16:3f800000  f6:3c0cff52  PA:10001680
22653446ns          396411 1c009b48 08812303 lw               x6, 136(x2)          x6=xxxxxxxx  x2:100015f8
22653466ns          396412 1c009b4a 08a679d3 fsub.s           f19, f12, f10       f19=xxxxxxxx f12:bb8d5738 f10:3b8ca76b
22653725ns          396425 1c009b4e 11037353 fmul.s           f6, f6, f16          f6=xxxxxxxx  f6:39dea75c f16:42e866cb
22653745ns          396426 1c009b52 18c9f9d3 fdiv.s           f19, f19, f12       f19=xxxxxxxx f19:bc0cff52 f12:bb8d5738  PA:10001680
22653765ns          396427 1c009b56 08612423 sw               x6, 136(x2)          x6:3d4a2113  x2:100015f8
22653784ns          396428 1c009b58 0038b663 p.bneimm         x17, 12             x17:00000002
22653884ns          396433 1c009b64 00c00533 add              x10, x0, x12        x10=xxxxxxxx x12:bb8d5738
22653904ns          396434 1c009b66 87fff06f jal              x0, -1922            PA:1000167c
22653983ns          396438 1c0093e4 08a12223 sw               x10, 132(x2)        x10:bb8d5738  x2:100015f8
22654023ns          396440 1c0093e6 4cbcd763 bge              x25, x11, 1230      x25:00000001 x11:00000004
22654043ns          396441 1c0093ea 00a6a023 sw               x10, 0(x13)         x10:bb8d5738 x13:10001724  PA:10001724
22654063ns          396442 1c0093ec 0006a223 sw               x0, 4(x13)          x13:10001724  PA:10001728
22654103ns          396444 1c0093f0 01b5d463 bge              x11, x27, 8         x11:00000004 x27:00000004
22654162ns          396447 1c0093f8 08812b83 lw               x23, 136(x2)        x23=xxxxxxxx  x2:100015f8  PA:10001680
22654202ns          396449 1c0093fa 1179fb53 fmul.s           f22, f19, f23       f22=xxxxxxxx f19:3fff60cc f23:3d4a2113
22654242ns          396451 1c0093fe 4c38bd63 p.bneimm         x17, 1242           x17:00000002
22654341ns          396456 1c0098d8 01468893 addi             x17, x13, 20        x17=10001738 x13:10001724
22654381ns          396458 1c0098dc 411a0833 sub              x16, x20, x17       x16=00000028 x20:10001760 x17:10001738
22654441ns          396461 1c0098e0 fec80813 addi             x16, x16, -20       x16=00000014 x16:00000028
22654481ns          396463 1c0098e2 0cccd637 lui              x12, 0xcccd000      x12=0cccd000
22654501ns          396464 1c0098e6 00285813 srli             x16, x16, 0x2       x16=00000005 x16:00000014
22654520ns          396465 1c0098ea ccd60613 addi             x12, x12, -819      x12=0ccccccd x12:0cccd000
22654580ns          396468 1c0098ee 02c80833 mul              x16, x16, x12       x16=40000001 x16:00000005 x12:0ccccccd
22654600ns          396469 1c0098f2 01868693 addi             x13, x13, 24        x13=1000173c x13:10001724
22654620ns          396470 1c0098f4 c3e83833 p.bclr           x16, x16, 1, 30     x16=00000001 x16:40000001
22654640ns          396471 1c0098f8 02d12423 sw               x13, 40(x2)         x13:1000173c  x2:100015f8  PA:10001620
22654660ns          396472 1c0098fa 00d00333 add              x6, x0, x13          x6=1000173c x13:1000173c
22654680ns          396473 1c0098fc 00180813 addi             x16, x16, 1         x16=00000002 x16:00000001
22654719ns          396475 1c0098fe 00e840fb lp.setup         0x1, x16, 0xe       x16:00000002
22654759ns          396477 1c009902 0008a603 lw               x12, 0(x17)         x12=41a47cba x17:10001738  PA:10001738
22654779ns          396478 1c009906 00032503 lw               x10, 0(x6)          x10=3fadf3dd  x6:1000173c  PA:1000173c
22654839ns          396481 1c00990a 617576c3 fmadd.s          f13, f10, f23, f12  f13=xxxxxxxx f10:3fadf3dd f23:3d4a2113 f12:41a47cba
22654859ns          396482 1c00990e 6136f64b fnmsub.s         f12, f13, f19, f12  f12=xxxxxxxx f13:41a50613 f19:3fff60cc f12:41a47cba
22654898ns          396484 1c009912 5166f6cb fnmsub.s         f13, f13, f22, f10  f13=xxxxxxxx f13:41a50613 f22:3dc9a35f f10:3fadf3dd
22654918ns          396485 1c009916 00c8aa2b p.sw             x12, 20(x17!)       x17=1000174c x12:c1a4c22b x17:10001738  PA:10001738
22654938ns          396486 1c00991a 00d32a2b p.sw             x13, 20(x6!)         x6=10001750 x13:bf2c049a  x6:1000173c  PA:1000173c
22654978ns          396488 1c009902 0008a603 lw               x12, 0(x17)         x12=3fadf20a x17:1000174c  PA:1000174c
22654998ns          396489 1c009906 00032503 lw               x10, 0(x6)          x10=40ddd233  x6:10001750  PA:10001750
22655038ns          396491 1c00990a 617576c3 fmadd.s          f13, f10, f23, f12  f13=xxxxxxxx f10:40ddd233 f23:3d4a2113 f12:3fadf20a
22655057ns          396492 1c00990e 6136f64b fnmsub.s         f12, f13, f19, f12  f12=xxxxxxxx f13:3fd9bb2b f19:3fff60cc f12:3fadf20a
22655077ns          396493 1c009912 5166f6cb fnmsub.s         f13, f13, f22, f10  f13=xxxxxxxx f13:3fd9bb2b f22:3dc9a35f f10:40ddd233
22655097ns          396494 1c009916 00c8aa2b p.sw             x12, 20(x17!)       x17=10001760 x12:c0023abf x17:1000174c  PA:1000174c
22655117ns          396495 1c00991a 00d32a2b p.sw             x13, 20(x6!)         x6=10001764 x13:40d8763c  x6:10001750  PA:10001750
22655157ns          396497 1c00991e 000fa603 lw               x12, 0(x31)         x12=388d1c91 x31:1000172c  PA:1000172c
22655177ns          396498 1c009922 0007a503 lw               x10, 0(x15)         x10=b5a234f3 x15:10001740  PA:10001740
22655217ns          396500 1c009924 617576c3 fmadd.s          f13, f10, f23, f12  f13=xxxxxxxx f10:b5a234f3 f23:3d4a2113 f12:388d1c91
22655237ns          396501 1c009928 6136f64b fnmsub.s         f12, f13, f19, f12  f12=xxxxxxxx f13:388cfc8c f19:3fff60cc f12:388d1c91
22655256ns          396502 1c00992c 5166f6cb fnmsub.s         f13, f13, f22, f10  f13=xxxxxxxx f13:388cfc8c f22:3dc9a35f f10:b5a234f3
22655515ns          396515 1c009930 00cfa023 sw               x12, 0(x31)         x12:b88c2d2c x31:1000172c  PA:1000172c
22655555ns          396517 1c009934 00d7a023 sw               x13, 0(x15)         x13:b70352e1 x15:10001740  PA:10001740
22655575ns          396518 1c009936 07b05863 bge              x0, x27, 112        x27:00000004
22655595ns          396519 1c00993a 004fa603 lw               x12, 4(x31)         x12=b7ed6bd2 x31:1000172c  PA:10001730
22655614ns          396520 1c00993e 0047a503 lw               x10, 4(x15)         x10=3804574a x15:10001740  PA:10001744
22655654ns          396522 1c009940 617576c3 fmadd.s          f13, f10, f23, f12  f13=xxxxxxxx f10:3804574a f23:3d4a2113 f12:b7ed6bd2
22655694ns          396524 1c009944 6136f64b fnmsub.s         f12, f13, f19, f12  f12=xxxxxxxx f13:b7e05c13 f19:3fff60cc f12:b7ed6bd2
22655714ns          396525 1c009948 5166f6cb fnmsub.s         f13, f13, f22, f10  f13=xxxxxxxx f13:b7e05c13 f22:3dc9a35f f10:3804574a
22655734ns          396526 1c00994c 00cfa223 sw               x12, 4(x31)         x12:37d23546 x31:1000172c  PA:10001730
22655793ns          396529 1c009950 00d7a223 sw               x13, 4(x15)         x13:380f62c2 x15:10001740  PA:10001744
22655833ns          396531 1c009952 041daa63 p.beqimm         x27, 84             x27:00000004
22655853ns          396532 1c009956 008fa603 lw               x12, 8(x31)         x12=3b8edd74 x31:1000172c  PA:10001734
22655873ns          396533 1c00995a 0087a503 lw               x10, 8(x15)         x10=39da5fbc x15:10001740  PA:10001748
22655913ns          396535 1c00995c 60abf6c3 fmadd.s          f13, f23, f10, f12  f13=xxxxxxxx f23:3d4a2113 f10:39da5fbc f12:3b8edd74
22655933ns          396536 1c009960 60d9f64b fnmsub.s         f12, f19, f13, f12  f12=xxxxxxxx f19:3fff60cc f13:3b8f89e0 f12:3b8edd74
22655972ns          396538 1c009964 50db76cb fnmsub.s         f13, f22, f13, f10  f13=xxxxxxxx f22:3dc9a35f f13:3b8f89e0 f10:39da5fbc
22655992ns          396539 1c009968 00cfa423 sw               x12, 8(x31)         x12:bb8f83c4 x31:1000172c  PA:10001734
22656012ns          396540 1c00996c 00d7a423 sw               x13, 8(x15)         x13:b777bf3b x15:10001740  PA:10001748
22656072ns          396543 1c00996e 022dac63 p.beqimm         x27, 56             x27:00000004
22656112ns          396545 1c009972 00cfa603 lw               x12, 12(x31)        x12=c1a4c22b x31:1000172c  PA:10001738
22656132ns          396546 1c009976 00c7a503 lw               x10, 12(x15)        x10=c0023abf x15:10001740  PA:1000174c
22656171ns          396548 1c009978 60abf6c3 fmadd.s          f13, f23, f10, f12  f13=xxxxxxxx f23:3d4a2113 f10:c0023abf f12:c1a4c22b
22656191ns          396549 1c00997c 60d9f64b fnmsub.s         f12, f19, f13, f12  f12=xxxxxxxx f19:3fff60cc f13:c1a58fd1 f12:c1a4c22b
22656609ns          396570 1c009980 50db76cb fnmsub.s         f13, f22, f13, f10  f13=xxxxxxxx f22:3dc9a35f f13:c1a58fd1 f10:c0023abf
22656649ns          396572 1c009984 00cfa623 sw               x12, 12(x31)        x12:41a58f8b x31:1000172c  PA:10001738
22656669ns          396573 1c009988 00d7a623 sw               x13, 12(x15)        x13:3b33506e x15:10001740  PA:1000174c
22656689ns          396574 1c00998a 004dbe63 p.bneimm         x27, 28             x27:00000004
22656748ns          396577 1c00998e 010fa603 lw               x12, 16(x31)        x12=bf2c049a x31:1000172c  PA:1000173c
22656768ns          396578 1c009992 0107a503 lw               x10, 16(x15)        x10=40d8763c x15:10001740  PA:10001750
22656808ns          396580 1c009994 617576c3 fmadd.s          f13, f10, f23, f12  f13=xxxxxxxx f10:40d8763c f23:3d4a2113 f12:bf2c049a
22656828ns          396581 1c009998 6136f64b fnmsub.s         f12, f13, f19, f12  f12=xxxxxxxx f13:bead1ff1 f19:3fff60cc f12:bf2c049a
22656848ns          396582 1c00999c 5166f6cb fnmsub.s         f13, f13, f22, f10  f13=xxxxxxxx f13:bead1ff1 f22:3dc9a35f f10:40d8763c
22656887ns          396584 1c0099a0 00cfa823 sw               x12, 16(x31)        x12:3b2facff x31:1000172c  PA:1000173c
22656927ns          396586 1c0099a4 00d7a823 sw               x13, 16(x15)        x13:40d986f5 x15:10001740  PA:10001750
22656947ns          396587 1c0099a6 fec72283 lw               x5, -20(x14)         x5=bebd157a x14:100017a4  PA:10001790
22656967ns          396588 1c0099aa ff872803 lw               x16, -8(x14)        x16=bf01e64e x14:100017a4  PA:1000179c
22656987ns          396589 1c0099ae 00c72503 lw               x10, 12(x14)        x10=beabb4e5 x14:100017a4  PA:100017b0
22657027ns          396591 1c0099b0 00072383 lw               x7, 0(x14)           x7=3e31894c x14:100017a4  PA:100017a4
22657066ns          396593 1c0099b4 ff072e83 lw               x29, -16(x14)       x29=be2d61c6 x14:100017a4  PA:10001794
22657086ns          396594 1c0099b8 00472e03 lw               x28, 4(x14)         x28=3f58b7ed x14:100017a4  PA:100017a8
22657106ns          396595 1c0099bc ff472303 lw               x6, -12(x14)         x6=3f3fe2b7 x14:100017a4  PA:10001798
22657166ns          396598 1c0099c0 00872883 lw               x17, 8(x14)         x17=3de0453c x14:100017a4  PA:100017ac
22657206ns          396600 1c0099c4 ffc72603 lw               x12, -4(x14)        x12=be000fec x14:100017a4  PA:100017a0
22657226ns          396601 1c0099c8 2973ff43 fmadd.s          f30, f7, f23, f5    f30=xxxxxxxx  f7:3e31894c f23:3d4a2113  f5:bebd157a
22657245ns          396602 1c0099cc 01072683 lw               x13, 16(x14)        x13=3eb7c418 x14:100017a4  PA:100017b4
22657683ns          396624 1c0099ce 817573c3 fmadd.s          f7, f10, f23, f16    f7=xxxxxxxx f10:beabb4e5 f23:3d4a2113 f16:bf01e64e
22657723ns          396626 1c0099d2 6176f943 fmadd.s          f18, f13, f23, f12  f18=xxxxxxxx f13:3eb7c418 f23:3d4a2113 f12:be000fec
22657743ns          396627 1c0099d6 e97e74c3 fmadd.s          f9, f28, f23, f29    f9=xxxxxxxx f28:3f58b7ed f23:3d4a2113 f29:be2d61c6
22657763ns          396628 1c0099da 3178f443 fmadd.s          f8, f17, f23, f6     f8=xxxxxxxx f17:3de0453c f23:3d4a2113  f6:3f3fe2b7
22657783ns          396629 1c0099de 00072683 lw               x13, 0(x14)         x13=3e31894c x14:100017a4  PA:100017a4
22657822ns          396631 1c0099e0 8079f84b fnmsub.s         f16, f19, f7, f16   f16=xxxxxxxx f19:3fff60cc  f7:bf0622e5 f16:bf01e64e
22657862ns          396633 1c0099e4 5163f54b fnmsub.s         f10, f7, f22, f10   f10=xxxxxxxx  f7:bf0622e5 f22:3dc9a35f f10:beabb4e5
22657882ns          396634 1c0099e8 01072383 lw               x7, 16(x14)          x7=3eb7c418 x14:100017a4  PA:100017b4
22657902ns          396635 1c0099ec 29e9f2cb fnmsub.s         f5, f19, f30, f5     f5=xxxxxxxx f19:3fff60cc f30:beb8b410  f5:bebd157a
22658339ns          396657 1c0099f0 6129f64b fnmsub.s         f12, f19, f18, f12  f12=xxxxxxxx f19:3fff60cc f18:bddbd9ba f12:be000fec
22658379ns          396659 1c0099f4 696f7f4b fnmsub.s         f30, f30, f22, f13  f30=xxxxxxxx f30:beb8b410 f22:3dc9a35f f13:3e31894c
22658399ns          396660 1c0099f8 e899fecb fnmsub.s         f29, f19, f9, f29   f29=xxxxxxxx f19:3fff60cc  f9:be029a7e f29:be2d61c6
22658419ns          396661 1c0099fc e164fe4b fnmsub.s         f28, f9, f22, f28   f28=xxxxxxxx  f9:be029a7e f22:3dc9a35f f28:3f58b7ed
22658857ns          396683 1c009a00 3089f34b fnmsub.s         f6, f19, f8, f6      f6=xxxxxxxx f19:3fff60cc  f8:3f4144de  f6:3f3fe2b7
22658896ns          396685 1c009a04 896478cb fnmsub.s         f17, f8, f22, f17   f17=xxxxxxxx  f8:3f4144de f22:3dc9a35f f17:3de0453c
22658916ns          396686 1c009a08 396976cb fnmsub.s         f13, f18, f22, f7   f13=xxxxxxxx f18:bddbd9ba f22:3dc9a35f  f7:3eb7c418
22658936ns          396687 1c009a0c 00158593 addi             x11, x11, 1         x11=00000005 x11:00000004
22658996ns          396690 1c009a0e fec72e23 sw               x12, -4(x14)        x12:3db6822a x14:100017a4  PA:100017a0
22659036ns          396692 1c009a12 fe572623 sw               x5, -20(x14)         x5:3eb36ceb x14:100017a4  PA:10001790
22659056ns          396693 1c009a16 01e72023 sw               x30, 0(x14)         x30:3e55e81c x14:100017a4  PA:100017a4
22659075ns          396694 1c009a1a ffd72823 sw               x29, -16(x14)       x29:3dae618a x14:100017a4  PA:10001794
22659135ns          396697 1c009a1e 01c72223 sw               x28, 4(x14)         x28:3f5beee2 x14:100017a4  PA:100017a8
22659175ns          396699 1c009a22 fe672a23 sw               x6, -12(x14)         x6:bf41b6a3 x14:100017a4  PA:10001798
22659195ns          396700 1c009a26 01172423 sw               x17, 8(x14)         x17:3d1015a6 x14:100017a4  PA:100017ac
22659215ns          396701 1c009a2a ff072c23 sw               x16, -8(x14)        x16:3f09b8a6 x14:100017a4  PA:1000179c
22659235ns          396702 1c009a2e 00a72623 sw               x10, 12(x14)        x10:be914b25 x14:100017a4  PA:100017b0
22659254ns          396703 1c009a30 00d72823 sw               x13, 16(x14)        x13:3ebd2d6a x14:100017a4  PA:100017b4
22659294ns          396705 1c009a32 02b12023 sw               x11, 32(x2)         x11:00000005  x2:100015f8  PA:10001618
22659314ns          396706 1c009a34 005c0613 addi             x12, x24, 5         x12=00000019 x24:00000014
22659334ns          396707 1c009a38 e39ff06f jal              x0, -456           
22659414ns          396711 1c009870 01470713 addi             x14, x14, 20        x14=100017b8 x14:100017a4
22659433ns          396712 1c009872 01478793 addi             x15, x15, 20        x15=10001754 x15:10001740
22659453ns          396713 1c009874 004a0a13 addi             x20, x20, 4         x20=10001764 x20:10001760
22659473ns          396714 1c009876 02812683 lw               x13, 40(x2)         x13=1000173c  x2:100015f8  PA:10001620
22659493ns          396715 1c009878 00c00c33 add              x24, x0, x12        x24=00000019 x12:00000019
22659513ns          396716 1c00987a 014f8f93 addi             x31, x31, 20        x31=10001740 x31:1000172c
22659533ns          396717 1c00987c 90bdd8e3 bge              x27, x11, -1776     x27:00000004 x11:00000005
22659553ns          396718 1c009880 04012c03 lw               x24, 64(x2)         x24=44b0aae4  x2:100015f8  PA:10001638
22659573ns          396719 1c009882 04412c83 lw               x25, 68(x2)         x25=40d98d7f  x2:100015f8  PA:1000163c
22659593ns          396720 1c009884 02412483 lw               x9, 36(x2)           x9=00000001  x2:100015f8  PA:1000161c
22659612ns          396721 1c009886 01f00793 addi             x15, x0, 31         x15=0000001f
22659632ns          396722 1c009888 00148493 addi             x9, x9, 1            x9=00000002  x9:00000001
22659652ns          396723 1c00988a 02912223 sw               x9, 36(x2)           x9:00000002  x2:100015f8  PA:1000161c
22659672ns          396724 1c00988c 00100293 addi             x5, x0, 1            x5=00000001
22659692ns          396725 1c00988e caf49963 bne              x9, x15, -2894       x9:00000002 x15:0000001f
22659791ns          396730 1c008d40 01c12e83 lw               x29, 28(x2)         x29=00000001  x2:100015f8  PA:10001614
22659831ns          396732 1c008d42 7fddc8e3 blt              x27, x29, 4080      x27:00000004 x29:00000001
22659851ns          396733 1c008d46 41dd8833 sub              x16, x27, x29       x16=00000003 x27:00000004 x29:00000001
22659871ns          396734 1c008d4a 1c0004b7 lui              x9, 0x1c000000       x9=1c000000
22660309ns          396756 1c008d4e fffe8513 addi             x10, x29, -1        x10=00000000 x29:00000001
22660348ns          396758 1c008d52 fffd8793 addi             x15, x27, -1        x15=00000003 x27:00000004
22660368ns          396759 1c008d56 03812603 lw               x12, 56(x2)         x12=1000173c  x2:100015f8  PA:10001630
22660388ns          396760 1c008d58 03412303 lw               x6, 52(x2)           x6=10001738  x2:100015f8  PA:1000162c
22660408ns          396761 1c008d5a 03012683 lw               x13, 48(x2)         x13=10001750  x2:100015f8  PA:10001628
22660428ns          396762 1c008d5c 005005b3 add              x11, x0, x5         x11=00000001  x5:00000001
22660448ns          396763 1c008d5e 00500f33 add              x30, x0, x5         x30=00000001  x5:00000001
22660826ns          396782 1c008d60 01b00433 add              x8, x0, x27          x8=00000004 x27:00000004
22660866ns          396784 1c008d62 00000713 addi             x14, x0, 0          x14=00000000
22660885ns          396785 1c008d66 00100f93 addi             x31, x0, 1          x31=00000001
22660905ns          396786 1c008d68 0244a383 lw               x7, 36(x9)           x7=34000000  x9:1c000000  PA:1c000024
22661204ns          396801 1c008d6c 00180813 addi             x16, x16, 1         x16=00000004 x16:00000003
22661224ns          396802 1c008d6e 7ca7cbe3 blt              x15, x10, 4054      x15:00000003 x10:00000000
22661244ns          396803 1c008d72 078840fb lp.setup         0x1, x16, 0x78      x16:00000004
22661263ns          396804 1c008d76 00062783 lw               x15, 0(x12)         x15=3b2facff x12:1000173c  PA:1000173c
22661283ns          396805 1c008d78 fff40e93 addi             x29, x8, -1         x29=00000003  x8:00000004
22661303ns          396806 1c008d7c a0e79553 flt.s            x10, f15, f14       x10=00000000 f15:3b2facff f14:00000000
22661343ns          396808 1c008d80 00050363 beq              x10, x0, 6          x10:00000000
22661423ns          396812 1c008d86 1c0008b7 lui              x17, 0x1c000000     x17=1c000000
22661442ns          396813 1c008d8a 02088893 addi             x17, x17, 32        x17=1c000020 x17:1c000000
22661502ns          396816 1c008d8e 0008a883 lw               x17, 0(x17)         x17=0d200000 x17:1c000020  PA:1c000020
22661860ns          396834 1c008d92 a1178553 fle.s            x10, f15, f17       x10=00000000 f15:3b2facff f17:0d200000
22661880ns          396835 1c008d96 0c051763 bne              x10, x0, 206        x10:00000000
22661900ns          396836 1c008d98 00032883 lw               x17, 0(x6)          x17=41a58f8b  x6:10001738  PA:10001738
22661940ns          396838 1c008d9c a0e895d3 flt.s            x11, f17, f14       x11=00000000 f17:41a58f8b f14:00000000
22661960ns          396839 1c008da0 01100bb3 add              x23, x0, x17        x23=41a58f8b x17:41a58f8b
22661979ns          396840 1c008da2 00058363 beq              x11, x0, 6          x11:00000000
22662039ns          396843 1c008da8 0006a503 lw               x10, 0(x13)         x10=40d986f5 x13:10001750  PA:10001750
22662079ns          396845 1c008daa a0e515d3 flt.s            x11, f10, f14       x11=00000000 f10:40d986f5 f14:00000000
22662099ns          396846 1c008dae 00a00e33 add              x28, x0, x10        x28=40d986f5 x10:40d986f5
22662119ns          396847 1c008db0 00058363 beq              x11, x0, 6          x11:00000000
22662198ns          396851 1c008db6 01cbfbd3 fadd.s           f23, f23, f28       f23=xxxxxxxx f23:41a58f8b f28:40d986f5
22662218ns          396852 1c008dba a0eba5d3 feq.s            x11, f23, f14       x11=00000000 f23:41dbf148 f14:00000000
22662238ns          396853 1c008dbe 00058d63 beq              x11, x0, 26         x11:00000000
22662357ns          396859 1c008dd8 1c0004b7 lui              x9, 0x1c000000       x9=1c000000
22662397ns          396861 1c008ddc 02448493 addi             x9, x9, 36           x9=1c000024  x9:1c000000
22662457ns          396864 1c008de0 0004a483 lw               x9, 0(x9)            x9=34000000  x9:1c000024  PA:1c000024
22662795ns          396881 1c008de2 109bf5d3 fmul.s           f11, f23, f9        f11=xxxxxxxx f23:41dbf148  f9:34000000
22662815ns          396882 1c008de6 a0b785d3 fle.s            x11, f15, f11       x11=00000000 f15:3b2facff f11:365bf148
22662835ns          396883 1c008dea 06058863 beq              x11, x0, 112        x11:00000000
22662974ns          396890 1c008e5a fe868693 addi             x13, x13, -24       x13=10001738 x13:10001750
22663014ns          396892 1c008e5c fe830313 addi             x6, x6, -24          x6=10001720  x6:10001738
22663034ns          396893 1c008e5e fe860613 addi             x12, x12, -24       x12=10001724 x12:1000173c
22663073ns          396895 1c008e60 01d00433 add              x8, x0, x29          x8=00000003 x29:00000003
22663093ns          396896 1c008e62 00100593 addi             x11, x0, 1          x11=00000001
22663113ns          396897 1c008d76 00062783 lw               x15, 0(x12)         x15=bb8d5738 x12:10001724  PA:10001724
22663133ns          396898 1c008d78 fff40e93 addi             x29, x8, -1         x29=00000002  x8:00000003
22663153ns          396899 1c008d7c a0e79553 flt.s            x10, f15, f14       x10=00000001 f15:bb8d5738 f14:00000000
22663173ns          396900 1c008d80 00050363 beq              x10, x0, 6          x10:00000001
22663193ns          396901 1c008d82 20f797d3 fsgnjn.s         f15, f15, f15       f15=xxxxxxxx f15:bb8d5738 f15:bb8d5738
22663213ns          396902 1c008d86 1c0008b7 lui              x17, 0x1c000000     x17=1c000000
22663233ns          396903 1c008d8a 02088893 addi             x17, x17, 32        x17=1c000020 x17:1c000000
22663252ns          396904 1c008d8e 0008a883 lw               x17, 0(x17)         x17=0d200000 x17:1c000020  PA:1c000020
22663591ns          396921 1c008d92 a1178553 fle.s            x10, f15, f17       x10=00000000 f15:3b8d5738 f17:0d200000
22663611ns          396922 1c008d96 0c051763 bne              x10, x0, 206        x10:00000000
22663630ns          396923 1c008d98 00032883 lw               x17, 0(x6)          x17=440aacdb  x6:10001720  PA:10001720
22663670ns          396925 1c008d9c a0e895d3 flt.s            x11, f17, f14       x11=00000000 f17:440aacdb f14:00000000
22663690ns          396926 1c008da0 01100bb3 add              x23, x0, x17        x23=440aacdb x17:440aacdb
22663710ns          396927 1c008da2 00058363 beq              x11, x0, 6          x11:00000000
22663770ns          396930 1c008da8 0006a503 lw               x10, 0(x13)         x10=41a58f8b x13:10001738  PA:10001738
22663809ns          396932 1c008daa a0e515d3 flt.s            x11, f10, f14       x11=00000000 f10:41a58f8b f14:00000000
22663829ns          396933 1c008dae 00a00e33 add              x28, x0, x10        x28=41a58f8b x10:41a58f8b
22663849ns          396934 1c008db0 00058363 beq              x11, x0, 6          x11:00000000
22663929ns          396938 1c008db6 01cbfbd3 fadd.s           f23, f23, f28       f23=xxxxxxxx f23:440aacdb f28:41a58f8b
22663949ns          396939 1c008dba a0eba5d3 feq.s            x11, f23, f14       x11=00000000 f23:440fd957 f14:00000000
22663969ns          396940 1c008dbe 00058d63 beq              x11, x0, 26         x11:00000000
22664028ns          396943 1c008dd8 1c0004b7 lui              x9, 0x1c000000       x9=1c000000
22664048ns          396944 1c008ddc 02448493 addi             x9, x9, 36           x9=1c000024  x9:1c000000
22664068ns          396945 1c008de0 0004a483 lw               x9, 0(x9)            x9=34000000  x9:1c000024  PA:1c000024
22664406ns          396962 1c008de2 109bf5d3 fmul.s           f11, f23, f9        f11=xxxxxxxx f23:440fd957  f9:34000000
22664426ns          396963 1c008de6 a0b785d3 fle.s            x11, f15, f11       x11=00000000 f15:3b8d5738 f11:388fd957
22664446ns          396964 1c008dea 06058863 beq              x11, x0, 112        x11:00000000
22664506ns          396967 1c008e5a fe868693 addi             x13, x13, -24       x13=10001720 x13:10001738
22664525ns          396968 1c008e5c fe830313 addi             x6, x6, -24          x6=10001708  x6:10001720
22664545ns          396969 1c008e5e fe860613 addi             x12, x12, -24       x12=1000170c x12:10001724
22664565ns          396970 1c008e60 01d00433 add              x8, x0, x29          x8=00000002 x29:00000002
22664585ns          396971 1c008e62 00100593 addi             x11, x0, 1          x11=00000001
22664605ns          396972 1c008d76 00062783 lw               x15, 0(x12)         x15=412ebc3e x12:1000170c  PA:1000170c
22664625ns          396973 1c008d78 fff40e93 addi             x29, x8, -1         x29=00000001  x8:00000002
22664645ns          396974 1c008d7c a0e79553 flt.s            x10, f15, f14       x10=00000000 f15:412ebc3e f14:00000000
22664665ns          396975 1c008d80 00050363 beq              x10, x0, 6          x10:00000000
22664744ns          396979 1c008d86 1c0008b7 lui              x17, 0x1c000000     x17=1c000000
22664764ns          396980 1c008d8a 02088893 addi             x17, x17, 32        x17=1c000020 x17:1c000000
22664784ns          396981 1c008d8e 0008a883 lw               x17, 0(x17)         x17=0d200000 x17:1c000020  PA:1c000020
22665162ns          397000 1c008d92 a1178553 fle.s            x10, f15, f17       x10=00000000 f15:412ebc3e f17:0d200000
22665182ns          397001 1c008d96 0c051763 bne              x10, x0, 206        x10:00000000
22665202ns          397002 1c008d98 00032883 lw               x17, 0(x6)          x17=44039afa  x6:10001708  PA:10001708
22665242ns          397004 1c008d9c a0e895d3 flt.s            x11, f17, f14       x11=00000000 f17:44039afa f14:00000000
22665261ns          397005 1c008da0 01100bb3 add              x23, x0, x17        x23=44039afa x17:44039afa
22665281ns          397006 1c008da2 00058363 beq              x11, x0, 6          x11:00000000
22665341ns          397009 1c008da8 0006a503 lw               x10, 0(x13)         x10=440aacdb x13:10001720  PA:10001720
22665381ns          397011 1c008daa a0e515d3 flt.s            x11, f10, f14       x11=00000000 f10:440aacdb f14:00000000
22665401ns          397012 1c008dae 00a00e33 add              x28, x0, x10        x28=440aacdb x10:440aacdb
22665421ns          397013 1c008db0 00058363 beq              x11, x0, 6          x11:00000000
22665500ns          397017 1c008db6 01cbfbd3 fadd.s           f23, f23, f28       f23=xxxxxxxx f23:44039afa f28:440aacdb
22665520ns          397018 1c008dba a0eba5d3 feq.s            x11, f23, f14       x11=00000000 f23:448723ea f14:00000000
22665540ns          397019 1c008dbe 00058d63 beq              x11, x0, 26         x11:00000000
22665600ns          397022 1c008dd8 1c0004b7 lui              x9, 0x1c000000       x9=1c000000
22665619ns          397023 1c008ddc 02448493 addi             x9, x9, 36           x9=1c000024  x9:1c000000
22665639ns          397024 1c008de0 0004a483 lw               x9, 0(x9)            x9=34000000  x9:1c000024  PA:1c000024
22665958ns          397040 1c008de2 109bf5d3 fmul.s           f11, f23, f9        f11=xxxxxxxx f23:448723ea  f9:34000000
22665978ns          397041 1c008de6 a0b785d3 fle.s            x11, f15, f11       x11=00000000 f15:412ebc3e f11:390723ea
22665997ns          397042 1c008dea 06058863 beq              x11, x0, 112        x11:00000000
22666057ns          397045 1c008e5a fe868693 addi             x13, x13, -24       x13=10001708 x13:10001720
22666077ns          397046 1c008e5c fe830313 addi             x6, x6, -24          x6=100016f0  x6:10001708
22666097ns          397047 1c008e5e fe860613 addi             x12, x12, -24       x12=100016f4 x12:1000170c
22666117ns          397048 1c008e60 01d00433 add              x8, x0, x29          x8=00000001 x29:00000001
22666137ns          397049 1c008e62 00100593 addi             x11, x0, 1          x11=00000001
22666157ns          397050 1c008d76 00062783 lw               x15, 0(x12)         x15=42994b3e x12:100016f4  PA:100016f4
22666176ns          397051 1c008d78 fff40e93 addi             x29, x8, -1         x29=00000000  x8:00000001
22666196ns          397052 1c008d7c a0e79553 flt.s            x10, f15, f14       x10=00000000 f15:42994b3e f14:00000000
22666216ns          397053 1c008d80 00050363 beq              x10, x0, 6          x10:00000000
22666296ns          397057 1c008d86 1c0008b7 lui              x17, 0x1c000000     x17=1c000000
22666316ns          397058 1c008d8a 02088893 addi             x17, x17, 32        x17=1c000020 x17:1c000000
22666336ns          397059 1c008d8e 0008a883 lw               x17, 0(x17)         x17=0d200000 x17:1c000020  PA:1c000020
22666654ns          397075 1c008d92 a1178553 fle.s            x10, f15, f17       x10=00000000 f15:42994b3e f17:0d200000
22666674ns          397076 1c008d96 0c051763 bne              x10, x0, 206        x10:00000000
22666694ns          397077 1c008d98 00032883 lw               x17, 0(x6)          x17=44aa65c6  x6:100016f0  PA:100016f0
22666733ns          397079 1c008d9c a0e895d3 flt.s            x11, f17, f14       x11=00000000 f17:44aa65c6 f14:00000000
22666753ns          397080 1c008da0 01100bb3 add              x23, x0, x17        x23=44aa65c6 x17:44aa65c6
22666773ns          397081 1c008da2 00058363 beq              x11, x0, 6          x11:00000000
22666833ns          397084 1c008da8 0006a503 lw               x10, 0(x13)         x10=44039afa x13:10001708  PA:10001708
22666873ns          397086 1c008daa a0e515d3 flt.s            x11, f10, f14       x11=00000000 f10:44039afa f14:00000000
22666892ns          397087 1c008dae 00a00e33 add              x28, x0, x10        x28=44039afa x10:44039afa
22666912ns          397088 1c008db0 00058363 beq              x11, x0, 6          x11:00000000
22666992ns          397092 1c008db6 01cbfbd3 fadd.s           f23, f23, f28       f23=xxxxxxxx f23:44aa65c6 f28:44039afa
22667012ns          397093 1c008dba a0eba5d3 feq.s            x11, f23, f14       x11=00000000 f23:44ec3343 f14:00000000
22667032ns          397094 1c008dbe 00058d63 beq              x11, x0, 26         x11:00000000
22667091ns          397097 1c008dd8 1c0004b7 lui              x9, 0x1c000000       x9=1c000000
22667111ns          397098 1c008ddc 02448493 addi             x9, x9, 36           x9=1c000024  x9:1c000000
22667131ns          397099 1c008de0 0004a483 lw               x9, 0(x9)            x9=34000000  x9:1c000024  PA:1c000024
22667449ns          397115 1c008de2 109bf5d3 fmul.s           f11, f23, f9        f11=xxxxxxxx f23:44ec3343  f9:34000000
22667469ns          397116 1c008de6 a0b785d3 fle.s            x11, f15, f11       x11=00000000 f15:42994b3e f11:396c3343
22667489ns          397117 1c008dea 06058863 beq              x11, x0, 112        x11:00000000
22667549ns          397120 1c008e5a fe868693 addi             x13, x13, -24       x13=100016f0 x13:10001708
22667569ns          397121 1c008e5c fe830313 addi             x6, x6, -24          x6=100016d8  x6:100016f0
22667589ns          397122 1c008e5e fe860613 addi             x12, x12, -24       x12=100016dc x12:100016f4
22667609ns          397123 1c008e60 01d00433 add              x8, x0, x29          x8=00000000 x29:00000000
22667628ns          397124 1c008e62 00100593 addi             x11, x0, 1          x11=00000001
22667648ns          397125 1c008e64 01a007b3 add              x15, x0, x26        x15=b78030f1 x26:b78030f1
22667668ns          397126 1c008e66 00140e13 addi             x28, x8, 1          x28=00000001  x8:00000000
22667688ns          397127 1c008e6a 01c12e23 sw               x28, 28(x2)         x28:00000001  x2:100015f8  PA:10001614
22667708ns          397128 1c008e6c 00805e63 bge              x0, x8, 28           x8:00000000
22667807ns          397133 1c008e88 01c12383 lw               x7, 28(x2)           x7=00000001  x2:100015f8  PA:10001614
22667847ns          397135 1c008e8a 07b3cb63 blt              x7, x27, 118         x7:00000001 x27:00000004
22667986ns          397142 1c008f00 02412503 lw               x10, 36(x2)         x10=00000002  x2:100015f8  PA:1000161c
22668026ns          397144 1c008f02 4ea52ae3 p.beqimm         x10, 3316           x10:00000002
22668046ns          397145 1c008f06 05412283 lw               x5, 84(x2)           x5=1000173c  x2:100015f8  PA:1000164c
22668066ns          397146 1c008f08 03012303 lw               x6, 48(x2)           x6=10001750  x2:100015f8  PA:10001628
22668086ns          397147 1c008f0a 01400713 addi             x14, x0, 20         x14=00000014
22668106ns          397148 1c008f0c 0002ab03 lw               x22, 0(x5)          x22=3b2facff  x5:1000173c  PA:1000173c
22668126ns          397149 1c008f10 00032783 lw               x15, 0(x6)          x15=40d986f5  x6:10001750  PA:10001750
22668165ns          397151 1c008f14 58e50de3 beq              x10, x14, 3482      x10:00000002 x14:00000014
22668185ns          397152 1c008f18 03412503 lw               x10, 52(x2)         x10=10001738  x2:100015f8  PA:1000162c
22668205ns          397153 1c008f1a 05812c03 lw               x24, 88(x2)         x24=1000174c  x2:100015f8  PA:10001650
22668225ns          397154 1c008f1c 00052b83 lw               x23, 0(x10)         x23=41a58f8b x10:10001738  PA:10001738
22668265ns          397156 1c008f20 000c2903 lw               x18, 0(x24)         x18=3b33506e x24:1000174c  PA:1000174c
22668305ns          397158 1c008f24 00000713 addi             x14, x0, 0          x14=00000000
22668325ns          397159 1c008f28 a0eb9753 flt.s            x14, f23, f14       x14=00000000 f23:41a58f8b f14:00000000
22668345ns          397160 1c008f2c 4a0711e3 bne              x14, x0, 3234       x14:00000000
22668404ns          397163 1c008f30 01700733 add              x14, x0, x23        x14=41a58f8b x23:41a58f8b
22668444ns          397165 1c008f32 00000693 addi             x13, x0, 0          x13=00000000
22668464ns          397166 1c008f36 a0d916d3 flt.s            x13, f18, f13       x13=00000000 f18:3b33506e f13:00000000
22668484ns          397167 1c008f3a 01200633 add              x12, x0, x18        x12=3b33506e x18:3b33506e
22668504ns          397168 1c008f3c 00068363 beq              x13, x0, 6          x13:00000000
22668603ns          397173 1c008f42 00000693 addi             x13, x0, 0          x13=00000000
22668623ns          397174 1c008f46 a0db16d3 flt.s            x13, f22, f13       x13=00000000 f22:3b2facff f13:00000000
22668643ns          397175 1c008f4a 00c77753 fadd.s           f14, f14, f12       f14=xxxxxxxx f14:41a58f8b f12:3b33506e
22668663ns          397176 1c008f4e 01600633 add              x12, x0, x22        x12=3b2facff x22:3b2facff
22668703ns          397178 1c008f50 00068363 beq              x13, x0, 6          x13:00000000
22668782ns          397182 1c008f56 00000693 addi             x13, x0, 0          x13=00000000
22668802ns          397183 1c008f5a a0d796d3 flt.s            x13, f15, f13       x13=00000000 f15:40d986f5 f13:00000000
22668862ns          397186 1c008f5e 00c77753 fadd.s           f14, f14, f12       f14=xxxxxxxx f14:41a59526 f12:3b2facff
22668901ns          397188 1c008f62 460692e3 bne              x13, x0, 3172       x13:00000000
22668921ns          397189 1c008f66 00f006b3 add              x13, x0, x15        x13=40d986f5 x15:40d986f5
22668941ns          397190 1c008f68 00d77c53 fadd.s           f24, f14, f13       f24=xxxxxxxx f14:41a59aa3 f13:40d986f5
22668961ns          397191 1c008f6c 00000613 addi             x12, x0, 0          x12=00000000
22669001ns          397193 1c008f70 a0cc2753 feq.s            x14, f24, f12       x14=00000000 f24:41dbfc60 f12:00000000
22669041ns          397195 1c008f74 42071be3 bne              x14, x0, 3126       x14:00000000
22669061ns          397196 1c008f78 1c000737 lui              x14, 0x1c000000     x14=1c000000
22669080ns          397197 1c008f7c 04c72703 lw               x14, 76(x14)        x14=3f800000 x14:1c000000  PA:1c00004c
22669419ns          397214 1c008f80 19877753 fdiv.s           f14, f14, f24       f14=xxxxxxxx f14:3f800000 f24:41dbfc60
22669697ns          397228 1c008f84 10f777d3 fmul.s           f15, f14, f15       f15=xxxxxxxx f14:3d14f47e f15:40d986f5
22669717ns          397229 1c008f88 1c0006b7 lui              x13, 0x1c000000     x13=1c000000
22669737ns          397230 1c008f8c 0406a683 lw               x13, 64(x13)        x13=3f000000 x13:1c000000  PA:1c000040
22670035ns          397245 1c008f90 79777543 fmadd.s          f10, f14, f23, f15  f10=xxxxxxxx f14:3d14f47e f23:41a58f8b f15:3e7d238b
22670055ns          397246 1c008f94 116775d3 fmul.s           f11, f14, f22       f11=xxxxxxxx f14:3d14f47e f22:3b2facff
22670075ns          397247 1c008f98 10e97953 fmul.s           f18, f18, f14       f18=xxxxxxxx f18:3b33506e f14:3d14f47e
22670095ns          397248 1c008f9c 10d576d3 fmul.s           f13, f10, f13       f13=xxxxxxxx f10:3f7ff318 f13:3f000000
22670314ns          397259 1c008fa0 1125f5d3 fmul.s           f11, f11, f18       f11=xxxxxxxx f11:38cc6f96 f18:38d0ab81
22670353ns          397261 1c008fa4 69777747 fmsub.s          f14, f14, f23, f13  f14=xxxxxxxx f14:3d14f47e f23:41a58f8b f13:3efff318
22670373ns          397262 1c008fa8 08d7fbd3 fsub.s           f23, f15, f13       f23=xxxxxxxx f15:3e7d238b f13:3efff318
22670393ns          397263 1c008fac 59777bc7 fmsub.s          f23, f14, f23, f11  f23=xxxxxxxx f14:3e816153 f23:be816152 f11:3226a39f
22670453ns          397266 1c008fb0 a0cb9653 flt.s            x12, f23, f12       x12=00000001 f23:bd82c676 f12:00000000
22670493ns          397268 1c008fb4 01700b33 add              x22, x0, x23        x22=bd82c676 x23:bd82c676
22670513ns          397269 1c008fb6 00060363 beq              x12, x0, 6          x12:00000001
22670532ns          397270 1c008fb8 217b9b53 fsgnjn.s         f22, f23, f23       f22=xxxxxxxx f23:bd82c676 f23:bd82c676
22670552ns          397271 1c008fbc 00000713 addi             x14, x0, 0          x14=00000000
22670592ns          397273 1c008fc0 a1770653 fle.s            x12, f14, f23       x12=00000000 f14:00000000 f23:bd82c676
22670632ns          397275 1c008fc4 580b7b53 fsqrt.s          f22, f22            f22=xxxxxxxx f22:3d82c676
22670652ns          397276 1c008fc8 500609e3 beq              x12, x0, 3346       x12:00000000
22670930ns          397290 1c009cda 0166f5d3 fadd.s           f11, f13, f22       f11=xxxxxxxx f13:3efff318 f22:3e816153
22670950ns          397291 1c009cde 0966f6d3 fsub.s           f13, f13, f22       f13=xxxxxxxx f13:3efff318 f22:3e816153
22670970ns          397292 1c009ce2 08f5f653 fsub.s           f12, f11, f15       f12=xxxxxxxx f11:3f40aa36 f15:3e7d238b
22670990ns          397293 1c009ce6 a0e61753 flt.s            x14, f12, f14       x14=00000000 f12:3f016153 f14:00000000
22671010ns          397294 1c009cea 00070363 beq              x14, x0, 6          x14:00000000
22671089ns          397298 1c009cf0 08f6f7d3 fsub.s           f15, f13, f15       f15=xxxxxxxx f13:3e7d238a f15:3e7d238b
22671109ns          397299 1c009cf4 00000713 addi             x14, x0, 0          x14=00000000
22671129ns          397300 1c009cf8 a0e79753 flt.s            x14, f15, f14       x14=00000001 f15:b2800000 f14:00000000
22671149ns          397301 1c009cfc 00070363 beq              x14, x0, 6          x14:00000001
22671209ns          397304 1c009cfe 20f797d3 fsgnjn.s         f15, f15, f15       f15=xxxxxxxx f15:b2800000 f15:b2800000
22671249ns          397306 1c009d02 a0f607d3 fle.s            x15, f12, f15       x15=00000000 f12:3f016153 f15:32800000
22671268ns          397307 1c009d06 02078c63 beq              x15, x0, 56         x15:00000000
22671885ns          397338 1c009d3e 10dc7cd3 fmul.s           f25, f24, f13       f25=xxxxxxxx f24:41dbfc60 f13:3e7d238a
22671905ns          397339 1c009d42 fcbff06f jal              x0, -54            
22671945ns          397341 1c009d0c 00000a93 addi             x21, x0, 0          x21=00000000
22671965ns          397342 1c009d10 01500d33 add              x26, x0, x21        x26=00000000 x21:00000000
22671985ns          397343 1c009d12 ac6ff06f jal              x0, -3386          
22672064ns          397347 1c008fd8 02c12e03 lw               x28, 44(x2)         x28=00000003  x2:100015f8  PA:10001624
22672104ns          397349 1c008fda 3dc45fe3 bge              x8, x28, 3038        x8:00000000 x28:00000003
22672283ns          397358 1c008fde 00000793 addi             x15, x0, 0          x15=00000000
22672323ns          397360 1c008fe2 a0fa97d3 flt.s            x15, f21, f15       x15=00000000 f21:00000000 f15:00000000
22672343ns          397361 1c008fe6 3c078ce3 beq              x15, x0, 3032       x15:00000000
22672502ns          397369 1c009bbe 01500f33 add              x30, x0, x21        x30=00000000 x21:00000000
22672959ns          397392 1c009bc0 01c00eb3 add              x29, x0, x28        x29=00000003 x28:00000003
22672999ns          397394 1c009bc2 c2eff06f jal              x0, -3026          
22673039ns          397396 1c008ff0 1c000737 lui              x14, 0x1c000000     x14=1c000000
22673059ns          397397 1c008ff4 fffe8793 addi             x15, x29, -1        x15=00000002 x29:00000003
22673079ns          397398 1c008ff8 1c000337 lui              x6, 0x1c000000       x6=1c000000
22673098ns          397399 1c008ffc 01d00a33 add              x20, x0, x29        x20=00000003 x29:00000003
22673118ns          397400 1c008ffe 04c12883 lw               x17, 76(x2)         x17=10001734  x2:100015f8  PA:10001644
22673158ns          397402 1c009000 04812803 lw               x16, 72(x2)         x16=10001708  x2:100015f8  PA:10001640
22673198ns          397404 1c009002 00000513 addi             x10, x0, 0          x10=00000000
22673218ns          397405 1c009006 04c72f83 lw               x31, 76(x14)        x31=3f800000 x14:1c000000  PA:1c00004c
22673536ns          397421 1c00900a 02432283 lw               x5, 36(x6)           x5=34000000  x6:1c000000  PA:1c000024
22673934ns          397441 1c00900e 408e8eb3 sub              x29, x29, x8        x29=00000003 x29:00000003  x8:00000000
22673954ns          397442 1c009012 5287cce3 blt              x15, x8, 3384       x15:00000002  x8:00000000
22673974ns          397443 1c009016 800007b7 lui              x15, 0x80000000     x15=80000000
22673993ns          397444 1c00901a fff7c793 xori             x15, x15, -1        x15=7fffffff x15:80000000
22674053ns          397447 1c00901e 52f406e3 beq              x8, x15, 3372        x8:00000000 x15:7fffffff
22674093ns          397449 1c009022 08fec0fb lp.setup         0x1, x29, 0x8f      x29:00000003
22674113ns          397450 1c009026 01882583 lw               x11, 24(x16)        x11=440aacdb x16:10001708  PA:10001720
22674133ns          397451 1c00902a fffa0613 addi             x12, x20, -1        x12=00000002 x20:00000003
22674192ns          397454 1c00902e 0995f353 fsub.s           f6, f11, f25         f6=xxxxxxxx f11:440aacdb f25:40d986f5
22674232ns          397456 1c009032 a0a317d3 flt.s            x15, f6, f10        x15=00000000  f6:4408f9cd f10:00000000
22674252ns          397457 1c009036 00600733 add              x14, x0, x6         x14=4408f9cd  x6:4408f9cd
22674272ns          397458 1c009038 00078363 beq              x15, x0, 6          x15:00000000
22674391ns          397464 1c00903e 01c82683 lw               x13, 28(x16)        x13=bb8d5738 x16:10001708  PA:10001724
22674411ns          397465 1c009042 00ef7753 fadd.s           f14, f30, f14       f14=xxxxxxxx f30:00000000 f14:4408f9cd
22674431ns          397466 1c009046 a0a697d3 flt.s            x15, f13, f10       x15=00000001 f13:bb8d5738 f10:00000000
22674451ns          397467 1c00904a 22079fe3 bne              x15, x0, 2622       x15:00000001
22674948ns          397492 1c009a88 20d697d3 fsgnjn.s         f15, f13, f13       f15=xxxxxxxx f13:bb8d5738 f13:bb8d5738
22674988ns          397494 1c009a8c dc4ff06f jal              x0, -2620          
22675087ns          397499 1c009050 00f77753 fadd.s           f14, f14, f15       f14=xxxxxxxx f14:4408f9cd f15:3b8d5738
22675107ns          397500 1c009054 18eff753 fdiv.s           f14, f31, f14       f14=xxxxxxxx f31:3f800000 f14:4408fa14
22675704ns          397530 1c009058 10e37e53 fmul.s           f28, f6, f14        f28=xxxxxxxx  f6:4408f9cd f14:3aef390e
22675724ns          397531 1c00905c 10e6f3d3 fmul.s           f7, f13, f14         f7=xxxxxxxx f13:bb8d5738 f14:3aef390e
22675744ns          397532 1c009060 0008a783 lw               x15, 0(x17)         x15=bb8f83c4 x17:10001734  PA:10001734
22675764ns          397533 1c009064 106e7353 fmul.s           f6, f28, f6          f6=xxxxxxxx f28:3f7fff7b  f6:4408f9cd
22675784ns          397534 1c009068 0048ae03 lw               x28, 4(x17)         x28=41a58f8b x17:10001734  PA:10001738
22675804ns          397535 1c00906c 11577753 fmul.s           f14, f14, f21       f14=xxxxxxxx f14:3aef390e f21:00000000
22675843ns          397537 1c009070 30f3f7c3 fmadd.s          f15, f7, f15, f6    f15=xxxxxxxx  f7:b70413ed f15:bb8f83c4  f6:4408f986
22675883ns          397539 1c009074 01c5f6d3 fadd.s           f13, f11, f28       f13=xxxxxxxx f11:440aacdb f28:41a58f8b
22675903ns          397540 1c009078 0088a303 lw               x6, 8(x17)           x6=3b2facff x17:10001734  PA:1000173c
22675923ns          397541 1c00907c 79a777cb fnmsub.s         f15, f14, f26, f15  f15=xxxxxxxx f14:00000000 f26:00000000 f15:4408f986
22675983ns          397544 1c009080 0996f6d3 fsub.s           f13, f13, f25       f13=xxxxxxxx f13:440fd957 f25:40d986f5
22676022ns          397546 1c009084 1063f353 fmul.s           f6, f7, f6           f6=xxxxxxxx  f7:b70413ed  f6:3b2facff
22676042ns          397547 1c009088 a0a79753 flt.s            x14, f15, f10       x14=00000000 f15:4408f986 f10:00000000
22676062ns          397548 1c00908c 0996f6d3 fsub.s           f13, f13, f25       f13=xxxxxxxx f13:440e2649 f25:40d986f5
22676122ns          397551 1c009090 1076f6d3 fmul.s           f13, f13, f7        f13=xxxxxxxx f13:440c733b  f7:b70413ed
22676162ns          397553 1c009094 00f003b3 add              x7, x0, x15          x7=4408f986 x15:4408f986
22676181ns          397554 1c009096 00070363 beq              x14, x0, 6          x14:00000000
22676301ns          397560 1c00909c a0a69753 flt.s            x14, f13, f10       x14=00000001 f13:bb90ecb2 f10:00000000
22676321ns          397561 1c0090a0 00d00c33 add              x24, x0, x13        x24=bb90ecb2 x13:bb90ecb2
22676341ns          397562 1c0090a2 00070363 beq              x14, x0, 6          x14:00000001
22676360ns          397563 1c0090a4 20d69c53 fsgnjn.s         f24, f13, f13       f24=xxxxxxxx f13:bb90ecb2 f13:bb90ecb2
22676380ns          397564 1c0090a8 a0a31753 flt.s            x14, f6, f10        x14=00000001  f6:b2b545c0 f10:00000000
22676400ns          397565 1c0090ac 007c7c53 fadd.s           f24, f24, f7        f24=xxxxxxxx f24:3b90ecb2  f7:4408f986
22676440ns          397567 1c0090b0 1a071ae3 bne              x14, x0, 2484       x14:00000001
22676917ns          397591 1c009a64 20631753 fsgnjn.s         f14, f6, f6         f14=xxxxxxxx  f6:b2b545c0  f6:b2b545c0
22676957ns          397593 1c009a68 00ec7c53 fadd.s           f24, f24, f14       f24=xxxxxxxx f24:4408f9ce f14:32b545c0
22676977ns          397594 1c009a6c 1187fbd3 fmul.s           f23, f15, f24       f23=xxxxxxxx f15:4408f986 f24:4408f9ce
22677415ns          397616 1c009a70 1186fb53 fmul.s           f22, f13, f24       f22=xxxxxxxx f13:bb90ecb2 f24:4408f9ce
22677454ns          397618 1c009a74 11837953 fmul.s           f18, f6, f24        f18=xxxxxxxx  f6:b2b545c0 f24:4408f9ce
22677474ns          397619 1c009a78 e4861963 bne              x12, x8, -2478      x12:00000002  x8:00000000
22677673ns          397629 1c0090ca 00482683 lw               x13, 4(x16)         x13=412ebc3e x16:10001708  PA:1000170c
22677733ns          397632 1c0090ce a0a697d3 flt.s            x15, f13, f10       x15=00000000 f13:412ebc3e f10:00000000
22677753ns          397633 1c0090d2 00078363 beq              x15, x0, 6          x15:00000000
22677813ns          397636 1c0090d8 a0ab17d3 flt.s            x15, f22, f10       x15=00000001 f22:c01b1653 f10:00000000
22677832ns          397637 1c0090dc 01600333 add              x6, x0, x22          x6=c01b1653 x22:c01b1653
22677852ns          397638 1c0090de 00078363 beq              x15, x0, 6          x15:00000001
22677892ns          397640 1c0090e0 216b1353 fsgnjn.s         f6, f22, f22         f6=xxxxxxxx f22:c01b1653 f22:c01b1653
22677932ns          397642 1c0090e4 a0a917d3 flt.s            x15, f18, f10       x15=00000001 f18:b741fbe1 f10:00000000
22677952ns          397643 1c0090e8 01200733 add              x14, x0, x18        x14=b741fbe1 x18:b741fbe1
22677972ns          397644 1c0090ea 00078363 beq              x15, x0, 6          x15:00000001
22677992ns          397645 1c0090ec 21291753 fsgnjn.s         f14, f18, f18       f14=xxxxxxxx f18:b741fbe1 f18:b741fbe1
22678031ns          397647 1c0090f0 00677753 fadd.s           f14, f14, f6        f14=xxxxxxxx f14:3741fbe1  f6:401b1653
22678071ns          397649 1c0090f4 a0ab97d3 flt.s            x15, f23, f10       x15=00000000 f23:48929470 f10:00000000
22678091ns          397650 1c0090f8 01700333 add              x6, x0, x23          x6=48929470 x23:48929470
22678111ns          397651 1c0090fa 10d776d3 fmul.s           f13, f14, f13       f13=xxxxxxxx f14:401b1683 f13:412ebc3e
22678131ns          397652 1c0090fe 00078363 beq              x15, x0, 6          x15:00000000
22678230ns          397657 1c009104 00082703 lw               x14, 0(x16)         x14=44039afa x16:10001708  PA:10001708
22678270ns          397659 1c009108 10537353 fmul.s           f6, f6, f5           f6=xxxxxxxx  f6:48929470  f5:34000000
22678290ns          397660 1c00910c a0a717d3 flt.s            x15, f14, f10       x15=00000000 f14:44039afa f10:00000000
22678330ns          397662 1c009110 00078363 beq              x15, x0, 6          x15:00000000
22678409ns          397666 1c009116 a0a597d3 flt.s            x15, f11, f10       x15=00000000 f11:440aacdb f10:00000000
22678429ns          397667 1c00911a 00078363 beq              x15, x0, 6          x15:00000000
22678529ns          397672 1c009120 a0ae17d3 flt.s            x15, f28, f10       x15=00000000 f28:41a58f8b f10:00000000
22678548ns          397673 1c009124 00e5f753 fadd.s           f14, f11, f14       f14=xxxxxxxx f11:440aacdb f14:44039afa
22678568ns          397674 1c009128 00078363 beq              x15, x0, 6          x15:00000000
22678708ns          397681 1c00912e 01c77753 fadd.s           f14, f14, f28       f14=xxxxxxxx f14:448723ea f28:41a58f8b
22678727ns          397682 1c009132 10677753 fmul.s           f14, f14, f6        f14=xxxxxxxx f14:4489ba28  f6:3d129470
22678747ns          397683 1c009136 a0e68753 fle.s            x14, f13, f14       x14=00000001 f13:41d3b6ae f14:421db80d
22678767ns          397684 1c00913a 00071463 bne              x14, x0, 8          x14:00000001
22678867ns          397689 1c009142 09212623 sw               x18, 140(x2)        x18:b741fbe1  x2:100015f8  PA:10001684
22678887ns          397690 1c009144 09712223 sw               x23, 132(x2)        x23:48929470  x2:100015f8  PA:1000167c
22678907ns          397691 1c009146 09612423 sw               x22, 136(x2)        x22:c01b1653  x2:100015f8  PA:10001680
22678926ns          397692 1c009148 019009b3 add              x19, x0, x25        x19=40d986f5 x25:40d986f5
22678946ns          397693 1c00914a 734dcd63 blt              x27, x20, 1850      x27:00000004 x20:00000003
22678986ns          397695 1c00914e 002a1813 slli             x16, x20, 0x2       x16=0000000c x20:00000003
22679026ns          397697 1c009152 400006b7 lui              x13, 0x40000000     x13=40000000
22679046ns          397698 1c009156 01812383 lw               x7, 24(x2)           x7=100016f0  x2:100015f8  PA:10001610
22679066ns          397699 1c009158 014807b3 add              x15, x16, x20       x15=0000000f x16:0000000c x20:00000003
22679086ns          397700 1c00915c ff568693 addi             x13, x13, -11       x13=3ffffff5 x13:40000000
22679105ns          397701 1c00915e 00f008b3 add              x17, x0, x15        x17=0000000f x15:0000000f
22679125ns          397702 1c009160 014686b3 add              x13, x13, x20       x13=3ffffff8 x13:3ffffff5 x20:00000003
22679145ns          397703 1c009162 00279793 slli             x15, x15, 0x2       x15=0000003c x15:0000000f
22679165ns          397704 1c009164 011686b3 add              x13, x13, x17       x13=40000007 x13:3ffffff8 x17:0000000f
22679185ns          397705 1c009166 06038513 addi             x10, x7, 96         x10=10001750  x7:100016f0
22679205ns          397706 1c00916a 05012483 lw               x9, 80(x2)           x9=10001754  x2:100015f8  PA:10001648
22679225ns          397707 1c00916c fec78613 addi             x12, x15, -20       x12=00000028 x15:0000003c
22679265ns          397709 1c009170 00269693 slli             x13, x13, 0x2       x13=0000001c x13:40000007
22679284ns          397710 1c009172 01050533 add              x10, x10, x16       x10=1000175c x10:10001750 x16:0000000c
22679304ns          397711 1c009174 014005b3 add              x11, x0, x20        x11=00000003 x20:00000003
22679324ns          397712 1c009176 00f48733 add              x14, x9, x15        x14=10001790  x9:10001754 x15:0000003c
22679344ns          397713 1c00917a 05812023 sw               x24, 64(x2)         x24:4408f9ce  x2:100015f8  PA:10001638
22679364ns          397714 1c00917c 05912223 sw               x25, 68(x2)         x25:40d986f5  x2:100015f8  PA:1000163c
22679384ns          397715 1c00917e 007787b3 add              x15, x15, x7        x15=1000172c x15:0000003c  x7:100016f0
22679404ns          397716 1c009180 01400cb3 add              x25, x0, x20        x25=00000003 x20:00000003
22679424ns          397717 1c009182 007686b3 add              x13, x13, x7        x13=1000170c x13:0000001c  x7:100016f0
22679444ns          397718 1c009184 00c38fb3 add              x31, x7, x12        x31=10001718  x7:100016f0 x12:00000028
22679463ns          397719 1c009188 01100c33 add              x24, x0, x17        x24=0000000f x17:0000000f
22679483ns          397720 1c00918a 00a00a33 add              x20, x0, x10        x20=1000175c x10:1000175c
22679503ns          397721 1c00918c 0bb587e3 beq              x11, x27, 2222      x11:00000003 x27:00000004
22679543ns          397723 1c009190 16bccbe3 blt              x25, x11, 2422      x25:00000003 x11:00000003
22679583ns          397725 1c009194 08412503 lw               x10, 132(x2)        x10=48929470  x2:100015f8  PA:1000167c
22679603ns          397726 1c009196 08812803 lw               x16, 136(x2)        x16=c01b1653  x2:100015f8  PA:10001680
22679623ns          397727 1c009198 00000613 addi             x12, x0, 0          x12=00000000
22679642ns          397728 1c00919c a0c81653 flt.s            x12, f16, f12       x12=00000001 f16:c01b1653 f12:00000000
22679682ns          397730 1c0091a0 00060363 beq              x12, x0, 6          x12:00000001
22679722ns          397732 1c0091a2 21081853 fsgnjn.s         f16, f16, f16       f16=xxxxxxxx f16:c01b1653 f16:c01b1653
22679742ns          397733 1c0091a6 1c000e37 lui              x28, 0x1c000000     x28=1c000000
22679762ns          397734 1c0091aa 01ce0e13 addi             x28, x28, 28        x28=1c00001c x28:1c000000
22679821ns          397737 1c0091ae 000e2e03 lw               x28, 0(x28)         x28=00800000 x28:1c00001c  PA:1c00001c
22680160ns          397754 1c0091b2 a10e1653 flt.s            x12, f28, f16       x12=00000001 f28:00800000 f16:401b1653
22680180ns          397755 1c0091b6 10061be3 bne              x12, x0, 2326       x12:00000001
22680717ns          397782 1c009acc 1c000337 lui              x6, 0x1c000000       x6=1c000000
22680796ns          397786 1c009ad0 01c30313 addi             x6, x6, 28           x6=1c00001c  x6:1c000000
22680836ns          397788 1c009ad4 00000893 addi             x17, x0, 0          x17=00000000
22680856ns          397789 1c009ad8 1c0003b7 lui              x7, 0x1c000000       x7=1c000000
22680876ns          397790 1c009adc 00032303 lw               x6, 0(x6)            x6=00800000  x6:1c00001c  PA:1c00001c
22681214ns          397807 1c009ae0 04c38393 addi             x7, x7, 76           x7=1c00004c  x7:1c000000
22681234ns          397808 1c009ae4 19037653 fdiv.s           f12, f6, f16        f12=xxxxxxxx  f6:00800000 f16:401b1653
22681512ns          397822 1c009ae8 111678d3 fmul.s           f17, f12, f17       f17=xxxxxxxx f12:0034d268 f17:00000000
22681532ns          397823 1c009aec 0003a383 lw               x7, 0(x7)            x7=3f800000  x7:1c00004c  PA:1c00004c
22681910ns          397842 1c009af0 38c8f8c3 fmadd.s          f17, f17, f12, f7   f17=xxxxxxxx f17:00000000 f12:0034d268  f7:3f800000
22681930ns          397843 1c009af4 ed4ff06f jal              x0, -2348          
22682009ns          397847 1c0091c8 08c12603 lw               x12, 140(x2)        x12=b741fbe1  x2:100015f8  PA:10001684
22682049ns          397849 1c0091ca 00000313 addi             x6, x0, 0            x6=00000000
22682109ns          397852 1c0091ce a0661353 flt.s            x6, f12, f6          x6=00000001 f12:b741fbe1  f6:00000000
22682149ns          397854 1c0091d2 00030463 beq              x6, x0, 8            x6:00000001
22682169ns          397855 1c0091d6 20c61653 fsgnjn.s         f12, f12, f12       f12=xxxxxxxx f12:b741fbe1 f12:b741fbe1
22682188ns          397856 1c0091da a0c81353 flt.s            x6, f16, f12         x6=00000000 f16:401b1653 f12:3741fbe1
22682248ns          397859 1c0091de 10030de3 beq              x6, x0, 2330         x6:00000000
22682308ns          397862 1c009af8 19067653 fdiv.s           f12, f12, f16       f12=xxxxxxxx f12:3741fbe1 f16:401b1653
22682586ns          397876 1c009afc 88c678c3 fmadd.s          f17, f12, f12, f17  f17=xxxxxxxx f12:36a01a64 f12:36a01a64 f17:3f800000
22682606ns          397877 1c009b00 01000633 add              x12, x0, x16        x12=401b1653 x16:401b1653
22682626ns          397878 1c009b02 ef8ff06f jal              x0, -2312          
22682745ns          397884 1c0091fa 5808f853 fsqrt.s          f16, f17            f16=xxxxxxxx f17:3f800000
22683223ns          397908 1c0091fe 10c87653 fmul.s           f12, f16, f12       f12=xxxxxxxx f16:3f800000 f12:401b1653
22683243ns          397909 1c009202 00300893 addi             x17, x0, 3          x17=00000003
22683263ns          397910 1c009204 00200e93 addi             x29, x0, 2          x29=00000002
22683282ns          397911 1c009206 00000813 addi             x16, x0, 0          x16=00000000
22683302ns          397912 1c00920a a1062353 feq.s            x6, f12, f16         x6=00000000 f12:401b1653 f16:00000000
22683342ns          397914 1c00920e 040318e3 bne              x6, x0, 2128         x6:00000000
22683382ns          397916 1c009212 a1051853 flt.s            x16, f10, f16       x16=00000000 f10:48929470 f16:00000000
22683402ns          397917 1c009216 180812e3 bne              x16, x0, 2436       x16:00000000
22683422ns          397918 1c00921a 00a00833 add              x16, x0, x10        x16=48929470 x10:48929470
22683442ns          397919 1c00921c 00000313 addi             x6, x0, 0            x6=00000000
22683481ns          397921 1c009220 a0661353 flt.s            x6, f12, f6          x6=00000000 f12:401b1653  f6:00000000
22683521ns          397923 1c009224 00030463 beq              x6, x0, 8            x6:00000000
22683581ns          397926 1c00922c a0c81353 flt.s            x6, f16, f12         x6=00000000 f16:48929470 f12:401b1653
22683641ns          397929 1c009230 12031ce3 bne              x6, x0, 2360         x6:00000000
22683680ns          397931 1c009234 a1061353 flt.s            x6, f12, f16         x6=00000001 f12:401b1653 f16:48929470
22683700ns          397932 1c009238 18031fe3 bne              x6, x0, 2462         x6:00000001
22684357ns          397965 1c009bd6 1c000337 lui              x6, 0x1c000000       x6=1c000000
22684376ns          397966 1c009bda 04c30313 addi             x6, x6, 76           x6=1c00004c  x6:1c000000
22684814ns          397988 1c009bde 00032303 lw               x6, 0(x6)            x6=3f800000  x6:1c00004c  PA:1c00004c
22685152ns          398005 1c009be2 19067653 fdiv.s           f12, f12, f16       f12=xxxxxxxx f12:401b1653 f16:48929470
22685610ns          398028 1c009be6 30c67643 fmadd.s          f12, f12, f12, f6   f12=xxxxxxxx f12:37076dd4 f12:37076dd4  f6:3f800000
22685630ns          398029 1c009bea 58067653 fsqrt.s          f12, f12            f12=xxxxxxxx f12:3f800000
22686167ns          398056 1c009bee 10c87653 fmul.s           f12, f16, f12       f12=xxxxxxxx f16:48929470 f12:3f800000
22686187ns          398057 1c009bf2 e62ff06f jal              x0, -2462          
22686266ns          398061 1c009254 00000813 addi             x16, x0, 0          x16=00000000
22686306ns          398063 1c009258 a0a80853 fle.s            x16, f16, f10       x16=00000001 f16:00000000 f10:48929470
22686326ns          398064 1c00925c 00080463 beq              x16, x0, 8          x16:00000001
22686763ns          398086 1c009260 20c61653 fsgnjn.s         f12, f12, f12       f12=xxxxxxxx f12:48929470 f12:48929470
22686803ns          398088 1c009264 00000813 addi             x16, x0, 0          x16=00000000
22686823ns          398089 1c009268 a1061853 flt.s            x16, f12, f16       x16=00000001 f12:c8929470 f16:00000000
22686843ns          398090 1c00926c 12081be3 bne              x16, x0, 2358       x16:00000001
22687022ns          398099 1c009ba2 20c61853 fsgnjn.s         f16, f12, f12       f16=xxxxxxxx f12:c8929470 f12:c8929470
22687042ns          398100 1c009ba6 eccff06f jal              x0, -2356          
22687101ns          398103 1c009272 1c0004b7 lui              x9, 0x1c000000       x9=1c000000
22687121ns          398104 1c009276 03048493 addi             x9, x9, 48           x9=1c000030  x9:1c000000
22687141ns          398105 1c00927a 0004a483 lw               x9, 0(x9)            x9=0c000000  x9:1c000030  PA:1c000030
22687460ns          398121 1c00927c a0981853 flt.s            x16, f16, f9        x16=00000000 f16:48929470  f9:0c000000
22687479ns          398122 1c009280 0a080ce3 beq              x16, x0, 2232       x16:00000000
22687579ns          398127 1c009b38 1c000337 lui              x6, 0x1c000000       x6=1c000000
22687619ns          398129 1c009b3c 04c32803 lw               x16, 76(x6)         x16=3f800000  x6:1c000000  PA:1c00004c
22687957ns          398146 1c009b40 08c57353 fsub.s           f6, f10, f12         f6=xxxxxxxx f10:48929470 f12:c8929470
22687977ns          398147 1c009b44 18687853 fdiv.s           f16, f16, f6        f16=xxxxxxxx f16:3f800000  f6:49129470  PA:10001680
22688136ns          398155 1c009b48 08812303 lw               x6, 136(x2)          x6=xxxxxxxx  x2:100015f8
22688156ns          398156 1c009b4a 08a679d3 fsub.s           f19, f12, f10       f19=xxxxxxxx f12:c8929470 f10:48929470
22688414ns          398169 1c009b4e 11037353 fmul.s           f6, f6, f16          f6=xxxxxxxx  f6:c01b1653 f16:35df8cf0
22688434ns          398170 1c009b52 18c9f9d3 fdiv.s           f19, f19, f12       f19=xxxxxxxx f19:c9129470 f12:c8929470  PA:10001680
22689250ns          398211 1c009b56 08612423 sw               x6, 136(x2)          x6:b6876dd4  x2:100015f8
22689270ns          398212 1c009b58 0038b663 p.bneimm         x17, 12             x17:00000003  PA:10001684
22689289ns          398213 1c009b5c 08c12503 lw               x10, 140(x2)        x10=xxxxxxxx  x2:100015f8
22689329ns          398215 1c009b5e 11057853 fmul.s           f16, f10, f16       f16=xxxxxxxx f10:b741fbe1 f16:35df8cf0
22689528ns          398225 1c009b62 09012623 sw               x16, 140(x2)        x16:ada96535  x2:100015f8  PA:10001684
22689548ns          398226 1c009b64 00c00533 add              x10, x0, x12        x10=c8929470 x12:c8929470
22689568ns          398227 1c009b66 87fff06f jal              x0, -1922          
22689648ns          398231 1c0093e4 08a12223 sw               x10, 132(x2)        x10:c8929470  x2:100015f8  PA:1000167c
22689687ns          398233 1c0093e6 4cbcd763 bge              x25, x11, 1230      x25:00000003 x11:00000003
22690224ns          398260 1c0098b4 01c12383 lw               x7, 28(x2)           x7=00000001  x2:100015f8  PA:10001614
22690264ns          398262 1c0098b6 b593d1e3 bge              x7, x25, -1214       x7:00000001 x25:00000003
22690284ns          398263 1c0098ba 1c0004b7 lui              x9, 0x1c000000       x9=1c000000
22690344ns          398266 1c0098be 04c4a503 lw               x10, 76(x9)         x10=3f800000  x9:1c000000  PA:1c00004c
22690642ns          398281 1c0098c2 0006a603 lw               x12, 0(x13)         x12=412ebc3e x13:1000170c  PA:1000170c
22690662ns          398282 1c0098c4 09357553 fsub.s           f10, f10, f19       f10=xxxxxxxx f10:3f800000 f19:40000000
22690682ns          398283 1c0098c8 08812b83 lw               x23, 136(x2)        x23=b6876dd4  x2:100015f8  PA:10001680
22690702ns          398284 1c0098ca 10a67653 fmul.s           f12, f12, f10       f12=xxxxxxxx f12:412ebc3e f10:bf800000
22690722ns          398285 1c0098ce 1179fb53 fmul.s           f22, f19, f23       f22=xxxxxxxx f19:40000000 f23:b6876dd4
22690742ns          398286 1c0098d2 00c6a023 sw               x12, 0(x13)         x12:c12ebc3e x13:1000170c  PA:1000170c
22690761ns          398287 1c0098d4 b238a7e3 p.beqimm         x17, -1234          x17:00000003
22690960ns          398297 1c009402 01468313 addi             x6, x13, 20          x6=10001720 x13:1000170c
22690980ns          398298 1c009406 406a08b3 sub              x17, x20, x6        x17=0000003c x20:1000175c  x6:10001720
22691000ns          398299 1c00940a 08c12d03 lw               x26, 140(x2)        x26=ada96535  x2:100015f8  PA:10001684
22691020ns          398300 1c00940c fec88893 addi             x17, x17, -20       x17=00000028 x17:0000003c
22691060ns          398302 1c00940e 0cccd637 lui              x12, 0xcccd000      x12=0cccd000
22691100ns          398304 1c009412 0028d893 srli             x17, x17, 0x2       x17=0000000a x17:00000028
22691119ns          398305 1c009416 ccd60613 addi             x12, x12, -819      x12=0ccccccd x12:0cccd000
22691139ns          398306 1c00941a 02c888b3 mul              x17, x17, x12       x17=80000002 x17:0000000a x12:0ccccccd
22691199ns          398309 1c00941e 113d7ad3 fmul.s           f21, f26, f19       f21=xxxxxxxx f26:ada96535 f19:40000000
22691219ns          398310 1c009422 01868693 addi             x13, x13, 24        x13=10001724 x13:1000170c
22691239ns          398311 1c009424 c3e8b8b3 p.bclr           x17, x17, 1, 30     x17=00000002 x17:80000002
22691259ns          398312 1c009428 02d12423 sw               x13, 40(x2)         x13:10001724  x2:100015f8  PA:10001620
22691279ns          398313 1c00942a 00d00533 add              x10, x0, x13        x10=10001724 x13:10001724
22691298ns          398314 1c00942c 00188893 addi             x17, x17, 1         x17=00000003 x17:00000002
22691338ns          398316 1c00942e 0168c0fb lp.setup         0x1, x17, 0x16      x17:00000003
22691358ns          398317 1c009432 00052603 lw               x12, 0(x10)         x12=bb8d5738 x10:10001724  PA:10001724
22691378ns          398318 1c009434 00032803 lw               x16, 0(x6)          x16=440aacdb  x6:10001720  PA:10001720
22691398ns          398319 1c009438 00452e03 lw               x28, 4(x10)         x28=00000000 x10:10001724  PA:10001728
22691418ns          398320 1c00943c 817676c3 fmadd.s          f13, f12, f23, f16  f13=xxxxxxxx f12:bb8d5738 f23:b6876dd4 f16:440aacdb
22691497ns          398324 1c009440 01450513 addi             x10, x10, 20        x10=10001738 x10:10001724
22691537ns          398326 1c009442 69cd76c3 fmadd.s          f13, f26, f28, f13  f13=xxxxxxxx f26:ada96535 f28:00000000 f13:440aacdb
22691557ns          398327 1c009446 8136f84b fnmsub.s         f16, f13, f19, f16  f16=xxxxxxxx f13:440aacdb f19:40000000 f16:440aacdb
22691577ns          398328 1c00944a 6166f64b fnmsub.s         f12, f13, f22, f12  f12=xxxxxxxx f13:440aacdb f22:b7076dd4 f12:bb8d5738
22691637ns          398331 1c00944e e0daf6cb fnmsub.s         f13, f21, f13, f28  f13=xxxxxxxx f21:ae296535 f13:440aacdb f28:00000000
22691676ns          398333 1c009452 01032a2b p.sw             x16, 20(x6!)         x6=10001734 x16:c40aacdb  x6:10001720  PA:10001720
22691696ns          398334 1c009456 fec52623 sw               x12, -20(x10)       x12:392c427b x10:10001738  PA:10001724
22691716ns          398335 1c00945a fed52823 sw               x13, -16(x10)       x13:32b785df x10:10001738  PA:10001728
22691736ns          398336 1c009432 00052603 lw               x12, 0(x10)         x12=41a58f8b x10:10001738  PA:10001738
22691756ns          398337 1c009434 00032803 lw               x16, 0(x6)          x16=bb8f83c4  x6:10001734  PA:10001734
22691776ns          398338 1c009438 00452e03 lw               x28, 4(x10)         x28=3b2facff x10:10001738  PA:1000173c
22691796ns          398339 1c00943c 817676c3 fmadd.s          f13, f12, f23, f16  f13=xxxxxxxx f12:41a58f8b f23:b6876dd4 f16:bb8f83c4
22691816ns          398340 1c009440 01450513 addi             x10, x10, 20        x10=1000174c x10:10001738
22691835ns          398341 1c009442 69cd76c3 fmadd.s          f13, f26, f28, f13  f13=xxxxxxxx f26:ada96535 f28:3b2facff f13:bb924072
22691855ns          398342 1c009446 8136f84b fnmsub.s         f16, f13, f19, f16  f16=xxxxxxxx f13:bb924072 f19:40000000 f16:bb8f83c4
22691875ns          398343 1c00944a 6166f64b fnmsub.s         f12, f13, f22, f12  f12=xxxxxxxx f13:bb924072 f22:b7076dd4 f12:41a58f8b
22691895ns          398344 1c00944e e0daf6cb fnmsub.s         f13, f21, f13, f28  f13=xxxxxxxx f21:ae296535 f13:bb924072 f28:3b2facff
22691915ns          398345 1c009452 01032a2b p.sw             x16, 20(x6!)         x6=10001748 x16:3b94fd20  x6:10001734  PA:10001734
22691935ns          398346 1c009456 fec52623 sw               x12, -20(x10)       x12:41a58f8b x10:1000174c  PA:10001738
22691955ns          398347 1c00945a fed52823 sw               x13, -16(x10)       x13:3b2facff x10:1000174c  PA:1000173c
22691975ns          398348 1c009432 00052603 lw               x12, 0(x10)         x12=3b33506e x10:1000174c  PA:1000174c
22691995ns          398349 1c009434 00032803 lw               x16, 0(x6)          x16=b777bf3b  x6:10001748  PA:10001748
22692015ns          398350 1c009438 00452e03 lw               x28, 4(x10)         x28=40d986f5 x10:1000174c  PA:10001750
22692034ns          398351 1c00943c 817676c3 fmadd.s          f13, f12, f23, f16  f13=xxxxxxxx f12:3b33506e f23:b6876dd4 f16:b777bf3b
22692054ns          398352 1c009440 01450513 addi             x10, x10, 20        x10=10001760 x10:1000174c
22692074ns          398353 1c009442 69cd76c3 fmadd.s          f13, f26, f28, f13  f13=xxxxxxxx f26:ada96535 f28:40d986f5 f13:b777eea9
22692094ns          398354 1c009446 8136f84b fnmsub.s         f16, f13, f19, f16  f16=xxxxxxxx f13:b777ef39 f19:40000000 f16:b777bf3b
22692114ns          398355 1c00944a 6166f64b fnmsub.s         f12, f13, f22, f12  f12=xxxxxxxx f13:b777ef39 f22:b7076dd4 f12:3b33506e
22692134ns          398356 1c00944e e0daf6cb fnmsub.s         f13, f21, f13, f28  f13=xxxxxxxx f21:ae296535 f13:b777ef39 f28:40d986f5
22692154ns          398357 1c009452 01032a2b p.sw             x16, 20(x6!)         x6=1000175c x16:37781f37  x6:10001748  PA:10001748
22692174ns          398358 1c009456 fec52623 sw               x12, -20(x10)       x12:3b33506d x10:10001760  PA:1000174c
22692194ns          398359 1c00945a fed52823 sw               x13, -16(x10)       x13:40d986f5 x10:10001760  PA:10001750
22692253ns          398362 1c00945e 00158513 addi             x10, x11, 1         x10=00000004 x11:00000003
22692273ns          398363 1c009462 02a12023 sw               x10, 32(x2)         x10:00000004  x2:100015f8  PA:10001618
22692293ns          398364 1c009464 73b55263 bge              x10, x27, 1828      x10:00000004 x27:00000004
22692392ns          398369 1c009b88 ffbc0913 addi             x18, x24, -5        x18=0000000a x24:0000000f
22692432ns          398371 1c009b8c 005c0613 addi             x12, x24, 5         x12=00000014 x24:0000000f
22692492ns          398374 1c009b90 be0dcce3 blt              x27, x0, -1032      x27:00000004
22692532ns          398376 1c009b94 01b005b3 add              x11, x0, x27        x11=00000004 x27:00000004
22692552ns          398377 1c009b96 00000693 addi             x13, x0, 0          x13=00000000
22692571ns          398378 1c009b98 9b5ff06f jal              x0, -1612          
22692651ns          398382 1c00954c 01812803 lw               x16, 24(x2)         x16=100016f0  x2:100015f8  PA:10001610
22692731ns          398386 1c00954e 00d90333 add              x6, x18, x13         x6=0000000a x18:0000000a x13:00000000
22692770ns          398388 1c009552 00dc08b3 add              x17, x24, x13       x17=0000000f x24:0000000f x13:00000000
22692790ns          398389 1c009556 00231313 slli             x6, x6, 0x2          x6=00000028  x6:0000000a
22692810ns          398390 1c009558 00289893 slli             x17, x17, 0x2       x17=0000003c x17:0000000f
22692830ns          398391 1c00955a 01030333 add              x6, x6, x16          x6=10001718  x6:00000028 x16:100016f0
22692850ns          398392 1c00955c 010888b3 add              x17, x17, x16       x17=1000172c x17:0000003c x16:100016f0
22692870ns          398393 1c00955e 00032e83 lw               x29, 0(x6)          x29=3744cd36  x6:10001718  PA:10001718
22692910ns          398395 1c009562 0008a803 lw               x16, 0(x17)         x16=b88c2d2c x17:1000172c  PA:1000172c
22692929ns          398396 1c009566 00d60e33 add              x28, x12, x13       x28=00000014 x12:00000014 x13:00000000
22692949ns          398397 1c00956a 01812283 lw               x5, 24(x2)           x5=100016f0  x2:100015f8  PA:10001610
22692969ns          398398 1c00956c 002e1e13 slli             x28, x28, 0x2       x28=00000050 x28:00000014
22692989ns          398399 1c00956e 005e0e33 add              x28, x28, x5        x28=10001740 x28:00000050  x5:100016f0
22693009ns          398400 1c009570 e90bf843 fmadd.s          f16, f23, f16, f29  f16=xxxxxxxx f23:b6876dd4 f16:b88c2d2c f29:3744cd36
22693049ns          398402 1c009574 000e2f03 lw               x30, 0(x28)         x30=b70352e1 x28:10001740  PA:10001740
22693069ns          398403 1c009578 00168513 addi             x10, x13, 1         x10=00000001 x13:00000000
22693089ns          398404 1c00957c 81ed7843 fmadd.s          f16, f26, f30, f16  f16=xxxxxxxx f26:ada96535 f30:b70352e1 f16:3744ce5f
22693148ns          398407 1c009580 e909fecb fnmsub.s         f29, f19, f16, f29  f29=xxxxxxxx f19:40000000 f16:3744ce5f f29:3744cd36
22693188ns          398409 1c009584 01d32023 sw               x29, 0(x6)          x29:b744cf88  x6:10001718  PA:10001718
22693208ns          398410 1c009588 0008a303 lw               x6, 0(x17)           x6=b88c2d2c x17:1000172c  PA:1000172c
22693248ns          398412 1c00958c 310b734b fnmsub.s         f6, f22, f16, f6     f6=xxxxxxxx f22:b7076dd4 f16:3744ce5f  f6:b88c2d2c
22693288ns          398414 1c009590 0068a023 sw               x6, 0(x17)           x6:b88c2d1f x17:1000172c  PA:1000172c
22693327ns          398416 1c009594 000e2f03 lw               x30, 0(x28)         x30=b70352e1 x28:10001740  PA:10001740
22693367ns          398418 1c009598 f10af84b fnmsub.s         f16, f21, f16, f30  f16=xxxxxxxx f21:ae296535 f16:3744ce5f f30:b70352e1
22693387ns          398419 1c00959c 010e2023 sw               x16, 0(x28)         x16:b70352e1 x28:10001740  PA:10001740
22693427ns          398421 1c0095a0 1ea5c463 blt              x11, x10, 488       x11:00000004 x10:00000001
22693467ns          398423 1c0095a4 01250e33 add              x28, x10, x18       x28=0000000b x10:00000001 x18:0000000a
22693486ns          398424 1c0095a8 01850333 add              x6, x10, x24         x6=00000010 x10:00000001 x24:0000000f
22693506ns          398425 1c0095ac 002e1e13 slli             x28, x28, 0x2       x28=0000002c x28:0000000b
22693526ns          398426 1c0095ae 00231313 slli             x6, x6, 0x2          x6=00000040  x6:00000010
22693566ns          398428 1c0095b0 00530333 add              x6, x6, x5           x6=10001730  x6:00000040  x5:100016f0
22693586ns          398429 1c0095b2 005e0e33 add              x28, x28, x5        x28=1000171c x28:0000002c  x5:100016f0
22693606ns          398430 1c0095b4 000e2e83 lw               x29, 0(x28)         x29=412ebc73 x28:1000171c  PA:1000171c
22693626ns          398431 1c0095b8 00032883 lw               x17, 0(x6)          x17=37d23546  x6:10001730  PA:10001730
22693646ns          398432 1c0095bc 00c50533 add              x10, x10, x12       x10=00000015 x10:00000001 x12:00000014
22693665ns          398433 1c0095be 00251513 slli             x10, x10, 0x2       x10=00000054 x10:00000015
22693725ns          398436 1c0095c0 00550533 add              x10, x10, x5        x10=10001744 x10:00000054  x5:100016f0
22693765ns          398438 1c0095c2 e91bf8c3 fmadd.s          f17, f23, f17, f29  f17=xxxxxxxx f23:b6876dd4 f17:37d23546 f29:412ebc73
22693785ns          398439 1c0095c6 00052f03 lw               x30, 0(x10)         x30=380f62c2 x10:10001744  PA:10001744
22693805ns          398440 1c0095ca 00268813 addi             x16, x13, 2         x16=00000002 x13:00000000
22693864ns          398443 1c0095ce 89ed78c3 fmadd.s          f17, f26, f30, f17  f17=xxxxxxxx f26:ada96535 f30:380f62c2 f17:412ebc73
22693904ns          398445 1c0095d2 e919fecb fnmsub.s         f29, f19, f17, f29  f29=xxxxxxxx f19:40000000 f17:412ebc73 f29:412ebc73
22693924ns          398446 1c0095d6 01de2023 sw               x29, 0(x28)         x29:c12ebc73 x28:1000171c  PA:1000171c
22693944ns          398447 1c0095da 00032e03 lw               x28, 0(x6)          x28=37d23546  x6:10001730  PA:10001730
22694004ns          398450 1c0095de e11b7e4b fnmsub.s         f28, f22, f17, f28  f28=xxxxxxxx f22:b7076dd4 f17:412ebc73 f28:37d23546
22694043ns          398452 1c0095e2 01c32023 sw               x28, 0(x6)          x28:38ed6e01  x6:10001730  PA:10001730
22694063ns          398453 1c0095e6 00052f03 lw               x30, 0(x10)         x30=380f62c2 x10:10001744  PA:10001744
22694103ns          398455 1c0095ea f11af8cb fnmsub.s         f17, f21, f17, f30  f17=xxxxxxxx f21:ae296535 f17:412ebc73 f30:380f62c2
22694143ns          398457 1c0095ee 01152023 sw               x17, 0(x10)         x17:380f6336 x10:10001744  PA:10001744
22694183ns          398459 1c0095f2 1905cb63 blt              x11, x16, 406       x11:00000004 x16:00000002
22694202ns          398460 1c0095f6 01280e33 add              x28, x16, x18       x28=0000000c x16:00000002 x18:0000000a
22694222ns          398461 1c0095fa 01880333 add              x6, x16, x24         x6=00000011 x16:00000002 x24:0000000f
22694242ns          398462 1c0095fe 002e1e13 slli             x28, x28, 0x2       x28=00000030 x28:0000000c
22694282ns          398464 1c009600 00231313 slli             x6, x6, 0x2          x6=00000044  x6:00000011
22694302ns          398465 1c009602 00530333 add              x6, x6, x5           x6=10001734  x6:00000044  x5:100016f0
22694322ns          398466 1c009604 005e0e33 add              x28, x28, x5        x28=10001720 x28:00000030  x5:100016f0
22694342ns          398467 1c009606 000e2e83 lw               x29, 0(x28)         x29=c40aacdb x28:10001720  PA:10001720
22694362ns          398468 1c00960a 00032883 lw               x17, 0(x6)          x17=3b94fd20  x6:10001734  PA:10001734
22694421ns          398471 1c00960e 00c80533 add              x10, x16, x12       x10=00000016 x16:00000002 x12:00000014
22694441ns          398472 1c009612 00251513 slli             x10, x10, 0x2       x10=00000058 x10:00000016
22694461ns          398473 1c009614 00550533 add              x10, x10, x5        x10=10001748 x10:00000058  x5:100016f0
22694481ns          398474 1c009616 e91bf8c3 fmadd.s          f17, f23, f17, f29  f17=xxxxxxxx f23:b6876dd4 f17:3b94fd20 f29:c40aacdb
22694501ns          398475 1c00961a 00052f03 lw               x30, 0(x10)         x30=37781f37 x10:10001748  PA:10001748
22694938ns          398497 1c00961e 00368813 addi             x16, x13, 3         x16=00000003 x13:00000000
22694978ns          398499 1c009622 89ed78c3 fmadd.s          f17, f26, f30, f17  f17=xxxxxxxx f26:ada96535 f30:37781f37 f17:c40aacdb
22694998ns          398500 1c009626 e919fecb fnmsub.s         f29, f19, f17, f29  f29=xxxxxxxx f19:40000000 f17:c40aacdb f29:c40aacdb
22695018ns          398501 1c00962a 01de2023 sw               x29, 0(x28)         x29:440aacdb x28:10001720  PA:10001720
22695078ns          398504 1c00962e 00032e03 lw               x28, 0(x6)          x28=3b94fd20  x6:10001734  PA:10001734
22695117ns          398506 1c009632 e11b7e4b fnmsub.s         f28, f22, f17, f28  f28=xxxxxxxx f22:b7076dd4 f17:c40aacdb f28:3b94fd20
22695137ns          398507 1c009636 01c32023 sw               x28, 0(x6)          x28:3890f509  x6:10001734  PA:10001734
22695157ns          398508 1c00963a 00052f03 lw               x30, 0(x10)         x30=37781f37 x10:10001748  PA:10001748
22695595ns          398530 1c00963e f11af8cb fnmsub.s         f17, f21, f17, f30  f17=xxxxxxxx f21:ae296535 f17:c40aacdb f30:37781f37
22695635ns          398532 1c009642 01152023 sw               x17, 0(x10)         x17:3777c374 x10:10001748  PA:10001748
22695655ns          398533 1c009646 1505c163 blt              x11, x16, 322       x11:00000004 x16:00000003
22695674ns          398534 1c00964a 01280e33 add              x28, x16, x18       x28=0000000d x16:00000003 x18:0000000a
22696112ns          398556 1c00964e 01880333 add              x6, x16, x24         x6=00000012 x16:00000003 x24:0000000f
22696132ns          398557 1c009652 002e1e13 slli             x28, x28, 0x2       x28=00000034 x28:0000000d
22696152ns          398558 1c009654 00231313 slli             x6, x6, 0x2          x6=00000048  x6:00000012
22696172ns          398559 1c009656 00530333 add              x6, x6, x5           x6=10001738  x6:00000048  x5:100016f0
22696192ns          398560 1c009658 005e0e33 add              x28, x28, x5        x28=10001724 x28:00000034  x5:100016f0
22696211ns          398561 1c00965a 000e2e83 lw               x29, 0(x28)         x29=392c427b x28:10001724  PA:10001724
22696649ns          398583 1c00965e 00032883 lw               x17, 0(x6)          x17=41a58f8b  x6:10001738  PA:10001738
22696689ns          398585 1c009662 00c80533 add              x10, x16, x12       x10=00000017 x16:00000003 x12:00000014
22696709ns          398586 1c009666 00251513 slli             x10, x10, 0x2       x10=0000005c x10:00000017
22696729ns          398587 1c009668 00550533 add              x10, x10, x5        x10=1000174c x10:0000005c  x5:100016f0
22696749ns          398588 1c00966a e91bf8c3 fmadd.s          f17, f23, f17, f29  f17=xxxxxxxx f23:b6876dd4 f17:41a58f8b f29:392c427b
22697166ns          398609 1c00966e 00052f03 lw               x30, 0(x10)         x30=3b33506d x10:1000174c  PA:1000174c
22697206ns          398611 1c009672 00468813 addi             x16, x13, 4         x16=00000004 x13:00000000
22697226ns          398612 1c009676 89ed78c3 fmadd.s          f17, f26, f30, f17  f17=xxxxxxxx f26:ada96535 f30:3b33506d f17:38a95983
22697246ns          398613 1c00967a e919fecb fnmsub.s         f29, f19, f17, f29  f29=xxxxxxxx f19:40000000 f17:38a95983 f29:392c427b
22697305ns          398616 1c00967e 01de2023 sw               x29, 0(x28)         x29:363a3e00 x28:10001724  PA:10001724
22697345ns          398618 1c009682 00032e03 lw               x28, 0(x6)          x28=41a58f8b  x6:10001738  PA:10001738
22697385ns          398620 1c009686 e11b7e4b fnmsub.s         f28, f22, f17, f28  f28=xxxxxxxx f22:b7076dd4 f17:38a95983 f28:41a58f8b
22697405ns          398621 1c00968a 01c32023 sw               x28, 0(x6)          x28:41a58f8b  x6:10001738  PA:10001738
22697445ns          398623 1c00968e 00052f03 lw               x30, 0(x10)         x30=3b33506d x10:1000174c  PA:1000174c
22697484ns          398625 1c009692 f11af8cb fnmsub.s         f17, f21, f17, f30  f17=xxxxxxxx f21:ae296535 f17:38a95983 f30:3b33506d
22697504ns          398626 1c009696 01152023 sw               x17, 0(x10)         x17:3b33506d x10:1000174c  PA:1000174c
22697524ns          398627 1c00969a 0f05c763 blt              x11, x16, 238       x11:00000004 x16:00000004
22697584ns          398630 1c00969e 01280e33 add              x28, x16, x18       x28=0000000e x16:00000004 x18:0000000a
22697624ns          398632 1c0096a2 01880333 add              x6, x16, x24         x6=00000013 x16:00000004 x24:0000000f
22697644ns          398633 1c0096a6 002e1e13 slli             x28, x28, 0x2       x28=00000038 x28:0000000e
22697663ns          398634 1c0096a8 00231313 slli             x6, x6, 0x2          x6=0000004c  x6:00000013
22697683ns          398635 1c0096aa 00530333 add              x6, x6, x5           x6=1000173c  x6:0000004c  x5:100016f0
22697703ns          398636 1c0096ac 005e0e33 add              x28, x28, x5        x28=10001728 x28:00000038  x5:100016f0
22697723ns          398637 1c0096ae 000e2e83 lw               x29, 0(x28)         x29=32b785df x28:10001728  PA:10001728
22697763ns          398639 1c0096b2 00032883 lw               x17, 0(x6)          x17=3b2facff  x6:1000173c  PA:1000173c
22697783ns          398640 1c0096b6 00c80533 add              x10, x16, x12       x10=00000018 x16:00000004 x12:00000014
22697803ns          398641 1c0096ba 00251513 slli             x10, x10, 0x2       x10=00000060 x10:00000018
22697823ns          398642 1c0096bc 00550533 add              x10, x10, x5        x10=10001750 x10:00000060  x5:100016f0
22698240ns          398663 1c0096be e91bf8c3 fmadd.s          f17, f23, f17, f29  f17=xxxxxxxx f23:b6876dd4 f17:3b2facff f29:32b785df
22698280ns          398665 1c0096c2 00052f03 lw               x30, 0(x10)         x30=40d986f5 x10:10001750  PA:10001750
22698300ns          398666 1c0096c6 00568813 addi             x16, x13, 5         x16=00000005 x13:00000000
22698320ns          398667 1c0096ca 89ed78c3 fmadd.s          f17, f26, f30, f17  f17=xxxxxxxx f26:ada96535 f30:40d986f5 f17:32352c8d
22698380ns          398670 1c0096ce e919fecb fnmsub.s         f29, f19, f17, f29  f29=xxxxxxxx f19:40000000 f17:3232eccd f29:32b785df
22698419ns          398672 1c0096d2 01de2023 sw               x29, 0(x28)         x29:30132240 x28:10001728  PA:10001728
22698439ns          398673 1c0096d6 00032e03 lw               x28, 0(x6)          x28=3b2facff  x6:1000173c  PA:1000173c
22698479ns          398675 1c0096da e11b7e4b fnmsub.s         f28, f22, f17, f28  f28=xxxxxxxx f22:b7076dd4 f17:3232eccd f28:3b2facff
22698519ns          398677 1c0096de 01c32023 sw               x28, 0(x6)          x28:3b2facff  x6:1000173c  PA:1000173c
22698559ns          398679 1c0096e2 00052f03 lw               x30, 0(x10)         x30=40d986f5 x10:10001750  PA:10001750
22698598ns          398681 1c0096e6 f11af8cb fnmsub.s         f17, f21, f17, f30  f17=xxxxxxxx f21:ae296535 f17:3232eccd f30:40d986f5
22698618ns          398682 1c0096ea 01152023 sw               x17, 0(x10)         x17:40d986f5 x10:10001750  PA:10001750
22698658ns          398684 1c0096ee 0905cd63 blt              x11, x16, 154       x11:00000004 x16:00000005
22698757ns          398689 1c009788 ff072383 lw               x7, -16(x14)         x7=3d119d4c x14:10001790  PA:10001780
22698797ns          398691 1c00978c 00472283 lw               x5, 4(x14)           x5=3dae618a x14:10001790  PA:10001794
22698857ns          398694 1c009790 fec72483 lw               x9, -20(x14)         x9=3d6326b2 x14:10001790  PA:1000177c
22698897ns          398696 1c009794 00072403 lw               x8, 0(x14)           x8=3eb36ceb x14:10001790  PA:10001790
22698917ns          398697 1c009796 ffc72c03 lw               x24, -4(x14)        x24=3ec27861 x14:10001790  PA:1000178c
22698936ns          398698 1c00979a 01072883 lw               x17, 16(x14)        x17=3db6822a x14:10001790  PA:100017a0
22698996ns          398701 1c00979e ff472f03 lw               x30, -12(x14)       x30=3f153ac9 x14:10001790  PA:10001784
22699036ns          398703 1c0097a2 00872e83 lw               x29, 8(x14)         x29=bf41b6a3 x14:10001790  PA:10001798
22699056ns          398704 1c0097a6 3972f543 fmadd.s          f10, f5, f23, f7    f10=xxxxxxxx  f5:3dae618a f23:b6876dd4  f7:3d119d4c
22699076ns          398705 1c0097aa 49747843 fmadd.s          f16, f8, f23, f9    f16=xxxxxxxx  f8:3eb36ceb f23:b6876dd4  f9:3d6326b2
22699135ns          398708 1c0097ae c178f943 fmadd.s          f18, f17, f23, f24  f18=xxxxxxxx f17:3db6822a f23:b6876dd4 f24:3ec27861
22699175ns          398710 1c0097b2 01872c03 lw               x24, 24(x14)        x24=3f5beee2 x14:10001790  PA:100017a8
22699195ns          398711 1c0097b6 01472883 lw               x17, 20(x14)        x17=3e55e81c x14:10001790  PA:100017a4
22699215ns          398712 1c0097ba ff872e03 lw               x28, -8(x14)        x28=3f371aea x14:10001790  PA:10001788
22699275ns          398715 1c0097be 00c72303 lw               x6, 12(x14)          x6=3f09b8a6 x14:10001790  PA:1000179c
22699314ns          398717 1c0097c2 f17ef5c3 fmadd.s          f11, f29, f23, f30  f11=xxxxxxxx f29:bf41b6a3 f23:b6876dd4 f30:3f153ac9
22699334ns          398718 1c0097c6 518d7543 fmadd.s          f10, f26, f24, f10  f10=xxxxxxxx f26:ada96535 f24:3f5beee2 f10:3d119cf0
22699354ns          398719 1c0097ca 01c72c03 lw               x24, 28(x14)        x24=3d1015a6 x14:10001790  PA:100017ac
22699414ns          398722 1c0097ce 811d7843 fmadd.s          f16, f26, f17, f16  f16=xxxxxxxx f26:ada96535 f17:3e55e81c f16:3d632536
22699454ns          398724 1c0097d2 e17376c3 fmadd.s          f13, f6, f23, f28   f13=xxxxxxxx  f6:3f09b8a6 f23:b6876dd4 f28:3f371aea
22699474ns          398725 1c0097d6 598d75c3 fmadd.s          f11, f26, f24, f11  f11=xxxxxxxx f26:ada96535 f24:3d1015a6 f11:3f153afc
22699493ns          398726 1c0097da 02072c03 lw               x24, 32(x14)        x24=be914b25 x14:10001790  PA:100017b0
22699553ns          398729 1c0097de 4909f4cb fnmsub.s         f9, f19, f16, f9     f9=xxxxxxxx f19:40000000 f16:3d632536  f9:3d6326b2
22699593ns          398731 1c0097e2 698d76c3 fmadd.s          f13, f26, f24, f13  f13=xxxxxxxx f26:ada96535 f24:be914b25 f13:3f371ac6
22699613ns          398732 1c0097e6 4168744b fnmsub.s         f8, f16, f22, f8     f8=xxxxxxxx f16:3d632536 f22:b7076dd4  f8:3eb36ceb
22699633ns          398733 1c0097ea 02472c03 lw               x24, 36(x14)        x24=3ebd2d6a x14:10001790  PA:100017b4
22699692ns          398736 1c0097ee 890af84b fnmsub.s         f16, f21, f16, f17  f16=xxxxxxxx f21:ae296535 f16:3d632536 f17:3e55e81c
22699732ns          398738 1c0097f2 01872883 lw               x17, 24(x14)        x17=3f5beee2 x14:10001790  PA:100017a8
22699752ns          398739 1c0097f6 918d7943 fmadd.s          f18, f26, f24, f18  f18=xxxxxxxx f26:ada96535 f24:3ebd2d6a f18:3ec27855
22699772ns          398740 1c0097fa 38a9f3cb fnmsub.s         f7, f19, f10, f7     f7=xxxxxxxx f19:40000000 f10:3d119cf0  f7:3d119d4c
22699832ns          398743 1c0097fe 01c72c03 lw               x24, 28(x14)        x24=3d1015a6 x14:10001790  PA:100017ac
22699871ns          398745 1c009802 296572cb fnmsub.s         f5, f10, f22, f5     f5=xxxxxxxx f10:3d119cf0 f22:b7076dd4  f5:3dae618a
22699891ns          398746 1c009806 88aaf54b fnmsub.s         f10, f21, f10, f17  f10=xxxxxxxx f21:ae296535 f10:3d119cf0 f17:3f5beee2
22699911ns          398747 1c00980a 02072883 lw               x17, 32(x14)        x17=be914b25 x14:10001790  PA:100017b0
22699971ns          398750 1c00980e f0b9ff4b fnmsub.s         f30, f19, f11, f30  f30=xxxxxxxx f19:40000000 f11:3f153afc f30:3f153ac9
22700011ns          398752 1c009812 e965fecb fnmsub.s         f29, f11, f22, f29  f29=xxxxxxxx f11:3f153afc f22:b7076dd4 f29:bf41b6a3
22700030ns          398753 1c009816 e0d9fe4b fnmsub.s         f28, f19, f13, f28  f28=xxxxxxxx f19:40000000 f13:3f371ac6 f28:3f371aea
22700050ns          398754 1c00981a c0baf5cb fnmsub.s         f11, f21, f11, f24  f11=xxxxxxxx f21:ae296535 f11:3f153afc f24:3d1015a6
22700110ns          398757 1c00981e 3166f34b fnmsub.s         f6, f13, f22, f6     f6=xxxxxxxx f13:3f371ac6 f22:b7076dd4  f6:3f09b8a6
22700150ns          398759 1c009822 ffc72c03 lw               x24, -4(x14)        x24=3ec27861 x14:10001790  PA:1000178c
22700170ns          398760 1c009826 88daf6cb fnmsub.s         f13, f21, f13, f17  f13=xxxxxxxx f21:ae296535 f13:3f371ac6 f17:be914b25
22700190ns          398761 1c00982a c129fc4b fnmsub.s         f24, f19, f18, f24  f24=xxxxxxxx f19:40000000 f18:3ec27855 f24:3ec27861
22700209ns          398762 1c00982e 00b72e23 sw               x11, 28(x14)        x11:3d1015a6 x14:10001790  PA:100017ac
22700249ns          398764 1c009830 02d72023 sw               x13, 32(x14)        x13:be914b25 x14:10001790  PA:100017b0
22700269ns          398765 1c009832 01072683 lw               x13, 16(x14)        x13=3db6822a x14:10001790  PA:100017a0
22700289ns          398766 1c009834 ff872e23 sw               x24, -4(x14)        x24:bec27849 x14:10001790  PA:1000178c
22700309ns          398767 1c009838 69697c4b fnmsub.s         f24, f18, f22, f13  f24=xxxxxxxx f18:3ec27855 f22:b7076dd4 f13:3db6822a
22700329ns          398768 1c00983c 02472683 lw               x13, 36(x14)        x13=3ebd2d6a x14:10001790  PA:100017b4
22700766ns          398790 1c00983e fe972623 sw               x9, -20(x14)         x9:bd6323ba x14:10001790  PA:1000177c
22700806ns          398792 1c009842 692af8cb fnmsub.s         f17, f21, f18, f13  f17=xxxxxxxx f21:ae296535 f18:3ec27855 f13:3ebd2d6a
22700826ns          398793 1c009846 00872023 sw               x8, 0(x14)           x8:3eb36cfa x14:10001790  PA:10001790
22700846ns          398794 1c009848 01072a23 sw               x16, 20(x14)        x16:3e55e81c x14:10001790  PA:100017a4
22700866ns          398795 1c00984c fe772823 sw               x7, -16(x14)         x7:bd119c94 x14:10001790  PA:10001780
22700906ns          398797 1c009850 00572223 sw               x5, 4(x14)           x5:3dae61b1 x14:10001790  PA:10001794
22700945ns          398799 1c009854 00a72c23 sw               x10, 24(x14)        x10:3f5beee2 x14:10001790  PA:100017a8
22700965ns          398800 1c009856 ffe72a23 sw               x30, -12(x14)       x30:bf153b2f x14:10001790  PA:10001784
22700985ns          398801 1c00985a 01d72423 sw               x29, 8(x14)         x29:bf41b654 x14:10001790  PA:10001798
22701045ns          398804 1c00985e ffc72c23 sw               x28, -8(x14)        x28:bf371aa2 x14:10001790  PA:10001788
22701085ns          398806 1c009862 02012583 lw               x11, 32(x2)         x11=00000004  x2:100015f8  PA:10001618
22701105ns          398807 1c009864 00672623 sw               x6, 12(x14)          x6:3f09b907 x14:10001790  PA:1000179c
22701124ns          398808 1c009868 01872823 sw               x24, 16(x14)        x24:3db683c6 x14:10001790  PA:100017a0
22701144ns          398809 1c00986c 03172223 sw               x17, 36(x14)        x17:3ebd2d6a x14:10001790  PA:100017b4
22701184ns          398811 1c009870 01470713 addi             x14, x14, 20        x14=100017a4 x14:10001790
22701204ns          398812 1c009872 01478793 addi             x15, x15, 20        x15=10001740 x15:1000172c
22701224ns          398813 1c009874 004a0a13 addi             x20, x20, 4         x20=10001760 x20:1000175c
22701244ns          398814 1c009876 02812683 lw               x13, 40(x2)         x13=10001724  x2:100015f8  PA:10001620
22701264ns          398815 1c009878 00c00c33 add              x24, x0, x12        x24=00000014 x12:00000014
22701284ns          398816 1c00987a 014f8f93 addi             x31, x31, 20        x31=1000172c x31:10001718
22701303ns          398817 1c00987c 90bdd8e3 bge              x27, x11, -1776     x27:00000004 x11:00000004
22701403ns          398822 1c00918c 0bb587e3 beq              x11, x27, 2222      x11:00000004 x27:00000004
22701940ns          398849 1c009a3a 0cbccf63 blt              x25, x11, 222       x25:00000003 x11:00000004
22702298ns          398867 1c009b18 0046a603 lw               x12, 4(x13)         x12=30132240 x13:10001724  PA:10001728
22702338ns          398869 1c009b1a 00000813 addi             x16, x0, 0          x16=00000000
22702358ns          398870 1c009b1e 0006a503 lw               x10, 0(x13)         x10=363a3e00 x13:10001724  PA:10001724
22702417ns          398873 1c009b20 a1061853 flt.s            x16, f12, f16       x16=00000000 f12:30132240 f16:00000000
22702457ns          398875 1c009b24 08a12223 sw               x10, 132(x2)        x10:363a3e00  x2:100015f8  PA:1000167c
22702477ns          398876 1c009b26 08c12423 sw               x12, 136(x2)        x12:30132240  x2:100015f8  PA:10001680
22702497ns          398877 1c009b28 f20803e3 beq              x16, x0, -218       x16:00000000
22702656ns          398885 1c009a4e 00000813 addi             x16, x0, 0          x16=00000000
22702696ns          398887 1c009a52 a1062353 feq.s            x6, f12, f16         x6=00000000 f12:30132240 f16:00000000
22702716ns          398888 1c009a56 00200893 addi             x17, x0, 2          x17=00000002
22702736ns          398889 1c009a58 00100e93 addi             x29, x0, 1          x29=00000001
22702756ns          398890 1c009a5a fa030c63 beq              x6, x0, -2120        x6:00000000
22702915ns          398898 1c009212 a1051853 flt.s            x16, f10, f16       x16=00000000 f10:363a3e00 f16:00000000
22702935ns          398899 1c009216 180812e3 bne              x16, x0, 2436       x16:00000000
22702954ns          398900 1c00921a 00a00833 add              x16, x0, x10        x16=363a3e00 x10:363a3e00
22702974ns          398901 1c00921c 00000313 addi             x6, x0, 0            x6=00000000
22703014ns          398903 1c009220 a0661353 flt.s            x6, f12, f6          x6=00000000 f12:30132240  f6:00000000
22703054ns          398905 1c009224 00030463 beq              x6, x0, 8            x6:00000000
22703114ns          398908 1c00922c a0c81353 flt.s            x6, f16, f12         x6=00000000 f16:363a3e00 f12:30132240
22703193ns          398912 1c009230 12031ce3 bne              x6, x0, 2360         x6:00000000
22703233ns          398914 1c009234 a1061353 flt.s            x6, f12, f16         x6=00000001 f12:30132240 f16:363a3e00
22703253ns          398915 1c009238 18031fe3 bne              x6, x0, 2462         x6:00000001
22703452ns          398925 1c009bd6 1c000337 lui              x6, 0x1c000000       x6=1c000000
22703472ns          398926 1c009bda 04c30313 addi             x6, x6, 76           x6=1c00004c  x6:1c000000
22703531ns          398929 1c009bde 00032303 lw               x6, 0(x6)            x6=3f800000  x6:1c00004c  PA:1c00004c
22703869ns          398946 1c009be2 19067653 fdiv.s           f12, f12, f16       f12=xxxxxxxx f12:30132240 f16:363a3e00
22704267ns          398966 1c009be6 30c67643 fmadd.s          f12, f12, f12, f6   f12=xxxxxxxx f12:394a3e4e f12:394a3e4e  f6:3f800000
22704287ns          398967 1c009bea 58067653 fsqrt.s          f12, f12            f12=xxxxxxxx f12:3f800000
22705381ns          399022 1c009bee 10c87653 fmul.s           f12, f16, f12       f12=xxxxxxxx f16:363a3e00 f12:3f800000
22705401ns          399023 1c009bf2 e62ff06f jal              x0, -2462          
22705481ns          399027 1c009254 00000813 addi             x16, x0, 0          x16=00000000
22705520ns          399029 1c009258 a0a80853 fle.s            x16, f16, f10       x16=00000001 f16:00000000 f10:363a3e00
22705540ns          399030 1c00925c 00080463 beq              x16, x0, 8          x16:00000001
22705600ns          399033 1c009260 20c61653 fsgnjn.s         f12, f12, f12       f12=xxxxxxxx f12:363a3e00 f12:363a3e00
22705640ns          399035 1c009264 00000813 addi             x16, x0, 0          x16=00000000
22705660ns          399036 1c009268 a1061853 flt.s            x16, f12, f16       x16=00000001 f12:b63a3e00 f16:00000000
22705679ns          399037 1c00926c 12081be3 bne              x16, x0, 2358       x16:00000001
22705799ns          399043 1c009ba2 20c61853 fsgnjn.s         f16, f12, f12       f16=xxxxxxxx f12:b63a3e00 f12:b63a3e00
22705819ns          399044 1c009ba6 eccff06f jal              x0, -2356          
22705878ns          399047 1c009272 1c0004b7 lui              x9, 0x1c000000       x9=1c000000
22705898ns          399048 1c009276 03048493 addi             x9, x9, 48           x9=1c000030  x9:1c000000
22705918ns          399049 1c00927a 0004a483 lw               x9, 0(x9)            x9=0c000000  x9:1c000030  PA:1c000030
22706256ns          399066 1c00927c a0981853 flt.s            x16, f16, f9        x16=00000000 f16:363a3e00  f9:0c000000
22706276ns          399067 1c009280 0a080ce3 beq              x16, x0, 2232       x16:00000000
22706336ns          399070 1c009b38 1c000337 lui              x6, 0x1c000000       x6=1c000000
22706356ns          399071 1c009b3c 04c32803 lw               x16, 76(x6)         x16=3f800000  x6:1c000000  PA:1c00004c
22706674ns          399087 1c009b40 08c57353 fsub.s           f6, f10, f12         f6=xxxxxxxx f10:363a3e00 f12:b63a3e00
22706694ns          399088 1c009b44 18687853 fdiv.s           f16, f16, f6        f16=xxxxxxxx f16:3f800000  f6:36ba3e00  PA:10001680
22707012ns          399104 1c009b48 08812303 lw               x6, 136(x2)          x6=xxxxxxxx  x2:100015f8
22707032ns          399105 1c009b4a 08a679d3 fsub.s           f19, f12, f10       f19=xxxxxxxx f12:b63a3e00 f10:363a3e00
22707291ns          399118 1c009b4e 11037353 fmul.s           f6, f6, f16          f6=xxxxxxxx  f6:30132240 f16:482ff165
22707310ns          399119 1c009b52 18c9f9d3 fdiv.s           f19, f19, f12       f19=xxxxxxxx f19:b6ba3e00 f12:b63a3e00  PA:10001680
22707569ns          399132 1c009b56 08612423 sw               x6, 136(x2)          x6:38ca3e4e  x2:100015f8
22707589ns          399133 1c009b58 0038b663 p.bneimm         x17, 12             x17:00000002
22707649ns          399136 1c009b64 00c00533 add              x10, x0, x12        x10=xxxxxxxx x12:b63a3e00
22707669ns          399137 1c009b66 87fff06f jal              x0, -1922            PA:1000167c
22707748ns          399141 1c0093e4 08a12223 sw               x10, 132(x2)        x10:b63a3e00  x2:100015f8
22707788ns          399143 1c0093e6 4cbcd763 bge              x25, x11, 1230      x25:00000003 x11:00000004  PA:10001724
22707808ns          399144 1c0093ea 00a6a023 sw               x10, 0(x13)         x10:b63a3e00 x13:10001724  PA:10001728
22707828ns          399145 1c0093ec 0006a223 sw               x0, 4(x13)          x13:10001724
22707848ns          399146 1c0093f0 01b5d463 bge              x11, x27, 8         x11:00000004 x27:00000004  PA:10001680
22707907ns          399149 1c0093f8 08812b83 lw               x23, 136(x2)        x23=xxxxxxxx  x2:100015f8
22707947ns          399151 1c0093fa 1179fb53 fmul.s           f22, f19, f23       f22=xxxxxxxx f19:40000000 f23:38ca3e4e
22707987ns          399153 1c0093fe 4c38bd63 p.bneimm         x17, 1242           x17:00000002
22708086ns          399158 1c0098d8 01468893 addi             x17, x13, 20        x17=10001738 x13:10001724
22708126ns          399160 1c0098dc 411a0833 sub              x16, x20, x17       x16=00000028 x20:10001760 x17:10001738
22708186ns          399163 1c0098e0 fec80813 addi             x16, x16, -20       x16=00000014 x16:00000028
22708225ns          399165 1c0098e2 0cccd637 lui              x12, 0xcccd000      x12=0cccd000
22708245ns          399166 1c0098e6 00285813 srli             x16, x16, 0x2       x16=00000005 x16:00000014
22708265ns          399167 1c0098ea ccd60613 addi             x12, x12, -819      x12=0ccccccd x12:0cccd000
22708703ns          399189 1c0098ee 02c80833 mul              x16, x16, x12       x16=40000001 x16:00000005 x12:0ccccccd
22708723ns          399190 1c0098f2 01868693 addi             x13, x13, 24        x13=1000173c x13:10001724
22708743ns          399191 1c0098f4 c3e83833 p.bclr           x16, x16, 1, 30     x16=00000001 x16:40000001
22708763ns          399192 1c0098f8 02d12423 sw               x13, 40(x2)         x13:1000173c  x2:100015f8  PA:10001620
22708782ns          399193 1c0098fa 00d00333 add              x6, x0, x13          x6=1000173c x13:1000173c
22708802ns          399194 1c0098fc 00180813 addi             x16, x16, 1         x16=00000002 x16:00000001
22709220ns          399215 1c0098fe 00e840fb lp.setup         0x1, x16, 0xe       x16:00000002
22709260ns          399217 1c009902 0008a603 lw               x12, 0(x17)         x12=41a58f8b x17:10001738  PA:10001738
22709280ns          399218 1c009906 00032503 lw               x10, 0(x6)          x10=3b2facff  x6:1000173c  PA:1000173c
22709319ns          399220 1c00990a 617576c3 fmadd.s          f13, f10, f23, f12  f13=xxxxxxxx f10:3b2facff f23:38ca3e4e f12:41a58f8b
22709359ns          399222 1c00990e 6136f64b fnmsub.s         f12, f13, f19, f12  f12=xxxxxxxx f13:41a58f8b f19:40000000 f12:41a58f8b
22709399ns          399224 1c009912 5166f6cb fnmsub.s         f13, f13, f22, f10  f13=xxxxxxxx f13:41a58f8b f22:394a3e4e f10:3b2facff
22709419ns          399225 1c009916 00c8aa2b p.sw             x12, 20(x17!)       x17=1000174c x12:c1a58f8b x17:10001738  PA:10001738
22709439ns          399226 1c00991a 00d32a2b p.sw             x13, 20(x6!)         x6=10001750 x13:baabd43e  x6:1000173c  PA:1000173c
22709479ns          399228 1c009902 0008a603 lw               x12, 0(x17)         x12=3b33506d x17:1000174c  PA:1000174c
22709498ns          399229 1c009906 00032503 lw               x10, 0(x6)          x10=40d986f5  x6:10001750  PA:10001750
22709538ns          399231 1c00990a 617576c3 fmadd.s          f13, f10, f23, f12  f13=xxxxxxxx f10:40d986f5 f23:38ca3e4e f12:3b33506d
22709558ns          399232 1c00990e 6136f64b fnmsub.s         f12, f13, f19, f12  f12=xxxxxxxx f13:3b5e46c9 f19:40000000 f12:3b33506d
22709578ns          399233 1c009912 5166f6cb fnmsub.s         f13, f13, f22, f10  f13=xxxxxxxx f13:3b5e46c9 f22:394a3e4e f10:40d986f5
22709598ns          399234 1c009916 00c8aa2b p.sw             x12, 20(x17!)       x17=10001760 x12:bb849e92 x17:1000174c  PA:1000174c
22709618ns          399235 1c00991a 00d32a2b p.sw             x13, 20(x6!)         x6=10001764 x13:40d986f4  x6:10001750  PA:10001750
22709658ns          399237 1c00991e 000fa603 lw               x12, 0(x31)         x12=b88c2d1f x31:1000172c  PA:1000172c
22709677ns          399238 1c009922 0007a503 lw               x10, 0(x15)         x10=b70352e1 x15:10001740  PA:10001740
22709717ns          399240 1c009924 617576c3 fmadd.s          f13, f10, f23, f12  f13=xxxxxxxx f10:b70352e1 f23:38ca3e4e f12:b88c2d1f
22709737ns          399241 1c009928 6136f64b fnmsub.s         f12, f13, f19, f12  f12=xxxxxxxx f13:b88c2d87 f19:40000000 f12:b88c2d1f
22709757ns          399242 1c00992c 5166f6cb fnmsub.s         f13, f13, f22, f10  f13=xxxxxxxx f13:b88c2d87 f22:394a3e4e f10:b70352e1
22709817ns          399245 1c009930 00cfa023 sw               x12, 0(x31)         x12:388c2def x31:1000172c  PA:1000172c
22709857ns          399247 1c009934 00d7a023 sw               x13, 0(x15)         x13:b7031b82 x15:10001740  PA:10001740
22709876ns          399248 1c009936 07b05863 bge              x0, x27, 112        x27:00000004
22709896ns          399249 1c00993a 004fa603 lw               x12, 4(x31)         x12=38ed6e01 x31:1000172c  PA:10001730
22709916ns          399250 1c00993e 0047a503 lw               x10, 4(x15)         x10=380f6336 x15:10001740  PA:10001744
22710334ns          399271 1c009940 617576c3 fmadd.s          f13, f10, f23, f12  f13=xxxxxxxx f10:380f6336 f23:38ca3e4e f12:38ed6e01
22710374ns          399273 1c009944 6136f64b fnmsub.s         f12, f13, f19, f12  f12=xxxxxxxx f13:38ed6fc6 f19:40000000 f12:38ed6e01
22710394ns          399274 1c009948 5166f6cb fnmsub.s         f13, f13, f22, f10  f13=xxxxxxxx f13:38ed6fc6 f22:394a3e4e f10:380f6336
22710413ns          399275 1c00994c 00cfa223 sw               x12, 4(x31)         x12:b8ed718b x31:1000172c  PA:10001730
22710473ns          399278 1c009950 00d7a223 sw               x13, 4(x15)         x13:380f4bc4 x15:10001740  PA:10001744
22710513ns          399280 1c009952 041daa63 p.beqimm         x27, 84             x27:00000004
22710533ns          399281 1c009956 008fa603 lw               x12, 8(x31)         x12=3890f509 x31:1000172c  PA:10001734
22710553ns          399282 1c00995a 0087a503 lw               x10, 8(x15)         x10=3777c374 x15:10001740  PA:10001748
22710592ns          399284 1c00995c 60abf6c3 fmadd.s          f13, f23, f10, f12  f13=xxxxxxxx f23:38ca3e4e f10:3777c374 f12:3890f509
22710612ns          399285 1c009960 60d9f64b fnmsub.s         f12, f19, f13, f12  f12=xxxxxxxx f19:40000000 f13:3890f5cd f12:3890f509
22710652ns          399287 1c009964 50db76cb fnmsub.s         f13, f22, f13, f10  f13=xxxxxxxx f22:394a3e4e f13:3890f5cd f10:3777c374
22710672ns          399288 1c009968 00cfa423 sw               x12, 8(x31)         x12:b890f691 x31:1000172c  PA:10001734
22710692ns          399289 1c00996c 00d7a423 sw               x13, 8(x15)         x13:37778a31 x15:10001740  PA:10001748
22710752ns          399292 1c00996e 022dac63 p.beqimm         x27, 56             x27:00000004
22710791ns          399294 1c009972 00cfa603 lw               x12, 12(x31)        x12=c1a58f8b x31:1000172c  PA:10001738
22710811ns          399295 1c009976 00c7a503 lw               x10, 12(x15)        x10=bb849e92 x15:10001740  PA:1000174c
22710851ns          399297 1c009978 60abf6c3 fmadd.s          f13, f23, f10, f12  f13=xxxxxxxx f23:38ca3e4e f10:bb849e92 f12:c1a58f8b
22710871ns          399298 1c00997c 60d9f64b fnmsub.s         f12, f19, f13, f12  f12=xxxxxxxx f19:40000000 f13:c1a58f8b f12:c1a58f8b
22710891ns          399299 1c009980 50db76cb fnmsub.s         f13, f22, f13, f10  f13=xxxxxxxx f22:394a3e4e f13:c1a58f8b f10:bb849e92
22710931ns          399301 1c009984 00cfa623 sw               x12, 12(x31)        x12:41a58f8b x31:1000172c  PA:10001738
22710951ns          399302 1c009988 00d7a623 sw               x13, 12(x15)        x13:b869818e x15:10001740  PA:1000174c
22710970ns          399303 1c00998a 004dbe63 p.bneimm         x27, 28             x27:00000004
22711030ns          399306 1c00998e 010fa603 lw               x12, 16(x31)        x12=baabd43e x31:1000172c  PA:1000173c
22711050ns          399307 1c009992 0107a503 lw               x10, 16(x15)        x10=40d986f4 x15:10001740  PA:10001750
22711090ns          399309 1c009994 617576c3 fmadd.s          f13, f10, f23, f12  f13=xxxxxxxx f10:40d986f4 f23:38ca3e4e f12:baabd43e
22711110ns          399310 1c009998 6136f64b fnmsub.s         f12, f13, f19, f12  f12=xxxxxxxx f13:ba2bcf0f f19:40000000 f12:baabd43e
22711130ns          399311 1c00999c 5166f6cb fnmsub.s         f13, f13, f22, f10  f13=xxxxxxxx f13:ba2bcf0f f22:394a3e4e f10:40d986f4
22711169ns          399313 1c0099a0 00cfa823 sw               x12, 16(x31)        x12:b425e000 x31:1000172c  PA:1000173c
22711209ns          399315 1c0099a4 00d7a823 sw               x13, 16(x15)        x13:40d986f4 x15:10001740  PA:10001750
22711229ns          399316 1c0099a6 fec72283 lw               x5, -20(x14)         x5=3eb36cfa x14:100017a4  PA:10001790
22711249ns          399317 1c0099aa ff872803 lw               x16, -8(x14)        x16=3f09b907 x14:100017a4  PA:1000179c
22711269ns          399318 1c0099ae 00c72503 lw               x10, 12(x14)        x10=be914b25 x14:100017a4  PA:100017b0
22711309ns          399320 1c0099b0 00072383 lw               x7, 0(x14)           x7=3e55e81c x14:100017a4  PA:100017a4
22711348ns          399322 1c0099b4 ff072e83 lw               x29, -16(x14)       x29=3dae61b1 x14:100017a4  PA:10001794
22711368ns          399323 1c0099b8 00472e03 lw               x28, 4(x14)         x28=3f5beee2 x14:100017a4  PA:100017a8
22711388ns          399324 1c0099bc ff472303 lw               x6, -12(x14)         x6=bf41b654 x14:100017a4  PA:10001798
22711448ns          399327 1c0099c0 00872883 lw               x17, 8(x14)         x17=3d1015a6 x14:100017a4  PA:100017ac
22711488ns          399329 1c0099c4 ffc72603 lw               x12, -4(x14)        x12=3db683c6 x14:100017a4  PA:100017a0
22711507ns          399330 1c0099c8 2973ff43 fmadd.s          f30, f7, f23, f5    f30=xxxxxxxx  f7:3e55e81c f23:38ca3e4e  f5:3eb36cfa
22711527ns          399331 1c0099cc 01072683 lw               x13, 16(x14)        x13=3ebd2d6a x14:100017a4  PA:100017b4
22711587ns          399334 1c0099ce 817573c3 fmadd.s          f7, f10, f23, f16    f7=xxxxxxxx f10:be914b25 f23:38ca3e4e f16:3f09b907
22711627ns          399336 1c0099d2 6176f943 fmadd.s          f18, f13, f23, f12  f18=xxxxxxxx f13:3ebd2d6a f23:38ca3e4e f12:3db683c6
22711647ns          399337 1c0099d6 e97e74c3 fmadd.s          f9, f28, f23, f29    f9=xxxxxxxx f28:3f5beee2 f23:38ca3e4e f29:3dae61b1
22711667ns          399338 1c0099da 3178f443 fmadd.s          f8, f17, f23, f6     f8=xxxxxxxx f17:3d1015a6 f23:38ca3e4e  f6:bf41b654
22711686ns          399339 1c0099de 00072683 lw               x13, 0(x14)         x13=3e55e81c x14:100017a4  PA:100017a4
22711726ns          399341 1c0099e0 8079f84b fnmsub.s         f16, f19, f7, f16   f16=xxxxxxxx f19:40000000  f7:3f09b73c f16:3f09b907
22711766ns          399343 1c0099e4 5163f54b fnmsub.s         f10, f7, f22, f10   f10=xxxxxxxx  f7:3f09b73c f22:394a3e4e f10:be914b25
22711786ns          399344 1c0099e8 01072383 lw               x7, 16(x14)          x7=3ebd2d6a x14:100017a4  PA:100017b4
22711806ns          399345 1c0099ec 29e9f2cb fnmsub.s         f5, f19, f30, f5     f5=xxxxxxxx f19:40000000 f30:3eb36f9e  f5:3eb36cfa
22711865ns          399348 1c0099f0 6129f64b fnmsub.s         f12, f19, f18, f12  f12=xxxxxxxx f19:40000000 f18:3db69674 f12:3db683c6
22711905ns          399350 1c0099f4 696f7f4b fnmsub.s         f30, f30, f22, f13  f30=xxxxxxxx f30:3eb36f9e f22:394a3e4e f13:3e55e81c
22711925ns          399351 1c0099f8 e899fecb fnmsub.s         f29, f19, f9, f29   f29=xxxxxxxx f19:40000000  f9:3dae8d21 f29:3dae61b1
22711945ns          399352 1c0099fc e164fe4b fnmsub.s         f28, f9, f22, f28   f28=xxxxxxxx  f9:3dae8d21 f22:394a3e4e f28:3f5beee2
22712005ns          399355 1c009a00 3089f34b fnmsub.s         f6, f19, f8, f6      f6=xxxxxxxx f19:40000000  f8:bf41b61b  f6:bf41b654
22712044ns          399357 1c009a04 896478cb fnmsub.s         f17, f8, f22, f17   f17=xxxxxxxx  f8:bf41b61b f22:394a3e4e f17:3d1015a6
22712064ns          399358 1c009a08 396976cb fnmsub.s         f13, f18, f22, f7   f13=xxxxxxxx f18:3db69674 f22:394a3e4e  f7:3ebd2d6a
22712084ns          399359 1c009a0c 00158593 addi             x11, x11, 1         x11=00000005 x11:00000004
22712542ns          399382 1c009a0e fec72e23 sw               x12, -4(x14)        x12:bdb6a922 x14:100017a4  PA:100017a0
22712582ns          399384 1c009a12 fe572623 sw               x5, -20(x14)         x5:beb37242 x14:100017a4  PA:10001790
22712601ns          399385 1c009a16 01e72023 sw               x30, 0(x14)         x30:3e55d664 x14:100017a4  PA:100017a4
22712621ns          399386 1c009a1a ffd72823 sw               x29, -16(x14)       x29:bdaeb891 x14:100017a4  PA:10001794
22712681ns          399389 1c009a1e 01c72223 sw               x28, 4(x14)         x28:3f5bedce x14:100017a4  PA:100017a8
22712721ns          399391 1c009a22 fe672a23 sw               x6, -12(x14)         x6:3f41b5e2 x14:100017a4  PA:10001798
22712741ns          399392 1c009a26 01172423 sw               x17, 8(x14)         x17:3d10aeaf x14:100017a4  PA:100017ac
22712761ns          399393 1c009a2a ff072c23 sw               x16, -8(x14)        x16:bf09b571 x14:100017a4  PA:1000179c
22712780ns          399394 1c009a2e 00a72623 sw               x10, 12(x14)        x10:be9158bf x14:100017a4  PA:100017b0
22712820ns          399396 1c009a30 00d72823 sw               x13, 16(x14)        x13:3ebd2b29 x14:100017a4  PA:100017b4
22712840ns          399397 1c009a32 02b12023 sw               x11, 32(x2)         x11:00000005  x2:100015f8  PA:10001618
22712860ns          399398 1c009a34 005c0613 addi             x12, x24, 5         x12=00000019 x24:00000014
22712880ns          399399 1c009a38 e39ff06f jal              x0, -456           
22712959ns          399403 1c009870 01470713 addi             x14, x14, 20        x14=100017b8 x14:100017a4
22712979ns          399404 1c009872 01478793 addi             x15, x15, 20        x15=10001754 x15:10001740
22712999ns          399405 1c009874 004a0a13 addi             x20, x20, 4         x20=10001764 x20:10001760
22713019ns          399406 1c009876 02812683 lw               x13, 40(x2)         x13=1000173c  x2:100015f8  PA:10001620
22713039ns          399407 1c009878 00c00c33 add              x24, x0, x12        x24=00000019 x12:00000019
22713059ns          399408 1c00987a 014f8f93 addi             x31, x31, 20        x31=10001740 x31:1000172c
22713079ns          399409 1c00987c 90bdd8e3 bge              x27, x11, -1776     x27:00000004 x11:00000005
22713099ns          399410 1c009880 04012c03 lw               x24, 64(x2)         x24=4408f9ce  x2:100015f8  PA:10001638
22713119ns          399411 1c009882 04412c83 lw               x25, 68(x2)         x25=40d986f5  x2:100015f8  PA:1000163c
22713138ns          399412 1c009884 02412483 lw               x9, 36(x2)           x9=00000002  x2:100015f8  PA:1000161c
22713158ns          399413 1c009886 01f00793 addi             x15, x0, 31         x15=0000001f
22713178ns          399414 1c009888 00148493 addi             x9, x9, 1            x9=00000003  x9:00000002
22713198ns          399415 1c00988a 02912223 sw               x9, 36(x2)           x9:00000003  x2:100015f8  PA:1000161c
22713218ns          399416 1c00988c 00100293 addi             x5, x0, 1            x5=00000001
22713238ns          399417 1c00988e caf49963 bne              x9, x15, -2894       x9:00000003 x15:0000001f
22713337ns          399422 1c008d40 01c12e83 lw               x29, 28(x2)         x29=00000001  x2:100015f8  PA:10001614
22713377ns          399424 1c008d42 7fddc8e3 blt              x27, x29, 4080      x27:00000004 x29:00000001
22713397ns          399425 1c008d46 41dd8833 sub              x16, x27, x29       x16=00000003 x27:00000004 x29:00000001
22713417ns          399426 1c008d4a 1c0004b7 lui              x9, 0x1c000000       x9=1c000000
22713477ns          399429 1c008d4e fffe8513 addi             x10, x29, -1        x10=00000000 x29:00000001
22713516ns          399431 1c008d52 fffd8793 addi             x15, x27, -1        x15=00000003 x27:00000004
22713536ns          399432 1c008d56 03812603 lw               x12, 56(x2)         x12=1000173c  x2:100015f8  PA:10001630
22713556ns          399433 1c008d58 03412303 lw               x6, 52(x2)           x6=10001738  x2:100015f8  PA:1000162c
22713576ns          399434 1c008d5a 03012683 lw               x13, 48(x2)         x13=10001750  x2:100015f8  PA:10001628
22713596ns          399435 1c008d5c 005005b3 add              x11, x0, x5         x11=00000001  x5:00000001
22713616ns          399436 1c008d5e 00500f33 add              x30, x0, x5         x30=00000001  x5:00000001
22713636ns          399437 1c008d60 01b00433 add              x8, x0, x27          x8=00000004 x27:00000004
22713656ns          399438 1c008d62 00000713 addi             x14, x0, 0          x14=00000000
22713676ns          399439 1c008d66 00100f93 addi             x31, x0, 1          x31=00000001
22713695ns          399440 1c008d68 0244a383 lw               x7, 36(x9)           x7=34000000  x9:1c000000  PA:1c000024
22713994ns          399455 1c008d6c 00180813 addi             x16, x16, 1         x16=00000004 x16:00000003
22714014ns          399456 1c008d6e 7ca7cbe3 blt              x15, x10, 4054      x15:00000003 x10:00000000
22714034ns          399457 1c008d72 078840fb lp.setup         0x1, x16, 0x78      x16:00000004
22714053ns          399458 1c008d76 00062783 lw               x15, 0(x12)         x15=b425e000 x12:1000173c  PA:1000173c
22714073ns          399459 1c008d78 fff40e93 addi             x29, x8, -1         x29=00000003  x8:00000004
22714093ns          399460 1c008d7c a0e79553 flt.s            x10, f15, f14       x10=00000001 f15:b425e000 f14:00000000
22714133ns          399462 1c008d80 00050363 beq              x10, x0, 6          x10:00000001
22714173ns          399464 1c008d82 20f797d3 fsgnjn.s         f15, f15, f15       f15=xxxxxxxx f15:b425e000 f15:b425e000
22714193ns          399465 1c008d86 1c0008b7 lui              x17, 0x1c000000     x17=1c000000
22714213ns          399466 1c008d8a 02088893 addi             x17, x17, 32        x17=1c000020 x17:1c000000
22714272ns          399469 1c008d8e 0008a883 lw               x17, 0(x17)         x17=0d200000 x17:1c000020  PA:1c000020
22714650ns          399488 1c008d92 a1178553 fle.s            x10, f15, f17       x10=00000000 f15:3425e000 f17:0d200000
22714670ns          399489 1c008d96 0c051763 bne              x10, x0, 206        x10:00000000
22714690ns          399490 1c008d98 00032883 lw               x17, 0(x6)          x17=41a58f8b  x6:10001738  PA:10001738
22714730ns          399492 1c008d9c a0e895d3 flt.s            x11, f17, f14       x11=00000000 f17:41a58f8b f14:00000000
22714750ns          399493 1c008da0 01100bb3 add              x23, x0, x17        x23=41a58f8b x17:41a58f8b
22714770ns          399494 1c008da2 00058363 beq              x11, x0, 6          x11:00000000
22714829ns          399497 1c008da8 0006a503 lw               x10, 0(x13)         x10=40d986f4 x13:10001750  PA:10001750
22714869ns          399499 1c008daa a0e515d3 flt.s            x11, f10, f14       x11=00000000 f10:40d986f4 f14:00000000
22714889ns          399500 1c008dae 00a00e33 add              x28, x0, x10        x28=40d986f4 x10:40d986f4
22714909ns          399501 1c008db0 00058363 beq              x11, x0, 6          x11:00000000
22714988ns          399505 1c008db6 01cbfbd3 fadd.s           f23, f23, f28       f23=xxxxxxxx f23:41a58f8b f28:40d986f4
22715008ns          399506 1c008dba a0eba5d3 feq.s            x11, f23, f14       x11=00000000 f23:41dbf148 f14:00000000
22715028ns          399507 1c008dbe 00058d63 beq              x11, x0, 26         x11:00000000
22715167ns          399514 1c008dd8 1c0004b7 lui              x9, 0x1c000000       x9=1c000000
22715207ns          399516 1c008ddc 02448493 addi             x9, x9, 36           x9=1c000024  x9:1c000000
22715267ns          399519 1c008de0 0004a483 lw               x9, 0(x9)            x9=34000000  x9:1c000024  PA:1c000024
22715625ns          399537 1c008de2 109bf5d3 fmul.s           f11, f23, f9        f11=xxxxxxxx f23:41dbf148  f9:34000000
22715645ns          399538 1c008de6 a0b785d3 fle.s            x11, f15, f11       x11=00000001 f15:3425e000 f11:365bf148
22715665ns          399539 1c008dea 06058863 beq              x11, x0, 112        x11:00000001
22715685ns          399540 1c008dec 01062a83 lw               x21, 16(x12)        x21=b869818e x12:1000173c  PA:1000174c
22715724ns          399542 1c008df0 a0ea95d3 flt.s            x11, f21, f14       x11=00000001 f21:b869818e f14:00000000
22715764ns          399544 1c008df4 00058363 beq              x11, x0, 6          x11:00000001
22715784ns          399545 1c008df6 215a9ad3 fsgnjn.s         f21, f21, f21       f21=xxxxxxxx f21:b869818e f21:b869818e
22715804ns          399546 1c008dfa a0fa95d3 flt.s            x11, f21, f15       x11=00000000 f21:3869818e f15:3425e000
22715824ns          399547 1c008dfe 00059463 bne              x11, x0, 8          x11:00000000
22715864ns          399549 1c008e00 00f005b3 add              x11, x0, x15        x11=3425e000 x15:3425e000
22715883ns          399550 1c008e02 015007b3 add              x15, x0, x21        x15=3869818e x21:3869818e
22715903ns          399551 1c008e04 00b00ab3 add              x21, x0, x11        x21=3425e000 x11:3425e000
22715923ns          399552 1c008e06 08a8fb53 fsub.s           f22, f17, f10       f22=xxxxxxxx f17:41a58f8b f10:40d986f4
22715943ns          399553 1c008e0a a0eb15d3 flt.s            x11, f22, f14       x11=00000000 f22:415e5b9c f14:00000000
22715963ns          399554 1c008e0e 00058363 beq              x11, x0, 6          x11:00000000
22716420ns          399577 1c008e14 a1cb15d3 flt.s            x11, f22, f28       x11=00000000 f22:415e5b9c f28:40d986f4
22716440ns          399578 1c008e18 01c00933 add              x18, x0, x28        x18=40d986f4 x28:40d986f4
22716460ns          399579 1c008e1a 00059363 bne              x11, x0, 6          x11:00000000
22716480ns          399580 1c008e1c 01600933 add              x18, x0, x22        x18=415e5b9c x22:415e5b9c
22716500ns          399581 1c008e1e 01c00b33 add              x22, x0, x28        x22=40d986f4 x28:40d986f4
22716520ns          399582 1c008e20 00f97c53 fadd.s           f24, f18, f15       f24=xxxxxxxx f18:415e5b9c f15:3869818e
22716560ns          399584 1c008e24 19897bd3 fdiv.s           f23, f18, f24       f23=xxxxxxxx f18:415e5b9c f24:415e5bd6
22716838ns          399598 1c008e28 117b7bd3 fmul.s           f23, f22, f23       f23=xxxxxxxx f22:40d986f4 f23:3f7fffbd
22716858ns          399599 1c008e2c 1c0005b7 lui              x11, 0x1c000000     x11=1c000000
22717037ns          399608 1c008e30 02058593 addi             x11, x11, 32        x11=1c000020 x11:1c000000
22717077ns          399610 1c008e34 107bfbd3 fmul.s           f23, f23, f7        f23=xxxxxxxx f23:40d986bb  f7:34000000
22717097ns          399611 1c008e38 0005a503 lw               x10, 0(x11)         x10=0d200000 x11:1c000020  PA:1c000020
22717415ns          399627 1c008e3a a0ab85d3 fle.s            x11, f23, f10       x11=00000000 f23:355986bb f10:0d200000
22717435ns          399628 1c008e3e 00059563 bne              x11, x0, 10         x11:00000000
22717455ns          399629 1c008e40 a17ba5d3 feq.s            x11, f23, f23       x11=00000001 f23:355986bb f23:355986bb
22717475ns          399630 1c008e44 00058263 beq              x11, x0, 4          x11:00000001
22717495ns          399631 1c008e46 01700533 add              x10, x0, x23        x10=355986bb x23:355986bb
22717514ns          399632 1c008e48 1987f5d3 fdiv.s           f11, f15, f24       f11=xxxxxxxx f15:3869818e f24:415e5bd6
22717793ns          399646 1c008e4c 10baf5d3 fmul.s           f11, f21, f11       f11=xxxxxxxx f21:3425e000 f11:36866abc
22717952ns          399654 1c008e50 a0a585d3 fle.s            x11, f11, f10       x11=00000001 f11:2b2e30d1 f10:355986bb
22717992ns          399656 1c008e54 08059e63 bne              x11, x0, 156        x11:00000001
22718091ns          399661 1c008ef0 00100593 addi             x11, x0, 1          x11=00000001
22718111ns          399662 1c008ef2 00100f13 addi             x30, x0, 1          x30=00000001
22718131ns          399663 1c008ef4 f73ff06f jal              x0, -142           
22718250ns          399669 1c008e66 00140e13 addi             x28, x8, 1          x28=00000005  x8:00000004
22718270ns          399670 1c008e6a 01c12e23 sw               x28, 28(x2)         x28:00000005  x2:100015f8  PA:10001614
22718290ns          399671 1c008e6c 00805e63 bge              x0, x8, 28           x8:00000004
22718708ns          399692 1c008e70 fff40693 addi             x13, x8, -1         x13=00000003  x8:00000004
22718748ns          399694 1c008e74 00269713 slli             x14, x13, 0x2       x14=0000000c x13:00000003
22718768ns          399695 1c008e78 00d70733 add              x14, x14, x13       x14=0000000f x14:0000000c x13:00000003
22718787ns          399696 1c008e7a 00870733 add              x14, x14, x8        x14=00000013 x14:0000000f  x8:00000004
22718807ns          399697 1c008e7c 01812e83 lw               x29, 24(x2)         x29=100016f0  x2:100015f8  PA:10001610
22718827ns          399698 1c008e7e 00271713 slli             x14, x14, 0x2       x14=0000004c x14:00000013
22718867ns          399700 1c008e80 00000313 addi             x6, x0, 0            x6=00000000
22718907ns          399702 1c008e84 006ee723 p.sw             x6, x0(x29)          x6:00000000 x29:100016f0  PA:1000173c
22718927ns          399703 1c008e88 01c12383 lw               x7, 28(x2)           x7=00000005  x2:100015f8  PA:10001614
22718966ns          399705 1c008e8a 07b3cb63 blt              x7, x27, 118         x7:00000005 x27:00000004
22718986ns          399706 1c008e8e 01900733 add              x14, x0, x25        x14=40d986f5 x25:40d986f5
22719006ns          399707 1c008e90 013006b3 add              x13, x0, x19        x13=40000000 x19:40000000
22719026ns          399708 1c008e92 01800cb3 add              x25, x0, x24        x25=415e5bd6 x24:415e5bd6
22719046ns          399709 1c008e94 015009b3 add              x19, x0, x21        x19=3425e000 x21:3425e000
22719066ns          399710 1c008e96 01812d03 lw               x26, 24(x2)         x26=100016f0  x2:100015f8  PA:10001610
22719086ns          399711 1c008e98 00d00ab3 add              x21, x0, x13        x21=40000000 x13:40000000
22719106ns          399712 1c008e9a 00e00c33 add              x24, x0, x14        x24=40d986f5 x14:40d986f5
22719126ns          399713 1c008e9c 000f0463 beq              x30, x0, 8          x30:00000001
22719145ns          399714 1c008ea0 10e0106f jal              x0, 4366           
22719225ns          399718 1c009fae 07212823 sw               x18, 112(x2)        x18:415e5b9c  x2:100015f8  PA:10001668
22719305ns          399722 1c009fb0 ef5fe06f jal              x0, -4364          
22719344ns          399724 1c008ea4 00058263 beq              x11, x0, 4          x11:00000001
22719364ns          399725 1c008ea6 07712023 sw               x23, 96(x2)         x23:355986bb  x2:100015f8  PA:10001658
22719384ns          399726 1c008ea8 00028363 beq              x5, x0, 6            x5:00000001
22719404ns          399727 1c008eac 07512e23 sw               x21, 124(x2)        x21:40000000  x2:100015f8  PA:10001674
22719444ns          399729 1c008eae 000f0463 beq              x30, x0, 8          x30:00000001
22719484ns          399731 1c008eb2 1060106f jal              x0, 4358           
22719523ns          399733 1c009fb8 06f12423 sw               x15, 104(x2)        x15:3869818e  x2:100015f8  PA:10001660
22719543ns          399734 1c009fba 07312623 sw               x19, 108(x2)        x19:3425e000  x2:100015f8  PA:10001664
22719563ns          399735 1c009fbc 07612223 sw               x22, 100(x2)        x22:40d986f4  x2:100015f8  PA:1000165c
22719981ns          399756 1c009fbe 00028763 beq              x5, x0, 14           x5:00000001
22720001ns          399757 1c009fc2 07812c23 sw               x24, 120(x2)        x24:40d986f5  x2:100015f8  PA:10001670
22720021ns          399758 1c009fc4 000f1463 bne              x30, x0, 8          x30:00000001
22720080ns          399761 1c009fcc 07912a23 sw               x25, 116(x2)        x25:415e5bd6  x2:100015f8  PA:1000166c
22720538ns          399784 1c009fce ef1fe06f jal              x0, -4368          
22720578ns          399786 1c008ebe 01c12483 lw               x9, 28(x2)           x9=00000005  x2:100015f8  PA:10001614
22720637ns          399789 1c008ec0 001d8793 addi             x15, x27, 1         x15=00000005 x27:00000004
22720677ns          399791 1c008ec4 00978463 beq              x15, x9, 8          x15:00000005  x9:00000005
22720737ns          399794 1c008ecc fff40d93 addi             x27, x8, -1         x27=00000003  x8:00000004
22720856ns          399800 1c008ed0 dc0ddae3 bge              x27, x0, -556       x27:00000003
22720956ns          399805 1c008ca4 fffd8c13 addi             x24, x27, -1        x24=00000002 x27:00000003
22720995ns          399807 1c008ca8 002c1793 slli             x15, x24, 0x2       x15=00000008 x24:00000002
22721015ns          399808 1c008cac 018787b3 add              x15, x15, x24       x15=0000000a x15:00000008 x24:00000002
22721035ns          399809 1c008cae 02f12e23 sw               x15, 60(x2)         x15:0000000a  x2:100015f8  PA:10001634
22721075ns          399811 1c008cb0 03c12e03 lw               x28, 60(x2)         x28=0000000a  x2:100015f8  PA:10001634
22721115ns          399813 1c008cb2 400007b7 lui              x15, 0x40000000     x15=40000000
22721135ns          399814 1c008cb6 fff78713 addi             x14, x15, -1        x14=3fffffff x15:40000000
22721154ns          399815 1c008cba 01be0533 add              x10, x28, x27       x10=0000000d x28:0000000a x27:00000003
22721214ns          399818 1c008cbe 00e505b3 add              x11, x10, x14       x11=4000000c x10:0000000d x14:3fffffff
22721254ns          399820 1c008cc2 001d9613 slli             x12, x27, 0x1       x12=00000006 x27:00000003
22721274ns          399821 1c008cc6 fee78693 addi             x13, x15, -18       x13=3fffffee x15:40000000
22721294ns          399822 1c008cca ffbe0893 addi             x17, x28, -5        x17=00000005 x28:0000000a
22721314ns          399823 1c008cce 01b70733 add              x14, x14, x27       x14=40000002 x14:3fffffff x27:00000003
22721751ns          399845 1c008cd0 01b607b3 add              x15, x12, x27       x15=00000009 x12:00000006 x27:00000003
22721791ns          399847 1c008cd4 005e0813 addi             x16, x28, 5         x16=0000000f x28:0000000a
22721811ns          399848 1c008cd8 01170733 add              x14, x14, x17       x14=40000007 x14:40000002 x17:00000005
22721831ns          399849 1c008cda 01b686b3 add              x13, x13, x27       x13=3ffffff1 x13:3fffffee x27:00000003
22721851ns          399850 1c008cdc 00379793 slli             x15, x15, 0x3       x15=00000048 x15:00000009
22721890ns          399852 1c008cde 00259613 slli             x12, x11, 0x2       x12=00000030 x11:4000000c
22721910ns          399853 1c008ce2 010686b3 add              x13, x13, x16       x13=40000000 x13:3ffffff1 x16:0000000f
22721930ns          399854 1c008ce4 07c12a83 lw               x21, 124(x2)        x21=40000000  x2:100015f8  PA:10001674
22721950ns          399855 1c008ce6 03812623 sw               x24, 44(x2)         x24:00000002  x2:100015f8  PA:10001624
22721970ns          399856 1c008ce8 00271713 slli             x14, x14, 0x2       x14=0000001c x14:40000007
22721990ns          399857 1c008cea 07812c03 lw               x24, 120(x2)        x24=40d986f5  x2:100015f8  PA:10001670
22722010ns          399858 1c008cec 01a70733 add              x14, x14, x26       x14=1000170c x14:0000001c x26:100016f0
22722030ns          399859 1c008cee 00460893 addi             x17, x12, 4         x17=00000034 x12:00000030
22722069ns          399861 1c008cf2 ffc78813 addi             x16, x15, -4        x16=00000044 x15:00000048
22722089ns          399862 1c008cf6 fe478593 addi             x11, x15, -28       x11=0000002c x15:00000048
22722109ns          399863 1c008cfa 06c12983 lw               x19, 108(x2)        x19=3425e000  x2:100015f8  PA:10001664
22722129ns          399864 1c008cfc 01a787b3 add              x15, x15, x26       x15=10001738 x15:00000048 x26:100016f0
22722149ns          399865 1c008cfe 07412c83 lw               x25, 116(x2)        x25=415e5bd6  x2:100015f8  PA:1000166c
22722547ns          399885 1c008d00 00251513 slli             x10, x10, 0x2       x10=00000034 x10:0000000d
22722567ns          399886 1c008d02 00269693 slli             x13, x13, 0x2       x13=00000000 x13:40000000
22722587ns          399887 1c008d04 06812a03 lw               x20, 104(x2)        x20=3869818e  x2:100015f8  PA:10001660
22722606ns          399888 1c008d06 01a60633 add              x12, x12, x26       x12=10001720 x12:00000030 x26:100016f0
22722626ns          399889 1c008d08 01a888b3 add              x17, x17, x26       x17=10001724 x17:00000034 x26:100016f0
22722646ns          399890 1c008d0a 01a80833 add              x16, x16, x26       x16=10001734 x16:00000044 x26:100016f0
22722666ns          399891 1c008d0c 01a50533 add              x10, x10, x26       x10=10001724 x10:00000034 x26:100016f0
22722686ns          399892 1c008d0e 01a686b3 add              x13, x13, x26       x13=100016f0 x13:00000000 x26:100016f0
22722706ns          399893 1c008d10 01a585b3 add              x11, x11, x26       x11=1000171c x11:0000002c x26:100016f0
22722726ns          399894 1c008d12 02f12823 sw               x15, 48(x2)         x15:10001738  x2:100015f8  PA:10001628
22722746ns          399895 1c008d14 04e12e23 sw               x14, 92(x2)         x14:1000170c  x2:100015f8  PA:10001654
22722766ns          399896 1c008d16 018007b3 add              x15, x0, x24        x15=40d986f5 x24:40d986f5
22722786ns          399897 1c008d18 01500733 add              x14, x0, x21        x14=40000000 x21:40000000
22722805ns          399898 1c008d1a 00100e93 addi             x29, x0, 1          x29=00000001
22722825ns          399899 1c008d1c 06012b83 lw               x23, 96(x2)         x23=355986bb  x2:100015f8  PA:10001658
22722845ns          399900 1c008d1e 07012903 lw               x18, 112(x2)        x18=415e5b9c  x2:100015f8  PA:10001668
22722865ns          399901 1c008d20 06412b03 lw               x22, 100(x2)        x22=40d986f4  x2:100015f8  PA:1000165c
22722885ns          399902 1c008d22 01900c33 add              x24, x0, x25        x24=415e5bd6 x25:415e5bd6
22722905ns          399903 1c008d24 01300ab3 add              x21, x0, x19        x21=3425e000 x19:3425e000
22722925ns          399904 1c008d26 01a12c23 sw               x26, 24(x2)         x26:100016f0  x2:100015f8  PA:10001610
22722945ns          399905 1c008d28 02c12a23 sw               x12, 52(x2)         x12:10001720  x2:100015f8  PA:1000162c
22722965ns          399906 1c008d2a 05112a23 sw               x17, 84(x2)         x17:10001724  x2:100015f8  PA:1000164c
22722984ns          399907 1c008d2c 05012c23 sw               x16, 88(x2)         x16:10001734  x2:100015f8  PA:10001650
22723004ns          399908 1c008d2e 02a12c23 sw               x10, 56(x2)         x10:10001724  x2:100015f8  PA:10001630
22723024ns          399909 1c008d30 04d12423 sw               x13, 72(x2)         x13:100016f0  x2:100015f8  PA:10001640
22723044ns          399910 1c008d32 04b12623 sw               x11, 76(x2)         x11:1000171c  x2:100015f8  PA:10001644
22723064ns          399911 1c008d34 00000293 addi             x5, x0, 0            x5=00000000
22723084ns          399912 1c008d36 01d12e23 sw               x29, 28(x2)         x29:00000001  x2:100015f8  PA:10001614
22723104ns          399913 1c008d38 02012223 sw               x0, 36(x2)           x2:100015f8  PA:1000161c
22723124ns          399914 1c008d3a 01400d33 add              x26, x0, x20        x26=3869818e x20:3869818e
22723144ns          399915 1c008d3c 00e009b3 add              x19, x0, x14        x19=40000000 x14:40000000
22723163ns          399916 1c008d3e 00f00cb3 add              x25, x0, x15        x25=40d986f5 x15:40d986f5
22723183ns          399917 1c008d40 01c12e83 lw               x29, 28(x2)         x29=00000001  x2:100015f8  PA:10001614
22723223ns          399919 1c008d42 7fddc8e3 blt              x27, x29, 4080      x27:00000003 x29:00000001
22723243ns          399920 1c008d46 41dd8833 sub              x16, x27, x29       x16=00000002 x27:00000003 x29:00000001
22723263ns          399921 1c008d4a 1c0004b7 lui              x9, 0x1c000000       x9=1c000000
22723303ns          399923 1c008d4e fffe8513 addi             x10, x29, -1        x10=00000000 x29:00000001
22723342ns          399925 1c008d52 fffd8793 addi             x15, x27, -1        x15=00000002 x27:00000003
22723362ns          399926 1c008d56 03812603 lw               x12, 56(x2)         x12=10001724  x2:100015f8  PA:10001630
22723382ns          399927 1c008d58 03412303 lw               x6, 52(x2)           x6=10001720  x2:100015f8  PA:1000162c
22723402ns          399928 1c008d5a 03012683 lw               x13, 48(x2)         x13=10001738  x2:100015f8  PA:10001628
22723422ns          399929 1c008d5c 005005b3 add              x11, x0, x5         x11=00000000  x5:00000000
22723442ns          399930 1c008d5e 00500f33 add              x30, x0, x5         x30=00000000  x5:00000000
22723462ns          399931 1c008d60 01b00433 add              x8, x0, x27          x8=00000003 x27:00000003
22723482ns          399932 1c008d62 00000713 addi             x14, x0, 0          x14=00000000
22723502ns          399933 1c008d66 00100f93 addi             x31, x0, 1          x31=00000001
22723521ns          399934 1c008d68 0244a383 lw               x7, 36(x9)           x7=34000000  x9:1c000000  PA:1c000024
22723820ns          399949 1c008d6c 00180813 addi             x16, x16, 1         x16=00000003 x16:00000002
22723840ns          399950 1c008d6e 7ca7cbe3 blt              x15, x10, 4054      x15:00000002 x10:00000000
22723860ns          399951 1c008d72 078840fb lp.setup         0x1, x16, 0x78      x16:00000003
22723879ns          399952 1c008d76 00062783 lw               x15, 0(x12)         x15=b63a3e00 x12:10001724  PA:10001724
22723899ns          399953 1c008d78 fff40e93 addi             x29, x8, -1         x29=00000002  x8:00000003
22723919ns          399954 1c008d7c a0e79553 flt.s            x10, f15, f14       x10=00000001 f15:b63a3e00 f14:00000000
22723959ns          399956 1c008d80 00050363 beq              x10, x0, 6          x10:00000001
22723999ns          399958 1c008d82 20f797d3 fsgnjn.s         f15, f15, f15       f15=xxxxxxxx f15:b63a3e00 f15:b63a3e00
22724019ns          399959 1c008d86 1c0008b7 lui              x17, 0x1c000000     x17=1c000000
22724039ns          399960 1c008d8a 02088893 addi             x17, x17, 32        x17=1c000020 x17:1c000000
22724059ns          399961 1c008d8e 0008a883 lw               x17, 0(x17)         x17=0d200000 x17:1c000020  PA:1c000020
22724397ns          399978 1c008d92 a1178553 fle.s            x10, f15, f17       x10=00000000 f15:363a3e00 f17:0d200000
22724417ns          399979 1c008d96 0c051763 bne              x10, x0, 206        x10:00000000
22724436ns          399980 1c008d98 00032883 lw               x17, 0(x6)          x17=440aacdb  x6:10001720  PA:10001720
22724476ns          399982 1c008d9c a0e895d3 flt.s            x11, f17, f14       x11=00000000 f17:440aacdb f14:00000000
22724496ns          399983 1c008da0 01100bb3 add              x23, x0, x17        x23=440aacdb x17:440aacdb
22724516ns          399984 1c008da2 00058363 beq              x11, x0, 6          x11:00000000
22724576ns          399987 1c008da8 0006a503 lw               x10, 0(x13)         x10=41a58f8b x13:10001738  PA:10001738
22724615ns          399989 1c008daa a0e515d3 flt.s            x11, f10, f14       x11=00000000 f10:41a58f8b f14:00000000
22724635ns          399990 1c008dae 00a00e33 add              x28, x0, x10        x28=41a58f8b x10:41a58f8b
22724655ns          399991 1c008db0 00058363 beq              x11, x0, 6          x11:00000000
22724735ns          399995 1c008db6 01cbfbd3 fadd.s           f23, f23, f28       f23=xxxxxxxx f23:440aacdb f28:41a58f8b
22724755ns          399996 1c008dba a0eba5d3 feq.s            x11, f23, f14       x11=00000000 f23:440fd957 f14:00000000
22724775ns          399997 1c008dbe 00058d63 beq              x11, x0, 26         x11:00000000
22724894ns          400003 1c008dd8 1c0004b7 lui              x9, 0x1c000000       x9=1c000000
22724934ns          400005 1c008ddc 02448493 addi             x9, x9, 36           x9=1c000024  x9:1c000000
22724954ns          400006 1c008de0 0004a483 lw               x9, 0(x9)            x9=34000000  x9:1c000024  PA:1c000024
22725272ns          400022 1c008de2 109bf5d3 fmul.s           f11, f23, f9        f11=xxxxxxxx f23:440fd957  f9:34000000
22725292ns          400023 1c008de6 a0b785d3 fle.s            x11, f15, f11       x11=00000001 f15:363a3e00 f11:388fd957
22725312ns          400024 1c008dea 06058863 beq              x11, x0, 112        x11:00000001
22725332ns          400025 1c008dec 01062a83 lw               x21, 16(x12)        x21=b890f691 x12:10001724  PA:10001734
22725371ns          400027 1c008df0 a0ea95d3 flt.s            x11, f21, f14       x11=00000001 f21:b890f691 f14:00000000
22725391ns          400028 1c008df4 00058363 beq              x11, x0, 6          x11:00000001
22725411ns          400029 1c008df6 215a9ad3 fsgnjn.s         f21, f21, f21       f21=xxxxxxxx f21:b890f691 f21:b890f691
22725431ns          400030 1c008dfa a0fa95d3 flt.s            x11, f21, f15       x11=00000000 f21:3890f691 f15:363a3e00
22725451ns          400031 1c008dfe 00059463 bne              x11, x0, 8          x11:00000000
22725471ns          400032 1c008e00 00f005b3 add              x11, x0, x15        x11=363a3e00 x15:363a3e00
22725491ns          400033 1c008e02 015007b3 add              x15, x0, x21        x15=3890f691 x21:3890f691
22725511ns          400034 1c008e04 00b00ab3 add              x21, x0, x11        x21=363a3e00 x11:363a3e00
22725530ns          400035 1c008e06 08a8fb53 fsub.s           f22, f17, f10       f22=xxxxxxxx f17:440aacdb f10:41a58f8b
22725550ns          400036 1c008e0a a0eb15d3 flt.s            x11, f22, f14       x11=00000000 f22:4405805f f14:00000000
22725570ns          400037 1c008e0e 00058363 beq              x11, x0, 6          x11:00000000
22725630ns          400040 1c008e14 a1cb15d3 flt.s            x11, f22, f28       x11=00000000 f22:4405805f f28:41a58f8b
22725650ns          400041 1c008e18 01c00933 add              x18, x0, x28        x18=41a58f8b x28:41a58f8b
22725670ns          400042 1c008e1a 00059363 bne              x11, x0, 6          x11:00000000
22725690ns          400043 1c008e1c 01600933 add              x18, x0, x22        x18=4405805f x22:4405805f
22725709ns          400044 1c008e1e 01c00b33 add              x22, x0, x28        x22=41a58f8b x28:41a58f8b
22725729ns          400045 1c008e20 00f97c53 fadd.s           f24, f18, f15       f24=xxxxxxxx f18:4405805f f15:3890f691
22725769ns          400047 1c008e24 19897bd3 fdiv.s           f23, f18, f24       f23=xxxxxxxx f18:4405805f f24:44058060
22726067ns          400062 1c008e28 117b7bd3 fmul.s           f23, f22, f23       f23=xxxxxxxx f22:41a58f8b f23:3f7ffffe
22726087ns          400063 1c008e2c 1c0005b7 lui              x11, 0x1c000000     x11=1c000000
22726107ns          400064 1c008e30 02058593 addi             x11, x11, 32        x11=1c000020 x11:1c000000
22726127ns          400065 1c008e34 107bfbd3 fmul.s           f23, f23, f7        f23=xxxxxxxx f23:41a58f8a  f7:34000000
22726147ns          400066 1c008e38 0005a503 lw               x10, 0(x11)         x10=0d200000 x11:1c000020  PA:1c000020
22726465ns          400082 1c008e3a a0ab85d3 fle.s            x11, f23, f10       x11=00000000 f23:36258f8a f10:0d200000
22726485ns          400083 1c008e3e 00059563 bne              x11, x0, 10         x11:00000000
22726505ns          400084 1c008e40 a17ba5d3 feq.s            x11, f23, f23       x11=00000001 f23:36258f8a f23:36258f8a
22726525ns          400085 1c008e44 00058263 beq              x11, x0, 4          x11:00000001
22726545ns          400086 1c008e46 01700533 add              x10, x0, x23        x10=36258f8a x23:36258f8a
22726565ns          400087 1c008e48 1987f5d3 fdiv.s           f11, f15, f24       f11=xxxxxxxx f15:3890f691 f24:44058060
22727181ns          400118 1c008e4c 10baf5d3 fmul.s           f11, f21, f11       f11=xxxxxxxx f21:363a3e00 f11:340afd47
22727201ns          400119 1c008e50 a0a585d3 fle.s            x11, f11, f10       x11=00000001 f11:2aca3b5e f10:36258f8a
22727221ns          400120 1c008e54 08059e63 bne              x11, x0, 156        x11:00000001
22727321ns          400125 1c008ef0 00100593 addi             x11, x0, 1          x11=00000001
22727340ns          400126 1c008ef2 00100f13 addi             x30, x0, 1          x30=00000001
22727360ns          400127 1c008ef4 f73ff06f jal              x0, -142           
22727480ns          400133 1c008e66 00140e13 addi             x28, x8, 1          x28=00000004  x8:00000003
22727500ns          400134 1c008e6a 01c12e23 sw               x28, 28(x2)         x28:00000004  x2:100015f8  PA:10001614
22727520ns          400135 1c008e6c 00805e63 bge              x0, x8, 28           x8:00000003
22727937ns          400156 1c008e70 fff40693 addi             x13, x8, -1         x13=00000002  x8:00000003
22727977ns          400158 1c008e74 00269713 slli             x14, x13, 0x2       x14=00000008 x13:00000002
22727997ns          400159 1c008e78 00d70733 add              x14, x14, x13       x14=0000000a x14:00000008 x13:00000002
22728017ns          400160 1c008e7a 00870733 add              x14, x14, x8        x14=0000000d x14:0000000a  x8:00000003
22728037ns          400161 1c008e7c 01812e83 lw               x29, 24(x2)         x29=100016f0  x2:100015f8  PA:10001610
22728057ns          400162 1c008e7e 00271713 slli             x14, x14, 0x2       x14=00000034 x14:0000000d
22728076ns          400163 1c008e80 00000313 addi             x6, x0, 0            x6=00000000
22728096ns          400164 1c008e84 006ee723 p.sw             x6, x0(x29)          x6:00000000 x29:100016f0  PA:10001724
22728116ns          400165 1c008e88 01c12383 lw               x7, 28(x2)           x7=00000004  x2:100015f8  PA:10001614
22728156ns          400167 1c008e8a 07b3cb63 blt              x7, x27, 118         x7:00000004 x27:00000003
22728176ns          400168 1c008e8e 01900733 add              x14, x0, x25        x14=40d986f5 x25:40d986f5
22728196ns          400169 1c008e90 013006b3 add              x13, x0, x19        x13=40000000 x19:40000000
22728216ns          400170 1c008e92 01800cb3 add              x25, x0, x24        x25=44058060 x24:44058060
22728236ns          400171 1c008e94 015009b3 add              x19, x0, x21        x19=363a3e00 x21:363a3e00
22728255ns          400172 1c008e96 01812d03 lw               x26, 24(x2)         x26=100016f0  x2:100015f8  PA:10001610
22728275ns          400173 1c008e98 00d00ab3 add              x21, x0, x13        x21=40000000 x13:40000000
22728295ns          400174 1c008e9a 00e00c33 add              x24, x0, x14        x24=40d986f5 x14:40d986f5
22728315ns          400175 1c008e9c 000f0463 beq              x30, x0, 8          x30:00000001
22728335ns          400176 1c008ea0 10e0106f jal              x0, 4366           
22728415ns          400180 1c009fae 07212823 sw               x18, 112(x2)        x18:4405805f  x2:100015f8  PA:10001668
22728454ns          400182 1c009fb0 ef5fe06f jal              x0, -4364          
22728494ns          400184 1c008ea4 00058263 beq              x11, x0, 4          x11:00000001
22728514ns          400185 1c008ea6 07712023 sw               x23, 96(x2)         x23:36258f8a  x2:100015f8  PA:10001658
22728534ns          400186 1c008ea8 00028363 beq              x5, x0, 6            x5:00000000
22728653ns          400192 1c008eae 000f0463 beq              x30, x0, 8          x30:00000001
22728673ns          400193 1c008eb2 1060106f jal              x0, 4358           
22728713ns          400195 1c009fb8 06f12423 sw               x15, 104(x2)        x15:3890f691  x2:100015f8  PA:10001660
22728733ns          400196 1c009fba 07312623 sw               x19, 108(x2)        x19:363a3e00  x2:100015f8  PA:10001664
22728753ns          400197 1c009fbc 07612223 sw               x22, 100(x2)        x22:41a58f8b  x2:100015f8  PA:1000165c
22728773ns          400198 1c009fbe 00028763 beq              x5, x0, 14           x5:00000000
22728832ns          400201 1c009fcc 07912a23 sw               x25, 116(x2)        x25:44058060  x2:100015f8  PA:1000166c
22728852ns          400202 1c009fce ef1fe06f jal              x0, -4368          
22728892ns          400204 1c008ebe 01c12483 lw               x9, 28(x2)           x9=00000004  x2:100015f8  PA:10001614
22728952ns          400207 1c008ec0 001d8793 addi             x15, x27, 1         x15=00000004 x27:00000003
22728991ns          400209 1c008ec4 00978463 beq              x15, x9, 8          x15:00000004  x9:00000004
22729051ns          400212 1c008ecc fff40d93 addi             x27, x8, -1         x27=00000002  x8:00000003
22729111ns          400215 1c008ed0 dc0ddae3 bge              x27, x0, -556       x27:00000002
22729210ns          400220 1c008ca4 fffd8c13 addi             x24, x27, -1        x24=00000001 x27:00000002
22729250ns          400222 1c008ca8 002c1793 slli             x15, x24, 0x2       x15=00000004 x24:00000001
22729270ns          400223 1c008cac 018787b3 add              x15, x15, x24       x15=00000005 x15:00000004 x24:00000001
22729290ns          400224 1c008cae 02f12e23 sw               x15, 60(x2)         x15:00000005  x2:100015f8  PA:10001634
22729330ns          400226 1c008cb0 03c12e03 lw               x28, 60(x2)         x28=00000005  x2:100015f8  PA:10001634
22729369ns          400228 1c008cb2 400007b7 lui              x15, 0x40000000     x15=40000000
22729389ns          400229 1c008cb6 fff78713 addi             x14, x15, -1        x14=3fffffff x15:40000000
22729409ns          400230 1c008cba 01be0533 add              x10, x28, x27       x10=00000007 x28:00000005 x27:00000002
22729469ns          400233 1c008cbe 00e505b3 add              x11, x10, x14       x11=40000006 x10:00000007 x14:3fffffff
22729509ns          400235 1c008cc2 001d9613 slli             x12, x27, 0x1       x12=00000004 x27:00000002
22729528ns          400236 1c008cc6 fee78693 addi             x13, x15, -18       x13=3fffffee x15:40000000
22729548ns          400237 1c008cca ffbe0893 addi             x17, x28, -5        x17=00000000 x28:00000005
22729568ns          400238 1c008cce 01b70733 add              x14, x14, x27       x14=40000001 x14:3fffffff x27:00000002
22729608ns          400240 1c008cd0 01b607b3 add              x15, x12, x27       x15=00000006 x12:00000004 x27:00000002
22729648ns          400242 1c008cd4 005e0813 addi             x16, x28, 5         x16=0000000a x28:00000005
22729668ns          400243 1c008cd8 01170733 add              x14, x14, x17       x14=40000001 x14:40000001 x17:00000000
22729688ns          400244 1c008cda 01b686b3 add              x13, x13, x27       x13=3ffffff0 x13:3fffffee x27:00000002
22729707ns          400245 1c008cdc 00379793 slli             x15, x15, 0x3       x15=00000030 x15:00000006
22729727ns          400246 1c008cde 00259613 slli             x12, x11, 0x2       x12=00000018 x11:40000006
22729747ns          400247 1c008ce2 010686b3 add              x13, x13, x16       x13=3ffffffa x13:3ffffff0 x16:0000000a
22729767ns          400248 1c008ce4 07c12a83 lw               x21, 124(x2)        x21=40000000  x2:100015f8  PA:10001674
22729787ns          400249 1c008ce6 03812623 sw               x24, 44(x2)         x24:00000001  x2:100015f8  PA:10001624
22729807ns          400250 1c008ce8 00271713 slli             x14, x14, 0x2       x14=00000004 x14:40000001
22729827ns          400251 1c008cea 07812c03 lw               x24, 120(x2)        x24=40d986f5  x2:100015f8  PA:10001670
22729847ns          400252 1c008cec 01a70733 add              x14, x14, x26       x14=100016f4 x14:00000004 x26:100016f0
22729867ns          400253 1c008cee 00460893 addi             x17, x12, 4         x17=0000001c x12:00000018
22729887ns          400254 1c008cf2 ffc78813 addi             x16, x15, -4        x16=0000002c x15:00000030
22729906ns          400255 1c008cf6 fe478593 addi             x11, x15, -28       x11=00000014 x15:00000030
22729926ns          400256 1c008cfa 06c12983 lw               x19, 108(x2)        x19=363a3e00  x2:100015f8  PA:10001664
22729946ns          400257 1c008cfc 01a787b3 add              x15, x15, x26       x15=10001720 x15:00000030 x26:100016f0
22729966ns          400258 1c008cfe 07412c83 lw               x25, 116(x2)        x25=44058060  x2:100015f8  PA:1000166c
22729986ns          400259 1c008d00 00251513 slli             x10, x10, 0x2       x10=0000001c x10:00000007
22730006ns          400260 1c008d02 00269693 slli             x13, x13, 0x2       x13=ffffffe8 x13:3ffffffa
22730026ns          400261 1c008d04 06812a03 lw               x20, 104(x2)        x20=3890f691  x2:100015f8  PA:10001660
22730046ns          400262 1c008d06 01a60633 add              x12, x12, x26       x12=10001708 x12:00000018 x26:100016f0
22730066ns          400263 1c008d08 01a888b3 add              x17, x17, x26       x17=1000170c x17:0000001c x26:100016f0
22730085ns          400264 1c008d0a 01a80833 add              x16, x16, x26       x16=1000171c x16:0000002c x26:100016f0
22730105ns          400265 1c008d0c 01a50533 add              x10, x10, x26       x10=1000170c x10:0000001c x26:100016f0
22730125ns          400266 1c008d0e 01a686b3 add              x13, x13, x26       x13=100016d8 x13:ffffffe8 x26:100016f0
22730145ns          400267 1c008d10 01a585b3 add              x11, x11, x26       x11=10001704 x11:00000014 x26:100016f0
22730165ns          400268 1c008d12 02f12823 sw               x15, 48(x2)         x15:10001720  x2:100015f8  PA:10001628
22730185ns          400269 1c008d14 04e12e23 sw               x14, 92(x2)         x14:100016f4  x2:100015f8  PA:10001654
22730205ns          400270 1c008d16 018007b3 add              x15, x0, x24        x15=40d986f5 x24:40d986f5
22730225ns          400271 1c008d18 01500733 add              x14, x0, x21        x14=40000000 x21:40000000
22730245ns          400272 1c008d1a 00100e93 addi             x29, x0, 1          x29=00000001
22730264ns          400273 1c008d1c 06012b83 lw               x23, 96(x2)         x23=36258f8a  x2:100015f8  PA:10001658
22730284ns          400274 1c008d1e 07012903 lw               x18, 112(x2)        x18=4405805f  x2:100015f8  PA:10001668
22730304ns          400275 1c008d20 06412b03 lw               x22, 100(x2)        x22=41a58f8b  x2:100015f8  PA:1000165c
22730324ns          400276 1c008d22 01900c33 add              x24, x0, x25        x24=44058060 x25:44058060
22730344ns          400277 1c008d24 01300ab3 add              x21, x0, x19        x21=363a3e00 x19:363a3e00
22730364ns          400278 1c008d26 01a12c23 sw               x26, 24(x2)         x26:100016f0  x2:100015f8  PA:10001610
22730384ns          400279 1c008d28 02c12a23 sw               x12, 52(x2)         x12:10001708  x2:100015f8  PA:1000162c
22730404ns          400280 1c008d2a 05112a23 sw               x17, 84(x2)         x17:1000170c  x2:100015f8  PA:1000164c
22730424ns          400281 1c008d2c 05012c23 sw               x16, 88(x2)         x16:1000171c  x2:100015f8  PA:10001650
22730443ns          400282 1c008d2e 02a12c23 sw               x10, 56(x2)         x10:1000170c  x2:100015f8  PA:10001630
22730463ns          400283 1c008d30 04d12423 sw               x13, 72(x2)         x13:100016d8  x2:100015f8  PA:10001640
22730483ns          400284 1c008d32 04b12623 sw               x11, 76(x2)         x11:10001704  x2:100015f8  PA:10001644
22730503ns          400285 1c008d34 00000293 addi             x5, x0, 0            x5=00000000
22730523ns          400286 1c008d36 01d12e23 sw               x29, 28(x2)         x29:00000001  x2:100015f8  PA:10001614
22730543ns          400287 1c008d38 02012223 sw               x0, 36(x2)           x2:100015f8  PA:1000161c
22730563ns          400288 1c008d3a 01400d33 add              x26, x0, x20        x26=3890f691 x20:3890f691
22730583ns          400289 1c008d3c 00e009b3 add              x19, x0, x14        x19=40000000 x14:40000000
22730603ns          400290 1c008d3e 00f00cb3 add              x25, x0, x15        x25=40d986f5 x15:40d986f5
22730622ns          400291 1c008d40 01c12e83 lw               x29, 28(x2)         x29=00000001  x2:100015f8  PA:10001614
22730662ns          400293 1c008d42 7fddc8e3 blt              x27, x29, 4080      x27:00000002 x29:00000001
22730682ns          400294 1c008d46 41dd8833 sub              x16, x27, x29       x16=00000001 x27:00000002 x29:00000001
22730702ns          400295 1c008d4a 1c0004b7 lui              x9, 0x1c000000       x9=1c000000
22730722ns          400296 1c008d4e fffe8513 addi             x10, x29, -1        x10=00000000 x29:00000001
22730742ns          400297 1c008d52 fffd8793 addi             x15, x27, -1        x15=00000001 x27:00000002
22730762ns          400298 1c008d56 03812603 lw               x12, 56(x2)         x12=1000170c  x2:100015f8  PA:10001630
22730782ns          400299 1c008d58 03412303 lw               x6, 52(x2)           x6=10001708  x2:100015f8  PA:1000162c
22730801ns          400300 1c008d5a 03012683 lw               x13, 48(x2)         x13=10001720  x2:100015f8  PA:10001628
22730821ns          400301 1c008d5c 005005b3 add              x11, x0, x5         x11=00000000  x5:00000000
22730841ns          400302 1c008d5e 00500f33 add              x30, x0, x5         x30=00000000  x5:00000000
22730861ns          400303 1c008d60 01b00433 add              x8, x0, x27          x8=00000002 x27:00000002
22730881ns          400304 1c008d62 00000713 addi             x14, x0, 0          x14=00000000
22730901ns          400305 1c008d66 00100f93 addi             x31, x0, 1          x31=00000001
22730921ns          400306 1c008d68 0244a383 lw               x7, 36(x9)           x7=34000000  x9:1c000000  PA:1c000024
22731239ns          400322 1c008d6c 00180813 addi             x16, x16, 1         x16=00000002 x16:00000001
22731259ns          400323 1c008d6e 7ca7cbe3 blt              x15, x10, 4054      x15:00000001 x10:00000000
22731279ns          400324 1c008d72 078840fb lp.setup         0x1, x16, 0x78      x16:00000002
22731299ns          400325 1c008d76 00062783 lw               x15, 0(x12)         x15=c12ebc3e x12:1000170c  PA:1000170c
22731319ns          400326 1c008d78 fff40e93 addi             x29, x8, -1         x29=00000001  x8:00000002
22731339ns          400327 1c008d7c a0e79553 flt.s            x10, f15, f14       x10=00000001 f15:c12ebc3e f14:00000000
22731358ns          400328 1c008d80 00050363 beq              x10, x0, 6          x10:00000001
22731378ns          400329 1c008d82 20f797d3 fsgnjn.s         f15, f15, f15       f15=xxxxxxxx f15:c12ebc3e f15:c12ebc3e
22731398ns          400330 1c008d86 1c0008b7 lui              x17, 0x1c000000     x17=1c000000
22731418ns          400331 1c008d8a 02088893 addi             x17, x17, 32        x17=1c000020 x17:1c000000
22731498ns          400335 1c008d8e 0008a883 lw               x17, 0(x17)         x17=0d200000 x17:1c000020  PA:1c000020
22731856ns          400353 1c008d92 a1178553 fle.s            x10, f15, f17       x10=00000000 f15:412ebc3e f17:0d200000
22731876ns          400354 1c008d96 0c051763 bne              x10, x0, 206        x10:00000000
22731895ns          400355 1c008d98 00032883 lw               x17, 0(x6)          x17=44039afa  x6:10001708  PA:10001708
22731935ns          400357 1c008d9c a0e895d3 flt.s            x11, f17, f14       x11=00000000 f17:44039afa f14:00000000
22731955ns          400358 1c008da0 01100bb3 add              x23, x0, x17        x23=44039afa x17:44039afa
22731975ns          400359 1c008da2 00058363 beq              x11, x0, 6          x11:00000000
22732035ns          400362 1c008da8 0006a503 lw               x10, 0(x13)         x10=440aacdb x13:10001720  PA:10001720
22732074ns          400364 1c008daa a0e515d3 flt.s            x11, f10, f14       x11=00000000 f10:440aacdb f14:00000000
22732094ns          400365 1c008dae 00a00e33 add              x28, x0, x10        x28=440aacdb x10:440aacdb
22732114ns          400366 1c008db0 00058363 beq              x11, x0, 6          x11:00000000
22732194ns          400370 1c008db6 01cbfbd3 fadd.s           f23, f23, f28       f23=xxxxxxxx f23:44039afa f28:440aacdb
22732214ns          400371 1c008dba a0eba5d3 feq.s            x11, f23, f14       x11=00000000 f23:448723ea f14:00000000
22732234ns          400372 1c008dbe 00058d63 beq              x11, x0, 26         x11:00000000
22732373ns          400379 1c008dd8 1c0004b7 lui              x9, 0x1c000000       x9=1c000000
22732413ns          400381 1c008ddc 02448493 addi             x9, x9, 36           x9=1c000024  x9:1c000000
22732472ns          400384 1c008de0 0004a483 lw               x9, 0(x9)            x9=34000000  x9:1c000024  PA:1c000024
22732810ns          400401 1c008de2 109bf5d3 fmul.s           f11, f23, f9        f11=xxxxxxxx f23:448723ea  f9:34000000
22732830ns          400402 1c008de6 a0b785d3 fle.s            x11, f15, f11       x11=00000000 f15:412ebc3e f11:390723ea
22732850ns          400403 1c008dea 06058863 beq              x11, x0, 112        x11:00000000
22732950ns          400408 1c008e5a fe868693 addi             x13, x13, -24       x13=10001708 x13:10001720
22732989ns          400410 1c008e5c fe830313 addi             x6, x6, -24          x6=100016f0  x6:10001708
22733009ns          400411 1c008e5e fe860613 addi             x12, x12, -24       x12=100016f4 x12:1000170c
22733029ns          400412 1c008e60 01d00433 add              x8, x0, x29          x8=00000001 x29:00000001
22733049ns          400413 1c008e62 00100593 addi             x11, x0, 1          x11=00000001
22733069ns          400414 1c008d76 00062783 lw               x15, 0(x12)         x15=42994b3e x12:100016f4  PA:100016f4
22733089ns          400415 1c008d78 fff40e93 addi             x29, x8, -1         x29=00000000  x8:00000001
22733109ns          400416 1c008d7c a0e79553 flt.s            x10, f15, f14       x10=00000000 f15:42994b3e f14:00000000
22733129ns          400417 1c008d80 00050363 beq              x10, x0, 6          x10:00000000
22733208ns          400421 1c008d86 1c0008b7 lui              x17, 0x1c000000     x17=1c000000
22733228ns          400422 1c008d8a 02088893 addi             x17, x17, 32        x17=1c000020 x17:1c000000
22733248ns          400423 1c008d8e 0008a883 lw               x17, 0(x17)         x17=0d200000 x17:1c000020  PA:1c000020
22733566ns          400439 1c008d92 a1178553 fle.s            x10, f15, f17       x10=00000000 f15:42994b3e f17:0d200000
22733586ns          400440 1c008d96 0c051763 bne              x10, x0, 206        x10:00000000
22733606ns          400441 1c008d98 00032883 lw               x17, 0(x6)          x17=44aa65c6  x6:100016f0  PA:100016f0
22733646ns          400443 1c008d9c a0e895d3 flt.s            x11, f17, f14       x11=00000000 f17:44aa65c6 f14:00000000
22733666ns          400444 1c008da0 01100bb3 add              x23, x0, x17        x23=44aa65c6 x17:44aa65c6
22733686ns          400445 1c008da2 00058363 beq              x11, x0, 6          x11:00000000
22733745ns          400448 1c008da8 0006a503 lw               x10, 0(x13)         x10=44039afa x13:10001708  PA:10001708
22733785ns          400450 1c008daa a0e515d3 flt.s            x11, f10, f14       x11=00000000 f10:44039afa f14:00000000
22733805ns          400451 1c008dae 00a00e33 add              x28, x0, x10        x28=44039afa x10:44039afa
22733825ns          400452 1c008db0 00058363 beq              x11, x0, 6          x11:00000000
22733904ns          400456 1c008db6 01cbfbd3 fadd.s           f23, f23, f28       f23=xxxxxxxx f23:44aa65c6 f28:44039afa
22733924ns          400457 1c008dba a0eba5d3 feq.s            x11, f23, f14       x11=00000000 f23:44ec3343 f14:00000000
22733944ns          400458 1c008dbe 00058d63 beq              x11, x0, 26         x11:00000000
22734004ns          400461 1c008dd8 1c0004b7 lui              x9, 0x1c000000       x9=1c000000
22734024ns          400462 1c008ddc 02448493 addi             x9, x9, 36           x9=1c000024  x9:1c000000
22734044ns          400463 1c008de0 0004a483 lw               x9, 0(x9)            x9=34000000  x9:1c000024  PA:1c000024
22734362ns          400479 1c008de2 109bf5d3 fmul.s           f11, f23, f9        f11=xxxxxxxx f23:44ec3343  f9:34000000
22734382ns          400480 1c008de6 a0b785d3 fle.s            x11, f15, f11       x11=00000000 f15:42994b3e f11:396c3343
22734402ns          400481 1c008dea 06058863 beq              x11, x0, 112        x11:00000000
22734461ns          400484 1c008e5a fe868693 addi             x13, x13, -24       x13=100016f0 x13:10001708
22734481ns          400485 1c008e5c fe830313 addi             x6, x6, -24          x6=100016d8  x6:100016f0
22734501ns          400486 1c008e5e fe860613 addi             x12, x12, -24       x12=100016dc x12:100016f4
22734521ns          400487 1c008e60 01d00433 add              x8, x0, x29          x8=00000000 x29:00000000
22734541ns          400488 1c008e62 00100593 addi             x11, x0, 1          x11=00000001
22734561ns          400489 1c008e64 01a007b3 add              x15, x0, x26        x15=3890f691 x26:3890f691
22734581ns          400490 1c008e66 00140e13 addi             x28, x8, 1          x28=00000001  x8:00000000
22734601ns          400491 1c008e6a 01c12e23 sw               x28, 28(x2)         x28:00000001  x2:100015f8  PA:10001614
22734620ns          400492 1c008e6c 00805e63 bge              x0, x8, 28           x8:00000000
22734720ns          400497 1c008e88 01c12383 lw               x7, 28(x2)           x7=00000001  x2:100015f8  PA:10001614
22734760ns          400499 1c008e8a 07b3cb63 blt              x7, x27, 118         x7:00000001 x27:00000002
22734859ns          400504 1c008f00 02412503 lw               x10, 36(x2)         x10=00000000  x2:100015f8  PA:1000161c
22734899ns          400506 1c008f02 4ea52ae3 p.beqimm         x10, 3316           x10:00000000
22734919ns          400507 1c008f06 05412283 lw               x5, 84(x2)           x5=1000170c  x2:100015f8  PA:1000164c
22734939ns          400508 1c008f08 03012303 lw               x6, 48(x2)           x6=10001720  x2:100015f8  PA:10001628
22734959ns          400509 1c008f0a 01400713 addi             x14, x0, 20         x14=00000014
22734979ns          400510 1c008f0c 0002ab03 lw               x22, 0(x5)          x22=c12ebc3e  x5:1000170c  PA:1000170c
22734998ns          400511 1c008f10 00032783 lw               x15, 0(x6)          x15=440aacdb  x6:10001720  PA:10001720
22735038ns          400513 1c008f14 58e50de3 beq              x10, x14, 3482      x10:00000000 x14:00000014
22735058ns          400514 1c008f18 03412503 lw               x10, 52(x2)         x10=10001708  x2:100015f8  PA:1000162c
22735078ns          400515 1c008f1a 05812c03 lw               x24, 88(x2)         x24=1000171c  x2:100015f8  PA:10001650
22735098ns          400516 1c008f1c 00052b83 lw               x23, 0(x10)         x23=44039afa x10:10001708  PA:10001708
22735138ns          400518 1c008f20 000c2903 lw               x18, 0(x24)         x18=c12ebc73 x24:1000171c  PA:1000171c
22735177ns          400520 1c008f24 00000713 addi             x14, x0, 0          x14=00000000
22735197ns          400521 1c008f28 a0eb9753 flt.s            x14, f23, f14       x14=00000000 f23:44039afa f14:00000000
22735217ns          400522 1c008f2c 4a0711e3 bne              x14, x0, 3234       x14:00000000
22735277ns          400525 1c008f30 01700733 add              x14, x0, x23        x14=44039afa x23:44039afa
22735317ns          400527 1c008f32 00000693 addi             x13, x0, 0          x13=00000000
22735337ns          400528 1c008f36 a0d916d3 flt.s            x13, f18, f13       x13=00000001 f18:c12ebc73 f13:00000000
22735356ns          400529 1c008f3a 01200633 add              x12, x0, x18        x12=c12ebc73 x18:c12ebc73
22735376ns          400530 1c008f3c 00068363 beq              x13, x0, 6          x13:00000001
22735416ns          400532 1c008f3e 21291653 fsgnjn.s         f12, f18, f18       f12=xxxxxxxx f18:c12ebc73 f18:c12ebc73
22735456ns          400534 1c008f42 00000693 addi             x13, x0, 0          x13=00000000
22735476ns          400535 1c008f46 a0db16d3 flt.s            x13, f22, f13       x13=00000001 f22:c12ebc3e f13:00000000
22735496ns          400536 1c008f4a 00c77753 fadd.s           f14, f14, f12       f14=xxxxxxxx f14:44039afa f12:412ebc73
22735516ns          400537 1c008f4e 01600633 add              x12, x0, x22        x12=c12ebc3e x22:c12ebc3e
22735555ns          400539 1c008f50 00068363 beq              x13, x0, 6          x13:00000001
22735595ns          400541 1c008f52 216b1653 fsgnjn.s         f12, f22, f22       f12=xxxxxxxx f22:c12ebc3e f22:c12ebc3e
22735615ns          400542 1c008f56 00000693 addi             x13, x0, 0          x13=00000000
22735635ns          400543 1c008f5a a0d796d3 flt.s            x13, f15, f13       x13=00000000 f15:440aacdb f13:00000000
22735695ns          400546 1c008f5e 00c77753 fadd.s           f14, f14, f12       f14=xxxxxxxx f14:440655ec f12:412ebc3e
22735734ns          400548 1c008f62 460692e3 bne              x13, x0, 3172       x13:00000000
22735754ns          400549 1c008f66 00f006b3 add              x13, x0, x15        x13=440aacdb x15:440aacdb
22735774ns          400550 1c008f68 00d77c53 fadd.s           f24, f14, f13       f24=xxxxxxxx f14:440910dd f13:440aacdb
22735794ns          400551 1c008f6c 00000613 addi             x12, x0, 0          x12=00000000
22735834ns          400553 1c008f70 a0cc2753 feq.s            x14, f24, f12       x14=00000000 f24:4489dedc f12:00000000
22735874ns          400555 1c008f74 42071be3 bne              x14, x0, 3126       x14:00000000
22735894ns          400556 1c008f78 1c000737 lui              x14, 0x1c000000     x14=1c000000
22735913ns          400557 1c008f7c 04c72703 lw               x14, 76(x14)        x14=3f800000 x14:1c000000  PA:1c00004c
22736271ns          400575 1c008f80 19877753 fdiv.s           f14, f14, f24       f14=xxxxxxxx f14:3f800000 f24:4489dedc
22736550ns          400589 1c008f84 10f777d3 fmul.s           f15, f14, f15       f15=xxxxxxxx f14:3a6dac17 f15:440aacdb
22736570ns          400590 1c008f88 1c0006b7 lui              x13, 0x1c000000     x13=1c000000
22736590ns          400591 1c008f8c 0406a683 lw               x13, 64(x13)        x13=3f000000 x13:1c000000  PA:1c000040
22736928ns          400608 1c008f90 79777543 fmadd.s          f10, f14, f23, f15  f10=xxxxxxxx f14:3a6dac17 f23:44039afa f15:3f00bf3f
22736948ns          400609 1c008f94 116775d3 fmul.s           f11, f14, f22       f11=xxxxxxxx f14:3a6dac17 f22:c12ebc3e
22736968ns          400610 1c008f98 10e97953 fmul.s           f18, f18, f14       f18=xxxxxxxx f18:c12ebc73 f14:3a6dac17
22736987ns          400611 1c008f9c 10d576d3 fmul.s           f13, f10, f13       f13=xxxxxxxx f10:3f7aee30 f13:3f000000
22737007ns          400612 1c008fa0 1125f5d3 fmul.s           f11, f11, f18       f11=xxxxxxxx f11:bc2239bc f18:bc2239ed
22737027ns          400613 1c008fa4 69777747 fmsub.s          f14, f14, f23, f13  f14=xxxxxxxx f14:3a6dac17 f23:44039afa f13:3efaee30
22737047ns          400614 1c008fa8 08d7fbd3 fsub.s           f23, f15, f13       f23=xxxxxxxx f15:3f00bf3f f13:3efaee30
22737067ns          400615 1c008fac 59777bc7 fmsub.s          f23, f14, f23, f11  f23=xxxxxxxx f14:bc5209a7 f23:3c5209c0 f11:38cd9a7c
22737107ns          400617 1c008fb0 a0cb9653 flt.s            x12, f23, f12       x12=00000001 f23:b9899094 f12:00000000
22737147ns          400619 1c008fb4 01700b33 add              x22, x0, x23        x22=b9899094 x23:b9899094
22737167ns          400620 1c008fb6 00060363 beq              x12, x0, 6          x12:00000001
22737186ns          400621 1c008fb8 217b9b53 fsgnjn.s         f22, f23, f23       f22=xxxxxxxx f23:b9899094 f23:b9899094
22737206ns          400622 1c008fbc 00000713 addi             x14, x0, 0          x14=00000000
22737246ns          400624 1c008fc0 a1770653 fle.s            x12, f14, f23       x12=00000000 f14:00000000 f23:b9899094
22737286ns          400626 1c008fc4 580b7b53 fsqrt.s          f22, f22            f22=xxxxxxxx f22:39899094
22737306ns          400627 1c008fc8 500609e3 beq              x12, x0, 3346       x12:00000000
22738360ns          400680 1c009cda 0166f5d3 fadd.s           f11, f13, f22       f11=xxxxxxxx f13:3efaee30 f22:3c84b23c
22738420ns          400683 1c009cde 0966f6d3 fsub.s           f13, f13, f22       f13=xxxxxxxx f13:3efaee30 f22:3c84b23c
22738459ns          400685 1c009ce2 08f5f653 fsub.s           f12, f11, f15       f12=xxxxxxxx f11:3f019caa f15:3f00bf3f
22738479ns          400686 1c009ce6 a0e61753 flt.s            x14, f12, f14       x14=00000000 f12:3b5d6b00 f14:00000000
22738499ns          400687 1c009cea 00070363 beq              x14, x0, 6          x14:00000000
22738599ns          400692 1c009cf0 08f6f7d3 fsub.s           f15, f13, f15       f15=xxxxxxxx f13:3ef2a30c f15:3f00bf3f
22738619ns          400693 1c009cf4 00000713 addi             x14, x0, 0          x14=00000000
22738638ns          400694 1c009cf8 a0e79753 flt.s            x14, f15, f14       x14=00000001 f15:bcedb720 f14:00000000
22738658ns          400695 1c009cfc 00070363 beq              x14, x0, 6          x14:00000001
22738718ns          400698 1c009cfe 20f797d3 fsgnjn.s         f15, f15, f15       f15=xxxxxxxx f15:bcedb720 f15:bcedb720
22738758ns          400700 1c009d02 a0f607d3 fle.s            x15, f12, f15       x15=00000001 f12:3b5d6b00 f15:3cedb720
22738778ns          400701 1c009d06 02078c63 beq              x15, x0, 56         x15:00000001
22738798ns          400702 1c009d08 10bc7cd3 fmul.s           f25, f24, f11       f25=xxxxxxxx f24:4489dedc f11:3f019caa
22738817ns          400703 1c009d0c 00000a93 addi             x21, x0, 0          x21=00000000
22738857ns          400705 1c009d10 01500d33 add              x26, x0, x21        x26=00000000 x21:00000000
22738897ns          400707 1c009d12 ac6ff06f jal              x0, -3386          
22738937ns          400709 1c008fd8 02c12e03 lw               x28, 44(x2)         x28=00000001  x2:100015f8  PA:10001624
22738977ns          400711 1c008fda 3dc45fe3 bge              x8, x28, 3038        x8:00000000 x28:00000001
22739016ns          400713 1c008fde 00000793 addi             x15, x0, 0          x15=00000000
22739056ns          400715 1c008fe2 a0fa97d3 flt.s            x15, f21, f15       x15=00000000 f21:00000000 f15:00000000
22739076ns          400716 1c008fe6 3c078ce3 beq              x15, x0, 3032       x15:00000000
22739613ns          400743 1c009bbe 01500f33 add              x30, x0, x21        x30=00000000 x21:00000000
22739693ns          400747 1c009bc0 01c00eb3 add              x29, x0, x28        x29=00000001 x28:00000001
22739732ns          400749 1c009bc2 c2eff06f jal              x0, -3026          
22739772ns          400751 1c008ff0 1c000737 lui              x14, 0x1c000000     x14=1c000000
22739792ns          400752 1c008ff4 fffe8793 addi             x15, x29, -1        x15=00000000 x29:00000001
22739812ns          400753 1c008ff8 1c000337 lui              x6, 0x1c000000       x6=1c000000
22739832ns          400754 1c008ffc 01d00a33 add              x20, x0, x29        x20=00000001 x29:00000001
22739852ns          400755 1c008ffe 04c12883 lw               x17, 76(x2)         x17=10001704  x2:100015f8  PA:10001644
22739892ns          400757 1c009000 04812803 lw               x16, 72(x2)         x16=100016d8  x2:100015f8  PA:10001640
22739931ns          400759 1c009002 00000513 addi             x10, x0, 0          x10=00000000
22739951ns          400760 1c009006 04c72f83 lw               x31, 76(x14)        x31=3f800000 x14:1c000000  PA:1c00004c
22740269ns          400776 1c00900a 02432283 lw               x5, 36(x6)           x5=34000000  x6:1c000000  PA:1c000024
22740568ns          400791 1c00900e 408e8eb3 sub              x29, x29, x8        x29=00000001 x29:00000001  x8:00000000
22740588ns          400792 1c009012 5287cce3 blt              x15, x8, 3384       x15:00000000  x8:00000000
22740608ns          400793 1c009016 800007b7 lui              x15, 0x80000000     x15=80000000
22740628ns          400794 1c00901a fff7c793 xori             x15, x15, -1        x15=7fffffff x15:80000000
22740687ns          400797 1c00901e 52f406e3 beq              x8, x15, 3372        x8:00000000 x15:7fffffff
22740727ns          400799 1c009022 08fec0fb lp.setup         0x1, x29, 0x8f      x29:00000001
22740747ns          400800 1c009026 01882583 lw               x11, 24(x16)        x11=44aa65c6 x16:100016d8  PA:100016f0
22740767ns          400801 1c00902a fffa0613 addi             x12, x20, -1        x12=00000000 x20:00000001
22740826ns          400804 1c00902e 0995f353 fsub.s           f6, f11, f25         f6=xxxxxxxx f11:44aa65c6 f25:440b9b58
22740866ns          400806 1c009032 a0a317d3 flt.s            x15, f6, f10        x15=00000000  f6:44493034 f10:00000000
22740886ns          400807 1c009036 00600733 add              x14, x0, x6         x14=44493034  x6:44493034
22740906ns          400808 1c009038 00078363 beq              x15, x0, 6          x15:00000000
22741065ns          400816 1c00903e 01c82683 lw               x13, 28(x16)        x13=42994b3e x16:100016d8  PA:100016f4
22741085ns          400817 1c009042 00ef7753 fadd.s           f14, f30, f14       f14=xxxxxxxx f30:00000000 f14:44493034
22741105ns          400818 1c009046 a0a697d3 flt.s            x15, f13, f10       x15=00000000 f13:42994b3e f10:00000000
22741125ns          400819 1c00904a 22079fe3 bne              x15, x0, 2622       x15:00000000
22741145ns          400820 1c00904e 00d007b3 add              x15, x0, x13        x15=42994b3e x13:42994b3e
22741184ns          400822 1c009050 00f77753 fadd.s           f14, f14, f15       f14=xxxxxxxx f14:44493034 f15:42994b3e
22741224ns          400824 1c009054 18eff753 fdiv.s           f14, f31, f14       f14=xxxxxxxx f31:3f800000 f14:445c599c
22741682ns          400847 1c009058 10e37e53 fmul.s           f28, f6, f14        f28=xxxxxxxx  f6:44493034 f14:3a94b577
22741702ns          400848 1c00905c 10e6f3d3 fmul.s           f7, f13, f14         f7=xxxxxxxx f13:42994b3e f14:3a94b577
22741721ns          400849 1c009060 0008a783 lw               x15, 0(x17)         x15=42994b54 x17:10001704  PA:10001704
22741741ns          400850 1c009064 106e7353 fmul.s           f6, f28, f6          f6=xxxxxxxx f28:3f69bcf5  f6:44493034
22741761ns          400851 1c009068 0048ae03 lw               x28, 4(x17)         x28=44039afa x17:10001704  PA:10001708
22741781ns          400852 1c00906c 11577753 fmul.s           f14, f14, f21       f14=xxxxxxxx f14:3a94b577 f21:00000000
22741821ns          400854 1c009070 30f3f7c3 fmadd.s          f15, f7, f15, f6    f15=xxxxxxxx  f7:3db21853 f15:42994b54  f6:4437b15f
22741861ns          400856 1c009074 01c5f6d3 fadd.s           f13, f11, f28       f13=xxxxxxxx f11:44aa65c6 f28:44039afa
22741881ns          400857 1c009078 0088a303 lw               x6, 8(x17)           x6=c12ebc3e x17:10001704  PA:1000170c
22741901ns          400858 1c00907c 79a777cb fnmsub.s         f15, f14, f26, f15  f15=xxxxxxxx f14:00000000 f26:00000000 f15:44395bf3
22741960ns          400861 1c009080 0996f6d3 fsub.s           f13, f13, f25       f13=xxxxxxxx f13:44ec3343 f25:440b9b58
22742000ns          400863 1c009084 1063f353 fmul.s           f6, f7, f6           f6=xxxxxxxx  f7:3db21853  f6:c12ebc3e
22742020ns          400864 1c009088 a0a79753 flt.s            x14, f15, f10       x14=00000000 f15:44395bf3 f10:00000000
22742040ns          400865 1c00908c 0996f6d3 fsub.s           f13, f13, f25       f13=xxxxxxxx f13:44a66597 f25:440b9b58
22742099ns          400868 1c009090 1076f6d3 fmul.s           f13, f13, f7        f13=xxxxxxxx f13:44412fd6  f7:3db21853
22742139ns          400870 1c009094 00f003b3 add              x7, x0, x15          x7=44395bf3 x15:44395bf3
22742159ns          400871 1c009096 00070363 beq              x14, x0, 6          x14:00000000
22742278ns          400877 1c00909c a0a69753 flt.s            x14, f13, f10       x14=00000000 f13:4286659e f10:00000000
22742298ns          400878 1c0090a0 00d00c33 add              x24, x0, x13        x24=4286659e x13:4286659e
22742318ns          400879 1c0090a2 00070363 beq              x14, x0, 6          x14:00000000
22742378ns          400882 1c0090a8 a0a31753 flt.s            x14, f6, f10        x14=00000001  f6:bf731efb f10:00000000
22742398ns          400883 1c0090ac 007c7c53 fadd.s           f24, f24, f7        f24=xxxxxxxx f24:4286659e  f7:44395bf3
22742457ns          400886 1c0090b0 1a071ae3 bne              x14, x0, 2484       x14:00000001
22742557ns          400891 1c009a64 20631753 fsgnjn.s         f14, f6, f6         f14=xxxxxxxx  f6:bf731efb  f6:bf731efb
22742597ns          400893 1c009a68 00ec7c53 fadd.s           f24, f24, f14       f24=xxxxxxxx f24:444a28a7 f14:3f731efb
22742617ns          400894 1c009a6c 1187fbd3 fmul.s           f23, f15, f24       f23=xxxxxxxx f15:44395bf3 f24:444a656f
22742676ns          400897 1c009a70 1186fb53 fmul.s           f22, f13, f24       f22=xxxxxxxx f13:4286659e f24:444a656f
22742716ns          400899 1c009a74 11837953 fmul.s           f18, f6, f24        f18=xxxxxxxx  f6:bf731efb f24:444a656f
22742736ns          400900 1c009a78 e4861963 bne              x12, x8, -2478      x12:00000000  x8:00000000
22742756ns          400901 1c009a7c 09212623 sw               x18, 140(x2)        x18:c44036c7  x2:100015f8  PA:10001684
22742796ns          400903 1c009a7e 09712223 sw               x23, 132(x2)        x23:49128bff  x2:100015f8  PA:1000167c
22742815ns          400904 1c009a80 09612423 sw               x22, 136(x2)        x22:475482de  x2:100015f8  PA:10001680
22742835ns          400905 1c009a82 01c12a03 lw               x20, 28(x2)         x20=00000001  x2:100015f8  PA:10001614
22742875ns          400907 1c009a84 ecaff06f jal              x0, -2358          
22743014ns          400914 1c00914e 002a1813 slli             x16, x20, 0x2       x16=00000004 x20:00000001
22743054ns          400916 1c009152 400006b7 lui              x13, 0x40000000     x13=40000000
22743074ns          400917 1c009156 01812383 lw               x7, 24(x2)           x7=100016f0  x2:100015f8  PA:10001610
22743094ns          400918 1c009158 014807b3 add              x15, x16, x20       x15=00000005 x16:00000004 x20:00000001
22743114ns          400919 1c00915c ff568693 addi             x13, x13, -11       x13=3ffffff5 x13:40000000
22743134ns          400920 1c00915e 00f008b3 add              x17, x0, x15        x17=00000005 x15:00000005
22743154ns          400921 1c009160 014686b3 add              x13, x13, x20       x13=3ffffff6 x13:3ffffff5 x20:00000001
22743174ns          400922 1c009162 00279793 slli             x15, x15, 0x2       x15=00000014 x15:00000005
22743193ns          400923 1c009164 011686b3 add              x13, x13, x17       x13=3ffffffb x13:3ffffff6 x17:00000005
22743213ns          400924 1c009166 06038513 addi             x10, x7, 96         x10=10001750  x7:100016f0
22743233ns          400925 1c00916a 05012483 lw               x9, 80(x2)           x9=10001754  x2:100015f8  PA:10001648
22743253ns          400926 1c00916c fec78613 addi             x12, x15, -20       x12=00000000 x15:00000014
22743293ns          400928 1c009170 00269693 slli             x13, x13, 0x2       x13=ffffffec x13:3ffffffb
22743313ns          400929 1c009172 01050533 add              x10, x10, x16       x10=10001754 x10:10001750 x16:00000004
22743333ns          400930 1c009174 014005b3 add              x11, x0, x20        x11=00000001 x20:00000001
22743353ns          400931 1c009176 00f48733 add              x14, x9, x15        x14=10001768  x9:10001754 x15:00000014
22743372ns          400932 1c00917a 05812023 sw               x24, 64(x2)         x24:444a656f  x2:100015f8  PA:10001638
22743392ns          400933 1c00917c 05912223 sw               x25, 68(x2)         x25:440b9b58  x2:100015f8  PA:1000163c
22743412ns          400934 1c00917e 007787b3 add              x15, x15, x7        x15=10001704 x15:00000014  x7:100016f0
22743432ns          400935 1c009180 01400cb3 add              x25, x0, x20        x25=00000001 x20:00000001
22743452ns          400936 1c009182 007686b3 add              x13, x13, x7        x13=100016dc x13:ffffffec  x7:100016f0
22743472ns          400937 1c009184 00c38fb3 add              x31, x7, x12        x31=100016f0  x7:100016f0 x12:00000000
22743492ns          400938 1c009188 01100c33 add              x24, x0, x17        x24=00000005 x17:00000005
22743512ns          400939 1c00918a 00a00a33 add              x20, x0, x10        x20=10001754 x10:10001754
22743532ns          400940 1c00918c 0bb587e3 beq              x11, x27, 2222      x11:00000001 x27:00000002
22743571ns          400942 1c009190 16bccbe3 blt              x25, x11, 2422      x25:00000001 x11:00000001
22743611ns          400944 1c009194 08412503 lw               x10, 132(x2)        x10=49128bff  x2:100015f8  PA:1000167c
22743631ns          400945 1c009196 08812803 lw               x16, 136(x2)        x16=475482de  x2:100015f8  PA:10001680
22743651ns          400946 1c009198 00000613 addi             x12, x0, 0          x12=00000000
22743671ns          400947 1c00919c a0c81653 flt.s            x12, f16, f12       x12=00000000 f16:475482de f12:00000000
22743711ns          400949 1c0091a0 00060363 beq              x12, x0, 6          x12:00000000
22743790ns          400953 1c0091a6 1c000e37 lui              x28, 0x1c000000     x28=1c000000
22743810ns          400954 1c0091aa 01ce0e13 addi             x28, x28, 28        x28=1c00001c x28:1c000000
22743870ns          400957 1c0091ae 000e2e03 lw               x28, 0(x28)         x28=00800000 x28:1c00001c  PA:1c00001c
22744208ns          400974 1c0091b2 a10e1653 flt.s            x12, f28, f16       x12=00000001 f28:00800000 f16:475482de
22744228ns          400975 1c0091b6 10061be3 bne              x12, x0, 2326       x12:00000001
22744387ns          400983 1c009acc 1c000337 lui              x6, 0x1c000000       x6=1c000000
22744466ns          400987 1c009ad0 01c30313 addi             x6, x6, 28           x6=1c00001c  x6:1c000000
22744506ns          400989 1c009ad4 00000893 addi             x17, x0, 0          x17=00000000
22744526ns          400990 1c009ad8 1c0003b7 lui              x7, 0x1c000000       x7=1c000000
22744546ns          400991 1c009adc 00032303 lw               x6, 0(x6)            x6=00800000  x6:1c00001c  PA:1c00001c
22744884ns          401008 1c009ae0 04c38393 addi             x7, x7, 76           x7=1c00004c  x7:1c000000
22744904ns          401009 1c009ae4 19037653 fdiv.s           f12, f6, f16        f12=xxxxxxxx  f6:00800000 f16:475482de
22745182ns          401023 1c009ae8 111678d3 fmul.s           f17, f12, f17       f17=xxxxxxxx f12:0000009a f17:00000000
22745202ns          401024 1c009aec 0003a383 lw               x7, 0(x7)            x7=3f800000  x7:1c00004c  PA:1c00004c
22745541ns          401041 1c009af0 38c8f8c3 fmadd.s          f17, f17, f12, f7   f17=xxxxxxxx f17:00000000 f12:0000009a  f7:3f800000
22745560ns          401042 1c009af4 ed4ff06f jal              x0, -2348          
22745600ns          401044 1c0091c8 08c12603 lw               x12, 140(x2)        x12=c44036c7  x2:100015f8  PA:10001684
22745620ns          401045 1c0091ca 00000313 addi             x6, x0, 0            x6=00000000
22745680ns          401048 1c0091ce a0661353 flt.s            x6, f12, f6          x6=00000001 f12:c44036c7  f6:00000000
22745720ns          401050 1c0091d2 00030463 beq              x6, x0, 8            x6:00000001
22745739ns          401051 1c0091d6 20c61653 fsgnjn.s         f12, f12, f12       f12=xxxxxxxx f12:c44036c7 f12:c44036c7
22745759ns          401052 1c0091da a0c81353 flt.s            x6, f16, f12         x6=00000000 f16:475482de f12:444036c7
22745819ns          401055 1c0091de 10030de3 beq              x6, x0, 2330         x6:00000000
22745879ns          401058 1c009af8 19067653 fdiv.s           f12, f12, f16       f12=xxxxxxxx f12:444036c7 f16:475482de
22746157ns          401072 1c009afc 88c678c3 fmadd.s          f17, f12, f12, f17  f17=xxxxxxxx f12:3c678c92 f12:3c678c92 f17:3f800000
22746177ns          401073 1c009b00 01000633 add              x12, x0, x16        x12=475482de x16:475482de
22746197ns          401074 1c009b02 ef8ff06f jal              x0, -2312          
22746316ns          401080 1c0091fa 5808f853 fsqrt.s          f16, f17            f16=xxxxxxxx f17:3f80068b
22746595ns          401094 1c0091fe 10c87653 fmul.s           f12, f16, f12       f12=xxxxxxxx f16:3f800345 f12:475482de
22746615ns          401095 1c009202 00300893 addi             x17, x0, 3          x17=00000003
22746635ns          401096 1c009204 00200e93 addi             x29, x0, 2          x29=00000002
22746654ns          401097 1c009206 00000813 addi             x16, x0, 0          x16=00000000
22746674ns          401098 1c00920a a1062353 feq.s            x6, f12, f16         x6=00000000 f12:4754884c f16:00000000
22746734ns          401101 1c00920e 040318e3 bne              x6, x0, 2128         x6:00000000
22746774ns          401103 1c009212 a1051853 flt.s            x16, f10, f16       x16=00000000 f10:49128bff f16:00000000
22746794ns          401104 1c009216 180812e3 bne              x16, x0, 2436       x16:00000000
22746814ns          401105 1c00921a 00a00833 add              x16, x0, x10        x16=49128bff x10:49128bff
22746833ns          401106 1c00921c 00000313 addi             x6, x0, 0            x6=00000000
22746873ns          401108 1c009220 a0661353 flt.s            x6, f12, f6          x6=00000000 f12:4754884c  f6:00000000
22746913ns          401110 1c009224 00030463 beq              x6, x0, 8            x6:00000000
22746973ns          401113 1c00922c a0c81353 flt.s            x6, f16, f12         x6=00000000 f16:49128bff f12:4754884c
22747032ns          401116 1c009230 12031ce3 bne              x6, x0, 2360         x6:00000000
22747072ns          401118 1c009234 a1061353 flt.s            x6, f12, f16         x6=00000001 f12:4754884c f16:49128bff
22747092ns          401119 1c009238 18031fe3 bne              x6, x0, 2462         x6:00000001
22747291ns          401129 1c009bd6 1c000337 lui              x6, 0x1c000000       x6=1c000000
22747311ns          401130 1c009bda 04c30313 addi             x6, x6, 76           x6=1c00004c  x6:1c000000
22747370ns          401133 1c009bde 00032303 lw               x6, 0(x6)            x6=3f800000  x6:1c00004c  PA:1c00004c
22747709ns          401150 1c009be2 19067653 fdiv.s           f12, f12, f16       f12=xxxxxxxx f12:4754884c f16:49128bff
22747987ns          401164 1c009be6 30c67643 fmadd.s          f12, f12, f12, f6   f12=xxxxxxxx f12:3db9a26c f12:3db9a26c  f6:3f800000
22748007ns          401165 1c009bea 58067653 fsqrt.s          f12, f12            f12=xxxxxxxx f12:3f810d38
22749101ns          401220 1c009bee 10c87653 fmul.s           f12, f16, f12       f12=xxxxxxxx f16:49128bff f12:3f808656
22749121ns          401221 1c009bf2 e62ff06f jal              x0, -2462          
22749200ns          401225 1c009254 00000813 addi             x16, x0, 0          x16=00000000
22749240ns          401227 1c009258 a0a80853 fle.s            x16, f16, f10       x16=00000001 f16:00000000 f10:49128bff
22749260ns          401228 1c00925c 00080463 beq              x16, x0, 8          x16:00000001
22749320ns          401231 1c009260 20c61653 fsgnjn.s         f12, f12, f12       f12=xxxxxxxx f12:491325cc f12:491325cc
22749360ns          401233 1c009264 00000813 addi             x16, x0, 0          x16=00000000
22749379ns          401234 1c009268 a1061853 flt.s            x16, f12, f16       x16=00000001 f12:c91325cc f16:00000000
22749399ns          401235 1c00926c 12081be3 bne              x16, x0, 2358       x16:00000001
22749578ns          401244 1c009ba2 20c61853 fsgnjn.s         f16, f12, f12       f16=xxxxxxxx f12:c91325cc f12:c91325cc
22749598ns          401245 1c009ba6 eccff06f jal              x0, -2356          
22749658ns          401248 1c009272 1c0004b7 lui              x9, 0x1c000000       x9=1c000000
22749678ns          401249 1c009276 03048493 addi             x9, x9, 48           x9=1c000030  x9:1c000000
22749698ns          401250 1c00927a 0004a483 lw               x9, 0(x9)            x9=0c000000  x9:1c000030  PA:1c000030
22750016ns          401266 1c00927c a0981853 flt.s            x16, f16, f9        x16=00000000 f16:491325cc  f9:0c000000
22750036ns          401267 1c009280 0a080ce3 beq              x16, x0, 2232       x16:00000000
22750135ns          401272 1c009b38 1c000337 lui              x6, 0x1c000000       x6=1c000000
22750175ns          401274 1c009b3c 04c32803 lw               x16, 76(x6)         x16=3f800000  x6:1c000000  PA:1c00004c
22750493ns          401290 1c009b40 08c57353 fsub.s           f6, f10, f12         f6=xxxxxxxx f10:49128bff f12:c91325cc
22750513ns          401291 1c009b44 18687853 fdiv.s           f16, f16, f6        f16=xxxxxxxx f16:3f800000  f6:4992d8e6  PA:10001680
22750533ns          401292 1c009b48 08812303 lw               x6, 136(x2)          x6=xxxxxxxx  x2:100015f8
22750553ns          401293 1c009b4a 08a679d3 fsub.s           f19, f12, f10       f19=xxxxxxxx f12:c91325cc f10:49128bff
22750831ns          401307 1c009b4e 11037353 fmul.s           f6, f6, f16          f6=xxxxxxxx  f6:475482de f16:355f24b7
22750851ns          401308 1c009b52 18c9f9d3 fdiv.s           f19, f19, f12       f19=xxxxxxxx f19:c992d8e6 f12:c91325cc  PA:10001680
22750871ns          401309 1c009b56 08612423 sw               x6, 136(x2)          x6:3d393c7a  x2:100015f8
22750891ns          401310 1c009b58 0038b663 p.bneimm         x17, 12             x17:00000003  PA:10001684
22750911ns          401311 1c009b5c 08c12503 lw               x10, 140(x2)        x10=xxxxxxxx  x2:100015f8
22750951ns          401313 1c009b5e 11057853 fmul.s           f16, f10, f16       f16=xxxxxxxx f10:c44036c7 f16:355f24b7
22751150ns          401323 1c009b62 09012623 sw               x16, 140(x2)        x16:ba278b48  x2:100015f8  PA:10001684
22751170ns          401324 1c009b64 00c00533 add              x10, x0, x12        x10=c91325cc x12:c91325cc
22751189ns          401325 1c009b66 87fff06f jal              x0, -1922          
22751269ns          401329 1c0093e4 08a12223 sw               x10, 132(x2)        x10:c91325cc  x2:100015f8  PA:1000167c
22751309ns          401331 1c0093e6 4cbcd763 bge              x25, x11, 1230      x25:00000001 x11:00000001
22751468ns          401339 1c0098b4 01c12383 lw               x7, 28(x2)           x7=00000001  x2:100015f8  PA:10001614
22751508ns          401341 1c0098b6 b593d1e3 bge              x7, x25, -1214       x7:00000001 x25:00000001
22751627ns          401347 1c0093f8 08812b83 lw               x23, 136(x2)        x23=3d393c7a  x2:100015f8  PA:10001680
22751667ns          401349 1c0093fa 1179fb53 fmul.s           f22, f19, f23       f22=xxxxxxxx f19:3fff7a37 f23:3d393c7a
22751707ns          401351 1c0093fe 4c38bd63 p.bneimm         x17, 1242           x17:00000003
22751746ns          401353 1c009402 01468313 addi             x6, x13, 20          x6=100016f0 x13:100016dc
22751766ns          401354 1c009406 406a08b3 sub              x17, x20, x6        x17=00000064 x20:10001754  x6:100016f0
22751786ns          401355 1c00940a 08c12d03 lw               x26, 140(x2)        x26=ba278b48  x2:100015f8  PA:10001684
22751806ns          401356 1c00940c fec88893 addi             x17, x17, -20       x17=00000050 x17:00000064
22751846ns          401358 1c00940e 0cccd637 lui              x12, 0xcccd000      x12=0cccd000
22751886ns          401360 1c009412 0028d893 srli             x17, x17, 0x2       x17=00000014 x17:00000050
22751906ns          401361 1c009416 ccd60613 addi             x12, x12, -819      x12=0ccccccd x12:0cccd000
22751925ns          401362 1c00941a 02c888b3 mul              x17, x17, x12       x17=00000004 x17:00000014 x12:0ccccccd
22751985ns          401365 1c00941e 113d7ad3 fmul.s           f21, f26, f19       f21=xxxxxxxx f26:ba278b48 f19:3fff7a37
22752005ns          401366 1c009422 01868693 addi             x13, x13, 24        x13=100016f4 x13:100016dc
22752025ns          401367 1c009424 c3e8b8b3 p.bclr           x17, x17, 1, 30     x17=00000004 x17:00000004
22752045ns          401368 1c009428 02d12423 sw               x13, 40(x2)         x13:100016f4  x2:100015f8  PA:10001620
22752065ns          401369 1c00942a 00d00533 add              x10, x0, x13        x10=100016f4 x13:100016f4
22752085ns          401370 1c00942c 00188893 addi             x17, x17, 1         x17=00000005 x17:00000004
22752124ns          401372 1c00942e 0168c0fb lp.setup         0x1, x17, 0x16      x17:00000005
22752144ns          401373 1c009432 00052603 lw               x12, 0(x10)         x12=42994b3e x10:100016f4  PA:100016f4
22752164ns          401374 1c009434 00032803 lw               x16, 0(x6)          x16=44aa65c6  x6:100016f0  PA:100016f0
22752184ns          401375 1c009438 00452e03 lw               x28, 4(x10)         x28=00000000 x10:100016f4  PA:100016f8
22752204ns          401376 1c00943c 817676c3 fmadd.s          f13, f12, f23, f16  f13=xxxxxxxx f12:42994b3e f23:3d393c7a f16:44aa65c6
22752264ns          401379 1c009440 01450513 addi             x10, x10, 20        x10=10001708 x10:100016f4
22752303ns          401381 1c009442 69cd76c3 fmadd.s          f13, f26, f28, f13  f13=xxxxxxxx f26:ba278b48 f28:00000000 f13:44aad4b2
22752323ns          401382 1c009446 8136f84b fnmsub.s         f16, f13, f19, f16  f16=xxxxxxxx f13:44aad4b2 f19:3fff7a37 f16:44aa65c6
22752343ns          401383 1c00944a 6166f64b fnmsub.s         f12, f13, f22, f12  f12=xxxxxxxx f13:44aad4b2 f22:3db8dbac f12:42994b3e
22752403ns          401386 1c00944e e0daf6cb fnmsub.s         f13, f21, f13, f28  f13=xxxxxxxx f21:baa733b9 f13:44aad4b2 f28:00000000
22752443ns          401388 1c009452 01032a2b p.sw             x16, 20(x6!)         x6=10001704 x16:c4aa9111  x6:100016f0  PA:100016f0
22752463ns          401389 1c009456 fec52623 sw               x12, -20(x10)       x12:c23ad75f x10:10001708  PA:100016f4
22752482ns          401390 1c00945a fed52823 sw               x13, -16(x10)       x13:3fdf2688 x10:10001708  PA:100016f8
22752502ns          401391 1c009432 00052603 lw               x12, 0(x10)         x12=44039afa x10:10001708  PA:10001708
22752522ns          401392 1c009434 00032803 lw               x16, 0(x6)          x16=42994b54  x6:10001704  PA:10001704
22752542ns          401393 1c009438 00452e03 lw               x28, 4(x10)         x28=c12ebc3e x10:10001708  PA:1000170c
22752562ns          401394 1c00943c 817676c3 fmadd.s          f13, f12, f23, f16  f13=xxxxxxxx f12:44039afa f23:3d393c7a f16:42994b54
22752582ns          401395 1c009440 01450513 addi             x10, x10, 20        x10=1000171c x10:10001708
22752602ns          401396 1c009442 69cd76c3 fmadd.s          f13, f26, f28, f13  f13=xxxxxxxx f26:ba278b48 f28:c12ebc3e f13:42c8e85f
22752622ns          401397 1c009446 8136f84b fnmsub.s         f16, f13, f19, f16  f16=xxxxxxxx f13:42c8ebf2 f19:3fff7a37 f16:42994b54
22752642ns          401398 1c00944a 6166f64b fnmsub.s         f12, f13, f22, f12  f12=xxxxxxxx f13:42c8ebf2 f22:3db8dbac f12:44039afa
22752661ns          401399 1c00944e e0daf6cb fnmsub.s         f13, f21, f13, f28  f13=xxxxxxxx f21:baa733b9 f13:42c8ebf2 f28:c12ebc3e
22752681ns          401400 1c009452 01032a2b p.sw             x16, 20(x6!)         x6=10001718 x16:c2f7ba8f  x6:10001704  PA:10001704
22752701ns          401401 1c009456 fec52623 sw               x12, -20(x10)       x12:440156a2 x10:1000171c  PA:10001708
22752721ns          401402 1c00945a fed52823 sw               x13, -16(x10)       x13:c12caf54 x10:1000171c  PA:1000170c
22752741ns          401403 1c009432 00052603 lw               x12, 0(x10)         x12=c12ebc73 x10:1000171c  PA:1000171c
22752761ns          401404 1c009434 00032803 lw               x16, 0(x6)          x16=b744cf88  x6:10001718  PA:10001718
22752781ns          401405 1c009438 00452e03 lw               x28, 4(x10)         x28=440aacdb x10:1000171c  PA:10001720
22752801ns          401406 1c00943c 817676c3 fmadd.s          f13, f12, f23, f16  f13=xxxxxxxx f12:c12ebc73 f23:3d393c7a f16:b744cf88
22752821ns          401407 1c009440 01450513 addi             x10, x10, 20        x10=10001730 x10:1000171c
22752840ns          401408 1c009442 69cd76c3 fmadd.s          f13, f26, f28, f13  f13=xxxxxxxx f26:ba278b48 f28:440aacdb f13:befce077
22752860ns          401409 1c009446 8136f84b fnmsub.s         f16, f13, f19, f16  f16=xxxxxxxx f13:bf593271 f19:3fff7a37 f16:b744cf88
22752880ns          401410 1c00944a 6166f64b fnmsub.s         f12, f13, f22, f12  f12=xxxxxxxx f13:bf593271 f22:3db8dbac f12:c12ebc73
22752900ns          401411 1c00944e e0daf6cb fnmsub.s         f13, f21, f13, f28  f13=xxxxxxxx f21:baa733b9 f13:bf593271 f28:440aacdb
22752920ns          401412 1c009452 01032a2b p.sw             x16, 20(x6!)         x6=1000172c x16:3fd8c08d  x6:10001718  PA:10001718
22752940ns          401413 1c009456 fec52623 sw               x12, -20(x10)       x12:c12d82c6 x10:10001730  PA:1000171c
22752960ns          401414 1c00945a fed52823 sw               x13, -16(x10)       x13:440aacc9 x10:10001730  PA:10001720
22752980ns          401415 1c009432 00052603 lw               x12, 0(x10)         x12=b8ed718b x10:10001730  PA:10001730
22753000ns          401416 1c009434 00032803 lw               x16, 0(x6)          x16=388c2def  x6:1000172c  PA:1000172c
22753019ns          401417 1c009438 00452e03 lw               x28, 4(x10)         x28=b890f691 x10:10001730  PA:10001734
22753039ns          401418 1c00943c 817676c3 fmadd.s          f13, f12, f23, f16  f13=xxxxxxxx f12:b8ed718b f23:3d393c7a f16:388c2def
22753059ns          401419 1c009440 01450513 addi             x10, x10, 20        x10=10001744 x10:10001730
22753079ns          401420 1c009442 69cd76c3 fmadd.s          f13, f26, f28, f13  f13=xxxxxxxx f26:ba278b48 f28:b890f691 f13:388170fd
22753099ns          401421 1c009446 8136f84b fnmsub.s         f16, f13, f19, f16  f16=xxxxxxxx f13:388188b5 f19:3fff7a37 f16:388c2def
22753119ns          401422 1c00944a 6166f64b fnmsub.s         f12, f13, f22, f12  f12=xxxxxxxx f13:388188b5 f22:3db8dbac f12:b8ed718b
22753139ns          401423 1c00944e e0daf6cb fnmsub.s         f13, f21, f13, f28  f13=xxxxxxxx f21:baa733b9 f13:388188b5 f28:b890f691
22753159ns          401424 1c009452 01032a2b p.sw             x16, 20(x6!)         x6=10001740 x16:b86cb82f  x6:1000172c  PA:1000172c
22753179ns          401425 1c009456 fec52623 sw               x12, -20(x10)       x12:b8f922b8 x10:10001744  PA:10001730
22753198ns          401426 1c00945a fed52823 sw               x13, -16(x10)       x13:b890cc44 x10:10001744  PA:10001734
22753218ns          401427 1c009432 00052603 lw               x12, 0(x10)         x12=380f4bc4 x10:10001744  PA:10001744
22753238ns          401428 1c009434 00032803 lw               x16, 0(x6)          x16=b7031b82  x6:10001740  PA:10001740
22753258ns          401429 1c009438 00452e03 lw               x28, 4(x10)         x28=37778a31 x10:10001744  PA:10001748
22753278ns          401430 1c00943c 817676c3 fmadd.s          f13, f12, f23, f16  f13=xxxxxxxx f12:380f4bc4 f23:3d393c7a f16:b7031b82
22753298ns          401431 1c009440 01450513 addi             x10, x10, 20        x10=10001758 x10:10001744
22753318ns          401432 1c009442 69cd76c3 fmadd.s          f13, f26, f28, f13  f13=xxxxxxxx f26:ba278b48 f28:37778a31 f13:b6d25f37
22753338ns          401433 1c009446 8136f84b fnmsub.s         f16, f13, f19, f16  f16=xxxxxxxx f13:b6d2b038 f19:3fff7a37 f16:b7031b82
22753358ns          401434 1c00944a 6166f64b fnmsub.s         f12, f13, f22, f12  f12=xxxxxxxx f13:b6d2b038 f22:3db8dbac f12:380f4bc4
22753377ns          401435 1c00944e e0daf6cb fnmsub.s         f13, f21, f13, f28  f13=xxxxxxxx f21:baa733b9 f13:b6d2b038 f28:37778a31
22753397ns          401436 1c009452 01032a2b p.sw             x16, 20(x6!)         x6=10001754 x16:369e4d36  x6:10001740  PA:10001740
22753417ns          401437 1c009456 fec52623 sw               x12, -20(x10)       x12:3811ac52 x10:10001758  PA:10001744
22753437ns          401438 1c00945a fed52823 sw               x13, -16(x10)       x13:377767ca x10:10001758  PA:10001748
22753497ns          401441 1c00945e 00158513 addi             x10, x11, 1         x10=00000002 x11:00000001
22753517ns          401442 1c009462 02a12023 sw               x10, 32(x2)         x10:00000002  x2:100015f8  PA:10001618
22753537ns          401443 1c009464 73b55263 bge              x10, x27, 1828      x10:00000002 x27:00000002
22753636ns          401448 1c009b88 ffbc0913 addi             x18, x24, -5        x18=00000000 x24:00000005
22753676ns          401450 1c009b8c 005c0613 addi             x12, x24, 5         x12=0000000a x24:00000005
22753736ns          401453 1c009b90 be0dcce3 blt              x27, x0, -1032      x27:00000002
22753775ns          401455 1c009b94 01b005b3 add              x11, x0, x27        x11=00000002 x27:00000002
22753795ns          401456 1c009b96 00000693 addi             x13, x0, 0          x13=00000000
22753815ns          401457 1c009b98 9b5ff06f jal              x0, -1612          
22753895ns          401461 1c00954c 01812803 lw               x16, 24(x2)         x16=100016f0  x2:100015f8  PA:10001610
22753974ns          401465 1c00954e 00d90333 add              x6, x18, x13         x6=00000000 x18:00000000 x13:00000000
22754014ns          401467 1c009552 00dc08b3 add              x17, x24, x13       x17=00000005 x24:00000005 x13:00000000
22754034ns          401468 1c009556 00231313 slli             x6, x6, 0x2          x6=00000000  x6:00000000
22754054ns          401469 1c009558 00289893 slli             x17, x17, 0x2       x17=00000014 x17:00000005
22754074ns          401470 1c00955a 01030333 add              x6, x6, x16          x6=100016f0  x6:00000000 x16:100016f0
22754094ns          401471 1c00955c 010888b3 add              x17, x17, x16       x17=10001704 x17:00000014 x16:100016f0
22754113ns          401472 1c00955e 00032e83 lw               x29, 0(x6)          x29=c4aa9111  x6:100016f0  PA:100016f0
22754153ns          401474 1c009562 0008a803 lw               x16, 0(x17)         x16=c2f7ba8f x17:10001704  PA:10001704
22754173ns          401475 1c009566 00d60e33 add              x28, x12, x13       x28=0000000a x12:0000000a x13:00000000
22754193ns          401476 1c00956a 01812283 lw               x5, 24(x2)           x5=100016f0  x2:100015f8  PA:10001610
22754213ns          401477 1c00956c 002e1e13 slli             x28, x28, 0x2       x28=00000028 x28:0000000a
22754233ns          401478 1c00956e 005e0e33 add              x28, x28, x5        x28=10001718 x28:00000028  x5:100016f0
22754253ns          401479 1c009570 e90bf843 fmadd.s          f16, f23, f16, f29  f16=xxxxxxxx f23:3d393c7a f16:c2f7ba8f f29:c4aa9111
22754292ns          401481 1c009574 000e2f03 lw               x30, 0(x28)         x30=3fd8c08d x28:10001718  PA:10001718
22754312ns          401482 1c009578 00168513 addi             x10, x13, 1         x10=00000001 x13:00000000
22754332ns          401483 1c00957c 81ed7843 fmadd.s          f16, f26, f30, f16  f16=xxxxxxxx f26:ba278b48 f30:3fd8c08d f16:c4ab4451
22754392ns          401486 1c009580 e909fecb fnmsub.s         f29, f19, f16, f29  f29=xxxxxxxx f19:3fff7a37 f16:c4ab445a f29:c4aa9111
22754432ns          401488 1c009584 01d32023 sw               x29, 0(x6)          x29:44ab44a1  x6:100016f0  PA:100016f0
22754452ns          401489 1c009588 0008a303 lw               x6, 0(x17)           x6=c2f7ba8f x17:10001704  PA:10001704
22754491ns          401491 1c00958c 310b734b fnmsub.s         f6, f22, f16, f6     f6=xxxxxxxx f22:3db8dbac f16:c4ab445a  f6:c2f7ba8f
22754531ns          401493 1c009590 0068a023 sw               x6, 0(x17)           x6:be44c114 x17:10001704  PA:10001704
22754571ns          401495 1c009594 000e2f03 lw               x30, 0(x28)         x30=3fd8c08d x28:10001718  PA:10001718
22754611ns          401497 1c009598 f10af84b fnmsub.s         f16, f21, f16, f30  f16=xxxxxxxx f21:baa733b9 f16:c4ab445a f30:3fd8c08d
22754631ns          401498 1c00959c 010e2023 sw               x16, 0(x28)         x16:bd5efaa6 x28:10001718  PA:10001718
22754670ns          401500 1c0095a0 1ea5c463 blt              x11, x10, 488       x11:00000002 x10:00000001
22754710ns          401502 1c0095a4 01250e33 add              x28, x10, x18       x28=00000001 x10:00000001 x18:00000000
22754730ns          401503 1c0095a8 01850333 add              x6, x10, x24         x6=00000006 x10:00000001 x24:00000005
22754750ns          401504 1c0095ac 002e1e13 slli             x28, x28, 0x2       x28=00000004 x28:00000001
22754770ns          401505 1c0095ae 00231313 slli             x6, x6, 0x2          x6=00000018  x6:00000006
22754810ns          401507 1c0095b0 00530333 add              x6, x6, x5           x6=10001708  x6:00000018  x5:100016f0
22754830ns          401508 1c0095b2 005e0e33 add              x28, x28, x5        x28=100016f4 x28:00000004  x5:100016f0
22754849ns          401509 1c0095b4 000e2e83 lw               x29, 0(x28)         x29=c23ad75f x28:100016f4  PA:100016f4
22754869ns          401510 1c0095b8 00032883 lw               x17, 0(x6)          x17=440156a2  x6:10001708  PA:10001708
22754889ns          401511 1c0095bc 00c50533 add              x10, x10, x12       x10=0000000b x10:00000001 x12:0000000a
22754909ns          401512 1c0095be 00251513 slli             x10, x10, 0x2       x10=0000002c x10:0000000b
22754949ns          401514 1c0095c0 00550533 add              x10, x10, x5        x10=1000171c x10:0000002c  x5:100016f0
22754989ns          401516 1c0095c2 e91bf8c3 fmadd.s          f17, f23, f17, f29  f17=xxxxxxxx f23:3d393c7a f17:440156a2 f29:c23ad75f
22755009ns          401517 1c0095c6 00052f03 lw               x30, 0(x10)         x30=c12d82c6 x10:1000171c  PA:1000171c
22755028ns          401518 1c0095ca 00268813 addi             x16, x13, 2         x16=00000002 x13:00000000
22755088ns          401521 1c0095ce 89ed78c3 fmadd.s          f17, f26, f30, f17  f17=xxxxxxxx f26:ba278b48 f30:c12d82c6 f17:c1ba826c
22755128ns          401523 1c0095d2 e919fecb fnmsub.s         f29, f19, f17, f29  f29=xxxxxxxx f19:3fff7a37 f17:c1ba743a f29:c23ad75f
22755148ns          401524 1c0095d6 01de2023 sw               x29, 0(x28)         x29:be4495c7 x28:100016f4  PA:100016f4
22755168ns          401525 1c0095da 00032e03 lw               x28, 0(x6)          x28=440156a2  x6:10001708  PA:10001708
22755227ns          401528 1c0095de e11b7e4b fnmsub.s         f28, f22, f17, f28  f28=xxxxxxxx f22:3db8dbac f17:c1ba743a f28:440156a2
22755267ns          401530 1c0095e2 01c32023 sw               x28, 0(x6)          x28:4401dd46  x6:10001708  PA:10001708
22755287ns          401531 1c0095e6 00052f03 lw               x30, 0(x10)         x30=c12d82c6 x10:1000171c  PA:1000171c
22755327ns          401533 1c0095ea f11af8cb fnmsub.s         f17, f21, f17, f30  f17=xxxxxxxx f21:baa733b9 f17:c1ba743a f30:c12d82c6
22755367ns          401535 1c0095ee 01152023 sw               x17, 0(x10)         x17:c12dfc8d x10:1000171c  PA:1000171c
22755406ns          401537 1c0095f2 1905cb63 blt              x11, x16, 406       x11:00000002 x16:00000002
22755426ns          401538 1c0095f6 01280e33 add              x28, x16, x18       x28=00000002 x16:00000002 x18:00000000
22755446ns          401539 1c0095fa 01880333 add              x6, x16, x24         x6=00000007 x16:00000002 x24:00000005
22755466ns          401540 1c0095fe 002e1e13 slli             x28, x28, 0x2       x28=00000008 x28:00000002
22755506ns          401542 1c009600 00231313 slli             x6, x6, 0x2          x6=0000001c  x6:00000007
22755526ns          401543 1c009602 00530333 add              x6, x6, x5           x6=1000170c  x6:0000001c  x5:100016f0
22755546ns          401544 1c009604 005e0e33 add              x28, x28, x5        x28=100016f8 x28:00000008  x5:100016f0
22755565ns          401545 1c009606 000e2e83 lw               x29, 0(x28)         x29=3fdf2688 x28:100016f8  PA:100016f8
22755585ns          401546 1c00960a 00032883 lw               x17, 0(x6)          x17=c12caf54  x6:1000170c  PA:1000170c
22755645ns          401549 1c00960e 00c80533 add              x10, x16, x12       x10=0000000c x16:00000002 x12:0000000a
22755665ns          401550 1c009612 00251513 slli             x10, x10, 0x2       x10=00000030 x10:0000000c
22755685ns          401551 1c009614 00550533 add              x10, x10, x5        x10=10001720 x10:00000030  x5:100016f0
22755705ns          401552 1c009616 e91bf8c3 fmadd.s          f17, f23, f17, f29  f17=xxxxxxxx f23:3d393c7a f17:c12caf54 f29:3fdf2688
22755725ns          401553 1c00961a 00052f03 lw               x30, 0(x10)         x30=440aacc9 x10:10001720  PA:10001720
22755784ns          401556 1c00961e 00368813 addi             x16, x13, 3         x16=00000003 x13:00000000
22755824ns          401558 1c009622 89ed78c3 fmadd.s          f17, f26, f30, f17  f17=xxxxxxxx f26:ba278b48 f30:440aacc9 f17:3fa0acc8
22755844ns          401559 1c009626 e919fecb fnmsub.s         f29, f19, f17, f29  f29=xxxxxxxx f19:3fff7a37 f17:3f669766 f29:3fdf2688
22755864ns          401560 1c00962a 01de2023 sw               x29, 0(x28)         x29:bd5f0b89 x28:100016f8  PA:100016f8
22755923ns          401563 1c00962e 00032e03 lw               x28, 0(x6)          x28=c12caf54  x6:1000170c  PA:1000170c
22755963ns          401565 1c009632 e11b7e4b fnmsub.s         f28, f22, f17, f28  f28=xxxxxxxx f22:3db8dbac f17:3f669766 f28:c12caf54
22755983ns          401566 1c009636 01c32023 sw               x28, 0(x6)          x28:c12dfc59  x6:1000170c  PA:1000170c
22756003ns          401567 1c00963a 00052f03 lw               x30, 0(x10)         x30=440aacc9 x10:10001720  PA:10001720
22756063ns          401570 1c00963e f11af8cb fnmsub.s         f17, f21, f17, f30  f17=xxxxxxxx f21:baa733b9 f17:3f669766 f30:440aacc9
22756103ns          401572 1c009642 01152023 sw               x17, 0(x10)         x17:440aacdc x10:10001720  PA:10001720
22756122ns          401573 1c009646 1505c163 blt              x11, x16, 322       x11:00000002 x16:00000003
22756282ns          401581 1c009788 ff072383 lw               x7, -16(x14)         x7=befdd7ed x14:10001768  PA:10001758
22756321ns          401583 1c00978c 00472283 lw               x5, 4(x14)           x5=3db296b4 x14:10001768  PA:1000176c
22756381ns          401586 1c009790 fec72483 lw               x9, -20(x14)         x9=3e8be439 x14:10001768  PA:10001754
22756421ns          401588 1c009794 00072403 lw               x8, 0(x14)           x8=bf5e8fea x14:10001768  PA:10001768
22756441ns          401589 1c009796 ffc72c03 lw               x24, -4(x14)        x24=3f401f14 x14:10001768  PA:10001764
22756461ns          401590 1c00979a 01072883 lw               x17, 16(x14)        x17=3ec50287 x14:10001768  PA:10001778
22756520ns          401593 1c00979e ff472f03 lw               x30, -12(x14)       x30=bd9ddd3e x14:10001768  PA:1000175c
22756560ns          401595 1c0097a2 00872e83 lw               x29, 8(x14)         x29=be913499 x14:10001768  PA:10001770
22756580ns          401596 1c0097a6 3972f543 fmadd.s          f10, f5, f23, f7    f10=xxxxxxxx  f5:3db296b4 f23:3d393c7a  f7:befdd7ed
22756600ns          401597 1c0097aa 49747843 fmadd.s          f16, f8, f23, f9    f16=xxxxxxxx  f8:bf5e8fea f23:3d393c7a  f9:3e8be439
22756659ns          401600 1c0097ae c178f943 fmadd.s          f18, f17, f23, f24  f18=xxxxxxxx f17:3ec50287 f23:3d393c7a f24:3f401f14
22756699ns          401602 1c0097b2 01872c03 lw               x24, 24(x14)        x24=bd119c94 x14:10001768  PA:10001780
22756719ns          401603 1c0097b6 01472883 lw               x17, 20(x14)        x17=bd6323ba x14:10001768  PA:1000177c
22756739ns          401604 1c0097ba ff872e03 lw               x28, -8(x14)        x28=beaa1c73 x14:10001768  PA:10001760
22757177ns          401626 1c0097be 00c72303 lw               x6, 12(x14)          x6=3db81050 x14:10001768  PA:10001774
22757216ns          401628 1c0097c2 f17ef5c3 fmadd.s          f11, f29, f23, f30  f11=xxxxxxxx f29:be913499 f23:3d393c7a f30:bd9ddd3e
22757236ns          401629 1c0097c6 518d7543 fmadd.s          f10, f26, f24, f10  f10=xxxxxxxx f26:ba278b48 f24:bd119c94 f10:befbd309
22757256ns          401630 1c0097ca 01c72c03 lw               x24, 28(x14)        x24=bf153b2f x14:10001768  PA:10001784
22757316ns          401633 1c0097ce 811d7843 fmadd.s          f16, f26, f17, f16  f16=xxxxxxxx f26:ba278b48 f17:bd6323ba f16:3e6f85cd
22757356ns          401635 1c0097d2 e17376c3 fmadd.s          f13, f6, f23, f28   f13=xxxxxxxx  f6:3db81050 f23:3d393c7a f28:beaa1c73
22757376ns          401636 1c0097d6 598d75c3 fmadd.s          f11, f26, f24, f11  f11=xxxxxxxx f26:ba278b48 f24:bf153b2f f11:bdb82192
22757395ns          401637 1c0097da 02072c03 lw               x24, 32(x14)        x24=bf371aa2 x14:10001768  PA:10001788
22757455ns          401640 1c0097de 4909f4cb fnmsub.s         f9, f19, f16, f9     f9=xxxxxxxx f19:3fff7a37 f16:3e6f8f17  f9:3e8be439
22757495ns          401642 1c0097e2 698d76c3 fmadd.s          f13, f26, f24, f13  f13=xxxxxxxx f26:ba278b48 f24:bf371aa2 f13:bea807b6
22757515ns          401643 1c0097e6 4168744b fnmsub.s         f8, f16, f22, f8     f8=xxxxxxxx f16:3e6f8f17 f22:3db8dbac  f8:bf5e8fea
22757535ns          401644 1c0097ea 02472c03 lw               x24, 36(x14)        x24=bec27849 x14:10001768  PA:1000178c
22757594ns          401647 1c0097ee 890af84b fnmsub.s         f16, f21, f16, f17  f16=xxxxxxxx f21:baa733b9 f16:3e6f8f17 f17:bd6323ba
22757634ns          401649 1c0097f2 01872883 lw               x17, 24(x14)        x17=bd119c94 x14:10001768  PA:10001780
22757654ns          401650 1c0097f6 918d7943 fmadd.s          f18, f26, f24, f18  f18=xxxxxxxx f26:ba278b48 f24:bec27849 f18:3f44937f
22757674ns          401651 1c0097fa 38a9f3cb fnmsub.s         f7, f19, f10, f7     f7=xxxxxxxx f19:3fff7a37 f10:befbd00f  f7:befdd7ed
22757734ns          401654 1c0097fe 01c72c03 lw               x24, 28(x14)        x24=bf153b2f x14:10001768  PA:10001784
22757773ns          401656 1c009802 296572cb fnmsub.s         f5, f10, f22, f5     f5=xxxxxxxx f10:befbd00f f22:3db8dbac  f5:3db296b4
22757793ns          401657 1c009806 88aaf54b fnmsub.s         f10, f21, f10, f17  f10=xxxxxxxx f21:baa733b9 f10:befbd00f f17:bd119c94
22757813ns          401658 1c00980a 02072883 lw               x17, 32(x14)        x17=bf371aa2 x14:10001768  PA:10001788
22757873ns          401661 1c00980e f0b9ff4b fnmsub.s         f30, f19, f11, f30  f30=xxxxxxxx f19:3fff7a37 f11:bdb75e3c f30:bd9ddd3e
22757913ns          401663 1c009812 e965fecb fnmsub.s         f29, f11, f22, f29  f29=xxxxxxxx f11:bdb75e3c f22:3db8dbac f29:be913499
22757932ns          401664 1c009816 e0d9fe4b fnmsub.s         f28, f19, f13, f28  f28=xxxxxxxx f19:3fff7a37 f13:bea7cbcb f28:beaa1c73
22757952ns          401665 1c00981a c0baf5cb fnmsub.s         f11, f21, f11, f24  f11=xxxxxxxx f21:baa733b9 f11:bdb75e3c f24:bf153b2f
22758012ns          401668 1c00981e 3166f34b fnmsub.s         f6, f13, f22, f6     f6=xxxxxxxx f13:bea7cbcb f22:3db8dbac  f6:3db81050
22758052ns          401670 1c009822 ffc72c03 lw               x24, -4(x14)        x24=3f401f14 x14:10001768  PA:10001764
22758072ns          401671 1c009826 88daf6cb fnmsub.s         f13, f21, f13, f17  f13=xxxxxxxx f21:baa733b9 f13:bea7cbcb f17:bf371aa2
22758092ns          401672 1c00982a c129fc4b fnmsub.s         f24, f19, f18, f24  f24=xxxxxxxx f19:3fff7a37 f18:3f44a368 f24:3f401f14
22758111ns          401673 1c00982e 00b72e23 sw               x11, 28(x14)        x11:bf1542ab x14:10001768  PA:10001784
22758151ns          401675 1c009830 02d72023 sw               x13, 32(x14)        x13:bf373608 x14:10001768  PA:10001788
22758171ns          401676 1c009832 01072683 lw               x13, 16(x14)        x13=3ec50287 x14:10001768  PA:10001778
22758191ns          401677 1c009834 ff872e23 sw               x24, -4(x14)        x24:bf485a35 x14:10001768  PA:10001764
22758211ns          401678 1c009838 69697c4b fnmsub.s         f24, f18, f22, f13  f24=xxxxxxxx f18:3f44a368 f22:3db8dbac f13:3ec50287
22758231ns          401679 1c00983c 02472683 lw               x13, 36(x14)        x13=bec27849 x14:10001768  PA:1000178c
22758290ns          401682 1c00983e fe972623 sw               x9, -20(x14)         x9:be465b59 x14:10001768  PA:10001754
22758330ns          401684 1c009842 692af8cb fnmsub.s         f17, f21, f18, f13  f17=xxxxxxxx f21:baa733b9 f18:3f44a368 f13:bec27849
22758350ns          401685 1c009846 00872023 sw               x8, 0(x14)           x8:bf63f7cd x14:10001768  PA:10001768
22758370ns          401686 1c009848 01072a23 sw               x16, 20(x14)        x16:bd61eacd x14:10001768  PA:1000177c
22758390ns          401687 1c00984c fe772823 sw               x7, -16(x14)         x7:3ef8c0ff x14:10001768  PA:10001758
22758430ns          401689 1c009850 00572223 sw               x5, 4(x14)           x5:3e06c0c2 x14:10001768  PA:1000176c
22758470ns          401691 1c009854 00a72c23 sw               x10, 24(x14)        x10:bd142e72 x14:10001768  PA:10001780
22758489ns          401692 1c009856 ffe72a23 sw               x30, -12(x14)       x30:3dd01f92 x14:10001768  PA:1000175c
22758509ns          401693 1c00985a 01d72423 sw               x29, 8(x14)         x29:be8d1150 x14:10001768  PA:10001770
22758569ns          401696 1c00985e ffc72c23 sw               x28, -8(x14)        x28:3ea4cbc2 x14:10001768  PA:10001760
22758589ns          401697 1c009862 02012583 lw               x11, 32(x2)         x11=00000002  x2:100015f8  PA:10001618
22758609ns          401698 1c009864 00672623 sw               x6, 12(x14)          x6:3df4a58b x14:10001768  PA:10001774
22758629ns          401699 1c009868 01872823 sw               x24, 16(x14)        x24:3ea182fb x14:10001768  PA:10001778
22758649ns          401700 1c00986c 03172223 sw               x17, 36(x14)        x17:bec1f7db x14:10001768  PA:1000178c
22758708ns          401703 1c009870 01470713 addi             x14, x14, 20        x14=1000177c x14:10001768
22758728ns          401704 1c009872 01478793 addi             x15, x15, 20        x15=10001718 x15:10001704
22758748ns          401705 1c009874 004a0a13 addi             x20, x20, 4         x20=10001758 x20:10001754
22758768ns          401706 1c009876 02812683 lw               x13, 40(x2)         x13=100016f4  x2:100015f8  PA:10001620
22758788ns          401707 1c009878 00c00c33 add              x24, x0, x12        x24=0000000a x12:0000000a
22758808ns          401708 1c00987a 014f8f93 addi             x31, x31, 20        x31=10001704 x31:100016f0
22758828ns          401709 1c00987c 90bdd8e3 bge              x27, x11, -1776     x27:00000002 x11:00000002
22758927ns          401714 1c00918c 0bb587e3 beq              x11, x27, 2222      x11:00000002 x27:00000002
22759126ns          401724 1c009a3a 0cbccf63 blt              x25, x11, 222       x25:00000001 x11:00000002
22759265ns          401731 1c009b18 0046a603 lw               x12, 4(x13)         x12=bd5f0b89 x13:100016f4  PA:100016f8
22759305ns          401733 1c009b1a 00000813 addi             x16, x0, 0          x16=00000000
22759325ns          401734 1c009b1e 0006a503 lw               x10, 0(x13)         x10=be4495c7 x13:100016f4  PA:100016f4
22759365ns          401736 1c009b20 a1061853 flt.s            x16, f12, f16       x16=00000001 f12:bd5f0b89 f16:00000000
22759404ns          401738 1c009b24 08a12223 sw               x10, 132(x2)        x10:be4495c7  x2:100015f8  PA:1000167c
22759424ns          401739 1c009b26 08c12423 sw               x12, 136(x2)        x12:bd5f0b89  x2:100015f8  PA:10001680
22759444ns          401740 1c009b28 f20803e3 beq              x16, x0, -218       x16:00000001
22759464ns          401741 1c009b2c 20c61653 fsgnjn.s         f12, f12, f12       f12=xxxxxxxx f12:bd5f0b89 f12:bd5f0b89
22759484ns          401742 1c009b30 00200893 addi             x17, x0, 2          x17=00000002
22759504ns          401743 1c009b32 00100e93 addi             x29, x0, 1          x29=00000001
22759524ns          401744 1c009b34 ed2ff06f jal              x0, -2350          
22759703ns          401753 1c009206 00000813 addi             x16, x0, 0          x16=00000000
22759723ns          401754 1c00920a a1062353 feq.s            x6, f12, f16         x6=00000000 f12:3d5f0b89 f16:00000000
22759782ns          401757 1c00920e 040318e3 bne              x6, x0, 2128         x6:00000000
22759822ns          401759 1c009212 a1051853 flt.s            x16, f10, f16       x16=00000001 f10:be4495c7 f16:00000000
22759842ns          401760 1c009216 180812e3 bne              x16, x0, 2436       x16:00000001
22760041ns          401770 1c009b9a 20a51853 fsgnjn.s         f16, f10, f10       f16=xxxxxxxx f10:be4495c7 f10:be4495c7
22760101ns          401773 1c009b9e e7eff06f jal              x0, -2434          
22760140ns          401775 1c00921c 00000313 addi             x6, x0, 0            x6=00000000
22760160ns          401776 1c009220 a0661353 flt.s            x6, f12, f6          x6=00000000 f12:3d5f0b89  f6:00000000
22760180ns          401777 1c009224 00030463 beq              x6, x0, 8            x6:00000000
22760240ns          401780 1c00922c a0c81353 flt.s            x6, f16, f12         x6=00000000 f16:3e4495c7 f12:3d5f0b89
22760299ns          401783 1c009230 12031ce3 bne              x6, x0, 2360         x6:00000000
22760339ns          401785 1c009234 a1061353 flt.s            x6, f12, f16         x6=00000001 f12:3d5f0b89 f16:3e4495c7
22760359ns          401786 1c009238 18031fe3 bne              x6, x0, 2462         x6:00000001
22760558ns          401796 1c009bd6 1c000337 lui              x6, 0x1c000000       x6=1c000000
22760578ns          401797 1c009bda 04c30313 addi             x6, x6, 76           x6=1c00004c  x6:1c000000
22760638ns          401800 1c009bde 00032303 lw               x6, 0(x6)            x6=3f800000  x6:1c00004c  PA:1c00004c
22760996ns          401818 1c009be2 19067653 fdiv.s           f12, f12, f16       f12=xxxxxxxx f12:3d5f0b89 f16:3e4495c7
22761374ns          401837 1c009be6 30c67643 fmadd.s          f12, f12, f12, f6   f12=xxxxxxxx f12:3e913a83 f12:3e913a83  f6:3f800000
22761393ns          401838 1c009bea 58067653 fsqrt.s          f12, f12            f12=xxxxxxxx f12:3f8a4c6b
22762209ns          401879 1c009bee 10c87653 fmul.s           f12, f16, f12       f12=xxxxxxxx f16:3e4495c7 f12:3f850cb6
22762229ns          401880 1c009bf2 e62ff06f jal              x0, -2462          
22762308ns          401884 1c009254 00000813 addi             x16, x0, 0          x16=00000000
22762348ns          401886 1c009258 a0a80853 fle.s            x16, f16, f10       x16=00000000 f16:00000000 f10:be4495c7
22762368ns          401887 1c00925c 00080463 beq              x16, x0, 8          x16:00000000
22762428ns          401890 1c009264 00000813 addi             x16, x0, 0          x16=00000000
22762448ns          401891 1c009268 a1061853 flt.s            x16, f12, f16       x16=00000000 f12:3e4c5726 f16:00000000
22762468ns          401892 1c00926c 12081be3 bne              x16, x0, 2358       x16:00000000
22762487ns          401893 1c009270 00c00833 add              x16, x0, x12        x16=3e4c5726 x12:3e4c5726
22762507ns          401894 1c009272 1c0004b7 lui              x9, 0x1c000000       x9=1c000000
22762527ns          401895 1c009276 03048493 addi             x9, x9, 48           x9=1c000030  x9:1c000000
22762547ns          401896 1c00927a 0004a483 lw               x9, 0(x9)            x9=0c000000  x9:1c000030  PA:1c000030
22762865ns          401912 1c00927c a0981853 flt.s            x16, f16, f9        x16=00000000 f16:3e4c5726  f9:0c000000
22762885ns          401913 1c009280 0a080ce3 beq              x16, x0, 2232       x16:00000000
22762945ns          401916 1c009b38 1c000337 lui              x6, 0x1c000000       x6=1c000000
22762965ns          401917 1c009b3c 04c32803 lw               x16, 76(x6)         x16=3f800000  x6:1c000000  PA:1c00004c
22763263ns          401932 1c009b40 08c57353 fsub.s           f6, f10, f12         f6=xxxxxxxx f10:be4495c7 f12:3e4c5726
22763283ns          401933 1c009b44 18687853 fdiv.s           f16, f16, f6        f16=xxxxxxxx f16:3f800000  f6:bec87676  PA:10001680
22763323ns          401935 1c009b48 08812303 lw               x6, 136(x2)          x6=xxxxxxxx  x2:100015f8
22763343ns          401936 1c009b4a 08a679d3 fsub.s           f19, f12, f10       f19=xxxxxxxx f12:3e4c5726 f10:be4495c7
22763601ns          401949 1c009b4e 11037353 fmul.s           f6, f6, f16          f6=xxxxxxxx  f6:bd5f0b89 f16:c0237638
22763621ns          401950 1c009b52 18c9f9d3 fdiv.s           f19, f19, f12       f19=xxxxxxxx f19:3ec87676 f12:3e4c5726  PA:10001680
22763880ns          401963 1c009b56 08612423 sw               x6, 136(x2)          x6:3e0e6b58  x2:100015f8
22763900ns          401964 1c009b58 0038b663 p.bneimm         x17, 12             x17:00000002
22763959ns          401967 1c009b64 00c00533 add              x10, x0, x12        x10=xxxxxxxx x12:3e4c5726
22763979ns          401968 1c009b66 87fff06f jal              x0, -1922            PA:1000167c
22764059ns          401972 1c0093e4 08a12223 sw               x10, 132(x2)        x10:3e4c5726  x2:100015f8
22764099ns          401974 1c0093e6 4cbcd763 bge              x25, x11, 1230      x25:00000001 x11:00000002  PA:100016f4
22764118ns          401975 1c0093ea 00a6a023 sw               x10, 0(x13)         x10:3e4c5726 x13:100016f4  PA:100016f8
22764138ns          401976 1c0093ec 0006a223 sw               x0, 4(x13)          x13:100016f4
22764178ns          401978 1c0093f0 01b5d463 bge              x11, x27, 8         x11:00000002 x27:00000002  PA:10001680
22764238ns          401981 1c0093f8 08812b83 lw               x23, 136(x2)        x23=xxxxxxxx  x2:100015f8
22764278ns          401983 1c0093fa 1179fb53 fmul.s           f22, f19, f23       f22=xxxxxxxx f19:3ffb245a f23:3e0e6b58
22764337ns          401986 1c0093fe 4c38bd63 p.bneimm         x17, 1242           x17:00000002
22764815ns          402010 1c0098d8 01468893 addi             x17, x13, 20        x17=10001708 x13:100016f4
22764854ns          402012 1c0098dc 411a0833 sub              x16, x20, x17       x16=00000050 x20:10001758 x17:10001708
22764914ns          402015 1c0098e0 fec80813 addi             x16, x16, -20       x16=0000003c x16:00000050
22764954ns          402017 1c0098e2 0cccd637 lui              x12, 0xcccd000      x12=0cccd000
22764974ns          402018 1c0098e6 00285813 srli             x16, x16, 0x2       x16=0000000f x16:0000003c
22764994ns          402019 1c0098ea ccd60613 addi             x12, x12, -819      x12=0ccccccd x12:0cccd000
22765053ns          402022 1c0098ee 02c80833 mul              x16, x16, x12       x16=c0000003 x16:0000000f x12:0ccccccd
22765073ns          402023 1c0098f2 01868693 addi             x13, x13, 24        x13=1000170c x13:100016f4
22765093ns          402024 1c0098f4 c3e83833 p.bclr           x16, x16, 1, 30     x16=00000003 x16:c0000003
22765113ns          402025 1c0098f8 02d12423 sw               x13, 40(x2)         x13:1000170c  x2:100015f8  PA:10001620
22765133ns          402026 1c0098fa 00d00333 add              x6, x0, x13          x6=1000170c x13:1000170c
22765153ns          402027 1c0098fc 00180813 addi             x16, x16, 1         x16=00000004 x16:00000003
22765193ns          402029 1c0098fe 00e840fb lp.setup         0x1, x16, 0xe       x16:00000004
22765232ns          402031 1c009902 0008a603 lw               x12, 0(x17)         x12=4401dd46 x17:10001708  PA:10001708
22765252ns          402032 1c009906 00032503 lw               x10, 0(x6)          x10=c12dfc59  x6:1000170c  PA:1000170c
22765292ns          402034 1c00990a 617576c3 fmadd.s          f13, f10, f23, f12  f13=xxxxxxxx f10:c12dfc59 f23:3e0e6b58 f12:4401dd46
22765332ns          402036 1c00990e 6136f64b fnmsub.s         f12, f13, f19, f12  f12=xxxxxxxx f13:44017c7b f19:3ffb245a f12:4401dd46
22765372ns          402038 1c009912 5166f6cb fnmsub.s         f13, f13, f22, f10  f13=xxxxxxxx f13:44017c7b f22:3e8bb778 f10:c12dfc59
22765391ns          402039 1c009916 00c8aa2b p.sw             x12, 20(x17!)       x17=1000171c x12:c3f86333 x17:10001708  PA:10001708
22765411ns          402040 1c00991a 00d32a2b p.sw             x13, 20(x6!)         x6=10001720 x13:c318368c  x6:1000170c  PA:1000170c
22765451ns          402042 1c009902 0008a603 lw               x12, 0(x17)         x12=c12dfc8d x17:1000171c  PA:1000171c
22765471ns          402043 1c009906 00032503 lw               x10, 0(x6)          x10=440aacdc  x6:10001720  PA:10001720
22765511ns          402045 1c00990a 617576c3 fmadd.s          f13, f10, f23, f12  f13=xxxxxxxx f10:440aacdc f23:3e0e6b58 f12:c12dfc8d
22765531ns          402046 1c00990e 6136f64b fnmsub.s         f12, f13, f19, f12  f12=xxxxxxxx f13:42848c7e f19:3ffb245a f12:c12dfc8d
22765551ns          402047 1c009912 5166f6cb fnmsub.s         f13, f13, f22, f10  f13=xxxxxxxx f13:42848c7e f22:3e8bb778 f10:440aacdc
22765571ns          402048 1c009916 00c8aa2b p.sw             x12, 20(x17!)       x17=10001730 x12:c30ce85b x17:1000171c  PA:1000171c
22765590ns          402049 1c00991a 00d32a2b p.sw             x13, 20(x6!)         x6=10001734 x13:44062768  x6:10001720  PA:10001720
22765690ns          402054 1c009902 0008a603 lw               x12, 0(x17)         x12=b8f922b8 x17:10001730  PA:10001730
22765710ns          402055 1c009906 00032503 lw               x10, 0(x6)          x10=b890cc44  x6:10001734  PA:10001734
22765750ns          402057 1c00990a 617576c3 fmadd.s          f13, f10, f23, f12  f13=xxxxxxxx f10:b890cc44 f23:3e0e6b58 f12:b8f922b8
22765769ns          402058 1c00990e 6136f64b fnmsub.s         f12, f13, f19, f12  f12=xxxxxxxx f13:b906a31d f19:3ffb245a f12:b8f922b8
22765789ns          402059 1c009912 5166f6cb fnmsub.s         f13, f13, f22, f10  f13=xxxxxxxx f13:b906a31d f22:3e8bb778 f10:b890cc44
22765809ns          402060 1c009916 00c8aa2b p.sw             x12, 20(x17!)       x17=10001744 x12:390b98bb x17:10001730  PA:10001730
22765829ns          402061 1c00991a 00d32a2b p.sw             x13, 20(x6!)         x6=10001748 x13:b80ea26b  x6:10001734  PA:10001734
22765869ns          402063 1c009902 0008a603 lw               x12, 0(x17)         x12=3811ac52 x17:10001744  PA:10001744
22765889ns          402064 1c009906 00032503 lw               x10, 0(x6)          x10=377767ca  x6:10001748  PA:10001748
22765929ns          402066 1c00990a 617576c3 fmadd.s          f13, f10, f23, f12  f13=xxxxxxxx f10:377767ca f23:3e0e6b58 f12:3811ac52
22765948ns          402067 1c00990e 6136f64b fnmsub.s         f12, f13, f19, f12  f12=xxxxxxxx f13:381a4687 f19:3ffb245a f12:3811ac52
22765968ns          402068 1c009912 5166f6cb fnmsub.s         f13, f13, f22, f10  f13=xxxxxxxx f13:381a4687 f22:3e8bb778 f10:377767ca
22765988ns          402069 1c009916 00c8aa2b p.sw             x12, 20(x17!)       x17=10001758 x12:b81d05cb x17:10001744  PA:10001744
22766008ns          402070 1c00991a 00d32a2b p.sw             x13, 20(x6!)         x6=1000175c x13:369e0424  x6:10001748  PA:10001748
22766028ns          402071 1c00991e 000fa603 lw               x12, 0(x31)         x12=be44c114 x31:10001704  PA:10001704
22766048ns          402072 1c009922 0007a503 lw               x10, 0(x15)         x10=bd5efaa6 x15:10001718  PA:10001718
22766088ns          402074 1c009924 617576c3 fmadd.s          f13, f10, f23, f12  f13=xxxxxxxx f10:bd5efaa6 f23:3e0e6b58 f12:be44c114
22766108ns          402075 1c009928 6136f64b fnmsub.s         f12, f13, f19, f12  f12=xxxxxxxx f13:be4c81dc f19:3ffb245a f12:be44c114
22766127ns          402076 1c00992c 5166f6cb fnmsub.s         f13, f13, f22, f10  f13=xxxxxxxx f13:be4c81dc f22:3e8bb778 f10:bd5efaa6
22766147ns          402077 1c009930 00cfa023 sw               x12, 0(x31)         x12:3e4c7fa6 x31:10001704  PA:10001704
22766167ns          402078 1c009934 00d7a023 sw               x13, 0(x15)         x13:387e0129 x15:10001718  PA:10001718
22766187ns          402079 1c009936 07b05863 bge              x0, x27, 112        x27:00000002
22766207ns          402080 1c00993a 004fa603 lw               x12, 4(x31)         x12=c3f86333 x31:10001704  PA:10001708
22766227ns          402081 1c00993e 0047a503 lw               x10, 4(x15)         x10=c30ce85b x15:10001718  PA:1000171c
22766267ns          402083 1c009940 617576c3 fmadd.s          f13, f10, f23, f12  f13=xxxxxxxx f10:c30ce85b f23:3e0e6b58 f12:c3f86333
22766306ns          402085 1c009944 6136f64b fnmsub.s         f12, f13, f19, f12  f12=xxxxxxxx f13:c40117d9 f19:3ffb245a f12:c3f86333
22766326ns          402086 1c009948 5166f6cb fnmsub.s         f13, f13, f22, f10  f13=xxxxxxxx f13:c40117d9 f22:3e8bb778 f10:c30ce85b
22766346ns          402087 1c00994c 00cfa223 sw               x12, 4(x31)         x12:440117d3 x31:10001704  PA:10001708
22766406ns          402090 1c009950 00d7a223 sw               x13, 4(x15)         x13:3b13c499 x15:10001718  PA:1000171c
22766446ns          402092 1c009952 041daa63 p.beqimm         x27, 84             x27:00000002
22766466ns          402093 1c009956 008fa603 lw               x12, 8(x31)         x12=c318368c x31:10001704  PA:1000170c
22766485ns          402094 1c00995a 0087a503 lw               x10, 8(x15)         x10=44062768 x15:10001718  PA:10001720
22766525ns          402096 1c00995c 60abf6c3 fmadd.s          f13, f23, f10, f12  f13=xxxxxxxx f23:3e0e6b58 f10:44062768 f12:c318368c
22766545ns          402097 1c009960 60d9f64b fnmsub.s         f12, f19, f13, f12  f12=xxxxxxxx f19:3ffb245a f13:c29b28df f12:c318368c
22766585ns          402099 1c009964 50db76cb fnmsub.s         f13, f22, f13, f10  f13=xxxxxxxx f22:3e8bb778 f13:c29b28df f10:44062768
22766605ns          402100 1c009968 00cfa423 sw               x12, 8(x31)         x12:3b0ef0ba x31:10001704  PA:1000170c
22766625ns          402101 1c00996c 00d7a423 sw               x13, 8(x15)         x13:440b724e x15:10001718  PA:10001720
22766684ns          402104 1c00996e 022dac63 p.beqimm         x27, 56             x27:00000002
22766824ns          402111 1c0099a6 fec72283 lw               x5, -20(x14)         x5=bf63f7cd x14:1000177c  PA:10001768
22766844ns          402112 1c0099aa ff872803 lw               x16, -8(x14)        x16=3df4a58b x14:1000177c  PA:10001774
22766863ns          402113 1c0099ae 00c72503 lw               x10, 12(x14)        x10=bf373608 x14:1000177c  PA:10001788
22766903ns          402115 1c0099b0 00072383 lw               x7, 0(x14)           x7=bd61eacd x14:1000177c  PA:1000177c
22766943ns          402117 1c0099b4 ff072e83 lw               x29, -16(x14)       x29=3e06c0c2 x14:1000177c  PA:1000176c
22766963ns          402118 1c0099b8 00472e03 lw               x28, 4(x14)         x28=bd142e72 x14:1000177c  PA:10001780
22766983ns          402119 1c0099bc ff472303 lw               x6, -12(x14)         x6=be8d1150 x14:1000177c  PA:10001770
22767042ns          402122 1c0099c0 00872883 lw               x17, 8(x14)         x17=bf1542ab x14:1000177c  PA:10001784
22767082ns          402124 1c0099c4 ffc72603 lw               x12, -4(x14)        x12=3ea182fb x14:1000177c  PA:10001778
22767102ns          402125 1c0099c8 2973ff43 fmadd.s          f30, f7, f23, f5    f30=xxxxxxxx  f7:bd61eacd f23:3e0e6b58  f5:bf63f7cd
22767122ns          402126 1c0099cc 01072683 lw               x13, 16(x14)        x13=bec1f7db x14:1000177c  PA:1000178c
22767182ns          402129 1c0099ce 817573c3 fmadd.s          f7, f10, f23, f16    f7=xxxxxxxx f10:bf373608 f23:3e0e6b58 f16:3df4a58b
22767221ns          402131 1c0099d2 6176f943 fmadd.s          f18, f13, f23, f12  f18=xxxxxxxx f13:bec1f7db f23:3e0e6b58 f12:3ea182fb
22767241ns          402132 1c0099d6 e97e74c3 fmadd.s          f9, f28, f23, f29    f9=xxxxxxxx f28:bd142e72 f23:3e0e6b58 f29:3e06c0c2
22767261ns          402133 1c0099da 3178f443 fmadd.s          f8, f17, f23, f6     f8=xxxxxxxx f17:bf1542ab f23:3e0e6b58  f6:be8d1150
22767281ns          402134 1c0099de 00072683 lw               x13, 0(x14)         x13=bd61eacd x14:1000177c  PA:1000177c
22767321ns          402136 1c0099e0 8079f84b fnmsub.s         f16, f19, f7, f16   f16=xxxxxxxx f19:3ffb245a  f7:3ca32fd4 f16:3df4a58b
22767361ns          402138 1c0099e4 5163f54b fnmsub.s         f10, f7, f22, f10   f10=xxxxxxxx  f7:3ca32fd4 f22:3e8bb778 f10:bf373608
22767381ns          402139 1c0099e8 01072383 lw               x7, 16(x14)          x7=bec1f7db x14:1000177c  PA:1000178c
22767400ns          402140 1c0099ec 29e9f2cb fnmsub.s         f5, f19, f30, f5     f5=xxxxxxxx f19:3ffb245a f30:bf65ee89  f5:bf63f7cd
22767460ns          402143 1c0099f0 6129f64b fnmsub.s         f12, f19, f18, f12  f12=xxxxxxxx f19:3ffb245a f18:3e8688c7 f12:3ea182fb
22767500ns          402145 1c0099f4 696f7f4b fnmsub.s         f30, f30, f22, f13  f30=xxxxxxxx f30:bf65ee89 f22:3e8bb778 f13:bd61eacd
22767520ns          402146 1c0099f8 e899fecb fnmsub.s         f29, f19, f9, f29   f29=xxxxxxxx f19:3ffb245a  f9:3e0199c4 f29:3e06c0c2
22767540ns          402147 1c0099fc e164fe4b fnmsub.s         f28, f9, f22, f28   f28=xxxxxxxx  f9:3e0199c4 f22:3e8bb778 f28:bd142e72
22767599ns          402150 1c009a00 3089f34b fnmsub.s         f6, f19, f8, f6      f6=xxxxxxxx f19:3ffb245a  f8:beb69619  f6:be8d1150
22767639ns          402152 1c009a04 896478cb fnmsub.s         f17, f8, f22, f17   f17=xxxxxxxx  f8:beb69619 f22:3e8bb778 f17:bf1542ab
22767659ns          402153 1c009a08 396976cb fnmsub.s         f13, f18, f22, f7   f13=xxxxxxxx f18:3e8688c7 f22:3e8bb778  f7:bec1f7db
22767679ns          402154 1c009a0c 00158593 addi             x11, x11, 1         x11=00000003 x11:00000002
22767739ns          402157 1c009a0e fec72e23 sw               x12, -4(x14)        x12:be4ce6e1 x14:1000177c  PA:10001778
22767778ns          402159 1c009a12 fe572623 sw               x5, -20(x14)         x5:3f5f2b40 x14:1000177c  PA:10001768
22767798ns          402160 1c009a16 01e72023 sw               x30, 0(x14)         x30:3e427fe8 x14:1000177c  PA:1000177c
22767818ns          402161 1c009a1a ffd72823 sw               x29, -16(x14)       x29:bdef0f25 x14:1000177c  PA:1000176c
22767878ns          402164 1c009a1e 01c72223 sw               x28, 4(x14)         x28:bd90d298 x14:1000177c  PA:10001780
22767918ns          402166 1c009a22 fe672a23 sw               x6, -12(x14)         x6:3ed92ce0 x14:1000177c  PA:10001770
22767938ns          402167 1c009a26 01172423 sw               x17, 8(x14)         x17:bef8b229 x14:1000177c  PA:10001784
22767957ns          402168 1c009a2a ff072c23 sw               x16, -8(x14)        x16:3da49a03 x14:1000177c  PA:10001774
22767997ns          402170 1c009a2e 00a72623 sw               x10, 12(x14)        x10:bf389a48 x14:1000177c  PA:10001788
22768017ns          402171 1c009a30 00d72823 sw               x13, 16(x14)        x13:bee6ae32 x14:1000177c  PA:1000178c
22768037ns          402172 1c009a32 02b12023 sw               x11, 32(x2)         x11:00000003  x2:100015f8  PA:10001618
22768057ns          402173 1c009a34 005c0613 addi             x12, x24, 5         x12=0000000f x24:0000000a
22768077ns          402174 1c009a38 e39ff06f jal              x0, -456           
22768156ns          402178 1c009870 01470713 addi             x14, x14, 20        x14=10001790 x14:1000177c
22768176ns          402179 1c009872 01478793 addi             x15, x15, 20        x15=1000172c x15:10001718
22768196ns          402180 1c009874 004a0a13 addi             x20, x20, 4         x20=1000175c x20:10001758
22768216ns          402181 1c009876 02812683 lw               x13, 40(x2)         x13=1000170c  x2:100015f8  PA:10001620
22768236ns          402182 1c009878 00c00c33 add              x24, x0, x12        x24=0000000f x12:0000000f
22768256ns          402183 1c00987a 014f8f93 addi             x31, x31, 20        x31=10001718 x31:10001704
22768276ns          402184 1c00987c 90bdd8e3 bge              x27, x11, -1776     x27:00000002 x11:00000003
22768296ns          402185 1c009880 04012c03 lw               x24, 64(x2)         x24=444a656f  x2:100015f8  PA:10001638
22768315ns          402186 1c009882 04412c83 lw               x25, 68(x2)         x25=440b9b58  x2:100015f8  PA:1000163c
22768335ns          402187 1c009884 02412483 lw               x9, 36(x2)           x9=00000000  x2:100015f8  PA:1000161c
22768355ns          402188 1c009886 01f00793 addi             x15, x0, 31         x15=0000001f
22768375ns          402189 1c009888 00148493 addi             x9, x9, 1            x9=00000001  x9:00000000
22768395ns          402190 1c00988a 02912223 sw               x9, 36(x2)           x9:00000001  x2:100015f8  PA:1000161c
22768415ns          402191 1c00988c 00100293 addi             x5, x0, 1            x5=00000001
22768435ns          402192 1c00988e caf49963 bne              x9, x15, -2894       x9:00000001 x15:0000001f
22768912ns          402216 1c008d40 01c12e83 lw               x29, 28(x2)         x29=00000001  x2:100015f8  PA:10001614
22768952ns          402218 1c008d42 7fddc8e3 blt              x27, x29, 4080      x27:00000002 x29:00000001
22768972ns          402219 1c008d46 41dd8833 sub              x16, x27, x29       x16=00000001 x27:00000002 x29:00000001
22768992ns          402220 1c008d4a 1c0004b7 lui              x9, 0x1c000000       x9=1c000000
22769051ns          402223 1c008d4e fffe8513 addi             x10, x29, -1        x10=00000000 x29:00000001
22769091ns          402225 1c008d52 fffd8793 addi             x15, x27, -1        x15=00000001 x27:00000002
22769111ns          402226 1c008d56 03812603 lw               x12, 56(x2)         x12=1000170c  x2:100015f8  PA:10001630
22769131ns          402227 1c008d58 03412303 lw               x6, 52(x2)           x6=10001708  x2:100015f8  PA:1000162c
22769151ns          402228 1c008d5a 03012683 lw               x13, 48(x2)         x13=10001720  x2:100015f8  PA:10001628
22769171ns          402229 1c008d5c 005005b3 add              x11, x0, x5         x11=00000001  x5:00000001
22769191ns          402230 1c008d5e 00500f33 add              x30, x0, x5         x30=00000001  x5:00000001
22769211ns          402231 1c008d60 01b00433 add              x8, x0, x27          x8=00000002 x27:00000002
22769230ns          402232 1c008d62 00000713 addi             x14, x0, 0          x14=00000000
22769250ns          402233 1c008d66 00100f93 addi             x31, x0, 1          x31=00000001
22769270ns          402234 1c008d68 0244a383 lw               x7, 36(x9)           x7=34000000  x9:1c000000  PA:1c000024
22769569ns          402249 1c008d6c 00180813 addi             x16, x16, 1         x16=00000002 x16:00000001
22769588ns          402250 1c008d6e 7ca7cbe3 blt              x15, x10, 4054      x15:00000001 x10:00000000
22769608ns          402251 1c008d72 078840fb lp.setup         0x1, x16, 0x78      x16:00000002
22769628ns          402252 1c008d76 00062783 lw               x15, 0(x12)         x15=3b0ef0ba x12:1000170c  PA:1000170c
22769648ns          402253 1c008d78 fff40e93 addi             x29, x8, -1         x29=00000001  x8:00000002
22769668ns          402254 1c008d7c a0e79553 flt.s            x10, f15, f14       x10=00000000 f15:3b0ef0ba f14:00000000
22769708ns          402256 1c008d80 00050363 beq              x10, x0, 6          x10:00000000
22769787ns          402260 1c008d86 1c0008b7 lui              x17, 0x1c000000     x17=1c000000
22769807ns          402261 1c008d8a 02088893 addi             x17, x17, 32        x17=1c000020 x17:1c000000
22769867ns          402264 1c008d8e 0008a883 lw               x17, 0(x17)         x17=0d200000 x17:1c000020  PA:1c000020
22770205ns          402281 1c008d92 a1178553 fle.s            x10, f15, f17       x10=00000000 f15:3b0ef0ba f17:0d200000
22770225ns          402282 1c008d96 0c051763 bne              x10, x0, 206        x10:00000000
22770245ns          402283 1c008d98 00032883 lw               x17, 0(x6)          x17=440117d3  x6:10001708  PA:10001708
22770285ns          402285 1c008d9c a0e895d3 flt.s            x11, f17, f14       x11=00000000 f17:440117d3 f14:00000000
22770305ns          402286 1c008da0 01100bb3 add              x23, x0, x17        x23=440117d3 x17:440117d3
22770324ns          402287 1c008da2 00058363 beq              x11, x0, 6          x11:00000000
22770384ns          402290 1c008da8 0006a503 lw               x10, 0(x13)         x10=440b724e x13:10001720  PA:10001720
22770424ns          402292 1c008daa a0e515d3 flt.s            x11, f10, f14       x11=00000000 f10:440b724e f14:00000000
22770444ns          402293 1c008dae 00a00e33 add              x28, x0, x10        x28=440b724e x10:440b724e
22770464ns          402294 1c008db0 00058363 beq              x11, x0, 6          x11:00000000
22770543ns          402298 1c008db6 01cbfbd3 fadd.s           f23, f23, f28       f23=xxxxxxxx f23:440117d3 f28:440b724e
22770563ns          402299 1c008dba a0eba5d3 feq.s            x11, f23, f14       x11=00000000 f23:44864510 f14:00000000
22770583ns          402300 1c008dbe 00058d63 beq              x11, x0, 26         x11:00000000
22770702ns          402306 1c008dd8 1c0004b7 lui              x9, 0x1c000000       x9=1c000000
22770742ns          402308 1c008ddc 02448493 addi             x9, x9, 36           x9=1c000024  x9:1c000000
22770802ns          402311 1c008de0 0004a483 lw               x9, 0(x9)            x9=34000000  x9:1c000024  PA:1c000024
22771140ns          402328 1c008de2 109bf5d3 fmul.s           f11, f23, f9        f11=xxxxxxxx f23:44864510  f9:34000000
22771160ns          402329 1c008de6 a0b785d3 fle.s            x11, f15, f11       x11=00000000 f15:3b0ef0ba f11:39064510
22771180ns          402330 1c008dea 06058863 beq              x11, x0, 112        x11:00000000
22771319ns          402337 1c008e5a fe868693 addi             x13, x13, -24       x13=10001708 x13:10001720
22771359ns          402339 1c008e5c fe830313 addi             x6, x6, -24          x6=100016f0  x6:10001708
22771379ns          402340 1c008e5e fe860613 addi             x12, x12, -24       x12=100016f4 x12:1000170c
22771418ns          402342 1c008e60 01d00433 add              x8, x0, x29          x8=00000001 x29:00000001
22771438ns          402343 1c008e62 00100593 addi             x11, x0, 1          x11=00000001
22771458ns          402344 1c008d76 00062783 lw               x15, 0(x12)         x15=3e4c5726 x12:100016f4  PA:100016f4
22771478ns          402345 1c008d78 fff40e93 addi             x29, x8, -1         x29=00000000  x8:00000001
22771498ns          402346 1c008d7c a0e79553 flt.s            x10, f15, f14       x10=00000000 f15:3e4c5726 f14:00000000
22771518ns          402347 1c008d80 00050363 beq              x10, x0, 6          x10:00000000
22771597ns          402351 1c008d86 1c0008b7 lui              x17, 0x1c000000     x17=1c000000
22771617ns          402352 1c008d8a 02088893 addi             x17, x17, 32        x17=1c000020 x17:1c000000
22771637ns          402353 1c008d8e 0008a883 lw               x17, 0(x17)         x17=0d200000 x17:1c000020  PA:1c000020
22771955ns          402369 1c008d92 a1178553 fle.s            x10, f15, f17       x10=00000000 f15:3e4c5726 f17:0d200000
22771975ns          402370 1c008d96 0c051763 bne              x10, x0, 206        x10:00000000
22771995ns          402371 1c008d98 00032883 lw               x17, 0(x6)          x17=44ab44a1  x6:100016f0  PA:100016f0
22772035ns          402373 1c008d9c a0e895d3 flt.s            x11, f17, f14       x11=00000000 f17:44ab44a1 f14:00000000
22772055ns          402374 1c008da0 01100bb3 add              x23, x0, x17        x23=44ab44a1 x17:44ab44a1
22772075ns          402375 1c008da2 00058363 beq              x11, x0, 6          x11:00000000
22772134ns          402378 1c008da8 0006a503 lw               x10, 0(x13)         x10=440117d3 x13:10001708  PA:10001708
22772174ns          402380 1c008daa a0e515d3 flt.s            x11, f10, f14       x11=00000000 f10:440117d3 f14:00000000
22772194ns          402381 1c008dae 00a00e33 add              x28, x0, x10        x28=440117d3 x10:440117d3
22772214ns          402382 1c008db0 00058363 beq              x11, x0, 6          x11:00000000
22772294ns          402386 1c008db6 01cbfbd3 fadd.s           f23, f23, f28       f23=xxxxxxxx f23:44ab44a1 f28:440117d3
22772313ns          402387 1c008dba a0eba5d3 feq.s            x11, f23, f14       x11=00000000 f23:44ebd08a f14:00000000
22772333ns          402388 1c008dbe 00058d63 beq              x11, x0, 26         x11:00000000
22772433ns          402393 1c008dd8 1c0004b7 lui              x9, 0x1c000000       x9=1c000000
22772473ns          402395 1c008ddc 02448493 addi             x9, x9, 36           x9=1c000024  x9:1c000000
22772492ns          402396 1c008de0 0004a483 lw               x9, 0(x9)            x9=34000000  x9:1c000024  PA:1c000024
22772811ns          402412 1c008de2 109bf5d3 fmul.s           f11, f23, f9        f11=xxxxxxxx f23:44ebd08a  f9:34000000
22772831ns          402413 1c008de6 a0b785d3 fle.s            x11, f15, f11       x11=00000000 f15:3e4c5726 f11:396bd08a
22772851ns          402414 1c008dea 06058863 beq              x11, x0, 112        x11:00000000
22772910ns          402417 1c008e5a fe868693 addi             x13, x13, -24       x13=100016f0 x13:10001708
22772930ns          402418 1c008e5c fe830313 addi             x6, x6, -24          x6=100016d8  x6:100016f0
22772950ns          402419 1c008e5e fe860613 addi             x12, x12, -24       x12=100016dc x12:100016f4
22772970ns          402420 1c008e60 01d00433 add              x8, x0, x29          x8=00000000 x29:00000000
22772990ns          402421 1c008e62 00100593 addi             x11, x0, 1          x11=00000001
22773010ns          402422 1c008e64 01a007b3 add              x15, x0, x26        x15=ba278b48 x26:ba278b48
22773030ns          402423 1c008e66 00140e13 addi             x28, x8, 1          x28=00000001  x8:00000000
22773049ns          402424 1c008e6a 01c12e23 sw               x28, 28(x2)         x28:00000001  x2:100015f8  PA:10001614
22773069ns          402425 1c008e6c 00805e63 bge              x0, x8, 28           x8:00000000
22773169ns          402430 1c008e88 01c12383 lw               x7, 28(x2)           x7=00000001  x2:100015f8  PA:10001614
22773209ns          402432 1c008e8a 07b3cb63 blt              x7, x27, 118         x7:00000001 x27:00000002
22773348ns          402439 1c008f00 02412503 lw               x10, 36(x2)         x10=00000001  x2:100015f8  PA:1000161c
22773388ns          402441 1c008f02 4ea52ae3 p.beqimm         x10, 3316           x10:00000001
22773407ns          402442 1c008f06 05412283 lw               x5, 84(x2)           x5=1000170c  x2:100015f8  PA:1000164c
22773427ns          402443 1c008f08 03012303 lw               x6, 48(x2)           x6=10001720  x2:100015f8  PA:10001628
22773447ns          402444 1c008f0a 01400713 addi             x14, x0, 20         x14=00000014
22773467ns          402445 1c008f0c 0002ab03 lw               x22, 0(x5)          x22=3b0ef0ba  x5:1000170c  PA:1000170c
22773487ns          402446 1c008f10 00032783 lw               x15, 0(x6)          x15=440b724e  x6:10001720  PA:10001720
22773527ns          402448 1c008f14 58e50de3 beq              x10, x14, 3482      x10:00000001 x14:00000014
22773547ns          402449 1c008f18 03412503 lw               x10, 52(x2)         x10=10001708  x2:100015f8  PA:1000162c
22773567ns          402450 1c008f1a 05812c03 lw               x24, 88(x2)         x24=1000171c  x2:100015f8  PA:10001650
22773586ns          402451 1c008f1c 00052b83 lw               x23, 0(x10)         x23=440117d3 x10:10001708  PA:10001708
22773626ns          402453 1c008f20 000c2903 lw               x18, 0(x24)         x18=3b13c499 x24:1000171c  PA:1000171c
22773666ns          402455 1c008f24 00000713 addi             x14, x0, 0          x14=00000000
22773686ns          402456 1c008f28 a0eb9753 flt.s            x14, f23, f14       x14=00000000 f23:440117d3 f14:00000000
22773706ns          402457 1c008f2c 4a0711e3 bne              x14, x0, 3234       x14:00000000
22773765ns          402460 1c008f30 01700733 add              x14, x0, x23        x14=440117d3 x23:440117d3
22773805ns          402462 1c008f32 00000693 addi             x13, x0, 0          x13=00000000
22773825ns          402463 1c008f36 a0d916d3 flt.s            x13, f18, f13       x13=00000000 f18:3b13c499 f13:00000000
22773845ns          402464 1c008f3a 01200633 add              x12, x0, x18        x12=3b13c499 x18:3b13c499
22773865ns          402465 1c008f3c 00068363 beq              x13, x0, 6          x13:00000000
22773964ns          402470 1c008f42 00000693 addi             x13, x0, 0          x13=00000000
22773984ns          402471 1c008f46 a0db16d3 flt.s            x13, f22, f13       x13=00000000 f22:3b0ef0ba f13:00000000
22774004ns          402472 1c008f4a 00c77753 fadd.s           f14, f14, f12       f14=xxxxxxxx f14:440117d3 f12:3b13c499
22774024ns          402473 1c008f4e 01600633 add              x12, x0, x22        x12=3b0ef0ba x22:3b0ef0ba
22774064ns          402475 1c008f50 00068363 beq              x13, x0, 6          x13:00000000
22774143ns          402479 1c008f56 00000693 addi             x13, x0, 0          x13=00000000
22774163ns          402480 1c008f5a a0d796d3 flt.s            x13, f15, f13       x13=00000000 f15:440b724e f13:00000000
22774223ns          402483 1c008f5e 00c77753 fadd.s           f14, f14, f12       f14=xxxxxxxx f14:440117f8 f12:3b0ef0ba
22774263ns          402485 1c008f62 460692e3 bne              x13, x0, 3172       x13:00000000
22774283ns          402486 1c008f66 00f006b3 add              x13, x0, x15        x13=440b724e x15:440b724e
22774303ns          402487 1c008f68 00d77c53 fadd.s           f24, f14, f13       f24=xxxxxxxx f14:4401181c f13:440b724e
22774322ns          402488 1c008f6c 00000613 addi             x12, x0, 0          x12=00000000
22774362ns          402490 1c008f70 a0cc2753 feq.s            x14, f24, f12       x14=00000000 f24:44864535 f12:00000000
22774402ns          402492 1c008f74 42071be3 bne              x14, x0, 3126       x14:00000000
22774422ns          402493 1c008f78 1c000737 lui              x14, 0x1c000000     x14=1c000000
22774442ns          402494 1c008f7c 04c72703 lw               x14, 76(x14)        x14=3f800000 x14:1c000000  PA:1c00004c
22774780ns          402511 1c008f80 19877753 fdiv.s           f14, f14, f24       f14=xxxxxxxx f14:3f800000 f24:44864535
22775198ns          402532 1c008f84 10f777d3 fmul.s           f15, f14, f15       f15=xxxxxxxx f14:3a740b82 f15:440b724e
22775218ns          402533 1c008f88 1c0006b7 lui              x13, 0x1c000000     x13=1c000000
22775237ns          402534 1c008f8c 0406a683 lw               x13, 64(x13)        x13=3f000000 x13:1c000000  PA:1c000040
22775536ns          402549 1c008f90 79777543 fmadd.s          f10, f14, f23, f15  f10=xxxxxxxx f14:3a740b82 f23:440117d3 f15:3f04ef37
22775556ns          402550 1c008f94 116775d3 fmul.s           f11, f14, f22       f11=xxxxxxxx f14:3a740b82 f22:3b0ef0ba
22775576ns          402551 1c008f98 10e97953 fmul.s           f18, f18, f14       f18=xxxxxxxx f18:3b13c499 f14:3a740b82
22775595ns          402552 1c008f9c 10d576d3 fmul.s           f13, f10, f13       f13=xxxxxxxx f10:3f7fffba f13:3f000000
22775615ns          402553 1c008fa0 1125f5d3 fmul.s           f11, f11, f18       f11=xxxxxxxx f11:360843de f18:360cde06
22775635ns          402554 1c008fa4 69777747 fmsub.s          f14, f14, f23, f13  f14=xxxxxxxx f14:3a740b82 f23:440117d3 f13:3effffba
22775655ns          402555 1c008fa8 08d7fbd3 fsub.s           f23, f15, f13       f23=xxxxxxxx f15:3f04ef37 f13:3effffba
22775675ns          402556 1c008fac 59777bc7 fmsub.s          f23, f14, f23, f11  f23=xxxxxxxx f14:bc9deb4a f23:3c9deb40 f11:2c95f697
22775715ns          402558 1c008fb0 a0cb9653 flt.s            x12, f23, f12       x12=00000001 f23:b9c2d4d6 f12:00000000
22775755ns          402560 1c008fb4 01700b33 add              x22, x0, x23        x22=b9c2d4d6 x23:b9c2d4d6
22775774ns          402561 1c008fb6 00060363 beq              x12, x0, 6          x12:00000001
22775794ns          402562 1c008fb8 217b9b53 fsgnjn.s         f22, f23, f23       f22=xxxxxxxx f23:b9c2d4d6 f23:b9c2d4d6
22775814ns          402563 1c008fbc 00000713 addi             x14, x0, 0          x14=00000000
22775854ns          402565 1c008fc0 a1770653 fle.s            x12, f14, f23       x12=00000000 f14:00000000 f23:b9c2d4d6
22775894ns          402567 1c008fc4 580b7b53 fsqrt.s          f22, f22            f22=xxxxxxxx f22:39c2d4d6
22776053ns          402575 1c008fc8 500609e3 beq              x12, x0, 3346       x12:00000000
22776331ns          402589 1c009cda 0166f5d3 fadd.s           f11, f13, f22       f11=xxxxxxxx f13:3effffba f22:3c9deb45
22776351ns          402590 1c009cde 0966f6d3 fsub.s           f13, f13, f22       f13=xxxxxxxx f13:3effffba f22:3c9deb45
22776371ns          402591 1c009ce2 08f5f653 fsub.s           f12, f11, f15       f12=xxxxxxxx f11:3f04ef37 f15:3f04ef37
22776391ns          402592 1c009ce6 a0e61753 flt.s            x14, f12, f14       x14=00000000 f12:00000000 f14:00000000
22776411ns          402593 1c009cea 00070363 beq              x14, x0, 6          x14:00000000
22776510ns          402598 1c009cf0 08f6f7d3 fsub.s           f15, f13, f15       f15=xxxxxxxx f13:3ef62106 f15:3f04ef37
22776530ns          402599 1c009cf4 00000713 addi             x14, x0, 0          x14=00000000
22776550ns          402600 1c009cf8 a0e79753 flt.s            x14, f15, f14       x14=00000001 f15:bd1deb40 f14:00000000
22776570ns          402601 1c009cfc 00070363 beq              x14, x0, 6          x14:00000001
22776630ns          402604 1c009cfe 20f797d3 fsgnjn.s         f15, f15, f15       f15=xxxxxxxx f15:bd1deb40 f15:bd1deb40
22776670ns          402606 1c009d02 a0f607d3 fle.s            x15, f12, f15       x15=00000001 f12:00000000 f15:3d1deb40
22776689ns          402607 1c009d06 02078c63 beq              x15, x0, 56         x15:00000001
22776709ns          402608 1c009d08 10bc7cd3 fmul.s           f25, f24, f11       f25=xxxxxxxx f24:44864535 f11:3f04ef37
22776729ns          402609 1c009d0c 00000a93 addi             x21, x0, 0          x21=00000000
22776769ns          402611 1c009d10 01500d33 add              x26, x0, x21        x26=00000000 x21:00000000
22776809ns          402613 1c009d12 ac6ff06f jal              x0, -3386          
22776849ns          402615 1c008fd8 02c12e03 lw               x28, 44(x2)         x28=00000001  x2:100015f8  PA:10001624
22776888ns          402617 1c008fda 3dc45fe3 bge              x8, x28, 3038        x8:00000000 x28:00000001
22776928ns          402619 1c008fde 00000793 addi             x15, x0, 0          x15=00000000
22776968ns          402621 1c008fe2 a0fa97d3 flt.s            x15, f21, f15       x15=00000000 f21:00000000 f15:00000000
22776988ns          402622 1c008fe6 3c078ce3 beq              x15, x0, 3032       x15:00000000
22777147ns          402630 1c009bbe 01500f33 add              x30, x0, x21        x30=00000000 x21:00000000
22777226ns          402634 1c009bc0 01c00eb3 add              x29, x0, x28        x29=00000001 x28:00000001
22777266ns          402636 1c009bc2 c2eff06f jal              x0, -3026          
22777306ns          402638 1c008ff0 1c000737 lui              x14, 0x1c000000     x14=1c000000
22777326ns          402639 1c008ff4 fffe8793 addi             x15, x29, -1        x15=00000000 x29:00000001
22777346ns          402640 1c008ff8 1c000337 lui              x6, 0x1c000000       x6=1c000000
22777366ns          402641 1c008ffc 01d00a33 add              x20, x0, x29        x20=00000001 x29:00000001
22777386ns          402642 1c008ffe 04c12883 lw               x17, 76(x2)         x17=10001704  x2:100015f8  PA:10001644
22777425ns          402644 1c009000 04812803 lw               x16, 72(x2)         x16=100016d8  x2:100015f8  PA:10001640
22777465ns          402646 1c009002 00000513 addi             x10, x0, 0          x10=00000000
22777485ns          402647 1c009006 04c72f83 lw               x31, 76(x14)        x31=3f800000 x14:1c000000  PA:1c00004c
22777783ns          402662 1c00900a 02432283 lw               x5, 36(x6)           x5=34000000  x6:1c000000  PA:1c000024
22778141ns          402680 1c00900e 408e8eb3 sub              x29, x29, x8        x29=00000001 x29:00000001  x8:00000000
22778161ns          402681 1c009012 5287cce3 blt              x15, x8, 3384       x15:00000000  x8:00000000
22778181ns          402682 1c009016 800007b7 lui              x15, 0x80000000     x15=80000000
22778201ns          402683 1c00901a fff7c793 xori             x15, x15, -1        x15=7fffffff x15:80000000
22778261ns          402686 1c00901e 52f406e3 beq              x8, x15, 3372        x8:00000000 x15:7fffffff
22778301ns          402688 1c009022 08fec0fb lp.setup         0x1, x29, 0x8f      x29:00000001
22778320ns          402689 1c009026 01882583 lw               x11, 24(x16)        x11=44ab44a1 x16:100016d8  PA:100016f0
22778340ns          402690 1c00902a fffa0613 addi             x12, x20, -1        x12=00000000 x20:00000001
22778400ns          402693 1c00902e 0995f353 fsub.s           f6, f11, f25         f6=xxxxxxxx f11:44ab44a1 f25:440b724e
22778440ns          402695 1c009032 a0a317d3 flt.s            x15, f6, f10        x15=00000000  f6:444b16f4 f10:00000000
22778460ns          402696 1c009036 00600733 add              x14, x0, x6         x14=444b16f4  x6:444b16f4
22778480ns          402697 1c009038 00078363 beq              x15, x0, 6          x15:00000000
22778599ns          402703 1c00903e 01c82683 lw               x13, 28(x16)        x13=3e4c5726 x16:100016d8  PA:100016f4
22778619ns          402704 1c009042 00ef7753 fadd.s           f14, f30, f14       f14=xxxxxxxx f30:00000000 f14:444b16f4
22778639ns          402705 1c009046 a0a697d3 flt.s            x15, f13, f10       x15=00000000 f13:3e4c5726 f10:00000000
22778659ns          402706 1c00904a 22079fe3 bne              x15, x0, 2622       x15:00000000
22778679ns          402707 1c00904e 00d007b3 add              x15, x0, x13        x15=3e4c5726 x13:3e4c5726
22778718ns          402709 1c009050 00f77753 fadd.s           f14, f14, f15       f14=xxxxxxxx f14:444b16f4 f15:3e4c5726
22778758ns          402711 1c009054 18eff753 fdiv.s           f14, f31, f14       f14=xxxxxxxx f31:3f800000 f14:444b23b9
22779037ns          402725 1c009058 10e37e53 fmul.s           f28, f6, f14        f28=xxxxxxxx  f6:444b16f4 f14:3aa14ece
22779056ns          402726 1c00905c 10e6f3d3 fmul.s           f7, f13, f14         f7=xxxxxxxx f13:3e4c5726 f14:3aa14ece
22779076ns          402727 1c009060 0008a783 lw               x15, 0(x17)         x15=3e4c7fa6 x17:10001704  PA:10001704
22779096ns          402728 1c009064 106e7353 fmul.s           f6, f28, f6          f6=xxxxxxxx f28:3f7fefe8  f6:444b16f4
22779116ns          402729 1c009068 0048ae03 lw               x28, 4(x17)         x28=440117d3 x17:10001704  PA:10001708
22779136ns          402730 1c00906c 11577753 fmul.s           f14, f14, f21       f14=xxxxxxxx f14:3aa14ece f21:00000000
22779176ns          402732 1c009070 30f3f7c3 fmadd.s          f15, f7, f15, f6    f15=xxxxxxxx  f7:3980c1b6 f15:3e4c7fa6  f6:444b0a30
22779216ns          402734 1c009074 01c5f6d3 fadd.s           f13, f11, f28       f13=xxxxxxxx f11:44ab44a1 f28:440117d3
22779235ns          402735 1c009078 0088a303 lw               x6, 8(x17)           x6=3b0ef0ba x17:10001704  PA:1000170c
22779255ns          402736 1c00907c 79a777cb fnmsub.s         f15, f14, f26, f15  f15=xxxxxxxx f14:00000000 f26:00000000 f15:444b0a31
22779315ns          402739 1c009080 0996f6d3 fsub.s           f13, f13, f25       f13=xxxxxxxx f13:44ebd08a f25:440b724e
22779355ns          402741 1c009084 1063f353 fmul.s           f6, f7, f6           f6=xxxxxxxx  f7:3980c1b6  f6:3b0ef0ba
22779375ns          402742 1c009088 a0a79753 flt.s            x14, f15, f10       x14=00000000 f15:444b0a31 f10:00000000
22779395ns          402743 1c00908c 0996f6d3 fsub.s           f13, f13, f25       f13=xxxxxxxx f13:44a61763 f25:440b724e
22779454ns          402746 1c009090 1076f6d3 fmul.s           f13, f13, f7        f13=xxxxxxxx f13:4440bc78  f7:3980c1b6
22779494ns          402748 1c009094 00f003b3 add              x7, x0, x15          x7=444b0a31 x15:444b0a31
22779514ns          402749 1c009096 00070363 beq              x14, x0, 6          x14:00000000
22779633ns          402755 1c00909c a0a69753 flt.s            x14, f13, f10       x14=00000000 f13:3e41e026 f10:00000000
22779653ns          402756 1c0090a0 00d00c33 add              x24, x0, x13        x24=3e41e026 x13:3e41e026
22779673ns          402757 1c0090a2 00070363 beq              x14, x0, 6          x14:00000000
22779733ns          402760 1c0090a8 a0a31753 flt.s            x14, f6, f10        x14=00000000  f6:350fc90c f10:00000000
22779753ns          402761 1c0090ac 007c7c53 fadd.s           f24, f24, f7        f24=xxxxxxxx f24:3e41e026  f7:444b0a31
22779812ns          402764 1c0090b0 1a071ae3 bne              x14, x0, 2484       x14:00000000
22779852ns          402766 1c0090b4 00600733 add              x14, x0, x6         x14=350fc90c  x6:350fc90c
22779872ns          402767 1c0090b6 00ec7c53 fadd.s           f24, f24, f14       f24=xxxxxxxx f24:444b164f f14:350fc90c
22779892ns          402768 1c0090ba 1187fbd3 fmul.s           f23, f15, f24       f23=xxxxxxxx f15:444b0a31 f24:444b164f
22779971ns          402772 1c0090be 1186fb53 fmul.s           f22, f13, f24       f22=xxxxxxxx f13:3e41e026 f24:444b164f
22780011ns          402774 1c0090c2 11837953 fmul.s           f18, f6, f24        f18=xxxxxxxx  f6:350fc90c f24:444b164f
22780031ns          402775 1c0090c6 1a860be3 beq              x12, x8, 2486       x12:00000000  x8:00000000
22780190ns          402783 1c009a7c 09212623 sw               x18, 140(x2)        x18:39e421e8  x2:100015f8  PA:10001684
22780210ns          402784 1c009a7e 09712223 sw               x23, 132(x2)        x23:492112c6  x2:100015f8  PA:1000167c
22780270ns          402787 1c009a80 09612423 sw               x22, 136(x2)        x22:4319cda3  x2:100015f8  PA:10001680
22780290ns          402788 1c009a82 01c12a03 lw               x20, 28(x2)         x20=00000001  x2:100015f8  PA:10001614
22780310ns          402789 1c009a84 ecaff06f jal              x0, -2358          
22780469ns          402797 1c00914e 002a1813 slli             x16, x20, 0x2       x16=00000004 x20:00000001
22780508ns          402799 1c009152 400006b7 lui              x13, 0x40000000     x13=40000000
22780528ns          402800 1c009156 01812383 lw               x7, 24(x2)           x7=100016f0  x2:100015f8  PA:10001610
22780548ns          402801 1c009158 014807b3 add              x15, x16, x20       x15=00000005 x16:00000004 x20:00000001
22780568ns          402802 1c00915c ff568693 addi             x13, x13, -11       x13=3ffffff5 x13:40000000
22780588ns          402803 1c00915e 00f008b3 add              x17, x0, x15        x17=00000005 x15:00000005
22780608ns          402804 1c009160 014686b3 add              x13, x13, x20       x13=3ffffff6 x13:3ffffff5 x20:00000001
22780628ns          402805 1c009162 00279793 slli             x15, x15, 0x2       x15=00000014 x15:00000005
22780648ns          402806 1c009164 011686b3 add              x13, x13, x17       x13=3ffffffb x13:3ffffff6 x17:00000005
22780668ns          402807 1c009166 06038513 addi             x10, x7, 96         x10=10001750  x7:100016f0
22780687ns          402808 1c00916a 05012483 lw               x9, 80(x2)           x9=10001754  x2:100015f8  PA:10001648
22780707ns          402809 1c00916c fec78613 addi             x12, x15, -20       x12=00000000 x15:00000014
22780747ns          402811 1c009170 00269693 slli             x13, x13, 0x2       x13=ffffffec x13:3ffffffb
22780767ns          402812 1c009172 01050533 add              x10, x10, x16       x10=10001754 x10:10001750 x16:00000004
22780787ns          402813 1c009174 014005b3 add              x11, x0, x20        x11=00000001 x20:00000001
22780807ns          402814 1c009176 00f48733 add              x14, x9, x15        x14=10001768  x9:10001754 x15:00000014
22780827ns          402815 1c00917a 05812023 sw               x24, 64(x2)         x24:444b164f  x2:100015f8  PA:10001638
22780847ns          402816 1c00917c 05912223 sw               x25, 68(x2)         x25:440b724e  x2:100015f8  PA:1000163c
22780866ns          402817 1c00917e 007787b3 add              x15, x15, x7        x15=10001704 x15:00000014  x7:100016f0
22780886ns          402818 1c009180 01400cb3 add              x25, x0, x20        x25=00000001 x20:00000001
22780906ns          402819 1c009182 007686b3 add              x13, x13, x7        x13=100016dc x13:ffffffec  x7:100016f0
22780926ns          402820 1c009184 00c38fb3 add              x31, x7, x12        x31=100016f0  x7:100016f0 x12:00000000
22780946ns          402821 1c009188 01100c33 add              x24, x0, x17        x24=00000005 x17:00000005
22780966ns          402822 1c00918a 00a00a33 add              x20, x0, x10        x20=10001754 x10:10001754
22780986ns          402823 1c00918c 0bb587e3 beq              x11, x27, 2222      x11:00000001 x27:00000002
22781026ns          402825 1c009190 16bccbe3 blt              x25, x11, 2422      x25:00000001 x11:00000001
22781065ns          402827 1c009194 08412503 lw               x10, 132(x2)        x10=492112c6  x2:100015f8  PA:1000167c
22781085ns          402828 1c009196 08812803 lw               x16, 136(x2)        x16=4319cda3  x2:100015f8  PA:10001680
22781105ns          402829 1c009198 00000613 addi             x12, x0, 0          x12=00000000
22781125ns          402830 1c00919c a0c81653 flt.s            x12, f16, f12       x12=00000000 f16:4319cda3 f12:00000000
22781165ns          402832 1c0091a0 00060363 beq              x12, x0, 6          x12:00000000
22781244ns          402836 1c0091a6 1c000e37 lui              x28, 0x1c000000     x28=1c000000
22781264ns          402837 1c0091aa 01ce0e13 addi             x28, x28, 28        x28=1c00001c x28:1c000000
22781324ns          402840 1c0091ae 000e2e03 lw               x28, 0(x28)         x28=00800000 x28:1c00001c  PA:1c00001c
22781682ns          402858 1c0091b2 a10e1653 flt.s            x12, f28, f16       x12=00000001 f28:00800000 f16:4319cda3
22781702ns          402859 1c0091b6 10061be3 bne              x12, x0, 2326       x12:00000001
22781861ns          402867 1c009acc 1c000337 lui              x6, 0x1c000000       x6=1c000000
22781941ns          402871 1c009ad0 01c30313 addi             x6, x6, 28           x6=1c00001c  x6:1c000000
22781980ns          402873 1c009ad4 00000893 addi             x17, x0, 0          x17=00000000
22782000ns          402874 1c009ad8 1c0003b7 lui              x7, 0x1c000000       x7=1c000000
22782020ns          402875 1c009adc 00032303 lw               x6, 0(x6)            x6=00800000  x6:1c00001c  PA:1c00001c
22782378ns          402893 1c009ae0 04c38393 addi             x7, x7, 76           x7=1c00004c  x7:1c000000
22782398ns          402894 1c009ae4 19037653 fdiv.s           f12, f6, f16        f12=xxxxxxxx  f6:00800000 f16:4319cda3
22782677ns          402908 1c009ae8 111678d3 fmul.s           f17, f12, f17       f17=xxxxxxxx f12:0000d50d f17:00000000
22782696ns          402909 1c009aec 0003a383 lw               x7, 0(x7)            x7=3f800000  x7:1c00004c  PA:1c00004c
22783035ns          402926 1c009af0 38c8f8c3 fmadd.s          f17, f17, f12, f7   f17=xxxxxxxx f17:00000000 f12:0000d50d  f7:3f800000
22783054ns          402927 1c009af4 ed4ff06f jal              x0, -2348          
22783094ns          402929 1c0091c8 08c12603 lw               x12, 140(x2)        x12=39e421e8  x2:100015f8  PA:10001684
22783114ns          402930 1c0091ca 00000313 addi             x6, x0, 0            x6=00000000
22783174ns          402933 1c0091ce a0661353 flt.s            x6, f12, f6          x6=00000000 f12:39e421e8  f6:00000000
22783214ns          402935 1c0091d2 00030463 beq              x6, x0, 8            x6:00000000
22783293ns          402939 1c0091da a0c81353 flt.s            x6, f16, f12         x6=00000000 f16:4319cda3 f12:39e421e8
22783353ns          402942 1c0091de 10030de3 beq              x6, x0, 2330         x6:00000000
22783413ns          402945 1c009af8 19067653 fdiv.s           f12, f12, f16       f12=xxxxxxxx f12:39e421e8 f16:4319cda3
22783691ns          402959 1c009afc 88c678c3 fmadd.s          f17, f12, f12, f17  f17=xxxxxxxx f12:363ddbef f12:363ddbef f17:3f800000
22783711ns          402960 1c009b00 01000633 add              x12, x0, x16        x12=4319cda3 x16:4319cda3
22783731ns          402961 1c009b02 ef8ff06f jal              x0, -2312          
22783850ns          402967 1c0091fa 5808f853 fsqrt.s          f16, f17            f16=xxxxxxxx f17:3f800000
22784129ns          402981 1c0091fe 10c87653 fmul.s           f12, f16, f12       f12=xxxxxxxx f16:3f800000 f12:4319cda3
22784148ns          402982 1c009202 00300893 addi             x17, x0, 3          x17=00000003
22784168ns          402983 1c009204 00200e93 addi             x29, x0, 2          x29=00000002
22784188ns          402984 1c009206 00000813 addi             x16, x0, 0          x16=00000000
22784208ns          402985 1c00920a a1062353 feq.s            x6, f12, f16         x6=00000000 f12:4319cda3 f16:00000000
22784268ns          402988 1c00920e 040318e3 bne              x6, x0, 2128         x6:00000000
22784308ns          402990 1c009212 a1051853 flt.s            x16, f10, f16       x16=00000000 f10:492112c6 f16:00000000
22784327ns          402991 1c009216 180812e3 bne              x16, x0, 2436       x16:00000000
22784347ns          402992 1c00921a 00a00833 add              x16, x0, x10        x16=492112c6 x10:492112c6
22784367ns          402993 1c00921c 00000313 addi             x6, x0, 0            x6=00000000
22784407ns          402995 1c009220 a0661353 flt.s            x6, f12, f6          x6=00000000 f12:4319cda3  f6:00000000
22784447ns          402997 1c009224 00030463 beq              x6, x0, 8            x6:00000000
22784507ns          403000 1c00922c a0c81353 flt.s            x6, f16, f12         x6=00000000 f16:492112c6 f12:4319cda3
22784586ns          403004 1c009230 12031ce3 bne              x6, x0, 2360         x6:00000000
22784626ns          403006 1c009234 a1061353 flt.s            x6, f12, f16         x6=00000001 f12:4319cda3 f16:492112c6
22784646ns          403007 1c009238 18031fe3 bne              x6, x0, 2462         x6:00000001
22784845ns          403017 1c009bd6 1c000337 lui              x6, 0x1c000000       x6=1c000000
22784865ns          403018 1c009bda 04c30313 addi             x6, x6, 76           x6=1c00004c  x6:1c000000
22784924ns          403021 1c009bde 00032303 lw               x6, 0(x6)            x6=3f800000  x6:1c00004c  PA:1c00004c
22785262ns          403038 1c009be2 19067653 fdiv.s           f12, f12, f16       f12=xxxxxxxx f12:4319cda3 f16:492112c6
22785541ns          403052 1c009be6 30c67643 fmadd.s          f12, f12, f12, f6   f12=xxxxxxxx f12:39747206 f12:39747206  f6:3f800000
22785561ns          403053 1c009bea 58067653 fsqrt.s          f12, f12            f12=xxxxxxxx f12:3f800000
22785839ns          403067 1c009bee 10c87653 fmul.s           f12, f16, f12       f12=xxxxxxxx f16:492112c6 f12:3f800000
22785859ns          403068 1c009bf2 e62ff06f jal              x0, -2462          
22785939ns          403072 1c009254 00000813 addi             x16, x0, 0          x16=00000000
22785978ns          403074 1c009258 a0a80853 fle.s            x16, f16, f10       x16=00000001 f16:00000000 f10:492112c6
22785998ns          403075 1c00925c 00080463 beq              x16, x0, 8          x16:00000001
22786058ns          403078 1c009260 20c61653 fsgnjn.s         f12, f12, f12       f12=xxxxxxxx f12:492112c6 f12:492112c6
22786098ns          403080 1c009264 00000813 addi             x16, x0, 0          x16=00000000
22786118ns          403081 1c009268 a1061853 flt.s            x16, f12, f16       x16=00000001 f12:c92112c6 f16:00000000
22786138ns          403082 1c00926c 12081be3 bne              x16, x0, 2358       x16:00000001
22786317ns          403091 1c009ba2 20c61853 fsgnjn.s         f16, f12, f12       f16=xxxxxxxx f12:c92112c6 f12:c92112c6
22786336ns          403092 1c009ba6 eccff06f jal              x0, -2356          
22786396ns          403095 1c009272 1c0004b7 lui              x9, 0x1c000000       x9=1c000000
22786416ns          403096 1c009276 03048493 addi             x9, x9, 48           x9=1c000030  x9:1c000000
22786436ns          403097 1c00927a 0004a483 lw               x9, 0(x9)            x9=0c000000  x9:1c000030  PA:1c000030
22786754ns          403113 1c00927c a0981853 flt.s            x16, f16, f9        x16=00000000 f16:492112c6  f9:0c000000
22786774ns          403114 1c009280 0a080ce3 beq              x16, x0, 2232       x16:00000000
22786874ns          403119 1c009b38 1c000337 lui              x6, 0x1c000000       x6=1c000000
22786913ns          403121 1c009b3c 04c32803 lw               x16, 76(x6)         x16=3f800000  x6:1c000000  PA:1c00004c
22787251ns          403138 1c009b40 08c57353 fsub.s           f6, f10, f12         f6=xxxxxxxx f10:492112c6 f12:c92112c6
22787271ns          403139 1c009b44 18687853 fdiv.s           f16, f16, f6        f16=xxxxxxxx f16:3f800000  f6:49a112c6  PA:10001680
22787291ns          403140 1c009b48 08812303 lw               x6, 136(x2)          x6=xxxxxxxx  x2:100015f8
22787311ns          403141 1c009b4a 08a679d3 fsub.s           f19, f12, f10       f19=xxxxxxxx f12:c92112c6 f10:492112c6
22787590ns          403155 1c009b4e 11037353 fmul.s           f6, f6, f16          f6=xxxxxxxx  f6:4319cda3 f16:354b6f6f
22787609ns          403156 1c009b52 18c9f9d3 fdiv.s           f19, f19, f12       f19=xxxxxxxx f19:c9a112c6 f12:c92112c6  PA:10001680
22788405ns          403196 1c009b56 08612423 sw               x6, 136(x2)          x6:38f47206  x2:100015f8
22788425ns          403197 1c009b58 0038b663 p.bneimm         x17, 12             x17:00000003  PA:10001684
22788445ns          403198 1c009b5c 08c12503 lw               x10, 140(x2)        x10=xxxxxxxx  x2:100015f8
22788485ns          403200 1c009b5e 11057853 fmul.s           f16, f10, f16       f16=xxxxxxxx f10:39e421e8 f16:354b6f6f
22788684ns          403210 1c009b62 09012623 sw               x16, 140(x2)        x16:2fb54a31  x2:100015f8  PA:10001684
22788703ns          403211 1c009b64 00c00533 add              x10, x0, x12        x10=c92112c6 x12:c92112c6
22788723ns          403212 1c009b66 87fff06f jal              x0, -1922          
22788803ns          403216 1c0093e4 08a12223 sw               x10, 132(x2)        x10:c92112c6  x2:100015f8  PA:1000167c
22788843ns          403218 1c0093e6 4cbcd763 bge              x25, x11, 1230      x25:00000001 x11:00000001
22789002ns          403226 1c0098b4 01c12383 lw               x7, 28(x2)           x7=00000001  x2:100015f8  PA:10001614
22789042ns          403228 1c0098b6 b593d1e3 bge              x7, x25, -1214       x7:00000001 x25:00000001
22789161ns          403234 1c0093f8 08812b83 lw               x23, 136(x2)        x23=38f47206  x2:100015f8  PA:10001680
22789201ns          403236 1c0093fa 1179fb53 fmul.s           f22, f19, f23       f22=xxxxxxxx f19:40000000 f23:38f47206
22789241ns          403238 1c0093fe 4c38bd63 p.bneimm         x17, 1242           x17:00000003
22789280ns          403240 1c009402 01468313 addi             x6, x13, 20          x6=100016f0 x13:100016dc
22789300ns          403241 1c009406 406a08b3 sub              x17, x20, x6        x17=00000064 x20:10001754  x6:100016f0
22789320ns          403242 1c00940a 08c12d03 lw               x26, 140(x2)        x26=2fb54a31  x2:100015f8  PA:10001684
22789340ns          403243 1c00940c fec88893 addi             x17, x17, -20       x17=00000050 x17:00000064
22789380ns          403245 1c00940e 0cccd637 lui              x12, 0xcccd000      x12=0cccd000
22789420ns          403247 1c009412 0028d893 srli             x17, x17, 0x2       x17=00000014 x17:00000050
22789439ns          403248 1c009416 ccd60613 addi             x12, x12, -819      x12=0ccccccd x12:0cccd000
22789459ns          403249 1c00941a 02c888b3 mul              x17, x17, x12       x17=00000004 x17:00000014 x12:0ccccccd
22789519ns          403252 1c00941e 113d7ad3 fmul.s           f21, f26, f19       f21=xxxxxxxx f26:2fb54a31 f19:40000000
22789539ns          403253 1c009422 01868693 addi             x13, x13, 24        x13=100016f4 x13:100016dc
22789559ns          403254 1c009424 c3e8b8b3 p.bclr           x17, x17, 1, 30     x17=00000004 x17:00000004
22789579ns          403255 1c009428 02d12423 sw               x13, 40(x2)         x13:100016f4  x2:100015f8  PA:10001620
22789599ns          403256 1c00942a 00d00533 add              x10, x0, x13        x10=100016f4 x13:100016f4
22789618ns          403257 1c00942c 00188893 addi             x17, x17, 1         x17=00000005 x17:00000004
22789658ns          403259 1c00942e 0168c0fb lp.setup         0x1, x17, 0x16      x17:00000005
22789678ns          403260 1c009432 00052603 lw               x12, 0(x10)         x12=3e4c5726 x10:100016f4  PA:100016f4
22789698ns          403261 1c009434 00032803 lw               x16, 0(x6)          x16=44ab44a1  x6:100016f0  PA:100016f0
22789718ns          403262 1c009438 00452e03 lw               x28, 4(x10)         x28=00000000 x10:100016f4  PA:100016f8
22789738ns          403263 1c00943c 817676c3 fmadd.s          f13, f12, f23, f16  f13=xxxxxxxx f12:3e4c5726 f23:38f47206 f16:44ab44a1
22789797ns          403266 1c009440 01450513 addi             x10, x10, 20        x10=10001708 x10:100016f4
22789837ns          403268 1c009442 69cd76c3 fmadd.s          f13, f26, f28, f13  f13=xxxxxxxx f26:2fb54a31 f28:00000000 f13:44ab44a1
22789857ns          403269 1c009446 8136f84b fnmsub.s         f16, f13, f19, f16  f16=xxxxxxxx f13:44ab44a1 f19:40000000 f16:44ab44a1
22789877ns          403270 1c00944a 6166f64b fnmsub.s         f12, f13, f22, f12  f12=xxxxxxxx f13:44ab44a1 f22:39747206 f12:3e4c5726
22789937ns          403273 1c00944e e0daf6cb fnmsub.s         f13, f21, f13, f28  f13=xxxxxxxx f21:30354a31 f13:44ab44a1 f28:00000000
22789976ns          403275 1c009452 01032a2b p.sw             x16, 20(x6!)         x6=10001704 x16:c4ab44a1  x6:100016f0  PA:100016f0
22789996ns          403276 1c009456 fec52623 sw               x12, -20(x10)       x12:bdf5787c x10:10001708  PA:100016f4
22790016ns          403277 1c00945a fed52823 sw               x13, -16(x10)       x13:b5729251 x10:10001708  PA:100016f8
22790036ns          403278 1c009432 00052603 lw               x12, 0(x10)         x12=440117d3 x10:10001708  PA:10001708
22790056ns          403279 1c009434 00032803 lw               x16, 0(x6)          x16=3e4c7fa6  x6:10001704  PA:10001704
22790076ns          403280 1c009438 00452e03 lw               x28, 4(x10)         x28=3b0ef0ba x10:10001708  PA:1000170c
22790096ns          403281 1c00943c 817676c3 fmadd.s          f13, f12, f23, f16  f13=xxxxxxxx f12:440117d3 f23:38f47206 f16:3e4c7fa6
22790116ns          403282 1c009440 01450513 addi             x10, x10, 20        x10=1000171c x10:10001708
22790136ns          403283 1c009442 69cd76c3 fmadd.s          f13, f26, f28, f13  f13=xxxxxxxx f26:2fb54a31 f28:3b0ef0ba f13:3e8510e0
22790155ns          403284 1c009446 8136f84b fnmsub.s         f16, f13, f19, f16  f16=xxxxxxxx f13:3e8510e0 f19:40000000 f16:3e4c7fa6
22790175ns          403285 1c00944a 6166f64b fnmsub.s         f12, f13, f22, f12  f12=xxxxxxxx f13:3e8510e0 f22:39747206 f12:440117d3
22790195ns          403286 1c00944e e0daf6cb fnmsub.s         f13, f21, f13, f28  f13=xxxxxxxx f21:30354a31 f13:3e8510e0 f28:3b0ef0ba
22790215ns          403287 1c009452 01032a2b p.sw             x16, 20(x6!)         x6=10001718 x16:bea3e1ed  x6:10001704  PA:10001704
22790235ns          403288 1c009456 fec52623 sw               x12, -20(x10)       x12:440117d2 x10:1000171c  PA:10001708
22790255ns          403289 1c00945a fed52823 sw               x13, -16(x10)       x13:3b0ef0b9 x10:1000171c  PA:1000170c
22790275ns          403290 1c009432 00052603 lw               x12, 0(x10)         x12=3b13c499 x10:1000171c  PA:1000171c
22790295ns          403291 1c009434 00032803 lw               x16, 0(x6)          x16=387e0129  x6:10001718  PA:10001718
22790315ns          403292 1c009438 00452e03 lw               x28, 4(x10)         x28=440b724e x10:1000171c  PA:10001720
22790334ns          403293 1c00943c 817676c3 fmadd.s          f13, f12, f23, f16  f13=xxxxxxxx f12:3b13c499 f23:38f47206 f16:387e0129
22790354ns          403294 1c009440 01450513 addi             x10, x10, 20        x10=10001730 x10:1000171c
22790374ns          403295 1c009442 69cd76c3 fmadd.s          f13, f26, f28, f13  f13=xxxxxxxx f26:2fb54a31 f28:440b724e f13:387f1b5b
22790394ns          403296 1c009446 8136f84b fnmsub.s         f16, f13, f19, f16  f16=xxxxxxxx f13:387fe0db f19:40000000 f16:387e0129
22790414ns          403297 1c00944a 6166f64b fnmsub.s         f12, f13, f22, f12  f12=xxxxxxxx f13:387fe0db f22:39747206 f12:3b13c499
22790434ns          403298 1c00944e e0daf6cb fnmsub.s         f13, f21, f13, f28  f13=xxxxxxxx f21:30354a31 f13:387fe0db f28:440b724e
22790454ns          403299 1c009452 01032a2b p.sw             x16, 20(x6!)         x6=1000172c x16:b880e046  x6:10001718  PA:10001718
22790474ns          403300 1c009456 fec52623 sw               x12, -20(x10)       x12:3b13c45c x10:10001730  PA:1000171c
22790494ns          403301 1c00945a fed52823 sw               x13, -16(x10)       x13:440b724e x10:10001730  PA:10001720
22790514ns          403302 1c009432 00052603 lw               x12, 0(x10)         x12=390b98bb x10:10001730  PA:10001730
22790533ns          403303 1c009434 00032803 lw               x16, 0(x6)          x16=b86cb82f  x6:1000172c  PA:1000172c
22790553ns          403304 1c009438 00452e03 lw               x28, 4(x10)         x28=b80ea26b x10:10001730  PA:10001734
22790573ns          403305 1c00943c 817676c3 fmadd.s          f13, f12, f23, f16  f13=xxxxxxxx f12:390b98bb f23:38f47206 f16:b86cb82f
22790593ns          403306 1c009440 01450513 addi             x10, x10, 20        x10=10001744 x10:10001730
22790613ns          403307 1c009442 69cd76c3 fmadd.s          f13, f26, f28, f13  f13=xxxxxxxx f26:2fb54a31 f28:b80ea26b f13:b86ca786
22790633ns          403308 1c009446 8136f84b fnmsub.s         f16, f13, f19, f16  f16=xxxxxxxx f13:b86ca786 f19:40000000 f16:b86cb82f
22790653ns          403309 1c00944a 6166f64b fnmsub.s         f12, f13, f22, f12  f12=xxxxxxxx f13:b86ca786 f22:39747206 f12:390b98bb
22790673ns          403310 1c00944e e0daf6cb fnmsub.s         f13, f21, f13, f28  f13=xxxxxxxx f21:30354a31 f13:b86ca786 f28:b80ea26b
22790693ns          403311 1c009452 01032a2b p.sw             x16, 20(x6!)         x6=10001740 x16:386c96dd  x6:1000172c  PA:1000172c
22790712ns          403312 1c009456 fec52623 sw               x12, -20(x10)       x12:390b9c43 x10:10001744  PA:10001730
22790732ns          403313 1c00945a fed52823 sw               x13, -16(x10)       x13:b80ea26b x10:10001744  PA:10001734
22790752ns          403314 1c009432 00052603 lw               x12, 0(x10)         x12=b81d05cb x10:10001744  PA:10001744
22790772ns          403315 1c009434 00032803 lw               x16, 0(x6)          x16=369e4d36  x6:10001740  PA:10001740
22790792ns          403316 1c009438 00452e03 lw               x28, 4(x10)         x28=369e0424 x10:10001744  PA:10001748
22790812ns          403317 1c00943c 817676c3 fmadd.s          f13, f12, f23, f16  f13=xxxxxxxx f12:b81d05cb f23:38f47206 f16:369e4d36
22790832ns          403318 1c009440 01450513 addi             x10, x10, 20        x10=10001758 x10:10001744
22790852ns          403319 1c009442 69cd76c3 fmadd.s          f13, f26, f28, f13  f13=xxxxxxxx f26:2fb54a31 f28:369e0424 f13:369e27ba
22790872ns          403320 1c009446 8136f84b fnmsub.s         f16, f13, f19, f16  f16=xxxxxxxx f13:369e27ba f19:40000000 f16:369e4d36
22790891ns          403321 1c00944a 6166f64b fnmsub.s         f12, f13, f22, f12  f12=xxxxxxxx f13:369e27ba f22:39747206 f12:b81d05cb
22790911ns          403322 1c00944e e0daf6cb fnmsub.s         f13, f21, f13, f28  f13=xxxxxxxx f21:30354a31 f13:369e27ba f28:369e0424
22790931ns          403323 1c009452 01032a2b p.sw             x16, 20(x6!)         x6=10001754 x16:b69e023e  x6:10001740  PA:10001740
22790951ns          403324 1c009456 fec52623 sw               x12, -20(x10)       x12:b81d06f9 x10:10001758  PA:10001744
22790971ns          403325 1c00945a fed52823 sw               x13, -16(x10)       x13:369e0424 x10:10001758  PA:10001748
22791031ns          403328 1c00945e 00158513 addi             x10, x11, 1         x10=00000002 x11:00000001
22791051ns          403329 1c009462 02a12023 sw               x10, 32(x2)         x10:00000002  x2:100015f8  PA:10001618
22791070ns          403330 1c009464 73b55263 bge              x10, x27, 1828      x10:00000002 x27:00000002
22791170ns          403335 1c009b88 ffbc0913 addi             x18, x24, -5        x18=00000000 x24:00000005
22791210ns          403337 1c009b8c 005c0613 addi             x12, x24, 5         x12=0000000a x24:00000005
22791269ns          403340 1c009b90 be0dcce3 blt              x27, x0, -1032      x27:00000002
22791309ns          403342 1c009b94 01b005b3 add              x11, x0, x27        x11=00000002 x27:00000002
22791329ns          403343 1c009b96 00000693 addi             x13, x0, 0          x13=00000000
22791349ns          403344 1c009b98 9b5ff06f jal              x0, -1612          
22791428ns          403348 1c00954c 01812803 lw               x16, 24(x2)         x16=100016f0  x2:100015f8  PA:10001610
22791508ns          403352 1c00954e 00d90333 add              x6, x18, x13         x6=00000000 x18:00000000 x13:00000000
22791548ns          403354 1c009552 00dc08b3 add              x17, x24, x13       x17=00000005 x24:00000005 x13:00000000
22791568ns          403355 1c009556 00231313 slli             x6, x6, 0x2          x6=00000000  x6:00000000
22791588ns          403356 1c009558 00289893 slli             x17, x17, 0x2       x17=00000014 x17:00000005
22791608ns          403357 1c00955a 01030333 add              x6, x6, x16          x6=100016f0  x6:00000000 x16:100016f0
22791627ns          403358 1c00955c 010888b3 add              x17, x17, x16       x17=10001704 x17:00000014 x16:100016f0
22791647ns          403359 1c00955e 00032e83 lw               x29, 0(x6)          x29=c4ab44a1  x6:100016f0  PA:100016f0
22791687ns          403361 1c009562 0008a803 lw               x16, 0(x17)         x16=bea3e1ed x17:10001704  PA:10001704
22791707ns          403362 1c009566 00d60e33 add              x28, x12, x13       x28=0000000a x12:0000000a x13:00000000
22791727ns          403363 1c00956a 01812283 lw               x5, 24(x2)           x5=100016f0  x2:100015f8  PA:10001610
22791747ns          403364 1c00956c 002e1e13 slli             x28, x28, 0x2       x28=00000028 x28:0000000a
22791767ns          403365 1c00956e 005e0e33 add              x28, x28, x5        x28=10001718 x28:00000028  x5:100016f0
22791787ns          403366 1c009570 e90bf843 fmadd.s          f16, f23, f16, f29  f16=xxxxxxxx f23:38f47206 f16:bea3e1ed f29:c4ab44a1
22791826ns          403368 1c009574 000e2f03 lw               x30, 0(x28)         x30=b880e046 x28:10001718  PA:10001718
22791846ns          403369 1c009578 00168513 addi             x10, x13, 1         x10=00000001 x13:00000000
22791866ns          403370 1c00957c 81ed7843 fmadd.s          f16, f26, f30, f16  f16=xxxxxxxx f26:2fb54a31 f30:b880e046 f16:c4ab44a1
22791926ns          403373 1c009580 e909fecb fnmsub.s         f29, f19, f16, f29  f29=xxxxxxxx f19:40000000 f16:c4ab44a1 f29:c4ab44a1
22791966ns          403375 1c009584 01d32023 sw               x29, 0(x6)          x29:44ab44a1  x6:100016f0  PA:100016f0
22791985ns          403376 1c009588 0008a303 lw               x6, 0(x17)           x6=bea3e1ed x17:10001704  PA:10001704
22792025ns          403378 1c00958c 310b734b fnmsub.s         f6, f22, f16, f6     f6=xxxxxxxx f22:39747206 f16:c4ab44a1  f6:bea3e1ed
22792065ns          403380 1c009590 0068a023 sw               x6, 0(x17)           x6:ba3075f1 x17:10001704  PA:10001704
22792105ns          403382 1c009594 000e2f03 lw               x30, 0(x28)         x30=b880e046 x28:10001718  PA:10001718
22792145ns          403384 1c009598 f10af84b fnmsub.s         f16, f21, f16, f30  f16=xxxxxxxx f21:30354a31 f16:c4ab44a1 f30:b880e046
22792164ns          403385 1c00959c 010e2023 sw               x16, 0(x28)         x16:b87df643 x28:10001718  PA:10001718
22792204ns          403387 1c0095a0 1ea5c463 blt              x11, x10, 488       x11:00000002 x10:00000001
22792244ns          403389 1c0095a4 01250e33 add              x28, x10, x18       x28=00000001 x10:00000001 x18:00000000
22792264ns          403390 1c0095a8 01850333 add              x6, x10, x24         x6=00000006 x10:00000001 x24:00000005
22792284ns          403391 1c0095ac 002e1e13 slli             x28, x28, 0x2       x28=00000004 x28:00000001
22792304ns          403392 1c0095ae 00231313 slli             x6, x6, 0x2          x6=00000018  x6:00000006
22792343ns          403394 1c0095b0 00530333 add              x6, x6, x5           x6=10001708  x6:00000018  x5:100016f0
22792363ns          403395 1c0095b2 005e0e33 add              x28, x28, x5        x28=100016f4 x28:00000004  x5:100016f0
22792383ns          403396 1c0095b4 000e2e83 lw               x29, 0(x28)         x29=bdf5787c x28:100016f4  PA:100016f4
22792403ns          403397 1c0095b8 00032883 lw               x17, 0(x6)          x17=440117d2  x6:10001708  PA:10001708
22792423ns          403398 1c0095bc 00c50533 add              x10, x10, x12       x10=0000000b x10:00000001 x12:0000000a
22792443ns          403399 1c0095be 00251513 slli             x10, x10, 0x2       x10=0000002c x10:0000000b
22792483ns          403401 1c0095c0 00550533 add              x10, x10, x5        x10=1000171c x10:0000002c  x5:100016f0
22792522ns          403403 1c0095c2 e91bf8c3 fmadd.s          f17, f23, f17, f29  f17=xxxxxxxx f23:38f47206 f17:440117d2 f29:bdf5787c
22792542ns          403404 1c0095c6 00052f03 lw               x30, 0(x10)         x30=3b13c45c x10:1000171c  PA:1000171c
22792562ns          403405 1c0095ca 00268813 addi             x16, x13, 2         x16=00000002 x13:00000000
22792622ns          403408 1c0095ce 89ed78c3 fmadd.s          f17, f26, f30, f17  f17=xxxxxxxx f26:2fb54a31 f30:3b13c45c f17:bd746890
22792662ns          403410 1c0095d2 e919fecb fnmsub.s         f29, f19, f17, f29  f29=xxxxxxxx f19:40000000 f17:bd746890 f29:bdf5787c
22792682ns          403411 1c0095d6 01de2023 sw               x29, 0(x28)         x29:ba07f600 x28:100016f4  PA:100016f4
22792701ns          403412 1c0095da 00032e03 lw               x28, 0(x6)          x28=440117d2  x6:10001708  PA:10001708
22792761ns          403415 1c0095de e11b7e4b fnmsub.s         f28, f22, f17, f28  f28=xxxxxxxx f22:39747206 f17:bd746890 f28:440117d2
22792801ns          403417 1c0095e2 01c32023 sw               x28, 0(x6)          x28:440117d2  x6:10001708  PA:10001708
22792821ns          403418 1c0095e6 00052f03 lw               x30, 0(x10)         x30=3b13c45c x10:1000171c  PA:1000171c
22792861ns          403420 1c0095ea f11af8cb fnmsub.s         f17, f21, f17, f30  f17=xxxxxxxx f21:30354a31 f17:bd746890 f30:3b13c45c
22792900ns          403422 1c0095ee 01152023 sw               x17, 0(x10)         x17:3b13c45c x10:1000171c  PA:1000171c
22792940ns          403424 1c0095f2 1905cb63 blt              x11, x16, 406       x11:00000002 x16:00000002
22792960ns          403425 1c0095f6 01280e33 add              x28, x16, x18       x28=00000002 x16:00000002 x18:00000000
22792980ns          403426 1c0095fa 01880333 add              x6, x16, x24         x6=00000007 x16:00000002 x24:00000005
22793000ns          403427 1c0095fe 002e1e13 slli             x28, x28, 0x2       x28=00000008 x28:00000002
22793040ns          403429 1c009600 00231313 slli             x6, x6, 0x2          x6=0000001c  x6:00000007
22793060ns          403430 1c009602 00530333 add              x6, x6, x5           x6=1000170c  x6:0000001c  x5:100016f0
22793079ns          403431 1c009604 005e0e33 add              x28, x28, x5        x28=100016f8 x28:00000008  x5:100016f0
22793099ns          403432 1c009606 000e2e83 lw               x29, 0(x28)         x29=b5729251 x28:100016f8  PA:100016f8
22793119ns          403433 1c00960a 00032883 lw               x17, 0(x6)          x17=3b0ef0b9  x6:1000170c  PA:1000170c
22793179ns          403436 1c00960e 00c80533 add              x10, x16, x12       x10=0000000c x16:00000002 x12:0000000a
22793199ns          403437 1c009612 00251513 slli             x10, x10, 0x2       x10=00000030 x10:0000000c
22793219ns          403438 1c009614 00550533 add              x10, x10, x5        x10=10001720 x10:00000030  x5:100016f0
22793239ns          403439 1c009616 e91bf8c3 fmadd.s          f17, f23, f17, f29  f17=xxxxxxxx f23:38f47206 f17:3b0ef0b9 f29:b5729251
22793258ns          403440 1c00961a 00052f03 lw               x30, 0(x10)         x30=440b724e x10:10001720  PA:10001720
22793318ns          403443 1c00961e 00368813 addi             x16, x13, 3         x16=00000003 x13:00000000
22793358ns          403445 1c009622 89ed78c3 fmadd.s          f17, f26, f30, f17  f17=xxxxxxxx f26:2fb54a31 f30:440b724e f17:b52e53c4
22793378ns          403446 1c009626 e919fecb fnmsub.s         f29, f19, f17, f29  f29=xxxxxxxx f19:40000000 f17:b4f9e74d f29:b5729251
22793398ns          403447 1c00962a 01de2023 sw               x29, 0(x28)         x29:32ea9f80 x28:100016f8  PA:100016f8
22793457ns          403450 1c00962e 00032e03 lw               x28, 0(x6)          x28=3b0ef0b9  x6:1000170c  PA:1000170c
22793497ns          403452 1c009632 e11b7e4b fnmsub.s         f28, f22, f17, f28  f28=xxxxxxxx f22:39747206 f17:b4f9e74d f28:3b0ef0b9
22793517ns          403453 1c009636 01c32023 sw               x28, 0(x6)          x28:3b0ef0b9  x6:1000170c  PA:1000170c
22793537ns          403454 1c00963a 00052f03 lw               x30, 0(x10)         x30=440b724e x10:10001720  PA:10001720
22793597ns          403457 1c00963e f11af8cb fnmsub.s         f17, f21, f17, f30  f17=xxxxxxxx f21:30354a31 f17:b4f9e74d f30:440b724e
22793636ns          403459 1c009642 01152023 sw               x17, 0(x10)         x17:440b724e x10:10001720  PA:10001720
22793656ns          403460 1c009646 1505c163 blt              x11, x16, 322       x11:00000002 x16:00000003
22793815ns          403468 1c009788 ff072383 lw               x7, -16(x14)         x7=3ef8c0ff x14:10001768  PA:10001758
22793855ns          403470 1c00978c 00472283 lw               x5, 4(x14)           x5=bdef0f25 x14:10001768  PA:1000176c
22793915ns          403473 1c009790 fec72483 lw               x9, -20(x14)         x9=be465b59 x14:10001768  PA:10001754
22793955ns          403475 1c009794 00072403 lw               x8, 0(x14)           x8=3f5f2b40 x14:10001768  PA:10001768
22793975ns          403476 1c009796 ffc72c03 lw               x24, -4(x14)        x24=bf485a35 x14:10001768  PA:10001764
22793994ns          403477 1c00979a 01072883 lw               x17, 16(x14)        x17=be4ce6e1 x14:10001768  PA:10001778
22794054ns          403480 1c00979e ff472f03 lw               x30, -12(x14)       x30=3dd01f92 x14:10001768  PA:1000175c
22794094ns          403482 1c0097a2 00872e83 lw               x29, 8(x14)         x29=3ed92ce0 x14:10001768  PA:10001770
22794114ns          403483 1c0097a6 3972f543 fmadd.s          f10, f5, f23, f7    f10=xxxxxxxx  f5:bdef0f25 f23:38f47206  f7:3ef8c0ff
22794134ns          403484 1c0097aa 49747843 fmadd.s          f16, f8, f23, f9    f16=xxxxxxxx  f8:3f5f2b40 f23:38f47206  f9:be465b59
22794193ns          403487 1c0097ae c178f943 fmadd.s          f18, f17, f23, f24  f18=xxxxxxxx f17:be4ce6e1 f23:38f47206 f24:bf485a35
22794233ns          403489 1c0097b2 01872c03 lw               x24, 24(x14)        x24=bd90d298 x14:10001768  PA:10001780
22794253ns          403490 1c0097b6 01472883 lw               x17, 20(x14)        x17=3e427fe8 x14:10001768  PA:1000177c
22794273ns          403491 1c0097ba ff872e03 lw               x28, -8(x14)        x28=3ea4cbc2 x14:10001768  PA:10001760
22794333ns          403494 1c0097be 00c72303 lw               x6, 12(x14)          x6=3da49a03 x14:10001768  PA:10001774
22794372ns          403496 1c0097c2 f17ef5c3 fmadd.s          f11, f29, f23, f30  f11=xxxxxxxx f29:3ed92ce0 f23:38f47206 f30:3dd01f92
22794392ns          403497 1c0097c6 518d7543 fmadd.s          f10, f26, f24, f10  f10=xxxxxxxx f26:2fb54a31 f24:bd90d298 f10:3ef8bf36
22794412ns          403498 1c0097ca 01c72c03 lw               x24, 28(x14)        x24=bef8b229 x14:10001768  PA:10001784
22794472ns          403501 1c0097ce 811d7843 fmadd.s          f16, f26, f17, f16  f16=xxxxxxxx f26:2fb54a31 f17:3e427fe8 f16:be4640b6
22794512ns          403503 1c0097d2 e17376c3 fmadd.s          f13, f6, f23, f28   f13=xxxxxxxx  f6:3da49a03 f23:38f47206 f28:3ea4cbc2
22794531ns          403504 1c0097d6 598d75c3 fmadd.s          f11, f26, f24, f11  f11=xxxxxxxx f26:2fb54a31 f24:bef8b229 f11:3dd0397e
22794551ns          403505 1c0097da 02072c03 lw               x24, 32(x14)        x24=bf389a48 x14:10001768  PA:10001788
22794611ns          403508 1c0097de 4909f4cb fnmsub.s         f9, f19, f16, f9     f9=xxxxxxxx f19:40000000 f16:be4640b6  f9:be465b59
22794651ns          403510 1c0097e2 698d76c3 fmadd.s          f13, f26, f24, f13  f13=xxxxxxxx f26:2fb54a31 f24:bf389a48 f13:3ea4ccfc
22794671ns          403511 1c0097e6 4168744b fnmsub.s         f8, f16, f22, f8     f8=xxxxxxxx f16:be4640b6 f22:39747206  f8:3f5f2b40
22794691ns          403512 1c0097ea 02472c03 lw               x24, 36(x14)        x24=bee6ae32 x14:10001768  PA:1000178c
22794750ns          403515 1c0097ee 890af84b fnmsub.s         f16, f21, f16, f17  f16=xxxxxxxx f21:30354a31 f16:be4640b6 f17:3e427fe8
22794790ns          403517 1c0097f2 01872883 lw               x17, 24(x14)        x17=bd90d298 x14:10001768  PA:10001780
22794810ns          403518 1c0097f6 918d7943 fmadd.s          f18, f26, f24, f18  f18=xxxxxxxx f26:2fb54a31 f24:bee6ae32 f18:bf485bbc
22794830ns          403519 1c0097fa 38a9f3cb fnmsub.s         f7, f19, f10, f7     f7=xxxxxxxx f19:40000000 f10:3ef8bf36  f7:3ef8c0ff
22794889ns          403522 1c0097fe 01c72c03 lw               x24, 28(x14)        x24=bef8b229 x14:10001768  PA:10001784
22794929ns          403524 1c009802 296572cb fnmsub.s         f5, f10, f22, f5     f5=xxxxxxxx f10:3ef8bf36 f22:39747206  f5:bdef0f25
22794949ns          403525 1c009806 88aaf54b fnmsub.s         f10, f21, f10, f17  f10=xxxxxxxx f21:30354a31 f10:3ef8bf36 f17:bd90d298
22794969ns          403526 1c00980a 02072883 lw               x17, 32(x14)        x17=bf389a48 x14:10001768  PA:10001788
22795029ns          403529 1c00980e f0b9ff4b fnmsub.s         f30, f19, f11, f30  f30=xxxxxxxx f19:40000000 f11:3dd0397e f30:3dd01f92
22795068ns          403531 1c009812 e965fecb fnmsub.s         f29, f11, f22, f29  f29=xxxxxxxx f11:3dd0397e f22:39747206 f29:3ed92ce0
22795088ns          403532 1c009816 e0d9fe4b fnmsub.s         f28, f19, f13, f28  f28=xxxxxxxx f19:40000000 f13:3ea4ccfc f28:3ea4cbc2
22795108ns          403533 1c00981a c0baf5cb fnmsub.s         f11, f21, f11, f24  f11=xxxxxxxx f21:30354a31 f11:3dd0397e f24:bef8b229
22795168ns          403536 1c00981e 3166f34b fnmsub.s         f6, f13, f22, f6     f6=xxxxxxxx f13:3ea4ccfc f22:39747206  f6:3da49a03
22795208ns          403538 1c009822 ffc72c03 lw               x24, -4(x14)        x24=bf485a35 x14:10001768  PA:10001764
22795228ns          403539 1c009826 88daf6cb fnmsub.s         f13, f21, f13, f17  f13=xxxxxxxx f21:30354a31 f13:3ea4ccfc f17:bf389a48
22795248ns          403540 1c00982a c129fc4b fnmsub.s         f24, f19, f18, f24  f24=xxxxxxxx f19:40000000 f18:bf485bbc f24:bf485a35
22795267ns          403541 1c00982e 00b72e23 sw               x11, 28(x14)        x11:bef8b229 x14:10001768  PA:10001784
22795307ns          403543 1c009830 02d72023 sw               x13, 32(x14)        x13:bf389a48 x14:10001768  PA:10001788
22795327ns          403544 1c009832 01072683 lw               x13, 16(x14)        x13=be4ce6e1 x14:10001768  PA:10001778
22795347ns          403545 1c009834 ff872e23 sw               x24, -4(x14)        x24:3f485d43 x14:10001768  PA:10001764
22795367ns          403546 1c009838 69697c4b fnmsub.s         f24, f18, f22, f13  f24=xxxxxxxx f18:bf485bbc f22:39747206 f13:be4ce6e1
22795387ns          403547 1c00983c 02472683 lw               x13, 36(x14)        x13=bee6ae32 x14:10001768  PA:1000178c
22795446ns          403550 1c00983e fe972623 sw               x9, -20(x14)         x9:3e462613 x14:10001768  PA:10001754
22795486ns          403552 1c009842 692af8cb fnmsub.s         f17, f21, f18, f13  f17=xxxxxxxx f21:30354a31 f18:bf485bbc f13:bee6ae32
22795506ns          403553 1c009846 00872023 sw               x8, 0(x14)           x8:3f5f2e35 x14:10001768  PA:10001768
22795526ns          403554 1c009848 01072a23 sw               x16, 20(x14)        x16:3e427fe8 x14:10001768  PA:1000177c
22795546ns          403555 1c00984c fe772823 sw               x7, -16(x14)         x7:bef8bd6d x14:10001768  PA:10001758
22795586ns          403557 1c009850 00572223 sw               x5, 4(x14)           x5:bdef4a86 x14:10001768  PA:1000176c
22795625ns          403559 1c009854 00a72c23 sw               x10, 24(x14)        x10:bd90d298 x14:10001768  PA:10001780
22795645ns          403560 1c009856 ffe72a23 sw               x30, -12(x14)       x30:bdd0536a x14:10001768  PA:1000175c
22795665ns          403561 1c00985a 01d72423 sw               x29, 8(x14)         x29:3ed929c5 x14:10001768  PA:10001770
22795725ns          403564 1c00985e ffc72c23 sw               x28, -8(x14)        x28:bea4ce36 x14:10001768  PA:10001760
22795745ns          403565 1c009862 02012583 lw               x11, 32(x2)         x11=00000002  x2:100015f8  PA:10001618
22795765ns          403566 1c009864 00672623 sw               x6, 12(x14)          x6:3da472ac x14:10001768  PA:10001774
22795785ns          403567 1c009868 01872823 sw               x24, 16(x14)        x24:be4cb70d x14:10001768  PA:10001778
22795804ns          403568 1c00986c 03172223 sw               x17, 36(x14)        x17:bee6ae32 x14:10001768  PA:1000178c
22795864ns          403571 1c009870 01470713 addi             x14, x14, 20        x14=1000177c x14:10001768
22795884ns          403572 1c009872 01478793 addi             x15, x15, 20        x15=10001718 x15:10001704
22795904ns          403573 1c009874 004a0a13 addi             x20, x20, 4         x20=10001758 x20:10001754
22795924ns          403574 1c009876 02812683 lw               x13, 40(x2)         x13=100016f4  x2:100015f8  PA:10001620
22795944ns          403575 1c009878 00c00c33 add              x24, x0, x12        x24=0000000a x12:0000000a
22795964ns          403576 1c00987a 014f8f93 addi             x31, x31, 20        x31=10001704 x31:100016f0
22795983ns          403577 1c00987c 90bdd8e3 bge              x27, x11, -1776     x27:00000002 x11:00000002
22796083ns          403582 1c00918c 0bb587e3 beq              x11, x27, 2222      x11:00000002 x27:00000002
22796322ns          403594 1c009a3a 0cbccf63 blt              x25, x11, 222       x25:00000001 x11:00000002
22796461ns          403601 1c009b18 0046a603 lw               x12, 4(x13)         x12=32ea9f80 x13:100016f4  PA:100016f8
22796501ns          403603 1c009b1a 00000813 addi             x16, x0, 0          x16=00000000
22796521ns          403604 1c009b1e 0006a503 lw               x10, 0(x13)         x10=ba07f600 x13:100016f4  PA:100016f4
22796560ns          403606 1c009b20 a1061853 flt.s            x16, f12, f16       x16=00000000 f12:32ea9f80 f16:00000000
22796600ns          403608 1c009b24 08a12223 sw               x10, 132(x2)        x10:ba07f600  x2:100015f8  PA:1000167c
22796620ns          403609 1c009b26 08c12423 sw               x12, 136(x2)        x12:32ea9f80  x2:100015f8  PA:10001680
22796640ns          403610 1c009b28 f20803e3 beq              x16, x0, -218       x16:00000000
22796799ns          403618 1c009a4e 00000813 addi             x16, x0, 0          x16=00000000
22796839ns          403620 1c009a52 a1062353 feq.s            x6, f12, f16         x6=00000000 f12:32ea9f80 f16:00000000
22796859ns          403621 1c009a56 00200893 addi             x17, x0, 2          x17=00000002
22796879ns          403622 1c009a58 00100e93 addi             x29, x0, 1          x29=00000001
22796898ns          403623 1c009a5a fa030c63 beq              x6, x0, -2120        x6:00000000
22797058ns          403631 1c009212 a1051853 flt.s            x16, f10, f16       x16=00000001 f10:ba07f600 f16:00000000
22797077ns          403632 1c009216 180812e3 bne              x16, x0, 2436       x16:00000001
22797296ns          403643 1c009b9a 20a51853 fsgnjn.s         f16, f10, f10       f16=xxxxxxxx f10:ba07f600 f10:ba07f600
22797356ns          403646 1c009b9e e7eff06f jal              x0, -2434          
22797396ns          403648 1c00921c 00000313 addi             x6, x0, 0            x6=00000000
22797416ns          403649 1c009220 a0661353 flt.s            x6, f12, f6          x6=00000000 f12:32ea9f80  f6:00000000
22797435ns          403650 1c009224 00030463 beq              x6, x0, 8            x6:00000000
22797495ns          403653 1c00922c a0c81353 flt.s            x6, f16, f12         x6=00000000 f16:3a07f600 f12:32ea9f80
22797575ns          403657 1c009230 12031ce3 bne              x6, x0, 2360         x6:00000000
22797615ns          403659 1c009234 a1061353 flt.s            x6, f12, f16         x6=00000001 f12:32ea9f80 f16:3a07f600
22797634ns          403660 1c009238 18031fe3 bne              x6, x0, 2462         x6:00000001
22797833ns          403670 1c009bd6 1c000337 lui              x6, 0x1c000000       x6=1c000000
22797853ns          403671 1c009bda 04c30313 addi             x6, x6, 76           x6=1c00004c  x6:1c000000
22797913ns          403674 1c009bde 00032303 lw               x6, 0(x6)            x6=3f800000  x6:1c00004c  PA:1c00004c
22798251ns          403691 1c009be2 19067653 fdiv.s           f12, f12, f16       f12=xxxxxxxx f12:32ea9f80 f16:3a07f600
22798768ns          403717 1c009be6 30c67643 fmadd.s          f12, f12, f12, f6   f12=xxxxxxxx f12:385ce298 f12:385ce298  f6:3f800000
22798788ns          403718 1c009bea 58067653 fsqrt.s          f12, f12            f12=xxxxxxxx f12:3f800000
22799325ns          403745 1c009bee 10c87653 fmul.s           f12, f16, f12       f12=xxxxxxxx f16:3a07f600 f12:3f800000
22799345ns          403746 1c009bf2 e62ff06f jal              x0, -2462          
22799425ns          403750 1c009254 00000813 addi             x16, x0, 0          x16=00000000
22799464ns          403752 1c009258 a0a80853 fle.s            x16, f16, f10       x16=00000000 f16:00000000 f10:ba07f600
22799484ns          403753 1c00925c 00080463 beq              x16, x0, 8          x16:00000000
22799584ns          403758 1c009264 00000813 addi             x16, x0, 0          x16=00000000
22799604ns          403759 1c009268 a1061853 flt.s            x16, f12, f16       x16=00000000 f12:3a07f600 f16:00000000
22799623ns          403760 1c00926c 12081be3 bne              x16, x0, 2358       x16:00000000
22799683ns          403763 1c009270 00c00833 add              x16, x0, x12        x16=3a07f600 x12:3a07f600
22799723ns          403765 1c009272 1c0004b7 lui              x9, 0x1c000000       x9=1c000000
22799743ns          403766 1c009276 03048493 addi             x9, x9, 48           x9=1c000030  x9:1c000000
22799763ns          403767 1c00927a 0004a483 lw               x9, 0(x9)            x9=0c000000  x9:1c000030  PA:1c000030
22800081ns          403783 1c00927c a0981853 flt.s            x16, f16, f9        x16=00000000 f16:3a07f600  f9:0c000000
22800101ns          403784 1c009280 0a080ce3 beq              x16, x0, 2232       x16:00000000
22800161ns          403787 1c009b38 1c000337 lui              x6, 0x1c000000       x6=1c000000
22800180ns          403788 1c009b3c 04c32803 lw               x16, 76(x6)         x16=3f800000  x6:1c000000  PA:1c00004c
22800598ns          403809 1c009b40 08c57353 fsub.s           f6, f10, f12         f6=xxxxxxxx f10:ba07f600 f12:3a07f600
22800618ns          403810 1c009b44 18687853 fdiv.s           f16, f16, f6        f16=xxxxxxxx f16:3f800000  f6:ba87f600  PA:10001680
22800857ns          403822 1c009b48 08812303 lw               x6, 136(x2)          x6=xxxxxxxx  x2:100015f8
22800877ns          403823 1c009b4a 08a679d3 fsub.s           f19, f12, f10       f19=xxxxxxxx f12:3a07f600 f10:ba07f600
22801135ns          403836 1c009b4e 11037353 fmul.s           f6, f6, f16          f6=xxxxxxxx  f6:32ea9f80 f16:c47102aa
22801155ns          403837 1c009b52 18c9f9d3 fdiv.s           f19, f19, f12       f19=xxxxxxxx f19:3a87f600 f12:3a07f600  PA:10001680
22801414ns          403850 1c009b56 08612423 sw               x6, 136(x2)          x6:b7dce299  x2:100015f8
22801434ns          403851 1c009b58 0038b663 p.bneimm         x17, 12             x17:00000002
22801493ns          403854 1c009b64 00c00533 add              x10, x0, x12        x10=xxxxxxxx x12:3a07f600
22801513ns          403855 1c009b66 87fff06f jal              x0, -1922            PA:1000167c
22801593ns          403859 1c0093e4 08a12223 sw               x10, 132(x2)        x10:3a07f600  x2:100015f8
22801632ns          403861 1c0093e6 4cbcd763 bge              x25, x11, 1230      x25:00000001 x11:00000002  PA:100016f4
22801652ns          403862 1c0093ea 00a6a023 sw               x10, 0(x13)         x10:3a07f600 x13:100016f4  PA:100016f8
22801672ns          403863 1c0093ec 0006a223 sw               x0, 4(x13)          x13:100016f4
22801712ns          403865 1c0093f0 01b5d463 bge              x11, x27, 8         x11:00000002 x27:00000002  PA:10001680
22801772ns          403868 1c0093f8 08812b83 lw               x23, 136(x2)        x23=xxxxxxxx  x2:100015f8
22801811ns          403870 1c0093fa 1179fb53 fmul.s           f22, f19, f23       f22=xxxxxxxx f19:40000000 f23:b7dce299
22801851ns          403872 1c0093fe 4c38bd63 p.bneimm         x17, 1242           x17:00000002
22801951ns          403877 1c0098d8 01468893 addi             x17, x13, 20        x17=10001708 x13:100016f4
22801990ns          403879 1c0098dc 411a0833 sub              x16, x20, x17       x16=00000050 x20:10001758 x17:10001708
22802050ns          403882 1c0098e0 fec80813 addi             x16, x16, -20       x16=0000003c x16:00000050
22802090ns          403884 1c0098e2 0cccd637 lui              x12, 0xcccd000      x12=0cccd000
22802110ns          403885 1c0098e6 00285813 srli             x16, x16, 0x2       x16=0000000f x16:0000003c
22802130ns          403886 1c0098ea ccd60613 addi             x12, x12, -819      x12=0ccccccd x12:0cccd000
22802189ns          403889 1c0098ee 02c80833 mul              x16, x16, x12       x16=c0000003 x16:0000000f x12:0ccccccd
22802209ns          403890 1c0098f2 01868693 addi             x13, x13, 24        x13=1000170c x13:100016f4
22802229ns          403891 1c0098f4 c3e83833 p.bclr           x16, x16, 1, 30     x16=00000003 x16:c0000003
22802249ns          403892 1c0098f8 02d12423 sw               x13, 40(x2)         x13:1000170c  x2:100015f8  PA:10001620
22802269ns          403893 1c0098fa 00d00333 add              x6, x0, x13          x6=1000170c x13:1000170c
22802289ns          403894 1c0098fc 00180813 addi             x16, x16, 1         x16=00000004 x16:00000003
22802329ns          403896 1c0098fe 00e840fb lp.setup         0x1, x16, 0xe       x16:00000004
22802368ns          403898 1c009902 0008a603 lw               x12, 0(x17)         x12=440117d2 x17:10001708  PA:10001708
22802388ns          403899 1c009906 00032503 lw               x10, 0(x6)          x10=3b0ef0b9  x6:1000170c  PA:1000170c
22802428ns          403901 1c00990a 617576c3 fmadd.s          f13, f10, f23, f12  f13=xxxxxxxx f10:3b0ef0b9 f23:b7dce299 f12:440117d2
22802468ns          403903 1c00990e 6136f64b fnmsub.s         f12, f13, f19, f12  f12=xxxxxxxx f13:440117d2 f19:40000000 f12:440117d2
22802508ns          403905 1c009912 5166f6cb fnmsub.s         f13, f13, f22, f10  f13=xxxxxxxx f13:440117d2 f22:b85ce299 f10:3b0ef0b9
22802528ns          403906 1c009916 00c8aa2b p.sw             x12, 20(x17!)       x17=1000171c x12:c40117d2 x17:10001708  PA:10001708
22802547ns          403907 1c00991a 00d32a2b p.sw             x13, 20(x6!)         x6=10001720 x13:3cf0a390  x6:1000170c  PA:1000170c
22802587ns          403909 1c009902 0008a603 lw               x12, 0(x17)         x12=3b13c45c x17:1000171c  PA:1000171c
22802607ns          403910 1c009906 00032503 lw               x10, 0(x6)          x10=440b724e  x6:10001720  PA:10001720
22802647ns          403912 1c00990a 617576c3 fmadd.s          f13, f10, f23, f12  f13=xxxxxxxx f10:440b724e f23:b7dce299 f12:3b13c45c
22802667ns          403913 1c00990e 6136f64b fnmsub.s         f12, f13, f19, f12  f12=xxxxxxxx f13:bc4bb23c f19:40000000 f12:3b13c45c
22802687ns          403914 1c009912 5166f6cb fnmsub.s         f13, f13, f22, f10  f13=xxxxxxxx f13:bc4bb23c f22:b85ce299 f10:440b724e
22802707ns          403915 1c009916 00c8aa2b p.sw             x12, 20(x17!)       x17=10001730 x12:3cde2ac8 x17:1000171c  PA:1000171c
22802726ns          403916 1c00991a 00d32a2b p.sw             x13, 20(x6!)         x6=10001734 x13:440b724e  x6:10001720  PA:10001720
22802826ns          403921 1c009902 0008a603 lw               x12, 0(x17)         x12=390b9c43 x17:10001730  PA:10001730
22802846ns          403922 1c009906 00032503 lw               x10, 0(x6)          x10=b80ea26b  x6:10001734  PA:10001734
22802886ns          403924 1c00990a 617576c3 fmadd.s          f13, f10, f23, f12  f13=xxxxxxxx f10:b80ea26b f23:b7dce299 f12:390b9c43
22802905ns          403925 1c00990e 6136f64b fnmsub.s         f12, f13, f19, f12  f12=xxxxxxxx f13:390b9c81 f19:40000000 f12:390b9c43
22802925ns          403926 1c009912 5166f6cb fnmsub.s         f13, f13, f22, f10  f13=xxxxxxxx f13:390b9c81 f22:b85ce299 f10:b80ea26b
22802945ns          403927 1c009916 00c8aa2b p.sw             x12, 20(x17!)       x17=10001744 x12:b90b9cbf x17:10001730  PA:10001730
22802965ns          403928 1c00991a 00d32a2b p.sw             x13, 20(x6!)         x6=10001748 x13:b80e9ae4  x6:10001734  PA:10001734
22803005ns          403930 1c009902 0008a603 lw               x12, 0(x17)         x12=b81d06f9 x17:10001744  PA:10001744
22803025ns          403931 1c009906 00032503 lw               x10, 0(x6)          x10=369e0424  x6:10001748  PA:10001748
22803065ns          403933 1c00990a 617576c3 fmadd.s          f13, f10, f23, f12  f13=xxxxxxxx f10:369e0424 f23:b7dce299 f12:b81d06f9
22803084ns          403934 1c00990e 6136f64b fnmsub.s         f12, f13, f19, f12  f12=xxxxxxxx f13:b81d071b f19:40000000 f12:b81d06f9
22803104ns          403935 1c009912 5166f6cb fnmsub.s         f13, f13, f22, f10  f13=xxxxxxxx f13:b81d071b f22:b85ce299 f10:369e0424
22803124ns          403936 1c009916 00c8aa2b p.sw             x12, 20(x17!)       x17=10001758 x12:381d073d x17:10001744  PA:10001744
22803144ns          403937 1c00991a 00d32a2b p.sw             x13, 20(x6!)         x6=1000175c x13:369df334  x6:10001748  PA:10001748
22803164ns          403938 1c00991e 000fa603 lw               x12, 0(x31)         x12=ba3075f1 x31:10001704  PA:10001704
22803184ns          403939 1c009922 0007a503 lw               x10, 0(x15)         x10=b87df643 x15:10001718  PA:10001718
22803224ns          403941 1c009924 617576c3 fmadd.s          f13, f10, f23, f12  f13=xxxxxxxx f10:b87df643 f23:b7dce299 f12:ba3075f1
22803244ns          403942 1c009928 6136f64b fnmsub.s         f12, f13, f19, f12  f12=xxxxxxxx f13:ba3075d6 f19:40000000 f12:ba3075f1
22803263ns          403943 1c00992c 5166f6cb fnmsub.s         f13, f13, f22, f10  f13=xxxxxxxx f13:ba3075d6 f22:b85ce299 f10:b87df643
22803283ns          403944 1c009930 00cfa023 sw               x12, 0(x31)         x12:3a3075bb x31:10001704  PA:10001704
22803303ns          403945 1c009934 00d7a023 sw               x13, 0(x15)         x13:b87e1c53 x15:10001718  PA:10001718
22803323ns          403946 1c009936 07b05863 bge              x0, x27, 112        x27:00000002
22803343ns          403947 1c00993a 004fa603 lw               x12, 4(x31)         x12=c40117d2 x31:10001704  PA:10001708
22803363ns          403948 1c00993e 0047a503 lw               x10, 4(x15)         x10=3cde2ac8 x15:10001718  PA:1000171c
22803781ns          403969 1c009940 617576c3 fmadd.s          f13, f10, f23, f12  f13=xxxxxxxx f10:3cde2ac8 f23:b7dce299 f12:c40117d2
22803820ns          403971 1c009944 6136f64b fnmsub.s         f12, f13, f19, f12  f12=xxxxxxxx f13:c40117d2 f19:40000000 f12:c40117d2
22803840ns          403972 1c009948 5166f6cb fnmsub.s         f13, f13, f22, f10  f13=xxxxxxxx f13:c40117d2 f22:b85ce299 f10:3cde2ac8
22803860ns          403973 1c00994c 00cfa223 sw               x12, 4(x31)         x12:440117d2 x31:10001704  PA:10001708
22803940ns          403977 1c009950 00d7a223 sw               x13, 4(x15)         x13:b89ab14d x15:10001718  PA:1000171c
22803980ns          403979 1c009952 041daa63 p.beqimm         x27, 84             x27:00000002
22803999ns          403980 1c009956 008fa603 lw               x12, 8(x31)         x12=3cf0a390 x31:10001704  PA:1000170c
22804019ns          403981 1c00995a 0087a503 lw               x10, 8(x15)         x10=440b724e x15:10001718  PA:10001720
22804059ns          403983 1c00995c 60abf6c3 fmadd.s          f13, f23, f10, f12  f13=xxxxxxxx f23:b7dce299 f10:440b724e f12:3cf0a390
22804079ns          403984 1c009960 60d9f64b fnmsub.s         f12, f19, f13, f12  f12=xxxxxxxx f19:40000000 f13:3c70a3cd f12:3cf0a390
22804119ns          403986 1c009964 50db76cb fnmsub.s         f13, f22, f13, f10  f13=xxxxxxxx f22:b85ce299 f13:3c70a3cd f10:440b724e
22804139ns          403987 1c009968 00cfa423 sw               x12, 8(x31)         x12:b3f40000 x31:10001704  PA:1000170c
22804159ns          403988 1c00996c 00d7a423 sw               x13, 8(x15)         x13:440b724e x15:10001718  PA:10001720
22804218ns          403991 1c00996e 022dac63 p.beqimm         x27, 56             x27:00000002
22804357ns          403998 1c0099a6 fec72283 lw               x5, -20(x14)         x5=3f5f2e35 x14:1000177c  PA:10001768
22804377ns          403999 1c0099aa ff872803 lw               x16, -8(x14)        x16=3da472ac x14:1000177c  PA:10001774
22804397ns          404000 1c0099ae 00c72503 lw               x10, 12(x14)        x10=bf389a48 x14:1000177c  PA:10001788
22804437ns          404002 1c0099b0 00072383 lw               x7, 0(x14)           x7=3e427fe8 x14:1000177c  PA:1000177c
22804477ns          404004 1c0099b4 ff072e83 lw               x29, -16(x14)       x29=bdef4a86 x14:1000177c  PA:1000176c
22804497ns          404005 1c0099b8 00472e03 lw               x28, 4(x14)         x28=bd90d298 x14:1000177c  PA:10001780
22804517ns          404006 1c0099bc ff472303 lw               x6, -12(x14)         x6=3ed929c5 x14:1000177c  PA:10001770
22804576ns          404009 1c0099c0 00872883 lw               x17, 8(x14)         x17=bef8b229 x14:1000177c  PA:10001784
22804616ns          404011 1c0099c4 ffc72603 lw               x12, -4(x14)        x12=be4cb70d x14:1000177c  PA:10001778
22804636ns          404012 1c0099c8 2973ff43 fmadd.s          f30, f7, f23, f5    f30=xxxxxxxx  f7:3e427fe8 f23:b7dce299  f5:3f5f2e35
22804656ns          404013 1c0099cc 01072683 lw               x13, 16(x14)        x13=bee6ae32 x14:1000177c  PA:1000178c
22804716ns          404016 1c0099ce 817573c3 fmadd.s          f7, f10, f23, f16    f7=xxxxxxxx f10:bf389a48 f23:b7dce299 f16:3da472ac
22804755ns          404018 1c0099d2 6176f943 fmadd.s          f18, f13, f23, f12  f18=xxxxxxxx f13:bee6ae32 f23:b7dce299 f12:be4cb70d
22804775ns          404019 1c0099d6 e97e74c3 fmadd.s          f9, f28, f23, f29    f9=xxxxxxxx f28:bd90d298 f23:b7dce299 f29:bdef4a86
22804795ns          404020 1c0099da 3178f443 fmadd.s          f8, f17, f23, f6     f8=xxxxxxxx f17:bef8b229 f23:b7dce299  f6:3ed929c5
22804815ns          404021 1c0099de 00072683 lw               x13, 0(x14)         x13=3e427fe8 x14:1000177c  PA:1000177c
22804855ns          404023 1c0099e0 8079f84b fnmsub.s         f16, f19, f7, f16   f16=xxxxxxxx f19:40000000  f7:3da47ca0 f16:3da472ac
22804895ns          404025 1c0099e4 5163f54b fnmsub.s         f10, f7, f22, f10   f10=xxxxxxxx  f7:3da47ca0 f22:b85ce299 f10:bf389a48
22804914ns          404026 1c0099e8 01072383 lw               x7, 16(x14)          x7=bee6ae32 x14:1000177c  PA:1000178c
22804934ns          404027 1c0099ec 29e9f2cb fnmsub.s         f5, f19, f30, f5     f5=xxxxxxxx f19:40000000 f30:3f5f2de1  f5:3f5f2e35
22804994ns          404030 1c0099f0 6129f64b fnmsub.s         f12, f19, f18, f12  f12=xxxxxxxx f19:40000000 f18:be4cb3f1 f12:be4cb70d
22805034ns          404032 1c0099f4 696f7f4b fnmsub.s         f30, f30, f22, f13  f30=xxxxxxxx f30:3f5f2de1 f22:b85ce299 f13:3e427fe8
22805054ns          404033 1c0099f8 e899fecb fnmsub.s         f29, f19, f9, f29   f29=xxxxxxxx f19:40000000  f9:bdef498c f29:bdef4a86
22805074ns          404034 1c0099fc e164fe4b fnmsub.s         f28, f9, f22, f28   f28=xxxxxxxx  f9:bdef498c f22:b85ce299 f28:bd90d298
22805133ns          404037 1c009a00 3089f34b fnmsub.s         f6, f19, f8, f6      f6=xxxxxxxx f19:40000000  f8:3ed92b72  f6:3ed929c5
22805173ns          404039 1c009a04 896478cb fnmsub.s         f17, f8, f22, f17   f17=xxxxxxxx  f8:3ed92b72 f22:b85ce299 f17:bef8b229
22805193ns          404040 1c009a08 396976cb fnmsub.s         f13, f18, f22, f7   f13=xxxxxxxx f18:be4cb3f1 f22:b85ce299  f7:bee6ae32
22805213ns          404041 1c009a0c 00158593 addi             x11, x11, 1         x11=00000003 x11:00000002
22805272ns          404044 1c009a0e fec72e23 sw               x12, -4(x14)        x12:3e4cb0d5 x14:1000177c  PA:10001778
22805312ns          404046 1c009a12 fe572623 sw               x5, -20(x14)         x5:bf5f2d8d x14:1000177c  PA:10001768
22805332ns          404047 1c009a16 01e72023 sw               x30, 0(x14)         x30:3e428bf1 x14:1000177c  PA:1000177c
22805352ns          404048 1c009a1a ffd72823 sw               x29, -16(x14)       x29:3def4892 x14:1000177c  PA:1000176c
22805412ns          404051 1c009a1e 01c72223 sw               x28, 4(x14)         x28:bd90d5d2 x14:1000177c  PA:10001780
22805451ns          404053 1c009a22 fe672a23 sw               x6, -12(x14)         x6:bed92d1f x14:1000177c  PA:10001770
22805471ns          404054 1c009a26 01172423 sw               x17, 8(x14)         x17:bef8af3b x14:1000177c  PA:10001784
22805491ns          404055 1c009a2a ff072c23 sw               x16, -8(x14)        x16:bda48694 x14:1000177c  PA:10001774
22805511ns          404056 1c009a2e 00a72623 sw               x10, 12(x14)        x10:bf389a01 x14:1000177c  PA:10001788
22805551ns          404058 1c009a30 00d72823 sw               x13, 16(x14)        x13:bee6af93 x14:1000177c  PA:1000178c
22805571ns          404059 1c009a32 02b12023 sw               x11, 32(x2)         x11:00000003  x2:100015f8  PA:10001618
22805591ns          404060 1c009a34 005c0613 addi             x12, x24, 5         x12=0000000f x24:0000000a
22805611ns          404061 1c009a38 e39ff06f jal              x0, -456           
22805690ns          404065 1c009870 01470713 addi             x14, x14, 20        x14=10001790 x14:1000177c
22805710ns          404066 1c009872 01478793 addi             x15, x15, 20        x15=1000172c x15:10001718
22805730ns          404067 1c009874 004a0a13 addi             x20, x20, 4         x20=1000175c x20:10001758
22805750ns          404068 1c009876 02812683 lw               x13, 40(x2)         x13=1000170c  x2:100015f8  PA:10001620
22805770ns          404069 1c009878 00c00c33 add              x24, x0, x12        x24=0000000f x12:0000000f
22805790ns          404070 1c00987a 014f8f93 addi             x31, x31, 20        x31=10001718 x31:10001704
22805810ns          404071 1c00987c 90bdd8e3 bge              x27, x11, -1776     x27:00000002 x11:00000003
22805829ns          404072 1c009880 04012c03 lw               x24, 64(x2)         x24=444b164f  x2:100015f8  PA:10001638
22805849ns          404073 1c009882 04412c83 lw               x25, 68(x2)         x25=440b724e  x2:100015f8  PA:1000163c
22805869ns          404074 1c009884 02412483 lw               x9, 36(x2)           x9=00000001  x2:100015f8  PA:1000161c
22805889ns          404075 1c009886 01f00793 addi             x15, x0, 31         x15=0000001f
22805909ns          404076 1c009888 00148493 addi             x9, x9, 1            x9=00000002  x9:00000001
22805929ns          404077 1c00988a 02912223 sw               x9, 36(x2)           x9:00000002  x2:100015f8  PA:1000161c
22805949ns          404078 1c00988c 00100293 addi             x5, x0, 1            x5=00000001
22805969ns          404079 1c00988e caf49963 bne              x9, x15, -2894       x9:00000002 x15:0000001f
22806068ns          404084 1c008d40 01c12e83 lw               x29, 28(x2)         x29=00000001  x2:100015f8  PA:10001614
22806108ns          404086 1c008d42 7fddc8e3 blt              x27, x29, 4080      x27:00000002 x29:00000001
22806128ns          404087 1c008d46 41dd8833 sub              x16, x27, x29       x16=00000001 x27:00000002 x29:00000001
22806148ns          404088 1c008d4a 1c0004b7 lui              x9, 0x1c000000       x9=1c000000
22806207ns          404091 1c008d4e fffe8513 addi             x10, x29, -1        x10=00000000 x29:00000001
22806247ns          404093 1c008d52 fffd8793 addi             x15, x27, -1        x15=00000001 x27:00000002
22806267ns          404094 1c008d56 03812603 lw               x12, 56(x2)         x12=1000170c  x2:100015f8  PA:10001630
22806287ns          404095 1c008d58 03412303 lw               x6, 52(x2)           x6=10001708  x2:100015f8  PA:1000162c
22806307ns          404096 1c008d5a 03012683 lw               x13, 48(x2)         x13=10001720  x2:100015f8  PA:10001628
22806327ns          404097 1c008d5c 005005b3 add              x11, x0, x5         x11=00000001  x5:00000001
22806347ns          404098 1c008d5e 00500f33 add              x30, x0, x5         x30=00000001  x5:00000001
22806366ns          404099 1c008d60 01b00433 add              x8, x0, x27          x8=00000002 x27:00000002
22806386ns          404100 1c008d62 00000713 addi             x14, x0, 0          x14=00000000
22806406ns          404101 1c008d66 00100f93 addi             x31, x0, 1          x31=00000001
22806426ns          404102 1c008d68 0244a383 lw               x7, 36(x9)           x7=34000000  x9:1c000000  PA:1c000024
22806724ns          404117 1c008d6c 00180813 addi             x16, x16, 1         x16=00000002 x16:00000001
22806744ns          404118 1c008d6e 7ca7cbe3 blt              x15, x10, 4054      x15:00000001 x10:00000000
22806764ns          404119 1c008d72 078840fb lp.setup         0x1, x16, 0x78      x16:00000002
22806784ns          404120 1c008d76 00062783 lw               x15, 0(x12)         x15=b3f40000 x12:1000170c  PA:1000170c
22806804ns          404121 1c008d78 fff40e93 addi             x29, x8, -1         x29=00000001  x8:00000002
22806824ns          404122 1c008d7c a0e79553 flt.s            x10, f15, f14       x10=00000001 f15:b3f40000 f14:00000000
22806864ns          404124 1c008d80 00050363 beq              x10, x0, 6          x10:00000001
22806903ns          404126 1c008d82 20f797d3 fsgnjn.s         f15, f15, f15       f15=xxxxxxxx f15:b3f40000 f15:b3f40000
22806923ns          404127 1c008d86 1c0008b7 lui              x17, 0x1c000000     x17=1c000000
22806943ns          404128 1c008d8a 02088893 addi             x17, x17, 32        x17=1c000020 x17:1c000000
22807003ns          404131 1c008d8e 0008a883 lw               x17, 0(x17)         x17=0d200000 x17:1c000020  PA:1c000020
22807361ns          404149 1c008d92 a1178553 fle.s            x10, f15, f17       x10=00000000 f15:33f40000 f17:0d200000
22807381ns          404150 1c008d96 0c051763 bne              x10, x0, 206        x10:00000000
22807401ns          404151 1c008d98 00032883 lw               x17, 0(x6)          x17=440117d2  x6:10001708  PA:10001708
22807441ns          404153 1c008d9c a0e895d3 flt.s            x11, f17, f14       x11=00000000 f17:440117d2 f14:00000000
22807460ns          404154 1c008da0 01100bb3 add              x23, x0, x17        x23=440117d2 x17:440117d2
22807480ns          404155 1c008da2 00058363 beq              x11, x0, 6          x11:00000000
22807540ns          404158 1c008da8 0006a503 lw               x10, 0(x13)         x10=440b724e x13:10001720  PA:10001720
22807580ns          404160 1c008daa a0e515d3 flt.s            x11, f10, f14       x11=00000000 f10:440b724e f14:00000000
22807600ns          404161 1c008dae 00a00e33 add              x28, x0, x10        x28=440b724e x10:440b724e
22807620ns          404162 1c008db0 00058363 beq              x11, x0, 6          x11:00000000
22807699ns          404166 1c008db6 01cbfbd3 fadd.s           f23, f23, f28       f23=xxxxxxxx f23:440117d2 f28:440b724e
22807719ns          404167 1c008dba a0eba5d3 feq.s            x11, f23, f14       x11=00000000 f23:44864510 f14:00000000
22807739ns          404168 1c008dbe 00058d63 beq              x11, x0, 26         x11:00000000
22807858ns          404174 1c008dd8 1c0004b7 lui              x9, 0x1c000000       x9=1c000000
22807898ns          404176 1c008ddc 02448493 addi             x9, x9, 36           x9=1c000024  x9:1c000000
22807958ns          404179 1c008de0 0004a483 lw               x9, 0(x9)            x9=34000000  x9:1c000024  PA:1c000024
22808316ns          404197 1c008de2 109bf5d3 fmul.s           f11, f23, f9        f11=xxxxxxxx f23:44864510  f9:34000000
22808336ns          404198 1c008de6 a0b785d3 fle.s            x11, f15, f11       x11=00000001 f15:33f40000 f11:39064510
22808356ns          404199 1c008dea 06058863 beq              x11, x0, 112        x11:00000001
22808375ns          404200 1c008dec 01062a83 lw               x21, 16(x12)        x21=b89ab14d x12:1000170c  PA:1000171c
22808415ns          404202 1c008df0 a0ea95d3 flt.s            x11, f21, f14       x11=00000001 f21:b89ab14d f14:00000000
22808455ns          404204 1c008df4 00058363 beq              x11, x0, 6          x11:00000001
22808475ns          404205 1c008df6 215a9ad3 fsgnjn.s         f21, f21, f21       f21=xxxxxxxx f21:b89ab14d f21:b89ab14d
22808495ns          404206 1c008dfa a0fa95d3 flt.s            x11, f21, f15       x11=00000000 f21:389ab14d f15:33f40000
22808515ns          404207 1c008dfe 00059463 bne              x11, x0, 8          x11:00000000
22808554ns          404209 1c008e00 00f005b3 add              x11, x0, x15        x11=33f40000 x15:33f40000
22808574ns          404210 1c008e02 015007b3 add              x15, x0, x21        x15=389ab14d x21:389ab14d
22808594ns          404211 1c008e04 00b00ab3 add              x21, x0, x11        x21=33f40000 x11:33f40000
22808614ns          404212 1c008e06 08a8fb53 fsub.s           f22, f17, f10       f22=xxxxxxxx f17:440117d2 f10:440b724e
22808634ns          404213 1c008e0a a0eb15d3 flt.s            x11, f22, f14       x11=00000001 f22:c225a7c0 f14:00000000
22808654ns          404214 1c008e0e 00058363 beq              x11, x0, 6          x11:00000001
22808694ns          404216 1c008e10 216b1b53 fsgnjn.s         f22, f22, f22       f22=xxxxxxxx f22:c225a7c0 f22:c225a7c0
22808733ns          404218 1c008e14 a1cb15d3 flt.s            x11, f22, f28       x11=00000001 f22:4225a7c0 f28:440b724e
22808753ns          404219 1c008e18 01c00933 add              x18, x0, x28        x18=440b724e x28:440b724e
22808773ns          404220 1c008e1a 00059363 bne              x11, x0, 6          x11:00000001
22808873ns          404225 1c008e20 00f97c53 fadd.s           f24, f18, f15       f24=xxxxxxxx f18:440b724e f15:389ab14d
22808893ns          404226 1c008e24 19897bd3 fdiv.s           f23, f18, f24       f23=xxxxxxxx f18:440b724e f24:440b724f
22809171ns          404240 1c008e28 117b7bd3 fmul.s           f23, f22, f23       f23=xxxxxxxx f22:4225a7c0 f23:3f7ffffe
22809191ns          404241 1c008e2c 1c0005b7 lui              x11, 0x1c000000     x11=1c000000
22809211ns          404242 1c008e30 02058593 addi             x11, x11, 32        x11=1c000020 x11:1c000000
22809231ns          404243 1c008e34 107bfbd3 fmul.s           f23, f23, f7        f23=xxxxxxxx f23:4225a7bf  f7:34000000
22809251ns          404244 1c008e38 0005a503 lw               x10, 0(x11)         x10=0d200000 x11:1c000020  PA:1c000020
22809589ns          404261 1c008e3a a0ab85d3 fle.s            x11, f23, f10       x11=00000000 f23:36a5a7bf f10:0d200000
22809609ns          404262 1c008e3e 00059563 bne              x11, x0, 10         x11:00000000
22809629ns          404263 1c008e40 a17ba5d3 feq.s            x11, f23, f23       x11=00000001 f23:36a5a7bf f23:36a5a7bf
22809648ns          404264 1c008e44 00058263 beq              x11, x0, 4          x11:00000001
22809668ns          404265 1c008e46 01700533 add              x10, x0, x23        x10=36a5a7bf x23:36a5a7bf
22809688ns          404266 1c008e48 1987f5d3 fdiv.s           f11, f15, f24       f11=xxxxxxxx f15:389ab14d f24:440b724f
22809967ns          404280 1c008e4c 10baf5d3 fmul.s           f11, f21, f11       f11=xxxxxxxx f21:33f40000 f11:340dfe9d
22809987ns          404281 1c008e50 a0a585d3 fle.s            x11, f11, f10       x11=00000001 f11:288756ae f10:36a5a7bf
22810006ns          404282 1c008e54 08059e63 bne              x11, x0, 156        x11:00000001
22810106ns          404287 1c008ef0 00100593 addi             x11, x0, 1          x11=00000001
22810126ns          404288 1c008ef2 00100f13 addi             x30, x0, 1          x30=00000001
22810146ns          404289 1c008ef4 f73ff06f jal              x0, -142           
22810265ns          404295 1c008e66 00140e13 addi             x28, x8, 1          x28=00000003  x8:00000002
22810285ns          404296 1c008e6a 01c12e23 sw               x28, 28(x2)         x28:00000003  x2:100015f8  PA:10001614
22810305ns          404297 1c008e6c 00805e63 bge              x0, x8, 28           x8:00000002
22810345ns          404299 1c008e70 fff40693 addi             x13, x8, -1         x13=00000001  x8:00000002
22810384ns          404301 1c008e74 00269713 slli             x14, x13, 0x2       x14=00000004 x13:00000001
22810404ns          404302 1c008e78 00d70733 add              x14, x14, x13       x14=00000005 x14:00000004 x13:00000001
22810424ns          404303 1c008e7a 00870733 add              x14, x14, x8        x14=00000007 x14:00000005  x8:00000002
22810444ns          404304 1c008e7c 01812e83 lw               x29, 24(x2)         x29=100016f0  x2:100015f8  PA:10001610
22810464ns          404305 1c008e7e 00271713 slli             x14, x14, 0x2       x14=0000001c x14:00000007
22810484ns          404306 1c008e80 00000313 addi             x6, x0, 0            x6=00000000
22810524ns          404308 1c008e84 006ee723 p.sw             x6, x0(x29)          x6:00000000 x29:100016f0  PA:1000170c
22810543ns          404309 1c008e88 01c12383 lw               x7, 28(x2)           x7=00000003  x2:100015f8  PA:10001614
22810583ns          404311 1c008e8a 07b3cb63 blt              x7, x27, 118         x7:00000003 x27:00000002
22810603ns          404312 1c008e8e 01900733 add              x14, x0, x25        x14=440b724e x25:440b724e
22810623ns          404313 1c008e90 013006b3 add              x13, x0, x19        x13=40000000 x19:40000000
22810643ns          404314 1c008e92 01800cb3 add              x25, x0, x24        x25=440b724f x24:440b724f
22810663ns          404315 1c008e94 015009b3 add              x19, x0, x21        x19=33f40000 x21:33f40000
22810683ns          404316 1c008e96 01812d03 lw               x26, 24(x2)         x26=100016f0  x2:100015f8  PA:10001610
22810703ns          404317 1c008e98 00d00ab3 add              x21, x0, x13        x21=40000000 x13:40000000
22810723ns          404318 1c008e9a 00e00c33 add              x24, x0, x14        x24=440b724e x14:440b724e
22810742ns          404319 1c008e9c 000f0463 beq              x30, x0, 8          x30:00000001
22810762ns          404320 1c008ea0 10e0106f jal              x0, 4366           
22810862ns          404325 1c009fae 07212823 sw               x18, 112(x2)        x18:440b724e  x2:100015f8  PA:10001668
22810941ns          404329 1c009fb0 ef5fe06f jal              x0, -4364          
22810981ns          404331 1c008ea4 00058263 beq              x11, x0, 4          x11:00000001
22811001ns          404332 1c008ea6 07712023 sw               x23, 96(x2)         x23:36a5a7bf  x2:100015f8  PA:10001658
22811021ns          404333 1c008ea8 00028363 beq              x5, x0, 6            x5:00000001
22811041ns          404334 1c008eac 07512e23 sw               x21, 124(x2)        x21:40000000  x2:100015f8  PA:10001674
22811081ns          404336 1c008eae 000f0463 beq              x30, x0, 8          x30:00000001
22811120ns          404338 1c008eb2 1060106f jal              x0, 4358           
22811160ns          404340 1c009fb8 06f12423 sw               x15, 104(x2)        x15:389ab14d  x2:100015f8  PA:10001660
22811180ns          404341 1c009fba 07312623 sw               x19, 108(x2)        x19:33f40000  x2:100015f8  PA:10001664
22811200ns          404342 1c009fbc 07612223 sw               x22, 100(x2)        x22:4225a7c0  x2:100015f8  PA:1000165c
22811240ns          404344 1c009fbe 00028763 beq              x5, x0, 14           x5:00000001
22811260ns          404345 1c009fc2 07812c23 sw               x24, 120(x2)        x24:440b724e  x2:100015f8  PA:10001670
22811279ns          404346 1c009fc4 000f1463 bne              x30, x0, 8          x30:00000001
22811339ns          404349 1c009fcc 07912a23 sw               x25, 116(x2)        x25:440b724f  x2:100015f8  PA:1000166c
22811399ns          404352 1c009fce ef1fe06f jal              x0, -4368          
22811439ns          404354 1c008ebe 01c12483 lw               x9, 28(x2)           x9=00000003  x2:100015f8  PA:10001614
22811498ns          404357 1c008ec0 001d8793 addi             x15, x27, 1         x15=00000003 x27:00000002
22811538ns          404359 1c008ec4 00978463 beq              x15, x9, 8          x15:00000003  x9:00000003
22811598ns          404362 1c008ecc fff40d93 addi             x27, x8, -1         x27=00000001  x8:00000002
22811677ns          404366 1c008ed0 dc0ddae3 bge              x27, x0, -556       x27:00000001
22811777ns          404371 1c008ca4 fffd8c13 addi             x24, x27, -1        x24=00000000 x27:00000001
22811817ns          404373 1c008ca8 002c1793 slli             x15, x24, 0x2       x15=00000000 x24:00000000
22811836ns          404374 1c008cac 018787b3 add              x15, x15, x24       x15=00000000 x15:00000000 x24:00000000
22811856ns          404375 1c008cae 02f12e23 sw               x15, 60(x2)         x15:00000000  x2:100015f8  PA:10001634
22811896ns          404377 1c008cb0 03c12e03 lw               x28, 60(x2)         x28=00000000  x2:100015f8  PA:10001634
22811936ns          404379 1c008cb2 400007b7 lui              x15, 0x40000000     x15=40000000
22811956ns          404380 1c008cb6 fff78713 addi             x14, x15, -1        x14=3fffffff x15:40000000
22811976ns          404381 1c008cba 01be0533 add              x10, x28, x27       x10=00000001 x28:00000000 x27:00000001
22812035ns          404384 1c008cbe 00e505b3 add              x11, x10, x14       x11=40000000 x10:00000001 x14:3fffffff
22812075ns          404386 1c008cc2 001d9613 slli             x12, x27, 0x1       x12=00000002 x27:00000001
22812095ns          404387 1c008cc6 fee78693 addi             x13, x15, -18       x13=3fffffee x15:40000000
22812115ns          404388 1c008cca ffbe0893 addi             x17, x28, -5        x17=fffffffb x28:00000000
22812135ns          404389 1c008cce 01b70733 add              x14, x14, x27       x14=40000000 x14:3fffffff x27:00000001
22812175ns          404391 1c008cd0 01b607b3 add              x15, x12, x27       x15=00000003 x12:00000002 x27:00000001
22812214ns          404393 1c008cd4 005e0813 addi             x16, x28, 5         x16=00000005 x28:00000000
22812234ns          404394 1c008cd8 01170733 add              x14, x14, x17       x14=3ffffffb x14:40000000 x17:fffffffb
22812254ns          404395 1c008cda 01b686b3 add              x13, x13, x27       x13=3fffffef x13:3fffffee x27:00000001
22812274ns          404396 1c008cdc 00379793 slli             x15, x15, 0x3       x15=00000018 x15:00000003
22812314ns          404398 1c008cde 00259613 slli             x12, x11, 0x2       x12=00000000 x11:40000000
22812334ns          404399 1c008ce2 010686b3 add              x13, x13, x16       x13=3ffffff4 x13:3fffffef x16:00000005
22812354ns          404400 1c008ce4 07c12a83 lw               x21, 124(x2)        x21=40000000  x2:100015f8  PA:10001674
22812373ns          404401 1c008ce6 03812623 sw               x24, 44(x2)         x24:00000000  x2:100015f8  PA:10001624
22812393ns          404402 1c008ce8 00271713 slli             x14, x14, 0x2       x14=ffffffec x14:3ffffffb
22812413ns          404403 1c008cea 07812c03 lw               x24, 120(x2)        x24=440b724e  x2:100015f8  PA:10001670
22812433ns          404404 1c008cec 01a70733 add              x14, x14, x26       x14=100016dc x14:ffffffec x26:100016f0
22812453ns          404405 1c008cee 00460893 addi             x17, x12, 4         x17=00000004 x12:00000000
22812493ns          404407 1c008cf2 ffc78813 addi             x16, x15, -4        x16=00000014 x15:00000018
22812513ns          404408 1c008cf6 fe478593 addi             x11, x15, -28       x11=fffffffc x15:00000018
22812533ns          404409 1c008cfa 06c12983 lw               x19, 108(x2)        x19=33f40000  x2:100015f8  PA:10001664
22812552ns          404410 1c008cfc 01a787b3 add              x15, x15, x26       x15=10001708 x15:00000018 x26:100016f0
22812572ns          404411 1c008cfe 07412c83 lw               x25, 116(x2)        x25=440b724f  x2:100015f8  PA:1000166c
22812632ns          404414 1c008d00 00251513 slli             x10, x10, 0x2       x10=00000004 x10:00000001
22812652ns          404415 1c008d02 00269693 slli             x13, x13, 0x2       x13=ffffffd0 x13:3ffffff4
22812672ns          404416 1c008d04 06812a03 lw               x20, 104(x2)        x20=389ab14d  x2:100015f8  PA:10001660
22812692ns          404417 1c008d06 01a60633 add              x12, x12, x26       x12=100016f0 x12:00000000 x26:100016f0
22812712ns          404418 1c008d08 01a888b3 add              x17, x17, x26       x17=100016f4 x17:00000004 x26:100016f0
22812731ns          404419 1c008d0a 01a80833 add              x16, x16, x26       x16=10001704 x16:00000014 x26:100016f0
22812751ns          404420 1c008d0c 01a50533 add              x10, x10, x26       x10=100016f4 x10:00000004 x26:100016f0
22812771ns          404421 1c008d0e 01a686b3 add              x13, x13, x26       x13=100016c0 x13:ffffffd0 x26:100016f0
22812791ns          404422 1c008d10 01a585b3 add              x11, x11, x26       x11=100016ec x11:fffffffc x26:100016f0
22812811ns          404423 1c008d12 02f12823 sw               x15, 48(x2)         x15:10001708  x2:100015f8  PA:10001628
22812831ns          404424 1c008d14 04e12e23 sw               x14, 92(x2)         x14:100016dc  x2:100015f8  PA:10001654
22812851ns          404425 1c008d16 018007b3 add              x15, x0, x24        x15=440b724e x24:440b724e
22812871ns          404426 1c008d18 01500733 add              x14, x0, x21        x14=40000000 x21:40000000
22812891ns          404427 1c008d1a 00100e93 addi             x29, x0, 1          x29=00000001
22812910ns          404428 1c008d1c 06012b83 lw               x23, 96(x2)         x23=36a5a7bf  x2:100015f8  PA:10001658
22812930ns          404429 1c008d1e 07012903 lw               x18, 112(x2)        x18=440b724e  x2:100015f8  PA:10001668
22812950ns          404430 1c008d20 06412b03 lw               x22, 100(x2)        x22=4225a7c0  x2:100015f8  PA:1000165c
22812970ns          404431 1c008d22 01900c33 add              x24, x0, x25        x24=440b724f x25:440b724f
22812990ns          404432 1c008d24 01300ab3 add              x21, x0, x19        x21=33f40000 x19:33f40000
22813010ns          404433 1c008d26 01a12c23 sw               x26, 24(x2)         x26:100016f0  x2:100015f8  PA:10001610
22813030ns          404434 1c008d28 02c12a23 sw               x12, 52(x2)         x12:100016f0  x2:100015f8  PA:1000162c
22813050ns          404435 1c008d2a 05112a23 sw               x17, 84(x2)         x17:100016f4  x2:100015f8  PA:1000164c
22813070ns          404436 1c008d2c 05012c23 sw               x16, 88(x2)         x16:10001704  x2:100015f8  PA:10001650
22813090ns          404437 1c008d2e 02a12c23 sw               x10, 56(x2)         x10:100016f4  x2:100015f8  PA:10001630
22813109ns          404438 1c008d30 04d12423 sw               x13, 72(x2)         x13:100016c0  x2:100015f8  PA:10001640
22813129ns          404439 1c008d32 04b12623 sw               x11, 76(x2)         x11:100016ec  x2:100015f8  PA:10001644
22813149ns          404440 1c008d34 00000293 addi             x5, x0, 0            x5=00000000
22813169ns          404441 1c008d36 01d12e23 sw               x29, 28(x2)         x29:00000001  x2:100015f8  PA:10001614
22813189ns          404442 1c008d38 02012223 sw               x0, 36(x2)           x2:100015f8  PA:1000161c
22813209ns          404443 1c008d3a 01400d33 add              x26, x0, x20        x26=389ab14d x20:389ab14d
22813229ns          404444 1c008d3c 00e009b3 add              x19, x0, x14        x19=40000000 x14:40000000
22813249ns          404445 1c008d3e 00f00cb3 add              x25, x0, x15        x25=440b724e x15:440b724e
22813646ns          404465 1c008d40 01c12e83 lw               x29, 28(x2)         x29=00000001  x2:100015f8  PA:10001614
22813686ns          404467 1c008d42 7fddc8e3 blt              x27, x29, 4080      x27:00000001 x29:00000001
22813706ns          404468 1c008d46 41dd8833 sub              x16, x27, x29       x16=00000000 x27:00000001 x29:00000001
22813726ns          404469 1c008d4a 1c0004b7 lui              x9, 0x1c000000       x9=1c000000
22813786ns          404472 1c008d4e fffe8513 addi             x10, x29, -1        x10=00000000 x29:00000001
22813825ns          404474 1c008d52 fffd8793 addi             x15, x27, -1        x15=00000000 x27:00000001
22813845ns          404475 1c008d56 03812603 lw               x12, 56(x2)         x12=100016f4  x2:100015f8  PA:10001630
22813865ns          404476 1c008d58 03412303 lw               x6, 52(x2)           x6=100016f0  x2:100015f8  PA:1000162c
22813885ns          404477 1c008d5a 03012683 lw               x13, 48(x2)         x13=10001708  x2:100015f8  PA:10001628
22813905ns          404478 1c008d5c 005005b3 add              x11, x0, x5         x11=00000000  x5:00000000
22813925ns          404479 1c008d5e 00500f33 add              x30, x0, x5         x30=00000000  x5:00000000
22813945ns          404480 1c008d60 01b00433 add              x8, x0, x27          x8=00000001 x27:00000001
22813965ns          404481 1c008d62 00000713 addi             x14, x0, 0          x14=00000000
22813985ns          404482 1c008d66 00100f93 addi             x31, x0, 1          x31=00000001
22814004ns          404483 1c008d68 0244a383 lw               x7, 36(x9)           x7=34000000  x9:1c000000  PA:1c000024
22814303ns          404498 1c008d6c 00180813 addi             x16, x16, 1         x16=00000001 x16:00000000
22814323ns          404499 1c008d6e 7ca7cbe3 blt              x15, x10, 4054      x15:00000000 x10:00000000
22814343ns          404500 1c008d72 078840fb lp.setup         0x1, x16, 0x78      x16:00000001
22814363ns          404501 1c008d76 00062783 lw               x15, 0(x12)         x15=3a07f600 x12:100016f4  PA:100016f4
22814382ns          404502 1c008d78 fff40e93 addi             x29, x8, -1         x29=00000000  x8:00000001
22814402ns          404503 1c008d7c a0e79553 flt.s            x10, f15, f14       x10=00000000 f15:3a07f600 f14:00000000
22814422ns          404504 1c008d80 00050363 beq              x10, x0, 6          x10:00000000
22814502ns          404508 1c008d86 1c0008b7 lui              x17, 0x1c000000     x17=1c000000
22814522ns          404509 1c008d8a 02088893 addi             x17, x17, 32        x17=1c000020 x17:1c000000
22814542ns          404510 1c008d8e 0008a883 lw               x17, 0(x17)         x17=0d200000 x17:1c000020  PA:1c000020
22814860ns          404526 1c008d92 a1178553 fle.s            x10, f15, f17       x10=00000000 f15:3a07f600 f17:0d200000
22814880ns          404527 1c008d96 0c051763 bne              x10, x0, 206        x10:00000000
22814900ns          404528 1c008d98 00032883 lw               x17, 0(x6)          x17=44ab44a1  x6:100016f0  PA:100016f0
22814939ns          404530 1c008d9c a0e895d3 flt.s            x11, f17, f14       x11=00000000 f17:44ab44a1 f14:00000000
22814959ns          404531 1c008da0 01100bb3 add              x23, x0, x17        x23=44ab44a1 x17:44ab44a1
22814979ns          404532 1c008da2 00058363 beq              x11, x0, 6          x11:00000000
22815039ns          404535 1c008da8 0006a503 lw               x10, 0(x13)         x10=440117d2 x13:10001708  PA:10001708
22815079ns          404537 1c008daa a0e515d3 flt.s            x11, f10, f14       x11=00000000 f10:440117d2 f14:00000000
22815098ns          404538 1c008dae 00a00e33 add              x28, x0, x10        x28=440117d2 x10:440117d2
22815118ns          404539 1c008db0 00058363 beq              x11, x0, 6          x11:00000000
22815198ns          404543 1c008db6 01cbfbd3 fadd.s           f23, f23, f28       f23=xxxxxxxx f23:44ab44a1 f28:440117d2
22815218ns          404544 1c008dba a0eba5d3 feq.s            x11, f23, f14       x11=00000000 f23:44ebd08a f14:00000000
22815238ns          404545 1c008dbe 00058d63 beq              x11, x0, 26         x11:00000000
22815377ns          404552 1c008dd8 1c0004b7 lui              x9, 0x1c000000       x9=1c000000
22815417ns          404554 1c008ddc 02448493 addi             x9, x9, 36           x9=1c000024  x9:1c000000
22815476ns          404557 1c008de0 0004a483 lw               x9, 0(x9)            x9=34000000  x9:1c000024  PA:1c000024
22815815ns          404574 1c008de2 109bf5d3 fmul.s           f11, f23, f9        f11=xxxxxxxx f23:44ebd08a  f9:34000000
22815834ns          404575 1c008de6 a0b785d3 fle.s            x11, f15, f11       x11=00000000 f15:3a07f600 f11:396bd08a
22815854ns          404576 1c008dea 06058863 beq              x11, x0, 112        x11:00000000
22815954ns          404581 1c008e5a fe868693 addi             x13, x13, -24       x13=100016f0 x13:10001708
22815994ns          404583 1c008e5c fe830313 addi             x6, x6, -24          x6=100016d8  x6:100016f0
22816013ns          404584 1c008e5e fe860613 addi             x12, x12, -24       x12=100016dc x12:100016f4
22816033ns          404585 1c008e60 01d00433 add              x8, x0, x29          x8=00000000 x29:00000000
22816053ns          404586 1c008e62 00100593 addi             x11, x0, 1          x11=00000001
22816073ns          404587 1c008e64 01a007b3 add              x15, x0, x26        x15=389ab14d x26:389ab14d
22816093ns          404588 1c008e66 00140e13 addi             x28, x8, 1          x28=00000001  x8:00000000
22816113ns          404589 1c008e6a 01c12e23 sw               x28, 28(x2)         x28:00000001  x2:100015f8  PA:10001614
22816133ns          404590 1c008e6c 00805e63 bge              x0, x8, 28           x8:00000000
22816252ns          404596 1c008e88 01c12383 lw               x7, 28(x2)           x7=00000001  x2:100015f8  PA:10001614
22816292ns          404598 1c008e8a 07b3cb63 blt              x7, x27, 118         x7:00000001 x27:00000001
22816312ns          404599 1c008e8e 01900733 add              x14, x0, x25        x14=440b724e x25:440b724e
22816332ns          404600 1c008e90 013006b3 add              x13, x0, x19        x13=40000000 x19:40000000
22816352ns          404601 1c008e92 01800cb3 add              x25, x0, x24        x25=440b724f x24:440b724f
22816371ns          404602 1c008e94 015009b3 add              x19, x0, x21        x19=33f40000 x21:33f40000
22816391ns          404603 1c008e96 01812d03 lw               x26, 24(x2)         x26=100016f0  x2:100015f8  PA:10001610
22816411ns          404604 1c008e98 00d00ab3 add              x21, x0, x13        x21=40000000 x13:40000000
22816431ns          404605 1c008e9a 00e00c33 add              x24, x0, x14        x24=440b724e x14:440b724e
22816451ns          404606 1c008e9c 000f0463 beq              x30, x0, 8          x30:00000000
22816511ns          404609 1c008ea4 00058263 beq              x11, x0, 4          x11:00000001
22816531ns          404610 1c008ea6 07712023 sw               x23, 96(x2)         x23:44ebd08a  x2:100015f8  PA:10001658
22816551ns          404611 1c008ea8 00028363 beq              x5, x0, 6            x5:00000000
22816630ns          404615 1c008eae 000f0463 beq              x30, x0, 8          x30:00000000
22816710ns          404619 1c008eb6 00028463 beq              x5, x0, 8            x5:00000000
22816769ns          404622 1c008ebe 01c12483 lw               x9, 28(x2)           x9=00000001  x2:100015f8  PA:10001614
22816789ns          404623 1c008ec0 001d8793 addi             x15, x27, 1         x15=00000002 x27:00000001
22816809ns          404624 1c008ec4 00978463 beq              x15, x9, 8          x15:00000002  x9:00000001
22816829ns          404625 1c008ec8 69b484e3 beq              x9, x27, 3720        x9:00000001 x27:00000001
22817366ns          404652 1c009d50 03c12303 lw               x6, 60(x2)           x6=00000000  x2:100015f8  PA:10001634
22817386ns          404653 1c009d52 03012c03 lw               x24, 48(x2)         x24=10001708  x2:100015f8  PA:10001628
22817406ns          404654 1c009d54 009307b3 add              x15, x6, x9         x15=00000001  x6:00000000  x9:00000001
22817426ns          404655 1c009d58 00279793 slli             x15, x15, 0x2       x15=00000004 x15:00000001
22817446ns          404656 1c009d5a 05812383 lw               x7, 88(x2)           x7=10001704  x2:100015f8  PA:10001650
22817465ns          404657 1c009d5c 00fd04b3 add              x9, x26, x15         x9=100016f4 x26:100016f0 x15:00000004
22817883ns          404678 1c009d60 ffc78513 addi             x10, x15, -4        x10=00000000 x15:00000004
22817923ns          404680 1c009d64 08010793 addi             x15, x2, 128        x15=10001678  x2:100015f8
22817943ns          404681 1c009d66 0003ae83 lw               x29, 0(x7)          x29=3a3075bb  x7:10001704  PA:10001704
22817963ns          404682 1c009d6a 0004ae03 lw               x28, 0(x9)          x28=3a07f600  x9:100016f4  PA:100016f4
22818400ns          404704 1c009d6e 000c2303 lw               x6, 0(x24)           x6=440117d2 x24:10001708  PA:10001708
22818420ns          404705 1c009d72 00f12223 sw               x15, 4(x2)          x15:10001678  x2:100015f8  PA:100015fc
22818440ns          404706 1c009d74 07410793 addi             x15, x2, 116        x15=1000166c  x2:100015f8
22818460ns          404707 1c009d76 00f12023 sw               x15, 0(x2)          x15:1000166c  x2:100015f8  PA:100015f8
22818480ns          404708 1c009d78 06410613 addi             x12, x2, 100        x12=1000165c  x2:100015f8
22818500ns          404709 1c009d7a 06c10793 addi             x15, x2, 108        x15=10001664  x2:100015f8
22818520ns          404710 1c009d7c 06010593 addi             x11, x2, 96         x11=10001658  x2:100015f8
22818937ns          404731 1c009d7e 07810893 addi             x17, x2, 120        x17=10001670  x2:100015f8
22818977ns          404733 1c009d82 07c10813 addi             x16, x2, 124        x16=10001674  x2:100015f8
22818997ns          404734 1c009d86 06810713 addi             x14, x2, 104        x14=10001660  x2:100015f8
22819017ns          404735 1c009d88 07010693 addi             x13, x2, 112        x13=10001668  x2:100015f8
22819037ns          404736 1c009d8a 01a50533 add              x10, x10, x26       x10=100016f0 x10:00000000 x26:100016f0
22819057ns          404737 1c009d8c 07d12023 sw               x29, 96(x2)         x29:3a3075bb  x2:100015f8  PA:10001658
22819077ns          404738 1c009d8e 07c12223 sw               x28, 100(x2)        x28:3a07f600  x2:100015f8  PA:1000165c
22819455ns          404757 1c009d90 06612823 sw               x6, 112(x2)          x6:440117d2  x2:100015f8  PA:10001668
22819494ns          404759 1c009d92 9e5fe0ef jal              x1, -5660            x1=1c009d96
22819992ns          404784 1c008776 00062e03 lw               x28, 0(x12)         x28=3a07f600 x12:1000165c  PA:1000165c
22820011ns          404785 1c00877a 00000313 addi             x6, x0, 0            x6=00000000
22820469ns          404808 1c00877e a06e2fd3 feq.s            x31, f28, f6        x31=00000000 f28:3a07f600  f6:00000000
22820489ns          404809 1c008782 fe010113 addi             x2, x2, -32          x2=100015d8  x2:100015f8
22820509ns          404810 1c008784 00812e23 sw               x8, 28(x2)           x8:00000000  x2:100015d8  PA:100015f4
22820529ns          404811 1c008786 00912c23 sw               x9, 24(x2)           x9:100016f4  x2:100015d8  PA:100015f0
22820549ns          404812 1c008788 01212a23 sw               x18, 20(x2)         x18:440b724e  x2:100015d8  PA:100015ec
22820568ns          404813 1c00878a 01312823 sw               x19, 16(x2)         x19:33f40000  x2:100015d8  PA:100015e8
22820588ns          404814 1c00878c 01412623 sw               x20, 12(x2)         x20:389ab14d  x2:100015d8  PA:100015e4
22820608ns          404815 1c00878e 01512423 sw               x21, 8(x2)          x21:40000000  x2:100015d8  PA:100015e0
22820986ns          404834 1c008790 01612223 sw               x22, 4(x2)          x22:4225a7c0  x2:100015d8  PA:100015dc
22821006ns          404835 1c008792 02012e83 lw               x29, 32(x2)         x29=1000166c  x2:100015d8  PA:100015f8
22821026ns          404836 1c008794 02412f03 lw               x30, 36(x2)         x30=10001678  x2:100015d8  PA:100015fc
22821046ns          404837 1c008796 060f9563 bne              x31, x0, 106        x31:00000000
22821066ns          404838 1c00879a 0005af83 lw               x31, 0(x11)         x31=3a3075bb x11:10001658  PA:10001658
22821503ns          404860 1c00879e a06fa2d3 feq.s            x5, f31, f6          x5=00000000 f31:3a3075bb  f6:00000000
22821543ns          404862 1c0087a2 02028b63 beq              x5, x0, 54           x5:00000000
22822020ns          404886 1c0087d8 00052383 lw               x7, 0(x10)           x7=44ab44a1 x10:100016f0  PA:100016f0
22822060ns          404888 1c0087dc 0006a283 lw               x5, 0(x13)           x5=440117d2 x13:10001668  PA:10001668
22822498ns          404910 1c0087e0 0853f2d3 fsub.s           f5, f7, f5           f5=xxxxxxxx  f7:44ab44a1  f5:440117d2
22822538ns          404912 1c0087e4 a062a3d3 feq.s            x7, f5, f6           x7=00000000  f5:44557170  f6:00000000
22822558ns          404913 1c0087e8 08038f63 beq              x7, x0, 158          x7:00000000
22823532ns          404962 1c008886 00000393 addi             x7, x0, 0            x7=00000000
22823552ns          404963 1c00888a 1c000a37 lui              x20, 0x1c000000     x20=1c000000
22824029ns          404987 1c00888e a07f93d3 flt.s            x7, f31, f7          x7=00000000 f31:3a3075bb  f7:00000000
22824069ns          404989 1c008892 040a2303 lw               x6, 64(x20)          x6=3f000000 x20:1c000000  PA:1c000040
22824368ns          405004 1c008896 01f009b3 add              x19, x0, x31        x19=3a3075bb x31:3a3075bb
22824387ns          405005 1c008898 1062f353 fmul.s           f6, f5, f6           f6=xxxxxxxx  f5:44557170  f6:3f000000
22824407ns          405006 1c00889c 00038463 beq              x7, x0, 8            x7:00000000
22824586ns          405015 1c0088a4 00000393 addi             x7, x0, 0            x7=00000000
22824606ns          405016 1c0088a8 a07e13d3 flt.s            x7, f28, f7          x7=00000000 f28:3a07f600  f7:00000000
22824626ns          405017 1c0088ac 32039463 bne              x7, x0, 808          x7:00000000
22825064ns          405039 1c0088b0 01c003b3 add              x7, x0, x28          x7=3a07f600 x28:3a07f600
22825104ns          405041 1c0088b2 a1338453 fle.s            x8, f7, f19          x8=00000001  f7:3a07f600 f19:3a3075bb
22825123ns          405042 1c0088b6 12041663 bne              x8, x0, 300          x8:00000001
22826058ns          405089 1c0089e2 01300933 add              x18, x0, x19        x18=3a3075bb x19:3a3075bb
22826098ns          405091 1c0089e4 a0798453 fle.s            x8, f19, f7          x8=00000000 f19:3a3075bb  f7:3a07f600
22826118ns          405092 1c0089e8 ec041ee3 bne              x8, x0, -292         x8:00000000
22826138ns          405093 1c0089ec a073a453 feq.s            x8, f7, f7           x8=00000001  f7:3a07f600  f7:3a07f600
22826575ns          405115 1c0089f0 ec040ae3 beq              x8, x0, -300         x8:00000001
22826615ns          405117 1c0089f4 007009b3 add              x19, x0, x7         x19=3a07f600  x7:3a07f600
22826635ns          405118 1c0089f6 ecfff06f jal              x0, -306           
22826675ns          405120 1c0088c4 00000393 addi             x7, x0, 0            x7=00000000
22826695ns          405121 1c0088c8 a07f93d3 flt.s            x7, f31, f7          x7=00000000 f31:3a3075bb  f7:00000000
22826715ns          405122 1c0088cc 00038463 beq              x7, x0, 8            x7:00000000
22827192ns          405146 1c0088d4 00000393 addi             x7, x0, 0            x7=00000000
22827212ns          405147 1c0088d8 a07e13d3 flt.s            x7, f28, f7          x7=00000000 f28:3a07f600  f7:00000000
22827232ns          405148 1c0088dc 00038463 beq              x7, x0, 8            x7:00000000
22827709ns          405172 1c0088e4 00000393 addi             x7, x0, 0            x7=00000000
22827729ns          405173 1c0088e8 a07313d3 flt.s            x7, f6, f7           x7=00000000  f6:43d57170  f7:00000000
22827749ns          405174 1c0088ec 2e039763 bne              x7, x0, 750          x7:00000000
22828187ns          405196 1c0088f0 006003b3 add              x7, x0, x6           x7=43d57170  x6:43d57170
22828226ns          405198 1c0088f2 a0790453 fle.s            x8, f18, f7          x8=00000001 f18:3a3075bb  f7:43d57170
22828246ns          405199 1c0088f6 00041563 bne              x8, x0, 10           x8:00000001
22828783ns          405226 1c008900 1c0004b7 lui              x9, 0x1c000000       x9=1c000000
22828803ns          405227 1c008904 04c4a403 lw               x8, 76(x9)           x8=3f800000  x9:1c000000  PA:1c00004c
22829141ns          405244 1c008908 18747453 fdiv.s           f8, f8, f7           f8=xxxxxxxx  f8:3f800000  f7:43d57170
22829420ns          405258 1c00890c 11247ad3 fmul.s           f21, f8, f18        f21=xxxxxxxx  f8:3b198560 f18:3a3075bb
22829440ns          405259 1c008910 10837453 fmul.s           f8, f6, f8           f8=xxxxxxxx  f6:43d57170  f8:3b198560
22829460ns          405260 1c008914 113afad3 fmul.s           f21, f21, f19       f21=xxxxxxxx f21:35d3a498 f19:3a07f600
22829479ns          405261 1c008918 a8647443 fmadd.s          f8, f8, f6, f21      f8=xxxxxxxx  f8:3f800000  f6:43d57170 f21:3060ce59
22829499ns          405262 1c00891c 1c000ab7 lui              x21, 0x1c000000     x21=1c000000
22829917ns          405283 1c008920 044aaa83 lw               x21, 68(x21)        x21=26800000 x21:1c000000  PA:1c000044
22830255ns          405300 1c008924 a08a8ad3 fle.s            x21, f21, f8        x21=00000001 f21:26800000  f8:43d57170
22830275ns          405301 1c008928 0c0a8863 beq              x21, x0, 208        x21:00000001
22830295ns          405302 1c00892c 5803f3d3 fsqrt.s          f7, f7               f7=xxxxxxxx  f7:43d57170
22830593ns          405317 1c008930 58047453 fsqrt.s          f8, f8               f8=xxxxxxxx  f8:43d57170
22830613ns          405318 1c008934 00000e13 addi             x28, x0, 0          x28=xxxxxxxx
22830872ns          405331 1c008938 1083f453 fmul.s           f8, f7, f8           f8=xxxxxxxx  f7:41a54a30  f8:41a54a30
22830892ns          405332 1c00893c a1c31e53 flt.s            x28, f6, f28        x28=00000000  f6:43d57170 f28:00000000
22831290ns          405352 1c008940 00852023 sw               x8, 0(x10)           x8:43d5716f x10:100016f0  PA:100016f0
22831329ns          405354 1c008942 000e0463 beq              x28, x0, 8          x28:00000000
22831409ns          405358 1c00894a 00647353 fadd.s           f6, f8, f6           f6=xxxxxxxx  f8:43d5716f  f6:43d57170
22831846ns          405380 1c00894e 0006af83 lw               x31, 0(x13)         x31=440117d2 x13:10001668  PA:10001668
22831886ns          405382 1c008952 18697e53 fdiv.s           f28, f18, f6        f28=xxxxxxxx f18:3a3075bb  f6:44557170
22831906ns          405383 1c008956 006fffd3 fadd.s           f31, f31, f6        f31=xxxxxxxx f31:440117d2  f6:44557170
22832185ns          405397 1c00895a 01f52023 sw               x31, 0(x10)         x31:44ab44a1 x10:100016f0  PA:100016f0
22832443ns          405410 1c00895e 0006af83 lw               x31, 0(x13)         x31=440117d2 x13:10001668  PA:10001668
22832483ns          405412 1c008962 f93e7e4b fnmsub.s         f28, f28, f19, f31  f28=xxxxxxxx f28:3553a498 f19:3a07f600 f31:440117d2
22832503ns          405413 1c008966 00000f93 addi             x31, x0, 0          x31=00000000
22832523ns          405414 1c00896a 01c6a023 sw               x28, 0(x13)         x28:440117d2 x13:10001668  PA:10001668
22832960ns          405436 1c00896e 00062e03 lw               x28, 0(x12)         x28=3a07f600 x12:1000165c  PA:1000165c
22833000ns          405438 1c008972 a1fe1fd3 flt.s            x31, f28, f31       x31=00000000 f28:3a07f600 f31:00000000
22833020ns          405439 1c008976 000f8463 beq              x31, x0, 8          x31:00000000
22833557ns          405466 1c00897e 00000f93 addi             x31, x0, 0          x31=00000000
22833577ns          405467 1c008982 a1f31fd3 flt.s            x31, f6, f31        x31=00000000  f6:44557170 f31:00000000
22833597ns          405468 1c008986 280f9a63 bne              x31, x0, 660        x31:00000000
22833617ns          405469 1c00898a 00600fb3 add              x31, x0, x6         x31=44557170  x6:44557170
22833637ns          405470 1c00898c a1fe12d3 flt.s            x5, f28, f31         x5=00000001 f28:3a07f600 f31:44557170
22834054ns          405491 1c008990 24029c63 bne              x5, x0, 600          x5:00000001
22834532ns          405515 1c008be8 04c4a283 lw               x5, 76(x9)           x5=3f800000  x9:1c000000  PA:1c00004c
22834850ns          405531 1c008bec 19fe7e53 fdiv.s           f28, f28, f31       f28=xxxxxxxx f28:3a07f600 f31:44557170
22835188ns          405548 1c008bf0 29ce7e43 fmadd.s          f28, f28, f28, f5   f28=xxxxxxxx f28:352311b8 f28:352311b8  f5:3f800000
22835208ns          405549 1c008bf4 580e7e53 fsqrt.s          f28, f28            f28=xxxxxxxx f28:3f800000
22835725ns          405575 1c008bf8 11cfffd3 fmul.s           f31, f31, f28       f31=xxxxxxxx f31:44557170 f28:3f800000
22835745ns          405576 1c008bfc db5ff06f jal              x0, -588           
22836322ns          405605 1c0089b0 04c4ae03 lw               x28, 76(x9)         x28=3f800000  x9:1c000000  PA:1c00004c
22836660ns          405622 1c0089b4 19fe7fd3 fdiv.s           f31, f28, f31       f31=xxxxxxxx f28:3f800000 f31:44557170
22836939ns          405636 1c0089b8 106ff353 fmul.s           f6, f31, f6          f6=xxxxxxxx f31:3a998560  f6:44557170
22836958ns          405637 1c0089bc 006ea023 sw               x6, 0(x29)           x6:3f800000 x29:1000166c  PA:1000166c
22836978ns          405638 1c0089c0 00062303 lw               x6, 0(x12)           x6=3a07f600 x12:1000165c  PA:1000165c
22837018ns          405640 1c0089c4 11f37fd3 fmul.s           f31, f6, f31        f31=xxxxxxxx  f6:3a07f600 f31:3a998560
22837038ns          405641 1c0089c8 01ff2023 sw               x31, 0(x30)         x31:352311b8 x30:10001678  PA:10001678
22837058ns          405642 1c0089cc 0005a303 lw               x6, 0(x11)           x6=3a3075bb x11:10001658  PA:10001658
22837436ns          405661 1c0089d0 00062e03 lw               x28, 0(x12)         x28=3a07f600 x12:1000165c  PA:1000165c
22837476ns          405663 1c0089d4 09c37353 fsub.s           f6, f6, f28          f6=xxxxxxxx  f6:3a3075bb f28:3a07f600
22837495ns          405664 1c0089d8 0065a023 sw               x6, 0(x11)           x6:3921feec x11:10001658  PA:10001658
22837515ns          405665 1c0089dc 00062023 sw               x0, 0(x12)          x12:1000165c  PA:1000165c
22837575ns          405668 1c0089e0 e31ff06f jal              x0, -464           
22838033ns          405691 1c008810 00052303 lw               x6, 0(x10)           x6=44ab44a1 x10:100016f0  PA:100016f0
22838072ns          405693 1c008814 00000513 addi             x10, x0, 0          x10=00000000
22838092ns          405694 1c008818 00672023 sw               x6, 0(x14)           x6:44ab44a1 x14:10001660  PA:10001660
22838112ns          405695 1c00881c 0006a703 lw               x14, 0(x13)         x14=440117d2 x13:10001668  PA:10001668
22838550ns          405717 1c00881e 00e82023 sw               x14, 0(x16)         x14:440117d2 x16:10001674  PA:10001674
22838570ns          405718 1c008822 00062703 lw               x14, 0(x12)         x14=00000000 x12:1000165c  PA:1000165c
22838609ns          405720 1c008824 a0a726d3 feq.s            x13, f14, f10       x13=00000001 f14:00000000 f10:00000000
22838629ns          405721 1c008828 02069e63 bne              x13, x0, 60         x13:00000001
22839544ns          405767 1c008864 00a7a023 sw               x10, 0(x15)         x10:00000000 x15:10001664  PA:10001664
22839584ns          405769 1c008866 00a8a023 sw               x10, 0(x17)         x10:00000000 x17:10001670  PA:10001670
22839604ns          405770 1c00886a fe9ff06f jal              x0, -24            
22840499ns          405815 1c008852 01c12403 lw               x8, 28(x2)           x8=00000000  x2:100015d8  PA:100015f4
22840539ns          405817 1c008854 01812483 lw               x9, 24(x2)           x9=100016f4  x2:100015d8  PA:100015f0
22840559ns          405818 1c008856 01412903 lw               x18, 20(x2)         x18=440b724e  x2:100015d8  PA:100015ec
22840579ns          405819 1c008858 01012983 lw               x19, 16(x2)         x19=33f40000  x2:100015d8  PA:100015e8
22840598ns          405820 1c00885a 00c12a03 lw               x20, 12(x2)         x20=389ab14d  x2:100015d8  PA:100015e4
22840618ns          405821 1c00885c 00812a83 lw               x21, 8(x2)          x21=40000000  x2:100015d8  PA:100015e0
22840638ns          405822 1c00885e 00412b03 lw               x22, 4(x2)          x22=4225a7c0  x2:100015d8  PA:100015dc
22840658ns          405823 1c008860 02010113 addi             x2, x2, 32           x2=100015f8  x2:100015d8
22840678ns          405824 1c008862 00008067 jalr             x0, x1, 0            x1:1c009d96
22841135ns          405847 1c009d96 06012783 lw               x15, 96(x2)         x15=3921feec  x2:100015f8  PA:10001658
22841175ns          405849 1c009d98 05812e03 lw               x28, 88(x2)         x28=10001704  x2:100015f8  PA:10001650
22841195ns          405850 1c009d9a 01c12e83 lw               x29, 28(x2)         x29=00000001  x2:100015f8  PA:10001614
22841215ns          405851 1c009d9c 00fe2023 sw               x15, 0(x28)         x15:3921feec x28:10001704  PA:10001704
22841295ns          405855 1c009da0 06412783 lw               x15, 100(x2)        x15=00000000  x2:100015f8  PA:1000165c
22841334ns          405857 1c009da2 002e9593 slli             x11, x29, 0x2       x11=00000004 x29:00000001
22841354ns          405858 1c009da6 00f4a023 sw               x15, 0(x9)          x15:00000000  x9:100016f4  PA:100016f4
22841374ns          405859 1c009da8 07012783 lw               x15, 112(x2)        x15=440117d2  x2:100015f8  PA:10001668
22841394ns          405860 1c009daa 01d585b3 add              x11, x11, x29       x11=00000005 x11:00000004 x29:00000001
22841414ns          405861 1c009dac 00fc2023 sw               x15, 0(x24)         x15:440117d2 x24:10001708  PA:10001708
22841832ns          405882 1c009db0 00158613 addi             x12, x11, 1         x12=00000006 x11:00000005
22841871ns          405884 1c009db4 1a4eaa63 p.beqimm         x29, 436            x29:00000001
22841891ns          405885 1c009db8 00558793 addi             x15, x11, 5         x15=0000000a x11:00000005
22841911ns          405886 1c009dbc 01d787b3 add              x15, x15, x29       x15=0000000b x15:0000000a x29:00000001
22842408ns          405911 1c009dbe fff78693 addi             x13, x15, -1        x13=0000000a x15:0000000b
22842428ns          405912 1c009dc2 00269693 slli             x13, x13, 0x2       x13=00000028 x13:0000000a
22842448ns          405913 1c009dc4 00dd0e33 add              x28, x26, x13       x28=10001718 x26:100016f0 x13:00000028
22842468ns          405914 1c009dc8 00279513 slli             x10, x15, 0x2       x10=0000002c x15:0000000b
22842488ns          405915 1c009dcc 000e2803 lw               x16, 0(x28)         x16=b87e1c53 x28:10001718  PA:10001718
22842946ns          405938 1c009dd0 08012783 lw               x15, 128(x2)        x15=352311b8  x2:100015f8  PA:10001678
22842965ns          405939 1c009dd2 01a50533 add              x10, x10, x26       x10=1000171c x10:0000002c x26:100016f0
22842985ns          405940 1c009dd4 00052883 lw               x17, 0(x10)         x17=b89ab14d x10:1000171c  PA:1000171c
22843005ns          405941 1c009dd8 1107f353 fmul.s           f6, f15, f16         f6=xxxxxxxx f15:352311b8 f16:b87e1c53
22843025ns          405942 1c009ddc 01d002b3 add              x5, x0, x29          x5=00000001 x29:00000001
22843045ns          405943 1c009dde 07412703 lw               x14, 116(x2)        x14=3f800000  x2:100015f8  PA:1000166c
22843463ns          405964 1c009de0 1117fed3 fmul.s           f29, f15, f17       f29=xxxxxxxx f15:352311b8 f17:b89ab14d
22843502ns          405966 1c009de4 31177347 fmsub.s          f6, f14, f17, f6     f6=xxxxxxxx f14:3f800000 f17:b89ab14d  f6:ae21dd9f
22843522ns          405967 1c009de8 e90778c3 fmadd.s          f17, f14, f16, f29  f17=xxxxxxxx f14:3f800000 f16:b87e1c53 f29:ae451332
22843542ns          405968 1c009dec 00652023 sw               x6, 0(x10)           x6:b89ab148 x10:1000171c  PA:1000171c
22843980ns          405990 1c009df0 00400813 addi             x16, x0, 4          x16=00000004
22844020ns          405992 1c009df2 40580833 sub              x16, x16, x5        x16=00000003 x16:00000004  x5:00000001
22844040ns          405993 1c009df6 011e2023 sw               x17, 0(x28)         x17:b87e1c5f x28:10001718  PA:10001718
22844059ns          405994 1c009dfa 08182863 p.beqimm         x16, 144            x16:00000003
22844497ns          406016 1c009dfe 01468893 addi             x17, x13, 20        x17=0000003c x13:00000028
22844517ns          406017 1c009e02 01a888b3 add              x17, x17, x26       x17=1000172c x17:0000003c x26:100016f0
22844537ns          406018 1c009e04 01868513 addi             x10, x13, 24        x10=00000040 x13:00000028
22844557ns          406019 1c009e08 0008a303 lw               x6, 0(x17)           x6=386c96dd x17:1000172c  PA:1000172c
22844577ns          406020 1c009e0c 01a50533 add              x10, x10, x26       x10=10001730 x10:00000040 x26:100016f0
22845014ns          406042 1c009e0e 00052e03 lw               x28, 0(x10)         x28=b90b9cbf x10:10001730  PA:10001730
22845054ns          406044 1c009e12 1067ff53 fmul.s           f30, f15, f6        f30=xxxxxxxx f15:352311b8  f6:386c96dd
22845074ns          406045 1c009e16 11c7fed3 fmul.s           f29, f15, f28       f29=xxxxxxxx f15:352311b8 f28:b90b9cbf
22845094ns          406046 1c009e1a f1c77e47 fmsub.s          f28, f14, f28, f30  f28=xxxxxxxx f14:3f800000 f28:b90b9cbf f30:2e16b46f
22845531ns          406068 1c009e1e e8677343 fmadd.s          f6, f14, f6, f29     f6=xxxxxxxx f14:3f800000  f6:386c96dd f29:aeb1dcef
22845571ns          406070 1c009e22 01c52023 sw               x28, 0(x10)         x28:b90b9cc1 x10:10001730  PA:10001730
22845591ns          406071 1c009e26 0068a023 sw               x6, 0(x17)           x6:386c96c7 x17:1000172c  PA:1000172c
22845611ns          406072 1c009e2a 06282063 p.beqimm         x16, 96             x16:00000003
22846048ns          406094 1c009e2e 02868893 addi             x17, x13, 40        x17=00000050 x13:00000028
22846068ns          406095 1c009e32 01a888b3 add              x17, x17, x26       x17=10001740 x17:00000050 x26:100016f0
22846088ns          406096 1c009e34 02c68513 addi             x10, x13, 44        x10=00000054 x13:00000028
22846108ns          406097 1c009e38 0008a303 lw               x6, 0(x17)           x6=b69e023e x17:10001740  PA:10001740
22846128ns          406098 1c009e3c 01a50533 add              x10, x10, x26       x10=10001744 x10:00000054 x26:100016f0
22846625ns          406123 1c009e3e 00052e03 lw               x28, 0(x10)         x28=381d073d x10:10001744  PA:10001744
22846665ns          406125 1c009e42 1067ff53 fmul.s           f30, f15, f6        f30=xxxxxxxx f15:352311b8  f6:b69e023e
22846685ns          406126 1c009e46 11c7fed3 fmul.s           f29, f15, f28       f29=xxxxxxxx f15:352311b8 f28:381d073d
22846705ns          406127 1c009e4a f1c77e47 fmsub.s          f28, f14, f28, f30  f28=xxxxxxxx f14:3f800000 f28:381d073d f30:ac494cba
22847222ns          406153 1c009e4e e8677343 fmadd.s          f6, f14, f6, f29     f6=xxxxxxxx f14:3f800000  f6:b69e023e f29:2dc80cf4
22847262ns          406155 1c009e52 01c52023 sw               x28, 0(x10)         x28:381d073e x10:10001744  PA:10001744
22847282ns          406156 1c009e56 0068a023 sw               x6, 0(x17)           x6:b69e020c x17:10001740  PA:10001740
22847302ns          406157 1c009e5a 02483863 p.bneimm         x16, 48             x16:00000003
22848197ns          406202 1c009e8a 03c12303 lw               x6, 60(x2)           x6=00000000  x2:100015f8  PA:10001634
22848236ns          406204 1c009e8c 02c12383 lw               x7, 44(x2)           x7=00000000  x2:100015f8  PA:10001624
22848674ns          406226 1c009e8e 00231693 slli             x13, x6, 0x2        x13=00000000  x6:00000000
22848714ns          406228 1c009e92 0c704d63 blt              x0, x7, 218          x7:00000000
22848734ns          406229 1c009e96 05012c03 lw               x24, 80(x2)         x24=10001754  x2:100015f8  PA:10001648
22848754ns          406230 1c009e98 00259593 slli             x11, x11, 0x2       x11=00000014 x11:00000005
22848774ns          406231 1c009e9a 00dc0333 add              x6, x24, x13         x6=10001754 x24:10001754 x13:00000000
22849370ns          406261 1c009e9e 00032503 lw               x10, 0(x6)          x10=3e462613  x6:10001754  PA:10001754
22849410ns          406263 1c009ea2 00bc0833 add              x16, x24, x11       x16=10001768 x24:10001754 x11:00000014
22849430ns          406264 1c009ea6 00082883 lw               x17, 0(x16)         x17=bf5f2d8d x16:10001768  PA:10001768
22849450ns          406265 1c009eaa 10f57ed3 fmul.s           f29, f10, f15       f29=xxxxxxxx f10:3e462613 f15:352311b8
22849947ns          406290 1c009eae 10f8fe53 fmul.s           f28, f17, f15       f28=xxxxxxxx f17:bf5f2d8d f15:352311b8
22849987ns          406292 1c009eb2 00468593 addi             x11, x13, 4         x11=00000004 x13:00000000
22850007ns          406293 1c009eb6 e8e8f8c7 fmsub.s          f17, f17, f14, f29  f17=xxxxxxxx f17:bf5f2d8d f14:3f800000 f29:33fc6fea
22850027ns          406294 1c009eba e0e57543 fmadd.s          f10, f10, f14, f28  f10=xxxxxxxx f10:3e462613 f14:3f800000 f28:b50e2973
22850047ns          406295 1c009ebe 00261613 slli             x12, x12, 0x2       x12=00000018 x12:00000006
22850544ns          406320 1c009ec0 01182023 sw               x17, 0(x16)         x17:bf5f2d8f x16:10001768  PA:10001768
22850584ns          406322 1c009ec4 00a32023 sw               x10, 0(x6)          x10:3e4625ef  x6:10001754  PA:10001754
22850603ns          406323 1c009ec8 018585b3 add              x11, x11, x24       x11=10001758 x11:00000004 x24:10001754
22850623ns          406324 1c009eca 0005a803 lw               x16, 0(x11)         x16=bef8bd6d x11:10001758  PA:10001758
22851141ns          406350 1c009ece 00cc0333 add              x6, x24, x12         x6=1000176c x24:10001754 x12:00000018
22851180ns          406352 1c009ed2 00032883 lw               x17, 0(x6)          x17=3def4892  x6:1000176c  PA:1000176c
22851200ns          406353 1c009ed6 10f87ed3 fmul.s           f29, f16, f15       f29=xxxxxxxx f16:bef8bd6d f15:352311b8
22851220ns          406354 1c009eda 10f8fe53 fmul.s           f28, f17, f15       f28=xxxxxxxx f17:3def4892 f15:352311b8
22851717ns          406379 1c009ede 00868513 addi             x10, x13, 8         x10=00000008 x13:00000000
22851757ns          406381 1c009ee2 e91778c7 fmsub.s          f17, f14, f17, f29  f17=xxxxxxxx f14:3f800000 f17:3def4892 f29:b49e71d4
22851777ns          406382 1c009ee6 e0e87843 fmadd.s          f16, f16, f14, f28  f16=xxxxxxxx f16:bef8bd6d f14:3f800000 f28:33986bc5
22851797ns          406383 1c009eea 01850533 add              x10, x10, x24       x10=1000175c x10:00000008 x24:10001754
22851817ns          406384 1c009eec 01132023 sw               x17, 0(x6)          x17:3def48ba  x6:1000176c  PA:1000176c
22852314ns          406409 1c009ef0 0105a023 sw               x16, 0(x11)         x16:bef8bd6b x11:10001758  PA:10001758
22852354ns          406411 1c009ef4 00460893 addi             x17, x12, 4         x17=0000001c x12:00000018
22852374ns          406412 1c009ef8 00052803 lw               x16, 0(x10)         x16=bdd0536a x10:1000175c  PA:1000175c
22852394ns          406413 1c009efc 018888b3 add              x17, x17, x24       x17=10001770 x17:0000001c x24:10001754
22852831ns          406435 1c009efe 0008a303 lw               x6, 0(x17)           x6=bed92d1f x17:10001770  PA:10001770
22852871ns          406437 1c009f02 10f87ed3 fmul.s           f29, f16, f15       f29=xxxxxxxx f16:bdd0536a f15:352311b8
22852891ns          406438 1c009f06 10f37e53 fmul.s           f28, f6, f15        f28=xxxxxxxx  f6:bed92d1f f15:352311b8
22852911ns          406439 1c009f0a 00c68593 addi             x11, x13, 12        x11=0000000c x13:00000000
22853408ns          406464 1c009f0e e8677347 fmsub.s          f6, f14, f6, f29     f6=xxxxxxxx f14:3f800000  f6:bed92d1f f29:b384b388
22853448ns          406466 1c009f12 e1077843 fmadd.s          f16, f14, f16, f28  f16=xxxxxxxx f14:3f800000 f16:bdd0536a f28:b48a56c3
22853468ns          406467 1c009f16 018585b3 add              x11, x11, x24       x11=10001760 x11:0000000c x24:10001754
22853488ns          406468 1c009f18 0068a023 sw               x6, 0(x17)           x6:bed92d1d x17:10001770  PA:10001770
22853508ns          406469 1c009f1c 01052023 sw               x16, 0(x10)         x16:bdd0538d x10:1000175c  PA:1000175c
22853985ns          406493 1c009f20 00860813 addi             x16, x12, 8         x16=00000020 x12:00000018
22854025ns          406495 1c009f24 0005a503 lw               x10, 0(x11)         x10=bea4ce36 x11:10001760  PA:10001760
22854045ns          406496 1c009f26 01880833 add              x16, x16, x24       x16=10001774 x16:00000020 x24:10001754
22854064ns          406497 1c009f28 00082883 lw               x17, 0(x16)         x17=bda48694 x16:10001774  PA:10001774
22854084ns          406498 1c009f2c 10f57e53 fmul.s           f28, f10, f15       f28=xxxxxxxx f10:bea4ce36 f15:352311b8
22854562ns          406522 1c009f30 10f8f353 fmul.s           f6, f17, f15         f6=xxxxxxxx f17:bda48694 f15:352311b8
22854602ns          406524 1c009f34 01068693 addi             x13, x13, 16        x13=00000010 x13:00000000
22854621ns          406525 1c009f36 e11778c7 fmsub.s          f17, f14, f17, f28  f17=xxxxxxxx f14:3f800000 f17:bda48694 f28:b451f569
22854641ns          406526 1c009f3a 30a77543 fmadd.s          f10, f14, f10, f6   f10=xxxxxxxx f14:3f800000 f10:bea4ce36  f6:b3519a27
22854661ns          406527 1c009f3e 018686b3 add              x13, x13, x24       x13=10001764 x13:00000010 x24:10001754
22855158ns          406552 1c009f40 01182023 sw               x17, 0(x16)         x17:bda4867a x16:10001774  PA:10001774
22855198ns          406554 1c009f44 00a5a023 sw               x10, 0(x11)         x10:bea4ce38 x11:10001760  PA:10001760
22855218ns          406555 1c009f46 00c60613 addi             x12, x12, 12        x12=00000024 x12:00000018
22855238ns          406556 1c009f48 0006a583 lw               x11, 0(x13)         x11=3f485d43 x13:10001764  PA:10001764
22855258ns          406557 1c009f4a 01860633 add              x12, x12, x24       x12=10001778 x12:00000024 x24:10001754
22855278ns          406558 1c009f4c 00062503 lw               x10, 0(x12)         x10=3e4cb0d5 x12:10001778  PA:10001778
22855755ns          406582 1c009f4e 10f5f853 fmul.s           f16, f11, f15       f16=xxxxxxxx f11:3f485d43 f15:352311b8
22855795ns          406584 1c009f52 10f577d3 fmul.s           f15, f10, f15       f15=xxxxxxxx f10:3e4cb0d5 f15:352311b8
22855815ns          406585 1c009f56 80a77547 fmsub.s          f10, f14, f10, f16  f10=xxxxxxxx f14:3f800000 f10:3e4cb0d5 f16:34ff4280
22855835ns          406586 1c009f5a 78b77743 fmadd.s          f14, f14, f11, f15  f14=xxxxxxxx f14:3f800000 f11:3f485d43 f15:340262c2
22855855ns          406587 1c009f5e 00a62023 sw               x10, 0(x12)         x10:3e4cb0b5 x12:10001778  PA:10001778
22856292ns          406609 1c009f60 06e12023 sw               x14, 96(x2)         x14:3f485d45  x2:100015f8  PA:10001658
22856312ns          406610 1c009f62 00e6a023 sw               x14, 0(x13)         x14:3f485d45 x13:10001764  PA:10001764
22856332ns          406611 1c009f64 f69fe06f jal              x0, -4248          
22856412ns          406615 1c008ecc fff40d93 addi             x27, x8, -1         x27=ffffffff  x8:00000000
22856491ns          406619 1c008ed0 dc0ddae3 bge              x27, x0, -556       x27:ffffffff
22856531ns          406621 1c008ed4 00000513 addi             x10, x0, 0          x10=00000000
22856551ns          406622 1c008ed6 1c10006f jal              x0, 2496           
22856630ns          406626 1c009896 0cc12083 lw               x1, 204(x2)          x1=1c00ac14  x2:100015f8  PA:100016c4
22856670ns          406628 1c009898 0c812403 lw               x8, 200(x2)          x8=00000002  x2:100015f8  PA:100016c0
22856690ns          406629 1c00989a 0c412483 lw               x9, 196(x2)          x9=100016f0  x2:100015f8  PA:100016bc
22856710ns          406630 1c00989c 0c012903 lw               x18, 192(x2)        x18=1c010000  x2:100015f8  PA:100016b8
22856730ns          406631 1c00989e 0bc12983 lw               x19, 188(x2)        x19=xxxxxxxx  x2:100015f8  PA:100016b4
22857088ns          406649 1c0098a0 0b812a03 lw               x20, 184(x2)        x20=xxxxxxxx  x2:100015f8  PA:100016b0
22857108ns          406650 1c0098a2 0b412a83 lw               x21, 180(x2)        x21=xxxxxxxx  x2:100015f8  PA:100016ac
22857128ns          406651 1c0098a4 0b012b03 lw               x22, 176(x2)        x22=xxxxxxxx  x2:100015f8  PA:100016a8
22857148ns          406652 1c0098a6 0ac12b83 lw               x23, 172(x2)        x23=xxxxxxxx  x2:100015f8  PA:100016a4
22857167ns          406653 1c0098a8 0a812c03 lw               x24, 168(x2)        x24=xxxxxxxx  x2:100015f8  PA:100016a0
22857187ns          406654 1c0098aa 0a412c83 lw               x25, 164(x2)        x25=xxxxxxxx  x2:100015f8  PA:1000169c
22857207ns          406655 1c0098ac 0a012d03 lw               x26, 160(x2)        x26=xxxxxxxx  x2:100015f8  PA:10001698
22857227ns          406656 1c0098ae 09c12d83 lw               x27, 156(x2)        x27=xxxxxxxx  x2:100015f8  PA:10001694
22857247ns          406657 1c0098b0 0d010113 addi             x2, x2, 208          x2=100016c8  x2:100015f8
22857267ns          406658 1c0098b2 00008067 jalr             x0, x1, 0            x1:1c00ac14
22857744ns          406682 1c00ac14 02012a23 sw               x0, 52(x2)           x2:100016c8  PA:100016fc
22857764ns          406683 1c00ac16 02012c23 sw               x0, 56(x2)           x2:100016c8  PA:10001700
22857784ns          406684 1c00ac18 04012623 sw               x0, 76(x2)           x2:100016c8  PA:10001714
22857804ns          406685 1c00ac1a 583010ef jal              x1, 7554             x1=1c00ac1e
22858878ns          406739 1c00c99c f14027f3 csrrs            x15, x0, 0xf14      x15=00000002
22859336ns          406762 1c00c9a0 01f00713 addi             x14, x0, 31         x14=0000001f
22859375ns          406764 1c00c9a2 ca5797b3 p.extractu       x15, x15, 5, 5      x15=00000000 x15:00000002
22859395ns          406765 1c00c9a6 00e78863 beq              x15, x14, 16        x15:00000000 x14:0000001f
22859415ns          406766 1c00c9aa 002047b7 lui              x15, 0x204000       x15=00204000
22859853ns          406788 1c00c9ae 20078793 addi             x15, x15, 512       x15=00204200 x15:00204000
22859892ns          406790 1c00c9b2 01c7e703 p.elw            x14, 28(x15)        x14=00010000 x15:00204200  PA:0020421c
22903672ns          408991 1c00c9b6 00008067 jalr             x0, x1, 0            x1:1c00ac1e
22903811ns          408998 1c00ac1e f14027f3 csrrs            x15, x0, 0xf14      x15=00000002
22903831ns          408999 1c00ac22 f457b7b3 p.bclr           x15, x15, 26, 5     x15=00000002 x15:00000002
22903851ns          409000 1c00ac26 38078f63 beq              x15, x0, 926        x15:00000002
22903871ns          409001 1c00ac2a 573010ef jal              x1, 7538             x1=1c00ac2e
22904428ns          409029 1c00c99c f14027f3 csrrs            x15, x0, 0xf14      x15=00000002
22904468ns          409031 1c00c9a0 01f00713 addi             x14, x0, 31         x14=0000001f
22904488ns          409032 1c00c9a2 ca5797b3 p.extractu       x15, x15, 5, 5      x15=00000000 x15:00000002
22904507ns          409033 1c00c9a6 00e78863 beq              x15, x14, 16        x15:00000000 x14:0000001f
22904527ns          409034 1c00c9aa 002047b7 lui              x15, 0x204000       x15=00204000
22904587ns          409037 1c00c9ae 20078793 addi             x15, x15, 512       x15=00204200 x15:00204000
22904627ns          409039 1c00c9b2 01c7e703 p.elw            x14, 28(x15)        x14=00010000 x15:00204200  PA:0020421c
23573352ns          442399 1c00c9b6 00008067 jalr             x0, x1, 0            x1:1c00ac2e
23573392ns          442401 1c00ac2e 08c12383 lw               x7, 140(x2)          x7=3e4625ef  x2:100016c8  PA:10001754
23573452ns          442404 1c00ac30 00000793 addi             x15, x0, 0          x15=00000000
23573472ns          442405 1c00ac34 a0f397d3 flt.s            x15, f7, f15        x15=00000000  f7:3e4625ef f15:00000000
23573492ns          442406 1c00ac38 02812f03 lw               x30, 40(x2)         x30=44ab44a1  x2:100016c8  PA:100016f0
23573512ns          442407 1c00ac3a 04012f83 lw               x31, 64(x2)         x31=440117d2  x2:100016c8  PA:10001708
23573532ns          442408 1c00ac3c 05812e83 lw               x29, 88(x2)         x29=440b724e  x2:100016c8  PA:10001720
23573552ns          442409 1c00ac3e 07012e03 lw               x28, 112(x2)        x28=41a58f8b  x2:100016c8  PA:10001738
23573913ns          442427 1c00ac40 08812303 lw               x6, 136(x2)          x6=40d986f4  x2:100016c8  PA:10001750
23573954ns          442429 1c00ac42 38079d63 bne              x15, x0, 922        x15:00000000
23573974ns          442430 1c00ac46 09010613 addi             x12, x2, 144        x12=10001758  x2:100016c8
23573994ns          442431 1c00ac48 0f010713 addi             x14, x2, 240        x14=100017b8  x2:100016c8
23574014ns          442432 1c00ac4a 00c007b3 add              x15, x0, x12        x15=10001758 x12:10001758
23574034ns          442433 1c00ac4c 00700533 add              x10, x0, x7         x10=3e4625ef  x7:3e4625ef
23574435ns          442453 1c00ac4e 00000893 addi             x17, x0, 0          x17=00000000
23574475ns          442455 1c00ac52 0047a68b p.lw             x13, 4(x15!)        x13=bef8bd6b x15=1000175c x15:10001758  PA:10001758
23574515ns          442457 1c00ac56 a1169853 flt.s            x16, f13, f17       x16=00000001 f13:bef8bd6b f17:00000000
23574535ns          442458 1c00ac5a 2a081e63 bne              x16, x0, 700        x16:00000001
23575519ns          442507 1c00af16 08d57553 fsub.s           f10, f10, f13       f10=xxxxxxxx f10:3e4625ef f13:bef8bd6b
23575539ns          442508 1c00af1a d2f71ce3 bne              x14, x15, -712      x14:100017b8 x15:1000175c
23576040ns          442533 1c00ac52 0047a68b p.lw             x13, 4(x15!)        x13=bdd0538d x15=10001760 x15:1000175c  PA:1000175c
23576081ns          442535 1c00ac56 a1169853 flt.s            x16, f13, f17       x16=00000001 f13:bdd0538d f17:00000000
23576101ns          442536 1c00ac5a 2a081e63 bne              x16, x0, 700        x16:00000001
23576181ns          442540 1c00af16 08d57553 fsub.s           f10, f10, f13       f10=xxxxxxxx f10:3f2de831 f13:bdd0538d
23576201ns          442541 1c00af1a d2f71ce3 bne              x14, x15, -712      x14:100017b8 x15:10001760
23576281ns          442545 1c00ac52 0047a68b p.lw             x13, 4(x15!)        x13=bea4ce38 x15=10001764 x15:10001760  PA:10001760
23576321ns          442547 1c00ac56 a1169853 flt.s            x16, f13, f17       x16=00000001 f13:bea4ce38 f17:00000000
23576341ns          442548 1c00ac5a 2a081e63 bne              x16, x0, 700        x16:00000001
23576422ns          442552 1c00af16 08d57553 fsub.s           f10, f10, f13       f10=xxxxxxxx f10:3f47f2a3 f13:bea4ce38
23576442ns          442553 1c00af1a d2f71ce3 bne              x14, x15, -712      x14:100017b8 x15:10001764
23576522ns          442557 1c00ac52 0047a68b p.lw             x13, 4(x15!)        x13=3f485d45 x15=10001768 x15:10001764  PA:10001764
23576562ns          442559 1c00ac56 a1169853 flt.s            x16, f13, f17       x16=00000000 f13:3f485d45 f17:00000000
23576582ns          442560 1c00ac5a 2a081e63 bne              x16, x0, 700        x16:00000000
23576602ns          442561 1c00ac5e 00d57553 fadd.s           f10, f10, f13       f10=xxxxxxxx f10:3f8d2ce0 f13:3f485d45
23576622ns          442562 1c00ac62 fef718e3 bne              x14, x15, -16       x14:100017b8 x15:10001768
23576783ns          442570 1c00ac52 0047a68b p.lw             x13, 4(x15!)        x13=bf5f2d8f x15=1000176c x15:10001768  PA:10001768
23576823ns          442572 1c00ac56 a1169853 flt.s            x16, f13, f17       x16=00000001 f13:bf5f2d8f f17:00000000
23576843ns          442573 1c00ac5a 2a081e63 bne              x16, x0, 700        x16:00000001
23576923ns          442577 1c00af16 08d57553 fsub.s           f10, f10, f13       f10=xxxxxxxx f10:3ff15b82 f13:bf5f2d8f
23576943ns          442578 1c00af1a d2f71ce3 bne              x14, x15, -712      x14:100017b8 x15:1000176c
23577024ns          442582 1c00ac52 0047a68b p.lw             x13, 4(x15!)        x13=3def48ba x15=10001770 x15:1000176c  PA:1000176c
23577064ns          442584 1c00ac56 a1169853 flt.s            x16, f13, f17       x16=00000000 f13:3def48ba f17:00000000
23577084ns          442585 1c00ac5a 2a081e63 bne              x16, x0, 700        x16:00000000
23577104ns          442586 1c00ac5e 00d57553 fadd.s           f10, f10, f13       f10=xxxxxxxx f10:40307925 f13:3def48ba
23577124ns          442587 1c00ac62 fef718e3 bne              x14, x15, -16       x14:100017b8 x15:10001770
23577204ns          442591 1c00ac52 0047a68b p.lw             x13, 4(x15!)        x13=bed92d1d x15=10001774 x15:10001770  PA:10001770
23577244ns          442593 1c00ac56 a1169853 flt.s            x16, f13, f17       x16=00000001 f13:bed92d1d f17:00000000
23577264ns          442594 1c00ac5a 2a081e63 bne              x16, x0, 700        x16:00000001
23577345ns          442598 1c00af16 08d57553 fsub.s           f10, f10, f13       f10=xxxxxxxx f10:4037f36b f13:bed92d1d
23577365ns          442599 1c00af1a d2f71ce3 bne              x14, x15, -712      x14:100017b8 x15:10001774
23577445ns          442603 1c00ac52 0047a68b p.lw             x13, 4(x15!)        x13=bda4867a x15=10001778 x15:10001774  PA:10001774
23577485ns          442605 1c00ac56 a1169853 flt.s            x16, f13, f17       x16=00000001 f13:bda4867a f17:00000000
23577505ns          442606 1c00ac5a 2a081e63 bne              x16, x0, 700        x16:00000001
23577585ns          442610 1c00af16 08d57553 fsub.s           f10, f10, f13       f10=xxxxxxxx f10:4053190f f13:bda4867a
23577605ns          442611 1c00af1a d2f71ce3 bne              x14, x15, -712      x14:100017b8 x15:10001778
23577686ns          442615 1c00ac52 0047a68b p.lw             x13, 4(x15!)        x13=3e4cb0b5 x15=1000177c x15:10001778  PA:10001778
23577726ns          442617 1c00ac56 a1169853 flt.s            x16, f13, f17       x16=00000000 f13:3e4cb0b5 f17:00000000
23577746ns          442618 1c00ac5a 2a081e63 bne              x16, x0, 700        x16:00000000
23577766ns          442619 1c00ac5e 00d57553 fadd.s           f10, f10, f13       f10=xxxxxxxx f10:40583d43 f13:3e4cb0b5
23577786ns          442620 1c00ac62 fef718e3 bne              x14, x15, -16       x14:100017b8 x15:1000177c
23577866ns          442624 1c00ac52 0047a68b p.lw             x13, 4(x15!)        x13=3e428bf1 x15=10001780 x15:1000177c  PA:1000177c
23577906ns          442626 1c00ac56 a1169853 flt.s            x16, f13, f17       x16=00000000 f13:3e428bf1 f17:00000000
23577927ns          442627 1c00ac5a 2a081e63 bne              x16, x0, 700        x16:00000000
23577947ns          442628 1c00ac5e 00d57553 fadd.s           f10, f10, f13       f10=xxxxxxxx f10:4065084e f13:3e428bf1
23577967ns          442629 1c00ac62 fef718e3 bne              x14, x15, -16       x14:100017b8 x15:10001780
23578047ns          442633 1c00ac52 0047a68b p.lw             x13, 4(x15!)        x13=bd90d5d2 x15=10001784 x15:10001780  PA:10001780
23578087ns          442635 1c00ac56 a1169853 flt.s            x16, f13, f17       x16=00000001 f13:bd90d5d2 f17:00000000
23578107ns          442636 1c00ac5a 2a081e63 bne              x16, x0, 700        x16:00000001
23578187ns          442640 1c00af16 08d57553 fsub.s           f10, f10, f13       f10=xxxxxxxx f10:4071310d f13:bd90d5d2
23578207ns          442641 1c00af1a d2f71ce3 bne              x14, x15, -712      x14:100017b8 x15:10001784
23578288ns          442645 1c00ac52 0047a68b p.lw             x13, 4(x15!)        x13=bef8af3b x15=10001788 x15:10001784  PA:10001784
23578328ns          442647 1c00ac56 a1169853 flt.s            x16, f13, f17       x16=00000001 f13:bef8af3b f17:00000000
23578348ns          442648 1c00ac5a 2a081e63 bne              x16, x0, 700        x16:00000001
23578428ns          442652 1c00af16 08d57553 fsub.s           f10, f10, f13       f10=xxxxxxxx f10:4075b7bc f13:bef8af3b
23578448ns          442653 1c00af1a d2f71ce3 bne              x14, x15, -712      x14:100017b8 x15:10001788
23578528ns          442657 1c00ac52 0047a68b p.lw             x13, 4(x15!)        x13=bf389a01 x15=1000178c x15:10001788  PA:10001788
23578569ns          442659 1c00ac56 a1169853 flt.s            x16, f13, f17       x16=00000001 f13:bf389a01 f17:00000000
23578589ns          442660 1c00ac5a 2a081e63 bne              x16, x0, 700        x16:00000001
23578669ns          442664 1c00af16 08d57553 fsub.s           f10, f10, f13       f10=xxxxxxxx f10:408a66d2 f13:bf389a01
23578689ns          442665 1c00af1a d2f71ce3 bne              x14, x15, -712      x14:100017b8 x15:1000178c
23578769ns          442669 1c00ac52 0047a68b p.lw             x13, 4(x15!)        x13=bee6af93 x15=10001790 x15:1000178c  PA:1000178c
23578809ns          442671 1c00ac56 a1169853 flt.s            x16, f13, f17       x16=00000001 f13:bee6af93 f17:00000000
23578829ns          442672 1c00ac5a 2a081e63 bne              x16, x0, 700        x16:00000001
23578910ns          442676 1c00af16 08d57553 fsub.s           f10, f10, f13       f10=xxxxxxxx f10:40a17a12 f13:bee6af93
23578930ns          442677 1c00af1a d2f71ce3 bne              x14, x15, -712      x14:100017b8 x15:10001790
23579010ns          442681 1c00ac52 0047a68b p.lw             x13, 4(x15!)        x13=beb37242 x15=10001794 x15:10001790  PA:10001790
23579050ns          442683 1c00ac56 a1169853 flt.s            x16, f13, f17       x16=00000001 f13:beb37242 f17:00000000
23579070ns          442684 1c00ac5a 2a081e63 bne              x16, x0, 700        x16:00000001
23579151ns          442688 1c00af16 08d57553 fsub.s           f10, f10, f13       f10=xxxxxxxx f10:40afe50b f13:beb37242
23579171ns          442689 1c00af1a d2f71ce3 bne              x14, x15, -712      x14:100017b8 x15:10001794
23579251ns          442693 1c00ac52 0047a68b p.lw             x13, 4(x15!)        x13=bdaeb891 x15=10001798 x15:10001794  PA:10001794
23579291ns          442695 1c00ac56 a1169853 flt.s            x16, f13, f17       x16=00000001 f13:bdaeb891 f17:00000000
23579311ns          442696 1c00ac5a 2a081e63 bne              x16, x0, 700        x16:00000001
23579391ns          442700 1c00af16 08d57553 fsub.s           f10, f10, f13       f10=xxxxxxxx f10:40bb1c2f f13:bdaeb891
23579411ns          442701 1c00af1a d2f71ce3 bne              x14, x15, -712      x14:100017b8 x15:10001798
23579492ns          442705 1c00ac52 0047a68b p.lw             x13, 4(x15!)        x13=3f41b5e2 x15=1000179c x15:10001798  PA:10001798
23579532ns          442707 1c00ac56 a1169853 flt.s            x16, f13, f17       x16=00000000 f13:3f41b5e2 f17:00000000
23579552ns          442708 1c00ac5a 2a081e63 bne              x16, x0, 700        x16:00000000
23579572ns          442709 1c00ac5e 00d57553 fadd.s           f10, f10, f13       f10=xxxxxxxx f10:40bdd711 f13:3f41b5e2
23579592ns          442710 1c00ac62 fef718e3 bne              x14, x15, -16       x14:100017b8 x15:1000179c
23579672ns          442714 1c00ac52 0047a68b p.lw             x13, 4(x15!)        x13=bf09b571 x15=100017a0 x15:1000179c  PA:1000179c
23579712ns          442716 1c00ac56 a1169853 flt.s            x16, f13, f17       x16=00000001 f13:bf09b571 f17:00000000
23579732ns          442717 1c00ac5a 2a081e63 bne              x16, x0, 700        x16:00000001
23579813ns          442721 1c00af16 08d57553 fsub.s           f10, f10, f13       f10=xxxxxxxx f10:40d60dcd f13:bf09b571
23579833ns          442722 1c00af1a d2f71ce3 bne              x14, x15, -712      x14:100017b8 x15:100017a0
23579913ns          442726 1c00ac52 0047a68b p.lw             x13, 4(x15!)        x13=bdb6a922 x15=100017a4 x15:100017a0  PA:100017a0
23579953ns          442728 1c00ac56 a1169853 flt.s            x16, f13, f17       x16=00000001 f13:bdb6a922 f17:00000000
23579973ns          442729 1c00ac5a 2a081e63 bne              x16, x0, 700        x16:00000001
23580053ns          442733 1c00af16 08d57553 fsub.s           f10, f10, f13       f10=xxxxxxxx f10:40e7447b f13:bdb6a922
23580074ns          442734 1c00af1a d2f71ce3 bne              x14, x15, -712      x14:100017b8 x15:100017a4
23580154ns          442738 1c00ac52 0047a68b p.lw             x13, 4(x15!)        x13=3e55d664 x15=100017a8 x15:100017a4  PA:100017a4
23580194ns          442740 1c00ac56 a1169853 flt.s            x16, f13, f17       x16=00000000 f13:3e55d664 f17:00000000
23580214ns          442741 1c00ac5a 2a081e63 bne              x16, x0, 700        x16:00000000
23580234ns          442742 1c00ac5e 00d57553 fadd.s           f10, f10, f13       f10=xxxxxxxx f10:40ea1f20 f13:3e55d664
23580254ns          442743 1c00ac62 fef718e3 bne              x14, x15, -16       x14:100017b8 x15:100017a8
23580334ns          442747 1c00ac52 0047a68b p.lw             x13, 4(x15!)        x13=3f5bedce x15=100017ac x15:100017a8  PA:100017a8
23580374ns          442749 1c00ac56 a1169853 flt.s            x16, f13, f17       x16=00000000 f13:3f5bedce f17:00000000
23580395ns          442750 1c00ac5a 2a081e63 bne              x16, x0, 700        x16:00000000
23580415ns          442751 1c00ac5e 00d57553 fadd.s           f10, f10, f13       f10=xxxxxxxx f10:40f0cdd3 f13:3f5bedce
23580435ns          442752 1c00ac62 fef718e3 bne              x14, x15, -16       x14:100017b8 x15:100017ac
23580515ns          442756 1c00ac52 0047a68b p.lw             x13, 4(x15!)        x13=3d10aeaf x15=100017b0 x15:100017ac  PA:100017ac
23580555ns          442758 1c00ac56 a1169853 flt.s            x16, f13, f17       x16=00000000 f13:3d10aeaf f17:00000000
23580575ns          442759 1c00ac5a 2a081e63 bne              x16, x0, 700        x16:00000000
23580595ns          442760 1c00ac5e 00d57553 fadd.s           f10, f10, f13       f10=xxxxxxxx f10:410625c6 f13:3d10aeaf
23580615ns          442761 1c00ac62 fef718e3 bne              x14, x15, -16       x14:100017b8 x15:100017b0
23580696ns          442765 1c00ac52 0047a68b p.lw             x13, 4(x15!)        x13=be9158bf x15=100017b4 x15:100017b0  PA:100017b0
23580736ns          442767 1c00ac56 a1169853 flt.s            x16, f13, f17       x16=00000001 f13:be9158bf f17:00000000
23580756ns          442768 1c00ac5a 2a081e63 bne              x16, x0, 700        x16:00000001
23580836ns          442772 1c00af16 08d57553 fsub.s           f10, f10, f13       f10=xxxxxxxx f10:4106b675 f13:be9158bf
23580856ns          442773 1c00af1a d2f71ce3 bne              x14, x15, -712      x14:100017b8 x15:100017b4
23580936ns          442777 1c00ac52 0047a68b p.lw             x13, 4(x15!)        x13=3ebd2b29 x15=100017b8 x15:100017b4  PA:100017b4
23580976ns          442779 1c00ac56 a1169853 flt.s            x16, f13, f17       x16=00000000 f13:3ebd2b29 f17:00000000
23580997ns          442780 1c00ac5a 2a081e63 bne              x16, x0, 700        x16:00000000
23581017ns          442781 1c00ac5e 00d57553 fadd.s           f10, f10, f13       f10=xxxxxxxx f10:410b413b f13:3ebd2b29
23581037ns          442782 1c00ac62 fef718e3 bne              x14, x15, -16       x14:100017b8 x15:100017b8
23581057ns          442783 1c00ac66 01ff72d3 fadd.s           f5, f30, f31         f5=xxxxxxxx f30:44ab44a1 f31:440117d2
23581077ns          442784 1c00ac6a 00c006b3 add              x13, x0, x12        x13=10001758 x12:10001758
23581097ns          442785 1c00ac6c 007007b3 add              x15, x0, x7         x15=3e4625ef  x7:3e4625ef
23581117ns          442786 1c00ac6e 01d2f2d3 fadd.s           f5, f5, f29          f5=xxxxxxxx  f5:44ebd08a f29:440b724e
23581137ns          442787 1c00ac72 00000893 addi             x17, x0, 0          x17=00000000
23581157ns          442788 1c00ac76 01c2f2d3 fadd.s           f5, f5, f28          f5=xxxxxxxx  f5:4518c4d8 f28:41a58f8b
23581177ns          442789 1c00ac7a 0062f2d3 fadd.s           f5, f5, f6           f5=xxxxxxxx  f5:451a0ff7  f6:40d986f4
23581619ns          442811 1c00ac7e 0046a58b p.lw             x11, 4(x13!)        x11=bef8bd6b x13=1000175c x13:10001758  PA:10001758
23581659ns          442813 1c00ac82 a1159853 flt.s            x16, f11, f17       x16=00000001 f11:bef8bd6b f17:00000000
23581679ns          442814 1c00ac86 28081363 bne              x16, x0, 646        x16:00000001
23582602ns          442860 1c00af0c 08b7f7d3 fsub.s           f15, f15, f11       f15=xxxxxxxx f15:3e4625ef f11:bef8bd6b
23582682ns          442864 1c00af10 d6d717e3 bne              x14, x13, -658      x14:100017b8 x13:1000175c
23582762ns          442868 1c00ac7e 0046a58b p.lw             x11, 4(x13!)        x11=bdd0538d x13=10001760 x13:1000175c  PA:1000175c
23582802ns          442870 1c00ac82 a1159853 flt.s            x16, f11, f17       x16=00000001 f11:bdd0538d f17:00000000
23582822ns          442871 1c00ac86 28081363 bne              x16, x0, 646        x16:00000001
23582883ns          442874 1c00af0c 08b7f7d3 fsub.s           f15, f15, f11       f15=xxxxxxxx f15:3f2de831 f11:bdd0538d
23582903ns          442875 1c00af10 d6d717e3 bne              x14, x13, -658      x14:100017b8 x13:10001760
23582983ns          442879 1c00ac7e 0046a58b p.lw             x11, 4(x13!)        x11=bea4ce38 x13=10001764 x13:10001760  PA:10001760
23583043ns          442882 1c00ac82 a1159853 flt.s            x16, f11, f17       x16=00000001 f11:bea4ce38 f17:00000000
23583063ns          442883 1c00ac86 28081363 bne              x16, x0, 646        x16:00000001
23583123ns          442886 1c00af0c 08b7f7d3 fsub.s           f15, f15, f11       f15=xxxxxxxx f15:3f47f2a3 f11:bea4ce38
23583144ns          442887 1c00af10 d6d717e3 bne              x14, x13, -658      x14:100017b8 x13:10001764
23583224ns          442891 1c00ac7e 0046a58b p.lw             x11, 4(x13!)        x11=3f485d45 x13=10001768 x13:10001764  PA:10001764
23583264ns          442893 1c00ac82 a1159853 flt.s            x16, f11, f17       x16=00000000 f11:3f485d45 f17:00000000
23583284ns          442894 1c00ac86 28081363 bne              x16, x0, 646        x16:00000000
23583304ns          442895 1c00ac8a 00b7f7d3 fadd.s           f15, f15, f11       f15=xxxxxxxx f15:3f8d2ce0 f11:3f485d45
23583324ns          442896 1c00ac8e fed718e3 bne              x14, x13, -16       x14:100017b8 x13:10001768
23583404ns          442900 1c00ac7e 0046a58b p.lw             x11, 4(x13!)        x11=bf5f2d8f x13=1000176c x13:10001768  PA:10001768
23583444ns          442902 1c00ac82 a1159853 flt.s            x16, f11, f17       x16=00000001 f11:bf5f2d8f f17:00000000
23583465ns          442903 1c00ac86 28081363 bne              x16, x0, 646        x16:00000001
23583525ns          442906 1c00af0c 08b7f7d3 fsub.s           f15, f15, f11       f15=xxxxxxxx f15:3ff15b82 f11:bf5f2d8f
23583545ns          442907 1c00af10 d6d717e3 bne              x14, x13, -658      x14:100017b8 x13:1000176c
23583625ns          442911 1c00ac7e 0046a58b p.lw             x11, 4(x13!)        x11=3def48ba x13=10001770 x13:1000176c  PA:1000176c
23583665ns          442913 1c00ac82 a1159853 flt.s            x16, f11, f17       x16=00000000 f11:3def48ba f17:00000000
23583685ns          442914 1c00ac86 28081363 bne              x16, x0, 646        x16:00000000
23583705ns          442915 1c00ac8a 00b7f7d3 fadd.s           f15, f15, f11       f15=xxxxxxxx f15:40307925 f11:3def48ba
23583725ns          442916 1c00ac8e fed718e3 bne              x14, x13, -16       x14:100017b8 x13:10001770
23583806ns          442920 1c00ac7e 0046a58b p.lw             x11, 4(x13!)        x11=bed92d1d x13=10001774 x13:10001770  PA:10001770
23583846ns          442922 1c00ac82 a1159853 flt.s            x16, f11, f17       x16=00000001 f11:bed92d1d f17:00000000
23583866ns          442923 1c00ac86 28081363 bne              x16, x0, 646        x16:00000001
23583926ns          442926 1c00af0c 08b7f7d3 fsub.s           f15, f15, f11       f15=xxxxxxxx f15:4037f36b f11:bed92d1d
23583946ns          442927 1c00af10 d6d717e3 bne              x14, x13, -658      x14:100017b8 x13:10001774
23584026ns          442931 1c00ac7e 0046a58b p.lw             x11, 4(x13!)        x11=bda4867a x13=10001778 x13:10001774  PA:10001774
23584067ns          442933 1c00ac82 a1159853 flt.s            x16, f11, f17       x16=00000001 f11:bda4867a f17:00000000
23584087ns          442934 1c00ac86 28081363 bne              x16, x0, 646        x16:00000001
23584147ns          442937 1c00af0c 08b7f7d3 fsub.s           f15, f15, f11       f15=xxxxxxxx f15:4053190f f11:bda4867a
23584167ns          442938 1c00af10 d6d717e3 bne              x14, x13, -658      x14:100017b8 x13:10001778
23584247ns          442942 1c00ac7e 0046a58b p.lw             x11, 4(x13!)        x11=3e4cb0b5 x13=1000177c x13:10001778  PA:10001778
23584287ns          442944 1c00ac82 a1159853 flt.s            x16, f11, f17       x16=00000000 f11:3e4cb0b5 f17:00000000
23584307ns          442945 1c00ac86 28081363 bne              x16, x0, 646        x16:00000000
23584327ns          442946 1c00ac8a 00b7f7d3 fadd.s           f15, f15, f11       f15=xxxxxxxx f15:40583d43 f11:3e4cb0b5
23584347ns          442947 1c00ac8e fed718e3 bne              x14, x13, -16       x14:100017b8 x13:1000177c
23584428ns          442951 1c00ac7e 0046a58b p.lw             x11, 4(x13!)        x11=3e428bf1 x13=10001780 x13:1000177c  PA:1000177c
23584468ns          442953 1c00ac82 a1159853 flt.s            x16, f11, f17       x16=00000000 f11:3e428bf1 f17:00000000
23584488ns          442954 1c00ac86 28081363 bne              x16, x0, 646        x16:00000000
23584508ns          442955 1c00ac8a 00b7f7d3 fadd.s           f15, f15, f11       f15=xxxxxxxx f15:4065084e f11:3e428bf1
23584528ns          442956 1c00ac8e fed718e3 bne              x14, x13, -16       x14:100017b8 x13:10001780
23584608ns          442960 1c00ac7e 0046a58b p.lw             x11, 4(x13!)        x11=bd90d5d2 x13=10001784 x13:10001780  PA:10001780
23584648ns          442962 1c00ac82 a1159853 flt.s            x16, f11, f17       x16=00000001 f11:bd90d5d2 f17:00000000
23584668ns          442963 1c00ac86 28081363 bne              x16, x0, 646        x16:00000001
23584729ns          442966 1c00af0c 08b7f7d3 fsub.s           f15, f15, f11       f15=xxxxxxxx f15:4071310d f11:bd90d5d2
23584749ns          442967 1c00af10 d6d717e3 bne              x14, x13, -658      x14:100017b8 x13:10001784
23584829ns          442971 1c00ac7e 0046a58b p.lw             x11, 4(x13!)        x11=bef8af3b x13=10001788 x13:10001784  PA:10001784
23584869ns          442973 1c00ac82 a1159853 flt.s            x16, f11, f17       x16=00000001 f11:bef8af3b f17:00000000
23584889ns          442974 1c00ac86 28081363 bne              x16, x0, 646        x16:00000001
23584949ns          442977 1c00af0c 08b7f7d3 fsub.s           f15, f15, f11       f15=xxxxxxxx f15:4075b7bc f11:bef8af3b
23584969ns          442978 1c00af10 d6d717e3 bne              x14, x13, -658      x14:100017b8 x13:10001788
23585050ns          442982 1c00ac7e 0046a58b p.lw             x11, 4(x13!)        x11=bf389a01 x13=1000178c x13:10001788  PA:10001788
23585090ns          442984 1c00ac82 a1159853 flt.s            x16, f11, f17       x16=00000001 f11:bf389a01 f17:00000000
23585110ns          442985 1c00ac86 28081363 bne              x16, x0, 646        x16:00000001
23585170ns          442988 1c00af0c 08b7f7d3 fsub.s           f15, f15, f11       f15=xxxxxxxx f15:408a66d2 f11:bf389a01
23585190ns          442989 1c00af10 d6d717e3 bne              x14, x13, -658      x14:100017b8 x13:1000178c
23585270ns          442993 1c00ac7e 0046a58b p.lw             x11, 4(x13!)        x11=bee6af93 x13=10001790 x13:1000178c  PA:1000178c
23585311ns          442995 1c00ac82 a1159853 flt.s            x16, f11, f17       x16=00000001 f11:bee6af93 f17:00000000
23585331ns          442996 1c00ac86 28081363 bne              x16, x0, 646        x16:00000001
23585391ns          442999 1c00af0c 08b7f7d3 fsub.s           f15, f15, f11       f15=xxxxxxxx f15:40a17a12 f11:bee6af93
23585411ns          443000 1c00af10 d6d717e3 bne              x14, x13, -658      x14:100017b8 x13:10001790
23585491ns          443004 1c00ac7e 0046a58b p.lw             x11, 4(x13!)        x11=beb37242 x13=10001794 x13:10001790  PA:10001790
23585531ns          443006 1c00ac82 a1159853 flt.s            x16, f11, f17       x16=00000001 f11:beb37242 f17:00000000
23585551ns          443007 1c00ac86 28081363 bne              x16, x0, 646        x16:00000001
23585612ns          443010 1c00af0c 08b7f7d3 fsub.s           f15, f15, f11       f15=xxxxxxxx f15:40afe50b f11:beb37242
23585632ns          443011 1c00af10 d6d717e3 bne              x14, x13, -658      x14:100017b8 x13:10001794
23585712ns          443015 1c00ac7e 0046a58b p.lw             x11, 4(x13!)        x11=bdaeb891 x13=10001798 x13:10001794  PA:10001794
23585752ns          443017 1c00ac82 a1159853 flt.s            x16, f11, f17       x16=00000001 f11:bdaeb891 f17:00000000
23585772ns          443018 1c00ac86 28081363 bne              x16, x0, 646        x16:00000001
23585832ns          443021 1c00af0c 08b7f7d3 fsub.s           f15, f15, f11       f15=xxxxxxxx f15:40bb1c2f f11:bdaeb891
23585852ns          443022 1c00af10 d6d717e3 bne              x14, x13, -658      x14:100017b8 x13:10001798
23585933ns          443026 1c00ac7e 0046a58b p.lw             x11, 4(x13!)        x11=3f41b5e2 x13=1000179c x13:10001798  PA:10001798
23585973ns          443028 1c00ac82 a1159853 flt.s            x16, f11, f17       x16=00000000 f11:3f41b5e2 f17:00000000
23585993ns          443029 1c00ac86 28081363 bne              x16, x0, 646        x16:00000000
23586013ns          443030 1c00ac8a 00b7f7d3 fadd.s           f15, f15, f11       f15=xxxxxxxx f15:40bdd711 f11:3f41b5e2
23586033ns          443031 1c00ac8e fed718e3 bne              x14, x13, -16       x14:100017b8 x13:1000179c
23586113ns          443035 1c00ac7e 0046a58b p.lw             x11, 4(x13!)        x11=bf09b571 x13=100017a0 x13:1000179c  PA:1000179c
23586153ns          443037 1c00ac82 a1159853 flt.s            x16, f11, f17       x16=00000001 f11:bf09b571 f17:00000000
23586173ns          443038 1c00ac86 28081363 bne              x16, x0, 646        x16:00000001
23586234ns          443041 1c00af0c 08b7f7d3 fsub.s           f15, f15, f11       f15=xxxxxxxx f15:40d60dcd f11:bf09b571
23586254ns          443042 1c00af10 d6d717e3 bne              x14, x13, -658      x14:100017b8 x13:100017a0
23586334ns          443046 1c00ac7e 0046a58b p.lw             x11, 4(x13!)        x11=bdb6a922 x13=100017a4 x13:100017a0  PA:100017a0
23586374ns          443048 1c00ac82 a1159853 flt.s            x16, f11, f17       x16=00000001 f11:bdb6a922 f17:00000000
23586394ns          443049 1c00ac86 28081363 bne              x16, x0, 646        x16:00000001
23586454ns          443052 1c00af0c 08b7f7d3 fsub.s           f15, f15, f11       f15=xxxxxxxx f15:40e7447b f11:bdb6a922
23586474ns          443053 1c00af10 d6d717e3 bne              x14, x13, -658      x14:100017b8 x13:100017a4
23586555ns          443057 1c00ac7e 0046a58b p.lw             x11, 4(x13!)        x11=3e55d664 x13=100017a8 x13:100017a4  PA:100017a4
23586635ns          443061 1c00ac82 a1159853 flt.s            x16, f11, f17       x16=00000000 f11:3e55d664 f17:00000000
23586655ns          443062 1c00ac86 28081363 bne              x16, x0, 646        x16:00000000
23586675ns          443063 1c00ac8a 00b7f7d3 fadd.s           f15, f15, f11       f15=xxxxxxxx f15:40ea1f20 f11:3e55d664
23586695ns          443064 1c00ac8e fed718e3 bne              x14, x13, -16       x14:100017b8 x13:100017a8
23586775ns          443068 1c00ac7e 0046a58b p.lw             x11, 4(x13!)        x11=3f5bedce x13=100017ac x13:100017a8  PA:100017a8
23586815ns          443070 1c00ac82 a1159853 flt.s            x16, f11, f17       x16=00000000 f11:3f5bedce f17:00000000
23586836ns          443071 1c00ac86 28081363 bne              x16, x0, 646        x16:00000000
23586856ns          443072 1c00ac8a 00b7f7d3 fadd.s           f15, f15, f11       f15=xxxxxxxx f15:40f0cdd3 f11:3f5bedce
23586876ns          443073 1c00ac8e fed718e3 bne              x14, x13, -16       x14:100017b8 x13:100017ac
23586956ns          443077 1c00ac7e 0046a58b p.lw             x11, 4(x13!)        x11=3d10aeaf x13=100017b0 x13:100017ac  PA:100017ac
23587036ns          443081 1c00ac82 a1159853 flt.s            x16, f11, f17       x16=00000000 f11:3d10aeaf f17:00000000
23587056ns          443082 1c00ac86 28081363 bne              x16, x0, 646        x16:00000000
23587076ns          443083 1c00ac8a 00b7f7d3 fadd.s           f15, f15, f11       f15=xxxxxxxx f15:410625c6 f11:3d10aeaf
23587096ns          443084 1c00ac8e fed718e3 bne              x14, x13, -16       x14:100017b8 x13:100017b0
23587177ns          443088 1c00ac7e 0046a58b p.lw             x11, 4(x13!)        x11=be9158bf x13=100017b4 x13:100017b0  PA:100017b0
23587257ns          443092 1c00ac82 a1159853 flt.s            x16, f11, f17       x16=00000001 f11:be9158bf f17:00000000
23587277ns          443093 1c00ac86 28081363 bne              x16, x0, 646        x16:00000001
23587337ns          443096 1c00af0c 08b7f7d3 fsub.s           f15, f15, f11       f15=xxxxxxxx f15:4106b675 f11:be9158bf
23587357ns          443097 1c00af10 d6d717e3 bne              x14, x13, -658      x14:100017b8 x13:100017b4
23587438ns          443101 1c00ac7e 0046a58b p.lw             x11, 4(x13!)        x11=3ebd2b29 x13=100017b8 x13:100017b4  PA:100017b4
23587478ns          443103 1c00ac82 a1159853 flt.s            x16, f11, f17       x16=00000000 f11:3ebd2b29 f17:00000000
23587498ns          443104 1c00ac86 28081363 bne              x16, x0, 646        x16:00000000
23587518ns          443105 1c00ac8a 00b7f7d3 fadd.s           f15, f15, f11       f15=xxxxxxxx f15:410b413b f11:3ebd2b29
23587538ns          443106 1c00ac8e fed718e3 bne              x14, x13, -16       x14:100017b8 x13:100017b8
23587558ns          443107 1c00ac92 1c0006b7 lui              x13, 0x1c000000     x13=1c000000
23587578ns          443108 1c00ac96 0506a683 lw               x13, 80(x13)        x13=41c80000 x13:1c000000  PA:1c000050
23588019ns          443130 1c00ac9a 18d7f6d3 fdiv.s           f13, f15, f13       f13=xxxxxxxx f15:41112a94 f13:41c80000
23588702ns          443164 1c00ac9e 08d3f5d3 fsub.s           f11, f7, f13        f11=xxxxxxxx  f7:3e4625ef f13:3eb9d01a
23588722ns          443165 1c00aca2 00000893 addi             x17, x0, 0          x17=00000000
23588742ns          443166 1c00aca6 10b5f5d3 fmul.s           f11, f11, f11       f11=xxxxxxxx f11:be2d7a45 f11:be2d7a45
23588762ns          443167 1c00acaa 0046278b p.lw             x15, 4(x12!)        x15=bef8bd6b x12=1000175c x12:10001758  PA:10001758
23588842ns          443171 1c00acae a1179853 flt.s            x16, f15, f17       x16=00000001 f15:bef8bd6b f17:00000000
23588882ns          443173 1c00acb2 24081463 bne              x16, x0, 584        x16:00000001
23589304ns          443194 1c00aefa 20f797d3 fsgnjn.s         f15, f15, f15       f15=xxxxxxxx f15:bef8bd6b f15:bef8bd6b
23589324ns          443195 1c00aefe 08d7f7d3 fsub.s           f15, f15, f13       f15=xxxxxxxx f15:3ef8bd6b f13:3eb9d01a
23589344ns          443196 1c00af02 58f7f5c3 fmadd.s          f11, f15, f15, f11  f11=xxxxxxxx f15:3dfbb544 f15:3dfbb544 f11:3ceb1cf7
23589364ns          443197 1c00af06 dac712e3 bne              x14, x12, -604      x14:100017b8 x12:1000175c
23589444ns          443201 1c00acaa 0046278b p.lw             x15, 4(x12!)        x15=bdd0538d x12=10001760 x12:1000175c  PA:1000175c
23589484ns          443203 1c00acae a1179853 flt.s            x16, f15, f17       x16=00000001 f15:bdd0538d f17:00000000
23589504ns          443204 1c00acb2 24081463 bne              x16, x0, 584        x16:00000001
23590046ns          443231 1c00aefa 20f797d3 fsgnjn.s         f15, f15, f15       f15=xxxxxxxx f15:bdd0538d f15:bdd0538d
23590066ns          443232 1c00aefe 08d7f7d3 fsub.s           f15, f15, f13       f15=xxxxxxxx f15:3dd0538d f13:3eb9d01a
23590086ns          443233 1c00af02 58f7f5c3 fmadd.s          f11, f15, f15, f11  f11=xxxxxxxx f15:be85bb37 f15:be85bb37 f11:3d336db8
23590106ns          443234 1c00af06 dac712e3 bne              x14, x12, -604      x14:100017b8 x12:10001760
23590186ns          443238 1c00acaa 0046278b p.lw             x15, 4(x12!)        x15=bea4ce38 x12=10001764 x12:10001760  PA:10001760
23590227ns          443240 1c00acae a1179853 flt.s            x16, f15, f17       x16=00000001 f15:bea4ce38 f17:00000000
23590247ns          443241 1c00acb2 24081463 bne              x16, x0, 584        x16:00000001
23590327ns          443245 1c00aefa 20f797d3 fsgnjn.s         f15, f15, f15       f15=xxxxxxxx f15:bea4ce38 f15:bea4ce38
23590347ns          443246 1c00aefe 08d7f7d3 fsub.s           f15, f15, f13       f15=xxxxxxxx f15:3ea4ce38 f13:3eb9d01a
23590367ns          443247 1c00af02 58f7f5c3 fmadd.s          f11, f15, f15, f11  f11=xxxxxxxx f15:bd280f10 f15:bd280f10 f11:3de56efc
23590387ns          443248 1c00af06 dac712e3 bne              x14, x12, -604      x14:100017b8 x12:10001764
23590467ns          443252 1c00acaa 0046278b p.lw             x15, 4(x12!)        x15=3f485d45 x12=10001768 x12:10001764  PA:10001764
23590508ns          443254 1c00acae a1179853 flt.s            x16, f15, f17       x16=00000000 f15:3f485d45 f17:00000000
23590528ns          443255 1c00acb2 24081463 bne              x16, x0, 584        x16:00000000
23590548ns          443256 1c00acb6 08d7f7d3 fsub.s           f15, f15, f13       f15=xxxxxxxx f15:3f485d45 f13:3eb9d01a
23590568ns          443257 1c00acba 58f7f5c3 fmadd.s          f11, f15, f15, f11  f11=xxxxxxxx f15:3ed6ea70 f15:3ed6ea70 f11:3de8e19a
23590588ns          443258 1c00acbe fec716e3 bne              x14, x12, -20       x14:100017b8 x12:10001768
23590668ns          443262 1c00acaa 0046278b p.lw             x15, 4(x12!)        x15=bf5f2d8f x12=1000176c x12:10001768  PA:10001768
23590708ns          443264 1c00acae a1179853 flt.s            x16, f15, f17       x16=00000001 f15:bf5f2d8f f17:00000000
23590728ns          443265 1c00acb2 24081463 bne              x16, x0, 584        x16:00000001
23590808ns          443269 1c00aefa 20f797d3 fsgnjn.s         f15, f15, f15       f15=xxxxxxxx f15:bf5f2d8f f15:bf5f2d8f
23590829ns          443270 1c00aefe 08d7f7d3 fsub.s           f15, f15, f13       f15=xxxxxxxx f15:3f5f2d8f f13:3eb9d01a
23590849ns          443271 1c00af02 58f7f5c3 fmadd.s          f11, f15, f15, f11  f11=xxxxxxxx f15:3f024582 f15:3f024582 f11:3e946ecb
23590869ns          443272 1c00af06 dac712e3 bne              x14, x12, -604      x14:100017b8 x12:1000176c
23590949ns          443276 1c00acaa 0046278b p.lw             x15, 4(x12!)        x15=3def48ba x12=10001770 x12:1000176c  PA:1000176c
23590989ns          443278 1c00acae a1179853 flt.s            x16, f15, f17       x16=00000000 f15:3def48ba f17:00000000
23591009ns          443279 1c00acb2 24081463 bne              x16, x0, 584        x16:00000000
23591029ns          443280 1c00acb6 08d7f7d3 fsub.s           f15, f15, f13       f15=xxxxxxxx f15:3def48ba f13:3eb9d01a
23591049ns          443281 1c00acba 58f7f5c3 fmadd.s          f11, f15, f15, f11  f11=xxxxxxxx f15:be7bfbd7 f15:be7bfbd7 f11:3f0c8210
23591069ns          443282 1c00acbe fec716e3 bne              x14, x12, -20       x14:100017b8 x12:10001770
23591150ns          443286 1c00acaa 0046278b p.lw             x15, 4(x12!)        x15=bed92d1d x12=10001774 x12:10001770  PA:10001770
23591190ns          443288 1c00acae a1179853 flt.s            x16, f15, f17       x16=00000001 f15:bed92d1d f17:00000000
23591210ns          443289 1c00acb2 24081463 bne              x16, x0, 584        x16:00000001
23591290ns          443293 1c00aefa 20f797d3 fsgnjn.s         f15, f15, f15       f15=xxxxxxxx f15:bed92d1d f15:bed92d1d
23591310ns          443294 1c00aefe 08d7f7d3 fsub.s           f15, f15, f13       f15=xxxxxxxx f15:3ed92d1d f13:3eb9d01a
23591330ns          443295 1c00af02 58f7f5c3 fmadd.s          f11, f15, f15, f11  f11=xxxxxxxx f15:3d7ae818 f15:3d7ae818 f11:3f1c028d
23591350ns          443296 1c00af06 dac712e3 bne              x14, x12, -604      x14:100017b8 x12:10001774
23591431ns          443300 1c00acaa 0046278b p.lw             x15, 4(x12!)        x15=bda4867a x12=10001778 x12:10001774  PA:10001774
23591471ns          443302 1c00acae a1179853 flt.s            x16, f15, f17       x16=00000001 f15:bda4867a f17:00000000
23591491ns          443303 1c00acb2 24081463 bne              x16, x0, 584        x16:00000001
23591571ns          443307 1c00aefa 20f797d3 fsgnjn.s         f15, f15, f15       f15=xxxxxxxx f15:bda4867a f15:bda4867a
23591591ns          443308 1c00aefe 08d7f7d3 fsub.s           f15, f15, f13       f15=xxxxxxxx f15:3da4867a f13:3eb9d01a
23591611ns          443309 1c00af02 58f7f5c3 fmadd.s          f11, f15, f15, f11  f11=xxxxxxxx f15:be90ae7c f15:be90ae7c f11:3f1cf877
23591631ns          443310 1c00af06 dac712e3 bne              x14, x12, -604      x14:100017b8 x12:10001778
23591711ns          443314 1c00acaa 0046278b p.lw             x15, 4(x12!)        x15=3e4cb0b5 x12=1000177c x12:10001778  PA:10001778
23591752ns          443316 1c00acae a1179853 flt.s            x16, f15, f17       x16=00000000 f15:3e4cb0b5 f17:00000000
23591772ns          443317 1c00acb2 24081463 bne              x16, x0, 584        x16:00000000
23591792ns          443318 1c00acb6 08d7f7d3 fsub.s           f15, f15, f13       f15=xxxxxxxx f15:3e4cb0b5 f13:3eb9d01a
23591812ns          443319 1c00acba 58f7f5c3 fmadd.s          f11, f15, f15, f11  f11=xxxxxxxx f15:be26ef7f f15:be26ef7f f11:3f3169a8
23591832ns          443320 1c00acbe fec716e3 bne              x14, x12, -20       x14:100017b8 x12:1000177c
23591912ns          443324 1c00acaa 0046278b p.lw             x15, 4(x12!)        x15=3e428bf1 x12=10001780 x12:1000177c  PA:1000177c
23591952ns          443326 1c00acae a1179853 flt.s            x16, f15, f17       x16=00000000 f15:3e428bf1 f17:00000000
23591972ns          443327 1c00acb2 24081463 bne              x16, x0, 584        x16:00000000
23591992ns          443328 1c00acb6 08d7f7d3 fsub.s           f15, f15, f13       f15=xxxxxxxx f15:3e428bf1 f13:3eb9d01a
23592012ns          443329 1c00acba 58f7f5c3 fmadd.s          f11, f15, f15, f11  f11=xxxxxxxx f15:be311443 f15:be311443 f11:3f383760
23592032ns          443330 1c00acbe fec716e3 bne              x14, x12, -20       x14:100017b8 x12:10001780
23592113ns          443334 1c00acaa 0046278b p.lw             x15, 4(x12!)        x15=bd90d5d2 x12=10001784 x12:10001780  PA:10001780
23592153ns          443336 1c00acae a1179853 flt.s            x16, f15, f17       x16=00000001 f15:bd90d5d2 f17:00000000
23592173ns          443337 1c00acb2 24081463 bne              x16, x0, 584        x16:00000001
23592253ns          443341 1c00aefa 20f797d3 fsgnjn.s         f15, f15, f15       f15=xxxxxxxx f15:bd90d5d2 f15:bd90d5d2
23592273ns          443342 1c00aefe 08d7f7d3 fsub.s           f15, f15, f13       f15=xxxxxxxx f15:3d90d5d2 f13:3eb9d01a
23592293ns          443343 1c00af02 58f7f5c3 fmadd.s          f11, f15, f15, f11  f11=xxxxxxxx f15:be959aa6 f15:be959aa6 f11:3f3fdf30
23592313ns          443344 1c00af06 dac712e3 bne              x14, x12, -604      x14:100017b8 x12:10001784
23592394ns          443348 1c00acaa 0046278b p.lw             x15, 4(x12!)        x15=bef8af3b x12=10001788 x12:10001784  PA:10001784
23592434ns          443350 1c00acae a1179853 flt.s            x16, f15, f17       x16=00000001 f15:bef8af3b f17:00000000
23592454ns          443351 1c00acb2 24081463 bne              x16, x0, 584        x16:00000001
23592534ns          443355 1c00aefa 20f797d3 fsgnjn.s         f15, f15, f15       f15=xxxxxxxx f15:bef8af3b f15:bef8af3b
23592554ns          443356 1c00aefe 08d7f7d3 fsub.s           f15, f15, f13       f15=xxxxxxxx f15:3ef8af3b f13:3eb9d01a
23592574ns          443357 1c00af02 58f7f5c3 fmadd.s          f11, f15, f15, f11  f11=xxxxxxxx f15:3dfb7c84 f15:3dfb7c84 f11:3f55ba89
23592594ns          443358 1c00af06 dac712e3 bne              x14, x12, -604      x14:100017b8 x12:10001788
23592675ns          443362 1c00acaa 0046278b p.lw             x15, 4(x12!)        x15=bf389a01 x12=1000178c x12:10001788  PA:10001788
23592715ns          443364 1c00acae a1179853 flt.s            x16, f15, f17       x16=00000001 f15:bf389a01 f17:00000000
23592735ns          443365 1c00acb2 24081463 bne              x16, x0, 584        x16:00000001
23592815ns          443369 1c00aefa 20f797d3 fsgnjn.s         f15, f15, f15       f15=xxxxxxxx f15:bf389a01 f15:bf389a01
23592835ns          443370 1c00aefe 08d7f7d3 fsub.s           f15, f15, f13       f15=xxxxxxxx f15:3f389a01 f13:3eb9d01a
23592855ns          443371 1c00af02 58f7f5c3 fmadd.s          f11, f15, f15, f11  f11=xxxxxxxx f15:3eb763e8 f15:3eb763e8 f11:3f5996bf
23592875ns          443372 1c00af06 dac712e3 bne              x14, x12, -604      x14:100017b8 x12:1000178c
23592955ns          443376 1c00acaa 0046278b p.lw             x15, 4(x12!)        x15=bee6af93 x12=10001790 x12:1000178c  PA:1000178c
23592996ns          443378 1c00acae a1179853 flt.s            x16, f15, f17       x16=00000001 f15:bee6af93 f17:00000000
23593016ns          443379 1c00acb2 24081463 bne              x16, x0, 584        x16:00000001
23593096ns          443383 1c00aefa 20f797d3 fsgnjn.s         f15, f15, f15       f15=xxxxxxxx f15:bee6af93 f15:bee6af93
23593116ns          443384 1c00aefe 08d7f7d3 fsub.s           f15, f15, f13       f15=xxxxxxxx f15:3ee6af93 f13:3eb9d01a
23593136ns          443385 1c00af02 58f7f5c3 fmadd.s          f11, f15, f15, f11  f11=xxxxxxxx f15:3db37de4 f15:3db37de4 f11:3f7a6ebe
23593156ns          443386 1c00af06 dac712e3 bne              x14, x12, -604      x14:100017b8 x12:10001790
23593236ns          443390 1c00acaa 0046278b p.lw             x15, 4(x12!)        x15=beb37242 x12=10001794 x12:10001790  PA:10001790
23593277ns          443392 1c00acae a1179853 flt.s            x16, f15, f17       x16=00000001 f15:beb37242 f17:00000000
23593297ns          443393 1c00acb2 24081463 bne              x16, x0, 584        x16:00000001
23593377ns          443397 1c00aefa 20f797d3 fsgnjn.s         f15, f15, f15       f15=xxxxxxxx f15:beb37242 f15:beb37242
23593397ns          443398 1c00aefe 08d7f7d3 fsub.s           f15, f15, f13       f15=xxxxxxxx f15:3eb37242 f13:3eb9d01a
23593417ns          443399 1c00af02 58f7f5c3 fmadd.s          f11, f15, f15, f11  f11=xxxxxxxx f15:bc4bbb00 f15:bc4bbb00 f11:3f7c6623
23593437ns          443400 1c00af06 dac712e3 bne              x14, x12, -604      x14:100017b8 x12:10001794
23593517ns          443404 1c00acaa 0046278b p.lw             x15, 4(x12!)        x15=bdaeb891 x12=10001798 x12:10001794  PA:10001794
23593557ns          443406 1c00acae a1179853 flt.s            x16, f15, f17       x16=00000001 f15:bdaeb891 f17:00000000
23593578ns          443407 1c00acb2 24081463 bne              x16, x0, 584        x16:00000001
23593658ns          443411 1c00aefa 20f797d3 fsgnjn.s         f15, f15, f15       f15=xxxxxxxx f15:bdaeb891 f15:bdaeb891
23593678ns          443412 1c00aefe 08d7f7d3 fsub.s           f15, f15, f13       f15=xxxxxxxx f15:3daeb891 f13:3eb9d01a
23593698ns          443413 1c00af02 58f7f5c3 fmadd.s          f11, f15, f15, f11  f11=xxxxxxxx f15:be8e21f6 f15:be8e21f6 f11:3f7c7045
23593718ns          443414 1c00af06 dac712e3 bne              x14, x12, -604      x14:100017b8 x12:10001798
23593798ns          443418 1c00acaa 0046278b p.lw             x15, 4(x12!)        x15=3f41b5e2 x12=1000179c x12:10001798  PA:10001798
23593838ns          443420 1c00acae a1179853 flt.s            x16, f15, f17       x16=00000000 f15:3f41b5e2 f17:00000000
23593858ns          443421 1c00acb2 24081463 bne              x16, x0, 584        x16:00000000
23593878ns          443422 1c00acb6 08d7f7d3 fsub.s           f15, f15, f13       f15=xxxxxxxx f15:3f41b5e2 f13:3eb9d01a
23593899ns          443423 1c00acba 58f7f5c3 fmadd.s          f11, f15, f15, f11  f11=xxxxxxxx f15:3ec99baa f15:3ec99baa f11:3f881559
23593919ns          443424 1c00acbe fec716e3 bne              x14, x12, -20       x14:100017b8 x12:1000179c
23593999ns          443428 1c00acaa 0046278b p.lw             x15, 4(x12!)        x15=bf09b571 x12=100017a0 x12:1000179c  PA:1000179c
23594039ns          443430 1c00acae a1179853 flt.s            x16, f15, f17       x16=00000001 f15:bf09b571 f17:00000000
23594059ns          443431 1c00acb2 24081463 bne              x16, x0, 584        x16:00000001
23594139ns          443435 1c00aefa 20f797d3 fsgnjn.s         f15, f15, f15       f15=xxxxxxxx f15:bf09b571 f15:bf09b571
23594159ns          443436 1c00aefe 08d7f7d3 fsub.s           f15, f15, f13       f15=xxxxxxxx f15:3f09b571 f13:3eb9d01a
23594179ns          443437 1c00af02 58f7f5c3 fmadd.s          f11, f15, f15, f11  f11=xxxxxxxx f15:3e333590 f15:3e333590 f11:3f9bee13
23594200ns          443438 1c00af06 dac712e3 bne              x14, x12, -604      x14:100017b8 x12:100017a0
23594280ns          443442 1c00acaa 0046278b p.lw             x15, 4(x12!)        x15=bdb6a922 x12=100017a4 x12:100017a0  PA:100017a0
23594320ns          443444 1c00acae a1179853 flt.s            x16, f15, f17       x16=00000001 f15:bdb6a922 f17:00000000
23594340ns          443445 1c00acb2 24081463 bne              x16, x0, 584        x16:00000001
23594420ns          443449 1c00aefa 20f797d3 fsgnjn.s         f15, f15, f15       f15=xxxxxxxx f15:bdb6a922 f15:bdb6a922
23594440ns          443450 1c00aefe 08d7f7d3 fsub.s           f15, f15, f13       f15=xxxxxxxx f15:3db6a922 f13:3eb9d01a
23594460ns          443451 1c00af02 58f7f5c3 fmadd.s          f11, f15, f15, f11  f11=xxxxxxxx f15:be8c25d2 f15:be8c25d2 f11:3f9fd9b3
23594480ns          443452 1c00af06 dac712e3 bne              x14, x12, -604      x14:100017b8 x12:100017a4
23594561ns          443456 1c00acaa 0046278b p.lw             x15, 4(x12!)        x15=3e55d664 x12=100017a8 x12:100017a4  PA:100017a4
23594601ns          443458 1c00acae a1179853 flt.s            x16, f15, f17       x16=00000000 f15:3e55d664 f17:00000000
23594621ns          443459 1c00acb2 24081463 bne              x16, x0, 584        x16:00000000
23594641ns          443460 1c00acb6 08d7f7d3 fsub.s           f15, f15, f13       f15=xxxxxxxx f15:3e55d664 f13:3eb9d01a
23594661ns          443461 1c00acba 58f7f5c3 fmadd.s          f11, f15, f15, f11  f11=xxxxxxxx f15:be1dc9d0 f15:be1dc9d0 f11:3fa970df
23594681ns          443462 1c00acbe fec716e3 bne              x14, x12, -20       x14:100017b8 x12:100017a8
23594761ns          443466 1c00acaa 0046278b p.lw             x15, 4(x12!)        x15=3f5bedce x12=100017ac x12:100017a8  PA:100017a8
23594801ns          443468 1c00acae a1179853 flt.s            x16, f15, f17       x16=00000000 f15:3f5bedce f17:00000000
23594822ns          443469 1c00acb2 24081463 bne              x16, x0, 584        x16:00000000
23594842ns          443470 1c00acb6 08d7f7d3 fsub.s           f15, f15, f13       f15=xxxxxxxx f15:3f5bedce f13:3eb9d01a
23594862ns          443471 1c00acba 58f7f5c3 fmadd.s          f11, f15, f15, f11  f11=xxxxxxxx f15:3efe0b82 f15:3efe0b82 f11:3fac7ae8
23594882ns          443472 1c00acbe fec716e3 bne              x14, x12, -20       x14:100017b8 x12:100017ac
23594962ns          443476 1c00acaa 0046278b p.lw             x15, 4(x12!)        x15=3d10aeaf x12=100017b0 x12:100017ac  PA:100017ac
23595002ns          443478 1c00acae a1179853 flt.s            x16, f15, f17       x16=00000000 f15:3d10aeaf f17:00000000
23595022ns          443479 1c00acb2 24081463 bne              x16, x0, 584        x16:00000000
23595042ns          443480 1c00acb6 08d7f7d3 fsub.s           f15, f15, f13       f15=xxxxxxxx f15:3d10aeaf f13:3eb9d01a
23595062ns          443481 1c00acba 58f7f5c3 fmadd.s          f11, f15, f15, f11  f11=xxxxxxxx f15:bea7ba44 f15:bea7ba44 f11:3fcbfe43
23595082ns          443482 1c00acbe fec716e3 bne              x14, x12, -20       x14:100017b8 x12:100017b0
23595163ns          443486 1c00acaa 0046278b p.lw             x15, 4(x12!)        x15=be9158bf x12=100017b4 x12:100017b0  PA:100017b0
23595203ns          443488 1c00acae a1179853 flt.s            x16, f15, f17       x16=00000001 f15:be9158bf f17:00000000
23595223ns          443489 1c00acb2 24081463 bne              x16, x0, 584        x16:00000001
23595303ns          443493 1c00aefa 20f797d3 fsgnjn.s         f15, f15, f15       f15=xxxxxxxx f15:be9158bf f15:be9158bf
23595323ns          443494 1c00aefe 08d7f7d3 fsub.s           f15, f15, f13       f15=xxxxxxxx f15:3e9158bf f13:3eb9d01a
23595343ns          443495 1c00af02 58f7f5c3 fmadd.s          f11, f15, f15, f11  f11=xxxxxxxx f15:bda1dd6c f15:bda1dd6c f11:3fd9bad5
23595363ns          443496 1c00af06 dac712e3 bne              x14, x12, -604      x14:100017b8 x12:100017b4
23595444ns          443500 1c00acaa 0046278b p.lw             x15, 4(x12!)        x15=3ebd2b29 x12=100017b8 x12:100017b4  PA:100017b4
23595484ns          443502 1c00acae a1179853 flt.s            x16, f15, f17       x16=00000000 f15:3ebd2b29 f17:00000000
23595504ns          443503 1c00acb2 24081463 bne              x16, x0, 584        x16:00000000
23595524ns          443504 1c00acb6 08d7f7d3 fsub.s           f15, f15, f13       f15=xxxxxxxx f15:3ebd2b29 f13:3eb9d01a
23595544ns          443505 1c00acba 58f7f5c3 fmadd.s          f11, f15, f15, f11  f11=xxxxxxxx f15:3bd6c3c0 f15:3bd6c3c0 f11:3fda8786
23595564ns          443506 1c00acbe fec716e3 bne              x14, x12, -20       x14:100017b8 x12:100017b8
23595584ns          443507 1c00acc2 1c0007b7 lui              x15, 0x1c000000     x15=1c000000
23595604ns          443508 1c00acc6 0587a783 lw               x15, 88(x15)        x15=40a00000 x15:1c000000  PA:1c000058
23595925ns          443524 1c00acca 18f2f7d3 fdiv.s           f15, f5, f15        f15=xxxxxxxx  f5:451a7cba f15:40a00000
23596607ns          443558 1c00acce 08ffffd3 fsub.s           f31, f31, f15       f31=xxxxxxxx f31:440117d2 f15:43f72df6
23596627ns          443559 1c00acd2 08ff7f53 fsub.s           f30, f30, f15       f30=xxxxxxxx f30:44ab44a1 f15:43f72df6
23596648ns          443560 1c00acd6 08fefed3 fsub.s           f29, f29, f15       f29=xxxxxxxx f29:440b724e f15:43f72df6
23596668ns          443561 1c00acda 11ffffd3 fmul.s           f31, f31, f31       f31=xxxxxxxx f31:41b01ae0 f31:41b01ae0
23596728ns          443564 1c00acde 08fe7e53 fsub.s           f28, f28, f15       f28=xxxxxxxx f28:41a58f8b f15:43f72df6
23596768ns          443566 1c00ace2 08f37353 fsub.s           f6, f6, f15          f6=xxxxxxxx  f6:40d986f4 f15:43f72df6
23596788ns          443567 1c00ace6 f9ef7f43 fmadd.s          f30, f30, f30, f31  f30=xxxxxxxx f30:445af247 f30:445af247 f31:43f249ee
23596808ns          443568 1c00acea 1c000737 lui              x14, 0x1c000000     x14=1c000000
23597149ns          443585 1c00acee 05c72703 lw               x14, 92(x14)        x14=3e800000 x14:1c000000  PA:1c00005c
23597530ns          443604 1c00acf2 f1defec3 fmadd.s          f29, f29, f29, f30  f29=xxxxxxxx f29:427db530 f29:427db530 f30:493b5fcf
23597550ns          443605 1c00acf6 00541413 slli             x8, x8, 0x5          x8=00000040  x8:00000002
23597571ns          443606 1c00acf8 1c0007b7 lui              x15, 0x1c000000     x15=1c000000
23597591ns          443607 1c00acfc e9ce7e43 fmadd.s          f28, f28, f28, f29  f28=xxxxxxxx f28:c3ecd4fd f28:c3ecd4fd f29:493c5b3f
23598012ns          443628 1c00ad00 1147aa83 lw               x21, 276(x15)       x21=4cbebc20 x15:1c000000  PA:1c000114
23598514ns          443653 1c00ad04 01810b13 addi             x22, x2, 24         x22=100016e0  x2:100016c8
23598534ns          443654 1c00ad08 e0637343 fmadd.s          f6, f6, f6, f28      f6=xxxxxxxx  f6:c3f3c7da  f6:c3f3c7da f28:49732198
23598554ns          443655 1c00ad0c 00440793 addi             x15, x8, 4          x15=00000044  x8:00000040
23598594ns          443657 1c00ad10 f1402a73 csrrs            x20, x0, 0xf14      x20=00000002
23598634ns          443659 1c00ad14 10e37353 fmul.s           f6, f6, f14          f6=xxxxxxxx  f6:4996956c f14:3e800000
23598654ns          443660 1c00ad18 f45a3a33 p.bclr           x20, x20, 26, 5     x20=00000002 x20:00000002
23598674ns          443661 1c00ad1c 1c000737 lui              x14, 0x1c000000     x14=1c000000
23599095ns          443682 1c00ad20 05472703 lw               x14, 84(x14)        x14=41c00000 x14:1c000000  PA:1c000054
23599457ns          443700 1c00ad24 008909b3 add              x19, x18, x8        x19=1c010040 x18:1c010000  x8:00000040
23599477ns          443701 1c00ad28 18e5f5d3 fdiv.s           f11, f11, f14       f11=xxxxxxxx f11:3fda88ee f14:41c00000  PA:100016e0
23599958ns          443725 1c00ad2c 00a12c23 sw               x10, 24(x2)         x10:41112a94  x2:100016c8  PA:100016e4
23599978ns          443726 1c00ad2e 00512e23 sw               x5, 28(x2)           x5:451a7cba  x2:100016c8
23600219ns          443738 1c00ad30 02b12023 sw               x11, 32(x2)         x11:3d91b09f  x2:100016c8  PA:100016e8
23600239ns          443739 1c00ad32 02612223 sw               x6, 36(x2)           x6:4896956c  x2:100016c8  PA:100016ec
23600259ns          443740 1c00ad34 00f90933 add              x18, x18, x15       x18=1c010044 x18:1c010000 x15:00000044
23600279ns          443741 1c00ad36 01600bb3 add              x23, x0, x22        x23=100016e0 x22:100016e0
23600299ns          443742 1c00ad38 00100d13 addi             x26, x0, 1          x26=00000001
23600319ns          443743 1c00ad3a 01400cb3 add              x25, x0, x20        x25=00000002 x20:00000002
23600340ns          443744 1c00ad3c 004ba40b p.lw             x8, 4(x23!)          x8=xxxxxxxx x23=100016e4 x23:100016e0  PA:100016e0
23600360ns          443745 1c00ad40 0009ad83 lw               x27, 0(x19)         x27=41112af1 x19:1c010040  PA:1c010040
23600701ns          443762 1c00ad44 00092c03 lw               x24, 0(x18)         x24=41112a33 x18:1c010044  PA:1c010044
23601002ns          443777 1c00ad48 a1b406d3 fle.s            x13, f8, f27        x13=00000001  f8:41112a94 f27:41112af1
23601022ns          443778 1c00ad4c 1c069a63 bne              x13, x0, 468        x13:00000001
23601082ns          443781 1c00af20 a08c06d3 fle.s            x13, f24, f8        x13=00000001 f24:41112a33  f8:41112a94
23601102ns          443782 1c00af24 00069363 bne              x13, x0, 6          x13:00000001
23601182ns          443786 1c00af2a f60d1ae3 bne              x26, x0, -140       x26:00000001
23602025ns          443828 1c00ae9e 00898993 addi             x19, x19, 8         x19=1c010048 x19:1c010040
23602487ns          443851 1c00aea0 00890913 addi             x18, x18, 8         x18=1c01004c x18:1c010044
23602527ns          443853 1c00aea2 e9749de3 bne              x9, x23, -358        x9:100016f0 x23:100016e4
23602587ns          443856 1c00ad3c 004ba40b p.lw             x8, 4(x23!)          x8=451a7cba x23=100016e8 x23:100016e4  PA:100016e4
23602607ns          443857 1c00ad40 0009ad83 lw               x27, 0(x19)         x27=451a7d1b x19:1c010048  PA:1c010048
23602908ns          443872 1c00ad44 00092c03 lw               x24, 0(x18)         x24=451a7c51 x18:1c01004c  PA:1c01004c
23603209ns          443887 1c00ad48 a1b406d3 fle.s            x13, f8, f27        x13=00000001  f8:451a7cba f27:451a7d1b
23603229ns          443888 1c00ad4c 1c069a63 bne              x13, x0, 468        x13:00000001
23603329ns          443893 1c00af20 a08c06d3 fle.s            x13, f24, f8        x13=00000001 f24:451a7c51  f8:451a7cba
23603369ns          443895 1c00af24 00069363 bne              x13, x0, 6          x13:00000001
23603450ns          443899 1c00af2a f60d1ae3 bne              x26, x0, -140       x26:00000001
23603510ns          443902 1c00ae9e 00898993 addi             x19, x19, 8         x19=1c010050 x19:1c010048
23603530ns          443903 1c00aea0 00890913 addi             x18, x18, 8         x18=1c010054 x18:1c01004c
23603550ns          443904 1c00aea2 e9749de3 bne              x9, x23, -358        x9:100016f0 x23:100016e8
23603610ns          443907 1c00ad3c 004ba40b p.lw             x8, 4(x23!)          x8=3d91b09f x23=100016ec x23:100016e8  PA:100016e8
23603630ns          443908 1c00ad40 0009ad83 lw               x27, 0(x19)         x27=3d91b101 x19:1c010050  PA:1c010050
23603931ns          443923 1c00ad44 00092c03 lw               x24, 0(x18)         x24=3d91b043 x18:1c010054  PA:1c010054
23604232ns          443938 1c00ad48 a1b406d3 fle.s            x13, f8, f27        x13=00000001  f8:3d91b09f f27:3d91b101
23604252ns          443939 1c00ad4c 1c069a63 bne              x13, x0, 468        x13:00000001
23604312ns          443942 1c00af20 a08c06d3 fle.s            x13, f24, f8        x13=00000001 f24:3d91b043  f8:3d91b09f
23604333ns          443943 1c00af24 00069363 bne              x13, x0, 6          x13:00000001
23604413ns          443947 1c00af2a f60d1ae3 bne              x26, x0, -140       x26:00000001
23604473ns          443950 1c00ae9e 00898993 addi             x19, x19, 8         x19=1c010058 x19:1c010050
23604493ns          443951 1c00aea0 00890913 addi             x18, x18, 8         x18=1c01005c x18:1c010054
23604513ns          443952 1c00aea2 e9749de3 bne              x9, x23, -358        x9:100016f0 x23:100016ec
23604573ns          443955 1c00ad3c 004ba40b p.lw             x8, 4(x23!)          x8=4896956c x23=100016f0 x23:100016ec  PA:100016ec
23604593ns          443956 1c00ad40 0009ad83 lw               x27, 0(x19)         x27=489695c3 x19:1c010058  PA:1c010058
23604894ns          443971 1c00ad44 00092c03 lw               x24, 0(x18)         x24=489694fd x18:1c01005c  PA:1c01005c
23605195ns          443986 1c00ad48 a1b406d3 fle.s            x13, f8, f27        x13=00000001  f8:4896956c f27:489695c3
23605215ns          443987 1c00ad4c 1c069a63 bne              x13, x0, 468        x13:00000001
23605276ns          443990 1c00af20 a08c06d3 fle.s            x13, f24, f8        x13=00000001 f24:489694fd  f8:4896956c
23605296ns          443991 1c00af24 00069363 bne              x13, x0, 6          x13:00000001
23605376ns          443995 1c00af2a f60d1ae3 bne              x26, x0, -140       x26:00000001
23605436ns          443998 1c00ae9e 00898993 addi             x19, x19, 8         x19=1c010060 x19:1c010058
23605456ns          443999 1c00aea0 00890913 addi             x18, x18, 8         x18=1c010064 x18:1c01005c
23605476ns          444000 1c00aea2 e9749de3 bne              x9, x23, -358        x9:100016f0 x23:100016f0
23605496ns          444001 1c00aea6 2f7010ef jal              x1, 6902             x1=1c00aeaa
23605577ns          444005 1c00c99c f14027f3 csrrs            x15, x0, 0xf14      x15=00000002
23605657ns          444009 1c00c9a0 01f00713 addi             x14, x0, 31         x14=0000001f
23605697ns          444011 1c00c9a2 ca5797b3 p.extractu       x15, x15, 5, 5      x15=00000000 x15:00000002
23605717ns          444012 1c00c9a6 00e78863 beq              x15, x14, 16        x15:00000000 x14:0000001f
23605737ns          444013 1c00c9aa 002047b7 lui              x15, 0x204000       x15=00204000
23605797ns          444016 1c00c9ae 20078793 addi             x15, x15, 512       x15=00204200 x15:00204000
23605837ns          444018 1c00c9b2 01c7e703 p.elw            x14, 28(x15)        x14=00010000 x15:00204200  PA:0020421c
23605958ns          444024 1c00c9b6 00008067 jalr             x0, x1, 0            x1:1c00aeaa
23606098ns          444031 1c00aeaa f14025f3 csrrs            x11, x0, 0xf14      x11=00000002
23606560ns          444054 1c00aeae f455b5b3 p.bclr           x11, x11, 26, 5     x11=00000002 x11:00000002
23606600ns          444056 1c00aeb2 080d0f63 beq              x26, x0, 158        x26:00000001
23606620ns          444057 1c00aeb6 1c000537 lui              x10, 0x1c000000     x10=1c000000
23606640ns          444058 1c00aeba 0f850513 addi             x10, x10, 248       x10=1c0000f8 x10:1c000000
23606660ns          444059 1c00aebe 728000ef jal              x1, 1832             x1=1c00aec0
23607162ns          444084 1c00b5e6 fc010113 addi             x2, x2, -64          x2=10001688  x2:100016c8
23607202ns          444086 1c00b5e8 02410313 addi             x6, x2, 36           x6=100016ac  x2:10001688
23607222ns          444087 1c00b5ec 02c12423 sw               x12, 40(x2)         x12:100017b8  x2:10001688  PA:100016b0
23607242ns          444088 1c00b5ee 00a00633 add              x12, x0, x10        x12=1c0000f8 x10:1c0000f8
23607282ns          444090 1c00b5f0 1c00b537 lui              x10, 0x1c00b000     x10=1c00b000
23607322ns          444092 1c00b5f4 02b12223 sw               x11, 36(x2)         x11:00000002  x2:10001688  PA:100016ac
23607342ns          444093 1c00b5f6 02d12623 sw               x13, 44(x2)         x13:00000001  x2:10001688  PA:100016b4
23607362ns          444094 1c00b5f8 00200593 addi             x11, x0, 2          x11=00000002
23607382ns          444095 1c00b5fa 006006b3 add              x13, x0, x6         x13=100016ac  x6:100016ac
23607403ns          444096 1c00b5fc 57a50513 addi             x10, x10, 1402      x10=1c00b57a x10:1c00b000
23607423ns          444097 1c00b600 00112e23 sw               x1, 28(x2)           x1:1c00aec0  x2:10001688  PA:100016a4
23607443ns          444098 1c00b602 02e12823 sw               x14, 48(x2)         x14:00010000  x2:10001688  PA:100016b8
23607463ns          444099 1c00b604 02f12a23 sw               x15, 52(x2)         x15:00204200  x2:10001688  PA:100016bc
23607483ns          444100 1c00b606 03012c23 sw               x16, 56(x2)         x16:00000000  x2:10001688  PA:100016c0
23607503ns          444101 1c00b608 03112e23 sw               x17, 60(x2)         x17:00000000  x2:10001688  PA:100016c4
23607523ns          444102 1c00b60a 00612623 sw               x6, 12(x2)           x6:100016ac  x2:10001688  PA:10001694
23607543ns          444103 1c00b60c fbfff0ef jal              x1, -66              x1=1c00b60e
23607643ns          444108 1c00b5ca 04a0006f jal              x0, 74             
23607683ns          444110 1c00b614 ed010113 addi             x2, x2, -304         x2=10001558  x2:10001688
23607704ns          444111 1c00b616 12812423 sw               x8, 296(x2)          x8:4896956c  x2:10001558  PA:10001680
23607724ns          444112 1c00b61a 00000413 addi             x8, x0, 0            x8=00000000
23607744ns          444113 1c00b61c 11612823 sw               x22, 272(x2)        x22:100016e0  x2:10001558  PA:10001668
23607784ns          444115 1c00b620 11712623 sw               x23, 268(x2)        x23:100016f0  x2:10001558  PA:10001664
23607824ns          444117 1c00b624 11812423 sw               x24, 264(x2)        x24:489694fd  x2:10001558  PA:10001660
23607844ns          444118 1c00b628 11912223 sw               x25, 260(x2)        x25:00000002  x2:10001558  PA:1000165c
23607864ns          444119 1c00b62c 11a12023 sw               x26, 256(x2)        x26:00000001  x2:10001558  PA:10001658
23607924ns          444122 1c00b630 0fb12e23 sw               x27, 252(x2)        x27:489695c3  x2:10001558  PA:10001654
23607964ns          444124 1c00b632 12112623 sw               x1, 300(x2)          x1:1c00b60e  x2:10001558  PA:10001684
23607984ns          444125 1c00b636 00800db3 add              x27, x0, x8         x27=00000000  x8:00000000
23608004ns          444126 1c00b638 12912223 sw               x9, 292(x2)          x9:100016f0  x2:10001558  PA:1000167c
23608025ns          444127 1c00b63c 13212023 sw               x18, 288(x2)        x18:1c010064  x2:10001558  PA:10001678
23608065ns          444129 1c00b640 11312e23 sw               x19, 284(x2)        x19:1c010060  x2:10001558  PA:10001674
23608105ns          444131 1c00b644 11412c23 sw               x20, 280(x2)        x20:00000002  x2:10001558  PA:10001670
23608125ns          444132 1c00b648 11512a23 sw               x21, 276(x2)        x21:4cbebc20  x2:10001558  PA:1000166c
23608145ns          444133 1c00b64c 00a00b33 add              x22, x0, x10        x22=1c00b57a x10:1c00b57a
23608165ns          444134 1c00b64e 00b00d33 add              x26, x0, x11        x26=00000002 x11:00000002
23608205ns          444136 1c00b650 00d00c33 add              x24, x0, x13        x24=100016ac x13:100016ac
23608245ns          444138 1c00b652 1c000bb7 lui              x23, 0x1c000000     x23=1c000000
23608265ns          444139 1c00b656 02410c93 addi             x25, x2, 36         x25=1000157c  x2:10001558
23608285ns          444140 1c00b65a 00c00433 add              x8, x0, x12          x8=1c0000f8 x12:1c0000f8
23608305ns          444141 1c00b65c 00044503 lbu              x10, 0(x8)          x10=0000006b  x8:1c0000f8  PA:1c0000f8
23608647ns          444158 1c00b660 00140413 addi             x8, x8, 1            x8=1c0000f9  x8:1c0000f8
23608667ns          444159 1c00b662 00050e63 beq              x10, x0, 28         x10:0000006b
23608687ns          444160 1c00b664 02500793 addi             x15, x0, 37         x15=00000025
23608707ns          444161 1c00b668 04f50863 beq              x10, x15, 80        x10:0000006b x15:00000025
23608727ns          444162 1c00b66c 01a005b3 add              x11, x0, x26        x11=00000002 x26:00000002
23608747ns          444163 1c00b66e 000b00e7 jalr             x1, x22, 0           x1=1c00b670 x22:1c00b57a
23608867ns          444169 1c00b57a 000026b7 lui              x13, 0x2000         x13=00002000
23608907ns          444171 1c00b57c f14027f3 csrrs            x15, x0, 0xf14      x15=00000002
23608968ns          444174 1c00b580 f8068693 addi             x13, x13, -128      x13=00001f80 x13:00002000
23609008ns          444176 1c00b584 00379713 slli             x14, x15, 0x3       x14=00000010 x15:00000002
23609028ns          444177 1c00b588 00279793 slli             x15, x15, 0x2       x15=00000008 x15:00000002
23609048ns          444178 1c00b58a 00d7f7b3 and              x15, x15, x13       x15=00000000 x15:00000008 x13:00001f80
23609068ns          444179 1c00b58c ee873733 p.bclr           x14, x14, 23, 8     x14=00000010 x14:00000010
23609108ns          444181 1c00b590 1a10f6b7 lui              x13, 0x1a10f000     x13=1a10f000
23609148ns          444183 1c00b594 0ff57513 andi             x10, x10, 255       x10=0000006b x10:0000006b
23609168ns          444184 1c00b598 00d70733 add              x14, x14, x13       x14=1a10f010 x14:00000010 x13:1a10f000
23609188ns          444185 1c00b59a 00a7e723 p.sw             x10, x0(x15)        x10:0000006b x15:00000000  PA:1a10f010
23609570ns          444204 1c00b59e 00000513 addi             x10, x0, 0          x10=00000000
23609590ns          444205 1c00b5a0 00008067 jalr             x0, x1, 0            x1:1c00b670
23609630ns          444207 1c00b670 31f52563 p.beqimm         x10, 778            x10:00000000
23609650ns          444208 1c00b674 001d8d93 addi             x27, x27, 1         x27=00000001 x27:00000000
23609670ns          444209 1c00b676 00044503 lbu              x10, 0(x8)          x10=00000065  x8:1c0000f9  PA:1c0000f9
23609971ns          444224 1c00b67a 00140413 addi             x8, x8, 1            x8=1c0000fa  x8:1c0000f9
23609991ns          444225 1c00b67c fe0514e3 bne              x10, x0, -24        x10:00000065
23610051ns          444228 1c00b664 02500793 addi             x15, x0, 37         x15=00000025
23610071ns          444229 1c00b668 04f50863 beq              x10, x15, 80        x10:00000065 x15:00000025
23610091ns          444230 1c00b66c 01a005b3 add              x11, x0, x26        x11=00000002 x26:00000002
23610111ns          444231 1c00b66e 000b00e7 jalr             x1, x22, 0           x1=1c00b670 x22:1c00b57a
23610151ns          444233 1c00b57a 000026b7 lui              x13, 0x2000         x13=00002000
23610172ns          444234 1c00b57c f14027f3 csrrs            x15, x0, 0xf14      x15=00000002
23610192ns          444235 1c00b580 f8068693 addi             x13, x13, -128      x13=00001f80 x13:00002000
23610212ns          444236 1c00b584 00379713 slli             x14, x15, 0x3       x14=00000010 x15:00000002
23610232ns          444237 1c00b588 00279793 slli             x15, x15, 0x2       x15=00000008 x15:00000002
23610252ns          444238 1c00b58a 00d7f7b3 and              x15, x15, x13       x15=00000000 x15:00000008 x13:00001f80
23610272ns          444239 1c00b58c ee873733 p.bclr           x14, x14, 23, 8     x14=00000010 x14:00000010
23610292ns          444240 1c00b590 1a10f6b7 lui              x13, 0x1a10f000     x13=1a10f000
23610312ns          444241 1c00b594 0ff57513 andi             x10, x10, 255       x10=00000065 x10:00000065
23610332ns          444242 1c00b598 00d70733 add              x14, x14, x13       x14=1a10f010 x14:00000010 x13:1a10f000
23610352ns          444243 1c00b59a 00a7e723 p.sw             x10, x0(x15)        x10:00000065 x15:00000000  PA:1a10f010
23610733ns          444262 1c00b59e 00000513 addi             x10, x0, 0          x10=00000000
23610753ns          444263 1c00b5a0 00008067 jalr             x0, x1, 0            x1:1c00b670
23610794ns          444265 1c00b670 31f52563 p.beqimm         x10, 778            x10:00000000
23610814ns          444266 1c00b674 001d8d93 addi             x27, x27, 1         x27=00000002 x27:00000001
23610834ns          444267 1c00b676 00044503 lbu              x10, 0(x8)          x10=00000072  x8:1c0000fa  PA:1c0000fa
23611135ns          444282 1c00b67a 00140413 addi             x8, x8, 1            x8=1c0000fb  x8:1c0000fa
23611155ns          444283 1c00b67c fe0514e3 bne              x10, x0, -24        x10:00000072
23611215ns          444286 1c00b664 02500793 addi             x15, x0, 37         x15=00000025
23611235ns          444287 1c00b668 04f50863 beq              x10, x15, 80        x10:00000072 x15:00000025
23611255ns          444288 1c00b66c 01a005b3 add              x11, x0, x26        x11=00000002 x26:00000002
23611275ns          444289 1c00b66e 000b00e7 jalr             x1, x22, 0           x1=1c00b670 x22:1c00b57a
23611315ns          444291 1c00b57a 000026b7 lui              x13, 0x2000         x13=00002000
23611335ns          444292 1c00b57c f14027f3 csrrs            x15, x0, 0xf14      x15=00000002
23611355ns          444293 1c00b580 f8068693 addi             x13, x13, -128      x13=00001f80 x13:00002000
23611375ns          444294 1c00b584 00379713 slli             x14, x15, 0x3       x14=00000010 x15:00000002
23611396ns          444295 1c00b588 00279793 slli             x15, x15, 0x2       x15=00000008 x15:00000002
23611416ns          444296 1c00b58a 00d7f7b3 and              x15, x15, x13       x15=00000000 x15:00000008 x13:00001f80
23611436ns          444297 1c00b58c ee873733 p.bclr           x14, x14, 23, 8     x14=00000010 x14:00000010
23611456ns          444298 1c00b590 1a10f6b7 lui              x13, 0x1a10f000     x13=1a10f000
23611476ns          444299 1c00b594 0ff57513 andi             x10, x10, 255       x10=00000072 x10:00000072
23611496ns          444300 1c00b598 00d70733 add              x14, x14, x13       x14=1a10f010 x14:00000010 x13:1a10f000
23611516ns          444301 1c00b59a 00a7e723 p.sw             x10, x0(x15)        x10:00000072 x15:00000000  PA:1a10f010
23611837ns          444317 1c00b59e 00000513 addi             x10, x0, 0          x10=00000000
23611857ns          444318 1c00b5a0 00008067 jalr             x0, x1, 0            x1:1c00b670
23611897ns          444320 1c00b670 31f52563 p.beqimm         x10, 778            x10:00000000
23611917ns          444321 1c00b674 001d8d93 addi             x27, x27, 1         x27=00000003 x27:00000002
23611937ns          444322 1c00b676 00044503 lbu              x10, 0(x8)          x10=0000006e  x8:1c0000fb  PA:1c0000fb
23612258ns          444338 1c00b67a 00140413 addi             x8, x8, 1            x8=1c0000fc  x8:1c0000fb
23612278ns          444339 1c00b67c fe0514e3 bne              x10, x0, -24        x10:0000006e
23612339ns          444342 1c00b664 02500793 addi             x15, x0, 37         x15=00000025
23612359ns          444343 1c00b668 04f50863 beq              x10, x15, 80        x10:0000006e x15:00000025
23612379ns          444344 1c00b66c 01a005b3 add              x11, x0, x26        x11=00000002 x26:00000002
23612399ns          444345 1c00b66e 000b00e7 jalr             x1, x22, 0           x1=1c00b670 x22:1c00b57a
23612439ns          444347 1c00b57a 000026b7 lui              x13, 0x2000         x13=00002000
23612459ns          444348 1c00b57c f14027f3 csrrs            x15, x0, 0xf14      x15=00000002
23612479ns          444349 1c00b580 f8068693 addi             x13, x13, -128      x13=00001f80 x13:00002000
23612499ns          444350 1c00b584 00379713 slli             x14, x15, 0x3       x14=00000010 x15:00000002
23612519ns          444351 1c00b588 00279793 slli             x15, x15, 0x2       x15=00000008 x15:00000002
23612539ns          444352 1c00b58a 00d7f7b3 and              x15, x15, x13       x15=00000000 x15:00000008 x13:00001f80
23612559ns          444353 1c00b58c ee873733 p.bclr           x14, x14, 23, 8     x14=00000010 x14:00000010
23612579ns          444354 1c00b590 1a10f6b7 lui              x13, 0x1a10f000     x13=1a10f000
23612599ns          444355 1c00b594 0ff57513 andi             x10, x10, 255       x10=0000006e x10:0000006e
23612620ns          444356 1c00b598 00d70733 add              x14, x14, x13       x14=1a10f010 x14:00000010 x13:1a10f000
23612640ns          444357 1c00b59a 00a7e723 p.sw             x10, x0(x15)        x10:0000006e x15:00000000  PA:1a10f010
23612961ns          444373 1c00b59e 00000513 addi             x10, x0, 0          x10=00000000
23612981ns          444374 1c00b5a0 00008067 jalr             x0, x1, 0            x1:1c00b670
23613021ns          444376 1c00b670 31f52563 p.beqimm         x10, 778            x10:00000000
23613041ns          444377 1c00b674 001d8d93 addi             x27, x27, 1         x27=00000004 x27:00000003
23613061ns          444378 1c00b676 00044503 lbu              x10, 0(x8)          x10=00000065  x8:1c0000fc  PA:1c0000fc
23613362ns          444393 1c00b67a 00140413 addi             x8, x8, 1            x8=1c0000fd  x8:1c0000fc
23613382ns          444394 1c00b67c fe0514e3 bne              x10, x0, -24        x10:00000065
23613442ns          444397 1c00b664 02500793 addi             x15, x0, 37         x15=00000025
23613462ns          444398 1c00b668 04f50863 beq              x10, x15, 80        x10:00000065 x15:00000025
23613482ns          444399 1c00b66c 01a005b3 add              x11, x0, x26        x11=00000002 x26:00000002
23613502ns          444400 1c00b66e 000b00e7 jalr             x1, x22, 0           x1=1c00b670 x22:1c00b57a
23613543ns          444402 1c00b57a 000026b7 lui              x13, 0x2000         x13=00002000
23613563ns          444403 1c00b57c f14027f3 csrrs            x15, x0, 0xf14      x15=00000002
23613583ns          444404 1c00b580 f8068693 addi             x13, x13, -128      x13=00001f80 x13:00002000
23613603ns          444405 1c00b584 00379713 slli             x14, x15, 0x3       x14=00000010 x15:00000002
23613623ns          444406 1c00b588 00279793 slli             x15, x15, 0x2       x15=00000008 x15:00000002
23613643ns          444407 1c00b58a 00d7f7b3 and              x15, x15, x13       x15=00000000 x15:00000008 x13:00001f80
23613663ns          444408 1c00b58c ee873733 p.bclr           x14, x14, 23, 8     x14=00000010 x14:00000010
23613683ns          444409 1c00b590 1a10f6b7 lui              x13, 0x1a10f000     x13=1a10f000
23613703ns          444410 1c00b594 0ff57513 andi             x10, x10, 255       x10=00000065 x10:00000065
23613723ns          444411 1c00b598 00d70733 add              x14, x14, x13       x14=1a10f010 x14:00000010 x13:1a10f000
23613743ns          444412 1c00b59a 00a7e723 p.sw             x10, x0(x15)        x10:00000065 x15:00000000  PA:1a10f010
23614064ns          444428 1c00b59e 00000513 addi             x10, x0, 0          x10=00000000
23614084ns          444429 1c00b5a0 00008067 jalr             x0, x1, 0            x1:1c00b670
23614124ns          444431 1c00b670 31f52563 p.beqimm         x10, 778            x10:00000000
23614144ns          444432 1c00b674 001d8d93 addi             x27, x27, 1         x27=00000005 x27:00000004
23614165ns          444433 1c00b676 00044503 lbu              x10, 0(x8)          x10=0000006c  x8:1c0000fd  PA:1c0000fd
23614466ns          444448 1c00b67a 00140413 addi             x8, x8, 1            x8=1c0000fe  x8:1c0000fd
23614486ns          444449 1c00b67c fe0514e3 bne              x10, x0, -24        x10:0000006c
23614546ns          444452 1c00b664 02500793 addi             x15, x0, 37         x15=00000025
23614566ns          444453 1c00b668 04f50863 beq              x10, x15, 80        x10:0000006c x15:00000025
23614586ns          444454 1c00b66c 01a005b3 add              x11, x0, x26        x11=00000002 x26:00000002
23614606ns          444455 1c00b66e 000b00e7 jalr             x1, x22, 0           x1=1c00b670 x22:1c00b57a
23614646ns          444457 1c00b57a 000026b7 lui              x13, 0x2000         x13=00002000
23614666ns          444458 1c00b57c f14027f3 csrrs            x15, x0, 0xf14      x15=00000002
23614686ns          444459 1c00b580 f8068693 addi             x13, x13, -128      x13=00001f80 x13:00002000
23614706ns          444460 1c00b584 00379713 slli             x14, x15, 0x3       x14=00000010 x15:00000002
23614726ns          444461 1c00b588 00279793 slli             x15, x15, 0x2       x15=00000008 x15:00000002
23614746ns          444462 1c00b58a 00d7f7b3 and              x15, x15, x13       x15=00000000 x15:00000008 x13:00001f80
23614767ns          444463 1c00b58c ee873733 p.bclr           x14, x14, 23, 8     x14=00000010 x14:00000010
23614787ns          444464 1c00b590 1a10f6b7 lui              x13, 0x1a10f000     x13=1a10f000
23614807ns          444465 1c00b594 0ff57513 andi             x10, x10, 255       x10=0000006c x10:0000006c
23614827ns          444466 1c00b598 00d70733 add              x14, x14, x13       x14=1a10f010 x14:00000010 x13:1a10f000
23614847ns          444467 1c00b59a 00a7e723 p.sw             x10, x0(x15)        x10:0000006c x15:00000000  PA:1a10f010
23615168ns          444483 1c00b59e 00000513 addi             x10, x0, 0          x10=00000000
23615188ns          444484 1c00b5a0 00008067 jalr             x0, x1, 0            x1:1c00b670
23615228ns          444486 1c00b670 31f52563 p.beqimm         x10, 778            x10:00000000
23615248ns          444487 1c00b674 001d8d93 addi             x27, x27, 1         x27=00000006 x27:00000005
23615268ns          444488 1c00b676 00044503 lbu              x10, 0(x8)          x10=00000020  x8:1c0000fe  PA:1c0000fe
23615569ns          444503 1c00b67a 00140413 addi             x8, x8, 1            x8=1c0000ff  x8:1c0000fe
23615589ns          444504 1c00b67c fe0514e3 bne              x10, x0, -24        x10:00000020
23615649ns          444507 1c00b664 02500793 addi             x15, x0, 37         x15=00000025
23615669ns          444508 1c00b668 04f50863 beq              x10, x15, 80        x10:00000020 x15:00000025
23615690ns          444509 1c00b66c 01a005b3 add              x11, x0, x26        x11=00000002 x26:00000002
23615710ns          444510 1c00b66e 000b00e7 jalr             x1, x22, 0           x1=1c00b670 x22:1c00b57a
23615750ns          444512 1c00b57a 000026b7 lui              x13, 0x2000         x13=00002000
23615770ns          444513 1c00b57c f14027f3 csrrs            x15, x0, 0xf14      x15=00000002
23615790ns          444514 1c00b580 f8068693 addi             x13, x13, -128      x13=00001f80 x13:00002000
23615810ns          444515 1c00b584 00379713 slli             x14, x15, 0x3       x14=00000010 x15:00000002
23615830ns          444516 1c00b588 00279793 slli             x15, x15, 0x2       x15=00000008 x15:00000002
23615850ns          444517 1c00b58a 00d7f7b3 and              x15, x15, x13       x15=00000000 x15:00000008 x13:00001f80
23615870ns          444518 1c00b58c ee873733 p.bclr           x14, x14, 23, 8     x14=00000010 x14:00000010
23615890ns          444519 1c00b590 1a10f6b7 lui              x13, 0x1a10f000     x13=1a10f000
23615910ns          444520 1c00b594 0ff57513 andi             x10, x10, 255       x10=00000020 x10:00000020
23615930ns          444521 1c00b598 00d70733 add              x14, x14, x13       x14=1a10f010 x14:00000010 x13:1a10f000
23615950ns          444522 1c00b59a 00a7e723 p.sw             x10, x0(x15)        x10:00000020 x15:00000000  PA:1a10f010
23616271ns          444538 1c00b59e 00000513 addi             x10, x0, 0          x10=00000000
23616291ns          444539 1c00b5a0 00008067 jalr             x0, x1, 0            x1:1c00b670
23616332ns          444541 1c00b670 31f52563 p.beqimm         x10, 778            x10:00000000
23616352ns          444542 1c00b674 001d8d93 addi             x27, x27, 1         x27=00000007 x27:00000006
23616372ns          444543 1c00b676 00044503 lbu              x10, 0(x8)          x10=00000070  x8:1c0000ff  PA:1c0000ff
23616673ns          444558 1c00b67a 00140413 addi             x8, x8, 1            x8=1c000100  x8:1c0000ff
23616693ns          444559 1c00b67c fe0514e3 bne              x10, x0, -24        x10:00000070
23616753ns          444562 1c00b664 02500793 addi             x15, x0, 37         x15=00000025
23616773ns          444563 1c00b668 04f50863 beq              x10, x15, 80        x10:00000070 x15:00000025
23616793ns          444564 1c00b66c 01a005b3 add              x11, x0, x26        x11=00000002 x26:00000002
23616813ns          444565 1c00b66e 000b00e7 jalr             x1, x22, 0           x1=1c00b670 x22:1c00b57a
23616853ns          444567 1c00b57a 000026b7 lui              x13, 0x2000         x13=00002000
23616873ns          444568 1c00b57c f14027f3 csrrs            x15, x0, 0xf14      x15=00000002
23616893ns          444569 1c00b580 f8068693 addi             x13, x13, -128      x13=00001f80 x13:00002000
23616914ns          444570 1c00b584 00379713 slli             x14, x15, 0x3       x14=00000010 x15:00000002
23616934ns          444571 1c00b588 00279793 slli             x15, x15, 0x2       x15=00000008 x15:00000002
23616954ns          444572 1c00b58a 00d7f7b3 and              x15, x15, x13       x15=00000000 x15:00000008 x13:00001f80
23616974ns          444573 1c00b58c ee873733 p.bclr           x14, x14, 23, 8     x14=00000010 x14:00000010
23616994ns          444574 1c00b590 1a10f6b7 lui              x13, 0x1a10f000     x13=1a10f000
23617014ns          444575 1c00b594 0ff57513 andi             x10, x10, 255       x10=00000070 x10:00000070
23617034ns          444576 1c00b598 00d70733 add              x14, x14, x13       x14=1a10f010 x14:00000010 x13:1a10f000
23617054ns          444577 1c00b59a 00a7e723 p.sw             x10, x0(x15)        x10:00000070 x15:00000000  PA:1a10f010
23617375ns          444593 1c00b59e 00000513 addi             x10, x0, 0          x10=00000000
23617395ns          444594 1c00b5a0 00008067 jalr             x0, x1, 0            x1:1c00b670
23617435ns          444596 1c00b670 31f52563 p.beqimm         x10, 778            x10:00000000
23617455ns          444597 1c00b674 001d8d93 addi             x27, x27, 1         x27=00000008 x27:00000007
23617475ns          444598 1c00b676 00044503 lbu              x10, 0(x8)          x10=00000061  x8:1c000100  PA:1c000100
23617776ns          444613 1c00b67a 00140413 addi             x8, x8, 1            x8=1c000101  x8:1c000100
23617796ns          444614 1c00b67c fe0514e3 bne              x10, x0, -24        x10:00000061
23617857ns          444617 1c00b664 02500793 addi             x15, x0, 37         x15=00000025
23617877ns          444618 1c00b668 04f50863 beq              x10, x15, 80        x10:00000061 x15:00000025
23617897ns          444619 1c00b66c 01a005b3 add              x11, x0, x26        x11=00000002 x26:00000002
23617917ns          444620 1c00b66e 000b00e7 jalr             x1, x22, 0           x1=1c00b670 x22:1c00b57a
23617957ns          444622 1c00b57a 000026b7 lui              x13, 0x2000         x13=00002000
23617977ns          444623 1c00b57c f14027f3 csrrs            x15, x0, 0xf14      x15=00000002
23617997ns          444624 1c00b580 f8068693 addi             x13, x13, -128      x13=00001f80 x13:00002000
23618017ns          444625 1c00b584 00379713 slli             x14, x15, 0x3       x14=00000010 x15:00000002
23618037ns          444626 1c00b588 00279793 slli             x15, x15, 0x2       x15=00000008 x15:00000002
23618057ns          444627 1c00b58a 00d7f7b3 and              x15, x15, x13       x15=00000000 x15:00000008 x13:00001f80
23618077ns          444628 1c00b58c ee873733 p.bclr           x14, x14, 23, 8     x14=00000010 x14:00000010
23618097ns          444629 1c00b590 1a10f6b7 lui              x13, 0x1a10f000     x13=1a10f000
23618117ns          444630 1c00b594 0ff57513 andi             x10, x10, 255       x10=00000061 x10:00000061
23618138ns          444631 1c00b598 00d70733 add              x14, x14, x13       x14=1a10f010 x14:00000010 x13:1a10f000
23618158ns          444632 1c00b59a 00a7e723 p.sw             x10, x0(x15)        x10:00000061 x15:00000000  PA:1a10f010
23618479ns          444648 1c00b59e 00000513 addi             x10, x0, 0          x10=00000000
23618499ns          444649 1c00b5a0 00008067 jalr             x0, x1, 0            x1:1c00b670
23618539ns          444651 1c00b670 31f52563 p.beqimm         x10, 778            x10:00000000
23618559ns          444652 1c00b674 001d8d93 addi             x27, x27, 1         x27=00000009 x27:00000008
23618579ns          444653 1c00b676 00044503 lbu              x10, 0(x8)          x10=00000073  x8:1c000101  PA:1c000101
23618880ns          444668 1c00b67a 00140413 addi             x8, x8, 1            x8=1c000102  x8:1c000101
23618900ns          444669 1c00b67c fe0514e3 bne              x10, x0, -24        x10:00000073
23618960ns          444672 1c00b664 02500793 addi             x15, x0, 37         x15=00000025
23618980ns          444673 1c00b668 04f50863 beq              x10, x15, 80        x10:00000073 x15:00000025
23619000ns          444674 1c00b66c 01a005b3 add              x11, x0, x26        x11=00000002 x26:00000002
23619020ns          444675 1c00b66e 000b00e7 jalr             x1, x22, 0           x1=1c00b670 x22:1c00b57a
23619061ns          444677 1c00b57a 000026b7 lui              x13, 0x2000         x13=00002000
23619081ns          444678 1c00b57c f14027f3 csrrs            x15, x0, 0xf14      x15=00000002
23619101ns          444679 1c00b580 f8068693 addi             x13, x13, -128      x13=00001f80 x13:00002000
23619121ns          444680 1c00b584 00379713 slli             x14, x15, 0x3       x14=00000010 x15:00000002
23619141ns          444681 1c00b588 00279793 slli             x15, x15, 0x2       x15=00000008 x15:00000002
23619161ns          444682 1c00b58a 00d7f7b3 and              x15, x15, x13       x15=00000000 x15:00000008 x13:00001f80
23619181ns          444683 1c00b58c ee873733 p.bclr           x14, x14, 23, 8     x14=00000010 x14:00000010
23619201ns          444684 1c00b590 1a10f6b7 lui              x13, 0x1a10f000     x13=1a10f000
23619221ns          444685 1c00b594 0ff57513 andi             x10, x10, 255       x10=00000073 x10:00000073
23619241ns          444686 1c00b598 00d70733 add              x14, x14, x13       x14=1a10f010 x14:00000010 x13:1a10f000
23619261ns          444687 1c00b59a 00a7e723 p.sw             x10, x0(x15)        x10:00000073 x15:00000000  PA:1a10f010
23619582ns          444703 1c00b59e 00000513 addi             x10, x0, 0          x10=00000000
23619602ns          444704 1c00b5a0 00008067 jalr             x0, x1, 0            x1:1c00b670
23619642ns          444706 1c00b670 31f52563 p.beqimm         x10, 778            x10:00000000
23619662ns          444707 1c00b674 001d8d93 addi             x27, x27, 1         x27=0000000a x27:00000009
23619683ns          444708 1c00b676 00044503 lbu              x10, 0(x8)          x10=00000073  x8:1c000102  PA:1c000102
23619984ns          444723 1c00b67a 00140413 addi             x8, x8, 1            x8=1c000103  x8:1c000102
23620004ns          444724 1c00b67c fe0514e3 bne              x10, x0, -24        x10:00000073
23620064ns          444727 1c00b664 02500793 addi             x15, x0, 37         x15=00000025
23620084ns          444728 1c00b668 04f50863 beq              x10, x15, 80        x10:00000073 x15:00000025
23620104ns          444729 1c00b66c 01a005b3 add              x11, x0, x26        x11=00000002 x26:00000002
23620124ns          444730 1c00b66e 000b00e7 jalr             x1, x22, 0           x1=1c00b670 x22:1c00b57a
23620164ns          444732 1c00b57a 000026b7 lui              x13, 0x2000         x13=00002000
23620184ns          444733 1c00b57c f14027f3 csrrs            x15, x0, 0xf14      x15=00000002
23620204ns          444734 1c00b580 f8068693 addi             x13, x13, -128      x13=00001f80 x13:00002000
23620224ns          444735 1c00b584 00379713 slli             x14, x15, 0x3       x14=00000010 x15:00000002
23620244ns          444736 1c00b588 00279793 slli             x15, x15, 0x2       x15=00000008 x15:00000002
23620264ns          444737 1c00b58a 00d7f7b3 and              x15, x15, x13       x15=00000000 x15:00000008 x13:00001f80
23620284ns          444738 1c00b58c ee873733 p.bclr           x14, x14, 23, 8     x14=00000010 x14:00000010
23620305ns          444739 1c00b590 1a10f6b7 lui              x13, 0x1a10f000     x13=1a10f000
23620325ns          444740 1c00b594 0ff57513 andi             x10, x10, 255       x10=00000073 x10:00000073
23620345ns          444741 1c00b598 00d70733 add              x14, x14, x13       x14=1a10f010 x14:00000010 x13:1a10f000
23620365ns          444742 1c00b59a 00a7e723 p.sw             x10, x0(x15)        x10:00000073 x15:00000000  PA:1a10f010
23620686ns          444758 1c00b59e 00000513 addi             x10, x0, 0          x10=00000000
23620706ns          444759 1c00b5a0 00008067 jalr             x0, x1, 0            x1:1c00b670
23620746ns          444761 1c00b670 31f52563 p.beqimm         x10, 778            x10:00000000
23620766ns          444762 1c00b674 001d8d93 addi             x27, x27, 1         x27=0000000b x27:0000000a
23620786ns          444763 1c00b676 00044503 lbu              x10, 0(x8)          x10=00000065  x8:1c000103  PA:1c000103
23621087ns          444778 1c00b67a 00140413 addi             x8, x8, 1            x8=1c000104  x8:1c000103
23621107ns          444779 1c00b67c fe0514e3 bne              x10, x0, -24        x10:00000065
23621167ns          444782 1c00b664 02500793 addi             x15, x0, 37         x15=00000025
23621187ns          444783 1c00b668 04f50863 beq              x10, x15, 80        x10:00000065 x15:00000025
23621208ns          444784 1c00b66c 01a005b3 add              x11, x0, x26        x11=00000002 x26:00000002
23621228ns          444785 1c00b66e 000b00e7 jalr             x1, x22, 0           x1=1c00b670 x22:1c00b57a
23621268ns          444787 1c00b57a 000026b7 lui              x13, 0x2000         x13=00002000
23621288ns          444788 1c00b57c f14027f3 csrrs            x15, x0, 0xf14      x15=00000002
23621308ns          444789 1c00b580 f8068693 addi             x13, x13, -128      x13=00001f80 x13:00002000
23621328ns          444790 1c00b584 00379713 slli             x14, x15, 0x3       x14=00000010 x15:00000002
23621348ns          444791 1c00b588 00279793 slli             x15, x15, 0x2       x15=00000008 x15:00000002
23621368ns          444792 1c00b58a 00d7f7b3 and              x15, x15, x13       x15=00000000 x15:00000008 x13:00001f80
23621388ns          444793 1c00b58c ee873733 p.bclr           x14, x14, 23, 8     x14=00000010 x14:00000010
23621408ns          444794 1c00b590 1a10f6b7 lui              x13, 0x1a10f000     x13=1a10f000
23621428ns          444795 1c00b594 0ff57513 andi             x10, x10, 255       x10=00000065 x10:00000065
23621448ns          444796 1c00b598 00d70733 add              x14, x14, x13       x14=1a10f010 x14:00000010 x13:1a10f000
23621468ns          444797 1c00b59a 00a7e723 p.sw             x10, x0(x15)        x10:00000065 x15:00000000  PA:1a10f010
23621809ns          444814 1c00b59e 00000513 addi             x10, x0, 0          x10=00000000
23621830ns          444815 1c00b5a0 00008067 jalr             x0, x1, 0            x1:1c00b670
23621870ns          444817 1c00b670 31f52563 p.beqimm         x10, 778            x10:00000000
23621890ns          444818 1c00b674 001d8d93 addi             x27, x27, 1         x27=0000000c x27:0000000b
23621910ns          444819 1c00b676 00044503 lbu              x10, 0(x8)          x10=00000064  x8:1c000104  PA:1c000104
23622211ns          444834 1c00b67a 00140413 addi             x8, x8, 1            x8=1c000105  x8:1c000104
23622231ns          444835 1c00b67c fe0514e3 bne              x10, x0, -24        x10:00000064
23622291ns          444838 1c00b664 02500793 addi             x15, x0, 37         x15=00000025
23622311ns          444839 1c00b668 04f50863 beq              x10, x15, 80        x10:00000064 x15:00000025
23622331ns          444840 1c00b66c 01a005b3 add              x11, x0, x26        x11=00000002 x26:00000002
23622351ns          444841 1c00b66e 000b00e7 jalr             x1, x22, 0           x1=1c00b670 x22:1c00b57a
23622391ns          444843 1c00b57a 000026b7 lui              x13, 0x2000         x13=00002000
23622411ns          444844 1c00b57c f14027f3 csrrs            x15, x0, 0xf14      x15=00000002
23622431ns          444845 1c00b580 f8068693 addi             x13, x13, -128      x13=00001f80 x13:00002000
23622452ns          444846 1c00b584 00379713 slli             x14, x15, 0x3       x14=00000010 x15:00000002
23622472ns          444847 1c00b588 00279793 slli             x15, x15, 0x2       x15=00000008 x15:00000002
23622492ns          444848 1c00b58a 00d7f7b3 and              x15, x15, x13       x15=00000000 x15:00000008 x13:00001f80
23622512ns          444849 1c00b58c ee873733 p.bclr           x14, x14, 23, 8     x14=00000010 x14:00000010
23622532ns          444850 1c00b590 1a10f6b7 lui              x13, 0x1a10f000     x13=1a10f000
23622552ns          444851 1c00b594 0ff57513 andi             x10, x10, 255       x10=00000064 x10:00000064
23622572ns          444852 1c00b598 00d70733 add              x14, x14, x13       x14=1a10f010 x14:00000010 x13:1a10f000
23622592ns          444853 1c00b59a 00a7e723 p.sw             x10, x0(x15)        x10:00000064 x15:00000000  PA:1a10f010
23622913ns          444869 1c00b59e 00000513 addi             x10, x0, 0          x10=00000000
23622933ns          444870 1c00b5a0 00008067 jalr             x0, x1, 0            x1:1c00b670
23622973ns          444872 1c00b670 31f52563 p.beqimm         x10, 778            x10:00000000
23622993ns          444873 1c00b674 001d8d93 addi             x27, x27, 1         x27=0000000d x27:0000000c
23623013ns          444874 1c00b676 00044503 lbu              x10, 0(x8)          x10=00000020  x8:1c000105  PA:1c000105
23623314ns          444889 1c00b67a 00140413 addi             x8, x8, 1            x8=1c000106  x8:1c000105
23623334ns          444890 1c00b67c fe0514e3 bne              x10, x0, -24        x10:00000020
23623395ns          444893 1c00b664 02500793 addi             x15, x0, 37         x15=00000025
23623415ns          444894 1c00b668 04f50863 beq              x10, x15, 80        x10:00000020 x15:00000025
23623435ns          444895 1c00b66c 01a005b3 add              x11, x0, x26        x11=00000002 x26:00000002
23623455ns          444896 1c00b66e 000b00e7 jalr             x1, x22, 0           x1=1c00b670 x22:1c00b57a
23623495ns          444898 1c00b57a 000026b7 lui              x13, 0x2000         x13=00002000
23623515ns          444899 1c00b57c f14027f3 csrrs            x15, x0, 0xf14      x15=00000002
23623535ns          444900 1c00b580 f8068693 addi             x13, x13, -128      x13=00001f80 x13:00002000
23623555ns          444901 1c00b584 00379713 slli             x14, x15, 0x3       x14=00000010 x15:00000002
23623575ns          444902 1c00b588 00279793 slli             x15, x15, 0x2       x15=00000008 x15:00000002
23623595ns          444903 1c00b58a 00d7f7b3 and              x15, x15, x13       x15=00000000 x15:00000008 x13:00001f80
23623615ns          444904 1c00b58c ee873733 p.bclr           x14, x14, 23, 8     x14=00000010 x14:00000010
23623635ns          444905 1c00b590 1a10f6b7 lui              x13, 0x1a10f000     x13=1a10f000
23623655ns          444906 1c00b594 0ff57513 andi             x10, x10, 255       x10=00000020 x10:00000020
23623676ns          444907 1c00b598 00d70733 add              x14, x14, x13       x14=1a10f010 x14:00000010 x13:1a10f000
23623696ns          444908 1c00b59a 00a7e723 p.sw             x10, x0(x15)        x10:00000020 x15:00000000  PA:1a10f010
23624017ns          444924 1c00b59e 00000513 addi             x10, x0, 0          x10=00000000
23624037ns          444925 1c00b5a0 00008067 jalr             x0, x1, 0            x1:1c00b670
23624077ns          444927 1c00b670 31f52563 p.beqimm         x10, 778            x10:00000000
23624097ns          444928 1c00b674 001d8d93 addi             x27, x27, 1         x27=0000000e x27:0000000d
23624117ns          444929 1c00b676 00044503 lbu              x10, 0(x8)          x10=0000006f  x8:1c000106  PA:1c000106
23624418ns          444944 1c00b67a 00140413 addi             x8, x8, 1            x8=1c000107  x8:1c000106
23624438ns          444945 1c00b67c fe0514e3 bne              x10, x0, -24        x10:0000006f
23624498ns          444948 1c00b664 02500793 addi             x15, x0, 37         x15=00000025
23624518ns          444949 1c00b668 04f50863 beq              x10, x15, 80        x10:0000006f x15:00000025
23624538ns          444950 1c00b66c 01a005b3 add              x11, x0, x26        x11=00000002 x26:00000002
23624558ns          444951 1c00b66e 000b00e7 jalr             x1, x22, 0           x1=1c00b670 x22:1c00b57a
23624599ns          444953 1c00b57a 000026b7 lui              x13, 0x2000         x13=00002000
23624619ns          444954 1c00b57c f14027f3 csrrs            x15, x0, 0xf14      x15=00000002
23624639ns          444955 1c00b580 f8068693 addi             x13, x13, -128      x13=00001f80 x13:00002000
23624659ns          444956 1c00b584 00379713 slli             x14, x15, 0x3       x14=00000010 x15:00000002
23624679ns          444957 1c00b588 00279793 slli             x15, x15, 0x2       x15=00000008 x15:00000002
23624699ns          444958 1c00b58a 00d7f7b3 and              x15, x15, x13       x15=00000000 x15:00000008 x13:00001f80
23624719ns          444959 1c00b58c ee873733 p.bclr           x14, x14, 23, 8     x14=00000010 x14:00000010
23624739ns          444960 1c00b590 1a10f6b7 lui              x13, 0x1a10f000     x13=1a10f000
23624759ns          444961 1c00b594 0ff57513 andi             x10, x10, 255       x10=0000006f x10:0000006f
23624779ns          444962 1c00b598 00d70733 add              x14, x14, x13       x14=1a10f010 x14:00000010 x13:1a10f000
23624799ns          444963 1c00b59a 00a7e723 p.sw             x10, x0(x15)        x10:0000006f x15:00000000  PA:1a10f010
23625120ns          444979 1c00b59e 00000513 addi             x10, x0, 0          x10=00000000
23625140ns          444980 1c00b5a0 00008067 jalr             x0, x1, 0            x1:1c00b670
23625180ns          444982 1c00b670 31f52563 p.beqimm         x10, 778            x10:00000000
23625201ns          444983 1c00b674 001d8d93 addi             x27, x27, 1         x27=0000000f x27:0000000e
23625221ns          444984 1c00b676 00044503 lbu              x10, 0(x8)          x10=0000006e  x8:1c000107  PA:1c000107
23625522ns          444999 1c00b67a 00140413 addi             x8, x8, 1            x8=1c000108  x8:1c000107
23625542ns          445000 1c00b67c fe0514e3 bne              x10, x0, -24        x10:0000006e
23625602ns          445003 1c00b664 02500793 addi             x15, x0, 37         x15=00000025
23625622ns          445004 1c00b668 04f50863 beq              x10, x15, 80        x10:0000006e x15:00000025
23625642ns          445005 1c00b66c 01a005b3 add              x11, x0, x26        x11=00000002 x26:00000002
23625662ns          445006 1c00b66e 000b00e7 jalr             x1, x22, 0           x1=1c00b670 x22:1c00b57a
23625702ns          445008 1c00b57a 000026b7 lui              x13, 0x2000         x13=00002000
23625722ns          445009 1c00b57c f14027f3 csrrs            x15, x0, 0xf14      x15=00000002
23625742ns          445010 1c00b580 f8068693 addi             x13, x13, -128      x13=00001f80 x13:00002000
23625762ns          445011 1c00b584 00379713 slli             x14, x15, 0x3       x14=00000010 x15:00000002
23625782ns          445012 1c00b588 00279793 slli             x15, x15, 0x2       x15=00000008 x15:00000002
23625802ns          445013 1c00b58a 00d7f7b3 and              x15, x15, x13       x15=00000000 x15:00000008 x13:00001f80
23625823ns          445014 1c00b58c ee873733 p.bclr           x14, x14, 23, 8     x14=00000010 x14:00000010
23625843ns          445015 1c00b590 1a10f6b7 lui              x13, 0x1a10f000     x13=1a10f000
23625863ns          445016 1c00b594 0ff57513 andi             x10, x10, 255       x10=0000006e x10:0000006e
23625883ns          445017 1c00b598 00d70733 add              x14, x14, x13       x14=1a10f010 x14:00000010 x13:1a10f000
23625903ns          445018 1c00b59a 00a7e723 p.sw             x10, x0(x15)        x10:0000006e x15:00000000  PA:1a10f010
23626224ns          445034 1c00b59e 00000513 addi             x10, x0, 0          x10=00000000
23626244ns          445035 1c00b5a0 00008067 jalr             x0, x1, 0            x1:1c00b670
23626284ns          445037 1c00b670 31f52563 p.beqimm         x10, 778            x10:00000000
23626304ns          445038 1c00b674 001d8d93 addi             x27, x27, 1         x27=00000010 x27:0000000f
23626324ns          445039 1c00b676 00044503 lbu              x10, 0(x8)          x10=00000020  x8:1c000108  PA:1c000108
23626625ns          445054 1c00b67a 00140413 addi             x8, x8, 1            x8=1c000109  x8:1c000108
23626645ns          445055 1c00b67c fe0514e3 bne              x10, x0, -24        x10:00000020
23626705ns          445058 1c00b664 02500793 addi             x15, x0, 37         x15=00000025
23626725ns          445059 1c00b668 04f50863 beq              x10, x15, 80        x10:00000020 x15:00000025
23626746ns          445060 1c00b66c 01a005b3 add              x11, x0, x26        x11=00000002 x26:00000002
23626766ns          445061 1c00b66e 000b00e7 jalr             x1, x22, 0           x1=1c00b670 x22:1c00b57a
23626806ns          445063 1c00b57a 000026b7 lui              x13, 0x2000         x13=00002000
23626826ns          445064 1c00b57c f14027f3 csrrs            x15, x0, 0xf14      x15=00000002
23626846ns          445065 1c00b580 f8068693 addi             x13, x13, -128      x13=00001f80 x13:00002000
23626866ns          445066 1c00b584 00379713 slli             x14, x15, 0x3       x14=00000010 x15:00000002
23626886ns          445067 1c00b588 00279793 slli             x15, x15, 0x2       x15=00000008 x15:00000002
23626906ns          445068 1c00b58a 00d7f7b3 and              x15, x15, x13       x15=00000000 x15:00000008 x13:00001f80
23626926ns          445069 1c00b58c ee873733 p.bclr           x14, x14, 23, 8     x14=00000010 x14:00000010
23626946ns          445070 1c00b590 1a10f6b7 lui              x13, 0x1a10f000     x13=1a10f000
23626966ns          445071 1c00b594 0ff57513 andi             x10, x10, 255       x10=00000020 x10:00000020
23626986ns          445072 1c00b598 00d70733 add              x14, x14, x13       x14=1a10f010 x14:00000010 x13:1a10f000
23627006ns          445073 1c00b59a 00a7e723 p.sw             x10, x0(x15)        x10:00000020 x15:00000000  PA:1a10f010
23627327ns          445089 1c00b59e 00000513 addi             x10, x0, 0          x10=00000000
23627348ns          445090 1c00b5a0 00008067 jalr             x0, x1, 0            x1:1c00b670
23627388ns          445092 1c00b670 31f52563 p.beqimm         x10, 778            x10:00000000
23627408ns          445093 1c00b674 001d8d93 addi             x27, x27, 1         x27=00000011 x27:00000010
23627428ns          445094 1c00b676 00044503 lbu              x10, 0(x8)          x10=00000063  x8:1c000109  PA:1c000109
23627729ns          445109 1c00b67a 00140413 addi             x8, x8, 1            x8=1c00010a  x8:1c000109
23627749ns          445110 1c00b67c fe0514e3 bne              x10, x0, -24        x10:00000063
23627809ns          445113 1c00b664 02500793 addi             x15, x0, 37         x15=00000025
23627829ns          445114 1c00b668 04f50863 beq              x10, x15, 80        x10:00000063 x15:00000025
23627849ns          445115 1c00b66c 01a005b3 add              x11, x0, x26        x11=00000002 x26:00000002
23627869ns          445116 1c00b66e 000b00e7 jalr             x1, x22, 0           x1=1c00b670 x22:1c00b57a
23627909ns          445118 1c00b57a 000026b7 lui              x13, 0x2000         x13=00002000
23627929ns          445119 1c00b57c f14027f3 csrrs            x15, x0, 0xf14      x15=00000002
23627949ns          445120 1c00b580 f8068693 addi             x13, x13, -128      x13=00001f80 x13:00002000
23627970ns          445121 1c00b584 00379713 slli             x14, x15, 0x3       x14=00000010 x15:00000002
23627990ns          445122 1c00b588 00279793 slli             x15, x15, 0x2       x15=00000008 x15:00000002
23628010ns          445123 1c00b58a 00d7f7b3 and              x15, x15, x13       x15=00000000 x15:00000008 x13:00001f80
23628030ns          445124 1c00b58c ee873733 p.bclr           x14, x14, 23, 8     x14=00000010 x14:00000010
23628050ns          445125 1c00b590 1a10f6b7 lui              x13, 0x1a10f000     x13=1a10f000
23628070ns          445126 1c00b594 0ff57513 andi             x10, x10, 255       x10=00000063 x10:00000063
23628090ns          445127 1c00b598 00d70733 add              x14, x14, x13       x14=1a10f010 x14:00000010 x13:1a10f000
23628110ns          445128 1c00b59a 00a7e723 p.sw             x10, x0(x15)        x10:00000063 x15:00000000  PA:1a10f010
23628451ns          445145 1c00b59e 00000513 addi             x10, x0, 0          x10=00000000
23628471ns          445146 1c00b5a0 00008067 jalr             x0, x1, 0            x1:1c00b670
23628511ns          445148 1c00b670 31f52563 p.beqimm         x10, 778            x10:00000000
23628531ns          445149 1c00b674 001d8d93 addi             x27, x27, 1         x27=00000012 x27:00000011
23628551ns          445150 1c00b676 00044503 lbu              x10, 0(x8)          x10=0000006f  x8:1c00010a  PA:1c00010a
23628852ns          445165 1c00b67a 00140413 addi             x8, x8, 1            x8=1c00010b  x8:1c00010a
23628872ns          445166 1c00b67c fe0514e3 bne              x10, x0, -24        x10:0000006f
23628933ns          445169 1c00b664 02500793 addi             x15, x0, 37         x15=00000025
23628953ns          445170 1c00b668 04f50863 beq              x10, x15, 80        x10:0000006f x15:00000025
23628973ns          445171 1c00b66c 01a005b3 add              x11, x0, x26        x11=00000002 x26:00000002
23628993ns          445172 1c00b66e 000b00e7 jalr             x1, x22, 0           x1=1c00b670 x22:1c00b57a
23629033ns          445174 1c00b57a 000026b7 lui              x13, 0x2000         x13=00002000
23629053ns          445175 1c00b57c f14027f3 csrrs            x15, x0, 0xf14      x15=00000002
23629073ns          445176 1c00b580 f8068693 addi             x13, x13, -128      x13=00001f80 x13:00002000
23629093ns          445177 1c00b584 00379713 slli             x14, x15, 0x3       x14=00000010 x15:00000002
23629113ns          445178 1c00b588 00279793 slli             x15, x15, 0x2       x15=00000008 x15:00000002
23629133ns          445179 1c00b58a 00d7f7b3 and              x15, x15, x13       x15=00000000 x15:00000008 x13:00001f80
23629153ns          445180 1c00b58c ee873733 p.bclr           x14, x14, 23, 8     x14=00000010 x14:00000010
23629173ns          445181 1c00b590 1a10f6b7 lui              x13, 0x1a10f000     x13=1a10f000
23629194ns          445182 1c00b594 0ff57513 andi             x10, x10, 255       x10=0000006f x10:0000006f
23629214ns          445183 1c00b598 00d70733 add              x14, x14, x13       x14=1a10f010 x14:00000010 x13:1a10f000
23629234ns          445184 1c00b59a 00a7e723 p.sw             x10, x0(x15)        x10:0000006f x15:00000000  PA:1a10f010
23629575ns          445201 1c00b59e 00000513 addi             x10, x0, 0          x10=00000000
23629595ns          445202 1c00b5a0 00008067 jalr             x0, x1, 0            x1:1c00b670
23629635ns          445204 1c00b670 31f52563 p.beqimm         x10, 778            x10:00000000
23629655ns          445205 1c00b674 001d8d93 addi             x27, x27, 1         x27=00000013 x27:00000012
23629675ns          445206 1c00b676 00044503 lbu              x10, 0(x8)          x10=00000072  x8:1c00010b  PA:1c00010b
23629976ns          445221 1c00b67a 00140413 addi             x8, x8, 1            x8=1c00010c  x8:1c00010b
23629996ns          445222 1c00b67c fe0514e3 bne              x10, x0, -24        x10:00000072
23630056ns          445225 1c00b664 02500793 addi             x15, x0, 37         x15=00000025
23630076ns          445226 1c00b668 04f50863 beq              x10, x15, 80        x10:00000072 x15:00000025
23630096ns          445227 1c00b66c 01a005b3 add              x11, x0, x26        x11=00000002 x26:00000002
23630117ns          445228 1c00b66e 000b00e7 jalr             x1, x22, 0           x1=1c00b670 x22:1c00b57a
23630157ns          445230 1c00b57a 000026b7 lui              x13, 0x2000         x13=00002000
23630177ns          445231 1c00b57c f14027f3 csrrs            x15, x0, 0xf14      x15=00000002
23630197ns          445232 1c00b580 f8068693 addi             x13, x13, -128      x13=00001f80 x13:00002000
23630217ns          445233 1c00b584 00379713 slli             x14, x15, 0x3       x14=00000010 x15:00000002
23630237ns          445234 1c00b588 00279793 slli             x15, x15, 0x2       x15=00000008 x15:00000002
23630257ns          445235 1c00b58a 00d7f7b3 and              x15, x15, x13       x15=00000000 x15:00000008 x13:00001f80
23630277ns          445236 1c00b58c ee873733 p.bclr           x14, x14, 23, 8     x14=00000010 x14:00000010
23630297ns          445237 1c00b590 1a10f6b7 lui              x13, 0x1a10f000     x13=1a10f000
23630317ns          445238 1c00b594 0ff57513 andi             x10, x10, 255       x10=00000072 x10:00000072
23630337ns          445239 1c00b598 00d70733 add              x14, x14, x13       x14=1a10f010 x14:00000010 x13:1a10f000
23630357ns          445240 1c00b59a 00a7e723 p.sw             x10, x0(x15)        x10:00000072 x15:00000000  PA:1a10f010
23630678ns          445256 1c00b59e 00000513 addi             x10, x0, 0          x10=00000000
23630698ns          445257 1c00b5a0 00008067 jalr             x0, x1, 0            x1:1c00b670
23630739ns          445259 1c00b670 31f52563 p.beqimm         x10, 778            x10:00000000
23630759ns          445260 1c00b674 001d8d93 addi             x27, x27, 1         x27=00000014 x27:00000013
23630779ns          445261 1c00b676 00044503 lbu              x10, 0(x8)          x10=00000065  x8:1c00010c  PA:1c00010c
23631080ns          445276 1c00b67a 00140413 addi             x8, x8, 1            x8=1c00010d  x8:1c00010c
23631100ns          445277 1c00b67c fe0514e3 bne              x10, x0, -24        x10:00000065
23631160ns          445280 1c00b664 02500793 addi             x15, x0, 37         x15=00000025
23631180ns          445281 1c00b668 04f50863 beq              x10, x15, 80        x10:00000065 x15:00000025
23631200ns          445282 1c00b66c 01a005b3 add              x11, x0, x26        x11=00000002 x26:00000002
23631220ns          445283 1c00b66e 000b00e7 jalr             x1, x22, 0           x1=1c00b670 x22:1c00b57a
23631260ns          445285 1c00b57a 000026b7 lui              x13, 0x2000         x13=00002000
23631280ns          445286 1c00b57c f14027f3 csrrs            x15, x0, 0xf14      x15=00000002
23631300ns          445287 1c00b580 f8068693 addi             x13, x13, -128      x13=00001f80 x13:00002000
23631320ns          445288 1c00b584 00379713 slli             x14, x15, 0x3       x14=00000010 x15:00000002
23631341ns          445289 1c00b588 00279793 slli             x15, x15, 0x2       x15=00000008 x15:00000002
23631361ns          445290 1c00b58a 00d7f7b3 and              x15, x15, x13       x15=00000000 x15:00000008 x13:00001f80
23631381ns          445291 1c00b58c ee873733 p.bclr           x14, x14, 23, 8     x14=00000010 x14:00000010
23631401ns          445292 1c00b590 1a10f6b7 lui              x13, 0x1a10f000     x13=1a10f000
23631421ns          445293 1c00b594 0ff57513 andi             x10, x10, 255       x10=00000065 x10:00000065
23631441ns          445294 1c00b598 00d70733 add              x14, x14, x13       x14=1a10f010 x14:00000010 x13:1a10f000
23631461ns          445295 1c00b59a 00a7e723 p.sw             x10, x0(x15)        x10:00000065 x15:00000000  PA:1a10f010
23631802ns          445312 1c00b59e 00000513 addi             x10, x0, 0          x10=00000000
23631822ns          445313 1c00b5a0 00008067 jalr             x0, x1, 0            x1:1c00b670
23631862ns          445315 1c00b670 31f52563 p.beqimm         x10, 778            x10:00000000
23631882ns          445316 1c00b674 001d8d93 addi             x27, x27, 1         x27=00000015 x27:00000014
23631902ns          445317 1c00b676 00044503 lbu              x10, 0(x8)          x10=00000020  x8:1c00010d  PA:1c00010d
23632203ns          445332 1c00b67a 00140413 addi             x8, x8, 1            x8=1c00010e  x8:1c00010d
23632223ns          445333 1c00b67c fe0514e3 bne              x10, x0, -24        x10:00000020
23632284ns          445336 1c00b664 02500793 addi             x15, x0, 37         x15=00000025
23632304ns          445337 1c00b668 04f50863 beq              x10, x15, 80        x10:00000020 x15:00000025
23632324ns          445338 1c00b66c 01a005b3 add              x11, x0, x26        x11=00000002 x26:00000002
23632344ns          445339 1c00b66e 000b00e7 jalr             x1, x22, 0           x1=1c00b670 x22:1c00b57a
23632384ns          445341 1c00b57a 000026b7 lui              x13, 0x2000         x13=00002000
23632404ns          445342 1c00b57c f14027f3 csrrs            x15, x0, 0xf14      x15=00000002
23632424ns          445343 1c00b580 f8068693 addi             x13, x13, -128      x13=00001f80 x13:00002000
23632444ns          445344 1c00b584 00379713 slli             x14, x15, 0x3       x14=00000010 x15:00000002
23632464ns          445345 1c00b588 00279793 slli             x15, x15, 0x2       x15=00000008 x15:00000002
23632484ns          445346 1c00b58a 00d7f7b3 and              x15, x15, x13       x15=00000000 x15:00000008 x13:00001f80
23632504ns          445347 1c00b58c ee873733 p.bclr           x14, x14, 23, 8     x14=00000010 x14:00000010
23632524ns          445348 1c00b590 1a10f6b7 lui              x13, 0x1a10f000     x13=1a10f000
23632544ns          445349 1c00b594 0ff57513 andi             x10, x10, 255       x10=00000020 x10:00000020
23632564ns          445350 1c00b598 00d70733 add              x14, x14, x13       x14=1a10f010 x14:00000010 x13:1a10f000
23632585ns          445351 1c00b59a 00a7e723 p.sw             x10, x0(x15)        x10:00000020 x15:00000000  PA:1a10f010
23632926ns          445368 1c00b59e 00000513 addi             x10, x0, 0          x10=00000000
23632946ns          445369 1c00b5a0 00008067 jalr             x0, x1, 0            x1:1c00b670
23632986ns          445371 1c00b670 31f52563 p.beqimm         x10, 778            x10:00000000
23633006ns          445372 1c00b674 001d8d93 addi             x27, x27, 1         x27=00000016 x27:00000015
23633026ns          445373 1c00b676 00044503 lbu              x10, 0(x8)          x10=00000020  x8:1c00010e  PA:1c00010e
23633327ns          445388 1c00b67a 00140413 addi             x8, x8, 1            x8=1c00010f  x8:1c00010e
23633347ns          445389 1c00b67c fe0514e3 bne              x10, x0, -24        x10:00000020
23633407ns          445392 1c00b664 02500793 addi             x15, x0, 37         x15=00000025
23633427ns          445393 1c00b668 04f50863 beq              x10, x15, 80        x10:00000020 x15:00000025
23633447ns          445394 1c00b66c 01a005b3 add              x11, x0, x26        x11=00000002 x26:00000002
23633467ns          445395 1c00b66e 000b00e7 jalr             x1, x22, 0           x1=1c00b670 x22:1c00b57a
23633508ns          445397 1c00b57a 000026b7 lui              x13, 0x2000         x13=00002000
23633528ns          445398 1c00b57c f14027f3 csrrs            x15, x0, 0xf14      x15=00000002
23633548ns          445399 1c00b580 f8068693 addi             x13, x13, -128      x13=00001f80 x13:00002000
23633568ns          445400 1c00b584 00379713 slli             x14, x15, 0x3       x14=00000010 x15:00000002
23633588ns          445401 1c00b588 00279793 slli             x15, x15, 0x2       x15=00000008 x15:00000002
23633608ns          445402 1c00b58a 00d7f7b3 and              x15, x15, x13       x15=00000000 x15:00000008 x13:00001f80
23633628ns          445403 1c00b58c ee873733 p.bclr           x14, x14, 23, 8     x14=00000010 x14:00000010
23633648ns          445404 1c00b590 1a10f6b7 lui              x13, 0x1a10f000     x13=1a10f000
23633668ns          445405 1c00b594 0ff57513 andi             x10, x10, 255       x10=00000020 x10:00000020
23633688ns          445406 1c00b598 00d70733 add              x14, x14, x13       x14=1a10f010 x14:00000010 x13:1a10f000
23633708ns          445407 1c00b59a 00a7e723 p.sw             x10, x0(x15)        x10:00000020 x15:00000000  PA:1a10f010
23634029ns          445423 1c00b59e 00000513 addi             x10, x0, 0          x10=00000000
23634049ns          445424 1c00b5a0 00008067 jalr             x0, x1, 0            x1:1c00b670
23634089ns          445426 1c00b670 31f52563 p.beqimm         x10, 778            x10:00000000
23634110ns          445427 1c00b674 001d8d93 addi             x27, x27, 1         x27=00000017 x27:00000016
23634130ns          445428 1c00b676 00044503 lbu              x10, 0(x8)          x10=00000025  x8:1c00010f  PA:1c00010f
23634431ns          445443 1c00b67a 00140413 addi             x8, x8, 1            x8=1c000110  x8:1c00010f
23634451ns          445444 1c00b67c fe0514e3 bne              x10, x0, -24        x10:00000025
23634511ns          445447 1c00b664 02500793 addi             x15, x0, 37         x15=00000025
23634531ns          445448 1c00b668 04f50863 beq              x10, x15, 80        x10:00000025 x15:00000025
23634631ns          445453 1c00b6b8 00044483 lbu              x9, 0(x8)            x9=00000064  x8:1c000110  PA:1c000110
23634952ns          445469 1c00b6bc 02000693 addi             x13, x0, 32         x13=00000020
23634972ns          445470 1c00b6c0 00140a93 addi             x21, x8, 1          x21=1c000111  x8:1c000110
23634992ns          445471 1c00b6c4 009005b3 add              x11, x0, x9         x11=00000064  x9:00000064
23635012ns          445472 1c00b6c6 138b8513 addi             x10, x23, 312       x10=1c000138 x23:1c000000
23635033ns          445473 1c00b6ca 00d12823 sw               x13, 16(x2)         x13:00000020  x2:10001558  PA:10001568
23635053ns          445474 1c00b6cc 00012c23 sw               x0, 24(x2)           x2:10001558  PA:10001570
23635073ns          445475 1c00b6ce 00012a23 sw               x0, 20(x2)           x2:10001558  PA:1000156c
23635093ns          445476 1c00b6d0 00012e23 sw               x0, 28(x2)           x2:10001558  PA:10001574
23635113ns          445477 1c00b6d2 00012623 sw               x0, 12(x2)           x2:10001558  PA:10001564
23635133ns          445478 1c00b6d4 02300913 addi             x18, x0, 35         x18=00000023
23635153ns          445479 1c00b6d8 02d00a13 addi             x20, x0, 45         x20=0000002d
23635173ns          445480 1c00b6dc 015009b3 add              x19, x0, x21        x19=1c000111 x21:1c000111
23635193ns          445481 1c00b6de e1dff0ef jal              x1, -484             x1=1c00b6e0
23635334ns          445488 1c00b4fa 00054783 lbu              x15, 0(x10)         x15=0000002d x10:1c000138  PA:1c000138
23635655ns          445504 1c00b4fe 0ff5f593 andi             x11, x11, 255       x11=00000064 x11:00000064
23635675ns          445505 1c00b502 00b78c63 beq              x15, x11, 24        x15:0000002d x11:00000064
23635695ns          445506 1c00b506 00078b63 beq              x15, x0, 22         x15:0000002d
23635715ns          445507 1c00b508 00150793 addi             x15, x10, 1         x15=1c000139 x10:1c000138
23635735ns          445508 1c00b50c 0040006f jal              x0, 4              
23635815ns          445512 1c00b510 00f00533 add              x10, x0, x15        x10=1c000139 x15:1c000139
23635835ns          445513 1c00b512 0017c70b p.lbu            x14, 1(x15!)        x14=0000002b x15=1c00013a x15:1c000139  PA:1c000139
23636317ns          445537 1c00b516 feb71ce3 bne              x14, x11, -8        x14:0000002b x11:00000064
23636377ns          445540 1c00b50e 00070763 beq              x14, x0, 14         x14:0000002b
23636397ns          445541 1c00b510 00f00533 add              x10, x0, x15        x10=1c00013a x15:1c00013a
23636417ns          445542 1c00b512 0017c70b p.lbu            x14, 1(x15!)        x14=00000020 x15=1c00013b x15:1c00013a  PA:1c00013a
23636738ns          445558 1c00b516 feb71ce3 bne              x14, x11, -8        x14:00000020 x11:00000064
23636798ns          445561 1c00b50e 00070763 beq              x14, x0, 14         x14:00000020
23636818ns          445562 1c00b510 00f00533 add              x10, x0, x15        x10=1c00013b x15:1c00013b
23636838ns          445563 1c00b512 0017c70b p.lbu            x14, 1(x15!)        x14=00000023 x15=1c00013c x15:1c00013b  PA:1c00013b
23637159ns          445579 1c00b516 feb71ce3 bne              x14, x11, -8        x14:00000023 x11:00000064
23637220ns          445582 1c00b50e 00070763 beq              x14, x0, 14         x14:00000023
23637240ns          445583 1c00b510 00f00533 add              x10, x0, x15        x10=1c00013c x15:1c00013c
23637260ns          445584 1c00b512 0017c70b p.lbu            x14, 1(x15!)        x14=00000030 x15=1c00013d x15:1c00013c  PA:1c00013c
23637581ns          445600 1c00b516 feb71ce3 bne              x14, x11, -8        x14:00000030 x11:00000064
23637641ns          445603 1c00b50e 00070763 beq              x14, x0, 14         x14:00000030
23637661ns          445604 1c00b510 00f00533 add              x10, x0, x15        x10=1c00013d x15:1c00013d
23637681ns          445605 1c00b512 0017c70b p.lbu            x14, 1(x15!)        x14=00000000 x15=1c00013e x15:1c00013d  PA:1c00013d
23638002ns          445621 1c00b516 feb71ce3 bne              x14, x11, -8        x14:00000000 x11:00000064
23638062ns          445624 1c00b50e 00070763 beq              x14, x0, 14         x14:00000000
23638123ns          445627 1c00b51c 0015b593 sltiu            x11, x11, 1         x11=00000000 x11:00000064
23638143ns          445628 1c00b520 40b005b3 sub              x11, x0, x11        x11=00000000 x11:00000000
23638163ns          445629 1c00b524 00b57533 and              x10, x10, x11       x10=00000000 x10:1c00013d x11:00000000
23638183ns          445630 1c00b526 00008067 jalr             x0, x1, 0            x1:1c00b6e0
23638223ns          445632 1c00b6e0 02050a63 beq              x10, x0, 52         x10:00000000
23638323ns          445637 1c00b714 02a00613 addi             x12, x0, 42         x12=0000002a
23638363ns          445639 1c00b718 2ac48663 beq              x9, x12, 684         x9:00000064 x12:0000002a
23638383ns          445640 1c00b71c fd048613 addi             x12, x9, -48        x12=00000034  x9:00000064
23638444ns          445643 1c00b720 00900593 addi             x11, x0, 9          x11=00000009
23638464ns          445644 1c00b722 00000913 addi             x18, x0, 0          x18=00000000
23638484ns          445645 1c00b724 28c5f063 bgeu             x11, x12, 640       x11:00000009 x12:00000034
23638504ns          445646 1c00b728 02e00693 addi             x13, x0, 46         x13=0000002e
23638524ns          445647 1c00b72c fff00a13 addi             x20, x0, -1         x20=ffffffff
23638584ns          445650 1c00b72e 2ed48363 beq              x9, x13, 742         x9:00000064 x13:0000002e
23638624ns          445652 1c00b732 1c0007b7 lui              x15, 0x1c000000     x15=1c000000
23638644ns          445653 1c00b736 009005b3 add              x11, x0, x9         x11=00000064  x9:00000064
23638664ns          445654 1c00b738 14078513 addi             x10, x15, 320       x10=1c000140 x15:1c000000
23638684ns          445655 1c00b73c dbfff0ef jal              x1, -578             x1=1c00b73e
23638785ns          445660 1c00b4fa 00054783 lbu              x15, 0(x10)         x15=00000068 x10:1c000140  PA:1c000140
23639086ns          445675 1c00b4fe 0ff5f593 andi             x11, x11, 255       x11=00000064 x11:00000064
23639106ns          445676 1c00b502 00b78c63 beq              x15, x11, 24        x15:00000068 x11:00000064
23639126ns          445677 1c00b506 00078b63 beq              x15, x0, 22         x15:00000068
23639146ns          445678 1c00b508 00150793 addi             x15, x10, 1         x15=1c000141 x10:1c000140
23639166ns          445679 1c00b50c 0040006f jal              x0, 4              
23639206ns          445681 1c00b510 00f00533 add              x10, x0, x15        x10=1c000141 x15:1c000141
23639226ns          445682 1c00b512 0017c70b p.lbu            x14, 1(x15!)        x14=0000006c x15=1c000142 x15:1c000141  PA:1c000141
23639547ns          445698 1c00b516 feb71ce3 bne              x14, x11, -8        x14:0000006c x11:00000064
23639607ns          445701 1c00b50e 00070763 beq              x14, x0, 14         x14:0000006c
23639628ns          445702 1c00b510 00f00533 add              x10, x0, x15        x10=1c000142 x15:1c000142
23639648ns          445703 1c00b512 0017c70b p.lbu            x14, 1(x15!)        x14=0000004c x15=1c000143 x15:1c000142  PA:1c000142
23640029ns          445722 1c00b516 feb71ce3 bne              x14, x11, -8        x14:0000004c x11:00000064
23640089ns          445725 1c00b50e 00070763 beq              x14, x0, 14         x14:0000004c
23640109ns          445726 1c00b510 00f00533 add              x10, x0, x15        x10=1c000143 x15:1c000143
23640129ns          445727 1c00b512 0017c70b p.lbu            x14, 1(x15!)        x14=0000007a x15=1c000144 x15:1c000143  PA:1c000143
23640450ns          445743 1c00b516 feb71ce3 bne              x14, x11, -8        x14:0000007a x11:00000064
23640510ns          445746 1c00b50e 00070763 beq              x14, x0, 14         x14:0000007a
23640530ns          445747 1c00b510 00f00533 add              x10, x0, x15        x10=1c000144 x15:1c000144
23640551ns          445748 1c00b512 0017c70b p.lbu            x14, 1(x15!)        x14=00000000 x15=1c000145 x15:1c000144  PA:1c000144
23640892ns          445765 1c00b516 feb71ce3 bne              x14, x11, -8        x14:00000000 x11:00000064
23640952ns          445768 1c00b50e 00070763 beq              x14, x0, 14         x14:00000000
23641012ns          445771 1c00b51c 0015b593 sltiu            x11, x11, 1         x11=00000000 x11:00000064
23641032ns          445772 1c00b520 40b005b3 sub              x11, x0, x11        x11=00000000 x11:00000000
23641052ns          445773 1c00b524 00b57533 and              x10, x10, x11       x10=00000000 x10:1c000144 x11:00000000
23641072ns          445774 1c00b526 00008067 jalr             x0, x1, 0            x1:1c00b73e
23641112ns          445776 1c00b73e 01300433 add              x8, x0, x19          x8=1c000111 x19:1c000111
23641132ns          445777 1c00b740 00050563 beq              x10, x0, 10         x10:00000000
23641213ns          445781 1c00b74a 06700693 addi             x13, x0, 103        x13=00000067
23641273ns          445784 1c00b74e 2896d963 bge              x13, x9, 658        x13:00000067  x9:00000064
23641373ns          445789 1c00b9e0 06500693 addi             x13, x0, 101        x13=00000065
23641413ns          445791 1c00b9e4 12d4d563 bge              x9, x13, 298         x9:00000064 x13:00000065
23641433ns          445792 1c00b9e8 04700693 addi             x13, x0, 71         x13=00000047
23641453ns          445793 1c00b9ec dc96cbe3 blt              x13, x9, -554       x13:00000047  x9:00000064
23641634ns          445802 1c00b7c2 06300693 addi             x13, x0, 99         x13=00000063
23641654ns          445803 1c00b7c6 0ad488e3 beq              x9, x13, 2224        x9:00000064 x13:00000063
23641674ns          445804 1c00b7ca 0096c9e3 blt              x13, x9, 2066       x13:00000063  x9:00000064
23642557ns          445848 1c00bfdc 000c2583 lw               x11, 0(x24)         x11=00000002 x24:100016ac  PA:100016ac
23642637ns          445852 1c00bfe0 004c0c13 addi             x24, x24, 4         x24=100016b0 x24:100016ac
23642677ns          445854 1c00bfe2 3405cc63 blt              x11, x0, 856        x11:00000002
23642698ns          445855 1c00bfe6 01412603 lw               x12, 20(x2)         x12=00000000  x2:10001558  PA:1000156c
23642718ns          445856 1c00bfe8 00b006b3 add              x13, x0, x11        x13=00000002 x11:00000002
23642738ns          445857 1c00bfea 2e061863 bne              x12, x0, 752        x12:00000000
23642758ns          445858 1c00bfee 01812703 lw               x14, 24(x2)         x14=00000000  x2:10001558  PA:10001570
23642778ns          445859 1c00bff0 019007b3 add              x15, x0, x25        x15=1000157c x25:1000157c
23642798ns          445860 1c00bff2 00070763 beq              x14, x0, 14         x14:00000000
23642898ns          445865 1c00c000 00f00733 add              x14, x0, x15        x14=1000157c x15:1000157c
23642918ns          445866 1c00c002 00a00513 addi             x10, x0, 10         x10=0000000a
23642938ns          445867 1c00c004 02a6f633 remu             x12, x13, x10       x12=00000002 x13:00000002 x10:0000000a
23643560ns          445898 1c00c008 02a6d6b3 divu             x13, x13, x10       x13=00000000 x13:00000002 x10:0000000a
23644182ns          445929 1c00c00c 03060613 addi             x12, x12, 48        x12=00000032 x12:00000002
23644202ns          445930 1c00c010 00c700ab p.sb             x12, 1(x14!)        x14=1000157d x12:00000032 x14:1000157c  PA:1000157c
23644222ns          445931 1c00c014 fe0698e3 bne              x13, x0, -16        x13:00000000
23644243ns          445932 1c00c016 40f706b3 sub              x13, x14, x15       x13=00000001 x14:1000157d x15:1000157c
23644263ns          445933 1c00c01a 0146dc63 bge              x13, x20, 24        x13:00000001 x20:ffffffff
23644383ns          445939 1c00c032 00e006b3 add              x13, x0, x14        x13=1000157d x14:1000157d
23644423ns          445941 1c00c034 fe068fab p.sb             x0, -1(x13!)        x13=1000157c x13:1000157d  PA:1000157d
23644443ns          445942 1c00c038 00d7fc63 bgeu             x15, x13, 24        x15:1000157c x13:1000157c
23644604ns          445950 1c00c050 01412783 lw               x15, 20(x2)         x15=00000000  x2:10001558  PA:1000156c
23644624ns          445951 1c00c052 01812603 lw               x12, 24(x2)         x12=00000000  x2:10001558  PA:10001570
23644644ns          445952 1c00c054 419704b3 sub              x9, x14, x25         x9=00000001 x14:1000157d x25:1000157c
23644664ns          445953 1c00c058 00c7e7b3 or               x15, x15, x12       x15=00000000 x15:00000000 x12:00000000
23644684ns          445954 1c00c05a 00f12623 sw               x15, 12(x2)         x15:00000000  x2:10001558  PA:10001564
23644724ns          445956 1c00c05c 00079363 bne              x15, x0, 6          x15:00000000
23644744ns          445957 1c00c05e 01f5d593 srli             x11, x11, 0x1f      x11=00000000 x11:00000002
23644764ns          445958 1c00c060 00b12623 sw               x11, 12(x2)         x11:00000000  x2:10001558  PA:10001564
23644784ns          445959 1c00c062 e3fa28e3 p.beqimm         x20, -464           x20:ffffffff
23645286ns          445984 1c00be92 0c800793 addi             x15, x0, 200        x15=000000c8
23645306ns          445985 1c00be96 9e97d0e3 bge              x15, x9, -1568      x15:000000c8  x9:00000001
23645908ns          446015 1c00b876 0f24d163 bge              x9, x18, 226         x9:00000001 x18:00000000
23646450ns          446042 1c00b958 d00482e3 beq              x9, x0, -764         x9:00000001
23646490ns          446044 1c00b95c 01900933 add              x18, x0, x25        x18=1000157c x25:1000157c
23646550ns          446047 1c00b95e 419d8db3 sub              x27, x27, x25       x27=efffea9b x27:00000017 x25:1000157c
23646570ns          446048 1c00b962 00a0006f jal              x0, 10             
23646610ns          446050 1c00b96c 0019450b p.lbu            x10, 1(x18!)        x10=00000032 x18=1000157d x18:1000157c  PA:1000157c
23646691ns          446054 1c00b970 01a005b3 add              x11, x0, x26        x11=00000002 x26:00000002
23646711ns          446055 1c00b972 000b00e7 jalr             x1, x22, 0           x1=1c00b974 x22:1c00b57a
23646791ns          446059 1c00b57a 000026b7 lui              x13, 0x2000         x13=00002000
23646831ns          446061 1c00b57c f14027f3 csrrs            x15, x0, 0xf14      x15=00000002
23646891ns          446064 1c00b580 f8068693 addi             x13, x13, -128      x13=00001f80 x13:00002000
23646931ns          446066 1c00b584 00379713 slli             x14, x15, 0x3       x14=00000010 x15:00000002
23646951ns          446067 1c00b588 00279793 slli             x15, x15, 0x2       x15=00000008 x15:00000002
23646971ns          446068 1c00b58a 00d7f7b3 and              x15, x15, x13       x15=00000000 x15:00000008 x13:00001f80
23646991ns          446069 1c00b58c ee873733 p.bclr           x14, x14, 23, 8     x14=00000010 x14:00000010
23647032ns          446071 1c00b590 1a10f6b7 lui              x13, 0x1a10f000     x13=1a10f000
23647072ns          446073 1c00b594 0ff57513 andi             x10, x10, 255       x10=00000032 x10:00000032
23647092ns          446074 1c00b598 00d70733 add              x14, x14, x13       x14=1a10f010 x14:00000010 x13:1a10f000
23647112ns          446075 1c00b59a 00a7e723 p.sw             x10, x0(x15)        x10:00000032 x15:00000000  PA:1a10f010
23647573ns          446098 1c00b59e 00000513 addi             x10, x0, 0          x10=00000000
23647593ns          446099 1c00b5a0 00008067 jalr             x0, x1, 0            x1:1c00b974
23647674ns          446103 1c00b974 fff48493 addi             x9, x9, -1           x9=00000000  x9:00000001
23647714ns          446105 1c00b976 fff537e3 p.bneimm         x10, -18            x10:00000000
23647834ns          446111 1c00b964 012d8733 add              x14, x27, x18       x14=00000018 x27:efffea9b x18:1000157d
23647854ns          446112 1c00b968 5a048b63 beq              x9, x0, 1462         x9:00000000
23648195ns          446129 1c00bf1e 00e00db3 add              x27, x0, x14        x27=00000018 x14:00000018
23648276ns          446133 1c00bf20 f3cff06f jal              x0, -2244          
23648356ns          446137 1c00b65c 00044503 lbu              x10, 0(x8)          x10=0000000a  x8:1c000111  PA:1c000111
23648677ns          446153 1c00b660 00140413 addi             x8, x8, 1            x8=1c000112  x8:1c000111
23648697ns          446154 1c00b662 00050e63 beq              x10, x0, 28         x10:0000000a
23648717ns          446155 1c00b664 02500793 addi             x15, x0, 37         x15=00000025
23648737ns          446156 1c00b668 04f50863 beq              x10, x15, 80        x10:0000000a x15:00000025
23648757ns          446157 1c00b66c 01a005b3 add              x11, x0, x26        x11=00000002 x26:00000002
23648777ns          446158 1c00b66e 000b00e7 jalr             x1, x22, 0           x1=1c00b670 x22:1c00b57a
23648878ns          446163 1c00b57a 000026b7 lui              x13, 0x2000         x13=00002000
23648918ns          446165 1c00b57c f14027f3 csrrs            x15, x0, 0xf14      x15=00000002
23648938ns          446166 1c00b580 f8068693 addi             x13, x13, -128      x13=00001f80 x13:00002000
23648958ns          446167 1c00b584 00379713 slli             x14, x15, 0x3       x14=00000010 x15:00000002
23648978ns          446168 1c00b588 00279793 slli             x15, x15, 0x2       x15=00000008 x15:00000002
23648998ns          446169 1c00b58a 00d7f7b3 and              x15, x15, x13       x15=00000000 x15:00000008 x13:00001f80
23649018ns          446170 1c00b58c ee873733 p.bclr           x14, x14, 23, 8     x14=00000010 x14:00000010
23649038ns          446171 1c00b590 1a10f6b7 lui              x13, 0x1a10f000     x13=1a10f000
23649058ns          446172 1c00b594 0ff57513 andi             x10, x10, 255       x10=0000000a x10:0000000a
23649078ns          446173 1c00b598 00d70733 add              x14, x14, x13       x14=1a10f010 x14:00000010 x13:1a10f000
23649098ns          446174 1c00b59a 00a7e723 p.sw             x10, x0(x15)        x10:0000000a x15:00000000  PA:1a10f010
23649419ns          446190 1c00b59e 00000513 addi             x10, x0, 0          x10=00000000
23649439ns          446191 1c00b5a0 00008067 jalr             x0, x1, 0            x1:1c00b670
23649480ns          446193 1c00b670 31f52563 p.beqimm         x10, 778            x10:00000000
23649500ns          446194 1c00b674 001d8d93 addi             x27, x27, 1         x27=00000019 x27:00000018
23649520ns          446195 1c00b676 00044503 lbu              x10, 0(x8)          x10=00000000  x8:1c000112  PA:1c000112
23649821ns          446210 1c00b67a 00140413 addi             x8, x8, 1            x8=1c000113  x8:1c000112
23649841ns          446211 1c00b67c fe0514e3 bne              x10, x0, -24        x10:00000000
23649861ns          446212 1c00b67e 01b00433 add              x8, x0, x27          x8=00000019 x27:00000019
23649881ns          446213 1c00b680 00800533 add              x10, x0, x8         x10=00000019  x8:00000019
23649901ns          446214 1c00b682 12c12083 lw               x1, 300(x2)          x1=1c00b60e  x2:10001558  PA:10001684
23649921ns          446215 1c00b686 12812403 lw               x8, 296(x2)          x8=4896956c  x2:10001558  PA:10001680
23649941ns          446216 1c00b68a 12412483 lw               x9, 292(x2)          x9=100016f0  x2:10001558  PA:1000167c
23650001ns          446219 1c00b68e 12012903 lw               x18, 288(x2)        x18=1c010064  x2:10001558  PA:10001678
23650041ns          446221 1c00b692 11c12983 lw               x19, 284(x2)        x19=1c010060  x2:10001558  PA:10001674
23650061ns          446222 1c00b696 11812a03 lw               x20, 280(x2)        x20=00000002  x2:10001558  PA:10001670
23650082ns          446223 1c00b69a 11412a83 lw               x21, 276(x2)        x21=4cbebc20  x2:10001558  PA:1000166c
23650383ns          446238 1c00b69e 11012b03 lw               x22, 272(x2)        x22=100016e0  x2:10001558  PA:10001668
23650423ns          446240 1c00b6a2 10c12b83 lw               x23, 268(x2)        x23=100016f0  x2:10001558  PA:10001664
23650443ns          446241 1c00b6a6 10812c03 lw               x24, 264(x2)        x24=489694fd  x2:10001558  PA:10001660
23650463ns          446242 1c00b6aa 10412c83 lw               x25, 260(x2)        x25=00000002  x2:10001558  PA:1000165c
23650523ns          446245 1c00b6ae 10012d03 lw               x26, 256(x2)        x26=00000001  x2:10001558  PA:10001658
23650543ns          446246 1c00b6b2 0fc12d83 lw               x27, 252(x2)        x27=489695c3  x2:10001558  PA:10001654
23650563ns          446247 1c00b6b4 13010113 addi             x2, x2, 304          x2=10001688  x2:10001558
23650583ns          446248 1c00b6b6 00008067 jalr             x0, x1, 0            x1:1c00b60e
23650663ns          446252 1c00b60e 01c12083 lw               x1, 28(x2)           x1=1c00aec0  x2:10001688  PA:100016a4
23650744ns          446256 1c00b610 04010113 addi             x2, x2, 64           x2=100016c8  x2:10001688
23650764ns          446257 1c00b612 00008067 jalr             x0, x1, 0            x1:1c00aec0
23650844ns          446261 1c00aec0 001d4513 xori             x10, x26, 1         x10=00000000 x26:00000001
23650884ns          446263 1c00aec4 12c12083 lw               x1, 300(x2)          x1=1c00c8ac  x2:100016c8  PA:100017f4
23650904ns          446264 1c00aec8 12812403 lw               x8, 296(x2)          x8=xxxxxxxx  x2:100016c8  PA:100017f0
23650924ns          446265 1c00aecc 12412483 lw               x9, 292(x2)          x9=xxxxxxxx  x2:100016c8  PA:100017ec
23651245ns          446281 1c00aed0 12012903 lw               x18, 288(x2)        x18=xxxxxxxx  x2:100016c8  PA:100017e8
23651285ns          446283 1c00aed4 11c12983 lw               x19, 284(x2)        x19=xxxxxxxx  x2:100016c8  PA:100017e4
23651306ns          446284 1c00aed8 11812a03 lw               x20, 280(x2)        x20=xxxxxxxx  x2:100016c8  PA:100017e0
23651326ns          446285 1c00aedc 11412a83 lw               x21, 276(x2)        x21=xxxxxxxx  x2:100016c8  PA:100017dc
23651787ns          446308 1c00aee0 11012b03 lw               x22, 272(x2)        x22=xxxxxxxx  x2:100016c8  PA:100017d8
23651827ns          446310 1c00aee4 10c12b83 lw               x23, 268(x2)        x23=xxxxxxxx  x2:100016c8  PA:100017d4
23651847ns          446311 1c00aee8 10812c03 lw               x24, 264(x2)        x24=xxxxxxxx  x2:100016c8  PA:100017d0
23651867ns          446312 1c00aeec 10412c83 lw               x25, 260(x2)        x25=xxxxxxxx  x2:100016c8  PA:100017cc
23651928ns          446315 1c00aef0 10012d03 lw               x26, 256(x2)        x26=xxxxxxxx  x2:100016c8  PA:100017c8
23651968ns          446317 1c00aef4 0fc12d83 lw               x27, 252(x2)        x27=xxxxxxxx  x2:100016c8  PA:100017c4
23651988ns          446318 1c00aef6 13010113 addi             x2, x2, 304          x2=100017f8  x2:100016c8
23652008ns          446319 1c00aef8 00008067 jalr             x0, x1, 0            x1:1c00c8ac
23652509ns          446344 1c00c8ac f14027f3 csrrs            x15, x0, 0xf14      x15=00000002
23652951ns          446366 1c00c8b0 f457b7b3 p.bclr           x15, x15, 26, 5     x15=00000002 x15:00000002
23652991ns          446368 1c00c8b4 00079963 bne              x15, x0, 18         x15:00000002
23653513ns          446394 1c00c8c6 002047b7 lui              x15, 0x204000       x15=00204000
23653533ns          446395 1c00c8ca fff00713 addi             x14, x0, -1         x14=ffffffff
23653553ns          446396 1c00c8cc 00e7a223 sw               x14, 4(x15)         x14:ffffffff x15:00204000  PA:00204004
