                Time          Cycles PC       Instr    Mnemonic
15448114ns          251570 1c008080 0640006f jal              x0, 100            
15448571ns          251593 1c0080e4 f1402573 csrrs            x10, x0, 0xf14      x10=00000001
15448611ns          251595 1c0080e8 01f57593 andi             x11, x10, 31        x11=00000001 x10:00000001
15448631ns          251596 1c0080ec 00555513 srli             x10, x10, 0x5       x10=00000000 x10:00000001
15448651ns          251597 1c0080ee 01f00613 addi             x12, x0, 31         x12=0000001f
15449069ns          251618 1c0080f0 00c50463 beq              x10, x12, 8         x10:00000000 x12:0000001f
15449108ns          251620 1c0080f4 fa1ff06f jal              x0, -96            
15449586ns          251644 1c008094 f3ff8117 auipc            x2, 0xf3ff8000       x2=10000094
15449626ns          251646 1c008098 f7010113 addi             x2, x2, -144         x2=10000004  x2:10000094
15449645ns          251647 1c00809c 00012103 lw               x2, 0(x2)            x2=10000008  x2:10000004  PA:10000004
15450083ns          251669 1c0080a0 000011b7 lui              x3, 0x1000           x3=00001000
15450123ns          251671 1c0080a4 80018193 addi             x3, x3, -2048        x3=00000800  x3:00001000
15450143ns          251672 1c0080a8 00158593 addi             x11, x11, 1         x11=00000002 x11:00000001
15450163ns          251673 1c0080ac 02b180b3 mul              x1, x3, x11          x1=00001000  x3:00000800 x11:00000002
15450600ns          251695 1c0080b0 00110133 add              x2, x2, x1           x2=10001008  x2:10000008  x1:00001000
15450640ns          251697 1c0080b4 6fe0206f jal              x0, 9982           
15451097ns          251720 1c00a7b2 ff010113 addi             x2, x2, -16          x2=10000ff8  x2:10001008
15451137ns          251722 1c00a7b4 00112623 sw               x1, 12(x2)           x1:00001000  x2:10000ff8  PA:10001004
15451157ns          251723 1c00a7b6 002047b7 lui              x15, 0x204000       x15=00204000
15451177ns          251724 1c00a7ba 00070737 lui              x14, 0x70000        x14=00070000
15451197ns          251725 1c00a7be 00e7a423 sw               x14, 8(x15)         x14:00070000 x15:00204000  PA:00204008
15451615ns          251746 1c00a7c0 00f00713 addi             x14, x0, 15         x14=0000000f
15451654ns          251748 1c00a7c2 20078793 addi             x15, x15, 512       x15=00204200 x15:00204000
15451674ns          251749 1c00a7c6 00e7a023 sw               x14, 0(x15)         x14:0000000f x15:00204200  PA:00204200
15451694ns          251750 1c00a7ca 00e7a623 sw               x14, 12(x15)        x14:0000000f x15:00204200  PA:0020420c
15452152ns          251773 1c00a7ce 1c0017b7 lui              x15, 0x1c001000     x15=1c001000
15452191ns          251775 1c00a7d2 b647a783 lw               x15, -1180(x15)     x15=1c008816 x15:1c001000  PA:1c000b64
15452530ns          251792 1c00a7d6 000780e7 jalr             x1, x15, 0           x1=1c00a7d8 x15:1c008816
15453146ns          251823 1c008816 e5010113 addi             x2, x2, -432         x2=10000e48  x2:10000ff8
15453186ns          251825 1c008818 1a912223 sw               x9, 420(x2)          x9:xxxxxxxx  x2:10000e48  PA:10000fec
15453206ns          251826 1c00881c 1a112623 sw               x1, 428(x2)          x1:1c00a7d8  x2:10000e48  PA:10000ff4
15453643ns          251848 1c008820 f14024f3 csrrs            x9, x0, 0xf14        x9=00000001
15453683ns          251850 1c008824 1a812423 sw               x8, 424(x2)          x8:xxxxxxxx  x2:10000e48  PA:10000ff0
15453703ns          251851 1c008828 1b212023 sw               x18, 416(x2)        x18:xxxxxxxx  x2:10000e48  PA:10000fe8
15453723ns          251852 1c00882c 19312e23 sw               x19, 412(x2)        x19:xxxxxxxx  x2:10000e48  PA:10000fe4
15454161ns          251874 1c008830 19412c23 sw               x20, 408(x2)        x20:xxxxxxxx  x2:10000e48  PA:10000fe0
15454200ns          251876 1c008834 19512a23 sw               x21, 404(x2)        x21:xxxxxxxx  x2:10000e48  PA:10000fdc
15454220ns          251877 1c008838 19612823 sw               x22, 400(x2)        x22:xxxxxxxx  x2:10000e48  PA:10000fd8
15454240ns          251878 1c00883c ca5497b3 p.extractu       x15, x9, 5, 5       x15=00000000  x9:00000001
15454678ns          251900 1c008840 30079763 bne              x15, x0, 782        x15:00000000
15454718ns          251902 1c008844 f454b4b3 p.bclr           x9, x9, 26, 5        x9=00000001  x9:00000001
15454737ns          251903 1c008848 1c000537 lui              x10, 0x1c000000     x10=1c000000
15454757ns          251904 1c00884c 00900633 add              x12, x0, x9         x12=00000001  x9:00000001
15454777ns          251905 1c00884e 00100593 addi             x11, x0, 1          x11=00000001
15455195ns          251926 1c008850 05c50513 addi             x10, x10, 92        x10=1c00005c x10:1c000000
15455235ns          251928 1c008854 4bf000ef jal              x1, 3262             x1=1c008858
15455692ns          251951 1c009512 fc010113 addi             x2, x2, -64          x2=10000e08  x2:10000e48
15455732ns          251953 1c009514 02410313 addi             x6, x2, 36           x6=10000e2c  x2:10000e08
15455752ns          251954 1c009518 02c12423 sw               x12, 40(x2)         x12:00000001  x2:10000e08  PA:10000e30
15455772ns          251955 1c00951a 00a00633 add              x12, x0, x10        x12=1c00005c x10:1c00005c
15455792ns          251956 1c00951c 1c009537 lui              x10, 0x1c009000     x10=1c009000
15456229ns          251978 1c009520 02b12223 sw               x11, 36(x2)         x11:00000001  x2:10000e08  PA:10000e2c
15456249ns          251979 1c009522 02d12623 sw               x13, 44(x2)         x13:xxxxxxxx  x2:10000e08  PA:10000e34
15456269ns          251980 1c009524 00200593 addi             x11, x0, 2          x11=00000002
15456289ns          251981 1c009526 006006b3 add              x13, x0, x6         x13=10000e2c  x6:10000e2c
15456309ns          251982 1c009528 4a650513 addi             x10, x10, 1190      x10=1c0094a6 x10:1c009000
15456329ns          251983 1c00952c 00112e23 sw               x1, 28(x2)           x1:1c008858  x2:10000e08  PA:10000e24
15456349ns          251984 1c00952e 02e12823 sw               x14, 48(x2)         x14:0000000f  x2:10000e08  PA:10000e38
15456746ns          252004 1c009530 02f12a23 sw               x15, 52(x2)         x15:00000000  x2:10000e08  PA:10000e3c
15456766ns          252005 1c009532 03012c23 sw               x16, 56(x2)         x16:xxxxxxxx  x2:10000e08  PA:10000e40
15456786ns          252006 1c009534 03112e23 sw               x17, 60(x2)         x17:xxxxxxxx  x2:10000e08  PA:10000e44
15456806ns          252007 1c009536 00612623 sw               x6, 12(x2)           x6:10000e2c  x2:10000e08  PA:10000e14
15456826ns          252008 1c009538 fbfff0ef jal              x1, -66              x1=1c00953a
15457721ns          252053 1c0094f6 04a0006f jal              x0, 74             
15457761ns          252055 1c009540 ed010113 addi             x2, x2, -304         x2=10000cd8  x2:10000e08
15457781ns          252056 1c009542 12812423 sw               x8, 296(x2)          x8:xxxxxxxx  x2:10000cd8  PA:10000e00
15457801ns          252057 1c009546 00000413 addi             x8, x0, 0            x8=00000000
15457821ns          252058 1c009548 11612823 sw               x22, 272(x2)        x22:xxxxxxxx  x2:10000cd8  PA:10000de8
15457840ns          252059 1c00954c 11712623 sw               x23, 268(x2)        x23:xxxxxxxx  x2:10000cd8  PA:10000de4
15458258ns          252080 1c009550 11812423 sw               x24, 264(x2)        x24:xxxxxxxx  x2:10000cd8  PA:10000de0
15458298ns          252082 1c009554 11912223 sw               x25, 260(x2)        x25:xxxxxxxx  x2:10000cd8  PA:10000ddc
15458318ns          252083 1c009558 11a12023 sw               x26, 256(x2)        x26:xxxxxxxx  x2:10000cd8  PA:10000dd8
15458338ns          252084 1c00955c 0fb12e23 sw               x27, 252(x2)        x27:xxxxxxxx  x2:10000cd8  PA:10000dd4
15458795ns          252107 1c00955e 12112623 sw               x1, 300(x2)          x1:1c00953a  x2:10000cd8  PA:10000e04
15458815ns          252108 1c009562 00800db3 add              x27, x0, x8         x27=00000000  x8:00000000
15458835ns          252109 1c009564 12912223 sw               x9, 292(x2)          x9:00000001  x2:10000cd8  PA:10000dfc
15458855ns          252110 1c009568 13212023 sw               x18, 288(x2)        x18:xxxxxxxx  x2:10000cd8  PA:10000df8
15458875ns          252111 1c00956c 11312e23 sw               x19, 284(x2)        x19:xxxxxxxx  x2:10000cd8  PA:10000df4
15459312ns          252133 1c009570 11412c23 sw               x20, 280(x2)        x20:xxxxxxxx  x2:10000cd8  PA:10000df0
15459352ns          252135 1c009574 11512a23 sw               x21, 276(x2)        x21:xxxxxxxx  x2:10000cd8  PA:10000dec
15459372ns          252136 1c009578 00a00b33 add              x22, x0, x10        x22=1c0094a6 x10:1c0094a6
15459392ns          252137 1c00957a 00b00d33 add              x26, x0, x11        x26=00000002 x11:00000002
15459412ns          252138 1c00957c 00d00c33 add              x24, x0, x13        x24=10000e2c x13:10000e2c
15459829ns          252159 1c00957e 1c000bb7 lui              x23, 0x1c000000     x23=1c000000
15459869ns          252161 1c009582 02410c93 addi             x25, x2, 36         x25=10000cfc  x2:10000cd8
15459889ns          252162 1c009586 00c00433 add              x8, x0, x12          x8=1c00005c x12:1c00005c
15459909ns          252163 1c009588 00044503 lbu              x10, 0(x8)          x10=00000073  x8:1c00005c  PA:1c00005c
15460327ns          252184 1c00958c 00140413 addi             x8, x8, 1            x8=1c00005d  x8:1c00005c
15460347ns          252185 1c00958e 00050e63 beq              x10, x0, 28         x10:00000073
15460367ns          252186 1c009590 02500793 addi             x15, x0, 37         x15=00000025
15460386ns          252187 1c009594 04f50863 beq              x10, x15, 80        x10:00000073 x15:00000025
15460406ns          252188 1c009598 01a005b3 add              x11, x0, x26        x11=00000002 x26:00000002
15460426ns          252189 1c00959a 000b00e7 jalr             x1, x22, 0           x1=1c00959c x22:1c0094a6
15461381ns          252237 1c0094a6 000026b7 lui              x13, 0x2000         x13=00002000
15461421ns          252239 1c0094a8 f14027f3 csrrs            x15, x0, 0xf14      x15=00000001
15461441ns          252240 1c0094ac f8068693 addi             x13, x13, -128      x13=00001f80 x13:00002000
15461878ns          252262 1c0094b0 00379713 slli             x14, x15, 0x3       x14=00000008 x15:00000001
15461918ns          252264 1c0094b4 00279793 slli             x15, x15, 0x2       x15=00000004 x15:00000001
15461938ns          252265 1c0094b6 00d7f7b3 and              x15, x15, x13       x15=00000000 x15:00000004 x13:00001f80
15461958ns          252266 1c0094b8 ee873733 p.bclr           x14, x14, 23, 8     x14=00000008 x14:00000008
15461978ns          252267 1c0094bc 1a10f6b7 lui              x13, 0x1a10f000     x13=1a10f000
15462395ns          252288 1c0094c0 0ff57513 andi             x10, x10, 255       x10=00000073 x10:00000073
15462435ns          252290 1c0094c4 00d70733 add              x14, x14, x13       x14=1a10f008 x14:00000008 x13:1a10f000
15462455ns          252291 1c0094c6 00a7e723 p.sw             x10, x0(x15)        x10:00000073 x15:00000000  PA:1a10f008
15462833ns          252310 1c0094ca 00000513 addi             x10, x0, 0          x10=00000000
15462853ns          252311 1c0094cc 00008067 jalr             x0, x1, 0            x1:1c00959c
15462972ns          252317 1c00959c 31f52563 p.beqimm         x10, 778            x10:00000000
15463032ns          252320 1c0095a0 001d8d93 addi             x27, x27, 1         x27=00000001 x27:00000000
15463072ns          252322 1c0095a2 00044503 lbu              x10, 0(x8)          x10=00000074  x8:1c00005d  PA:1c00005d
15463370ns          252337 1c0095a6 00140413 addi             x8, x8, 1            x8=1c00005e  x8:1c00005d
15463390ns          252338 1c0095a8 fe0514e3 bne              x10, x0, -24        x10:00000074
15463609ns          252349 1c009590 02500793 addi             x15, x0, 37         x15=00000025
15463629ns          252350 1c009594 04f50863 beq              x10, x15, 80        x10:00000074 x15:00000025
15463649ns          252351 1c009598 01a005b3 add              x11, x0, x26        x11=00000002 x26:00000002
15463668ns          252352 1c00959a 000b00e7 jalr             x1, x22, 0           x1=1c00959c x22:1c0094a6
15463708ns          252354 1c0094a6 000026b7 lui              x13, 0x2000         x13=00002000
15463728ns          252355 1c0094a8 f14027f3 csrrs            x15, x0, 0xf14      x15=00000001
15463748ns          252356 1c0094ac f8068693 addi             x13, x13, -128      x13=00001f80 x13:00002000
15463768ns          252357 1c0094b0 00379713 slli             x14, x15, 0x3       x14=00000008 x15:00000001
15463788ns          252358 1c0094b4 00279793 slli             x15, x15, 0x2       x15=00000004 x15:00000001
15463808ns          252359 1c0094b6 00d7f7b3 and              x15, x15, x13       x15=00000000 x15:00000004 x13:00001f80
15463828ns          252360 1c0094b8 ee873733 p.bclr           x14, x14, 23, 8     x14=00000008 x14:00000008
15463847ns          252361 1c0094bc 1a10f6b7 lui              x13, 0x1a10f000     x13=1a10f000
15463867ns          252362 1c0094c0 0ff57513 andi             x10, x10, 255       x10=00000074 x10:00000074
15463887ns          252363 1c0094c4 00d70733 add              x14, x14, x13       x14=1a10f008 x14:00000008 x13:1a10f000
15463907ns          252364 1c0094c6 00a7e723 p.sw             x10, x0(x15)        x10:00000074 x15:00000000  PA:1a10f008
15464265ns          252382 1c0094ca 00000513 addi             x10, x0, 0          x10=00000000
15464285ns          252383 1c0094cc 00008067 jalr             x0, x1, 0            x1:1c00959c
15464325ns          252385 1c00959c 31f52563 p.beqimm         x10, 778            x10:00000000
15464345ns          252386 1c0095a0 001d8d93 addi             x27, x27, 1         x27=00000002 x27:00000001
15464365ns          252387 1c0095a2 00044503 lbu              x10, 0(x8)          x10=00000061  x8:1c00005e  PA:1c00005e
15464663ns          252402 1c0095a6 00140413 addi             x8, x8, 1            x8=1c00005f  x8:1c00005e
15464683ns          252403 1c0095a8 fe0514e3 bne              x10, x0, -24        x10:00000061
15464743ns          252406 1c009590 02500793 addi             x15, x0, 37         x15=00000025
15464762ns          252407 1c009594 04f50863 beq              x10, x15, 80        x10:00000061 x15:00000025
15464782ns          252408 1c009598 01a005b3 add              x11, x0, x26        x11=00000002 x26:00000002
15464802ns          252409 1c00959a 000b00e7 jalr             x1, x22, 0           x1=1c00959c x22:1c0094a6
15464842ns          252411 1c0094a6 000026b7 lui              x13, 0x2000         x13=00002000
15464862ns          252412 1c0094a8 f14027f3 csrrs            x15, x0, 0xf14      x15=00000001
15464882ns          252413 1c0094ac f8068693 addi             x13, x13, -128      x13=00001f80 x13:00002000
15464902ns          252414 1c0094b0 00379713 slli             x14, x15, 0x3       x14=00000008 x15:00000001
15464922ns          252415 1c0094b4 00279793 slli             x15, x15, 0x2       x15=00000004 x15:00000001
15464941ns          252416 1c0094b6 00d7f7b3 and              x15, x15, x13       x15=00000000 x15:00000004 x13:00001f80
15464961ns          252417 1c0094b8 ee873733 p.bclr           x14, x14, 23, 8     x14=00000008 x14:00000008
15464981ns          252418 1c0094bc 1a10f6b7 lui              x13, 0x1a10f000     x13=1a10f000
15465001ns          252419 1c0094c0 0ff57513 andi             x10, x10, 255       x10=00000061 x10:00000061
15465021ns          252420 1c0094c4 00d70733 add              x14, x14, x13       x14=1a10f008 x14:00000008 x13:1a10f000
15465041ns          252421 1c0094c6 00a7e723 p.sw             x10, x0(x15)        x10:00000061 x15:00000000  PA:1a10f008
15465379ns          252438 1c0094ca 00000513 addi             x10, x0, 0          x10=00000000
15465399ns          252439 1c0094cc 00008067 jalr             x0, x1, 0            x1:1c00959c
15465439ns          252441 1c00959c 31f52563 p.beqimm         x10, 778            x10:00000000
15465459ns          252442 1c0095a0 001d8d93 addi             x27, x27, 1         x27=00000003 x27:00000002
15465478ns          252443 1c0095a2 00044503 lbu              x10, 0(x8)          x10=00000072  x8:1c00005f  PA:1c00005f
15465777ns          252458 1c0095a6 00140413 addi             x8, x8, 1            x8=1c000060  x8:1c00005f
15465797ns          252459 1c0095a8 fe0514e3 bne              x10, x0, -24        x10:00000072
15465856ns          252462 1c009590 02500793 addi             x15, x0, 37         x15=00000025
15465876ns          252463 1c009594 04f50863 beq              x10, x15, 80        x10:00000072 x15:00000025
15465896ns          252464 1c009598 01a005b3 add              x11, x0, x26        x11=00000002 x26:00000002
15465916ns          252465 1c00959a 000b00e7 jalr             x1, x22, 0           x1=1c00959c x22:1c0094a6
15465956ns          252467 1c0094a6 000026b7 lui              x13, 0x2000         x13=00002000
15465976ns          252468 1c0094a8 f14027f3 csrrs            x15, x0, 0xf14      x15=00000001
15465996ns          252469 1c0094ac f8068693 addi             x13, x13, -128      x13=00001f80 x13:00002000
15466016ns          252470 1c0094b0 00379713 slli             x14, x15, 0x3       x14=00000008 x15:00000001
15466035ns          252471 1c0094b4 00279793 slli             x15, x15, 0x2       x15=00000004 x15:00000001
15466055ns          252472 1c0094b6 00d7f7b3 and              x15, x15, x13       x15=00000000 x15:00000004 x13:00001f80
15466075ns          252473 1c0094b8 ee873733 p.bclr           x14, x14, 23, 8     x14=00000008 x14:00000008
15466095ns          252474 1c0094bc 1a10f6b7 lui              x13, 0x1a10f000     x13=1a10f000
15466115ns          252475 1c0094c0 0ff57513 andi             x10, x10, 255       x10=00000072 x10:00000072
15466135ns          252476 1c0094c4 00d70733 add              x14, x14, x13       x14=1a10f008 x14:00000008 x13:1a10f000
15466155ns          252477 1c0094c6 00a7e723 p.sw             x10, x0(x15)        x10:00000072 x15:00000000  PA:1a10f008
15466473ns          252493 1c0094ca 00000513 addi             x10, x0, 0          x10=00000000
15466493ns          252494 1c0094cc 00008067 jalr             x0, x1, 0            x1:1c00959c
15466533ns          252496 1c00959c 31f52563 p.beqimm         x10, 778            x10:00000000
15466553ns          252497 1c0095a0 001d8d93 addi             x27, x27, 1         x27=00000004 x27:00000003
15466572ns          252498 1c0095a2 00044503 lbu              x10, 0(x8)          x10=00000074  x8:1c000060  PA:1c000060
15466871ns          252513 1c0095a6 00140413 addi             x8, x8, 1            x8=1c000061  x8:1c000060
15466891ns          252514 1c0095a8 fe0514e3 bne              x10, x0, -24        x10:00000074
15466950ns          252517 1c009590 02500793 addi             x15, x0, 37         x15=00000025
15466970ns          252518 1c009594 04f50863 beq              x10, x15, 80        x10:00000074 x15:00000025
15466990ns          252519 1c009598 01a005b3 add              x11, x0, x26        x11=00000002 x26:00000002
15467010ns          252520 1c00959a 000b00e7 jalr             x1, x22, 0           x1=1c00959c x22:1c0094a6
15467050ns          252522 1c0094a6 000026b7 lui              x13, 0x2000         x13=00002000
15467070ns          252523 1c0094a8 f14027f3 csrrs            x15, x0, 0xf14      x15=00000001
15467090ns          252524 1c0094ac f8068693 addi             x13, x13, -128      x13=00001f80 x13:00002000
15467110ns          252525 1c0094b0 00379713 slli             x14, x15, 0x3       x14=00000008 x15:00000001
15467129ns          252526 1c0094b4 00279793 slli             x15, x15, 0x2       x15=00000004 x15:00000001
15467149ns          252527 1c0094b6 00d7f7b3 and              x15, x15, x13       x15=00000000 x15:00000004 x13:00001f80
15467169ns          252528 1c0094b8 ee873733 p.bclr           x14, x14, 23, 8     x14=00000008 x14:00000008
15467189ns          252529 1c0094bc 1a10f6b7 lui              x13, 0x1a10f000     x13=1a10f000
15467209ns          252530 1c0094c0 0ff57513 andi             x10, x10, 255       x10=00000074 x10:00000074
15467229ns          252531 1c0094c4 00d70733 add              x14, x14, x13       x14=1a10f008 x14:00000008 x13:1a10f000
15467249ns          252532 1c0094c6 00a7e723 p.sw             x10, x0(x15)        x10:00000074 x15:00000000  PA:1a10f008
15467567ns          252548 1c0094ca 00000513 addi             x10, x0, 0          x10=00000000
15467587ns          252549 1c0094cc 00008067 jalr             x0, x1, 0            x1:1c00959c
15467627ns          252551 1c00959c 31f52563 p.beqimm         x10, 778            x10:00000000
15467647ns          252552 1c0095a0 001d8d93 addi             x27, x27, 1         x27=00000005 x27:00000004
15467666ns          252553 1c0095a2 00044503 lbu              x10, 0(x8)          x10=00000069  x8:1c000061  PA:1c000061
15467985ns          252569 1c0095a6 00140413 addi             x8, x8, 1            x8=1c000062  x8:1c000061
15468005ns          252570 1c0095a8 fe0514e3 bne              x10, x0, -24        x10:00000069
15468064ns          252573 1c009590 02500793 addi             x15, x0, 37         x15=00000025
15468084ns          252574 1c009594 04f50863 beq              x10, x15, 80        x10:00000069 x15:00000025
15468104ns          252575 1c009598 01a005b3 add              x11, x0, x26        x11=00000002 x26:00000002
15468124ns          252576 1c00959a 000b00e7 jalr             x1, x22, 0           x1=1c00959c x22:1c0094a6
15468164ns          252578 1c0094a6 000026b7 lui              x13, 0x2000         x13=00002000
15468184ns          252579 1c0094a8 f14027f3 csrrs            x15, x0, 0xf14      x15=00000001
15468204ns          252580 1c0094ac f8068693 addi             x13, x13, -128      x13=00001f80 x13:00002000
15468223ns          252581 1c0094b0 00379713 slli             x14, x15, 0x3       x14=00000008 x15:00000001
15468243ns          252582 1c0094b4 00279793 slli             x15, x15, 0x2       x15=00000004 x15:00000001
15468263ns          252583 1c0094b6 00d7f7b3 and              x15, x15, x13       x15=00000000 x15:00000004 x13:00001f80
15468283ns          252584 1c0094b8 ee873733 p.bclr           x14, x14, 23, 8     x14=00000008 x14:00000008
15468303ns          252585 1c0094bc 1a10f6b7 lui              x13, 0x1a10f000     x13=1a10f000
15468323ns          252586 1c0094c0 0ff57513 andi             x10, x10, 255       x10=00000069 x10:00000069
15468343ns          252587 1c0094c4 00d70733 add              x14, x14, x13       x14=1a10f008 x14:00000008 x13:1a10f000
15468363ns          252588 1c0094c6 00a7e723 p.sw             x10, x0(x15)        x10:00000069 x15:00000000  PA:1a10f008
15468681ns          252604 1c0094ca 00000513 addi             x10, x0, 0          x10=00000000
15468701ns          252605 1c0094cc 00008067 jalr             x0, x1, 0            x1:1c00959c
15468741ns          252607 1c00959c 31f52563 p.beqimm         x10, 778            x10:00000000
15468760ns          252608 1c0095a0 001d8d93 addi             x27, x27, 1         x27=00000006 x27:00000005
15468780ns          252609 1c0095a2 00044503 lbu              x10, 0(x8)          x10=0000006e  x8:1c000062  PA:1c000062
15469079ns          252624 1c0095a6 00140413 addi             x8, x8, 1            x8=1c000063  x8:1c000062
15469099ns          252625 1c0095a8 fe0514e3 bne              x10, x0, -24        x10:0000006e
15469158ns          252628 1c009590 02500793 addi             x15, x0, 37         x15=00000025
15469178ns          252629 1c009594 04f50863 beq              x10, x15, 80        x10:0000006e x15:00000025
15469198ns          252630 1c009598 01a005b3 add              x11, x0, x26        x11=00000002 x26:00000002
15469218ns          252631 1c00959a 000b00e7 jalr             x1, x22, 0           x1=1c00959c x22:1c0094a6
15469258ns          252633 1c0094a6 000026b7 lui              x13, 0x2000         x13=00002000
15469278ns          252634 1c0094a8 f14027f3 csrrs            x15, x0, 0xf14      x15=00000001
15469297ns          252635 1c0094ac f8068693 addi             x13, x13, -128      x13=00001f80 x13:00002000
15469317ns          252636 1c0094b0 00379713 slli             x14, x15, 0x3       x14=00000008 x15:00000001
15469337ns          252637 1c0094b4 00279793 slli             x15, x15, 0x2       x15=00000004 x15:00000001
15469357ns          252638 1c0094b6 00d7f7b3 and              x15, x15, x13       x15=00000000 x15:00000004 x13:00001f80
15469377ns          252639 1c0094b8 ee873733 p.bclr           x14, x14, 23, 8     x14=00000008 x14:00000008
15469397ns          252640 1c0094bc 1a10f6b7 lui              x13, 0x1a10f000     x13=1a10f000
15469417ns          252641 1c0094c0 0ff57513 andi             x10, x10, 255       x10=0000006e x10:0000006e
15469437ns          252642 1c0094c4 00d70733 add              x14, x14, x13       x14=1a10f008 x14:00000008 x13:1a10f000
15469457ns          252643 1c0094c6 00a7e723 p.sw             x10, x0(x15)        x10:0000006e x15:00000000  PA:1a10f008
15469775ns          252659 1c0094ca 00000513 addi             x10, x0, 0          x10=00000000
15469795ns          252660 1c0094cc 00008067 jalr             x0, x1, 0            x1:1c00959c
15469835ns          252662 1c00959c 31f52563 p.beqimm         x10, 778            x10:00000000
15469854ns          252663 1c0095a0 001d8d93 addi             x27, x27, 1         x27=00000007 x27:00000006
15469874ns          252664 1c0095a2 00044503 lbu              x10, 0(x8)          x10=00000067  x8:1c000063  PA:1c000063
15470173ns          252679 1c0095a6 00140413 addi             x8, x8, 1            x8=1c000064  x8:1c000063
15470193ns          252680 1c0095a8 fe0514e3 bne              x10, x0, -24        x10:00000067
15470252ns          252683 1c009590 02500793 addi             x15, x0, 37         x15=00000025
15470272ns          252684 1c009594 04f50863 beq              x10, x15, 80        x10:00000067 x15:00000025
15470292ns          252685 1c009598 01a005b3 add              x11, x0, x26        x11=00000002 x26:00000002
15470312ns          252686 1c00959a 000b00e7 jalr             x1, x22, 0           x1=1c00959c x22:1c0094a6
15470352ns          252688 1c0094a6 000026b7 lui              x13, 0x2000         x13=00002000
15470372ns          252689 1c0094a8 f14027f3 csrrs            x15, x0, 0xf14      x15=00000001
15470391ns          252690 1c0094ac f8068693 addi             x13, x13, -128      x13=00001f80 x13:00002000
15470411ns          252691 1c0094b0 00379713 slli             x14, x15, 0x3       x14=00000008 x15:00000001
15470431ns          252692 1c0094b4 00279793 slli             x15, x15, 0x2       x15=00000004 x15:00000001
15470451ns          252693 1c0094b6 00d7f7b3 and              x15, x15, x13       x15=00000000 x15:00000004 x13:00001f80
15470471ns          252694 1c0094b8 ee873733 p.bclr           x14, x14, 23, 8     x14=00000008 x14:00000008
15470491ns          252695 1c0094bc 1a10f6b7 lui              x13, 0x1a10f000     x13=1a10f000
15470511ns          252696 1c0094c0 0ff57513 andi             x10, x10, 255       x10=00000067 x10:00000067
15470531ns          252697 1c0094c4 00d70733 add              x14, x14, x13       x14=1a10f008 x14:00000008 x13:1a10f000
15470551ns          252698 1c0094c6 00a7e723 p.sw             x10, x0(x15)        x10:00000067 x15:00000000  PA:1a10f008
15470869ns          252714 1c0094ca 00000513 addi             x10, x0, 0          x10=00000000
15470889ns          252715 1c0094cc 00008067 jalr             x0, x1, 0            x1:1c00959c
15470929ns          252717 1c00959c 31f52563 p.beqimm         x10, 778            x10:00000000
15470948ns          252718 1c0095a0 001d8d93 addi             x27, x27, 1         x27=00000008 x27:00000007
15470968ns          252719 1c0095a2 00044503 lbu              x10, 0(x8)          x10=00000020  x8:1c000064  PA:1c000064
15471267ns          252734 1c0095a6 00140413 addi             x8, x8, 1            x8=1c000065  x8:1c000064
15471287ns          252735 1c0095a8 fe0514e3 bne              x10, x0, -24        x10:00000020
15471346ns          252738 1c009590 02500793 addi             x15, x0, 37         x15=00000025
15471366ns          252739 1c009594 04f50863 beq              x10, x15, 80        x10:00000020 x15:00000025
15471386ns          252740 1c009598 01a005b3 add              x11, x0, x26        x11=00000002 x26:00000002
15471406ns          252741 1c00959a 000b00e7 jalr             x1, x22, 0           x1=1c00959c x22:1c0094a6
15471446ns          252743 1c0094a6 000026b7 lui              x13, 0x2000         x13=00002000
15471466ns          252744 1c0094a8 f14027f3 csrrs            x15, x0, 0xf14      x15=00000001
15471485ns          252745 1c0094ac f8068693 addi             x13, x13, -128      x13=00001f80 x13:00002000
15471505ns          252746 1c0094b0 00379713 slli             x14, x15, 0x3       x14=00000008 x15:00000001
15471525ns          252747 1c0094b4 00279793 slli             x15, x15, 0x2       x15=00000004 x15:00000001
15471545ns          252748 1c0094b6 00d7f7b3 and              x15, x15, x13       x15=00000000 x15:00000004 x13:00001f80
15471565ns          252749 1c0094b8 ee873733 p.bclr           x14, x14, 23, 8     x14=00000008 x14:00000008
15471585ns          252750 1c0094bc 1a10f6b7 lui              x13, 0x1a10f000     x13=1a10f000
15471605ns          252751 1c0094c0 0ff57513 andi             x10, x10, 255       x10=00000020 x10:00000020
15471625ns          252752 1c0094c4 00d70733 add              x14, x14, x13       x14=1a10f008 x14:00000008 x13:1a10f000
15471645ns          252753 1c0094c6 00a7e723 p.sw             x10, x0(x15)        x10:00000020 x15:00000000  PA:1a10f008
15471983ns          252770 1c0094ca 00000513 addi             x10, x0, 0          x10=00000000
15472003ns          252771 1c0094cc 00008067 jalr             x0, x1, 0            x1:1c00959c
15472042ns          252773 1c00959c 31f52563 p.beqimm         x10, 778            x10:00000000
15472062ns          252774 1c0095a0 001d8d93 addi             x27, x27, 1         x27=00000009 x27:00000008
15472082ns          252775 1c0095a2 00044503 lbu              x10, 0(x8)          x10=00000025  x8:1c000065  PA:1c000065
15472381ns          252790 1c0095a6 00140413 addi             x8, x8, 1            x8=1c000066  x8:1c000065
15472400ns          252791 1c0095a8 fe0514e3 bne              x10, x0, -24        x10:00000025
15472460ns          252794 1c009590 02500793 addi             x15, x0, 37         x15=00000025
15472480ns          252795 1c009594 04f50863 beq              x10, x15, 80        x10:00000025 x15:00000025
15472898ns          252816 1c0095e4 00044483 lbu              x9, 0(x8)            x9=00000064  x8:1c000066  PA:1c000066
15473236ns          252833 1c0095e8 02000693 addi             x13, x0, 32         x13=00000020
15473256ns          252834 1c0095ec 00140a93 addi             x21, x8, 1          x21=1c000067  x8:1c000066
15473435ns          252843 1c0095f0 009005b3 add              x11, x0, x9         x11=00000064  x9:00000064
15473475ns          252845 1c0095f2 1ccb8513 addi             x10, x23, 460       x10=1c0001cc x23:1c000000
15473494ns          252846 1c0095f6 00d12823 sw               x13, 16(x2)         x13:00000020  x2:10000cd8  PA:10000ce8
15473514ns          252847 1c0095f8 00012c23 sw               x0, 24(x2)           x2:10000cd8  PA:10000cf0
15473534ns          252848 1c0095fa 00012a23 sw               x0, 20(x2)           x2:10000cd8  PA:10000cec
15473554ns          252849 1c0095fc 00012e23 sw               x0, 28(x2)           x2:10000cd8  PA:10000cf4
15473574ns          252850 1c0095fe 00012623 sw               x0, 12(x2)           x2:10000cd8  PA:10000ce4
15473952ns          252869 1c009600 02300913 addi             x18, x0, 35         x18=00000023
15473992ns          252871 1c009604 02d00a13 addi             x20, x0, 45         x20=0000002d
15474012ns          252872 1c009608 015009b3 add              x19, x0, x21        x19=1c000067 x21:1c000067
15474031ns          252873 1c00960a e1dff0ef jal              x1, -484             x1=1c00960c
15474966ns          252920 1c009426 00054783 lbu              x15, 0(x10)         x15=0000002d x10:1c0001cc  PA:1c0001cc
15475384ns          252941 1c00942a 0ff5f593 andi             x11, x11, 255       x11=00000064 x11:00000064
15475424ns          252943 1c00942e 00b78c63 beq              x15, x11, 24        x15:0000002d x11:00000064
15475444ns          252944 1c009432 00078b63 beq              x15, x0, 22         x15:0000002d
15475464ns          252945 1c009434 00150793 addi             x15, x10, 1         x15=1c0001cd x10:1c0001cc
15475484ns          252946 1c009438 0040006f jal              x0, 4              
15475523ns          252948 1c00943c 00f00533 add              x10, x0, x15        x10=1c0001cd x15:1c0001cd
15475961ns          252970 1c00943e 0017c70b p.lbu            x14, 1(x15!)        x14=0000002b x15=1c0001ce x15:1c0001cd  PA:1c0001cd
15476279ns          252986 1c009442 feb71ce3 bne              x14, x11, -8        x14:0000002b x11:00000064
15476339ns          252989 1c00943a 00070763 beq              x14, x0, 14         x14:0000002b
15476359ns          252990 1c00943c 00f00533 add              x10, x0, x15        x10=1c0001ce x15:1c0001ce
15476379ns          252991 1c00943e 0017c70b p.lbu            x14, 1(x15!)        x14=00000020 x15=1c0001cf x15:1c0001ce  PA:1c0001ce
15476697ns          253007 1c009442 feb71ce3 bne              x14, x11, -8        x14:00000020 x11:00000064
15476757ns          253010 1c00943a 00070763 beq              x14, x0, 14         x14:00000020
15476776ns          253011 1c00943c 00f00533 add              x10, x0, x15        x10=1c0001cf x15:1c0001cf
15476796ns          253012 1c00943e 0017c70b p.lbu            x14, 1(x15!)        x14=00000023 x15=1c0001d0 x15:1c0001cf  PA:1c0001cf
15477115ns          253028 1c009442 feb71ce3 bne              x14, x11, -8        x14:00000023 x11:00000064
15477174ns          253031 1c00943a 00070763 beq              x14, x0, 14         x14:00000023
15477194ns          253032 1c00943c 00f00533 add              x10, x0, x15        x10=1c0001d0 x15:1c0001d0
15477214ns          253033 1c00943e 0017c70b p.lbu            x14, 1(x15!)        x14=00000030 x15=1c0001d1 x15:1c0001d0  PA:1c0001d0
15477552ns          253050 1c009442 feb71ce3 bne              x14, x11, -8        x14:00000030 x11:00000064
15477612ns          253053 1c00943a 00070763 beq              x14, x0, 14         x14:00000030
15477632ns          253054 1c00943c 00f00533 add              x10, x0, x15        x10=1c0001d1 x15:1c0001d1
15477652ns          253055 1c00943e 0017c70b p.lbu            x14, 1(x15!)        x14=00000000 x15=1c0001d2 x15:1c0001d1  PA:1c0001d1
15477970ns          253071 1c009442 feb71ce3 bne              x14, x11, -8        x14:00000000 x11:00000064
15478030ns          253074 1c00943a 00070763 beq              x14, x0, 14         x14:00000000
15478089ns          253077 1c009448 0015b593 sltiu            x11, x11, 1         x11=00000000 x11:00000064
15478109ns          253078 1c00944c 40b005b3 sub              x11, x0, x11        x11=00000000 x11:00000000
15478129ns          253079 1c009450 00b57533 and              x10, x10, x11       x10=00000000 x10:1c0001d1 x11:00000000
15478149ns          253080 1c009452 00008067 jalr             x0, x1, 0            x1:1c00960c
15478189ns          253082 1c00960c 02050a63 beq              x10, x0, 52         x10:00000000
15478666ns          253106 1c009640 02a00613 addi             x12, x0, 42         x12=0000002a
15478706ns          253108 1c009644 2ac48663 beq              x9, x12, 684         x9:00000064 x12:0000002a
15478726ns          253109 1c009648 fd048613 addi             x12, x9, -48        x12=00000034  x9:00000064
15478746ns          253110 1c00964c 00900593 addi             x11, x0, 9          x11=00000009
15478765ns          253111 1c00964e 00000913 addi             x18, x0, 0          x18=00000000
15479183ns          253132 1c009650 28c5f063 bgeu             x11, x12, 640       x11:00000009 x12:00000034
15479223ns          253134 1c009654 02e00693 addi             x13, x0, 46         x13=0000002e
15479243ns          253135 1c009658 fff00a13 addi             x20, x0, -1         x20=ffffffff
15479263ns          253136 1c00965a 2ed48363 beq              x9, x13, 742         x9:00000064 x13:0000002e
15479700ns          253158 1c00965e 1c0007b7 lui              x15, 0x1c000000     x15=1c000000
15479720ns          253159 1c009662 009005b3 add              x11, x0, x9         x11=00000064  x9:00000064
15479740ns          253160 1c009664 1d478513 addi             x10, x15, 468       x10=1c0001d4 x15:1c000000
15479760ns          253161 1c009668 dbfff0ef jal              x1, -578             x1=1c00966a
15479820ns          253164 1c009426 00054783 lbu              x15, 0(x10)         x15=00000068 x10:1c0001d4  PA:1c0001d4
15480118ns          253179 1c00942a 0ff5f593 andi             x11, x11, 255       x11=00000064 x11:00000064
15480138ns          253180 1c00942e 00b78c63 beq              x15, x11, 24        x15:00000068 x11:00000064
15480158ns          253181 1c009432 00078b63 beq              x15, x0, 22         x15:00000068
15480178ns          253182 1c009434 00150793 addi             x15, x10, 1         x15=1c0001d5 x10:1c0001d4
15480198ns          253183 1c009438 0040006f jal              x0, 4              
15480237ns          253185 1c00943c 00f00533 add              x10, x0, x15        x10=1c0001d5 x15:1c0001d5
15480257ns          253186 1c00943e 0017c70b p.lbu            x14, 1(x15!)        x14=0000006c x15=1c0001d6 x15:1c0001d5  PA:1c0001d5
15480576ns          253202 1c009442 feb71ce3 bne              x14, x11, -8        x14:0000006c x11:00000064
15480635ns          253205 1c00943a 00070763 beq              x14, x0, 14         x14:0000006c
15480655ns          253206 1c00943c 00f00533 add              x10, x0, x15        x10=1c0001d6 x15:1c0001d6
15480675ns          253207 1c00943e 0017c70b p.lbu            x14, 1(x15!)        x14=0000004c x15=1c0001d7 x15:1c0001d6  PA:1c0001d6
15481013ns          253224 1c009442 feb71ce3 bne              x14, x11, -8        x14:0000004c x11:00000064
15481073ns          253227 1c00943a 00070763 beq              x14, x0, 14         x14:0000004c
15481093ns          253228 1c00943c 00f00533 add              x10, x0, x15        x10=1c0001d7 x15:1c0001d7
15481113ns          253229 1c00943e 0017c70b p.lbu            x14, 1(x15!)        x14=0000007a x15=1c0001d8 x15:1c0001d7  PA:1c0001d7
15481431ns          253245 1c009442 feb71ce3 bne              x14, x11, -8        x14:0000007a x11:00000064
15481491ns          253248 1c00943a 00070763 beq              x14, x0, 14         x14:0000007a
15481510ns          253249 1c00943c 00f00533 add              x10, x0, x15        x10=1c0001d8 x15:1c0001d8
15481530ns          253250 1c00943e 0017c70b p.lbu            x14, 1(x15!)        x14=00000000 x15=1c0001d9 x15:1c0001d8  PA:1c0001d8
15481849ns          253266 1c009442 feb71ce3 bne              x14, x11, -8        x14:00000000 x11:00000064
15481908ns          253269 1c00943a 00070763 beq              x14, x0, 14         x14:00000000
15481968ns          253272 1c009448 0015b593 sltiu            x11, x11, 1         x11=00000000 x11:00000064
15481988ns          253273 1c00944c 40b005b3 sub              x11, x0, x11        x11=00000000 x11:00000000
15482008ns          253274 1c009450 00b57533 and              x10, x10, x11       x10=00000000 x10:1c0001d8 x11:00000000
15482028ns          253275 1c009452 00008067 jalr             x0, x1, 0            x1:1c00966a
15482067ns          253277 1c00966a 01300433 add              x8, x0, x19          x8=1c000067 x19:1c000067
15482087ns          253278 1c00966c 00050563 beq              x10, x0, 10         x10:00000000
15482604ns          253304 1c009676 06700693 addi             x13, x0, 103        x13=00000067
15482624ns          253305 1c00967a 2896d963 bge              x13, x9, 658        x13:00000067  x9:00000064
15483559ns          253352 1c00990c 06500693 addi             x13, x0, 101        x13=00000065
15484037ns          253376 1c009910 12d4d563 bge              x9, x13, 298         x9:00000064 x13:00000065
15484076ns          253378 1c009914 04700693 addi             x13, x0, 71         x13=00000047
15484096ns          253379 1c009918 dc96cbe3 blt              x13, x9, -554       x13:00000047  x9:00000064
15485528ns          253451 1c0096ee 06300693 addi             x13, x0, 99         x13=00000063
15485568ns          253453 1c0096f2 0ad488e3 beq              x9, x13, 2224        x9:00000064 x13:00000063
15485588ns          253454 1c0096f6 0096c9e3 blt              x13, x9, 2066       x13:00000063  x9:00000064
15486543ns          253502 1c009f08 000c2583 lw               x11, 0(x24)         x11=00000001 x24:10000e2c  PA:10000e2c
15486583ns          253504 1c009f0c 004c0c13 addi             x24, x24, 4         x24=10000e30 x24:10000e2c
15487020ns          253526 1c009f0e 3405cc63 blt              x11, x0, 856        x11:00000001
15487040ns          253527 1c009f12 01412603 lw               x12, 20(x2)         x12=00000000  x2:10000cd8  PA:10000cec
15487060ns          253528 1c009f14 00b006b3 add              x13, x0, x11        x13=00000001 x11:00000001
15487080ns          253529 1c009f16 2e061863 bne              x12, x0, 752        x12:00000000
15487100ns          253530 1c009f1a 01812703 lw               x14, 24(x2)         x14=00000000  x2:10000cd8  PA:10000cf0
15487120ns          253531 1c009f1c 019007b3 add              x15, x0, x25        x15=10000cfc x25:10000cfc
15487140ns          253532 1c009f1e 00070763 beq              x14, x0, 14         x14:00000000
15487577ns          253554 1c009f2c 00f00733 add              x14, x0, x15        x14=10000cfc x15:10000cfc
15487597ns          253555 1c009f2e 00a00513 addi             x10, x0, 10         x10=0000000a
15488035ns          253577 1c009f30 02a6f633 remu             x12, x13, x10       x12=00000001 x13:00000001 x10:0000000a
15488671ns          253609 1c009f34 02a6d6b3 divu             x13, x13, x10       x13=00000000 x13:00000001 x10:0000000a
15489288ns          253640 1c009f38 03060613 addi             x12, x12, 48        x12=00000031 x12:00000001
15489308ns          253641 1c009f3c 00c700ab p.sb             x12, 1(x14!)        x14=10000cfd x12:00000031 x14:10000cfc  PA:10000cfc
15489327ns          253642 1c009f40 fe0698e3 bne              x13, x0, -16        x13:00000000
15489347ns          253643 1c009f42 40f706b3 sub              x13, x14, x15       x13=00000001 x14:10000cfd x15:10000cfc
15489367ns          253644 1c009f46 0146dc63 bge              x13, x20, 24        x13:00000001 x20:ffffffff
15489865ns          253669 1c009f5e 00e006b3 add              x13, x0, x14        x13=10000cfd x14:10000cfd
15490302ns          253691 1c009f60 fe068fab p.sb             x0, -1(x13!)        x13=10000cfc x13:10000cfd  PA:10000cfd
15490342ns          253693 1c009f64 00d7fc63 bgeu             x15, x13, 24        x15:10000cfc x13:10000cfc
15490839ns          253718 1c009f7c 01412783 lw               x15, 20(x2)         x15=00000000  x2:10000cd8  PA:10000cec
15490859ns          253719 1c009f7e 01812603 lw               x12, 24(x2)         x12=00000000  x2:10000cd8  PA:10000cf0
15491297ns          253741 1c009f80 419704b3 sub              x9, x14, x25         x9=00000001 x14:10000cfd x25:10000cfc
15491336ns          253743 1c009f84 00c7e7b3 or               x15, x15, x12       x15=00000000 x15:00000000 x12:00000000
15491356ns          253744 1c009f86 00f12623 sw               x15, 12(x2)         x15:00000000  x2:10000cd8  PA:10000ce4
15491376ns          253745 1c009f88 00079363 bne              x15, x0, 6          x15:00000000
15491396ns          253746 1c009f8a 01f5d593 srli             x11, x11, 0x1f      x11=00000000 x11:00000001
15491416ns          253747 1c009f8c 00b12623 sw               x11, 12(x2)         x11:00000000  x2:10000cd8  PA:10000ce4
15491814ns          253767 1c009f8e e3fa28e3 p.beqimm         x20, -464           x20:ffffffff
15492749ns          253814 1c009dbe 0c800793 addi             x15, x0, 200        x15=000000c8
15492788ns          253816 1c009dc2 9e97d0e3 bge              x15, x9, -1568      x15:000000c8  x9:00000001
15493306ns          253842 1c0097a2 0f24d163 bge              x9, x18, 226         x9:00000001 x18:00000000
15493783ns          253866 1c009884 d00482e3 beq              x9, x0, -764         x9:00000001
15493823ns          253868 1c009888 01900933 add              x18, x0, x25        x18=10000cfc x25:10000cfc
15493843ns          253869 1c00988a 419d8db3 sub              x27, x27, x25       x27=effff30d x27:00000009 x25:10000cfc
15493863ns          253870 1c00988e 00a0006f jal              x0, 10             
15494320ns          253893 1c009898 0019450b p.lbu            x10, 1(x18!)        x10=00000031 x18=10000cfd x18:10000cfc  PA:10000cfc
15494340ns          253894 1c00989c 01a005b3 add              x11, x0, x26        x11=00000002 x26:00000002
15494360ns          253895 1c00989e 000b00e7 jalr             x1, x22, 0           x1=1c0098a0 x22:1c0094a6
15494897ns          253922 1c0094a6 000026b7 lui              x13, 0x2000         x13=00002000
15494937ns          253924 1c0094a8 f14027f3 csrrs            x15, x0, 0xf14      x15=00000001
15494957ns          253925 1c0094ac f8068693 addi             x13, x13, -128      x13=00001f80 x13:00002000
15494976ns          253926 1c0094b0 00379713 slli             x14, x15, 0x3       x14=00000008 x15:00000001
15494996ns          253927 1c0094b4 00279793 slli             x15, x15, 0x2       x15=00000004 x15:00000001
15495016ns          253928 1c0094b6 00d7f7b3 and              x15, x15, x13       x15=00000000 x15:00000004 x13:00001f80
15495036ns          253929 1c0094b8 ee873733 p.bclr           x14, x14, 23, 8     x14=00000008 x14:00000008
15495056ns          253930 1c0094bc 1a10f6b7 lui              x13, 0x1a10f000     x13=1a10f000
15495076ns          253931 1c0094c0 0ff57513 andi             x10, x10, 255       x10=00000031 x10:00000031
15495096ns          253932 1c0094c4 00d70733 add              x14, x14, x13       x14=1a10f008 x14:00000008 x13:1a10f000
15495116ns          253933 1c0094c6 00a7e723 p.sw             x10, x0(x15)        x10:00000031 x15:00000000  PA:1a10f008
15495494ns          253952 1c0094ca 00000513 addi             x10, x0, 0          x10=00000000
15495514ns          253953 1c0094cc 00008067 jalr             x0, x1, 0            x1:1c0098a0
15495553ns          253955 1c0098a0 fff48493 addi             x9, x9, -1           x9=00000000  x9:00000001
15495573ns          253956 1c0098a2 fff537e3 p.bneimm         x10, -18            x10:00000000
15495633ns          253959 1c009890 012d8733 add              x14, x27, x18       x14=0000000a x27:effff30d x18:10000cfd
15495653ns          253960 1c009894 5a048b63 beq              x9, x0, 1462         x9:00000000
15496110ns          253983 1c009e4a 00e00db3 add              x27, x0, x14        x27=0000000a x14:0000000a
15496150ns          253985 1c009e4c f3cff06f jal              x0, -2244          
15496667ns          254011 1c009588 00044503 lbu              x10, 0(x8)          x10=00000020  x8:1c000067  PA:1c000067
15496985ns          254027 1c00958c 00140413 addi             x8, x8, 1            x8=1c000068  x8:1c000067
15497005ns          254028 1c00958e 00050e63 beq              x10, x0, 28         x10:00000020
15497025ns          254029 1c009590 02500793 addi             x15, x0, 37         x15=00000025
15497045ns          254030 1c009594 04f50863 beq              x10, x15, 80        x10:00000020 x15:00000025
15497065ns          254031 1c009598 01a005b3 add              x11, x0, x26        x11=00000002 x26:00000002
15497085ns          254032 1c00959a 000b00e7 jalr             x1, x22, 0           x1=1c00959c x22:1c0094a6
15497164ns          254036 1c0094a6 000026b7 lui              x13, 0x2000         x13=00002000
15497184ns          254037 1c0094a8 f14027f3 csrrs            x15, x0, 0xf14      x15=00000001
15497204ns          254038 1c0094ac f8068693 addi             x13, x13, -128      x13=00001f80 x13:00002000
15497224ns          254039 1c0094b0 00379713 slli             x14, x15, 0x3       x14=00000008 x15:00000001
15497244ns          254040 1c0094b4 00279793 slli             x15, x15, 0x2       x15=00000004 x15:00000001
15497264ns          254041 1c0094b6 00d7f7b3 and              x15, x15, x13       x15=00000000 x15:00000004 x13:00001f80
15497284ns          254042 1c0094b8 ee873733 p.bclr           x14, x14, 23, 8     x14=00000008 x14:00000008
15497304ns          254043 1c0094bc 1a10f6b7 lui              x13, 0x1a10f000     x13=1a10f000
15497324ns          254044 1c0094c0 0ff57513 andi             x10, x10, 255       x10=00000020 x10:00000020
15497343ns          254045 1c0094c4 00d70733 add              x14, x14, x13       x14=1a10f008 x14:00000008 x13:1a10f000
15497363ns          254046 1c0094c6 00a7e723 p.sw             x10, x0(x15)        x10:00000020 x15:00000000  PA:1a10f008
15497721ns          254064 1c0094ca 00000513 addi             x10, x0, 0          x10=00000000
15497741ns          254065 1c0094cc 00008067 jalr             x0, x1, 0            x1:1c00959c
15497781ns          254067 1c00959c 31f52563 p.beqimm         x10, 778            x10:00000000
15497801ns          254068 1c0095a0 001d8d93 addi             x27, x27, 1         x27=0000000b x27:0000000a
15497821ns          254069 1c0095a2 00044503 lbu              x10, 0(x8)          x10=0000006b  x8:1c000068  PA:1c000068
15498119ns          254084 1c0095a6 00140413 addi             x8, x8, 1            x8=1c000069  x8:1c000068
15498139ns          254085 1c0095a8 fe0514e3 bne              x10, x0, -24        x10:0000006b
15498199ns          254088 1c009590 02500793 addi             x15, x0, 37         x15=00000025
15498219ns          254089 1c009594 04f50863 beq              x10, x15, 80        x10:0000006b x15:00000025
15498239ns          254090 1c009598 01a005b3 add              x11, x0, x26        x11=00000002 x26:00000002
15498258ns          254091 1c00959a 000b00e7 jalr             x1, x22, 0           x1=1c00959c x22:1c0094a6
15498298ns          254093 1c0094a6 000026b7 lui              x13, 0x2000         x13=00002000
15498318ns          254094 1c0094a8 f14027f3 csrrs            x15, x0, 0xf14      x15=00000001
15498338ns          254095 1c0094ac f8068693 addi             x13, x13, -128      x13=00001f80 x13:00002000
15498358ns          254096 1c0094b0 00379713 slli             x14, x15, 0x3       x14=00000008 x15:00000001
15498378ns          254097 1c0094b4 00279793 slli             x15, x15, 0x2       x15=00000004 x15:00000001
15498398ns          254098 1c0094b6 00d7f7b3 and              x15, x15, x13       x15=00000000 x15:00000004 x13:00001f80
15498418ns          254099 1c0094b8 ee873733 p.bclr           x14, x14, 23, 8     x14=00000008 x14:00000008
15498437ns          254100 1c0094bc 1a10f6b7 lui              x13, 0x1a10f000     x13=1a10f000
15498457ns          254101 1c0094c0 0ff57513 andi             x10, x10, 255       x10=0000006b x10:0000006b
15498477ns          254102 1c0094c4 00d70733 add              x14, x14, x13       x14=1a10f008 x14:00000008 x13:1a10f000
15498497ns          254103 1c0094c6 00a7e723 p.sw             x10, x0(x15)        x10:0000006b x15:00000000  PA:1a10f008
15498815ns          254119 1c0094ca 00000513 addi             x10, x0, 0          x10=00000000
15498835ns          254120 1c0094cc 00008067 jalr             x0, x1, 0            x1:1c00959c
15498875ns          254122 1c00959c 31f52563 p.beqimm         x10, 778            x10:00000000
15498895ns          254123 1c0095a0 001d8d93 addi             x27, x27, 1         x27=0000000c x27:0000000b
15498915ns          254124 1c0095a2 00044503 lbu              x10, 0(x8)          x10=00000065  x8:1c000069  PA:1c000069
15499213ns          254139 1c0095a6 00140413 addi             x8, x8, 1            x8=1c00006a  x8:1c000069
15499233ns          254140 1c0095a8 fe0514e3 bne              x10, x0, -24        x10:00000065
15499293ns          254143 1c009590 02500793 addi             x15, x0, 37         x15=00000025
15499313ns          254144 1c009594 04f50863 beq              x10, x15, 80        x10:00000065 x15:00000025
15499333ns          254145 1c009598 01a005b3 add              x11, x0, x26        x11=00000002 x26:00000002
15499352ns          254146 1c00959a 000b00e7 jalr             x1, x22, 0           x1=1c00959c x22:1c0094a6
15499392ns          254148 1c0094a6 000026b7 lui              x13, 0x2000         x13=00002000
15499412ns          254149 1c0094a8 f14027f3 csrrs            x15, x0, 0xf14      x15=00000001
15499432ns          254150 1c0094ac f8068693 addi             x13, x13, -128      x13=00001f80 x13:00002000
15499452ns          254151 1c0094b0 00379713 slli             x14, x15, 0x3       x14=00000008 x15:00000001
15499472ns          254152 1c0094b4 00279793 slli             x15, x15, 0x2       x15=00000004 x15:00000001
15499492ns          254153 1c0094b6 00d7f7b3 and              x15, x15, x13       x15=00000000 x15:00000004 x13:00001f80
15499512ns          254154 1c0094b8 ee873733 p.bclr           x14, x14, 23, 8     x14=00000008 x14:00000008
15499531ns          254155 1c0094bc 1a10f6b7 lui              x13, 0x1a10f000     x13=1a10f000
15499551ns          254156 1c0094c0 0ff57513 andi             x10, x10, 255       x10=00000065 x10:00000065
15499571ns          254157 1c0094c4 00d70733 add              x14, x14, x13       x14=1a10f008 x14:00000008 x13:1a10f000
15499591ns          254158 1c0094c6 00a7e723 p.sw             x10, x0(x15)        x10:00000065 x15:00000000  PA:1a10f008
15499949ns          254176 1c0094ca 00000513 addi             x10, x0, 0          x10=00000000
15499969ns          254177 1c0094cc 00008067 jalr             x0, x1, 0            x1:1c00959c
15500009ns          254179 1c00959c 31f52563 p.beqimm         x10, 778            x10:00000000
15500029ns          254180 1c0095a0 001d8d93 addi             x27, x27, 1         x27=0000000d x27:0000000c
15500049ns          254181 1c0095a2 00044503 lbu              x10, 0(x8)          x10=00000072  x8:1c00006a  PA:1c00006a
15500347ns          254196 1c0095a6 00140413 addi             x8, x8, 1            x8=1c00006b  x8:1c00006a
15500367ns          254197 1c0095a8 fe0514e3 bne              x10, x0, -24        x10:00000072
15500427ns          254200 1c009590 02500793 addi             x15, x0, 37         x15=00000025
15500446ns          254201 1c009594 04f50863 beq              x10, x15, 80        x10:00000072 x15:00000025
15500466ns          254202 1c009598 01a005b3 add              x11, x0, x26        x11=00000002 x26:00000002
15500486ns          254203 1c00959a 000b00e7 jalr             x1, x22, 0           x1=1c00959c x22:1c0094a6
15500526ns          254205 1c0094a6 000026b7 lui              x13, 0x2000         x13=00002000
15500546ns          254206 1c0094a8 f14027f3 csrrs            x15, x0, 0xf14      x15=00000001
15500566ns          254207 1c0094ac f8068693 addi             x13, x13, -128      x13=00001f80 x13:00002000
15500586ns          254208 1c0094b0 00379713 slli             x14, x15, 0x3       x14=00000008 x15:00000001
15500606ns          254209 1c0094b4 00279793 slli             x15, x15, 0x2       x15=00000004 x15:00000001
15500625ns          254210 1c0094b6 00d7f7b3 and              x15, x15, x13       x15=00000000 x15:00000004 x13:00001f80
15500645ns          254211 1c0094b8 ee873733 p.bclr           x14, x14, 23, 8     x14=00000008 x14:00000008
15500665ns          254212 1c0094bc 1a10f6b7 lui              x13, 0x1a10f000     x13=1a10f000
15500685ns          254213 1c0094c0 0ff57513 andi             x10, x10, 255       x10=00000072 x10:00000072
15500705ns          254214 1c0094c4 00d70733 add              x14, x14, x13       x14=1a10f008 x14:00000008 x13:1a10f000
15500725ns          254215 1c0094c6 00a7e723 p.sw             x10, x0(x15)        x10:00000072 x15:00000000  PA:1a10f008
15501043ns          254231 1c0094ca 00000513 addi             x10, x0, 0          x10=00000000
15501063ns          254232 1c0094cc 00008067 jalr             x0, x1, 0            x1:1c00959c
15501103ns          254234 1c00959c 31f52563 p.beqimm         x10, 778            x10:00000000
15501123ns          254235 1c0095a0 001d8d93 addi             x27, x27, 1         x27=0000000e x27:0000000d
15501143ns          254236 1c0095a2 00044503 lbu              x10, 0(x8)          x10=0000006e  x8:1c00006b  PA:1c00006b
15501441ns          254251 1c0095a6 00140413 addi             x8, x8, 1            x8=1c00006c  x8:1c00006b
15501461ns          254252 1c0095a8 fe0514e3 bne              x10, x0, -24        x10:0000006e
15501521ns          254255 1c009590 02500793 addi             x15, x0, 37         x15=00000025
15501540ns          254256 1c009594 04f50863 beq              x10, x15, 80        x10:0000006e x15:00000025
15501560ns          254257 1c009598 01a005b3 add              x11, x0, x26        x11=00000002 x26:00000002
15501580ns          254258 1c00959a 000b00e7 jalr             x1, x22, 0           x1=1c00959c x22:1c0094a6
15501620ns          254260 1c0094a6 000026b7 lui              x13, 0x2000         x13=00002000
15501640ns          254261 1c0094a8 f14027f3 csrrs            x15, x0, 0xf14      x15=00000001
15501660ns          254262 1c0094ac f8068693 addi             x13, x13, -128      x13=00001f80 x13:00002000
15501680ns          254263 1c0094b0 00379713 slli             x14, x15, 0x3       x14=00000008 x15:00000001
15501700ns          254264 1c0094b4 00279793 slli             x15, x15, 0x2       x15=00000004 x15:00000001
15501719ns          254265 1c0094b6 00d7f7b3 and              x15, x15, x13       x15=00000000 x15:00000004 x13:00001f80
15501739ns          254266 1c0094b8 ee873733 p.bclr           x14, x14, 23, 8     x14=00000008 x14:00000008
15501759ns          254267 1c0094bc 1a10f6b7 lui              x13, 0x1a10f000     x13=1a10f000
15501779ns          254268 1c0094c0 0ff57513 andi             x10, x10, 255       x10=0000006e x10:0000006e
15501799ns          254269 1c0094c4 00d70733 add              x14, x14, x13       x14=1a10f008 x14:00000008 x13:1a10f000
15501819ns          254270 1c0094c6 00a7e723 p.sw             x10, x0(x15)        x10:0000006e x15:00000000  PA:1a10f008
15502177ns          254288 1c0094ca 00000513 addi             x10, x0, 0          x10=00000000
15502197ns          254289 1c0094cc 00008067 jalr             x0, x1, 0            x1:1c00959c
15502237ns          254291 1c00959c 31f52563 p.beqimm         x10, 778            x10:00000000
15502256ns          254292 1c0095a0 001d8d93 addi             x27, x27, 1         x27=0000000f x27:0000000e
15502276ns          254293 1c0095a2 00044503 lbu              x10, 0(x8)          x10=00000065  x8:1c00006c  PA:1c00006c
15502595ns          254309 1c0095a6 00140413 addi             x8, x8, 1            x8=1c00006d  x8:1c00006c
15502615ns          254310 1c0095a8 fe0514e3 bne              x10, x0, -24        x10:00000065
15502674ns          254313 1c009590 02500793 addi             x15, x0, 37         x15=00000025
15502694ns          254314 1c009594 04f50863 beq              x10, x15, 80        x10:00000065 x15:00000025
15502714ns          254315 1c009598 01a005b3 add              x11, x0, x26        x11=00000002 x26:00000002
15502734ns          254316 1c00959a 000b00e7 jalr             x1, x22, 0           x1=1c00959c x22:1c0094a6
15502774ns          254318 1c0094a6 000026b7 lui              x13, 0x2000         x13=00002000
15502794ns          254319 1c0094a8 f14027f3 csrrs            x15, x0, 0xf14      x15=00000001
15502813ns          254320 1c0094ac f8068693 addi             x13, x13, -128      x13=00001f80 x13:00002000
15502833ns          254321 1c0094b0 00379713 slli             x14, x15, 0x3       x14=00000008 x15:00000001
15502853ns          254322 1c0094b4 00279793 slli             x15, x15, 0x2       x15=00000004 x15:00000001
15502873ns          254323 1c0094b6 00d7f7b3 and              x15, x15, x13       x15=00000000 x15:00000004 x13:00001f80
15502893ns          254324 1c0094b8 ee873733 p.bclr           x14, x14, 23, 8     x14=00000008 x14:00000008
15502913ns          254325 1c0094bc 1a10f6b7 lui              x13, 0x1a10f000     x13=1a10f000
15502933ns          254326 1c0094c0 0ff57513 andi             x10, x10, 255       x10=00000065 x10:00000065
15502953ns          254327 1c0094c4 00d70733 add              x14, x14, x13       x14=1a10f008 x14:00000008 x13:1a10f000
15502973ns          254328 1c0094c6 00a7e723 p.sw             x10, x0(x15)        x10:00000065 x15:00000000  PA:1a10f008
15503291ns          254344 1c0094ca 00000513 addi             x10, x0, 0          x10=00000000
15503311ns          254345 1c0094cc 00008067 jalr             x0, x1, 0            x1:1c00959c
15503350ns          254347 1c00959c 31f52563 p.beqimm         x10, 778            x10:00000000
15503370ns          254348 1c0095a0 001d8d93 addi             x27, x27, 1         x27=00000010 x27:0000000f
15503390ns          254349 1c0095a2 00044503 lbu              x10, 0(x8)          x10=0000006c  x8:1c00006d  PA:1c00006d
15503689ns          254364 1c0095a6 00140413 addi             x8, x8, 1            x8=1c00006e  x8:1c00006d
15503708ns          254365 1c0095a8 fe0514e3 bne              x10, x0, -24        x10:0000006c
15503768ns          254368 1c009590 02500793 addi             x15, x0, 37         x15=00000025
15503788ns          254369 1c009594 04f50863 beq              x10, x15, 80        x10:0000006c x15:00000025
15503808ns          254370 1c009598 01a005b3 add              x11, x0, x26        x11=00000002 x26:00000002
15503828ns          254371 1c00959a 000b00e7 jalr             x1, x22, 0           x1=1c00959c x22:1c0094a6
15503868ns          254373 1c0094a6 000026b7 lui              x13, 0x2000         x13=00002000
15503888ns          254374 1c0094a8 f14027f3 csrrs            x15, x0, 0xf14      x15=00000001
15503907ns          254375 1c0094ac f8068693 addi             x13, x13, -128      x13=00001f80 x13:00002000
15503927ns          254376 1c0094b0 00379713 slli             x14, x15, 0x3       x14=00000008 x15:00000001
15503947ns          254377 1c0094b4 00279793 slli             x15, x15, 0x2       x15=00000004 x15:00000001
15503967ns          254378 1c0094b6 00d7f7b3 and              x15, x15, x13       x15=00000000 x15:00000004 x13:00001f80
15503987ns          254379 1c0094b8 ee873733 p.bclr           x14, x14, 23, 8     x14=00000008 x14:00000008
15504007ns          254380 1c0094bc 1a10f6b7 lui              x13, 0x1a10f000     x13=1a10f000
15504027ns          254381 1c0094c0 0ff57513 andi             x10, x10, 255       x10=0000006c x10:0000006c
15504047ns          254382 1c0094c4 00d70733 add              x14, x14, x13       x14=1a10f008 x14:00000008 x13:1a10f000
15504067ns          254383 1c0094c6 00a7e723 p.sw             x10, x0(x15)        x10:0000006c x15:00000000  PA:1a10f008
15504385ns          254399 1c0094ca 00000513 addi             x10, x0, 0          x10=00000000
15504405ns          254400 1c0094cc 00008067 jalr             x0, x1, 0            x1:1c00959c
15504444ns          254402 1c00959c 31f52563 p.beqimm         x10, 778            x10:00000000
15504464ns          254403 1c0095a0 001d8d93 addi             x27, x27, 1         x27=00000011 x27:00000010
15504484ns          254404 1c0095a2 00044503 lbu              x10, 0(x8)          x10=00000020  x8:1c00006e  PA:1c00006e
15504783ns          254419 1c0095a6 00140413 addi             x8, x8, 1            x8=1c00006f  x8:1c00006e
15504802ns          254420 1c0095a8 fe0514e3 bne              x10, x0, -24        x10:00000020
15504862ns          254423 1c009590 02500793 addi             x15, x0, 37         x15=00000025
15504882ns          254424 1c009594 04f50863 beq              x10, x15, 80        x10:00000020 x15:00000025
15504902ns          254425 1c009598 01a005b3 add              x11, x0, x26        x11=00000002 x26:00000002
15504922ns          254426 1c00959a 000b00e7 jalr             x1, x22, 0           x1=1c00959c x22:1c0094a6
15504962ns          254428 1c0094a6 000026b7 lui              x13, 0x2000         x13=00002000
15504982ns          254429 1c0094a8 f14027f3 csrrs            x15, x0, 0xf14      x15=00000001
15505001ns          254430 1c0094ac f8068693 addi             x13, x13, -128      x13=00001f80 x13:00002000
15505021ns          254431 1c0094b0 00379713 slli             x14, x15, 0x3       x14=00000008 x15:00000001
15505041ns          254432 1c0094b4 00279793 slli             x15, x15, 0x2       x15=00000004 x15:00000001
15505061ns          254433 1c0094b6 00d7f7b3 and              x15, x15, x13       x15=00000000 x15:00000004 x13:00001f80
15505081ns          254434 1c0094b8 ee873733 p.bclr           x14, x14, 23, 8     x14=00000008 x14:00000008
15505101ns          254435 1c0094bc 1a10f6b7 lui              x13, 0x1a10f000     x13=1a10f000
15505121ns          254436 1c0094c0 0ff57513 andi             x10, x10, 255       x10=00000020 x10:00000020
15505141ns          254437 1c0094c4 00d70733 add              x14, x14, x13       x14=1a10f008 x14:00000008 x13:1a10f000
15505161ns          254438 1c0094c6 00a7e723 p.sw             x10, x0(x15)        x10:00000020 x15:00000000  PA:1a10f008
15505479ns          254454 1c0094ca 00000513 addi             x10, x0, 0          x10=00000000
15505499ns          254455 1c0094cc 00008067 jalr             x0, x1, 0            x1:1c00959c
15505538ns          254457 1c00959c 31f52563 p.beqimm         x10, 778            x10:00000000
15505558ns          254458 1c0095a0 001d8d93 addi             x27, x27, 1         x27=00000012 x27:00000011
15505578ns          254459 1c0095a2 00044503 lbu              x10, 0(x8)          x10=00000069  x8:1c00006f  PA:1c00006f
15505877ns          254474 1c0095a6 00140413 addi             x8, x8, 1            x8=1c000070  x8:1c00006f
15505896ns          254475 1c0095a8 fe0514e3 bne              x10, x0, -24        x10:00000069
15505956ns          254478 1c009590 02500793 addi             x15, x0, 37         x15=00000025
15505976ns          254479 1c009594 04f50863 beq              x10, x15, 80        x10:00000069 x15:00000025
15505996ns          254480 1c009598 01a005b3 add              x11, x0, x26        x11=00000002 x26:00000002
15506016ns          254481 1c00959a 000b00e7 jalr             x1, x22, 0           x1=1c00959c x22:1c0094a6
15506056ns          254483 1c0094a6 000026b7 lui              x13, 0x2000         x13=00002000
15506075ns          254484 1c0094a8 f14027f3 csrrs            x15, x0, 0xf14      x15=00000001
15506095ns          254485 1c0094ac f8068693 addi             x13, x13, -128      x13=00001f80 x13:00002000
15506115ns          254486 1c0094b0 00379713 slli             x14, x15, 0x3       x14=00000008 x15:00000001
15506135ns          254487 1c0094b4 00279793 slli             x15, x15, 0x2       x15=00000004 x15:00000001
15506155ns          254488 1c0094b6 00d7f7b3 and              x15, x15, x13       x15=00000000 x15:00000004 x13:00001f80
15506175ns          254489 1c0094b8 ee873733 p.bclr           x14, x14, 23, 8     x14=00000008 x14:00000008
15506195ns          254490 1c0094bc 1a10f6b7 lui              x13, 0x1a10f000     x13=1a10f000
15506215ns          254491 1c0094c0 0ff57513 andi             x10, x10, 255       x10=00000069 x10:00000069
15506235ns          254492 1c0094c4 00d70733 add              x14, x14, x13       x14=1a10f008 x14:00000008 x13:1a10f000
15506255ns          254493 1c0094c6 00a7e723 p.sw             x10, x0(x15)        x10:00000069 x15:00000000  PA:1a10f008
15506593ns          254510 1c0094ca 00000513 addi             x10, x0, 0          x10=00000000
15506613ns          254511 1c0094cc 00008067 jalr             x0, x1, 0            x1:1c00959c
15506652ns          254513 1c00959c 31f52563 p.beqimm         x10, 778            x10:00000000
15506672ns          254514 1c0095a0 001d8d93 addi             x27, x27, 1         x27=00000013 x27:00000012
15506692ns          254515 1c0095a2 00044503 lbu              x10, 0(x8)          x10=00000074  x8:1c000070  PA:1c000070
15506990ns          254530 1c0095a6 00140413 addi             x8, x8, 1            x8=1c000071  x8:1c000070
15507010ns          254531 1c0095a8 fe0514e3 bne              x10, x0, -24        x10:00000074
15507070ns          254534 1c009590 02500793 addi             x15, x0, 37         x15=00000025
15507090ns          254535 1c009594 04f50863 beq              x10, x15, 80        x10:00000074 x15:00000025
15507110ns          254536 1c009598 01a005b3 add              x11, x0, x26        x11=00000002 x26:00000002
15507130ns          254537 1c00959a 000b00e7 jalr             x1, x22, 0           x1=1c00959c x22:1c0094a6
15507169ns          254539 1c0094a6 000026b7 lui              x13, 0x2000         x13=00002000
15507189ns          254540 1c0094a8 f14027f3 csrrs            x15, x0, 0xf14      x15=00000001
15507209ns          254541 1c0094ac f8068693 addi             x13, x13, -128      x13=00001f80 x13:00002000
15507229ns          254542 1c0094b0 00379713 slli             x14, x15, 0x3       x14=00000008 x15:00000001
15507249ns          254543 1c0094b4 00279793 slli             x15, x15, 0x2       x15=00000004 x15:00000001
15507269ns          254544 1c0094b6 00d7f7b3 and              x15, x15, x13       x15=00000000 x15:00000004 x13:00001f80
15507289ns          254545 1c0094b8 ee873733 p.bclr           x14, x14, 23, 8     x14=00000008 x14:00000008
15507309ns          254546 1c0094bc 1a10f6b7 lui              x13, 0x1a10f000     x13=1a10f000
15507329ns          254547 1c0094c0 0ff57513 andi             x10, x10, 255       x10=00000074 x10:00000074
15507349ns          254548 1c0094c4 00d70733 add              x14, x14, x13       x14=1a10f008 x14:00000008 x13:1a10f000
15507368ns          254549 1c0094c6 00a7e723 p.sw             x10, x0(x15)        x10:00000074 x15:00000000  PA:1a10f008
15507687ns          254565 1c0094ca 00000513 addi             x10, x0, 0          x10=00000000
15507707ns          254566 1c0094cc 00008067 jalr             x0, x1, 0            x1:1c00959c
15507746ns          254568 1c00959c 31f52563 p.beqimm         x10, 778            x10:00000000
15507766ns          254569 1c0095a0 001d8d93 addi             x27, x27, 1         x27=00000014 x27:00000013
15507786ns          254570 1c0095a2 00044503 lbu              x10, 0(x8)          x10=00000065  x8:1c000071  PA:1c000071
15508084ns          254585 1c0095a6 00140413 addi             x8, x8, 1            x8=1c000072  x8:1c000071
15508104ns          254586 1c0095a8 fe0514e3 bne              x10, x0, -24        x10:00000065
15508164ns          254589 1c009590 02500793 addi             x15, x0, 37         x15=00000025
15508184ns          254590 1c009594 04f50863 beq              x10, x15, 80        x10:00000065 x15:00000025
15508204ns          254591 1c009598 01a005b3 add              x11, x0, x26        x11=00000002 x26:00000002
15508224ns          254592 1c00959a 000b00e7 jalr             x1, x22, 0           x1=1c00959c x22:1c0094a6
15508263ns          254594 1c0094a6 000026b7 lui              x13, 0x2000         x13=00002000
15508283ns          254595 1c0094a8 f14027f3 csrrs            x15, x0, 0xf14      x15=00000001
15508303ns          254596 1c0094ac f8068693 addi             x13, x13, -128      x13=00001f80 x13:00002000
15508323ns          254597 1c0094b0 00379713 slli             x14, x15, 0x3       x14=00000008 x15:00000001
15508343ns          254598 1c0094b4 00279793 slli             x15, x15, 0x2       x15=00000004 x15:00000001
15508363ns          254599 1c0094b6 00d7f7b3 and              x15, x15, x13       x15=00000000 x15:00000004 x13:00001f80
15508383ns          254600 1c0094b8 ee873733 p.bclr           x14, x14, 23, 8     x14=00000008 x14:00000008
15508403ns          254601 1c0094bc 1a10f6b7 lui              x13, 0x1a10f000     x13=1a10f000
15508423ns          254602 1c0094c0 0ff57513 andi             x10, x10, 255       x10=00000065 x10:00000065
15508442ns          254603 1c0094c4 00d70733 add              x14, x14, x13       x14=1a10f008 x14:00000008 x13:1a10f000
15508462ns          254604 1c0094c6 00a7e723 p.sw             x10, x0(x15)        x10:00000065 x15:00000000  PA:1a10f008
15508801ns          254621 1c0094ca 00000513 addi             x10, x0, 0          x10=00000000
15508820ns          254622 1c0094cc 00008067 jalr             x0, x1, 0            x1:1c00959c
15508860ns          254624 1c00959c 31f52563 p.beqimm         x10, 778            x10:00000000
15508880ns          254625 1c0095a0 001d8d93 addi             x27, x27, 1         x27=00000015 x27:00000014
15508900ns          254626 1c0095a2 00044503 lbu              x10, 0(x8)          x10=00000072  x8:1c000072  PA:1c000072
15509198ns          254641 1c0095a6 00140413 addi             x8, x8, 1            x8=1c000073  x8:1c000072
15509218ns          254642 1c0095a8 fe0514e3 bne              x10, x0, -24        x10:00000072
15509278ns          254645 1c009590 02500793 addi             x15, x0, 37         x15=00000025
15509298ns          254646 1c009594 04f50863 beq              x10, x15, 80        x10:00000072 x15:00000025
15509318ns          254647 1c009598 01a005b3 add              x11, x0, x26        x11=00000002 x26:00000002
15509338ns          254648 1c00959a 000b00e7 jalr             x1, x22, 0           x1=1c00959c x22:1c0094a6
15509377ns          254650 1c0094a6 000026b7 lui              x13, 0x2000         x13=00002000
15509397ns          254651 1c0094a8 f14027f3 csrrs            x15, x0, 0xf14      x15=00000001
15509417ns          254652 1c0094ac f8068693 addi             x13, x13, -128      x13=00001f80 x13:00002000
15509437ns          254653 1c0094b0 00379713 slli             x14, x15, 0x3       x14=00000008 x15:00000001
15509457ns          254654 1c0094b4 00279793 slli             x15, x15, 0x2       x15=00000004 x15:00000001
15509477ns          254655 1c0094b6 00d7f7b3 and              x15, x15, x13       x15=00000000 x15:00000004 x13:00001f80
15509497ns          254656 1c0094b8 ee873733 p.bclr           x14, x14, 23, 8     x14=00000008 x14:00000008
15509517ns          254657 1c0094bc 1a10f6b7 lui              x13, 0x1a10f000     x13=1a10f000
15509536ns          254658 1c0094c0 0ff57513 andi             x10, x10, 255       x10=00000072 x10:00000072
15509556ns          254659 1c0094c4 00d70733 add              x14, x14, x13       x14=1a10f008 x14:00000008 x13:1a10f000
15509576ns          254660 1c0094c6 00a7e723 p.sw             x10, x0(x15)        x10:00000072 x15:00000000  PA:1a10f008
15509895ns          254676 1c0094ca 00000513 addi             x10, x0, 0          x10=00000000
15509914ns          254677 1c0094cc 00008067 jalr             x0, x1, 0            x1:1c00959c
15509954ns          254679 1c00959c 31f52563 p.beqimm         x10, 778            x10:00000000
15509974ns          254680 1c0095a0 001d8d93 addi             x27, x27, 1         x27=00000016 x27:00000015
15509994ns          254681 1c0095a2 00044503 lbu              x10, 0(x8)          x10=00000061  x8:1c000073  PA:1c000073
15510292ns          254696 1c0095a6 00140413 addi             x8, x8, 1            x8=1c000074  x8:1c000073
15510312ns          254697 1c0095a8 fe0514e3 bne              x10, x0, -24        x10:00000061
15510372ns          254700 1c009590 02500793 addi             x15, x0, 37         x15=00000025
15510392ns          254701 1c009594 04f50863 beq              x10, x15, 80        x10:00000061 x15:00000025
15510412ns          254702 1c009598 01a005b3 add              x11, x0, x26        x11=00000002 x26:00000002
15510432ns          254703 1c00959a 000b00e7 jalr             x1, x22, 0           x1=1c00959c x22:1c0094a6
15510471ns          254705 1c0094a6 000026b7 lui              x13, 0x2000         x13=00002000
15510491ns          254706 1c0094a8 f14027f3 csrrs            x15, x0, 0xf14      x15=00000001
15510511ns          254707 1c0094ac f8068693 addi             x13, x13, -128      x13=00001f80 x13:00002000
15510531ns          254708 1c0094b0 00379713 slli             x14, x15, 0x3       x14=00000008 x15:00000001
15510551ns          254709 1c0094b4 00279793 slli             x15, x15, 0x2       x15=00000004 x15:00000001
15510571ns          254710 1c0094b6 00d7f7b3 and              x15, x15, x13       x15=00000000 x15:00000004 x13:00001f80
15510591ns          254711 1c0094b8 ee873733 p.bclr           x14, x14, 23, 8     x14=00000008 x14:00000008
15510611ns          254712 1c0094bc 1a10f6b7 lui              x13, 0x1a10f000     x13=1a10f000
15510630ns          254713 1c0094c0 0ff57513 andi             x10, x10, 255       x10=00000061 x10:00000061
15510650ns          254714 1c0094c4 00d70733 add              x14, x14, x13       x14=1a10f008 x14:00000008 x13:1a10f000
15510670ns          254715 1c0094c6 00a7e723 p.sw             x10, x0(x15)        x10:00000061 x15:00000000  PA:1a10f008
15510989ns          254731 1c0094ca 00000513 addi             x10, x0, 0          x10=00000000
15511008ns          254732 1c0094cc 00008067 jalr             x0, x1, 0            x1:1c00959c
15511048ns          254734 1c00959c 31f52563 p.beqimm         x10, 778            x10:00000000
15511068ns          254735 1c0095a0 001d8d93 addi             x27, x27, 1         x27=00000017 x27:00000016
15511088ns          254736 1c0095a2 00044503 lbu              x10, 0(x8)          x10=00000074  x8:1c000074  PA:1c000074
15511386ns          254751 1c0095a6 00140413 addi             x8, x8, 1            x8=1c000075  x8:1c000074
15511406ns          254752 1c0095a8 fe0514e3 bne              x10, x0, -24        x10:00000074
15511466ns          254755 1c009590 02500793 addi             x15, x0, 37         x15=00000025
15511486ns          254756 1c009594 04f50863 beq              x10, x15, 80        x10:00000074 x15:00000025
15511506ns          254757 1c009598 01a005b3 add              x11, x0, x26        x11=00000002 x26:00000002
15511526ns          254758 1c00959a 000b00e7 jalr             x1, x22, 0           x1=1c00959c x22:1c0094a6
15511565ns          254760 1c0094a6 000026b7 lui              x13, 0x2000         x13=00002000
15511585ns          254761 1c0094a8 f14027f3 csrrs            x15, x0, 0xf14      x15=00000001
15511605ns          254762 1c0094ac f8068693 addi             x13, x13, -128      x13=00001f80 x13:00002000
15511625ns          254763 1c0094b0 00379713 slli             x14, x15, 0x3       x14=00000008 x15:00000001
15511645ns          254764 1c0094b4 00279793 slli             x15, x15, 0x2       x15=00000004 x15:00000001
15511665ns          254765 1c0094b6 00d7f7b3 and              x15, x15, x13       x15=00000000 x15:00000004 x13:00001f80
15511685ns          254766 1c0094b8 ee873733 p.bclr           x14, x14, 23, 8     x14=00000008 x14:00000008
15511705ns          254767 1c0094bc 1a10f6b7 lui              x13, 0x1a10f000     x13=1a10f000
15511724ns          254768 1c0094c0 0ff57513 andi             x10, x10, 255       x10=00000074 x10:00000074
15511744ns          254769 1c0094c4 00d70733 add              x14, x14, x13       x14=1a10f008 x14:00000008 x13:1a10f000
15511764ns          254770 1c0094c6 00a7e723 p.sw             x10, x0(x15)        x10:00000074 x15:00000000  PA:1a10f008
15512102ns          254787 1c0094ca 00000513 addi             x10, x0, 0          x10=00000000
15512122ns          254788 1c0094cc 00008067 jalr             x0, x1, 0            x1:1c00959c
15512162ns          254790 1c00959c 31f52563 p.beqimm         x10, 778            x10:00000000
15512182ns          254791 1c0095a0 001d8d93 addi             x27, x27, 1         x27=00000018 x27:00000017
15512202ns          254792 1c0095a2 00044503 lbu              x10, 0(x8)          x10=00000069  x8:1c000075  PA:1c000075
15512500ns          254807 1c0095a6 00140413 addi             x8, x8, 1            x8=1c000076  x8:1c000075
15512520ns          254808 1c0095a8 fe0514e3 bne              x10, x0, -24        x10:00000069
15512580ns          254811 1c009590 02500793 addi             x15, x0, 37         x15=00000025
15512600ns          254812 1c009594 04f50863 beq              x10, x15, 80        x10:00000069 x15:00000025
15512620ns          254813 1c009598 01a005b3 add              x11, x0, x26        x11=00000002 x26:00000002
15512639ns          254814 1c00959a 000b00e7 jalr             x1, x22, 0           x1=1c00959c x22:1c0094a6
15512679ns          254816 1c0094a6 000026b7 lui              x13, 0x2000         x13=00002000
15512699ns          254817 1c0094a8 f14027f3 csrrs            x15, x0, 0xf14      x15=00000001
15512719ns          254818 1c0094ac f8068693 addi             x13, x13, -128      x13=00001f80 x13:00002000
15512739ns          254819 1c0094b0 00379713 slli             x14, x15, 0x3       x14=00000008 x15:00000001
15512759ns          254820 1c0094b4 00279793 slli             x15, x15, 0x2       x15=00000004 x15:00000001
15512779ns          254821 1c0094b6 00d7f7b3 and              x15, x15, x13       x15=00000000 x15:00000004 x13:00001f80
15512799ns          254822 1c0094b8 ee873733 p.bclr           x14, x14, 23, 8     x14=00000008 x14:00000008
15512818ns          254823 1c0094bc 1a10f6b7 lui              x13, 0x1a10f000     x13=1a10f000
15512838ns          254824 1c0094c0 0ff57513 andi             x10, x10, 255       x10=00000069 x10:00000069
15512858ns          254825 1c0094c4 00d70733 add              x14, x14, x13       x14=1a10f008 x14:00000008 x13:1a10f000
15512878ns          254826 1c0094c6 00a7e723 p.sw             x10, x0(x15)        x10:00000069 x15:00000000  PA:1a10f008
15513196ns          254842 1c0094ca 00000513 addi             x10, x0, 0          x10=00000000
15513216ns          254843 1c0094cc 00008067 jalr             x0, x1, 0            x1:1c00959c
15513256ns          254845 1c00959c 31f52563 p.beqimm         x10, 778            x10:00000000
15513276ns          254846 1c0095a0 001d8d93 addi             x27, x27, 1         x27=00000019 x27:00000018
15513296ns          254847 1c0095a2 00044503 lbu              x10, 0(x8)          x10=0000006f  x8:1c000076  PA:1c000076
15513594ns          254862 1c0095a6 00140413 addi             x8, x8, 1            x8=1c000077  x8:1c000076
15513614ns          254863 1c0095a8 fe0514e3 bne              x10, x0, -24        x10:0000006f
15513674ns          254866 1c009590 02500793 addi             x15, x0, 37         x15=00000025
15513694ns          254867 1c009594 04f50863 beq              x10, x15, 80        x10:0000006f x15:00000025
15513714ns          254868 1c009598 01a005b3 add              x11, x0, x26        x11=00000002 x26:00000002
15513733ns          254869 1c00959a 000b00e7 jalr             x1, x22, 0           x1=1c00959c x22:1c0094a6
15513773ns          254871 1c0094a6 000026b7 lui              x13, 0x2000         x13=00002000
15513793ns          254872 1c0094a8 f14027f3 csrrs            x15, x0, 0xf14      x15=00000001
15513813ns          254873 1c0094ac f8068693 addi             x13, x13, -128      x13=00001f80 x13:00002000
15513833ns          254874 1c0094b0 00379713 slli             x14, x15, 0x3       x14=00000008 x15:00000001
15513853ns          254875 1c0094b4 00279793 slli             x15, x15, 0x2       x15=00000004 x15:00000001
15513873ns          254876 1c0094b6 00d7f7b3 and              x15, x15, x13       x15=00000000 x15:00000004 x13:00001f80
15513893ns          254877 1c0094b8 ee873733 p.bclr           x14, x14, 23, 8     x14=00000008 x14:00000008
15513912ns          254878 1c0094bc 1a10f6b7 lui              x13, 0x1a10f000     x13=1a10f000
15513932ns          254879 1c0094c0 0ff57513 andi             x10, x10, 255       x10=0000006f x10:0000006f
15513952ns          254880 1c0094c4 00d70733 add              x14, x14, x13       x14=1a10f008 x14:00000008 x13:1a10f000
15513972ns          254881 1c0094c6 00a7e723 p.sw             x10, x0(x15)        x10:0000006f x15:00000000  PA:1a10f008
15514290ns          254897 1c0094ca 00000513 addi             x10, x0, 0          x10=00000000
15514310ns          254898 1c0094cc 00008067 jalr             x0, x1, 0            x1:1c00959c
15514350ns          254900 1c00959c 31f52563 p.beqimm         x10, 778            x10:00000000
15514370ns          254901 1c0095a0 001d8d93 addi             x27, x27, 1         x27=0000001a x27:00000019
15514390ns          254902 1c0095a2 00044503 lbu              x10, 0(x8)          x10=0000006e  x8:1c000077  PA:1c000077
15514688ns          254917 1c0095a6 00140413 addi             x8, x8, 1            x8=1c000078  x8:1c000077
15514708ns          254918 1c0095a8 fe0514e3 bne              x10, x0, -24        x10:0000006e
15514768ns          254921 1c009590 02500793 addi             x15, x0, 37         x15=00000025
15514788ns          254922 1c009594 04f50863 beq              x10, x15, 80        x10:0000006e x15:00000025
15514808ns          254923 1c009598 01a005b3 add              x11, x0, x26        x11=00000002 x26:00000002
15514827ns          254924 1c00959a 000b00e7 jalr             x1, x22, 0           x1=1c00959c x22:1c0094a6
15514867ns          254926 1c0094a6 000026b7 lui              x13, 0x2000         x13=00002000
15514887ns          254927 1c0094a8 f14027f3 csrrs            x15, x0, 0xf14      x15=00000001
15514907ns          254928 1c0094ac f8068693 addi             x13, x13, -128      x13=00001f80 x13:00002000
15514927ns          254929 1c0094b0 00379713 slli             x14, x15, 0x3       x14=00000008 x15:00000001
15514947ns          254930 1c0094b4 00279793 slli             x15, x15, 0x2       x15=00000004 x15:00000001
15514967ns          254931 1c0094b6 00d7f7b3 and              x15, x15, x13       x15=00000000 x15:00000004 x13:00001f80
15514987ns          254932 1c0094b8 ee873733 p.bclr           x14, x14, 23, 8     x14=00000008 x14:00000008
15515006ns          254933 1c0094bc 1a10f6b7 lui              x13, 0x1a10f000     x13=1a10f000
15515026ns          254934 1c0094c0 0ff57513 andi             x10, x10, 255       x10=0000006e x10:0000006e
15515046ns          254935 1c0094c4 00d70733 add              x14, x14, x13       x14=1a10f008 x14:00000008 x13:1a10f000
15515066ns          254936 1c0094c6 00a7e723 p.sw             x10, x0(x15)        x10:0000006e x15:00000000  PA:1a10f008
15515424ns          254954 1c0094ca 00000513 addi             x10, x0, 0          x10=00000000
15515444ns          254955 1c0094cc 00008067 jalr             x0, x1, 0            x1:1c00959c
15515484ns          254957 1c00959c 31f52563 p.beqimm         x10, 778            x10:00000000
15515504ns          254958 1c0095a0 001d8d93 addi             x27, x27, 1         x27=0000001b x27:0000001a
15515524ns          254959 1c0095a2 00044503 lbu              x10, 0(x8)          x10=00000073  x8:1c000078  PA:1c000078
15515822ns          254974 1c0095a6 00140413 addi             x8, x8, 1            x8=1c000079  x8:1c000078
15515842ns          254975 1c0095a8 fe0514e3 bne              x10, x0, -24        x10:00000073
15515902ns          254978 1c009590 02500793 addi             x15, x0, 37         x15=00000025
15515921ns          254979 1c009594 04f50863 beq              x10, x15, 80        x10:00000073 x15:00000025
15515941ns          254980 1c009598 01a005b3 add              x11, x0, x26        x11=00000002 x26:00000002
15515961ns          254981 1c00959a 000b00e7 jalr             x1, x22, 0           x1=1c00959c x22:1c0094a6
15516001ns          254983 1c0094a6 000026b7 lui              x13, 0x2000         x13=00002000
15516021ns          254984 1c0094a8 f14027f3 csrrs            x15, x0, 0xf14      x15=00000001
15516041ns          254985 1c0094ac f8068693 addi             x13, x13, -128      x13=00001f80 x13:00002000
15516061ns          254986 1c0094b0 00379713 slli             x14, x15, 0x3       x14=00000008 x15:00000001
15516081ns          254987 1c0094b4 00279793 slli             x15, x15, 0x2       x15=00000004 x15:00000001
15516100ns          254988 1c0094b6 00d7f7b3 and              x15, x15, x13       x15=00000000 x15:00000004 x13:00001f80
15516120ns          254989 1c0094b8 ee873733 p.bclr           x14, x14, 23, 8     x14=00000008 x14:00000008
15516140ns          254990 1c0094bc 1a10f6b7 lui              x13, 0x1a10f000     x13=1a10f000
15516160ns          254991 1c0094c0 0ff57513 andi             x10, x10, 255       x10=00000073 x10:00000073
15516180ns          254992 1c0094c4 00d70733 add              x14, x14, x13       x14=1a10f008 x14:00000008 x13:1a10f000
15516200ns          254993 1c0094c6 00a7e723 p.sw             x10, x0(x15)        x10:00000073 x15:00000000  PA:1a10f008
15516518ns          255009 1c0094ca 00000513 addi             x10, x0, 0          x10=00000000
15516538ns          255010 1c0094cc 00008067 jalr             x0, x1, 0            x1:1c00959c
15516578ns          255012 1c00959c 31f52563 p.beqimm         x10, 778            x10:00000000
15516598ns          255013 1c0095a0 001d8d93 addi             x27, x27, 1         x27=0000001c x27:0000001b
15516618ns          255014 1c0095a2 00044503 lbu              x10, 0(x8)          x10=0000002e  x8:1c000079  PA:1c000079
15516916ns          255029 1c0095a6 00140413 addi             x8, x8, 1            x8=1c00007a  x8:1c000079
15516936ns          255030 1c0095a8 fe0514e3 bne              x10, x0, -24        x10:0000002e
15516996ns          255033 1c009590 02500793 addi             x15, x0, 37         x15=00000025
15517015ns          255034 1c009594 04f50863 beq              x10, x15, 80        x10:0000002e x15:00000025
15517035ns          255035 1c009598 01a005b3 add              x11, x0, x26        x11=00000002 x26:00000002
15517055ns          255036 1c00959a 000b00e7 jalr             x1, x22, 0           x1=1c00959c x22:1c0094a6
15517095ns          255038 1c0094a6 000026b7 lui              x13, 0x2000         x13=00002000
15517115ns          255039 1c0094a8 f14027f3 csrrs            x15, x0, 0xf14      x15=00000001
15517135ns          255040 1c0094ac f8068693 addi             x13, x13, -128      x13=00001f80 x13:00002000
15517155ns          255041 1c0094b0 00379713 slli             x14, x15, 0x3       x14=00000008 x15:00000001
15517175ns          255042 1c0094b4 00279793 slli             x15, x15, 0x2       x15=00000004 x15:00000001
15517194ns          255043 1c0094b6 00d7f7b3 and              x15, x15, x13       x15=00000000 x15:00000004 x13:00001f80
15517214ns          255044 1c0094b8 ee873733 p.bclr           x14, x14, 23, 8     x14=00000008 x14:00000008
15517234ns          255045 1c0094bc 1a10f6b7 lui              x13, 0x1a10f000     x13=1a10f000
15517254ns          255046 1c0094c0 0ff57513 andi             x10, x10, 255       x10=0000002e x10:0000002e
15517274ns          255047 1c0094c4 00d70733 add              x14, x14, x13       x14=1a10f008 x14:00000008 x13:1a10f000
15517294ns          255048 1c0094c6 00a7e723 p.sw             x10, x0(x15)        x10:0000002e x15:00000000  PA:1a10f008
15517612ns          255064 1c0094ca 00000513 addi             x10, x0, 0          x10=00000000
15517632ns          255065 1c0094cc 00008067 jalr             x0, x1, 0            x1:1c00959c
15517672ns          255067 1c00959c 31f52563 p.beqimm         x10, 778            x10:00000000
15517692ns          255068 1c0095a0 001d8d93 addi             x27, x27, 1         x27=0000001d x27:0000001c
15517712ns          255069 1c0095a2 00044503 lbu              x10, 0(x8)          x10=0000002e  x8:1c00007a  PA:1c00007a
15518010ns          255084 1c0095a6 00140413 addi             x8, x8, 1            x8=1c00007b  x8:1c00007a
15518030ns          255085 1c0095a8 fe0514e3 bne              x10, x0, -24        x10:0000002e
15518090ns          255088 1c009590 02500793 addi             x15, x0, 37         x15=00000025
15518109ns          255089 1c009594 04f50863 beq              x10, x15, 80        x10:0000002e x15:00000025
15518129ns          255090 1c009598 01a005b3 add              x11, x0, x26        x11=00000002 x26:00000002
15518149ns          255091 1c00959a 000b00e7 jalr             x1, x22, 0           x1=1c00959c x22:1c0094a6
15518189ns          255093 1c0094a6 000026b7 lui              x13, 0x2000         x13=00002000
15518209ns          255094 1c0094a8 f14027f3 csrrs            x15, x0, 0xf14      x15=00000001
15518229ns          255095 1c0094ac f8068693 addi             x13, x13, -128      x13=00001f80 x13:00002000
15518249ns          255096 1c0094b0 00379713 slli             x14, x15, 0x3       x14=00000008 x15:00000001
15518269ns          255097 1c0094b4 00279793 slli             x15, x15, 0x2       x15=00000004 x15:00000001
15518288ns          255098 1c0094b6 00d7f7b3 and              x15, x15, x13       x15=00000000 x15:00000004 x13:00001f80
15518308ns          255099 1c0094b8 ee873733 p.bclr           x14, x14, 23, 8     x14=00000008 x14:00000008
15518328ns          255100 1c0094bc 1a10f6b7 lui              x13, 0x1a10f000     x13=1a10f000
15518348ns          255101 1c0094c0 0ff57513 andi             x10, x10, 255       x10=0000002e x10:0000002e
15518368ns          255102 1c0094c4 00d70733 add              x14, x14, x13       x14=1a10f008 x14:00000008 x13:1a10f000
15518388ns          255103 1c0094c6 00a7e723 p.sw             x10, x0(x15)        x10:0000002e x15:00000000  PA:1a10f008
15518726ns          255120 1c0094ca 00000513 addi             x10, x0, 0          x10=00000000
15518746ns          255121 1c0094cc 00008067 jalr             x0, x1, 0            x1:1c00959c
15518786ns          255123 1c00959c 31f52563 p.beqimm         x10, 778            x10:00000000
15518806ns          255124 1c0095a0 001d8d93 addi             x27, x27, 1         x27=0000001e x27:0000001d
15518825ns          255125 1c0095a2 00044503 lbu              x10, 0(x8)          x10=0000002e  x8:1c00007b  PA:1c00007b
15519124ns          255140 1c0095a6 00140413 addi             x8, x8, 1            x8=1c00007c  x8:1c00007b
15519144ns          255141 1c0095a8 fe0514e3 bne              x10, x0, -24        x10:0000002e
15519203ns          255144 1c009590 02500793 addi             x15, x0, 37         x15=00000025
15519223ns          255145 1c009594 04f50863 beq              x10, x15, 80        x10:0000002e x15:00000025
15519243ns          255146 1c009598 01a005b3 add              x11, x0, x26        x11=00000002 x26:00000002
15519263ns          255147 1c00959a 000b00e7 jalr             x1, x22, 0           x1=1c00959c x22:1c0094a6
15519303ns          255149 1c0094a6 000026b7 lui              x13, 0x2000         x13=00002000
15519323ns          255150 1c0094a8 f14027f3 csrrs            x15, x0, 0xf14      x15=00000001
15519343ns          255151 1c0094ac f8068693 addi             x13, x13, -128      x13=00001f80 x13:00002000
15519363ns          255152 1c0094b0 00379713 slli             x14, x15, 0x3       x14=00000008 x15:00000001
15519382ns          255153 1c0094b4 00279793 slli             x15, x15, 0x2       x15=00000004 x15:00000001
15519402ns          255154 1c0094b6 00d7f7b3 and              x15, x15, x13       x15=00000000 x15:00000004 x13:00001f80
15519422ns          255155 1c0094b8 ee873733 p.bclr           x14, x14, 23, 8     x14=00000008 x14:00000008
15519442ns          255156 1c0094bc 1a10f6b7 lui              x13, 0x1a10f000     x13=1a10f000
15519462ns          255157 1c0094c0 0ff57513 andi             x10, x10, 255       x10=0000002e x10:0000002e
15519482ns          255158 1c0094c4 00d70733 add              x14, x14, x13       x14=1a10f008 x14:00000008 x13:1a10f000
15519502ns          255159 1c0094c6 00a7e723 p.sw             x10, x0(x15)        x10:0000002e x15:00000000  PA:1a10f008
15519820ns          255175 1c0094ca 00000513 addi             x10, x0, 0          x10=00000000
15519840ns          255176 1c0094cc 00008067 jalr             x0, x1, 0            x1:1c00959c
15519880ns          255178 1c00959c 31f52563 p.beqimm         x10, 778            x10:00000000
15519900ns          255179 1c0095a0 001d8d93 addi             x27, x27, 1         x27=0000001f x27:0000001e
15519919ns          255180 1c0095a2 00044503 lbu              x10, 0(x8)          x10=00000020  x8:1c00007c  PA:1c00007c
15520218ns          255195 1c0095a6 00140413 addi             x8, x8, 1            x8=1c00007d  x8:1c00007c
15520238ns          255196 1c0095a8 fe0514e3 bne              x10, x0, -24        x10:00000020
15520297ns          255199 1c009590 02500793 addi             x15, x0, 37         x15=00000025
15520317ns          255200 1c009594 04f50863 beq              x10, x15, 80        x10:00000020 x15:00000025
15520337ns          255201 1c009598 01a005b3 add              x11, x0, x26        x11=00000002 x26:00000002
15520357ns          255202 1c00959a 000b00e7 jalr             x1, x22, 0           x1=1c00959c x22:1c0094a6
15520397ns          255204 1c0094a6 000026b7 lui              x13, 0x2000         x13=00002000
15520417ns          255205 1c0094a8 f14027f3 csrrs            x15, x0, 0xf14      x15=00000001
15520437ns          255206 1c0094ac f8068693 addi             x13, x13, -128      x13=00001f80 x13:00002000
15520457ns          255207 1c0094b0 00379713 slli             x14, x15, 0x3       x14=00000008 x15:00000001
15520476ns          255208 1c0094b4 00279793 slli             x15, x15, 0x2       x15=00000004 x15:00000001
15520496ns          255209 1c0094b6 00d7f7b3 and              x15, x15, x13       x15=00000000 x15:00000004 x13:00001f80
15520516ns          255210 1c0094b8 ee873733 p.bclr           x14, x14, 23, 8     x14=00000008 x14:00000008
15520536ns          255211 1c0094bc 1a10f6b7 lui              x13, 0x1a10f000     x13=1a10f000
15520556ns          255212 1c0094c0 0ff57513 andi             x10, x10, 255       x10=00000020 x10:00000020
15520576ns          255213 1c0094c4 00d70733 add              x14, x14, x13       x14=1a10f008 x14:00000008 x13:1a10f000
15520596ns          255214 1c0094c6 00a7e723 p.sw             x10, x0(x15)        x10:00000020 x15:00000000  PA:1a10f008
15520914ns          255230 1c0094ca 00000513 addi             x10, x0, 0          x10=00000000
15520934ns          255231 1c0094cc 00008067 jalr             x0, x1, 0            x1:1c00959c
15520974ns          255233 1c00959c 31f52563 p.beqimm         x10, 778            x10:00000000
15520994ns          255234 1c0095a0 001d8d93 addi             x27, x27, 1         x27=00000020 x27:0000001f
15521013ns          255235 1c0095a2 00044503 lbu              x10, 0(x8)          x10=00000028  x8:1c00007d  PA:1c00007d
15521332ns          255251 1c0095a6 00140413 addi             x8, x8, 1            x8=1c00007e  x8:1c00007d
15521352ns          255252 1c0095a8 fe0514e3 bne              x10, x0, -24        x10:00000028
15521411ns          255255 1c009590 02500793 addi             x15, x0, 37         x15=00000025
15521431ns          255256 1c009594 04f50863 beq              x10, x15, 80        x10:00000028 x15:00000025
15521451ns          255257 1c009598 01a005b3 add              x11, x0, x26        x11=00000002 x26:00000002
15521471ns          255258 1c00959a 000b00e7 jalr             x1, x22, 0           x1=1c00959c x22:1c0094a6
15521511ns          255260 1c0094a6 000026b7 lui              x13, 0x2000         x13=00002000
15521531ns          255261 1c0094a8 f14027f3 csrrs            x15, x0, 0xf14      x15=00000001
15521551ns          255262 1c0094ac f8068693 addi             x13, x13, -128      x13=00001f80 x13:00002000
15521570ns          255263 1c0094b0 00379713 slli             x14, x15, 0x3       x14=00000008 x15:00000001
15521590ns          255264 1c0094b4 00279793 slli             x15, x15, 0x2       x15=00000004 x15:00000001
15521610ns          255265 1c0094b6 00d7f7b3 and              x15, x15, x13       x15=00000000 x15:00000004 x13:00001f80
15521630ns          255266 1c0094b8 ee873733 p.bclr           x14, x14, 23, 8     x14=00000008 x14:00000008
15521650ns          255267 1c0094bc 1a10f6b7 lui              x13, 0x1a10f000     x13=1a10f000
15521670ns          255268 1c0094c0 0ff57513 andi             x10, x10, 255       x10=00000028 x10:00000028
15521690ns          255269 1c0094c4 00d70733 add              x14, x14, x13       x14=1a10f008 x14:00000008 x13:1a10f000
15521710ns          255270 1c0094c6 00a7e723 p.sw             x10, x0(x15)        x10:00000028 x15:00000000  PA:1a10f008
15522048ns          255287 1c0094ca 00000513 addi             x10, x0, 0          x10=00000000
15522068ns          255288 1c0094cc 00008067 jalr             x0, x1, 0            x1:1c00959c
15522107ns          255290 1c00959c 31f52563 p.beqimm         x10, 778            x10:00000000
15522127ns          255291 1c0095a0 001d8d93 addi             x27, x27, 1         x27=00000021 x27:00000020
15522147ns          255292 1c0095a2 00044503 lbu              x10, 0(x8)          x10=00000063  x8:1c00007e  PA:1c00007e
15522446ns          255307 1c0095a6 00140413 addi             x8, x8, 1            x8=1c00007f  x8:1c00007e
15522465ns          255308 1c0095a8 fe0514e3 bne              x10, x0, -24        x10:00000063
15522525ns          255311 1c009590 02500793 addi             x15, x0, 37         x15=00000025
15522545ns          255312 1c009594 04f50863 beq              x10, x15, 80        x10:00000063 x15:00000025
15522565ns          255313 1c009598 01a005b3 add              x11, x0, x26        x11=00000002 x26:00000002
15522585ns          255314 1c00959a 000b00e7 jalr             x1, x22, 0           x1=1c00959c x22:1c0094a6
15522625ns          255316 1c0094a6 000026b7 lui              x13, 0x2000         x13=00002000
15522644ns          255317 1c0094a8 f14027f3 csrrs            x15, x0, 0xf14      x15=00000001
15522664ns          255318 1c0094ac f8068693 addi             x13, x13, -128      x13=00001f80 x13:00002000
15522684ns          255319 1c0094b0 00379713 slli             x14, x15, 0x3       x14=00000008 x15:00000001
15522704ns          255320 1c0094b4 00279793 slli             x15, x15, 0x2       x15=00000004 x15:00000001
15522724ns          255321 1c0094b6 00d7f7b3 and              x15, x15, x13       x15=00000000 x15:00000004 x13:00001f80
15522744ns          255322 1c0094b8 ee873733 p.bclr           x14, x14, 23, 8     x14=00000008 x14:00000008
15522764ns          255323 1c0094bc 1a10f6b7 lui              x13, 0x1a10f000     x13=1a10f000
15522784ns          255324 1c0094c0 0ff57513 andi             x10, x10, 255       x10=00000063 x10:00000063
15522804ns          255325 1c0094c4 00d70733 add              x14, x14, x13       x14=1a10f008 x14:00000008 x13:1a10f000
15522824ns          255326 1c0094c6 00a7e723 p.sw             x10, x0(x15)        x10:00000063 x15:00000000  PA:1a10f008
15523142ns          255342 1c0094ca 00000513 addi             x10, x0, 0          x10=00000000
15523162ns          255343 1c0094cc 00008067 jalr             x0, x1, 0            x1:1c00959c
15523201ns          255345 1c00959c 31f52563 p.beqimm         x10, 778            x10:00000000
15523221ns          255346 1c0095a0 001d8d93 addi             x27, x27, 1         x27=00000022 x27:00000021
15523241ns          255347 1c0095a2 00044503 lbu              x10, 0(x8)          x10=0000006f  x8:1c00007f  PA:1c00007f
15523540ns          255362 1c0095a6 00140413 addi             x8, x8, 1            x8=1c000080  x8:1c00007f
15523559ns          255363 1c0095a8 fe0514e3 bne              x10, x0, -24        x10:0000006f
15523619ns          255366 1c009590 02500793 addi             x15, x0, 37         x15=00000025
15523639ns          255367 1c009594 04f50863 beq              x10, x15, 80        x10:0000006f x15:00000025
15523659ns          255368 1c009598 01a005b3 add              x11, x0, x26        x11=00000002 x26:00000002
15523679ns          255369 1c00959a 000b00e7 jalr             x1, x22, 0           x1=1c00959c x22:1c0094a6
15523719ns          255371 1c0094a6 000026b7 lui              x13, 0x2000         x13=00002000
15523738ns          255372 1c0094a8 f14027f3 csrrs            x15, x0, 0xf14      x15=00000001
15523758ns          255373 1c0094ac f8068693 addi             x13, x13, -128      x13=00001f80 x13:00002000
15523778ns          255374 1c0094b0 00379713 slli             x14, x15, 0x3       x14=00000008 x15:00000001
15523798ns          255375 1c0094b4 00279793 slli             x15, x15, 0x2       x15=00000004 x15:00000001
15523818ns          255376 1c0094b6 00d7f7b3 and              x15, x15, x13       x15=00000000 x15:00000004 x13:00001f80
15523838ns          255377 1c0094b8 ee873733 p.bclr           x14, x14, 23, 8     x14=00000008 x14:00000008
15523858ns          255378 1c0094bc 1a10f6b7 lui              x13, 0x1a10f000     x13=1a10f000
15523878ns          255379 1c0094c0 0ff57513 andi             x10, x10, 255       x10=0000006f x10:0000006f
15523898ns          255380 1c0094c4 00d70733 add              x14, x14, x13       x14=1a10f008 x14:00000008 x13:1a10f000
15523918ns          255381 1c0094c6 00a7e723 p.sw             x10, x0(x15)        x10:0000006f x15:00000000  PA:1a10f008
15524236ns          255397 1c0094ca 00000513 addi             x10, x0, 0          x10=00000000
15524256ns          255398 1c0094cc 00008067 jalr             x0, x1, 0            x1:1c00959c
15524295ns          255400 1c00959c 31f52563 p.beqimm         x10, 778            x10:00000000
15524315ns          255401 1c0095a0 001d8d93 addi             x27, x27, 1         x27=00000023 x27:00000022
15524335ns          255402 1c0095a2 00044503 lbu              x10, 0(x8)          x10=00000072  x8:1c000080  PA:1c000080
15524634ns          255417 1c0095a6 00140413 addi             x8, x8, 1            x8=1c000081  x8:1c000080
15524653ns          255418 1c0095a8 fe0514e3 bne              x10, x0, -24        x10:00000072
15524713ns          255421 1c009590 02500793 addi             x15, x0, 37         x15=00000025
15524733ns          255422 1c009594 04f50863 beq              x10, x15, 80        x10:00000072 x15:00000025
15524753ns          255423 1c009598 01a005b3 add              x11, x0, x26        x11=00000002 x26:00000002
15524773ns          255424 1c00959a 000b00e7 jalr             x1, x22, 0           x1=1c00959c x22:1c0094a6
15524813ns          255426 1c0094a6 000026b7 lui              x13, 0x2000         x13=00002000
15524832ns          255427 1c0094a8 f14027f3 csrrs            x15, x0, 0xf14      x15=00000001
15524852ns          255428 1c0094ac f8068693 addi             x13, x13, -128      x13=00001f80 x13:00002000
15524872ns          255429 1c0094b0 00379713 slli             x14, x15, 0x3       x14=00000008 x15:00000001
15524892ns          255430 1c0094b4 00279793 slli             x15, x15, 0x2       x15=00000004 x15:00000001
15524912ns          255431 1c0094b6 00d7f7b3 and              x15, x15, x13       x15=00000000 x15:00000004 x13:00001f80
15524932ns          255432 1c0094b8 ee873733 p.bclr           x14, x14, 23, 8     x14=00000008 x14:00000008
15524952ns          255433 1c0094bc 1a10f6b7 lui              x13, 0x1a10f000     x13=1a10f000
15524972ns          255434 1c0094c0 0ff57513 andi             x10, x10, 255       x10=00000072 x10:00000072
15524992ns          255435 1c0094c4 00d70733 add              x14, x14, x13       x14=1a10f008 x14:00000008 x13:1a10f000
15525011ns          255436 1c0094c6 00a7e723 p.sw             x10, x0(x15)        x10:00000072 x15:00000000  PA:1a10f008
15525350ns          255453 1c0094ca 00000513 addi             x10, x0, 0          x10=00000000
15525370ns          255454 1c0094cc 00008067 jalr             x0, x1, 0            x1:1c00959c
15525409ns          255456 1c00959c 31f52563 p.beqimm         x10, 778            x10:00000000
15525429ns          255457 1c0095a0 001d8d93 addi             x27, x27, 1         x27=00000024 x27:00000023
15525449ns          255458 1c0095a2 00044503 lbu              x10, 0(x8)          x10=00000065  x8:1c000081  PA:1c000081
15525747ns          255473 1c0095a6 00140413 addi             x8, x8, 1            x8=1c000082  x8:1c000081
15525767ns          255474 1c0095a8 fe0514e3 bne              x10, x0, -24        x10:00000065
15525827ns          255477 1c009590 02500793 addi             x15, x0, 37         x15=00000025
15525847ns          255478 1c009594 04f50863 beq              x10, x15, 80        x10:00000065 x15:00000025
15525867ns          255479 1c009598 01a005b3 add              x11, x0, x26        x11=00000002 x26:00000002
15525887ns          255480 1c00959a 000b00e7 jalr             x1, x22, 0           x1=1c00959c x22:1c0094a6
15525926ns          255482 1c0094a6 000026b7 lui              x13, 0x2000         x13=00002000
15525946ns          255483 1c0094a8 f14027f3 csrrs            x15, x0, 0xf14      x15=00000001
15525966ns          255484 1c0094ac f8068693 addi             x13, x13, -128      x13=00001f80 x13:00002000
15525986ns          255485 1c0094b0 00379713 slli             x14, x15, 0x3       x14=00000008 x15:00000001
15526006ns          255486 1c0094b4 00279793 slli             x15, x15, 0x2       x15=00000004 x15:00000001
15526026ns          255487 1c0094b6 00d7f7b3 and              x15, x15, x13       x15=00000000 x15:00000004 x13:00001f80
15526046ns          255488 1c0094b8 ee873733 p.bclr           x14, x14, 23, 8     x14=00000008 x14:00000008
15526066ns          255489 1c0094bc 1a10f6b7 lui              x13, 0x1a10f000     x13=1a10f000
15526086ns          255490 1c0094c0 0ff57513 andi             x10, x10, 255       x10=00000065 x10:00000065
15526105ns          255491 1c0094c4 00d70733 add              x14, x14, x13       x14=1a10f008 x14:00000008 x13:1a10f000
15526125ns          255492 1c0094c6 00a7e723 p.sw             x10, x0(x15)        x10:00000065 x15:00000000  PA:1a10f008
15526444ns          255508 1c0094ca 00000513 addi             x10, x0, 0          x10=00000000
15526464ns          255509 1c0094cc 00008067 jalr             x0, x1, 0            x1:1c00959c
15526503ns          255511 1c00959c 31f52563 p.beqimm         x10, 778            x10:00000000
15526523ns          255512 1c0095a0 001d8d93 addi             x27, x27, 1         x27=00000025 x27:00000024
15526543ns          255513 1c0095a2 00044503 lbu              x10, 0(x8)          x10=00000069  x8:1c000082  PA:1c000082
15526841ns          255528 1c0095a6 00140413 addi             x8, x8, 1            x8=1c000083  x8:1c000082
15526861ns          255529 1c0095a8 fe0514e3 bne              x10, x0, -24        x10:00000069
15526921ns          255532 1c009590 02500793 addi             x15, x0, 37         x15=00000025
15526941ns          255533 1c009594 04f50863 beq              x10, x15, 80        x10:00000069 x15:00000025
15526961ns          255534 1c009598 01a005b3 add              x11, x0, x26        x11=00000002 x26:00000002
15526981ns          255535 1c00959a 000b00e7 jalr             x1, x22, 0           x1=1c00959c x22:1c0094a6
15527020ns          255537 1c0094a6 000026b7 lui              x13, 0x2000         x13=00002000
15527040ns          255538 1c0094a8 f14027f3 csrrs            x15, x0, 0xf14      x15=00000001
15527060ns          255539 1c0094ac f8068693 addi             x13, x13, -128      x13=00001f80 x13:00002000
15527080ns          255540 1c0094b0 00379713 slli             x14, x15, 0x3       x14=00000008 x15:00000001
15527100ns          255541 1c0094b4 00279793 slli             x15, x15, 0x2       x15=00000004 x15:00000001
15527120ns          255542 1c0094b6 00d7f7b3 and              x15, x15, x13       x15=00000000 x15:00000004 x13:00001f80
15527140ns          255543 1c0094b8 ee873733 p.bclr           x14, x14, 23, 8     x14=00000008 x14:00000008
15527160ns          255544 1c0094bc 1a10f6b7 lui              x13, 0x1a10f000     x13=1a10f000
15527180ns          255545 1c0094c0 0ff57513 andi             x10, x10, 255       x10=00000069 x10:00000069
15527199ns          255546 1c0094c4 00d70733 add              x14, x14, x13       x14=1a10f008 x14:00000008 x13:1a10f000
15527219ns          255547 1c0094c6 00a7e723 p.sw             x10, x0(x15)        x10:00000069 x15:00000000  PA:1a10f008
15527538ns          255563 1c0094ca 00000513 addi             x10, x0, 0          x10=00000000
15527558ns          255564 1c0094cc 00008067 jalr             x0, x1, 0            x1:1c00959c
15527597ns          255566 1c00959c 31f52563 p.beqimm         x10, 778            x10:00000000
15527617ns          255567 1c0095a0 001d8d93 addi             x27, x27, 1         x27=00000026 x27:00000025
15527637ns          255568 1c0095a2 00044503 lbu              x10, 0(x8)          x10=00000064  x8:1c000083  PA:1c000083
15527955ns          255584 1c0095a6 00140413 addi             x8, x8, 1            x8=1c000084  x8:1c000083
15527975ns          255585 1c0095a8 fe0514e3 bne              x10, x0, -24        x10:00000064
15528035ns          255588 1c009590 02500793 addi             x15, x0, 37         x15=00000025
15528055ns          255589 1c009594 04f50863 beq              x10, x15, 80        x10:00000064 x15:00000025
15528075ns          255590 1c009598 01a005b3 add              x11, x0, x26        x11=00000002 x26:00000002
15528095ns          255591 1c00959a 000b00e7 jalr             x1, x22, 0           x1=1c00959c x22:1c0094a6
15528134ns          255593 1c0094a6 000026b7 lui              x13, 0x2000         x13=00002000
15528154ns          255594 1c0094a8 f14027f3 csrrs            x15, x0, 0xf14      x15=00000001
15528174ns          255595 1c0094ac f8068693 addi             x13, x13, -128      x13=00001f80 x13:00002000
15528194ns          255596 1c0094b0 00379713 slli             x14, x15, 0x3       x14=00000008 x15:00000001
15528214ns          255597 1c0094b4 00279793 slli             x15, x15, 0x2       x15=00000004 x15:00000001
15528234ns          255598 1c0094b6 00d7f7b3 and              x15, x15, x13       x15=00000000 x15:00000004 x13:00001f80
15528254ns          255599 1c0094b8 ee873733 p.bclr           x14, x14, 23, 8     x14=00000008 x14:00000008
15528274ns          255600 1c0094bc 1a10f6b7 lui              x13, 0x1a10f000     x13=1a10f000
15528293ns          255601 1c0094c0 0ff57513 andi             x10, x10, 255       x10=00000064 x10:00000064
15528313ns          255602 1c0094c4 00d70733 add              x14, x14, x13       x14=1a10f008 x14:00000008 x13:1a10f000
15528333ns          255603 1c0094c6 00a7e723 p.sw             x10, x0(x15)        x10:00000064 x15:00000000  PA:1a10f008
15528671ns          255620 1c0094ca 00000513 addi             x10, x0, 0          x10=00000000
15528691ns          255621 1c0094cc 00008067 jalr             x0, x1, 0            x1:1c00959c
15528731ns          255623 1c00959c 31f52563 p.beqimm         x10, 778            x10:00000000
15528751ns          255624 1c0095a0 001d8d93 addi             x27, x27, 1         x27=00000027 x27:00000026
15528771ns          255625 1c0095a2 00044503 lbu              x10, 0(x8)          x10=00000020  x8:1c000084  PA:1c000084
15529069ns          255640 1c0095a6 00140413 addi             x8, x8, 1            x8=1c000085  x8:1c000084
15529089ns          255641 1c0095a8 fe0514e3 bne              x10, x0, -24        x10:00000020
15529149ns          255644 1c009590 02500793 addi             x15, x0, 37         x15=00000025
15529169ns          255645 1c009594 04f50863 beq              x10, x15, 80        x10:00000020 x15:00000025
15529189ns          255646 1c009598 01a005b3 add              x11, x0, x26        x11=00000002 x26:00000002
15529208ns          255647 1c00959a 000b00e7 jalr             x1, x22, 0           x1=1c00959c x22:1c0094a6
15529248ns          255649 1c0094a6 000026b7 lui              x13, 0x2000         x13=00002000
15529268ns          255650 1c0094a8 f14027f3 csrrs            x15, x0, 0xf14      x15=00000001
15529288ns          255651 1c0094ac f8068693 addi             x13, x13, -128      x13=00001f80 x13:00002000
15529308ns          255652 1c0094b0 00379713 slli             x14, x15, 0x3       x14=00000008 x15:00000001
15529328ns          255653 1c0094b4 00279793 slli             x15, x15, 0x2       x15=00000004 x15:00000001
15529348ns          255654 1c0094b6 00d7f7b3 and              x15, x15, x13       x15=00000000 x15:00000004 x13:00001f80
15529368ns          255655 1c0094b8 ee873733 p.bclr           x14, x14, 23, 8     x14=00000008 x14:00000008
15529387ns          255656 1c0094bc 1a10f6b7 lui              x13, 0x1a10f000     x13=1a10f000
15529407ns          255657 1c0094c0 0ff57513 andi             x10, x10, 255       x10=00000020 x10:00000020
15529427ns          255658 1c0094c4 00d70733 add              x14, x14, x13       x14=1a10f008 x14:00000008 x13:1a10f000
15529447ns          255659 1c0094c6 00a7e723 p.sw             x10, x0(x15)        x10:00000020 x15:00000000  PA:1a10f008
15529765ns          255675 1c0094ca 00000513 addi             x10, x0, 0          x10=00000000
15529785ns          255676 1c0094cc 00008067 jalr             x0, x1, 0            x1:1c00959c
15529825ns          255678 1c00959c 31f52563 p.beqimm         x10, 778            x10:00000000
15529845ns          255679 1c0095a0 001d8d93 addi             x27, x27, 1         x27=00000028 x27:00000027
15529865ns          255680 1c0095a2 00044503 lbu              x10, 0(x8)          x10=0000003d  x8:1c000085  PA:1c000085
15530163ns          255695 1c0095a6 00140413 addi             x8, x8, 1            x8=1c000086  x8:1c000085
15530183ns          255696 1c0095a8 fe0514e3 bne              x10, x0, -24        x10:0000003d
15530243ns          255699 1c009590 02500793 addi             x15, x0, 37         x15=00000025
15530263ns          255700 1c009594 04f50863 beq              x10, x15, 80        x10:0000003d x15:00000025
15530283ns          255701 1c009598 01a005b3 add              x11, x0, x26        x11=00000002 x26:00000002
15530302ns          255702 1c00959a 000b00e7 jalr             x1, x22, 0           x1=1c00959c x22:1c0094a6
15530342ns          255704 1c0094a6 000026b7 lui              x13, 0x2000         x13=00002000
15530362ns          255705 1c0094a8 f14027f3 csrrs            x15, x0, 0xf14      x15=00000001
15530382ns          255706 1c0094ac f8068693 addi             x13, x13, -128      x13=00001f80 x13:00002000
15530402ns          255707 1c0094b0 00379713 slli             x14, x15, 0x3       x14=00000008 x15:00000001
15530422ns          255708 1c0094b4 00279793 slli             x15, x15, 0x2       x15=00000004 x15:00000001
15530442ns          255709 1c0094b6 00d7f7b3 and              x15, x15, x13       x15=00000000 x15:00000004 x13:00001f80
15530462ns          255710 1c0094b8 ee873733 p.bclr           x14, x14, 23, 8     x14=00000008 x14:00000008
15530481ns          255711 1c0094bc 1a10f6b7 lui              x13, 0x1a10f000     x13=1a10f000
15530501ns          255712 1c0094c0 0ff57513 andi             x10, x10, 255       x10=0000003d x10:0000003d
15530521ns          255713 1c0094c4 00d70733 add              x14, x14, x13       x14=1a10f008 x14:00000008 x13:1a10f000
15530541ns          255714 1c0094c6 00a7e723 p.sw             x10, x0(x15)        x10:0000003d x15:00000000  PA:1a10f008
15530859ns          255730 1c0094ca 00000513 addi             x10, x0, 0          x10=00000000
15530879ns          255731 1c0094cc 00008067 jalr             x0, x1, 0            x1:1c00959c
15530919ns          255733 1c00959c 31f52563 p.beqimm         x10, 778            x10:00000000
15530939ns          255734 1c0095a0 001d8d93 addi             x27, x27, 1         x27=00000029 x27:00000028
15530959ns          255735 1c0095a2 00044503 lbu              x10, 0(x8)          x10=00000020  x8:1c000086  PA:1c000086
15531257ns          255750 1c0095a6 00140413 addi             x8, x8, 1            x8=1c000087  x8:1c000086
15531277ns          255751 1c0095a8 fe0514e3 bne              x10, x0, -24        x10:00000020
15531337ns          255754 1c009590 02500793 addi             x15, x0, 37         x15=00000025
15531357ns          255755 1c009594 04f50863 beq              x10, x15, 80        x10:00000020 x15:00000025
15531377ns          255756 1c009598 01a005b3 add              x11, x0, x26        x11=00000002 x26:00000002
15531396ns          255757 1c00959a 000b00e7 jalr             x1, x22, 0           x1=1c00959c x22:1c0094a6
15531436ns          255759 1c0094a6 000026b7 lui              x13, 0x2000         x13=00002000
15531456ns          255760 1c0094a8 f14027f3 csrrs            x15, x0, 0xf14      x15=00000001
15531476ns          255761 1c0094ac f8068693 addi             x13, x13, -128      x13=00001f80 x13:00002000
15531496ns          255762 1c0094b0 00379713 slli             x14, x15, 0x3       x14=00000008 x15:00000001
15531516ns          255763 1c0094b4 00279793 slli             x15, x15, 0x2       x15=00000004 x15:00000001
15531536ns          255764 1c0094b6 00d7f7b3 and              x15, x15, x13       x15=00000000 x15:00000004 x13:00001f80
15531556ns          255765 1c0094b8 ee873733 p.bclr           x14, x14, 23, 8     x14=00000008 x14:00000008
15531575ns          255766 1c0094bc 1a10f6b7 lui              x13, 0x1a10f000     x13=1a10f000
15531595ns          255767 1c0094c0 0ff57513 andi             x10, x10, 255       x10=00000020 x10:00000020
15531615ns          255768 1c0094c4 00d70733 add              x14, x14, x13       x14=1a10f008 x14:00000008 x13:1a10f000
15531635ns          255769 1c0094c6 00a7e723 p.sw             x10, x0(x15)        x10:00000020 x15:00000000  PA:1a10f008
15531973ns          255786 1c0094ca 00000513 addi             x10, x0, 0          x10=00000000
15531993ns          255787 1c0094cc 00008067 jalr             x0, x1, 0            x1:1c00959c
15532033ns          255789 1c00959c 31f52563 p.beqimm         x10, 778            x10:00000000
15532053ns          255790 1c0095a0 001d8d93 addi             x27, x27, 1         x27=0000002a x27:00000029
15532073ns          255791 1c0095a2 00044503 lbu              x10, 0(x8)          x10=00000025  x8:1c000087  PA:1c000087
15532371ns          255806 1c0095a6 00140413 addi             x8, x8, 1            x8=1c000088  x8:1c000087
15532391ns          255807 1c0095a8 fe0514e3 bne              x10, x0, -24        x10:00000025
15532451ns          255810 1c009590 02500793 addi             x15, x0, 37         x15=00000025
15532471ns          255811 1c009594 04f50863 beq              x10, x15, 80        x10:00000025 x15:00000025
15532570ns          255816 1c0095e4 00044483 lbu              x9, 0(x8)            x9=00000064  x8:1c000088  PA:1c000088
15532888ns          255832 1c0095e8 02000693 addi             x13, x0, 32         x13=00000020
15532908ns          255833 1c0095ec 00140a93 addi             x21, x8, 1          x21=1c000089  x8:1c000088
15532928ns          255834 1c0095f0 009005b3 add              x11, x0, x9         x11=00000064  x9:00000064
15532948ns          255835 1c0095f2 1ccb8513 addi             x10, x23, 460       x10=1c0001cc x23:1c000000
15532968ns          255836 1c0095f6 00d12823 sw               x13, 16(x2)         x13:00000020  x2:10000cd8  PA:10000ce8
15532988ns          255837 1c0095f8 00012c23 sw               x0, 24(x2)           x2:10000cd8  PA:10000cf0
15533008ns          255838 1c0095fa 00012a23 sw               x0, 20(x2)           x2:10000cd8  PA:10000cec
15533027ns          255839 1c0095fc 00012e23 sw               x0, 28(x2)           x2:10000cd8  PA:10000cf4
15533047ns          255840 1c0095fe 00012623 sw               x0, 12(x2)           x2:10000cd8  PA:10000ce4
15533067ns          255841 1c009600 02300913 addi             x18, x0, 35         x18=00000023
15533087ns          255842 1c009604 02d00a13 addi             x20, x0, 45         x20=0000002d
15533107ns          255843 1c009608 015009b3 add              x19, x0, x21        x19=1c000089 x21:1c000089
15533127ns          255844 1c00960a e1dff0ef jal              x1, -484             x1=1c00960c
15533246ns          255850 1c009426 00054783 lbu              x15, 0(x10)         x15=0000002d x10:1c0001cc  PA:1c0001cc
15533545ns          255865 1c00942a 0ff5f593 andi             x11, x11, 255       x11=00000064 x11:00000064
15533565ns          255866 1c00942e 00b78c63 beq              x15, x11, 24        x15:0000002d x11:00000064
15533584ns          255867 1c009432 00078b63 beq              x15, x0, 22         x15:0000002d
15533604ns          255868 1c009434 00150793 addi             x15, x10, 1         x15=1c0001cd x10:1c0001cc
15533624ns          255869 1c009438 0040006f jal              x0, 4              
15533724ns          255874 1c00943c 00f00533 add              x10, x0, x15        x10=1c0001cd x15:1c0001cd
15533744ns          255875 1c00943e 0017c70b p.lbu            x14, 1(x15!)        x14=0000002b x15=1c0001ce x15:1c0001cd  PA:1c0001cd
15534062ns          255891 1c009442 feb71ce3 bne              x14, x11, -8        x14:0000002b x11:00000064
15534121ns          255894 1c00943a 00070763 beq              x14, x0, 14         x14:0000002b
15534141ns          255895 1c00943c 00f00533 add              x10, x0, x15        x10=1c0001ce x15:1c0001ce
15534161ns          255896 1c00943e 0017c70b p.lbu            x14, 1(x15!)        x14=00000020 x15=1c0001cf x15:1c0001ce  PA:1c0001ce
15534479ns          255912 1c009442 feb71ce3 bne              x14, x11, -8        x14:00000020 x11:00000064
15534539ns          255915 1c00943a 00070763 beq              x14, x0, 14         x14:00000020
15534559ns          255916 1c00943c 00f00533 add              x10, x0, x15        x10=1c0001cf x15:1c0001cf
15534579ns          255917 1c00943e 0017c70b p.lbu            x14, 1(x15!)        x14=00000023 x15=1c0001d0 x15:1c0001cf  PA:1c0001cf
15534897ns          255933 1c009442 feb71ce3 bne              x14, x11, -8        x14:00000023 x11:00000064
15534957ns          255936 1c00943a 00070763 beq              x14, x0, 14         x14:00000023
15534977ns          255937 1c00943c 00f00533 add              x10, x0, x15        x10=1c0001d0 x15:1c0001d0
15534997ns          255938 1c00943e 0017c70b p.lbu            x14, 1(x15!)        x14=00000030 x15=1c0001d1 x15:1c0001d0  PA:1c0001d0
15535315ns          255954 1c009442 feb71ce3 bne              x14, x11, -8        x14:00000030 x11:00000064
15535375ns          255957 1c00943a 00070763 beq              x14, x0, 14         x14:00000030
15535394ns          255958 1c00943c 00f00533 add              x10, x0, x15        x10=1c0001d1 x15:1c0001d1
15535414ns          255959 1c00943e 0017c70b p.lbu            x14, 1(x15!)        x14=00000000 x15=1c0001d2 x15:1c0001d1  PA:1c0001d1
15535733ns          255975 1c009442 feb71ce3 bne              x14, x11, -8        x14:00000000 x11:00000064
15535792ns          255978 1c00943a 00070763 beq              x14, x0, 14         x14:00000000
15535852ns          255981 1c009448 0015b593 sltiu            x11, x11, 1         x11=00000000 x11:00000064
15535872ns          255982 1c00944c 40b005b3 sub              x11, x0, x11        x11=00000000 x11:00000000
15535892ns          255983 1c009450 00b57533 and              x10, x10, x11       x10=00000000 x10:1c0001d1 x11:00000000
15535912ns          255984 1c009452 00008067 jalr             x0, x1, 0            x1:1c00960c
15535951ns          255986 1c00960c 02050a63 beq              x10, x0, 52         x10:00000000
15536051ns          255991 1c009640 02a00613 addi             x12, x0, 42         x12=0000002a
15536091ns          255993 1c009644 2ac48663 beq              x9, x12, 684         x9:00000064 x12:0000002a
15536111ns          255994 1c009648 fd048613 addi             x12, x9, -48        x12=00000034  x9:00000064
15536130ns          255995 1c00964c 00900593 addi             x11, x0, 9          x11=00000009
15536150ns          255996 1c00964e 00000913 addi             x18, x0, 0          x18=00000000
15536190ns          255998 1c009650 28c5f063 bgeu             x11, x12, 640       x11:00000009 x12:00000034
15536230ns          256000 1c009654 02e00693 addi             x13, x0, 46         x13=0000002e
15536250ns          256001 1c009658 fff00a13 addi             x20, x0, -1         x20=ffffffff
15536270ns          256002 1c00965a 2ed48363 beq              x9, x13, 742         x9:00000064 x13:0000002e
15536290ns          256003 1c00965e 1c0007b7 lui              x15, 0x1c000000     x15=1c000000
15536309ns          256004 1c009662 009005b3 add              x11, x0, x9         x11=00000064  x9:00000064
15536329ns          256005 1c009664 1d478513 addi             x10, x15, 468       x10=1c0001d4 x15:1c000000
15536349ns          256006 1c009668 dbfff0ef jal              x1, -578             x1=1c00966a
15536409ns          256009 1c009426 00054783 lbu              x15, 0(x10)         x15=00000068 x10:1c0001d4  PA:1c0001d4
15536707ns          256024 1c00942a 0ff5f593 andi             x11, x11, 255       x11=00000064 x11:00000064
15536727ns          256025 1c00942e 00b78c63 beq              x15, x11, 24        x15:00000068 x11:00000064
15536747ns          256026 1c009432 00078b63 beq              x15, x0, 22         x15:00000068
15536767ns          256027 1c009434 00150793 addi             x15, x10, 1         x15=1c0001d5 x10:1c0001d4
15536787ns          256028 1c009438 0040006f jal              x0, 4              
15536827ns          256030 1c00943c 00f00533 add              x10, x0, x15        x10=1c0001d5 x15:1c0001d5
15536846ns          256031 1c00943e 0017c70b p.lbu            x14, 1(x15!)        x14=0000006c x15=1c0001d6 x15:1c0001d5  PA:1c0001d5
15537165ns          256047 1c009442 feb71ce3 bne              x14, x11, -8        x14:0000006c x11:00000064
15537224ns          256050 1c00943a 00070763 beq              x14, x0, 14         x14:0000006c
15537244ns          256051 1c00943c 00f00533 add              x10, x0, x15        x10=1c0001d6 x15:1c0001d6
15537264ns          256052 1c00943e 0017c70b p.lbu            x14, 1(x15!)        x14=0000004c x15=1c0001d7 x15:1c0001d6  PA:1c0001d6
15537582ns          256068 1c009442 feb71ce3 bne              x14, x11, -8        x14:0000004c x11:00000064
15537642ns          256071 1c00943a 00070763 beq              x14, x0, 14         x14:0000004c
15537662ns          256072 1c00943c 00f00533 add              x10, x0, x15        x10=1c0001d7 x15:1c0001d7
15537682ns          256073 1c00943e 0017c70b p.lbu            x14, 1(x15!)        x14=0000007a x15=1c0001d8 x15:1c0001d7  PA:1c0001d7
15538000ns          256089 1c009442 feb71ce3 bne              x14, x11, -8        x14:0000007a x11:00000064
15538060ns          256092 1c00943a 00070763 beq              x14, x0, 14         x14:0000007a
15538080ns          256093 1c00943c 00f00533 add              x10, x0, x15        x10=1c0001d8 x15:1c0001d8
15538100ns          256094 1c00943e 0017c70b p.lbu            x14, 1(x15!)        x14=00000000 x15=1c0001d9 x15:1c0001d8  PA:1c0001d8
15538418ns          256110 1c009442 feb71ce3 bne              x14, x11, -8        x14:00000000 x11:00000064
15538478ns          256113 1c00943a 00070763 beq              x14, x0, 14         x14:00000000
15538537ns          256116 1c009448 0015b593 sltiu            x11, x11, 1         x11=00000000 x11:00000064
15538557ns          256117 1c00944c 40b005b3 sub              x11, x0, x11        x11=00000000 x11:00000000
15538577ns          256118 1c009450 00b57533 and              x10, x10, x11       x10=00000000 x10:1c0001d8 x11:00000000
15538597ns          256119 1c009452 00008067 jalr             x0, x1, 0            x1:1c00966a
15538637ns          256121 1c00966a 01300433 add              x8, x0, x19          x8=1c000089 x19:1c000089
15538657ns          256122 1c00966c 00050563 beq              x10, x0, 10         x10:00000000
15538736ns          256126 1c009676 06700693 addi             x13, x0, 103        x13=00000067
15538756ns          256127 1c00967a 2896d963 bge              x13, x9, 658        x13:00000067  x9:00000064
15538855ns          256132 1c00990c 06500693 addi             x13, x0, 101        x13=00000065
15538915ns          256135 1c009910 12d4d563 bge              x9, x13, 298         x9:00000064 x13:00000065
15538955ns          256137 1c009914 04700693 addi             x13, x0, 71         x13=00000047
15538975ns          256138 1c009918 dc96cbe3 blt              x13, x9, -554       x13:00000047  x9:00000064
15539154ns          256147 1c0096ee 06300693 addi             x13, x0, 99         x13=00000063
15539194ns          256149 1c0096f2 0ad488e3 beq              x9, x13, 2224        x9:00000064 x13:00000063
15539213ns          256150 1c0096f6 0096c9e3 blt              x13, x9, 2066       x13:00000063  x9:00000064
15539373ns          256158 1c009f08 000c2583 lw               x11, 0(x24)         x11=00000001 x24:10000e30  PA:10000e30
15539412ns          256160 1c009f0c 004c0c13 addi             x24, x24, 4         x24=10000e34 x24:10000e30
15539472ns          256163 1c009f0e 3405cc63 blt              x11, x0, 856        x11:00000001
15539492ns          256164 1c009f12 01412603 lw               x12, 20(x2)         x12=00000000  x2:10000cd8  PA:10000cec
15539512ns          256165 1c009f14 00b006b3 add              x13, x0, x11        x13=00000001 x11:00000001
15539532ns          256166 1c009f16 2e061863 bne              x12, x0, 752        x12:00000000
15539552ns          256167 1c009f1a 01812703 lw               x14, 24(x2)         x14=00000000  x2:10000cd8  PA:10000cf0
15539572ns          256168 1c009f1c 019007b3 add              x15, x0, x25        x15=10000cfc x25:10000cfc
15539591ns          256169 1c009f1e 00070763 beq              x14, x0, 14         x14:00000000
15539651ns          256172 1c009f2c 00f00733 add              x14, x0, x15        x14=10000cfc x15:10000cfc
15539671ns          256173 1c009f2e 00a00513 addi             x10, x0, 10         x10=0000000a
15539711ns          256175 1c009f30 02a6f633 remu             x12, x13, x10       x12=00000001 x13:00000001 x10:0000000a
15540347ns          256207 1c009f34 02a6d6b3 divu             x13, x13, x10       x13=00000000 x13:00000001 x10:0000000a
15540964ns          256238 1c009f38 03060613 addi             x12, x12, 48        x12=00000031 x12:00000001
15540984ns          256239 1c009f3c 00c700ab p.sb             x12, 1(x14!)        x14=10000cfd x12:00000031 x14:10000cfc  PA:10000cfc
15541004ns          256240 1c009f40 fe0698e3 bne              x13, x0, -16        x13:00000000
15541024ns          256241 1c009f42 40f706b3 sub              x13, x14, x15       x13=00000001 x14:10000cfd x15:10000cfc
15541043ns          256242 1c009f46 0146dc63 bge              x13, x20, 24        x13:00000001 x20:ffffffff
15541163ns          256248 1c009f5e 00e006b3 add              x13, x0, x14        x13=10000cfd x14:10000cfd
15541222ns          256251 1c009f60 fe068fab p.sb             x0, -1(x13!)        x13=10000cfc x13:10000cfd  PA:10000cfd
15541262ns          256253 1c009f64 00d7fc63 bgeu             x15, x13, 24        x15:10000cfc x13:10000cfc
15541362ns          256258 1c009f7c 01412783 lw               x15, 20(x2)         x15=00000000  x2:10000cd8  PA:10000cec
15541382ns          256259 1c009f7e 01812603 lw               x12, 24(x2)         x12=00000000  x2:10000cd8  PA:10000cf0
15541441ns          256262 1c009f80 419704b3 sub              x9, x14, x25         x9=00000001 x14:10000cfd x25:10000cfc
15541481ns          256264 1c009f84 00c7e7b3 or               x15, x15, x12       x15=00000000 x15:00000000 x12:00000000
15541501ns          256265 1c009f86 00f12623 sw               x15, 12(x2)         x15:00000000  x2:10000cd8  PA:10000ce4
15541521ns          256266 1c009f88 00079363 bne              x15, x0, 6          x15:00000000
15541541ns          256267 1c009f8a 01f5d593 srli             x11, x11, 0x1f      x11=00000000 x11:00000001
15541561ns          256268 1c009f8c 00b12623 sw               x11, 12(x2)         x11:00000000  x2:10000cd8  PA:10000ce4
15541580ns          256269 1c009f8e e3fa28e3 p.beqimm         x20, -464           x20:ffffffff
15541700ns          256275 1c009dbe 0c800793 addi             x15, x0, 200        x15=000000c8
15541740ns          256277 1c009dc2 9e97d0e3 bge              x15, x9, -1568      x15:000000c8  x9:00000001
15541879ns          256284 1c0097a2 0f24d163 bge              x9, x18, 226         x9:00000001 x18:00000000
15541939ns          256287 1c009884 d00482e3 beq              x9, x0, -764         x9:00000001
15541958ns          256288 1c009888 01900933 add              x18, x0, x25        x18=10000cfc x25:10000cfc
15541978ns          256289 1c00988a 419d8db3 sub              x27, x27, x25       x27=effff32e x27:0000002a x25:10000cfc
15541998ns          256290 1c00988e 00a0006f jal              x0, 10             
15542078ns          256294 1c009898 0019450b p.lbu            x10, 1(x18!)        x10=00000031 x18=10000cfd x18:10000cfc  PA:10000cfc
15542098ns          256295 1c00989c 01a005b3 add              x11, x0, x26        x11=00000002 x26:00000002
15542118ns          256296 1c00989e 000b00e7 jalr             x1, x22, 0           x1=1c0098a0 x22:1c0094a6
15542197ns          256300 1c0094a6 000026b7 lui              x13, 0x2000         x13=00002000
15542217ns          256301 1c0094a8 f14027f3 csrrs            x15, x0, 0xf14      x15=00000001
15542237ns          256302 1c0094ac f8068693 addi             x13, x13, -128      x13=00001f80 x13:00002000
15542257ns          256303 1c0094b0 00379713 slli             x14, x15, 0x3       x14=00000008 x15:00000001
15542277ns          256304 1c0094b4 00279793 slli             x15, x15, 0x2       x15=00000004 x15:00000001
15542297ns          256305 1c0094b6 00d7f7b3 and              x15, x15, x13       x15=00000000 x15:00000004 x13:00001f80
15542316ns          256306 1c0094b8 ee873733 p.bclr           x14, x14, 23, 8     x14=00000008 x14:00000008
15542336ns          256307 1c0094bc 1a10f6b7 lui              x13, 0x1a10f000     x13=1a10f000
15542376ns          256309 1c0094c0 0ff57513 andi             x10, x10, 255       x10=00000031 x10:00000031
15542416ns          256311 1c0094c4 00d70733 add              x14, x14, x13       x14=1a10f008 x14:00000008 x13:1a10f000
15542436ns          256312 1c0094c6 00a7e723 p.sw             x10, x0(x15)        x10:00000031 x15:00000000  PA:1a10f008
15542814ns          256331 1c0094ca 00000513 addi             x10, x0, 0          x10=00000000
15542834ns          256332 1c0094cc 00008067 jalr             x0, x1, 0            x1:1c0098a0
15542873ns          256334 1c0098a0 fff48493 addi             x9, x9, -1           x9=00000000  x9:00000001
15542893ns          256335 1c0098a2 fff537e3 p.bneimm         x10, -18            x10:00000000
15542953ns          256338 1c009890 012d8733 add              x14, x27, x18       x14=0000002b x27:effff32e x18:10000cfd
15542973ns          256339 1c009894 5a048b63 beq              x9, x0, 1462         x9:00000000
15543072ns          256344 1c009e4a 00e00db3 add              x27, x0, x14        x27=0000002b x14:0000002b
15543112ns          256346 1c009e4c f3cff06f jal              x0, -2244          
15543251ns          256353 1c009588 00044503 lbu              x10, 0(x8)          x10=00000029  x8:1c000089  PA:1c000089
15543570ns          256369 1c00958c 00140413 addi             x8, x8, 1            x8=1c00008a  x8:1c000089
15543589ns          256370 1c00958e 00050e63 beq              x10, x0, 28         x10:00000029
15543609ns          256371 1c009590 02500793 addi             x15, x0, 37         x15=00000025
15543629ns          256372 1c009594 04f50863 beq              x10, x15, 80        x10:00000029 x15:00000025
15543649ns          256373 1c009598 01a005b3 add              x11, x0, x26        x11=00000002 x26:00000002
15543669ns          256374 1c00959a 000b00e7 jalr             x1, x22, 0           x1=1c00959c x22:1c0094a6
15543749ns          256378 1c0094a6 000026b7 lui              x13, 0x2000         x13=00002000
15543768ns          256379 1c0094a8 f14027f3 csrrs            x15, x0, 0xf14      x15=00000001
15543788ns          256380 1c0094ac f8068693 addi             x13, x13, -128      x13=00001f80 x13:00002000
15543808ns          256381 1c0094b0 00379713 slli             x14, x15, 0x3       x14=00000008 x15:00000001
15543828ns          256382 1c0094b4 00279793 slli             x15, x15, 0x2       x15=00000004 x15:00000001
15543848ns          256383 1c0094b6 00d7f7b3 and              x15, x15, x13       x15=00000000 x15:00000004 x13:00001f80
15543868ns          256384 1c0094b8 ee873733 p.bclr           x14, x14, 23, 8     x14=00000008 x14:00000008
15543888ns          256385 1c0094bc 1a10f6b7 lui              x13, 0x1a10f000     x13=1a10f000
15543908ns          256386 1c0094c0 0ff57513 andi             x10, x10, 255       x10=00000029 x10:00000029
15543928ns          256387 1c0094c4 00d70733 add              x14, x14, x13       x14=1a10f008 x14:00000008 x13:1a10f000
15543947ns          256388 1c0094c6 00a7e723 p.sw             x10, x0(x15)        x10:00000029 x15:00000000  PA:1a10f008
15544286ns          256405 1c0094ca 00000513 addi             x10, x0, 0          x10=00000000
15544306ns          256406 1c0094cc 00008067 jalr             x0, x1, 0            x1:1c00959c
15544345ns          256408 1c00959c 31f52563 p.beqimm         x10, 778            x10:00000000
15544365ns          256409 1c0095a0 001d8d93 addi             x27, x27, 1         x27=0000002c x27:0000002b
15544385ns          256410 1c0095a2 00044503 lbu              x10, 0(x8)          x10=0000000a  x8:1c00008a  PA:1c00008a
15544683ns          256425 1c0095a6 00140413 addi             x8, x8, 1            x8=1c00008b  x8:1c00008a
15544703ns          256426 1c0095a8 fe0514e3 bne              x10, x0, -24        x10:0000000a
15544763ns          256429 1c009590 02500793 addi             x15, x0, 37         x15=00000025
15544783ns          256430 1c009594 04f50863 beq              x10, x15, 80        x10:0000000a x15:00000025
15544803ns          256431 1c009598 01a005b3 add              x11, x0, x26        x11=00000002 x26:00000002
15544823ns          256432 1c00959a 000b00e7 jalr             x1, x22, 0           x1=1c00959c x22:1c0094a6
15544862ns          256434 1c0094a6 000026b7 lui              x13, 0x2000         x13=00002000
15544882ns          256435 1c0094a8 f14027f3 csrrs            x15, x0, 0xf14      x15=00000001
15544902ns          256436 1c0094ac f8068693 addi             x13, x13, -128      x13=00001f80 x13:00002000
15544922ns          256437 1c0094b0 00379713 slli             x14, x15, 0x3       x14=00000008 x15:00000001
15544942ns          256438 1c0094b4 00279793 slli             x15, x15, 0x2       x15=00000004 x15:00000001
15544962ns          256439 1c0094b6 00d7f7b3 and              x15, x15, x13       x15=00000000 x15:00000004 x13:00001f80
15544982ns          256440 1c0094b8 ee873733 p.bclr           x14, x14, 23, 8     x14=00000008 x14:00000008
15545002ns          256441 1c0094bc 1a10f6b7 lui              x13, 0x1a10f000     x13=1a10f000
15545022ns          256442 1c0094c0 0ff57513 andi             x10, x10, 255       x10=0000000a x10:0000000a
15545041ns          256443 1c0094c4 00d70733 add              x14, x14, x13       x14=1a10f008 x14:00000008 x13:1a10f000
15545061ns          256444 1c0094c6 00a7e723 p.sw             x10, x0(x15)        x10:0000000a x15:00000000  PA:1a10f008
15545380ns          256460 1c0094ca 00000513 addi             x10, x0, 0          x10=00000000
15545400ns          256461 1c0094cc 00008067 jalr             x0, x1, 0            x1:1c00959c
15545439ns          256463 1c00959c 31f52563 p.beqimm         x10, 778            x10:00000000
15545459ns          256464 1c0095a0 001d8d93 addi             x27, x27, 1         x27=0000002d x27:0000002c
15545479ns          256465 1c0095a2 00044503 lbu              x10, 0(x8)          x10=00000000  x8:1c00008b  PA:1c00008b
15545777ns          256480 1c0095a6 00140413 addi             x8, x8, 1            x8=1c00008c  x8:1c00008b
15545797ns          256481 1c0095a8 fe0514e3 bne              x10, x0, -24        x10:00000000
15545817ns          256482 1c0095aa 01b00433 add              x8, x0, x27          x8=0000002d x27:0000002d
15545837ns          256483 1c0095ac 00800533 add              x10, x0, x8         x10=0000002d  x8:0000002d
15545857ns          256484 1c0095ae 12c12083 lw               x1, 300(x2)          x1=1c00953a  x2:10000cd8  PA:10000e04
15545877ns          256485 1c0095b2 12812403 lw               x8, 296(x2)          x8=xxxxxxxx  x2:10000cd8  PA:10000e00
15545897ns          256486 1c0095b6 12412483 lw               x9, 292(x2)          x9=00000001  x2:10000cd8  PA:10000dfc
15545917ns          256487 1c0095ba 12012903 lw               x18, 288(x2)        x18=xxxxxxxx  x2:10000cd8  PA:10000df8
15546314ns          256507 1c0095be 11c12983 lw               x19, 284(x2)        x19=xxxxxxxx  x2:10000cd8  PA:10000df4
15546354ns          256509 1c0095c2 11812a03 lw               x20, 280(x2)        x20=xxxxxxxx  x2:10000cd8  PA:10000df0
15546374ns          256510 1c0095c6 11412a83 lw               x21, 276(x2)        x21=xxxxxxxx  x2:10000cd8  PA:10000dec
15546394ns          256511 1c0095ca 11012b03 lw               x22, 272(x2)        x22=xxxxxxxx  x2:10000cd8  PA:10000de8
15546832ns          256533 1c0095ce 10c12b83 lw               x23, 268(x2)        x23=xxxxxxxx  x2:10000cd8  PA:10000de4
15546871ns          256535 1c0095d2 10812c03 lw               x24, 264(x2)        x24=xxxxxxxx  x2:10000cd8  PA:10000de0
15546891ns          256536 1c0095d6 10412c83 lw               x25, 260(x2)        x25=xxxxxxxx  x2:10000cd8  PA:10000ddc
15546911ns          256537 1c0095da 10012d03 lw               x26, 256(x2)        x26=xxxxxxxx  x2:10000cd8  PA:10000dd8
15546931ns          256538 1c0095de 0fc12d83 lw               x27, 252(x2)        x27=xxxxxxxx  x2:10000cd8  PA:10000dd4
15546971ns          256540 1c0095e0 13010113 addi             x2, x2, 304          x2=10000e08  x2:10000cd8
15546991ns          256541 1c0095e2 00008067 jalr             x0, x1, 0            x1:1c00953a
15547070ns          256545 1c00953a 01c12083 lw               x1, 28(x2)           x1=1c008858  x2:10000e08  PA:10000e24
15547110ns          256547 1c00953c 04010113 addi             x2, x2, 64           x2=10000e48  x2:10000e08
15547130ns          256548 1c00953e 00008067 jalr             x0, x1, 0            x1:1c008858
15547249ns          256554 1c008858 00300793 addi             x15, x0, 3          x15=00000003
15547289ns          256556 1c00885a 0097f463 bgeu             x15, x9, 8          x15:00000003  x9:00000001
15547786ns          256581 1c008862 066020ef jal              x1, 8294             x1=1c008866
15548244ns          256604 1c00a8c8 f14027f3 csrrs            x15, x0, 0xf14      x15=00000001
15548284ns          256606 1c00a8cc 01f00713 addi             x14, x0, 31         x14=0000001f
15548721ns          256628 1c00a8ce ca5797b3 p.extractu       x15, x15, 5, 5      x15=00000000 x15:00000001
15548761ns          256630 1c00a8d2 00e78863 beq              x15, x14, 16        x15:00000000 x14:0000001f
15548781ns          256631 1c00a8d6 002047b7 lui              x15, 0x204000       x15=00204000
15548801ns          256632 1c00a8da 20078793 addi             x15, x15, 512       x15=00204200 x15:00204000
15549258ns          256655 1c00a8de 01c7e703 p.elw            x14, 28(x15)        x14=00010000 x15:00204200  PA:0020421c
15549437ns          256664 1c00a8e2 00008067 jalr             x0, x1, 0            x1:1c008866
15549497ns          256667 1c008866 f14027f3 csrrs            x15, x0, 0xf14      x15=00000001
15549517ns          256668 1c00886a f457b7b3 p.bclr           x15, x15, 26, 5     x15=00000001 x15:00000001
15549994ns          256692 1c00886e 2c078063 beq              x15, x0, 704        x15:00000001
15550034ns          256694 1c008872 1c0006b7 lui              x13, 0x1c000000     x13=1c000000
15550054ns          256695 1c008876 0586a683 lw               x13, 88(x13)        x13=3e800000 x13:1c000000  PA:1c000058
15550432ns          256714 1c00887a 1c010937 lui              x18, 0x1c010000     x18=1c010000
15550611ns          256723 1c00887e 00090913 addi             x18, x18, 0         x18=1c010000 x18:1c010000
15550651ns          256725 1c008882 04090713 addi             x14, x18, 64        x14=1c010040 x18:1c010000
15550671ns          256726 1c008886 00749793 slli             x15, x9, 0x7        x15=00000080  x9:00000001
15550690ns          256727 1c00888a 18d12623 sw               x13, 396(x2)        x13:3e800000  x2:10000e48  PA:10000fd4
15550710ns          256728 1c00888e 00100693 addi             x13, x0, 1          x13=00000001
15551128ns          256749 1c008890 10d12223 sw               x13, 260(x2)        x13:00000001  x2:10000e48  PA:10000f4c
15551168ns          256751 1c008894 00e787b3 add              x15, x15, x14       x15=1c0100c0 x15:00000080 x14:1c010040
15551188ns          256752 1c008896 00410713 addi             x14, x2, 4          x14=10000e4c  x2:10000e48
15551208ns          256753 1c008898 0086d0fb lp.setupi        0x1, 0x8, 0xd      
15551228ns          256754 1c00889c 0007a803 lw               x16, 0(x15)         x16=410123bd x15:1c0100c0  PA:1c0100c0
15551665ns          256776 1c0088a0 0047a503 lw               x10, 4(x15)         x10=40f019a7 x15:1c0100c0  PA:1c0100c4
15551963ns          256791 1c0088a2 0087a583 lw               x11, 8(x15)         x11=4109e150 x15:1c0100c0  PA:1c0100c8
15552262ns          256806 1c0088a4 00c7a603 lw               x12, 12(x15)        x12=40b10df1 x15:1c0100c0  PA:1c0100cc
15552560ns          256821 1c0088a6 01072023 sw               x16, 0(x14)         x16:410123bd x14:10000e4c  PA:10000e4c
15552580ns          256822 1c0088aa 00a72223 sw               x10, 4(x14)         x10:40f019a7 x14:10000e4c  PA:10000e50
15552600ns          256823 1c0088ac 00b72423 sw               x11, 8(x14)         x11:4109e150 x14:10000e4c  PA:10000e54
15552620ns          256824 1c0088ae 00c72623 sw               x12, 12(x14)        x12:40b10df1 x14:10000e4c  PA:10000e58
15552640ns          256825 1c0088b0 01078793 addi             x15, x15, 16        x15=1c0100d0 x15:1c0100c0
15552660ns          256826 1c0088b2 01070713 addi             x14, x14, 16        x14=10000e5c x14:10000e4c
15552680ns          256827 1c00889c 0007a803 lw               x16, 0(x15)         x16=40fe9b09 x15:1c0100d0  PA:1c0100d0
15552978ns          256842 1c0088a0 0047a503 lw               x10, 4(x15)         x10=4117fa49 x15:1c0100d0  PA:1c0100d4
15553296ns          256858 1c0088a2 0087a583 lw               x11, 8(x15)         x11=40eeab02 x15:1c0100d0  PA:1c0100d8
15553595ns          256873 1c0088a4 00c7a603 lw               x12, 12(x15)        x12=3f1ead2c x15:1c0100d0  PA:1c0100dc
15553893ns          256888 1c0088a6 01072023 sw               x16, 0(x14)         x16:40fe9b09 x14:10000e5c  PA:10000e5c
15553913ns          256889 1c0088aa 00a72223 sw               x10, 4(x14)         x10:4117fa49 x14:10000e5c  PA:10000e60
15553933ns          256890 1c0088ac 00b72423 sw               x11, 8(x14)         x11:40eeab02 x14:10000e5c  PA:10000e64
15553953ns          256891 1c0088ae 00c72623 sw               x12, 12(x14)        x12:3f1ead2c x14:10000e5c  PA:10000e68
15553972ns          256892 1c0088b0 01078793 addi             x15, x15, 16        x15=1c0100e0 x15:1c0100d0
15553992ns          256893 1c0088b2 01070713 addi             x14, x14, 16        x14=10000e6c x14:10000e5c
15554012ns          256894 1c00889c 0007a803 lw               x16, 0(x15)         x16=3ff3a669 x15:1c0100e0  PA:1c0100e0
15554311ns          256909 1c0088a0 0047a503 lw               x10, 4(x15)         x10=40eedd3c x15:1c0100e0  PA:1c0100e4
15554629ns          256925 1c0088a2 0087a583 lw               x11, 8(x15)         x11=3f8bcec3 x15:1c0100e0  PA:1c0100e8
15554927ns          256940 1c0088a4 00c7a603 lw               x12, 12(x15)        x12=411c4736 x15:1c0100e0  PA:1c0100ec
15555226ns          256955 1c0088a6 01072023 sw               x16, 0(x14)         x16:3ff3a669 x14:10000e6c  PA:10000e6c
15555245ns          256956 1c0088aa 00a72223 sw               x10, 4(x14)         x10:40eedd3c x14:10000e6c  PA:10000e70
15555265ns          256957 1c0088ac 00b72423 sw               x11, 8(x14)         x11:3f8bcec3 x14:10000e6c  PA:10000e74
15555285ns          256958 1c0088ae 00c72623 sw               x12, 12(x14)        x12:411c4736 x14:10000e6c  PA:10000e78
15555305ns          256959 1c0088b0 01078793 addi             x15, x15, 16        x15=1c0100f0 x15:1c0100e0
15555325ns          256960 1c0088b2 01070713 addi             x14, x14, 16        x14=10000e7c x14:10000e6c
15555345ns          256961 1c00889c 0007a803 lw               x16, 0(x15)         x16=40f776d4 x15:1c0100f0  PA:1c0100f0
15555643ns          256976 1c0088a0 0047a503 lw               x10, 4(x15)         x10=411f167d x15:1c0100f0  PA:1c0100f4
15555962ns          256992 1c0088a2 0087a583 lw               x11, 8(x15)         x11=404b0dd6 x15:1c0100f0  PA:1c0100f8
15556260ns          257007 1c0088a4 00c7a603 lw               x12, 12(x15)        x12=40eadf29 x15:1c0100f0  PA:1c0100fc
15556558ns          257022 1c0088a6 01072023 sw               x16, 0(x14)         x16:40f776d4 x14:10000e7c  PA:10000e7c
15556578ns          257023 1c0088aa 00a72223 sw               x10, 4(x14)         x10:411f167d x14:10000e7c  PA:10000e80
15556598ns          257024 1c0088ac 00b72423 sw               x11, 8(x14)         x11:404b0dd6 x14:10000e7c  PA:10000e84
15556618ns          257025 1c0088ae 00c72623 sw               x12, 12(x14)        x12:40eadf29 x14:10000e7c  PA:10000e88
15556638ns          257026 1c0088b0 01078793 addi             x15, x15, 16        x15=1c010100 x15:1c0100f0
15556658ns          257027 1c0088b2 01070713 addi             x14, x14, 16        x14=10000e8c x14:10000e7c
15556678ns          257028 1c00889c 0007a803 lw               x16, 0(x15)         x16=41027bb8 x15:1c010100  PA:1c010100
15556976ns          257043 1c0088a0 0047a503 lw               x10, 4(x15)         x10=4084ee8b x15:1c010100  PA:1c010104
15557294ns          257059 1c0088a2 0087a583 lw               x11, 8(x15)         x11=408eed72 x15:1c010100  PA:1c010108
15557593ns          257074 1c0088a4 00c7a603 lw               x12, 12(x15)        x12=40b8606a x15:1c010100  PA:1c01010c
15557891ns          257089 1c0088a6 01072023 sw               x16, 0(x14)         x16:41027bb8 x14:10000e8c  PA:10000e8c
15557911ns          257090 1c0088aa 00a72223 sw               x10, 4(x14)         x10:4084ee8b x14:10000e8c  PA:10000e90
15557931ns          257091 1c0088ac 00b72423 sw               x11, 8(x14)         x11:408eed72 x14:10000e8c  PA:10000e94
15557951ns          257092 1c0088ae 00c72623 sw               x12, 12(x14)        x12:40b8606a x14:10000e8c  PA:10000e98
15557970ns          257093 1c0088b0 01078793 addi             x15, x15, 16        x15=1c010110 x15:1c010100
15557990ns          257094 1c0088b2 01070713 addi             x14, x14, 16        x14=10000e9c x14:10000e8c
15558010ns          257095 1c00889c 0007a803 lw               x16, 0(x15)         x16=40f40e60 x15:1c010110  PA:1c010110
15558309ns          257110 1c0088a0 0047a503 lw               x10, 4(x15)         x10=40c60f8f x15:1c010110  PA:1c010114
15558627ns          257126 1c0088a2 0087a583 lw               x11, 8(x15)         x11=40497600 x15:1c010110  PA:1c010118
15558925ns          257141 1c0088a4 00c7a603 lw               x12, 12(x15)        x12=4100414e x15:1c010110  PA:1c01011c
15559224ns          257156 1c0088a6 01072023 sw               x16, 0(x14)         x16:40f40e60 x14:10000e9c  PA:10000e9c
15559243ns          257157 1c0088aa 00a72223 sw               x10, 4(x14)         x10:40c60f8f x14:10000e9c  PA:10000ea0
15559263ns          257158 1c0088ac 00b72423 sw               x11, 8(x14)         x11:40497600 x14:10000e9c  PA:10000ea4
15559283ns          257159 1c0088ae 00c72623 sw               x12, 12(x14)        x12:4100414e x14:10000e9c  PA:10000ea8
15559303ns          257160 1c0088b0 01078793 addi             x15, x15, 16        x15=1c010120 x15:1c010110
15559323ns          257161 1c0088b2 01070713 addi             x14, x14, 16        x14=10000eac x14:10000e9c
15559343ns          257162 1c00889c 0007a803 lw               x16, 0(x15)         x16=40f43b92 x15:1c010120  PA:1c010120
15559641ns          257177 1c0088a0 0047a503 lw               x10, 4(x15)         x10=401d452a x15:1c010120  PA:1c010124
15559960ns          257193 1c0088a2 0087a583 lw               x11, 8(x15)         x11=40a26439 x15:1c010120  PA:1c010128
15560258ns          257208 1c0088a4 00c7a603 lw               x12, 12(x15)        x12=3fbc2f49 x15:1c010120  PA:1c01012c
15560556ns          257223 1c0088a6 01072023 sw               x16, 0(x14)         x16:40f43b92 x14:10000eac  PA:10000eac
15560576ns          257224 1c0088aa 00a72223 sw               x10, 4(x14)         x10:401d452a x14:10000eac  PA:10000eb0
15560596ns          257225 1c0088ac 00b72423 sw               x11, 8(x14)         x11:40a26439 x14:10000eac  PA:10000eb4
15560616ns          257226 1c0088ae 00c72623 sw               x12, 12(x14)        x12:3fbc2f49 x14:10000eac  PA:10000eb8
15560636ns          257227 1c0088b0 01078793 addi             x15, x15, 16        x15=1c010130 x15:1c010120
15560656ns          257228 1c0088b2 01070713 addi             x14, x14, 16        x14=10000ebc x14:10000eac
15560676ns          257229 1c00889c 0007a803 lw               x16, 0(x15)         x16=3fa603a9 x15:1c010130  PA:1c010130
15560974ns          257244 1c0088a0 0047a503 lw               x10, 4(x15)         x10=40d368d4 x15:1c010130  PA:1c010134
15561292ns          257260 1c0088a2 0087a583 lw               x11, 8(x15)         x11=3f3b78cd x15:1c010130  PA:1c010138
15561591ns          257275 1c0088a4 00c7a603 lw               x12, 12(x15)        x12=40010045 x15:1c010130  PA:1c01013c
15561889ns          257290 1c0088a6 01072023 sw               x16, 0(x14)         x16:3fa603a9 x14:10000ebc  PA:10000ebc
15561909ns          257291 1c0088aa 00a72223 sw               x10, 4(x14)         x10:40d368d4 x14:10000ebc  PA:10000ec0
15561929ns          257292 1c0088ac 00b72423 sw               x11, 8(x14)         x11:3f3b78cd x14:10000ebc  PA:10000ec4
15561949ns          257293 1c0088ae 00c72623 sw               x12, 12(x14)        x12:40010045 x14:10000ebc  PA:10000ec8
15561969ns          257294 1c0088b0 01078793 addi             x15, x15, 16        x15=1c010140 x15:1c010130
15561988ns          257295 1c0088b2 01070713 addi             x14, x14, 16        x14=10000ecc x14:10000ebc
15562008ns          257296 1c0088b4 10c10693 addi             x13, x2, 268        x13=10000f54  x2:10000e48
15562028ns          257297 1c0088b6 00000713 addi             x14, x0, 0          x14=00000000
15562048ns          257298 1c0088b8 020250fb lp.setupi        0x1, 0x20, 0x4     
15562068ns          257299 1c0088bc 00e6a22b p.sw             x14, 4(x13!)        x13=10000f58 x14:00000000 x13:10000f54  PA:10000f54
15562446ns          257318 1c0088c0 00170713 addi             x14, x14, 1         x14=00000001 x14:00000000
15562486ns          257320 1c0088bc 00e6a22b p.sw             x14, 4(x13!)        x13=10000f5c x14:00000001 x13:10000f58  PA:10000f58
15562506ns          257321 1c0088c0 00170713 addi             x14, x14, 1         x14=00000002 x14:00000001
15562525ns          257322 1c0088bc 00e6a22b p.sw             x14, 4(x13!)        x13=10000f60 x14:00000002 x13:10000f5c  PA:10000f5c
15562545ns          257323 1c0088c0 00170713 addi             x14, x14, 1         x14=00000003 x14:00000002
15562565ns          257324 1c0088bc 00e6a22b p.sw             x14, 4(x13!)        x13=10000f64 x14:00000003 x13:10000f60  PA:10000f60
15562585ns          257325 1c0088c0 00170713 addi             x14, x14, 1         x14=00000004 x14:00000003
15562605ns          257326 1c0088bc 00e6a22b p.sw             x14, 4(x13!)        x13=10000f68 x14:00000004 x13:10000f64  PA:10000f64
15562625ns          257327 1c0088c0 00170713 addi             x14, x14, 1         x14=00000005 x14:00000004
15562645ns          257328 1c0088bc 00e6a22b p.sw             x14, 4(x13!)        x13=10000f6c x14:00000005 x13:10000f68  PA:10000f68
15562665ns          257329 1c0088c0 00170713 addi             x14, x14, 1         x14=00000006 x14:00000005
15562685ns          257330 1c0088bc 00e6a22b p.sw             x14, 4(x13!)        x13=10000f70 x14:00000006 x13:10000f6c  PA:10000f6c
15562704ns          257331 1c0088c0 00170713 addi             x14, x14, 1         x14=00000007 x14:00000006
15562724ns          257332 1c0088bc 00e6a22b p.sw             x14, 4(x13!)        x13=10000f74 x14:00000007 x13:10000f70  PA:10000f70
15562744ns          257333 1c0088c0 00170713 addi             x14, x14, 1         x14=00000008 x14:00000007
15562764ns          257334 1c0088bc 00e6a22b p.sw             x14, 4(x13!)        x13=10000f78 x14:00000008 x13:10000f74  PA:10000f74
15562784ns          257335 1c0088c0 00170713 addi             x14, x14, 1         x14=00000009 x14:00000008
15562804ns          257336 1c0088bc 00e6a22b p.sw             x14, 4(x13!)        x13=10000f7c x14:00000009 x13:10000f78  PA:10000f78
15562824ns          257337 1c0088c0 00170713 addi             x14, x14, 1         x14=0000000a x14:00000009
15562844ns          257338 1c0088bc 00e6a22b p.sw             x14, 4(x13!)        x13=10000f80 x14:0000000a x13:10000f7c  PA:10000f7c
15562864ns          257339 1c0088c0 00170713 addi             x14, x14, 1         x14=0000000b x14:0000000a
15562883ns          257340 1c0088bc 00e6a22b p.sw             x14, 4(x13!)        x13=10000f84 x14:0000000b x13:10000f80  PA:10000f80
15562903ns          257341 1c0088c0 00170713 addi             x14, x14, 1         x14=0000000c x14:0000000b
15562923ns          257342 1c0088bc 00e6a22b p.sw             x14, 4(x13!)        x13=10000f88 x14:0000000c x13:10000f84  PA:10000f84
15562943ns          257343 1c0088c0 00170713 addi             x14, x14, 1         x14=0000000d x14:0000000c
15562963ns          257344 1c0088bc 00e6a22b p.sw             x14, 4(x13!)        x13=10000f8c x14:0000000d x13:10000f88  PA:10000f88
15562983ns          257345 1c0088c0 00170713 addi             x14, x14, 1         x14=0000000e x14:0000000d
15563003ns          257346 1c0088bc 00e6a22b p.sw             x14, 4(x13!)        x13=10000f90 x14:0000000e x13:10000f8c  PA:10000f8c
15563023ns          257347 1c0088c0 00170713 addi             x14, x14, 1         x14=0000000f x14:0000000e
15563043ns          257348 1c0088bc 00e6a22b p.sw             x14, 4(x13!)        x13=10000f94 x14:0000000f x13:10000f90  PA:10000f90
15563063ns          257349 1c0088c0 00170713 addi             x14, x14, 1         x14=00000010 x14:0000000f
15563082ns          257350 1c0088bc 00e6a22b p.sw             x14, 4(x13!)        x13=10000f98 x14:00000010 x13:10000f94  PA:10000f94
15563102ns          257351 1c0088c0 00170713 addi             x14, x14, 1         x14=00000011 x14:00000010
15563122ns          257352 1c0088bc 00e6a22b p.sw             x14, 4(x13!)        x13=10000f9c x14:00000011 x13:10000f98  PA:10000f98
15563142ns          257353 1c0088c0 00170713 addi             x14, x14, 1         x14=00000012 x14:00000011
15563162ns          257354 1c0088bc 00e6a22b p.sw             x14, 4(x13!)        x13=10000fa0 x14:00000012 x13:10000f9c  PA:10000f9c
15563182ns          257355 1c0088c0 00170713 addi             x14, x14, 1         x14=00000013 x14:00000012
15563202ns          257356 1c0088bc 00e6a22b p.sw             x14, 4(x13!)        x13=10000fa4 x14:00000013 x13:10000fa0  PA:10000fa0
15563222ns          257357 1c0088c0 00170713 addi             x14, x14, 1         x14=00000014 x14:00000013
15563242ns          257358 1c0088bc 00e6a22b p.sw             x14, 4(x13!)        x13=10000fa8 x14:00000014 x13:10000fa4  PA:10000fa4
15563261ns          257359 1c0088c0 00170713 addi             x14, x14, 1         x14=00000015 x14:00000014
15563281ns          257360 1c0088bc 00e6a22b p.sw             x14, 4(x13!)        x13=10000fac x14:00000015 x13:10000fa8  PA:10000fa8
15563301ns          257361 1c0088c0 00170713 addi             x14, x14, 1         x14=00000016 x14:00000015
15563321ns          257362 1c0088bc 00e6a22b p.sw             x14, 4(x13!)        x13=10000fb0 x14:00000016 x13:10000fac  PA:10000fac
15563341ns          257363 1c0088c0 00170713 addi             x14, x14, 1         x14=00000017 x14:00000016
15563361ns          257364 1c0088bc 00e6a22b p.sw             x14, 4(x13!)        x13=10000fb4 x14:00000017 x13:10000fb0  PA:10000fb0
15563381ns          257365 1c0088c0 00170713 addi             x14, x14, 1         x14=00000018 x14:00000017
15563401ns          257366 1c0088bc 00e6a22b p.sw             x14, 4(x13!)        x13=10000fb8 x14:00000018 x13:10000fb4  PA:10000fb4
15563421ns          257367 1c0088c0 00170713 addi             x14, x14, 1         x14=00000019 x14:00000018
15563440ns          257368 1c0088bc 00e6a22b p.sw             x14, 4(x13!)        x13=10000fbc x14:00000019 x13:10000fb8  PA:10000fb8
15563460ns          257369 1c0088c0 00170713 addi             x14, x14, 1         x14=0000001a x14:00000019
15563480ns          257370 1c0088bc 00e6a22b p.sw             x14, 4(x13!)        x13=10000fc0 x14:0000001a x13:10000fbc  PA:10000fbc
15563500ns          257371 1c0088c0 00170713 addi             x14, x14, 1         x14=0000001b x14:0000001a
15563520ns          257372 1c0088bc 00e6a22b p.sw             x14, 4(x13!)        x13=10000fc4 x14:0000001b x13:10000fc0  PA:10000fc0
15563540ns          257373 1c0088c0 00170713 addi             x14, x14, 1         x14=0000001c x14:0000001b
15563560ns          257374 1c0088bc 00e6a22b p.sw             x14, 4(x13!)        x13=10000fc8 x14:0000001c x13:10000fc4  PA:10000fc4
15563580ns          257375 1c0088c0 00170713 addi             x14, x14, 1         x14=0000001d x14:0000001c
15563600ns          257376 1c0088bc 00e6a22b p.sw             x14, 4(x13!)        x13=10000fcc x14:0000001d x13:10000fc8  PA:10000fc8
15563619ns          257377 1c0088c0 00170713 addi             x14, x14, 1         x14=0000001e x14:0000001d
15563639ns          257378 1c0088bc 00e6a22b p.sw             x14, 4(x13!)        x13=10000fd0 x14:0000001e x13:10000fcc  PA:10000fcc
15563659ns          257379 1c0088c0 00170713 addi             x14, x14, 1         x14=0000001f x14:0000001e
15563679ns          257380 1c0088bc 00e6a22b p.sw             x14, 4(x13!)        x13=10000fd4 x14:0000001f x13:10000fd0  PA:10000fd0
15563699ns          257381 1c0088c0 00170713 addi             x14, x14, 1         x14=00000020 x14:0000001f
15563719ns          257382 1c0088c2 02000613 addi             x12, x0, 32         x12=00000020
15563739ns          257383 1c0088c6 10c10593 addi             x11, x2, 268        x11=10000f54  x2:10000e48
15563759ns          257384 1c0088c8 00410513 addi             x10, x2, 4          x10=10000e4c  x2:10000e48
15563779ns          257385 1c0088ca adfff0ef jal              x1, -1314            x1=1c0088cc
15564654ns          257429 1c0083a8 f8010113 addi             x2, x2, -128         x2=10000dc8  x2:10000e48
15564694ns          257431 1c0083aa 40165693 srai             x13, x12, 0x401     x13=00000010 x12:00000020
15564713ns          257432 1c0083ae 05712e23 sw               x23, 92(x2)         x23:xxxxxxxx  x2:10000dc8  PA:10000e24
15565131ns          257453 1c0083b0 06112e23 sw               x1, 124(x2)          x1:1c0088cc  x2:10000dc8  PA:10000e44
15565151ns          257454 1c0083b2 06812c23 sw               x8, 120(x2)          x8:xxxxxxxx  x2:10000dc8  PA:10000e40
15565171ns          257455 1c0083b4 06912a23 sw               x9, 116(x2)          x9:00000001  x2:10000dc8  PA:10000e3c
15565191ns          257456 1c0083b6 07212823 sw               x18, 112(x2)        x18:1c010000  x2:10000dc8  PA:10000e38
15565211ns          257457 1c0083b8 07312623 sw               x19, 108(x2)        x19:xxxxxxxx  x2:10000dc8  PA:10000e34
15565231ns          257458 1c0083ba 07412423 sw               x20, 104(x2)        x20:xxxxxxxx  x2:10000dc8  PA:10000e30
15565250ns          257459 1c0083bc 07512223 sw               x21, 100(x2)        x21:xxxxxxxx  x2:10000dc8  PA:10000e2c
15565270ns          257460 1c0083be 07612023 sw               x22, 96(x2)         x22:xxxxxxxx  x2:10000dc8  PA:10000e28
15565648ns          257479 1c0083c0 05812c23 sw               x24, 88(x2)         x24:xxxxxxxx  x2:10000dc8  PA:10000e20
15565668ns          257480 1c0083c2 05912a23 sw               x25, 84(x2)         x25:xxxxxxxx  x2:10000dc8  PA:10000e1c
15565688ns          257481 1c0083c4 05a12823 sw               x26, 80(x2)         x26:xxxxxxxx  x2:10000dc8  PA:10000e18
15565708ns          257482 1c0083c6 05b12623 sw               x27, 76(x2)         x27:xxxxxxxx  x2:10000dc8  PA:10000e14
15565728ns          257483 1c0083c8 02c12a23 sw               x12, 52(x2)         x12:00000020  x2:10000dc8  PA:10000dfc
15565748ns          257484 1c0083ca 00d12e23 sw               x13, 28(x2)         x13:00000010  x2:10000dc8  PA:10000de4
15565768ns          257485 1c0083cc 02b12423 sw               x11, 40(x2)         x11:10000f54  x2:10000dc8  PA:10000df0
15565788ns          257486 1c0083ce 00a00bb3 add              x23, x0, x10        x23=10000e4c x10:10000e4c
15566165ns          257505 1c0083d0 04d05263 bge              x0, x13, 68         x13:00000010
15566205ns          257507 1c0083d4 00b00833 add              x16, x0, x11        x16=10000f54 x11:10000f54
15566225ns          257508 1c0083d6 00269593 slli             x11, x13, 0x2       x11=00000040 x13:00000010
15566245ns          257509 1c0083da 00261513 slli             x10, x12, 0x2       x10=00000080 x12:00000020
15566265ns          257510 1c0083de ffc58593 addi             x11, x11, -4        x11=0000003c x11:00000040
15566703ns          257532 1c0083e0 ffc50513 addi             x10, x10, -4        x10=0000007c x10:00000080
15566722ns          257533 1c0083e2 0025d593 srli             x11, x11, 0x2       x11=0000000f x11:0000003c
15566742ns          257534 1c0083e4 01050533 add              x10, x10, x16       x10=10000fd0 x10:0000007c x16:10000f54
15566762ns          257535 1c0083e6 00158593 addi             x11, x11, 1         x11=00000010 x11:0000000f
15566782ns          257536 1c0083e8 0125c0fb lp.setup         0x1, x11, 0x12      x11:00000010
15566802ns          257537 1c0083ec 0048278b p.lw             x15, 4(x16!)        x15=00000000 x16=10000f58 x16:10000f54  PA:10000f54
15567220ns          257558 1c0083f0 ffc5270b p.lw             x14, -4(x10!)       x14=0000001f x10=10000fcc x10:10000fd0  PA:10000fd0
15567259ns          257560 1c0083f4 00279793 slli             x15, x15, 0x2       x15=00000000 x15:00000000
15567279ns          257561 1c0083f6 00271713 slli             x14, x14, 0x2       x14=0000007c x14:0000001f
15567299ns          257562 1c0083f8 017787b3 add              x15, x15, x23       x15=10000e4c x15:00000000 x23:10000e4c
15567319ns          257563 1c0083fa 01770733 add              x14, x14, x23       x14=10000ec8 x14:0000007c x23:10000e4c
15567339ns          257564 1c0083fc 0007a683 lw               x13, 0(x15)         x13=410123bd x15:10000e4c  PA:10000e4c
15567359ns          257565 1c0083fe 00072603 lw               x12, 0(x14)         x12=40010045 x14:10000ec8  PA:10000ec8
15567737ns          257584 1c008400 08c6f8d3 fsub.s           f17, f13, f12       f17=xxxxxxxx f13:410123bd f12:40010045
15567777ns          257586 1c008404 00c6f6d3 fadd.s           f13, f13, f12       f13=xxxxxxxx f13:410123bd f12:40010045
15567797ns          257587 1c008408 01172023 sw               x17, 0(x14)         x17:40c1c758 x14:10000ec8  PA:10000ec8
15567816ns          257588 1c00840c 00d7a023 sw               x13, 0(x15)         x13:412163ce x15:10000e4c  PA:10000e4c
15567836ns          257589 1c0083ec 0048278b p.lw             x15, 4(x16!)        x15=00000001 x16=10000f5c x16:10000f58  PA:10000f58
15567856ns          257590 1c0083f0 ffc5270b p.lw             x14, -4(x10!)       x14=0000001e x10=10000fc8 x10:10000fcc  PA:10000fcc
15567876ns          257591 1c0083f4 00279793 slli             x15, x15, 0x2       x15=00000004 x15:00000001
15567896ns          257592 1c0083f6 00271713 slli             x14, x14, 0x2       x14=00000078 x14:0000001e
15567916ns          257593 1c0083f8 017787b3 add              x15, x15, x23       x15=10000e50 x15:00000004 x23:10000e4c
15567936ns          257594 1c0083fa 01770733 add              x14, x14, x23       x14=10000ec4 x14:00000078 x23:10000e4c
15567956ns          257595 1c0083fc 0007a683 lw               x13, 0(x15)         x13=40f019a7 x15:10000e50  PA:10000e50
15567976ns          257596 1c0083fe 00072603 lw               x12, 0(x14)         x12=3f3b78cd x14:10000ec4  PA:10000ec4
15568015ns          257598 1c008400 08c6f8d3 fsub.s           f17, f13, f12       f17=xxxxxxxx f13:40f019a7 f12:3f3b78cd
15568035ns          257599 1c008404 00c6f6d3 fadd.s           f13, f13, f12       f13=xxxxxxxx f13:40f019a7 f12:3f3b78cd
15568055ns          257600 1c008408 01172023 sw               x17, 0(x14)         x17:40d8aa8d x14:10000ec4  PA:10000ec4
15568095ns          257602 1c00840c 00d7a023 sw               x13, 0(x15)         x13:4103c460 x15:10000e50  PA:10000e50
15568513ns          257623 1c0083ec 0048278b p.lw             x15, 4(x16!)        x15=00000002 x16=10000f60 x16:10000f5c  PA:10000f5c
15568532ns          257624 1c0083f0 ffc5270b p.lw             x14, -4(x10!)       x14=0000001d x10=10000fc4 x10:10000fc8  PA:10000fc8
15568552ns          257625 1c0083f4 00279793 slli             x15, x15, 0x2       x15=00000008 x15:00000002
15568572ns          257626 1c0083f6 00271713 slli             x14, x14, 0x2       x14=00000074 x14:0000001d
15568592ns          257627 1c0083f8 017787b3 add              x15, x15, x23       x15=10000e54 x15:00000008 x23:10000e4c
15568612ns          257628 1c0083fa 01770733 add              x14, x14, x23       x14=10000ec0 x14:00000074 x23:10000e4c
15568632ns          257629 1c0083fc 0007a683 lw               x13, 0(x15)         x13=4109e150 x15:10000e54  PA:10000e54
15568652ns          257630 1c0083fe 00072603 lw               x12, 0(x14)         x12=40d368d4 x14:10000ec0  PA:10000ec0
15568692ns          257632 1c008400 08c6f8d3 fsub.s           f17, f13, f12       f17=xxxxxxxx f13:4109e150 f12:40d368d4
15568711ns          257633 1c008404 00c6f6d3 fadd.s           f13, f13, f12       f13=xxxxxxxx f13:4109e150 f12:40d368d4
15568731ns          257634 1c008408 01172023 sw               x17, 0(x14)         x17:4000b398 x14:10000ec0  PA:10000ec0
15568771ns          257636 1c00840c 00d7a023 sw               x13, 0(x15)         x13:417395ba x15:10000e54  PA:10000e54
15568791ns          257637 1c0083ec 0048278b p.lw             x15, 4(x16!)        x15=00000003 x16=10000f64 x16:10000f60  PA:10000f60
15568811ns          257638 1c0083f0 ffc5270b p.lw             x14, -4(x10!)       x14=0000001c x10=10000fc0 x10:10000fc4  PA:10000fc4
15568831ns          257639 1c0083f4 00279793 slli             x15, x15, 0x2       x15=0000000c x15:00000003
15568851ns          257640 1c0083f6 00271713 slli             x14, x14, 0x2       x14=00000070 x14:0000001c
15568871ns          257641 1c0083f8 017787b3 add              x15, x15, x23       x15=10000e58 x15:0000000c x23:10000e4c
15568890ns          257642 1c0083fa 01770733 add              x14, x14, x23       x14=10000ebc x14:00000070 x23:10000e4c
15568910ns          257643 1c0083fc 0007a683 lw               x13, 0(x15)         x13=40b10df1 x15:10000e58  PA:10000e58
15568930ns          257644 1c0083fe 00072603 lw               x12, 0(x14)         x12=3fa603a9 x14:10000ebc  PA:10000ebc
15568970ns          257646 1c008400 08c6f8d3 fsub.s           f17, f13, f12       f17=xxxxxxxx f13:40b10df1 f12:3fa603a9
15568990ns          257647 1c008404 00c6f6d3 fadd.s           f13, f13, f12       f13=xxxxxxxx f13:40b10df1 f12:3fa603a9
15569010ns          257648 1c008408 01172023 sw               x17, 0(x14)         x17:40878d07 x14:10000ebc  PA:10000ebc
15569030ns          257649 1c00840c 00d7a023 sw               x13, 0(x15)         x13:40da8edb x15:10000e58  PA:10000e58
15569050ns          257650 1c0083ec 0048278b p.lw             x15, 4(x16!)        x15=00000004 x16=10000f68 x16:10000f64  PA:10000f64
15569070ns          257651 1c0083f0 ffc5270b p.lw             x14, -4(x10!)       x14=0000001b x10=10000fbc x10:10000fc0  PA:10000fc0
15569089ns          257652 1c0083f4 00279793 slli             x15, x15, 0x2       x15=00000010 x15:00000004
15569109ns          257653 1c0083f6 00271713 slli             x14, x14, 0x2       x14=0000006c x14:0000001b
15569129ns          257654 1c0083f8 017787b3 add              x15, x15, x23       x15=10000e5c x15:00000010 x23:10000e4c
15569149ns          257655 1c0083fa 01770733 add              x14, x14, x23       x14=10000eb8 x14:0000006c x23:10000e4c
15569169ns          257656 1c0083fc 0007a683 lw               x13, 0(x15)         x13=40fe9b09 x15:10000e5c  PA:10000e5c
15569189ns          257657 1c0083fe 00072603 lw               x12, 0(x14)         x12=3fbc2f49 x14:10000eb8  PA:10000eb8
15569229ns          257659 1c008400 08c6f8d3 fsub.s           f17, f13, f12       f17=xxxxxxxx f13:40fe9b09 f12:3fbc2f49
15569249ns          257660 1c008404 00c6f6d3 fadd.s           f13, f13, f12       f13=xxxxxxxx f13:40fe9b09 f12:3fbc2f49
15569268ns          257661 1c008408 01172023 sw               x17, 0(x14)         x17:40cf8f37 x14:10000eb8  PA:10000eb8
15569288ns          257662 1c00840c 00d7a023 sw               x13, 0(x15)         x13:4116d36e x15:10000e5c  PA:10000e5c
15569308ns          257663 1c0083ec 0048278b p.lw             x15, 4(x16!)        x15=00000005 x16=10000f6c x16:10000f68  PA:10000f68
15569328ns          257664 1c0083f0 ffc5270b p.lw             x14, -4(x10!)       x14=0000001a x10=10000fb8 x10:10000fbc  PA:10000fbc
15569348ns          257665 1c0083f4 00279793 slli             x15, x15, 0x2       x15=00000014 x15:00000005
15569368ns          257666 1c0083f6 00271713 slli             x14, x14, 0x2       x14=00000068 x14:0000001a
15569388ns          257667 1c0083f8 017787b3 add              x15, x15, x23       x15=10000e60 x15:00000014 x23:10000e4c
15569408ns          257668 1c0083fa 01770733 add              x14, x14, x23       x14=10000eb4 x14:00000068 x23:10000e4c
15569428ns          257669 1c0083fc 0007a683 lw               x13, 0(x15)         x13=4117fa49 x15:10000e60  PA:10000e60
15569447ns          257670 1c0083fe 00072603 lw               x12, 0(x14)         x12=40a26439 x14:10000eb4  PA:10000eb4
15569487ns          257672 1c008400 08c6f8d3 fsub.s           f17, f13, f12       f17=xxxxxxxx f13:4117fa49 f12:40a26439
15569507ns          257673 1c008404 00c6f6d3 fadd.s           f13, f13, f12       f13=xxxxxxxx f13:4117fa49 f12:40a26439
15569527ns          257674 1c008408 01172023 sw               x17, 0(x14)         x17:408d9059 x14:10000eb4  PA:10000eb4
15569547ns          257675 1c00840c 00d7a023 sw               x13, 0(x15)         x13:41692c66 x15:10000e60  PA:10000e60
15569567ns          257676 1c0083ec 0048278b p.lw             x15, 4(x16!)        x15=00000006 x16=10000f70 x16:10000f6c  PA:10000f6c
15569587ns          257677 1c0083f0 ffc5270b p.lw             x14, -4(x10!)       x14=00000019 x10=10000fb4 x10:10000fb8  PA:10000fb8
15569607ns          257678 1c0083f4 00279793 slli             x15, x15, 0x2       x15=00000018 x15:00000006
15569626ns          257679 1c0083f6 00271713 slli             x14, x14, 0x2       x14=00000064 x14:00000019
15569646ns          257680 1c0083f8 017787b3 add              x15, x15, x23       x15=10000e64 x15:00000018 x23:10000e4c
15569666ns          257681 1c0083fa 01770733 add              x14, x14, x23       x14=10000eb0 x14:00000064 x23:10000e4c
15569686ns          257682 1c0083fc 0007a683 lw               x13, 0(x15)         x13=40eeab02 x15:10000e64  PA:10000e64
15569706ns          257683 1c0083fe 00072603 lw               x12, 0(x14)         x12=401d452a x14:10000eb0  PA:10000eb0
15569746ns          257685 1c008400 08c6f8d3 fsub.s           f17, f13, f12       f17=xxxxxxxx f13:40eeab02 f12:401d452a
15569766ns          257686 1c008404 00c6f6d3 fadd.s           f13, f13, f12       f13=xxxxxxxx f13:40eeab02 f12:401d452a
15569786ns          257687 1c008408 01172023 sw               x17, 0(x14)         x17:40a0086d x14:10000eb0  PA:10000eb0
15569805ns          257688 1c00840c 00d7a023 sw               x13, 0(x15)         x13:411ea6cc x15:10000e64  PA:10000e64
15569825ns          257689 1c0083ec 0048278b p.lw             x15, 4(x16!)        x15=00000007 x16=10000f74 x16:10000f70  PA:10000f70
15569845ns          257690 1c0083f0 ffc5270b p.lw             x14, -4(x10!)       x14=00000018 x10=10000fb0 x10:10000fb4  PA:10000fb4
15569865ns          257691 1c0083f4 00279793 slli             x15, x15, 0x2       x15=0000001c x15:00000007
15569885ns          257692 1c0083f6 00271713 slli             x14, x14, 0x2       x14=00000060 x14:00000018
15569905ns          257693 1c0083f8 017787b3 add              x15, x15, x23       x15=10000e68 x15:0000001c x23:10000e4c
15569925ns          257694 1c0083fa 01770733 add              x14, x14, x23       x14=10000eac x14:00000060 x23:10000e4c
15569945ns          257695 1c0083fc 0007a683 lw               x13, 0(x15)         x13=3f1ead2c x15:10000e68  PA:10000e68
15569965ns          257696 1c0083fe 00072603 lw               x12, 0(x14)         x12=40f43b92 x14:10000eac  PA:10000eac
15570004ns          257698 1c008400 08c6f8d3 fsub.s           f17, f13, f12       f17=xxxxxxxx f13:3f1ead2c f12:40f43b92
15570024ns          257699 1c008404 00c6f6d3 fadd.s           f13, f13, f12       f13=xxxxxxxx f13:3f1ead2c f12:40f43b92
15570044ns          257700 1c008408 01172023 sw               x17, 0(x14)         x17:c0e065ec x14:10000eac  PA:10000eac
15570084ns          257702 1c00840c 00d7a023 sw               x13, 0(x15)         x13:4104089c x15:10000e68  PA:10000e68
15570124ns          257704 1c0083ec 0048278b p.lw             x15, 4(x16!)        x15=00000008 x16=10000f78 x16:10000f74  PA:10000f74
15570144ns          257705 1c0083f0 ffc5270b p.lw             x14, -4(x10!)       x14=00000017 x10=10000fac x10:10000fb0  PA:10000fb0
15570163ns          257706 1c0083f4 00279793 slli             x15, x15, 0x2       x15=00000020 x15:00000008
15570183ns          257707 1c0083f6 00271713 slli             x14, x14, 0x2       x14=0000005c x14:00000017
15570203ns          257708 1c0083f8 017787b3 add              x15, x15, x23       x15=10000e6c x15:00000020 x23:10000e4c
15570223ns          257709 1c0083fa 01770733 add              x14, x14, x23       x14=10000ea8 x14:0000005c x23:10000e4c
15570243ns          257710 1c0083fc 0007a683 lw               x13, 0(x15)         x13=3ff3a669 x15:10000e6c  PA:10000e6c
15570263ns          257711 1c0083fe 00072603 lw               x12, 0(x14)         x12=4100414e x14:10000ea8  PA:10000ea8
15570303ns          257713 1c008400 08c6f8d3 fsub.s           f17, f13, f12       f17=xxxxxxxx f13:3ff3a669 f12:4100414e
15570323ns          257714 1c008404 00c6f6d3 fadd.s           f13, f13, f12       f13=xxxxxxxx f13:3ff3a669 f12:4100414e
15570343ns          257715 1c008408 01172023 sw               x17, 0(x14)         x17:c0c39902 x14:10000ea8  PA:10000ea8
15570362ns          257716 1c00840c 00d7a023 sw               x13, 0(x15)         x13:411eb61b x15:10000e6c  PA:10000e6c
15570382ns          257717 1c0083ec 0048278b p.lw             x15, 4(x16!)        x15=00000009 x16=10000f7c x16:10000f78  PA:10000f78
15570402ns          257718 1c0083f0 ffc5270b p.lw             x14, -4(x10!)       x14=00000016 x10=10000fa8 x10:10000fac  PA:10000fac
15570422ns          257719 1c0083f4 00279793 slli             x15, x15, 0x2       x15=00000024 x15:00000009
15570442ns          257720 1c0083f6 00271713 slli             x14, x14, 0x2       x14=00000058 x14:00000016
15570462ns          257721 1c0083f8 017787b3 add              x15, x15, x23       x15=10000e70 x15:00000024 x23:10000e4c
15570482ns          257722 1c0083fa 01770733 add              x14, x14, x23       x14=10000ea4 x14:00000058 x23:10000e4c
15570502ns          257723 1c0083fc 0007a683 lw               x13, 0(x15)         x13=40eedd3c x15:10000e70  PA:10000e70
15570522ns          257724 1c0083fe 00072603 lw               x12, 0(x14)         x12=40497600 x14:10000ea4  PA:10000ea4
15570561ns          257726 1c008400 08c6f8d3 fsub.s           f17, f13, f12       f17=xxxxxxxx f13:40eedd3c f12:40497600
15570581ns          257727 1c008404 00c6f6d3 fadd.s           f13, f13, f12       f13=xxxxxxxx f13:40eedd3c f12:40497600
15570601ns          257728 1c008408 01172023 sw               x17, 0(x14)         x17:408a223c x14:10000ea4  PA:10000ea4
15570641ns          257730 1c00840c 00d7a023 sw               x13, 0(x15)         x13:4129cc1e x15:10000e70  PA:10000e70
15570681ns          257732 1c0083ec 0048278b p.lw             x15, 4(x16!)        x15=0000000a x16=10000f80 x16:10000f7c  PA:10000f7c
15570701ns          257733 1c0083f0 ffc5270b p.lw             x14, -4(x10!)       x14=00000015 x10=10000fa4 x10:10000fa8  PA:10000fa8
15570720ns          257734 1c0083f4 00279793 slli             x15, x15, 0x2       x15=00000028 x15:0000000a
15570740ns          257735 1c0083f6 00271713 slli             x14, x14, 0x2       x14=00000054 x14:00000015
15570760ns          257736 1c0083f8 017787b3 add              x15, x15, x23       x15=10000e74 x15:00000028 x23:10000e4c
15570780ns          257737 1c0083fa 01770733 add              x14, x14, x23       x14=10000ea0 x14:00000054 x23:10000e4c
15570800ns          257738 1c0083fc 0007a683 lw               x13, 0(x15)         x13=3f8bcec3 x15:10000e74  PA:10000e74
15570820ns          257739 1c0083fe 00072603 lw               x12, 0(x14)         x12=40c60f8f x14:10000ea0  PA:10000ea0
15570860ns          257741 1c008400 08c6f8d3 fsub.s           f17, f13, f12       f17=xxxxxxxx f13:3f8bcec3 f12:40c60f8f
15570880ns          257742 1c008404 00c6f6d3 fadd.s           f13, f13, f12       f13=xxxxxxxx f13:3f8bcec3 f12:40c60f8f
15570899ns          257743 1c008408 01172023 sw               x17, 0(x14)         x17:c0a31bde x14:10000ea0  PA:10000ea0
15570919ns          257744 1c00840c 00d7a023 sw               x13, 0(x15)         x13:40e90340 x15:10000e74  PA:10000e74
15570939ns          257745 1c0083ec 0048278b p.lw             x15, 4(x16!)        x15=0000000b x16=10000f84 x16:10000f80  PA:10000f80
15570959ns          257746 1c0083f0 ffc5270b p.lw             x14, -4(x10!)       x14=00000014 x10=10000fa0 x10:10000fa4  PA:10000fa4
15570979ns          257747 1c0083f4 00279793 slli             x15, x15, 0x2       x15=0000002c x15:0000000b
15570999ns          257748 1c0083f6 00271713 slli             x14, x14, 0x2       x14=00000050 x14:00000014
15571019ns          257749 1c0083f8 017787b3 add              x15, x15, x23       x15=10000e78 x15:0000002c x23:10000e4c
15571039ns          257750 1c0083fa 01770733 add              x14, x14, x23       x14=10000e9c x14:00000050 x23:10000e4c
15571059ns          257751 1c0083fc 0007a683 lw               x13, 0(x15)         x13=411c4736 x15:10000e78  PA:10000e78
15571078ns          257752 1c0083fe 00072603 lw               x12, 0(x14)         x12=40f40e60 x14:10000e9c  PA:10000e9c
15571118ns          257754 1c008400 08c6f8d3 fsub.s           f17, f13, f12       f17=xxxxxxxx f13:411c4736 f12:40f40e60
15571138ns          257755 1c008404 00c6f6d3 fadd.s           f13, f13, f12       f13=xxxxxxxx f13:411c4736 f12:40f40e60
15571158ns          257756 1c008408 01172023 sw               x17, 0(x14)         x17:40090018 x14:10000e9c  PA:10000e9c
15571178ns          257757 1c00840c 00d7a023 sw               x13, 0(x15)         x13:418b2733 x15:10000e78  PA:10000e78
15571198ns          257758 1c0083ec 0048278b p.lw             x15, 4(x16!)        x15=0000000c x16=10000f88 x16:10000f84  PA:10000f84
15571218ns          257759 1c0083f0 ffc5270b p.lw             x14, -4(x10!)       x14=00000013 x10=10000f9c x10:10000fa0  PA:10000fa0
15571238ns          257760 1c0083f4 00279793 slli             x15, x15, 0x2       x15=00000030 x15:0000000c
15571257ns          257761 1c0083f6 00271713 slli             x14, x14, 0x2       x14=0000004c x14:00000013
15571277ns          257762 1c0083f8 017787b3 add              x15, x15, x23       x15=10000e7c x15:00000030 x23:10000e4c
15571297ns          257763 1c0083fa 01770733 add              x14, x14, x23       x14=10000e98 x14:0000004c x23:10000e4c
15571317ns          257764 1c0083fc 0007a683 lw               x13, 0(x15)         x13=40f776d4 x15:10000e7c  PA:10000e7c
15571337ns          257765 1c0083fe 00072603 lw               x12, 0(x14)         x12=40b8606a x14:10000e98  PA:10000e98
15571377ns          257767 1c008400 08c6f8d3 fsub.s           f17, f13, f12       f17=xxxxxxxx f13:40f776d4 f12:40b8606a
15571397ns          257768 1c008404 00c6f6d3 fadd.s           f13, f13, f12       f13=xxxxxxxx f13:40f776d4 f12:40b8606a
15571417ns          257769 1c008408 01172023 sw               x17, 0(x14)         x17:3ffc59a8 x14:10000e98  PA:10000e98
15571437ns          257770 1c00840c 00d7a023 sw               x13, 0(x15)         x13:4157eb9f x15:10000e7c  PA:10000e7c
15571456ns          257771 1c0083ec 0048278b p.lw             x15, 4(x16!)        x15=0000000d x16=10000f8c x16:10000f88  PA:10000f88
15571476ns          257772 1c0083f0 ffc5270b p.lw             x14, -4(x10!)       x14=00000012 x10=10000f98 x10:10000f9c  PA:10000f9c
15571496ns          257773 1c0083f4 00279793 slli             x15, x15, 0x2       x15=00000034 x15:0000000d
15571516ns          257774 1c0083f6 00271713 slli             x14, x14, 0x2       x14=00000048 x14:00000012
15571536ns          257775 1c0083f8 017787b3 add              x15, x15, x23       x15=10000e80 x15:00000034 x23:10000e4c
15571556ns          257776 1c0083fa 01770733 add              x14, x14, x23       x14=10000e94 x14:00000048 x23:10000e4c
15571576ns          257777 1c0083fc 0007a683 lw               x13, 0(x15)         x13=411f167d x15:10000e80  PA:10000e80
15571596ns          257778 1c0083fe 00072603 lw               x12, 0(x14)         x12=408eed72 x14:10000e94  PA:10000e94
15571635ns          257780 1c008400 08c6f8d3 fsub.s           f17, f13, f12       f17=xxxxxxxx f13:411f167d f12:408eed72
15571655ns          257781 1c008404 00c6f6d3 fadd.s           f13, f13, f12       f13=xxxxxxxx f13:411f167d f12:408eed72
15571675ns          257782 1c008408 01172023 sw               x17, 0(x14)         x17:40af3f88 x14:10000e94  PA:10000e94
15571695ns          257783 1c00840c 00d7a023 sw               x13, 0(x15)         x13:41668d36 x15:10000e80  PA:10000e80
15571715ns          257784 1c0083ec 0048278b p.lw             x15, 4(x16!)        x15=0000000e x16=10000f90 x16:10000f8c  PA:10000f8c
15571735ns          257785 1c0083f0 ffc5270b p.lw             x14, -4(x10!)       x14=00000011 x10=10000f94 x10:10000f98  PA:10000f98
15571755ns          257786 1c0083f4 00279793 slli             x15, x15, 0x2       x15=00000038 x15:0000000e
15571775ns          257787 1c0083f6 00271713 slli             x14, x14, 0x2       x14=00000044 x14:00000011
15571795ns          257788 1c0083f8 017787b3 add              x15, x15, x23       x15=10000e84 x15:00000038 x23:10000e4c
15571814ns          257789 1c0083fa 01770733 add              x14, x14, x23       x14=10000e90 x14:00000044 x23:10000e4c
15571834ns          257790 1c0083fc 0007a683 lw               x13, 0(x15)         x13=404b0dd6 x15:10000e84  PA:10000e84
15571854ns          257791 1c0083fe 00072603 lw               x12, 0(x14)         x12=4084ee8b x14:10000e90  PA:10000e90
15571894ns          257793 1c008400 08c6f8d3 fsub.s           f17, f13, f12       f17=xxxxxxxx f13:404b0dd6 f12:4084ee8b
15571914ns          257794 1c008404 00c6f6d3 fadd.s           f13, f13, f12       f13=xxxxxxxx f13:404b0dd6 f12:4084ee8b
15571934ns          257795 1c008408 01172023 sw               x17, 0(x14)         x17:bf7b3d00 x14:10000e90  PA:10000e90
15571954ns          257796 1c00840c 00d7a023 sw               x13, 0(x15)         x13:40ea7576 x15:10000e84  PA:10000e84
15571974ns          257797 1c0083ec 0048278b p.lw             x15, 4(x16!)        x15=0000000f x16=10000f94 x16:10000f90  PA:10000f90
15571993ns          257798 1c0083f0 ffc5270b p.lw             x14, -4(x10!)       x14=00000010 x10=10000f90 x10:10000f94  PA:10000f94
15572013ns          257799 1c0083f4 00279793 slli             x15, x15, 0x2       x15=0000003c x15:0000000f
15572033ns          257800 1c0083f6 00271713 slli             x14, x14, 0x2       x14=00000040 x14:00000010
15572053ns          257801 1c0083f8 017787b3 add              x15, x15, x23       x15=10000e88 x15:0000003c x23:10000e4c
15572073ns          257802 1c0083fa 01770733 add              x14, x14, x23       x14=10000e8c x14:00000040 x23:10000e4c
15572093ns          257803 1c0083fc 0007a683 lw               x13, 0(x15)         x13=40eadf29 x15:10000e88  PA:10000e88
15572113ns          257804 1c0083fe 00072603 lw               x12, 0(x14)         x12=41027bb8 x14:10000e8c  PA:10000e8c
15572153ns          257806 1c008400 08c6f8d3 fsub.s           f17, f13, f12       f17=xxxxxxxx f13:40eadf29 f12:41027bb8
15572172ns          257807 1c008404 00c6f6d3 fadd.s           f13, f13, f12       f13=xxxxxxxx f13:40eadf29 f12:41027bb8
15572192ns          257808 1c008408 01172023 sw               x17, 0(x14)         x17:bf50c238 x14:10000e8c  PA:10000e8c
15572232ns          257810 1c00840c 00d7a023 sw               x13, 0(x15)         x13:4177eb4c x15:10000e88  PA:10000e88
15572272ns          257812 1c00840e 01c12703 lw               x14, 28(x2)         x14=00000010  x2:10000dc8  PA:10000de4
15572312ns          257814 1c008410 3e872d63 p.beqimm         x14, 1018           x14:00000010
15572332ns          257815 1c008414 01c12603 lw               x12, 28(x2)         x12=00000010  x2:10000dc8  PA:10000de4
15572371ns          257817 1c008416 02812583 lw               x11, 40(x2)         x11=10000f54  x2:10000dc8  PA:10000df0
15572391ns          257818 1c008418 01700533 add              x10, x0, x23        x10=10000e4c x23:10000e4c
15572411ns          257819 1c00841a f8fff0ef jal              x1, -114             x1=1c00841c
15572809ns          257839 1c0083a8 f8010113 addi             x2, x2, -128         x2=10000d48  x2:10000dc8
15572829ns          257840 1c0083aa 40165693 srai             x13, x12, 0x401     x13=00000008 x12:00000010
15572849ns          257841 1c0083ae 05712e23 sw               x23, 92(x2)         x23:10000e4c  x2:10000d48  PA:10000da4
15572869ns          257842 1c0083b0 06112e23 sw               x1, 124(x2)          x1:1c00841c  x2:10000d48  PA:10000dc4
15572889ns          257843 1c0083b2 06812c23 sw               x8, 120(x2)          x8:xxxxxxxx  x2:10000d48  PA:10000dc0
15572908ns          257844 1c0083b4 06912a23 sw               x9, 116(x2)          x9:00000001  x2:10000d48  PA:10000dbc
15572928ns          257845 1c0083b6 07212823 sw               x18, 112(x2)        x18:1c010000  x2:10000d48  PA:10000db8
15572948ns          257846 1c0083b8 07312623 sw               x19, 108(x2)        x19:xxxxxxxx  x2:10000d48  PA:10000db4
15572968ns          257847 1c0083ba 07412423 sw               x20, 104(x2)        x20:xxxxxxxx  x2:10000d48  PA:10000db0
15572988ns          257848 1c0083bc 07512223 sw               x21, 100(x2)        x21:xxxxxxxx  x2:10000d48  PA:10000dac
15573008ns          257849 1c0083be 07612023 sw               x22, 96(x2)         x22:xxxxxxxx  x2:10000d48  PA:10000da8
15573028ns          257850 1c0083c0 05812c23 sw               x24, 88(x2)         x24:xxxxxxxx  x2:10000d48  PA:10000da0
15573048ns          257851 1c0083c2 05912a23 sw               x25, 84(x2)         x25:xxxxxxxx  x2:10000d48  PA:10000d9c
15573068ns          257852 1c0083c4 05a12823 sw               x26, 80(x2)         x26:xxxxxxxx  x2:10000d48  PA:10000d98
15573087ns          257853 1c0083c6 05b12623 sw               x27, 76(x2)         x27:xxxxxxxx  x2:10000d48  PA:10000d94
15573107ns          257854 1c0083c8 02c12a23 sw               x12, 52(x2)         x12:00000010  x2:10000d48  PA:10000d7c
15573127ns          257855 1c0083ca 00d12e23 sw               x13, 28(x2)         x13:00000008  x2:10000d48  PA:10000d64
15573147ns          257856 1c0083cc 02b12423 sw               x11, 40(x2)         x11:10000f54  x2:10000d48  PA:10000d70
15573167ns          257857 1c0083ce 00a00bb3 add              x23, x0, x10        x23=10000e4c x10:10000e4c
15573187ns          257858 1c0083d0 04d05263 bge              x0, x13, 68         x13:00000008
15573207ns          257859 1c0083d4 00b00833 add              x16, x0, x11        x16=10000f54 x11:10000f54
15573227ns          257860 1c0083d6 00269593 slli             x11, x13, 0x2       x11=00000020 x13:00000008
15573247ns          257861 1c0083da 00261513 slli             x10, x12, 0x2       x10=00000040 x12:00000010
15573266ns          257862 1c0083de ffc58593 addi             x11, x11, -4        x11=0000001c x11:00000020
15573286ns          257863 1c0083e0 ffc50513 addi             x10, x10, -4        x10=0000003c x10:00000040
15573306ns          257864 1c0083e2 0025d593 srli             x11, x11, 0x2       x11=00000007 x11:0000001c
15573326ns          257865 1c0083e4 01050533 add              x10, x10, x16       x10=10000f90 x10:0000003c x16:10000f54
15573346ns          257866 1c0083e6 00158593 addi             x11, x11, 1         x11=00000008 x11:00000007
15573366ns          257867 1c0083e8 0125c0fb lp.setup         0x1, x11, 0x12      x11:00000008
15573386ns          257868 1c0083ec 0048278b p.lw             x15, 4(x16!)        x15=00000000 x16=10000f58 x16:10000f54  PA:10000f54
15573406ns          257869 1c0083f0 ffc5270b p.lw             x14, -4(x10!)       x14=0000000f x10=10000f8c x10:10000f90  PA:10000f90
15573426ns          257870 1c0083f4 00279793 slli             x15, x15, 0x2       x15=00000000 x15:00000000
15573445ns          257871 1c0083f6 00271713 slli             x14, x14, 0x2       x14=0000003c x14:0000000f
15573465ns          257872 1c0083f8 017787b3 add              x15, x15, x23       x15=10000e4c x15:00000000 x23:10000e4c
15573485ns          257873 1c0083fa 01770733 add              x14, x14, x23       x14=10000e88 x14:0000003c x23:10000e4c
15573505ns          257874 1c0083fc 0007a683 lw               x13, 0(x15)         x13=412163ce x15:10000e4c  PA:10000e4c
15573525ns          257875 1c0083fe 00072603 lw               x12, 0(x14)         x12=4177eb4c x14:10000e88  PA:10000e88
15573565ns          257877 1c008400 08c6f8d3 fsub.s           f17, f13, f12       f17=xxxxxxxx f13:412163ce f12:4177eb4c
15573585ns          257878 1c008404 00c6f6d3 fadd.s           f13, f13, f12       f13=xxxxxxxx f13:412163ce f12:4177eb4c
15573605ns          257879 1c008408 01172023 sw               x17, 0(x14)         x17:c0ad0efc x14:10000e88  PA:10000e88
15573644ns          257881 1c00840c 00d7a023 sw               x13, 0(x15)         x13:41cca78d x15:10000e4c  PA:10000e4c
15573664ns          257882 1c0083ec 0048278b p.lw             x15, 4(x16!)        x15=00000001 x16=10000f5c x16:10000f58  PA:10000f58
15573684ns          257883 1c0083f0 ffc5270b p.lw             x14, -4(x10!)       x14=0000000e x10=10000f88 x10:10000f8c  PA:10000f8c
15573724ns          257885 1c0083f4 00279793 slli             x15, x15, 0x2       x15=00000004 x15:00000001
15573744ns          257886 1c0083f6 00271713 slli             x14, x14, 0x2       x14=00000038 x14:0000000e
15573764ns          257887 1c0083f8 017787b3 add              x15, x15, x23       x15=10000e50 x15:00000004 x23:10000e4c
15573784ns          257888 1c0083fa 01770733 add              x14, x14, x23       x14=10000e84 x14:00000038 x23:10000e4c
15573804ns          257889 1c0083fc 0007a683 lw               x13, 0(x15)         x13=4103c460 x15:10000e50  PA:10000e50
15573823ns          257890 1c0083fe 00072603 lw               x12, 0(x14)         x12=40ea7576 x14:10000e84  PA:10000e84
15573863ns          257892 1c008400 08c6f8d3 fsub.s           f17, f13, f12       f17=xxxxxxxx f13:4103c460 f12:40ea7576
15573883ns          257893 1c008404 00c6f6d3 fadd.s           f13, f13, f12       f13=xxxxxxxx f13:4103c460 f12:40ea7576
15573903ns          257894 1c008408 01172023 sw               x17, 0(x14)         x17:3f689a50 x14:10000e84  PA:10000e84
15573923ns          257895 1c00840c 00d7a023 sw               x13, 0(x15)         x13:4178ff1b x15:10000e50  PA:10000e50
15573943ns          257896 1c0083ec 0048278b p.lw             x15, 4(x16!)        x15=00000002 x16=10000f60 x16:10000f5c  PA:10000f5c
15573963ns          257897 1c0083f0 ffc5270b p.lw             x14, -4(x10!)       x14=0000000d x10=10000f84 x10:10000f88  PA:10000f88
15573983ns          257898 1c0083f4 00279793 slli             x15, x15, 0x2       x15=00000008 x15:00000002
15574002ns          257899 1c0083f6 00271713 slli             x14, x14, 0x2       x14=00000034 x14:0000000d
15574022ns          257900 1c0083f8 017787b3 add              x15, x15, x23       x15=10000e54 x15:00000008 x23:10000e4c
15574042ns          257901 1c0083fa 01770733 add              x14, x14, x23       x14=10000e80 x14:00000034 x23:10000e4c
15574062ns          257902 1c0083fc 0007a683 lw               x13, 0(x15)         x13=417395ba x15:10000e54  PA:10000e54
15574082ns          257903 1c0083fe 00072603 lw               x12, 0(x14)         x12=41668d36 x14:10000e80  PA:10000e80
15574122ns          257905 1c008400 08c6f8d3 fsub.s           f17, f13, f12       f17=xxxxxxxx f13:417395ba f12:41668d36
15574142ns          257906 1c008404 00c6f6d3 fadd.s           f13, f13, f12       f13=xxxxxxxx f13:417395ba f12:41668d36
15574162ns          257907 1c008408 01172023 sw               x17, 0(x14)         x17:3f508840 x14:10000e80  PA:10000e80
15574181ns          257908 1c00840c 00d7a023 sw               x13, 0(x15)         x13:41ed1178 x15:10000e54  PA:10000e54
15574201ns          257909 1c0083ec 0048278b p.lw             x15, 4(x16!)        x15=00000003 x16=10000f64 x16:10000f60  PA:10000f60
15574221ns          257910 1c0083f0 ffc5270b p.lw             x14, -4(x10!)       x14=0000000c x10=10000f80 x10:10000f84  PA:10000f84
15574241ns          257911 1c0083f4 00279793 slli             x15, x15, 0x2       x15=0000000c x15:00000003
15574261ns          257912 1c0083f6 00271713 slli             x14, x14, 0x2       x14=00000030 x14:0000000c
15574281ns          257913 1c0083f8 017787b3 add              x15, x15, x23       x15=10000e58 x15:0000000c x23:10000e4c
15574301ns          257914 1c0083fa 01770733 add              x14, x14, x23       x14=10000e7c x14:00000030 x23:10000e4c
15574321ns          257915 1c0083fc 0007a683 lw               x13, 0(x15)         x13=40da8edb x15:10000e58  PA:10000e58
15574341ns          257916 1c0083fe 00072603 lw               x12, 0(x14)         x12=4157eb9f x14:10000e7c  PA:10000e7c
15574380ns          257918 1c008400 08c6f8d3 fsub.s           f17, f13, f12       f17=xxxxxxxx f13:40da8edb f12:4157eb9f
15574400ns          257919 1c008404 00c6f6d3 fadd.s           f13, f13, f12       f13=xxxxxxxx f13:40da8edb f12:4157eb9f
15574420ns          257920 1c008408 01172023 sw               x17, 0(x14)         x17:c0d54863 x14:10000e7c  PA:10000e7c
15574460ns          257922 1c00840c 00d7a023 sw               x13, 0(x15)         x13:41a29986 x15:10000e58  PA:10000e58
15574480ns          257923 1c0083ec 0048278b p.lw             x15, 4(x16!)        x15=00000004 x16=10000f68 x16:10000f64  PA:10000f64
15574500ns          257924 1c0083f0 ffc5270b p.lw             x14, -4(x10!)       x14=0000000b x10=10000f7c x10:10000f80  PA:10000f80
15574520ns          257925 1c0083f4 00279793 slli             x15, x15, 0x2       x15=00000010 x15:00000004
15574539ns          257926 1c0083f6 00271713 slli             x14, x14, 0x2       x14=0000002c x14:0000000b
15574559ns          257927 1c0083f8 017787b3 add              x15, x15, x23       x15=10000e5c x15:00000010 x23:10000e4c
15574579ns          257928 1c0083fa 01770733 add              x14, x14, x23       x14=10000e78 x14:0000002c x23:10000e4c
15574599ns          257929 1c0083fc 0007a683 lw               x13, 0(x15)         x13=4116d36e x15:10000e5c  PA:10000e5c
15574619ns          257930 1c0083fe 00072603 lw               x12, 0(x14)         x12=418b2733 x14:10000e78  PA:10000e78
15574659ns          257932 1c008400 08c6f8d3 fsub.s           f17, f13, f12       f17=xxxxxxxx f13:4116d36e f12:418b2733
15574679ns          257933 1c008404 00c6f6d3 fadd.s           f13, f13, f12       f13=xxxxxxxx f13:4116d36e f12:418b2733
15574699ns          257934 1c008408 01172023 sw               x17, 0(x14)         x17:c0fef5f0 x14:10000e78  PA:10000e78
15574718ns          257935 1c00840c 00d7a023 sw               x13, 0(x15)         x13:41d690ea x15:10000e5c  PA:10000e5c
15574738ns          257936 1c0083ec 0048278b p.lw             x15, 4(x16!)        x15=00000005 x16=10000f6c x16:10000f68  PA:10000f68
15574758ns          257937 1c0083f0 ffc5270b p.lw             x14, -4(x10!)       x14=0000000a x10=10000f78 x10:10000f7c  PA:10000f7c
15574778ns          257938 1c0083f4 00279793 slli             x15, x15, 0x2       x15=00000014 x15:00000005
15574798ns          257939 1c0083f6 00271713 slli             x14, x14, 0x2       x14=00000028 x14:0000000a
15574818ns          257940 1c0083f8 017787b3 add              x15, x15, x23       x15=10000e60 x15:00000014 x23:10000e4c
15574838ns          257941 1c0083fa 01770733 add              x14, x14, x23       x14=10000e74 x14:00000028 x23:10000e4c
15574858ns          257942 1c0083fc 0007a683 lw               x13, 0(x15)         x13=41692c66 x15:10000e60  PA:10000e60
15574878ns          257943 1c0083fe 00072603 lw               x12, 0(x14)         x12=40e90340 x14:10000e74  PA:10000e74
15574917ns          257945 1c008400 08c6f8d3 fsub.s           f17, f13, f12       f17=xxxxxxxx f13:41692c66 f12:40e90340
15574937ns          257946 1c008404 00c6f6d3 fadd.s           f13, f13, f12       f13=xxxxxxxx f13:41692c66 f12:40e90340
15574957ns          257947 1c008408 01172023 sw               x17, 0(x14)         x17:40e9558c x14:10000e74  PA:10000e74
15574997ns          257949 1c00840c 00d7a023 sw               x13, 0(x15)         x13:41aed703 x15:10000e60  PA:10000e60
15575017ns          257950 1c0083ec 0048278b p.lw             x15, 4(x16!)        x15=00000006 x16=10000f70 x16:10000f6c  PA:10000f6c
15575037ns          257951 1c0083f0 ffc5270b p.lw             x14, -4(x10!)       x14=00000009 x10=10000f74 x10:10000f78  PA:10000f78
15575057ns          257952 1c0083f4 00279793 slli             x15, x15, 0x2       x15=00000018 x15:00000006
15575077ns          257953 1c0083f6 00271713 slli             x14, x14, 0x2       x14=00000024 x14:00000009
15575096ns          257954 1c0083f8 017787b3 add              x15, x15, x23       x15=10000e64 x15:00000018 x23:10000e4c
15575116ns          257955 1c0083fa 01770733 add              x14, x14, x23       x14=10000e70 x14:00000024 x23:10000e4c
15575136ns          257956 1c0083fc 0007a683 lw               x13, 0(x15)         x13=411ea6cc x15:10000e64  PA:10000e64
15575156ns          257957 1c0083fe 00072603 lw               x12, 0(x14)         x12=4129cc1e x14:10000e70  PA:10000e70
15575196ns          257959 1c008400 08c6f8d3 fsub.s           f17, f13, f12       f17=xxxxxxxx f13:411ea6cc f12:4129cc1e
15575216ns          257960 1c008404 00c6f6d3 fadd.s           f13, f13, f12       f13=xxxxxxxx f13:411ea6cc f12:4129cc1e
15575236ns          257961 1c008408 01172023 sw               x17, 0(x14)         x17:bf325520 x14:10000e70  PA:10000e70
15575256ns          257962 1c00840c 00d7a023 sw               x13, 0(x15)         x13:41a43975 x15:10000e64  PA:10000e64
15575275ns          257963 1c0083ec 0048278b p.lw             x15, 4(x16!)        x15=00000007 x16=10000f74 x16:10000f70  PA:10000f70
15575295ns          257964 1c0083f0 ffc5270b p.lw             x14, -4(x10!)       x14=00000008 x10=10000f70 x10:10000f74  PA:10000f74
15575315ns          257965 1c0083f4 00279793 slli             x15, x15, 0x2       x15=0000001c x15:00000007
15575335ns          257966 1c0083f6 00271713 slli             x14, x14, 0x2       x14=00000020 x14:00000008
15575355ns          257967 1c0083f8 017787b3 add              x15, x15, x23       x15=10000e68 x15:0000001c x23:10000e4c
15575375ns          257968 1c0083fa 01770733 add              x14, x14, x23       x14=10000e6c x14:00000020 x23:10000e4c
15575395ns          257969 1c0083fc 0007a683 lw               x13, 0(x15)         x13=4104089c x15:10000e68  PA:10000e68
15575415ns          257970 1c0083fe 00072603 lw               x12, 0(x14)         x12=411eb61b x14:10000e6c  PA:10000e6c
15575454ns          257972 1c008400 08c6f8d3 fsub.s           f17, f13, f12       f17=xxxxxxxx f13:4104089c f12:411eb61b
15575474ns          257973 1c008404 00c6f6d3 fadd.s           f13, f13, f12       f13=xxxxxxxx f13:4104089c f12:411eb61b
15575494ns          257974 1c008408 01172023 sw               x17, 0(x14)         x17:bfd56bf8 x14:10000e6c  PA:10000e6c
15575514ns          257975 1c00840c 00d7a023 sw               x13, 0(x15)         x13:41915f5c x15:10000e68  PA:10000e68
15575534ns          257976 1c00840e 01c12703 lw               x14, 28(x2)         x14=00000008  x2:10000d48  PA:10000d64
15575574ns          257978 1c008410 3e872d63 p.beqimm         x14, 1018           x14:00000008
15576071ns          258003 1c00880a 02812583 lw               x11, 40(x2)         x11=10000f54  x2:10000d48  PA:10000d70
15576111ns          258005 1c00880c 01700533 add              x10, x0, x23        x10=10000e4c x23:10000e4c
15576131ns          258006 1c00880e 9a9ff0ef jal              x1, -1624            x1=1c008810
15576628ns          258031 1c0081b6 0005a683 lw               x13, 0(x11)         x13=00000000 x11:10000f54  PA:10000f54
15576668ns          258033 1c0081b8 01c5a603 lw               x12, 28(x11)        x12=00000007 x11:10000f54  PA:10000f70
15576688ns          258034 1c0081ba 00269693 slli             x13, x13, 0x2       x13=00000000 x13:00000000
15576708ns          258035 1c0081bc 00261613 slli             x12, x12, 0x2       x12=0000001c x12:00000007
15576727ns          258036 1c0081be 00a686b3 add              x13, x13, x10       x13=10000e4c x13:00000000 x10:10000e4c
15577125ns          258056 1c0081c0 00a60633 add              x12, x12, x10       x12=10000e68 x12:0000001c x10:10000e4c
15577165ns          258058 1c0081c2 0006a883 lw               x17, 0(x13)         x17=41cca78d x13:10000e4c  PA:10000e4c
15577185ns          258059 1c0081c6 00062803 lw               x16, 0(x12)         x16=41915f5c x12:10000e68  PA:10000e68
15577205ns          258060 1c0081ca 0045a783 lw               x15, 4(x11)         x15=00000001 x11:10000f54  PA:10000f58
15577225ns          258061 1c0081cc 0908f353 fsub.s           f6, f17, f16         f6=xxxxxxxx f17:41cca78d f16:41915f5c
15577642ns          258082 1c0081d0 0185a703 lw               x14, 24(x11)        x14=00000006 x11:10000f54  PA:10000f6c
15577682ns          258084 1c0081d2 01187853 fadd.s           f16, f16, f17       f16=xxxxxxxx f16:41915f5c f17:41cca78d
15577702ns          258085 1c0081d6 00662023 sw               x6, 0(x12)           x6:40ed20c4 x12:10000e68  PA:10000e68
15577722ns          258086 1c0081da 00279793 slli             x15, x15, 0x2       x15=00000004 x15:00000001
15577742ns          258087 1c0081dc 00271713 slli             x14, x14, 0x2       x14=00000018 x14:00000006
15578160ns          258108 1c0081de 0106a023 sw               x16, 0(x13)         x16:422f0374 x13:10000e4c  PA:10000e4c
15578179ns          258109 1c0081e2 00a787b3 add              x15, x15, x10       x15=10000e50 x15:00000004 x10:10000e4c
15578199ns          258110 1c0081e4 00a70733 add              x14, x14, x10       x14=10000e64 x14:00000018 x10:10000e4c
15578219ns          258111 1c0081e6 0007a303 lw               x6, 0(x15)           x6=4178ff1b x15:10000e50  PA:10000e50
15578239ns          258112 1c0081ea 00072883 lw               x17, 0(x14)         x17=41a43975 x14:10000e64  PA:10000e64
15578259ns          258113 1c0081ee 0085a603 lw               x12, 8(x11)         x12=00000002 x11:10000f54  PA:10000f5c
15578697ns          258135 1c0081f0 09137e53 fsub.s           f28, f6, f17        f28=xxxxxxxx  f6:4178ff1b f17:41a43975
15578736ns          258137 1c0081f4 0145a803 lw               x16, 20(x11)        x16=00000005 x11:10000f54  PA:10000f68
15578756ns          258138 1c0081f8 0068f8d3 fadd.s           f17, f17, f6        f17=xxxxxxxx f17:41a43975  f6:4178ff1b
15578776ns          258139 1c0081fc 01c72023 sw               x28, 0(x14)         x28:c09ee79e x14:10000e64  PA:10000e64
15579214ns          258161 1c008200 00261613 slli             x12, x12, 0x2       x12=00000008 x12:00000002
15579234ns          258162 1c008202 00281813 slli             x16, x16, 0x2       x16=00000014 x16:00000005
15579254ns          258163 1c008204 0117a023 sw               x17, 0(x15)         x17:42105c81 x15:10000e50  PA:10000e50
15579273ns          258164 1c008208 00a60633 add              x12, x12, x10       x12=10000e54 x12:00000008 x10:10000e4c
15579293ns          258165 1c00820a 00a80833 add              x16, x16, x10       x16=10000e60 x16:00000014 x10:10000e4c
15579313ns          258166 1c00820c 00082303 lw               x6, 0(x16)           x6=41aed703 x16:10000e60  PA:10000e60
15579731ns          258187 1c008210 00062883 lw               x17, 0(x12)         x17=41ed1178 x12:10000e54  PA:10000e54
15579771ns          258189 1c008214 00c5a783 lw               x15, 12(x11)        x15=00000003 x11:10000f54  PA:10000f60
15579791ns          258190 1c008216 0868fe53 fsub.s           f28, f17, f6        f28=xxxxxxxx f17:41ed1178  f6:41aed703
15579811ns          258191 1c00821a 0105a703 lw               x14, 16(x11)        x14=00000004 x11:10000f54  PA:10000f64
15579830ns          258192 1c00821c 0068f8d3 fadd.s           f17, f17, f6        f17=xxxxxxxx f17:41ed1178  f6:41aed703
15580248ns          258213 1c008220 01c82023 sw               x28, 0(x16)         x28:40f8e9d4 x16:10000e60  PA:10000e60
15580288ns          258215 1c008224 00279793 slli             x15, x15, 0x2       x15=0000000c x15:00000003
15580308ns          258216 1c008226 00271713 slli             x14, x14, 0x2       x14=00000010 x14:00000004
15580328ns          258217 1c008228 01162023 sw               x17, 0(x12)         x17:424df43e x12:10000e54  PA:10000e54
15580348ns          258218 1c00822c 00a787b3 add              x15, x15, x10       x15=10000e58 x15:0000000c x10:10000e4c
15580367ns          258219 1c00822e 00a70733 add              x14, x14, x10       x14=10000e5c x14:00000010 x10:10000e4c
15580765ns          258239 1c008230 0007a803 lw               x16, 0(x15)         x16=41a29986 x15:10000e58  PA:10000e58
15580805ns          258241 1c008234 00072603 lw               x12, 0(x14)         x12=41d690ea x14:10000e5c  PA:10000e5c
15580825ns          258242 1c008236 00c5ae03 lw               x28, 12(x11)        x28=00000003 x11:10000f54  PA:10000f60
15580845ns          258243 1c00823a 08c878d3 fsub.s           f17, f16, f12       f17=xxxxxxxx f16:41a29986 f12:41d690ea
15581302ns          258266 1c00823e 01067653 fadd.s           f12, f12, f16       f12=xxxxxxxx f12:41d690ea f16:41a29986
15581322ns          258267 1c008242 002e1e13 slli             x28, x28, 0x2       x28=0000000c x28:00000003
15581342ns          258268 1c008244 01172023 sw               x17, 0(x14)         x17:c0cfdd90 x14:10000e5c  PA:10000e5c
15581362ns          258269 1c008248 00c7a023 sw               x12, 0(x15)         x12:423c9538 x15:10000e58  PA:10000e58
15581382ns          258270 1c00824a 00ae0e33 add              x28, x28, x10       x28=10000e58 x28:0000000c x10:10000e4c
15581402ns          258271 1c00824c 0006a783 lw               x15, 0(x13)         x15=422f0374 x13:10000e4c  PA:10000e4c
15581819ns          258292 1c00824e 000e2703 lw               x14, 0(x28)         x14=423c9538 x28:10000e58  PA:10000e58
15581859ns          258294 1c008252 0045ae83 lw               x29, 4(x11)         x29=00000001 x11:10000f54  PA:10000f58
15581879ns          258295 1c008256 08e7f653 fsub.s           f12, f15, f14       f12=xxxxxxxx f15:422f0374 f14:423c9538
15581899ns          258296 1c00825a 0085a303 lw               x6, 8(x11)           x6=00000002 x11:10000f54  PA:10000f5c
15582337ns          258318 1c00825e 00e7f7d3 fadd.s           f15, f15, f14       f15=xxxxxxxx f15:422f0374 f14:423c9538
15582376ns          258320 1c008262 00ce2023 sw               x12, 0(x28)         x12:c0591c40 x28:10000e58  PA:10000e58
15582396ns          258321 1c008266 002e9e93 slli             x29, x29, 0x2       x29=00000004 x29:00000001
15582416ns          258322 1c008268 00231313 slli             x6, x6, 0x2          x6=00000008  x6:00000002
15582436ns          258323 1c00826a 00ae8eb3 add              x29, x29, x10       x29=10000e50 x29:00000004 x10:10000e4c
15582456ns          258324 1c00826c 00a30333 add              x6, x6, x10          x6=10000e54  x6:00000008 x10:10000e4c
15582476ns          258325 1c00826e 00f6a023 sw               x15, 0(x13)         x15:42b5cc56 x13:10000e4c  PA:10000e4c
15582854ns          258344 1c008270 000ea603 lw               x12, 0(x29)         x12=42105c81 x29:10000e50  PA:10000e50
15582894ns          258346 1c008274 00032803 lw               x16, 0(x6)          x16=424df43e  x6:10000e54  PA:10000e54
15582913ns          258347 1c008278 0185a703 lw               x14, 24(x11)        x14=00000006 x11:10000f54  PA:10000f6c
15582933ns          258348 1c00827a 090678d3 fsub.s           f17, f12, f16       f17=xxxxxxxx f12:42105c81 f16:424df43e
15582953ns          258349 1c00827e 0145a783 lw               x15, 20(x11)        x15=00000005 x11:10000f54  PA:10000f68
15583371ns          258370 1c008280 01067653 fadd.s           f12, f12, f16       f12=xxxxxxxx f12:42105c81 f16:424df43e
15583411ns          258372 1c008284 01132023 sw               x17, 0(x6)          x17:c1765ef4  x6:10000e54  PA:10000e54
15583431ns          258373 1c008288 00271713 slli             x14, x14, 0x2       x14=00000018 x14:00000006
15583451ns          258374 1c00828a 00279793 slli             x15, x15, 0x2       x15=00000014 x15:00000005
15583470ns          258375 1c00828c 00cea023 sw               x12, 0(x29)         x12:42af2860 x29:10000e50  PA:10000e50
15583908ns          258397 1c008290 00a70733 add              x14, x14, x10       x14=10000e64 x14:00000018 x10:10000e4c
15583928ns          258398 1c008292 00a787b3 add              x15, x15, x10       x15=10000e60 x15:00000014 x10:10000e4c
15583948ns          258399 1c008294 0007af03 lw               x30, 0(x15)         x30=40f8e9d4 x15:10000e60  PA:10000e60
15583968ns          258400 1c008298 00072803 lw               x16, 0(x14)         x16=c09ee79e x14:10000e64  PA:10000e64
15583988ns          258401 1c00829c 1c0008b7 lui              x17, 0x1c000000     x17=1c000000
15584425ns          258423 1c0082a0 010f7653 fadd.s           f12, f30, f16       f12=xxxxxxxx f30:40f8e9d4 f16:c09ee79e
15584465ns          258425 1c0082a4 0288a883 lw               x17, 40(x17)        x17=3f3504f3 x17:1c000000  PA:1c000028
15584763ns          258440 1c0082a8 09e87853 fsub.s           f16, f16, f30       f16=xxxxxxxx f16:c09ee79e f30:40f8e9d4
15584783ns          258441 1c0082ac 11167653 fmul.s           f12, f12, f17       f12=xxxxxxxx f12:4034046c f17:3f3504f3
15584962ns          258450 1c0082b0 11187853 fmul.s           f16, f16, f17       f16=xxxxxxxx f16:c14be8b9 f17:3f3504f3
15585002ns          258452 1c0082b4 00c72023 sw               x12, 0(x14)         x12:3ffe9537 x14:10000e64  PA:10000e64
15585022ns          258453 1c0082b6 0107a023 sw               x16, 0(x15)         x16:c1102f7c x15:10000e60  PA:10000e60
15585042ns          258454 1c0082ba 0006af03 lw               x30, 0(x13)         x30=42b5cc56 x13:10000e4c  PA:10000e4c
15585479ns          258476 1c0082be 000ea603 lw               x12, 0(x29)         x12=42af2860 x29:10000e50  PA:10000e50
15585519ns          258478 1c0082c2 08cf7853 fsub.s           f16, f30, f12       f16=xxxxxxxx f30:42b5cc56 f12:42af2860
15585539ns          258479 1c0082c6 01e67653 fadd.s           f12, f12, f30       f12=xxxxxxxx f12:42af2860 f30:42b5cc56
15585559ns          258480 1c0082ca 11187853 fmul.s           f16, f16, f17       f16=xxxxxxxx f16:40547ec0 f17:3f3504f3
15585997ns          258502 1c0082ce 11167653 fmul.s           f12, f12, f17       f12=xxxxxxxx f12:43327a5b f17:3f3504f3
15586036ns          258504 1c0082d2 1c0008b7 lui              x17, 0x1c000000     x17=1c000000
15586056ns          258505 1c0082d6 010ea023 sw               x16, 0(x29)         x16:401641b9 x29:10000e50  PA:10000e50
15586076ns          258506 1c0082da 00c6a023 sw               x12, 0(x13)         x12:42fc67eb x13:10000e4c  PA:10000e4c
15586096ns          258507 1c0082dc 1c000837 lui              x16, 0x1c000000     x16=1c000000
15586534ns          258529 1c0082e0 00032603 lw               x12, 0(x6)          x12=c1765ef4  x6:10000e54  PA:10000e54
15586573ns          258531 1c0082e4 0308ae83 lw               x29, 48(x17)        x29=3ec3ef15 x17:1c000000  PA:1c000030
15586892ns          258547 1c0082e8 02c82803 lw               x16, 44(x16)        x16=bf6c835e x16:1c000000  PA:1c00002c
15587210ns          258563 1c0082ec 1c0008b7 lui              x17, 0x1c000000     x17=1c000000
15587230ns          258564 1c0082f0 000e2683 lw               x13, 0(x28)         x13=c0591c40 x28:10000e58  PA:10000e58
15587250ns          258565 1c0082f4 0348a883 lw               x17, 52(x17)        x17=3f6c835e x17:1c000000  PA:1c000034
15587548ns          258580 1c0082f8 11067853 fmul.s           f16, f12, f16       f16=xxxxxxxx f12:c1765ef4 f16:bf6c835e
15587568ns          258581 1c0082fc 1116f8d3 fmul.s           f17, f13, f17       f17=xxxxxxxx f13:c0591c40 f17:3f6c835e
15587707ns          258588 1c008300 81d6f6c3 fmadd.s          f13, f13, f29, f16  f13=xxxxxxxx f13:c0591c40 f29:3ec3ef15 f16:41639df6
15587747ns          258590 1c008304 89d67643 fmadd.s          f12, f12, f29, f17  f12=xxxxxxxx f12:c1765ef4 f29:3ec3ef15 f17:c0489574
15587767ns          258591 1c008308 0105a803 lw               x16, 16(x11)        x16=00000004 x11:10000f54  PA:10000f64
15587787ns          258592 1c00830c 00de2023 sw               x13, 0(x28)         x13:414ed88d x28:10000e58  PA:10000e58
15588224ns          258614 1c008310 00281693 slli             x13, x16, 0x2       x13=00000010 x16:00000004
15588264ns          258616 1c008314 00c32023 sw               x12, 0(x6)          x12:c1106d92  x6:10000e54  PA:10000e54
15588284ns          258617 1c008318 00a686b3 add              x13, x13, x10       x13=10000e5c x13:00000010 x10:10000e4c
15588304ns          258618 1c00831a 0006a803 lw               x16, 0(x13)         x16=c0cfdd90 x13:10000e5c  PA:10000e5c
15588324ns          258619 1c00831e 0007a603 lw               x12, 0(x15)         x12=c1102f7c x15:10000e60  PA:10000e60
15588741ns          258640 1c008320 01c5a583 lw               x11, 28(x11)        x11=00000007 x11:10000f54  PA:10000f70
15588801ns          258643 1c008322 08c878d3 fsub.s           f17, f16, f12       f17=xxxxxxxx f16:c0cfdd90 f12:c1102f7c
15588821ns          258644 1c008326 01067653 fadd.s           f12, f12, f16       f12=xxxxxxxx f12:c1102f7c f16:c0cfdd90
15588841ns          258645 1c00832a 00259593 slli             x11, x11, 0x2       x11=0000001c x11:00000007
15588861ns          258646 1c00832c 0117a023 sw               x17, 0(x15)         x17:402102d0 x15:10000e60  PA:10000e60
15589279ns          258667 1c008330 00c6a023 sw               x12, 0(x13)         x12:c1781e44 x13:10000e5c  PA:10000e5c
15589298ns          258668 1c008332 00b50533 add              x10, x10, x11       x10=10000e68 x10:10000e4c x11:0000001c
15589318ns          258669 1c008334 00052603 lw               x12, 0(x10)         x12=40ed20c4 x10:10000e68  PA:10000e68
15589338ns          258670 1c008336 00072583 lw               x11, 0(x14)         x11=3ffe9537 x14:10000e64  PA:10000e64
15589378ns          258672 1c008338 00c5f853 fadd.s           f16, f11, f12       f16=xxxxxxxx f11:3ffe9537 f12:40ed20c4
15589398ns          258673 1c00833c 08b67653 fsub.s           f12, f12, f11       f12=xxxxxxxx f12:40ed20c4 f11:3ffe9537
15589796ns          258693 1c008340 01052023 sw               x16, 0(x10)         x16:41166309 x10:10000e68  PA:10000e68
15589835ns          258695 1c008344 00c72023 sw               x12, 0(x14)         x12:40ad7b76 x14:10000e64  PA:10000e64
15589855ns          258696 1c008346 1c000837 lui              x16, 0x1c000000     x16=1c000000
15589875ns          258697 1c00834a 0006a603 lw               x12, 0(x13)         x12=c1781e44 x13:10000e5c  PA:10000e5c
15589895ns          258698 1c00834c 00052583 lw               x11, 0(x10)         x11=41166309 x10:10000e68  PA:10000e68
15590313ns          258719 1c00834e 03882883 lw               x17, 56(x16)        x17=bf7b14be x16:1c000000  PA:1c000038
15590631ns          258735 1c008352 1c000837 lui              x16, 0x1c000000     x16=1c000000
15590651ns          258736 1c008356 03c82303 lw               x6, 60(x16)          x6=3e47c5c2 x16:1c000000  PA:1c00003c
15590949ns          258751 1c00835a 1c000837 lui              x16, 0x1c000000     x16=1c000000
15591108ns          258759 1c00835e 04082803 lw               x16, 64(x16)        x16=3f7b14be x16:1c000000  PA:1c000040
15591466ns          258777 1c008362 111678d3 fmul.s           f17, f12, f17       f17=xxxxxxxx f12:c1781e44 f17:bf7b14be
15591486ns          258778 1c008366 1105f853 fmul.s           f16, f11, f16       f16=xxxxxxxx f11:41166309 f16:3f7b14be
15591506ns          258779 1c00836a 8865f5c3 fmadd.s          f11, f11, f6, f17   f11=xxxxxxxx f11:41166309  f6:3e47c5c2 f17:417359c7
15591964ns          258802 1c00836e 80667643 fmadd.s          f12, f12, f6, f16   f12=xxxxxxxx f12:c1781e44  f6:3e47c5c2 f16:41137f49
15591984ns          258803 1c008372 00b52023 sw               x11, 0(x10)         x11:41885849 x10:10000e68  PA:10000e68
15592004ns          258804 1c008374 1c0005b7 lui              x11, 0x1c000000     x11=1c000000
15592023ns          258805 1c008378 00c6a023 sw               x12, 0(x13)         x12:40c62ef9 x13:10000e5c  PA:10000e5c
15592043ns          258806 1c00837a 0445a503 lw               x10, 68(x11)        x10=bf0e39da x11:1c000000  PA:1c000044
15592501ns          258829 1c00837e 1c0005b7 lui              x11, 0x1c000000     x11=1c000000
15592521ns          258830 1c008382 0007a683 lw               x13, 0(x15)         x13=402102d0 x15:10000e60  PA:10000e60
15592541ns          258831 1c008384 0485a803 lw               x16, 72(x11)        x16=3f54db31 x11:1c000000  PA:1c000048
15592839ns          258846 1c008388 1c0005b7 lui              x11, 0x1c000000     x11=1c000000
15592859ns          258847 1c00838c 00072603 lw               x12, 0(x14)         x12=40ad7b76 x14:10000e64  PA:10000e64
15593018ns          258855 1c00838e 04c5a583 lw               x11, 76(x11)        x11=3f0e39da x11:1c000000  PA:1c00004c
15593356ns          258872 1c008392 10a6f553 fmul.s           f10, f13, f10       f10=xxxxxxxx f13:402102d0 f10:bf0e39da
15593376ns          258873 1c008396 10b675d3 fmul.s           f11, f12, f11       f11=xxxxxxxx f12:40ad7b76 f11:3f0e39da
15593396ns          258874 1c00839a 51067643 fmadd.s          f12, f12, f16, f10  f12=xxxxxxxx f12:40ad7b76 f16:3f54db31 f10:bfb2e7e4
15593456ns          258877 1c00839e 5906f6c3 fmadd.s          f13, f13, f16, f11  f13=xxxxxxxx f13:402102d0 f16:3f54db31 f11:4040c35f
15593475ns          258878 1c0083a2 00c72023 sw               x12, 0(x14)         x12:4047099d x14:10000e64  PA:10000e64
15593495ns          258879 1c0083a4 00d7a023 sw               x13, 0(x15)         x13:40a351c8 x15:10000e60  PA:10000e60
15593515ns          258880 1c0083a6 00008067 jalr             x0, x1, 0            x1:1c008810
15593555ns          258882 1c008810 c0dff06f jal              x0, -1012          
15593595ns          258884 1c00841c 03412783 lw               x15, 52(x2)         x15=00000010  x2:10000d48  PA:10000d7c
15593615ns          258885 1c00841e 03412683 lw               x13, 52(x2)         x13=00000010  x2:10000d48  PA:10000d7c
15593635ns          258886 1c008420 4037d793 srai             x15, x15, 0x403     x15=00000002 x15:00000010
15593654ns          258887 1c008422 4026d693 srai             x13, x13, 0x402     x13=00000004 x13:00000010
15593674ns          258888 1c008424 02f12823 sw               x15, 48(x2)         x15:00000002  x2:10000d48  PA:10000d78
15593694ns          258889 1c008426 02d12e23 sw               x13, 60(x2)         x13:00000004  x2:10000d48  PA:10000d84
15593714ns          258890 1c008428 06d7d063 bge              x15, x13, 96        x15:00000002 x13:00000004
15593734ns          258891 1c00842c 01c12703 lw               x14, 28(x2)         x14=00000008  x2:10000d48  PA:10000d64
15594112ns          258910 1c00842e 00f708b3 add              x17, x14, x15       x17=0000000a x14:00000008 x15:00000002
15594152ns          258912 1c008432 00e685b3 add              x11, x13, x14       x11=0000000c x13:00000004 x14:00000008
15594172ns          258913 1c008436 03412683 lw               x13, 52(x2)         x13=00000010  x2:10000d48  PA:10000d7c
15594192ns          258914 1c008438 00289893 slli             x17, x17, 0x2       x17=00000028 x17:0000000a
15594211ns          258915 1c00843a 00259593 slli             x11, x11, 0x2       x11=00000030 x11:0000000c
15594231ns          258916 1c00843c 40f68833 sub              x16, x13, x15       x16=0000000e x13:00000010 x15:00000002
15594649ns          258937 1c008440 411585b3 sub              x11, x11, x17       x11=00000008 x11:00000030 x17:00000028
15594689ns          258939 1c008444 02812703 lw               x14, 40(x2)         x14=10000f54  x2:10000d48  PA:10000d70
15594709ns          258940 1c008446 00281813 slli             x16, x16, 0x2       x16=00000038 x16:0000000e
15594729ns          258941 1c008448 ffc58593 addi             x11, x11, -4        x11=00000004 x11:00000008
15594748ns          258942 1c00844a 1c0007b7 lui              x15, 0x1c000000     x15=1c000000
15594768ns          258943 1c00844e ffc80813 addi             x16, x16, -4        x16=00000034 x16:00000038
15595166ns          258963 1c008450 0025d593 srli             x11, x11, 0x2       x11=00000001 x11:00000004
15595206ns          258965 1c008452 0287a303 lw               x6, 40(x15)          x6=3f3504f3 x15:1c000000  PA:1c000028
15595524ns          258981 1c008456 00e80833 add              x16, x16, x14       x16=10000f88 x16:00000034 x14:10000f54
15595544ns          258982 1c008458 00e888b3 add              x17, x17, x14       x17=10000f7c x17:00000028 x14:10000f54
15595564ns          258983 1c00845a 00158593 addi             x11, x11, 1         x11=00000002 x11:00000001
15595584ns          258984 1c00845c 0155c0fb lp.setup         0x1, x11, 0x15      x11:00000002
15595723ns          258991 1c008460 ffc8268b p.lw             x13, -4(x16!)       x13=0000000d x16=10000f84 x16:10000f88  PA:10000f88
15595763ns          258993 1c008464 0048a78b p.lw             x15, 4(x17!)        x15=0000000a x17=10000f80 x17:10000f7c  PA:10000f7c
15595783ns          258994 1c008468 00269693 slli             x13, x13, 0x2       x13=00000034 x13:0000000d
15595803ns          258995 1c00846a 00279793 slli             x15, x15, 0x2       x15=00000028 x15:0000000a
15595823ns          258996 1c00846c 017686b3 add              x13, x13, x23       x13=10000e80 x13:00000034 x23:10000e4c
15595842ns          258997 1c00846e 017787b3 add              x15, x15, x23       x15=10000e74 x15:00000028 x23:10000e4c
15596240ns          259017 1c008470 0006a703 lw               x14, 0(x13)         x14=3f508840 x13:10000e80  PA:10000e80
15596260ns          259018 1c008472 0007a503 lw               x10, 0(x15)         x10=40e9558c x15:10000e74  PA:10000e74
15596300ns          259020 1c008474 00a77653 fadd.s           f12, f14, f10       f12=xxxxxxxx f14:3f508840 f10:40e9558c
15596320ns          259021 1c008478 08a77753 fsub.s           f14, f14, f10       f14=xxxxxxxx f14:3f508840 f10:40e9558c
15596340ns          259022 1c00847c 10667653 fmul.s           f12, f12, f6        f12=xxxxxxxx f12:4101b34a  f6:3f3504f3
15596757ns          259043 1c008480 10677753 fmul.s           f14, f14, f6        f14=xxxxxxxx f14:c0cf4484  f6:3f3504f3
15596797ns          259045 1c008484 00c6a023 sw               x12, 0(x13)         x12:40b76c8a x13:10000e80  PA:10000e80
15596817ns          259046 1c008486 00e7a023 sw               x14, 0(x15)         x14:c0928f73 x15:10000e74  PA:10000e74
15596837ns          259047 1c008460 ffc8268b p.lw             x13, -4(x16!)       x13=0000000c x16=10000f80 x16:10000f84  PA:10000f84
15596857ns          259048 1c008464 0048a78b p.lw             x15, 4(x17!)        x15=0000000b x17=10000f84 x17:10000f80  PA:10000f80
15596877ns          259049 1c008468 00269693 slli             x13, x13, 0x2       x13=00000030 x13:0000000c
15596897ns          259050 1c00846a 00279793 slli             x15, x15, 0x2       x15=0000002c x15:0000000b
15596917ns          259051 1c00846c 017686b3 add              x13, x13, x23       x13=10000e7c x13:00000030 x23:10000e4c
15596936ns          259052 1c00846e 017787b3 add              x15, x15, x23       x15=10000e78 x15:0000002c x23:10000e4c
15596956ns          259053 1c008470 0006a703 lw               x14, 0(x13)         x14=c0d54863 x13:10000e7c  PA:10000e7c
15596976ns          259054 1c008472 0007a503 lw               x10, 0(x15)         x10=c0fef5f0 x15:10000e78  PA:10000e78
15597016ns          259056 1c008474 00a77653 fadd.s           f12, f14, f10       f12=xxxxxxxx f14:c0d54863 f10:c0fef5f0
15597036ns          259057 1c008478 08a77753 fsub.s           f14, f14, f10       f14=xxxxxxxx f14:c0d54863 f10:c0fef5f0
15597056ns          259058 1c00847c 10667653 fmul.s           f12, f12, f6        f12=xxxxxxxx f12:c16a1f2a  f6:3f3504f3
15597076ns          259059 1c008480 10677753 fmul.s           f14, f14, f6        f14=xxxxxxxx f14:3fa6b634  f6:3f3504f3
15597096ns          259060 1c008484 00c6a023 sw               x12, 0(x13)         x12:c1258c8f x13:10000e7c  PA:10000e7c
15597115ns          259061 1c008486 00e7a023 sw               x14, 0(x15)         x14:3f6bc418 x15:10000e78  PA:10000e78
15597135ns          259062 1c008488 03012683 lw               x13, 48(x2)         x13=00000002  x2:10000d48  PA:10000d78
15597155ns          259063 1c00848a 00100793 addi             x15, x0, 1          x15=00000001
15597175ns          259064 1c00848c 24d7df63 bge              x15, x13, 606       x15:00000001 x13:00000002
15597533ns          259082 1c008490 40000737 lui              x14, 0x40000000     x14=40000000
15597573ns          259084 1c008494 fff70793 addi             x15, x14, -1        x15=3fffffff x14:40000000
15597593ns          259085 1c008498 03412703 lw               x14, 52(x2)         x14=00000010  x2:10000d48  PA:10000d7c
15597613ns          259086 1c00849a 00100893 addi             x17, x0, 1          x17=00000001
15597633ns          259087 1c00849c 00e787b3 add              x15, x15, x14       x15=4000000f x15:3fffffff x14:00000010
15597653ns          259088 1c00849e 02f12c23 sw               x15, 56(x2)         x15:4000000f  x2:10000d48  PA:10000d80
15598050ns          259108 1c0084a0 01c12783 lw               x15, 28(x2)         x15=00000008  x2:10000d48  PA:10000d64
15598090ns          259110 1c0084a2 00289513 slli             x10, x17, 0x2       x10=00000004 x17:00000001
15598110ns          259111 1c0084a6 02a7c533 div              x10, x15, x10       x10=00000002 x15:00000008 x10:00000004
15598747ns          259143 1c0084aa 00151313 slli             x6, x10, 0x1         x6=00000004 x10:00000002
15598766ns          259144 1c0084ae 40a30fb3 sub              x31, x6, x10        x31=00000002  x6:00000004 x10:00000002
15598786ns          259145 1c0084b2 006785b3 add              x11, x15, x6        x11=0000000c x15:00000008  x6:00000004
15598806ns          259146 1c0084b6 40a002b3 sub              x5, x0, x10          x5=fffffffe x10:00000002
15598826ns          259147 1c0084ba 02812683 lw               x13, 40(x2)         x13=10000f54  x2:10000d48  PA:10000d70
15598846ns          259148 1c0084bc 00a00833 add              x16, x0, x10        x16=00000002 x10:00000002
15599264ns          259169 1c0084be 406003b3 sub              x7, x0, x6           x7=fffffffc  x6:00000004
15599303ns          259171 1c0084c2 00351f13 slli             x30, x10, 0x3       x30=00000010 x10:00000002
15599323ns          259172 1c0084c6 00259593 slli             x11, x11, 0x2       x11=00000030 x11:0000000c
15599343ns          259173 1c0084c8 00229293 slli             x5, x5, 0x2          x5=fffffff8  x5:fffffffe
15599363ns          259174 1c0084ca 002f9f93 slli             x31, x31, 0x2       x31=00000008 x31:00000002
15599383ns          259175 1c0084cc 00600e33 add              x28, x0, x6         x28=00000004  x6:00000004
15599403ns          259176 1c0084ce 00251513 slli             x10, x10, 0x2       x10=00000008 x10:00000002
15599781ns          259195 1c0084d0 01030333 add              x6, x6, x16          x6=00000006  x6:00000004 x16:00000002
15599821ns          259197 1c0084d2 00481493 slli             x9, x16, 0x4         x9=00000020 x16:00000002
15599841ns          259198 1c0084d6 00d585b3 add              x11, x11, x13       x11=10000f84 x11:00000030 x13:10000f54
15599860ns          259199 1c0084d8 00239393 slli             x7, x7, 0x2          x7=fffffff0  x7:fffffffc
15599880ns          259200 1c0084da 00000413 addi             x8, x0, 0            x8=00000000
15599900ns          259201 1c0084dc 00000e93 addi             x29, x0, 0          x29=00000000
15599920ns          259202 1c0084de ffc28293 addi             x5, x5, -4           x5=fffffff4  x5:fffffff8
15600298ns          259221 1c0084e0 ffcf0f13 addi             x30, x30, -4        x30=0000000c x30:00000010
15600318ns          259222 1c0084e2 ffcf8f93 addi             x31, x31, -4        x31=00000004 x31:00000008
15600338ns          259223 1c0084e4 0468c07b lp.setup         0x0, x17, 0x46      x17:00000001
15600358ns          259224 1c0084e8 050ed163 bge              x29, x16, 66        x29:00000000 x16:00000002
15600378ns          259225 1c0084ec ffc58993 addi             x19, x11, -4        x19=10000f80 x11:10000f84
15600815ns          259247 1c0084f0 00b28933 add              x18, x5, x11        x18=10000f78  x5:fffffff4 x11:10000f84
15600855ns          259249 1c0084f4 41298933 sub              x18, x19, x18       x18=00000008 x19:10000f80 x18:10000f78
15600875ns          259250 1c0084f8 ffc90913 addi             x18, x18, -4        x18=00000004 x18:00000008
15600895ns          259251 1c0084fa 00295913 srli             x18, x18, 0x2       x18=00000001 x18:00000004
15601352ns          259274 1c0084fe 00b38a33 add              x20, x7, x11        x20=10000f74  x7:fffffff0 x11:10000f84
15601372ns          259275 1c008502 00190913 addi             x18, x18, 1         x18=00000002 x18:00000001
15601392ns          259276 1c008504 012940fb lp.setup         0x1, x18, 0x12      x18:00000002
15601412ns          259277 1c008508 004a278b p.lw             x15, 4(x20!)        x15=00000008 x20=10000f78 x20:10000f74  PA:10000f74
15601432ns          259278 1c00850c ffc9a70b p.lw             x14, -4(x19!)       x14=0000000b x19=10000f7c x19:10000f80  PA:10000f80
15601869ns          259300 1c008510 00279793 slli             x15, x15, 0x2       x15=00000020 x15:00000008
15601889ns          259301 1c008512 00271713 slli             x14, x14, 0x2       x14=0000002c x14:0000000b
15601909ns          259302 1c008514 017787b3 add              x15, x15, x23       x15=10000e6c x15:00000020 x23:10000e4c
15601929ns          259303 1c008516 01770733 add              x14, x14, x23       x14=10000e78 x14:0000002c x23:10000e4c
15601949ns          259304 1c008518 0007a683 lw               x13, 0(x15)         x13=bfd56bf8 x15:10000e6c  PA:10000e6c
15601969ns          259305 1c00851a 00072603 lw               x12, 0(x14)         x12=3f6bc418 x14:10000e78  PA:10000e78
15602009ns          259307 1c00851c 08c6fad3 fsub.s           f21, f13, f12       f21=xxxxxxxx f13:bfd56bf8 f12:3f6bc418
15602387ns          259326 1c008520 00c6f6d3 fadd.s           f13, f13, f12       f13=xxxxxxxx f13:bfd56bf8 f12:3f6bc418
15602426ns          259328 1c008524 01572023 sw               x21, 0(x14)         x21:c025a702 x14:10000e78  PA:10000e78
15602446ns          259329 1c008528 00d7a023 sw               x13, 0(x15)         x13:bf3f13d8 x15:10000e6c  PA:10000e6c
15602466ns          259330 1c008508 004a278b p.lw             x15, 4(x20!)        x15=00000009 x20=10000f7c x20:10000f78  PA:10000f78
15602486ns          259331 1c00850c ffc9a70b p.lw             x14, -4(x19!)       x14=0000000a x19=10000f78 x19:10000f7c  PA:10000f7c
15602506ns          259332 1c008510 00279793 slli             x15, x15, 0x2       x15=00000024 x15:00000009
15602526ns          259333 1c008512 00271713 slli             x14, x14, 0x2       x14=00000028 x14:0000000a
15602546ns          259334 1c008514 017787b3 add              x15, x15, x23       x15=10000e70 x15:00000024 x23:10000e4c
15602566ns          259335 1c008516 01770733 add              x14, x14, x23       x14=10000e74 x14:00000028 x23:10000e4c
15602585ns          259336 1c008518 0007a683 lw               x13, 0(x15)         x13=bf325520 x15:10000e70  PA:10000e70
15602605ns          259337 1c00851a 00072603 lw               x12, 0(x14)         x12=c0928f73 x14:10000e74  PA:10000e74
15602645ns          259339 1c00851c 08c6fad3 fsub.s           f21, f13, f12       f21=xxxxxxxx f13:bf325520 f12:c0928f73
15602665ns          259340 1c008520 00c6f6d3 fadd.s           f13, f13, f12       f13=xxxxxxxx f13:bf325520 f12:c0928f73
15602685ns          259341 1c008524 01572023 sw               x21, 0(x14)         x21:4078899e x14:10000e74  PA:10000e74
15602705ns          259342 1c008528 00d7a023 sw               x13, 0(x15)         x13:c0a8da17 x15:10000e70  PA:10000e70
15602725ns          259343 1c00852a 026e5e63 bge              x28, x6, 60         x28:00000004  x6:00000006
15603122ns          259363 1c00852e 41ff0933 sub              x18, x30, x31       x18=00000008 x30:0000000c x31:00000004
15603142ns          259364 1c008532 ffc90913 addi             x18, x18, -4        x18=00000004 x18:00000008
15603162ns          259365 1c008534 00295913 srli             x18, x18, 0x2       x18=00000001 x18:00000004
15603182ns          259366 1c008538 00bf0a33 add              x20, x30, x11       x20=10000f90 x30:0000000c x11:10000f84
15603202ns          259367 1c00853c 00b009b3 add              x19, x0, x11        x19=10000f84 x11:10000f84
15603222ns          259368 1c00853e 00190913 addi             x18, x18, 1         x18=00000002 x18:00000001
15603640ns          259389 1c008540 012940fb lp.setup         0x1, x18, 0x12      x18:00000002
15603679ns          259391 1c008544 ffca270b p.lw             x14, -4(x20!)       x14=0000000f x20=10000f8c x20:10000f90  PA:10000f90
15603699ns          259392 1c008548 0049a78b p.lw             x15, 4(x19!)        x15=0000000c x19=10000f88 x19:10000f84  PA:10000f84
15603719ns          259393 1c00854c 00271713 slli             x14, x14, 0x2       x14=0000003c x14:0000000f
15603739ns          259394 1c00854e 00279793 slli             x15, x15, 0x2       x15=00000030 x15:0000000c
15604157ns          259415 1c008550 01770733 add              x14, x14, x23       x14=10000e88 x14:0000003c x23:10000e4c
15604177ns          259416 1c008552 017787b3 add              x15, x15, x23       x15=10000e7c x15:00000030 x23:10000e4c
15604197ns          259417 1c008554 00072683 lw               x13, 0(x14)         x13=c0ad0efc x14:10000e88  PA:10000e88
15604216ns          259418 1c008556 0007a603 lw               x12, 0(x15)         x12=c1258c8f x15:10000e7c  PA:10000e7c
15604256ns          259420 1c008558 00c6fad3 fadd.s           f21, f13, f12       f21=xxxxxxxx f13:c0ad0efc f12:c1258c8f
15604276ns          259421 1c00855c 08c6f6d3 fsub.s           f13, f13, f12       f13=xxxxxxxx f13:c0ad0efc f12:c1258c8f
15604674ns          259441 1c008560 01572023 sw               x21, 0(x14)         x21:c17c140d x14:10000e88  PA:10000e88
15604714ns          259443 1c008564 00d7a023 sw               x13, 0(x15)         x13:409e0a22 x15:10000e7c  PA:10000e7c
15604734ns          259444 1c008544 ffca270b p.lw             x14, -4(x20!)       x14=0000000e x20=10000f88 x20:10000f8c  PA:10000f8c
15604754ns          259445 1c008548 0049a78b p.lw             x15, 4(x19!)        x15=0000000d x19=10000f8c x19:10000f88  PA:10000f88
15604793ns          259447 1c00854c 00271713 slli             x14, x14, 0x2       x14=00000038 x14:0000000e
15604813ns          259448 1c00854e 00279793 slli             x15, x15, 0x2       x15=00000034 x15:0000000d
15604833ns          259449 1c008550 01770733 add              x14, x14, x23       x14=10000e84 x14:00000038 x23:10000e4c
15604853ns          259450 1c008552 017787b3 add              x15, x15, x23       x15=10000e80 x15:00000034 x23:10000e4c
15604873ns          259451 1c008554 00072683 lw               x13, 0(x14)         x13=3f689a50 x14:10000e84  PA:10000e84
15604893ns          259452 1c008556 0007a603 lw               x12, 0(x15)         x12=40b76c8a x15:10000e80  PA:10000e80
15604933ns          259454 1c008558 00c6fad3 fadd.s           f21, f13, f12       f21=xxxxxxxx f13:3f689a50 f12:40b76c8a
15604952ns          259455 1c00855c 08c6f6d3 fsub.s           f13, f13, f12       f13=xxxxxxxx f13:3f689a50 f12:40b76c8a
15604972ns          259456 1c008560 01572023 sw               x21, 0(x14)         x21:40d47fd4 x14:10000e84  PA:10000e84
15604992ns          259457 1c008564 00d7a023 sw               x13, 0(x15)         x13:c09a5940 x15:10000e80  PA:10000e80
15605012ns          259458 1c008566 00ae8eb3 add              x29, x29, x10       x29=00000008 x29:00000000 x10:00000008
15605032ns          259459 1c008568 00140413 addi             x8, x8, 1            x8=00000001  x8:00000000
15605052ns          259460 1c00856a 00a80833 add              x16, x16, x10       x16=0000000a x16:00000002 x10:00000008
15605072ns          259461 1c00856c 00a30333 add              x6, x6, x10          x6=0000000e  x6:00000006 x10:00000008
15605092ns          259462 1c00856e 00ae0e33 add              x28, x28, x10       x28=0000000c x28:00000004 x10:00000008
15605430ns          259479 1c008570 009585b3 add              x11, x11, x9        x11=10000fa4 x11:10000f84  x9:00000020
15605450ns          259480 1c008572 01c12703 lw               x14, 28(x2)         x14=00000008  x2:10000d48  PA:10000d64
15605470ns          259481 1c008574 00341f93 slli             x31, x8, 0x3        x31=00000008  x8:00000001
15605489ns          259482 1c008578 03f74a33 div              x20, x14, x31       x20=00000001 x14:10000e84 x31:00000008
15606106ns          259513 1c00857c 001a1c93 slli             x25, x20, 0x1       x25=00000002 x20:00000001
15606126ns          259514 1c008580 014c89b3 add              x19, x25, x20       x19=00000003 x25:00000002 x20:00000001
15606146ns          259515 1c008584 014987b3 add              x15, x19, x20       x15=00000004 x19:00000003 x20:00000001
15606166ns          259516 1c008588 03812683 lw               x13, 56(x2)         x13=4000000f  x2:10000d48  PA:10000d80
15606186ns          259517 1c00858a 00f12423 sw               x15, 8(x2)          x15:00000004  x2:10000d48  PA:10000d50
15606206ns          259518 1c00858c 01970db3 add              x27, x14, x25       x27=0000000a x14:00000008 x25:00000002
15606623ns          259539 1c008590 d0047753 fcvt.s.w         f14, x8             f14=xxxxxxxx  x8:00000001
15606663ns          259541 1c008594 00141793 slli             x15, x8, 0x1        x15=00000002  x8:00000001
15606683ns          259542 1c008598 41468d33 sub              x26, x13, x20       x26=4000000e x13:4000000f x20:00000001
15606703ns          259543 1c00859c 01da1493 slli             x9, x20, 0x1d        x9=20000000 x20:00000001
15607140ns          259565 1c0085a0 00812683 lw               x13, 8(x2)          x13=00000004  x2:10000d48  PA:10000d50
15607160ns          259566 1c0085a2 02f12623 sw               x15, 44(x2)         x15:00000002  x2:10000d48  PA:10000d74
15607180ns          259567 1c0085a4 414484b3 sub              x9, x9, x20          x9=1fffffff  x9:20000000 x20:00000001
15607200ns          259568 1c0085a8 02c12b03 lw               x22, 44(x2)         x22=00000002  x2:10000d48  PA:10000d74
15607220ns          259569 1c0085aa 40d00933 sub              x18, x0, x13        x18=fffffffc x13:00000004
15607240ns          259570 1c0085ae 00149493 slli             x9, x9, 0x1          x9=3ffffffe  x9:1fffffff
15607658ns          259591 1c0085b0 00e12823 sw               x14, 16(x2)         x14:3f800000  x2:10000d48  PA:10000d58
15607697ns          259593 1c0085b2 00269713 slli             x14, x13, 0x2       x14=00000010 x13:00000004
15607717ns          259594 1c0085b6 02812683 lw               x13, 40(x2)         x13=10000f54  x2:10000d48  PA:10000d70
15607737ns          259595 1c0085b8 002d9d93 slli             x27, x27, 0x2       x27=00000028 x27:0000000a
15607757ns          259596 1c0085ba 002d1d13 slli             x26, x26, 0x2       x26=00000038 x26:4000000e
15607777ns          259597 1c0085bc 414002b3 sub              x5, x0, x20          x5=ffffffff x20:00000001
15608175ns          259617 1c0085c0 019484b3 add              x9, x9, x25          x9=40000000  x9:3ffffffe x25:00000002
15608215ns          259619 1c0085c2 414c87b3 sub              x15, x25, x20       x15=00000001 x25:00000002 x20:00000001
15608234ns          259620 1c0085c6 01640433 add              x8, x8, x22          x8=00000003  x8:00000001 x22:00000002
15608254ns          259621 1c0085c8 00dd8db3 add              x27, x27, x13       x27=10000f7c x27:00000028 x13:10000f54
15608274ns          259622 1c0085ca 00dd0d33 add              x26, x26, x13       x26=10000f8c x26:00000038 x13:10000f54
15608294ns          259623 1c0085cc 00249493 slli             x9, x9, 0x2          x9=00000000  x9:40000000
15608314ns          259624 1c0085ce 00e12a23 sw               x14, 20(x2)         x14:00000010  x2:10000d48  PA:10000d5c
15608692ns          259643 1c0085d0 00229a93 slli             x21, x5, 0x2        x21=fffffffc  x5:ffffffff
15608732ns          259645 1c0085d4 00279793 slli             x15, x15, 0x2       x15=00000004 x15:00000001
15608752ns          259646 1c0085d6 419a0733 sub              x14, x20, x25       x14=ffffffff x20:00000001 x25:00000002
15608771ns          259647 1c0085da 00812623 sw               x8, 12(x2)           x8:00000003  x2:10000d48  PA:10000d54
15608791ns          259648 1c0085dc 02912023 sw               x9, 32(x2)           x9:00000000  x2:10000d48  PA:10000d68
15608811ns          259649 1c0085de 01b00433 add              x8, x0, x27          x8=10000f7c x27:10000f7c
15609229ns          259670 1c0085e0 00291913 slli             x18, x18, 0x2       x18=fffffff0 x18:fffffffc
15609249ns          259671 1c0085e2 01600db3 add              x27, x0, x22        x27=00000002 x22:00000002
15609269ns          259672 1c0085e4 02f12223 sw               x15, 36(x2)         x15:00000004  x2:10000d48  PA:10000d6c
15609289ns          259673 1c0085e6 01a00b33 add              x22, x0, x26        x22=10000f8c x26:10000f8c
15609308ns          259674 1c0085e8 00e12c23 sw               x14, 24(x2)         x14:ffffffff  x2:10000d48  PA:10000d60
15609328ns          259675 1c0085ea 01900d33 add              x26, x0, x25        x26=00000002 x25:00000002
15609348ns          259676 1c0085ec 015004b3 add              x9, x0, x21          x9=fffffffc x21:fffffffc
15609368ns          259677 1c0085ee 01812783 lw               x15, 24(x2)         x15=ffffffff  x2:10000d48  PA:10000d60
15609746ns          259696 1c0085f0 00000713 addi             x14, x0, 0          x14=00000000
15609786ns          259698 1c0085f2 01a78ab3 add              x21, x15, x26       x21=00000001 x15:ffffffff x26:00000002
15609806ns          259699 1c0085f6 01b007b3 add              x15, x0, x27        x15=00000002 x27:00000002
15609826ns          259700 1c0085f8 00f006b3 add              x13, x0, x15        x13=00000002 x15:00000002
15609846ns          259701 1c0085fa fc1726b3 p.insert         x13, x14, 30, 1     x13=00000000 x13:00000002 x14:00000000
15609865ns          259702 1c0085fe 4017d793 srai             x15, x15, 0x401     x15=00000001 x15:00000002
15610263ns          259722 1c008600 00d00733 add              x14, x0, x13        x14=00000000 x13:00000000
15610283ns          259723 1c008602 fe079be3 bne              x15, x0, -10        x15:00000001
15610343ns          259726 1c0085f8 00f006b3 add              x13, x0, x15        x13=00000001 x15:00000001
15610363ns          259727 1c0085fa fc1726b3 p.insert         x13, x14, 30, 1     x13=00000001 x13:00000001 x14:00000000
15610383ns          259728 1c0085fe 4017d793 srai             x15, x15, 0x401     x15=00000000 x15:00000001
15610402ns          259729 1c008600 00d00733 add              x14, x0, x13        x14=00000001 x13:00000001
15610422ns          259730 1c008602 fe079be3 bne              x15, x0, -10        x15:00000000
15610442ns          259731 1c008604 1c0007b7 lui              x15, 0x1c000000     x15=1c000000
15610462ns          259732 1c008608 d006f753 fcvt.s.w         f14, x13            f14=xxxxxxxx x13:00000001
15610482ns          259733 1c00860c 01c78793 addi             x15, x15, 28        x15=1c00001c x15:1c000000
15610880ns          259753 1c008610 0007a783 lw               x15, 0(x15)         x15=3ec90fdb x15:1c00001c  PA:1c00001c
15611198ns          259769 1c008612 01012683 lw               x13, 16(x2)         x13=3f800000  x2:10000d48  PA:10000d58
15611218ns          259770 1c008614 10f77753 fmul.s           f14, f14, f15       f14=xxxxxxxx f14:3f800000 f15:3ec90fdb
15611238ns          259771 1c008618 18d77c53 fdiv.s           f24, f14, f13       f24=xxxxxxxx f14:3ec90fdb f13:3f800000
15611516ns          259785 1c00861c 01800533 add              x10, x0, x24        x10=3ec90fdb x24:3ec90fdb
15611536ns          259786 1c00861e 7f6000ef jal              x1, 2038             x1=1c008622
15612014ns          259810 1c008e14 a0a527d3 feq.s            x15, f10, f10       x15=00000001 f10:3ec90fdb f10:3ec90fdb
15612053ns          259812 1c008e18 0a078b63 beq              x15, x0, 182        x15:00000001
15612073ns          259813 1c008e1a e00517d3 fclass.s         x15, f10            x15=00000040 f10:3ec90fdb
15612511ns          259835 1c008e1e 0817f793 andi             x15, x15, 129       x15=00000000 x15:00000040
15612531ns          259836 1c008e22 0a079663 bne              x15, x0, 172        x15:00000000
15612551ns          259837 1c008e24 00000793 addi             x15, x0, 0          x15=00000000
15612571ns          259838 1c008e28 a0f517d3 flt.s            x15, f10, f15       x15=00000000 f10:3ec90fdb f15:00000000
15612590ns          259839 1c008e2c 0a079663 bne              x15, x0, 172        x15:00000000
15613028ns          259861 1c008e2e 1c000737 lui              x14, 0x1c000000     x14=1c000000
15613068ns          259863 1c008e32 16072783 lw               x15, 352(x14)       x15=40c90fdb x14:1c000000  PA:1c000160
15613386ns          259879 1c008e36 a0a797d3 flt.s            x15, f15, f10       x15=00000000 f15:40c90fdb f10:3ec90fdb
15613406ns          259880 1c008e3a 00078b63 beq              x15, x0, 22         x15:00000000
15614023ns          259911 1c008e50 00000793 addi             x15, x0, 0          x15=00000000
15614062ns          259913 1c008e54 a0f517d3 flt.s            x15, f10, f15       x15=00000000 f10:3ec90fdb f15:00000000
15614082ns          259914 1c008e58 08079a63 bne              x15, x0, 148        x15:00000000
15614102ns          259915 1c008e5a 1c0007b7 lui              x15, 0x1c000000     x15=1c000000
15614560ns          259938 1c008e5e 0207a783 lw               x15, 32(x15)        x15=3fc90fdb x15:1c000000  PA:1c000020
15614918ns          259956 1c008e62 a0f517d3 flt.s            x15, f10, f15       x15=00000001 f10:3ec90fdb f15:3fc90fdb
15614938ns          259957 1c008e66 02079563 bne              x15, x0, 42         x15:00000001
15615872ns          260004 1c008e90 10a57553 fmul.s           f10, f10, f10       f10=xxxxxxxx f10:3ec90fdb f10:3ec90fdb
15615912ns          260006 1c008e94 1c0007b7 lui              x15, 0x1c000000     x15=1c000000
15615932ns          260007 1c008e98 1c000737 lui              x14, 0x1c000000     x14=1c000000
15615952ns          260008 1c008e9c 16872703 lw               x14, 360(x14)       x14=bab59551 x14:1c000000  PA:1c000168
15616429ns          260032 1c008ea0 1647a783 lw               x15, 356(x15)       x15=37c23ab1 x15:1c000000  PA:1c000164
15616748ns          260048 1c008ea4 70f577c3 fmadd.s          f15, f10, f15, f14  f15=xxxxxxxx f10:3e1de9e7 f15:37c23ab1 f14:bab59551
15616768ns          260049 1c008ea8 1c000737 lui              x14, 0x1c000000     x14=1c000000
15616787ns          260050 1c008eac 16c72703 lw               x14, 364(x14)       x14=3d2aa76f x14:1c000000  PA:1c00016c
15617145ns          260068 1c008eb0 70f577c3 fmadd.s          f15, f10, f15, f14  f15=xxxxxxxx f10:3e1de9e7 f15:bab51d82 f14:3d2aa76f
15617165ns          260069 1c008eb4 1c000737 lui              x14, 0x1c000000     x14=1c000000
15617185ns          260070 1c008eb8 17072703 lw               x14, 368(x14)       x14=beffffe0 x14:1c000000  PA:1c000170
15617523ns          260087 1c008ebc 70f577c3 fmadd.s          f15, f10, f15, f14  f15=xxxxxxxx f10:3e1de9e7 f15:3d29c7fe f14:beffffe0
15617543ns          260088 1c008ec0 1c000737 lui              x14, 0x1c000000     x14=1c000000
15617583ns          260090 1c008ec4 19c72703 lw               x14, 412(x14)       x14=3f7fffff x14:1c000000  PA:1c00019c
15617901ns          260106 1c008ec8 70f57543 fmadd.s          f10, f10, f15, f14  f10=xxxxxxxx f10:3e1de9e7 f15:befcba0a f14:3f7fffff
15617921ns          260107 1c008ecc 00008067 jalr             x0, x1, 0            x1:1c008622
15618120ns          260117 1c008622 1c000737 lui              x14, 0x1c000000     x14=1c000000
15618140ns          260118 1c008626 02070713 addi             x14, x14, 32        x14=1c000020 x14:1c000000
15618160ns          260119 1c00862a 00072703 lw               x14, 0(x14)         x14=3fc90fdb x14:1c000020  PA:1c000020
15618498ns          260136 1c00862c 00a00cb3 add              x25, x0, x10        x25=3f6c835f x10:3f6c835f
15618657ns          260144 1c00862e 09877553 fsub.s           f10, f14, f24       f10=xxxxxxxx f14:3fc90fdb f24:3ec90fdb
15618697ns          260146 1c008632 7e2000ef jal              x1, 2018             x1=1c008636
15618776ns          260150 1c008e14 a0a527d3 feq.s            x15, f10, f10       x15=00000001 f10:3f96cbe4 f10:3f96cbe4
15618816ns          260152 1c008e18 0a078b63 beq              x15, x0, 182        x15:00000001
15618836ns          260153 1c008e1a e00517d3 fclass.s         x15, f10            x15=00000040 f10:3f96cbe4
15618856ns          260154 1c008e1e 0817f793 andi             x15, x15, 129       x15=00000000 x15:00000040
15618876ns          260155 1c008e22 0a079663 bne              x15, x0, 172        x15:00000000
15618896ns          260156 1c008e24 00000793 addi             x15, x0, 0          x15=00000000
15618916ns          260157 1c008e28 a0f517d3 flt.s            x15, f10, f15       x15=00000000 f10:3f96cbe4 f15:00000000
15618936ns          260158 1c008e2c 0a079663 bne              x15, x0, 172        x15:00000000
15618956ns          260159 1c008e2e 1c000737 lui              x14, 0x1c000000     x14=1c000000
15618975ns          260160 1c008e32 16072783 lw               x15, 352(x14)       x15=40c90fdb x14:1c000000  PA:1c000160
15619294ns          260176 1c008e36 a0a797d3 flt.s            x15, f15, f10       x15=00000000 f15:40c90fdb f10:3f96cbe4
15619314ns          260177 1c008e3a 00078b63 beq              x15, x0, 22         x15:00000000
15619373ns          260180 1c008e50 00000793 addi             x15, x0, 0          x15=00000000
15619393ns          260181 1c008e54 a0f517d3 flt.s            x15, f10, f15       x15=00000000 f10:3f96cbe4 f15:00000000
15619413ns          260182 1c008e58 08079a63 bne              x15, x0, 148        x15:00000000
15619433ns          260183 1c008e5a 1c0007b7 lui              x15, 0x1c000000     x15=1c000000
15619453ns          260184 1c008e5e 0207a783 lw               x15, 32(x15)        x15=3fc90fdb x15:1c000000  PA:1c000020
15619791ns          260201 1c008e62 a0f517d3 flt.s            x15, f10, f15       x15=00000001 f10:3f96cbe4 f15:3fc90fdb
15619811ns          260202 1c008e66 02079563 bne              x15, x0, 42         x15:00000001
15619910ns          260207 1c008e90 10a57553 fmul.s           f10, f10, f10       f10=xxxxxxxx f10:3f96cbe4 f10:3f96cbe4
15619950ns          260209 1c008e94 1c0007b7 lui              x15, 0x1c000000     x15=1c000000
15619970ns          260210 1c008e98 1c000737 lui              x14, 0x1c000000     x14=1c000000
15619990ns          260211 1c008e9c 16872703 lw               x14, 360(x14)       x14=bab59551 x14:1c000000  PA:1c000168
15620288ns          260226 1c008ea0 1647a783 lw               x15, 356(x15)       x15=37c23ab1 x15:1c000000  PA:1c000164
15620606ns          260242 1c008ea4 70f577c3 fmadd.s          f15, f10, f15, f14  f15=xxxxxxxx f10:3fb1a723 f15:37c23ab1 f14:bab59551
15620626ns          260243 1c008ea8 1c000737 lui              x14, 0x1c000000     x14=1c000000
15620646ns          260244 1c008eac 16c72703 lw               x14, 364(x14)       x14=3d2aa76f x14:1c000000  PA:1c00016c
15620964ns          260260 1c008eb0 70f577c3 fmadd.s          f15, f10, f15, f14  f15=xxxxxxxx f10:3fb1a723 f15:bab15f06 f14:3d2aa76f
15620984ns          260261 1c008eb4 1c000737 lui              x14, 0x1c000000     x14=1c000000
15621004ns          260262 1c008eb8 17072703 lw               x14, 368(x14)       x14=beffffe0 x14:1c000000  PA:1c000170
15621323ns          260278 1c008ebc 70f577c3 fmadd.s          f15, f10, f15, f14  f15=xxxxxxxx f10:3fb1a723 f15:3d22f607 f14:beffffe0
15621342ns          260279 1c008ec0 1c000737 lui              x14, 0x1c000000     x14=1c000000
15621362ns          260280 1c008ec4 19c72703 lw               x14, 412(x14)       x14=3f7fffff x14:1c000000  PA:1c00019c
15621700ns          260297 1c008ec8 70f57543 fmadd.s          f10, f10, f15, f14  f10=xxxxxxxx f10:3fb1a723 f15:bee3ba40 f14:3f7fffff
15621720ns          260298 1c008ecc 00008067 jalr             x0, x1, 0            x1:1c008636
15621780ns          260301 1c008636 05aad463 bge              x21, x26, 72        x21:00000001 x26:00000002
15621800ns          260302 1c00863a 02012783 lw               x15, 32(x2)         x15=00000000  x2:10000d48  PA:10000d68
15621820ns          260303 1c00863c 219c93d3 fsgnjn.s         f7, f25, f25         f7=xxxxxxxx f25:3f6c835f f25:3f6c835f
15622237ns          260324 1c008640 409788b3 sub              x17, x15, x9        x17=00000004 x15:00000000  x9:fffffffc
15622277ns          260326 1c008644 ffc88893 addi             x17, x17, -4        x17=00000000 x17:00000004
15622297ns          260327 1c008646 0028d893 srli             x17, x17, 0x2       x17=00000000 x17:00000000
15622317ns          260328 1c00864a 00848e33 add              x28, x9, x8         x28=10000f78  x9:fffffffc  x8:10000f7c
15622337ns          260329 1c00864e 01600333 add              x6, x0, x22          x6=10000f8c x22:10000f8c
15622755ns          260350 1c008650 00188893 addi             x17, x17, 1         x17=00000001 x17:00000000
15622794ns          260352 1c008652 0158c0fb lp.setup         0x1, x17, 0x15      x17:00000001
15622814ns          260353 1c008656 004e278b p.lw             x15, 4(x28!)        x15=00000009 x28=10000f7c x28:10000f78  PA:10000f78
15622834ns          260354 1c00865a ffc3270b p.lw             x14, -4(x6!)        x14=0000000e  x6=10000f88  x6:10000f8c  PA:10000f8c
15622854ns          260355 1c00865e 00279793 slli             x15, x15, 0x2       x15=00000024 x15:00000009
15623272ns          260376 1c008660 017787b3 add              x15, x15, x23       x15=10000e70 x15:00000024 x23:10000e4c
15623292ns          260377 1c008662 00271713 slli             x14, x14, 0x2       x14=00000038 x14:0000000e
15623312ns          260378 1c008664 0007a683 lw               x13, 0(x15)         x13=c0a8da17 x15:10000e70  PA:10000e70
15623331ns          260379 1c008666 01770733 add              x14, x14, x23       x14=10000e84 x14:00000038 x23:10000e4c
15623351ns          260380 1c008668 00072603 lw               x12, 0(x14)         x12=40d47fd4 x14:10000e84  PA:10000e84
15623371ns          260381 1c00866a 10d57853 fmul.s           f16, f10, f13       f16=xxxxxxxx f10:3ec3ef16 f13:c0a8da17
15623809ns          260403 1c00866e 10c575d3 fmul.s           f11, f10, f12       f11=xxxxxxxx f10:3ec3ef16 f12:40d47fd4
15623849ns          260405 1c008672 80ccf643 fmadd.s          f12, f25, f12, f16  f12=xxxxxxxx f25:3f6c835f f12:40d47fd4 f16:c0013bd2
15623869ns          260406 1c008676 5876f6c3 fmadd.s          f13, f13, f7, f11   f13=xxxxxxxx f13:c0a8da17  f7:bf6c835f f11:4022a3d4
15623888ns          260407 1c00867a 00c72023 sw               x12, 0(x14)         x12:4083b4fb x14:10000e84  PA:10000e84
15623908ns          260408 1c00867c 00d7a023 sw               x13, 0(x15)         x13:40ed519d x15:10000e70  PA:10000e70
15624326ns          260429 1c00867e 053d5763 bge              x26, x19, 78        x26:00000002 x19:00000003
15624346ns          260430 1c008682 02412683 lw               x13, 36(x2)         x13=00000004  x2:10000d48  PA:10000d6c
15624366ns          260431 1c008684 219c93d3 fsgnjn.s         f7, f25, f25         f7=xxxxxxxx f25:3f6c835f f25:3f6c835f
15624386ns          260432 1c008688 ffc68893 addi             x17, x13, -4        x17=00000000 x13:00000004
15624406ns          260433 1c00868c 0028d893 srli             x17, x17, 0x2       x17=00000000 x17:00000000
15624843ns          260455 1c008690 20a51ed3 fsgnjn.s         f29, f10, f10       f29=xxxxxxxx f10:3ec3ef16 f10:3ec3ef16
15624883ns          260457 1c008694 01648e33 add              x28, x9, x22        x28=10000f88  x9:fffffffc x22:10000f8c
15624903ns          260458 1c008698 00800333 add              x6, x0, x8           x6=10000f7c  x8:10000f7c
15624923ns          260459 1c00869a 00188893 addi             x17, x17, 1         x17=00000001 x17:00000000
15624943ns          260460 1c00869c 0178c0fb lp.setup         0x1, x17, 0x17      x17:00000001
15625360ns          260481 1c0086a0 0043278b p.lw             x15, 4(x6!)         x15=0000000a  x6=10000f80  x6:10000f7c  PA:10000f7c
15625400ns          260483 1c0086a4 ffce270b p.lw             x14, -4(x28!)       x14=0000000d x28=10000f84 x28:10000f88  PA:10000f88
15625420ns          260484 1c0086a8 00279793 slli             x15, x15, 0x2       x15=00000028 x15:0000000a
15625440ns          260485 1c0086aa 00271713 slli             x14, x14, 0x2       x14=00000034 x14:0000000d
15625460ns          260486 1c0086ac 017787b3 add              x15, x15, x23       x15=10000e74 x15:00000028 x23:10000e4c
15625480ns          260487 1c0086ae 01770733 add              x14, x14, x23       x14=10000e80 x14:00000034 x23:10000e4c
15625877ns          260507 1c0086b0 0007a683 lw               x13, 0(x15)         x13=4078899e x15:10000e74  PA:10000e74
15625897ns          260508 1c0086b2 00072603 lw               x12, 0(x14)         x12=c09a5940 x14:10000e80  PA:10000e80
15625917ns          260509 1c0086b4 1076f853 fmul.s           f16, f13, f7        f16=xxxxxxxx f13:4078899e  f7:bf6c835f
15625937ns          260510 1c0086b8 20c615d3 fsgnjn.s         f11, f12, f12       f11=xxxxxxxx f12:c09a5940 f12:c09a5940
15625957ns          260511 1c0086bc 1195f5d3 fmul.s           f11, f11, f25       f11=xxxxxxxx f11:409a5940 f25:3f6c835f
15626395ns          260533 1c0086c0 80c57643 fmadd.s          f12, f10, f12, f16  f12=xxxxxxxx f10:3ec3ef16 f12:c09a5940 f16:c0659e68
15626434ns          260535 1c0086c4 59d6f6c3 fmadd.s          f13, f13, f29, f11  f13=xxxxxxxx f13:4078899e f29:bec3ef16 f11:408e997c
15626454ns          260536 1c0086c8 00c72023 sw               x12, 0(x14)         x12:c0ade045 x14:10000e80  PA:10000e80
15626474ns          260537 1c0086ca 00d7a023 sw               x13, 0(x15)         x13:403e167f x15:10000e74  PA:10000e74
15626494ns          260538 1c0086cc 00812703 lw               x14, 8(x2)          x14=00000004  x2:10000d48  PA:10000d50
15626514ns          260539 1c0086ce 01412783 lw               x15, 20(x2)         x15=00000010  x2:10000d48  PA:10000d5c
15626912ns          260559 1c0086d0 00c12683 lw               x13, 12(x2)         x13=00000003  x2:10000d48  PA:10000d54
15626932ns          260560 1c0086d2 00ed0d33 add              x26, x26, x14       x26=00000006 x26:00000002 x14:00000004
15626952ns          260561 1c0086d4 001d8d93 addi             x27, x27, 1         x27=00000003 x27:00000002
15626971ns          260562 1c0086d6 00f40433 add              x8, x8, x15          x8=10000f8c  x8:10000f7c x15:00000010
15626991ns          260563 1c0086d8 012b0b33 add              x22, x22, x18       x22=10000f7c x22:10000f8c x18:fffffff0
15627011ns          260564 1c0086da 014d09b3 add              x19, x26, x20       x19=00000007 x26:00000006 x20:00000001
15627429ns          260585 1c0086de f1b698e3 bne              x13, x27, -240      x13:00000003 x27:00000003
15627449ns          260586 1c0086e2 02c12883 lw               x17, 44(x2)         x17=00000002  x2:10000d48  PA:10000d74
15627469ns          260587 1c0086e4 03012703 lw               x14, 48(x2)         x14=00000002  x2:10000d48  PA:10000d78
15627509ns          260589 1c0086e6 dae8cde3 blt              x17, x14, -582      x17:00000002 x14:00000002
15627528ns          260590 1c0086ea 01c12783 lw               x15, 28(x2)         x15=00000008  x2:10000d48  PA:10000d64
15627568ns          260592 1c0086ec 06f05363 bge              x0, x15, 102        x15:00000008
15627966ns          260612 1c0086f0 fff78893 addi             x17, x15, -1        x17=00000007 x15:00000008
15628006ns          260614 1c0086f4 02812683 lw               x13, 40(x2)         x13=10000f54  x2:10000d48  PA:10000d70
15628026ns          260615 1c0086f6 00279813 slli             x16, x15, 0x2       x16=00000020 x15:00000008
15628046ns          260616 1c0086fa 0028d893 srli             x17, x17, 0x2       x17=00000001 x17:00000007
15628065ns          260617 1c0086fe 00378793 addi             x15, x15, 3         x15=0000000b x15:00000008
15628483ns          260638 1c008700 00400713 addi             x14, x0, 4          x14=00000004
15628503ns          260639 1c008702 00d80833 add              x16, x16, x13       x16=10000f74 x16:00000020 x13:10000f54
15628523ns          260640 1c008704 00188893 addi             x17, x17, 1         x17=00000002 x17:00000001
15628543ns          260641 1c008706 10e7c663 blt              x15, x14, 268       x15:0000000b x14:00000004
15628563ns          260642 1c00870a 0238c0fb lp.setup         0x1, x17, 0x23      x17:00000002
15629000ns          260664 1c00870e 00082683 lw               x13, 0(x16)         x13=00000008 x16:10000f74  PA:10000f74
15629040ns          260666 1c008712 00482603 lw               x12, 4(x16)         x12=00000009 x16:10000f74  PA:10000f78
15629060ns          260667 1c008716 00269693 slli             x13, x13, 0x2       x13=00000020 x13:00000008
15629080ns          260668 1c008718 00261613 slli             x12, x12, 0x2       x12=00000024 x12:00000009
15629100ns          260669 1c00871a 017686b3 add              x13, x13, x23       x13=10000e6c x13:00000020 x23:10000e4c
15629120ns          260670 1c00871c 01760633 add              x12, x12, x23       x12=10000e70 x12:00000024 x23:10000e4c
15629140ns          260671 1c00871e 0006a583 lw               x11, 0(x13)         x11=bf3f13d8 x13:10000e6c  PA:10000e6c
15629518ns          260690 1c008720 00062503 lw               x10, 0(x12)         x10=40ed519d x12:10000e70  PA:10000e70
15629557ns          260692 1c008722 00c82703 lw               x14, 12(x16)        x14=0000000b x16:10000f74  PA:10000f80
15629577ns          260693 1c008726 08a5f353 fsub.s           f6, f11, f10         f6=xxxxxxxx f11:bf3f13d8 f10:40ed519d
15629597ns          260694 1c00872a 00882783 lw               x15, 8(x16)         x15=0000000a x16:10000f74  PA:10000f7c
15630035ns          260716 1c00872e 00a5f5d3 fadd.s           f11, f11, f10       f11=xxxxxxxx f11:bf3f13d8 f10:40ed519d
15630074ns          260718 1c008732 00662023 sw               x6, 0(x12)           x6:c1029a0c x12:10000e70  PA:10000e70
15630094ns          260719 1c008736 00271713 slli             x14, x14, 0x2       x14=0000002c x14:0000000b
15630114ns          260720 1c008738 00279793 slli             x15, x15, 0x2       x15=00000028 x15:0000000a
15630134ns          260721 1c00873a 00b6a023 sw               x11, 0(x13)         x11:40d56f22 x13:10000e6c  PA:10000e6c
15630154ns          260722 1c00873c 01770733 add              x14, x14, x23       x14=10000e78 x14:0000002c x23:10000e4c
15630174ns          260723 1c00873e 017787b3 add              x15, x15, x23       x15=10000e74 x15:00000028 x23:10000e4c
15630572ns          260743 1c008740 00072683 lw               x13, 0(x14)         x13=c025a702 x14:10000e78  PA:10000e78
15630592ns          260744 1c008742 0007a603 lw               x12, 0(x15)         x12=403e167f x15:10000e74  PA:10000e74
15630611ns          260745 1c008744 01080813 addi             x16, x16, 16        x16=10000f84 x16:10000f74
15630631ns          260746 1c008746 00c6f5d3 fadd.s           f11, f13, f12       f11=xxxxxxxx f13:c025a702 f12:403e167f
15630651ns          260747 1c00874a 08c6f6d3 fsub.s           f13, f13, f12       f13=xxxxxxxx f13:c025a702 f12:403e167f
15630671ns          260748 1c00874e 00b72023 sw               x11, 0(x14)         x11:3ec37be8 x14:10000e78  PA:10000e78
15631089ns          260769 1c008750 00d7a023 sw               x13, 0(x15)         x13:c0b1dec0 x15:10000e74  PA:10000e74
15631149ns          260772 1c00870e 00082683 lw               x13, 0(x16)         x13=0000000c x16:10000f84  PA:10000f84
15631168ns          260773 1c008712 00482603 lw               x12, 4(x16)         x12=0000000d x16:10000f84  PA:10000f88
15631188ns          260774 1c008716 00269693 slli             x13, x13, 0x2       x13=00000030 x13:0000000c
15631208ns          260775 1c008718 00261613 slli             x12, x12, 0x2       x12=00000034 x12:0000000d
15631228ns          260776 1c00871a 017686b3 add              x13, x13, x23       x13=10000e7c x13:00000030 x23:10000e4c
15631248ns          260777 1c00871c 01760633 add              x12, x12, x23       x12=10000e80 x12:00000034 x23:10000e4c
15631268ns          260778 1c00871e 0006a583 lw               x11, 0(x13)         x11=409e0a22 x13:10000e7c  PA:10000e7c
15631288ns          260779 1c008720 00062503 lw               x10, 0(x12)         x10=c0ade045 x12:10000e80  PA:10000e80
15631308ns          260780 1c008722 00c82703 lw               x14, 12(x16)        x14=0000000f x16:10000f84  PA:10000f90
15631328ns          260781 1c008726 08a5f353 fsub.s           f6, f11, f10         f6=xxxxxxxx f11:409e0a22 f10:c0ade045
15631347ns          260782 1c00872a 00882783 lw               x15, 8(x16)         x15=0000000e x16:10000f84  PA:10000f8c
15631367ns          260783 1c00872e 00a5f5d3 fadd.s           f11, f11, f10       f11=xxxxxxxx f11:409e0a22 f10:c0ade045
15631387ns          260784 1c008732 00662023 sw               x6, 0(x12)           x6:4125f534 x12:10000e80  PA:10000e80
15631427ns          260786 1c008736 00271713 slli             x14, x14, 0x2       x14=0000003c x14:0000000f
15631447ns          260787 1c008738 00279793 slli             x15, x15, 0x2       x15=00000038 x15:0000000e
15631467ns          260788 1c00873a 00b6a023 sw               x11, 0(x13)         x11:befd6230 x13:10000e7c  PA:10000e7c
15631487ns          260789 1c00873c 01770733 add              x14, x14, x23       x14=10000e88 x14:0000003c x23:10000e4c
15631507ns          260790 1c00873e 017787b3 add              x15, x15, x23       x15=10000e84 x15:00000038 x23:10000e4c
15631526ns          260791 1c008740 00072683 lw               x13, 0(x14)         x13=c17c140d x14:10000e88  PA:10000e88
15631546ns          260792 1c008742 0007a603 lw               x12, 0(x15)         x12=4083b4fb x15:10000e84  PA:10000e84
15631566ns          260793 1c008744 01080813 addi             x16, x16, 16        x16=10000f94 x16:10000f84
15631586ns          260794 1c008746 00c6f5d3 fadd.s           f11, f13, f12       f11=xxxxxxxx f13:c17c140d f12:4083b4fb
15631606ns          260795 1c00874a 08c6f6d3 fsub.s           f13, f13, f12       f13=xxxxxxxx f13:c17c140d f12:4083b4fb
15631626ns          260796 1c00874e 00b72023 sw               x11, 0(x14)         x11:c13a3990 x14:10000e88  PA:10000e88
15631646ns          260797 1c008750 00d7a023 sw               x13, 0(x15)         x13:c19ef745 x15:10000e84  PA:10000e84
15631666ns          260798 1c008752 03c12703 lw               x14, 60(x2)         x14=00000004  x2:10000d48  PA:10000d84
15631705ns          260800 1c008754 08e05963 bge              x0, x14, 146        x14:00000004
15631725ns          260801 1c008758 03412783 lw               x15, 52(x2)         x15=00000010  x2:10000d48  PA:10000d7c
15631745ns          260802 1c00875a 01c12b03 lw               x22, 28(x2)         x22=00000008  x2:10000d48  PA:10000d64
15631765ns          260803 1c00875c 00279c13 slli             x24, x15, 0x2       x24=00000040 x15:00000010
15632123ns          260821 1c008760 1c000737 lui              x14, 0x1c000000     x14=1c000000
15632163ns          260823 1c008764 1c0007b7 lui              x15, 0x1c000000     x15=1c000000
15632183ns          260824 1c008768 02472a03 lw               x20, 36(x14)        x20=3f490fdb x14:1c000000  PA:1c000024
15632481ns          260839 1c00876c 0207a903 lw               x18, 32(x15)        x18=3fc90fdb x15:1c000000  PA:1c000020
15632799ns          260855 1c008770 02812703 lw               x14, 40(x2)         x14=10000f54  x2:10000d48  PA:10000d70
15632819ns          260856 1c008772 03c12783 lw               x15, 60(x2)         x15=00000004  x2:10000d48  PA:10000d84
15632839ns          260857 1c008774 d00b79d3 fcvt.s.w         f19, x22            f19=xxxxxxxx x22:00000008
15632859ns          260858 1c008778 002b1693 slli             x13, x22, 0x2       x13=00000020 x22:00000008
15632879ns          260859 1c00877c ffcc0c13 addi             x24, x24, -4        x24=0000003c x24:00000040
15633317ns          260881 1c00877e 00d70cb3 add              x25, x14, x13       x25=10000f74 x14:10000f54 x13:00000020
15633337ns          260882 1c008782 00ec0c33 add              x24, x24, x14       x24=10000f90 x24:0000003c x14:10000f54
15633356ns          260883 1c008784 01678ab3 add              x21, x15, x22       x21=0000000c x15:00000004 x22:00000008
15633376ns          260884 1c008788 016007b3 add              x15, x0, x22        x15=00000008 x22:00000008
15633396ns          260885 1c00878a 060b0d63 beq              x22, x0, 122        x22:00000008
15633416ns          260886 1c00878e 00000713 addi             x14, x0, 0          x14=00000000
15633834ns          260907 1c008790 00f006b3 add              x13, x0, x15        x13=00000008 x15:00000008
15633874ns          260909 1c008792 fc1726b3 p.insert         x13, x14, 30, 1     x13=00000000 x13:00000008 x14:00000000
15633893ns          260910 1c008796 4017d793 srai             x15, x15, 0x401     x15=00000004 x15:00000008
15633913ns          260911 1c008798 00d00733 add              x14, x0, x13        x14=00000000 x13:00000000
15633933ns          260912 1c00879a fe079be3 bne              x15, x0, -10        x15:00000004
15634391ns          260935 1c008790 00f006b3 add              x13, x0, x15        x13=00000004 x15:00000004
15634411ns          260936 1c008792 fc1726b3 p.insert         x13, x14, 30, 1     x13=00000000 x13:00000004 x14:00000000
15634431ns          260937 1c008796 4017d793 srai             x15, x15, 0x401     x15=00000002 x15:00000004
15634450ns          260938 1c008798 00d00733 add              x14, x0, x13        x14=00000000 x13:00000000
15634470ns          260939 1c00879a fe079be3 bne              x15, x0, -10        x15:00000002
15634530ns          260942 1c008790 00f006b3 add              x13, x0, x15        x13=00000002 x15:00000002
15634550ns          260943 1c008792 fc1726b3 p.insert         x13, x14, 30, 1     x13=00000000 x13:00000002 x14:00000000
15634570ns          260944 1c008796 4017d793 srai             x15, x15, 0x401     x15=00000001 x15:00000002
15634590ns          260945 1c008798 00d00733 add              x14, x0, x13        x14=00000000 x13:00000000
15634610ns          260946 1c00879a fe079be3 bne              x15, x0, -10        x15:00000001
15634669ns          260949 1c008790 00f006b3 add              x13, x0, x15        x13=00000001 x15:00000001
15634689ns          260950 1c008792 fc1726b3 p.insert         x13, x14, 30, 1     x13=00000001 x13:00000001 x14:00000000
15634709ns          260951 1c008796 4017d793 srai             x15, x15, 0x401     x15=00000000 x15:00000001
15634729ns          260952 1c008798 00d00733 add              x14, x0, x13        x14=00000001 x13:00000001
15634749ns          260953 1c00879a fe079be3 bne              x15, x0, -10        x15:00000000
15634769ns          260954 1c00879c d006f453 fcvt.s.w         f8, x13              f8=xxxxxxxx x13:00000001
15634789ns          260955 1c0087a0 11447453 fmul.s           f8, f8, f20          f8=xxxxxxxx  f8:3f800000 f20:3f490fdb
15634808ns          260956 1c0087a4 19347453 fdiv.s           f8, f8, f19          f8=xxxxxxxx  f8:3f490fdb f19:41000000
15635087ns          260970 1c0087a8 00800533 add              x10, x0, x8         x10=3dc90fdb  x8:3dc90fdb
15635107ns          260971 1c0087aa 66a000ef jal              x1, 1642             x1=1c0087ac
15635286ns          260980 1c008e14 a0a527d3 feq.s            x15, f10, f10       x15=00000001 f10:3dc90fdb f10:3dc90fdb
15635306ns          260981 1c008e18 0a078b63 beq              x15, x0, 182        x15:00000001
15635326ns          260982 1c008e1a e00517d3 fclass.s         x15, f10            x15=00000040 f10:3dc90fdb
15635385ns          260985 1c008e1e 0817f793 andi             x15, x15, 129       x15=00000000 x15:00000040
15635405ns          260986 1c008e22 0a079663 bne              x15, x0, 172        x15:00000000
15635425ns          260987 1c008e24 00000793 addi             x15, x0, 0          x15=00000000
15635445ns          260988 1c008e28 a0f517d3 flt.s            x15, f10, f15       x15=00000000 f10:3dc90fdb f15:00000000
15635465ns          260989 1c008e2c 0a079663 bne              x15, x0, 172        x15:00000000
15635525ns          260992 1c008e2e 1c000737 lui              x14, 0x1c000000     x14=1c000000
15635564ns          260994 1c008e32 16072783 lw               x15, 352(x14)       x15=40c90fdb x14:1c000000  PA:1c000160
15635902ns          261011 1c008e36 a0a797d3 flt.s            x15, f15, f10       x15=00000000 f15:40c90fdb f10:3dc90fdb
15635922ns          261012 1c008e3a 00078b63 beq              x15, x0, 22         x15:00000000
15635982ns          261015 1c008e50 00000793 addi             x15, x0, 0          x15=00000000
15636002ns          261016 1c008e54 a0f517d3 flt.s            x15, f10, f15       x15=00000000 f10:3dc90fdb f15:00000000
15636022ns          261017 1c008e58 08079a63 bne              x15, x0, 148        x15:00000000
15636042ns          261018 1c008e5a 1c0007b7 lui              x15, 0x1c000000     x15=1c000000
15636062ns          261019 1c008e5e 0207a783 lw               x15, 32(x15)        x15=3fc90fdb x15:1c000000  PA:1c000020
15636479ns          261040 1c008e62 a0f517d3 flt.s            x15, f10, f15       x15=00000001 f10:3dc90fdb f15:3fc90fdb
15636499ns          261041 1c008e66 02079563 bne              x15, x0, 42         x15:00000001
15636599ns          261046 1c008e90 10a57553 fmul.s           f10, f10, f10       f10=xxxxxxxx f10:3dc90fdb f10:3dc90fdb
15636638ns          261048 1c008e94 1c0007b7 lui              x15, 0x1c000000     x15=1c000000
15636658ns          261049 1c008e98 1c000737 lui              x14, 0x1c000000     x14=1c000000
15636678ns          261050 1c008e9c 16872703 lw               x14, 360(x14)       x14=bab59551 x14:1c000000  PA:1c000168
15636977ns          261065 1c008ea0 1647a783 lw               x15, 356(x15)       x15=37c23ab1 x15:1c000000  PA:1c000164
15637335ns          261083 1c008ea4 70f577c3 fmadd.s          f15, f10, f15, f14  f15=xxxxxxxx f10:3c1de9e7 f15:37c23ab1 f14:bab59551
15637354ns          261084 1c008ea8 1c000737 lui              x14, 0x1c000000     x14=1c000000
15637374ns          261085 1c008eac 16c72703 lw               x14, 364(x14)       x14=3d2aa76f x14:1c000000  PA:1c00016c
15637693ns          261101 1c008eb0 70f577c3 fmadd.s          f15, f10, f15, f14  f15=xxxxxxxx f10:3c1de9e7 f15:bab58dd4 f14:3d2aa76f
15637712ns          261102 1c008eb4 1c000737 lui              x14, 0x1c000000     x14=1c000000
15637732ns          261103 1c008eb8 17072703 lw               x14, 368(x14)       x14=beffffe0 x14:1c000000  PA:1c000170
15638071ns          261120 1c008ebc 70f577c3 fmadd.s          f15, f10, f15, f14  f15=xxxxxxxx f10:3c1de9e7 f15:3d2a996f f14:beffffe0
15638090ns          261121 1c008ec0 1c000737 lui              x14, 0x1c000000     x14=1c000000
15638110ns          261122 1c008ec4 19c72703 lw               x14, 412(x14)       x14=3f7fffff x14:1c000000  PA:1c00019c
15638448ns          261139 1c008ec8 70f57543 fmadd.s          f10, f10, f15, f14  f10=xxxxxxxx f10:3c1de9e7 f15:beffcb42 f14:3f7fffff
15638468ns          261140 1c008ecc 00008067 jalr             x0, x1, 0            x1:1c0087ac
15638508ns          261142 1c0087ac 00a004b3 add              x9, x0, x10          x9=3f7ec46c x10:3f7ec46c
15638528ns          261143 1c0087ae 08897553 fsub.s           f10, f18, f8        f10=xxxxxxxx f18:3fc90fdb  f8:3dc90fdb
15638548ns          261144 1c0087b2 001b0b13 addi             x22, x22, 1         x22=00000009 x22:00000008
15638568ns          261145 1c0087b4 660000ef jal              x1, 1632             x1=1c0087b6
15638608ns          261147 1c008e14 a0a527d3 feq.s            x15, f10, f10       x15=00000001 f10:3fbc7edd f10:3fbc7edd
15638627ns          261148 1c008e18 0a078b63 beq              x15, x0, 182        x15:00000001
15638647ns          261149 1c008e1a e00517d3 fclass.s         x15, f10            x15=00000040 f10:3fbc7edd
15638667ns          261150 1c008e1e 0817f793 andi             x15, x15, 129       x15=00000000 x15:00000040
15638687ns          261151 1c008e22 0a079663 bne              x15, x0, 172        x15:00000000
15638707ns          261152 1c008e24 00000793 addi             x15, x0, 0          x15=00000000
15638727ns          261153 1c008e28 a0f517d3 flt.s            x15, f10, f15       x15=00000000 f10:3fbc7edd f15:00000000
15638747ns          261154 1c008e2c 0a079663 bne              x15, x0, 172        x15:00000000
15638767ns          261155 1c008e2e 1c000737 lui              x14, 0x1c000000     x14=1c000000
15638787ns          261156 1c008e32 16072783 lw               x15, 352(x14)       x15=40c90fdb x14:1c000000  PA:1c000160
15639105ns          261172 1c008e36 a0a797d3 flt.s            x15, f15, f10       x15=00000000 f15:40c90fdb f10:3fbc7edd
15639125ns          261173 1c008e3a 00078b63 beq              x15, x0, 22         x15:00000000
15639184ns          261176 1c008e50 00000793 addi             x15, x0, 0          x15=00000000
15639204ns          261177 1c008e54 a0f517d3 flt.s            x15, f10, f15       x15=00000000 f10:3fbc7edd f15:00000000
15639224ns          261178 1c008e58 08079a63 bne              x15, x0, 148        x15:00000000
15639244ns          261179 1c008e5a 1c0007b7 lui              x15, 0x1c000000     x15=1c000000
15639264ns          261180 1c008e5e 0207a783 lw               x15, 32(x15)        x15=3fc90fdb x15:1c000000  PA:1c000020
15639582ns          261196 1c008e62 a0f517d3 flt.s            x15, f10, f15       x15=00000001 f10:3fbc7edd f15:3fc90fdb
15639602ns          261197 1c008e66 02079563 bne              x15, x0, 42         x15:00000001
15639662ns          261200 1c008e90 10a57553 fmul.s           f10, f10, f10       f10=xxxxxxxx f10:3fbc7edd f10:3fbc7edd
15639682ns          261201 1c008e94 1c0007b7 lui              x15, 0x1c000000     x15=1c000000
15639702ns          261202 1c008e98 1c000737 lui              x14, 0x1c000000     x14=1c000000
15639721ns          261203 1c008e9c 16872703 lw               x14, 360(x14)       x14=bab59551 x14:1c000000  PA:1c000168
15640020ns          261218 1c008ea0 1647a783 lw               x15, 356(x15)       x15=37c23ab1 x15:1c000000  PA:1c000164
15640338ns          261234 1c008ea4 70f577c3 fmadd.s          f15, f10, f15, f14  f15=xxxxxxxx f10:400aca93 f15:37c23ab1 f14:bab59551
15640358ns          261235 1c008ea8 1c000737 lui              x14, 0x1c000000     x14=1c000000
15640378ns          261236 1c008eac 16c72703 lw               x14, 364(x14)       x14=3d2aa76f x14:1c000000  PA:1c00016c
15640696ns          261252 1c008eb0 70f577c3 fmadd.s          f15, f10, f15, f14  f15=xxxxxxxx f10:400aca93 f15:baaf007c f14:3d2aa76f
15640716ns          261253 1c008eb4 1c000737 lui              x14, 0x1c000000     x14=1c000000
15640736ns          261254 1c008eb8 17072703 lw               x14, 368(x14)       x14=beffffe0 x14:1c000000  PA:1c000170
15641074ns          261271 1c008ebc 70f577c3 fmadd.s          f15, f10, f15, f14  f15=xxxxxxxx f10:400aca93 f15:3d1ecb57 f14:beffffe0
15641094ns          261272 1c008ec0 1c000737 lui              x14, 0x1c000000     x14=1c000000
15641114ns          261273 1c008ec4 19c72703 lw               x14, 412(x14)       x14=3f7fffff x14:1c000000  PA:1c00019c
15641432ns          261289 1c008ec8 70f57543 fmadd.s          f10, f10, f15, f14  f10=xxxxxxxx f10:400aca93 f15:bed4f43e f14:3f7fffff
15641452ns          261290 1c008ecc 00008067 jalr             x0, x1, 0            x1:1c0087b6
15641512ns          261293 1c0087b6 004ca78b p.lw             x15, 4(x25!)        x15=00000008 x25=10000f78 x25:10000f74  PA:10000f74
15641532ns          261294 1c0087ba ffcc270b p.lw             x14, -4(x24!)       x14=0000000f x24=10000f8c x24:10000f90  PA:10000f90
15641551ns          261295 1c0087be 00279793 slli             x15, x15, 0x2       x15=00000020 x15:00000008
15641969ns          261316 1c0087c0 017787b3 add              x15, x15, x23       x15=10000e6c x15:00000020 x23:10000e4c
15641989ns          261317 1c0087c2 00271713 slli             x14, x14, 0x2       x14=0000003c x14:0000000f
15642009ns          261318 1c0087c4 0007a583 lw               x11, 0(x15)         x11=40d56f22 x15:10000e6c  PA:10000e6c
15642029ns          261319 1c0087c6 01770733 add              x14, x14, x23       x14=10000e88 x14:0000003c x23:10000e4c
15642049ns          261320 1c0087c8 00072683 lw               x13, 0(x14)         x13=c13a3990 x14:10000e88  PA:10000e88
15642069ns          261321 1c0087ca 20949653 fsgnjn.s         f12, f9, f9         f12=xxxxxxxx  f9:3f7ec46c  f9:3f7ec46c
15642506ns          261343 1c0087ce 10b67653 fmul.s           f12, f12, f11       f12=xxxxxxxx f12:bf7ec46c f11:40d56f22
15642546ns          261345 1c0087d2 10d4f4d3 fmul.s           f9, f9, f13          f9=xxxxxxxx  f9:3f7ec46c f13:c13a3990
15642566ns          261346 1c0087d6 60d576c3 fmadd.s          f13, f10, f13, f12  f13=xxxxxxxx f10:3dc8bd31 f13:c13a3990 f12:c0d46807
15642586ns          261347 1c0087da 48b57543 fmadd.s          f10, f10, f11, f9   f10=xxxxxxxx f10:3dc8bd31 f11:40d56f22  f9:c1395400
15642606ns          261348 1c0087de 00d72023 sw               x13, 0(x14)         x13:c0f8e9ad x14:10000e88  PA:10000e88
15643023ns          261369 1c0087e0 00a7a023 sw               x10, 0(x15)         x10:c12ede37 x15:10000e6c  PA:10000e6c
15643063ns          261371 1c0087e2 fb5b13e3 bne              x22, x21, -90       x22:00000009 x21:0000000c
15643123ns          261374 1c008788 016007b3 add              x15, x0, x22        x15=00000009 x22:00000009
15643143ns          261375 1c00878a 060b0d63 beq              x22, x0, 122        x22:00000009
15643163ns          261376 1c00878e 00000713 addi             x14, x0, 0          x14=00000000
15643202ns          261378 1c008790 00f006b3 add              x13, x0, x15        x13=00000009 x15:00000009
15643242ns          261380 1c008792 fc1726b3 p.insert         x13, x14, 30, 1     x13=00000001 x13:00000009 x14:00000000
15643262ns          261381 1c008796 4017d793 srai             x15, x15, 0x401     x15=00000004 x15:00000009
15643282ns          261382 1c008798 00d00733 add              x14, x0, x13        x14=00000001 x13:00000001
15643302ns          261383 1c00879a fe079be3 bne              x15, x0, -10        x15:00000004
15643361ns          261386 1c008790 00f006b3 add              x13, x0, x15        x13=00000004 x15:00000004
15643381ns          261387 1c008792 fc1726b3 p.insert         x13, x14, 30, 1     x13=00000002 x13:00000004 x14:00000001
15643401ns          261388 1c008796 4017d793 srai             x15, x15, 0x401     x15=00000002 x15:00000004
15643421ns          261389 1c008798 00d00733 add              x14, x0, x13        x14=00000002 x13:00000002
15643441ns          261390 1c00879a fe079be3 bne              x15, x0, -10        x15:00000002
15643501ns          261393 1c008790 00f006b3 add              x13, x0, x15        x13=00000002 x15:00000002
15643521ns          261394 1c008792 fc1726b3 p.insert         x13, x14, 30, 1     x13=00000004 x13:00000002 x14:00000002
15643540ns          261395 1c008796 4017d793 srai             x15, x15, 0x401     x15=00000001 x15:00000002
15643560ns          261396 1c008798 00d00733 add              x14, x0, x13        x14=00000004 x13:00000004
15643580ns          261397 1c00879a fe079be3 bne              x15, x0, -10        x15:00000001
15643640ns          261400 1c008790 00f006b3 add              x13, x0, x15        x13=00000001 x15:00000001
15643660ns          261401 1c008792 fc1726b3 p.insert         x13, x14, 30, 1     x13=00000009 x13:00000001 x14:00000004
15643680ns          261402 1c008796 4017d793 srai             x15, x15, 0x401     x15=00000000 x15:00000001
15643700ns          261403 1c008798 00d00733 add              x14, x0, x13        x14=00000009 x13:00000009
15643720ns          261404 1c00879a fe079be3 bne              x15, x0, -10        x15:00000000
15643739ns          261405 1c00879c d006f453 fcvt.s.w         f8, x13              f8=xxxxxxxx x13:00000009
15643759ns          261406 1c0087a0 11447453 fmul.s           f8, f8, f20          f8=xxxxxxxx  f8:41100000 f20:3f490fdb
15643779ns          261407 1c0087a4 19347453 fdiv.s           f8, f8, f19          f8=xxxxxxxx  f8:40e231d6 f19:41000000
15644058ns          261421 1c0087a8 00800533 add              x10, x0, x8         x10=3f6231d6  x8:3f6231d6
15644078ns          261422 1c0087aa 66a000ef jal              x1, 1642             x1=1c0087ac
15644117ns          261424 1c008e14 a0a527d3 feq.s            x15, f10, f10       x15=00000001 f10:3f6231d6 f10:3f6231d6
15644137ns          261425 1c008e18 0a078b63 beq              x15, x0, 182        x15:00000001
15644157ns          261426 1c008e1a e00517d3 fclass.s         x15, f10            x15=00000040 f10:3f6231d6
15644177ns          261427 1c008e1e 0817f793 andi             x15, x15, 129       x15=00000000 x15:00000040
15644197ns          261428 1c008e22 0a079663 bne              x15, x0, 172        x15:00000000
15644217ns          261429 1c008e24 00000793 addi             x15, x0, 0          x15=00000000
15644237ns          261430 1c008e28 a0f517d3 flt.s            x15, f10, f15       x15=00000000 f10:3f6231d6 f15:00000000
15644257ns          261431 1c008e2c 0a079663 bne              x15, x0, 172        x15:00000000
15644276ns          261432 1c008e2e 1c000737 lui              x14, 0x1c000000     x14=1c000000
15644296ns          261433 1c008e32 16072783 lw               x15, 352(x14)       x15=40c90fdb x14:1c000000  PA:1c000160
15644615ns          261449 1c008e36 a0a797d3 flt.s            x15, f15, f10       x15=00000000 f15:40c90fdb f10:3f6231d6
15644634ns          261450 1c008e3a 00078b63 beq              x15, x0, 22         x15:00000000
15644694ns          261453 1c008e50 00000793 addi             x15, x0, 0          x15=00000000
15644714ns          261454 1c008e54 a0f517d3 flt.s            x15, f10, f15       x15=00000000 f10:3f6231d6 f15:00000000
15644734ns          261455 1c008e58 08079a63 bne              x15, x0, 148        x15:00000000
15644754ns          261456 1c008e5a 1c0007b7 lui              x15, 0x1c000000     x15=1c000000
15644774ns          261457 1c008e5e 0207a783 lw               x15, 32(x15)        x15=3fc90fdb x15:1c000000  PA:1c000020
15645112ns          261474 1c008e62 a0f517d3 flt.s            x15, f10, f15       x15=00000001 f10:3f6231d6 f15:3fc90fdb
15645132ns          261475 1c008e66 02079563 bne              x15, x0, 42         x15:00000001
15645191ns          261478 1c008e90 10a57553 fmul.s           f10, f10, f10       f10=xxxxxxxx f10:3f6231d6 f10:3f6231d6
15645211ns          261479 1c008e94 1c0007b7 lui              x15, 0x1c000000     x15=1c000000
15645231ns          261480 1c008e98 1c000737 lui              x14, 0x1c000000     x14=1c000000
15645251ns          261481 1c008e9c 16872703 lw               x14, 360(x14)       x14=bab59551 x14:1c000000  PA:1c000168
15645549ns          261496 1c008ea0 1647a783 lw               x15, 356(x15)       x15=37c23ab1 x15:1c000000  PA:1c000164
15645868ns          261512 1c008ea4 70f577c3 fmadd.s          f15, f10, f15, f14  f15=xxxxxxxx f10:3f47dc08 f15:37c23ab1 f14:bab59551
15645888ns          261513 1c008ea8 1c000737 lui              x14, 0x1c000000     x14=1c000000
15645907ns          261514 1c008eac 16c72703 lw               x14, 364(x14)       x14=3d2aa76f x14:1c000000  PA:1c00016c
15646226ns          261530 1c008eb0 70f577c3 fmadd.s          f15, f10, f15, f14  f15=xxxxxxxx f10:3f47dc08 f15:bab336c7 f14:3d2aa76f
15646246ns          261531 1c008eb4 1c000737 lui              x14, 0x1c000000     x14=1c000000
15646266ns          261532 1c008eb8 17072703 lw               x14, 368(x14)       x14=beffffe0 x14:1c000000  PA:1c000170
15646584ns          261548 1c008ebc 70f577c3 fmadd.s          f15, f10, f15, f14  f15=xxxxxxxx f10:3f47dc08 f15:3d264822 f14:beffffe0
15646604ns          261549 1c008ec0 1c000737 lui              x14, 0x1c000000     x14=1c000000
15646624ns          261550 1c008ec4 19c72703 lw               x14, 412(x14)       x14=3f7fffff x14:1c000000  PA:1c00019c
15646942ns          261566 1c008ec8 70f57543 fmadd.s          f10, f10, f15, f14  f10=xxxxxxxx f10:3f47dc08 f15:beefc5c0 f14:3f7fffff
15646962ns          261567 1c008ecc 00008067 jalr             x0, x1, 0            x1:1c0087ac
15647001ns          261569 1c0087ac 00a004b3 add              x9, x0, x10          x9=3f226798 x10:3f226798
15647021ns          261570 1c0087ae 08897553 fsub.s           f10, f18, f8        f10=xxxxxxxx f18:3fc90fdb  f8:3f6231d6
15647041ns          261571 1c0087b2 001b0b13 addi             x22, x22, 1         x22=0000000a x22:00000009
15647061ns          261572 1c0087b4 660000ef jal              x1, 1632             x1=1c0087b6
15647101ns          261574 1c008e14 a0a527d3 feq.s            x15, f10, f10       x15=00000001 f10:3f2fede0 f10:3f2fede0
15647121ns          261575 1c008e18 0a078b63 beq              x15, x0, 182        x15:00000001
15647141ns          261576 1c008e1a e00517d3 fclass.s         x15, f10            x15=00000040 f10:3f2fede0
15647161ns          261577 1c008e1e 0817f793 andi             x15, x15, 129       x15=00000000 x15:00000040
15647180ns          261578 1c008e22 0a079663 bne              x15, x0, 172        x15:00000000
15647200ns          261579 1c008e24 00000793 addi             x15, x0, 0          x15=00000000
15647220ns          261580 1c008e28 a0f517d3 flt.s            x15, f10, f15       x15=00000000 f10:3f2fede0 f15:00000000
15647240ns          261581 1c008e2c 0a079663 bne              x15, x0, 172        x15:00000000
15647260ns          261582 1c008e2e 1c000737 lui              x14, 0x1c000000     x14=1c000000
15647280ns          261583 1c008e32 16072783 lw               x15, 352(x14)       x15=40c90fdb x14:1c000000  PA:1c000160
15647598ns          261599 1c008e36 a0a797d3 flt.s            x15, f15, f10       x15=00000000 f15:40c90fdb f10:3f2fede0
15647618ns          261600 1c008e3a 00078b63 beq              x15, x0, 22         x15:00000000
15647678ns          261603 1c008e50 00000793 addi             x15, x0, 0          x15=00000000
15647698ns          261604 1c008e54 a0f517d3 flt.s            x15, f10, f15       x15=00000000 f10:3f2fede0 f15:00000000
15647718ns          261605 1c008e58 08079a63 bne              x15, x0, 148        x15:00000000
15647737ns          261606 1c008e5a 1c0007b7 lui              x15, 0x1c000000     x15=1c000000
15647757ns          261607 1c008e5e 0207a783 lw               x15, 32(x15)        x15=3fc90fdb x15:1c000000  PA:1c000020
15648095ns          261624 1c008e62 a0f517d3 flt.s            x15, f10, f15       x15=00000001 f10:3f2fede0 f15:3fc90fdb
15648115ns          261625 1c008e66 02079563 bne              x15, x0, 42         x15:00000001
15648175ns          261628 1c008e90 10a57553 fmul.s           f10, f10, f10       f10=xxxxxxxx f10:3f2fede0 f10:3f2fede0
15648195ns          261629 1c008e94 1c0007b7 lui              x15, 0x1c000000     x15=1c000000
15648215ns          261630 1c008e98 1c000737 lui              x14, 0x1c000000     x14=1c000000
15648235ns          261631 1c008e9c 16872703 lw               x14, 360(x14)       x14=bab59551 x14:1c000000  PA:1c000168
15648533ns          261646 1c008ea0 1647a783 lw               x15, 356(x15)       x15=37c23ab1 x15:1c000000  PA:1c000164
15648851ns          261662 1c008ea4 70f577c3 fmadd.s          f15, f10, f15, f14  f15=xxxxxxxx f10:3ef1ce2b f15:37c23ab1 f14:bab59551
15648871ns          261663 1c008ea8 1c000737 lui              x14, 0x1c000000     x14=1c000000
15648891ns          261664 1c008eac 16c72703 lw               x14, 364(x14)       x14=3d2aa76f x14:1c000000  PA:1c00016c
15649209ns          261680 1c008eb0 70f577c3 fmadd.s          f15, f10, f15, f14  f15=xxxxxxxx f10:3ef1ce2b f15:bab42666 f14:3d2aa76f
15649229ns          261681 1c008eb4 1c000737 lui              x14, 0x1c000000     x14=1c000000
15649249ns          261682 1c008eb8 17072703 lw               x14, 368(x14)       x14=beffffe0 x14:1c000000  PA:1c000170
15649587ns          261699 1c008ebc 70f577c3 fmadd.s          f15, f10, f15, f14  f15=xxxxxxxx f10:3ef1ce2b f15:3d27feca f14:beffffe0
15649607ns          261700 1c008ec0 1c000737 lui              x14, 0x1c000000     x14=1c000000
15649627ns          261701 1c008ec4 19c72703 lw               x14, 412(x14)       x14=3f7fffff x14:1c000000  PA:1c00019c
15649945ns          261717 1c008ec8 70f57543 fmadd.s          f10, f10, f15, f14  f10=xxxxxxxx f10:3ef1ce2b f15:bef614fe f14:3f7fffff
15649965ns          261718 1c008ecc 00008067 jalr             x0, x1, 0            x1:1c0087b6
15650025ns          261721 1c0087b6 004ca78b p.lw             x15, 4(x25!)        x15=00000009 x25=10000f7c x25:10000f78  PA:10000f78
15650045ns          261722 1c0087ba ffcc270b p.lw             x14, -4(x24!)       x14=0000000e x24=10000f88 x24:10000f8c  PA:10000f8c
15650065ns          261723 1c0087be 00279793 slli             x15, x15, 0x2       x15=00000024 x15:00000009
15650085ns          261724 1c0087c0 017787b3 add              x15, x15, x23       x15=10000e70 x15:00000024 x23:10000e4c
15650104ns          261725 1c0087c2 00271713 slli             x14, x14, 0x2       x14=00000038 x14:0000000e
15650124ns          261726 1c0087c4 0007a583 lw               x11, 0(x15)         x11=c1029a0c x15:10000e70  PA:10000e70
15650144ns          261727 1c0087c6 01770733 add              x14, x14, x23       x14=10000e84 x14:00000038 x23:10000e4c
15650164ns          261728 1c0087c8 00072683 lw               x13, 0(x14)         x13=c19ef745 x14:10000e84  PA:10000e84
15650184ns          261729 1c0087ca 20949653 fsgnjn.s         f12, f9, f9         f12=xxxxxxxx  f9:3f226798  f9:3f226798
15650204ns          261730 1c0087ce 10b67653 fmul.s           f12, f12, f11       f12=xxxxxxxx f12:bf226798 f11:c1029a0c
15650224ns          261731 1c0087d2 10d4f4d3 fmul.s           f9, f9, f13          f9=xxxxxxxx  f9:3f226798 f13:c19ef745
15650244ns          261732 1c0087d6 60d576c3 fmadd.s          f13, f10, f13, f12  f13=xxxxxxxx f10:3f45e403 f13:c19ef745 f12:40a5b4aa
15650264ns          261733 1c0087da 48b57543 fmadd.s          f10, f10, f11, f9   f10=xxxxxxxx f10:3f45e403 f11:c1029a0c  f9:c149b19b
15650283ns          261734 1c0087de 00d72023 sw               x13, 0(x14)         x13:c122e967 x14:10000e84  PA:10000e84
15650303ns          261735 1c0087e0 00a7a023 sw               x10, 0(x15)         x10:c197533c x15:10000e70  PA:10000e70
15650323ns          261736 1c0087e2 fb5b13e3 bne              x22, x21, -90       x22:0000000a x21:0000000c
15650820ns          261761 1c008788 016007b3 add              x15, x0, x22        x15=0000000a x22:0000000a
15650840ns          261762 1c00878a 060b0d63 beq              x22, x0, 122        x22:0000000a
15650860ns          261763 1c00878e 00000713 addi             x14, x0, 0          x14=00000000
15650880ns          261764 1c008790 00f006b3 add              x13, x0, x15        x13=0000000a x15:0000000a
15650900ns          261765 1c008792 fc1726b3 p.insert         x13, x14, 30, 1     x13=00000000 x13:0000000a x14:00000000
15650920ns          261766 1c008796 4017d793 srai             x15, x15, 0x401     x15=00000005 x15:0000000a
15650940ns          261767 1c008798 00d00733 add              x14, x0, x13        x14=00000000 x13:00000000
15650960ns          261768 1c00879a fe079be3 bne              x15, x0, -10        x15:00000005
15651019ns          261771 1c008790 00f006b3 add              x13, x0, x15        x13=00000005 x15:00000005
15651039ns          261772 1c008792 fc1726b3 p.insert         x13, x14, 30, 1     x13=00000001 x13:00000005 x14:00000000
15651059ns          261773 1c008796 4017d793 srai             x15, x15, 0x401     x15=00000002 x15:00000005
15651079ns          261774 1c008798 00d00733 add              x14, x0, x13        x14=00000001 x13:00000001
15651099ns          261775 1c00879a fe079be3 bne              x15, x0, -10        x15:00000002
15651159ns          261778 1c008790 00f006b3 add              x13, x0, x15        x13=00000002 x15:00000002
15651179ns          261779 1c008792 fc1726b3 p.insert         x13, x14, 30, 1     x13=00000002 x13:00000002 x14:00000001
15651198ns          261780 1c008796 4017d793 srai             x15, x15, 0x401     x15=00000001 x15:00000002
15651218ns          261781 1c008798 00d00733 add              x14, x0, x13        x14=00000002 x13:00000002
15651238ns          261782 1c00879a fe079be3 bne              x15, x0, -10        x15:00000001
15651298ns          261785 1c008790 00f006b3 add              x13, x0, x15        x13=00000001 x15:00000001
15651318ns          261786 1c008792 fc1726b3 p.insert         x13, x14, 30, 1     x13=00000005 x13:00000001 x14:00000002
15651338ns          261787 1c008796 4017d793 srai             x15, x15, 0x401     x15=00000000 x15:00000001
15651358ns          261788 1c008798 00d00733 add              x14, x0, x13        x14=00000005 x13:00000005
15651377ns          261789 1c00879a fe079be3 bne              x15, x0, -10        x15:00000000
15651397ns          261790 1c00879c d006f453 fcvt.s.w         f8, x13              f8=xxxxxxxx x13:00000005
15651417ns          261791 1c0087a0 11447453 fmul.s           f8, f8, f20          f8=xxxxxxxx  f8:40a00000 f20:3f490fdb
15651437ns          261792 1c0087a4 19347453 fdiv.s           f8, f8, f19          f8=xxxxxxxx  f8:407b53d2 f19:41000000
15651716ns          261806 1c0087a8 00800533 add              x10, x0, x8         x10=3efb53d2  x8:3efb53d2
15651735ns          261807 1c0087aa 66a000ef jal              x1, 1642             x1=1c0087ac
15651775ns          261809 1c008e14 a0a527d3 feq.s            x15, f10, f10       x15=00000001 f10:3efb53d2 f10:3efb53d2
15651795ns          261810 1c008e18 0a078b63 beq              x15, x0, 182        x15:00000001
15651815ns          261811 1c008e1a e00517d3 fclass.s         x15, f10            x15=00000040 f10:3efb53d2
15651835ns          261812 1c008e1e 0817f793 andi             x15, x15, 129       x15=00000000 x15:00000040
15651855ns          261813 1c008e22 0a079663 bne              x15, x0, 172        x15:00000000
15651875ns          261814 1c008e24 00000793 addi             x15, x0, 0          x15=00000000
15651895ns          261815 1c008e28 a0f517d3 flt.s            x15, f10, f15       x15=00000000 f10:3efb53d2 f15:00000000
15651914ns          261816 1c008e2c 0a079663 bne              x15, x0, 172        x15:00000000
15651934ns          261817 1c008e2e 1c000737 lui              x14, 0x1c000000     x14=1c000000
15651954ns          261818 1c008e32 16072783 lw               x15, 352(x14)       x15=40c90fdb x14:1c000000  PA:1c000160
15652273ns          261834 1c008e36 a0a797d3 flt.s            x15, f15, f10       x15=00000000 f15:40c90fdb f10:3efb53d2
15652292ns          261835 1c008e3a 00078b63 beq              x15, x0, 22         x15:00000000
15652352ns          261838 1c008e50 00000793 addi             x15, x0, 0          x15=00000000
15652372ns          261839 1c008e54 a0f517d3 flt.s            x15, f10, f15       x15=00000000 f10:3efb53d2 f15:00000000
15652392ns          261840 1c008e58 08079a63 bne              x15, x0, 148        x15:00000000
15652412ns          261841 1c008e5a 1c0007b7 lui              x15, 0x1c000000     x15=1c000000
15652432ns          261842 1c008e5e 0207a783 lw               x15, 32(x15)        x15=3fc90fdb x15:1c000000  PA:1c000020
15652750ns          261858 1c008e62 a0f517d3 flt.s            x15, f10, f15       x15=00000001 f10:3efb53d2 f15:3fc90fdb
15652770ns          261859 1c008e66 02079563 bne              x15, x0, 42         x15:00000001
15652829ns          261862 1c008e90 10a57553 fmul.s           f10, f10, f10       f10=xxxxxxxx f10:3efb53d2 f10:3efb53d2
15652849ns          261863 1c008e94 1c0007b7 lui              x15, 0x1c000000     x15=1c000000
15652869ns          261864 1c008e98 1c000737 lui              x14, 0x1c000000     x14=1c000000
15652889ns          261865 1c008e9c 16872703 lw               x14, 360(x14)       x14=bab59551 x14:1c000000  PA:1c000168
15653187ns          261880 1c008ea0 1647a783 lw               x15, 356(x15)       x15=37c23ab1 x15:1c000000  PA:1c000164
15653526ns          261897 1c008ea4 70f577c3 fmadd.s          f15, f10, f15, f14  f15=xxxxxxxx f10:3e76bd79 f15:37c23ab1 f14:bab59551
15653546ns          261898 1c008ea8 1c000737 lui              x14, 0x1c000000     x14=1c000000
15653565ns          261899 1c008eac 16c72703 lw               x14, 364(x14)       x14=3d2aa76f x14:1c000000  PA:1c00016c
15653884ns          261915 1c008eb0 70f577c3 fmadd.s          f15, f10, f15, f14  f15=xxxxxxxx f10:3e76bd79 f15:bab4da1d f14:3d2aa76f
15653904ns          261916 1c008eb4 1c000737 lui              x14, 0x1c000000     x14=1c000000
15653923ns          261917 1c008eb8 17072703 lw               x14, 368(x14)       x14=beffffe0 x14:1c000000  PA:1c000170
15654262ns          261934 1c008ebc 70f577c3 fmadd.s          f15, f10, f15, f14  f15=xxxxxxxx f10:3e76bd79 f15:3d294ad0 f14:beffffe0
15654281ns          261935 1c008ec0 1c000737 lui              x14, 0x1c000000     x14=1c000000
15654301ns          261936 1c008ec4 19c72703 lw               x14, 412(x14)       x14=3f7fffff x14:1c000000  PA:1c00019c
15654620ns          261952 1c008ec8 70f57543 fmadd.s          f10, f10, f15, f14  f10=xxxxxxxx f10:3e76bd79 f15:befae686 f14:3f7fffff
15654640ns          261953 1c008ecc 00008067 jalr             x0, x1, 0            x1:1c0087ac
15654679ns          261955 1c0087ac 00a004b3 add              x9, x0, x10          x9=3f61c598 x10:3f61c598
15654699ns          261956 1c0087ae 08897553 fsub.s           f10, f18, f8        f10=xxxxxxxx f18:3fc90fdb  f8:3efb53d2
15654719ns          261957 1c0087b2 001b0b13 addi             x22, x22, 1         x22=0000000b x22:0000000a
15654739ns          261958 1c0087b4 660000ef jal              x1, 1632             x1=1c0087b6
15654779ns          261960 1c008e14 a0a527d3 feq.s            x15, f10, f10       x15=00000001 f10:3f8a3ae6 f10:3f8a3ae6
15654799ns          261961 1c008e18 0a078b63 beq              x15, x0, 182        x15:00000001
15654819ns          261962 1c008e1a e00517d3 fclass.s         x15, f10            x15=00000040 f10:3f8a3ae6
15654838ns          261963 1c008e1e 0817f793 andi             x15, x15, 129       x15=00000000 x15:00000040
15654858ns          261964 1c008e22 0a079663 bne              x15, x0, 172        x15:00000000
15654878ns          261965 1c008e24 00000793 addi             x15, x0, 0          x15=00000000
15654898ns          261966 1c008e28 a0f517d3 flt.s            x15, f10, f15       x15=00000000 f10:3f8a3ae6 f15:00000000
15654918ns          261967 1c008e2c 0a079663 bne              x15, x0, 172        x15:00000000
15654938ns          261968 1c008e2e 1c000737 lui              x14, 0x1c000000     x14=1c000000
15654958ns          261969 1c008e32 16072783 lw               x15, 352(x14)       x15=40c90fdb x14:1c000000  PA:1c000160
15655296ns          261986 1c008e36 a0a797d3 flt.s            x15, f15, f10       x15=00000000 f15:40c90fdb f10:3f8a3ae6
15655316ns          261987 1c008e3a 00078b63 beq              x15, x0, 22         x15:00000000
15655375ns          261990 1c008e50 00000793 addi             x15, x0, 0          x15=00000000
15655395ns          261991 1c008e54 a0f517d3 flt.s            x15, f10, f15       x15=00000000 f10:3f8a3ae6 f15:00000000
15655415ns          261992 1c008e58 08079a63 bne              x15, x0, 148        x15:00000000
15655435ns          261993 1c008e5a 1c0007b7 lui              x15, 0x1c000000     x15=1c000000
15655455ns          261994 1c008e5e 0207a783 lw               x15, 32(x15)        x15=3fc90fdb x15:1c000000  PA:1c000020
15655813ns          262012 1c008e62 a0f517d3 flt.s            x15, f10, f15       x15=00000001 f10:3f8a3ae6 f15:3fc90fdb
15655833ns          262013 1c008e66 02079563 bne              x15, x0, 42         x15:00000001
15655893ns          262016 1c008e90 10a57553 fmul.s           f10, f10, f10       f10=xxxxxxxx f10:3f8a3ae6 f10:3f8a3ae6
15655913ns          262017 1c008e94 1c0007b7 lui              x15, 0x1c000000     x15=1c000000
15655932ns          262018 1c008e98 1c000737 lui              x14, 0x1c000000     x14=1c000000
15655952ns          262019 1c008e9c 16872703 lw               x14, 360(x14)       x14=bab59551 x14:1c000000  PA:1c000168
15656251ns          262034 1c008ea0 1647a783 lw               x15, 356(x15)       x15=37c23ab1 x15:1c000000  PA:1c000164
15656569ns          262050 1c008ea4 70f577c3 fmadd.s          f15, f10, f15, f14  f15=xxxxxxxx f10:3f95471b f15:37c23ab1 f14:bab59551
15656589ns          262051 1c008ea8 1c000737 lui              x14, 0x1c000000     x14=1c000000
15656609ns          262052 1c008eac 16c72703 lw               x14, 364(x14)       x14=3d2aa76f x14:1c000000  PA:1c00016c
15656927ns          262068 1c008eb0 70f577c3 fmadd.s          f15, f10, f15, f14  f15=xxxxxxxx f10:3f95471b f15:bab20b40 f14:3d2aa76f
15656947ns          262069 1c008eb4 1c000737 lui              x14, 0x1c000000     x14=1c000000
15656967ns          262070 1c008eb8 17072703 lw               x14, 368(x14)       x14=beffffe0 x14:1c000000  PA:1c000170
15657285ns          262086 1c008ebc 70f577c3 fmadd.s          f15, f10, f15, f14  f15=xxxxxxxx f10:3f95471b f15:3d242a4f f14:beffffe0
15657305ns          262087 1c008ec0 1c000737 lui              x14, 0x1c000000     x14=1c000000
15657325ns          262088 1c008ec4 19c72703 lw               x14, 412(x14)       x14=3f7fffff x14:1c000000  PA:1c00019c
15657643ns          262104 1c008ec8 70f57543 fmadd.s          f10, f10, f15, f14  f10=xxxxxxxx f10:3f95471b f15:bee81152 f14:3f7fffff
15657663ns          262105 1c008ecc 00008067 jalr             x0, x1, 0            x1:1c0087b6
15657723ns          262108 1c0087b6 004ca78b p.lw             x15, 4(x25!)        x15=0000000a x25=10000f80 x25:10000f7c  PA:10000f7c
15657742ns          262109 1c0087ba ffcc270b p.lw             x14, -4(x24!)       x14=0000000d x24=10000f84 x24:10000f88  PA:10000f88
15657762ns          262110 1c0087be 00279793 slli             x15, x15, 0x2       x15=00000028 x15:0000000a
15657782ns          262111 1c0087c0 017787b3 add              x15, x15, x23       x15=10000e74 x15:00000028 x23:10000e4c
15657802ns          262112 1c0087c2 00271713 slli             x14, x14, 0x2       x14=00000034 x14:0000000d
15657822ns          262113 1c0087c4 0007a583 lw               x11, 0(x15)         x11=c0b1dec0 x15:10000e74  PA:10000e74
15657842ns          262114 1c0087c6 01770733 add              x14, x14, x23       x14=10000e80 x14:00000034 x23:10000e4c
15657862ns          262115 1c0087c8 00072683 lw               x13, 0(x14)         x13=4125f534 x14:10000e80  PA:10000e80
15657882ns          262116 1c0087ca 20949653 fsgnjn.s         f12, f9, f9         f12=xxxxxxxx  f9:3f61c598  f9:3f61c598
15657902ns          262117 1c0087ce 10b67653 fmul.s           f12, f12, f11       f12=xxxxxxxx f12:bf61c598 f11:c0b1dec0
15657921ns          262118 1c0087d2 10d4f4d3 fmul.s           f9, f9, f13          f9=xxxxxxxx  f9:3f61c598 f13:4125f534
15657941ns          262119 1c0087d6 60d576c3 fmadd.s          f13, f10, f13, f12  f13=xxxxxxxx f10:3ef15aea f13:4125f534 f12:409cde11
15657961ns          262120 1c0087da 48b57543 fmadd.s          f10, f10, f11, f9   f10=xxxxxxxx f10:3ef15aea f11:c0b1dec0  f9:41125c9b
15657981ns          262121 1c0087de 00d72023 sw               x13, 0(x14)         x13:411caa6b x14:10000e80  PA:10000e80
15658001ns          262122 1c0087e0 00a7a023 sw               x10, 0(x15)         x10:40d0e047 x15:10000e74  PA:10000e74
15658021ns          262123 1c0087e2 fb5b13e3 bne              x22, x21, -90       x22:0000000b x21:0000000c
15658081ns          262126 1c008788 016007b3 add              x15, x0, x22        x15=0000000b x22:0000000b
15658101ns          262127 1c00878a 060b0d63 beq              x22, x0, 122        x22:0000000b
15658120ns          262128 1c00878e 00000713 addi             x14, x0, 0          x14=00000000
15658140ns          262129 1c008790 00f006b3 add              x13, x0, x15        x13=0000000b x15:0000000b
15658160ns          262130 1c008792 fc1726b3 p.insert         x13, x14, 30, 1     x13=00000001 x13:0000000b x14:00000000
15658180ns          262131 1c008796 4017d793 srai             x15, x15, 0x401     x15=00000005 x15:0000000b
15658200ns          262132 1c008798 00d00733 add              x14, x0, x13        x14=00000001 x13:00000001
15658220ns          262133 1c00879a fe079be3 bne              x15, x0, -10        x15:00000005
15658280ns          262136 1c008790 00f006b3 add              x13, x0, x15        x13=00000005 x15:00000005
15658299ns          262137 1c008792 fc1726b3 p.insert         x13, x14, 30, 1     x13=00000003 x13:00000005 x14:00000001
15658319ns          262138 1c008796 4017d793 srai             x15, x15, 0x401     x15=00000002 x15:00000005
15658339ns          262139 1c008798 00d00733 add              x14, x0, x13        x14=00000003 x13:00000003
15658359ns          262140 1c00879a fe079be3 bne              x15, x0, -10        x15:00000002
15658419ns          262143 1c008790 00f006b3 add              x13, x0, x15        x13=00000002 x15:00000002
15658439ns          262144 1c008792 fc1726b3 p.insert         x13, x14, 30, 1     x13=00000006 x13:00000002 x14:00000003
15658459ns          262145 1c008796 4017d793 srai             x15, x15, 0x401     x15=00000001 x15:00000002
15658478ns          262146 1c008798 00d00733 add              x14, x0, x13        x14=00000006 x13:00000006
15658498ns          262147 1c00879a fe079be3 bne              x15, x0, -10        x15:00000001
15658558ns          262150 1c008790 00f006b3 add              x13, x0, x15        x13=00000001 x15:00000001
15658578ns          262151 1c008792 fc1726b3 p.insert         x13, x14, 30, 1     x13=0000000d x13:00000001 x14:00000006
15658598ns          262152 1c008796 4017d793 srai             x15, x15, 0x401     x15=00000000 x15:00000001
15658618ns          262153 1c008798 00d00733 add              x14, x0, x13        x14=0000000d x13:0000000d
15658638ns          262154 1c00879a fe079be3 bne              x15, x0, -10        x15:00000000
15658657ns          262155 1c00879c d006f453 fcvt.s.w         f8, x13              f8=xxxxxxxx x13:0000000d
15658677ns          262156 1c0087a0 11447453 fmul.s           f8, f8, f20          f8=xxxxxxxx  f8:41500000 f20:3f490fdb
15658697ns          262157 1c0087a4 19347453 fdiv.s           f8, f8, f19          f8=xxxxxxxx  f8:41235ce2 f19:41000000
15658976ns          262171 1c0087a8 00800533 add              x10, x0, x8         x10=3fa35ce2  x8:3fa35ce2
15658996ns          262172 1c0087aa 66a000ef jal              x1, 1642             x1=1c0087ac
15659035ns          262174 1c008e14 a0a527d3 feq.s            x15, f10, f10       x15=00000001 f10:3fa35ce2 f10:3fa35ce2
15659055ns          262175 1c008e18 0a078b63 beq              x15, x0, 182        x15:00000001
15659075ns          262176 1c008e1a e00517d3 fclass.s         x15, f10            x15=00000040 f10:3fa35ce2
15659095ns          262177 1c008e1e 0817f793 andi             x15, x15, 129       x15=00000000 x15:00000040
15659115ns          262178 1c008e22 0a079663 bne              x15, x0, 172        x15:00000000
15659135ns          262179 1c008e24 00000793 addi             x15, x0, 0          x15=00000000
15659155ns          262180 1c008e28 a0f517d3 flt.s            x15, f10, f15       x15=00000000 f10:3fa35ce2 f15:00000000
15659175ns          262181 1c008e2c 0a079663 bne              x15, x0, 172        x15:00000000
15659195ns          262182 1c008e2e 1c000737 lui              x14, 0x1c000000     x14=1c000000
15659214ns          262183 1c008e32 16072783 lw               x15, 352(x14)       x15=40c90fdb x14:1c000000  PA:1c000160
15659553ns          262200 1c008e36 a0a797d3 flt.s            x15, f15, f10       x15=00000000 f15:40c90fdb f10:3fa35ce2
15659572ns          262201 1c008e3a 00078b63 beq              x15, x0, 22         x15:00000000
15659632ns          262204 1c008e50 00000793 addi             x15, x0, 0          x15=00000000
15659652ns          262205 1c008e54 a0f517d3 flt.s            x15, f10, f15       x15=00000000 f10:3fa35ce2 f15:00000000
15659672ns          262206 1c008e58 08079a63 bne              x15, x0, 148        x15:00000000
15659692ns          262207 1c008e5a 1c0007b7 lui              x15, 0x1c000000     x15=1c000000
15659712ns          262208 1c008e5e 0207a783 lw               x15, 32(x15)        x15=3fc90fdb x15:1c000000  PA:1c000020
15660030ns          262224 1c008e62 a0f517d3 flt.s            x15, f10, f15       x15=00000001 f10:3fa35ce2 f15:3fc90fdb
15660050ns          262225 1c008e66 02079563 bne              x15, x0, 42         x15:00000001
15660109ns          262228 1c008e90 10a57553 fmul.s           f10, f10, f10       f10=xxxxxxxx f10:3fa35ce2 f10:3fa35ce2
15660129ns          262229 1c008e94 1c0007b7 lui              x15, 0x1c000000     x15=1c000000
15660149ns          262230 1c008e98 1c000737 lui              x14, 0x1c000000     x14=1c000000
15660169ns          262231 1c008e9c 16872703 lw               x14, 360(x14)       x14=bab59551 x14:1c000000  PA:1c000168
15660468ns          262246 1c008ea0 1647a783 lw               x15, 356(x15)       x15=37c23ab1 x15:1c000000  PA:1c000164
15660786ns          262262 1c008ea4 70f577c3 fmadd.s          f15, f10, f15, f14  f15=xxxxxxxx f10:3fd07ed3 f15:37c23ab1 f14:bab59551
15660806ns          262263 1c008ea8 1c000737 lui              x14, 0x1c000000     x14=1c000000
15660826ns          262264 1c008eac 16c72703 lw               x14, 364(x14)       x14=3d2aa76f x14:1c000000  PA:1c00016c
15661184ns          262282 1c008eb0 70f577c3 fmadd.s          f15, f10, f15, f14  f15=xxxxxxxx f10:3fd07ed3 f15:bab0a3d2 f14:3d2aa76f
15661203ns          262283 1c008eb4 1c000737 lui              x14, 0x1c000000     x14=1c000000
15661223ns          262284 1c008eb8 17072703 lw               x14, 368(x14)       x14=beffffe0 x14:1c000000  PA:1c000170
15661542ns          262300 1c008ebc 70f577c3 fmadd.s          f15, f10, f15, f14  f15=xxxxxxxx f10:3fd07ed3 f15:3d21a9a5 f14:beffffe0
15661562ns          262301 1c008ec0 1c000737 lui              x14, 0x1c000000     x14=1c000000
15661581ns          262302 1c008ec4 19c72703 lw               x14, 412(x14)       x14=3f7fffff x14:1c000000  PA:1c00019c
15661900ns          262318 1c008ec8 70f57543 fmadd.s          f10, f10, f15, f14  f10=xxxxxxxx f10:3fd07ed3 f15:bedf1565 f14:3f7fffff
15661920ns          262319 1c008ecc 00008067 jalr             x0, x1, 0            x1:1c0087ac
15661959ns          262321 1c0087ac 00a004b3 add              x9, x0, x10          x9=3e94a031 x10:3e94a031
15661979ns          262322 1c0087ae 08897553 fsub.s           f10, f18, f8        f10=xxxxxxxx f18:3fc90fdb  f8:3fa35ce2
15661999ns          262323 1c0087b2 001b0b13 addi             x22, x22, 1         x22=0000000c x22:0000000b
15662019ns          262324 1c0087b4 660000ef jal              x1, 1632             x1=1c0087b6
15662059ns          262326 1c008e14 a0a527d3 feq.s            x15, f10, f10       x15=00000001 f10:3e96cbe4 f10:3e96cbe4
15662079ns          262327 1c008e18 0a078b63 beq              x15, x0, 182        x15:00000001
15662099ns          262328 1c008e1a e00517d3 fclass.s         x15, f10            x15=00000040 f10:3e96cbe4
15662118ns          262329 1c008e1e 0817f793 andi             x15, x15, 129       x15=00000000 x15:00000040
15662138ns          262330 1c008e22 0a079663 bne              x15, x0, 172        x15:00000000
15662158ns          262331 1c008e24 00000793 addi             x15, x0, 0          x15=00000000
15662178ns          262332 1c008e28 a0f517d3 flt.s            x15, f10, f15       x15=00000000 f10:3e96cbe4 f15:00000000
15662198ns          262333 1c008e2c 0a079663 bne              x15, x0, 172        x15:00000000
15662218ns          262334 1c008e2e 1c000737 lui              x14, 0x1c000000     x14=1c000000
15662238ns          262335 1c008e32 16072783 lw               x15, 352(x14)       x15=40c90fdb x14:1c000000  PA:1c000160
15662556ns          262351 1c008e36 a0a797d3 flt.s            x15, f15, f10       x15=00000000 f15:40c90fdb f10:3e96cbe4
15662576ns          262352 1c008e3a 00078b63 beq              x15, x0, 22         x15:00000000
15662636ns          262355 1c008e50 00000793 addi             x15, x0, 0          x15=00000000
15662655ns          262356 1c008e54 a0f517d3 flt.s            x15, f10, f15       x15=00000000 f10:3e96cbe4 f15:00000000
15662675ns          262357 1c008e58 08079a63 bne              x15, x0, 148        x15:00000000
15662695ns          262358 1c008e5a 1c0007b7 lui              x15, 0x1c000000     x15=1c000000
15662715ns          262359 1c008e5e 0207a783 lw               x15, 32(x15)        x15=3fc90fdb x15:1c000000  PA:1c000020
15663033ns          262375 1c008e62 a0f517d3 flt.s            x15, f10, f15       x15=00000001 f10:3e96cbe4 f15:3fc90fdb
15663053ns          262376 1c008e66 02079563 bne              x15, x0, 42         x15:00000001
15663113ns          262379 1c008e90 10a57553 fmul.s           f10, f10, f10       f10=xxxxxxxx f10:3e96cbe4 f10:3e96cbe4
15663133ns          262380 1c008e94 1c0007b7 lui              x15, 0x1c000000     x15=1c000000
15663153ns          262381 1c008e98 1c000737 lui              x14, 0x1c000000     x14=1c000000
15663173ns          262382 1c008e9c 16872703 lw               x14, 360(x14)       x14=bab59551 x14:1c000000  PA:1c000168
15663471ns          262397 1c008ea0 1647a783 lw               x15, 356(x15)       x15=37c23ab1 x15:1c000000  PA:1c000164
15663829ns          262415 1c008ea4 70f577c3 fmadd.s          f15, f10, f15, f14  f15=xxxxxxxx f10:3db1a723 f15:37c23ab1 f14:bab59551
15663849ns          262416 1c008ea8 1c000737 lui              x14, 0x1c000000     x14=1c000000
15663869ns          262417 1c008eac 16c72703 lw               x14, 364(x14)       x14=3d2aa76f x14:1c000000  PA:1c00016c
15664207ns          262434 1c008eb0 70f577c3 fmadd.s          f15, f10, f15, f14  f15=xxxxxxxx f10:3db1a723 f15:bab551ec f14:3d2aa76f
15664227ns          262435 1c008eb4 1c000737 lui              x14, 0x1c000000     x14=1c000000
15664247ns          262436 1c008eb8 17072703 lw               x14, 368(x14)       x14=beffffe0 x14:1c000000  PA:1c000170
15664565ns          262452 1c008ebc 70f577c3 fmadd.s          f15, f10, f15, f14  f15=xxxxxxxx f10:3db1a723 f15:3d2a299b f14:beffffe0
15664585ns          262453 1c008ec0 1c000737 lui              x14, 0x1c000000     x14=1c000000
15664605ns          262454 1c008ec4 19c72703 lw               x14, 412(x14)       x14=3f7fffff x14:1c000000  PA:1c00019c
15664923ns          262470 1c008ec8 70f57543 fmadd.s          f10, f10, f15, f14  f10=xxxxxxxx f10:3db1a723 f15:befe2789 f14:3f7fffff
15664943ns          262471 1c008ecc 00008067 jalr             x0, x1, 0            x1:1c0087b6
15665003ns          262474 1c0087b6 004ca78b p.lw             x15, 4(x25!)        x15=0000000b x25=10000f84 x25:10000f80  PA:10000f80
15665022ns          262475 1c0087ba ffcc270b p.lw             x14, -4(x24!)       x14=0000000c x24=10000f80 x24:10000f84  PA:10000f84
15665042ns          262476 1c0087be 00279793 slli             x15, x15, 0x2       x15=0000002c x15:0000000b
15665062ns          262477 1c0087c0 017787b3 add              x15, x15, x23       x15=10000e78 x15:0000002c x23:10000e4c
15665082ns          262478 1c0087c2 00271713 slli             x14, x14, 0x2       x14=00000030 x14:0000000c
15665102ns          262479 1c0087c4 0007a583 lw               x11, 0(x15)         x11=3ec37be8 x15:10000e78  PA:10000e78
15665122ns          262480 1c0087c6 01770733 add              x14, x14, x23       x14=10000e7c x14:00000030 x23:10000e4c
15665142ns          262481 1c0087c8 00072683 lw               x13, 0(x14)         x13=befd6230 x14:10000e7c  PA:10000e7c
15665162ns          262482 1c0087ca 20949653 fsgnjn.s         f12, f9, f9         f12=xxxxxxxx  f9:3e94a031  f9:3e94a031
15665182ns          262483 1c0087ce 10b67653 fmul.s           f12, f12, f11       f12=xxxxxxxx f12:be94a031 f11:3ec37be8
15665202ns          262484 1c0087d2 10d4f4d3 fmul.s           f9, f9, f13          f9=xxxxxxxx  f9:3e94a031 f13:befd6230
15665221ns          262485 1c0087d6 60d576c3 fmadd.s          f13, f10, f13, f12  f13=xxxxxxxx f10:3f74fa0b f13:befd6230 f12:bde2fbea
15665241ns          262486 1c0087da 48b57543 fmadd.s          f10, f10, f11, f9   f10=xxxxxxxx f10:3f74fa0b f11:3ec37be8  f9:be131b52
15665261ns          262487 1c0087de 00d72023 sw               x13, 0(x14)         x13:bf159c07 x14:10000e7c  PA:10000e7c
15665281ns          262488 1c0087e0 00a7a023 sw               x10, 0(x15)         x10:3e6306bf x15:10000e78  PA:10000e78
15665301ns          262489 1c0087e2 fb5b13e3 bne              x22, x21, -90       x22:0000000c x21:0000000c
15665321ns          262490 1c0087e6 07c12083 lw               x1, 124(x2)          x1=1c00841c  x2:10000d48  PA:10000dc4
15665341ns          262491 1c0087e8 07812403 lw               x8, 120(x2)          x8=xxxxxxxx  x2:10000d48  PA:10000dc0
15665361ns          262492 1c0087ea 07412483 lw               x9, 116(x2)          x9=00000001  x2:10000d48  PA:10000dbc
15665381ns          262493 1c0087ec 07012903 lw               x18, 112(x2)        x18=1c010000  x2:10000d48  PA:10000db8
15665400ns          262494 1c0087ee 06c12983 lw               x19, 108(x2)        x19=xxxxxxxx  x2:10000d48  PA:10000db4
15665420ns          262495 1c0087f0 06812a03 lw               x20, 104(x2)        x20=xxxxxxxx  x2:10000d48  PA:10000db0
15665440ns          262496 1c0087f2 06412a83 lw               x21, 100(x2)        x21=xxxxxxxx  x2:10000d48  PA:10000dac
15665460ns          262497 1c0087f4 06012b03 lw               x22, 96(x2)         x22=xxxxxxxx  x2:10000d48  PA:10000da8
15665480ns          262498 1c0087f6 05c12b83 lw               x23, 92(x2)         x23=10000e4c  x2:10000d48  PA:10000da4
15665500ns          262499 1c0087f8 05812c03 lw               x24, 88(x2)         x24=xxxxxxxx  x2:10000d48  PA:10000da0
15665520ns          262500 1c0087fa 05412c83 lw               x25, 84(x2)         x25=xxxxxxxx  x2:10000d48  PA:10000d9c
15665540ns          262501 1c0087fc 05012d03 lw               x26, 80(x2)         x26=xxxxxxxx  x2:10000d48  PA:10000d98
15665560ns          262502 1c0087fe 04c12d83 lw               x27, 76(x2)         x27=xxxxxxxx  x2:10000d48  PA:10000d94
15665579ns          262503 1c008800 08010113 addi             x2, x2, 128          x2=10000dc8  x2:10000d48
15665599ns          262504 1c008802 00008067 jalr             x0, x1, 0            x1:1c00841c
15665679ns          262508 1c00841c 03412783 lw               x15, 52(x2)         x15=00000020  x2:10000dc8  PA:10000dfc
15665719ns          262510 1c00841e 03412683 lw               x13, 52(x2)         x13=00000020  x2:10000dc8  PA:10000dfc
15665758ns          262512 1c008420 4037d793 srai             x15, x15, 0x403     x15=00000004 x15:00000020
15665778ns          262513 1c008422 4026d693 srai             x13, x13, 0x402     x13=00000008 x13:00000020
15665798ns          262514 1c008424 02f12823 sw               x15, 48(x2)         x15:00000004  x2:10000dc8  PA:10000df8
15665818ns          262515 1c008426 02d12e23 sw               x13, 60(x2)         x13:00000008  x2:10000dc8  PA:10000e04
15665838ns          262516 1c008428 06d7d063 bge              x15, x13, 96        x15:00000004 x13:00000008
15665858ns          262517 1c00842c 01c12703 lw               x14, 28(x2)         x14=00000010  x2:10000dc8  PA:10000de4
15665898ns          262519 1c00842e 00f708b3 add              x17, x14, x15       x17=00000014 x14:00000010 x15:00000004
15665937ns          262521 1c008432 00e685b3 add              x11, x13, x14       x11=00000018 x13:00000008 x14:00000010
15665957ns          262522 1c008436 03412683 lw               x13, 52(x2)         x13=00000020  x2:10000dc8  PA:10000dfc
15665977ns          262523 1c008438 00289893 slli             x17, x17, 0x2       x17=00000050 x17:00000014
15665997ns          262524 1c00843a 00259593 slli             x11, x11, 0x2       x11=00000060 x11:00000018
15666017ns          262525 1c00843c 40f68833 sub              x16, x13, x15       x16=0000001c x13:00000020 x15:00000004
15666037ns          262526 1c008440 411585b3 sub              x11, x11, x17       x11=00000010 x11:00000060 x17:00000050
15666077ns          262528 1c008444 02812703 lw               x14, 40(x2)         x14=10000f54  x2:10000dc8  PA:10000df0
15666097ns          262529 1c008446 00281813 slli             x16, x16, 0x2       x16=00000070 x16:0000001c
15666116ns          262530 1c008448 ffc58593 addi             x11, x11, -4        x11=0000000c x11:00000010
15666136ns          262531 1c00844a 1c0007b7 lui              x15, 0x1c000000     x15=1c000000
15666156ns          262532 1c00844e ffc80813 addi             x16, x16, -4        x16=0000006c x16:00000070
15666176ns          262533 1c008450 0025d593 srli             x11, x11, 0x2       x11=00000003 x11:0000000c
15666216ns          262535 1c008452 0287a303 lw               x6, 40(x15)          x6=3f3504f3 x15:1c000000  PA:1c000028
15666514ns          262550 1c008456 00e80833 add              x16, x16, x14       x16=10000fc0 x16:0000006c x14:10000f54
15666534ns          262551 1c008458 00e888b3 add              x17, x17, x14       x17=10000fa4 x17:00000050 x14:10000f54
15666554ns          262552 1c00845a 00158593 addi             x11, x11, 1         x11=00000004 x11:00000003
15666574ns          262553 1c00845c 0155c0fb lp.setup         0x1, x11, 0x15      x11:00000004
15666594ns          262554 1c008460 ffc8268b p.lw             x13, -4(x16!)       x13=0000001b x16=10000fbc x16:10000fc0  PA:10000fc0
15666614ns          262555 1c008464 0048a78b p.lw             x15, 4(x17!)        x15=00000014 x17=10000fa8 x17:10000fa4  PA:10000fa4
15666634ns          262556 1c008468 00269693 slli             x13, x13, 0x2       x13=0000006c x13:0000001b
15666654ns          262557 1c00846a 00279793 slli             x15, x15, 0x2       x15=00000050 x15:00000014
15666673ns          262558 1c00846c 017686b3 add              x13, x13, x23       x13=10000eb8 x13:0000006c x23:10000e4c
15666693ns          262559 1c00846e 017787b3 add              x15, x15, x23       x15=10000e9c x15:00000050 x23:10000e4c
15666713ns          262560 1c008470 0006a703 lw               x14, 0(x13)         x14=40cf8f37 x13:10000eb8  PA:10000eb8
15666733ns          262561 1c008472 0007a503 lw               x10, 0(x15)         x10=40090018 x15:10000e9c  PA:10000e9c
15666773ns          262563 1c008474 00a77653 fadd.s           f12, f14, f10       f12=xxxxxxxx f14:40cf8f37 f10:40090018
15666793ns          262564 1c008478 08a77753 fsub.s           f14, f14, f10       f14=xxxxxxxx f14:40cf8f37 f10:40090018
15666813ns          262565 1c00847c 10667653 fmul.s           f12, f12, f6        f12=xxxxxxxx f12:410a07a2  f6:3f3504f3
15666833ns          262566 1c008480 10677753 fmul.s           f14, f14, f6        f14=xxxxxxxx f14:408b0f2b  f6:3f3504f3
15666872ns          262568 1c008484 00c6a023 sw               x12, 0(x13)         x12:40c33421 x13:10000eb8  PA:10000eb8
15666892ns          262569 1c008486 00e7a023 sw               x14, 0(x15)         x14:4044a8d3 x15:10000e9c  PA:10000e9c
15666912ns          262570 1c008460 ffc8268b p.lw             x13, -4(x16!)       x13=0000001a x16=10000fb8 x16:10000fbc  PA:10000fbc
15666932ns          262571 1c008464 0048a78b p.lw             x15, 4(x17!)        x15=00000015 x17=10000fac x17:10000fa8  PA:10000fa8
15666952ns          262572 1c008468 00269693 slli             x13, x13, 0x2       x13=00000068 x13:0000001a
15666972ns          262573 1c00846a 00279793 slli             x15, x15, 0x2       x15=00000054 x15:00000015
15666992ns          262574 1c00846c 017686b3 add              x13, x13, x23       x13=10000eb4 x13:00000068 x23:10000e4c
15667012ns          262575 1c00846e 017787b3 add              x15, x15, x23       x15=10000ea0 x15:00000054 x23:10000e4c
15667031ns          262576 1c008470 0006a703 lw               x14, 0(x13)         x14=408d9059 x13:10000eb4  PA:10000eb4
15667051ns          262577 1c008472 0007a503 lw               x10, 0(x15)         x10=c0a31bde x15:10000ea0  PA:10000ea0
15667091ns          262579 1c008474 00a77653 fadd.s           f12, f14, f10       f12=xxxxxxxx f14:408d9059 f10:c0a31bde
15667111ns          262580 1c008478 08a77753 fsub.s           f14, f14, f10       f14=xxxxxxxx f14:408d9059 f10:c0a31bde
15667131ns          262581 1c00847c 10667653 fmul.s           f12, f12, f6        f12=xxxxxxxx f12:bf2c5c28  f6:3f3504f3
15667151ns          262582 1c008480 10677753 fmul.s           f14, f14, f6        f14=xxxxxxxx f14:4118561c  f6:3f3504f3
15667171ns          262583 1c008484 00c6a023 sw               x12, 0(x13)         x12:bef3c0fb x13:10000eb4  PA:10000eb4
15667191ns          262584 1c008486 00e7a023 sw               x14, 0(x15)         x14:40d76fa7 x15:10000ea0  PA:10000ea0
15667270ns          262588 1c008460 ffc8268b p.lw             x13, -4(x16!)       x13=00000019 x16=10000fb4 x16:10000fb8  PA:10000fb8
15667290ns          262589 1c008464 0048a78b p.lw             x15, 4(x17!)        x15=00000016 x17=10000fb0 x17:10000fac  PA:10000fac
15667310ns          262590 1c008468 00269693 slli             x13, x13, 0x2       x13=00000064 x13:00000019
15667330ns          262591 1c00846a 00279793 slli             x15, x15, 0x2       x15=00000058 x15:00000016
15667350ns          262592 1c00846c 017686b3 add              x13, x13, x23       x13=10000eb0 x13:00000064 x23:10000e4c
15667370ns          262593 1c00846e 017787b3 add              x15, x15, x23       x15=10000ea4 x15:00000058 x23:10000e4c
15667389ns          262594 1c008470 0006a703 lw               x14, 0(x13)         x14=40a0086d x13:10000eb0  PA:10000eb0
15667409ns          262595 1c008472 0007a503 lw               x10, 0(x15)         x10=408a223c x15:10000ea4  PA:10000ea4
15667469ns          262598 1c008474 00a77653 fadd.s           f12, f14, f10       f12=xxxxxxxx f14:40a0086d f10:408a223c
15667489ns          262599 1c008478 08a77753 fsub.s           f14, f14, f10       f14=xxxxxxxx f14:40a0086d f10:408a223c
15667509ns          262600 1c00847c 10667653 fmul.s           f12, f12, f6        f12=xxxxxxxx f12:41151554  f6:3f3504f3
15667529ns          262601 1c008480 10677753 fmul.s           f14, f14, f6        f14=xxxxxxxx f14:3f2f3188  f6:3f3504f3
15667549ns          262602 1c008484 00c6a023 sw               x12, 0(x13)         x12:40d2d5ec x13:10000eb0  PA:10000eb0
15667569ns          262603 1c008486 00e7a023 sw               x14, 0(x15)         x14:3ef7c2d0 x15:10000ea4  PA:10000ea4
15667588ns          262604 1c008460 ffc8268b p.lw             x13, -4(x16!)       x13=00000018 x16=10000fb0 x16:10000fb4  PA:10000fb4
15667608ns          262605 1c008464 0048a78b p.lw             x15, 4(x17!)        x15=00000017 x17=10000fb4 x17:10000fb0  PA:10000fb0
15667628ns          262606 1c008468 00269693 slli             x13, x13, 0x2       x13=00000060 x13:00000018
15667648ns          262607 1c00846a 00279793 slli             x15, x15, 0x2       x15=0000005c x15:00000017
15667668ns          262608 1c00846c 017686b3 add              x13, x13, x23       x13=10000eac x13:00000060 x23:10000e4c
15667688ns          262609 1c00846e 017787b3 add              x15, x15, x23       x15=10000ea8 x15:0000005c x23:10000e4c
15667708ns          262610 1c008470 0006a703 lw               x14, 0(x13)         x14=c0e065ec x13:10000eac  PA:10000eac
15667728ns          262611 1c008472 0007a503 lw               x10, 0(x15)         x10=c0c39902 x15:10000ea8  PA:10000ea8
15667787ns          262614 1c008474 00a77653 fadd.s           f12, f14, f10       f12=xxxxxxxx f14:c0e065ec f10:c0c39902
15667807ns          262615 1c008478 08a77753 fsub.s           f14, f14, f10       f14=xxxxxxxx f14:c0e065ec f10:c0c39902
15667827ns          262616 1c00847c 10667653 fmul.s           f12, f12, f6        f12=xxxxxxxx f12:c151ff77  f6:3f3504f3
15667847ns          262617 1c008480 10677753 fmul.s           f14, f14, f6        f14=xxxxxxxx f14:bf666750  f6:3f3504f3
15667867ns          262618 1c008484 00c6a023 sw               x12, 0(x13)         x12:c1147dae x13:10000eac  PA:10000eac
15667887ns          262619 1c008486 00e7a023 sw               x14, 0(x15)         x14:bf22eb80 x15:10000ea8  PA:10000ea8
15667907ns          262620 1c008488 03012683 lw               x13, 48(x2)         x13=00000004  x2:10000dc8  PA:10000df8
15667927ns          262621 1c00848a 00100793 addi             x15, x0, 1          x15=00000001
15667946ns          262622 1c00848c 24d7df63 bge              x15, x13, 606       x15:00000001 x13:00000004
15667966ns          262623 1c008490 40000737 lui              x14, 0x40000000     x14=40000000
15667986ns          262624 1c008494 fff70793 addi             x15, x14, -1        x15=3fffffff x14:40000000
15668006ns          262625 1c008498 03412703 lw               x14, 52(x2)         x14=00000020  x2:10000dc8  PA:10000dfc
15668026ns          262626 1c00849a 00100893 addi             x17, x0, 1          x17=00000001
15668046ns          262627 1c00849c 00e787b3 add              x15, x15, x14       x15=4000001f x15:3fffffff x14:00000020
15668066ns          262628 1c00849e 02f12c23 sw               x15, 56(x2)         x15:4000001f  x2:10000dc8  PA:10000e00
15668086ns          262629 1c0084a0 01c12783 lw               x15, 28(x2)         x15=00000010  x2:10000dc8  PA:10000de4
15668106ns          262630 1c0084a2 00289513 slli             x10, x17, 0x2       x10=00000004 x17:00000001
15668125ns          262631 1c0084a6 02a7c533 div              x10, x15, x10       x10=00000004 x15:4000001f x10:00000004
15668762ns          262663 1c0084aa 00151313 slli             x6, x10, 0x1         x6=00000008 x10:00000004
15668782ns          262664 1c0084ae 40a30fb3 sub              x31, x6, x10        x31=00000004  x6:00000008 x10:00000004
15668802ns          262665 1c0084b2 006785b3 add              x11, x15, x6        x11=00000018 x15:00000010  x6:00000008
15668822ns          262666 1c0084b6 40a002b3 sub              x5, x0, x10          x5=fffffffc x10:00000004
15668842ns          262667 1c0084ba 02812683 lw               x13, 40(x2)         x13=10000f54  x2:10000dc8  PA:10000df0
15668861ns          262668 1c0084bc 00a00833 add              x16, x0, x10        x16=00000004 x10:00000004
15668901ns          262670 1c0084be 406003b3 sub              x7, x0, x6           x7=fffffff8  x6:00000008
15668941ns          262672 1c0084c2 00351f13 slli             x30, x10, 0x3       x30=00000020 x10:00000004
15668961ns          262673 1c0084c6 00259593 slli             x11, x11, 0x2       x11=00000060 x11:00000018
15668981ns          262674 1c0084c8 00229293 slli             x5, x5, 0x2          x5=fffffff0  x5:fffffffc
15669001ns          262675 1c0084ca 002f9f93 slli             x31, x31, 0x2       x31=00000010 x31:00000004
15669021ns          262676 1c0084cc 00600e33 add              x28, x0, x6         x28=00000008  x6:00000008
15669040ns          262677 1c0084ce 00251513 slli             x10, x10, 0x2       x10=00000010 x10:00000004
15669060ns          262678 1c0084d0 01030333 add              x6, x6, x16          x6=0000000c  x6:00000008 x16:00000004
15669080ns          262679 1c0084d2 00481493 slli             x9, x16, 0x4         x9=00000040 x16:00000004
15669100ns          262680 1c0084d6 00d585b3 add              x11, x11, x13       x11=10000fb4 x11:00000060 x13:10000f54
15669120ns          262681 1c0084d8 00239393 slli             x7, x7, 0x2          x7=ffffffe0  x7:fffffff8
15669140ns          262682 1c0084da 00000413 addi             x8, x0, 0            x8=00000000
15669160ns          262683 1c0084dc 00000e93 addi             x29, x0, 0          x29=00000000
15669180ns          262684 1c0084de ffc28293 addi             x5, x5, -4           x5=ffffffec  x5:fffffff0
15669200ns          262685 1c0084e0 ffcf0f13 addi             x30, x30, -4        x30=0000001c x30:00000020
15669219ns          262686 1c0084e2 ffcf8f93 addi             x31, x31, -4        x31=0000000c x31:00000010
15669239ns          262687 1c0084e4 0468c07b lp.setup         0x0, x17, 0x46      x17:00000001
15669259ns          262688 1c0084e8 050ed163 bge              x29, x16, 66        x29:00000000 x16:00000004
15669279ns          262689 1c0084ec ffc58993 addi             x19, x11, -4        x19=10000fb0 x11:10000fb4
15669319ns          262691 1c0084f0 00b28933 add              x18, x5, x11        x18=10000fa0  x5:ffffffec x11:10000fb4
15669359ns          262693 1c0084f4 41298933 sub              x18, x19, x18       x18=00000010 x19:10000fb0 x18:10000fa0
15669379ns          262694 1c0084f8 ffc90913 addi             x18, x18, -4        x18=0000000c x18:00000010
15669398ns          262695 1c0084fa 00295913 srli             x18, x18, 0x2       x18=00000003 x18:0000000c
15669418ns          262696 1c0084fe 00b38a33 add              x20, x7, x11        x20=10000f94  x7:ffffffe0 x11:10000fb4
15669438ns          262697 1c008502 00190913 addi             x18, x18, 1         x18=00000004 x18:00000003
15669458ns          262698 1c008504 012940fb lp.setup         0x1, x18, 0x12      x18:00000004
15669478ns          262699 1c008508 004a278b p.lw             x15, 4(x20!)        x15=00000010 x20=10000f98 x20:10000f94  PA:10000f94
15669498ns          262700 1c00850c ffc9a70b p.lw             x14, -4(x19!)       x14=00000017 x19=10000fac x19:10000fb0  PA:10000fb0
15669538ns          262702 1c008510 00279793 slli             x15, x15, 0x2       x15=00000040 x15:00000010
15669558ns          262703 1c008512 00271713 slli             x14, x14, 0x2       x14=0000005c x14:00000017
15669577ns          262704 1c008514 017787b3 add              x15, x15, x23       x15=10000e8c x15:00000040 x23:10000e4c
15669597ns          262705 1c008516 01770733 add              x14, x14, x23       x14=10000ea8 x14:0000005c x23:10000e4c
15669617ns          262706 1c008518 0007a683 lw               x13, 0(x15)         x13=bf50c238 x15:10000e8c  PA:10000e8c
15669637ns          262707 1c00851a 00072603 lw               x12, 0(x14)         x12=bf22eb80 x14:10000ea8  PA:10000ea8
15669677ns          262709 1c00851c 08c6fad3 fsub.s           f21, f13, f12       f21=xxxxxxxx f13:bf50c238 f12:bf22eb80
15669697ns          262710 1c008520 00c6f6d3 fadd.s           f13, f13, f12       f13=xxxxxxxx f13:bf50c238 f12:bf22eb80
15669717ns          262711 1c008524 01572023 sw               x21, 0(x14)         x21:be375ae0 x14:10000ea8  PA:10000ea8
15669737ns          262712 1c008528 00d7a023 sw               x13, 0(x15)         x13:bfb9d6dc x15:10000e8c  PA:10000e8c
15669756ns          262713 1c008508 004a278b p.lw             x15, 4(x20!)        x15=00000011 x20=10000f9c x20:10000f98  PA:10000f98
15669776ns          262714 1c00850c ffc9a70b p.lw             x14, -4(x19!)       x14=00000016 x19=10000fa8 x19:10000fac  PA:10000fac
15669796ns          262715 1c008510 00279793 slli             x15, x15, 0x2       x15=00000044 x15:00000011
15669816ns          262716 1c008512 00271713 slli             x14, x14, 0x2       x14=00000058 x14:00000016
15669836ns          262717 1c008514 017787b3 add              x15, x15, x23       x15=10000e90 x15:00000044 x23:10000e4c
15669856ns          262718 1c008516 01770733 add              x14, x14, x23       x14=10000ea4 x14:00000058 x23:10000e4c
15669876ns          262719 1c008518 0007a683 lw               x13, 0(x15)         x13=bf7b3d00 x15:10000e90  PA:10000e90
15669896ns          262720 1c00851a 00072603 lw               x12, 0(x14)         x12=3ef7c2d0 x14:10000ea4  PA:10000ea4
15669936ns          262722 1c00851c 08c6fad3 fsub.s           f21, f13, f12       f21=xxxxxxxx f13:bf7b3d00 f12:3ef7c2d0
15669955ns          262723 1c008520 00c6f6d3 fadd.s           f13, f13, f12       f13=xxxxxxxx f13:bf7b3d00 f12:3ef7c2d0
15669975ns          262724 1c008524 01572023 sw               x21, 0(x14)         x21:bfbb8f34 x14:10000ea4  PA:10000ea4
15669995ns          262725 1c008528 00d7a023 sw               x13, 0(x15)         x13:befeb730 x15:10000e90  PA:10000e90
15670075ns          262729 1c008508 004a278b p.lw             x15, 4(x20!)        x15=00000012 x20=10000fa0 x20:10000f9c  PA:10000f9c
15670095ns          262730 1c00850c ffc9a70b p.lw             x14, -4(x19!)       x14=00000015 x19=10000fa4 x19:10000fa8  PA:10000fa8
15670115ns          262731 1c008510 00279793 slli             x15, x15, 0x2       x15=00000048 x15:00000012
15670134ns          262732 1c008512 00271713 slli             x14, x14, 0x2       x14=00000054 x14:00000015
15670154ns          262733 1c008514 017787b3 add              x15, x15, x23       x15=10000e94 x15:00000048 x23:10000e4c
15670174ns          262734 1c008516 01770733 add              x14, x14, x23       x14=10000ea0 x14:00000054 x23:10000e4c
15670194ns          262735 1c008518 0007a683 lw               x13, 0(x15)         x13=40af3f88 x15:10000e94  PA:10000e94
15670214ns          262736 1c00851a 00072603 lw               x12, 0(x14)         x12=40d76fa7 x14:10000ea0  PA:10000ea0
15670254ns          262738 1c00851c 08c6fad3 fsub.s           f21, f13, f12       f21=xxxxxxxx f13:40af3f88 f12:40d76fa7
15670274ns          262739 1c008520 00c6f6d3 fadd.s           f13, f13, f12       f13=xxxxxxxx f13:40af3f88 f12:40d76fa7
15670294ns          262740 1c008524 01572023 sw               x21, 0(x14)         x21:bfa0c07c x14:10000ea0  PA:10000ea0
15670313ns          262741 1c008528 00d7a023 sw               x13, 0(x15)         x13:41435798 x15:10000e94  PA:10000e94
15670333ns          262742 1c008508 004a278b p.lw             x15, 4(x20!)        x15=00000013 x20=10000fa4 x20:10000fa0  PA:10000fa0
15670353ns          262743 1c00850c ffc9a70b p.lw             x14, -4(x19!)       x14=00000014 x19=10000fa0 x19:10000fa4  PA:10000fa4
15670373ns          262744 1c008510 00279793 slli             x15, x15, 0x2       x15=0000004c x15:00000013
15670393ns          262745 1c008512 00271713 slli             x14, x14, 0x2       x14=00000050 x14:00000014
15670413ns          262746 1c008514 017787b3 add              x15, x15, x23       x15=10000e98 x15:0000004c x23:10000e4c
15670433ns          262747 1c008516 01770733 add              x14, x14, x23       x14=10000e9c x14:00000050 x23:10000e4c
15670453ns          262748 1c008518 0007a683 lw               x13, 0(x15)         x13=3ffc59a8 x15:10000e98  PA:10000e98
15670473ns          262749 1c00851a 00072603 lw               x12, 0(x14)         x12=4044a8d3 x14:10000e9c  PA:10000e9c
15670512ns          262751 1c00851c 08c6fad3 fsub.s           f21, f13, f12       f21=xxxxxxxx f13:3ffc59a8 f12:4044a8d3
15670532ns          262752 1c008520 00c6f6d3 fadd.s           f13, f13, f12       f13=xxxxxxxx f13:3ffc59a8 f12:4044a8d3
15670552ns          262753 1c008524 01572023 sw               x21, 0(x14)         x21:bf8cf7fe x14:10000e9c  PA:10000e9c
15670572ns          262754 1c008528 00d7a023 sw               x13, 0(x15)         x13:40a16ad4 x15:10000e98  PA:10000e98
15670592ns          262755 1c00852a 026e5e63 bge              x28, x6, 60         x28:00000008  x6:0000000c
15670612ns          262756 1c00852e 41ff0933 sub              x18, x30, x31       x18=00000010 x30:0000001c x31:0000000c
15670632ns          262757 1c008532 ffc90913 addi             x18, x18, -4        x18=0000000c x18:00000010
15670652ns          262758 1c008534 00295913 srli             x18, x18, 0x2       x18=00000003 x18:0000000c
15670671ns          262759 1c008538 00bf0a33 add              x20, x30, x11       x20=10000fd0 x30:0000001c x11:10000fb4
15670691ns          262760 1c00853c 00b009b3 add              x19, x0, x11        x19=10000fb4 x11:10000fb4
15670711ns          262761 1c00853e 00190913 addi             x18, x18, 1         x18=00000004 x18:00000003
15670731ns          262762 1c008540 012940fb lp.setup         0x1, x18, 0x12      x18:00000004
15670771ns          262764 1c008544 ffca270b p.lw             x14, -4(x20!)       x14=0000001f x20=10000fcc x20:10000fd0  PA:10000fd0
15670791ns          262765 1c008548 0049a78b p.lw             x15, 4(x19!)        x15=00000018 x19=10000fb8 x19:10000fb4  PA:10000fb4
15670811ns          262766 1c00854c 00271713 slli             x14, x14, 0x2       x14=0000007c x14:0000001f
15670831ns          262767 1c00854e 00279793 slli             x15, x15, 0x2       x15=00000060 x15:00000018
15670870ns          262769 1c008550 01770733 add              x14, x14, x23       x14=10000ec8 x14:0000007c x23:10000e4c
15670890ns          262770 1c008552 017787b3 add              x15, x15, x23       x15=10000eac x15:00000060 x23:10000e4c
15670910ns          262771 1c008554 00072683 lw               x13, 0(x14)         x13=40c1c758 x14:10000ec8  PA:10000ec8
15670930ns          262772 1c008556 0007a603 lw               x12, 0(x15)         x12=c1147dae x15:10000eac  PA:10000eac
15670970ns          262774 1c008558 00c6fad3 fadd.s           f21, f13, f12       f21=xxxxxxxx f13:40c1c758 f12:c1147dae
15670990ns          262775 1c00855c 08c6f6d3 fsub.s           f13, f13, f12       f13=xxxxxxxx f13:40c1c758 f12:c1147dae
15671010ns          262776 1c008560 01572023 sw               x21, 0(x14)         x21:c04e6808 x14:10000ec8  PA:10000ec8
15671049ns          262778 1c008564 00d7a023 sw               x13, 0(x15)         x13:4175615a x15:10000eac  PA:10000eac
15671069ns          262779 1c008544 ffca270b p.lw             x14, -4(x20!)       x14=0000001e x20=10000fc8 x20:10000fcc  PA:10000fcc
15671089ns          262780 1c008548 0049a78b p.lw             x15, 4(x19!)        x15=00000019 x19=10000fbc x19:10000fb8  PA:10000fb8
15671109ns          262781 1c00854c 00271713 slli             x14, x14, 0x2       x14=00000078 x14:0000001e
15671129ns          262782 1c00854e 00279793 slli             x15, x15, 0x2       x15=00000064 x15:00000019
15671149ns          262783 1c008550 01770733 add              x14, x14, x23       x14=10000ec4 x14:00000078 x23:10000e4c
15671169ns          262784 1c008552 017787b3 add              x15, x15, x23       x15=10000eb0 x15:00000064 x23:10000e4c
15671189ns          262785 1c008554 00072683 lw               x13, 0(x14)         x13=40d8aa8d x14:10000ec4  PA:10000ec4
15671209ns          262786 1c008556 0007a603 lw               x12, 0(x15)         x12=40d2d5ec x15:10000eb0  PA:10000eb0
15671248ns          262788 1c008558 00c6fad3 fadd.s           f21, f13, f12       f21=xxxxxxxx f13:40d8aa8d f12:40d2d5ec
15671268ns          262789 1c00855c 08c6f6d3 fsub.s           f13, f13, f12       f13=xxxxxxxx f13:40d8aa8d f12:40d2d5ec
15671288ns          262790 1c008560 01572023 sw               x21, 0(x14)         x21:4155c03c x14:10000ec4  PA:10000ec4
15671308ns          262791 1c008564 00d7a023 sw               x13, 0(x15)         x13:3e3a9420 x15:10000eb0  PA:10000eb0
15671328ns          262792 1c008544 ffca270b p.lw             x14, -4(x20!)       x14=0000001d x20=10000fc4 x20:10000fc8  PA:10000fc8
15671348ns          262793 1c008548 0049a78b p.lw             x15, 4(x19!)        x15=0000001a x19=10000fc0 x19:10000fbc  PA:10000fbc
15671368ns          262794 1c00854c 00271713 slli             x14, x14, 0x2       x14=00000074 x14:0000001d
15671388ns          262795 1c00854e 00279793 slli             x15, x15, 0x2       x15=00000068 x15:0000001a
15671407ns          262796 1c008550 01770733 add              x14, x14, x23       x14=10000ec0 x14:00000074 x23:10000e4c
15671427ns          262797 1c008552 017787b3 add              x15, x15, x23       x15=10000eb4 x15:00000068 x23:10000e4c
15671447ns          262798 1c008554 00072683 lw               x13, 0(x14)         x13=4000b398 x14:10000ec0  PA:10000ec0
15671467ns          262799 1c008556 0007a603 lw               x12, 0(x15)         x12=bef3c0fb x15:10000eb4  PA:10000eb4
15671507ns          262801 1c008558 00c6fad3 fadd.s           f21, f13, f12       f21=xxxxxxxx f13:4000b398 f12:bef3c0fb
15671527ns          262802 1c00855c 08c6f6d3 fsub.s           f13, f13, f12       f13=xxxxxxxx f13:4000b398 f12:bef3c0fb
15671547ns          262803 1c008560 01572023 sw               x21, 0(x14)         x21:3fc476f1 x14:10000ec0  PA:10000ec0
15671567ns          262804 1c008564 00d7a023 sw               x13, 0(x15)         x13:401f2bb7 x15:10000eb4  PA:10000eb4
15671586ns          262805 1c008544 ffca270b p.lw             x14, -4(x20!)       x14=0000001c x20=10000fc0 x20:10000fc4  PA:10000fc4
15671606ns          262806 1c008548 0049a78b p.lw             x15, 4(x19!)        x15=0000001b x19=10000fc4 x19:10000fc0  PA:10000fc0
15671626ns          262807 1c00854c 00271713 slli             x14, x14, 0x2       x14=00000070 x14:0000001c
15671646ns          262808 1c00854e 00279793 slli             x15, x15, 0x2       x15=0000006c x15:0000001b
15671666ns          262809 1c008550 01770733 add              x14, x14, x23       x14=10000ebc x14:00000070 x23:10000e4c
15671686ns          262810 1c008552 017787b3 add              x15, x15, x23       x15=10000eb8 x15:0000006c x23:10000e4c
15671706ns          262811 1c008554 00072683 lw               x13, 0(x14)         x13=40878d07 x14:10000ebc  PA:10000ebc
15671726ns          262812 1c008556 0007a603 lw               x12, 0(x15)         x12=40c33421 x15:10000eb8  PA:10000eb8
15671765ns          262814 1c008558 00c6fad3 fadd.s           f21, f13, f12       f21=xxxxxxxx f13:40878d07 f12:40c33421
15671785ns          262815 1c00855c 08c6f6d3 fsub.s           f13, f13, f12       f13=xxxxxxxx f13:40878d07 f12:40c33421
15671805ns          262816 1c008560 01572023 sw               x21, 0(x14)         x21:41256094 x14:10000ebc  PA:10000ebc
15671825ns          262817 1c008564 00d7a023 sw               x13, 0(x15)         x13:bfee9c68 x15:10000eb8  PA:10000eb8
15671845ns          262818 1c008566 00ae8eb3 add              x29, x29, x10       x29=00000010 x29:00000000 x10:00000010
15671865ns          262819 1c008568 00140413 addi             x8, x8, 1            x8=00000001  x8:00000000
15671885ns          262820 1c00856a 00a80833 add              x16, x16, x10       x16=00000014 x16:00000004 x10:00000010
15671905ns          262821 1c00856c 00a30333 add              x6, x6, x10          x6=0000001c  x6:0000000c x10:00000010
15671925ns          262822 1c00856e 00ae0e33 add              x28, x28, x10       x28=00000018 x28:00000008 x10:00000010
15671944ns          262823 1c008570 009585b3 add              x11, x11, x9        x11=10000ff4 x11:10000fb4  x9:00000040
15671964ns          262824 1c008572 01c12703 lw               x14, 28(x2)         x14=00000010  x2:10000dc8  PA:10000de4
15671984ns          262825 1c008574 00341f93 slli             x31, x8, 0x3        x31=00000008  x8:00000001
15672004ns          262826 1c008578 03f74a33 div              x20, x14, x31       x20=00000002 x14:10000ebc x31:00000008
15672621ns          262857 1c00857c 001a1c93 slli             x25, x20, 0x1       x25=00000004 x20:00000002
15672641ns          262858 1c008580 014c89b3 add              x19, x25, x20       x19=00000006 x25:00000004 x20:00000002
15672661ns          262859 1c008584 014987b3 add              x15, x19, x20       x15=00000008 x19:00000006 x20:00000002
15672680ns          262860 1c008588 03812683 lw               x13, 56(x2)         x13=4000001f  x2:10000dc8  PA:10000e00
15672700ns          262861 1c00858a 00f12423 sw               x15, 8(x2)          x15:00000008  x2:10000dc8  PA:10000dd0
15672720ns          262862 1c00858c 01970db3 add              x27, x14, x25       x27=00000014 x14:00000010 x25:00000004
15672740ns          262863 1c008590 d0047753 fcvt.s.w         f14, x8             f14=xxxxxxxx  x8:00000001
15672780ns          262865 1c008594 00141793 slli             x15, x8, 0x1        x15=00000002  x8:00000001
15672800ns          262866 1c008598 41468d33 sub              x26, x13, x20       x26=4000001d x13:4000001f x20:00000002
15672820ns          262867 1c00859c 01da1493 slli             x9, x20, 0x1d        x9=40000000 x20:00000002
15672879ns          262870 1c0085a0 00812683 lw               x13, 8(x2)          x13=00000008  x2:10000dc8  PA:10000dd0
15672899ns          262871 1c0085a2 02f12623 sw               x15, 44(x2)         x15:00000002  x2:10000dc8  PA:10000df4
15672919ns          262872 1c0085a4 414484b3 sub              x9, x9, x20          x9=3ffffffe  x9:40000000 x20:00000002
15672939ns          262873 1c0085a8 02c12b03 lw               x22, 44(x2)         x22=00000002  x2:10000dc8  PA:10000df4
15672959ns          262874 1c0085aa 40d00933 sub              x18, x0, x13        x18=fffffff8 x13:00000008
15672979ns          262875 1c0085ae 00149493 slli             x9, x9, 0x1          x9=7ffffffc  x9:3ffffffe
15673019ns          262877 1c0085b0 00e12823 sw               x14, 16(x2)         x14:3f800000  x2:10000dc8  PA:10000dd8
15673058ns          262879 1c0085b2 00269713 slli             x14, x13, 0x2       x14=00000020 x13:00000008
15673078ns          262880 1c0085b6 02812683 lw               x13, 40(x2)         x13=10000f54  x2:10000dc8  PA:10000df0
15673098ns          262881 1c0085b8 002d9d93 slli             x27, x27, 0x2       x27=00000050 x27:00000014
15673118ns          262882 1c0085ba 002d1d13 slli             x26, x26, 0x2       x26=00000074 x26:4000001d
15673138ns          262883 1c0085bc 414002b3 sub              x5, x0, x20          x5=fffffffe x20:00000002
15673158ns          262884 1c0085c0 019484b3 add              x9, x9, x25          x9=80000000  x9:7ffffffc x25:00000004
15673198ns          262886 1c0085c2 414c87b3 sub              x15, x25, x20       x15=00000002 x25:00000004 x20:00000002
15673217ns          262887 1c0085c6 01640433 add              x8, x8, x22          x8=00000003  x8:00000001 x22:00000002
15673237ns          262888 1c0085c8 00dd8db3 add              x27, x27, x13       x27=10000fa4 x27:00000050 x13:10000f54
15673257ns          262889 1c0085ca 00dd0d33 add              x26, x26, x13       x26=10000fc8 x26:00000074 x13:10000f54
15673277ns          262890 1c0085cc 00249493 slli             x9, x9, 0x2          x9=00000000  x9:80000000
15673297ns          262891 1c0085ce 00e12a23 sw               x14, 20(x2)         x14:00000020  x2:10000dc8  PA:10000ddc
15673317ns          262892 1c0085d0 00229a93 slli             x21, x5, 0x2        x21=fffffff8  x5:fffffffe
15673337ns          262893 1c0085d4 00279793 slli             x15, x15, 0x2       x15=00000008 x15:00000002
15673357ns          262894 1c0085d6 419a0733 sub              x14, x20, x25       x14=fffffffe x20:00000002 x25:00000004
15673377ns          262895 1c0085da 00812623 sw               x8, 12(x2)           x8:00000003  x2:10000dc8  PA:10000dd4
15673397ns          262896 1c0085dc 02912023 sw               x9, 32(x2)           x9:00000000  x2:10000dc8  PA:10000de8
15673416ns          262897 1c0085de 01b00433 add              x8, x0, x27          x8=10000fa4 x27:10000fa4
15673436ns          262898 1c0085e0 00291913 slli             x18, x18, 0x2       x18=ffffffe0 x18:fffffff8
15673456ns          262899 1c0085e2 01600db3 add              x27, x0, x22        x27=00000002 x22:00000002
15673476ns          262900 1c0085e4 02f12223 sw               x15, 36(x2)         x15:00000008  x2:10000dc8  PA:10000dec
15673496ns          262901 1c0085e6 01a00b33 add              x22, x0, x26        x22=10000fc8 x26:10000fc8
15673516ns          262902 1c0085e8 00e12c23 sw               x14, 24(x2)         x14:fffffffe  x2:10000dc8  PA:10000de0
15673536ns          262903 1c0085ea 01900d33 add              x26, x0, x25        x26=00000004 x25:00000004
15673556ns          262904 1c0085ec 015004b3 add              x9, x0, x21          x9=fffffff8 x21:fffffff8
15673576ns          262905 1c0085ee 01812783 lw               x15, 24(x2)         x15=fffffffe  x2:10000dc8  PA:10000de0
15673595ns          262906 1c0085f0 00000713 addi             x14, x0, 0          x14=00000000
15673615ns          262907 1c0085f2 01a78ab3 add              x21, x15, x26       x21=00000002 x15:fffffffe x26:00000004
15673635ns          262908 1c0085f6 01b007b3 add              x15, x0, x27        x15=00000002 x27:00000002
15673655ns          262909 1c0085f8 00f006b3 add              x13, x0, x15        x13=00000002 x15:00000002
15673675ns          262910 1c0085fa fc1726b3 p.insert         x13, x14, 30, 1     x13=00000000 x13:00000002 x14:00000000
15673695ns          262911 1c0085fe 4017d793 srai             x15, x15, 0x401     x15=00000001 x15:00000002
15673715ns          262912 1c008600 00d00733 add              x14, x0, x13        x14=00000000 x13:00000000
15673735ns          262913 1c008602 fe079be3 bne              x15, x0, -10        x15:00000001
15673794ns          262916 1c0085f8 00f006b3 add              x13, x0, x15        x13=00000001 x15:00000001
15673814ns          262917 1c0085fa fc1726b3 p.insert         x13, x14, 30, 1     x13=00000001 x13:00000001 x14:00000000
15673834ns          262918 1c0085fe 4017d793 srai             x15, x15, 0x401     x15=00000000 x15:00000001
15673854ns          262919 1c008600 00d00733 add              x14, x0, x13        x14=00000001 x13:00000001
15673874ns          262920 1c008602 fe079be3 bne              x15, x0, -10        x15:00000000
15673894ns          262921 1c008604 1c0007b7 lui              x15, 0x1c000000     x15=1c000000
15673914ns          262922 1c008608 d006f753 fcvt.s.w         f14, x13            f14=xxxxxxxx x13:00000001
15673934ns          262923 1c00860c 01c78793 addi             x15, x15, 28        x15=1c00001c x15:1c000000
15673953ns          262924 1c008610 0007a783 lw               x15, 0(x15)         x15=3ec90fdb x15:1c00001c  PA:1c00001c
15674272ns          262940 1c008612 01012683 lw               x13, 16(x2)         x13=3f800000  x2:10000dc8  PA:10000dd8
15674292ns          262941 1c008614 10f77753 fmul.s           f14, f14, f15       f14=xxxxxxxx f14:3f800000 f15:3ec90fdb
15674311ns          262942 1c008618 18d77c53 fdiv.s           f24, f14, f13       f24=xxxxxxxx f14:3ec90fdb f13:3f800000
15674590ns          262956 1c00861c 01800533 add              x10, x0, x24        x10=3ec90fdb x24:3ec90fdb
15674610ns          262957 1c00861e 7f6000ef jal              x1, 2038             x1=1c008622
15674650ns          262959 1c008e14 a0a527d3 feq.s            x15, f10, f10       x15=00000001 f10:3ec90fdb f10:3ec90fdb
15674670ns          262960 1c008e18 0a078b63 beq              x15, x0, 182        x15:00000001
15674689ns          262961 1c008e1a e00517d3 fclass.s         x15, f10            x15=00000040 f10:3ec90fdb
15674749ns          262964 1c008e1e 0817f793 andi             x15, x15, 129       x15=00000000 x15:00000040
15674769ns          262965 1c008e22 0a079663 bne              x15, x0, 172        x15:00000000
15674789ns          262966 1c008e24 00000793 addi             x15, x0, 0          x15=00000000
15674809ns          262967 1c008e28 a0f517d3 flt.s            x15, f10, f15       x15=00000000 f10:3ec90fdb f15:00000000
15674829ns          262968 1c008e2c 0a079663 bne              x15, x0, 172        x15:00000000
15674849ns          262969 1c008e2e 1c000737 lui              x14, 0x1c000000     x14=1c000000
15674868ns          262970 1c008e32 16072783 lw               x15, 352(x14)       x15=40c90fdb x14:1c000000  PA:1c000160
15675207ns          262987 1c008e36 a0a797d3 flt.s            x15, f15, f10       x15=00000000 f15:40c90fdb f10:3ec90fdb
15675226ns          262988 1c008e3a 00078b63 beq              x15, x0, 22         x15:00000000
15675286ns          262991 1c008e50 00000793 addi             x15, x0, 0          x15=00000000
15675306ns          262992 1c008e54 a0f517d3 flt.s            x15, f10, f15       x15=00000000 f10:3ec90fdb f15:00000000
15675326ns          262993 1c008e58 08079a63 bne              x15, x0, 148        x15:00000000
15675346ns          262994 1c008e5a 1c0007b7 lui              x15, 0x1c000000     x15=1c000000
15675366ns          262995 1c008e5e 0207a783 lw               x15, 32(x15)        x15=3fc90fdb x15:1c000000  PA:1c000020
15675724ns          263013 1c008e62 a0f517d3 flt.s            x15, f10, f15       x15=00000001 f10:3ec90fdb f15:3fc90fdb
15675744ns          263014 1c008e66 02079563 bne              x15, x0, 42         x15:00000001
15675843ns          263019 1c008e90 10a57553 fmul.s           f10, f10, f10       f10=xxxxxxxx f10:3ec90fdb f10:3ec90fdb
15675883ns          263021 1c008e94 1c0007b7 lui              x15, 0x1c000000     x15=1c000000
15675903ns          263022 1c008e98 1c000737 lui              x14, 0x1c000000     x14=1c000000
15675923ns          263023 1c008e9c 16872703 lw               x14, 360(x14)       x14=bab59551 x14:1c000000  PA:1c000168
15676261ns          263040 1c008ea0 1647a783 lw               x15, 356(x15)       x15=37c23ab1 x15:1c000000  PA:1c000164
15676579ns          263056 1c008ea4 70f577c3 fmadd.s          f15, f10, f15, f14  f15=xxxxxxxx f10:3e1de9e7 f15:37c23ab1 f14:bab59551
15676599ns          263057 1c008ea8 1c000737 lui              x14, 0x1c000000     x14=1c000000
15676619ns          263058 1c008eac 16c72703 lw               x14, 364(x14)       x14=3d2aa76f x14:1c000000  PA:1c00016c
15676937ns          263074 1c008eb0 70f577c3 fmadd.s          f15, f10, f15, f14  f15=xxxxxxxx f10:3e1de9e7 f15:bab51d82 f14:3d2aa76f
15676957ns          263075 1c008eb4 1c000737 lui              x14, 0x1c000000     x14=1c000000
15676977ns          263076 1c008eb8 17072703 lw               x14, 368(x14)       x14=beffffe0 x14:1c000000  PA:1c000170
15677295ns          263092 1c008ebc 70f577c3 fmadd.s          f15, f10, f15, f14  f15=xxxxxxxx f10:3e1de9e7 f15:3d29c7fe f14:beffffe0
15677315ns          263093 1c008ec0 1c000737 lui              x14, 0x1c000000     x14=1c000000
15677335ns          263094 1c008ec4 19c72703 lw               x14, 412(x14)       x14=3f7fffff x14:1c000000  PA:1c00019c
15677653ns          263110 1c008ec8 70f57543 fmadd.s          f10, f10, f15, f14  f10=xxxxxxxx f10:3e1de9e7 f15:befcba0a f14:3f7fffff
15677673ns          263111 1c008ecc 00008067 jalr             x0, x1, 0            x1:1c008622
15677792ns          263117 1c008622 1c000737 lui              x14, 0x1c000000     x14=1c000000
15677812ns          263118 1c008626 02070713 addi             x14, x14, 32        x14=1c000020 x14:1c000000
15677832ns          263119 1c00862a 00072703 lw               x14, 0(x14)         x14=3fc90fdb x14:1c000020  PA:1c000020
15678131ns          263134 1c00862c 00a00cb3 add              x25, x0, x10        x25=3f6c835f x10:3f6c835f
15678150ns          263135 1c00862e 09877553 fsub.s           f10, f14, f24       f10=xxxxxxxx f14:3fc90fdb f24:3ec90fdb
15678170ns          263136 1c008632 7e2000ef jal              x1, 2018             x1=1c008636
15678210ns          263138 1c008e14 a0a527d3 feq.s            x15, f10, f10       x15=00000001 f10:3f96cbe4 f10:3f96cbe4
15678230ns          263139 1c008e18 0a078b63 beq              x15, x0, 182        x15:00000001
15678250ns          263140 1c008e1a e00517d3 fclass.s         x15, f10            x15=00000040 f10:3f96cbe4
15678270ns          263141 1c008e1e 0817f793 andi             x15, x15, 129       x15=00000000 x15:00000040
15678290ns          263142 1c008e22 0a079663 bne              x15, x0, 172        x15:00000000
15678310ns          263143 1c008e24 00000793 addi             x15, x0, 0          x15=00000000
15678329ns          263144 1c008e28 a0f517d3 flt.s            x15, f10, f15       x15=00000000 f10:3f96cbe4 f15:00000000
15678349ns          263145 1c008e2c 0a079663 bne              x15, x0, 172        x15:00000000
15678389ns          263147 1c008e2e 1c000737 lui              x14, 0x1c000000     x14=1c000000
15678429ns          263149 1c008e32 16072783 lw               x15, 352(x14)       x15=40c90fdb x14:1c000000  PA:1c000160
15678747ns          263165 1c008e36 a0a797d3 flt.s            x15, f15, f10       x15=00000000 f15:40c90fdb f10:3f96cbe4
15678767ns          263166 1c008e3a 00078b63 beq              x15, x0, 22         x15:00000000
15678827ns          263169 1c008e50 00000793 addi             x15, x0, 0          x15=00000000
15678847ns          263170 1c008e54 a0f517d3 flt.s            x15, f10, f15       x15=00000000 f10:3f96cbe4 f15:00000000
15678866ns          263171 1c008e58 08079a63 bne              x15, x0, 148        x15:00000000
15678886ns          263172 1c008e5a 1c0007b7 lui              x15, 0x1c000000     x15=1c000000
15678906ns          263173 1c008e5e 0207a783 lw               x15, 32(x15)        x15=3fc90fdb x15:1c000000  PA:1c000020
15679224ns          263189 1c008e62 a0f517d3 flt.s            x15, f10, f15       x15=00000001 f10:3f96cbe4 f15:3fc90fdb
15679244ns          263190 1c008e66 02079563 bne              x15, x0, 42         x15:00000001
15679304ns          263193 1c008e90 10a57553 fmul.s           f10, f10, f10       f10=xxxxxxxx f10:3f96cbe4 f10:3f96cbe4
15679324ns          263194 1c008e94 1c0007b7 lui              x15, 0x1c000000     x15=1c000000
15679344ns          263195 1c008e98 1c000737 lui              x14, 0x1c000000     x14=1c000000
15679364ns          263196 1c008e9c 16872703 lw               x14, 360(x14)       x14=bab59551 x14:1c000000  PA:1c000168
15679682ns          263212 1c008ea0 1647a783 lw               x15, 356(x15)       x15=37c23ab1 x15:1c000000  PA:1c000164
15680000ns          263228 1c008ea4 70f577c3 fmadd.s          f15, f10, f15, f14  f15=xxxxxxxx f10:3fb1a723 f15:37c23ab1 f14:bab59551
15680020ns          263229 1c008ea8 1c000737 lui              x14, 0x1c000000     x14=1c000000
15680040ns          263230 1c008eac 16c72703 lw               x14, 364(x14)       x14=3d2aa76f x14:1c000000  PA:1c00016c
15680358ns          263246 1c008eb0 70f577c3 fmadd.s          f15, f10, f15, f14  f15=xxxxxxxx f10:3fb1a723 f15:bab15f06 f14:3d2aa76f
15680378ns          263247 1c008eb4 1c000737 lui              x14, 0x1c000000     x14=1c000000
15680398ns          263248 1c008eb8 17072703 lw               x14, 368(x14)       x14=beffffe0 x14:1c000000  PA:1c000170
15680716ns          263264 1c008ebc 70f577c3 fmadd.s          f15, f10, f15, f14  f15=xxxxxxxx f10:3fb1a723 f15:3d22f607 f14:beffffe0
15680736ns          263265 1c008ec0 1c000737 lui              x14, 0x1c000000     x14=1c000000
15680756ns          263266 1c008ec4 19c72703 lw               x14, 412(x14)       x14=3f7fffff x14:1c000000  PA:1c00019c
15681114ns          263284 1c008ec8 70f57543 fmadd.s          f10, f10, f15, f14  f10=xxxxxxxx f10:3fb1a723 f15:bee3ba40 f14:3f7fffff
15681134ns          263285 1c008ecc 00008067 jalr             x0, x1, 0            x1:1c008636
15681194ns          263288 1c008636 05aad463 bge              x21, x26, 72        x21:00000002 x26:00000004
15681214ns          263289 1c00863a 02012783 lw               x15, 32(x2)         x15=00000000  x2:10000dc8  PA:10000de8
15681233ns          263290 1c00863c 219c93d3 fsgnjn.s         f7, f25, f25         f7=xxxxxxxx f25:3f6c835f f25:3f6c835f
15681273ns          263292 1c008640 409788b3 sub              x17, x15, x9        x17=00000008 x15:00000000  x9:fffffff8
15681313ns          263294 1c008644 ffc88893 addi             x17, x17, -4        x17=00000004 x17:00000008
15681333ns          263295 1c008646 0028d893 srli             x17, x17, 0x2       x17=00000001 x17:00000004
15681353ns          263296 1c00864a 00848e33 add              x28, x9, x8         x28=10000f9c  x9:fffffff8  x8:10000fa4
15681373ns          263297 1c00864e 01600333 add              x6, x0, x22          x6=10000fc8 x22:10000fc8
15681412ns          263299 1c008650 00188893 addi             x17, x17, 1         x17=00000002 x17:00000001
15681452ns          263301 1c008652 0158c0fb lp.setup         0x1, x17, 0x15      x17:00000002
15681472ns          263302 1c008656 004e278b p.lw             x15, 4(x28!)        x15=00000012 x28=10000fa0 x28:10000f9c  PA:10000f9c
15681492ns          263303 1c00865a ffc3270b p.lw             x14, -4(x6!)        x14=0000001d  x6=10000fc4  x6:10000fc8  PA:10000fc8
15681512ns          263304 1c00865e 00279793 slli             x15, x15, 0x2       x15=00000048 x15:00000012
15681552ns          263306 1c008660 017787b3 add              x15, x15, x23       x15=10000e94 x15:00000048 x23:10000e4c
15681572ns          263307 1c008662 00271713 slli             x14, x14, 0x2       x14=00000074 x14:0000001d
15681591ns          263308 1c008664 0007a683 lw               x13, 0(x15)         x13=41435798 x15:10000e94  PA:10000e94
15681611ns          263309 1c008666 01770733 add              x14, x14, x23       x14=10000ec0 x14:00000074 x23:10000e4c
15681631ns          263310 1c008668 00072603 lw               x12, 0(x14)         x12=3fc476f1 x14:10000ec0  PA:10000ec0
15681651ns          263311 1c00866a 10d57853 fmul.s           f16, f10, f13       f16=xxxxxxxx f10:3ec3ef16 f13:41435798
15681691ns          263313 1c00866e 10c575d3 fmul.s           f11, f10, f12       f11=xxxxxxxx f10:3ec3ef16 f12:3fc476f1
15681731ns          263315 1c008672 80ccf643 fmadd.s          f12, f25, f12, f16  f12=xxxxxxxx f25:3f6c835f f12:3fc476f1 f16:40958228
15681751ns          263316 1c008676 5876f6c3 fmadd.s          f13, f13, f7, f11   f13=xxxxxxxx f13:41435798  f7:bf6c835f f11:3f165e16
15681771ns          263317 1c00867a 00c72023 sw               x12, 0(x14)         x12:40c2e2c6 x14:10000ec0  PA:10000ec0
15681790ns          263318 1c00867c 00d7a023 sw               x13, 0(x15)         x13:c12b131d x15:10000e94  PA:10000e94
15681830ns          263320 1c008656 004e278b p.lw             x15, 4(x28!)        x15=00000013 x28=10000fa4 x28:10000fa0  PA:10000fa0
15681850ns          263321 1c00865a ffc3270b p.lw             x14, -4(x6!)        x14=0000001c  x6=10000fc0  x6:10000fc4  PA:10000fc4
15681870ns          263322 1c00865e 00279793 slli             x15, x15, 0x2       x15=0000004c x15:00000013
15681890ns          263323 1c008660 017787b3 add              x15, x15, x23       x15=10000e98 x15:0000004c x23:10000e4c
15681910ns          263324 1c008662 00271713 slli             x14, x14, 0x2       x14=00000070 x14:0000001c
15681930ns          263325 1c008664 0007a683 lw               x13, 0(x15)         x13=40a16ad4 x15:10000e98  PA:10000e98
15681950ns          263326 1c008666 01770733 add              x14, x14, x23       x14=10000ebc x14:00000070 x23:10000e4c
15681969ns          263327 1c008668 00072603 lw               x12, 0(x14)         x12=41256094 x14:10000ebc  PA:10000ebc
15681989ns          263328 1c00866a 10d57853 fmul.s           f16, f10, f13       f16=xxxxxxxx f10:3ec3ef16 f13:40a16ad4
15682009ns          263329 1c00866e 10c575d3 fmul.s           f11, f10, f12       f11=xxxxxxxx f10:3ec3ef16 f12:41256094
15682029ns          263330 1c008672 80ccf643 fmadd.s          f12, f25, f12, f16  f12=xxxxxxxx f25:3f6c835f f12:41256094 f16:3ff71640
15682049ns          263331 1c008676 5876f6c3 fmadd.s          f13, f13, f7, f11   f13=xxxxxxxx f13:40a16ad4  f7:bf6c835f f11:407d2608
15682069ns          263332 1c00867a 00c72023 sw               x12, 0(x14)         x12:4137acae x14:10000ebc  PA:10000ebc
15682089ns          263333 1c00867c 00d7a023 sw               x13, 0(x15)         x13:bf347268 x15:10000e98  PA:10000e98
15682109ns          263334 1c00867e 053d5763 bge              x26, x19, 78        x26:00000004 x19:00000006
15682129ns          263335 1c008682 02412683 lw               x13, 36(x2)         x13=00000008  x2:10000dc8  PA:10000dec
15682148ns          263336 1c008684 219c93d3 fsgnjn.s         f7, f25, f25         f7=xxxxxxxx f25:3f6c835f f25:3f6c835f
15682168ns          263337 1c008688 ffc68893 addi             x17, x13, -4        x17=00000004 x13:00000008
15682188ns          263338 1c00868c 0028d893 srli             x17, x17, 0x2       x17=00000001 x17:00000004
15682228ns          263340 1c008690 20a51ed3 fsgnjn.s         f29, f10, f10       f29=xxxxxxxx f10:3ec3ef16 f10:3ec3ef16
15682268ns          263342 1c008694 01648e33 add              x28, x9, x22        x28=10000fc0  x9:fffffff8 x22:10000fc8
15682288ns          263343 1c008698 00800333 add              x6, x0, x8           x6=10000fa4  x8:10000fa4
15682308ns          263344 1c00869a 00188893 addi             x17, x17, 1         x17=00000002 x17:00000001
15682327ns          263345 1c00869c 0178c0fb lp.setup         0x1, x17, 0x17      x17:00000002
15682367ns          263347 1c0086a0 0043278b p.lw             x15, 4(x6!)         x15=00000014  x6=10000fa8  x6:10000fa4  PA:10000fa4
15682407ns          263349 1c0086a4 ffce270b p.lw             x14, -4(x28!)       x14=0000001b x28=10000fbc x28:10000fc0  PA:10000fc0
15682427ns          263350 1c0086a8 00279793 slli             x15, x15, 0x2       x15=00000050 x15:00000014
15682447ns          263351 1c0086aa 00271713 slli             x14, x14, 0x2       x14=0000006c x14:0000001b
15682467ns          263352 1c0086ac 017787b3 add              x15, x15, x23       x15=10000e9c x15:00000050 x23:10000e4c
15682487ns          263353 1c0086ae 01770733 add              x14, x14, x23       x14=10000eb8 x14:0000006c x23:10000e4c
15682506ns          263354 1c0086b0 0007a683 lw               x13, 0(x15)         x13=bf8cf7fe x15:10000e9c  PA:10000e9c
15682526ns          263355 1c0086b2 00072603 lw               x12, 0(x14)         x12=bfee9c68 x14:10000eb8  PA:10000eb8
15682546ns          263356 1c0086b4 1076f853 fmul.s           f16, f13, f7        f16=xxxxxxxx f13:bf8cf7fe  f7:bf6c835f
15682566ns          263357 1c0086b8 20c615d3 fsgnjn.s         f11, f12, f12       f11=xxxxxxxx f12:bfee9c68 f12:bfee9c68
15682586ns          263358 1c0086bc 1195f5d3 fmul.s           f11, f11, f25       f11=xxxxxxxx f11:3fee9c68 f25:3f6c835f
15682646ns          263361 1c0086c0 80c57643 fmadd.s          f12, f10, f12, f16  f12=xxxxxxxx f10:3ec3ef16 f12:bfee9c68 f16:3f823cf5
15682685ns          263363 1c0086c4 59d6f6c3 fmadd.s          f13, f13, f29, f11  f13=xxxxxxxx f13:bf8cf7fe f29:bec3ef16 f11:3fdc72a2
15682705ns          263364 1c0086c8 00c72023 sw               x12, 0(x14)         x12:3e9bb3dd x14:10000eb8  PA:10000eb8
15682725ns          263365 1c0086ca 00d7a023 sw               x13, 0(x15)         x13:40093275 x15:10000e9c  PA:10000e9c
15682745ns          263366 1c0086a0 0043278b p.lw             x15, 4(x6!)         x15=00000015  x6=10000fac  x6:10000fa8  PA:10000fa8
15682765ns          263367 1c0086a4 ffce270b p.lw             x14, -4(x28!)       x14=0000001a x28=10000fb8 x28:10000fbc  PA:10000fbc
15682805ns          263369 1c0086a8 00279793 slli             x15, x15, 0x2       x15=00000054 x15:00000015
15682825ns          263370 1c0086aa 00271713 slli             x14, x14, 0x2       x14=00000068 x14:0000001a
15682845ns          263371 1c0086ac 017787b3 add              x15, x15, x23       x15=10000ea0 x15:00000054 x23:10000e4c
15682865ns          263372 1c0086ae 01770733 add              x14, x14, x23       x14=10000eb4 x14:00000068 x23:10000e4c
15682884ns          263373 1c0086b0 0007a683 lw               x13, 0(x15)         x13=bfa0c07c x15:10000ea0  PA:10000ea0
15682904ns          263374 1c0086b2 00072603 lw               x12, 0(x14)         x12=401f2bb7 x14:10000eb4  PA:10000eb4
15682924ns          263375 1c0086b4 1076f853 fmul.s           f16, f13, f7        f16=xxxxxxxx f13:bfa0c07c  f7:bf6c835f
15682944ns          263376 1c0086b8 20c615d3 fsgnjn.s         f11, f12, f12       f11=xxxxxxxx f12:401f2bb7 f12:401f2bb7
15682964ns          263377 1c0086bc 1195f5d3 fmul.s           f11, f11, f25       f11=xxxxxxxx f11:c01f2bb7 f25:3f6c835f
15682984ns          263378 1c0086c0 80c57643 fmadd.s          f12, f10, f12, f16  f12=xxxxxxxx f10:3ec3ef16 f12:401f2bb7 f16:3f9483f0
15683004ns          263379 1c0086c4 59d6f6c3 fmadd.s          f13, f13, f29, f11  f13=xxxxxxxx f13:bfa0c07c f29:bec3ef16 f11:c0130dfb
15683024ns          263380 1c0086c8 00c72023 sw               x12, 0(x14)         x12:40072b72 x14:10000eb4  PA:10000eb4
15683044ns          263381 1c0086ca 00d7a023 sw               x13, 0(x15)         x13:bfe89796 x15:10000ea0  PA:10000ea0
15683063ns          263382 1c0086cc 00812703 lw               x14, 8(x2)          x14=00000008  x2:10000dc8  PA:10000dd0
15683083ns          263383 1c0086ce 01412783 lw               x15, 20(x2)         x15=00000020  x2:10000dc8  PA:10000ddc
15683103ns          263384 1c0086d0 00c12683 lw               x13, 12(x2)         x13=00000003  x2:10000dc8  PA:10000dd4
15683123ns          263385 1c0086d2 00ed0d33 add              x26, x26, x14       x26=0000000c x26:00000004 x14:00000008
15683143ns          263386 1c0086d4 001d8d93 addi             x27, x27, 1         x27=00000003 x27:00000002
15683163ns          263387 1c0086d6 00f40433 add              x8, x8, x15          x8=10000fc4  x8:10000fa4 x15:00000020
15683183ns          263388 1c0086d8 012b0b33 add              x22, x22, x18       x22=10000fa8 x22:10000fc8 x18:ffffffe0
15683203ns          263389 1c0086da 014d09b3 add              x19, x26, x20       x19=0000000e x26:0000000c x20:00000002
15683223ns          263390 1c0086de f1b698e3 bne              x13, x27, -240      x13:00000003 x27:00000003
15683242ns          263391 1c0086e2 02c12883 lw               x17, 44(x2)         x17=00000002  x2:10000dc8  PA:10000df4
15683262ns          263392 1c0086e4 03012703 lw               x14, 48(x2)         x14=00000004  x2:10000dc8  PA:10000df8
15683302ns          263394 1c0086e6 dae8cde3 blt              x17, x14, -582      x17:00000002 x14:00000004
15683402ns          263399 1c0084a0 01c12783 lw               x15, 28(x2)         x15=00000010  x2:10000dc8  PA:10000de4
15683441ns          263401 1c0084a2 00289513 slli             x10, x17, 0x2       x10=00000008 x17:00000002
15683461ns          263402 1c0084a6 02a7c533 div              x10, x15, x10       x10=00000002 x15:00000010 x10:00000008
15684078ns          263433 1c0084aa 00151313 slli             x6, x10, 0x1         x6=00000004 x10:00000002
15684098ns          263434 1c0084ae 40a30fb3 sub              x31, x6, x10        x31=00000002  x6:00000004 x10:00000002
15684118ns          263435 1c0084b2 006785b3 add              x11, x15, x6        x11=00000014 x15:00000010  x6:00000004
15684138ns          263436 1c0084b6 40a002b3 sub              x5, x0, x10          x5=fffffffe x10:00000002
15684157ns          263437 1c0084ba 02812683 lw               x13, 40(x2)         x13=10000f54  x2:10000dc8  PA:10000df0
15684177ns          263438 1c0084bc 00a00833 add              x16, x0, x10        x16=00000002 x10:00000002
15684217ns          263440 1c0084be 406003b3 sub              x7, x0, x6           x7=fffffffc  x6:00000004
15684257ns          263442 1c0084c2 00351f13 slli             x30, x10, 0x3       x30=00000010 x10:00000002
15684277ns          263443 1c0084c6 00259593 slli             x11, x11, 0x2       x11=00000050 x11:00000014
15684297ns          263444 1c0084c8 00229293 slli             x5, x5, 0x2          x5=fffffff8  x5:fffffffe
15684317ns          263445 1c0084ca 002f9f93 slli             x31, x31, 0x2       x31=00000008 x31:00000002
15684336ns          263446 1c0084cc 00600e33 add              x28, x0, x6         x28=00000004  x6:00000004
15684356ns          263447 1c0084ce 00251513 slli             x10, x10, 0x2       x10=00000008 x10:00000002
15684376ns          263448 1c0084d0 01030333 add              x6, x6, x16          x6=00000006  x6:00000004 x16:00000002
15684396ns          263449 1c0084d2 00481493 slli             x9, x16, 0x4         x9=00000020 x16:00000002
15684416ns          263450 1c0084d6 00d585b3 add              x11, x11, x13       x11=10000fa4 x11:00000050 x13:10000f54
15684436ns          263451 1c0084d8 00239393 slli             x7, x7, 0x2          x7=fffffff0  x7:fffffffc
15684456ns          263452 1c0084da 00000413 addi             x8, x0, 0            x8=00000000
15684476ns          263453 1c0084dc 00000e93 addi             x29, x0, 0          x29=00000000
15684496ns          263454 1c0084de ffc28293 addi             x5, x5, -4           x5=fffffff4  x5:fffffff8
15684515ns          263455 1c0084e0 ffcf0f13 addi             x30, x30, -4        x30=0000000c x30:00000010
15684535ns          263456 1c0084e2 ffcf8f93 addi             x31, x31, -4        x31=00000004 x31:00000008
15684555ns          263457 1c0084e4 0468c07b lp.setup         0x0, x17, 0x46      x17:00000002
15684575ns          263458 1c0084e8 050ed163 bge              x29, x16, 66        x29:00000000 x16:00000002
15684595ns          263459 1c0084ec ffc58993 addi             x19, x11, -4        x19=10000fa0 x11:10000fa4
15684635ns          263461 1c0084f0 00b28933 add              x18, x5, x11        x18=10000f98  x5:fffffff4 x11:10000fa4
15684675ns          263463 1c0084f4 41298933 sub              x18, x19, x18       x18=00000008 x19:10000fa0 x18:10000f98
15684694ns          263464 1c0084f8 ffc90913 addi             x18, x18, -4        x18=00000004 x18:00000008
15684714ns          263465 1c0084fa 00295913 srli             x18, x18, 0x2       x18=00000001 x18:00000004
15684774ns          263468 1c0084fe 00b38a33 add              x20, x7, x11        x20=10000f94  x7:fffffff0 x11:10000fa4
15684794ns          263469 1c008502 00190913 addi             x18, x18, 1         x18=00000002 x18:00000001
15684814ns          263470 1c008504 012940fb lp.setup         0x1, x18, 0x12      x18:00000002
15684834ns          263471 1c008508 004a278b p.lw             x15, 4(x20!)        x15=00000010 x20=10000f98 x20:10000f94  PA:10000f94
15684854ns          263472 1c00850c ffc9a70b p.lw             x14, -4(x19!)       x14=00000013 x19=10000f9c x19:10000fa0  PA:10000fa0
15684913ns          263475 1c008510 00279793 slli             x15, x15, 0x2       x15=00000040 x15:00000010
15684933ns          263476 1c008512 00271713 slli             x14, x14, 0x2       x14=0000004c x14:00000013
15684953ns          263477 1c008514 017787b3 add              x15, x15, x23       x15=10000e8c x15:00000040 x23:10000e4c
15684973ns          263478 1c008516 01770733 add              x14, x14, x23       x14=10000e98 x14:0000004c x23:10000e4c
15684993ns          263479 1c008518 0007a683 lw               x13, 0(x15)         x13=bfb9d6dc x15:10000e8c  PA:10000e8c
15685013ns          263480 1c00851a 00072603 lw               x12, 0(x14)         x12=bf347268 x14:10000e98  PA:10000e98
15685052ns          263482 1c00851c 08c6fad3 fsub.s           f21, f13, f12       f21=xxxxxxxx f13:bfb9d6dc f12:bf347268
15685072ns          263483 1c008520 00c6f6d3 fadd.s           f13, f13, f12       f13=xxxxxxxx f13:bfb9d6dc f12:bf347268
15685092ns          263484 1c008524 01572023 sw               x21, 0(x14)         x21:bf3f3b50 x14:10000e98  PA:10000e98
15685112ns          263485 1c008528 00d7a023 sw               x13, 0(x15)         x13:c00a0808 x15:10000e8c  PA:10000e8c
15685132ns          263486 1c008508 004a278b p.lw             x15, 4(x20!)        x15=00000011 x20=10000f9c x20:10000f98  PA:10000f98
15685152ns          263487 1c00850c ffc9a70b p.lw             x14, -4(x19!)       x14=00000012 x19=10000f98 x19:10000f9c  PA:10000f9c
15685172ns          263488 1c008510 00279793 slli             x15, x15, 0x2       x15=00000044 x15:00000011
15685192ns          263489 1c008512 00271713 slli             x14, x14, 0x2       x14=00000048 x14:00000012
15685212ns          263490 1c008514 017787b3 add              x15, x15, x23       x15=10000e90 x15:00000044 x23:10000e4c
15685231ns          263491 1c008516 01770733 add              x14, x14, x23       x14=10000e94 x14:00000048 x23:10000e4c
15685251ns          263492 1c008518 0007a683 lw               x13, 0(x15)         x13=befeb730 x15:10000e90  PA:10000e90
15685271ns          263493 1c00851a 00072603 lw               x12, 0(x14)         x12=c12b131d x14:10000e94  PA:10000e94
15685311ns          263495 1c00851c 08c6fad3 fsub.s           f21, f13, f12       f21=xxxxxxxx f13:befeb730 f12:c12b131d
15685331ns          263496 1c008520 00c6f6d3 fadd.s           f13, f13, f12       f13=xxxxxxxx f13:befeb730 f12:c12b131d
15685351ns          263497 1c008524 01572023 sw               x21, 0(x14)         x21:41231d64 x14:10000e94  PA:10000e94
15685371ns          263498 1c008528 00d7a023 sw               x13, 0(x15)         x13:c13308d6 x15:10000e90  PA:10000e90
15685391ns          263499 1c00852a 026e5e63 bge              x28, x6, 60         x28:00000004  x6:00000006
15685411ns          263500 1c00852e 41ff0933 sub              x18, x30, x31       x18=00000008 x30:0000000c x31:00000004
15685430ns          263501 1c008532 ffc90913 addi             x18, x18, -4        x18=00000004 x18:00000008
15685450ns          263502 1c008534 00295913 srli             x18, x18, 0x2       x18=00000001 x18:00000004
15685470ns          263503 1c008538 00bf0a33 add              x20, x30, x11       x20=10000fb0 x30:0000000c x11:10000fa4
15685490ns          263504 1c00853c 00b009b3 add              x19, x0, x11        x19=10000fa4 x11:10000fa4
15685510ns          263505 1c00853e 00190913 addi             x18, x18, 1         x18=00000002 x18:00000001
15685530ns          263506 1c008540 012940fb lp.setup         0x1, x18, 0x12      x18:00000002
15685550ns          263507 1c008544 ffca270b p.lw             x14, -4(x20!)       x14=00000017 x20=10000fac x20:10000fb0  PA:10000fb0
15685570ns          263508 1c008548 0049a78b p.lw             x15, 4(x19!)        x15=00000014 x19=10000fa8 x19:10000fa4  PA:10000fa4
15685590ns          263509 1c00854c 00271713 slli             x14, x14, 0x2       x14=0000005c x14:00000017
15685609ns          263510 1c00854e 00279793 slli             x15, x15, 0x2       x15=00000050 x15:00000014
15685629ns          263511 1c008550 01770733 add              x14, x14, x23       x14=10000ea8 x14:0000005c x23:10000e4c
15685649ns          263512 1c008552 017787b3 add              x15, x15, x23       x15=10000e9c x15:00000050 x23:10000e4c
15685669ns          263513 1c008554 00072683 lw               x13, 0(x14)         x13=be375ae0 x14:10000ea8  PA:10000ea8
15685689ns          263514 1c008556 0007a603 lw               x12, 0(x15)         x12=40093275 x15:10000e9c  PA:10000e9c
15685729ns          263516 1c008558 00c6fad3 fadd.s           f21, f13, f12       f21=xxxxxxxx f13:be375ae0 f12:40093275
15685749ns          263517 1c00855c 08c6f6d3 fsub.s           f13, f13, f12       f13=xxxxxxxx f13:be375ae0 f12:40093275
15685769ns          263518 1c008560 01572023 sw               x21, 0(x14)         x21:3ffb798e x14:10000ea8  PA:10000ea8
15685808ns          263520 1c008564 00d7a023 sw               x13, 0(x15)         x13:c014a823 x15:10000e9c  PA:10000e9c
15685828ns          263521 1c008544 ffca270b p.lw             x14, -4(x20!)       x14=00000016 x20=10000fa8 x20:10000fac  PA:10000fac
15685848ns          263522 1c008548 0049a78b p.lw             x15, 4(x19!)        x15=00000015 x19=10000fac x19:10000fa8  PA:10000fa8
15685868ns          263523 1c00854c 00271713 slli             x14, x14, 0x2       x14=00000058 x14:00000016
15685888ns          263524 1c00854e 00279793 slli             x15, x15, 0x2       x15=00000054 x15:00000015
15685908ns          263525 1c008550 01770733 add              x14, x14, x23       x14=10000ea4 x14:00000058 x23:10000e4c
15685928ns          263526 1c008552 017787b3 add              x15, x15, x23       x15=10000ea0 x15:00000054 x23:10000e4c
15685948ns          263527 1c008554 00072683 lw               x13, 0(x14)         x13=bfbb8f34 x14:10000ea4  PA:10000ea4
15685967ns          263528 1c008556 0007a603 lw               x12, 0(x15)         x12=bfe89796 x15:10000ea0  PA:10000ea0
15686007ns          263530 1c008558 00c6fad3 fadd.s           f21, f13, f12       f21=xxxxxxxx f13:bfbb8f34 f12:bfe89796
15686027ns          263531 1c00855c 08c6f6d3 fsub.s           f13, f13, f12       f13=xxxxxxxx f13:bfbb8f34 f12:bfe89796
15686047ns          263532 1c008560 01572023 sw               x21, 0(x14)         x21:c0521365 x14:10000ea4  PA:10000ea4
15686067ns          263533 1c008564 00d7a023 sw               x13, 0(x15)         x13:3eb42188 x15:10000ea0  PA:10000ea0
15686087ns          263534 1c008566 00ae8eb3 add              x29, x29, x10       x29=00000008 x29:00000000 x10:00000008
15686107ns          263535 1c008568 00140413 addi             x8, x8, 1            x8=00000001  x8:00000000
15686127ns          263536 1c00856a 00a80833 add              x16, x16, x10       x16=0000000a x16:00000002 x10:00000008
15686146ns          263537 1c00856c 00a30333 add              x6, x6, x10          x6=0000000e  x6:00000006 x10:00000008
15686166ns          263538 1c00856e 00ae0e33 add              x28, x28, x10       x28=0000000c x28:00000004 x10:00000008
15686186ns          263539 1c008570 009585b3 add              x11, x11, x9        x11=10000fc4 x11:10000fa4  x9:00000020
15686246ns          263542 1c0084e8 050ed163 bge              x29, x16, 66        x29:00000008 x16:0000000a
15686286ns          263544 1c0084ec ffc58993 addi             x19, x11, -4        x19=10000fc0 x11:10000fc4
15686306ns          263545 1c0084f0 00b28933 add              x18, x5, x11        x18=10000fb8  x5:fffffff4 x11:10000fc4
15686325ns          263546 1c0084f4 41298933 sub              x18, x19, x18       x18=00000008 x19:10000fc0 x18:10000fb8
15686345ns          263547 1c0084f8 ffc90913 addi             x18, x18, -4        x18=00000004 x18:00000008
15686365ns          263548 1c0084fa 00295913 srli             x18, x18, 0x2       x18=00000001 x18:00000004
15686385ns          263549 1c0084fe 00b38a33 add              x20, x7, x11        x20=10000fb4  x7:fffffff0 x11:10000fc4
15686405ns          263550 1c008502 00190913 addi             x18, x18, 1         x18=00000002 x18:00000001
15686425ns          263551 1c008504 012940fb lp.setup         0x1, x18, 0x12      x18:00000002
15686445ns          263552 1c008508 004a278b p.lw             x15, 4(x20!)        x15=00000018 x20=10000fb8 x20:10000fb4  PA:10000fb4
15686465ns          263553 1c00850c ffc9a70b p.lw             x14, -4(x19!)       x14=0000001b x19=10000fbc x19:10000fc0  PA:10000fc0
15686485ns          263554 1c008510 00279793 slli             x15, x15, 0x2       x15=00000060 x15:00000018
15686505ns          263555 1c008512 00271713 slli             x14, x14, 0x2       x14=0000006c x14:0000001b
15686524ns          263556 1c008514 017787b3 add              x15, x15, x23       x15=10000eac x15:00000060 x23:10000e4c
15686544ns          263557 1c008516 01770733 add              x14, x14, x23       x14=10000eb8 x14:0000006c x23:10000e4c
15686564ns          263558 1c008518 0007a683 lw               x13, 0(x15)         x13=4175615a x15:10000eac  PA:10000eac
15686584ns          263559 1c00851a 00072603 lw               x12, 0(x14)         x12=3e9bb3dd x14:10000eb8  PA:10000eb8
15686624ns          263561 1c00851c 08c6fad3 fsub.s           f21, f13, f12       f21=xxxxxxxx f13:4175615a f12:3e9bb3dd
15686644ns          263562 1c008520 00c6f6d3 fadd.s           f13, f13, f12       f13=xxxxxxxx f13:4175615a f12:3e9bb3dd
15686664ns          263563 1c008524 01572023 sw               x21, 0(x14)         x21:417083bb x14:10000eb8  PA:10000eb8
15686684ns          263564 1c008528 00d7a023 sw               x13, 0(x15)         x13:417a3ef9 x15:10000eac  PA:10000eac
15686703ns          263565 1c008508 004a278b p.lw             x15, 4(x20!)        x15=00000019 x20=10000fbc x20:10000fb8  PA:10000fb8
15686723ns          263566 1c00850c ffc9a70b p.lw             x14, -4(x19!)       x14=0000001a x19=10000fb8 x19:10000fbc  PA:10000fbc
15686743ns          263567 1c008510 00279793 slli             x15, x15, 0x2       x15=00000064 x15:00000019
15686763ns          263568 1c008512 00271713 slli             x14, x14, 0x2       x14=00000068 x14:0000001a
15686783ns          263569 1c008514 017787b3 add              x15, x15, x23       x15=10000eb0 x15:00000064 x23:10000e4c
15686803ns          263570 1c008516 01770733 add              x14, x14, x23       x14=10000eb4 x14:00000068 x23:10000e4c
15686823ns          263571 1c008518 0007a683 lw               x13, 0(x15)         x13=3e3a9420 x15:10000eb0  PA:10000eb0
15686843ns          263572 1c00851a 00072603 lw               x12, 0(x14)         x12=40072b72 x14:10000eb4  PA:10000eb4
15686882ns          263574 1c00851c 08c6fad3 fsub.s           f21, f13, f12       f21=xxxxxxxx f13:3e3a9420 f12:40072b72
15686902ns          263575 1c008520 00c6f6d3 fadd.s           f13, f13, f12       f13=xxxxxxxx f13:3e3a9420 f12:40072b72
15686922ns          263576 1c008524 01572023 sw               x21, 0(x14)         x21:bff70460 x14:10000eb4  PA:10000eb4
15686942ns          263577 1c008528 00d7a023 sw               x13, 0(x15)         x13:4012d4b4 x15:10000eb0  PA:10000eb0
15686962ns          263578 1c00852a 026e5e63 bge              x28, x6, 60         x28:0000000c  x6:0000000e
15686982ns          263579 1c00852e 41ff0933 sub              x18, x30, x31       x18=00000008 x30:0000000c x31:00000004
15687002ns          263580 1c008532 ffc90913 addi             x18, x18, -4        x18=00000004 x18:00000008
15687022ns          263581 1c008534 00295913 srli             x18, x18, 0x2       x18=00000001 x18:00000004
15687042ns          263582 1c008538 00bf0a33 add              x20, x30, x11       x20=10000fd0 x30:0000000c x11:10000fc4
15687061ns          263583 1c00853c 00b009b3 add              x19, x0, x11        x19=10000fc4 x11:10000fc4
15687081ns          263584 1c00853e 00190913 addi             x18, x18, 1         x18=00000002 x18:00000001
15687101ns          263585 1c008540 012940fb lp.setup         0x1, x18, 0x12      x18:00000002
15687121ns          263586 1c008544 ffca270b p.lw             x14, -4(x20!)       x14=0000001f x20=10000fcc x20:10000fd0  PA:10000fd0
15687141ns          263587 1c008548 0049a78b p.lw             x15, 4(x19!)        x15=0000001c x19=10000fc8 x19:10000fc4  PA:10000fc4
15687161ns          263588 1c00854c 00271713 slli             x14, x14, 0x2       x14=0000007c x14:0000001f
15687181ns          263589 1c00854e 00279793 slli             x15, x15, 0x2       x15=00000070 x15:0000001c
15687201ns          263590 1c008550 01770733 add              x14, x14, x23       x14=10000ec8 x14:0000007c x23:10000e4c
15687221ns          263591 1c008552 017787b3 add              x15, x15, x23       x15=10000ebc x15:00000070 x23:10000e4c
15687240ns          263592 1c008554 00072683 lw               x13, 0(x14)         x13=c04e6808 x14:10000ec8  PA:10000ec8
15687260ns          263593 1c008556 0007a603 lw               x12, 0(x15)         x12=4137acae x15:10000ebc  PA:10000ebc
15687300ns          263595 1c008558 00c6fad3 fadd.s           f21, f13, f12       f21=xxxxxxxx f13:c04e6808 f12:4137acae
15687320ns          263596 1c00855c 08c6f6d3 fsub.s           f13, f13, f12       f13=xxxxxxxx f13:c04e6808 f12:4137acae
15687340ns          263597 1c008560 01572023 sw               x21, 0(x14)         x21:410412ac x14:10000ec8  PA:10000ec8
15687360ns          263598 1c008564 00d7a023 sw               x13, 0(x15)         x13:c16b46b0 x15:10000ebc  PA:10000ebc
15687380ns          263599 1c008544 ffca270b p.lw             x14, -4(x20!)       x14=0000001e x20=10000fc8 x20:10000fcc  PA:10000fcc
15687400ns          263600 1c008548 0049a78b p.lw             x15, 4(x19!)        x15=0000001d x19=10000fcc x19:10000fc8  PA:10000fc8
15687419ns          263601 1c00854c 00271713 slli             x14, x14, 0x2       x14=00000078 x14:0000001e
15687439ns          263602 1c00854e 00279793 slli             x15, x15, 0x2       x15=00000074 x15:0000001d
15687459ns          263603 1c008550 01770733 add              x14, x14, x23       x14=10000ec4 x14:00000078 x23:10000e4c
15687479ns          263604 1c008552 017787b3 add              x15, x15, x23       x15=10000ec0 x15:00000074 x23:10000e4c
15687499ns          263605 1c008554 00072683 lw               x13, 0(x14)         x13=4155c03c x14:10000ec4  PA:10000ec4
15687519ns          263606 1c008556 0007a603 lw               x12, 0(x15)         x12=40c2e2c6 x15:10000ec0  PA:10000ec0
15687559ns          263608 1c008558 00c6fad3 fadd.s           f21, f13, f12       f21=xxxxxxxx f13:4155c03c f12:40c2e2c6
15687579ns          263609 1c00855c 08c6f6d3 fsub.s           f13, f13, f12       f13=xxxxxxxx f13:4155c03c f12:40c2e2c6
15687598ns          263610 1c008560 01572023 sw               x21, 0(x14)         x21:419b98d0 x14:10000ec4  PA:10000ec4
15687618ns          263611 1c008564 00d7a023 sw               x13, 0(x15)         x13:40e89db2 x15:10000ec0  PA:10000ec0
15687638ns          263612 1c008566 00ae8eb3 add              x29, x29, x10       x29=00000010 x29:00000008 x10:00000008
15687658ns          263613 1c008568 00140413 addi             x8, x8, 1            x8=00000002  x8:00000001
15687678ns          263614 1c00856a 00a80833 add              x16, x16, x10       x16=00000012 x16:0000000a x10:00000008
15687698ns          263615 1c00856c 00a30333 add              x6, x6, x10          x6=00000016  x6:0000000e x10:00000008
15687718ns          263616 1c00856e 00ae0e33 add              x28, x28, x10       x28=00000014 x28:0000000c x10:00000008
15687738ns          263617 1c008570 009585b3 add              x11, x11, x9        x11=10000fe4 x11:10000fc4  x9:00000020
15687758ns          263618 1c008572 01c12703 lw               x14, 28(x2)         x14=00000010  x2:10000dc8  PA:10000de4
15687778ns          263619 1c008574 00341f93 slli             x31, x8, 0x3        x31=00000010  x8:00000002
15687797ns          263620 1c008578 03f74a33 div              x20, x14, x31       x20=00000001 x14:10000ec4 x31:00000010
15688394ns          263650 1c00857c 001a1c93 slli             x25, x20, 0x1       x25=00000002 x20:00000001
15688414ns          263651 1c008580 014c89b3 add              x19, x25, x20       x19=00000003 x25:00000002 x20:00000001
15688434ns          263652 1c008584 014987b3 add              x15, x19, x20       x15=00000004 x19:00000003 x20:00000001
15688454ns          263653 1c008588 03812683 lw               x13, 56(x2)         x13=4000001f  x2:10000dc8  PA:10000e00
15688474ns          263654 1c00858a 00f12423 sw               x15, 8(x2)          x15:00000004  x2:10000dc8  PA:10000dd0
15688494ns          263655 1c00858c 01970db3 add              x27, x14, x25       x27=00000012 x14:00000010 x25:00000002
15688513ns          263656 1c008590 d0047753 fcvt.s.w         f14, x8             f14=xxxxxxxx  x8:00000002
15688533ns          263657 1c008594 00141793 slli             x15, x8, 0x1        x15=00000004  x8:00000002
15688553ns          263658 1c008598 41468d33 sub              x26, x13, x20       x26=4000001e x13:4000001f x20:00000001
15688573ns          263659 1c00859c 01da1493 slli             x9, x20, 0x1d        x9=20000000 x20:00000001
15688593ns          263660 1c0085a0 00812683 lw               x13, 8(x2)          x13=00000004  x2:10000dc8  PA:10000dd0
15688613ns          263661 1c0085a2 02f12623 sw               x15, 44(x2)         x15:00000004  x2:10000dc8  PA:10000df4
15688633ns          263662 1c0085a4 414484b3 sub              x9, x9, x20          x9=1fffffff  x9:20000000 x20:00000001
15688653ns          263663 1c0085a8 02c12b03 lw               x22, 44(x2)         x22=00000004  x2:10000dc8  PA:10000df4
15688673ns          263664 1c0085aa 40d00933 sub              x18, x0, x13        x18=fffffffc x13:00000004
15688692ns          263665 1c0085ae 00149493 slli             x9, x9, 0x1          x9=3ffffffe  x9:1fffffff
15688712ns          263666 1c0085b0 00e12823 sw               x14, 16(x2)         x14:40000000  x2:10000dc8  PA:10000dd8
15688752ns          263668 1c0085b2 00269713 slli             x14, x13, 0x2       x14=00000010 x13:00000004
15688772ns          263669 1c0085b6 02812683 lw               x13, 40(x2)         x13=10000f54  x2:10000dc8  PA:10000df0
15688792ns          263670 1c0085b8 002d9d93 slli             x27, x27, 0x2       x27=00000048 x27:00000012
15688812ns          263671 1c0085ba 002d1d13 slli             x26, x26, 0x2       x26=00000078 x26:4000001e
15688832ns          263672 1c0085bc 414002b3 sub              x5, x0, x20          x5=ffffffff x20:00000001
15688852ns          263673 1c0085c0 019484b3 add              x9, x9, x25          x9=40000000  x9:3ffffffe x25:00000002
15688891ns          263675 1c0085c2 414c87b3 sub              x15, x25, x20       x15=00000001 x25:00000002 x20:00000001
15688911ns          263676 1c0085c6 01640433 add              x8, x8, x22          x8=00000006  x8:00000002 x22:00000004
15688931ns          263677 1c0085c8 00dd8db3 add              x27, x27, x13       x27=10000f9c x27:00000048 x13:10000f54
15688951ns          263678 1c0085ca 00dd0d33 add              x26, x26, x13       x26=10000fcc x26:00000078 x13:10000f54
15688971ns          263679 1c0085cc 00249493 slli             x9, x9, 0x2          x9=00000000  x9:40000000
15688991ns          263680 1c0085ce 00e12a23 sw               x14, 20(x2)         x14:00000010  x2:10000dc8  PA:10000ddc
15689011ns          263681 1c0085d0 00229a93 slli             x21, x5, 0x2        x21=fffffffc  x5:ffffffff
15689031ns          263682 1c0085d4 00279793 slli             x15, x15, 0x2       x15=00000004 x15:00000001
15689051ns          263683 1c0085d6 419a0733 sub              x14, x20, x25       x14=ffffffff x20:00000001 x25:00000002
15689070ns          263684 1c0085da 00812623 sw               x8, 12(x2)           x8:00000006  x2:10000dc8  PA:10000dd4
15689090ns          263685 1c0085dc 02912023 sw               x9, 32(x2)           x9:00000000  x2:10000dc8  PA:10000de8
15689110ns          263686 1c0085de 01b00433 add              x8, x0, x27          x8=10000f9c x27:10000f9c
15689130ns          263687 1c0085e0 00291913 slli             x18, x18, 0x2       x18=fffffff0 x18:fffffffc
15689150ns          263688 1c0085e2 01600db3 add              x27, x0, x22        x27=00000004 x22:00000004
15689170ns          263689 1c0085e4 02f12223 sw               x15, 36(x2)         x15:00000004  x2:10000dc8  PA:10000dec
15689190ns          263690 1c0085e6 01a00b33 add              x22, x0, x26        x22=10000fcc x26:10000fcc
15689210ns          263691 1c0085e8 00e12c23 sw               x14, 24(x2)         x14:ffffffff  x2:10000dc8  PA:10000de0
15689230ns          263692 1c0085ea 01900d33 add              x26, x0, x25        x26=00000002 x25:00000002
15689249ns          263693 1c0085ec 015004b3 add              x9, x0, x21          x9=fffffffc x21:fffffffc
15689269ns          263694 1c0085ee 01812783 lw               x15, 24(x2)         x15=ffffffff  x2:10000dc8  PA:10000de0
15689289ns          263695 1c0085f0 00000713 addi             x14, x0, 0          x14=00000000
15689309ns          263696 1c0085f2 01a78ab3 add              x21, x15, x26       x21=00000001 x15:ffffffff x26:00000002
15689329ns          263697 1c0085f6 01b007b3 add              x15, x0, x27        x15=00000004 x27:00000004
15689349ns          263698 1c0085f8 00f006b3 add              x13, x0, x15        x13=00000004 x15:00000004
15689369ns          263699 1c0085fa fc1726b3 p.insert         x13, x14, 30, 1     x13=00000000 x13:00000004 x14:00000000
15689389ns          263700 1c0085fe 4017d793 srai             x15, x15, 0x401     x15=00000002 x15:00000004
15689409ns          263701 1c008600 00d00733 add              x14, x0, x13        x14=00000000 x13:00000000
15689428ns          263702 1c008602 fe079be3 bne              x15, x0, -10        x15:00000002
15689488ns          263705 1c0085f8 00f006b3 add              x13, x0, x15        x13=00000002 x15:00000002
15689508ns          263706 1c0085fa fc1726b3 p.insert         x13, x14, 30, 1     x13=00000000 x13:00000002 x14:00000000
15689528ns          263707 1c0085fe 4017d793 srai             x15, x15, 0x401     x15=00000001 x15:00000002
15689548ns          263708 1c008600 00d00733 add              x14, x0, x13        x14=00000000 x13:00000000
15689568ns          263709 1c008602 fe079be3 bne              x15, x0, -10        x15:00000001
15689687ns          263715 1c0085f8 00f006b3 add              x13, x0, x15        x13=00000001 x15:00000001
15689707ns          263716 1c0085fa fc1726b3 p.insert         x13, x14, 30, 1     x13=00000001 x13:00000001 x14:00000000
15689727ns          263717 1c0085fe 4017d793 srai             x15, x15, 0x401     x15=00000000 x15:00000001
15689747ns          263718 1c008600 00d00733 add              x14, x0, x13        x14=00000001 x13:00000001
15689767ns          263719 1c008602 fe079be3 bne              x15, x0, -10        x15:00000000
15689786ns          263720 1c008604 1c0007b7 lui              x15, 0x1c000000     x15=1c000000
15689806ns          263721 1c008608 d006f753 fcvt.s.w         f14, x13            f14=xxxxxxxx x13:00000001
15689826ns          263722 1c00860c 01c78793 addi             x15, x15, 28        x15=1c00001c x15:1c000000
15689846ns          263723 1c008610 0007a783 lw               x15, 0(x15)         x15=3ec90fdb x15:1c00001c  PA:1c00001c
15690164ns          263739 1c008612 01012683 lw               x13, 16(x2)         x13=40000000  x2:10000dc8  PA:10000dd8
15690184ns          263740 1c008614 10f77753 fmul.s           f14, f14, f15       f14=xxxxxxxx f14:3f800000 f15:3ec90fdb
15690204ns          263741 1c008618 18d77c53 fdiv.s           f24, f14, f13       f24=xxxxxxxx f14:3ec90fdb f13:40000000
15690483ns          263755 1c00861c 01800533 add              x10, x0, x24        x10=3e490fdb x24:3e490fdb
15690503ns          263756 1c00861e 7f6000ef jal              x1, 2038             x1=1c008622
15690542ns          263758 1c008e14 a0a527d3 feq.s            x15, f10, f10       x15=00000001 f10:3e490fdb f10:3e490fdb
15690562ns          263759 1c008e18 0a078b63 beq              x15, x0, 182        x15:00000001
15690582ns          263760 1c008e1a e00517d3 fclass.s         x15, f10            x15=00000040 f10:3e490fdb
15690642ns          263763 1c008e1e 0817f793 andi             x15, x15, 129       x15=00000000 x15:00000040
15690662ns          263764 1c008e22 0a079663 bne              x15, x0, 172        x15:00000000
15690682ns          263765 1c008e24 00000793 addi             x15, x0, 0          x15=00000000
15690701ns          263766 1c008e28 a0f517d3 flt.s            x15, f10, f15       x15=00000000 f10:3e490fdb f15:00000000
15690721ns          263767 1c008e2c 0a079663 bne              x15, x0, 172        x15:00000000
15690741ns          263768 1c008e2e 1c000737 lui              x14, 0x1c000000     x14=1c000000
15690761ns          263769 1c008e32 16072783 lw               x15, 352(x14)       x15=40c90fdb x14:1c000000  PA:1c000160
15691079ns          263785 1c008e36 a0a797d3 flt.s            x15, f15, f10       x15=00000000 f15:40c90fdb f10:3e490fdb
15691099ns          263786 1c008e3a 00078b63 beq              x15, x0, 22         x15:00000000
15691199ns          263791 1c008e50 00000793 addi             x15, x0, 0          x15=00000000
15691239ns          263793 1c008e54 a0f517d3 flt.s            x15, f10, f15       x15=00000000 f10:3e490fdb f15:00000000
15691258ns          263794 1c008e58 08079a63 bne              x15, x0, 148        x15:00000000
15691278ns          263795 1c008e5a 1c0007b7 lui              x15, 0x1c000000     x15=1c000000
15691338ns          263798 1c008e5e 0207a783 lw               x15, 32(x15)        x15=3fc90fdb x15:1c000000  PA:1c000020
15691696ns          263816 1c008e62 a0f517d3 flt.s            x15, f10, f15       x15=00000001 f10:3e490fdb f15:3fc90fdb
15691716ns          263817 1c008e66 02079563 bne              x15, x0, 42         x15:00000001
15691875ns          263825 1c008e90 10a57553 fmul.s           f10, f10, f10       f10=xxxxxxxx f10:3e490fdb f10:3e490fdb
15691915ns          263827 1c008e94 1c0007b7 lui              x15, 0x1c000000     x15=1c000000
15691935ns          263828 1c008e98 1c000737 lui              x14, 0x1c000000     x14=1c000000
15691955ns          263829 1c008e9c 16872703 lw               x14, 360(x14)       x14=bab59551 x14:1c000000  PA:1c000168
15692293ns          263846 1c008ea0 1647a783 lw               x15, 356(x15)       x15=37c23ab1 x15:1c000000  PA:1c000164
15692631ns          263863 1c008ea4 70f577c3 fmadd.s          f15, f10, f15, f14  f15=xxxxxxxx f10:3d1de9e7 f15:37c23ab1 f14:bab59551
15692651ns          263864 1c008ea8 1c000737 lui              x14, 0x1c000000     x14=1c000000
15692671ns          263865 1c008eac 16c72703 lw               x14, 364(x14)       x14=3d2aa76f x14:1c000000  PA:1c00016c
15693009ns          263882 1c008eb0 70f577c3 fmadd.s          f15, f10, f15, f14  f15=xxxxxxxx f10:3d1de9e7 f15:bab5775d f14:3d2aa76f
15693029ns          263883 1c008eb4 1c000737 lui              x14, 0x1c000000     x14=1c000000
15693049ns          263884 1c008eb8 17072703 lw               x14, 368(x14)       x14=beffffe0 x14:1c000000  PA:1c000170
15693407ns          263902 1c008ebc 70f577c3 fmadd.s          f15, f10, f15, f14  f15=xxxxxxxx f10:3d1de9e7 f15:3d2a6f77 f14:beffffe0
15693426ns          263903 1c008ec0 1c000737 lui              x14, 0x1c000000     x14=1c000000
15693446ns          263904 1c008ec4 19c72703 lw               x14, 412(x14)       x14=3f7fffff x14:1c000000  PA:1c00019c
15693765ns          263920 1c008ec8 70f57543 fmadd.s          f10, f10, f15, f14  f10=xxxxxxxx f10:3d1de9e7 f15:beff2d9c f14:3f7fffff
15693785ns          263921 1c008ecc 00008067 jalr             x0, x1, 0            x1:1c008622
15693844ns          263924 1c008622 1c000737 lui              x14, 0x1c000000     x14=1c000000
15693864ns          263925 1c008626 02070713 addi             x14, x14, 32        x14=1c000020 x14:1c000000
15693884ns          263926 1c00862a 00072703 lw               x14, 0(x14)         x14=3fc90fdb x14:1c000020  PA:1c000020
15694182ns          263941 1c00862c 00a00cb3 add              x25, x0, x10        x25=3f7b14be x10:3f7b14be
15694202ns          263942 1c00862e 09877553 fsub.s           f10, f14, f24       f10=xxxxxxxx f14:3fc90fdb f24:3e490fdb
15694222ns          263943 1c008632 7e2000ef jal              x1, 2018             x1=1c008636
15694262ns          263945 1c008e14 a0a527d3 feq.s            x15, f10, f10       x15=00000001 f10:3fafede0 f10:3fafede0
15694282ns          263946 1c008e18 0a078b63 beq              x15, x0, 182        x15:00000001
15694302ns          263947 1c008e1a e00517d3 fclass.s         x15, f10            x15=00000040 f10:3fafede0
15694361ns          263950 1c008e1e 0817f793 andi             x15, x15, 129       x15=00000000 x15:00000040
15694381ns          263951 1c008e22 0a079663 bne              x15, x0, 172        x15:00000000
15694401ns          263952 1c008e24 00000793 addi             x15, x0, 0          x15=00000000
15694421ns          263953 1c008e28 a0f517d3 flt.s            x15, f10, f15       x15=00000000 f10:3fafede0 f15:00000000
15694441ns          263954 1c008e2c 0a079663 bne              x15, x0, 172        x15:00000000
15694461ns          263955 1c008e2e 1c000737 lui              x14, 0x1c000000     x14=1c000000
15694481ns          263956 1c008e32 16072783 lw               x15, 352(x14)       x15=40c90fdb x14:1c000000  PA:1c000160
15694799ns          263972 1c008e36 a0a797d3 flt.s            x15, f15, f10       x15=00000000 f15:40c90fdb f10:3fafede0
15694819ns          263973 1c008e3a 00078b63 beq              x15, x0, 22         x15:00000000
15694879ns          263976 1c008e50 00000793 addi             x15, x0, 0          x15=00000000
15694898ns          263977 1c008e54 a0f517d3 flt.s            x15, f10, f15       x15=00000000 f10:3fafede0 f15:00000000
15694918ns          263978 1c008e58 08079a63 bne              x15, x0, 148        x15:00000000
15694938ns          263979 1c008e5a 1c0007b7 lui              x15, 0x1c000000     x15=1c000000
15694958ns          263980 1c008e5e 0207a783 lw               x15, 32(x15)        x15=3fc90fdb x15:1c000000  PA:1c000020
15695276ns          263996 1c008e62 a0f517d3 flt.s            x15, f10, f15       x15=00000001 f10:3fafede0 f15:3fc90fdb
15695296ns          263997 1c008e66 02079563 bne              x15, x0, 42         x15:00000001
15695356ns          264000 1c008e90 10a57553 fmul.s           f10, f10, f10       f10=xxxxxxxx f10:3fafede0 f10:3fafede0
15695376ns          264001 1c008e94 1c0007b7 lui              x15, 0x1c000000     x15=1c000000
15695396ns          264002 1c008e98 1c000737 lui              x14, 0x1c000000     x14=1c000000
15695416ns          264003 1c008e9c 16872703 lw               x14, 360(x14)       x14=bab59551 x14:1c000000  PA:1c000168
15695774ns          264021 1c008ea0 1647a783 lw               x15, 356(x15)       x15=37c23ab1 x15:1c000000  PA:1c000164
15696092ns          264037 1c008ea4 70f577c3 fmadd.s          f15, f10, f15, f14  f15=xxxxxxxx f10:3ff1ce2b f15:37c23ab1 f14:bab59551
15696112ns          264038 1c008ea8 1c000737 lui              x14, 0x1c000000     x14=1c000000
15696132ns          264039 1c008eac 16c72703 lw               x14, 364(x14)       x14=3d2aa76f x14:1c000000  PA:1c00016c
15696529ns          264059 1c008eb0 70f577c3 fmadd.s          f15, f10, f15, f14  f15=xxxxxxxx f10:3ff1ce2b f15:baafd9a4 f14:3d2aa76f
15696549ns          264060 1c008eb4 1c000737 lui              x14, 0x1c000000     x14=1c000000
15696569ns          264061 1c008eb8 17072703 lw               x14, 368(x14)       x14=beffffe0 x14:1c000000  PA:1c000170
15696927ns          264079 1c008ebc 70f577c3 fmadd.s          f15, f10, f15, f14  f15=xxxxxxxx f10:3ff1ce2b f15:3d2045d7 f14:beffffe0
15696947ns          264080 1c008ec0 1c000737 lui              x14, 0x1c000000     x14=1c000000
15696967ns          264081 1c008ec4 19c72703 lw               x14, 412(x14)       x14=3f7fffff x14:1c000000  PA:1c00019c
15697285ns          264097 1c008ec8 70f57543 fmadd.s          f10, f10, f15, f14  f10=xxxxxxxx f10:3ff1ce2b f15:beda272b f14:3f7fffff
15697305ns          264098 1c008ecc 00008067 jalr             x0, x1, 0            x1:1c008636
15697365ns          264101 1c008636 05aad463 bge              x21, x26, 72        x21:00000001 x26:00000002
15697385ns          264102 1c00863a 02012783 lw               x15, 32(x2)         x15=00000000  x2:10000dc8  PA:10000de8
15697405ns          264103 1c00863c 219c93d3 fsgnjn.s         f7, f25, f25         f7=xxxxxxxx f25:3f7b14be f25:3f7b14be
15697444ns          264105 1c008640 409788b3 sub              x17, x15, x9        x17=00000004 x15:00000000  x9:fffffffc
15697484ns          264107 1c008644 ffc88893 addi             x17, x17, -4        x17=00000000 x17:00000004
15697504ns          264108 1c008646 0028d893 srli             x17, x17, 0x2       x17=00000000 x17:00000000
15697524ns          264109 1c00864a 00848e33 add              x28, x9, x8         x28=10000f98  x9:fffffffc  x8:10000f9c
15697544ns          264110 1c00864e 01600333 add              x6, x0, x22          x6=10000fcc x22:10000fcc
15697584ns          264112 1c008650 00188893 addi             x17, x17, 1         x17=00000001 x17:00000000
15697623ns          264114 1c008652 0158c0fb lp.setup         0x1, x17, 0x15      x17:00000001
15697643ns          264115 1c008656 004e278b p.lw             x15, 4(x28!)        x15=00000011 x28=10000f9c x28:10000f98  PA:10000f98
15697663ns          264116 1c00865a ffc3270b p.lw             x14, -4(x6!)        x14=0000001e  x6=10000fc8  x6:10000fcc  PA:10000fcc
15697683ns          264117 1c00865e 00279793 slli             x15, x15, 0x2       x15=00000044 x15:00000011
15697723ns          264119 1c008660 017787b3 add              x15, x15, x23       x15=10000e90 x15:00000044 x23:10000e4c
15697743ns          264120 1c008662 00271713 slli             x14, x14, 0x2       x14=00000078 x14:0000001e
15697763ns          264121 1c008664 0007a683 lw               x13, 0(x15)         x13=c13308d6 x15:10000e90  PA:10000e90
15697783ns          264122 1c008666 01770733 add              x14, x14, x23       x14=10000ec4 x14:00000078 x23:10000e4c
15697802ns          264123 1c008668 00072603 lw               x12, 0(x14)         x12=419b98d0 x14:10000ec4  PA:10000ec4
15697822ns          264124 1c00866a 10d57853 fmul.s           f16, f10, f13       f16=xxxxxxxx f10:3e47c5bd f13:c13308d6
15697842ns          264125 1c00866e 10c575d3 fmul.s           f11, f10, f12       f11=xxxxxxxx f10:3e47c5bd f12:419b98d0
15697862ns          264126 1c008672 80ccf643 fmadd.s          f12, f25, f12, f16  f12=xxxxxxxx f25:3f7b14be f12:419b98d0 f16:c00bb628
15697882ns          264127 1c008676 5876f6c3 fmadd.s          f13, f13, f7, f11   f13=xxxxxxxx f13:c13308d6  f7:bf7b14be f11:4072d7f2
15697902ns          264128 1c00867a 00c72023 sw               x12, 0(x14)         x12:418724aa x14:10000ec4  PA:10000ec4
15697922ns          264129 1c00867c 00d7a023 sw               x13, 0(x15)         x13:416c4e28 x15:10000e90  PA:10000e90
15697942ns          264130 1c00867e 053d5763 bge              x26, x19, 78        x26:00000002 x19:00000003
15697962ns          264131 1c008682 02412683 lw               x13, 36(x2)         x13=00000004  x2:10000dc8  PA:10000dec
15697981ns          264132 1c008684 219c93d3 fsgnjn.s         f7, f25, f25         f7=xxxxxxxx f25:3f7b14be f25:3f7b14be
15698001ns          264133 1c008688 ffc68893 addi             x17, x13, -4        x17=00000000 x13:00000004
15698021ns          264134 1c00868c 0028d893 srli             x17, x17, 0x2       x17=00000000 x17:00000000
15698061ns          264136 1c008690 20a51ed3 fsgnjn.s         f29, f10, f10       f29=xxxxxxxx f10:3e47c5bd f10:3e47c5bd
15698101ns          264138 1c008694 01648e33 add              x28, x9, x22        x28=10000fc8  x9:fffffffc x22:10000fcc
15698121ns          264139 1c008698 00800333 add              x6, x0, x8           x6=10000f9c  x8:10000f9c
15698141ns          264140 1c00869a 00188893 addi             x17, x17, 1         x17=00000001 x17:00000000
15698160ns          264141 1c00869c 0178c0fb lp.setup         0x1, x17, 0x17      x17:00000001
15698180ns          264142 1c0086a0 0043278b p.lw             x15, 4(x6!)         x15=00000012  x6=10000fa0  x6:10000f9c  PA:10000f9c
15698200ns          264143 1c0086a4 ffce270b p.lw             x14, -4(x28!)       x14=0000001d x28=10000fc4 x28:10000fc8  PA:10000fc8
15698220ns          264144 1c0086a8 00279793 slli             x15, x15, 0x2       x15=00000048 x15:00000012
15698240ns          264145 1c0086aa 00271713 slli             x14, x14, 0x2       x14=00000074 x14:0000001d
15698260ns          264146 1c0086ac 017787b3 add              x15, x15, x23       x15=10000e94 x15:00000048 x23:10000e4c
15698280ns          264147 1c0086ae 01770733 add              x14, x14, x23       x14=10000ec0 x14:00000074 x23:10000e4c
15698300ns          264148 1c0086b0 0007a683 lw               x13, 0(x15)         x13=41231d64 x15:10000e94  PA:10000e94
15698320ns          264149 1c0086b2 00072603 lw               x12, 0(x14)         x12=40e89db2 x14:10000ec0  PA:10000ec0
15698340ns          264150 1c0086b4 1076f853 fmul.s           f16, f13, f7        f16=xxxxxxxx f13:41231d64  f7:bf7b14be
15698359ns          264151 1c0086b8 20c615d3 fsgnjn.s         f11, f12, f12       f11=xxxxxxxx f12:40e89db2 f12:40e89db2
15698379ns          264152 1c0086bc 1195f5d3 fmul.s           f11, f11, f25       f11=xxxxxxxx f11:c0e89db2 f25:3f7b14be
15698419ns          264154 1c0086c0 80c57643 fmadd.s          f12, f10, f12, f16  f12=xxxxxxxx f10:3e47c5bd f12:40e89db2 f16:c11ffb08
15698459ns          264156 1c0086c4 59d6f6c3 fmadd.s          f13, f13, f29, f11  f13=xxxxxxxx f13:41231d64 f29:be47c5bd f11:c0e42576
15698479ns          264157 1c0086c8 00c72023 sw               x12, 0(x14)         x12:c1094a40 x14:10000ec0  PA:10000ec0
15698499ns          264158 1c0086ca 00d7a023 sw               x13, 0(x15)         x13:c111e531 x15:10000e94  PA:10000e94
15698519ns          264159 1c0086cc 00812703 lw               x14, 8(x2)          x14=00000004  x2:10000dc8  PA:10000dd0
15698558ns          264161 1c0086ce 01412783 lw               x15, 20(x2)         x15=00000010  x2:10000dc8  PA:10000ddc
15698578ns          264162 1c0086d0 00c12683 lw               x13, 12(x2)         x13=00000006  x2:10000dc8  PA:10000dd4
15698598ns          264163 1c0086d2 00ed0d33 add              x26, x26, x14       x26=00000006 x26:00000002 x14:00000004
15698618ns          264164 1c0086d4 001d8d93 addi             x27, x27, 1         x27=00000005 x27:00000004
15698638ns          264165 1c0086d6 00f40433 add              x8, x8, x15          x8=10000fac  x8:10000f9c x15:00000010
15698658ns          264166 1c0086d8 012b0b33 add              x22, x22, x18       x22=10000fbc x22:10000fcc x18:fffffff0
15698678ns          264167 1c0086da 014d09b3 add              x19, x26, x20       x19=00000007 x26:00000006 x20:00000001
15698698ns          264168 1c0086de f1b698e3 bne              x13, x27, -240      x13:00000006 x27:00000005
15698797ns          264173 1c0085ee 01812783 lw               x15, 24(x2)         x15=ffffffff  x2:10000dc8  PA:10000de0
15698837ns          264175 1c0085f0 00000713 addi             x14, x0, 0          x14=00000000
15698857ns          264176 1c0085f2 01a78ab3 add              x21, x15, x26       x21=00000005 x15:ffffffff x26:00000006
15698877ns          264177 1c0085f6 01b007b3 add              x15, x0, x27        x15=00000005 x27:00000005
15698896ns          264178 1c0085f8 00f006b3 add              x13, x0, x15        x13=00000005 x15:00000005
15698916ns          264179 1c0085fa fc1726b3 p.insert         x13, x14, 30, 1     x13=00000001 x13:00000005 x14:00000000
15698936ns          264180 1c0085fe 4017d793 srai             x15, x15, 0x401     x15=00000002 x15:00000005
15698956ns          264181 1c008600 00d00733 add              x14, x0, x13        x14=00000001 x13:00000001
15698976ns          264182 1c008602 fe079be3 bne              x15, x0, -10        x15:00000002
15699036ns          264185 1c0085f8 00f006b3 add              x13, x0, x15        x13=00000002 x15:00000002
15699056ns          264186 1c0085fa fc1726b3 p.insert         x13, x14, 30, 1     x13=00000002 x13:00000002 x14:00000001
15699075ns          264187 1c0085fe 4017d793 srai             x15, x15, 0x401     x15=00000001 x15:00000002
15699095ns          264188 1c008600 00d00733 add              x14, x0, x13        x14=00000002 x13:00000002
15699115ns          264189 1c008602 fe079be3 bne              x15, x0, -10        x15:00000001
15699175ns          264192 1c0085f8 00f006b3 add              x13, x0, x15        x13=00000001 x15:00000001
15699195ns          264193 1c0085fa fc1726b3 p.insert         x13, x14, 30, 1     x13=00000005 x13:00000001 x14:00000002
15699215ns          264194 1c0085fe 4017d793 srai             x15, x15, 0x401     x15=00000000 x15:00000001
15699235ns          264195 1c008600 00d00733 add              x14, x0, x13        x14=00000005 x13:00000005
15699254ns          264196 1c008602 fe079be3 bne              x15, x0, -10        x15:00000000
15699274ns          264197 1c008604 1c0007b7 lui              x15, 0x1c000000     x15=1c000000
15699294ns          264198 1c008608 d006f753 fcvt.s.w         f14, x13            f14=xxxxxxxx x13:00000005
15699314ns          264199 1c00860c 01c78793 addi             x15, x15, 28        x15=1c00001c x15:1c000000
15699334ns          264200 1c008610 0007a783 lw               x15, 0(x15)         x15=3ec90fdb x15:1c00001c  PA:1c00001c
15699652ns          264216 1c008612 01012683 lw               x13, 16(x2)         x13=40000000  x2:10000dc8  PA:10000dd8
15699672ns          264217 1c008614 10f77753 fmul.s           f14, f14, f15       f14=xxxxxxxx f14:40a00000 f15:3ec90fdb
15699692ns          264218 1c008618 18d77c53 fdiv.s           f24, f14, f13       f24=xxxxxxxx f14:3ffb53d2 f13:40000000
15699971ns          264232 1c00861c 01800533 add              x10, x0, x24        x10=3f7b53d2 x24:3f7b53d2
15699990ns          264233 1c00861e 7f6000ef jal              x1, 2038             x1=1c008622
15700030ns          264235 1c008e14 a0a527d3 feq.s            x15, f10, f10       x15=00000001 f10:3f7b53d2 f10:3f7b53d2
15700050ns          264236 1c008e18 0a078b63 beq              x15, x0, 182        x15:00000001
15700070ns          264237 1c008e1a e00517d3 fclass.s         x15, f10            x15=00000040 f10:3f7b53d2
15700090ns          264238 1c008e1e 0817f793 andi             x15, x15, 129       x15=00000000 x15:00000040
15700110ns          264239 1c008e22 0a079663 bne              x15, x0, 172        x15:00000000
15700130ns          264240 1c008e24 00000793 addi             x15, x0, 0          x15=00000000
15700150ns          264241 1c008e28 a0f517d3 flt.s            x15, f10, f15       x15=00000000 f10:3f7b53d2 f15:00000000
15700169ns          264242 1c008e2c 0a079663 bne              x15, x0, 172        x15:00000000
15700189ns          264243 1c008e2e 1c000737 lui              x14, 0x1c000000     x14=1c000000
15700209ns          264244 1c008e32 16072783 lw               x15, 352(x14)       x15=40c90fdb x14:1c000000  PA:1c000160
15700527ns          264260 1c008e36 a0a797d3 flt.s            x15, f15, f10       x15=00000000 f15:40c90fdb f10:3f7b53d2
15700547ns          264261 1c008e3a 00078b63 beq              x15, x0, 22         x15:00000000
15700607ns          264264 1c008e50 00000793 addi             x15, x0, 0          x15=00000000
15700627ns          264265 1c008e54 a0f517d3 flt.s            x15, f10, f15       x15=00000000 f10:3f7b53d2 f15:00000000
15700647ns          264266 1c008e58 08079a63 bne              x15, x0, 148        x15:00000000
15700667ns          264267 1c008e5a 1c0007b7 lui              x15, 0x1c000000     x15=1c000000
15700726ns          264270 1c008e5e 0207a783 lw               x15, 32(x15)        x15=3fc90fdb x15:1c000000  PA:1c000020
15701084ns          264288 1c008e62 a0f517d3 flt.s            x15, f10, f15       x15=00000001 f10:3f7b53d2 f15:3fc90fdb
15701104ns          264289 1c008e66 02079563 bne              x15, x0, 42         x15:00000001
15701164ns          264292 1c008e90 10a57553 fmul.s           f10, f10, f10       f10=xxxxxxxx f10:3f7b53d2 f10:3f7b53d2
15701184ns          264293 1c008e94 1c0007b7 lui              x15, 0x1c000000     x15=1c000000
15701204ns          264294 1c008e98 1c000737 lui              x14, 0x1c000000     x14=1c000000
15701224ns          264295 1c008e9c 16872703 lw               x14, 360(x14)       x14=bab59551 x14:1c000000  PA:1c000168
15701522ns          264310 1c008ea0 1647a783 lw               x15, 356(x15)       x15=37c23ab1 x15:1c000000  PA:1c000164
15701840ns          264326 1c008ea4 70f577c3 fmadd.s          f15, f10, f15, f14  f15=xxxxxxxx f10:3f76bd79 f15:37c23ab1 f14:bab59551
15701860ns          264327 1c008ea8 1c000737 lui              x14, 0x1c000000     x14=1c000000
15701880ns          264328 1c008eac 16c72703 lw               x14, 364(x14)       x14=3d2aa76f x14:1c000000  PA:1c00016c
15702198ns          264344 1c008eb0 70f577c3 fmadd.s          f15, f10, f15, f14  f15=xxxxxxxx f10:3f76bd79 f15:bab2a880 f14:3d2aa76f
15702218ns          264345 1c008eb4 1c000737 lui              x14, 0x1c000000     x14=1c000000
15702238ns          264346 1c008eb8 17072703 lw               x14, 368(x14)       x14=beffffe0 x14:1c000000  PA:1c000170
15702556ns          264362 1c008ebc 70f577c3 fmadd.s          f15, f10, f15, f14  f15=xxxxxxxx f10:3f76bd79 f15:3d2545de f14:beffffe0
15702576ns          264363 1c008ec0 1c000737 lui              x14, 0x1c000000     x14=1c000000
15702596ns          264364 1c008ec4 19c72703 lw               x14, 412(x14)       x14=3f7fffff x14:1c000000  PA:1c00019c
15702914ns          264380 1c008ec8 70f57543 fmadd.s          f10, f10, f15, f14  f10=xxxxxxxx f10:3f76bd79 f15:beec1671 f14:3f7fffff
15702934ns          264381 1c008ecc 00008067 jalr             x0, x1, 0            x1:1c008622
15702994ns          264384 1c008622 1c000737 lui              x14, 0x1c000000     x14=1c000000
15703014ns          264385 1c008626 02070713 addi             x14, x14, 32        x14=1c000020 x14:1c000000
15703034ns          264386 1c00862a 00072703 lw               x14, 0(x14)         x14=3fc90fdb x14:1c000020  PA:1c000020
15703372ns          264403 1c00862c 00a00cb3 add              x25, x0, x10        x25=3f0e39d9 x10:3f0e39d9
15703392ns          264404 1c00862e 09877553 fsub.s           f10, f14, f24       f10=xxxxxxxx f14:3fc90fdb f24:3f7b53d2
15703412ns          264405 1c008632 7e2000ef jal              x1, 2018             x1=1c008636
15703451ns          264407 1c008e14 a0a527d3 feq.s            x15, f10, f10       x15=00000001 f10:3f16cbe4 f10:3f16cbe4
15703471ns          264408 1c008e18 0a078b63 beq              x15, x0, 182        x15:00000001
15703491ns          264409 1c008e1a e00517d3 fclass.s         x15, f10            x15=00000040 f10:3f16cbe4
15703511ns          264410 1c008e1e 0817f793 andi             x15, x15, 129       x15=00000000 x15:00000040
15703531ns          264411 1c008e22 0a079663 bne              x15, x0, 172        x15:00000000
15703551ns          264412 1c008e24 00000793 addi             x15, x0, 0          x15=00000000
15703571ns          264413 1c008e28 a0f517d3 flt.s            x15, f10, f15       x15=00000000 f10:3f16cbe4 f15:00000000
15703591ns          264414 1c008e2c 0a079663 bne              x15, x0, 172        x15:00000000
15703611ns          264415 1c008e2e 1c000737 lui              x14, 0x1c000000     x14=1c000000
15703630ns          264416 1c008e32 16072783 lw               x15, 352(x14)       x15=40c90fdb x14:1c000000  PA:1c000160
15703949ns          264432 1c008e36 a0a797d3 flt.s            x15, f15, f10       x15=00000000 f15:40c90fdb f10:3f16cbe4
15703969ns          264433 1c008e3a 00078b63 beq              x15, x0, 22         x15:00000000
15704028ns          264436 1c008e50 00000793 addi             x15, x0, 0          x15=00000000
15704048ns          264437 1c008e54 a0f517d3 flt.s            x15, f10, f15       x15=00000000 f10:3f16cbe4 f15:00000000
15704068ns          264438 1c008e58 08079a63 bne              x15, x0, 148        x15:00000000
15704088ns          264439 1c008e5a 1c0007b7 lui              x15, 0x1c000000     x15=1c000000
15704108ns          264440 1c008e5e 0207a783 lw               x15, 32(x15)        x15=3fc90fdb x15:1c000000  PA:1c000020
15704446ns          264457 1c008e62 a0f517d3 flt.s            x15, f10, f15       x15=00000001 f10:3f16cbe4 f15:3fc90fdb
15704466ns          264458 1c008e66 02079563 bne              x15, x0, 42         x15:00000001
15704526ns          264461 1c008e90 10a57553 fmul.s           f10, f10, f10       f10=xxxxxxxx f10:3f16cbe4 f10:3f16cbe4
15704545ns          264462 1c008e94 1c0007b7 lui              x15, 0x1c000000     x15=1c000000
15704565ns          264463 1c008e98 1c000737 lui              x14, 0x1c000000     x14=1c000000
15704585ns          264464 1c008e9c 16872703 lw               x14, 360(x14)       x14=bab59551 x14:1c000000  PA:1c000168
15704884ns          264479 1c008ea0 1647a783 lw               x15, 356(x15)       x15=37c23ab1 x15:1c000000  PA:1c000164
15705202ns          264495 1c008ea4 70f577c3 fmadd.s          f15, f10, f15, f14  f15=xxxxxxxx f10:3eb1a723 f15:37c23ab1 f14:bab59551
15705222ns          264496 1c008ea8 1c000737 lui              x14, 0x1c000000     x14=1c000000
15705242ns          264497 1c008eac 16c72703 lw               x14, 364(x14)       x14=3d2aa76f x14:1c000000  PA:1c00016c
15705560ns          264513 1c008eb0 70f577c3 fmadd.s          f15, f10, f15, f14  f15=xxxxxxxx f10:3eb1a723 f15:bab487be f14:3d2aa76f
15705580ns          264514 1c008eb4 1c000737 lui              x14, 0x1c000000     x14=1c000000
15705600ns          264515 1c008eb8 17072703 lw               x14, 368(x14)       x14=beffffe0 x14:1c000000  PA:1c000170
15705938ns          264532 1c008ebc 70f577c3 fmadd.s          f15, f10, f15, f14  f15=xxxxxxxx f10:3eb1a723 f15:3d28b250 f14:beffffe0
15705958ns          264533 1c008ec0 1c000737 lui              x14, 0x1c000000     x14=1c000000
15705978ns          264534 1c008ec4 19c72703 lw               x14, 412(x14)       x14=3f7fffff x14:1c000000  PA:1c00019c
15706316ns          264551 1c008ec8 70f57543 fmadd.s          f10, f10, f15, f14  f10=xxxxxxxx f10:3eb1a723 f15:bef8aec9 f14:3f7fffff
15706336ns          264552 1c008ecc 00008067 jalr             x0, x1, 0            x1:1c008636
15706395ns          264555 1c008636 05aad463 bge              x21, x26, 72        x21:00000005 x26:00000006
15706415ns          264556 1c00863a 02012783 lw               x15, 32(x2)         x15=00000000  x2:10000dc8  PA:10000de8
15706435ns          264557 1c00863c 219c93d3 fsgnjn.s         f7, f25, f25         f7=xxxxxxxx f25:3f0e39d9 f25:3f0e39d9
15706455ns          264558 1c008640 409788b3 sub              x17, x15, x9        x17=00000004 x15:00000000  x9:fffffffc
15706475ns          264559 1c008644 ffc88893 addi             x17, x17, -4        x17=00000000 x17:00000004
15706495ns          264560 1c008646 0028d893 srli             x17, x17, 0x2       x17=00000000 x17:00000000
15706515ns          264561 1c00864a 00848e33 add              x28, x9, x8         x28=10000fa8  x9:fffffffc  x8:10000fac
15706534ns          264562 1c00864e 01600333 add              x6, x0, x22          x6=10000fbc x22:10000fbc
15706554ns          264563 1c008650 00188893 addi             x17, x17, 1         x17=00000001 x17:00000000
15706574ns          264564 1c008652 0158c0fb lp.setup         0x1, x17, 0x15      x17:00000001
15706594ns          264565 1c008656 004e278b p.lw             x15, 4(x28!)        x15=00000015 x28=10000fac x28:10000fa8  PA:10000fa8
15706614ns          264566 1c00865a ffc3270b p.lw             x14, -4(x6!)        x14=0000001a  x6=10000fb8  x6:10000fbc  PA:10000fbc
15706634ns          264567 1c00865e 00279793 slli             x15, x15, 0x2       x15=00000054 x15:00000015
15706674ns          264569 1c008660 017787b3 add              x15, x15, x23       x15=10000ea0 x15:00000054 x23:10000e4c
15706694ns          264570 1c008662 00271713 slli             x14, x14, 0x2       x14=00000068 x14:0000001a
15706714ns          264571 1c008664 0007a683 lw               x13, 0(x15)         x13=3eb42188 x15:10000ea0  PA:10000ea0
15706733ns          264572 1c008666 01770733 add              x14, x14, x23       x14=10000eb4 x14:00000068 x23:10000e4c
15706753ns          264573 1c008668 00072603 lw               x12, 0(x14)         x12=bff70460 x14:10000eb4  PA:10000eb4
15706773ns          264574 1c00866a 10d57853 fmul.s           f16, f10, f13       f16=xxxxxxxx f10:3f54db32 f13:3eb42188
15706793ns          264575 1c00866e 10c575d3 fmul.s           f11, f10, f12       f11=xxxxxxxx f10:3f54db32 f12:bff70460
15706813ns          264576 1c008672 80ccf643 fmadd.s          f12, f25, f12, f16  f12=xxxxxxxx f25:3f0e39d9 f12:bff70460 f16:3e95c600
15706833ns          264577 1c008676 5876f6c3 fmadd.s          f13, f13, f7, f11   f13=xxxxxxxx f13:3eb42188  f7:bf0e39d9 f11:bfcd6320
15706853ns          264578 1c00867a 00c72023 sw               x12, 0(x14)         x12:bf47957d x14:10000eb4  PA:10000eb4
15706873ns          264579 1c00867c 00d7a023 sw               x13, 0(x15)         x13:bfe667f3 x15:10000ea0  PA:10000ea0
15706893ns          264580 1c00867e 053d5763 bge              x26, x19, 78        x26:00000006 x19:00000007
15706912ns          264581 1c008682 02412683 lw               x13, 36(x2)         x13=00000004  x2:10000dc8  PA:10000dec
15706932ns          264582 1c008684 219c93d3 fsgnjn.s         f7, f25, f25         f7=xxxxxxxx f25:3f0e39d9 f25:3f0e39d9
15706952ns          264583 1c008688 ffc68893 addi             x17, x13, -4        x17=00000000 x13:00000004
15706972ns          264584 1c00868c 0028d893 srli             x17, x17, 0x2       x17=00000000 x17:00000000
15706992ns          264585 1c008690 20a51ed3 fsgnjn.s         f29, f10, f10       f29=xxxxxxxx f10:3f54db32 f10:3f54db32
15707012ns          264586 1c008694 01648e33 add              x28, x9, x22        x28=10000fb8  x9:fffffffc x22:10000fbc
15707032ns          264587 1c008698 00800333 add              x6, x0, x8           x6=10000fac  x8:10000fac
15707052ns          264588 1c00869a 00188893 addi             x17, x17, 1         x17=00000001 x17:00000000
15707072ns          264589 1c00869c 0178c0fb lp.setup         0x1, x17, 0x17      x17:00000001
15707091ns          264590 1c0086a0 0043278b p.lw             x15, 4(x6!)         x15=00000016  x6=10000fb0  x6:10000fac  PA:10000fac
15707131ns          264592 1c0086a4 ffce270b p.lw             x14, -4(x28!)       x14=00000019 x28=10000fb4 x28:10000fb8  PA:10000fb8
15707151ns          264593 1c0086a8 00279793 slli             x15, x15, 0x2       x15=00000058 x15:00000016
15707171ns          264594 1c0086aa 00271713 slli             x14, x14, 0x2       x14=00000064 x14:00000019
15707191ns          264595 1c0086ac 017787b3 add              x15, x15, x23       x15=10000ea4 x15:00000058 x23:10000e4c
15707211ns          264596 1c0086ae 01770733 add              x14, x14, x23       x14=10000eb0 x14:00000064 x23:10000e4c
15707231ns          264597 1c0086b0 0007a683 lw               x13, 0(x15)         x13=c0521365 x15:10000ea4  PA:10000ea4
15707251ns          264598 1c0086b2 00072603 lw               x12, 0(x14)         x12=4012d4b4 x14:10000eb0  PA:10000eb0
15707270ns          264599 1c0086b4 1076f853 fmul.s           f16, f13, f7        f16=xxxxxxxx f13:c0521365  f7:bf0e39d9
15707290ns          264600 1c0086b8 20c615d3 fsgnjn.s         f11, f12, f12       f11=xxxxxxxx f12:4012d4b4 f12:4012d4b4
15707310ns          264601 1c0086bc 1195f5d3 fmul.s           f11, f11, f25       f11=xxxxxxxx f11:c012d4b4 f25:3f0e39d9
15707330ns          264602 1c0086c0 80c57643 fmadd.s          f12, f10, f12, f16  f12=xxxxxxxx f10:3f54db32 f12:4012d4b4 f16:3fe96c75
15707350ns          264603 1c0086c4 59d6f6c3 fmadd.s          f13, f13, f29, f11  f13=xxxxxxxx f13:c0521365 f29:bf54db32 f11:bfa32653
15707370ns          264604 1c0086c8 00c72023 sw               x12, 0(x14)         x12:406ecc18 x14:10000eb0  PA:10000eb0
15707390ns          264605 1c0086ca 00d7a023 sw               x13, 0(x15)         x13:3fba318c x15:10000ea4  PA:10000ea4
15707410ns          264606 1c0086cc 00812703 lw               x14, 8(x2)          x14=00000004  x2:10000dc8  PA:10000dd0
15707430ns          264607 1c0086ce 01412783 lw               x15, 20(x2)         x15=00000010  x2:10000dc8  PA:10000ddc
15707449ns          264608 1c0086d0 00c12683 lw               x13, 12(x2)         x13=00000006  x2:10000dc8  PA:10000dd4
15707469ns          264609 1c0086d2 00ed0d33 add              x26, x26, x14       x26=0000000a x26:00000006 x14:00000004
15707489ns          264610 1c0086d4 001d8d93 addi             x27, x27, 1         x27=00000006 x27:00000005
15707509ns          264611 1c0086d6 00f40433 add              x8, x8, x15          x8=10000fbc  x8:10000fac x15:00000010
15707529ns          264612 1c0086d8 012b0b33 add              x22, x22, x18       x22=10000fac x22:10000fbc x18:fffffff0
15707549ns          264613 1c0086da 014d09b3 add              x19, x26, x20       x19=0000000b x26:0000000a x20:00000001
15707569ns          264614 1c0086de f1b698e3 bne              x13, x27, -240      x13:00000006 x27:00000006
15707589ns          264615 1c0086e2 02c12883 lw               x17, 44(x2)         x17=00000004  x2:10000dc8  PA:10000df4
15707609ns          264616 1c0086e4 03012703 lw               x14, 48(x2)         x14=00000004  x2:10000dc8  PA:10000df8
15707648ns          264618 1c0086e6 dae8cde3 blt              x17, x14, -582      x17:00000004 x14:00000004
15707668ns          264619 1c0086ea 01c12783 lw               x15, 28(x2)         x15=00000010  x2:10000dc8  PA:10000de4
15707708ns          264621 1c0086ec 06f05363 bge              x0, x15, 102        x15:00000010
15707728ns          264622 1c0086f0 fff78893 addi             x17, x15, -1        x17=0000000f x15:00000010
15707748ns          264623 1c0086f4 02812683 lw               x13, 40(x2)         x13=10000f54  x2:10000dc8  PA:10000df0
15707768ns          264624 1c0086f6 00279813 slli             x16, x15, 0x2       x16=00000040 x15:00000010
15707788ns          264625 1c0086fa 0028d893 srli             x17, x17, 0x2       x17=00000003 x17:0000000f
15707808ns          264626 1c0086fe 00378793 addi             x15, x15, 3         x15=00000013 x15:00000010
15707827ns          264627 1c008700 00400713 addi             x14, x0, 4          x14=00000004
15707847ns          264628 1c008702 00d80833 add              x16, x16, x13       x16=10000f94 x16:00000040 x13:10000f54
15707867ns          264629 1c008704 00188893 addi             x17, x17, 1         x17=00000004 x17:00000003
15707887ns          264630 1c008706 10e7c663 blt              x15, x14, 268       x15:00000013 x14:00000004
15707907ns          264631 1c00870a 0238c0fb lp.setup         0x1, x17, 0x23      x17:00000004
15707947ns          264633 1c00870e 00082683 lw               x13, 0(x16)         x13=00000010 x16:10000f94  PA:10000f94
15707987ns          264635 1c008712 00482603 lw               x12, 4(x16)         x12=00000011 x16:10000f94  PA:10000f98
15708006ns          264636 1c008716 00269693 slli             x13, x13, 0x2       x13=00000040 x13:00000010
15708026ns          264637 1c008718 00261613 slli             x12, x12, 0x2       x12=00000044 x12:00000011
15708046ns          264638 1c00871a 017686b3 add              x13, x13, x23       x13=10000e8c x13:00000040 x23:10000e4c
15708066ns          264639 1c00871c 01760633 add              x12, x12, x23       x12=10000e90 x12:00000044 x23:10000e4c
15708086ns          264640 1c00871e 0006a583 lw               x11, 0(x13)         x11=c00a0808 x13:10000e8c  PA:10000e8c
15708106ns          264641 1c008720 00062503 lw               x10, 0(x12)         x10=416c4e28 x12:10000e90  PA:10000e90
15708126ns          264642 1c008722 00c82703 lw               x14, 12(x16)        x14=00000013 x16:10000f94  PA:10000fa0
15708146ns          264643 1c008726 08a5f353 fsub.s           f6, f11, f10         f6=xxxxxxxx f11:c00a0808 f10:416c4e28
15708166ns          264644 1c00872a 00882783 lw               x15, 8(x16)         x15=00000012 x16:10000f94  PA:10000f9c
15708225ns          264647 1c00872e 00a5f5d3 fadd.s           f11, f11, f10       f11=xxxxxxxx f11:c00a0808 f10:416c4e28
15708265ns          264649 1c008732 00662023 sw               x6, 0(x12)           x6:c1876815 x12:10000e90  PA:10000e90
15708285ns          264650 1c008736 00271713 slli             x14, x14, 0x2       x14=0000004c x14:00000013
15708305ns          264651 1c008738 00279793 slli             x15, x15, 0x2       x15=00000048 x15:00000012
15708325ns          264652 1c00873a 00b6a023 sw               x11, 0(x13)         x11:4149cc26 x13:10000e8c  PA:10000e8c
15708345ns          264653 1c00873c 01770733 add              x14, x14, x23       x14=10000e98 x14:0000004c x23:10000e4c
15708364ns          264654 1c00873e 017787b3 add              x15, x15, x23       x15=10000e94 x15:00000048 x23:10000e4c
15708384ns          264655 1c008740 00072683 lw               x13, 0(x14)         x13=bf3f3b50 x14:10000e98  PA:10000e98
15708404ns          264656 1c008742 0007a603 lw               x12, 0(x15)         x12=c111e531 x15:10000e94  PA:10000e94
15708424ns          264657 1c008744 01080813 addi             x16, x16, 16        x16=10000fa4 x16:10000f94
15708444ns          264658 1c008746 00c6f5d3 fadd.s           f11, f13, f12       f11=xxxxxxxx f13:bf3f3b50 f12:c111e531
15708464ns          264659 1c00874a 08c6f6d3 fsub.s           f13, f13, f12       f13=xxxxxxxx f13:bf3f3b50 f12:c111e531
15708484ns          264660 1c00874e 00b72023 sw               x11, 0(x14)         x11:c11dd8e6 x14:10000e98  PA:10000e98
15708524ns          264662 1c008750 00d7a023 sw               x13, 0(x15)         x13:4105f17c x15:10000e94  PA:10000e94
15708583ns          264665 1c00870e 00082683 lw               x13, 0(x16)         x13=00000014 x16:10000fa4  PA:10000fa4
15708603ns          264666 1c008712 00482603 lw               x12, 4(x16)         x12=00000015 x16:10000fa4  PA:10000fa8
15708623ns          264667 1c008716 00269693 slli             x13, x13, 0x2       x13=00000050 x13:00000014
15708643ns          264668 1c008718 00261613 slli             x12, x12, 0x2       x12=00000054 x12:00000015
15708663ns          264669 1c00871a 017686b3 add              x13, x13, x23       x13=10000e9c x13:00000050 x23:10000e4c
15708683ns          264670 1c00871c 01760633 add              x12, x12, x23       x12=10000ea0 x12:00000054 x23:10000e4c
15708703ns          264671 1c00871e 0006a583 lw               x11, 0(x13)         x11=c014a823 x13:10000e9c  PA:10000e9c
15708722ns          264672 1c008720 00062503 lw               x10, 0(x12)         x10=bfe667f3 x12:10000ea0  PA:10000ea0
15708742ns          264673 1c008722 00c82703 lw               x14, 12(x16)        x14=00000017 x16:10000fa4  PA:10000fb0
15708762ns          264674 1c008726 08a5f353 fsub.s           f6, f11, f10         f6=xxxxxxxx f11:c014a823 f10:bfe667f3
15708782ns          264675 1c00872a 00882783 lw               x15, 8(x16)         x15=00000016 x16:10000fa4  PA:10000fac
15708802ns          264676 1c00872e 00a5f5d3 fadd.s           f11, f11, f10       f11=xxxxxxxx f11:c014a823 f10:bfe667f3
15708822ns          264677 1c008732 00662023 sw               x6, 0(x12)           x6:bf05d0a6 x12:10000ea0  PA:10000ea0
15708842ns          264678 1c008736 00271713 slli             x14, x14, 0x2       x14=0000005c x14:00000017
15708862ns          264679 1c008738 00279793 slli             x15, x15, 0x2       x15=00000058 x15:00000016
15708882ns          264680 1c00873a 00b6a023 sw               x11, 0(x13)         x11:c083ee0e x13:10000e9c  PA:10000e9c
15708901ns          264681 1c00873c 01770733 add              x14, x14, x23       x14=10000ea8 x14:0000005c x23:10000e4c
15708921ns          264682 1c00873e 017787b3 add              x15, x15, x23       x15=10000ea4 x15:00000058 x23:10000e4c
15708941ns          264683 1c008740 00072683 lw               x13, 0(x14)         x13=3ffb798e x14:10000ea8  PA:10000ea8
15708961ns          264684 1c008742 0007a603 lw               x12, 0(x15)         x12=3fba318c x15:10000ea4  PA:10000ea4
15708981ns          264685 1c008744 01080813 addi             x16, x16, 16        x16=10000fb4 x16:10000fa4
15709001ns          264686 1c008746 00c6f5d3 fadd.s           f11, f13, f12       f11=xxxxxxxx f13:3ffb798e f12:3fba318c
15709021ns          264687 1c00874a 08c6f6d3 fsub.s           f13, f13, f12       f13=xxxxxxxx f13:3ffb798e f12:3fba318c
15709041ns          264688 1c00874e 00b72023 sw               x11, 0(x14)         x11:405ad58d x14:10000ea8  PA:10000ea8
15709061ns          264689 1c008750 00d7a023 sw               x13, 0(x15)         x13:3f029004 x15:10000ea4  PA:10000ea4
15709100ns          264691 1c00870e 00082683 lw               x13, 0(x16)         x13=00000018 x16:10000fb4  PA:10000fb4
15709120ns          264692 1c008712 00482603 lw               x12, 4(x16)         x12=00000019 x16:10000fb4  PA:10000fb8
15709140ns          264693 1c008716 00269693 slli             x13, x13, 0x2       x13=00000060 x13:00000018
15709160ns          264694 1c008718 00261613 slli             x12, x12, 0x2       x12=00000064 x12:00000019
15709180ns          264695 1c00871a 017686b3 add              x13, x13, x23       x13=10000eac x13:00000060 x23:10000e4c
15709200ns          264696 1c00871c 01760633 add              x12, x12, x23       x12=10000eb0 x12:00000064 x23:10000e4c
15709220ns          264697 1c00871e 0006a583 lw               x11, 0(x13)         x11=417a3ef9 x13:10000eac  PA:10000eac
15709240ns          264698 1c008720 00062503 lw               x10, 0(x12)         x10=406ecc18 x12:10000eb0  PA:10000eb0
15709260ns          264699 1c008722 00c82703 lw               x14, 12(x16)        x14=0000001b x16:10000fb4  PA:10000fc0
15709279ns          264700 1c008726 08a5f353 fsub.s           f6, f11, f10         f6=xxxxxxxx f11:417a3ef9 f10:406ecc18
15709299ns          264701 1c00872a 00882783 lw               x15, 8(x16)         x15=0000001a x16:10000fb4  PA:10000fbc
15709319ns          264702 1c00872e 00a5f5d3 fadd.s           f11, f11, f10       f11=xxxxxxxx f11:417a3ef9 f10:406ecc18
15709339ns          264703 1c008732 00662023 sw               x6, 0(x12)           x6:413e8bf3 x12:10000eb0  PA:10000eb0
15709359ns          264704 1c008736 00271713 slli             x14, x14, 0x2       x14=0000006c x14:0000001b
15709379ns          264705 1c008738 00279793 slli             x15, x15, 0x2       x15=00000068 x15:0000001a
15709399ns          264706 1c00873a 00b6a023 sw               x11, 0(x13)         x11:419af900 x13:10000eac  PA:10000eac
15709419ns          264707 1c00873c 01770733 add              x14, x14, x23       x14=10000eb8 x14:0000006c x23:10000e4c
15709439ns          264708 1c00873e 017787b3 add              x15, x15, x23       x15=10000eb4 x15:00000068 x23:10000e4c
15709458ns          264709 1c008740 00072683 lw               x13, 0(x14)         x13=417083bb x14:10000eb8  PA:10000eb8
15709478ns          264710 1c008742 0007a603 lw               x12, 0(x15)         x12=bf47957d x15:10000eb4  PA:10000eb4
15709498ns          264711 1c008744 01080813 addi             x16, x16, 16        x16=10000fc4 x16:10000fb4
15709518ns          264712 1c008746 00c6f5d3 fadd.s           f11, f13, f12       f11=xxxxxxxx f13:417083bb f12:bf47957d
15709538ns          264713 1c00874a 08c6f6d3 fsub.s           f13, f13, f12       f13=xxxxxxxx f13:417083bb f12:bf47957d
15709558ns          264714 1c00874e 00b72023 sw               x11, 0(x14)         x11:41640a63 x14:10000eb8  PA:10000eb8
15709578ns          264715 1c008750 00d7a023 sw               x13, 0(x15)         x13:417cfd13 x15:10000eb4  PA:10000eb4
15709618ns          264717 1c00870e 00082683 lw               x13, 0(x16)         x13=0000001c x16:10000fc4  PA:10000fc4
15709637ns          264718 1c008712 00482603 lw               x12, 4(x16)         x12=0000001d x16:10000fc4  PA:10000fc8
15709657ns          264719 1c008716 00269693 slli             x13, x13, 0x2       x13=00000070 x13:0000001c
15709677ns          264720 1c008718 00261613 slli             x12, x12, 0x2       x12=00000074 x12:0000001d
15709697ns          264721 1c00871a 017686b3 add              x13, x13, x23       x13=10000ebc x13:00000070 x23:10000e4c
15709717ns          264722 1c00871c 01760633 add              x12, x12, x23       x12=10000ec0 x12:00000074 x23:10000e4c
15709737ns          264723 1c00871e 0006a583 lw               x11, 0(x13)         x11=c16b46b0 x13:10000ebc  PA:10000ebc
15709757ns          264724 1c008720 00062503 lw               x10, 0(x12)         x10=c1094a40 x12:10000ec0  PA:10000ec0
15709777ns          264725 1c008722 00c82703 lw               x14, 12(x16)        x14=0000001f x16:10000fc4  PA:10000fd0
15709797ns          264726 1c008726 08a5f353 fsub.s           f6, f11, f10         f6=xxxxxxxx f11:c16b46b0 f10:c1094a40
15709816ns          264727 1c00872a 00882783 lw               x15, 8(x16)         x15=0000001e x16:10000fc4  PA:10000fcc
15709836ns          264728 1c00872e 00a5f5d3 fadd.s           f11, f11, f10       f11=xxxxxxxx f11:c16b46b0 f10:c1094a40
15709856ns          264729 1c008732 00662023 sw               x6, 0(x12)           x6:c0c3f8e0 x12:10000ec0  PA:10000ec0
15709876ns          264730 1c008736 00271713 slli             x14, x14, 0x2       x14=0000007c x14:0000001f
15709896ns          264731 1c008738 00279793 slli             x15, x15, 0x2       x15=00000078 x15:0000001e
15709916ns          264732 1c00873a 00b6a023 sw               x11, 0(x13)         x11:c1ba4878 x13:10000ebc  PA:10000ebc
15709936ns          264733 1c00873c 01770733 add              x14, x14, x23       x14=10000ec8 x14:0000007c x23:10000e4c
15709956ns          264734 1c00873e 017787b3 add              x15, x15, x23       x15=10000ec4 x15:00000078 x23:10000e4c
15709976ns          264735 1c008740 00072683 lw               x13, 0(x14)         x13=410412ac x14:10000ec8  PA:10000ec8
15709995ns          264736 1c008742 0007a603 lw               x12, 0(x15)         x12=418724aa x15:10000ec4  PA:10000ec4
15710015ns          264737 1c008744 01080813 addi             x16, x16, 16        x16=10000fd4 x16:10000fc4
15710035ns          264738 1c008746 00c6f5d3 fadd.s           f11, f13, f12       f11=xxxxxxxx f13:410412ac f12:418724aa
15710055ns          264739 1c00874a 08c6f6d3 fsub.s           f13, f13, f12       f13=xxxxxxxx f13:410412ac f12:418724aa
15710075ns          264740 1c00874e 00b72023 sw               x11, 0(x14)         x11:41c92e00 x14:10000ec8  PA:10000ec8
15710095ns          264741 1c008750 00d7a023 sw               x13, 0(x15)         x13:c10a36a8 x15:10000ec4  PA:10000ec4
15710115ns          264742 1c008752 03c12703 lw               x14, 60(x2)         x14=00000008  x2:10000dc8  PA:10000e04
15710155ns          264744 1c008754 08e05963 bge              x0, x14, 146        x14:00000008
15710175ns          264745 1c008758 03412783 lw               x15, 52(x2)         x15=00000020  x2:10000dc8  PA:10000dfc
15710194ns          264746 1c00875a 01c12b03 lw               x22, 28(x2)         x22=00000010  x2:10000dc8  PA:10000de4
15710214ns          264747 1c00875c 00279c13 slli             x24, x15, 0x2       x24=00000080 x15:00000020
15710234ns          264748 1c008760 1c000737 lui              x14, 0x1c000000     x14=1c000000
15710254ns          264749 1c008764 1c0007b7 lui              x15, 0x1c000000     x15=1c000000
15710274ns          264750 1c008768 02472a03 lw               x20, 36(x14)        x20=3f490fdb x14:1c000000  PA:1c000024
15710572ns          264765 1c00876c 0207a903 lw               x18, 32(x15)        x18=3fc90fdb x15:1c000000  PA:1c000020
15710871ns          264780 1c008770 02812703 lw               x14, 40(x2)         x14=10000f54  x2:10000dc8  PA:10000df0
15710891ns          264781 1c008772 03c12783 lw               x15, 60(x2)         x15=00000008  x2:10000dc8  PA:10000e04
15710910ns          264782 1c008774 d00b79d3 fcvt.s.w         f19, x22            f19=xxxxxxxx x22:00000010
15710930ns          264783 1c008778 002b1693 slli             x13, x22, 0x2       x13=00000040 x22:00000010
15710950ns          264784 1c00877c ffcc0c13 addi             x24, x24, -4        x24=0000007c x24:00000080
15710990ns          264786 1c00877e 00d70cb3 add              x25, x14, x13       x25=10000f94 x14:10000f54 x13:00000040
15711010ns          264787 1c008782 00ec0c33 add              x24, x24, x14       x24=10000fd0 x24:0000007c x14:10000f54
15711030ns          264788 1c008784 01678ab3 add              x21, x15, x22       x21=00000018 x15:00000008 x22:00000010
15711050ns          264789 1c008788 016007b3 add              x15, x0, x22        x15=00000010 x22:00000010
15711070ns          264790 1c00878a 060b0d63 beq              x22, x0, 122        x22:00000010
15711089ns          264791 1c00878e 00000713 addi             x14, x0, 0          x14=00000000
15711129ns          264793 1c008790 00f006b3 add              x13, x0, x15        x13=00000010 x15:00000010
15711169ns          264795 1c008792 fc1726b3 p.insert         x13, x14, 30, 1     x13=00000000 x13:00000010 x14:00000000
15711189ns          264796 1c008796 4017d793 srai             x15, x15, 0x401     x15=00000008 x15:00000010
15711209ns          264797 1c008798 00d00733 add              x14, x0, x13        x14=00000000 x13:00000000
15711229ns          264798 1c00879a fe079be3 bne              x15, x0, -10        x15:00000008
15711308ns          264802 1c008790 00f006b3 add              x13, x0, x15        x13=00000008 x15:00000008
15711328ns          264803 1c008792 fc1726b3 p.insert         x13, x14, 30, 1     x13=00000000 x13:00000008 x14:00000000
15711348ns          264804 1c008796 4017d793 srai             x15, x15, 0x401     x15=00000004 x15:00000008
15711368ns          264805 1c008798 00d00733 add              x14, x0, x13        x14=00000000 x13:00000000
15711388ns          264806 1c00879a fe079be3 bne              x15, x0, -10        x15:00000004
15711448ns          264809 1c008790 00f006b3 add              x13, x0, x15        x13=00000004 x15:00000004
15711467ns          264810 1c008792 fc1726b3 p.insert         x13, x14, 30, 1     x13=00000000 x13:00000004 x14:00000000
15711487ns          264811 1c008796 4017d793 srai             x15, x15, 0x401     x15=00000002 x15:00000004
15711507ns          264812 1c008798 00d00733 add              x14, x0, x13        x14=00000000 x13:00000000
15711527ns          264813 1c00879a fe079be3 bne              x15, x0, -10        x15:00000002
15711587ns          264816 1c008790 00f006b3 add              x13, x0, x15        x13=00000002 x15:00000002
15711607ns          264817 1c008792 fc1726b3 p.insert         x13, x14, 30, 1     x13=00000000 x13:00000002 x14:00000000
15711627ns          264818 1c008796 4017d793 srai             x15, x15, 0x401     x15=00000001 x15:00000002
15711646ns          264819 1c008798 00d00733 add              x14, x0, x13        x14=00000000 x13:00000000
15711666ns          264820 1c00879a fe079be3 bne              x15, x0, -10        x15:00000001
15711726ns          264823 1c008790 00f006b3 add              x13, x0, x15        x13=00000001 x15:00000001
15711746ns          264824 1c008792 fc1726b3 p.insert         x13, x14, 30, 1     x13=00000001 x13:00000001 x14:00000000
15711766ns          264825 1c008796 4017d793 srai             x15, x15, 0x401     x15=00000000 x15:00000001
15711786ns          264826 1c008798 00d00733 add              x14, x0, x13        x14=00000001 x13:00000001
15711806ns          264827 1c00879a fe079be3 bne              x15, x0, -10        x15:00000000
15711825ns          264828 1c00879c d006f453 fcvt.s.w         f8, x13              f8=xxxxxxxx x13:00000001
15711845ns          264829 1c0087a0 11447453 fmul.s           f8, f8, f20          f8=xxxxxxxx  f8:3f800000 f20:3f490fdb
15711865ns          264830 1c0087a4 19347453 fdiv.s           f8, f8, f19          f8=xxxxxxxx  f8:3f490fdb f19:41800000
15712144ns          264844 1c0087a8 00800533 add              x10, x0, x8         x10=3d490fdb  x8:3d490fdb
15712164ns          264845 1c0087aa 66a000ef jal              x1, 1642             x1=1c0087ac
15712243ns          264849 1c008e14 a0a527d3 feq.s            x15, f10, f10       x15=00000001 f10:3d490fdb f10:3d490fdb
15712283ns          264851 1c008e18 0a078b63 beq              x15, x0, 182        x15:00000001
15712303ns          264852 1c008e1a e00517d3 fclass.s         x15, f10            x15=00000040 f10:3d490fdb
15712362ns          264855 1c008e1e 0817f793 andi             x15, x15, 129       x15=00000000 x15:00000040
15712382ns          264856 1c008e22 0a079663 bne              x15, x0, 172        x15:00000000
15712402ns          264857 1c008e24 00000793 addi             x15, x0, 0          x15=00000000
15712422ns          264858 1c008e28 a0f517d3 flt.s            x15, f10, f15       x15=00000000 f10:3d490fdb f15:00000000
15712442ns          264859 1c008e2c 0a079663 bne              x15, x0, 172        x15:00000000
15712502ns          264862 1c008e2e 1c000737 lui              x14, 0x1c000000     x14=1c000000
15712542ns          264864 1c008e32 16072783 lw               x15, 352(x14)       x15=40c90fdb x14:1c000000  PA:1c000160
15712860ns          264880 1c008e36 a0a797d3 flt.s            x15, f15, f10       x15=00000000 f15:40c90fdb f10:3d490fdb
15712880ns          264881 1c008e3a 00078b63 beq              x15, x0, 22         x15:00000000
15712939ns          264884 1c008e50 00000793 addi             x15, x0, 0          x15=00000000
15712959ns          264885 1c008e54 a0f517d3 flt.s            x15, f10, f15       x15=00000000 f10:3d490fdb f15:00000000
15712979ns          264886 1c008e58 08079a63 bne              x15, x0, 148        x15:00000000
15712999ns          264887 1c008e5a 1c0007b7 lui              x15, 0x1c000000     x15=1c000000
15713019ns          264888 1c008e5e 0207a783 lw               x15, 32(x15)        x15=3fc90fdb x15:1c000000  PA:1c000020
15713337ns          264904 1c008e62 a0f517d3 flt.s            x15, f10, f15       x15=00000001 f10:3d490fdb f15:3fc90fdb
15713357ns          264905 1c008e66 02079563 bne              x15, x0, 42         x15:00000001
15713417ns          264908 1c008e90 10a57553 fmul.s           f10, f10, f10       f10=xxxxxxxx f10:3d490fdb f10:3d490fdb
15713437ns          264909 1c008e94 1c0007b7 lui              x15, 0x1c000000     x15=1c000000
15713456ns          264910 1c008e98 1c000737 lui              x14, 0x1c000000     x14=1c000000
15713476ns          264911 1c008e9c 16872703 lw               x14, 360(x14)       x14=bab59551 x14:1c000000  PA:1c000168
15713815ns          264928 1c008ea0 1647a783 lw               x15, 356(x15)       x15=37c23ab1 x15:1c000000  PA:1c000164
15714153ns          264945 1c008ea4 70f577c3 fmadd.s          f15, f10, f15, f14  f15=xxxxxxxx f10:3b1de9e7 f15:37c23ab1 f14:bab59551
15714173ns          264946 1c008ea8 1c000737 lui              x14, 0x1c000000     x14=1c000000
15714192ns          264947 1c008eac 16c72703 lw               x14, 364(x14)       x14=3d2aa76f x14:1c000000  PA:1c00016c
15714511ns          264963 1c008eb0 70f577c3 fmadd.s          f15, f10, f15, f14  f15=xxxxxxxx f10:3b1de9e7 f15:bab59372 f14:3d2aa76f
15714531ns          264964 1c008eb4 1c000737 lui              x14, 0x1c000000     x14=1c000000
15714550ns          264965 1c008eb8 17072703 lw               x14, 368(x14)       x14=beffffe0 x14:1c000000  PA:1c000170
15714889ns          264982 1c008ebc 70f577c3 fmadd.s          f15, f10, f15, f14  f15=xxxxxxxx f10:3b1de9e7 f15:3d2aa3ef f14:beffffe0
15714909ns          264983 1c008ec0 1c000737 lui              x14, 0x1c000000     x14=1c000000
15714928ns          264984 1c008ec4 19c72703 lw               x14, 412(x14)       x14=3f7fffff x14:1c000000  PA:1c00019c
15715247ns          265000 1c008ec8 70f57543 fmadd.s          f10, f10, f15, f14  f10=xxxxxxxx f10:3b1de9e7 f15:befff2b8 f14:3f7fffff
15715267ns          265001 1c008ecc 00008067 jalr             x0, x1, 0            x1:1c0087ac
15715346ns          265005 1c0087ac 00a004b3 add              x9, x0, x10          x9=3f7fb10e x10:3f7fb10e
15715426ns          265009 1c0087ae 08897553 fsub.s           f10, f18, f8        f10=xxxxxxxx f18:3fc90fdb  f8:3d490fdb
15715446ns          265010 1c0087b2 001b0b13 addi             x22, x22, 1         x22=00000011 x22:00000010
15715465ns          265011 1c0087b4 660000ef jal              x1, 1632             x1=1c0087b6
15715505ns          265013 1c008e14 a0a527d3 feq.s            x15, f10, f10       x15=00000001 f10:3fc2c75c f10:3fc2c75c
15715525ns          265014 1c008e18 0a078b63 beq              x15, x0, 182        x15:00000001
15715545ns          265015 1c008e1a e00517d3 fclass.s         x15, f10            x15=00000040 f10:3fc2c75c
15715605ns          265018 1c008e1e 0817f793 andi             x15, x15, 129       x15=00000000 x15:00000040
15715625ns          265019 1c008e22 0a079663 bne              x15, x0, 172        x15:00000000
15715644ns          265020 1c008e24 00000793 addi             x15, x0, 0          x15=00000000
15715664ns          265021 1c008e28 a0f517d3 flt.s            x15, f10, f15       x15=00000000 f10:3fc2c75c f15:00000000
15715684ns          265022 1c008e2c 0a079663 bne              x15, x0, 172        x15:00000000
15715744ns          265025 1c008e2e 1c000737 lui              x14, 0x1c000000     x14=1c000000
15715784ns          265027 1c008e32 16072783 lw               x15, 352(x14)       x15=40c90fdb x14:1c000000  PA:1c000160
15716162ns          265046 1c008e36 a0a797d3 flt.s            x15, f15, f10       x15=00000000 f15:40c90fdb f10:3fc2c75c
15716182ns          265047 1c008e3a 00078b63 beq              x15, x0, 22         x15:00000000
15716281ns          265052 1c008e50 00000793 addi             x15, x0, 0          x15=00000000
15716321ns          265054 1c008e54 a0f517d3 flt.s            x15, f10, f15       x15=00000000 f10:3fc2c75c f15:00000000
15716341ns          265055 1c008e58 08079a63 bne              x15, x0, 148        x15:00000000
15716361ns          265056 1c008e5a 1c0007b7 lui              x15, 0x1c000000     x15=1c000000
15716380ns          265057 1c008e5e 0207a783 lw               x15, 32(x15)        x15=3fc90fdb x15:1c000000  PA:1c000020
15716719ns          265074 1c008e62 a0f517d3 flt.s            x15, f10, f15       x15=00000001 f10:3fc2c75c f15:3fc90fdb
15716738ns          265075 1c008e66 02079563 bne              x15, x0, 42         x15:00000001
15716798ns          265078 1c008e90 10a57553 fmul.s           f10, f10, f10       f10=xxxxxxxx f10:3fc2c75c f10:3fc2c75c
15716818ns          265079 1c008e94 1c0007b7 lui              x15, 0x1c000000     x15=1c000000
15716838ns          265080 1c008e98 1c000737 lui              x14, 0x1c000000     x14=1c000000
15716858ns          265081 1c008e9c 16872703 lw               x14, 360(x14)       x14=bab59551 x14:1c000000  PA:1c000168
15717156ns          265096 1c008ea0 1647a783 lw               x15, 356(x15)       x15=37c23ab1 x15:1c000000  PA:1c000164
15717474ns          265112 1c008ea4 70f577c3 fmadd.s          f15, f10, f15, f14  f15=xxxxxxxx f10:401432c3 f15:37c23ab1 f14:bab59551
15717494ns          265113 1c008ea8 1c000737 lui              x14, 0x1c000000     x14=1c000000
15717514ns          265114 1c008eac 16c72703 lw               x14, 364(x14)       x14=3d2aa76f x14:1c000000  PA:1c00016c
15717832ns          265130 1c008eb0 70f577c3 fmadd.s          f15, f10, f15, f14  f15=xxxxxxxx f10:401432c3 f15:baae8e4a f14:3d2aa76f
15717852ns          265131 1c008eb4 1c000737 lui              x14, 0x1c000000     x14=1c000000
15717872ns          265132 1c008eb8 17072703 lw               x14, 368(x14)       x14=beffffe0 x14:1c000000  PA:1c000170
15718190ns          265148 1c008ebc 70f577c3 fmadd.s          f15, f10, f15, f14  f15=xxxxxxxx f10:401432c3 f15:3d1e05d3 f14:beffffe0
15718210ns          265149 1c008ec0 1c000737 lui              x14, 0x1c000000     x14=1c000000
15718230ns          265150 1c008ec4 19c72703 lw               x14, 412(x14)       x14=3f7fffff x14:1c000000  PA:1c00019c
15718549ns          265166 1c008ec8 70f57543 fmadd.s          f10, f10, f15, f14  f10=xxxxxxxx f10:401432c3 f15:bed24286 f14:3f7fffff
15718568ns          265167 1c008ecc 00008067 jalr             x0, x1, 0            x1:1c0087b6
15718628ns          265170 1c0087b6 004ca78b p.lw             x15, 4(x25!)        x15=00000010 x25=10000f98 x25:10000f94  PA:10000f94
15718648ns          265171 1c0087ba ffcc270b p.lw             x14, -4(x24!)       x14=0000001f x24=10000fcc x24:10000fd0  PA:10000fd0
15718668ns          265172 1c0087be 00279793 slli             x15, x15, 0x2       x15=00000040 x15:00000010
15718708ns          265174 1c0087c0 017787b3 add              x15, x15, x23       x15=10000e8c x15:00000040 x23:10000e4c
15718728ns          265175 1c0087c2 00271713 slli             x14, x14, 0x2       x14=0000007c x14:0000001f
15718747ns          265176 1c0087c4 0007a583 lw               x11, 0(x15)         x11=4149cc26 x15:10000e8c  PA:10000e8c
15718767ns          265177 1c0087c6 01770733 add              x14, x14, x23       x14=10000ec8 x14:0000007c x23:10000e4c
15718787ns          265178 1c0087c8 00072683 lw               x13, 0(x14)         x13=41c92e00 x14:10000ec8  PA:10000ec8
15718807ns          265179 1c0087ca 20949653 fsgnjn.s         f12, f9, f9         f12=xxxxxxxx  f9:3f7fb10e  f9:3f7fb10e
15718847ns          265181 1c0087ce 10b67653 fmul.s           f12, f12, f11       f12=xxxxxxxx f12:bf7fb10e f11:4149cc26
15718887ns          265183 1c0087d2 10d4f4d3 fmul.s           f9, f9, f13          f9=xxxxxxxx  f9:3f7fb10e f13:41c92e00
15718907ns          265184 1c0087d6 60d576c3 fmadd.s          f13, f10, f13, f12  f13=xxxxxxxx f10:3d48fb1c f13:41c92e00 f12:c1498deb
15718926ns          265185 1c0087da 48b57543 fmadd.s          f10, f10, f11, f9   f10=xxxxxxxx f10:3d48fb1c f11:4149cc26  f9:41c8eff6
15718946ns          265186 1c0087de 00d72023 sw               x13, 0(x14)         x13:c135cfc2 x14:10000ec8  PA:10000ec8
15718986ns          265188 1c0087e0 00a7a023 sw               x10, 0(x15)         x10:41cde361 x15:10000e8c  PA:10000e8c
15719026ns          265190 1c0087e2 fb5b13e3 bne              x22, x21, -90       x22:00000011 x21:00000018
15719086ns          265193 1c008788 016007b3 add              x15, x0, x22        x15=00000011 x22:00000011
15719105ns          265194 1c00878a 060b0d63 beq              x22, x0, 122        x22:00000011
15719125ns          265195 1c00878e 00000713 addi             x14, x0, 0          x14=00000000
15719145ns          265196 1c008790 00f006b3 add              x13, x0, x15        x13=00000011 x15:00000011
15719165ns          265197 1c008792 fc1726b3 p.insert         x13, x14, 30, 1     x13=00000001 x13:00000011 x14:00000000
15719185ns          265198 1c008796 4017d793 srai             x15, x15, 0x401     x15=00000008 x15:00000011
15719205ns          265199 1c008798 00d00733 add              x14, x0, x13        x14=00000001 x13:00000001
15719225ns          265200 1c00879a fe079be3 bne              x15, x0, -10        x15:00000008
15719284ns          265203 1c008790 00f006b3 add              x13, x0, x15        x13=00000008 x15:00000008
15719304ns          265204 1c008792 fc1726b3 p.insert         x13, x14, 30, 1     x13=00000002 x13:00000008 x14:00000001
15719324ns          265205 1c008796 4017d793 srai             x15, x15, 0x401     x15=00000004 x15:00000008
15719344ns          265206 1c008798 00d00733 add              x14, x0, x13        x14=00000002 x13:00000002
15719364ns          265207 1c00879a fe079be3 bne              x15, x0, -10        x15:00000004
15719424ns          265210 1c008790 00f006b3 add              x13, x0, x15        x13=00000004 x15:00000004
15719444ns          265211 1c008792 fc1726b3 p.insert         x13, x14, 30, 1     x13=00000004 x13:00000004 x14:00000002
15719463ns          265212 1c008796 4017d793 srai             x15, x15, 0x401     x15=00000002 x15:00000004
15719483ns          265213 1c008798 00d00733 add              x14, x0, x13        x14=00000004 x13:00000004
15719503ns          265214 1c00879a fe079be3 bne              x15, x0, -10        x15:00000002
15719563ns          265217 1c008790 00f006b3 add              x13, x0, x15        x13=00000002 x15:00000002
15719583ns          265218 1c008792 fc1726b3 p.insert         x13, x14, 30, 1     x13=00000008 x13:00000002 x14:00000004
15719603ns          265219 1c008796 4017d793 srai             x15, x15, 0x401     x15=00000001 x15:00000002
15719623ns          265220 1c008798 00d00733 add              x14, x0, x13        x14=00000008 x13:00000008
15719643ns          265221 1c00879a fe079be3 bne              x15, x0, -10        x15:00000001
15719702ns          265224 1c008790 00f006b3 add              x13, x0, x15        x13=00000001 x15:00000001
15719722ns          265225 1c008792 fc1726b3 p.insert         x13, x14, 30, 1     x13=00000011 x13:00000001 x14:00000008
15719742ns          265226 1c008796 4017d793 srai             x15, x15, 0x401     x15=00000000 x15:00000001
15719762ns          265227 1c008798 00d00733 add              x14, x0, x13        x14=00000011 x13:00000011
15719782ns          265228 1c00879a fe079be3 bne              x15, x0, -10        x15:00000000
15719802ns          265229 1c00879c d006f453 fcvt.s.w         f8, x13              f8=xxxxxxxx x13:00000011
15719822ns          265230 1c0087a0 11447453 fmul.s           f8, f8, f20          f8=xxxxxxxx  f8:41880000 f20:3f490fdb
15719841ns          265231 1c0087a4 19347453 fdiv.s           f8, f8, f19          f8=xxxxxxxx  f8:4155a0d9 f19:41800000
15720120ns          265245 1c0087a8 00800533 add              x10, x0, x8         x10=3f55a0d9  x8:3f55a0d9
15720140ns          265246 1c0087aa 66a000ef jal              x1, 1642             x1=1c0087ac
15720180ns          265248 1c008e14 a0a527d3 feq.s            x15, f10, f10       x15=00000001 f10:3f55a0d9 f10:3f55a0d9
15720199ns          265249 1c008e18 0a078b63 beq              x15, x0, 182        x15:00000001
15720219ns          265250 1c008e1a e00517d3 fclass.s         x15, f10            x15=00000040 f10:3f55a0d9
15720239ns          265251 1c008e1e 0817f793 andi             x15, x15, 129       x15=00000000 x15:00000040
15720259ns          265252 1c008e22 0a079663 bne              x15, x0, 172        x15:00000000
15720279ns          265253 1c008e24 00000793 addi             x15, x0, 0          x15=00000000
15720299ns          265254 1c008e28 a0f517d3 flt.s            x15, f10, f15       x15=00000000 f10:3f55a0d9 f15:00000000
15720319ns          265255 1c008e2c 0a079663 bne              x15, x0, 172        x15:00000000
15720339ns          265256 1c008e2e 1c000737 lui              x14, 0x1c000000     x14=1c000000
15720359ns          265257 1c008e32 16072783 lw               x15, 352(x14)       x15=40c90fdb x14:1c000000  PA:1c000160
15720677ns          265273 1c008e36 a0a797d3 flt.s            x15, f15, f10       x15=00000000 f15:40c90fdb f10:3f55a0d9
15720697ns          265274 1c008e3a 00078b63 beq              x15, x0, 22         x15:00000000
15720756ns          265277 1c008e50 00000793 addi             x15, x0, 0          x15=00000000
15720776ns          265278 1c008e54 a0f517d3 flt.s            x15, f10, f15       x15=00000000 f10:3f55a0d9 f15:00000000
15720796ns          265279 1c008e58 08079a63 bne              x15, x0, 148        x15:00000000
15720816ns          265280 1c008e5a 1c0007b7 lui              x15, 0x1c000000     x15=1c000000
15720836ns          265281 1c008e5e 0207a783 lw               x15, 32(x15)        x15=3fc90fdb x15:1c000000  PA:1c000020
15721174ns          265298 1c008e62 a0f517d3 flt.s            x15, f10, f15       x15=00000001 f10:3f55a0d9 f15:3fc90fdb
15721194ns          265299 1c008e66 02079563 bne              x15, x0, 42         x15:00000001
15721254ns          265302 1c008e90 10a57553 fmul.s           f10, f10, f10       f10=xxxxxxxx f10:3f55a0d9 f10:3f55a0d9
15721274ns          265303 1c008e94 1c0007b7 lui              x15, 0x1c000000     x15=1c000000
15721293ns          265304 1c008e98 1c000737 lui              x14, 0x1c000000     x14=1c000000
15721313ns          265305 1c008e9c 16872703 lw               x14, 360(x14)       x14=bab59551 x14:1c000000  PA:1c000168
15721612ns          265320 1c008ea0 1647a783 lw               x15, 356(x15)       x15=37c23ab1 x15:1c000000  PA:1c000164
15721930ns          265336 1c008ea4 70f577c3 fmadd.s          f15, f10, f15, f14  f15=xxxxxxxx f10:3f32450e f15:37c23ab1 f14:bab59551
15721950ns          265337 1c008ea8 1c000737 lui              x14, 0x1c000000     x14=1c000000
15721970ns          265338 1c008eac 16c72703 lw               x14, 364(x14)       x14=3d2aa76f x14:1c000000  PA:1c00016c
15722348ns          265357 1c008eb0 70f577c3 fmadd.s          f15, f10, f15, f14  f15=xxxxxxxx f10:3f32450e f15:bab3784c f14:3d2aa76f
15722368ns          265358 1c008eb4 1c000737 lui              x14, 0x1c000000     x14=1c000000
15722387ns          265359 1c008eb8 17072703 lw               x14, 368(x14)       x14=beffffe0 x14:1c000000  PA:1c000170
15722706ns          265375 1c008ebc 70f577c3 fmadd.s          f15, f10, f15, f14  f15=xxxxxxxx f10:3f32450e f15:3d26bf9f f14:beffffe0
15722726ns          265376 1c008ec0 1c000737 lui              x14, 0x1c000000     x14=1c000000
15722745ns          265377 1c008ec4 19c72703 lw               x14, 412(x14)       x14=3f7fffff x14:1c000000  PA:1c00019c
15723064ns          265393 1c008ec8 70f57543 fmadd.s          f10, f10, f15, f14  f10=xxxxxxxx f10:3f32450e f15:bef17c19 f14:3f7fffff
15723084ns          265394 1c008ecc 00008067 jalr             x0, x1, 0            x1:1c0087ac
15723123ns          265396 1c0087ac 00a004b3 add              x9, x0, x10          x9=3f2beb48 x10:3f2beb48
15723143ns          265397 1c0087ae 08897553 fsub.s           f10, f18, f8        f10=xxxxxxxx f18:3fc90fdb  f8:3f55a0d9
15723163ns          265398 1c0087b2 001b0b13 addi             x22, x22, 1         x22=00000012 x22:00000011
15723183ns          265399 1c0087b4 660000ef jal              x1, 1632             x1=1c0087b6
15723223ns          265401 1c008e14 a0a527d3 feq.s            x15, f10, f10       x15=00000001 f10:3f3c7edd f10:3f3c7edd
15723243ns          265402 1c008e18 0a078b63 beq              x15, x0, 182        x15:00000001
15723263ns          265403 1c008e1a e00517d3 fclass.s         x15, f10            x15=00000040 f10:3f3c7edd
15723283ns          265404 1c008e1e 0817f793 andi             x15, x15, 129       x15=00000000 x15:00000040
15723302ns          265405 1c008e22 0a079663 bne              x15, x0, 172        x15:00000000
15723322ns          265406 1c008e24 00000793 addi             x15, x0, 0          x15=00000000
15723342ns          265407 1c008e28 a0f517d3 flt.s            x15, f10, f15       x15=00000000 f10:3f3c7edd f15:00000000
15723362ns          265408 1c008e2c 0a079663 bne              x15, x0, 172        x15:00000000
15723382ns          265409 1c008e2e 1c000737 lui              x14, 0x1c000000     x14=1c000000
15723402ns          265410 1c008e32 16072783 lw               x15, 352(x14)       x15=40c90fdb x14:1c000000  PA:1c000160
15723740ns          265427 1c008e36 a0a797d3 flt.s            x15, f15, f10       x15=00000000 f15:40c90fdb f10:3f3c7edd
15723760ns          265428 1c008e3a 00078b63 beq              x15, x0, 22         x15:00000000
15723820ns          265431 1c008e50 00000793 addi             x15, x0, 0          x15=00000000
15723839ns          265432 1c008e54 a0f517d3 flt.s            x15, f10, f15       x15=00000000 f10:3f3c7edd f15:00000000
15723859ns          265433 1c008e58 08079a63 bne              x15, x0, 148        x15:00000000
15723879ns          265434 1c008e5a 1c0007b7 lui              x15, 0x1c000000     x15=1c000000
15723899ns          265435 1c008e5e 0207a783 lw               x15, 32(x15)        x15=3fc90fdb x15:1c000000  PA:1c000020
15724237ns          265452 1c008e62 a0f517d3 flt.s            x15, f10, f15       x15=00000001 f10:3f3c7edd f15:3fc90fdb
15724257ns          265453 1c008e66 02079563 bne              x15, x0, 42         x15:00000001
15724317ns          265456 1c008e90 10a57553 fmul.s           f10, f10, f10       f10=xxxxxxxx f10:3f3c7edd f10:3f3c7edd
15724337ns          265457 1c008e94 1c0007b7 lui              x15, 0x1c000000     x15=1c000000
15724357ns          265458 1c008e98 1c000737 lui              x14, 0x1c000000     x14=1c000000
15724376ns          265459 1c008e9c 16872703 lw               x14, 360(x14)       x14=bab59551 x14:1c000000  PA:1c000168
15724675ns          265474 1c008ea0 1647a783 lw               x15, 356(x15)       x15=37c23ab1 x15:1c000000  PA:1c000164
15725013ns          265491 1c008ea4 70f577c3 fmadd.s          f15, f10, f15, f14  f15=xxxxxxxx f10:3f0aca93 f15:37c23ab1 f14:bab59551
15725033ns          265492 1c008ea8 1c000737 lui              x14, 0x1c000000     x14=1c000000
15725053ns          265493 1c008eac 16c72703 lw               x14, 364(x14)       x14=3d2aa76f x14:1c000000  PA:1c00016c
15725371ns          265509 1c008eb0 70f577c3 fmadd.s          f15, f10, f15, f14  f15=xxxxxxxx f10:3f0aca93 f15:bab3f01c f14:3d2aa76f
15725391ns          265510 1c008eb4 1c000737 lui              x14, 0x1c000000     x14=1c000000
15725411ns          265511 1c008eb8 17072703 lw               x14, 368(x14)       x14=beffffe0 x14:1c000000  PA:1c000170
15725749ns          265528 1c008ebc 70f577c3 fmadd.s          f15, f10, f15, f14  f15=xxxxxxxx f10:3f0aca93 f15:3d279b00 f14:beffffe0
15725769ns          265529 1c008ec0 1c000737 lui              x14, 0x1c000000     x14=1c000000
15725789ns          265530 1c008ec4 19c72703 lw               x14, 412(x14)       x14=3f7fffff x14:1c000000  PA:1c00019c
15726107ns          265546 1c008ec8 70f57543 fmadd.s          f10, f10, f15, f14  f10=xxxxxxxx f10:3f0aca93 f15:bef4a41a f14:3f7fffff
15726127ns          265547 1c008ecc 00008067 jalr             x0, x1, 0            x1:1c0087b6
15726187ns          265550 1c0087b6 004ca78b p.lw             x15, 4(x25!)        x15=00000011 x25=10000f9c x25:10000f98  PA:10000f98
15726206ns          265551 1c0087ba ffcc270b p.lw             x14, -4(x24!)       x14=0000001e x24=10000fc8 x24:10000fcc  PA:10000fcc
15726226ns          265552 1c0087be 00279793 slli             x15, x15, 0x2       x15=00000044 x15:00000011
15726246ns          265553 1c0087c0 017787b3 add              x15, x15, x23       x15=10000e90 x15:00000044 x23:10000e4c
15726266ns          265554 1c0087c2 00271713 slli             x14, x14, 0x2       x14=00000078 x14:0000001e
15726286ns          265555 1c0087c4 0007a583 lw               x11, 0(x15)         x11=c1876815 x15:10000e90  PA:10000e90
15726306ns          265556 1c0087c6 01770733 add              x14, x14, x23       x14=10000ec4 x14:00000078 x23:10000e4c
15726326ns          265557 1c0087c8 00072683 lw               x13, 0(x14)         x13=c10a36a8 x14:10000ec4  PA:10000ec4
15726346ns          265558 1c0087ca 20949653 fsgnjn.s         f12, f9, f9         f12=xxxxxxxx  f9:3f2beb48  f9:3f2beb48
15726366ns          265559 1c0087ce 10b67653 fmul.s           f12, f12, f11       f12=xxxxxxxx f12:bf2beb48 f11:c1876815
15726385ns          265560 1c0087d2 10d4f4d3 fmul.s           f9, f9, f13          f9=xxxxxxxx  f9:3f2beb48 f13:c10a36a8
15726405ns          265561 1c0087d6 60d576c3 fmadd.s          f13, f10, f13, f12  f13=xxxxxxxx f10:3f3daef9 f13:c10a36a8 f12:4135ddf1
15726425ns          265562 1c0087da 48b57543 fmadd.s          f10, f10, f11, f9   f10=xxxxxxxx f10:3f3daef9 f11:c1876815  f9:c0b9a313
15726445ns          265563 1c0087de 00d72023 sw               x13, 0(x14)         x13:409eea3f x14:10000ec4  PA:10000ec4
15726465ns          265564 1c0087e0 00a7a023 sw               x10, 0(x15)         x10:c192bd29 x15:10000e90  PA:10000e90
15726485ns          265565 1c0087e2 fb5b13e3 bne              x22, x21, -90       x22:00000012 x21:00000018
15726604ns          265571 1c008788 016007b3 add              x15, x0, x22        x15=00000012 x22:00000012
15726624ns          265572 1c00878a 060b0d63 beq              x22, x0, 122        x22:00000012
15726644ns          265573 1c00878e 00000713 addi             x14, x0, 0          x14=00000000
15726664ns          265574 1c008790 00f006b3 add              x13, x0, x15        x13=00000012 x15:00000012
15726684ns          265575 1c008792 fc1726b3 p.insert         x13, x14, 30, 1     x13=00000000 x13:00000012 x14:00000000
15726704ns          265576 1c008796 4017d793 srai             x15, x15, 0x401     x15=00000009 x15:00000012
15726724ns          265577 1c008798 00d00733 add              x14, x0, x13        x14=00000000 x13:00000000
15726743ns          265578 1c00879a fe079be3 bne              x15, x0, -10        x15:00000009
15726803ns          265581 1c008790 00f006b3 add              x13, x0, x15        x13=00000009 x15:00000009
15726823ns          265582 1c008792 fc1726b3 p.insert         x13, x14, 30, 1     x13=00000001 x13:00000009 x14:00000000
15726843ns          265583 1c008796 4017d793 srai             x15, x15, 0x401     x15=00000004 x15:00000009
15726863ns          265584 1c008798 00d00733 add              x14, x0, x13        x14=00000001 x13:00000001
15726883ns          265585 1c00879a fe079be3 bne              x15, x0, -10        x15:00000004
15726942ns          265588 1c008790 00f006b3 add              x13, x0, x15        x13=00000004 x15:00000004
15726962ns          265589 1c008792 fc1726b3 p.insert         x13, x14, 30, 1     x13=00000002 x13:00000004 x14:00000001
15726982ns          265590 1c008796 4017d793 srai             x15, x15, 0x401     x15=00000002 x15:00000004
15727002ns          265591 1c008798 00d00733 add              x14, x0, x13        x14=00000002 x13:00000002
15727022ns          265592 1c00879a fe079be3 bne              x15, x0, -10        x15:00000002
15727082ns          265595 1c008790 00f006b3 add              x13, x0, x15        x13=00000002 x15:00000002
15727102ns          265596 1c008792 fc1726b3 p.insert         x13, x14, 30, 1     x13=00000004 x13:00000002 x14:00000002
15727121ns          265597 1c008796 4017d793 srai             x15, x15, 0x401     x15=00000001 x15:00000002
15727141ns          265598 1c008798 00d00733 add              x14, x0, x13        x14=00000004 x13:00000004
15727161ns          265599 1c00879a fe079be3 bne              x15, x0, -10        x15:00000001
15727221ns          265602 1c008790 00f006b3 add              x13, x0, x15        x13=00000001 x15:00000001
15727241ns          265603 1c008792 fc1726b3 p.insert         x13, x14, 30, 1     x13=00000009 x13:00000001 x14:00000004
15727261ns          265604 1c008796 4017d793 srai             x15, x15, 0x401     x15=00000000 x15:00000001
15727281ns          265605 1c008798 00d00733 add              x14, x0, x13        x14=00000009 x13:00000009
15727300ns          265606 1c00879a fe079be3 bne              x15, x0, -10        x15:00000000
15727320ns          265607 1c00879c d006f453 fcvt.s.w         f8, x13              f8=xxxxxxxx x13:00000009
15727340ns          265608 1c0087a0 11447453 fmul.s           f8, f8, f20          f8=xxxxxxxx  f8:41100000 f20:3f490fdb
15727360ns          265609 1c0087a4 19347453 fdiv.s           f8, f8, f19          f8=xxxxxxxx  f8:40e231d6 f19:41800000
15727639ns          265623 1c0087a8 00800533 add              x10, x0, x8         x10=3ee231d6  x8:3ee231d6
15727658ns          265624 1c0087aa 66a000ef jal              x1, 1642             x1=1c0087ac
15727698ns          265626 1c008e14 a0a527d3 feq.s            x15, f10, f10       x15=00000001 f10:3ee231d6 f10:3ee231d6
15727718ns          265627 1c008e18 0a078b63 beq              x15, x0, 182        x15:00000001
15727738ns          265628 1c008e1a e00517d3 fclass.s         x15, f10            x15=00000040 f10:3ee231d6
15727758ns          265629 1c008e1e 0817f793 andi             x15, x15, 129       x15=00000000 x15:00000040
15727778ns          265630 1c008e22 0a079663 bne              x15, x0, 172        x15:00000000
15727798ns          265631 1c008e24 00000793 addi             x15, x0, 0          x15=00000000
15727818ns          265632 1c008e28 a0f517d3 flt.s            x15, f10, f15       x15=00000000 f10:3ee231d6 f15:00000000
15727837ns          265633 1c008e2c 0a079663 bne              x15, x0, 172        x15:00000000
15727857ns          265634 1c008e2e 1c000737 lui              x14, 0x1c000000     x14=1c000000
15727877ns          265635 1c008e32 16072783 lw               x15, 352(x14)       x15=40c90fdb x14:1c000000  PA:1c000160
15728196ns          265651 1c008e36 a0a797d3 flt.s            x15, f15, f10       x15=00000000 f15:40c90fdb f10:3ee231d6
15728215ns          265652 1c008e3a 00078b63 beq              x15, x0, 22         x15:00000000
15728275ns          265655 1c008e50 00000793 addi             x15, x0, 0          x15=00000000
15728295ns          265656 1c008e54 a0f517d3 flt.s            x15, f10, f15       x15=00000000 f10:3ee231d6 f15:00000000
15728315ns          265657 1c008e58 08079a63 bne              x15, x0, 148        x15:00000000
15728335ns          265658 1c008e5a 1c0007b7 lui              x15, 0x1c000000     x15=1c000000
15728355ns          265659 1c008e5e 0207a783 lw               x15, 32(x15)        x15=3fc90fdb x15:1c000000  PA:1c000020
15728673ns          265675 1c008e62 a0f517d3 flt.s            x15, f10, f15       x15=00000001 f10:3ee231d6 f15:3fc90fdb
15728693ns          265676 1c008e66 02079563 bne              x15, x0, 42         x15:00000001
15728752ns          265679 1c008e90 10a57553 fmul.s           f10, f10, f10       f10=xxxxxxxx f10:3ee231d6 f10:3ee231d6
15728772ns          265680 1c008e94 1c0007b7 lui              x15, 0x1c000000     x15=1c000000
15728792ns          265681 1c008e98 1c000737 lui              x14, 0x1c000000     x14=1c000000
15728812ns          265682 1c008e9c 16872703 lw               x14, 360(x14)       x14=bab59551 x14:1c000000  PA:1c000168
15729110ns          265697 1c008ea0 1647a783 lw               x15, 356(x15)       x15=37c23ab1 x15:1c000000  PA:1c000164
15729429ns          265713 1c008ea4 70f577c3 fmadd.s          f15, f10, f15, f14  f15=xxxxxxxx f10:3e47dc08 f15:37c23ab1 f14:bab59551
15729449ns          265714 1c008ea8 1c000737 lui              x14, 0x1c000000     x14=1c000000
15729469ns          265715 1c008eac 16c72703 lw               x14, 364(x14)       x14=3d2aa76f x14:1c000000  PA:1c00016c
15729787ns          265731 1c008eb0 70f577c3 fmadd.s          f15, f10, f15, f14  f15=xxxxxxxx f10:3e47dc08 f15:bab4fdae f14:3d2aa76f
15729807ns          265732 1c008eb4 1c000737 lui              x14, 0x1c000000     x14=1c000000
15729827ns          265733 1c008eb8 17072703 lw               x14, 368(x14)       x14=beffffe0 x14:1c000000  PA:1c000170
15730145ns          265749 1c008ebc 70f577c3 fmadd.s          f15, f10, f15, f14  f15=xxxxxxxx f10:3e47dc08 f15:3d298cd5 f14:beffffe0
15730165ns          265750 1c008ec0 1c000737 lui              x14, 0x1c000000     x14=1c000000
15730185ns          265751 1c008ec4 19c72703 lw               x14, 412(x14)       x14=3f7fffff x14:1c000000  PA:1c00019c
15730503ns          265767 1c008ec8 70f57543 fmadd.s          f10, f10, f15, f14  f10=xxxxxxxx f10:3e47dc08 f15:befbdcee f14:3f7fffff
15730523ns          265768 1c008ecc 00008067 jalr             x0, x1, 0            x1:1c0087ac
15730563ns          265770 1c0087ac 00a004b3 add              x9, x0, x10          x9=3f676bd8 x10:3f676bd8
15730582ns          265771 1c0087ae 08897553 fsub.s           f10, f18, f8        f10=xxxxxxxx f18:3fc90fdb  f8:3ee231d6
15730602ns          265772 1c0087b2 001b0b13 addi             x22, x22, 1         x22=00000013 x22:00000012
15730622ns          265773 1c0087b4 660000ef jal              x1, 1632             x1=1c0087b6
15730662ns          265775 1c008e14 a0a527d3 feq.s            x15, f10, f10       x15=00000001 f10:3f908366 f10:3f908366
15730682ns          265776 1c008e18 0a078b63 beq              x15, x0, 182        x15:00000001
15730702ns          265777 1c008e1a e00517d3 fclass.s         x15, f10            x15=00000040 f10:3f908366
15730722ns          265778 1c008e1e 0817f793 andi             x15, x15, 129       x15=00000000 x15:00000040
15730742ns          265779 1c008e22 0a079663 bne              x15, x0, 172        x15:00000000
15730761ns          265780 1c008e24 00000793 addi             x15, x0, 0          x15=00000000
15730781ns          265781 1c008e28 a0f517d3 flt.s            x15, f10, f15       x15=00000000 f10:3f908366 f15:00000000
15730801ns          265782 1c008e2c 0a079663 bne              x15, x0, 172        x15:00000000
15730821ns          265783 1c008e2e 1c000737 lui              x14, 0x1c000000     x14=1c000000
15730841ns          265784 1c008e32 16072783 lw               x15, 352(x14)       x15=40c90fdb x14:1c000000  PA:1c000160
15731199ns          265802 1c008e36 a0a797d3 flt.s            x15, f15, f10       x15=00000000 f15:40c90fdb f10:3f908366
15731219ns          265803 1c008e3a 00078b63 beq              x15, x0, 22         x15:00000000
15731279ns          265806 1c008e50 00000793 addi             x15, x0, 0          x15=00000000
15731298ns          265807 1c008e54 a0f517d3 flt.s            x15, f10, f15       x15=00000000 f10:3f908366 f15:00000000
15731318ns          265808 1c008e58 08079a63 bne              x15, x0, 148        x15:00000000
15731338ns          265809 1c008e5a 1c0007b7 lui              x15, 0x1c000000     x15=1c000000
15731358ns          265810 1c008e5e 0207a783 lw               x15, 32(x15)        x15=3fc90fdb x15:1c000000  PA:1c000020
15731716ns          265828 1c008e62 a0f517d3 flt.s            x15, f10, f15       x15=00000001 f10:3f908366 f15:3fc90fdb
15731736ns          265829 1c008e66 02079563 bne              x15, x0, 42         x15:00000001
15731796ns          265832 1c008e90 10a57553 fmul.s           f10, f10, f10       f10=xxxxxxxx f10:3f908366 f10:3f908366
15731816ns          265833 1c008e94 1c0007b7 lui              x15, 0x1c000000     x15=1c000000
15731836ns          265834 1c008e98 1c000737 lui              x14, 0x1c000000     x14=1c000000
15731855ns          265835 1c008e9c 16872703 lw               x14, 360(x14)       x14=bab59551 x14:1c000000  PA:1c000168
15732154ns          265850 1c008ea0 1647a783 lw               x15, 356(x15)       x15=37c23ab1 x15:1c000000  PA:1c000164
15732472ns          265866 1c008ea4 70f577c3 fmadd.s          f15, f10, f15, f14  f15=xxxxxxxx f10:3fa3282c f15:37c23ab1 f14:bab59551
15732492ns          265867 1c008ea8 1c000737 lui              x14, 0x1c000000     x14=1c000000
15732512ns          265868 1c008eac 16c72703 lw               x14, 364(x14)       x14=3d2aa76f x14:1c000000  PA:1c00016c
15732830ns          265884 1c008eb0 70f577c3 fmadd.s          f15, f10, f15, f14  f15=xxxxxxxx f10:3fa3282c f15:bab1b702 f14:3d2aa76f
15732850ns          265885 1c008eb4 1c000737 lui              x14, 0x1c000000     x14=1c000000
15732870ns          265886 1c008eb8 17072703 lw               x14, 368(x14)       x14=beffffe0 x14:1c000000  PA:1c000170
15733188ns          265902 1c008ebc 70f577c3 fmadd.s          f15, f10, f15, f14  f15=xxxxxxxx f10:3fa3282c f15:3d239338 f14:beffffe0
15733208ns          265903 1c008ec0 1c000737 lui              x14, 0x1c000000     x14=1c000000
15733228ns          265904 1c008ec4 19c72703 lw               x14, 412(x14)       x14=3f7fffff x14:1c000000  PA:1c00019c
15733546ns          265920 1c008ec8 70f57543 fmadd.s          f10, f10, f15, f14  f10=xxxxxxxx f10:3fa3282c f15:bee5efc6 f14:3f7fffff
15733566ns          265921 1c008ecc 00008067 jalr             x0, x1, 0            x1:1c0087b6
15733626ns          265924 1c0087b6 004ca78b p.lw             x15, 4(x25!)        x15=00000012 x25=10000fa0 x25:10000f9c  PA:10000f9c
15733646ns          265925 1c0087ba ffcc270b p.lw             x14, -4(x24!)       x14=0000001d x24=10000fc4 x24:10000fc8  PA:10000fc8
15733665ns          265926 1c0087be 00279793 slli             x15, x15, 0x2       x15=00000048 x15:00000012
15733685ns          265927 1c0087c0 017787b3 add              x15, x15, x23       x15=10000e94 x15:00000048 x23:10000e4c
15733705ns          265928 1c0087c2 00271713 slli             x14, x14, 0x2       x14=00000074 x14:0000001d
15733725ns          265929 1c0087c4 0007a583 lw               x11, 0(x15)         x11=4105f17c x15:10000e94  PA:10000e94
15733745ns          265930 1c0087c6 01770733 add              x14, x14, x23       x14=10000ec0 x14:00000074 x23:10000e4c
15733765ns          265931 1c0087c8 00072683 lw               x13, 0(x14)         x13=c0c3f8e0 x14:10000ec0  PA:10000ec0
15733785ns          265932 1c0087ca 20949653 fsgnjn.s         f12, f9, f9         f12=xxxxxxxx  f9:3f676bd8  f9:3f676bd8
15733805ns          265933 1c0087ce 10b67653 fmul.s           f12, f12, f11       f12=xxxxxxxx f12:bf676bd8 f11:4105f17c
15733825ns          265934 1c0087d2 10d4f4d3 fmul.s           f9, f9, f13          f9=xxxxxxxx  f9:3f676bd8 f13:c0c3f8e0
15733844ns          265935 1c0087d6 60d576c3 fmadd.s          f13, f10, f13, f12  f13=xxxxxxxx f10:3edae87e f13:c0c3f8e0 f12:c0f22aa8
15733864ns          265936 1c0087da 48b57543 fmadd.s          f10, f10, f11, f9   f10=xxxxxxxx f10:3edae87e f11:4105f17c  f9:c0b12820
15733884ns          265937 1c0087de 00d72023 sw               x13, 0(x14)         x13:c122fa4e x14:10000ec0  PA:10000ec0
15733904ns          265938 1c0087e0 00a7a023 sw               x10, 0(x15)         x10:bffa7b5f x15:10000e94  PA:10000e94
15733924ns          265939 1c0087e2 fb5b13e3 bne              x22, x21, -90       x22:00000013 x21:00000018
15733984ns          265942 1c008788 016007b3 add              x15, x0, x22        x15=00000013 x22:00000013
15734004ns          265943 1c00878a 060b0d63 beq              x22, x0, 122        x22:00000013
15734024ns          265944 1c00878e 00000713 addi             x14, x0, 0          x14=00000000
15734043ns          265945 1c008790 00f006b3 add              x13, x0, x15        x13=00000013 x15:00000013
15734063ns          265946 1c008792 fc1726b3 p.insert         x13, x14, 30, 1     x13=00000001 x13:00000013 x14:00000000
15734083ns          265947 1c008796 4017d793 srai             x15, x15, 0x401     x15=00000009 x15:00000013
15734103ns          265948 1c008798 00d00733 add              x14, x0, x13        x14=00000001 x13:00000001
15734123ns          265949 1c00879a fe079be3 bne              x15, x0, -10        x15:00000009
15734183ns          265952 1c008790 00f006b3 add              x13, x0, x15        x13=00000009 x15:00000009
15734203ns          265953 1c008792 fc1726b3 p.insert         x13, x14, 30, 1     x13=00000003 x13:00000009 x14:00000001
15734222ns          265954 1c008796 4017d793 srai             x15, x15, 0x401     x15=00000004 x15:00000009
15734242ns          265955 1c008798 00d00733 add              x14, x0, x13        x14=00000003 x13:00000003
15734262ns          265956 1c00879a fe079be3 bne              x15, x0, -10        x15:00000004
15734322ns          265959 1c008790 00f006b3 add              x13, x0, x15        x13=00000004 x15:00000004
15734342ns          265960 1c008792 fc1726b3 p.insert         x13, x14, 30, 1     x13=00000006 x13:00000004 x14:00000003
15734362ns          265961 1c008796 4017d793 srai             x15, x15, 0x401     x15=00000002 x15:00000004
15734382ns          265962 1c008798 00d00733 add              x14, x0, x13        x14=00000006 x13:00000006
15734401ns          265963 1c00879a fe079be3 bne              x15, x0, -10        x15:00000002
15734461ns          265966 1c008790 00f006b3 add              x13, x0, x15        x13=00000002 x15:00000002
15734481ns          265967 1c008792 fc1726b3 p.insert         x13, x14, 30, 1     x13=0000000c x13:00000002 x14:00000006
15734501ns          265968 1c008796 4017d793 srai             x15, x15, 0x401     x15=00000001 x15:00000002
15734521ns          265969 1c008798 00d00733 add              x14, x0, x13        x14=0000000c x13:0000000c
15734541ns          265970 1c00879a fe079be3 bne              x15, x0, -10        x15:00000001
15734600ns          265973 1c008790 00f006b3 add              x13, x0, x15        x13=00000001 x15:00000001
15734620ns          265974 1c008792 fc1726b3 p.insert         x13, x14, 30, 1     x13=00000019 x13:00000001 x14:0000000c
15734640ns          265975 1c008796 4017d793 srai             x15, x15, 0x401     x15=00000000 x15:00000001
15734660ns          265976 1c008798 00d00733 add              x14, x0, x13        x14=00000019 x13:00000019
15734680ns          265977 1c00879a fe079be3 bne              x15, x0, -10        x15:00000000
15734700ns          265978 1c00879c d006f453 fcvt.s.w         f8, x13              f8=xxxxxxxx x13:00000019
15734720ns          265979 1c0087a0 11447453 fmul.s           f8, f8, f20          f8=xxxxxxxx  f8:41c80000 f20:3f490fdb
15734740ns          265980 1c0087a4 19347453 fdiv.s           f8, f8, f19          f8=xxxxxxxx  f8:419d1463 f19:41800000
15735018ns          265994 1c0087a8 00800533 add              x10, x0, x8         x10=3f9d1463  x8:3f9d1463
15735038ns          265995 1c0087aa 66a000ef jal              x1, 1642             x1=1c0087ac
15735078ns          265997 1c008e14 a0a527d3 feq.s            x15, f10, f10       x15=00000001 f10:3f9d1463 f10:3f9d1463
15735098ns          265998 1c008e18 0a078b63 beq              x15, x0, 182        x15:00000001
15735118ns          265999 1c008e1a e00517d3 fclass.s         x15, f10            x15=00000040 f10:3f9d1463
15735137ns          266000 1c008e1e 0817f793 andi             x15, x15, 129       x15=00000000 x15:00000040
15735157ns          266001 1c008e22 0a079663 bne              x15, x0, 172        x15:00000000
15735177ns          266002 1c008e24 00000793 addi             x15, x0, 0          x15=00000000
15735197ns          266003 1c008e28 a0f517d3 flt.s            x15, f10, f15       x15=00000000 f10:3f9d1463 f15:00000000
15735217ns          266004 1c008e2c 0a079663 bne              x15, x0, 172        x15:00000000
15735237ns          266005 1c008e2e 1c000737 lui              x14, 0x1c000000     x14=1c000000
15735257ns          266006 1c008e32 16072783 lw               x15, 352(x14)       x15=40c90fdb x14:1c000000  PA:1c000160
15735595ns          266023 1c008e36 a0a797d3 flt.s            x15, f15, f10       x15=00000000 f15:40c90fdb f10:3f9d1463
15735615ns          266024 1c008e3a 00078b63 beq              x15, x0, 22         x15:00000000
15735674ns          266027 1c008e50 00000793 addi             x15, x0, 0          x15=00000000
15735694ns          266028 1c008e54 a0f517d3 flt.s            x15, f10, f15       x15=00000000 f10:3f9d1463 f15:00000000
15735714ns          266029 1c008e58 08079a63 bne              x15, x0, 148        x15:00000000
15735734ns          266030 1c008e5a 1c0007b7 lui              x15, 0x1c000000     x15=1c000000
15735754ns          266031 1c008e5e 0207a783 lw               x15, 32(x15)        x15=3fc90fdb x15:1c000000  PA:1c000020
15736072ns          266047 1c008e62 a0f517d3 flt.s            x15, f10, f15       x15=00000001 f10:3f9d1463 f15:3fc90fdb
15736092ns          266048 1c008e66 02079563 bne              x15, x0, 42         x15:00000001
15736152ns          266051 1c008e90 10a57553 fmul.s           f10, f10, f10       f10=xxxxxxxx f10:3f9d1463 f10:3f9d1463
15736172ns          266052 1c008e94 1c0007b7 lui              x15, 0x1c000000     x15=1c000000
15736192ns          266053 1c008e98 1c000737 lui              x14, 0x1c000000     x14=1c000000
15736211ns          266054 1c008e9c 16872703 lw               x14, 360(x14)       x14=bab59551 x14:1c000000  PA:1c000168
15736530ns          266070 1c008ea0 1647a783 lw               x15, 356(x15)       x15=37c23ab1 x15:1c000000  PA:1c000164
15736848ns          266086 1c008ea4 70f577c3 fmadd.s          f15, f10, f15, f14  f15=xxxxxxxx f10:3fc0c406 f15:37c23ab1 f14:bab59551
15736868ns          266087 1c008ea8 1c000737 lui              x14, 0x1c000000     x14=1c000000
15736888ns          266088 1c008eac 16c72703 lw               x14, 364(x14)       x14=3d2aa76f x14:1c000000  PA:1c00016c
15737206ns          266104 1c008eb0 70f577c3 fmadd.s          f15, f10, f15, f14  f15=xxxxxxxx f10:3fc0c406 f15:bab1034b f14:3d2aa76f
15737226ns          266105 1c008eb4 1c000737 lui              x14, 0x1c000000     x14=1c000000
15737246ns          266106 1c008eb8 17072703 lw               x14, 368(x14)       x14=beffffe0 x14:1c000000  PA:1c000170
15737564ns          266122 1c008ebc 70f577c3 fmadd.s          f15, f10, f15, f14  f15=xxxxxxxx f10:3fc0c406 f15:3d2252cf f14:beffffe0
15737584ns          266123 1c008ec0 1c000737 lui              x14, 0x1c000000     x14=1c000000
15737604ns          266124 1c008ec4 19c72703 lw               x14, 412(x14)       x14=3f7fffff x14:1c000000  PA:1c00019c
15737922ns          266140 1c008ec8 70f57543 fmadd.s          f10, f10, f15, f14  f10=xxxxxxxx f10:3fc0c406 f15:bee17146 f14:3f7fffff
15737942ns          266141 1c008ecc 00008067 jalr             x0, x1, 0            x1:1c0087ac
15737982ns          266143 1c0087ac 00a004b3 add              x9, x0, x10          x9=3eac7cd5 x10:3eac7cd5
15738002ns          266144 1c0087ae 08897553 fsub.s           f10, f18, f8        f10=xxxxxxxx f18:3fc90fdb  f8:3f9d1463
15738022ns          266145 1c0087b2 001b0b13 addi             x22, x22, 1         x22=00000014 x22:00000013
15738041ns          266146 1c0087b4 660000ef jal              x1, 1632             x1=1c0087b6
15738081ns          266148 1c008e14 a0a527d3 feq.s            x15, f10, f10       x15=00000001 f10:3eafede0 f10:3eafede0
15738101ns          266149 1c008e18 0a078b63 beq              x15, x0, 182        x15:00000001
15738121ns          266150 1c008e1a e00517d3 fclass.s         x15, f10            x15=00000040 f10:3eafede0
15738141ns          266151 1c008e1e 0817f793 andi             x15, x15, 129       x15=00000000 x15:00000040
15738161ns          266152 1c008e22 0a079663 bne              x15, x0, 172        x15:00000000
15738181ns          266153 1c008e24 00000793 addi             x15, x0, 0          x15=00000000
15738201ns          266154 1c008e28 a0f517d3 flt.s            x15, f10, f15       x15=00000000 f10:3eafede0 f15:00000000
15738220ns          266155 1c008e2c 0a079663 bne              x15, x0, 172        x15:00000000
15738240ns          266156 1c008e2e 1c000737 lui              x14, 0x1c000000     x14=1c000000
15738260ns          266157 1c008e32 16072783 lw               x15, 352(x14)       x15=40c90fdb x14:1c000000  PA:1c000160
15738578ns          266173 1c008e36 a0a797d3 flt.s            x15, f15, f10       x15=00000000 f15:40c90fdb f10:3eafede0
15738598ns          266174 1c008e3a 00078b63 beq              x15, x0, 22         x15:00000000
15738658ns          266177 1c008e50 00000793 addi             x15, x0, 0          x15=00000000
15738678ns          266178 1c008e54 a0f517d3 flt.s            x15, f10, f15       x15=00000000 f10:3eafede0 f15:00000000
15738698ns          266179 1c008e58 08079a63 bne              x15, x0, 148        x15:00000000
15738718ns          266180 1c008e5a 1c0007b7 lui              x15, 0x1c000000     x15=1c000000
15738738ns          266181 1c008e5e 0207a783 lw               x15, 32(x15)        x15=3fc90fdb x15:1c000000  PA:1c000020
15739056ns          266197 1c008e62 a0f517d3 flt.s            x15, f10, f15       x15=00000001 f10:3eafede0 f15:3fc90fdb
15739076ns          266198 1c008e66 02079563 bne              x15, x0, 42         x15:00000001
15739135ns          266201 1c008e90 10a57553 fmul.s           f10, f10, f10       f10=xxxxxxxx f10:3eafede0 f10:3eafede0
15739155ns          266202 1c008e94 1c0007b7 lui              x15, 0x1c000000     x15=1c000000
15739175ns          266203 1c008e98 1c000737 lui              x14, 0x1c000000     x14=1c000000
15739195ns          266204 1c008e9c 16872703 lw               x14, 360(x14)       x14=bab59551 x14:1c000000  PA:1c000168
15739493ns          266219 1c008ea0 1647a783 lw               x15, 356(x15)       x15=37c23ab1 x15:1c000000  PA:1c000164
15739832ns          266236 1c008ea4 70f577c3 fmadd.s          f15, f10, f15, f14  f15=xxxxxxxx f10:3df1ce2b f15:37c23ab1 f14:bab59551
15739852ns          266237 1c008ea8 1c000737 lui              x14, 0x1c000000     x14=1c000000
15739871ns          266238 1c008eac 16c72703 lw               x14, 364(x14)       x14=3d2aa76f x14:1c000000  PA:1c00016c
15740190ns          266254 1c008eb0 70f577c3 fmadd.s          f15, f10, f15, f14  f15=xxxxxxxx f10:3df1ce2b f15:bab53996 f14:3d2aa76f
15740210ns          266255 1c008eb4 1c000737 lui              x14, 0x1c000000     x14=1c000000
15740229ns          266256 1c008eb8 17072703 lw               x14, 368(x14)       x14=beffffe0 x14:1c000000  PA:1c000170
15740548ns          266272 1c008ebc 70f577c3 fmadd.s          f15, f10, f15, f14  f15=xxxxxxxx f10:3df1ce2b f15:3d29fc42 f14:beffffe0
15740568ns          266273 1c008ec0 1c000737 lui              x14, 0x1c000000     x14=1c000000
15740587ns          266274 1c008ec4 19c72703 lw               x14, 412(x14)       x14=3f7fffff x14:1c000000  PA:1c00019c
15740926ns          266291 1c008ec8 70f57543 fmadd.s          f10, f10, f15, f14  f10=xxxxxxxx f10:3df1ce2b f15:befd7da3 f14:3f7fffff
15740945ns          266292 1c008ecc 00008067 jalr             x0, x1, 0            x1:1c0087b6
15741005ns          266295 1c0087b6 004ca78b p.lw             x15, 4(x25!)        x15=00000013 x25=10000fa4 x25:10000fa0  PA:10000fa0
15741025ns          266296 1c0087ba ffcc270b p.lw             x14, -4(x24!)       x14=0000001c x24=10000fc0 x24:10000fc4  PA:10000fc4
15741045ns          266297 1c0087be 00279793 slli             x15, x15, 0x2       x15=0000004c x15:00000013
15741065ns          266298 1c0087c0 017787b3 add              x15, x15, x23       x15=10000e98 x15:0000004c x23:10000e4c
15741085ns          266299 1c0087c2 00271713 slli             x14, x14, 0x2       x14=00000070 x14:0000001c
15741105ns          266300 1c0087c4 0007a583 lw               x11, 0(x15)         x11=c11dd8e6 x15:10000e98  PA:10000e98
15741125ns          266301 1c0087c6 01770733 add              x14, x14, x23       x14=10000ebc x14:00000070 x23:10000e4c
15741144ns          266302 1c0087c8 00072683 lw               x13, 0(x14)         x13=c1ba4878 x14:10000ebc  PA:10000ebc
15741164ns          266303 1c0087ca 20949653 fsgnjn.s         f12, f9, f9         f12=xxxxxxxx  f9:3eac7cd5  f9:3eac7cd5
15741184ns          266304 1c0087ce 10b67653 fmul.s           f12, f12, f11       f12=xxxxxxxx f12:beac7cd5 f11:c11dd8e6
15741204ns          266305 1c0087d2 10d4f4d3 fmul.s           f9, f9, f13          f9=xxxxxxxx  f9:3eac7cd5 f13:c1ba4878
15741224ns          266306 1c0087d6 60d576c3 fmadd.s          f13, f10, f13, f12  f13=xxxxxxxx f10:3f710908 f13:c1ba4878 f12:4054b566
15741244ns          266307 1c0087da 48b57543 fmadd.s          f10, f10, f11, f9   f10=xxxxxxxx f10:3f710908 f11:c11dd8e6  f9:c0fb070d
15741264ns          266308 1c0087de 00d72023 sw               x13, 0(x14)         x13:c194ce1f x14:10000ebc  PA:10000ebc
15741284ns          266309 1c0087e0 00a7a023 sw               x10, 0(x15)         x10:c1891124 x15:10000e98  PA:10000e98
15741304ns          266310 1c0087e2 fb5b13e3 bne              x22, x21, -90       x22:00000014 x21:00000018
15741363ns          266313 1c008788 016007b3 add              x15, x0, x22        x15=00000014 x22:00000014
15741383ns          266314 1c00878a 060b0d63 beq              x22, x0, 122        x22:00000014
15741403ns          266315 1c00878e 00000713 addi             x14, x0, 0          x14=00000000
15741423ns          266316 1c008790 00f006b3 add              x13, x0, x15        x13=00000014 x15:00000014
15741443ns          266317 1c008792 fc1726b3 p.insert         x13, x14, 30, 1     x13=00000000 x13:00000014 x14:00000000
15741463ns          266318 1c008796 4017d793 srai             x15, x15, 0x401     x15=0000000a x15:00000014
15741483ns          266319 1c008798 00d00733 add              x14, x0, x13        x14=00000000 x13:00000000
15741502ns          266320 1c00879a fe079be3 bne              x15, x0, -10        x15:0000000a
15741562ns          266323 1c008790 00f006b3 add              x13, x0, x15        x13=0000000a x15:0000000a
15741582ns          266324 1c008792 fc1726b3 p.insert         x13, x14, 30, 1     x13=00000000 x13:0000000a x14:00000000
15741602ns          266325 1c008796 4017d793 srai             x15, x15, 0x401     x15=00000005 x15:0000000a
15741622ns          266326 1c008798 00d00733 add              x14, x0, x13        x14=00000000 x13:00000000
15741642ns          266327 1c00879a fe079be3 bne              x15, x0, -10        x15:00000005
15741701ns          266330 1c008790 00f006b3 add              x13, x0, x15        x13=00000005 x15:00000005
15741721ns          266331 1c008792 fc1726b3 p.insert         x13, x14, 30, 1     x13=00000001 x13:00000005 x14:00000000
15741741ns          266332 1c008796 4017d793 srai             x15, x15, 0x401     x15=00000002 x15:00000005
15741761ns          266333 1c008798 00d00733 add              x14, x0, x13        x14=00000001 x13:00000001
15741781ns          266334 1c00879a fe079be3 bne              x15, x0, -10        x15:00000002
15741841ns          266337 1c008790 00f006b3 add              x13, x0, x15        x13=00000002 x15:00000002
15741860ns          266338 1c008792 fc1726b3 p.insert         x13, x14, 30, 1     x13=00000002 x13:00000002 x14:00000001
15741880ns          266339 1c008796 4017d793 srai             x15, x15, 0x401     x15=00000001 x15:00000002
15741900ns          266340 1c008798 00d00733 add              x14, x0, x13        x14=00000002 x13:00000002
15741920ns          266341 1c00879a fe079be3 bne              x15, x0, -10        x15:00000001
15741980ns          266344 1c008790 00f006b3 add              x13, x0, x15        x13=00000001 x15:00000001
15742000ns          266345 1c008792 fc1726b3 p.insert         x13, x14, 30, 1     x13=00000005 x13:00000001 x14:00000002
15742020ns          266346 1c008796 4017d793 srai             x15, x15, 0x401     x15=00000000 x15:00000001
15742039ns          266347 1c008798 00d00733 add              x14, x0, x13        x14=00000005 x13:00000005
15742059ns          266348 1c00879a fe079be3 bne              x15, x0, -10        x15:00000000
15742079ns          266349 1c00879c d006f453 fcvt.s.w         f8, x13              f8=xxxxxxxx x13:00000005
15742099ns          266350 1c0087a0 11447453 fmul.s           f8, f8, f20          f8=xxxxxxxx  f8:40a00000 f20:3f490fdb
15742119ns          266351 1c0087a4 19347453 fdiv.s           f8, f8, f19          f8=xxxxxxxx  f8:407b53d2 f19:41800000
15742398ns          266365 1c0087a8 00800533 add              x10, x0, x8         x10=3e7b53d2  x8:3e7b53d2
15742417ns          266366 1c0087aa 66a000ef jal              x1, 1642             x1=1c0087ac
15742457ns          266368 1c008e14 a0a527d3 feq.s            x15, f10, f10       x15=00000001 f10:3e7b53d2 f10:3e7b53d2
15742477ns          266369 1c008e18 0a078b63 beq              x15, x0, 182        x15:00000001
15742497ns          266370 1c008e1a e00517d3 fclass.s         x15, f10            x15=00000040 f10:3e7b53d2
15742517ns          266371 1c008e1e 0817f793 andi             x15, x15, 129       x15=00000000 x15:00000040
15742537ns          266372 1c008e22 0a079663 bne              x15, x0, 172        x15:00000000
15742557ns          266373 1c008e24 00000793 addi             x15, x0, 0          x15=00000000
15742577ns          266374 1c008e28 a0f517d3 flt.s            x15, f10, f15       x15=00000000 f10:3e7b53d2 f15:00000000
15742596ns          266375 1c008e2c 0a079663 bne              x15, x0, 172        x15:00000000
15742616ns          266376 1c008e2e 1c000737 lui              x14, 0x1c000000     x14=1c000000
15742636ns          266377 1c008e32 16072783 lw               x15, 352(x14)       x15=40c90fdb x14:1c000000  PA:1c000160
15742974ns          266394 1c008e36 a0a797d3 flt.s            x15, f15, f10       x15=00000000 f15:40c90fdb f10:3e7b53d2
15742994ns          266395 1c008e3a 00078b63 beq              x15, x0, 22         x15:00000000
15743054ns          266398 1c008e50 00000793 addi             x15, x0, 0          x15=00000000
15743074ns          266399 1c008e54 a0f517d3 flt.s            x15, f10, f15       x15=00000000 f10:3e7b53d2 f15:00000000
15743094ns          266400 1c008e58 08079a63 bne              x15, x0, 148        x15:00000000
15743114ns          266401 1c008e5a 1c0007b7 lui              x15, 0x1c000000     x15=1c000000
15743133ns          266402 1c008e5e 0207a783 lw               x15, 32(x15)        x15=3fc90fdb x15:1c000000  PA:1c000020
15743472ns          266419 1c008e62 a0f517d3 flt.s            x15, f10, f15       x15=00000001 f10:3e7b53d2 f15:3fc90fdb
15743492ns          266420 1c008e66 02079563 bne              x15, x0, 42         x15:00000001
15743551ns          266423 1c008e90 10a57553 fmul.s           f10, f10, f10       f10=xxxxxxxx f10:3e7b53d2 f10:3e7b53d2
15743571ns          266424 1c008e94 1c0007b7 lui              x15, 0x1c000000     x15=1c000000
15743591ns          266425 1c008e98 1c000737 lui              x14, 0x1c000000     x14=1c000000
15743611ns          266426 1c008e9c 16872703 lw               x14, 360(x14)       x14=bab59551 x14:1c000000  PA:1c000168
15743909ns          266441 1c008ea0 1647a783 lw               x15, 356(x15)       x15=37c23ab1 x15:1c000000  PA:1c000164
15744227ns          266457 1c008ea4 70f577c3 fmadd.s          f15, f10, f15, f14  f15=xxxxxxxx f10:3d76bd79 f15:37c23ab1 f14:bab59551
15744247ns          266458 1c008ea8 1c000737 lui              x14, 0x1c000000     x14=1c000000
15744267ns          266459 1c008eac 16c72703 lw               x14, 364(x14)       x14=3d2aa76f x14:1c000000  PA:1c00016c
15744586ns          266475 1c008eb0 70f577c3 fmadd.s          f15, f10, f15, f14  f15=xxxxxxxx f10:3d76bd79 f15:bab56684 f14:3d2aa76f
15744605ns          266476 1c008eb4 1c000737 lui              x14, 0x1c000000     x14=1c000000
15744625ns          266477 1c008eb8 17072703 lw               x14, 368(x14)       x14=beffffe0 x14:1c000000  PA:1c000170
15744963ns          266494 1c008ebc 70f577c3 fmadd.s          f15, f10, f15, f14  f15=xxxxxxxx f10:3d76bd79 f15:3d2a5004 f14:beffffe0
15744983ns          266495 1c008ec0 1c000737 lui              x14, 0x1c000000     x14=1c000000
15745003ns          266496 1c008ec4 19c72703 lw               x14, 412(x14)       x14=3f7fffff x14:1c000000  PA:1c00019c
15745341ns          266513 1c008ec8 70f57543 fmadd.s          f10, f10, f15, f14  f10=xxxxxxxx f10:3d76bd79 f15:befeb792 f14:3f7fffff
15745361ns          266514 1c008ecc 00008067 jalr             x0, x1, 0            x1:1c0087ac
15745401ns          266516 1c0087ac 00a004b3 add              x9, x0, x10          x9=3f7853f8 x10:3f7853f8
15745421ns          266517 1c0087ae 08897553 fsub.s           f10, f18, f8        f10=xxxxxxxx f18:3fc90fdb  f8:3e7b53d2
15745441ns          266518 1c0087b2 001b0b13 addi             x22, x22, 1         x22=00000015 x22:00000014
15745461ns          266519 1c0087b4 660000ef jal              x1, 1632             x1=1c0087b6
15745500ns          266521 1c008e14 a0a527d3 feq.s            x15, f10, f10       x15=00000001 f10:3fa9a561 f10:3fa9a561
15745520ns          266522 1c008e18 0a078b63 beq              x15, x0, 182        x15:00000001
15745540ns          266523 1c008e1a e00517d3 fclass.s         x15, f10            x15=00000040 f10:3fa9a561
15745560ns          266524 1c008e1e 0817f793 andi             x15, x15, 129       x15=00000000 x15:00000040
15745580ns          266525 1c008e22 0a079663 bne              x15, x0, 172        x15:00000000
15745600ns          266526 1c008e24 00000793 addi             x15, x0, 0          x15=00000000
15745620ns          266527 1c008e28 a0f517d3 flt.s            x15, f10, f15       x15=00000000 f10:3fa9a561 f15:00000000
15745640ns          266528 1c008e2c 0a079663 bne              x15, x0, 172        x15:00000000
15745660ns          266529 1c008e2e 1c000737 lui              x14, 0x1c000000     x14=1c000000
15745679ns          266530 1c008e32 16072783 lw               x15, 352(x14)       x15=40c90fdb x14:1c000000  PA:1c000160
15745998ns          266546 1c008e36 a0a797d3 flt.s            x15, f15, f10       x15=00000000 f15:40c90fdb f10:3fa9a561
15746018ns          266547 1c008e3a 00078b63 beq              x15, x0, 22         x15:00000000
15746077ns          266550 1c008e50 00000793 addi             x15, x0, 0          x15=00000000
15746097ns          266551 1c008e54 a0f517d3 flt.s            x15, f10, f15       x15=00000000 f10:3fa9a561 f15:00000000
15746117ns          266552 1c008e58 08079a63 bne              x15, x0, 148        x15:00000000
15746137ns          266553 1c008e5a 1c0007b7 lui              x15, 0x1c000000     x15=1c000000
15746157ns          266554 1c008e5e 0207a783 lw               x15, 32(x15)        x15=3fc90fdb x15:1c000000  PA:1c000020
15746475ns          266570 1c008e62 a0f517d3 flt.s            x15, f10, f15       x15=00000001 f10:3fa9a561 f15:3fc90fdb
15746495ns          266571 1c008e66 02079563 bne              x15, x0, 42         x15:00000001
15746555ns          266574 1c008e90 10a57553 fmul.s           f10, f10, f10       f10=xxxxxxxx f10:3fa9a561 f10:3fa9a561
15746575ns          266575 1c008e94 1c0007b7 lui              x15, 0x1c000000     x15=1c000000
15746594ns          266576 1c008e98 1c000737 lui              x14, 0x1c000000     x14=1c000000
15746614ns          266577 1c008e9c 16872703 lw               x14, 360(x14)       x14=bab59551 x14:1c000000  PA:1c000168
15746933ns          266593 1c008ea0 1647a783 lw               x15, 356(x15)       x15=37c23ab1 x15:1c000000  PA:1c000164
15747251ns          266609 1c008ea4 70f577c3 fmadd.s          f15, f10, f15, f14  f15=xxxxxxxx f10:3fe0d78a f15:37c23ab1 f14:bab59551
15747271ns          266610 1c008ea8 1c000737 lui              x14, 0x1c000000     x14=1c000000
15747291ns          266611 1c008eac 16c72703 lw               x14, 364(x14)       x14=3d2aa76f x14:1c000000  PA:1c00016c
15747629ns          266628 1c008eb0 70f577c3 fmadd.s          f15, f10, f15, f14  f15=xxxxxxxx f10:3fe0d78a f15:bab0409a f14:3d2aa76f
15747649ns          266629 1c008eb4 1c000737 lui              x14, 0x1c000000     x14=1c000000
15747669ns          266630 1c008eb8 17072703 lw               x14, 368(x14)       x14=beffffe0 x14:1c000000  PA:1c000170
15747987ns          266646 1c008ebc 70f577c3 fmadd.s          f15, f10, f15, f14  f15=xxxxxxxx f10:3fe0d78a f15:3d20faa0 f14:beffffe0
15748007ns          266647 1c008ec0 1c000737 lui              x14, 0x1c000000     x14=1c000000
15748027ns          266648 1c008ec4 19c72703 lw               x14, 412(x14)       x14=3f7fffff x14:1c000000  PA:1c00019c
15748365ns          266665 1c008ec8 70f57543 fmadd.s          f10, f10, f15, f14  f10=xxxxxxxx f10:3fe0d78a f15:bedca72b f14:3f7fffff
15748385ns          266666 1c008ecc 00008067 jalr             x0, x1, 0            x1:1c0087b6
15748444ns          266669 1c0087b6 004ca78b p.lw             x15, 4(x25!)        x15=00000014 x25=10000fa8 x25:10000fa4  PA:10000fa4
15748464ns          266670 1c0087ba ffcc270b p.lw             x14, -4(x24!)       x14=0000001b x24=10000fbc x24:10000fc0  PA:10000fc0
15748484ns          266671 1c0087be 00279793 slli             x15, x15, 0x2       x15=00000050 x15:00000014
15748504ns          266672 1c0087c0 017787b3 add              x15, x15, x23       x15=10000e9c x15:00000050 x23:10000e4c
15748524ns          266673 1c0087c2 00271713 slli             x14, x14, 0x2       x14=0000006c x14:0000001b
15748544ns          266674 1c0087c4 0007a583 lw               x11, 0(x15)         x11=c083ee0e x15:10000e9c  PA:10000e9c
15748564ns          266675 1c0087c6 01770733 add              x14, x14, x23       x14=10000eb8 x14:0000006c x23:10000e4c
15748584ns          266676 1c0087c8 00072683 lw               x13, 0(x14)         x13=41640a63 x14:10000eb8  PA:10000eb8
15748603ns          266677 1c0087ca 20949653 fsgnjn.s         f12, f9, f9         f12=xxxxxxxx  f9:3f7853f8  f9:3f7853f8
15748623ns          266678 1c0087ce 10b67653 fmul.s           f12, f12, f11       f12=xxxxxxxx f12:bf7853f8 f11:c083ee0e
15748643ns          266679 1c0087d2 10d4f4d3 fmul.s           f9, f9, f13          f9=xxxxxxxx  f9:3f7853f8 f13:41640a63
15748663ns          266680 1c0087d6 60d576c3 fmadd.s          f13, f10, f13, f12  f13=xxxxxxxx f10:3e78cfc8 f13:41640a63 f12:407ff3c7
15748683ns          266681 1c0087da 48b57543 fmadd.s          f10, f10, f11, f9   f10=xxxxxxxx f10:3e78cfc8 f11:c083ee0e  f9:415d34dc
15748703ns          266682 1c0087de 00d72023 sw               x13, 0(x14)         x13:40eecb77 x14:10000eb8  PA:10000eb8
15748723ns          266683 1c0087e0 00a7a023 sw               x10, 0(x15)         x10:414d2da6 x15:10000e9c  PA:10000e9c
15748743ns          266684 1c0087e2 fb5b13e3 bne              x22, x21, -90       x22:00000015 x21:00000018
15748802ns          266687 1c008788 016007b3 add              x15, x0, x22        x15=00000015 x22:00000015
15748822ns          266688 1c00878a 060b0d63 beq              x22, x0, 122        x22:00000015
15748842ns          266689 1c00878e 00000713 addi             x14, x0, 0          x14=00000000
15748862ns          266690 1c008790 00f006b3 add              x13, x0, x15        x13=00000015 x15:00000015
15748882ns          266691 1c008792 fc1726b3 p.insert         x13, x14, 30, 1     x13=00000001 x13:00000015 x14:00000000
15748902ns          266692 1c008796 4017d793 srai             x15, x15, 0x401     x15=0000000a x15:00000015
15748922ns          266693 1c008798 00d00733 add              x14, x0, x13        x14=00000001 x13:00000001
15748942ns          266694 1c00879a fe079be3 bne              x15, x0, -10        x15:0000000a
15749001ns          266697 1c008790 00f006b3 add              x13, x0, x15        x13=0000000a x15:0000000a
15749021ns          266698 1c008792 fc1726b3 p.insert         x13, x14, 30, 1     x13=00000002 x13:0000000a x14:00000001
15749041ns          266699 1c008796 4017d793 srai             x15, x15, 0x401     x15=00000005 x15:0000000a
15749061ns          266700 1c008798 00d00733 add              x14, x0, x13        x14=00000002 x13:00000002
15749081ns          266701 1c00879a fe079be3 bne              x15, x0, -10        x15:00000005
15749140ns          266704 1c008790 00f006b3 add              x13, x0, x15        x13=00000005 x15:00000005
15749160ns          266705 1c008792 fc1726b3 p.insert         x13, x14, 30, 1     x13=00000005 x13:00000005 x14:00000002
15749180ns          266706 1c008796 4017d793 srai             x15, x15, 0x401     x15=00000002 x15:00000005
15749200ns          266707 1c008798 00d00733 add              x14, x0, x13        x14=00000005 x13:00000005
15749220ns          266708 1c00879a fe079be3 bne              x15, x0, -10        x15:00000002
15749280ns          266711 1c008790 00f006b3 add              x13, x0, x15        x13=00000002 x15:00000002
15749300ns          266712 1c008792 fc1726b3 p.insert         x13, x14, 30, 1     x13=0000000a x13:00000002 x14:00000005
15749320ns          266713 1c008796 4017d793 srai             x15, x15, 0x401     x15=00000001 x15:00000002
15749339ns          266714 1c008798 00d00733 add              x14, x0, x13        x14=0000000a x13:0000000a
15749359ns          266715 1c00879a fe079be3 bne              x15, x0, -10        x15:00000001
15749419ns          266718 1c008790 00f006b3 add              x13, x0, x15        x13=00000001 x15:00000001
15749439ns          266719 1c008792 fc1726b3 p.insert         x13, x14, 30, 1     x13=00000015 x13:00000001 x14:0000000a
15749459ns          266720 1c008796 4017d793 srai             x15, x15, 0x401     x15=00000000 x15:00000001
15749479ns          266721 1c008798 00d00733 add              x14, x0, x13        x14=00000015 x13:00000015
15749499ns          266722 1c00879a fe079be3 bne              x15, x0, -10        x15:00000000
15749518ns          266723 1c00879c d006f453 fcvt.s.w         f8, x13              f8=xxxxxxxx x13:00000015
15749538ns          266724 1c0087a0 11447453 fmul.s           f8, f8, f20          f8=xxxxxxxx  f8:41a80000 f20:3f490fdb
15749558ns          266725 1c0087a4 19347453 fdiv.s           f8, f8, f19          f8=xxxxxxxx  f8:4183f268 f19:41800000
15749837ns          266739 1c0087a8 00800533 add              x10, x0, x8         x10=3f83f268  x8:3f83f268
15749857ns          266740 1c0087aa 66a000ef jal              x1, 1642             x1=1c0087ac
15749896ns          266742 1c008e14 a0a527d3 feq.s            x15, f10, f10       x15=00000001 f10:3f83f268 f10:3f83f268
15749916ns          266743 1c008e18 0a078b63 beq              x15, x0, 182        x15:00000001
15749936ns          266744 1c008e1a e00517d3 fclass.s         x15, f10            x15=00000040 f10:3f83f268
15749956ns          266745 1c008e1e 0817f793 andi             x15, x15, 129       x15=00000000 x15:00000040
15749976ns          266746 1c008e22 0a079663 bne              x15, x0, 172        x15:00000000
15749996ns          266747 1c008e24 00000793 addi             x15, x0, 0          x15=00000000
15750016ns          266748 1c008e28 a0f517d3 flt.s            x15, f10, f15       x15=00000000 f10:3f83f268 f15:00000000
15750036ns          266749 1c008e2c 0a079663 bne              x15, x0, 172        x15:00000000
15750055ns          266750 1c008e2e 1c000737 lui              x14, 0x1c000000     x14=1c000000
15750075ns          266751 1c008e32 16072783 lw               x15, 352(x14)       x15=40c90fdb x14:1c000000  PA:1c000160
15750394ns          266767 1c008e36 a0a797d3 flt.s            x15, f15, f10       x15=00000000 f15:40c90fdb f10:3f83f268
15750413ns          266768 1c008e3a 00078b63 beq              x15, x0, 22         x15:00000000
15750473ns          266771 1c008e50 00000793 addi             x15, x0, 0          x15=00000000
15750493ns          266772 1c008e54 a0f517d3 flt.s            x15, f10, f15       x15=00000000 f10:3f83f268 f15:00000000
15750513ns          266773 1c008e58 08079a63 bne              x15, x0, 148        x15:00000000
15750533ns          266774 1c008e5a 1c0007b7 lui              x15, 0x1c000000     x15=1c000000
15750553ns          266775 1c008e5e 0207a783 lw               x15, 32(x15)        x15=3fc90fdb x15:1c000000  PA:1c000020
15750891ns          266792 1c008e62 a0f517d3 flt.s            x15, f10, f15       x15=00000001 f10:3f83f268 f15:3fc90fdb
15750911ns          266793 1c008e66 02079563 bne              x15, x0, 42         x15:00000001
15750970ns          266796 1c008e90 10a57553 fmul.s           f10, f10, f10       f10=xxxxxxxx f10:3f83f268 f10:3f83f268
15750990ns          266797 1c008e94 1c0007b7 lui              x15, 0x1c000000     x15=1c000000
15751010ns          266798 1c008e98 1c000737 lui              x14, 0x1c000000     x14=1c000000
15751030ns          266799 1c008e9c 16872703 lw               x14, 360(x14)       x14=bab59551 x14:1c000000  PA:1c000168
15751328ns          266814 1c008ea0 1647a783 lw               x15, 356(x15)       x15=37c23ab1 x15:1c000000  PA:1c000164
15751667ns          266831 1c008ea4 70f577c3 fmadd.s          f15, f10, f15, f14  f15=xxxxxxxx f10:3f8803f8 f15:37c23ab1 f14:bab59551
15751687ns          266832 1c008ea8 1c000737 lui              x14, 0x1c000000     x14=1c000000
15751706ns          266833 1c008eac 16c72703 lw               x14, 364(x14)       x14=3d2aa76f x14:1c000000  PA:1c00016c
15752025ns          266849 1c008eb0 70f577c3 fmadd.s          f15, f10, f15, f14  f15=xxxxxxxx f10:3f8803f8 f15:bab25bbf f14:3d2aa76f
15752045ns          266850 1c008eb4 1c000737 lui              x14, 0x1c000000     x14=1c000000
15752064ns          266851 1c008eb8 17072703 lw               x14, 368(x14)       x14=beffffe0 x14:1c000000  PA:1c000170
15752383ns          266867 1c008ebc 70f577c3 fmadd.s          f15, f10, f15, f14  f15=xxxxxxxx f10:3f8803f8 f15:3d24bb37 f14:beffffe0
15752403ns          266868 1c008ec0 1c000737 lui              x14, 0x1c000000     x14=1c000000
15752422ns          266869 1c008ec4 19c72703 lw               x14, 412(x14)       x14=3f7fffff x14:1c000000  PA:1c00019c
15752741ns          266885 1c008ec8 70f57543 fmadd.s          f10, f10, f15, f14  f10=xxxxxxxx f10:3f8803f8 f15:beea1e5f f14:3f7fffff
15752761ns          266886 1c008ecc 00008067 jalr             x0, x1, 0            x1:1c0087ac
15752800ns          266888 1c0087ac 00a004b3 add              x9, x0, x10          x9=3f039c3b x10:3f039c3b
15752820ns          266889 1c0087ae 08897553 fsub.s           f10, f18, f8        f10=xxxxxxxx f18:3fc90fdb  f8:3f83f268
15752840ns          266890 1c0087b2 001b0b13 addi             x22, x22, 1         x22=00000016 x22:00000015
15752860ns          266891 1c0087b4 660000ef jal              x1, 1632             x1=1c0087b6
15752900ns          266893 1c008e14 a0a527d3 feq.s            x15, f10, f10       x15=00000001 f10:3f0a3ae6 f10:3f0a3ae6
15752920ns          266894 1c008e18 0a078b63 beq              x15, x0, 182        x15:00000001
15752940ns          266895 1c008e1a e00517d3 fclass.s         x15, f10            x15=00000040 f10:3f0a3ae6
15752960ns          266896 1c008e1e 0817f793 andi             x15, x15, 129       x15=00000000 x15:00000040
15752979ns          266897 1c008e22 0a079663 bne              x15, x0, 172        x15:00000000
15752999ns          266898 1c008e24 00000793 addi             x15, x0, 0          x15=00000000
15753019ns          266899 1c008e28 a0f517d3 flt.s            x15, f10, f15       x15=00000000 f10:3f0a3ae6 f15:00000000
15753039ns          266900 1c008e2c 0a079663 bne              x15, x0, 172        x15:00000000
15753059ns          266901 1c008e2e 1c000737 lui              x14, 0x1c000000     x14=1c000000
15753079ns          266902 1c008e32 16072783 lw               x15, 352(x14)       x15=40c90fdb x14:1c000000  PA:1c000160
15753457ns          266921 1c008e36 a0a797d3 flt.s            x15, f15, f10       x15=00000000 f15:40c90fdb f10:3f0a3ae6
15753477ns          266922 1c008e3a 00078b63 beq              x15, x0, 22         x15:00000000
15753536ns          266925 1c008e50 00000793 addi             x15, x0, 0          x15=00000000
15753556ns          266926 1c008e54 a0f517d3 flt.s            x15, f10, f15       x15=00000000 f10:3f0a3ae6 f15:00000000
15753576ns          266927 1c008e58 08079a63 bne              x15, x0, 148        x15:00000000
15753596ns          266928 1c008e5a 1c0007b7 lui              x15, 0x1c000000     x15=1c000000
15753616ns          266929 1c008e5e 0207a783 lw               x15, 32(x15)        x15=3fc90fdb x15:1c000000  PA:1c000020
15753954ns          266946 1c008e62 a0f517d3 flt.s            x15, f10, f15       x15=00000001 f10:3f0a3ae6 f15:3fc90fdb
15753974ns          266947 1c008e66 02079563 bne              x15, x0, 42         x15:00000001
15754034ns          266950 1c008e90 10a57553 fmul.s           f10, f10, f10       f10=xxxxxxxx f10:3f0a3ae6 f10:3f0a3ae6
15754054ns          266951 1c008e94 1c0007b7 lui              x15, 0x1c000000     x15=1c000000
15754073ns          266952 1c008e98 1c000737 lui              x14, 0x1c000000     x14=1c000000
15754093ns          266953 1c008e9c 16872703 lw               x14, 360(x14)       x14=bab59551 x14:1c000000  PA:1c000168
15754392ns          266968 1c008ea0 1647a783 lw               x15, 356(x15)       x15=37c23ab1 x15:1c000000  PA:1c000164
15754710ns          266984 1c008ea4 70f577c3 fmadd.s          f15, f10, f15, f14  f15=xxxxxxxx f10:3e95471b f15:37c23ab1 f14:bab59551
15754730ns          266985 1c008ea8 1c000737 lui              x14, 0x1c000000     x14=1c000000
15754750ns          266986 1c008eac 16c72703 lw               x14, 364(x14)       x14=3d2aa76f x14:1c000000  PA:1c00016c
15755088ns          267003 1c008eb0 70f577c3 fmadd.s          f15, f10, f15, f14  f15=xxxxxxxx f10:3e95471b f15:bab4b2cd f14:3d2aa76f
15755108ns          267004 1c008eb4 1c000737 lui              x14, 0x1c000000     x14=1c000000
15755128ns          267005 1c008eb8 17072703 lw               x14, 368(x14)       x14=beffffe0 x14:1c000000  PA:1c000170
15755446ns          267021 1c008ebc 70f577c3 fmadd.s          f15, f10, f15, f14  f15=xxxxxxxx f10:3e95471b f15:3d2901f6 f14:beffffe0
15755466ns          267022 1c008ec0 1c000737 lui              x14, 0x1c000000     x14=1c000000
15755486ns          267023 1c008ec4 19c72703 lw               x14, 412(x14)       x14=3f7fffff x14:1c000000  PA:1c00019c
15755804ns          267039 1c008ec8 70f57543 fmadd.s          f10, f10, f15, f14  f10=xxxxxxxx f10:3e95471b f15:bef9d70f f14:3f7fffff
15755824ns          267040 1c008ecc 00008067 jalr             x0, x1, 0            x1:1c0087b6
15755883ns          267043 1c0087b6 004ca78b p.lw             x15, 4(x25!)        x15=00000015 x25=10000fac x25:10000fa8  PA:10000fa8
15755903ns          267044 1c0087ba ffcc270b p.lw             x14, -4(x24!)       x14=0000001a x24=10000fb8 x24:10000fbc  PA:10000fbc
15755923ns          267045 1c0087be 00279793 slli             x15, x15, 0x2       x15=00000054 x15:00000015
15755943ns          267046 1c0087c0 017787b3 add              x15, x15, x23       x15=10000ea0 x15:00000054 x23:10000e4c
15755963ns          267047 1c0087c2 00271713 slli             x14, x14, 0x2       x14=00000068 x14:0000001a
15755983ns          267048 1c0087c4 0007a583 lw               x11, 0(x15)         x11=bf05d0a6 x15:10000ea0  PA:10000ea0
15756003ns          267049 1c0087c6 01770733 add              x14, x14, x23       x14=10000eb4 x14:00000068 x23:10000e4c
15756023ns          267050 1c0087c8 00072683 lw               x13, 0(x14)         x13=417cfd13 x14:10000eb4  PA:10000eb4
15756043ns          267051 1c0087ca 20949653 fsgnjn.s         f12, f9, f9         f12=xxxxxxxx  f9:3f039c3b  f9:3f039c3b
15756062ns          267052 1c0087ce 10b67653 fmul.s           f12, f12, f11       f12=xxxxxxxx f12:bf039c3b f11:bf05d0a6
15756082ns          267053 1c0087d2 10d4f4d3 fmul.s           f9, f9, f13          f9=xxxxxxxx  f9:3f039c3b f13:417cfd13
15756102ns          267054 1c0087d6 60d576c3 fmadd.s          f13, f10, f13, f12  f13=xxxxxxxx f10:3f5b941b f13:417cfd13 f12:3e8996de
15756122ns          267055 1c0087da 48b57543 fmadd.s          f10, f10, f11, f9   f10=xxxxxxxx f10:3f5b941b f11:bf05d0a6  f9:41020fe5
15756142ns          267056 1c0087de 00d72023 sw               x13, 0(x14)         x13:415d4b93 x14:10000eb4  PA:10000eb4
15756162ns          267057 1c0087e0 00a7a023 sw               x10, 0(x15)         x10:40f5c6ed x15:10000ea0  PA:10000ea0
15756182ns          267058 1c0087e2 fb5b13e3 bne              x22, x21, -90       x22:00000016 x21:00000018
15756241ns          267061 1c008788 016007b3 add              x15, x0, x22        x15=00000016 x22:00000016
15756261ns          267062 1c00878a 060b0d63 beq              x22, x0, 122        x22:00000016
15756281ns          267063 1c00878e 00000713 addi             x14, x0, 0          x14=00000000
15756301ns          267064 1c008790 00f006b3 add              x13, x0, x15        x13=00000016 x15:00000016
15756321ns          267065 1c008792 fc1726b3 p.insert         x13, x14, 30, 1     x13=00000000 x13:00000016 x14:00000000
15756341ns          267066 1c008796 4017d793 srai             x15, x15, 0x401     x15=0000000b x15:00000016
15756361ns          267067 1c008798 00d00733 add              x14, x0, x13        x14=00000000 x13:00000000
15756381ns          267068 1c00879a fe079be3 bne              x15, x0, -10        x15:0000000b
15756440ns          267071 1c008790 00f006b3 add              x13, x0, x15        x13=0000000b x15:0000000b
15756460ns          267072 1c008792 fc1726b3 p.insert         x13, x14, 30, 1     x13=00000001 x13:0000000b x14:00000000
15756480ns          267073 1c008796 4017d793 srai             x15, x15, 0x401     x15=00000005 x15:0000000b
15756500ns          267074 1c008798 00d00733 add              x14, x0, x13        x14=00000001 x13:00000001
15756520ns          267075 1c00879a fe079be3 bne              x15, x0, -10        x15:00000005
15756580ns          267078 1c008790 00f006b3 add              x13, x0, x15        x13=00000005 x15:00000005
15756600ns          267079 1c008792 fc1726b3 p.insert         x13, x14, 30, 1     x13=00000003 x13:00000005 x14:00000001
15756619ns          267080 1c008796 4017d793 srai             x15, x15, 0x401     x15=00000002 x15:00000005
15756639ns          267081 1c008798 00d00733 add              x14, x0, x13        x14=00000003 x13:00000003
15756659ns          267082 1c00879a fe079be3 bne              x15, x0, -10        x15:00000002
15756719ns          267085 1c008790 00f006b3 add              x13, x0, x15        x13=00000002 x15:00000002
15756739ns          267086 1c008792 fc1726b3 p.insert         x13, x14, 30, 1     x13=00000006 x13:00000002 x14:00000003
15756759ns          267087 1c008796 4017d793 srai             x15, x15, 0x401     x15=00000001 x15:00000002
15756779ns          267088 1c008798 00d00733 add              x14, x0, x13        x14=00000006 x13:00000006
15756798ns          267089 1c00879a fe079be3 bne              x15, x0, -10        x15:00000001
15756858ns          267092 1c008790 00f006b3 add              x13, x0, x15        x13=00000001 x15:00000001
15756878ns          267093 1c008792 fc1726b3 p.insert         x13, x14, 30, 1     x13=0000000d x13:00000001 x14:00000006
15756898ns          267094 1c008796 4017d793 srai             x15, x15, 0x401     x15=00000000 x15:00000001
15756918ns          267095 1c008798 00d00733 add              x14, x0, x13        x14=0000000d x13:0000000d
15756938ns          267096 1c00879a fe079be3 bne              x15, x0, -10        x15:00000000
15756958ns          267097 1c00879c d006f453 fcvt.s.w         f8, x13              f8=xxxxxxxx x13:0000000d
15756977ns          267098 1c0087a0 11447453 fmul.s           f8, f8, f20          f8=xxxxxxxx  f8:41500000 f20:3f490fdb
15756997ns          267099 1c0087a4 19347453 fdiv.s           f8, f8, f19          f8=xxxxxxxx  f8:41235ce2 f19:41800000
15757276ns          267113 1c0087a8 00800533 add              x10, x0, x8         x10=3f235ce2  x8:3f235ce2
15757296ns          267114 1c0087aa 66a000ef jal              x1, 1642             x1=1c0087ac
15757335ns          267116 1c008e14 a0a527d3 feq.s            x15, f10, f10       x15=00000001 f10:3f235ce2 f10:3f235ce2
15757355ns          267117 1c008e18 0a078b63 beq              x15, x0, 182        x15:00000001
15757375ns          267118 1c008e1a e00517d3 fclass.s         x15, f10            x15=00000040 f10:3f235ce2
15757395ns          267119 1c008e1e 0817f793 andi             x15, x15, 129       x15=00000000 x15:00000040
15757415ns          267120 1c008e22 0a079663 bne              x15, x0, 172        x15:00000000
15757435ns          267121 1c008e24 00000793 addi             x15, x0, 0          x15=00000000
15757455ns          267122 1c008e28 a0f517d3 flt.s            x15, f10, f15       x15=00000000 f10:3f235ce2 f15:00000000
15757475ns          267123 1c008e2c 0a079663 bne              x15, x0, 172        x15:00000000
15757495ns          267124 1c008e2e 1c000737 lui              x14, 0x1c000000     x14=1c000000
15757514ns          267125 1c008e32 16072783 lw               x15, 352(x14)       x15=40c90fdb x14:1c000000  PA:1c000160
15757833ns          267141 1c008e36 a0a797d3 flt.s            x15, f15, f10       x15=00000000 f15:40c90fdb f10:3f235ce2
15757853ns          267142 1c008e3a 00078b63 beq              x15, x0, 22         x15:00000000
15757912ns          267145 1c008e50 00000793 addi             x15, x0, 0          x15=00000000
15757932ns          267146 1c008e54 a0f517d3 flt.s            x15, f10, f15       x15=00000000 f10:3f235ce2 f15:00000000
15757952ns          267147 1c008e58 08079a63 bne              x15, x0, 148        x15:00000000
15757972ns          267148 1c008e5a 1c0007b7 lui              x15, 0x1c000000     x15=1c000000
15757992ns          267149 1c008e5e 0207a783 lw               x15, 32(x15)        x15=3fc90fdb x15:1c000000  PA:1c000020
15758330ns          267166 1c008e62 a0f517d3 flt.s            x15, f10, f15       x15=00000001 f10:3f235ce2 f15:3fc90fdb
15758350ns          267167 1c008e66 02079563 bne              x15, x0, 42         x15:00000001
15758410ns          267170 1c008e90 10a57553 fmul.s           f10, f10, f10       f10=xxxxxxxx f10:3f235ce2 f10:3f235ce2
15758429ns          267171 1c008e94 1c0007b7 lui              x15, 0x1c000000     x15=1c000000
15758449ns          267172 1c008e98 1c000737 lui              x14, 0x1c000000     x14=1c000000
15758469ns          267173 1c008e9c 16872703 lw               x14, 360(x14)       x14=bab59551 x14:1c000000  PA:1c000168
15758768ns          267188 1c008ea0 1647a783 lw               x15, 356(x15)       x15=37c23ab1 x15:1c000000  PA:1c000164
15759086ns          267204 1c008ea4 70f577c3 fmadd.s          f15, f10, f15, f14  f15=xxxxxxxx f10:3ed07ed3 f15:37c23ab1 f14:bab59551
15759106ns          267205 1c008ea8 1c000737 lui              x14, 0x1c000000     x14=1c000000
15759126ns          267206 1c008eac 16c72703 lw               x14, 364(x14)       x14=3d2aa76f x14:1c000000  PA:1c00016c
15759444ns          267222 1c008eb0 70f577c3 fmadd.s          f15, f10, f15, f14  f15=xxxxxxxx f10:3ed07ed3 f15:bab458f1 f14:3d2aa76f
15759464ns          267223 1c008eb4 1c000737 lui              x14, 0x1c000000     x14=1c000000
15759484ns          267224 1c008eb8 17072703 lw               x14, 368(x14)       x14=beffffe0 x14:1c000000  PA:1c000170
15759802ns          267240 1c008ebc 70f577c3 fmadd.s          f15, f10, f15, f14  f15=xxxxxxxx f10:3ed07ed3 f15:3d285be9 f14:beffffe0
15759822ns          267241 1c008ec0 1c000737 lui              x14, 0x1c000000     x14=1c000000
15759842ns          267242 1c008ec4 19c72703 lw               x14, 412(x14)       x14=3f7fffff x14:1c000000  PA:1c00019c
15760160ns          267258 1c008ec8 70f57543 fmadd.s          f10, f10, f15, f14  f10=xxxxxxxx f10:3ed07ed3 f15:bef76dff f14:3f7fffff
15760180ns          267259 1c008ecc 00008067 jalr             x0, x1, 0            x1:1c0087ac
15760220ns          267261 1c0087ac 00a004b3 add              x9, x0, x10          x9=3f4d9f02 x10:3f4d9f02
15760240ns          267262 1c0087ae 08897553 fsub.s           f10, f18, f8        f10=xxxxxxxx f18:3fc90fdb  f8:3f235ce2
15760259ns          267263 1c0087b2 001b0b13 addi             x22, x22, 1         x22=00000017 x22:00000016
15760279ns          267264 1c0087b4 660000ef jal              x1, 1632             x1=1c0087b6
15760319ns          267266 1c008e14 a0a527d3 feq.s            x15, f10, f10       x15=00000001 f10:3f6ec2d4 f10:3f6ec2d4
15760339ns          267267 1c008e18 0a078b63 beq              x15, x0, 182        x15:00000001
15760359ns          267268 1c008e1a e00517d3 fclass.s         x15, f10            x15=00000040 f10:3f6ec2d4
15760379ns          267269 1c008e1e 0817f793 andi             x15, x15, 129       x15=00000000 x15:00000040
15760399ns          267270 1c008e22 0a079663 bne              x15, x0, 172        x15:00000000
15760419ns          267271 1c008e24 00000793 addi             x15, x0, 0          x15=00000000
15760438ns          267272 1c008e28 a0f517d3 flt.s            x15, f10, f15       x15=00000000 f10:3f6ec2d4 f15:00000000
15760458ns          267273 1c008e2c 0a079663 bne              x15, x0, 172        x15:00000000
15760478ns          267274 1c008e2e 1c000737 lui              x14, 0x1c000000     x14=1c000000
15760498ns          267275 1c008e32 16072783 lw               x15, 352(x14)       x15=40c90fdb x14:1c000000  PA:1c000160
15760836ns          267292 1c008e36 a0a797d3 flt.s            x15, f15, f10       x15=00000000 f15:40c90fdb f10:3f6ec2d4
15760856ns          267293 1c008e3a 00078b63 beq              x15, x0, 22         x15:00000000
15760916ns          267296 1c008e50 00000793 addi             x15, x0, 0          x15=00000000
15760936ns          267297 1c008e54 a0f517d3 flt.s            x15, f10, f15       x15=00000000 f10:3f6ec2d4 f15:00000000
15760956ns          267298 1c008e58 08079a63 bne              x15, x0, 148        x15:00000000
15760975ns          267299 1c008e5a 1c0007b7 lui              x15, 0x1c000000     x15=1c000000
15760995ns          267300 1c008e5e 0207a783 lw               x15, 32(x15)        x15=3fc90fdb x15:1c000000  PA:1c000020
15761314ns          267316 1c008e62 a0f517d3 flt.s            x15, f10, f15       x15=00000001 f10:3f6ec2d4 f15:3fc90fdb
15761334ns          267317 1c008e66 02079563 bne              x15, x0, 42         x15:00000001
15761393ns          267320 1c008e90 10a57553 fmul.s           f10, f10, f10       f10=xxxxxxxx f10:3f6ec2d4 f10:3f6ec2d4
15761413ns          267321 1c008e94 1c0007b7 lui              x15, 0x1c000000     x15=1c000000
15761433ns          267322 1c008e98 1c000737 lui              x14, 0x1c000000     x14=1c000000
15761453ns          267323 1c008e9c 16872703 lw               x14, 360(x14)       x14=bab59551 x14:1c000000  PA:1c000168
15761751ns          267338 1c008ea0 1647a783 lw               x15, 356(x15)       x15=37c23ab1 x15:1c000000  PA:1c000164
15762069ns          267354 1c008ea4 70f577c3 fmadd.s          f15, f10, f15, f14  f15=xxxxxxxx f10:3f5eaed6 f15:37c23ab1 f14:bab59551
15762089ns          267355 1c008ea8 1c000737 lui              x14, 0x1c000000     x14=1c000000
15762109ns          267356 1c008eac 16c72703 lw               x14, 364(x14)       x14=3d2aa76f x14:1c000000  PA:1c00016c
15762428ns          267372 1c008eb0 70f577c3 fmadd.s          f15, f10, f15, f14  f15=xxxxxxxx f10:3f5eaed6 f15:bab2f183 f14:3d2aa76f
15762447ns          267373 1c008eb4 1c000737 lui              x14, 0x1c000000     x14=1c000000
15762467ns          267374 1c008eb8 17072703 lw               x14, 368(x14)       x14=beffffe0 x14:1c000000  PA:1c000170
15762786ns          267390 1c008ebc 70f577c3 fmadd.s          f15, f10, f15, f14  f15=xxxxxxxx f10:3f5eaed6 f15:3d25ca32 f14:beffffe0
15762805ns          267391 1c008ec0 1c000737 lui              x14, 0x1c000000     x14=1c000000
15762825ns          267392 1c008ec4 19c72703 lw               x14, 412(x14)       x14=3f7fffff x14:1c000000  PA:1c00019c
15763144ns          267408 1c008ec8 70f57543 fmadd.s          f10, f10, f15, f14  f10=xxxxxxxx f10:3f5eaed6 f15:beedf90e f14:3f7fffff
15763163ns          267409 1c008ecc 00008067 jalr             x0, x1, 0            x1:1c0087b6
15763223ns          267412 1c0087b6 004ca78b p.lw             x15, 4(x25!)        x15=00000016 x25=10000fb0 x25:10000fac  PA:10000fac
15763243ns          267413 1c0087ba ffcc270b p.lw             x14, -4(x24!)       x14=00000019 x24=10000fb4 x24:10000fb8  PA:10000fb8
15763263ns          267414 1c0087be 00279793 slli             x15, x15, 0x2       x15=00000058 x15:00000016
15763283ns          267415 1c0087c0 017787b3 add              x15, x15, x23       x15=10000ea4 x15:00000058 x23:10000e4c
15763303ns          267416 1c0087c2 00271713 slli             x14, x14, 0x2       x14=00000064 x14:00000019
15763323ns          267417 1c0087c4 0007a583 lw               x11, 0(x15)         x11=3f029004 x15:10000ea4  PA:10000ea4
15763342ns          267418 1c0087c6 01770733 add              x14, x14, x23       x14=10000eb0 x14:00000064 x23:10000e4c
15763362ns          267419 1c0087c8 00072683 lw               x13, 0(x14)         x13=413e8bf3 x14:10000eb0  PA:10000eb0
15763382ns          267420 1c0087ca 20949653 fsgnjn.s         f12, f9, f9         f12=xxxxxxxx  f9:3f4d9f02  f9:3f4d9f02
15763402ns          267421 1c0087ce 10b67653 fmul.s           f12, f12, f11       f12=xxxxxxxx f12:bf4d9f02 f11:3f029004
15763422ns          267422 1c0087d2 10d4f4d3 fmul.s           f9, f9, f13          f9=xxxxxxxx  f9:3f4d9f02 f13:413e8bf3
15763442ns          267423 1c0087d6 60d576c3 fmadd.s          f13, f10, f13, f12  f13=xxxxxxxx f10:3f187fbf f13:413e8bf3 f12:bed1bcd7
15763462ns          267424 1c0087da 48b57543 fmadd.s          f10, f10, f11, f9   f10=xxxxxxxx f10:3f187fbf f11:3f029004  f9:41190c6c
15763482ns          267425 1c0087de 00d72023 sw               x13, 0(x14)         x13:40d5e88e x14:10000eb0  PA:10000eb0
15763502ns          267426 1c0087e0 00a7a023 sw               x10, 0(x15)         x10:411de8d7 x15:10000ea4  PA:10000ea4
15763521ns          267427 1c0087e2 fb5b13e3 bne              x22, x21, -90       x22:00000017 x21:00000018
15763581ns          267430 1c008788 016007b3 add              x15, x0, x22        x15=00000017 x22:00000017
15763601ns          267431 1c00878a 060b0d63 beq              x22, x0, 122        x22:00000017
15763621ns          267432 1c00878e 00000713 addi             x14, x0, 0          x14=00000000
15763641ns          267433 1c008790 00f006b3 add              x13, x0, x15        x13=00000017 x15:00000017
15763661ns          267434 1c008792 fc1726b3 p.insert         x13, x14, 30, 1     x13=00000001 x13:00000017 x14:00000000
15763681ns          267435 1c008796 4017d793 srai             x15, x15, 0x401     x15=0000000b x15:00000017
15763701ns          267436 1c008798 00d00733 add              x14, x0, x13        x14=00000001 x13:00000001
15763720ns          267437 1c00879a fe079be3 bne              x15, x0, -10        x15:0000000b
15763780ns          267440 1c008790 00f006b3 add              x13, x0, x15        x13=0000000b x15:0000000b
15763800ns          267441 1c008792 fc1726b3 p.insert         x13, x14, 30, 1     x13=00000003 x13:0000000b x14:00000001
15763820ns          267442 1c008796 4017d793 srai             x15, x15, 0x401     x15=00000005 x15:0000000b
15763840ns          267443 1c008798 00d00733 add              x14, x0, x13        x14=00000003 x13:00000003
15763860ns          267444 1c00879a fe079be3 bne              x15, x0, -10        x15:00000005
15763919ns          267447 1c008790 00f006b3 add              x13, x0, x15        x13=00000005 x15:00000005
15763939ns          267448 1c008792 fc1726b3 p.insert         x13, x14, 30, 1     x13=00000007 x13:00000005 x14:00000003
15763959ns          267449 1c008796 4017d793 srai             x15, x15, 0x401     x15=00000002 x15:00000005
15763979ns          267450 1c008798 00d00733 add              x14, x0, x13        x14=00000007 x13:00000007
15763999ns          267451 1c00879a fe079be3 bne              x15, x0, -10        x15:00000002
15764059ns          267454 1c008790 00f006b3 add              x13, x0, x15        x13=00000002 x15:00000002
15764078ns          267455 1c008792 fc1726b3 p.insert         x13, x14, 30, 1     x13=0000000e x13:00000002 x14:00000007
15764098ns          267456 1c008796 4017d793 srai             x15, x15, 0x401     x15=00000001 x15:00000002
15764118ns          267457 1c008798 00d00733 add              x14, x0, x13        x14=0000000e x13:0000000e
15764138ns          267458 1c00879a fe079be3 bne              x15, x0, -10        x15:00000001
15764198ns          267461 1c008790 00f006b3 add              x13, x0, x15        x13=00000001 x15:00000001
15764218ns          267462 1c008792 fc1726b3 p.insert         x13, x14, 30, 1     x13=0000001d x13:00000001 x14:0000000e
15764238ns          267463 1c008796 4017d793 srai             x15, x15, 0x401     x15=00000000 x15:00000001
15764257ns          267464 1c008798 00d00733 add              x14, x0, x13        x14=0000001d x13:0000001d
15764277ns          267465 1c00879a fe079be3 bne              x15, x0, -10        x15:00000000
15764297ns          267466 1c00879c d006f453 fcvt.s.w         f8, x13              f8=xxxxxxxx x13:0000001d
15764317ns          267467 1c0087a0 11447453 fmul.s           f8, f8, f20          f8=xxxxxxxx  f8:41e80000 f20:3f490fdb
15764337ns          267468 1c0087a4 19347453 fdiv.s           f8, f8, f19          f8=xxxxxxxx  f8:41b6365e f19:41800000
15764615ns          267482 1c0087a8 00800533 add              x10, x0, x8         x10=3fb6365e  x8:3fb6365e
15764635ns          267483 1c0087aa 66a000ef jal              x1, 1642             x1=1c0087ac
15764675ns          267485 1c008e14 a0a527d3 feq.s            x15, f10, f10       x15=00000001 f10:3fb6365e f10:3fb6365e
15764695ns          267486 1c008e18 0a078b63 beq              x15, x0, 182        x15:00000001
15764715ns          267487 1c008e1a e00517d3 fclass.s         x15, f10            x15=00000040 f10:3fb6365e
15764735ns          267488 1c008e1e 0817f793 andi             x15, x15, 129       x15=00000000 x15:00000040
15764755ns          267489 1c008e22 0a079663 bne              x15, x0, 172        x15:00000000
15764775ns          267490 1c008e24 00000793 addi             x15, x0, 0          x15=00000000
15764795ns          267491 1c008e28 a0f517d3 flt.s            x15, f10, f15       x15=00000000 f10:3fb6365e f15:00000000
15764814ns          267492 1c008e2c 0a079663 bne              x15, x0, 172        x15:00000000
15764834ns          267493 1c008e2e 1c000737 lui              x14, 0x1c000000     x14=1c000000
15764854ns          267494 1c008e32 16072783 lw               x15, 352(x14)       x15=40c90fdb x14:1c000000  PA:1c000160
15765172ns          267510 1c008e36 a0a797d3 flt.s            x15, f15, f10       x15=00000000 f15:40c90fdb f10:3fb6365e
15765192ns          267511 1c008e3a 00078b63 beq              x15, x0, 22         x15:00000000
15765252ns          267514 1c008e50 00000793 addi             x15, x0, 0          x15=00000000
15765272ns          267515 1c008e54 a0f517d3 flt.s            x15, f10, f15       x15=00000000 f10:3fb6365e f15:00000000
15765292ns          267516 1c008e58 08079a63 bne              x15, x0, 148        x15:00000000
15765312ns          267517 1c008e5a 1c0007b7 lui              x15, 0x1c000000     x15=1c000000
15765332ns          267518 1c008e5e 0207a783 lw               x15, 32(x15)        x15=3fc90fdb x15:1c000000  PA:1c000020
15765650ns          267534 1c008e62 a0f517d3 flt.s            x15, f10, f15       x15=00000001 f10:3fb6365e f15:3fc90fdb
15765670ns          267535 1c008e66 02079563 bne              x15, x0, 42         x15:00000001
15765729ns          267538 1c008e90 10a57553 fmul.s           f10, f10, f10       f10=xxxxxxxx f10:3fb6365e f10:3fb6365e
15765749ns          267539 1c008e94 1c0007b7 lui              x15, 0x1c000000     x15=1c000000
15765769ns          267540 1c008e98 1c000737 lui              x14, 0x1c000000     x14=1c000000
15765789ns          267541 1c008e9c 16872703 lw               x14, 360(x14)       x14=bab59551 x14:1c000000  PA:1c000168
15766087ns          267556 1c008ea0 1647a783 lw               x15, 356(x15)       x15=37c23ab1 x15:1c000000  PA:1c000164
15766426ns          267573 1c008ea4 70f577c3 fmadd.s          f15, f10, f15, f14  f15=xxxxxxxx f10:4001b159 f15:37c23ab1 f14:bab59551
15766445ns          267574 1c008ea8 1c000737 lui              x14, 0x1c000000     x14=1c000000
15766465ns          267575 1c008eac 16c72703 lw               x14, 364(x14)       x14=3d2aa76f x14:1c000000  PA:1c00016c
15766784ns          267591 1c008eb0 70f577c3 fmadd.s          f15, f10, f15, f14  f15=xxxxxxxx f10:4001b159 f15:baaf6eef f14:3d2aa76f
15766803ns          267592 1c008eb4 1c000737 lui              x14, 0x1c000000     x14=1c000000
15766823ns          267593 1c008eb8 17072703 lw               x14, 368(x14)       x14=beffffe0 x14:1c000000  PA:1c000170
15767142ns          267609 1c008ebc 70f577c3 fmadd.s          f15, f10, f15, f14  f15=xxxxxxxx f10:4001b159 f15:3d1f8b61 f14:beffffe0
15767162ns          267610 1c008ec0 1c000737 lui              x14, 0x1c000000     x14=1c000000
15767181ns          267611 1c008ec4 19c72703 lw               x14, 412(x14)       x14=3f7fffff x14:1c000000  PA:1c00019c
15767500ns          267627 1c008ec8 70f57543 fmadd.s          f10, f10, f15, f14  f10=xxxxxxxx f10:4001b159 f15:bed795ff f14:3f7fffff
15767520ns          267628 1c008ecc 00008067 jalr             x0, x1, 0            x1:1c0087ac
15767559ns          267630 1c0087ac 00a004b3 add              x9, x0, x10          x9=3e164083 x10:3e164083
15767579ns          267631 1c0087ae 08897553 fsub.s           f10, f18, f8        f10=xxxxxxxx f18:3fc90fdb  f8:3fb6365e
15767599ns          267632 1c0087b2 001b0b13 addi             x22, x22, 1         x22=00000018 x22:00000017
15767619ns          267633 1c0087b4 660000ef jal              x1, 1632             x1=1c0087b6
15767659ns          267635 1c008e14 a0a527d3 feq.s            x15, f10, f10       x15=00000001 f10:3e16cbe8 f10:3e16cbe8
15767679ns          267636 1c008e18 0a078b63 beq              x15, x0, 182        x15:00000001
15767699ns          267637 1c008e1a e00517d3 fclass.s         x15, f10            x15=00000040 f10:3e16cbe8
15767718ns          267638 1c008e1e 0817f793 andi             x15, x15, 129       x15=00000000 x15:00000040
15767738ns          267639 1c008e22 0a079663 bne              x15, x0, 172        x15:00000000
15767758ns          267640 1c008e24 00000793 addi             x15, x0, 0          x15=00000000
15767778ns          267641 1c008e28 a0f517d3 flt.s            x15, f10, f15       x15=00000000 f10:3e16cbe8 f15:00000000
15767798ns          267642 1c008e2c 0a079663 bne              x15, x0, 172        x15:00000000
15767818ns          267643 1c008e2e 1c000737 lui              x14, 0x1c000000     x14=1c000000
15767838ns          267644 1c008e32 16072783 lw               x15, 352(x14)       x15=40c90fdb x14:1c000000  PA:1c000160
15768156ns          267660 1c008e36 a0a797d3 flt.s            x15, f15, f10       x15=00000000 f15:40c90fdb f10:3e16cbe8
15768176ns          267661 1c008e3a 00078b63 beq              x15, x0, 22         x15:00000000
15768236ns          267664 1c008e50 00000793 addi             x15, x0, 0          x15=00000000
15768255ns          267665 1c008e54 a0f517d3 flt.s            x15, f10, f15       x15=00000000 f10:3e16cbe8 f15:00000000
15768275ns          267666 1c008e58 08079a63 bne              x15, x0, 148        x15:00000000
15768295ns          267667 1c008e5a 1c0007b7 lui              x15, 0x1c000000     x15=1c000000
15768315ns          267668 1c008e5e 0207a783 lw               x15, 32(x15)        x15=3fc90fdb x15:1c000000  PA:1c000020
15768653ns          267685 1c008e62 a0f517d3 flt.s            x15, f10, f15       x15=00000001 f10:3e16cbe8 f15:3fc90fdb
15768673ns          267686 1c008e66 02079563 bne              x15, x0, 42         x15:00000001
15768733ns          267689 1c008e90 10a57553 fmul.s           f10, f10, f10       f10=xxxxxxxx f10:3e16cbe8 f10:3e16cbe8
15768753ns          267690 1c008e94 1c0007b7 lui              x15, 0x1c000000     x15=1c000000
15768773ns          267691 1c008e98 1c000737 lui              x14, 0x1c000000     x14=1c000000
15768793ns          267692 1c008e9c 16872703 lw               x14, 360(x14)       x14=bab59551 x14:1c000000  PA:1c000168
15769111ns          267708 1c008ea0 1647a783 lw               x15, 356(x15)       x15=37c23ab1 x15:1c000000  PA:1c000164
15769429ns          267724 1c008ea4 70f577c3 fmadd.s          f15, f10, f15, f14  f15=xxxxxxxx f10:3cb1a72d f15:37c23ab1 f14:bab59551
15769449ns          267725 1c008ea8 1c000737 lui              x14, 0x1c000000     x14=1c000000
15769469ns          267726 1c008eac 16c72703 lw               x14, 364(x14)       x14=3d2aa76f x14:1c000000  PA:1c00016c
15769787ns          267742 1c008eb0 70f577c3 fmadd.s          f15, f10, f15, f14  f15=xxxxxxxx f10:3cb1a72d f15:bab58478 f14:3d2aa76f
15769807ns          267743 1c008eb4 1c000737 lui              x14, 0x1c000000     x14=1c000000
15769827ns          267744 1c008eb8 17072703 lw               x14, 368(x14)       x14=beffffe0 x14:1c000000  PA:1c000170
15770145ns          267760 1c008ebc 70f577c3 fmadd.s          f15, f10, f15, f14  f15=xxxxxxxx f10:3cb1a72d f15:3d2a87f1 f14:beffffe0
15770165ns          267761 1c008ec0 1c000737 lui              x14, 0x1c000000     x14=1c000000
15770185ns          267762 1c008ec4 19c72703 lw               x14, 412(x14)       x14=3f7fffff x14:1c000000  PA:1c00019c
15770503ns          267778 1c008ec8 70f57543 fmadd.s          f10, f10, f15, f14  f10=xxxxxxxx f10:3cb1a72d f15:beff8989 f14:3f7fffff
15770523ns          267779 1c008ecc 00008067 jalr             x0, x1, 0            x1:1c0087b6
15770583ns          267782 1c0087b6 004ca78b p.lw             x15, 4(x25!)        x15=00000017 x25=10000fb4 x25:10000fb0  PA:10000fb0
15770603ns          267783 1c0087ba ffcc270b p.lw             x14, -4(x24!)       x14=00000018 x24=10000fb0 x24:10000fb4  PA:10000fb4
15770622ns          267784 1c0087be 00279793 slli             x15, x15, 0x2       x15=0000005c x15:00000017
15770642ns          267785 1c0087c0 017787b3 add              x15, x15, x23       x15=10000ea8 x15:0000005c x23:10000e4c
15770662ns          267786 1c0087c2 00271713 slli             x14, x14, 0x2       x14=00000060 x14:00000018
15770682ns          267787 1c0087c4 0007a583 lw               x11, 0(x15)         x11=405ad58d x15:10000ea8  PA:10000ea8
15770702ns          267788 1c0087c6 01770733 add              x14, x14, x23       x14=10000eac x14:00000060 x23:10000e4c
15770722ns          267789 1c0087c8 00072683 lw               x13, 0(x14)         x13=419af900 x14:10000eac  PA:10000eac
15770742ns          267790 1c0087ca 20949653 fsgnjn.s         f12, f9, f9         f12=xxxxxxxx  f9:3e164083  f9:3e164083
15770762ns          267791 1c0087ce 10b67653 fmul.s           f12, f12, f11       f12=xxxxxxxx f12:be164083 f11:405ad58d
15770782ns          267792 1c0087d2 10d4f4d3 fmul.s           f9, f9, f13          f9=xxxxxxxx  f9:3e164083 f13:419af900
15770802ns          267793 1c0087d6 60d576c3 fmadd.s          f13, f10, f13, f12  f13=xxxxxxxx f10:3f7d3aab f13:419af900 f12:bf007046
15770821ns          267794 1c0087da 48b57543 fmadd.s          f10, f10, f11, f9   f10=xxxxxxxx f10:3f7d3aab f11:405ad58d  f9:4035e9e7
15770841ns          267795 1c0087de 00d72023 sw               x13, 0(x14)         x13:41954817 x14:10000eac  PA:10000eac
15770861ns          267796 1c0087e0 00a7a023 sw               x10, 0(x15)         x10:40c7308d x15:10000ea8  PA:10000ea8
15770881ns          267797 1c0087e2 fb5b13e3 bne              x22, x21, -90       x22:00000018 x21:00000018
15770901ns          267798 1c0087e6 07c12083 lw               x1, 124(x2)          x1=1c0088cc  x2:10000dc8  PA:10000e44
15770921ns          267799 1c0087e8 07812403 lw               x8, 120(x2)          x8=xxxxxxxx  x2:10000dc8  PA:10000e40
15770941ns          267800 1c0087ea 07412483 lw               x9, 116(x2)          x9=00000001  x2:10000dc8  PA:10000e3c
15770961ns          267801 1c0087ec 07012903 lw               x18, 112(x2)        x18=1c010000  x2:10000dc8  PA:10000e38
15770981ns          267802 1c0087ee 06c12983 lw               x19, 108(x2)        x19=xxxxxxxx  x2:10000dc8  PA:10000e34
15771000ns          267803 1c0087f0 06812a03 lw               x20, 104(x2)        x20=xxxxxxxx  x2:10000dc8  PA:10000e30
15771020ns          267804 1c0087f2 06412a83 lw               x21, 100(x2)        x21=xxxxxxxx  x2:10000dc8  PA:10000e2c
15771040ns          267805 1c0087f4 06012b03 lw               x22, 96(x2)         x22=xxxxxxxx  x2:10000dc8  PA:10000e28
15771060ns          267806 1c0087f6 05c12b83 lw               x23, 92(x2)         x23=xxxxxxxx  x2:10000dc8  PA:10000e24
15771080ns          267807 1c0087f8 05812c03 lw               x24, 88(x2)         x24=xxxxxxxx  x2:10000dc8  PA:10000e20
15771100ns          267808 1c0087fa 05412c83 lw               x25, 84(x2)         x25=xxxxxxxx  x2:10000dc8  PA:10000e1c
15771120ns          267809 1c0087fc 05012d03 lw               x26, 80(x2)         x26=xxxxxxxx  x2:10000dc8  PA:10000e18
15771140ns          267810 1c0087fe 04c12d83 lw               x27, 76(x2)         x27=xxxxxxxx  x2:10000dc8  PA:10000e14
15771160ns          267811 1c008800 08010113 addi             x2, x2, 128          x2=10000e48  x2:10000dc8
15771179ns          267812 1c008802 00008067 jalr             x0, x1, 0            x1:1c0088cc
15771259ns          267816 1c0088cc 00000693 addi             x13, x0, 0          x13=00000000
15771279ns          267817 1c0088ce 00100613 addi             x12, x0, 1          x12=00000001
15771339ns          267820 1c0088d0 02000593 addi             x11, x0, 32         x11=00000020
15771378ns          267822 1c0088d4 00410513 addi             x10, x2, 4          x10=10000e4c  x2:10000e48
15771398ns          267823 1c0088d6 869ff0ef jal              x1, -1944            x1=1c0088d8
15771856ns          267846 1c00813e 00100793 addi             x15, x0, 1          x15=00000001
15772313ns          267869 1c008140 06b7da63 bge              x15, x11, 116       x15:00000001 x11:00000020
15772353ns          267871 1c008144 00000813 addi             x16, x0, 0          x16=00000000
15772373ns          267872 1c008146 4015de13 srai             x28, x11, 0x401     x28=00000010 x11:00000020
15772393ns          267873 1c00814a 00c68333 add              x6, x13, x12         x6=00000001 x13:00000000 x12:00000001
15772830ns          267895 1c00814e fff84793 xori             x15, x16, -1        x15=ffffffff x16:00000000
15772850ns          267896 1c008152 00231313 slli             x6, x6, 0x2          x6=00000004  x6:00000001
15772870ns          267897 1c008154 01c7f7b3 and              x15, x15, x28       x15=00000010 x15:ffffffff x28:00000010
15772890ns          267898 1c008158 fff58e93 addi             x29, x11, -1        x29=0000001f x11:00000020
15772910ns          267899 1c00815c 00261f13 slli             x30, x12, 0x2       x30=00000004 x12:00000001
15773348ns          267921 1c008160 00a30333 add              x6, x6, x10          x6=10000e50  x6:00000004 x10:10000e4c
15773367ns          267922 1c008162 00000893 addi             x17, x0, 0          x17=00000000
15773387ns          267923 1c008164 01c845b3 xor              x11, x16, x28       x11=00000010 x16:00000000 x28:00000010
15773407ns          267924 1c008168 04079263 bne              x15, x0, 68         x15:00000010
15774342ns          267971 1c0081ac 00188893 addi             x17, x17, 1         x17=00000001 x17:00000000
15774362ns          267972 1c0081ae 00b00833 add              x16, x0, x11        x16=00000010 x11:00000010
15774422ns          267975 1c0081b0 fd1e99e3 bne              x29, x17, -46       x29:0000001f x17:00000001
15774939ns          268001 1c008182 0108dd63 bge              x17, x16, 26        x17:00000001 x16:00000010
15774959ns          268002 1c008186 00d007b3 add              x15, x0, x13        x15=00000000 x13:00000000
15774979ns          268003 1c008188 430607b3 p.mac            x15, x12, x16       x15=00000010 x15:00000000 x12:00000001 x16:00000010
15774998ns          268004 1c00818c 00279793 slli             x15, x15, 0x2       x15=00000040 x15:00000010
15775018ns          268005 1c00818e 00a787b3 add              x15, x15, x10       x15=10000e8c x15:00000040 x10:10000e4c
15775416ns          268025 1c008190 0007a583 lw               x11, 0(x15)         x11=41cde361 x15:10000e8c  PA:10000e8c
15775456ns          268027 1c008192 00032703 lw               x14, 0(x6)          x14=401641b9  x6:10000e50  PA:10000e50
15775476ns          268028 1c008196 00b32023 sw               x11, 0(x6)          x11:41cde361  x6:10000e50  PA:10000e50
15775496ns          268029 1c00819a 00e7a023 sw               x14, 0(x15)         x14:401641b9 x15:10000e8c  PA:10000e8c
15775516ns          268030 1c00819c fff84793 xori             x15, x16, -1        x15=ffffffef x16:00000010
15775536ns          268031 1c0081a0 01c7f7b3 and              x15, x15, x28       x15=00000000 x15:ffffffef x28:00000010
15775555ns          268032 1c0081a4 01e30333 add              x6, x6, x30          x6=10000e54  x6:10000e50 x30:00000004
15775575ns          268033 1c0081a6 01c845b3 xor              x11, x16, x28       x11=00000000 x16:00000010 x28:00000010
15775595ns          268034 1c0081aa fc0780e3 beq              x15, x0, -64        x15:00000000
15775655ns          268037 1c00816a 01c007b3 add              x15, x0, x28        x15=00000010 x28:00000010
15775675ns          268038 1c00816c 4017d793 srai             x15, x15, 0x401     x15=00000008 x15:00000010
15775695ns          268039 1c00816e fff5c713 xori             x14, x11, -1        x14=ffffffff x11:00000000
15775715ns          268040 1c008172 00b7c833 xor              x16, x15, x11       x16=00000008 x15:00000008 x11:00000000
15775734ns          268041 1c008176 00f77733 and              x14, x14, x15       x14=00000008 x14:ffffffff x15:00000008
15775754ns          268042 1c008178 010005b3 add              x11, x0, x16        x11=00000008 x16:00000008
15775774ns          268043 1c00817a fe0709e3 beq              x14, x0, -14        x14:00000008
15775794ns          268044 1c00817c 00188893 addi             x17, x17, 1         x17=00000002 x17:00000001
15775814ns          268045 1c00817e 031e8b63 beq              x29, x17, 54        x29:0000001f x17:00000002
15775834ns          268046 1c008182 0108dd63 bge              x17, x16, 26        x17:00000002 x16:00000008
15775854ns          268047 1c008186 00d007b3 add              x15, x0, x13        x15=00000000 x13:00000000
15775874ns          268048 1c008188 430607b3 p.mac            x15, x12, x16       x15=00000008 x15:00000000 x12:00000001 x16:00000008
15775894ns          268049 1c00818c 00279793 slli             x15, x15, 0x2       x15=00000020 x15:00000008
15775913ns          268050 1c00818e 00a787b3 add              x15, x15, x10       x15=10000e6c x15:00000020 x10:10000e4c
15775933ns          268051 1c008190 0007a583 lw               x11, 0(x15)         x11=c12ede37 x15:10000e6c  PA:10000e6c
15775953ns          268052 1c008192 00032703 lw               x14, 0(x6)          x14=c1106d92  x6:10000e54  PA:10000e54
15775973ns          268053 1c008196 00b32023 sw               x11, 0(x6)          x11:c12ede37  x6:10000e54  PA:10000e54
15775993ns          268054 1c00819a 00e7a023 sw               x14, 0(x15)         x14:c1106d92 x15:10000e6c  PA:10000e6c
15776013ns          268055 1c00819c fff84793 xori             x15, x16, -1        x15=fffffff7 x16:00000008
15776033ns          268056 1c0081a0 01c7f7b3 and              x15, x15, x28       x15=00000010 x15:fffffff7 x28:00000010
15776053ns          268057 1c0081a4 01e30333 add              x6, x6, x30          x6=10000e58  x6:10000e54 x30:00000004
15776073ns          268058 1c0081a6 01c845b3 xor              x11, x16, x28       x11=00000018 x16:00000008 x28:00000010
15776092ns          268059 1c0081aa fc0780e3 beq              x15, x0, -64        x15:00000010
15776112ns          268060 1c0081ac 00188893 addi             x17, x17, 1         x17=00000003 x17:00000002
15776132ns          268061 1c0081ae 00b00833 add              x16, x0, x11        x16=00000018 x11:00000018
15776152ns          268062 1c0081b0 fd1e99e3 bne              x29, x17, -46       x29:0000001f x17:00000003
15776232ns          268066 1c008182 0108dd63 bge              x17, x16, 26        x17:00000003 x16:00000018
15776252ns          268067 1c008186 00d007b3 add              x15, x0, x13        x15=00000000 x13:00000000
15776271ns          268068 1c008188 430607b3 p.mac            x15, x12, x16       x15=00000018 x15:00000000 x12:00000001 x16:00000018
15776291ns          268069 1c00818c 00279793 slli             x15, x15, 0x2       x15=00000060 x15:00000018
15776311ns          268070 1c00818e 00a787b3 add              x15, x15, x10       x15=10000eac x15:00000060 x10:10000e4c
15776331ns          268071 1c008190 0007a583 lw               x11, 0(x15)         x11=41954817 x15:10000eac  PA:10000eac
15776351ns          268072 1c008192 00032703 lw               x14, 0(x6)          x14=414ed88d  x6:10000e58  PA:10000e58
15776371ns          268073 1c008196 00b32023 sw               x11, 0(x6)          x11:41954817  x6:10000e58  PA:10000e58
15776391ns          268074 1c00819a 00e7a023 sw               x14, 0(x15)         x14:414ed88d x15:10000eac  PA:10000eac
15776411ns          268075 1c00819c fff84793 xori             x15, x16, -1        x15=ffffffe7 x16:00000018
15776431ns          268076 1c0081a0 01c7f7b3 and              x15, x15, x28       x15=00000000 x15:ffffffe7 x28:00000010
15776450ns          268077 1c0081a4 01e30333 add              x6, x6, x30          x6=10000e5c  x6:10000e58 x30:00000004
15776470ns          268078 1c0081a6 01c845b3 xor              x11, x16, x28       x11=00000008 x16:00000018 x28:00000010
15776490ns          268079 1c0081aa fc0780e3 beq              x15, x0, -64        x15:00000000
15776550ns          268082 1c00816a 01c007b3 add              x15, x0, x28        x15=00000010 x28:00000010
15776570ns          268083 1c00816c 4017d793 srai             x15, x15, 0x401     x15=00000008 x15:00000010
15776590ns          268084 1c00816e fff5c713 xori             x14, x11, -1        x14=fffffff7 x11:00000008
15776610ns          268085 1c008172 00b7c833 xor              x16, x15, x11       x16=00000000 x15:00000008 x11:00000008
15776630ns          268086 1c008176 00f77733 and              x14, x14, x15       x14=00000000 x14:fffffff7 x15:00000008
15776649ns          268087 1c008178 010005b3 add              x11, x0, x16        x11=00000000 x16:00000000
15776669ns          268088 1c00817a fe0709e3 beq              x14, x0, -14        x14:00000000
15776729ns          268091 1c00816c 4017d793 srai             x15, x15, 0x401     x15=00000004 x15:00000008
15776749ns          268092 1c00816e fff5c713 xori             x14, x11, -1        x14=ffffffff x11:00000000
15776769ns          268093 1c008172 00b7c833 xor              x16, x15, x11       x16=00000004 x15:00000004 x11:00000000
15776789ns          268094 1c008176 00f77733 and              x14, x14, x15       x14=00000004 x14:ffffffff x15:00000004
15776809ns          268095 1c008178 010005b3 add              x11, x0, x16        x11=00000004 x16:00000004
15776828ns          268096 1c00817a fe0709e3 beq              x14, x0, -14        x14:00000004
15776848ns          268097 1c00817c 00188893 addi             x17, x17, 1         x17=00000004 x17:00000003
15776868ns          268098 1c00817e 031e8b63 beq              x29, x17, 54        x29:0000001f x17:00000004
15776888ns          268099 1c008182 0108dd63 bge              x17, x16, 26        x17:00000004 x16:00000004
15776948ns          268102 1c00819c fff84793 xori             x15, x16, -1        x15=fffffffb x16:00000004
15776968ns          268103 1c0081a0 01c7f7b3 and              x15, x15, x28       x15=00000010 x15:fffffffb x28:00000010
15776988ns          268104 1c0081a4 01e30333 add              x6, x6, x30          x6=10000e60  x6:10000e5c x30:00000004
15777007ns          268105 1c0081a6 01c845b3 xor              x11, x16, x28       x11=00000014 x16:00000004 x28:00000010
15777027ns          268106 1c0081aa fc0780e3 beq              x15, x0, -64        x15:00000010
15777047ns          268107 1c0081ac 00188893 addi             x17, x17, 1         x17=00000005 x17:00000004
15777067ns          268108 1c0081ae 00b00833 add              x16, x0, x11        x16=00000014 x11:00000014
15777087ns          268109 1c0081b0 fd1e99e3 bne              x29, x17, -46       x29:0000001f x17:00000005
15777226ns          268116 1c008182 0108dd63 bge              x17, x16, 26        x17:00000005 x16:00000014
15777246ns          268117 1c008186 00d007b3 add              x15, x0, x13        x15=00000000 x13:00000000
15777266ns          268118 1c008188 430607b3 p.mac            x15, x12, x16       x15=00000014 x15:00000000 x12:00000001 x16:00000014
15777286ns          268119 1c00818c 00279793 slli             x15, x15, 0x2       x15=00000050 x15:00000014
15777306ns          268120 1c00818e 00a787b3 add              x15, x15, x10       x15=10000e9c x15:00000050 x10:10000e4c
15777326ns          268121 1c008190 0007a583 lw               x11, 0(x15)         x11=414d2da6 x15:10000e9c  PA:10000e9c
15777346ns          268122 1c008192 00032703 lw               x14, 0(x6)          x14=40a351c8  x6:10000e60  PA:10000e60
15777365ns          268123 1c008196 00b32023 sw               x11, 0(x6)          x11:414d2da6  x6:10000e60  PA:10000e60
15777385ns          268124 1c00819a 00e7a023 sw               x14, 0(x15)         x14:40a351c8 x15:10000e9c  PA:10000e9c
15777405ns          268125 1c00819c fff84793 xori             x15, x16, -1        x15=ffffffeb x16:00000014
15777425ns          268126 1c0081a0 01c7f7b3 and              x15, x15, x28       x15=00000000 x15:ffffffeb x28:00000010
15777445ns          268127 1c0081a4 01e30333 add              x6, x6, x30          x6=10000e64  x6:10000e60 x30:00000004
15777465ns          268128 1c0081a6 01c845b3 xor              x11, x16, x28       x11=00000004 x16:00000014 x28:00000010
15777485ns          268129 1c0081aa fc0780e3 beq              x15, x0, -64        x15:00000000
15777544ns          268132 1c00816a 01c007b3 add              x15, x0, x28        x15=00000010 x28:00000010
15777564ns          268133 1c00816c 4017d793 srai             x15, x15, 0x401     x15=00000008 x15:00000010
15777584ns          268134 1c00816e fff5c713 xori             x14, x11, -1        x14=fffffffb x11:00000004
15777604ns          268135 1c008172 00b7c833 xor              x16, x15, x11       x16=0000000c x15:00000008 x11:00000004
15777624ns          268136 1c008176 00f77733 and              x14, x14, x15       x14=00000008 x14:fffffffb x15:00000008
15777644ns          268137 1c008178 010005b3 add              x11, x0, x16        x11=0000000c x16:0000000c
15777664ns          268138 1c00817a fe0709e3 beq              x14, x0, -14        x14:00000008
15777684ns          268139 1c00817c 00188893 addi             x17, x17, 1         x17=00000006 x17:00000005
15777704ns          268140 1c00817e 031e8b63 beq              x29, x17, 54        x29:0000001f x17:00000006
15777723ns          268141 1c008182 0108dd63 bge              x17, x16, 26        x17:00000006 x16:0000000c
15777743ns          268142 1c008186 00d007b3 add              x15, x0, x13        x15=00000000 x13:00000000
15777763ns          268143 1c008188 430607b3 p.mac            x15, x12, x16       x15=0000000c x15:00000000 x12:00000001 x16:0000000c
15777783ns          268144 1c00818c 00279793 slli             x15, x15, 0x2       x15=00000030 x15:0000000c
15777803ns          268145 1c00818e 00a787b3 add              x15, x15, x10       x15=10000e7c x15:00000030 x10:10000e4c
15777823ns          268146 1c008190 0007a583 lw               x11, 0(x15)         x11=bf159c07 x15:10000e7c  PA:10000e7c
15777843ns          268147 1c008192 00032703 lw               x14, 0(x6)          x14=4047099d  x6:10000e64  PA:10000e64
15777863ns          268148 1c008196 00b32023 sw               x11, 0(x6)          x11:bf159c07  x6:10000e64  PA:10000e64
15777883ns          268149 1c00819a 00e7a023 sw               x14, 0(x15)         x14:4047099d x15:10000e7c  PA:10000e7c
15777903ns          268150 1c00819c fff84793 xori             x15, x16, -1        x15=fffffff3 x16:0000000c
15777922ns          268151 1c0081a0 01c7f7b3 and              x15, x15, x28       x15=00000010 x15:fffffff3 x28:00000010
15777942ns          268152 1c0081a4 01e30333 add              x6, x6, x30          x6=10000e68  x6:10000e64 x30:00000004
15777962ns          268153 1c0081a6 01c845b3 xor              x11, x16, x28       x11=0000001c x16:0000000c x28:00000010
15777982ns          268154 1c0081aa fc0780e3 beq              x15, x0, -64        x15:00000010
15778002ns          268155 1c0081ac 00188893 addi             x17, x17, 1         x17=00000007 x17:00000006
15778022ns          268156 1c0081ae 00b00833 add              x16, x0, x11        x16=0000001c x11:0000001c
15778042ns          268157 1c0081b0 fd1e99e3 bne              x29, x17, -46       x29:0000001f x17:00000007
15778121ns          268161 1c008182 0108dd63 bge              x17, x16, 26        x17:00000007 x16:0000001c
15778141ns          268162 1c008186 00d007b3 add              x15, x0, x13        x15=00000000 x13:00000000
15778161ns          268163 1c008188 430607b3 p.mac            x15, x12, x16       x15=0000001c x15:00000000 x12:00000001 x16:0000001c
15778181ns          268164 1c00818c 00279793 slli             x15, x15, 0x2       x15=00000070 x15:0000001c
15778201ns          268165 1c00818e 00a787b3 add              x15, x15, x10       x15=10000ebc x15:00000070 x10:10000e4c
15778221ns          268166 1c008190 0007a583 lw               x11, 0(x15)         x11=c194ce1f x15:10000ebc  PA:10000ebc
15778241ns          268167 1c008192 00032703 lw               x14, 0(x6)          x14=41885849  x6:10000e68  PA:10000e68
15778261ns          268168 1c008196 00b32023 sw               x11, 0(x6)          x11:c194ce1f  x6:10000e68  PA:10000e68
15778280ns          268169 1c00819a 00e7a023 sw               x14, 0(x15)         x14:41885849 x15:10000ebc  PA:10000ebc
15778300ns          268170 1c00819c fff84793 xori             x15, x16, -1        x15=ffffffe3 x16:0000001c
15778320ns          268171 1c0081a0 01c7f7b3 and              x15, x15, x28       x15=00000000 x15:ffffffe3 x28:00000010
15778340ns          268172 1c0081a4 01e30333 add              x6, x6, x30          x6=10000e6c  x6:10000e68 x30:00000004
15778360ns          268173 1c0081a6 01c845b3 xor              x11, x16, x28       x11=0000000c x16:0000001c x28:00000010
15778380ns          268174 1c0081aa fc0780e3 beq              x15, x0, -64        x15:00000000
15778440ns          268177 1c00816a 01c007b3 add              x15, x0, x28        x15=00000010 x28:00000010
15778459ns          268178 1c00816c 4017d793 srai             x15, x15, 0x401     x15=00000008 x15:00000010
15778479ns          268179 1c00816e fff5c713 xori             x14, x11, -1        x14=fffffff3 x11:0000000c
15778499ns          268180 1c008172 00b7c833 xor              x16, x15, x11       x16=00000004 x15:00000008 x11:0000000c
15778519ns          268181 1c008176 00f77733 and              x14, x14, x15       x14=00000000 x14:fffffff3 x15:00000008
15778539ns          268182 1c008178 010005b3 add              x11, x0, x16        x11=00000004 x16:00000004
15778559ns          268183 1c00817a fe0709e3 beq              x14, x0, -14        x14:00000000
15778619ns          268186 1c00816c 4017d793 srai             x15, x15, 0x401     x15=00000004 x15:00000008
15778638ns          268187 1c00816e fff5c713 xori             x14, x11, -1        x14=fffffffb x11:00000004
15778658ns          268188 1c008172 00b7c833 xor              x16, x15, x11       x16=00000000 x15:00000004 x11:00000004
15778678ns          268189 1c008176 00f77733 and              x14, x14, x15       x14=00000000 x14:fffffffb x15:00000004
15778698ns          268190 1c008178 010005b3 add              x11, x0, x16        x11=00000000 x16:00000000
15778718ns          268191 1c00817a fe0709e3 beq              x14, x0, -14        x14:00000000
15778778ns          268194 1c00816c 4017d793 srai             x15, x15, 0x401     x15=00000002 x15:00000004
15778798ns          268195 1c00816e fff5c713 xori             x14, x11, -1        x14=ffffffff x11:00000000
15778817ns          268196 1c008172 00b7c833 xor              x16, x15, x11       x16=00000002 x15:00000002 x11:00000000
15778837ns          268197 1c008176 00f77733 and              x14, x14, x15       x14=00000002 x14:ffffffff x15:00000002
15778857ns          268198 1c008178 010005b3 add              x11, x0, x16        x11=00000002 x16:00000002
15778877ns          268199 1c00817a fe0709e3 beq              x14, x0, -14        x14:00000002
15778897ns          268200 1c00817c 00188893 addi             x17, x17, 1         x17=00000008 x17:00000007
15778917ns          268201 1c00817e 031e8b63 beq              x29, x17, 54        x29:0000001f x17:00000008
15778937ns          268202 1c008182 0108dd63 bge              x17, x16, 26        x17:00000008 x16:00000002
15778997ns          268205 1c00819c fff84793 xori             x15, x16, -1        x15=fffffffd x16:00000002
15779016ns          268206 1c0081a0 01c7f7b3 and              x15, x15, x28       x15=00000010 x15:fffffffd x28:00000010
15779036ns          268207 1c0081a4 01e30333 add              x6, x6, x30          x6=10000e70  x6:10000e6c x30:00000004
15779056ns          268208 1c0081a6 01c845b3 xor              x11, x16, x28       x11=00000012 x16:00000002 x28:00000010
15779076ns          268209 1c0081aa fc0780e3 beq              x15, x0, -64        x15:00000010
15779096ns          268210 1c0081ac 00188893 addi             x17, x17, 1         x17=00000009 x17:00000008
15779116ns          268211 1c0081ae 00b00833 add              x16, x0, x11        x16=00000012 x11:00000012
15779136ns          268212 1c0081b0 fd1e99e3 bne              x29, x17, -46       x29:0000001f x17:00000009
15779215ns          268216 1c008182 0108dd63 bge              x17, x16, 26        x17:00000009 x16:00000012
15779235ns          268217 1c008186 00d007b3 add              x15, x0, x13        x15=00000000 x13:00000000
15779255ns          268218 1c008188 430607b3 p.mac            x15, x12, x16       x15=00000012 x15:00000000 x12:00000001 x16:00000012
15779275ns          268219 1c00818c 00279793 slli             x15, x15, 0x2       x15=00000048 x15:00000012
15779295ns          268220 1c00818e 00a787b3 add              x15, x15, x10       x15=10000e94 x15:00000048 x10:10000e4c
15779315ns          268221 1c008190 0007a583 lw               x11, 0(x15)         x11=bffa7b5f x15:10000e94  PA:10000e94
15779335ns          268222 1c008192 00032703 lw               x14, 0(x6)          x14=c197533c  x6:10000e70  PA:10000e70
15779355ns          268223 1c008196 00b32023 sw               x11, 0(x6)          x11:bffa7b5f  x6:10000e70  PA:10000e70
15779374ns          268224 1c00819a 00e7a023 sw               x14, 0(x15)         x14:c197533c x15:10000e94  PA:10000e94
15779394ns          268225 1c00819c fff84793 xori             x15, x16, -1        x15=ffffffed x16:00000012
15779414ns          268226 1c0081a0 01c7f7b3 and              x15, x15, x28       x15=00000000 x15:ffffffed x28:00000010
15779434ns          268227 1c0081a4 01e30333 add              x6, x6, x30          x6=10000e74  x6:10000e70 x30:00000004
15779454ns          268228 1c0081a6 01c845b3 xor              x11, x16, x28       x11=00000002 x16:00000012 x28:00000010
15779474ns          268229 1c0081aa fc0780e3 beq              x15, x0, -64        x15:00000000
15779534ns          268232 1c00816a 01c007b3 add              x15, x0, x28        x15=00000010 x28:00000010
15779553ns          268233 1c00816c 4017d793 srai             x15, x15, 0x401     x15=00000008 x15:00000010
15779573ns          268234 1c00816e fff5c713 xori             x14, x11, -1        x14=fffffffd x11:00000002
15779593ns          268235 1c008172 00b7c833 xor              x16, x15, x11       x16=0000000a x15:00000008 x11:00000002
15779613ns          268236 1c008176 00f77733 and              x14, x14, x15       x14=00000008 x14:fffffffd x15:00000008
15779633ns          268237 1c008178 010005b3 add              x11, x0, x16        x11=0000000a x16:0000000a
15779653ns          268238 1c00817a fe0709e3 beq              x14, x0, -14        x14:00000008
15779673ns          268239 1c00817c 00188893 addi             x17, x17, 1         x17=0000000a x17:00000009
15779693ns          268240 1c00817e 031e8b63 beq              x29, x17, 54        x29:0000001f x17:0000000a
15779713ns          268241 1c008182 0108dd63 bge              x17, x16, 26        x17:0000000a x16:0000000a
15779772ns          268244 1c00819c fff84793 xori             x15, x16, -1        x15=fffffff5 x16:0000000a
15779792ns          268245 1c0081a0 01c7f7b3 and              x15, x15, x28       x15=00000010 x15:fffffff5 x28:00000010
15779812ns          268246 1c0081a4 01e30333 add              x6, x6, x30          x6=10000e78  x6:10000e74 x30:00000004
15779832ns          268247 1c0081a6 01c845b3 xor              x11, x16, x28       x11=0000001a x16:0000000a x28:00000010
15779852ns          268248 1c0081aa fc0780e3 beq              x15, x0, -64        x15:00000010
15779872ns          268249 1c0081ac 00188893 addi             x17, x17, 1         x17=0000000b x17:0000000a
15779892ns          268250 1c0081ae 00b00833 add              x16, x0, x11        x16=0000001a x11:0000001a
15779911ns          268251 1c0081b0 fd1e99e3 bne              x29, x17, -46       x29:0000001f x17:0000000b
15779991ns          268255 1c008182 0108dd63 bge              x17, x16, 26        x17:0000000b x16:0000001a
15780011ns          268256 1c008186 00d007b3 add              x15, x0, x13        x15=00000000 x13:00000000
15780031ns          268257 1c008188 430607b3 p.mac            x15, x12, x16       x15=0000001a x15:00000000 x12:00000001 x16:0000001a
15780051ns          268258 1c00818c 00279793 slli             x15, x15, 0x2       x15=00000068 x15:0000001a
15780071ns          268259 1c00818e 00a787b3 add              x15, x15, x10       x15=10000eb4 x15:00000068 x10:10000e4c
15780090ns          268260 1c008190 0007a583 lw               x11, 0(x15)         x11=415d4b93 x15:10000eb4  PA:10000eb4
15780110ns          268261 1c008192 00032703 lw               x14, 0(x6)          x14=3e6306bf  x6:10000e78  PA:10000e78
15780130ns          268262 1c008196 00b32023 sw               x11, 0(x6)          x11:415d4b93  x6:10000e78  PA:10000e78
15780150ns          268263 1c00819a 00e7a023 sw               x14, 0(x15)         x14:3e6306bf x15:10000eb4  PA:10000eb4
15780170ns          268264 1c00819c fff84793 xori             x15, x16, -1        x15=ffffffe5 x16:0000001a
15780190ns          268265 1c0081a0 01c7f7b3 and              x15, x15, x28       x15=00000000 x15:ffffffe5 x28:00000010
15780210ns          268266 1c0081a4 01e30333 add              x6, x6, x30          x6=10000e7c  x6:10000e78 x30:00000004
15780230ns          268267 1c0081a6 01c845b3 xor              x11, x16, x28       x11=0000000a x16:0000001a x28:00000010
15780250ns          268268 1c0081aa fc0780e3 beq              x15, x0, -64        x15:00000000
15780309ns          268271 1c00816a 01c007b3 add              x15, x0, x28        x15=00000010 x28:00000010
15780329ns          268272 1c00816c 4017d793 srai             x15, x15, 0x401     x15=00000008 x15:00000010
15780349ns          268273 1c00816e fff5c713 xori             x14, x11, -1        x14=fffffff5 x11:0000000a
15780369ns          268274 1c008172 00b7c833 xor              x16, x15, x11       x16=00000002 x15:00000008 x11:0000000a
15780389ns          268275 1c008176 00f77733 and              x14, x14, x15       x14=00000000 x14:fffffff5 x15:00000008
15780409ns          268276 1c008178 010005b3 add              x11, x0, x16        x11=00000002 x16:00000002
15780429ns          268277 1c00817a fe0709e3 beq              x14, x0, -14        x14:00000000
15780488ns          268280 1c00816c 4017d793 srai             x15, x15, 0x401     x15=00000004 x15:00000008
15780508ns          268281 1c00816e fff5c713 xori             x14, x11, -1        x14=fffffffd x11:00000002
15780528ns          268282 1c008172 00b7c833 xor              x16, x15, x11       x16=00000006 x15:00000004 x11:00000002
15780548ns          268283 1c008176 00f77733 and              x14, x14, x15       x14=00000004 x14:fffffffd x15:00000004
15780568ns          268284 1c008178 010005b3 add              x11, x0, x16        x11=00000006 x16:00000006
15780588ns          268285 1c00817a fe0709e3 beq              x14, x0, -14        x14:00000004
15780608ns          268286 1c00817c 00188893 addi             x17, x17, 1         x17=0000000c x17:0000000b
15780628ns          268287 1c00817e 031e8b63 beq              x29, x17, 54        x29:0000001f x17:0000000c
15780647ns          268288 1c008182 0108dd63 bge              x17, x16, 26        x17:0000000c x16:00000006
15780707ns          268291 1c00819c fff84793 xori             x15, x16, -1        x15=fffffff9 x16:00000006
15780727ns          268292 1c0081a0 01c7f7b3 and              x15, x15, x28       x15=00000010 x15:fffffff9 x28:00000010
15780747ns          268293 1c0081a4 01e30333 add              x6, x6, x30          x6=10000e80  x6:10000e7c x30:00000004
15780767ns          268294 1c0081a6 01c845b3 xor              x11, x16, x28       x11=00000016 x16:00000006 x28:00000010
15780787ns          268295 1c0081aa fc0780e3 beq              x15, x0, -64        x15:00000010
15780807ns          268296 1c0081ac 00188893 addi             x17, x17, 1         x17=0000000d x17:0000000c
15780826ns          268297 1c0081ae 00b00833 add              x16, x0, x11        x16=00000016 x11:00000016
15780846ns          268298 1c0081b0 fd1e99e3 bne              x29, x17, -46       x29:0000001f x17:0000000d
15780926ns          268302 1c008182 0108dd63 bge              x17, x16, 26        x17:0000000d x16:00000016
15780946ns          268303 1c008186 00d007b3 add              x15, x0, x13        x15=00000000 x13:00000000
15780966ns          268304 1c008188 430607b3 p.mac            x15, x12, x16       x15=00000016 x15:00000000 x12:00000001 x16:00000016
15780986ns          268305 1c00818c 00279793 slli             x15, x15, 0x2       x15=00000058 x15:00000016
15781005ns          268306 1c00818e 00a787b3 add              x15, x15, x10       x15=10000ea4 x15:00000058 x10:10000e4c
15781025ns          268307 1c008190 0007a583 lw               x11, 0(x15)         x11=411de8d7 x15:10000ea4  PA:10000ea4
15781045ns          268308 1c008192 00032703 lw               x14, 0(x6)          x14=411caa6b  x6:10000e80  PA:10000e80
15781065ns          268309 1c008196 00b32023 sw               x11, 0(x6)          x11:411de8d7  x6:10000e80  PA:10000e80
15781085ns          268310 1c00819a 00e7a023 sw               x14, 0(x15)         x14:411caa6b x15:10000ea4  PA:10000ea4
15781105ns          268311 1c00819c fff84793 xori             x15, x16, -1        x15=ffffffe9 x16:00000016
15781125ns          268312 1c0081a0 01c7f7b3 and              x15, x15, x28       x15=00000000 x15:ffffffe9 x28:00000010
15781145ns          268313 1c0081a4 01e30333 add              x6, x6, x30          x6=10000e84  x6:10000e80 x30:00000004
15781165ns          268314 1c0081a6 01c845b3 xor              x11, x16, x28       x11=00000006 x16:00000016 x28:00000010
15781184ns          268315 1c0081aa fc0780e3 beq              x15, x0, -64        x15:00000000
15781244ns          268318 1c00816a 01c007b3 add              x15, x0, x28        x15=00000010 x28:00000010
15781264ns          268319 1c00816c 4017d793 srai             x15, x15, 0x401     x15=00000008 x15:00000010
15781284ns          268320 1c00816e fff5c713 xori             x14, x11, -1        x14=fffffff9 x11:00000006
15781304ns          268321 1c008172 00b7c833 xor              x16, x15, x11       x16=0000000e x15:00000008 x11:00000006
15781324ns          268322 1c008176 00f77733 and              x14, x14, x15       x14=00000008 x14:fffffff9 x15:00000008
15781344ns          268323 1c008178 010005b3 add              x11, x0, x16        x11=0000000e x16:0000000e
15781364ns          268324 1c00817a fe0709e3 beq              x14, x0, -14        x14:00000008
15781383ns          268325 1c00817c 00188893 addi             x17, x17, 1         x17=0000000e x17:0000000d
15781403ns          268326 1c00817e 031e8b63 beq              x29, x17, 54        x29:0000001f x17:0000000e
15781423ns          268327 1c008182 0108dd63 bge              x17, x16, 26        x17:0000000e x16:0000000e
15781483ns          268330 1c00819c fff84793 xori             x15, x16, -1        x15=fffffff1 x16:0000000e
15781503ns          268331 1c0081a0 01c7f7b3 and              x15, x15, x28       x15=00000010 x15:fffffff1 x28:00000010
15781523ns          268332 1c0081a4 01e30333 add              x6, x6, x30          x6=10000e88  x6:10000e84 x30:00000004
15781543ns          268333 1c0081a6 01c845b3 xor              x11, x16, x28       x11=0000001e x16:0000000e x28:00000010
15781562ns          268334 1c0081aa fc0780e3 beq              x15, x0, -64        x15:00000010
15781582ns          268335 1c0081ac 00188893 addi             x17, x17, 1         x17=0000000f x17:0000000e
15781602ns          268336 1c0081ae 00b00833 add              x16, x0, x11        x16=0000001e x11:0000001e
15781622ns          268337 1c0081b0 fd1e99e3 bne              x29, x17, -46       x29:0000001f x17:0000000f
15781702ns          268341 1c008182 0108dd63 bge              x17, x16, 26        x17:0000000f x16:0000001e
15781722ns          268342 1c008186 00d007b3 add              x15, x0, x13        x15=00000000 x13:00000000
15781741ns          268343 1c008188 430607b3 p.mac            x15, x12, x16       x15=0000001e x15:00000000 x12:00000001 x16:0000001e
15781761ns          268344 1c00818c 00279793 slli             x15, x15, 0x2       x15=00000078 x15:0000001e
15781781ns          268345 1c00818e 00a787b3 add              x15, x15, x10       x15=10000ec4 x15:00000078 x10:10000e4c
15781801ns          268346 1c008190 0007a583 lw               x11, 0(x15)         x11=409eea3f x15:10000ec4  PA:10000ec4
15781821ns          268347 1c008192 00032703 lw               x14, 0(x6)          x14=c0f8e9ad  x6:10000e88  PA:10000e88
15781841ns          268348 1c008196 00b32023 sw               x11, 0(x6)          x11:409eea3f  x6:10000e88  PA:10000e88
15781861ns          268349 1c00819a 00e7a023 sw               x14, 0(x15)         x14:c0f8e9ad x15:10000ec4  PA:10000ec4
15781881ns          268350 1c00819c fff84793 xori             x15, x16, -1        x15=ffffffe1 x16:0000001e
15781901ns          268351 1c0081a0 01c7f7b3 and              x15, x15, x28       x15=00000000 x15:ffffffe1 x28:00000010
15781920ns          268352 1c0081a4 01e30333 add              x6, x6, x30          x6=10000e8c  x6:10000e88 x30:00000004
15781940ns          268353 1c0081a6 01c845b3 xor              x11, x16, x28       x11=0000000e x16:0000001e x28:00000010
15781960ns          268354 1c0081aa fc0780e3 beq              x15, x0, -64        x15:00000000
15782020ns          268357 1c00816a 01c007b3 add              x15, x0, x28        x15=00000010 x28:00000010
15782040ns          268358 1c00816c 4017d793 srai             x15, x15, 0x401     x15=00000008 x15:00000010
15782060ns          268359 1c00816e fff5c713 xori             x14, x11, -1        x14=fffffff1 x11:0000000e
15782080ns          268360 1c008172 00b7c833 xor              x16, x15, x11       x16=00000006 x15:00000008 x11:0000000e
15782099ns          268361 1c008176 00f77733 and              x14, x14, x15       x14=00000000 x14:fffffff1 x15:00000008
15782119ns          268362 1c008178 010005b3 add              x11, x0, x16        x11=00000006 x16:00000006
15782139ns          268363 1c00817a fe0709e3 beq              x14, x0, -14        x14:00000000
15782199ns          268366 1c00816c 4017d793 srai             x15, x15, 0x401     x15=00000004 x15:00000008
15782219ns          268367 1c00816e fff5c713 xori             x14, x11, -1        x14=fffffff9 x11:00000006
15782239ns          268368 1c008172 00b7c833 xor              x16, x15, x11       x16=00000002 x15:00000004 x11:00000006
15782259ns          268369 1c008176 00f77733 and              x14, x14, x15       x14=00000000 x14:fffffff9 x15:00000004
15782278ns          268370 1c008178 010005b3 add              x11, x0, x16        x11=00000002 x16:00000002
15782298ns          268371 1c00817a fe0709e3 beq              x14, x0, -14        x14:00000000
15782358ns          268374 1c00816c 4017d793 srai             x15, x15, 0x401     x15=00000002 x15:00000004
15782378ns          268375 1c00816e fff5c713 xori             x14, x11, -1        x14=fffffffd x11:00000002
15782398ns          268376 1c008172 00b7c833 xor              x16, x15, x11       x16=00000000 x15:00000002 x11:00000002
15782418ns          268377 1c008176 00f77733 and              x14, x14, x15       x14=00000000 x14:fffffffd x15:00000002
15782438ns          268378 1c008178 010005b3 add              x11, x0, x16        x11=00000000 x16:00000000
15782457ns          268379 1c00817a fe0709e3 beq              x14, x0, -14        x14:00000000
15782517ns          268382 1c00816c 4017d793 srai             x15, x15, 0x401     x15=00000001 x15:00000002
15782537ns          268383 1c00816e fff5c713 xori             x14, x11, -1        x14=ffffffff x11:00000000
15782557ns          268384 1c008172 00b7c833 xor              x16, x15, x11       x16=00000001 x15:00000001 x11:00000000
15782577ns          268385 1c008176 00f77733 and              x14, x14, x15       x14=00000001 x14:ffffffff x15:00000001
15782597ns          268386 1c008178 010005b3 add              x11, x0, x16        x11=00000001 x16:00000001
15782617ns          268387 1c00817a fe0709e3 beq              x14, x0, -14        x14:00000001
15782637ns          268388 1c00817c 00188893 addi             x17, x17, 1         x17=00000010 x17:0000000f
15782656ns          268389 1c00817e 031e8b63 beq              x29, x17, 54        x29:0000001f x17:00000010
15782676ns          268390 1c008182 0108dd63 bge              x17, x16, 26        x17:00000010 x16:00000001
15782736ns          268393 1c00819c fff84793 xori             x15, x16, -1        x15=fffffffe x16:00000001
15782756ns          268394 1c0081a0 01c7f7b3 and              x15, x15, x28       x15=00000010 x15:fffffffe x28:00000010
15782776ns          268395 1c0081a4 01e30333 add              x6, x6, x30          x6=10000e90  x6:10000e8c x30:00000004
15782796ns          268396 1c0081a6 01c845b3 xor              x11, x16, x28       x11=00000011 x16:00000001 x28:00000010
15782816ns          268397 1c0081aa fc0780e3 beq              x15, x0, -64        x15:00000010
15782835ns          268398 1c0081ac 00188893 addi             x17, x17, 1         x17=00000011 x17:00000010
15782855ns          268399 1c0081ae 00b00833 add              x16, x0, x11        x16=00000011 x11:00000011
15782875ns          268400 1c0081b0 fd1e99e3 bne              x29, x17, -46       x29:0000001f x17:00000011
15782955ns          268404 1c008182 0108dd63 bge              x17, x16, 26        x17:00000011 x16:00000011
15783014ns          268407 1c00819c fff84793 xori             x15, x16, -1        x15=ffffffee x16:00000011
15783034ns          268408 1c0081a0 01c7f7b3 and              x15, x15, x28       x15=00000000 x15:ffffffee x28:00000010
15783054ns          268409 1c0081a4 01e30333 add              x6, x6, x30          x6=10000e94  x6:10000e90 x30:00000004
15783074ns          268410 1c0081a6 01c845b3 xor              x11, x16, x28       x11=00000001 x16:00000011 x28:00000010
15783094ns          268411 1c0081aa fc0780e3 beq              x15, x0, -64        x15:00000000
15783154ns          268414 1c00816a 01c007b3 add              x15, x0, x28        x15=00000010 x28:00000010
15783174ns          268415 1c00816c 4017d793 srai             x15, x15, 0x401     x15=00000008 x15:00000010
15783193ns          268416 1c00816e fff5c713 xori             x14, x11, -1        x14=fffffffe x11:00000001
15783213ns          268417 1c008172 00b7c833 xor              x16, x15, x11       x16=00000009 x15:00000008 x11:00000001
15783233ns          268418 1c008176 00f77733 and              x14, x14, x15       x14=00000008 x14:fffffffe x15:00000008
15783253ns          268419 1c008178 010005b3 add              x11, x0, x16        x11=00000009 x16:00000009
15783273ns          268420 1c00817a fe0709e3 beq              x14, x0, -14        x14:00000008
15783293ns          268421 1c00817c 00188893 addi             x17, x17, 1         x17=00000012 x17:00000011
15783313ns          268422 1c00817e 031e8b63 beq              x29, x17, 54        x29:0000001f x17:00000012
15783333ns          268423 1c008182 0108dd63 bge              x17, x16, 26        x17:00000012 x16:00000009
15783392ns          268426 1c00819c fff84793 xori             x15, x16, -1        x15=fffffff6 x16:00000009
15783412ns          268427 1c0081a0 01c7f7b3 and              x15, x15, x28       x15=00000010 x15:fffffff6 x28:00000010
15783432ns          268428 1c0081a4 01e30333 add              x6, x6, x30          x6=10000e98  x6:10000e94 x30:00000004
15783452ns          268429 1c0081a6 01c845b3 xor              x11, x16, x28       x11=00000019 x16:00000009 x28:00000010
15783472ns          268430 1c0081aa fc0780e3 beq              x15, x0, -64        x15:00000010
15783492ns          268431 1c0081ac 00188893 addi             x17, x17, 1         x17=00000013 x17:00000012
15783512ns          268432 1c0081ae 00b00833 add              x16, x0, x11        x16=00000019 x11:00000019
15783532ns          268433 1c0081b0 fd1e99e3 bne              x29, x17, -46       x29:0000001f x17:00000013
15783611ns          268437 1c008182 0108dd63 bge              x17, x16, 26        x17:00000013 x16:00000019
15783631ns          268438 1c008186 00d007b3 add              x15, x0, x13        x15=00000000 x13:00000000
15783651ns          268439 1c008188 430607b3 p.mac            x15, x12, x16       x15=00000019 x15:00000000 x12:00000001 x16:00000019
15783671ns          268440 1c00818c 00279793 slli             x15, x15, 0x2       x15=00000064 x15:00000019
15783691ns          268441 1c00818e 00a787b3 add              x15, x15, x10       x15=10000eb0 x15:00000064 x10:10000e4c
15783711ns          268442 1c008190 0007a583 lw               x11, 0(x15)         x11=40d5e88e x15:10000eb0  PA:10000eb0
15783731ns          268443 1c008192 00032703 lw               x14, 0(x6)          x14=c1891124  x6:10000e98  PA:10000e98
15783750ns          268444 1c008196 00b32023 sw               x11, 0(x6)          x11:40d5e88e  x6:10000e98  PA:10000e98
15783770ns          268445 1c00819a 00e7a023 sw               x14, 0(x15)         x14:c1891124 x15:10000eb0  PA:10000eb0
15783790ns          268446 1c00819c fff84793 xori             x15, x16, -1        x15=ffffffe6 x16:00000019
15783810ns          268447 1c0081a0 01c7f7b3 and              x15, x15, x28       x15=00000000 x15:ffffffe6 x28:00000010
15783830ns          268448 1c0081a4 01e30333 add              x6, x6, x30          x6=10000e9c  x6:10000e98 x30:00000004
15783850ns          268449 1c0081a6 01c845b3 xor              x11, x16, x28       x11=00000009 x16:00000019 x28:00000010
15783870ns          268450 1c0081aa fc0780e3 beq              x15, x0, -64        x15:00000000
15783929ns          268453 1c00816a 01c007b3 add              x15, x0, x28        x15=00000010 x28:00000010
15783949ns          268454 1c00816c 4017d793 srai             x15, x15, 0x401     x15=00000008 x15:00000010
15783969ns          268455 1c00816e fff5c713 xori             x14, x11, -1        x14=fffffff6 x11:00000009
15783989ns          268456 1c008172 00b7c833 xor              x16, x15, x11       x16=00000001 x15:00000008 x11:00000009
15784009ns          268457 1c008176 00f77733 and              x14, x14, x15       x14=00000000 x14:fffffff6 x15:00000008
15784029ns          268458 1c008178 010005b3 add              x11, x0, x16        x11=00000001 x16:00000001
15784049ns          268459 1c00817a fe0709e3 beq              x14, x0, -14        x14:00000000
15784108ns          268462 1c00816c 4017d793 srai             x15, x15, 0x401     x15=00000004 x15:00000008
15784128ns          268463 1c00816e fff5c713 xori             x14, x11, -1        x14=fffffffe x11:00000001
15784148ns          268464 1c008172 00b7c833 xor              x16, x15, x11       x16=00000005 x15:00000004 x11:00000001
15784168ns          268465 1c008176 00f77733 and              x14, x14, x15       x14=00000004 x14:fffffffe x15:00000004
15784188ns          268466 1c008178 010005b3 add              x11, x0, x16        x11=00000005 x16:00000005
15784208ns          268467 1c00817a fe0709e3 beq              x14, x0, -14        x14:00000004
15784228ns          268468 1c00817c 00188893 addi             x17, x17, 1         x17=00000014 x17:00000013
15784248ns          268469 1c00817e 031e8b63 beq              x29, x17, 54        x29:0000001f x17:00000014
15784268ns          268470 1c008182 0108dd63 bge              x17, x16, 26        x17:00000014 x16:00000005
15784327ns          268473 1c00819c fff84793 xori             x15, x16, -1        x15=fffffffa x16:00000005
15784347ns          268474 1c0081a0 01c7f7b3 and              x15, x15, x28       x15=00000010 x15:fffffffa x28:00000010
15784367ns          268475 1c0081a4 01e30333 add              x6, x6, x30          x6=10000ea0  x6:10000e9c x30:00000004
15784387ns          268476 1c0081a6 01c845b3 xor              x11, x16, x28       x11=00000015 x16:00000005 x28:00000010
15784407ns          268477 1c0081aa fc0780e3 beq              x15, x0, -64        x15:00000010
15784427ns          268478 1c0081ac 00188893 addi             x17, x17, 1         x17=00000015 x17:00000014
15784447ns          268479 1c0081ae 00b00833 add              x16, x0, x11        x16=00000015 x11:00000015
15784466ns          268480 1c0081b0 fd1e99e3 bne              x29, x17, -46       x29:0000001f x17:00000015
15784546ns          268484 1c008182 0108dd63 bge              x17, x16, 26        x17:00000015 x16:00000015
15784606ns          268487 1c00819c fff84793 xori             x15, x16, -1        x15=ffffffea x16:00000015
15784626ns          268488 1c0081a0 01c7f7b3 and              x15, x15, x28       x15=00000000 x15:ffffffea x28:00000010
15784645ns          268489 1c0081a4 01e30333 add              x6, x6, x30          x6=10000ea4  x6:10000ea0 x30:00000004
15784665ns          268490 1c0081a6 01c845b3 xor              x11, x16, x28       x11=00000005 x16:00000015 x28:00000010
15784685ns          268491 1c0081aa fc0780e3 beq              x15, x0, -64        x15:00000000
15784745ns          268494 1c00816a 01c007b3 add              x15, x0, x28        x15=00000010 x28:00000010
15784765ns          268495 1c00816c 4017d793 srai             x15, x15, 0x401     x15=00000008 x15:00000010
15784785ns          268496 1c00816e fff5c713 xori             x14, x11, -1        x14=fffffffa x11:00000005
15784805ns          268497 1c008172 00b7c833 xor              x16, x15, x11       x16=0000000d x15:00000008 x11:00000005
15784824ns          268498 1c008176 00f77733 and              x14, x14, x15       x14=00000008 x14:fffffffa x15:00000008
15784844ns          268499 1c008178 010005b3 add              x11, x0, x16        x11=0000000d x16:0000000d
15784864ns          268500 1c00817a fe0709e3 beq              x14, x0, -14        x14:00000008
15784884ns          268501 1c00817c 00188893 addi             x17, x17, 1         x17=00000016 x17:00000015
15784904ns          268502 1c00817e 031e8b63 beq              x29, x17, 54        x29:0000001f x17:00000016
15784924ns          268503 1c008182 0108dd63 bge              x17, x16, 26        x17:00000016 x16:0000000d
15784984ns          268506 1c00819c fff84793 xori             x15, x16, -1        x15=fffffff2 x16:0000000d
15785004ns          268507 1c0081a0 01c7f7b3 and              x15, x15, x28       x15=00000010 x15:fffffff2 x28:00000010
15785023ns          268508 1c0081a4 01e30333 add              x6, x6, x30          x6=10000ea8  x6:10000ea4 x30:00000004
15785043ns          268509 1c0081a6 01c845b3 xor              x11, x16, x28       x11=0000001d x16:0000000d x28:00000010
15785063ns          268510 1c0081aa fc0780e3 beq              x15, x0, -64        x15:00000010
15785083ns          268511 1c0081ac 00188893 addi             x17, x17, 1         x17=00000017 x17:00000016
15785103ns          268512 1c0081ae 00b00833 add              x16, x0, x11        x16=0000001d x11:0000001d
15785123ns          268513 1c0081b0 fd1e99e3 bne              x29, x17, -46       x29:0000001f x17:00000017
15785202ns          268517 1c008182 0108dd63 bge              x17, x16, 26        x17:00000017 x16:0000001d
15785222ns          268518 1c008186 00d007b3 add              x15, x0, x13        x15=00000000 x13:00000000
15785242ns          268519 1c008188 430607b3 p.mac            x15, x12, x16       x15=0000001d x15:00000000 x12:00000001 x16:0000001d
15785262ns          268520 1c00818c 00279793 slli             x15, x15, 0x2       x15=00000074 x15:0000001d
15785282ns          268521 1c00818e 00a787b3 add              x15, x15, x10       x15=10000ec0 x15:00000074 x10:10000e4c
15785302ns          268522 1c008190 0007a583 lw               x11, 0(x15)         x11=c122fa4e x15:10000ec0  PA:10000ec0
15785322ns          268523 1c008192 00032703 lw               x14, 0(x6)          x14=40c7308d  x6:10000ea8  PA:10000ea8
15785342ns          268524 1c008196 00b32023 sw               x11, 0(x6)          x11:c122fa4e  x6:10000ea8  PA:10000ea8
15785362ns          268525 1c00819a 00e7a023 sw               x14, 0(x15)         x14:40c7308d x15:10000ec0  PA:10000ec0
15785381ns          268526 1c00819c fff84793 xori             x15, x16, -1        x15=ffffffe2 x16:0000001d
15785401ns          268527 1c0081a0 01c7f7b3 and              x15, x15, x28       x15=00000000 x15:ffffffe2 x28:00000010
15785421ns          268528 1c0081a4 01e30333 add              x6, x6, x30          x6=10000eac  x6:10000ea8 x30:00000004
15785441ns          268529 1c0081a6 01c845b3 xor              x11, x16, x28       x11=0000000d x16:0000001d x28:00000010
15785461ns          268530 1c0081aa fc0780e3 beq              x15, x0, -64        x15:00000000
15785521ns          268533 1c00816a 01c007b3 add              x15, x0, x28        x15=00000010 x28:00000010
15785541ns          268534 1c00816c 4017d793 srai             x15, x15, 0x401     x15=00000008 x15:00000010
15785560ns          268535 1c00816e fff5c713 xori             x14, x11, -1        x14=fffffff2 x11:0000000d
15785580ns          268536 1c008172 00b7c833 xor              x16, x15, x11       x16=00000005 x15:00000008 x11:0000000d
15785600ns          268537 1c008176 00f77733 and              x14, x14, x15       x14=00000000 x14:fffffff2 x15:00000008
15785620ns          268538 1c008178 010005b3 add              x11, x0, x16        x11=00000005 x16:00000005
15785640ns          268539 1c00817a fe0709e3 beq              x14, x0, -14        x14:00000000
15785700ns          268542 1c00816c 4017d793 srai             x15, x15, 0x401     x15=00000004 x15:00000008
15785720ns          268543 1c00816e fff5c713 xori             x14, x11, -1        x14=fffffffa x11:00000005
15785739ns          268544 1c008172 00b7c833 xor              x16, x15, x11       x16=00000001 x15:00000004 x11:00000005
15785759ns          268545 1c008176 00f77733 and              x14, x14, x15       x14=00000000 x14:fffffffa x15:00000004
15785779ns          268546 1c008178 010005b3 add              x11, x0, x16        x11=00000001 x16:00000001
15785799ns          268547 1c00817a fe0709e3 beq              x14, x0, -14        x14:00000000
15785859ns          268550 1c00816c 4017d793 srai             x15, x15, 0x401     x15=00000002 x15:00000004
15785879ns          268551 1c00816e fff5c713 xori             x14, x11, -1        x14=fffffffe x11:00000001
15785899ns          268552 1c008172 00b7c833 xor              x16, x15, x11       x16=00000003 x15:00000002 x11:00000001
15785918ns          268553 1c008176 00f77733 and              x14, x14, x15       x14=00000002 x14:fffffffe x15:00000002
15785938ns          268554 1c008178 010005b3 add              x11, x0, x16        x11=00000003 x16:00000003
15785958ns          268555 1c00817a fe0709e3 beq              x14, x0, -14        x14:00000002
15785978ns          268556 1c00817c 00188893 addi             x17, x17, 1         x17=00000018 x17:00000017
15785998ns          268557 1c00817e 031e8b63 beq              x29, x17, 54        x29:0000001f x17:00000018
15786018ns          268558 1c008182 0108dd63 bge              x17, x16, 26        x17:00000018 x16:00000003
15786078ns          268561 1c00819c fff84793 xori             x15, x16, -1        x15=fffffffc x16:00000003
15786098ns          268562 1c0081a0 01c7f7b3 and              x15, x15, x28       x15=00000010 x15:fffffffc x28:00000010
15786117ns          268563 1c0081a4 01e30333 add              x6, x6, x30          x6=10000eb0  x6:10000eac x30:00000004
15786137ns          268564 1c0081a6 01c845b3 xor              x11, x16, x28       x11=00000013 x16:00000003 x28:00000010
15786157ns          268565 1c0081aa fc0780e3 beq              x15, x0, -64        x15:00000010
15786177ns          268566 1c0081ac 00188893 addi             x17, x17, 1         x17=00000019 x17:00000018
15786197ns          268567 1c0081ae 00b00833 add              x16, x0, x11        x16=00000013 x11:00000013
15786217ns          268568 1c0081b0 fd1e99e3 bne              x29, x17, -46       x29:0000001f x17:00000019
15786296ns          268572 1c008182 0108dd63 bge              x17, x16, 26        x17:00000019 x16:00000013
15786356ns          268575 1c00819c fff84793 xori             x15, x16, -1        x15=ffffffec x16:00000013
15786376ns          268576 1c0081a0 01c7f7b3 and              x15, x15, x28       x15=00000000 x15:ffffffec x28:00000010
15786396ns          268577 1c0081a4 01e30333 add              x6, x6, x30          x6=10000eb4  x6:10000eb0 x30:00000004
15786416ns          268578 1c0081a6 01c845b3 xor              x11, x16, x28       x11=00000003 x16:00000013 x28:00000010
15786436ns          268579 1c0081aa fc0780e3 beq              x15, x0, -64        x15:00000000
15786495ns          268582 1c00816a 01c007b3 add              x15, x0, x28        x15=00000010 x28:00000010
15786515ns          268583 1c00816c 4017d793 srai             x15, x15, 0x401     x15=00000008 x15:00000010
15786535ns          268584 1c00816e fff5c713 xori             x14, x11, -1        x14=fffffffc x11:00000003
15786555ns          268585 1c008172 00b7c833 xor              x16, x15, x11       x16=0000000b x15:00000008 x11:00000003
15786575ns          268586 1c008176 00f77733 and              x14, x14, x15       x14=00000008 x14:fffffffc x15:00000008
15786595ns          268587 1c008178 010005b3 add              x11, x0, x16        x11=0000000b x16:0000000b
15786615ns          268588 1c00817a fe0709e3 beq              x14, x0, -14        x14:00000008
15786635ns          268589 1c00817c 00188893 addi             x17, x17, 1         x17=0000001a x17:00000019
15786654ns          268590 1c00817e 031e8b63 beq              x29, x17, 54        x29:0000001f x17:0000001a
15786674ns          268591 1c008182 0108dd63 bge              x17, x16, 26        x17:0000001a x16:0000000b
15786734ns          268594 1c00819c fff84793 xori             x15, x16, -1        x15=fffffff4 x16:0000000b
15786754ns          268595 1c0081a0 01c7f7b3 and              x15, x15, x28       x15=00000010 x15:fffffff4 x28:00000010
15786774ns          268596 1c0081a4 01e30333 add              x6, x6, x30          x6=10000eb8  x6:10000eb4 x30:00000004
15786794ns          268597 1c0081a6 01c845b3 xor              x11, x16, x28       x11=0000001b x16:0000000b x28:00000010
15786814ns          268598 1c0081aa fc0780e3 beq              x15, x0, -64        x15:00000010
15786833ns          268599 1c0081ac 00188893 addi             x17, x17, 1         x17=0000001b x17:0000001a
15786853ns          268600 1c0081ae 00b00833 add              x16, x0, x11        x16=0000001b x11:0000001b
15786873ns          268601 1c0081b0 fd1e99e3 bne              x29, x17, -46       x29:0000001f x17:0000001b
15786953ns          268605 1c008182 0108dd63 bge              x17, x16, 26        x17:0000001b x16:0000001b
15787012ns          268608 1c00819c fff84793 xori             x15, x16, -1        x15=ffffffe4 x16:0000001b
15787032ns          268609 1c0081a0 01c7f7b3 and              x15, x15, x28       x15=00000000 x15:ffffffe4 x28:00000010
15787052ns          268610 1c0081a4 01e30333 add              x6, x6, x30          x6=10000ebc  x6:10000eb8 x30:00000004
15787072ns          268611 1c0081a6 01c845b3 xor              x11, x16, x28       x11=0000000b x16:0000001b x28:00000010
15787092ns          268612 1c0081aa fc0780e3 beq              x15, x0, -64        x15:00000000
15787152ns          268615 1c00816a 01c007b3 add              x15, x0, x28        x15=00000010 x28:00000010
15787172ns          268616 1c00816c 4017d793 srai             x15, x15, 0x401     x15=00000008 x15:00000010
15787191ns          268617 1c00816e fff5c713 xori             x14, x11, -1        x14=fffffff4 x11:0000000b
15787211ns          268618 1c008172 00b7c833 xor              x16, x15, x11       x16=00000003 x15:00000008 x11:0000000b
15787231ns          268619 1c008176 00f77733 and              x14, x14, x15       x14=00000000 x14:fffffff4 x15:00000008
15787251ns          268620 1c008178 010005b3 add              x11, x0, x16        x11=00000003 x16:00000003
15787271ns          268621 1c00817a fe0709e3 beq              x14, x0, -14        x14:00000000
15787331ns          268624 1c00816c 4017d793 srai             x15, x15, 0x401     x15=00000004 x15:00000008
15787351ns          268625 1c00816e fff5c713 xori             x14, x11, -1        x14=fffffffc x11:00000003
15787371ns          268626 1c008172 00b7c833 xor              x16, x15, x11       x16=00000007 x15:00000004 x11:00000003
15787390ns          268627 1c008176 00f77733 and              x14, x14, x15       x14=00000004 x14:fffffffc x15:00000004
15787410ns          268628 1c008178 010005b3 add              x11, x0, x16        x11=00000007 x16:00000007
15787430ns          268629 1c00817a fe0709e3 beq              x14, x0, -14        x14:00000004
15787450ns          268630 1c00817c 00188893 addi             x17, x17, 1         x17=0000001c x17:0000001b
15787470ns          268631 1c00817e 031e8b63 beq              x29, x17, 54        x29:0000001f x17:0000001c
15787490ns          268632 1c008182 0108dd63 bge              x17, x16, 26        x17:0000001c x16:00000007
15787550ns          268635 1c00819c fff84793 xori             x15, x16, -1        x15=fffffff8 x16:00000007
15787569ns          268636 1c0081a0 01c7f7b3 and              x15, x15, x28       x15=00000010 x15:fffffff8 x28:00000010
15787589ns          268637 1c0081a4 01e30333 add              x6, x6, x30          x6=10000ec0  x6:10000ebc x30:00000004
15787609ns          268638 1c0081a6 01c845b3 xor              x11, x16, x28       x11=00000017 x16:00000007 x28:00000010
15787629ns          268639 1c0081aa fc0780e3 beq              x15, x0, -64        x15:00000010
15787649ns          268640 1c0081ac 00188893 addi             x17, x17, 1         x17=0000001d x17:0000001c
15787669ns          268641 1c0081ae 00b00833 add              x16, x0, x11        x16=00000017 x11:00000017
15787689ns          268642 1c0081b0 fd1e99e3 bne              x29, x17, -46       x29:0000001f x17:0000001d
15787768ns          268646 1c008182 0108dd63 bge              x17, x16, 26        x17:0000001d x16:00000017
15787828ns          268649 1c00819c fff84793 xori             x15, x16, -1        x15=ffffffe8 x16:00000017
15787848ns          268650 1c0081a0 01c7f7b3 and              x15, x15, x28       x15=00000000 x15:ffffffe8 x28:00000010
15787868ns          268651 1c0081a4 01e30333 add              x6, x6, x30          x6=10000ec4  x6:10000ec0 x30:00000004
15787888ns          268652 1c0081a6 01c845b3 xor              x11, x16, x28       x11=00000007 x16:00000017 x28:00000010
15787908ns          268653 1c0081aa fc0780e3 beq              x15, x0, -64        x15:00000000
15787967ns          268656 1c00816a 01c007b3 add              x15, x0, x28        x15=00000010 x28:00000010
15787987ns          268657 1c00816c 4017d793 srai             x15, x15, 0x401     x15=00000008 x15:00000010
15788007ns          268658 1c00816e fff5c713 xori             x14, x11, -1        x14=fffffff8 x11:00000007
15788027ns          268659 1c008172 00b7c833 xor              x16, x15, x11       x16=0000000f x15:00000008 x11:00000007
15788047ns          268660 1c008176 00f77733 and              x14, x14, x15       x14=00000008 x14:fffffff8 x15:00000008
15788067ns          268661 1c008178 010005b3 add              x11, x0, x16        x11=0000000f x16:0000000f
15788087ns          268662 1c00817a fe0709e3 beq              x14, x0, -14        x14:00000008
15788106ns          268663 1c00817c 00188893 addi             x17, x17, 1         x17=0000001e x17:0000001d
15788126ns          268664 1c00817e 031e8b63 beq              x29, x17, 54        x29:0000001f x17:0000001e
15788146ns          268665 1c008182 0108dd63 bge              x17, x16, 26        x17:0000001e x16:0000000f
15788206ns          268668 1c00819c fff84793 xori             x15, x16, -1        x15=fffffff0 x16:0000000f
15788226ns          268669 1c0081a0 01c7f7b3 and              x15, x15, x28       x15=00000010 x15:fffffff0 x28:00000010
15788246ns          268670 1c0081a4 01e30333 add              x6, x6, x30          x6=10000ec8  x6:10000ec4 x30:00000004
15788266ns          268671 1c0081a6 01c845b3 xor              x11, x16, x28       x11=0000001f x16:0000000f x28:00000010
15788285ns          268672 1c0081aa fc0780e3 beq              x15, x0, -64        x15:00000010
15788305ns          268673 1c0081ac 00188893 addi             x17, x17, 1         x17=0000001f x17:0000001e
15788325ns          268674 1c0081ae 00b00833 add              x16, x0, x11        x16=0000001f x11:0000001f
15788345ns          268675 1c0081b0 fd1e99e3 bne              x29, x17, -46       x29:0000001f x17:0000001f
15788365ns          268676 1c0081b4 00008067 jalr             x0, x1, 0            x1:1c0088d8
15788405ns          268678 1c0088d8 18c12603 lw               x12, 396(x2)        x12=3e800000  x2:10000e48  PA:10000fd4
15788425ns          268679 1c0088dc 00410413 addi             x8, x2, 4            x8=10000e4c  x2:10000e48
15788445ns          268680 1c0088de 08410693 addi             x13, x2, 132        x13=10000ecc  x2:10000e48
15788882ns          268702 1c0088e0 0203d0fb lp.setupi        0x1, 0x20, 0x7     
15788922ns          268704 1c0088e4 00042783 lw               x15, 0(x8)          x15=42fc67eb  x8:10000e4c  PA:10000e4c
15788962ns          268706 1c0088e6 10c7f7d3 fmul.s           f15, f15, f12       f15=xxxxxxxx f15:42fc67eb f12:3e800000
15788982ns          268707 1c0088ea 00f6a22b p.sw             x15, 4(x13!)        x13=10000ed0 x15:41fc67eb x13:10000ecc  PA:10000ecc
15789399ns          268728 1c0088ee 00f4222b p.sw             x15, 4(x8!)          x8=10000e50 x15:41fc67eb  x8:10000e4c  PA:10000e4c
15789439ns          268730 1c0088e4 00042783 lw               x15, 0(x8)          x15=41cde361  x8:10000e50  PA:10000e50
15789479ns          268732 1c0088e6 10c7f7d3 fmul.s           f15, f15, f12       f15=xxxxxxxx f15:41cde361 f12:3e800000
15789499ns          268733 1c0088ea 00f6a22b p.sw             x15, 4(x13!)        x13=10000ed4 x15:40cde361 x13:10000ed0  PA:10000ed0
15789519ns          268734 1c0088ee 00f4222b p.sw             x15, 4(x8!)          x8=10000e54 x15:40cde361  x8:10000e50  PA:10000e50
15789539ns          268735 1c0088e4 00042783 lw               x15, 0(x8)          x15=c12ede37  x8:10000e54  PA:10000e54
15789578ns          268737 1c0088e6 10c7f7d3 fmul.s           f15, f15, f12       f15=xxxxxxxx f15:c12ede37 f12:3e800000
15789598ns          268738 1c0088ea 00f6a22b p.sw             x15, 4(x13!)        x13=10000ed8 x15:c02ede37 x13:10000ed4  PA:10000ed4
15789618ns          268739 1c0088ee 00f4222b p.sw             x15, 4(x8!)          x8=10000e58 x15:c02ede37  x8:10000e54  PA:10000e54
15789638ns          268740 1c0088e4 00042783 lw               x15, 0(x8)          x15=41954817  x8:10000e58  PA:10000e58
15789678ns          268742 1c0088e6 10c7f7d3 fmul.s           f15, f15, f12       f15=xxxxxxxx f15:41954817 f12:3e800000
15789698ns          268743 1c0088ea 00f6a22b p.sw             x15, 4(x13!)        x13=10000edc x15:40954817 x13:10000ed8  PA:10000ed8
15789718ns          268744 1c0088ee 00f4222b p.sw             x15, 4(x8!)          x8=10000e5c x15:40954817  x8:10000e58  PA:10000e58
15789738ns          268745 1c0088e4 00042783 lw               x15, 0(x8)          x15=40c62ef9  x8:10000e5c  PA:10000e5c
15789777ns          268747 1c0088e6 10c7f7d3 fmul.s           f15, f15, f12       f15=xxxxxxxx f15:40c62ef9 f12:3e800000
15789797ns          268748 1c0088ea 00f6a22b p.sw             x15, 4(x13!)        x13=10000ee0 x15:3fc62ef9 x13:10000edc  PA:10000edc
15789817ns          268749 1c0088ee 00f4222b p.sw             x15, 4(x8!)          x8=10000e60 x15:3fc62ef9  x8:10000e5c  PA:10000e5c
15789837ns          268750 1c0088e4 00042783 lw               x15, 0(x8)          x15=414d2da6  x8:10000e60  PA:10000e60
15789877ns          268752 1c0088e6 10c7f7d3 fmul.s           f15, f15, f12       f15=xxxxxxxx f15:414d2da6 f12:3e800000
15789897ns          268753 1c0088ea 00f6a22b p.sw             x15, 4(x13!)        x13=10000ee4 x15:404d2da6 x13:10000ee0  PA:10000ee0
15789917ns          268754 1c0088ee 00f4222b p.sw             x15, 4(x8!)          x8=10000e64 x15:404d2da6  x8:10000e60  PA:10000e60
15789936ns          268755 1c0088e4 00042783 lw               x15, 0(x8)          x15=bf159c07  x8:10000e64  PA:10000e64
15789976ns          268757 1c0088e6 10c7f7d3 fmul.s           f15, f15, f12       f15=xxxxxxxx f15:bf159c07 f12:3e800000
15789996ns          268758 1c0088ea 00f6a22b p.sw             x15, 4(x13!)        x13=10000ee8 x15:be159c07 x13:10000ee4  PA:10000ee4
15790016ns          268759 1c0088ee 00f4222b p.sw             x15, 4(x8!)          x8=10000e68 x15:be159c07  x8:10000e64  PA:10000e64
15790036ns          268760 1c0088e4 00042783 lw               x15, 0(x8)          x15=c194ce1f  x8:10000e68  PA:10000e68
15790076ns          268762 1c0088e6 10c7f7d3 fmul.s           f15, f15, f12       f15=xxxxxxxx f15:c194ce1f f12:3e800000
15790096ns          268763 1c0088ea 00f6a22b p.sw             x15, 4(x13!)        x13=10000eec x15:c094ce1f x13:10000ee8  PA:10000ee8
15790115ns          268764 1c0088ee 00f4222b p.sw             x15, 4(x8!)          x8=10000e6c x15:c094ce1f  x8:10000e68  PA:10000e68
15790135ns          268765 1c0088e4 00042783 lw               x15, 0(x8)          x15=c1106d92  x8:10000e6c  PA:10000e6c
15790175ns          268767 1c0088e6 10c7f7d3 fmul.s           f15, f15, f12       f15=xxxxxxxx f15:c1106d92 f12:3e800000
15790195ns          268768 1c0088ea 00f6a22b p.sw             x15, 4(x13!)        x13=10000ef0 x15:c0106d92 x13:10000eec  PA:10000eec
15790215ns          268769 1c0088ee 00f4222b p.sw             x15, 4(x8!)          x8=10000e70 x15:c0106d92  x8:10000e6c  PA:10000e6c
15790235ns          268770 1c0088e4 00042783 lw               x15, 0(x8)          x15=bffa7b5f  x8:10000e70  PA:10000e70
15790275ns          268772 1c0088e6 10c7f7d3 fmul.s           f15, f15, f12       f15=xxxxxxxx f15:bffa7b5f f12:3e800000
15790294ns          268773 1c0088ea 00f6a22b p.sw             x15, 4(x13!)        x13=10000ef4 x15:befa7b5f x13:10000ef0  PA:10000ef0
15790314ns          268774 1c0088ee 00f4222b p.sw             x15, 4(x8!)          x8=10000e74 x15:befa7b5f  x8:10000e70  PA:10000e70
15790334ns          268775 1c0088e4 00042783 lw               x15, 0(x8)          x15=40d0e047  x8:10000e74  PA:10000e74
15790374ns          268777 1c0088e6 10c7f7d3 fmul.s           f15, f15, f12       f15=xxxxxxxx f15:40d0e047 f12:3e800000
15790394ns          268778 1c0088ea 00f6a22b p.sw             x15, 4(x13!)        x13=10000ef8 x15:3fd0e047 x13:10000ef4  PA:10000ef4
15790414ns          268779 1c0088ee 00f4222b p.sw             x15, 4(x8!)          x8=10000e78 x15:3fd0e047  x8:10000e74  PA:10000e74
15790434ns          268780 1c0088e4 00042783 lw               x15, 0(x8)          x15=415d4b93  x8:10000e78  PA:10000e78
15790473ns          268782 1c0088e6 10c7f7d3 fmul.s           f15, f15, f12       f15=xxxxxxxx f15:415d4b93 f12:3e800000
15790493ns          268783 1c0088ea 00f6a22b p.sw             x15, 4(x13!)        x13=10000efc x15:405d4b93 x13:10000ef8  PA:10000ef8
15790513ns          268784 1c0088ee 00f4222b p.sw             x15, 4(x8!)          x8=10000e7c x15:405d4b93  x8:10000e78  PA:10000e78
15790533ns          268785 1c0088e4 00042783 lw               x15, 0(x8)          x15=4047099d  x8:10000e7c  PA:10000e7c
15790573ns          268787 1c0088e6 10c7f7d3 fmul.s           f15, f15, f12       f15=xxxxxxxx f15:4047099d f12:3e800000
15790593ns          268788 1c0088ea 00f6a22b p.sw             x15, 4(x13!)        x13=10000f00 x15:3f47099d x13:10000efc  PA:10000efc
15790613ns          268789 1c0088ee 00f4222b p.sw             x15, 4(x8!)          x8=10000e80 x15:3f47099d  x8:10000e7c  PA:10000e7c
15790633ns          268790 1c0088e4 00042783 lw               x15, 0(x8)          x15=411de8d7  x8:10000e80  PA:10000e80
15790672ns          268792 1c0088e6 10c7f7d3 fmul.s           f15, f15, f12       f15=xxxxxxxx f15:411de8d7 f12:3e800000
15790692ns          268793 1c0088ea 00f6a22b p.sw             x15, 4(x13!)        x13=10000f04 x15:401de8d7 x13:10000f00  PA:10000f00
15790712ns          268794 1c0088ee 00f4222b p.sw             x15, 4(x8!)          x8=10000e84 x15:401de8d7  x8:10000e80  PA:10000e80
15790732ns          268795 1c0088e4 00042783 lw               x15, 0(x8)          x15=c122e967  x8:10000e84  PA:10000e84
15790772ns          268797 1c0088e6 10c7f7d3 fmul.s           f15, f15, f12       f15=xxxxxxxx f15:c122e967 f12:3e800000
15790792ns          268798 1c0088ea 00f6a22b p.sw             x15, 4(x13!)        x13=10000f08 x15:c022e967 x13:10000f04  PA:10000f04
15790812ns          268799 1c0088ee 00f4222b p.sw             x15, 4(x8!)          x8=10000e88 x15:c022e967  x8:10000e84  PA:10000e84
15790832ns          268800 1c0088e4 00042783 lw               x15, 0(x8)          x15=409eea3f  x8:10000e88  PA:10000e88
15790871ns          268802 1c0088e6 10c7f7d3 fmul.s           f15, f15, f12       f15=xxxxxxxx f15:409eea3f f12:3e800000
15790891ns          268803 1c0088ea 00f6a22b p.sw             x15, 4(x13!)        x13=10000f0c x15:3f9eea3f x13:10000f08  PA:10000f08
15790911ns          268804 1c0088ee 00f4222b p.sw             x15, 4(x8!)          x8=10000e8c x15:3f9eea3f  x8:10000e88  PA:10000e88
15790931ns          268805 1c0088e4 00042783 lw               x15, 0(x8)          x15=401641b9  x8:10000e8c  PA:10000e8c
15790971ns          268807 1c0088e6 10c7f7d3 fmul.s           f15, f15, f12       f15=xxxxxxxx f15:401641b9 f12:3e800000
15790991ns          268808 1c0088ea 00f6a22b p.sw             x15, 4(x13!)        x13=10000f10 x15:3f1641b9 x13:10000f0c  PA:10000f0c
15791011ns          268809 1c0088ee 00f4222b p.sw             x15, 4(x8!)          x8=10000e90 x15:3f1641b9  x8:10000e8c  PA:10000e8c
15791030ns          268810 1c0088e4 00042783 lw               x15, 0(x8)          x15=c192bd29  x8:10000e90  PA:10000e90
15791070ns          268812 1c0088e6 10c7f7d3 fmul.s           f15, f15, f12       f15=xxxxxxxx f15:c192bd29 f12:3e800000
15791090ns          268813 1c0088ea 00f6a22b p.sw             x15, 4(x13!)        x13=10000f14 x15:c092bd29 x13:10000f10  PA:10000f10
15791110ns          268814 1c0088ee 00f4222b p.sw             x15, 4(x8!)          x8=10000e94 x15:c092bd29  x8:10000e90  PA:10000e90
15791130ns          268815 1c0088e4 00042783 lw               x15, 0(x8)          x15=c197533c  x8:10000e94  PA:10000e94
15791170ns          268817 1c0088e6 10c7f7d3 fmul.s           f15, f15, f12       f15=xxxxxxxx f15:c197533c f12:3e800000
15791190ns          268818 1c0088ea 00f6a22b p.sw             x15, 4(x13!)        x13=10000f18 x15:c097533c x13:10000f14  PA:10000f14
15791209ns          268819 1c0088ee 00f4222b p.sw             x15, 4(x8!)          x8=10000e98 x15:c097533c  x8:10000e94  PA:10000e94
15791229ns          268820 1c0088e4 00042783 lw               x15, 0(x8)          x15=40d5e88e  x8:10000e98  PA:10000e98
15791269ns          268822 1c0088e6 10c7f7d3 fmul.s           f15, f15, f12       f15=xxxxxxxx f15:40d5e88e f12:3e800000
15791289ns          268823 1c0088ea 00f6a22b p.sw             x15, 4(x13!)        x13=10000f1c x15:3fd5e88e x13:10000f18  PA:10000f18
15791309ns          268824 1c0088ee 00f4222b p.sw             x15, 4(x8!)          x8=10000e9c x15:3fd5e88e  x8:10000e98  PA:10000e98
15791329ns          268825 1c0088e4 00042783 lw               x15, 0(x8)          x15=40a351c8  x8:10000e9c  PA:10000e9c
15791369ns          268827 1c0088e6 10c7f7d3 fmul.s           f15, f15, f12       f15=xxxxxxxx f15:40a351c8 f12:3e800000
15791388ns          268828 1c0088ea 00f6a22b p.sw             x15, 4(x13!)        x13=10000f20 x15:3fa351c8 x13:10000f1c  PA:10000f1c
15791408ns          268829 1c0088ee 00f4222b p.sw             x15, 4(x8!)          x8=10000ea0 x15:3fa351c8  x8:10000e9c  PA:10000e9c
15791428ns          268830 1c0088e4 00042783 lw               x15, 0(x8)          x15=40f5c6ed  x8:10000ea0  PA:10000ea0
15791468ns          268832 1c0088e6 10c7f7d3 fmul.s           f15, f15, f12       f15=xxxxxxxx f15:40f5c6ed f12:3e800000
15791488ns          268833 1c0088ea 00f6a22b p.sw             x15, 4(x13!)        x13=10000f24 x15:3ff5c6ed x13:10000f20  PA:10000f20
15791508ns          268834 1c0088ee 00f4222b p.sw             x15, 4(x8!)          x8=10000ea4 x15:3ff5c6ed  x8:10000ea0  PA:10000ea0
15791528ns          268835 1c0088e4 00042783 lw               x15, 0(x8)          x15=411caa6b  x8:10000ea4  PA:10000ea4
15791567ns          268837 1c0088e6 10c7f7d3 fmul.s           f15, f15, f12       f15=xxxxxxxx f15:411caa6b f12:3e800000
15791587ns          268838 1c0088ea 00f6a22b p.sw             x15, 4(x13!)        x13=10000f28 x15:401caa6b x13:10000f24  PA:10000f24
15791607ns          268839 1c0088ee 00f4222b p.sw             x15, 4(x8!)          x8=10000ea8 x15:401caa6b  x8:10000ea4  PA:10000ea4
15791627ns          268840 1c0088e4 00042783 lw               x15, 0(x8)          x15=c122fa4e  x8:10000ea8  PA:10000ea8
15791667ns          268842 1c0088e6 10c7f7d3 fmul.s           f15, f15, f12       f15=xxxxxxxx f15:c122fa4e f12:3e800000
15791687ns          268843 1c0088ea 00f6a22b p.sw             x15, 4(x13!)        x13=10000f2c x15:c022fa4e x13:10000f28  PA:10000f28
15791707ns          268844 1c0088ee 00f4222b p.sw             x15, 4(x8!)          x8=10000eac x15:c022fa4e  x8:10000ea8  PA:10000ea8
15791727ns          268845 1c0088e4 00042783 lw               x15, 0(x8)          x15=414ed88d  x8:10000eac  PA:10000eac
15791766ns          268847 1c0088e6 10c7f7d3 fmul.s           f15, f15, f12       f15=xxxxxxxx f15:414ed88d f12:3e800000
15791786ns          268848 1c0088ea 00f6a22b p.sw             x15, 4(x13!)        x13=10000f30 x15:404ed88d x13:10000f2c  PA:10000f2c
15791806ns          268849 1c0088ee 00f4222b p.sw             x15, 4(x8!)          x8=10000eb0 x15:404ed88d  x8:10000eac  PA:10000eac
15791826ns          268850 1c0088e4 00042783 lw               x15, 0(x8)          x15=c1891124  x8:10000eb0  PA:10000eb0
15791866ns          268852 1c0088e6 10c7f7d3 fmul.s           f15, f15, f12       f15=xxxxxxxx f15:c1891124 f12:3e800000
15791886ns          268853 1c0088ea 00f6a22b p.sw             x15, 4(x13!)        x13=10000f34 x15:c0891124 x13:10000f30  PA:10000f30
15791906ns          268854 1c0088ee 00f4222b p.sw             x15, 4(x8!)          x8=10000eb4 x15:c0891124  x8:10000eb0  PA:10000eb0
15791925ns          268855 1c0088e4 00042783 lw               x15, 0(x8)          x15=3e6306bf  x8:10000eb4  PA:10000eb4
15791965ns          268857 1c0088e6 10c7f7d3 fmul.s           f15, f15, f12       f15=xxxxxxxx f15:3e6306bf f12:3e800000
15791985ns          268858 1c0088ea 00f6a22b p.sw             x15, 4(x13!)        x13=10000f38 x15:3d6306bf x13:10000f34  PA:10000f34
15792005ns          268859 1c0088ee 00f4222b p.sw             x15, 4(x8!)          x8=10000eb8 x15:3d6306bf  x8:10000eb4  PA:10000eb4
15792025ns          268860 1c0088e4 00042783 lw               x15, 0(x8)          x15=40eecb77  x8:10000eb8  PA:10000eb8
15792065ns          268862 1c0088e6 10c7f7d3 fmul.s           f15, f15, f12       f15=xxxxxxxx f15:40eecb77 f12:3e800000
15792085ns          268863 1c0088ea 00f6a22b p.sw             x15, 4(x13!)        x13=10000f3c x15:3feecb77 x13:10000f38  PA:10000f38
15792105ns          268864 1c0088ee 00f4222b p.sw             x15, 4(x8!)          x8=10000ebc x15:3feecb77  x8:10000eb8  PA:10000eb8
15792124ns          268865 1c0088e4 00042783 lw               x15, 0(x8)          x15=41885849  x8:10000ebc  PA:10000ebc
15792164ns          268867 1c0088e6 10c7f7d3 fmul.s           f15, f15, f12       f15=xxxxxxxx f15:41885849 f12:3e800000
15792184ns          268868 1c0088ea 00f6a22b p.sw             x15, 4(x13!)        x13=10000f40 x15:40885849 x13:10000f3c  PA:10000f3c
15792204ns          268869 1c0088ee 00f4222b p.sw             x15, 4(x8!)          x8=10000ec0 x15:40885849  x8:10000ebc  PA:10000ebc
15792224ns          268870 1c0088e4 00042783 lw               x15, 0(x8)          x15=40c7308d  x8:10000ec0  PA:10000ec0
15792264ns          268872 1c0088e6 10c7f7d3 fmul.s           f15, f15, f12       f15=xxxxxxxx f15:40c7308d f12:3e800000
15792284ns          268873 1c0088ea 00f6a22b p.sw             x15, 4(x13!)        x13=10000f44 x15:3fc7308d x13:10000f40  PA:10000f40
15792303ns          268874 1c0088ee 00f4222b p.sw             x15, 4(x8!)          x8=10000ec4 x15:3fc7308d  x8:10000ec0  PA:10000ec0
15792323ns          268875 1c0088e4 00042783 lw               x15, 0(x8)          x15=c0f8e9ad  x8:10000ec4  PA:10000ec4
15792363ns          268877 1c0088e6 10c7f7d3 fmul.s           f15, f15, f12       f15=xxxxxxxx f15:c0f8e9ad f12:3e800000
15792383ns          268878 1c0088ea 00f6a22b p.sw             x15, 4(x13!)        x13=10000f48 x15:bff8e9ad x13:10000f44  PA:10000f44
15792403ns          268879 1c0088ee 00f4222b p.sw             x15, 4(x8!)          x8=10000ec8 x15:bff8e9ad  x8:10000ec4  PA:10000ec4
15792423ns          268880 1c0088e4 00042783 lw               x15, 0(x8)          x15=c135cfc2  x8:10000ec8  PA:10000ec8
15792463ns          268882 1c0088e6 10c7f7d3 fmul.s           f15, f15, f12       f15=xxxxxxxx f15:c135cfc2 f12:3e800000
15792482ns          268883 1c0088ea 00f6a22b p.sw             x15, 4(x13!)        x13=10000f4c x15:c035cfc2 x13:10000f48  PA:10000f48
15792502ns          268884 1c0088ee 00f4222b p.sw             x15, 4(x8!)          x8=10000ecc x15:c035cfc2  x8:10000ec8  PA:10000ec8
15792522ns          268885 1c0088f2 7d7010ef jal              x1, 8150             x1=1c0088f6
15792602ns          268889 1c00a8c8 f14027f3 csrrs            x15, x0, 0xf14      x15=00000001
15792642ns          268891 1c00a8cc 01f00713 addi             x14, x0, 31         x14=0000001f
15792701ns          268894 1c00a8ce ca5797b3 p.extractu       x15, x15, 5, 5      x15=00000000 x15:00000001
15792741ns          268896 1c00a8d2 00e78863 beq              x15, x14, 16        x15:00000000 x14:0000001f
15792761ns          268897 1c00a8d6 002047b7 lui              x15, 0x204000       x15=00204000
15792781ns          268898 1c00a8da 20078793 addi             x15, x15, 512       x15=00204200 x15:00204000
15792840ns          268901 1c00a8de 01c7e703 p.elw            x14, 28(x15)        x14=00010000 x15:00204200  PA:0020421c
15793775ns          268948 1c00a8e2 00008067 jalr             x0, x1, 0            x1:1c0088f6
15793835ns          268951 1c0088f6 f14027f3 csrrs            x15, x0, 0xf14      x15=00000001
15793855ns          268952 1c0088fa f457b7b3 p.bclr           x15, x15, 26, 5     x15=00000001 x15:00000001
15793875ns          268953 1c0088fe 00079d63 bne              x15, x0, 26         x15:00000001
15794849ns          269002 1c008918 7b1010ef jal              x1, 8112             x1=1c00891c
15794889ns          269004 1c00a8c8 f14027f3 csrrs            x15, x0, 0xf14      x15=00000001
15794909ns          269005 1c00a8cc 01f00713 addi             x14, x0, 31         x14=0000001f
15794929ns          269006 1c00a8ce ca5797b3 p.extractu       x15, x15, 5, 5      x15=00000000 x15:00000001
15794949ns          269007 1c00a8d2 00e78863 beq              x15, x14, 16        x15:00000000 x14:0000001f
15794969ns          269008 1c00a8d6 002047b7 lui              x15, 0x204000       x15=00204000
15794989ns          269009 1c00a8da 20078793 addi             x15, x15, 512       x15=00204200 x15:00204000
15795009ns          269010 1c00a8de 01c7e703 p.elw            x14, 28(x15)        x14=00010000 x15:00204200  PA:0020421c
16438232ns          301299 1c00a8e2 00008067 jalr             x0, x1, 0            x1:1c00891c
16438273ns          301301 1c00891c 00412603 lw               x12, 4(x2)          x12=41fc67eb  x2:10000e48  PA:10000e4c
16438313ns          301303 1c00891e 00810593 addi             x11, x2, 8          x11=10000e50  x2:10000e48
16438794ns          301327 1c008920 08412983 lw               x19, 132(x2)        x19=41fc67eb  x2:10000e48  PA:10000ecc
16438814ns          301328 1c008922 08810513 addi             x10, x2, 136        x10=10000ed0  x2:10000e48
16438834ns          301329 1c008924 00b006b3 add              x13, x0, x11        x13=10000e50 x11:10000e50
16438855ns          301330 1c008926 00c00733 add              x14, x0, x12        x14=41fc67eb x12:41fc67eb
16438875ns          301331 1c008928 01f450fb lp.setupi        0x1, 0x1f, 0x8     
16438895ns          301332 1c00892c 0045288b p.lw             x17, 4(x10!)        x17=40cde361 x10=10000ed4 x10:10000ed0  PA:10000ed0
16439336ns          301354 1c008930 0046a80b p.lw             x16, 4(x13!)        x16=40cde361 x13=10000e54 x13:10000e50  PA:10000e50
16439376ns          301356 1c008934 0119f9d3 fadd.s           f19, f19, f17       f19=xxxxxxxx f19:41fc67eb f17:40cde361
16439396ns          301357 1c008938 01077753 fadd.s           f14, f14, f16       f14=xxxxxxxx f14:41fc67eb f16:40cde361
16439416ns          301358 1c00892c 0045288b p.lw             x17, 4(x10!)        x17=c02ede37 x10=10000ed8 x10:10000ed4  PA:10000ed4
16439456ns          301360 1c008930 0046a80b p.lw             x16, 4(x13!)        x16=c02ede37 x13=10000e58 x13:10000e54  PA:10000e54
16439477ns          301361 1c008934 0119f9d3 fadd.s           f19, f19, f17       f19=xxxxxxxx f19:4217f062 f17:c02ede37
16439497ns          301362 1c008938 01077753 fadd.s           f14, f14, f16       f14=xxxxxxxx f14:4217f062 f16:c02ede37
16439517ns          301363 1c00892c 0045288b p.lw             x17, 4(x10!)        x17=40954817 x10=10000edc x10:10000ed8  PA:10000ed8
16439537ns          301364 1c008930 0046a80b p.lw             x16, 4(x13!)        x16=40954817 x13=10000e5c x13:10000e58  PA:10000e58
16439557ns          301365 1c008934 0119f9d3 fadd.s           f19, f19, f17       f19=xxxxxxxx f19:420d027f f17:40954817
16439577ns          301366 1c008938 01077753 fadd.s           f14, f14, f16       f14=xxxxxxxx f14:420d027f f16:40954817
16439597ns          301367 1c00892c 0045288b p.lw             x17, 4(x10!)        x17=3fc62ef9 x10=10000ee0 x10:10000edc  PA:10000edc
16439617ns          301368 1c008930 0046a80b p.lw             x16, 4(x13!)        x16=3fc62ef9 x13=10000e60 x13:10000e5c  PA:10000e5c
16439637ns          301369 1c008934 0119f9d3 fadd.s           f19, f19, f17       f19=xxxxxxxx f19:421fab82 f17:3fc62ef9
16439657ns          301370 1c008938 01077753 fadd.s           f14, f14, f16       f14=xxxxxxxx f14:421fab82 f16:3fc62ef9
16439677ns          301371 1c00892c 0045288b p.lw             x17, 4(x10!)        x17=404d2da6 x10=10000ee4 x10:10000ee0  PA:10000ee0
16439697ns          301372 1c008930 0046a80b p.lw             x16, 4(x13!)        x16=404d2da6 x13=10000e64 x13:10000e60  PA:10000e60
16439717ns          301373 1c008934 0119f9d3 fadd.s           f19, f19, f17       f19=xxxxxxxx f19:4225dcfa f17:404d2da6
16439737ns          301374 1c008938 01077753 fadd.s           f14, f14, f16       f14=xxxxxxxx f14:4225dcfa f16:404d2da6
16439757ns          301375 1c00892c 0045288b p.lw             x17, 4(x10!)        x17=be159c07 x10=10000ee8 x10:10000ee4  PA:10000ee4
16439778ns          301376 1c008930 0046a80b p.lw             x16, 4(x13!)        x16=be159c07 x13=10000e68 x13:10000e64  PA:10000e64
16439798ns          301377 1c008934 0119f9d3 fadd.s           f19, f19, f17       f19=xxxxxxxx f19:4232afd4 f17:be159c07
16439818ns          301378 1c008938 01077753 fadd.s           f14, f14, f16       f14=xxxxxxxx f14:4232afd4 f16:be159c07
16439838ns          301379 1c00892c 0045288b p.lw             x17, 4(x10!)        x17=c094ce1f x10=10000eec x10:10000ee8  PA:10000ee8
16439858ns          301380 1c008930 0046a80b p.lw             x16, 4(x13!)        x16=c094ce1f x13=10000e6c x13:10000e68  PA:10000e68
16439878ns          301381 1c008934 0119f9d3 fadd.s           f19, f19, f17       f19=xxxxxxxx f19:42321a38 f17:c094ce1f
16439898ns          301382 1c008938 01077753 fadd.s           f14, f14, f16       f14=xxxxxxxx f14:42321a38 f16:c094ce1f
16439918ns          301383 1c00892c 0045288b p.lw             x17, 4(x10!)        x17=c0106d92 x10=10000ef0 x10:10000eec  PA:10000eec
16439938ns          301384 1c008930 0046a80b p.lw             x16, 4(x13!)        x16=c0106d92 x13=10000e70 x13:10000e6c  PA:10000e6c
16439958ns          301385 1c008934 0119f9d3 fadd.s           f19, f19, f17       f19=xxxxxxxx f19:421f8074 f17:c0106d92
16439978ns          301386 1c008938 01077753 fadd.s           f14, f14, f16       f14=xxxxxxxx f14:421f8074 f16:c0106d92
16439998ns          301387 1c00892c 0045288b p.lw             x17, 4(x10!)        x17=befa7b5f x10=10000ef4 x10:10000ef0  PA:10000ef0
16440018ns          301388 1c008930 0046a80b p.lw             x16, 4(x13!)        x16=befa7b5f x13=10000e74 x13:10000e70  PA:10000e70
16440038ns          301389 1c008934 0119f9d3 fadd.s           f19, f19, f17       f19=xxxxxxxx f19:4216799b f17:befa7b5f
16440058ns          301390 1c008938 01077753 fadd.s           f14, f14, f16       f14=xxxxxxxx f14:4216799b f16:befa7b5f
16440079ns          301391 1c00892c 0045288b p.lw             x17, 4(x10!)        x17=3fd0e047 x10=10000ef8 x10:10000ef4  PA:10000ef4
16440099ns          301392 1c008930 0046a80b p.lw             x16, 4(x13!)        x16=3fd0e047 x13=10000e78 x13:10000e74  PA:10000e74
16440119ns          301393 1c008934 0119f9d3 fadd.s           f19, f19, f17       f19=xxxxxxxx f19:421484a4 f17:3fd0e047
16440139ns          301394 1c008938 01077753 fadd.s           f14, f14, f16       f14=xxxxxxxx f14:421484a4 f16:3fd0e047
16440159ns          301395 1c00892c 0045288b p.lw             x17, 4(x10!)        x17=405d4b93 x10=10000efc x10:10000ef8  PA:10000ef8
16440179ns          301396 1c008930 0046a80b p.lw             x16, 4(x13!)        x16=405d4b93 x13=10000e7c x13:10000e78  PA:10000e78
16440199ns          301397 1c008934 0119f9d3 fadd.s           f19, f19, f17       f19=xxxxxxxx f19:421b0ba6 f17:405d4b93
16440219ns          301398 1c008938 01077753 fadd.s           f14, f14, f16       f14=xxxxxxxx f14:421b0ba6 f16:405d4b93
16440239ns          301399 1c00892c 0045288b p.lw             x17, 4(x10!)        x17=3f47099d x10=10000f00 x10:10000efc  PA:10000efc
16440259ns          301400 1c008930 0046a80b p.lw             x16, 4(x13!)        x16=3f47099d x13=10000e80 x13:10000e7c  PA:10000e7c
16440279ns          301401 1c008934 0119f9d3 fadd.s           f19, f19, f17       f19=xxxxxxxx f19:4228e05f f17:3f47099d
16440299ns          301402 1c008938 01077753 fadd.s           f14, f14, f16       f14=xxxxxxxx f14:4228e05f f16:3f47099d
16440319ns          301403 1c00892c 0045288b p.lw             x17, 4(x10!)        x17=401de8d7 x10=10000f04 x10:10000f00  PA:10000f00
16440339ns          301404 1c008930 0046a80b p.lw             x16, 4(x13!)        x16=401de8d7 x13=10000e84 x13:10000e80  PA:10000e80
16440359ns          301405 1c008934 0119f9d3 fadd.s           f19, f19, f17       f19=xxxxxxxx f19:422bfc85 f17:401de8d7
16440379ns          301406 1c008938 01077753 fadd.s           f14, f14, f16       f14=xxxxxxxx f14:422bfc85 f16:401de8d7
16440400ns          301407 1c00892c 0045288b p.lw             x17, 4(x10!)        x17=c022e967 x10=10000f08 x10:10000f04  PA:10000f04
16440420ns          301408 1c008930 0046a80b p.lw             x16, 4(x13!)        x16=c022e967 x13=10000e88 x13:10000e84  PA:10000e84
16440440ns          301409 1c008934 0119f9d3 fadd.s           f19, f19, f17       f19=xxxxxxxx f19:4235db12 f17:c022e967
16440460ns          301410 1c008938 01077753 fadd.s           f14, f14, f16       f14=xxxxxxxx f14:4235db12 f16:c022e967
16440480ns          301411 1c00892c 0045288b p.lw             x17, 4(x10!)        x17=3f9eea3f x10=10000f0c x10:10000f08  PA:10000f08
16440500ns          301412 1c008930 0046a80b p.lw             x16, 4(x13!)        x16=3f9eea3f x13=10000e8c x13:10000e88  PA:10000e88
16440520ns          301413 1c008934 0119f9d3 fadd.s           f19, f19, f17       f19=xxxxxxxx f19:422bac7c f17:3f9eea3f
16440540ns          301414 1c008938 01077753 fadd.s           f14, f14, f16       f14=xxxxxxxx f14:422bac7c f16:3f9eea3f
16440560ns          301415 1c00892c 0045288b p.lw             x17, 4(x10!)        x17=3f1641b9 x10=10000f10 x10:10000f0c  PA:10000f0c
16440580ns          301416 1c008930 0046a80b p.lw             x16, 4(x13!)        x16=3f1641b9 x13=10000e90 x13:10000e8c  PA:10000e8c
16440600ns          301417 1c008934 0119f9d3 fadd.s           f19, f19, f17       f19=xxxxxxxx f19:4230a3ce f17:3f1641b9
16440620ns          301418 1c008938 01077753 fadd.s           f14, f14, f16       f14=xxxxxxxx f14:4230a3ce f16:3f1641b9
16440640ns          301419 1c00892c 0045288b p.lw             x17, 4(x10!)        x17=c092bd29 x10=10000f14 x10:10000f10  PA:10000f10
16440660ns          301420 1c008930 0046a80b p.lw             x16, 4(x13!)        x16=c092bd29 x13=10000e94 x13:10000e90  PA:10000e90
16440680ns          301421 1c008934 0119f9d3 fadd.s           f19, f19, f17       f19=xxxxxxxx f19:4232fcd5 f17:c092bd29
16440701ns          301422 1c008938 01077753 fadd.s           f14, f14, f16       f14=xxxxxxxx f14:4232fcd5 f16:c092bd29
16440721ns          301423 1c00892c 0045288b p.lw             x17, 4(x10!)        x17=c097533c x10=10000f18 x10:10000f14  PA:10000f14
16440741ns          301424 1c008930 0046a80b p.lw             x16, 4(x13!)        x16=c097533c x13=10000e98 x13:10000e94  PA:10000e94
16440761ns          301425 1c008934 0119f9d3 fadd.s           f19, f19, f17       f19=xxxxxxxx f19:4220a530 f17:c097533c
16440781ns          301426 1c008938 01077753 fadd.s           f14, f14, f16       f14=xxxxxxxx f14:4220a530 f16:c097533c
16440801ns          301427 1c00892c 0045288b p.lw             x17, 4(x10!)        x17=3fd5e88e x10=10000f1c x10:10000f18  PA:10000f18
16440821ns          301428 1c008930 0046a80b p.lw             x16, 4(x13!)        x16=3fd5e88e x13=10000e9c x13:10000e98  PA:10000e98
16440841ns          301429 1c008934 0119f9d3 fadd.s           f19, f19, f17       f19=xxxxxxxx f19:420dbac8 f17:3fd5e88e
16440861ns          301430 1c008938 01077753 fadd.s           f14, f14, f16       f14=xxxxxxxx f14:420dbac8 f16:3fd5e88e
16440881ns          301431 1c00892c 0045288b p.lw             x17, 4(x10!)        x17=3fa351c8 x10=10000f20 x10:10000f1c  PA:10000f1c
16440901ns          301432 1c008930 0046a80b p.lw             x16, 4(x13!)        x16=3fa351c8 x13=10000ea0 x13:10000e9c  PA:10000e9c
16440921ns          301433 1c008934 0119f9d3 fadd.s           f19, f19, f17       f19=xxxxxxxx f19:42146a0c f17:3fa351c8
16440941ns          301434 1c008938 01077753 fadd.s           f14, f14, f16       f14=xxxxxxxx f14:42146a0c f16:3fa351c8
16440961ns          301435 1c00892c 0045288b p.lw             x17, 4(x10!)        x17=3ff5c6ed x10=10000f24 x10:10000f20  PA:10000f20
16440981ns          301436 1c008930 0046a80b p.lw             x16, 4(x13!)        x16=3ff5c6ed x13=10000ea4 x13:10000ea0  PA:10000ea0
16441002ns          301437 1c008934 0119f9d3 fadd.s           f19, f19, f17       f19=xxxxxxxx f19:4219849a f17:3ff5c6ed
16441022ns          301438 1c008938 01077753 fadd.s           f14, f14, f16       f14=xxxxxxxx f14:4219849a f16:3ff5c6ed
16441042ns          301439 1c00892c 0045288b p.lw             x17, 4(x10!)        x17=401caa6b x10=10000f28 x10:10000f24  PA:10000f24
16441062ns          301440 1c008930 0046a80b p.lw             x16, 4(x13!)        x16=401caa6b x13=10000ea8 x13:10000ea4  PA:10000ea4
16441082ns          301441 1c008934 0119f9d3 fadd.s           f19, f19, f17       f19=xxxxxxxx f19:422132d1 f17:401caa6b
16441102ns          301442 1c008938 01077753 fadd.s           f14, f14, f16       f14=xxxxxxxx f14:422132d1 f16:401caa6b
16441122ns          301443 1c00892c 0045288b p.lw             x17, 4(x10!)        x17=c022fa4e x10=10000f2c x10:10000f28  PA:10000f28
16441142ns          301444 1c008930 0046a80b p.lw             x16, 4(x13!)        x16=c022fa4e x13=10000eac x13:10000ea8  PA:10000ea8
16441162ns          301445 1c008934 0119f9d3 fadd.s           f19, f19, f17       f19=xxxxxxxx f19:422afd78 f17:c022fa4e
16441182ns          301446 1c008938 01077753 fadd.s           f14, f14, f16       f14=xxxxxxxx f14:422afd78 f16:c022fa4e
16441202ns          301447 1c00892c 0045288b p.lw             x17, 4(x10!)        x17=404ed88d x10=10000f30 x10:10000f2c  PA:10000f2c
16441222ns          301448 1c008930 0046a80b p.lw             x16, 4(x13!)        x16=404ed88d x13=10000eb0 x13:10000eac  PA:10000eac
16441242ns          301449 1c008934 0119f9d3 fadd.s           f19, f19, f17       f19=xxxxxxxx f19:4220cdd3 f17:404ed88d
16441262ns          301450 1c008938 01077753 fadd.s           f14, f14, f16       f14=xxxxxxxx f14:4220cdd3 f16:404ed88d
16441282ns          301451 1c00892c 0045288b p.lw             x17, 4(x10!)        x17=c0891124 x10=10000f34 x10:10000f30  PA:10000f30
16441302ns          301452 1c008930 0046a80b p.lw             x16, 4(x13!)        x16=c0891124 x13=10000eb4 x13:10000eb0  PA:10000eb0
16441323ns          301453 1c008934 0119f9d3 fadd.s           f19, f19, f17       f19=xxxxxxxx f19:422dbb5c f17:c0891124
16441343ns          301454 1c008938 01077753 fadd.s           f14, f14, f16       f14=xxxxxxxx f14:422dbb5c f16:c0891124
16441363ns          301455 1c00892c 0045288b p.lw             x17, 4(x10!)        x17=3d6306bf x10=10000f38 x10:10000f34  PA:10000f34
16441383ns          301456 1c008930 0046a80b p.lw             x16, 4(x13!)        x16=3d6306bf x13=10000eb8 x13:10000eb4  PA:10000eb4
16441403ns          301457 1c008934 0119f9d3 fadd.s           f19, f19, f17       f19=xxxxxxxx f19:421c9938 f17:3d6306bf
16441423ns          301458 1c008938 01077753 fadd.s           f14, f14, f16       f14=xxxxxxxx f14:421c9938 f16:3d6306bf
16441443ns          301459 1c00892c 0045288b p.lw             x17, 4(x10!)        x17=3feecb77 x10=10000f3c x10:10000f38  PA:10000f38
16441463ns          301460 1c008930 0046a80b p.lw             x16, 4(x13!)        x16=3feecb77 x13=10000ebc x13:10000eb8  PA:10000eb8
16441483ns          301461 1c008934 0119f9d3 fadd.s           f19, f19, f17       f19=xxxxxxxx f19:421cd1fa f17:3feecb77
16441503ns          301462 1c008938 01077753 fadd.s           f14, f14, f16       f14=xxxxxxxx f14:421cd1fa f16:3feecb77
16441523ns          301463 1c00892c 0045288b p.lw             x17, 4(x10!)        x17=40885849 x10=10000f40 x10:10000f3c  PA:10000f3c
16441543ns          301464 1c008930 0046a80b p.lw             x16, 4(x13!)        x16=40885849 x13=10000ec0 x13:10000ebc  PA:10000ebc
16441563ns          301465 1c008934 0119f9d3 fadd.s           f19, f19, f17       f19=xxxxxxxx f19:42244856 f17:40885849
16441583ns          301466 1c008938 01077753 fadd.s           f14, f14, f16       f14=xxxxxxxx f14:42244856 f16:40885849
16441603ns          301467 1c00892c 0045288b p.lw             x17, 4(x10!)        x17=3fc7308d x10=10000f44 x10:10000f40  PA:10000f40
16441624ns          301468 1c008930 0046a80b p.lw             x16, 4(x13!)        x16=3fc7308d x13=10000ec4 x13:10000ec0  PA:10000ec0
16441644ns          301469 1c008934 0119f9d3 fadd.s           f19, f19, f17       f19=xxxxxxxx f19:4235535f f17:3fc7308d
16441664ns          301470 1c008938 01077753 fadd.s           f14, f14, f16       f14=xxxxxxxx f14:4235535f f16:3fc7308d
16441684ns          301471 1c00892c 0045288b p.lw             x17, 4(x10!)        x17=bff8e9ad x10=10000f48 x10:10000f44  PA:10000f44
16441704ns          301472 1c008930 0046a80b p.lw             x16, 4(x13!)        x16=bff8e9ad x13=10000ec8 x13:10000ec4  PA:10000ec4
16441724ns          301473 1c008934 0119f9d3 fadd.s           f19, f19, f17       f19=xxxxxxxx f19:423b8ce3 f17:bff8e9ad
16441744ns          301474 1c008938 01077753 fadd.s           f14, f14, f16       f14=xxxxxxxx f14:423b8ce3 f16:bff8e9ad
16441764ns          301475 1c00892c 0045288b p.lw             x17, 4(x10!)        x17=c035cfc2 x10=10000f4c x10:10000f48  PA:10000f48
16441784ns          301476 1c008930 0046a80b p.lw             x16, 4(x13!)        x16=c035cfc2 x13=10000ecc x13:10000ec8  PA:10000ec8
16441804ns          301477 1c008934 0119f9d3 fadd.s           f19, f19, f17       f19=xxxxxxxx f19:4233c596 f17:c035cfc2
16441824ns          301478 1c008938 01077753 fadd.s           f14, f14, f16       f14=xxxxxxxx f14:4233c596 f16:c035cfc2
16441844ns          301479 1c00893c 1c0006b7 lui              x13, 0x1c000000     x13=1c000000
16442246ns          301499 1c008940 0506a683 lw               x13, 80(x13)        x13=3d000000 x13:1c000000  PA:1c000050
16442627ns          301518 1c008944 40b407b3 sub              x15, x8, x11        x15=0000007c  x8:10000ecc x11:10000e50
16442647ns          301519 1c008948 10d776d3 fmul.s           f13, f14, f13       f13=xxxxxxxx f14:4228689a f13:3d000000
16442667ns          301520 1c00894c ffc78793 addi             x15, x15, -4        x15=00000078 x15:0000007c
16442687ns          301521 1c00894e 0027d793 srli             x15, x15, 0x2       x15=0000001e x15:00000078
16442827ns          301528 1c008950 08d67653 fsub.s           f12, f12, f13       f12=xxxxxxxx f12:41fc67eb f13:3fa8689a
16442868ns          301530 1c008954 00178793 addi             x15, x15, 1         x15=0000001f x15:0000001e
16442888ns          301531 1c008956 10c67653 fmul.s           f12, f12, f12       f12=xxxxxxxx f12:41f1e161 f12:41f1e161
16442908ns          301532 1c00895a 0067c0fb lp.setup         0x1, x15, 0x6       x15:0000001f
16443349ns          301554 1c00895e 0045a70b p.lw             x14, 4(x11!)        x14=40cde361 x11=10000e54 x11:10000e50  PA:10000e50
16443389ns          301556 1c008962 08d77753 fsub.s           f14, f14, f13       f14=xxxxxxxx f14:40cde361 f13:3fa8689a
16443409ns          301557 1c008966 60e77643 fmadd.s          f12, f14, f14, f12  f12=xxxxxxxx f14:40a3c93a f14:40a3c93a f12:44648a1f
16443449ns          301559 1c00895e 0045a70b p.lw             x14, 4(x11!)        x14=c02ede37 x11=10000e58 x11:10000e54  PA:10000e54
16443490ns          301561 1c008962 08d77753 fsub.s           f14, f14, f13       f14=xxxxxxxx f14:c02ede37 f13:3fa8689a
16443510ns          301562 1c008966 60e77643 fmadd.s          f12, f14, f14, f12  f12=xxxxxxxx f14:c0818942 f14:c0818942 f12:446b16bd
16443530ns          301563 1c00895e 0045a70b p.lw             x14, 4(x11!)        x14=40954817 x11=10000e5c x11:10000e58  PA:10000e58
16443570ns          301565 1c008962 08d77753 fsub.s           f14, f14, f13       f14=xxxxxxxx f14:40954817 f13:3fa8689a
16443590ns          301566 1c008966 60e77643 fmadd.s          f12, f14, f14, f12  f12=xxxxxxxx f14:40565be1 f14:40565be1 f12:446f2f77
16443610ns          301567 1c00895e 0045a70b p.lw             x14, 4(x11!)        x14=3fc62ef9 x11=10000e60 x11:10000e5c  PA:10000e5c
16443650ns          301569 1c008962 08d77753 fsub.s           f14, f14, f13       f14=xxxxxxxx f14:3fc62ef9 f13:3fa8689a
16443670ns          301570 1c008966 60e77643 fmadd.s          f12, f14, f14, f12  f12=xxxxxxxx f14:3e6e32f8 f14:3e6e32f8 f12:4471fd6e
16443690ns          301571 1c00895e 0045a70b p.lw             x14, 4(x11!)        x14=404d2da6 x11=10000e64 x11:10000e60  PA:10000e60
16443730ns          301573 1c008962 08d77753 fsub.s           f14, f14, f13       f14=xxxxxxxx f14:404d2da6 f13:3fa8689a
16443750ns          301574 1c008966 60e77643 fmadd.s          f12, f14, f14, f12  f12=xxxxxxxx f14:3ff1f2b2 f14:3ff1f2b2 f12:447200e5
16443771ns          301575 1c00895e 0045a70b p.lw             x14, 4(x11!)        x14=be159c07 x11=10000e68 x11:10000e64  PA:10000e64
16443811ns          301577 1c008962 08d77753 fsub.s           f14, f14, f13       f14=xxxxxxxx f14:be159c07 f13:3fa8689a
16443831ns          301578 1c008966 60e77643 fmadd.s          f12, f14, f14, f12  f12=xxxxxxxx f14:bfbb1c1b f14:bfbb1c1b f12:4472e590
16443851ns          301579 1c00895e 0045a70b p.lw             x14, 4(x11!)        x14=c094ce1f x11=10000e6c x11:10000e68  PA:10000e68
16443891ns          301581 1c008962 08d77753 fsub.s           f14, f14, f13       f14=xxxxxxxx f14:c094ce1f f13:3fa8689a
16443911ns          301582 1c008966 60e77643 fmadd.s          f12, f14, f14, f12  f12=xxxxxxxx f14:c0bee846 f14:c0bee846 f12:44736e52
16443931ns          301583 1c00895e 0045a70b p.lw             x14, 4(x11!)        x14=c0106d92 x11=10000e70 x11:10000e6c  PA:10000e6c
16443971ns          301585 1c008962 08d77753 fsub.s           f14, f14, f13       f14=xxxxxxxx f14:c0106d92 f13:3fa8689a
16443991ns          301586 1c008966 60e77643 fmadd.s          f12, f14, f14, f12  f12=xxxxxxxx f14:c064a1df f14:c064a1df f12:447c542c
16444011ns          301587 1c00895e 0045a70b p.lw             x14, 4(x11!)        x14=befa7b5f x11=10000e74 x11:10000e70  PA:10000e70
16444051ns          301589 1c008962 08d77753 fsub.s           f14, f14, f13       f14=xxxxxxxx f14:befa7b5f f13:3fa8689a
16444072ns          301590 1c008966 60e77643 fmadd.s          f12, f14, f14, f12  f12=xxxxxxxx f14:bfe70772 f14:bfe70772 f12:447f84ef
16444092ns          301591 1c00895e 0045a70b p.lw             x14, 4(x11!)        x14=3fd0e047 x11=10000e78 x11:10000e74  PA:10000e74
16444132ns          301593 1c008962 08d77753 fsub.s           f14, f14, f13       f14=xxxxxxxx f14:3fd0e047 f13:3fa8689a
16444152ns          301594 1c008966 60e77643 fmadd.s          f12, f14, f14, f12  f12=xxxxxxxx f14:3ea1deb4 f14:3ea1deb4 f12:44802ab7
16444172ns          301595 1c00895e 0045a70b p.lw             x14, 4(x11!)        x14=405d4b93 x11=10000e7c x11:10000e78  PA:10000e78
16444212ns          301597 1c008962 08d77753 fsub.s           f14, f14, f13       f14=xxxxxxxx f14:405d4b93 f13:3fa8689a
16444232ns          301598 1c008966 60e77643 fmadd.s          f12, f14, f14, f12  f12=xxxxxxxx f14:40091746 f14:40091746 f12:44802dea
16444252ns          301599 1c00895e 0045a70b p.lw             x14, 4(x11!)        x14=3f47099d x11=10000e80 x11:10000e7c  PA:10000e7c
16444292ns          301601 1c008962 08d77753 fsub.s           f14, f14, f13       f14=xxxxxxxx f14:3f47099d f13:3fa8689a
16444312ns          301602 1c008966 60e77643 fmadd.s          f12, f14, f14, f12  f12=xxxxxxxx f14:bf09c797 f14:bf09c797 f12:4480c0be
16444332ns          301603 1c00895e 0045a70b p.lw             x14, 4(x11!)        x14=401de8d7 x11=10000e84 x11:10000e80  PA:10000e80
16444372ns          301605 1c008962 08d77753 fsub.s           f14, f14, f13       f14=xxxxxxxx f14:401de8d7 f13:3fa8689a
16444393ns          301606 1c008966 60e77643 fmadd.s          f12, f14, f14, f12  f12=xxxxxxxx f14:3f936914 f14:3f936914 f12:4480ca03
16444413ns          301607 1c00895e 0045a70b p.lw             x14, 4(x11!)        x14=c022e967 x11=10000e88 x11:10000e84  PA:10000e84
16444453ns          301609 1c008962 08d77753 fsub.s           f14, f14, f13       f14=xxxxxxxx f14:c022e967 f13:3fa8689a
16444473ns          301610 1c008966 60e77643 fmadd.s          f12, f14, f14, f12  f12=xxxxxxxx f14:c0771db4 f14:c0771db4 f12:4480f474
16444493ns          301611 1c00895e 0045a70b p.lw             x14, 4(x11!)        x14=3f9eea3f x11=10000e8c x11:10000e88  PA:10000e88
16444533ns          301613 1c008962 08d77753 fsub.s           f14, f14, f13       f14=xxxxxxxx f14:3f9eea3f f13:3fa8689a
16444553ns          301614 1c008966 60e77643 fmadd.s          f12, f14, f14, f12  f12=xxxxxxxx f14:bd97e5b0 f14:bd97e5b0 f12:4482d189
16444573ns          301615 1c00895e 0045a70b p.lw             x14, 4(x11!)        x14=3f1641b9 x11=10000e90 x11:10000e8c  PA:10000e8c
16444613ns          301617 1c008962 08d77753 fsub.s           f14, f14, f13       f14=xxxxxxxx f14:3f1641b9 f13:3fa8689a
16444633ns          301618 1c008966 60e77643 fmadd.s          f12, f14, f14, f12  f12=xxxxxxxx f14:bf3a8f7b f14:bf3a8f7b f12:4482d1b6
16444653ns          301619 1c00895e 0045a70b p.lw             x14, 4(x11!)        x14=c092bd29 x11=10000e94 x11:10000e90  PA:10000e90
16444694ns          301621 1c008962 08d77753 fsub.s           f14, f14, f13       f14=xxxxxxxx f14:c092bd29 f13:3fa8689a
16444714ns          301622 1c008966 60e77643 fmadd.s          f12, f14, f14, f12  f12=xxxxxxxx f14:c0bcd750 f14:c0bcd750 f12:4482e2b5
16444734ns          301623 1c00895e 0045a70b p.lw             x14, 4(x11!)        x14=c097533c x11=10000e98 x11:10000e94  PA:10000e94
16444774ns          301625 1c008962 08d77753 fsub.s           f14, f14, f13       f14=xxxxxxxx f14:c097533c f13:3fa8689a
16444794ns          301626 1c008966 60e77643 fmadd.s          f12, f14, f14, f12  f12=xxxxxxxx f14:c0c16d62 f14:c0c16d62 f12:44873d1d
16444814ns          301627 1c00895e 0045a70b p.lw             x14, 4(x11!)        x14=3fd5e88e x11=10000e9c x11:10000e98  PA:10000e98
16444854ns          301629 1c008962 08d77753 fsub.s           f14, f14, f13       f14=xxxxxxxx f14:3fd5e88e f13:3fa8689a
16444874ns          301630 1c008966 60e77643 fmadd.s          f12, f14, f14, f12  f12=xxxxxxxx f14:3eb5ffd0 f14:3eb5ffd0 f12:448bce4e
16444894ns          301631 1c00895e 0045a70b p.lw             x14, 4(x11!)        x14=3fa351c8 x11=10000ea0 x11:10000e9c  PA:10000e9c
16444934ns          301633 1c008962 08d77753 fsub.s           f14, f14, f13       f14=xxxxxxxx f14:3fa351c8 f13:3fa8689a
16444954ns          301634 1c008966 60e77643 fmadd.s          f12, f14, f14, f12  f12=xxxxxxxx f14:bd22da40 f14:bd22da40 f12:448bd259
16444974ns          301635 1c00895e 0045a70b p.lw             x14, 4(x11!)        x14=3ff5c6ed x11=10000ea4 x11:10000ea0  PA:10000ea0
16445015ns          301637 1c008962 08d77753 fsub.s           f14, f14, f13       f14=xxxxxxxx f14:3ff5c6ed f13:3fa8689a
16445035ns          301638 1c008966 60e77643 fmadd.s          f12, f14, f14, f12  f12=xxxxxxxx f14:3f1abca6 f14:3f1abca6 f12:448bd266
16445055ns          301639 1c00895e 0045a70b p.lw             x14, 4(x11!)        x14=401caa6b x11=10000ea8 x11:10000ea4  PA:10000ea4
16445095ns          301641 1c008962 08d77753 fsub.s           f14, f14, f13       f14=xxxxxxxx f14:401caa6b f13:3fa8689a
16445115ns          301642 1c008966 60e77643 fmadd.s          f12, f14, f14, f12  f12=xxxxxxxx f14:3f90ec3c f14:3f90ec3c f12:448bde17
16445135ns          301643 1c00895e 0045a70b p.lw             x14, 4(x11!)        x14=c022fa4e x11=10000eac x11:10000ea8  PA:10000ea8
16445175ns          301645 1c008962 08d77753 fsub.s           f14, f14, f13       f14=xxxxxxxx f14:c022fa4e f13:3fa8689a
16445195ns          301646 1c008966 60e77643 fmadd.s          f12, f14, f14, f12  f12=xxxxxxxx f14:c0772e9b f14:c0772e9b f12:448c071c
16445215ns          301647 1c00895e 0045a70b p.lw             x14, 4(x11!)        x14=404ed88d x11=10000eb0 x11:10000eac  PA:10000eac
16445255ns          301649 1c008962 08d77753 fsub.s           f14, f14, f13       f14=xxxxxxxx f14:404ed88d f13:3fa8689a
16445275ns          301650 1c008966 60e77643 fmadd.s          f12, f14, f14, f12  f12=xxxxxxxx f14:3ff54880 f14:3ff54880 f12:448de472
16445296ns          301651 1c00895e 0045a70b p.lw             x14, 4(x11!)        x14=c0891124 x11=10000eb4 x11:10000eb0  PA:10000eb0
16445336ns          301653 1c008962 08d77753 fsub.s           f14, f14, f13       f14=xxxxxxxx f14:c0891124 f13:3fa8689a
16445356ns          301654 1c008966 60e77643 fmadd.s          f12, f14, f14, f12  f12=xxxxxxxx f14:c0b32b4a f14:c0b32b4a f12:448e59f4
16445376ns          301655 1c00895e 0045a70b p.lw             x14, 4(x11!)        x14=3d6306bf x11=10000eb8 x11:10000eb4  PA:10000eb4
16445416ns          301657 1c008962 08d77753 fsub.s           f14, f14, f13       f14=xxxxxxxx f14:3d6306bf f13:3fa8689a
16445436ns          301658 1c008966 60e77643 fmadd.s          f12, f14, f14, f12  f12=xxxxxxxx f14:bfa15064 f14:bfa15064 f12:44924521
16445456ns          301659 1c00895e 0045a70b p.lw             x14, 4(x11!)        x14=3feecb77 x11=10000ebc x11:10000eb8  PA:10000eb8
16445496ns          301661 1c008962 08d77753 fsub.s           f14, f14, f13       f14=xxxxxxxx f14:3feecb77 f13:3fa8689a
16445516ns          301662 1c008966 60e77643 fmadd.s          f12, f14, f14, f12  f12=xxxxxxxx f14:3f0cc5ba f14:3f0cc5ba f12:449277f4
16445536ns          301663 1c00895e 0045a70b p.lw             x14, 4(x11!)        x14=40885849 x11=10000ec0 x11:10000ebc  PA:10000ebc
16445576ns          301665 1c008962 08d77753 fsub.s           f14, f14, f13       f14=xxxxxxxx f14:40885849 f13:3fa8689a
16445596ns          301666 1c008966 60e77643 fmadd.s          f12, f14, f14, f12  f12=xxxxxxxx f14:403c7c45 f14:403c7c45 f12:449281a1
16445617ns          301667 1c00895e 0045a70b p.lw             x14, 4(x11!)        x14=3fc7308d x11=10000ec4 x11:10000ec0  PA:10000ec0
16445657ns          301669 1c008962 08d77753 fsub.s           f14, f14, f13       f14=xxxxxxxx f14:3fc7308d f13:3fa8689a
16445677ns          301670 1c008966 60e77643 fmadd.s          f12, f14, f14, f12  f12=xxxxxxxx f14:3e763f98 f14:3e763f98 f12:4493972f
16445697ns          301671 1c00895e 0045a70b p.lw             x14, 4(x11!)        x14=bff8e9ad x11=10000ec8 x11:10000ec4  PA:10000ec4
16445737ns          301673 1c008962 08d77753 fsub.s           f14, f14, f13       f14=xxxxxxxx f14:bff8e9ad f13:3fa8689a
16445757ns          301674 1c008966 60e77643 fmadd.s          f12, f14, f14, f12  f12=xxxxxxxx f14:c050a924 f14:c050a924 f12:44939909
16445777ns          301675 1c00895e 0045a70b p.lw             x14, 4(x11!)        x14=c035cfc2 x11=10000ecc x11:10000ec8  PA:10000ec8
16445817ns          301677 1c008962 08d77753 fsub.s           f14, f14, f13       f14=xxxxxxxx f14:c035cfc2 f13:3fa8689a
16445837ns          301678 1c008966 60e77643 fmadd.s          f12, f14, f14, f12  f12=xxxxxxxx f14:c0850208 f14:c0850208 f12:4494ed30
16445857ns          301679 1c00896a 00449a93 slli             x21, x9, 0x4        x21=00000010  x9:00000001
16446299ns          301701 1c00896e 21597a83 lw               x21, x21(x18)       x21=42286909 x21:00000010 x18:1c010000  PA:1c010010
16446640ns          301718 1c008972 00249a13 slli             x20, x9, 0x2        x20=00000004  x9:00000001
16446660ns          301719 1c008976 1c0006b7 lui              x13, 0x1c000000     x13=1c000000
16446680ns          301720 1c00897a a1598753 fle.s            x14, f19, f21       x14=00000001 f19:4228689a f21:42286909
16447101ns          301741 1c00897e 001a0793 addi             x15, x20, 1         x15=00000005 x20:00000004
16447142ns          301743 1c008982 0546a403 lw               x8, 84(x13)          x8=3d042108 x13:1c000000  PA:1c000054
16447563ns          301764 1c008986 00279793 slli             x15, x15, 0x2       x15=00000014 x15:00000005
16447583ns          301765 1c008988 10867453 fmul.s           f8, f12, f8          f8=xxxxxxxx f12:44971609  f8:3d042108
16447603ns          301766 1c00898c 20f97483 lw               x9, x15(x18)         x9=4228682c x15:00000014 x18:1c010000  PA:1c010014
16447944ns          301783 1c008990 00070663 beq              x14, x0, 12         x14:00000001
16447964ns          301784 1c008992 a13487d3 fle.s            x15, f9, f19        x15=00000001  f9:4228682c f19:4228689a
16447984ns          301785 1c008996 00100713 addi             x14, x0, 1          x14=00000001
16448004ns          301786 1c008998 14079b63 bne              x15, x0, 342        x15:00000001
16449289ns          301850 1c008aee 002a0993 addi             x19, x20, 2         x19=00000006 x20:00000004
16449309ns          301851 1c008af2 00299993 slli             x19, x19, 0x2       x19=00000018 x19:00000006
16449329ns          301852 1c008af4 21397983 lw               x19, x19(x18)       x19=421bf61a x19:00000018 x18:1c010000  PA:1c010018
16449770ns          301874 1c008af8 003a0493 addi             x9, x20, 3           x9=00000007 x20:00000004
16449790ns          301875 1c008afc a13407d3 fle.s            x15, f8, f19        x15=00000001  f8:421bf5b6 f19:421bf61a
16449810ns          301876 1c008b00 00249493 slli             x9, x9, 0x2          x9=0000001c  x9:00000007
16449850ns          301878 1c008b02 20997903 lw               x18, x9(x18)        x18=421bf54d  x9:0000001c x18:1c010000  PA:1c01001c
16450272ns          301899 1c008b06 06078963 beq              x15, x0, 114        x15:00000001
16450292ns          301900 1c008b08 a08907d3 fle.s            x15, f18, f8        x15=00000001 f18:421bf54d  f8:421bf5b6
16450312ns          301901 1c008b0c 06078663 beq              x15, x0, 108        x15:00000001
16450352ns          301903 1c008b0e f14025f3 csrrs            x11, x0, 0xf14      x11=00000001
16450392ns          301905 1c008b12 f455b5b3 p.bclr           x11, x11, 26, 5     x11=00000001 x11:00000001
16450412ns          301906 1c008b16 1a070d63 beq              x14, x0, 442        x14:00000001
16450432ns          301907 1c008b1a 1c000537 lui              x10, 0x1c000000     x10=1c000000
16450492ns          301910 1c008b1e 0f450513 addi             x10, x10, 244       x10=1c0000f4 x10:1c000000
16450533ns          301912 1c008b22 1f1000ef jal              x1, 2544             x1=1c008b26
16450613ns          301916 1c009512 fc010113 addi             x2, x2, -64          x2=10000e08  x2:10000e48
16450653ns          301918 1c009514 02410313 addi             x6, x2, 36           x6=10000e2c  x2:10000e08
16450673ns          301919 1c009518 02c12423 sw               x12, 40(x2)         x12:44971609  x2:10000e08  PA:10000e30
16450693ns          301920 1c00951a 00a00633 add              x12, x0, x10        x12=1c0000f4 x10:1c0000f4
16450713ns          301921 1c00951c 1c009537 lui              x10, 0x1c009000     x10=1c009000
16451135ns          301942 1c009520 02b12223 sw               x11, 36(x2)         x11:00000001  x2:10000e08  PA:10000e2c
16451155ns          301943 1c009522 02d12623 sw               x13, 44(x2)         x13:1c000000  x2:10000e08  PA:10000e34
16451175ns          301944 1c009524 00200593 addi             x11, x0, 2          x11=00000002
16451195ns          301945 1c009526 006006b3 add              x13, x0, x6         x13=10000e2c  x6:10000e2c
16451215ns          301946 1c009528 4a650513 addi             x10, x10, 1190      x10=1c0094a6 x10:1c009000
16451235ns          301947 1c00952c 00112e23 sw               x1, 28(x2)           x1:1c008b26  x2:10000e08  PA:10000e24
16451255ns          301948 1c00952e 02e12823 sw               x14, 48(x2)         x14:00000001  x2:10000e08  PA:10000e38
16451275ns          301949 1c009530 02f12a23 sw               x15, 52(x2)         x15:00000001  x2:10000e08  PA:10000e3c
16451295ns          301950 1c009532 03012c23 sw               x16, 56(x2)         x16:c035cfc2  x2:10000e08  PA:10000e40
16451315ns          301951 1c009534 03112e23 sw               x17, 60(x2)         x17:c035cfc2  x2:10000e08  PA:10000e44
16451335ns          301952 1c009536 00612623 sw               x6, 12(x2)           x6:10000e2c  x2:10000e08  PA:10000e14
16451355ns          301953 1c009538 fbfff0ef jal              x1, -66              x1=1c00953a
16451496ns          301960 1c0094f6 04a0006f jal              x0, 74             
16451536ns          301962 1c009540 ed010113 addi             x2, x2, -304         x2=10000cd8  x2:10000e08
16451556ns          301963 1c009542 12812423 sw               x8, 296(x2)          x8:421bf5b6  x2:10000cd8  PA:10000e00
16451576ns          301964 1c009546 00000413 addi             x8, x0, 0            x8=00000000
16451596ns          301965 1c009548 11612823 sw               x22, 272(x2)        x22:xxxxxxxx  x2:10000cd8  PA:10000de8
16451616ns          301966 1c00954c 11712623 sw               x23, 268(x2)        x23:xxxxxxxx  x2:10000cd8  PA:10000de4
16452037ns          301987 1c009550 11812423 sw               x24, 264(x2)        x24:xxxxxxxx  x2:10000cd8  PA:10000de0
16452078ns          301989 1c009554 11912223 sw               x25, 260(x2)        x25:xxxxxxxx  x2:10000cd8  PA:10000ddc
16452098ns          301990 1c009558 11a12023 sw               x26, 256(x2)        x26:xxxxxxxx  x2:10000cd8  PA:10000dd8
16452118ns          301991 1c00955c 0fb12e23 sw               x27, 252(x2)        x27:xxxxxxxx  x2:10000cd8  PA:10000dd4
16452178ns          301994 1c00955e 12112623 sw               x1, 300(x2)          x1:1c00953a  x2:10000cd8  PA:10000e04
16452198ns          301995 1c009562 00800db3 add              x27, x0, x8         x27=00000000  x8:00000000
16452218ns          301996 1c009564 12912223 sw               x9, 292(x2)          x9:0000001c  x2:10000cd8  PA:10000dfc
16452238ns          301997 1c009568 13212023 sw               x18, 288(x2)        x18:421bf54d  x2:10000cd8  PA:10000df8
16452258ns          301998 1c00956c 11312e23 sw               x19, 284(x2)        x19:421bf61a  x2:10000cd8  PA:10000df4
16452318ns          302001 1c009570 11412c23 sw               x20, 280(x2)        x20:00000004  x2:10000cd8  PA:10000df0
16452359ns          302003 1c009574 11512a23 sw               x21, 276(x2)        x21:42286909  x2:10000cd8  PA:10000dec
16452379ns          302004 1c009578 00a00b33 add              x22, x0, x10        x22=1c0094a6 x10:1c0094a6
16452399ns          302005 1c00957a 00b00d33 add              x26, x0, x11        x26=00000002 x11:00000002
16452419ns          302006 1c00957c 00d00c33 add              x24, x0, x13        x24=10000e2c x13:10000e2c
16452800ns          302025 1c00957e 1c000bb7 lui              x23, 0x1c000000     x23=1c000000
16452840ns          302027 1c009582 02410c93 addi             x25, x2, 36         x25=10000cfc  x2:10000cd8
16452860ns          302028 1c009586 00c00433 add              x8, x0, x12          x8=1c0000f4 x12:1c0000f4
16452880ns          302029 1c009588 00044503 lbu              x10, 0(x8)          x10=0000006b  x8:1c0000f4  PA:1c0000f4
16453181ns          302044 1c00958c 00140413 addi             x8, x8, 1            x8=1c0000f5  x8:1c0000f4
16453201ns          302045 1c00958e 00050e63 beq              x10, x0, 28         x10:0000006b
16453221ns          302046 1c009590 02500793 addi             x15, x0, 37         x15=00000025
16453241ns          302047 1c009594 04f50863 beq              x10, x15, 80        x10:0000006b x15:00000025
16453261ns          302048 1c009598 01a005b3 add              x11, x0, x26        x11=00000002 x26:00000002
16453282ns          302049 1c00959a 000b00e7 jalr             x1, x22, 0           x1=1c00959c x22:1c0094a6
16453402ns          302055 1c0094a6 000026b7 lui              x13, 0x2000         x13=00002000
16453442ns          302057 1c0094a8 f14027f3 csrrs            x15, x0, 0xf14      x15=00000001
16453462ns          302058 1c0094ac f8068693 addi             x13, x13, -128      x13=00001f80 x13:00002000
16453522ns          302061 1c0094b0 00379713 slli             x14, x15, 0x3       x14=00000008 x15:00000001
16453562ns          302063 1c0094b4 00279793 slli             x15, x15, 0x2       x15=00000004 x15:00000001
16453582ns          302064 1c0094b6 00d7f7b3 and              x15, x15, x13       x15=00000000 x15:00000004 x13:00001f80
16453603ns          302065 1c0094b8 ee873733 p.bclr           x14, x14, 23, 8     x14=00000008 x14:00000008
16453623ns          302066 1c0094bc 1a10f6b7 lui              x13, 0x1a10f000     x13=1a10f000
16453663ns          302068 1c0094c0 0ff57513 andi             x10, x10, 255       x10=0000006b x10:0000006b
16453703ns          302070 1c0094c4 00d70733 add              x14, x14, x13       x14=1a10f008 x14:00000008 x13:1a10f000
16453723ns          302071 1c0094c6 00a7e723 p.sw             x10, x0(x15)        x10:0000006b x15:00000000  PA:1a10f008
16454104ns          302090 1c0094ca 00000513 addi             x10, x0, 0          x10=00000000
16454124ns          302091 1c0094cc 00008067 jalr             x0, x1, 0            x1:1c00959c
16454164ns          302093 1c00959c 31f52563 p.beqimm         x10, 778            x10:00000000
16454184ns          302094 1c0095a0 001d8d93 addi             x27, x27, 1         x27=00000001 x27:00000000
16454205ns          302095 1c0095a2 00044503 lbu              x10, 0(x8)          x10=00000065  x8:1c0000f5  PA:1c0000f5
16454506ns          302110 1c0095a6 00140413 addi             x8, x8, 1            x8=1c0000f6  x8:1c0000f5
16454526ns          302111 1c0095a8 fe0514e3 bne              x10, x0, -24        x10:00000065
16454586ns          302114 1c009590 02500793 addi             x15, x0, 37         x15=00000025
16454606ns          302115 1c009594 04f50863 beq              x10, x15, 80        x10:00000065 x15:00000025
16454626ns          302116 1c009598 01a005b3 add              x11, x0, x26        x11=00000002 x26:00000002
16454646ns          302117 1c00959a 000b00e7 jalr             x1, x22, 0           x1=1c00959c x22:1c0094a6
16454686ns          302119 1c0094a6 000026b7 lui              x13, 0x2000         x13=00002000
16454706ns          302120 1c0094a8 f14027f3 csrrs            x15, x0, 0xf14      x15=00000001
16454726ns          302121 1c0094ac f8068693 addi             x13, x13, -128      x13=00001f80 x13:00002000
16454786ns          302124 1c0094b0 00379713 slli             x14, x15, 0x3       x14=00000008 x15:00000001
16454827ns          302126 1c0094b4 00279793 slli             x15, x15, 0x2       x15=00000004 x15:00000001
16454847ns          302127 1c0094b6 00d7f7b3 and              x15, x15, x13       x15=00000000 x15:00000004 x13:00001f80
16454867ns          302128 1c0094b8 ee873733 p.bclr           x14, x14, 23, 8     x14=00000008 x14:00000008
16454887ns          302129 1c0094bc 1a10f6b7 lui              x13, 0x1a10f000     x13=1a10f000
16454907ns          302130 1c0094c0 0ff57513 andi             x10, x10, 255       x10=00000065 x10:00000065
16454927ns          302131 1c0094c4 00d70733 add              x14, x14, x13       x14=1a10f008 x14:00000008 x13:1a10f000
16454947ns          302132 1c0094c6 00a7e723 p.sw             x10, x0(x15)        x10:00000065 x15:00000000  PA:1a10f008
16455288ns          302149 1c0094ca 00000513 addi             x10, x0, 0          x10=00000000
16455308ns          302150 1c0094cc 00008067 jalr             x0, x1, 0            x1:1c00959c
16455348ns          302152 1c00959c 31f52563 p.beqimm         x10, 778            x10:00000000
16455368ns          302153 1c0095a0 001d8d93 addi             x27, x27, 1         x27=00000002 x27:00000001
16455388ns          302154 1c0095a2 00044503 lbu              x10, 0(x8)          x10=00000072  x8:1c0000f6  PA:1c0000f6
16455689ns          302169 1c0095a6 00140413 addi             x8, x8, 1            x8=1c0000f7  x8:1c0000f6
16455709ns          302170 1c0095a8 fe0514e3 bne              x10, x0, -24        x10:00000072
16455770ns          302173 1c009590 02500793 addi             x15, x0, 37         x15=00000025
16455790ns          302174 1c009594 04f50863 beq              x10, x15, 80        x10:00000072 x15:00000025
16455810ns          302175 1c009598 01a005b3 add              x11, x0, x26        x11=00000002 x26:00000002
16455830ns          302176 1c00959a 000b00e7 jalr             x1, x22, 0           x1=1c00959c x22:1c0094a6
16455870ns          302178 1c0094a6 000026b7 lui              x13, 0x2000         x13=00002000
16455890ns          302179 1c0094a8 f14027f3 csrrs            x15, x0, 0xf14      x15=00000001
16455910ns          302180 1c0094ac f8068693 addi             x13, x13, -128      x13=00001f80 x13:00002000
16455970ns          302183 1c0094b0 00379713 slli             x14, x15, 0x3       x14=00000008 x15:00000001
16456010ns          302185 1c0094b4 00279793 slli             x15, x15, 0x2       x15=00000004 x15:00000001
16456030ns          302186 1c0094b6 00d7f7b3 and              x15, x15, x13       x15=00000000 x15:00000004 x13:00001f80
16456051ns          302187 1c0094b8 ee873733 p.bclr           x14, x14, 23, 8     x14=00000008 x14:00000008
16456071ns          302188 1c0094bc 1a10f6b7 lui              x13, 0x1a10f000     x13=1a10f000
16456091ns          302189 1c0094c0 0ff57513 andi             x10, x10, 255       x10=00000072 x10:00000072
16456111ns          302190 1c0094c4 00d70733 add              x14, x14, x13       x14=1a10f008 x14:00000008 x13:1a10f000
16456131ns          302191 1c0094c6 00a7e723 p.sw             x10, x0(x15)        x10:00000072 x15:00000000  PA:1a10f008
16456452ns          302207 1c0094ca 00000513 addi             x10, x0, 0          x10=00000000
16456472ns          302208 1c0094cc 00008067 jalr             x0, x1, 0            x1:1c00959c
16456512ns          302210 1c00959c 31f52563 p.beqimm         x10, 778            x10:00000000
16456532ns          302211 1c0095a0 001d8d93 addi             x27, x27, 1         x27=00000003 x27:00000002
16456552ns          302212 1c0095a2 00044503 lbu              x10, 0(x8)          x10=0000006e  x8:1c0000f7  PA:1c0000f7
16456853ns          302227 1c0095a6 00140413 addi             x8, x8, 1            x8=1c0000f8  x8:1c0000f7
16456873ns          302228 1c0095a8 fe0514e3 bne              x10, x0, -24        x10:0000006e
16456933ns          302231 1c009590 02500793 addi             x15, x0, 37         x15=00000025
16456953ns          302232 1c009594 04f50863 beq              x10, x15, 80        x10:0000006e x15:00000025
16456974ns          302233 1c009598 01a005b3 add              x11, x0, x26        x11=00000002 x26:00000002
16456994ns          302234 1c00959a 000b00e7 jalr             x1, x22, 0           x1=1c00959c x22:1c0094a6
16457034ns          302236 1c0094a6 000026b7 lui              x13, 0x2000         x13=00002000
16457054ns          302237 1c0094a8 f14027f3 csrrs            x15, x0, 0xf14      x15=00000001
16457074ns          302238 1c0094ac f8068693 addi             x13, x13, -128      x13=00001f80 x13:00002000
16457094ns          302239 1c0094b0 00379713 slli             x14, x15, 0x3       x14=00000008 x15:00000001
16457114ns          302240 1c0094b4 00279793 slli             x15, x15, 0x2       x15=00000004 x15:00000001
16457134ns          302241 1c0094b6 00d7f7b3 and              x15, x15, x13       x15=00000000 x15:00000004 x13:00001f80
16457154ns          302242 1c0094b8 ee873733 p.bclr           x14, x14, 23, 8     x14=00000008 x14:00000008
16457174ns          302243 1c0094bc 1a10f6b7 lui              x13, 0x1a10f000     x13=1a10f000
16457194ns          302244 1c0094c0 0ff57513 andi             x10, x10, 255       x10=0000006e x10:0000006e
16457214ns          302245 1c0094c4 00d70733 add              x14, x14, x13       x14=1a10f008 x14:00000008 x13:1a10f000
16457234ns          302246 1c0094c6 00a7e723 p.sw             x10, x0(x15)        x10:0000006e x15:00000000  PA:1a10f008
16457576ns          302263 1c0094ca 00000513 addi             x10, x0, 0          x10=00000000
16457596ns          302264 1c0094cc 00008067 jalr             x0, x1, 0            x1:1c00959c
16457636ns          302266 1c00959c 31f52563 p.beqimm         x10, 778            x10:00000000
16457656ns          302267 1c0095a0 001d8d93 addi             x27, x27, 1         x27=00000004 x27:00000003
16457676ns          302268 1c0095a2 00044503 lbu              x10, 0(x8)          x10=00000065  x8:1c0000f8  PA:1c0000f8
16457977ns          302283 1c0095a6 00140413 addi             x8, x8, 1            x8=1c0000f9  x8:1c0000f8
16457997ns          302284 1c0095a8 fe0514e3 bne              x10, x0, -24        x10:00000065
16458057ns          302287 1c009590 02500793 addi             x15, x0, 37         x15=00000025
16458077ns          302288 1c009594 04f50863 beq              x10, x15, 80        x10:00000065 x15:00000025
16458097ns          302289 1c009598 01a005b3 add              x11, x0, x26        x11=00000002 x26:00000002
16458117ns          302290 1c00959a 000b00e7 jalr             x1, x22, 0           x1=1c00959c x22:1c0094a6
16458157ns          302292 1c0094a6 000026b7 lui              x13, 0x2000         x13=00002000
16458177ns          302293 1c0094a8 f14027f3 csrrs            x15, x0, 0xf14      x15=00000001
16458198ns          302294 1c0094ac f8068693 addi             x13, x13, -128      x13=00001f80 x13:00002000
16458218ns          302295 1c0094b0 00379713 slli             x14, x15, 0x3       x14=00000008 x15:00000001
16458238ns          302296 1c0094b4 00279793 slli             x15, x15, 0x2       x15=00000004 x15:00000001
16458258ns          302297 1c0094b6 00d7f7b3 and              x15, x15, x13       x15=00000000 x15:00000004 x13:00001f80
16458278ns          302298 1c0094b8 ee873733 p.bclr           x14, x14, 23, 8     x14=00000008 x14:00000008
16458298ns          302299 1c0094bc 1a10f6b7 lui              x13, 0x1a10f000     x13=1a10f000
16458318ns          302300 1c0094c0 0ff57513 andi             x10, x10, 255       x10=00000065 x10:00000065
16458338ns          302301 1c0094c4 00d70733 add              x14, x14, x13       x14=1a10f008 x14:00000008 x13:1a10f000
16458358ns          302302 1c0094c6 00a7e723 p.sw             x10, x0(x15)        x10:00000065 x15:00000000  PA:1a10f008
16458679ns          302318 1c0094ca 00000513 addi             x10, x0, 0          x10=00000000
16458699ns          302319 1c0094cc 00008067 jalr             x0, x1, 0            x1:1c00959c
16458739ns          302321 1c00959c 31f52563 p.beqimm         x10, 778            x10:00000000
16458759ns          302322 1c0095a0 001d8d93 addi             x27, x27, 1         x27=00000005 x27:00000004
16458779ns          302323 1c0095a2 00044503 lbu              x10, 0(x8)          x10=0000006c  x8:1c0000f9  PA:1c0000f9
16459080ns          302338 1c0095a6 00140413 addi             x8, x8, 1            x8=1c0000fa  x8:1c0000f9
16459100ns          302339 1c0095a8 fe0514e3 bne              x10, x0, -24        x10:0000006c
16459161ns          302342 1c009590 02500793 addi             x15, x0, 37         x15=00000025
16459181ns          302343 1c009594 04f50863 beq              x10, x15, 80        x10:0000006c x15:00000025
16459201ns          302344 1c009598 01a005b3 add              x11, x0, x26        x11=00000002 x26:00000002
16459221ns          302345 1c00959a 000b00e7 jalr             x1, x22, 0           x1=1c00959c x22:1c0094a6
16459261ns          302347 1c0094a6 000026b7 lui              x13, 0x2000         x13=00002000
16459281ns          302348 1c0094a8 f14027f3 csrrs            x15, x0, 0xf14      x15=00000001
16459301ns          302349 1c0094ac f8068693 addi             x13, x13, -128      x13=00001f80 x13:00002000
16459321ns          302350 1c0094b0 00379713 slli             x14, x15, 0x3       x14=00000008 x15:00000001
16459341ns          302351 1c0094b4 00279793 slli             x15, x15, 0x2       x15=00000004 x15:00000001
16459361ns          302352 1c0094b6 00d7f7b3 and              x15, x15, x13       x15=00000000 x15:00000004 x13:00001f80
16459381ns          302353 1c0094b8 ee873733 p.bclr           x14, x14, 23, 8     x14=00000008 x14:00000008
16459401ns          302354 1c0094bc 1a10f6b7 lui              x13, 0x1a10f000     x13=1a10f000
16459422ns          302355 1c0094c0 0ff57513 andi             x10, x10, 255       x10=0000006c x10:0000006c
16459442ns          302356 1c0094c4 00d70733 add              x14, x14, x13       x14=1a10f008 x14:00000008 x13:1a10f000
16459462ns          302357 1c0094c6 00a7e723 p.sw             x10, x0(x15)        x10:0000006c x15:00000000  PA:1a10f008
16459803ns          302374 1c0094ca 00000513 addi             x10, x0, 0          x10=00000000
16459823ns          302375 1c0094cc 00008067 jalr             x0, x1, 0            x1:1c00959c
16459863ns          302377 1c00959c 31f52563 p.beqimm         x10, 778            x10:00000000
16459883ns          302378 1c0095a0 001d8d93 addi             x27, x27, 1         x27=00000006 x27:00000005
16459903ns          302379 1c0095a2 00044503 lbu              x10, 0(x8)          x10=00000020  x8:1c0000fa  PA:1c0000fa
16460204ns          302394 1c0095a6 00140413 addi             x8, x8, 1            x8=1c0000fb  x8:1c0000fa
16460224ns          302395 1c0095a8 fe0514e3 bne              x10, x0, -24        x10:00000020
16460284ns          302398 1c009590 02500793 addi             x15, x0, 37         x15=00000025
16460304ns          302399 1c009594 04f50863 beq              x10, x15, 80        x10:00000020 x15:00000025
16460324ns          302400 1c009598 01a005b3 add              x11, x0, x26        x11=00000002 x26:00000002
16460345ns          302401 1c00959a 000b00e7 jalr             x1, x22, 0           x1=1c00959c x22:1c0094a6
16460385ns          302403 1c0094a6 000026b7 lui              x13, 0x2000         x13=00002000
16460405ns          302404 1c0094a8 f14027f3 csrrs            x15, x0, 0xf14      x15=00000001
16460425ns          302405 1c0094ac f8068693 addi             x13, x13, -128      x13=00001f80 x13:00002000
16460445ns          302406 1c0094b0 00379713 slli             x14, x15, 0x3       x14=00000008 x15:00000001
16460465ns          302407 1c0094b4 00279793 slli             x15, x15, 0x2       x15=00000004 x15:00000001
16460485ns          302408 1c0094b6 00d7f7b3 and              x15, x15, x13       x15=00000000 x15:00000004 x13:00001f80
16460505ns          302409 1c0094b8 ee873733 p.bclr           x14, x14, 23, 8     x14=00000008 x14:00000008
16460525ns          302410 1c0094bc 1a10f6b7 lui              x13, 0x1a10f000     x13=1a10f000
16460545ns          302411 1c0094c0 0ff57513 andi             x10, x10, 255       x10=00000020 x10:00000020
16460565ns          302412 1c0094c4 00d70733 add              x14, x14, x13       x14=1a10f008 x14:00000008 x13:1a10f000
16460585ns          302413 1c0094c6 00a7e723 p.sw             x10, x0(x15)        x10:00000020 x15:00000000  PA:1a10f008
16460906ns          302429 1c0094ca 00000513 addi             x10, x0, 0          x10=00000000
16460926ns          302430 1c0094cc 00008067 jalr             x0, x1, 0            x1:1c00959c
16460967ns          302432 1c00959c 31f52563 p.beqimm         x10, 778            x10:00000000
16460987ns          302433 1c0095a0 001d8d93 addi             x27, x27, 1         x27=00000007 x27:00000006
16461007ns          302434 1c0095a2 00044503 lbu              x10, 0(x8)          x10=00000070  x8:1c0000fb  PA:1c0000fb
16461308ns          302449 1c0095a6 00140413 addi             x8, x8, 1            x8=1c0000fc  x8:1c0000fb
16461328ns          302450 1c0095a8 fe0514e3 bne              x10, x0, -24        x10:00000070
16461388ns          302453 1c009590 02500793 addi             x15, x0, 37         x15=00000025
16461408ns          302454 1c009594 04f50863 beq              x10, x15, 80        x10:00000070 x15:00000025
16461428ns          302455 1c009598 01a005b3 add              x11, x0, x26        x11=00000002 x26:00000002
16461448ns          302456 1c00959a 000b00e7 jalr             x1, x22, 0           x1=1c00959c x22:1c0094a6
16461488ns          302458 1c0094a6 000026b7 lui              x13, 0x2000         x13=00002000
16461508ns          302459 1c0094a8 f14027f3 csrrs            x15, x0, 0xf14      x15=00000001
16461528ns          302460 1c0094ac f8068693 addi             x13, x13, -128      x13=00001f80 x13:00002000
16461548ns          302461 1c0094b0 00379713 slli             x14, x15, 0x3       x14=00000008 x15:00000001
16461569ns          302462 1c0094b4 00279793 slli             x15, x15, 0x2       x15=00000004 x15:00000001
16461589ns          302463 1c0094b6 00d7f7b3 and              x15, x15, x13       x15=00000000 x15:00000004 x13:00001f80
16461609ns          302464 1c0094b8 ee873733 p.bclr           x14, x14, 23, 8     x14=00000008 x14:00000008
16461629ns          302465 1c0094bc 1a10f6b7 lui              x13, 0x1a10f000     x13=1a10f000
16461649ns          302466 1c0094c0 0ff57513 andi             x10, x10, 255       x10=00000070 x10:00000070
16461669ns          302467 1c0094c4 00d70733 add              x14, x14, x13       x14=1a10f008 x14:00000008 x13:1a10f000
16461689ns          302468 1c0094c6 00a7e723 p.sw             x10, x0(x15)        x10:00000070 x15:00000000  PA:1a10f008
16462010ns          302484 1c0094ca 00000513 addi             x10, x0, 0          x10=00000000
16462030ns          302485 1c0094cc 00008067 jalr             x0, x1, 0            x1:1c00959c
16462070ns          302487 1c00959c 31f52563 p.beqimm         x10, 778            x10:00000000
16462090ns          302488 1c0095a0 001d8d93 addi             x27, x27, 1         x27=00000008 x27:00000007
16462110ns          302489 1c0095a2 00044503 lbu              x10, 0(x8)          x10=00000061  x8:1c0000fc  PA:1c0000fc
16462411ns          302504 1c0095a6 00140413 addi             x8, x8, 1            x8=1c0000fd  x8:1c0000fc
16462431ns          302505 1c0095a8 fe0514e3 bne              x10, x0, -24        x10:00000061
16462492ns          302508 1c009590 02500793 addi             x15, x0, 37         x15=00000025
16462512ns          302509 1c009594 04f50863 beq              x10, x15, 80        x10:00000061 x15:00000025
16462532ns          302510 1c009598 01a005b3 add              x11, x0, x26        x11=00000002 x26:00000002
16462552ns          302511 1c00959a 000b00e7 jalr             x1, x22, 0           x1=1c00959c x22:1c0094a6
16462592ns          302513 1c0094a6 000026b7 lui              x13, 0x2000         x13=00002000
16462612ns          302514 1c0094a8 f14027f3 csrrs            x15, x0, 0xf14      x15=00000001
16462632ns          302515 1c0094ac f8068693 addi             x13, x13, -128      x13=00001f80 x13:00002000
16462652ns          302516 1c0094b0 00379713 slli             x14, x15, 0x3       x14=00000008 x15:00000001
16462672ns          302517 1c0094b4 00279793 slli             x15, x15, 0x2       x15=00000004 x15:00000001
16462692ns          302518 1c0094b6 00d7f7b3 and              x15, x15, x13       x15=00000000 x15:00000004 x13:00001f80
16462712ns          302519 1c0094b8 ee873733 p.bclr           x14, x14, 23, 8     x14=00000008 x14:00000008
16462732ns          302520 1c0094bc 1a10f6b7 lui              x13, 0x1a10f000     x13=1a10f000
16462752ns          302521 1c0094c0 0ff57513 andi             x10, x10, 255       x10=00000061 x10:00000061
16462772ns          302522 1c0094c4 00d70733 add              x14, x14, x13       x14=1a10f008 x14:00000008 x13:1a10f000
16462792ns          302523 1c0094c6 00a7e723 p.sw             x10, x0(x15)        x10:00000061 x15:00000000  PA:1a10f008
16463114ns          302539 1c0094ca 00000513 addi             x10, x0, 0          x10=00000000
16463134ns          302540 1c0094cc 00008067 jalr             x0, x1, 0            x1:1c00959c
16463174ns          302542 1c00959c 31f52563 p.beqimm         x10, 778            x10:00000000
16463194ns          302543 1c0095a0 001d8d93 addi             x27, x27, 1         x27=00000009 x27:00000008
16463214ns          302544 1c0095a2 00044503 lbu              x10, 0(x8)          x10=00000073  x8:1c0000fd  PA:1c0000fd
16463515ns          302559 1c0095a6 00140413 addi             x8, x8, 1            x8=1c0000fe  x8:1c0000fd
16463535ns          302560 1c0095a8 fe0514e3 bne              x10, x0, -24        x10:00000073
16463595ns          302563 1c009590 02500793 addi             x15, x0, 37         x15=00000025
16463615ns          302564 1c009594 04f50863 beq              x10, x15, 80        x10:00000073 x15:00000025
16463635ns          302565 1c009598 01a005b3 add              x11, x0, x26        x11=00000002 x26:00000002
16463655ns          302566 1c00959a 000b00e7 jalr             x1, x22, 0           x1=1c00959c x22:1c0094a6
16463695ns          302568 1c0094a6 000026b7 lui              x13, 0x2000         x13=00002000
16463716ns          302569 1c0094a8 f14027f3 csrrs            x15, x0, 0xf14      x15=00000001
16463736ns          302570 1c0094ac f8068693 addi             x13, x13, -128      x13=00001f80 x13:00002000
16463756ns          302571 1c0094b0 00379713 slli             x14, x15, 0x3       x14=00000008 x15:00000001
16463776ns          302572 1c0094b4 00279793 slli             x15, x15, 0x2       x15=00000004 x15:00000001
16463796ns          302573 1c0094b6 00d7f7b3 and              x15, x15, x13       x15=00000000 x15:00000004 x13:00001f80
16463816ns          302574 1c0094b8 ee873733 p.bclr           x14, x14, 23, 8     x14=00000008 x14:00000008
16463836ns          302575 1c0094bc 1a10f6b7 lui              x13, 0x1a10f000     x13=1a10f000
16463856ns          302576 1c0094c0 0ff57513 andi             x10, x10, 255       x10=00000073 x10:00000073
16463876ns          302577 1c0094c4 00d70733 add              x14, x14, x13       x14=1a10f008 x14:00000008 x13:1a10f000
16463896ns          302578 1c0094c6 00a7e723 p.sw             x10, x0(x15)        x10:00000073 x15:00000000  PA:1a10f008
16464217ns          302594 1c0094ca 00000513 addi             x10, x0, 0          x10=00000000
16464237ns          302595 1c0094cc 00008067 jalr             x0, x1, 0            x1:1c00959c
16464277ns          302597 1c00959c 31f52563 p.beqimm         x10, 778            x10:00000000
16464297ns          302598 1c0095a0 001d8d93 addi             x27, x27, 1         x27=0000000a x27:00000009
16464317ns          302599 1c0095a2 00044503 lbu              x10, 0(x8)          x10=00000073  x8:1c0000fe  PA:1c0000fe
16464618ns          302614 1c0095a6 00140413 addi             x8, x8, 1            x8=1c0000ff  x8:1c0000fe
16464639ns          302615 1c0095a8 fe0514e3 bne              x10, x0, -24        x10:00000073
16464699ns          302618 1c009590 02500793 addi             x15, x0, 37         x15=00000025
16464719ns          302619 1c009594 04f50863 beq              x10, x15, 80        x10:00000073 x15:00000025
16464739ns          302620 1c009598 01a005b3 add              x11, x0, x26        x11=00000002 x26:00000002
16464759ns          302621 1c00959a 000b00e7 jalr             x1, x22, 0           x1=1c00959c x22:1c0094a6
16464799ns          302623 1c0094a6 000026b7 lui              x13, 0x2000         x13=00002000
16464819ns          302624 1c0094a8 f14027f3 csrrs            x15, x0, 0xf14      x15=00000001
16464839ns          302625 1c0094ac f8068693 addi             x13, x13, -128      x13=00001f80 x13:00002000
16464859ns          302626 1c0094b0 00379713 slli             x14, x15, 0x3       x14=00000008 x15:00000001
16464879ns          302627 1c0094b4 00279793 slli             x15, x15, 0x2       x15=00000004 x15:00000001
16464899ns          302628 1c0094b6 00d7f7b3 and              x15, x15, x13       x15=00000000 x15:00000004 x13:00001f80
16464919ns          302629 1c0094b8 ee873733 p.bclr           x14, x14, 23, 8     x14=00000008 x14:00000008
16464939ns          302630 1c0094bc 1a10f6b7 lui              x13, 0x1a10f000     x13=1a10f000
16464960ns          302631 1c0094c0 0ff57513 andi             x10, x10, 255       x10=00000073 x10:00000073
16464980ns          302632 1c0094c4 00d70733 add              x14, x14, x13       x14=1a10f008 x14:00000008 x13:1a10f000
16465000ns          302633 1c0094c6 00a7e723 p.sw             x10, x0(x15)        x10:00000073 x15:00000000  PA:1a10f008
16465321ns          302649 1c0094ca 00000513 addi             x10, x0, 0          x10=00000000
16465341ns          302650 1c0094cc 00008067 jalr             x0, x1, 0            x1:1c00959c
16465381ns          302652 1c00959c 31f52563 p.beqimm         x10, 778            x10:00000000
16465401ns          302653 1c0095a0 001d8d93 addi             x27, x27, 1         x27=0000000b x27:0000000a
16465421ns          302654 1c0095a2 00044503 lbu              x10, 0(x8)          x10=00000065  x8:1c0000ff  PA:1c0000ff
16465722ns          302669 1c0095a6 00140413 addi             x8, x8, 1            x8=1c000100  x8:1c0000ff
16465742ns          302670 1c0095a8 fe0514e3 bne              x10, x0, -24        x10:00000065
16465802ns          302673 1c009590 02500793 addi             x15, x0, 37         x15=00000025
16465822ns          302674 1c009594 04f50863 beq              x10, x15, 80        x10:00000065 x15:00000025
16465842ns          302675 1c009598 01a005b3 add              x11, x0, x26        x11=00000002 x26:00000002
16465862ns          302676 1c00959a 000b00e7 jalr             x1, x22, 0           x1=1c00959c x22:1c0094a6
16465903ns          302678 1c0094a6 000026b7 lui              x13, 0x2000         x13=00002000
16465923ns          302679 1c0094a8 f14027f3 csrrs            x15, x0, 0xf14      x15=00000001
16465943ns          302680 1c0094ac f8068693 addi             x13, x13, -128      x13=00001f80 x13:00002000
16465963ns          302681 1c0094b0 00379713 slli             x14, x15, 0x3       x14=00000008 x15:00000001
16465983ns          302682 1c0094b4 00279793 slli             x15, x15, 0x2       x15=00000004 x15:00000001
16466003ns          302683 1c0094b6 00d7f7b3 and              x15, x15, x13       x15=00000000 x15:00000004 x13:00001f80
16466023ns          302684 1c0094b8 ee873733 p.bclr           x14, x14, 23, 8     x14=00000008 x14:00000008
16466043ns          302685 1c0094bc 1a10f6b7 lui              x13, 0x1a10f000     x13=1a10f000
16466063ns          302686 1c0094c0 0ff57513 andi             x10, x10, 255       x10=00000065 x10:00000065
16466083ns          302687 1c0094c4 00d70733 add              x14, x14, x13       x14=1a10f008 x14:00000008 x13:1a10f000
16466103ns          302688 1c0094c6 00a7e723 p.sw             x10, x0(x15)        x10:00000065 x15:00000000  PA:1a10f008
16466424ns          302704 1c0094ca 00000513 addi             x10, x0, 0          x10=00000000
16466444ns          302705 1c0094cc 00008067 jalr             x0, x1, 0            x1:1c00959c
16466485ns          302707 1c00959c 31f52563 p.beqimm         x10, 778            x10:00000000
16466505ns          302708 1c0095a0 001d8d93 addi             x27, x27, 1         x27=0000000c x27:0000000b
16466525ns          302709 1c0095a2 00044503 lbu              x10, 0(x8)          x10=00000064  x8:1c000100  PA:1c000100
16466826ns          302724 1c0095a6 00140413 addi             x8, x8, 1            x8=1c000101  x8:1c000100
16466846ns          302725 1c0095a8 fe0514e3 bne              x10, x0, -24        x10:00000064
16466906ns          302728 1c009590 02500793 addi             x15, x0, 37         x15=00000025
16466926ns          302729 1c009594 04f50863 beq              x10, x15, 80        x10:00000064 x15:00000025
16466946ns          302730 1c009598 01a005b3 add              x11, x0, x26        x11=00000002 x26:00000002
16466966ns          302731 1c00959a 000b00e7 jalr             x1, x22, 0           x1=1c00959c x22:1c0094a6
16467006ns          302733 1c0094a6 000026b7 lui              x13, 0x2000         x13=00002000
16467026ns          302734 1c0094a8 f14027f3 csrrs            x15, x0, 0xf14      x15=00000001
16467046ns          302735 1c0094ac f8068693 addi             x13, x13, -128      x13=00001f80 x13:00002000
16467066ns          302736 1c0094b0 00379713 slli             x14, x15, 0x3       x14=00000008 x15:00000001
16467086ns          302737 1c0094b4 00279793 slli             x15, x15, 0x2       x15=00000004 x15:00000001
16467107ns          302738 1c0094b6 00d7f7b3 and              x15, x15, x13       x15=00000000 x15:00000004 x13:00001f80
16467127ns          302739 1c0094b8 ee873733 p.bclr           x14, x14, 23, 8     x14=00000008 x14:00000008
16467147ns          302740 1c0094bc 1a10f6b7 lui              x13, 0x1a10f000     x13=1a10f000
16467167ns          302741 1c0094c0 0ff57513 andi             x10, x10, 255       x10=00000064 x10:00000064
16467187ns          302742 1c0094c4 00d70733 add              x14, x14, x13       x14=1a10f008 x14:00000008 x13:1a10f000
16467207ns          302743 1c0094c6 00a7e723 p.sw             x10, x0(x15)        x10:00000064 x15:00000000  PA:1a10f008
16467528ns          302759 1c0094ca 00000513 addi             x10, x0, 0          x10=00000000
16467548ns          302760 1c0094cc 00008067 jalr             x0, x1, 0            x1:1c00959c
16467588ns          302762 1c00959c 31f52563 p.beqimm         x10, 778            x10:00000000
16467608ns          302763 1c0095a0 001d8d93 addi             x27, x27, 1         x27=0000000d x27:0000000c
16467628ns          302764 1c0095a2 00044503 lbu              x10, 0(x8)          x10=00000020  x8:1c000101  PA:1c000101
16467929ns          302779 1c0095a6 00140413 addi             x8, x8, 1            x8=1c000102  x8:1c000101
16467949ns          302780 1c0095a8 fe0514e3 bne              x10, x0, -24        x10:00000020
16468009ns          302783 1c009590 02500793 addi             x15, x0, 37         x15=00000025
16468030ns          302784 1c009594 04f50863 beq              x10, x15, 80        x10:00000020 x15:00000025
16468050ns          302785 1c009598 01a005b3 add              x11, x0, x26        x11=00000002 x26:00000002
16468070ns          302786 1c00959a 000b00e7 jalr             x1, x22, 0           x1=1c00959c x22:1c0094a6
16468110ns          302788 1c0094a6 000026b7 lui              x13, 0x2000         x13=00002000
16468130ns          302789 1c0094a8 f14027f3 csrrs            x15, x0, 0xf14      x15=00000001
16468150ns          302790 1c0094ac f8068693 addi             x13, x13, -128      x13=00001f80 x13:00002000
16468170ns          302791 1c0094b0 00379713 slli             x14, x15, 0x3       x14=00000008 x15:00000001
16468190ns          302792 1c0094b4 00279793 slli             x15, x15, 0x2       x15=00000004 x15:00000001
16468210ns          302793 1c0094b6 00d7f7b3 and              x15, x15, x13       x15=00000000 x15:00000004 x13:00001f80
16468230ns          302794 1c0094b8 ee873733 p.bclr           x14, x14, 23, 8     x14=00000008 x14:00000008
16468250ns          302795 1c0094bc 1a10f6b7 lui              x13, 0x1a10f000     x13=1a10f000
16468270ns          302796 1c0094c0 0ff57513 andi             x10, x10, 255       x10=00000020 x10:00000020
16468290ns          302797 1c0094c4 00d70733 add              x14, x14, x13       x14=1a10f008 x14:00000008 x13:1a10f000
16468310ns          302798 1c0094c6 00a7e723 p.sw             x10, x0(x15)        x10:00000020 x15:00000000  PA:1a10f008
16468632ns          302814 1c0094ca 00000513 addi             x10, x0, 0          x10=00000000
16468652ns          302815 1c0094cc 00008067 jalr             x0, x1, 0            x1:1c00959c
16468692ns          302817 1c00959c 31f52563 p.beqimm         x10, 778            x10:00000000
16468712ns          302818 1c0095a0 001d8d93 addi             x27, x27, 1         x27=0000000e x27:0000000d
16468732ns          302819 1c0095a2 00044503 lbu              x10, 0(x8)          x10=0000006f  x8:1c000102  PA:1c000102
16469033ns          302834 1c0095a6 00140413 addi             x8, x8, 1            x8=1c000103  x8:1c000102
16469053ns          302835 1c0095a8 fe0514e3 bne              x10, x0, -24        x10:0000006f
16469113ns          302838 1c009590 02500793 addi             x15, x0, 37         x15=00000025
16469133ns          302839 1c009594 04f50863 beq              x10, x15, 80        x10:0000006f x15:00000025
16469153ns          302840 1c009598 01a005b3 add              x11, x0, x26        x11=00000002 x26:00000002
16469173ns          302841 1c00959a 000b00e7 jalr             x1, x22, 0           x1=1c00959c x22:1c0094a6
16469213ns          302843 1c0094a6 000026b7 lui              x13, 0x2000         x13=00002000
16469233ns          302844 1c0094a8 f14027f3 csrrs            x15, x0, 0xf14      x15=00000001
16469254ns          302845 1c0094ac f8068693 addi             x13, x13, -128      x13=00001f80 x13:00002000
16469274ns          302846 1c0094b0 00379713 slli             x14, x15, 0x3       x14=00000008 x15:00000001
16469294ns          302847 1c0094b4 00279793 slli             x15, x15, 0x2       x15=00000004 x15:00000001
16469314ns          302848 1c0094b6 00d7f7b3 and              x15, x15, x13       x15=00000000 x15:00000004 x13:00001f80
16469334ns          302849 1c0094b8 ee873733 p.bclr           x14, x14, 23, 8     x14=00000008 x14:00000008
16469354ns          302850 1c0094bc 1a10f6b7 lui              x13, 0x1a10f000     x13=1a10f000
16469374ns          302851 1c0094c0 0ff57513 andi             x10, x10, 255       x10=0000006f x10:0000006f
16469394ns          302852 1c0094c4 00d70733 add              x14, x14, x13       x14=1a10f008 x14:00000008 x13:1a10f000
16469414ns          302853 1c0094c6 00a7e723 p.sw             x10, x0(x15)        x10:0000006f x15:00000000  PA:1a10f008
16469735ns          302869 1c0094ca 00000513 addi             x10, x0, 0          x10=00000000
16469755ns          302870 1c0094cc 00008067 jalr             x0, x1, 0            x1:1c00959c
16469795ns          302872 1c00959c 31f52563 p.beqimm         x10, 778            x10:00000000
16469815ns          302873 1c0095a0 001d8d93 addi             x27, x27, 1         x27=0000000f x27:0000000e
16469835ns          302874 1c0095a2 00044503 lbu              x10, 0(x8)          x10=0000006e  x8:1c000103  PA:1c000103
16470136ns          302889 1c0095a6 00140413 addi             x8, x8, 1            x8=1c000104  x8:1c000103
16470156ns          302890 1c0095a8 fe0514e3 bne              x10, x0, -24        x10:0000006e
16470217ns          302893 1c009590 02500793 addi             x15, x0, 37         x15=00000025
16470237ns          302894 1c009594 04f50863 beq              x10, x15, 80        x10:0000006e x15:00000025
16470257ns          302895 1c009598 01a005b3 add              x11, x0, x26        x11=00000002 x26:00000002
16470277ns          302896 1c00959a 000b00e7 jalr             x1, x22, 0           x1=1c00959c x22:1c0094a6
16470317ns          302898 1c0094a6 000026b7 lui              x13, 0x2000         x13=00002000
16470337ns          302899 1c0094a8 f14027f3 csrrs            x15, x0, 0xf14      x15=00000001
16470357ns          302900 1c0094ac f8068693 addi             x13, x13, -128      x13=00001f80 x13:00002000
16470377ns          302901 1c0094b0 00379713 slli             x14, x15, 0x3       x14=00000008 x15:00000001
16470397ns          302902 1c0094b4 00279793 slli             x15, x15, 0x2       x15=00000004 x15:00000001
16470417ns          302903 1c0094b6 00d7f7b3 and              x15, x15, x13       x15=00000000 x15:00000004 x13:00001f80
16470437ns          302904 1c0094b8 ee873733 p.bclr           x14, x14, 23, 8     x14=00000008 x14:00000008
16470457ns          302905 1c0094bc 1a10f6b7 lui              x13, 0x1a10f000     x13=1a10f000
16470478ns          302906 1c0094c0 0ff57513 andi             x10, x10, 255       x10=0000006e x10:0000006e
16470498ns          302907 1c0094c4 00d70733 add              x14, x14, x13       x14=1a10f008 x14:00000008 x13:1a10f000
16470518ns          302908 1c0094c6 00a7e723 p.sw             x10, x0(x15)        x10:0000006e x15:00000000  PA:1a10f008
16470839ns          302924 1c0094ca 00000513 addi             x10, x0, 0          x10=00000000
16470859ns          302925 1c0094cc 00008067 jalr             x0, x1, 0            x1:1c00959c
16470899ns          302927 1c00959c 31f52563 p.beqimm         x10, 778            x10:00000000
16470919ns          302928 1c0095a0 001d8d93 addi             x27, x27, 1         x27=00000010 x27:0000000f
16470939ns          302929 1c0095a2 00044503 lbu              x10, 0(x8)          x10=00000020  x8:1c000104  PA:1c000104
16471240ns          302944 1c0095a6 00140413 addi             x8, x8, 1            x8=1c000105  x8:1c000104
16471260ns          302945 1c0095a8 fe0514e3 bne              x10, x0, -24        x10:00000020
16471320ns          302948 1c009590 02500793 addi             x15, x0, 37         x15=00000025
16471340ns          302949 1c009594 04f50863 beq              x10, x15, 80        x10:00000020 x15:00000025
16471360ns          302950 1c009598 01a005b3 add              x11, x0, x26        x11=00000002 x26:00000002
16471380ns          302951 1c00959a 000b00e7 jalr             x1, x22, 0           x1=1c00959c x22:1c0094a6
16471421ns          302953 1c0094a6 000026b7 lui              x13, 0x2000         x13=00002000
16471441ns          302954 1c0094a8 f14027f3 csrrs            x15, x0, 0xf14      x15=00000001
16471461ns          302955 1c0094ac f8068693 addi             x13, x13, -128      x13=00001f80 x13:00002000
16471481ns          302956 1c0094b0 00379713 slli             x14, x15, 0x3       x14=00000008 x15:00000001
16471501ns          302957 1c0094b4 00279793 slli             x15, x15, 0x2       x15=00000004 x15:00000001
16471521ns          302958 1c0094b6 00d7f7b3 and              x15, x15, x13       x15=00000000 x15:00000004 x13:00001f80
16471541ns          302959 1c0094b8 ee873733 p.bclr           x14, x14, 23, 8     x14=00000008 x14:00000008
16471561ns          302960 1c0094bc 1a10f6b7 lui              x13, 0x1a10f000     x13=1a10f000
16471581ns          302961 1c0094c0 0ff57513 andi             x10, x10, 255       x10=00000020 x10:00000020
16471601ns          302962 1c0094c4 00d70733 add              x14, x14, x13       x14=1a10f008 x14:00000008 x13:1a10f000
16471621ns          302963 1c0094c6 00a7e723 p.sw             x10, x0(x15)        x10:00000020 x15:00000000  PA:1a10f008
16471982ns          302981 1c0094ca 00000513 addi             x10, x0, 0          x10=00000000
16472002ns          302982 1c0094cc 00008067 jalr             x0, x1, 0            x1:1c00959c
16472043ns          302984 1c00959c 31f52563 p.beqimm         x10, 778            x10:00000000
16472063ns          302985 1c0095a0 001d8d93 addi             x27, x27, 1         x27=00000011 x27:00000010
16472083ns          302986 1c0095a2 00044503 lbu              x10, 0(x8)          x10=00000063  x8:1c000105  PA:1c000105
16472384ns          303001 1c0095a6 00140413 addi             x8, x8, 1            x8=1c000106  x8:1c000105
16472404ns          303002 1c0095a8 fe0514e3 bne              x10, x0, -24        x10:00000063
16472464ns          303005 1c009590 02500793 addi             x15, x0, 37         x15=00000025
16472484ns          303006 1c009594 04f50863 beq              x10, x15, 80        x10:00000063 x15:00000025
16472504ns          303007 1c009598 01a005b3 add              x11, x0, x26        x11=00000002 x26:00000002
16472524ns          303008 1c00959a 000b00e7 jalr             x1, x22, 0           x1=1c00959c x22:1c0094a6
16472564ns          303010 1c0094a6 000026b7 lui              x13, 0x2000         x13=00002000
16472584ns          303011 1c0094a8 f14027f3 csrrs            x15, x0, 0xf14      x15=00000001
16472604ns          303012 1c0094ac f8068693 addi             x13, x13, -128      x13=00001f80 x13:00002000
16472625ns          303013 1c0094b0 00379713 slli             x14, x15, 0x3       x14=00000008 x15:00000001
16472645ns          303014 1c0094b4 00279793 slli             x15, x15, 0x2       x15=00000004 x15:00000001
16472665ns          303015 1c0094b6 00d7f7b3 and              x15, x15, x13       x15=00000000 x15:00000004 x13:00001f80
16472685ns          303016 1c0094b8 ee873733 p.bclr           x14, x14, 23, 8     x14=00000008 x14:00000008
16472705ns          303017 1c0094bc 1a10f6b7 lui              x13, 0x1a10f000     x13=1a10f000
16472725ns          303018 1c0094c0 0ff57513 andi             x10, x10, 255       x10=00000063 x10:00000063
16472745ns          303019 1c0094c4 00d70733 add              x14, x14, x13       x14=1a10f008 x14:00000008 x13:1a10f000
16472765ns          303020 1c0094c6 00a7e723 p.sw             x10, x0(x15)        x10:00000063 x15:00000000  PA:1a10f008
16473106ns          303037 1c0094ca 00000513 addi             x10, x0, 0          x10=00000000
16473126ns          303038 1c0094cc 00008067 jalr             x0, x1, 0            x1:1c00959c
16473166ns          303040 1c00959c 31f52563 p.beqimm         x10, 778            x10:00000000
16473186ns          303041 1c0095a0 001d8d93 addi             x27, x27, 1         x27=00000012 x27:00000011
16473206ns          303042 1c0095a2 00044503 lbu              x10, 0(x8)          x10=0000006f  x8:1c000106  PA:1c000106
16473527ns          303058 1c0095a6 00140413 addi             x8, x8, 1            x8=1c000107  x8:1c000106
16473548ns          303059 1c0095a8 fe0514e3 bne              x10, x0, -24        x10:0000006f
16473608ns          303062 1c009590 02500793 addi             x15, x0, 37         x15=00000025
16473628ns          303063 1c009594 04f50863 beq              x10, x15, 80        x10:0000006f x15:00000025
16473648ns          303064 1c009598 01a005b3 add              x11, x0, x26        x11=00000002 x26:00000002
16473668ns          303065 1c00959a 000b00e7 jalr             x1, x22, 0           x1=1c00959c x22:1c0094a6
16473708ns          303067 1c0094a6 000026b7 lui              x13, 0x2000         x13=00002000
16473728ns          303068 1c0094a8 f14027f3 csrrs            x15, x0, 0xf14      x15=00000001
16473748ns          303069 1c0094ac f8068693 addi             x13, x13, -128      x13=00001f80 x13:00002000
16473768ns          303070 1c0094b0 00379713 slli             x14, x15, 0x3       x14=00000008 x15:00000001
16473788ns          303071 1c0094b4 00279793 slli             x15, x15, 0x2       x15=00000004 x15:00000001
16473808ns          303072 1c0094b6 00d7f7b3 and              x15, x15, x13       x15=00000000 x15:00000004 x13:00001f80
16473828ns          303073 1c0094b8 ee873733 p.bclr           x14, x14, 23, 8     x14=00000008 x14:00000008
16473849ns          303074 1c0094bc 1a10f6b7 lui              x13, 0x1a10f000     x13=1a10f000
16473869ns          303075 1c0094c0 0ff57513 andi             x10, x10, 255       x10=0000006f x10:0000006f
16473889ns          303076 1c0094c4 00d70733 add              x14, x14, x13       x14=1a10f008 x14:00000008 x13:1a10f000
16473909ns          303077 1c0094c6 00a7e723 p.sw             x10, x0(x15)        x10:0000006f x15:00000000  PA:1a10f008
16474230ns          303093 1c0094ca 00000513 addi             x10, x0, 0          x10=00000000
16474250ns          303094 1c0094cc 00008067 jalr             x0, x1, 0            x1:1c00959c
16474290ns          303096 1c00959c 31f52563 p.beqimm         x10, 778            x10:00000000
16474310ns          303097 1c0095a0 001d8d93 addi             x27, x27, 1         x27=00000013 x27:00000012
16474330ns          303098 1c0095a2 00044503 lbu              x10, 0(x8)          x10=00000072  x8:1c000107  PA:1c000107
16474631ns          303113 1c0095a6 00140413 addi             x8, x8, 1            x8=1c000108  x8:1c000107
16474651ns          303114 1c0095a8 fe0514e3 bne              x10, x0, -24        x10:00000072
16474711ns          303117 1c009590 02500793 addi             x15, x0, 37         x15=00000025
16474731ns          303118 1c009594 04f50863 beq              x10, x15, 80        x10:00000072 x15:00000025
16474751ns          303119 1c009598 01a005b3 add              x11, x0, x26        x11=00000002 x26:00000002
16474772ns          303120 1c00959a 000b00e7 jalr             x1, x22, 0           x1=1c00959c x22:1c0094a6
16474812ns          303122 1c0094a6 000026b7 lui              x13, 0x2000         x13=00002000
16474832ns          303123 1c0094a8 f14027f3 csrrs            x15, x0, 0xf14      x15=00000001
16474852ns          303124 1c0094ac f8068693 addi             x13, x13, -128      x13=00001f80 x13:00002000
16474872ns          303125 1c0094b0 00379713 slli             x14, x15, 0x3       x14=00000008 x15:00000001
16474892ns          303126 1c0094b4 00279793 slli             x15, x15, 0x2       x15=00000004 x15:00000001
16474912ns          303127 1c0094b6 00d7f7b3 and              x15, x15, x13       x15=00000000 x15:00000004 x13:00001f80
16474932ns          303128 1c0094b8 ee873733 p.bclr           x14, x14, 23, 8     x14=00000008 x14:00000008
16474952ns          303129 1c0094bc 1a10f6b7 lui              x13, 0x1a10f000     x13=1a10f000
16474972ns          303130 1c0094c0 0ff57513 andi             x10, x10, 255       x10=00000072 x10:00000072
16474992ns          303131 1c0094c4 00d70733 add              x14, x14, x13       x14=1a10f008 x14:00000008 x13:1a10f000
16475012ns          303132 1c0094c6 00a7e723 p.sw             x10, x0(x15)        x10:00000072 x15:00000000  PA:1a10f008
16475333ns          303148 1c0094ca 00000513 addi             x10, x0, 0          x10=00000000
16475353ns          303149 1c0094cc 00008067 jalr             x0, x1, 0            x1:1c00959c
16475394ns          303151 1c00959c 31f52563 p.beqimm         x10, 778            x10:00000000
16475414ns          303152 1c0095a0 001d8d93 addi             x27, x27, 1         x27=00000014 x27:00000013
16475434ns          303153 1c0095a2 00044503 lbu              x10, 0(x8)          x10=00000065  x8:1c000108  PA:1c000108
16475735ns          303168 1c0095a6 00140413 addi             x8, x8, 1            x8=1c000109  x8:1c000108
16475755ns          303169 1c0095a8 fe0514e3 bne              x10, x0, -24        x10:00000065
16475815ns          303172 1c009590 02500793 addi             x15, x0, 37         x15=00000025
16475835ns          303173 1c009594 04f50863 beq              x10, x15, 80        x10:00000065 x15:00000025
16475855ns          303174 1c009598 01a005b3 add              x11, x0, x26        x11=00000002 x26:00000002
16475875ns          303175 1c00959a 000b00e7 jalr             x1, x22, 0           x1=1c00959c x22:1c0094a6
16475915ns          303177 1c0094a6 000026b7 lui              x13, 0x2000         x13=00002000
16475935ns          303178 1c0094a8 f14027f3 csrrs            x15, x0, 0xf14      x15=00000001
16475955ns          303179 1c0094ac f8068693 addi             x13, x13, -128      x13=00001f80 x13:00002000
16475975ns          303180 1c0094b0 00379713 slli             x14, x15, 0x3       x14=00000008 x15:00000001
16475996ns          303181 1c0094b4 00279793 slli             x15, x15, 0x2       x15=00000004 x15:00000001
16476016ns          303182 1c0094b6 00d7f7b3 and              x15, x15, x13       x15=00000000 x15:00000004 x13:00001f80
16476036ns          303183 1c0094b8 ee873733 p.bclr           x14, x14, 23, 8     x14=00000008 x14:00000008
16476056ns          303184 1c0094bc 1a10f6b7 lui              x13, 0x1a10f000     x13=1a10f000
16476076ns          303185 1c0094c0 0ff57513 andi             x10, x10, 255       x10=00000065 x10:00000065
16476096ns          303186 1c0094c4 00d70733 add              x14, x14, x13       x14=1a10f008 x14:00000008 x13:1a10f000
16476116ns          303187 1c0094c6 00a7e723 p.sw             x10, x0(x15)        x10:00000065 x15:00000000  PA:1a10f008
16476437ns          303203 1c0094ca 00000513 addi             x10, x0, 0          x10=00000000
16476457ns          303204 1c0094cc 00008067 jalr             x0, x1, 0            x1:1c00959c
16476497ns          303206 1c00959c 31f52563 p.beqimm         x10, 778            x10:00000000
16476517ns          303207 1c0095a0 001d8d93 addi             x27, x27, 1         x27=00000015 x27:00000014
16476537ns          303208 1c0095a2 00044503 lbu              x10, 0(x8)          x10=00000020  x8:1c000109  PA:1c000109
16476838ns          303223 1c0095a6 00140413 addi             x8, x8, 1            x8=1c00010a  x8:1c000109
16476858ns          303224 1c0095a8 fe0514e3 bne              x10, x0, -24        x10:00000020
16476919ns          303227 1c009590 02500793 addi             x15, x0, 37         x15=00000025
16476939ns          303228 1c009594 04f50863 beq              x10, x15, 80        x10:00000020 x15:00000025
16476959ns          303229 1c009598 01a005b3 add              x11, x0, x26        x11=00000002 x26:00000002
16476979ns          303230 1c00959a 000b00e7 jalr             x1, x22, 0           x1=1c00959c x22:1c0094a6
16477019ns          303232 1c0094a6 000026b7 lui              x13, 0x2000         x13=00002000
16477039ns          303233 1c0094a8 f14027f3 csrrs            x15, x0, 0xf14      x15=00000001
16477059ns          303234 1c0094ac f8068693 addi             x13, x13, -128      x13=00001f80 x13:00002000
16477079ns          303235 1c0094b0 00379713 slli             x14, x15, 0x3       x14=00000008 x15:00000001
16477099ns          303236 1c0094b4 00279793 slli             x15, x15, 0x2       x15=00000004 x15:00000001
16477119ns          303237 1c0094b6 00d7f7b3 and              x15, x15, x13       x15=00000000 x15:00000004 x13:00001f80
16477139ns          303238 1c0094b8 ee873733 p.bclr           x14, x14, 23, 8     x14=00000008 x14:00000008
16477159ns          303239 1c0094bc 1a10f6b7 lui              x13, 0x1a10f000     x13=1a10f000
16477179ns          303240 1c0094c0 0ff57513 andi             x10, x10, 255       x10=00000020 x10:00000020
16477199ns          303241 1c0094c4 00d70733 add              x14, x14, x13       x14=1a10f008 x14:00000008 x13:1a10f000
16477219ns          303242 1c0094c6 00a7e723 p.sw             x10, x0(x15)        x10:00000020 x15:00000000  PA:1a10f008
16477541ns          303258 1c0094ca 00000513 addi             x10, x0, 0          x10=00000000
16477561ns          303259 1c0094cc 00008067 jalr             x0, x1, 0            x1:1c00959c
16477601ns          303261 1c00959c 31f52563 p.beqimm         x10, 778            x10:00000000
16477621ns          303262 1c0095a0 001d8d93 addi             x27, x27, 1         x27=00000016 x27:00000015
16477641ns          303263 1c0095a2 00044503 lbu              x10, 0(x8)          x10=00000020  x8:1c00010a  PA:1c00010a
16477942ns          303278 1c0095a6 00140413 addi             x8, x8, 1            x8=1c00010b  x8:1c00010a
16477962ns          303279 1c0095a8 fe0514e3 bne              x10, x0, -24        x10:00000020
16478022ns          303282 1c009590 02500793 addi             x15, x0, 37         x15=00000025
16478042ns          303283 1c009594 04f50863 beq              x10, x15, 80        x10:00000020 x15:00000025
16478062ns          303284 1c009598 01a005b3 add              x11, x0, x26        x11=00000002 x26:00000002
16478082ns          303285 1c00959a 000b00e7 jalr             x1, x22, 0           x1=1c00959c x22:1c0094a6
16478122ns          303287 1c0094a6 000026b7 lui              x13, 0x2000         x13=00002000
16478142ns          303288 1c0094a8 f14027f3 csrrs            x15, x0, 0xf14      x15=00000001
16478163ns          303289 1c0094ac f8068693 addi             x13, x13, -128      x13=00001f80 x13:00002000
16478183ns          303290 1c0094b0 00379713 slli             x14, x15, 0x3       x14=00000008 x15:00000001
16478203ns          303291 1c0094b4 00279793 slli             x15, x15, 0x2       x15=00000004 x15:00000001
16478223ns          303292 1c0094b6 00d7f7b3 and              x15, x15, x13       x15=00000000 x15:00000004 x13:00001f80
16478243ns          303293 1c0094b8 ee873733 p.bclr           x14, x14, 23, 8     x14=00000008 x14:00000008
16478263ns          303294 1c0094bc 1a10f6b7 lui              x13, 0x1a10f000     x13=1a10f000
16478283ns          303295 1c0094c0 0ff57513 andi             x10, x10, 255       x10=00000020 x10:00000020
16478303ns          303296 1c0094c4 00d70733 add              x14, x14, x13       x14=1a10f008 x14:00000008 x13:1a10f000
16478323ns          303297 1c0094c6 00a7e723 p.sw             x10, x0(x15)        x10:00000020 x15:00000000  PA:1a10f008
16478664ns          303314 1c0094ca 00000513 addi             x10, x0, 0          x10=00000000
16478684ns          303315 1c0094cc 00008067 jalr             x0, x1, 0            x1:1c00959c
16478724ns          303317 1c00959c 31f52563 p.beqimm         x10, 778            x10:00000000
16478744ns          303318 1c0095a0 001d8d93 addi             x27, x27, 1         x27=00000017 x27:00000016
16478765ns          303319 1c0095a2 00044503 lbu              x10, 0(x8)          x10=00000025  x8:1c00010b  PA:1c00010b
16479066ns          303334 1c0095a6 00140413 addi             x8, x8, 1            x8=1c00010c  x8:1c00010b
16479086ns          303335 1c0095a8 fe0514e3 bne              x10, x0, -24        x10:00000025
16479146ns          303338 1c009590 02500793 addi             x15, x0, 37         x15=00000025
16479166ns          303339 1c009594 04f50863 beq              x10, x15, 80        x10:00000025 x15:00000025
16479266ns          303344 1c0095e4 00044483 lbu              x9, 0(x8)            x9=00000064  x8:1c00010c  PA:1c00010c
16479587ns          303360 1c0095e8 02000693 addi             x13, x0, 32         x13=00000020
16479607ns          303361 1c0095ec 00140a93 addi             x21, x8, 1          x21=1c00010d  x8:1c00010c
16479627ns          303362 1c0095f0 009005b3 add              x11, x0, x9         x11=00000064  x9:00000064
16479647ns          303363 1c0095f2 1ccb8513 addi             x10, x23, 460       x10=1c0001cc x23:1c000000
16479667ns          303364 1c0095f6 00d12823 sw               x13, 16(x2)         x13:00000020  x2:10000cd8  PA:10000ce8
16479688ns          303365 1c0095f8 00012c23 sw               x0, 24(x2)           x2:10000cd8  PA:10000cf0
16479708ns          303366 1c0095fa 00012a23 sw               x0, 20(x2)           x2:10000cd8  PA:10000cec
16479728ns          303367 1c0095fc 00012e23 sw               x0, 28(x2)           x2:10000cd8  PA:10000cf4
16479748ns          303368 1c0095fe 00012623 sw               x0, 12(x2)           x2:10000cd8  PA:10000ce4
16479768ns          303369 1c009600 02300913 addi             x18, x0, 35         x18=00000023
16479788ns          303370 1c009604 02d00a13 addi             x20, x0, 45         x20=0000002d
16479808ns          303371 1c009608 015009b3 add              x19, x0, x21        x19=1c00010d x21:1c00010d
16479828ns          303372 1c00960a e1dff0ef jal              x1, -484             x1=1c00960c
16479989ns          303380 1c009426 00054783 lbu              x15, 0(x10)         x15=0000002d x10:1c0001cc  PA:1c0001cc
16480289ns          303395 1c00942a 0ff5f593 andi             x11, x11, 255       x11=00000064 x11:00000064
16480310ns          303396 1c00942e 00b78c63 beq              x15, x11, 24        x15:0000002d x11:00000064
16480330ns          303397 1c009432 00078b63 beq              x15, x0, 22         x15:0000002d
16480350ns          303398 1c009434 00150793 addi             x15, x10, 1         x15=1c0001cd x10:1c0001cc
16480370ns          303399 1c009438 0040006f jal              x0, 4              
16480470ns          303404 1c00943c 00f00533 add              x10, x0, x15        x10=1c0001cd x15:1c0001cd
16480490ns          303405 1c00943e 0017c70b p.lbu            x14, 1(x15!)        x14=0000002b x15=1c0001ce x15:1c0001cd  PA:1c0001cd
16480811ns          303421 1c009442 feb71ce3 bne              x14, x11, -8        x14:0000002b x11:00000064
16480871ns          303424 1c00943a 00070763 beq              x14, x0, 14         x14:0000002b
16480891ns          303425 1c00943c 00f00533 add              x10, x0, x15        x10=1c0001ce x15:1c0001ce
16480912ns          303426 1c00943e 0017c70b p.lbu            x14, 1(x15!)        x14=00000020 x15=1c0001cf x15:1c0001ce  PA:1c0001ce
16481233ns          303442 1c009442 feb71ce3 bne              x14, x11, -8        x14:00000020 x11:00000064
16481293ns          303445 1c00943a 00070763 beq              x14, x0, 14         x14:00000020
16481313ns          303446 1c00943c 00f00533 add              x10, x0, x15        x10=1c0001cf x15:1c0001cf
16481333ns          303447 1c00943e 0017c70b p.lbu            x14, 1(x15!)        x14=00000023 x15=1c0001d0 x15:1c0001cf  PA:1c0001cf
16481654ns          303463 1c009442 feb71ce3 bne              x14, x11, -8        x14:00000023 x11:00000064
16481714ns          303466 1c00943a 00070763 beq              x14, x0, 14         x14:00000023
16481734ns          303467 1c00943c 00f00533 add              x10, x0, x15        x10=1c0001d0 x15:1c0001d0
16481754ns          303468 1c00943e 0017c70b p.lbu            x14, 1(x15!)        x14=00000030 x15=1c0001d1 x15:1c0001d0  PA:1c0001d0
16482075ns          303484 1c009442 feb71ce3 bne              x14, x11, -8        x14:00000030 x11:00000064
16482136ns          303487 1c00943a 00070763 beq              x14, x0, 14         x14:00000030
16482156ns          303488 1c00943c 00f00533 add              x10, x0, x15        x10=1c0001d1 x15:1c0001d1
16482176ns          303489 1c00943e 0017c70b p.lbu            x14, 1(x15!)        x14=00000000 x15=1c0001d2 x15:1c0001d1  PA:1c0001d1
16482497ns          303505 1c009442 feb71ce3 bne              x14, x11, -8        x14:00000000 x11:00000064
16482557ns          303508 1c00943a 00070763 beq              x14, x0, 14         x14:00000000
16482617ns          303511 1c009448 0015b593 sltiu            x11, x11, 1         x11=00000000 x11:00000064
16482637ns          303512 1c00944c 40b005b3 sub              x11, x0, x11        x11=00000000 x11:00000000
16482657ns          303513 1c009450 00b57533 and              x10, x10, x11       x10=00000000 x10:1c0001d1 x11:00000000
16482677ns          303514 1c009452 00008067 jalr             x0, x1, 0            x1:1c00960c
16482717ns          303516 1c00960c 02050a63 beq              x10, x0, 52         x10:00000000
16482818ns          303521 1c009640 02a00613 addi             x12, x0, 42         x12=0000002a
16482858ns          303523 1c009644 2ac48663 beq              x9, x12, 684         x9:00000064 x12:0000002a
16482878ns          303524 1c009648 fd048613 addi             x12, x9, -48        x12=00000034  x9:00000064
16482898ns          303525 1c00964c 00900593 addi             x11, x0, 9          x11=00000009
16482918ns          303526 1c00964e 00000913 addi             x18, x0, 0          x18=00000000
16482958ns          303528 1c009650 28c5f063 bgeu             x11, x12, 640       x11:00000009 x12:00000034
16482998ns          303530 1c009654 02e00693 addi             x13, x0, 46         x13=0000002e
16483018ns          303531 1c009658 fff00a13 addi             x20, x0, -1         x20=ffffffff
16483038ns          303532 1c00965a 2ed48363 beq              x9, x13, 742         x9:00000064 x13:0000002e
16483099ns          303535 1c00965e 1c0007b7 lui              x15, 0x1c000000     x15=1c000000
16483119ns          303536 1c009662 009005b3 add              x11, x0, x9         x11=00000064  x9:00000064
16483139ns          303537 1c009664 1d478513 addi             x10, x15, 468       x10=1c0001d4 x15:1c000000
16483159ns          303538 1c009668 dbfff0ef jal              x1, -578             x1=1c00966a
16483219ns          303541 1c009426 00054783 lbu              x15, 0(x10)         x15=00000068 x10:1c0001d4  PA:1c0001d4
16483540ns          303557 1c00942a 0ff5f593 andi             x11, x11, 255       x11=00000064 x11:00000064
16483560ns          303558 1c00942e 00b78c63 beq              x15, x11, 24        x15:00000068 x11:00000064
16483580ns          303559 1c009432 00078b63 beq              x15, x0, 22         x15:00000068
16483600ns          303560 1c009434 00150793 addi             x15, x10, 1         x15=1c0001d5 x10:1c0001d4
16483620ns          303561 1c009438 0040006f jal              x0, 4              
16483660ns          303563 1c00943c 00f00533 add              x10, x0, x15        x10=1c0001d5 x15:1c0001d5
16483681ns          303564 1c00943e 0017c70b p.lbu            x14, 1(x15!)        x14=0000006c x15=1c0001d6 x15:1c0001d5  PA:1c0001d5
16484002ns          303580 1c009442 feb71ce3 bne              x14, x11, -8        x14:0000006c x11:00000064
16484062ns          303583 1c00943a 00070763 beq              x14, x0, 14         x14:0000006c
16484082ns          303584 1c00943c 00f00533 add              x10, x0, x15        x10=1c0001d6 x15:1c0001d6
16484102ns          303585 1c00943e 0017c70b p.lbu            x14, 1(x15!)        x14=0000004c x15=1c0001d7 x15:1c0001d6  PA:1c0001d6
16484423ns          303601 1c009442 feb71ce3 bne              x14, x11, -8        x14:0000004c x11:00000064
16484483ns          303604 1c00943a 00070763 beq              x14, x0, 14         x14:0000004c
16484503ns          303605 1c00943c 00f00533 add              x10, x0, x15        x10=1c0001d7 x15:1c0001d7
16484523ns          303606 1c00943e 0017c70b p.lbu            x14, 1(x15!)        x14=0000007a x15=1c0001d8 x15:1c0001d7  PA:1c0001d7
16484844ns          303622 1c009442 feb71ce3 bne              x14, x11, -8        x14:0000007a x11:00000064
16484905ns          303625 1c00943a 00070763 beq              x14, x0, 14         x14:0000007a
16484925ns          303626 1c00943c 00f00533 add              x10, x0, x15        x10=1c0001d8 x15:1c0001d8
16484945ns          303627 1c00943e 0017c70b p.lbu            x14, 1(x15!)        x14=00000000 x15=1c0001d9 x15:1c0001d8  PA:1c0001d8
16485266ns          303643 1c009442 feb71ce3 bne              x14, x11, -8        x14:00000000 x11:00000064
16485326ns          303646 1c00943a 00070763 beq              x14, x0, 14         x14:00000000
16485386ns          303649 1c009448 0015b593 sltiu            x11, x11, 1         x11=00000000 x11:00000064
16485406ns          303650 1c00944c 40b005b3 sub              x11, x0, x11        x11=00000000 x11:00000000
16485426ns          303651 1c009450 00b57533 and              x10, x10, x11       x10=00000000 x10:1c0001d8 x11:00000000
16485446ns          303652 1c009452 00008067 jalr             x0, x1, 0            x1:1c00966a
16485486ns          303654 1c00966a 01300433 add              x8, x0, x19          x8=1c00010d x19:1c00010d
16485506ns          303655 1c00966c 00050563 beq              x10, x0, 10         x10:00000000
16485627ns          303661 1c009676 06700693 addi             x13, x0, 103        x13=00000067
16485647ns          303662 1c00967a 2896d963 bge              x13, x9, 658        x13:00000067  x9:00000064
16485787ns          303669 1c00990c 06500693 addi             x13, x0, 101        x13=00000065
16485868ns          303673 1c009910 12d4d563 bge              x9, x13, 298         x9:00000064 x13:00000065
16485908ns          303675 1c009914 04700693 addi             x13, x0, 71         x13=00000047
16485928ns          303676 1c009918 dc96cbe3 blt              x13, x9, -554       x13:00000047  x9:00000064
16486189ns          303689 1c0096ee 06300693 addi             x13, x0, 99         x13=00000063
16486229ns          303691 1c0096f2 0ad488e3 beq              x9, x13, 2224        x9:00000064 x13:00000063
16486249ns          303692 1c0096f6 0096c9e3 blt              x13, x9, 2066       x13:00000063  x9:00000064
16486409ns          303700 1c009f08 000c2583 lw               x11, 0(x24)         x11=00000001 x24:10000e2c  PA:10000e2c
16486450ns          303702 1c009f0c 004c0c13 addi             x24, x24, 4         x24=10000e30 x24:10000e2c
16486510ns          303705 1c009f0e 3405cc63 blt              x11, x0, 856        x11:00000001
16486530ns          303706 1c009f12 01412603 lw               x12, 20(x2)         x12=00000000  x2:10000cd8  PA:10000cec
16486550ns          303707 1c009f14 00b006b3 add              x13, x0, x11        x13=00000001 x11:00000001
16486570ns          303708 1c009f16 2e061863 bne              x12, x0, 752        x12:00000000
16486590ns          303709 1c009f1a 01812703 lw               x14, 24(x2)         x14=00000000  x2:10000cd8  PA:10000cf0
16486610ns          303710 1c009f1c 019007b3 add              x15, x0, x25        x15=10000cfc x25:10000cfc
16486630ns          303711 1c009f1e 00070763 beq              x14, x0, 14         x14:00000000
16486690ns          303714 1c009f2c 00f00733 add              x14, x0, x15        x14=10000cfc x15:10000cfc
16486710ns          303715 1c009f2e 00a00513 addi             x10, x0, 10         x10=0000000a
16486751ns          303717 1c009f30 02a6f633 remu             x12, x13, x10       x12=00000001 x13:00000001 x10:0000000a
16487393ns          303749 1c009f34 02a6d6b3 divu             x13, x13, x10       x13=00000000 x13:00000001 x10:0000000a
16488015ns          303780 1c009f38 03060613 addi             x12, x12, 48        x12=00000031 x12:00000001
16488035ns          303781 1c009f3c 00c700ab p.sb             x12, 1(x14!)        x14=10000cfd x12:00000031 x14:10000cfc  PA:10000cfc
16488055ns          303782 1c009f40 fe0698e3 bne              x13, x0, -16        x13:00000000
16488075ns          303783 1c009f42 40f706b3 sub              x13, x14, x15       x13=00000001 x14:10000cfd x15:10000cfc
16488095ns          303784 1c009f46 0146dc63 bge              x13, x20, 24        x13:00000001 x20:ffffffff
16488215ns          303790 1c009f5e 00e006b3 add              x13, x0, x14        x13=10000cfd x14:10000cfd
16488276ns          303793 1c009f60 fe068fab p.sb             x0, -1(x13!)        x13=10000cfc x13:10000cfd  PA:10000cfd
16488316ns          303795 1c009f64 00d7fc63 bgeu             x15, x13, 24        x15:10000cfc x13:10000cfc
16488416ns          303800 1c009f7c 01412783 lw               x15, 20(x2)         x15=00000000  x2:10000cd8  PA:10000cec
16488436ns          303801 1c009f7e 01812603 lw               x12, 24(x2)         x12=00000000  x2:10000cd8  PA:10000cf0
16488496ns          303804 1c009f80 419704b3 sub              x9, x14, x25         x9=00000001 x14:10000cfd x25:10000cfc
16488536ns          303806 1c009f84 00c7e7b3 or               x15, x15, x12       x15=00000000 x15:00000000 x12:00000000
16488556ns          303807 1c009f86 00f12623 sw               x15, 12(x2)         x15:00000000  x2:10000cd8  PA:10000ce4
16488576ns          303808 1c009f88 00079363 bne              x15, x0, 6          x15:00000000
16488597ns          303809 1c009f8a 01f5d593 srli             x11, x11, 0x1f      x11=00000000 x11:00000001
16488617ns          303810 1c009f8c 00b12623 sw               x11, 12(x2)         x11:00000000  x2:10000cd8  PA:10000ce4
16488657ns          303812 1c009f8e e3fa28e3 p.beqimm         x20, -464           x20:ffffffff
16488837ns          303821 1c009dbe 0c800793 addi             x15, x0, 200        x15=000000c8
16488877ns          303823 1c009dc2 9e97d0e3 bge              x15, x9, -1568      x15:000000c8  x9:00000001
16489018ns          303830 1c0097a2 0f24d163 bge              x9, x18, 226         x9:00000001 x18:00000000
16489118ns          303835 1c009884 d00482e3 beq              x9, x0, -764         x9:00000001
16489158ns          303837 1c009888 01900933 add              x18, x0, x25        x18=10000cfc x25:10000cfc
16489178ns          303838 1c00988a 419d8db3 sub              x27, x27, x25       x27=effff31b x27:00000017 x25:10000cfc
16489199ns          303839 1c00988e 00a0006f jal              x0, 10             
16489279ns          303843 1c009898 0019450b p.lbu            x10, 1(x18!)        x10=00000031 x18=10000cfd x18:10000cfc  PA:10000cfc
16489299ns          303844 1c00989c 01a005b3 add              x11, x0, x26        x11=00000002 x26:00000002
16489319ns          303845 1c00989e 000b00e7 jalr             x1, x22, 0           x1=1c0098a0 x22:1c0094a6
16489439ns          303851 1c0094a6 000026b7 lui              x13, 0x2000         x13=00002000
16489479ns          303853 1c0094a8 f14027f3 csrrs            x15, x0, 0xf14      x15=00000001
16489499ns          303854 1c0094ac f8068693 addi             x13, x13, -128      x13=00001f80 x13:00002000
16489520ns          303855 1c0094b0 00379713 slli             x14, x15, 0x3       x14=00000008 x15:00000001
16489540ns          303856 1c0094b4 00279793 slli             x15, x15, 0x2       x15=00000004 x15:00000001
16489560ns          303857 1c0094b6 00d7f7b3 and              x15, x15, x13       x15=00000000 x15:00000004 x13:00001f80
16489580ns          303858 1c0094b8 ee873733 p.bclr           x14, x14, 23, 8     x14=00000008 x14:00000008
16489600ns          303859 1c0094bc 1a10f6b7 lui              x13, 0x1a10f000     x13=1a10f000
16489640ns          303861 1c0094c0 0ff57513 andi             x10, x10, 255       x10=00000031 x10:00000031
16489680ns          303863 1c0094c4 00d70733 add              x14, x14, x13       x14=1a10f008 x14:00000008 x13:1a10f000
16489700ns          303864 1c0094c6 00a7e723 p.sw             x10, x0(x15)        x10:00000031 x15:00000000  PA:1a10f008
16490081ns          303883 1c0094ca 00000513 addi             x10, x0, 0          x10=00000000
16490101ns          303884 1c0094cc 00008067 jalr             x0, x1, 0            x1:1c0098a0
16490142ns          303886 1c0098a0 fff48493 addi             x9, x9, -1           x9=00000000  x9:00000001
16490162ns          303887 1c0098a2 fff537e3 p.bneimm         x10, -18            x10:00000000
16490222ns          303890 1c009890 012d8733 add              x14, x27, x18       x14=00000018 x27:effff31b x18:10000cfd
16490242ns          303891 1c009894 5a048b63 beq              x9, x0, 1462         x9:00000000
16490342ns          303896 1c009e4a 00e00db3 add              x27, x0, x14        x27=00000018 x14:00000018
16490382ns          303898 1c009e4c f3cff06f jal              x0, -2244          
16490523ns          303905 1c009588 00044503 lbu              x10, 0(x8)          x10=0000000a  x8:1c00010d  PA:1c00010d
16490844ns          303921 1c00958c 00140413 addi             x8, x8, 1            x8=1c00010e  x8:1c00010d
16490864ns          303922 1c00958e 00050e63 beq              x10, x0, 28         x10:0000000a
16490884ns          303923 1c009590 02500793 addi             x15, x0, 37         x15=00000025
16490904ns          303924 1c009594 04f50863 beq              x10, x15, 80        x10:0000000a x15:00000025
16490924ns          303925 1c009598 01a005b3 add              x11, x0, x26        x11=00000002 x26:00000002
16490944ns          303926 1c00959a 000b00e7 jalr             x1, x22, 0           x1=1c00959c x22:1c0094a6
16491085ns          303933 1c0094a6 000026b7 lui              x13, 0x2000         x13=00002000
16491125ns          303935 1c0094a8 f14027f3 csrrs            x15, x0, 0xf14      x15=00000001
16491145ns          303936 1c0094ac f8068693 addi             x13, x13, -128      x13=00001f80 x13:00002000
16491165ns          303937 1c0094b0 00379713 slli             x14, x15, 0x3       x14=00000008 x15:00000001
16491185ns          303938 1c0094b4 00279793 slli             x15, x15, 0x2       x15=00000004 x15:00000001
16491205ns          303939 1c0094b6 00d7f7b3 and              x15, x15, x13       x15=00000000 x15:00000004 x13:00001f80
16491225ns          303940 1c0094b8 ee873733 p.bclr           x14, x14, 23, 8     x14=00000008 x14:00000008
16491245ns          303941 1c0094bc 1a10f6b7 lui              x13, 0x1a10f000     x13=1a10f000
16491265ns          303942 1c0094c0 0ff57513 andi             x10, x10, 255       x10=0000000a x10:0000000a
16491285ns          303943 1c0094c4 00d70733 add              x14, x14, x13       x14=1a10f008 x14:00000008 x13:1a10f000
16491305ns          303944 1c0094c6 00a7e723 p.sw             x10, x0(x15)        x10:0000000a x15:00000000  PA:1a10f008
16491626ns          303960 1c0094ca 00000513 addi             x10, x0, 0          x10=00000000
16491646ns          303961 1c0094cc 00008067 jalr             x0, x1, 0            x1:1c00959c
16491687ns          303963 1c00959c 31f52563 p.beqimm         x10, 778            x10:00000000
16491707ns          303964 1c0095a0 001d8d93 addi             x27, x27, 1         x27=00000019 x27:00000018
16491727ns          303965 1c0095a2 00044503 lbu              x10, 0(x8)          x10=00000000  x8:1c00010e  PA:1c00010e
16492028ns          303980 1c0095a6 00140413 addi             x8, x8, 1            x8=1c00010f  x8:1c00010e
16492048ns          303981 1c0095a8 fe0514e3 bne              x10, x0, -24        x10:00000000
16492068ns          303982 1c0095aa 01b00433 add              x8, x0, x27          x8=00000019 x27:00000019
16492088ns          303983 1c0095ac 00800533 add              x10, x0, x8         x10=00000019  x8:00000019
16492108ns          303984 1c0095ae 12c12083 lw               x1, 300(x2)          x1=1c00953a  x2:10000cd8  PA:10000e04
16492128ns          303985 1c0095b2 12812403 lw               x8, 296(x2)          x8=421bf5b6  x2:10000cd8  PA:10000e00
16492148ns          303986 1c0095b6 12412483 lw               x9, 292(x2)          x9=0000001c  x2:10000cd8  PA:10000dfc
16492168ns          303987 1c0095ba 12012903 lw               x18, 288(x2)        x18=421bf54d  x2:10000cd8  PA:10000df8
16492228ns          303990 1c0095be 11c12983 lw               x19, 284(x2)        x19=421bf61a  x2:10000cd8  PA:10000df4
16492269ns          303992 1c0095c2 11812a03 lw               x20, 280(x2)        x20=00000004  x2:10000cd8  PA:10000df0
16492289ns          303993 1c0095c6 11412a83 lw               x21, 276(x2)        x21=42286909  x2:10000cd8  PA:10000dec
16492309ns          303994 1c0095ca 11012b03 lw               x22, 272(x2)        x22=xxxxxxxx  x2:10000cd8  PA:10000de8
16492369ns          303997 1c0095ce 10c12b83 lw               x23, 268(x2)        x23=xxxxxxxx  x2:10000cd8  PA:10000de4
16492409ns          303999 1c0095d2 10812c03 lw               x24, 264(x2)        x24=xxxxxxxx  x2:10000cd8  PA:10000de0
16492429ns          304000 1c0095d6 10412c83 lw               x25, 260(x2)        x25=xxxxxxxx  x2:10000cd8  PA:10000ddc
16492449ns          304001 1c0095da 10012d03 lw               x26, 256(x2)        x26=xxxxxxxx  x2:10000cd8  PA:10000dd8
16492469ns          304002 1c0095de 0fc12d83 lw               x27, 252(x2)        x27=xxxxxxxx  x2:10000cd8  PA:10000dd4
16492509ns          304004 1c0095e0 13010113 addi             x2, x2, 304          x2=10000e08  x2:10000cd8
16492529ns          304005 1c0095e2 00008067 jalr             x0, x1, 0            x1:1c00953a
16492610ns          304009 1c00953a 01c12083 lw               x1, 28(x2)           x1=1c008b26  x2:10000e08  PA:10000e24
16492650ns          304011 1c00953c 04010113 addi             x2, x2, 64           x2=10000e48  x2:10000e08
16492670ns          304012 1c00953e 00008067 jalr             x0, x1, 0            x1:1c008b26
16492790ns          304018 1c008b26 00100513 addi             x10, x0, 1          x10=00000001
16492830ns          304020 1c008b28 00154513 xori             x10, x10, 1         x10=00000000 x10:00000001
16492850ns          304021 1c008b2c 0280006f jal              x0, 40             
16492991ns          304028 1c008b54 1ac12083 lw               x1, 428(x2)          x1=1c00a7d8  x2:10000e48  PA:10000ff4
16493031ns          304030 1c008b58 1a812403 lw               x8, 424(x2)          x8=xxxxxxxx  x2:10000e48  PA:10000ff0
16493051ns          304031 1c008b5c 1a412483 lw               x9, 420(x2)          x9=xxxxxxxx  x2:10000e48  PA:10000fec
16493513ns          304054 1c008b60 1a012903 lw               x18, 416(x2)        x18=xxxxxxxx  x2:10000e48  PA:10000fe8
16493553ns          304056 1c008b64 19c12983 lw               x19, 412(x2)        x19=xxxxxxxx  x2:10000e48  PA:10000fe4
16493573ns          304057 1c008b68 19812a03 lw               x20, 408(x2)        x20=xxxxxxxx  x2:10000e48  PA:10000fe0
16493593ns          304058 1c008b6c 19412a83 lw               x21, 404(x2)        x21=xxxxxxxx  x2:10000e48  PA:10000fdc
16494014ns          304079 1c008b70 19012b03 lw               x22, 400(x2)        x22=xxxxxxxx  x2:10000e48  PA:10000fd8
16494054ns          304081 1c008b74 1b010113 addi             x2, x2, 432          x2=10000ff8  x2:10000e48
16494074ns          304082 1c008b76 00008067 jalr             x0, x1, 0            x1:1c00a7d8
16494556ns          304106 1c00a7d8 f14027f3 csrrs            x15, x0, 0xf14      x15=00000001
16494596ns          304108 1c00a7dc f457b7b3 p.bclr           x15, x15, 26, 5     x15=00000001 x15:00000001
16495038ns          304130 1c00a7e0 00079963 bne              x15, x0, 18         x15:00000001
16495579ns          304157 1c00a7f2 002047b7 lui              x15, 0x204000       x15=00204000
16495599ns          304158 1c00a7f6 fff00713 addi             x14, x0, -1         x14=ffffffff
16495619ns          304159 1c00a7f8 00e7a223 sw               x14, 4(x15)         x14:ffffffff x15:00204000  PA:00204004
