                Time          Cycles PC       Instr    Mnemonic
15448154ns          251572 1c008080 0640006f jal              x0, 100            
15448611ns          251595 1c0080e4 f1402573 csrrs            x10, x0, 0xf14      x10=00000002
15448651ns          251597 1c0080e8 01f57593 andi             x11, x10, 31        x11=00000002 x10:00000002
15448671ns          251598 1c0080ec 00555513 srli             x10, x10, 0x5       x10=00000000 x10:00000002
15448691ns          251599 1c0080ee 01f00613 addi             x12, x0, 31         x12=0000001f
15449108ns          251620 1c0080f0 00c50463 beq              x10, x12, 8         x10:00000000 x12:0000001f
15449148ns          251622 1c0080f4 fa1ff06f jal              x0, -96            
15449626ns          251646 1c008094 f3ff8117 auipc            x2, 0xf3ff8000       x2=10000094
15449665ns          251648 1c008098 f7010113 addi             x2, x2, -144         x2=10000004  x2:10000094
15449685ns          251649 1c00809c 00012103 lw               x2, 0(x2)            x2=10000008  x2:10000004  PA:10000004
15450123ns          251671 1c0080a0 000011b7 lui              x3, 0x1000           x3=00001000
15450163ns          251673 1c0080a4 80018193 addi             x3, x3, -2048        x3=00000800  x3:00001000
15450182ns          251674 1c0080a8 00158593 addi             x11, x11, 1         x11=00000003 x11:00000002
15450202ns          251675 1c0080ac 02b180b3 mul              x1, x3, x11          x1=00001800  x3:00000800 x11:00000003
15450640ns          251697 1c0080b0 00110133 add              x2, x2, x1           x2=10001808  x2:10000008  x1:00001800
15450680ns          251699 1c0080b4 6fe0206f jal              x0, 9982           
15451137ns          251722 1c00a7b2 ff010113 addi             x2, x2, -16          x2=100017f8  x2:10001808
15451177ns          251724 1c00a7b4 00112623 sw               x1, 12(x2)           x1:00001800  x2:100017f8  PA:10001804
15451197ns          251725 1c00a7b6 002047b7 lui              x15, 0x204000       x15=00204000
15451217ns          251726 1c00a7ba 00070737 lui              x14, 0x70000        x14=00070000
15451237ns          251727 1c00a7be 00e7a423 sw               x14, 8(x15)         x14:00070000 x15:00204000  PA:00204008
15451654ns          251748 1c00a7c0 00f00713 addi             x14, x0, 15         x14=0000000f
15451694ns          251750 1c00a7c2 20078793 addi             x15, x15, 512       x15=00204200 x15:00204000
15451714ns          251751 1c00a7c6 00e7a023 sw               x14, 0(x15)         x14:0000000f x15:00204200  PA:00204200
15451734ns          251752 1c00a7ca 00e7a623 sw               x14, 12(x15)        x14:0000000f x15:00204200  PA:0020420c
15452191ns          251775 1c00a7ce 1c0017b7 lui              x15, 0x1c001000     x15=1c001000
15452231ns          251777 1c00a7d2 b647a783 lw               x15, -1180(x15)     x15=1c008816 x15:1c001000  PA:1c000b64
15452689ns          251800 1c00a7d6 000780e7 jalr             x1, x15, 0           x1=1c00a7d8 x15:1c008816
15453186ns          251825 1c008816 e5010113 addi             x2, x2, -432         x2=10001648  x2:100017f8
15453226ns          251827 1c008818 1a912223 sw               x9, 420(x2)          x9:xxxxxxxx  x2:10001648  PA:100017ec
15453246ns          251828 1c00881c 1a112623 sw               x1, 428(x2)          x1:1c00a7d8  x2:10001648  PA:100017f4
15453683ns          251850 1c008820 f14024f3 csrrs            x9, x0, 0xf14        x9=00000002
15453723ns          251852 1c008824 1a812423 sw               x8, 424(x2)          x8:xxxxxxxx  x2:10001648  PA:100017f0
15453743ns          251853 1c008828 1b212023 sw               x18, 416(x2)        x18:xxxxxxxx  x2:10001648  PA:100017e8
15453763ns          251854 1c00882c 19312e23 sw               x19, 412(x2)        x19:xxxxxxxx  x2:10001648  PA:100017e4
15454200ns          251876 1c008830 19412c23 sw               x20, 408(x2)        x20:xxxxxxxx  x2:10001648  PA:100017e0
15454240ns          251878 1c008834 19512a23 sw               x21, 404(x2)        x21:xxxxxxxx  x2:10001648  PA:100017dc
15454260ns          251879 1c008838 19612823 sw               x22, 400(x2)        x22:xxxxxxxx  x2:10001648  PA:100017d8
15454280ns          251880 1c00883c ca5497b3 p.extractu       x15, x9, 5, 5       x15=00000000  x9:00000002
15454718ns          251902 1c008840 30079763 bne              x15, x0, 782        x15:00000000
15454757ns          251904 1c008844 f454b4b3 p.bclr           x9, x9, 26, 5        x9=00000002  x9:00000002
15454777ns          251905 1c008848 1c000537 lui              x10, 0x1c000000     x10=1c000000
15454797ns          251906 1c00884c 00900633 add              x12, x0, x9         x12=00000002  x9:00000002
15454817ns          251907 1c00884e 00100593 addi             x11, x0, 1          x11=00000001
15455235ns          251928 1c008850 05c50513 addi             x10, x10, 92        x10=1c00005c x10:1c000000
15455275ns          251930 1c008854 4bf000ef jal              x1, 3262             x1=1c008858
15455732ns          251953 1c009512 fc010113 addi             x2, x2, -64          x2=10001608  x2:10001648
15455772ns          251955 1c009514 02410313 addi             x6, x2, 36           x6=1000162c  x2:10001608
15455792ns          251956 1c009518 02c12423 sw               x12, 40(x2)         x12:00000002  x2:10001608  PA:10001630
15455812ns          251957 1c00951a 00a00633 add              x12, x0, x10        x12=1c00005c x10:1c00005c
15455831ns          251958 1c00951c 1c009537 lui              x10, 0x1c009000     x10=1c009000
15456269ns          251980 1c009520 02b12223 sw               x11, 36(x2)         x11:00000001  x2:10001608  PA:1000162c
15456289ns          251981 1c009522 02d12623 sw               x13, 44(x2)         x13:xxxxxxxx  x2:10001608  PA:10001634
15456309ns          251982 1c009524 00200593 addi             x11, x0, 2          x11=00000002
15456329ns          251983 1c009526 006006b3 add              x13, x0, x6         x13=1000162c  x6:1000162c
15456349ns          251984 1c009528 4a650513 addi             x10, x10, 1190      x10=1c0094a6 x10:1c009000
15456369ns          251985 1c00952c 00112e23 sw               x1, 28(x2)           x1:1c008858  x2:10001608  PA:10001624
15456388ns          251986 1c00952e 02e12823 sw               x14, 48(x2)         x14:0000000f  x2:10001608  PA:10001638
15456786ns          252006 1c009530 02f12a23 sw               x15, 52(x2)         x15:00000000  x2:10001608  PA:1000163c
15456806ns          252007 1c009532 03012c23 sw               x16, 56(x2)         x16:xxxxxxxx  x2:10001608  PA:10001640
15456826ns          252008 1c009534 03112e23 sw               x17, 60(x2)         x17:xxxxxxxx  x2:10001608  PA:10001644
15456846ns          252009 1c009536 00612623 sw               x6, 12(x2)           x6:1000162c  x2:10001608  PA:10001614
15456866ns          252010 1c009538 fbfff0ef jal              x1, -66              x1=1c00953a
15457761ns          252055 1c0094f6 04a0006f jal              x0, 74             
15457801ns          252057 1c009540 ed010113 addi             x2, x2, -304         x2=100014d8  x2:10001608
15457821ns          252058 1c009542 12812423 sw               x8, 296(x2)          x8:xxxxxxxx  x2:100014d8  PA:10001600
15457840ns          252059 1c009546 00000413 addi             x8, x0, 0            x8=00000000
15457860ns          252060 1c009548 11612823 sw               x22, 272(x2)        x22:xxxxxxxx  x2:100014d8  PA:100015e8
15457880ns          252061 1c00954c 11712623 sw               x23, 268(x2)        x23:xxxxxxxx  x2:100014d8  PA:100015e4
15458298ns          252082 1c009550 11812423 sw               x24, 264(x2)        x24:xxxxxxxx  x2:100014d8  PA:100015e0
15458338ns          252084 1c009554 11912223 sw               x25, 260(x2)        x25:xxxxxxxx  x2:100014d8  PA:100015dc
15458358ns          252085 1c009558 11a12023 sw               x26, 256(x2)        x26:xxxxxxxx  x2:100014d8  PA:100015d8
15458377ns          252086 1c00955c 0fb12e23 sw               x27, 252(x2)        x27:xxxxxxxx  x2:100014d8  PA:100015d4
15458835ns          252109 1c00955e 12112623 sw               x1, 300(x2)          x1:1c00953a  x2:100014d8  PA:10001604
15458855ns          252110 1c009562 00800db3 add              x27, x0, x8         x27=00000000  x8:00000000
15458875ns          252111 1c009564 12912223 sw               x9, 292(x2)          x9:00000002  x2:100014d8  PA:100015fc
15458895ns          252112 1c009568 13212023 sw               x18, 288(x2)        x18:xxxxxxxx  x2:100014d8  PA:100015f8
15458915ns          252113 1c00956c 11312e23 sw               x19, 284(x2)        x19:xxxxxxxx  x2:100014d8  PA:100015f4
15459352ns          252135 1c009570 11412c23 sw               x20, 280(x2)        x20:xxxxxxxx  x2:100014d8  PA:100015f0
15459392ns          252137 1c009574 11512a23 sw               x21, 276(x2)        x21:xxxxxxxx  x2:100014d8  PA:100015ec
15459412ns          252138 1c009578 00a00b33 add              x22, x0, x10        x22=1c0094a6 x10:1c0094a6
15459432ns          252139 1c00957a 00b00d33 add              x26, x0, x11        x26=00000002 x11:00000002
15459452ns          252140 1c00957c 00d00c33 add              x24, x0, x13        x24=1000162c x13:1000162c
15459869ns          252161 1c00957e 1c000bb7 lui              x23, 0x1c000000     x23=1c000000
15459909ns          252163 1c009582 02410c93 addi             x25, x2, 36         x25=100014fc  x2:100014d8
15459929ns          252164 1c009586 00c00433 add              x8, x0, x12          x8=1c00005c x12:1c00005c
15459949ns          252165 1c009588 00044503 lbu              x10, 0(x8)          x10=00000073  x8:1c00005c  PA:1c00005c
15460347ns          252185 1c00958c 00140413 addi             x8, x8, 1            x8=1c00005d  x8:1c00005c
15460367ns          252186 1c00958e 00050e63 beq              x10, x0, 28         x10:00000073
15460386ns          252187 1c009590 02500793 addi             x15, x0, 37         x15=00000025
15460426ns          252189 1c009594 04f50863 beq              x10, x15, 80        x10:00000073 x15:00000025
15460446ns          252190 1c009598 01a005b3 add              x11, x0, x26        x11=00000002 x26:00000002
15460466ns          252191 1c00959a 000b00e7 jalr             x1, x22, 0           x1=1c00959c x22:1c0094a6
15461421ns          252239 1c0094a6 000026b7 lui              x13, 0x2000         x13=00002000
15461461ns          252241 1c0094a8 f14027f3 csrrs            x15, x0, 0xf14      x15=00000002
15461480ns          252242 1c0094ac f8068693 addi             x13, x13, -128      x13=00001f80 x13:00002000
15461918ns          252264 1c0094b0 00379713 slli             x14, x15, 0x3       x14=00000010 x15:00000002
15461958ns          252266 1c0094b4 00279793 slli             x15, x15, 0x2       x15=00000008 x15:00000002
15461978ns          252267 1c0094b6 00d7f7b3 and              x15, x15, x13       x15=00000000 x15:00000008 x13:00001f80
15461998ns          252268 1c0094b8 ee873733 p.bclr           x14, x14, 23, 8     x14=00000010 x14:00000010
15462017ns          252269 1c0094bc 1a10f6b7 lui              x13, 0x1a10f000     x13=1a10f000
15462435ns          252290 1c0094c0 0ff57513 andi             x10, x10, 255       x10=00000073 x10:00000073
15462475ns          252292 1c0094c4 00d70733 add              x14, x14, x13       x14=1a10f010 x14:00000010 x13:1a10f000
15462495ns          252293 1c0094c6 00a7e723 p.sw             x10, x0(x15)        x10:00000073 x15:00000000  PA:1a10f010
15462913ns          252314 1c0094ca 00000513 addi             x10, x0, 0          x10=00000000
15462932ns          252315 1c0094cc 00008067 jalr             x0, x1, 0            x1:1c00959c
15463012ns          252319 1c00959c 31f52563 p.beqimm         x10, 778            x10:00000000
15463072ns          252322 1c0095a0 001d8d93 addi             x27, x27, 1         x27=00000001 x27:00000000
15463111ns          252324 1c0095a2 00044503 lbu              x10, 0(x8)          x10=00000074  x8:1c00005d  PA:1c00005d
15463529ns          252345 1c0095a6 00140413 addi             x8, x8, 1            x8=1c00005e  x8:1c00005d
15463549ns          252346 1c0095a8 fe0514e3 bne              x10, x0, -24        x10:00000074
15463649ns          252351 1c009590 02500793 addi             x15, x0, 37         x15=00000025
15463668ns          252352 1c009594 04f50863 beq              x10, x15, 80        x10:00000074 x15:00000025
15463688ns          252353 1c009598 01a005b3 add              x11, x0, x26        x11=00000002 x26:00000002
15463708ns          252354 1c00959a 000b00e7 jalr             x1, x22, 0           x1=1c00959c x22:1c0094a6
15463748ns          252356 1c0094a6 000026b7 lui              x13, 0x2000         x13=00002000
15463768ns          252357 1c0094a8 f14027f3 csrrs            x15, x0, 0xf14      x15=00000002
15463788ns          252358 1c0094ac f8068693 addi             x13, x13, -128      x13=00001f80 x13:00002000
15463808ns          252359 1c0094b0 00379713 slli             x14, x15, 0x3       x14=00000010 x15:00000002
15463828ns          252360 1c0094b4 00279793 slli             x15, x15, 0x2       x15=00000008 x15:00000002
15463847ns          252361 1c0094b6 00d7f7b3 and              x15, x15, x13       x15=00000000 x15:00000008 x13:00001f80
15463867ns          252362 1c0094b8 ee873733 p.bclr           x14, x14, 23, 8     x14=00000010 x14:00000010
15463887ns          252363 1c0094bc 1a10f6b7 lui              x13, 0x1a10f000     x13=1a10f000
15463907ns          252364 1c0094c0 0ff57513 andi             x10, x10, 255       x10=00000074 x10:00000074
15463927ns          252365 1c0094c4 00d70733 add              x14, x14, x13       x14=1a10f010 x14:00000010 x13:1a10f000
15463947ns          252366 1c0094c6 00a7e723 p.sw             x10, x0(x15)        x10:00000074 x15:00000000  PA:1a10f010
15464345ns          252386 1c0094ca 00000513 addi             x10, x0, 0          x10=00000000
15464365ns          252387 1c0094cc 00008067 jalr             x0, x1, 0            x1:1c00959c
15464404ns          252389 1c00959c 31f52563 p.beqimm         x10, 778            x10:00000000
15464424ns          252390 1c0095a0 001d8d93 addi             x27, x27, 1         x27=00000002 x27:00000001
15464444ns          252391 1c0095a2 00044503 lbu              x10, 0(x8)          x10=00000061  x8:1c00005e  PA:1c00005e
15464743ns          252406 1c0095a6 00140413 addi             x8, x8, 1            x8=1c00005f  x8:1c00005e
15464762ns          252407 1c0095a8 fe0514e3 bne              x10, x0, -24        x10:00000061
15464822ns          252410 1c009590 02500793 addi             x15, x0, 37         x15=00000025
15464842ns          252411 1c009594 04f50863 beq              x10, x15, 80        x10:00000061 x15:00000025
15464862ns          252412 1c009598 01a005b3 add              x11, x0, x26        x11=00000002 x26:00000002
15464882ns          252413 1c00959a 000b00e7 jalr             x1, x22, 0           x1=1c00959c x22:1c0094a6
15464922ns          252415 1c0094a6 000026b7 lui              x13, 0x2000         x13=00002000
15464941ns          252416 1c0094a8 f14027f3 csrrs            x15, x0, 0xf14      x15=00000002
15464961ns          252417 1c0094ac f8068693 addi             x13, x13, -128      x13=00001f80 x13:00002000
15464981ns          252418 1c0094b0 00379713 slli             x14, x15, 0x3       x14=00000010 x15:00000002
15465001ns          252419 1c0094b4 00279793 slli             x15, x15, 0x2       x15=00000008 x15:00000002
15465021ns          252420 1c0094b6 00d7f7b3 and              x15, x15, x13       x15=00000000 x15:00000008 x13:00001f80
15465041ns          252421 1c0094b8 ee873733 p.bclr           x14, x14, 23, 8     x14=00000010 x14:00000010
15465061ns          252422 1c0094bc 1a10f6b7 lui              x13, 0x1a10f000     x13=1a10f000
15465081ns          252423 1c0094c0 0ff57513 andi             x10, x10, 255       x10=00000061 x10:00000061
15465101ns          252424 1c0094c4 00d70733 add              x14, x14, x13       x14=1a10f010 x14:00000010 x13:1a10f000
15465120ns          252425 1c0094c6 00a7e723 p.sw             x10, x0(x15)        x10:00000061 x15:00000000  PA:1a10f010
15465459ns          252442 1c0094ca 00000513 addi             x10, x0, 0          x10=00000000
15465478ns          252443 1c0094cc 00008067 jalr             x0, x1, 0            x1:1c00959c
15465518ns          252445 1c00959c 31f52563 p.beqimm         x10, 778            x10:00000000
15465538ns          252446 1c0095a0 001d8d93 addi             x27, x27, 1         x27=00000003 x27:00000002
15465558ns          252447 1c0095a2 00044503 lbu              x10, 0(x8)          x10=00000072  x8:1c00005f  PA:1c00005f
15465856ns          252462 1c0095a6 00140413 addi             x8, x8, 1            x8=1c000060  x8:1c00005f
15465876ns          252463 1c0095a8 fe0514e3 bne              x10, x0, -24        x10:00000072
15465936ns          252466 1c009590 02500793 addi             x15, x0, 37         x15=00000025
15465956ns          252467 1c009594 04f50863 beq              x10, x15, 80        x10:00000072 x15:00000025
15465976ns          252468 1c009598 01a005b3 add              x11, x0, x26        x11=00000002 x26:00000002
15465996ns          252469 1c00959a 000b00e7 jalr             x1, x22, 0           x1=1c00959c x22:1c0094a6
15466035ns          252471 1c0094a6 000026b7 lui              x13, 0x2000         x13=00002000
15466055ns          252472 1c0094a8 f14027f3 csrrs            x15, x0, 0xf14      x15=00000002
15466075ns          252473 1c0094ac f8068693 addi             x13, x13, -128      x13=00001f80 x13:00002000
15466095ns          252474 1c0094b0 00379713 slli             x14, x15, 0x3       x14=00000010 x15:00000002
15466115ns          252475 1c0094b4 00279793 slli             x15, x15, 0x2       x15=00000008 x15:00000002
15466135ns          252476 1c0094b6 00d7f7b3 and              x15, x15, x13       x15=00000000 x15:00000008 x13:00001f80
15466155ns          252477 1c0094b8 ee873733 p.bclr           x14, x14, 23, 8     x14=00000010 x14:00000010
15466175ns          252478 1c0094bc 1a10f6b7 lui              x13, 0x1a10f000     x13=1a10f000
15466195ns          252479 1c0094c0 0ff57513 andi             x10, x10, 255       x10=00000072 x10:00000072
15466214ns          252480 1c0094c4 00d70733 add              x14, x14, x13       x14=1a10f010 x14:00000010 x13:1a10f000
15466234ns          252481 1c0094c6 00a7e723 p.sw             x10, x0(x15)        x10:00000072 x15:00000000  PA:1a10f010
15466553ns          252497 1c0094ca 00000513 addi             x10, x0, 0          x10=00000000
15466572ns          252498 1c0094cc 00008067 jalr             x0, x1, 0            x1:1c00959c
15466612ns          252500 1c00959c 31f52563 p.beqimm         x10, 778            x10:00000000
15466632ns          252501 1c0095a0 001d8d93 addi             x27, x27, 1         x27=00000004 x27:00000003
15466652ns          252502 1c0095a2 00044503 lbu              x10, 0(x8)          x10=00000074  x8:1c000060  PA:1c000060
15466950ns          252517 1c0095a6 00140413 addi             x8, x8, 1            x8=1c000061  x8:1c000060
15466970ns          252518 1c0095a8 fe0514e3 bne              x10, x0, -24        x10:00000074
15467030ns          252521 1c009590 02500793 addi             x15, x0, 37         x15=00000025
15467050ns          252522 1c009594 04f50863 beq              x10, x15, 80        x10:00000074 x15:00000025
15467070ns          252523 1c009598 01a005b3 add              x11, x0, x26        x11=00000002 x26:00000002
15467090ns          252524 1c00959a 000b00e7 jalr             x1, x22, 0           x1=1c00959c x22:1c0094a6
15467129ns          252526 1c0094a6 000026b7 lui              x13, 0x2000         x13=00002000
15467149ns          252527 1c0094a8 f14027f3 csrrs            x15, x0, 0xf14      x15=00000002
15467169ns          252528 1c0094ac f8068693 addi             x13, x13, -128      x13=00001f80 x13:00002000
15467189ns          252529 1c0094b0 00379713 slli             x14, x15, 0x3       x14=00000010 x15:00000002
15467209ns          252530 1c0094b4 00279793 slli             x15, x15, 0x2       x15=00000008 x15:00000002
15467229ns          252531 1c0094b6 00d7f7b3 and              x15, x15, x13       x15=00000000 x15:00000008 x13:00001f80
15467249ns          252532 1c0094b8 ee873733 p.bclr           x14, x14, 23, 8     x14=00000010 x14:00000010
15467269ns          252533 1c0094bc 1a10f6b7 lui              x13, 0x1a10f000     x13=1a10f000
15467289ns          252534 1c0094c0 0ff57513 andi             x10, x10, 255       x10=00000074 x10:00000074
15467308ns          252535 1c0094c4 00d70733 add              x14, x14, x13       x14=1a10f010 x14:00000010 x13:1a10f000
15467328ns          252536 1c0094c6 00a7e723 p.sw             x10, x0(x15)        x10:00000074 x15:00000000  PA:1a10f010
15467647ns          252552 1c0094ca 00000513 addi             x10, x0, 0          x10=00000000
15467666ns          252553 1c0094cc 00008067 jalr             x0, x1, 0            x1:1c00959c
15467706ns          252555 1c00959c 31f52563 p.beqimm         x10, 778            x10:00000000
15467726ns          252556 1c0095a0 001d8d93 addi             x27, x27, 1         x27=00000005 x27:00000004
15467746ns          252557 1c0095a2 00044503 lbu              x10, 0(x8)          x10=00000069  x8:1c000061  PA:1c000061
15468064ns          252573 1c0095a6 00140413 addi             x8, x8, 1            x8=1c000062  x8:1c000061
15468084ns          252574 1c0095a8 fe0514e3 bne              x10, x0, -24        x10:00000069
15468144ns          252577 1c009590 02500793 addi             x15, x0, 37         x15=00000025
15468164ns          252578 1c009594 04f50863 beq              x10, x15, 80        x10:00000069 x15:00000025
15468184ns          252579 1c009598 01a005b3 add              x11, x0, x26        x11=00000002 x26:00000002
15468204ns          252580 1c00959a 000b00e7 jalr             x1, x22, 0           x1=1c00959c x22:1c0094a6
15468243ns          252582 1c0094a6 000026b7 lui              x13, 0x2000         x13=00002000
15468263ns          252583 1c0094a8 f14027f3 csrrs            x15, x0, 0xf14      x15=00000002
15468283ns          252584 1c0094ac f8068693 addi             x13, x13, -128      x13=00001f80 x13:00002000
15468303ns          252585 1c0094b0 00379713 slli             x14, x15, 0x3       x14=00000010 x15:00000002
15468323ns          252586 1c0094b4 00279793 slli             x15, x15, 0x2       x15=00000008 x15:00000002
15468343ns          252587 1c0094b6 00d7f7b3 and              x15, x15, x13       x15=00000000 x15:00000008 x13:00001f80
15468363ns          252588 1c0094b8 ee873733 p.bclr           x14, x14, 23, 8     x14=00000010 x14:00000010
15468383ns          252589 1c0094bc 1a10f6b7 lui              x13, 0x1a10f000     x13=1a10f000
15468402ns          252590 1c0094c0 0ff57513 andi             x10, x10, 255       x10=00000069 x10:00000069
15468422ns          252591 1c0094c4 00d70733 add              x14, x14, x13       x14=1a10f010 x14:00000010 x13:1a10f000
15468442ns          252592 1c0094c6 00a7e723 p.sw             x10, x0(x15)        x10:00000069 x15:00000000  PA:1a10f010
15468760ns          252608 1c0094ca 00000513 addi             x10, x0, 0          x10=00000000
15468780ns          252609 1c0094cc 00008067 jalr             x0, x1, 0            x1:1c00959c
15468820ns          252611 1c00959c 31f52563 p.beqimm         x10, 778            x10:00000000
15468840ns          252612 1c0095a0 001d8d93 addi             x27, x27, 1         x27=00000006 x27:00000005
15468860ns          252613 1c0095a2 00044503 lbu              x10, 0(x8)          x10=0000006e  x8:1c000062  PA:1c000062
15469158ns          252628 1c0095a6 00140413 addi             x8, x8, 1            x8=1c000063  x8:1c000062
15469178ns          252629 1c0095a8 fe0514e3 bne              x10, x0, -24        x10:0000006e
15469238ns          252632 1c009590 02500793 addi             x15, x0, 37         x15=00000025
15469258ns          252633 1c009594 04f50863 beq              x10, x15, 80        x10:0000006e x15:00000025
15469278ns          252634 1c009598 01a005b3 add              x11, x0, x26        x11=00000002 x26:00000002
15469297ns          252635 1c00959a 000b00e7 jalr             x1, x22, 0           x1=1c00959c x22:1c0094a6
15469337ns          252637 1c0094a6 000026b7 lui              x13, 0x2000         x13=00002000
15469357ns          252638 1c0094a8 f14027f3 csrrs            x15, x0, 0xf14      x15=00000002
15469377ns          252639 1c0094ac f8068693 addi             x13, x13, -128      x13=00001f80 x13:00002000
15469397ns          252640 1c0094b0 00379713 slli             x14, x15, 0x3       x14=00000010 x15:00000002
15469417ns          252641 1c0094b4 00279793 slli             x15, x15, 0x2       x15=00000008 x15:00000002
15469437ns          252642 1c0094b6 00d7f7b3 and              x15, x15, x13       x15=00000000 x15:00000008 x13:00001f80
15469457ns          252643 1c0094b8 ee873733 p.bclr           x14, x14, 23, 8     x14=00000010 x14:00000010
15469477ns          252644 1c0094bc 1a10f6b7 lui              x13, 0x1a10f000     x13=1a10f000
15469496ns          252645 1c0094c0 0ff57513 andi             x10, x10, 255       x10=0000006e x10:0000006e
15469516ns          252646 1c0094c4 00d70733 add              x14, x14, x13       x14=1a10f010 x14:00000010 x13:1a10f000
15469536ns          252647 1c0094c6 00a7e723 p.sw             x10, x0(x15)        x10:0000006e x15:00000000  PA:1a10f010
15469854ns          252663 1c0094ca 00000513 addi             x10, x0, 0          x10=00000000
15469874ns          252664 1c0094cc 00008067 jalr             x0, x1, 0            x1:1c00959c
15469914ns          252666 1c00959c 31f52563 p.beqimm         x10, 778            x10:00000000
15469934ns          252667 1c0095a0 001d8d93 addi             x27, x27, 1         x27=00000007 x27:00000006
15469954ns          252668 1c0095a2 00044503 lbu              x10, 0(x8)          x10=00000067  x8:1c000063  PA:1c000063
15470252ns          252683 1c0095a6 00140413 addi             x8, x8, 1            x8=1c000064  x8:1c000063
15470272ns          252684 1c0095a8 fe0514e3 bne              x10, x0, -24        x10:00000067
15470332ns          252687 1c009590 02500793 addi             x15, x0, 37         x15=00000025
15470352ns          252688 1c009594 04f50863 beq              x10, x15, 80        x10:00000067 x15:00000025
15470372ns          252689 1c009598 01a005b3 add              x11, x0, x26        x11=00000002 x26:00000002
15470391ns          252690 1c00959a 000b00e7 jalr             x1, x22, 0           x1=1c00959c x22:1c0094a6
15470431ns          252692 1c0094a6 000026b7 lui              x13, 0x2000         x13=00002000
15470451ns          252693 1c0094a8 f14027f3 csrrs            x15, x0, 0xf14      x15=00000002
15470471ns          252694 1c0094ac f8068693 addi             x13, x13, -128      x13=00001f80 x13:00002000
15470491ns          252695 1c0094b0 00379713 slli             x14, x15, 0x3       x14=00000010 x15:00000002
15470511ns          252696 1c0094b4 00279793 slli             x15, x15, 0x2       x15=00000008 x15:00000002
15470531ns          252697 1c0094b6 00d7f7b3 and              x15, x15, x13       x15=00000000 x15:00000008 x13:00001f80
15470551ns          252698 1c0094b8 ee873733 p.bclr           x14, x14, 23, 8     x14=00000010 x14:00000010
15470571ns          252699 1c0094bc 1a10f6b7 lui              x13, 0x1a10f000     x13=1a10f000
15470590ns          252700 1c0094c0 0ff57513 andi             x10, x10, 255       x10=00000067 x10:00000067
15470610ns          252701 1c0094c4 00d70733 add              x14, x14, x13       x14=1a10f010 x14:00000010 x13:1a10f000
15470630ns          252702 1c0094c6 00a7e723 p.sw             x10, x0(x15)        x10:00000067 x15:00000000  PA:1a10f010
15470948ns          252718 1c0094ca 00000513 addi             x10, x0, 0          x10=00000000
15470968ns          252719 1c0094cc 00008067 jalr             x0, x1, 0            x1:1c00959c
15471008ns          252721 1c00959c 31f52563 p.beqimm         x10, 778            x10:00000000
15471028ns          252722 1c0095a0 001d8d93 addi             x27, x27, 1         x27=00000008 x27:00000007
15471048ns          252723 1c0095a2 00044503 lbu              x10, 0(x8)          x10=00000020  x8:1c000064  PA:1c000064
15471346ns          252738 1c0095a6 00140413 addi             x8, x8, 1            x8=1c000065  x8:1c000064
15471366ns          252739 1c0095a8 fe0514e3 bne              x10, x0, -24        x10:00000020
15471426ns          252742 1c009590 02500793 addi             x15, x0, 37         x15=00000025
15471446ns          252743 1c009594 04f50863 beq              x10, x15, 80        x10:00000020 x15:00000025
15471466ns          252744 1c009598 01a005b3 add              x11, x0, x26        x11=00000002 x26:00000002
15471485ns          252745 1c00959a 000b00e7 jalr             x1, x22, 0           x1=1c00959c x22:1c0094a6
15471525ns          252747 1c0094a6 000026b7 lui              x13, 0x2000         x13=00002000
15471545ns          252748 1c0094a8 f14027f3 csrrs            x15, x0, 0xf14      x15=00000002
15471565ns          252749 1c0094ac f8068693 addi             x13, x13, -128      x13=00001f80 x13:00002000
15471585ns          252750 1c0094b0 00379713 slli             x14, x15, 0x3       x14=00000010 x15:00000002
15471605ns          252751 1c0094b4 00279793 slli             x15, x15, 0x2       x15=00000008 x15:00000002
15471625ns          252752 1c0094b6 00d7f7b3 and              x15, x15, x13       x15=00000000 x15:00000008 x13:00001f80
15471645ns          252753 1c0094b8 ee873733 p.bclr           x14, x14, 23, 8     x14=00000010 x14:00000010
15471664ns          252754 1c0094bc 1a10f6b7 lui              x13, 0x1a10f000     x13=1a10f000
15471684ns          252755 1c0094c0 0ff57513 andi             x10, x10, 255       x10=00000020 x10:00000020
15471704ns          252756 1c0094c4 00d70733 add              x14, x14, x13       x14=1a10f010 x14:00000010 x13:1a10f000
15471724ns          252757 1c0094c6 00a7e723 p.sw             x10, x0(x15)        x10:00000020 x15:00000000  PA:1a10f010
15472062ns          252774 1c0094ca 00000513 addi             x10, x0, 0          x10=00000000
15472082ns          252775 1c0094cc 00008067 jalr             x0, x1, 0            x1:1c00959c
15472122ns          252777 1c00959c 31f52563 p.beqimm         x10, 778            x10:00000000
15472142ns          252778 1c0095a0 001d8d93 addi             x27, x27, 1         x27=00000009 x27:00000008
15472162ns          252779 1c0095a2 00044503 lbu              x10, 0(x8)          x10=00000025  x8:1c000065  PA:1c000065
15472460ns          252794 1c0095a6 00140413 addi             x8, x8, 1            x8=1c000066  x8:1c000065
15472480ns          252795 1c0095a8 fe0514e3 bne              x10, x0, -24        x10:00000025
15472540ns          252798 1c009590 02500793 addi             x15, x0, 37         x15=00000025
15472560ns          252799 1c009594 04f50863 beq              x10, x15, 80        x10:00000025 x15:00000025
15472938ns          252818 1c0095e4 00044483 lbu              x9, 0(x8)            x9=00000064  x8:1c000066  PA:1c000066
15473415ns          252842 1c0095e8 02000693 addi             x13, x0, 32         x13=00000020
15473435ns          252843 1c0095ec 00140a93 addi             x21, x8, 1          x21=1c000067  x8:1c000066
15473475ns          252845 1c0095f0 009005b3 add              x11, x0, x9         x11=00000064  x9:00000064
15473514ns          252847 1c0095f2 1ccb8513 addi             x10, x23, 460       x10=1c0001cc x23:1c000000
15473534ns          252848 1c0095f6 00d12823 sw               x13, 16(x2)         x13:00000020  x2:100014d8  PA:100014e8
15473554ns          252849 1c0095f8 00012c23 sw               x0, 24(x2)           x2:100014d8  PA:100014f0
15473574ns          252850 1c0095fa 00012a23 sw               x0, 20(x2)           x2:100014d8  PA:100014ec
15473594ns          252851 1c0095fc 00012e23 sw               x0, 28(x2)           x2:100014d8  PA:100014f4
15473614ns          252852 1c0095fe 00012623 sw               x0, 12(x2)           x2:100014d8  PA:100014e4
15473992ns          252871 1c009600 02300913 addi             x18, x0, 35         x18=00000023
15474031ns          252873 1c009604 02d00a13 addi             x20, x0, 45         x20=0000002d
15474051ns          252874 1c009608 015009b3 add              x19, x0, x21        x19=1c000067 x21:1c000067
15474071ns          252875 1c00960a e1dff0ef jal              x1, -484             x1=1c00960c
15475006ns          252922 1c009426 00054783 lbu              x15, 0(x10)         x15=0000002d x10:1c0001cc  PA:1c0001cc
15475444ns          252944 1c00942a 0ff5f593 andi             x11, x11, 255       x11=00000064 x11:00000064
15475464ns          252945 1c00942e 00b78c63 beq              x15, x11, 24        x15:0000002d x11:00000064
15475484ns          252946 1c009432 00078b63 beq              x15, x0, 22         x15:0000002d
15475503ns          252947 1c009434 00150793 addi             x15, x10, 1         x15=1c0001cd x10:1c0001cc
15475523ns          252948 1c009438 0040006f jal              x0, 4              
15475563ns          252950 1c00943c 00f00533 add              x10, x0, x15        x10=1c0001cd x15:1c0001cd
15476001ns          252972 1c00943e 0017c70b p.lbu            x14, 1(x15!)        x14=0000002b x15=1c0001ce x15:1c0001cd  PA:1c0001cd
15476319ns          252988 1c009442 feb71ce3 bne              x14, x11, -8        x14:0000002b x11:00000064
15476379ns          252991 1c00943a 00070763 beq              x14, x0, 14         x14:0000002b
15476398ns          252992 1c00943c 00f00533 add              x10, x0, x15        x10=1c0001ce x15:1c0001ce
15476418ns          252993 1c00943e 0017c70b p.lbu            x14, 1(x15!)        x14=00000020 x15=1c0001cf x15:1c0001ce  PA:1c0001ce
15476737ns          253009 1c009442 feb71ce3 bne              x14, x11, -8        x14:00000020 x11:00000064
15476796ns          253012 1c00943a 00070763 beq              x14, x0, 14         x14:00000020
15476816ns          253013 1c00943c 00f00533 add              x10, x0, x15        x10=1c0001cf x15:1c0001cf
15476836ns          253014 1c00943e 0017c70b p.lbu            x14, 1(x15!)        x14=00000023 x15=1c0001d0 x15:1c0001cf  PA:1c0001cf
15477154ns          253030 1c009442 feb71ce3 bne              x14, x11, -8        x14:00000023 x11:00000064
15477214ns          253033 1c00943a 00070763 beq              x14, x0, 14         x14:00000023
15477234ns          253034 1c00943c 00f00533 add              x10, x0, x15        x10=1c0001d0 x15:1c0001d0
15477254ns          253035 1c00943e 0017c70b p.lbu            x14, 1(x15!)        x14=00000030 x15=1c0001d1 x15:1c0001d0  PA:1c0001d0
15477612ns          253053 1c009442 feb71ce3 bne              x14, x11, -8        x14:00000030 x11:00000064
15477672ns          253056 1c00943a 00070763 beq              x14, x0, 14         x14:00000030
15477691ns          253057 1c00943c 00f00533 add              x10, x0, x15        x10=1c0001d1 x15:1c0001d1
15477711ns          253058 1c00943e 0017c70b p.lbu            x14, 1(x15!)        x14=00000000 x15=1c0001d2 x15:1c0001d1  PA:1c0001d1
15478030ns          253074 1c009442 feb71ce3 bne              x14, x11, -8        x14:00000000 x11:00000064
15478089ns          253077 1c00943a 00070763 beq              x14, x0, 14         x14:00000000
15478149ns          253080 1c009448 0015b593 sltiu            x11, x11, 1         x11=00000000 x11:00000064
15478169ns          253081 1c00944c 40b005b3 sub              x11, x0, x11        x11=00000000 x11:00000000
15478189ns          253082 1c009450 00b57533 and              x10, x10, x11       x10=00000000 x10:1c0001d1 x11:00000000
15478209ns          253083 1c009452 00008067 jalr             x0, x1, 0            x1:1c00960c
15478248ns          253085 1c00960c 02050a63 beq              x10, x0, 52         x10:00000000
15478706ns          253108 1c009640 02a00613 addi             x12, x0, 42         x12=0000002a
15478746ns          253110 1c009644 2ac48663 beq              x9, x12, 684         x9:00000064 x12:0000002a
15478765ns          253111 1c009648 fd048613 addi             x12, x9, -48        x12=00000034  x9:00000064
15478785ns          253112 1c00964c 00900593 addi             x11, x0, 9          x11=00000009
15478805ns          253113 1c00964e 00000913 addi             x18, x0, 0          x18=00000000
15479223ns          253134 1c009650 28c5f063 bgeu             x11, x12, 640       x11:00000009 x12:00000034
15479263ns          253136 1c009654 02e00693 addi             x13, x0, 46         x13=0000002e
15479283ns          253137 1c009658 fff00a13 addi             x20, x0, -1         x20=ffffffff
15479303ns          253138 1c00965a 2ed48363 beq              x9, x13, 742         x9:00000064 x13:0000002e
15479740ns          253160 1c00965e 1c0007b7 lui              x15, 0x1c000000     x15=1c000000
15479760ns          253161 1c009662 009005b3 add              x11, x0, x9         x11=00000064  x9:00000064
15479780ns          253162 1c009664 1d478513 addi             x10, x15, 468       x10=1c0001d4 x15:1c000000
15479800ns          253163 1c009668 dbfff0ef jal              x1, -578             x1=1c00966a
15479859ns          253166 1c009426 00054783 lbu              x15, 0(x10)         x15=00000068 x10:1c0001d4  PA:1c0001d4
15480158ns          253181 1c00942a 0ff5f593 andi             x11, x11, 255       x11=00000064 x11:00000064
15480178ns          253182 1c00942e 00b78c63 beq              x15, x11, 24        x15:00000068 x11:00000064
15480198ns          253183 1c009432 00078b63 beq              x15, x0, 22         x15:00000068
15480218ns          253184 1c009434 00150793 addi             x15, x10, 1         x15=1c0001d5 x10:1c0001d4
15480237ns          253185 1c009438 0040006f jal              x0, 4              
15480277ns          253187 1c00943c 00f00533 add              x10, x0, x15        x10=1c0001d5 x15:1c0001d5
15480297ns          253188 1c00943e 0017c70b p.lbu            x14, 1(x15!)        x14=0000006c x15=1c0001d6 x15:1c0001d5  PA:1c0001d5
15480615ns          253204 1c009442 feb71ce3 bne              x14, x11, -8        x14:0000006c x11:00000064
15480675ns          253207 1c00943a 00070763 beq              x14, x0, 14         x14:0000006c
15480695ns          253208 1c00943c 00f00533 add              x10, x0, x15        x10=1c0001d6 x15:1c0001d6
15480715ns          253209 1c00943e 0017c70b p.lbu            x14, 1(x15!)        x14=0000004c x15=1c0001d7 x15:1c0001d6  PA:1c0001d6
15481073ns          253227 1c009442 feb71ce3 bne              x14, x11, -8        x14:0000004c x11:00000064
15481132ns          253230 1c00943a 00070763 beq              x14, x0, 14         x14:0000004c
15481152ns          253231 1c00943c 00f00533 add              x10, x0, x15        x10=1c0001d7 x15:1c0001d7
15481172ns          253232 1c00943e 0017c70b p.lbu            x14, 1(x15!)        x14=0000007a x15=1c0001d8 x15:1c0001d7  PA:1c0001d7
15481491ns          253248 1c009442 feb71ce3 bne              x14, x11, -8        x14:0000007a x11:00000064
15481550ns          253251 1c00943a 00070763 beq              x14, x0, 14         x14:0000007a
15481570ns          253252 1c00943c 00f00533 add              x10, x0, x15        x10=1c0001d8 x15:1c0001d8
15481590ns          253253 1c00943e 0017c70b p.lbu            x14, 1(x15!)        x14=00000000 x15=1c0001d9 x15:1c0001d8  PA:1c0001d8
15481908ns          253269 1c009442 feb71ce3 bne              x14, x11, -8        x14:00000000 x11:00000064
15481968ns          253272 1c00943a 00070763 beq              x14, x0, 14         x14:00000000
15482028ns          253275 1c009448 0015b593 sltiu            x11, x11, 1         x11=00000000 x11:00000064
15482047ns          253276 1c00944c 40b005b3 sub              x11, x0, x11        x11=00000000 x11:00000000
15482067ns          253277 1c009450 00b57533 and              x10, x10, x11       x10=00000000 x10:1c0001d8 x11:00000000
15482087ns          253278 1c009452 00008067 jalr             x0, x1, 0            x1:1c00966a
15482127ns          253280 1c00966a 01300433 add              x8, x0, x19          x8=1c000067 x19:1c000067
15482147ns          253281 1c00966c 00050563 beq              x10, x0, 10         x10:00000000
15482644ns          253306 1c009676 06700693 addi             x13, x0, 103        x13=00000067
15482664ns          253307 1c00967a 2896d963 bge              x13, x9, 658        x13:00000067  x9:00000064
15483599ns          253354 1c00990c 06500693 addi             x13, x0, 101        x13=00000065
15484076ns          253378 1c009910 12d4d563 bge              x9, x13, 298         x9:00000064 x13:00000065
15484116ns          253380 1c009914 04700693 addi             x13, x0, 71         x13=00000047
15484136ns          253381 1c009918 dc96cbe3 blt              x13, x9, -554       x13:00000047  x9:00000064
15485568ns          253453 1c0096ee 06300693 addi             x13, x0, 99         x13=00000063
15485608ns          253455 1c0096f2 0ad488e3 beq              x9, x13, 2224        x9:00000064 x13:00000063
15485628ns          253456 1c0096f6 0096c9e3 blt              x13, x9, 2066       x13:00000063  x9:00000064
15486583ns          253504 1c009f08 000c2583 lw               x11, 0(x24)         x11=00000001 x24:1000162c  PA:1000162c
15486622ns          253506 1c009f0c 004c0c13 addi             x24, x24, 4         x24=10001630 x24:1000162c
15487060ns          253528 1c009f0e 3405cc63 blt              x11, x0, 856        x11:00000001
15487080ns          253529 1c009f12 01412603 lw               x12, 20(x2)         x12=00000000  x2:100014d8  PA:100014ec
15487100ns          253530 1c009f14 00b006b3 add              x13, x0, x11        x13=00000001 x11:00000001
15487120ns          253531 1c009f16 2e061863 bne              x12, x0, 752        x12:00000000
15487140ns          253532 1c009f1a 01812703 lw               x14, 24(x2)         x14=00000000  x2:100014d8  PA:100014f0
15487159ns          253533 1c009f1c 019007b3 add              x15, x0, x25        x15=100014fc x25:100014fc
15487179ns          253534 1c009f1e 00070763 beq              x14, x0, 14         x14:00000000
15487617ns          253556 1c009f2c 00f00733 add              x14, x0, x15        x14=100014fc x15:100014fc
15487637ns          253557 1c009f2e 00a00513 addi             x10, x0, 10         x10=0000000a
15488074ns          253579 1c009f30 02a6f633 remu             x12, x13, x10       x12=00000001 x13:00000001 x10:0000000a
15488711ns          253611 1c009f34 02a6d6b3 divu             x13, x13, x10       x13=00000000 x13:00000001 x10:0000000a
15489327ns          253642 1c009f38 03060613 addi             x12, x12, 48        x12=00000031 x12:00000001
15489347ns          253643 1c009f3c 00c700ab p.sb             x12, 1(x14!)        x14=100014fd x12:00000031 x14:100014fc  PA:100014fc
15489367ns          253644 1c009f40 fe0698e3 bne              x13, x0, -16        x13:00000000
15489387ns          253645 1c009f42 40f706b3 sub              x13, x14, x15       x13=00000001 x14:100014fd x15:100014fc
15489407ns          253646 1c009f46 0146dc63 bge              x13, x20, 24        x13:00000001 x20:ffffffff
15489904ns          253671 1c009f5e 00e006b3 add              x13, x0, x14        x13=100014fd x14:100014fd
15490342ns          253693 1c009f60 fe068fab p.sb             x0, -1(x13!)        x13=100014fc x13:100014fd  PA:100014fd
15490382ns          253695 1c009f64 00d7fc63 bgeu             x15, x13, 24        x15:100014fc x13:100014fc
15490879ns          253720 1c009f7c 01412783 lw               x15, 20(x2)         x15=00000000  x2:100014d8  PA:100014ec
15490899ns          253721 1c009f7e 01812603 lw               x12, 24(x2)         x12=00000000  x2:100014d8  PA:100014f0
15491336ns          253743 1c009f80 419704b3 sub              x9, x14, x25         x9=00000001 x14:100014fd x25:100014fc
15491376ns          253745 1c009f84 00c7e7b3 or               x15, x15, x12       x15=00000000 x15:00000000 x12:00000000
15491396ns          253746 1c009f86 00f12623 sw               x15, 12(x2)         x15:00000000  x2:100014d8  PA:100014e4
15491416ns          253747 1c009f88 00079363 bne              x15, x0, 6          x15:00000000
15491436ns          253748 1c009f8a 01f5d593 srli             x11, x11, 0x1f      x11=00000000 x11:00000001
15491456ns          253749 1c009f8c 00b12623 sw               x11, 12(x2)         x11:00000000  x2:100014d8  PA:100014e4
15491854ns          253769 1c009f8e e3fa28e3 p.beqimm         x20, -464           x20:ffffffff
15492788ns          253816 1c009dbe 0c800793 addi             x15, x0, 200        x15=000000c8
15492828ns          253818 1c009dc2 9e97d0e3 bge              x15, x9, -1568      x15:000000c8  x9:00000001
15493345ns          253844 1c0097a2 0f24d163 bge              x9, x18, 226         x9:00000001 x18:00000000
15493823ns          253868 1c009884 d00482e3 beq              x9, x0, -764         x9:00000001
15493863ns          253870 1c009888 01900933 add              x18, x0, x25        x18=100014fc x25:100014fc
15493882ns          253871 1c00988a 419d8db3 sub              x27, x27, x25       x27=efffeb0d x27:00000009 x25:100014fc
15493902ns          253872 1c00988e 00a0006f jal              x0, 10             
15494360ns          253895 1c009898 0019450b p.lbu            x10, 1(x18!)        x10=00000031 x18=100014fd x18:100014fc  PA:100014fc
15494380ns          253896 1c00989c 01a005b3 add              x11, x0, x26        x11=00000002 x26:00000002
15494400ns          253897 1c00989e 000b00e7 jalr             x1, x22, 0           x1=1c0098a0 x22:1c0094a6
15494917ns          253923 1c0094a6 000026b7 lui              x13, 0x2000         x13=00002000
15494957ns          253925 1c0094a8 f14027f3 csrrs            x15, x0, 0xf14      x15=00000002
15494976ns          253926 1c0094ac f8068693 addi             x13, x13, -128      x13=00001f80 x13:00002000
15494996ns          253927 1c0094b0 00379713 slli             x14, x15, 0x3       x14=00000010 x15:00000002
15495016ns          253928 1c0094b4 00279793 slli             x15, x15, 0x2       x15=00000008 x15:00000002
15495036ns          253929 1c0094b6 00d7f7b3 and              x15, x15, x13       x15=00000000 x15:00000008 x13:00001f80
15495056ns          253930 1c0094b8 ee873733 p.bclr           x14, x14, 23, 8     x14=00000010 x14:00000010
15495076ns          253931 1c0094bc 1a10f6b7 lui              x13, 0x1a10f000     x13=1a10f000
15495096ns          253932 1c0094c0 0ff57513 andi             x10, x10, 255       x10=00000031 x10:00000031
15495116ns          253933 1c0094c4 00d70733 add              x14, x14, x13       x14=1a10f010 x14:00000010 x13:1a10f000
15495136ns          253934 1c0094c6 00a7e723 p.sw             x10, x0(x15)        x10:00000031 x15:00000000  PA:1a10f010
15495573ns          253956 1c0094ca 00000513 addi             x10, x0, 0          x10=00000000
15495593ns          253957 1c0094cc 00008067 jalr             x0, x1, 0            x1:1c0098a0
15495633ns          253959 1c0098a0 fff48493 addi             x9, x9, -1           x9=00000000  x9:00000001
15495653ns          253960 1c0098a2 fff537e3 p.bneimm         x10, -18            x10:00000000
15495712ns          253963 1c009890 012d8733 add              x14, x27, x18       x14=0000000a x27:efffeb0d x18:100014fd
15495732ns          253964 1c009894 5a048b63 beq              x9, x0, 1462         x9:00000000
15496150ns          253985 1c009e4a 00e00db3 add              x27, x0, x14        x27=0000000a x14:0000000a
15496190ns          253987 1c009e4c f3cff06f jal              x0, -2244          
15496707ns          254013 1c009588 00044503 lbu              x10, 0(x8)          x10=00000020  x8:1c000067  PA:1c000067
15497025ns          254029 1c00958c 00140413 addi             x8, x8, 1            x8=1c000068  x8:1c000067
15497045ns          254030 1c00958e 00050e63 beq              x10, x0, 28         x10:00000020
15497065ns          254031 1c009590 02500793 addi             x15, x0, 37         x15=00000025
15497085ns          254032 1c009594 04f50863 beq              x10, x15, 80        x10:00000020 x15:00000025
15497105ns          254033 1c009598 01a005b3 add              x11, x0, x26        x11=00000002 x26:00000002
15497125ns          254034 1c00959a 000b00e7 jalr             x1, x22, 0           x1=1c00959c x22:1c0094a6
15497204ns          254038 1c0094a6 000026b7 lui              x13, 0x2000         x13=00002000
15497224ns          254039 1c0094a8 f14027f3 csrrs            x15, x0, 0xf14      x15=00000002
15497244ns          254040 1c0094ac f8068693 addi             x13, x13, -128      x13=00001f80 x13:00002000
15497264ns          254041 1c0094b0 00379713 slli             x14, x15, 0x3       x14=00000010 x15:00000002
15497284ns          254042 1c0094b4 00279793 slli             x15, x15, 0x2       x15=00000008 x15:00000002
15497304ns          254043 1c0094b6 00d7f7b3 and              x15, x15, x13       x15=00000000 x15:00000008 x13:00001f80
15497324ns          254044 1c0094b8 ee873733 p.bclr           x14, x14, 23, 8     x14=00000010 x14:00000010
15497343ns          254045 1c0094bc 1a10f6b7 lui              x13, 0x1a10f000     x13=1a10f000
15497363ns          254046 1c0094c0 0ff57513 andi             x10, x10, 255       x10=00000020 x10:00000020
15497383ns          254047 1c0094c4 00d70733 add              x14, x14, x13       x14=1a10f010 x14:00000010 x13:1a10f000
15497403ns          254048 1c0094c6 00a7e723 p.sw             x10, x0(x15)        x10:00000020 x15:00000000  PA:1a10f010
15497801ns          254068 1c0094ca 00000513 addi             x10, x0, 0          x10=00000000
15497821ns          254069 1c0094cc 00008067 jalr             x0, x1, 0            x1:1c00959c
15497861ns          254071 1c00959c 31f52563 p.beqimm         x10, 778            x10:00000000
15497881ns          254072 1c0095a0 001d8d93 addi             x27, x27, 1         x27=0000000b x27:0000000a
15497900ns          254073 1c0095a2 00044503 lbu              x10, 0(x8)          x10=0000006b  x8:1c000068  PA:1c000068
15498199ns          254088 1c0095a6 00140413 addi             x8, x8, 1            x8=1c000069  x8:1c000068
15498219ns          254089 1c0095a8 fe0514e3 bne              x10, x0, -24        x10:0000006b
15498278ns          254092 1c009590 02500793 addi             x15, x0, 37         x15=00000025
15498298ns          254093 1c009594 04f50863 beq              x10, x15, 80        x10:0000006b x15:00000025
15498318ns          254094 1c009598 01a005b3 add              x11, x0, x26        x11=00000002 x26:00000002
15498338ns          254095 1c00959a 000b00e7 jalr             x1, x22, 0           x1=1c00959c x22:1c0094a6
15498378ns          254097 1c0094a6 000026b7 lui              x13, 0x2000         x13=00002000
15498398ns          254098 1c0094a8 f14027f3 csrrs            x15, x0, 0xf14      x15=00000002
15498418ns          254099 1c0094ac f8068693 addi             x13, x13, -128      x13=00001f80 x13:00002000
15498437ns          254100 1c0094b0 00379713 slli             x14, x15, 0x3       x14=00000010 x15:00000002
15498457ns          254101 1c0094b4 00279793 slli             x15, x15, 0x2       x15=00000008 x15:00000002
15498477ns          254102 1c0094b6 00d7f7b3 and              x15, x15, x13       x15=00000000 x15:00000008 x13:00001f80
15498497ns          254103 1c0094b8 ee873733 p.bclr           x14, x14, 23, 8     x14=00000010 x14:00000010
15498517ns          254104 1c0094bc 1a10f6b7 lui              x13, 0x1a10f000     x13=1a10f000
15498537ns          254105 1c0094c0 0ff57513 andi             x10, x10, 255       x10=0000006b x10:0000006b
15498557ns          254106 1c0094c4 00d70733 add              x14, x14, x13       x14=1a10f010 x14:00000010 x13:1a10f000
15498577ns          254107 1c0094c6 00a7e723 p.sw             x10, x0(x15)        x10:0000006b x15:00000000  PA:1a10f010
15498895ns          254123 1c0094ca 00000513 addi             x10, x0, 0          x10=00000000
15498915ns          254124 1c0094cc 00008067 jalr             x0, x1, 0            x1:1c00959c
15498955ns          254126 1c00959c 31f52563 p.beqimm         x10, 778            x10:00000000
15498974ns          254127 1c0095a0 001d8d93 addi             x27, x27, 1         x27=0000000c x27:0000000b
15498994ns          254128 1c0095a2 00044503 lbu              x10, 0(x8)          x10=00000065  x8:1c000069  PA:1c000069
15499293ns          254143 1c0095a6 00140413 addi             x8, x8, 1            x8=1c00006a  x8:1c000069
15499313ns          254144 1c0095a8 fe0514e3 bne              x10, x0, -24        x10:00000065
15499372ns          254147 1c009590 02500793 addi             x15, x0, 37         x15=00000025
15499392ns          254148 1c009594 04f50863 beq              x10, x15, 80        x10:00000065 x15:00000025
15499412ns          254149 1c009598 01a005b3 add              x11, x0, x26        x11=00000002 x26:00000002
15499432ns          254150 1c00959a 000b00e7 jalr             x1, x22, 0           x1=1c00959c x22:1c0094a6
15499472ns          254152 1c0094a6 000026b7 lui              x13, 0x2000         x13=00002000
15499492ns          254153 1c0094a8 f14027f3 csrrs            x15, x0, 0xf14      x15=00000002
15499512ns          254154 1c0094ac f8068693 addi             x13, x13, -128      x13=00001f80 x13:00002000
15499531ns          254155 1c0094b0 00379713 slli             x14, x15, 0x3       x14=00000010 x15:00000002
15499551ns          254156 1c0094b4 00279793 slli             x15, x15, 0x2       x15=00000008 x15:00000002
15499571ns          254157 1c0094b6 00d7f7b3 and              x15, x15, x13       x15=00000000 x15:00000008 x13:00001f80
15499591ns          254158 1c0094b8 ee873733 p.bclr           x14, x14, 23, 8     x14=00000010 x14:00000010
15499611ns          254159 1c0094bc 1a10f6b7 lui              x13, 0x1a10f000     x13=1a10f000
15499631ns          254160 1c0094c0 0ff57513 andi             x10, x10, 255       x10=00000065 x10:00000065
15499651ns          254161 1c0094c4 00d70733 add              x14, x14, x13       x14=1a10f010 x14:00000010 x13:1a10f000
15499671ns          254162 1c0094c6 00a7e723 p.sw             x10, x0(x15)        x10:00000065 x15:00000000  PA:1a10f010
15500029ns          254180 1c0094ca 00000513 addi             x10, x0, 0          x10=00000000
15500049ns          254181 1c0094cc 00008067 jalr             x0, x1, 0            x1:1c00959c
15500088ns          254183 1c00959c 31f52563 p.beqimm         x10, 778            x10:00000000
15500108ns          254184 1c0095a0 001d8d93 addi             x27, x27, 1         x27=0000000d x27:0000000c
15500128ns          254185 1c0095a2 00044503 lbu              x10, 0(x8)          x10=00000072  x8:1c00006a  PA:1c00006a
15500427ns          254200 1c0095a6 00140413 addi             x8, x8, 1            x8=1c00006b  x8:1c00006a
15500446ns          254201 1c0095a8 fe0514e3 bne              x10, x0, -24        x10:00000072
15500506ns          254204 1c009590 02500793 addi             x15, x0, 37         x15=00000025
15500526ns          254205 1c009594 04f50863 beq              x10, x15, 80        x10:00000072 x15:00000025
15500546ns          254206 1c009598 01a005b3 add              x11, x0, x26        x11=00000002 x26:00000002
15500566ns          254207 1c00959a 000b00e7 jalr             x1, x22, 0           x1=1c00959c x22:1c0094a6
15500606ns          254209 1c0094a6 000026b7 lui              x13, 0x2000         x13=00002000
15500625ns          254210 1c0094a8 f14027f3 csrrs            x15, x0, 0xf14      x15=00000002
15500645ns          254211 1c0094ac f8068693 addi             x13, x13, -128      x13=00001f80 x13:00002000
15500665ns          254212 1c0094b0 00379713 slli             x14, x15, 0x3       x14=00000010 x15:00000002
15500685ns          254213 1c0094b4 00279793 slli             x15, x15, 0x2       x15=00000008 x15:00000002
15500705ns          254214 1c0094b6 00d7f7b3 and              x15, x15, x13       x15=00000000 x15:00000008 x13:00001f80
15500725ns          254215 1c0094b8 ee873733 p.bclr           x14, x14, 23, 8     x14=00000010 x14:00000010
15500745ns          254216 1c0094bc 1a10f6b7 lui              x13, 0x1a10f000     x13=1a10f000
15500765ns          254217 1c0094c0 0ff57513 andi             x10, x10, 255       x10=00000072 x10:00000072
15500785ns          254218 1c0094c4 00d70733 add              x14, x14, x13       x14=1a10f010 x14:00000010 x13:1a10f000
15500804ns          254219 1c0094c6 00a7e723 p.sw             x10, x0(x15)        x10:00000072 x15:00000000  PA:1a10f010
15501123ns          254235 1c0094ca 00000513 addi             x10, x0, 0          x10=00000000
15501143ns          254236 1c0094cc 00008067 jalr             x0, x1, 0            x1:1c00959c
15501182ns          254238 1c00959c 31f52563 p.beqimm         x10, 778            x10:00000000
15501202ns          254239 1c0095a0 001d8d93 addi             x27, x27, 1         x27=0000000e x27:0000000d
15501222ns          254240 1c0095a2 00044503 lbu              x10, 0(x8)          x10=0000006e  x8:1c00006b  PA:1c00006b
15501521ns          254255 1c0095a6 00140413 addi             x8, x8, 1            x8=1c00006c  x8:1c00006b
15501540ns          254256 1c0095a8 fe0514e3 bne              x10, x0, -24        x10:0000006e
15501600ns          254259 1c009590 02500793 addi             x15, x0, 37         x15=00000025
15501620ns          254260 1c009594 04f50863 beq              x10, x15, 80        x10:0000006e x15:00000025
15501640ns          254261 1c009598 01a005b3 add              x11, x0, x26        x11=00000002 x26:00000002
15501660ns          254262 1c00959a 000b00e7 jalr             x1, x22, 0           x1=1c00959c x22:1c0094a6
15501700ns          254264 1c0094a6 000026b7 lui              x13, 0x2000         x13=00002000
15501719ns          254265 1c0094a8 f14027f3 csrrs            x15, x0, 0xf14      x15=00000002
15501739ns          254266 1c0094ac f8068693 addi             x13, x13, -128      x13=00001f80 x13:00002000
15501759ns          254267 1c0094b0 00379713 slli             x14, x15, 0x3       x14=00000010 x15:00000002
15501779ns          254268 1c0094b4 00279793 slli             x15, x15, 0x2       x15=00000008 x15:00000002
15501799ns          254269 1c0094b6 00d7f7b3 and              x15, x15, x13       x15=00000000 x15:00000008 x13:00001f80
15501819ns          254270 1c0094b8 ee873733 p.bclr           x14, x14, 23, 8     x14=00000010 x14:00000010
15501839ns          254271 1c0094bc 1a10f6b7 lui              x13, 0x1a10f000     x13=1a10f000
15501859ns          254272 1c0094c0 0ff57513 andi             x10, x10, 255       x10=0000006e x10:0000006e
15501879ns          254273 1c0094c4 00d70733 add              x14, x14, x13       x14=1a10f010 x14:00000010 x13:1a10f000
15501898ns          254274 1c0094c6 00a7e723 p.sw             x10, x0(x15)        x10:0000006e x15:00000000  PA:1a10f010
15502256ns          254292 1c0094ca 00000513 addi             x10, x0, 0          x10=00000000
15502276ns          254293 1c0094cc 00008067 jalr             x0, x1, 0            x1:1c00959c
15502316ns          254295 1c00959c 31f52563 p.beqimm         x10, 778            x10:00000000
15502336ns          254296 1c0095a0 001d8d93 addi             x27, x27, 1         x27=0000000f x27:0000000e
15502356ns          254297 1c0095a2 00044503 lbu              x10, 0(x8)          x10=00000065  x8:1c00006c  PA:1c00006c
15502674ns          254313 1c0095a6 00140413 addi             x8, x8, 1            x8=1c00006d  x8:1c00006c
15502694ns          254314 1c0095a8 fe0514e3 bne              x10, x0, -24        x10:00000065
15502754ns          254317 1c009590 02500793 addi             x15, x0, 37         x15=00000025
15502774ns          254318 1c009594 04f50863 beq              x10, x15, 80        x10:00000065 x15:00000025
15502794ns          254319 1c009598 01a005b3 add              x11, x0, x26        x11=00000002 x26:00000002
15502813ns          254320 1c00959a 000b00e7 jalr             x1, x22, 0           x1=1c00959c x22:1c0094a6
15502853ns          254322 1c0094a6 000026b7 lui              x13, 0x2000         x13=00002000
15502873ns          254323 1c0094a8 f14027f3 csrrs            x15, x0, 0xf14      x15=00000002
15502893ns          254324 1c0094ac f8068693 addi             x13, x13, -128      x13=00001f80 x13:00002000
15502913ns          254325 1c0094b0 00379713 slli             x14, x15, 0x3       x14=00000010 x15:00000002
15502933ns          254326 1c0094b4 00279793 slli             x15, x15, 0x2       x15=00000008 x15:00000002
15502953ns          254327 1c0094b6 00d7f7b3 and              x15, x15, x13       x15=00000000 x15:00000008 x13:00001f80
15502973ns          254328 1c0094b8 ee873733 p.bclr           x14, x14, 23, 8     x14=00000010 x14:00000010
15502992ns          254329 1c0094bc 1a10f6b7 lui              x13, 0x1a10f000     x13=1a10f000
15503012ns          254330 1c0094c0 0ff57513 andi             x10, x10, 255       x10=00000065 x10:00000065
15503032ns          254331 1c0094c4 00d70733 add              x14, x14, x13       x14=1a10f010 x14:00000010 x13:1a10f000
15503052ns          254332 1c0094c6 00a7e723 p.sw             x10, x0(x15)        x10:00000065 x15:00000000  PA:1a10f010
15503370ns          254348 1c0094ca 00000513 addi             x10, x0, 0          x10=00000000
15503390ns          254349 1c0094cc 00008067 jalr             x0, x1, 0            x1:1c00959c
15503430ns          254351 1c00959c 31f52563 p.beqimm         x10, 778            x10:00000000
15503450ns          254352 1c0095a0 001d8d93 addi             x27, x27, 1         x27=00000010 x27:0000000f
15503470ns          254353 1c0095a2 00044503 lbu              x10, 0(x8)          x10=0000006c  x8:1c00006d  PA:1c00006d
15503768ns          254368 1c0095a6 00140413 addi             x8, x8, 1            x8=1c00006e  x8:1c00006d
15503788ns          254369 1c0095a8 fe0514e3 bne              x10, x0, -24        x10:0000006c
15503848ns          254372 1c009590 02500793 addi             x15, x0, 37         x15=00000025
15503868ns          254373 1c009594 04f50863 beq              x10, x15, 80        x10:0000006c x15:00000025
15503888ns          254374 1c009598 01a005b3 add              x11, x0, x26        x11=00000002 x26:00000002
15503907ns          254375 1c00959a 000b00e7 jalr             x1, x22, 0           x1=1c00959c x22:1c0094a6
15503947ns          254377 1c0094a6 000026b7 lui              x13, 0x2000         x13=00002000
15503967ns          254378 1c0094a8 f14027f3 csrrs            x15, x0, 0xf14      x15=00000002
15503987ns          254379 1c0094ac f8068693 addi             x13, x13, -128      x13=00001f80 x13:00002000
15504007ns          254380 1c0094b0 00379713 slli             x14, x15, 0x3       x14=00000010 x15:00000002
15504027ns          254381 1c0094b4 00279793 slli             x15, x15, 0x2       x15=00000008 x15:00000002
15504047ns          254382 1c0094b6 00d7f7b3 and              x15, x15, x13       x15=00000000 x15:00000008 x13:00001f80
15504067ns          254383 1c0094b8 ee873733 p.bclr           x14, x14, 23, 8     x14=00000010 x14:00000010
15504086ns          254384 1c0094bc 1a10f6b7 lui              x13, 0x1a10f000     x13=1a10f000
15504106ns          254385 1c0094c0 0ff57513 andi             x10, x10, 255       x10=0000006c x10:0000006c
15504126ns          254386 1c0094c4 00d70733 add              x14, x14, x13       x14=1a10f010 x14:00000010 x13:1a10f000
15504146ns          254387 1c0094c6 00a7e723 p.sw             x10, x0(x15)        x10:0000006c x15:00000000  PA:1a10f010
15504464ns          254403 1c0094ca 00000513 addi             x10, x0, 0          x10=00000000
15504484ns          254404 1c0094cc 00008067 jalr             x0, x1, 0            x1:1c00959c
15504524ns          254406 1c00959c 31f52563 p.beqimm         x10, 778            x10:00000000
15504544ns          254407 1c0095a0 001d8d93 addi             x27, x27, 1         x27=00000011 x27:00000010
15504564ns          254408 1c0095a2 00044503 lbu              x10, 0(x8)          x10=00000020  x8:1c00006e  PA:1c00006e
15504862ns          254423 1c0095a6 00140413 addi             x8, x8, 1            x8=1c00006f  x8:1c00006e
15504882ns          254424 1c0095a8 fe0514e3 bne              x10, x0, -24        x10:00000020
15504942ns          254427 1c009590 02500793 addi             x15, x0, 37         x15=00000025
15504962ns          254428 1c009594 04f50863 beq              x10, x15, 80        x10:00000020 x15:00000025
15504982ns          254429 1c009598 01a005b3 add              x11, x0, x26        x11=00000002 x26:00000002
15505001ns          254430 1c00959a 000b00e7 jalr             x1, x22, 0           x1=1c00959c x22:1c0094a6
15505041ns          254432 1c0094a6 000026b7 lui              x13, 0x2000         x13=00002000
15505061ns          254433 1c0094a8 f14027f3 csrrs            x15, x0, 0xf14      x15=00000002
15505081ns          254434 1c0094ac f8068693 addi             x13, x13, -128      x13=00001f80 x13:00002000
15505101ns          254435 1c0094b0 00379713 slli             x14, x15, 0x3       x14=00000010 x15:00000002
15505121ns          254436 1c0094b4 00279793 slli             x15, x15, 0x2       x15=00000008 x15:00000002
15505141ns          254437 1c0094b6 00d7f7b3 and              x15, x15, x13       x15=00000000 x15:00000008 x13:00001f80
15505161ns          254438 1c0094b8 ee873733 p.bclr           x14, x14, 23, 8     x14=00000010 x14:00000010
15505180ns          254439 1c0094bc 1a10f6b7 lui              x13, 0x1a10f000     x13=1a10f000
15505200ns          254440 1c0094c0 0ff57513 andi             x10, x10, 255       x10=00000020 x10:00000020
15505220ns          254441 1c0094c4 00d70733 add              x14, x14, x13       x14=1a10f010 x14:00000010 x13:1a10f000
15505240ns          254442 1c0094c6 00a7e723 p.sw             x10, x0(x15)        x10:00000020 x15:00000000  PA:1a10f010
15505558ns          254458 1c0094ca 00000513 addi             x10, x0, 0          x10=00000000
15505578ns          254459 1c0094cc 00008067 jalr             x0, x1, 0            x1:1c00959c
15505618ns          254461 1c00959c 31f52563 p.beqimm         x10, 778            x10:00000000
15505638ns          254462 1c0095a0 001d8d93 addi             x27, x27, 1         x27=00000012 x27:00000011
15505658ns          254463 1c0095a2 00044503 lbu              x10, 0(x8)          x10=00000069  x8:1c00006f  PA:1c00006f
15505956ns          254478 1c0095a6 00140413 addi             x8, x8, 1            x8=1c000070  x8:1c00006f
15505976ns          254479 1c0095a8 fe0514e3 bne              x10, x0, -24        x10:00000069
15506036ns          254482 1c009590 02500793 addi             x15, x0, 37         x15=00000025
15506056ns          254483 1c009594 04f50863 beq              x10, x15, 80        x10:00000069 x15:00000025
15506075ns          254484 1c009598 01a005b3 add              x11, x0, x26        x11=00000002 x26:00000002
15506095ns          254485 1c00959a 000b00e7 jalr             x1, x22, 0           x1=1c00959c x22:1c0094a6
15506135ns          254487 1c0094a6 000026b7 lui              x13, 0x2000         x13=00002000
15506155ns          254488 1c0094a8 f14027f3 csrrs            x15, x0, 0xf14      x15=00000002
15506175ns          254489 1c0094ac f8068693 addi             x13, x13, -128      x13=00001f80 x13:00002000
15506195ns          254490 1c0094b0 00379713 slli             x14, x15, 0x3       x14=00000010 x15:00000002
15506215ns          254491 1c0094b4 00279793 slli             x15, x15, 0x2       x15=00000008 x15:00000002
15506235ns          254492 1c0094b6 00d7f7b3 and              x15, x15, x13       x15=00000000 x15:00000008 x13:00001f80
15506255ns          254493 1c0094b8 ee873733 p.bclr           x14, x14, 23, 8     x14=00000010 x14:00000010
15506274ns          254494 1c0094bc 1a10f6b7 lui              x13, 0x1a10f000     x13=1a10f000
15506294ns          254495 1c0094c0 0ff57513 andi             x10, x10, 255       x10=00000069 x10:00000069
15506314ns          254496 1c0094c4 00d70733 add              x14, x14, x13       x14=1a10f010 x14:00000010 x13:1a10f000
15506334ns          254497 1c0094c6 00a7e723 p.sw             x10, x0(x15)        x10:00000069 x15:00000000  PA:1a10f010
15506672ns          254514 1c0094ca 00000513 addi             x10, x0, 0          x10=00000000
15506692ns          254515 1c0094cc 00008067 jalr             x0, x1, 0            x1:1c00959c
15506732ns          254517 1c00959c 31f52563 p.beqimm         x10, 778            x10:00000000
15506752ns          254518 1c0095a0 001d8d93 addi             x27, x27, 1         x27=00000013 x27:00000012
15506772ns          254519 1c0095a2 00044503 lbu              x10, 0(x8)          x10=00000074  x8:1c000070  PA:1c000070
15507070ns          254534 1c0095a6 00140413 addi             x8, x8, 1            x8=1c000071  x8:1c000070
15507090ns          254535 1c0095a8 fe0514e3 bne              x10, x0, -24        x10:00000074
15507150ns          254538 1c009590 02500793 addi             x15, x0, 37         x15=00000025
15507169ns          254539 1c009594 04f50863 beq              x10, x15, 80        x10:00000074 x15:00000025
15507189ns          254540 1c009598 01a005b3 add              x11, x0, x26        x11=00000002 x26:00000002
15507209ns          254541 1c00959a 000b00e7 jalr             x1, x22, 0           x1=1c00959c x22:1c0094a6
15507249ns          254543 1c0094a6 000026b7 lui              x13, 0x2000         x13=00002000
15507269ns          254544 1c0094a8 f14027f3 csrrs            x15, x0, 0xf14      x15=00000002
15507289ns          254545 1c0094ac f8068693 addi             x13, x13, -128      x13=00001f80 x13:00002000
15507309ns          254546 1c0094b0 00379713 slli             x14, x15, 0x3       x14=00000010 x15:00000002
15507329ns          254547 1c0094b4 00279793 slli             x15, x15, 0x2       x15=00000008 x15:00000002
15507349ns          254548 1c0094b6 00d7f7b3 and              x15, x15, x13       x15=00000000 x15:00000008 x13:00001f80
15507368ns          254549 1c0094b8 ee873733 p.bclr           x14, x14, 23, 8     x14=00000010 x14:00000010
15507388ns          254550 1c0094bc 1a10f6b7 lui              x13, 0x1a10f000     x13=1a10f000
15507408ns          254551 1c0094c0 0ff57513 andi             x10, x10, 255       x10=00000074 x10:00000074
15507428ns          254552 1c0094c4 00d70733 add              x14, x14, x13       x14=1a10f010 x14:00000010 x13:1a10f000
15507448ns          254553 1c0094c6 00a7e723 p.sw             x10, x0(x15)        x10:00000074 x15:00000000  PA:1a10f010
15507766ns          254569 1c0094ca 00000513 addi             x10, x0, 0          x10=00000000
15507786ns          254570 1c0094cc 00008067 jalr             x0, x1, 0            x1:1c00959c
15507826ns          254572 1c00959c 31f52563 p.beqimm         x10, 778            x10:00000000
15507846ns          254573 1c0095a0 001d8d93 addi             x27, x27, 1         x27=00000014 x27:00000013
15507866ns          254574 1c0095a2 00044503 lbu              x10, 0(x8)          x10=00000065  x8:1c000071  PA:1c000071
15508164ns          254589 1c0095a6 00140413 addi             x8, x8, 1            x8=1c000072  x8:1c000071
15508184ns          254590 1c0095a8 fe0514e3 bne              x10, x0, -24        x10:00000065
15508244ns          254593 1c009590 02500793 addi             x15, x0, 37         x15=00000025
15508263ns          254594 1c009594 04f50863 beq              x10, x15, 80        x10:00000065 x15:00000025
15508283ns          254595 1c009598 01a005b3 add              x11, x0, x26        x11=00000002 x26:00000002
15508303ns          254596 1c00959a 000b00e7 jalr             x1, x22, 0           x1=1c00959c x22:1c0094a6
15508343ns          254598 1c0094a6 000026b7 lui              x13, 0x2000         x13=00002000
15508363ns          254599 1c0094a8 f14027f3 csrrs            x15, x0, 0xf14      x15=00000002
15508383ns          254600 1c0094ac f8068693 addi             x13, x13, -128      x13=00001f80 x13:00002000
15508403ns          254601 1c0094b0 00379713 slli             x14, x15, 0x3       x14=00000010 x15:00000002
15508423ns          254602 1c0094b4 00279793 slli             x15, x15, 0x2       x15=00000008 x15:00000002
15508442ns          254603 1c0094b6 00d7f7b3 and              x15, x15, x13       x15=00000000 x15:00000008 x13:00001f80
15508462ns          254604 1c0094b8 ee873733 p.bclr           x14, x14, 23, 8     x14=00000010 x14:00000010
15508482ns          254605 1c0094bc 1a10f6b7 lui              x13, 0x1a10f000     x13=1a10f000
15508502ns          254606 1c0094c0 0ff57513 andi             x10, x10, 255       x10=00000065 x10:00000065
15508522ns          254607 1c0094c4 00d70733 add              x14, x14, x13       x14=1a10f010 x14:00000010 x13:1a10f000
15508542ns          254608 1c0094c6 00a7e723 p.sw             x10, x0(x15)        x10:00000065 x15:00000000  PA:1a10f010
15508880ns          254625 1c0094ca 00000513 addi             x10, x0, 0          x10=00000000
15508900ns          254626 1c0094cc 00008067 jalr             x0, x1, 0            x1:1c00959c
15508940ns          254628 1c00959c 31f52563 p.beqimm         x10, 778            x10:00000000
15508960ns          254629 1c0095a0 001d8d93 addi             x27, x27, 1         x27=00000015 x27:00000014
15508980ns          254630 1c0095a2 00044503 lbu              x10, 0(x8)          x10=00000072  x8:1c000072  PA:1c000072
15509298ns          254646 1c0095a6 00140413 addi             x8, x8, 1            x8=1c000073  x8:1c000072
15509318ns          254647 1c0095a8 fe0514e3 bne              x10, x0, -24        x10:00000072
15509377ns          254650 1c009590 02500793 addi             x15, x0, 37         x15=00000025
15509397ns          254651 1c009594 04f50863 beq              x10, x15, 80        x10:00000072 x15:00000025
15509417ns          254652 1c009598 01a005b3 add              x11, x0, x26        x11=00000002 x26:00000002
15509437ns          254653 1c00959a 000b00e7 jalr             x1, x22, 0           x1=1c00959c x22:1c0094a6
15509477ns          254655 1c0094a6 000026b7 lui              x13, 0x2000         x13=00002000
15509497ns          254656 1c0094a8 f14027f3 csrrs            x15, x0, 0xf14      x15=00000002
15509517ns          254657 1c0094ac f8068693 addi             x13, x13, -128      x13=00001f80 x13:00002000
15509536ns          254658 1c0094b0 00379713 slli             x14, x15, 0x3       x14=00000010 x15:00000002
15509556ns          254659 1c0094b4 00279793 slli             x15, x15, 0x2       x15=00000008 x15:00000002
15509576ns          254660 1c0094b6 00d7f7b3 and              x15, x15, x13       x15=00000000 x15:00000008 x13:00001f80
15509596ns          254661 1c0094b8 ee873733 p.bclr           x14, x14, 23, 8     x14=00000010 x14:00000010
15509616ns          254662 1c0094bc 1a10f6b7 lui              x13, 0x1a10f000     x13=1a10f000
15509636ns          254663 1c0094c0 0ff57513 andi             x10, x10, 255       x10=00000072 x10:00000072
15509656ns          254664 1c0094c4 00d70733 add              x14, x14, x13       x14=1a10f010 x14:00000010 x13:1a10f000
15509676ns          254665 1c0094c6 00a7e723 p.sw             x10, x0(x15)        x10:00000072 x15:00000000  PA:1a10f010
15509994ns          254681 1c0094ca 00000513 addi             x10, x0, 0          x10=00000000
15510014ns          254682 1c0094cc 00008067 jalr             x0, x1, 0            x1:1c00959c
15510054ns          254684 1c00959c 31f52563 p.beqimm         x10, 778            x10:00000000
15510074ns          254685 1c0095a0 001d8d93 addi             x27, x27, 1         x27=00000016 x27:00000015
15510093ns          254686 1c0095a2 00044503 lbu              x10, 0(x8)          x10=00000061  x8:1c000073  PA:1c000073
15510392ns          254701 1c0095a6 00140413 addi             x8, x8, 1            x8=1c000074  x8:1c000073
15510412ns          254702 1c0095a8 fe0514e3 bne              x10, x0, -24        x10:00000061
15510471ns          254705 1c009590 02500793 addi             x15, x0, 37         x15=00000025
15510491ns          254706 1c009594 04f50863 beq              x10, x15, 80        x10:00000061 x15:00000025
15510511ns          254707 1c009598 01a005b3 add              x11, x0, x26        x11=00000002 x26:00000002
15510531ns          254708 1c00959a 000b00e7 jalr             x1, x22, 0           x1=1c00959c x22:1c0094a6
15510571ns          254710 1c0094a6 000026b7 lui              x13, 0x2000         x13=00002000
15510591ns          254711 1c0094a8 f14027f3 csrrs            x15, x0, 0xf14      x15=00000002
15510611ns          254712 1c0094ac f8068693 addi             x13, x13, -128      x13=00001f80 x13:00002000
15510630ns          254713 1c0094b0 00379713 slli             x14, x15, 0x3       x14=00000010 x15:00000002
15510650ns          254714 1c0094b4 00279793 slli             x15, x15, 0x2       x15=00000008 x15:00000002
15510670ns          254715 1c0094b6 00d7f7b3 and              x15, x15, x13       x15=00000000 x15:00000008 x13:00001f80
15510690ns          254716 1c0094b8 ee873733 p.bclr           x14, x14, 23, 8     x14=00000010 x14:00000010
15510710ns          254717 1c0094bc 1a10f6b7 lui              x13, 0x1a10f000     x13=1a10f000
15510730ns          254718 1c0094c0 0ff57513 andi             x10, x10, 255       x10=00000061 x10:00000061
15510750ns          254719 1c0094c4 00d70733 add              x14, x14, x13       x14=1a10f010 x14:00000010 x13:1a10f000
15510770ns          254720 1c0094c6 00a7e723 p.sw             x10, x0(x15)        x10:00000061 x15:00000000  PA:1a10f010
15511088ns          254736 1c0094ca 00000513 addi             x10, x0, 0          x10=00000000
15511108ns          254737 1c0094cc 00008067 jalr             x0, x1, 0            x1:1c00959c
15511148ns          254739 1c00959c 31f52563 p.beqimm         x10, 778            x10:00000000
15511168ns          254740 1c0095a0 001d8d93 addi             x27, x27, 1         x27=00000017 x27:00000016
15511187ns          254741 1c0095a2 00044503 lbu              x10, 0(x8)          x10=00000074  x8:1c000074  PA:1c000074
15511486ns          254756 1c0095a6 00140413 addi             x8, x8, 1            x8=1c000075  x8:1c000074
15511506ns          254757 1c0095a8 fe0514e3 bne              x10, x0, -24        x10:00000074
15511565ns          254760 1c009590 02500793 addi             x15, x0, 37         x15=00000025
15511585ns          254761 1c009594 04f50863 beq              x10, x15, 80        x10:00000074 x15:00000025
15511605ns          254762 1c009598 01a005b3 add              x11, x0, x26        x11=00000002 x26:00000002
15511625ns          254763 1c00959a 000b00e7 jalr             x1, x22, 0           x1=1c00959c x22:1c0094a6
15511665ns          254765 1c0094a6 000026b7 lui              x13, 0x2000         x13=00002000
15511685ns          254766 1c0094a8 f14027f3 csrrs            x15, x0, 0xf14      x15=00000002
15511705ns          254767 1c0094ac f8068693 addi             x13, x13, -128      x13=00001f80 x13:00002000
15511724ns          254768 1c0094b0 00379713 slli             x14, x15, 0x3       x14=00000010 x15:00000002
15511744ns          254769 1c0094b4 00279793 slli             x15, x15, 0x2       x15=00000008 x15:00000002
15511764ns          254770 1c0094b6 00d7f7b3 and              x15, x15, x13       x15=00000000 x15:00000008 x13:00001f80
15511784ns          254771 1c0094b8 ee873733 p.bclr           x14, x14, 23, 8     x14=00000010 x14:00000010
15511804ns          254772 1c0094bc 1a10f6b7 lui              x13, 0x1a10f000     x13=1a10f000
15511824ns          254773 1c0094c0 0ff57513 andi             x10, x10, 255       x10=00000074 x10:00000074
15511844ns          254774 1c0094c4 00d70733 add              x14, x14, x13       x14=1a10f010 x14:00000010 x13:1a10f000
15511864ns          254775 1c0094c6 00a7e723 p.sw             x10, x0(x15)        x10:00000074 x15:00000000  PA:1a10f010
15512182ns          254791 1c0094ca 00000513 addi             x10, x0, 0          x10=00000000
15512202ns          254792 1c0094cc 00008067 jalr             x0, x1, 0            x1:1c00959c
15512242ns          254794 1c00959c 31f52563 p.beqimm         x10, 778            x10:00000000
15512262ns          254795 1c0095a0 001d8d93 addi             x27, x27, 1         x27=00000018 x27:00000017
15512281ns          254796 1c0095a2 00044503 lbu              x10, 0(x8)          x10=00000069  x8:1c000075  PA:1c000075
15512580ns          254811 1c0095a6 00140413 addi             x8, x8, 1            x8=1c000076  x8:1c000075
15512600ns          254812 1c0095a8 fe0514e3 bne              x10, x0, -24        x10:00000069
15512659ns          254815 1c009590 02500793 addi             x15, x0, 37         x15=00000025
15512679ns          254816 1c009594 04f50863 beq              x10, x15, 80        x10:00000069 x15:00000025
15512699ns          254817 1c009598 01a005b3 add              x11, x0, x26        x11=00000002 x26:00000002
15512719ns          254818 1c00959a 000b00e7 jalr             x1, x22, 0           x1=1c00959c x22:1c0094a6
15512759ns          254820 1c0094a6 000026b7 lui              x13, 0x2000         x13=00002000
15512779ns          254821 1c0094a8 f14027f3 csrrs            x15, x0, 0xf14      x15=00000002
15512799ns          254822 1c0094ac f8068693 addi             x13, x13, -128      x13=00001f80 x13:00002000
15512818ns          254823 1c0094b0 00379713 slli             x14, x15, 0x3       x14=00000010 x15:00000002
15512838ns          254824 1c0094b4 00279793 slli             x15, x15, 0x2       x15=00000008 x15:00000002
15512858ns          254825 1c0094b6 00d7f7b3 and              x15, x15, x13       x15=00000000 x15:00000008 x13:00001f80
15512878ns          254826 1c0094b8 ee873733 p.bclr           x14, x14, 23, 8     x14=00000010 x14:00000010
15512898ns          254827 1c0094bc 1a10f6b7 lui              x13, 0x1a10f000     x13=1a10f000
15512918ns          254828 1c0094c0 0ff57513 andi             x10, x10, 255       x10=00000069 x10:00000069
15512938ns          254829 1c0094c4 00d70733 add              x14, x14, x13       x14=1a10f010 x14:00000010 x13:1a10f000
15512958ns          254830 1c0094c6 00a7e723 p.sw             x10, x0(x15)        x10:00000069 x15:00000000  PA:1a10f010
15513296ns          254847 1c0094ca 00000513 addi             x10, x0, 0          x10=00000000
15513316ns          254848 1c0094cc 00008067 jalr             x0, x1, 0            x1:1c00959c
15513356ns          254850 1c00959c 31f52563 p.beqimm         x10, 778            x10:00000000
15513375ns          254851 1c0095a0 001d8d93 addi             x27, x27, 1         x27=00000019 x27:00000018
15513395ns          254852 1c0095a2 00044503 lbu              x10, 0(x8)          x10=0000006f  x8:1c000076  PA:1c000076
15513694ns          254867 1c0095a6 00140413 addi             x8, x8, 1            x8=1c000077  x8:1c000076
15513714ns          254868 1c0095a8 fe0514e3 bne              x10, x0, -24        x10:0000006f
15513773ns          254871 1c009590 02500793 addi             x15, x0, 37         x15=00000025
15513793ns          254872 1c009594 04f50863 beq              x10, x15, 80        x10:0000006f x15:00000025
15513813ns          254873 1c009598 01a005b3 add              x11, x0, x26        x11=00000002 x26:00000002
15513833ns          254874 1c00959a 000b00e7 jalr             x1, x22, 0           x1=1c00959c x22:1c0094a6
15513873ns          254876 1c0094a6 000026b7 lui              x13, 0x2000         x13=00002000
15513893ns          254877 1c0094a8 f14027f3 csrrs            x15, x0, 0xf14      x15=00000002
15513912ns          254878 1c0094ac f8068693 addi             x13, x13, -128      x13=00001f80 x13:00002000
15513932ns          254879 1c0094b0 00379713 slli             x14, x15, 0x3       x14=00000010 x15:00000002
15513952ns          254880 1c0094b4 00279793 slli             x15, x15, 0x2       x15=00000008 x15:00000002
15513972ns          254881 1c0094b6 00d7f7b3 and              x15, x15, x13       x15=00000000 x15:00000008 x13:00001f80
15513992ns          254882 1c0094b8 ee873733 p.bclr           x14, x14, 23, 8     x14=00000010 x14:00000010
15514012ns          254883 1c0094bc 1a10f6b7 lui              x13, 0x1a10f000     x13=1a10f000
15514032ns          254884 1c0094c0 0ff57513 andi             x10, x10, 255       x10=0000006f x10:0000006f
15514052ns          254885 1c0094c4 00d70733 add              x14, x14, x13       x14=1a10f010 x14:00000010 x13:1a10f000
15514072ns          254886 1c0094c6 00a7e723 p.sw             x10, x0(x15)        x10:0000006f x15:00000000  PA:1a10f010
15514390ns          254902 1c0094ca 00000513 addi             x10, x0, 0          x10=00000000
15514410ns          254903 1c0094cc 00008067 jalr             x0, x1, 0            x1:1c00959c
15514450ns          254905 1c00959c 31f52563 p.beqimm         x10, 778            x10:00000000
15514469ns          254906 1c0095a0 001d8d93 addi             x27, x27, 1         x27=0000001a x27:00000019
15514489ns          254907 1c0095a2 00044503 lbu              x10, 0(x8)          x10=0000006e  x8:1c000077  PA:1c000077
15514788ns          254922 1c0095a6 00140413 addi             x8, x8, 1            x8=1c000078  x8:1c000077
15514808ns          254923 1c0095a8 fe0514e3 bne              x10, x0, -24        x10:0000006e
15514867ns          254926 1c009590 02500793 addi             x15, x0, 37         x15=00000025
15514887ns          254927 1c009594 04f50863 beq              x10, x15, 80        x10:0000006e x15:00000025
15514907ns          254928 1c009598 01a005b3 add              x11, x0, x26        x11=00000002 x26:00000002
15514927ns          254929 1c00959a 000b00e7 jalr             x1, x22, 0           x1=1c00959c x22:1c0094a6
15514967ns          254931 1c0094a6 000026b7 lui              x13, 0x2000         x13=00002000
15514987ns          254932 1c0094a8 f14027f3 csrrs            x15, x0, 0xf14      x15=00000002
15515006ns          254933 1c0094ac f8068693 addi             x13, x13, -128      x13=00001f80 x13:00002000
15515026ns          254934 1c0094b0 00379713 slli             x14, x15, 0x3       x14=00000010 x15:00000002
15515046ns          254935 1c0094b4 00279793 slli             x15, x15, 0x2       x15=00000008 x15:00000002
15515066ns          254936 1c0094b6 00d7f7b3 and              x15, x15, x13       x15=00000000 x15:00000008 x13:00001f80
15515086ns          254937 1c0094b8 ee873733 p.bclr           x14, x14, 23, 8     x14=00000010 x14:00000010
15515106ns          254938 1c0094bc 1a10f6b7 lui              x13, 0x1a10f000     x13=1a10f000
15515126ns          254939 1c0094c0 0ff57513 andi             x10, x10, 255       x10=0000006e x10:0000006e
15515146ns          254940 1c0094c4 00d70733 add              x14, x14, x13       x14=1a10f010 x14:00000010 x13:1a10f000
15515166ns          254941 1c0094c6 00a7e723 p.sw             x10, x0(x15)        x10:0000006e x15:00000000  PA:1a10f010
15515504ns          254958 1c0094ca 00000513 addi             x10, x0, 0          x10=00000000
15515524ns          254959 1c0094cc 00008067 jalr             x0, x1, 0            x1:1c00959c
15515563ns          254961 1c00959c 31f52563 p.beqimm         x10, 778            x10:00000000
15515583ns          254962 1c0095a0 001d8d93 addi             x27, x27, 1         x27=0000001b x27:0000001a
15515603ns          254963 1c0095a2 00044503 lbu              x10, 0(x8)          x10=00000073  x8:1c000078  PA:1c000078
15515921ns          254979 1c0095a6 00140413 addi             x8, x8, 1            x8=1c000079  x8:1c000078
15515941ns          254980 1c0095a8 fe0514e3 bne              x10, x0, -24        x10:00000073
15516001ns          254983 1c009590 02500793 addi             x15, x0, 37         x15=00000025
15516021ns          254984 1c009594 04f50863 beq              x10, x15, 80        x10:00000073 x15:00000025
15516041ns          254985 1c009598 01a005b3 add              x11, x0, x26        x11=00000002 x26:00000002
15516061ns          254986 1c00959a 000b00e7 jalr             x1, x22, 0           x1=1c00959c x22:1c0094a6
15516100ns          254988 1c0094a6 000026b7 lui              x13, 0x2000         x13=00002000
15516120ns          254989 1c0094a8 f14027f3 csrrs            x15, x0, 0xf14      x15=00000002
15516140ns          254990 1c0094ac f8068693 addi             x13, x13, -128      x13=00001f80 x13:00002000
15516160ns          254991 1c0094b0 00379713 slli             x14, x15, 0x3       x14=00000010 x15:00000002
15516180ns          254992 1c0094b4 00279793 slli             x15, x15, 0x2       x15=00000008 x15:00000002
15516200ns          254993 1c0094b6 00d7f7b3 and              x15, x15, x13       x15=00000000 x15:00000008 x13:00001f80
15516220ns          254994 1c0094b8 ee873733 p.bclr           x14, x14, 23, 8     x14=00000010 x14:00000010
15516240ns          254995 1c0094bc 1a10f6b7 lui              x13, 0x1a10f000     x13=1a10f000
15516260ns          254996 1c0094c0 0ff57513 andi             x10, x10, 255       x10=00000073 x10:00000073
15516279ns          254997 1c0094c4 00d70733 add              x14, x14, x13       x14=1a10f010 x14:00000010 x13:1a10f000
15516299ns          254998 1c0094c6 00a7e723 p.sw             x10, x0(x15)        x10:00000073 x15:00000000  PA:1a10f010
15516618ns          255014 1c0094ca 00000513 addi             x10, x0, 0          x10=00000000
15516637ns          255015 1c0094cc 00008067 jalr             x0, x1, 0            x1:1c00959c
15516677ns          255017 1c00959c 31f52563 p.beqimm         x10, 778            x10:00000000
15516697ns          255018 1c0095a0 001d8d93 addi             x27, x27, 1         x27=0000001c x27:0000001b
15516717ns          255019 1c0095a2 00044503 lbu              x10, 0(x8)          x10=0000002e  x8:1c000079  PA:1c000079
15517015ns          255034 1c0095a6 00140413 addi             x8, x8, 1            x8=1c00007a  x8:1c000079
15517035ns          255035 1c0095a8 fe0514e3 bne              x10, x0, -24        x10:0000002e
15517095ns          255038 1c009590 02500793 addi             x15, x0, 37         x15=00000025
15517115ns          255039 1c009594 04f50863 beq              x10, x15, 80        x10:0000002e x15:00000025
15517135ns          255040 1c009598 01a005b3 add              x11, x0, x26        x11=00000002 x26:00000002
15517155ns          255041 1c00959a 000b00e7 jalr             x1, x22, 0           x1=1c00959c x22:1c0094a6
15517194ns          255043 1c0094a6 000026b7 lui              x13, 0x2000         x13=00002000
15517214ns          255044 1c0094a8 f14027f3 csrrs            x15, x0, 0xf14      x15=00000002
15517234ns          255045 1c0094ac f8068693 addi             x13, x13, -128      x13=00001f80 x13:00002000
15517254ns          255046 1c0094b0 00379713 slli             x14, x15, 0x3       x14=00000010 x15:00000002
15517274ns          255047 1c0094b4 00279793 slli             x15, x15, 0x2       x15=00000008 x15:00000002
15517294ns          255048 1c0094b6 00d7f7b3 and              x15, x15, x13       x15=00000000 x15:00000008 x13:00001f80
15517314ns          255049 1c0094b8 ee873733 p.bclr           x14, x14, 23, 8     x14=00000010 x14:00000010
15517334ns          255050 1c0094bc 1a10f6b7 lui              x13, 0x1a10f000     x13=1a10f000
15517354ns          255051 1c0094c0 0ff57513 andi             x10, x10, 255       x10=0000002e x10:0000002e
15517373ns          255052 1c0094c4 00d70733 add              x14, x14, x13       x14=1a10f010 x14:00000010 x13:1a10f000
15517393ns          255053 1c0094c6 00a7e723 p.sw             x10, x0(x15)        x10:0000002e x15:00000000  PA:1a10f010
15517712ns          255069 1c0094ca 00000513 addi             x10, x0, 0          x10=00000000
15517731ns          255070 1c0094cc 00008067 jalr             x0, x1, 0            x1:1c00959c
15517771ns          255072 1c00959c 31f52563 p.beqimm         x10, 778            x10:00000000
15517791ns          255073 1c0095a0 001d8d93 addi             x27, x27, 1         x27=0000001d x27:0000001c
15517811ns          255074 1c0095a2 00044503 lbu              x10, 0(x8)          x10=0000002e  x8:1c00007a  PA:1c00007a
15518109ns          255089 1c0095a6 00140413 addi             x8, x8, 1            x8=1c00007b  x8:1c00007a
15518129ns          255090 1c0095a8 fe0514e3 bne              x10, x0, -24        x10:0000002e
15518189ns          255093 1c009590 02500793 addi             x15, x0, 37         x15=00000025
15518209ns          255094 1c009594 04f50863 beq              x10, x15, 80        x10:0000002e x15:00000025
15518229ns          255095 1c009598 01a005b3 add              x11, x0, x26        x11=00000002 x26:00000002
15518249ns          255096 1c00959a 000b00e7 jalr             x1, x22, 0           x1=1c00959c x22:1c0094a6
15518288ns          255098 1c0094a6 000026b7 lui              x13, 0x2000         x13=00002000
15518308ns          255099 1c0094a8 f14027f3 csrrs            x15, x0, 0xf14      x15=00000002
15518328ns          255100 1c0094ac f8068693 addi             x13, x13, -128      x13=00001f80 x13:00002000
15518348ns          255101 1c0094b0 00379713 slli             x14, x15, 0x3       x14=00000010 x15:00000002
15518368ns          255102 1c0094b4 00279793 slli             x15, x15, 0x2       x15=00000008 x15:00000002
15518388ns          255103 1c0094b6 00d7f7b3 and              x15, x15, x13       x15=00000000 x15:00000008 x13:00001f80
15518408ns          255104 1c0094b8 ee873733 p.bclr           x14, x14, 23, 8     x14=00000010 x14:00000010
15518428ns          255105 1c0094bc 1a10f6b7 lui              x13, 0x1a10f000     x13=1a10f000
15518448ns          255106 1c0094c0 0ff57513 andi             x10, x10, 255       x10=0000002e x10:0000002e
15518467ns          255107 1c0094c4 00d70733 add              x14, x14, x13       x14=1a10f010 x14:00000010 x13:1a10f000
15518487ns          255108 1c0094c6 00a7e723 p.sw             x10, x0(x15)        x10:0000002e x15:00000000  PA:1a10f010
15518806ns          255124 1c0094ca 00000513 addi             x10, x0, 0          x10=00000000
15518825ns          255125 1c0094cc 00008067 jalr             x0, x1, 0            x1:1c00959c
15518865ns          255127 1c00959c 31f52563 p.beqimm         x10, 778            x10:00000000
15518885ns          255128 1c0095a0 001d8d93 addi             x27, x27, 1         x27=0000001e x27:0000001d
15518905ns          255129 1c0095a2 00044503 lbu              x10, 0(x8)          x10=0000002e  x8:1c00007b  PA:1c00007b
15519203ns          255144 1c0095a6 00140413 addi             x8, x8, 1            x8=1c00007c  x8:1c00007b
15519223ns          255145 1c0095a8 fe0514e3 bne              x10, x0, -24        x10:0000002e
15519283ns          255148 1c009590 02500793 addi             x15, x0, 37         x15=00000025
15519303ns          255149 1c009594 04f50863 beq              x10, x15, 80        x10:0000002e x15:00000025
15519323ns          255150 1c009598 01a005b3 add              x11, x0, x26        x11=00000002 x26:00000002
15519343ns          255151 1c00959a 000b00e7 jalr             x1, x22, 0           x1=1c00959c x22:1c0094a6
15519382ns          255153 1c0094a6 000026b7 lui              x13, 0x2000         x13=00002000
15519402ns          255154 1c0094a8 f14027f3 csrrs            x15, x0, 0xf14      x15=00000002
15519422ns          255155 1c0094ac f8068693 addi             x13, x13, -128      x13=00001f80 x13:00002000
15519442ns          255156 1c0094b0 00379713 slli             x14, x15, 0x3       x14=00000010 x15:00000002
15519462ns          255157 1c0094b4 00279793 slli             x15, x15, 0x2       x15=00000008 x15:00000002
15519482ns          255158 1c0094b6 00d7f7b3 and              x15, x15, x13       x15=00000000 x15:00000008 x13:00001f80
15519502ns          255159 1c0094b8 ee873733 p.bclr           x14, x14, 23, 8     x14=00000010 x14:00000010
15519522ns          255160 1c0094bc 1a10f6b7 lui              x13, 0x1a10f000     x13=1a10f000
15519542ns          255161 1c0094c0 0ff57513 andi             x10, x10, 255       x10=0000002e x10:0000002e
15519561ns          255162 1c0094c4 00d70733 add              x14, x14, x13       x14=1a10f010 x14:00000010 x13:1a10f000
15519581ns          255163 1c0094c6 00a7e723 p.sw             x10, x0(x15)        x10:0000002e x15:00000000  PA:1a10f010
15519919ns          255180 1c0094ca 00000513 addi             x10, x0, 0          x10=00000000
15519939ns          255181 1c0094cc 00008067 jalr             x0, x1, 0            x1:1c00959c
15519979ns          255183 1c00959c 31f52563 p.beqimm         x10, 778            x10:00000000
15519999ns          255184 1c0095a0 001d8d93 addi             x27, x27, 1         x27=0000001f x27:0000001e
15520019ns          255185 1c0095a2 00044503 lbu              x10, 0(x8)          x10=00000020  x8:1c00007c  PA:1c00007c
15520317ns          255200 1c0095a6 00140413 addi             x8, x8, 1            x8=1c00007d  x8:1c00007c
15520337ns          255201 1c0095a8 fe0514e3 bne              x10, x0, -24        x10:00000020
15520397ns          255204 1c009590 02500793 addi             x15, x0, 37         x15=00000025
15520417ns          255205 1c009594 04f50863 beq              x10, x15, 80        x10:00000020 x15:00000025
15520437ns          255206 1c009598 01a005b3 add              x11, x0, x26        x11=00000002 x26:00000002
15520457ns          255207 1c00959a 000b00e7 jalr             x1, x22, 0           x1=1c00959c x22:1c0094a6
15520496ns          255209 1c0094a6 000026b7 lui              x13, 0x2000         x13=00002000
15520516ns          255210 1c0094a8 f14027f3 csrrs            x15, x0, 0xf14      x15=00000002
15520536ns          255211 1c0094ac f8068693 addi             x13, x13, -128      x13=00001f80 x13:00002000
15520556ns          255212 1c0094b0 00379713 slli             x14, x15, 0x3       x14=00000010 x15:00000002
15520576ns          255213 1c0094b4 00279793 slli             x15, x15, 0x2       x15=00000008 x15:00000002
15520596ns          255214 1c0094b6 00d7f7b3 and              x15, x15, x13       x15=00000000 x15:00000008 x13:00001f80
15520616ns          255215 1c0094b8 ee873733 p.bclr           x14, x14, 23, 8     x14=00000010 x14:00000010
15520636ns          255216 1c0094bc 1a10f6b7 lui              x13, 0x1a10f000     x13=1a10f000
15520655ns          255217 1c0094c0 0ff57513 andi             x10, x10, 255       x10=00000020 x10:00000020
15520675ns          255218 1c0094c4 00d70733 add              x14, x14, x13       x14=1a10f010 x14:00000010 x13:1a10f000
15520695ns          255219 1c0094c6 00a7e723 p.sw             x10, x0(x15)        x10:00000020 x15:00000000  PA:1a10f010
15521013ns          255235 1c0094ca 00000513 addi             x10, x0, 0          x10=00000000
15521033ns          255236 1c0094cc 00008067 jalr             x0, x1, 0            x1:1c00959c
15521073ns          255238 1c00959c 31f52563 p.beqimm         x10, 778            x10:00000000
15521093ns          255239 1c0095a0 001d8d93 addi             x27, x27, 1         x27=00000020 x27:0000001f
15521113ns          255240 1c0095a2 00044503 lbu              x10, 0(x8)          x10=00000028  x8:1c00007d  PA:1c00007d
15521411ns          255255 1c0095a6 00140413 addi             x8, x8, 1            x8=1c00007e  x8:1c00007d
15521431ns          255256 1c0095a8 fe0514e3 bne              x10, x0, -24        x10:00000028
15521491ns          255259 1c009590 02500793 addi             x15, x0, 37         x15=00000025
15521511ns          255260 1c009594 04f50863 beq              x10, x15, 80        x10:00000028 x15:00000025
15521531ns          255261 1c009598 01a005b3 add              x11, x0, x26        x11=00000002 x26:00000002
15521551ns          255262 1c00959a 000b00e7 jalr             x1, x22, 0           x1=1c00959c x22:1c0094a6
15521590ns          255264 1c0094a6 000026b7 lui              x13, 0x2000         x13=00002000
15521610ns          255265 1c0094a8 f14027f3 csrrs            x15, x0, 0xf14      x15=00000002
15521630ns          255266 1c0094ac f8068693 addi             x13, x13, -128      x13=00001f80 x13:00002000
15521650ns          255267 1c0094b0 00379713 slli             x14, x15, 0x3       x14=00000010 x15:00000002
15521670ns          255268 1c0094b4 00279793 slli             x15, x15, 0x2       x15=00000008 x15:00000002
15521690ns          255269 1c0094b6 00d7f7b3 and              x15, x15, x13       x15=00000000 x15:00000008 x13:00001f80
15521710ns          255270 1c0094b8 ee873733 p.bclr           x14, x14, 23, 8     x14=00000010 x14:00000010
15521730ns          255271 1c0094bc 1a10f6b7 lui              x13, 0x1a10f000     x13=1a10f000
15521749ns          255272 1c0094c0 0ff57513 andi             x10, x10, 255       x10=00000028 x10:00000028
15521769ns          255273 1c0094c4 00d70733 add              x14, x14, x13       x14=1a10f010 x14:00000010 x13:1a10f000
15521789ns          255274 1c0094c6 00a7e723 p.sw             x10, x0(x15)        x10:00000028 x15:00000000  PA:1a10f010
15522127ns          255291 1c0094ca 00000513 addi             x10, x0, 0          x10=00000000
15522147ns          255292 1c0094cc 00008067 jalr             x0, x1, 0            x1:1c00959c
15522187ns          255294 1c00959c 31f52563 p.beqimm         x10, 778            x10:00000000
15522207ns          255295 1c0095a0 001d8d93 addi             x27, x27, 1         x27=00000021 x27:00000020
15522227ns          255296 1c0095a2 00044503 lbu              x10, 0(x8)          x10=00000063  x8:1c00007e  PA:1c00007e
15522525ns          255311 1c0095a6 00140413 addi             x8, x8, 1            x8=1c00007f  x8:1c00007e
15522545ns          255312 1c0095a8 fe0514e3 bne              x10, x0, -24        x10:00000063
15522605ns          255315 1c009590 02500793 addi             x15, x0, 37         x15=00000025
15522625ns          255316 1c009594 04f50863 beq              x10, x15, 80        x10:00000063 x15:00000025
15522644ns          255317 1c009598 01a005b3 add              x11, x0, x26        x11=00000002 x26:00000002
15522664ns          255318 1c00959a 000b00e7 jalr             x1, x22, 0           x1=1c00959c x22:1c0094a6
15522704ns          255320 1c0094a6 000026b7 lui              x13, 0x2000         x13=00002000
15522724ns          255321 1c0094a8 f14027f3 csrrs            x15, x0, 0xf14      x15=00000002
15522744ns          255322 1c0094ac f8068693 addi             x13, x13, -128      x13=00001f80 x13:00002000
15522764ns          255323 1c0094b0 00379713 slli             x14, x15, 0x3       x14=00000010 x15:00000002
15522784ns          255324 1c0094b4 00279793 slli             x15, x15, 0x2       x15=00000008 x15:00000002
15522804ns          255325 1c0094b6 00d7f7b3 and              x15, x15, x13       x15=00000000 x15:00000008 x13:00001f80
15522824ns          255326 1c0094b8 ee873733 p.bclr           x14, x14, 23, 8     x14=00000010 x14:00000010
15522843ns          255327 1c0094bc 1a10f6b7 lui              x13, 0x1a10f000     x13=1a10f000
15522863ns          255328 1c0094c0 0ff57513 andi             x10, x10, 255       x10=00000063 x10:00000063
15522883ns          255329 1c0094c4 00d70733 add              x14, x14, x13       x14=1a10f010 x14:00000010 x13:1a10f000
15522903ns          255330 1c0094c6 00a7e723 p.sw             x10, x0(x15)        x10:00000063 x15:00000000  PA:1a10f010
15523221ns          255346 1c0094ca 00000513 addi             x10, x0, 0          x10=00000000
15523241ns          255347 1c0094cc 00008067 jalr             x0, x1, 0            x1:1c00959c
15523281ns          255349 1c00959c 31f52563 p.beqimm         x10, 778            x10:00000000
15523301ns          255350 1c0095a0 001d8d93 addi             x27, x27, 1         x27=00000022 x27:00000021
15523321ns          255351 1c0095a2 00044503 lbu              x10, 0(x8)          x10=0000006f  x8:1c00007f  PA:1c00007f
15523619ns          255366 1c0095a6 00140413 addi             x8, x8, 1            x8=1c000080  x8:1c00007f
15523639ns          255367 1c0095a8 fe0514e3 bne              x10, x0, -24        x10:0000006f
15523699ns          255370 1c009590 02500793 addi             x15, x0, 37         x15=00000025
15523719ns          255371 1c009594 04f50863 beq              x10, x15, 80        x10:0000006f x15:00000025
15523738ns          255372 1c009598 01a005b3 add              x11, x0, x26        x11=00000002 x26:00000002
15523758ns          255373 1c00959a 000b00e7 jalr             x1, x22, 0           x1=1c00959c x22:1c0094a6
15523798ns          255375 1c0094a6 000026b7 lui              x13, 0x2000         x13=00002000
15523818ns          255376 1c0094a8 f14027f3 csrrs            x15, x0, 0xf14      x15=00000002
15523838ns          255377 1c0094ac f8068693 addi             x13, x13, -128      x13=00001f80 x13:00002000
15523858ns          255378 1c0094b0 00379713 slli             x14, x15, 0x3       x14=00000010 x15:00000002
15523878ns          255379 1c0094b4 00279793 slli             x15, x15, 0x2       x15=00000008 x15:00000002
15523898ns          255380 1c0094b6 00d7f7b3 and              x15, x15, x13       x15=00000000 x15:00000008 x13:00001f80
15523918ns          255381 1c0094b8 ee873733 p.bclr           x14, x14, 23, 8     x14=00000010 x14:00000010
15523937ns          255382 1c0094bc 1a10f6b7 lui              x13, 0x1a10f000     x13=1a10f000
15523957ns          255383 1c0094c0 0ff57513 andi             x10, x10, 255       x10=0000006f x10:0000006f
15523977ns          255384 1c0094c4 00d70733 add              x14, x14, x13       x14=1a10f010 x14:00000010 x13:1a10f000
15523997ns          255385 1c0094c6 00a7e723 p.sw             x10, x0(x15)        x10:0000006f x15:00000000  PA:1a10f010
15524315ns          255401 1c0094ca 00000513 addi             x10, x0, 0          x10=00000000
15524335ns          255402 1c0094cc 00008067 jalr             x0, x1, 0            x1:1c00959c
15524375ns          255404 1c00959c 31f52563 p.beqimm         x10, 778            x10:00000000
15524395ns          255405 1c0095a0 001d8d93 addi             x27, x27, 1         x27=00000023 x27:00000022
15524415ns          255406 1c0095a2 00044503 lbu              x10, 0(x8)          x10=00000072  x8:1c000080  PA:1c000080
15524713ns          255421 1c0095a6 00140413 addi             x8, x8, 1            x8=1c000081  x8:1c000080
15524733ns          255422 1c0095a8 fe0514e3 bne              x10, x0, -24        x10:00000072
15524793ns          255425 1c009590 02500793 addi             x15, x0, 37         x15=00000025
15524813ns          255426 1c009594 04f50863 beq              x10, x15, 80        x10:00000072 x15:00000025
15524832ns          255427 1c009598 01a005b3 add              x11, x0, x26        x11=00000002 x26:00000002
15524852ns          255428 1c00959a 000b00e7 jalr             x1, x22, 0           x1=1c00959c x22:1c0094a6
15524892ns          255430 1c0094a6 000026b7 lui              x13, 0x2000         x13=00002000
15524912ns          255431 1c0094a8 f14027f3 csrrs            x15, x0, 0xf14      x15=00000002
15524932ns          255432 1c0094ac f8068693 addi             x13, x13, -128      x13=00001f80 x13:00002000
15524952ns          255433 1c0094b0 00379713 slli             x14, x15, 0x3       x14=00000010 x15:00000002
15524972ns          255434 1c0094b4 00279793 slli             x15, x15, 0x2       x15=00000008 x15:00000002
15524992ns          255435 1c0094b6 00d7f7b3 and              x15, x15, x13       x15=00000000 x15:00000008 x13:00001f80
15525011ns          255436 1c0094b8 ee873733 p.bclr           x14, x14, 23, 8     x14=00000010 x14:00000010
15525031ns          255437 1c0094bc 1a10f6b7 lui              x13, 0x1a10f000     x13=1a10f000
15525051ns          255438 1c0094c0 0ff57513 andi             x10, x10, 255       x10=00000072 x10:00000072
15525071ns          255439 1c0094c4 00d70733 add              x14, x14, x13       x14=1a10f010 x14:00000010 x13:1a10f000
15525091ns          255440 1c0094c6 00a7e723 p.sw             x10, x0(x15)        x10:00000072 x15:00000000  PA:1a10f010
15525429ns          255457 1c0094ca 00000513 addi             x10, x0, 0          x10=00000000
15525449ns          255458 1c0094cc 00008067 jalr             x0, x1, 0            x1:1c00959c
15525489ns          255460 1c00959c 31f52563 p.beqimm         x10, 778            x10:00000000
15525509ns          255461 1c0095a0 001d8d93 addi             x27, x27, 1         x27=00000024 x27:00000023
15525529ns          255462 1c0095a2 00044503 lbu              x10, 0(x8)          x10=00000065  x8:1c000081  PA:1c000081
15525827ns          255477 1c0095a6 00140413 addi             x8, x8, 1            x8=1c000082  x8:1c000081
15525847ns          255478 1c0095a8 fe0514e3 bne              x10, x0, -24        x10:00000065
15525907ns          255481 1c009590 02500793 addi             x15, x0, 37         x15=00000025
15525926ns          255482 1c009594 04f50863 beq              x10, x15, 80        x10:00000065 x15:00000025
15525946ns          255483 1c009598 01a005b3 add              x11, x0, x26        x11=00000002 x26:00000002
15525966ns          255484 1c00959a 000b00e7 jalr             x1, x22, 0           x1=1c00959c x22:1c0094a6
15526006ns          255486 1c0094a6 000026b7 lui              x13, 0x2000         x13=00002000
15526026ns          255487 1c0094a8 f14027f3 csrrs            x15, x0, 0xf14      x15=00000002
15526046ns          255488 1c0094ac f8068693 addi             x13, x13, -128      x13=00001f80 x13:00002000
15526066ns          255489 1c0094b0 00379713 slli             x14, x15, 0x3       x14=00000010 x15:00000002
15526086ns          255490 1c0094b4 00279793 slli             x15, x15, 0x2       x15=00000008 x15:00000002
15526105ns          255491 1c0094b6 00d7f7b3 and              x15, x15, x13       x15=00000000 x15:00000008 x13:00001f80
15526125ns          255492 1c0094b8 ee873733 p.bclr           x14, x14, 23, 8     x14=00000010 x14:00000010
15526145ns          255493 1c0094bc 1a10f6b7 lui              x13, 0x1a10f000     x13=1a10f000
15526165ns          255494 1c0094c0 0ff57513 andi             x10, x10, 255       x10=00000065 x10:00000065
15526185ns          255495 1c0094c4 00d70733 add              x14, x14, x13       x14=1a10f010 x14:00000010 x13:1a10f000
15526205ns          255496 1c0094c6 00a7e723 p.sw             x10, x0(x15)        x10:00000065 x15:00000000  PA:1a10f010
15526543ns          255513 1c0094ca 00000513 addi             x10, x0, 0          x10=00000000
15526563ns          255514 1c0094cc 00008067 jalr             x0, x1, 0            x1:1c00959c
15526603ns          255516 1c00959c 31f52563 p.beqimm         x10, 778            x10:00000000
15526623ns          255517 1c0095a0 001d8d93 addi             x27, x27, 1         x27=00000025 x27:00000024
15526643ns          255518 1c0095a2 00044503 lbu              x10, 0(x8)          x10=00000069  x8:1c000082  PA:1c000082
15526941ns          255533 1c0095a6 00140413 addi             x8, x8, 1            x8=1c000083  x8:1c000082
15526961ns          255534 1c0095a8 fe0514e3 bne              x10, x0, -24        x10:00000069
15527020ns          255537 1c009590 02500793 addi             x15, x0, 37         x15=00000025
15527040ns          255538 1c009594 04f50863 beq              x10, x15, 80        x10:00000069 x15:00000025
15527060ns          255539 1c009598 01a005b3 add              x11, x0, x26        x11=00000002 x26:00000002
15527080ns          255540 1c00959a 000b00e7 jalr             x1, x22, 0           x1=1c00959c x22:1c0094a6
15527120ns          255542 1c0094a6 000026b7 lui              x13, 0x2000         x13=00002000
15527140ns          255543 1c0094a8 f14027f3 csrrs            x15, x0, 0xf14      x15=00000002
15527160ns          255544 1c0094ac f8068693 addi             x13, x13, -128      x13=00001f80 x13:00002000
15527180ns          255545 1c0094b0 00379713 slli             x14, x15, 0x3       x14=00000010 x15:00000002
15527199ns          255546 1c0094b4 00279793 slli             x15, x15, 0x2       x15=00000008 x15:00000002
15527219ns          255547 1c0094b6 00d7f7b3 and              x15, x15, x13       x15=00000000 x15:00000008 x13:00001f80
15527239ns          255548 1c0094b8 ee873733 p.bclr           x14, x14, 23, 8     x14=00000010 x14:00000010
15527259ns          255549 1c0094bc 1a10f6b7 lui              x13, 0x1a10f000     x13=1a10f000
15527279ns          255550 1c0094c0 0ff57513 andi             x10, x10, 255       x10=00000069 x10:00000069
15527299ns          255551 1c0094c4 00d70733 add              x14, x14, x13       x14=1a10f010 x14:00000010 x13:1a10f000
15527319ns          255552 1c0094c6 00a7e723 p.sw             x10, x0(x15)        x10:00000069 x15:00000000  PA:1a10f010
15527637ns          255568 1c0094ca 00000513 addi             x10, x0, 0          x10=00000000
15527657ns          255569 1c0094cc 00008067 jalr             x0, x1, 0            x1:1c00959c
15527697ns          255571 1c00959c 31f52563 p.beqimm         x10, 778            x10:00000000
15527717ns          255572 1c0095a0 001d8d93 addi             x27, x27, 1         x27=00000026 x27:00000025
15527737ns          255573 1c0095a2 00044503 lbu              x10, 0(x8)          x10=00000064  x8:1c000083  PA:1c000083
15528035ns          255588 1c0095a6 00140413 addi             x8, x8, 1            x8=1c000084  x8:1c000083
15528055ns          255589 1c0095a8 fe0514e3 bne              x10, x0, -24        x10:00000064
15528114ns          255592 1c009590 02500793 addi             x15, x0, 37         x15=00000025
15528134ns          255593 1c009594 04f50863 beq              x10, x15, 80        x10:00000064 x15:00000025
15528154ns          255594 1c009598 01a005b3 add              x11, x0, x26        x11=00000002 x26:00000002
15528174ns          255595 1c00959a 000b00e7 jalr             x1, x22, 0           x1=1c00959c x22:1c0094a6
15528214ns          255597 1c0094a6 000026b7 lui              x13, 0x2000         x13=00002000
15528234ns          255598 1c0094a8 f14027f3 csrrs            x15, x0, 0xf14      x15=00000002
15528254ns          255599 1c0094ac f8068693 addi             x13, x13, -128      x13=00001f80 x13:00002000
15528274ns          255600 1c0094b0 00379713 slli             x14, x15, 0x3       x14=00000010 x15:00000002
15528293ns          255601 1c0094b4 00279793 slli             x15, x15, 0x2       x15=00000008 x15:00000002
15528313ns          255602 1c0094b6 00d7f7b3 and              x15, x15, x13       x15=00000000 x15:00000008 x13:00001f80
15528333ns          255603 1c0094b8 ee873733 p.bclr           x14, x14, 23, 8     x14=00000010 x14:00000010
15528353ns          255604 1c0094bc 1a10f6b7 lui              x13, 0x1a10f000     x13=1a10f000
15528373ns          255605 1c0094c0 0ff57513 andi             x10, x10, 255       x10=00000064 x10:00000064
15528393ns          255606 1c0094c4 00d70733 add              x14, x14, x13       x14=1a10f010 x14:00000010 x13:1a10f000
15528413ns          255607 1c0094c6 00a7e723 p.sw             x10, x0(x15)        x10:00000064 x15:00000000  PA:1a10f010
15528751ns          255624 1c0094ca 00000513 addi             x10, x0, 0          x10=00000000
15528771ns          255625 1c0094cc 00008067 jalr             x0, x1, 0            x1:1c00959c
15528811ns          255627 1c00959c 31f52563 p.beqimm         x10, 778            x10:00000000
15528831ns          255628 1c0095a0 001d8d93 addi             x27, x27, 1         x27=00000027 x27:00000026
15528850ns          255629 1c0095a2 00044503 lbu              x10, 0(x8)          x10=00000020  x8:1c000084  PA:1c000084
15529149ns          255644 1c0095a6 00140413 addi             x8, x8, 1            x8=1c000085  x8:1c000084
15529169ns          255645 1c0095a8 fe0514e3 bne              x10, x0, -24        x10:00000020
15529228ns          255648 1c009590 02500793 addi             x15, x0, 37         x15=00000025
15529248ns          255649 1c009594 04f50863 beq              x10, x15, 80        x10:00000020 x15:00000025
15529268ns          255650 1c009598 01a005b3 add              x11, x0, x26        x11=00000002 x26:00000002
15529288ns          255651 1c00959a 000b00e7 jalr             x1, x22, 0           x1=1c00959c x22:1c0094a6
15529328ns          255653 1c0094a6 000026b7 lui              x13, 0x2000         x13=00002000
15529348ns          255654 1c0094a8 f14027f3 csrrs            x15, x0, 0xf14      x15=00000002
15529368ns          255655 1c0094ac f8068693 addi             x13, x13, -128      x13=00001f80 x13:00002000
15529387ns          255656 1c0094b0 00379713 slli             x14, x15, 0x3       x14=00000010 x15:00000002
15529407ns          255657 1c0094b4 00279793 slli             x15, x15, 0x2       x15=00000008 x15:00000002
15529427ns          255658 1c0094b6 00d7f7b3 and              x15, x15, x13       x15=00000000 x15:00000008 x13:00001f80
15529447ns          255659 1c0094b8 ee873733 p.bclr           x14, x14, 23, 8     x14=00000010 x14:00000010
15529467ns          255660 1c0094bc 1a10f6b7 lui              x13, 0x1a10f000     x13=1a10f000
15529487ns          255661 1c0094c0 0ff57513 andi             x10, x10, 255       x10=00000020 x10:00000020
15529507ns          255662 1c0094c4 00d70733 add              x14, x14, x13       x14=1a10f010 x14:00000010 x13:1a10f000
15529527ns          255663 1c0094c6 00a7e723 p.sw             x10, x0(x15)        x10:00000020 x15:00000000  PA:1a10f010
15529845ns          255679 1c0094ca 00000513 addi             x10, x0, 0          x10=00000000
15529865ns          255680 1c0094cc 00008067 jalr             x0, x1, 0            x1:1c00959c
15529905ns          255682 1c00959c 31f52563 p.beqimm         x10, 778            x10:00000000
15529925ns          255683 1c0095a0 001d8d93 addi             x27, x27, 1         x27=00000028 x27:00000027
15529944ns          255684 1c0095a2 00044503 lbu              x10, 0(x8)          x10=0000003d  x8:1c000085  PA:1c000085
15530243ns          255699 1c0095a6 00140413 addi             x8, x8, 1            x8=1c000086  x8:1c000085
15530263ns          255700 1c0095a8 fe0514e3 bne              x10, x0, -24        x10:0000003d
15530322ns          255703 1c009590 02500793 addi             x15, x0, 37         x15=00000025
15530342ns          255704 1c009594 04f50863 beq              x10, x15, 80        x10:0000003d x15:00000025
15530362ns          255705 1c009598 01a005b3 add              x11, x0, x26        x11=00000002 x26:00000002
15530382ns          255706 1c00959a 000b00e7 jalr             x1, x22, 0           x1=1c00959c x22:1c0094a6
15530422ns          255708 1c0094a6 000026b7 lui              x13, 0x2000         x13=00002000
15530442ns          255709 1c0094a8 f14027f3 csrrs            x15, x0, 0xf14      x15=00000002
15530462ns          255710 1c0094ac f8068693 addi             x13, x13, -128      x13=00001f80 x13:00002000
15530481ns          255711 1c0094b0 00379713 slli             x14, x15, 0x3       x14=00000010 x15:00000002
15530501ns          255712 1c0094b4 00279793 slli             x15, x15, 0x2       x15=00000008 x15:00000002
15530521ns          255713 1c0094b6 00d7f7b3 and              x15, x15, x13       x15=00000000 x15:00000008 x13:00001f80
15530541ns          255714 1c0094b8 ee873733 p.bclr           x14, x14, 23, 8     x14=00000010 x14:00000010
15530561ns          255715 1c0094bc 1a10f6b7 lui              x13, 0x1a10f000     x13=1a10f000
15530581ns          255716 1c0094c0 0ff57513 andi             x10, x10, 255       x10=0000003d x10:0000003d
15530601ns          255717 1c0094c4 00d70733 add              x14, x14, x13       x14=1a10f010 x14:00000010 x13:1a10f000
15530621ns          255718 1c0094c6 00a7e723 p.sw             x10, x0(x15)        x10:0000003d x15:00000000  PA:1a10f010
15530939ns          255734 1c0094ca 00000513 addi             x10, x0, 0          x10=00000000
15530959ns          255735 1c0094cc 00008067 jalr             x0, x1, 0            x1:1c00959c
15530999ns          255737 1c00959c 31f52563 p.beqimm         x10, 778            x10:00000000
15531018ns          255738 1c0095a0 001d8d93 addi             x27, x27, 1         x27=00000029 x27:00000028
15531038ns          255739 1c0095a2 00044503 lbu              x10, 0(x8)          x10=00000020  x8:1c000086  PA:1c000086
15531337ns          255754 1c0095a6 00140413 addi             x8, x8, 1            x8=1c000087  x8:1c000086
15531357ns          255755 1c0095a8 fe0514e3 bne              x10, x0, -24        x10:00000020
15531416ns          255758 1c009590 02500793 addi             x15, x0, 37         x15=00000025
15531436ns          255759 1c009594 04f50863 beq              x10, x15, 80        x10:00000020 x15:00000025
15531456ns          255760 1c009598 01a005b3 add              x11, x0, x26        x11=00000002 x26:00000002
15531476ns          255761 1c00959a 000b00e7 jalr             x1, x22, 0           x1=1c00959c x22:1c0094a6
15531516ns          255763 1c0094a6 000026b7 lui              x13, 0x2000         x13=00002000
15531536ns          255764 1c0094a8 f14027f3 csrrs            x15, x0, 0xf14      x15=00000002
15531556ns          255765 1c0094ac f8068693 addi             x13, x13, -128      x13=00001f80 x13:00002000
15531575ns          255766 1c0094b0 00379713 slli             x14, x15, 0x3       x14=00000010 x15:00000002
15531595ns          255767 1c0094b4 00279793 slli             x15, x15, 0x2       x15=00000008 x15:00000002
15531615ns          255768 1c0094b6 00d7f7b3 and              x15, x15, x13       x15=00000000 x15:00000008 x13:00001f80
15531635ns          255769 1c0094b8 ee873733 p.bclr           x14, x14, 23, 8     x14=00000010 x14:00000010
15531655ns          255770 1c0094bc 1a10f6b7 lui              x13, 0x1a10f000     x13=1a10f000
15531675ns          255771 1c0094c0 0ff57513 andi             x10, x10, 255       x10=00000020 x10:00000020
15531695ns          255772 1c0094c4 00d70733 add              x14, x14, x13       x14=1a10f010 x14:00000010 x13:1a10f000
15531715ns          255773 1c0094c6 00a7e723 p.sw             x10, x0(x15)        x10:00000020 x15:00000000  PA:1a10f010
15532053ns          255790 1c0094ca 00000513 addi             x10, x0, 0          x10=00000000
15532073ns          255791 1c0094cc 00008067 jalr             x0, x1, 0            x1:1c00959c
15532112ns          255793 1c00959c 31f52563 p.beqimm         x10, 778            x10:00000000
15532132ns          255794 1c0095a0 001d8d93 addi             x27, x27, 1         x27=0000002a x27:00000029
15532152ns          255795 1c0095a2 00044503 lbu              x10, 0(x8)          x10=00000025  x8:1c000087  PA:1c000087
15532451ns          255810 1c0095a6 00140413 addi             x8, x8, 1            x8=1c000088  x8:1c000087
15532471ns          255811 1c0095a8 fe0514e3 bne              x10, x0, -24        x10:00000025
15532530ns          255814 1c009590 02500793 addi             x15, x0, 37         x15=00000025
15532550ns          255815 1c009594 04f50863 beq              x10, x15, 80        x10:00000025 x15:00000025
15532650ns          255820 1c0095e4 00044483 lbu              x9, 0(x8)            x9=00000064  x8:1c000088  PA:1c000088
15532968ns          255836 1c0095e8 02000693 addi             x13, x0, 32         x13=00000020
15532988ns          255837 1c0095ec 00140a93 addi             x21, x8, 1          x21=1c000089  x8:1c000088
15533008ns          255838 1c0095f0 009005b3 add              x11, x0, x9         x11=00000064  x9:00000064
15533027ns          255839 1c0095f2 1ccb8513 addi             x10, x23, 460       x10=1c0001cc x23:1c000000
15533047ns          255840 1c0095f6 00d12823 sw               x13, 16(x2)         x13:00000020  x2:100014d8  PA:100014e8
15533067ns          255841 1c0095f8 00012c23 sw               x0, 24(x2)           x2:100014d8  PA:100014f0
15533087ns          255842 1c0095fa 00012a23 sw               x0, 20(x2)           x2:100014d8  PA:100014ec
15533107ns          255843 1c0095fc 00012e23 sw               x0, 28(x2)           x2:100014d8  PA:100014f4
15533127ns          255844 1c0095fe 00012623 sw               x0, 12(x2)           x2:100014d8  PA:100014e4
15533147ns          255845 1c009600 02300913 addi             x18, x0, 35         x18=00000023
15533167ns          255846 1c009604 02d00a13 addi             x20, x0, 45         x20=0000002d
15533187ns          255847 1c009608 015009b3 add              x19, x0, x21        x19=1c000089 x21:1c000089
15533206ns          255848 1c00960a e1dff0ef jal              x1, -484             x1=1c00960c
15533326ns          255854 1c009426 00054783 lbu              x15, 0(x10)         x15=0000002d x10:1c0001cc  PA:1c0001cc
15533624ns          255869 1c00942a 0ff5f593 andi             x11, x11, 255       x11=00000064 x11:00000064
15533644ns          255870 1c00942e 00b78c63 beq              x15, x11, 24        x15:0000002d x11:00000064
15533664ns          255871 1c009432 00078b63 beq              x15, x0, 22         x15:0000002d
15533684ns          255872 1c009434 00150793 addi             x15, x10, 1         x15=1c0001cd x10:1c0001cc
15533704ns          255873 1c009438 0040006f jal              x0, 4              
15533803ns          255878 1c00943c 00f00533 add              x10, x0, x15        x10=1c0001cd x15:1c0001cd
15533823ns          255879 1c00943e 0017c70b p.lbu            x14, 1(x15!)        x14=0000002b x15=1c0001ce x15:1c0001cd  PA:1c0001cd
15534141ns          255895 1c009442 feb71ce3 bne              x14, x11, -8        x14:0000002b x11:00000064
15534201ns          255898 1c00943a 00070763 beq              x14, x0, 14         x14:0000002b
15534221ns          255899 1c00943c 00f00533 add              x10, x0, x15        x10=1c0001ce x15:1c0001ce
15534241ns          255900 1c00943e 0017c70b p.lbu            x14, 1(x15!)        x14=00000020 x15=1c0001cf x15:1c0001ce  PA:1c0001ce
15534579ns          255917 1c009442 feb71ce3 bne              x14, x11, -8        x14:00000020 x11:00000064
15534639ns          255920 1c00943a 00070763 beq              x14, x0, 14         x14:00000020
15534659ns          255921 1c00943c 00f00533 add              x10, x0, x15        x10=1c0001cf x15:1c0001cf
15534678ns          255922 1c00943e 0017c70b p.lbu            x14, 1(x15!)        x14=00000023 x15=1c0001d0 x15:1c0001cf  PA:1c0001cf
15534997ns          255938 1c009442 feb71ce3 bne              x14, x11, -8        x14:00000023 x11:00000064
15535056ns          255941 1c00943a 00070763 beq              x14, x0, 14         x14:00000023
15535076ns          255942 1c00943c 00f00533 add              x10, x0, x15        x10=1c0001d0 x15:1c0001d0
15535096ns          255943 1c00943e 0017c70b p.lbu            x14, 1(x15!)        x14=00000030 x15=1c0001d1 x15:1c0001d0  PA:1c0001d0
15535414ns          255959 1c009442 feb71ce3 bne              x14, x11, -8        x14:00000030 x11:00000064
15535474ns          255962 1c00943a 00070763 beq              x14, x0, 14         x14:00000030
15535494ns          255963 1c00943c 00f00533 add              x10, x0, x15        x10=1c0001d1 x15:1c0001d1
15535514ns          255964 1c00943e 0017c70b p.lbu            x14, 1(x15!)        x14=00000000 x15=1c0001d2 x15:1c0001d1  PA:1c0001d1
15535832ns          255980 1c009442 feb71ce3 bne              x14, x11, -8        x14:00000000 x11:00000064
15535892ns          255983 1c00943a 00070763 beq              x14, x0, 14         x14:00000000
15535951ns          255986 1c009448 0015b593 sltiu            x11, x11, 1         x11=00000000 x11:00000064
15535971ns          255987 1c00944c 40b005b3 sub              x11, x0, x11        x11=00000000 x11:00000000
15535991ns          255988 1c009450 00b57533 and              x10, x10, x11       x10=00000000 x10:1c0001d1 x11:00000000
15536011ns          255989 1c009452 00008067 jalr             x0, x1, 0            x1:1c00960c
15536051ns          255991 1c00960c 02050a63 beq              x10, x0, 52         x10:00000000
15536150ns          255996 1c009640 02a00613 addi             x12, x0, 42         x12=0000002a
15536190ns          255998 1c009644 2ac48663 beq              x9, x12, 684         x9:00000064 x12:0000002a
15536210ns          255999 1c009648 fd048613 addi             x12, x9, -48        x12=00000034  x9:00000064
15536230ns          256000 1c00964c 00900593 addi             x11, x0, 9          x11=00000009
15536250ns          256001 1c00964e 00000913 addi             x18, x0, 0          x18=00000000
15536290ns          256003 1c009650 28c5f063 bgeu             x11, x12, 640       x11:00000009 x12:00000034
15536329ns          256005 1c009654 02e00693 addi             x13, x0, 46         x13=0000002e
15536349ns          256006 1c009658 fff00a13 addi             x20, x0, -1         x20=ffffffff
15536369ns          256007 1c00965a 2ed48363 beq              x9, x13, 742         x9:00000064 x13:0000002e
15536389ns          256008 1c00965e 1c0007b7 lui              x15, 0x1c000000     x15=1c000000
15536409ns          256009 1c009662 009005b3 add              x11, x0, x9         x11=00000064  x9:00000064
15536429ns          256010 1c009664 1d478513 addi             x10, x15, 468       x10=1c0001d4 x15:1c000000
15536449ns          256011 1c009668 dbfff0ef jal              x1, -578             x1=1c00966a
15536508ns          256014 1c009426 00054783 lbu              x15, 0(x10)         x15=00000068 x10:1c0001d4  PA:1c0001d4
15536807ns          256029 1c00942a 0ff5f593 andi             x11, x11, 255       x11=00000064 x11:00000064
15536827ns          256030 1c00942e 00b78c63 beq              x15, x11, 24        x15:00000068 x11:00000064
15536846ns          256031 1c009432 00078b63 beq              x15, x0, 22         x15:00000068
15536866ns          256032 1c009434 00150793 addi             x15, x10, 1         x15=1c0001d5 x10:1c0001d4
15536886ns          256033 1c009438 0040006f jal              x0, 4              
15536926ns          256035 1c00943c 00f00533 add              x10, x0, x15        x10=1c0001d5 x15:1c0001d5
15536946ns          256036 1c00943e 0017c70b p.lbu            x14, 1(x15!)        x14=0000006c x15=1c0001d6 x15:1c0001d5  PA:1c0001d5
15537284ns          256053 1c009442 feb71ce3 bne              x14, x11, -8        x14:0000006c x11:00000064
15537344ns          256056 1c00943a 00070763 beq              x14, x0, 14         x14:0000006c
15537364ns          256057 1c00943c 00f00533 add              x10, x0, x15        x10=1c0001d6 x15:1c0001d6
15537384ns          256058 1c00943e 0017c70b p.lbu            x14, 1(x15!)        x14=0000004c x15=1c0001d7 x15:1c0001d6  PA:1c0001d6
15537722ns          256075 1c009442 feb71ce3 bne              x14, x11, -8        x14:0000004c x11:00000064
15537781ns          256078 1c00943a 00070763 beq              x14, x0, 14         x14:0000004c
15537801ns          256079 1c00943c 00f00533 add              x10, x0, x15        x10=1c0001d7 x15:1c0001d7
15537821ns          256080 1c00943e 0017c70b p.lbu            x14, 1(x15!)        x14=0000007a x15=1c0001d8 x15:1c0001d7  PA:1c0001d7
15538139ns          256096 1c009442 feb71ce3 bne              x14, x11, -8        x14:0000007a x11:00000064
15538199ns          256099 1c00943a 00070763 beq              x14, x0, 14         x14:0000007a
15538219ns          256100 1c00943c 00f00533 add              x10, x0, x15        x10=1c0001d8 x15:1c0001d8
15538239ns          256101 1c00943e 0017c70b p.lbu            x14, 1(x15!)        x14=00000000 x15=1c0001d9 x15:1c0001d8  PA:1c0001d8
15538577ns          256118 1c009442 feb71ce3 bne              x14, x11, -8        x14:00000000 x11:00000064
15538637ns          256121 1c00943a 00070763 beq              x14, x0, 14         x14:00000000
15538696ns          256124 1c009448 0015b593 sltiu            x11, x11, 1         x11=00000000 x11:00000064
15538716ns          256125 1c00944c 40b005b3 sub              x11, x0, x11        x11=00000000 x11:00000000
15538736ns          256126 1c009450 00b57533 and              x10, x10, x11       x10=00000000 x10:1c0001d8 x11:00000000
15538756ns          256127 1c009452 00008067 jalr             x0, x1, 0            x1:1c00966a
15538796ns          256129 1c00966a 01300433 add              x8, x0, x19          x8=1c000089 x19:1c000089
15538816ns          256130 1c00966c 00050563 beq              x10, x0, 10         x10:00000000
15538895ns          256134 1c009676 06700693 addi             x13, x0, 103        x13=00000067
15538915ns          256135 1c00967a 2896d963 bge              x13, x9, 658        x13:00000067  x9:00000064
15539015ns          256140 1c00990c 06500693 addi             x13, x0, 101        x13=00000065
15539074ns          256143 1c009910 12d4d563 bge              x9, x13, 298         x9:00000064 x13:00000065
15539114ns          256145 1c009914 04700693 addi             x13, x0, 71         x13=00000047
15539134ns          256146 1c009918 dc96cbe3 blt              x13, x9, -554       x13:00000047  x9:00000064
15539313ns          256155 1c0096ee 06300693 addi             x13, x0, 99         x13=00000063
15539353ns          256157 1c0096f2 0ad488e3 beq              x9, x13, 2224        x9:00000064 x13:00000063
15539373ns          256158 1c0096f6 0096c9e3 blt              x13, x9, 2066       x13:00000063  x9:00000064
15539532ns          256166 1c009f08 000c2583 lw               x11, 0(x24)         x11=00000002 x24:10001630  PA:10001630
15539572ns          256168 1c009f0c 004c0c13 addi             x24, x24, 4         x24=10001634 x24:10001630
15539631ns          256171 1c009f0e 3405cc63 blt              x11, x0, 856        x11:00000002
15539651ns          256172 1c009f12 01412603 lw               x12, 20(x2)         x12=00000000  x2:100014d8  PA:100014ec
15539671ns          256173 1c009f14 00b006b3 add              x13, x0, x11        x13=00000002 x11:00000002
15539691ns          256174 1c009f16 2e061863 bne              x12, x0, 752        x12:00000000
15539711ns          256175 1c009f1a 01812703 lw               x14, 24(x2)         x14=00000000  x2:100014d8  PA:100014f0
15539731ns          256176 1c009f1c 019007b3 add              x15, x0, x25        x15=100014fc x25:100014fc
15539751ns          256177 1c009f1e 00070763 beq              x14, x0, 14         x14:00000000
15539810ns          256180 1c009f2c 00f00733 add              x14, x0, x15        x14=100014fc x15:100014fc
15539830ns          256181 1c009f2e 00a00513 addi             x10, x0, 10         x10=0000000a
15539870ns          256183 1c009f30 02a6f633 remu             x12, x13, x10       x12=00000002 x13:00000002 x10:0000000a
15540506ns          256215 1c009f34 02a6d6b3 divu             x13, x13, x10       x13=00000000 x13:00000002 x10:0000000a
15541123ns          256246 1c009f38 03060613 addi             x12, x12, 48        x12=00000032 x12:00000002
15541143ns          256247 1c009f3c 00c700ab p.sb             x12, 1(x14!)        x14=100014fd x12:00000032 x14:100014fc  PA:100014fc
15541163ns          256248 1c009f40 fe0698e3 bne              x13, x0, -16        x13:00000000
15541183ns          256249 1c009f42 40f706b3 sub              x13, x14, x15       x13=00000001 x14:100014fd x15:100014fc
15541203ns          256250 1c009f46 0146dc63 bge              x13, x20, 24        x13:00000001 x20:ffffffff
15541322ns          256256 1c009f5e 00e006b3 add              x13, x0, x14        x13=100014fd x14:100014fd
15541382ns          256259 1c009f60 fe068fab p.sb             x0, -1(x13!)        x13=100014fc x13:100014fd  PA:100014fd
15541421ns          256261 1c009f64 00d7fc63 bgeu             x15, x13, 24        x15:100014fc x13:100014fc
15541521ns          256266 1c009f7c 01412783 lw               x15, 20(x2)         x15=00000000  x2:100014d8  PA:100014ec
15541541ns          256267 1c009f7e 01812603 lw               x12, 24(x2)         x12=00000000  x2:100014d8  PA:100014f0
15541600ns          256270 1c009f80 419704b3 sub              x9, x14, x25         x9=00000001 x14:100014fd x25:100014fc
15541640ns          256272 1c009f84 00c7e7b3 or               x15, x15, x12       x15=00000000 x15:00000000 x12:00000000
15541660ns          256273 1c009f86 00f12623 sw               x15, 12(x2)         x15:00000000  x2:100014d8  PA:100014e4
15541680ns          256274 1c009f88 00079363 bne              x15, x0, 6          x15:00000000
15541700ns          256275 1c009f8a 01f5d593 srli             x11, x11, 0x1f      x11=00000000 x11:00000002
15541720ns          256276 1c009f8c 00b12623 sw               x11, 12(x2)         x11:00000000  x2:100014d8  PA:100014e4
15541740ns          256277 1c009f8e e3fa28e3 p.beqimm         x20, -464           x20:ffffffff
15541859ns          256283 1c009dbe 0c800793 addi             x15, x0, 200        x15=000000c8
15541899ns          256285 1c009dc2 9e97d0e3 bge              x15, x9, -1568      x15:000000c8  x9:00000001
15542038ns          256292 1c0097a2 0f24d163 bge              x9, x18, 226         x9:00000001 x18:00000000
15542098ns          256295 1c009884 d00482e3 beq              x9, x0, -764         x9:00000001
15542118ns          256296 1c009888 01900933 add              x18, x0, x25        x18=100014fc x25:100014fc
15542137ns          256297 1c00988a 419d8db3 sub              x27, x27, x25       x27=efffeb2e x27:0000002a x25:100014fc
15542157ns          256298 1c00988e 00a0006f jal              x0, 10             
15542237ns          256302 1c009898 0019450b p.lbu            x10, 1(x18!)        x10=00000032 x18=100014fd x18:100014fc  PA:100014fc
15542257ns          256303 1c00989c 01a005b3 add              x11, x0, x26        x11=00000002 x26:00000002
15542277ns          256304 1c00989e 000b00e7 jalr             x1, x22, 0           x1=1c0098a0 x22:1c0094a6
15542356ns          256308 1c0094a6 000026b7 lui              x13, 0x2000         x13=00002000
15542376ns          256309 1c0094a8 f14027f3 csrrs            x15, x0, 0xf14      x15=00000002
15542396ns          256310 1c0094ac f8068693 addi             x13, x13, -128      x13=00001f80 x13:00002000
15542416ns          256311 1c0094b0 00379713 slli             x14, x15, 0x3       x14=00000010 x15:00000002
15542436ns          256312 1c0094b4 00279793 slli             x15, x15, 0x2       x15=00000008 x15:00000002
15542456ns          256313 1c0094b6 00d7f7b3 and              x15, x15, x13       x15=00000000 x15:00000008 x13:00001f80
15542476ns          256314 1c0094b8 ee873733 p.bclr           x14, x14, 23, 8     x14=00000010 x14:00000010
15542495ns          256315 1c0094bc 1a10f6b7 lui              x13, 0x1a10f000     x13=1a10f000
15542535ns          256317 1c0094c0 0ff57513 andi             x10, x10, 255       x10=00000032 x10:00000032
15542575ns          256319 1c0094c4 00d70733 add              x14, x14, x13       x14=1a10f010 x14:00000010 x13:1a10f000
15542595ns          256320 1c0094c6 00a7e723 p.sw             x10, x0(x15)        x10:00000032 x15:00000000  PA:1a10f010
15542913ns          256336 1c0094ca 00000513 addi             x10, x0, 0          x10=00000000
15542933ns          256337 1c0094cc 00008067 jalr             x0, x1, 0            x1:1c0098a0
15542973ns          256339 1c0098a0 fff48493 addi             x9, x9, -1           x9=00000000  x9:00000001
15542993ns          256340 1c0098a2 fff537e3 p.bneimm         x10, -18            x10:00000000
15543052ns          256343 1c009890 012d8733 add              x14, x27, x18       x14=0000002b x27:efffeb2e x18:100014fd
15543072ns          256344 1c009894 5a048b63 beq              x9, x0, 1462         x9:00000000
15543172ns          256349 1c009e4a 00e00db3 add              x27, x0, x14        x27=0000002b x14:0000002b
15543212ns          256351 1c009e4c f3cff06f jal              x0, -2244          
15543351ns          256358 1c009588 00044503 lbu              x10, 0(x8)          x10=00000029  x8:1c000089  PA:1c000089
15543669ns          256374 1c00958c 00140413 addi             x8, x8, 1            x8=1c00008a  x8:1c000089
15543689ns          256375 1c00958e 00050e63 beq              x10, x0, 28         x10:00000029
15543709ns          256376 1c009590 02500793 addi             x15, x0, 37         x15=00000025
15543729ns          256377 1c009594 04f50863 beq              x10, x15, 80        x10:00000029 x15:00000025
15543749ns          256378 1c009598 01a005b3 add              x11, x0, x26        x11=00000002 x26:00000002
15543768ns          256379 1c00959a 000b00e7 jalr             x1, x22, 0           x1=1c00959c x22:1c0094a6
15543848ns          256383 1c0094a6 000026b7 lui              x13, 0x2000         x13=00002000
15543868ns          256384 1c0094a8 f14027f3 csrrs            x15, x0, 0xf14      x15=00000002
15543888ns          256385 1c0094ac f8068693 addi             x13, x13, -128      x13=00001f80 x13:00002000
15543908ns          256386 1c0094b0 00379713 slli             x14, x15, 0x3       x14=00000010 x15:00000002
15543928ns          256387 1c0094b4 00279793 slli             x15, x15, 0x2       x15=00000008 x15:00000002
15543947ns          256388 1c0094b6 00d7f7b3 and              x15, x15, x13       x15=00000000 x15:00000008 x13:00001f80
15543967ns          256389 1c0094b8 ee873733 p.bclr           x14, x14, 23, 8     x14=00000010 x14:00000010
15543987ns          256390 1c0094bc 1a10f6b7 lui              x13, 0x1a10f000     x13=1a10f000
15544007ns          256391 1c0094c0 0ff57513 andi             x10, x10, 255       x10=00000029 x10:00000029
15544027ns          256392 1c0094c4 00d70733 add              x14, x14, x13       x14=1a10f010 x14:00000010 x13:1a10f000
15544047ns          256393 1c0094c6 00a7e723 p.sw             x10, x0(x15)        x10:00000029 x15:00000000  PA:1a10f010
15544365ns          256409 1c0094ca 00000513 addi             x10, x0, 0          x10=00000000
15544385ns          256410 1c0094cc 00008067 jalr             x0, x1, 0            x1:1c00959c
15544425ns          256412 1c00959c 31f52563 p.beqimm         x10, 778            x10:00000000
15544445ns          256413 1c0095a0 001d8d93 addi             x27, x27, 1         x27=0000002c x27:0000002b
15544465ns          256414 1c0095a2 00044503 lbu              x10, 0(x8)          x10=0000000a  x8:1c00008a  PA:1c00008a
15544763ns          256429 1c0095a6 00140413 addi             x8, x8, 1            x8=1c00008b  x8:1c00008a
15544783ns          256430 1c0095a8 fe0514e3 bne              x10, x0, -24        x10:0000000a
15544843ns          256433 1c009590 02500793 addi             x15, x0, 37         x15=00000025
15544862ns          256434 1c009594 04f50863 beq              x10, x15, 80        x10:0000000a x15:00000025
15544882ns          256435 1c009598 01a005b3 add              x11, x0, x26        x11=00000002 x26:00000002
15544902ns          256436 1c00959a 000b00e7 jalr             x1, x22, 0           x1=1c00959c x22:1c0094a6
15544942ns          256438 1c0094a6 000026b7 lui              x13, 0x2000         x13=00002000
15544962ns          256439 1c0094a8 f14027f3 csrrs            x15, x0, 0xf14      x15=00000002
15544982ns          256440 1c0094ac f8068693 addi             x13, x13, -128      x13=00001f80 x13:00002000
15545002ns          256441 1c0094b0 00379713 slli             x14, x15, 0x3       x14=00000010 x15:00000002
15545022ns          256442 1c0094b4 00279793 slli             x15, x15, 0x2       x15=00000008 x15:00000002
15545041ns          256443 1c0094b6 00d7f7b3 and              x15, x15, x13       x15=00000000 x15:00000008 x13:00001f80
15545061ns          256444 1c0094b8 ee873733 p.bclr           x14, x14, 23, 8     x14=00000010 x14:00000010
15545081ns          256445 1c0094bc 1a10f6b7 lui              x13, 0x1a10f000     x13=1a10f000
15545101ns          256446 1c0094c0 0ff57513 andi             x10, x10, 255       x10=0000000a x10:0000000a
15545121ns          256447 1c0094c4 00d70733 add              x14, x14, x13       x14=1a10f010 x14:00000010 x13:1a10f000
15545141ns          256448 1c0094c6 00a7e723 p.sw             x10, x0(x15)        x10:0000000a x15:00000000  PA:1a10f010
15545459ns          256464 1c0094ca 00000513 addi             x10, x0, 0          x10=00000000
15545479ns          256465 1c0094cc 00008067 jalr             x0, x1, 0            x1:1c00959c
15545519ns          256467 1c00959c 31f52563 p.beqimm         x10, 778            x10:00000000
15545539ns          256468 1c0095a0 001d8d93 addi             x27, x27, 1         x27=0000002d x27:0000002c
15545559ns          256469 1c0095a2 00044503 lbu              x10, 0(x8)          x10=00000000  x8:1c00008b  PA:1c00008b
15545857ns          256484 1c0095a6 00140413 addi             x8, x8, 1            x8=1c00008c  x8:1c00008b
15545877ns          256485 1c0095a8 fe0514e3 bne              x10, x0, -24        x10:00000000
15545897ns          256486 1c0095aa 01b00433 add              x8, x0, x27          x8=0000002d x27:0000002d
15545917ns          256487 1c0095ac 00800533 add              x10, x0, x8         x10=0000002d  x8:0000002d
15545937ns          256488 1c0095ae 12c12083 lw               x1, 300(x2)          x1=1c00953a  x2:100014d8  PA:10001604
15545956ns          256489 1c0095b2 12812403 lw               x8, 296(x2)          x8=xxxxxxxx  x2:100014d8  PA:10001600
15545976ns          256490 1c0095b6 12412483 lw               x9, 292(x2)          x9=00000002  x2:100014d8  PA:100015fc
15545996ns          256491 1c0095ba 12012903 lw               x18, 288(x2)        x18=xxxxxxxx  x2:100014d8  PA:100015f8
15546354ns          256509 1c0095be 11c12983 lw               x19, 284(x2)        x19=xxxxxxxx  x2:100014d8  PA:100015f4
15546394ns          256511 1c0095c2 11812a03 lw               x20, 280(x2)        x20=xxxxxxxx  x2:100014d8  PA:100015f0
15546414ns          256512 1c0095c6 11412a83 lw               x21, 276(x2)        x21=xxxxxxxx  x2:100014d8  PA:100015ec
15546434ns          256513 1c0095ca 11012b03 lw               x22, 272(x2)        x22=xxxxxxxx  x2:100014d8  PA:100015e8
15546871ns          256535 1c0095ce 10c12b83 lw               x23, 268(x2)        x23=xxxxxxxx  x2:100014d8  PA:100015e4
15546911ns          256537 1c0095d2 10812c03 lw               x24, 264(x2)        x24=xxxxxxxx  x2:100014d8  PA:100015e0
15546931ns          256538 1c0095d6 10412c83 lw               x25, 260(x2)        x25=xxxxxxxx  x2:100014d8  PA:100015dc
15546951ns          256539 1c0095da 10012d03 lw               x26, 256(x2)        x26=xxxxxxxx  x2:100014d8  PA:100015d8
15546971ns          256540 1c0095de 0fc12d83 lw               x27, 252(x2)        x27=xxxxxxxx  x2:100014d8  PA:100015d4
15547011ns          256542 1c0095e0 13010113 addi             x2, x2, 304          x2=10001608  x2:100014d8
15547031ns          256543 1c0095e2 00008067 jalr             x0, x1, 0            x1:1c00953a
15547110ns          256547 1c00953a 01c12083 lw               x1, 28(x2)           x1=1c008858  x2:10001608  PA:10001624
15547150ns          256549 1c00953c 04010113 addi             x2, x2, 64           x2=10001648  x2:10001608
15547170ns          256550 1c00953e 00008067 jalr             x0, x1, 0            x1:1c008858
15547289ns          256556 1c008858 00300793 addi             x15, x0, 3          x15=00000003
15547329ns          256558 1c00885a 0097f463 bgeu             x15, x9, 8          x15:00000003  x9:00000002
15547826ns          256583 1c008862 066020ef jal              x1, 8294             x1=1c008866
15548284ns          256606 1c00a8c8 f14027f3 csrrs            x15, x0, 0xf14      x15=00000002
15548323ns          256608 1c00a8cc 01f00713 addi             x14, x0, 31         x14=0000001f
15548761ns          256630 1c00a8ce ca5797b3 p.extractu       x15, x15, 5, 5      x15=00000000 x15:00000002
15548801ns          256632 1c00a8d2 00e78863 beq              x15, x14, 16        x15:00000000 x14:0000001f
15548821ns          256633 1c00a8d6 002047b7 lui              x15, 0x204000       x15=00204000
15548841ns          256634 1c00a8da 20078793 addi             x15, x15, 512       x15=00204200 x15:00204000
15549298ns          256657 1c00a8de 01c7e703 p.elw            x14, 28(x15)        x14=00010000 x15:00204200  PA:0020421c
15549437ns          256664 1c00a8e2 00008067 jalr             x0, x1, 0            x1:1c008866
15549497ns          256667 1c008866 f14027f3 csrrs            x15, x0, 0xf14      x15=00000002
15549517ns          256668 1c00886a f457b7b3 p.bclr           x15, x15, 26, 5     x15=00000002 x15:00000002
15550034ns          256694 1c00886e 2c078063 beq              x15, x0, 704        x15:00000002
15550074ns          256696 1c008872 1c0006b7 lui              x13, 0x1c000000     x13=1c000000
15550094ns          256697 1c008876 0586a683 lw               x13, 88(x13)        x13=3e800000 x13:1c000000  PA:1c000058
15550611ns          256723 1c00887a 1c010937 lui              x18, 0x1c010000     x18=1c010000
15550690ns          256727 1c00887e 00090913 addi             x18, x18, 0         x18=1c010000 x18:1c010000
15550730ns          256729 1c008882 04090713 addi             x14, x18, 64        x14=1c010040 x18:1c010000
15550750ns          256730 1c008886 00749793 slli             x15, x9, 0x7        x15=00000100  x9:00000002
15550770ns          256731 1c00888a 18d12623 sw               x13, 396(x2)        x13:3e800000  x2:10001648  PA:100017d4
15550790ns          256732 1c00888e 00100693 addi             x13, x0, 1          x13=00000001
15551208ns          256753 1c008890 10d12223 sw               x13, 260(x2)        x13:00000001  x2:10001648  PA:1000174c
15551247ns          256755 1c008894 00e787b3 add              x15, x15, x14       x15=1c010140 x15:00000100 x14:1c010040
15551267ns          256756 1c008896 00410713 addi             x14, x2, 4          x14=1000164c  x2:10001648
15551287ns          256757 1c008898 0086d0fb lp.setupi        0x1, 0x8, 0xd      
15551307ns          256758 1c00889c 0007a803 lw               x16, 0(x15)         x16=41081e9c x15:1c010140  PA:1c010140
15551745ns          256780 1c0088a0 0047a503 lw               x10, 4(x15)         x10=40bea791 x15:1c010140  PA:1c010144
15552162ns          256801 1c0088a2 0087a583 lw               x11, 8(x15)         x11=40d8bd6a x15:1c010140  PA:1c010148
15552461ns          256816 1c0088a4 00c7a603 lw               x12, 12(x15)        x12=411a648a x15:1c010140  PA:1c01014c
15552759ns          256831 1c0088a6 01072023 sw               x16, 0(x14)         x16:41081e9c x14:1000164c  PA:1000164c
15552779ns          256832 1c0088aa 00a72223 sw               x10, 4(x14)         x10:40bea791 x14:1000164c  PA:10001650
15552799ns          256833 1c0088ac 00b72423 sw               x11, 8(x14)         x11:40d8bd6a x14:1000164c  PA:10001654
15552819ns          256834 1c0088ae 00c72623 sw               x12, 12(x14)        x12:411a648a x14:1000164c  PA:10001658
15552839ns          256835 1c0088b0 01078793 addi             x15, x15, 16        x15=1c010150 x15:1c010140
15552859ns          256836 1c0088b2 01070713 addi             x14, x14, 16        x14=1000165c x14:1000164c
15552878ns          256837 1c00889c 0007a803 lw               x16, 0(x15)         x16=4100dee6 x15:1c010150  PA:1c010150
15553197ns          256853 1c0088a0 0047a503 lw               x10, 4(x15)         x10=40f05698 x15:1c010150  PA:1c010154
15553495ns          256868 1c0088a2 0087a583 lw               x11, 8(x15)         x11=40ff802e x15:1c010150  PA:1c010158
15553793ns          256883 1c0088a4 00c7a603 lw               x12, 12(x15)        x12=402f4766 x15:1c010150  PA:1c01015c
15554092ns          256898 1c0088a6 01072023 sw               x16, 0(x14)         x16:4100dee6 x14:1000165c  PA:1000165c
15554112ns          256899 1c0088aa 00a72223 sw               x10, 4(x14)         x10:40f05698 x14:1000165c  PA:10001660
15554132ns          256900 1c0088ac 00b72423 sw               x11, 8(x14)         x11:40ff802e x14:1000165c  PA:10001664
15554151ns          256901 1c0088ae 00c72623 sw               x12, 12(x14)        x12:402f4766 x14:1000165c  PA:10001668
15554171ns          256902 1c0088b0 01078793 addi             x15, x15, 16        x15=1c010160 x15:1c010150
15554191ns          256903 1c0088b2 01070713 addi             x14, x14, 16        x14=1000166c x14:1000165c
15554211ns          256904 1c00889c 0007a803 lw               x16, 0(x15)         x16=40841ea2 x15:1c010160  PA:1c010160
15554529ns          256920 1c0088a0 0047a503 lw               x10, 4(x15)         x10=402efd8a x15:1c010160  PA:1c010164
15554828ns          256935 1c0088a2 0087a583 lw               x11, 8(x15)         x11=400981bc x15:1c010160  PA:1c010168
15555126ns          256950 1c0088a4 00c7a603 lw               x12, 12(x15)        x12=403626a5 x15:1c010160  PA:1c01016c
15555424ns          256965 1c0088a6 01072023 sw               x16, 0(x14)         x16:40841ea2 x14:1000166c  PA:1000166c
15555444ns          256966 1c0088aa 00a72223 sw               x10, 4(x14)         x10:402efd8a x14:1000166c  PA:10001670
15555464ns          256967 1c0088ac 00b72423 sw               x11, 8(x14)         x11:400981bc x14:1000166c  PA:10001674
15555484ns          256968 1c0088ae 00c72623 sw               x12, 12(x14)        x12:403626a5 x14:1000166c  PA:10001678
15555504ns          256969 1c0088b0 01078793 addi             x15, x15, 16        x15=1c010170 x15:1c010160
15555524ns          256970 1c0088b2 01070713 addi             x14, x14, 16        x14=1000167c x14:1000166c
15555544ns          256971 1c00889c 0007a803 lw               x16, 0(x15)         x16=40db0d1f x15:1c010170  PA:1c010170
15555862ns          256987 1c0088a0 0047a503 lw               x10, 4(x15)         x10=408b1f98 x15:1c010170  PA:1c010174
15556160ns          257002 1c0088a2 0087a583 lw               x11, 8(x15)         x11=40b31fb5 x15:1c010170  PA:1c010178
15556459ns          257017 1c0088a4 00c7a603 lw               x12, 12(x15)        x12=400077db x15:1c010170  PA:1c01017c
15556757ns          257032 1c0088a6 01072023 sw               x16, 0(x14)         x16:40db0d1f x14:1000167c  PA:1000167c
15556777ns          257033 1c0088aa 00a72223 sw               x10, 4(x14)         x10:408b1f98 x14:1000167c  PA:10001680
15556797ns          257034 1c0088ac 00b72423 sw               x11, 8(x14)         x11:40b31fb5 x14:1000167c  PA:10001684
15556817ns          257035 1c0088ae 00c72623 sw               x12, 12(x14)        x12:400077db x14:1000167c  PA:10001688
15556837ns          257036 1c0088b0 01078793 addi             x15, x15, 16        x15=1c010180 x15:1c010170
15556857ns          257037 1c0088b2 01070713 addi             x14, x14, 16        x14=1000168c x14:1000167c
15556876ns          257038 1c00889c 0007a803 lw               x16, 0(x15)         x16=40c32b7c x15:1c010180  PA:1c010180
15557195ns          257054 1c0088a0 0047a503 lw               x10, 4(x15)         x10=40fc61eb x15:1c010180  PA:1c010184
15557493ns          257069 1c0088a2 0087a583 lw               x11, 8(x15)         x11=3f1d4278 x15:1c010180  PA:1c010188
15557791ns          257084 1c0088a4 00c7a603 lw               x12, 12(x15)        x12=411e3ccc x15:1c010180  PA:1c01018c
15558090ns          257099 1c0088a6 01072023 sw               x16, 0(x14)         x16:40c32b7c x14:1000168c  PA:1000168c
15558110ns          257100 1c0088aa 00a72223 sw               x10, 4(x14)         x10:40fc61eb x14:1000168c  PA:10001690
15558130ns          257101 1c0088ac 00b72423 sw               x11, 8(x14)         x11:3f1d4278 x14:1000168c  PA:10001694
15558149ns          257102 1c0088ae 00c72623 sw               x12, 12(x14)        x12:411e3ccc x14:1000168c  PA:10001698
15558169ns          257103 1c0088b0 01078793 addi             x15, x15, 16        x15=1c010190 x15:1c010180
15558189ns          257104 1c0088b2 01070713 addi             x14, x14, 16        x14=1000169c x14:1000168c
15558209ns          257105 1c00889c 0007a803 lw               x16, 0(x15)         x16=40c6e40d x15:1c010190  PA:1c010190
15558527ns          257121 1c0088a0 0047a503 lw               x10, 4(x15)         x10=411be6bf x15:1c010190  PA:1c010194
15558826ns          257136 1c0088a2 0087a583 lw               x11, 8(x15)         x11=4108bfae x15:1c010190  PA:1c010198
15559124ns          257151 1c0088a4 00c7a603 lw               x12, 12(x15)        x12=3ec976d1 x15:1c010190  PA:1c01019c
15559422ns          257166 1c0088a6 01072023 sw               x16, 0(x14)         x16:40c6e40d x14:1000169c  PA:1000169c
15559442ns          257167 1c0088aa 00a72223 sw               x10, 4(x14)         x10:411be6bf x14:1000169c  PA:100016a0
15559462ns          257168 1c0088ac 00b72423 sw               x11, 8(x14)         x11:4108bfae x14:1000169c  PA:100016a4
15559482ns          257169 1c0088ae 00c72623 sw               x12, 12(x14)        x12:3ec976d1 x14:1000169c  PA:100016a8
15559502ns          257170 1c0088b0 01078793 addi             x15, x15, 16        x15=1c0101a0 x15:1c010190
15559522ns          257171 1c0088b2 01070713 addi             x14, x14, 16        x14=100016ac x14:1000169c
15559542ns          257172 1c00889c 0007a803 lw               x16, 0(x15)         x16=408e8d60 x15:1c0101a0  PA:1c0101a0
15559860ns          257188 1c0088a0 0047a503 lw               x10, 4(x15)         x10=404edbac x15:1c0101a0  PA:1c0101a4
15560158ns          257203 1c0088a2 0087a583 lw               x11, 8(x15)         x11=3fc6592f x15:1c0101a0  PA:1c0101a8
15560457ns          257218 1c0088a4 00c7a603 lw               x12, 12(x15)        x12=410bd6c3 x15:1c0101a0  PA:1c0101ac
15560755ns          257233 1c0088a6 01072023 sw               x16, 0(x14)         x16:408e8d60 x14:100016ac  PA:100016ac
15560775ns          257234 1c0088aa 00a72223 sw               x10, 4(x14)         x10:404edbac x14:100016ac  PA:100016b0
15560795ns          257235 1c0088ac 00b72423 sw               x11, 8(x14)         x11:3fc6592f x14:100016ac  PA:100016b4
15560815ns          257236 1c0088ae 00c72623 sw               x12, 12(x14)        x12:410bd6c3 x14:100016ac  PA:100016b8
15560835ns          257237 1c0088b0 01078793 addi             x15, x15, 16        x15=1c0101b0 x15:1c0101a0
15560855ns          257238 1c0088b2 01070713 addi             x14, x14, 16        x14=100016bc x14:100016ac
15560875ns          257239 1c00889c 0007a803 lw               x16, 0(x15)         x16=40615dec x15:1c0101b0  PA:1c0101b0
15561193ns          257255 1c0088a0 0047a503 lw               x10, 4(x15)         x10=407fdf01 x15:1c0101b0  PA:1c0101b4
15561491ns          257270 1c0088a2 0087a583 lw               x11, 8(x15)         x11=4111c7b2 x15:1c0101b0  PA:1c0101b8
15561789ns          257285 1c0088a4 00c7a603 lw               x12, 12(x15)        x12=407ed581 x15:1c0101b0  PA:1c0101bc
15562088ns          257300 1c0088a6 01072023 sw               x16, 0(x14)         x16:40615dec x14:100016bc  PA:100016bc
15562108ns          257301 1c0088aa 00a72223 sw               x10, 4(x14)         x10:407fdf01 x14:100016bc  PA:100016c0
15562128ns          257302 1c0088ac 00b72423 sw               x11, 8(x14)         x11:4111c7b2 x14:100016bc  PA:100016c4
15562148ns          257303 1c0088ae 00c72623 sw               x12, 12(x14)        x12:407ed581 x14:100016bc  PA:100016c8
15562167ns          257304 1c0088b0 01078793 addi             x15, x15, 16        x15=1c0101c0 x15:1c0101b0
15562187ns          257305 1c0088b2 01070713 addi             x14, x14, 16        x14=100016cc x14:100016bc
15562207ns          257306 1c0088b4 10c10693 addi             x13, x2, 268        x13=10001754  x2:10001648
15562227ns          257307 1c0088b6 00000713 addi             x14, x0, 0          x14=00000000
15562247ns          257308 1c0088b8 020250fb lp.setupi        0x1, 0x20, 0x4     
15562267ns          257309 1c0088bc 00e6a22b p.sw             x14, 4(x13!)        x13=10001758 x14:00000000 x13:10001754  PA:10001754
15562525ns          257322 1c0088c0 00170713 addi             x14, x14, 1         x14=00000001 x14:00000000
15562565ns          257324 1c0088bc 00e6a22b p.sw             x14, 4(x13!)        x13=1000175c x14:00000001 x13:10001758  PA:10001758
15562585ns          257325 1c0088c0 00170713 addi             x14, x14, 1         x14=00000002 x14:00000001
15562605ns          257326 1c0088bc 00e6a22b p.sw             x14, 4(x13!)        x13=10001760 x14:00000002 x13:1000175c  PA:1000175c
15562625ns          257327 1c0088c0 00170713 addi             x14, x14, 1         x14=00000003 x14:00000002
15562645ns          257328 1c0088bc 00e6a22b p.sw             x14, 4(x13!)        x13=10001764 x14:00000003 x13:10001760  PA:10001760
15562665ns          257329 1c0088c0 00170713 addi             x14, x14, 1         x14=00000004 x14:00000003
15562685ns          257330 1c0088bc 00e6a22b p.sw             x14, 4(x13!)        x13=10001768 x14:00000004 x13:10001764  PA:10001764
15562704ns          257331 1c0088c0 00170713 addi             x14, x14, 1         x14=00000005 x14:00000004
15562724ns          257332 1c0088bc 00e6a22b p.sw             x14, 4(x13!)        x13=1000176c x14:00000005 x13:10001768  PA:10001768
15562744ns          257333 1c0088c0 00170713 addi             x14, x14, 1         x14=00000006 x14:00000005
15562764ns          257334 1c0088bc 00e6a22b p.sw             x14, 4(x13!)        x13=10001770 x14:00000006 x13:1000176c  PA:1000176c
15562784ns          257335 1c0088c0 00170713 addi             x14, x14, 1         x14=00000007 x14:00000006
15562804ns          257336 1c0088bc 00e6a22b p.sw             x14, 4(x13!)        x13=10001774 x14:00000007 x13:10001770  PA:10001770
15562824ns          257337 1c0088c0 00170713 addi             x14, x14, 1         x14=00000008 x14:00000007
15562844ns          257338 1c0088bc 00e6a22b p.sw             x14, 4(x13!)        x13=10001778 x14:00000008 x13:10001774  PA:10001774
15562864ns          257339 1c0088c0 00170713 addi             x14, x14, 1         x14=00000009 x14:00000008
15562883ns          257340 1c0088bc 00e6a22b p.sw             x14, 4(x13!)        x13=1000177c x14:00000009 x13:10001778  PA:10001778
15562903ns          257341 1c0088c0 00170713 addi             x14, x14, 1         x14=0000000a x14:00000009
15562923ns          257342 1c0088bc 00e6a22b p.sw             x14, 4(x13!)        x13=10001780 x14:0000000a x13:1000177c  PA:1000177c
15562943ns          257343 1c0088c0 00170713 addi             x14, x14, 1         x14=0000000b x14:0000000a
15562963ns          257344 1c0088bc 00e6a22b p.sw             x14, 4(x13!)        x13=10001784 x14:0000000b x13:10001780  PA:10001780
15562983ns          257345 1c0088c0 00170713 addi             x14, x14, 1         x14=0000000c x14:0000000b
15563003ns          257346 1c0088bc 00e6a22b p.sw             x14, 4(x13!)        x13=10001788 x14:0000000c x13:10001784  PA:10001784
15563023ns          257347 1c0088c0 00170713 addi             x14, x14, 1         x14=0000000d x14:0000000c
15563043ns          257348 1c0088bc 00e6a22b p.sw             x14, 4(x13!)        x13=1000178c x14:0000000d x13:10001788  PA:10001788
15563063ns          257349 1c0088c0 00170713 addi             x14, x14, 1         x14=0000000e x14:0000000d
15563082ns          257350 1c0088bc 00e6a22b p.sw             x14, 4(x13!)        x13=10001790 x14:0000000e x13:1000178c  PA:1000178c
15563102ns          257351 1c0088c0 00170713 addi             x14, x14, 1         x14=0000000f x14:0000000e
15563122ns          257352 1c0088bc 00e6a22b p.sw             x14, 4(x13!)        x13=10001794 x14:0000000f x13:10001790  PA:10001790
15563142ns          257353 1c0088c0 00170713 addi             x14, x14, 1         x14=00000010 x14:0000000f
15563162ns          257354 1c0088bc 00e6a22b p.sw             x14, 4(x13!)        x13=10001798 x14:00000010 x13:10001794  PA:10001794
15563182ns          257355 1c0088c0 00170713 addi             x14, x14, 1         x14=00000011 x14:00000010
15563202ns          257356 1c0088bc 00e6a22b p.sw             x14, 4(x13!)        x13=1000179c x14:00000011 x13:10001798  PA:10001798
15563222ns          257357 1c0088c0 00170713 addi             x14, x14, 1         x14=00000012 x14:00000011
15563242ns          257358 1c0088bc 00e6a22b p.sw             x14, 4(x13!)        x13=100017a0 x14:00000012 x13:1000179c  PA:1000179c
15563261ns          257359 1c0088c0 00170713 addi             x14, x14, 1         x14=00000013 x14:00000012
15563281ns          257360 1c0088bc 00e6a22b p.sw             x14, 4(x13!)        x13=100017a4 x14:00000013 x13:100017a0  PA:100017a0
15563301ns          257361 1c0088c0 00170713 addi             x14, x14, 1         x14=00000014 x14:00000013
15563321ns          257362 1c0088bc 00e6a22b p.sw             x14, 4(x13!)        x13=100017a8 x14:00000014 x13:100017a4  PA:100017a4
15563341ns          257363 1c0088c0 00170713 addi             x14, x14, 1         x14=00000015 x14:00000014
15563361ns          257364 1c0088bc 00e6a22b p.sw             x14, 4(x13!)        x13=100017ac x14:00000015 x13:100017a8  PA:100017a8
15563381ns          257365 1c0088c0 00170713 addi             x14, x14, 1         x14=00000016 x14:00000015
15563401ns          257366 1c0088bc 00e6a22b p.sw             x14, 4(x13!)        x13=100017b0 x14:00000016 x13:100017ac  PA:100017ac
15563421ns          257367 1c0088c0 00170713 addi             x14, x14, 1         x14=00000017 x14:00000016
15563440ns          257368 1c0088bc 00e6a22b p.sw             x14, 4(x13!)        x13=100017b4 x14:00000017 x13:100017b0  PA:100017b0
15563460ns          257369 1c0088c0 00170713 addi             x14, x14, 1         x14=00000018 x14:00000017
15563480ns          257370 1c0088bc 00e6a22b p.sw             x14, 4(x13!)        x13=100017b8 x14:00000018 x13:100017b4  PA:100017b4
15563500ns          257371 1c0088c0 00170713 addi             x14, x14, 1         x14=00000019 x14:00000018
15563520ns          257372 1c0088bc 00e6a22b p.sw             x14, 4(x13!)        x13=100017bc x14:00000019 x13:100017b8  PA:100017b8
15563540ns          257373 1c0088c0 00170713 addi             x14, x14, 1         x14=0000001a x14:00000019
15563560ns          257374 1c0088bc 00e6a22b p.sw             x14, 4(x13!)        x13=100017c0 x14:0000001a x13:100017bc  PA:100017bc
15563580ns          257375 1c0088c0 00170713 addi             x14, x14, 1         x14=0000001b x14:0000001a
15563600ns          257376 1c0088bc 00e6a22b p.sw             x14, 4(x13!)        x13=100017c4 x14:0000001b x13:100017c0  PA:100017c0
15563619ns          257377 1c0088c0 00170713 addi             x14, x14, 1         x14=0000001c x14:0000001b
15563639ns          257378 1c0088bc 00e6a22b p.sw             x14, 4(x13!)        x13=100017c8 x14:0000001c x13:100017c4  PA:100017c4
15563659ns          257379 1c0088c0 00170713 addi             x14, x14, 1         x14=0000001d x14:0000001c
15563679ns          257380 1c0088bc 00e6a22b p.sw             x14, 4(x13!)        x13=100017cc x14:0000001d x13:100017c8  PA:100017c8
15563699ns          257381 1c0088c0 00170713 addi             x14, x14, 1         x14=0000001e x14:0000001d
15563719ns          257382 1c0088bc 00e6a22b p.sw             x14, 4(x13!)        x13=100017d0 x14:0000001e x13:100017cc  PA:100017cc
15563739ns          257383 1c0088c0 00170713 addi             x14, x14, 1         x14=0000001f x14:0000001e
15563759ns          257384 1c0088bc 00e6a22b p.sw             x14, 4(x13!)        x13=100017d4 x14:0000001f x13:100017d0  PA:100017d0
15563779ns          257385 1c0088c0 00170713 addi             x14, x14, 1         x14=00000020 x14:0000001f
15563798ns          257386 1c0088c2 02000613 addi             x12, x0, 32         x12=00000020
15563818ns          257387 1c0088c6 10c10593 addi             x11, x2, 268        x11=10001754  x2:10001648
15563838ns          257388 1c0088c8 00410513 addi             x10, x2, 4          x10=1000164c  x2:10001648
15563858ns          257389 1c0088ca adfff0ef jal              x1, -1314            x1=1c0088cc
15564733ns          257433 1c0083a8 f8010113 addi             x2, x2, -128         x2=100015c8  x2:10001648
15564773ns          257435 1c0083aa 40165693 srai             x13, x12, 0x401     x13=00000010 x12:00000020
15564793ns          257436 1c0083ae 05712e23 sw               x23, 92(x2)         x23:xxxxxxxx  x2:100015c8  PA:10001624
15565211ns          257457 1c0083b0 06112e23 sw               x1, 124(x2)          x1:1c0088cc  x2:100015c8  PA:10001644
15565231ns          257458 1c0083b2 06812c23 sw               x8, 120(x2)          x8:xxxxxxxx  x2:100015c8  PA:10001640
15565250ns          257459 1c0083b4 06912a23 sw               x9, 116(x2)          x9:00000002  x2:100015c8  PA:1000163c
15565270ns          257460 1c0083b6 07212823 sw               x18, 112(x2)        x18:1c010000  x2:100015c8  PA:10001638
15565290ns          257461 1c0083b8 07312623 sw               x19, 108(x2)        x19:xxxxxxxx  x2:100015c8  PA:10001634
15565310ns          257462 1c0083ba 07412423 sw               x20, 104(x2)        x20:xxxxxxxx  x2:100015c8  PA:10001630
15565330ns          257463 1c0083bc 07512223 sw               x21, 100(x2)        x21:xxxxxxxx  x2:100015c8  PA:1000162c
15565350ns          257464 1c0083be 07612023 sw               x22, 96(x2)         x22:xxxxxxxx  x2:100015c8  PA:10001628
15565728ns          257483 1c0083c0 05812c23 sw               x24, 88(x2)         x24:xxxxxxxx  x2:100015c8  PA:10001620
15565748ns          257484 1c0083c2 05912a23 sw               x25, 84(x2)         x25:xxxxxxxx  x2:100015c8  PA:1000161c
15565768ns          257485 1c0083c4 05a12823 sw               x26, 80(x2)         x26:xxxxxxxx  x2:100015c8  PA:10001618
15565788ns          257486 1c0083c6 05b12623 sw               x27, 76(x2)         x27:xxxxxxxx  x2:100015c8  PA:10001614
15565807ns          257487 1c0083c8 02c12a23 sw               x12, 52(x2)         x12:00000020  x2:100015c8  PA:100015fc
15565827ns          257488 1c0083ca 00d12e23 sw               x13, 28(x2)         x13:00000010  x2:100015c8  PA:100015e4
15565847ns          257489 1c0083cc 02b12423 sw               x11, 40(x2)         x11:10001754  x2:100015c8  PA:100015f0
15565867ns          257490 1c0083ce 00a00bb3 add              x23, x0, x10        x23=1000164c x10:1000164c
15566245ns          257509 1c0083d0 04d05263 bge              x0, x13, 68         x13:00000010
15566285ns          257511 1c0083d4 00b00833 add              x16, x0, x11        x16=10001754 x11:10001754
15566305ns          257512 1c0083d6 00269593 slli             x11, x13, 0x2       x11=00000040 x13:00000010
15566325ns          257513 1c0083da 00261513 slli             x10, x12, 0x2       x10=00000080 x12:00000020
15566344ns          257514 1c0083de ffc58593 addi             x11, x11, -4        x11=0000003c x11:00000040
15566782ns          257536 1c0083e0 ffc50513 addi             x10, x10, -4        x10=0000007c x10:00000080
15566802ns          257537 1c0083e2 0025d593 srli             x11, x11, 0x2       x11=0000000f x11:0000003c
15566822ns          257538 1c0083e4 01050533 add              x10, x10, x16       x10=100017d0 x10:0000007c x16:10001754
15566842ns          257539 1c0083e6 00158593 addi             x11, x11, 1         x11=00000010 x11:0000000f
15566862ns          257540 1c0083e8 0125c0fb lp.setup         0x1, x11, 0x12      x11:00000010
15566882ns          257541 1c0083ec 0048278b p.lw             x15, 4(x16!)        x15=00000000 x16=10001758 x16:10001754  PA:10001754
15567299ns          257562 1c0083f0 ffc5270b p.lw             x14, -4(x10!)       x14=0000001f x10=100017cc x10:100017d0  PA:100017d0
15567339ns          257564 1c0083f4 00279793 slli             x15, x15, 0x2       x15=00000000 x15:00000000
15567359ns          257565 1c0083f6 00271713 slli             x14, x14, 0x2       x14=0000007c x14:0000001f
15567379ns          257566 1c0083f8 017787b3 add              x15, x15, x23       x15=1000164c x15:00000000 x23:1000164c
15567399ns          257567 1c0083fa 01770733 add              x14, x14, x23       x14=100016c8 x14:0000007c x23:1000164c
15567419ns          257568 1c0083fc 0007a683 lw               x13, 0(x15)         x13=41081e9c x15:1000164c  PA:1000164c
15567438ns          257569 1c0083fe 00072603 lw               x12, 0(x14)         x12=407ed581 x14:100016c8  PA:100016c8
15567816ns          257588 1c008400 08c6f8d3 fsub.s           f17, f13, f12       f17=xxxxxxxx f13:41081e9c f12:407ed581
15567856ns          257590 1c008404 00c6f6d3 fadd.s           f13, f13, f12       f13=xxxxxxxx f13:41081e9c f12:407ed581
15567876ns          257591 1c008408 01172023 sw               x17, 0(x14)         x17:4090d278 x14:100016c8  PA:100016c8
15567896ns          257592 1c00840c 00d7a023 sw               x13, 0(x15)         x13:4147d3fc x15:1000164c  PA:1000164c
15567916ns          257593 1c0083ec 0048278b p.lw             x15, 4(x16!)        x15=00000001 x16=1000175c x16:10001758  PA:10001758
15567936ns          257594 1c0083f0 ffc5270b p.lw             x14, -4(x10!)       x14=0000001e x10=100017c8 x10:100017cc  PA:100017cc
15567956ns          257595 1c0083f4 00279793 slli             x15, x15, 0x2       x15=00000004 x15:00000001
15567976ns          257596 1c0083f6 00271713 slli             x14, x14, 0x2       x14=00000078 x14:0000001e
15567995ns          257597 1c0083f8 017787b3 add              x15, x15, x23       x15=10001650 x15:00000004 x23:1000164c
15568015ns          257598 1c0083fa 01770733 add              x14, x14, x23       x14=100016c4 x14:00000078 x23:1000164c
15568035ns          257599 1c0083fc 0007a683 lw               x13, 0(x15)         x13=40bea791 x15:10001650  PA:10001650
15568055ns          257600 1c0083fe 00072603 lw               x12, 0(x14)         x12=4111c7b2 x14:100016c4  PA:100016c4
15568095ns          257602 1c008400 08c6f8d3 fsub.s           f17, f13, f12       f17=xxxxxxxx f13:40bea791 f12:4111c7b2
15568115ns          257603 1c008404 00c6f6d3 fadd.s           f13, f13, f12       f13=xxxxxxxx f13:40bea791 f12:4111c7b2
15568135ns          257604 1c008408 01172023 sw               x17, 0(x14)         x17:c049cfa6 x14:100016c4  PA:100016c4
15568174ns          257606 1c00840c 00d7a023 sw               x13, 0(x15)         x13:41711b7a x15:10001650  PA:10001650
15568592ns          257627 1c0083ec 0048278b p.lw             x15, 4(x16!)        x15=00000002 x16=10001760 x16:1000175c  PA:1000175c
15568612ns          257628 1c0083f0 ffc5270b p.lw             x14, -4(x10!)       x14=0000001d x10=100017c4 x10:100017c8  PA:100017c8
15568632ns          257629 1c0083f4 00279793 slli             x15, x15, 0x2       x15=00000008 x15:00000002
15568652ns          257630 1c0083f6 00271713 slli             x14, x14, 0x2       x14=00000074 x14:0000001d
15568672ns          257631 1c0083f8 017787b3 add              x15, x15, x23       x15=10001654 x15:00000008 x23:1000164c
15568692ns          257632 1c0083fa 01770733 add              x14, x14, x23       x14=100016c0 x14:00000074 x23:1000164c
15568711ns          257633 1c0083fc 0007a683 lw               x13, 0(x15)         x13=40d8bd6a x15:10001654  PA:10001654
15568731ns          257634 1c0083fe 00072603 lw               x12, 0(x14)         x12=407fdf01 x14:100016c0  PA:100016c0
15568771ns          257636 1c008400 08c6f8d3 fsub.s           f17, f13, f12       f17=xxxxxxxx f13:40d8bd6a f12:407fdf01
15568791ns          257637 1c008404 00c6f6d3 fadd.s           f13, f13, f12       f13=xxxxxxxx f13:40d8bd6a f12:407fdf01
15568811ns          257638 1c008408 01172023 sw               x17, 0(x14)         x17:40319bd3 x14:100016c0  PA:100016c0
15568831ns          257639 1c00840c 00d7a023 sw               x13, 0(x15)         x13:412c5675 x15:10001654  PA:10001654
15568851ns          257640 1c0083ec 0048278b p.lw             x15, 4(x16!)        x15=00000003 x16=10001764 x16:10001760  PA:10001760
15568871ns          257641 1c0083f0 ffc5270b p.lw             x14, -4(x10!)       x14=0000001c x10=100017c0 x10:100017c4  PA:100017c4
15568890ns          257642 1c0083f4 00279793 slli             x15, x15, 0x2       x15=0000000c x15:00000003
15568910ns          257643 1c0083f6 00271713 slli             x14, x14, 0x2       x14=00000070 x14:0000001c
15568930ns          257644 1c0083f8 017787b3 add              x15, x15, x23       x15=10001658 x15:0000000c x23:1000164c
15568950ns          257645 1c0083fa 01770733 add              x14, x14, x23       x14=100016bc x14:00000070 x23:1000164c
15568970ns          257646 1c0083fc 0007a683 lw               x13, 0(x15)         x13=411a648a x15:10001658  PA:10001658
15568990ns          257647 1c0083fe 00072603 lw               x12, 0(x14)         x12=40615dec x14:100016bc  PA:100016bc
15569030ns          257649 1c008400 08c6f8d3 fsub.s           f17, f13, f12       f17=xxxxxxxx f13:411a648a f12:40615dec
15569050ns          257650 1c008404 00c6f6d3 fadd.s           f13, f13, f12       f13=xxxxxxxx f13:411a648a f12:40615dec
15569070ns          257651 1c008408 01172023 sw               x17, 0(x14)         x17:40c41a1e x14:100016bc  PA:100016bc
15569089ns          257652 1c00840c 00d7a023 sw               x13, 0(x15)         x13:4152bc05 x15:10001658  PA:10001658
15569109ns          257653 1c0083ec 0048278b p.lw             x15, 4(x16!)        x15=00000004 x16=10001768 x16:10001764  PA:10001764
15569129ns          257654 1c0083f0 ffc5270b p.lw             x14, -4(x10!)       x14=0000001b x10=100017bc x10:100017c0  PA:100017c0
15569149ns          257655 1c0083f4 00279793 slli             x15, x15, 0x2       x15=00000010 x15:00000004
15569169ns          257656 1c0083f6 00271713 slli             x14, x14, 0x2       x14=0000006c x14:0000001b
15569189ns          257657 1c0083f8 017787b3 add              x15, x15, x23       x15=1000165c x15:00000010 x23:1000164c
15569209ns          257658 1c0083fa 01770733 add              x14, x14, x23       x14=100016b8 x14:0000006c x23:1000164c
15569229ns          257659 1c0083fc 0007a683 lw               x13, 0(x15)         x13=4100dee6 x15:1000165c  PA:1000165c
15569249ns          257660 1c0083fe 00072603 lw               x12, 0(x14)         x12=410bd6c3 x14:100016b8  PA:100016b8
15569288ns          257662 1c008400 08c6f8d3 fsub.s           f17, f13, f12       f17=xxxxxxxx f13:4100dee6 f12:410bd6c3
15569308ns          257663 1c008404 00c6f6d3 fadd.s           f13, f13, f12       f13=xxxxxxxx f13:4100dee6 f12:410bd6c3
15569328ns          257664 1c008408 01172023 sw               x17, 0(x14)         x17:bf2f7dd0 x14:100016b8  PA:100016b8
15569348ns          257665 1c00840c 00d7a023 sw               x13, 0(x15)         x13:41865ad4 x15:1000165c  PA:1000165c
15569368ns          257666 1c0083ec 0048278b p.lw             x15, 4(x16!)        x15=00000005 x16=1000176c x16:10001768  PA:10001768
15569388ns          257667 1c0083f0 ffc5270b p.lw             x14, -4(x10!)       x14=0000001a x10=100017b8 x10:100017bc  PA:100017bc
15569408ns          257668 1c0083f4 00279793 slli             x15, x15, 0x2       x15=00000014 x15:00000005
15569428ns          257669 1c0083f6 00271713 slli             x14, x14, 0x2       x14=00000068 x14:0000001a
15569447ns          257670 1c0083f8 017787b3 add              x15, x15, x23       x15=10001660 x15:00000014 x23:1000164c
15569467ns          257671 1c0083fa 01770733 add              x14, x14, x23       x14=100016b4 x14:00000068 x23:1000164c
15569487ns          257672 1c0083fc 0007a683 lw               x13, 0(x15)         x13=40f05698 x15:10001660  PA:10001660
15569507ns          257673 1c0083fe 00072603 lw               x12, 0(x14)         x12=3fc6592f x14:100016b4  PA:100016b4
15569547ns          257675 1c008400 08c6f8d3 fsub.s           f17, f13, f12       f17=xxxxxxxx f13:40f05698 f12:3fc6592f
15569567ns          257676 1c008404 00c6f6d3 fadd.s           f13, f13, f12       f13=xxxxxxxx f13:40f05698 f12:3fc6592f
15569587ns          257677 1c008408 01172023 sw               x17, 0(x14)         x17:40bec04c x14:100016b4  PA:100016b4
15569607ns          257678 1c00840c 00d7a023 sw               x13, 0(x15)         x13:4110f672 x15:10001660  PA:10001660
15569626ns          257679 1c0083ec 0048278b p.lw             x15, 4(x16!)        x15=00000006 x16=10001770 x16:1000176c  PA:1000176c
15569646ns          257680 1c0083f0 ffc5270b p.lw             x14, -4(x10!)       x14=00000019 x10=100017b4 x10:100017b8  PA:100017b8
15569666ns          257681 1c0083f4 00279793 slli             x15, x15, 0x2       x15=00000018 x15:00000006
15569686ns          257682 1c0083f6 00271713 slli             x14, x14, 0x2       x14=00000064 x14:00000019
15569706ns          257683 1c0083f8 017787b3 add              x15, x15, x23       x15=10001664 x15:00000018 x23:1000164c
15569726ns          257684 1c0083fa 01770733 add              x14, x14, x23       x14=100016b0 x14:00000064 x23:1000164c
15569746ns          257685 1c0083fc 0007a683 lw               x13, 0(x15)         x13=40ff802e x15:10001664  PA:10001664
15569766ns          257686 1c0083fe 00072603 lw               x12, 0(x14)         x12=404edbac x14:100016b0  PA:100016b0
15569805ns          257688 1c008400 08c6f8d3 fsub.s           f17, f13, f12       f17=xxxxxxxx f13:40ff802e f12:404edbac
15569825ns          257689 1c008404 00c6f6d3 fadd.s           f13, f13, f12       f13=xxxxxxxx f13:40ff802e f12:404edbac
15569845ns          257690 1c008408 01172023 sw               x17, 0(x14)         x17:40981258 x14:100016b0  PA:100016b0
15569885ns          257692 1c00840c 00d7a023 sw               x13, 0(x15)         x13:41337702 x15:10001664  PA:10001664
15569905ns          257693 1c0083ec 0048278b p.lw             x15, 4(x16!)        x15=00000007 x16=10001774 x16:10001770  PA:10001770
15569925ns          257694 1c0083f0 ffc5270b p.lw             x14, -4(x10!)       x14=00000018 x10=100017b0 x10:100017b4  PA:100017b4
15569945ns          257695 1c0083f4 00279793 slli             x15, x15, 0x2       x15=0000001c x15:00000007
15569965ns          257696 1c0083f6 00271713 slli             x14, x14, 0x2       x14=00000060 x14:00000018
15569984ns          257697 1c0083f8 017787b3 add              x15, x15, x23       x15=10001668 x15:0000001c x23:1000164c
15570004ns          257698 1c0083fa 01770733 add              x14, x14, x23       x14=100016ac x14:00000060 x23:1000164c
15570024ns          257699 1c0083fc 0007a683 lw               x13, 0(x15)         x13=402f4766 x15:10001668  PA:10001668
15570044ns          257700 1c0083fe 00072603 lw               x12, 0(x14)         x12=408e8d60 x14:100016ac  PA:100016ac
15570084ns          257702 1c008400 08c6f8d3 fsub.s           f17, f13, f12       f17=xxxxxxxx f13:402f4766 f12:408e8d60
15570104ns          257703 1c008404 00c6f6d3 fadd.s           f13, f13, f12       f13=xxxxxxxx f13:402f4766 f12:408e8d60
15570124ns          257704 1c008408 01172023 sw               x17, 0(x14)         x17:bfdba6b4 x14:100016ac  PA:100016ac
15570163ns          257706 1c00840c 00d7a023 sw               x13, 0(x15)         x13:40e63113 x15:10001668  PA:10001668
15570183ns          257707 1c0083ec 0048278b p.lw             x15, 4(x16!)        x15=00000008 x16=10001778 x16:10001774  PA:10001774
15570203ns          257708 1c0083f0 ffc5270b p.lw             x14, -4(x10!)       x14=00000017 x10=100017ac x10:100017b0  PA:100017b0
15570223ns          257709 1c0083f4 00279793 slli             x15, x15, 0x2       x15=00000020 x15:00000008
15570243ns          257710 1c0083f6 00271713 slli             x14, x14, 0x2       x14=0000005c x14:00000017
15570263ns          257711 1c0083f8 017787b3 add              x15, x15, x23       x15=1000166c x15:00000020 x23:1000164c
15570283ns          257712 1c0083fa 01770733 add              x14, x14, x23       x14=100016a8 x14:0000005c x23:1000164c
15570303ns          257713 1c0083fc 0007a683 lw               x13, 0(x15)         x13=40841ea2 x15:1000166c  PA:1000166c
15570323ns          257714 1c0083fe 00072603 lw               x12, 0(x14)         x12=3ec976d1 x14:100016a8  PA:100016a8
15570362ns          257716 1c008400 08c6f8d3 fsub.s           f17, f13, f12       f17=xxxxxxxx f13:40841ea2 f12:3ec976d1
15570382ns          257717 1c008404 00c6f6d3 fadd.s           f13, f13, f12       f13=xxxxxxxx f13:40841ea2 f12:3ec976d1
15570402ns          257718 1c008408 01172023 sw               x17, 0(x14)         x17:406f0e6a x14:100016a8  PA:100016a8
15570422ns          257719 1c00840c 00d7a023 sw               x13, 0(x15)         x13:4090b60f x15:1000166c  PA:1000166c
15570462ns          257721 1c0083ec 0048278b p.lw             x15, 4(x16!)        x15=00000009 x16=1000177c x16:10001778  PA:10001778
15570482ns          257722 1c0083f0 ffc5270b p.lw             x14, -4(x10!)       x14=00000016 x10=100017a8 x10:100017ac  PA:100017ac
15570502ns          257723 1c0083f4 00279793 slli             x15, x15, 0x2       x15=00000024 x15:00000009
15570522ns          257724 1c0083f6 00271713 slli             x14, x14, 0x2       x14=00000058 x14:00000016
15570541ns          257725 1c0083f8 017787b3 add              x15, x15, x23       x15=10001670 x15:00000024 x23:1000164c
15570561ns          257726 1c0083fa 01770733 add              x14, x14, x23       x14=100016a4 x14:00000058 x23:1000164c
15570581ns          257727 1c0083fc 0007a683 lw               x13, 0(x15)         x13=402efd8a x15:10001670  PA:10001670
15570601ns          257728 1c0083fe 00072603 lw               x12, 0(x14)         x12=4108bfae x14:100016a4  PA:100016a4
15570641ns          257730 1c008400 08c6f8d3 fsub.s           f17, f13, f12       f17=xxxxxxxx f13:402efd8a f12:4108bfae
15570661ns          257731 1c008404 00c6f6d3 fadd.s           f13, f13, f12       f13=xxxxxxxx f13:402efd8a f12:4108bfae
15570681ns          257732 1c008408 01172023 sw               x17, 0(x14)         x17:c0ba0097 x14:100016a4  PA:100016a4
15570720ns          257734 1c00840c 00d7a023 sw               x13, 0(x15)         x13:41347f10 x15:10001670  PA:10001670
15570740ns          257735 1c0083ec 0048278b p.lw             x15, 4(x16!)        x15=0000000a x16=10001780 x16:1000177c  PA:1000177c
15570760ns          257736 1c0083f0 ffc5270b p.lw             x14, -4(x10!)       x14=00000015 x10=100017a4 x10:100017a8  PA:100017a8
15570780ns          257737 1c0083f4 00279793 slli             x15, x15, 0x2       x15=00000028 x15:0000000a
15570800ns          257738 1c0083f6 00271713 slli             x14, x14, 0x2       x14=00000054 x14:00000015
15570820ns          257739 1c0083f8 017787b3 add              x15, x15, x23       x15=10001674 x15:00000028 x23:1000164c
15570840ns          257740 1c0083fa 01770733 add              x14, x14, x23       x14=100016a0 x14:00000054 x23:1000164c
15570860ns          257741 1c0083fc 0007a683 lw               x13, 0(x15)         x13=400981bc x15:10001674  PA:10001674
15570880ns          257742 1c0083fe 00072603 lw               x12, 0(x14)         x12=411be6bf x14:100016a0  PA:100016a0
15570919ns          257744 1c008400 08c6f8d3 fsub.s           f17, f13, f12       f17=xxxxxxxx f13:400981bc f12:411be6bf
15570939ns          257745 1c008404 00c6f6d3 fadd.s           f13, f13, f12       f13=xxxxxxxx f13:400981bc f12:411be6bf
15570959ns          257746 1c008408 01172023 sw               x17, 0(x14)         x17:c0f30ca0 x14:100016a0  PA:100016a0
15570979ns          257747 1c00840c 00d7a023 sw               x13, 0(x15)         x13:413e472e x15:10001674  PA:10001674
15570999ns          257748 1c0083ec 0048278b p.lw             x15, 4(x16!)        x15=0000000b x16=10001784 x16:10001780  PA:10001780
15571019ns          257749 1c0083f0 ffc5270b p.lw             x14, -4(x10!)       x14=00000014 x10=100017a0 x10:100017a4  PA:100017a4
15571039ns          257750 1c0083f4 00279793 slli             x15, x15, 0x2       x15=0000002c x15:0000000b
15571059ns          257751 1c0083f6 00271713 slli             x14, x14, 0x2       x14=00000050 x14:00000014
15571078ns          257752 1c0083f8 017787b3 add              x15, x15, x23       x15=10001678 x15:0000002c x23:1000164c
15571098ns          257753 1c0083fa 01770733 add              x14, x14, x23       x14=1000169c x14:00000050 x23:1000164c
15571118ns          257754 1c0083fc 0007a683 lw               x13, 0(x15)         x13=403626a5 x15:10001678  PA:10001678
15571138ns          257755 1c0083fe 00072603 lw               x12, 0(x14)         x12=40c6e40d x14:1000169c  PA:1000169c
15571178ns          257757 1c008400 08c6f8d3 fsub.s           f17, f13, f12       f17=xxxxxxxx f13:403626a5 f12:40c6e40d
15571198ns          257758 1c008404 00c6f6d3 fadd.s           f13, f13, f12       f13=xxxxxxxx f13:403626a5 f12:40c6e40d
15571218ns          257759 1c008408 01172023 sw               x17, 0(x14)         x17:c057a175 x14:1000169c  PA:1000169c
15571238ns          257760 1c00840c 00d7a023 sw               x13, 0(x15)         x13:4110fbb0 x15:10001678  PA:10001678
15571257ns          257761 1c0083ec 0048278b p.lw             x15, 4(x16!)        x15=0000000c x16=10001788 x16:10001784  PA:10001784
15571277ns          257762 1c0083f0 ffc5270b p.lw             x14, -4(x10!)       x14=00000013 x10=1000179c x10:100017a0  PA:100017a0
15571297ns          257763 1c0083f4 00279793 slli             x15, x15, 0x2       x15=00000030 x15:0000000c
15571317ns          257764 1c0083f6 00271713 slli             x14, x14, 0x2       x14=0000004c x14:00000013
15571337ns          257765 1c0083f8 017787b3 add              x15, x15, x23       x15=1000167c x15:00000030 x23:1000164c
15571357ns          257766 1c0083fa 01770733 add              x14, x14, x23       x14=10001698 x14:0000004c x23:1000164c
15571377ns          257767 1c0083fc 0007a683 lw               x13, 0(x15)         x13=40db0d1f x15:1000167c  PA:1000167c
15571397ns          257768 1c0083fe 00072603 lw               x12, 0(x14)         x12=411e3ccc x14:10001698  PA:10001698
15571437ns          257770 1c008400 08c6f8d3 fsub.s           f17, f13, f12       f17=xxxxxxxx f13:40db0d1f f12:411e3ccc
15571456ns          257771 1c008404 00c6f6d3 fadd.s           f13, f13, f12       f13=xxxxxxxx f13:40db0d1f f12:411e3ccc
15571476ns          257772 1c008408 01172023 sw               x17, 0(x14)         x17:c042d8f2 x14:10001698  PA:10001698
15571496ns          257773 1c00840c 00d7a023 sw               x13, 0(x15)         x13:4185e1ae x15:1000167c  PA:1000167c
15571516ns          257774 1c0083ec 0048278b p.lw             x15, 4(x16!)        x15=0000000d x16=1000178c x16:10001788  PA:10001788
15571536ns          257775 1c0083f0 ffc5270b p.lw             x14, -4(x10!)       x14=00000012 x10=10001798 x10:1000179c  PA:1000179c
15571556ns          257776 1c0083f4 00279793 slli             x15, x15, 0x2       x15=00000034 x15:0000000d
15571576ns          257777 1c0083f6 00271713 slli             x14, x14, 0x2       x14=00000048 x14:00000012
15571596ns          257778 1c0083f8 017787b3 add              x15, x15, x23       x15=10001680 x15:00000034 x23:1000164c
15571616ns          257779 1c0083fa 01770733 add              x14, x14, x23       x14=10001694 x14:00000048 x23:1000164c
15571635ns          257780 1c0083fc 0007a683 lw               x13, 0(x15)         x13=408b1f98 x15:10001680  PA:10001680
15571655ns          257781 1c0083fe 00072603 lw               x12, 0(x14)         x12=3f1d4278 x14:10001694  PA:10001694
15571695ns          257783 1c008400 08c6f8d3 fsub.s           f17, f13, f12       f17=xxxxxxxx f13:408b1f98 f12:3f1d4278
15571715ns          257784 1c008404 00c6f6d3 fadd.s           f13, f13, f12       f13=xxxxxxxx f13:408b1f98 f12:3f1d4278
15571735ns          257785 1c008408 01172023 sw               x17, 0(x14)         x17:406eee92 x14:10001694  PA:10001694
15571755ns          257786 1c00840c 00d7a023 sw               x13, 0(x15)         x13:409ec7e7 x15:10001680  PA:10001680
15571775ns          257787 1c0083ec 0048278b p.lw             x15, 4(x16!)        x15=0000000e x16=10001790 x16:1000178c  PA:1000178c
15571795ns          257788 1c0083f0 ffc5270b p.lw             x14, -4(x10!)       x14=00000011 x10=10001794 x10:10001798  PA:10001798
15571814ns          257789 1c0083f4 00279793 slli             x15, x15, 0x2       x15=00000038 x15:0000000e
15571834ns          257790 1c0083f6 00271713 slli             x14, x14, 0x2       x14=00000044 x14:00000011
15571854ns          257791 1c0083f8 017787b3 add              x15, x15, x23       x15=10001684 x15:00000038 x23:1000164c
15571874ns          257792 1c0083fa 01770733 add              x14, x14, x23       x14=10001690 x14:00000044 x23:1000164c
15571894ns          257793 1c0083fc 0007a683 lw               x13, 0(x15)         x13=40b31fb5 x15:10001684  PA:10001684
15571914ns          257794 1c0083fe 00072603 lw               x12, 0(x14)         x12=40fc61eb x14:10001690  PA:10001690
15571954ns          257796 1c008400 08c6f8d3 fsub.s           f17, f13, f12       f17=xxxxxxxx f13:40b31fb5 f12:40fc61eb
15571974ns          257797 1c008404 00c6f6d3 fadd.s           f13, f13, f12       f13=xxxxxxxx f13:40b31fb5 f12:40fc61eb
15571993ns          257798 1c008408 01172023 sw               x17, 0(x14)         x17:c012846c x14:10001690  PA:10001690
15572033ns          257800 1c00840c 00d7a023 sw               x13, 0(x15)         x13:4157c0d0 x15:10001684  PA:10001684
15572053ns          257801 1c0083ec 0048278b p.lw             x15, 4(x16!)        x15=0000000f x16=10001794 x16:10001790  PA:10001790
15572073ns          257802 1c0083f0 ffc5270b p.lw             x14, -4(x10!)       x14=00000010 x10=10001790 x10:10001794  PA:10001794
15572093ns          257803 1c0083f4 00279793 slli             x15, x15, 0x2       x15=0000003c x15:0000000f
15572113ns          257804 1c0083f6 00271713 slli             x14, x14, 0x2       x14=00000040 x14:00000010
15572133ns          257805 1c0083f8 017787b3 add              x15, x15, x23       x15=10001688 x15:0000003c x23:1000164c
15572153ns          257806 1c0083fa 01770733 add              x14, x14, x23       x14=1000168c x14:00000040 x23:1000164c
15572172ns          257807 1c0083fc 0007a683 lw               x13, 0(x15)         x13=400077db x15:10001688  PA:10001688
15572192ns          257808 1c0083fe 00072603 lw               x12, 0(x14)         x12=40c32b7c x14:1000168c  PA:1000168c
15572232ns          257810 1c008400 08c6f8d3 fsub.s           f17, f13, f12       f17=xxxxxxxx f13:400077db f12:40c32b7c
15572252ns          257811 1c008404 00c6f6d3 fadd.s           f13, f13, f12       f13=xxxxxxxx f13:400077db f12:40c32b7c
15572272ns          257812 1c008408 01172023 sw               x17, 0(x14)         x17:c082ef8e x14:1000168c  PA:1000168c
15572312ns          257814 1c00840c 00d7a023 sw               x13, 0(x15)         x13:4101b3b5 x15:10001688  PA:10001688
15572332ns          257815 1c00840e 01c12703 lw               x14, 28(x2)         x14=00000010  x2:100015c8  PA:100015e4
15572371ns          257817 1c008410 3e872d63 p.beqimm         x14, 1018           x14:00000010
15572391ns          257818 1c008414 01c12603 lw               x12, 28(x2)         x12=00000010  x2:100015c8  PA:100015e4
15572431ns          257820 1c008416 02812583 lw               x11, 40(x2)         x11=10001754  x2:100015c8  PA:100015f0
15572451ns          257821 1c008418 01700533 add              x10, x0, x23        x10=1000164c x23:1000164c
15572471ns          257822 1c00841a f8fff0ef jal              x1, -114             x1=1c00841c
15572849ns          257841 1c0083a8 f8010113 addi             x2, x2, -128         x2=10001548  x2:100015c8
15572869ns          257842 1c0083aa 40165693 srai             x13, x12, 0x401     x13=00000008 x12:00000010
15572889ns          257843 1c0083ae 05712e23 sw               x23, 92(x2)         x23:1000164c  x2:10001548  PA:100015a4
15572908ns          257844 1c0083b0 06112e23 sw               x1, 124(x2)          x1:1c00841c  x2:10001548  PA:100015c4
15572928ns          257845 1c0083b2 06812c23 sw               x8, 120(x2)          x8:xxxxxxxx  x2:10001548  PA:100015c0
15572948ns          257846 1c0083b4 06912a23 sw               x9, 116(x2)          x9:00000002  x2:10001548  PA:100015bc
15572968ns          257847 1c0083b6 07212823 sw               x18, 112(x2)        x18:1c010000  x2:10001548  PA:100015b8
15572988ns          257848 1c0083b8 07312623 sw               x19, 108(x2)        x19:xxxxxxxx  x2:10001548  PA:100015b4
15573008ns          257849 1c0083ba 07412423 sw               x20, 104(x2)        x20:xxxxxxxx  x2:10001548  PA:100015b0
15573028ns          257850 1c0083bc 07512223 sw               x21, 100(x2)        x21:xxxxxxxx  x2:10001548  PA:100015ac
15573048ns          257851 1c0083be 07612023 sw               x22, 96(x2)         x22:xxxxxxxx  x2:10001548  PA:100015a8
15573068ns          257852 1c0083c0 05812c23 sw               x24, 88(x2)         x24:xxxxxxxx  x2:10001548  PA:100015a0
15573087ns          257853 1c0083c2 05912a23 sw               x25, 84(x2)         x25:xxxxxxxx  x2:10001548  PA:1000159c
15573107ns          257854 1c0083c4 05a12823 sw               x26, 80(x2)         x26:xxxxxxxx  x2:10001548  PA:10001598
15573127ns          257855 1c0083c6 05b12623 sw               x27, 76(x2)         x27:xxxxxxxx  x2:10001548  PA:10001594
15573147ns          257856 1c0083c8 02c12a23 sw               x12, 52(x2)         x12:00000010  x2:10001548  PA:1000157c
15573167ns          257857 1c0083ca 00d12e23 sw               x13, 28(x2)         x13:00000008  x2:10001548  PA:10001564
15573187ns          257858 1c0083cc 02b12423 sw               x11, 40(x2)         x11:10001754  x2:10001548  PA:10001570
15573207ns          257859 1c0083ce 00a00bb3 add              x23, x0, x10        x23=1000164c x10:1000164c
15573227ns          257860 1c0083d0 04d05263 bge              x0, x13, 68         x13:00000008
15573247ns          257861 1c0083d4 00b00833 add              x16, x0, x11        x16=10001754 x11:10001754
15573266ns          257862 1c0083d6 00269593 slli             x11, x13, 0x2       x11=00000020 x13:00000008
15573286ns          257863 1c0083da 00261513 slli             x10, x12, 0x2       x10=00000040 x12:00000010
15573306ns          257864 1c0083de ffc58593 addi             x11, x11, -4        x11=0000001c x11:00000020
15573326ns          257865 1c0083e0 ffc50513 addi             x10, x10, -4        x10=0000003c x10:00000040
15573346ns          257866 1c0083e2 0025d593 srli             x11, x11, 0x2       x11=00000007 x11:0000001c
15573366ns          257867 1c0083e4 01050533 add              x10, x10, x16       x10=10001790 x10:0000003c x16:10001754
15573386ns          257868 1c0083e6 00158593 addi             x11, x11, 1         x11=00000008 x11:00000007
15573406ns          257869 1c0083e8 0125c0fb lp.setup         0x1, x11, 0x12      x11:00000008
15573426ns          257870 1c0083ec 0048278b p.lw             x15, 4(x16!)        x15=00000000 x16=10001758 x16:10001754  PA:10001754
15573445ns          257871 1c0083f0 ffc5270b p.lw             x14, -4(x10!)       x14=0000000f x10=1000178c x10:10001790  PA:10001790
15573465ns          257872 1c0083f4 00279793 slli             x15, x15, 0x2       x15=00000000 x15:00000000
15573485ns          257873 1c0083f6 00271713 slli             x14, x14, 0x2       x14=0000003c x14:0000000f
15573505ns          257874 1c0083f8 017787b3 add              x15, x15, x23       x15=1000164c x15:00000000 x23:1000164c
15573525ns          257875 1c0083fa 01770733 add              x14, x14, x23       x14=10001688 x14:0000003c x23:1000164c
15573545ns          257876 1c0083fc 0007a683 lw               x13, 0(x15)         x13=4147d3fc x15:1000164c  PA:1000164c
15573565ns          257877 1c0083fe 00072603 lw               x12, 0(x14)         x12=4101b3b5 x14:10001688  PA:10001688
15573605ns          257879 1c008400 08c6f8d3 fsub.s           f17, f13, f12       f17=xxxxxxxx f13:4147d3fc f12:4101b3b5
15573624ns          257880 1c008404 00c6f6d3 fadd.s           f13, f13, f12       f13=xxxxxxxx f13:4147d3fc f12:4101b3b5
15573644ns          257881 1c008408 01172023 sw               x17, 0(x14)         x17:408c408e x14:10001688  PA:10001688
15573664ns          257882 1c00840c 00d7a023 sw               x13, 0(x15)         x13:41a4c3d8 x15:1000164c  PA:1000164c
15573704ns          257884 1c0083ec 0048278b p.lw             x15, 4(x16!)        x15=00000001 x16=1000175c x16:10001758  PA:10001758
15573724ns          257885 1c0083f0 ffc5270b p.lw             x14, -4(x10!)       x14=0000000e x10=10001788 x10:1000178c  PA:1000178c
15573764ns          257887 1c0083f4 00279793 slli             x15, x15, 0x2       x15=00000004 x15:00000001
15573784ns          257888 1c0083f6 00271713 slli             x14, x14, 0x2       x14=00000038 x14:0000000e
15573804ns          257889 1c0083f8 017787b3 add              x15, x15, x23       x15=10001650 x15:00000004 x23:1000164c
15573823ns          257890 1c0083fa 01770733 add              x14, x14, x23       x14=10001684 x14:00000038 x23:1000164c
15573843ns          257891 1c0083fc 0007a683 lw               x13, 0(x15)         x13=41711b7a x15:10001650  PA:10001650
15573863ns          257892 1c0083fe 00072603 lw               x12, 0(x14)         x12=4157c0d0 x14:10001684  PA:10001684
15573903ns          257894 1c008400 08c6f8d3 fsub.s           f17, f13, f12       f17=xxxxxxxx f13:41711b7a f12:4157c0d0
15573923ns          257895 1c008404 00c6f6d3 fadd.s           f13, f13, f12       f13=xxxxxxxx f13:41711b7a f12:4157c0d0
15573943ns          257896 1c008408 01172023 sw               x17, 0(x14)         x17:3fcad550 x14:10001684  PA:10001684
15573963ns          257897 1c00840c 00d7a023 sw               x13, 0(x15)         x13:41e46e25 x15:10001650  PA:10001650
15573983ns          257898 1c0083ec 0048278b p.lw             x15, 4(x16!)        x15=00000002 x16=10001760 x16:1000175c  PA:1000175c
15574002ns          257899 1c0083f0 ffc5270b p.lw             x14, -4(x10!)       x14=0000000d x10=10001784 x10:10001788  PA:10001788
15574022ns          257900 1c0083f4 00279793 slli             x15, x15, 0x2       x15=00000008 x15:00000002
15574042ns          257901 1c0083f6 00271713 slli             x14, x14, 0x2       x14=00000034 x14:0000000d
15574062ns          257902 1c0083f8 017787b3 add              x15, x15, x23       x15=10001654 x15:00000008 x23:1000164c
15574082ns          257903 1c0083fa 01770733 add              x14, x14, x23       x14=10001680 x14:00000034 x23:1000164c
15574102ns          257904 1c0083fc 0007a683 lw               x13, 0(x15)         x13=412c5675 x15:10001654  PA:10001654
15574122ns          257905 1c0083fe 00072603 lw               x12, 0(x14)         x12=409ec7e7 x14:10001680  PA:10001680
15574162ns          257907 1c008400 08c6f8d3 fsub.s           f17, f13, f12       f17=xxxxxxxx f13:412c5675 f12:409ec7e7
15574181ns          257908 1c008404 00c6f6d3 fadd.s           f13, f13, f12       f13=xxxxxxxx f13:412c5675 f12:409ec7e7
15574201ns          257909 1c008408 01172023 sw               x17, 0(x14)         x17:40b9e503 x14:10001680  PA:10001680
15574221ns          257910 1c00840c 00d7a023 sw               x13, 0(x15)         x13:417bba68 x15:10001654  PA:10001654
15574261ns          257912 1c0083ec 0048278b p.lw             x15, 4(x16!)        x15=00000003 x16=10001764 x16:10001760  PA:10001760
15574281ns          257913 1c0083f0 ffc5270b p.lw             x14, -4(x10!)       x14=0000000c x10=10001780 x10:10001784  PA:10001784
15574301ns          257914 1c0083f4 00279793 slli             x15, x15, 0x2       x15=0000000c x15:00000003
15574321ns          257915 1c0083f6 00271713 slli             x14, x14, 0x2       x14=00000030 x14:0000000c
15574341ns          257916 1c0083f8 017787b3 add              x15, x15, x23       x15=10001658 x15:0000000c x23:1000164c
15574360ns          257917 1c0083fa 01770733 add              x14, x14, x23       x14=1000167c x14:00000030 x23:1000164c
15574380ns          257918 1c0083fc 0007a683 lw               x13, 0(x15)         x13=4152bc05 x15:10001658  PA:10001658
15574400ns          257919 1c0083fe 00072603 lw               x12, 0(x14)         x12=4185e1ae x14:1000167c  PA:1000167c
15574440ns          257921 1c008400 08c6f8d3 fsub.s           f17, f13, f12       f17=xxxxxxxx f13:4152bc05 f12:4185e1ae
15574460ns          257922 1c008404 00c6f6d3 fadd.s           f13, f13, f12       f13=xxxxxxxx f13:4152bc05 f12:4185e1ae
15574480ns          257923 1c008408 01172023 sw               x17, 0(x14)         x17:c0641d5c x14:1000167c  PA:1000167c
15574500ns          257924 1c00840c 00d7a023 sw               x13, 0(x15)         x13:41ef3fb0 x15:10001658  PA:10001658
15574520ns          257925 1c0083ec 0048278b p.lw             x15, 4(x16!)        x15=00000004 x16=10001768 x16:10001764  PA:10001764
15574539ns          257926 1c0083f0 ffc5270b p.lw             x14, -4(x10!)       x14=0000000b x10=1000177c x10:10001780  PA:10001780
15574559ns          257927 1c0083f4 00279793 slli             x15, x15, 0x2       x15=00000010 x15:00000004
15574579ns          257928 1c0083f6 00271713 slli             x14, x14, 0x2       x14=0000002c x14:0000000b
15574599ns          257929 1c0083f8 017787b3 add              x15, x15, x23       x15=1000165c x15:00000010 x23:1000164c
15574619ns          257930 1c0083fa 01770733 add              x14, x14, x23       x14=10001678 x14:0000002c x23:1000164c
15574639ns          257931 1c0083fc 0007a683 lw               x13, 0(x15)         x13=41865ad4 x15:1000165c  PA:1000165c
15574659ns          257932 1c0083fe 00072603 lw               x12, 0(x14)         x12=4110fbb0 x14:10001678  PA:10001678
15574699ns          257934 1c008400 08c6f8d3 fsub.s           f17, f13, f12       f17=xxxxxxxx f13:41865ad4 f12:4110fbb0
15574718ns          257935 1c008404 00c6f6d3 fadd.s           f13, f13, f12       f13=xxxxxxxx f13:41865ad4 f12:4110fbb0
15574738ns          257936 1c008408 01172023 sw               x17, 0(x14)         x17:40f773f0 x14:10001678  PA:10001678
15574758ns          257937 1c00840c 00d7a023 sw               x13, 0(x15)         x13:41ced8ac x15:1000165c  PA:1000165c
15574798ns          257939 1c0083ec 0048278b p.lw             x15, 4(x16!)        x15=00000005 x16=1000176c x16:10001768  PA:10001768
15574818ns          257940 1c0083f0 ffc5270b p.lw             x14, -4(x10!)       x14=0000000a x10=10001778 x10:1000177c  PA:1000177c
15574838ns          257941 1c0083f4 00279793 slli             x15, x15, 0x2       x15=00000014 x15:00000005
15574858ns          257942 1c0083f6 00271713 slli             x14, x14, 0x2       x14=00000028 x14:0000000a
15574878ns          257943 1c0083f8 017787b3 add              x15, x15, x23       x15=10001660 x15:00000014 x23:1000164c
15574897ns          257944 1c0083fa 01770733 add              x14, x14, x23       x14=10001674 x14:00000028 x23:1000164c
15574917ns          257945 1c0083fc 0007a683 lw               x13, 0(x15)         x13=4110f672 x15:10001660  PA:10001660
15574937ns          257946 1c0083fe 00072603 lw               x12, 0(x14)         x12=413e472e x14:10001674  PA:10001674
15574977ns          257948 1c008400 08c6f8d3 fsub.s           f17, f13, f12       f17=xxxxxxxx f13:4110f672 f12:413e472e
15574997ns          257949 1c008404 00c6f6d3 fadd.s           f13, f13, f12       f13=xxxxxxxx f13:4110f672 f12:413e472e
15575017ns          257950 1c008408 01172023 sw               x17, 0(x14)         x17:c03542f0 x14:10001674  PA:10001674
15575037ns          257951 1c00840c 00d7a023 sw               x13, 0(x15)         x13:41a79ed0 x15:10001660  PA:10001660
15575057ns          257952 1c0083ec 0048278b p.lw             x15, 4(x16!)        x15=00000006 x16=10001770 x16:1000176c  PA:1000176c
15575077ns          257953 1c0083f0 ffc5270b p.lw             x14, -4(x10!)       x14=00000009 x10=10001774 x10:10001778  PA:10001778
15575096ns          257954 1c0083f4 00279793 slli             x15, x15, 0x2       x15=00000018 x15:00000006
15575116ns          257955 1c0083f6 00271713 slli             x14, x14, 0x2       x14=00000024 x14:00000009
15575136ns          257956 1c0083f8 017787b3 add              x15, x15, x23       x15=10001664 x15:00000018 x23:1000164c
15575156ns          257957 1c0083fa 01770733 add              x14, x14, x23       x14=10001670 x14:00000024 x23:1000164c
15575176ns          257958 1c0083fc 0007a683 lw               x13, 0(x15)         x13=41337702 x15:10001664  PA:10001664
15575196ns          257959 1c0083fe 00072603 lw               x12, 0(x14)         x12=41347f10 x14:10001670  PA:10001670
15575236ns          257961 1c008400 08c6f8d3 fsub.s           f17, f13, f12       f17=xxxxxxxx f13:41337702 f12:41347f10
15575256ns          257962 1c008404 00c6f6d3 fadd.s           f13, f13, f12       f13=xxxxxxxx f13:41337702 f12:41347f10
15575275ns          257963 1c008408 01172023 sw               x17, 0(x14)         x17:bd840700 x14:10001670  PA:10001670
15575315ns          257965 1c00840c 00d7a023 sw               x13, 0(x15)         x13:41b3fb09 x15:10001664  PA:10001664
15575335ns          257966 1c0083ec 0048278b p.lw             x15, 4(x16!)        x15=00000007 x16=10001774 x16:10001770  PA:10001770
15575375ns          257968 1c0083f0 ffc5270b p.lw             x14, -4(x10!)       x14=00000008 x10=10001770 x10:10001774  PA:10001774
15575395ns          257969 1c0083f4 00279793 slli             x15, x15, 0x2       x15=0000001c x15:00000007
15575415ns          257970 1c0083f6 00271713 slli             x14, x14, 0x2       x14=00000020 x14:00000008
15575435ns          257971 1c0083f8 017787b3 add              x15, x15, x23       x15=10001668 x15:0000001c x23:1000164c
15575454ns          257972 1c0083fa 01770733 add              x14, x14, x23       x14=1000166c x14:00000020 x23:1000164c
15575474ns          257973 1c0083fc 0007a683 lw               x13, 0(x15)         x13=40e63113 x15:10001668  PA:10001668
15575494ns          257974 1c0083fe 00072603 lw               x12, 0(x14)         x12=4090b60f x14:1000166c  PA:1000166c
15575554ns          257977 1c008400 08c6f8d3 fsub.s           f17, f13, f12       f17=xxxxxxxx f13:40e63113 f12:4090b60f
15575574ns          257978 1c008404 00c6f6d3 fadd.s           f13, f13, f12       f13=xxxxxxxx f13:40e63113 f12:4090b60f
15575594ns          257979 1c008408 01172023 sw               x17, 0(x14)         x17:402af608 x14:1000166c  PA:1000166c
15575614ns          257980 1c00840c 00d7a023 sw               x13, 0(x15)         x13:413b7391 x15:10001668  PA:10001668
15575633ns          257981 1c00840e 01c12703 lw               x14, 28(x2)         x14=00000008  x2:10001548  PA:10001564
15575673ns          257983 1c008410 3e872d63 p.beqimm         x14, 1018           x14:00000008
15576111ns          258005 1c00880a 02812583 lw               x11, 40(x2)         x11=10001754  x2:10001548  PA:10001570
15576151ns          258007 1c00880c 01700533 add              x10, x0, x23        x10=1000164c x23:1000164c
15576171ns          258008 1c00880e 9a9ff0ef jal              x1, -1624            x1=1c008810
15576668ns          258033 1c0081b6 0005a683 lw               x13, 0(x11)         x13=00000000 x11:10001754  PA:10001754
15576708ns          258035 1c0081b8 01c5a603 lw               x12, 28(x11)        x12=00000007 x11:10001754  PA:10001770
15576727ns          258036 1c0081ba 00269693 slli             x13, x13, 0x2       x13=00000000 x13:00000000
15576747ns          258037 1c0081bc 00261613 slli             x12, x12, 0x2       x12=0000001c x12:00000007
15576767ns          258038 1c0081be 00a686b3 add              x13, x13, x10       x13=1000164c x13:00000000 x10:1000164c
15577165ns          258058 1c0081c0 00a60633 add              x12, x12, x10       x12=10001668 x12:0000001c x10:1000164c
15577205ns          258060 1c0081c2 0006a883 lw               x17, 0(x13)         x17=41a4c3d8 x13:1000164c  PA:1000164c
15577225ns          258061 1c0081c6 00062803 lw               x16, 0(x12)         x16=413b7391 x12:10001668  PA:10001668
15577245ns          258062 1c0081ca 0045a783 lw               x15, 4(x11)         x15=00000001 x11:10001754  PA:10001758
15577264ns          258063 1c0081cc 0908f353 fsub.s           f6, f17, f16         f6=xxxxxxxx f17:41a4c3d8 f16:413b7391
15577682ns          258084 1c0081d0 0185a703 lw               x14, 24(x11)        x14=00000006 x11:10001754  PA:1000176c
15577722ns          258086 1c0081d2 01187853 fadd.s           f16, f16, f17       f16=xxxxxxxx f16:413b7391 f17:41a4c3d8
15577742ns          258087 1c0081d6 00662023 sw               x6, 0(x12)           x6:410e141f x12:10001668  PA:10001668
15577762ns          258088 1c0081da 00279793 slli             x15, x15, 0x2       x15=00000004 x15:00000001
15577782ns          258089 1c0081dc 00271713 slli             x14, x14, 0x2       x14=00000018 x14:00000006
15578199ns          258110 1c0081de 0106a023 sw               x16, 0(x13)         x16:42013ed0 x13:1000164c  PA:1000164c
15578219ns          258111 1c0081e2 00a787b3 add              x15, x15, x10       x15=10001650 x15:00000004 x10:1000164c
15578239ns          258112 1c0081e4 00a70733 add              x14, x14, x10       x14=10001664 x14:00000018 x10:1000164c
15578259ns          258113 1c0081e6 0007a303 lw               x6, 0(x15)           x6=41e46e25 x15:10001650  PA:10001650
15578279ns          258114 1c0081ea 00072883 lw               x17, 0(x14)         x17=41b3fb09 x14:10001664  PA:10001664
15578299ns          258115 1c0081ee 0085a603 lw               x12, 8(x11)         x12=00000002 x11:10001754  PA:1000175c
15578736ns          258137 1c0081f0 09137e53 fsub.s           f28, f6, f17        f28=xxxxxxxx  f6:41e46e25 f17:41b3fb09
15578776ns          258139 1c0081f4 0145a803 lw               x16, 20(x11)        x16=00000005 x11:10001754  PA:10001768
15578796ns          258140 1c0081f8 0068f8d3 fadd.s           f17, f17, f6        f17=xxxxxxxx f17:41b3fb09  f6:41e46e25
15578816ns          258141 1c0081fc 01c72023 sw               x28, 0(x14)         x28:40c1cc70 x14:10001664  PA:10001664
15579254ns          258163 1c008200 00261613 slli             x12, x12, 0x2       x12=00000008 x12:00000002
15579273ns          258164 1c008202 00281813 slli             x16, x16, 0x2       x16=00000014 x16:00000005
15579293ns          258165 1c008204 0117a023 sw               x17, 0(x15)         x17:424c3497 x15:10001650  PA:10001650
15579313ns          258166 1c008208 00a60633 add              x12, x12, x10       x12=10001654 x12:00000008 x10:1000164c
15579333ns          258167 1c00820a 00a80833 add              x16, x16, x10       x16=10001660 x16:00000014 x10:1000164c
15579353ns          258168 1c00820c 00082303 lw               x6, 0(x16)           x6=41a79ed0 x16:10001660  PA:10001660
15579771ns          258189 1c008210 00062883 lw               x17, 0(x12)         x17=417bba68 x12:10001654  PA:10001654
15579811ns          258191 1c008214 00c5a783 lw               x15, 12(x11)        x15=00000003 x11:10001754  PA:10001760
15579830ns          258192 1c008216 0868fe53 fsub.s           f28, f17, f6        f28=xxxxxxxx f17:417bba68  f6:41a79ed0
15579850ns          258193 1c00821a 0105a703 lw               x14, 16(x11)        x14=00000004 x11:10001754  PA:10001764
15579870ns          258194 1c00821c 0068f8d3 fadd.s           f17, f17, f6        f17=xxxxxxxx f17:417bba68  f6:41a79ed0
15580288ns          258215 1c008220 01c82023 sw               x28, 0(x16)         x28:c0a70670 x16:10001660  PA:10001660
15580328ns          258217 1c008224 00279793 slli             x15, x15, 0x2       x15=0000000c x15:00000003
15580348ns          258218 1c008226 00271713 slli             x14, x14, 0x2       x14=00000010 x14:00000004
15580367ns          258219 1c008228 01162023 sw               x17, 0(x12)         x17:4212be02 x12:10001654  PA:10001654
15580387ns          258220 1c00822c 00a787b3 add              x15, x15, x10       x15=10001658 x15:0000000c x10:1000164c
15580407ns          258221 1c00822e 00a70733 add              x14, x14, x10       x14=1000165c x14:00000010 x10:1000164c
15580805ns          258241 1c008230 0007a803 lw               x16, 0(x15)         x16=41ef3fb0 x15:10001658  PA:10001658
15580845ns          258243 1c008234 00072603 lw               x12, 0(x14)         x12=41ced8ac x14:1000165c  PA:1000165c
15580865ns          258244 1c008236 00c5ae03 lw               x28, 12(x11)        x28=00000003 x11:10001754  PA:10001760
15580885ns          258245 1c00823a 08c878d3 fsub.s           f17, f16, f12       f17=xxxxxxxx f16:41ef3fb0 f12:41ced8ac
15581342ns          258268 1c00823e 01067653 fadd.s           f12, f12, f16       f12=xxxxxxxx f12:41ced8ac f16:41ef3fb0
15581362ns          258269 1c008242 002e1e13 slli             x28, x28, 0x2       x28=0000000c x28:00000003
15581382ns          258270 1c008244 01172023 sw               x17, 0(x14)         x17:40819c10 x14:1000165c  PA:1000165c
15581402ns          258271 1c008248 00c7a023 sw               x12, 0(x15)         x12:425f0c2e x15:10001658  PA:10001658
15581422ns          258272 1c00824a 00ae0e33 add              x28, x28, x10       x28=10001658 x28:0000000c x10:1000164c
15581442ns          258273 1c00824c 0006a783 lw               x15, 0(x13)         x15=42013ed0 x13:1000164c  PA:1000164c
15581859ns          258294 1c00824e 000e2703 lw               x14, 0(x28)         x14=425f0c2e x28:10001658  PA:10001658
15581919ns          258297 1c008252 0045ae83 lw               x29, 4(x11)         x29=00000001 x11:10001754  PA:10001758
15581939ns          258298 1c008256 08e7f653 fsub.s           f12, f15, f14       f12=xxxxxxxx f15:42013ed0 f14:425f0c2e
15581959ns          258299 1c00825a 0085a303 lw               x6, 8(x11)           x6=00000002 x11:10001754  PA:1000175c
15582376ns          258320 1c00825e 00e7f7d3 fadd.s           f15, f15, f14       f15=xxxxxxxx f15:42013ed0 f14:425f0c2e
15582416ns          258322 1c008262 00ce2023 sw               x12, 0(x28)         x12:c1bb9abc x28:10001658  PA:10001658
15582436ns          258323 1c008266 002e9e93 slli             x29, x29, 0x2       x29=00000004 x29:00000001
15582456ns          258324 1c008268 00231313 slli             x6, x6, 0x2          x6=00000008  x6:00000002
15582476ns          258325 1c00826a 00ae8eb3 add              x29, x29, x10       x29=10001650 x29:00000004 x10:1000164c
15582496ns          258326 1c00826c 00a30333 add              x6, x6, x10          x6=10001654  x6:00000008 x10:1000164c
15582516ns          258327 1c00826e 00f6a023 sw               x15, 0(x13)         x15:42b0257f x13:1000164c  PA:1000164c
15582894ns          258346 1c008270 000ea603 lw               x12, 0(x29)         x12=424c3497 x29:10001650  PA:10001650
15582933ns          258348 1c008274 00032803 lw               x16, 0(x6)          x16=4212be02  x6:10001654  PA:10001654
15582953ns          258349 1c008278 0185a703 lw               x14, 24(x11)        x14=00000006 x11:10001754  PA:1000176c
15582973ns          258350 1c00827a 090678d3 fsub.s           f17, f12, f16       f17=xxxxxxxx f12:424c3497 f16:4212be02
15582993ns          258351 1c00827e 0145a783 lw               x15, 20(x11)        x15=00000005 x11:10001754  PA:10001768
15583411ns          258372 1c008280 01067653 fadd.s           f12, f12, f16       f12=xxxxxxxx f12:424c3497 f16:4212be02
15583451ns          258374 1c008284 01132023 sw               x17, 0(x6)          x17:4165da54  x6:10001654  PA:10001654
15583470ns          258375 1c008288 00271713 slli             x14, x14, 0x2       x14=00000018 x14:00000006
15583490ns          258376 1c00828a 00279793 slli             x15, x15, 0x2       x15=00000014 x15:00000005
15583510ns          258377 1c00828c 00cea023 sw               x12, 0(x29)         x12:42af794c x29:10001650  PA:10001650
15583948ns          258399 1c008290 00a70733 add              x14, x14, x10       x14=10001664 x14:00000018 x10:1000164c
15583968ns          258400 1c008292 00a787b3 add              x15, x15, x10       x15=10001660 x15:00000014 x10:1000164c
15583988ns          258401 1c008294 0007af03 lw               x30, 0(x15)         x30=c0a70670 x15:10001660  PA:10001660
15584007ns          258402 1c008298 00072803 lw               x16, 0(x14)         x16=40c1cc70 x14:10001664  PA:10001664
15584027ns          258403 1c00829c 1c0008b7 lui              x17, 0x1c000000     x17=1c000000
15584465ns          258425 1c0082a0 010f7653 fadd.s           f12, f30, f16       f12=xxxxxxxx f30:c0a70670 f16:40c1cc70
15584505ns          258427 1c0082a4 0288a883 lw               x17, 40(x17)        x17=3f3504f3 x17:1c000000  PA:1c000028
15584803ns          258442 1c0082a8 09e87853 fsub.s           f16, f16, f30       f16=xxxxxxxx f16:40c1cc70 f30:c0a70670
15584823ns          258443 1c0082ac 11167653 fmul.s           f12, f12, f17       f12=xxxxxxxx f12:3f563000 f17:3f3504f3
15585002ns          258452 1c0082b0 11187853 fmul.s           f16, f16, f17       f16=xxxxxxxx f16:41346970 f17:3f3504f3
15585042ns          258454 1c0082b4 00c72023 sw               x12, 0(x14)         x12:3f177414 x14:10001664  PA:10001664
15585062ns          258455 1c0082b6 0107a023 sw               x16, 0(x15)         x16:40ff2412 x15:10001660  PA:10001660
15585082ns          258456 1c0082ba 0006af03 lw               x30, 0(x13)         x30=42b0257f x13:1000164c  PA:1000164c
15585519ns          258478 1c0082be 000ea603 lw               x12, 0(x29)         x12=42af794c x29:10001650  PA:10001650
15585559ns          258480 1c0082c2 08cf7853 fsub.s           f16, f30, f12       f16=xxxxxxxx f30:42b0257f f12:42af794c
15585579ns          258481 1c0082c6 01e67653 fadd.s           f12, f12, f30       f12=xxxxxxxx f12:42af794c f30:42b0257f
15585599ns          258482 1c0082ca 11187853 fmul.s           f16, f16, f17       f16=xxxxxxxx f16:3eac3300 f17:3f3504f3
15586036ns          258504 1c0082ce 11167653 fmul.s           f12, f12, f17       f12=xxxxxxxx f12:432fcf66 f17:3f3504f3
15586076ns          258506 1c0082d2 1c0008b7 lui              x17, 0x1c000000     x17=1c000000
15586096ns          258507 1c0082d6 010ea023 sw               x16, 0(x29)         x16:3e7386c7 x29:10001650  PA:10001650
15586116ns          258508 1c0082da 00c6a023 sw               x12, 0(x13)         x12:42f8a212 x13:1000164c  PA:1000164c
15586136ns          258509 1c0082dc 1c000837 lui              x16, 0x1c000000     x16=1c000000
15586573ns          258531 1c0082e0 00032603 lw               x12, 0(x6)          x12=4165da54  x6:10001654  PA:10001654
15586613ns          258533 1c0082e4 0308ae83 lw               x29, 48(x17)        x29=3ec3ef15 x17:1c000000  PA:1c000030
15586931ns          258549 1c0082e8 02c82803 lw               x16, 44(x16)        x16=bf6c835e x16:1c000000  PA:1c00002c
15587250ns          258565 1c0082ec 1c0008b7 lui              x17, 0x1c000000     x17=1c000000
15587270ns          258566 1c0082f0 000e2683 lw               x13, 0(x28)         x13=c1bb9abc x28:10001658  PA:10001658
15587289ns          258567 1c0082f4 0348a883 lw               x17, 52(x17)        x17=3f6c835e x17:1c000000  PA:1c000034
15587707ns          258588 1c0082f8 11067853 fmul.s           f16, f12, f16       f16=xxxxxxxx f12:4165da54 f16:bf6c835e
15587727ns          258589 1c0082fc 1116f8d3 fmul.s           f17, f13, f17       f17=xxxxxxxx f13:c1bb9abc f17:3f6c835e
15587747ns          258590 1c008300 81d6f6c3 fmadd.s          f13, f13, f29, f16  f13=xxxxxxxx f13:c1bb9abc f29:3ec3ef15 f16:c1545b39
15587787ns          258592 1c008304 89d67643 fmadd.s          f12, f12, f29, f17  f12=xxxxxxxx f12:4165da54 f29:3ec3ef15 f17:c1ad52ea
15587807ns          258593 1c008308 0105a803 lw               x16, 16(x11)        x16=00000004 x11:10001754  PA:10001764
15587826ns          258594 1c00830c 00de2023 sw               x13, 0(x28)         x13:c1b1f8a6 x28:10001658  PA:10001658
15588264ns          258616 1c008310 00281693 slli             x13, x16, 0x2       x13=00000010 x16:00000004
15588304ns          258618 1c008314 00c32023 sw               x12, 0(x6)          x12:c18157ec  x6:10001654  PA:10001654
15588324ns          258619 1c008318 00a686b3 add              x13, x13, x10       x13=1000165c x13:00000010 x10:1000164c
15588344ns          258620 1c00831a 0006a803 lw               x16, 0(x13)         x16=40819c10 x13:1000165c  PA:1000165c
15588364ns          258621 1c00831e 0007a603 lw               x12, 0(x15)         x12=40ff2412 x15:10001660  PA:10001660
15588781ns          258642 1c008320 01c5a583 lw               x11, 28(x11)        x11=00000007 x11:10001754  PA:10001770
15588841ns          258645 1c008322 08c878d3 fsub.s           f17, f16, f12       f17=xxxxxxxx f16:40819c10 f12:40ff2412
15588861ns          258646 1c008326 01067653 fadd.s           f12, f12, f16       f12=xxxxxxxx f12:40ff2412 f16:40819c10
15588881ns          258647 1c00832a 00259593 slli             x11, x11, 0x2       x11=0000001c x11:00000007
15588901ns          258648 1c00832c 0117a023 sw               x17, 0(x15)         x17:c07b1004 x15:10001660  PA:10001660
15589318ns          258669 1c008330 00c6a023 sw               x12, 0(x13)         x12:41406011 x13:1000165c  PA:1000165c
15589338ns          258670 1c008332 00b50533 add              x10, x10, x11       x10=10001668 x10:1000164c x11:0000001c
15589358ns          258671 1c008334 00052603 lw               x12, 0(x10)         x12=410e141f x10:10001668  PA:10001668
15589378ns          258672 1c008336 00072583 lw               x11, 0(x14)         x11=3f177414 x14:10001664  PA:10001664
15589418ns          258674 1c008338 00c5f853 fadd.s           f16, f11, f12       f16=xxxxxxxx f11:3f177414 f12:410e141f
15589438ns          258675 1c00833c 08b67653 fsub.s           f12, f12, f11       f12=xxxxxxxx f12:410e141f f11:3f177414
15589835ns          258695 1c008340 01052023 sw               x16, 0(x10)         x16:41178b60 x10:10001668  PA:10001668
15589875ns          258697 1c008344 00c72023 sw               x12, 0(x14)         x12:41049cde x14:10001664  PA:10001664
15589895ns          258698 1c008346 1c000837 lui              x16, 0x1c000000     x16=1c000000
15589915ns          258699 1c00834a 0006a603 lw               x12, 0(x13)         x12=41406011 x13:1000165c  PA:1000165c
15589935ns          258700 1c00834c 00052583 lw               x11, 0(x10)         x11=41178b60 x10:10001668  PA:10001668
15590353ns          258721 1c00834e 03882883 lw               x17, 56(x16)        x17=bf7b14be x16:1c000000  PA:1c000038
15590671ns          258737 1c008352 1c000837 lui              x16, 0x1c000000     x16=1c000000
15590691ns          258738 1c008356 03c82303 lw               x6, 60(x16)          x6=3e47c5c2 x16:1c000000  PA:1c00003c
15591108ns          258759 1c00835a 1c000837 lui              x16, 0x1c000000     x16=1c000000
15591148ns          258761 1c00835e 04082803 lw               x16, 64(x16)        x16=3f7b14be x16:1c000000  PA:1c000040
15591506ns          258779 1c008362 111678d3 fmul.s           f17, f12, f17       f17=xxxxxxxx f12:41406011 f17:bf7b14be
15591526ns          258780 1c008366 1105f853 fmul.s           f16, f11, f16       f16=xxxxxxxx f11:41178b60 f16:3f7b14be
15591546ns          258781 1c00836a 8865f5c3 fmadd.s          f11, f11, f6, f17   f11=xxxxxxxx f11:41178b60  f6:3e47c5c2 f17:c13cadc7
15592004ns          258804 1c00836e 80667643 fmadd.s          f12, f12, f6, f16   f12=xxxxxxxx f12:41406011  f6:3e47c5c2 f16:4114a1ee
15592023ns          258805 1c008372 00b52023 sw               x11, 0(x10)         x11:c11f1d2d x10:10001668  PA:10001668
15592043ns          258806 1c008374 1c0005b7 lui              x11, 0x1c000000     x11=1c000000
15592063ns          258807 1c008378 00c6a023 sw               x12, 0(x13)         x12:413a29c0 x13:1000165c  PA:1000165c
15592083ns          258808 1c00837a 0445a503 lw               x10, 68(x11)        x10=bf0e39da x11:1c000000  PA:1c000044
15592521ns          258830 1c00837e 1c0005b7 lui              x11, 0x1c000000     x11=1c000000
15592541ns          258831 1c008382 0007a683 lw               x13, 0(x15)         x13=c07b1004 x15:10001660  PA:10001660
15592560ns          258832 1c008384 0485a803 lw               x16, 72(x11)        x16=3f54db31 x11:1c000000  PA:1c000048
15592859ns          258847 1c008388 1c0005b7 lui              x11, 0x1c000000     x11=1c000000
15592879ns          258848 1c00838c 00072603 lw               x12, 0(x14)         x12=41049cde x14:10001664  PA:10001664
15593058ns          258857 1c00838e 04c5a583 lw               x11, 76(x11)        x11=3f0e39da x11:1c000000  PA:1c00004c
15593396ns          258874 1c008392 10a6f553 fmul.s           f10, f13, f10       f10=xxxxxxxx f13:c07b1004 f10:bf0e39da
15593416ns          258875 1c008396 10b675d3 fmul.s           f11, f12, f11       f11=xxxxxxxx f12:41049cde f11:3f0e39da
15593436ns          258876 1c00839a 51067643 fmadd.s          f12, f12, f16, f10  f12=xxxxxxxx f12:41049cde f16:3f54db31 f10:400b7b9f
15593495ns          258879 1c00839e 5906f6c3 fmadd.s          f13, f13, f16, f11  f13=xxxxxxxx f13:c07b1004 f16:3f54db31 f11:409359f6
15593515ns          258880 1c0083a2 00c72023 sw               x12, 0(x14)         x12:4111225b x14:10001664  PA:10001664
15593535ns          258881 1c0083a4 00d7a023 sw               x13, 0(x15)         x13:3fabe764 x15:10001660  PA:10001660
15593555ns          258882 1c0083a6 00008067 jalr             x0, x1, 0            x1:1c008810
15593595ns          258884 1c008810 c0dff06f jal              x0, -1012          
15593635ns          258886 1c00841c 03412783 lw               x15, 52(x2)         x15=00000010  x2:10001548  PA:1000157c
15593654ns          258887 1c00841e 03412683 lw               x13, 52(x2)         x13=00000010  x2:10001548  PA:1000157c
15593674ns          258888 1c008420 4037d793 srai             x15, x15, 0x403     x15=00000002 x15:00000010
15593694ns          258889 1c008422 4026d693 srai             x13, x13, 0x402     x13=00000004 x13:00000010
15593714ns          258890 1c008424 02f12823 sw               x15, 48(x2)         x15:00000002  x2:10001548  PA:10001578
15593734ns          258891 1c008426 02d12e23 sw               x13, 60(x2)         x13:00000004  x2:10001548  PA:10001584
15593754ns          258892 1c008428 06d7d063 bge              x15, x13, 96        x15:00000002 x13:00000004
15593774ns          258893 1c00842c 01c12703 lw               x14, 28(x2)         x14=00000008  x2:10001548  PA:10001564
15594152ns          258912 1c00842e 00f708b3 add              x17, x14, x15       x17=0000000a x14:00000008 x15:00000002
15594192ns          258914 1c008432 00e685b3 add              x11, x13, x14       x11=0000000c x13:00000004 x14:00000008
15594211ns          258915 1c008436 03412683 lw               x13, 52(x2)         x13=00000010  x2:10001548  PA:1000157c
15594231ns          258916 1c008438 00289893 slli             x17, x17, 0x2       x17=00000028 x17:0000000a
15594251ns          258917 1c00843a 00259593 slli             x11, x11, 0x2       x11=00000030 x11:0000000c
15594271ns          258918 1c00843c 40f68833 sub              x16, x13, x15       x16=0000000e x13:00000010 x15:00000002
15594689ns          258939 1c008440 411585b3 sub              x11, x11, x17       x11=00000008 x11:00000030 x17:00000028
15594729ns          258941 1c008444 02812703 lw               x14, 40(x2)         x14=10001754  x2:10001548  PA:10001570
15594748ns          258942 1c008446 00281813 slli             x16, x16, 0x2       x16=00000038 x16:0000000e
15594768ns          258943 1c008448 ffc58593 addi             x11, x11, -4        x11=00000004 x11:00000008
15594788ns          258944 1c00844a 1c0007b7 lui              x15, 0x1c000000     x15=1c000000
15594808ns          258945 1c00844e ffc80813 addi             x16, x16, -4        x16=00000034 x16:00000038
15595206ns          258965 1c008450 0025d593 srli             x11, x11, 0x2       x11=00000001 x11:00000004
15595246ns          258967 1c008452 0287a303 lw               x6, 40(x15)          x6=3f3504f3 x15:1c000000  PA:1c000028
15595564ns          258983 1c008456 00e80833 add              x16, x16, x14       x16=10001788 x16:00000034 x14:10001754
15595584ns          258984 1c008458 00e888b3 add              x17, x17, x14       x17=1000177c x17:00000028 x14:10001754
15595604ns          258985 1c00845a 00158593 addi             x11, x11, 1         x11=00000002 x11:00000001
15595624ns          258986 1c00845c 0155c0fb lp.setup         0x1, x11, 0x15      x11:00000002
15595763ns          258993 1c008460 ffc8268b p.lw             x13, -4(x16!)       x13=0000000d x16=10001784 x16:10001788  PA:10001788
15595803ns          258995 1c008464 0048a78b p.lw             x15, 4(x17!)        x15=0000000a x17=10001780 x17:1000177c  PA:1000177c
15595823ns          258996 1c008468 00269693 slli             x13, x13, 0x2       x13=00000034 x13:0000000d
15595842ns          258997 1c00846a 00279793 slli             x15, x15, 0x2       x15=00000028 x15:0000000a
15595862ns          258998 1c00846c 017686b3 add              x13, x13, x23       x13=10001680 x13:00000034 x23:1000164c
15595882ns          258999 1c00846e 017787b3 add              x15, x15, x23       x15=10001674 x15:00000028 x23:1000164c
15596280ns          259019 1c008470 0006a703 lw               x14, 0(x13)         x14=40b9e503 x13:10001680  PA:10001680
15596300ns          259020 1c008472 0007a503 lw               x10, 0(x15)         x10=c03542f0 x15:10001674  PA:10001674
15596340ns          259022 1c008474 00a77653 fadd.s           f12, f14, f10       f12=xxxxxxxx f14:40b9e503 f10:c03542f0
15596360ns          259023 1c008478 08a77753 fsub.s           f14, f14, f10       f14=xxxxxxxx f14:40b9e503 f10:c03542f0
15596380ns          259024 1c00847c 10667653 fmul.s           f12, f12, f6        f12=xxxxxxxx f12:403e8716  f6:3f3504f3
15596797ns          259045 1c008480 10677753 fmul.s           f14, f14, f6        f14=xxxxxxxx f14:410a433e  f6:3f3504f3
15596837ns          259047 1c008484 00c6a023 sw               x12, 0(x13)         x12:4006b932 x13:10001680  PA:10001680
15596857ns          259048 1c008486 00e7a023 sw               x14, 0(x15)         x14:40c3886e x15:10001674  PA:10001674
15596877ns          259049 1c008460 ffc8268b p.lw             x13, -4(x16!)       x13=0000000c x16=10001780 x16:10001784  PA:10001784
15596897ns          259050 1c008464 0048a78b p.lw             x15, 4(x17!)        x15=0000000b x17=10001784 x17:10001780  PA:10001780
15596917ns          259051 1c008468 00269693 slli             x13, x13, 0x2       x13=00000030 x13:0000000c
15596936ns          259052 1c00846a 00279793 slli             x15, x15, 0x2       x15=0000002c x15:0000000b
15596956ns          259053 1c00846c 017686b3 add              x13, x13, x23       x13=1000167c x13:00000030 x23:1000164c
15596976ns          259054 1c00846e 017787b3 add              x15, x15, x23       x15=10001678 x15:0000002c x23:1000164c
15596996ns          259055 1c008470 0006a703 lw               x14, 0(x13)         x14=c0641d5c x13:1000167c  PA:1000167c
15597016ns          259056 1c008472 0007a503 lw               x10, 0(x15)         x10=40f773f0 x15:10001678  PA:10001678
15597056ns          259058 1c008474 00a77653 fadd.s           f12, f14, f10       f12=xxxxxxxx f14:c0641d5c f10:40f773f0
15597076ns          259059 1c008478 08a77753 fsub.s           f14, f14, f10       f14=xxxxxxxx f14:c0641d5c f10:40f773f0
15597096ns          259060 1c00847c 10667653 fmul.s           f12, f12, f6        f12=xxxxxxxx f12:40856542  f6:3f3504f3
15597115ns          259061 1c008480 10677753 fmul.s           f14, f14, f6        f14=xxxxxxxx f14:c134c14f  f6:3f3504f3
15597135ns          259062 1c008484 00c6a023 sw               x12, 0(x13)         x12:403ca658 x13:1000167c  PA:1000167c
15597155ns          259063 1c008486 00e7a023 sw               x14, 0(x15)         x14:c0ffa057 x15:10001678  PA:10001678
15597175ns          259064 1c008488 03012683 lw               x13, 48(x2)         x13=00000002  x2:10001548  PA:10001578
15597195ns          259065 1c00848a 00100793 addi             x15, x0, 1          x15=00000001
15597215ns          259066 1c00848c 24d7df63 bge              x15, x13, 606       x15:00000001 x13:00000002
15597573ns          259084 1c008490 40000737 lui              x14, 0x40000000     x14=40000000
15597613ns          259086 1c008494 fff70793 addi             x15, x14, -1        x15=3fffffff x14:40000000
15597633ns          259087 1c008498 03412703 lw               x14, 52(x2)         x14=00000010  x2:10001548  PA:1000157c
15597653ns          259088 1c00849a 00100893 addi             x17, x0, 1          x17=00000001
15597672ns          259089 1c00849c 00e787b3 add              x15, x15, x14       x15=4000000f x15:3fffffff x14:00000010
15597692ns          259090 1c00849e 02f12c23 sw               x15, 56(x2)         x15:4000000f  x2:10001548  PA:10001580
15598090ns          259110 1c0084a0 01c12783 lw               x15, 28(x2)         x15=00000008  x2:10001548  PA:10001564
15598130ns          259112 1c0084a2 00289513 slli             x10, x17, 0x2       x10=00000004 x17:00000001
15598150ns          259113 1c0084a6 02a7c533 div              x10, x15, x10       x10=00000002 x15:00000008 x10:00000004
15598786ns          259145 1c0084aa 00151313 slli             x6, x10, 0x1         x6=00000004 x10:00000002
15598806ns          259146 1c0084ae 40a30fb3 sub              x31, x6, x10        x31=00000002  x6:00000004 x10:00000002
15598826ns          259147 1c0084b2 006785b3 add              x11, x15, x6        x11=0000000c x15:00000008  x6:00000004
15598846ns          259148 1c0084b6 40a002b3 sub              x5, x0, x10          x5=fffffffe x10:00000002
15598866ns          259149 1c0084ba 02812683 lw               x13, 40(x2)         x13=10001754  x2:10001548  PA:10001570
15598886ns          259150 1c0084bc 00a00833 add              x16, x0, x10        x16=00000002 x10:00000002
15599303ns          259171 1c0084be 406003b3 sub              x7, x0, x6           x7=fffffffc  x6:00000004
15599343ns          259173 1c0084c2 00351f13 slli             x30, x10, 0x3       x30=00000010 x10:00000002
15599363ns          259174 1c0084c6 00259593 slli             x11, x11, 0x2       x11=00000030 x11:0000000c
15599383ns          259175 1c0084c8 00229293 slli             x5, x5, 0x2          x5=fffffff8  x5:fffffffe
15599403ns          259176 1c0084ca 002f9f93 slli             x31, x31, 0x2       x31=00000008 x31:00000002
15599423ns          259177 1c0084cc 00600e33 add              x28, x0, x6         x28=00000004  x6:00000004
15599443ns          259178 1c0084ce 00251513 slli             x10, x10, 0x2       x10=00000008 x10:00000002
15599821ns          259197 1c0084d0 01030333 add              x6, x6, x16          x6=00000006  x6:00000004 x16:00000002
15599860ns          259199 1c0084d2 00481493 slli             x9, x16, 0x4         x9=00000020 x16:00000002
15599880ns          259200 1c0084d6 00d585b3 add              x11, x11, x13       x11=10001784 x11:00000030 x13:10001754
15599900ns          259201 1c0084d8 00239393 slli             x7, x7, 0x2          x7=fffffff0  x7:fffffffc
15599920ns          259202 1c0084da 00000413 addi             x8, x0, 0            x8=00000000
15599940ns          259203 1c0084dc 00000e93 addi             x29, x0, 0          x29=00000000
15599960ns          259204 1c0084de ffc28293 addi             x5, x5, -4           x5=fffffff4  x5:fffffff8
15600338ns          259223 1c0084e0 ffcf0f13 addi             x30, x30, -4        x30=0000000c x30:00000010
15600358ns          259224 1c0084e2 ffcf8f93 addi             x31, x31, -4        x31=00000004 x31:00000008
15600378ns          259225 1c0084e4 0468c07b lp.setup         0x0, x17, 0x46      x17:00000001
15600397ns          259226 1c0084e8 050ed163 bge              x29, x16, 66        x29:00000000 x16:00000002
15600417ns          259227 1c0084ec ffc58993 addi             x19, x11, -4        x19=10001780 x11:10001784
15600855ns          259249 1c0084f0 00b28933 add              x18, x5, x11        x18=10001778  x5:fffffff4 x11:10001784
15600895ns          259251 1c0084f4 41298933 sub              x18, x19, x18       x18=00000008 x19:10001780 x18:10001778
15600915ns          259252 1c0084f8 ffc90913 addi             x18, x18, -4        x18=00000004 x18:00000008
15600934ns          259253 1c0084fa 00295913 srli             x18, x18, 0x2       x18=00000001 x18:00000004
15601392ns          259276 1c0084fe 00b38a33 add              x20, x7, x11        x20=10001774  x7:fffffff0 x11:10001784
15601412ns          259277 1c008502 00190913 addi             x18, x18, 1         x18=00000002 x18:00000001
15601432ns          259278 1c008504 012940fb lp.setup         0x1, x18, 0x12      x18:00000002
15601452ns          259279 1c008508 004a278b p.lw             x15, 4(x20!)        x15=00000008 x20=10001778 x20:10001774  PA:10001774
15601472ns          259280 1c00850c ffc9a70b p.lw             x14, -4(x19!)       x14=0000000b x19=1000177c x19:10001780  PA:10001780
15601909ns          259302 1c008510 00279793 slli             x15, x15, 0x2       x15=00000020 x15:00000008
15601929ns          259303 1c008512 00271713 slli             x14, x14, 0x2       x14=0000002c x14:0000000b
15601949ns          259304 1c008514 017787b3 add              x15, x15, x23       x15=1000166c x15:00000020 x23:1000164c
15601969ns          259305 1c008516 01770733 add              x14, x14, x23       x14=10001678 x14:0000002c x23:1000164c
15601989ns          259306 1c008518 0007a683 lw               x13, 0(x15)         x13=402af608 x15:1000166c  PA:1000166c
15602009ns          259307 1c00851a 00072603 lw               x12, 0(x14)         x12=c0ffa057 x14:10001678  PA:10001678
15602048ns          259309 1c00851c 08c6fad3 fsub.s           f21, f13, f12       f21=xxxxxxxx f13:402af608 f12:c0ffa057
15602426ns          259328 1c008520 00c6f6d3 fadd.s           f13, f13, f12       f13=xxxxxxxx f13:402af608 f12:c0ffa057
15602466ns          259330 1c008524 01572023 sw               x21, 0(x14)         x21:412a8dae x14:10001678  PA:10001678
15602506ns          259332 1c008528 00d7a023 sw               x13, 0(x15)         x13:c0aa2553 x15:1000166c  PA:1000166c
15602526ns          259333 1c008508 004a278b p.lw             x15, 4(x20!)        x15=00000009 x20=1000177c x20:10001778  PA:10001778
15602546ns          259334 1c00850c ffc9a70b p.lw             x14, -4(x19!)       x14=0000000a x19=10001778 x19:1000177c  PA:1000177c
15602566ns          259335 1c008510 00279793 slli             x15, x15, 0x2       x15=00000024 x15:00000009
15602585ns          259336 1c008512 00271713 slli             x14, x14, 0x2       x14=00000028 x14:0000000a
15602605ns          259337 1c008514 017787b3 add              x15, x15, x23       x15=10001670 x15:00000024 x23:1000164c
15602625ns          259338 1c008516 01770733 add              x14, x14, x23       x14=10001674 x14:00000028 x23:1000164c
15602645ns          259339 1c008518 0007a683 lw               x13, 0(x15)         x13=bd840700 x15:10001670  PA:10001670
15602665ns          259340 1c00851a 00072603 lw               x12, 0(x14)         x12=40c3886e x14:10001674  PA:10001674
15602705ns          259342 1c00851c 08c6fad3 fsub.s           f21, f13, f12       f21=xxxxxxxx f13:bd840700 f12:40c3886e
15602725ns          259343 1c008520 00c6f6d3 fadd.s           f13, f13, f12       f13=xxxxxxxx f13:bd840700 f12:40c3886e
15602745ns          259344 1c008524 01572023 sw               x21, 0(x14)         x21:c0c5988a x14:10001674  PA:10001674
15602764ns          259345 1c008528 00d7a023 sw               x13, 0(x15)         x13:40c17852 x15:10001670  PA:10001670
15602784ns          259346 1c00852a 026e5e63 bge              x28, x6, 60         x28:00000004  x6:00000006
15603162ns          259365 1c00852e 41ff0933 sub              x18, x30, x31       x18=00000008 x30:0000000c x31:00000004
15603182ns          259366 1c008532 ffc90913 addi             x18, x18, -4        x18=00000004 x18:00000008
15603202ns          259367 1c008534 00295913 srli             x18, x18, 0x2       x18=00000001 x18:00000004
15603222ns          259368 1c008538 00bf0a33 add              x20, x30, x11       x20=10001790 x30:0000000c x11:10001784
15603242ns          259369 1c00853c 00b009b3 add              x19, x0, x11        x19=10001784 x11:10001784
15603262ns          259370 1c00853e 00190913 addi             x18, x18, 1         x18=00000002 x18:00000001
15603679ns          259391 1c008540 012940fb lp.setup         0x1, x18, 0x12      x18:00000002
15603719ns          259393 1c008544 ffca270b p.lw             x14, -4(x20!)       x14=0000000f x20=1000178c x20:10001790  PA:10001790
15603739ns          259394 1c008548 0049a78b p.lw             x15, 4(x19!)        x15=0000000c x19=10001788 x19:10001784  PA:10001784
15603759ns          259395 1c00854c 00271713 slli             x14, x14, 0x2       x14=0000003c x14:0000000f
15603779ns          259396 1c00854e 00279793 slli             x15, x15, 0x2       x15=00000030 x15:0000000c
15604197ns          259417 1c008550 01770733 add              x14, x14, x23       x14=10001688 x14:0000003c x23:1000164c
15604216ns          259418 1c008552 017787b3 add              x15, x15, x23       x15=1000167c x15:00000030 x23:1000164c
15604236ns          259419 1c008554 00072683 lw               x13, 0(x14)         x13=408c408e x14:10001688  PA:10001688
15604256ns          259420 1c008556 0007a603 lw               x12, 0(x15)         x12=403ca658 x15:1000167c  PA:1000167c
15604296ns          259422 1c008558 00c6fad3 fadd.s           f21, f13, f12       f21=xxxxxxxx f13:408c408e f12:403ca658
15604316ns          259423 1c00855c 08c6f6d3 fsub.s           f13, f13, f12       f13=xxxxxxxx f13:408c408e f12:403ca658
15604714ns          259443 1c008560 01572023 sw               x21, 0(x14)         x21:40ea93ba x14:10001688  PA:10001688
15604754ns          259445 1c008564 00d7a023 sw               x13, 0(x15)         x13:3fb7b588 x15:1000167c  PA:1000167c
15604773ns          259446 1c008544 ffca270b p.lw             x14, -4(x20!)       x14=0000000e x20=10001788 x20:1000178c  PA:1000178c
15604793ns          259447 1c008548 0049a78b p.lw             x15, 4(x19!)        x15=0000000d x19=1000178c x19:10001788  PA:10001788
15604833ns          259449 1c00854c 00271713 slli             x14, x14, 0x2       x14=00000038 x14:0000000e
15604853ns          259450 1c00854e 00279793 slli             x15, x15, 0x2       x15=00000034 x15:0000000d
15604873ns          259451 1c008550 01770733 add              x14, x14, x23       x14=10001684 x14:00000038 x23:1000164c
15604893ns          259452 1c008552 017787b3 add              x15, x15, x23       x15=10001680 x15:00000034 x23:1000164c
15604913ns          259453 1c008554 00072683 lw               x13, 0(x14)         x13=3fcad550 x14:10001684  PA:10001684
15604933ns          259454 1c008556 0007a603 lw               x12, 0(x15)         x12=4006b932 x15:10001680  PA:10001680
15604972ns          259456 1c008558 00c6fad3 fadd.s           f21, f13, f12       f21=xxxxxxxx f13:3fcad550 f12:4006b932
15604992ns          259457 1c00855c 08c6f6d3 fsub.s           f13, f13, f12       f13=xxxxxxxx f13:3fcad550 f12:4006b932
15605012ns          259458 1c008560 01572023 sw               x21, 0(x14)         x21:406c23da x14:10001684  PA:10001684
15605032ns          259459 1c008564 00d7a023 sw               x13, 0(x15)         x13:bf053a28 x15:10001680  PA:10001680
15605052ns          259460 1c008566 00ae8eb3 add              x29, x29, x10       x29=00000008 x29:00000000 x10:00000008
15605072ns          259461 1c008568 00140413 addi             x8, x8, 1            x8=00000001  x8:00000000
15605092ns          259462 1c00856a 00a80833 add              x16, x16, x10       x16=0000000a x16:00000002 x10:00000008
15605112ns          259463 1c00856c 00a30333 add              x6, x6, x10          x6=0000000e  x6:00000006 x10:00000008
15605131ns          259464 1c00856e 00ae0e33 add              x28, x28, x10       x28=0000000c x28:00000004 x10:00000008
15605470ns          259481 1c008570 009585b3 add              x11, x11, x9        x11=100017a4 x11:10001784  x9:00000020
15605489ns          259482 1c008572 01c12703 lw               x14, 28(x2)         x14=00000008  x2:10001548  PA:10001564
15605509ns          259483 1c008574 00341f93 slli             x31, x8, 0x3        x31=00000008  x8:00000001
15605529ns          259484 1c008578 03f74a33 div              x20, x14, x31       x20=00000001 x14:10001684 x31:00000008
15606146ns          259515 1c00857c 001a1c93 slli             x25, x20, 0x1       x25=00000002 x20:00000001
15606166ns          259516 1c008580 014c89b3 add              x19, x25, x20       x19=00000003 x25:00000002 x20:00000001
15606186ns          259517 1c008584 014987b3 add              x15, x19, x20       x15=00000004 x19:00000003 x20:00000001
15606206ns          259518 1c008588 03812683 lw               x13, 56(x2)         x13=4000000f  x2:10001548  PA:10001580
15606225ns          259519 1c00858a 00f12423 sw               x15, 8(x2)          x15:00000004  x2:10001548  PA:10001550
15606245ns          259520 1c00858c 01970db3 add              x27, x14, x25       x27=0000000a x14:00000008 x25:00000002
15606663ns          259541 1c008590 d0047753 fcvt.s.w         f14, x8             f14=xxxxxxxx  x8:00000001
15606703ns          259543 1c008594 00141793 slli             x15, x8, 0x1        x15=00000002  x8:00000001
15606723ns          259544 1c008598 41468d33 sub              x26, x13, x20       x26=4000000e x13:4000000f x20:00000001
15606743ns          259545 1c00859c 01da1493 slli             x9, x20, 0x1d        x9=20000000 x20:00000001
15607180ns          259567 1c0085a0 00812683 lw               x13, 8(x2)          x13=00000004  x2:10001548  PA:10001550
15607200ns          259568 1c0085a2 02f12623 sw               x15, 44(x2)         x15:00000002  x2:10001548  PA:10001574
15607240ns          259570 1c0085a4 414484b3 sub              x9, x9, x20          x9=1fffffff  x9:20000000 x20:00000001
15607260ns          259571 1c0085a8 02c12b03 lw               x22, 44(x2)         x22=00000002  x2:10001548  PA:10001574
15607280ns          259572 1c0085aa 40d00933 sub              x18, x0, x13        x18=fffffffc x13:00000004
15607300ns          259573 1c0085ae 00149493 slli             x9, x9, 0x1          x9=3ffffffe  x9:1fffffff
15607697ns          259593 1c0085b0 00e12823 sw               x14, 16(x2)         x14:3f800000  x2:10001548  PA:10001558
15607737ns          259595 1c0085b2 00269713 slli             x14, x13, 0x2       x14=00000010 x13:00000004
15607757ns          259596 1c0085b6 02812683 lw               x13, 40(x2)         x13=10001754  x2:10001548  PA:10001570
15607777ns          259597 1c0085b8 002d9d93 slli             x27, x27, 0x2       x27=00000028 x27:0000000a
15607797ns          259598 1c0085ba 002d1d13 slli             x26, x26, 0x2       x26=00000038 x26:4000000e
15607817ns          259599 1c0085bc 414002b3 sub              x5, x0, x20          x5=ffffffff x20:00000001
15608215ns          259619 1c0085c0 019484b3 add              x9, x9, x25          x9=40000000  x9:3ffffffe x25:00000002
15608254ns          259621 1c0085c2 414c87b3 sub              x15, x25, x20       x15=00000001 x25:00000002 x20:00000001
15608274ns          259622 1c0085c6 01640433 add              x8, x8, x22          x8=00000003  x8:00000001 x22:00000002
15608294ns          259623 1c0085c8 00dd8db3 add              x27, x27, x13       x27=1000177c x27:00000028 x13:10001754
15608314ns          259624 1c0085ca 00dd0d33 add              x26, x26, x13       x26=1000178c x26:00000038 x13:10001754
15608334ns          259625 1c0085cc 00249493 slli             x9, x9, 0x2          x9=00000000  x9:40000000
15608354ns          259626 1c0085ce 00e12a23 sw               x14, 20(x2)         x14:00000010  x2:10001548  PA:1000155c
15608732ns          259645 1c0085d0 00229a93 slli             x21, x5, 0x2        x21=fffffffc  x5:ffffffff
15608771ns          259647 1c0085d4 00279793 slli             x15, x15, 0x2       x15=00000004 x15:00000001
15608791ns          259648 1c0085d6 419a0733 sub              x14, x20, x25       x14=ffffffff x20:00000001 x25:00000002
15608811ns          259649 1c0085da 00812623 sw               x8, 12(x2)           x8:00000003  x2:10001548  PA:10001554
15608831ns          259650 1c0085dc 02912023 sw               x9, 32(x2)           x9:00000000  x2:10001548  PA:10001568
15608851ns          259651 1c0085de 01b00433 add              x8, x0, x27          x8=1000177c x27:1000177c
15609269ns          259672 1c0085e0 00291913 slli             x18, x18, 0x2       x18=fffffff0 x18:fffffffc
15609289ns          259673 1c0085e2 01600db3 add              x27, x0, x22        x27=00000002 x22:00000002
15609308ns          259674 1c0085e4 02f12223 sw               x15, 36(x2)         x15:00000004  x2:10001548  PA:1000156c
15609328ns          259675 1c0085e6 01a00b33 add              x22, x0, x26        x22=1000178c x26:1000178c
15609348ns          259676 1c0085e8 00e12c23 sw               x14, 24(x2)         x14:ffffffff  x2:10001548  PA:10001560
15609368ns          259677 1c0085ea 01900d33 add              x26, x0, x25        x26=00000002 x25:00000002
15609388ns          259678 1c0085ec 015004b3 add              x9, x0, x21          x9=fffffffc x21:fffffffc
15609408ns          259679 1c0085ee 01812783 lw               x15, 24(x2)         x15=ffffffff  x2:10001548  PA:10001560
15609786ns          259698 1c0085f0 00000713 addi             x14, x0, 0          x14=00000000
15609826ns          259700 1c0085f2 01a78ab3 add              x21, x15, x26       x21=00000001 x15:ffffffff x26:00000002
15609846ns          259701 1c0085f6 01b007b3 add              x15, x0, x27        x15=00000002 x27:00000002
15609865ns          259702 1c0085f8 00f006b3 add              x13, x0, x15        x13=00000002 x15:00000002
15609885ns          259703 1c0085fa fc1726b3 p.insert         x13, x14, 30, 1     x13=00000000 x13:00000002 x14:00000000
15609905ns          259704 1c0085fe 4017d793 srai             x15, x15, 0x401     x15=00000001 x15:00000002
15610303ns          259724 1c008600 00d00733 add              x14, x0, x13        x14=00000000 x13:00000000
15610323ns          259725 1c008602 fe079be3 bne              x15, x0, -10        x15:00000001
15610383ns          259728 1c0085f8 00f006b3 add              x13, x0, x15        x13=00000001 x15:00000001
15610402ns          259729 1c0085fa fc1726b3 p.insert         x13, x14, 30, 1     x13=00000001 x13:00000001 x14:00000000
15610422ns          259730 1c0085fe 4017d793 srai             x15, x15, 0x401     x15=00000000 x15:00000001
15610442ns          259731 1c008600 00d00733 add              x14, x0, x13        x14=00000001 x13:00000001
15610462ns          259732 1c008602 fe079be3 bne              x15, x0, -10        x15:00000000
15610482ns          259733 1c008604 1c0007b7 lui              x15, 0x1c000000     x15=1c000000
15610502ns          259734 1c008608 d006f753 fcvt.s.w         f14, x13            f14=xxxxxxxx x13:00000001
15610522ns          259735 1c00860c 01c78793 addi             x15, x15, 28        x15=1c00001c x15:1c000000
15610920ns          259755 1c008610 0007a783 lw               x15, 0(x15)         x15=3ec90fdb x15:1c00001c  PA:1c00001c
15611238ns          259771 1c008612 01012683 lw               x13, 16(x2)         x13=3f800000  x2:10001548  PA:10001558
15611258ns          259772 1c008614 10f77753 fmul.s           f14, f14, f15       f14=xxxxxxxx f14:3f800000 f15:3ec90fdb
15611278ns          259773 1c008618 18d77c53 fdiv.s           f24, f14, f13       f24=xxxxxxxx f14:3ec90fdb f13:3f800000
15612073ns          259813 1c00861c 01800533 add              x10, x0, x24        x10=3ec90fdb x24:3ec90fdb
15612093ns          259814 1c00861e 7f6000ef jal              x1, 2038             x1=1c008622
15612173ns          259818 1c008e14 a0a527d3 feq.s            x15, f10, f10       x15=00000001 f10:3ec90fdb f10:3ec90fdb
15612213ns          259820 1c008e18 0a078b63 beq              x15, x0, 182        x15:00000001
15612232ns          259821 1c008e1a e00517d3 fclass.s         x15, f10            x15=00000040 f10:3ec90fdb
15612590ns          259839 1c008e1e 0817f793 andi             x15, x15, 129       x15=00000000 x15:00000040
15612610ns          259840 1c008e22 0a079663 bne              x15, x0, 172        x15:00000000
15612630ns          259841 1c008e24 00000793 addi             x15, x0, 0          x15=00000000
15612650ns          259842 1c008e28 a0f517d3 flt.s            x15, f10, f15       x15=00000000 f10:3ec90fdb f15:00000000
15612670ns          259843 1c008e2c 0a079663 bne              x15, x0, 172        x15:00000000
15613128ns          259866 1c008e2e 1c000737 lui              x14, 0x1c000000     x14=1c000000
15613167ns          259868 1c008e32 16072783 lw               x15, 352(x14)       x15=40c90fdb x14:1c000000  PA:1c000160
15613605ns          259890 1c008e36 a0a797d3 flt.s            x15, f15, f10       x15=00000000 f15:40c90fdb f10:3ec90fdb
15613625ns          259891 1c008e3a 00078b63 beq              x15, x0, 22         x15:00000000
15614122ns          259916 1c008e50 00000793 addi             x15, x0, 0          x15=00000000
15614162ns          259918 1c008e54 a0f517d3 flt.s            x15, f10, f15       x15=00000000 f10:3ec90fdb f15:00000000
15614182ns          259919 1c008e58 08079a63 bne              x15, x0, 148        x15:00000000
15614202ns          259920 1c008e5a 1c0007b7 lui              x15, 0x1c000000     x15=1c000000
15614639ns          259942 1c008e5e 0207a783 lw               x15, 32(x15)        x15=3fc90fdb x15:1c000000  PA:1c000020
15615017ns          259961 1c008e62 a0f517d3 flt.s            x15, f10, f15       x15=00000001 f10:3ec90fdb f15:3fc90fdb
15615037ns          259962 1c008e66 02079563 bne              x15, x0, 42         x15:00000001
15615972ns          260009 1c008e90 10a57553 fmul.s           f10, f10, f10       f10=xxxxxxxx f10:3ec90fdb f10:3ec90fdb
15616012ns          260011 1c008e94 1c0007b7 lui              x15, 0x1c000000     x15=1c000000
15616032ns          260012 1c008e98 1c000737 lui              x14, 0x1c000000     x14=1c000000
15616051ns          260013 1c008e9c 16872703 lw               x14, 360(x14)       x14=bab59551 x14:1c000000  PA:1c000168
15616489ns          260035 1c008ea0 1647a783 lw               x15, 356(x15)       x15=37c23ab1 x15:1c000000  PA:1c000164
15616927ns          260057 1c008ea4 70f577c3 fmadd.s          f15, f10, f15, f14  f15=xxxxxxxx f10:3e1de9e7 f15:37c23ab1 f14:bab59551
15616947ns          260058 1c008ea8 1c000737 lui              x14, 0x1c000000     x14=1c000000
15616966ns          260059 1c008eac 16c72703 lw               x14, 364(x14)       x14=3d2aa76f x14:1c000000  PA:1c00016c
15617305ns          260076 1c008eb0 70f577c3 fmadd.s          f15, f10, f15, f14  f15=xxxxxxxx f10:3e1de9e7 f15:bab51d82 f14:3d2aa76f
15617324ns          260077 1c008eb4 1c000737 lui              x14, 0x1c000000     x14=1c000000
15617344ns          260078 1c008eb8 17072703 lw               x14, 368(x14)       x14=beffffe0 x14:1c000000  PA:1c000170
15617663ns          260094 1c008ebc 70f577c3 fmadd.s          f15, f10, f15, f14  f15=xxxxxxxx f10:3e1de9e7 f15:3d29c7fe f14:beffffe0
15617683ns          260095 1c008ec0 1c000737 lui              x14, 0x1c000000     x14=1c000000
15617702ns          260096 1c008ec4 19c72703 lw               x14, 412(x14)       x14=3f7fffff x14:1c000000  PA:1c00019c
15618100ns          260116 1c008ec8 70f57543 fmadd.s          f10, f10, f15, f14  f10=xxxxxxxx f10:3e1de9e7 f15:befcba0a f14:3f7fffff
15618120ns          260117 1c008ecc 00008067 jalr             x0, x1, 0            x1:1c008622
15618220ns          260122 1c008622 1c000737 lui              x14, 0x1c000000     x14=1c000000
15618239ns          260123 1c008626 02070713 addi             x14, x14, 32        x14=1c000020 x14:1c000000
15618259ns          260124 1c00862a 00072703 lw               x14, 0(x14)         x14=3fc90fdb x14:1c000020  PA:1c000020
15618717ns          260147 1c00862c 00a00cb3 add              x25, x0, x10        x25=3f6c835f x10:3f6c835f
15618737ns          260148 1c00862e 09877553 fsub.s           f10, f14, f24       f10=xxxxxxxx f14:3fc90fdb f24:3ec90fdb
15618776ns          260150 1c008632 7e2000ef jal              x1, 2018             x1=1c008636
15618856ns          260154 1c008e14 a0a527d3 feq.s            x15, f10, f10       x15=00000001 f10:3f96cbe4 f10:3f96cbe4
15618896ns          260156 1c008e18 0a078b63 beq              x15, x0, 182        x15:00000001
15618916ns          260157 1c008e1a e00517d3 fclass.s         x15, f10            x15=00000040 f10:3f96cbe4
15618936ns          260158 1c008e1e 0817f793 andi             x15, x15, 129       x15=00000000 x15:00000040
15618956ns          260159 1c008e22 0a079663 bne              x15, x0, 172        x15:00000000
15618975ns          260160 1c008e24 00000793 addi             x15, x0, 0          x15=00000000
15618995ns          260161 1c008e28 a0f517d3 flt.s            x15, f10, f15       x15=00000000 f10:3f96cbe4 f15:00000000
15619015ns          260162 1c008e2c 0a079663 bne              x15, x0, 172        x15:00000000
15619035ns          260163 1c008e2e 1c000737 lui              x14, 0x1c000000     x14=1c000000
15619055ns          260164 1c008e32 16072783 lw               x15, 352(x14)       x15=40c90fdb x14:1c000000  PA:1c000160
15619373ns          260180 1c008e36 a0a797d3 flt.s            x15, f15, f10       x15=00000000 f15:40c90fdb f10:3f96cbe4
15619393ns          260181 1c008e3a 00078b63 beq              x15, x0, 22         x15:00000000
15619453ns          260184 1c008e50 00000793 addi             x15, x0, 0          x15=00000000
15619473ns          260185 1c008e54 a0f517d3 flt.s            x15, f10, f15       x15=00000000 f10:3f96cbe4 f15:00000000
15619493ns          260186 1c008e58 08079a63 bne              x15, x0, 148        x15:00000000
15619512ns          260187 1c008e5a 1c0007b7 lui              x15, 0x1c000000     x15=1c000000
15619532ns          260188 1c008e5e 0207a783 lw               x15, 32(x15)        x15=3fc90fdb x15:1c000000  PA:1c000020
15619910ns          260207 1c008e62 a0f517d3 flt.s            x15, f10, f15       x15=00000001 f10:3f96cbe4 f15:3fc90fdb
15619930ns          260208 1c008e66 02079563 bne              x15, x0, 42         x15:00000001
15620030ns          260213 1c008e90 10a57553 fmul.s           f10, f10, f10       f10=xxxxxxxx f10:3f96cbe4 f10:3f96cbe4
15620069ns          260215 1c008e94 1c0007b7 lui              x15, 0x1c000000     x15=1c000000
15620089ns          260216 1c008e98 1c000737 lui              x14, 0x1c000000     x14=1c000000
15620109ns          260217 1c008e9c 16872703 lw               x14, 360(x14)       x14=bab59551 x14:1c000000  PA:1c000168
15620408ns          260232 1c008ea0 1647a783 lw               x15, 356(x15)       x15=37c23ab1 x15:1c000000  PA:1c000164
15620726ns          260248 1c008ea4 70f577c3 fmadd.s          f15, f10, f15, f14  f15=xxxxxxxx f10:3fb1a723 f15:37c23ab1 f14:bab59551
15620746ns          260249 1c008ea8 1c000737 lui              x14, 0x1c000000     x14=1c000000
15620766ns          260250 1c008eac 16c72703 lw               x14, 364(x14)       x14=3d2aa76f x14:1c000000  PA:1c00016c
15621104ns          260267 1c008eb0 70f577c3 fmadd.s          f15, f10, f15, f14  f15=xxxxxxxx f10:3fb1a723 f15:bab15f06 f14:3d2aa76f
15621124ns          260268 1c008eb4 1c000737 lui              x14, 0x1c000000     x14=1c000000
15621143ns          260269 1c008eb8 17072703 lw               x14, 368(x14)       x14=beffffe0 x14:1c000000  PA:1c000170
15621462ns          260285 1c008ebc 70f577c3 fmadd.s          f15, f10, f15, f14  f15=xxxxxxxx f10:3fb1a723 f15:3d22f607 f14:beffffe0
15621482ns          260286 1c008ec0 1c000737 lui              x14, 0x1c000000     x14=1c000000
15621502ns          260287 1c008ec4 19c72703 lw               x14, 412(x14)       x14=3f7fffff x14:1c000000  PA:1c00019c
15621840ns          260304 1c008ec8 70f57543 fmadd.s          f10, f10, f15, f14  f10=xxxxxxxx f10:3fb1a723 f15:bee3ba40 f14:3f7fffff
15621860ns          260305 1c008ecc 00008067 jalr             x0, x1, 0            x1:1c008636
15621919ns          260308 1c008636 05aad463 bge              x21, x26, 72        x21:00000001 x26:00000002
15621939ns          260309 1c00863a 02012783 lw               x15, 32(x2)         x15=00000000  x2:10001548  PA:10001568
15621959ns          260310 1c00863c 219c93d3 fsgnjn.s         f7, f25, f25         f7=xxxxxxxx f25:3f6c835f f25:3f6c835f
15622337ns          260329 1c008640 409788b3 sub              x17, x15, x9        x17=00000004 x15:00000000  x9:fffffffc
15622377ns          260331 1c008644 ffc88893 addi             x17, x17, -4        x17=00000000 x17:00000004
15622397ns          260332 1c008646 0028d893 srli             x17, x17, 0x2       x17=00000000 x17:00000000
15622417ns          260333 1c00864a 00848e33 add              x28, x9, x8         x28=10001778  x9:fffffffc  x8:1000177c
15622436ns          260334 1c00864e 01600333 add              x6, x0, x22          x6=1000178c x22:1000178c
15622854ns          260355 1c008650 00188893 addi             x17, x17, 1         x17=00000001 x17:00000000
15622894ns          260357 1c008652 0158c0fb lp.setup         0x1, x17, 0x15      x17:00000001
15622914ns          260358 1c008656 004e278b p.lw             x15, 4(x28!)        x15=00000009 x28=1000177c x28:10001778  PA:10001778
15622934ns          260359 1c00865a ffc3270b p.lw             x14, -4(x6!)        x14=0000000e  x6=10001788  x6:1000178c  PA:1000178c
15622954ns          260360 1c00865e 00279793 slli             x15, x15, 0x2       x15=00000024 x15:00000009
15623351ns          260380 1c008660 017787b3 add              x15, x15, x23       x15=10001670 x15:00000024 x23:1000164c
15623371ns          260381 1c008662 00271713 slli             x14, x14, 0x2       x14=00000038 x14:0000000e
15623391ns          260382 1c008664 0007a683 lw               x13, 0(x15)         x13=40c17852 x15:10001670  PA:10001670
15623411ns          260383 1c008666 01770733 add              x14, x14, x23       x14=10001684 x14:00000038 x23:1000164c
15623431ns          260384 1c008668 00072603 lw               x12, 0(x14)         x12=406c23da x14:10001684  PA:10001684
15623451ns          260385 1c00866a 10d57853 fmul.s           f16, f10, f13       f16=xxxxxxxx f10:3ec3ef16 f13:40c17852
15623888ns          260407 1c00866e 10c575d3 fmul.s           f11, f10, f12       f11=xxxxxxxx f10:3ec3ef16 f12:406c23da
15623928ns          260409 1c008672 80ccf643 fmadd.s          f12, f25, f12, f16  f12=xxxxxxxx f25:3f6c835f f12:406c23da f16:40141356
15623948ns          260410 1c008676 5876f6c3 fmadd.s          f13, f13, f7, f11   f13=xxxxxxxx f13:40c17852  f7:bf6c835f f11:3fb4bbd9
15623968ns          260411 1c00867a 00c72023 sw               x12, 0(x14)         x12:40b71ec8 x14:10001684  PA:10001684
15623988ns          260412 1c00867c 00d7a023 sw               x13, 0(x15)         x13:c0858f3e x15:10001670  PA:10001670
15624425ns          260434 1c00867e 053d5763 bge              x26, x19, 78        x26:00000002 x19:00000003
15624445ns          260435 1c008682 02412683 lw               x13, 36(x2)         x13=00000004  x2:10001548  PA:1000156c
15624465ns          260436 1c008684 219c93d3 fsgnjn.s         f7, f25, f25         f7=xxxxxxxx f25:3f6c835f f25:3f6c835f
15624485ns          260437 1c008688 ffc68893 addi             x17, x13, -4        x17=00000000 x13:00000004
15624505ns          260438 1c00868c 0028d893 srli             x17, x17, 0x2       x17=00000000 x17:00000000
15624943ns          260460 1c008690 20a51ed3 fsgnjn.s         f29, f10, f10       f29=xxxxxxxx f10:3ec3ef16 f10:3ec3ef16
15624982ns          260462 1c008694 01648e33 add              x28, x9, x22        x28=10001788  x9:fffffffc x22:1000178c
15625002ns          260463 1c008698 00800333 add              x6, x0, x8           x6=1000177c  x8:1000177c
15625022ns          260464 1c00869a 00188893 addi             x17, x17, 1         x17=00000001 x17:00000000
15625042ns          260465 1c00869c 0178c0fb lp.setup         0x1, x17, 0x17      x17:00000001
15625440ns          260485 1c0086a0 0043278b p.lw             x15, 4(x6!)         x15=0000000a  x6=10001780  x6:1000177c  PA:1000177c
15625480ns          260487 1c0086a4 ffce270b p.lw             x14, -4(x28!)       x14=0000000d x28=10001784 x28:10001788  PA:10001788
15625500ns          260488 1c0086a8 00279793 slli             x15, x15, 0x2       x15=00000028 x15:0000000a
15625519ns          260489 1c0086aa 00271713 slli             x14, x14, 0x2       x14=00000034 x14:0000000d
15625539ns          260490 1c0086ac 017787b3 add              x15, x15, x23       x15=10001674 x15:00000028 x23:1000164c
15625559ns          260491 1c0086ae 01770733 add              x14, x14, x23       x14=10001680 x14:00000034 x23:1000164c
15625957ns          260511 1c0086b0 0007a683 lw               x13, 0(x15)         x13=c0c5988a x15:10001674  PA:10001674
15625977ns          260512 1c0086b2 00072603 lw               x12, 0(x14)         x12=bf053a28 x14:10001680  PA:10001680
15625997ns          260513 1c0086b4 1076f853 fmul.s           f16, f13, f7        f16=xxxxxxxx f13:c0c5988a  f7:bf6c835f
15626017ns          260514 1c0086b8 20c615d3 fsgnjn.s         f11, f12, f12       f11=xxxxxxxx f12:bf053a28 f12:bf053a28
15626037ns          260515 1c0086bc 1195f5d3 fmul.s           f11, f11, f25       f11=xxxxxxxx f11:3f053a28 f25:3f6c835f
15626494ns          260538 1c0086c0 80c57643 fmadd.s          f12, f10, f12, f16  f12=xxxxxxxx f10:3ec3ef16 f12:bf053a28 f16:40b68e06
15626534ns          260540 1c0086c4 59d6f6c3 fmadd.s          f13, f13, f29, f11  f13=xxxxxxxx f13:c0c5988a f29:bec3ef16 f11:3ef62bf6
15626554ns          260541 1c0086c8 00c72023 sw               x12, 0(x14)         x12:40b02e8a x14:10001680  PA:10001680
15626574ns          260542 1c0086ca 00d7a023 sw               x13, 0(x15)         x13:4036013a x15:10001674  PA:10001674
15626594ns          260543 1c0086cc 00812703 lw               x14, 8(x2)          x14=00000004  x2:10001548  PA:10001550
15626613ns          260544 1c0086ce 01412783 lw               x15, 20(x2)         x15=00000010  x2:10001548  PA:1000155c
15627011ns          260564 1c0086d0 00c12683 lw               x13, 12(x2)         x13=00000003  x2:10001548  PA:10001554
15627031ns          260565 1c0086d2 00ed0d33 add              x26, x26, x14       x26=00000006 x26:00000002 x14:00000004
15627051ns          260566 1c0086d4 001d8d93 addi             x27, x27, 1         x27=00000003 x27:00000002
15627071ns          260567 1c0086d6 00f40433 add              x8, x8, x15          x8=1000178c  x8:1000177c x15:00000010
15627091ns          260568 1c0086d8 012b0b33 add              x22, x22, x18       x22=1000177c x22:1000178c x18:fffffff0
15627111ns          260569 1c0086da 014d09b3 add              x19, x26, x20       x19=00000007 x26:00000006 x20:00000001
15627509ns          260589 1c0086de f1b698e3 bne              x13, x27, -240      x13:00000003 x27:00000003
15627528ns          260590 1c0086e2 02c12883 lw               x17, 44(x2)         x17=00000002  x2:10001548  PA:10001574
15627548ns          260591 1c0086e4 03012703 lw               x14, 48(x2)         x14=00000002  x2:10001548  PA:10001578
15627588ns          260593 1c0086e6 dae8cde3 blt              x17, x14, -582      x17:00000002 x14:00000002
15627608ns          260594 1c0086ea 01c12783 lw               x15, 28(x2)         x15=00000008  x2:10001548  PA:10001564
15627648ns          260596 1c0086ec 06f05363 bge              x0, x15, 102        x15:00000008
15628046ns          260616 1c0086f0 fff78893 addi             x17, x15, -1        x17=00000007 x15:00000008
15628085ns          260618 1c0086f4 02812683 lw               x13, 40(x2)         x13=10001754  x2:10001548  PA:10001570
15628105ns          260619 1c0086f6 00279813 slli             x16, x15, 0x2       x16=00000020 x15:00000008
15628125ns          260620 1c0086fa 0028d893 srli             x17, x17, 0x2       x17=00000001 x17:00000007
15628145ns          260621 1c0086fe 00378793 addi             x15, x15, 3         x15=0000000b x15:00000008
15628583ns          260643 1c008700 00400713 addi             x14, x0, 4          x14=00000004
15628603ns          260644 1c008702 00d80833 add              x16, x16, x13       x16=10001774 x16:00000020 x13:10001754
15628622ns          260645 1c008704 00188893 addi             x17, x17, 1         x17=00000002 x17:00000001
15628642ns          260646 1c008706 10e7c663 blt              x15, x14, 268       x15:0000000b x14:00000004
15628662ns          260647 1c00870a 0238c0fb lp.setup         0x1, x17, 0x23      x17:00000002
15629100ns          260669 1c00870e 00082683 lw               x13, 0(x16)         x13=00000008 x16:10001774  PA:10001774
15629140ns          260671 1c008712 00482603 lw               x12, 4(x16)         x12=00000009 x16:10001774  PA:10001778
15629159ns          260672 1c008716 00269693 slli             x13, x13, 0x2       x13=00000020 x13:00000008
15629179ns          260673 1c008718 00261613 slli             x12, x12, 0x2       x12=00000024 x12:00000009
15629199ns          260674 1c00871a 017686b3 add              x13, x13, x23       x13=1000166c x13:00000020 x23:1000164c
15629219ns          260675 1c00871c 01760633 add              x12, x12, x23       x12=10001670 x12:00000024 x23:1000164c
15629239ns          260676 1c00871e 0006a583 lw               x11, 0(x13)         x11=c0aa2553 x13:1000166c  PA:1000166c
15629597ns          260694 1c008720 00062503 lw               x10, 0(x12)         x10=c0858f3e x12:10001670  PA:10001670
15629637ns          260696 1c008722 00c82703 lw               x14, 12(x16)        x14=0000000b x16:10001774  PA:10001780
15629657ns          260697 1c008726 08a5f353 fsub.s           f6, f11, f10         f6=xxxxxxxx f11:c0aa2553 f10:c0858f3e
15629677ns          260698 1c00872a 00882783 lw               x15, 8(x16)         x15=0000000a x16:10001774  PA:1000177c
15630114ns          260720 1c00872e 00a5f5d3 fadd.s           f11, f11, f10       f11=xxxxxxxx f11:c0aa2553 f10:c0858f3e
15630154ns          260722 1c008732 00662023 sw               x6, 0(x12)           x6:bf925854 x12:10001670  PA:10001670
15630174ns          260723 1c008736 00271713 slli             x14, x14, 0x2       x14=0000002c x14:0000000b
15630194ns          260724 1c008738 00279793 slli             x15, x15, 0x2       x15=00000028 x15:0000000a
15630214ns          260725 1c00873a 00b6a023 sw               x11, 0(x13)         x11:c117da48 x13:1000166c  PA:1000166c
15630234ns          260726 1c00873c 01770733 add              x14, x14, x23       x14=10001678 x14:0000002c x23:1000164c
15630253ns          260727 1c00873e 017787b3 add              x15, x15, x23       x15=10001674 x15:00000028 x23:1000164c
15630671ns          260748 1c008740 00072683 lw               x13, 0(x14)         x13=412a8dae x14:10001678  PA:10001678
15630691ns          260749 1c008742 0007a603 lw               x12, 0(x15)         x12=4036013a x15:10001674  PA:10001674
15630711ns          260750 1c008744 01080813 addi             x16, x16, 16        x16=10001784 x16:10001774
15630731ns          260751 1c008746 00c6f5d3 fadd.s           f11, f13, f12       f11=xxxxxxxx f13:412a8dae f12:4036013a
15630751ns          260752 1c00874a 08c6f6d3 fsub.s           f13, f13, f12       f13=xxxxxxxx f13:412a8dae f12:4036013a
15630771ns          260753 1c00874e 00b72023 sw               x11, 0(x14)         x11:41580dfc x14:10001678  PA:10001678
15631188ns          260774 1c008750 00d7a023 sw               x13, 0(x15)         x13:40fa1abf x15:10001674  PA:10001674
15631248ns          260777 1c00870e 00082683 lw               x13, 0(x16)         x13=0000000c x16:10001784  PA:10001784
15631268ns          260778 1c008712 00482603 lw               x12, 4(x16)         x12=0000000d x16:10001784  PA:10001788
15631288ns          260779 1c008716 00269693 slli             x13, x13, 0x2       x13=00000030 x13:0000000c
15631308ns          260780 1c008718 00261613 slli             x12, x12, 0x2       x12=00000034 x12:0000000d
15631328ns          260781 1c00871a 017686b3 add              x13, x13, x23       x13=1000167c x13:00000030 x23:1000164c
15631347ns          260782 1c00871c 01760633 add              x12, x12, x23       x12=10001680 x12:00000034 x23:1000164c
15631367ns          260783 1c00871e 0006a583 lw               x11, 0(x13)         x11=3fb7b588 x13:1000167c  PA:1000167c
15631387ns          260784 1c008720 00062503 lw               x10, 0(x12)         x10=40b02e8a x12:10001680  PA:10001680
15631407ns          260785 1c008722 00c82703 lw               x14, 12(x16)        x14=0000000f x16:10001784  PA:10001790
15631427ns          260786 1c008726 08a5f353 fsub.s           f6, f11, f10         f6=xxxxxxxx f11:3fb7b588 f10:40b02e8a
15631447ns          260787 1c00872a 00882783 lw               x15, 8(x16)         x15=0000000e x16:10001784  PA:1000178c
15631467ns          260788 1c00872e 00a5f5d3 fadd.s           f11, f11, f10       f11=xxxxxxxx f11:3fb7b588 f10:40b02e8a
15631487ns          260789 1c008732 00662023 sw               x6, 0(x12)           x6:c0824128 x12:10001680  PA:10001680
15631507ns          260790 1c008736 00271713 slli             x14, x14, 0x2       x14=0000003c x14:0000000f
15631526ns          260791 1c008738 00279793 slli             x15, x15, 0x2       x15=00000038 x15:0000000e
15631546ns          260792 1c00873a 00b6a023 sw               x11, 0(x13)         x11:40de1bec x13:1000167c  PA:1000167c
15631566ns          260793 1c00873c 01770733 add              x14, x14, x23       x14=10001688 x14:0000003c x23:1000164c
15631586ns          260794 1c00873e 017787b3 add              x15, x15, x23       x15=10001684 x15:00000038 x23:1000164c
15631606ns          260795 1c008740 00072683 lw               x13, 0(x14)         x13=40ea93ba x14:10001688  PA:10001688
15631626ns          260796 1c008742 0007a603 lw               x12, 0(x15)         x12=40b71ec8 x15:10001684  PA:10001684
15631646ns          260797 1c008744 01080813 addi             x16, x16, 16        x16=10001794 x16:10001784
15631666ns          260798 1c008746 00c6f5d3 fadd.s           f11, f13, f12       f11=xxxxxxxx f13:40ea93ba f12:40b71ec8
15631686ns          260799 1c00874a 08c6f6d3 fsub.s           f13, f13, f12       f13=xxxxxxxx f13:40ea93ba f12:40b71ec8
15631705ns          260800 1c00874e 00b72023 sw               x11, 0(x14)         x11:4150d941 x14:10001688  PA:10001688
15631725ns          260801 1c008750 00d7a023 sw               x13, 0(x15)         x13:3fcdd3c8 x15:10001684  PA:10001684
15631765ns          260803 1c008752 03c12703 lw               x14, 60(x2)         x14=00000004  x2:10001548  PA:10001584
15631825ns          260806 1c008754 08e05963 bge              x0, x14, 146        x14:00000004
15631845ns          260807 1c008758 03412783 lw               x15, 52(x2)         x15=00000010  x2:10001548  PA:1000157c
15631865ns          260808 1c00875a 01c12b03 lw               x22, 28(x2)         x22=00000008  x2:10001548  PA:10001564
15631885ns          260809 1c00875c 00279c13 slli             x24, x15, 0x2       x24=00000040 x15:00000010
15632203ns          260825 1c008760 1c000737 lui              x14, 0x1c000000     x14=1c000000
15632243ns          260827 1c008764 1c0007b7 lui              x15, 0x1c000000     x15=1c000000
15632262ns          260828 1c008768 02472a03 lw               x20, 36(x14)        x20=3f490fdb x14:1c000000  PA:1c000024
15632700ns          260850 1c00876c 0207a903 lw               x18, 32(x15)        x18=3fc90fdb x15:1c000000  PA:1c000020
15632998ns          260865 1c008770 02812703 lw               x14, 40(x2)         x14=10001754  x2:10001548  PA:10001570
15633018ns          260866 1c008772 03c12783 lw               x15, 60(x2)         x15=00000004  x2:10001548  PA:10001584
15633038ns          260867 1c008774 d00b79d3 fcvt.s.w         f19, x22            f19=xxxxxxxx x22:00000008
15633058ns          260868 1c008778 002b1693 slli             x13, x22, 0x2       x13=00000020 x22:00000008
15633078ns          260869 1c00877c ffcc0c13 addi             x24, x24, -4        x24=0000003c x24:00000040
15633416ns          260886 1c00877e 00d70cb3 add              x25, x14, x13       x25=10001774 x14:10001754 x13:00000020
15633436ns          260887 1c008782 00ec0c33 add              x24, x24, x14       x24=10001790 x24:0000003c x14:10001754
15633456ns          260888 1c008784 01678ab3 add              x21, x15, x22       x21=0000000c x15:00000004 x22:00000008
15633476ns          260889 1c008788 016007b3 add              x15, x0, x22        x15=00000008 x22:00000008
15633496ns          260890 1c00878a 060b0d63 beq              x22, x0, 122        x22:00000008
15633516ns          260891 1c00878e 00000713 addi             x14, x0, 0          x14=00000000
15633933ns          260912 1c008790 00f006b3 add              x13, x0, x15        x13=00000008 x15:00000008
15633973ns          260914 1c008792 fc1726b3 p.insert         x13, x14, 30, 1     x13=00000000 x13:00000008 x14:00000000
15633993ns          260915 1c008796 4017d793 srai             x15, x15, 0x401     x15=00000004 x15:00000008
15634013ns          260916 1c008798 00d00733 add              x14, x0, x13        x14=00000000 x13:00000000
15634033ns          260917 1c00879a fe079be3 bne              x15, x0, -10        x15:00000004
15634470ns          260939 1c008790 00f006b3 add              x13, x0, x15        x13=00000004 x15:00000004
15634490ns          260940 1c008792 fc1726b3 p.insert         x13, x14, 30, 1     x13=00000000 x13:00000004 x14:00000000
15634510ns          260941 1c008796 4017d793 srai             x15, x15, 0x401     x15=00000002 x15:00000004
15634530ns          260942 1c008798 00d00733 add              x14, x0, x13        x14=00000000 x13:00000000
15634550ns          260943 1c00879a fe079be3 bne              x15, x0, -10        x15:00000002
15634610ns          260946 1c008790 00f006b3 add              x13, x0, x15        x13=00000002 x15:00000002
15634629ns          260947 1c008792 fc1726b3 p.insert         x13, x14, 30, 1     x13=00000000 x13:00000002 x14:00000000
15634649ns          260948 1c008796 4017d793 srai             x15, x15, 0x401     x15=00000001 x15:00000002
15634669ns          260949 1c008798 00d00733 add              x14, x0, x13        x14=00000000 x13:00000000
15634689ns          260950 1c00879a fe079be3 bne              x15, x0, -10        x15:00000001
15634749ns          260953 1c008790 00f006b3 add              x13, x0, x15        x13=00000001 x15:00000001
15634769ns          260954 1c008792 fc1726b3 p.insert         x13, x14, 30, 1     x13=00000001 x13:00000001 x14:00000000
15634789ns          260955 1c008796 4017d793 srai             x15, x15, 0x401     x15=00000000 x15:00000001
15634808ns          260956 1c008798 00d00733 add              x14, x0, x13        x14=00000001 x13:00000001
15634828ns          260957 1c00879a fe079be3 bne              x15, x0, -10        x15:00000000
15634848ns          260958 1c00879c d006f453 fcvt.s.w         f8, x13              f8=xxxxxxxx x13:00000001
15634868ns          260959 1c0087a0 11447453 fmul.s           f8, f8, f20          f8=xxxxxxxx  f8:3f800000 f20:3f490fdb
15634888ns          260960 1c0087a4 19347453 fdiv.s           f8, f8, f19          f8=xxxxxxxx  f8:3f490fdb f19:41000000
15635644ns          260998 1c0087a8 00800533 add              x10, x0, x8         x10=3dc90fdb  x8:3dc90fdb
15635664ns          260999 1c0087aa 66a000ef jal              x1, 1642             x1=1c0087ac
15635704ns          261001 1c008e14 a0a527d3 feq.s            x15, f10, f10       x15=00000001 f10:3dc90fdb f10:3dc90fdb
15635723ns          261002 1c008e18 0a078b63 beq              x15, x0, 182        x15:00000001
15635743ns          261003 1c008e1a e00517d3 fclass.s         x15, f10            x15=00000040 f10:3dc90fdb
15635803ns          261006 1c008e1e 0817f793 andi             x15, x15, 129       x15=00000000 x15:00000040
15635823ns          261007 1c008e22 0a079663 bne              x15, x0, 172        x15:00000000
15635843ns          261008 1c008e24 00000793 addi             x15, x0, 0          x15=00000000
15635863ns          261009 1c008e28 a0f517d3 flt.s            x15, f10, f15       x15=00000000 f10:3dc90fdb f15:00000000
15635883ns          261010 1c008e2c 0a079663 bne              x15, x0, 172        x15:00000000
15635942ns          261013 1c008e2e 1c000737 lui              x14, 0x1c000000     x14=1c000000
15635982ns          261015 1c008e32 16072783 lw               x15, 352(x14)       x15=40c90fdb x14:1c000000  PA:1c000160
15636300ns          261031 1c008e36 a0a797d3 flt.s            x15, f15, f10       x15=00000000 f15:40c90fdb f10:3dc90fdb
15636320ns          261032 1c008e3a 00078b63 beq              x15, x0, 22         x15:00000000
15636380ns          261035 1c008e50 00000793 addi             x15, x0, 0          x15=00000000
15636400ns          261036 1c008e54 a0f517d3 flt.s            x15, f10, f15       x15=00000000 f10:3dc90fdb f15:00000000
15636420ns          261037 1c008e58 08079a63 bne              x15, x0, 148        x15:00000000
15636439ns          261038 1c008e5a 1c0007b7 lui              x15, 0x1c000000     x15=1c000000
15636459ns          261039 1c008e5e 0207a783 lw               x15, 32(x15)        x15=3fc90fdb x15:1c000000  PA:1c000020
15636778ns          261055 1c008e62 a0f517d3 flt.s            x15, f10, f15       x15=00000001 f10:3dc90fdb f15:3fc90fdb
15636798ns          261056 1c008e66 02079563 bne              x15, x0, 42         x15:00000001
15636897ns          261061 1c008e90 10a57553 fmul.s           f10, f10, f10       f10=xxxxxxxx f10:3dc90fdb f10:3dc90fdb
15636937ns          261063 1c008e94 1c0007b7 lui              x15, 0x1c000000     x15=1c000000
15636957ns          261064 1c008e98 1c000737 lui              x14, 0x1c000000     x14=1c000000
15636977ns          261065 1c008e9c 16872703 lw               x14, 360(x14)       x14=bab59551 x14:1c000000  PA:1c000168
15637275ns          261080 1c008ea0 1647a783 lw               x15, 356(x15)       x15=37c23ab1 x15:1c000000  PA:1c000164
15637613ns          261097 1c008ea4 70f577c3 fmadd.s          f15, f10, f15, f14  f15=xxxxxxxx f10:3c1de9e7 f15:37c23ab1 f14:bab59551
15637633ns          261098 1c008ea8 1c000737 lui              x14, 0x1c000000     x14=1c000000
15637653ns          261099 1c008eac 16c72703 lw               x14, 364(x14)       x14=3d2aa76f x14:1c000000  PA:1c00016c
15637971ns          261115 1c008eb0 70f577c3 fmadd.s          f15, f10, f15, f14  f15=xxxxxxxx f10:3c1de9e7 f15:bab58dd4 f14:3d2aa76f
15637991ns          261116 1c008eb4 1c000737 lui              x14, 0x1c000000     x14=1c000000
15638011ns          261117 1c008eb8 17072703 lw               x14, 368(x14)       x14=beffffe0 x14:1c000000  PA:1c000170
15638369ns          261135 1c008ebc 70f577c3 fmadd.s          f15, f10, f15, f14  f15=xxxxxxxx f10:3c1de9e7 f15:3d2a996f f14:beffffe0
15638389ns          261136 1c008ec0 1c000737 lui              x14, 0x1c000000     x14=1c000000
15638409ns          261137 1c008ec4 19c72703 lw               x14, 412(x14)       x14=3f7fffff x14:1c000000  PA:1c00019c
15638727ns          261153 1c008ec8 70f57543 fmadd.s          f10, f10, f15, f14  f10=xxxxxxxx f10:3c1de9e7 f15:beffcb42 f14:3f7fffff
15638747ns          261154 1c008ecc 00008067 jalr             x0, x1, 0            x1:1c0087ac
15638787ns          261156 1c0087ac 00a004b3 add              x9, x0, x10          x9=3f7ec46c x10:3f7ec46c
15638806ns          261157 1c0087ae 08897553 fsub.s           f10, f18, f8        f10=xxxxxxxx f18:3fc90fdb  f8:3dc90fdb
15638826ns          261158 1c0087b2 001b0b13 addi             x22, x22, 1         x22=00000009 x22:00000008
15638846ns          261159 1c0087b4 660000ef jal              x1, 1632             x1=1c0087b6
15638886ns          261161 1c008e14 a0a527d3 feq.s            x15, f10, f10       x15=00000001 f10:3fbc7edd f10:3fbc7edd
15638906ns          261162 1c008e18 0a078b63 beq              x15, x0, 182        x15:00000001
15638926ns          261163 1c008e1a e00517d3 fclass.s         x15, f10            x15=00000040 f10:3fbc7edd
15638946ns          261164 1c008e1e 0817f793 andi             x15, x15, 129       x15=00000000 x15:00000040
15638966ns          261165 1c008e22 0a079663 bne              x15, x0, 172        x15:00000000
15638986ns          261166 1c008e24 00000793 addi             x15, x0, 0          x15=00000000
15639005ns          261167 1c008e28 a0f517d3 flt.s            x15, f10, f15       x15=00000000 f10:3fbc7edd f15:00000000
15639025ns          261168 1c008e2c 0a079663 bne              x15, x0, 172        x15:00000000
15639045ns          261169 1c008e2e 1c000737 lui              x14, 0x1c000000     x14=1c000000
15639065ns          261170 1c008e32 16072783 lw               x15, 352(x14)       x15=40c90fdb x14:1c000000  PA:1c000160
15639383ns          261186 1c008e36 a0a797d3 flt.s            x15, f15, f10       x15=00000000 f15:40c90fdb f10:3fbc7edd
15639403ns          261187 1c008e3a 00078b63 beq              x15, x0, 22         x15:00000000
15639463ns          261190 1c008e50 00000793 addi             x15, x0, 0          x15=00000000
15639483ns          261191 1c008e54 a0f517d3 flt.s            x15, f10, f15       x15=00000000 f10:3fbc7edd f15:00000000
15639503ns          261192 1c008e58 08079a63 bne              x15, x0, 148        x15:00000000
15639523ns          261193 1c008e5a 1c0007b7 lui              x15, 0x1c000000     x15=1c000000
15639542ns          261194 1c008e5e 0207a783 lw               x15, 32(x15)        x15=3fc90fdb x15:1c000000  PA:1c000020
15639861ns          261210 1c008e62 a0f517d3 flt.s            x15, f10, f15       x15=00000001 f10:3fbc7edd f15:3fc90fdb
15639881ns          261211 1c008e66 02079563 bne              x15, x0, 42         x15:00000001
15639940ns          261214 1c008e90 10a57553 fmul.s           f10, f10, f10       f10=xxxxxxxx f10:3fbc7edd f10:3fbc7edd
15639960ns          261215 1c008e94 1c0007b7 lui              x15, 0x1c000000     x15=1c000000
15639980ns          261216 1c008e98 1c000737 lui              x14, 0x1c000000     x14=1c000000
15640000ns          261217 1c008e9c 16872703 lw               x14, 360(x14)       x14=bab59551 x14:1c000000  PA:1c000168
15640298ns          261232 1c008ea0 1647a783 lw               x15, 356(x15)       x15=37c23ab1 x15:1c000000  PA:1c000164
15640617ns          261248 1c008ea4 70f577c3 fmadd.s          f15, f10, f15, f14  f15=xxxxxxxx f10:400aca93 f15:37c23ab1 f14:bab59551
15640636ns          261249 1c008ea8 1c000737 lui              x14, 0x1c000000     x14=1c000000
15640656ns          261250 1c008eac 16c72703 lw               x14, 364(x14)       x14=3d2aa76f x14:1c000000  PA:1c00016c
15640975ns          261266 1c008eb0 70f577c3 fmadd.s          f15, f10, f15, f14  f15=xxxxxxxx f10:400aca93 f15:baaf007c f14:3d2aa76f
15640994ns          261267 1c008eb4 1c000737 lui              x14, 0x1c000000     x14=1c000000
15641014ns          261268 1c008eb8 17072703 lw               x14, 368(x14)       x14=beffffe0 x14:1c000000  PA:1c000170
15641372ns          261286 1c008ebc 70f577c3 fmadd.s          f15, f10, f15, f14  f15=xxxxxxxx f10:400aca93 f15:3d1ecb57 f14:beffffe0
15641392ns          261287 1c008ec0 1c000737 lui              x14, 0x1c000000     x14=1c000000
15641412ns          261288 1c008ec4 19c72703 lw               x14, 412(x14)       x14=3f7fffff x14:1c000000  PA:1c00019c
15641730ns          261304 1c008ec8 70f57543 fmadd.s          f10, f10, f15, f14  f10=xxxxxxxx f10:400aca93 f15:bed4f43e f14:3f7fffff
15641750ns          261305 1c008ecc 00008067 jalr             x0, x1, 0            x1:1c0087b6
15641810ns          261308 1c0087b6 004ca78b p.lw             x15, 4(x25!)        x15=00000008 x25=10001778 x25:10001774  PA:10001774
15641830ns          261309 1c0087ba ffcc270b p.lw             x14, -4(x24!)       x14=0000000f x24=1000178c x24:10001790  PA:10001790
15641850ns          261310 1c0087be 00279793 slli             x15, x15, 0x2       x15=00000020 x15:00000008
15642009ns          261318 1c0087c0 017787b3 add              x15, x15, x23       x15=1000166c x15:00000020 x23:1000164c
15642029ns          261319 1c0087c2 00271713 slli             x14, x14, 0x2       x14=0000003c x14:0000000f
15642049ns          261320 1c0087c4 0007a583 lw               x11, 0(x15)         x11=c117da48 x15:1000166c  PA:1000166c
15642069ns          261321 1c0087c6 01770733 add              x14, x14, x23       x14=10001688 x14:0000003c x23:1000164c
15642088ns          261322 1c0087c8 00072683 lw               x13, 0(x14)         x13=4150d941 x14:10001688  PA:10001688
15642108ns          261323 1c0087ca 20949653 fsgnjn.s         f12, f9, f9         f12=xxxxxxxx  f9:3f7ec46c  f9:3f7ec46c
15642546ns          261345 1c0087ce 10b67653 fmul.s           f12, f12, f11       f12=xxxxxxxx f12:bf7ec46c f11:c117da48
15642586ns          261347 1c0087d2 10d4f4d3 fmul.s           f9, f9, f13          f9=xxxxxxxx  f9:3f7ec46c f13:4150d941
15642606ns          261348 1c0087d6 60d576c3 fmadd.s          f13, f10, f13, f12  f13=xxxxxxxx f10:3dc8bd31 f13:4150d941 f12:41171f17
15642626ns          261349 1c0087da 48b57543 fmadd.s          f10, f10, f11, f9   f10=xxxxxxxx f10:3dc8bd31 f11:c117da48  f9:414fd7cd
15642645ns          261350 1c0087de 00d72023 sw               x13, 0(x14)         x13:412b9799 x14:10001688  PA:10001688
15643063ns          261371 1c0087e0 00a7a023 sw               x10, 0(x15)         x10:4140f575 x15:1000166c  PA:1000166c
15643103ns          261373 1c0087e2 fb5b13e3 bne              x22, x21, -90       x22:00000009 x21:0000000c
15643163ns          261376 1c008788 016007b3 add              x15, x0, x22        x15=00000009 x22:00000009
15643182ns          261377 1c00878a 060b0d63 beq              x22, x0, 122        x22:00000009
15643202ns          261378 1c00878e 00000713 addi             x14, x0, 0          x14=00000000
15643242ns          261380 1c008790 00f006b3 add              x13, x0, x15        x13=00000009 x15:00000009
15643282ns          261382 1c008792 fc1726b3 p.insert         x13, x14, 30, 1     x13=00000001 x13:00000009 x14:00000000
15643302ns          261383 1c008796 4017d793 srai             x15, x15, 0x401     x15=00000004 x15:00000009
15643322ns          261384 1c008798 00d00733 add              x14, x0, x13        x14=00000001 x13:00000001
15643342ns          261385 1c00879a fe079be3 bne              x15, x0, -10        x15:00000004
15643401ns          261388 1c008790 00f006b3 add              x13, x0, x15        x13=00000004 x15:00000004
15643421ns          261389 1c008792 fc1726b3 p.insert         x13, x14, 30, 1     x13=00000002 x13:00000004 x14:00000001
15643441ns          261390 1c008796 4017d793 srai             x15, x15, 0x401     x15=00000002 x15:00000004
15643461ns          261391 1c008798 00d00733 add              x14, x0, x13        x14=00000002 x13:00000002
15643481ns          261392 1c00879a fe079be3 bne              x15, x0, -10        x15:00000002
15643540ns          261395 1c008790 00f006b3 add              x13, x0, x15        x13=00000002 x15:00000002
15643560ns          261396 1c008792 fc1726b3 p.insert         x13, x14, 30, 1     x13=00000004 x13:00000002 x14:00000002
15643580ns          261397 1c008796 4017d793 srai             x15, x15, 0x401     x15=00000001 x15:00000002
15643600ns          261398 1c008798 00d00733 add              x14, x0, x13        x14=00000004 x13:00000004
15643620ns          261399 1c00879a fe079be3 bne              x15, x0, -10        x15:00000001
15643680ns          261402 1c008790 00f006b3 add              x13, x0, x15        x13=00000001 x15:00000001
15643700ns          261403 1c008792 fc1726b3 p.insert         x13, x14, 30, 1     x13=00000009 x13:00000001 x14:00000004
15643720ns          261404 1c008796 4017d793 srai             x15, x15, 0x401     x15=00000000 x15:00000001
15643739ns          261405 1c008798 00d00733 add              x14, x0, x13        x14=00000009 x13:00000009
15643759ns          261406 1c00879a fe079be3 bne              x15, x0, -10        x15:00000000
15643779ns          261407 1c00879c d006f453 fcvt.s.w         f8, x13              f8=xxxxxxxx x13:00000009
15643799ns          261408 1c0087a0 11447453 fmul.s           f8, f8, f20          f8=xxxxxxxx  f8:41100000 f20:3f490fdb
15643819ns          261409 1c0087a4 19347453 fdiv.s           f8, f8, f19          f8=xxxxxxxx  f8:40e231d6 f19:41000000
15644615ns          261449 1c0087a8 00800533 add              x10, x0, x8         x10=3f6231d6  x8:3f6231d6
15644634ns          261450 1c0087aa 66a000ef jal              x1, 1642             x1=1c0087ac
15644674ns          261452 1c008e14 a0a527d3 feq.s            x15, f10, f10       x15=00000001 f10:3f6231d6 f10:3f6231d6
15644694ns          261453 1c008e18 0a078b63 beq              x15, x0, 182        x15:00000001
15644714ns          261454 1c008e1a e00517d3 fclass.s         x15, f10            x15=00000040 f10:3f6231d6
15644734ns          261455 1c008e1e 0817f793 andi             x15, x15, 129       x15=00000000 x15:00000040
15644754ns          261456 1c008e22 0a079663 bne              x15, x0, 172        x15:00000000
15644774ns          261457 1c008e24 00000793 addi             x15, x0, 0          x15=00000000
15644794ns          261458 1c008e28 a0f517d3 flt.s            x15, f10, f15       x15=00000000 f10:3f6231d6 f15:00000000
15644813ns          261459 1c008e2c 0a079663 bne              x15, x0, 172        x15:00000000
15644833ns          261460 1c008e2e 1c000737 lui              x14, 0x1c000000     x14=1c000000
15644853ns          261461 1c008e32 16072783 lw               x15, 352(x14)       x15=40c90fdb x14:1c000000  PA:1c000160
15645191ns          261478 1c008e36 a0a797d3 flt.s            x15, f15, f10       x15=00000000 f15:40c90fdb f10:3f6231d6
15645211ns          261479 1c008e3a 00078b63 beq              x15, x0, 22         x15:00000000
15645271ns          261482 1c008e50 00000793 addi             x15, x0, 0          x15=00000000
15645291ns          261483 1c008e54 a0f517d3 flt.s            x15, f10, f15       x15=00000000 f10:3f6231d6 f15:00000000
15645311ns          261484 1c008e58 08079a63 bne              x15, x0, 148        x15:00000000
15645331ns          261485 1c008e5a 1c0007b7 lui              x15, 0x1c000000     x15=1c000000
15645351ns          261486 1c008e5e 0207a783 lw               x15, 32(x15)        x15=3fc90fdb x15:1c000000  PA:1c000020
15645669ns          261502 1c008e62 a0f517d3 flt.s            x15, f10, f15       x15=00000001 f10:3f6231d6 f15:3fc90fdb
15645689ns          261503 1c008e66 02079563 bne              x15, x0, 42         x15:00000001
15645748ns          261506 1c008e90 10a57553 fmul.s           f10, f10, f10       f10=xxxxxxxx f10:3f6231d6 f10:3f6231d6
15645768ns          261507 1c008e94 1c0007b7 lui              x15, 0x1c000000     x15=1c000000
15645788ns          261508 1c008e98 1c000737 lui              x14, 0x1c000000     x14=1c000000
15645808ns          261509 1c008e9c 16872703 lw               x14, 360(x14)       x14=bab59551 x14:1c000000  PA:1c000168
15646106ns          261524 1c008ea0 1647a783 lw               x15, 356(x15)       x15=37c23ab1 x15:1c000000  PA:1c000164
15646445ns          261541 1c008ea4 70f577c3 fmadd.s          f15, f10, f15, f14  f15=xxxxxxxx f10:3f47dc08 f15:37c23ab1 f14:bab59551
15646464ns          261542 1c008ea8 1c000737 lui              x14, 0x1c000000     x14=1c000000
15646484ns          261543 1c008eac 16c72703 lw               x14, 364(x14)       x14=3d2aa76f x14:1c000000  PA:1c00016c
15646803ns          261559 1c008eb0 70f577c3 fmadd.s          f15, f10, f15, f14  f15=xxxxxxxx f10:3f47dc08 f15:bab336c7 f14:3d2aa76f
15646822ns          261560 1c008eb4 1c000737 lui              x14, 0x1c000000     x14=1c000000
15646842ns          261561 1c008eb8 17072703 lw               x14, 368(x14)       x14=beffffe0 x14:1c000000  PA:1c000170
15647180ns          261578 1c008ebc 70f577c3 fmadd.s          f15, f10, f15, f14  f15=xxxxxxxx f10:3f47dc08 f15:3d264822 f14:beffffe0
15647200ns          261579 1c008ec0 1c000737 lui              x14, 0x1c000000     x14=1c000000
15647220ns          261580 1c008ec4 19c72703 lw               x14, 412(x14)       x14=3f7fffff x14:1c000000  PA:1c00019c
15647539ns          261596 1c008ec8 70f57543 fmadd.s          f10, f10, f15, f14  f10=xxxxxxxx f10:3f47dc08 f15:beefc5c0 f14:3f7fffff
15647558ns          261597 1c008ecc 00008067 jalr             x0, x1, 0            x1:1c0087ac
15647598ns          261599 1c0087ac 00a004b3 add              x9, x0, x10          x9=3f226798 x10:3f226798
15647618ns          261600 1c0087ae 08897553 fsub.s           f10, f18, f8        f10=xxxxxxxx f18:3fc90fdb  f8:3f6231d6
15647638ns          261601 1c0087b2 001b0b13 addi             x22, x22, 1         x22=0000000a x22:00000009
15647658ns          261602 1c0087b4 660000ef jal              x1, 1632             x1=1c0087b6
15647698ns          261604 1c008e14 a0a527d3 feq.s            x15, f10, f10       x15=00000001 f10:3f2fede0 f10:3f2fede0
15647718ns          261605 1c008e18 0a078b63 beq              x15, x0, 182        x15:00000001
15647737ns          261606 1c008e1a e00517d3 fclass.s         x15, f10            x15=00000040 f10:3f2fede0
15647757ns          261607 1c008e1e 0817f793 andi             x15, x15, 129       x15=00000000 x15:00000040
15647777ns          261608 1c008e22 0a079663 bne              x15, x0, 172        x15:00000000
15647797ns          261609 1c008e24 00000793 addi             x15, x0, 0          x15=00000000
15647817ns          261610 1c008e28 a0f517d3 flt.s            x15, f10, f15       x15=00000000 f10:3f2fede0 f15:00000000
15647837ns          261611 1c008e2c 0a079663 bne              x15, x0, 172        x15:00000000
15647857ns          261612 1c008e2e 1c000737 lui              x14, 0x1c000000     x14=1c000000
15647877ns          261613 1c008e32 16072783 lw               x15, 352(x14)       x15=40c90fdb x14:1c000000  PA:1c000160
15648195ns          261629 1c008e36 a0a797d3 flt.s            x15, f15, f10       x15=00000000 f15:40c90fdb f10:3f2fede0
15648215ns          261630 1c008e3a 00078b63 beq              x15, x0, 22         x15:00000000
15648274ns          261633 1c008e50 00000793 addi             x15, x0, 0          x15=00000000
15648294ns          261634 1c008e54 a0f517d3 flt.s            x15, f10, f15       x15=00000000 f10:3f2fede0 f15:00000000
15648314ns          261635 1c008e58 08079a63 bne              x15, x0, 148        x15:00000000
15648334ns          261636 1c008e5a 1c0007b7 lui              x15, 0x1c000000     x15=1c000000
15648354ns          261637 1c008e5e 0207a783 lw               x15, 32(x15)        x15=3fc90fdb x15:1c000000  PA:1c000020
15648672ns          261653 1c008e62 a0f517d3 flt.s            x15, f10, f15       x15=00000001 f10:3f2fede0 f15:3fc90fdb
15648692ns          261654 1c008e66 02079563 bne              x15, x0, 42         x15:00000001
15648752ns          261657 1c008e90 10a57553 fmul.s           f10, f10, f10       f10=xxxxxxxx f10:3f2fede0 f10:3f2fede0
15648772ns          261658 1c008e94 1c0007b7 lui              x15, 0x1c000000     x15=1c000000
15648792ns          261659 1c008e98 1c000737 lui              x14, 0x1c000000     x14=1c000000
15648812ns          261660 1c008e9c 16872703 lw               x14, 360(x14)       x14=bab59551 x14:1c000000  PA:1c000168
15649150ns          261677 1c008ea0 1647a783 lw               x15, 356(x15)       x15=37c23ab1 x15:1c000000  PA:1c000164
15649547ns          261697 1c008ea4 70f577c3 fmadd.s          f15, f10, f15, f14  f15=xxxxxxxx f10:3ef1ce2b f15:37c23ab1 f14:bab59551
15649567ns          261698 1c008ea8 1c000737 lui              x14, 0x1c000000     x14=1c000000
15649587ns          261699 1c008eac 16c72703 lw               x14, 364(x14)       x14=3d2aa76f x14:1c000000  PA:1c00016c
15649906ns          261715 1c008eb0 70f577c3 fmadd.s          f15, f10, f15, f14  f15=xxxxxxxx f10:3ef1ce2b f15:bab42666 f14:3d2aa76f
15649925ns          261716 1c008eb4 1c000737 lui              x14, 0x1c000000     x14=1c000000
15649945ns          261717 1c008eb8 17072703 lw               x14, 368(x14)       x14=beffffe0 x14:1c000000  PA:1c000170
15650264ns          261733 1c008ebc 70f577c3 fmadd.s          f15, f10, f15, f14  f15=xxxxxxxx f10:3ef1ce2b f15:3d27feca f14:beffffe0
15650283ns          261734 1c008ec0 1c000737 lui              x14, 0x1c000000     x14=1c000000
15650303ns          261735 1c008ec4 19c72703 lw               x14, 412(x14)       x14=3f7fffff x14:1c000000  PA:1c00019c
15650622ns          261751 1c008ec8 70f57543 fmadd.s          f10, f10, f15, f14  f10=xxxxxxxx f10:3ef1ce2b f15:bef614fe f14:3f7fffff
15650641ns          261752 1c008ecc 00008067 jalr             x0, x1, 0            x1:1c0087b6
15650701ns          261755 1c0087b6 004ca78b p.lw             x15, 4(x25!)        x15=00000009 x25=1000177c x25:10001778  PA:10001778
15650721ns          261756 1c0087ba ffcc270b p.lw             x14, -4(x24!)       x14=0000000e x24=10001788 x24:1000178c  PA:1000178c
15650741ns          261757 1c0087be 00279793 slli             x15, x15, 0x2       x15=00000024 x15:00000009
15650761ns          261758 1c0087c0 017787b3 add              x15, x15, x23       x15=10001670 x15:00000024 x23:1000164c
15650781ns          261759 1c0087c2 00271713 slli             x14, x14, 0x2       x14=00000038 x14:0000000e
15650801ns          261760 1c0087c4 0007a583 lw               x11, 0(x15)         x11=bf925854 x15:10001670  PA:10001670
15650820ns          261761 1c0087c6 01770733 add              x14, x14, x23       x14=10001684 x14:00000038 x23:1000164c
15650840ns          261762 1c0087c8 00072683 lw               x13, 0(x14)         x13=3fcdd3c8 x14:10001684  PA:10001684
15650860ns          261763 1c0087ca 20949653 fsgnjn.s         f12, f9, f9         f12=xxxxxxxx  f9:3f226798  f9:3f226798
15650880ns          261764 1c0087ce 10b67653 fmul.s           f12, f12, f11       f12=xxxxxxxx f12:bf226798 f11:bf925854
15650900ns          261765 1c0087d2 10d4f4d3 fmul.s           f9, f9, f13          f9=xxxxxxxx  f9:3f226798 f13:3fcdd3c8
15650920ns          261766 1c0087d6 60d576c3 fmadd.s          f13, f10, f13, f12  f13=xxxxxxxx f10:3f45e403 f13:3fcdd3c8 f12:3f39ae3b
15650940ns          261767 1c0087da 48b57543 fmadd.s          f10, f10, f11, f9   f10=xxxxxxxx f10:3f45e403 f11:bf925854  f9:3f82934f
15650960ns          261768 1c0087de 00d72023 sw               x13, 0(x14)         x13:3ffbf269 x14:10001684  PA:10001684
15650980ns          261769 1c0087e0 00a7a023 sw               x10, 0(x15)         x10:3e0b97f0 x15:10001670  PA:10001670
15651000ns          261770 1c0087e2 fb5b13e3 bne              x22, x21, -90       x22:0000000a x21:0000000c
15651119ns          261776 1c008788 016007b3 add              x15, x0, x22        x15=0000000a x22:0000000a
15651139ns          261777 1c00878a 060b0d63 beq              x22, x0, 122        x22:0000000a
15651159ns          261778 1c00878e 00000713 addi             x14, x0, 0          x14=00000000
15651179ns          261779 1c008790 00f006b3 add              x13, x0, x15        x13=0000000a x15:0000000a
15651198ns          261780 1c008792 fc1726b3 p.insert         x13, x14, 30, 1     x13=00000000 x13:0000000a x14:00000000
15651218ns          261781 1c008796 4017d793 srai             x15, x15, 0x401     x15=00000005 x15:0000000a
15651238ns          261782 1c008798 00d00733 add              x14, x0, x13        x14=00000000 x13:00000000
15651258ns          261783 1c00879a fe079be3 bne              x15, x0, -10        x15:00000005
15651318ns          261786 1c008790 00f006b3 add              x13, x0, x15        x13=00000005 x15:00000005
15651338ns          261787 1c008792 fc1726b3 p.insert         x13, x14, 30, 1     x13=00000001 x13:00000005 x14:00000000
15651358ns          261788 1c008796 4017d793 srai             x15, x15, 0x401     x15=00000002 x15:00000005
15651377ns          261789 1c008798 00d00733 add              x14, x0, x13        x14=00000001 x13:00000001
15651397ns          261790 1c00879a fe079be3 bne              x15, x0, -10        x15:00000002
15651457ns          261793 1c008790 00f006b3 add              x13, x0, x15        x13=00000002 x15:00000002
15651477ns          261794 1c008792 fc1726b3 p.insert         x13, x14, 30, 1     x13=00000002 x13:00000002 x14:00000001
15651497ns          261795 1c008796 4017d793 srai             x15, x15, 0x401     x15=00000001 x15:00000002
15651517ns          261796 1c008798 00d00733 add              x14, x0, x13        x14=00000002 x13:00000002
15651537ns          261797 1c00879a fe079be3 bne              x15, x0, -10        x15:00000001
15651596ns          261800 1c008790 00f006b3 add              x13, x0, x15        x13=00000001 x15:00000001
15651616ns          261801 1c008792 fc1726b3 p.insert         x13, x14, 30, 1     x13=00000005 x13:00000001 x14:00000002
15651636ns          261802 1c008796 4017d793 srai             x15, x15, 0x401     x15=00000000 x15:00000001
15651656ns          261803 1c008798 00d00733 add              x14, x0, x13        x14=00000005 x13:00000005
15651676ns          261804 1c00879a fe079be3 bne              x15, x0, -10        x15:00000000
15651696ns          261805 1c00879c d006f453 fcvt.s.w         f8, x13              f8=xxxxxxxx x13:00000005
15651716ns          261806 1c0087a0 11447453 fmul.s           f8, f8, f20          f8=xxxxxxxx  f8:40a00000 f20:3f490fdb
15651735ns          261807 1c0087a4 19347453 fdiv.s           f8, f8, f19          f8=xxxxxxxx  f8:407b53d2 f19:41000000
15652273ns          261834 1c0087a8 00800533 add              x10, x0, x8         x10=3efb53d2  x8:3efb53d2
15652292ns          261835 1c0087aa 66a000ef jal              x1, 1642             x1=1c0087ac
15652332ns          261837 1c008e14 a0a527d3 feq.s            x15, f10, f10       x15=00000001 f10:3efb53d2 f10:3efb53d2
15652352ns          261838 1c008e18 0a078b63 beq              x15, x0, 182        x15:00000001
15652372ns          261839 1c008e1a e00517d3 fclass.s         x15, f10            x15=00000040 f10:3efb53d2
15652392ns          261840 1c008e1e 0817f793 andi             x15, x15, 129       x15=00000000 x15:00000040
15652412ns          261841 1c008e22 0a079663 bne              x15, x0, 172        x15:00000000
15652432ns          261842 1c008e24 00000793 addi             x15, x0, 0          x15=00000000
15652452ns          261843 1c008e28 a0f517d3 flt.s            x15, f10, f15       x15=00000000 f10:3efb53d2 f15:00000000
15652471ns          261844 1c008e2c 0a079663 bne              x15, x0, 172        x15:00000000
15652491ns          261845 1c008e2e 1c000737 lui              x14, 0x1c000000     x14=1c000000
15652511ns          261846 1c008e32 16072783 lw               x15, 352(x14)       x15=40c90fdb x14:1c000000  PA:1c000160
15652829ns          261862 1c008e36 a0a797d3 flt.s            x15, f15, f10       x15=00000000 f15:40c90fdb f10:3efb53d2
15652849ns          261863 1c008e3a 00078b63 beq              x15, x0, 22         x15:00000000
15652909ns          261866 1c008e50 00000793 addi             x15, x0, 0          x15=00000000
15652929ns          261867 1c008e54 a0f517d3 flt.s            x15, f10, f15       x15=00000000 f10:3efb53d2 f15:00000000
15652949ns          261868 1c008e58 08079a63 bne              x15, x0, 148        x15:00000000
15652969ns          261869 1c008e5a 1c0007b7 lui              x15, 0x1c000000     x15=1c000000
15652989ns          261870 1c008e5e 0207a783 lw               x15, 32(x15)        x15=3fc90fdb x15:1c000000  PA:1c000020
15653307ns          261886 1c008e62 a0f517d3 flt.s            x15, f10, f15       x15=00000001 f10:3efb53d2 f15:3fc90fdb
15653327ns          261887 1c008e66 02079563 bne              x15, x0, 42         x15:00000001
15653386ns          261890 1c008e90 10a57553 fmul.s           f10, f10, f10       f10=xxxxxxxx f10:3efb53d2 f10:3efb53d2
15653406ns          261891 1c008e94 1c0007b7 lui              x15, 0x1c000000     x15=1c000000
15653426ns          261892 1c008e98 1c000737 lui              x14, 0x1c000000     x14=1c000000
15653446ns          261893 1c008e9c 16872703 lw               x14, 360(x14)       x14=bab59551 x14:1c000000  PA:1c000168
15653744ns          261908 1c008ea0 1647a783 lw               x15, 356(x15)       x15=37c23ab1 x15:1c000000  PA:1c000164
15654083ns          261925 1c008ea4 70f577c3 fmadd.s          f15, f10, f15, f14  f15=xxxxxxxx f10:3e76bd79 f15:37c23ab1 f14:bab59551
15654102ns          261926 1c008ea8 1c000737 lui              x14, 0x1c000000     x14=1c000000
15654122ns          261927 1c008eac 16c72703 lw               x14, 364(x14)       x14=3d2aa76f x14:1c000000  PA:1c00016c
15654461ns          261944 1c008eb0 70f577c3 fmadd.s          f15, f10, f15, f14  f15=xxxxxxxx f10:3e76bd79 f15:bab4da1d f14:3d2aa76f
15654480ns          261945 1c008eb4 1c000737 lui              x14, 0x1c000000     x14=1c000000
15654500ns          261946 1c008eb8 17072703 lw               x14, 368(x14)       x14=beffffe0 x14:1c000000  PA:1c000170
15654819ns          261962 1c008ebc 70f577c3 fmadd.s          f15, f10, f15, f14  f15=xxxxxxxx f10:3e76bd79 f15:3d294ad0 f14:beffffe0
15654838ns          261963 1c008ec0 1c000737 lui              x14, 0x1c000000     x14=1c000000
15654858ns          261964 1c008ec4 19c72703 lw               x14, 412(x14)       x14=3f7fffff x14:1c000000  PA:1c00019c
15655196ns          261981 1c008ec8 70f57543 fmadd.s          f10, f10, f15, f14  f10=xxxxxxxx f10:3e76bd79 f15:befae686 f14:3f7fffff
15655216ns          261982 1c008ecc 00008067 jalr             x0, x1, 0            x1:1c0087ac
15655256ns          261984 1c0087ac 00a004b3 add              x9, x0, x10          x9=3f61c598 x10:3f61c598
15655276ns          261985 1c0087ae 08897553 fsub.s           f10, f18, f8        f10=xxxxxxxx f18:3fc90fdb  f8:3efb53d2
15655296ns          261986 1c0087b2 001b0b13 addi             x22, x22, 1         x22=0000000b x22:0000000a
15655316ns          261987 1c0087b4 660000ef jal              x1, 1632             x1=1c0087b6
15655356ns          261989 1c008e14 a0a527d3 feq.s            x15, f10, f10       x15=00000001 f10:3f8a3ae6 f10:3f8a3ae6
15655375ns          261990 1c008e18 0a078b63 beq              x15, x0, 182        x15:00000001
15655395ns          261991 1c008e1a e00517d3 fclass.s         x15, f10            x15=00000040 f10:3f8a3ae6
15655415ns          261992 1c008e1e 0817f793 andi             x15, x15, 129       x15=00000000 x15:00000040
15655435ns          261993 1c008e22 0a079663 bne              x15, x0, 172        x15:00000000
15655455ns          261994 1c008e24 00000793 addi             x15, x0, 0          x15=00000000
15655475ns          261995 1c008e28 a0f517d3 flt.s            x15, f10, f15       x15=00000000 f10:3f8a3ae6 f15:00000000
15655495ns          261996 1c008e2c 0a079663 bne              x15, x0, 172        x15:00000000
15655515ns          261997 1c008e2e 1c000737 lui              x14, 0x1c000000     x14=1c000000
15655535ns          261998 1c008e32 16072783 lw               x15, 352(x14)       x15=40c90fdb x14:1c000000  PA:1c000160
15655853ns          262014 1c008e36 a0a797d3 flt.s            x15, f15, f10       x15=00000000 f15:40c90fdb f10:3f8a3ae6
15655873ns          262015 1c008e3a 00078b63 beq              x15, x0, 22         x15:00000000
15655932ns          262018 1c008e50 00000793 addi             x15, x0, 0          x15=00000000
15655952ns          262019 1c008e54 a0f517d3 flt.s            x15, f10, f15       x15=00000000 f10:3f8a3ae6 f15:00000000
15655972ns          262020 1c008e58 08079a63 bne              x15, x0, 148        x15:00000000
15655992ns          262021 1c008e5a 1c0007b7 lui              x15, 0x1c000000     x15=1c000000
15656012ns          262022 1c008e5e 0207a783 lw               x15, 32(x15)        x15=3fc90fdb x15:1c000000  PA:1c000020
15656330ns          262038 1c008e62 a0f517d3 flt.s            x15, f10, f15       x15=00000001 f10:3f8a3ae6 f15:3fc90fdb
15656350ns          262039 1c008e66 02079563 bne              x15, x0, 42         x15:00000001
15656410ns          262042 1c008e90 10a57553 fmul.s           f10, f10, f10       f10=xxxxxxxx f10:3f8a3ae6 f10:3f8a3ae6
15656430ns          262043 1c008e94 1c0007b7 lui              x15, 0x1c000000     x15=1c000000
15656450ns          262044 1c008e98 1c000737 lui              x14, 0x1c000000     x14=1c000000
15656469ns          262045 1c008e9c 16872703 lw               x14, 360(x14)       x14=bab59551 x14:1c000000  PA:1c000168
15656788ns          262061 1c008ea0 1647a783 lw               x15, 356(x15)       x15=37c23ab1 x15:1c000000  PA:1c000164
15657126ns          262078 1c008ea4 70f577c3 fmadd.s          f15, f10, f15, f14  f15=xxxxxxxx f10:3f95471b f15:37c23ab1 f14:bab59551
15657146ns          262079 1c008ea8 1c000737 lui              x14, 0x1c000000     x14=1c000000
15657166ns          262080 1c008eac 16c72703 lw               x14, 364(x14)       x14=3d2aa76f x14:1c000000  PA:1c00016c
15657484ns          262096 1c008eb0 70f577c3 fmadd.s          f15, f10, f15, f14  f15=xxxxxxxx f10:3f95471b f15:bab20b40 f14:3d2aa76f
15657504ns          262097 1c008eb4 1c000737 lui              x14, 0x1c000000     x14=1c000000
15657524ns          262098 1c008eb8 17072703 lw               x14, 368(x14)       x14=beffffe0 x14:1c000000  PA:1c000170
15657842ns          262114 1c008ebc 70f577c3 fmadd.s          f15, f10, f15, f14  f15=xxxxxxxx f10:3f95471b f15:3d242a4f f14:beffffe0
15657862ns          262115 1c008ec0 1c000737 lui              x14, 0x1c000000     x14=1c000000
15657882ns          262116 1c008ec4 19c72703 lw               x14, 412(x14)       x14=3f7fffff x14:1c000000  PA:1c00019c
15658200ns          262132 1c008ec8 70f57543 fmadd.s          f10, f10, f15, f14  f10=xxxxxxxx f10:3f95471b f15:bee81152 f14:3f7fffff
15658220ns          262133 1c008ecc 00008067 jalr             x0, x1, 0            x1:1c0087b6
15658280ns          262136 1c0087b6 004ca78b p.lw             x15, 4(x25!)        x15=0000000a x25=10001780 x25:1000177c  PA:1000177c
15658299ns          262137 1c0087ba ffcc270b p.lw             x14, -4(x24!)       x14=0000000d x24=10001784 x24:10001788  PA:10001788
15658319ns          262138 1c0087be 00279793 slli             x15, x15, 0x2       x15=00000028 x15:0000000a
15658339ns          262139 1c0087c0 017787b3 add              x15, x15, x23       x15=10001674 x15:00000028 x23:1000164c
15658359ns          262140 1c0087c2 00271713 slli             x14, x14, 0x2       x14=00000034 x14:0000000d
15658379ns          262141 1c0087c4 0007a583 lw               x11, 0(x15)         x11=40fa1abf x15:10001674  PA:10001674
15658399ns          262142 1c0087c6 01770733 add              x14, x14, x23       x14=10001680 x14:00000034 x23:1000164c
15658419ns          262143 1c0087c8 00072683 lw               x13, 0(x14)         x13=c0824128 x14:10001680  PA:10001680
15658439ns          262144 1c0087ca 20949653 fsgnjn.s         f12, f9, f9         f12=xxxxxxxx  f9:3f61c598  f9:3f61c598
15658459ns          262145 1c0087ce 10b67653 fmul.s           f12, f12, f11       f12=xxxxxxxx f12:bf61c598 f11:40fa1abf
15658478ns          262146 1c0087d2 10d4f4d3 fmul.s           f9, f9, f13          f9=xxxxxxxx  f9:3f61c598 f13:c0824128
15658498ns          262147 1c0087d6 60d576c3 fmadd.s          f13, f10, f13, f12  f13=xxxxxxxx f10:3ef15aea f13:c0824128 f12:c0dc928d
15658518ns          262148 1c0087da 48b57543 fmadd.s          f10, f10, f11, f9   f10=xxxxxxxx f10:3ef15aea f11:40fa1abf  f9:c065bf9b
15658538ns          262149 1c0087de 00d72023 sw               x13, 0(x14)         x13:c10cfcad x14:10001680  PA:10001680
15658558ns          262150 1c0087e0 00a7a023 sw               x10, 0(x15)         x10:3dc18c9a x15:10001674  PA:10001674
15658578ns          262151 1c0087e2 fb5b13e3 bne              x22, x21, -90       x22:0000000b x21:0000000c
15658638ns          262154 1c008788 016007b3 add              x15, x0, x22        x15=0000000b x22:0000000b
15658657ns          262155 1c00878a 060b0d63 beq              x22, x0, 122        x22:0000000b
15658677ns          262156 1c00878e 00000713 addi             x14, x0, 0          x14=00000000
15658697ns          262157 1c008790 00f006b3 add              x13, x0, x15        x13=0000000b x15:0000000b
15658717ns          262158 1c008792 fc1726b3 p.insert         x13, x14, 30, 1     x13=00000001 x13:0000000b x14:00000000
15658737ns          262159 1c008796 4017d793 srai             x15, x15, 0x401     x15=00000005 x15:0000000b
15658757ns          262160 1c008798 00d00733 add              x14, x0, x13        x14=00000001 x13:00000001
15658777ns          262161 1c00879a fe079be3 bne              x15, x0, -10        x15:00000005
15658836ns          262164 1c008790 00f006b3 add              x13, x0, x15        x13=00000005 x15:00000005
15658856ns          262165 1c008792 fc1726b3 p.insert         x13, x14, 30, 1     x13=00000003 x13:00000005 x14:00000001
15658876ns          262166 1c008796 4017d793 srai             x15, x15, 0x401     x15=00000002 x15:00000005
15658896ns          262167 1c008798 00d00733 add              x14, x0, x13        x14=00000003 x13:00000003
15658916ns          262168 1c00879a fe079be3 bne              x15, x0, -10        x15:00000002
15658976ns          262171 1c008790 00f006b3 add              x13, x0, x15        x13=00000002 x15:00000002
15658996ns          262172 1c008792 fc1726b3 p.insert         x13, x14, 30, 1     x13=00000006 x13:00000002 x14:00000003
15659015ns          262173 1c008796 4017d793 srai             x15, x15, 0x401     x15=00000001 x15:00000002
15659035ns          262174 1c008798 00d00733 add              x14, x0, x13        x14=00000006 x13:00000006
15659055ns          262175 1c00879a fe079be3 bne              x15, x0, -10        x15:00000001
15659115ns          262178 1c008790 00f006b3 add              x13, x0, x15        x13=00000001 x15:00000001
15659135ns          262179 1c008792 fc1726b3 p.insert         x13, x14, 30, 1     x13=0000000d x13:00000001 x14:00000006
15659155ns          262180 1c008796 4017d793 srai             x15, x15, 0x401     x15=00000000 x15:00000001
15659175ns          262181 1c008798 00d00733 add              x14, x0, x13        x14=0000000d x13:0000000d
15659195ns          262182 1c00879a fe079be3 bne              x15, x0, -10        x15:00000000
15659214ns          262183 1c00879c d006f453 fcvt.s.w         f8, x13              f8=xxxxxxxx x13:0000000d
15659234ns          262184 1c0087a0 11447453 fmul.s           f8, f8, f20          f8=xxxxxxxx  f8:41500000 f20:3f490fdb
15659254ns          262185 1c0087a4 19347453 fdiv.s           f8, f8, f19          f8=xxxxxxxx  f8:41235ce2 f19:41000000
15659553ns          262200 1c0087a8 00800533 add              x10, x0, x8         x10=3fa35ce2  x8:3fa35ce2
15659572ns          262201 1c0087aa 66a000ef jal              x1, 1642             x1=1c0087ac
15659612ns          262203 1c008e14 a0a527d3 feq.s            x15, f10, f10       x15=00000001 f10:3fa35ce2 f10:3fa35ce2
15659632ns          262204 1c008e18 0a078b63 beq              x15, x0, 182        x15:00000001
15659652ns          262205 1c008e1a e00517d3 fclass.s         x15, f10            x15=00000040 f10:3fa35ce2
15659672ns          262206 1c008e1e 0817f793 andi             x15, x15, 129       x15=00000000 x15:00000040
15659692ns          262207 1c008e22 0a079663 bne              x15, x0, 172        x15:00000000
15659712ns          262208 1c008e24 00000793 addi             x15, x0, 0          x15=00000000
15659732ns          262209 1c008e28 a0f517d3 flt.s            x15, f10, f15       x15=00000000 f10:3fa35ce2 f15:00000000
15659751ns          262210 1c008e2c 0a079663 bne              x15, x0, 172        x15:00000000
15659771ns          262211 1c008e2e 1c000737 lui              x14, 0x1c000000     x14=1c000000
15659791ns          262212 1c008e32 16072783 lw               x15, 352(x14)       x15=40c90fdb x14:1c000000  PA:1c000160
15660109ns          262228 1c008e36 a0a797d3 flt.s            x15, f15, f10       x15=00000000 f15:40c90fdb f10:3fa35ce2
15660129ns          262229 1c008e3a 00078b63 beq              x15, x0, 22         x15:00000000
15660189ns          262232 1c008e50 00000793 addi             x15, x0, 0          x15=00000000
15660209ns          262233 1c008e54 a0f517d3 flt.s            x15, f10, f15       x15=00000000 f10:3fa35ce2 f15:00000000
15660229ns          262234 1c008e58 08079a63 bne              x15, x0, 148        x15:00000000
15660249ns          262235 1c008e5a 1c0007b7 lui              x15, 0x1c000000     x15=1c000000
15660269ns          262236 1c008e5e 0207a783 lw               x15, 32(x15)        x15=3fc90fdb x15:1c000000  PA:1c000020
15660587ns          262252 1c008e62 a0f517d3 flt.s            x15, f10, f15       x15=00000001 f10:3fa35ce2 f15:3fc90fdb
15660607ns          262253 1c008e66 02079563 bne              x15, x0, 42         x15:00000001
15660666ns          262256 1c008e90 10a57553 fmul.s           f10, f10, f10       f10=xxxxxxxx f10:3fa35ce2 f10:3fa35ce2
15660686ns          262257 1c008e94 1c0007b7 lui              x15, 0x1c000000     x15=1c000000
15660706ns          262258 1c008e98 1c000737 lui              x14, 0x1c000000     x14=1c000000
15660726ns          262259 1c008e9c 16872703 lw               x14, 360(x14)       x14=bab59551 x14:1c000000  PA:1c000168
15661064ns          262276 1c008ea0 1647a783 lw               x15, 356(x15)       x15=37c23ab1 x15:1c000000  PA:1c000164
15661382ns          262292 1c008ea4 70f577c3 fmadd.s          f15, f10, f15, f14  f15=xxxxxxxx f10:3fd07ed3 f15:37c23ab1 f14:bab59551
15661402ns          262293 1c008ea8 1c000737 lui              x14, 0x1c000000     x14=1c000000
15661422ns          262294 1c008eac 16c72703 lw               x14, 364(x14)       x14=3d2aa76f x14:1c000000  PA:1c00016c
15661741ns          262310 1c008eb0 70f577c3 fmadd.s          f15, f10, f15, f14  f15=xxxxxxxx f10:3fd07ed3 f15:bab0a3d2 f14:3d2aa76f
15661760ns          262311 1c008eb4 1c000737 lui              x14, 0x1c000000     x14=1c000000
15661780ns          262312 1c008eb8 17072703 lw               x14, 368(x14)       x14=beffffe0 x14:1c000000  PA:1c000170
15662099ns          262328 1c008ebc 70f577c3 fmadd.s          f15, f10, f15, f14  f15=xxxxxxxx f10:3fd07ed3 f15:3d21a9a5 f14:beffffe0
15662118ns          262329 1c008ec0 1c000737 lui              x14, 0x1c000000     x14=1c000000
15662138ns          262330 1c008ec4 19c72703 lw               x14, 412(x14)       x14=3f7fffff x14:1c000000  PA:1c00019c
15662496ns          262348 1c008ec8 70f57543 fmadd.s          f10, f10, f15, f14  f10=xxxxxxxx f10:3fd07ed3 f15:bedf1565 f14:3f7fffff
15662516ns          262349 1c008ecc 00008067 jalr             x0, x1, 0            x1:1c0087ac
15662556ns          262351 1c0087ac 00a004b3 add              x9, x0, x10          x9=3e94a031 x10:3e94a031
15662576ns          262352 1c0087ae 08897553 fsub.s           f10, f18, f8        f10=xxxxxxxx f18:3fc90fdb  f8:3fa35ce2
15662596ns          262353 1c0087b2 001b0b13 addi             x22, x22, 1         x22=0000000c x22:0000000b
15662616ns          262354 1c0087b4 660000ef jal              x1, 1632             x1=1c0087b6
15662655ns          262356 1c008e14 a0a527d3 feq.s            x15, f10, f10       x15=00000001 f10:3e96cbe4 f10:3e96cbe4
15662675ns          262357 1c008e18 0a078b63 beq              x15, x0, 182        x15:00000001
15662695ns          262358 1c008e1a e00517d3 fclass.s         x15, f10            x15=00000040 f10:3e96cbe4
15662715ns          262359 1c008e1e 0817f793 andi             x15, x15, 129       x15=00000000 x15:00000040
15662735ns          262360 1c008e22 0a079663 bne              x15, x0, 172        x15:00000000
15662755ns          262361 1c008e24 00000793 addi             x15, x0, 0          x15=00000000
15662775ns          262362 1c008e28 a0f517d3 flt.s            x15, f10, f15       x15=00000000 f10:3e96cbe4 f15:00000000
15662795ns          262363 1c008e2c 0a079663 bne              x15, x0, 172        x15:00000000
15662815ns          262364 1c008e2e 1c000737 lui              x14, 0x1c000000     x14=1c000000
15662835ns          262365 1c008e32 16072783 lw               x15, 352(x14)       x15=40c90fdb x14:1c000000  PA:1c000160
15663153ns          262381 1c008e36 a0a797d3 flt.s            x15, f15, f10       x15=00000000 f15:40c90fdb f10:3e96cbe4
15663173ns          262382 1c008e3a 00078b63 beq              x15, x0, 22         x15:00000000
15663232ns          262385 1c008e50 00000793 addi             x15, x0, 0          x15=00000000
15663252ns          262386 1c008e54 a0f517d3 flt.s            x15, f10, f15       x15=00000000 f10:3e96cbe4 f15:00000000
15663272ns          262387 1c008e58 08079a63 bne              x15, x0, 148        x15:00000000
15663292ns          262388 1c008e5a 1c0007b7 lui              x15, 0x1c000000     x15=1c000000
15663312ns          262389 1c008e5e 0207a783 lw               x15, 32(x15)        x15=3fc90fdb x15:1c000000  PA:1c000020
15663630ns          262405 1c008e62 a0f517d3 flt.s            x15, f10, f15       x15=00000001 f10:3e96cbe4 f15:3fc90fdb
15663650ns          262406 1c008e66 02079563 bne              x15, x0, 42         x15:00000001
15663710ns          262409 1c008e90 10a57553 fmul.s           f10, f10, f10       f10=xxxxxxxx f10:3e96cbe4 f10:3e96cbe4
15663730ns          262410 1c008e94 1c0007b7 lui              x15, 0x1c000000     x15=1c000000
15663749ns          262411 1c008e98 1c000737 lui              x14, 0x1c000000     x14=1c000000
15663769ns          262412 1c008e9c 16872703 lw               x14, 360(x14)       x14=bab59551 x14:1c000000  PA:1c000168
15664088ns          262428 1c008ea0 1647a783 lw               x15, 356(x15)       x15=37c23ab1 x15:1c000000  PA:1c000164
15664406ns          262444 1c008ea4 70f577c3 fmadd.s          f15, f10, f15, f14  f15=xxxxxxxx f10:3db1a723 f15:37c23ab1 f14:bab59551
15664426ns          262445 1c008ea8 1c000737 lui              x14, 0x1c000000     x14=1c000000
15664446ns          262446 1c008eac 16c72703 lw               x14, 364(x14)       x14=3d2aa76f x14:1c000000  PA:1c00016c
15664764ns          262462 1c008eb0 70f577c3 fmadd.s          f15, f10, f15, f14  f15=xxxxxxxx f10:3db1a723 f15:bab551ec f14:3d2aa76f
15664784ns          262463 1c008eb4 1c000737 lui              x14, 0x1c000000     x14=1c000000
15664804ns          262464 1c008eb8 17072703 lw               x14, 368(x14)       x14=beffffe0 x14:1c000000  PA:1c000170
15665142ns          262481 1c008ebc 70f577c3 fmadd.s          f15, f10, f15, f14  f15=xxxxxxxx f10:3db1a723 f15:3d2a299b f14:beffffe0
15665162ns          262482 1c008ec0 1c000737 lui              x14, 0x1c000000     x14=1c000000
15665182ns          262483 1c008ec4 19c72703 lw               x14, 412(x14)       x14=3f7fffff x14:1c000000  PA:1c00019c
15665520ns          262500 1c008ec8 70f57543 fmadd.s          f10, f10, f15, f14  f10=xxxxxxxx f10:3db1a723 f15:befe2789 f14:3f7fffff
15665540ns          262501 1c008ecc 00008067 jalr             x0, x1, 0            x1:1c0087b6
15665599ns          262504 1c0087b6 004ca78b p.lw             x15, 4(x25!)        x15=0000000b x25=10001784 x25:10001780  PA:10001780
15665619ns          262505 1c0087ba ffcc270b p.lw             x14, -4(x24!)       x14=0000000c x24=10001780 x24:10001784  PA:10001784
15665639ns          262506 1c0087be 00279793 slli             x15, x15, 0x2       x15=0000002c x15:0000000b
15665659ns          262507 1c0087c0 017787b3 add              x15, x15, x23       x15=10001678 x15:0000002c x23:1000164c
15665679ns          262508 1c0087c2 00271713 slli             x14, x14, 0x2       x14=00000030 x14:0000000c
15665699ns          262509 1c0087c4 0007a583 lw               x11, 0(x15)         x11=41580dfc x15:10001678  PA:10001678
15665739ns          262511 1c0087c6 01770733 add              x14, x14, x23       x14=1000167c x14:00000030 x23:1000164c
15665758ns          262512 1c0087c8 00072683 lw               x13, 0(x14)         x13=40de1bec x14:1000167c  PA:1000167c
15665778ns          262513 1c0087ca 20949653 fsgnjn.s         f12, f9, f9         f12=xxxxxxxx  f9:3e94a031  f9:3e94a031
15665798ns          262514 1c0087ce 10b67653 fmul.s           f12, f12, f11       f12=xxxxxxxx f12:be94a031 f11:41580dfc
15665818ns          262515 1c0087d2 10d4f4d3 fmul.s           f9, f9, f13          f9=xxxxxxxx  f9:3e94a031 f13:40de1bec
15665838ns          262516 1c0087d6 60d576c3 fmadd.s          f13, f10, f13, f12  f13=xxxxxxxx f10:3f74fa0b f13:40de1bec f12:c07ade90
15665858ns          262517 1c0087da 48b57543 fmadd.s          f10, f10, f11, f9   f10=xxxxxxxx f10:3f74fa0b f11:41580dfc  f9:4000f320
15665878ns          262518 1c0087de 00d72023 sw               x13, 0(x14)         x13:402e388b x14:1000167c  PA:1000167c
15665898ns          262519 1c0087e0 00a7a023 sw               x10, 0(x15)         x10:416efd23 x15:10001678  PA:10001678
15665918ns          262520 1c0087e2 fb5b13e3 bne              x22, x21, -90       x22:0000000c x21:0000000c
15665937ns          262521 1c0087e6 07c12083 lw               x1, 124(x2)          x1=1c00841c  x2:10001548  PA:100015c4
15665957ns          262522 1c0087e8 07812403 lw               x8, 120(x2)          x8=xxxxxxxx  x2:10001548  PA:100015c0
15665977ns          262523 1c0087ea 07412483 lw               x9, 116(x2)          x9=00000002  x2:10001548  PA:100015bc
15665997ns          262524 1c0087ec 07012903 lw               x18, 112(x2)        x18=1c010000  x2:10001548  PA:100015b8
15666017ns          262525 1c0087ee 06c12983 lw               x19, 108(x2)        x19=xxxxxxxx  x2:10001548  PA:100015b4
15666037ns          262526 1c0087f0 06812a03 lw               x20, 104(x2)        x20=xxxxxxxx  x2:10001548  PA:100015b0
15666057ns          262527 1c0087f2 06412a83 lw               x21, 100(x2)        x21=xxxxxxxx  x2:10001548  PA:100015ac
15666077ns          262528 1c0087f4 06012b03 lw               x22, 96(x2)         x22=xxxxxxxx  x2:10001548  PA:100015a8
15666097ns          262529 1c0087f6 05c12b83 lw               x23, 92(x2)         x23=1000164c  x2:10001548  PA:100015a4
15666116ns          262530 1c0087f8 05812c03 lw               x24, 88(x2)         x24=xxxxxxxx  x2:10001548  PA:100015a0
15666136ns          262531 1c0087fa 05412c83 lw               x25, 84(x2)         x25=xxxxxxxx  x2:10001548  PA:1000159c
15666156ns          262532 1c0087fc 05012d03 lw               x26, 80(x2)         x26=xxxxxxxx  x2:10001548  PA:10001598
15666176ns          262533 1c0087fe 04c12d83 lw               x27, 76(x2)         x27=xxxxxxxx  x2:10001548  PA:10001594
15666196ns          262534 1c008800 08010113 addi             x2, x2, 128          x2=100015c8  x2:10001548
15666216ns          262535 1c008802 00008067 jalr             x0, x1, 0            x1:1c00841c
15666296ns          262539 1c00841c 03412783 lw               x15, 52(x2)         x15=00000020  x2:100015c8  PA:100015fc
15666315ns          262540 1c00841e 03412683 lw               x13, 52(x2)         x13=00000020  x2:100015c8  PA:100015fc
15666375ns          262543 1c008420 4037d793 srai             x15, x15, 0x403     x15=00000004 x15:00000020
15666395ns          262544 1c008422 4026d693 srai             x13, x13, 0x402     x13=00000008 x13:00000020
15666415ns          262545 1c008424 02f12823 sw               x15, 48(x2)         x15:00000004  x2:100015c8  PA:100015f8
15666435ns          262546 1c008426 02d12e23 sw               x13, 60(x2)         x13:00000008  x2:100015c8  PA:10001604
15666455ns          262547 1c008428 06d7d063 bge              x15, x13, 96        x15:00000004 x13:00000008
15666475ns          262548 1c00842c 01c12703 lw               x14, 28(x2)         x14=00000010  x2:100015c8  PA:100015e4
15666514ns          262550 1c00842e 00f708b3 add              x17, x14, x15       x17=00000014 x14:00000010 x15:00000004
15666554ns          262552 1c008432 00e685b3 add              x11, x13, x14       x11=00000018 x13:00000008 x14:00000010
15666574ns          262553 1c008436 03412683 lw               x13, 52(x2)         x13=00000020  x2:100015c8  PA:100015fc
15666594ns          262554 1c008438 00289893 slli             x17, x17, 0x2       x17=00000050 x17:00000014
15666614ns          262555 1c00843a 00259593 slli             x11, x11, 0x2       x11=00000060 x11:00000018
15666634ns          262556 1c00843c 40f68833 sub              x16, x13, x15       x16=0000001c x13:00000020 x15:00000004
15666654ns          262557 1c008440 411585b3 sub              x11, x11, x17       x11=00000010 x11:00000060 x17:00000050
15666693ns          262559 1c008444 02812703 lw               x14, 40(x2)         x14=10001754  x2:100015c8  PA:100015f0
15666713ns          262560 1c008446 00281813 slli             x16, x16, 0x2       x16=00000070 x16:0000001c
15666733ns          262561 1c008448 ffc58593 addi             x11, x11, -4        x11=0000000c x11:00000010
15666753ns          262562 1c00844a 1c0007b7 lui              x15, 0x1c000000     x15=1c000000
15666773ns          262563 1c00844e ffc80813 addi             x16, x16, -4        x16=0000006c x16:00000070
15666793ns          262564 1c008450 0025d593 srli             x11, x11, 0x2       x11=00000003 x11:0000000c
15666833ns          262566 1c008452 0287a303 lw               x6, 40(x15)          x6=3f3504f3 x15:1c000000  PA:1c000028
15667131ns          262581 1c008456 00e80833 add              x16, x16, x14       x16=100017c0 x16:0000006c x14:10001754
15667151ns          262582 1c008458 00e888b3 add              x17, x17, x14       x17=100017a4 x17:00000050 x14:10001754
15667171ns          262583 1c00845a 00158593 addi             x11, x11, 1         x11=00000004 x11:00000003
15667191ns          262584 1c00845c 0155c0fb lp.setup         0x1, x11, 0x15      x11:00000004
15667210ns          262585 1c008460 ffc8268b p.lw             x13, -4(x16!)       x13=0000001b x16=100017bc x16:100017c0  PA:100017c0
15667230ns          262586 1c008464 0048a78b p.lw             x15, 4(x17!)        x15=00000014 x17=100017a8 x17:100017a4  PA:100017a4
15667250ns          262587 1c008468 00269693 slli             x13, x13, 0x2       x13=0000006c x13:0000001b
15667270ns          262588 1c00846a 00279793 slli             x15, x15, 0x2       x15=00000050 x15:00000014
15667290ns          262589 1c00846c 017686b3 add              x13, x13, x23       x13=100016b8 x13:0000006c x23:1000164c
15667310ns          262590 1c00846e 017787b3 add              x15, x15, x23       x15=1000169c x15:00000050 x23:1000164c
15667330ns          262591 1c008470 0006a703 lw               x14, 0(x13)         x14=bf2f7dd0 x13:100016b8  PA:100016b8
15667350ns          262592 1c008472 0007a503 lw               x10, 0(x15)         x10=c057a175 x15:1000169c  PA:1000169c
15667389ns          262594 1c008474 00a77653 fadd.s           f12, f14, f10       f12=xxxxxxxx f14:bf2f7dd0 f10:c057a175
15667409ns          262595 1c008478 08a77753 fsub.s           f14, f14, f10       f14=xxxxxxxx f14:bf2f7dd0 f10:c057a175
15667429ns          262596 1c00847c 10667653 fmul.s           f12, f12, f6        f12=xxxxxxxx f12:c081c074  f6:3f3504f3
15667449ns          262597 1c008480 10677753 fmul.s           f14, f14, f6        f14=xxxxxxxx f14:402bc201  f6:3f3504f3
15667489ns          262599 1c008484 00c6a023 sw               x12, 0(x13)         x12:c0377f28 x13:100016b8  PA:100016b8
15667509ns          262600 1c008486 00e7a023 sw               x14, 0(x15)         x14:3ff2e6fa x15:1000169c  PA:1000169c
15667529ns          262601 1c008460 ffc8268b p.lw             x13, -4(x16!)       x13=0000001a x16=100017b8 x16:100017bc  PA:100017bc
15667549ns          262602 1c008464 0048a78b p.lw             x15, 4(x17!)        x15=00000015 x17=100017ac x17:100017a8  PA:100017a8
15667569ns          262603 1c008468 00269693 slli             x13, x13, 0x2       x13=00000068 x13:0000001a
15667588ns          262604 1c00846a 00279793 slli             x15, x15, 0x2       x15=00000054 x15:00000015
15667608ns          262605 1c00846c 017686b3 add              x13, x13, x23       x13=100016b4 x13:00000068 x23:1000164c
15667628ns          262606 1c00846e 017787b3 add              x15, x15, x23       x15=100016a0 x15:00000054 x23:1000164c
15667648ns          262607 1c008470 0006a703 lw               x14, 0(x13)         x14=40bec04c x13:100016b4  PA:100016b4
15667668ns          262608 1c008472 0007a503 lw               x10, 0(x15)         x10=c0f30ca0 x15:100016a0  PA:100016a0
15667708ns          262610 1c008474 00a77653 fadd.s           f12, f14, f10       f12=xxxxxxxx f14:40bec04c f10:c0f30ca0
15667728ns          262611 1c008478 08a77753 fsub.s           f14, f14, f10       f14=xxxxxxxx f14:40bec04c f10:c0f30ca0
15667748ns          262612 1c00847c 10667653 fmul.s           f12, f12, f6        f12=xxxxxxxx f12:bfd13150  f6:3f3504f3
15667767ns          262613 1c008480 10677753 fmul.s           f14, f14, f6        f14=xxxxxxxx f14:4158e676  f6:3f3504f3
15667787ns          262614 1c008484 00c6a023 sw               x12, 0(x13)         x12:bf93ebe9 x13:100016b4  PA:100016b4
15667807ns          262615 1c008486 00e7a023 sw               x14, 0(x15)         x14:41195f23 x15:100016a0  PA:100016a0
15667887ns          262619 1c008460 ffc8268b p.lw             x13, -4(x16!)       x13=00000019 x16=100017b4 x16:100017b8  PA:100017b8
15667907ns          262620 1c008464 0048a78b p.lw             x15, 4(x17!)        x15=00000016 x17=100017b0 x17:100017ac  PA:100017ac
15667927ns          262621 1c008468 00269693 slli             x13, x13, 0x2       x13=00000064 x13:00000019
15667946ns          262622 1c00846a 00279793 slli             x15, x15, 0x2       x15=00000058 x15:00000016
15667966ns          262623 1c00846c 017686b3 add              x13, x13, x23       x13=100016b0 x13:00000064 x23:1000164c
15667986ns          262624 1c00846e 017787b3 add              x15, x15, x23       x15=100016a4 x15:00000058 x23:1000164c
15668006ns          262625 1c008470 0006a703 lw               x14, 0(x13)         x14=40981258 x13:100016b0  PA:100016b0
15668026ns          262626 1c008472 0007a503 lw               x10, 0(x15)         x10=c0ba0097 x15:100016a4  PA:100016a4
15668066ns          262628 1c008474 00a77653 fadd.s           f12, f14, f10       f12=xxxxxxxx f14:40981258 f10:c0ba0097
15668086ns          262629 1c008478 08a77753 fsub.s           f14, f14, f10       f14=xxxxxxxx f14:40981258 f10:c0ba0097
15668106ns          262630 1c00847c 10667653 fmul.s           f12, f12, f6        f12=xxxxxxxx f12:bf87b8fc  f6:3f3504f3
15668125ns          262631 1c008480 10677753 fmul.s           f14, f14, f6        f14=xxxxxxxx f14:41290978  f6:3f3504f3
15668145ns          262632 1c008484 00c6a023 sw               x12, 0(x13)         x12:bf3ff0d4 x13:100016b0  PA:100016b0
15668165ns          262633 1c008486 00e7a023 sw               x14, 0(x15)         x14:40ef0ded x15:100016a4  PA:100016a4
15668185ns          262634 1c008460 ffc8268b p.lw             x13, -4(x16!)       x13=00000018 x16=100017b0 x16:100017b4  PA:100017b4
15668205ns          262635 1c008464 0048a78b p.lw             x15, 4(x17!)        x15=00000017 x17=100017b4 x17:100017b0  PA:100017b0
15668225ns          262636 1c008468 00269693 slli             x13, x13, 0x2       x13=00000060 x13:00000018
15668245ns          262637 1c00846a 00279793 slli             x15, x15, 0x2       x15=0000005c x15:00000017
15668265ns          262638 1c00846c 017686b3 add              x13, x13, x23       x13=100016ac x13:00000060 x23:1000164c
15668285ns          262639 1c00846e 017787b3 add              x15, x15, x23       x15=100016a8 x15:0000005c x23:1000164c
15668304ns          262640 1c008470 0006a703 lw               x14, 0(x13)         x14=bfdba6b4 x13:100016ac  PA:100016ac
15668324ns          262641 1c008472 0007a503 lw               x10, 0(x15)         x10=406f0e6a x15:100016a8  PA:100016a8
15668364ns          262643 1c008474 00a77653 fadd.s           f12, f14, f10       f12=xxxxxxxx f14:bfdba6b4 f10:406f0e6a
15668384ns          262644 1c008478 08a77753 fsub.s           f14, f14, f10       f14=xxxxxxxx f14:bfdba6b4 f10:406f0e6a
15668404ns          262645 1c00847c 10667653 fmul.s           f12, f12, f6        f12=xxxxxxxx f12:40013b10  f6:3f3504f3
15668424ns          262646 1c008480 10677753 fmul.s           f14, f14, f6        f14=xxxxxxxx f14:c0ae70e2  f6:3f3504f3
15668444ns          262647 1c008484 00c6a023 sw               x12, 0(x13)         x12:3fb6c284 x13:100016ac  PA:100016ac
15668464ns          262648 1c008486 00e7a023 sw               x14, 0(x15)         x14:c076b25e x15:100016a8  PA:100016a8
15668483ns          262649 1c008488 03012683 lw               x13, 48(x2)         x13=00000004  x2:100015c8  PA:100015f8
15668503ns          262650 1c00848a 00100793 addi             x15, x0, 1          x15=00000001
15668523ns          262651 1c00848c 24d7df63 bge              x15, x13, 606       x15:00000001 x13:00000004
15668543ns          262652 1c008490 40000737 lui              x14, 0x40000000     x14=40000000
15668563ns          262653 1c008494 fff70793 addi             x15, x14, -1        x15=3fffffff x14:40000000
15668583ns          262654 1c008498 03412703 lw               x14, 52(x2)         x14=00000020  x2:100015c8  PA:100015fc
15668603ns          262655 1c00849a 00100893 addi             x17, x0, 1          x17=00000001
15668623ns          262656 1c00849c 00e787b3 add              x15, x15, x14       x15=4000001f x15:3fffffff x14:00000020
15668643ns          262657 1c00849e 02f12c23 sw               x15, 56(x2)         x15:4000001f  x2:100015c8  PA:10001600
15668663ns          262658 1c0084a0 01c12783 lw               x15, 28(x2)         x15=00000010  x2:100015c8  PA:100015e4
15668682ns          262659 1c0084a2 00289513 slli             x10, x17, 0x2       x10=00000004 x17:00000001
15668702ns          262660 1c0084a6 02a7c533 div              x10, x15, x10       x10=00000004 x15:4000001f x10:00000004
15669339ns          262692 1c0084aa 00151313 slli             x6, x10, 0x1         x6=00000008 x10:00000004
15669359ns          262693 1c0084ae 40a30fb3 sub              x31, x6, x10        x31=00000004  x6:00000008 x10:00000004
15669379ns          262694 1c0084b2 006785b3 add              x11, x15, x6        x11=00000018 x15:00000010  x6:00000008
15669398ns          262695 1c0084b6 40a002b3 sub              x5, x0, x10          x5=fffffffc x10:00000004
15669418ns          262696 1c0084ba 02812683 lw               x13, 40(x2)         x13=10001754  x2:100015c8  PA:100015f0
15669438ns          262697 1c0084bc 00a00833 add              x16, x0, x10        x16=00000004 x10:00000004
15669478ns          262699 1c0084be 406003b3 sub              x7, x0, x6           x7=fffffff8  x6:00000008
15669518ns          262701 1c0084c2 00351f13 slli             x30, x10, 0x3       x30=00000020 x10:00000004
15669538ns          262702 1c0084c6 00259593 slli             x11, x11, 0x2       x11=00000060 x11:00000018
15669558ns          262703 1c0084c8 00229293 slli             x5, x5, 0x2          x5=fffffff0  x5:fffffffc
15669577ns          262704 1c0084ca 002f9f93 slli             x31, x31, 0x2       x31=00000010 x31:00000004
15669597ns          262705 1c0084cc 00600e33 add              x28, x0, x6         x28=00000008  x6:00000008
15669617ns          262706 1c0084ce 00251513 slli             x10, x10, 0x2       x10=00000010 x10:00000004
15669637ns          262707 1c0084d0 01030333 add              x6, x6, x16          x6=0000000c  x6:00000008 x16:00000004
15669657ns          262708 1c0084d2 00481493 slli             x9, x16, 0x4         x9=00000040 x16:00000004
15669677ns          262709 1c0084d6 00d585b3 add              x11, x11, x13       x11=100017b4 x11:00000060 x13:10001754
15669697ns          262710 1c0084d8 00239393 slli             x7, x7, 0x2          x7=ffffffe0  x7:fffffff8
15669717ns          262711 1c0084da 00000413 addi             x8, x0, 0            x8=00000000
15669737ns          262712 1c0084dc 00000e93 addi             x29, x0, 0          x29=00000000
15669756ns          262713 1c0084de ffc28293 addi             x5, x5, -4           x5=ffffffec  x5:fffffff0
15669776ns          262714 1c0084e0 ffcf0f13 addi             x30, x30, -4        x30=0000001c x30:00000020
15669796ns          262715 1c0084e2 ffcf8f93 addi             x31, x31, -4        x31=0000000c x31:00000010
15669816ns          262716 1c0084e4 0468c07b lp.setup         0x0, x17, 0x46      x17:00000001
15669836ns          262717 1c0084e8 050ed163 bge              x29, x16, 66        x29:00000000 x16:00000004
15669856ns          262718 1c0084ec ffc58993 addi             x19, x11, -4        x19=100017b0 x11:100017b4
15669896ns          262720 1c0084f0 00b28933 add              x18, x5, x11        x18=100017a0  x5:ffffffec x11:100017b4
15669936ns          262722 1c0084f4 41298933 sub              x18, x19, x18       x18=00000010 x19:100017b0 x18:100017a0
15669955ns          262723 1c0084f8 ffc90913 addi             x18, x18, -4        x18=0000000c x18:00000010
15669975ns          262724 1c0084fa 00295913 srli             x18, x18, 0x2       x18=00000003 x18:0000000c
15669995ns          262725 1c0084fe 00b38a33 add              x20, x7, x11        x20=10001794  x7:ffffffe0 x11:100017b4
15670015ns          262726 1c008502 00190913 addi             x18, x18, 1         x18=00000004 x18:00000003
15670035ns          262727 1c008504 012940fb lp.setup         0x1, x18, 0x12      x18:00000004
15670055ns          262728 1c008508 004a278b p.lw             x15, 4(x20!)        x15=00000010 x20=10001798 x20:10001794  PA:10001794
15670075ns          262729 1c00850c ffc9a70b p.lw             x14, -4(x19!)       x14=00000017 x19=100017ac x19:100017b0  PA:100017b0
15670115ns          262731 1c008510 00279793 slli             x15, x15, 0x2       x15=00000040 x15:00000010
15670134ns          262732 1c008512 00271713 slli             x14, x14, 0x2       x14=0000005c x14:00000017
15670154ns          262733 1c008514 017787b3 add              x15, x15, x23       x15=1000168c x15:00000040 x23:1000164c
15670174ns          262734 1c008516 01770733 add              x14, x14, x23       x14=100016a8 x14:0000005c x23:1000164c
15670194ns          262735 1c008518 0007a683 lw               x13, 0(x15)         x13=c082ef8e x15:1000168c  PA:1000168c
15670214ns          262736 1c00851a 00072603 lw               x12, 0(x14)         x12=c076b25e x14:100016a8  PA:100016a8
15670254ns          262738 1c00851c 08c6fad3 fsub.s           f21, f13, f12       f21=xxxxxxxx f13:c082ef8e f12:c076b25e
15670274ns          262739 1c008520 00c6f6d3 fadd.s           f13, f13, f12       f13=xxxxxxxx f13:c082ef8e f12:c076b25e
15670294ns          262740 1c008524 01572023 sw               x21, 0(x14)         x21:be72cbe0 x14:100016a8  PA:100016a8
15670313ns          262741 1c008528 00d7a023 sw               x13, 0(x15)         x13:c0fe48bd x15:1000168c  PA:1000168c
15670333ns          262742 1c008508 004a278b p.lw             x15, 4(x20!)        x15=00000011 x20=1000179c x20:10001798  PA:10001798
15670353ns          262743 1c00850c ffc9a70b p.lw             x14, -4(x19!)       x14=00000016 x19=100017a8 x19:100017ac  PA:100017ac
15670373ns          262744 1c008510 00279793 slli             x15, x15, 0x2       x15=00000044 x15:00000011
15670393ns          262745 1c008512 00271713 slli             x14, x14, 0x2       x14=00000058 x14:00000016
15670413ns          262746 1c008514 017787b3 add              x15, x15, x23       x15=10001690 x15:00000044 x23:1000164c
15670433ns          262747 1c008516 01770733 add              x14, x14, x23       x14=100016a4 x14:00000058 x23:1000164c
15670453ns          262748 1c008518 0007a683 lw               x13, 0(x15)         x13=c012846c x15:10001690  PA:10001690
15670473ns          262749 1c00851a 00072603 lw               x12, 0(x14)         x12=40ef0ded x14:100016a4  PA:100016a4
15670512ns          262751 1c00851c 08c6fad3 fsub.s           f21, f13, f12       f21=xxxxxxxx f13:c012846c f12:40ef0ded
15670532ns          262752 1c008520 00c6f6d3 fadd.s           f13, f13, f12       f13=xxxxxxxx f13:c012846c f12:40ef0ded
15670552ns          262753 1c008524 01572023 sw               x21, 0(x14)         x21:c11c2812 x14:100016a4  PA:100016a4
15670572ns          262754 1c008528 00d7a023 sw               x13, 0(x15)         x13:40a5cbb7 x15:10001690  PA:10001690
15670652ns          262758 1c008508 004a278b p.lw             x15, 4(x20!)        x15=00000012 x20=100017a0 x20:1000179c  PA:1000179c
15670671ns          262759 1c00850c ffc9a70b p.lw             x14, -4(x19!)       x14=00000015 x19=100017a4 x19:100017a8  PA:100017a8
15670691ns          262760 1c008510 00279793 slli             x15, x15, 0x2       x15=00000048 x15:00000012
15670711ns          262761 1c008512 00271713 slli             x14, x14, 0x2       x14=00000054 x14:00000015
15670731ns          262762 1c008514 017787b3 add              x15, x15, x23       x15=10001694 x15:00000048 x23:1000164c
15670751ns          262763 1c008516 01770733 add              x14, x14, x23       x14=100016a0 x14:00000054 x23:1000164c
15670771ns          262764 1c008518 0007a683 lw               x13, 0(x15)         x13=406eee92 x15:10001694  PA:10001694
15670791ns          262765 1c00851a 00072603 lw               x12, 0(x14)         x12=41195f23 x14:100016a0  PA:100016a0
15670831ns          262767 1c00851c 08c6fad3 fsub.s           f21, f13, f12       f21=xxxxxxxx f13:406eee92 f12:41195f23
15670850ns          262768 1c008520 00c6f6d3 fadd.s           f13, f13, f12       f13=xxxxxxxx f13:406eee92 f12:41195f23
15670870ns          262769 1c008524 01572023 sw               x21, 0(x14)         x21:c0bb46fd x14:100016a0  PA:100016a0
15670890ns          262770 1c008528 00d7a023 sw               x13, 0(x15)         x13:41551ac8 x15:10001694  PA:10001694
15670910ns          262771 1c008508 004a278b p.lw             x15, 4(x20!)        x15=00000013 x20=100017a4 x20:100017a0  PA:100017a0
15670930ns          262772 1c00850c ffc9a70b p.lw             x14, -4(x19!)       x14=00000014 x19=100017a0 x19:100017a4  PA:100017a4
15670950ns          262773 1c008510 00279793 slli             x15, x15, 0x2       x15=0000004c x15:00000013
15670970ns          262774 1c008512 00271713 slli             x14, x14, 0x2       x14=00000050 x14:00000014
15670990ns          262775 1c008514 017787b3 add              x15, x15, x23       x15=10001698 x15:0000004c x23:1000164c
15671010ns          262776 1c008516 01770733 add              x14, x14, x23       x14=1000169c x14:00000050 x23:1000164c
15671030ns          262777 1c008518 0007a683 lw               x13, 0(x15)         x13=c042d8f2 x15:10001698  PA:10001698
15671049ns          262778 1c00851a 00072603 lw               x12, 0(x14)         x12=3ff2e6fa x14:1000169c  PA:1000169c
15671089ns          262780 1c00851c 08c6fad3 fsub.s           f21, f13, f12       f21=xxxxxxxx f13:c042d8f2 f12:3ff2e6fa
15671109ns          262781 1c008520 00c6f6d3 fadd.s           f13, f13, f12       f13=xxxxxxxx f13:c042d8f2 f12:3ff2e6fa
15671129ns          262782 1c008524 01572023 sw               x21, 0(x14)         x21:c09e2638 x14:1000169c  PA:1000169c
15671149ns          262783 1c008528 00d7a023 sw               x13, 0(x15)         x13:bf92caea x15:10001698  PA:10001698
15671169ns          262784 1c00852a 026e5e63 bge              x28, x6, 60         x28:00000008  x6:0000000c
15671189ns          262785 1c00852e 41ff0933 sub              x18, x30, x31       x18=00000010 x30:0000001c x31:0000000c
15671209ns          262786 1c008532 ffc90913 addi             x18, x18, -4        x18=0000000c x18:00000010
15671228ns          262787 1c008534 00295913 srli             x18, x18, 0x2       x18=00000003 x18:0000000c
15671248ns          262788 1c008538 00bf0a33 add              x20, x30, x11       x20=100017d0 x30:0000001c x11:100017b4
15671268ns          262789 1c00853c 00b009b3 add              x19, x0, x11        x19=100017b4 x11:100017b4
15671288ns          262790 1c00853e 00190913 addi             x18, x18, 1         x18=00000004 x18:00000003
15671308ns          262791 1c008540 012940fb lp.setup         0x1, x18, 0x12      x18:00000004
15671348ns          262793 1c008544 ffca270b p.lw             x14, -4(x20!)       x14=0000001f x20=100017cc x20:100017d0  PA:100017d0
15671368ns          262794 1c008548 0049a78b p.lw             x15, 4(x19!)        x15=00000018 x19=100017b8 x19:100017b4  PA:100017b4
15671388ns          262795 1c00854c 00271713 slli             x14, x14, 0x2       x14=0000007c x14:0000001f
15671407ns          262796 1c00854e 00279793 slli             x15, x15, 0x2       x15=00000060 x15:00000018
15671447ns          262798 1c008550 01770733 add              x14, x14, x23       x14=100016c8 x14:0000007c x23:1000164c
15671467ns          262799 1c008552 017787b3 add              x15, x15, x23       x15=100016ac x15:00000060 x23:1000164c
15671487ns          262800 1c008554 00072683 lw               x13, 0(x14)         x13=4090d278 x14:100016c8  PA:100016c8
15671507ns          262801 1c008556 0007a603 lw               x12, 0(x15)         x12=3fb6c284 x15:100016ac  PA:100016ac
15671547ns          262803 1c008558 00c6fad3 fadd.s           f21, f13, f12       f21=xxxxxxxx f13:4090d278 f12:3fb6c284
15671567ns          262804 1c00855c 08c6f6d3 fsub.s           f13, f13, f12       f13=xxxxxxxx f13:4090d278 f12:3fb6c284
15671586ns          262805 1c008560 01572023 sw               x21, 0(x14)         x21:40be8319 x14:100016c8  PA:100016c8
15671626ns          262807 1c008564 00d7a023 sw               x13, 0(x15)         x13:404643ae x15:100016ac  PA:100016ac
15671646ns          262808 1c008544 ffca270b p.lw             x14, -4(x20!)       x14=0000001e x20=100017c8 x20:100017cc  PA:100017cc
15671666ns          262809 1c008548 0049a78b p.lw             x15, 4(x19!)        x15=00000019 x19=100017bc x19:100017b8  PA:100017b8
15671686ns          262810 1c00854c 00271713 slli             x14, x14, 0x2       x14=00000078 x14:0000001e
15671706ns          262811 1c00854e 00279793 slli             x15, x15, 0x2       x15=00000064 x15:00000019
15671726ns          262812 1c008550 01770733 add              x14, x14, x23       x14=100016c4 x14:00000078 x23:1000164c
15671746ns          262813 1c008552 017787b3 add              x15, x15, x23       x15=100016b0 x15:00000064 x23:1000164c
15671765ns          262814 1c008554 00072683 lw               x13, 0(x14)         x13=c049cfa6 x14:100016c4  PA:100016c4
15671785ns          262815 1c008556 0007a603 lw               x12, 0(x15)         x12=bf3ff0d4 x15:100016b0  PA:100016b0
15671825ns          262817 1c008558 00c6fad3 fadd.s           f21, f13, f12       f21=xxxxxxxx f13:c049cfa6 f12:bf3ff0d4
15671845ns          262818 1c00855c 08c6f6d3 fsub.s           f13, f13, f12       f13=xxxxxxxx f13:c049cfa6 f12:bf3ff0d4
15671865ns          262819 1c008560 01572023 sw               x21, 0(x14)         x21:c079cbdb x14:100016c4  PA:100016c4
15671885ns          262820 1c008564 00d7a023 sw               x13, 0(x15)         x13:c019d371 x15:100016b0  PA:100016b0
15671905ns          262821 1c008544 ffca270b p.lw             x14, -4(x20!)       x14=0000001d x20=100017c4 x20:100017c8  PA:100017c8
15671925ns          262822 1c008548 0049a78b p.lw             x15, 4(x19!)        x15=0000001a x19=100017c0 x19:100017bc  PA:100017bc
15671944ns          262823 1c00854c 00271713 slli             x14, x14, 0x2       x14=00000074 x14:0000001d
15671964ns          262824 1c00854e 00279793 slli             x15, x15, 0x2       x15=00000068 x15:0000001a
15671984ns          262825 1c008550 01770733 add              x14, x14, x23       x14=100016c0 x14:00000074 x23:1000164c
15672004ns          262826 1c008552 017787b3 add              x15, x15, x23       x15=100016b4 x15:00000068 x23:1000164c
15672024ns          262827 1c008554 00072683 lw               x13, 0(x14)         x13=40319bd3 x14:100016c0  PA:100016c0
15672044ns          262828 1c008556 0007a603 lw               x12, 0(x15)         x12=bf93ebe9 x15:100016b4  PA:100016b4
15672084ns          262830 1c008558 00c6fad3 fadd.s           f21, f13, f12       f21=xxxxxxxx f13:40319bd3 f12:bf93ebe9
15672104ns          262831 1c00855c 08c6f6d3 fsub.s           f13, f13, f12       f13=xxxxxxxx f13:40319bd3 f12:bf93ebe9
15672123ns          262832 1c008560 01572023 sw               x21, 0(x14)         x21:3fcf4bbd x14:100016c0  PA:100016c0
15672143ns          262833 1c008564 00d7a023 sw               x13, 0(x15)         x13:407b91c8 x15:100016b4  PA:100016b4
15672163ns          262834 1c008544 ffca270b p.lw             x14, -4(x20!)       x14=0000001c x20=100017c0 x20:100017c4  PA:100017c4
15672183ns          262835 1c008548 0049a78b p.lw             x15, 4(x19!)        x15=0000001b x19=100017c4 x19:100017c0  PA:100017c0
15672203ns          262836 1c00854c 00271713 slli             x14, x14, 0x2       x14=00000070 x14:0000001c
15672223ns          262837 1c00854e 00279793 slli             x15, x15, 0x2       x15=0000006c x15:0000001b
15672243ns          262838 1c008550 01770733 add              x14, x14, x23       x14=100016bc x14:00000070 x23:1000164c
15672263ns          262839 1c008552 017787b3 add              x15, x15, x23       x15=100016b8 x15:0000006c x23:1000164c
15672283ns          262840 1c008554 00072683 lw               x13, 0(x14)         x13=40c41a1e x14:100016bc  PA:100016bc
15672303ns          262841 1c008556 0007a603 lw               x12, 0(x15)         x12=c0377f28 x15:100016b8  PA:100016b8
15672342ns          262843 1c008558 00c6fad3 fadd.s           f21, f13, f12       f21=xxxxxxxx f13:40c41a1e f12:c0377f28
15672362ns          262844 1c00855c 08c6f6d3 fsub.s           f13, f13, f12       f13=xxxxxxxx f13:40c41a1e f12:c0377f28
15672382ns          262845 1c008560 01572023 sw               x21, 0(x14)         x21:4050b514 x14:100016bc  PA:100016bc
15672402ns          262846 1c008564 00d7a023 sw               x13, 0(x15)         x13:410fecd9 x15:100016b8  PA:100016b8
15672422ns          262847 1c008566 00ae8eb3 add              x29, x29, x10       x29=00000010 x29:00000000 x10:00000010
15672442ns          262848 1c008568 00140413 addi             x8, x8, 1            x8=00000001  x8:00000000
15672462ns          262849 1c00856a 00a80833 add              x16, x16, x10       x16=00000014 x16:00000004 x10:00000010
15672482ns          262850 1c00856c 00a30333 add              x6, x6, x10          x6=0000001c  x6:0000000c x10:00000010
15672501ns          262851 1c00856e 00ae0e33 add              x28, x28, x10       x28=00000018 x28:00000008 x10:00000010
15672521ns          262852 1c008570 009585b3 add              x11, x11, x9        x11=100017f4 x11:100017b4  x9:00000040
15672541ns          262853 1c008572 01c12703 lw               x14, 28(x2)         x14=00000010  x2:100015c8  PA:100015e4
15672561ns          262854 1c008574 00341f93 slli             x31, x8, 0x3        x31=00000008  x8:00000001
15672581ns          262855 1c008578 03f74a33 div              x20, x14, x31       x20=00000002 x14:100016bc x31:00000008
15673198ns          262886 1c00857c 001a1c93 slli             x25, x20, 0x1       x25=00000004 x20:00000002
15673217ns          262887 1c008580 014c89b3 add              x19, x25, x20       x19=00000006 x25:00000004 x20:00000002
15673237ns          262888 1c008584 014987b3 add              x15, x19, x20       x15=00000008 x19:00000006 x20:00000002
15673257ns          262889 1c008588 03812683 lw               x13, 56(x2)         x13=4000001f  x2:100015c8  PA:10001600
15673277ns          262890 1c00858a 00f12423 sw               x15, 8(x2)          x15:00000008  x2:100015c8  PA:100015d0
15673297ns          262891 1c00858c 01970db3 add              x27, x14, x25       x27=00000014 x14:00000010 x25:00000004
15673317ns          262892 1c008590 d0047753 fcvt.s.w         f14, x8             f14=xxxxxxxx  x8:00000001
15673357ns          262894 1c008594 00141793 slli             x15, x8, 0x1        x15=00000002  x8:00000001
15673377ns          262895 1c008598 41468d33 sub              x26, x13, x20       x26=4000001d x13:4000001f x20:00000002
15673397ns          262896 1c00859c 01da1493 slli             x9, x20, 0x1d        x9=40000000 x20:00000002
15673456ns          262899 1c0085a0 00812683 lw               x13, 8(x2)          x13=00000008  x2:100015c8  PA:100015d0
15673476ns          262900 1c0085a2 02f12623 sw               x15, 44(x2)         x15:00000002  x2:100015c8  PA:100015f4
15673496ns          262901 1c0085a4 414484b3 sub              x9, x9, x20          x9=3ffffffe  x9:40000000 x20:00000002
15673516ns          262902 1c0085a8 02c12b03 lw               x22, 44(x2)         x22=00000002  x2:100015c8  PA:100015f4
15673536ns          262903 1c0085aa 40d00933 sub              x18, x0, x13        x18=fffffff8 x13:00000008
15673556ns          262904 1c0085ae 00149493 slli             x9, x9, 0x1          x9=7ffffffc  x9:3ffffffe
15673595ns          262906 1c0085b0 00e12823 sw               x14, 16(x2)         x14:3f800000  x2:100015c8  PA:100015d8
15673635ns          262908 1c0085b2 00269713 slli             x14, x13, 0x2       x14=00000020 x13:00000008
15673655ns          262909 1c0085b6 02812683 lw               x13, 40(x2)         x13=10001754  x2:100015c8  PA:100015f0
15673675ns          262910 1c0085b8 002d9d93 slli             x27, x27, 0x2       x27=00000050 x27:00000014
15673695ns          262911 1c0085ba 002d1d13 slli             x26, x26, 0x2       x26=00000074 x26:4000001d
15673715ns          262912 1c0085bc 414002b3 sub              x5, x0, x20          x5=fffffffe x20:00000002
15673735ns          262913 1c0085c0 019484b3 add              x9, x9, x25          x9=80000000  x9:7ffffffc x25:00000004
15673774ns          262915 1c0085c2 414c87b3 sub              x15, x25, x20       x15=00000002 x25:00000004 x20:00000002
15673794ns          262916 1c0085c6 01640433 add              x8, x8, x22          x8=00000003  x8:00000001 x22:00000002
15673814ns          262917 1c0085c8 00dd8db3 add              x27, x27, x13       x27=100017a4 x27:00000050 x13:10001754
15673834ns          262918 1c0085ca 00dd0d33 add              x26, x26, x13       x26=100017c8 x26:00000074 x13:10001754
15673854ns          262919 1c0085cc 00249493 slli             x9, x9, 0x2          x9=00000000  x9:80000000
15673874ns          262920 1c0085ce 00e12a23 sw               x14, 20(x2)         x14:00000020  x2:100015c8  PA:100015dc
15673894ns          262921 1c0085d0 00229a93 slli             x21, x5, 0x2        x21=fffffff8  x5:fffffffe
15673914ns          262922 1c0085d4 00279793 slli             x15, x15, 0x2       x15=00000008 x15:00000002
15673934ns          262923 1c0085d6 419a0733 sub              x14, x20, x25       x14=fffffffe x20:00000002 x25:00000004
15673953ns          262924 1c0085da 00812623 sw               x8, 12(x2)           x8:00000003  x2:100015c8  PA:100015d4
15673973ns          262925 1c0085dc 02912023 sw               x9, 32(x2)           x9:00000000  x2:100015c8  PA:100015e8
15673993ns          262926 1c0085de 01b00433 add              x8, x0, x27          x8=100017a4 x27:100017a4
15674013ns          262927 1c0085e0 00291913 slli             x18, x18, 0x2       x18=ffffffe0 x18:fffffff8
15674033ns          262928 1c0085e2 01600db3 add              x27, x0, x22        x27=00000002 x22:00000002
15674053ns          262929 1c0085e4 02f12223 sw               x15, 36(x2)         x15:00000008  x2:100015c8  PA:100015ec
15674073ns          262930 1c0085e6 01a00b33 add              x22, x0, x26        x22=100017c8 x26:100017c8
15674093ns          262931 1c0085e8 00e12c23 sw               x14, 24(x2)         x14:fffffffe  x2:100015c8  PA:100015e0
15674113ns          262932 1c0085ea 01900d33 add              x26, x0, x25        x26=00000004 x25:00000004
15674132ns          262933 1c0085ec 015004b3 add              x9, x0, x21          x9=fffffff8 x21:fffffff8
15674152ns          262934 1c0085ee 01812783 lw               x15, 24(x2)         x15=fffffffe  x2:100015c8  PA:100015e0
15674172ns          262935 1c0085f0 00000713 addi             x14, x0, 0          x14=00000000
15674192ns          262936 1c0085f2 01a78ab3 add              x21, x15, x26       x21=00000002 x15:fffffffe x26:00000004
15674212ns          262937 1c0085f6 01b007b3 add              x15, x0, x27        x15=00000002 x27:00000002
15674232ns          262938 1c0085f8 00f006b3 add              x13, x0, x15        x13=00000002 x15:00000002
15674252ns          262939 1c0085fa fc1726b3 p.insert         x13, x14, 30, 1     x13=00000000 x13:00000002 x14:00000000
15674272ns          262940 1c0085fe 4017d793 srai             x15, x15, 0x401     x15=00000001 x15:00000002
15674292ns          262941 1c008600 00d00733 add              x14, x0, x13        x14=00000000 x13:00000000
15674311ns          262942 1c008602 fe079be3 bne              x15, x0, -10        x15:00000001
15674371ns          262945 1c0085f8 00f006b3 add              x13, x0, x15        x13=00000001 x15:00000001
15674391ns          262946 1c0085fa fc1726b3 p.insert         x13, x14, 30, 1     x13=00000001 x13:00000001 x14:00000000
15674411ns          262947 1c0085fe 4017d793 srai             x15, x15, 0x401     x15=00000000 x15:00000001
15674431ns          262948 1c008600 00d00733 add              x14, x0, x13        x14=00000001 x13:00000001
15674451ns          262949 1c008602 fe079be3 bne              x15, x0, -10        x15:00000000
15674471ns          262950 1c008604 1c0007b7 lui              x15, 0x1c000000     x15=1c000000
15674490ns          262951 1c008608 d006f753 fcvt.s.w         f14, x13            f14=xxxxxxxx x13:00000001
15674510ns          262952 1c00860c 01c78793 addi             x15, x15, 28        x15=1c00001c x15:1c000000
15674530ns          262953 1c008610 0007a783 lw               x15, 0(x15)         x15=3ec90fdb x15:1c00001c  PA:1c00001c
15674829ns          262968 1c008612 01012683 lw               x13, 16(x2)         x13=3f800000  x2:100015c8  PA:100015d8
15674849ns          262969 1c008614 10f77753 fmul.s           f14, f14, f15       f14=xxxxxxxx f14:3f800000 f15:3ec90fdb
15674868ns          262970 1c008618 18d77c53 fdiv.s           f24, f14, f13       f24=xxxxxxxx f14:3ec90fdb f13:3f800000
15675147ns          262984 1c00861c 01800533 add              x10, x0, x24        x10=3ec90fdb x24:3ec90fdb
15675167ns          262985 1c00861e 7f6000ef jal              x1, 2038             x1=1c008622
15675207ns          262987 1c008e14 a0a527d3 feq.s            x15, f10, f10       x15=00000001 f10:3ec90fdb f10:3ec90fdb
15675226ns          262988 1c008e18 0a078b63 beq              x15, x0, 182        x15:00000001
15675246ns          262989 1c008e1a e00517d3 fclass.s         x15, f10            x15=00000040 f10:3ec90fdb
15675306ns          262992 1c008e1e 0817f793 andi             x15, x15, 129       x15=00000000 x15:00000040
15675326ns          262993 1c008e22 0a079663 bne              x15, x0, 172        x15:00000000
15675346ns          262994 1c008e24 00000793 addi             x15, x0, 0          x15=00000000
15675366ns          262995 1c008e28 a0f517d3 flt.s            x15, f10, f15       x15=00000000 f10:3ec90fdb f15:00000000
15675386ns          262996 1c008e2c 0a079663 bne              x15, x0, 172        x15:00000000
15675405ns          262997 1c008e2e 1c000737 lui              x14, 0x1c000000     x14=1c000000
15675425ns          262998 1c008e32 16072783 lw               x15, 352(x14)       x15=40c90fdb x14:1c000000  PA:1c000160
15675764ns          263015 1c008e36 a0a797d3 flt.s            x15, f15, f10       x15=00000000 f15:40c90fdb f10:3ec90fdb
15675783ns          263016 1c008e3a 00078b63 beq              x15, x0, 22         x15:00000000
15675843ns          263019 1c008e50 00000793 addi             x15, x0, 0          x15=00000000
15675863ns          263020 1c008e54 a0f517d3 flt.s            x15, f10, f15       x15=00000000 f10:3ec90fdb f15:00000000
15675883ns          263021 1c008e58 08079a63 bne              x15, x0, 148        x15:00000000
15675903ns          263022 1c008e5a 1c0007b7 lui              x15, 0x1c000000     x15=1c000000
15675923ns          263023 1c008e5e 0207a783 lw               x15, 32(x15)        x15=3fc90fdb x15:1c000000  PA:1c000020
15676261ns          263040 1c008e62 a0f517d3 flt.s            x15, f10, f15       x15=00000001 f10:3ec90fdb f15:3fc90fdb
15676281ns          263041 1c008e66 02079563 bne              x15, x0, 42         x15:00000001
15676380ns          263046 1c008e90 10a57553 fmul.s           f10, f10, f10       f10=xxxxxxxx f10:3ec90fdb f10:3ec90fdb
15676420ns          263048 1c008e94 1c0007b7 lui              x15, 0x1c000000     x15=1c000000
15676440ns          263049 1c008e98 1c000737 lui              x14, 0x1c000000     x14=1c000000
15676460ns          263050 1c008e9c 16872703 lw               x14, 360(x14)       x14=bab59551 x14:1c000000  PA:1c000168
15676798ns          263067 1c008ea0 1647a783 lw               x15, 356(x15)       x15=37c23ab1 x15:1c000000  PA:1c000164
15677156ns          263085 1c008ea4 70f577c3 fmadd.s          f15, f10, f15, f14  f15=xxxxxxxx f10:3e1de9e7 f15:37c23ab1 f14:bab59551
15677176ns          263086 1c008ea8 1c000737 lui              x14, 0x1c000000     x14=1c000000
15677196ns          263087 1c008eac 16c72703 lw               x14, 364(x14)       x14=3d2aa76f x14:1c000000  PA:1c00016c
15677514ns          263103 1c008eb0 70f577c3 fmadd.s          f15, f10, f15, f14  f15=xxxxxxxx f10:3e1de9e7 f15:bab51d82 f14:3d2aa76f
15677534ns          263104 1c008eb4 1c000737 lui              x14, 0x1c000000     x14=1c000000
15677554ns          263105 1c008eb8 17072703 lw               x14, 368(x14)       x14=beffffe0 x14:1c000000  PA:1c000170
15677872ns          263121 1c008ebc 70f577c3 fmadd.s          f15, f10, f15, f14  f15=xxxxxxxx f10:3e1de9e7 f15:3d29c7fe f14:beffffe0
15677892ns          263122 1c008ec0 1c000737 lui              x14, 0x1c000000     x14=1c000000
15677912ns          263123 1c008ec4 19c72703 lw               x14, 412(x14)       x14=3f7fffff x14:1c000000  PA:1c00019c
15678230ns          263139 1c008ec8 70f57543 fmadd.s          f10, f10, f15, f14  f10=xxxxxxxx f10:3e1de9e7 f15:befcba0a f14:3f7fffff
15678250ns          263140 1c008ecc 00008067 jalr             x0, x1, 0            x1:1c008622
15678369ns          263146 1c008622 1c000737 lui              x14, 0x1c000000     x14=1c000000
15678389ns          263147 1c008626 02070713 addi             x14, x14, 32        x14=1c000020 x14:1c000000
15678409ns          263148 1c00862a 00072703 lw               x14, 0(x14)         x14=3fc90fdb x14:1c000020  PA:1c000020
15678707ns          263163 1c00862c 00a00cb3 add              x25, x0, x10        x25=3f6c835f x10:3f6c835f
15678727ns          263164 1c00862e 09877553 fsub.s           f10, f14, f24       f10=xxxxxxxx f14:3fc90fdb f24:3ec90fdb
15678747ns          263165 1c008632 7e2000ef jal              x1, 2018             x1=1c008636
15678787ns          263167 1c008e14 a0a527d3 feq.s            x15, f10, f10       x15=00000001 f10:3f96cbe4 f10:3f96cbe4
15678807ns          263168 1c008e18 0a078b63 beq              x15, x0, 182        x15:00000001
15678827ns          263169 1c008e1a e00517d3 fclass.s         x15, f10            x15=00000040 f10:3f96cbe4
15678847ns          263170 1c008e1e 0817f793 andi             x15, x15, 129       x15=00000000 x15:00000040
15678866ns          263171 1c008e22 0a079663 bne              x15, x0, 172        x15:00000000
15678886ns          263172 1c008e24 00000793 addi             x15, x0, 0          x15=00000000
15678906ns          263173 1c008e28 a0f517d3 flt.s            x15, f10, f15       x15=00000000 f10:3f96cbe4 f15:00000000
15678926ns          263174 1c008e2c 0a079663 bne              x15, x0, 172        x15:00000000
15678966ns          263176 1c008e2e 1c000737 lui              x14, 0x1c000000     x14=1c000000
15679006ns          263178 1c008e32 16072783 lw               x15, 352(x14)       x15=40c90fdb x14:1c000000  PA:1c000160
15679324ns          263194 1c008e36 a0a797d3 flt.s            x15, f15, f10       x15=00000000 f15:40c90fdb f10:3f96cbe4
15679344ns          263195 1c008e3a 00078b63 beq              x15, x0, 22         x15:00000000
15679404ns          263198 1c008e50 00000793 addi             x15, x0, 0          x15=00000000
15679423ns          263199 1c008e54 a0f517d3 flt.s            x15, f10, f15       x15=00000000 f10:3f96cbe4 f15:00000000
15679443ns          263200 1c008e58 08079a63 bne              x15, x0, 148        x15:00000000
15679463ns          263201 1c008e5a 1c0007b7 lui              x15, 0x1c000000     x15=1c000000
15679483ns          263202 1c008e5e 0207a783 lw               x15, 32(x15)        x15=3fc90fdb x15:1c000000  PA:1c000020
15679801ns          263218 1c008e62 a0f517d3 flt.s            x15, f10, f15       x15=00000001 f10:3f96cbe4 f15:3fc90fdb
15679821ns          263219 1c008e66 02079563 bne              x15, x0, 42         x15:00000001
15679881ns          263222 1c008e90 10a57553 fmul.s           f10, f10, f10       f10=xxxxxxxx f10:3f96cbe4 f10:3f96cbe4
15679901ns          263223 1c008e94 1c0007b7 lui              x15, 0x1c000000     x15=1c000000
15679921ns          263224 1c008e98 1c000737 lui              x14, 0x1c000000     x14=1c000000
15679941ns          263225 1c008e9c 16872703 lw               x14, 360(x14)       x14=bab59551 x14:1c000000  PA:1c000168
15680239ns          263240 1c008ea0 1647a783 lw               x15, 356(x15)       x15=37c23ab1 x15:1c000000  PA:1c000164
15680557ns          263256 1c008ea4 70f577c3 fmadd.s          f15, f10, f15, f14  f15=xxxxxxxx f10:3fb1a723 f15:37c23ab1 f14:bab59551
15680577ns          263257 1c008ea8 1c000737 lui              x14, 0x1c000000     x14=1c000000
15680597ns          263258 1c008eac 16c72703 lw               x14, 364(x14)       x14=3d2aa76f x14:1c000000  PA:1c00016c
15680915ns          263274 1c008eb0 70f577c3 fmadd.s          f15, f10, f15, f14  f15=xxxxxxxx f10:3fb1a723 f15:bab15f06 f14:3d2aa76f
15680935ns          263275 1c008eb4 1c000737 lui              x14, 0x1c000000     x14=1c000000
15680955ns          263276 1c008eb8 17072703 lw               x14, 368(x14)       x14=beffffe0 x14:1c000000  PA:1c000170
15681273ns          263292 1c008ebc 70f577c3 fmadd.s          f15, f10, f15, f14  f15=xxxxxxxx f10:3fb1a723 f15:3d22f607 f14:beffffe0
15681293ns          263293 1c008ec0 1c000737 lui              x14, 0x1c000000     x14=1c000000
15681313ns          263294 1c008ec4 19c72703 lw               x14, 412(x14)       x14=3f7fffff x14:1c000000  PA:1c00019c
15681631ns          263310 1c008ec8 70f57543 fmadd.s          f10, f10, f15, f14  f10=xxxxxxxx f10:3fb1a723 f15:bee3ba40 f14:3f7fffff
15681651ns          263311 1c008ecc 00008067 jalr             x0, x1, 0            x1:1c008636
15681711ns          263314 1c008636 05aad463 bge              x21, x26, 72        x21:00000002 x26:00000004
15681731ns          263315 1c00863a 02012783 lw               x15, 32(x2)         x15=00000000  x2:100015c8  PA:100015e8
15681751ns          263316 1c00863c 219c93d3 fsgnjn.s         f7, f25, f25         f7=xxxxxxxx f25:3f6c835f f25:3f6c835f
15681790ns          263318 1c008640 409788b3 sub              x17, x15, x9        x17=00000008 x15:00000000  x9:fffffff8
15681830ns          263320 1c008644 ffc88893 addi             x17, x17, -4        x17=00000004 x17:00000008
15681850ns          263321 1c008646 0028d893 srli             x17, x17, 0x2       x17=00000001 x17:00000004
15681870ns          263322 1c00864a 00848e33 add              x28, x9, x8         x28=1000179c  x9:fffffff8  x8:100017a4
15681890ns          263323 1c00864e 01600333 add              x6, x0, x22          x6=100017c8 x22:100017c8
15681930ns          263325 1c008650 00188893 addi             x17, x17, 1         x17=00000002 x17:00000001
15681969ns          263327 1c008652 0158c0fb lp.setup         0x1, x17, 0x15      x17:00000002
15681989ns          263328 1c008656 004e278b p.lw             x15, 4(x28!)        x15=00000012 x28=100017a0 x28:1000179c  PA:1000179c
15682009ns          263329 1c00865a ffc3270b p.lw             x14, -4(x6!)        x14=0000001d  x6=100017c4  x6:100017c8  PA:100017c8
15682029ns          263330 1c00865e 00279793 slli             x15, x15, 0x2       x15=00000048 x15:00000012
15682069ns          263332 1c008660 017787b3 add              x15, x15, x23       x15=10001694 x15:00000048 x23:1000164c
15682089ns          263333 1c008662 00271713 slli             x14, x14, 0x2       x14=00000074 x14:0000001d
15682109ns          263334 1c008664 0007a683 lw               x13, 0(x15)         x13=41551ac8 x15:10001694  PA:10001694
15682129ns          263335 1c008666 01770733 add              x14, x14, x23       x14=100016c0 x14:00000074 x23:1000164c
15682148ns          263336 1c008668 00072603 lw               x12, 0(x14)         x12=3fcf4bbd x14:100016c0  PA:100016c0
15682168ns          263337 1c00866a 10d57853 fmul.s           f16, f10, f13       f16=xxxxxxxx f10:3ec3ef16 f13:41551ac8
15682208ns          263339 1c00866e 10c575d3 fmul.s           f11, f10, f12       f11=xxxxxxxx f10:3ec3ef16 f12:3fcf4bbd
15682248ns          263341 1c008672 80ccf643 fmadd.s          f12, f25, f12, f16  f12=xxxxxxxx f25:3f6c835f f12:3fcf4bbd f16:40a31a6d
15682268ns          263342 1c008676 5876f6c3 fmadd.s          f13, f13, f7, f11   f13=xxxxxxxx f13:41551ac8  f7:bf6c835f f11:3f1ea84a
15682288ns          263343 1c00867a 00c72023 sw               x12, 0(x14)         x12:40d2fb7a x14:100016c0  PA:100016c0
15682308ns          263344 1c00867c 00d7a023 sw               x13, 0(x15)         x13:c13af788 x15:10001694  PA:10001694
15682347ns          263346 1c008656 004e278b p.lw             x15, 4(x28!)        x15=00000013 x28=100017a4 x28:100017a0  PA:100017a0
15682367ns          263347 1c00865a ffc3270b p.lw             x14, -4(x6!)        x14=0000001c  x6=100017c0  x6:100017c4  PA:100017c4
15682387ns          263348 1c00865e 00279793 slli             x15, x15, 0x2       x15=0000004c x15:00000013
15682407ns          263349 1c008660 017787b3 add              x15, x15, x23       x15=10001698 x15:0000004c x23:1000164c
15682427ns          263350 1c008662 00271713 slli             x14, x14, 0x2       x14=00000070 x14:0000001c
15682447ns          263351 1c008664 0007a683 lw               x13, 0(x15)         x13=bf92caea x15:10001698  PA:10001698
15682467ns          263352 1c008666 01770733 add              x14, x14, x23       x14=100016bc x14:00000070 x23:1000164c
15682487ns          263353 1c008668 00072603 lw               x12, 0(x14)         x12=4050b514 x14:100016bc  PA:100016bc
15682506ns          263354 1c00866a 10d57853 fmul.s           f16, f10, f13       f16=xxxxxxxx f10:3ec3ef16 f13:bf92caea
15682526ns          263355 1c00866e 10c575d3 fmul.s           f11, f10, f12       f11=xxxxxxxx f10:3ec3ef16 f12:4050b514
15682546ns          263356 1c008672 80ccf643 fmadd.s          f12, f25, f12, f16  f12=xxxxxxxx f25:3f6c835f f12:4050b514 f16:bee0b351
15682566ns          263357 1c008676 5876f6c3 fmadd.s          f13, f13, f7, f11   f13=xxxxxxxx f13:bf92caea  f7:bf6c835f f11:3f9fbcd9
15682586ns          263358 1c00867a 00c72023 sw               x12, 0(x14)         x12:4024bb9e x14:100016bc  PA:100016bc
15682606ns          263359 1c00867c 00d7a023 sw               x13, 0(x15)         x13:4013ad9f x15:10001698  PA:10001698
15682626ns          263360 1c00867e 053d5763 bge              x26, x19, 78        x26:00000004 x19:00000006
15682646ns          263361 1c008682 02412683 lw               x13, 36(x2)         x13=00000008  x2:100015c8  PA:100015ec
15682666ns          263362 1c008684 219c93d3 fsgnjn.s         f7, f25, f25         f7=xxxxxxxx f25:3f6c835f f25:3f6c835f
15682685ns          263363 1c008688 ffc68893 addi             x17, x13, -4        x17=00000004 x13:00000008
15682705ns          263364 1c00868c 0028d893 srli             x17, x17, 0x2       x17=00000001 x17:00000004
15682725ns          263365 1c008690 20a51ed3 fsgnjn.s         f29, f10, f10       f29=xxxxxxxx f10:3ec3ef16 f10:3ec3ef16
15682765ns          263367 1c008694 01648e33 add              x28, x9, x22        x28=100017c0  x9:fffffff8 x22:100017c8
15682785ns          263368 1c008698 00800333 add              x6, x0, x8           x6=100017a4  x8:100017a4
15682805ns          263369 1c00869a 00188893 addi             x17, x17, 1         x17=00000002 x17:00000001
15682825ns          263370 1c00869c 0178c0fb lp.setup         0x1, x17, 0x17      x17:00000002
15682865ns          263372 1c0086a0 0043278b p.lw             x15, 4(x6!)         x15=00000014  x6=100017a8  x6:100017a4  PA:100017a4
15682904ns          263374 1c0086a4 ffce270b p.lw             x14, -4(x28!)       x14=0000001b x28=100017bc x28:100017c0  PA:100017c0
15682924ns          263375 1c0086a8 00279793 slli             x15, x15, 0x2       x15=00000050 x15:00000014
15682944ns          263376 1c0086aa 00271713 slli             x14, x14, 0x2       x14=0000006c x14:0000001b
15682964ns          263377 1c0086ac 017787b3 add              x15, x15, x23       x15=1000169c x15:00000050 x23:1000164c
15682984ns          263378 1c0086ae 01770733 add              x14, x14, x23       x14=100016b8 x14:0000006c x23:1000164c
15683004ns          263379 1c0086b0 0007a683 lw               x13, 0(x15)         x13=c09e2638 x15:1000169c  PA:1000169c
15683024ns          263380 1c0086b2 00072603 lw               x12, 0(x14)         x12=410fecd9 x14:100016b8  PA:100016b8
15683044ns          263381 1c0086b4 1076f853 fmul.s           f16, f13, f7        f16=xxxxxxxx f13:c09e2638  f7:bf6c835f
15683063ns          263382 1c0086b8 20c615d3 fsgnjn.s         f11, f12, f12       f11=xxxxxxxx f12:410fecd9 f12:410fecd9
15683083ns          263383 1c0086bc 1195f5d3 fmul.s           f11, f11, f25       f11=xxxxxxxx f11:c10fecd9 f25:3f6c835f
15683143ns          263386 1c0086c0 80c57643 fmadd.s          f12, f10, f12, f16  f12=xxxxxxxx f10:3ec3ef16 f12:410fecd9 f16:40921c64
15683183ns          263388 1c0086c4 59d6f6c3 fmadd.s          f13, f13, f29, f11  f13=xxxxxxxx f13:c09e2638 f29:bec3ef16 f11:c104f834
15683203ns          263389 1c0086c8 00c72023 sw               x12, 0(x14)         x12:4100221c x14:100016b8  PA:100016b8
15683223ns          263390 1c0086ca 00d7a023 sw               x13, 0(x15)         x13:c0cd6b00 x15:1000169c  PA:1000169c
15683242ns          263391 1c0086a0 0043278b p.lw             x15, 4(x6!)         x15=00000015  x6=100017ac  x6:100017a8  PA:100017a8
15683262ns          263392 1c0086a4 ffce270b p.lw             x14, -4(x28!)       x14=0000001a x28=100017b8 x28:100017bc  PA:100017bc
15683282ns          263393 1c0086a8 00279793 slli             x15, x15, 0x2       x15=00000054 x15:00000015
15683302ns          263394 1c0086aa 00271713 slli             x14, x14, 0x2       x14=00000068 x14:0000001a
15683322ns          263395 1c0086ac 017787b3 add              x15, x15, x23       x15=100016a0 x15:00000054 x23:1000164c
15683342ns          263396 1c0086ae 01770733 add              x14, x14, x23       x14=100016b4 x14:00000068 x23:1000164c
15683362ns          263397 1c0086b0 0007a683 lw               x13, 0(x15)         x13=c0bb46fd x15:100016a0  PA:100016a0
15683382ns          263398 1c0086b2 00072603 lw               x12, 0(x14)         x12=407b91c8 x14:100016b4  PA:100016b4
15683402ns          263399 1c0086b4 1076f853 fmul.s           f16, f13, f7        f16=xxxxxxxx f13:c0bb46fd  f7:bf6c835f
15683421ns          263400 1c0086b8 20c615d3 fsgnjn.s         f11, f12, f12       f11=xxxxxxxx f12:407b91c8 f12:407b91c8
15683441ns          263401 1c0086bc 1195f5d3 fmul.s           f11, f11, f25       f11=xxxxxxxx f11:c07b91c8 f25:3f6c835f
15683461ns          263402 1c0086c0 80c57643 fmadd.s          f12, f10, f12, f16  f12=xxxxxxxx f10:3ec3ef16 f12:407b91c8 f16:40ad058c
15683481ns          263403 1c0086c4 59d6f6c3 fmadd.s          f13, f13, f29, f11  f13=xxxxxxxx f13:c0bb46fd f29:bec3ef16 f11:c0686b7d
15683501ns          263404 1c0086c8 00c72023 sw               x12, 0(x14)         x12:40dd284c x14:100016b4  PA:100016b4
15683521ns          263405 1c0086ca 00d7a023 sw               x13, 0(x15)         x13:bfb22b06 x15:100016a0  PA:100016a0
15683541ns          263406 1c0086cc 00812703 lw               x14, 8(x2)          x14=00000008  x2:100015c8  PA:100015d0
15683561ns          263407 1c0086ce 01412783 lw               x15, 20(x2)         x15=00000020  x2:100015c8  PA:100015dc
15683581ns          263408 1c0086d0 00c12683 lw               x13, 12(x2)         x13=00000003  x2:100015c8  PA:100015d4
15683600ns          263409 1c0086d2 00ed0d33 add              x26, x26, x14       x26=0000000c x26:00000004 x14:00000008
15683620ns          263410 1c0086d4 001d8d93 addi             x27, x27, 1         x27=00000003 x27:00000002
15683640ns          263411 1c0086d6 00f40433 add              x8, x8, x15          x8=100017c4  x8:100017a4 x15:00000020
15683660ns          263412 1c0086d8 012b0b33 add              x22, x22, x18       x22=100017a8 x22:100017c8 x18:ffffffe0
15683680ns          263413 1c0086da 014d09b3 add              x19, x26, x20       x19=0000000e x26:0000000c x20:00000002
15683700ns          263414 1c0086de f1b698e3 bne              x13, x27, -240      x13:00000003 x27:00000003
15683720ns          263415 1c0086e2 02c12883 lw               x17, 44(x2)         x17=00000002  x2:100015c8  PA:100015f4
15683740ns          263416 1c0086e4 03012703 lw               x14, 48(x2)         x14=00000004  x2:100015c8  PA:100015f8
15683779ns          263418 1c0086e6 dae8cde3 blt              x17, x14, -582      x17:00000002 x14:00000004
15683879ns          263423 1c0084a0 01c12783 lw               x15, 28(x2)         x15=00000010  x2:100015c8  PA:100015e4
15683919ns          263425 1c0084a2 00289513 slli             x10, x17, 0x2       x10=00000008 x17:00000002
15683939ns          263426 1c0084a6 02a7c533 div              x10, x15, x10       x10=00000002 x15:00000010 x10:00000008
15684555ns          263457 1c0084aa 00151313 slli             x6, x10, 0x1         x6=00000004 x10:00000002
15684575ns          263458 1c0084ae 40a30fb3 sub              x31, x6, x10        x31=00000002  x6:00000004 x10:00000002
15684595ns          263459 1c0084b2 006785b3 add              x11, x15, x6        x11=00000014 x15:00000010  x6:00000004
15684615ns          263460 1c0084b6 40a002b3 sub              x5, x0, x10          x5=fffffffe x10:00000002
15684635ns          263461 1c0084ba 02812683 lw               x13, 40(x2)         x13=10001754  x2:100015c8  PA:100015f0
15684655ns          263462 1c0084bc 00a00833 add              x16, x0, x10        x16=00000002 x10:00000002
15684694ns          263464 1c0084be 406003b3 sub              x7, x0, x6           x7=fffffffc  x6:00000004
15684734ns          263466 1c0084c2 00351f13 slli             x30, x10, 0x3       x30=00000010 x10:00000002
15684754ns          263467 1c0084c6 00259593 slli             x11, x11, 0x2       x11=00000050 x11:00000014
15684774ns          263468 1c0084c8 00229293 slli             x5, x5, 0x2          x5=fffffff8  x5:fffffffe
15684794ns          263469 1c0084ca 002f9f93 slli             x31, x31, 0x2       x31=00000008 x31:00000002
15684814ns          263470 1c0084cc 00600e33 add              x28, x0, x6         x28=00000004  x6:00000004
15684834ns          263471 1c0084ce 00251513 slli             x10, x10, 0x2       x10=00000008 x10:00000002
15684854ns          263472 1c0084d0 01030333 add              x6, x6, x16          x6=00000006  x6:00000004 x16:00000002
15684873ns          263473 1c0084d2 00481493 slli             x9, x16, 0x4         x9=00000020 x16:00000002
15684893ns          263474 1c0084d6 00d585b3 add              x11, x11, x13       x11=100017a4 x11:00000050 x13:10001754
15684913ns          263475 1c0084d8 00239393 slli             x7, x7, 0x2          x7=fffffff0  x7:fffffffc
15684933ns          263476 1c0084da 00000413 addi             x8, x0, 0            x8=00000000
15684953ns          263477 1c0084dc 00000e93 addi             x29, x0, 0          x29=00000000
15684973ns          263478 1c0084de ffc28293 addi             x5, x5, -4           x5=fffffff4  x5:fffffff8
15684993ns          263479 1c0084e0 ffcf0f13 addi             x30, x30, -4        x30=0000000c x30:00000010
15685013ns          263480 1c0084e2 ffcf8f93 addi             x31, x31, -4        x31=00000004 x31:00000008
15685033ns          263481 1c0084e4 0468c07b lp.setup         0x0, x17, 0x46      x17:00000002
15685052ns          263482 1c0084e8 050ed163 bge              x29, x16, 66        x29:00000000 x16:00000002
15685072ns          263483 1c0084ec ffc58993 addi             x19, x11, -4        x19=100017a0 x11:100017a4
15685112ns          263485 1c0084f0 00b28933 add              x18, x5, x11        x18=10001798  x5:fffffff4 x11:100017a4
15685152ns          263487 1c0084f4 41298933 sub              x18, x19, x18       x18=00000008 x19:100017a0 x18:10001798
15685172ns          263488 1c0084f8 ffc90913 addi             x18, x18, -4        x18=00000004 x18:00000008
15685192ns          263489 1c0084fa 00295913 srli             x18, x18, 0x2       x18=00000001 x18:00000004
15685251ns          263492 1c0084fe 00b38a33 add              x20, x7, x11        x20=10001794  x7:fffffff0 x11:100017a4
15685271ns          263493 1c008502 00190913 addi             x18, x18, 1         x18=00000002 x18:00000001
15685291ns          263494 1c008504 012940fb lp.setup         0x1, x18, 0x12      x18:00000002
15685311ns          263495 1c008508 004a278b p.lw             x15, 4(x20!)        x15=00000010 x20=10001798 x20:10001794  PA:10001794
15685331ns          263496 1c00850c ffc9a70b p.lw             x14, -4(x19!)       x14=00000013 x19=1000179c x19:100017a0  PA:100017a0
15685391ns          263499 1c008510 00279793 slli             x15, x15, 0x2       x15=00000040 x15:00000010
15685411ns          263500 1c008512 00271713 slli             x14, x14, 0x2       x14=0000004c x14:00000013
15685430ns          263501 1c008514 017787b3 add              x15, x15, x23       x15=1000168c x15:00000040 x23:1000164c
15685450ns          263502 1c008516 01770733 add              x14, x14, x23       x14=10001698 x14:0000004c x23:1000164c
15685470ns          263503 1c008518 0007a683 lw               x13, 0(x15)         x13=c0fe48bd x15:1000168c  PA:1000168c
15685490ns          263504 1c00851a 00072603 lw               x12, 0(x14)         x12=4013ad9f x14:10001698  PA:10001698
15685530ns          263506 1c00851c 08c6fad3 fsub.s           f21, f13, f12       f21=xxxxxxxx f13:c0fe48bd f12:4013ad9f
15685550ns          263507 1c008520 00c6f6d3 fadd.s           f13, f13, f12       f13=xxxxxxxx f13:c0fe48bd f12:4013ad9f
15685570ns          263508 1c008524 01572023 sw               x21, 0(x14)         x21:c1240fc6 x14:10001698  PA:10001698
15685590ns          263509 1c008528 00d7a023 sw               x13, 0(x15)         x13:c0b471ee x15:1000168c  PA:1000168c
15685609ns          263510 1c008508 004a278b p.lw             x15, 4(x20!)        x15=00000011 x20=1000179c x20:10001798  PA:10001798
15685629ns          263511 1c00850c ffc9a70b p.lw             x14, -4(x19!)       x14=00000012 x19=10001798 x19:1000179c  PA:1000179c
15685649ns          263512 1c008510 00279793 slli             x15, x15, 0x2       x15=00000044 x15:00000011
15685669ns          263513 1c008512 00271713 slli             x14, x14, 0x2       x14=00000048 x14:00000012
15685689ns          263514 1c008514 017787b3 add              x15, x15, x23       x15=10001690 x15:00000044 x23:1000164c
15685709ns          263515 1c008516 01770733 add              x14, x14, x23       x14=10001694 x14:00000048 x23:1000164c
15685729ns          263516 1c008518 0007a683 lw               x13, 0(x15)         x13=40a5cbb7 x15:10001690  PA:10001690
15685749ns          263517 1c00851a 00072603 lw               x12, 0(x14)         x12=c13af788 x14:10001694  PA:10001694
15685788ns          263519 1c00851c 08c6fad3 fsub.s           f21, f13, f12       f21=xxxxxxxx f13:40a5cbb7 f12:c13af788
15685808ns          263520 1c008520 00c6f6d3 fadd.s           f13, f13, f12       f13=xxxxxxxx f13:40a5cbb7 f12:c13af788
15685828ns          263521 1c008524 01572023 sw               x21, 0(x14)         x21:4186eeb2 x14:10001694  PA:10001694
15685848ns          263522 1c008528 00d7a023 sw               x13, 0(x15)         x13:c0d02359 x15:10001690  PA:10001690
15685868ns          263523 1c00852a 026e5e63 bge              x28, x6, 60         x28:00000004  x6:00000006
15685888ns          263524 1c00852e 41ff0933 sub              x18, x30, x31       x18=00000008 x30:0000000c x31:00000004
15685908ns          263525 1c008532 ffc90913 addi             x18, x18, -4        x18=00000004 x18:00000008
15685928ns          263526 1c008534 00295913 srli             x18, x18, 0x2       x18=00000001 x18:00000004
15685948ns          263527 1c008538 00bf0a33 add              x20, x30, x11       x20=100017b0 x30:0000000c x11:100017a4
15685967ns          263528 1c00853c 00b009b3 add              x19, x0, x11        x19=100017a4 x11:100017a4
15685987ns          263529 1c00853e 00190913 addi             x18, x18, 1         x18=00000002 x18:00000001
15686007ns          263530 1c008540 012940fb lp.setup         0x1, x18, 0x12      x18:00000002
15686027ns          263531 1c008544 ffca270b p.lw             x14, -4(x20!)       x14=00000017 x20=100017ac x20:100017b0  PA:100017b0
15686047ns          263532 1c008548 0049a78b p.lw             x15, 4(x19!)        x15=00000014 x19=100017a8 x19:100017a4  PA:100017a4
15686087ns          263534 1c00854c 00271713 slli             x14, x14, 0x2       x14=0000005c x14:00000017
15686107ns          263535 1c00854e 00279793 slli             x15, x15, 0x2       x15=00000050 x15:00000014
15686127ns          263536 1c008550 01770733 add              x14, x14, x23       x14=100016a8 x14:0000005c x23:1000164c
15686146ns          263537 1c008552 017787b3 add              x15, x15, x23       x15=1000169c x15:00000050 x23:1000164c
15686166ns          263538 1c008554 00072683 lw               x13, 0(x14)         x13=be72cbe0 x14:100016a8  PA:100016a8
15686206ns          263540 1c008556 0007a603 lw               x12, 0(x15)         x12=c0cd6b00 x15:1000169c  PA:1000169c
15686266ns          263543 1c008558 00c6fad3 fadd.s           f21, f13, f12       f21=xxxxxxxx f13:be72cbe0 f12:c0cd6b00
15686286ns          263544 1c00855c 08c6f6d3 fsub.s           f13, f13, f12       f13=xxxxxxxx f13:be72cbe0 f12:c0cd6b00
15686306ns          263545 1c008560 01572023 sw               x21, 0(x14)         x21:c0d5015f x14:100016a8  PA:100016a8
15686325ns          263546 1c008564 00d7a023 sw               x13, 0(x15)         x13:40c5d4a1 x15:1000169c  PA:1000169c
15686345ns          263547 1c008544 ffca270b p.lw             x14, -4(x20!)       x14=00000016 x20=100017a8 x20:100017ac  PA:100017ac
15686365ns          263548 1c008548 0049a78b p.lw             x15, 4(x19!)        x15=00000015 x19=100017ac x19:100017a8  PA:100017a8
15686385ns          263549 1c00854c 00271713 slli             x14, x14, 0x2       x14=00000058 x14:00000016
15686405ns          263550 1c00854e 00279793 slli             x15, x15, 0x2       x15=00000054 x15:00000015
15686425ns          263551 1c008550 01770733 add              x14, x14, x23       x14=100016a4 x14:00000058 x23:1000164c
15686445ns          263552 1c008552 017787b3 add              x15, x15, x23       x15=100016a0 x15:00000054 x23:1000164c
15686465ns          263553 1c008554 00072683 lw               x13, 0(x14)         x13=c11c2812 x14:100016a4  PA:100016a4
15686485ns          263554 1c008556 0007a603 lw               x12, 0(x15)         x12=bfb22b06 x15:100016a0  PA:100016a0
15686524ns          263556 1c008558 00c6fad3 fadd.s           f21, f13, f12       f21=xxxxxxxx f13:c11c2812 f12:bfb22b06
15686544ns          263557 1c00855c 08c6f6d3 fsub.s           f13, f13, f12       f13=xxxxxxxx f13:c11c2812 f12:bfb22b06
15686564ns          263558 1c008560 01572023 sw               x21, 0(x14)         x21:c1326d73 x14:100016a4  PA:100016a4
15686584ns          263559 1c008564 00d7a023 sw               x13, 0(x15)         x13:c105e2b1 x15:100016a0  PA:100016a0
15686604ns          263560 1c008566 00ae8eb3 add              x29, x29, x10       x29=00000008 x29:00000000 x10:00000008
15686624ns          263561 1c008568 00140413 addi             x8, x8, 1            x8=00000001  x8:00000000
15686644ns          263562 1c00856a 00a80833 add              x16, x16, x10       x16=0000000a x16:00000002 x10:00000008
15686664ns          263563 1c00856c 00a30333 add              x6, x6, x10          x6=0000000e  x6:00000006 x10:00000008
15686684ns          263564 1c00856e 00ae0e33 add              x28, x28, x10       x28=0000000c x28:00000004 x10:00000008
15686703ns          263565 1c008570 009585b3 add              x11, x11, x9        x11=100017c4 x11:100017a4  x9:00000020
15686763ns          263568 1c0084e8 050ed163 bge              x29, x16, 66        x29:00000008 x16:0000000a
15686803ns          263570 1c0084ec ffc58993 addi             x19, x11, -4        x19=100017c0 x11:100017c4
15686823ns          263571 1c0084f0 00b28933 add              x18, x5, x11        x18=100017b8  x5:fffffff4 x11:100017c4
15686843ns          263572 1c0084f4 41298933 sub              x18, x19, x18       x18=00000008 x19:100017c0 x18:100017b8
15686863ns          263573 1c0084f8 ffc90913 addi             x18, x18, -4        x18=00000004 x18:00000008
15686882ns          263574 1c0084fa 00295913 srli             x18, x18, 0x2       x18=00000001 x18:00000004
15686902ns          263575 1c0084fe 00b38a33 add              x20, x7, x11        x20=100017b4  x7:fffffff0 x11:100017c4
15686922ns          263576 1c008502 00190913 addi             x18, x18, 1         x18=00000002 x18:00000001
15686942ns          263577 1c008504 012940fb lp.setup         0x1, x18, 0x12      x18:00000002
15686962ns          263578 1c008508 004a278b p.lw             x15, 4(x20!)        x15=00000018 x20=100017b8 x20:100017b4  PA:100017b4
15686982ns          263579 1c00850c ffc9a70b p.lw             x14, -4(x19!)       x14=0000001b x19=100017bc x19:100017c0  PA:100017c0
15687002ns          263580 1c008510 00279793 slli             x15, x15, 0x2       x15=00000060 x15:00000018
15687022ns          263581 1c008512 00271713 slli             x14, x14, 0x2       x14=0000006c x14:0000001b
15687042ns          263582 1c008514 017787b3 add              x15, x15, x23       x15=100016ac x15:00000060 x23:1000164c
15687061ns          263583 1c008516 01770733 add              x14, x14, x23       x14=100016b8 x14:0000006c x23:1000164c
15687081ns          263584 1c008518 0007a683 lw               x13, 0(x15)         x13=404643ae x15:100016ac  PA:100016ac
15687101ns          263585 1c00851a 00072603 lw               x12, 0(x14)         x12=4100221c x14:100016b8  PA:100016b8
15687141ns          263587 1c00851c 08c6fad3 fsub.s           f21, f13, f12       f21=xxxxxxxx f13:404643ae f12:4100221c
15687161ns          263588 1c008520 00c6f6d3 fadd.s           f13, f13, f12       f13=xxxxxxxx f13:404643ae f12:4100221c
15687181ns          263589 1c008524 01572023 sw               x21, 0(x14)         x21:c09d2261 x14:100016b8  PA:100016b8
15687201ns          263590 1c008528 00d7a023 sw               x13, 0(x15)         x13:4131b308 x15:100016ac  PA:100016ac
15687221ns          263591 1c008508 004a278b p.lw             x15, 4(x20!)        x15=00000019 x20=100017bc x20:100017b8  PA:100017b8
15687240ns          263592 1c00850c ffc9a70b p.lw             x14, -4(x19!)       x14=0000001a x19=100017b8 x19:100017bc  PA:100017bc
15687260ns          263593 1c008510 00279793 slli             x15, x15, 0x2       x15=00000064 x15:00000019
15687280ns          263594 1c008512 00271713 slli             x14, x14, 0x2       x14=00000068 x14:0000001a
15687300ns          263595 1c008514 017787b3 add              x15, x15, x23       x15=100016b0 x15:00000064 x23:1000164c
15687320ns          263596 1c008516 01770733 add              x14, x14, x23       x14=100016b4 x14:00000068 x23:1000164c
15687340ns          263597 1c008518 0007a683 lw               x13, 0(x15)         x13=c019d371 x15:100016b0  PA:100016b0
15687360ns          263598 1c00851a 00072603 lw               x12, 0(x14)         x12=40dd284c x14:100016b4  PA:100016b4
15687400ns          263600 1c00851c 08c6fad3 fsub.s           f21, f13, f12       f21=xxxxxxxx f13:c019d371 f12:40dd284c
15687419ns          263601 1c008520 00c6f6d3 fadd.s           f13, f13, f12       f13=xxxxxxxx f13:c019d371 f12:40dd284c
15687439ns          263602 1c008524 01572023 sw               x21, 0(x14)         x21:c1150902 x14:100016b4  PA:100016b4
15687459ns          263603 1c008528 00d7a023 sw               x13, 0(x15)         x13:40903e94 x15:100016b0  PA:100016b0
15687479ns          263604 1c00852a 026e5e63 bge              x28, x6, 60         x28:0000000c  x6:0000000e
15687499ns          263605 1c00852e 41ff0933 sub              x18, x30, x31       x18=00000008 x30:0000000c x31:00000004
15687519ns          263606 1c008532 ffc90913 addi             x18, x18, -4        x18=00000004 x18:00000008
15687539ns          263607 1c008534 00295913 srli             x18, x18, 0x2       x18=00000001 x18:00000004
15687559ns          263608 1c008538 00bf0a33 add              x20, x30, x11       x20=100017d0 x30:0000000c x11:100017c4
15687579ns          263609 1c00853c 00b009b3 add              x19, x0, x11        x19=100017c4 x11:100017c4
15687598ns          263610 1c00853e 00190913 addi             x18, x18, 1         x18=00000002 x18:00000001
15687618ns          263611 1c008540 012940fb lp.setup         0x1, x18, 0x12      x18:00000002
15687638ns          263612 1c008544 ffca270b p.lw             x14, -4(x20!)       x14=0000001f x20=100017cc x20:100017d0  PA:100017d0
15687658ns          263613 1c008548 0049a78b p.lw             x15, 4(x19!)        x15=0000001c x19=100017c8 x19:100017c4  PA:100017c4
15687678ns          263614 1c00854c 00271713 slli             x14, x14, 0x2       x14=0000007c x14:0000001f
15687698ns          263615 1c00854e 00279793 slli             x15, x15, 0x2       x15=00000070 x15:0000001c
15687718ns          263616 1c008550 01770733 add              x14, x14, x23       x14=100016c8 x14:0000007c x23:1000164c
15687738ns          263617 1c008552 017787b3 add              x15, x15, x23       x15=100016bc x15:00000070 x23:1000164c
15687758ns          263618 1c008554 00072683 lw               x13, 0(x14)         x13=40be8319 x14:100016c8  PA:100016c8
15687778ns          263619 1c008556 0007a603 lw               x12, 0(x15)         x12=4024bb9e x15:100016bc  PA:100016bc
15687817ns          263621 1c008558 00c6fad3 fadd.s           f21, f13, f12       f21=xxxxxxxx f13:40be8319 f12:4024bb9e
15687837ns          263622 1c00855c 08c6f6d3 fsub.s           f13, f13, f12       f13=xxxxxxxx f13:40be8319 f12:4024bb9e
15687857ns          263623 1c008560 01572023 sw               x21, 0(x14)         x21:41087074 x14:100016c8  PA:100016c8
15687877ns          263624 1c008564 00d7a023 sw               x13, 0(x15)         x13:40584a94 x15:100016bc  PA:100016bc
15687897ns          263625 1c008544 ffca270b p.lw             x14, -4(x20!)       x14=0000001e x20=100017c8 x20:100017cc  PA:100017cc
15687917ns          263626 1c008548 0049a78b p.lw             x15, 4(x19!)        x15=0000001d x19=100017cc x19:100017c8  PA:100017c8
15687937ns          263627 1c00854c 00271713 slli             x14, x14, 0x2       x14=00000078 x14:0000001e
15687957ns          263628 1c00854e 00279793 slli             x15, x15, 0x2       x15=00000074 x15:0000001d
15687976ns          263629 1c008550 01770733 add              x14, x14, x23       x14=100016c4 x14:00000078 x23:1000164c
15687996ns          263630 1c008552 017787b3 add              x15, x15, x23       x15=100016c0 x15:00000074 x23:1000164c
15688016ns          263631 1c008554 00072683 lw               x13, 0(x14)         x13=c079cbdb x14:100016c4  PA:100016c4
15688036ns          263632 1c008556 0007a603 lw               x12, 0(x15)         x12=40d2fb7a x15:100016c0  PA:100016c0
15688076ns          263634 1c008558 00c6fad3 fadd.s           f21, f13, f12       f21=xxxxxxxx f13:c079cbdb f12:40d2fb7a
15688096ns          263635 1c00855c 08c6f6d3 fsub.s           f13, f13, f12       f13=xxxxxxxx f13:c079cbdb f12:40d2fb7a
15688116ns          263636 1c008560 01572023 sw               x21, 0(x14)         x21:402c2b19 x14:100016c4  PA:100016c4
15688136ns          263637 1c008564 00d7a023 sw               x13, 0(x15)         x13:c127f0b4 x15:100016c0  PA:100016c0
15688155ns          263638 1c008566 00ae8eb3 add              x29, x29, x10       x29=00000010 x29:00000008 x10:00000008
15688175ns          263639 1c008568 00140413 addi             x8, x8, 1            x8=00000002  x8:00000001
15688195ns          263640 1c00856a 00a80833 add              x16, x16, x10       x16=00000012 x16:0000000a x10:00000008
15688215ns          263641 1c00856c 00a30333 add              x6, x6, x10          x6=00000016  x6:0000000e x10:00000008
15688235ns          263642 1c00856e 00ae0e33 add              x28, x28, x10       x28=00000014 x28:0000000c x10:00000008
15688255ns          263643 1c008570 009585b3 add              x11, x11, x9        x11=100017e4 x11:100017c4  x9:00000020
15688275ns          263644 1c008572 01c12703 lw               x14, 28(x2)         x14=00000010  x2:100015c8  PA:100015e4
15688295ns          263645 1c008574 00341f93 slli             x31, x8, 0x3        x31=00000010  x8:00000002
15688315ns          263646 1c008578 03f74a33 div              x20, x14, x31       x20=00000001 x14:100016c4 x31:00000010
15688911ns          263676 1c00857c 001a1c93 slli             x25, x20, 0x1       x25=00000002 x20:00000001
15688931ns          263677 1c008580 014c89b3 add              x19, x25, x20       x19=00000003 x25:00000002 x20:00000001
15688951ns          263678 1c008584 014987b3 add              x15, x19, x20       x15=00000004 x19:00000003 x20:00000001
15688971ns          263679 1c008588 03812683 lw               x13, 56(x2)         x13=4000001f  x2:100015c8  PA:10001600
15688991ns          263680 1c00858a 00f12423 sw               x15, 8(x2)          x15:00000004  x2:100015c8  PA:100015d0
15689031ns          263682 1c00858c 01970db3 add              x27, x14, x25       x27=00000012 x14:00000010 x25:00000002
15689051ns          263683 1c008590 d0047753 fcvt.s.w         f14, x8             f14=xxxxxxxx  x8:00000002
15689070ns          263684 1c008594 00141793 slli             x15, x8, 0x1        x15=00000004  x8:00000002
15689090ns          263685 1c008598 41468d33 sub              x26, x13, x20       x26=4000001e x13:4000001f x20:00000001
15689110ns          263686 1c00859c 01da1493 slli             x9, x20, 0x1d        x9=20000000 x20:00000001
15689130ns          263687 1c0085a0 00812683 lw               x13, 8(x2)          x13=00000004  x2:100015c8  PA:100015d0
15689150ns          263688 1c0085a2 02f12623 sw               x15, 44(x2)         x15:00000004  x2:100015c8  PA:100015f4
15689170ns          263689 1c0085a4 414484b3 sub              x9, x9, x20          x9=1fffffff  x9:20000000 x20:00000001
15689190ns          263690 1c0085a8 02c12b03 lw               x22, 44(x2)         x22=00000004  x2:100015c8  PA:100015f4
15689210ns          263691 1c0085aa 40d00933 sub              x18, x0, x13        x18=fffffffc x13:00000004
15689230ns          263692 1c0085ae 00149493 slli             x9, x9, 0x1          x9=3ffffffe  x9:1fffffff
15689249ns          263693 1c0085b0 00e12823 sw               x14, 16(x2)         x14:40000000  x2:100015c8  PA:100015d8
15689269ns          263694 1c0085b2 00269713 slli             x14, x13, 0x2       x14=00000010 x13:00000004
15689289ns          263695 1c0085b6 02812683 lw               x13, 40(x2)         x13=10001754  x2:100015c8  PA:100015f0
15689309ns          263696 1c0085b8 002d9d93 slli             x27, x27, 0x2       x27=00000048 x27:00000012
15689329ns          263697 1c0085ba 002d1d13 slli             x26, x26, 0x2       x26=00000078 x26:4000001e
15689349ns          263698 1c0085bc 414002b3 sub              x5, x0, x20          x5=ffffffff x20:00000001
15689369ns          263699 1c0085c0 019484b3 add              x9, x9, x25          x9=40000000  x9:3ffffffe x25:00000002
15689409ns          263701 1c0085c2 414c87b3 sub              x15, x25, x20       x15=00000001 x25:00000002 x20:00000001
15689428ns          263702 1c0085c6 01640433 add              x8, x8, x22          x8=00000006  x8:00000002 x22:00000004
15689448ns          263703 1c0085c8 00dd8db3 add              x27, x27, x13       x27=1000179c x27:00000048 x13:10001754
15689468ns          263704 1c0085ca 00dd0d33 add              x26, x26, x13       x26=100017cc x26:00000078 x13:10001754
15689488ns          263705 1c0085cc 00249493 slli             x9, x9, 0x2          x9=00000000  x9:40000000
15689508ns          263706 1c0085ce 00e12a23 sw               x14, 20(x2)         x14:00000010  x2:100015c8  PA:100015dc
15689528ns          263707 1c0085d0 00229a93 slli             x21, x5, 0x2        x21=fffffffc  x5:ffffffff
15689548ns          263708 1c0085d4 00279793 slli             x15, x15, 0x2       x15=00000004 x15:00000001
15689568ns          263709 1c0085d6 419a0733 sub              x14, x20, x25       x14=ffffffff x20:00000001 x25:00000002
15689588ns          263710 1c0085da 00812623 sw               x8, 12(x2)           x8:00000006  x2:100015c8  PA:100015d4
15689607ns          263711 1c0085dc 02912023 sw               x9, 32(x2)           x9:00000000  x2:100015c8  PA:100015e8
15689627ns          263712 1c0085de 01b00433 add              x8, x0, x27          x8=1000179c x27:1000179c
15689647ns          263713 1c0085e0 00291913 slli             x18, x18, 0x2       x18=fffffff0 x18:fffffffc
15689667ns          263714 1c0085e2 01600db3 add              x27, x0, x22        x27=00000004 x22:00000004
15689687ns          263715 1c0085e4 02f12223 sw               x15, 36(x2)         x15:00000004  x2:100015c8  PA:100015ec
15689707ns          263716 1c0085e6 01a00b33 add              x22, x0, x26        x22=100017cc x26:100017cc
15689727ns          263717 1c0085e8 00e12c23 sw               x14, 24(x2)         x14:ffffffff  x2:100015c8  PA:100015e0
15689747ns          263718 1c0085ea 01900d33 add              x26, x0, x25        x26=00000002 x25:00000002
15689767ns          263719 1c0085ec 015004b3 add              x9, x0, x21          x9=fffffffc x21:fffffffc
15689786ns          263720 1c0085ee 01812783 lw               x15, 24(x2)         x15=ffffffff  x2:100015c8  PA:100015e0
15689806ns          263721 1c0085f0 00000713 addi             x14, x0, 0          x14=00000000
15689826ns          263722 1c0085f2 01a78ab3 add              x21, x15, x26       x21=00000001 x15:ffffffff x26:00000002
15689846ns          263723 1c0085f6 01b007b3 add              x15, x0, x27        x15=00000004 x27:00000004
15689866ns          263724 1c0085f8 00f006b3 add              x13, x0, x15        x13=00000004 x15:00000004
15689886ns          263725 1c0085fa fc1726b3 p.insert         x13, x14, 30, 1     x13=00000000 x13:00000004 x14:00000000
15689906ns          263726 1c0085fe 4017d793 srai             x15, x15, 0x401     x15=00000002 x15:00000004
15689926ns          263727 1c008600 00d00733 add              x14, x0, x13        x14=00000000 x13:00000000
15689946ns          263728 1c008602 fe079be3 bne              x15, x0, -10        x15:00000002
15690005ns          263731 1c0085f8 00f006b3 add              x13, x0, x15        x13=00000002 x15:00000002
15690025ns          263732 1c0085fa fc1726b3 p.insert         x13, x14, 30, 1     x13=00000000 x13:00000002 x14:00000000
15690045ns          263733 1c0085fe 4017d793 srai             x15, x15, 0x401     x15=00000001 x15:00000002
15690065ns          263734 1c008600 00d00733 add              x14, x0, x13        x14=00000000 x13:00000000
15690085ns          263735 1c008602 fe079be3 bne              x15, x0, -10        x15:00000001
15690204ns          263741 1c0085f8 00f006b3 add              x13, x0, x15        x13=00000001 x15:00000001
15690224ns          263742 1c0085fa fc1726b3 p.insert         x13, x14, 30, 1     x13=00000001 x13:00000001 x14:00000000
15690244ns          263743 1c0085fe 4017d793 srai             x15, x15, 0x401     x15=00000000 x15:00000001
15690264ns          263744 1c008600 00d00733 add              x14, x0, x13        x14=00000001 x13:00000001
15690284ns          263745 1c008602 fe079be3 bne              x15, x0, -10        x15:00000000
15690304ns          263746 1c008604 1c0007b7 lui              x15, 0x1c000000     x15=1c000000
15690324ns          263747 1c008608 d006f753 fcvt.s.w         f14, x13            f14=xxxxxxxx x13:00000001
15690343ns          263748 1c00860c 01c78793 addi             x15, x15, 28        x15=1c00001c x15:1c000000
15690363ns          263749 1c008610 0007a783 lw               x15, 0(x15)         x15=3ec90fdb x15:1c00001c  PA:1c00001c
15690662ns          263764 1c008612 01012683 lw               x13, 16(x2)         x13=40000000  x2:100015c8  PA:100015d8
15690682ns          263765 1c008614 10f77753 fmul.s           f14, f14, f15       f14=xxxxxxxx f14:3f800000 f15:3ec90fdb
15690701ns          263766 1c008618 18d77c53 fdiv.s           f24, f14, f13       f24=xxxxxxxx f14:3ec90fdb f13:40000000
15691179ns          263790 1c00861c 01800533 add              x10, x0, x24        x10=3e490fdb x24:3e490fdb
15691199ns          263791 1c00861e 7f6000ef jal              x1, 2038             x1=1c008622
15691239ns          263793 1c008e14 a0a527d3 feq.s            x15, f10, f10       x15=00000001 f10:3e490fdb f10:3e490fdb
15691258ns          263794 1c008e18 0a078b63 beq              x15, x0, 182        x15:00000001
15691278ns          263795 1c008e1a e00517d3 fclass.s         x15, f10            x15=00000040 f10:3e490fdb
15691358ns          263799 1c008e1e 0817f793 andi             x15, x15, 129       x15=00000000 x15:00000040
15691378ns          263800 1c008e22 0a079663 bne              x15, x0, 172        x15:00000000
15691398ns          263801 1c008e24 00000793 addi             x15, x0, 0          x15=00000000
15691418ns          263802 1c008e28 a0f517d3 flt.s            x15, f10, f15       x15=00000000 f10:3e490fdb f15:00000000
15691437ns          263803 1c008e2c 0a079663 bne              x15, x0, 172        x15:00000000
15691457ns          263804 1c008e2e 1c000737 lui              x14, 0x1c000000     x14=1c000000
15691477ns          263805 1c008e32 16072783 lw               x15, 352(x14)       x15=40c90fdb x14:1c000000  PA:1c000160
15691795ns          263821 1c008e36 a0a797d3 flt.s            x15, f15, f10       x15=00000000 f15:40c90fdb f10:3e490fdb
15691815ns          263822 1c008e3a 00078b63 beq              x15, x0, 22         x15:00000000
15691915ns          263827 1c008e50 00000793 addi             x15, x0, 0          x15=00000000
15691955ns          263829 1c008e54 a0f517d3 flt.s            x15, f10, f15       x15=00000000 f10:3e490fdb f15:00000000
15691974ns          263830 1c008e58 08079a63 bne              x15, x0, 148        x15:00000000
15691994ns          263831 1c008e5a 1c0007b7 lui              x15, 0x1c000000     x15=1c000000
15692054ns          263834 1c008e5e 0207a783 lw               x15, 32(x15)        x15=3fc90fdb x15:1c000000  PA:1c000020
15692392ns          263851 1c008e62 a0f517d3 flt.s            x15, f10, f15       x15=00000001 f10:3e490fdb f15:3fc90fdb
15692412ns          263852 1c008e66 02079563 bne              x15, x0, 42         x15:00000001
15692571ns          263860 1c008e90 10a57553 fmul.s           f10, f10, f10       f10=xxxxxxxx f10:3e490fdb f10:3e490fdb
15692611ns          263862 1c008e94 1c0007b7 lui              x15, 0x1c000000     x15=1c000000
15692631ns          263863 1c008e98 1c000737 lui              x14, 0x1c000000     x14=1c000000
15692651ns          263864 1c008e9c 16872703 lw               x14, 360(x14)       x14=bab59551 x14:1c000000  PA:1c000168
15693009ns          263882 1c008ea0 1647a783 lw               x15, 356(x15)       x15=37c23ab1 x15:1c000000  PA:1c000164
15693327ns          263898 1c008ea4 70f577c3 fmadd.s          f15, f10, f15, f14  f15=xxxxxxxx f10:3d1de9e7 f15:37c23ab1 f14:bab59551
15693347ns          263899 1c008ea8 1c000737 lui              x14, 0x1c000000     x14=1c000000
15693367ns          263900 1c008eac 16c72703 lw               x14, 364(x14)       x14=3d2aa76f x14:1c000000  PA:1c00016c
15693685ns          263916 1c008eb0 70f577c3 fmadd.s          f15, f10, f15, f14  f15=xxxxxxxx f10:3d1de9e7 f15:bab5775d f14:3d2aa76f
15693705ns          263917 1c008eb4 1c000737 lui              x14, 0x1c000000     x14=1c000000
15693725ns          263918 1c008eb8 17072703 lw               x14, 368(x14)       x14=beffffe0 x14:1c000000  PA:1c000170
15694063ns          263935 1c008ebc 70f577c3 fmadd.s          f15, f10, f15, f14  f15=xxxxxxxx f10:3d1de9e7 f15:3d2a6f77 f14:beffffe0
15694083ns          263936 1c008ec0 1c000737 lui              x14, 0x1c000000     x14=1c000000
15694103ns          263937 1c008ec4 19c72703 lw               x14, 412(x14)       x14=3f7fffff x14:1c000000  PA:1c00019c
15694441ns          263954 1c008ec8 70f57543 fmadd.s          f10, f10, f15, f14  f10=xxxxxxxx f10:3d1de9e7 f15:beff2d9c f14:3f7fffff
15694461ns          263955 1c008ecc 00008067 jalr             x0, x1, 0            x1:1c008622
15694520ns          263958 1c008622 1c000737 lui              x14, 0x1c000000     x14=1c000000
15694540ns          263959 1c008626 02070713 addi             x14, x14, 32        x14=1c000020 x14:1c000000
15694560ns          263960 1c00862a 00072703 lw               x14, 0(x14)         x14=3fc90fdb x14:1c000020  PA:1c000020
15694859ns          263975 1c00862c 00a00cb3 add              x25, x0, x10        x25=3f7b14be x10:3f7b14be
15694879ns          263976 1c00862e 09877553 fsub.s           f10, f14, f24       f10=xxxxxxxx f14:3fc90fdb f24:3e490fdb
15694898ns          263977 1c008632 7e2000ef jal              x1, 2018             x1=1c008636
15694938ns          263979 1c008e14 a0a527d3 feq.s            x15, f10, f10       x15=00000001 f10:3fafede0 f10:3fafede0
15694958ns          263980 1c008e18 0a078b63 beq              x15, x0, 182        x15:00000001
15694978ns          263981 1c008e1a e00517d3 fclass.s         x15, f10            x15=00000040 f10:3fafede0
15695038ns          263984 1c008e1e 0817f793 andi             x15, x15, 129       x15=00000000 x15:00000040
15695058ns          263985 1c008e22 0a079663 bne              x15, x0, 172        x15:00000000
15695077ns          263986 1c008e24 00000793 addi             x15, x0, 0          x15=00000000
15695097ns          263987 1c008e28 a0f517d3 flt.s            x15, f10, f15       x15=00000000 f10:3fafede0 f15:00000000
15695117ns          263988 1c008e2c 0a079663 bne              x15, x0, 172        x15:00000000
15695137ns          263989 1c008e2e 1c000737 lui              x14, 0x1c000000     x14=1c000000
15695157ns          263990 1c008e32 16072783 lw               x15, 352(x14)       x15=40c90fdb x14:1c000000  PA:1c000160
15695475ns          264006 1c008e36 a0a797d3 flt.s            x15, f15, f10       x15=00000000 f15:40c90fdb f10:3fafede0
15695495ns          264007 1c008e3a 00078b63 beq              x15, x0, 22         x15:00000000
15695555ns          264010 1c008e50 00000793 addi             x15, x0, 0          x15=00000000
15695575ns          264011 1c008e54 a0f517d3 flt.s            x15, f10, f15       x15=00000000 f10:3fafede0 f15:00000000
15695595ns          264012 1c008e58 08079a63 bne              x15, x0, 148        x15:00000000
15695614ns          264013 1c008e5a 1c0007b7 lui              x15, 0x1c000000     x15=1c000000
15695634ns          264014 1c008e5e 0207a783 lw               x15, 32(x15)        x15=3fc90fdb x15:1c000000  PA:1c000020
15695953ns          264030 1c008e62 a0f517d3 flt.s            x15, f10, f15       x15=00000001 f10:3fafede0 f15:3fc90fdb
15695973ns          264031 1c008e66 02079563 bne              x15, x0, 42         x15:00000001
15696032ns          264034 1c008e90 10a57553 fmul.s           f10, f10, f10       f10=xxxxxxxx f10:3fafede0 f10:3fafede0
15696052ns          264035 1c008e94 1c0007b7 lui              x15, 0x1c000000     x15=1c000000
15696072ns          264036 1c008e98 1c000737 lui              x14, 0x1c000000     x14=1c000000
15696092ns          264037 1c008e9c 16872703 lw               x14, 360(x14)       x14=bab59551 x14:1c000000  PA:1c000168
15696450ns          264055 1c008ea0 1647a783 lw               x15, 356(x15)       x15=37c23ab1 x15:1c000000  PA:1c000164
15696788ns          264072 1c008ea4 70f577c3 fmadd.s          f15, f10, f15, f14  f15=xxxxxxxx f10:3ff1ce2b f15:37c23ab1 f14:bab59551
15696808ns          264073 1c008ea8 1c000737 lui              x14, 0x1c000000     x14=1c000000
15696828ns          264074 1c008eac 16c72703 lw               x14, 364(x14)       x14=3d2aa76f x14:1c000000  PA:1c00016c
15697146ns          264090 1c008eb0 70f577c3 fmadd.s          f15, f10, f15, f14  f15=xxxxxxxx f10:3ff1ce2b f15:baafd9a4 f14:3d2aa76f
15697166ns          264091 1c008eb4 1c000737 lui              x14, 0x1c000000     x14=1c000000
15697186ns          264092 1c008eb8 17072703 lw               x14, 368(x14)       x14=beffffe0 x14:1c000000  PA:1c000170
15697524ns          264109 1c008ebc 70f577c3 fmadd.s          f15, f10, f15, f14  f15=xxxxxxxx f10:3ff1ce2b f15:3d2045d7 f14:beffffe0
15697544ns          264110 1c008ec0 1c000737 lui              x14, 0x1c000000     x14=1c000000
15697564ns          264111 1c008ec4 19c72703 lw               x14, 412(x14)       x14=3f7fffff x14:1c000000  PA:1c00019c
15697882ns          264127 1c008ec8 70f57543 fmadd.s          f10, f10, f15, f14  f10=xxxxxxxx f10:3ff1ce2b f15:beda272b f14:3f7fffff
15697902ns          264128 1c008ecc 00008067 jalr             x0, x1, 0            x1:1c008636
15697962ns          264131 1c008636 05aad463 bge              x21, x26, 72        x21:00000001 x26:00000002
15697981ns          264132 1c00863a 02012783 lw               x15, 32(x2)         x15=00000000  x2:100015c8  PA:100015e8
15698001ns          264133 1c00863c 219c93d3 fsgnjn.s         f7, f25, f25         f7=xxxxxxxx f25:3f7b14be f25:3f7b14be
15698041ns          264135 1c008640 409788b3 sub              x17, x15, x9        x17=00000004 x15:00000000  x9:fffffffc
15698081ns          264137 1c008644 ffc88893 addi             x17, x17, -4        x17=00000000 x17:00000004
15698101ns          264138 1c008646 0028d893 srli             x17, x17, 0x2       x17=00000000 x17:00000000
15698121ns          264139 1c00864a 00848e33 add              x28, x9, x8         x28=10001798  x9:fffffffc  x8:1000179c
15698141ns          264140 1c00864e 01600333 add              x6, x0, x22          x6=100017cc x22:100017cc
15698180ns          264142 1c008650 00188893 addi             x17, x17, 1         x17=00000001 x17:00000000
15698220ns          264144 1c008652 0158c0fb lp.setup         0x1, x17, 0x15      x17:00000001
15698240ns          264145 1c008656 004e278b p.lw             x15, 4(x28!)        x15=00000011 x28=1000179c x28:10001798  PA:10001798
15698260ns          264146 1c00865a ffc3270b p.lw             x14, -4(x6!)        x14=0000001e  x6=100017c8  x6:100017cc  PA:100017cc
15698280ns          264147 1c00865e 00279793 slli             x15, x15, 0x2       x15=00000044 x15:00000011
15698320ns          264149 1c008660 017787b3 add              x15, x15, x23       x15=10001690 x15:00000044 x23:1000164c
15698340ns          264150 1c008662 00271713 slli             x14, x14, 0x2       x14=00000078 x14:0000001e
15698359ns          264151 1c008664 0007a683 lw               x13, 0(x15)         x13=c0d02359 x15:10001690  PA:10001690
15698379ns          264152 1c008666 01770733 add              x14, x14, x23       x14=100016c4 x14:00000078 x23:1000164c
15698399ns          264153 1c008668 00072603 lw               x12, 0(x14)         x12=402c2b19 x14:100016c4  PA:100016c4
15698419ns          264154 1c00866a 10d57853 fmul.s           f16, f10, f13       f16=xxxxxxxx f10:3e47c5bd f13:c0d02359
15698439ns          264155 1c00866e 10c575d3 fmul.s           f11, f10, f12       f11=xxxxxxxx f10:3e47c5bd f12:402c2b19
15698459ns          264156 1c008672 80ccf643 fmadd.s          f12, f25, f12, f16  f12=xxxxxxxx f25:3f7b14be f12:402c2b19 f16:bfa26c3f
15698479ns          264157 1c008676 5876f6c3 fmadd.s          f13, f13, f7, f11   f13=xxxxxxxx f13:c0d02359  f7:bf7b14be f11:3f065a7d
15698499ns          264158 1c00867a 00c72023 sw               x12, 0(x14)         x12:3faf4c2a x14:100016c4  PA:100016c4
15698519ns          264159 1c00867c 00d7a023 sw               x13, 0(x15)         x13:40dceed5 x15:10001690  PA:10001690
15698538ns          264160 1c00867e 053d5763 bge              x26, x19, 78        x26:00000002 x19:00000003
15698558ns          264161 1c008682 02412683 lw               x13, 36(x2)         x13=00000004  x2:100015c8  PA:100015ec
15698578ns          264162 1c008684 219c93d3 fsgnjn.s         f7, f25, f25         f7=xxxxxxxx f25:3f7b14be f25:3f7b14be
15698598ns          264163 1c008688 ffc68893 addi             x17, x13, -4        x17=00000000 x13:00000004
15698618ns          264164 1c00868c 0028d893 srli             x17, x17, 0x2       x17=00000000 x17:00000000
15698658ns          264166 1c008690 20a51ed3 fsgnjn.s         f29, f10, f10       f29=xxxxxxxx f10:3e47c5bd f10:3e47c5bd
15698698ns          264168 1c008694 01648e33 add              x28, x9, x22        x28=100017c8  x9:fffffffc x22:100017cc
15698717ns          264169 1c008698 00800333 add              x6, x0, x8           x6=1000179c  x8:1000179c
15698737ns          264170 1c00869a 00188893 addi             x17, x17, 1         x17=00000001 x17:00000000
15698757ns          264171 1c00869c 0178c0fb lp.setup         0x1, x17, 0x17      x17:00000001
15698777ns          264172 1c0086a0 0043278b p.lw             x15, 4(x6!)         x15=00000012  x6=100017a0  x6:1000179c  PA:1000179c
15698797ns          264173 1c0086a4 ffce270b p.lw             x14, -4(x28!)       x14=0000001d x28=100017c4 x28:100017c8  PA:100017c8
15698817ns          264174 1c0086a8 00279793 slli             x15, x15, 0x2       x15=00000048 x15:00000012
15698837ns          264175 1c0086aa 00271713 slli             x14, x14, 0x2       x14=00000074 x14:0000001d
15698857ns          264176 1c0086ac 017787b3 add              x15, x15, x23       x15=10001694 x15:00000048 x23:1000164c
15698877ns          264177 1c0086ae 01770733 add              x14, x14, x23       x14=100016c0 x14:00000074 x23:1000164c
15698896ns          264178 1c0086b0 0007a683 lw               x13, 0(x15)         x13=4186eeb2 x15:10001694  PA:10001694
15698916ns          264179 1c0086b2 00072603 lw               x12, 0(x14)         x12=c127f0b4 x14:100016c0  PA:100016c0
15698936ns          264180 1c0086b4 1076f853 fmul.s           f16, f13, f7        f16=xxxxxxxx f13:4186eeb2  f7:bf7b14be
15698956ns          264181 1c0086b8 20c615d3 fsgnjn.s         f11, f12, f12       f11=xxxxxxxx f12:c127f0b4 f12:c127f0b4
15698976ns          264182 1c0086bc 1195f5d3 fmul.s           f11, f11, f25       f11=xxxxxxxx f11:4127f0b4 f25:3f7b14be
15699016ns          264184 1c0086c0 80c57643 fmadd.s          f12, f10, f12, f16  f12=xxxxxxxx f10:3e47c5bd f12:c127f0b4 f16:c18456f7
15699056ns          264186 1c0086c4 59d6f6c3 fmadd.s          f13, f13, f29, f11  f13=xxxxxxxx f13:4186eeb2 f29:be47c5bd f11:4124b69c
15699075ns          264187 1c0086c8 00c72023 sw               x12, 0(x14)         x12:c194b8b2 x14:100016c0  PA:100016c0
15699095ns          264188 1c0086ca 00d7a023 sw               x13, 0(x15)         x13:40e02172 x15:10001694  PA:10001694
15699115ns          264189 1c0086cc 00812703 lw               x14, 8(x2)          x14=00000004  x2:100015c8  PA:100015d0
15699135ns          264190 1c0086ce 01412783 lw               x15, 20(x2)         x15=00000010  x2:100015c8  PA:100015dc
15699155ns          264191 1c0086d0 00c12683 lw               x13, 12(x2)         x13=00000006  x2:100015c8  PA:100015d4
15699175ns          264192 1c0086d2 00ed0d33 add              x26, x26, x14       x26=00000006 x26:00000002 x14:00000004
15699195ns          264193 1c0086d4 001d8d93 addi             x27, x27, 1         x27=00000005 x27:00000004
15699215ns          264194 1c0086d6 00f40433 add              x8, x8, x15          x8=100017ac  x8:1000179c x15:00000010
15699235ns          264195 1c0086d8 012b0b33 add              x22, x22, x18       x22=100017bc x22:100017cc x18:fffffff0
15699254ns          264196 1c0086da 014d09b3 add              x19, x26, x20       x19=00000007 x26:00000006 x20:00000001
15699274ns          264197 1c0086de f1b698e3 bne              x13, x27, -240      x13:00000006 x27:00000005
15699374ns          264202 1c0085ee 01812783 lw               x15, 24(x2)         x15=ffffffff  x2:100015c8  PA:100015e0
15699414ns          264204 1c0085f0 00000713 addi             x14, x0, 0          x14=00000000
15699433ns          264205 1c0085f2 01a78ab3 add              x21, x15, x26       x21=00000005 x15:ffffffff x26:00000006
15699453ns          264206 1c0085f6 01b007b3 add              x15, x0, x27        x15=00000005 x27:00000005
15699473ns          264207 1c0085f8 00f006b3 add              x13, x0, x15        x13=00000005 x15:00000005
15699493ns          264208 1c0085fa fc1726b3 p.insert         x13, x14, 30, 1     x13=00000001 x13:00000005 x14:00000000
15699513ns          264209 1c0085fe 4017d793 srai             x15, x15, 0x401     x15=00000002 x15:00000005
15699533ns          264210 1c008600 00d00733 add              x14, x0, x13        x14=00000001 x13:00000001
15699553ns          264211 1c008602 fe079be3 bne              x15, x0, -10        x15:00000002
15699613ns          264214 1c0085f8 00f006b3 add              x13, x0, x15        x13=00000002 x15:00000002
15699632ns          264215 1c0085fa fc1726b3 p.insert         x13, x14, 30, 1     x13=00000002 x13:00000002 x14:00000001
15699652ns          264216 1c0085fe 4017d793 srai             x15, x15, 0x401     x15=00000001 x15:00000002
15699672ns          264217 1c008600 00d00733 add              x14, x0, x13        x14=00000002 x13:00000002
15699692ns          264218 1c008602 fe079be3 bne              x15, x0, -10        x15:00000001
15699752ns          264221 1c0085f8 00f006b3 add              x13, x0, x15        x13=00000001 x15:00000001
15699772ns          264222 1c0085fa fc1726b3 p.insert         x13, x14, 30, 1     x13=00000005 x13:00000001 x14:00000002
15699792ns          264223 1c0085fe 4017d793 srai             x15, x15, 0x401     x15=00000000 x15:00000001
15699811ns          264224 1c008600 00d00733 add              x14, x0, x13        x14=00000005 x13:00000005
15699831ns          264225 1c008602 fe079be3 bne              x15, x0, -10        x15:00000000
15699851ns          264226 1c008604 1c0007b7 lui              x15, 0x1c000000     x15=1c000000
15699871ns          264227 1c008608 d006f753 fcvt.s.w         f14, x13            f14=xxxxxxxx x13:00000005
15699891ns          264228 1c00860c 01c78793 addi             x15, x15, 28        x15=1c00001c x15:1c000000
15699911ns          264229 1c008610 0007a783 lw               x15, 0(x15)         x15=3ec90fdb x15:1c00001c  PA:1c00001c
15700209ns          264244 1c008612 01012683 lw               x13, 16(x2)         x13=40000000  x2:100015c8  PA:100015d8
15700229ns          264245 1c008614 10f77753 fmul.s           f14, f14, f15       f14=xxxxxxxx f14:40a00000 f15:3ec90fdb
15700249ns          264246 1c008618 18d77c53 fdiv.s           f24, f14, f13       f24=xxxxxxxx f14:3ffb53d2 f13:40000000
15700726ns          264270 1c00861c 01800533 add              x10, x0, x24        x10=3f7b53d2 x24:3f7b53d2
15700746ns          264271 1c00861e 7f6000ef jal              x1, 2038             x1=1c008622
15700786ns          264273 1c008e14 a0a527d3 feq.s            x15, f10, f10       x15=00000001 f10:3f7b53d2 f10:3f7b53d2
15700806ns          264274 1c008e18 0a078b63 beq              x15, x0, 182        x15:00000001
15700826ns          264275 1c008e1a e00517d3 fclass.s         x15, f10            x15=00000040 f10:3f7b53d2
15700846ns          264276 1c008e1e 0817f793 andi             x15, x15, 129       x15=00000000 x15:00000040
15700866ns          264277 1c008e22 0a079663 bne              x15, x0, 172        x15:00000000
15700886ns          264278 1c008e24 00000793 addi             x15, x0, 0          x15=00000000
15700905ns          264279 1c008e28 a0f517d3 flt.s            x15, f10, f15       x15=00000000 f10:3f7b53d2 f15:00000000
15700925ns          264280 1c008e2c 0a079663 bne              x15, x0, 172        x15:00000000
15700945ns          264281 1c008e2e 1c000737 lui              x14, 0x1c000000     x14=1c000000
15700965ns          264282 1c008e32 16072783 lw               x15, 352(x14)       x15=40c90fdb x14:1c000000  PA:1c000160
15701303ns          264299 1c008e36 a0a797d3 flt.s            x15, f15, f10       x15=00000000 f15:40c90fdb f10:3f7b53d2
15701323ns          264300 1c008e3a 00078b63 beq              x15, x0, 22         x15:00000000
15701383ns          264303 1c008e50 00000793 addi             x15, x0, 0          x15=00000000
15701403ns          264304 1c008e54 a0f517d3 flt.s            x15, f10, f15       x15=00000000 f10:3f7b53d2 f15:00000000
15701423ns          264305 1c008e58 08079a63 bne              x15, x0, 148        x15:00000000
15701442ns          264306 1c008e5a 1c0007b7 lui              x15, 0x1c000000     x15=1c000000
15701502ns          264309 1c008e5e 0207a783 lw               x15, 32(x15)        x15=3fc90fdb x15:1c000000  PA:1c000020
15701840ns          264326 1c008e62 a0f517d3 flt.s            x15, f10, f15       x15=00000001 f10:3f7b53d2 f15:3fc90fdb
15701860ns          264327 1c008e66 02079563 bne              x15, x0, 42         x15:00000001
15701920ns          264330 1c008e90 10a57553 fmul.s           f10, f10, f10       f10=xxxxxxxx f10:3f7b53d2 f10:3f7b53d2
15701940ns          264331 1c008e94 1c0007b7 lui              x15, 0x1c000000     x15=1c000000
15701960ns          264332 1c008e98 1c000737 lui              x14, 0x1c000000     x14=1c000000
15701980ns          264333 1c008e9c 16872703 lw               x14, 360(x14)       x14=bab59551 x14:1c000000  PA:1c000168
15702298ns          264349 1c008ea0 1647a783 lw               x15, 356(x15)       x15=37c23ab1 x15:1c000000  PA:1c000164
15702616ns          264365 1c008ea4 70f577c3 fmadd.s          f15, f10, f15, f14  f15=xxxxxxxx f10:3f76bd79 f15:37c23ab1 f14:bab59551
15702636ns          264366 1c008ea8 1c000737 lui              x14, 0x1c000000     x14=1c000000
15702656ns          264367 1c008eac 16c72703 lw               x14, 364(x14)       x14=3d2aa76f x14:1c000000  PA:1c00016c
15702974ns          264383 1c008eb0 70f577c3 fmadd.s          f15, f10, f15, f14  f15=xxxxxxxx f10:3f76bd79 f15:bab2a880 f14:3d2aa76f
15702994ns          264384 1c008eb4 1c000737 lui              x14, 0x1c000000     x14=1c000000
15703014ns          264385 1c008eb8 17072703 lw               x14, 368(x14)       x14=beffffe0 x14:1c000000  PA:1c000170
15703352ns          264402 1c008ebc 70f577c3 fmadd.s          f15, f10, f15, f14  f15=xxxxxxxx f10:3f76bd79 f15:3d2545de f14:beffffe0
15703372ns          264403 1c008ec0 1c000737 lui              x14, 0x1c000000     x14=1c000000
15703392ns          264404 1c008ec4 19c72703 lw               x14, 412(x14)       x14=3f7fffff x14:1c000000  PA:1c00019c
15703730ns          264421 1c008ec8 70f57543 fmadd.s          f10, f10, f15, f14  f10=xxxxxxxx f10:3f76bd79 f15:beec1671 f14:3f7fffff
15703750ns          264422 1c008ecc 00008067 jalr             x0, x1, 0            x1:1c008622
15703809ns          264425 1c008622 1c000737 lui              x14, 0x1c000000     x14=1c000000
15703829ns          264426 1c008626 02070713 addi             x14, x14, 32        x14=1c000020 x14:1c000000
15703849ns          264427 1c00862a 00072703 lw               x14, 0(x14)         x14=3fc90fdb x14:1c000020  PA:1c000020
15704167ns          264443 1c00862c 00a00cb3 add              x25, x0, x10        x25=3f0e39d9 x10:3f0e39d9
15704187ns          264444 1c00862e 09877553 fsub.s           f10, f14, f24       f10=xxxxxxxx f14:3fc90fdb f24:3f7b53d2
15704207ns          264445 1c008632 7e2000ef jal              x1, 2018             x1=1c008636
15704247ns          264447 1c008e14 a0a527d3 feq.s            x15, f10, f10       x15=00000001 f10:3f16cbe4 f10:3f16cbe4
15704267ns          264448 1c008e18 0a078b63 beq              x15, x0, 182        x15:00000001
15704287ns          264449 1c008e1a e00517d3 fclass.s         x15, f10            x15=00000040 f10:3f16cbe4
15704307ns          264450 1c008e1e 0817f793 andi             x15, x15, 129       x15=00000000 x15:00000040
15704327ns          264451 1c008e22 0a079663 bne              x15, x0, 172        x15:00000000
15704347ns          264452 1c008e24 00000793 addi             x15, x0, 0          x15=00000000
15704366ns          264453 1c008e28 a0f517d3 flt.s            x15, f10, f15       x15=00000000 f10:3f16cbe4 f15:00000000
15704386ns          264454 1c008e2c 0a079663 bne              x15, x0, 172        x15:00000000
15704406ns          264455 1c008e2e 1c000737 lui              x14, 0x1c000000     x14=1c000000
15704426ns          264456 1c008e32 16072783 lw               x15, 352(x14)       x15=40c90fdb x14:1c000000  PA:1c000160
15704744ns          264472 1c008e36 a0a797d3 flt.s            x15, f15, f10       x15=00000000 f15:40c90fdb f10:3f16cbe4
15704764ns          264473 1c008e3a 00078b63 beq              x15, x0, 22         x15:00000000
15704824ns          264476 1c008e50 00000793 addi             x15, x0, 0          x15=00000000
15704844ns          264477 1c008e54 a0f517d3 flt.s            x15, f10, f15       x15=00000000 f10:3f16cbe4 f15:00000000
15704864ns          264478 1c008e58 08079a63 bne              x15, x0, 148        x15:00000000
15704884ns          264479 1c008e5a 1c0007b7 lui              x15, 0x1c000000     x15=1c000000
15704903ns          264480 1c008e5e 0207a783 lw               x15, 32(x15)        x15=3fc90fdb x15:1c000000  PA:1c000020
15705242ns          264497 1c008e62 a0f517d3 flt.s            x15, f10, f15       x15=00000001 f10:3f16cbe4 f15:3fc90fdb
15705261ns          264498 1c008e66 02079563 bne              x15, x0, 42         x15:00000001
15705321ns          264501 1c008e90 10a57553 fmul.s           f10, f10, f10       f10=xxxxxxxx f10:3f16cbe4 f10:3f16cbe4
15705341ns          264502 1c008e94 1c0007b7 lui              x15, 0x1c000000     x15=1c000000
15705361ns          264503 1c008e98 1c000737 lui              x14, 0x1c000000     x14=1c000000
15705381ns          264504 1c008e9c 16872703 lw               x14, 360(x14)       x14=bab59551 x14:1c000000  PA:1c000168
15705679ns          264519 1c008ea0 1647a783 lw               x15, 356(x15)       x15=37c23ab1 x15:1c000000  PA:1c000164
15706037ns          264537 1c008ea4 70f577c3 fmadd.s          f15, f10, f15, f14  f15=xxxxxxxx f10:3eb1a723 f15:37c23ab1 f14:bab59551
15706057ns          264538 1c008ea8 1c000737 lui              x14, 0x1c000000     x14=1c000000
15706077ns          264539 1c008eac 16c72703 lw               x14, 364(x14)       x14=3d2aa76f x14:1c000000  PA:1c00016c
15706415ns          264556 1c008eb0 70f577c3 fmadd.s          f15, f10, f15, f14  f15=xxxxxxxx f10:3eb1a723 f15:bab487be f14:3d2aa76f
15706435ns          264557 1c008eb4 1c000737 lui              x14, 0x1c000000     x14=1c000000
15706455ns          264558 1c008eb8 17072703 lw               x14, 368(x14)       x14=beffffe0 x14:1c000000  PA:1c000170
15706773ns          264574 1c008ebc 70f577c3 fmadd.s          f15, f10, f15, f14  f15=xxxxxxxx f10:3eb1a723 f15:3d28b250 f14:beffffe0
15706793ns          264575 1c008ec0 1c000737 lui              x14, 0x1c000000     x14=1c000000
15706813ns          264576 1c008ec4 19c72703 lw               x14, 412(x14)       x14=3f7fffff x14:1c000000  PA:1c00019c
15707151ns          264593 1c008ec8 70f57543 fmadd.s          f10, f10, f15, f14  f10=xxxxxxxx f10:3eb1a723 f15:bef8aec9 f14:3f7fffff
15707171ns          264594 1c008ecc 00008067 jalr             x0, x1, 0            x1:1c008636
15707231ns          264597 1c008636 05aad463 bge              x21, x26, 72        x21:00000005 x26:00000006
15707251ns          264598 1c00863a 02012783 lw               x15, 32(x2)         x15=00000000  x2:100015c8  PA:100015e8
15707270ns          264599 1c00863c 219c93d3 fsgnjn.s         f7, f25, f25         f7=xxxxxxxx f25:3f0e39d9 f25:3f0e39d9
15707290ns          264600 1c008640 409788b3 sub              x17, x15, x9        x17=00000004 x15:00000000  x9:fffffffc
15707310ns          264601 1c008644 ffc88893 addi             x17, x17, -4        x17=00000000 x17:00000004
15707330ns          264602 1c008646 0028d893 srli             x17, x17, 0x2       x17=00000000 x17:00000000
15707350ns          264603 1c00864a 00848e33 add              x28, x9, x8         x28=100017a8  x9:fffffffc  x8:100017ac
15707370ns          264604 1c00864e 01600333 add              x6, x0, x22          x6=100017bc x22:100017bc
15707390ns          264605 1c008650 00188893 addi             x17, x17, 1         x17=00000001 x17:00000000
15707410ns          264606 1c008652 0158c0fb lp.setup         0x1, x17, 0x15      x17:00000001
15707430ns          264607 1c008656 004e278b p.lw             x15, 4(x28!)        x15=00000015 x28=100017ac x28:100017a8  PA:100017a8
15707449ns          264608 1c00865a ffc3270b p.lw             x14, -4(x6!)        x14=0000001a  x6=100017b8  x6:100017bc  PA:100017bc
15707469ns          264609 1c00865e 00279793 slli             x15, x15, 0x2       x15=00000054 x15:00000015
15707509ns          264611 1c008660 017787b3 add              x15, x15, x23       x15=100016a0 x15:00000054 x23:1000164c
15707529ns          264612 1c008662 00271713 slli             x14, x14, 0x2       x14=00000068 x14:0000001a
15707549ns          264613 1c008664 0007a683 lw               x13, 0(x15)         x13=c105e2b1 x15:100016a0  PA:100016a0
15707569ns          264614 1c008666 01770733 add              x14, x14, x23       x14=100016b4 x14:00000068 x23:1000164c
15707589ns          264615 1c008668 00072603 lw               x12, 0(x14)         x12=c1150902 x14:100016b4  PA:100016b4
15707628ns          264617 1c00866a 10d57853 fmul.s           f16, f10, f13       f16=xxxxxxxx f10:3f54db32 f13:c105e2b1
15707648ns          264618 1c00866e 10c575d3 fmul.s           f11, f10, f12       f11=xxxxxxxx f10:3f54db32 f12:c1150902
15707668ns          264619 1c008672 80ccf643 fmadd.s          f12, f25, f12, f16  f12=xxxxxxxx f25:3f0e39d9 f12:c1150902 f16:c0dea4bb
15707688ns          264620 1c008676 5876f6c3 fmadd.s          f13, f13, f7, f11   f13=xxxxxxxx f13:c105e2b1  f7:bf0e39d9 f11:c0f7d623
15707708ns          264621 1c00867a 00c72023 sw               x12, 0(x14)         x12:c1421f0a x14:100016b4  PA:100016b4
15707728ns          264622 1c00867c 00d7a023 sw               x13, 0(x15)         x13:c0462449 x15:100016a0  PA:100016a0
15707748ns          264623 1c00867e 053d5763 bge              x26, x19, 78        x26:00000006 x19:00000007
15707768ns          264624 1c008682 02412683 lw               x13, 36(x2)         x13=00000004  x2:100015c8  PA:100015ec
15707788ns          264625 1c008684 219c93d3 fsgnjn.s         f7, f25, f25         f7=xxxxxxxx f25:3f0e39d9 f25:3f0e39d9
15707808ns          264626 1c008688 ffc68893 addi             x17, x13, -4        x17=00000000 x13:00000004
15707827ns          264627 1c00868c 0028d893 srli             x17, x17, 0x2       x17=00000000 x17:00000000
15707847ns          264628 1c008690 20a51ed3 fsgnjn.s         f29, f10, f10       f29=xxxxxxxx f10:3f54db32 f10:3f54db32
15707867ns          264629 1c008694 01648e33 add              x28, x9, x22        x28=100017b8  x9:fffffffc x22:100017bc
15707887ns          264630 1c008698 00800333 add              x6, x0, x8           x6=100017ac  x8:100017ac
15707907ns          264631 1c00869a 00188893 addi             x17, x17, 1         x17=00000001 x17:00000000
15707927ns          264632 1c00869c 0178c0fb lp.setup         0x1, x17, 0x17      x17:00000001
15707947ns          264633 1c0086a0 0043278b p.lw             x15, 4(x6!)         x15=00000016  x6=100017b0  x6:100017ac  PA:100017ac
15707967ns          264634 1c0086a4 ffce270b p.lw             x14, -4(x28!)       x14=00000019 x28=100017b4 x28:100017b8  PA:100017b8
15707987ns          264635 1c0086a8 00279793 slli             x15, x15, 0x2       x15=00000058 x15:00000016
15708006ns          264636 1c0086aa 00271713 slli             x14, x14, 0x2       x14=00000064 x14:00000019
15708026ns          264637 1c0086ac 017787b3 add              x15, x15, x23       x15=100016a4 x15:00000058 x23:1000164c
15708046ns          264638 1c0086ae 01770733 add              x14, x14, x23       x14=100016b0 x14:00000064 x23:1000164c
15708066ns          264639 1c0086b0 0007a683 lw               x13, 0(x15)         x13=c1326d73 x15:100016a4  PA:100016a4
15708086ns          264640 1c0086b2 00072603 lw               x12, 0(x14)         x12=40903e94 x14:100016b0  PA:100016b0
15708106ns          264641 1c0086b4 1076f853 fmul.s           f16, f13, f7        f16=xxxxxxxx f13:c1326d73  f7:bf0e39d9
15708126ns          264642 1c0086b8 20c615d3 fsgnjn.s         f11, f12, f12       f11=xxxxxxxx f12:40903e94 f12:40903e94
15708146ns          264643 1c0086bc 1195f5d3 fmul.s           f11, f11, f25       f11=xxxxxxxx f11:c0903e94 f25:3f0e39d9
15708166ns          264644 1c0086c0 80c57643 fmadd.s          f12, f10, f12, f16  f12=xxxxxxxx f10:3f54db32 f12:40903e94 f16:40c6420f
15708185ns          264645 1c0086c4 59d6f6c3 fmadd.s          f13, f13, f29, f11  f13=xxxxxxxx f13:c1326d73 f29:bf54db32 f11:c020469d
15708205ns          264646 1c0086c8 00c72023 sw               x12, 0(x14)         x12:411f18b2 x14:100016b0  PA:100016b0
15708225ns          264647 1c0086ca 00d7a023 sw               x13, 0(x15)         x13:40d89385 x15:100016a4  PA:100016a4
15708245ns          264648 1c0086cc 00812703 lw               x14, 8(x2)          x14=00000004  x2:100015c8  PA:100015d0
15708265ns          264649 1c0086ce 01412783 lw               x15, 20(x2)         x15=00000010  x2:100015c8  PA:100015dc
15708285ns          264650 1c0086d0 00c12683 lw               x13, 12(x2)         x13=00000006  x2:100015c8  PA:100015d4
15708305ns          264651 1c0086d2 00ed0d33 add              x26, x26, x14       x26=0000000a x26:00000006 x14:00000004
15708325ns          264652 1c0086d4 001d8d93 addi             x27, x27, 1         x27=00000006 x27:00000005
15708345ns          264653 1c0086d6 00f40433 add              x8, x8, x15          x8=100017bc  x8:100017ac x15:00000010
15708364ns          264654 1c0086d8 012b0b33 add              x22, x22, x18       x22=100017ac x22:100017bc x18:fffffff0
15708384ns          264655 1c0086da 014d09b3 add              x19, x26, x20       x19=0000000b x26:0000000a x20:00000001
15708404ns          264656 1c0086de f1b698e3 bne              x13, x27, -240      x13:00000006 x27:00000006
15708424ns          264657 1c0086e2 02c12883 lw               x17, 44(x2)         x17=00000004  x2:100015c8  PA:100015f4
15708444ns          264658 1c0086e4 03012703 lw               x14, 48(x2)         x14=00000004  x2:100015c8  PA:100015f8
15708484ns          264660 1c0086e6 dae8cde3 blt              x17, x14, -582      x17:00000004 x14:00000004
15708504ns          264661 1c0086ea 01c12783 lw               x15, 28(x2)         x15=00000010  x2:100015c8  PA:100015e4
15708543ns          264663 1c0086ec 06f05363 bge              x0, x15, 102        x15:00000010
15708563ns          264664 1c0086f0 fff78893 addi             x17, x15, -1        x17=0000000f x15:00000010
15708583ns          264665 1c0086f4 02812683 lw               x13, 40(x2)         x13=10001754  x2:100015c8  PA:100015f0
15708603ns          264666 1c0086f6 00279813 slli             x16, x15, 0x2       x16=00000040 x15:00000010
15708623ns          264667 1c0086fa 0028d893 srli             x17, x17, 0x2       x17=00000003 x17:0000000f
15708643ns          264668 1c0086fe 00378793 addi             x15, x15, 3         x15=00000013 x15:00000010
15708663ns          264669 1c008700 00400713 addi             x14, x0, 4          x14=00000004
15708683ns          264670 1c008702 00d80833 add              x16, x16, x13       x16=10001794 x16:00000040 x13:10001754
15708703ns          264671 1c008704 00188893 addi             x17, x17, 1         x17=00000004 x17:00000003
15708722ns          264672 1c008706 10e7c663 blt              x15, x14, 268       x15:00000013 x14:00000004
15708742ns          264673 1c00870a 0238c0fb lp.setup         0x1, x17, 0x23      x17:00000004
15708782ns          264675 1c00870e 00082683 lw               x13, 0(x16)         x13=00000010 x16:10001794  PA:10001794
15708822ns          264677 1c008712 00482603 lw               x12, 4(x16)         x12=00000011 x16:10001794  PA:10001798
15708842ns          264678 1c008716 00269693 slli             x13, x13, 0x2       x13=00000040 x13:00000010
15708862ns          264679 1c008718 00261613 slli             x12, x12, 0x2       x12=00000044 x12:00000011
15708882ns          264680 1c00871a 017686b3 add              x13, x13, x23       x13=1000168c x13:00000040 x23:1000164c
15708901ns          264681 1c00871c 01760633 add              x12, x12, x23       x12=10001690 x12:00000044 x23:1000164c
15708921ns          264682 1c00871e 0006a583 lw               x11, 0(x13)         x11=c0b471ee x13:1000168c  PA:1000168c
15708961ns          264684 1c008720 00062503 lw               x10, 0(x12)         x10=40dceed5 x12:10001690  PA:10001690
15708981ns          264685 1c008722 00c82703 lw               x14, 12(x16)        x14=00000013 x16:10001794  PA:100017a0
15709001ns          264686 1c008726 08a5f353 fsub.s           f6, f11, f10         f6=xxxxxxxx f11:c0b471ee f10:40dceed5
15709021ns          264687 1c00872a 00882783 lw               x15, 8(x16)         x15=00000012 x16:10001794  PA:1000179c
15709061ns          264689 1c00872e 00a5f5d3 fadd.s           f11, f11, f10       f11=xxxxxxxx f11:c0b471ee f10:40dceed5
15709100ns          264691 1c008732 00662023 sw               x6, 0(x12)           x6:c148b062 x12:10001690  PA:10001690
15709120ns          264692 1c008736 00271713 slli             x14, x14, 0x2       x14=0000004c x14:00000013
15709140ns          264693 1c008738 00279793 slli             x15, x15, 0x2       x15=00000048 x15:00000012
15709160ns          264694 1c00873a 00b6a023 sw               x11, 0(x13)         x11:3fa1f39c x13:1000168c  PA:1000168c
15709180ns          264695 1c00873c 01770733 add              x14, x14, x23       x14=10001698 x14:0000004c x23:1000164c
15709200ns          264696 1c00873e 017787b3 add              x15, x15, x23       x15=10001694 x15:00000048 x23:1000164c
15709220ns          264697 1c008740 00072683 lw               x13, 0(x14)         x13=c1240fc6 x14:10001698  PA:10001698
15709240ns          264698 1c008742 0007a603 lw               x12, 0(x15)         x12=40e02172 x15:10001694  PA:10001694
15709260ns          264699 1c008744 01080813 addi             x16, x16, 16        x16=100017a4 x16:10001794
15709279ns          264700 1c008746 00c6f5d3 fadd.s           f11, f13, f12       f11=xxxxxxxx f13:c1240fc6 f12:40e02172
15709299ns          264701 1c00874a 08c6f6d3 fsub.s           f13, f13, f12       f13=xxxxxxxx f13:c1240fc6 f12:40e02172
15709319ns          264702 1c00874e 00b72023 sw               x11, 0(x14)         x11:c04ffc34 x14:10001698  PA:10001698
15709339ns          264703 1c008750 00d7a023 sw               x13, 0(x15)         x13:c18a1040 x15:10001694  PA:10001694
15709399ns          264706 1c00870e 00082683 lw               x13, 0(x16)         x13=00000014 x16:100017a4  PA:100017a4
15709419ns          264707 1c008712 00482603 lw               x12, 4(x16)         x12=00000015 x16:100017a4  PA:100017a8
15709439ns          264708 1c008716 00269693 slli             x13, x13, 0x2       x13=00000050 x13:00000014
15709458ns          264709 1c008718 00261613 slli             x12, x12, 0x2       x12=00000054 x12:00000015
15709478ns          264710 1c00871a 017686b3 add              x13, x13, x23       x13=1000169c x13:00000050 x23:1000164c
15709498ns          264711 1c00871c 01760633 add              x12, x12, x23       x12=100016a0 x12:00000054 x23:1000164c
15709518ns          264712 1c00871e 0006a583 lw               x11, 0(x13)         x11=40c5d4a1 x13:1000169c  PA:1000169c
15709538ns          264713 1c008720 00062503 lw               x10, 0(x12)         x10=c0462449 x12:100016a0  PA:100016a0
15709558ns          264714 1c008722 00c82703 lw               x14, 12(x16)        x14=00000017 x16:100017a4  PA:100017b0
15709578ns          264715 1c008726 08a5f353 fsub.s           f6, f11, f10         f6=xxxxxxxx f11:40c5d4a1 f10:c0462449
15709598ns          264716 1c00872a 00882783 lw               x15, 8(x16)         x15=00000016 x16:100017a4  PA:100017ac
15709618ns          264717 1c00872e 00a5f5d3 fadd.s           f11, f11, f10       f11=xxxxxxxx f11:40c5d4a1 f10:c0462449
15709637ns          264718 1c008732 00662023 sw               x6, 0(x12)           x6:41147363 x12:100016a0  PA:100016a0
15709657ns          264719 1c008736 00271713 slli             x14, x14, 0x2       x14=0000005c x14:00000017
15709677ns          264720 1c008738 00279793 slli             x15, x15, 0x2       x15=00000058 x15:00000016
15709697ns          264721 1c00873a 00b6a023 sw               x11, 0(x13)         x11:404584f9 x13:1000169c  PA:1000169c
15709717ns          264722 1c00873c 01770733 add              x14, x14, x23       x14=100016a8 x14:0000005c x23:1000164c
15709737ns          264723 1c00873e 017787b3 add              x15, x15, x23       x15=100016a4 x15:00000058 x23:1000164c
15709757ns          264724 1c008740 00072683 lw               x13, 0(x14)         x13=c0d5015f x14:100016a8  PA:100016a8
15709777ns          264725 1c008742 0007a603 lw               x12, 0(x15)         x12=40d89385 x15:100016a4  PA:100016a4
15709797ns          264726 1c008744 01080813 addi             x16, x16, 16        x16=100017b4 x16:100017a4
15709816ns          264727 1c008746 00c6f5d3 fadd.s           f11, f13, f12       f11=xxxxxxxx f13:c0d5015f f12:40d89385
15709836ns          264728 1c00874a 08c6f6d3 fsub.s           f13, f13, f12       f13=xxxxxxxx f13:c0d5015f f12:40d89385
15709856ns          264729 1c00874e 00b72023 sw               x11, 0(x14)         x11:3de48980 x14:100016a8  PA:100016a8
15709876ns          264730 1c008750 00d7a023 sw               x13, 0(x15)         x13:c156ca72 x15:100016a4  PA:100016a4
15709916ns          264732 1c00870e 00082683 lw               x13, 0(x16)         x13=00000018 x16:100017b4  PA:100017b4
15709936ns          264733 1c008712 00482603 lw               x12, 4(x16)         x12=00000019 x16:100017b4  PA:100017b8
15709956ns          264734 1c008716 00269693 slli             x13, x13, 0x2       x13=00000060 x13:00000018
15709976ns          264735 1c008718 00261613 slli             x12, x12, 0x2       x12=00000064 x12:00000019
15709995ns          264736 1c00871a 017686b3 add              x13, x13, x23       x13=100016ac x13:00000060 x23:1000164c
15710015ns          264737 1c00871c 01760633 add              x12, x12, x23       x12=100016b0 x12:00000064 x23:1000164c
15710035ns          264738 1c00871e 0006a583 lw               x11, 0(x13)         x11=4131b308 x13:100016ac  PA:100016ac
15710055ns          264739 1c008720 00062503 lw               x10, 0(x12)         x10=411f18b2 x12:100016b0  PA:100016b0
15710075ns          264740 1c008722 00c82703 lw               x14, 12(x16)        x14=0000001b x16:100017b4  PA:100017c0
15710095ns          264741 1c008726 08a5f353 fsub.s           f6, f11, f10         f6=xxxxxxxx f11:4131b308 f10:411f18b2
15710115ns          264742 1c00872a 00882783 lw               x15, 8(x16)         x15=0000001a x16:100017b4  PA:100017bc
15710135ns          264743 1c00872e 00a5f5d3 fadd.s           f11, f11, f10       f11=xxxxxxxx f11:4131b308 f10:411f18b2
15710155ns          264744 1c008732 00662023 sw               x6, 0(x12)           x6:3f94d2b0 x12:100016b0  PA:100016b0
15710175ns          264745 1c008736 00271713 slli             x14, x14, 0x2       x14=0000006c x14:0000001b
15710194ns          264746 1c008738 00279793 slli             x15, x15, 0x2       x15=00000068 x15:0000001a
15710214ns          264747 1c00873a 00b6a023 sw               x11, 0(x13)         x11:41a865dd x13:100016ac  PA:100016ac
15710234ns          264748 1c00873c 01770733 add              x14, x14, x23       x14=100016b8 x14:0000006c x23:1000164c
15710254ns          264749 1c00873e 017787b3 add              x15, x15, x23       x15=100016b4 x15:00000068 x23:1000164c
15710274ns          264750 1c008740 00072683 lw               x13, 0(x14)         x13=c09d2261 x14:100016b8  PA:100016b8
15710294ns          264751 1c008742 0007a603 lw               x12, 0(x15)         x12=c1421f0a x15:100016b4  PA:100016b4
15710314ns          264752 1c008744 01080813 addi             x16, x16, 16        x16=100017c4 x16:100017b4
15710334ns          264753 1c008746 00c6f5d3 fadd.s           f11, f13, f12       f11=xxxxxxxx f13:c09d2261 f12:c1421f0a
15710354ns          264754 1c00874a 08c6f6d3 fsub.s           f13, f13, f12       f13=xxxxxxxx f13:c09d2261 f12:c1421f0a
15710373ns          264755 1c00874e 00b72023 sw               x11, 0(x14)         x11:c188581d x14:100016b8  PA:100016b8
15710393ns          264756 1c008750 00d7a023 sw               x13, 0(x15)         x13:40e71bb3 x15:100016b4  PA:100016b4
15710433ns          264758 1c00870e 00082683 lw               x13, 0(x16)         x13=0000001c x16:100017c4  PA:100017c4
15710453ns          264759 1c008712 00482603 lw               x12, 4(x16)         x12=0000001d x16:100017c4  PA:100017c8
15710473ns          264760 1c008716 00269693 slli             x13, x13, 0x2       x13=00000070 x13:0000001c
15710493ns          264761 1c008718 00261613 slli             x12, x12, 0x2       x12=00000074 x12:0000001d
15710513ns          264762 1c00871a 017686b3 add              x13, x13, x23       x13=100016bc x13:00000070 x23:1000164c
15710533ns          264763 1c00871c 01760633 add              x12, x12, x23       x12=100016c0 x12:00000074 x23:1000164c
15710552ns          264764 1c00871e 0006a583 lw               x11, 0(x13)         x11=40584a94 x13:100016bc  PA:100016bc
15710572ns          264765 1c008720 00062503 lw               x10, 0(x12)         x10=c194b8b2 x12:100016c0  PA:100016c0
15710592ns          264766 1c008722 00c82703 lw               x14, 12(x16)        x14=0000001f x16:100017c4  PA:100017d0
15710612ns          264767 1c008726 08a5f353 fsub.s           f6, f11, f10         f6=xxxxxxxx f11:40584a94 f10:c194b8b2
15710632ns          264768 1c00872a 00882783 lw               x15, 8(x16)         x15=0000001e x16:100017c4  PA:100017cc
15710652ns          264769 1c00872e 00a5f5d3 fadd.s           f11, f11, f10       f11=xxxxxxxx f11:40584a94 f10:c194b8b2
15710672ns          264770 1c008732 00662023 sw               x6, 0(x12)           x6:41afc204 x12:100016c0  PA:100016c0
15710692ns          264771 1c008736 00271713 slli             x14, x14, 0x2       x14=0000007c x14:0000001f
15710712ns          264772 1c008738 00279793 slli             x15, x15, 0x2       x15=00000078 x15:0000001e
15710731ns          264773 1c00873a 00b6a023 sw               x11, 0(x13)         x11:c1735ebf x13:100016bc  PA:100016bc
15710751ns          264774 1c00873c 01770733 add              x14, x14, x23       x14=100016c8 x14:0000007c x23:1000164c
15710771ns          264775 1c00873e 017787b3 add              x15, x15, x23       x15=100016c4 x15:00000078 x23:1000164c
15710791ns          264776 1c008740 00072683 lw               x13, 0(x14)         x13=41087074 x14:100016c8  PA:100016c8
15710811ns          264777 1c008742 0007a603 lw               x12, 0(x15)         x12=3faf4c2a x15:100016c4  PA:100016c4
15710831ns          264778 1c008744 01080813 addi             x16, x16, 16        x16=100017d4 x16:100017c4
15710851ns          264779 1c008746 00c6f5d3 fadd.s           f11, f13, f12       f11=xxxxxxxx f13:41087074 f12:3faf4c2a
15710871ns          264780 1c00874a 08c6f6d3 fsub.s           f13, f13, f12       f13=xxxxxxxx f13:41087074 f12:3faf4c2a
15710891ns          264781 1c00874e 00b72023 sw               x11, 0(x14)         x11:411e59f9 x14:100016c8  PA:100016c8
15710910ns          264782 1c008750 00d7a023 sw               x13, 0(x15)         x13:40e50dde x15:100016c4  PA:100016c4
15710930ns          264783 1c008752 03c12703 lw               x14, 60(x2)         x14=00000008  x2:100015c8  PA:10001604
15710970ns          264785 1c008754 08e05963 bge              x0, x14, 146        x14:00000008
15710990ns          264786 1c008758 03412783 lw               x15, 52(x2)         x15=00000020  x2:100015c8  PA:100015fc
15711010ns          264787 1c00875a 01c12b03 lw               x22, 28(x2)         x22=00000010  x2:100015c8  PA:100015e4
15711030ns          264788 1c00875c 00279c13 slli             x24, x15, 0x2       x24=00000080 x15:00000020
15711050ns          264789 1c008760 1c000737 lui              x14, 0x1c000000     x14=1c000000
15711070ns          264790 1c008764 1c0007b7 lui              x15, 0x1c000000     x15=1c000000
15711089ns          264791 1c008768 02472a03 lw               x20, 36(x14)        x20=3f490fdb x14:1c000000  PA:1c000024
15711388ns          264806 1c00876c 0207a903 lw               x18, 32(x15)        x18=3fc90fdb x15:1c000000  PA:1c000020
15711706ns          264822 1c008770 02812703 lw               x14, 40(x2)         x14=10001754  x2:100015c8  PA:100015f0
15711726ns          264823 1c008772 03c12783 lw               x15, 60(x2)         x15=00000008  x2:100015c8  PA:10001604
15711746ns          264824 1c008774 d00b79d3 fcvt.s.w         f19, x22            f19=xxxxxxxx x22:00000010
15711766ns          264825 1c008778 002b1693 slli             x13, x22, 0x2       x13=00000040 x22:00000010
15711786ns          264826 1c00877c ffcc0c13 addi             x24, x24, -4        x24=0000007c x24:00000080
15711825ns          264828 1c00877e 00d70cb3 add              x25, x14, x13       x25=10001794 x14:10001754 x13:00000040
15711845ns          264829 1c008782 00ec0c33 add              x24, x24, x14       x24=100017d0 x24:0000007c x14:10001754
15711865ns          264830 1c008784 01678ab3 add              x21, x15, x22       x21=00000018 x15:00000008 x22:00000010
15711885ns          264831 1c008788 016007b3 add              x15, x0, x22        x15=00000010 x22:00000010
15711905ns          264832 1c00878a 060b0d63 beq              x22, x0, 122        x22:00000010
15711925ns          264833 1c00878e 00000713 addi             x14, x0, 0          x14=00000000
15711965ns          264835 1c008790 00f006b3 add              x13, x0, x15        x13=00000010 x15:00000010
15712004ns          264837 1c008792 fc1726b3 p.insert         x13, x14, 30, 1     x13=00000000 x13:00000010 x14:00000000
15712024ns          264838 1c008796 4017d793 srai             x15, x15, 0x401     x15=00000008 x15:00000010
15712044ns          264839 1c008798 00d00733 add              x14, x0, x13        x14=00000000 x13:00000000
15712064ns          264840 1c00879a fe079be3 bne              x15, x0, -10        x15:00000008
15712144ns          264844 1c008790 00f006b3 add              x13, x0, x15        x13=00000008 x15:00000008
15712164ns          264845 1c008792 fc1726b3 p.insert         x13, x14, 30, 1     x13=00000000 x13:00000008 x14:00000000
15712183ns          264846 1c008796 4017d793 srai             x15, x15, 0x401     x15=00000004 x15:00000008
15712203ns          264847 1c008798 00d00733 add              x14, x0, x13        x14=00000000 x13:00000000
15712223ns          264848 1c00879a fe079be3 bne              x15, x0, -10        x15:00000004
15712283ns          264851 1c008790 00f006b3 add              x13, x0, x15        x13=00000004 x15:00000004
15712303ns          264852 1c008792 fc1726b3 p.insert         x13, x14, 30, 1     x13=00000000 x13:00000004 x14:00000000
15712323ns          264853 1c008796 4017d793 srai             x15, x15, 0x401     x15=00000002 x15:00000004
15712343ns          264854 1c008798 00d00733 add              x14, x0, x13        x14=00000000 x13:00000000
15712362ns          264855 1c00879a fe079be3 bne              x15, x0, -10        x15:00000002
15712422ns          264858 1c008790 00f006b3 add              x13, x0, x15        x13=00000002 x15:00000002
15712442ns          264859 1c008792 fc1726b3 p.insert         x13, x14, 30, 1     x13=00000000 x13:00000002 x14:00000000
15712462ns          264860 1c008796 4017d793 srai             x15, x15, 0x401     x15=00000001 x15:00000002
15712482ns          264861 1c008798 00d00733 add              x14, x0, x13        x14=00000000 x13:00000000
15712502ns          264862 1c00879a fe079be3 bne              x15, x0, -10        x15:00000001
15712561ns          264865 1c008790 00f006b3 add              x13, x0, x15        x13=00000001 x15:00000001
15712581ns          264866 1c008792 fc1726b3 p.insert         x13, x14, 30, 1     x13=00000001 x13:00000001 x14:00000000
15712601ns          264867 1c008796 4017d793 srai             x15, x15, 0x401     x15=00000000 x15:00000001
15712621ns          264868 1c008798 00d00733 add              x14, x0, x13        x14=00000001 x13:00000001
15712641ns          264869 1c00879a fe079be3 bne              x15, x0, -10        x15:00000000
15712661ns          264870 1c00879c d006f453 fcvt.s.w         f8, x13              f8=xxxxxxxx x13:00000001
15712681ns          264871 1c0087a0 11447453 fmul.s           f8, f8, f20          f8=xxxxxxxx  f8:3f800000 f20:3f490fdb
15712701ns          264872 1c0087a4 19347453 fdiv.s           f8, f8, f19          f8=xxxxxxxx  f8:3f490fdb f19:41800000
15713019ns          264888 1c0087a8 00800533 add              x10, x0, x8         x10=3d490fdb  x8:3d490fdb
15713039ns          264889 1c0087aa 66a000ef jal              x1, 1642             x1=1c0087ac
15713118ns          264893 1c008e14 a0a527d3 feq.s            x15, f10, f10       x15=00000001 f10:3d490fdb f10:3d490fdb
15713158ns          264895 1c008e18 0a078b63 beq              x15, x0, 182        x15:00000001
15713178ns          264896 1c008e1a e00517d3 fclass.s         x15, f10            x15=00000040 f10:3d490fdb
15713238ns          264899 1c008e1e 0817f793 andi             x15, x15, 129       x15=00000000 x15:00000040
15713258ns          264900 1c008e22 0a079663 bne              x15, x0, 172        x15:00000000
15713277ns          264901 1c008e24 00000793 addi             x15, x0, 0          x15=00000000
15713297ns          264902 1c008e28 a0f517d3 flt.s            x15, f10, f15       x15=00000000 f10:3d490fdb f15:00000000
15713317ns          264903 1c008e2c 0a079663 bne              x15, x0, 172        x15:00000000
15713377ns          264906 1c008e2e 1c000737 lui              x14, 0x1c000000     x14=1c000000
15713417ns          264908 1c008e32 16072783 lw               x15, 352(x14)       x15=40c90fdb x14:1c000000  PA:1c000160
15713735ns          264924 1c008e36 a0a797d3 flt.s            x15, f15, f10       x15=00000000 f15:40c90fdb f10:3d490fdb
15713755ns          264925 1c008e3a 00078b63 beq              x15, x0, 22         x15:00000000
15713815ns          264928 1c008e50 00000793 addi             x15, x0, 0          x15=00000000
15713834ns          264929 1c008e54 a0f517d3 flt.s            x15, f10, f15       x15=00000000 f10:3d490fdb f15:00000000
15713854ns          264930 1c008e58 08079a63 bne              x15, x0, 148        x15:00000000
15713874ns          264931 1c008e5a 1c0007b7 lui              x15, 0x1c000000     x15=1c000000
15713894ns          264932 1c008e5e 0207a783 lw               x15, 32(x15)        x15=3fc90fdb x15:1c000000  PA:1c000020
15714212ns          264948 1c008e62 a0f517d3 flt.s            x15, f10, f15       x15=00000001 f10:3d490fdb f15:3fc90fdb
15714232ns          264949 1c008e66 02079563 bne              x15, x0, 42         x15:00000001
15714292ns          264952 1c008e90 10a57553 fmul.s           f10, f10, f10       f10=xxxxxxxx f10:3d490fdb f10:3d490fdb
15714312ns          264953 1c008e94 1c0007b7 lui              x15, 0x1c000000     x15=1c000000
15714332ns          264954 1c008e98 1c000737 lui              x14, 0x1c000000     x14=1c000000
15714352ns          264955 1c008e9c 16872703 lw               x14, 360(x14)       x14=bab59551 x14:1c000000  PA:1c000168
15714690ns          264972 1c008ea0 1647a783 lw               x15, 356(x15)       x15=37c23ab1 x15:1c000000  PA:1c000164
15715008ns          264988 1c008ea4 70f577c3 fmadd.s          f15, f10, f15, f14  f15=xxxxxxxx f10:3b1de9e7 f15:37c23ab1 f14:bab59551
15715028ns          264989 1c008ea8 1c000737 lui              x14, 0x1c000000     x14=1c000000
15715048ns          264990 1c008eac 16c72703 lw               x14, 364(x14)       x14=3d2aa76f x14:1c000000  PA:1c00016c
15715366ns          265006 1c008eb0 70f577c3 fmadd.s          f15, f10, f15, f14  f15=xxxxxxxx f10:3b1de9e7 f15:bab59372 f14:3d2aa76f
15715386ns          265007 1c008eb4 1c000737 lui              x14, 0x1c000000     x14=1c000000
15715406ns          265008 1c008eb8 17072703 lw               x14, 368(x14)       x14=beffffe0 x14:1c000000  PA:1c000170
15715744ns          265025 1c008ebc 70f577c3 fmadd.s          f15, f10, f15, f14  f15=xxxxxxxx f10:3b1de9e7 f15:3d2aa3ef f14:beffffe0
15715764ns          265026 1c008ec0 1c000737 lui              x14, 0x1c000000     x14=1c000000
15715784ns          265027 1c008ec4 19c72703 lw               x14, 412(x14)       x14=3f7fffff x14:1c000000  PA:1c00019c
15716122ns          265044 1c008ec8 70f57543 fmadd.s          f10, f10, f15, f14  f10=xxxxxxxx f10:3b1de9e7 f15:befff2b8 f14:3f7fffff
15716142ns          265045 1c008ecc 00008067 jalr             x0, x1, 0            x1:1c0087ac
15716221ns          265049 1c0087ac 00a004b3 add              x9, x0, x10          x9=3f7fb10e x10:3f7fb10e
15716301ns          265053 1c0087ae 08897553 fsub.s           f10, f18, f8        f10=xxxxxxxx f18:3fc90fdb  f8:3d490fdb
15716321ns          265054 1c0087b2 001b0b13 addi             x22, x22, 1         x22=00000011 x22:00000010
15716341ns          265055 1c0087b4 660000ef jal              x1, 1632             x1=1c0087b6
15716380ns          265057 1c008e14 a0a527d3 feq.s            x15, f10, f10       x15=00000001 f10:3fc2c75c f10:3fc2c75c
15716400ns          265058 1c008e18 0a078b63 beq              x15, x0, 182        x15:00000001
15716420ns          265059 1c008e1a e00517d3 fclass.s         x15, f10            x15=00000040 f10:3fc2c75c
15716500ns          265063 1c008e1e 0817f793 andi             x15, x15, 129       x15=00000000 x15:00000040
15716520ns          265064 1c008e22 0a079663 bne              x15, x0, 172        x15:00000000
15716540ns          265065 1c008e24 00000793 addi             x15, x0, 0          x15=00000000
15716559ns          265066 1c008e28 a0f517d3 flt.s            x15, f10, f15       x15=00000000 f10:3fc2c75c f15:00000000
15716579ns          265067 1c008e2c 0a079663 bne              x15, x0, 172        x15:00000000
15716639ns          265070 1c008e2e 1c000737 lui              x14, 0x1c000000     x14=1c000000
15716679ns          265072 1c008e32 16072783 lw               x15, 352(x14)       x15=40c90fdb x14:1c000000  PA:1c000160
15717037ns          265090 1c008e36 a0a797d3 flt.s            x15, f15, f10       x15=00000000 f15:40c90fdb f10:3fc2c75c
15717057ns          265091 1c008e3a 00078b63 beq              x15, x0, 22         x15:00000000
15717156ns          265096 1c008e50 00000793 addi             x15, x0, 0          x15=00000000
15717196ns          265098 1c008e54 a0f517d3 flt.s            x15, f10, f15       x15=00000000 f10:3fc2c75c f15:00000000
15717216ns          265099 1c008e58 08079a63 bne              x15, x0, 148        x15:00000000
15717236ns          265100 1c008e5a 1c0007b7 lui              x15, 0x1c000000     x15=1c000000
15717256ns          265101 1c008e5e 0207a783 lw               x15, 32(x15)        x15=3fc90fdb x15:1c000000  PA:1c000020
15717574ns          265117 1c008e62 a0f517d3 flt.s            x15, f10, f15       x15=00000001 f10:3fc2c75c f15:3fc90fdb
15717594ns          265118 1c008e66 02079563 bne              x15, x0, 42         x15:00000001
15717653ns          265121 1c008e90 10a57553 fmul.s           f10, f10, f10       f10=xxxxxxxx f10:3fc2c75c f10:3fc2c75c
15717673ns          265122 1c008e94 1c0007b7 lui              x15, 0x1c000000     x15=1c000000
15717693ns          265123 1c008e98 1c000737 lui              x14, 0x1c000000     x14=1c000000
15717713ns          265124 1c008e9c 16872703 lw               x14, 360(x14)       x14=bab59551 x14:1c000000  PA:1c000168
15718011ns          265139 1c008ea0 1647a783 lw               x15, 356(x15)       x15=37c23ab1 x15:1c000000  PA:1c000164
15718350ns          265156 1c008ea4 70f577c3 fmadd.s          f15, f10, f15, f14  f15=xxxxxxxx f10:401432c3 f15:37c23ab1 f14:bab59551
15718369ns          265157 1c008ea8 1c000737 lui              x14, 0x1c000000     x14=1c000000
15718389ns          265158 1c008eac 16c72703 lw               x14, 364(x14)       x14=3d2aa76f x14:1c000000  PA:1c00016c
15718708ns          265174 1c008eb0 70f577c3 fmadd.s          f15, f10, f15, f14  f15=xxxxxxxx f10:401432c3 f15:baae8e4a f14:3d2aa76f
15718728ns          265175 1c008eb4 1c000737 lui              x14, 0x1c000000     x14=1c000000
15718747ns          265176 1c008eb8 17072703 lw               x14, 368(x14)       x14=beffffe0 x14:1c000000  PA:1c000170
15719066ns          265192 1c008ebc 70f577c3 fmadd.s          f15, f10, f15, f14  f15=xxxxxxxx f10:401432c3 f15:3d1e05d3 f14:beffffe0
15719086ns          265193 1c008ec0 1c000737 lui              x14, 0x1c000000     x14=1c000000
15719105ns          265194 1c008ec4 19c72703 lw               x14, 412(x14)       x14=3f7fffff x14:1c000000  PA:1c00019c
15719444ns          265211 1c008ec8 70f57543 fmadd.s          f10, f10, f15, f14  f10=xxxxxxxx f10:401432c3 f15:bed24286 f14:3f7fffff
15719463ns          265212 1c008ecc 00008067 jalr             x0, x1, 0            x1:1c0087b6
15719523ns          265215 1c0087b6 004ca78b p.lw             x15, 4(x25!)        x15=00000010 x25=10001798 x25:10001794  PA:10001794
15719543ns          265216 1c0087ba ffcc270b p.lw             x14, -4(x24!)       x14=0000001f x24=100017cc x24:100017d0  PA:100017d0
15719563ns          265217 1c0087be 00279793 slli             x15, x15, 0x2       x15=00000040 x15:00000010
15719603ns          265219 1c0087c0 017787b3 add              x15, x15, x23       x15=1000168c x15:00000040 x23:1000164c
15719623ns          265220 1c0087c2 00271713 slli             x14, x14, 0x2       x14=0000007c x14:0000001f
15719643ns          265221 1c0087c4 0007a583 lw               x11, 0(x15)         x11=3fa1f39c x15:1000168c  PA:1000168c
15719662ns          265222 1c0087c6 01770733 add              x14, x14, x23       x14=100016c8 x14:0000007c x23:1000164c
15719682ns          265223 1c0087c8 00072683 lw               x13, 0(x14)         x13=411e59f9 x14:100016c8  PA:100016c8
15719702ns          265224 1c0087ca 20949653 fsgnjn.s         f12, f9, f9         f12=xxxxxxxx  f9:3f7fb10e  f9:3f7fb10e
15719742ns          265226 1c0087ce 10b67653 fmul.s           f12, f12, f11       f12=xxxxxxxx f12:bf7fb10e f11:3fa1f39c
15719782ns          265228 1c0087d2 10d4f4d3 fmul.s           f9, f9, f13          f9=xxxxxxxx  f9:3f7fb10e f13:411e59f9
15719802ns          265229 1c0087d6 60d576c3 fmadd.s          f13, f10, f13, f12  f13=xxxxxxxx f10:3d48fb1c f13:411e59f9 f12:bfa1c1ab
15719822ns          265230 1c0087da 48b57543 fmadd.s          f10, f10, f11, f9   f10=xxxxxxxx f10:3d48fb1c f11:3fa1f39c  f9:411e2924
15719841ns          265231 1c0087de 00d72023 sw               x13, 0(x14)         x13:bf4731b8 x14:100016c8  PA:100016c8
15719881ns          265233 1c0087e0 00a7a023 sw               x10, 0(x15)         x10:411f276e x15:1000168c  PA:1000168c
15719921ns          265235 1c0087e2 fb5b13e3 bne              x22, x21, -90       x22:00000011 x21:00000018
15719981ns          265238 1c008788 016007b3 add              x15, x0, x22        x15=00000011 x22:00000011
15720001ns          265239 1c00878a 060b0d63 beq              x22, x0, 122        x22:00000011
15720020ns          265240 1c00878e 00000713 addi             x14, x0, 0          x14=00000000
15720040ns          265241 1c008790 00f006b3 add              x13, x0, x15        x13=00000011 x15:00000011
15720060ns          265242 1c008792 fc1726b3 p.insert         x13, x14, 30, 1     x13=00000001 x13:00000011 x14:00000000
15720080ns          265243 1c008796 4017d793 srai             x15, x15, 0x401     x15=00000008 x15:00000011
15720100ns          265244 1c008798 00d00733 add              x14, x0, x13        x14=00000001 x13:00000001
15720120ns          265245 1c00879a fe079be3 bne              x15, x0, -10        x15:00000008
15720180ns          265248 1c008790 00f006b3 add              x13, x0, x15        x13=00000008 x15:00000008
15720199ns          265249 1c008792 fc1726b3 p.insert         x13, x14, 30, 1     x13=00000002 x13:00000008 x14:00000001
15720219ns          265250 1c008796 4017d793 srai             x15, x15, 0x401     x15=00000004 x15:00000008
15720239ns          265251 1c008798 00d00733 add              x14, x0, x13        x14=00000002 x13:00000002
15720259ns          265252 1c00879a fe079be3 bne              x15, x0, -10        x15:00000004
15720319ns          265255 1c008790 00f006b3 add              x13, x0, x15        x13=00000004 x15:00000004
15720339ns          265256 1c008792 fc1726b3 p.insert         x13, x14, 30, 1     x13=00000004 x13:00000004 x14:00000002
15720359ns          265257 1c008796 4017d793 srai             x15, x15, 0x401     x15=00000002 x15:00000004
15720378ns          265258 1c008798 00d00733 add              x14, x0, x13        x14=00000004 x13:00000004
15720398ns          265259 1c00879a fe079be3 bne              x15, x0, -10        x15:00000002
15720458ns          265262 1c008790 00f006b3 add              x13, x0, x15        x13=00000002 x15:00000002
15720478ns          265263 1c008792 fc1726b3 p.insert         x13, x14, 30, 1     x13=00000008 x13:00000002 x14:00000004
15720498ns          265264 1c008796 4017d793 srai             x15, x15, 0x401     x15=00000001 x15:00000002
15720518ns          265265 1c008798 00d00733 add              x14, x0, x13        x14=00000008 x13:00000008
15720538ns          265266 1c00879a fe079be3 bne              x15, x0, -10        x15:00000001
15720597ns          265269 1c008790 00f006b3 add              x13, x0, x15        x13=00000001 x15:00000001
15720617ns          265270 1c008792 fc1726b3 p.insert         x13, x14, 30, 1     x13=00000011 x13:00000001 x14:00000008
15720637ns          265271 1c008796 4017d793 srai             x15, x15, 0x401     x15=00000000 x15:00000001
15720657ns          265272 1c008798 00d00733 add              x14, x0, x13        x14=00000011 x13:00000011
15720677ns          265273 1c00879a fe079be3 bne              x15, x0, -10        x15:00000000
15720697ns          265274 1c00879c d006f453 fcvt.s.w         f8, x13              f8=xxxxxxxx x13:00000011
15720717ns          265275 1c0087a0 11447453 fmul.s           f8, f8, f20          f8=xxxxxxxx  f8:41880000 f20:3f490fdb
15720736ns          265276 1c0087a4 19347453 fdiv.s           f8, f8, f19          f8=xxxxxxxx  f8:4155a0d9 f19:41800000
15721015ns          265290 1c0087a8 00800533 add              x10, x0, x8         x10=3f55a0d9  x8:3f55a0d9
15721035ns          265291 1c0087aa 66a000ef jal              x1, 1642             x1=1c0087ac
15721075ns          265293 1c008e14 a0a527d3 feq.s            x15, f10, f10       x15=00000001 f10:3f55a0d9 f10:3f55a0d9
15721095ns          265294 1c008e18 0a078b63 beq              x15, x0, 182        x15:00000001
15721114ns          265295 1c008e1a e00517d3 fclass.s         x15, f10            x15=00000040 f10:3f55a0d9
15721134ns          265296 1c008e1e 0817f793 andi             x15, x15, 129       x15=00000000 x15:00000040
15721154ns          265297 1c008e22 0a079663 bne              x15, x0, 172        x15:00000000
15721174ns          265298 1c008e24 00000793 addi             x15, x0, 0          x15=00000000
15721194ns          265299 1c008e28 a0f517d3 flt.s            x15, f10, f15       x15=00000000 f10:3f55a0d9 f15:00000000
15721214ns          265300 1c008e2c 0a079663 bne              x15, x0, 172        x15:00000000
15721234ns          265301 1c008e2e 1c000737 lui              x14, 0x1c000000     x14=1c000000
15721254ns          265302 1c008e32 16072783 lw               x15, 352(x14)       x15=40c90fdb x14:1c000000  PA:1c000160
15721572ns          265318 1c008e36 a0a797d3 flt.s            x15, f15, f10       x15=00000000 f15:40c90fdb f10:3f55a0d9
15721592ns          265319 1c008e3a 00078b63 beq              x15, x0, 22         x15:00000000
15721651ns          265322 1c008e50 00000793 addi             x15, x0, 0          x15=00000000
15721671ns          265323 1c008e54 a0f517d3 flt.s            x15, f10, f15       x15=00000000 f10:3f55a0d9 f15:00000000
15721691ns          265324 1c008e58 08079a63 bne              x15, x0, 148        x15:00000000
15721711ns          265325 1c008e5a 1c0007b7 lui              x15, 0x1c000000     x15=1c000000
15721731ns          265326 1c008e5e 0207a783 lw               x15, 32(x15)        x15=3fc90fdb x15:1c000000  PA:1c000020
15722049ns          265342 1c008e62 a0f517d3 flt.s            x15, f10, f15       x15=00000001 f10:3f55a0d9 f15:3fc90fdb
15722069ns          265343 1c008e66 02079563 bne              x15, x0, 42         x15:00000001
15722129ns          265346 1c008e90 10a57553 fmul.s           f10, f10, f10       f10=xxxxxxxx f10:3f55a0d9 f10:3f55a0d9
15722149ns          265347 1c008e94 1c0007b7 lui              x15, 0x1c000000     x15=1c000000
15722169ns          265348 1c008e98 1c000737 lui              x14, 0x1c000000     x14=1c000000
15722189ns          265349 1c008e9c 16872703 lw               x14, 360(x14)       x14=bab59551 x14:1c000000  PA:1c000168
15722487ns          265364 1c008ea0 1647a783 lw               x15, 356(x15)       x15=37c23ab1 x15:1c000000  PA:1c000164
15722805ns          265380 1c008ea4 70f577c3 fmadd.s          f15, f10, f15, f14  f15=xxxxxxxx f10:3f32450e f15:37c23ab1 f14:bab59551
15722825ns          265381 1c008ea8 1c000737 lui              x14, 0x1c000000     x14=1c000000
15722845ns          265382 1c008eac 16c72703 lw               x14, 364(x14)       x14=3d2aa76f x14:1c000000  PA:1c00016c
15723183ns          265399 1c008eb0 70f577c3 fmadd.s          f15, f10, f15, f14  f15=xxxxxxxx f10:3f32450e f15:bab3784c f14:3d2aa76f
15723203ns          265400 1c008eb4 1c000737 lui              x14, 0x1c000000     x14=1c000000
15723223ns          265401 1c008eb8 17072703 lw               x14, 368(x14)       x14=beffffe0 x14:1c000000  PA:1c000170
15723541ns          265417 1c008ebc 70f577c3 fmadd.s          f15, f10, f15, f14  f15=xxxxxxxx f10:3f32450e f15:3d26bf9f f14:beffffe0
15723561ns          265418 1c008ec0 1c000737 lui              x14, 0x1c000000     x14=1c000000
15723581ns          265419 1c008ec4 19c72703 lw               x14, 412(x14)       x14=3f7fffff x14:1c000000  PA:1c00019c
15723899ns          265435 1c008ec8 70f57543 fmadd.s          f10, f10, f15, f14  f10=xxxxxxxx f10:3f32450e f15:bef17c19 f14:3f7fffff
15723919ns          265436 1c008ecc 00008067 jalr             x0, x1, 0            x1:1c0087ac
15723959ns          265438 1c0087ac 00a004b3 add              x9, x0, x10          x9=3f2beb48 x10:3f2beb48
15723979ns          265439 1c0087ae 08897553 fsub.s           f10, f18, f8        f10=xxxxxxxx f18:3fc90fdb  f8:3f55a0d9
15723999ns          265440 1c0087b2 001b0b13 addi             x22, x22, 1         x22=00000012 x22:00000011
15724018ns          265441 1c0087b4 660000ef jal              x1, 1632             x1=1c0087b6
15724058ns          265443 1c008e14 a0a527d3 feq.s            x15, f10, f10       x15=00000001 f10:3f3c7edd f10:3f3c7edd
15724078ns          265444 1c008e18 0a078b63 beq              x15, x0, 182        x15:00000001
15724098ns          265445 1c008e1a e00517d3 fclass.s         x15, f10            x15=00000040 f10:3f3c7edd
15724118ns          265446 1c008e1e 0817f793 andi             x15, x15, 129       x15=00000000 x15:00000040
15724138ns          265447 1c008e22 0a079663 bne              x15, x0, 172        x15:00000000
15724158ns          265448 1c008e24 00000793 addi             x15, x0, 0          x15=00000000
15724178ns          265449 1c008e28 a0f517d3 flt.s            x15, f10, f15       x15=00000000 f10:3f3c7edd f15:00000000
15724197ns          265450 1c008e2c 0a079663 bne              x15, x0, 172        x15:00000000
15724217ns          265451 1c008e2e 1c000737 lui              x14, 0x1c000000     x14=1c000000
15724237ns          265452 1c008e32 16072783 lw               x15, 352(x14)       x15=40c90fdb x14:1c000000  PA:1c000160
15724556ns          265468 1c008e36 a0a797d3 flt.s            x15, f15, f10       x15=00000000 f15:40c90fdb f10:3f3c7edd
15724575ns          265469 1c008e3a 00078b63 beq              x15, x0, 22         x15:00000000
15724635ns          265472 1c008e50 00000793 addi             x15, x0, 0          x15=00000000
15724655ns          265473 1c008e54 a0f517d3 flt.s            x15, f10, f15       x15=00000000 f10:3f3c7edd f15:00000000
15724675ns          265474 1c008e58 08079a63 bne              x15, x0, 148        x15:00000000
15724695ns          265475 1c008e5a 1c0007b7 lui              x15, 0x1c000000     x15=1c000000
15724715ns          265476 1c008e5e 0207a783 lw               x15, 32(x15)        x15=3fc90fdb x15:1c000000  PA:1c000020
15725053ns          265493 1c008e62 a0f517d3 flt.s            x15, f10, f15       x15=00000001 f10:3f3c7edd f15:3fc90fdb
15725073ns          265494 1c008e66 02079563 bne              x15, x0, 42         x15:00000001
15725132ns          265497 1c008e90 10a57553 fmul.s           f10, f10, f10       f10=xxxxxxxx f10:3f3c7edd f10:3f3c7edd
15725152ns          265498 1c008e94 1c0007b7 lui              x15, 0x1c000000     x15=1c000000
15725172ns          265499 1c008e98 1c000737 lui              x14, 0x1c000000     x14=1c000000
15725192ns          265500 1c008e9c 16872703 lw               x14, 360(x14)       x14=bab59551 x14:1c000000  PA:1c000168
15725490ns          265515 1c008ea0 1647a783 lw               x15, 356(x15)       x15=37c23ab1 x15:1c000000  PA:1c000164
15725809ns          265531 1c008ea4 70f577c3 fmadd.s          f15, f10, f15, f14  f15=xxxxxxxx f10:3f0aca93 f15:37c23ab1 f14:bab59551
15725829ns          265532 1c008ea8 1c000737 lui              x14, 0x1c000000     x14=1c000000
15725848ns          265533 1c008eac 16c72703 lw               x14, 364(x14)       x14=3d2aa76f x14:1c000000  PA:1c00016c
15726167ns          265549 1c008eb0 70f577c3 fmadd.s          f15, f10, f15, f14  f15=xxxxxxxx f10:3f0aca93 f15:bab3f01c f14:3d2aa76f
15726187ns          265550 1c008eb4 1c000737 lui              x14, 0x1c000000     x14=1c000000
15726206ns          265551 1c008eb8 17072703 lw               x14, 368(x14)       x14=beffffe0 x14:1c000000  PA:1c000170
15726525ns          265567 1c008ebc 70f577c3 fmadd.s          f15, f10, f15, f14  f15=xxxxxxxx f10:3f0aca93 f15:3d279b00 f14:beffffe0
15726545ns          265568 1c008ec0 1c000737 lui              x14, 0x1c000000     x14=1c000000
15726564ns          265569 1c008ec4 19c72703 lw               x14, 412(x14)       x14=3f7fffff x14:1c000000  PA:1c00019c
15726883ns          265585 1c008ec8 70f57543 fmadd.s          f10, f10, f15, f14  f10=xxxxxxxx f10:3f0aca93 f15:bef4a41a f14:3f7fffff
15726903ns          265586 1c008ecc 00008067 jalr             x0, x1, 0            x1:1c0087b6
15726962ns          265589 1c0087b6 004ca78b p.lw             x15, 4(x25!)        x15=00000011 x25=1000179c x25:10001798  PA:10001798
15726982ns          265590 1c0087ba ffcc270b p.lw             x14, -4(x24!)       x14=0000001e x24=100017c8 x24:100017cc  PA:100017cc
15727002ns          265591 1c0087be 00279793 slli             x15, x15, 0x2       x15=00000044 x15:00000011
15727022ns          265592 1c0087c0 017787b3 add              x15, x15, x23       x15=10001690 x15:00000044 x23:1000164c
15727042ns          265593 1c0087c2 00271713 slli             x14, x14, 0x2       x14=00000078 x14:0000001e
15727062ns          265594 1c0087c4 0007a583 lw               x11, 0(x15)         x11=c148b062 x15:10001690  PA:10001690
15727082ns          265595 1c0087c6 01770733 add              x14, x14, x23       x14=100016c4 x14:00000078 x23:1000164c
15727102ns          265596 1c0087c8 00072683 lw               x13, 0(x14)         x13=40e50dde x14:100016c4  PA:100016c4
15727121ns          265597 1c0087ca 20949653 fsgnjn.s         f12, f9, f9         f12=xxxxxxxx  f9:3f2beb48  f9:3f2beb48
15727141ns          265598 1c0087ce 10b67653 fmul.s           f12, f12, f11       f12=xxxxxxxx f12:bf2beb48 f11:c148b062
15727161ns          265599 1c0087d2 10d4f4d3 fmul.s           f9, f9, f13          f9=xxxxxxxx  f9:3f2beb48 f13:40e50dde
15727181ns          265600 1c0087d6 60d576c3 fmadd.s          f13, f10, f13, f12  f13=xxxxxxxx f10:3f3daef9 f13:40e50dde f12:4106c644
15727201ns          265601 1c0087da 48b57543 fmadd.s          f10, f10, f11, f9   f10=xxxxxxxx f10:3f3daef9 f11:c148b062  f9:4099d2c7
15727221ns          265602 1c0087de 00d72023 sw               x13, 0(x14)         x13:415ba22a x14:100016c4  PA:100016c4
15727241ns          265603 1c0087e0 00a7a023 sw               x10, 0(x15)         x10:c08f9400 x15:10001690  PA:10001690
15727261ns          265604 1c0087e2 fb5b13e3 bne              x22, x21, -90       x22:00000012 x21:00000018
15727380ns          265610 1c008788 016007b3 add              x15, x0, x22        x15=00000012 x22:00000012
15727400ns          265611 1c00878a 060b0d63 beq              x22, x0, 122        x22:00000012
15727420ns          265612 1c00878e 00000713 addi             x14, x0, 0          x14=00000000
15727440ns          265613 1c008790 00f006b3 add              x13, x0, x15        x13=00000012 x15:00000012
15727460ns          265614 1c008792 fc1726b3 p.insert         x13, x14, 30, 1     x13=00000000 x13:00000012 x14:00000000
15727479ns          265615 1c008796 4017d793 srai             x15, x15, 0x401     x15=00000009 x15:00000012
15727499ns          265616 1c008798 00d00733 add              x14, x0, x13        x14=00000000 x13:00000000
15727519ns          265617 1c00879a fe079be3 bne              x15, x0, -10        x15:00000009
15727579ns          265620 1c008790 00f006b3 add              x13, x0, x15        x13=00000009 x15:00000009
15727599ns          265621 1c008792 fc1726b3 p.insert         x13, x14, 30, 1     x13=00000001 x13:00000009 x14:00000000
15727619ns          265622 1c008796 4017d793 srai             x15, x15, 0x401     x15=00000004 x15:00000009
15727639ns          265623 1c008798 00d00733 add              x14, x0, x13        x14=00000001 x13:00000001
15727658ns          265624 1c00879a fe079be3 bne              x15, x0, -10        x15:00000004
15727718ns          265627 1c008790 00f006b3 add              x13, x0, x15        x13=00000004 x15:00000004
15727738ns          265628 1c008792 fc1726b3 p.insert         x13, x14, 30, 1     x13=00000002 x13:00000004 x14:00000001
15727758ns          265629 1c008796 4017d793 srai             x15, x15, 0x401     x15=00000002 x15:00000004
15727778ns          265630 1c008798 00d00733 add              x14, x0, x13        x14=00000002 x13:00000002
15727798ns          265631 1c00879a fe079be3 bne              x15, x0, -10        x15:00000002
15727857ns          265634 1c008790 00f006b3 add              x13, x0, x15        x13=00000002 x15:00000002
15727877ns          265635 1c008792 fc1726b3 p.insert         x13, x14, 30, 1     x13=00000004 x13:00000002 x14:00000002
15727897ns          265636 1c008796 4017d793 srai             x15, x15, 0x401     x15=00000001 x15:00000002
15727917ns          265637 1c008798 00d00733 add              x14, x0, x13        x14=00000004 x13:00000004
15727937ns          265638 1c00879a fe079be3 bne              x15, x0, -10        x15:00000001
15727997ns          265641 1c008790 00f006b3 add              x13, x0, x15        x13=00000001 x15:00000001
15728017ns          265642 1c008792 fc1726b3 p.insert         x13, x14, 30, 1     x13=00000009 x13:00000001 x14:00000004
15728036ns          265643 1c008796 4017d793 srai             x15, x15, 0x401     x15=00000000 x15:00000001
15728056ns          265644 1c008798 00d00733 add              x14, x0, x13        x14=00000009 x13:00000009
15728076ns          265645 1c00879a fe079be3 bne              x15, x0, -10        x15:00000000
15728096ns          265646 1c00879c d006f453 fcvt.s.w         f8, x13              f8=xxxxxxxx x13:00000009
15728116ns          265647 1c0087a0 11447453 fmul.s           f8, f8, f20          f8=xxxxxxxx  f8:41100000 f20:3f490fdb
15728136ns          265648 1c0087a4 19347453 fdiv.s           f8, f8, f19          f8=xxxxxxxx  f8:40e231d6 f19:41800000
15728494ns          265666 1c0087a8 00800533 add              x10, x0, x8         x10=3ee231d6  x8:3ee231d6
15728514ns          265667 1c0087aa 66a000ef jal              x1, 1642             x1=1c0087ac
15728554ns          265669 1c008e14 a0a527d3 feq.s            x15, f10, f10       x15=00000001 f10:3ee231d6 f10:3ee231d6
15728573ns          265670 1c008e18 0a078b63 beq              x15, x0, 182        x15:00000001
15728593ns          265671 1c008e1a e00517d3 fclass.s         x15, f10            x15=00000040 f10:3ee231d6
15728613ns          265672 1c008e1e 0817f793 andi             x15, x15, 129       x15=00000000 x15:00000040
15728633ns          265673 1c008e22 0a079663 bne              x15, x0, 172        x15:00000000
15728653ns          265674 1c008e24 00000793 addi             x15, x0, 0          x15=00000000
15728673ns          265675 1c008e28 a0f517d3 flt.s            x15, f10, f15       x15=00000000 f10:3ee231d6 f15:00000000
15728693ns          265676 1c008e2c 0a079663 bne              x15, x0, 172        x15:00000000
15728713ns          265677 1c008e2e 1c000737 lui              x14, 0x1c000000     x14=1c000000
15728733ns          265678 1c008e32 16072783 lw               x15, 352(x14)       x15=40c90fdb x14:1c000000  PA:1c000160
15729091ns          265696 1c008e36 a0a797d3 flt.s            x15, f15, f10       x15=00000000 f15:40c90fdb f10:3ee231d6
15729110ns          265697 1c008e3a 00078b63 beq              x15, x0, 22         x15:00000000
15729170ns          265700 1c008e50 00000793 addi             x15, x0, 0          x15=00000000
15729190ns          265701 1c008e54 a0f517d3 flt.s            x15, f10, f15       x15=00000000 f10:3ee231d6 f15:00000000
15729210ns          265702 1c008e58 08079a63 bne              x15, x0, 148        x15:00000000
15729230ns          265703 1c008e5a 1c0007b7 lui              x15, 0x1c000000     x15=1c000000
15729250ns          265704 1c008e5e 0207a783 lw               x15, 32(x15)        x15=3fc90fdb x15:1c000000  PA:1c000020
15729588ns          265721 1c008e62 a0f517d3 flt.s            x15, f10, f15       x15=00000001 f10:3ee231d6 f15:3fc90fdb
15729608ns          265722 1c008e66 02079563 bne              x15, x0, 42         x15:00000001
15729667ns          265725 1c008e90 10a57553 fmul.s           f10, f10, f10       f10=xxxxxxxx f10:3ee231d6 f10:3ee231d6
15729687ns          265726 1c008e94 1c0007b7 lui              x15, 0x1c000000     x15=1c000000
15729707ns          265727 1c008e98 1c000737 lui              x14, 0x1c000000     x14=1c000000
15729727ns          265728 1c008e9c 16872703 lw               x14, 360(x14)       x14=bab59551 x14:1c000000  PA:1c000168
15730025ns          265743 1c008ea0 1647a783 lw               x15, 356(x15)       x15=37c23ab1 x15:1c000000  PA:1c000164
15730403ns          265762 1c008ea4 70f577c3 fmadd.s          f15, f10, f15, f14  f15=xxxxxxxx f10:3e47dc08 f15:37c23ab1 f14:bab59551
15730423ns          265763 1c008ea8 1c000737 lui              x14, 0x1c000000     x14=1c000000
15730443ns          265764 1c008eac 16c72703 lw               x14, 364(x14)       x14=3d2aa76f x14:1c000000  PA:1c00016c
15730761ns          265780 1c008eb0 70f577c3 fmadd.s          f15, f10, f15, f14  f15=xxxxxxxx f10:3e47dc08 f15:bab4fdae f14:3d2aa76f
15730781ns          265781 1c008eb4 1c000737 lui              x14, 0x1c000000     x14=1c000000
15730801ns          265782 1c008eb8 17072703 lw               x14, 368(x14)       x14=beffffe0 x14:1c000000  PA:1c000170
15731119ns          265798 1c008ebc 70f577c3 fmadd.s          f15, f10, f15, f14  f15=xxxxxxxx f10:3e47dc08 f15:3d298cd5 f14:beffffe0
15731139ns          265799 1c008ec0 1c000737 lui              x14, 0x1c000000     x14=1c000000
15731159ns          265800 1c008ec4 19c72703 lw               x14, 412(x14)       x14=3f7fffff x14:1c000000  PA:1c00019c
15731497ns          265817 1c008ec8 70f57543 fmadd.s          f10, f10, f15, f14  f10=xxxxxxxx f10:3e47dc08 f15:befbdcee f14:3f7fffff
15731517ns          265818 1c008ecc 00008067 jalr             x0, x1, 0            x1:1c0087ac
15731557ns          265820 1c0087ac 00a004b3 add              x9, x0, x10          x9=3f676bd8 x10:3f676bd8
15731577ns          265821 1c0087ae 08897553 fsub.s           f10, f18, f8        f10=xxxxxxxx f18:3fc90fdb  f8:3ee231d6
15731597ns          265822 1c0087b2 001b0b13 addi             x22, x22, 1         x22=00000013 x22:00000012
15731617ns          265823 1c0087b4 660000ef jal              x1, 1632             x1=1c0087b6
15731657ns          265825 1c008e14 a0a527d3 feq.s            x15, f10, f10       x15=00000001 f10:3f908366 f10:3f908366
15731676ns          265826 1c008e18 0a078b63 beq              x15, x0, 182        x15:00000001
15731696ns          265827 1c008e1a e00517d3 fclass.s         x15, f10            x15=00000040 f10:3f908366
15731716ns          265828 1c008e1e 0817f793 andi             x15, x15, 129       x15=00000000 x15:00000040
15731736ns          265829 1c008e22 0a079663 bne              x15, x0, 172        x15:00000000
15731756ns          265830 1c008e24 00000793 addi             x15, x0, 0          x15=00000000
15731776ns          265831 1c008e28 a0f517d3 flt.s            x15, f10, f15       x15=00000000 f10:3f908366 f15:00000000
15731796ns          265832 1c008e2c 0a079663 bne              x15, x0, 172        x15:00000000
15731816ns          265833 1c008e2e 1c000737 lui              x14, 0x1c000000     x14=1c000000
15731836ns          265834 1c008e32 16072783 lw               x15, 352(x14)       x15=40c90fdb x14:1c000000  PA:1c000160
15732154ns          265850 1c008e36 a0a797d3 flt.s            x15, f15, f10       x15=00000000 f15:40c90fdb f10:3f908366
15732174ns          265851 1c008e3a 00078b63 beq              x15, x0, 22         x15:00000000
15732233ns          265854 1c008e50 00000793 addi             x15, x0, 0          x15=00000000
15732253ns          265855 1c008e54 a0f517d3 flt.s            x15, f10, f15       x15=00000000 f10:3f908366 f15:00000000
15732273ns          265856 1c008e58 08079a63 bne              x15, x0, 148        x15:00000000
15732293ns          265857 1c008e5a 1c0007b7 lui              x15, 0x1c000000     x15=1c000000
15732313ns          265858 1c008e5e 0207a783 lw               x15, 32(x15)        x15=3fc90fdb x15:1c000000  PA:1c000020
15732631ns          265874 1c008e62 a0f517d3 flt.s            x15, f10, f15       x15=00000001 f10:3f908366 f15:3fc90fdb
15732651ns          265875 1c008e66 02079563 bne              x15, x0, 42         x15:00000001
15732711ns          265878 1c008e90 10a57553 fmul.s           f10, f10, f10       f10=xxxxxxxx f10:3f908366 f10:3f908366
15732731ns          265879 1c008e94 1c0007b7 lui              x15, 0x1c000000     x15=1c000000
15732751ns          265880 1c008e98 1c000737 lui              x14, 0x1c000000     x14=1c000000
15732770ns          265881 1c008e9c 16872703 lw               x14, 360(x14)       x14=bab59551 x14:1c000000  PA:1c000168
15733069ns          265896 1c008ea0 1647a783 lw               x15, 356(x15)       x15=37c23ab1 x15:1c000000  PA:1c000164
15733427ns          265914 1c008ea4 70f577c3 fmadd.s          f15, f10, f15, f14  f15=xxxxxxxx f10:3fa3282c f15:37c23ab1 f14:bab59551
15733447ns          265915 1c008ea8 1c000737 lui              x14, 0x1c000000     x14=1c000000
15733467ns          265916 1c008eac 16c72703 lw               x14, 364(x14)       x14=3d2aa76f x14:1c000000  PA:1c00016c
15733785ns          265932 1c008eb0 70f577c3 fmadd.s          f15, f10, f15, f14  f15=xxxxxxxx f10:3fa3282c f15:bab1b702 f14:3d2aa76f
15733805ns          265933 1c008eb4 1c000737 lui              x14, 0x1c000000     x14=1c000000
15733825ns          265934 1c008eb8 17072703 lw               x14, 368(x14)       x14=beffffe0 x14:1c000000  PA:1c000170
15734143ns          265950 1c008ebc 70f577c3 fmadd.s          f15, f10, f15, f14  f15=xxxxxxxx f10:3fa3282c f15:3d239338 f14:beffffe0
15734163ns          265951 1c008ec0 1c000737 lui              x14, 0x1c000000     x14=1c000000
15734183ns          265952 1c008ec4 19c72703 lw               x14, 412(x14)       x14=3f7fffff x14:1c000000  PA:1c00019c
15734501ns          265968 1c008ec8 70f57543 fmadd.s          f10, f10, f15, f14  f10=xxxxxxxx f10:3fa3282c f15:bee5efc6 f14:3f7fffff
15734521ns          265969 1c008ecc 00008067 jalr             x0, x1, 0            x1:1c0087b6
15734580ns          265972 1c0087b6 004ca78b p.lw             x15, 4(x25!)        x15=00000012 x25=100017a0 x25:1000179c  PA:1000179c
15734600ns          265973 1c0087ba ffcc270b p.lw             x14, -4(x24!)       x14=0000001d x24=100017c4 x24:100017c8  PA:100017c8
15734620ns          265974 1c0087be 00279793 slli             x15, x15, 0x2       x15=00000048 x15:00000012
15734640ns          265975 1c0087c0 017787b3 add              x15, x15, x23       x15=10001694 x15:00000048 x23:1000164c
15734660ns          265976 1c0087c2 00271713 slli             x14, x14, 0x2       x14=00000074 x14:0000001d
15734680ns          265977 1c0087c4 0007a583 lw               x11, 0(x15)         x11=c18a1040 x15:10001694  PA:10001694
15734700ns          265978 1c0087c6 01770733 add              x14, x14, x23       x14=100016c0 x14:00000074 x23:1000164c
15734720ns          265979 1c0087c8 00072683 lw               x13, 0(x14)         x13=41afc204 x14:100016c0  PA:100016c0
15734740ns          265980 1c0087ca 20949653 fsgnjn.s         f12, f9, f9         f12=xxxxxxxx  f9:3f676bd8  f9:3f676bd8
15734759ns          265981 1c0087ce 10b67653 fmul.s           f12, f12, f11       f12=xxxxxxxx f12:bf676bd8 f11:c18a1040
15734779ns          265982 1c0087d2 10d4f4d3 fmul.s           f9, f9, f13          f9=xxxxxxxx  f9:3f676bd8 f13:41afc204
15734799ns          265983 1c0087d6 60d576c3 fmadd.s          f13, f10, f13, f12  f13=xxxxxxxx f10:3edae87e f13:41afc204 f12:41799da6
15734819ns          265984 1c0087da 48b57543 fmadd.s          f10, f10, f11, f9   f10=xxxxxxxx f10:3edae87e f11:c18a1040  f9:419ee21c
15734839ns          265985 1c0087de 00d72023 sw               x13, 0(x14)         x13:41c7f43e x14:100016c0  PA:100016c0
15734859ns          265986 1c0087e0 00a7a023 sw               x10, 0(x15)         x10:4147b4ff x15:10001694  PA:10001694
15734879ns          265987 1c0087e2 fb5b13e3 bne              x22, x21, -90       x22:00000013 x21:00000018
15734938ns          265990 1c008788 016007b3 add              x15, x0, x22        x15=00000013 x22:00000013
15734958ns          265991 1c00878a 060b0d63 beq              x22, x0, 122        x22:00000013
15734978ns          265992 1c00878e 00000713 addi             x14, x0, 0          x14=00000000
15734998ns          265993 1c008790 00f006b3 add              x13, x0, x15        x13=00000013 x15:00000013
15735018ns          265994 1c008792 fc1726b3 p.insert         x13, x14, 30, 1     x13=00000001 x13:00000013 x14:00000000
15735038ns          265995 1c008796 4017d793 srai             x15, x15, 0x401     x15=00000009 x15:00000013
15735058ns          265996 1c008798 00d00733 add              x14, x0, x13        x14=00000001 x13:00000001
15735078ns          265997 1c00879a fe079be3 bne              x15, x0, -10        x15:00000009
15735137ns          266000 1c008790 00f006b3 add              x13, x0, x15        x13=00000009 x15:00000009
15735157ns          266001 1c008792 fc1726b3 p.insert         x13, x14, 30, 1     x13=00000003 x13:00000009 x14:00000001
15735177ns          266002 1c008796 4017d793 srai             x15, x15, 0x401     x15=00000004 x15:00000009
15735197ns          266003 1c008798 00d00733 add              x14, x0, x13        x14=00000003 x13:00000003
15735217ns          266004 1c00879a fe079be3 bne              x15, x0, -10        x15:00000004
15735277ns          266007 1c008790 00f006b3 add              x13, x0, x15        x13=00000004 x15:00000004
15735297ns          266008 1c008792 fc1726b3 p.insert         x13, x14, 30, 1     x13=00000006 x13:00000004 x14:00000003
15735316ns          266009 1c008796 4017d793 srai             x15, x15, 0x401     x15=00000002 x15:00000004
15735336ns          266010 1c008798 00d00733 add              x14, x0, x13        x14=00000006 x13:00000006
15735356ns          266011 1c00879a fe079be3 bne              x15, x0, -10        x15:00000002
15735416ns          266014 1c008790 00f006b3 add              x13, x0, x15        x13=00000002 x15:00000002
15735436ns          266015 1c008792 fc1726b3 p.insert         x13, x14, 30, 1     x13=0000000c x13:00000002 x14:00000006
15735456ns          266016 1c008796 4017d793 srai             x15, x15, 0x401     x15=00000001 x15:00000002
15735476ns          266017 1c008798 00d00733 add              x14, x0, x13        x14=0000000c x13:0000000c
15735495ns          266018 1c00879a fe079be3 bne              x15, x0, -10        x15:00000001
15735555ns          266021 1c008790 00f006b3 add              x13, x0, x15        x13=00000001 x15:00000001
15735575ns          266022 1c008792 fc1726b3 p.insert         x13, x14, 30, 1     x13=00000019 x13:00000001 x14:0000000c
15735595ns          266023 1c008796 4017d793 srai             x15, x15, 0x401     x15=00000000 x15:00000001
15735615ns          266024 1c008798 00d00733 add              x14, x0, x13        x14=00000019 x13:00000019
15735635ns          266025 1c00879a fe079be3 bne              x15, x0, -10        x15:00000000
15735655ns          266026 1c00879c d006f453 fcvt.s.w         f8, x13              f8=xxxxxxxx x13:00000019
15735674ns          266027 1c0087a0 11447453 fmul.s           f8, f8, f20          f8=xxxxxxxx  f8:41c80000 f20:3f490fdb
15735694ns          266028 1c0087a4 19347453 fdiv.s           f8, f8, f19          f8=xxxxxxxx  f8:419d1463 f19:41800000
15735973ns          266042 1c0087a8 00800533 add              x10, x0, x8         x10=3f9d1463  x8:3f9d1463
15735993ns          266043 1c0087aa 66a000ef jal              x1, 1642             x1=1c0087ac
15736032ns          266045 1c008e14 a0a527d3 feq.s            x15, f10, f10       x15=00000001 f10:3f9d1463 f10:3f9d1463
15736052ns          266046 1c008e18 0a078b63 beq              x15, x0, 182        x15:00000001
15736072ns          266047 1c008e1a e00517d3 fclass.s         x15, f10            x15=00000040 f10:3f9d1463
15736092ns          266048 1c008e1e 0817f793 andi             x15, x15, 129       x15=00000000 x15:00000040
15736112ns          266049 1c008e22 0a079663 bne              x15, x0, 172        x15:00000000
15736132ns          266050 1c008e24 00000793 addi             x15, x0, 0          x15=00000000
15736152ns          266051 1c008e28 a0f517d3 flt.s            x15, f10, f15       x15=00000000 f10:3f9d1463 f15:00000000
15736172ns          266052 1c008e2c 0a079663 bne              x15, x0, 172        x15:00000000
15736192ns          266053 1c008e2e 1c000737 lui              x14, 0x1c000000     x14=1c000000
15736211ns          266054 1c008e32 16072783 lw               x15, 352(x14)       x15=40c90fdb x14:1c000000  PA:1c000160
15736589ns          266073 1c008e36 a0a797d3 flt.s            x15, f15, f10       x15=00000000 f15:40c90fdb f10:3f9d1463
15736609ns          266074 1c008e3a 00078b63 beq              x15, x0, 22         x15:00000000
15736669ns          266077 1c008e50 00000793 addi             x15, x0, 0          x15=00000000
15736689ns          266078 1c008e54 a0f517d3 flt.s            x15, f10, f15       x15=00000000 f10:3f9d1463 f15:00000000
15736709ns          266079 1c008e58 08079a63 bne              x15, x0, 148        x15:00000000
15736729ns          266080 1c008e5a 1c0007b7 lui              x15, 0x1c000000     x15=1c000000
15736749ns          266081 1c008e5e 0207a783 lw               x15, 32(x15)        x15=3fc90fdb x15:1c000000  PA:1c000020
15737067ns          266097 1c008e62 a0f517d3 flt.s            x15, f10, f15       x15=00000001 f10:3f9d1463 f15:3fc90fdb
15737087ns          266098 1c008e66 02079563 bne              x15, x0, 42         x15:00000001
15737146ns          266101 1c008e90 10a57553 fmul.s           f10, f10, f10       f10=xxxxxxxx f10:3f9d1463 f10:3f9d1463
15737166ns          266102 1c008e94 1c0007b7 lui              x15, 0x1c000000     x15=1c000000
15737186ns          266103 1c008e98 1c000737 lui              x14, 0x1c000000     x14=1c000000
15737206ns          266104 1c008e9c 16872703 lw               x14, 360(x14)       x14=bab59551 x14:1c000000  PA:1c000168
15737504ns          266119 1c008ea0 1647a783 lw               x15, 356(x15)       x15=37c23ab1 x15:1c000000  PA:1c000164
15737823ns          266135 1c008ea4 70f577c3 fmadd.s          f15, f10, f15, f14  f15=xxxxxxxx f10:3fc0c406 f15:37c23ab1 f14:bab59551
15737843ns          266136 1c008ea8 1c000737 lui              x14, 0x1c000000     x14=1c000000
15737862ns          266137 1c008eac 16c72703 lw               x14, 364(x14)       x14=3d2aa76f x14:1c000000  PA:1c00016c
15738201ns          266154 1c008eb0 70f577c3 fmadd.s          f15, f10, f15, f14  f15=xxxxxxxx f10:3fc0c406 f15:bab1034b f14:3d2aa76f
15738220ns          266155 1c008eb4 1c000737 lui              x14, 0x1c000000     x14=1c000000
15738240ns          266156 1c008eb8 17072703 lw               x14, 368(x14)       x14=beffffe0 x14:1c000000  PA:1c000170
15738559ns          266172 1c008ebc 70f577c3 fmadd.s          f15, f10, f15, f14  f15=xxxxxxxx f10:3fc0c406 f15:3d2252cf f14:beffffe0
15738578ns          266173 1c008ec0 1c000737 lui              x14, 0x1c000000     x14=1c000000
15738598ns          266174 1c008ec4 19c72703 lw               x14, 412(x14)       x14=3f7fffff x14:1c000000  PA:1c00019c
15738917ns          266190 1c008ec8 70f57543 fmadd.s          f10, f10, f15, f14  f10=xxxxxxxx f10:3fc0c406 f15:bee17146 f14:3f7fffff
15738937ns          266191 1c008ecc 00008067 jalr             x0, x1, 0            x1:1c0087ac
15738976ns          266193 1c0087ac 00a004b3 add              x9, x0, x10          x9=3eac7cd5 x10:3eac7cd5
15738996ns          266194 1c0087ae 08897553 fsub.s           f10, f18, f8        f10=xxxxxxxx f18:3fc90fdb  f8:3f9d1463
15739016ns          266195 1c0087b2 001b0b13 addi             x22, x22, 1         x22=00000014 x22:00000013
15739036ns          266196 1c0087b4 660000ef jal              x1, 1632             x1=1c0087b6
15739076ns          266198 1c008e14 a0a527d3 feq.s            x15, f10, f10       x15=00000001 f10:3eafede0 f10:3eafede0
15739096ns          266199 1c008e18 0a078b63 beq              x15, x0, 182        x15:00000001
15739116ns          266200 1c008e1a e00517d3 fclass.s         x15, f10            x15=00000040 f10:3eafede0
15739135ns          266201 1c008e1e 0817f793 andi             x15, x15, 129       x15=00000000 x15:00000040
15739155ns          266202 1c008e22 0a079663 bne              x15, x0, 172        x15:00000000
15739175ns          266203 1c008e24 00000793 addi             x15, x0, 0          x15=00000000
15739195ns          266204 1c008e28 a0f517d3 flt.s            x15, f10, f15       x15=00000000 f10:3eafede0 f15:00000000
15739215ns          266205 1c008e2c 0a079663 bne              x15, x0, 172        x15:00000000
15739235ns          266206 1c008e2e 1c000737 lui              x14, 0x1c000000     x14=1c000000
15739255ns          266207 1c008e32 16072783 lw               x15, 352(x14)       x15=40c90fdb x14:1c000000  PA:1c000160
15739593ns          266224 1c008e36 a0a797d3 flt.s            x15, f15, f10       x15=00000000 f15:40c90fdb f10:3eafede0
15739613ns          266225 1c008e3a 00078b63 beq              x15, x0, 22         x15:00000000
15739672ns          266228 1c008e50 00000793 addi             x15, x0, 0          x15=00000000
15739692ns          266229 1c008e54 a0f517d3 flt.s            x15, f10, f15       x15=00000000 f10:3eafede0 f15:00000000
15739712ns          266230 1c008e58 08079a63 bne              x15, x0, 148        x15:00000000
15739732ns          266231 1c008e5a 1c0007b7 lui              x15, 0x1c000000     x15=1c000000
15739752ns          266232 1c008e5e 0207a783 lw               x15, 32(x15)        x15=3fc90fdb x15:1c000000  PA:1c000020
15740070ns          266248 1c008e62 a0f517d3 flt.s            x15, f10, f15       x15=00000001 f10:3eafede0 f15:3fc90fdb
15740090ns          266249 1c008e66 02079563 bne              x15, x0, 42         x15:00000001
15740150ns          266252 1c008e90 10a57553 fmul.s           f10, f10, f10       f10=xxxxxxxx f10:3eafede0 f10:3eafede0
15740170ns          266253 1c008e94 1c0007b7 lui              x15, 0x1c000000     x15=1c000000
15740190ns          266254 1c008e98 1c000737 lui              x14, 0x1c000000     x14=1c000000
15740210ns          266255 1c008e9c 16872703 lw               x14, 360(x14)       x14=bab59551 x14:1c000000  PA:1c000168
15740508ns          266270 1c008ea0 1647a783 lw               x15, 356(x15)       x15=37c23ab1 x15:1c000000  PA:1c000164
15740826ns          266286 1c008ea4 70f577c3 fmadd.s          f15, f10, f15, f14  f15=xxxxxxxx f10:3df1ce2b f15:37c23ab1 f14:bab59551
15740846ns          266287 1c008ea8 1c000737 lui              x14, 0x1c000000     x14=1c000000
15740866ns          266288 1c008eac 16c72703 lw               x14, 364(x14)       x14=3d2aa76f x14:1c000000  PA:1c00016c
15741204ns          266305 1c008eb0 70f577c3 fmadd.s          f15, f10, f15, f14  f15=xxxxxxxx f10:3df1ce2b f15:bab53996 f14:3d2aa76f
15741224ns          266306 1c008eb4 1c000737 lui              x14, 0x1c000000     x14=1c000000
15741244ns          266307 1c008eb8 17072703 lw               x14, 368(x14)       x14=beffffe0 x14:1c000000  PA:1c000170
15741562ns          266323 1c008ebc 70f577c3 fmadd.s          f15, f10, f15, f14  f15=xxxxxxxx f10:3df1ce2b f15:3d29fc42 f14:beffffe0
15741582ns          266324 1c008ec0 1c000737 lui              x14, 0x1c000000     x14=1c000000
15741602ns          266325 1c008ec4 19c72703 lw               x14, 412(x14)       x14=3f7fffff x14:1c000000  PA:1c00019c
15741920ns          266341 1c008ec8 70f57543 fmadd.s          f10, f10, f15, f14  f10=xxxxxxxx f10:3df1ce2b f15:befd7da3 f14:3f7fffff
15741940ns          266342 1c008ecc 00008067 jalr             x0, x1, 0            x1:1c0087b6
15742000ns          266345 1c0087b6 004ca78b p.lw             x15, 4(x25!)        x15=00000013 x25=100017a4 x25:100017a0  PA:100017a0
15742020ns          266346 1c0087ba ffcc270b p.lw             x14, -4(x24!)       x14=0000001c x24=100017c0 x24:100017c4  PA:100017c4
15742039ns          266347 1c0087be 00279793 slli             x15, x15, 0x2       x15=0000004c x15:00000013
15742059ns          266348 1c0087c0 017787b3 add              x15, x15, x23       x15=10001698 x15:0000004c x23:1000164c
15742079ns          266349 1c0087c2 00271713 slli             x14, x14, 0x2       x14=00000070 x14:0000001c
15742099ns          266350 1c0087c4 0007a583 lw               x11, 0(x15)         x11=c04ffc34 x15:10001698  PA:10001698
15742119ns          266351 1c0087c6 01770733 add              x14, x14, x23       x14=100016bc x14:00000070 x23:1000164c
15742139ns          266352 1c0087c8 00072683 lw               x13, 0(x14)         x13=c1735ebf x14:100016bc  PA:100016bc
15742159ns          266353 1c0087ca 20949653 fsgnjn.s         f12, f9, f9         f12=xxxxxxxx  f9:3eac7cd5  f9:3eac7cd5
15742179ns          266354 1c0087ce 10b67653 fmul.s           f12, f12, f11       f12=xxxxxxxx f12:beac7cd5 f11:c04ffc34
15742199ns          266355 1c0087d2 10d4f4d3 fmul.s           f9, f9, f13          f9=xxxxxxxx  f9:3eac7cd5 f13:c1735ebf
15742219ns          266356 1c0087d6 60d576c3 fmadd.s          f13, f10, f13, f12  f13=xxxxxxxx f10:3f710908 f13:c1735ebf f12:3f8c22de
15742238ns          266357 1c0087da 48b57543 fmadd.s          f10, f10, f11, f9   f10=xxxxxxxx f10:3f710908 f11:c04ffc34  f9:c0a3fa55
15742258ns          266358 1c0087de 00d72023 sw               x13, 0(x14)         x13:c153a06c x14:100016bc  PA:100016bc
15742278ns          266359 1c0087e0 00a7a023 sw               x10, 0(x15)         x10:c102f21b x15:10001698  PA:10001698
15742298ns          266360 1c0087e2 fb5b13e3 bne              x22, x21, -90       x22:00000014 x21:00000018
15742358ns          266363 1c008788 016007b3 add              x15, x0, x22        x15=00000014 x22:00000014
15742378ns          266364 1c00878a 060b0d63 beq              x22, x0, 122        x22:00000014
15742398ns          266365 1c00878e 00000713 addi             x14, x0, 0          x14=00000000
15742417ns          266366 1c008790 00f006b3 add              x13, x0, x15        x13=00000014 x15:00000014
15742437ns          266367 1c008792 fc1726b3 p.insert         x13, x14, 30, 1     x13=00000000 x13:00000014 x14:00000000
15742457ns          266368 1c008796 4017d793 srai             x15, x15, 0x401     x15=0000000a x15:00000014
15742477ns          266369 1c008798 00d00733 add              x14, x0, x13        x14=00000000 x13:00000000
15742497ns          266370 1c00879a fe079be3 bne              x15, x0, -10        x15:0000000a
15742557ns          266373 1c008790 00f006b3 add              x13, x0, x15        x13=0000000a x15:0000000a
15742577ns          266374 1c008792 fc1726b3 p.insert         x13, x14, 30, 1     x13=00000000 x13:0000000a x14:00000000
15742596ns          266375 1c008796 4017d793 srai             x15, x15, 0x401     x15=00000005 x15:0000000a
15742616ns          266376 1c008798 00d00733 add              x14, x0, x13        x14=00000000 x13:00000000
15742636ns          266377 1c00879a fe079be3 bne              x15, x0, -10        x15:00000005
15742696ns          266380 1c008790 00f006b3 add              x13, x0, x15        x13=00000005 x15:00000005
15742716ns          266381 1c008792 fc1726b3 p.insert         x13, x14, 30, 1     x13=00000001 x13:00000005 x14:00000000
15742736ns          266382 1c008796 4017d793 srai             x15, x15, 0x401     x15=00000002 x15:00000005
15742756ns          266383 1c008798 00d00733 add              x14, x0, x13        x14=00000001 x13:00000001
15742775ns          266384 1c00879a fe079be3 bne              x15, x0, -10        x15:00000002
15742835ns          266387 1c008790 00f006b3 add              x13, x0, x15        x13=00000002 x15:00000002
15742855ns          266388 1c008792 fc1726b3 p.insert         x13, x14, 30, 1     x13=00000002 x13:00000002 x14:00000001
15742875ns          266389 1c008796 4017d793 srai             x15, x15, 0x401     x15=00000001 x15:00000002
15742895ns          266390 1c008798 00d00733 add              x14, x0, x13        x14=00000002 x13:00000002
15742915ns          266391 1c00879a fe079be3 bne              x15, x0, -10        x15:00000001
15742974ns          266394 1c008790 00f006b3 add              x13, x0, x15        x13=00000001 x15:00000001
15742994ns          266395 1c008792 fc1726b3 p.insert         x13, x14, 30, 1     x13=00000005 x13:00000001 x14:00000002
15743014ns          266396 1c008796 4017d793 srai             x15, x15, 0x401     x15=00000000 x15:00000001
15743034ns          266397 1c008798 00d00733 add              x14, x0, x13        x14=00000005 x13:00000005
15743054ns          266398 1c00879a fe079be3 bne              x15, x0, -10        x15:00000000
15743074ns          266399 1c00879c d006f453 fcvt.s.w         f8, x13              f8=xxxxxxxx x13:00000005
15743094ns          266400 1c0087a0 11447453 fmul.s           f8, f8, f20          f8=xxxxxxxx  f8:40a00000 f20:3f490fdb
15743114ns          266401 1c0087a4 19347453 fdiv.s           f8, f8, f19          f8=xxxxxxxx  f8:407b53d2 f19:41800000
15743392ns          266415 1c0087a8 00800533 add              x10, x0, x8         x10=3e7b53d2  x8:3e7b53d2
15743412ns          266416 1c0087aa 66a000ef jal              x1, 1642             x1=1c0087ac
15743452ns          266418 1c008e14 a0a527d3 feq.s            x15, f10, f10       x15=00000001 f10:3e7b53d2 f10:3e7b53d2
15743472ns          266419 1c008e18 0a078b63 beq              x15, x0, 182        x15:00000001
15743492ns          266420 1c008e1a e00517d3 fclass.s         x15, f10            x15=00000040 f10:3e7b53d2
15743511ns          266421 1c008e1e 0817f793 andi             x15, x15, 129       x15=00000000 x15:00000040
15743531ns          266422 1c008e22 0a079663 bne              x15, x0, 172        x15:00000000
15743551ns          266423 1c008e24 00000793 addi             x15, x0, 0          x15=00000000
15743571ns          266424 1c008e28 a0f517d3 flt.s            x15, f10, f15       x15=00000000 f10:3e7b53d2 f15:00000000
15743591ns          266425 1c008e2c 0a079663 bne              x15, x0, 172        x15:00000000
15743611ns          266426 1c008e2e 1c000737 lui              x14, 0x1c000000     x14=1c000000
15743631ns          266427 1c008e32 16072783 lw               x15, 352(x14)       x15=40c90fdb x14:1c000000  PA:1c000160
15743949ns          266443 1c008e36 a0a797d3 flt.s            x15, f15, f10       x15=00000000 f15:40c90fdb f10:3e7b53d2
15743969ns          266444 1c008e3a 00078b63 beq              x15, x0, 22         x15:00000000
15744029ns          266447 1c008e50 00000793 addi             x15, x0, 0          x15=00000000
15744048ns          266448 1c008e54 a0f517d3 flt.s            x15, f10, f15       x15=00000000 f10:3e7b53d2 f15:00000000
15744068ns          266449 1c008e58 08079a63 bne              x15, x0, 148        x15:00000000
15744088ns          266450 1c008e5a 1c0007b7 lui              x15, 0x1c000000     x15=1c000000
15744108ns          266451 1c008e5e 0207a783 lw               x15, 32(x15)        x15=3fc90fdb x15:1c000000  PA:1c000020
15744426ns          266467 1c008e62 a0f517d3 flt.s            x15, f10, f15       x15=00000001 f10:3e7b53d2 f15:3fc90fdb
15744446ns          266468 1c008e66 02079563 bne              x15, x0, 42         x15:00000001
15744506ns          266471 1c008e90 10a57553 fmul.s           f10, f10, f10       f10=xxxxxxxx f10:3e7b53d2 f10:3e7b53d2
15744526ns          266472 1c008e94 1c0007b7 lui              x15, 0x1c000000     x15=1c000000
15744546ns          266473 1c008e98 1c000737 lui              x14, 0x1c000000     x14=1c000000
15744566ns          266474 1c008e9c 16872703 lw               x14, 360(x14)       x14=bab59551 x14:1c000000  PA:1c000168
15744864ns          266489 1c008ea0 1647a783 lw               x15, 356(x15)       x15=37c23ab1 x15:1c000000  PA:1c000164
15745182ns          266505 1c008ea4 70f577c3 fmadd.s          f15, f10, f15, f14  f15=xxxxxxxx f10:3d76bd79 f15:37c23ab1 f14:bab59551
15745202ns          266506 1c008ea8 1c000737 lui              x14, 0x1c000000     x14=1c000000
15745222ns          266507 1c008eac 16c72703 lw               x14, 364(x14)       x14=3d2aa76f x14:1c000000  PA:1c00016c
15745580ns          266525 1c008eb0 70f577c3 fmadd.s          f15, f10, f15, f14  f15=xxxxxxxx f10:3d76bd79 f15:bab56684 f14:3d2aa76f
15745600ns          266526 1c008eb4 1c000737 lui              x14, 0x1c000000     x14=1c000000
15745620ns          266527 1c008eb8 17072703 lw               x14, 368(x14)       x14=beffffe0 x14:1c000000  PA:1c000170
15745938ns          266543 1c008ebc 70f577c3 fmadd.s          f15, f10, f15, f14  f15=xxxxxxxx f10:3d76bd79 f15:3d2a5004 f14:beffffe0
15745958ns          266544 1c008ec0 1c000737 lui              x14, 0x1c000000     x14=1c000000
15745978ns          266545 1c008ec4 19c72703 lw               x14, 412(x14)       x14=3f7fffff x14:1c000000  PA:1c00019c
15746316ns          266562 1c008ec8 70f57543 fmadd.s          f10, f10, f15, f14  f10=xxxxxxxx f10:3d76bd79 f15:befeb792 f14:3f7fffff
15746336ns          266563 1c008ecc 00008067 jalr             x0, x1, 0            x1:1c0087ac
15746376ns          266565 1c0087ac 00a004b3 add              x9, x0, x10          x9=3f7853f8 x10:3f7853f8
15746396ns          266566 1c0087ae 08897553 fsub.s           f10, f18, f8        f10=xxxxxxxx f18:3fc90fdb  f8:3e7b53d2
15746415ns          266567 1c0087b2 001b0b13 addi             x22, x22, 1         x22=00000015 x22:00000014
15746435ns          266568 1c0087b4 660000ef jal              x1, 1632             x1=1c0087b6
15746475ns          266570 1c008e14 a0a527d3 feq.s            x15, f10, f10       x15=00000001 f10:3fa9a561 f10:3fa9a561
15746495ns          266571 1c008e18 0a078b63 beq              x15, x0, 182        x15:00000001
15746515ns          266572 1c008e1a e00517d3 fclass.s         x15, f10            x15=00000040 f10:3fa9a561
15746535ns          266573 1c008e1e 0817f793 andi             x15, x15, 129       x15=00000000 x15:00000040
15746555ns          266574 1c008e22 0a079663 bne              x15, x0, 172        x15:00000000
15746575ns          266575 1c008e24 00000793 addi             x15, x0, 0          x15=00000000
15746594ns          266576 1c008e28 a0f517d3 flt.s            x15, f10, f15       x15=00000000 f10:3fa9a561 f15:00000000
15746614ns          266577 1c008e2c 0a079663 bne              x15, x0, 172        x15:00000000
15746634ns          266578 1c008e2e 1c000737 lui              x14, 0x1c000000     x14=1c000000
15746654ns          266579 1c008e32 16072783 lw               x15, 352(x14)       x15=40c90fdb x14:1c000000  PA:1c000160
15746992ns          266596 1c008e36 a0a797d3 flt.s            x15, f15, f10       x15=00000000 f15:40c90fdb f10:3fa9a561
15747012ns          266597 1c008e3a 00078b63 beq              x15, x0, 22         x15:00000000
15747072ns          266600 1c008e50 00000793 addi             x15, x0, 0          x15=00000000
15747092ns          266601 1c008e54 a0f517d3 flt.s            x15, f10, f15       x15=00000000 f10:3fa9a561 f15:00000000
15747112ns          266602 1c008e58 08079a63 bne              x15, x0, 148        x15:00000000
15747132ns          266603 1c008e5a 1c0007b7 lui              x15, 0x1c000000     x15=1c000000
15747151ns          266604 1c008e5e 0207a783 lw               x15, 32(x15)        x15=3fc90fdb x15:1c000000  PA:1c000020
15747470ns          266620 1c008e62 a0f517d3 flt.s            x15, f10, f15       x15=00000001 f10:3fa9a561 f15:3fc90fdb
15747490ns          266621 1c008e66 02079563 bne              x15, x0, 42         x15:00000001
15747549ns          266624 1c008e90 10a57553 fmul.s           f10, f10, f10       f10=xxxxxxxx f10:3fa9a561 f10:3fa9a561
15747569ns          266625 1c008e94 1c0007b7 lui              x15, 0x1c000000     x15=1c000000
15747589ns          266626 1c008e98 1c000737 lui              x14, 0x1c000000     x14=1c000000
15747609ns          266627 1c008e9c 16872703 lw               x14, 360(x14)       x14=bab59551 x14:1c000000  PA:1c000168
15747907ns          266642 1c008ea0 1647a783 lw               x15, 356(x15)       x15=37c23ab1 x15:1c000000  PA:1c000164
15748226ns          266658 1c008ea4 70f577c3 fmadd.s          f15, f10, f15, f14  f15=xxxxxxxx f10:3fe0d78a f15:37c23ab1 f14:bab59551
15748245ns          266659 1c008ea8 1c000737 lui              x14, 0x1c000000     x14=1c000000
15748265ns          266660 1c008eac 16c72703 lw               x14, 364(x14)       x14=3d2aa76f x14:1c000000  PA:1c00016c
15748584ns          266676 1c008eb0 70f577c3 fmadd.s          f15, f10, f15, f14  f15=xxxxxxxx f10:3fe0d78a f15:bab0409a f14:3d2aa76f
15748603ns          266677 1c008eb4 1c000737 lui              x14, 0x1c000000     x14=1c000000
15748623ns          266678 1c008eb8 17072703 lw               x14, 368(x14)       x14=beffffe0 x14:1c000000  PA:1c000170
15748981ns          266696 1c008ebc 70f577c3 fmadd.s          f15, f10, f15, f14  f15=xxxxxxxx f10:3fe0d78a f15:3d20faa0 f14:beffffe0
15749001ns          266697 1c008ec0 1c000737 lui              x14, 0x1c000000     x14=1c000000
15749021ns          266698 1c008ec4 19c72703 lw               x14, 412(x14)       x14=3f7fffff x14:1c000000  PA:1c00019c
15749339ns          266714 1c008ec8 70f57543 fmadd.s          f10, f10, f15, f14  f10=xxxxxxxx f10:3fe0d78a f15:bedca72b f14:3f7fffff
15749359ns          266715 1c008ecc 00008067 jalr             x0, x1, 0            x1:1c0087b6
15749419ns          266718 1c0087b6 004ca78b p.lw             x15, 4(x25!)        x15=00000014 x25=100017a8 x25:100017a4  PA:100017a4
15749439ns          266719 1c0087ba ffcc270b p.lw             x14, -4(x24!)       x14=0000001b x24=100017bc x24:100017c0  PA:100017c0
15749459ns          266720 1c0087be 00279793 slli             x15, x15, 0x2       x15=00000050 x15:00000014
15749479ns          266721 1c0087c0 017787b3 add              x15, x15, x23       x15=1000169c x15:00000050 x23:1000164c
15749499ns          266722 1c0087c2 00271713 slli             x14, x14, 0x2       x14=0000006c x14:0000001b
15749518ns          266723 1c0087c4 0007a583 lw               x11, 0(x15)         x11=404584f9 x15:1000169c  PA:1000169c
15749538ns          266724 1c0087c6 01770733 add              x14, x14, x23       x14=100016b8 x14:0000006c x23:1000164c
15749558ns          266725 1c0087c8 00072683 lw               x13, 0(x14)         x13=c188581d x14:100016b8  PA:100016b8
15749578ns          266726 1c0087ca 20949653 fsgnjn.s         f12, f9, f9         f12=xxxxxxxx  f9:3f7853f8  f9:3f7853f8
15749598ns          266727 1c0087ce 10b67653 fmul.s           f12, f12, f11       f12=xxxxxxxx f12:bf7853f8 f11:404584f9
15749618ns          266728 1c0087d2 10d4f4d3 fmul.s           f9, f9, f13          f9=xxxxxxxx  f9:3f7853f8 f13:c188581d
15749638ns          266729 1c0087d6 60d576c3 fmadd.s          f13, f10, f13, f12  f13=xxxxxxxx f10:3e78cfc8 f13:c188581d f12:c03f999b
15749658ns          266730 1c0087da 48b57543 fmadd.s          f10, f10, f11, f9   f10=xxxxxxxx f10:3e78cfc8 f11:404584f9  f9:c1844215
15749678ns          266731 1c0087de 00d72023 sw               x13, 0(x14)         x13:c0e450d3 x14:100016b8  PA:100016b8
15749697ns          266732 1c0087e0 00a7a023 sw               x10, 0(x15)         x10:c17c8498 x15:1000169c  PA:1000169c
15749717ns          266733 1c0087e2 fb5b13e3 bne              x22, x21, -90       x22:00000015 x21:00000018
15749777ns          266736 1c008788 016007b3 add              x15, x0, x22        x15=00000015 x22:00000015
15749797ns          266737 1c00878a 060b0d63 beq              x22, x0, 122        x22:00000015
15749817ns          266738 1c00878e 00000713 addi             x14, x0, 0          x14=00000000
15749837ns          266739 1c008790 00f006b3 add              x13, x0, x15        x13=00000015 x15:00000015
15749857ns          266740 1c008792 fc1726b3 p.insert         x13, x14, 30, 1     x13=00000001 x13:00000015 x14:00000000
15749876ns          266741 1c008796 4017d793 srai             x15, x15, 0x401     x15=0000000a x15:00000015
15749896ns          266742 1c008798 00d00733 add              x14, x0, x13        x14=00000001 x13:00000001
15749916ns          266743 1c00879a fe079be3 bne              x15, x0, -10        x15:0000000a
15749976ns          266746 1c008790 00f006b3 add              x13, x0, x15        x13=0000000a x15:0000000a
15749996ns          266747 1c008792 fc1726b3 p.insert         x13, x14, 30, 1     x13=00000002 x13:0000000a x14:00000001
15750016ns          266748 1c008796 4017d793 srai             x15, x15, 0x401     x15=00000005 x15:0000000a
15750036ns          266749 1c008798 00d00733 add              x14, x0, x13        x14=00000002 x13:00000002
15750055ns          266750 1c00879a fe079be3 bne              x15, x0, -10        x15:00000005
15750115ns          266753 1c008790 00f006b3 add              x13, x0, x15        x13=00000005 x15:00000005
15750135ns          266754 1c008792 fc1726b3 p.insert         x13, x14, 30, 1     x13=00000005 x13:00000005 x14:00000002
15750155ns          266755 1c008796 4017d793 srai             x15, x15, 0x401     x15=00000002 x15:00000005
15750175ns          266756 1c008798 00d00733 add              x14, x0, x13        x14=00000005 x13:00000005
15750195ns          266757 1c00879a fe079be3 bne              x15, x0, -10        x15:00000002
15750254ns          266760 1c008790 00f006b3 add              x13, x0, x15        x13=00000002 x15:00000002
15750274ns          266761 1c008792 fc1726b3 p.insert         x13, x14, 30, 1     x13=0000000a x13:00000002 x14:00000005
15750294ns          266762 1c008796 4017d793 srai             x15, x15, 0x401     x15=00000001 x15:00000002
15750314ns          266763 1c008798 00d00733 add              x14, x0, x13        x14=0000000a x13:0000000a
15750334ns          266764 1c00879a fe079be3 bne              x15, x0, -10        x15:00000001
15750394ns          266767 1c008790 00f006b3 add              x13, x0, x15        x13=00000001 x15:00000001
15750413ns          266768 1c008792 fc1726b3 p.insert         x13, x14, 30, 1     x13=00000015 x13:00000001 x14:0000000a
15750433ns          266769 1c008796 4017d793 srai             x15, x15, 0x401     x15=00000000 x15:00000001
15750453ns          266770 1c008798 00d00733 add              x14, x0, x13        x14=00000015 x13:00000015
15750473ns          266771 1c00879a fe079be3 bne              x15, x0, -10        x15:00000000
15750493ns          266772 1c00879c d006f453 fcvt.s.w         f8, x13              f8=xxxxxxxx x13:00000015
15750513ns          266773 1c0087a0 11447453 fmul.s           f8, f8, f20          f8=xxxxxxxx  f8:41a80000 f20:3f490fdb
15750533ns          266774 1c0087a4 19347453 fdiv.s           f8, f8, f19          f8=xxxxxxxx  f8:4183f268 f19:41800000
15750811ns          266788 1c0087a8 00800533 add              x10, x0, x8         x10=3f83f268  x8:3f83f268
15750831ns          266789 1c0087aa 66a000ef jal              x1, 1642             x1=1c0087ac
15750871ns          266791 1c008e14 a0a527d3 feq.s            x15, f10, f10       x15=00000001 f10:3f83f268 f10:3f83f268
15750891ns          266792 1c008e18 0a078b63 beq              x15, x0, 182        x15:00000001
15750911ns          266793 1c008e1a e00517d3 fclass.s         x15, f10            x15=00000040 f10:3f83f268
15750931ns          266794 1c008e1e 0817f793 andi             x15, x15, 129       x15=00000000 x15:00000040
15750951ns          266795 1c008e22 0a079663 bne              x15, x0, 172        x15:00000000
15750970ns          266796 1c008e24 00000793 addi             x15, x0, 0          x15=00000000
15750990ns          266797 1c008e28 a0f517d3 flt.s            x15, f10, f15       x15=00000000 f10:3f83f268 f15:00000000
15751010ns          266798 1c008e2c 0a079663 bne              x15, x0, 172        x15:00000000
15751030ns          266799 1c008e2e 1c000737 lui              x14, 0x1c000000     x14=1c000000
15751050ns          266800 1c008e32 16072783 lw               x15, 352(x14)       x15=40c90fdb x14:1c000000  PA:1c000160
15751368ns          266816 1c008e36 a0a797d3 flt.s            x15, f15, f10       x15=00000000 f15:40c90fdb f10:3f83f268
15751388ns          266817 1c008e3a 00078b63 beq              x15, x0, 22         x15:00000000
15751448ns          266820 1c008e50 00000793 addi             x15, x0, 0          x15=00000000
15751468ns          266821 1c008e54 a0f517d3 flt.s            x15, f10, f15       x15=00000000 f10:3f83f268 f15:00000000
15751488ns          266822 1c008e58 08079a63 bne              x15, x0, 148        x15:00000000
15751507ns          266823 1c008e5a 1c0007b7 lui              x15, 0x1c000000     x15=1c000000
15751527ns          266824 1c008e5e 0207a783 lw               x15, 32(x15)        x15=3fc90fdb x15:1c000000  PA:1c000020
15751846ns          266840 1c008e62 a0f517d3 flt.s            x15, f10, f15       x15=00000001 f10:3f83f268 f15:3fc90fdb
15751866ns          266841 1c008e66 02079563 bne              x15, x0, 42         x15:00000001
15751925ns          266844 1c008e90 10a57553 fmul.s           f10, f10, f10       f10=xxxxxxxx f10:3f83f268 f10:3f83f268
15751945ns          266845 1c008e94 1c0007b7 lui              x15, 0x1c000000     x15=1c000000
15751965ns          266846 1c008e98 1c000737 lui              x14, 0x1c000000     x14=1c000000
15751985ns          266847 1c008e9c 16872703 lw               x14, 360(x14)       x14=bab59551 x14:1c000000  PA:1c000168
15752283ns          266862 1c008ea0 1647a783 lw               x15, 356(x15)       x15=37c23ab1 x15:1c000000  PA:1c000164
15752601ns          266878 1c008ea4 70f577c3 fmadd.s          f15, f10, f15, f14  f15=xxxxxxxx f10:3f8803f8 f15:37c23ab1 f14:bab59551
15752621ns          266879 1c008ea8 1c000737 lui              x14, 0x1c000000     x14=1c000000
15752641ns          266880 1c008eac 16c72703 lw               x14, 364(x14)       x14=3d2aa76f x14:1c000000  PA:1c00016c
15752979ns          266897 1c008eb0 70f577c3 fmadd.s          f15, f10, f15, f14  f15=xxxxxxxx f10:3f8803f8 f15:bab25bbf f14:3d2aa76f
15752999ns          266898 1c008eb4 1c000737 lui              x14, 0x1c000000     x14=1c000000
15753019ns          266899 1c008eb8 17072703 lw               x14, 368(x14)       x14=beffffe0 x14:1c000000  PA:1c000170
15753357ns          266916 1c008ebc 70f577c3 fmadd.s          f15, f10, f15, f14  f15=xxxxxxxx f10:3f8803f8 f15:3d24bb37 f14:beffffe0
15753377ns          266917 1c008ec0 1c000737 lui              x14, 0x1c000000     x14=1c000000
15753397ns          266918 1c008ec4 19c72703 lw               x14, 412(x14)       x14=3f7fffff x14:1c000000  PA:1c00019c
15753715ns          266934 1c008ec8 70f57543 fmadd.s          f10, f10, f15, f14  f10=xxxxxxxx f10:3f8803f8 f15:beea1e5f f14:3f7fffff
15753735ns          266935 1c008ecc 00008067 jalr             x0, x1, 0            x1:1c0087ac
15753775ns          266937 1c0087ac 00a004b3 add              x9, x0, x10          x9=3f039c3b x10:3f039c3b
15753795ns          266938 1c0087ae 08897553 fsub.s           f10, f18, f8        f10=xxxxxxxx f18:3fc90fdb  f8:3f83f268
15753815ns          266939 1c0087b2 001b0b13 addi             x22, x22, 1         x22=00000016 x22:00000015
15753835ns          266940 1c0087b4 660000ef jal              x1, 1632             x1=1c0087b6
15753874ns          266942 1c008e14 a0a527d3 feq.s            x15, f10, f10       x15=00000001 f10:3f0a3ae6 f10:3f0a3ae6
15753894ns          266943 1c008e18 0a078b63 beq              x15, x0, 182        x15:00000001
15753914ns          266944 1c008e1a e00517d3 fclass.s         x15, f10            x15=00000040 f10:3f0a3ae6
15753934ns          266945 1c008e1e 0817f793 andi             x15, x15, 129       x15=00000000 x15:00000040
15753954ns          266946 1c008e22 0a079663 bne              x15, x0, 172        x15:00000000
15753974ns          266947 1c008e24 00000793 addi             x15, x0, 0          x15=00000000
15753994ns          266948 1c008e28 a0f517d3 flt.s            x15, f10, f15       x15=00000000 f10:3f0a3ae6 f15:00000000
15754014ns          266949 1c008e2c 0a079663 bne              x15, x0, 172        x15:00000000
15754034ns          266950 1c008e2e 1c000737 lui              x14, 0x1c000000     x14=1c000000
15754054ns          266951 1c008e32 16072783 lw               x15, 352(x14)       x15=40c90fdb x14:1c000000  PA:1c000160
15754372ns          266967 1c008e36 a0a797d3 flt.s            x15, f15, f10       x15=00000000 f15:40c90fdb f10:3f0a3ae6
15754392ns          266968 1c008e3a 00078b63 beq              x15, x0, 22         x15:00000000
15754451ns          266971 1c008e50 00000793 addi             x15, x0, 0          x15=00000000
15754471ns          266972 1c008e54 a0f517d3 flt.s            x15, f10, f15       x15=00000000 f10:3f0a3ae6 f15:00000000
15754491ns          266973 1c008e58 08079a63 bne              x15, x0, 148        x15:00000000
15754511ns          266974 1c008e5a 1c0007b7 lui              x15, 0x1c000000     x15=1c000000
15754531ns          266975 1c008e5e 0207a783 lw               x15, 32(x15)        x15=3fc90fdb x15:1c000000  PA:1c000020
15754849ns          266991 1c008e62 a0f517d3 flt.s            x15, f10, f15       x15=00000001 f10:3f0a3ae6 f15:3fc90fdb
15754869ns          266992 1c008e66 02079563 bne              x15, x0, 42         x15:00000001
15754929ns          266995 1c008e90 10a57553 fmul.s           f10, f10, f10       f10=xxxxxxxx f10:3f0a3ae6 f10:3f0a3ae6
15754949ns          266996 1c008e94 1c0007b7 lui              x15, 0x1c000000     x15=1c000000
15754968ns          266997 1c008e98 1c000737 lui              x14, 0x1c000000     x14=1c000000
15754988ns          266998 1c008e9c 16872703 lw               x14, 360(x14)       x14=bab59551 x14:1c000000  PA:1c000168
15755287ns          267013 1c008ea0 1647a783 lw               x15, 356(x15)       x15=37c23ab1 x15:1c000000  PA:1c000164
15755625ns          267030 1c008ea4 70f577c3 fmadd.s          f15, f10, f15, f14  f15=xxxxxxxx f10:3e95471b f15:37c23ab1 f14:bab59551
15755645ns          267031 1c008ea8 1c000737 lui              x14, 0x1c000000     x14=1c000000
15755665ns          267032 1c008eac 16c72703 lw               x14, 364(x14)       x14=3d2aa76f x14:1c000000  PA:1c00016c
15756003ns          267049 1c008eb0 70f577c3 fmadd.s          f15, f10, f15, f14  f15=xxxxxxxx f10:3e95471b f15:bab4b2cd f14:3d2aa76f
15756023ns          267050 1c008eb4 1c000737 lui              x14, 0x1c000000     x14=1c000000
15756043ns          267051 1c008eb8 17072703 lw               x14, 368(x14)       x14=beffffe0 x14:1c000000  PA:1c000170
15756361ns          267067 1c008ebc 70f577c3 fmadd.s          f15, f10, f15, f14  f15=xxxxxxxx f10:3e95471b f15:3d2901f6 f14:beffffe0
15756381ns          267068 1c008ec0 1c000737 lui              x14, 0x1c000000     x14=1c000000
15756401ns          267069 1c008ec4 19c72703 lw               x14, 412(x14)       x14=3f7fffff x14:1c000000  PA:1c00019c
15756719ns          267085 1c008ec8 70f57543 fmadd.s          f10, f10, f15, f14  f10=xxxxxxxx f10:3e95471b f15:bef9d70f f14:3f7fffff
15756739ns          267086 1c008ecc 00008067 jalr             x0, x1, 0            x1:1c0087b6
15756798ns          267089 1c0087b6 004ca78b p.lw             x15, 4(x25!)        x15=00000015 x25=100017ac x25:100017a8  PA:100017a8
15756818ns          267090 1c0087ba ffcc270b p.lw             x14, -4(x24!)       x14=0000001a x24=100017b8 x24:100017bc  PA:100017bc
15756838ns          267091 1c0087be 00279793 slli             x15, x15, 0x2       x15=00000054 x15:00000015
15756858ns          267092 1c0087c0 017787b3 add              x15, x15, x23       x15=100016a0 x15:00000054 x23:1000164c
15756878ns          267093 1c0087c2 00271713 slli             x14, x14, 0x2       x14=00000068 x14:0000001a
15756898ns          267094 1c0087c4 0007a583 lw               x11, 0(x15)         x11=41147363 x15:100016a0  PA:100016a0
15756918ns          267095 1c0087c6 01770733 add              x14, x14, x23       x14=100016b4 x14:00000068 x23:1000164c
15756938ns          267096 1c0087c8 00072683 lw               x13, 0(x14)         x13=40e71bb3 x14:100016b4  PA:100016b4
15756958ns          267097 1c0087ca 20949653 fsgnjn.s         f12, f9, f9         f12=xxxxxxxx  f9:3f039c3b  f9:3f039c3b
15756977ns          267098 1c0087ce 10b67653 fmul.s           f12, f12, f11       f12=xxxxxxxx f12:bf039c3b f11:41147363
15756997ns          267099 1c0087d2 10d4f4d3 fmul.s           f9, f9, f13          f9=xxxxxxxx  f9:3f039c3b f13:40e71bb3
15757017ns          267100 1c0087d6 60d576c3 fmadd.s          f13, f10, f13, f12  f13=xxxxxxxx f10:3f5b941b f13:40e71bb3 f12:c098a348
15757037ns          267101 1c0087da 48b57543 fmadd.s          f10, f10, f11, f9   f10=xxxxxxxx f10:3f5b941b f11:41147363  f9:406da06d
15757057ns          267102 1c0087de 00d72023 sw               x13, 0(x14)         x13:3fb65c7a x14:100016b4  PA:100016b4
15757077ns          267103 1c0087e0 00a7a023 sw               x10, 0(x15)         x10:413abcb3 x15:100016a0  PA:100016a0
15757097ns          267104 1c0087e2 fb5b13e3 bne              x22, x21, -90       x22:00000016 x21:00000018
15757156ns          267107 1c008788 016007b3 add              x15, x0, x22        x15=00000016 x22:00000016
15757176ns          267108 1c00878a 060b0d63 beq              x22, x0, 122        x22:00000016
15757196ns          267109 1c00878e 00000713 addi             x14, x0, 0          x14=00000000
15757216ns          267110 1c008790 00f006b3 add              x13, x0, x15        x13=00000016 x15:00000016
15757236ns          267111 1c008792 fc1726b3 p.insert         x13, x14, 30, 1     x13=00000000 x13:00000016 x14:00000000
15757256ns          267112 1c008796 4017d793 srai             x15, x15, 0x401     x15=0000000b x15:00000016
15757276ns          267113 1c008798 00d00733 add              x14, x0, x13        x14=00000000 x13:00000000
15757296ns          267114 1c00879a fe079be3 bne              x15, x0, -10        x15:0000000b
15757355ns          267117 1c008790 00f006b3 add              x13, x0, x15        x13=0000000b x15:0000000b
15757375ns          267118 1c008792 fc1726b3 p.insert         x13, x14, 30, 1     x13=00000001 x13:0000000b x14:00000000
15757395ns          267119 1c008796 4017d793 srai             x15, x15, 0x401     x15=00000005 x15:0000000b
15757415ns          267120 1c008798 00d00733 add              x14, x0, x13        x14=00000001 x13:00000001
15757435ns          267121 1c00879a fe079be3 bne              x15, x0, -10        x15:00000005
15757495ns          267124 1c008790 00f006b3 add              x13, x0, x15        x13=00000005 x15:00000005
15757514ns          267125 1c008792 fc1726b3 p.insert         x13, x14, 30, 1     x13=00000003 x13:00000005 x14:00000001
15757534ns          267126 1c008796 4017d793 srai             x15, x15, 0x401     x15=00000002 x15:00000005
15757554ns          267127 1c008798 00d00733 add              x14, x0, x13        x14=00000003 x13:00000003
15757574ns          267128 1c00879a fe079be3 bne              x15, x0, -10        x15:00000002
15757634ns          267131 1c008790 00f006b3 add              x13, x0, x15        x13=00000002 x15:00000002
15757654ns          267132 1c008792 fc1726b3 p.insert         x13, x14, 30, 1     x13=00000006 x13:00000002 x14:00000003
15757674ns          267133 1c008796 4017d793 srai             x15, x15, 0x401     x15=00000001 x15:00000002
15757694ns          267134 1c008798 00d00733 add              x14, x0, x13        x14=00000006 x13:00000006
15757713ns          267135 1c00879a fe079be3 bne              x15, x0, -10        x15:00000001
15757773ns          267138 1c008790 00f006b3 add              x13, x0, x15        x13=00000001 x15:00000001
15757793ns          267139 1c008792 fc1726b3 p.insert         x13, x14, 30, 1     x13=0000000d x13:00000001 x14:00000006
15757813ns          267140 1c008796 4017d793 srai             x15, x15, 0x401     x15=00000000 x15:00000001
15757833ns          267141 1c008798 00d00733 add              x14, x0, x13        x14=0000000d x13:0000000d
15757853ns          267142 1c00879a fe079be3 bne              x15, x0, -10        x15:00000000
15757873ns          267143 1c00879c d006f453 fcvt.s.w         f8, x13              f8=xxxxxxxx x13:0000000d
15757892ns          267144 1c0087a0 11447453 fmul.s           f8, f8, f20          f8=xxxxxxxx  f8:41500000 f20:3f490fdb
15757912ns          267145 1c0087a4 19347453 fdiv.s           f8, f8, f19          f8=xxxxxxxx  f8:41235ce2 f19:41800000
15758191ns          267159 1c0087a8 00800533 add              x10, x0, x8         x10=3f235ce2  x8:3f235ce2
15758211ns          267160 1c0087aa 66a000ef jal              x1, 1642             x1=1c0087ac
15758250ns          267162 1c008e14 a0a527d3 feq.s            x15, f10, f10       x15=00000001 f10:3f235ce2 f10:3f235ce2
15758270ns          267163 1c008e18 0a078b63 beq              x15, x0, 182        x15:00000001
15758290ns          267164 1c008e1a e00517d3 fclass.s         x15, f10            x15=00000040 f10:3f235ce2
15758310ns          267165 1c008e1e 0817f793 andi             x15, x15, 129       x15=00000000 x15:00000040
15758330ns          267166 1c008e22 0a079663 bne              x15, x0, 172        x15:00000000
15758350ns          267167 1c008e24 00000793 addi             x15, x0, 0          x15=00000000
15758370ns          267168 1c008e28 a0f517d3 flt.s            x15, f10, f15       x15=00000000 f10:3f235ce2 f15:00000000
15758390ns          267169 1c008e2c 0a079663 bne              x15, x0, 172        x15:00000000
15758410ns          267170 1c008e2e 1c000737 lui              x14, 0x1c000000     x14=1c000000
15758429ns          267171 1c008e32 16072783 lw               x15, 352(x14)       x15=40c90fdb x14:1c000000  PA:1c000160
15758748ns          267187 1c008e36 a0a797d3 flt.s            x15, f15, f10       x15=00000000 f15:40c90fdb f10:3f235ce2
15758768ns          267188 1c008e3a 00078b63 beq              x15, x0, 22         x15:00000000
15758827ns          267191 1c008e50 00000793 addi             x15, x0, 0          x15=00000000
15758847ns          267192 1c008e54 a0f517d3 flt.s            x15, f10, f15       x15=00000000 f10:3f235ce2 f15:00000000
15758867ns          267193 1c008e58 08079a63 bne              x15, x0, 148        x15:00000000
15758887ns          267194 1c008e5a 1c0007b7 lui              x15, 0x1c000000     x15=1c000000
15758907ns          267195 1c008e5e 0207a783 lw               x15, 32(x15)        x15=3fc90fdb x15:1c000000  PA:1c000020
15759225ns          267211 1c008e62 a0f517d3 flt.s            x15, f10, f15       x15=00000001 f10:3f235ce2 f15:3fc90fdb
15759245ns          267212 1c008e66 02079563 bne              x15, x0, 42         x15:00000001
15759305ns          267215 1c008e90 10a57553 fmul.s           f10, f10, f10       f10=xxxxxxxx f10:3f235ce2 f10:3f235ce2
15759325ns          267216 1c008e94 1c0007b7 lui              x15, 0x1c000000     x15=1c000000
15759344ns          267217 1c008e98 1c000737 lui              x14, 0x1c000000     x14=1c000000
15759364ns          267218 1c008e9c 16872703 lw               x14, 360(x14)       x14=bab59551 x14:1c000000  PA:1c000168
15759663ns          267233 1c008ea0 1647a783 lw               x15, 356(x15)       x15=37c23ab1 x15:1c000000  PA:1c000164
15759981ns          267249 1c008ea4 70f577c3 fmadd.s          f15, f10, f15, f14  f15=xxxxxxxx f10:3ed07ed3 f15:37c23ab1 f14:bab59551
15760001ns          267250 1c008ea8 1c000737 lui              x14, 0x1c000000     x14=1c000000
15760021ns          267251 1c008eac 16c72703 lw               x14, 364(x14)       x14=3d2aa76f x14:1c000000  PA:1c00016c
15760379ns          267269 1c008eb0 70f577c3 fmadd.s          f15, f10, f15, f14  f15=xxxxxxxx f10:3ed07ed3 f15:bab458f1 f14:3d2aa76f
15760399ns          267270 1c008eb4 1c000737 lui              x14, 0x1c000000     x14=1c000000
15760419ns          267271 1c008eb8 17072703 lw               x14, 368(x14)       x14=beffffe0 x14:1c000000  PA:1c000170
15760737ns          267287 1c008ebc 70f577c3 fmadd.s          f15, f10, f15, f14  f15=xxxxxxxx f10:3ed07ed3 f15:3d285be9 f14:beffffe0
15760757ns          267288 1c008ec0 1c000737 lui              x14, 0x1c000000     x14=1c000000
15760777ns          267289 1c008ec4 19c72703 lw               x14, 412(x14)       x14=3f7fffff x14:1c000000  PA:1c00019c
15761095ns          267305 1c008ec8 70f57543 fmadd.s          f10, f10, f15, f14  f10=xxxxxxxx f10:3ed07ed3 f15:bef76dff f14:3f7fffff
15761115ns          267306 1c008ecc 00008067 jalr             x0, x1, 0            x1:1c0087ac
15761155ns          267308 1c0087ac 00a004b3 add              x9, x0, x10          x9=3f4d9f02 x10:3f4d9f02
15761174ns          267309 1c0087ae 08897553 fsub.s           f10, f18, f8        f10=xxxxxxxx f18:3fc90fdb  f8:3f235ce2
15761194ns          267310 1c0087b2 001b0b13 addi             x22, x22, 1         x22=00000017 x22:00000016
15761214ns          267311 1c0087b4 660000ef jal              x1, 1632             x1=1c0087b6
15761254ns          267313 1c008e14 a0a527d3 feq.s            x15, f10, f10       x15=00000001 f10:3f6ec2d4 f10:3f6ec2d4
15761274ns          267314 1c008e18 0a078b63 beq              x15, x0, 182        x15:00000001
15761294ns          267315 1c008e1a e00517d3 fclass.s         x15, f10            x15=00000040 f10:3f6ec2d4
15761314ns          267316 1c008e1e 0817f793 andi             x15, x15, 129       x15=00000000 x15:00000040
15761334ns          267317 1c008e22 0a079663 bne              x15, x0, 172        x15:00000000
15761353ns          267318 1c008e24 00000793 addi             x15, x0, 0          x15=00000000
15761373ns          267319 1c008e28 a0f517d3 flt.s            x15, f10, f15       x15=00000000 f10:3f6ec2d4 f15:00000000
15761393ns          267320 1c008e2c 0a079663 bne              x15, x0, 172        x15:00000000
15761413ns          267321 1c008e2e 1c000737 lui              x14, 0x1c000000     x14=1c000000
15761433ns          267322 1c008e32 16072783 lw               x15, 352(x14)       x15=40c90fdb x14:1c000000  PA:1c000160
15761751ns          267338 1c008e36 a0a797d3 flt.s            x15, f15, f10       x15=00000000 f15:40c90fdb f10:3f6ec2d4
15761771ns          267339 1c008e3a 00078b63 beq              x15, x0, 22         x15:00000000
15761831ns          267342 1c008e50 00000793 addi             x15, x0, 0          x15=00000000
15761851ns          267343 1c008e54 a0f517d3 flt.s            x15, f10, f15       x15=00000000 f10:3f6ec2d4 f15:00000000
15761871ns          267344 1c008e58 08079a63 bne              x15, x0, 148        x15:00000000
15761890ns          267345 1c008e5a 1c0007b7 lui              x15, 0x1c000000     x15=1c000000
15761910ns          267346 1c008e5e 0207a783 lw               x15, 32(x15)        x15=3fc90fdb x15:1c000000  PA:1c000020
15762248ns          267363 1c008e62 a0f517d3 flt.s            x15, f10, f15       x15=00000001 f10:3f6ec2d4 f15:3fc90fdb
15762268ns          267364 1c008e66 02079563 bne              x15, x0, 42         x15:00000001
15762328ns          267367 1c008e90 10a57553 fmul.s           f10, f10, f10       f10=xxxxxxxx f10:3f6ec2d4 f10:3f6ec2d4
15762348ns          267368 1c008e94 1c0007b7 lui              x15, 0x1c000000     x15=1c000000
15762368ns          267369 1c008e98 1c000737 lui              x14, 0x1c000000     x14=1c000000
15762388ns          267370 1c008e9c 16872703 lw               x14, 360(x14)       x14=bab59551 x14:1c000000  PA:1c000168
15762686ns          267385 1c008ea0 1647a783 lw               x15, 356(x15)       x15=37c23ab1 x15:1c000000  PA:1c000164
15763024ns          267402 1c008ea4 70f577c3 fmadd.s          f15, f10, f15, f14  f15=xxxxxxxx f10:3f5eaed6 f15:37c23ab1 f14:bab59551
15763044ns          267403 1c008ea8 1c000737 lui              x14, 0x1c000000     x14=1c000000
15763064ns          267404 1c008eac 16c72703 lw               x14, 364(x14)       x14=3d2aa76f x14:1c000000  PA:1c00016c
15763382ns          267420 1c008eb0 70f577c3 fmadd.s          f15, f10, f15, f14  f15=xxxxxxxx f10:3f5eaed6 f15:bab2f183 f14:3d2aa76f
15763402ns          267421 1c008eb4 1c000737 lui              x14, 0x1c000000     x14=1c000000
15763422ns          267422 1c008eb8 17072703 lw               x14, 368(x14)       x14=beffffe0 x14:1c000000  PA:1c000170
15763740ns          267438 1c008ebc 70f577c3 fmadd.s          f15, f10, f15, f14  f15=xxxxxxxx f10:3f5eaed6 f15:3d25ca32 f14:beffffe0
15763760ns          267439 1c008ec0 1c000737 lui              x14, 0x1c000000     x14=1c000000
15763780ns          267440 1c008ec4 19c72703 lw               x14, 412(x14)       x14=3f7fffff x14:1c000000  PA:1c00019c
15764098ns          267456 1c008ec8 70f57543 fmadd.s          f10, f10, f15, f14  f10=xxxxxxxx f10:3f5eaed6 f15:beedf90e f14:3f7fffff
15764118ns          267457 1c008ecc 00008067 jalr             x0, x1, 0            x1:1c0087b6
15764178ns          267460 1c0087b6 004ca78b p.lw             x15, 4(x25!)        x15=00000016 x25=100017b0 x25:100017ac  PA:100017ac
15764198ns          267461 1c0087ba ffcc270b p.lw             x14, -4(x24!)       x14=00000019 x24=100017b4 x24:100017b8  PA:100017b8
15764218ns          267462 1c0087be 00279793 slli             x15, x15, 0x2       x15=00000058 x15:00000016
15764238ns          267463 1c0087c0 017787b3 add              x15, x15, x23       x15=100016a4 x15:00000058 x23:1000164c
15764257ns          267464 1c0087c2 00271713 slli             x14, x14, 0x2       x14=00000064 x14:00000019
15764277ns          267465 1c0087c4 0007a583 lw               x11, 0(x15)         x11=c156ca72 x15:100016a4  PA:100016a4
15764297ns          267466 1c0087c6 01770733 add              x14, x14, x23       x14=100016b0 x14:00000064 x23:1000164c
15764317ns          267467 1c0087c8 00072683 lw               x13, 0(x14)         x13=3f94d2b0 x14:100016b0  PA:100016b0
15764337ns          267468 1c0087ca 20949653 fsgnjn.s         f12, f9, f9         f12=xxxxxxxx  f9:3f4d9f02  f9:3f4d9f02
15764357ns          267469 1c0087ce 10b67653 fmul.s           f12, f12, f11       f12=xxxxxxxx f12:bf4d9f02 f11:c156ca72
15764377ns          267470 1c0087d2 10d4f4d3 fmul.s           f9, f9, f13          f9=xxxxxxxx  f9:3f4d9f02 f13:3f94d2b0
15764397ns          267471 1c0087d6 60d576c3 fmadd.s          f13, f10, f13, f12  f13=xxxxxxxx f10:3f187fbf f13:3f94d2b0 f12:412c8587
15764417ns          267472 1c0087da 48b57543 fmadd.s          f10, f10, f11, f9   f10=xxxxxxxx f10:3f187fbf f11:c156ca72  f9:3f6f124e
15764436ns          267473 1c0087de 00d72023 sw               x13, 0(x14)         x13:41379a73 x14:100016b0  PA:100016b0
15764456ns          267474 1c0087e0 00a7a023 sw               x10, 0(x15)         x10:c0e2047b x15:100016a4  PA:100016a4
15764476ns          267475 1c0087e2 fb5b13e3 bne              x22, x21, -90       x22:00000017 x21:00000018
15764536ns          267478 1c008788 016007b3 add              x15, x0, x22        x15=00000017 x22:00000017
15764556ns          267479 1c00878a 060b0d63 beq              x22, x0, 122        x22:00000017
15764576ns          267480 1c00878e 00000713 addi             x14, x0, 0          x14=00000000
15764596ns          267481 1c008790 00f006b3 add              x13, x0, x15        x13=00000017 x15:00000017
15764615ns          267482 1c008792 fc1726b3 p.insert         x13, x14, 30, 1     x13=00000001 x13:00000017 x14:00000000
15764635ns          267483 1c008796 4017d793 srai             x15, x15, 0x401     x15=0000000b x15:00000017
15764655ns          267484 1c008798 00d00733 add              x14, x0, x13        x14=00000001 x13:00000001
15764675ns          267485 1c00879a fe079be3 bne              x15, x0, -10        x15:0000000b
15764735ns          267488 1c008790 00f006b3 add              x13, x0, x15        x13=0000000b x15:0000000b
15764755ns          267489 1c008792 fc1726b3 p.insert         x13, x14, 30, 1     x13=00000003 x13:0000000b x14:00000001
15764775ns          267490 1c008796 4017d793 srai             x15, x15, 0x401     x15=00000005 x15:0000000b
15764795ns          267491 1c008798 00d00733 add              x14, x0, x13        x14=00000003 x13:00000003
15764814ns          267492 1c00879a fe079be3 bne              x15, x0, -10        x15:00000005
15764874ns          267495 1c008790 00f006b3 add              x13, x0, x15        x13=00000005 x15:00000005
15764894ns          267496 1c008792 fc1726b3 p.insert         x13, x14, 30, 1     x13=00000007 x13:00000005 x14:00000003
15764914ns          267497 1c008796 4017d793 srai             x15, x15, 0x401     x15=00000002 x15:00000005
15764934ns          267498 1c008798 00d00733 add              x14, x0, x13        x14=00000007 x13:00000007
15764954ns          267499 1c00879a fe079be3 bne              x15, x0, -10        x15:00000002
15765013ns          267502 1c008790 00f006b3 add              x13, x0, x15        x13=00000002 x15:00000002
15765033ns          267503 1c008792 fc1726b3 p.insert         x13, x14, 30, 1     x13=0000000e x13:00000002 x14:00000007
15765053ns          267504 1c008796 4017d793 srai             x15, x15, 0x401     x15=00000001 x15:00000002
15765073ns          267505 1c008798 00d00733 add              x14, x0, x13        x14=0000000e x13:0000000e
15765093ns          267506 1c00879a fe079be3 bne              x15, x0, -10        x15:00000001
15765153ns          267509 1c008790 00f006b3 add              x13, x0, x15        x13=00000001 x15:00000001
15765172ns          267510 1c008792 fc1726b3 p.insert         x13, x14, 30, 1     x13=0000001d x13:00000001 x14:0000000e
15765192ns          267511 1c008796 4017d793 srai             x15, x15, 0x401     x15=00000000 x15:00000001
15765212ns          267512 1c008798 00d00733 add              x14, x0, x13        x14=0000001d x13:0000001d
15765232ns          267513 1c00879a fe079be3 bne              x15, x0, -10        x15:00000000
15765252ns          267514 1c00879c d006f453 fcvt.s.w         f8, x13              f8=xxxxxxxx x13:0000001d
15765272ns          267515 1c0087a0 11447453 fmul.s           f8, f8, f20          f8=xxxxxxxx  f8:41e80000 f20:3f490fdb
15765292ns          267516 1c0087a4 19347453 fdiv.s           f8, f8, f19          f8=xxxxxxxx  f8:41b6365e f19:41800000
15765570ns          267530 1c0087a8 00800533 add              x10, x0, x8         x10=3fb6365e  x8:3fb6365e
15765590ns          267531 1c0087aa 66a000ef jal              x1, 1642             x1=1c0087ac
15765630ns          267533 1c008e14 a0a527d3 feq.s            x15, f10, f10       x15=00000001 f10:3fb6365e f10:3fb6365e
15765650ns          267534 1c008e18 0a078b63 beq              x15, x0, 182        x15:00000001
15765670ns          267535 1c008e1a e00517d3 fclass.s         x15, f10            x15=00000040 f10:3fb6365e
15765690ns          267536 1c008e1e 0817f793 andi             x15, x15, 129       x15=00000000 x15:00000040
15765709ns          267537 1c008e22 0a079663 bne              x15, x0, 172        x15:00000000
15765729ns          267538 1c008e24 00000793 addi             x15, x0, 0          x15=00000000
15765749ns          267539 1c008e28 a0f517d3 flt.s            x15, f10, f15       x15=00000000 f10:3fb6365e f15:00000000
15765769ns          267540 1c008e2c 0a079663 bne              x15, x0, 172        x15:00000000
15765789ns          267541 1c008e2e 1c000737 lui              x14, 0x1c000000     x14=1c000000
15765809ns          267542 1c008e32 16072783 lw               x15, 352(x14)       x15=40c90fdb x14:1c000000  PA:1c000160
15766127ns          267558 1c008e36 a0a797d3 flt.s            x15, f15, f10       x15=00000000 f15:40c90fdb f10:3fb6365e
15766147ns          267559 1c008e3a 00078b63 beq              x15, x0, 22         x15:00000000
15766207ns          267562 1c008e50 00000793 addi             x15, x0, 0          x15=00000000
15766227ns          267563 1c008e54 a0f517d3 flt.s            x15, f10, f15       x15=00000000 f10:3fb6365e f15:00000000
15766247ns          267564 1c008e58 08079a63 bne              x15, x0, 148        x15:00000000
15766266ns          267565 1c008e5a 1c0007b7 lui              x15, 0x1c000000     x15=1c000000
15766286ns          267566 1c008e5e 0207a783 lw               x15, 32(x15)        x15=3fc90fdb x15:1c000000  PA:1c000020
15766605ns          267582 1c008e62 a0f517d3 flt.s            x15, f10, f15       x15=00000001 f10:3fb6365e f15:3fc90fdb
15766624ns          267583 1c008e66 02079563 bne              x15, x0, 42         x15:00000001
15766684ns          267586 1c008e90 10a57553 fmul.s           f10, f10, f10       f10=xxxxxxxx f10:3fb6365e f10:3fb6365e
15766704ns          267587 1c008e94 1c0007b7 lui              x15, 0x1c000000     x15=1c000000
15766724ns          267588 1c008e98 1c000737 lui              x14, 0x1c000000     x14=1c000000
15766744ns          267589 1c008e9c 16872703 lw               x14, 360(x14)       x14=bab59551 x14:1c000000  PA:1c000168
15767042ns          267604 1c008ea0 1647a783 lw               x15, 356(x15)       x15=37c23ab1 x15:1c000000  PA:1c000164
15767360ns          267620 1c008ea4 70f577c3 fmadd.s          f15, f10, f15, f14  f15=xxxxxxxx f10:4001b159 f15:37c23ab1 f14:bab59551
15767380ns          267621 1c008ea8 1c000737 lui              x14, 0x1c000000     x14=1c000000
15767400ns          267622 1c008eac 16c72703 lw               x14, 364(x14)       x14=3d2aa76f x14:1c000000  PA:1c00016c
15767718ns          267638 1c008eb0 70f577c3 fmadd.s          f15, f10, f15, f14  f15=xxxxxxxx f10:4001b159 f15:baaf6eef f14:3d2aa76f
15767738ns          267639 1c008eb4 1c000737 lui              x14, 0x1c000000     x14=1c000000
15767758ns          267640 1c008eb8 17072703 lw               x14, 368(x14)       x14=beffffe0 x14:1c000000  PA:1c000170
15768076ns          267656 1c008ebc 70f577c3 fmadd.s          f15, f10, f15, f14  f15=xxxxxxxx f10:4001b159 f15:3d1f8b61 f14:beffffe0
15768096ns          267657 1c008ec0 1c000737 lui              x14, 0x1c000000     x14=1c000000
15768116ns          267658 1c008ec4 19c72703 lw               x14, 412(x14)       x14=3f7fffff x14:1c000000  PA:1c00019c
15768454ns          267675 1c008ec8 70f57543 fmadd.s          f10, f10, f15, f14  f10=xxxxxxxx f10:4001b159 f15:bed795ff f14:3f7fffff
15768474ns          267676 1c008ecc 00008067 jalr             x0, x1, 0            x1:1c0087ac
15768514ns          267678 1c0087ac 00a004b3 add              x9, x0, x10          x9=3e164083 x10:3e164083
15768534ns          267679 1c0087ae 08897553 fsub.s           f10, f18, f8        f10=xxxxxxxx f18:3fc90fdb  f8:3fb6365e
15768554ns          267680 1c0087b2 001b0b13 addi             x22, x22, 1         x22=00000018 x22:00000017
15768574ns          267681 1c0087b4 660000ef jal              x1, 1632             x1=1c0087b6
15768614ns          267683 1c008e14 a0a527d3 feq.s            x15, f10, f10       x15=00000001 f10:3e16cbe8 f10:3e16cbe8
15768633ns          267684 1c008e18 0a078b63 beq              x15, x0, 182        x15:00000001
15768653ns          267685 1c008e1a e00517d3 fclass.s         x15, f10            x15=00000040 f10:3e16cbe8
15768673ns          267686 1c008e1e 0817f793 andi             x15, x15, 129       x15=00000000 x15:00000040
15768693ns          267687 1c008e22 0a079663 bne              x15, x0, 172        x15:00000000
15768713ns          267688 1c008e24 00000793 addi             x15, x0, 0          x15=00000000
15768733ns          267689 1c008e28 a0f517d3 flt.s            x15, f10, f15       x15=00000000 f10:3e16cbe8 f15:00000000
15768753ns          267690 1c008e2c 0a079663 bne              x15, x0, 172        x15:00000000
15768773ns          267691 1c008e2e 1c000737 lui              x14, 0x1c000000     x14=1c000000
15768793ns          267692 1c008e32 16072783 lw               x15, 352(x14)       x15=40c90fdb x14:1c000000  PA:1c000160
15769111ns          267708 1c008e36 a0a797d3 flt.s            x15, f15, f10       x15=00000000 f15:40c90fdb f10:3e16cbe8
15769131ns          267709 1c008e3a 00078b63 beq              x15, x0, 22         x15:00000000
15769190ns          267712 1c008e50 00000793 addi             x15, x0, 0          x15=00000000
15769210ns          267713 1c008e54 a0f517d3 flt.s            x15, f10, f15       x15=00000000 f10:3e16cbe8 f15:00000000
15769230ns          267714 1c008e58 08079a63 bne              x15, x0, 148        x15:00000000
15769250ns          267715 1c008e5a 1c0007b7 lui              x15, 0x1c000000     x15=1c000000
15769270ns          267716 1c008e5e 0207a783 lw               x15, 32(x15)        x15=3fc90fdb x15:1c000000  PA:1c000020
15769588ns          267732 1c008e62 a0f517d3 flt.s            x15, f10, f15       x15=00000001 f10:3e16cbe8 f15:3fc90fdb
15769608ns          267733 1c008e66 02079563 bne              x15, x0, 42         x15:00000001
15769668ns          267736 1c008e90 10a57553 fmul.s           f10, f10, f10       f10=xxxxxxxx f10:3e16cbe8 f10:3e16cbe8
15769688ns          267737 1c008e94 1c0007b7 lui              x15, 0x1c000000     x15=1c000000
15769708ns          267738 1c008e98 1c000737 lui              x14, 0x1c000000     x14=1c000000
15769727ns          267739 1c008e9c 16872703 lw               x14, 360(x14)       x14=bab59551 x14:1c000000  PA:1c000168
15770026ns          267754 1c008ea0 1647a783 lw               x15, 356(x15)       x15=37c23ab1 x15:1c000000  PA:1c000164
15770344ns          267770 1c008ea4 70f577c3 fmadd.s          f15, f10, f15, f14  f15=xxxxxxxx f10:3cb1a72d f15:37c23ab1 f14:bab59551
15770364ns          267771 1c008ea8 1c000737 lui              x14, 0x1c000000     x14=1c000000
15770384ns          267772 1c008eac 16c72703 lw               x14, 364(x14)       x14=3d2aa76f x14:1c000000  PA:1c00016c
15770742ns          267790 1c008eb0 70f577c3 fmadd.s          f15, f10, f15, f14  f15=xxxxxxxx f10:3cb1a72d f15:bab58478 f14:3d2aa76f
15770762ns          267791 1c008eb4 1c000737 lui              x14, 0x1c000000     x14=1c000000
15770782ns          267792 1c008eb8 17072703 lw               x14, 368(x14)       x14=beffffe0 x14:1c000000  PA:1c000170
15771100ns          267808 1c008ebc 70f577c3 fmadd.s          f15, f10, f15, f14  f15=xxxxxxxx f10:3cb1a72d f15:3d2a87f1 f14:beffffe0
15771120ns          267809 1c008ec0 1c000737 lui              x14, 0x1c000000     x14=1c000000
15771140ns          267810 1c008ec4 19c72703 lw               x14, 412(x14)       x14=3f7fffff x14:1c000000  PA:1c00019c
15771458ns          267826 1c008ec8 70f57543 fmadd.s          f10, f10, f15, f14  f10=xxxxxxxx f10:3cb1a72d f15:beff8989 f14:3f7fffff
15771478ns          267827 1c008ecc 00008067 jalr             x0, x1, 0            x1:1c0087b6
15771537ns          267830 1c0087b6 004ca78b p.lw             x15, 4(x25!)        x15=00000017 x25=100017b4 x25:100017b0  PA:100017b0
15771557ns          267831 1c0087ba ffcc270b p.lw             x14, -4(x24!)       x14=00000018 x24=100017b0 x24:100017b4  PA:100017b4
15771577ns          267832 1c0087be 00279793 slli             x15, x15, 0x2       x15=0000005c x15:00000017
15771597ns          267833 1c0087c0 017787b3 add              x15, x15, x23       x15=100016a8 x15:0000005c x23:1000164c
15771617ns          267834 1c0087c2 00271713 slli             x14, x14, 0x2       x14=00000060 x14:00000018
15771637ns          267835 1c0087c4 0007a583 lw               x11, 0(x15)         x11=3de48980 x15:100016a8  PA:100016a8
15771657ns          267836 1c0087c6 01770733 add              x14, x14, x23       x14=100016ac x14:00000060 x23:1000164c
15771677ns          267837 1c0087c8 00072683 lw               x13, 0(x14)         x13=41a865dd x14:100016ac  PA:100016ac
15771697ns          267838 1c0087ca 20949653 fsgnjn.s         f12, f9, f9         f12=xxxxxxxx  f9:3e164083  f9:3e164083
15771716ns          267839 1c0087ce 10b67653 fmul.s           f12, f12, f11       f12=xxxxxxxx f12:be164083 f11:3de48980
15771736ns          267840 1c0087d2 10d4f4d3 fmul.s           f9, f9, f13          f9=xxxxxxxx  f9:3e164083 f13:41a865dd
15771756ns          267841 1c0087d6 60d576c3 fmadd.s          f13, f10, f13, f12  f13=xxxxxxxx f10:3f7d3aab f13:41a865dd f12:bc862228
15771776ns          267842 1c0087da 48b57543 fmadd.s          f10, f10, f11, f9   f10=xxxxxxxx f10:3f7d3aab f11:3de48980  f9:4045ac3e
15771796ns          267843 1c0087de 00d72023 sw               x13, 0(x14)         x13:41a671ba x14:100016ac  PA:100016ac
15771816ns          267844 1c0087e0 00a7a023 sw               x10, 0(x15)         x10:404cbcc0 x15:100016a8  PA:100016a8
15771836ns          267845 1c0087e2 fb5b13e3 bne              x22, x21, -90       x22:00000018 x21:00000018
15771856ns          267846 1c0087e6 07c12083 lw               x1, 124(x2)          x1=1c0088cc  x2:100015c8  PA:10001644
15771876ns          267847 1c0087e8 07812403 lw               x8, 120(x2)          x8=xxxxxxxx  x2:100015c8  PA:10001640
15771896ns          267848 1c0087ea 07412483 lw               x9, 116(x2)          x9=00000002  x2:100015c8  PA:1000163c
15771915ns          267849 1c0087ec 07012903 lw               x18, 112(x2)        x18=1c010000  x2:100015c8  PA:10001638
15771935ns          267850 1c0087ee 06c12983 lw               x19, 108(x2)        x19=xxxxxxxx  x2:100015c8  PA:10001634
15771955ns          267851 1c0087f0 06812a03 lw               x20, 104(x2)        x20=xxxxxxxx  x2:100015c8  PA:10001630
15771975ns          267852 1c0087f2 06412a83 lw               x21, 100(x2)        x21=xxxxxxxx  x2:100015c8  PA:1000162c
15771995ns          267853 1c0087f4 06012b03 lw               x22, 96(x2)         x22=xxxxxxxx  x2:100015c8  PA:10001628
15772015ns          267854 1c0087f6 05c12b83 lw               x23, 92(x2)         x23=xxxxxxxx  x2:100015c8  PA:10001624
15772035ns          267855 1c0087f8 05812c03 lw               x24, 88(x2)         x24=xxxxxxxx  x2:100015c8  PA:10001620
15772055ns          267856 1c0087fa 05412c83 lw               x25, 84(x2)         x25=xxxxxxxx  x2:100015c8  PA:1000161c
15772075ns          267857 1c0087fc 05012d03 lw               x26, 80(x2)         x26=xxxxxxxx  x2:100015c8  PA:10001618
15772094ns          267858 1c0087fe 04c12d83 lw               x27, 76(x2)         x27=xxxxxxxx  x2:100015c8  PA:10001614
15772114ns          267859 1c008800 08010113 addi             x2, x2, 128          x2=10001648  x2:100015c8
15772134ns          267860 1c008802 00008067 jalr             x0, x1, 0            x1:1c0088cc
15772393ns          267873 1c0088cc 00000693 addi             x13, x0, 0          x13=00000000
15772413ns          267874 1c0088ce 00100613 addi             x12, x0, 1          x12=00000001
15772512ns          267879 1c0088d0 02000593 addi             x11, x0, 32         x11=00000020
15772552ns          267881 1c0088d4 00410513 addi             x10, x2, 4          x10=1000164c  x2:10001648
15772572ns          267882 1c0088d6 869ff0ef jal              x1, -1944            x1=1c0088d8
15772651ns          267886 1c00813e 00100793 addi             x15, x0, 1          x15=00000001
15772731ns          267890 1c008140 06b7da63 bge              x15, x11, 116       x15:00000001 x11:00000020
15772771ns          267892 1c008144 00000813 addi             x16, x0, 0          x16=00000000
15772791ns          267893 1c008146 4015de13 srai             x28, x11, 0x401     x28=00000010 x11:00000020
15772810ns          267894 1c00814a 00c68333 add              x6, x13, x12         x6=00000001 x13:00000000 x12:00000001
15772910ns          267899 1c00814e fff84793 xori             x15, x16, -1        x15=ffffffff x16:00000000
15772930ns          267900 1c008152 00231313 slli             x6, x6, 0x2          x6=00000004  x6:00000001
15772950ns          267901 1c008154 01c7f7b3 and              x15, x15, x28       x15=00000010 x15:ffffffff x28:00000010
15772970ns          267902 1c008158 fff58e93 addi             x29, x11, -1        x29=0000001f x11:00000020
15772989ns          267903 1c00815c 00261f13 slli             x30, x12, 0x2       x30=00000004 x12:00000001
15773427ns          267925 1c008160 00a30333 add              x6, x6, x10          x6=10001650  x6:00000004 x10:1000164c
15773447ns          267926 1c008162 00000893 addi             x17, x0, 0          x17=00000000
15773467ns          267927 1c008164 01c845b3 xor              x11, x16, x28       x11=00000010 x16:00000000 x28:00000010
15773487ns          267928 1c008168 04079263 bne              x15, x0, 68         x15:00000010
15774422ns          267975 1c0081ac 00188893 addi             x17, x17, 1         x17=00000001 x17:00000000
15774442ns          267976 1c0081ae 00b00833 add              x16, x0, x11        x16=00000010 x11:00000010
15774501ns          267979 1c0081b0 fd1e99e3 bne              x29, x17, -46       x29:0000001f x17:00000001
15775018ns          268005 1c008182 0108dd63 bge              x17, x16, 26        x17:00000001 x16:00000010
15775038ns          268006 1c008186 00d007b3 add              x15, x0, x13        x15=00000000 x13:00000000
15775058ns          268007 1c008188 430607b3 p.mac            x15, x12, x16       x15=00000010 x15:00000000 x12:00000001 x16:00000010
15775078ns          268008 1c00818c 00279793 slli             x15, x15, 0x2       x15=00000040 x15:00000010
15775098ns          268009 1c00818e 00a787b3 add              x15, x15, x10       x15=1000168c x15:00000040 x10:1000164c
15775516ns          268030 1c008190 0007a583 lw               x11, 0(x15)         x11=411f276e x15:1000168c  PA:1000168c
15775575ns          268033 1c008192 00032703 lw               x14, 0(x6)          x14=3e7386c7  x6:10001650  PA:10001650
15775615ns          268035 1c008196 00b32023 sw               x11, 0(x6)          x11:411f276e  x6:10001650  PA:10001650
15775635ns          268036 1c00819a 00e7a023 sw               x14, 0(x15)         x14:3e7386c7 x15:1000168c  PA:1000168c
15775655ns          268037 1c00819c fff84793 xori             x15, x16, -1        x15=ffffffef x16:00000010
15775675ns          268038 1c0081a0 01c7f7b3 and              x15, x15, x28       x15=00000000 x15:ffffffef x28:00000010
15775695ns          268039 1c0081a4 01e30333 add              x6, x6, x30          x6=10001654  x6:10001650 x30:00000004
15775715ns          268040 1c0081a6 01c845b3 xor              x11, x16, x28       x11=00000000 x16:00000010 x28:00000010
15775734ns          268041 1c0081aa fc0780e3 beq              x15, x0, -64        x15:00000000
15775794ns          268044 1c00816a 01c007b3 add              x15, x0, x28        x15=00000010 x28:00000010
15775814ns          268045 1c00816c 4017d793 srai             x15, x15, 0x401     x15=00000008 x15:00000010
15775834ns          268046 1c00816e fff5c713 xori             x14, x11, -1        x14=ffffffff x11:00000000
15775854ns          268047 1c008172 00b7c833 xor              x16, x15, x11       x16=00000008 x15:00000008 x11:00000000
15775874ns          268048 1c008176 00f77733 and              x14, x14, x15       x14=00000008 x14:ffffffff x15:00000008
15775894ns          268049 1c008178 010005b3 add              x11, x0, x16        x11=00000008 x16:00000008
15775913ns          268050 1c00817a fe0709e3 beq              x14, x0, -14        x14:00000008
15775933ns          268051 1c00817c 00188893 addi             x17, x17, 1         x17=00000002 x17:00000001
15775953ns          268052 1c00817e 031e8b63 beq              x29, x17, 54        x29:0000001f x17:00000002
15775973ns          268053 1c008182 0108dd63 bge              x17, x16, 26        x17:00000002 x16:00000008
15775993ns          268054 1c008186 00d007b3 add              x15, x0, x13        x15=00000000 x13:00000000
15776013ns          268055 1c008188 430607b3 p.mac            x15, x12, x16       x15=00000008 x15:00000000 x12:00000001 x16:00000008
15776033ns          268056 1c00818c 00279793 slli             x15, x15, 0x2       x15=00000020 x15:00000008
15776053ns          268057 1c00818e 00a787b3 add              x15, x15, x10       x15=1000166c x15:00000020 x10:1000164c
15776073ns          268058 1c008190 0007a583 lw               x11, 0(x15)         x11=4140f575 x15:1000166c  PA:1000166c
15776092ns          268059 1c008192 00032703 lw               x14, 0(x6)          x14=c18157ec  x6:10001654  PA:10001654
15776132ns          268061 1c008196 00b32023 sw               x11, 0(x6)          x11:4140f575  x6:10001654  PA:10001654
15776152ns          268062 1c00819a 00e7a023 sw               x14, 0(x15)         x14:c18157ec x15:1000166c  PA:1000166c
15776172ns          268063 1c00819c fff84793 xori             x15, x16, -1        x15=fffffff7 x16:00000008
15776192ns          268064 1c0081a0 01c7f7b3 and              x15, x15, x28       x15=00000010 x15:fffffff7 x28:00000010
15776212ns          268065 1c0081a4 01e30333 add              x6, x6, x30          x6=10001658  x6:10001654 x30:00000004
15776232ns          268066 1c0081a6 01c845b3 xor              x11, x16, x28       x11=00000018 x16:00000008 x28:00000010
15776252ns          268067 1c0081aa fc0780e3 beq              x15, x0, -64        x15:00000010
15776271ns          268068 1c0081ac 00188893 addi             x17, x17, 1         x17=00000003 x17:00000002
15776291ns          268069 1c0081ae 00b00833 add              x16, x0, x11        x16=00000018 x11:00000018
15776311ns          268070 1c0081b0 fd1e99e3 bne              x29, x17, -46       x29:0000001f x17:00000003
15776450ns          268077 1c008182 0108dd63 bge              x17, x16, 26        x17:00000003 x16:00000018
15776470ns          268078 1c008186 00d007b3 add              x15, x0, x13        x15=00000000 x13:00000000
15776490ns          268079 1c008188 430607b3 p.mac            x15, x12, x16       x15=00000018 x15:00000000 x12:00000001 x16:00000018
15776510ns          268080 1c00818c 00279793 slli             x15, x15, 0x2       x15=00000060 x15:00000018
15776530ns          268081 1c00818e 00a787b3 add              x15, x15, x10       x15=100016ac x15:00000060 x10:1000164c
15776550ns          268082 1c008190 0007a583 lw               x11, 0(x15)         x11=41a671ba x15:100016ac  PA:100016ac
15776570ns          268083 1c008192 00032703 lw               x14, 0(x6)          x14=c1b1f8a6  x6:10001658  PA:10001658
15776610ns          268085 1c008196 00b32023 sw               x11, 0(x6)          x11:41a671ba  x6:10001658  PA:10001658
15776630ns          268086 1c00819a 00e7a023 sw               x14, 0(x15)         x14:c1b1f8a6 x15:100016ac  PA:100016ac
15776649ns          268087 1c00819c fff84793 xori             x15, x16, -1        x15=ffffffe7 x16:00000018
15776669ns          268088 1c0081a0 01c7f7b3 and              x15, x15, x28       x15=00000000 x15:ffffffe7 x28:00000010
15776689ns          268089 1c0081a4 01e30333 add              x6, x6, x30          x6=1000165c  x6:10001658 x30:00000004
15776709ns          268090 1c0081a6 01c845b3 xor              x11, x16, x28       x11=00000008 x16:00000018 x28:00000010
15776729ns          268091 1c0081aa fc0780e3 beq              x15, x0, -64        x15:00000000
15776789ns          268094 1c00816a 01c007b3 add              x15, x0, x28        x15=00000010 x28:00000010
15776809ns          268095 1c00816c 4017d793 srai             x15, x15, 0x401     x15=00000008 x15:00000010
15776828ns          268096 1c00816e fff5c713 xori             x14, x11, -1        x14=fffffff7 x11:00000008
15776848ns          268097 1c008172 00b7c833 xor              x16, x15, x11       x16=00000000 x15:00000008 x11:00000008
15776868ns          268098 1c008176 00f77733 and              x14, x14, x15       x14=00000000 x14:fffffff7 x15:00000008
15776888ns          268099 1c008178 010005b3 add              x11, x0, x16        x11=00000000 x16:00000000
15776908ns          268100 1c00817a fe0709e3 beq              x14, x0, -14        x14:00000000
15776968ns          268103 1c00816c 4017d793 srai             x15, x15, 0x401     x15=00000004 x15:00000008
15776988ns          268104 1c00816e fff5c713 xori             x14, x11, -1        x14=ffffffff x11:00000000
15777007ns          268105 1c008172 00b7c833 xor              x16, x15, x11       x16=00000004 x15:00000004 x11:00000000
15777027ns          268106 1c008176 00f77733 and              x14, x14, x15       x14=00000004 x14:ffffffff x15:00000004
15777047ns          268107 1c008178 010005b3 add              x11, x0, x16        x11=00000004 x16:00000004
15777067ns          268108 1c00817a fe0709e3 beq              x14, x0, -14        x14:00000004
15777087ns          268109 1c00817c 00188893 addi             x17, x17, 1         x17=00000004 x17:00000003
15777107ns          268110 1c00817e 031e8b63 beq              x29, x17, 54        x29:0000001f x17:00000004
15777127ns          268111 1c008182 0108dd63 bge              x17, x16, 26        x17:00000004 x16:00000004
15777186ns          268114 1c00819c fff84793 xori             x15, x16, -1        x15=fffffffb x16:00000004
15777206ns          268115 1c0081a0 01c7f7b3 and              x15, x15, x28       x15=00000010 x15:fffffffb x28:00000010
15777226ns          268116 1c0081a4 01e30333 add              x6, x6, x30          x6=10001660  x6:1000165c x30:00000004
15777246ns          268117 1c0081a6 01c845b3 xor              x11, x16, x28       x11=00000014 x16:00000004 x28:00000010
15777266ns          268118 1c0081aa fc0780e3 beq              x15, x0, -64        x15:00000010
15777286ns          268119 1c0081ac 00188893 addi             x17, x17, 1         x17=00000005 x17:00000004
15777306ns          268120 1c0081ae 00b00833 add              x16, x0, x11        x16=00000014 x11:00000014
15777326ns          268121 1c0081b0 fd1e99e3 bne              x29, x17, -46       x29:0000001f x17:00000005
15777405ns          268125 1c008182 0108dd63 bge              x17, x16, 26        x17:00000005 x16:00000014
15777425ns          268126 1c008186 00d007b3 add              x15, x0, x13        x15=00000000 x13:00000000
15777445ns          268127 1c008188 430607b3 p.mac            x15, x12, x16       x15=00000014 x15:00000000 x12:00000001 x16:00000014
15777465ns          268128 1c00818c 00279793 slli             x15, x15, 0x2       x15=00000050 x15:00000014
15777485ns          268129 1c00818e 00a787b3 add              x15, x15, x10       x15=1000169c x15:00000050 x10:1000164c
15777505ns          268130 1c008190 0007a583 lw               x11, 0(x15)         x11=c17c8498 x15:1000169c  PA:1000169c
15777525ns          268131 1c008192 00032703 lw               x14, 0(x6)          x14=3fabe764  x6:10001660  PA:10001660
15777564ns          268133 1c008196 00b32023 sw               x11, 0(x6)          x11:c17c8498  x6:10001660  PA:10001660
15777584ns          268134 1c00819a 00e7a023 sw               x14, 0(x15)         x14:3fabe764 x15:1000169c  PA:1000169c
15777604ns          268135 1c00819c fff84793 xori             x15, x16, -1        x15=ffffffeb x16:00000014
15777624ns          268136 1c0081a0 01c7f7b3 and              x15, x15, x28       x15=00000000 x15:ffffffeb x28:00000010
15777644ns          268137 1c0081a4 01e30333 add              x6, x6, x30          x6=10001664  x6:10001660 x30:00000004
15777664ns          268138 1c0081a6 01c845b3 xor              x11, x16, x28       x11=00000004 x16:00000014 x28:00000010
15777684ns          268139 1c0081aa fc0780e3 beq              x15, x0, -64        x15:00000000
15777743ns          268142 1c00816a 01c007b3 add              x15, x0, x28        x15=00000010 x28:00000010
15777763ns          268143 1c00816c 4017d793 srai             x15, x15, 0x401     x15=00000008 x15:00000010
15777783ns          268144 1c00816e fff5c713 xori             x14, x11, -1        x14=fffffffb x11:00000004
15777803ns          268145 1c008172 00b7c833 xor              x16, x15, x11       x16=0000000c x15:00000008 x11:00000004
15777823ns          268146 1c008176 00f77733 and              x14, x14, x15       x14=00000008 x14:fffffffb x15:00000008
15777843ns          268147 1c008178 010005b3 add              x11, x0, x16        x11=0000000c x16:0000000c
15777863ns          268148 1c00817a fe0709e3 beq              x14, x0, -14        x14:00000008
15777883ns          268149 1c00817c 00188893 addi             x17, x17, 1         x17=00000006 x17:00000005
15777903ns          268150 1c00817e 031e8b63 beq              x29, x17, 54        x29:0000001f x17:00000006
15777922ns          268151 1c008182 0108dd63 bge              x17, x16, 26        x17:00000006 x16:0000000c
15777942ns          268152 1c008186 00d007b3 add              x15, x0, x13        x15=00000000 x13:00000000
15777962ns          268153 1c008188 430607b3 p.mac            x15, x12, x16       x15=0000000c x15:00000000 x12:00000001 x16:0000000c
15777982ns          268154 1c00818c 00279793 slli             x15, x15, 0x2       x15=00000030 x15:0000000c
15778002ns          268155 1c00818e 00a787b3 add              x15, x15, x10       x15=1000167c x15:00000030 x10:1000164c
15778022ns          268156 1c008190 0007a583 lw               x11, 0(x15)         x11=402e388b x15:1000167c  PA:1000167c
15778042ns          268157 1c008192 00032703 lw               x14, 0(x6)          x14=4111225b  x6:10001664  PA:10001664
15778082ns          268159 1c008196 00b32023 sw               x11, 0(x6)          x11:402e388b  x6:10001664  PA:10001664
15778101ns          268160 1c00819a 00e7a023 sw               x14, 0(x15)         x14:4111225b x15:1000167c  PA:1000167c
15778121ns          268161 1c00819c fff84793 xori             x15, x16, -1        x15=fffffff3 x16:0000000c
15778141ns          268162 1c0081a0 01c7f7b3 and              x15, x15, x28       x15=00000010 x15:fffffff3 x28:00000010
15778161ns          268163 1c0081a4 01e30333 add              x6, x6, x30          x6=10001668  x6:10001664 x30:00000004
15778181ns          268164 1c0081a6 01c845b3 xor              x11, x16, x28       x11=0000001c x16:0000000c x28:00000010
15778201ns          268165 1c0081aa fc0780e3 beq              x15, x0, -64        x15:00000010
15778221ns          268166 1c0081ac 00188893 addi             x17, x17, 1         x17=00000007 x17:00000006
15778241ns          268167 1c0081ae 00b00833 add              x16, x0, x11        x16=0000001c x11:0000001c
15778261ns          268168 1c0081b0 fd1e99e3 bne              x29, x17, -46       x29:0000001f x17:00000007
15778340ns          268172 1c008182 0108dd63 bge              x17, x16, 26        x17:00000007 x16:0000001c
15778360ns          268173 1c008186 00d007b3 add              x15, x0, x13        x15=00000000 x13:00000000
15778380ns          268174 1c008188 430607b3 p.mac            x15, x12, x16       x15=0000001c x15:00000000 x12:00000001 x16:0000001c
15778400ns          268175 1c00818c 00279793 slli             x15, x15, 0x2       x15=00000070 x15:0000001c
15778420ns          268176 1c00818e 00a787b3 add              x15, x15, x10       x15=100016bc x15:00000070 x10:1000164c
15778440ns          268177 1c008190 0007a583 lw               x11, 0(x15)         x11=c153a06c x15:100016bc  PA:100016bc
15778459ns          268178 1c008192 00032703 lw               x14, 0(x6)          x14=c11f1d2d  x6:10001668  PA:10001668
15778499ns          268180 1c008196 00b32023 sw               x11, 0(x6)          x11:c153a06c  x6:10001668  PA:10001668
15778519ns          268181 1c00819a 00e7a023 sw               x14, 0(x15)         x14:c11f1d2d x15:100016bc  PA:100016bc
15778539ns          268182 1c00819c fff84793 xori             x15, x16, -1        x15=ffffffe3 x16:0000001c
15778559ns          268183 1c0081a0 01c7f7b3 and              x15, x15, x28       x15=00000000 x15:ffffffe3 x28:00000010
15778579ns          268184 1c0081a4 01e30333 add              x6, x6, x30          x6=1000166c  x6:10001668 x30:00000004
15778599ns          268185 1c0081a6 01c845b3 xor              x11, x16, x28       x11=0000000c x16:0000001c x28:00000010
15778619ns          268186 1c0081aa fc0780e3 beq              x15, x0, -64        x15:00000000
15778678ns          268189 1c00816a 01c007b3 add              x15, x0, x28        x15=00000010 x28:00000010
15778698ns          268190 1c00816c 4017d793 srai             x15, x15, 0x401     x15=00000008 x15:00000010
15778718ns          268191 1c00816e fff5c713 xori             x14, x11, -1        x14=fffffff3 x11:0000000c
15778738ns          268192 1c008172 00b7c833 xor              x16, x15, x11       x16=00000004 x15:00000008 x11:0000000c
15778758ns          268193 1c008176 00f77733 and              x14, x14, x15       x14=00000000 x14:fffffff3 x15:00000008
15778778ns          268194 1c008178 010005b3 add              x11, x0, x16        x11=00000004 x16:00000004
15778798ns          268195 1c00817a fe0709e3 beq              x14, x0, -14        x14:00000000
15778857ns          268198 1c00816c 4017d793 srai             x15, x15, 0x401     x15=00000004 x15:00000008
15778877ns          268199 1c00816e fff5c713 xori             x14, x11, -1        x14=fffffffb x11:00000004
15778897ns          268200 1c008172 00b7c833 xor              x16, x15, x11       x16=00000000 x15:00000004 x11:00000004
15778917ns          268201 1c008176 00f77733 and              x14, x14, x15       x14=00000000 x14:fffffffb x15:00000004
15778937ns          268202 1c008178 010005b3 add              x11, x0, x16        x11=00000000 x16:00000000
15778957ns          268203 1c00817a fe0709e3 beq              x14, x0, -14        x14:00000000
15779016ns          268206 1c00816c 4017d793 srai             x15, x15, 0x401     x15=00000002 x15:00000004
15779036ns          268207 1c00816e fff5c713 xori             x14, x11, -1        x14=ffffffff x11:00000000
15779056ns          268208 1c008172 00b7c833 xor              x16, x15, x11       x16=00000002 x15:00000002 x11:00000000
15779076ns          268209 1c008176 00f77733 and              x14, x14, x15       x14=00000002 x14:ffffffff x15:00000002
15779096ns          268210 1c008178 010005b3 add              x11, x0, x16        x11=00000002 x16:00000002
15779116ns          268211 1c00817a fe0709e3 beq              x14, x0, -14        x14:00000002
15779136ns          268212 1c00817c 00188893 addi             x17, x17, 1         x17=00000008 x17:00000007
15779156ns          268213 1c00817e 031e8b63 beq              x29, x17, 54        x29:0000001f x17:00000008
15779176ns          268214 1c008182 0108dd63 bge              x17, x16, 26        x17:00000008 x16:00000002
15779235ns          268217 1c00819c fff84793 xori             x15, x16, -1        x15=fffffffd x16:00000002
15779255ns          268218 1c0081a0 01c7f7b3 and              x15, x15, x28       x15=00000010 x15:fffffffd x28:00000010
15779275ns          268219 1c0081a4 01e30333 add              x6, x6, x30          x6=10001670  x6:1000166c x30:00000004
15779295ns          268220 1c0081a6 01c845b3 xor              x11, x16, x28       x11=00000012 x16:00000002 x28:00000010
15779315ns          268221 1c0081aa fc0780e3 beq              x15, x0, -64        x15:00000010
15779335ns          268222 1c0081ac 00188893 addi             x17, x17, 1         x17=00000009 x17:00000008
15779355ns          268223 1c0081ae 00b00833 add              x16, x0, x11        x16=00000012 x11:00000012
15779374ns          268224 1c0081b0 fd1e99e3 bne              x29, x17, -46       x29:0000001f x17:00000009
15779454ns          268228 1c008182 0108dd63 bge              x17, x16, 26        x17:00000009 x16:00000012
15779474ns          268229 1c008186 00d007b3 add              x15, x0, x13        x15=00000000 x13:00000000
15779494ns          268230 1c008188 430607b3 p.mac            x15, x12, x16       x15=00000012 x15:00000000 x12:00000001 x16:00000012
15779514ns          268231 1c00818c 00279793 slli             x15, x15, 0x2       x15=00000048 x15:00000012
15779534ns          268232 1c00818e 00a787b3 add              x15, x15, x10       x15=10001694 x15:00000048 x10:1000164c
15779553ns          268233 1c008190 0007a583 lw               x11, 0(x15)         x11=4147b4ff x15:10001694  PA:10001694
15779573ns          268234 1c008192 00032703 lw               x14, 0(x6)          x14=3e0b97f0  x6:10001670  PA:10001670
15779613ns          268236 1c008196 00b32023 sw               x11, 0(x6)          x11:4147b4ff  x6:10001670  PA:10001670
15779633ns          268237 1c00819a 00e7a023 sw               x14, 0(x15)         x14:3e0b97f0 x15:10001694  PA:10001694
15779653ns          268238 1c00819c fff84793 xori             x15, x16, -1        x15=ffffffed x16:00000012
15779673ns          268239 1c0081a0 01c7f7b3 and              x15, x15, x28       x15=00000000 x15:ffffffed x28:00000010
15779693ns          268240 1c0081a4 01e30333 add              x6, x6, x30          x6=10001674  x6:10001670 x30:00000004
15779713ns          268241 1c0081a6 01c845b3 xor              x11, x16, x28       x11=00000002 x16:00000012 x28:00000010
15779732ns          268242 1c0081aa fc0780e3 beq              x15, x0, -64        x15:00000000
15779792ns          268245 1c00816a 01c007b3 add              x15, x0, x28        x15=00000010 x28:00000010
15779812ns          268246 1c00816c 4017d793 srai             x15, x15, 0x401     x15=00000008 x15:00000010
15779832ns          268247 1c00816e fff5c713 xori             x14, x11, -1        x14=fffffffd x11:00000002
15779852ns          268248 1c008172 00b7c833 xor              x16, x15, x11       x16=0000000a x15:00000008 x11:00000002
15779872ns          268249 1c008176 00f77733 and              x14, x14, x15       x14=00000008 x14:fffffffd x15:00000008
15779892ns          268250 1c008178 010005b3 add              x11, x0, x16        x11=0000000a x16:0000000a
15779911ns          268251 1c00817a fe0709e3 beq              x14, x0, -14        x14:00000008
15779931ns          268252 1c00817c 00188893 addi             x17, x17, 1         x17=0000000a x17:00000009
15779951ns          268253 1c00817e 031e8b63 beq              x29, x17, 54        x29:0000001f x17:0000000a
15779971ns          268254 1c008182 0108dd63 bge              x17, x16, 26        x17:0000000a x16:0000000a
15780031ns          268257 1c00819c fff84793 xori             x15, x16, -1        x15=fffffff5 x16:0000000a
15780051ns          268258 1c0081a0 01c7f7b3 and              x15, x15, x28       x15=00000010 x15:fffffff5 x28:00000010
15780071ns          268259 1c0081a4 01e30333 add              x6, x6, x30          x6=10001678  x6:10001674 x30:00000004
15780090ns          268260 1c0081a6 01c845b3 xor              x11, x16, x28       x11=0000001a x16:0000000a x28:00000010
15780110ns          268261 1c0081aa fc0780e3 beq              x15, x0, -64        x15:00000010
15780130ns          268262 1c0081ac 00188893 addi             x17, x17, 1         x17=0000000b x17:0000000a
15780150ns          268263 1c0081ae 00b00833 add              x16, x0, x11        x16=0000001a x11:0000001a
15780170ns          268264 1c0081b0 fd1e99e3 bne              x29, x17, -46       x29:0000001f x17:0000000b
15780250ns          268268 1c008182 0108dd63 bge              x17, x16, 26        x17:0000000b x16:0000001a
15780270ns          268269 1c008186 00d007b3 add              x15, x0, x13        x15=00000000 x13:00000000
15780289ns          268270 1c008188 430607b3 p.mac            x15, x12, x16       x15=0000001a x15:00000000 x12:00000001 x16:0000001a
15780309ns          268271 1c00818c 00279793 slli             x15, x15, 0x2       x15=00000068 x15:0000001a
15780329ns          268272 1c00818e 00a787b3 add              x15, x15, x10       x15=100016b4 x15:00000068 x10:1000164c
15780349ns          268273 1c008190 0007a583 lw               x11, 0(x15)         x11=3fb65c7a x15:100016b4  PA:100016b4
15780369ns          268274 1c008192 00032703 lw               x14, 0(x6)          x14=416efd23  x6:10001678  PA:10001678
15780409ns          268276 1c008196 00b32023 sw               x11, 0(x6)          x11:3fb65c7a  x6:10001678  PA:10001678
15780429ns          268277 1c00819a 00e7a023 sw               x14, 0(x15)         x14:416efd23 x15:100016b4  PA:100016b4
15780449ns          268278 1c00819c fff84793 xori             x15, x16, -1        x15=ffffffe5 x16:0000001a
15780468ns          268279 1c0081a0 01c7f7b3 and              x15, x15, x28       x15=00000000 x15:ffffffe5 x28:00000010
15780488ns          268280 1c0081a4 01e30333 add              x6, x6, x30          x6=1000167c  x6:10001678 x30:00000004
15780508ns          268281 1c0081a6 01c845b3 xor              x11, x16, x28       x11=0000000a x16:0000001a x28:00000010
15780528ns          268282 1c0081aa fc0780e3 beq              x15, x0, -64        x15:00000000
15780588ns          268285 1c00816a 01c007b3 add              x15, x0, x28        x15=00000010 x28:00000010
15780608ns          268286 1c00816c 4017d793 srai             x15, x15, 0x401     x15=00000008 x15:00000010
15780628ns          268287 1c00816e fff5c713 xori             x14, x11, -1        x14=fffffff5 x11:0000000a
15780647ns          268288 1c008172 00b7c833 xor              x16, x15, x11       x16=00000002 x15:00000008 x11:0000000a
15780667ns          268289 1c008176 00f77733 and              x14, x14, x15       x14=00000000 x14:fffffff5 x15:00000008
15780687ns          268290 1c008178 010005b3 add              x11, x0, x16        x11=00000002 x16:00000002
15780707ns          268291 1c00817a fe0709e3 beq              x14, x0, -14        x14:00000000
15780767ns          268294 1c00816c 4017d793 srai             x15, x15, 0x401     x15=00000004 x15:00000008
15780787ns          268295 1c00816e fff5c713 xori             x14, x11, -1        x14=fffffffd x11:00000002
15780807ns          268296 1c008172 00b7c833 xor              x16, x15, x11       x16=00000006 x15:00000004 x11:00000002
15780826ns          268297 1c008176 00f77733 and              x14, x14, x15       x14=00000004 x14:fffffffd x15:00000004
15780846ns          268298 1c008178 010005b3 add              x11, x0, x16        x11=00000006 x16:00000006
15780866ns          268299 1c00817a fe0709e3 beq              x14, x0, -14        x14:00000004
15780886ns          268300 1c00817c 00188893 addi             x17, x17, 1         x17=0000000c x17:0000000b
15780906ns          268301 1c00817e 031e8b63 beq              x29, x17, 54        x29:0000001f x17:0000000c
15780926ns          268302 1c008182 0108dd63 bge              x17, x16, 26        x17:0000000c x16:00000006
15780986ns          268305 1c00819c fff84793 xori             x15, x16, -1        x15=fffffff9 x16:00000006
15781005ns          268306 1c0081a0 01c7f7b3 and              x15, x15, x28       x15=00000010 x15:fffffff9 x28:00000010
15781025ns          268307 1c0081a4 01e30333 add              x6, x6, x30          x6=10001680  x6:1000167c x30:00000004
15781045ns          268308 1c0081a6 01c845b3 xor              x11, x16, x28       x11=00000016 x16:00000006 x28:00000010
15781065ns          268309 1c0081aa fc0780e3 beq              x15, x0, -64        x15:00000010
15781085ns          268310 1c0081ac 00188893 addi             x17, x17, 1         x17=0000000d x17:0000000c
15781105ns          268311 1c0081ae 00b00833 add              x16, x0, x11        x16=00000016 x11:00000016
15781125ns          268312 1c0081b0 fd1e99e3 bne              x29, x17, -46       x29:0000001f x17:0000000d
15781204ns          268316 1c008182 0108dd63 bge              x17, x16, 26        x17:0000000d x16:00000016
15781224ns          268317 1c008186 00d007b3 add              x15, x0, x13        x15=00000000 x13:00000000
15781244ns          268318 1c008188 430607b3 p.mac            x15, x12, x16       x15=00000016 x15:00000000 x12:00000001 x16:00000016
15781264ns          268319 1c00818c 00279793 slli             x15, x15, 0x2       x15=00000058 x15:00000016
15781284ns          268320 1c00818e 00a787b3 add              x15, x15, x10       x15=100016a4 x15:00000058 x10:1000164c
15781304ns          268321 1c008190 0007a583 lw               x11, 0(x15)         x11=c0e2047b x15:100016a4  PA:100016a4
15781324ns          268322 1c008192 00032703 lw               x14, 0(x6)          x14=c10cfcad  x6:10001680  PA:10001680
15781364ns          268324 1c008196 00b32023 sw               x11, 0(x6)          x11:c0e2047b  x6:10001680  PA:10001680
15781383ns          268325 1c00819a 00e7a023 sw               x14, 0(x15)         x14:c10cfcad x15:100016a4  PA:100016a4
15781403ns          268326 1c00819c fff84793 xori             x15, x16, -1        x15=ffffffe9 x16:00000016
15781423ns          268327 1c0081a0 01c7f7b3 and              x15, x15, x28       x15=00000000 x15:ffffffe9 x28:00000010
15781443ns          268328 1c0081a4 01e30333 add              x6, x6, x30          x6=10001684  x6:10001680 x30:00000004
15781463ns          268329 1c0081a6 01c845b3 xor              x11, x16, x28       x11=00000006 x16:00000016 x28:00000010
15781483ns          268330 1c0081aa fc0780e3 beq              x15, x0, -64        x15:00000000
15781543ns          268333 1c00816a 01c007b3 add              x15, x0, x28        x15=00000010 x28:00000010
15781562ns          268334 1c00816c 4017d793 srai             x15, x15, 0x401     x15=00000008 x15:00000010
15781582ns          268335 1c00816e fff5c713 xori             x14, x11, -1        x14=fffffff9 x11:00000006
15781602ns          268336 1c008172 00b7c833 xor              x16, x15, x11       x16=0000000e x15:00000008 x11:00000006
15781622ns          268337 1c008176 00f77733 and              x14, x14, x15       x14=00000008 x14:fffffff9 x15:00000008
15781642ns          268338 1c008178 010005b3 add              x11, x0, x16        x11=0000000e x16:0000000e
15781662ns          268339 1c00817a fe0709e3 beq              x14, x0, -14        x14:00000008
15781682ns          268340 1c00817c 00188893 addi             x17, x17, 1         x17=0000000e x17:0000000d
15781702ns          268341 1c00817e 031e8b63 beq              x29, x17, 54        x29:0000001f x17:0000000e
15781722ns          268342 1c008182 0108dd63 bge              x17, x16, 26        x17:0000000e x16:0000000e
15781781ns          268345 1c00819c fff84793 xori             x15, x16, -1        x15=fffffff1 x16:0000000e
15781801ns          268346 1c0081a0 01c7f7b3 and              x15, x15, x28       x15=00000010 x15:fffffff1 x28:00000010
15781821ns          268347 1c0081a4 01e30333 add              x6, x6, x30          x6=10001688  x6:10001684 x30:00000004
15781841ns          268348 1c0081a6 01c845b3 xor              x11, x16, x28       x11=0000001e x16:0000000e x28:00000010
15781861ns          268349 1c0081aa fc0780e3 beq              x15, x0, -64        x15:00000010
15781881ns          268350 1c0081ac 00188893 addi             x17, x17, 1         x17=0000000f x17:0000000e
15781901ns          268351 1c0081ae 00b00833 add              x16, x0, x11        x16=0000001e x11:0000001e
15781920ns          268352 1c0081b0 fd1e99e3 bne              x29, x17, -46       x29:0000001f x17:0000000f
15782000ns          268356 1c008182 0108dd63 bge              x17, x16, 26        x17:0000000f x16:0000001e
15782020ns          268357 1c008186 00d007b3 add              x15, x0, x13        x15=00000000 x13:00000000
15782040ns          268358 1c008188 430607b3 p.mac            x15, x12, x16       x15=0000001e x15:00000000 x12:00000001 x16:0000001e
15782060ns          268359 1c00818c 00279793 slli             x15, x15, 0x2       x15=00000078 x15:0000001e
15782080ns          268360 1c00818e 00a787b3 add              x15, x15, x10       x15=100016c4 x15:00000078 x10:1000164c
15782099ns          268361 1c008190 0007a583 lw               x11, 0(x15)         x11=415ba22a x15:100016c4  PA:100016c4
15782119ns          268362 1c008192 00032703 lw               x14, 0(x6)          x14=412b9799  x6:10001688  PA:10001688
15782159ns          268364 1c008196 00b32023 sw               x11, 0(x6)          x11:415ba22a  x6:10001688  PA:10001688
15782179ns          268365 1c00819a 00e7a023 sw               x14, 0(x15)         x14:412b9799 x15:100016c4  PA:100016c4
15782199ns          268366 1c00819c fff84793 xori             x15, x16, -1        x15=ffffffe1 x16:0000001e
15782219ns          268367 1c0081a0 01c7f7b3 and              x15, x15, x28       x15=00000000 x15:ffffffe1 x28:00000010
15782239ns          268368 1c0081a4 01e30333 add              x6, x6, x30          x6=1000168c  x6:10001688 x30:00000004
15782259ns          268369 1c0081a6 01c845b3 xor              x11, x16, x28       x11=0000000e x16:0000001e x28:00000010
15782278ns          268370 1c0081aa fc0780e3 beq              x15, x0, -64        x15:00000000
15782338ns          268373 1c00816a 01c007b3 add              x15, x0, x28        x15=00000010 x28:00000010
15782358ns          268374 1c00816c 4017d793 srai             x15, x15, 0x401     x15=00000008 x15:00000010
15782378ns          268375 1c00816e fff5c713 xori             x14, x11, -1        x14=fffffff1 x11:0000000e
15782398ns          268376 1c008172 00b7c833 xor              x16, x15, x11       x16=00000006 x15:00000008 x11:0000000e
15782418ns          268377 1c008176 00f77733 and              x14, x14, x15       x14=00000000 x14:fffffff1 x15:00000008
15782438ns          268378 1c008178 010005b3 add              x11, x0, x16        x11=00000006 x16:00000006
15782457ns          268379 1c00817a fe0709e3 beq              x14, x0, -14        x14:00000000
15782517ns          268382 1c00816c 4017d793 srai             x15, x15, 0x401     x15=00000004 x15:00000008
15782537ns          268383 1c00816e fff5c713 xori             x14, x11, -1        x14=fffffff9 x11:00000006
15782557ns          268384 1c008172 00b7c833 xor              x16, x15, x11       x16=00000002 x15:00000004 x11:00000006
15782577ns          268385 1c008176 00f77733 and              x14, x14, x15       x14=00000000 x14:fffffff9 x15:00000004
15782597ns          268386 1c008178 010005b3 add              x11, x0, x16        x11=00000002 x16:00000002
15782617ns          268387 1c00817a fe0709e3 beq              x14, x0, -14        x14:00000000
15782676ns          268390 1c00816c 4017d793 srai             x15, x15, 0x401     x15=00000002 x15:00000004
15782696ns          268391 1c00816e fff5c713 xori             x14, x11, -1        x14=fffffffd x11:00000002
15782716ns          268392 1c008172 00b7c833 xor              x16, x15, x11       x16=00000000 x15:00000002 x11:00000002
15782736ns          268393 1c008176 00f77733 and              x14, x14, x15       x14=00000000 x14:fffffffd x15:00000002
15782756ns          268394 1c008178 010005b3 add              x11, x0, x16        x11=00000000 x16:00000000
15782776ns          268395 1c00817a fe0709e3 beq              x14, x0, -14        x14:00000000
15782835ns          268398 1c00816c 4017d793 srai             x15, x15, 0x401     x15=00000001 x15:00000002
15782855ns          268399 1c00816e fff5c713 xori             x14, x11, -1        x14=ffffffff x11:00000000
15782875ns          268400 1c008172 00b7c833 xor              x16, x15, x11       x16=00000001 x15:00000001 x11:00000000
15782895ns          268401 1c008176 00f77733 and              x14, x14, x15       x14=00000001 x14:ffffffff x15:00000001
15782915ns          268402 1c008178 010005b3 add              x11, x0, x16        x11=00000001 x16:00000001
15782935ns          268403 1c00817a fe0709e3 beq              x14, x0, -14        x14:00000001
15782955ns          268404 1c00817c 00188893 addi             x17, x17, 1         x17=00000010 x17:0000000f
15782975ns          268405 1c00817e 031e8b63 beq              x29, x17, 54        x29:0000001f x17:00000010
15782995ns          268406 1c008182 0108dd63 bge              x17, x16, 26        x17:00000010 x16:00000001
15783054ns          268409 1c00819c fff84793 xori             x15, x16, -1        x15=fffffffe x16:00000001
15783074ns          268410 1c0081a0 01c7f7b3 and              x15, x15, x28       x15=00000010 x15:fffffffe x28:00000010
15783094ns          268411 1c0081a4 01e30333 add              x6, x6, x30          x6=10001690  x6:1000168c x30:00000004
15783114ns          268412 1c0081a6 01c845b3 xor              x11, x16, x28       x11=00000011 x16:00000001 x28:00000010
15783134ns          268413 1c0081aa fc0780e3 beq              x15, x0, -64        x15:00000010
15783154ns          268414 1c0081ac 00188893 addi             x17, x17, 1         x17=00000011 x17:00000010
15783174ns          268415 1c0081ae 00b00833 add              x16, x0, x11        x16=00000011 x11:00000011
15783193ns          268416 1c0081b0 fd1e99e3 bne              x29, x17, -46       x29:0000001f x17:00000011
15783273ns          268420 1c008182 0108dd63 bge              x17, x16, 26        x17:00000011 x16:00000011
15783333ns          268423 1c00819c fff84793 xori             x15, x16, -1        x15=ffffffee x16:00000011
15783353ns          268424 1c0081a0 01c7f7b3 and              x15, x15, x28       x15=00000000 x15:ffffffee x28:00000010
15783372ns          268425 1c0081a4 01e30333 add              x6, x6, x30          x6=10001694  x6:10001690 x30:00000004
15783392ns          268426 1c0081a6 01c845b3 xor              x11, x16, x28       x11=00000001 x16:00000011 x28:00000010
15783412ns          268427 1c0081aa fc0780e3 beq              x15, x0, -64        x15:00000000
15783472ns          268430 1c00816a 01c007b3 add              x15, x0, x28        x15=00000010 x28:00000010
15783492ns          268431 1c00816c 4017d793 srai             x15, x15, 0x401     x15=00000008 x15:00000010
15783512ns          268432 1c00816e fff5c713 xori             x14, x11, -1        x14=fffffffe x11:00000001
15783532ns          268433 1c008172 00b7c833 xor              x16, x15, x11       x16=00000009 x15:00000008 x11:00000001
15783551ns          268434 1c008176 00f77733 and              x14, x14, x15       x14=00000008 x14:fffffffe x15:00000008
15783571ns          268435 1c008178 010005b3 add              x11, x0, x16        x11=00000009 x16:00000009
15783591ns          268436 1c00817a fe0709e3 beq              x14, x0, -14        x14:00000008
15783611ns          268437 1c00817c 00188893 addi             x17, x17, 1         x17=00000012 x17:00000011
15783631ns          268438 1c00817e 031e8b63 beq              x29, x17, 54        x29:0000001f x17:00000012
15783651ns          268439 1c008182 0108dd63 bge              x17, x16, 26        x17:00000012 x16:00000009
15783711ns          268442 1c00819c fff84793 xori             x15, x16, -1        x15=fffffff6 x16:00000009
15783731ns          268443 1c0081a0 01c7f7b3 and              x15, x15, x28       x15=00000010 x15:fffffff6 x28:00000010
15783750ns          268444 1c0081a4 01e30333 add              x6, x6, x30          x6=10001698  x6:10001694 x30:00000004
15783770ns          268445 1c0081a6 01c845b3 xor              x11, x16, x28       x11=00000019 x16:00000009 x28:00000010
15783790ns          268446 1c0081aa fc0780e3 beq              x15, x0, -64        x15:00000010
15783810ns          268447 1c0081ac 00188893 addi             x17, x17, 1         x17=00000013 x17:00000012
15783830ns          268448 1c0081ae 00b00833 add              x16, x0, x11        x16=00000019 x11:00000019
15783850ns          268449 1c0081b0 fd1e99e3 bne              x29, x17, -46       x29:0000001f x17:00000013
15783929ns          268453 1c008182 0108dd63 bge              x17, x16, 26        x17:00000013 x16:00000019
15783949ns          268454 1c008186 00d007b3 add              x15, x0, x13        x15=00000000 x13:00000000
15783969ns          268455 1c008188 430607b3 p.mac            x15, x12, x16       x15=00000019 x15:00000000 x12:00000001 x16:00000019
15783989ns          268456 1c00818c 00279793 slli             x15, x15, 0x2       x15=00000064 x15:00000019
15784009ns          268457 1c00818e 00a787b3 add              x15, x15, x10       x15=100016b0 x15:00000064 x10:1000164c
15784029ns          268458 1c008190 0007a583 lw               x11, 0(x15)         x11=41379a73 x15:100016b0  PA:100016b0
15784049ns          268459 1c008192 00032703 lw               x14, 0(x6)          x14=c102f21b  x6:10001698  PA:10001698
15784089ns          268461 1c008196 00b32023 sw               x11, 0(x6)          x11:41379a73  x6:10001698  PA:10001698
15784108ns          268462 1c00819a 00e7a023 sw               x14, 0(x15)         x14:c102f21b x15:100016b0  PA:100016b0
15784128ns          268463 1c00819c fff84793 xori             x15, x16, -1        x15=ffffffe6 x16:00000019
15784148ns          268464 1c0081a0 01c7f7b3 and              x15, x15, x28       x15=00000000 x15:ffffffe6 x28:00000010
15784168ns          268465 1c0081a4 01e30333 add              x6, x6, x30          x6=1000169c  x6:10001698 x30:00000004
15784188ns          268466 1c0081a6 01c845b3 xor              x11, x16, x28       x11=00000009 x16:00000019 x28:00000010
15784208ns          268467 1c0081aa fc0780e3 beq              x15, x0, -64        x15:00000000
15784268ns          268470 1c00816a 01c007b3 add              x15, x0, x28        x15=00000010 x28:00000010
15784287ns          268471 1c00816c 4017d793 srai             x15, x15, 0x401     x15=00000008 x15:00000010
15784307ns          268472 1c00816e fff5c713 xori             x14, x11, -1        x14=fffffff6 x11:00000009
15784327ns          268473 1c008172 00b7c833 xor              x16, x15, x11       x16=00000001 x15:00000008 x11:00000009
15784347ns          268474 1c008176 00f77733 and              x14, x14, x15       x14=00000000 x14:fffffff6 x15:00000008
15784367ns          268475 1c008178 010005b3 add              x11, x0, x16        x11=00000001 x16:00000001
15784387ns          268476 1c00817a fe0709e3 beq              x14, x0, -14        x14:00000000
15784447ns          268479 1c00816c 4017d793 srai             x15, x15, 0x401     x15=00000004 x15:00000008
15784466ns          268480 1c00816e fff5c713 xori             x14, x11, -1        x14=fffffffe x11:00000001
15784486ns          268481 1c008172 00b7c833 xor              x16, x15, x11       x16=00000005 x15:00000004 x11:00000001
15784506ns          268482 1c008176 00f77733 and              x14, x14, x15       x14=00000004 x14:fffffffe x15:00000004
15784526ns          268483 1c008178 010005b3 add              x11, x0, x16        x11=00000005 x16:00000005
15784546ns          268484 1c00817a fe0709e3 beq              x14, x0, -14        x14:00000004
15784566ns          268485 1c00817c 00188893 addi             x17, x17, 1         x17=00000014 x17:00000013
15784586ns          268486 1c00817e 031e8b63 beq              x29, x17, 54        x29:0000001f x17:00000014
15784606ns          268487 1c008182 0108dd63 bge              x17, x16, 26        x17:00000014 x16:00000005
15784665ns          268490 1c00819c fff84793 xori             x15, x16, -1        x15=fffffffa x16:00000005
15784685ns          268491 1c0081a0 01c7f7b3 and              x15, x15, x28       x15=00000010 x15:fffffffa x28:00000010
15784705ns          268492 1c0081a4 01e30333 add              x6, x6, x30          x6=100016a0  x6:1000169c x30:00000004
15784725ns          268493 1c0081a6 01c845b3 xor              x11, x16, x28       x11=00000015 x16:00000005 x28:00000010
15784745ns          268494 1c0081aa fc0780e3 beq              x15, x0, -64        x15:00000010
15784765ns          268495 1c0081ac 00188893 addi             x17, x17, 1         x17=00000015 x17:00000014
15784785ns          268496 1c0081ae 00b00833 add              x16, x0, x11        x16=00000015 x11:00000015
15784805ns          268497 1c0081b0 fd1e99e3 bne              x29, x17, -46       x29:0000001f x17:00000015
15784884ns          268501 1c008182 0108dd63 bge              x17, x16, 26        x17:00000015 x16:00000015
15784944ns          268504 1c00819c fff84793 xori             x15, x16, -1        x15=ffffffea x16:00000015
15784964ns          268505 1c0081a0 01c7f7b3 and              x15, x15, x28       x15=00000000 x15:ffffffea x28:00000010
15784984ns          268506 1c0081a4 01e30333 add              x6, x6, x30          x6=100016a4  x6:100016a0 x30:00000004
15785004ns          268507 1c0081a6 01c845b3 xor              x11, x16, x28       x11=00000005 x16:00000015 x28:00000010
15785023ns          268508 1c0081aa fc0780e3 beq              x15, x0, -64        x15:00000000
15785083ns          268511 1c00816a 01c007b3 add              x15, x0, x28        x15=00000010 x28:00000010
15785103ns          268512 1c00816c 4017d793 srai             x15, x15, 0x401     x15=00000008 x15:00000010
15785123ns          268513 1c00816e fff5c713 xori             x14, x11, -1        x14=fffffffa x11:00000005
15785143ns          268514 1c008172 00b7c833 xor              x16, x15, x11       x16=0000000d x15:00000008 x11:00000005
15785163ns          268515 1c008176 00f77733 and              x14, x14, x15       x14=00000008 x14:fffffffa x15:00000008
15785183ns          268516 1c008178 010005b3 add              x11, x0, x16        x11=0000000d x16:0000000d
15785202ns          268517 1c00817a fe0709e3 beq              x14, x0, -14        x14:00000008
15785222ns          268518 1c00817c 00188893 addi             x17, x17, 1         x17=00000016 x17:00000015
15785242ns          268519 1c00817e 031e8b63 beq              x29, x17, 54        x29:0000001f x17:00000016
15785262ns          268520 1c008182 0108dd63 bge              x17, x16, 26        x17:00000016 x16:0000000d
15785322ns          268523 1c00819c fff84793 xori             x15, x16, -1        x15=fffffff2 x16:0000000d
15785342ns          268524 1c0081a0 01c7f7b3 and              x15, x15, x28       x15=00000010 x15:fffffff2 x28:00000010
15785362ns          268525 1c0081a4 01e30333 add              x6, x6, x30          x6=100016a8  x6:100016a4 x30:00000004
15785381ns          268526 1c0081a6 01c845b3 xor              x11, x16, x28       x11=0000001d x16:0000000d x28:00000010
15785401ns          268527 1c0081aa fc0780e3 beq              x15, x0, -64        x15:00000010
15785421ns          268528 1c0081ac 00188893 addi             x17, x17, 1         x17=00000017 x17:00000016
15785441ns          268529 1c0081ae 00b00833 add              x16, x0, x11        x16=0000001d x11:0000001d
15785461ns          268530 1c0081b0 fd1e99e3 bne              x29, x17, -46       x29:0000001f x17:00000017
15785541ns          268534 1c008182 0108dd63 bge              x17, x16, 26        x17:00000017 x16:0000001d
15785560ns          268535 1c008186 00d007b3 add              x15, x0, x13        x15=00000000 x13:00000000
15785580ns          268536 1c008188 430607b3 p.mac            x15, x12, x16       x15=0000001d x15:00000000 x12:00000001 x16:0000001d
15785600ns          268537 1c00818c 00279793 slli             x15, x15, 0x2       x15=00000074 x15:0000001d
15785620ns          268538 1c00818e 00a787b3 add              x15, x15, x10       x15=100016c0 x15:00000074 x10:1000164c
15785640ns          268539 1c008190 0007a583 lw               x11, 0(x15)         x11=41c7f43e x15:100016c0  PA:100016c0
15785660ns          268540 1c008192 00032703 lw               x14, 0(x6)          x14=404cbcc0  x6:100016a8  PA:100016a8
15785700ns          268542 1c008196 00b32023 sw               x11, 0(x6)          x11:41c7f43e  x6:100016a8  PA:100016a8
15785720ns          268543 1c00819a 00e7a023 sw               x14, 0(x15)         x14:404cbcc0 x15:100016c0  PA:100016c0
15785739ns          268544 1c00819c fff84793 xori             x15, x16, -1        x15=ffffffe2 x16:0000001d
15785759ns          268545 1c0081a0 01c7f7b3 and              x15, x15, x28       x15=00000000 x15:ffffffe2 x28:00000010
15785779ns          268546 1c0081a4 01e30333 add              x6, x6, x30          x6=100016ac  x6:100016a8 x30:00000004
15785799ns          268547 1c0081a6 01c845b3 xor              x11, x16, x28       x11=0000000d x16:0000001d x28:00000010
15785819ns          268548 1c0081aa fc0780e3 beq              x15, x0, -64        x15:00000000
15785879ns          268551 1c00816a 01c007b3 add              x15, x0, x28        x15=00000010 x28:00000010
15785899ns          268552 1c00816c 4017d793 srai             x15, x15, 0x401     x15=00000008 x15:00000010
15785918ns          268553 1c00816e fff5c713 xori             x14, x11, -1        x14=fffffff2 x11:0000000d
15785938ns          268554 1c008172 00b7c833 xor              x16, x15, x11       x16=00000005 x15:00000008 x11:0000000d
15785958ns          268555 1c008176 00f77733 and              x14, x14, x15       x14=00000000 x14:fffffff2 x15:00000008
15785978ns          268556 1c008178 010005b3 add              x11, x0, x16        x11=00000005 x16:00000005
15785998ns          268557 1c00817a fe0709e3 beq              x14, x0, -14        x14:00000000
15786058ns          268560 1c00816c 4017d793 srai             x15, x15, 0x401     x15=00000004 x15:00000008
15786078ns          268561 1c00816e fff5c713 xori             x14, x11, -1        x14=fffffffa x11:00000005
15786098ns          268562 1c008172 00b7c833 xor              x16, x15, x11       x16=00000001 x15:00000004 x11:00000005
15786117ns          268563 1c008176 00f77733 and              x14, x14, x15       x14=00000000 x14:fffffffa x15:00000004
15786137ns          268564 1c008178 010005b3 add              x11, x0, x16        x11=00000001 x16:00000001
15786157ns          268565 1c00817a fe0709e3 beq              x14, x0, -14        x14:00000000
15786217ns          268568 1c00816c 4017d793 srai             x15, x15, 0x401     x15=00000002 x15:00000004
15786237ns          268569 1c00816e fff5c713 xori             x14, x11, -1        x14=fffffffe x11:00000001
15786257ns          268570 1c008172 00b7c833 xor              x16, x15, x11       x16=00000003 x15:00000002 x11:00000001
15786277ns          268571 1c008176 00f77733 and              x14, x14, x15       x14=00000002 x14:fffffffe x15:00000002
15786296ns          268572 1c008178 010005b3 add              x11, x0, x16        x11=00000003 x16:00000003
15786316ns          268573 1c00817a fe0709e3 beq              x14, x0, -14        x14:00000002
15786336ns          268574 1c00817c 00188893 addi             x17, x17, 1         x17=00000018 x17:00000017
15786356ns          268575 1c00817e 031e8b63 beq              x29, x17, 54        x29:0000001f x17:00000018
15786376ns          268576 1c008182 0108dd63 bge              x17, x16, 26        x17:00000018 x16:00000003
15786436ns          268579 1c00819c fff84793 xori             x15, x16, -1        x15=fffffffc x16:00000003
15786456ns          268580 1c0081a0 01c7f7b3 and              x15, x15, x28       x15=00000010 x15:fffffffc x28:00000010
15786475ns          268581 1c0081a4 01e30333 add              x6, x6, x30          x6=100016b0  x6:100016ac x30:00000004
15786495ns          268582 1c0081a6 01c845b3 xor              x11, x16, x28       x11=00000013 x16:00000003 x28:00000010
15786515ns          268583 1c0081aa fc0780e3 beq              x15, x0, -64        x15:00000010
15786535ns          268584 1c0081ac 00188893 addi             x17, x17, 1         x17=00000019 x17:00000018
15786555ns          268585 1c0081ae 00b00833 add              x16, x0, x11        x16=00000013 x11:00000013
15786575ns          268586 1c0081b0 fd1e99e3 bne              x29, x17, -46       x29:0000001f x17:00000019
15786654ns          268590 1c008182 0108dd63 bge              x17, x16, 26        x17:00000019 x16:00000013
15786714ns          268593 1c00819c fff84793 xori             x15, x16, -1        x15=ffffffec x16:00000013
15786734ns          268594 1c0081a0 01c7f7b3 and              x15, x15, x28       x15=00000000 x15:ffffffec x28:00000010
15786754ns          268595 1c0081a4 01e30333 add              x6, x6, x30          x6=100016b4  x6:100016b0 x30:00000004
15786774ns          268596 1c0081a6 01c845b3 xor              x11, x16, x28       x11=00000003 x16:00000013 x28:00000010
15786794ns          268597 1c0081aa fc0780e3 beq              x15, x0, -64        x15:00000000
15786853ns          268600 1c00816a 01c007b3 add              x15, x0, x28        x15=00000010 x28:00000010
15786873ns          268601 1c00816c 4017d793 srai             x15, x15, 0x401     x15=00000008 x15:00000010
15786893ns          268602 1c00816e fff5c713 xori             x14, x11, -1        x14=fffffffc x11:00000003
15786913ns          268603 1c008172 00b7c833 xor              x16, x15, x11       x16=0000000b x15:00000008 x11:00000003
15786933ns          268604 1c008176 00f77733 and              x14, x14, x15       x14=00000008 x14:fffffffc x15:00000008
15786953ns          268605 1c008178 010005b3 add              x11, x0, x16        x11=0000000b x16:0000000b
15786973ns          268606 1c00817a fe0709e3 beq              x14, x0, -14        x14:00000008
15786993ns          268607 1c00817c 00188893 addi             x17, x17, 1         x17=0000001a x17:00000019
15787012ns          268608 1c00817e 031e8b63 beq              x29, x17, 54        x29:0000001f x17:0000001a
15787032ns          268609 1c008182 0108dd63 bge              x17, x16, 26        x17:0000001a x16:0000000b
15787092ns          268612 1c00819c fff84793 xori             x15, x16, -1        x15=fffffff4 x16:0000000b
15787112ns          268613 1c0081a0 01c7f7b3 and              x15, x15, x28       x15=00000010 x15:fffffff4 x28:00000010
15787132ns          268614 1c0081a4 01e30333 add              x6, x6, x30          x6=100016b8  x6:100016b4 x30:00000004
15787152ns          268615 1c0081a6 01c845b3 xor              x11, x16, x28       x11=0000001b x16:0000000b x28:00000010
15787172ns          268616 1c0081aa fc0780e3 beq              x15, x0, -64        x15:00000010
15787191ns          268617 1c0081ac 00188893 addi             x17, x17, 1         x17=0000001b x17:0000001a
15787211ns          268618 1c0081ae 00b00833 add              x16, x0, x11        x16=0000001b x11:0000001b
15787231ns          268619 1c0081b0 fd1e99e3 bne              x29, x17, -46       x29:0000001f x17:0000001b
15787311ns          268623 1c008182 0108dd63 bge              x17, x16, 26        x17:0000001b x16:0000001b
15787371ns          268626 1c00819c fff84793 xori             x15, x16, -1        x15=ffffffe4 x16:0000001b
15787390ns          268627 1c0081a0 01c7f7b3 and              x15, x15, x28       x15=00000000 x15:ffffffe4 x28:00000010
15787410ns          268628 1c0081a4 01e30333 add              x6, x6, x30          x6=100016bc  x6:100016b8 x30:00000004
15787430ns          268629 1c0081a6 01c845b3 xor              x11, x16, x28       x11=0000000b x16:0000001b x28:00000010
15787450ns          268630 1c0081aa fc0780e3 beq              x15, x0, -64        x15:00000000
15787510ns          268633 1c00816a 01c007b3 add              x15, x0, x28        x15=00000010 x28:00000010
15787530ns          268634 1c00816c 4017d793 srai             x15, x15, 0x401     x15=00000008 x15:00000010
15787550ns          268635 1c00816e fff5c713 xori             x14, x11, -1        x14=fffffff4 x11:0000000b
15787569ns          268636 1c008172 00b7c833 xor              x16, x15, x11       x16=00000003 x15:00000008 x11:0000000b
15787589ns          268637 1c008176 00f77733 and              x14, x14, x15       x14=00000000 x14:fffffff4 x15:00000008
15787609ns          268638 1c008178 010005b3 add              x11, x0, x16        x11=00000003 x16:00000003
15787629ns          268639 1c00817a fe0709e3 beq              x14, x0, -14        x14:00000000
15787689ns          268642 1c00816c 4017d793 srai             x15, x15, 0x401     x15=00000004 x15:00000008
15787709ns          268643 1c00816e fff5c713 xori             x14, x11, -1        x14=fffffffc x11:00000003
15787729ns          268644 1c008172 00b7c833 xor              x16, x15, x11       x16=00000007 x15:00000004 x11:00000003
15787748ns          268645 1c008176 00f77733 and              x14, x14, x15       x14=00000004 x14:fffffffc x15:00000004
15787768ns          268646 1c008178 010005b3 add              x11, x0, x16        x11=00000007 x16:00000007
15787788ns          268647 1c00817a fe0709e3 beq              x14, x0, -14        x14:00000004
15787808ns          268648 1c00817c 00188893 addi             x17, x17, 1         x17=0000001c x17:0000001b
15787828ns          268649 1c00817e 031e8b63 beq              x29, x17, 54        x29:0000001f x17:0000001c
15787848ns          268650 1c008182 0108dd63 bge              x17, x16, 26        x17:0000001c x16:00000007
15787908ns          268653 1c00819c fff84793 xori             x15, x16, -1        x15=fffffff8 x16:00000007
15787927ns          268654 1c0081a0 01c7f7b3 and              x15, x15, x28       x15=00000010 x15:fffffff8 x28:00000010
15787947ns          268655 1c0081a4 01e30333 add              x6, x6, x30          x6=100016c0  x6:100016bc x30:00000004
15787967ns          268656 1c0081a6 01c845b3 xor              x11, x16, x28       x11=00000017 x16:00000007 x28:00000010
15787987ns          268657 1c0081aa fc0780e3 beq              x15, x0, -64        x15:00000010
15788007ns          268658 1c0081ac 00188893 addi             x17, x17, 1         x17=0000001d x17:0000001c
15788027ns          268659 1c0081ae 00b00833 add              x16, x0, x11        x16=00000017 x11:00000017
15788047ns          268660 1c0081b0 fd1e99e3 bne              x29, x17, -46       x29:0000001f x17:0000001d
15788126ns          268664 1c008182 0108dd63 bge              x17, x16, 26        x17:0000001d x16:00000017
15788186ns          268667 1c00819c fff84793 xori             x15, x16, -1        x15=ffffffe8 x16:00000017
15788206ns          268668 1c0081a0 01c7f7b3 and              x15, x15, x28       x15=00000000 x15:ffffffe8 x28:00000010
15788226ns          268669 1c0081a4 01e30333 add              x6, x6, x30          x6=100016c4  x6:100016c0 x30:00000004
15788246ns          268670 1c0081a6 01c845b3 xor              x11, x16, x28       x11=00000007 x16:00000017 x28:00000010
15788266ns          268671 1c0081aa fc0780e3 beq              x15, x0, -64        x15:00000000
15788325ns          268674 1c00816a 01c007b3 add              x15, x0, x28        x15=00000010 x28:00000010
15788345ns          268675 1c00816c 4017d793 srai             x15, x15, 0x401     x15=00000008 x15:00000010
15788365ns          268676 1c00816e fff5c713 xori             x14, x11, -1        x14=fffffff8 x11:00000007
15788385ns          268677 1c008172 00b7c833 xor              x16, x15, x11       x16=0000000f x15:00000008 x11:00000007
15788405ns          268678 1c008176 00f77733 and              x14, x14, x15       x14=00000008 x14:fffffff8 x15:00000008
15788425ns          268679 1c008178 010005b3 add              x11, x0, x16        x11=0000000f x16:0000000f
15788445ns          268680 1c00817a fe0709e3 beq              x14, x0, -14        x14:00000008
15788465ns          268681 1c00817c 00188893 addi             x17, x17, 1         x17=0000001e x17:0000001d
15788484ns          268682 1c00817e 031e8b63 beq              x29, x17, 54        x29:0000001f x17:0000001e
15788504ns          268683 1c008182 0108dd63 bge              x17, x16, 26        x17:0000001e x16:0000000f
15788564ns          268686 1c00819c fff84793 xori             x15, x16, -1        x15=fffffff0 x16:0000000f
15788584ns          268687 1c0081a0 01c7f7b3 and              x15, x15, x28       x15=00000010 x15:fffffff0 x28:00000010
15788604ns          268688 1c0081a4 01e30333 add              x6, x6, x30          x6=100016c8  x6:100016c4 x30:00000004
15788624ns          268689 1c0081a6 01c845b3 xor              x11, x16, x28       x11=0000001f x16:0000000f x28:00000010
15788644ns          268690 1c0081aa fc0780e3 beq              x15, x0, -64        x15:00000010
15788663ns          268691 1c0081ac 00188893 addi             x17, x17, 1         x17=0000001f x17:0000001e
15788683ns          268692 1c0081ae 00b00833 add              x16, x0, x11        x16=0000001f x11:0000001f
15788703ns          268693 1c0081b0 fd1e99e3 bne              x29, x17, -46       x29:0000001f x17:0000001f
15788723ns          268694 1c0081b4 00008067 jalr             x0, x1, 0            x1:1c0088d8
15788763ns          268696 1c0088d8 18c12603 lw               x12, 396(x2)        x12=3e800000  x2:10001648  PA:100017d4
15788783ns          268697 1c0088dc 00410413 addi             x8, x2, 4            x8=1000164c  x2:10001648
15788803ns          268698 1c0088de 08410693 addi             x13, x2, 132        x13=100016cc  x2:10001648
15788962ns          268706 1c0088e0 0203d0fb lp.setupi        0x1, 0x20, 0x7     
15789002ns          268708 1c0088e4 00042783 lw               x15, 0(x8)          x15=42f8a212  x8:1000164c  PA:1000164c
15789041ns          268710 1c0088e6 10c7f7d3 fmul.s           f15, f15, f12       f15=xxxxxxxx f15:42f8a212 f12:3e800000
15789061ns          268711 1c0088ea 00f6a22b p.sw             x15, 4(x13!)        x13=100016d0 x15:41f8a212 x13:100016cc  PA:100016cc
15789499ns          268733 1c0088ee 00f4222b p.sw             x15, 4(x8!)          x8=10001650 x15:41f8a212  x8:1000164c  PA:1000164c
15789539ns          268735 1c0088e4 00042783 lw               x15, 0(x8)          x15=411f276e  x8:10001650  PA:10001650
15789618ns          268739 1c0088e6 10c7f7d3 fmul.s           f15, f15, f12       f15=xxxxxxxx f15:411f276e f12:3e800000
15789638ns          268740 1c0088ea 00f6a22b p.sw             x15, 4(x13!)        x13=100016d4 x15:401f276e x13:100016d0  PA:100016d0
15789678ns          268742 1c0088ee 00f4222b p.sw             x15, 4(x8!)          x8=10001654 x15:401f276e  x8:10001650  PA:10001650
15789698ns          268743 1c0088e4 00042783 lw               x15, 0(x8)          x15=4140f575  x8:10001654  PA:10001654
15789738ns          268745 1c0088e6 10c7f7d3 fmul.s           f15, f15, f12       f15=xxxxxxxx f15:4140f575 f12:3e800000
15789757ns          268746 1c0088ea 00f6a22b p.sw             x15, 4(x13!)        x13=100016d8 x15:4040f575 x13:100016d4  PA:100016d4
15789797ns          268748 1c0088ee 00f4222b p.sw             x15, 4(x8!)          x8=10001658 x15:4040f575  x8:10001654  PA:10001654
15789837ns          268750 1c0088e4 00042783 lw               x15, 0(x8)          x15=41a671ba  x8:10001658  PA:10001658
15789877ns          268752 1c0088e6 10c7f7d3 fmul.s           f15, f15, f12       f15=xxxxxxxx f15:41a671ba f12:3e800000
15789897ns          268753 1c0088ea 00f6a22b p.sw             x15, 4(x13!)        x13=100016dc x15:40a671ba x13:100016d8  PA:100016d8
15789936ns          268755 1c0088ee 00f4222b p.sw             x15, 4(x8!)          x8=1000165c x15:40a671ba  x8:10001658  PA:10001658
15789976ns          268757 1c0088e4 00042783 lw               x15, 0(x8)          x15=413a29c0  x8:1000165c  PA:1000165c
15790056ns          268761 1c0088e6 10c7f7d3 fmul.s           f15, f15, f12       f15=xxxxxxxx f15:413a29c0 f12:3e800000
15790076ns          268762 1c0088ea 00f6a22b p.sw             x15, 4(x13!)        x13=100016e0 x15:403a29c0 x13:100016dc  PA:100016dc
15790096ns          268763 1c0088ee 00f4222b p.sw             x15, 4(x8!)          x8=10001660 x15:403a29c0  x8:1000165c  PA:1000165c
15790115ns          268764 1c0088e4 00042783 lw               x15, 0(x8)          x15=c17c8498  x8:10001660  PA:10001660
15790175ns          268767 1c0088e6 10c7f7d3 fmul.s           f15, f15, f12       f15=xxxxxxxx f15:c17c8498 f12:3e800000
15790195ns          268768 1c0088ea 00f6a22b p.sw             x15, 4(x13!)        x13=100016e4 x15:c07c8498 x13:100016e0  PA:100016e0
15790215ns          268769 1c0088ee 00f4222b p.sw             x15, 4(x8!)          x8=10001664 x15:c07c8498  x8:10001660  PA:10001660
15790235ns          268770 1c0088e4 00042783 lw               x15, 0(x8)          x15=402e388b  x8:10001664  PA:10001664
15790294ns          268773 1c0088e6 10c7f7d3 fmul.s           f15, f15, f12       f15=xxxxxxxx f15:402e388b f12:3e800000
15790314ns          268774 1c0088ea 00f6a22b p.sw             x15, 4(x13!)        x13=100016e8 x15:3f2e388b x13:100016e4  PA:100016e4
15790334ns          268775 1c0088ee 00f4222b p.sw             x15, 4(x8!)          x8=10001668 x15:3f2e388b  x8:10001664  PA:10001664
15790354ns          268776 1c0088e4 00042783 lw               x15, 0(x8)          x15=c153a06c  x8:10001668  PA:10001668
15790414ns          268779 1c0088e6 10c7f7d3 fmul.s           f15, f15, f12       f15=xxxxxxxx f15:c153a06c f12:3e800000
15790434ns          268780 1c0088ea 00f6a22b p.sw             x15, 4(x13!)        x13=100016ec x15:c053a06c x13:100016e8  PA:100016e8
15790454ns          268781 1c0088ee 00f4222b p.sw             x15, 4(x8!)          x8=1000166c x15:c053a06c  x8:10001668  PA:10001668
15790473ns          268782 1c0088e4 00042783 lw               x15, 0(x8)          x15=c18157ec  x8:1000166c  PA:1000166c
15790533ns          268785 1c0088e6 10c7f7d3 fmul.s           f15, f15, f12       f15=xxxxxxxx f15:c18157ec f12:3e800000
15790553ns          268786 1c0088ea 00f6a22b p.sw             x15, 4(x13!)        x13=100016f0 x15:c08157ec x13:100016ec  PA:100016ec
15790573ns          268787 1c0088ee 00f4222b p.sw             x15, 4(x8!)          x8=10001670 x15:c08157ec  x8:1000166c  PA:1000166c
15790593ns          268788 1c0088e4 00042783 lw               x15, 0(x8)          x15=4147b4ff  x8:10001670  PA:10001670
15790652ns          268791 1c0088e6 10c7f7d3 fmul.s           f15, f15, f12       f15=xxxxxxxx f15:4147b4ff f12:3e800000
15790672ns          268792 1c0088ea 00f6a22b p.sw             x15, 4(x13!)        x13=100016f4 x15:4047b4ff x13:100016f0  PA:100016f0
15790692ns          268793 1c0088ee 00f4222b p.sw             x15, 4(x8!)          x8=10001674 x15:4047b4ff  x8:10001670  PA:10001670
15790712ns          268794 1c0088e4 00042783 lw               x15, 0(x8)          x15=3dc18c9a  x8:10001674  PA:10001674
15790772ns          268797 1c0088e6 10c7f7d3 fmul.s           f15, f15, f12       f15=xxxxxxxx f15:3dc18c9a f12:3e800000
15790792ns          268798 1c0088ea 00f6a22b p.sw             x15, 4(x13!)        x13=100016f8 x15:3cc18c9a x13:100016f4  PA:100016f4
15790812ns          268799 1c0088ee 00f4222b p.sw             x15, 4(x8!)          x8=10001678 x15:3cc18c9a  x8:10001674  PA:10001674
15790832ns          268800 1c0088e4 00042783 lw               x15, 0(x8)          x15=3fb65c7a  x8:10001678  PA:10001678
15790891ns          268803 1c0088e6 10c7f7d3 fmul.s           f15, f15, f12       f15=xxxxxxxx f15:3fb65c7a f12:3e800000
15790911ns          268804 1c0088ea 00f6a22b p.sw             x15, 4(x13!)        x13=100016fc x15:3eb65c7a x13:100016f8  PA:100016f8
15790931ns          268805 1c0088ee 00f4222b p.sw             x15, 4(x8!)          x8=1000167c x15:3eb65c7a  x8:10001678  PA:10001678
15790951ns          268806 1c0088e4 00042783 lw               x15, 0(x8)          x15=4111225b  x8:1000167c  PA:1000167c
15791011ns          268809 1c0088e6 10c7f7d3 fmul.s           f15, f15, f12       f15=xxxxxxxx f15:4111225b f12:3e800000
15791030ns          268810 1c0088ea 00f6a22b p.sw             x15, 4(x13!)        x13=10001700 x15:4011225b x13:100016fc  PA:100016fc
15791050ns          268811 1c0088ee 00f4222b p.sw             x15, 4(x8!)          x8=10001680 x15:4011225b  x8:1000167c  PA:1000167c
15791070ns          268812 1c0088e4 00042783 lw               x15, 0(x8)          x15=c0e2047b  x8:10001680  PA:10001680
15791130ns          268815 1c0088e6 10c7f7d3 fmul.s           f15, f15, f12       f15=xxxxxxxx f15:c0e2047b f12:3e800000
15791150ns          268816 1c0088ea 00f6a22b p.sw             x15, 4(x13!)        x13=10001704 x15:bfe2047b x13:10001700  PA:10001700
15791170ns          268817 1c0088ee 00f4222b p.sw             x15, 4(x8!)          x8=10001684 x15:bfe2047b  x8:10001680  PA:10001680
15791190ns          268818 1c0088e4 00042783 lw               x15, 0(x8)          x15=3ffbf269  x8:10001684  PA:10001684
15791249ns          268821 1c0088e6 10c7f7d3 fmul.s           f15, f15, f12       f15=xxxxxxxx f15:3ffbf269 f12:3e800000
15791269ns          268822 1c0088ea 00f6a22b p.sw             x15, 4(x13!)        x13=10001708 x15:3efbf269 x13:10001704  PA:10001704
15791289ns          268823 1c0088ee 00f4222b p.sw             x15, 4(x8!)          x8=10001688 x15:3efbf269  x8:10001684  PA:10001684
15791309ns          268824 1c0088e4 00042783 lw               x15, 0(x8)          x15=415ba22a  x8:10001688  PA:10001688
15791369ns          268827 1c0088e6 10c7f7d3 fmul.s           f15, f15, f12       f15=xxxxxxxx f15:415ba22a f12:3e800000
15791388ns          268828 1c0088ea 00f6a22b p.sw             x15, 4(x13!)        x13=1000170c x15:405ba22a x13:10001708  PA:10001708
15791408ns          268829 1c0088ee 00f4222b p.sw             x15, 4(x8!)          x8=1000168c x15:405ba22a  x8:10001688  PA:10001688
15791428ns          268830 1c0088e4 00042783 lw               x15, 0(x8)          x15=3e7386c7  x8:1000168c  PA:1000168c
15791488ns          268833 1c0088e6 10c7f7d3 fmul.s           f15, f15, f12       f15=xxxxxxxx f15:3e7386c7 f12:3e800000
15791508ns          268834 1c0088ea 00f6a22b p.sw             x15, 4(x13!)        x13=10001710 x15:3d7386c7 x13:1000170c  PA:1000170c
15791528ns          268835 1c0088ee 00f4222b p.sw             x15, 4(x8!)          x8=10001690 x15:3d7386c7  x8:1000168c  PA:1000168c
15791548ns          268836 1c0088e4 00042783 lw               x15, 0(x8)          x15=c08f9400  x8:10001690  PA:10001690
15791607ns          268839 1c0088e6 10c7f7d3 fmul.s           f15, f15, f12       f15=xxxxxxxx f15:c08f9400 f12:3e800000
15791627ns          268840 1c0088ea 00f6a22b p.sw             x15, 4(x13!)        x13=10001714 x15:bf8f9400 x13:10001710  PA:10001710
15791647ns          268841 1c0088ee 00f4222b p.sw             x15, 4(x8!)          x8=10001694 x15:bf8f9400  x8:10001690  PA:10001690
15791667ns          268842 1c0088e4 00042783 lw               x15, 0(x8)          x15=3e0b97f0  x8:10001694  PA:10001694
15791727ns          268845 1c0088e6 10c7f7d3 fmul.s           f15, f15, f12       f15=xxxxxxxx f15:3e0b97f0 f12:3e800000
15791746ns          268846 1c0088ea 00f6a22b p.sw             x15, 4(x13!)        x13=10001718 x15:3d0b97f0 x13:10001714  PA:10001714
15791766ns          268847 1c0088ee 00f4222b p.sw             x15, 4(x8!)          x8=10001698 x15:3d0b97f0  x8:10001694  PA:10001694
15791786ns          268848 1c0088e4 00042783 lw               x15, 0(x8)          x15=41379a73  x8:10001698  PA:10001698
15791846ns          268851 1c0088e6 10c7f7d3 fmul.s           f15, f15, f12       f15=xxxxxxxx f15:41379a73 f12:3e800000
15791866ns          268852 1c0088ea 00f6a22b p.sw             x15, 4(x13!)        x13=1000171c x15:40379a73 x13:10001718  PA:10001718
15791886ns          268853 1c0088ee 00f4222b p.sw             x15, 4(x8!)          x8=1000169c x15:40379a73  x8:10001698  PA:10001698
15791906ns          268854 1c0088e4 00042783 lw               x15, 0(x8)          x15=3fabe764  x8:1000169c  PA:1000169c
15791965ns          268857 1c0088e6 10c7f7d3 fmul.s           f15, f15, f12       f15=xxxxxxxx f15:3fabe764 f12:3e800000
15791985ns          268858 1c0088ea 00f6a22b p.sw             x15, 4(x13!)        x13=10001720 x15:3eabe764 x13:1000171c  PA:1000171c
15792005ns          268859 1c0088ee 00f4222b p.sw             x15, 4(x8!)          x8=100016a0 x15:3eabe764  x8:1000169c  PA:1000169c
15792025ns          268860 1c0088e4 00042783 lw               x15, 0(x8)          x15=413abcb3  x8:100016a0  PA:100016a0
15792085ns          268863 1c0088e6 10c7f7d3 fmul.s           f15, f15, f12       f15=xxxxxxxx f15:413abcb3 f12:3e800000
15792105ns          268864 1c0088ea 00f6a22b p.sw             x15, 4(x13!)        x13=10001724 x15:403abcb3 x13:10001720  PA:10001720
15792124ns          268865 1c0088ee 00f4222b p.sw             x15, 4(x8!)          x8=100016a4 x15:403abcb3  x8:100016a0  PA:100016a0
15792144ns          268866 1c0088e4 00042783 lw               x15, 0(x8)          x15=c10cfcad  x8:100016a4  PA:100016a4
15792204ns          268869 1c0088e6 10c7f7d3 fmul.s           f15, f15, f12       f15=xxxxxxxx f15:c10cfcad f12:3e800000
15792224ns          268870 1c0088ea 00f6a22b p.sw             x15, 4(x13!)        x13=10001728 x15:c00cfcad x13:10001724  PA:10001724
15792244ns          268871 1c0088ee 00f4222b p.sw             x15, 4(x8!)          x8=100016a8 x15:c00cfcad  x8:100016a4  PA:100016a4
15792264ns          268872 1c0088e4 00042783 lw               x15, 0(x8)          x15=41c7f43e  x8:100016a8  PA:100016a8
15792323ns          268875 1c0088e6 10c7f7d3 fmul.s           f15, f15, f12       f15=xxxxxxxx f15:41c7f43e f12:3e800000
15792343ns          268876 1c0088ea 00f6a22b p.sw             x15, 4(x13!)        x13=1000172c x15:40c7f43e x13:10001728  PA:10001728
15792363ns          268877 1c0088ee 00f4222b p.sw             x15, 4(x8!)          x8=100016ac x15:40c7f43e  x8:100016a8  PA:100016a8
15792383ns          268878 1c0088e4 00042783 lw               x15, 0(x8)          x15=c1b1f8a6  x8:100016ac  PA:100016ac
15792443ns          268881 1c0088e6 10c7f7d3 fmul.s           f15, f15, f12       f15=xxxxxxxx f15:c1b1f8a6 f12:3e800000
15792463ns          268882 1c0088ea 00f6a22b p.sw             x15, 4(x13!)        x13=10001730 x15:c0b1f8a6 x13:1000172c  PA:1000172c
15792482ns          268883 1c0088ee 00f4222b p.sw             x15, 4(x8!)          x8=100016b0 x15:c0b1f8a6  x8:100016ac  PA:100016ac
15792502ns          268884 1c0088e4 00042783 lw               x15, 0(x8)          x15=c102f21b  x8:100016b0  PA:100016b0
15792562ns          268887 1c0088e6 10c7f7d3 fmul.s           f15, f15, f12       f15=xxxxxxxx f15:c102f21b f12:3e800000
15792582ns          268888 1c0088ea 00f6a22b p.sw             x15, 4(x13!)        x13=10001734 x15:c002f21b x13:10001730  PA:10001730
15792602ns          268889 1c0088ee 00f4222b p.sw             x15, 4(x8!)          x8=100016b4 x15:c002f21b  x8:100016b0  PA:100016b0
15792622ns          268890 1c0088e4 00042783 lw               x15, 0(x8)          x15=416efd23  x8:100016b4  PA:100016b4
15792681ns          268893 1c0088e6 10c7f7d3 fmul.s           f15, f15, f12       f15=xxxxxxxx f15:416efd23 f12:3e800000
15792701ns          268894 1c0088ea 00f6a22b p.sw             x15, 4(x13!)        x13=10001738 x15:406efd23 x13:10001734  PA:10001734
15792721ns          268895 1c0088ee 00f4222b p.sw             x15, 4(x8!)          x8=100016b8 x15:406efd23  x8:100016b4  PA:100016b4
15792741ns          268896 1c0088e4 00042783 lw               x15, 0(x8)          x15=c0e450d3  x8:100016b8  PA:100016b8
15792801ns          268899 1c0088e6 10c7f7d3 fmul.s           f15, f15, f12       f15=xxxxxxxx f15:c0e450d3 f12:3e800000
15792821ns          268900 1c0088ea 00f6a22b p.sw             x15, 4(x13!)        x13=1000173c x15:bfe450d3 x13:10001738  PA:10001738
15792840ns          268901 1c0088ee 00f4222b p.sw             x15, 4(x8!)          x8=100016bc x15:bfe450d3  x8:100016b8  PA:100016b8
15792860ns          268902 1c0088e4 00042783 lw               x15, 0(x8)          x15=c11f1d2d  x8:100016bc  PA:100016bc
15792920ns          268905 1c0088e6 10c7f7d3 fmul.s           f15, f15, f12       f15=xxxxxxxx f15:c11f1d2d f12:3e800000
15792940ns          268906 1c0088ea 00f6a22b p.sw             x15, 4(x13!)        x13=10001740 x15:c01f1d2d x13:1000173c  PA:1000173c
15792960ns          268907 1c0088ee 00f4222b p.sw             x15, 4(x8!)          x8=100016c0 x15:c01f1d2d  x8:100016bc  PA:100016bc
15792980ns          268908 1c0088e4 00042783 lw               x15, 0(x8)          x15=404cbcc0  x8:100016c0  PA:100016c0
15793039ns          268911 1c0088e6 10c7f7d3 fmul.s           f15, f15, f12       f15=xxxxxxxx f15:404cbcc0 f12:3e800000
15793059ns          268912 1c0088ea 00f6a22b p.sw             x15, 4(x13!)        x13=10001744 x15:3f4cbcc0 x13:10001740  PA:10001740
15793079ns          268913 1c0088ee 00f4222b p.sw             x15, 4(x8!)          x8=100016c4 x15:3f4cbcc0  x8:100016c0  PA:100016c0
15793099ns          268914 1c0088e4 00042783 lw               x15, 0(x8)          x15=412b9799  x8:100016c4  PA:100016c4
15793159ns          268917 1c0088e6 10c7f7d3 fmul.s           f15, f15, f12       f15=xxxxxxxx f15:412b9799 f12:3e800000
15793179ns          268918 1c0088ea 00f6a22b p.sw             x15, 4(x13!)        x13=10001748 x15:402b9799 x13:10001744  PA:10001744
15793199ns          268919 1c0088ee 00f4222b p.sw             x15, 4(x8!)          x8=100016c8 x15:402b9799  x8:100016c4  PA:100016c4
15793218ns          268920 1c0088e4 00042783 lw               x15, 0(x8)          x15=bf4731b8  x8:100016c8  PA:100016c8
15793278ns          268923 1c0088e6 10c7f7d3 fmul.s           f15, f15, f12       f15=xxxxxxxx f15:bf4731b8 f12:3e800000
15793298ns          268924 1c0088ea 00f6a22b p.sw             x15, 4(x13!)        x13=1000174c x15:be4731b8 x13:10001748  PA:10001748
15793318ns          268925 1c0088ee 00f4222b p.sw             x15, 4(x8!)          x8=100016cc x15:be4731b8  x8:100016c8  PA:100016c8
15793338ns          268926 1c0088f2 7d7010ef jal              x1, 8150             x1=1c0088f6
15793417ns          268930 1c00a8c8 f14027f3 csrrs            x15, x0, 0xf14      x15=00000002
15793457ns          268932 1c00a8cc 01f00713 addi             x14, x0, 31         x14=0000001f
15793517ns          268935 1c00a8ce ca5797b3 p.extractu       x15, x15, 5, 5      x15=00000000 x15:00000002
15793557ns          268937 1c00a8d2 00e78863 beq              x15, x14, 16        x15:00000000 x14:0000001f
15793576ns          268938 1c00a8d6 002047b7 lui              x15, 0x204000       x15=00204000
15793596ns          268939 1c00a8da 20078793 addi             x15, x15, 512       x15=00204200 x15:00204000
15793656ns          268942 1c00a8de 01c7e703 p.elw            x14, 28(x15)        x14=00010000 x15:00204200  PA:0020421c
15793775ns          268948 1c00a8e2 00008067 jalr             x0, x1, 0            x1:1c0088f6
15793835ns          268951 1c0088f6 f14027f3 csrrs            x15, x0, 0xf14      x15=00000002
15793855ns          268952 1c0088fa f457b7b3 p.bclr           x15, x15, 26, 5     x15=00000002 x15:00000002
15793875ns          268953 1c0088fe 00079d63 bne              x15, x0, 26         x15:00000002
15794770ns          268998 1c008918 7b1010ef jal              x1, 8112             x1=1c00891c
15794810ns          269000 1c00a8c8 f14027f3 csrrs            x15, x0, 0xf14      x15=00000002
15794830ns          269001 1c00a8cc 01f00713 addi             x14, x0, 31         x14=0000001f
15794849ns          269002 1c00a8ce ca5797b3 p.extractu       x15, x15, 5, 5      x15=00000000 x15:00000002
15794869ns          269003 1c00a8d2 00e78863 beq              x15, x14, 16        x15:00000000 x14:0000001f
15794889ns          269004 1c00a8d6 002047b7 lui              x15, 0x204000       x15=00204000
15794909ns          269005 1c00a8da 20078793 addi             x15, x15, 512       x15=00204200 x15:00204000
15794929ns          269006 1c00a8de 01c7e703 p.elw            x14, 28(x15)        x14=00010000 x15:00204200  PA:0020421c
16438232ns          301299 1c00a8e2 00008067 jalr             x0, x1, 0            x1:1c00891c
16438273ns          301301 1c00891c 00412603 lw               x12, 4(x2)          x12=41f8a212  x2:10001648  PA:1000164c
16438333ns          301304 1c00891e 00810593 addi             x11, x2, 8          x11=10001650  x2:10001648
16438814ns          301328 1c008920 08412983 lw               x19, 132(x2)        x19=41f8a212  x2:10001648  PA:100016cc
16438834ns          301329 1c008922 08810513 addi             x10, x2, 136        x10=100016d0  x2:10001648
16438855ns          301330 1c008924 00b006b3 add              x13, x0, x11        x13=10001650 x11:10001650
16438875ns          301331 1c008926 00c00733 add              x14, x0, x12        x14=41f8a212 x12:41f8a212
16438895ns          301332 1c008928 01f450fb lp.setupi        0x1, 0x1f, 0x8     
16438915ns          301333 1c00892c 0045288b p.lw             x17, 4(x10!)        x17=401f276e x10=100016d4 x10:100016d0  PA:100016d0
16439316ns          301353 1c008930 0046a80b p.lw             x16, 4(x13!)        x16=401f276e x13=10001654 x13:10001650  PA:10001650
16439356ns          301355 1c008934 0119f9d3 fadd.s           f19, f19, f17       f19=xxxxxxxx f19:41f8a212 f17:401f276e
16439376ns          301356 1c008938 01077753 fadd.s           f14, f14, f16       f14=xxxxxxxx f14:41f8a212 f16:401f276e
16439396ns          301357 1c00892c 0045288b p.lw             x17, 4(x10!)        x17=4040f575 x10=100016d8 x10:100016d4  PA:100016d4
16439416ns          301358 1c008930 0046a80b p.lw             x16, 4(x13!)        x16=4040f575 x13=10001658 x13:10001654  PA:10001654
16439436ns          301359 1c008934 0119f9d3 fadd.s           f19, f19, f17       f19=xxxxxxxx f19:42064380 f17:4040f575
16439456ns          301360 1c008938 01077753 fadd.s           f14, f14, f16       f14=xxxxxxxx f14:42064380 f16:4040f575
16439477ns          301361 1c00892c 0045288b p.lw             x17, 4(x10!)        x17=40a671ba x10=100016dc x10:100016d8  PA:100016d8
16439497ns          301362 1c008930 0046a80b p.lw             x16, 4(x13!)        x16=40a671ba x13=1000165c x13:10001658  PA:10001658
16439517ns          301363 1c008934 0119f9d3 fadd.s           f19, f19, f17       f19=xxxxxxxx f19:421252d7 f17:40a671ba
16439537ns          301364 1c008938 01077753 fadd.s           f14, f14, f16       f14=xxxxxxxx f14:421252d7 f16:40a671ba
16439557ns          301365 1c00892c 0045288b p.lw             x17, 4(x10!)        x17=403a29c0 x10=100016e0 x10:100016dc  PA:100016dc
16439577ns          301366 1c008930 0046a80b p.lw             x16, 4(x13!)        x16=403a29c0 x13=10001660 x13:1000165c  PA:1000165c
16439597ns          301367 1c008934 0119f9d3 fadd.s           f19, f19, f17       f19=xxxxxxxx f19:4227210e f17:403a29c0
16439617ns          301368 1c008938 01077753 fadd.s           f14, f14, f16       f14=xxxxxxxx f14:4227210e f16:403a29c0
16439637ns          301369 1c00892c 0045288b p.lw             x17, 4(x10!)        x17=c07c8498 x10=100016e4 x10:100016e0  PA:100016e0
16439657ns          301370 1c008930 0046a80b p.lw             x16, 4(x13!)        x16=c07c8498 x13=10001664 x13:10001660  PA:10001660
16439677ns          301371 1c008934 0119f9d3 fadd.s           f19, f19, f17       f19=xxxxxxxx f19:4232c3aa f17:c07c8498
16439697ns          301372 1c008938 01077753 fadd.s           f14, f14, f16       f14=xxxxxxxx f14:4232c3aa f16:c07c8498
16439717ns          301373 1c00892c 0045288b p.lw             x17, 4(x10!)        x17=3f2e388b x10=100016e8 x10:100016e4  PA:100016e4
16439737ns          301374 1c008930 0046a80b p.lw             x16, 4(x13!)        x16=3f2e388b x13=10001668 x13:10001664  PA:10001664
16439757ns          301375 1c008934 0119f9d3 fadd.s           f19, f19, f17       f19=xxxxxxxx f19:4222fb60 f17:3f2e388b
16439778ns          301376 1c008938 01077753 fadd.s           f14, f14, f16       f14=xxxxxxxx f14:4222fb60 f16:3f2e388b
16439798ns          301377 1c00892c 0045288b p.lw             x17, 4(x10!)        x17=c053a06c x10=100016ec x10:100016e8  PA:100016e8
16439818ns          301378 1c008930 0046a80b p.lw             x16, 4(x13!)        x16=c053a06c x13=1000166c x13:10001668  PA:10001668
16439838ns          301379 1c008934 0119f9d3 fadd.s           f19, f19, f17       f19=xxxxxxxx f19:4225b442 f17:c053a06c
16439858ns          301380 1c008938 01077753 fadd.s           f14, f14, f16       f14=xxxxxxxx f14:4225b442 f16:c053a06c
16439878ns          301381 1c00892c 0045288b p.lw             x17, 4(x10!)        x17=c08157ec x10=100016f0 x10:100016ec  PA:100016ec
16439898ns          301382 1c008930 0046a80b p.lw             x16, 4(x13!)        x16=c08157ec x13=10001670 x13:1000166c  PA:1000166c
16439918ns          301383 1c008934 0119f9d3 fadd.s           f19, f19, f17       f19=xxxxxxxx f19:42187a3b f17:c08157ec
16439938ns          301384 1c008938 01077753 fadd.s           f14, f14, f16       f14=xxxxxxxx f14:42187a3b f16:c08157ec
16439958ns          301385 1c00892c 0045288b p.lw             x17, 4(x10!)        x17=4047b4ff x10=100016f4 x10:100016f0  PA:100016f0
16439978ns          301386 1c008930 0046a80b p.lw             x16, 4(x13!)        x16=4047b4ff x13=10001674 x13:10001670  PA:10001670
16439998ns          301387 1c008934 0119f9d3 fadd.s           f19, f19, f17       f19=xxxxxxxx f19:42084f3e f17:4047b4ff
16440018ns          301388 1c008938 01077753 fadd.s           f14, f14, f16       f14=xxxxxxxx f14:42084f3e f16:4047b4ff
16440038ns          301389 1c00892c 0045288b p.lw             x17, 4(x10!)        x17=3cc18c9a x10=100016f8 x10:100016f4  PA:100016f4
16440058ns          301390 1c008930 0046a80b p.lw             x16, 4(x13!)        x16=3cc18c9a x13=10001678 x13:10001674  PA:10001674
16440079ns          301391 1c008934 0119f9d3 fadd.s           f19, f19, f17       f19=xxxxxxxx f19:4214ca8e f17:3cc18c9a
16440099ns          301392 1c008938 01077753 fadd.s           f14, f14, f16       f14=xxxxxxxx f14:4214ca8e f16:3cc18c9a
16440119ns          301393 1c00892c 0045288b p.lw             x17, 4(x10!)        x17=3eb65c7a x10=100016fc x10:100016f8  PA:100016f8
16440139ns          301394 1c008930 0046a80b p.lw             x16, 4(x13!)        x16=3eb65c7a x13=1000167c x13:10001678  PA:10001678
16440159ns          301395 1c008934 0119f9d3 fadd.s           f19, f19, f17       f19=xxxxxxxx f19:4214e2c0 f17:3eb65c7a
16440179ns          301396 1c008938 01077753 fadd.s           f14, f14, f16       f14=xxxxxxxx f14:4214e2c0 f16:3eb65c7a
16440199ns          301397 1c00892c 0045288b p.lw             x17, 4(x10!)        x17=4011225b x10=10001700 x10:100016fc  PA:100016fc
16440219ns          301398 1c008930 0046a80b p.lw             x16, 4(x13!)        x16=4011225b x13=10001680 x13:1000167c  PA:1000167c
16440239ns          301399 1c008934 0119f9d3 fadd.s           f19, f19, f17       f19=xxxxxxxx f19:42164f79 f17:4011225b
16440259ns          301400 1c008938 01077753 fadd.s           f14, f14, f16       f14=xxxxxxxx f14:42164f79 f16:4011225b
16440279ns          301401 1c00892c 0045288b p.lw             x17, 4(x10!)        x17=bfe2047b x10=10001704 x10:10001700  PA:10001700
16440299ns          301402 1c008930 0046a80b p.lw             x16, 4(x13!)        x16=bfe2047b x13=10001684 x13:10001680  PA:10001680
16440319ns          301403 1c008934 0119f9d3 fadd.s           f19, f19, f17       f19=xxxxxxxx f19:421f619f f17:bfe2047b
16440339ns          301404 1c008938 01077753 fadd.s           f14, f14, f16       f14=xxxxxxxx f14:421f619f f16:bfe2047b
16440359ns          301405 1c00892c 0045288b p.lw             x17, 4(x10!)        x17=3efbf269 x10=10001708 x10:10001704  PA:10001704
16440379ns          301406 1c008930 0046a80b p.lw             x16, 4(x13!)        x16=3efbf269 x13=10001688 x13:10001684  PA:10001684
16440400ns          301407 1c008934 0119f9d3 fadd.s           f19, f19, f17       f19=xxxxxxxx f19:4218517b f17:3efbf269
16440420ns          301408 1c008938 01077753 fadd.s           f14, f14, f16       f14=xxxxxxxx f14:4218517b f16:3efbf269
16440440ns          301409 1c00892c 0045288b p.lw             x17, 4(x10!)        x17=405ba22a x10=1000170c x10:10001708  PA:10001708
16440460ns          301410 1c008930 0046a80b p.lw             x16, 4(x13!)        x16=405ba22a x13=1000168c x13:10001688  PA:10001688
16440480ns          301411 1c008934 0119f9d3 fadd.s           f19, f19, f17       f19=xxxxxxxx f19:421a4960 f17:405ba22a
16440500ns          301412 1c008938 01077753 fadd.s           f14, f14, f16       f14=xxxxxxxx f14:421a4960 f16:405ba22a
16440520ns          301413 1c00892c 0045288b p.lw             x17, 4(x10!)        x17=3d7386c7 x10=10001710 x10:1000170c  PA:1000170c
16440540ns          301414 1c008930 0046a80b p.lw             x16, 4(x13!)        x16=3d7386c7 x13=10001690 x13:1000168c  PA:1000168c
16440560ns          301415 1c008934 0119f9d3 fadd.s           f19, f19, f17       f19=xxxxxxxx f19:42280383 f17:3d7386c7
16440580ns          301416 1c008938 01077753 fadd.s           f14, f14, f16       f14=xxxxxxxx f14:42280383 f16:3d7386c7
16440600ns          301417 1c00892c 0045288b p.lw             x17, 4(x10!)        x17=bf8f9400 x10=10001714 x10:10001710  PA:10001710
16440620ns          301418 1c008930 0046a80b p.lw             x16, 4(x13!)        x16=bf8f9400 x13=10001694 x13:10001690  PA:10001690
16440640ns          301419 1c008934 0119f9d3 fadd.s           f19, f19, f17       f19=xxxxxxxx f19:42284065 f17:bf8f9400
16440660ns          301420 1c008938 01077753 fadd.s           f14, f14, f16       f14=xxxxxxxx f14:42284065 f16:bf8f9400
16440680ns          301421 1c00892c 0045288b p.lw             x17, 4(x10!)        x17=3d0b97f0 x10=10001718 x10:10001714  PA:10001714
16440701ns          301422 1c008930 0046a80b p.lw             x16, 4(x13!)        x16=3d0b97f0 x13=10001698 x13:10001694  PA:10001694
16440721ns          301423 1c008934 0119f9d3 fadd.s           f19, f19, f17       f19=xxxxxxxx f19:4223c3c5 f17:3d0b97f0
16440741ns          301424 1c008938 01077753 fadd.s           f14, f14, f16       f14=xxxxxxxx f14:4223c3c5 f16:3d0b97f0
16440761ns          301425 1c00892c 0045288b p.lw             x17, 4(x10!)        x17=40379a73 x10=1000171c x10:10001718  PA:10001718
16440781ns          301426 1c008930 0046a80b p.lw             x16, 4(x13!)        x16=40379a73 x13=1000169c x13:10001698  PA:10001698
16440801ns          301427 1c008934 0119f9d3 fadd.s           f19, f19, f17       f19=xxxxxxxx f19:4223e6ab f17:40379a73
16440821ns          301428 1c008938 01077753 fadd.s           f14, f14, f16       f14=xxxxxxxx f14:4223e6ab f16:40379a73
16440841ns          301429 1c00892c 0045288b p.lw             x17, 4(x10!)        x17=3eabe764 x10=10001720 x10:1000171c  PA:1000171c
16440861ns          301430 1c008930 0046a80b p.lw             x16, 4(x13!)        x16=3eabe764 x13=100016a0 x13:1000169c  PA:1000169c
16440881ns          301431 1c008934 0119f9d3 fadd.s           f19, f19, f17       f19=xxxxxxxx f19:422f6052 f17:3eabe764
16440901ns          301432 1c008938 01077753 fadd.s           f14, f14, f16       f14=xxxxxxxx f14:422f6052 f16:3eabe764
16440921ns          301433 1c00892c 0045288b p.lw             x17, 4(x10!)        x17=403abcb3 x10=10001724 x10:10001720  PA:10001720
16440941ns          301434 1c008930 0046a80b p.lw             x16, 4(x13!)        x16=403abcb3 x13=100016a4 x13:100016a0  PA:100016a0
16440961ns          301435 1c008934 0119f9d3 fadd.s           f19, f19, f17       f19=xxxxxxxx f19:4230b821 f17:403abcb3
16440981ns          301436 1c008938 01077753 fadd.s           f14, f14, f16       f14=xxxxxxxx f14:4230b821 f16:403abcb3
16441002ns          301437 1c00892c 0045288b p.lw             x17, 4(x10!)        x17=c00cfcad x10=10001728 x10:10001724  PA:10001724
16441022ns          301438 1c008930 0046a80b p.lw             x16, 4(x13!)        x16=c00cfcad x13=100016a8 x13:100016a4  PA:100016a4
16441042ns          301439 1c008934 0119f9d3 fadd.s           f19, f19, f17       f19=xxxxxxxx f19:423c63ec f17:c00cfcad
16441062ns          301440 1c008938 01077753 fadd.s           f14, f14, f16       f14=xxxxxxxx f14:423c63ec f16:c00cfcad
16441082ns          301441 1c00892c 0045288b p.lw             x17, 4(x10!)        x17=40c7f43e x10=1000172c x10:10001728  PA:10001728
16441102ns          301442 1c008930 0046a80b p.lw             x16, 4(x13!)        x16=40c7f43e x13=100016ac x13:100016a8  PA:100016a8
16441122ns          301443 1c008934 0119f9d3 fadd.s           f19, f19, f17       f19=xxxxxxxx f19:42339421 f17:40c7f43e
16441142ns          301444 1c008938 01077753 fadd.s           f14, f14, f16       f14=xxxxxxxx f14:42339421 f16:40c7f43e
16441162ns          301445 1c00892c 0045288b p.lw             x17, 4(x10!)        x17=c0b1f8a6 x10=10001730 x10:1000172c  PA:1000172c
16441182ns          301446 1c008930 0046a80b p.lw             x16, 4(x13!)        x16=c0b1f8a6 x13=100016b0 x13:100016ac  PA:100016ac
16441202ns          301447 1c008934 0119f9d3 fadd.s           f19, f19, f17       f19=xxxxxxxx f19:424c92a9 f17:c0b1f8a6
16441222ns          301448 1c008938 01077753 fadd.s           f14, f14, f16       f14=xxxxxxxx f14:424c92a9 f16:c0b1f8a6
16441242ns          301449 1c00892c 0045288b p.lw             x17, 4(x10!)        x17=c002f21b x10=10001734 x10:10001730  PA:10001730
16441262ns          301450 1c008930 0046a80b p.lw             x16, 4(x13!)        x16=c002f21b x13=100016b4 x13:100016b0  PA:100016b0
16441282ns          301451 1c008934 0119f9d3 fadd.s           f19, f19, f17       f19=xxxxxxxx f19:42365394 f17:c002f21b
16441302ns          301452 1c008938 01077753 fadd.s           f14, f14, f16       f14=xxxxxxxx f14:42365394 f16:c002f21b
16441323ns          301453 1c00892c 0045288b p.lw             x17, 4(x10!)        x17=406efd23 x10=10001738 x10:10001734  PA:10001734
16441343ns          301454 1c008930 0046a80b p.lw             x16, 4(x13!)        x16=406efd23 x13=100016b8 x13:100016b4  PA:100016b4
16441363ns          301455 1c008934 0119f9d3 fadd.s           f19, f19, f17       f19=xxxxxxxx f19:422e2472 f17:406efd23
16441383ns          301456 1c008938 01077753 fadd.s           f14, f14, f16       f14=xxxxxxxx f14:422e2472 f16:406efd23
16441403ns          301457 1c00892c 0045288b p.lw             x17, 4(x10!)        x17=bfe450d3 x10=1000173c x10:10001738  PA:10001738
16441423ns          301458 1c008930 0046a80b p.lw             x16, 4(x13!)        x16=bfe450d3 x13=100016bc x13:100016b8  PA:100016b8
16441443ns          301459 1c008934 0119f9d3 fadd.s           f19, f19, f17       f19=xxxxxxxx f19:423d1444 f17:bfe450d3
16441463ns          301460 1c008938 01077753 fadd.s           f14, f14, f16       f14=xxxxxxxx f14:423d1444 f16:bfe450d3
16441483ns          301461 1c00892c 0045288b p.lw             x17, 4(x10!)        x17=c01f1d2d x10=10001740 x10:1000173c  PA:1000173c
16441503ns          301462 1c008930 0046a80b p.lw             x16, 4(x13!)        x16=c01f1d2d x13=100016c0 x13:100016bc  PA:100016bc
16441523ns          301463 1c008934 0119f9d3 fadd.s           f19, f19, f17       f19=xxxxxxxx f19:4235f1bd f17:c01f1d2d
16441543ns          301464 1c008938 01077753 fadd.s           f14, f14, f16       f14=xxxxxxxx f14:4235f1bd f16:c01f1d2d
16441563ns          301465 1c00892c 0045288b p.lw             x17, 4(x10!)        x17=3f4cbcc0 x10=10001744 x10:10001740  PA:10001740
16441583ns          301466 1c008930 0046a80b p.lw             x16, 4(x13!)        x16=3f4cbcc0 x13=100016c4 x13:100016c0  PA:100016c0
16441603ns          301467 1c008934 0119f9d3 fadd.s           f19, f19, f17       f19=xxxxxxxx f19:422bffea f17:3f4cbcc0
16441624ns          301468 1c008938 01077753 fadd.s           f14, f14, f16       f14=xxxxxxxx f14:422bffea f16:3f4cbcc0
16441644ns          301469 1c00892c 0045288b p.lw             x17, 4(x10!)        x17=402b9799 x10=10001748 x10:10001744  PA:10001744
16441664ns          301470 1c008930 0046a80b p.lw             x16, 4(x13!)        x16=402b9799 x13=100016c8 x13:100016c4  PA:100016c4
16441684ns          301471 1c008934 0119f9d3 fadd.s           f19, f19, f17       f19=xxxxxxxx f19:422f32dd f17:402b9799
16441704ns          301472 1c008938 01077753 fadd.s           f14, f14, f16       f14=xxxxxxxx f14:422f32dd f16:402b9799
16441724ns          301473 1c00892c 0045288b p.lw             x17, 4(x10!)        x17=be4731b8 x10=1000174c x10:10001748  PA:10001748
16441744ns          301474 1c008930 0046a80b p.lw             x16, 4(x13!)        x16=be4731b8 x13=100016cc x13:100016c8  PA:100016c8
16441764ns          301475 1c008934 0119f9d3 fadd.s           f19, f19, f17       f19=xxxxxxxx f19:4239ec57 f17:be4731b8
16441784ns          301476 1c008938 01077753 fadd.s           f14, f14, f16       f14=xxxxxxxx f14:4239ec57 f16:be4731b8
16441804ns          301477 1c00893c 1c0006b7 lui              x13, 0x1c000000     x13=1c000000
16442266ns          301500 1c008940 0506a683 lw               x13, 80(x13)        x13=3d000000 x13:1c000000  PA:1c000050
16442787ns          301526 1c008944 40b407b3 sub              x15, x8, x11        x15=0000007c  x8:100016cc x11:10001650
16442807ns          301527 1c008948 10d776d3 fmul.s           f13, f14, f13       f13=xxxxxxxx f14:42392525 f13:3d000000
16442827ns          301528 1c00894c ffc78793 addi             x15, x15, -4        x15=00000078 x15:0000007c
16442848ns          301529 1c00894e 0027d793 srli             x15, x15, 0x2       x15=0000001e x15:00000078
16442868ns          301530 1c008950 08d67653 fsub.s           f12, f12, f13       f12=xxxxxxxx f12:41f8a212 f13:3fb92525
16442888ns          301531 1c008954 00178793 addi             x15, x15, 1         x15=0000001f x15:0000001e
16442908ns          301532 1c008956 10c67653 fmul.s           f12, f12, f12       f12=xxxxxxxx f12:41ed0fc0 f12:41ed0fc0
16442928ns          301533 1c00895a 0067c0fb lp.setup         0x1, x15, 0x6       x15:0000001f
16443369ns          301555 1c00895e 0045a70b p.lw             x14, 4(x11!)        x14=401f276e x11=10001654 x11:10001650  PA:10001650
16443409ns          301557 1c008962 08d77753 fsub.s           f14, f14, f13       f14=xxxxxxxx f14:401f276e f13:3fb92525
16443429ns          301558 1c008966 60e77643 fmadd.s          f12, f14, f14, f12  f12=xxxxxxxx f14:3f8529b7 f14:3f8529b7 f12:445b862a
16443470ns          301560 1c00895e 0045a70b p.lw             x14, 4(x11!)        x14=4040f575 x11=10001658 x11:10001654  PA:10001654
16443510ns          301562 1c008962 08d77753 fsub.s           f14, f14, f13       f14=xxxxxxxx f14:4040f575 f13:3fb92525
16443530ns          301563 1c008966 60e77643 fmadd.s          f12, f14, f14, f12  f12=xxxxxxxx f14:3fc8c5c5 f14:3fc8c5c5 f12:445bcb6e
16443550ns          301564 1c00895e 0045a70b p.lw             x14, 4(x11!)        x14=40a671ba x11=1000165c x11:10001658  PA:10001658
16443590ns          301566 1c008962 08d77753 fsub.s           f14, f14, f13       f14=xxxxxxxx f14:40a671ba f13:3fb92525
16443610ns          301567 1c008966 60e77643 fmadd.s          f12, f14, f14, f12  f12=xxxxxxxx f14:407050e2 f14:407050e2 f12:445c68e4
16443630ns          301568 1c00895e 0045a70b p.lw             x14, 4(x11!)        x14=403a29c0 x11=10001660 x11:1000165c  PA:1000165c
16443670ns          301570 1c008962 08d77753 fsub.s           f14, f14, f13       f14=xxxxxxxx f14:403a29c0 f13:3fb92525
16443690ns          301571 1c008966 60e77643 fmadd.s          f12, f14, f14, f12  f12=xxxxxxxx f14:3fbb2e5b f14:3fbb2e5b f12:445fef43
16443710ns          301572 1c00895e 0045a70b p.lw             x14, 4(x11!)        x14=c07c8498 x11=10001664 x11:10001660  PA:10001660
16443750ns          301574 1c008962 08d77753 fsub.s           f14, f14, f13       f14=xxxxxxxx f14:c07c8498 f13:3fb92525
16443771ns          301575 1c008966 60e77643 fmadd.s          f12, f14, f14, f12  f12=xxxxxxxx f14:c0ac8b95 f14:c0ac8b95 f12:44607820
16443791ns          301576 1c00895e 0045a70b p.lw             x14, 4(x11!)        x14=3f2e388b x11=10001668 x11:10001664  PA:10001664
16443831ns          301578 1c008962 08d77753 fsub.s           f14, f14, f13       f14=xxxxxxxx f14:3f2e388b f13:3fb92525
16443851ns          301579 1c008966 60e77643 fmadd.s          f12, f14, f14, f12  f12=xxxxxxxx f14:bf4411bf f14:bf4411bf f12:4467bcde
16443871ns          301580 1c00895e 0045a70b p.lw             x14, 4(x11!)        x14=c053a06c x11=1000166c x11:10001668  PA:10001668
16443911ns          301582 1c008962 08d77753 fsub.s           f14, f14, f13       f14=xxxxxxxx f14:c053a06c f13:3fb92525
16443931ns          301583 1c008966 60e77643 fmadd.s          f12, f14, f14, f12  f12=xxxxxxxx f14:c098197f f14:c098197f f12:4467e269
16443951ns          301584 1c00895e 0045a70b p.lw             x14, 4(x11!)        x14=c08157ec x11=10001670 x11:1000166c  PA:1000166c
16443991ns          301586 1c008962 08d77753 fsub.s           f14, f14, f13       f14=xxxxxxxx f14:c08157ec f13:3fb92525
16444011ns          301587 1c008966 60e77643 fmadd.s          f12, f14, f14, f12  f12=xxxxxxxx f14:c0afa135 f14:c0afa135 f12:446d884e
16444031ns          301588 1c00895e 0045a70b p.lw             x14, 4(x11!)        x14=4047b4ff x11=10001674 x11:10001670  PA:10001670
16444072ns          301590 1c008962 08d77753 fsub.s           f14, f14, f13       f14=xxxxxxxx f14:4047b4ff f13:3fb92525
16444092ns          301591 1c008966 60e77643 fmadd.s          f12, f14, f14, f12  f12=xxxxxxxx f14:3fd644d9 f14:3fd644d9 f12:4475102b
16444112ns          301592 1c00895e 0045a70b p.lw             x14, 4(x11!)        x14=3cc18c9a x11=10001678 x11:10001674  PA:10001674
16444152ns          301594 1c008962 08d77753 fsub.s           f14, f14, f13       f14=xxxxxxxx f14:3cc18c9a f13:3fb92525
16444172ns          301595 1c008966 60e77643 fmadd.s          f12, f14, f14, f12  f12=xxxxxxxx f14:bfb61ef3 f14:bfb61ef3 f12:4475c382
16444192ns          301596 1c00895e 0045a70b p.lw             x14, 4(x11!)        x14=3eb65c7a x11=1000167c x11:10001678  PA:10001678
16444232ns          301598 1c008962 08d77753 fsub.s           f14, f14, f13       f14=xxxxxxxx f14:3eb65c7a f13:3fb92525
16444252ns          301599 1c008966 60e77643 fmadd.s          f12, f14, f14, f12  f12=xxxxxxxx f14:bf8b8e06 f14:bf8b8e06 f12:44764512
16444272ns          301600 1c00895e 0045a70b p.lw             x14, 4(x11!)        x14=4011225b x11=10001680 x11:1000167c  PA:1000167c
16444312ns          301602 1c008962 08d77753 fsub.s           f14, f14, f13       f14=xxxxxxxx f14:4011225b f13:3fb92525
16444332ns          301603 1c008966 60e77643 fmadd.s          f12, f14, f14, f12  f12=xxxxxxxx f14:3f523f22 f14:3f523f22 f12:44769126
16444352ns          301604 1c00895e 0045a70b p.lw             x14, 4(x11!)        x14=bfe2047b x11=10001684 x11:10001680  PA:10001680
16444393ns          301606 1c008962 08d77753 fsub.s           f14, f14, f13       f14=xxxxxxxx f14:bfe2047b f13:3fb92525
16444413ns          301607 1c008966 60e77643 fmadd.s          f12, f14, f14, f12  f12=xxxxxxxx f14:c04d94d0 f14:c04d94d0 f12:4476bc51
16444433ns          301608 1c00895e 0045a70b p.lw             x14, 4(x11!)        x14=3efbf269 x11=10001688 x11:10001684  PA:10001684
16444473ns          301610 1c008962 08d77753 fsub.s           f14, f14, f13       f14=xxxxxxxx f14:3efbf269 f13:3fb92525
16444493ns          301611 1c008966 60e77643 fmadd.s          f12, f14, f14, f12  f12=xxxxxxxx f14:bf745116 f14:bf745116 f12:447950b0
16444513ns          301612 1c00895e 0045a70b p.lw             x14, 4(x11!)        x14=405ba22a x11=1000168c x11:10001688  PA:10001688
16444553ns          301614 1c008962 08d77753 fsub.s           f14, f14, f13       f14=xxxxxxxx f14:405ba22a f13:3fb92525
16444573ns          301615 1c008966 60e77643 fmadd.s          f12, f14, f14, f12  f12=xxxxxxxx f14:3ffe1f2f f14:3ffe1f2f f12:44798afb
16444593ns          301616 1c00895e 0045a70b p.lw             x14, 4(x11!)        x14=3d7386c7 x11=10001690 x11:1000168c  PA:1000168c
16444633ns          301618 1c008962 08d77753 fsub.s           f14, f14, f13       f14=xxxxxxxx f14:3d7386c7 f13:3fb92525
16444653ns          301619 1c008966 60e77643 fmadd.s          f12, f14, f14, f12  f12=xxxxxxxx f14:bfb188ef f14:bfb188ef f12:447a873d
16444673ns          301620 1c00895e 0045a70b p.lw             x14, 4(x11!)        x14=bf8f9400 x11=10001694 x11:10001690  PA:10001690
16444714ns          301622 1c008962 08d77753 fsub.s           f14, f14, f13       f14=xxxxxxxx f14:bf8f9400 f13:3fb92525
16444734ns          301623 1c008966 60e77643 fmadd.s          f12, f14, f14, f12  f12=xxxxxxxx f14:c0245c92 f14:c0245c92 f12:447b025c
16444754ns          301624 1c00895e 0045a70b p.lw             x14, 4(x11!)        x14=3d0b97f0 x11=10001698 x11:10001694  PA:10001694
16444794ns          301626 1c008962 08d77753 fsub.s           f14, f14, f13       f14=xxxxxxxx f14:3d0b97f0 f13:3fb92525
16444814ns          301627 1c008966 60e77643 fmadd.s          f12, f14, f14, f12  f12=xxxxxxxx f14:bfb4c866 f14:bfb4c866 f12:447ca877
16444834ns          301628 1c00895e 0045a70b p.lw             x14, 4(x11!)        x14=40379a73 x11=1000169c x11:10001698  PA:10001698
16444874ns          301630 1c008962 08d77753 fsub.s           f14, f14, f13       f14=xxxxxxxx f14:40379a73 f13:3fb92525
16444894ns          301631 1c008966 60e77643 fmadd.s          f12, f14, f14, f12  f12=xxxxxxxx f14:3fb60fc1 f14:3fb60fc1 f12:447d2821
16444914ns          301632 1c00895e 0045a70b p.lw             x14, 4(x11!)        x14=3eabe764 x11=100016a0 x11:1000169c  PA:1000169c
16444954ns          301634 1c008962 08d77753 fsub.s           f14, f14, f13       f14=xxxxxxxx f14:3eabe764 f13:3fb92525
16444974ns          301635 1c008966 60e77643 fmadd.s          f12, f14, f14, f12  f12=xxxxxxxx f14:bf8e2b4c f14:bf8e2b4c f12:447da99b
16444995ns          301636 1c00895e 0045a70b p.lw             x14, 4(x11!)        x14=403abcb3 x11=100016a4 x11:100016a0  PA:100016a0
16445035ns          301638 1c008962 08d77753 fsub.s           f14, f14, f13       f14=xxxxxxxx f14:403abcb3 f13:3fb92525
16445055ns          301639 1c008966 60e77643 fmadd.s          f12, f14, f14, f12  f12=xxxxxxxx f14:3fbc5441 f14:3fbc5441 f12:447df88f
16445075ns          301640 1c00895e 0045a70b p.lw             x14, 4(x11!)        x14=c00cfcad x11=100016a8 x11:100016a4  PA:100016a4
16445115ns          301642 1c008962 08d77753 fsub.s           f14, f14, f13       f14=xxxxxxxx f14:c00cfcad f13:3fb92525
16445135ns          301643 1c008966 60e77643 fmadd.s          f12, f14, f14, f12  f12=xxxxxxxx f14:c0698f40 f14:c0698f40 f12:447e831b
16445155ns          301644 1c00895e 0045a70b p.lw             x14, 4(x11!)        x14=40c7f43e x11=100016ac x11:100016a8  PA:100016a8
16445195ns          301646 1c008962 08d77753 fsub.s           f14, f14, f13       f14=xxxxxxxx f14:40c7f43e f13:3fb92525
16445215ns          301647 1c008966 60e77643 fmadd.s          f12, f14, f14, f12  f12=xxxxxxxx f14:4099aaf5 f14:4099aaf5 f12:4480ebba
16445235ns          301648 1c00895e 0045a70b p.lw             x14, 4(x11!)        x14=c0b1f8a6 x11=100016b0 x11:100016ac  PA:100016ac
16445275ns          301650 1c008962 08d77753 fsub.s           f14, f14, f13       f14=xxxxxxxx f14:c0b1f8a6 f13:3fb92525
16445296ns          301651 1c008966 60e77643 fmadd.s          f12, f14, f14, f12  f12=xxxxxxxx f14:c0e041ef f14:c0e041ef f12:4483cda8
16445316ns          301652 1c00895e 0045a70b p.lw             x14, 4(x11!)        x14=c002f21b x11=100016b4 x11:100016b0  PA:100016b0
16445356ns          301654 1c008962 08d77753 fsub.s           f14, f14, f13       f14=xxxxxxxx f14:c002f21b f13:3fb92525
16445376ns          301655 1c008966 60e77643 fmadd.s          f12, f14, f14, f12  f12=xxxxxxxx f14:c05f84ae f14:c05f84ae f12:4489f144
16445396ns          301656 1c00895e 0045a70b p.lw             x14, 4(x11!)        x14=406efd23 x11=100016b8 x11:100016b4  PA:100016b4
16445436ns          301658 1c008962 08d77753 fsub.s           f14, f14, f13       f14=xxxxxxxx f14:406efd23 f13:3fb92525
16445456ns          301659 1c008966 60e77643 fmadd.s          f12, f14, f14, f12  f12=xxxxxxxx f14:40126a90 f14:40126a90 f12:448b7795
16445476ns          301660 1c00895e 0045a70b p.lw             x14, 4(x11!)        x14=bfe450d3 x11=100016bc x11:100016b8  PA:100016b8
16445516ns          301662 1c008962 08d77753 fsub.s           f14, f14, f13       f14=xxxxxxxx f14:bfe450d3 f13:3fb92525
16445536ns          301663 1c008966 60e77643 fmadd.s          f12, f14, f14, f12  f12=xxxxxxxx f14:c04ebafc f14:c04ebafc f12:448c1f10
16445556ns          301664 1c00895e 0045a70b p.lw             x14, 4(x11!)        x14=c01f1d2d x11=100016c0 x11:100016bc  PA:100016bc
16445596ns          301666 1c008962 08d77753 fsub.s           f14, f14, f13       f14=xxxxxxxx f14:c01f1d2d f13:3fb92525
16445617ns          301667 1c008966 60e77643 fmadd.s          f12, f14, f14, f12  f12=xxxxxxxx f14:c07bafc0 f14:c07bafc0 f12:448d6cf3
16445637ns          301668 1c00895e 0045a70b p.lw             x14, 4(x11!)        x14=3f4cbcc0 x11=100016c4 x11:100016c0  PA:100016c0
16445677ns          301670 1c008962 08d77753 fsub.s           f14, f14, f13       f14=xxxxxxxx f14:3f4cbcc0 f13:3fb92525
16445697ns          301671 1c008966 60e77643 fmadd.s          f12, f14, f14, f12  f12=xxxxxxxx f14:bf258d8a f14:bf258d8a f12:448f5bd7
16445717ns          301672 1c00895e 0045a70b p.lw             x14, 4(x11!)        x14=402b9799 x11=100016c8 x11:100016c4  PA:100016c4
16445757ns          301674 1c008962 08d77753 fsub.s           f14, f14, f13       f14=xxxxxxxx f14:402b9799 f13:3fb92525
16445777ns          301675 1c008966 60e77643 fmadd.s          f12, f14, f14, f12  f12=xxxxxxxx f14:3f9e0a0d f14:3f9e0a0d f12:448f6939
16445797ns          301676 1c00895e 0045a70b p.lw             x14, 4(x11!)        x14=be4731b8 x11=100016cc x11:100016c8  PA:100016c8
16445837ns          301678 1c008962 08d77753 fsub.s           f14, f14, f13       f14=xxxxxxxx f14:be4731b8 f13:3fb92525
16445857ns          301679 1c008966 60e77643 fmadd.s          f12, f14, f14, f12  f12=xxxxxxxx f14:bfd20b5c f14:bfd20b5c f12:448f9a01
16445877ns          301680 1c00896a 00449a93 slli             x21, x9, 0x4        x21=00000020  x9:00000002
16446279ns          301700 1c00896e 21597a83 lw               x21, x21(x18)       x21=4239259f x21:00000020 x18:1c010000  PA:1c010020
16446620ns          301717 1c008972 00249a13 slli             x20, x9, 0x2        x20=00000008  x9:00000002
16446640ns          301718 1c008976 1c0006b7 lui              x13, 0x1c000000     x13=1c000000
16446660ns          301719 1c00897a a1598753 fle.s            x14, f19, f21       x14=00000001 f19:42392525 f21:4239259f
16447121ns          301742 1c00897e 001a0793 addi             x15, x20, 1         x15=00000009 x20:00000008
16447162ns          301744 1c008982 0546a403 lw               x8, 84(x13)          x8=3d042108 x13:1c000000  PA:1c000054
16447583ns          301765 1c008986 00279793 slli             x15, x15, 0x2       x15=00000024 x15:00000009
16447603ns          301766 1c008988 10867453 fmul.s           f8, f12, f8          f8=xxxxxxxx f12:448ff02c  f8:3d042108
16447623ns          301767 1c00898c 20f97483 lw               x9, x15(x18)         x9=423924ad x15:00000024 x18:1c010000  PA:1c010024
16447964ns          301784 1c008990 00070663 beq              x14, x0, 12         x14:00000001
16447984ns          301785 1c008992 a13487d3 fle.s            x15, f9, f19        x15=00000001  f9:423924ad f19:42392525
16448004ns          301786 1c008996 00100713 addi             x14, x0, 1          x14=00000001
16448024ns          301787 1c008998 14079b63 bne              x15, x0, 342        x15:00000001
16449268ns          301849 1c008aee 002a0993 addi             x19, x20, 2         x19=0000000a x20:00000008
16449289ns          301850 1c008af2 00299993 slli             x19, x19, 0x2       x19=00000028 x19:0000000a
16449309ns          301851 1c008af4 21397983 lw               x19, x19(x18)       x19=42149534 x19:00000028 x18:1c010000  PA:1c010028
16449730ns          301872 1c008af8 003a0493 addi             x9, x20, 3           x9=0000000b x20:00000008
16449750ns          301873 1c008afc a13407d3 fle.s            x15, f8, f19        x15=00000001  f8:421494d2 f19:42149534
16449830ns          301877 1c008b00 00249493 slli             x9, x9, 0x2          x9=0000002c  x9:0000000b
16449870ns          301879 1c008b02 20997903 lw               x18, x9(x18)        x18=42149471  x9:0000002c x18:1c010000  PA:1c01002c
16450312ns          301901 1c008b06 06078963 beq              x15, x0, 114        x15:00000001
16450332ns          301902 1c008b08 a08907d3 fle.s            x15, f18, f8        x15=00000001 f18:42149471  f8:421494d2
16450352ns          301903 1c008b0c 06078663 beq              x15, x0, 108        x15:00000001
16450372ns          301904 1c008b0e f14025f3 csrrs            x11, x0, 0xf14      x11=00000002
16450412ns          301906 1c008b12 f455b5b3 p.bclr           x11, x11, 26, 5     x11=00000002 x11:00000002
16450432ns          301907 1c008b16 1a070d63 beq              x14, x0, 442        x14:00000001
16450452ns          301908 1c008b1a 1c000537 lui              x10, 0x1c000000     x10=1c000000
16450512ns          301911 1c008b1e 0f450513 addi             x10, x10, 244       x10=1c0000f4 x10:1c000000
16450553ns          301913 1c008b22 1f1000ef jal              x1, 2544             x1=1c008b26
16450633ns          301917 1c009512 fc010113 addi             x2, x2, -64          x2=10001608  x2:10001648
16450673ns          301919 1c009514 02410313 addi             x6, x2, 36           x6=1000162c  x2:10001608
16450693ns          301920 1c009518 02c12423 sw               x12, 40(x2)         x12:448ff02c  x2:10001608  PA:10001630
16450713ns          301921 1c00951a 00a00633 add              x12, x0, x10        x12=1c0000f4 x10:1c0000f4
16450733ns          301922 1c00951c 1c009537 lui              x10, 0x1c009000     x10=1c009000
16451155ns          301943 1c009520 02b12223 sw               x11, 36(x2)         x11:00000002  x2:10001608  PA:1000162c
16451175ns          301944 1c009522 02d12623 sw               x13, 44(x2)         x13:1c000000  x2:10001608  PA:10001634
16451195ns          301945 1c009524 00200593 addi             x11, x0, 2          x11=00000002
16451215ns          301946 1c009526 006006b3 add              x13, x0, x6         x13=1000162c  x6:1000162c
16451235ns          301947 1c009528 4a650513 addi             x10, x10, 1190      x10=1c0094a6 x10:1c009000
16451255ns          301948 1c00952c 00112e23 sw               x1, 28(x2)           x1:1c008b26  x2:10001608  PA:10001624
16451275ns          301949 1c00952e 02e12823 sw               x14, 48(x2)         x14:00000001  x2:10001608  PA:10001638
16451295ns          301950 1c009530 02f12a23 sw               x15, 52(x2)         x15:00000001  x2:10001608  PA:1000163c
16451315ns          301951 1c009532 03012c23 sw               x16, 56(x2)         x16:be4731b8  x2:10001608  PA:10001640
16451335ns          301952 1c009534 03112e23 sw               x17, 60(x2)         x17:be4731b8  x2:10001608  PA:10001644
16451355ns          301953 1c009536 00612623 sw               x6, 12(x2)           x6:1000162c  x2:10001608  PA:10001614
16451375ns          301954 1c009538 fbfff0ef jal              x1, -66              x1=1c00953a
16451516ns          301961 1c0094f6 04a0006f jal              x0, 74             
16451556ns          301963 1c009540 ed010113 addi             x2, x2, -304         x2=100014d8  x2:10001608
16451576ns          301964 1c009542 12812423 sw               x8, 296(x2)          x8:421494d2  x2:100014d8  PA:10001600
16451596ns          301965 1c009546 00000413 addi             x8, x0, 0            x8=00000000
16451616ns          301966 1c009548 11612823 sw               x22, 272(x2)        x22:xxxxxxxx  x2:100014d8  PA:100015e8
16451636ns          301967 1c00954c 11712623 sw               x23, 268(x2)        x23:xxxxxxxx  x2:100014d8  PA:100015e4
16452058ns          301988 1c009550 11812423 sw               x24, 264(x2)        x24:xxxxxxxx  x2:100014d8  PA:100015e0
16452098ns          301990 1c009554 11912223 sw               x25, 260(x2)        x25:xxxxxxxx  x2:100014d8  PA:100015dc
16452118ns          301991 1c009558 11a12023 sw               x26, 256(x2)        x26:xxxxxxxx  x2:100014d8  PA:100015d8
16452138ns          301992 1c00955c 0fb12e23 sw               x27, 252(x2)        x27:xxxxxxxx  x2:100014d8  PA:100015d4
16452198ns          301995 1c00955e 12112623 sw               x1, 300(x2)          x1:1c00953a  x2:100014d8  PA:10001604
16452218ns          301996 1c009562 00800db3 add              x27, x0, x8         x27=00000000  x8:00000000
16452238ns          301997 1c009564 12912223 sw               x9, 292(x2)          x9:0000002c  x2:100014d8  PA:100015fc
16452258ns          301998 1c009568 13212023 sw               x18, 288(x2)        x18:42149471  x2:100014d8  PA:100015f8
16452278ns          301999 1c00956c 11312e23 sw               x19, 284(x2)        x19:42149534  x2:100014d8  PA:100015f4
16452338ns          302002 1c009570 11412c23 sw               x20, 280(x2)        x20:00000008  x2:100014d8  PA:100015f0
16452379ns          302004 1c009574 11512a23 sw               x21, 276(x2)        x21:4239259f  x2:100014d8  PA:100015ec
16452399ns          302005 1c009578 00a00b33 add              x22, x0, x10        x22=1c0094a6 x10:1c0094a6
16452419ns          302006 1c00957a 00b00d33 add              x26, x0, x11        x26=00000002 x11:00000002
16452439ns          302007 1c00957c 00d00c33 add              x24, x0, x13        x24=1000162c x13:1000162c
16452840ns          302027 1c00957e 1c000bb7 lui              x23, 0x1c000000     x23=1c000000
16452880ns          302029 1c009582 02410c93 addi             x25, x2, 36         x25=100014fc  x2:100014d8
16452900ns          302030 1c009586 00c00433 add              x8, x0, x12          x8=1c0000f4 x12:1c0000f4
16452920ns          302031 1c009588 00044503 lbu              x10, 0(x8)          x10=0000006b  x8:1c0000f4  PA:1c0000f4
16453221ns          302046 1c00958c 00140413 addi             x8, x8, 1            x8=1c0000f5  x8:1c0000f4
16453241ns          302047 1c00958e 00050e63 beq              x10, x0, 28         x10:0000006b
16453261ns          302048 1c009590 02500793 addi             x15, x0, 37         x15=00000025
16453282ns          302049 1c009594 04f50863 beq              x10, x15, 80        x10:0000006b x15:00000025
16453302ns          302050 1c009598 01a005b3 add              x11, x0, x26        x11=00000002 x26:00000002
16453322ns          302051 1c00959a 000b00e7 jalr             x1, x22, 0           x1=1c00959c x22:1c0094a6
16453442ns          302057 1c0094a6 000026b7 lui              x13, 0x2000         x13=00002000
16453482ns          302059 1c0094a8 f14027f3 csrrs            x15, x0, 0xf14      x15=00000002
16453502ns          302060 1c0094ac f8068693 addi             x13, x13, -128      x13=00001f80 x13:00002000
16453562ns          302063 1c0094b0 00379713 slli             x14, x15, 0x3       x14=00000010 x15:00000002
16453603ns          302065 1c0094b4 00279793 slli             x15, x15, 0x2       x15=00000008 x15:00000002
16453623ns          302066 1c0094b6 00d7f7b3 and              x15, x15, x13       x15=00000000 x15:00000008 x13:00001f80
16453643ns          302067 1c0094b8 ee873733 p.bclr           x14, x14, 23, 8     x14=00000010 x14:00000010
16453663ns          302068 1c0094bc 1a10f6b7 lui              x13, 0x1a10f000     x13=1a10f000
16453703ns          302070 1c0094c0 0ff57513 andi             x10, x10, 255       x10=0000006b x10:0000006b
16453743ns          302072 1c0094c4 00d70733 add              x14, x14, x13       x14=1a10f010 x14:00000010 x13:1a10f000
16453763ns          302073 1c0094c6 00a7e723 p.sw             x10, x0(x15)        x10:0000006b x15:00000000  PA:1a10f010
16454184ns          302094 1c0094ca 00000513 addi             x10, x0, 0          x10=00000000
16454205ns          302095 1c0094cc 00008067 jalr             x0, x1, 0            x1:1c00959c
16454245ns          302097 1c00959c 31f52563 p.beqimm         x10, 778            x10:00000000
16454265ns          302098 1c0095a0 001d8d93 addi             x27, x27, 1         x27=00000001 x27:00000000
16454285ns          302099 1c0095a2 00044503 lbu              x10, 0(x8)          x10=00000065  x8:1c0000f5  PA:1c0000f5
16454586ns          302114 1c0095a6 00140413 addi             x8, x8, 1            x8=1c0000f6  x8:1c0000f5
16454606ns          302115 1c0095a8 fe0514e3 bne              x10, x0, -24        x10:00000065
16454666ns          302118 1c009590 02500793 addi             x15, x0, 37         x15=00000025
16454686ns          302119 1c009594 04f50863 beq              x10, x15, 80        x10:00000065 x15:00000025
16454706ns          302120 1c009598 01a005b3 add              x11, x0, x26        x11=00000002 x26:00000002
16454726ns          302121 1c00959a 000b00e7 jalr             x1, x22, 0           x1=1c00959c x22:1c0094a6
16454766ns          302123 1c0094a6 000026b7 lui              x13, 0x2000         x13=00002000
16454786ns          302124 1c0094a8 f14027f3 csrrs            x15, x0, 0xf14      x15=00000002
16454806ns          302125 1c0094ac f8068693 addi             x13, x13, -128      x13=00001f80 x13:00002000
16454867ns          302128 1c0094b0 00379713 slli             x14, x15, 0x3       x14=00000010 x15:00000002
16454907ns          302130 1c0094b4 00279793 slli             x15, x15, 0x2       x15=00000008 x15:00000002
16454927ns          302131 1c0094b6 00d7f7b3 and              x15, x15, x13       x15=00000000 x15:00000008 x13:00001f80
16454947ns          302132 1c0094b8 ee873733 p.bclr           x14, x14, 23, 8     x14=00000010 x14:00000010
16454967ns          302133 1c0094bc 1a10f6b7 lui              x13, 0x1a10f000     x13=1a10f000
16454987ns          302134 1c0094c0 0ff57513 andi             x10, x10, 255       x10=00000065 x10:00000065
16455007ns          302135 1c0094c4 00d70733 add              x14, x14, x13       x14=1a10f010 x14:00000010 x13:1a10f000
16455027ns          302136 1c0094c6 00a7e723 p.sw             x10, x0(x15)        x10:00000065 x15:00000000  PA:1a10f010
16455368ns          302153 1c0094ca 00000513 addi             x10, x0, 0          x10=00000000
16455388ns          302154 1c0094cc 00008067 jalr             x0, x1, 0            x1:1c00959c
16455429ns          302156 1c00959c 31f52563 p.beqimm         x10, 778            x10:00000000
16455449ns          302157 1c0095a0 001d8d93 addi             x27, x27, 1         x27=00000002 x27:00000001
16455469ns          302158 1c0095a2 00044503 lbu              x10, 0(x8)          x10=00000072  x8:1c0000f6  PA:1c0000f6
16455770ns          302173 1c0095a6 00140413 addi             x8, x8, 1            x8=1c0000f7  x8:1c0000f6
16455790ns          302174 1c0095a8 fe0514e3 bne              x10, x0, -24        x10:00000072
16455850ns          302177 1c009590 02500793 addi             x15, x0, 37         x15=00000025
16455870ns          302178 1c009594 04f50863 beq              x10, x15, 80        x10:00000072 x15:00000025
16455890ns          302179 1c009598 01a005b3 add              x11, x0, x26        x11=00000002 x26:00000002
16455910ns          302180 1c00959a 000b00e7 jalr             x1, x22, 0           x1=1c00959c x22:1c0094a6
16455950ns          302182 1c0094a6 000026b7 lui              x13, 0x2000         x13=00002000
16455970ns          302183 1c0094a8 f14027f3 csrrs            x15, x0, 0xf14      x15=00000002
16455990ns          302184 1c0094ac f8068693 addi             x13, x13, -128      x13=00001f80 x13:00002000
16456051ns          302187 1c0094b0 00379713 slli             x14, x15, 0x3       x14=00000010 x15:00000002
16456091ns          302189 1c0094b4 00279793 slli             x15, x15, 0x2       x15=00000008 x15:00000002
16456111ns          302190 1c0094b6 00d7f7b3 and              x15, x15, x13       x15=00000000 x15:00000008 x13:00001f80
16456131ns          302191 1c0094b8 ee873733 p.bclr           x14, x14, 23, 8     x14=00000010 x14:00000010
16456151ns          302192 1c0094bc 1a10f6b7 lui              x13, 0x1a10f000     x13=1a10f000
16456171ns          302193 1c0094c0 0ff57513 andi             x10, x10, 255       x10=00000072 x10:00000072
16456191ns          302194 1c0094c4 00d70733 add              x14, x14, x13       x14=1a10f010 x14:00000010 x13:1a10f000
16456211ns          302195 1c0094c6 00a7e723 p.sw             x10, x0(x15)        x10:00000072 x15:00000000  PA:1a10f010
16456532ns          302211 1c0094ca 00000513 addi             x10, x0, 0          x10=00000000
16456552ns          302212 1c0094cc 00008067 jalr             x0, x1, 0            x1:1c00959c
16456592ns          302214 1c00959c 31f52563 p.beqimm         x10, 778            x10:00000000
16456612ns          302215 1c0095a0 001d8d93 addi             x27, x27, 1         x27=00000003 x27:00000002
16456632ns          302216 1c0095a2 00044503 lbu              x10, 0(x8)          x10=0000006e  x8:1c0000f7  PA:1c0000f7
16456933ns          302231 1c0095a6 00140413 addi             x8, x8, 1            x8=1c0000f8  x8:1c0000f7
16456953ns          302232 1c0095a8 fe0514e3 bne              x10, x0, -24        x10:0000006e
16457014ns          302235 1c009590 02500793 addi             x15, x0, 37         x15=00000025
16457034ns          302236 1c009594 04f50863 beq              x10, x15, 80        x10:0000006e x15:00000025
16457054ns          302237 1c009598 01a005b3 add              x11, x0, x26        x11=00000002 x26:00000002
16457074ns          302238 1c00959a 000b00e7 jalr             x1, x22, 0           x1=1c00959c x22:1c0094a6
16457114ns          302240 1c0094a6 000026b7 lui              x13, 0x2000         x13=00002000
16457134ns          302241 1c0094a8 f14027f3 csrrs            x15, x0, 0xf14      x15=00000002
16457154ns          302242 1c0094ac f8068693 addi             x13, x13, -128      x13=00001f80 x13:00002000
16457174ns          302243 1c0094b0 00379713 slli             x14, x15, 0x3       x14=00000010 x15:00000002
16457194ns          302244 1c0094b4 00279793 slli             x15, x15, 0x2       x15=00000008 x15:00000002
16457214ns          302245 1c0094b6 00d7f7b3 and              x15, x15, x13       x15=00000000 x15:00000008 x13:00001f80
16457234ns          302246 1c0094b8 ee873733 p.bclr           x14, x14, 23, 8     x14=00000010 x14:00000010
16457254ns          302247 1c0094bc 1a10f6b7 lui              x13, 0x1a10f000     x13=1a10f000
16457275ns          302248 1c0094c0 0ff57513 andi             x10, x10, 255       x10=0000006e x10:0000006e
16457295ns          302249 1c0094c4 00d70733 add              x14, x14, x13       x14=1a10f010 x14:00000010 x13:1a10f000
16457315ns          302250 1c0094c6 00a7e723 p.sw             x10, x0(x15)        x10:0000006e x15:00000000  PA:1a10f010
16457656ns          302267 1c0094ca 00000513 addi             x10, x0, 0          x10=00000000
16457676ns          302268 1c0094cc 00008067 jalr             x0, x1, 0            x1:1c00959c
16457716ns          302270 1c00959c 31f52563 p.beqimm         x10, 778            x10:00000000
16457736ns          302271 1c0095a0 001d8d93 addi             x27, x27, 1         x27=00000004 x27:00000003
16457756ns          302272 1c0095a2 00044503 lbu              x10, 0(x8)          x10=00000065  x8:1c0000f8  PA:1c0000f8
16458057ns          302287 1c0095a6 00140413 addi             x8, x8, 1            x8=1c0000f9  x8:1c0000f8
16458077ns          302288 1c0095a8 fe0514e3 bne              x10, x0, -24        x10:00000065
16458137ns          302291 1c009590 02500793 addi             x15, x0, 37         x15=00000025
16458157ns          302292 1c009594 04f50863 beq              x10, x15, 80        x10:00000065 x15:00000025
16458177ns          302293 1c009598 01a005b3 add              x11, x0, x26        x11=00000002 x26:00000002
16458198ns          302294 1c00959a 000b00e7 jalr             x1, x22, 0           x1=1c00959c x22:1c0094a6
16458238ns          302296 1c0094a6 000026b7 lui              x13, 0x2000         x13=00002000
16458258ns          302297 1c0094a8 f14027f3 csrrs            x15, x0, 0xf14      x15=00000002
16458278ns          302298 1c0094ac f8068693 addi             x13, x13, -128      x13=00001f80 x13:00002000
16458298ns          302299 1c0094b0 00379713 slli             x14, x15, 0x3       x14=00000010 x15:00000002
16458318ns          302300 1c0094b4 00279793 slli             x15, x15, 0x2       x15=00000008 x15:00000002
16458338ns          302301 1c0094b6 00d7f7b3 and              x15, x15, x13       x15=00000000 x15:00000008 x13:00001f80
16458358ns          302302 1c0094b8 ee873733 p.bclr           x14, x14, 23, 8     x14=00000010 x14:00000010
16458378ns          302303 1c0094bc 1a10f6b7 lui              x13, 0x1a10f000     x13=1a10f000
16458398ns          302304 1c0094c0 0ff57513 andi             x10, x10, 255       x10=00000065 x10:00000065
16458418ns          302305 1c0094c4 00d70733 add              x14, x14, x13       x14=1a10f010 x14:00000010 x13:1a10f000
16458438ns          302306 1c0094c6 00a7e723 p.sw             x10, x0(x15)        x10:00000065 x15:00000000  PA:1a10f010
16458759ns          302322 1c0094ca 00000513 addi             x10, x0, 0          x10=00000000
16458779ns          302323 1c0094cc 00008067 jalr             x0, x1, 0            x1:1c00959c
16458820ns          302325 1c00959c 31f52563 p.beqimm         x10, 778            x10:00000000
16458840ns          302326 1c0095a0 001d8d93 addi             x27, x27, 1         x27=00000005 x27:00000004
16458860ns          302327 1c0095a2 00044503 lbu              x10, 0(x8)          x10=0000006c  x8:1c0000f9  PA:1c0000f9
16459161ns          302342 1c0095a6 00140413 addi             x8, x8, 1            x8=1c0000fa  x8:1c0000f9
16459181ns          302343 1c0095a8 fe0514e3 bne              x10, x0, -24        x10:0000006c
16459241ns          302346 1c009590 02500793 addi             x15, x0, 37         x15=00000025
16459261ns          302347 1c009594 04f50863 beq              x10, x15, 80        x10:0000006c x15:00000025
16459281ns          302348 1c009598 01a005b3 add              x11, x0, x26        x11=00000002 x26:00000002
16459301ns          302349 1c00959a 000b00e7 jalr             x1, x22, 0           x1=1c00959c x22:1c0094a6
16459341ns          302351 1c0094a6 000026b7 lui              x13, 0x2000         x13=00002000
16459361ns          302352 1c0094a8 f14027f3 csrrs            x15, x0, 0xf14      x15=00000002
16459381ns          302353 1c0094ac f8068693 addi             x13, x13, -128      x13=00001f80 x13:00002000
16459401ns          302354 1c0094b0 00379713 slli             x14, x15, 0x3       x14=00000010 x15:00000002
16459422ns          302355 1c0094b4 00279793 slli             x15, x15, 0x2       x15=00000008 x15:00000002
16459442ns          302356 1c0094b6 00d7f7b3 and              x15, x15, x13       x15=00000000 x15:00000008 x13:00001f80
16459462ns          302357 1c0094b8 ee873733 p.bclr           x14, x14, 23, 8     x14=00000010 x14:00000010
16459482ns          302358 1c0094bc 1a10f6b7 lui              x13, 0x1a10f000     x13=1a10f000
16459502ns          302359 1c0094c0 0ff57513 andi             x10, x10, 255       x10=0000006c x10:0000006c
16459522ns          302360 1c0094c4 00d70733 add              x14, x14, x13       x14=1a10f010 x14:00000010 x13:1a10f000
16459542ns          302361 1c0094c6 00a7e723 p.sw             x10, x0(x15)        x10:0000006c x15:00000000  PA:1a10f010
16459883ns          302378 1c0094ca 00000513 addi             x10, x0, 0          x10=00000000
16459903ns          302379 1c0094cc 00008067 jalr             x0, x1, 0            x1:1c00959c
16459943ns          302381 1c00959c 31f52563 p.beqimm         x10, 778            x10:00000000
16459963ns          302382 1c0095a0 001d8d93 addi             x27, x27, 1         x27=00000006 x27:00000005
16459983ns          302383 1c0095a2 00044503 lbu              x10, 0(x8)          x10=00000020  x8:1c0000fa  PA:1c0000fa
16460284ns          302398 1c0095a6 00140413 addi             x8, x8, 1            x8=1c0000fb  x8:1c0000fa
16460304ns          302399 1c0095a8 fe0514e3 bne              x10, x0, -24        x10:00000020
16460365ns          302402 1c009590 02500793 addi             x15, x0, 37         x15=00000025
16460385ns          302403 1c009594 04f50863 beq              x10, x15, 80        x10:00000020 x15:00000025
16460405ns          302404 1c009598 01a005b3 add              x11, x0, x26        x11=00000002 x26:00000002
16460425ns          302405 1c00959a 000b00e7 jalr             x1, x22, 0           x1=1c00959c x22:1c0094a6
16460465ns          302407 1c0094a6 000026b7 lui              x13, 0x2000         x13=00002000
16460485ns          302408 1c0094a8 f14027f3 csrrs            x15, x0, 0xf14      x15=00000002
16460505ns          302409 1c0094ac f8068693 addi             x13, x13, -128      x13=00001f80 x13:00002000
16460525ns          302410 1c0094b0 00379713 slli             x14, x15, 0x3       x14=00000010 x15:00000002
16460545ns          302411 1c0094b4 00279793 slli             x15, x15, 0x2       x15=00000008 x15:00000002
16460565ns          302412 1c0094b6 00d7f7b3 and              x15, x15, x13       x15=00000000 x15:00000008 x13:00001f80
16460585ns          302413 1c0094b8 ee873733 p.bclr           x14, x14, 23, 8     x14=00000010 x14:00000010
16460605ns          302414 1c0094bc 1a10f6b7 lui              x13, 0x1a10f000     x13=1a10f000
16460625ns          302415 1c0094c0 0ff57513 andi             x10, x10, 255       x10=00000020 x10:00000020
16460646ns          302416 1c0094c4 00d70733 add              x14, x14, x13       x14=1a10f010 x14:00000010 x13:1a10f000
16460666ns          302417 1c0094c6 00a7e723 p.sw             x10, x0(x15)        x10:00000020 x15:00000000  PA:1a10f010
16460987ns          302433 1c0094ca 00000513 addi             x10, x0, 0          x10=00000000
16461007ns          302434 1c0094cc 00008067 jalr             x0, x1, 0            x1:1c00959c
16461047ns          302436 1c00959c 31f52563 p.beqimm         x10, 778            x10:00000000
16461067ns          302437 1c0095a0 001d8d93 addi             x27, x27, 1         x27=00000007 x27:00000006
16461087ns          302438 1c0095a2 00044503 lbu              x10, 0(x8)          x10=00000070  x8:1c0000fb  PA:1c0000fb
16461388ns          302453 1c0095a6 00140413 addi             x8, x8, 1            x8=1c0000fc  x8:1c0000fb
16461408ns          302454 1c0095a8 fe0514e3 bne              x10, x0, -24        x10:00000070
16461468ns          302457 1c009590 02500793 addi             x15, x0, 37         x15=00000025
16461488ns          302458 1c009594 04f50863 beq              x10, x15, 80        x10:00000070 x15:00000025
16461508ns          302459 1c009598 01a005b3 add              x11, x0, x26        x11=00000002 x26:00000002
16461528ns          302460 1c00959a 000b00e7 jalr             x1, x22, 0           x1=1c00959c x22:1c0094a6
16461569ns          302462 1c0094a6 000026b7 lui              x13, 0x2000         x13=00002000
16461589ns          302463 1c0094a8 f14027f3 csrrs            x15, x0, 0xf14      x15=00000002
16461609ns          302464 1c0094ac f8068693 addi             x13, x13, -128      x13=00001f80 x13:00002000
16461629ns          302465 1c0094b0 00379713 slli             x14, x15, 0x3       x14=00000010 x15:00000002
16461649ns          302466 1c0094b4 00279793 slli             x15, x15, 0x2       x15=00000008 x15:00000002
16461669ns          302467 1c0094b6 00d7f7b3 and              x15, x15, x13       x15=00000000 x15:00000008 x13:00001f80
16461689ns          302468 1c0094b8 ee873733 p.bclr           x14, x14, 23, 8     x14=00000010 x14:00000010
16461709ns          302469 1c0094bc 1a10f6b7 lui              x13, 0x1a10f000     x13=1a10f000
16461729ns          302470 1c0094c0 0ff57513 andi             x10, x10, 255       x10=00000070 x10:00000070
16461749ns          302471 1c0094c4 00d70733 add              x14, x14, x13       x14=1a10f010 x14:00000010 x13:1a10f000
16461769ns          302472 1c0094c6 00a7e723 p.sw             x10, x0(x15)        x10:00000070 x15:00000000  PA:1a10f010
16462090ns          302488 1c0094ca 00000513 addi             x10, x0, 0          x10=00000000
16462110ns          302489 1c0094cc 00008067 jalr             x0, x1, 0            x1:1c00959c
16462150ns          302491 1c00959c 31f52563 p.beqimm         x10, 778            x10:00000000
16462170ns          302492 1c0095a0 001d8d93 addi             x27, x27, 1         x27=00000008 x27:00000007
16462191ns          302493 1c0095a2 00044503 lbu              x10, 0(x8)          x10=00000061  x8:1c0000fc  PA:1c0000fc
16462492ns          302508 1c0095a6 00140413 addi             x8, x8, 1            x8=1c0000fd  x8:1c0000fc
16462512ns          302509 1c0095a8 fe0514e3 bne              x10, x0, -24        x10:00000061
16462572ns          302512 1c009590 02500793 addi             x15, x0, 37         x15=00000025
16462592ns          302513 1c009594 04f50863 beq              x10, x15, 80        x10:00000061 x15:00000025
16462612ns          302514 1c009598 01a005b3 add              x11, x0, x26        x11=00000002 x26:00000002
16462632ns          302515 1c00959a 000b00e7 jalr             x1, x22, 0           x1=1c00959c x22:1c0094a6
16462672ns          302517 1c0094a6 000026b7 lui              x13, 0x2000         x13=00002000
16462692ns          302518 1c0094a8 f14027f3 csrrs            x15, x0, 0xf14      x15=00000002
16462712ns          302519 1c0094ac f8068693 addi             x13, x13, -128      x13=00001f80 x13:00002000
16462732ns          302520 1c0094b0 00379713 slli             x14, x15, 0x3       x14=00000010 x15:00000002
16462752ns          302521 1c0094b4 00279793 slli             x15, x15, 0x2       x15=00000008 x15:00000002
16462772ns          302522 1c0094b6 00d7f7b3 and              x15, x15, x13       x15=00000000 x15:00000008 x13:00001f80
16462792ns          302523 1c0094b8 ee873733 p.bclr           x14, x14, 23, 8     x14=00000010 x14:00000010
16462813ns          302524 1c0094bc 1a10f6b7 lui              x13, 0x1a10f000     x13=1a10f000
16462833ns          302525 1c0094c0 0ff57513 andi             x10, x10, 255       x10=00000061 x10:00000061
16462853ns          302526 1c0094c4 00d70733 add              x14, x14, x13       x14=1a10f010 x14:00000010 x13:1a10f000
16462873ns          302527 1c0094c6 00a7e723 p.sw             x10, x0(x15)        x10:00000061 x15:00000000  PA:1a10f010
16463194ns          302543 1c0094ca 00000513 addi             x10, x0, 0          x10=00000000
16463214ns          302544 1c0094cc 00008067 jalr             x0, x1, 0            x1:1c00959c
16463254ns          302546 1c00959c 31f52563 p.beqimm         x10, 778            x10:00000000
16463274ns          302547 1c0095a0 001d8d93 addi             x27, x27, 1         x27=00000009 x27:00000008
16463294ns          302548 1c0095a2 00044503 lbu              x10, 0(x8)          x10=00000073  x8:1c0000fd  PA:1c0000fd
16463595ns          302563 1c0095a6 00140413 addi             x8, x8, 1            x8=1c0000fe  x8:1c0000fd
16463615ns          302564 1c0095a8 fe0514e3 bne              x10, x0, -24        x10:00000073
16463675ns          302567 1c009590 02500793 addi             x15, x0, 37         x15=00000025
16463695ns          302568 1c009594 04f50863 beq              x10, x15, 80        x10:00000073 x15:00000025
16463716ns          302569 1c009598 01a005b3 add              x11, x0, x26        x11=00000002 x26:00000002
16463736ns          302570 1c00959a 000b00e7 jalr             x1, x22, 0           x1=1c00959c x22:1c0094a6
16463776ns          302572 1c0094a6 000026b7 lui              x13, 0x2000         x13=00002000
16463796ns          302573 1c0094a8 f14027f3 csrrs            x15, x0, 0xf14      x15=00000002
16463816ns          302574 1c0094ac f8068693 addi             x13, x13, -128      x13=00001f80 x13:00002000
16463836ns          302575 1c0094b0 00379713 slli             x14, x15, 0x3       x14=00000010 x15:00000002
16463856ns          302576 1c0094b4 00279793 slli             x15, x15, 0x2       x15=00000008 x15:00000002
16463876ns          302577 1c0094b6 00d7f7b3 and              x15, x15, x13       x15=00000000 x15:00000008 x13:00001f80
16463896ns          302578 1c0094b8 ee873733 p.bclr           x14, x14, 23, 8     x14=00000010 x14:00000010
16463916ns          302579 1c0094bc 1a10f6b7 lui              x13, 0x1a10f000     x13=1a10f000
16463936ns          302580 1c0094c0 0ff57513 andi             x10, x10, 255       x10=00000073 x10:00000073
16463956ns          302581 1c0094c4 00d70733 add              x14, x14, x13       x14=1a10f010 x14:00000010 x13:1a10f000
16463976ns          302582 1c0094c6 00a7e723 p.sw             x10, x0(x15)        x10:00000073 x15:00000000  PA:1a10f010
16464297ns          302598 1c0094ca 00000513 addi             x10, x0, 0          x10=00000000
16464317ns          302599 1c0094cc 00008067 jalr             x0, x1, 0            x1:1c00959c
16464358ns          302601 1c00959c 31f52563 p.beqimm         x10, 778            x10:00000000
16464378ns          302602 1c0095a0 001d8d93 addi             x27, x27, 1         x27=0000000a x27:00000009
16464398ns          302603 1c0095a2 00044503 lbu              x10, 0(x8)          x10=00000073  x8:1c0000fe  PA:1c0000fe
16464699ns          302618 1c0095a6 00140413 addi             x8, x8, 1            x8=1c0000ff  x8:1c0000fe
16464719ns          302619 1c0095a8 fe0514e3 bne              x10, x0, -24        x10:00000073
16464779ns          302622 1c009590 02500793 addi             x15, x0, 37         x15=00000025
16464799ns          302623 1c009594 04f50863 beq              x10, x15, 80        x10:00000073 x15:00000025
16464819ns          302624 1c009598 01a005b3 add              x11, x0, x26        x11=00000002 x26:00000002
16464839ns          302625 1c00959a 000b00e7 jalr             x1, x22, 0           x1=1c00959c x22:1c0094a6
16464879ns          302627 1c0094a6 000026b7 lui              x13, 0x2000         x13=00002000
16464899ns          302628 1c0094a8 f14027f3 csrrs            x15, x0, 0xf14      x15=00000002
16464919ns          302629 1c0094ac f8068693 addi             x13, x13, -128      x13=00001f80 x13:00002000
16464939ns          302630 1c0094b0 00379713 slli             x14, x15, 0x3       x14=00000010 x15:00000002
16464960ns          302631 1c0094b4 00279793 slli             x15, x15, 0x2       x15=00000008 x15:00000002
16464980ns          302632 1c0094b6 00d7f7b3 and              x15, x15, x13       x15=00000000 x15:00000008 x13:00001f80
16465000ns          302633 1c0094b8 ee873733 p.bclr           x14, x14, 23, 8     x14=00000010 x14:00000010
16465020ns          302634 1c0094bc 1a10f6b7 lui              x13, 0x1a10f000     x13=1a10f000
16465040ns          302635 1c0094c0 0ff57513 andi             x10, x10, 255       x10=00000073 x10:00000073
16465060ns          302636 1c0094c4 00d70733 add              x14, x14, x13       x14=1a10f010 x14:00000010 x13:1a10f000
16465080ns          302637 1c0094c6 00a7e723 p.sw             x10, x0(x15)        x10:00000073 x15:00000000  PA:1a10f010
16465401ns          302653 1c0094ca 00000513 addi             x10, x0, 0          x10=00000000
16465421ns          302654 1c0094cc 00008067 jalr             x0, x1, 0            x1:1c00959c
16465461ns          302656 1c00959c 31f52563 p.beqimm         x10, 778            x10:00000000
16465481ns          302657 1c0095a0 001d8d93 addi             x27, x27, 1         x27=0000000b x27:0000000a
16465501ns          302658 1c0095a2 00044503 lbu              x10, 0(x8)          x10=00000065  x8:1c0000ff  PA:1c0000ff
16465822ns          302674 1c0095a6 00140413 addi             x8, x8, 1            x8=1c000100  x8:1c0000ff
16465842ns          302675 1c0095a8 fe0514e3 bne              x10, x0, -24        x10:00000065
16465903ns          302678 1c009590 02500793 addi             x15, x0, 37         x15=00000025
16465923ns          302679 1c009594 04f50863 beq              x10, x15, 80        x10:00000065 x15:00000025
16465943ns          302680 1c009598 01a005b3 add              x11, x0, x26        x11=00000002 x26:00000002
16465963ns          302681 1c00959a 000b00e7 jalr             x1, x22, 0           x1=1c00959c x22:1c0094a6
16466003ns          302683 1c0094a6 000026b7 lui              x13, 0x2000         x13=00002000
16466023ns          302684 1c0094a8 f14027f3 csrrs            x15, x0, 0xf14      x15=00000002
16466043ns          302685 1c0094ac f8068693 addi             x13, x13, -128      x13=00001f80 x13:00002000
16466063ns          302686 1c0094b0 00379713 slli             x14, x15, 0x3       x14=00000010 x15:00000002
16466083ns          302687 1c0094b4 00279793 slli             x15, x15, 0x2       x15=00000008 x15:00000002
16466103ns          302688 1c0094b6 00d7f7b3 and              x15, x15, x13       x15=00000000 x15:00000008 x13:00001f80
16466123ns          302689 1c0094b8 ee873733 p.bclr           x14, x14, 23, 8     x14=00000010 x14:00000010
16466143ns          302690 1c0094bc 1a10f6b7 lui              x13, 0x1a10f000     x13=1a10f000
16466163ns          302691 1c0094c0 0ff57513 andi             x10, x10, 255       x10=00000065 x10:00000065
16466184ns          302692 1c0094c4 00d70733 add              x14, x14, x13       x14=1a10f010 x14:00000010 x13:1a10f000
16466204ns          302693 1c0094c6 00a7e723 p.sw             x10, x0(x15)        x10:00000065 x15:00000000  PA:1a10f010
16466525ns          302709 1c0094ca 00000513 addi             x10, x0, 0          x10=00000000
16466545ns          302710 1c0094cc 00008067 jalr             x0, x1, 0            x1:1c00959c
16466585ns          302712 1c00959c 31f52563 p.beqimm         x10, 778            x10:00000000
16466605ns          302713 1c0095a0 001d8d93 addi             x27, x27, 1         x27=0000000c x27:0000000b
16466625ns          302714 1c0095a2 00044503 lbu              x10, 0(x8)          x10=00000064  x8:1c000100  PA:1c000100
16466946ns          302730 1c0095a6 00140413 addi             x8, x8, 1            x8=1c000101  x8:1c000100
16466966ns          302731 1c0095a8 fe0514e3 bne              x10, x0, -24        x10:00000064
16467026ns          302734 1c009590 02500793 addi             x15, x0, 37         x15=00000025
16467046ns          302735 1c009594 04f50863 beq              x10, x15, 80        x10:00000064 x15:00000025
16467066ns          302736 1c009598 01a005b3 add              x11, x0, x26        x11=00000002 x26:00000002
16467086ns          302737 1c00959a 000b00e7 jalr             x1, x22, 0           x1=1c00959c x22:1c0094a6
16467127ns          302739 1c0094a6 000026b7 lui              x13, 0x2000         x13=00002000
16467147ns          302740 1c0094a8 f14027f3 csrrs            x15, x0, 0xf14      x15=00000002
16467167ns          302741 1c0094ac f8068693 addi             x13, x13, -128      x13=00001f80 x13:00002000
16467187ns          302742 1c0094b0 00379713 slli             x14, x15, 0x3       x14=00000010 x15:00000002
16467207ns          302743 1c0094b4 00279793 slli             x15, x15, 0x2       x15=00000008 x15:00000002
16467227ns          302744 1c0094b6 00d7f7b3 and              x15, x15, x13       x15=00000000 x15:00000008 x13:00001f80
16467247ns          302745 1c0094b8 ee873733 p.bclr           x14, x14, 23, 8     x14=00000010 x14:00000010
16467267ns          302746 1c0094bc 1a10f6b7 lui              x13, 0x1a10f000     x13=1a10f000
16467287ns          302747 1c0094c0 0ff57513 andi             x10, x10, 255       x10=00000064 x10:00000064
16467307ns          302748 1c0094c4 00d70733 add              x14, x14, x13       x14=1a10f010 x14:00000010 x13:1a10f000
16467327ns          302749 1c0094c6 00a7e723 p.sw             x10, x0(x15)        x10:00000064 x15:00000000  PA:1a10f010
16467648ns          302765 1c0094ca 00000513 addi             x10, x0, 0          x10=00000000
16467668ns          302766 1c0094cc 00008067 jalr             x0, x1, 0            x1:1c00959c
16467709ns          302768 1c00959c 31f52563 p.beqimm         x10, 778            x10:00000000
16467729ns          302769 1c0095a0 001d8d93 addi             x27, x27, 1         x27=0000000d x27:0000000c
16467749ns          302770 1c0095a2 00044503 lbu              x10, 0(x8)          x10=00000020  x8:1c000101  PA:1c000101
16468070ns          302786 1c0095a6 00140413 addi             x8, x8, 1            x8=1c000102  x8:1c000101
16468090ns          302787 1c0095a8 fe0514e3 bne              x10, x0, -24        x10:00000020
16468150ns          302790 1c009590 02500793 addi             x15, x0, 37         x15=00000025
16468170ns          302791 1c009594 04f50863 beq              x10, x15, 80        x10:00000020 x15:00000025
16468190ns          302792 1c009598 01a005b3 add              x11, x0, x26        x11=00000002 x26:00000002
16468210ns          302793 1c00959a 000b00e7 jalr             x1, x22, 0           x1=1c00959c x22:1c0094a6
16468250ns          302795 1c0094a6 000026b7 lui              x13, 0x2000         x13=00002000
16468270ns          302796 1c0094a8 f14027f3 csrrs            x15, x0, 0xf14      x15=00000002
16468290ns          302797 1c0094ac f8068693 addi             x13, x13, -128      x13=00001f80 x13:00002000
16468310ns          302798 1c0094b0 00379713 slli             x14, x15, 0x3       x14=00000010 x15:00000002
16468331ns          302799 1c0094b4 00279793 slli             x15, x15, 0x2       x15=00000008 x15:00000002
16468351ns          302800 1c0094b6 00d7f7b3 and              x15, x15, x13       x15=00000000 x15:00000008 x13:00001f80
16468371ns          302801 1c0094b8 ee873733 p.bclr           x14, x14, 23, 8     x14=00000010 x14:00000010
16468391ns          302802 1c0094bc 1a10f6b7 lui              x13, 0x1a10f000     x13=1a10f000
16468411ns          302803 1c0094c0 0ff57513 andi             x10, x10, 255       x10=00000020 x10:00000020
16468431ns          302804 1c0094c4 00d70733 add              x14, x14, x13       x14=1a10f010 x14:00000010 x13:1a10f000
16468451ns          302805 1c0094c6 00a7e723 p.sw             x10, x0(x15)        x10:00000020 x15:00000000  PA:1a10f010
16468772ns          302821 1c0094ca 00000513 addi             x10, x0, 0          x10=00000000
16468792ns          302822 1c0094cc 00008067 jalr             x0, x1, 0            x1:1c00959c
16468832ns          302824 1c00959c 31f52563 p.beqimm         x10, 778            x10:00000000
16468852ns          302825 1c0095a0 001d8d93 addi             x27, x27, 1         x27=0000000e x27:0000000d
16468872ns          302826 1c0095a2 00044503 lbu              x10, 0(x8)          x10=0000006f  x8:1c000102  PA:1c000102
16469193ns          302842 1c0095a6 00140413 addi             x8, x8, 1            x8=1c000103  x8:1c000102
16469213ns          302843 1c0095a8 fe0514e3 bne              x10, x0, -24        x10:0000006f
16469274ns          302846 1c009590 02500793 addi             x15, x0, 37         x15=00000025
16469294ns          302847 1c009594 04f50863 beq              x10, x15, 80        x10:0000006f x15:00000025
16469314ns          302848 1c009598 01a005b3 add              x11, x0, x26        x11=00000002 x26:00000002
16469334ns          302849 1c00959a 000b00e7 jalr             x1, x22, 0           x1=1c00959c x22:1c0094a6
16469374ns          302851 1c0094a6 000026b7 lui              x13, 0x2000         x13=00002000
16469394ns          302852 1c0094a8 f14027f3 csrrs            x15, x0, 0xf14      x15=00000002
16469414ns          302853 1c0094ac f8068693 addi             x13, x13, -128      x13=00001f80 x13:00002000
16469434ns          302854 1c0094b0 00379713 slli             x14, x15, 0x3       x14=00000010 x15:00000002
16469454ns          302855 1c0094b4 00279793 slli             x15, x15, 0x2       x15=00000008 x15:00000002
16469474ns          302856 1c0094b6 00d7f7b3 and              x15, x15, x13       x15=00000000 x15:00000008 x13:00001f80
16469494ns          302857 1c0094b8 ee873733 p.bclr           x14, x14, 23, 8     x14=00000010 x14:00000010
16469514ns          302858 1c0094bc 1a10f6b7 lui              x13, 0x1a10f000     x13=1a10f000
16469534ns          302859 1c0094c0 0ff57513 andi             x10, x10, 255       x10=0000006f x10:0000006f
16469555ns          302860 1c0094c4 00d70733 add              x14, x14, x13       x14=1a10f010 x14:00000010 x13:1a10f000
16469575ns          302861 1c0094c6 00a7e723 p.sw             x10, x0(x15)        x10:0000006f x15:00000000  PA:1a10f010
16469896ns          302877 1c0094ca 00000513 addi             x10, x0, 0          x10=00000000
16469916ns          302878 1c0094cc 00008067 jalr             x0, x1, 0            x1:1c00959c
16469956ns          302880 1c00959c 31f52563 p.beqimm         x10, 778            x10:00000000
16469976ns          302881 1c0095a0 001d8d93 addi             x27, x27, 1         x27=0000000f x27:0000000e
16469996ns          302882 1c0095a2 00044503 lbu              x10, 0(x8)          x10=0000006e  x8:1c000103  PA:1c000103
16470317ns          302898 1c0095a6 00140413 addi             x8, x8, 1            x8=1c000104  x8:1c000103
16470337ns          302899 1c0095a8 fe0514e3 bne              x10, x0, -24        x10:0000006e
16470397ns          302902 1c009590 02500793 addi             x15, x0, 37         x15=00000025
16470417ns          302903 1c009594 04f50863 beq              x10, x15, 80        x10:0000006e x15:00000025
16470437ns          302904 1c009598 01a005b3 add              x11, x0, x26        x11=00000002 x26:00000002
16470457ns          302905 1c00959a 000b00e7 jalr             x1, x22, 0           x1=1c00959c x22:1c0094a6
16470498ns          302907 1c0094a6 000026b7 lui              x13, 0x2000         x13=00002000
16470518ns          302908 1c0094a8 f14027f3 csrrs            x15, x0, 0xf14      x15=00000002
16470538ns          302909 1c0094ac f8068693 addi             x13, x13, -128      x13=00001f80 x13:00002000
16470558ns          302910 1c0094b0 00379713 slli             x14, x15, 0x3       x14=00000010 x15:00000002
16470578ns          302911 1c0094b4 00279793 slli             x15, x15, 0x2       x15=00000008 x15:00000002
16470598ns          302912 1c0094b6 00d7f7b3 and              x15, x15, x13       x15=00000000 x15:00000008 x13:00001f80
16470618ns          302913 1c0094b8 ee873733 p.bclr           x14, x14, 23, 8     x14=00000010 x14:00000010
16470638ns          302914 1c0094bc 1a10f6b7 lui              x13, 0x1a10f000     x13=1a10f000
16470658ns          302915 1c0094c0 0ff57513 andi             x10, x10, 255       x10=0000006e x10:0000006e
16470678ns          302916 1c0094c4 00d70733 add              x14, x14, x13       x14=1a10f010 x14:00000010 x13:1a10f000
16470698ns          302917 1c0094c6 00a7e723 p.sw             x10, x0(x15)        x10:0000006e x15:00000000  PA:1a10f010
16471019ns          302933 1c0094ca 00000513 addi             x10, x0, 0          x10=00000000
16471039ns          302934 1c0094cc 00008067 jalr             x0, x1, 0            x1:1c00959c
16471079ns          302936 1c00959c 31f52563 p.beqimm         x10, 778            x10:00000000
16471100ns          302937 1c0095a0 001d8d93 addi             x27, x27, 1         x27=00000010 x27:0000000f
16471120ns          302938 1c0095a2 00044503 lbu              x10, 0(x8)          x10=00000020  x8:1c000104  PA:1c000104
16471421ns          302953 1c0095a6 00140413 addi             x8, x8, 1            x8=1c000105  x8:1c000104
16471441ns          302954 1c0095a8 fe0514e3 bne              x10, x0, -24        x10:00000020
16471501ns          302957 1c009590 02500793 addi             x15, x0, 37         x15=00000025
16471521ns          302958 1c009594 04f50863 beq              x10, x15, 80        x10:00000020 x15:00000025
16471541ns          302959 1c009598 01a005b3 add              x11, x0, x26        x11=00000002 x26:00000002
16471561ns          302960 1c00959a 000b00e7 jalr             x1, x22, 0           x1=1c00959c x22:1c0094a6
16471601ns          302962 1c0094a6 000026b7 lui              x13, 0x2000         x13=00002000
16471621ns          302963 1c0094a8 f14027f3 csrrs            x15, x0, 0xf14      x15=00000002
16471641ns          302964 1c0094ac f8068693 addi             x13, x13, -128      x13=00001f80 x13:00002000
16471661ns          302965 1c0094b0 00379713 slli             x14, x15, 0x3       x14=00000010 x15:00000002
16471681ns          302966 1c0094b4 00279793 slli             x15, x15, 0x2       x15=00000008 x15:00000002
16471702ns          302967 1c0094b6 00d7f7b3 and              x15, x15, x13       x15=00000000 x15:00000008 x13:00001f80
16471722ns          302968 1c0094b8 ee873733 p.bclr           x14, x14, 23, 8     x14=00000010 x14:00000010
16471742ns          302969 1c0094bc 1a10f6b7 lui              x13, 0x1a10f000     x13=1a10f000
16471762ns          302970 1c0094c0 0ff57513 andi             x10, x10, 255       x10=00000020 x10:00000020
16471782ns          302971 1c0094c4 00d70733 add              x14, x14, x13       x14=1a10f010 x14:00000010 x13:1a10f000
16471802ns          302972 1c0094c6 00a7e723 p.sw             x10, x0(x15)        x10:00000020 x15:00000000  PA:1a10f010
16472123ns          302988 1c0094ca 00000513 addi             x10, x0, 0          x10=00000000
16472143ns          302989 1c0094cc 00008067 jalr             x0, x1, 0            x1:1c00959c
16472183ns          302991 1c00959c 31f52563 p.beqimm         x10, 778            x10:00000000
16472203ns          302992 1c0095a0 001d8d93 addi             x27, x27, 1         x27=00000011 x27:00000010
16472223ns          302993 1c0095a2 00044503 lbu              x10, 0(x8)          x10=00000063  x8:1c000105  PA:1c000105
16472524ns          303008 1c0095a6 00140413 addi             x8, x8, 1            x8=1c000106  x8:1c000105
16472544ns          303009 1c0095a8 fe0514e3 bne              x10, x0, -24        x10:00000063
16472604ns          303012 1c009590 02500793 addi             x15, x0, 37         x15=00000025
16472625ns          303013 1c009594 04f50863 beq              x10, x15, 80        x10:00000063 x15:00000025
16472645ns          303014 1c009598 01a005b3 add              x11, x0, x26        x11=00000002 x26:00000002
16472665ns          303015 1c00959a 000b00e7 jalr             x1, x22, 0           x1=1c00959c x22:1c0094a6
16472705ns          303017 1c0094a6 000026b7 lui              x13, 0x2000         x13=00002000
16472725ns          303018 1c0094a8 f14027f3 csrrs            x15, x0, 0xf14      x15=00000002
16472745ns          303019 1c0094ac f8068693 addi             x13, x13, -128      x13=00001f80 x13:00002000
16472765ns          303020 1c0094b0 00379713 slli             x14, x15, 0x3       x14=00000010 x15:00000002
16472785ns          303021 1c0094b4 00279793 slli             x15, x15, 0x2       x15=00000008 x15:00000002
16472805ns          303022 1c0094b6 00d7f7b3 and              x15, x15, x13       x15=00000000 x15:00000008 x13:00001f80
16472825ns          303023 1c0094b8 ee873733 p.bclr           x14, x14, 23, 8     x14=00000010 x14:00000010
16472845ns          303024 1c0094bc 1a10f6b7 lui              x13, 0x1a10f000     x13=1a10f000
16472865ns          303025 1c0094c0 0ff57513 andi             x10, x10, 255       x10=00000063 x10:00000063
16472885ns          303026 1c0094c4 00d70733 add              x14, x14, x13       x14=1a10f010 x14:00000010 x13:1a10f000
16472905ns          303027 1c0094c6 00a7e723 p.sw             x10, x0(x15)        x10:00000063 x15:00000000  PA:1a10f010
16473226ns          303043 1c0094ca 00000513 addi             x10, x0, 0          x10=00000000
16473247ns          303044 1c0094cc 00008067 jalr             x0, x1, 0            x1:1c00959c
16473287ns          303046 1c00959c 31f52563 p.beqimm         x10, 778            x10:00000000
16473307ns          303047 1c0095a0 001d8d93 addi             x27, x27, 1         x27=00000012 x27:00000011
16473327ns          303048 1c0095a2 00044503 lbu              x10, 0(x8)          x10=0000006f  x8:1c000106  PA:1c000106
16473628ns          303063 1c0095a6 00140413 addi             x8, x8, 1            x8=1c000107  x8:1c000106
16473648ns          303064 1c0095a8 fe0514e3 bne              x10, x0, -24        x10:0000006f
16473708ns          303067 1c009590 02500793 addi             x15, x0, 37         x15=00000025
16473728ns          303068 1c009594 04f50863 beq              x10, x15, 80        x10:0000006f x15:00000025
16473748ns          303069 1c009598 01a005b3 add              x11, x0, x26        x11=00000002 x26:00000002
16473768ns          303070 1c00959a 000b00e7 jalr             x1, x22, 0           x1=1c00959c x22:1c0094a6
16473808ns          303072 1c0094a6 000026b7 lui              x13, 0x2000         x13=00002000
16473828ns          303073 1c0094a8 f14027f3 csrrs            x15, x0, 0xf14      x15=00000002
16473849ns          303074 1c0094ac f8068693 addi             x13, x13, -128      x13=00001f80 x13:00002000
16473869ns          303075 1c0094b0 00379713 slli             x14, x15, 0x3       x14=00000010 x15:00000002
16473889ns          303076 1c0094b4 00279793 slli             x15, x15, 0x2       x15=00000008 x15:00000002
16473909ns          303077 1c0094b6 00d7f7b3 and              x15, x15, x13       x15=00000000 x15:00000008 x13:00001f80
16473929ns          303078 1c0094b8 ee873733 p.bclr           x14, x14, 23, 8     x14=00000010 x14:00000010
16473949ns          303079 1c0094bc 1a10f6b7 lui              x13, 0x1a10f000     x13=1a10f000
16473969ns          303080 1c0094c0 0ff57513 andi             x10, x10, 255       x10=0000006f x10:0000006f
16473989ns          303081 1c0094c4 00d70733 add              x14, x14, x13       x14=1a10f010 x14:00000010 x13:1a10f000
16474009ns          303082 1c0094c6 00a7e723 p.sw             x10, x0(x15)        x10:0000006f x15:00000000  PA:1a10f010
16474330ns          303098 1c0094ca 00000513 addi             x10, x0, 0          x10=00000000
16474350ns          303099 1c0094cc 00008067 jalr             x0, x1, 0            x1:1c00959c
16474390ns          303101 1c00959c 31f52563 p.beqimm         x10, 778            x10:00000000
16474410ns          303102 1c0095a0 001d8d93 addi             x27, x27, 1         x27=00000013 x27:00000012
16474430ns          303103 1c0095a2 00044503 lbu              x10, 0(x8)          x10=00000072  x8:1c000107  PA:1c000107
16474731ns          303118 1c0095a6 00140413 addi             x8, x8, 1            x8=1c000108  x8:1c000107
16474751ns          303119 1c0095a8 fe0514e3 bne              x10, x0, -24        x10:00000072
16474812ns          303122 1c009590 02500793 addi             x15, x0, 37         x15=00000025
16474832ns          303123 1c009594 04f50863 beq              x10, x15, 80        x10:00000072 x15:00000025
16474852ns          303124 1c009598 01a005b3 add              x11, x0, x26        x11=00000002 x26:00000002
16474872ns          303125 1c00959a 000b00e7 jalr             x1, x22, 0           x1=1c00959c x22:1c0094a6
16474912ns          303127 1c0094a6 000026b7 lui              x13, 0x2000         x13=00002000
16474932ns          303128 1c0094a8 f14027f3 csrrs            x15, x0, 0xf14      x15=00000002
16474952ns          303129 1c0094ac f8068693 addi             x13, x13, -128      x13=00001f80 x13:00002000
16474972ns          303130 1c0094b0 00379713 slli             x14, x15, 0x3       x14=00000010 x15:00000002
16474992ns          303131 1c0094b4 00279793 slli             x15, x15, 0x2       x15=00000008 x15:00000002
16475012ns          303132 1c0094b6 00d7f7b3 and              x15, x15, x13       x15=00000000 x15:00000008 x13:00001f80
16475032ns          303133 1c0094b8 ee873733 p.bclr           x14, x14, 23, 8     x14=00000010 x14:00000010
16475052ns          303134 1c0094bc 1a10f6b7 lui              x13, 0x1a10f000     x13=1a10f000
16475072ns          303135 1c0094c0 0ff57513 andi             x10, x10, 255       x10=00000072 x10:00000072
16475093ns          303136 1c0094c4 00d70733 add              x14, x14, x13       x14=1a10f010 x14:00000010 x13:1a10f000
16475113ns          303137 1c0094c6 00a7e723 p.sw             x10, x0(x15)        x10:00000072 x15:00000000  PA:1a10f010
16475434ns          303153 1c0094ca 00000513 addi             x10, x0, 0          x10=00000000
16475454ns          303154 1c0094cc 00008067 jalr             x0, x1, 0            x1:1c00959c
16475494ns          303156 1c00959c 31f52563 p.beqimm         x10, 778            x10:00000000
16475514ns          303157 1c0095a0 001d8d93 addi             x27, x27, 1         x27=00000014 x27:00000013
16475534ns          303158 1c0095a2 00044503 lbu              x10, 0(x8)          x10=00000065  x8:1c000108  PA:1c000108
16475835ns          303173 1c0095a6 00140413 addi             x8, x8, 1            x8=1c000109  x8:1c000108
16475855ns          303174 1c0095a8 fe0514e3 bne              x10, x0, -24        x10:00000065
16475915ns          303177 1c009590 02500793 addi             x15, x0, 37         x15=00000025
16475935ns          303178 1c009594 04f50863 beq              x10, x15, 80        x10:00000065 x15:00000025
16475955ns          303179 1c009598 01a005b3 add              x11, x0, x26        x11=00000002 x26:00000002
16475975ns          303180 1c00959a 000b00e7 jalr             x1, x22, 0           x1=1c00959c x22:1c0094a6
16476016ns          303182 1c0094a6 000026b7 lui              x13, 0x2000         x13=00002000
16476036ns          303183 1c0094a8 f14027f3 csrrs            x15, x0, 0xf14      x15=00000002
16476056ns          303184 1c0094ac f8068693 addi             x13, x13, -128      x13=00001f80 x13:00002000
16476076ns          303185 1c0094b0 00379713 slli             x14, x15, 0x3       x14=00000010 x15:00000002
16476096ns          303186 1c0094b4 00279793 slli             x15, x15, 0x2       x15=00000008 x15:00000002
16476116ns          303187 1c0094b6 00d7f7b3 and              x15, x15, x13       x15=00000000 x15:00000008 x13:00001f80
16476136ns          303188 1c0094b8 ee873733 p.bclr           x14, x14, 23, 8     x14=00000010 x14:00000010
16476156ns          303189 1c0094bc 1a10f6b7 lui              x13, 0x1a10f000     x13=1a10f000
16476176ns          303190 1c0094c0 0ff57513 andi             x10, x10, 255       x10=00000065 x10:00000065
16476196ns          303191 1c0094c4 00d70733 add              x14, x14, x13       x14=1a10f010 x14:00000010 x13:1a10f000
16476216ns          303192 1c0094c6 00a7e723 p.sw             x10, x0(x15)        x10:00000065 x15:00000000  PA:1a10f010
16476537ns          303208 1c0094ca 00000513 addi             x10, x0, 0          x10=00000000
16476557ns          303209 1c0094cc 00008067 jalr             x0, x1, 0            x1:1c00959c
16476597ns          303211 1c00959c 31f52563 p.beqimm         x10, 778            x10:00000000
16476618ns          303212 1c0095a0 001d8d93 addi             x27, x27, 1         x27=00000015 x27:00000014
16476638ns          303213 1c0095a2 00044503 lbu              x10, 0(x8)          x10=00000020  x8:1c000109  PA:1c000109
16476939ns          303228 1c0095a6 00140413 addi             x8, x8, 1            x8=1c00010a  x8:1c000109
16476959ns          303229 1c0095a8 fe0514e3 bne              x10, x0, -24        x10:00000020
16477019ns          303232 1c009590 02500793 addi             x15, x0, 37         x15=00000025
16477039ns          303233 1c009594 04f50863 beq              x10, x15, 80        x10:00000020 x15:00000025
16477059ns          303234 1c009598 01a005b3 add              x11, x0, x26        x11=00000002 x26:00000002
16477079ns          303235 1c00959a 000b00e7 jalr             x1, x22, 0           x1=1c00959c x22:1c0094a6
16477119ns          303237 1c0094a6 000026b7 lui              x13, 0x2000         x13=00002000
16477139ns          303238 1c0094a8 f14027f3 csrrs            x15, x0, 0xf14      x15=00000002
16477159ns          303239 1c0094ac f8068693 addi             x13, x13, -128      x13=00001f80 x13:00002000
16477179ns          303240 1c0094b0 00379713 slli             x14, x15, 0x3       x14=00000010 x15:00000002
16477199ns          303241 1c0094b4 00279793 slli             x15, x15, 0x2       x15=00000008 x15:00000002
16477219ns          303242 1c0094b6 00d7f7b3 and              x15, x15, x13       x15=00000000 x15:00000008 x13:00001f80
16477240ns          303243 1c0094b8 ee873733 p.bclr           x14, x14, 23, 8     x14=00000010 x14:00000010
16477260ns          303244 1c0094bc 1a10f6b7 lui              x13, 0x1a10f000     x13=1a10f000
16477280ns          303245 1c0094c0 0ff57513 andi             x10, x10, 255       x10=00000020 x10:00000020
16477300ns          303246 1c0094c4 00d70733 add              x14, x14, x13       x14=1a10f010 x14:00000010 x13:1a10f000
16477320ns          303247 1c0094c6 00a7e723 p.sw             x10, x0(x15)        x10:00000020 x15:00000000  PA:1a10f010
16477641ns          303263 1c0094ca 00000513 addi             x10, x0, 0          x10=00000000
16477661ns          303264 1c0094cc 00008067 jalr             x0, x1, 0            x1:1c00959c
16477701ns          303266 1c00959c 31f52563 p.beqimm         x10, 778            x10:00000000
16477721ns          303267 1c0095a0 001d8d93 addi             x27, x27, 1         x27=00000016 x27:00000015
16477741ns          303268 1c0095a2 00044503 lbu              x10, 0(x8)          x10=00000020  x8:1c00010a  PA:1c00010a
16478042ns          303283 1c0095a6 00140413 addi             x8, x8, 1            x8=1c00010b  x8:1c00010a
16478062ns          303284 1c0095a8 fe0514e3 bne              x10, x0, -24        x10:00000020
16478122ns          303287 1c009590 02500793 addi             x15, x0, 37         x15=00000025
16478142ns          303288 1c009594 04f50863 beq              x10, x15, 80        x10:00000020 x15:00000025
16478163ns          303289 1c009598 01a005b3 add              x11, x0, x26        x11=00000002 x26:00000002
16478183ns          303290 1c00959a 000b00e7 jalr             x1, x22, 0           x1=1c00959c x22:1c0094a6
16478223ns          303292 1c0094a6 000026b7 lui              x13, 0x2000         x13=00002000
16478243ns          303293 1c0094a8 f14027f3 csrrs            x15, x0, 0xf14      x15=00000002
16478263ns          303294 1c0094ac f8068693 addi             x13, x13, -128      x13=00001f80 x13:00002000
16478283ns          303295 1c0094b0 00379713 slli             x14, x15, 0x3       x14=00000010 x15:00000002
16478303ns          303296 1c0094b4 00279793 slli             x15, x15, 0x2       x15=00000008 x15:00000002
16478323ns          303297 1c0094b6 00d7f7b3 and              x15, x15, x13       x15=00000000 x15:00000008 x13:00001f80
16478343ns          303298 1c0094b8 ee873733 p.bclr           x14, x14, 23, 8     x14=00000010 x14:00000010
16478363ns          303299 1c0094bc 1a10f6b7 lui              x13, 0x1a10f000     x13=1a10f000
16478383ns          303300 1c0094c0 0ff57513 andi             x10, x10, 255       x10=00000020 x10:00000020
16478403ns          303301 1c0094c4 00d70733 add              x14, x14, x13       x14=1a10f010 x14:00000010 x13:1a10f000
16478423ns          303302 1c0094c6 00a7e723 p.sw             x10, x0(x15)        x10:00000020 x15:00000000  PA:1a10f010
16478744ns          303318 1c0094ca 00000513 addi             x10, x0, 0          x10=00000000
16478765ns          303319 1c0094cc 00008067 jalr             x0, x1, 0            x1:1c00959c
16478805ns          303321 1c00959c 31f52563 p.beqimm         x10, 778            x10:00000000
16478825ns          303322 1c0095a0 001d8d93 addi             x27, x27, 1         x27=00000017 x27:00000016
16478845ns          303323 1c0095a2 00044503 lbu              x10, 0(x8)          x10=00000025  x8:1c00010b  PA:1c00010b
16479146ns          303338 1c0095a6 00140413 addi             x8, x8, 1            x8=1c00010c  x8:1c00010b
16479166ns          303339 1c0095a8 fe0514e3 bne              x10, x0, -24        x10:00000025
16479226ns          303342 1c009590 02500793 addi             x15, x0, 37         x15=00000025
16479246ns          303343 1c009594 04f50863 beq              x10, x15, 80        x10:00000025 x15:00000025
16479346ns          303348 1c0095e4 00044483 lbu              x9, 0(x8)            x9=00000064  x8:1c00010c  PA:1c00010c
16479667ns          303364 1c0095e8 02000693 addi             x13, x0, 32         x13=00000020
16479688ns          303365 1c0095ec 00140a93 addi             x21, x8, 1          x21=1c00010d  x8:1c00010c
16479708ns          303366 1c0095f0 009005b3 add              x11, x0, x9         x11=00000064  x9:00000064
16479728ns          303367 1c0095f2 1ccb8513 addi             x10, x23, 460       x10=1c0001cc x23:1c000000
16479748ns          303368 1c0095f6 00d12823 sw               x13, 16(x2)         x13:00000020  x2:100014d8  PA:100014e8
16479768ns          303369 1c0095f8 00012c23 sw               x0, 24(x2)           x2:100014d8  PA:100014f0
16479788ns          303370 1c0095fa 00012a23 sw               x0, 20(x2)           x2:100014d8  PA:100014ec
16479808ns          303371 1c0095fc 00012e23 sw               x0, 28(x2)           x2:100014d8  PA:100014f4
16479828ns          303372 1c0095fe 00012623 sw               x0, 12(x2)           x2:100014d8  PA:100014e4
16479848ns          303373 1c009600 02300913 addi             x18, x0, 35         x18=00000023
16479868ns          303374 1c009604 02d00a13 addi             x20, x0, 45         x20=0000002d
16479888ns          303375 1c009608 015009b3 add              x19, x0, x21        x19=1c00010d x21:1c00010d
16479908ns          303376 1c00960a e1dff0ef jal              x1, -484             x1=1c00960c
16480069ns          303384 1c009426 00054783 lbu              x15, 0(x10)         x15=0000002d x10:1c0001cc  PA:1c0001cc
16480370ns          303399 1c00942a 0ff5f593 andi             x11, x11, 255       x11=00000064 x11:00000064
16480390ns          303400 1c00942e 00b78c63 beq              x15, x11, 24        x15:0000002d x11:00000064
16480410ns          303401 1c009432 00078b63 beq              x15, x0, 22         x15:0000002d
16480430ns          303402 1c009434 00150793 addi             x15, x10, 1         x15=1c0001cd x10:1c0001cc
16480450ns          303403 1c009438 0040006f jal              x0, 4              
16480550ns          303408 1c00943c 00f00533 add              x10, x0, x15        x10=1c0001cd x15:1c0001cd
16480570ns          303409 1c00943e 0017c70b p.lbu            x14, 1(x15!)        x14=0000002b x15=1c0001ce x15:1c0001cd  PA:1c0001cd
16480891ns          303425 1c009442 feb71ce3 bne              x14, x11, -8        x14:0000002b x11:00000064
16480952ns          303428 1c00943a 00070763 beq              x14, x0, 14         x14:0000002b
16480972ns          303429 1c00943c 00f00533 add              x10, x0, x15        x10=1c0001ce x15:1c0001ce
16480992ns          303430 1c00943e 0017c70b p.lbu            x14, 1(x15!)        x14=00000020 x15=1c0001cf x15:1c0001ce  PA:1c0001ce
16481313ns          303446 1c009442 feb71ce3 bne              x14, x11, -8        x14:00000020 x11:00000064
16481373ns          303449 1c00943a 00070763 beq              x14, x0, 14         x14:00000020
16481393ns          303450 1c00943c 00f00533 add              x10, x0, x15        x10=1c0001cf x15:1c0001cf
16481413ns          303451 1c00943e 0017c70b p.lbu            x14, 1(x15!)        x14=00000023 x15=1c0001d0 x15:1c0001cf  PA:1c0001cf
16481734ns          303467 1c009442 feb71ce3 bne              x14, x11, -8        x14:00000023 x11:00000064
16481794ns          303470 1c00943a 00070763 beq              x14, x0, 14         x14:00000023
16481814ns          303471 1c00943c 00f00533 add              x10, x0, x15        x10=1c0001d0 x15:1c0001d0
16481835ns          303472 1c00943e 0017c70b p.lbu            x14, 1(x15!)        x14=00000030 x15=1c0001d1 x15:1c0001d0  PA:1c0001d0
16482156ns          303488 1c009442 feb71ce3 bne              x14, x11, -8        x14:00000030 x11:00000064
16482216ns          303491 1c00943a 00070763 beq              x14, x0, 14         x14:00000030
16482236ns          303492 1c00943c 00f00533 add              x10, x0, x15        x10=1c0001d1 x15:1c0001d1
16482256ns          303493 1c00943e 0017c70b p.lbu            x14, 1(x15!)        x14=00000000 x15=1c0001d2 x15:1c0001d1  PA:1c0001d1
16482577ns          303509 1c009442 feb71ce3 bne              x14, x11, -8        x14:00000000 x11:00000064
16482637ns          303512 1c00943a 00070763 beq              x14, x0, 14         x14:00000000
16482697ns          303515 1c009448 0015b593 sltiu            x11, x11, 1         x11=00000000 x11:00000064
16482717ns          303516 1c00944c 40b005b3 sub              x11, x0, x11        x11=00000000 x11:00000000
16482737ns          303517 1c009450 00b57533 and              x10, x10, x11       x10=00000000 x10:1c0001d1 x11:00000000
16482758ns          303518 1c009452 00008067 jalr             x0, x1, 0            x1:1c00960c
16482798ns          303520 1c00960c 02050a63 beq              x10, x0, 52         x10:00000000
16482898ns          303525 1c009640 02a00613 addi             x12, x0, 42         x12=0000002a
16482938ns          303527 1c009644 2ac48663 beq              x9, x12, 684         x9:00000064 x12:0000002a
16482958ns          303528 1c009648 fd048613 addi             x12, x9, -48        x12=00000034  x9:00000064
16482978ns          303529 1c00964c 00900593 addi             x11, x0, 9          x11=00000009
16482998ns          303530 1c00964e 00000913 addi             x18, x0, 0          x18=00000000
16483038ns          303532 1c009650 28c5f063 bgeu             x11, x12, 640       x11:00000009 x12:00000034
16483079ns          303534 1c009654 02e00693 addi             x13, x0, 46         x13=0000002e
16483099ns          303535 1c009658 fff00a13 addi             x20, x0, -1         x20=ffffffff
16483119ns          303536 1c00965a 2ed48363 beq              x9, x13, 742         x9:00000064 x13:0000002e
16483179ns          303539 1c00965e 1c0007b7 lui              x15, 0x1c000000     x15=1c000000
16483199ns          303540 1c009662 009005b3 add              x11, x0, x9         x11=00000064  x9:00000064
16483219ns          303541 1c009664 1d478513 addi             x10, x15, 468       x10=1c0001d4 x15:1c000000
16483239ns          303542 1c009668 dbfff0ef jal              x1, -578             x1=1c00966a
16483299ns          303545 1c009426 00054783 lbu              x15, 0(x10)         x15=00000068 x10:1c0001d4  PA:1c0001d4
16483600ns          303560 1c00942a 0ff5f593 andi             x11, x11, 255       x11=00000064 x11:00000064
16483620ns          303561 1c00942e 00b78c63 beq              x15, x11, 24        x15:00000068 x11:00000064
16483640ns          303562 1c009432 00078b63 beq              x15, x0, 22         x15:00000068
16483660ns          303563 1c009434 00150793 addi             x15, x10, 1         x15=1c0001d5 x10:1c0001d4
16483681ns          303564 1c009438 0040006f jal              x0, 4              
16483721ns          303566 1c00943c 00f00533 add              x10, x0, x15        x10=1c0001d5 x15:1c0001d5
16483741ns          303567 1c00943e 0017c70b p.lbu            x14, 1(x15!)        x14=0000006c x15=1c0001d6 x15:1c0001d5  PA:1c0001d5
16484062ns          303583 1c009442 feb71ce3 bne              x14, x11, -8        x14:0000006c x11:00000064
16484122ns          303586 1c00943a 00070763 beq              x14, x0, 14         x14:0000006c
16484142ns          303587 1c00943c 00f00533 add              x10, x0, x15        x10=1c0001d6 x15:1c0001d6
16484162ns          303588 1c00943e 0017c70b p.lbu            x14, 1(x15!)        x14=0000004c x15=1c0001d7 x15:1c0001d6  PA:1c0001d6
16484483ns          303604 1c009442 feb71ce3 bne              x14, x11, -8        x14:0000004c x11:00000064
16484543ns          303607 1c00943a 00070763 beq              x14, x0, 14         x14:0000004c
16484563ns          303608 1c00943c 00f00533 add              x10, x0, x15        x10=1c0001d7 x15:1c0001d7
16484583ns          303609 1c00943e 0017c70b p.lbu            x14, 1(x15!)        x14=0000007a x15=1c0001d8 x15:1c0001d7  PA:1c0001d7
16484905ns          303625 1c009442 feb71ce3 bne              x14, x11, -8        x14:0000007a x11:00000064
16484965ns          303628 1c00943a 00070763 beq              x14, x0, 14         x14:0000007a
16484985ns          303629 1c00943c 00f00533 add              x10, x0, x15        x10=1c0001d8 x15:1c0001d8
16485005ns          303630 1c00943e 0017c70b p.lbu            x14, 1(x15!)        x14=00000000 x15=1c0001d9 x15:1c0001d8  PA:1c0001d8
16485326ns          303646 1c009442 feb71ce3 bne              x14, x11, -8        x14:00000000 x11:00000064
16485386ns          303649 1c00943a 00070763 beq              x14, x0, 14         x14:00000000
16485446ns          303652 1c009448 0015b593 sltiu            x11, x11, 1         x11=00000000 x11:00000064
16485466ns          303653 1c00944c 40b005b3 sub              x11, x0, x11        x11=00000000 x11:00000000
16485486ns          303654 1c009450 00b57533 and              x10, x10, x11       x10=00000000 x10:1c0001d8 x11:00000000
16485506ns          303655 1c009452 00008067 jalr             x0, x1, 0            x1:1c00966a
16485547ns          303657 1c00966a 01300433 add              x8, x0, x19          x8=1c00010d x19:1c00010d
16485567ns          303658 1c00966c 00050563 beq              x10, x0, 10         x10:00000000
16485687ns          303664 1c009676 06700693 addi             x13, x0, 103        x13=00000067
16485707ns          303665 1c00967a 2896d963 bge              x13, x9, 658        x13:00000067  x9:00000064
16485848ns          303672 1c00990c 06500693 addi             x13, x0, 101        x13=00000065
16485928ns          303676 1c009910 12d4d563 bge              x9, x13, 298         x9:00000064 x13:00000065
16485968ns          303678 1c009914 04700693 addi             x13, x0, 71         x13=00000047
16485988ns          303679 1c009918 dc96cbe3 blt              x13, x9, -554       x13:00000047  x9:00000064
16486229ns          303691 1c0096ee 06300693 addi             x13, x0, 99         x13=00000063
16486269ns          303693 1c0096f2 0ad488e3 beq              x9, x13, 2224        x9:00000064 x13:00000063
16486289ns          303694 1c0096f6 0096c9e3 blt              x13, x9, 2066       x13:00000063  x9:00000064
16486450ns          303702 1c009f08 000c2583 lw               x11, 0(x24)         x11=00000002 x24:1000162c  PA:1000162c
16486490ns          303704 1c009f0c 004c0c13 addi             x24, x24, 4         x24=10001630 x24:1000162c
16486550ns          303707 1c009f0e 3405cc63 blt              x11, x0, 856        x11:00000002
16486570ns          303708 1c009f12 01412603 lw               x12, 20(x2)         x12=00000000  x2:100014d8  PA:100014ec
16486590ns          303709 1c009f14 00b006b3 add              x13, x0, x11        x13=00000002 x11:00000002
16486610ns          303710 1c009f16 2e061863 bne              x12, x0, 752        x12:00000000
16486630ns          303711 1c009f1a 01812703 lw               x14, 24(x2)         x14=00000000  x2:100014d8  PA:100014f0
16486650ns          303712 1c009f1c 019007b3 add              x15, x0, x25        x15=100014fc x25:100014fc
16486670ns          303713 1c009f1e 00070763 beq              x14, x0, 14         x14:00000000
16486730ns          303716 1c009f2c 00f00733 add              x14, x0, x15        x14=100014fc x15:100014fc
16486751ns          303717 1c009f2e 00a00513 addi             x10, x0, 10         x10=0000000a
16486791ns          303719 1c009f30 02a6f633 remu             x12, x13, x10       x12=00000002 x13:00000002 x10:0000000a
16487433ns          303751 1c009f34 02a6d6b3 divu             x13, x13, x10       x13=00000000 x13:00000002 x10:0000000a
16488055ns          303782 1c009f38 03060613 addi             x12, x12, 48        x12=00000032 x12:00000002
16488075ns          303783 1c009f3c 00c700ab p.sb             x12, 1(x14!)        x14=100014fd x12:00000032 x14:100014fc  PA:100014fc
16488095ns          303784 1c009f40 fe0698e3 bne              x13, x0, -16        x13:00000000
16488115ns          303785 1c009f42 40f706b3 sub              x13, x14, x15       x13=00000001 x14:100014fd x15:100014fc
16488135ns          303786 1c009f46 0146dc63 bge              x13, x20, 24        x13:00000001 x20:ffffffff
16488255ns          303792 1c009f5e 00e006b3 add              x13, x0, x14        x13=100014fd x14:100014fd
16488316ns          303795 1c009f60 fe068fab p.sb             x0, -1(x13!)        x13=100014fc x13:100014fd  PA:100014fd
16488356ns          303797 1c009f64 00d7fc63 bgeu             x15, x13, 24        x15:100014fc x13:100014fc
16488456ns          303802 1c009f7c 01412783 lw               x15, 20(x2)         x15=00000000  x2:100014d8  PA:100014ec
16488476ns          303803 1c009f7e 01812603 lw               x12, 24(x2)         x12=00000000  x2:100014d8  PA:100014f0
16488536ns          303806 1c009f80 419704b3 sub              x9, x14, x25         x9=00000001 x14:100014fd x25:100014fc
16488576ns          303808 1c009f84 00c7e7b3 or               x15, x15, x12       x15=00000000 x15:00000000 x12:00000000
16488597ns          303809 1c009f86 00f12623 sw               x15, 12(x2)         x15:00000000  x2:100014d8  PA:100014e4
16488637ns          303811 1c009f88 00079363 bne              x15, x0, 6          x15:00000000
16488657ns          303812 1c009f8a 01f5d593 srli             x11, x11, 0x1f      x11=00000000 x11:00000002
16488677ns          303813 1c009f8c 00b12623 sw               x11, 12(x2)         x11:00000000  x2:100014d8  PA:100014e4
16488697ns          303814 1c009f8e e3fa28e3 p.beqimm         x20, -464           x20:ffffffff
16488877ns          303823 1c009dbe 0c800793 addi             x15, x0, 200        x15=000000c8
16488918ns          303825 1c009dc2 9e97d0e3 bge              x15, x9, -1568      x15:000000c8  x9:00000001
16489058ns          303832 1c0097a2 0f24d163 bge              x9, x18, 226         x9:00000001 x18:00000000
16489158ns          303837 1c009884 d00482e3 beq              x9, x0, -764         x9:00000001
16489199ns          303839 1c009888 01900933 add              x18, x0, x25        x18=100014fc x25:100014fc
16489219ns          303840 1c00988a 419d8db3 sub              x27, x27, x25       x27=efffeb1b x27:00000017 x25:100014fc
16489239ns          303841 1c00988e 00a0006f jal              x0, 10             
16489319ns          303845 1c009898 0019450b p.lbu            x10, 1(x18!)        x10=00000032 x18=100014fd x18:100014fc  PA:100014fc
16489339ns          303846 1c00989c 01a005b3 add              x11, x0, x26        x11=00000002 x26:00000002
16489359ns          303847 1c00989e 000b00e7 jalr             x1, x22, 0           x1=1c0098a0 x22:1c0094a6
16489479ns          303853 1c0094a6 000026b7 lui              x13, 0x2000         x13=00002000
16489520ns          303855 1c0094a8 f14027f3 csrrs            x15, x0, 0xf14      x15=00000002
16489540ns          303856 1c0094ac f8068693 addi             x13, x13, -128      x13=00001f80 x13:00002000
16489560ns          303857 1c0094b0 00379713 slli             x14, x15, 0x3       x14=00000010 x15:00000002
16489580ns          303858 1c0094b4 00279793 slli             x15, x15, 0x2       x15=00000008 x15:00000002
16489600ns          303859 1c0094b6 00d7f7b3 and              x15, x15, x13       x15=00000000 x15:00000008 x13:00001f80
16489620ns          303860 1c0094b8 ee873733 p.bclr           x14, x14, 23, 8     x14=00000010 x14:00000010
16489640ns          303861 1c0094bc 1a10f6b7 lui              x13, 0x1a10f000     x13=1a10f000
16489680ns          303863 1c0094c0 0ff57513 andi             x10, x10, 255       x10=00000032 x10:00000032
16489720ns          303865 1c0094c4 00d70733 add              x14, x14, x13       x14=1a10f010 x14:00000010 x13:1a10f000
16489740ns          303866 1c0094c6 00a7e723 p.sw             x10, x0(x15)        x10:00000032 x15:00000000  PA:1a10f010
16490162ns          303887 1c0094ca 00000513 addi             x10, x0, 0          x10=00000000
16490182ns          303888 1c0094cc 00008067 jalr             x0, x1, 0            x1:1c0098a0
16490222ns          303890 1c0098a0 fff48493 addi             x9, x9, -1           x9=00000000  x9:00000001
16490242ns          303891 1c0098a2 fff537e3 p.bneimm         x10, -18            x10:00000000
16490302ns          303894 1c009890 012d8733 add              x14, x27, x18       x14=00000018 x27:efffeb1b x18:100014fd
16490322ns          303895 1c009894 5a048b63 beq              x9, x0, 1462         x9:00000000
16490422ns          303900 1c009e4a 00e00db3 add              x27, x0, x14        x27=00000018 x14:00000018
16490463ns          303902 1c009e4c f3cff06f jal              x0, -2244          
16490603ns          303909 1c009588 00044503 lbu              x10, 0(x8)          x10=0000000a  x8:1c00010d  PA:1c00010d
16490924ns          303925 1c00958c 00140413 addi             x8, x8, 1            x8=1c00010e  x8:1c00010d
16490944ns          303926 1c00958e 00050e63 beq              x10, x0, 28         x10:0000000a
16490964ns          303927 1c009590 02500793 addi             x15, x0, 37         x15=00000025
16490984ns          303928 1c009594 04f50863 beq              x10, x15, 80        x10:0000000a x15:00000025
16491004ns          303929 1c009598 01a005b3 add              x11, x0, x26        x11=00000002 x26:00000002
16491024ns          303930 1c00959a 000b00e7 jalr             x1, x22, 0           x1=1c00959c x22:1c0094a6
16491145ns          303936 1c0094a6 000026b7 lui              x13, 0x2000         x13=00002000
16491185ns          303938 1c0094a8 f14027f3 csrrs            x15, x0, 0xf14      x15=00000002
16491205ns          303939 1c0094ac f8068693 addi             x13, x13, -128      x13=00001f80 x13:00002000
16491225ns          303940 1c0094b0 00379713 slli             x14, x15, 0x3       x14=00000010 x15:00000002
16491245ns          303941 1c0094b4 00279793 slli             x15, x15, 0x2       x15=00000008 x15:00000002
16491265ns          303942 1c0094b6 00d7f7b3 and              x15, x15, x13       x15=00000000 x15:00000008 x13:00001f80
16491285ns          303943 1c0094b8 ee873733 p.bclr           x14, x14, 23, 8     x14=00000010 x14:00000010
16491305ns          303944 1c0094bc 1a10f6b7 lui              x13, 0x1a10f000     x13=1a10f000
16491325ns          303945 1c0094c0 0ff57513 andi             x10, x10, 255       x10=0000000a x10:0000000a
16491346ns          303946 1c0094c4 00d70733 add              x14, x14, x13       x14=1a10f010 x14:00000010 x13:1a10f000
16491366ns          303947 1c0094c6 00a7e723 p.sw             x10, x0(x15)        x10:0000000a x15:00000000  PA:1a10f010
16491707ns          303964 1c0094ca 00000513 addi             x10, x0, 0          x10=00000000
16491727ns          303965 1c0094cc 00008067 jalr             x0, x1, 0            x1:1c00959c
16491767ns          303967 1c00959c 31f52563 p.beqimm         x10, 778            x10:00000000
16491787ns          303968 1c0095a0 001d8d93 addi             x27, x27, 1         x27=00000019 x27:00000018
16491807ns          303969 1c0095a2 00044503 lbu              x10, 0(x8)          x10=00000000  x8:1c00010e  PA:1c00010e
16492108ns          303984 1c0095a6 00140413 addi             x8, x8, 1            x8=1c00010f  x8:1c00010e
16492128ns          303985 1c0095a8 fe0514e3 bne              x10, x0, -24        x10:00000000
16492148ns          303986 1c0095aa 01b00433 add              x8, x0, x27          x8=00000019 x27:00000019
16492168ns          303987 1c0095ac 00800533 add              x10, x0, x8         x10=00000019  x8:00000019
16492188ns          303988 1c0095ae 12c12083 lw               x1, 300(x2)          x1=1c00953a  x2:100014d8  PA:10001604
16492208ns          303989 1c0095b2 12812403 lw               x8, 296(x2)          x8=421494d2  x2:100014d8  PA:10001600
16492228ns          303990 1c0095b6 12412483 lw               x9, 292(x2)          x9=0000002c  x2:100014d8  PA:100015fc
16492248ns          303991 1c0095ba 12012903 lw               x18, 288(x2)        x18=42149471  x2:100014d8  PA:100015f8
16492309ns          303994 1c0095be 11c12983 lw               x19, 284(x2)        x19=42149534  x2:100014d8  PA:100015f4
16492349ns          303996 1c0095c2 11812a03 lw               x20, 280(x2)        x20=00000008  x2:100014d8  PA:100015f0
16492369ns          303997 1c0095c6 11412a83 lw               x21, 276(x2)        x21=4239259f  x2:100014d8  PA:100015ec
16492389ns          303998 1c0095ca 11012b03 lw               x22, 272(x2)        x22=xxxxxxxx  x2:100014d8  PA:100015e8
16492449ns          304001 1c0095ce 10c12b83 lw               x23, 268(x2)        x23=xxxxxxxx  x2:100014d8  PA:100015e4
16492489ns          304003 1c0095d2 10812c03 lw               x24, 264(x2)        x24=xxxxxxxx  x2:100014d8  PA:100015e0
16492509ns          304004 1c0095d6 10412c83 lw               x25, 260(x2)        x25=xxxxxxxx  x2:100014d8  PA:100015dc
16492529ns          304005 1c0095da 10012d03 lw               x26, 256(x2)        x26=xxxxxxxx  x2:100014d8  PA:100015d8
16492549ns          304006 1c0095de 0fc12d83 lw               x27, 252(x2)        x27=xxxxxxxx  x2:100014d8  PA:100015d4
16492590ns          304008 1c0095e0 13010113 addi             x2, x2, 304          x2=10001608  x2:100014d8
16492610ns          304009 1c0095e2 00008067 jalr             x0, x1, 0            x1:1c00953a
16492690ns          304013 1c00953a 01c12083 lw               x1, 28(x2)           x1=1c008b26  x2:10001608  PA:10001624
16492730ns          304015 1c00953c 04010113 addi             x2, x2, 64           x2=10001648  x2:10001608
16492750ns          304016 1c00953e 00008067 jalr             x0, x1, 0            x1:1c008b26
16492870ns          304022 1c008b26 00100513 addi             x10, x0, 1          x10=00000001
16492911ns          304024 1c008b28 00154513 xori             x10, x10, 1         x10=00000000 x10:00000001
16492931ns          304025 1c008b2c 0280006f jal              x0, 40             
16493071ns          304032 1c008b54 1ac12083 lw               x1, 428(x2)          x1=1c00a7d8  x2:10001648  PA:100017f4
16493111ns          304034 1c008b58 1a812403 lw               x8, 424(x2)          x8=xxxxxxxx  x2:10001648  PA:100017f0
16493131ns          304035 1c008b5c 1a412483 lw               x9, 420(x2)          x9=xxxxxxxx  x2:10001648  PA:100017ec
16493492ns          304053 1c008b60 1a012903 lw               x18, 416(x2)        x18=xxxxxxxx  x2:10001648  PA:100017e8
16493533ns          304055 1c008b64 19c12983 lw               x19, 412(x2)        x19=xxxxxxxx  x2:10001648  PA:100017e4
16493553ns          304056 1c008b68 19812a03 lw               x20, 408(x2)        x20=xxxxxxxx  x2:10001648  PA:100017e0
16493573ns          304057 1c008b6c 19412a83 lw               x21, 404(x2)        x21=xxxxxxxx  x2:10001648  PA:100017dc
16494034ns          304080 1c008b70 19012b03 lw               x22, 400(x2)        x22=xxxxxxxx  x2:10001648  PA:100017d8
16494074ns          304082 1c008b74 1b010113 addi             x2, x2, 432          x2=100017f8  x2:10001648
16494094ns          304083 1c008b76 00008067 jalr             x0, x1, 0            x1:1c00a7d8
16494536ns          304105 1c00a7d8 f14027f3 csrrs            x15, x0, 0xf14      x15=00000002
16494576ns          304107 1c00a7dc f457b7b3 p.bclr           x15, x15, 26, 5     x15=00000002 x15:00000002
16495017ns          304129 1c00a7e0 00079963 bne              x15, x0, 18         x15:00000002
16495599ns          304158 1c00a7f2 002047b7 lui              x15, 0x204000       x15=00204000
16495619ns          304159 1c00a7f6 fff00713 addi             x14, x0, -1         x14=ffffffff
16495639ns          304160 1c00a7f8 00e7a223 sw               x14, 4(x15)         x14:ffffffff x15:00204000  PA:00204004
