                Time          Cycles PC       Instr    Mnemonic
15448174ns          251573 1c008080 0640006f jal              x0, 100            
15448631ns          251596 1c0080e4 f1402573 csrrs            x10, x0, 0xf14      x10=00000003
15448671ns          251598 1c0080e8 01f57593 andi             x11, x10, 31        x11=00000003 x10:00000003
15448691ns          251599 1c0080ec 00555513 srli             x10, x10, 0x5       x10=00000000 x10:00000003
15448711ns          251600 1c0080ee 01f00613 addi             x12, x0, 31         x12=0000001f
15449128ns          251621 1c0080f0 00c50463 beq              x10, x12, 8         x10:00000000 x12:0000001f
15449168ns          251623 1c0080f4 fa1ff06f jal              x0, -96            
15449645ns          251647 1c008094 f3ff8117 auipc            x2, 0xf3ff8000       x2=10000094
15449685ns          251649 1c008098 f7010113 addi             x2, x2, -144         x2=10000004  x2:10000094
15449705ns          251650 1c00809c 00012103 lw               x2, 0(x2)            x2=10000008  x2:10000004  PA:10000004
15450143ns          251672 1c0080a0 000011b7 lui              x3, 0x1000           x3=00001000
15450182ns          251674 1c0080a4 80018193 addi             x3, x3, -2048        x3=00000800  x3:00001000
15450202ns          251675 1c0080a8 00158593 addi             x11, x11, 1         x11=00000004 x11:00000003
15450222ns          251676 1c0080ac 02b180b3 mul              x1, x3, x11          x1=00002000  x3:00000800 x11:00000004
15450660ns          251698 1c0080b0 00110133 add              x2, x2, x1           x2=10002008  x2:10000008  x1:00002000
15450700ns          251700 1c0080b4 6fe0206f jal              x0, 9982           
15451157ns          251723 1c00a7b2 ff010113 addi             x2, x2, -16          x2=10001ff8  x2:10002008
15451197ns          251725 1c00a7b4 00112623 sw               x1, 12(x2)           x1:00002000  x2:10001ff8  PA:10002004
15451217ns          251726 1c00a7b6 002047b7 lui              x15, 0x204000       x15=00204000
15451237ns          251727 1c00a7ba 00070737 lui              x14, 0x70000        x14=00070000
15451257ns          251728 1c00a7be 00e7a423 sw               x14, 8(x15)         x14:00070000 x15:00204000  PA:00204008
15451674ns          251749 1c00a7c0 00f00713 addi             x14, x0, 15         x14=0000000f
15451714ns          251751 1c00a7c2 20078793 addi             x15, x15, 512       x15=00204200 x15:00204000
15451734ns          251752 1c00a7c6 00e7a023 sw               x14, 0(x15)         x14:0000000f x15:00204200  PA:00204200
15451774ns          251754 1c00a7ca 00e7a623 sw               x14, 12(x15)        x14:0000000f x15:00204200  PA:0020420c
15452211ns          251776 1c00a7ce 1c0017b7 lui              x15, 0x1c001000     x15=1c001000
15452251ns          251778 1c00a7d2 b647a783 lw               x15, -1180(x15)     x15=1c008816 x15:1c001000  PA:1c000b64
15452709ns          251801 1c00a7d6 000780e7 jalr             x1, x15, 0           x1=1c00a7d8 x15:1c008816
15453206ns          251826 1c008816 e5010113 addi             x2, x2, -432         x2=10001e48  x2:10001ff8
15453246ns          251828 1c008818 1a912223 sw               x9, 420(x2)          x9:xxxxxxxx  x2:10001e48  PA:10001fec
15453266ns          251829 1c00881c 1a112623 sw               x1, 428(x2)          x1:1c00a7d8  x2:10001e48  PA:10001ff4
15453703ns          251851 1c008820 f14024f3 csrrs            x9, x0, 0xf14        x9=00000003
15453743ns          251853 1c008824 1a812423 sw               x8, 424(x2)          x8:xxxxxxxx  x2:10001e48  PA:10001ff0
15453763ns          251854 1c008828 1b212023 sw               x18, 416(x2)        x18:xxxxxxxx  x2:10001e48  PA:10001fe8
15453783ns          251855 1c00882c 19312e23 sw               x19, 412(x2)        x19:xxxxxxxx  x2:10001e48  PA:10001fe4
15454220ns          251877 1c008830 19412c23 sw               x20, 408(x2)        x20:xxxxxxxx  x2:10001e48  PA:10001fe0
15454260ns          251879 1c008834 19512a23 sw               x21, 404(x2)        x21:xxxxxxxx  x2:10001e48  PA:10001fdc
15454280ns          251880 1c008838 19612823 sw               x22, 400(x2)        x22:xxxxxxxx  x2:10001e48  PA:10001fd8
15454300ns          251881 1c00883c ca5497b3 p.extractu       x15, x9, 5, 5       x15=00000000  x9:00000003
15454737ns          251903 1c008840 30079763 bne              x15, x0, 782        x15:00000000
15454777ns          251905 1c008844 f454b4b3 p.bclr           x9, x9, 26, 5        x9=00000003  x9:00000003
15454797ns          251906 1c008848 1c000537 lui              x10, 0x1c000000     x10=1c000000
15454817ns          251907 1c00884c 00900633 add              x12, x0, x9         x12=00000003  x9:00000003
15454837ns          251908 1c00884e 00100593 addi             x11, x0, 1          x11=00000001
15455255ns          251929 1c008850 05c50513 addi             x10, x10, 92        x10=1c00005c x10:1c000000
15455294ns          251931 1c008854 4bf000ef jal              x1, 3262             x1=1c008858
15455752ns          251954 1c009512 fc010113 addi             x2, x2, -64          x2=10001e08  x2:10001e48
15455792ns          251956 1c009514 02410313 addi             x6, x2, 36           x6=10001e2c  x2:10001e08
15455812ns          251957 1c009518 02c12423 sw               x12, 40(x2)         x12:00000003  x2:10001e08  PA:10001e30
15455831ns          251958 1c00951a 00a00633 add              x12, x0, x10        x12=1c00005c x10:1c00005c
15455851ns          251959 1c00951c 1c009537 lui              x10, 0x1c009000     x10=1c009000
15456289ns          251981 1c009520 02b12223 sw               x11, 36(x2)         x11:00000001  x2:10001e08  PA:10001e2c
15456309ns          251982 1c009522 02d12623 sw               x13, 44(x2)         x13:xxxxxxxx  x2:10001e08  PA:10001e34
15456329ns          251983 1c009524 00200593 addi             x11, x0, 2          x11=00000002
15456349ns          251984 1c009526 006006b3 add              x13, x0, x6         x13=10001e2c  x6:10001e2c
15456369ns          251985 1c009528 4a650513 addi             x10, x10, 1190      x10=1c0094a6 x10:1c009000
15456388ns          251986 1c00952c 00112e23 sw               x1, 28(x2)           x1:1c008858  x2:10001e08  PA:10001e24
15456408ns          251987 1c00952e 02e12823 sw               x14, 48(x2)         x14:0000000f  x2:10001e08  PA:10001e38
15456806ns          252007 1c009530 02f12a23 sw               x15, 52(x2)         x15:00000000  x2:10001e08  PA:10001e3c
15456826ns          252008 1c009532 03012c23 sw               x16, 56(x2)         x16:xxxxxxxx  x2:10001e08  PA:10001e40
15456846ns          252009 1c009534 03112e23 sw               x17, 60(x2)         x17:xxxxxxxx  x2:10001e08  PA:10001e44
15456866ns          252010 1c009536 00612623 sw               x6, 12(x2)           x6:10001e2c  x2:10001e08  PA:10001e14
15456886ns          252011 1c009538 fbfff0ef jal              x1, -66              x1=1c00953a
15457781ns          252056 1c0094f6 04a0006f jal              x0, 74             
15457821ns          252058 1c009540 ed010113 addi             x2, x2, -304         x2=10001cd8  x2:10001e08
15457840ns          252059 1c009542 12812423 sw               x8, 296(x2)          x8:xxxxxxxx  x2:10001cd8  PA:10001e00
15457860ns          252060 1c009546 00000413 addi             x8, x0, 0            x8=00000000
15457880ns          252061 1c009548 11612823 sw               x22, 272(x2)        x22:xxxxxxxx  x2:10001cd8  PA:10001de8
15457900ns          252062 1c00954c 11712623 sw               x23, 268(x2)        x23:xxxxxxxx  x2:10001cd8  PA:10001de4
15458318ns          252083 1c009550 11812423 sw               x24, 264(x2)        x24:xxxxxxxx  x2:10001cd8  PA:10001de0
15458358ns          252085 1c009554 11912223 sw               x25, 260(x2)        x25:xxxxxxxx  x2:10001cd8  PA:10001ddc
15458377ns          252086 1c009558 11a12023 sw               x26, 256(x2)        x26:xxxxxxxx  x2:10001cd8  PA:10001dd8
15458397ns          252087 1c00955c 0fb12e23 sw               x27, 252(x2)        x27:xxxxxxxx  x2:10001cd8  PA:10001dd4
15458855ns          252110 1c00955e 12112623 sw               x1, 300(x2)          x1:1c00953a  x2:10001cd8  PA:10001e04
15458875ns          252111 1c009562 00800db3 add              x27, x0, x8         x27=00000000  x8:00000000
15458895ns          252112 1c009564 12912223 sw               x9, 292(x2)          x9:00000003  x2:10001cd8  PA:10001dfc
15458915ns          252113 1c009568 13212023 sw               x18, 288(x2)        x18:xxxxxxxx  x2:10001cd8  PA:10001df8
15458934ns          252114 1c00956c 11312e23 sw               x19, 284(x2)        x19:xxxxxxxx  x2:10001cd8  PA:10001df4
15459372ns          252136 1c009570 11412c23 sw               x20, 280(x2)        x20:xxxxxxxx  x2:10001cd8  PA:10001df0
15459412ns          252138 1c009574 11512a23 sw               x21, 276(x2)        x21:xxxxxxxx  x2:10001cd8  PA:10001dec
15459432ns          252139 1c009578 00a00b33 add              x22, x0, x10        x22=1c0094a6 x10:1c0094a6
15459452ns          252140 1c00957a 00b00d33 add              x26, x0, x11        x26=00000002 x11:00000002
15459471ns          252141 1c00957c 00d00c33 add              x24, x0, x13        x24=10001e2c x13:10001e2c
15459889ns          252162 1c00957e 1c000bb7 lui              x23, 0x1c000000     x23=1c000000
15459929ns          252164 1c009582 02410c93 addi             x25, x2, 36         x25=10001cfc  x2:10001cd8
15459949ns          252165 1c009586 00c00433 add              x8, x0, x12          x8=1c00005c x12:1c00005c
15459969ns          252166 1c009588 00044503 lbu              x10, 0(x8)          x10=00000073  x8:1c00005c  PA:1c00005c
15460367ns          252186 1c00958c 00140413 addi             x8, x8, 1            x8=1c00005d  x8:1c00005c
15460386ns          252187 1c00958e 00050e63 beq              x10, x0, 28         x10:00000073
15460406ns          252188 1c009590 02500793 addi             x15, x0, 37         x15=00000025
15460446ns          252190 1c009594 04f50863 beq              x10, x15, 80        x10:00000073 x15:00000025
15460466ns          252191 1c009598 01a005b3 add              x11, x0, x26        x11=00000002 x26:00000002
15460486ns          252192 1c00959a 000b00e7 jalr             x1, x22, 0           x1=1c00959c x22:1c0094a6
15461441ns          252240 1c0094a6 000026b7 lui              x13, 0x2000         x13=00002000
15461480ns          252242 1c0094a8 f14027f3 csrrs            x15, x0, 0xf14      x15=00000003
15461500ns          252243 1c0094ac f8068693 addi             x13, x13, -128      x13=00001f80 x13:00002000
15461938ns          252265 1c0094b0 00379713 slli             x14, x15, 0x3       x14=00000018 x15:00000003
15461978ns          252267 1c0094b4 00279793 slli             x15, x15, 0x2       x15=0000000c x15:00000003
15461998ns          252268 1c0094b6 00d7f7b3 and              x15, x15, x13       x15=00000000 x15:0000000c x13:00001f80
15462017ns          252269 1c0094b8 ee873733 p.bclr           x14, x14, 23, 8     x14=00000018 x14:00000018
15462037ns          252270 1c0094bc 1a10f6b7 lui              x13, 0x1a10f000     x13=1a10f000
15462455ns          252291 1c0094c0 0ff57513 andi             x10, x10, 255       x10=00000073 x10:00000073
15462495ns          252293 1c0094c4 00d70733 add              x14, x14, x13       x14=1a10f018 x14:00000018 x13:1a10f000
15462515ns          252294 1c0094c6 00a7e723 p.sw             x10, x0(x15)        x10:00000073 x15:00000000  PA:1a10f018
15462992ns          252318 1c0094ca 00000513 addi             x10, x0, 0          x10=00000000
15463012ns          252319 1c0094cc 00008067 jalr             x0, x1, 0            x1:1c00959c
15463052ns          252321 1c00959c 31f52563 p.beqimm         x10, 778            x10:00000000
15463111ns          252324 1c0095a0 001d8d93 addi             x27, x27, 1         x27=00000001 x27:00000000
15463151ns          252326 1c0095a2 00044503 lbu              x10, 0(x8)          x10=00000074  x8:1c00005d  PA:1c00005d
15463549ns          252346 1c0095a6 00140413 addi             x8, x8, 1            x8=1c00005e  x8:1c00005d
15463569ns          252347 1c0095a8 fe0514e3 bne              x10, x0, -24        x10:00000074
15463668ns          252352 1c009590 02500793 addi             x15, x0, 37         x15=00000025
15463688ns          252353 1c009594 04f50863 beq              x10, x15, 80        x10:00000074 x15:00000025
15463708ns          252354 1c009598 01a005b3 add              x11, x0, x26        x11=00000002 x26:00000002
15463728ns          252355 1c00959a 000b00e7 jalr             x1, x22, 0           x1=1c00959c x22:1c0094a6
15463768ns          252357 1c0094a6 000026b7 lui              x13, 0x2000         x13=00002000
15463788ns          252358 1c0094a8 f14027f3 csrrs            x15, x0, 0xf14      x15=00000003
15463808ns          252359 1c0094ac f8068693 addi             x13, x13, -128      x13=00001f80 x13:00002000
15463828ns          252360 1c0094b0 00379713 slli             x14, x15, 0x3       x14=00000018 x15:00000003
15463847ns          252361 1c0094b4 00279793 slli             x15, x15, 0x2       x15=0000000c x15:00000003
15463867ns          252362 1c0094b6 00d7f7b3 and              x15, x15, x13       x15=00000000 x15:0000000c x13:00001f80
15463887ns          252363 1c0094b8 ee873733 p.bclr           x14, x14, 23, 8     x14=00000018 x14:00000018
15463907ns          252364 1c0094bc 1a10f6b7 lui              x13, 0x1a10f000     x13=1a10f000
15463927ns          252365 1c0094c0 0ff57513 andi             x10, x10, 255       x10=00000074 x10:00000074
15463947ns          252366 1c0094c4 00d70733 add              x14, x14, x13       x14=1a10f018 x14:00000018 x13:1a10f000
15463967ns          252367 1c0094c6 00a7e723 p.sw             x10, x0(x15)        x10:00000074 x15:00000000  PA:1a10f018
15464424ns          252390 1c0094ca 00000513 addi             x10, x0, 0          x10=00000000
15464444ns          252391 1c0094cc 00008067 jalr             x0, x1, 0            x1:1c00959c
15464484ns          252393 1c00959c 31f52563 p.beqimm         x10, 778            x10:00000000
15464504ns          252394 1c0095a0 001d8d93 addi             x27, x27, 1         x27=00000002 x27:00000001
15464524ns          252395 1c0095a2 00044503 lbu              x10, 0(x8)          x10=00000061  x8:1c00005e  PA:1c00005e
15464822ns          252410 1c0095a6 00140413 addi             x8, x8, 1            x8=1c00005f  x8:1c00005e
15464842ns          252411 1c0095a8 fe0514e3 bne              x10, x0, -24        x10:00000061
15464902ns          252414 1c009590 02500793 addi             x15, x0, 37         x15=00000025
15464922ns          252415 1c009594 04f50863 beq              x10, x15, 80        x10:00000061 x15:00000025
15464941ns          252416 1c009598 01a005b3 add              x11, x0, x26        x11=00000002 x26:00000002
15464961ns          252417 1c00959a 000b00e7 jalr             x1, x22, 0           x1=1c00959c x22:1c0094a6
15465001ns          252419 1c0094a6 000026b7 lui              x13, 0x2000         x13=00002000
15465021ns          252420 1c0094a8 f14027f3 csrrs            x15, x0, 0xf14      x15=00000003
15465041ns          252421 1c0094ac f8068693 addi             x13, x13, -128      x13=00001f80 x13:00002000
15465061ns          252422 1c0094b0 00379713 slli             x14, x15, 0x3       x14=00000018 x15:00000003
15465081ns          252423 1c0094b4 00279793 slli             x15, x15, 0x2       x15=0000000c x15:00000003
15465101ns          252424 1c0094b6 00d7f7b3 and              x15, x15, x13       x15=00000000 x15:0000000c x13:00001f80
15465120ns          252425 1c0094b8 ee873733 p.bclr           x14, x14, 23, 8     x14=00000018 x14:00000018
15465140ns          252426 1c0094bc 1a10f6b7 lui              x13, 0x1a10f000     x13=1a10f000
15465160ns          252427 1c0094c0 0ff57513 andi             x10, x10, 255       x10=00000061 x10:00000061
15465180ns          252428 1c0094c4 00d70733 add              x14, x14, x13       x14=1a10f018 x14:00000018 x13:1a10f000
15465200ns          252429 1c0094c6 00a7e723 p.sw             x10, x0(x15)        x10:00000061 x15:00000000  PA:1a10f018
15465538ns          252446 1c0094ca 00000513 addi             x10, x0, 0          x10=00000000
15465558ns          252447 1c0094cc 00008067 jalr             x0, x1, 0            x1:1c00959c
15465598ns          252449 1c00959c 31f52563 p.beqimm         x10, 778            x10:00000000
15465618ns          252450 1c0095a0 001d8d93 addi             x27, x27, 1         x27=00000003 x27:00000002
15465638ns          252451 1c0095a2 00044503 lbu              x10, 0(x8)          x10=00000072  x8:1c00005f  PA:1c00005f
15465936ns          252466 1c0095a6 00140413 addi             x8, x8, 1            x8=1c000060  x8:1c00005f
15465956ns          252467 1c0095a8 fe0514e3 bne              x10, x0, -24        x10:00000072
15466016ns          252470 1c009590 02500793 addi             x15, x0, 37         x15=00000025
15466035ns          252471 1c009594 04f50863 beq              x10, x15, 80        x10:00000072 x15:00000025
15466055ns          252472 1c009598 01a005b3 add              x11, x0, x26        x11=00000002 x26:00000002
15466075ns          252473 1c00959a 000b00e7 jalr             x1, x22, 0           x1=1c00959c x22:1c0094a6
15466115ns          252475 1c0094a6 000026b7 lui              x13, 0x2000         x13=00002000
15466135ns          252476 1c0094a8 f14027f3 csrrs            x15, x0, 0xf14      x15=00000003
15466155ns          252477 1c0094ac f8068693 addi             x13, x13, -128      x13=00001f80 x13:00002000
15466175ns          252478 1c0094b0 00379713 slli             x14, x15, 0x3       x14=00000018 x15:00000003
15466195ns          252479 1c0094b4 00279793 slli             x15, x15, 0x2       x15=0000000c x15:00000003
15466214ns          252480 1c0094b6 00d7f7b3 and              x15, x15, x13       x15=00000000 x15:0000000c x13:00001f80
15466234ns          252481 1c0094b8 ee873733 p.bclr           x14, x14, 23, 8     x14=00000018 x14:00000018
15466254ns          252482 1c0094bc 1a10f6b7 lui              x13, 0x1a10f000     x13=1a10f000
15466274ns          252483 1c0094c0 0ff57513 andi             x10, x10, 255       x10=00000072 x10:00000072
15466294ns          252484 1c0094c4 00d70733 add              x14, x14, x13       x14=1a10f018 x14:00000018 x13:1a10f000
15466314ns          252485 1c0094c6 00a7e723 p.sw             x10, x0(x15)        x10:00000072 x15:00000000  PA:1a10f018
15466652ns          252502 1c0094ca 00000513 addi             x10, x0, 0          x10=00000000
15466672ns          252503 1c0094cc 00008067 jalr             x0, x1, 0            x1:1c00959c
15466712ns          252505 1c00959c 31f52563 p.beqimm         x10, 778            x10:00000000
15466732ns          252506 1c0095a0 001d8d93 addi             x27, x27, 1         x27=00000004 x27:00000003
15466751ns          252507 1c0095a2 00044503 lbu              x10, 0(x8)          x10=00000074  x8:1c000060  PA:1c000060
15467050ns          252522 1c0095a6 00140413 addi             x8, x8, 1            x8=1c000061  x8:1c000060
15467070ns          252523 1c0095a8 fe0514e3 bne              x10, x0, -24        x10:00000074
15467129ns          252526 1c009590 02500793 addi             x15, x0, 37         x15=00000025
15467149ns          252527 1c009594 04f50863 beq              x10, x15, 80        x10:00000074 x15:00000025
15467169ns          252528 1c009598 01a005b3 add              x11, x0, x26        x11=00000002 x26:00000002
15467189ns          252529 1c00959a 000b00e7 jalr             x1, x22, 0           x1=1c00959c x22:1c0094a6
15467229ns          252531 1c0094a6 000026b7 lui              x13, 0x2000         x13=00002000
15467249ns          252532 1c0094a8 f14027f3 csrrs            x15, x0, 0xf14      x15=00000003
15467269ns          252533 1c0094ac f8068693 addi             x13, x13, -128      x13=00001f80 x13:00002000
15467289ns          252534 1c0094b0 00379713 slli             x14, x15, 0x3       x14=00000018 x15:00000003
15467308ns          252535 1c0094b4 00279793 slli             x15, x15, 0x2       x15=0000000c x15:00000003
15467328ns          252536 1c0094b6 00d7f7b3 and              x15, x15, x13       x15=00000000 x15:0000000c x13:00001f80
15467348ns          252537 1c0094b8 ee873733 p.bclr           x14, x14, 23, 8     x14=00000018 x14:00000018
15467368ns          252538 1c0094bc 1a10f6b7 lui              x13, 0x1a10f000     x13=1a10f000
15467388ns          252539 1c0094c0 0ff57513 andi             x10, x10, 255       x10=00000074 x10:00000074
15467408ns          252540 1c0094c4 00d70733 add              x14, x14, x13       x14=1a10f018 x14:00000018 x13:1a10f000
15467428ns          252541 1c0094c6 00a7e723 p.sw             x10, x0(x15)        x10:00000074 x15:00000000  PA:1a10f018
15467746ns          252557 1c0094ca 00000513 addi             x10, x0, 0          x10=00000000
15467766ns          252558 1c0094cc 00008067 jalr             x0, x1, 0            x1:1c00959c
15467806ns          252560 1c00959c 31f52563 p.beqimm         x10, 778            x10:00000000
15467826ns          252561 1c0095a0 001d8d93 addi             x27, x27, 1         x27=00000005 x27:00000004
15467845ns          252562 1c0095a2 00044503 lbu              x10, 0(x8)          x10=00000069  x8:1c000061  PA:1c000061
15468144ns          252577 1c0095a6 00140413 addi             x8, x8, 1            x8=1c000062  x8:1c000061
15468164ns          252578 1c0095a8 fe0514e3 bne              x10, x0, -24        x10:00000069
15468223ns          252581 1c009590 02500793 addi             x15, x0, 37         x15=00000025
15468243ns          252582 1c009594 04f50863 beq              x10, x15, 80        x10:00000069 x15:00000025
15468263ns          252583 1c009598 01a005b3 add              x11, x0, x26        x11=00000002 x26:00000002
15468283ns          252584 1c00959a 000b00e7 jalr             x1, x22, 0           x1=1c00959c x22:1c0094a6
15468323ns          252586 1c0094a6 000026b7 lui              x13, 0x2000         x13=00002000
15468343ns          252587 1c0094a8 f14027f3 csrrs            x15, x0, 0xf14      x15=00000003
15468363ns          252588 1c0094ac f8068693 addi             x13, x13, -128      x13=00001f80 x13:00002000
15468383ns          252589 1c0094b0 00379713 slli             x14, x15, 0x3       x14=00000018 x15:00000003
15468402ns          252590 1c0094b4 00279793 slli             x15, x15, 0x2       x15=0000000c x15:00000003
15468422ns          252591 1c0094b6 00d7f7b3 and              x15, x15, x13       x15=00000000 x15:0000000c x13:00001f80
15468442ns          252592 1c0094b8 ee873733 p.bclr           x14, x14, 23, 8     x14=00000018 x14:00000018
15468462ns          252593 1c0094bc 1a10f6b7 lui              x13, 0x1a10f000     x13=1a10f000
15468482ns          252594 1c0094c0 0ff57513 andi             x10, x10, 255       x10=00000069 x10:00000069
15468502ns          252595 1c0094c4 00d70733 add              x14, x14, x13       x14=1a10f018 x14:00000018 x13:1a10f000
15468522ns          252596 1c0094c6 00a7e723 p.sw             x10, x0(x15)        x10:00000069 x15:00000000  PA:1a10f018
15468840ns          252612 1c0094ca 00000513 addi             x10, x0, 0          x10=00000000
15468860ns          252613 1c0094cc 00008067 jalr             x0, x1, 0            x1:1c00959c
15468900ns          252615 1c00959c 31f52563 p.beqimm         x10, 778            x10:00000000
15468920ns          252616 1c0095a0 001d8d93 addi             x27, x27, 1         x27=00000006 x27:00000005
15468939ns          252617 1c0095a2 00044503 lbu              x10, 0(x8)          x10=0000006e  x8:1c000062  PA:1c000062
15469238ns          252632 1c0095a6 00140413 addi             x8, x8, 1            x8=1c000063  x8:1c000062
15469258ns          252633 1c0095a8 fe0514e3 bne              x10, x0, -24        x10:0000006e
15469317ns          252636 1c009590 02500793 addi             x15, x0, 37         x15=00000025
15469337ns          252637 1c009594 04f50863 beq              x10, x15, 80        x10:0000006e x15:00000025
15469357ns          252638 1c009598 01a005b3 add              x11, x0, x26        x11=00000002 x26:00000002
15469377ns          252639 1c00959a 000b00e7 jalr             x1, x22, 0           x1=1c00959c x22:1c0094a6
15469417ns          252641 1c0094a6 000026b7 lui              x13, 0x2000         x13=00002000
15469437ns          252642 1c0094a8 f14027f3 csrrs            x15, x0, 0xf14      x15=00000003
15469457ns          252643 1c0094ac f8068693 addi             x13, x13, -128      x13=00001f80 x13:00002000
15469477ns          252644 1c0094b0 00379713 slli             x14, x15, 0x3       x14=00000018 x15:00000003
15469496ns          252645 1c0094b4 00279793 slli             x15, x15, 0x2       x15=0000000c x15:00000003
15469516ns          252646 1c0094b6 00d7f7b3 and              x15, x15, x13       x15=00000000 x15:0000000c x13:00001f80
15469536ns          252647 1c0094b8 ee873733 p.bclr           x14, x14, 23, 8     x14=00000018 x14:00000018
15469556ns          252648 1c0094bc 1a10f6b7 lui              x13, 0x1a10f000     x13=1a10f000
15469576ns          252649 1c0094c0 0ff57513 andi             x10, x10, 255       x10=0000006e x10:0000006e
15469596ns          252650 1c0094c4 00d70733 add              x14, x14, x13       x14=1a10f018 x14:00000018 x13:1a10f000
15469616ns          252651 1c0094c6 00a7e723 p.sw             x10, x0(x15)        x10:0000006e x15:00000000  PA:1a10f018
15469934ns          252667 1c0094ca 00000513 addi             x10, x0, 0          x10=00000000
15469954ns          252668 1c0094cc 00008067 jalr             x0, x1, 0            x1:1c00959c
15469994ns          252670 1c00959c 31f52563 p.beqimm         x10, 778            x10:00000000
15470014ns          252671 1c0095a0 001d8d93 addi             x27, x27, 1         x27=00000007 x27:00000006
15470033ns          252672 1c0095a2 00044503 lbu              x10, 0(x8)          x10=00000067  x8:1c000063  PA:1c000063
15470332ns          252687 1c0095a6 00140413 addi             x8, x8, 1            x8=1c000064  x8:1c000063
15470352ns          252688 1c0095a8 fe0514e3 bne              x10, x0, -24        x10:00000067
15470411ns          252691 1c009590 02500793 addi             x15, x0, 37         x15=00000025
15470431ns          252692 1c009594 04f50863 beq              x10, x15, 80        x10:00000067 x15:00000025
15470451ns          252693 1c009598 01a005b3 add              x11, x0, x26        x11=00000002 x26:00000002
15470471ns          252694 1c00959a 000b00e7 jalr             x1, x22, 0           x1=1c00959c x22:1c0094a6
15470511ns          252696 1c0094a6 000026b7 lui              x13, 0x2000         x13=00002000
15470531ns          252697 1c0094a8 f14027f3 csrrs            x15, x0, 0xf14      x15=00000003
15470551ns          252698 1c0094ac f8068693 addi             x13, x13, -128      x13=00001f80 x13:00002000
15470571ns          252699 1c0094b0 00379713 slli             x14, x15, 0x3       x14=00000018 x15:00000003
15470590ns          252700 1c0094b4 00279793 slli             x15, x15, 0x2       x15=0000000c x15:00000003
15470610ns          252701 1c0094b6 00d7f7b3 and              x15, x15, x13       x15=00000000 x15:0000000c x13:00001f80
15470630ns          252702 1c0094b8 ee873733 p.bclr           x14, x14, 23, 8     x14=00000018 x14:00000018
15470650ns          252703 1c0094bc 1a10f6b7 lui              x13, 0x1a10f000     x13=1a10f000
15470670ns          252704 1c0094c0 0ff57513 andi             x10, x10, 255       x10=00000067 x10:00000067
15470690ns          252705 1c0094c4 00d70733 add              x14, x14, x13       x14=1a10f018 x14:00000018 x13:1a10f000
15470710ns          252706 1c0094c6 00a7e723 p.sw             x10, x0(x15)        x10:00000067 x15:00000000  PA:1a10f018
15471028ns          252722 1c0094ca 00000513 addi             x10, x0, 0          x10=00000000
15471048ns          252723 1c0094cc 00008067 jalr             x0, x1, 0            x1:1c00959c
15471088ns          252725 1c00959c 31f52563 p.beqimm         x10, 778            x10:00000000
15471108ns          252726 1c0095a0 001d8d93 addi             x27, x27, 1         x27=00000008 x27:00000007
15471127ns          252727 1c0095a2 00044503 lbu              x10, 0(x8)          x10=00000020  x8:1c000064  PA:1c000064
15471426ns          252742 1c0095a6 00140413 addi             x8, x8, 1            x8=1c000065  x8:1c000064
15471446ns          252743 1c0095a8 fe0514e3 bne              x10, x0, -24        x10:00000020
15471505ns          252746 1c009590 02500793 addi             x15, x0, 37         x15=00000025
15471525ns          252747 1c009594 04f50863 beq              x10, x15, 80        x10:00000020 x15:00000025
15471545ns          252748 1c009598 01a005b3 add              x11, x0, x26        x11=00000002 x26:00000002
15471565ns          252749 1c00959a 000b00e7 jalr             x1, x22, 0           x1=1c00959c x22:1c0094a6
15471605ns          252751 1c0094a6 000026b7 lui              x13, 0x2000         x13=00002000
15471625ns          252752 1c0094a8 f14027f3 csrrs            x15, x0, 0xf14      x15=00000003
15471645ns          252753 1c0094ac f8068693 addi             x13, x13, -128      x13=00001f80 x13:00002000
15471664ns          252754 1c0094b0 00379713 slli             x14, x15, 0x3       x14=00000018 x15:00000003
15471684ns          252755 1c0094b4 00279793 slli             x15, x15, 0x2       x15=0000000c x15:00000003
15471704ns          252756 1c0094b6 00d7f7b3 and              x15, x15, x13       x15=00000000 x15:0000000c x13:00001f80
15471724ns          252757 1c0094b8 ee873733 p.bclr           x14, x14, 23, 8     x14=00000018 x14:00000018
15471744ns          252758 1c0094bc 1a10f6b7 lui              x13, 0x1a10f000     x13=1a10f000
15471764ns          252759 1c0094c0 0ff57513 andi             x10, x10, 255       x10=00000020 x10:00000020
15471784ns          252760 1c0094c4 00d70733 add              x14, x14, x13       x14=1a10f018 x14:00000018 x13:1a10f000
15471804ns          252761 1c0094c6 00a7e723 p.sw             x10, x0(x15)        x10:00000020 x15:00000000  PA:1a10f018
15472142ns          252778 1c0094ca 00000513 addi             x10, x0, 0          x10=00000000
15472162ns          252779 1c0094cc 00008067 jalr             x0, x1, 0            x1:1c00959c
15472202ns          252781 1c00959c 31f52563 p.beqimm         x10, 778            x10:00000000
15472221ns          252782 1c0095a0 001d8d93 addi             x27, x27, 1         x27=00000009 x27:00000008
15472241ns          252783 1c0095a2 00044503 lbu              x10, 0(x8)          x10=00000025  x8:1c000065  PA:1c000065
15472540ns          252798 1c0095a6 00140413 addi             x8, x8, 1            x8=1c000066  x8:1c000065
15472560ns          252799 1c0095a8 fe0514e3 bne              x10, x0, -24        x10:00000025
15472619ns          252802 1c009590 02500793 addi             x15, x0, 37         x15=00000025
15472639ns          252803 1c009594 04f50863 beq              x10, x15, 80        x10:00000025 x15:00000025
15472957ns          252819 1c0095e4 00044483 lbu              x9, 0(x8)            x9=00000064  x8:1c000066  PA:1c000066
15473435ns          252843 1c0095e8 02000693 addi             x13, x0, 32         x13=00000020
15473455ns          252844 1c0095ec 00140a93 addi             x21, x8, 1          x21=1c000067  x8:1c000066
15473494ns          252846 1c0095f0 009005b3 add              x11, x0, x9         x11=00000064  x9:00000064
15473534ns          252848 1c0095f2 1ccb8513 addi             x10, x23, 460       x10=1c0001cc x23:1c000000
15473554ns          252849 1c0095f6 00d12823 sw               x13, 16(x2)         x13:00000020  x2:10001cd8  PA:10001ce8
15473574ns          252850 1c0095f8 00012c23 sw               x0, 24(x2)           x2:10001cd8  PA:10001cf0
15473594ns          252851 1c0095fa 00012a23 sw               x0, 20(x2)           x2:10001cd8  PA:10001cec
15473614ns          252852 1c0095fc 00012e23 sw               x0, 28(x2)           x2:10001cd8  PA:10001cf4
15473634ns          252853 1c0095fe 00012623 sw               x0, 12(x2)           x2:10001cd8  PA:10001ce4
15474012ns          252872 1c009600 02300913 addi             x18, x0, 35         x18=00000023
15474051ns          252874 1c009604 02d00a13 addi             x20, x0, 45         x20=0000002d
15474071ns          252875 1c009608 015009b3 add              x19, x0, x21        x19=1c000067 x21:1c000067
15474091ns          252876 1c00960a e1dff0ef jal              x1, -484             x1=1c00960c
15475026ns          252923 1c009426 00054783 lbu              x15, 0(x10)         x15=0000002d x10:1c0001cc  PA:1c0001cc
15475484ns          252946 1c00942a 0ff5f593 andi             x11, x11, 255       x11=00000064 x11:00000064
15475503ns          252947 1c00942e 00b78c63 beq              x15, x11, 24        x15:0000002d x11:00000064
15475523ns          252948 1c009432 00078b63 beq              x15, x0, 22         x15:0000002d
15475543ns          252949 1c009434 00150793 addi             x15, x10, 1         x15=1c0001cd x10:1c0001cc
15475563ns          252950 1c009438 0040006f jal              x0, 4              
15476060ns          252975 1c00943c 00f00533 add              x10, x0, x15        x10=1c0001cd x15:1c0001cd
15476080ns          252976 1c00943e 0017c70b p.lbu            x14, 1(x15!)        x14=0000002b x15=1c0001ce x15:1c0001cd  PA:1c0001cd
15476398ns          252992 1c009442 feb71ce3 bne              x14, x11, -8        x14:0000002b x11:00000064
15476617ns          253003 1c00943a 00070763 beq              x14, x0, 14         x14:0000002b
15476637ns          253004 1c00943c 00f00533 add              x10, x0, x15        x10=1c0001ce x15:1c0001ce
15476657ns          253005 1c00943e 0017c70b p.lbu            x14, 1(x15!)        x14=00000020 x15=1c0001cf x15:1c0001ce  PA:1c0001ce
15476975ns          253021 1c009442 feb71ce3 bne              x14, x11, -8        x14:00000020 x11:00000064
15477035ns          253024 1c00943a 00070763 beq              x14, x0, 14         x14:00000020
15477055ns          253025 1c00943c 00f00533 add              x10, x0, x15        x10=1c0001cf x15:1c0001cf
15477075ns          253026 1c00943e 0017c70b p.lbu            x14, 1(x15!)        x14=00000023 x15=1c0001d0 x15:1c0001cf  PA:1c0001cf
15477413ns          253043 1c009442 feb71ce3 bne              x14, x11, -8        x14:00000023 x11:00000064
15477473ns          253046 1c00943a 00070763 beq              x14, x0, 14         x14:00000023
15477492ns          253047 1c00943c 00f00533 add              x10, x0, x15        x10=1c0001d0 x15:1c0001d0
15477512ns          253048 1c00943e 0017c70b p.lbu            x14, 1(x15!)        x14=00000030 x15=1c0001d1 x15:1c0001d0  PA:1c0001d0
15477831ns          253064 1c009442 feb71ce3 bne              x14, x11, -8        x14:00000030 x11:00000064
15477890ns          253067 1c00943a 00070763 beq              x14, x0, 14         x14:00000030
15477910ns          253068 1c00943c 00f00533 add              x10, x0, x15        x10=1c0001d1 x15:1c0001d1
15477930ns          253069 1c00943e 0017c70b p.lbu            x14, 1(x15!)        x14=00000000 x15=1c0001d2 x15:1c0001d1  PA:1c0001d1
15478248ns          253085 1c009442 feb71ce3 bne              x14, x11, -8        x14:00000000 x11:00000064
15478308ns          253088 1c00943a 00070763 beq              x14, x0, 14         x14:00000000
15478368ns          253091 1c009448 0015b593 sltiu            x11, x11, 1         x11=00000000 x11:00000064
15478388ns          253092 1c00944c 40b005b3 sub              x11, x0, x11        x11=00000000 x11:00000000
15478407ns          253093 1c009450 00b57533 and              x10, x10, x11       x10=00000000 x10:1c0001d1 x11:00000000
15478427ns          253094 1c009452 00008067 jalr             x0, x1, 0            x1:1c00960c
15478467ns          253096 1c00960c 02050a63 beq              x10, x0, 52         x10:00000000
15478726ns          253109 1c009640 02a00613 addi             x12, x0, 42         x12=0000002a
15478765ns          253111 1c009644 2ac48663 beq              x9, x12, 684         x9:00000064 x12:0000002a
15478785ns          253112 1c009648 fd048613 addi             x12, x9, -48        x12=00000034  x9:00000064
15478805ns          253113 1c00964c 00900593 addi             x11, x0, 9          x11=00000009
15478825ns          253114 1c00964e 00000913 addi             x18, x0, 0          x18=00000000
15479243ns          253135 1c009650 28c5f063 bgeu             x11, x12, 640       x11:00000009 x12:00000034
15479283ns          253137 1c009654 02e00693 addi             x13, x0, 46         x13=0000002e
15479303ns          253138 1c009658 fff00a13 addi             x20, x0, -1         x20=ffffffff
15479322ns          253139 1c00965a 2ed48363 beq              x9, x13, 742         x9:00000064 x13:0000002e
15479760ns          253161 1c00965e 1c0007b7 lui              x15, 0x1c000000     x15=1c000000
15479780ns          253162 1c009662 009005b3 add              x11, x0, x9         x11=00000064  x9:00000064
15479800ns          253163 1c009664 1d478513 addi             x10, x15, 468       x10=1c0001d4 x15:1c000000
15479820ns          253164 1c009668 dbfff0ef jal              x1, -578             x1=1c00966a
15479879ns          253167 1c009426 00054783 lbu              x15, 0(x10)         x15=00000068 x10:1c0001d4  PA:1c0001d4
15480178ns          253182 1c00942a 0ff5f593 andi             x11, x11, 255       x11=00000064 x11:00000064
15480198ns          253183 1c00942e 00b78c63 beq              x15, x11, 24        x15:00000068 x11:00000064
15480218ns          253184 1c009432 00078b63 beq              x15, x0, 22         x15:00000068
15480237ns          253185 1c009434 00150793 addi             x15, x10, 1         x15=1c0001d5 x10:1c0001d4
15480257ns          253186 1c009438 0040006f jal              x0, 4              
15480297ns          253188 1c00943c 00f00533 add              x10, x0, x15        x10=1c0001d5 x15:1c0001d5
15480317ns          253189 1c00943e 0017c70b p.lbu            x14, 1(x15!)        x14=0000006c x15=1c0001d6 x15:1c0001d5  PA:1c0001d5
15480635ns          253205 1c009442 feb71ce3 bne              x14, x11, -8        x14:0000006c x11:00000064
15480695ns          253208 1c00943a 00070763 beq              x14, x0, 14         x14:0000006c
15480715ns          253209 1c00943c 00f00533 add              x10, x0, x15        x10=1c0001d6 x15:1c0001d6
15480735ns          253210 1c00943e 0017c70b p.lbu            x14, 1(x15!)        x14=0000004c x15=1c0001d7 x15:1c0001d6  PA:1c0001d6
15481113ns          253229 1c009442 feb71ce3 bne              x14, x11, -8        x14:0000004c x11:00000064
15481172ns          253232 1c00943a 00070763 beq              x14, x0, 14         x14:0000004c
15481192ns          253233 1c00943c 00f00533 add              x10, x0, x15        x10=1c0001d7 x15:1c0001d7
15481212ns          253234 1c00943e 0017c70b p.lbu            x14, 1(x15!)        x14=0000007a x15=1c0001d8 x15:1c0001d7  PA:1c0001d7
15481530ns          253250 1c009442 feb71ce3 bne              x14, x11, -8        x14:0000007a x11:00000064
15481590ns          253253 1c00943a 00070763 beq              x14, x0, 14         x14:0000007a
15481610ns          253254 1c00943c 00f00533 add              x10, x0, x15        x10=1c0001d8 x15:1c0001d8
15481630ns          253255 1c00943e 0017c70b p.lbu            x14, 1(x15!)        x14=00000000 x15=1c0001d9 x15:1c0001d8  PA:1c0001d8
15481948ns          253271 1c009442 feb71ce3 bne              x14, x11, -8        x14:00000000 x11:00000064
15482008ns          253274 1c00943a 00070763 beq              x14, x0, 14         x14:00000000
15482067ns          253277 1c009448 0015b593 sltiu            x11, x11, 1         x11=00000000 x11:00000064
15482087ns          253278 1c00944c 40b005b3 sub              x11, x0, x11        x11=00000000 x11:00000000
15482107ns          253279 1c009450 00b57533 and              x10, x10, x11       x10=00000000 x10:1c0001d8 x11:00000000
15482127ns          253280 1c009452 00008067 jalr             x0, x1, 0            x1:1c00966a
15482167ns          253282 1c00966a 01300433 add              x8, x0, x19          x8=1c000067 x19:1c000067
15482187ns          253283 1c00966c 00050563 beq              x10, x0, 10         x10:00000000
15482664ns          253307 1c009676 06700693 addi             x13, x0, 103        x13=00000067
15482684ns          253308 1c00967a 2896d963 bge              x13, x9, 658        x13:00000067  x9:00000064
15483619ns          253355 1c00990c 06500693 addi             x13, x0, 101        x13=00000065
15484096ns          253379 1c009910 12d4d563 bge              x9, x13, 298         x9:00000064 x13:00000065
15484136ns          253381 1c009914 04700693 addi             x13, x0, 71         x13=00000047
15484156ns          253382 1c009918 dc96cbe3 blt              x13, x9, -554       x13:00000047  x9:00000064
15485588ns          253454 1c0096ee 06300693 addi             x13, x0, 99         x13=00000063
15485628ns          253456 1c0096f2 0ad488e3 beq              x9, x13, 2224        x9:00000064 x13:00000063
15485648ns          253457 1c0096f6 0096c9e3 blt              x13, x9, 2066       x13:00000063  x9:00000064
15486602ns          253505 1c009f08 000c2583 lw               x11, 0(x24)         x11=00000001 x24:10001e2c  PA:10001e2c
15486642ns          253507 1c009f0c 004c0c13 addi             x24, x24, 4         x24=10001e30 x24:10001e2c
15487080ns          253529 1c009f0e 3405cc63 blt              x11, x0, 856        x11:00000001
15487100ns          253530 1c009f12 01412603 lw               x12, 20(x2)         x12=00000000  x2:10001cd8  PA:10001cec
15487120ns          253531 1c009f14 00b006b3 add              x13, x0, x11        x13=00000001 x11:00000001
15487140ns          253532 1c009f16 2e061863 bne              x12, x0, 752        x12:00000000
15487159ns          253533 1c009f1a 01812703 lw               x14, 24(x2)         x14=00000000  x2:10001cd8  PA:10001cf0
15487179ns          253534 1c009f1c 019007b3 add              x15, x0, x25        x15=10001cfc x25:10001cfc
15487199ns          253535 1c009f1e 00070763 beq              x14, x0, 14         x14:00000000
15487637ns          253557 1c009f2c 00f00733 add              x14, x0, x15        x14=10001cfc x15:10001cfc
15487657ns          253558 1c009f2e 00a00513 addi             x10, x0, 10         x10=0000000a
15488094ns          253580 1c009f30 02a6f633 remu             x12, x13, x10       x12=00000001 x13:00000001 x10:0000000a
15488731ns          253612 1c009f34 02a6d6b3 divu             x13, x13, x10       x13=00000000 x13:00000001 x10:0000000a
15489347ns          253643 1c009f38 03060613 addi             x12, x12, 48        x12=00000031 x12:00000001
15489367ns          253644 1c009f3c 00c700ab p.sb             x12, 1(x14!)        x14=10001cfd x12:00000031 x14:10001cfc  PA:10001cfc
15489387ns          253645 1c009f40 fe0698e3 bne              x13, x0, -16        x13:00000000
15489407ns          253646 1c009f42 40f706b3 sub              x13, x14, x15       x13=00000001 x14:10001cfd x15:10001cfc
15489427ns          253647 1c009f46 0146dc63 bge              x13, x20, 24        x13:00000001 x20:ffffffff
15489924ns          253672 1c009f5e 00e006b3 add              x13, x0, x14        x13=10001cfd x14:10001cfd
15490362ns          253694 1c009f60 fe068fab p.sb             x0, -1(x13!)        x13=10001cfc x13:10001cfd  PA:10001cfd
15490402ns          253696 1c009f64 00d7fc63 bgeu             x15, x13, 24        x15:10001cfc x13:10001cfc
15490899ns          253721 1c009f7c 01412783 lw               x15, 20(x2)         x15=00000000  x2:10001cd8  PA:10001cec
15490919ns          253722 1c009f7e 01812603 lw               x12, 24(x2)         x12=00000000  x2:10001cd8  PA:10001cf0
15491356ns          253744 1c009f80 419704b3 sub              x9, x14, x25         x9=00000001 x14:10001cfd x25:10001cfc
15491396ns          253746 1c009f84 00c7e7b3 or               x15, x15, x12       x15=00000000 x15:00000000 x12:00000000
15491416ns          253747 1c009f86 00f12623 sw               x15, 12(x2)         x15:00000000  x2:10001cd8  PA:10001ce4
15491436ns          253748 1c009f88 00079363 bne              x15, x0, 6          x15:00000000
15491456ns          253749 1c009f8a 01f5d593 srli             x11, x11, 0x1f      x11=00000000 x11:00000001
15491476ns          253750 1c009f8c 00b12623 sw               x11, 12(x2)         x11:00000000  x2:10001cd8  PA:10001ce4
15491873ns          253770 1c009f8e e3fa28e3 p.beqimm         x20, -464           x20:ffffffff
15492808ns          253817 1c009dbe 0c800793 addi             x15, x0, 200        x15=000000c8
15492848ns          253819 1c009dc2 9e97d0e3 bge              x15, x9, -1568      x15:000000c8  x9:00000001
15493365ns          253845 1c0097a2 0f24d163 bge              x9, x18, 226         x9:00000001 x18:00000000
15493843ns          253869 1c009884 d00482e3 beq              x9, x0, -764         x9:00000001
15493882ns          253871 1c009888 01900933 add              x18, x0, x25        x18=10001cfc x25:10001cfc
15493902ns          253872 1c00988a 419d8db3 sub              x27, x27, x25       x27=efffe30d x27:00000009 x25:10001cfc
15493922ns          253873 1c00988e 00a0006f jal              x0, 10             
15494380ns          253896 1c009898 0019450b p.lbu            x10, 1(x18!)        x10=00000031 x18=10001cfd x18:10001cfc  PA:10001cfc
15494400ns          253897 1c00989c 01a005b3 add              x11, x0, x26        x11=00000002 x26:00000002
15494420ns          253898 1c00989e 000b00e7 jalr             x1, x22, 0           x1=1c0098a0 x22:1c0094a6
15494937ns          253924 1c0094a6 000026b7 lui              x13, 0x2000         x13=00002000
15494976ns          253926 1c0094a8 f14027f3 csrrs            x15, x0, 0xf14      x15=00000003
15494996ns          253927 1c0094ac f8068693 addi             x13, x13, -128      x13=00001f80 x13:00002000
15495016ns          253928 1c0094b0 00379713 slli             x14, x15, 0x3       x14=00000018 x15:00000003
15495036ns          253929 1c0094b4 00279793 slli             x15, x15, 0x2       x15=0000000c x15:00000003
15495056ns          253930 1c0094b6 00d7f7b3 and              x15, x15, x13       x15=00000000 x15:0000000c x13:00001f80
15495076ns          253931 1c0094b8 ee873733 p.bclr           x14, x14, 23, 8     x14=00000018 x14:00000018
15495096ns          253932 1c0094bc 1a10f6b7 lui              x13, 0x1a10f000     x13=1a10f000
15495116ns          253933 1c0094c0 0ff57513 andi             x10, x10, 255       x10=00000031 x10:00000031
15495136ns          253934 1c0094c4 00d70733 add              x14, x14, x13       x14=1a10f018 x14:00000018 x13:1a10f000
15495155ns          253935 1c0094c6 00a7e723 p.sw             x10, x0(x15)        x10:00000031 x15:00000000  PA:1a10f018
15495653ns          253960 1c0094ca 00000513 addi             x10, x0, 0          x10=00000000
15495673ns          253961 1c0094cc 00008067 jalr             x0, x1, 0            x1:1c0098a0
15495712ns          253963 1c0098a0 fff48493 addi             x9, x9, -1           x9=00000000  x9:00000001
15495732ns          253964 1c0098a2 fff537e3 p.bneimm         x10, -18            x10:00000000
15495792ns          253967 1c009890 012d8733 add              x14, x27, x18       x14=0000000a x27:efffe30d x18:10001cfd
15495812ns          253968 1c009894 5a048b63 beq              x9, x0, 1462         x9:00000000
15496170ns          253986 1c009e4a 00e00db3 add              x27, x0, x14        x27=0000000a x14:0000000a
15496210ns          253988 1c009e4c f3cff06f jal              x0, -2244          
15496727ns          254014 1c009588 00044503 lbu              x10, 0(x8)          x10=00000020  x8:1c000067  PA:1c000067
15497045ns          254030 1c00958c 00140413 addi             x8, x8, 1            x8=1c000068  x8:1c000067
15497065ns          254031 1c00958e 00050e63 beq              x10, x0, 28         x10:00000020
15497085ns          254032 1c009590 02500793 addi             x15, x0, 37         x15=00000025
15497105ns          254033 1c009594 04f50863 beq              x10, x15, 80        x10:00000020 x15:00000025
15497125ns          254034 1c009598 01a005b3 add              x11, x0, x26        x11=00000002 x26:00000002
15497145ns          254035 1c00959a 000b00e7 jalr             x1, x22, 0           x1=1c00959c x22:1c0094a6
15497224ns          254039 1c0094a6 000026b7 lui              x13, 0x2000         x13=00002000
15497244ns          254040 1c0094a8 f14027f3 csrrs            x15, x0, 0xf14      x15=00000003
15497264ns          254041 1c0094ac f8068693 addi             x13, x13, -128      x13=00001f80 x13:00002000
15497284ns          254042 1c0094b0 00379713 slli             x14, x15, 0x3       x14=00000018 x15:00000003
15497304ns          254043 1c0094b4 00279793 slli             x15, x15, 0x2       x15=0000000c x15:00000003
15497324ns          254044 1c0094b6 00d7f7b3 and              x15, x15, x13       x15=00000000 x15:0000000c x13:00001f80
15497343ns          254045 1c0094b8 ee873733 p.bclr           x14, x14, 23, 8     x14=00000018 x14:00000018
15497363ns          254046 1c0094bc 1a10f6b7 lui              x13, 0x1a10f000     x13=1a10f000
15497383ns          254047 1c0094c0 0ff57513 andi             x10, x10, 255       x10=00000020 x10:00000020
15497403ns          254048 1c0094c4 00d70733 add              x14, x14, x13       x14=1a10f018 x14:00000018 x13:1a10f000
15497423ns          254049 1c0094c6 00a7e723 p.sw             x10, x0(x15)        x10:00000020 x15:00000000  PA:1a10f018
15497881ns          254072 1c0094ca 00000513 addi             x10, x0, 0          x10=00000000
15497900ns          254073 1c0094cc 00008067 jalr             x0, x1, 0            x1:1c00959c
15497940ns          254075 1c00959c 31f52563 p.beqimm         x10, 778            x10:00000000
15497960ns          254076 1c0095a0 001d8d93 addi             x27, x27, 1         x27=0000000b x27:0000000a
15497980ns          254077 1c0095a2 00044503 lbu              x10, 0(x8)          x10=0000006b  x8:1c000068  PA:1c000068
15498278ns          254092 1c0095a6 00140413 addi             x8, x8, 1            x8=1c000069  x8:1c000068
15498298ns          254093 1c0095a8 fe0514e3 bne              x10, x0, -24        x10:0000006b
15498358ns          254096 1c009590 02500793 addi             x15, x0, 37         x15=00000025
15498378ns          254097 1c009594 04f50863 beq              x10, x15, 80        x10:0000006b x15:00000025
15498398ns          254098 1c009598 01a005b3 add              x11, x0, x26        x11=00000002 x26:00000002
15498418ns          254099 1c00959a 000b00e7 jalr             x1, x22, 0           x1=1c00959c x22:1c0094a6
15498457ns          254101 1c0094a6 000026b7 lui              x13, 0x2000         x13=00002000
15498477ns          254102 1c0094a8 f14027f3 csrrs            x15, x0, 0xf14      x15=00000003
15498497ns          254103 1c0094ac f8068693 addi             x13, x13, -128      x13=00001f80 x13:00002000
15498517ns          254104 1c0094b0 00379713 slli             x14, x15, 0x3       x14=00000018 x15:00000003
15498537ns          254105 1c0094b4 00279793 slli             x15, x15, 0x2       x15=0000000c x15:00000003
15498557ns          254106 1c0094b6 00d7f7b3 and              x15, x15, x13       x15=00000000 x15:0000000c x13:00001f80
15498577ns          254107 1c0094b8 ee873733 p.bclr           x14, x14, 23, 8     x14=00000018 x14:00000018
15498597ns          254108 1c0094bc 1a10f6b7 lui              x13, 0x1a10f000     x13=1a10f000
15498616ns          254109 1c0094c0 0ff57513 andi             x10, x10, 255       x10=0000006b x10:0000006b
15498636ns          254110 1c0094c4 00d70733 add              x14, x14, x13       x14=1a10f018 x14:00000018 x13:1a10f000
15498656ns          254111 1c0094c6 00a7e723 p.sw             x10, x0(x15)        x10:0000006b x15:00000000  PA:1a10f018
15498974ns          254127 1c0094ca 00000513 addi             x10, x0, 0          x10=00000000
15498994ns          254128 1c0094cc 00008067 jalr             x0, x1, 0            x1:1c00959c
15499034ns          254130 1c00959c 31f52563 p.beqimm         x10, 778            x10:00000000
15499054ns          254131 1c0095a0 001d8d93 addi             x27, x27, 1         x27=0000000c x27:0000000b
15499074ns          254132 1c0095a2 00044503 lbu              x10, 0(x8)          x10=00000065  x8:1c000069  PA:1c000069
15499372ns          254147 1c0095a6 00140413 addi             x8, x8, 1            x8=1c00006a  x8:1c000069
15499392ns          254148 1c0095a8 fe0514e3 bne              x10, x0, -24        x10:00000065
15499452ns          254151 1c009590 02500793 addi             x15, x0, 37         x15=00000025
15499472ns          254152 1c009594 04f50863 beq              x10, x15, 80        x10:00000065 x15:00000025
15499492ns          254153 1c009598 01a005b3 add              x11, x0, x26        x11=00000002 x26:00000002
15499512ns          254154 1c00959a 000b00e7 jalr             x1, x22, 0           x1=1c00959c x22:1c0094a6
15499551ns          254156 1c0094a6 000026b7 lui              x13, 0x2000         x13=00002000
15499571ns          254157 1c0094a8 f14027f3 csrrs            x15, x0, 0xf14      x15=00000003
15499591ns          254158 1c0094ac f8068693 addi             x13, x13, -128      x13=00001f80 x13:00002000
15499611ns          254159 1c0094b0 00379713 slli             x14, x15, 0x3       x14=00000018 x15:00000003
15499631ns          254160 1c0094b4 00279793 slli             x15, x15, 0x2       x15=0000000c x15:00000003
15499651ns          254161 1c0094b6 00d7f7b3 and              x15, x15, x13       x15=00000000 x15:0000000c x13:00001f80
15499671ns          254162 1c0094b8 ee873733 p.bclr           x14, x14, 23, 8     x14=00000018 x14:00000018
15499691ns          254163 1c0094bc 1a10f6b7 lui              x13, 0x1a10f000     x13=1a10f000
15499710ns          254164 1c0094c0 0ff57513 andi             x10, x10, 255       x10=00000065 x10:00000065
15499730ns          254165 1c0094c4 00d70733 add              x14, x14, x13       x14=1a10f018 x14:00000018 x13:1a10f000
15499750ns          254166 1c0094c6 00a7e723 p.sw             x10, x0(x15)        x10:00000065 x15:00000000  PA:1a10f018
15500108ns          254184 1c0094ca 00000513 addi             x10, x0, 0          x10=00000000
15500128ns          254185 1c0094cc 00008067 jalr             x0, x1, 0            x1:1c00959c
15500168ns          254187 1c00959c 31f52563 p.beqimm         x10, 778            x10:00000000
15500188ns          254188 1c0095a0 001d8d93 addi             x27, x27, 1         x27=0000000d x27:0000000c
15500208ns          254189 1c0095a2 00044503 lbu              x10, 0(x8)          x10=00000072  x8:1c00006a  PA:1c00006a
15500506ns          254204 1c0095a6 00140413 addi             x8, x8, 1            x8=1c00006b  x8:1c00006a
15500526ns          254205 1c0095a8 fe0514e3 bne              x10, x0, -24        x10:00000072
15500586ns          254208 1c009590 02500793 addi             x15, x0, 37         x15=00000025
15500606ns          254209 1c009594 04f50863 beq              x10, x15, 80        x10:00000072 x15:00000025
15500625ns          254210 1c009598 01a005b3 add              x11, x0, x26        x11=00000002 x26:00000002
15500645ns          254211 1c00959a 000b00e7 jalr             x1, x22, 0           x1=1c00959c x22:1c0094a6
15500685ns          254213 1c0094a6 000026b7 lui              x13, 0x2000         x13=00002000
15500705ns          254214 1c0094a8 f14027f3 csrrs            x15, x0, 0xf14      x15=00000003
15500725ns          254215 1c0094ac f8068693 addi             x13, x13, -128      x13=00001f80 x13:00002000
15500745ns          254216 1c0094b0 00379713 slli             x14, x15, 0x3       x14=00000018 x15:00000003
15500765ns          254217 1c0094b4 00279793 slli             x15, x15, 0x2       x15=0000000c x15:00000003
15500785ns          254218 1c0094b6 00d7f7b3 and              x15, x15, x13       x15=00000000 x15:0000000c x13:00001f80
15500804ns          254219 1c0094b8 ee873733 p.bclr           x14, x14, 23, 8     x14=00000018 x14:00000018
15500824ns          254220 1c0094bc 1a10f6b7 lui              x13, 0x1a10f000     x13=1a10f000
15500844ns          254221 1c0094c0 0ff57513 andi             x10, x10, 255       x10=00000072 x10:00000072
15500864ns          254222 1c0094c4 00d70733 add              x14, x14, x13       x14=1a10f018 x14:00000018 x13:1a10f000
15500884ns          254223 1c0094c6 00a7e723 p.sw             x10, x0(x15)        x10:00000072 x15:00000000  PA:1a10f018
15501202ns          254239 1c0094ca 00000513 addi             x10, x0, 0          x10=00000000
15501222ns          254240 1c0094cc 00008067 jalr             x0, x1, 0            x1:1c00959c
15501262ns          254242 1c00959c 31f52563 p.beqimm         x10, 778            x10:00000000
15501282ns          254243 1c0095a0 001d8d93 addi             x27, x27, 1         x27=0000000e x27:0000000d
15501302ns          254244 1c0095a2 00044503 lbu              x10, 0(x8)          x10=0000006e  x8:1c00006b  PA:1c00006b
15501600ns          254259 1c0095a6 00140413 addi             x8, x8, 1            x8=1c00006c  x8:1c00006b
15501620ns          254260 1c0095a8 fe0514e3 bne              x10, x0, -24        x10:0000006e
15501680ns          254263 1c009590 02500793 addi             x15, x0, 37         x15=00000025
15501700ns          254264 1c009594 04f50863 beq              x10, x15, 80        x10:0000006e x15:00000025
15501719ns          254265 1c009598 01a005b3 add              x11, x0, x26        x11=00000002 x26:00000002
15501739ns          254266 1c00959a 000b00e7 jalr             x1, x22, 0           x1=1c00959c x22:1c0094a6
15501779ns          254268 1c0094a6 000026b7 lui              x13, 0x2000         x13=00002000
15501799ns          254269 1c0094a8 f14027f3 csrrs            x15, x0, 0xf14      x15=00000003
15501819ns          254270 1c0094ac f8068693 addi             x13, x13, -128      x13=00001f80 x13:00002000
15501839ns          254271 1c0094b0 00379713 slli             x14, x15, 0x3       x14=00000018 x15:00000003
15501859ns          254272 1c0094b4 00279793 slli             x15, x15, 0x2       x15=0000000c x15:00000003
15501879ns          254273 1c0094b6 00d7f7b3 and              x15, x15, x13       x15=00000000 x15:0000000c x13:00001f80
15501898ns          254274 1c0094b8 ee873733 p.bclr           x14, x14, 23, 8     x14=00000018 x14:00000018
15501918ns          254275 1c0094bc 1a10f6b7 lui              x13, 0x1a10f000     x13=1a10f000
15501938ns          254276 1c0094c0 0ff57513 andi             x10, x10, 255       x10=0000006e x10:0000006e
15501958ns          254277 1c0094c4 00d70733 add              x14, x14, x13       x14=1a10f018 x14:00000018 x13:1a10f000
15501978ns          254278 1c0094c6 00a7e723 p.sw             x10, x0(x15)        x10:0000006e x15:00000000  PA:1a10f018
15502336ns          254296 1c0094ca 00000513 addi             x10, x0, 0          x10=00000000
15502356ns          254297 1c0094cc 00008067 jalr             x0, x1, 0            x1:1c00959c
15502396ns          254299 1c00959c 31f52563 p.beqimm         x10, 778            x10:00000000
15502416ns          254300 1c0095a0 001d8d93 addi             x27, x27, 1         x27=0000000f x27:0000000e
15502435ns          254301 1c0095a2 00044503 lbu              x10, 0(x8)          x10=00000065  x8:1c00006c  PA:1c00006c
15502734ns          254316 1c0095a6 00140413 addi             x8, x8, 1            x8=1c00006d  x8:1c00006c
15502754ns          254317 1c0095a8 fe0514e3 bne              x10, x0, -24        x10:00000065
15502813ns          254320 1c009590 02500793 addi             x15, x0, 37         x15=00000025
15502833ns          254321 1c009594 04f50863 beq              x10, x15, 80        x10:00000065 x15:00000025
15502853ns          254322 1c009598 01a005b3 add              x11, x0, x26        x11=00000002 x26:00000002
15502873ns          254323 1c00959a 000b00e7 jalr             x1, x22, 0           x1=1c00959c x22:1c0094a6
15502913ns          254325 1c0094a6 000026b7 lui              x13, 0x2000         x13=00002000
15502933ns          254326 1c0094a8 f14027f3 csrrs            x15, x0, 0xf14      x15=00000003
15502953ns          254327 1c0094ac f8068693 addi             x13, x13, -128      x13=00001f80 x13:00002000
15502973ns          254328 1c0094b0 00379713 slli             x14, x15, 0x3       x14=00000018 x15:00000003
15502992ns          254329 1c0094b4 00279793 slli             x15, x15, 0x2       x15=0000000c x15:00000003
15503012ns          254330 1c0094b6 00d7f7b3 and              x15, x15, x13       x15=00000000 x15:0000000c x13:00001f80
15503032ns          254331 1c0094b8 ee873733 p.bclr           x14, x14, 23, 8     x14=00000018 x14:00000018
15503052ns          254332 1c0094bc 1a10f6b7 lui              x13, 0x1a10f000     x13=1a10f000
15503072ns          254333 1c0094c0 0ff57513 andi             x10, x10, 255       x10=00000065 x10:00000065
15503092ns          254334 1c0094c4 00d70733 add              x14, x14, x13       x14=1a10f018 x14:00000018 x13:1a10f000
15503112ns          254335 1c0094c6 00a7e723 p.sw             x10, x0(x15)        x10:00000065 x15:00000000  PA:1a10f018
15503450ns          254352 1c0094ca 00000513 addi             x10, x0, 0          x10=00000000
15503470ns          254353 1c0094cc 00008067 jalr             x0, x1, 0            x1:1c00959c
15503510ns          254355 1c00959c 31f52563 p.beqimm         x10, 778            x10:00000000
15503529ns          254356 1c0095a0 001d8d93 addi             x27, x27, 1         x27=00000010 x27:0000000f
15503549ns          254357 1c0095a2 00044503 lbu              x10, 0(x8)          x10=0000006c  x8:1c00006d  PA:1c00006d
15503848ns          254372 1c0095a6 00140413 addi             x8, x8, 1            x8=1c00006e  x8:1c00006d
15503868ns          254373 1c0095a8 fe0514e3 bne              x10, x0, -24        x10:0000006c
15503927ns          254376 1c009590 02500793 addi             x15, x0, 37         x15=00000025
15503947ns          254377 1c009594 04f50863 beq              x10, x15, 80        x10:0000006c x15:00000025
15503967ns          254378 1c009598 01a005b3 add              x11, x0, x26        x11=00000002 x26:00000002
15503987ns          254379 1c00959a 000b00e7 jalr             x1, x22, 0           x1=1c00959c x22:1c0094a6
15504027ns          254381 1c0094a6 000026b7 lui              x13, 0x2000         x13=00002000
15504047ns          254382 1c0094a8 f14027f3 csrrs            x15, x0, 0xf14      x15=00000003
15504067ns          254383 1c0094ac f8068693 addi             x13, x13, -128      x13=00001f80 x13:00002000
15504086ns          254384 1c0094b0 00379713 slli             x14, x15, 0x3       x14=00000018 x15:00000003
15504106ns          254385 1c0094b4 00279793 slli             x15, x15, 0x2       x15=0000000c x15:00000003
15504126ns          254386 1c0094b6 00d7f7b3 and              x15, x15, x13       x15=00000000 x15:0000000c x13:00001f80
15504146ns          254387 1c0094b8 ee873733 p.bclr           x14, x14, 23, 8     x14=00000018 x14:00000018
15504166ns          254388 1c0094bc 1a10f6b7 lui              x13, 0x1a10f000     x13=1a10f000
15504186ns          254389 1c0094c0 0ff57513 andi             x10, x10, 255       x10=0000006c x10:0000006c
15504206ns          254390 1c0094c4 00d70733 add              x14, x14, x13       x14=1a10f018 x14:00000018 x13:1a10f000
15504226ns          254391 1c0094c6 00a7e723 p.sw             x10, x0(x15)        x10:0000006c x15:00000000  PA:1a10f018
15504544ns          254407 1c0094ca 00000513 addi             x10, x0, 0          x10=00000000
15504564ns          254408 1c0094cc 00008067 jalr             x0, x1, 0            x1:1c00959c
15504604ns          254410 1c00959c 31f52563 p.beqimm         x10, 778            x10:00000000
15504623ns          254411 1c0095a0 001d8d93 addi             x27, x27, 1         x27=00000011 x27:00000010
15504643ns          254412 1c0095a2 00044503 lbu              x10, 0(x8)          x10=00000020  x8:1c00006e  PA:1c00006e
15504942ns          254427 1c0095a6 00140413 addi             x8, x8, 1            x8=1c00006f  x8:1c00006e
15504962ns          254428 1c0095a8 fe0514e3 bne              x10, x0, -24        x10:00000020
15505021ns          254431 1c009590 02500793 addi             x15, x0, 37         x15=00000025
15505041ns          254432 1c009594 04f50863 beq              x10, x15, 80        x10:00000020 x15:00000025
15505061ns          254433 1c009598 01a005b3 add              x11, x0, x26        x11=00000002 x26:00000002
15505081ns          254434 1c00959a 000b00e7 jalr             x1, x22, 0           x1=1c00959c x22:1c0094a6
15505121ns          254436 1c0094a6 000026b7 lui              x13, 0x2000         x13=00002000
15505141ns          254437 1c0094a8 f14027f3 csrrs            x15, x0, 0xf14      x15=00000003
15505161ns          254438 1c0094ac f8068693 addi             x13, x13, -128      x13=00001f80 x13:00002000
15505180ns          254439 1c0094b0 00379713 slli             x14, x15, 0x3       x14=00000018 x15:00000003
15505200ns          254440 1c0094b4 00279793 slli             x15, x15, 0x2       x15=0000000c x15:00000003
15505220ns          254441 1c0094b6 00d7f7b3 and              x15, x15, x13       x15=00000000 x15:0000000c x13:00001f80
15505240ns          254442 1c0094b8 ee873733 p.bclr           x14, x14, 23, 8     x14=00000018 x14:00000018
15505260ns          254443 1c0094bc 1a10f6b7 lui              x13, 0x1a10f000     x13=1a10f000
15505280ns          254444 1c0094c0 0ff57513 andi             x10, x10, 255       x10=00000020 x10:00000020
15505300ns          254445 1c0094c4 00d70733 add              x14, x14, x13       x14=1a10f018 x14:00000018 x13:1a10f000
15505320ns          254446 1c0094c6 00a7e723 p.sw             x10, x0(x15)        x10:00000020 x15:00000000  PA:1a10f018
15505638ns          254462 1c0094ca 00000513 addi             x10, x0, 0          x10=00000000
15505658ns          254463 1c0094cc 00008067 jalr             x0, x1, 0            x1:1c00959c
15505698ns          254465 1c00959c 31f52563 p.beqimm         x10, 778            x10:00000000
15505717ns          254466 1c0095a0 001d8d93 addi             x27, x27, 1         x27=00000012 x27:00000011
15505737ns          254467 1c0095a2 00044503 lbu              x10, 0(x8)          x10=00000069  x8:1c00006f  PA:1c00006f
15506036ns          254482 1c0095a6 00140413 addi             x8, x8, 1            x8=1c000070  x8:1c00006f
15506056ns          254483 1c0095a8 fe0514e3 bne              x10, x0, -24        x10:00000069
15506115ns          254486 1c009590 02500793 addi             x15, x0, 37         x15=00000025
15506135ns          254487 1c009594 04f50863 beq              x10, x15, 80        x10:00000069 x15:00000025
15506155ns          254488 1c009598 01a005b3 add              x11, x0, x26        x11=00000002 x26:00000002
15506175ns          254489 1c00959a 000b00e7 jalr             x1, x22, 0           x1=1c00959c x22:1c0094a6
15506215ns          254491 1c0094a6 000026b7 lui              x13, 0x2000         x13=00002000
15506235ns          254492 1c0094a8 f14027f3 csrrs            x15, x0, 0xf14      x15=00000003
15506255ns          254493 1c0094ac f8068693 addi             x13, x13, -128      x13=00001f80 x13:00002000
15506274ns          254494 1c0094b0 00379713 slli             x14, x15, 0x3       x14=00000018 x15:00000003
15506294ns          254495 1c0094b4 00279793 slli             x15, x15, 0x2       x15=0000000c x15:00000003
15506314ns          254496 1c0094b6 00d7f7b3 and              x15, x15, x13       x15=00000000 x15:0000000c x13:00001f80
15506334ns          254497 1c0094b8 ee873733 p.bclr           x14, x14, 23, 8     x14=00000018 x14:00000018
15506354ns          254498 1c0094bc 1a10f6b7 lui              x13, 0x1a10f000     x13=1a10f000
15506374ns          254499 1c0094c0 0ff57513 andi             x10, x10, 255       x10=00000069 x10:00000069
15506394ns          254500 1c0094c4 00d70733 add              x14, x14, x13       x14=1a10f018 x14:00000018 x13:1a10f000
15506414ns          254501 1c0094c6 00a7e723 p.sw             x10, x0(x15)        x10:00000069 x15:00000000  PA:1a10f018
15506752ns          254518 1c0094ca 00000513 addi             x10, x0, 0          x10=00000000
15506772ns          254519 1c0094cc 00008067 jalr             x0, x1, 0            x1:1c00959c
15506811ns          254521 1c00959c 31f52563 p.beqimm         x10, 778            x10:00000000
15506831ns          254522 1c0095a0 001d8d93 addi             x27, x27, 1         x27=00000013 x27:00000012
15506851ns          254523 1c0095a2 00044503 lbu              x10, 0(x8)          x10=00000074  x8:1c000070  PA:1c000070
15507150ns          254538 1c0095a6 00140413 addi             x8, x8, 1            x8=1c000071  x8:1c000070
15507169ns          254539 1c0095a8 fe0514e3 bne              x10, x0, -24        x10:00000074
15507229ns          254542 1c009590 02500793 addi             x15, x0, 37         x15=00000025
15507249ns          254543 1c009594 04f50863 beq              x10, x15, 80        x10:00000074 x15:00000025
15507269ns          254544 1c009598 01a005b3 add              x11, x0, x26        x11=00000002 x26:00000002
15507289ns          254545 1c00959a 000b00e7 jalr             x1, x22, 0           x1=1c00959c x22:1c0094a6
15507329ns          254547 1c0094a6 000026b7 lui              x13, 0x2000         x13=00002000
15507349ns          254548 1c0094a8 f14027f3 csrrs            x15, x0, 0xf14      x15=00000003
15507368ns          254549 1c0094ac f8068693 addi             x13, x13, -128      x13=00001f80 x13:00002000
15507388ns          254550 1c0094b0 00379713 slli             x14, x15, 0x3       x14=00000018 x15:00000003
15507408ns          254551 1c0094b4 00279793 slli             x15, x15, 0x2       x15=0000000c x15:00000003
15507428ns          254552 1c0094b6 00d7f7b3 and              x15, x15, x13       x15=00000000 x15:0000000c x13:00001f80
15507448ns          254553 1c0094b8 ee873733 p.bclr           x14, x14, 23, 8     x14=00000018 x14:00000018
15507468ns          254554 1c0094bc 1a10f6b7 lui              x13, 0x1a10f000     x13=1a10f000
15507488ns          254555 1c0094c0 0ff57513 andi             x10, x10, 255       x10=00000074 x10:00000074
15507508ns          254556 1c0094c4 00d70733 add              x14, x14, x13       x14=1a10f018 x14:00000018 x13:1a10f000
15507528ns          254557 1c0094c6 00a7e723 p.sw             x10, x0(x15)        x10:00000074 x15:00000000  PA:1a10f018
15507846ns          254573 1c0094ca 00000513 addi             x10, x0, 0          x10=00000000
15507866ns          254574 1c0094cc 00008067 jalr             x0, x1, 0            x1:1c00959c
15507905ns          254576 1c00959c 31f52563 p.beqimm         x10, 778            x10:00000000
15507925ns          254577 1c0095a0 001d8d93 addi             x27, x27, 1         x27=00000014 x27:00000013
15507945ns          254578 1c0095a2 00044503 lbu              x10, 0(x8)          x10=00000065  x8:1c000071  PA:1c000071
15508244ns          254593 1c0095a6 00140413 addi             x8, x8, 1            x8=1c000072  x8:1c000071
15508263ns          254594 1c0095a8 fe0514e3 bne              x10, x0, -24        x10:00000065
15508323ns          254597 1c009590 02500793 addi             x15, x0, 37         x15=00000025
15508343ns          254598 1c009594 04f50863 beq              x10, x15, 80        x10:00000065 x15:00000025
15508363ns          254599 1c009598 01a005b3 add              x11, x0, x26        x11=00000002 x26:00000002
15508383ns          254600 1c00959a 000b00e7 jalr             x1, x22, 0           x1=1c00959c x22:1c0094a6
15508423ns          254602 1c0094a6 000026b7 lui              x13, 0x2000         x13=00002000
15508442ns          254603 1c0094a8 f14027f3 csrrs            x15, x0, 0xf14      x15=00000003
15508462ns          254604 1c0094ac f8068693 addi             x13, x13, -128      x13=00001f80 x13:00002000
15508482ns          254605 1c0094b0 00379713 slli             x14, x15, 0x3       x14=00000018 x15:00000003
15508502ns          254606 1c0094b4 00279793 slli             x15, x15, 0x2       x15=0000000c x15:00000003
15508522ns          254607 1c0094b6 00d7f7b3 and              x15, x15, x13       x15=00000000 x15:0000000c x13:00001f80
15508542ns          254608 1c0094b8 ee873733 p.bclr           x14, x14, 23, 8     x14=00000018 x14:00000018
15508562ns          254609 1c0094bc 1a10f6b7 lui              x13, 0x1a10f000     x13=1a10f000
15508582ns          254610 1c0094c0 0ff57513 andi             x10, x10, 255       x10=00000065 x10:00000065
15508602ns          254611 1c0094c4 00d70733 add              x14, x14, x13       x14=1a10f018 x14:00000018 x13:1a10f000
15508622ns          254612 1c0094c6 00a7e723 p.sw             x10, x0(x15)        x10:00000065 x15:00000000  PA:1a10f018
15508960ns          254629 1c0094ca 00000513 addi             x10, x0, 0          x10=00000000
15508980ns          254630 1c0094cc 00008067 jalr             x0, x1, 0            x1:1c00959c
15509019ns          254632 1c00959c 31f52563 p.beqimm         x10, 778            x10:00000000
15509039ns          254633 1c0095a0 001d8d93 addi             x27, x27, 1         x27=00000015 x27:00000014
15509059ns          254634 1c0095a2 00044503 lbu              x10, 0(x8)          x10=00000072  x8:1c000072  PA:1c000072
15509357ns          254649 1c0095a6 00140413 addi             x8, x8, 1            x8=1c000073  x8:1c000072
15509377ns          254650 1c0095a8 fe0514e3 bne              x10, x0, -24        x10:00000072
15509437ns          254653 1c009590 02500793 addi             x15, x0, 37         x15=00000025
15509457ns          254654 1c009594 04f50863 beq              x10, x15, 80        x10:00000072 x15:00000025
15509477ns          254655 1c009598 01a005b3 add              x11, x0, x26        x11=00000002 x26:00000002
15509497ns          254656 1c00959a 000b00e7 jalr             x1, x22, 0           x1=1c00959c x22:1c0094a6
15509536ns          254658 1c0094a6 000026b7 lui              x13, 0x2000         x13=00002000
15509556ns          254659 1c0094a8 f14027f3 csrrs            x15, x0, 0xf14      x15=00000003
15509576ns          254660 1c0094ac f8068693 addi             x13, x13, -128      x13=00001f80 x13:00002000
15509596ns          254661 1c0094b0 00379713 slli             x14, x15, 0x3       x14=00000018 x15:00000003
15509616ns          254662 1c0094b4 00279793 slli             x15, x15, 0x2       x15=0000000c x15:00000003
15509636ns          254663 1c0094b6 00d7f7b3 and              x15, x15, x13       x15=00000000 x15:0000000c x13:00001f80
15509656ns          254664 1c0094b8 ee873733 p.bclr           x14, x14, 23, 8     x14=00000018 x14:00000018
15509676ns          254665 1c0094bc 1a10f6b7 lui              x13, 0x1a10f000     x13=1a10f000
15509696ns          254666 1c0094c0 0ff57513 andi             x10, x10, 255       x10=00000072 x10:00000072
15509716ns          254667 1c0094c4 00d70733 add              x14, x14, x13       x14=1a10f018 x14:00000018 x13:1a10f000
15509735ns          254668 1c0094c6 00a7e723 p.sw             x10, x0(x15)        x10:00000072 x15:00000000  PA:1a10f018
15510074ns          254685 1c0094ca 00000513 addi             x10, x0, 0          x10=00000000
15510093ns          254686 1c0094cc 00008067 jalr             x0, x1, 0            x1:1c00959c
15510133ns          254688 1c00959c 31f52563 p.beqimm         x10, 778            x10:00000000
15510153ns          254689 1c0095a0 001d8d93 addi             x27, x27, 1         x27=00000016 x27:00000015
15510173ns          254690 1c0095a2 00044503 lbu              x10, 0(x8)          x10=00000061  x8:1c000073  PA:1c000073
15510471ns          254705 1c0095a6 00140413 addi             x8, x8, 1            x8=1c000074  x8:1c000073
15510491ns          254706 1c0095a8 fe0514e3 bne              x10, x0, -24        x10:00000061
15510551ns          254709 1c009590 02500793 addi             x15, x0, 37         x15=00000025
15510571ns          254710 1c009594 04f50863 beq              x10, x15, 80        x10:00000061 x15:00000025
15510591ns          254711 1c009598 01a005b3 add              x11, x0, x26        x11=00000002 x26:00000002
15510611ns          254712 1c00959a 000b00e7 jalr             x1, x22, 0           x1=1c00959c x22:1c0094a6
15510650ns          254714 1c0094a6 000026b7 lui              x13, 0x2000         x13=00002000
15510670ns          254715 1c0094a8 f14027f3 csrrs            x15, x0, 0xf14      x15=00000003
15510690ns          254716 1c0094ac f8068693 addi             x13, x13, -128      x13=00001f80 x13:00002000
15510710ns          254717 1c0094b0 00379713 slli             x14, x15, 0x3       x14=00000018 x15:00000003
15510730ns          254718 1c0094b4 00279793 slli             x15, x15, 0x2       x15=0000000c x15:00000003
15510750ns          254719 1c0094b6 00d7f7b3 and              x15, x15, x13       x15=00000000 x15:0000000c x13:00001f80
15510770ns          254720 1c0094b8 ee873733 p.bclr           x14, x14, 23, 8     x14=00000018 x14:00000018
15510790ns          254721 1c0094bc 1a10f6b7 lui              x13, 0x1a10f000     x13=1a10f000
15510809ns          254722 1c0094c0 0ff57513 andi             x10, x10, 255       x10=00000061 x10:00000061
15510829ns          254723 1c0094c4 00d70733 add              x14, x14, x13       x14=1a10f018 x14:00000018 x13:1a10f000
15510849ns          254724 1c0094c6 00a7e723 p.sw             x10, x0(x15)        x10:00000061 x15:00000000  PA:1a10f018
15511168ns          254740 1c0094ca 00000513 addi             x10, x0, 0          x10=00000000
15511187ns          254741 1c0094cc 00008067 jalr             x0, x1, 0            x1:1c00959c
15511227ns          254743 1c00959c 31f52563 p.beqimm         x10, 778            x10:00000000
15511247ns          254744 1c0095a0 001d8d93 addi             x27, x27, 1         x27=00000017 x27:00000016
15511267ns          254745 1c0095a2 00044503 lbu              x10, 0(x8)          x10=00000074  x8:1c000074  PA:1c000074
15511565ns          254760 1c0095a6 00140413 addi             x8, x8, 1            x8=1c000075  x8:1c000074
15511585ns          254761 1c0095a8 fe0514e3 bne              x10, x0, -24        x10:00000074
15511645ns          254764 1c009590 02500793 addi             x15, x0, 37         x15=00000025
15511665ns          254765 1c009594 04f50863 beq              x10, x15, 80        x10:00000074 x15:00000025
15511685ns          254766 1c009598 01a005b3 add              x11, x0, x26        x11=00000002 x26:00000002
15511705ns          254767 1c00959a 000b00e7 jalr             x1, x22, 0           x1=1c00959c x22:1c0094a6
15511744ns          254769 1c0094a6 000026b7 lui              x13, 0x2000         x13=00002000
15511764ns          254770 1c0094a8 f14027f3 csrrs            x15, x0, 0xf14      x15=00000003
15511784ns          254771 1c0094ac f8068693 addi             x13, x13, -128      x13=00001f80 x13:00002000
15511804ns          254772 1c0094b0 00379713 slli             x14, x15, 0x3       x14=00000018 x15:00000003
15511824ns          254773 1c0094b4 00279793 slli             x15, x15, 0x2       x15=0000000c x15:00000003
15511844ns          254774 1c0094b6 00d7f7b3 and              x15, x15, x13       x15=00000000 x15:0000000c x13:00001f80
15511864ns          254775 1c0094b8 ee873733 p.bclr           x14, x14, 23, 8     x14=00000018 x14:00000018
15511884ns          254776 1c0094bc 1a10f6b7 lui              x13, 0x1a10f000     x13=1a10f000
15511903ns          254777 1c0094c0 0ff57513 andi             x10, x10, 255       x10=00000074 x10:00000074
15511923ns          254778 1c0094c4 00d70733 add              x14, x14, x13       x14=1a10f018 x14:00000018 x13:1a10f000
15511943ns          254779 1c0094c6 00a7e723 p.sw             x10, x0(x15)        x10:00000074 x15:00000000  PA:1a10f018
15512262ns          254795 1c0094ca 00000513 addi             x10, x0, 0          x10=00000000
15512281ns          254796 1c0094cc 00008067 jalr             x0, x1, 0            x1:1c00959c
15512321ns          254798 1c00959c 31f52563 p.beqimm         x10, 778            x10:00000000
15512341ns          254799 1c0095a0 001d8d93 addi             x27, x27, 1         x27=00000018 x27:00000017
15512361ns          254800 1c0095a2 00044503 lbu              x10, 0(x8)          x10=00000069  x8:1c000075  PA:1c000075
15512659ns          254815 1c0095a6 00140413 addi             x8, x8, 1            x8=1c000076  x8:1c000075
15512679ns          254816 1c0095a8 fe0514e3 bne              x10, x0, -24        x10:00000069
15512739ns          254819 1c009590 02500793 addi             x15, x0, 37         x15=00000025
15512759ns          254820 1c009594 04f50863 beq              x10, x15, 80        x10:00000069 x15:00000025
15512779ns          254821 1c009598 01a005b3 add              x11, x0, x26        x11=00000002 x26:00000002
15512799ns          254822 1c00959a 000b00e7 jalr             x1, x22, 0           x1=1c00959c x22:1c0094a6
15512838ns          254824 1c0094a6 000026b7 lui              x13, 0x2000         x13=00002000
15512858ns          254825 1c0094a8 f14027f3 csrrs            x15, x0, 0xf14      x15=00000003
15512878ns          254826 1c0094ac f8068693 addi             x13, x13, -128      x13=00001f80 x13:00002000
15512898ns          254827 1c0094b0 00379713 slli             x14, x15, 0x3       x14=00000018 x15:00000003
15512918ns          254828 1c0094b4 00279793 slli             x15, x15, 0x2       x15=0000000c x15:00000003
15512938ns          254829 1c0094b6 00d7f7b3 and              x15, x15, x13       x15=00000000 x15:0000000c x13:00001f80
15512958ns          254830 1c0094b8 ee873733 p.bclr           x14, x14, 23, 8     x14=00000018 x14:00000018
15512978ns          254831 1c0094bc 1a10f6b7 lui              x13, 0x1a10f000     x13=1a10f000
15512997ns          254832 1c0094c0 0ff57513 andi             x10, x10, 255       x10=00000069 x10:00000069
15513017ns          254833 1c0094c4 00d70733 add              x14, x14, x13       x14=1a10f018 x14:00000018 x13:1a10f000
15513037ns          254834 1c0094c6 00a7e723 p.sw             x10, x0(x15)        x10:00000069 x15:00000000  PA:1a10f018
15513375ns          254851 1c0094ca 00000513 addi             x10, x0, 0          x10=00000000
15513395ns          254852 1c0094cc 00008067 jalr             x0, x1, 0            x1:1c00959c
15513435ns          254854 1c00959c 31f52563 p.beqimm         x10, 778            x10:00000000
15513455ns          254855 1c0095a0 001d8d93 addi             x27, x27, 1         x27=00000019 x27:00000018
15513475ns          254856 1c0095a2 00044503 lbu              x10, 0(x8)          x10=0000006f  x8:1c000076  PA:1c000076
15513773ns          254871 1c0095a6 00140413 addi             x8, x8, 1            x8=1c000077  x8:1c000076
15513793ns          254872 1c0095a8 fe0514e3 bne              x10, x0, -24        x10:0000006f
15513853ns          254875 1c009590 02500793 addi             x15, x0, 37         x15=00000025
15513873ns          254876 1c009594 04f50863 beq              x10, x15, 80        x10:0000006f x15:00000025
15513893ns          254877 1c009598 01a005b3 add              x11, x0, x26        x11=00000002 x26:00000002
15513912ns          254878 1c00959a 000b00e7 jalr             x1, x22, 0           x1=1c00959c x22:1c0094a6
15513952ns          254880 1c0094a6 000026b7 lui              x13, 0x2000         x13=00002000
15513972ns          254881 1c0094a8 f14027f3 csrrs            x15, x0, 0xf14      x15=00000003
15513992ns          254882 1c0094ac f8068693 addi             x13, x13, -128      x13=00001f80 x13:00002000
15514012ns          254883 1c0094b0 00379713 slli             x14, x15, 0x3       x14=00000018 x15:00000003
15514032ns          254884 1c0094b4 00279793 slli             x15, x15, 0x2       x15=0000000c x15:00000003
15514052ns          254885 1c0094b6 00d7f7b3 and              x15, x15, x13       x15=00000000 x15:0000000c x13:00001f80
15514072ns          254886 1c0094b8 ee873733 p.bclr           x14, x14, 23, 8     x14=00000018 x14:00000018
15514091ns          254887 1c0094bc 1a10f6b7 lui              x13, 0x1a10f000     x13=1a10f000
15514111ns          254888 1c0094c0 0ff57513 andi             x10, x10, 255       x10=0000006f x10:0000006f
15514131ns          254889 1c0094c4 00d70733 add              x14, x14, x13       x14=1a10f018 x14:00000018 x13:1a10f000
15514151ns          254890 1c0094c6 00a7e723 p.sw             x10, x0(x15)        x10:0000006f x15:00000000  PA:1a10f018
15514469ns          254906 1c0094ca 00000513 addi             x10, x0, 0          x10=00000000
15514489ns          254907 1c0094cc 00008067 jalr             x0, x1, 0            x1:1c00959c
15514529ns          254909 1c00959c 31f52563 p.beqimm         x10, 778            x10:00000000
15514549ns          254910 1c0095a0 001d8d93 addi             x27, x27, 1         x27=0000001a x27:00000019
15514569ns          254911 1c0095a2 00044503 lbu              x10, 0(x8)          x10=0000006e  x8:1c000077  PA:1c000077
15514867ns          254926 1c0095a6 00140413 addi             x8, x8, 1            x8=1c000078  x8:1c000077
15514887ns          254927 1c0095a8 fe0514e3 bne              x10, x0, -24        x10:0000006e
15514947ns          254930 1c009590 02500793 addi             x15, x0, 37         x15=00000025
15514967ns          254931 1c009594 04f50863 beq              x10, x15, 80        x10:0000006e x15:00000025
15514987ns          254932 1c009598 01a005b3 add              x11, x0, x26        x11=00000002 x26:00000002
15515006ns          254933 1c00959a 000b00e7 jalr             x1, x22, 0           x1=1c00959c x22:1c0094a6
15515046ns          254935 1c0094a6 000026b7 lui              x13, 0x2000         x13=00002000
15515066ns          254936 1c0094a8 f14027f3 csrrs            x15, x0, 0xf14      x15=00000003
15515086ns          254937 1c0094ac f8068693 addi             x13, x13, -128      x13=00001f80 x13:00002000
15515106ns          254938 1c0094b0 00379713 slli             x14, x15, 0x3       x14=00000018 x15:00000003
15515126ns          254939 1c0094b4 00279793 slli             x15, x15, 0x2       x15=0000000c x15:00000003
15515146ns          254940 1c0094b6 00d7f7b3 and              x15, x15, x13       x15=00000000 x15:0000000c x13:00001f80
15515166ns          254941 1c0094b8 ee873733 p.bclr           x14, x14, 23, 8     x14=00000018 x14:00000018
15515185ns          254942 1c0094bc 1a10f6b7 lui              x13, 0x1a10f000     x13=1a10f000
15515205ns          254943 1c0094c0 0ff57513 andi             x10, x10, 255       x10=0000006e x10:0000006e
15515225ns          254944 1c0094c4 00d70733 add              x14, x14, x13       x14=1a10f018 x14:00000018 x13:1a10f000
15515245ns          254945 1c0094c6 00a7e723 p.sw             x10, x0(x15)        x10:0000006e x15:00000000  PA:1a10f018
15515583ns          254962 1c0094ca 00000513 addi             x10, x0, 0          x10=00000000
15515603ns          254963 1c0094cc 00008067 jalr             x0, x1, 0            x1:1c00959c
15515643ns          254965 1c00959c 31f52563 p.beqimm         x10, 778            x10:00000000
15515663ns          254966 1c0095a0 001d8d93 addi             x27, x27, 1         x27=0000001b x27:0000001a
15515683ns          254967 1c0095a2 00044503 lbu              x10, 0(x8)          x10=00000073  x8:1c000078  PA:1c000078
15516001ns          254983 1c0095a6 00140413 addi             x8, x8, 1            x8=1c000079  x8:1c000078
15516021ns          254984 1c0095a8 fe0514e3 bne              x10, x0, -24        x10:00000073
15516081ns          254987 1c009590 02500793 addi             x15, x0, 37         x15=00000025
15516100ns          254988 1c009594 04f50863 beq              x10, x15, 80        x10:00000073 x15:00000025
15516120ns          254989 1c009598 01a005b3 add              x11, x0, x26        x11=00000002 x26:00000002
15516140ns          254990 1c00959a 000b00e7 jalr             x1, x22, 0           x1=1c00959c x22:1c0094a6
15516180ns          254992 1c0094a6 000026b7 lui              x13, 0x2000         x13=00002000
15516200ns          254993 1c0094a8 f14027f3 csrrs            x15, x0, 0xf14      x15=00000003
15516220ns          254994 1c0094ac f8068693 addi             x13, x13, -128      x13=00001f80 x13:00002000
15516240ns          254995 1c0094b0 00379713 slli             x14, x15, 0x3       x14=00000018 x15:00000003
15516260ns          254996 1c0094b4 00279793 slli             x15, x15, 0x2       x15=0000000c x15:00000003
15516279ns          254997 1c0094b6 00d7f7b3 and              x15, x15, x13       x15=00000000 x15:0000000c x13:00001f80
15516299ns          254998 1c0094b8 ee873733 p.bclr           x14, x14, 23, 8     x14=00000018 x14:00000018
15516319ns          254999 1c0094bc 1a10f6b7 lui              x13, 0x1a10f000     x13=1a10f000
15516339ns          255000 1c0094c0 0ff57513 andi             x10, x10, 255       x10=00000073 x10:00000073
15516359ns          255001 1c0094c4 00d70733 add              x14, x14, x13       x14=1a10f018 x14:00000018 x13:1a10f000
15516379ns          255002 1c0094c6 00a7e723 p.sw             x10, x0(x15)        x10:00000073 x15:00000000  PA:1a10f018
15516697ns          255018 1c0094ca 00000513 addi             x10, x0, 0          x10=00000000
15516717ns          255019 1c0094cc 00008067 jalr             x0, x1, 0            x1:1c00959c
15516757ns          255021 1c00959c 31f52563 p.beqimm         x10, 778            x10:00000000
15516777ns          255022 1c0095a0 001d8d93 addi             x27, x27, 1         x27=0000001c x27:0000001b
15516797ns          255023 1c0095a2 00044503 lbu              x10, 0(x8)          x10=0000002e  x8:1c000079  PA:1c000079
15517095ns          255038 1c0095a6 00140413 addi             x8, x8, 1            x8=1c00007a  x8:1c000079
15517115ns          255039 1c0095a8 fe0514e3 bne              x10, x0, -24        x10:0000002e
15517175ns          255042 1c009590 02500793 addi             x15, x0, 37         x15=00000025
15517194ns          255043 1c009594 04f50863 beq              x10, x15, 80        x10:0000002e x15:00000025
15517214ns          255044 1c009598 01a005b3 add              x11, x0, x26        x11=00000002 x26:00000002
15517234ns          255045 1c00959a 000b00e7 jalr             x1, x22, 0           x1=1c00959c x22:1c0094a6
15517274ns          255047 1c0094a6 000026b7 lui              x13, 0x2000         x13=00002000
15517294ns          255048 1c0094a8 f14027f3 csrrs            x15, x0, 0xf14      x15=00000003
15517314ns          255049 1c0094ac f8068693 addi             x13, x13, -128      x13=00001f80 x13:00002000
15517334ns          255050 1c0094b0 00379713 slli             x14, x15, 0x3       x14=00000018 x15:00000003
15517354ns          255051 1c0094b4 00279793 slli             x15, x15, 0x2       x15=0000000c x15:00000003
15517373ns          255052 1c0094b6 00d7f7b3 and              x15, x15, x13       x15=00000000 x15:0000000c x13:00001f80
15517393ns          255053 1c0094b8 ee873733 p.bclr           x14, x14, 23, 8     x14=00000018 x14:00000018
15517413ns          255054 1c0094bc 1a10f6b7 lui              x13, 0x1a10f000     x13=1a10f000
15517433ns          255055 1c0094c0 0ff57513 andi             x10, x10, 255       x10=0000002e x10:0000002e
15517453ns          255056 1c0094c4 00d70733 add              x14, x14, x13       x14=1a10f018 x14:00000018 x13:1a10f000
15517473ns          255057 1c0094c6 00a7e723 p.sw             x10, x0(x15)        x10:0000002e x15:00000000  PA:1a10f018
15517791ns          255073 1c0094ca 00000513 addi             x10, x0, 0          x10=00000000
15517811ns          255074 1c0094cc 00008067 jalr             x0, x1, 0            x1:1c00959c
15517851ns          255076 1c00959c 31f52563 p.beqimm         x10, 778            x10:00000000
15517871ns          255077 1c0095a0 001d8d93 addi             x27, x27, 1         x27=0000001d x27:0000001c
15517891ns          255078 1c0095a2 00044503 lbu              x10, 0(x8)          x10=0000002e  x8:1c00007a  PA:1c00007a
15518189ns          255093 1c0095a6 00140413 addi             x8, x8, 1            x8=1c00007b  x8:1c00007a
15518209ns          255094 1c0095a8 fe0514e3 bne              x10, x0, -24        x10:0000002e
15518269ns          255097 1c009590 02500793 addi             x15, x0, 37         x15=00000025
15518288ns          255098 1c009594 04f50863 beq              x10, x15, 80        x10:0000002e x15:00000025
15518308ns          255099 1c009598 01a005b3 add              x11, x0, x26        x11=00000002 x26:00000002
15518328ns          255100 1c00959a 000b00e7 jalr             x1, x22, 0           x1=1c00959c x22:1c0094a6
15518368ns          255102 1c0094a6 000026b7 lui              x13, 0x2000         x13=00002000
15518388ns          255103 1c0094a8 f14027f3 csrrs            x15, x0, 0xf14      x15=00000003
15518408ns          255104 1c0094ac f8068693 addi             x13, x13, -128      x13=00001f80 x13:00002000
15518428ns          255105 1c0094b0 00379713 slli             x14, x15, 0x3       x14=00000018 x15:00000003
15518448ns          255106 1c0094b4 00279793 slli             x15, x15, 0x2       x15=0000000c x15:00000003
15518467ns          255107 1c0094b6 00d7f7b3 and              x15, x15, x13       x15=00000000 x15:0000000c x13:00001f80
15518487ns          255108 1c0094b8 ee873733 p.bclr           x14, x14, 23, 8     x14=00000018 x14:00000018
15518507ns          255109 1c0094bc 1a10f6b7 lui              x13, 0x1a10f000     x13=1a10f000
15518527ns          255110 1c0094c0 0ff57513 andi             x10, x10, 255       x10=0000002e x10:0000002e
15518547ns          255111 1c0094c4 00d70733 add              x14, x14, x13       x14=1a10f018 x14:00000018 x13:1a10f000
15518567ns          255112 1c0094c6 00a7e723 p.sw             x10, x0(x15)        x10:0000002e x15:00000000  PA:1a10f018
15518885ns          255128 1c0094ca 00000513 addi             x10, x0, 0          x10=00000000
15518905ns          255129 1c0094cc 00008067 jalr             x0, x1, 0            x1:1c00959c
15518945ns          255131 1c00959c 31f52563 p.beqimm         x10, 778            x10:00000000
15518965ns          255132 1c0095a0 001d8d93 addi             x27, x27, 1         x27=0000001e x27:0000001d
15518985ns          255133 1c0095a2 00044503 lbu              x10, 0(x8)          x10=0000002e  x8:1c00007b  PA:1c00007b
15519283ns          255148 1c0095a6 00140413 addi             x8, x8, 1            x8=1c00007c  x8:1c00007b
15519303ns          255149 1c0095a8 fe0514e3 bne              x10, x0, -24        x10:0000002e
15519363ns          255152 1c009590 02500793 addi             x15, x0, 37         x15=00000025
15519382ns          255153 1c009594 04f50863 beq              x10, x15, 80        x10:0000002e x15:00000025
15519402ns          255154 1c009598 01a005b3 add              x11, x0, x26        x11=00000002 x26:00000002
15519422ns          255155 1c00959a 000b00e7 jalr             x1, x22, 0           x1=1c00959c x22:1c0094a6
15519462ns          255157 1c0094a6 000026b7 lui              x13, 0x2000         x13=00002000
15519482ns          255158 1c0094a8 f14027f3 csrrs            x15, x0, 0xf14      x15=00000003
15519502ns          255159 1c0094ac f8068693 addi             x13, x13, -128      x13=00001f80 x13:00002000
15519522ns          255160 1c0094b0 00379713 slli             x14, x15, 0x3       x14=00000018 x15:00000003
15519542ns          255161 1c0094b4 00279793 slli             x15, x15, 0x2       x15=0000000c x15:00000003
15519561ns          255162 1c0094b6 00d7f7b3 and              x15, x15, x13       x15=00000000 x15:0000000c x13:00001f80
15519581ns          255163 1c0094b8 ee873733 p.bclr           x14, x14, 23, 8     x14=00000018 x14:00000018
15519601ns          255164 1c0094bc 1a10f6b7 lui              x13, 0x1a10f000     x13=1a10f000
15519621ns          255165 1c0094c0 0ff57513 andi             x10, x10, 255       x10=0000002e x10:0000002e
15519641ns          255166 1c0094c4 00d70733 add              x14, x14, x13       x14=1a10f018 x14:00000018 x13:1a10f000
15519661ns          255167 1c0094c6 00a7e723 p.sw             x10, x0(x15)        x10:0000002e x15:00000000  PA:1a10f018
15519999ns          255184 1c0094ca 00000513 addi             x10, x0, 0          x10=00000000
15520019ns          255185 1c0094cc 00008067 jalr             x0, x1, 0            x1:1c00959c
15520059ns          255187 1c00959c 31f52563 p.beqimm         x10, 778            x10:00000000
15520079ns          255188 1c0095a0 001d8d93 addi             x27, x27, 1         x27=0000001f x27:0000001e
15520098ns          255189 1c0095a2 00044503 lbu              x10, 0(x8)          x10=00000020  x8:1c00007c  PA:1c00007c
15520397ns          255204 1c0095a6 00140413 addi             x8, x8, 1            x8=1c00007d  x8:1c00007c
15520417ns          255205 1c0095a8 fe0514e3 bne              x10, x0, -24        x10:00000020
15520476ns          255208 1c009590 02500793 addi             x15, x0, 37         x15=00000025
15520496ns          255209 1c009594 04f50863 beq              x10, x15, 80        x10:00000020 x15:00000025
15520516ns          255210 1c009598 01a005b3 add              x11, x0, x26        x11=00000002 x26:00000002
15520536ns          255211 1c00959a 000b00e7 jalr             x1, x22, 0           x1=1c00959c x22:1c0094a6
15520576ns          255213 1c0094a6 000026b7 lui              x13, 0x2000         x13=00002000
15520596ns          255214 1c0094a8 f14027f3 csrrs            x15, x0, 0xf14      x15=00000003
15520616ns          255215 1c0094ac f8068693 addi             x13, x13, -128      x13=00001f80 x13:00002000
15520636ns          255216 1c0094b0 00379713 slli             x14, x15, 0x3       x14=00000018 x15:00000003
15520655ns          255217 1c0094b4 00279793 slli             x15, x15, 0x2       x15=0000000c x15:00000003
15520675ns          255218 1c0094b6 00d7f7b3 and              x15, x15, x13       x15=00000000 x15:0000000c x13:00001f80
15520695ns          255219 1c0094b8 ee873733 p.bclr           x14, x14, 23, 8     x14=00000018 x14:00000018
15520715ns          255220 1c0094bc 1a10f6b7 lui              x13, 0x1a10f000     x13=1a10f000
15520735ns          255221 1c0094c0 0ff57513 andi             x10, x10, 255       x10=00000020 x10:00000020
15520755ns          255222 1c0094c4 00d70733 add              x14, x14, x13       x14=1a10f018 x14:00000018 x13:1a10f000
15520775ns          255223 1c0094c6 00a7e723 p.sw             x10, x0(x15)        x10:00000020 x15:00000000  PA:1a10f018
15521093ns          255239 1c0094ca 00000513 addi             x10, x0, 0          x10=00000000
15521113ns          255240 1c0094cc 00008067 jalr             x0, x1, 0            x1:1c00959c
15521153ns          255242 1c00959c 31f52563 p.beqimm         x10, 778            x10:00000000
15521173ns          255243 1c0095a0 001d8d93 addi             x27, x27, 1         x27=00000020 x27:0000001f
15521192ns          255244 1c0095a2 00044503 lbu              x10, 0(x8)          x10=00000028  x8:1c00007d  PA:1c00007d
15521491ns          255259 1c0095a6 00140413 addi             x8, x8, 1            x8=1c00007e  x8:1c00007d
15521511ns          255260 1c0095a8 fe0514e3 bne              x10, x0, -24        x10:00000028
15521570ns          255263 1c009590 02500793 addi             x15, x0, 37         x15=00000025
15521590ns          255264 1c009594 04f50863 beq              x10, x15, 80        x10:00000028 x15:00000025
15521610ns          255265 1c009598 01a005b3 add              x11, x0, x26        x11=00000002 x26:00000002
15521630ns          255266 1c00959a 000b00e7 jalr             x1, x22, 0           x1=1c00959c x22:1c0094a6
15521670ns          255268 1c0094a6 000026b7 lui              x13, 0x2000         x13=00002000
15521690ns          255269 1c0094a8 f14027f3 csrrs            x15, x0, 0xf14      x15=00000003
15521710ns          255270 1c0094ac f8068693 addi             x13, x13, -128      x13=00001f80 x13:00002000
15521730ns          255271 1c0094b0 00379713 slli             x14, x15, 0x3       x14=00000018 x15:00000003
15521749ns          255272 1c0094b4 00279793 slli             x15, x15, 0x2       x15=0000000c x15:00000003
15521769ns          255273 1c0094b6 00d7f7b3 and              x15, x15, x13       x15=00000000 x15:0000000c x13:00001f80
15521789ns          255274 1c0094b8 ee873733 p.bclr           x14, x14, 23, 8     x14=00000018 x14:00000018
15521809ns          255275 1c0094bc 1a10f6b7 lui              x13, 0x1a10f000     x13=1a10f000
15521829ns          255276 1c0094c0 0ff57513 andi             x10, x10, 255       x10=00000028 x10:00000028
15521849ns          255277 1c0094c4 00d70733 add              x14, x14, x13       x14=1a10f018 x14:00000018 x13:1a10f000
15521869ns          255278 1c0094c6 00a7e723 p.sw             x10, x0(x15)        x10:00000028 x15:00000000  PA:1a10f018
15522207ns          255295 1c0094ca 00000513 addi             x10, x0, 0          x10=00000000
15522227ns          255296 1c0094cc 00008067 jalr             x0, x1, 0            x1:1c00959c
15522267ns          255298 1c00959c 31f52563 p.beqimm         x10, 778            x10:00000000
15522286ns          255299 1c0095a0 001d8d93 addi             x27, x27, 1         x27=00000021 x27:00000020
15522306ns          255300 1c0095a2 00044503 lbu              x10, 0(x8)          x10=00000063  x8:1c00007e  PA:1c00007e
15522625ns          255316 1c0095a6 00140413 addi             x8, x8, 1            x8=1c00007f  x8:1c00007e
15522644ns          255317 1c0095a8 fe0514e3 bne              x10, x0, -24        x10:00000063
15522704ns          255320 1c009590 02500793 addi             x15, x0, 37         x15=00000025
15522724ns          255321 1c009594 04f50863 beq              x10, x15, 80        x10:00000063 x15:00000025
15522744ns          255322 1c009598 01a005b3 add              x11, x0, x26        x11=00000002 x26:00000002
15522764ns          255323 1c00959a 000b00e7 jalr             x1, x22, 0           x1=1c00959c x22:1c0094a6
15522804ns          255325 1c0094a6 000026b7 lui              x13, 0x2000         x13=00002000
15522824ns          255326 1c0094a8 f14027f3 csrrs            x15, x0, 0xf14      x15=00000003
15522843ns          255327 1c0094ac f8068693 addi             x13, x13, -128      x13=00001f80 x13:00002000
15522863ns          255328 1c0094b0 00379713 slli             x14, x15, 0x3       x14=00000018 x15:00000003
15522883ns          255329 1c0094b4 00279793 slli             x15, x15, 0x2       x15=0000000c x15:00000003
15522903ns          255330 1c0094b6 00d7f7b3 and              x15, x15, x13       x15=00000000 x15:0000000c x13:00001f80
15522923ns          255331 1c0094b8 ee873733 p.bclr           x14, x14, 23, 8     x14=00000018 x14:00000018
15522943ns          255332 1c0094bc 1a10f6b7 lui              x13, 0x1a10f000     x13=1a10f000
15522963ns          255333 1c0094c0 0ff57513 andi             x10, x10, 255       x10=00000063 x10:00000063
15522983ns          255334 1c0094c4 00d70733 add              x14, x14, x13       x14=1a10f018 x14:00000018 x13:1a10f000
15523003ns          255335 1c0094c6 00a7e723 p.sw             x10, x0(x15)        x10:00000063 x15:00000000  PA:1a10f018
15523321ns          255351 1c0094ca 00000513 addi             x10, x0, 0          x10=00000000
15523341ns          255352 1c0094cc 00008067 jalr             x0, x1, 0            x1:1c00959c
15523380ns          255354 1c00959c 31f52563 p.beqimm         x10, 778            x10:00000000
15523400ns          255355 1c0095a0 001d8d93 addi             x27, x27, 1         x27=00000022 x27:00000021
15523420ns          255356 1c0095a2 00044503 lbu              x10, 0(x8)          x10=0000006f  x8:1c00007f  PA:1c00007f
15523719ns          255371 1c0095a6 00140413 addi             x8, x8, 1            x8=1c000080  x8:1c00007f
15523738ns          255372 1c0095a8 fe0514e3 bne              x10, x0, -24        x10:0000006f
15523798ns          255375 1c009590 02500793 addi             x15, x0, 37         x15=00000025
15523818ns          255376 1c009594 04f50863 beq              x10, x15, 80        x10:0000006f x15:00000025
15523838ns          255377 1c009598 01a005b3 add              x11, x0, x26        x11=00000002 x26:00000002
15523858ns          255378 1c00959a 000b00e7 jalr             x1, x22, 0           x1=1c00959c x22:1c0094a6
15523898ns          255380 1c0094a6 000026b7 lui              x13, 0x2000         x13=00002000
15523918ns          255381 1c0094a8 f14027f3 csrrs            x15, x0, 0xf14      x15=00000003
15523937ns          255382 1c0094ac f8068693 addi             x13, x13, -128      x13=00001f80 x13:00002000
15523957ns          255383 1c0094b0 00379713 slli             x14, x15, 0x3       x14=00000018 x15:00000003
15523977ns          255384 1c0094b4 00279793 slli             x15, x15, 0x2       x15=0000000c x15:00000003
15523997ns          255385 1c0094b6 00d7f7b3 and              x15, x15, x13       x15=00000000 x15:0000000c x13:00001f80
15524017ns          255386 1c0094b8 ee873733 p.bclr           x14, x14, 23, 8     x14=00000018 x14:00000018
15524037ns          255387 1c0094bc 1a10f6b7 lui              x13, 0x1a10f000     x13=1a10f000
15524057ns          255388 1c0094c0 0ff57513 andi             x10, x10, 255       x10=0000006f x10:0000006f
15524077ns          255389 1c0094c4 00d70733 add              x14, x14, x13       x14=1a10f018 x14:00000018 x13:1a10f000
15524097ns          255390 1c0094c6 00a7e723 p.sw             x10, x0(x15)        x10:0000006f x15:00000000  PA:1a10f018
15524415ns          255406 1c0094ca 00000513 addi             x10, x0, 0          x10=00000000
15524435ns          255407 1c0094cc 00008067 jalr             x0, x1, 0            x1:1c00959c
15524474ns          255409 1c00959c 31f52563 p.beqimm         x10, 778            x10:00000000
15524494ns          255410 1c0095a0 001d8d93 addi             x27, x27, 1         x27=00000023 x27:00000022
15524514ns          255411 1c0095a2 00044503 lbu              x10, 0(x8)          x10=00000072  x8:1c000080  PA:1c000080
15524813ns          255426 1c0095a6 00140413 addi             x8, x8, 1            x8=1c000081  x8:1c000080
15524832ns          255427 1c0095a8 fe0514e3 bne              x10, x0, -24        x10:00000072
15524892ns          255430 1c009590 02500793 addi             x15, x0, 37         x15=00000025
15524912ns          255431 1c009594 04f50863 beq              x10, x15, 80        x10:00000072 x15:00000025
15524932ns          255432 1c009598 01a005b3 add              x11, x0, x26        x11=00000002 x26:00000002
15524952ns          255433 1c00959a 000b00e7 jalr             x1, x22, 0           x1=1c00959c x22:1c0094a6
15524992ns          255435 1c0094a6 000026b7 lui              x13, 0x2000         x13=00002000
15525011ns          255436 1c0094a8 f14027f3 csrrs            x15, x0, 0xf14      x15=00000003
15525031ns          255437 1c0094ac f8068693 addi             x13, x13, -128      x13=00001f80 x13:00002000
15525051ns          255438 1c0094b0 00379713 slli             x14, x15, 0x3       x14=00000018 x15:00000003
15525071ns          255439 1c0094b4 00279793 slli             x15, x15, 0x2       x15=0000000c x15:00000003
15525091ns          255440 1c0094b6 00d7f7b3 and              x15, x15, x13       x15=00000000 x15:0000000c x13:00001f80
15525111ns          255441 1c0094b8 ee873733 p.bclr           x14, x14, 23, 8     x14=00000018 x14:00000018
15525131ns          255442 1c0094bc 1a10f6b7 lui              x13, 0x1a10f000     x13=1a10f000
15525151ns          255443 1c0094c0 0ff57513 andi             x10, x10, 255       x10=00000072 x10:00000072
15525171ns          255444 1c0094c4 00d70733 add              x14, x14, x13       x14=1a10f018 x14:00000018 x13:1a10f000
15525191ns          255445 1c0094c6 00a7e723 p.sw             x10, x0(x15)        x10:00000072 x15:00000000  PA:1a10f018
15525509ns          255461 1c0094ca 00000513 addi             x10, x0, 0          x10=00000000
15525529ns          255462 1c0094cc 00008067 jalr             x0, x1, 0            x1:1c00959c
15525568ns          255464 1c00959c 31f52563 p.beqimm         x10, 778            x10:00000000
15525588ns          255465 1c0095a0 001d8d93 addi             x27, x27, 1         x27=00000024 x27:00000023
15525608ns          255466 1c0095a2 00044503 lbu              x10, 0(x8)          x10=00000065  x8:1c000081  PA:1c000081
15525907ns          255481 1c0095a6 00140413 addi             x8, x8, 1            x8=1c000082  x8:1c000081
15525926ns          255482 1c0095a8 fe0514e3 bne              x10, x0, -24        x10:00000065
15525986ns          255485 1c009590 02500793 addi             x15, x0, 37         x15=00000025
15526006ns          255486 1c009594 04f50863 beq              x10, x15, 80        x10:00000065 x15:00000025
15526026ns          255487 1c009598 01a005b3 add              x11, x0, x26        x11=00000002 x26:00000002
15526046ns          255488 1c00959a 000b00e7 jalr             x1, x22, 0           x1=1c00959c x22:1c0094a6
15526086ns          255490 1c0094a6 000026b7 lui              x13, 0x2000         x13=00002000
15526105ns          255491 1c0094a8 f14027f3 csrrs            x15, x0, 0xf14      x15=00000003
15526125ns          255492 1c0094ac f8068693 addi             x13, x13, -128      x13=00001f80 x13:00002000
15526145ns          255493 1c0094b0 00379713 slli             x14, x15, 0x3       x14=00000018 x15:00000003
15526165ns          255494 1c0094b4 00279793 slli             x15, x15, 0x2       x15=0000000c x15:00000003
15526185ns          255495 1c0094b6 00d7f7b3 and              x15, x15, x13       x15=00000000 x15:0000000c x13:00001f80
15526205ns          255496 1c0094b8 ee873733 p.bclr           x14, x14, 23, 8     x14=00000018 x14:00000018
15526225ns          255497 1c0094bc 1a10f6b7 lui              x13, 0x1a10f000     x13=1a10f000
15526245ns          255498 1c0094c0 0ff57513 andi             x10, x10, 255       x10=00000065 x10:00000065
15526265ns          255499 1c0094c4 00d70733 add              x14, x14, x13       x14=1a10f018 x14:00000018 x13:1a10f000
15526285ns          255500 1c0094c6 00a7e723 p.sw             x10, x0(x15)        x10:00000065 x15:00000000  PA:1a10f018
15526623ns          255517 1c0094ca 00000513 addi             x10, x0, 0          x10=00000000
15526643ns          255518 1c0094cc 00008067 jalr             x0, x1, 0            x1:1c00959c
15526682ns          255520 1c00959c 31f52563 p.beqimm         x10, 778            x10:00000000
15526702ns          255521 1c0095a0 001d8d93 addi             x27, x27, 1         x27=00000025 x27:00000024
15526722ns          255522 1c0095a2 00044503 lbu              x10, 0(x8)          x10=00000069  x8:1c000082  PA:1c000082
15527020ns          255537 1c0095a6 00140413 addi             x8, x8, 1            x8=1c000083  x8:1c000082
15527040ns          255538 1c0095a8 fe0514e3 bne              x10, x0, -24        x10:00000069
15527100ns          255541 1c009590 02500793 addi             x15, x0, 37         x15=00000025
15527120ns          255542 1c009594 04f50863 beq              x10, x15, 80        x10:00000069 x15:00000025
15527140ns          255543 1c009598 01a005b3 add              x11, x0, x26        x11=00000002 x26:00000002
15527160ns          255544 1c00959a 000b00e7 jalr             x1, x22, 0           x1=1c00959c x22:1c0094a6
15527199ns          255546 1c0094a6 000026b7 lui              x13, 0x2000         x13=00002000
15527219ns          255547 1c0094a8 f14027f3 csrrs            x15, x0, 0xf14      x15=00000003
15527239ns          255548 1c0094ac f8068693 addi             x13, x13, -128      x13=00001f80 x13:00002000
15527259ns          255549 1c0094b0 00379713 slli             x14, x15, 0x3       x14=00000018 x15:00000003
15527279ns          255550 1c0094b4 00279793 slli             x15, x15, 0x2       x15=0000000c x15:00000003
15527299ns          255551 1c0094b6 00d7f7b3 and              x15, x15, x13       x15=00000000 x15:0000000c x13:00001f80
15527319ns          255552 1c0094b8 ee873733 p.bclr           x14, x14, 23, 8     x14=00000018 x14:00000018
15527339ns          255553 1c0094bc 1a10f6b7 lui              x13, 0x1a10f000     x13=1a10f000
15527359ns          255554 1c0094c0 0ff57513 andi             x10, x10, 255       x10=00000069 x10:00000069
15527378ns          255555 1c0094c4 00d70733 add              x14, x14, x13       x14=1a10f018 x14:00000018 x13:1a10f000
15527398ns          255556 1c0094c6 00a7e723 p.sw             x10, x0(x15)        x10:00000069 x15:00000000  PA:1a10f018
15527717ns          255572 1c0094ca 00000513 addi             x10, x0, 0          x10=00000000
15527737ns          255573 1c0094cc 00008067 jalr             x0, x1, 0            x1:1c00959c
15527776ns          255575 1c00959c 31f52563 p.beqimm         x10, 778            x10:00000000
15527796ns          255576 1c0095a0 001d8d93 addi             x27, x27, 1         x27=00000026 x27:00000025
15527816ns          255577 1c0095a2 00044503 lbu              x10, 0(x8)          x10=00000064  x8:1c000083  PA:1c000083
15528114ns          255592 1c0095a6 00140413 addi             x8, x8, 1            x8=1c000084  x8:1c000083
15528134ns          255593 1c0095a8 fe0514e3 bne              x10, x0, -24        x10:00000064
15528194ns          255596 1c009590 02500793 addi             x15, x0, 37         x15=00000025
15528214ns          255597 1c009594 04f50863 beq              x10, x15, 80        x10:00000064 x15:00000025
15528234ns          255598 1c009598 01a005b3 add              x11, x0, x26        x11=00000002 x26:00000002
15528254ns          255599 1c00959a 000b00e7 jalr             x1, x22, 0           x1=1c00959c x22:1c0094a6
15528293ns          255601 1c0094a6 000026b7 lui              x13, 0x2000         x13=00002000
15528313ns          255602 1c0094a8 f14027f3 csrrs            x15, x0, 0xf14      x15=00000003
15528333ns          255603 1c0094ac f8068693 addi             x13, x13, -128      x13=00001f80 x13:00002000
15528353ns          255604 1c0094b0 00379713 slli             x14, x15, 0x3       x14=00000018 x15:00000003
15528373ns          255605 1c0094b4 00279793 slli             x15, x15, 0x2       x15=0000000c x15:00000003
15528393ns          255606 1c0094b6 00d7f7b3 and              x15, x15, x13       x15=00000000 x15:0000000c x13:00001f80
15528413ns          255607 1c0094b8 ee873733 p.bclr           x14, x14, 23, 8     x14=00000018 x14:00000018
15528433ns          255608 1c0094bc 1a10f6b7 lui              x13, 0x1a10f000     x13=1a10f000
15528453ns          255609 1c0094c0 0ff57513 andi             x10, x10, 255       x10=00000064 x10:00000064
15528472ns          255610 1c0094c4 00d70733 add              x14, x14, x13       x14=1a10f018 x14:00000018 x13:1a10f000
15528492ns          255611 1c0094c6 00a7e723 p.sw             x10, x0(x15)        x10:00000064 x15:00000000  PA:1a10f018
15528831ns          255628 1c0094ca 00000513 addi             x10, x0, 0          x10=00000000
15528850ns          255629 1c0094cc 00008067 jalr             x0, x1, 0            x1:1c00959c
15528890ns          255631 1c00959c 31f52563 p.beqimm         x10, 778            x10:00000000
15528910ns          255632 1c0095a0 001d8d93 addi             x27, x27, 1         x27=00000027 x27:00000026
15528930ns          255633 1c0095a2 00044503 lbu              x10, 0(x8)          x10=00000020  x8:1c000084  PA:1c000084
15529248ns          255649 1c0095a6 00140413 addi             x8, x8, 1            x8=1c000085  x8:1c000084
15529268ns          255650 1c0095a8 fe0514e3 bne              x10, x0, -24        x10:00000020
15529328ns          255653 1c009590 02500793 addi             x15, x0, 37         x15=00000025
15529348ns          255654 1c009594 04f50863 beq              x10, x15, 80        x10:00000020 x15:00000025
15529368ns          255655 1c009598 01a005b3 add              x11, x0, x26        x11=00000002 x26:00000002
15529387ns          255656 1c00959a 000b00e7 jalr             x1, x22, 0           x1=1c00959c x22:1c0094a6
15529427ns          255658 1c0094a6 000026b7 lui              x13, 0x2000         x13=00002000
15529447ns          255659 1c0094a8 f14027f3 csrrs            x15, x0, 0xf14      x15=00000003
15529467ns          255660 1c0094ac f8068693 addi             x13, x13, -128      x13=00001f80 x13:00002000
15529487ns          255661 1c0094b0 00379713 slli             x14, x15, 0x3       x14=00000018 x15:00000003
15529507ns          255662 1c0094b4 00279793 slli             x15, x15, 0x2       x15=0000000c x15:00000003
15529527ns          255663 1c0094b6 00d7f7b3 and              x15, x15, x13       x15=00000000 x15:0000000c x13:00001f80
15529547ns          255664 1c0094b8 ee873733 p.bclr           x14, x14, 23, 8     x14=00000018 x14:00000018
15529566ns          255665 1c0094bc 1a10f6b7 lui              x13, 0x1a10f000     x13=1a10f000
15529586ns          255666 1c0094c0 0ff57513 andi             x10, x10, 255       x10=00000020 x10:00000020
15529606ns          255667 1c0094c4 00d70733 add              x14, x14, x13       x14=1a10f018 x14:00000018 x13:1a10f000
15529626ns          255668 1c0094c6 00a7e723 p.sw             x10, x0(x15)        x10:00000020 x15:00000000  PA:1a10f018
15529944ns          255684 1c0094ca 00000513 addi             x10, x0, 0          x10=00000000
15529964ns          255685 1c0094cc 00008067 jalr             x0, x1, 0            x1:1c00959c
15530004ns          255687 1c00959c 31f52563 p.beqimm         x10, 778            x10:00000000
15530024ns          255688 1c0095a0 001d8d93 addi             x27, x27, 1         x27=00000028 x27:00000027
15530044ns          255689 1c0095a2 00044503 lbu              x10, 0(x8)          x10=0000003d  x8:1c000085  PA:1c000085
15530342ns          255704 1c0095a6 00140413 addi             x8, x8, 1            x8=1c000086  x8:1c000085
15530362ns          255705 1c0095a8 fe0514e3 bne              x10, x0, -24        x10:0000003d
15530422ns          255708 1c009590 02500793 addi             x15, x0, 37         x15=00000025
15530442ns          255709 1c009594 04f50863 beq              x10, x15, 80        x10:0000003d x15:00000025
15530462ns          255710 1c009598 01a005b3 add              x11, x0, x26        x11=00000002 x26:00000002
15530481ns          255711 1c00959a 000b00e7 jalr             x1, x22, 0           x1=1c00959c x22:1c0094a6
15530521ns          255713 1c0094a6 000026b7 lui              x13, 0x2000         x13=00002000
15530541ns          255714 1c0094a8 f14027f3 csrrs            x15, x0, 0xf14      x15=00000003
15530561ns          255715 1c0094ac f8068693 addi             x13, x13, -128      x13=00001f80 x13:00002000
15530581ns          255716 1c0094b0 00379713 slli             x14, x15, 0x3       x14=00000018 x15:00000003
15530601ns          255717 1c0094b4 00279793 slli             x15, x15, 0x2       x15=0000000c x15:00000003
15530621ns          255718 1c0094b6 00d7f7b3 and              x15, x15, x13       x15=00000000 x15:0000000c x13:00001f80
15530641ns          255719 1c0094b8 ee873733 p.bclr           x14, x14, 23, 8     x14=00000018 x14:00000018
15530660ns          255720 1c0094bc 1a10f6b7 lui              x13, 0x1a10f000     x13=1a10f000
15530680ns          255721 1c0094c0 0ff57513 andi             x10, x10, 255       x10=0000003d x10:0000003d
15530700ns          255722 1c0094c4 00d70733 add              x14, x14, x13       x14=1a10f018 x14:00000018 x13:1a10f000
15530720ns          255723 1c0094c6 00a7e723 p.sw             x10, x0(x15)        x10:0000003d x15:00000000  PA:1a10f018
15531038ns          255739 1c0094ca 00000513 addi             x10, x0, 0          x10=00000000
15531058ns          255740 1c0094cc 00008067 jalr             x0, x1, 0            x1:1c00959c
15531098ns          255742 1c00959c 31f52563 p.beqimm         x10, 778            x10:00000000
15531118ns          255743 1c0095a0 001d8d93 addi             x27, x27, 1         x27=00000029 x27:00000028
15531138ns          255744 1c0095a2 00044503 lbu              x10, 0(x8)          x10=00000020  x8:1c000086  PA:1c000086
15531436ns          255759 1c0095a6 00140413 addi             x8, x8, 1            x8=1c000087  x8:1c000086
15531456ns          255760 1c0095a8 fe0514e3 bne              x10, x0, -24        x10:00000020
15531516ns          255763 1c009590 02500793 addi             x15, x0, 37         x15=00000025
15531536ns          255764 1c009594 04f50863 beq              x10, x15, 80        x10:00000020 x15:00000025
15531556ns          255765 1c009598 01a005b3 add              x11, x0, x26        x11=00000002 x26:00000002
15531575ns          255766 1c00959a 000b00e7 jalr             x1, x22, 0           x1=1c00959c x22:1c0094a6
15531615ns          255768 1c0094a6 000026b7 lui              x13, 0x2000         x13=00002000
15531635ns          255769 1c0094a8 f14027f3 csrrs            x15, x0, 0xf14      x15=00000003
15531655ns          255770 1c0094ac f8068693 addi             x13, x13, -128      x13=00001f80 x13:00002000
15531675ns          255771 1c0094b0 00379713 slli             x14, x15, 0x3       x14=00000018 x15:00000003
15531695ns          255772 1c0094b4 00279793 slli             x15, x15, 0x2       x15=0000000c x15:00000003
15531715ns          255773 1c0094b6 00d7f7b3 and              x15, x15, x13       x15=00000000 x15:0000000c x13:00001f80
15531735ns          255774 1c0094b8 ee873733 p.bclr           x14, x14, 23, 8     x14=00000018 x14:00000018
15531754ns          255775 1c0094bc 1a10f6b7 lui              x13, 0x1a10f000     x13=1a10f000
15531774ns          255776 1c0094c0 0ff57513 andi             x10, x10, 255       x10=00000020 x10:00000020
15531794ns          255777 1c0094c4 00d70733 add              x14, x14, x13       x14=1a10f018 x14:00000018 x13:1a10f000
15531814ns          255778 1c0094c6 00a7e723 p.sw             x10, x0(x15)        x10:00000020 x15:00000000  PA:1a10f018
15532132ns          255794 1c0094ca 00000513 addi             x10, x0, 0          x10=00000000
15532152ns          255795 1c0094cc 00008067 jalr             x0, x1, 0            x1:1c00959c
15532192ns          255797 1c00959c 31f52563 p.beqimm         x10, 778            x10:00000000
15532212ns          255798 1c0095a0 001d8d93 addi             x27, x27, 1         x27=0000002a x27:00000029
15532232ns          255799 1c0095a2 00044503 lbu              x10, 0(x8)          x10=00000025  x8:1c000087  PA:1c000087
15532530ns          255814 1c0095a6 00140413 addi             x8, x8, 1            x8=1c000088  x8:1c000087
15532550ns          255815 1c0095a8 fe0514e3 bne              x10, x0, -24        x10:00000025
15532610ns          255818 1c009590 02500793 addi             x15, x0, 37         x15=00000025
15532630ns          255819 1c009594 04f50863 beq              x10, x15, 80        x10:00000025 x15:00000025
15532729ns          255824 1c0095e4 00044483 lbu              x9, 0(x8)            x9=00000064  x8:1c000088  PA:1c000088
15533047ns          255840 1c0095e8 02000693 addi             x13, x0, 32         x13=00000020
15533067ns          255841 1c0095ec 00140a93 addi             x21, x8, 1          x21=1c000089  x8:1c000088
15533087ns          255842 1c0095f0 009005b3 add              x11, x0, x9         x11=00000064  x9:00000064
15533107ns          255843 1c0095f2 1ccb8513 addi             x10, x23, 460       x10=1c0001cc x23:1c000000
15533127ns          255844 1c0095f6 00d12823 sw               x13, 16(x2)         x13:00000020  x2:10001cd8  PA:10001ce8
15533147ns          255845 1c0095f8 00012c23 sw               x0, 24(x2)           x2:10001cd8  PA:10001cf0
15533167ns          255846 1c0095fa 00012a23 sw               x0, 20(x2)           x2:10001cd8  PA:10001cec
15533187ns          255847 1c0095fc 00012e23 sw               x0, 28(x2)           x2:10001cd8  PA:10001cf4
15533206ns          255848 1c0095fe 00012623 sw               x0, 12(x2)           x2:10001cd8  PA:10001ce4
15533226ns          255849 1c009600 02300913 addi             x18, x0, 35         x18=00000023
15533246ns          255850 1c009604 02d00a13 addi             x20, x0, 45         x20=0000002d
15533266ns          255851 1c009608 015009b3 add              x19, x0, x21        x19=1c000089 x21:1c000089
15533286ns          255852 1c00960a e1dff0ef jal              x1, -484             x1=1c00960c
15533405ns          255858 1c009426 00054783 lbu              x15, 0(x10)         x15=0000002d x10:1c0001cc  PA:1c0001cc
15533704ns          255873 1c00942a 0ff5f593 andi             x11, x11, 255       x11=00000064 x11:00000064
15533724ns          255874 1c00942e 00b78c63 beq              x15, x11, 24        x15:0000002d x11:00000064
15533744ns          255875 1c009432 00078b63 beq              x15, x0, 22         x15:0000002d
15533763ns          255876 1c009434 00150793 addi             x15, x10, 1         x15=1c0001cd x10:1c0001cc
15533783ns          255877 1c009438 0040006f jal              x0, 4              
15533883ns          255882 1c00943c 00f00533 add              x10, x0, x15        x10=1c0001cd x15:1c0001cd
15533903ns          255883 1c00943e 0017c70b p.lbu            x14, 1(x15!)        x14=0000002b x15=1c0001ce x15:1c0001cd  PA:1c0001cd
15534221ns          255899 1c009442 feb71ce3 bne              x14, x11, -8        x14:0000002b x11:00000064
15534281ns          255902 1c00943a 00070763 beq              x14, x0, 14         x14:0000002b
15534300ns          255903 1c00943c 00f00533 add              x10, x0, x15        x10=1c0001ce x15:1c0001ce
15534320ns          255904 1c00943e 0017c70b p.lbu            x14, 1(x15!)        x14=00000020 x15=1c0001cf x15:1c0001ce  PA:1c0001ce
15534659ns          255921 1c009442 feb71ce3 bne              x14, x11, -8        x14:00000020 x11:00000064
15534718ns          255924 1c00943a 00070763 beq              x14, x0, 14         x14:00000020
15534738ns          255925 1c00943c 00f00533 add              x10, x0, x15        x10=1c0001cf x15:1c0001cf
15534758ns          255926 1c00943e 0017c70b p.lbu            x14, 1(x15!)        x14=00000023 x15=1c0001d0 x15:1c0001cf  PA:1c0001cf
15535076ns          255942 1c009442 feb71ce3 bne              x14, x11, -8        x14:00000023 x11:00000064
15535136ns          255945 1c00943a 00070763 beq              x14, x0, 14         x14:00000023
15535156ns          255946 1c00943c 00f00533 add              x10, x0, x15        x10=1c0001d0 x15:1c0001d0
15535176ns          255947 1c00943e 0017c70b p.lbu            x14, 1(x15!)        x14=00000030 x15=1c0001d1 x15:1c0001d0  PA:1c0001d0
15535494ns          255963 1c009442 feb71ce3 bne              x14, x11, -8        x14:00000030 x11:00000064
15535554ns          255966 1c00943a 00070763 beq              x14, x0, 14         x14:00000030
15535573ns          255967 1c00943c 00f00533 add              x10, x0, x15        x10=1c0001d1 x15:1c0001d1
15535593ns          255968 1c00943e 0017c70b p.lbu            x14, 1(x15!)        x14=00000000 x15=1c0001d2 x15:1c0001d1  PA:1c0001d1
15535932ns          255985 1c009442 feb71ce3 bne              x14, x11, -8        x14:00000000 x11:00000064
15535991ns          255988 1c00943a 00070763 beq              x14, x0, 14         x14:00000000
15536051ns          255991 1c009448 0015b593 sltiu            x11, x11, 1         x11=00000000 x11:00000064
15536071ns          255992 1c00944c 40b005b3 sub              x11, x0, x11        x11=00000000 x11:00000000
15536091ns          255993 1c009450 00b57533 and              x10, x10, x11       x10=00000000 x10:1c0001d1 x11:00000000
15536111ns          255994 1c009452 00008067 jalr             x0, x1, 0            x1:1c00960c
15536150ns          255996 1c00960c 02050a63 beq              x10, x0, 52         x10:00000000
15536250ns          256001 1c009640 02a00613 addi             x12, x0, 42         x12=0000002a
15536290ns          256003 1c009644 2ac48663 beq              x9, x12, 684         x9:00000064 x12:0000002a
15536309ns          256004 1c009648 fd048613 addi             x12, x9, -48        x12=00000034  x9:00000064
15536329ns          256005 1c00964c 00900593 addi             x11, x0, 9          x11=00000009
15536349ns          256006 1c00964e 00000913 addi             x18, x0, 0          x18=00000000
15536389ns          256008 1c009650 28c5f063 bgeu             x11, x12, 640       x11:00000009 x12:00000034
15536429ns          256010 1c009654 02e00693 addi             x13, x0, 46         x13=0000002e
15536449ns          256011 1c009658 fff00a13 addi             x20, x0, -1         x20=ffffffff
15536469ns          256012 1c00965a 2ed48363 beq              x9, x13, 742         x9:00000064 x13:0000002e
15536488ns          256013 1c00965e 1c0007b7 lui              x15, 0x1c000000     x15=1c000000
15536508ns          256014 1c009662 009005b3 add              x11, x0, x9         x11=00000064  x9:00000064
15536528ns          256015 1c009664 1d478513 addi             x10, x15, 468       x10=1c0001d4 x15:1c000000
15536548ns          256016 1c009668 dbfff0ef jal              x1, -578             x1=1c00966a
15536608ns          256019 1c009426 00054783 lbu              x15, 0(x10)         x15=00000068 x10:1c0001d4  PA:1c0001d4
15536906ns          256034 1c00942a 0ff5f593 andi             x11, x11, 255       x11=00000064 x11:00000064
15536926ns          256035 1c00942e 00b78c63 beq              x15, x11, 24        x15:00000068 x11:00000064
15536946ns          256036 1c009432 00078b63 beq              x15, x0, 22         x15:00000068
15536966ns          256037 1c009434 00150793 addi             x15, x10, 1         x15=1c0001d5 x10:1c0001d4
15536986ns          256038 1c009438 0040006f jal              x0, 4              
15537026ns          256040 1c00943c 00f00533 add              x10, x0, x15        x10=1c0001d5 x15:1c0001d5
15537045ns          256041 1c00943e 0017c70b p.lbu            x14, 1(x15!)        x14=0000006c x15=1c0001d6 x15:1c0001d5  PA:1c0001d5
15537364ns          256057 1c009442 feb71ce3 bne              x14, x11, -8        x14:0000006c x11:00000064
15537423ns          256060 1c00943a 00070763 beq              x14, x0, 14         x14:0000006c
15537443ns          256061 1c00943c 00f00533 add              x10, x0, x15        x10=1c0001d6 x15:1c0001d6
15537463ns          256062 1c00943e 0017c70b p.lbu            x14, 1(x15!)        x14=0000004c x15=1c0001d7 x15:1c0001d6  PA:1c0001d6
15537781ns          256078 1c009442 feb71ce3 bne              x14, x11, -8        x14:0000004c x11:00000064
15537841ns          256081 1c00943a 00070763 beq              x14, x0, 14         x14:0000004c
15537861ns          256082 1c00943c 00f00533 add              x10, x0, x15        x10=1c0001d7 x15:1c0001d7
15537881ns          256083 1c00943e 0017c70b p.lbu            x14, 1(x15!)        x14=0000007a x15=1c0001d8 x15:1c0001d7  PA:1c0001d7
15538199ns          256099 1c009442 feb71ce3 bne              x14, x11, -8        x14:0000007a x11:00000064
15538259ns          256102 1c00943a 00070763 beq              x14, x0, 14         x14:0000007a
15538279ns          256103 1c00943c 00f00533 add              x10, x0, x15        x10=1c0001d8 x15:1c0001d8
15538299ns          256104 1c00943e 0017c70b p.lbu            x14, 1(x15!)        x14=00000000 x15=1c0001d9 x15:1c0001d8  PA:1c0001d8
15538637ns          256121 1c009442 feb71ce3 bne              x14, x11, -8        x14:00000000 x11:00000064
15538696ns          256124 1c00943a 00070763 beq              x14, x0, 14         x14:00000000
15538756ns          256127 1c009448 0015b593 sltiu            x11, x11, 1         x11=00000000 x11:00000064
15538776ns          256128 1c00944c 40b005b3 sub              x11, x0, x11        x11=00000000 x11:00000000
15538796ns          256129 1c009450 00b57533 and              x10, x10, x11       x10=00000000 x10:1c0001d8 x11:00000000
15538816ns          256130 1c009452 00008067 jalr             x0, x1, 0            x1:1c00966a
15538855ns          256132 1c00966a 01300433 add              x8, x0, x19          x8=1c000089 x19:1c000089
15538875ns          256133 1c00966c 00050563 beq              x10, x0, 10         x10:00000000
15538955ns          256137 1c009676 06700693 addi             x13, x0, 103        x13=00000067
15538975ns          256138 1c00967a 2896d963 bge              x13, x9, 658        x13:00000067  x9:00000064
15539074ns          256143 1c00990c 06500693 addi             x13, x0, 101        x13=00000065
15539134ns          256146 1c009910 12d4d563 bge              x9, x13, 298         x9:00000064 x13:00000065
15539174ns          256148 1c009914 04700693 addi             x13, x0, 71         x13=00000047
15539194ns          256149 1c009918 dc96cbe3 blt              x13, x9, -554       x13:00000047  x9:00000064
15539373ns          256158 1c0096ee 06300693 addi             x13, x0, 99         x13=00000063
15539412ns          256160 1c0096f2 0ad488e3 beq              x9, x13, 2224        x9:00000064 x13:00000063
15539432ns          256161 1c0096f6 0096c9e3 blt              x13, x9, 2066       x13:00000063  x9:00000064
15539591ns          256169 1c009f08 000c2583 lw               x11, 0(x24)         x11=00000003 x24:10001e30  PA:10001e30
15539631ns          256171 1c009f0c 004c0c13 addi             x24, x24, 4         x24=10001e34 x24:10001e30
15539691ns          256174 1c009f0e 3405cc63 blt              x11, x0, 856        x11:00000003
15539711ns          256175 1c009f12 01412603 lw               x12, 20(x2)         x12=00000000  x2:10001cd8  PA:10001cec
15539731ns          256176 1c009f14 00b006b3 add              x13, x0, x11        x13=00000003 x11:00000003
15539751ns          256177 1c009f16 2e061863 bne              x12, x0, 752        x12:00000000
15539770ns          256178 1c009f1a 01812703 lw               x14, 24(x2)         x14=00000000  x2:10001cd8  PA:10001cf0
15539790ns          256179 1c009f1c 019007b3 add              x15, x0, x25        x15=10001cfc x25:10001cfc
15539810ns          256180 1c009f1e 00070763 beq              x14, x0, 14         x14:00000000
15539870ns          256183 1c009f2c 00f00733 add              x14, x0, x15        x14=10001cfc x15:10001cfc
15539890ns          256184 1c009f2e 00a00513 addi             x10, x0, 10         x10=0000000a
15539930ns          256186 1c009f30 02a6f633 remu             x12, x13, x10       x12=00000003 x13:00000003 x10:0000000a
15540566ns          256218 1c009f34 02a6d6b3 divu             x13, x13, x10       x13=00000000 x13:00000003 x10:0000000a
15541183ns          256249 1c009f38 03060613 addi             x12, x12, 48        x12=00000033 x12:00000003
15541203ns          256250 1c009f3c 00c700ab p.sb             x12, 1(x14!)        x14=10001cfd x12:00000033 x14:10001cfc  PA:10001cfc
15541222ns          256251 1c009f40 fe0698e3 bne              x13, x0, -16        x13:00000000
15541242ns          256252 1c009f42 40f706b3 sub              x13, x14, x15       x13=00000001 x14:10001cfd x15:10001cfc
15541262ns          256253 1c009f46 0146dc63 bge              x13, x20, 24        x13:00000001 x20:ffffffff
15541382ns          256259 1c009f5e 00e006b3 add              x13, x0, x14        x13=10001cfd x14:10001cfd
15541441ns          256262 1c009f60 fe068fab p.sb             x0, -1(x13!)        x13=10001cfc x13:10001cfd  PA:10001cfd
15541481ns          256264 1c009f64 00d7fc63 bgeu             x15, x13, 24        x15:10001cfc x13:10001cfc
15541580ns          256269 1c009f7c 01412783 lw               x15, 20(x2)         x15=00000000  x2:10001cd8  PA:10001cec
15541600ns          256270 1c009f7e 01812603 lw               x12, 24(x2)         x12=00000000  x2:10001cd8  PA:10001cf0
15541660ns          256273 1c009f80 419704b3 sub              x9, x14, x25         x9=00000001 x14:10001cfd x25:10001cfc
15541700ns          256275 1c009f84 00c7e7b3 or               x15, x15, x12       x15=00000000 x15:00000000 x12:00000000
15541720ns          256276 1c009f86 00f12623 sw               x15, 12(x2)         x15:00000000  x2:10001cd8  PA:10001ce4
15541760ns          256278 1c009f88 00079363 bne              x15, x0, 6          x15:00000000
15541779ns          256279 1c009f8a 01f5d593 srli             x11, x11, 0x1f      x11=00000000 x11:00000003
15541799ns          256280 1c009f8c 00b12623 sw               x11, 12(x2)         x11:00000000  x2:10001cd8  PA:10001ce4
15541819ns          256281 1c009f8e e3fa28e3 p.beqimm         x20, -464           x20:ffffffff
15541939ns          256287 1c009dbe 0c800793 addi             x15, x0, 200        x15=000000c8
15541978ns          256289 1c009dc2 9e97d0e3 bge              x15, x9, -1568      x15:000000c8  x9:00000001
15542118ns          256296 1c0097a2 0f24d163 bge              x9, x18, 226         x9:00000001 x18:00000000
15542177ns          256299 1c009884 d00482e3 beq              x9, x0, -764         x9:00000001
15542197ns          256300 1c009888 01900933 add              x18, x0, x25        x18=10001cfc x25:10001cfc
15542217ns          256301 1c00988a 419d8db3 sub              x27, x27, x25       x27=efffe32e x27:0000002a x25:10001cfc
15542237ns          256302 1c00988e 00a0006f jal              x0, 10             
15542316ns          256306 1c009898 0019450b p.lbu            x10, 1(x18!)        x10=00000033 x18=10001cfd x18:10001cfc  PA:10001cfc
15542336ns          256307 1c00989c 01a005b3 add              x11, x0, x26        x11=00000002 x26:00000002
15542356ns          256308 1c00989e 000b00e7 jalr             x1, x22, 0           x1=1c0098a0 x22:1c0094a6
15542436ns          256312 1c0094a6 000026b7 lui              x13, 0x2000         x13=00002000
15542456ns          256313 1c0094a8 f14027f3 csrrs            x15, x0, 0xf14      x15=00000003
15542476ns          256314 1c0094ac f8068693 addi             x13, x13, -128      x13=00001f80 x13:00002000
15542495ns          256315 1c0094b0 00379713 slli             x14, x15, 0x3       x14=00000018 x15:00000003
15542515ns          256316 1c0094b4 00279793 slli             x15, x15, 0x2       x15=0000000c x15:00000003
15542535ns          256317 1c0094b6 00d7f7b3 and              x15, x15, x13       x15=00000000 x15:0000000c x13:00001f80
15542555ns          256318 1c0094b8 ee873733 p.bclr           x14, x14, 23, 8     x14=00000018 x14:00000018
15542575ns          256319 1c0094bc 1a10f6b7 lui              x13, 0x1a10f000     x13=1a10f000
15542615ns          256321 1c0094c0 0ff57513 andi             x10, x10, 255       x10=00000033 x10:00000033
15542655ns          256323 1c0094c4 00d70733 add              x14, x14, x13       x14=1a10f018 x14:00000018 x13:1a10f000
15542674ns          256324 1c0094c6 00a7e723 p.sw             x10, x0(x15)        x10:00000033 x15:00000000  PA:1a10f018
15542993ns          256340 1c0094ca 00000513 addi             x10, x0, 0          x10=00000000
15543013ns          256341 1c0094cc 00008067 jalr             x0, x1, 0            x1:1c0098a0
15543052ns          256343 1c0098a0 fff48493 addi             x9, x9, -1           x9=00000000  x9:00000001
15543072ns          256344 1c0098a2 fff537e3 p.bneimm         x10, -18            x10:00000000
15543132ns          256347 1c009890 012d8733 add              x14, x27, x18       x14=0000002b x27:efffe32e x18:10001cfd
15543152ns          256348 1c009894 5a048b63 beq              x9, x0, 1462         x9:00000000
15543271ns          256354 1c009e4a 00e00db3 add              x27, x0, x14        x27=0000002b x14:0000002b
15543311ns          256356 1c009e4c f3cff06f jal              x0, -2244          
15543450ns          256363 1c009588 00044503 lbu              x10, 0(x8)          x10=00000029  x8:1c000089  PA:1c000089
15543768ns          256379 1c00958c 00140413 addi             x8, x8, 1            x8=1c00008a  x8:1c000089
15543788ns          256380 1c00958e 00050e63 beq              x10, x0, 28         x10:00000029
15543808ns          256381 1c009590 02500793 addi             x15, x0, 37         x15=00000025
15543828ns          256382 1c009594 04f50863 beq              x10, x15, 80        x10:00000029 x15:00000025
15543848ns          256383 1c009598 01a005b3 add              x11, x0, x26        x11=00000002 x26:00000002
15543868ns          256384 1c00959a 000b00e7 jalr             x1, x22, 0           x1=1c00959c x22:1c0094a6
15543947ns          256388 1c0094a6 000026b7 lui              x13, 0x2000         x13=00002000
15543967ns          256389 1c0094a8 f14027f3 csrrs            x15, x0, 0xf14      x15=00000003
15543987ns          256390 1c0094ac f8068693 addi             x13, x13, -128      x13=00001f80 x13:00002000
15544007ns          256391 1c0094b0 00379713 slli             x14, x15, 0x3       x14=00000018 x15:00000003
15544027ns          256392 1c0094b4 00279793 slli             x15, x15, 0x2       x15=0000000c x15:00000003
15544047ns          256393 1c0094b6 00d7f7b3 and              x15, x15, x13       x15=00000000 x15:0000000c x13:00001f80
15544067ns          256394 1c0094b8 ee873733 p.bclr           x14, x14, 23, 8     x14=00000018 x14:00000018
15544087ns          256395 1c0094bc 1a10f6b7 lui              x13, 0x1a10f000     x13=1a10f000
15544107ns          256396 1c0094c0 0ff57513 andi             x10, x10, 255       x10=00000029 x10:00000029
15544127ns          256397 1c0094c4 00d70733 add              x14, x14, x13       x14=1a10f018 x14:00000018 x13:1a10f000
15544146ns          256398 1c0094c6 00a7e723 p.sw             x10, x0(x15)        x10:00000029 x15:00000000  PA:1a10f018
15544465ns          256414 1c0094ca 00000513 addi             x10, x0, 0          x10=00000000
15544485ns          256415 1c0094cc 00008067 jalr             x0, x1, 0            x1:1c00959c
15544524ns          256417 1c00959c 31f52563 p.beqimm         x10, 778            x10:00000000
15544544ns          256418 1c0095a0 001d8d93 addi             x27, x27, 1         x27=0000002c x27:0000002b
15544564ns          256419 1c0095a2 00044503 lbu              x10, 0(x8)          x10=0000000a  x8:1c00008a  PA:1c00008a
15544862ns          256434 1c0095a6 00140413 addi             x8, x8, 1            x8=1c00008b  x8:1c00008a
15544882ns          256435 1c0095a8 fe0514e3 bne              x10, x0, -24        x10:0000000a
15544942ns          256438 1c009590 02500793 addi             x15, x0, 37         x15=00000025
15544962ns          256439 1c009594 04f50863 beq              x10, x15, 80        x10:0000000a x15:00000025
15544982ns          256440 1c009598 01a005b3 add              x11, x0, x26        x11=00000002 x26:00000002
15545002ns          256441 1c00959a 000b00e7 jalr             x1, x22, 0           x1=1c00959c x22:1c0094a6
15545041ns          256443 1c0094a6 000026b7 lui              x13, 0x2000         x13=00002000
15545061ns          256444 1c0094a8 f14027f3 csrrs            x15, x0, 0xf14      x15=00000003
15545081ns          256445 1c0094ac f8068693 addi             x13, x13, -128      x13=00001f80 x13:00002000
15545101ns          256446 1c0094b0 00379713 slli             x14, x15, 0x3       x14=00000018 x15:00000003
15545121ns          256447 1c0094b4 00279793 slli             x15, x15, 0x2       x15=0000000c x15:00000003
15545141ns          256448 1c0094b6 00d7f7b3 and              x15, x15, x13       x15=00000000 x15:0000000c x13:00001f80
15545161ns          256449 1c0094b8 ee873733 p.bclr           x14, x14, 23, 8     x14=00000018 x14:00000018
15545181ns          256450 1c0094bc 1a10f6b7 lui              x13, 0x1a10f000     x13=1a10f000
15545201ns          256451 1c0094c0 0ff57513 andi             x10, x10, 255       x10=0000000a x10:0000000a
15545220ns          256452 1c0094c4 00d70733 add              x14, x14, x13       x14=1a10f018 x14:00000018 x13:1a10f000
15545240ns          256453 1c0094c6 00a7e723 p.sw             x10, x0(x15)        x10:0000000a x15:00000000  PA:1a10f018
15545559ns          256469 1c0094ca 00000513 addi             x10, x0, 0          x10=00000000
15545579ns          256470 1c0094cc 00008067 jalr             x0, x1, 0            x1:1c00959c
15545618ns          256472 1c00959c 31f52563 p.beqimm         x10, 778            x10:00000000
15545638ns          256473 1c0095a0 001d8d93 addi             x27, x27, 1         x27=0000002d x27:0000002c
15545658ns          256474 1c0095a2 00044503 lbu              x10, 0(x8)          x10=00000000  x8:1c00008b  PA:1c00008b
15545956ns          256489 1c0095a6 00140413 addi             x8, x8, 1            x8=1c00008c  x8:1c00008b
15545976ns          256490 1c0095a8 fe0514e3 bne              x10, x0, -24        x10:00000000
15545996ns          256491 1c0095aa 01b00433 add              x8, x0, x27          x8=0000002d x27:0000002d
15546016ns          256492 1c0095ac 00800533 add              x10, x0, x8         x10=0000002d  x8:0000002d
15546036ns          256493 1c0095ae 12c12083 lw               x1, 300(x2)          x1=1c00953a  x2:10001cd8  PA:10001e04
15546056ns          256494 1c0095b2 12812403 lw               x8, 296(x2)          x8=xxxxxxxx  x2:10001cd8  PA:10001e00
15546076ns          256495 1c0095b6 12412483 lw               x9, 292(x2)          x9=00000003  x2:10001cd8  PA:10001dfc
15546096ns          256496 1c0095ba 12012903 lw               x18, 288(x2)        x18=xxxxxxxx  x2:10001cd8  PA:10001df8
15546374ns          256510 1c0095be 11c12983 lw               x19, 284(x2)        x19=xxxxxxxx  x2:10001cd8  PA:10001df4
15546414ns          256512 1c0095c2 11812a03 lw               x20, 280(x2)        x20=xxxxxxxx  x2:10001cd8  PA:10001df0
15546434ns          256513 1c0095c6 11412a83 lw               x21, 276(x2)        x21=xxxxxxxx  x2:10001cd8  PA:10001dec
15546454ns          256514 1c0095ca 11012b03 lw               x22, 272(x2)        x22=xxxxxxxx  x2:10001cd8  PA:10001de8
15546891ns          256536 1c0095ce 10c12b83 lw               x23, 268(x2)        x23=xxxxxxxx  x2:10001cd8  PA:10001de4
15546931ns          256538 1c0095d2 10812c03 lw               x24, 264(x2)        x24=xxxxxxxx  x2:10001cd8  PA:10001de0
15546951ns          256539 1c0095d6 10412c83 lw               x25, 260(x2)        x25=xxxxxxxx  x2:10001cd8  PA:10001ddc
15546971ns          256540 1c0095da 10012d03 lw               x26, 256(x2)        x26=xxxxxxxx  x2:10001cd8  PA:10001dd8
15546991ns          256541 1c0095de 0fc12d83 lw               x27, 252(x2)        x27=xxxxxxxx  x2:10001cd8  PA:10001dd4
15547031ns          256543 1c0095e0 13010113 addi             x2, x2, 304          x2=10001e08  x2:10001cd8
15547050ns          256544 1c0095e2 00008067 jalr             x0, x1, 0            x1:1c00953a
15547130ns          256548 1c00953a 01c12083 lw               x1, 28(x2)           x1=1c008858  x2:10001e08  PA:10001e24
15547170ns          256550 1c00953c 04010113 addi             x2, x2, 64           x2=10001e48  x2:10001e08
15547190ns          256551 1c00953e 00008067 jalr             x0, x1, 0            x1:1c008858
15547309ns          256557 1c008858 00300793 addi             x15, x0, 3          x15=00000003
15547349ns          256559 1c00885a 0097f463 bgeu             x15, x9, 8          x15:00000003  x9:00000003
15547846ns          256584 1c008862 066020ef jal              x1, 8294             x1=1c008866
15548304ns          256607 1c00a8c8 f14027f3 csrrs            x15, x0, 0xf14      x15=00000003
15548343ns          256609 1c00a8cc 01f00713 addi             x14, x0, 31         x14=0000001f
15548781ns          256631 1c00a8ce ca5797b3 p.extractu       x15, x15, 5, 5      x15=00000000 x15:00000003
15548821ns          256633 1c00a8d2 00e78863 beq              x15, x14, 16        x15:00000000 x14:0000001f
15548841ns          256634 1c00a8d6 002047b7 lui              x15, 0x204000       x15=00204000
15548861ns          256635 1c00a8da 20078793 addi             x15, x15, 512       x15=00204200 x15:00204000
15549318ns          256658 1c00a8de 01c7e703 p.elw            x14, 28(x15)        x14=00010000 x15:00204200  PA:0020421c
15549437ns          256664 1c00a8e2 00008067 jalr             x0, x1, 0            x1:1c008866
15549497ns          256667 1c008866 f14027f3 csrrs            x15, x0, 0xf14      x15=00000003
15549517ns          256668 1c00886a f457b7b3 p.bclr           x15, x15, 26, 5     x15=00000003 x15:00000003
15550054ns          256695 1c00886e 2c078063 beq              x15, x0, 704        x15:00000003
15550094ns          256697 1c008872 1c0006b7 lui              x13, 0x1c000000     x13=1c000000
15550114ns          256698 1c008876 0586a683 lw               x13, 88(x13)        x13=3e800000 x13:1c000000  PA:1c000058
15550631ns          256724 1c00887a 1c010937 lui              x18, 0x1c010000     x18=1c010000
15550651ns          256725 1c00887e 00090913 addi             x18, x18, 0         x18=1c010000 x18:1c010000
15550690ns          256727 1c008882 04090713 addi             x14, x18, 64        x14=1c010040 x18:1c010000
15550710ns          256728 1c008886 00749793 slli             x15, x9, 0x7        x15=00000180  x9:00000003
15550730ns          256729 1c00888a 18d12623 sw               x13, 396(x2)        x13:3e800000  x2:10001e48  PA:10001fd4
15550750ns          256730 1c00888e 00100693 addi             x13, x0, 1          x13=00000001
15551168ns          256751 1c008890 10d12223 sw               x13, 260(x2)        x13:00000001  x2:10001e48  PA:10001f4c
15551208ns          256753 1c008894 00e787b3 add              x15, x15, x14       x15=1c0101c0 x15:00000180 x14:1c010040
15551228ns          256754 1c008896 00410713 addi             x14, x2, 4          x14=10001e4c  x2:10001e48
15551247ns          256755 1c008898 0086d0fb lp.setupi        0x1, 0x8, 0xd      
15551267ns          256756 1c00889c 0007a803 lw               x16, 0(x15)         x16=4097fa86 x15:1c0101c0  PA:1c0101c0
15551705ns          256778 1c0088a0 0047a503 lw               x10, 4(x15)         x10=410f0f32 x15:1c0101c0  PA:1c0101c4
15552003ns          256793 1c0088a2 0087a583 lw               x11, 8(x15)         x11=40dc00dc x15:1c0101c0  PA:1c0101c8
15552302ns          256808 1c0088a4 00c7a603 lw               x12, 12(x15)        x12=40d33298 x15:1c0101c0  PA:1c0101cc
15552600ns          256823 1c0088a6 01072023 sw               x16, 0(x14)         x16:4097fa86 x14:10001e4c  PA:10001e4c
15552620ns          256824 1c0088aa 00a72223 sw               x10, 4(x14)         x10:410f0f32 x14:10001e4c  PA:10001e50
15552640ns          256825 1c0088ac 00b72423 sw               x11, 8(x14)         x11:40dc00dc x14:10001e4c  PA:10001e54
15552660ns          256826 1c0088ae 00c72623 sw               x12, 12(x14)        x12:40d33298 x14:10001e4c  PA:10001e58
15552680ns          256827 1c0088b0 01078793 addi             x15, x15, 16        x15=1c0101d0 x15:1c0101c0
15552699ns          256828 1c0088b2 01070713 addi             x14, x14, 16        x14=10001e5c x14:10001e4c
15552719ns          256829 1c00889c 0007a803 lw               x16, 0(x15)         x16=40f7eaf0 x15:1c0101d0  PA:1c0101d0
15553018ns          256844 1c0088a0 0047a503 lw               x10, 4(x15)         x10=41015e33 x15:1c0101d0  PA:1c0101d4
15553316ns          256859 1c0088a2 0087a583 lw               x11, 8(x15)         x11=404b7ffb x15:1c0101d0  PA:1c0101d8
15553614ns          256874 1c0088a4 00c7a603 lw               x12, 12(x15)        x12=3dc37e14 x15:1c0101d0  PA:1c0101dc
15553913ns          256889 1c0088a6 01072023 sw               x16, 0(x14)         x16:40f7eaf0 x14:10001e5c  PA:10001e5c
15553933ns          256890 1c0088aa 00a72223 sw               x10, 4(x14)         x10:41015e33 x14:10001e5c  PA:10001e60
15553953ns          256891 1c0088ac 00b72423 sw               x11, 8(x14)         x11:404b7ffb x14:10001e5c  PA:10001e64
15553972ns          256892 1c0088ae 00c72623 sw               x12, 12(x14)        x12:3dc37e14 x14:10001e5c  PA:10001e68
15553992ns          256893 1c0088b0 01078793 addi             x15, x15, 16        x15=1c0101e0 x15:1c0101d0
15554012ns          256894 1c0088b2 01070713 addi             x14, x14, 16        x14=10001e6c x14:10001e5c
15554032ns          256895 1c00889c 0007a803 lw               x16, 0(x15)         x16=41124769 x15:1c0101e0  PA:1c0101e0
15554330ns          256910 1c0088a0 0047a503 lw               x10, 4(x15)         x10=3f79aaa1 x15:1c0101e0  PA:1c0101e4
15554649ns          256926 1c0088a2 0087a583 lw               x11, 8(x15)         x11=410a4a76 x15:1c0101e0  PA:1c0101e8
15554947ns          256941 1c0088a4 00c7a603 lw               x12, 12(x15)        x12=41193f61 x15:1c0101e0  PA:1c0101ec
15555245ns          256956 1c0088a6 01072023 sw               x16, 0(x14)         x16:41124769 x14:10001e6c  PA:10001e6c
15555265ns          256957 1c0088aa 00a72223 sw               x10, 4(x14)         x10:3f79aaa1 x14:10001e6c  PA:10001e70
15555285ns          256958 1c0088ac 00b72423 sw               x11, 8(x14)         x11:410a4a76 x14:10001e6c  PA:10001e74
15555305ns          256959 1c0088ae 00c72623 sw               x12, 12(x14)        x12:41193f61 x14:10001e6c  PA:10001e78
15555325ns          256960 1c0088b0 01078793 addi             x15, x15, 16        x15=1c0101f0 x15:1c0101e0
15555345ns          256961 1c0088b2 01070713 addi             x14, x14, 16        x14=10001e7c x14:10001e6c
15555365ns          256962 1c00889c 0007a803 lw               x16, 0(x15)         x16=410a66fa x15:1c0101f0  PA:1c0101f0
15555663ns          256977 1c0088a0 0047a503 lw               x10, 4(x15)         x10=40d7a5ad x15:1c0101f0  PA:1c0101f4
15555981ns          256993 1c0088a2 0087a583 lw               x11, 8(x15)         x11=40b1f8f4 x15:1c0101f0  PA:1c0101f8
15556280ns          257008 1c0088a4 00c7a603 lw               x12, 12(x15)        x12=40906ef4 x15:1c0101f0  PA:1c0101fc
15556578ns          257023 1c0088a6 01072023 sw               x16, 0(x14)         x16:410a66fa x14:10001e7c  PA:10001e7c
15556598ns          257024 1c0088aa 00a72223 sw               x10, 4(x14)         x10:40d7a5ad x14:10001e7c  PA:10001e80
15556618ns          257025 1c0088ac 00b72423 sw               x11, 8(x14)         x11:40b1f8f4 x14:10001e7c  PA:10001e84
15556638ns          257026 1c0088ae 00c72623 sw               x12, 12(x14)        x12:40906ef4 x14:10001e7c  PA:10001e88
15556658ns          257027 1c0088b0 01078793 addi             x15, x15, 16        x15=1c010200 x15:1c0101f0
15556678ns          257028 1c0088b2 01070713 addi             x14, x14, 16        x14=10001e8c x14:10001e7c
15556697ns          257029 1c00889c 0007a803 lw               x16, 0(x15)         x16=405329d3 x15:1c010200  PA:1c010200
15556996ns          257044 1c0088a0 0047a503 lw               x10, 4(x15)         x10=3f611a93 x15:1c010200  PA:1c010204
15557314ns          257060 1c0088a2 0087a583 lw               x11, 8(x15)         x11=4054357e x15:1c010200  PA:1c010208
15557612ns          257075 1c0088a4 00c7a603 lw               x12, 12(x15)        x12=4107ac47 x15:1c010200  PA:1c01020c
15557911ns          257090 1c0088a6 01072023 sw               x16, 0(x14)         x16:405329d3 x14:10001e8c  PA:10001e8c
15557931ns          257091 1c0088aa 00a72223 sw               x10, 4(x14)         x10:3f611a93 x14:10001e8c  PA:10001e90
15557951ns          257092 1c0088ac 00b72423 sw               x11, 8(x14)         x11:4054357e x14:10001e8c  PA:10001e94
15557970ns          257093 1c0088ae 00c72623 sw               x12, 12(x14)        x12:4107ac47 x14:10001e8c  PA:10001e98
15557990ns          257094 1c0088b0 01078793 addi             x15, x15, 16        x15=1c010210 x15:1c010200
15558010ns          257095 1c0088b2 01070713 addi             x14, x14, 16        x14=10001e9c x14:10001e8c
15558030ns          257096 1c00889c 0007a803 lw               x16, 0(x15)         x16=3f50e99b x15:1c010210  PA:1c010210
15558329ns          257111 1c0088a0 0047a503 lw               x10, 4(x15)         x10=3fb3178e x15:1c010210  PA:1c010214
15558647ns          257127 1c0088a2 0087a583 lw               x11, 8(x15)         x11=4037dbd0 x15:1c010210  PA:1c010218
15558945ns          257142 1c0088a4 00c7a603 lw               x12, 12(x15)        x12=41047bdb x15:1c010210  PA:1c01021c
15559243ns          257157 1c0088a6 01072023 sw               x16, 0(x14)         x16:3f50e99b x14:10001e9c  PA:10001e9c
15559263ns          257158 1c0088aa 00a72223 sw               x10, 4(x14)         x10:3fb3178e x14:10001e9c  PA:10001ea0
15559283ns          257159 1c0088ac 00b72423 sw               x11, 8(x14)         x11:4037dbd0 x14:10001e9c  PA:10001ea4
15559303ns          257160 1c0088ae 00c72623 sw               x12, 12(x14)        x12:41047bdb x14:10001e9c  PA:10001ea8
15559323ns          257161 1c0088b0 01078793 addi             x15, x15, 16        x15=1c010220 x15:1c010210
15559343ns          257162 1c0088b2 01070713 addi             x14, x14, 16        x14=10001eac x14:10001e9c
15559363ns          257163 1c00889c 0007a803 lw               x16, 0(x15)         x16=40b18893 x15:1c010220  PA:1c010220
15559661ns          257178 1c0088a0 0047a503 lw               x10, 4(x15)         x10=404d09e3 x15:1c010220  PA:1c010224
15559979ns          257194 1c0088a2 0087a583 lw               x11, 8(x15)         x11=40f97f19 x15:1c010220  PA:1c010228
15560278ns          257209 1c0088a4 00c7a603 lw               x12, 12(x15)        x12=410c6324 x15:1c010220  PA:1c01022c
15560576ns          257224 1c0088a6 01072023 sw               x16, 0(x14)         x16:40b18893 x14:10001eac  PA:10001eac
15560596ns          257225 1c0088aa 00a72223 sw               x10, 4(x14)         x10:404d09e3 x14:10001eac  PA:10001eb0
15560616ns          257226 1c0088ac 00b72423 sw               x11, 8(x14)         x11:40f97f19 x14:10001eac  PA:10001eb4
15560636ns          257227 1c0088ae 00c72623 sw               x12, 12(x14)        x12:410c6324 x14:10001eac  PA:10001eb8
15560656ns          257228 1c0088b0 01078793 addi             x15, x15, 16        x15=1c010230 x15:1c010220
15560676ns          257229 1c0088b2 01070713 addi             x14, x14, 16        x14=10001ebc x14:10001eac
15560696ns          257230 1c00889c 0007a803 lw               x16, 0(x15)         x16=40b6a962 x15:1c010230  PA:1c010230
15560994ns          257245 1c0088a0 0047a503 lw               x10, 4(x15)         x10=40b308b3 x15:1c010230  PA:1c010234
15561312ns          257261 1c0088a2 0087a583 lw               x11, 8(x15)         x11=40e36cc8 x15:1c010230  PA:1c010238
15561610ns          257276 1c0088a4 00c7a603 lw               x12, 12(x15)        x12=40548f96 x15:1c010230  PA:1c01023c
15561909ns          257291 1c0088a6 01072023 sw               x16, 0(x14)         x16:40b6a962 x14:10001ebc  PA:10001ebc
15561929ns          257292 1c0088aa 00a72223 sw               x10, 4(x14)         x10:40b308b3 x14:10001ebc  PA:10001ec0
15561949ns          257293 1c0088ac 00b72423 sw               x11, 8(x14)         x11:40e36cc8 x14:10001ebc  PA:10001ec4
15561969ns          257294 1c0088ae 00c72623 sw               x12, 12(x14)        x12:40548f96 x14:10001ebc  PA:10001ec8
15561988ns          257295 1c0088b0 01078793 addi             x15, x15, 16        x15=1c010240 x15:1c010230
15562008ns          257296 1c0088b2 01070713 addi             x14, x14, 16        x14=10001ecc x14:10001ebc
15562028ns          257297 1c0088b4 10c10693 addi             x13, x2, 268        x13=10001f54  x2:10001e48
15562048ns          257298 1c0088b6 00000713 addi             x14, x0, 0          x14=00000000
15562068ns          257299 1c0088b8 020250fb lp.setupi        0x1, 0x20, 0x4     
15562088ns          257300 1c0088bc 00e6a22b p.sw             x14, 4(x13!)        x13=10001f58 x14:00000000 x13:10001f54  PA:10001f54
15562486ns          257320 1c0088c0 00170713 addi             x14, x14, 1         x14=00000001 x14:00000000
15562525ns          257322 1c0088bc 00e6a22b p.sw             x14, 4(x13!)        x13=10001f5c x14:00000001 x13:10001f58  PA:10001f58
15562545ns          257323 1c0088c0 00170713 addi             x14, x14, 1         x14=00000002 x14:00000001
15562565ns          257324 1c0088bc 00e6a22b p.sw             x14, 4(x13!)        x13=10001f60 x14:00000002 x13:10001f5c  PA:10001f5c
15562585ns          257325 1c0088c0 00170713 addi             x14, x14, 1         x14=00000003 x14:00000002
15562605ns          257326 1c0088bc 00e6a22b p.sw             x14, 4(x13!)        x13=10001f64 x14:00000003 x13:10001f60  PA:10001f60
15562625ns          257327 1c0088c0 00170713 addi             x14, x14, 1         x14=00000004 x14:00000003
15562645ns          257328 1c0088bc 00e6a22b p.sw             x14, 4(x13!)        x13=10001f68 x14:00000004 x13:10001f64  PA:10001f64
15562665ns          257329 1c0088c0 00170713 addi             x14, x14, 1         x14=00000005 x14:00000004
15562685ns          257330 1c0088bc 00e6a22b p.sw             x14, 4(x13!)        x13=10001f6c x14:00000005 x13:10001f68  PA:10001f68
15562704ns          257331 1c0088c0 00170713 addi             x14, x14, 1         x14=00000006 x14:00000005
15562724ns          257332 1c0088bc 00e6a22b p.sw             x14, 4(x13!)        x13=10001f70 x14:00000006 x13:10001f6c  PA:10001f6c
15562744ns          257333 1c0088c0 00170713 addi             x14, x14, 1         x14=00000007 x14:00000006
15562764ns          257334 1c0088bc 00e6a22b p.sw             x14, 4(x13!)        x13=10001f74 x14:00000007 x13:10001f70  PA:10001f70
15562784ns          257335 1c0088c0 00170713 addi             x14, x14, 1         x14=00000008 x14:00000007
15562804ns          257336 1c0088bc 00e6a22b p.sw             x14, 4(x13!)        x13=10001f78 x14:00000008 x13:10001f74  PA:10001f74
15562824ns          257337 1c0088c0 00170713 addi             x14, x14, 1         x14=00000009 x14:00000008
15562844ns          257338 1c0088bc 00e6a22b p.sw             x14, 4(x13!)        x13=10001f7c x14:00000009 x13:10001f78  PA:10001f78
15562864ns          257339 1c0088c0 00170713 addi             x14, x14, 1         x14=0000000a x14:00000009
15562883ns          257340 1c0088bc 00e6a22b p.sw             x14, 4(x13!)        x13=10001f80 x14:0000000a x13:10001f7c  PA:10001f7c
15562903ns          257341 1c0088c0 00170713 addi             x14, x14, 1         x14=0000000b x14:0000000a
15562923ns          257342 1c0088bc 00e6a22b p.sw             x14, 4(x13!)        x13=10001f84 x14:0000000b x13:10001f80  PA:10001f80
15562943ns          257343 1c0088c0 00170713 addi             x14, x14, 1         x14=0000000c x14:0000000b
15562963ns          257344 1c0088bc 00e6a22b p.sw             x14, 4(x13!)        x13=10001f88 x14:0000000c x13:10001f84  PA:10001f84
15562983ns          257345 1c0088c0 00170713 addi             x14, x14, 1         x14=0000000d x14:0000000c
15563003ns          257346 1c0088bc 00e6a22b p.sw             x14, 4(x13!)        x13=10001f8c x14:0000000d x13:10001f88  PA:10001f88
15563023ns          257347 1c0088c0 00170713 addi             x14, x14, 1         x14=0000000e x14:0000000d
15563043ns          257348 1c0088bc 00e6a22b p.sw             x14, 4(x13!)        x13=10001f90 x14:0000000e x13:10001f8c  PA:10001f8c
15563063ns          257349 1c0088c0 00170713 addi             x14, x14, 1         x14=0000000f x14:0000000e
15563082ns          257350 1c0088bc 00e6a22b p.sw             x14, 4(x13!)        x13=10001f94 x14:0000000f x13:10001f90  PA:10001f90
15563102ns          257351 1c0088c0 00170713 addi             x14, x14, 1         x14=00000010 x14:0000000f
15563122ns          257352 1c0088bc 00e6a22b p.sw             x14, 4(x13!)        x13=10001f98 x14:00000010 x13:10001f94  PA:10001f94
15563142ns          257353 1c0088c0 00170713 addi             x14, x14, 1         x14=00000011 x14:00000010
15563162ns          257354 1c0088bc 00e6a22b p.sw             x14, 4(x13!)        x13=10001f9c x14:00000011 x13:10001f98  PA:10001f98
15563182ns          257355 1c0088c0 00170713 addi             x14, x14, 1         x14=00000012 x14:00000011
15563202ns          257356 1c0088bc 00e6a22b p.sw             x14, 4(x13!)        x13=10001fa0 x14:00000012 x13:10001f9c  PA:10001f9c
15563222ns          257357 1c0088c0 00170713 addi             x14, x14, 1         x14=00000013 x14:00000012
15563242ns          257358 1c0088bc 00e6a22b p.sw             x14, 4(x13!)        x13=10001fa4 x14:00000013 x13:10001fa0  PA:10001fa0
15563261ns          257359 1c0088c0 00170713 addi             x14, x14, 1         x14=00000014 x14:00000013
15563281ns          257360 1c0088bc 00e6a22b p.sw             x14, 4(x13!)        x13=10001fa8 x14:00000014 x13:10001fa4  PA:10001fa4
15563301ns          257361 1c0088c0 00170713 addi             x14, x14, 1         x14=00000015 x14:00000014
15563321ns          257362 1c0088bc 00e6a22b p.sw             x14, 4(x13!)        x13=10001fac x14:00000015 x13:10001fa8  PA:10001fa8
15563341ns          257363 1c0088c0 00170713 addi             x14, x14, 1         x14=00000016 x14:00000015
15563361ns          257364 1c0088bc 00e6a22b p.sw             x14, 4(x13!)        x13=10001fb0 x14:00000016 x13:10001fac  PA:10001fac
15563381ns          257365 1c0088c0 00170713 addi             x14, x14, 1         x14=00000017 x14:00000016
15563401ns          257366 1c0088bc 00e6a22b p.sw             x14, 4(x13!)        x13=10001fb4 x14:00000017 x13:10001fb0  PA:10001fb0
15563421ns          257367 1c0088c0 00170713 addi             x14, x14, 1         x14=00000018 x14:00000017
15563440ns          257368 1c0088bc 00e6a22b p.sw             x14, 4(x13!)        x13=10001fb8 x14:00000018 x13:10001fb4  PA:10001fb4
15563460ns          257369 1c0088c0 00170713 addi             x14, x14, 1         x14=00000019 x14:00000018
15563480ns          257370 1c0088bc 00e6a22b p.sw             x14, 4(x13!)        x13=10001fbc x14:00000019 x13:10001fb8  PA:10001fb8
15563500ns          257371 1c0088c0 00170713 addi             x14, x14, 1         x14=0000001a x14:00000019
15563520ns          257372 1c0088bc 00e6a22b p.sw             x14, 4(x13!)        x13=10001fc0 x14:0000001a x13:10001fbc  PA:10001fbc
15563540ns          257373 1c0088c0 00170713 addi             x14, x14, 1         x14=0000001b x14:0000001a
15563560ns          257374 1c0088bc 00e6a22b p.sw             x14, 4(x13!)        x13=10001fc4 x14:0000001b x13:10001fc0  PA:10001fc0
15563580ns          257375 1c0088c0 00170713 addi             x14, x14, 1         x14=0000001c x14:0000001b
15563600ns          257376 1c0088bc 00e6a22b p.sw             x14, 4(x13!)        x13=10001fc8 x14:0000001c x13:10001fc4  PA:10001fc4
15563619ns          257377 1c0088c0 00170713 addi             x14, x14, 1         x14=0000001d x14:0000001c
15563639ns          257378 1c0088bc 00e6a22b p.sw             x14, 4(x13!)        x13=10001fcc x14:0000001d x13:10001fc8  PA:10001fc8
15563659ns          257379 1c0088c0 00170713 addi             x14, x14, 1         x14=0000001e x14:0000001d
15563679ns          257380 1c0088bc 00e6a22b p.sw             x14, 4(x13!)        x13=10001fd0 x14:0000001e x13:10001fcc  PA:10001fcc
15563699ns          257381 1c0088c0 00170713 addi             x14, x14, 1         x14=0000001f x14:0000001e
15563719ns          257382 1c0088bc 00e6a22b p.sw             x14, 4(x13!)        x13=10001fd4 x14:0000001f x13:10001fd0  PA:10001fd0
15563739ns          257383 1c0088c0 00170713 addi             x14, x14, 1         x14=00000020 x14:0000001f
15563759ns          257384 1c0088c2 02000613 addi             x12, x0, 32         x12=00000020
15563779ns          257385 1c0088c6 10c10593 addi             x11, x2, 268        x11=10001f54  x2:10001e48
15563798ns          257386 1c0088c8 00410513 addi             x10, x2, 4          x10=10001e4c  x2:10001e48
15563818ns          257387 1c0088ca adfff0ef jal              x1, -1314            x1=1c0088cc
15564694ns          257431 1c0083a8 f8010113 addi             x2, x2, -128         x2=10001dc8  x2:10001e48
15564733ns          257433 1c0083aa 40165693 srai             x13, x12, 0x401     x13=00000010 x12:00000020
15564753ns          257434 1c0083ae 05712e23 sw               x23, 92(x2)         x23:xxxxxxxx  x2:10001dc8  PA:10001e24
15565171ns          257455 1c0083b0 06112e23 sw               x1, 124(x2)          x1:1c0088cc  x2:10001dc8  PA:10001e44
15565191ns          257456 1c0083b2 06812c23 sw               x8, 120(x2)          x8:xxxxxxxx  x2:10001dc8  PA:10001e40
15565211ns          257457 1c0083b4 06912a23 sw               x9, 116(x2)          x9:00000003  x2:10001dc8  PA:10001e3c
15565231ns          257458 1c0083b6 07212823 sw               x18, 112(x2)        x18:1c010000  x2:10001dc8  PA:10001e38
15565250ns          257459 1c0083b8 07312623 sw               x19, 108(x2)        x19:xxxxxxxx  x2:10001dc8  PA:10001e34
15565270ns          257460 1c0083ba 07412423 sw               x20, 104(x2)        x20:xxxxxxxx  x2:10001dc8  PA:10001e30
15565290ns          257461 1c0083bc 07512223 sw               x21, 100(x2)        x21:xxxxxxxx  x2:10001dc8  PA:10001e2c
15565310ns          257462 1c0083be 07612023 sw               x22, 96(x2)         x22:xxxxxxxx  x2:10001dc8  PA:10001e28
15565688ns          257481 1c0083c0 05812c23 sw               x24, 88(x2)         x24:xxxxxxxx  x2:10001dc8  PA:10001e20
15565708ns          257482 1c0083c2 05912a23 sw               x25, 84(x2)         x25:xxxxxxxx  x2:10001dc8  PA:10001e1c
15565728ns          257483 1c0083c4 05a12823 sw               x26, 80(x2)         x26:xxxxxxxx  x2:10001dc8  PA:10001e18
15565748ns          257484 1c0083c6 05b12623 sw               x27, 76(x2)         x27:xxxxxxxx  x2:10001dc8  PA:10001e14
15565768ns          257485 1c0083c8 02c12a23 sw               x12, 52(x2)         x12:00000020  x2:10001dc8  PA:10001dfc
15565788ns          257486 1c0083ca 00d12e23 sw               x13, 28(x2)         x13:00000010  x2:10001dc8  PA:10001de4
15565807ns          257487 1c0083cc 02b12423 sw               x11, 40(x2)         x11:10001f54  x2:10001dc8  PA:10001df0
15565827ns          257488 1c0083ce 00a00bb3 add              x23, x0, x10        x23=10001e4c x10:10001e4c
15566205ns          257507 1c0083d0 04d05263 bge              x0, x13, 68         x13:00000010
15566245ns          257509 1c0083d4 00b00833 add              x16, x0, x11        x16=10001f54 x11:10001f54
15566265ns          257510 1c0083d6 00269593 slli             x11, x13, 0x2       x11=00000040 x13:00000010
15566285ns          257511 1c0083da 00261513 slli             x10, x12, 0x2       x10=00000080 x12:00000020
15566305ns          257512 1c0083de ffc58593 addi             x11, x11, -4        x11=0000003c x11:00000040
15566742ns          257534 1c0083e0 ffc50513 addi             x10, x10, -4        x10=0000007c x10:00000080
15566762ns          257535 1c0083e2 0025d593 srli             x11, x11, 0x2       x11=0000000f x11:0000003c
15566782ns          257536 1c0083e4 01050533 add              x10, x10, x16       x10=10001fd0 x10:0000007c x16:10001f54
15566802ns          257537 1c0083e6 00158593 addi             x11, x11, 1         x11=00000010 x11:0000000f
15566822ns          257538 1c0083e8 0125c0fb lp.setup         0x1, x11, 0x12      x11:00000010
15566842ns          257539 1c0083ec 0048278b p.lw             x15, 4(x16!)        x15=00000000 x16=10001f58 x16:10001f54  PA:10001f54
15567259ns          257560 1c0083f0 ffc5270b p.lw             x14, -4(x10!)       x14=0000001f x10=10001fcc x10:10001fd0  PA:10001fd0
15567299ns          257562 1c0083f4 00279793 slli             x15, x15, 0x2       x15=00000000 x15:00000000
15567319ns          257563 1c0083f6 00271713 slli             x14, x14, 0x2       x14=0000007c x14:0000001f
15567339ns          257564 1c0083f8 017787b3 add              x15, x15, x23       x15=10001e4c x15:00000000 x23:10001e4c
15567359ns          257565 1c0083fa 01770733 add              x14, x14, x23       x14=10001ec8 x14:0000007c x23:10001e4c
15567379ns          257566 1c0083fc 0007a683 lw               x13, 0(x15)         x13=4097fa86 x15:10001e4c  PA:10001e4c
15567399ns          257567 1c0083fe 00072603 lw               x12, 0(x14)         x12=40548f96 x14:10001ec8  PA:10001ec8
15567777ns          257586 1c008400 08c6f8d3 fsub.s           f17, f13, f12       f17=xxxxxxxx f13:4097fa86 f12:40548f96
15567816ns          257588 1c008404 00c6f6d3 fadd.s           f13, f13, f12       f13=xxxxxxxx f13:4097fa86 f12:40548f96
15567836ns          257589 1c008408 01172023 sw               x17, 0(x14)         x17:3fb6caec x14:10001ec8  PA:10001ec8
15567856ns          257590 1c00840c 00d7a023 sw               x13, 0(x15)         x13:41012128 x15:10001e4c  PA:10001e4c
15567896ns          257592 1c0083ec 0048278b p.lw             x15, 4(x16!)        x15=00000001 x16=10001f5c x16:10001f58  PA:10001f58
15567916ns          257593 1c0083f0 ffc5270b p.lw             x14, -4(x10!)       x14=0000001e x10=10001fc8 x10:10001fcc  PA:10001fcc
15567936ns          257594 1c0083f4 00279793 slli             x15, x15, 0x2       x15=00000004 x15:00000001
15567956ns          257595 1c0083f6 00271713 slli             x14, x14, 0x2       x14=00000078 x14:0000001e
15567976ns          257596 1c0083f8 017787b3 add              x15, x15, x23       x15=10001e50 x15:00000004 x23:10001e4c
15567995ns          257597 1c0083fa 01770733 add              x14, x14, x23       x14=10001ec4 x14:00000078 x23:10001e4c
15568015ns          257598 1c0083fc 0007a683 lw               x13, 0(x15)         x13=410f0f32 x15:10001e50  PA:10001e50
15568035ns          257599 1c0083fe 00072603 lw               x12, 0(x14)         x12=40e36cc8 x14:10001ec4  PA:10001ec4
15568075ns          257601 1c008400 08c6f8d3 fsub.s           f17, f13, f12       f17=xxxxxxxx f13:410f0f32 f12:40e36cc8
15568095ns          257602 1c008404 00c6f6d3 fadd.s           f13, f13, f12       f13=xxxxxxxx f13:410f0f32 f12:40e36cc8
15568115ns          257603 1c008408 01172023 sw               x17, 0(x14)         x17:3feac670 x14:10001ec4  PA:10001ec4
15568155ns          257605 1c00840c 00d7a023 sw               x13, 0(x15)         x13:418062cb x15:10001e50  PA:10001e50
15568552ns          257625 1c0083ec 0048278b p.lw             x15, 4(x16!)        x15=00000002 x16=10001f60 x16:10001f5c  PA:10001f5c
15568572ns          257626 1c0083f0 ffc5270b p.lw             x14, -4(x10!)       x14=0000001d x10=10001fc4 x10:10001fc8  PA:10001fc8
15568592ns          257627 1c0083f4 00279793 slli             x15, x15, 0x2       x15=00000008 x15:00000002
15568612ns          257628 1c0083f6 00271713 slli             x14, x14, 0x2       x14=00000074 x14:0000001d
15568632ns          257629 1c0083f8 017787b3 add              x15, x15, x23       x15=10001e54 x15:00000008 x23:10001e4c
15568652ns          257630 1c0083fa 01770733 add              x14, x14, x23       x14=10001ec0 x14:00000074 x23:10001e4c
15568672ns          257631 1c0083fc 0007a683 lw               x13, 0(x15)         x13=40dc00dc x15:10001e54  PA:10001e54
15568692ns          257632 1c0083fe 00072603 lw               x12, 0(x14)         x12=40b308b3 x14:10001ec0  PA:10001ec0
15568731ns          257634 1c008400 08c6f8d3 fsub.s           f17, f13, f12       f17=xxxxxxxx f13:40dc00dc f12:40b308b3
15568751ns          257635 1c008404 00c6f6d3 fadd.s           f13, f13, f12       f13=xxxxxxxx f13:40dc00dc f12:40b308b3
15568771ns          257636 1c008408 01172023 sw               x17, 0(x14)         x17:3fa3e0a4 x14:10001ec0  PA:10001ec0
15568811ns          257638 1c00840c 00d7a023 sw               x13, 0(x15)         x13:414784c8 x15:10001e54  PA:10001e54
15568831ns          257639 1c0083ec 0048278b p.lw             x15, 4(x16!)        x15=00000003 x16=10001f64 x16:10001f60  PA:10001f60
15568851ns          257640 1c0083f0 ffc5270b p.lw             x14, -4(x10!)       x14=0000001c x10=10001fc0 x10:10001fc4  PA:10001fc4
15568871ns          257641 1c0083f4 00279793 slli             x15, x15, 0x2       x15=0000000c x15:00000003
15568890ns          257642 1c0083f6 00271713 slli             x14, x14, 0x2       x14=00000070 x14:0000001c
15568910ns          257643 1c0083f8 017787b3 add              x15, x15, x23       x15=10001e58 x15:0000000c x23:10001e4c
15568930ns          257644 1c0083fa 01770733 add              x14, x14, x23       x14=10001ebc x14:00000070 x23:10001e4c
15568950ns          257645 1c0083fc 0007a683 lw               x13, 0(x15)         x13=40d33298 x15:10001e58  PA:10001e58
15568970ns          257646 1c0083fe 00072603 lw               x12, 0(x14)         x12=40b6a962 x14:10001ebc  PA:10001ebc
15569010ns          257648 1c008400 08c6f8d3 fsub.s           f17, f13, f12       f17=xxxxxxxx f13:40d33298 f12:40b6a962
15569030ns          257649 1c008404 00c6f6d3 fadd.s           f13, f13, f12       f13=xxxxxxxx f13:40d33298 f12:40b6a962
15569050ns          257650 1c008408 01172023 sw               x17, 0(x14)         x17:3f6449b0 x14:10001ebc  PA:10001ebc
15569070ns          257651 1c00840c 00d7a023 sw               x13, 0(x15)         x13:4144edfd x15:10001e58  PA:10001e58
15569089ns          257652 1c0083ec 0048278b p.lw             x15, 4(x16!)        x15=00000004 x16=10001f68 x16:10001f64  PA:10001f64
15569109ns          257653 1c0083f0 ffc5270b p.lw             x14, -4(x10!)       x14=0000001b x10=10001fbc x10:10001fc0  PA:10001fc0
15569129ns          257654 1c0083f4 00279793 slli             x15, x15, 0x2       x15=00000010 x15:00000004
15569149ns          257655 1c0083f6 00271713 slli             x14, x14, 0x2       x14=0000006c x14:0000001b
15569169ns          257656 1c0083f8 017787b3 add              x15, x15, x23       x15=10001e5c x15:00000010 x23:10001e4c
15569189ns          257657 1c0083fa 01770733 add              x14, x14, x23       x14=10001eb8 x14:0000006c x23:10001e4c
15569209ns          257658 1c0083fc 0007a683 lw               x13, 0(x15)         x13=40f7eaf0 x15:10001e5c  PA:10001e5c
15569229ns          257659 1c0083fe 00072603 lw               x12, 0(x14)         x12=410c6324 x14:10001eb8  PA:10001eb8
15569268ns          257661 1c008400 08c6f8d3 fsub.s           f17, f13, f12       f17=xxxxxxxx f13:40f7eaf0 f12:410c6324
15569288ns          257662 1c008404 00c6f6d3 fadd.s           f13, f13, f12       f13=xxxxxxxx f13:40f7eaf0 f12:410c6324
15569308ns          257663 1c008408 01172023 sw               x17, 0(x14)         x17:bf836d60 x14:10001eb8  PA:10001eb8
15569328ns          257664 1c00840c 00d7a023 sw               x13, 0(x15)         x13:41842c4e x15:10001e5c  PA:10001e5c
15569348ns          257665 1c0083ec 0048278b p.lw             x15, 4(x16!)        x15=00000005 x16=10001f6c x16:10001f68  PA:10001f68
15569368ns          257666 1c0083f0 ffc5270b p.lw             x14, -4(x10!)       x14=0000001a x10=10001fb8 x10:10001fbc  PA:10001fbc
15569388ns          257667 1c0083f4 00279793 slli             x15, x15, 0x2       x15=00000014 x15:00000005
15569408ns          257668 1c0083f6 00271713 slli             x14, x14, 0x2       x14=00000068 x14:0000001a
15569428ns          257669 1c0083f8 017787b3 add              x15, x15, x23       x15=10001e60 x15:00000014 x23:10001e4c
15569447ns          257670 1c0083fa 01770733 add              x14, x14, x23       x14=10001eb4 x14:00000068 x23:10001e4c
15569467ns          257671 1c0083fc 0007a683 lw               x13, 0(x15)         x13=41015e33 x15:10001e60  PA:10001e60
15569487ns          257672 1c0083fe 00072603 lw               x12, 0(x14)         x12=40f97f19 x14:10001eb4  PA:10001eb4
15569527ns          257674 1c008400 08c6f8d3 fsub.s           f17, f13, f12       f17=xxxxxxxx f13:41015e33 f12:40f97f19
15569547ns          257675 1c008404 00c6f6d3 fadd.s           f13, f13, f12       f13=xxxxxxxx f13:41015e33 f12:40f97f19
15569567ns          257676 1c008408 01172023 sw               x17, 0(x14)         x17:3e93d4d0 x14:10001eb4  PA:10001eb4
15569587ns          257677 1c00840c 00d7a023 sw               x13, 0(x15)         x13:417e1dc0 x15:10001e60  PA:10001e60
15569607ns          257678 1c0083ec 0048278b p.lw             x15, 4(x16!)        x15=00000006 x16=10001f70 x16:10001f6c  PA:10001f6c
15569626ns          257679 1c0083f0 ffc5270b p.lw             x14, -4(x10!)       x14=00000019 x10=10001fb4 x10:10001fb8  PA:10001fb8
15569646ns          257680 1c0083f4 00279793 slli             x15, x15, 0x2       x15=00000018 x15:00000006
15569666ns          257681 1c0083f6 00271713 slli             x14, x14, 0x2       x14=00000064 x14:00000019
15569686ns          257682 1c0083f8 017787b3 add              x15, x15, x23       x15=10001e64 x15:00000018 x23:10001e4c
15569706ns          257683 1c0083fa 01770733 add              x14, x14, x23       x14=10001eb0 x14:00000064 x23:10001e4c
15569726ns          257684 1c0083fc 0007a683 lw               x13, 0(x15)         x13=404b7ffb x15:10001e64  PA:10001e64
15569746ns          257685 1c0083fe 00072603 lw               x12, 0(x14)         x12=404d09e3 x14:10001eb0  PA:10001eb0
15569786ns          257687 1c008400 08c6f8d3 fsub.s           f17, f13, f12       f17=xxxxxxxx f13:404b7ffb f12:404d09e3
15569805ns          257688 1c008404 00c6f6d3 fadd.s           f13, f13, f12       f13=xxxxxxxx f13:404b7ffb f12:404d09e3
15569825ns          257689 1c008408 01172023 sw               x17, 0(x14)         x17:bcc4f400 x14:10001eb0  PA:10001eb0
15569865ns          257691 1c00840c 00d7a023 sw               x13, 0(x15)         x13:40cc44ef x15:10001e64  PA:10001e64
15569885ns          257692 1c0083ec 0048278b p.lw             x15, 4(x16!)        x15=00000007 x16=10001f74 x16:10001f70  PA:10001f70
15569905ns          257693 1c0083f0 ffc5270b p.lw             x14, -4(x10!)       x14=00000018 x10=10001fb0 x10:10001fb4  PA:10001fb4
15569925ns          257694 1c0083f4 00279793 slli             x15, x15, 0x2       x15=0000001c x15:00000007
15569945ns          257695 1c0083f6 00271713 slli             x14, x14, 0x2       x14=00000060 x14:00000018
15569965ns          257696 1c0083f8 017787b3 add              x15, x15, x23       x15=10001e68 x15:0000001c x23:10001e4c
15569984ns          257697 1c0083fa 01770733 add              x14, x14, x23       x14=10001eac x14:00000060 x23:10001e4c
15570004ns          257698 1c0083fc 0007a683 lw               x13, 0(x15)         x13=3dc37e14 x15:10001e68  PA:10001e68
15570024ns          257699 1c0083fe 00072603 lw               x12, 0(x14)         x12=40b18893 x14:10001eac  PA:10001eac
15570064ns          257701 1c008400 08c6f8d3 fsub.s           f17, f13, f12       f17=xxxxxxxx f13:3dc37e14 f12:40b18893
15570084ns          257702 1c008404 00c6f6d3 fadd.s           f13, f13, f12       f13=xxxxxxxx f13:3dc37e14 f12:40b18893
15570104ns          257703 1c008408 01172023 sw               x17, 0(x14)         x17:c0ae7a9b x14:10001eac  PA:10001eac
15570144ns          257705 1c00840c 00d7a023 sw               x13, 0(x15)         x13:40b4968b x15:10001e68  PA:10001e68
15570163ns          257706 1c0083ec 0048278b p.lw             x15, 4(x16!)        x15=00000008 x16=10001f78 x16:10001f74  PA:10001f74
15570183ns          257707 1c0083f0 ffc5270b p.lw             x14, -4(x10!)       x14=00000017 x10=10001fac x10:10001fb0  PA:10001fb0
15570203ns          257708 1c0083f4 00279793 slli             x15, x15, 0x2       x15=00000020 x15:00000008
15570223ns          257709 1c0083f6 00271713 slli             x14, x14, 0x2       x14=0000005c x14:00000017
15570243ns          257710 1c0083f8 017787b3 add              x15, x15, x23       x15=10001e6c x15:00000020 x23:10001e4c
15570263ns          257711 1c0083fa 01770733 add              x14, x14, x23       x14=10001ea8 x14:0000005c x23:10001e4c
15570283ns          257712 1c0083fc 0007a683 lw               x13, 0(x15)         x13=41124769 x15:10001e6c  PA:10001e6c
15570303ns          257713 1c0083fe 00072603 lw               x12, 0(x14)         x12=41047bdb x14:10001ea8  PA:10001ea8
15570343ns          257715 1c008400 08c6f8d3 fsub.s           f17, f13, f12       f17=xxxxxxxx f13:41124769 f12:41047bdb
15570362ns          257716 1c008404 00c6f6d3 fadd.s           f13, f13, f12       f13=xxxxxxxx f13:41124769 f12:41047bdb
15570382ns          257717 1c008408 01172023 sw               x17, 0(x14)         x17:3f5cb8e0 x14:10001ea8  PA:10001ea8
15570402ns          257718 1c00840c 00d7a023 sw               x13, 0(x15)         x13:418b61a2 x15:10001e6c  PA:10001e6c
15570442ns          257720 1c0083ec 0048278b p.lw             x15, 4(x16!)        x15=00000009 x16=10001f7c x16:10001f78  PA:10001f78
15570462ns          257721 1c0083f0 ffc5270b p.lw             x14, -4(x10!)       x14=00000016 x10=10001fa8 x10:10001fac  PA:10001fac
15570482ns          257722 1c0083f4 00279793 slli             x15, x15, 0x2       x15=00000024 x15:00000009
15570502ns          257723 1c0083f6 00271713 slli             x14, x14, 0x2       x14=00000058 x14:00000016
15570522ns          257724 1c0083f8 017787b3 add              x15, x15, x23       x15=10001e70 x15:00000024 x23:10001e4c
15570541ns          257725 1c0083fa 01770733 add              x14, x14, x23       x14=10001ea4 x14:00000058 x23:10001e4c
15570561ns          257726 1c0083fc 0007a683 lw               x13, 0(x15)         x13=3f79aaa1 x15:10001e70  PA:10001e70
15570581ns          257727 1c0083fe 00072603 lw               x12, 0(x14)         x12=4037dbd0 x14:10001ea4  PA:10001ea4
15570621ns          257729 1c008400 08c6f8d3 fsub.s           f17, f13, f12       f17=xxxxxxxx f13:3f79aaa1 f12:4037dbd0
15570641ns          257730 1c008404 00c6f6d3 fadd.s           f13, f13, f12       f13=xxxxxxxx f13:3f79aaa1 f12:4037dbd0
15570661ns          257731 1c008408 01172023 sw               x17, 0(x14)         x17:bff2e250 x14:10001ea4  PA:10001ea4
15570701ns          257733 1c00840c 00d7a023 sw               x13, 0(x15)         x13:40764678 x15:10001e70  PA:10001e70
15570720ns          257734 1c0083ec 0048278b p.lw             x15, 4(x16!)        x15=0000000a x16=10001f80 x16:10001f7c  PA:10001f7c
15570740ns          257735 1c0083f0 ffc5270b p.lw             x14, -4(x10!)       x14=00000015 x10=10001fa4 x10:10001fa8  PA:10001fa8
15570760ns          257736 1c0083f4 00279793 slli             x15, x15, 0x2       x15=00000028 x15:0000000a
15570780ns          257737 1c0083f6 00271713 slli             x14, x14, 0x2       x14=00000054 x14:00000015
15570800ns          257738 1c0083f8 017787b3 add              x15, x15, x23       x15=10001e74 x15:00000028 x23:10001e4c
15570820ns          257739 1c0083fa 01770733 add              x14, x14, x23       x14=10001ea0 x14:00000054 x23:10001e4c
15570840ns          257740 1c0083fc 0007a683 lw               x13, 0(x15)         x13=410a4a76 x15:10001e74  PA:10001e74
15570860ns          257741 1c0083fe 00072603 lw               x12, 0(x14)         x12=3fb3178e x14:10001ea0  PA:10001ea0
15570899ns          257743 1c008400 08c6f8d3 fsub.s           f17, f13, f12       f17=xxxxxxxx f13:410a4a76 f12:3fb3178e
15570919ns          257744 1c008404 00c6f6d3 fadd.s           f13, f13, f12       f13=xxxxxxxx f13:410a4a76 f12:3fb3178e
15570939ns          257745 1c008408 01172023 sw               x17, 0(x14)         x17:40e7cf08 x14:10001ea0  PA:10001ea0
15570959ns          257746 1c00840c 00d7a023 sw               x13, 0(x15)         x13:4120ad68 x15:10001e74  PA:10001e74
15570979ns          257747 1c0083ec 0048278b p.lw             x15, 4(x16!)        x15=0000000b x16=10001f84 x16:10001f80  PA:10001f80
15570999ns          257748 1c0083f0 ffc5270b p.lw             x14, -4(x10!)       x14=00000014 x10=10001fa0 x10:10001fa4  PA:10001fa4
15571019ns          257749 1c0083f4 00279793 slli             x15, x15, 0x2       x15=0000002c x15:0000000b
15571039ns          257750 1c0083f6 00271713 slli             x14, x14, 0x2       x14=00000050 x14:00000014
15571059ns          257751 1c0083f8 017787b3 add              x15, x15, x23       x15=10001e78 x15:0000002c x23:10001e4c
15571078ns          257752 1c0083fa 01770733 add              x14, x14, x23       x14=10001e9c x14:00000050 x23:10001e4c
15571098ns          257753 1c0083fc 0007a683 lw               x13, 0(x15)         x13=41193f61 x15:10001e78  PA:10001e78
15571118ns          257754 1c0083fe 00072603 lw               x12, 0(x14)         x12=3f50e99b x14:10001e9c  PA:10001e9c
15571158ns          257756 1c008400 08c6f8d3 fsub.s           f17, f13, f12       f17=xxxxxxxx f13:41193f61 f12:3f50e99b
15571178ns          257757 1c008404 00c6f6d3 fadd.s           f13, f13, f12       f13=xxxxxxxx f13:41193f61 f12:3f50e99b
15571198ns          257758 1c008408 01172023 sw               x17, 0(x14)         x17:410c30c7 x14:10001e9c  PA:10001e9c
15571218ns          257759 1c00840c 00d7a023 sw               x13, 0(x15)         x13:41264dfb x15:10001e78  PA:10001e78
15571238ns          257760 1c0083ec 0048278b p.lw             x15, 4(x16!)        x15=0000000c x16=10001f88 x16:10001f84  PA:10001f84
15571257ns          257761 1c0083f0 ffc5270b p.lw             x14, -4(x10!)       x14=00000013 x10=10001f9c x10:10001fa0  PA:10001fa0
15571277ns          257762 1c0083f4 00279793 slli             x15, x15, 0x2       x15=00000030 x15:0000000c
15571297ns          257763 1c0083f6 00271713 slli             x14, x14, 0x2       x14=0000004c x14:00000013
15571317ns          257764 1c0083f8 017787b3 add              x15, x15, x23       x15=10001e7c x15:00000030 x23:10001e4c
15571337ns          257765 1c0083fa 01770733 add              x14, x14, x23       x14=10001e98 x14:0000004c x23:10001e4c
15571357ns          257766 1c0083fc 0007a683 lw               x13, 0(x15)         x13=410a66fa x15:10001e7c  PA:10001e7c
15571377ns          257767 1c0083fe 00072603 lw               x12, 0(x14)         x12=4107ac47 x14:10001e98  PA:10001e98
15571417ns          257769 1c008400 08c6f8d3 fsub.s           f17, f13, f12       f17=xxxxxxxx f13:410a66fa f12:4107ac47
15571437ns          257770 1c008404 00c6f6d3 fadd.s           f13, f13, f12       f13=xxxxxxxx f13:410a66fa f12:4107ac47
15571456ns          257771 1c008408 01172023 sw               x17, 0(x14)         x17:3e2eacc0 x14:10001e98  PA:10001e98
15571476ns          257772 1c00840c 00d7a023 sw               x13, 0(x15)         x13:418909a0 x15:10001e7c  PA:10001e7c
15571496ns          257773 1c0083ec 0048278b p.lw             x15, 4(x16!)        x15=0000000d x16=10001f8c x16:10001f88  PA:10001f88
15571516ns          257774 1c0083f0 ffc5270b p.lw             x14, -4(x10!)       x14=00000012 x10=10001f98 x10:10001f9c  PA:10001f9c
15571536ns          257775 1c0083f4 00279793 slli             x15, x15, 0x2       x15=00000034 x15:0000000d
15571556ns          257776 1c0083f6 00271713 slli             x14, x14, 0x2       x14=00000048 x14:00000012
15571576ns          257777 1c0083f8 017787b3 add              x15, x15, x23       x15=10001e80 x15:00000034 x23:10001e4c
15571596ns          257778 1c0083fa 01770733 add              x14, x14, x23       x14=10001e94 x14:00000048 x23:10001e4c
15571616ns          257779 1c0083fc 0007a683 lw               x13, 0(x15)         x13=40d7a5ad x15:10001e80  PA:10001e80
15571635ns          257780 1c0083fe 00072603 lw               x12, 0(x14)         x12=4054357e x14:10001e94  PA:10001e94
15571675ns          257782 1c008400 08c6f8d3 fsub.s           f17, f13, f12       f17=xxxxxxxx f13:40d7a5ad f12:4054357e
15571695ns          257783 1c008404 00c6f6d3 fadd.s           f13, f13, f12       f13=xxxxxxxx f13:40d7a5ad f12:4054357e
15571715ns          257784 1c008408 01172023 sw               x17, 0(x14)         x17:405b15dc x14:10001e94  PA:10001e94
15571735ns          257785 1c00840c 00d7a023 sw               x13, 0(x15)         x13:4120e036 x15:10001e80  PA:10001e80
15571755ns          257786 1c0083ec 0048278b p.lw             x15, 4(x16!)        x15=0000000e x16=10001f90 x16:10001f8c  PA:10001f8c
15571775ns          257787 1c0083f0 ffc5270b p.lw             x14, -4(x10!)       x14=00000011 x10=10001f94 x10:10001f98  PA:10001f98
15571795ns          257788 1c0083f4 00279793 slli             x15, x15, 0x2       x15=00000038 x15:0000000e
15571814ns          257789 1c0083f6 00271713 slli             x14, x14, 0x2       x14=00000044 x14:00000011
15571834ns          257790 1c0083f8 017787b3 add              x15, x15, x23       x15=10001e84 x15:00000038 x23:10001e4c
15571854ns          257791 1c0083fa 01770733 add              x14, x14, x23       x14=10001e90 x14:00000044 x23:10001e4c
15571874ns          257792 1c0083fc 0007a683 lw               x13, 0(x15)         x13=40b1f8f4 x15:10001e84  PA:10001e84
15571894ns          257793 1c0083fe 00072603 lw               x12, 0(x14)         x12=3f611a93 x14:10001e90  PA:10001e90
15571934ns          257795 1c008400 08c6f8d3 fsub.s           f17, f13, f12       f17=xxxxxxxx f13:40b1f8f4 f12:3f611a93
15571954ns          257796 1c008404 00c6f6d3 fadd.s           f13, f13, f12       f13=xxxxxxxx f13:40b1f8f4 f12:3f611a93
15571974ns          257797 1c008408 01172023 sw               x17, 0(x14)         x17:4095d5a2 x14:10001e90  PA:10001e90
15572013ns          257799 1c00840c 00d7a023 sw               x13, 0(x15)         x13:40ce1c46 x15:10001e84  PA:10001e84
15572033ns          257800 1c0083ec 0048278b p.lw             x15, 4(x16!)        x15=0000000f x16=10001f94 x16:10001f90  PA:10001f90
15572053ns          257801 1c0083f0 ffc5270b p.lw             x14, -4(x10!)       x14=00000010 x10=10001f90 x10:10001f94  PA:10001f94
15572073ns          257802 1c0083f4 00279793 slli             x15, x15, 0x2       x15=0000003c x15:0000000f
15572093ns          257803 1c0083f6 00271713 slli             x14, x14, 0x2       x14=00000040 x14:00000010
15572113ns          257804 1c0083f8 017787b3 add              x15, x15, x23       x15=10001e88 x15:0000003c x23:10001e4c
15572133ns          257805 1c0083fa 01770733 add              x14, x14, x23       x14=10001e8c x14:00000040 x23:10001e4c
15572153ns          257806 1c0083fc 0007a683 lw               x13, 0(x15)         x13=40906ef4 x15:10001e88  PA:10001e88
15572172ns          257807 1c0083fe 00072603 lw               x12, 0(x14)         x12=405329d3 x14:10001e8c  PA:10001e8c
15572212ns          257809 1c008400 08c6f8d3 fsub.s           f17, f13, f12       f17=xxxxxxxx f13:40906ef4 f12:405329d3
15572232ns          257810 1c008404 00c6f6d3 fadd.s           f13, f13, f12       f13=xxxxxxxx f13:40906ef4 f12:405329d3
15572252ns          257811 1c008408 01172023 sw               x17, 0(x14)         x17:3f9b682a x14:10001e8c  PA:10001e8c
15572292ns          257813 1c00840c 00d7a023 sw               x13, 0(x15)         x13:40fa03de x15:10001e88  PA:10001e88
15572312ns          257814 1c00840e 01c12703 lw               x14, 28(x2)         x14=00000010  x2:10001dc8  PA:10001de4
15572351ns          257816 1c008410 3e872d63 p.beqimm         x14, 1018           x14:00000010
15572371ns          257817 1c008414 01c12603 lw               x12, 28(x2)         x12=00000010  x2:10001dc8  PA:10001de4
15572411ns          257819 1c008416 02812583 lw               x11, 40(x2)         x11=10001f54  x2:10001dc8  PA:10001df0
15572431ns          257820 1c008418 01700533 add              x10, x0, x23        x10=10001e4c x23:10001e4c
15572451ns          257821 1c00841a f8fff0ef jal              x1, -114             x1=1c00841c
15572889ns          257843 1c0083a8 f8010113 addi             x2, x2, -128         x2=10001d48  x2:10001dc8
15572908ns          257844 1c0083aa 40165693 srai             x13, x12, 0x401     x13=00000008 x12:00000010
15572928ns          257845 1c0083ae 05712e23 sw               x23, 92(x2)         x23:10001e4c  x2:10001d48  PA:10001da4
15572948ns          257846 1c0083b0 06112e23 sw               x1, 124(x2)          x1:1c00841c  x2:10001d48  PA:10001dc4
15572968ns          257847 1c0083b2 06812c23 sw               x8, 120(x2)          x8:xxxxxxxx  x2:10001d48  PA:10001dc0
15572988ns          257848 1c0083b4 06912a23 sw               x9, 116(x2)          x9:00000003  x2:10001d48  PA:10001dbc
15573008ns          257849 1c0083b6 07212823 sw               x18, 112(x2)        x18:1c010000  x2:10001d48  PA:10001db8
15573028ns          257850 1c0083b8 07312623 sw               x19, 108(x2)        x19:xxxxxxxx  x2:10001d48  PA:10001db4
15573048ns          257851 1c0083ba 07412423 sw               x20, 104(x2)        x20:xxxxxxxx  x2:10001d48  PA:10001db0
15573068ns          257852 1c0083bc 07512223 sw               x21, 100(x2)        x21:xxxxxxxx  x2:10001d48  PA:10001dac
15573087ns          257853 1c0083be 07612023 sw               x22, 96(x2)         x22:xxxxxxxx  x2:10001d48  PA:10001da8
15573107ns          257854 1c0083c0 05812c23 sw               x24, 88(x2)         x24:xxxxxxxx  x2:10001d48  PA:10001da0
15573127ns          257855 1c0083c2 05912a23 sw               x25, 84(x2)         x25:xxxxxxxx  x2:10001d48  PA:10001d9c
15573147ns          257856 1c0083c4 05a12823 sw               x26, 80(x2)         x26:xxxxxxxx  x2:10001d48  PA:10001d98
15573167ns          257857 1c0083c6 05b12623 sw               x27, 76(x2)         x27:xxxxxxxx  x2:10001d48  PA:10001d94
15573187ns          257858 1c0083c8 02c12a23 sw               x12, 52(x2)         x12:00000010  x2:10001d48  PA:10001d7c
15573207ns          257859 1c0083ca 00d12e23 sw               x13, 28(x2)         x13:00000008  x2:10001d48  PA:10001d64
15573227ns          257860 1c0083cc 02b12423 sw               x11, 40(x2)         x11:10001f54  x2:10001d48  PA:10001d70
15573247ns          257861 1c0083ce 00a00bb3 add              x23, x0, x10        x23=10001e4c x10:10001e4c
15573266ns          257862 1c0083d0 04d05263 bge              x0, x13, 68         x13:00000008
15573286ns          257863 1c0083d4 00b00833 add              x16, x0, x11        x16=10001f54 x11:10001f54
15573306ns          257864 1c0083d6 00269593 slli             x11, x13, 0x2       x11=00000020 x13:00000008
15573326ns          257865 1c0083da 00261513 slli             x10, x12, 0x2       x10=00000040 x12:00000010
15573346ns          257866 1c0083de ffc58593 addi             x11, x11, -4        x11=0000001c x11:00000020
15573366ns          257867 1c0083e0 ffc50513 addi             x10, x10, -4        x10=0000003c x10:00000040
15573386ns          257868 1c0083e2 0025d593 srli             x11, x11, 0x2       x11=00000007 x11:0000001c
15573406ns          257869 1c0083e4 01050533 add              x10, x10, x16       x10=10001f90 x10:0000003c x16:10001f54
15573426ns          257870 1c0083e6 00158593 addi             x11, x11, 1         x11=00000008 x11:00000007
15573445ns          257871 1c0083e8 0125c0fb lp.setup         0x1, x11, 0x12      x11:00000008
15573465ns          257872 1c0083ec 0048278b p.lw             x15, 4(x16!)        x15=00000000 x16=10001f58 x16:10001f54  PA:10001f54
15573485ns          257873 1c0083f0 ffc5270b p.lw             x14, -4(x10!)       x14=0000000f x10=10001f8c x10:10001f90  PA:10001f90
15573505ns          257874 1c0083f4 00279793 slli             x15, x15, 0x2       x15=00000000 x15:00000000
15573525ns          257875 1c0083f6 00271713 slli             x14, x14, 0x2       x14=0000003c x14:0000000f
15573545ns          257876 1c0083f8 017787b3 add              x15, x15, x23       x15=10001e4c x15:00000000 x23:10001e4c
15573565ns          257877 1c0083fa 01770733 add              x14, x14, x23       x14=10001e88 x14:0000003c x23:10001e4c
15573585ns          257878 1c0083fc 0007a683 lw               x13, 0(x15)         x13=41012128 x15:10001e4c  PA:10001e4c
15573605ns          257879 1c0083fe 00072603 lw               x12, 0(x14)         x12=40fa03de x14:10001e88  PA:10001e88
15573644ns          257881 1c008400 08c6f8d3 fsub.s           f17, f13, f12       f17=xxxxxxxx f13:41012128 f12:40fa03de
15573664ns          257882 1c008404 00c6f6d3 fadd.s           f13, f13, f12       f13=xxxxxxxx f13:41012128 f12:40fa03de
15573684ns          257883 1c008408 01172023 sw               x17, 0(x14)         x17:3e83e720 x14:10001e88  PA:10001e88
15573704ns          257884 1c00840c 00d7a023 sw               x13, 0(x15)         x13:417e2317 x15:10001e4c  PA:10001e4c
15573744ns          257886 1c0083ec 0048278b p.lw             x15, 4(x16!)        x15=00000001 x16=10001f5c x16:10001f58  PA:10001f58
15573764ns          257887 1c0083f0 ffc5270b p.lw             x14, -4(x10!)       x14=0000000e x10=10001f88 x10:10001f8c  PA:10001f8c
15573784ns          257888 1c0083f4 00279793 slli             x15, x15, 0x2       x15=00000004 x15:00000001
15573804ns          257889 1c0083f6 00271713 slli             x14, x14, 0x2       x14=00000038 x14:0000000e
15573823ns          257890 1c0083f8 017787b3 add              x15, x15, x23       x15=10001e50 x15:00000004 x23:10001e4c
15573843ns          257891 1c0083fa 01770733 add              x14, x14, x23       x14=10001e84 x14:00000038 x23:10001e4c
15573863ns          257892 1c0083fc 0007a683 lw               x13, 0(x15)         x13=418062cb x15:10001e50  PA:10001e50
15573883ns          257893 1c0083fe 00072603 lw               x12, 0(x14)         x12=40ce1c46 x14:10001e84  PA:10001e84
15573923ns          257895 1c008400 08c6f8d3 fsub.s           f17, f13, f12       f17=xxxxxxxx f13:418062cb f12:40ce1c46
15573943ns          257896 1c008404 00c6f6d3 fadd.s           f13, f13, f12       f13=xxxxxxxx f13:418062cb f12:40ce1c46
15573963ns          257897 1c008408 01172023 sw               x17, 0(x14)         x17:4119b773 x14:10001e84  PA:10001e84
15573983ns          257898 1c00840c 00d7a023 sw               x13, 0(x15)         x13:41b3e9dc x15:10001e50  PA:10001e50
15574002ns          257899 1c0083ec 0048278b p.lw             x15, 4(x16!)        x15=00000002 x16=10001f60 x16:10001f5c  PA:10001f5c
15574022ns          257900 1c0083f0 ffc5270b p.lw             x14, -4(x10!)       x14=0000000d x10=10001f84 x10:10001f88  PA:10001f88
15574042ns          257901 1c0083f4 00279793 slli             x15, x15, 0x2       x15=00000008 x15:00000002
15574062ns          257902 1c0083f6 00271713 slli             x14, x14, 0x2       x14=00000034 x14:0000000d
15574082ns          257903 1c0083f8 017787b3 add              x15, x15, x23       x15=10001e54 x15:00000008 x23:10001e4c
15574102ns          257904 1c0083fa 01770733 add              x14, x14, x23       x14=10001e80 x14:00000034 x23:10001e4c
15574122ns          257905 1c0083fc 0007a683 lw               x13, 0(x15)         x13=414784c8 x15:10001e54  PA:10001e54
15574142ns          257906 1c0083fe 00072603 lw               x12, 0(x14)         x12=4120e036 x14:10001e80  PA:10001e80
15574181ns          257908 1c008400 08c6f8d3 fsub.s           f17, f13, f12       f17=xxxxxxxx f13:414784c8 f12:4120e036
15574201ns          257909 1c008404 00c6f6d3 fadd.s           f13, f13, f12       f13=xxxxxxxx f13:414784c8 f12:4120e036
15574221ns          257910 1c008408 01172023 sw               x17, 0(x14)         x17:401a9248 x14:10001e80  PA:10001e80
15574241ns          257911 1c00840c 00d7a023 sw               x13, 0(x15)         x13:41b4327f x15:10001e54  PA:10001e54
15574281ns          257913 1c0083ec 0048278b p.lw             x15, 4(x16!)        x15=00000003 x16=10001f64 x16:10001f60  PA:10001f60
15574301ns          257914 1c0083f0 ffc5270b p.lw             x14, -4(x10!)       x14=0000000c x10=10001f80 x10:10001f84  PA:10001f84
15574321ns          257915 1c0083f4 00279793 slli             x15, x15, 0x2       x15=0000000c x15:00000003
15574341ns          257916 1c0083f6 00271713 slli             x14, x14, 0x2       x14=00000030 x14:0000000c
15574360ns          257917 1c0083f8 017787b3 add              x15, x15, x23       x15=10001e58 x15:0000000c x23:10001e4c
15574380ns          257918 1c0083fa 01770733 add              x14, x14, x23       x14=10001e7c x14:00000030 x23:10001e4c
15574400ns          257919 1c0083fc 0007a683 lw               x13, 0(x15)         x13=4144edfd x15:10001e58  PA:10001e58
15574420ns          257920 1c0083fe 00072603 lw               x12, 0(x14)         x12=418909a0 x14:10001e7c  PA:10001e7c
15574460ns          257922 1c008400 08c6f8d3 fsub.s           f17, f13, f12       f17=xxxxxxxx f13:4144edfd f12:418909a0
15574480ns          257923 1c008404 00c6f6d3 fadd.s           f13, f13, f12       f13=xxxxxxxx f13:4144edfd f12:418909a0
15574500ns          257924 1c008408 01172023 sw               x17, 0(x14)         x17:c09a4a86 x14:10001e7c  PA:10001e7c
15574520ns          257925 1c00840c 00d7a023 sw               x13, 0(x15)         x13:41eb809e x15:10001e58  PA:10001e58
15574539ns          257926 1c0083ec 0048278b p.lw             x15, 4(x16!)        x15=00000004 x16=10001f68 x16:10001f64  PA:10001f64
15574559ns          257927 1c0083f0 ffc5270b p.lw             x14, -4(x10!)       x14=0000000b x10=10001f7c x10:10001f80  PA:10001f80
15574579ns          257928 1c0083f4 00279793 slli             x15, x15, 0x2       x15=00000010 x15:00000004
15574599ns          257929 1c0083f6 00271713 slli             x14, x14, 0x2       x14=0000002c x14:0000000b
15574619ns          257930 1c0083f8 017787b3 add              x15, x15, x23       x15=10001e5c x15:00000010 x23:10001e4c
15574639ns          257931 1c0083fa 01770733 add              x14, x14, x23       x14=10001e78 x14:0000002c x23:10001e4c
15574659ns          257932 1c0083fc 0007a683 lw               x13, 0(x15)         x13=41842c4e x15:10001e5c  PA:10001e5c
15574679ns          257933 1c0083fe 00072603 lw               x12, 0(x14)         x12=41264dfb x14:10001e78  PA:10001e78
15574718ns          257935 1c008400 08c6f8d3 fsub.s           f17, f13, f12       f17=xxxxxxxx f13:41842c4e f12:41264dfb
15574738ns          257936 1c008404 00c6f6d3 fadd.s           f13, f13, f12       f13=xxxxxxxx f13:41842c4e f12:41264dfb
15574758ns          257937 1c008408 01172023 sw               x17, 0(x14)         x17:40c41542 x14:10001e78  PA:10001e78
15574778ns          257938 1c00840c 00d7a023 sw               x13, 0(x15)         x13:41d7534c x15:10001e5c  PA:10001e5c
15574818ns          257940 1c0083ec 0048278b p.lw             x15, 4(x16!)        x15=00000005 x16=10001f6c x16:10001f68  PA:10001f68
15574838ns          257941 1c0083f0 ffc5270b p.lw             x14, -4(x10!)       x14=0000000a x10=10001f78 x10:10001f7c  PA:10001f7c
15574858ns          257942 1c0083f4 00279793 slli             x15, x15, 0x2       x15=00000014 x15:00000005
15574878ns          257943 1c0083f6 00271713 slli             x14, x14, 0x2       x14=00000028 x14:0000000a
15574897ns          257944 1c0083f8 017787b3 add              x15, x15, x23       x15=10001e60 x15:00000014 x23:10001e4c
15574917ns          257945 1c0083fa 01770733 add              x14, x14, x23       x14=10001e74 x14:00000028 x23:10001e4c
15574937ns          257946 1c0083fc 0007a683 lw               x13, 0(x15)         x13=417e1dc0 x15:10001e60  PA:10001e60
15574957ns          257947 1c0083fe 00072603 lw               x12, 0(x14)         x12=4120ad68 x14:10001e74  PA:10001e74
15574997ns          257949 1c008400 08c6f8d3 fsub.s           f17, f13, f12       f17=xxxxxxxx f13:417e1dc0 f12:4120ad68
15575017ns          257950 1c008404 00c6f6d3 fadd.s           f13, f13, f12       f13=xxxxxxxx f13:417e1dc0 f12:4120ad68
15575037ns          257951 1c008408 01172023 sw               x17, 0(x14)         x17:40bae0b0 x14:10001e74  PA:10001e74
15575057ns          257952 1c00840c 00d7a023 sw               x13, 0(x15)         x13:41cf6594 x15:10001e60  PA:10001e60
15575077ns          257953 1c0083ec 0048278b p.lw             x15, 4(x16!)        x15=00000006 x16=10001f70 x16:10001f6c  PA:10001f6c
15575096ns          257954 1c0083f0 ffc5270b p.lw             x14, -4(x10!)       x14=00000009 x10=10001f74 x10:10001f78  PA:10001f78
15575116ns          257955 1c0083f4 00279793 slli             x15, x15, 0x2       x15=00000018 x15:00000006
15575136ns          257956 1c0083f6 00271713 slli             x14, x14, 0x2       x14=00000024 x14:00000009
15575156ns          257957 1c0083f8 017787b3 add              x15, x15, x23       x15=10001e64 x15:00000018 x23:10001e4c
15575176ns          257958 1c0083fa 01770733 add              x14, x14, x23       x14=10001e70 x14:00000024 x23:10001e4c
15575196ns          257959 1c0083fc 0007a683 lw               x13, 0(x15)         x13=40cc44ef x15:10001e64  PA:10001e64
15575216ns          257960 1c0083fe 00072603 lw               x12, 0(x14)         x12=40764678 x14:10001e70  PA:10001e70
15575256ns          257962 1c008400 08c6f8d3 fsub.s           f17, f13, f12       f17=xxxxxxxx f13:40cc44ef f12:40764678
15575275ns          257963 1c008404 00c6f6d3 fadd.s           f13, f13, f12       f13=xxxxxxxx f13:40cc44ef f12:40764678
15575295ns          257964 1c008408 01172023 sw               x17, 0(x14)         x17:40224366 x14:10001e70  PA:10001e70
15575335ns          257966 1c00840c 00d7a023 sw               x13, 0(x15)         x13:4123b416 x15:10001e64  PA:10001e64
15575355ns          257967 1c0083ec 0048278b p.lw             x15, 4(x16!)        x15=00000007 x16=10001f74 x16:10001f70  PA:10001f70
15575395ns          257969 1c0083f0 ffc5270b p.lw             x14, -4(x10!)       x14=00000008 x10=10001f70 x10:10001f74  PA:10001f74
15575415ns          257970 1c0083f4 00279793 slli             x15, x15, 0x2       x15=0000001c x15:00000007
15575435ns          257971 1c0083f6 00271713 slli             x14, x14, 0x2       x14=00000020 x14:00000008
15575454ns          257972 1c0083f8 017787b3 add              x15, x15, x23       x15=10001e68 x15:0000001c x23:10001e4c
15575474ns          257973 1c0083fa 01770733 add              x14, x14, x23       x14=10001e6c x14:00000020 x23:10001e4c
15575494ns          257974 1c0083fc 0007a683 lw               x13, 0(x15)         x13=40b4968b x15:10001e68  PA:10001e68
15575514ns          257975 1c0083fe 00072603 lw               x12, 0(x14)         x12=418b61a2 x14:10001e6c  PA:10001e6c
15575574ns          257978 1c008400 08c6f8d3 fsub.s           f17, f13, f12       f17=xxxxxxxx f13:40b4968b f12:418b61a2
15575594ns          257979 1c008404 00c6f6d3 fadd.s           f13, f13, f12       f13=xxxxxxxx f13:40b4968b f12:418b61a2
15575614ns          257980 1c008408 01172023 sw               x17, 0(x14)         x17:c13c77fe x14:10001e6c  PA:10001e6c
15575653ns          257982 1c00840c 00d7a023 sw               x13, 0(x15)         x13:41b88745 x15:10001e68  PA:10001e68
15575673ns          257983 1c00840e 01c12703 lw               x14, 28(x2)         x14=00000008  x2:10001d48  PA:10001d64
15575713ns          257985 1c008410 3e872d63 p.beqimm         x14, 1018           x14:00000008
15576151ns          258007 1c00880a 02812583 lw               x11, 40(x2)         x11=10001f54  x2:10001d48  PA:10001d70
15576190ns          258009 1c00880c 01700533 add              x10, x0, x23        x10=10001e4c x23:10001e4c
15576210ns          258010 1c00880e 9a9ff0ef jal              x1, -1624            x1=1c008810
15576708ns          258035 1c0081b6 0005a683 lw               x13, 0(x11)         x13=00000000 x11:10001f54  PA:10001f54
15576747ns          258037 1c0081b8 01c5a603 lw               x12, 28(x11)        x12=00000007 x11:10001f54  PA:10001f70
15576767ns          258038 1c0081ba 00269693 slli             x13, x13, 0x2       x13=00000000 x13:00000000
15576787ns          258039 1c0081bc 00261613 slli             x12, x12, 0x2       x12=0000001c x12:00000007
15576807ns          258040 1c0081be 00a686b3 add              x13, x13, x10       x13=10001e4c x13:00000000 x10:10001e4c
15577205ns          258060 1c0081c0 00a60633 add              x12, x12, x10       x12=10001e68 x12:0000001c x10:10001e4c
15577245ns          258062 1c0081c2 0006a883 lw               x17, 0(x13)         x17=417e2317 x13:10001e4c  PA:10001e4c
15577264ns          258063 1c0081c6 00062803 lw               x16, 0(x12)         x16=41b88745 x12:10001e68  PA:10001e68
15577284ns          258064 1c0081ca 0045a783 lw               x15, 4(x11)         x15=00000001 x11:10001f54  PA:10001f58
15577304ns          258065 1c0081cc 0908f353 fsub.s           f6, f17, f16         f6=xxxxxxxx f17:417e2317 f16:41b88745
15577722ns          258086 1c0081d0 0185a703 lw               x14, 24(x11)        x14=00000006 x11:10001f54  PA:10001f6c
15577762ns          258088 1c0081d2 01187853 fadd.s           f16, f16, f17       f16=xxxxxxxx f16:41b88745 f17:417e2317
15577782ns          258089 1c0081d6 00662023 sw               x6, 0(x12)           x6:c0e5d6e6 x12:10001e68  PA:10001e68
15577802ns          258090 1c0081da 00279793 slli             x15, x15, 0x2       x15=00000004 x15:00000001
15577821ns          258091 1c0081dc 00271713 slli             x14, x14, 0x2       x14=00000018 x14:00000006
15578259ns          258113 1c0081de 0106a023 sw               x16, 0(x13)         x16:421bcc68 x13:10001e4c  PA:10001e4c
15578279ns          258114 1c0081e2 00a787b3 add              x15, x15, x10       x15=10001e50 x15:00000004 x10:10001e4c
15578299ns          258115 1c0081e4 00a70733 add              x14, x14, x10       x14=10001e64 x14:00000018 x10:10001e4c
15578319ns          258116 1c0081e6 0007a303 lw               x6, 0(x15)           x6=41b3e9dc x15:10001e50  PA:10001e50
15578339ns          258117 1c0081ea 00072883 lw               x17, 0(x14)         x17=4123b416 x14:10001e64  PA:10001e64
15578358ns          258118 1c0081ee 0085a603 lw               x12, 8(x11)         x12=00000002 x11:10001f54  PA:10001f5c
15578776ns          258139 1c0081f0 09137e53 fsub.s           f28, f6, f17        f28=xxxxxxxx  f6:41b3e9dc f17:4123b416
15578816ns          258141 1c0081f4 0145a803 lw               x16, 20(x11)        x16=00000005 x11:10001f54  PA:10001f68
15578836ns          258142 1c0081f8 0068f8d3 fadd.s           f17, f17, f6        f17=xxxxxxxx f17:4123b416  f6:41b3e9dc
15578856ns          258143 1c0081fc 01c72023 sw               x28, 0(x14)         x28:41441fa2 x14:10001e64  PA:10001e64
15579293ns          258165 1c008200 00261613 slli             x12, x12, 0x2       x12=00000008 x12:00000002
15579313ns          258166 1c008202 00281813 slli             x16, x16, 0x2       x16=00000014 x16:00000005
15579333ns          258167 1c008204 0117a023 sw               x17, 0(x15)         x17:4202e1f4 x15:10001e50  PA:10001e50
15579353ns          258168 1c008208 00a60633 add              x12, x12, x10       x12=10001e54 x12:00000008 x10:10001e4c
15579373ns          258169 1c00820a 00a80833 add              x16, x16, x10       x16=10001e60 x16:00000014 x10:10001e4c
15579393ns          258170 1c00820c 00082303 lw               x6, 0(x16)           x6=41cf6594 x16:10001e60  PA:10001e60
15579811ns          258191 1c008210 00062883 lw               x17, 0(x12)         x17=41b4327f x12:10001e54  PA:10001e54
15579850ns          258193 1c008214 00c5a783 lw               x15, 12(x11)        x15=00000003 x11:10001f54  PA:10001f60
15579870ns          258194 1c008216 0868fe53 fsub.s           f28, f17, f6        f28=xxxxxxxx f17:41b4327f  f6:41cf6594
15579890ns          258195 1c00821a 0105a703 lw               x14, 16(x11)        x14=00000004 x11:10001f54  PA:10001f64
15579910ns          258196 1c00821c 0068f8d3 fadd.s           f17, f17, f6        f17=xxxxxxxx f17:41b4327f  f6:41cf6594
15580348ns          258218 1c008220 01c82023 sw               x28, 0(x16)         x28:c05998a8 x16:10001e60  PA:10001e60
15580387ns          258220 1c008224 00279793 slli             x15, x15, 0x2       x15=0000000c x15:00000003
15580407ns          258221 1c008226 00271713 slli             x14, x14, 0x2       x14=00000010 x14:00000004
15580427ns          258222 1c008228 01162023 sw               x17, 0(x12)         x17:4241cc0a x12:10001e54  PA:10001e54
15580447ns          258223 1c00822c 00a787b3 add              x15, x15, x10       x15=10001e58 x15:0000000c x10:10001e4c
15580467ns          258224 1c00822e 00a70733 add              x14, x14, x10       x14=10001e5c x14:00000010 x10:10001e4c
15580845ns          258243 1c008230 0007a803 lw               x16, 0(x15)         x16=41eb809e x15:10001e58  PA:10001e58
15580885ns          258245 1c008234 00072603 lw               x12, 0(x14)         x12=41d7534c x14:10001e5c  PA:10001e5c
15580905ns          258246 1c008236 00c5ae03 lw               x28, 12(x11)        x28=00000003 x11:10001f54  PA:10001f60
15580924ns          258247 1c00823a 08c878d3 fsub.s           f17, f16, f12       f17=xxxxxxxx f16:41eb809e f12:41d7534c
15581382ns          258270 1c00823e 01067653 fadd.s           f12, f12, f16       f12=xxxxxxxx f12:41d7534c f16:41eb809e
15581402ns          258271 1c008242 002e1e13 slli             x28, x28, 0x2       x28=0000000c x28:00000003
15581422ns          258272 1c008244 01172023 sw               x17, 0(x14)         x17:40216a90 x14:10001e5c  PA:10001e5c
15581442ns          258273 1c008248 00c7a023 sw               x12, 0(x15)         x12:426169f5 x15:10001e58  PA:10001e58
15581461ns          258274 1c00824a 00ae0e33 add              x28, x28, x10       x28=10001e58 x28:0000000c x10:10001e4c
15581481ns          258275 1c00824c 0006a783 lw               x15, 0(x13)         x15=421bcc68 x13:10001e4c  PA:10001e4c
15581899ns          258296 1c00824e 000e2703 lw               x14, 0(x28)         x14=426169f5 x28:10001e58  PA:10001e58
15581939ns          258298 1c008252 0045ae83 lw               x29, 4(x11)         x29=00000001 x11:10001f54  PA:10001f58
15581979ns          258300 1c008256 08e7f653 fsub.s           f12, f15, f14       f12=xxxxxxxx f15:421bcc68 f14:426169f5
15581998ns          258301 1c00825a 0085a303 lw               x6, 8(x11)           x6=00000002 x11:10001f54  PA:10001f5c
15582436ns          258323 1c00825e 00e7f7d3 fadd.s           f15, f15, f14       f15=xxxxxxxx f15:421bcc68 f14:426169f5
15582476ns          258325 1c008262 00ce2023 sw               x12, 0(x28)         x12:c18b3b1a x28:10001e58  PA:10001e58
15582496ns          258326 1c008266 002e9e93 slli             x29, x29, 0x2       x29=00000004 x29:00000001
15582516ns          258327 1c008268 00231313 slli             x6, x6, 0x2          x6=00000008  x6:00000002
15582536ns          258328 1c00826a 00ae8eb3 add              x29, x29, x10       x29=10001e50 x29:00000004 x10:10001e4c
15582555ns          258329 1c00826c 00a30333 add              x6, x6, x10          x6=10001e54  x6:00000008 x10:10001e4c
15582575ns          258330 1c00826e 00f6a023 sw               x15, 0(x13)         x15:42be9b2e x13:10001e4c  PA:10001e4c
15582933ns          258348 1c008270 000ea603 lw               x12, 0(x29)         x12=4202e1f4 x29:10001e50  PA:10001e50
15582973ns          258350 1c008274 00032803 lw               x16, 0(x6)          x16=4241cc0a  x6:10001e54  PA:10001e54
15582993ns          258351 1c008278 0185a703 lw               x14, 24(x11)        x14=00000006 x11:10001f54  PA:10001f6c
15583013ns          258352 1c00827a 090678d3 fsub.s           f17, f12, f16       f17=xxxxxxxx f12:4202e1f4 f16:4241cc0a
15583033ns          258353 1c00827e 0145a783 lw               x15, 20(x11)        x15=00000005 x11:10001f54  PA:10001f68
15583451ns          258374 1c008280 01067653 fadd.s           f12, f12, f16       f12=xxxxxxxx f12:4202e1f4 f16:4241cc0a
15583490ns          258376 1c008284 01132023 sw               x17, 0(x6)          x17:c17ba858  x6:10001e54  PA:10001e54
15583510ns          258377 1c008288 00271713 slli             x14, x14, 0x2       x14=00000018 x14:00000006
15583530ns          258378 1c00828a 00279793 slli             x15, x15, 0x2       x15=00000014 x15:00000005
15583550ns          258379 1c00828c 00cea023 sw               x12, 0(x29)         x12:42a256ff x29:10001e50  PA:10001e50
15583988ns          258401 1c008290 00a70733 add              x14, x14, x10       x14=10001e64 x14:00000018 x10:10001e4c
15584007ns          258402 1c008292 00a787b3 add              x15, x15, x10       x15=10001e60 x15:00000014 x10:10001e4c
15584027ns          258403 1c008294 0007af03 lw               x30, 0(x15)         x30=c05998a8 x15:10001e60  PA:10001e60
15584047ns          258404 1c008298 00072803 lw               x16, 0(x14)         x16=41441fa2 x14:10001e64  PA:10001e64
15584067ns          258405 1c00829c 1c0008b7 lui              x17, 0x1c000000     x17=1c000000
15584525ns          258428 1c0082a0 010f7653 fadd.s           f12, f30, f16       f12=xxxxxxxx f30:c05998a8 f16:41441fa2
15584564ns          258430 1c0082a4 0288a883 lw               x17, 40(x17)        x17=3f3504f3 x17:1c000000  PA:1c000028
15584982ns          258451 1c0082a8 09e87853 fsub.s           f16, f16, f30       f16=xxxxxxxx f16:41441fa2 f30:c05998a8
15585002ns          258452 1c0082ac 11167653 fmul.s           f12, f12, f17       f12=xxxxxxxx f12:410db978 f17:3f3504f3
15585042ns          258454 1c0082b0 11187853 fmul.s           f16, f16, f17       f16=xxxxxxxx f16:417a85cc f17:3f3504f3
15585082ns          258456 1c0082b4 00c72023 sw               x12, 0(x14)         x12:40c86dbf x14:10001e64  PA:10001e64
15585101ns          258457 1c0082b6 0107a023 sw               x16, 0(x15)         x16:41312571 x15:10001e60  PA:10001e60
15585121ns          258458 1c0082ba 0006af03 lw               x30, 0(x13)         x30=42be9b2e x13:10001e4c  PA:10001e4c
15585559ns          258480 1c0082be 000ea603 lw               x12, 0(x29)         x12=42a256ff x29:10001e50  PA:10001e50
15585599ns          258482 1c0082c2 08cf7853 fsub.s           f16, f30, f12       f16=xxxxxxxx f30:42be9b2e f12:42a256ff
15585619ns          258483 1c0082c6 01e67653 fadd.s           f12, f12, f30       f12=xxxxxxxx f12:42a256ff f30:42be9b2e
15585639ns          258484 1c0082ca 11187853 fmul.s           f16, f16, f17       f16=xxxxxxxx f16:41622178 f17:3f3504f3
15586076ns          258506 1c0082ce 11167653 fmul.s           f12, f12, f17       f12=xxxxxxxx f12:43307916 f17:3f3504f3
15586116ns          258508 1c0082d2 1c0008b7 lui              x17, 0x1c000000     x17=1c000000
15586136ns          258509 1c0082d6 010ea023 sw               x16, 0(x29)         x16:411fe609 x29:10001e50  PA:10001e50
15586156ns          258510 1c0082da 00c6a023 sw               x12, 0(x13)         x12:42f9920c x13:10001e4c  PA:10001e4c
15586176ns          258511 1c0082dc 1c000837 lui              x16, 0x1c000000     x16=1c000000
15586633ns          258534 1c0082e0 00032603 lw               x12, 0(x6)          x12=c17ba858  x6:10001e54  PA:10001e54
15586673ns          258536 1c0082e4 0308ae83 lw               x29, 48(x17)        x29=3ec3ef15 x17:1c000000  PA:1c000030
15587110ns          258558 1c0082e8 02c82803 lw               x16, 44(x16)        x16=bf6c835e x16:1c000000  PA:1c00002c
15587449ns          258575 1c0082ec 1c0008b7 lui              x17, 0x1c000000     x17=1c000000
15587468ns          258576 1c0082f0 000e2683 lw               x13, 0(x28)         x13=c18b3b1a x28:10001e58  PA:10001e58
15587488ns          258577 1c0082f4 0348a883 lw               x17, 52(x17)        x17=3f6c835e x17:1c000000  PA:1c000034
15587807ns          258593 1c0082f8 11067853 fmul.s           f16, f12, f16       f16=xxxxxxxx f12:c17ba858 f16:bf6c835e
15587826ns          258594 1c0082fc 1116f8d3 fmul.s           f17, f13, f17       f17=xxxxxxxx f13:c18b3b1a f17:3f6c835e
15587846ns          258595 1c008300 81d6f6c3 fmadd.s          f13, f13, f29, f16  f13=xxxxxxxx f13:c18b3b1a f29:3ec3ef15 f16:41688055
15587866ns          258596 1c008304 89d67643 fmadd.s          f12, f12, f29, f17  f12=xxxxxxxx f12:c17ba858 f29:3ec3ef15 f17:c180a1ee
15587886ns          258597 1c008308 0105a803 lw               x16, 16(x11)        x16=00000004 x11:10001f54  PA:10001f64
15587906ns          258598 1c00830c 00de2023 sw               x13, 0(x28)         x13:40fbe091 x28:10001e58  PA:10001e58
15588304ns          258618 1c008310 00281693 slli             x13, x16, 0x2       x13=00000010 x16:00000004
15588344ns          258620 1c008314 00c32023 sw               x12, 0(x6)          x12:c1b0c8fe  x6:10001e54  PA:10001e54
15588364ns          258621 1c008318 00a686b3 add              x13, x13, x10       x13=10001e5c x13:00000010 x10:10001e4c
15588383ns          258622 1c00831a 0006a803 lw               x16, 0(x13)         x16=40216a90 x13:10001e5c  PA:10001e5c
15588403ns          258623 1c00831e 0007a603 lw               x12, 0(x15)         x12=41312571 x15:10001e60  PA:10001e60
15588841ns          258645 1c008320 01c5a583 lw               x11, 28(x11)        x11=00000007 x11:10001f54  PA:10001f70
15588901ns          258648 1c008322 08c878d3 fsub.s           f17, f16, f12       f17=xxxxxxxx f16:40216a90 f12:41312571
15588920ns          258649 1c008326 01067653 fadd.s           f12, f12, f16       f12=xxxxxxxx f12:41312571 f16:40216a90
15588940ns          258650 1c00832a 00259593 slli             x11, x11, 0x2       x11=0000001c x11:00000007
15588960ns          258651 1c00832c 0117a023 sw               x17, 0(x15)         x17:c108cacd x15:10001e60  PA:10001e60
15589358ns          258671 1c008330 00c6a023 sw               x12, 0(x13)         x12:41598015 x13:10001e5c  PA:10001e5c
15589378ns          258672 1c008332 00b50533 add              x10, x10, x11       x10=10001e68 x10:10001e4c x11:0000001c
15589398ns          258673 1c008334 00052603 lw               x12, 0(x10)         x12=c0e5d6e6 x10:10001e68  PA:10001e68
15589418ns          258674 1c008336 00072583 lw               x11, 0(x14)         x11=40c86dbf x14:10001e64  PA:10001e64
15589458ns          258676 1c008338 00c5f853 fadd.s           f16, f11, f12       f16=xxxxxxxx f11:40c86dbf f12:c0e5d6e6
15589477ns          258677 1c00833c 08b67653 fsub.s           f12, f12, f11       f12=xxxxxxxx f12:c0e5d6e6 f11:40c86dbf
15589875ns          258697 1c008340 01052023 sw               x16, 0(x10)         x16:bf6b4938 x10:10001e68  PA:10001e68
15589915ns          258699 1c008344 00c72023 sw               x12, 0(x14)         x12:c1572252 x14:10001e64  PA:10001e64
15589935ns          258700 1c008346 1c000837 lui              x16, 0x1c000000     x16=1c000000
15589955ns          258701 1c00834a 0006a603 lw               x12, 0(x13)         x12=41598015 x13:10001e5c  PA:10001e5c
15589975ns          258702 1c00834c 00052583 lw               x11, 0(x10)         x11=bf6b4938 x10:10001e68  PA:10001e68
15590392ns          258723 1c00834e 03882883 lw               x17, 56(x16)        x17=bf7b14be x16:1c000000  PA:1c000038
15590711ns          258739 1c008352 1c000837 lui              x16, 0x1c000000     x16=1c000000
15590731ns          258740 1c008356 03c82303 lw               x6, 60(x16)          x6=3e47c5c2 x16:1c000000  PA:1c00003c
15591128ns          258760 1c00835a 1c000837 lui              x16, 0x1c000000     x16=1c000000
15591208ns          258764 1c00835e 04082803 lw               x16, 64(x16)        x16=3f7b14be x16:1c000000  PA:1c000040
15591606ns          258784 1c008362 111678d3 fmul.s           f17, f12, f17       f17=xxxxxxxx f12:41598015 f17:bf7b14be
15591626ns          258785 1c008366 1105f853 fmul.s           f16, f11, f16       f16=xxxxxxxx f11:bf6b4938 f16:3f7b14be
15591646ns          258786 1c00836a 8865f5c3 fmadd.s          f11, f11, f6, f17   f11=xxxxxxxx f11:bf6b4938  f6:3e47c5c2 f17:c1555234
15592043ns          258806 1c00836e 80667643 fmadd.s          f12, f12, f6, f16   f12=xxxxxxxx f12:41598015  f6:3e47c5c2 f16:bf66c3da
15592063ns          258807 1c008372 00b52023 sw               x11, 0(x10)         x11:c15830a3 x10:10001e68  PA:10001e68
15592083ns          258808 1c008374 1c0005b7 lui              x11, 0x1c000000     x11=1c000000
15592103ns          258809 1c008378 00c6a023 sw               x12, 0(x13)         x12:3fe0133c x13:10001e5c  PA:10001e5c
15592123ns          258810 1c00837a 0445a503 lw               x10, 68(x11)        x10=bf0e39da x11:1c000000  PA:1c000044
15592560ns          258832 1c00837e 1c0005b7 lui              x11, 0x1c000000     x11=1c000000
15592580ns          258833 1c008382 0007a683 lw               x13, 0(x15)         x13=c108cacd x15:10001e60  PA:10001e60
15592600ns          258834 1c008384 0485a803 lw               x16, 72(x11)        x16=3f54db31 x11:1c000000  PA:1c000048
15593018ns          258855 1c008388 1c0005b7 lui              x11, 0x1c000000     x11=1c000000
15593038ns          258856 1c00838c 00072603 lw               x12, 0(x14)         x12=c1572252 x14:10001e64  PA:10001e64
15593098ns          258859 1c00838e 04c5a583 lw               x11, 76(x11)        x11=3f0e39da x11:1c000000  PA:1c00004c
15593436ns          258876 1c008392 10a6f553 fmul.s           f10, f13, f10       f10=xxxxxxxx f13:c108cacd f10:bf0e39da
15593456ns          258877 1c008396 10b675d3 fmul.s           f11, f12, f11       f11=xxxxxxxx f12:c1572252 f11:3f0e39da
15593475ns          258878 1c00839a 51067643 fmadd.s          f12, f12, f16, f10  f12=xxxxxxxx f12:c1572252 f16:3f54db31 f10:4097fecf
15593535ns          258881 1c00839e 5906f6c3 fmadd.s          f13, f13, f16, f11  f13=xxxxxxxx f13:c108cacd f16:3f54db31 f11:c0ef0b4f
15593555ns          258882 1c0083a2 00c72023 sw               x12, 0(x14)         x12:c0cdc270 x14:10001e64  PA:10001e64
15593575ns          258883 1c0083a4 00d7a023 sw               x13, 0(x15)         x13:c16942b9 x15:10001e60  PA:10001e60
15593595ns          258884 1c0083a6 00008067 jalr             x0, x1, 0            x1:1c008810
15593635ns          258886 1c008810 c0dff06f jal              x0, -1012          
15593674ns          258888 1c00841c 03412783 lw               x15, 52(x2)         x15=00000010  x2:10001d48  PA:10001d7c
15593694ns          258889 1c00841e 03412683 lw               x13, 52(x2)         x13=00000010  x2:10001d48  PA:10001d7c
15593714ns          258890 1c008420 4037d793 srai             x15, x15, 0x403     x15=00000002 x15:00000010
15593734ns          258891 1c008422 4026d693 srai             x13, x13, 0x402     x13=00000004 x13:00000010
15593754ns          258892 1c008424 02f12823 sw               x15, 48(x2)         x15:00000002  x2:10001d48  PA:10001d78
15593774ns          258893 1c008426 02d12e23 sw               x13, 60(x2)         x13:00000004  x2:10001d48  PA:10001d84
15593794ns          258894 1c008428 06d7d063 bge              x15, x13, 96        x15:00000002 x13:00000004
15593814ns          258895 1c00842c 01c12703 lw               x14, 28(x2)         x14=00000008  x2:10001d48  PA:10001d64
15594192ns          258914 1c00842e 00f708b3 add              x17, x14, x15       x17=0000000a x14:00000008 x15:00000002
15594231ns          258916 1c008432 00e685b3 add              x11, x13, x14       x11=0000000c x13:00000004 x14:00000008
15594251ns          258917 1c008436 03412683 lw               x13, 52(x2)         x13=00000010  x2:10001d48  PA:10001d7c
15594271ns          258918 1c008438 00289893 slli             x17, x17, 0x2       x17=00000028 x17:0000000a
15594291ns          258919 1c00843a 00259593 slli             x11, x11, 0x2       x11=00000030 x11:0000000c
15594311ns          258920 1c00843c 40f68833 sub              x16, x13, x15       x16=0000000e x13:00000010 x15:00000002
15594729ns          258941 1c008440 411585b3 sub              x11, x11, x17       x11=00000008 x11:00000030 x17:00000028
15594768ns          258943 1c008444 02812703 lw               x14, 40(x2)         x14=10001f54  x2:10001d48  PA:10001d70
15594788ns          258944 1c008446 00281813 slli             x16, x16, 0x2       x16=00000038 x16:0000000e
15594808ns          258945 1c008448 ffc58593 addi             x11, x11, -4        x11=00000004 x11:00000008
15594828ns          258946 1c00844a 1c0007b7 lui              x15, 0x1c000000     x15=1c000000
15594848ns          258947 1c00844e ffc80813 addi             x16, x16, -4        x16=00000034 x16:00000038
15595266ns          258968 1c008450 0025d593 srli             x11, x11, 0x2       x11=00000001 x11:00000004
15595305ns          258970 1c008452 0287a303 lw               x6, 40(x15)          x6=3f3504f3 x15:1c000000  PA:1c000028
15595743ns          258992 1c008456 00e80833 add              x16, x16, x14       x16=10001f88 x16:00000034 x14:10001f54
15595763ns          258993 1c008458 00e888b3 add              x17, x17, x14       x17=10001f7c x17:00000028 x14:10001f54
15595783ns          258994 1c00845a 00158593 addi             x11, x11, 1         x11=00000002 x11:00000001
15595803ns          258995 1c00845c 0155c0fb lp.setup         0x1, x11, 0x15      x11:00000002
15595823ns          258996 1c008460 ffc8268b p.lw             x13, -4(x16!)       x13=0000000d x16=10001f84 x16:10001f88  PA:10001f88
15595862ns          258998 1c008464 0048a78b p.lw             x15, 4(x17!)        x15=0000000a x17=10001f80 x17:10001f7c  PA:10001f7c
15595882ns          258999 1c008468 00269693 slli             x13, x13, 0x2       x13=00000034 x13:0000000d
15595902ns          259000 1c00846a 00279793 slli             x15, x15, 0x2       x15=00000028 x15:0000000a
15595922ns          259001 1c00846c 017686b3 add              x13, x13, x23       x13=10001e80 x13:00000034 x23:10001e4c
15595942ns          259002 1c00846e 017787b3 add              x15, x15, x23       x15=10001e74 x15:00000028 x23:10001e4c
15596320ns          259021 1c008470 0006a703 lw               x14, 0(x13)         x14=401a9248 x13:10001e80  PA:10001e80
15596340ns          259022 1c008472 0007a503 lw               x10, 0(x15)         x10=40bae0b0 x15:10001e74  PA:10001e74
15596380ns          259024 1c008474 00a77653 fadd.s           f12, f14, f10       f12=xxxxxxxx f14:401a9248 f10:40bae0b0
15596399ns          259025 1c008478 08a77753 fsub.s           f14, f14, f10       f14=xxxxxxxx f14:401a9248 f10:40bae0b0
15596419ns          259026 1c00847c 10667653 fmul.s           f12, f12, f6        f12=xxxxxxxx f12:410414ea  f6:3f3504f3
15596837ns          259047 1c008480 10677753 fmul.s           f14, f14, f6        f14=xxxxxxxx f14:c05b2f18  f6:3f3504f3
15596877ns          259049 1c008484 00c6a023 sw               x12, 0(x13)         x12:40bacaae x13:10001e80  PA:10001e80
15596897ns          259050 1c008486 00e7a023 sw               x14, 0(x15)         x14:c01afc89 x15:10001e74  PA:10001e74
15596917ns          259051 1c008460 ffc8268b p.lw             x13, -4(x16!)       x13=0000000c x16=10001f80 x16:10001f84  PA:10001f84
15596936ns          259052 1c008464 0048a78b p.lw             x15, 4(x17!)        x15=0000000b x17=10001f84 x17:10001f80  PA:10001f80
15596956ns          259053 1c008468 00269693 slli             x13, x13, 0x2       x13=00000030 x13:0000000c
15596976ns          259054 1c00846a 00279793 slli             x15, x15, 0x2       x15=0000002c x15:0000000b
15596996ns          259055 1c00846c 017686b3 add              x13, x13, x23       x13=10001e7c x13:00000030 x23:10001e4c
15597016ns          259056 1c00846e 017787b3 add              x15, x15, x23       x15=10001e78 x15:0000002c x23:10001e4c
15597036ns          259057 1c008470 0006a703 lw               x14, 0(x13)         x14=c09a4a86 x13:10001e7c  PA:10001e7c
15597056ns          259058 1c008472 0007a503 lw               x10, 0(x15)         x10=40c41542 x15:10001e78  PA:10001e78
15597096ns          259060 1c008474 00a77653 fadd.s           f12, f14, f10       f12=xxxxxxxx f14:c09a4a86 f10:40c41542
15597115ns          259061 1c008478 08a77753 fsub.s           f14, f14, f10       f14=xxxxxxxx f14:c09a4a86 f10:40c41542
15597135ns          259062 1c00847c 10667653 fmul.s           f12, f12, f6        f12=xxxxxxxx f12:3fa72af0  f6:3f3504f3
15597155ns          259063 1c008480 10677753 fmul.s           f14, f14, f6        f14=xxxxxxxx f14:c12f2fe4  f6:3f3504f3
15597175ns          259064 1c008484 00c6a023 sw               x12, 0(x13)         x12:3f6c692e x13:10001e7c  PA:10001e7c
15597195ns          259065 1c008486 00e7a023 sw               x14, 0(x15)         x14:c0f7c07e x15:10001e78  PA:10001e78
15597215ns          259066 1c008488 03012683 lw               x13, 48(x2)         x13=00000002  x2:10001d48  PA:10001d78
15597235ns          259067 1c00848a 00100793 addi             x15, x0, 1          x15=00000001
15597255ns          259068 1c00848c 24d7df63 bge              x15, x13, 606       x15:00000001 x13:00000002
15597633ns          259087 1c008490 40000737 lui              x14, 0x40000000     x14=40000000
15597672ns          259089 1c008494 fff70793 addi             x15, x14, -1        x15=3fffffff x14:40000000
15597692ns          259090 1c008498 03412703 lw               x14, 52(x2)         x14=00000010  x2:10001d48  PA:10001d7c
15597712ns          259091 1c00849a 00100893 addi             x17, x0, 1          x17=00000001
15597732ns          259092 1c00849c 00e787b3 add              x15, x15, x14       x15=4000000f x15:3fffffff x14:00000010
15597752ns          259093 1c00849e 02f12c23 sw               x15, 56(x2)         x15:4000000f  x2:10001d48  PA:10001d80
15598150ns          259113 1c0084a0 01c12783 lw               x15, 28(x2)         x15=00000008  x2:10001d48  PA:10001d64
15598190ns          259115 1c0084a2 00289513 slli             x10, x17, 0x2       x10=00000004 x17:00000001
15598209ns          259116 1c0084a6 02a7c533 div              x10, x15, x10       x10=00000002 x15:00000008 x10:00000004
15598846ns          259148 1c0084aa 00151313 slli             x6, x10, 0x1         x6=00000004 x10:00000002
15598866ns          259149 1c0084ae 40a30fb3 sub              x31, x6, x10        x31=00000002  x6:00000004 x10:00000002
15598886ns          259150 1c0084b2 006785b3 add              x11, x15, x6        x11=0000000c x15:00000008  x6:00000004
15598906ns          259151 1c0084b6 40a002b3 sub              x5, x0, x10          x5=fffffffe x10:00000002
15598926ns          259152 1c0084ba 02812683 lw               x13, 40(x2)         x13=10001f54  x2:10001d48  PA:10001d70
15598945ns          259153 1c0084bc 00a00833 add              x16, x0, x10        x16=00000002 x10:00000002
15599343ns          259173 1c0084be 406003b3 sub              x7, x0, x6           x7=fffffffc  x6:00000004
15599383ns          259175 1c0084c2 00351f13 slli             x30, x10, 0x3       x30=00000010 x10:00000002
15599403ns          259176 1c0084c6 00259593 slli             x11, x11, 0x2       x11=00000030 x11:0000000c
15599423ns          259177 1c0084c8 00229293 slli             x5, x5, 0x2          x5=fffffff8  x5:fffffffe
15599443ns          259178 1c0084ca 002f9f93 slli             x31, x31, 0x2       x31=00000008 x31:00000002
15599463ns          259179 1c0084cc 00600e33 add              x28, x0, x6         x28=00000004  x6:00000004
15599482ns          259180 1c0084ce 00251513 slli             x10, x10, 0x2       x10=00000008 x10:00000002
15599880ns          259200 1c0084d0 01030333 add              x6, x6, x16          x6=00000006  x6:00000004 x16:00000002
15599920ns          259202 1c0084d2 00481493 slli             x9, x16, 0x4         x9=00000020 x16:00000002
15599940ns          259203 1c0084d6 00d585b3 add              x11, x11, x13       x11=10001f84 x11:00000030 x13:10001f54
15599960ns          259204 1c0084d8 00239393 slli             x7, x7, 0x2          x7=fffffff0  x7:fffffffc
15599980ns          259205 1c0084da 00000413 addi             x8, x0, 0            x8=00000000
15600000ns          259206 1c0084dc 00000e93 addi             x29, x0, 0          x29=00000000
15600020ns          259207 1c0084de ffc28293 addi             x5, x5, -4           x5=fffffff4  x5:fffffff8
15600397ns          259226 1c0084e0 ffcf0f13 addi             x30, x30, -4        x30=0000000c x30:00000010
15600417ns          259227 1c0084e2 ffcf8f93 addi             x31, x31, -4        x31=00000004 x31:00000008
15600437ns          259228 1c0084e4 0468c07b lp.setup         0x0, x17, 0x46      x17:00000001
15600457ns          259229 1c0084e8 050ed163 bge              x29, x16, 66        x29:00000000 x16:00000002
15600477ns          259230 1c0084ec ffc58993 addi             x19, x11, -4        x19=10001f80 x11:10001f84
15600895ns          259251 1c0084f0 00b28933 add              x18, x5, x11        x18=10001f78  x5:fffffff4 x11:10001f84
15600934ns          259253 1c0084f4 41298933 sub              x18, x19, x18       x18=00000008 x19:10001f80 x18:10001f78
15600954ns          259254 1c0084f8 ffc90913 addi             x18, x18, -4        x18=00000004 x18:00000008
15600974ns          259255 1c0084fa 00295913 srli             x18, x18, 0x2       x18=00000001 x18:00000004
15601432ns          259278 1c0084fe 00b38a33 add              x20, x7, x11        x20=10001f74  x7:fffffff0 x11:10001f84
15601452ns          259279 1c008502 00190913 addi             x18, x18, 1         x18=00000002 x18:00000001
15601472ns          259280 1c008504 012940fb lp.setup         0x1, x18, 0x12      x18:00000002
15601491ns          259281 1c008508 004a278b p.lw             x15, 4(x20!)        x15=00000008 x20=10001f78 x20:10001f74  PA:10001f74
15601511ns          259282 1c00850c ffc9a70b p.lw             x14, -4(x19!)       x14=0000000b x19=10001f7c x19:10001f80  PA:10001f80
15601969ns          259305 1c008510 00279793 slli             x15, x15, 0x2       x15=00000020 x15:00000008
15601989ns          259306 1c008512 00271713 slli             x14, x14, 0x2       x14=0000002c x14:0000000b
15602009ns          259307 1c008514 017787b3 add              x15, x15, x23       x15=10001e6c x15:00000020 x23:10001e4c
15602028ns          259308 1c008516 01770733 add              x14, x14, x23       x14=10001e78 x14:0000002c x23:10001e4c
15602048ns          259309 1c008518 0007a683 lw               x13, 0(x15)         x13=c13c77fe x15:10001e6c  PA:10001e6c
15602068ns          259310 1c00851a 00072603 lw               x12, 0(x14)         x12=c0f7c07e x14:10001e78  PA:10001e78
15602108ns          259312 1c00851c 08c6fad3 fsub.s           f21, f13, f12       f21=xxxxxxxx f13:c13c77fe f12:c0f7c07e
15602486ns          259331 1c008520 00c6f6d3 fadd.s           f13, f13, f12       f13=xxxxxxxx f13:c13c77fe f12:c0f7c07e
15602526ns          259333 1c008524 01572023 sw               x21, 0(x14)         x21:c0812f7e x14:10001e78  PA:10001e78
15602566ns          259335 1c008528 00d7a023 sw               x13, 0(x15)         x13:c19c2c1e x15:10001e6c  PA:10001e6c
15602585ns          259336 1c008508 004a278b p.lw             x15, 4(x20!)        x15=00000009 x20=10001f7c x20:10001f78  PA:10001f78
15602605ns          259337 1c00850c ffc9a70b p.lw             x14, -4(x19!)       x14=0000000a x19=10001f78 x19:10001f7c  PA:10001f7c
15602625ns          259338 1c008510 00279793 slli             x15, x15, 0x2       x15=00000024 x15:00000009
15602645ns          259339 1c008512 00271713 slli             x14, x14, 0x2       x14=00000028 x14:0000000a
15602665ns          259340 1c008514 017787b3 add              x15, x15, x23       x15=10001e70 x15:00000024 x23:10001e4c
15602685ns          259341 1c008516 01770733 add              x14, x14, x23       x14=10001e74 x14:00000028 x23:10001e4c
15602705ns          259342 1c008518 0007a683 lw               x13, 0(x15)         x13=40224366 x15:10001e70  PA:10001e70
15602745ns          259344 1c00851a 00072603 lw               x12, 0(x14)         x12=c01afc89 x14:10001e74  PA:10001e74
15602804ns          259347 1c00851c 08c6fad3 fsub.s           f21, f13, f12       f21=xxxxxxxx f13:40224366 f12:c01afc89
15602824ns          259348 1c008520 00c6f6d3 fadd.s           f13, f13, f12       f13=xxxxxxxx f13:40224366 f12:c01afc89
15602844ns          259349 1c008524 01572023 sw               x21, 0(x14)         x21:409e9ff8 x14:10001e74  PA:10001e74
15602864ns          259350 1c008528 00d7a023 sw               x13, 0(x15)         x13:3de8dba0 x15:10001e70  PA:10001e70
15602884ns          259351 1c00852a 026e5e63 bge              x28, x6, 60         x28:00000004  x6:00000006
15603202ns          259367 1c00852e 41ff0933 sub              x18, x30, x31       x18=00000008 x30:0000000c x31:00000004
15603222ns          259368 1c008532 ffc90913 addi             x18, x18, -4        x18=00000004 x18:00000008
15603242ns          259369 1c008534 00295913 srli             x18, x18, 0x2       x18=00000001 x18:00000004
15603262ns          259370 1c008538 00bf0a33 add              x20, x30, x11       x20=10001f90 x30:0000000c x11:10001f84
15603282ns          259371 1c00853c 00b009b3 add              x19, x0, x11        x19=10001f84 x11:10001f84
15603301ns          259372 1c00853e 00190913 addi             x18, x18, 1         x18=00000002 x18:00000001
15603719ns          259393 1c008540 012940fb lp.setup         0x1, x18, 0x12      x18:00000002
15603759ns          259395 1c008544 ffca270b p.lw             x14, -4(x20!)       x14=0000000f x20=10001f8c x20:10001f90  PA:10001f90
15603779ns          259396 1c008548 0049a78b p.lw             x15, 4(x19!)        x15=0000000c x19=10001f88 x19:10001f84  PA:10001f84
15603799ns          259397 1c00854c 00271713 slli             x14, x14, 0x2       x14=0000003c x14:0000000f
15603819ns          259398 1c00854e 00279793 slli             x15, x15, 0x2       x15=00000030 x15:0000000c
15604256ns          259420 1c008550 01770733 add              x14, x14, x23       x14=10001e88 x14:0000003c x23:10001e4c
15604276ns          259421 1c008552 017787b3 add              x15, x15, x23       x15=10001e7c x15:00000030 x23:10001e4c
15604296ns          259422 1c008554 00072683 lw               x13, 0(x14)         x13=3e83e720 x14:10001e88  PA:10001e88
15604316ns          259423 1c008556 0007a603 lw               x12, 0(x15)         x12=3f6c692e x15:10001e7c  PA:10001e7c
15604356ns          259425 1c008558 00c6fad3 fadd.s           f21, f13, f12       f21=xxxxxxxx f13:3e83e720 f12:3f6c692e
15604376ns          259426 1c00855c 08c6f6d3 fsub.s           f13, f13, f12       f13=xxxxxxxx f13:3e83e720 f12:3f6c692e
15604773ns          259446 1c008560 01572023 sw               x21, 0(x14)         x21:3f972e5f x14:10001e88  PA:10001e88
15604833ns          259449 1c008564 00d7a023 sw               x13, 0(x15)         x13:bf2a759e x15:10001e7c  PA:10001e7c
15604853ns          259450 1c008544 ffca270b p.lw             x14, -4(x20!)       x14=0000000e x20=10001f88 x20:10001f8c  PA:10001f8c
15604873ns          259451 1c008548 0049a78b p.lw             x15, 4(x19!)        x15=0000000d x19=10001f8c x19:10001f88  PA:10001f88
15604893ns          259452 1c00854c 00271713 slli             x14, x14, 0x2       x14=00000038 x14:0000000e
15604913ns          259453 1c00854e 00279793 slli             x15, x15, 0x2       x15=00000034 x15:0000000d
15604933ns          259454 1c008550 01770733 add              x14, x14, x23       x14=10001e84 x14:00000038 x23:10001e4c
15604952ns          259455 1c008552 017787b3 add              x15, x15, x23       x15=10001e80 x15:00000034 x23:10001e4c
15604972ns          259456 1c008554 00072683 lw               x13, 0(x14)         x13=4119b773 x14:10001e84  PA:10001e84
15605012ns          259458 1c008556 0007a603 lw               x12, 0(x15)         x12=40bacaae x15:10001e80  PA:10001e80
15605052ns          259460 1c008558 00c6fad3 fadd.s           f21, f13, f12       f21=xxxxxxxx f13:4119b773 f12:40bacaae
15605072ns          259461 1c00855c 08c6f6d3 fsub.s           f13, f13, f12       f13=xxxxxxxx f13:4119b773 f12:40bacaae
15605092ns          259462 1c008560 01572023 sw               x21, 0(x14)         x21:41771cca x14:10001e84  PA:10001e84
15605112ns          259463 1c008564 00d7a023 sw               x13, 0(x15)         x13:40714870 x15:10001e80  PA:10001e80
15605131ns          259464 1c008566 00ae8eb3 add              x29, x29, x10       x29=00000008 x29:00000000 x10:00000008
15605151ns          259465 1c008568 00140413 addi             x8, x8, 1            x8=00000001  x8:00000000
15605171ns          259466 1c00856a 00a80833 add              x16, x16, x10       x16=0000000a x16:00000002 x10:00000008
15605191ns          259467 1c00856c 00a30333 add              x6, x6, x10          x6=0000000e  x6:00000006 x10:00000008
15605211ns          259468 1c00856e 00ae0e33 add              x28, x28, x10       x28=0000000c x28:00000004 x10:00000008
15605509ns          259483 1c008570 009585b3 add              x11, x11, x9        x11=10001fa4 x11:10001f84  x9:00000020
15605529ns          259484 1c008572 01c12703 lw               x14, 28(x2)         x14=00000008  x2:10001d48  PA:10001d64
15605549ns          259485 1c008574 00341f93 slli             x31, x8, 0x3        x31=00000008  x8:00000001
15605569ns          259486 1c008578 03f74a33 div              x20, x14, x31       x20=00000001 x14:10001e84 x31:00000008
15606186ns          259517 1c00857c 001a1c93 slli             x25, x20, 0x1       x25=00000002 x20:00000001
15606206ns          259518 1c008580 014c89b3 add              x19, x25, x20       x19=00000003 x25:00000002 x20:00000001
15606225ns          259519 1c008584 014987b3 add              x15, x19, x20       x15=00000004 x19:00000003 x20:00000001
15606245ns          259520 1c008588 03812683 lw               x13, 56(x2)         x13=4000000f  x2:10001d48  PA:10001d80
15606265ns          259521 1c00858a 00f12423 sw               x15, 8(x2)          x15:00000004  x2:10001d48  PA:10001d50
15606285ns          259522 1c00858c 01970db3 add              x27, x14, x25       x27=0000000a x14:00000008 x25:00000002
15606723ns          259544 1c008590 d0047753 fcvt.s.w         f14, x8             f14=xxxxxxxx  x8:00000001
15606762ns          259546 1c008594 00141793 slli             x15, x8, 0x1        x15=00000002  x8:00000001
15606782ns          259547 1c008598 41468d33 sub              x26, x13, x20       x26=4000000e x13:4000000f x20:00000001
15606802ns          259548 1c00859c 01da1493 slli             x9, x20, 0x1d        x9=20000000 x20:00000001
15607240ns          259570 1c0085a0 00812683 lw               x13, 8(x2)          x13=00000004  x2:10001d48  PA:10001d50
15607260ns          259571 1c0085a2 02f12623 sw               x15, 44(x2)         x15:00000002  x2:10001d48  PA:10001d74
15607300ns          259573 1c0085a4 414484b3 sub              x9, x9, x20          x9=1fffffff  x9:20000000 x20:00000001
15607319ns          259574 1c0085a8 02c12b03 lw               x22, 44(x2)         x22=00000002  x2:10001d48  PA:10001d74
15607339ns          259575 1c0085aa 40d00933 sub              x18, x0, x13        x18=fffffffc x13:00000004
15607359ns          259576 1c0085ae 00149493 slli             x9, x9, 0x1          x9=3ffffffe  x9:1fffffff
15607737ns          259595 1c0085b0 00e12823 sw               x14, 16(x2)         x14:3f800000  x2:10001d48  PA:10001d58
15607777ns          259597 1c0085b2 00269713 slli             x14, x13, 0x2       x14=00000010 x13:00000004
15607797ns          259598 1c0085b6 02812683 lw               x13, 40(x2)         x13=10001f54  x2:10001d48  PA:10001d70
15607817ns          259599 1c0085b8 002d9d93 slli             x27, x27, 0x2       x27=00000028 x27:0000000a
15607837ns          259600 1c0085ba 002d1d13 slli             x26, x26, 0x2       x26=00000038 x26:4000000e
15607856ns          259601 1c0085bc 414002b3 sub              x5, x0, x20          x5=ffffffff x20:00000001
15608254ns          259621 1c0085c0 019484b3 add              x9, x9, x25          x9=40000000  x9:3ffffffe x25:00000002
15608294ns          259623 1c0085c2 414c87b3 sub              x15, x25, x20       x15=00000001 x25:00000002 x20:00000001
15608314ns          259624 1c0085c6 01640433 add              x8, x8, x22          x8=00000003  x8:00000001 x22:00000002
15608334ns          259625 1c0085c8 00dd8db3 add              x27, x27, x13       x27=10001f7c x27:00000028 x13:10001f54
15608354ns          259626 1c0085ca 00dd0d33 add              x26, x26, x13       x26=10001f8c x26:00000038 x13:10001f54
15608374ns          259627 1c0085cc 00249493 slli             x9, x9, 0x2          x9=00000000  x9:40000000
15608394ns          259628 1c0085ce 00e12a23 sw               x14, 20(x2)         x14:00000010  x2:10001d48  PA:10001d5c
15608791ns          259648 1c0085d0 00229a93 slli             x21, x5, 0x2        x21=fffffffc  x5:ffffffff
15608831ns          259650 1c0085d4 00279793 slli             x15, x15, 0x2       x15=00000004 x15:00000001
15608851ns          259651 1c0085d6 419a0733 sub              x14, x20, x25       x14=ffffffff x20:00000001 x25:00000002
15608871ns          259652 1c0085da 00812623 sw               x8, 12(x2)           x8:00000003  x2:10001d48  PA:10001d54
15608891ns          259653 1c0085dc 02912023 sw               x9, 32(x2)           x9:00000000  x2:10001d48  PA:10001d68
15608911ns          259654 1c0085de 01b00433 add              x8, x0, x27          x8=10001f7c x27:10001f7c
15609328ns          259675 1c0085e0 00291913 slli             x18, x18, 0x2       x18=fffffff0 x18:fffffffc
15609348ns          259676 1c0085e2 01600db3 add              x27, x0, x22        x27=00000002 x22:00000002
15609368ns          259677 1c0085e4 02f12223 sw               x15, 36(x2)         x15:00000004  x2:10001d48  PA:10001d6c
15609388ns          259678 1c0085e6 01a00b33 add              x22, x0, x26        x22=10001f8c x26:10001f8c
15609408ns          259679 1c0085e8 00e12c23 sw               x14, 24(x2)         x14:ffffffff  x2:10001d48  PA:10001d60
15609448ns          259681 1c0085ea 01900d33 add              x26, x0, x25        x26=00000002 x25:00000002
15609468ns          259682 1c0085ec 015004b3 add              x9, x0, x21          x9=fffffffc x21:fffffffc
15609488ns          259683 1c0085ee 01812783 lw               x15, 24(x2)         x15=ffffffff  x2:10001d48  PA:10001d60
15609826ns          259700 1c0085f0 00000713 addi             x14, x0, 0          x14=00000000
15609865ns          259702 1c0085f2 01a78ab3 add              x21, x15, x26       x21=00000001 x15:ffffffff x26:00000002
15609885ns          259703 1c0085f6 01b007b3 add              x15, x0, x27        x15=00000002 x27:00000002
15609905ns          259704 1c0085f8 00f006b3 add              x13, x0, x15        x13=00000002 x15:00000002
15609925ns          259705 1c0085fa fc1726b3 p.insert         x13, x14, 30, 1     x13=00000000 x13:00000002 x14:00000000
15609945ns          259706 1c0085fe 4017d793 srai             x15, x15, 0x401     x15=00000001 x15:00000002
15610343ns          259726 1c008600 00d00733 add              x14, x0, x13        x14=00000000 x13:00000000
15610363ns          259727 1c008602 fe079be3 bne              x15, x0, -10        x15:00000001
15610422ns          259730 1c0085f8 00f006b3 add              x13, x0, x15        x13=00000001 x15:00000001
15610442ns          259731 1c0085fa fc1726b3 p.insert         x13, x14, 30, 1     x13=00000001 x13:00000001 x14:00000000
15610462ns          259732 1c0085fe 4017d793 srai             x15, x15, 0x401     x15=00000000 x15:00000001
15610482ns          259733 1c008600 00d00733 add              x14, x0, x13        x14=00000001 x13:00000001
15610502ns          259734 1c008602 fe079be3 bne              x15, x0, -10        x15:00000000
15610522ns          259735 1c008604 1c0007b7 lui              x15, 0x1c000000     x15=1c000000
15610542ns          259736 1c008608 d006f753 fcvt.s.w         f14, x13            f14=xxxxxxxx x13:00000001
15610562ns          259737 1c00860c 01c78793 addi             x15, x15, 28        x15=1c00001c x15:1c000000
15610979ns          259758 1c008610 0007a783 lw               x15, 0(x15)         x15=3ec90fdb x15:1c00001c  PA:1c00001c
15611457ns          259782 1c008612 01012683 lw               x13, 16(x2)         x13=3f800000  x2:10001d48  PA:10001d58
15611477ns          259783 1c008614 10f77753 fmul.s           f14, f14, f15       f14=xxxxxxxx f14:3f800000 f15:3ec90fdb
15611496ns          259784 1c008618 18d77c53 fdiv.s           f24, f14, f13       f24=xxxxxxxx f14:3ec90fdb f13:3f800000
15612352ns          259827 1c00861c 01800533 add              x10, x0, x24        x10=3ec90fdb x24:3ec90fdb
15612372ns          259828 1c00861e 7f6000ef jal              x1, 2038             x1=1c008622
15612451ns          259832 1c008e14 a0a527d3 feq.s            x15, f10, f10       x15=00000001 f10:3ec90fdb f10:3ec90fdb
15612491ns          259834 1c008e18 0a078b63 beq              x15, x0, 182        x15:00000001
15612511ns          259835 1c008e1a e00517d3 fclass.s         x15, f10            x15=00000040 f10:3ec90fdb
15612610ns          259840 1c008e1e 0817f793 andi             x15, x15, 129       x15=00000000 x15:00000040
15612630ns          259841 1c008e22 0a079663 bne              x15, x0, 172        x15:00000000
15612650ns          259842 1c008e24 00000793 addi             x15, x0, 0          x15=00000000
15612670ns          259843 1c008e28 a0f517d3 flt.s            x15, f10, f15       x15=00000000 f10:3ec90fdb f15:00000000
15612690ns          259844 1c008e2c 0a079663 bne              x15, x0, 172        x15:00000000
15613108ns          259865 1c008e2e 1c000737 lui              x14, 0x1c000000     x14=1c000000
15613147ns          259867 1c008e32 16072783 lw               x15, 352(x14)       x15=40c90fdb x14:1c000000  PA:1c000160
15613585ns          259889 1c008e36 a0a797d3 flt.s            x15, f15, f10       x15=00000000 f15:40c90fdb f10:3ec90fdb
15613605ns          259890 1c008e3a 00078b63 beq              x15, x0, 22         x15:00000000
15614102ns          259915 1c008e50 00000793 addi             x15, x0, 0          x15=00000000
15614142ns          259917 1c008e54 a0f517d3 flt.s            x15, f10, f15       x15=00000000 f10:3ec90fdb f15:00000000
15614162ns          259918 1c008e58 08079a63 bne              x15, x0, 148        x15:00000000
15614182ns          259919 1c008e5a 1c0007b7 lui              x15, 0x1c000000     x15=1c000000
15614659ns          259943 1c008e5e 0207a783 lw               x15, 32(x15)        x15=3fc90fdb x15:1c000000  PA:1c000020
15615057ns          259963 1c008e62 a0f517d3 flt.s            x15, f10, f15       x15=00000001 f10:3ec90fdb f15:3fc90fdb
15615077ns          259964 1c008e66 02079563 bne              x15, x0, 42         x15:00000001
15615952ns          260008 1c008e90 10a57553 fmul.s           f10, f10, f10       f10=xxxxxxxx f10:3ec90fdb f10:3ec90fdb
15615992ns          260010 1c008e94 1c0007b7 lui              x15, 0x1c000000     x15=1c000000
15616012ns          260011 1c008e98 1c000737 lui              x14, 0x1c000000     x14=1c000000
15616032ns          260012 1c008e9c 16872703 lw               x14, 360(x14)       x14=bab59551 x14:1c000000  PA:1c000168
15616489ns          260035 1c008ea0 1647a783 lw               x15, 356(x15)       x15=37c23ab1 x15:1c000000  PA:1c000164
15616966ns          260059 1c008ea4 70f577c3 fmadd.s          f15, f10, f15, f14  f15=xxxxxxxx f10:3e1de9e7 f15:37c23ab1 f14:bab59551
15616986ns          260060 1c008ea8 1c000737 lui              x14, 0x1c000000     x14=1c000000
15617006ns          260061 1c008eac 16c72703 lw               x14, 364(x14)       x14=3d2aa76f x14:1c000000  PA:1c00016c
15617324ns          260077 1c008eb0 70f577c3 fmadd.s          f15, f10, f15, f14  f15=xxxxxxxx f10:3e1de9e7 f15:bab51d82 f14:3d2aa76f
15617344ns          260078 1c008eb4 1c000737 lui              x14, 0x1c000000     x14=1c000000
15617364ns          260079 1c008eb8 17072703 lw               x14, 368(x14)       x14=beffffe0 x14:1c000000  PA:1c000170
15617683ns          260095 1c008ebc 70f577c3 fmadd.s          f15, f10, f15, f14  f15=xxxxxxxx f10:3e1de9e7 f15:3d29c7fe f14:beffffe0
15617702ns          260096 1c008ec0 1c000737 lui              x14, 0x1c000000     x14=1c000000
15617722ns          260097 1c008ec4 19c72703 lw               x14, 412(x14)       x14=3f7fffff x14:1c000000  PA:1c00019c
15618120ns          260117 1c008ec8 70f57543 fmadd.s          f10, f10, f15, f14  f10=xxxxxxxx f10:3e1de9e7 f15:befcba0a f14:3f7fffff
15618140ns          260118 1c008ecc 00008067 jalr             x0, x1, 0            x1:1c008622
15618200ns          260121 1c008622 1c000737 lui              x14, 0x1c000000     x14=1c000000
15618220ns          260122 1c008626 02070713 addi             x14, x14, 32        x14=1c000020 x14:1c000000
15618239ns          260123 1c00862a 00072703 lw               x14, 0(x14)         x14=3fc90fdb x14:1c000020  PA:1c000020
15618657ns          260144 1c00862c 00a00cb3 add              x25, x0, x10        x25=3f6c835f x10:3f6c835f
15618697ns          260146 1c00862e 09877553 fsub.s           f10, f14, f24       f10=xxxxxxxx f14:3fc90fdb f24:3ec90fdb
15618737ns          260148 1c008632 7e2000ef jal              x1, 2018             x1=1c008636
15618816ns          260152 1c008e14 a0a527d3 feq.s            x15, f10, f10       x15=00000001 f10:3f96cbe4 f10:3f96cbe4
15618856ns          260154 1c008e18 0a078b63 beq              x15, x0, 182        x15:00000001
15618876ns          260155 1c008e1a e00517d3 fclass.s         x15, f10            x15=00000040 f10:3f96cbe4
15618896ns          260156 1c008e1e 0817f793 andi             x15, x15, 129       x15=00000000 x15:00000040
15618916ns          260157 1c008e22 0a079663 bne              x15, x0, 172        x15:00000000
15618936ns          260158 1c008e24 00000793 addi             x15, x0, 0          x15=00000000
15618956ns          260159 1c008e28 a0f517d3 flt.s            x15, f10, f15       x15=00000000 f10:3f96cbe4 f15:00000000
15618975ns          260160 1c008e2c 0a079663 bne              x15, x0, 172        x15:00000000
15618995ns          260161 1c008e2e 1c000737 lui              x14, 0x1c000000     x14=1c000000
15619015ns          260162 1c008e32 16072783 lw               x15, 352(x14)       x15=40c90fdb x14:1c000000  PA:1c000160
15619353ns          260179 1c008e36 a0a797d3 flt.s            x15, f15, f10       x15=00000000 f15:40c90fdb f10:3f96cbe4
15619373ns          260180 1c008e3a 00078b63 beq              x15, x0, 22         x15:00000000
15619433ns          260183 1c008e50 00000793 addi             x15, x0, 0          x15=00000000
15619453ns          260184 1c008e54 a0f517d3 flt.s            x15, f10, f15       x15=00000000 f10:3f96cbe4 f15:00000000
15619473ns          260185 1c008e58 08079a63 bne              x15, x0, 148        x15:00000000
15619493ns          260186 1c008e5a 1c0007b7 lui              x15, 0x1c000000     x15=1c000000
15619512ns          260187 1c008e5e 0207a783 lw               x15, 32(x15)        x15=3fc90fdb x15:1c000000  PA:1c000020
15619870ns          260205 1c008e62 a0f517d3 flt.s            x15, f10, f15       x15=00000001 f10:3f96cbe4 f15:3fc90fdb
15619890ns          260206 1c008e66 02079563 bne              x15, x0, 42         x15:00000001
15619990ns          260211 1c008e90 10a57553 fmul.s           f10, f10, f10       f10=xxxxxxxx f10:3f96cbe4 f10:3f96cbe4
15620030ns          260213 1c008e94 1c0007b7 lui              x15, 0x1c000000     x15=1c000000
15620050ns          260214 1c008e98 1c000737 lui              x14, 0x1c000000     x14=1c000000
15620069ns          260215 1c008e9c 16872703 lw               x14, 360(x14)       x14=bab59551 x14:1c000000  PA:1c000168
15620368ns          260230 1c008ea0 1647a783 lw               x15, 356(x15)       x15=37c23ab1 x15:1c000000  PA:1c000164
15620686ns          260246 1c008ea4 70f577c3 fmadd.s          f15, f10, f15, f14  f15=xxxxxxxx f10:3fb1a723 f15:37c23ab1 f14:bab59551
15620706ns          260247 1c008ea8 1c000737 lui              x14, 0x1c000000     x14=1c000000
15620726ns          260248 1c008eac 16c72703 lw               x14, 364(x14)       x14=3d2aa76f x14:1c000000  PA:1c00016c
15621044ns          260264 1c008eb0 70f577c3 fmadd.s          f15, f10, f15, f14  f15=xxxxxxxx f10:3fb1a723 f15:bab15f06 f14:3d2aa76f
15621064ns          260265 1c008eb4 1c000737 lui              x14, 0x1c000000     x14=1c000000
15621084ns          260266 1c008eb8 17072703 lw               x14, 368(x14)       x14=beffffe0 x14:1c000000  PA:1c000170
15621402ns          260282 1c008ebc 70f577c3 fmadd.s          f15, f10, f15, f14  f15=xxxxxxxx f10:3fb1a723 f15:3d22f607 f14:beffffe0
15621422ns          260283 1c008ec0 1c000737 lui              x14, 0x1c000000     x14=1c000000
15621442ns          260284 1c008ec4 19c72703 lw               x14, 412(x14)       x14=3f7fffff x14:1c000000  PA:1c00019c
15621800ns          260302 1c008ec8 70f57543 fmadd.s          f10, f10, f15, f14  f10=xxxxxxxx f10:3fb1a723 f15:bee3ba40 f14:3f7fffff
15621820ns          260303 1c008ecc 00008067 jalr             x0, x1, 0            x1:1c008636
15621879ns          260306 1c008636 05aad463 bge              x21, x26, 72        x21:00000001 x26:00000002
15621899ns          260307 1c00863a 02012783 lw               x15, 32(x2)         x15=00000000  x2:10001d48  PA:10001d68
15621919ns          260308 1c00863c 219c93d3 fsgnjn.s         f7, f25, f25         f7=xxxxxxxx f25:3f6c835f f25:3f6c835f
15622317ns          260328 1c008640 409788b3 sub              x17, x15, x9        x17=00000004 x15:00000000  x9:fffffffc
15622357ns          260330 1c008644 ffc88893 addi             x17, x17, -4        x17=00000000 x17:00000004
15622377ns          260331 1c008646 0028d893 srli             x17, x17, 0x2       x17=00000000 x17:00000000
15622397ns          260332 1c00864a 00848e33 add              x28, x9, x8         x28=10001f78  x9:fffffffc  x8:10001f7c
15622417ns          260333 1c00864e 01600333 add              x6, x0, x22          x6=10001f8c x22:10001f8c
15622834ns          260354 1c008650 00188893 addi             x17, x17, 1         x17=00000001 x17:00000000
15622874ns          260356 1c008652 0158c0fb lp.setup         0x1, x17, 0x15      x17:00000001
15622894ns          260357 1c008656 004e278b p.lw             x15, 4(x28!)        x15=00000009 x28=10001f7c x28:10001f78  PA:10001f78
15622914ns          260358 1c00865a ffc3270b p.lw             x14, -4(x6!)        x14=0000000e  x6=10001f88  x6:10001f8c  PA:10001f8c
15622934ns          260359 1c00865e 00279793 slli             x15, x15, 0x2       x15=00000024 x15:00000009
15623371ns          260381 1c008660 017787b3 add              x15, x15, x23       x15=10001e70 x15:00000024 x23:10001e4c
15623391ns          260382 1c008662 00271713 slli             x14, x14, 0x2       x14=00000038 x14:0000000e
15623411ns          260383 1c008664 0007a683 lw               x13, 0(x15)         x13=3de8dba0 x15:10001e70  PA:10001e70
15623431ns          260384 1c008666 01770733 add              x14, x14, x23       x14=10001e84 x14:00000038 x23:10001e4c
15623451ns          260385 1c008668 00072603 lw               x12, 0(x14)         x12=41771cca x14:10001e84  PA:10001e84
15623471ns          260386 1c00866a 10d57853 fmul.s           f16, f10, f13       f16=xxxxxxxx f10:3ec3ef16 f13:3de8dba0
15623908ns          260408 1c00866e 10c575d3 fmul.s           f11, f10, f12       f11=xxxxxxxx f10:3ec3ef16 f12:41771cca
15623948ns          260410 1c008672 80ccf643 fmadd.s          f12, f25, f12, f16  f12=xxxxxxxx f25:3f6c835f f12:41771cca f16:3d3238c4
15623968ns          260411 1c008676 5876f6c3 fmadd.s          f13, f13, f7, f11   f13=xxxxxxxx f13:3de8dba0  f7:bf6c835f f11:40bd21b7
15623988ns          260412 1c00867a 00c72023 sw               x12, 0(x14)         x12:4164ff92 x14:10001e84  PA:10001e84
15624008ns          260413 1c00867c 00d7a023 sw               x13, 0(x15)         x13:40b9c52f x15:10001e70  PA:10001e70
15624406ns          260433 1c00867e 053d5763 bge              x26, x19, 78        x26:00000002 x19:00000003
15624425ns          260434 1c008682 02412683 lw               x13, 36(x2)         x13=00000004  x2:10001d48  PA:10001d6c
15624445ns          260435 1c008684 219c93d3 fsgnjn.s         f7, f25, f25         f7=xxxxxxxx f25:3f6c835f f25:3f6c835f
15624465ns          260436 1c008688 ffc68893 addi             x17, x13, -4        x17=00000000 x13:00000004
15624485ns          260437 1c00868c 0028d893 srli             x17, x17, 0x2       x17=00000000 x17:00000000
15624923ns          260459 1c008690 20a51ed3 fsgnjn.s         f29, f10, f10       f29=xxxxxxxx f10:3ec3ef16 f10:3ec3ef16
15624963ns          260461 1c008694 01648e33 add              x28, x9, x22        x28=10001f88  x9:fffffffc x22:10001f8c
15624982ns          260462 1c008698 00800333 add              x6, x0, x8           x6=10001f7c  x8:10001f7c
15625002ns          260463 1c00869a 00188893 addi             x17, x17, 1         x17=00000001 x17:00000000
15625022ns          260464 1c00869c 0178c0fb lp.setup         0x1, x17, 0x17      x17:00000001
15625460ns          260486 1c0086a0 0043278b p.lw             x15, 4(x6!)         x15=0000000a  x6=10001f80  x6:10001f7c  PA:10001f7c
15625500ns          260488 1c0086a4 ffce270b p.lw             x14, -4(x28!)       x14=0000000d x28=10001f84 x28:10001f88  PA:10001f88
15625519ns          260489 1c0086a8 00279793 slli             x15, x15, 0x2       x15=00000028 x15:0000000a
15625539ns          260490 1c0086aa 00271713 slli             x14, x14, 0x2       x14=00000034 x14:0000000d
15625559ns          260491 1c0086ac 017787b3 add              x15, x15, x23       x15=10001e74 x15:00000028 x23:10001e4c
15625579ns          260492 1c0086ae 01770733 add              x14, x14, x23       x14=10001e80 x14:00000034 x23:10001e4c
15625977ns          260512 1c0086b0 0007a683 lw               x13, 0(x15)         x13=409e9ff8 x15:10001e74  PA:10001e74
15625997ns          260513 1c0086b2 00072603 lw               x12, 0(x14)         x12=40714870 x14:10001e80  PA:10001e80
15626017ns          260514 1c0086b4 1076f853 fmul.s           f16, f13, f7        f16=xxxxxxxx f13:409e9ff8  f7:bf6c835f
15626037ns          260515 1c0086b8 20c615d3 fsgnjn.s         f11, f12, f12       f11=xxxxxxxx f12:40714870 f12:40714870
15626057ns          260516 1c0086bc 1195f5d3 fmul.s           f11, f11, f25       f11=xxxxxxxx f11:c0714870 f25:3f6c835f
15626474ns          260537 1c0086c0 80c57643 fmadd.s          f12, f10, f12, f16  f12=xxxxxxxx f10:3ec3ef16 f12:40714870 f16:c0928cdf
15626514ns          260539 1c0086c4 59d6f6c3 fmadd.s          f13, f13, f29, f11  f13=xxxxxxxx f13:409e9ff8 f29:bec3ef16 f11:c05eea99
15626534ns          260540 1c0086c8 00c72023 sw               x12, 0(x14)         x12:c048c3fc x14:10001e80  PA:10001e80
15626554ns          260541 1c0086ca 00d7a023 sw               x13, 0(x15)         x13:c0ac294c x15:10001e74  PA:10001e74
15626574ns          260542 1c0086cc 00812703 lw               x14, 8(x2)          x14=00000004  x2:10001d48  PA:10001d50
15626594ns          260543 1c0086ce 01412783 lw               x15, 20(x2)         x15=00000010  x2:10001d48  PA:10001d5c
15626991ns          260563 1c0086d0 00c12683 lw               x13, 12(x2)         x13=00000003  x2:10001d48  PA:10001d54
15627011ns          260564 1c0086d2 00ed0d33 add              x26, x26, x14       x26=00000006 x26:00000002 x14:00000004
15627031ns          260565 1c0086d4 001d8d93 addi             x27, x27, 1         x27=00000003 x27:00000002
15627051ns          260566 1c0086d6 00f40433 add              x8, x8, x15          x8=10001f8c  x8:10001f7c x15:00000010
15627071ns          260567 1c0086d8 012b0b33 add              x22, x22, x18       x22=10001f7c x22:10001f8c x18:fffffff0
15627091ns          260568 1c0086da 014d09b3 add              x19, x26, x20       x19=00000007 x26:00000006 x20:00000001
15627528ns          260590 1c0086de f1b698e3 bne              x13, x27, -240      x13:00000003 x27:00000003
15627548ns          260591 1c0086e2 02c12883 lw               x17, 44(x2)         x17=00000002  x2:10001d48  PA:10001d74
15627568ns          260592 1c0086e4 03012703 lw               x14, 48(x2)         x14=00000002  x2:10001d48  PA:10001d78
15627608ns          260594 1c0086e6 dae8cde3 blt              x17, x14, -582      x17:00000002 x14:00000002
15627628ns          260595 1c0086ea 01c12783 lw               x15, 28(x2)         x15=00000008  x2:10001d48  PA:10001d64
15627668ns          260597 1c0086ec 06f05363 bge              x0, x15, 102        x15:00000008
15628065ns          260617 1c0086f0 fff78893 addi             x17, x15, -1        x17=00000007 x15:00000008
15628105ns          260619 1c0086f4 02812683 lw               x13, 40(x2)         x13=10001f54  x2:10001d48  PA:10001d70
15628125ns          260620 1c0086f6 00279813 slli             x16, x15, 0x2       x16=00000020 x15:00000008
15628145ns          260621 1c0086fa 0028d893 srli             x17, x17, 0x2       x17=00000001 x17:00000007
15628165ns          260622 1c0086fe 00378793 addi             x15, x15, 3         x15=0000000b x15:00000008
15628563ns          260642 1c008700 00400713 addi             x14, x0, 4          x14=00000004
15628583ns          260643 1c008702 00d80833 add              x16, x16, x13       x16=10001f74 x16:00000020 x13:10001f54
15628603ns          260644 1c008704 00188893 addi             x17, x17, 1         x17=00000002 x17:00000001
15628622ns          260645 1c008706 10e7c663 blt              x15, x14, 268       x15:0000000b x14:00000004
15628642ns          260646 1c00870a 0238c0fb lp.setup         0x1, x17, 0x23      x17:00000002
15629080ns          260668 1c00870e 00082683 lw               x13, 0(x16)         x13=00000008 x16:10001f74  PA:10001f74
15629120ns          260670 1c008712 00482603 lw               x12, 4(x16)         x12=00000009 x16:10001f74  PA:10001f78
15629140ns          260671 1c008716 00269693 slli             x13, x13, 0x2       x13=00000020 x13:00000008
15629159ns          260672 1c008718 00261613 slli             x12, x12, 0x2       x12=00000024 x12:00000009
15629179ns          260673 1c00871a 017686b3 add              x13, x13, x23       x13=10001e6c x13:00000020 x23:10001e4c
15629199ns          260674 1c00871c 01760633 add              x12, x12, x23       x12=10001e70 x12:00000024 x23:10001e4c
15629219ns          260675 1c00871e 0006a583 lw               x11, 0(x13)         x11=c19c2c1e x13:10001e6c  PA:10001e6c
15629617ns          260695 1c008720 00062503 lw               x10, 0(x12)         x10=40b9c52f x12:10001e70  PA:10001e70
15629657ns          260697 1c008722 00c82703 lw               x14, 12(x16)        x14=0000000b x16:10001f74  PA:10001f80
15629677ns          260698 1c008726 08a5f353 fsub.s           f6, f11, f10         f6=xxxxxxxx f11:c19c2c1e f10:40b9c52f
15629697ns          260699 1c00872a 00882783 lw               x15, 8(x16)         x15=0000000a x16:10001f74  PA:10001f7c
15630134ns          260721 1c00872e 00a5f5d3 fadd.s           f11, f11, f10       f11=xxxxxxxx f11:c19c2c1e f10:40b9c52f
15630174ns          260723 1c008732 00662023 sw               x6, 0(x12)           x6:c1ca9d6a x12:10001e70  PA:10001e70
15630194ns          260724 1c008736 00271713 slli             x14, x14, 0x2       x14=0000002c x14:0000000b
15630214ns          260725 1c008738 00279793 slli             x15, x15, 0x2       x15=00000028 x15:0000000a
15630234ns          260726 1c00873a 00b6a023 sw               x11, 0(x13)         x11:c15b75a4 x13:10001e6c  PA:10001e6c
15630253ns          260727 1c00873c 01770733 add              x14, x14, x23       x14=10001e78 x14:0000002c x23:10001e4c
15630273ns          260728 1c00873e 017787b3 add              x15, x15, x23       x15=10001e74 x15:00000028 x23:10001e4c
15630651ns          260747 1c008740 00072683 lw               x13, 0(x14)         x13=c0812f7e x14:10001e78  PA:10001e78
15630671ns          260748 1c008742 0007a603 lw               x12, 0(x15)         x12=c0ac294c x15:10001e74  PA:10001e74
15630691ns          260749 1c008744 01080813 addi             x16, x16, 16        x16=10001f84 x16:10001f74
15630711ns          260750 1c008746 00c6f5d3 fadd.s           f11, f13, f12       f11=xxxxxxxx f13:c0812f7e f12:c0ac294c
15630731ns          260751 1c00874a 08c6f6d3 fsub.s           f13, f13, f12       f13=xxxxxxxx f13:c0812f7e f12:c0ac294c
15630751ns          260752 1c00874e 00b72023 sw               x11, 0(x14)         x11:c116ac65 x14:10001e78  PA:10001e78
15631168ns          260773 1c008750 00d7a023 sw               x13, 0(x15)         x13:3fabe738 x15:10001e74  PA:10001e74
15631228ns          260776 1c00870e 00082683 lw               x13, 0(x16)         x13=0000000c x16:10001f84  PA:10001f84
15631248ns          260777 1c008712 00482603 lw               x12, 4(x16)         x12=0000000d x16:10001f84  PA:10001f88
15631268ns          260778 1c008716 00269693 slli             x13, x13, 0x2       x13=00000030 x13:0000000c
15631288ns          260779 1c008718 00261613 slli             x12, x12, 0x2       x12=00000034 x12:0000000d
15631308ns          260780 1c00871a 017686b3 add              x13, x13, x23       x13=10001e7c x13:00000030 x23:10001e4c
15631328ns          260781 1c00871c 01760633 add              x12, x12, x23       x12=10001e80 x12:00000034 x23:10001e4c
15631347ns          260782 1c00871e 0006a583 lw               x11, 0(x13)         x11=bf2a759e x13:10001e7c  PA:10001e7c
15631367ns          260783 1c008720 00062503 lw               x10, 0(x12)         x10=c048c3fc x12:10001e80  PA:10001e80
15631387ns          260784 1c008722 00c82703 lw               x14, 12(x16)        x14=0000000f x16:10001f84  PA:10001f90
15631407ns          260785 1c008726 08a5f353 fsub.s           f6, f11, f10         f6=xxxxxxxx f11:bf2a759e f10:c048c3fc
15631427ns          260786 1c00872a 00882783 lw               x15, 8(x16)         x15=0000000e x16:10001f84  PA:10001f8c
15631447ns          260787 1c00872e 00a5f5d3 fadd.s           f11, f11, f10       f11=xxxxxxxx f11:bf2a759e f10:c048c3fc
15631467ns          260788 1c008732 00662023 sw               x6, 0(x12)           x6:401e2694 x12:10001e80  PA:10001e80
15631487ns          260789 1c008736 00271713 slli             x14, x14, 0x2       x14=0000003c x14:0000000f
15631507ns          260790 1c008738 00279793 slli             x15, x15, 0x2       x15=00000038 x15:0000000e
15631526ns          260791 1c00873a 00b6a023 sw               x11, 0(x13)         x11:c0736164 x13:10001e7c  PA:10001e7c
15631546ns          260792 1c00873c 01770733 add              x14, x14, x23       x14=10001e88 x14:0000003c x23:10001e4c
15631566ns          260793 1c00873e 017787b3 add              x15, x15, x23       x15=10001e84 x15:00000038 x23:10001e4c
15631586ns          260794 1c008740 00072683 lw               x13, 0(x14)         x13=3f972e5f x14:10001e88  PA:10001e88
15631606ns          260795 1c008742 0007a603 lw               x12, 0(x15)         x12=4164ff92 x15:10001e84  PA:10001e84
15631626ns          260796 1c008744 01080813 addi             x16, x16, 16        x16=10001f94 x16:10001f84
15631646ns          260797 1c008746 00c6f5d3 fadd.s           f11, f13, f12       f11=xxxxxxxx f13:3f972e5f f12:4164ff92
15631666ns          260798 1c00874a 08c6f6d3 fsub.s           f13, f13, f12       f13=xxxxxxxx f13:3f972e5f f12:4164ff92
15631686ns          260799 1c00874e 00b72023 sw               x11, 0(x14)         x11:4177e55e x14:10001e88  PA:10001e88
15631705ns          260800 1c008750 00d7a023 sw               x13, 0(x15)         x13:c15219c6 x15:10001e84  PA:10001e84
15631745ns          260802 1c008752 03c12703 lw               x14, 60(x2)         x14=00000004  x2:10001d48  PA:10001d84
15631805ns          260805 1c008754 08e05963 bge              x0, x14, 146        x14:00000004
15631825ns          260806 1c008758 03412783 lw               x15, 52(x2)         x15=00000010  x2:10001d48  PA:10001d7c
15631845ns          260807 1c00875a 01c12b03 lw               x22, 28(x2)         x22=00000008  x2:10001d48  PA:10001d64
15631865ns          260808 1c00875c 00279c13 slli             x24, x15, 0x2       x24=00000040 x15:00000010
15632223ns          260826 1c008760 1c000737 lui              x14, 0x1c000000     x14=1c000000
15632262ns          260828 1c008764 1c0007b7 lui              x15, 0x1c000000     x15=1c000000
15632282ns          260829 1c008768 02472a03 lw               x20, 36(x14)        x20=3f490fdb x14:1c000000  PA:1c000024
15632740ns          260852 1c00876c 0207a903 lw               x18, 32(x15)        x18=3fc90fdb x15:1c000000  PA:1c000020
15633058ns          260868 1c008770 02812703 lw               x14, 40(x2)         x14=10001f54  x2:10001d48  PA:10001d70
15633078ns          260869 1c008772 03c12783 lw               x15, 60(x2)         x15=00000004  x2:10001d48  PA:10001d84
15633098ns          260870 1c008774 d00b79d3 fcvt.s.w         f19, x22            f19=xxxxxxxx x22:00000008
15633118ns          260871 1c008778 002b1693 slli             x13, x22, 0x2       x13=00000020 x22:00000008
15633138ns          260872 1c00877c ffcc0c13 addi             x24, x24, -4        x24=0000003c x24:00000040
15633396ns          260885 1c00877e 00d70cb3 add              x25, x14, x13       x25=10001f74 x14:10001f54 x13:00000020
15633416ns          260886 1c008782 00ec0c33 add              x24, x24, x14       x24=10001f90 x24:0000003c x14:10001f54
15633436ns          260887 1c008784 01678ab3 add              x21, x15, x22       x21=0000000c x15:00000004 x22:00000008
15633456ns          260888 1c008788 016007b3 add              x15, x0, x22        x15=00000008 x22:00000008
15633476ns          260889 1c00878a 060b0d63 beq              x22, x0, 122        x22:00000008
15633496ns          260890 1c00878e 00000713 addi             x14, x0, 0          x14=00000000
15633913ns          260911 1c008790 00f006b3 add              x13, x0, x15        x13=00000008 x15:00000008
15633953ns          260913 1c008792 fc1726b3 p.insert         x13, x14, 30, 1     x13=00000000 x13:00000008 x14:00000000
15633973ns          260914 1c008796 4017d793 srai             x15, x15, 0x401     x15=00000004 x15:00000008
15633993ns          260915 1c008798 00d00733 add              x14, x0, x13        x14=00000000 x13:00000000
15634013ns          260916 1c00879a fe079be3 bne              x15, x0, -10        x15:00000004
15634490ns          260940 1c008790 00f006b3 add              x13, x0, x15        x13=00000004 x15:00000004
15634510ns          260941 1c008792 fc1726b3 p.insert         x13, x14, 30, 1     x13=00000000 x13:00000004 x14:00000000
15634530ns          260942 1c008796 4017d793 srai             x15, x15, 0x401     x15=00000002 x15:00000004
15634550ns          260943 1c008798 00d00733 add              x14, x0, x13        x14=00000000 x13:00000000
15634570ns          260944 1c00879a fe079be3 bne              x15, x0, -10        x15:00000002
15634629ns          260947 1c008790 00f006b3 add              x13, x0, x15        x13=00000002 x15:00000002
15634649ns          260948 1c008792 fc1726b3 p.insert         x13, x14, 30, 1     x13=00000000 x13:00000002 x14:00000000
15634669ns          260949 1c008796 4017d793 srai             x15, x15, 0x401     x15=00000001 x15:00000002
15634689ns          260950 1c008798 00d00733 add              x14, x0, x13        x14=00000000 x13:00000000
15634709ns          260951 1c00879a fe079be3 bne              x15, x0, -10        x15:00000001
15634769ns          260954 1c008790 00f006b3 add              x13, x0, x15        x13=00000001 x15:00000001
15634789ns          260955 1c008792 fc1726b3 p.insert         x13, x14, 30, 1     x13=00000001 x13:00000001 x14:00000000
15634808ns          260956 1c008796 4017d793 srai             x15, x15, 0x401     x15=00000000 x15:00000001
15634828ns          260957 1c008798 00d00733 add              x14, x0, x13        x14=00000001 x13:00000001
15634848ns          260958 1c00879a fe079be3 bne              x15, x0, -10        x15:00000000
15634868ns          260959 1c00879c d006f453 fcvt.s.w         f8, x13              f8=xxxxxxxx x13:00000001
15634888ns          260960 1c0087a0 11447453 fmul.s           f8, f8, f20          f8=xxxxxxxx  f8:3f800000 f20:3f490fdb
15634908ns          260961 1c0087a4 19347453 fdiv.s           f8, f8, f19          f8=xxxxxxxx  f8:3f490fdb f19:41000000
15635922ns          261012 1c0087a8 00800533 add              x10, x0, x8         x10=3dc90fdb  x8:3dc90fdb
15635942ns          261013 1c0087aa 66a000ef jal              x1, 1642             x1=1c0087ac
15635982ns          261015 1c008e14 a0a527d3 feq.s            x15, f10, f10       x15=00000001 f10:3dc90fdb f10:3dc90fdb
15636002ns          261016 1c008e18 0a078b63 beq              x15, x0, 182        x15:00000001
15636022ns          261017 1c008e1a e00517d3 fclass.s         x15, f10            x15=00000040 f10:3dc90fdb
15636081ns          261020 1c008e1e 0817f793 andi             x15, x15, 129       x15=00000000 x15:00000040
15636101ns          261021 1c008e22 0a079663 bne              x15, x0, 172        x15:00000000
15636121ns          261022 1c008e24 00000793 addi             x15, x0, 0          x15=00000000
15636141ns          261023 1c008e28 a0f517d3 flt.s            x15, f10, f15       x15=00000000 f10:3dc90fdb f15:00000000
15636161ns          261024 1c008e2c 0a079663 bne              x15, x0, 172        x15:00000000
15636221ns          261027 1c008e2e 1c000737 lui              x14, 0x1c000000     x14=1c000000
15636260ns          261029 1c008e32 16072783 lw               x15, 352(x14)       x15=40c90fdb x14:1c000000  PA:1c000160
15636579ns          261045 1c008e36 a0a797d3 flt.s            x15, f15, f10       x15=00000000 f15:40c90fdb f10:3dc90fdb
15636599ns          261046 1c008e3a 00078b63 beq              x15, x0, 22         x15:00000000
15636658ns          261049 1c008e50 00000793 addi             x15, x0, 0          x15=00000000
15636678ns          261050 1c008e54 a0f517d3 flt.s            x15, f10, f15       x15=00000000 f10:3dc90fdb f15:00000000
15636698ns          261051 1c008e58 08079a63 bne              x15, x0, 148        x15:00000000
15636718ns          261052 1c008e5a 1c0007b7 lui              x15, 0x1c000000     x15=1c000000
15636738ns          261053 1c008e5e 0207a783 lw               x15, 32(x15)        x15=3fc90fdb x15:1c000000  PA:1c000020
15637076ns          261070 1c008e62 a0f517d3 flt.s            x15, f10, f15       x15=00000001 f10:3dc90fdb f15:3fc90fdb
15637096ns          261071 1c008e66 02079563 bne              x15, x0, 42         x15:00000001
15637195ns          261076 1c008e90 10a57553 fmul.s           f10, f10, f10       f10=xxxxxxxx f10:3dc90fdb f10:3dc90fdb
15637235ns          261078 1c008e94 1c0007b7 lui              x15, 0x1c000000     x15=1c000000
15637255ns          261079 1c008e98 1c000737 lui              x14, 0x1c000000     x14=1c000000
15637275ns          261080 1c008e9c 16872703 lw               x14, 360(x14)       x14=bab59551 x14:1c000000  PA:1c000168
15637573ns          261095 1c008ea0 1647a783 lw               x15, 356(x15)       x15=37c23ab1 x15:1c000000  PA:1c000164
15637892ns          261111 1c008ea4 70f577c3 fmadd.s          f15, f10, f15, f14  f15=xxxxxxxx f10:3c1de9e7 f15:37c23ab1 f14:bab59551
15637911ns          261112 1c008ea8 1c000737 lui              x14, 0x1c000000     x14=1c000000
15637931ns          261113 1c008eac 16c72703 lw               x14, 364(x14)       x14=3d2aa76f x14:1c000000  PA:1c00016c
15638309ns          261132 1c008eb0 70f577c3 fmadd.s          f15, f10, f15, f14  f15=xxxxxxxx f10:3c1de9e7 f15:bab58dd4 f14:3d2aa76f
15638329ns          261133 1c008eb4 1c000737 lui              x14, 0x1c000000     x14=1c000000
15638349ns          261134 1c008eb8 17072703 lw               x14, 368(x14)       x14=beffffe0 x14:1c000000  PA:1c000170
15638687ns          261151 1c008ebc 70f577c3 fmadd.s          f15, f10, f15, f14  f15=xxxxxxxx f10:3c1de9e7 f15:3d2a996f f14:beffffe0
15638707ns          261152 1c008ec0 1c000737 lui              x14, 0x1c000000     x14=1c000000
15638727ns          261153 1c008ec4 19c72703 lw               x14, 412(x14)       x14=3f7fffff x14:1c000000  PA:1c00019c
15639045ns          261169 1c008ec8 70f57543 fmadd.s          f10, f10, f15, f14  f10=xxxxxxxx f10:3c1de9e7 f15:beffcb42 f14:3f7fffff
15639065ns          261170 1c008ecc 00008067 jalr             x0, x1, 0            x1:1c0087ac
15639105ns          261172 1c0087ac 00a004b3 add              x9, x0, x10          x9=3f7ec46c x10:3f7ec46c
15639125ns          261173 1c0087ae 08897553 fsub.s           f10, f18, f8        f10=xxxxxxxx f18:3fc90fdb  f8:3dc90fdb
15639145ns          261174 1c0087b2 001b0b13 addi             x22, x22, 1         x22=00000009 x22:00000008
15639165ns          261175 1c0087b4 660000ef jal              x1, 1632             x1=1c0087b6
15639204ns          261177 1c008e14 a0a527d3 feq.s            x15, f10, f10       x15=00000001 f10:3fbc7edd f10:3fbc7edd
15639224ns          261178 1c008e18 0a078b63 beq              x15, x0, 182        x15:00000001
15639244ns          261179 1c008e1a e00517d3 fclass.s         x15, f10            x15=00000040 f10:3fbc7edd
15639264ns          261180 1c008e1e 0817f793 andi             x15, x15, 129       x15=00000000 x15:00000040
15639284ns          261181 1c008e22 0a079663 bne              x15, x0, 172        x15:00000000
15639304ns          261182 1c008e24 00000793 addi             x15, x0, 0          x15=00000000
15639324ns          261183 1c008e28 a0f517d3 flt.s            x15, f10, f15       x15=00000000 f10:3fbc7edd f15:00000000
15639344ns          261184 1c008e2c 0a079663 bne              x15, x0, 172        x15:00000000
15639363ns          261185 1c008e2e 1c000737 lui              x14, 0x1c000000     x14=1c000000
15639383ns          261186 1c008e32 16072783 lw               x15, 352(x14)       x15=40c90fdb x14:1c000000  PA:1c000160
15639702ns          261202 1c008e36 a0a797d3 flt.s            x15, f15, f10       x15=00000000 f15:40c90fdb f10:3fbc7edd
15639721ns          261203 1c008e3a 00078b63 beq              x15, x0, 22         x15:00000000
15639781ns          261206 1c008e50 00000793 addi             x15, x0, 0          x15=00000000
15639801ns          261207 1c008e54 a0f517d3 flt.s            x15, f10, f15       x15=00000000 f10:3fbc7edd f15:00000000
15639821ns          261208 1c008e58 08079a63 bne              x15, x0, 148        x15:00000000
15639841ns          261209 1c008e5a 1c0007b7 lui              x15, 0x1c000000     x15=1c000000
15639861ns          261210 1c008e5e 0207a783 lw               x15, 32(x15)        x15=3fc90fdb x15:1c000000  PA:1c000020
15640199ns          261227 1c008e62 a0f517d3 flt.s            x15, f10, f15       x15=00000001 f10:3fbc7edd f15:3fc90fdb
15640219ns          261228 1c008e66 02079563 bne              x15, x0, 42         x15:00000001
15640278ns          261231 1c008e90 10a57553 fmul.s           f10, f10, f10       f10=xxxxxxxx f10:3fbc7edd f10:3fbc7edd
15640298ns          261232 1c008e94 1c0007b7 lui              x15, 0x1c000000     x15=1c000000
15640318ns          261233 1c008e98 1c000737 lui              x14, 0x1c000000     x14=1c000000
15640338ns          261234 1c008e9c 16872703 lw               x14, 360(x14)       x14=bab59551 x14:1c000000  PA:1c000168
15640636ns          261249 1c008ea0 1647a783 lw               x15, 356(x15)       x15=37c23ab1 x15:1c000000  PA:1c000164
15640955ns          261265 1c008ea4 70f577c3 fmadd.s          f15, f10, f15, f14  f15=xxxxxxxx f10:400aca93 f15:37c23ab1 f14:bab59551
15640975ns          261266 1c008ea8 1c000737 lui              x14, 0x1c000000     x14=1c000000
15640994ns          261267 1c008eac 16c72703 lw               x14, 364(x14)       x14=3d2aa76f x14:1c000000  PA:1c00016c
15641333ns          261284 1c008eb0 70f577c3 fmadd.s          f15, f10, f15, f14  f15=xxxxxxxx f10:400aca93 f15:baaf007c f14:3d2aa76f
15641353ns          261285 1c008eb4 1c000737 lui              x14, 0x1c000000     x14=1c000000
15641372ns          261286 1c008eb8 17072703 lw               x14, 368(x14)       x14=beffffe0 x14:1c000000  PA:1c000170
15641691ns          261302 1c008ebc 70f577c3 fmadd.s          f15, f10, f15, f14  f15=xxxxxxxx f10:400aca93 f15:3d1ecb57 f14:beffffe0
15641711ns          261303 1c008ec0 1c000737 lui              x14, 0x1c000000     x14=1c000000
15641730ns          261304 1c008ec4 19c72703 lw               x14, 412(x14)       x14=3f7fffff x14:1c000000  PA:1c00019c
15642049ns          261320 1c008ec8 70f57543 fmadd.s          f10, f10, f15, f14  f10=xxxxxxxx f10:400aca93 f15:bed4f43e f14:3f7fffff
15642069ns          261321 1c008ecc 00008067 jalr             x0, x1, 0            x1:1c0087b6
15642128ns          261324 1c0087b6 004ca78b p.lw             x15, 4(x25!)        x15=00000008 x25=10001f78 x25:10001f74  PA:10001f74
15642148ns          261325 1c0087ba ffcc270b p.lw             x14, -4(x24!)       x14=0000000f x24=10001f8c x24:10001f90  PA:10001f90
15642168ns          261326 1c0087be 00279793 slli             x15, x15, 0x2       x15=00000020 x15:00000008
15642208ns          261328 1c0087c0 017787b3 add              x15, x15, x23       x15=10001e6c x15:00000020 x23:10001e4c
15642228ns          261329 1c0087c2 00271713 slli             x14, x14, 0x2       x14=0000003c x14:0000000f
15642248ns          261330 1c0087c4 0007a583 lw               x11, 0(x15)         x11=c15b75a4 x15:10001e6c  PA:10001e6c
15642267ns          261331 1c0087c6 01770733 add              x14, x14, x23       x14=10001e88 x14:0000003c x23:10001e4c
15642287ns          261332 1c0087c8 00072683 lw               x13, 0(x14)         x13=4177e55e x14:10001e88  PA:10001e88
15642307ns          261333 1c0087ca 20949653 fsgnjn.s         f12, f9, f9         f12=xxxxxxxx  f9:3f7ec46c  f9:3f7ec46c
15642586ns          261347 1c0087ce 10b67653 fmul.s           f12, f12, f11       f12=xxxxxxxx f12:bf7ec46c f11:c15b75a4
15642626ns          261349 1c0087d2 10d4f4d3 fmul.s           f9, f9, f13          f9=xxxxxxxx  f9:3f7ec46c f13:4177e55e
15642645ns          261350 1c0087d6 60d576c3 fmadd.s          f13, f10, f13, f12  f13=xxxxxxxx f10:3dc8bd31 f13:4177e55e f12:415a671b
15642665ns          261351 1c0087da 48b57543 fmadd.s          f10, f10, f11, f9   f10=xxxxxxxx f10:3dc8bd31 f11:c15b75a4  f9:4176b3c7
15642685ns          261352 1c0087de 00d72023 sw               x13, 0(x14)         x13:4172b368 x14:10001e88  PA:10001e88
15643103ns          261373 1c0087e0 00a7a023 sw               x10, 0(x15)         x10:41613104 x15:10001e6c  PA:10001e6c
15643143ns          261375 1c0087e2 fb5b13e3 bne              x22, x21, -90       x22:00000009 x21:0000000c
15643202ns          261378 1c008788 016007b3 add              x15, x0, x22        x15=00000009 x22:00000009
15643222ns          261379 1c00878a 060b0d63 beq              x22, x0, 122        x22:00000009
15643242ns          261380 1c00878e 00000713 addi             x14, x0, 0          x14=00000000
15643282ns          261382 1c008790 00f006b3 add              x13, x0, x15        x13=00000009 x15:00000009
15643322ns          261384 1c008792 fc1726b3 p.insert         x13, x14, 30, 1     x13=00000001 x13:00000009 x14:00000000
15643342ns          261385 1c008796 4017d793 srai             x15, x15, 0x401     x15=00000004 x15:00000009
15643361ns          261386 1c008798 00d00733 add              x14, x0, x13        x14=00000001 x13:00000001
15643381ns          261387 1c00879a fe079be3 bne              x15, x0, -10        x15:00000004
15643441ns          261390 1c008790 00f006b3 add              x13, x0, x15        x13=00000004 x15:00000004
15643461ns          261391 1c008792 fc1726b3 p.insert         x13, x14, 30, 1     x13=00000002 x13:00000004 x14:00000001
15643481ns          261392 1c008796 4017d793 srai             x15, x15, 0x401     x15=00000002 x15:00000004
15643501ns          261393 1c008798 00d00733 add              x14, x0, x13        x14=00000002 x13:00000002
15643521ns          261394 1c00879a fe079be3 bne              x15, x0, -10        x15:00000002
15643580ns          261397 1c008790 00f006b3 add              x13, x0, x15        x13=00000002 x15:00000002
15643600ns          261398 1c008792 fc1726b3 p.insert         x13, x14, 30, 1     x13=00000004 x13:00000002 x14:00000002
15643620ns          261399 1c008796 4017d793 srai             x15, x15, 0x401     x15=00000001 x15:00000002
15643640ns          261400 1c008798 00d00733 add              x14, x0, x13        x14=00000004 x13:00000004
15643660ns          261401 1c00879a fe079be3 bne              x15, x0, -10        x15:00000001
15643720ns          261404 1c008790 00f006b3 add              x13, x0, x15        x13=00000001 x15:00000001
15643739ns          261405 1c008792 fc1726b3 p.insert         x13, x14, 30, 1     x13=00000009 x13:00000001 x14:00000004
15643759ns          261406 1c008796 4017d793 srai             x15, x15, 0x401     x15=00000000 x15:00000001
15643779ns          261407 1c008798 00d00733 add              x14, x0, x13        x14=00000009 x13:00000009
15643799ns          261408 1c00879a fe079be3 bne              x15, x0, -10        x15:00000000
15643819ns          261409 1c00879c d006f453 fcvt.s.w         f8, x13              f8=xxxxxxxx x13:00000009
15643839ns          261410 1c0087a0 11447453 fmul.s           f8, f8, f20          f8=xxxxxxxx  f8:41100000 f20:3f490fdb
15643859ns          261411 1c0087a4 19347453 fdiv.s           f8, f8, f19          f8=xxxxxxxx  f8:40e231d6 f19:41000000
15644893ns          261463 1c0087a8 00800533 add              x10, x0, x8         x10=3f6231d6  x8:3f6231d6
15644913ns          261464 1c0087aa 66a000ef jal              x1, 1642             x1=1c0087ac
15644953ns          261466 1c008e14 a0a527d3 feq.s            x15, f10, f10       x15=00000001 f10:3f6231d6 f10:3f6231d6
15644973ns          261467 1c008e18 0a078b63 beq              x15, x0, 182        x15:00000001
15644993ns          261468 1c008e1a e00517d3 fclass.s         x15, f10            x15=00000040 f10:3f6231d6
15645012ns          261469 1c008e1e 0817f793 andi             x15, x15, 129       x15=00000000 x15:00000040
15645032ns          261470 1c008e22 0a079663 bne              x15, x0, 172        x15:00000000
15645052ns          261471 1c008e24 00000793 addi             x15, x0, 0          x15=00000000
15645072ns          261472 1c008e28 a0f517d3 flt.s            x15, f10, f15       x15=00000000 f10:3f6231d6 f15:00000000
15645092ns          261473 1c008e2c 0a079663 bne              x15, x0, 172        x15:00000000
15645112ns          261474 1c008e2e 1c000737 lui              x14, 0x1c000000     x14=1c000000
15645132ns          261475 1c008e32 16072783 lw               x15, 352(x14)       x15=40c90fdb x14:1c000000  PA:1c000160
15645450ns          261491 1c008e36 a0a797d3 flt.s            x15, f15, f10       x15=00000000 f15:40c90fdb f10:3f6231d6
15645470ns          261492 1c008e3a 00078b63 beq              x15, x0, 22         x15:00000000
15645530ns          261495 1c008e50 00000793 addi             x15, x0, 0          x15=00000000
15645549ns          261496 1c008e54 a0f517d3 flt.s            x15, f10, f15       x15=00000000 f10:3f6231d6 f15:00000000
15645569ns          261497 1c008e58 08079a63 bne              x15, x0, 148        x15:00000000
15645589ns          261498 1c008e5a 1c0007b7 lui              x15, 0x1c000000     x15=1c000000
15645609ns          261499 1c008e5e 0207a783 lw               x15, 32(x15)        x15=3fc90fdb x15:1c000000  PA:1c000020
15645947ns          261516 1c008e62 a0f517d3 flt.s            x15, f10, f15       x15=00000001 f10:3f6231d6 f15:3fc90fdb
15645967ns          261517 1c008e66 02079563 bne              x15, x0, 42         x15:00000001
15646027ns          261520 1c008e90 10a57553 fmul.s           f10, f10, f10       f10=xxxxxxxx f10:3f6231d6 f10:3f6231d6
15646047ns          261521 1c008e94 1c0007b7 lui              x15, 0x1c000000     x15=1c000000
15646067ns          261522 1c008e98 1c000737 lui              x14, 0x1c000000     x14=1c000000
15646087ns          261523 1c008e9c 16872703 lw               x14, 360(x14)       x14=bab59551 x14:1c000000  PA:1c000168
15646405ns          261539 1c008ea0 1647a783 lw               x15, 356(x15)       x15=37c23ab1 x15:1c000000  PA:1c000164
15646743ns          261556 1c008ea4 70f577c3 fmadd.s          f15, f10, f15, f14  f15=xxxxxxxx f10:3f47dc08 f15:37c23ab1 f14:bab59551
15646763ns          261557 1c008ea8 1c000737 lui              x14, 0x1c000000     x14=1c000000
15646783ns          261558 1c008eac 16c72703 lw               x14, 364(x14)       x14=3d2aa76f x14:1c000000  PA:1c00016c
15647101ns          261574 1c008eb0 70f577c3 fmadd.s          f15, f10, f15, f14  f15=xxxxxxxx f10:3f47dc08 f15:bab336c7 f14:3d2aa76f
15647121ns          261575 1c008eb4 1c000737 lui              x14, 0x1c000000     x14=1c000000
15647141ns          261576 1c008eb8 17072703 lw               x14, 368(x14)       x14=beffffe0 x14:1c000000  PA:1c000170
15647479ns          261593 1c008ebc 70f577c3 fmadd.s          f15, f10, f15, f14  f15=xxxxxxxx f10:3f47dc08 f15:3d264822 f14:beffffe0
15647499ns          261594 1c008ec0 1c000737 lui              x14, 0x1c000000     x14=1c000000
15647519ns          261595 1c008ec4 19c72703 lw               x14, 412(x14)       x14=3f7fffff x14:1c000000  PA:1c00019c
15647837ns          261611 1c008ec8 70f57543 fmadd.s          f10, f10, f15, f14  f10=xxxxxxxx f10:3f47dc08 f15:beefc5c0 f14:3f7fffff
15647857ns          261612 1c008ecc 00008067 jalr             x0, x1, 0            x1:1c0087ac
15647897ns          261614 1c0087ac 00a004b3 add              x9, x0, x10          x9=3f226798 x10:3f226798
15647916ns          261615 1c0087ae 08897553 fsub.s           f10, f18, f8        f10=xxxxxxxx f18:3fc90fdb  f8:3f6231d6
15647936ns          261616 1c0087b2 001b0b13 addi             x22, x22, 1         x22=0000000a x22:00000009
15647956ns          261617 1c0087b4 660000ef jal              x1, 1632             x1=1c0087b6
15647996ns          261619 1c008e14 a0a527d3 feq.s            x15, f10, f10       x15=00000001 f10:3f2fede0 f10:3f2fede0
15648016ns          261620 1c008e18 0a078b63 beq              x15, x0, 182        x15:00000001
15648036ns          261621 1c008e1a e00517d3 fclass.s         x15, f10            x15=00000040 f10:3f2fede0
15648056ns          261622 1c008e1e 0817f793 andi             x15, x15, 129       x15=00000000 x15:00000040
15648076ns          261623 1c008e22 0a079663 bne              x15, x0, 172        x15:00000000
15648095ns          261624 1c008e24 00000793 addi             x15, x0, 0          x15=00000000
15648115ns          261625 1c008e28 a0f517d3 flt.s            x15, f10, f15       x15=00000000 f10:3f2fede0 f15:00000000
15648135ns          261626 1c008e2c 0a079663 bne              x15, x0, 172        x15:00000000
15648155ns          261627 1c008e2e 1c000737 lui              x14, 0x1c000000     x14=1c000000
15648175ns          261628 1c008e32 16072783 lw               x15, 352(x14)       x15=40c90fdb x14:1c000000  PA:1c000160
15648493ns          261644 1c008e36 a0a797d3 flt.s            x15, f15, f10       x15=00000000 f15:40c90fdb f10:3f2fede0
15648513ns          261645 1c008e3a 00078b63 beq              x15, x0, 22         x15:00000000
15648573ns          261648 1c008e50 00000793 addi             x15, x0, 0          x15=00000000
15648593ns          261649 1c008e54 a0f517d3 flt.s            x15, f10, f15       x15=00000000 f10:3f2fede0 f15:00000000
15648613ns          261650 1c008e58 08079a63 bne              x15, x0, 148        x15:00000000
15648633ns          261651 1c008e5a 1c0007b7 lui              x15, 0x1c000000     x15=1c000000
15648652ns          261652 1c008e5e 0207a783 lw               x15, 32(x15)        x15=3fc90fdb x15:1c000000  PA:1c000020
15648971ns          261668 1c008e62 a0f517d3 flt.s            x15, f10, f15       x15=00000001 f10:3f2fede0 f15:3fc90fdb
15648991ns          261669 1c008e66 02079563 bne              x15, x0, 42         x15:00000001
15649050ns          261672 1c008e90 10a57553 fmul.s           f10, f10, f10       f10=xxxxxxxx f10:3f2fede0 f10:3f2fede0
15649070ns          261673 1c008e94 1c0007b7 lui              x15, 0x1c000000     x15=1c000000
15649090ns          261674 1c008e98 1c000737 lui              x14, 0x1c000000     x14=1c000000
15649110ns          261675 1c008e9c 16872703 lw               x14, 360(x14)       x14=bab59551 x14:1c000000  PA:1c000168
15649468ns          261693 1c008ea0 1647a783 lw               x15, 356(x15)       x15=37c23ab1 x15:1c000000  PA:1c000164
15649786ns          261709 1c008ea4 70f577c3 fmadd.s          f15, f10, f15, f14  f15=xxxxxxxx f10:3ef1ce2b f15:37c23ab1 f14:bab59551
15649806ns          261710 1c008ea8 1c000737 lui              x14, 0x1c000000     x14=1c000000
15649826ns          261711 1c008eac 16c72703 lw               x14, 364(x14)       x14=3d2aa76f x14:1c000000  PA:1c00016c
15650144ns          261727 1c008eb0 70f577c3 fmadd.s          f15, f10, f15, f14  f15=xxxxxxxx f10:3ef1ce2b f15:bab42666 f14:3d2aa76f
15650164ns          261728 1c008eb4 1c000737 lui              x14, 0x1c000000     x14=1c000000
15650184ns          261729 1c008eb8 17072703 lw               x14, 368(x14)       x14=beffffe0 x14:1c000000  PA:1c000170
15650502ns          261745 1c008ebc 70f577c3 fmadd.s          f15, f10, f15, f14  f15=xxxxxxxx f10:3ef1ce2b f15:3d27feca f14:beffffe0
15650522ns          261746 1c008ec0 1c000737 lui              x14, 0x1c000000     x14=1c000000
15650542ns          261747 1c008ec4 19c72703 lw               x14, 412(x14)       x14=3f7fffff x14:1c000000  PA:1c00019c
15650860ns          261763 1c008ec8 70f57543 fmadd.s          f10, f10, f15, f14  f10=xxxxxxxx f10:3ef1ce2b f15:bef614fe f14:3f7fffff
15650880ns          261764 1c008ecc 00008067 jalr             x0, x1, 0            x1:1c0087b6
15650940ns          261767 1c0087b6 004ca78b p.lw             x15, 4(x25!)        x15=00000009 x25=10001f7c x25:10001f78  PA:10001f78
15650960ns          261768 1c0087ba ffcc270b p.lw             x14, -4(x24!)       x14=0000000e x24=10001f88 x24:10001f8c  PA:10001f8c
15650980ns          261769 1c0087be 00279793 slli             x15, x15, 0x2       x15=00000024 x15:00000009
15651000ns          261770 1c0087c0 017787b3 add              x15, x15, x23       x15=10001e70 x15:00000024 x23:10001e4c
15651019ns          261771 1c0087c2 00271713 slli             x14, x14, 0x2       x14=00000038 x14:0000000e
15651039ns          261772 1c0087c4 0007a583 lw               x11, 0(x15)         x11=c1ca9d6a x15:10001e70  PA:10001e70
15651059ns          261773 1c0087c6 01770733 add              x14, x14, x23       x14=10001e84 x14:00000038 x23:10001e4c
15651079ns          261774 1c0087c8 00072683 lw               x13, 0(x14)         x13=c15219c6 x14:10001e84  PA:10001e84
15651099ns          261775 1c0087ca 20949653 fsgnjn.s         f12, f9, f9         f12=xxxxxxxx  f9:3f226798  f9:3f226798
15651119ns          261776 1c0087ce 10b67653 fmul.s           f12, f12, f11       f12=xxxxxxxx f12:bf226798 f11:c1ca9d6a
15651139ns          261777 1c0087d2 10d4f4d3 fmul.s           f9, f9, f13          f9=xxxxxxxx  f9:3f226798 f13:c15219c6
15651159ns          261778 1c0087d6 60d576c3 fmadd.s          f13, f10, f13, f12  f13=xxxxxxxx f10:3f45e403 f13:c15219c6 f12:4180899b
15651179ns          261779 1c0087da 48b57543 fmadd.s          f10, f10, f11, f9   f10=xxxxxxxx f10:3f45e403 f11:c1ca9d6a  f9:c1054954
15651198ns          261780 1c0087de 00d72023 sw               x13, 0(x14)         x13:40bd547e x14:10001e84  PA:10001e84
15651218ns          261781 1c0087e0 00a7a023 sw               x10, 0(x15)         x10:c1df4443 x15:10001e70  PA:10001e70
15651238ns          261782 1c0087e2 fb5b13e3 bne              x22, x21, -90       x22:0000000a x21:0000000c
15651358ns          261788 1c008788 016007b3 add              x15, x0, x22        x15=0000000a x22:0000000a
15651377ns          261789 1c00878a 060b0d63 beq              x22, x0, 122        x22:0000000a
15651397ns          261790 1c00878e 00000713 addi             x14, x0, 0          x14=00000000
15651417ns          261791 1c008790 00f006b3 add              x13, x0, x15        x13=0000000a x15:0000000a
15651437ns          261792 1c008792 fc1726b3 p.insert         x13, x14, 30, 1     x13=00000000 x13:0000000a x14:00000000
15651457ns          261793 1c008796 4017d793 srai             x15, x15, 0x401     x15=00000005 x15:0000000a
15651477ns          261794 1c008798 00d00733 add              x14, x0, x13        x14=00000000 x13:00000000
15651497ns          261795 1c00879a fe079be3 bne              x15, x0, -10        x15:00000005
15651556ns          261798 1c008790 00f006b3 add              x13, x0, x15        x13=00000005 x15:00000005
15651576ns          261799 1c008792 fc1726b3 p.insert         x13, x14, 30, 1     x13=00000001 x13:00000005 x14:00000000
15651596ns          261800 1c008796 4017d793 srai             x15, x15, 0x401     x15=00000002 x15:00000005
15651616ns          261801 1c008798 00d00733 add              x14, x0, x13        x14=00000001 x13:00000001
15651636ns          261802 1c00879a fe079be3 bne              x15, x0, -10        x15:00000002
15651696ns          261805 1c008790 00f006b3 add              x13, x0, x15        x13=00000002 x15:00000002
15651716ns          261806 1c008792 fc1726b3 p.insert         x13, x14, 30, 1     x13=00000002 x13:00000002 x14:00000001
15651735ns          261807 1c008796 4017d793 srai             x15, x15, 0x401     x15=00000001 x15:00000002
15651755ns          261808 1c008798 00d00733 add              x14, x0, x13        x14=00000002 x13:00000002
15651775ns          261809 1c00879a fe079be3 bne              x15, x0, -10        x15:00000001
15651835ns          261812 1c008790 00f006b3 add              x13, x0, x15        x13=00000001 x15:00000001
15651855ns          261813 1c008792 fc1726b3 p.insert         x13, x14, 30, 1     x13=00000005 x13:00000001 x14:00000002
15651875ns          261814 1c008796 4017d793 srai             x15, x15, 0x401     x15=00000000 x15:00000001
15651895ns          261815 1c008798 00d00733 add              x14, x0, x13        x14=00000005 x13:00000005
15651914ns          261816 1c00879a fe079be3 bne              x15, x0, -10        x15:00000000
15651934ns          261817 1c00879c d006f453 fcvt.s.w         f8, x13              f8=xxxxxxxx x13:00000005
15651954ns          261818 1c0087a0 11447453 fmul.s           f8, f8, f20          f8=xxxxxxxx  f8:40a00000 f20:3f490fdb
15651974ns          261819 1c0087a4 19347453 fdiv.s           f8, f8, f19          f8=xxxxxxxx  f8:407b53d2 f19:41000000
15652551ns          261848 1c0087a8 00800533 add              x10, x0, x8         x10=3efb53d2  x8:3efb53d2
15652571ns          261849 1c0087aa 66a000ef jal              x1, 1642             x1=1c0087ac
15652611ns          261851 1c008e14 a0a527d3 feq.s            x15, f10, f10       x15=00000001 f10:3efb53d2 f10:3efb53d2
15652631ns          261852 1c008e18 0a078b63 beq              x15, x0, 182        x15:00000001
15652650ns          261853 1c008e1a e00517d3 fclass.s         x15, f10            x15=00000040 f10:3efb53d2
15652670ns          261854 1c008e1e 0817f793 andi             x15, x15, 129       x15=00000000 x15:00000040
15652690ns          261855 1c008e22 0a079663 bne              x15, x0, 172        x15:00000000
15652710ns          261856 1c008e24 00000793 addi             x15, x0, 0          x15=00000000
15652730ns          261857 1c008e28 a0f517d3 flt.s            x15, f10, f15       x15=00000000 f10:3efb53d2 f15:00000000
15652750ns          261858 1c008e2c 0a079663 bne              x15, x0, 172        x15:00000000
15652770ns          261859 1c008e2e 1c000737 lui              x14, 0x1c000000     x14=1c000000
15652790ns          261860 1c008e32 16072783 lw               x15, 352(x14)       x15=40c90fdb x14:1c000000  PA:1c000160
15653128ns          261877 1c008e36 a0a797d3 flt.s            x15, f15, f10       x15=00000000 f15:40c90fdb f10:3efb53d2
15653148ns          261878 1c008e3a 00078b63 beq              x15, x0, 22         x15:00000000
15653207ns          261881 1c008e50 00000793 addi             x15, x0, 0          x15=00000000
15653227ns          261882 1c008e54 a0f517d3 flt.s            x15, f10, f15       x15=00000000 f10:3efb53d2 f15:00000000
15653247ns          261883 1c008e58 08079a63 bne              x15, x0, 148        x15:00000000
15653267ns          261884 1c008e5a 1c0007b7 lui              x15, 0x1c000000     x15=1c000000
15653287ns          261885 1c008e5e 0207a783 lw               x15, 32(x15)        x15=3fc90fdb x15:1c000000  PA:1c000020
15653605ns          261901 1c008e62 a0f517d3 flt.s            x15, f10, f15       x15=00000001 f10:3efb53d2 f15:3fc90fdb
15653625ns          261902 1c008e66 02079563 bne              x15, x0, 42         x15:00000001
15653685ns          261905 1c008e90 10a57553 fmul.s           f10, f10, f10       f10=xxxxxxxx f10:3efb53d2 f10:3efb53d2
15653705ns          261906 1c008e94 1c0007b7 lui              x15, 0x1c000000     x15=1c000000
15653725ns          261907 1c008e98 1c000737 lui              x14, 0x1c000000     x14=1c000000
15653744ns          261908 1c008e9c 16872703 lw               x14, 360(x14)       x14=bab59551 x14:1c000000  PA:1c000168
15654043ns          261923 1c008ea0 1647a783 lw               x15, 356(x15)       x15=37c23ab1 x15:1c000000  PA:1c000164
15654381ns          261940 1c008ea4 70f577c3 fmadd.s          f15, f10, f15, f14  f15=xxxxxxxx f10:3e76bd79 f15:37c23ab1 f14:bab59551
15654401ns          261941 1c008ea8 1c000737 lui              x14, 0x1c000000     x14=1c000000
15654421ns          261942 1c008eac 16c72703 lw               x14, 364(x14)       x14=3d2aa76f x14:1c000000  PA:1c00016c
15654739ns          261958 1c008eb0 70f577c3 fmadd.s          f15, f10, f15, f14  f15=xxxxxxxx f10:3e76bd79 f15:bab4da1d f14:3d2aa76f
15654759ns          261959 1c008eb4 1c000737 lui              x14, 0x1c000000     x14=1c000000
15654779ns          261960 1c008eb8 17072703 lw               x14, 368(x14)       x14=beffffe0 x14:1c000000  PA:1c000170
15655097ns          261976 1c008ebc 70f577c3 fmadd.s          f15, f10, f15, f14  f15=xxxxxxxx f10:3e76bd79 f15:3d294ad0 f14:beffffe0
15655117ns          261977 1c008ec0 1c000737 lui              x14, 0x1c000000     x14=1c000000
15655137ns          261978 1c008ec4 19c72703 lw               x14, 412(x14)       x14=3f7fffff x14:1c000000  PA:1c00019c
15655455ns          261994 1c008ec8 70f57543 fmadd.s          f10, f10, f15, f14  f10=xxxxxxxx f10:3e76bd79 f15:befae686 f14:3f7fffff
15655475ns          261995 1c008ecc 00008067 jalr             x0, x1, 0            x1:1c0087ac
15655515ns          261997 1c0087ac 00a004b3 add              x9, x0, x10          x9=3f61c598 x10:3f61c598
15655535ns          261998 1c0087ae 08897553 fsub.s           f10, f18, f8        f10=xxxxxxxx f18:3fc90fdb  f8:3efb53d2
15655554ns          261999 1c0087b2 001b0b13 addi             x22, x22, 1         x22=0000000b x22:0000000a
15655574ns          262000 1c0087b4 660000ef jal              x1, 1632             x1=1c0087b6
15655614ns          262002 1c008e14 a0a527d3 feq.s            x15, f10, f10       x15=00000001 f10:3f8a3ae6 f10:3f8a3ae6
15655634ns          262003 1c008e18 0a078b63 beq              x15, x0, 182        x15:00000001
15655654ns          262004 1c008e1a e00517d3 fclass.s         x15, f10            x15=00000040 f10:3f8a3ae6
15655674ns          262005 1c008e1e 0817f793 andi             x15, x15, 129       x15=00000000 x15:00000040
15655694ns          262006 1c008e22 0a079663 bne              x15, x0, 172        x15:00000000
15655714ns          262007 1c008e24 00000793 addi             x15, x0, 0          x15=00000000
15655734ns          262008 1c008e28 a0f517d3 flt.s            x15, f10, f15       x15=00000000 f10:3f8a3ae6 f15:00000000
15655753ns          262009 1c008e2c 0a079663 bne              x15, x0, 172        x15:00000000
15655773ns          262010 1c008e2e 1c000737 lui              x14, 0x1c000000     x14=1c000000
15655793ns          262011 1c008e32 16072783 lw               x15, 352(x14)       x15=40c90fdb x14:1c000000  PA:1c000160
15656111ns          262027 1c008e36 a0a797d3 flt.s            x15, f15, f10       x15=00000000 f15:40c90fdb f10:3f8a3ae6
15656131ns          262028 1c008e3a 00078b63 beq              x15, x0, 22         x15:00000000
15656191ns          262031 1c008e50 00000793 addi             x15, x0, 0          x15=00000000
15656211ns          262032 1c008e54 a0f517d3 flt.s            x15, f10, f15       x15=00000000 f10:3f8a3ae6 f15:00000000
15656231ns          262033 1c008e58 08079a63 bne              x15, x0, 148        x15:00000000
15656251ns          262034 1c008e5a 1c0007b7 lui              x15, 0x1c000000     x15=1c000000
15656271ns          262035 1c008e5e 0207a783 lw               x15, 32(x15)        x15=3fc90fdb x15:1c000000  PA:1c000020
15656609ns          262052 1c008e62 a0f517d3 flt.s            x15, f10, f15       x15=00000001 f10:3f8a3ae6 f15:3fc90fdb
15656629ns          262053 1c008e66 02079563 bne              x15, x0, 42         x15:00000001
15656688ns          262056 1c008e90 10a57553 fmul.s           f10, f10, f10       f10=xxxxxxxx f10:3f8a3ae6 f10:3f8a3ae6
15656708ns          262057 1c008e94 1c0007b7 lui              x15, 0x1c000000     x15=1c000000
15656728ns          262058 1c008e98 1c000737 lui              x14, 0x1c000000     x14=1c000000
15656748ns          262059 1c008e9c 16872703 lw               x14, 360(x14)       x14=bab59551 x14:1c000000  PA:1c000168
15657066ns          262075 1c008ea0 1647a783 lw               x15, 356(x15)       x15=37c23ab1 x15:1c000000  PA:1c000164
15657384ns          262091 1c008ea4 70f577c3 fmadd.s          f15, f10, f15, f14  f15=xxxxxxxx f10:3f95471b f15:37c23ab1 f14:bab59551
15657404ns          262092 1c008ea8 1c000737 lui              x14, 0x1c000000     x14=1c000000
15657424ns          262093 1c008eac 16c72703 lw               x14, 364(x14)       x14=3d2aa76f x14:1c000000  PA:1c00016c
15657742ns          262109 1c008eb0 70f577c3 fmadd.s          f15, f10, f15, f14  f15=xxxxxxxx f10:3f95471b f15:bab20b40 f14:3d2aa76f
15657762ns          262110 1c008eb4 1c000737 lui              x14, 0x1c000000     x14=1c000000
15657782ns          262111 1c008eb8 17072703 lw               x14, 368(x14)       x14=beffffe0 x14:1c000000  PA:1c000170
15658101ns          262127 1c008ebc 70f577c3 fmadd.s          f15, f10, f15, f14  f15=xxxxxxxx f10:3f95471b f15:3d242a4f f14:beffffe0
15658120ns          262128 1c008ec0 1c000737 lui              x14, 0x1c000000     x14=1c000000
15658140ns          262129 1c008ec4 19c72703 lw               x14, 412(x14)       x14=3f7fffff x14:1c000000  PA:1c00019c
15658478ns          262146 1c008ec8 70f57543 fmadd.s          f10, f10, f15, f14  f10=xxxxxxxx f10:3f95471b f15:bee81152 f14:3f7fffff
15658498ns          262147 1c008ecc 00008067 jalr             x0, x1, 0            x1:1c0087b6
15658558ns          262150 1c0087b6 004ca78b p.lw             x15, 4(x25!)        x15=0000000a x25=10001f80 x25:10001f7c  PA:10001f7c
15658578ns          262151 1c0087ba ffcc270b p.lw             x14, -4(x24!)       x14=0000000d x24=10001f84 x24:10001f88  PA:10001f88
15658598ns          262152 1c0087be 00279793 slli             x15, x15, 0x2       x15=00000028 x15:0000000a
15658618ns          262153 1c0087c0 017787b3 add              x15, x15, x23       x15=10001e74 x15:00000028 x23:10001e4c
15658638ns          262154 1c0087c2 00271713 slli             x14, x14, 0x2       x14=00000034 x14:0000000d
15658657ns          262155 1c0087c4 0007a583 lw               x11, 0(x15)         x11=3fabe738 x15:10001e74  PA:10001e74
15658677ns          262156 1c0087c6 01770733 add              x14, x14, x23       x14=10001e80 x14:00000034 x23:10001e4c
15658697ns          262157 1c0087c8 00072683 lw               x13, 0(x14)         x13=401e2694 x14:10001e80  PA:10001e80
15658717ns          262158 1c0087ca 20949653 fsgnjn.s         f12, f9, f9         f12=xxxxxxxx  f9:3f61c598  f9:3f61c598
15658737ns          262159 1c0087ce 10b67653 fmul.s           f12, f12, f11       f12=xxxxxxxx f12:bf61c598 f11:3fabe738
15658757ns          262160 1c0087d2 10d4f4d3 fmul.s           f9, f9, f13          f9=xxxxxxxx  f9:3f61c598 f13:401e2694
15658777ns          262161 1c0087d6 60d576c3 fmadd.s          f13, f10, f13, f12  f13=xxxxxxxx f10:3ef15aea f13:401e2694 f12:bf979ae7
15658797ns          262162 1c0087da 48b57543 fmadd.s          f10, f10, f11, f9   f10=xxxxxxxx f10:3ef15aea f11:3fabe738  f9:400b79fa
15658817ns          262163 1c0087de 00d72023 sw               x13, 0(x14)         x13:bca01ae3 x14:10001e80  PA:10001e80
15658836ns          262164 1c0087e0 00a7a023 sw               x10, 0(x15)         x10:4033fe68 x15:10001e74  PA:10001e74
15658856ns          262165 1c0087e2 fb5b13e3 bne              x22, x21, -90       x22:0000000b x21:0000000c
15658916ns          262168 1c008788 016007b3 add              x15, x0, x22        x15=0000000b x22:0000000b
15658936ns          262169 1c00878a 060b0d63 beq              x22, x0, 122        x22:0000000b
15658956ns          262170 1c00878e 00000713 addi             x14, x0, 0          x14=00000000
15658976ns          262171 1c008790 00f006b3 add              x13, x0, x15        x13=0000000b x15:0000000b
15658996ns          262172 1c008792 fc1726b3 p.insert         x13, x14, 30, 1     x13=00000001 x13:0000000b x14:00000000
15659015ns          262173 1c008796 4017d793 srai             x15, x15, 0x401     x15=00000005 x15:0000000b
15659035ns          262174 1c008798 00d00733 add              x14, x0, x13        x14=00000001 x13:00000001
15659055ns          262175 1c00879a fe079be3 bne              x15, x0, -10        x15:00000005
15659115ns          262178 1c008790 00f006b3 add              x13, x0, x15        x13=00000005 x15:00000005
15659135ns          262179 1c008792 fc1726b3 p.insert         x13, x14, 30, 1     x13=00000003 x13:00000005 x14:00000001
15659155ns          262180 1c008796 4017d793 srai             x15, x15, 0x401     x15=00000002 x15:00000005
15659175ns          262181 1c008798 00d00733 add              x14, x0, x13        x14=00000003 x13:00000003
15659195ns          262182 1c00879a fe079be3 bne              x15, x0, -10        x15:00000002
15659254ns          262185 1c008790 00f006b3 add              x13, x0, x15        x13=00000002 x15:00000002
15659274ns          262186 1c008792 fc1726b3 p.insert         x13, x14, 30, 1     x13=00000006 x13:00000002 x14:00000003
15659294ns          262187 1c008796 4017d793 srai             x15, x15, 0x401     x15=00000001 x15:00000002
15659314ns          262188 1c008798 00d00733 add              x14, x0, x13        x14=00000006 x13:00000006
15659334ns          262189 1c00879a fe079be3 bne              x15, x0, -10        x15:00000001
15659393ns          262192 1c008790 00f006b3 add              x13, x0, x15        x13=00000001 x15:00000001
15659413ns          262193 1c008792 fc1726b3 p.insert         x13, x14, 30, 1     x13=0000000d x13:00000001 x14:00000006
15659433ns          262194 1c008796 4017d793 srai             x15, x15, 0x401     x15=00000000 x15:00000001
15659453ns          262195 1c008798 00d00733 add              x14, x0, x13        x14=0000000d x13:0000000d
15659473ns          262196 1c00879a fe079be3 bne              x15, x0, -10        x15:00000000
15659493ns          262197 1c00879c d006f453 fcvt.s.w         f8, x13              f8=xxxxxxxx x13:0000000d
15659513ns          262198 1c0087a0 11447453 fmul.s           f8, f8, f20          f8=xxxxxxxx  f8:41500000 f20:3f490fdb
15659533ns          262199 1c0087a4 19347453 fdiv.s           f8, f8, f19          f8=xxxxxxxx  f8:41235ce2 f19:41000000
15659831ns          262214 1c0087a8 00800533 add              x10, x0, x8         x10=3fa35ce2  x8:3fa35ce2
15659851ns          262215 1c0087aa 66a000ef jal              x1, 1642             x1=1c0087ac
15659891ns          262217 1c008e14 a0a527d3 feq.s            x15, f10, f10       x15=00000001 f10:3fa35ce2 f10:3fa35ce2
15659911ns          262218 1c008e18 0a078b63 beq              x15, x0, 182        x15:00000001
15659930ns          262219 1c008e1a e00517d3 fclass.s         x15, f10            x15=00000040 f10:3fa35ce2
15659950ns          262220 1c008e1e 0817f793 andi             x15, x15, 129       x15=00000000 x15:00000040
15659970ns          262221 1c008e22 0a079663 bne              x15, x0, 172        x15:00000000
15659990ns          262222 1c008e24 00000793 addi             x15, x0, 0          x15=00000000
15660010ns          262223 1c008e28 a0f517d3 flt.s            x15, f10, f15       x15=00000000 f10:3fa35ce2 f15:00000000
15660030ns          262224 1c008e2c 0a079663 bne              x15, x0, 172        x15:00000000
15660050ns          262225 1c008e2e 1c000737 lui              x14, 0x1c000000     x14=1c000000
15660070ns          262226 1c008e32 16072783 lw               x15, 352(x14)       x15=40c90fdb x14:1c000000  PA:1c000160
15660388ns          262242 1c008e36 a0a797d3 flt.s            x15, f15, f10       x15=00000000 f15:40c90fdb f10:3fa35ce2
15660408ns          262243 1c008e3a 00078b63 beq              x15, x0, 22         x15:00000000
15660468ns          262246 1c008e50 00000793 addi             x15, x0, 0          x15=00000000
15660487ns          262247 1c008e54 a0f517d3 flt.s            x15, f10, f15       x15=00000000 f10:3fa35ce2 f15:00000000
15660507ns          262248 1c008e58 08079a63 bne              x15, x0, 148        x15:00000000
15660527ns          262249 1c008e5a 1c0007b7 lui              x15, 0x1c000000     x15=1c000000
15660547ns          262250 1c008e5e 0207a783 lw               x15, 32(x15)        x15=3fc90fdb x15:1c000000  PA:1c000020
15660865ns          262266 1c008e62 a0f517d3 flt.s            x15, f10, f15       x15=00000001 f10:3fa35ce2 f15:3fc90fdb
15660885ns          262267 1c008e66 02079563 bne              x15, x0, 42         x15:00000001
15660945ns          262270 1c008e90 10a57553 fmul.s           f10, f10, f10       f10=xxxxxxxx f10:3fa35ce2 f10:3fa35ce2
15660965ns          262271 1c008e94 1c0007b7 lui              x15, 0x1c000000     x15=1c000000
15660985ns          262272 1c008e98 1c000737 lui              x14, 0x1c000000     x14=1c000000
15661005ns          262273 1c008e9c 16872703 lw               x14, 360(x14)       x14=bab59551 x14:1c000000  PA:1c000168
15661303ns          262288 1c008ea0 1647a783 lw               x15, 356(x15)       x15=37c23ab1 x15:1c000000  PA:1c000164
15661621ns          262304 1c008ea4 70f577c3 fmadd.s          f15, f10, f15, f14  f15=xxxxxxxx f10:3fd07ed3 f15:37c23ab1 f14:bab59551
15661641ns          262305 1c008ea8 1c000737 lui              x14, 0x1c000000     x14=1c000000
15661661ns          262306 1c008eac 16c72703 lw               x14, 364(x14)       x14=3d2aa76f x14:1c000000  PA:1c00016c
15661979ns          262322 1c008eb0 70f577c3 fmadd.s          f15, f10, f15, f14  f15=xxxxxxxx f10:3fd07ed3 f15:bab0a3d2 f14:3d2aa76f
15661999ns          262323 1c008eb4 1c000737 lui              x14, 0x1c000000     x14=1c000000
15662019ns          262324 1c008eb8 17072703 lw               x14, 368(x14)       x14=beffffe0 x14:1c000000  PA:1c000170
15662337ns          262340 1c008ebc 70f577c3 fmadd.s          f15, f10, f15, f14  f15=xxxxxxxx f10:3fd07ed3 f15:3d21a9a5 f14:beffffe0
15662357ns          262341 1c008ec0 1c000737 lui              x14, 0x1c000000     x14=1c000000
15662377ns          262342 1c008ec4 19c72703 lw               x14, 412(x14)       x14=3f7fffff x14:1c000000  PA:1c00019c
15662695ns          262358 1c008ec8 70f57543 fmadd.s          f10, f10, f15, f14  f10=xxxxxxxx f10:3fd07ed3 f15:bedf1565 f14:3f7fffff
15662715ns          262359 1c008ecc 00008067 jalr             x0, x1, 0            x1:1c0087ac
15662755ns          262361 1c0087ac 00a004b3 add              x9, x0, x10          x9=3e94a031 x10:3e94a031
15662775ns          262362 1c0087ae 08897553 fsub.s           f10, f18, f8        f10=xxxxxxxx f18:3fc90fdb  f8:3fa35ce2
15662795ns          262363 1c0087b2 001b0b13 addi             x22, x22, 1         x22=0000000c x22:0000000b
15662815ns          262364 1c0087b4 660000ef jal              x1, 1632             x1=1c0087b6
15662854ns          262366 1c008e14 a0a527d3 feq.s            x15, f10, f10       x15=00000001 f10:3e96cbe4 f10:3e96cbe4
15662874ns          262367 1c008e18 0a078b63 beq              x15, x0, 182        x15:00000001
15662894ns          262368 1c008e1a e00517d3 fclass.s         x15, f10            x15=00000040 f10:3e96cbe4
15662914ns          262369 1c008e1e 0817f793 andi             x15, x15, 129       x15=00000000 x15:00000040
15662934ns          262370 1c008e22 0a079663 bne              x15, x0, 172        x15:00000000
15662954ns          262371 1c008e24 00000793 addi             x15, x0, 0          x15=00000000
15662974ns          262372 1c008e28 a0f517d3 flt.s            x15, f10, f15       x15=00000000 f10:3e96cbe4 f15:00000000
15662994ns          262373 1c008e2c 0a079663 bne              x15, x0, 172        x15:00000000
15663014ns          262374 1c008e2e 1c000737 lui              x14, 0x1c000000     x14=1c000000
15663033ns          262375 1c008e32 16072783 lw               x15, 352(x14)       x15=40c90fdb x14:1c000000  PA:1c000160
15663352ns          262391 1c008e36 a0a797d3 flt.s            x15, f15, f10       x15=00000000 f15:40c90fdb f10:3e96cbe4
15663372ns          262392 1c008e3a 00078b63 beq              x15, x0, 22         x15:00000000
15663431ns          262395 1c008e50 00000793 addi             x15, x0, 0          x15=00000000
15663451ns          262396 1c008e54 a0f517d3 flt.s            x15, f10, f15       x15=00000000 f10:3e96cbe4 f15:00000000
15663471ns          262397 1c008e58 08079a63 bne              x15, x0, 148        x15:00000000
15663491ns          262398 1c008e5a 1c0007b7 lui              x15, 0x1c000000     x15=1c000000
15663511ns          262399 1c008e5e 0207a783 lw               x15, 32(x15)        x15=3fc90fdb x15:1c000000  PA:1c000020
15663849ns          262416 1c008e62 a0f517d3 flt.s            x15, f10, f15       x15=00000001 f10:3e96cbe4 f15:3fc90fdb
15663869ns          262417 1c008e66 02079563 bne              x15, x0, 42         x15:00000001
15663929ns          262420 1c008e90 10a57553 fmul.s           f10, f10, f10       f10=xxxxxxxx f10:3e96cbe4 f10:3e96cbe4
15663948ns          262421 1c008e94 1c0007b7 lui              x15, 0x1c000000     x15=1c000000
15663968ns          262422 1c008e98 1c000737 lui              x14, 0x1c000000     x14=1c000000
15663988ns          262423 1c008e9c 16872703 lw               x14, 360(x14)       x14=bab59551 x14:1c000000  PA:1c000168
15664287ns          262438 1c008ea0 1647a783 lw               x15, 356(x15)       x15=37c23ab1 x15:1c000000  PA:1c000164
15664605ns          262454 1c008ea4 70f577c3 fmadd.s          f15, f10, f15, f14  f15=xxxxxxxx f10:3db1a723 f15:37c23ab1 f14:bab59551
15664625ns          262455 1c008ea8 1c000737 lui              x14, 0x1c000000     x14=1c000000
15664645ns          262456 1c008eac 16c72703 lw               x14, 364(x14)       x14=3d2aa76f x14:1c000000  PA:1c00016c
15664963ns          262472 1c008eb0 70f577c3 fmadd.s          f15, f10, f15, f14  f15=xxxxxxxx f10:3db1a723 f15:bab551ec f14:3d2aa76f
15664983ns          262473 1c008eb4 1c000737 lui              x14, 0x1c000000     x14=1c000000
15665003ns          262474 1c008eb8 17072703 lw               x14, 368(x14)       x14=beffffe0 x14:1c000000  PA:1c000170
15665321ns          262490 1c008ebc 70f577c3 fmadd.s          f15, f10, f15, f14  f15=xxxxxxxx f10:3db1a723 f15:3d2a299b f14:beffffe0
15665341ns          262491 1c008ec0 1c000737 lui              x14, 0x1c000000     x14=1c000000
15665361ns          262492 1c008ec4 19c72703 lw               x14, 412(x14)       x14=3f7fffff x14:1c000000  PA:1c00019c
15665679ns          262508 1c008ec8 70f57543 fmadd.s          f10, f10, f15, f14  f10=xxxxxxxx f10:3db1a723 f15:befe2789 f14:3f7fffff
15665699ns          262509 1c008ecc 00008067 jalr             x0, x1, 0            x1:1c0087b6
15665758ns          262512 1c0087b6 004ca78b p.lw             x15, 4(x25!)        x15=0000000b x25=10001f84 x25:10001f80  PA:10001f80
15665778ns          262513 1c0087ba ffcc270b p.lw             x14, -4(x24!)       x14=0000000c x24=10001f80 x24:10001f84  PA:10001f84
15665798ns          262514 1c0087be 00279793 slli             x15, x15, 0x2       x15=0000002c x15:0000000b
15665818ns          262515 1c0087c0 017787b3 add              x15, x15, x23       x15=10001e78 x15:0000002c x23:10001e4c
15665838ns          262516 1c0087c2 00271713 slli             x14, x14, 0x2       x14=00000030 x14:0000000c
15665858ns          262517 1c0087c4 0007a583 lw               x11, 0(x15)         x11=c116ac65 x15:10001e78  PA:10001e78
15665878ns          262518 1c0087c6 01770733 add              x14, x14, x23       x14=10001e7c x14:00000030 x23:10001e4c
15665898ns          262519 1c0087c8 00072683 lw               x13, 0(x14)         x13=c0736164 x14:10001e7c  PA:10001e7c
15665918ns          262520 1c0087ca 20949653 fsgnjn.s         f12, f9, f9         f12=xxxxxxxx  f9:3e94a031  f9:3e94a031
15665937ns          262521 1c0087ce 10b67653 fmul.s           f12, f12, f11       f12=xxxxxxxx f12:be94a031 f11:c116ac65
15665957ns          262522 1c0087d2 10d4f4d3 fmul.s           f9, f9, f13          f9=xxxxxxxx  f9:3e94a031 f13:c0736164
15665977ns          262523 1c0087d6 60d576c3 fmadd.s          f13, f10, f13, f12  f13=xxxxxxxx f10:3f74fa0b f13:c0736164 f12:402ef3e6
15665997ns          262524 1c0087da 48b57543 fmadd.s          f10, f10, f11, f9   f10=xxxxxxxx f10:3f74fa0b f11:c116ac65  f9:bf8d4c99
15666017ns          262525 1c0087de 00d72023 sw               x13, 0(x14)         x13:bf67ca94 x14:10001e7c  PA:10001e7c
15666057ns          262527 1c0087e0 00a7a023 sw               x10, 0(x15)         x10:c121d90e x15:10001e78  PA:10001e78
15666077ns          262528 1c0087e2 fb5b13e3 bne              x22, x21, -90       x22:0000000c x21:0000000c
15666097ns          262529 1c0087e6 07c12083 lw               x1, 124(x2)          x1=1c00841c  x2:10001d48  PA:10001dc4
15666116ns          262530 1c0087e8 07812403 lw               x8, 120(x2)          x8=xxxxxxxx  x2:10001d48  PA:10001dc0
15666136ns          262531 1c0087ea 07412483 lw               x9, 116(x2)          x9=00000003  x2:10001d48  PA:10001dbc
15666156ns          262532 1c0087ec 07012903 lw               x18, 112(x2)        x18=1c010000  x2:10001d48  PA:10001db8
15666176ns          262533 1c0087ee 06c12983 lw               x19, 108(x2)        x19=xxxxxxxx  x2:10001d48  PA:10001db4
15666196ns          262534 1c0087f0 06812a03 lw               x20, 104(x2)        x20=xxxxxxxx  x2:10001d48  PA:10001db0
15666216ns          262535 1c0087f2 06412a83 lw               x21, 100(x2)        x21=xxxxxxxx  x2:10001d48  PA:10001dac
15666236ns          262536 1c0087f4 06012b03 lw               x22, 96(x2)         x22=xxxxxxxx  x2:10001d48  PA:10001da8
15666256ns          262537 1c0087f6 05c12b83 lw               x23, 92(x2)         x23=10001e4c  x2:10001d48  PA:10001da4
15666276ns          262538 1c0087f8 05812c03 lw               x24, 88(x2)         x24=xxxxxxxx  x2:10001d48  PA:10001da0
15666296ns          262539 1c0087fa 05412c83 lw               x25, 84(x2)         x25=xxxxxxxx  x2:10001d48  PA:10001d9c
15666315ns          262540 1c0087fc 05012d03 lw               x26, 80(x2)         x26=xxxxxxxx  x2:10001d48  PA:10001d98
15666335ns          262541 1c0087fe 04c12d83 lw               x27, 76(x2)         x27=xxxxxxxx  x2:10001d48  PA:10001d94
15666355ns          262542 1c008800 08010113 addi             x2, x2, 128          x2=10001dc8  x2:10001d48
15666375ns          262543 1c008802 00008067 jalr             x0, x1, 0            x1:1c00841c
15666455ns          262547 1c00841c 03412783 lw               x15, 52(x2)         x15=00000020  x2:10001dc8  PA:10001dfc
15666475ns          262548 1c00841e 03412683 lw               x13, 52(x2)         x13=00000020  x2:10001dc8  PA:10001dfc
15666534ns          262551 1c008420 4037d793 srai             x15, x15, 0x403     x15=00000004 x15:00000020
15666554ns          262552 1c008422 4026d693 srai             x13, x13, 0x402     x13=00000008 x13:00000020
15666574ns          262553 1c008424 02f12823 sw               x15, 48(x2)         x15:00000004  x2:10001dc8  PA:10001df8
15666594ns          262554 1c008426 02d12e23 sw               x13, 60(x2)         x13:00000008  x2:10001dc8  PA:10001e04
15666614ns          262555 1c008428 06d7d063 bge              x15, x13, 96        x15:00000004 x13:00000008
15666634ns          262556 1c00842c 01c12703 lw               x14, 28(x2)         x14=00000010  x2:10001dc8  PA:10001de4
15666673ns          262558 1c00842e 00f708b3 add              x17, x14, x15       x17=00000014 x14:00000010 x15:00000004
15666713ns          262560 1c008432 00e685b3 add              x11, x13, x14       x11=00000018 x13:00000008 x14:00000010
15666733ns          262561 1c008436 03412683 lw               x13, 52(x2)         x13=00000020  x2:10001dc8  PA:10001dfc
15666753ns          262562 1c008438 00289893 slli             x17, x17, 0x2       x17=00000050 x17:00000014
15666773ns          262563 1c00843a 00259593 slli             x11, x11, 0x2       x11=00000060 x11:00000018
15666793ns          262564 1c00843c 40f68833 sub              x16, x13, x15       x16=0000001c x13:00000020 x15:00000004
15666813ns          262565 1c008440 411585b3 sub              x11, x11, x17       x11=00000010 x11:00000060 x17:00000050
15666852ns          262567 1c008444 02812703 lw               x14, 40(x2)         x14=10001f54  x2:10001dc8  PA:10001df0
15666872ns          262568 1c008446 00281813 slli             x16, x16, 0x2       x16=00000070 x16:0000001c
15666892ns          262569 1c008448 ffc58593 addi             x11, x11, -4        x11=0000000c x11:00000010
15666912ns          262570 1c00844a 1c0007b7 lui              x15, 0x1c000000     x15=1c000000
15666932ns          262571 1c00844e ffc80813 addi             x16, x16, -4        x16=0000006c x16:00000070
15666952ns          262572 1c008450 0025d593 srli             x11, x11, 0x2       x11=00000003 x11:0000000c
15666992ns          262574 1c008452 0287a303 lw               x6, 40(x15)          x6=3f3504f3 x15:1c000000  PA:1c000028
15667310ns          262590 1c008456 00e80833 add              x16, x16, x14       x16=10001fc0 x16:0000006c x14:10001f54
15667330ns          262591 1c008458 00e888b3 add              x17, x17, x14       x17=10001fa4 x17:00000050 x14:10001f54
15667350ns          262592 1c00845a 00158593 addi             x11, x11, 1         x11=00000004 x11:00000003
15667370ns          262593 1c00845c 0155c0fb lp.setup         0x1, x11, 0x15      x11:00000004
15667389ns          262594 1c008460 ffc8268b p.lw             x13, -4(x16!)       x13=0000001b x16=10001fbc x16:10001fc0  PA:10001fc0
15667409ns          262595 1c008464 0048a78b p.lw             x15, 4(x17!)        x15=00000014 x17=10001fa8 x17:10001fa4  PA:10001fa4
15667429ns          262596 1c008468 00269693 slli             x13, x13, 0x2       x13=0000006c x13:0000001b
15667449ns          262597 1c00846a 00279793 slli             x15, x15, 0x2       x15=00000050 x15:00000014
15667469ns          262598 1c00846c 017686b3 add              x13, x13, x23       x13=10001eb8 x13:0000006c x23:10001e4c
15667489ns          262599 1c00846e 017787b3 add              x15, x15, x23       x15=10001e9c x15:00000050 x23:10001e4c
15667509ns          262600 1c008470 0006a703 lw               x14, 0(x13)         x14=bf836d60 x13:10001eb8  PA:10001eb8
15667529ns          262601 1c008472 0007a503 lw               x10, 0(x15)         x10=410c30c7 x15:10001e9c  PA:10001e9c
15667569ns          262603 1c008474 00a77653 fadd.s           f12, f14, f10       f12=xxxxxxxx f14:bf836d60 f10:410c30c7
15667588ns          262604 1c008478 08a77753 fsub.s           f14, f14, f10       f14=xxxxxxxx f14:bf836d60 f10:410c30c7
15667608ns          262605 1c00847c 10667653 fmul.s           f12, f12, f6        f12=xxxxxxxx f12:40f78636  f6:3f3504f3
15667628ns          262606 1c008480 10677753 fmul.s           f14, f14, f6        f14=xxxxxxxx f14:c11c9e73  f6:3f3504f3
15667668ns          262608 1c008484 00c6a023 sw               x12, 0(x13)         x12:40af06ad x13:10001eb8  PA:10001eb8
15667688ns          262609 1c008486 00e7a023 sw               x14, 0(x15)         x14:c0dd7e1d x15:10001e9c  PA:10001e9c
15667708ns          262610 1c008460 ffc8268b p.lw             x13, -4(x16!)       x13=0000001a x16=10001fb8 x16:10001fbc  PA:10001fbc
15667728ns          262611 1c008464 0048a78b p.lw             x15, 4(x17!)        x15=00000015 x17=10001fac x17:10001fa8  PA:10001fa8
15667748ns          262612 1c008468 00269693 slli             x13, x13, 0x2       x13=00000068 x13:0000001a
15667767ns          262613 1c00846a 00279793 slli             x15, x15, 0x2       x15=00000054 x15:00000015
15667787ns          262614 1c00846c 017686b3 add              x13, x13, x23       x13=10001eb4 x13:00000068 x23:10001e4c
15667807ns          262615 1c00846e 017787b3 add              x15, x15, x23       x15=10001ea0 x15:00000054 x23:10001e4c
15667827ns          262616 1c008470 0006a703 lw               x14, 0(x13)         x14=3e93d4d0 x13:10001eb4  PA:10001eb4
15667847ns          262617 1c008472 0007a503 lw               x10, 0(x15)         x10=40e7cf08 x15:10001ea0  PA:10001ea0
15667887ns          262619 1c008474 00a77653 fadd.s           f12, f14, f10       f12=xxxxxxxx f14:3e93d4d0 f10:40e7cf08
15667907ns          262620 1c008478 08a77753 fsub.s           f14, f14, f10       f14=xxxxxxxx f14:3e93d4d0 f10:40e7cf08
15667927ns          262621 1c00847c 10667653 fmul.s           f12, f12, f6        f12=xxxxxxxx f12:40f10c55  f6:3f3504f3
15667946ns          262622 1c008480 10677753 fmul.s           f14, f14, f6        f14=xxxxxxxx f14:c0de91bb  f6:3f3504f3
15667966ns          262623 1c008484 00c6a023 sw               x12, 0(x13)         x12:40aa7261 x13:10001eb4  PA:10001eb4
15667986ns          262624 1c008486 00e7a023 sw               x14, 0(x15)         x14:c09d6157 x15:10001ea0  PA:10001ea0
15668066ns          262628 1c008460 ffc8268b p.lw             x13, -4(x16!)       x13=00000019 x16=10001fb4 x16:10001fb8  PA:10001fb8
15668086ns          262629 1c008464 0048a78b p.lw             x15, 4(x17!)        x15=00000016 x17=10001fb0 x17:10001fac  PA:10001fac
15668106ns          262630 1c008468 00269693 slli             x13, x13, 0x2       x13=00000064 x13:00000019
15668125ns          262631 1c00846a 00279793 slli             x15, x15, 0x2       x15=00000058 x15:00000016
15668145ns          262632 1c00846c 017686b3 add              x13, x13, x23       x13=10001eb0 x13:00000064 x23:10001e4c
15668165ns          262633 1c00846e 017787b3 add              x15, x15, x23       x15=10001ea4 x15:00000058 x23:10001e4c
15668185ns          262634 1c008470 0006a703 lw               x14, 0(x13)         x14=bcc4f400 x13:10001eb0  PA:10001eb0
15668205ns          262635 1c008472 0007a503 lw               x10, 0(x15)         x10=bff2e250 x15:10001ea4  PA:10001ea4
15668245ns          262637 1c008474 00a77653 fadd.s           f12, f14, f10       f12=xxxxxxxx f14:bcc4f400 f10:bff2e250
15668265ns          262638 1c008478 08a77753 fsub.s           f14, f14, f10       f14=xxxxxxxx f14:bcc4f400 f10:bff2e250
15668285ns          262639 1c00847c 10667653 fmul.s           f12, f12, f6        f12=xxxxxxxx f12:bff5f620  f6:3f3504f3
15668304ns          262640 1c008480 10677753 fmul.s           f14, f14, f6        f14=xxxxxxxx f14:3fefce80  f6:3f3504f3
15668324ns          262641 1c008484 00c6a023 sw               x12, 0(x13)         x12:bfadebc6 x13:10001eb0  PA:10001eb0
15668344ns          262642 1c008486 00e7a023 sw               x14, 0(x15)         x14:3fa991a3 x15:10001ea4  PA:10001ea4
15668364ns          262643 1c008460 ffc8268b p.lw             x13, -4(x16!)       x13=00000018 x16=10001fb0 x16:10001fb4  PA:10001fb4
15668384ns          262644 1c008464 0048a78b p.lw             x15, 4(x17!)        x15=00000017 x17=10001fb4 x17:10001fb0  PA:10001fb0
15668404ns          262645 1c008468 00269693 slli             x13, x13, 0x2       x13=00000060 x13:00000018
15668424ns          262646 1c00846a 00279793 slli             x15, x15, 0x2       x15=0000005c x15:00000017
15668444ns          262647 1c00846c 017686b3 add              x13, x13, x23       x13=10001eac x13:00000060 x23:10001e4c
15668464ns          262648 1c00846e 017787b3 add              x15, x15, x23       x15=10001ea8 x15:0000005c x23:10001e4c
15668483ns          262649 1c008470 0006a703 lw               x14, 0(x13)         x14=c0ae7a9b x13:10001eac  PA:10001eac
15668503ns          262650 1c008472 0007a503 lw               x10, 0(x15)         x10=3f5cb8e0 x15:10001ea8  PA:10001ea8
15668543ns          262652 1c008474 00a77653 fadd.s           f12, f14, f10       f12=xxxxxxxx f14:c0ae7a9b f10:3f5cb8e0
15668563ns          262653 1c008478 08a77753 fsub.s           f14, f14, f10       f14=xxxxxxxx f14:c0ae7a9b f10:3f5cb8e0
15668583ns          262654 1c00847c 10667653 fmul.s           f12, f12, f6        f12=xxxxxxxx f12:c092e37f  f6:3f3504f3
15668603ns          262655 1c008480 10677753 fmul.s           f14, f14, f6        f14=xxxxxxxx f14:c0ca11b7  f6:3f3504f3
15668623ns          262656 1c008484 00c6a023 sw               x12, 0(x13)         x12:c04fbb60 x13:10001eac  PA:10001eac
15668643ns          262657 1c008486 00e7a023 sw               x14, 0(x15)         x14:c08ee26e x15:10001ea8  PA:10001ea8
15668663ns          262658 1c008488 03012683 lw               x13, 48(x2)         x13=00000004  x2:10001dc8  PA:10001df8
15668682ns          262659 1c00848a 00100793 addi             x15, x0, 1          x15=00000001
15668702ns          262660 1c00848c 24d7df63 bge              x15, x13, 606       x15:00000001 x13:00000004
15668722ns          262661 1c008490 40000737 lui              x14, 0x40000000     x14=40000000
15668742ns          262662 1c008494 fff70793 addi             x15, x14, -1        x15=3fffffff x14:40000000
15668762ns          262663 1c008498 03412703 lw               x14, 52(x2)         x14=00000020  x2:10001dc8  PA:10001dfc
15668782ns          262664 1c00849a 00100893 addi             x17, x0, 1          x17=00000001
15668802ns          262665 1c00849c 00e787b3 add              x15, x15, x14       x15=4000001f x15:3fffffff x14:00000020
15668822ns          262666 1c00849e 02f12c23 sw               x15, 56(x2)         x15:4000001f  x2:10001dc8  PA:10001e00
15668842ns          262667 1c0084a0 01c12783 lw               x15, 28(x2)         x15=00000010  x2:10001dc8  PA:10001de4
15668861ns          262668 1c0084a2 00289513 slli             x10, x17, 0x2       x10=00000004 x17:00000001
15668881ns          262669 1c0084a6 02a7c533 div              x10, x15, x10       x10=00000004 x15:4000001f x10:00000004
15669518ns          262701 1c0084aa 00151313 slli             x6, x10, 0x1         x6=00000008 x10:00000004
15669538ns          262702 1c0084ae 40a30fb3 sub              x31, x6, x10        x31=00000004  x6:00000008 x10:00000004
15669558ns          262703 1c0084b2 006785b3 add              x11, x15, x6        x11=00000018 x15:00000010  x6:00000008
15669577ns          262704 1c0084b6 40a002b3 sub              x5, x0, x10          x5=fffffffc x10:00000004
15669597ns          262705 1c0084ba 02812683 lw               x13, 40(x2)         x13=10001f54  x2:10001dc8  PA:10001df0
15669617ns          262706 1c0084bc 00a00833 add              x16, x0, x10        x16=00000004 x10:00000004
15669657ns          262708 1c0084be 406003b3 sub              x7, x0, x6           x7=fffffff8  x6:00000008
15669697ns          262710 1c0084c2 00351f13 slli             x30, x10, 0x3       x30=00000020 x10:00000004
15669717ns          262711 1c0084c6 00259593 slli             x11, x11, 0x2       x11=00000060 x11:00000018
15669737ns          262712 1c0084c8 00229293 slli             x5, x5, 0x2          x5=fffffff0  x5:fffffffc
15669756ns          262713 1c0084ca 002f9f93 slli             x31, x31, 0x2       x31=00000010 x31:00000004
15669776ns          262714 1c0084cc 00600e33 add              x28, x0, x6         x28=00000008  x6:00000008
15669796ns          262715 1c0084ce 00251513 slli             x10, x10, 0x2       x10=00000010 x10:00000004
15669816ns          262716 1c0084d0 01030333 add              x6, x6, x16          x6=0000000c  x6:00000008 x16:00000004
15669836ns          262717 1c0084d2 00481493 slli             x9, x16, 0x4         x9=00000040 x16:00000004
15669856ns          262718 1c0084d6 00d585b3 add              x11, x11, x13       x11=10001fb4 x11:00000060 x13:10001f54
15669876ns          262719 1c0084d8 00239393 slli             x7, x7, 0x2          x7=ffffffe0  x7:fffffff8
15669896ns          262720 1c0084da 00000413 addi             x8, x0, 0            x8=00000000
15669916ns          262721 1c0084dc 00000e93 addi             x29, x0, 0          x29=00000000
15669936ns          262722 1c0084de ffc28293 addi             x5, x5, -4           x5=ffffffec  x5:fffffff0
15669955ns          262723 1c0084e0 ffcf0f13 addi             x30, x30, -4        x30=0000001c x30:00000020
15669975ns          262724 1c0084e2 ffcf8f93 addi             x31, x31, -4        x31=0000000c x31:00000010
15669995ns          262725 1c0084e4 0468c07b lp.setup         0x0, x17, 0x46      x17:00000001
15670015ns          262726 1c0084e8 050ed163 bge              x29, x16, 66        x29:00000000 x16:00000004
15670035ns          262727 1c0084ec ffc58993 addi             x19, x11, -4        x19=10001fb0 x11:10001fb4
15670075ns          262729 1c0084f0 00b28933 add              x18, x5, x11        x18=10001fa0  x5:ffffffec x11:10001fb4
15670115ns          262731 1c0084f4 41298933 sub              x18, x19, x18       x18=00000010 x19:10001fb0 x18:10001fa0
15670134ns          262732 1c0084f8 ffc90913 addi             x18, x18, -4        x18=0000000c x18:00000010
15670154ns          262733 1c0084fa 00295913 srli             x18, x18, 0x2       x18=00000003 x18:0000000c
15670174ns          262734 1c0084fe 00b38a33 add              x20, x7, x11        x20=10001f94  x7:ffffffe0 x11:10001fb4
15670194ns          262735 1c008502 00190913 addi             x18, x18, 1         x18=00000004 x18:00000003
15670214ns          262736 1c008504 012940fb lp.setup         0x1, x18, 0x12      x18:00000004
15670234ns          262737 1c008508 004a278b p.lw             x15, 4(x20!)        x15=00000010 x20=10001f98 x20:10001f94  PA:10001f94
15670254ns          262738 1c00850c ffc9a70b p.lw             x14, -4(x19!)       x14=00000017 x19=10001fac x19:10001fb0  PA:10001fb0
15670294ns          262740 1c008510 00279793 slli             x15, x15, 0x2       x15=00000040 x15:00000010
15670313ns          262741 1c008512 00271713 slli             x14, x14, 0x2       x14=0000005c x14:00000017
15670333ns          262742 1c008514 017787b3 add              x15, x15, x23       x15=10001e8c x15:00000040 x23:10001e4c
15670353ns          262743 1c008516 01770733 add              x14, x14, x23       x14=10001ea8 x14:0000005c x23:10001e4c
15670373ns          262744 1c008518 0007a683 lw               x13, 0(x15)         x13=3f9b682a x15:10001e8c  PA:10001e8c
15670393ns          262745 1c00851a 00072603 lw               x12, 0(x14)         x12=c08ee26e x14:10001ea8  PA:10001ea8
15670433ns          262747 1c00851c 08c6fad3 fsub.s           f21, f13, f12       f21=xxxxxxxx f13:3f9b682a f12:c08ee26e
15670453ns          262748 1c008520 00c6f6d3 fadd.s           f13, f13, f12       f13=xxxxxxxx f13:3f9b682a f12:c08ee26e
15670473ns          262749 1c008524 01572023 sw               x21, 0(x14)         x21:40b5bc78 x14:10001ea8  PA:10001ea8
15670492ns          262750 1c008528 00d7a023 sw               x13, 0(x15)         x13:c05010c7 x15:10001e8c  PA:10001e8c
15670512ns          262751 1c008508 004a278b p.lw             x15, 4(x20!)        x15=00000011 x20=10001f9c x20:10001f98  PA:10001f98
15670532ns          262752 1c00850c ffc9a70b p.lw             x14, -4(x19!)       x14=00000016 x19=10001fa8 x19:10001fac  PA:10001fac
15670552ns          262753 1c008510 00279793 slli             x15, x15, 0x2       x15=00000044 x15:00000011
15670572ns          262754 1c008512 00271713 slli             x14, x14, 0x2       x14=00000058 x14:00000016
15670592ns          262755 1c008514 017787b3 add              x15, x15, x23       x15=10001e90 x15:00000044 x23:10001e4c
15670612ns          262756 1c008516 01770733 add              x14, x14, x23       x14=10001ea4 x14:00000058 x23:10001e4c
15670632ns          262757 1c008518 0007a683 lw               x13, 0(x15)         x13=4095d5a2 x15:10001e90  PA:10001e90
15670652ns          262758 1c00851a 00072603 lw               x12, 0(x14)         x12=3fa991a3 x14:10001ea4  PA:10001ea4
15670691ns          262760 1c00851c 08c6fad3 fsub.s           f21, f13, f12       f21=xxxxxxxx f13:4095d5a2 f12:3fa991a3
15670711ns          262761 1c008520 00c6f6d3 fadd.s           f13, f13, f12       f13=xxxxxxxx f13:4095d5a2 f12:3fa991a3
15670731ns          262762 1c008524 01572023 sw               x21, 0(x14)         x21:4056e272 x14:10001ea4  PA:10001ea4
15670751ns          262763 1c008528 00d7a023 sw               x13, 0(x15)         x13:40c03a0b x15:10001e90  PA:10001e90
15670831ns          262767 1c008508 004a278b p.lw             x15, 4(x20!)        x15=00000012 x20=10001fa0 x20:10001f9c  PA:10001f9c
15670850ns          262768 1c00850c ffc9a70b p.lw             x14, -4(x19!)       x14=00000015 x19=10001fa4 x19:10001fa8  PA:10001fa8
15670870ns          262769 1c008510 00279793 slli             x15, x15, 0x2       x15=00000048 x15:00000012
15670890ns          262770 1c008512 00271713 slli             x14, x14, 0x2       x14=00000054 x14:00000015
15670910ns          262771 1c008514 017787b3 add              x15, x15, x23       x15=10001e94 x15:00000048 x23:10001e4c
15670930ns          262772 1c008516 01770733 add              x14, x14, x23       x14=10001ea0 x14:00000054 x23:10001e4c
15670950ns          262773 1c008518 0007a683 lw               x13, 0(x15)         x13=405b15dc x15:10001e94  PA:10001e94
15670970ns          262774 1c00851a 00072603 lw               x12, 0(x14)         x12=c09d6157 x14:10001ea0  PA:10001ea0
15671010ns          262776 1c00851c 08c6fad3 fsub.s           f21, f13, f12       f21=xxxxxxxx f13:405b15dc f12:c09d6157
15671030ns          262777 1c008520 00c6f6d3 fadd.s           f13, f13, f12       f13=xxxxxxxx f13:405b15dc f12:c09d6157
15671049ns          262778 1c008524 01572023 sw               x21, 0(x14)         x21:41057622 x14:10001ea0  PA:10001ea0
15671069ns          262779 1c008528 00d7a023 sw               x13, 0(x15)         x13:bfbf59a4 x15:10001e94  PA:10001e94
15671089ns          262780 1c008508 004a278b p.lw             x15, 4(x20!)        x15=00000013 x20=10001fa4 x20:10001fa0  PA:10001fa0
15671109ns          262781 1c00850c ffc9a70b p.lw             x14, -4(x19!)       x14=00000014 x19=10001fa0 x19:10001fa4  PA:10001fa4
15671129ns          262782 1c008510 00279793 slli             x15, x15, 0x2       x15=0000004c x15:00000013
15671149ns          262783 1c008512 00271713 slli             x14, x14, 0x2       x14=00000050 x14:00000014
15671169ns          262784 1c008514 017787b3 add              x15, x15, x23       x15=10001e98 x15:0000004c x23:10001e4c
15671189ns          262785 1c008516 01770733 add              x14, x14, x23       x14=10001e9c x14:00000050 x23:10001e4c
15671209ns          262786 1c008518 0007a683 lw               x13, 0(x15)         x13=3e2eacc0 x15:10001e98  PA:10001e98
15671228ns          262787 1c00851a 00072603 lw               x12, 0(x14)         x12=c0dd7e1d x14:10001e9c  PA:10001e9c
15671268ns          262789 1c00851c 08c6fad3 fsub.s           f21, f13, f12       f21=xxxxxxxx f13:3e2eacc0 f12:c0dd7e1d
15671288ns          262790 1c008520 00c6f6d3 fadd.s           f13, f13, f12       f13=xxxxxxxx f13:3e2eacc0 f12:c0dd7e1d
15671308ns          262791 1c008524 01572023 sw               x21, 0(x14)         x21:40e2f383 x14:10001e9c  PA:10001e9c
15671328ns          262792 1c008528 00d7a023 sw               x13, 0(x15)         x13:c0d808b7 x15:10001e98  PA:10001e98
15671348ns          262793 1c00852a 026e5e63 bge              x28, x6, 60         x28:00000008  x6:0000000c
15671368ns          262794 1c00852e 41ff0933 sub              x18, x30, x31       x18=00000010 x30:0000001c x31:0000000c
15671388ns          262795 1c008532 ffc90913 addi             x18, x18, -4        x18=0000000c x18:00000010
15671407ns          262796 1c008534 00295913 srli             x18, x18, 0x2       x18=00000003 x18:0000000c
15671427ns          262797 1c008538 00bf0a33 add              x20, x30, x11       x20=10001fd0 x30:0000001c x11:10001fb4
15671447ns          262798 1c00853c 00b009b3 add              x19, x0, x11        x19=10001fb4 x11:10001fb4
15671467ns          262799 1c00853e 00190913 addi             x18, x18, 1         x18=00000004 x18:00000003
15671487ns          262800 1c008540 012940fb lp.setup         0x1, x18, 0x12      x18:00000004
15671527ns          262802 1c008544 ffca270b p.lw             x14, -4(x20!)       x14=0000001f x20=10001fcc x20:10001fd0  PA:10001fd0
15671547ns          262803 1c008548 0049a78b p.lw             x15, 4(x19!)        x15=00000018 x19=10001fb8 x19:10001fb4  PA:10001fb4
15671567ns          262804 1c00854c 00271713 slli             x14, x14, 0x2       x14=0000007c x14:0000001f
15671586ns          262805 1c00854e 00279793 slli             x15, x15, 0x2       x15=00000060 x15:00000018
15671626ns          262807 1c008550 01770733 add              x14, x14, x23       x14=10001ec8 x14:0000007c x23:10001e4c
15671646ns          262808 1c008552 017787b3 add              x15, x15, x23       x15=10001eac x15:00000060 x23:10001e4c
15671666ns          262809 1c008554 00072683 lw               x13, 0(x14)         x13=3fb6caec x14:10001ec8  PA:10001ec8
15671686ns          262810 1c008556 0007a603 lw               x12, 0(x15)         x12=c04fbb60 x15:10001eac  PA:10001eac
15671726ns          262812 1c008558 00c6fad3 fadd.s           f21, f13, f12       f21=xxxxxxxx f13:3fb6caec f12:c04fbb60
15671746ns          262813 1c00855c 08c6f6d3 fsub.s           f13, f13, f12       f13=xxxxxxxx f13:3fb6caec f12:c04fbb60
15671765ns          262814 1c008560 01572023 sw               x21, 0(x14)         x21:bfe8abd4 x14:10001ec8  PA:10001ec8
15671805ns          262816 1c008564 00d7a023 sw               x13, 0(x15)         x13:4095906b x15:10001eac  PA:10001eac
15671825ns          262817 1c008544 ffca270b p.lw             x14, -4(x20!)       x14=0000001e x20=10001fc8 x20:10001fcc  PA:10001fcc
15671845ns          262818 1c008548 0049a78b p.lw             x15, 4(x19!)        x15=00000019 x19=10001fbc x19:10001fb8  PA:10001fb8
15671865ns          262819 1c00854c 00271713 slli             x14, x14, 0x2       x14=00000078 x14:0000001e
15671885ns          262820 1c00854e 00279793 slli             x15, x15, 0x2       x15=00000064 x15:00000019
15671905ns          262821 1c008550 01770733 add              x14, x14, x23       x14=10001ec4 x14:00000078 x23:10001e4c
15671925ns          262822 1c008552 017787b3 add              x15, x15, x23       x15=10001eb0 x15:00000064 x23:10001e4c
15671944ns          262823 1c008554 00072683 lw               x13, 0(x14)         x13=3feac670 x14:10001ec4  PA:10001ec4
15671964ns          262824 1c008556 0007a603 lw               x12, 0(x15)         x12=bfadebc6 x15:10001eb0  PA:10001eb0
15672004ns          262826 1c008558 00c6fad3 fadd.s           f21, f13, f12       f21=xxxxxxxx f13:3feac670 f12:bfadebc6
15672024ns          262827 1c00855c 08c6f6d3 fsub.s           f13, f13, f12       f13=xxxxxxxx f13:3feac670 f12:bfadebc6
15672044ns          262828 1c008560 01572023 sw               x21, 0(x14)         x21:3ef36aa8 x14:10001ec4  PA:10001ec4
15672064ns          262829 1c008564 00d7a023 sw               x13, 0(x15)         x13:404c591b x15:10001eb0  PA:10001eb0
15672084ns          262830 1c008544 ffca270b p.lw             x14, -4(x20!)       x14=0000001d x20=10001fc4 x20:10001fc8  PA:10001fc8
15672104ns          262831 1c008548 0049a78b p.lw             x15, 4(x19!)        x15=0000001a x19=10001fc0 x19:10001fbc  PA:10001fbc
15672123ns          262832 1c00854c 00271713 slli             x14, x14, 0x2       x14=00000074 x14:0000001d
15672143ns          262833 1c00854e 00279793 slli             x15, x15, 0x2       x15=00000068 x15:0000001a
15672163ns          262834 1c008550 01770733 add              x14, x14, x23       x14=10001ec0 x14:00000074 x23:10001e4c
15672183ns          262835 1c008552 017787b3 add              x15, x15, x23       x15=10001eb4 x15:00000068 x23:10001e4c
15672203ns          262836 1c008554 00072683 lw               x13, 0(x14)         x13=3fa3e0a4 x14:10001ec0  PA:10001ec0
15672223ns          262837 1c008556 0007a603 lw               x12, 0(x15)         x12=40aa7261 x15:10001eb4  PA:10001eb4
15672263ns          262839 1c008558 00c6fad3 fadd.s           f21, f13, f12       f21=xxxxxxxx f13:3fa3e0a4 f12:40aa7261
15672283ns          262840 1c00855c 08c6f6d3 fsub.s           f13, f13, f12       f13=xxxxxxxx f13:3fa3e0a4 f12:40aa7261
15672303ns          262841 1c008560 01572023 sw               x21, 0(x14)         x21:40d36a8a x14:10001ec0  PA:10001ec0
15672322ns          262842 1c008564 00d7a023 sw               x13, 0(x15)         x13:c0817a38 x15:10001eb4  PA:10001eb4
15672342ns          262843 1c008544 ffca270b p.lw             x14, -4(x20!)       x14=0000001c x20=10001fc0 x20:10001fc4  PA:10001fc4
15672362ns          262844 1c008548 0049a78b p.lw             x15, 4(x19!)        x15=0000001b x19=10001fc4 x19:10001fc0  PA:10001fc0
15672382ns          262845 1c00854c 00271713 slli             x14, x14, 0x2       x14=00000070 x14:0000001c
15672402ns          262846 1c00854e 00279793 slli             x15, x15, 0x2       x15=0000006c x15:0000001b
15672422ns          262847 1c008550 01770733 add              x14, x14, x23       x14=10001ebc x14:00000070 x23:10001e4c
15672442ns          262848 1c008552 017787b3 add              x15, x15, x23       x15=10001eb8 x15:0000006c x23:10001e4c
15672462ns          262849 1c008554 00072683 lw               x13, 0(x14)         x13=3f6449b0 x14:10001ebc  PA:10001ebc
15672482ns          262850 1c008556 0007a603 lw               x12, 0(x15)         x12=40af06ad x15:10001eb8  PA:10001eb8
15672521ns          262852 1c008558 00c6fad3 fadd.s           f21, f13, f12       f21=xxxxxxxx f13:3f6449b0 f12:40af06ad
15672541ns          262853 1c00855c 08c6f6d3 fsub.s           f13, f13, f12       f13=xxxxxxxx f13:3f6449b0 f12:40af06ad
15672561ns          262854 1c008560 01572023 sw               x21, 0(x14)         x21:40cb8fe3 x14:10001ebc  PA:10001ebc
15672581ns          262855 1c008564 00d7a023 sw               x13, 0(x15)         x13:c0927d77 x15:10001eb8  PA:10001eb8
15672601ns          262856 1c008566 00ae8eb3 add              x29, x29, x10       x29=00000010 x29:00000000 x10:00000010
15672621ns          262857 1c008568 00140413 addi             x8, x8, 1            x8=00000001  x8:00000000
15672641ns          262858 1c00856a 00a80833 add              x16, x16, x10       x16=00000014 x16:00000004 x10:00000010
15672661ns          262859 1c00856c 00a30333 add              x6, x6, x10          x6=0000001c  x6:0000000c x10:00000010
15672680ns          262860 1c00856e 00ae0e33 add              x28, x28, x10       x28=00000018 x28:00000008 x10:00000010
15672700ns          262861 1c008570 009585b3 add              x11, x11, x9        x11=10001ff4 x11:10001fb4  x9:00000040
15672720ns          262862 1c008572 01c12703 lw               x14, 28(x2)         x14=00000010  x2:10001dc8  PA:10001de4
15672740ns          262863 1c008574 00341f93 slli             x31, x8, 0x3        x31=00000008  x8:00000001
15672760ns          262864 1c008578 03f74a33 div              x20, x14, x31       x20=00000002 x14:10001ebc x31:00000008
15673377ns          262895 1c00857c 001a1c93 slli             x25, x20, 0x1       x25=00000004 x20:00000002
15673397ns          262896 1c008580 014c89b3 add              x19, x25, x20       x19=00000006 x25:00000004 x20:00000002
15673416ns          262897 1c008584 014987b3 add              x15, x19, x20       x15=00000008 x19:00000006 x20:00000002
15673436ns          262898 1c008588 03812683 lw               x13, 56(x2)         x13=4000001f  x2:10001dc8  PA:10001e00
15673456ns          262899 1c00858a 00f12423 sw               x15, 8(x2)          x15:00000008  x2:10001dc8  PA:10001dd0
15673496ns          262901 1c00858c 01970db3 add              x27, x14, x25       x27=00000014 x14:00000010 x25:00000004
15673516ns          262902 1c008590 d0047753 fcvt.s.w         f14, x8             f14=xxxxxxxx  x8:00000001
15673536ns          262903 1c008594 00141793 slli             x15, x8, 0x1        x15=00000002  x8:00000001
15673556ns          262904 1c008598 41468d33 sub              x26, x13, x20       x26=4000001d x13:4000001f x20:00000002
15673576ns          262905 1c00859c 01da1493 slli             x9, x20, 0x1d        x9=40000000 x20:00000002
15673635ns          262908 1c0085a0 00812683 lw               x13, 8(x2)          x13=00000008  x2:10001dc8  PA:10001dd0
15673655ns          262909 1c0085a2 02f12623 sw               x15, 44(x2)         x15:00000002  x2:10001dc8  PA:10001df4
15673675ns          262910 1c0085a4 414484b3 sub              x9, x9, x20          x9=3ffffffe  x9:40000000 x20:00000002
15673695ns          262911 1c0085a8 02c12b03 lw               x22, 44(x2)         x22=00000002  x2:10001dc8  PA:10001df4
15673715ns          262912 1c0085aa 40d00933 sub              x18, x0, x13        x18=fffffff8 x13:00000008
15673735ns          262913 1c0085ae 00149493 slli             x9, x9, 0x1          x9=7ffffffc  x9:3ffffffe
15673774ns          262915 1c0085b0 00e12823 sw               x14, 16(x2)         x14:3f800000  x2:10001dc8  PA:10001dd8
15673814ns          262917 1c0085b2 00269713 slli             x14, x13, 0x2       x14=00000020 x13:00000008
15673834ns          262918 1c0085b6 02812683 lw               x13, 40(x2)         x13=10001f54  x2:10001dc8  PA:10001df0
15673854ns          262919 1c0085b8 002d9d93 slli             x27, x27, 0x2       x27=00000050 x27:00000014
15673874ns          262920 1c0085ba 002d1d13 slli             x26, x26, 0x2       x26=00000074 x26:4000001d
15673894ns          262921 1c0085bc 414002b3 sub              x5, x0, x20          x5=fffffffe x20:00000002
15673914ns          262922 1c0085c0 019484b3 add              x9, x9, x25          x9=80000000  x9:7ffffffc x25:00000004
15673953ns          262924 1c0085c2 414c87b3 sub              x15, x25, x20       x15=00000002 x25:00000004 x20:00000002
15673973ns          262925 1c0085c6 01640433 add              x8, x8, x22          x8=00000003  x8:00000001 x22:00000002
15673993ns          262926 1c0085c8 00dd8db3 add              x27, x27, x13       x27=10001fa4 x27:00000050 x13:10001f54
15674013ns          262927 1c0085ca 00dd0d33 add              x26, x26, x13       x26=10001fc8 x26:00000074 x13:10001f54
15674033ns          262928 1c0085cc 00249493 slli             x9, x9, 0x2          x9=00000000  x9:80000000
15674053ns          262929 1c0085ce 00e12a23 sw               x14, 20(x2)         x14:00000020  x2:10001dc8  PA:10001ddc
15674073ns          262930 1c0085d0 00229a93 slli             x21, x5, 0x2        x21=fffffff8  x5:fffffffe
15674093ns          262931 1c0085d4 00279793 slli             x15, x15, 0x2       x15=00000008 x15:00000002
15674113ns          262932 1c0085d6 419a0733 sub              x14, x20, x25       x14=fffffffe x20:00000002 x25:00000004
15674132ns          262933 1c0085da 00812623 sw               x8, 12(x2)           x8:00000003  x2:10001dc8  PA:10001dd4
15674152ns          262934 1c0085dc 02912023 sw               x9, 32(x2)           x9:00000000  x2:10001dc8  PA:10001de8
15674172ns          262935 1c0085de 01b00433 add              x8, x0, x27          x8=10001fa4 x27:10001fa4
15674192ns          262936 1c0085e0 00291913 slli             x18, x18, 0x2       x18=ffffffe0 x18:fffffff8
15674212ns          262937 1c0085e2 01600db3 add              x27, x0, x22        x27=00000002 x22:00000002
15674232ns          262938 1c0085e4 02f12223 sw               x15, 36(x2)         x15:00000008  x2:10001dc8  PA:10001dec
15674252ns          262939 1c0085e6 01a00b33 add              x22, x0, x26        x22=10001fc8 x26:10001fc8
15674272ns          262940 1c0085e8 00e12c23 sw               x14, 24(x2)         x14:fffffffe  x2:10001dc8  PA:10001de0
15674292ns          262941 1c0085ea 01900d33 add              x26, x0, x25        x26=00000004 x25:00000004
15674311ns          262942 1c0085ec 015004b3 add              x9, x0, x21          x9=fffffff8 x21:fffffff8
15674331ns          262943 1c0085ee 01812783 lw               x15, 24(x2)         x15=fffffffe  x2:10001dc8  PA:10001de0
15674351ns          262944 1c0085f0 00000713 addi             x14, x0, 0          x14=00000000
15674371ns          262945 1c0085f2 01a78ab3 add              x21, x15, x26       x21=00000002 x15:fffffffe x26:00000004
15674391ns          262946 1c0085f6 01b007b3 add              x15, x0, x27        x15=00000002 x27:00000002
15674411ns          262947 1c0085f8 00f006b3 add              x13, x0, x15        x13=00000002 x15:00000002
15674431ns          262948 1c0085fa fc1726b3 p.insert         x13, x14, 30, 1     x13=00000000 x13:00000002 x14:00000000
15674451ns          262949 1c0085fe 4017d793 srai             x15, x15, 0x401     x15=00000001 x15:00000002
15674471ns          262950 1c008600 00d00733 add              x14, x0, x13        x14=00000000 x13:00000000
15674490ns          262951 1c008602 fe079be3 bne              x15, x0, -10        x15:00000001
15674550ns          262954 1c0085f8 00f006b3 add              x13, x0, x15        x13=00000001 x15:00000001
15674570ns          262955 1c0085fa fc1726b3 p.insert         x13, x14, 30, 1     x13=00000001 x13:00000001 x14:00000000
15674590ns          262956 1c0085fe 4017d793 srai             x15, x15, 0x401     x15=00000000 x15:00000001
15674610ns          262957 1c008600 00d00733 add              x14, x0, x13        x14=00000001 x13:00000001
15674630ns          262958 1c008602 fe079be3 bne              x15, x0, -10        x15:00000000
15674650ns          262959 1c008604 1c0007b7 lui              x15, 0x1c000000     x15=1c000000
15674670ns          262960 1c008608 d006f753 fcvt.s.w         f14, x13            f14=xxxxxxxx x13:00000001
15674689ns          262961 1c00860c 01c78793 addi             x15, x15, 28        x15=1c00001c x15:1c000000
15674709ns          262962 1c008610 0007a783 lw               x15, 0(x15)         x15=3ec90fdb x15:1c00001c  PA:1c00001c
15675008ns          262977 1c008612 01012683 lw               x13, 16(x2)         x13=3f800000  x2:10001dc8  PA:10001dd8
15675028ns          262978 1c008614 10f77753 fmul.s           f14, f14, f15       f14=xxxxxxxx f14:3f800000 f15:3ec90fdb
15675047ns          262979 1c008618 18d77c53 fdiv.s           f24, f14, f13       f24=xxxxxxxx f14:3ec90fdb f13:3f800000
15675425ns          262998 1c00861c 01800533 add              x10, x0, x24        x10=3ec90fdb x24:3ec90fdb
15675445ns          262999 1c00861e 7f6000ef jal              x1, 2038             x1=1c008622
15675485ns          263001 1c008e14 a0a527d3 feq.s            x15, f10, f10       x15=00000001 f10:3ec90fdb f10:3ec90fdb
15675505ns          263002 1c008e18 0a078b63 beq              x15, x0, 182        x15:00000001
15675525ns          263003 1c008e1a e00517d3 fclass.s         x15, f10            x15=00000040 f10:3ec90fdb
15675584ns          263006 1c008e1e 0817f793 andi             x15, x15, 129       x15=00000000 x15:00000040
15675604ns          263007 1c008e22 0a079663 bne              x15, x0, 172        x15:00000000
15675624ns          263008 1c008e24 00000793 addi             x15, x0, 0          x15=00000000
15675644ns          263009 1c008e28 a0f517d3 flt.s            x15, f10, f15       x15=00000000 f10:3ec90fdb f15:00000000
15675664ns          263010 1c008e2c 0a079663 bne              x15, x0, 172        x15:00000000
15675684ns          263011 1c008e2e 1c000737 lui              x14, 0x1c000000     x14=1c000000
15675704ns          263012 1c008e32 16072783 lw               x15, 352(x14)       x15=40c90fdb x14:1c000000  PA:1c000160
15676022ns          263028 1c008e36 a0a797d3 flt.s            x15, f15, f10       x15=00000000 f15:40c90fdb f10:3ec90fdb
15676042ns          263029 1c008e3a 00078b63 beq              x15, x0, 22         x15:00000000
15676102ns          263032 1c008e50 00000793 addi             x15, x0, 0          x15=00000000
15676122ns          263033 1c008e54 a0f517d3 flt.s            x15, f10, f15       x15=00000000 f10:3ec90fdb f15:00000000
15676141ns          263034 1c008e58 08079a63 bne              x15, x0, 148        x15:00000000
15676161ns          263035 1c008e5a 1c0007b7 lui              x15, 0x1c000000     x15=1c000000
15676181ns          263036 1c008e5e 0207a783 lw               x15, 32(x15)        x15=3fc90fdb x15:1c000000  PA:1c000020
15676499ns          263052 1c008e62 a0f517d3 flt.s            x15, f10, f15       x15=00000001 f10:3ec90fdb f15:3fc90fdb
15676519ns          263053 1c008e66 02079563 bne              x15, x0, 42         x15:00000001
15676619ns          263058 1c008e90 10a57553 fmul.s           f10, f10, f10       f10=xxxxxxxx f10:3ec90fdb f10:3ec90fdb
15676659ns          263060 1c008e94 1c0007b7 lui              x15, 0x1c000000     x15=1c000000
15676678ns          263061 1c008e98 1c000737 lui              x14, 0x1c000000     x14=1c000000
15676698ns          263062 1c008e9c 16872703 lw               x14, 360(x14)       x14=bab59551 x14:1c000000  PA:1c000168
15677076ns          263081 1c008ea0 1647a783 lw               x15, 356(x15)       x15=37c23ab1 x15:1c000000  PA:1c000164
15677395ns          263097 1c008ea4 70f577c3 fmadd.s          f15, f10, f15, f14  f15=xxxxxxxx f10:3e1de9e7 f15:37c23ab1 f14:bab59551
15677414ns          263098 1c008ea8 1c000737 lui              x14, 0x1c000000     x14=1c000000
15677434ns          263099 1c008eac 16c72703 lw               x14, 364(x14)       x14=3d2aa76f x14:1c000000  PA:1c00016c
15677753ns          263115 1c008eb0 70f577c3 fmadd.s          f15, f10, f15, f14  f15=xxxxxxxx f10:3e1de9e7 f15:bab51d82 f14:3d2aa76f
15677772ns          263116 1c008eb4 1c000737 lui              x14, 0x1c000000     x14=1c000000
15677792ns          263117 1c008eb8 17072703 lw               x14, 368(x14)       x14=beffffe0 x14:1c000000  PA:1c000170
15678111ns          263133 1c008ebc 70f577c3 fmadd.s          f15, f10, f15, f14  f15=xxxxxxxx f10:3e1de9e7 f15:3d29c7fe f14:beffffe0
15678131ns          263134 1c008ec0 1c000737 lui              x14, 0x1c000000     x14=1c000000
15678150ns          263135 1c008ec4 19c72703 lw               x14, 412(x14)       x14=3f7fffff x14:1c000000  PA:1c00019c
15678489ns          263152 1c008ec8 70f57543 fmadd.s          f10, f10, f15, f14  f10=xxxxxxxx f10:3e1de9e7 f15:befcba0a f14:3f7fffff
15678508ns          263153 1c008ecc 00008067 jalr             x0, x1, 0            x1:1c008622
15678628ns          263159 1c008622 1c000737 lui              x14, 0x1c000000     x14=1c000000
15678648ns          263160 1c008626 02070713 addi             x14, x14, 32        x14=1c000020 x14:1c000000
15678668ns          263161 1c00862a 00072703 lw               x14, 0(x14)         x14=3fc90fdb x14:1c000020  PA:1c000020
15678966ns          263176 1c00862c 00a00cb3 add              x25, x0, x10        x25=3f6c835f x10:3f6c835f
15678986ns          263177 1c00862e 09877553 fsub.s           f10, f14, f24       f10=xxxxxxxx f14:3fc90fdb f24:3ec90fdb
15679006ns          263178 1c008632 7e2000ef jal              x1, 2018             x1=1c008636
15679045ns          263180 1c008e14 a0a527d3 feq.s            x15, f10, f10       x15=00000001 f10:3f96cbe4 f10:3f96cbe4
15679065ns          263181 1c008e18 0a078b63 beq              x15, x0, 182        x15:00000001
15679085ns          263182 1c008e1a e00517d3 fclass.s         x15, f10            x15=00000040 f10:3f96cbe4
15679105ns          263183 1c008e1e 0817f793 andi             x15, x15, 129       x15=00000000 x15:00000040
15679125ns          263184 1c008e22 0a079663 bne              x15, x0, 172        x15:00000000
15679145ns          263185 1c008e24 00000793 addi             x15, x0, 0          x15=00000000
15679165ns          263186 1c008e28 a0f517d3 flt.s            x15, f10, f15       x15=00000000 f10:3f96cbe4 f15:00000000
15679185ns          263187 1c008e2c 0a079663 bne              x15, x0, 172        x15:00000000
15679224ns          263189 1c008e2e 1c000737 lui              x14, 0x1c000000     x14=1c000000
15679264ns          263191 1c008e32 16072783 lw               x15, 352(x14)       x15=40c90fdb x14:1c000000  PA:1c000160
15679583ns          263207 1c008e36 a0a797d3 flt.s            x15, f15, f10       x15=00000000 f15:40c90fdb f10:3f96cbe4
15679602ns          263208 1c008e3a 00078b63 beq              x15, x0, 22         x15:00000000
15679662ns          263211 1c008e50 00000793 addi             x15, x0, 0          x15=00000000
15679682ns          263212 1c008e54 a0f517d3 flt.s            x15, f10, f15       x15=00000000 f10:3f96cbe4 f15:00000000
15679702ns          263213 1c008e58 08079a63 bne              x15, x0, 148        x15:00000000
15679722ns          263214 1c008e5a 1c0007b7 lui              x15, 0x1c000000     x15=1c000000
15679742ns          263215 1c008e5e 0207a783 lw               x15, 32(x15)        x15=3fc90fdb x15:1c000000  PA:1c000020
15680060ns          263231 1c008e62 a0f517d3 flt.s            x15, f10, f15       x15=00000001 f10:3f96cbe4 f15:3fc90fdb
15680080ns          263232 1c008e66 02079563 bne              x15, x0, 42         x15:00000001
15680139ns          263235 1c008e90 10a57553 fmul.s           f10, f10, f10       f10=xxxxxxxx f10:3f96cbe4 f10:3f96cbe4
15680159ns          263236 1c008e94 1c0007b7 lui              x15, 0x1c000000     x15=1c000000
15680179ns          263237 1c008e98 1c000737 lui              x14, 0x1c000000     x14=1c000000
15680199ns          263238 1c008e9c 16872703 lw               x14, 360(x14)       x14=bab59551 x14:1c000000  PA:1c000168
15680498ns          263253 1c008ea0 1647a783 lw               x15, 356(x15)       x15=37c23ab1 x15:1c000000  PA:1c000164
15680816ns          263269 1c008ea4 70f577c3 fmadd.s          f15, f10, f15, f14  f15=xxxxxxxx f10:3fb1a723 f15:37c23ab1 f14:bab59551
15680836ns          263270 1c008ea8 1c000737 lui              x14, 0x1c000000     x14=1c000000
15680856ns          263271 1c008eac 16c72703 lw               x14, 364(x14)       x14=3d2aa76f x14:1c000000  PA:1c00016c
15681174ns          263287 1c008eb0 70f577c3 fmadd.s          f15, f10, f15, f14  f15=xxxxxxxx f10:3fb1a723 f15:bab15f06 f14:3d2aa76f
15681194ns          263288 1c008eb4 1c000737 lui              x14, 0x1c000000     x14=1c000000
15681214ns          263289 1c008eb8 17072703 lw               x14, 368(x14)       x14=beffffe0 x14:1c000000  PA:1c000170
15681532ns          263305 1c008ebc 70f577c3 fmadd.s          f15, f10, f15, f14  f15=xxxxxxxx f10:3fb1a723 f15:3d22f607 f14:beffffe0
15681552ns          263306 1c008ec0 1c000737 lui              x14, 0x1c000000     x14=1c000000
15681572ns          263307 1c008ec4 19c72703 lw               x14, 412(x14)       x14=3f7fffff x14:1c000000  PA:1c00019c
15681910ns          263324 1c008ec8 70f57543 fmadd.s          f10, f10, f15, f14  f10=xxxxxxxx f10:3fb1a723 f15:bee3ba40 f14:3f7fffff
15681930ns          263325 1c008ecc 00008067 jalr             x0, x1, 0            x1:1c008636
15681989ns          263328 1c008636 05aad463 bge              x21, x26, 72        x21:00000002 x26:00000004
15682009ns          263329 1c00863a 02012783 lw               x15, 32(x2)         x15=00000000  x2:10001dc8  PA:10001de8
15682029ns          263330 1c00863c 219c93d3 fsgnjn.s         f7, f25, f25         f7=xxxxxxxx f25:3f6c835f f25:3f6c835f
15682069ns          263332 1c008640 409788b3 sub              x17, x15, x9        x17=00000008 x15:00000000  x9:fffffff8
15682109ns          263334 1c008644 ffc88893 addi             x17, x17, -4        x17=00000004 x17:00000008
15682129ns          263335 1c008646 0028d893 srli             x17, x17, 0x2       x17=00000001 x17:00000004
15682148ns          263336 1c00864a 00848e33 add              x28, x9, x8         x28=10001f9c  x9:fffffff8  x8:10001fa4
15682168ns          263337 1c00864e 01600333 add              x6, x0, x22          x6=10001fc8 x22:10001fc8
15682208ns          263339 1c008650 00188893 addi             x17, x17, 1         x17=00000002 x17:00000001
15682248ns          263341 1c008652 0158c0fb lp.setup         0x1, x17, 0x15      x17:00000002
15682268ns          263342 1c008656 004e278b p.lw             x15, 4(x28!)        x15=00000012 x28=10001fa0 x28:10001f9c  PA:10001f9c
15682288ns          263343 1c00865a ffc3270b p.lw             x14, -4(x6!)        x14=0000001d  x6=10001fc4  x6:10001fc8  PA:10001fc8
15682308ns          263344 1c00865e 00279793 slli             x15, x15, 0x2       x15=00000048 x15:00000012
15682347ns          263346 1c008660 017787b3 add              x15, x15, x23       x15=10001e94 x15:00000048 x23:10001e4c
15682367ns          263347 1c008662 00271713 slli             x14, x14, 0x2       x14=00000074 x14:0000001d
15682387ns          263348 1c008664 0007a683 lw               x13, 0(x15)         x13=bfbf59a4 x15:10001e94  PA:10001e94
15682407ns          263349 1c008666 01770733 add              x14, x14, x23       x14=10001ec0 x14:00000074 x23:10001e4c
15682427ns          263350 1c008668 00072603 lw               x12, 0(x14)         x12=40d36a8a x14:10001ec0  PA:10001ec0
15682447ns          263351 1c00866a 10d57853 fmul.s           f16, f10, f13       f16=xxxxxxxx f10:3ec3ef16 f13:bfbf59a4
15682487ns          263353 1c00866e 10c575d3 fmul.s           f11, f10, f12       f11=xxxxxxxx f10:3ec3ef16 f12:40d36a8a
15682526ns          263355 1c008672 80ccf643 fmadd.s          f12, f25, f12, f16  f12=xxxxxxxx f25:3f6c835f f12:40d36a8a f16:bf1273fd
15682546ns          263356 1c008676 5876f6c3 fmadd.s          f13, f13, f7, f11   f13=xxxxxxxx f13:bfbf59a4  f7:bf6c835f f11:4021cf9a
15682566ns          263357 1c00867a 00c72023 sw               x12, 0(x14)         x12:40b10436 x14:10001ec0  PA:10001ec0
15682586ns          263358 1c00867c 00d7a023 sw               x13, 0(x15)         x13:407a3405 x15:10001e94  PA:10001e94
15682626ns          263360 1c008656 004e278b p.lw             x15, 4(x28!)        x15=00000013 x28=10001fa4 x28:10001fa0  PA:10001fa0
15682646ns          263361 1c00865a ffc3270b p.lw             x14, -4(x6!)        x14=0000001c  x6=10001fc0  x6:10001fc4  PA:10001fc4
15682666ns          263362 1c00865e 00279793 slli             x15, x15, 0x2       x15=0000004c x15:00000013
15682685ns          263363 1c008660 017787b3 add              x15, x15, x23       x15=10001e98 x15:0000004c x23:10001e4c
15682705ns          263364 1c008662 00271713 slli             x14, x14, 0x2       x14=00000070 x14:0000001c
15682725ns          263365 1c008664 0007a683 lw               x13, 0(x15)         x13=c0d808b7 x15:10001e98  PA:10001e98
15682745ns          263366 1c008666 01770733 add              x14, x14, x23       x14=10001ebc x14:00000070 x23:10001e4c
15682765ns          263367 1c008668 00072603 lw               x12, 0(x14)         x12=40cb8fe3 x14:10001ebc  PA:10001ebc
15682785ns          263368 1c00866a 10d57853 fmul.s           f16, f10, f13       f16=xxxxxxxx f10:3ec3ef16 f13:c0d808b7
15682805ns          263369 1c00866e 10c575d3 fmul.s           f11, f10, f12       f11=xxxxxxxx f10:3ec3ef16 f12:40cb8fe3
15682825ns          263370 1c008672 80ccf643 fmadd.s          f12, f25, f12, f16  f12=xxxxxxxx f25:3f6c835f f12:40cb8fe3 f16:c0255866
15682845ns          263371 1c008676 5876f6c3 fmadd.s          f13, f13, f7, f11   f13=xxxxxxxx f13:c0d808b7  f7:bf6c835f f11:401bccb7
15682865ns          263372 1c00867a 00c72023 sw               x12, 0(x14)         x12:4052c9d1 x14:10001ebc  PA:10001ebc
15682884ns          263373 1c00867c 00d7a023 sw               x13, 0(x15)         x13:410abea0 x15:10001e98  PA:10001e98
15682904ns          263374 1c00867e 053d5763 bge              x26, x19, 78        x26:00000004 x19:00000006
15682924ns          263375 1c008682 02412683 lw               x13, 36(x2)         x13=00000008  x2:10001dc8  PA:10001dec
15682944ns          263376 1c008684 219c93d3 fsgnjn.s         f7, f25, f25         f7=xxxxxxxx f25:3f6c835f f25:3f6c835f
15682964ns          263377 1c008688 ffc68893 addi             x17, x13, -4        x17=00000004 x13:00000008
15682984ns          263378 1c00868c 0028d893 srli             x17, x17, 0x2       x17=00000001 x17:00000004
15683004ns          263379 1c008690 20a51ed3 fsgnjn.s         f29, f10, f10       f29=xxxxxxxx f10:3ec3ef16 f10:3ec3ef16
15683044ns          263381 1c008694 01648e33 add              x28, x9, x22        x28=10001fc0  x9:fffffff8 x22:10001fc8
15683063ns          263382 1c008698 00800333 add              x6, x0, x8           x6=10001fa4  x8:10001fa4
15683083ns          263383 1c00869a 00188893 addi             x17, x17, 1         x17=00000002 x17:00000001
15683103ns          263384 1c00869c 0178c0fb lp.setup         0x1, x17, 0x17      x17:00000002
15683143ns          263386 1c0086a0 0043278b p.lw             x15, 4(x6!)         x15=00000014  x6=10001fa8  x6:10001fa4  PA:10001fa4
15683183ns          263388 1c0086a4 ffce270b p.lw             x14, -4(x28!)       x14=0000001b x28=10001fbc x28:10001fc0  PA:10001fc0
15683203ns          263389 1c0086a8 00279793 slli             x15, x15, 0x2       x15=00000050 x15:00000014
15683223ns          263390 1c0086aa 00271713 slli             x14, x14, 0x2       x14=0000006c x14:0000001b
15683242ns          263391 1c0086ac 017787b3 add              x15, x15, x23       x15=10001e9c x15:00000050 x23:10001e4c
15683262ns          263392 1c0086ae 01770733 add              x14, x14, x23       x14=10001eb8 x14:0000006c x23:10001e4c
15683282ns          263393 1c0086b0 0007a683 lw               x13, 0(x15)         x13=40e2f383 x15:10001e9c  PA:10001e9c
15683302ns          263394 1c0086b2 00072603 lw               x12, 0(x14)         x12=c0927d77 x14:10001eb8  PA:10001eb8
15683322ns          263395 1c0086b4 1076f853 fmul.s           f16, f13, f7        f16=xxxxxxxx f13:40e2f383  f7:bf6c835f
15683342ns          263396 1c0086b8 20c615d3 fsgnjn.s         f11, f12, f12       f11=xxxxxxxx f12:c0927d77 f12:c0927d77
15683362ns          263397 1c0086bc 1195f5d3 fmul.s           f11, f11, f25       f11=xxxxxxxx f11:40927d77 f25:3f6c835f
15683421ns          263400 1c0086c0 80c57643 fmadd.s          f12, f10, f12, f16  f12=xxxxxxxx f10:3ec3ef16 f12:c0927d77 f16:c0d1acf4
15683461ns          263402 1c0086c4 59d6f6c3 fmadd.s          f13, f13, f29, f11  f13=xxxxxxxx f13:40e2f383 f29:bec3ef16 f11:408756d6
15683481ns          263403 1c0086c8 00c72023 sw               x12, 0(x14)         x12:c104de12 x14:10001eb8  PA:10001eb8
15683501ns          263404 1c0086ca 00d7a023 sw               x13, 0(x15)         x13:3fc1f475 x15:10001e9c  PA:10001e9c
15683521ns          263405 1c0086a0 0043278b p.lw             x15, 4(x6!)         x15=00000015  x6=10001fac  x6:10001fa8  PA:10001fa8
15683541ns          263406 1c0086a4 ffce270b p.lw             x14, -4(x28!)       x14=0000001a x28=10001fb8 x28:10001fbc  PA:10001fbc
15683561ns          263407 1c0086a8 00279793 slli             x15, x15, 0x2       x15=00000054 x15:00000015
15683581ns          263408 1c0086aa 00271713 slli             x14, x14, 0x2       x14=00000068 x14:0000001a
15683600ns          263409 1c0086ac 017787b3 add              x15, x15, x23       x15=10001ea0 x15:00000054 x23:10001e4c
15683620ns          263410 1c0086ae 01770733 add              x14, x14, x23       x14=10001eb4 x14:00000068 x23:10001e4c
15683640ns          263411 1c0086b0 0007a683 lw               x13, 0(x15)         x13=41057622 x15:10001ea0  PA:10001ea0
15683660ns          263412 1c0086b2 00072603 lw               x12, 0(x14)         x12=c0817a38 x14:10001eb4  PA:10001eb4
15683680ns          263413 1c0086b4 1076f853 fmul.s           f16, f13, f7        f16=xxxxxxxx f13:41057622  f7:bf6c835f
15683700ns          263414 1c0086b8 20c615d3 fsgnjn.s         f11, f12, f12       f11=xxxxxxxx f12:c0817a38 f12:c0817a38
15683720ns          263415 1c0086bc 1195f5d3 fmul.s           f11, f11, f25       f11=xxxxxxxx f11:40817a38 f25:3f6c835f
15683740ns          263416 1c0086c0 80c57643 fmadd.s          f12, f10, f12, f16  f12=xxxxxxxx f10:3ec3ef16 f12:c0817a38 f16:c0f69ac9
15683760ns          263417 1c0086c4 59d6f6c3 fmadd.s          f13, f13, f29, f11  f13=xxxxxxxx f13:41057622 f29:bec3ef16 f11:406f3e3a
15683779ns          263418 1c0086c8 00c72023 sw               x12, 0(x14)         x12:c11413a6 x14:10001eb4  PA:10001eb4
15683799ns          263419 1c0086ca 00d7a023 sw               x13, 0(x15)         x13:3f0bcbe3 x15:10001ea0  PA:10001ea0
15683819ns          263420 1c0086cc 00812703 lw               x14, 8(x2)          x14=00000008  x2:10001dc8  PA:10001dd0
15683839ns          263421 1c0086ce 01412783 lw               x15, 20(x2)         x15=00000020  x2:10001dc8  PA:10001ddc
15683859ns          263422 1c0086d0 00c12683 lw               x13, 12(x2)         x13=00000003  x2:10001dc8  PA:10001dd4
15683879ns          263423 1c0086d2 00ed0d33 add              x26, x26, x14       x26=0000000c x26:00000004 x14:00000008
15683899ns          263424 1c0086d4 001d8d93 addi             x27, x27, 1         x27=00000003 x27:00000002
15683919ns          263425 1c0086d6 00f40433 add              x8, x8, x15          x8=10001fc4  x8:10001fa4 x15:00000020
15683939ns          263426 1c0086d8 012b0b33 add              x22, x22, x18       x22=10001fa8 x22:10001fc8 x18:ffffffe0
15683958ns          263427 1c0086da 014d09b3 add              x19, x26, x20       x19=0000000e x26:0000000c x20:00000002
15683978ns          263428 1c0086de f1b698e3 bne              x13, x27, -240      x13:00000003 x27:00000003
15683998ns          263429 1c0086e2 02c12883 lw               x17, 44(x2)         x17=00000002  x2:10001dc8  PA:10001df4
15684018ns          263430 1c0086e4 03012703 lw               x14, 48(x2)         x14=00000004  x2:10001dc8  PA:10001df8
15684058ns          263432 1c0086e6 dae8cde3 blt              x17, x14, -582      x17:00000002 x14:00000004
15684157ns          263437 1c0084a0 01c12783 lw               x15, 28(x2)         x15=00000010  x2:10001dc8  PA:10001de4
15684197ns          263439 1c0084a2 00289513 slli             x10, x17, 0x2       x10=00000008 x17:00000002
15684217ns          263440 1c0084a6 02a7c533 div              x10, x15, x10       x10=00000002 x15:00000010 x10:00000008
15684834ns          263471 1c0084aa 00151313 slli             x6, x10, 0x1         x6=00000004 x10:00000002
15684854ns          263472 1c0084ae 40a30fb3 sub              x31, x6, x10        x31=00000002  x6:00000004 x10:00000002
15684873ns          263473 1c0084b2 006785b3 add              x11, x15, x6        x11=00000014 x15:00000010  x6:00000004
15684893ns          263474 1c0084b6 40a002b3 sub              x5, x0, x10          x5=fffffffe x10:00000002
15684913ns          263475 1c0084ba 02812683 lw               x13, 40(x2)         x13=10001f54  x2:10001dc8  PA:10001df0
15684933ns          263476 1c0084bc 00a00833 add              x16, x0, x10        x16=00000002 x10:00000002
15684973ns          263478 1c0084be 406003b3 sub              x7, x0, x6           x7=fffffffc  x6:00000004
15685013ns          263480 1c0084c2 00351f13 slli             x30, x10, 0x3       x30=00000010 x10:00000002
15685033ns          263481 1c0084c6 00259593 slli             x11, x11, 0x2       x11=00000050 x11:00000014
15685052ns          263482 1c0084c8 00229293 slli             x5, x5, 0x2          x5=fffffff8  x5:fffffffe
15685072ns          263483 1c0084ca 002f9f93 slli             x31, x31, 0x2       x31=00000008 x31:00000002
15685092ns          263484 1c0084cc 00600e33 add              x28, x0, x6         x28=00000004  x6:00000004
15685112ns          263485 1c0084ce 00251513 slli             x10, x10, 0x2       x10=00000008 x10:00000002
15685132ns          263486 1c0084d0 01030333 add              x6, x6, x16          x6=00000006  x6:00000004 x16:00000002
15685152ns          263487 1c0084d2 00481493 slli             x9, x16, 0x4         x9=00000020 x16:00000002
15685172ns          263488 1c0084d6 00d585b3 add              x11, x11, x13       x11=10001fa4 x11:00000050 x13:10001f54
15685192ns          263489 1c0084d8 00239393 slli             x7, x7, 0x2          x7=fffffff0  x7:fffffffc
15685212ns          263490 1c0084da 00000413 addi             x8, x0, 0            x8=00000000
15685231ns          263491 1c0084dc 00000e93 addi             x29, x0, 0          x29=00000000
15685251ns          263492 1c0084de ffc28293 addi             x5, x5, -4           x5=fffffff4  x5:fffffff8
15685271ns          263493 1c0084e0 ffcf0f13 addi             x30, x30, -4        x30=0000000c x30:00000010
15685291ns          263494 1c0084e2 ffcf8f93 addi             x31, x31, -4        x31=00000004 x31:00000008
15685311ns          263495 1c0084e4 0468c07b lp.setup         0x0, x17, 0x46      x17:00000002
15685331ns          263496 1c0084e8 050ed163 bge              x29, x16, 66        x29:00000000 x16:00000002
15685351ns          263497 1c0084ec ffc58993 addi             x19, x11, -4        x19=10001fa0 x11:10001fa4
15685391ns          263499 1c0084f0 00b28933 add              x18, x5, x11        x18=10001f98  x5:fffffff4 x11:10001fa4
15685430ns          263501 1c0084f4 41298933 sub              x18, x19, x18       x18=00000008 x19:10001fa0 x18:10001f98
15685450ns          263502 1c0084f8 ffc90913 addi             x18, x18, -4        x18=00000004 x18:00000008
15685470ns          263503 1c0084fa 00295913 srli             x18, x18, 0x2       x18=00000001 x18:00000004
15685530ns          263506 1c0084fe 00b38a33 add              x20, x7, x11        x20=10001f94  x7:fffffff0 x11:10001fa4
15685550ns          263507 1c008502 00190913 addi             x18, x18, 1         x18=00000002 x18:00000001
15685570ns          263508 1c008504 012940fb lp.setup         0x1, x18, 0x12      x18:00000002
15685590ns          263509 1c008508 004a278b p.lw             x15, 4(x20!)        x15=00000010 x20=10001f98 x20:10001f94  PA:10001f94
15685609ns          263510 1c00850c ffc9a70b p.lw             x14, -4(x19!)       x14=00000013 x19=10001f9c x19:10001fa0  PA:10001fa0
15685669ns          263513 1c008510 00279793 slli             x15, x15, 0x2       x15=00000040 x15:00000010
15685689ns          263514 1c008512 00271713 slli             x14, x14, 0x2       x14=0000004c x14:00000013
15685709ns          263515 1c008514 017787b3 add              x15, x15, x23       x15=10001e8c x15:00000040 x23:10001e4c
15685729ns          263516 1c008516 01770733 add              x14, x14, x23       x14=10001e98 x14:0000004c x23:10001e4c
15685749ns          263517 1c008518 0007a683 lw               x13, 0(x15)         x13=c05010c7 x15:10001e8c  PA:10001e8c
15685769ns          263518 1c00851a 00072603 lw               x12, 0(x14)         x12=410abea0 x14:10001e98  PA:10001e98
15685808ns          263520 1c00851c 08c6fad3 fsub.s           f21, f13, f12       f21=xxxxxxxx f13:c05010c7 f12:410abea0
15685828ns          263521 1c008520 00c6f6d3 fadd.s           f13, f13, f12       f13=xxxxxxxx f13:c05010c7 f12:410abea0
15685848ns          263522 1c008524 01572023 sw               x21, 0(x14)         x21:c13ec2d2 x14:10001e98  PA:10001e98
15685868ns          263523 1c008528 00d7a023 sw               x13, 0(x15)         x13:40ad74dc x15:10001e8c  PA:10001e8c
15685888ns          263524 1c008508 004a278b p.lw             x15, 4(x20!)        x15=00000011 x20=10001f9c x20:10001f98  PA:10001f98
15685908ns          263525 1c00850c ffc9a70b p.lw             x14, -4(x19!)       x14=00000012 x19=10001f98 x19:10001f9c  PA:10001f9c
15685928ns          263526 1c008510 00279793 slli             x15, x15, 0x2       x15=00000044 x15:00000011
15685948ns          263527 1c008512 00271713 slli             x14, x14, 0x2       x14=00000048 x14:00000012
15685967ns          263528 1c008514 017787b3 add              x15, x15, x23       x15=10001e90 x15:00000044 x23:10001e4c
15685987ns          263529 1c008516 01770733 add              x14, x14, x23       x14=10001e94 x14:00000048 x23:10001e4c
15686007ns          263530 1c008518 0007a683 lw               x13, 0(x15)         x13=40c03a0b x15:10001e90  PA:10001e90
15686027ns          263531 1c00851a 00072603 lw               x12, 0(x14)         x12=407a3405 x14:10001e94  PA:10001e94
15686067ns          263533 1c00851c 08c6fad3 fsub.s           f21, f13, f12       f21=xxxxxxxx f13:40c03a0b f12:407a3405
15686087ns          263534 1c008520 00c6f6d3 fadd.s           f13, f13, f12       f13=xxxxxxxx f13:40c03a0b f12:407a3405
15686107ns          263535 1c008524 01572023 sw               x21, 0(x14)         x21:40064011 x14:10001e94  PA:10001e94
15686127ns          263536 1c008528 00d7a023 sw               x13, 0(x15)         x13:411eaa07 x15:10001e90  PA:10001e90
15686146ns          263537 1c00852a 026e5e63 bge              x28, x6, 60         x28:00000004  x6:00000006
15686166ns          263538 1c00852e 41ff0933 sub              x18, x30, x31       x18=00000008 x30:0000000c x31:00000004
15686186ns          263539 1c008532 ffc90913 addi             x18, x18, -4        x18=00000004 x18:00000008
15686206ns          263540 1c008534 00295913 srli             x18, x18, 0x2       x18=00000001 x18:00000004
15686226ns          263541 1c008538 00bf0a33 add              x20, x30, x11       x20=10001fb0 x30:0000000c x11:10001fa4
15686246ns          263542 1c00853c 00b009b3 add              x19, x0, x11        x19=10001fa4 x11:10001fa4
15686266ns          263543 1c00853e 00190913 addi             x18, x18, 1         x18=00000002 x18:00000001
15686286ns          263544 1c008540 012940fb lp.setup         0x1, x18, 0x12      x18:00000002
15686306ns          263545 1c008544 ffca270b p.lw             x14, -4(x20!)       x14=00000017 x20=10001fac x20:10001fb0  PA:10001fb0
15686325ns          263546 1c008548 0049a78b p.lw             x15, 4(x19!)        x15=00000014 x19=10001fa8 x19:10001fa4  PA:10001fa4
15686345ns          263547 1c00854c 00271713 slli             x14, x14, 0x2       x14=0000005c x14:00000017
15686365ns          263548 1c00854e 00279793 slli             x15, x15, 0x2       x15=00000050 x15:00000014
15686385ns          263549 1c008550 01770733 add              x14, x14, x23       x14=10001ea8 x14:0000005c x23:10001e4c
15686405ns          263550 1c008552 017787b3 add              x15, x15, x23       x15=10001e9c x15:00000050 x23:10001e4c
15686425ns          263551 1c008554 00072683 lw               x13, 0(x14)         x13=40b5bc78 x14:10001ea8  PA:10001ea8
15686445ns          263552 1c008556 0007a603 lw               x12, 0(x15)         x12=3fc1f475 x15:10001e9c  PA:10001e9c
15686485ns          263554 1c008558 00c6fad3 fadd.s           f21, f13, f12       f21=xxxxxxxx f13:40b5bc78 f12:3fc1f475
15686505ns          263555 1c00855c 08c6f6d3 fsub.s           f13, f13, f12       f13=xxxxxxxx f13:40b5bc78 f12:3fc1f475
15686524ns          263556 1c008560 01572023 sw               x21, 0(x14)         x21:40e63995 x14:10001ea8  PA:10001ea8
15686564ns          263558 1c008564 00d7a023 sw               x13, 0(x15)         x13:40853f5b x15:10001e9c  PA:10001e9c
15686584ns          263559 1c008544 ffca270b p.lw             x14, -4(x20!)       x14=00000016 x20=10001fa8 x20:10001fac  PA:10001fac
15686604ns          263560 1c008548 0049a78b p.lw             x15, 4(x19!)        x15=00000015 x19=10001fac x19:10001fa8  PA:10001fa8
15686624ns          263561 1c00854c 00271713 slli             x14, x14, 0x2       x14=00000058 x14:00000016
15686644ns          263562 1c00854e 00279793 slli             x15, x15, 0x2       x15=00000054 x15:00000015
15686664ns          263563 1c008550 01770733 add              x14, x14, x23       x14=10001ea4 x14:00000058 x23:10001e4c
15686684ns          263564 1c008552 017787b3 add              x15, x15, x23       x15=10001ea0 x15:00000054 x23:10001e4c
15686703ns          263565 1c008554 00072683 lw               x13, 0(x14)         x13=4056e272 x14:10001ea4  PA:10001ea4
15686723ns          263566 1c008556 0007a603 lw               x12, 0(x15)         x12=3f0bcbe3 x15:10001ea0  PA:10001ea0
15686763ns          263568 1c008558 00c6fad3 fadd.s           f21, f13, f12       f21=xxxxxxxx f13:4056e272 f12:3f0bcbe3
15686783ns          263569 1c00855c 08c6f6d3 fsub.s           f13, f13, f12       f13=xxxxxxxx f13:4056e272 f12:3f0bcbe3
15686803ns          263570 1c008560 01572023 sw               x21, 0(x14)         x21:4079d56b x14:10001ea4  PA:10001ea4
15686823ns          263571 1c008564 00d7a023 sw               x13, 0(x15)         x13:4033ef79 x15:10001ea0  PA:10001ea0
15686843ns          263572 1c008566 00ae8eb3 add              x29, x29, x10       x29=00000008 x29:00000000 x10:00000008
15686863ns          263573 1c008568 00140413 addi             x8, x8, 1            x8=00000001  x8:00000000
15686882ns          263574 1c00856a 00a80833 add              x16, x16, x10       x16=0000000a x16:00000002 x10:00000008
15686902ns          263575 1c00856c 00a30333 add              x6, x6, x10          x6=0000000e  x6:00000006 x10:00000008
15686922ns          263576 1c00856e 00ae0e33 add              x28, x28, x10       x28=0000000c x28:00000004 x10:00000008
15686942ns          263577 1c008570 009585b3 add              x11, x11, x9        x11=10001fc4 x11:10001fa4  x9:00000020
15687002ns          263580 1c0084e8 050ed163 bge              x29, x16, 66        x29:00000008 x16:0000000a
15687042ns          263582 1c0084ec ffc58993 addi             x19, x11, -4        x19=10001fc0 x11:10001fc4
15687061ns          263583 1c0084f0 00b28933 add              x18, x5, x11        x18=10001fb8  x5:fffffff4 x11:10001fc4
15687081ns          263584 1c0084f4 41298933 sub              x18, x19, x18       x18=00000008 x19:10001fc0 x18:10001fb8
15687101ns          263585 1c0084f8 ffc90913 addi             x18, x18, -4        x18=00000004 x18:00000008
15687121ns          263586 1c0084fa 00295913 srli             x18, x18, 0x2       x18=00000001 x18:00000004
15687141ns          263587 1c0084fe 00b38a33 add              x20, x7, x11        x20=10001fb4  x7:fffffff0 x11:10001fc4
15687161ns          263588 1c008502 00190913 addi             x18, x18, 1         x18=00000002 x18:00000001
15687181ns          263589 1c008504 012940fb lp.setup         0x1, x18, 0x12      x18:00000002
15687201ns          263590 1c008508 004a278b p.lw             x15, 4(x20!)        x15=00000018 x20=10001fb8 x20:10001fb4  PA:10001fb4
15687221ns          263591 1c00850c ffc9a70b p.lw             x14, -4(x19!)       x14=0000001b x19=10001fbc x19:10001fc0  PA:10001fc0
15687240ns          263592 1c008510 00279793 slli             x15, x15, 0x2       x15=00000060 x15:00000018
15687260ns          263593 1c008512 00271713 slli             x14, x14, 0x2       x14=0000006c x14:0000001b
15687280ns          263594 1c008514 017787b3 add              x15, x15, x23       x15=10001eac x15:00000060 x23:10001e4c
15687300ns          263595 1c008516 01770733 add              x14, x14, x23       x14=10001eb8 x14:0000006c x23:10001e4c
15687320ns          263596 1c008518 0007a683 lw               x13, 0(x15)         x13=4095906b x15:10001eac  PA:10001eac
15687340ns          263597 1c00851a 00072603 lw               x12, 0(x14)         x12=c104de12 x14:10001eb8  PA:10001eb8
15687380ns          263599 1c00851c 08c6fad3 fsub.s           f21, f13, f12       f21=xxxxxxxx f13:4095906b f12:c104de12
15687400ns          263600 1c008520 00c6f6d3 fadd.s           f13, f13, f12       f13=xxxxxxxx f13:4095906b f12:c104de12
15687419ns          263601 1c008524 01572023 sw               x21, 0(x14)         x21:414fa648 x14:10001eb8  PA:10001eb8
15687439ns          263602 1c008528 00d7a023 sw               x13, 0(x15)         x13:c0685772 x15:10001eac  PA:10001eac
15687459ns          263603 1c008508 004a278b p.lw             x15, 4(x20!)        x15=00000019 x20=10001fbc x20:10001fb8  PA:10001fb8
15687479ns          263604 1c00850c ffc9a70b p.lw             x14, -4(x19!)       x14=0000001a x19=10001fb8 x19:10001fbc  PA:10001fbc
15687499ns          263605 1c008510 00279793 slli             x15, x15, 0x2       x15=00000064 x15:00000019
15687519ns          263606 1c008512 00271713 slli             x14, x14, 0x2       x14=00000068 x14:0000001a
15687539ns          263607 1c008514 017787b3 add              x15, x15, x23       x15=10001eb0 x15:00000064 x23:10001e4c
15687559ns          263608 1c008516 01770733 add              x14, x14, x23       x14=10001eb4 x14:00000068 x23:10001e4c
15687579ns          263609 1c008518 0007a683 lw               x13, 0(x15)         x13=404c591b x15:10001eb0  PA:10001eb0
15687598ns          263610 1c00851a 00072603 lw               x12, 0(x14)         x12=c11413a6 x14:10001eb4  PA:10001eb4
15687638ns          263612 1c00851c 08c6fad3 fsub.s           f21, f13, f12       f21=xxxxxxxx f13:404c591b f12:c11413a6
15687658ns          263613 1c008520 00c6f6d3 fadd.s           f13, f13, f12       f13=xxxxxxxx f13:404c591b f12:c11413a6
15687678ns          263614 1c008524 01572023 sw               x21, 0(x14)         x21:414729ed x14:10001eb4  PA:10001eb4
15687698ns          263615 1c008528 00d7a023 sw               x13, 0(x15)         x13:c0c1fabe x15:10001eb0  PA:10001eb0
15687718ns          263616 1c00852a 026e5e63 bge              x28, x6, 60         x28:0000000c  x6:0000000e
15687738ns          263617 1c00852e 41ff0933 sub              x18, x30, x31       x18=00000008 x30:0000000c x31:00000004
15687758ns          263618 1c008532 ffc90913 addi             x18, x18, -4        x18=00000004 x18:00000008
15687778ns          263619 1c008534 00295913 srli             x18, x18, 0x2       x18=00000001 x18:00000004
15687797ns          263620 1c008538 00bf0a33 add              x20, x30, x11       x20=10001fd0 x30:0000000c x11:10001fc4
15687817ns          263621 1c00853c 00b009b3 add              x19, x0, x11        x19=10001fc4 x11:10001fc4
15687837ns          263622 1c00853e 00190913 addi             x18, x18, 1         x18=00000002 x18:00000001
15687857ns          263623 1c008540 012940fb lp.setup         0x1, x18, 0x12      x18:00000002
15687877ns          263624 1c008544 ffca270b p.lw             x14, -4(x20!)       x14=0000001f x20=10001fcc x20:10001fd0  PA:10001fd0
15687897ns          263625 1c008548 0049a78b p.lw             x15, 4(x19!)        x15=0000001c x19=10001fc8 x19:10001fc4  PA:10001fc4
15687917ns          263626 1c00854c 00271713 slli             x14, x14, 0x2       x14=0000007c x14:0000001f
15687937ns          263627 1c00854e 00279793 slli             x15, x15, 0x2       x15=00000070 x15:0000001c
15687957ns          263628 1c008550 01770733 add              x14, x14, x23       x14=10001ec8 x14:0000007c x23:10001e4c
15687976ns          263629 1c008552 017787b3 add              x15, x15, x23       x15=10001ebc x15:00000070 x23:10001e4c
15687996ns          263630 1c008554 00072683 lw               x13, 0(x14)         x13=bfe8abd4 x14:10001ec8  PA:10001ec8
15688016ns          263631 1c008556 0007a603 lw               x12, 0(x15)         x12=4052c9d1 x15:10001ebc  PA:10001ebc
15688056ns          263633 1c008558 00c6fad3 fadd.s           f21, f13, f12       f21=xxxxxxxx f13:bfe8abd4 f12:4052c9d1
15688076ns          263634 1c00855c 08c6f6d3 fsub.s           f13, f13, f12       f13=xxxxxxxx f13:bfe8abd4 f12:4052c9d1
15688096ns          263635 1c008560 01572023 sw               x21, 0(x14)         x21:3fbce7ce x14:10001ec8  PA:10001ec8
15688116ns          263636 1c008564 00d7a023 sw               x13, 0(x15)         x13:c0a38fde x15:10001ebc  PA:10001ebc
15688136ns          263637 1c008544 ffca270b p.lw             x14, -4(x20!)       x14=0000001e x20=10001fc8 x20:10001fcc  PA:10001fcc
15688155ns          263638 1c008548 0049a78b p.lw             x15, 4(x19!)        x15=0000001d x19=10001fcc x19:10001fc8  PA:10001fc8
15688175ns          263639 1c00854c 00271713 slli             x14, x14, 0x2       x14=00000078 x14:0000001e
15688195ns          263640 1c00854e 00279793 slli             x15, x15, 0x2       x15=00000074 x15:0000001d
15688215ns          263641 1c008550 01770733 add              x14, x14, x23       x14=10001ec4 x14:00000078 x23:10001e4c
15688235ns          263642 1c008552 017787b3 add              x15, x15, x23       x15=10001ec0 x15:00000074 x23:10001e4c
15688255ns          263643 1c008554 00072683 lw               x13, 0(x14)         x13=3ef36aa8 x14:10001ec4  PA:10001ec4
15688275ns          263644 1c008556 0007a603 lw               x12, 0(x15)         x12=40b10436 x15:10001ec0  PA:10001ec0
15688315ns          263646 1c008558 00c6fad3 fadd.s           f21, f13, f12       f21=xxxxxxxx f13:3ef36aa8 f12:40b10436
15688334ns          263647 1c00855c 08c6f6d3 fsub.s           f13, f13, f12       f13=xxxxxxxx f13:3ef36aa8 f12:40b10436
15688354ns          263648 1c008560 01572023 sw               x21, 0(x14)         x21:40c03ae0 x14:10001ec4  PA:10001ec4
15688374ns          263649 1c008564 00d7a023 sw               x13, 0(x15)         x13:c0a1cd8c x15:10001ec0  PA:10001ec0
15688394ns          263650 1c008566 00ae8eb3 add              x29, x29, x10       x29=00000010 x29:00000008 x10:00000008
15688414ns          263651 1c008568 00140413 addi             x8, x8, 1            x8=00000002  x8:00000001
15688434ns          263652 1c00856a 00a80833 add              x16, x16, x10       x16=00000012 x16:0000000a x10:00000008
15688454ns          263653 1c00856c 00a30333 add              x6, x6, x10          x6=00000016  x6:0000000e x10:00000008
15688474ns          263654 1c00856e 00ae0e33 add              x28, x28, x10       x28=00000014 x28:0000000c x10:00000008
15688494ns          263655 1c008570 009585b3 add              x11, x11, x9        x11=10001fe4 x11:10001fc4  x9:00000020
15688513ns          263656 1c008572 01c12703 lw               x14, 28(x2)         x14=00000010  x2:10001dc8  PA:10001de4
15688533ns          263657 1c008574 00341f93 slli             x31, x8, 0x3        x31=00000010  x8:00000002
15688553ns          263658 1c008578 03f74a33 div              x20, x14, x31       x20=00000001 x14:10001ec4 x31:00000010
15689150ns          263688 1c00857c 001a1c93 slli             x25, x20, 0x1       x25=00000002 x20:00000001
15689170ns          263689 1c008580 014c89b3 add              x19, x25, x20       x19=00000003 x25:00000002 x20:00000001
15689190ns          263690 1c008584 014987b3 add              x15, x19, x20       x15=00000004 x19:00000003 x20:00000001
15689210ns          263691 1c008588 03812683 lw               x13, 56(x2)         x13=4000001f  x2:10001dc8  PA:10001e00
15689230ns          263692 1c00858a 00f12423 sw               x15, 8(x2)          x15:00000004  x2:10001dc8  PA:10001dd0
15689249ns          263693 1c00858c 01970db3 add              x27, x14, x25       x27=00000012 x14:00000010 x25:00000002
15689269ns          263694 1c008590 d0047753 fcvt.s.w         f14, x8             f14=xxxxxxxx  x8:00000002
15689289ns          263695 1c008594 00141793 slli             x15, x8, 0x1        x15=00000004  x8:00000002
15689309ns          263696 1c008598 41468d33 sub              x26, x13, x20       x26=4000001e x13:4000001f x20:00000001
15689329ns          263697 1c00859c 01da1493 slli             x9, x20, 0x1d        x9=20000000 x20:00000001
15689349ns          263698 1c0085a0 00812683 lw               x13, 8(x2)          x13=00000004  x2:10001dc8  PA:10001dd0
15689369ns          263699 1c0085a2 02f12623 sw               x15, 44(x2)         x15:00000004  x2:10001dc8  PA:10001df4
15689389ns          263700 1c0085a4 414484b3 sub              x9, x9, x20          x9=1fffffff  x9:20000000 x20:00000001
15689409ns          263701 1c0085a8 02c12b03 lw               x22, 44(x2)         x22=00000004  x2:10001dc8  PA:10001df4
15689428ns          263702 1c0085aa 40d00933 sub              x18, x0, x13        x18=fffffffc x13:00000004
15689448ns          263703 1c0085ae 00149493 slli             x9, x9, 0x1          x9=3ffffffe  x9:1fffffff
15689468ns          263704 1c0085b0 00e12823 sw               x14, 16(x2)         x14:40000000  x2:10001dc8  PA:10001dd8
15689508ns          263706 1c0085b2 00269713 slli             x14, x13, 0x2       x14=00000010 x13:00000004
15689528ns          263707 1c0085b6 02812683 lw               x13, 40(x2)         x13=10001f54  x2:10001dc8  PA:10001df0
15689548ns          263708 1c0085b8 002d9d93 slli             x27, x27, 0x2       x27=00000048 x27:00000012
15689568ns          263709 1c0085ba 002d1d13 slli             x26, x26, 0x2       x26=00000078 x26:4000001e
15689588ns          263710 1c0085bc 414002b3 sub              x5, x0, x20          x5=ffffffff x20:00000001
15689607ns          263711 1c0085c0 019484b3 add              x9, x9, x25          x9=40000000  x9:3ffffffe x25:00000002
15689647ns          263713 1c0085c2 414c87b3 sub              x15, x25, x20       x15=00000001 x25:00000002 x20:00000001
15689667ns          263714 1c0085c6 01640433 add              x8, x8, x22          x8=00000006  x8:00000002 x22:00000004
15689687ns          263715 1c0085c8 00dd8db3 add              x27, x27, x13       x27=10001f9c x27:00000048 x13:10001f54
15689707ns          263716 1c0085ca 00dd0d33 add              x26, x26, x13       x26=10001fcc x26:00000078 x13:10001f54
15689727ns          263717 1c0085cc 00249493 slli             x9, x9, 0x2          x9=00000000  x9:40000000
15689747ns          263718 1c0085ce 00e12a23 sw               x14, 20(x2)         x14:00000010  x2:10001dc8  PA:10001ddc
15689767ns          263719 1c0085d0 00229a93 slli             x21, x5, 0x2        x21=fffffffc  x5:ffffffff
15689786ns          263720 1c0085d4 00279793 slli             x15, x15, 0x2       x15=00000004 x15:00000001
15689806ns          263721 1c0085d6 419a0733 sub              x14, x20, x25       x14=ffffffff x20:00000001 x25:00000002
15689826ns          263722 1c0085da 00812623 sw               x8, 12(x2)           x8:00000006  x2:10001dc8  PA:10001dd4
15689846ns          263723 1c0085dc 02912023 sw               x9, 32(x2)           x9:00000000  x2:10001dc8  PA:10001de8
15689866ns          263724 1c0085de 01b00433 add              x8, x0, x27          x8=10001f9c x27:10001f9c
15689886ns          263725 1c0085e0 00291913 slli             x18, x18, 0x2       x18=fffffff0 x18:fffffffc
15689906ns          263726 1c0085e2 01600db3 add              x27, x0, x22        x27=00000004 x22:00000004
15689926ns          263727 1c0085e4 02f12223 sw               x15, 36(x2)         x15:00000004  x2:10001dc8  PA:10001dec
15689946ns          263728 1c0085e6 01a00b33 add              x22, x0, x26        x22=10001fcc x26:10001fcc
15689965ns          263729 1c0085e8 00e12c23 sw               x14, 24(x2)         x14:ffffffff  x2:10001dc8  PA:10001de0
15689985ns          263730 1c0085ea 01900d33 add              x26, x0, x25        x26=00000002 x25:00000002
15690005ns          263731 1c0085ec 015004b3 add              x9, x0, x21          x9=fffffffc x21:fffffffc
15690025ns          263732 1c0085ee 01812783 lw               x15, 24(x2)         x15=ffffffff  x2:10001dc8  PA:10001de0
15690045ns          263733 1c0085f0 00000713 addi             x14, x0, 0          x14=00000000
15690065ns          263734 1c0085f2 01a78ab3 add              x21, x15, x26       x21=00000001 x15:ffffffff x26:00000002
15690085ns          263735 1c0085f6 01b007b3 add              x15, x0, x27        x15=00000004 x27:00000004
15690105ns          263736 1c0085f8 00f006b3 add              x13, x0, x15        x13=00000004 x15:00000004
15690125ns          263737 1c0085fa fc1726b3 p.insert         x13, x14, 30, 1     x13=00000000 x13:00000004 x14:00000000
15690145ns          263738 1c0085fe 4017d793 srai             x15, x15, 0x401     x15=00000002 x15:00000004
15690164ns          263739 1c008600 00d00733 add              x14, x0, x13        x14=00000000 x13:00000000
15690184ns          263740 1c008602 fe079be3 bne              x15, x0, -10        x15:00000002
15690244ns          263743 1c0085f8 00f006b3 add              x13, x0, x15        x13=00000002 x15:00000002
15690264ns          263744 1c0085fa fc1726b3 p.insert         x13, x14, 30, 1     x13=00000000 x13:00000002 x14:00000000
15690284ns          263745 1c0085fe 4017d793 srai             x15, x15, 0x401     x15=00000001 x15:00000002
15690304ns          263746 1c008600 00d00733 add              x14, x0, x13        x14=00000000 x13:00000000
15690324ns          263747 1c008602 fe079be3 bne              x15, x0, -10        x15:00000001
15690443ns          263753 1c0085f8 00f006b3 add              x13, x0, x15        x13=00000001 x15:00000001
15690463ns          263754 1c0085fa fc1726b3 p.insert         x13, x14, 30, 1     x13=00000001 x13:00000001 x14:00000000
15690483ns          263755 1c0085fe 4017d793 srai             x15, x15, 0x401     x15=00000000 x15:00000001
15690503ns          263756 1c008600 00d00733 add              x14, x0, x13        x14=00000001 x13:00000001
15690522ns          263757 1c008602 fe079be3 bne              x15, x0, -10        x15:00000000
15690542ns          263758 1c008604 1c0007b7 lui              x15, 0x1c000000     x15=1c000000
15690562ns          263759 1c008608 d006f753 fcvt.s.w         f14, x13            f14=xxxxxxxx x13:00000001
15690582ns          263760 1c00860c 01c78793 addi             x15, x15, 28        x15=1c00001c x15:1c000000
15690602ns          263761 1c008610 0007a783 lw               x15, 0(x15)         x15=3ec90fdb x15:1c00001c  PA:1c00001c
15690900ns          263776 1c008612 01012683 lw               x13, 16(x2)         x13=40000000  x2:10001dc8  PA:10001dd8
15690920ns          263777 1c008614 10f77753 fmul.s           f14, f14, f15       f14=xxxxxxxx f14:3f800000 f15:3ec90fdb
15690940ns          263778 1c008618 18d77c53 fdiv.s           f24, f14, f13       f24=xxxxxxxx f14:3ec90fdb f13:40000000
15691457ns          263804 1c00861c 01800533 add              x10, x0, x24        x10=3e490fdb x24:3e490fdb
15691477ns          263805 1c00861e 7f6000ef jal              x1, 2038             x1=1c008622
15691517ns          263807 1c008e14 a0a527d3 feq.s            x15, f10, f10       x15=00000001 f10:3e490fdb f10:3e490fdb
15691537ns          263808 1c008e18 0a078b63 beq              x15, x0, 182        x15:00000001
15691557ns          263809 1c008e1a e00517d3 fclass.s         x15, f10            x15=00000040 f10:3e490fdb
15691616ns          263812 1c008e1e 0817f793 andi             x15, x15, 129       x15=00000000 x15:00000040
15691636ns          263813 1c008e22 0a079663 bne              x15, x0, 172        x15:00000000
15691656ns          263814 1c008e24 00000793 addi             x15, x0, 0          x15=00000000
15691676ns          263815 1c008e28 a0f517d3 flt.s            x15, f10, f15       x15=00000000 f10:3e490fdb f15:00000000
15691696ns          263816 1c008e2c 0a079663 bne              x15, x0, 172        x15:00000000
15691716ns          263817 1c008e2e 1c000737 lui              x14, 0x1c000000     x14=1c000000
15691736ns          263818 1c008e32 16072783 lw               x15, 352(x14)       x15=40c90fdb x14:1c000000  PA:1c000160
15692054ns          263834 1c008e36 a0a797d3 flt.s            x15, f15, f10       x15=00000000 f15:40c90fdb f10:3e490fdb
15692074ns          263835 1c008e3a 00078b63 beq              x15, x0, 22         x15:00000000
15692173ns          263840 1c008e50 00000793 addi             x15, x0, 0          x15=00000000
15692213ns          263842 1c008e54 a0f517d3 flt.s            x15, f10, f15       x15=00000000 f10:3e490fdb f15:00000000
15692233ns          263843 1c008e58 08079a63 bne              x15, x0, 148        x15:00000000
15692253ns          263844 1c008e5a 1c0007b7 lui              x15, 0x1c000000     x15=1c000000
15692313ns          263847 1c008e5e 0207a783 lw               x15, 32(x15)        x15=3fc90fdb x15:1c000000  PA:1c000020
15692750ns          263869 1c008e62 a0f517d3 flt.s            x15, f10, f15       x15=00000001 f10:3e490fdb f15:3fc90fdb
15692770ns          263870 1c008e66 02079563 bne              x15, x0, 42         x15:00000001
15692929ns          263878 1c008e90 10a57553 fmul.s           f10, f10, f10       f10=xxxxxxxx f10:3e490fdb f10:3e490fdb
15692969ns          263880 1c008e94 1c0007b7 lui              x15, 0x1c000000     x15=1c000000
15692989ns          263881 1c008e98 1c000737 lui              x14, 0x1c000000     x14=1c000000
15693009ns          263882 1c008e9c 16872703 lw               x14, 360(x14)       x14=bab59551 x14:1c000000  PA:1c000168
15693387ns          263901 1c008ea0 1647a783 lw               x15, 356(x15)       x15=37c23ab1 x15:1c000000  PA:1c000164
15693705ns          263917 1c008ea4 70f577c3 fmadd.s          f15, f10, f15, f14  f15=xxxxxxxx f10:3d1de9e7 f15:37c23ab1 f14:bab59551
15693725ns          263918 1c008ea8 1c000737 lui              x14, 0x1c000000     x14=1c000000
15693745ns          263919 1c008eac 16c72703 lw               x14, 364(x14)       x14=3d2aa76f x14:1c000000  PA:1c00016c
15694103ns          263937 1c008eb0 70f577c3 fmadd.s          f15, f10, f15, f14  f15=xxxxxxxx f10:3d1de9e7 f15:bab5775d f14:3d2aa76f
15694123ns          263938 1c008eb4 1c000737 lui              x14, 0x1c000000     x14=1c000000
15694143ns          263939 1c008eb8 17072703 lw               x14, 368(x14)       x14=beffffe0 x14:1c000000  PA:1c000170
15694481ns          263956 1c008ebc 70f577c3 fmadd.s          f15, f10, f15, f14  f15=xxxxxxxx f10:3d1de9e7 f15:3d2a6f77 f14:beffffe0
15694501ns          263957 1c008ec0 1c000737 lui              x14, 0x1c000000     x14=1c000000
15694520ns          263958 1c008ec4 19c72703 lw               x14, 412(x14)       x14=3f7fffff x14:1c000000  PA:1c00019c
15694839ns          263974 1c008ec8 70f57543 fmadd.s          f10, f10, f15, f14  f10=xxxxxxxx f10:3d1de9e7 f15:beff2d9c f14:3f7fffff
15694859ns          263975 1c008ecc 00008067 jalr             x0, x1, 0            x1:1c008622
15694918ns          263978 1c008622 1c000737 lui              x14, 0x1c000000     x14=1c000000
15694938ns          263979 1c008626 02070713 addi             x14, x14, 32        x14=1c000020 x14:1c000000
15694958ns          263980 1c00862a 00072703 lw               x14, 0(x14)         x14=3fc90fdb x14:1c000020  PA:1c000020
15695276ns          263996 1c00862c 00a00cb3 add              x25, x0, x10        x25=3f7b14be x10:3f7b14be
15695296ns          263997 1c00862e 09877553 fsub.s           f10, f14, f24       f10=xxxxxxxx f14:3fc90fdb f24:3e490fdb
15695316ns          263998 1c008632 7e2000ef jal              x1, 2018             x1=1c008636
15695356ns          264000 1c008e14 a0a527d3 feq.s            x15, f10, f10       x15=00000001 f10:3fafede0 f10:3fafede0
15695376ns          264001 1c008e18 0a078b63 beq              x15, x0, 182        x15:00000001
15695396ns          264002 1c008e1a e00517d3 fclass.s         x15, f10            x15=00000040 f10:3fafede0
15695455ns          264005 1c008e1e 0817f793 andi             x15, x15, 129       x15=00000000 x15:00000040
15695475ns          264006 1c008e22 0a079663 bne              x15, x0, 172        x15:00000000
15695495ns          264007 1c008e24 00000793 addi             x15, x0, 0          x15=00000000
15695515ns          264008 1c008e28 a0f517d3 flt.s            x15, f10, f15       x15=00000000 f10:3fafede0 f15:00000000
15695535ns          264009 1c008e2c 0a079663 bne              x15, x0, 172        x15:00000000
15695555ns          264010 1c008e2e 1c000737 lui              x14, 0x1c000000     x14=1c000000
15695575ns          264011 1c008e32 16072783 lw               x15, 352(x14)       x15=40c90fdb x14:1c000000  PA:1c000160
15695893ns          264027 1c008e36 a0a797d3 flt.s            x15, f15, f10       x15=00000000 f15:40c90fdb f10:3fafede0
15695913ns          264028 1c008e3a 00078b63 beq              x15, x0, 22         x15:00000000
15695973ns          264031 1c008e50 00000793 addi             x15, x0, 0          x15=00000000
15695992ns          264032 1c008e54 a0f517d3 flt.s            x15, f10, f15       x15=00000000 f10:3fafede0 f15:00000000
15696012ns          264033 1c008e58 08079a63 bne              x15, x0, 148        x15:00000000
15696032ns          264034 1c008e5a 1c0007b7 lui              x15, 0x1c000000     x15=1c000000
15696052ns          264035 1c008e5e 0207a783 lw               x15, 32(x15)        x15=3fc90fdb x15:1c000000  PA:1c000020
15696390ns          264052 1c008e62 a0f517d3 flt.s            x15, f10, f15       x15=00000001 f10:3fafede0 f15:3fc90fdb
15696410ns          264053 1c008e66 02079563 bne              x15, x0, 42         x15:00000001
15696470ns          264056 1c008e90 10a57553 fmul.s           f10, f10, f10       f10=xxxxxxxx f10:3fafede0 f10:3fafede0
15696490ns          264057 1c008e94 1c0007b7 lui              x15, 0x1c000000     x15=1c000000
15696510ns          264058 1c008e98 1c000737 lui              x14, 0x1c000000     x14=1c000000
15696529ns          264059 1c008e9c 16872703 lw               x14, 360(x14)       x14=bab59551 x14:1c000000  PA:1c000168
15696868ns          264076 1c008ea0 1647a783 lw               x15, 356(x15)       x15=37c23ab1 x15:1c000000  PA:1c000164
15697186ns          264092 1c008ea4 70f577c3 fmadd.s          f15, f10, f15, f14  f15=xxxxxxxx f10:3ff1ce2b f15:37c23ab1 f14:bab59551
15697206ns          264093 1c008ea8 1c000737 lui              x14, 0x1c000000     x14=1c000000
15697226ns          264094 1c008eac 16c72703 lw               x14, 364(x14)       x14=3d2aa76f x14:1c000000  PA:1c00016c
15697564ns          264111 1c008eb0 70f577c3 fmadd.s          f15, f10, f15, f14  f15=xxxxxxxx f10:3ff1ce2b f15:baafd9a4 f14:3d2aa76f
15697584ns          264112 1c008eb4 1c000737 lui              x14, 0x1c000000     x14=1c000000
15697604ns          264113 1c008eb8 17072703 lw               x14, 368(x14)       x14=beffffe0 x14:1c000000  PA:1c000170
15697922ns          264129 1c008ebc 70f577c3 fmadd.s          f15, f10, f15, f14  f15=xxxxxxxx f10:3ff1ce2b f15:3d2045d7 f14:beffffe0
15697942ns          264130 1c008ec0 1c000737 lui              x14, 0x1c000000     x14=1c000000
15697962ns          264131 1c008ec4 19c72703 lw               x14, 412(x14)       x14=3f7fffff x14:1c000000  PA:1c00019c
15698280ns          264147 1c008ec8 70f57543 fmadd.s          f10, f10, f15, f14  f10=xxxxxxxx f10:3ff1ce2b f15:beda272b f14:3f7fffff
15698300ns          264148 1c008ecc 00008067 jalr             x0, x1, 0            x1:1c008636
15698359ns          264151 1c008636 05aad463 bge              x21, x26, 72        x21:00000001 x26:00000002
15698379ns          264152 1c00863a 02012783 lw               x15, 32(x2)         x15=00000000  x2:10001dc8  PA:10001de8
15698399ns          264153 1c00863c 219c93d3 fsgnjn.s         f7, f25, f25         f7=xxxxxxxx f25:3f7b14be f25:3f7b14be
15698439ns          264155 1c008640 409788b3 sub              x17, x15, x9        x17=00000004 x15:00000000  x9:fffffffc
15698479ns          264157 1c008644 ffc88893 addi             x17, x17, -4        x17=00000000 x17:00000004
15698499ns          264158 1c008646 0028d893 srli             x17, x17, 0x2       x17=00000000 x17:00000000
15698519ns          264159 1c00864a 00848e33 add              x28, x9, x8         x28=10001f98  x9:fffffffc  x8:10001f9c
15698538ns          264160 1c00864e 01600333 add              x6, x0, x22          x6=10001fcc x22:10001fcc
15698578ns          264162 1c008650 00188893 addi             x17, x17, 1         x17=00000001 x17:00000000
15698618ns          264164 1c008652 0158c0fb lp.setup         0x1, x17, 0x15      x17:00000001
15698638ns          264165 1c008656 004e278b p.lw             x15, 4(x28!)        x15=00000011 x28=10001f9c x28:10001f98  PA:10001f98
15698658ns          264166 1c00865a ffc3270b p.lw             x14, -4(x6!)        x14=0000001e  x6=10001fc8  x6:10001fcc  PA:10001fcc
15698678ns          264167 1c00865e 00279793 slli             x15, x15, 0x2       x15=00000044 x15:00000011
15698717ns          264169 1c008660 017787b3 add              x15, x15, x23       x15=10001e90 x15:00000044 x23:10001e4c
15698737ns          264170 1c008662 00271713 slli             x14, x14, 0x2       x14=00000078 x14:0000001e
15698757ns          264171 1c008664 0007a683 lw               x13, 0(x15)         x13=411eaa07 x15:10001e90  PA:10001e90
15698777ns          264172 1c008666 01770733 add              x14, x14, x23       x14=10001ec4 x14:00000078 x23:10001e4c
15698797ns          264173 1c008668 00072603 lw               x12, 0(x14)         x12=40c03ae0 x14:10001ec4  PA:10001ec4
15698817ns          264174 1c00866a 10d57853 fmul.s           f16, f10, f13       f16=xxxxxxxx f10:3e47c5bd f13:411eaa07
15698837ns          264175 1c00866e 10c575d3 fmul.s           f11, f10, f12       f11=xxxxxxxx f10:3e47c5bd f12:40c03ae0
15698857ns          264176 1c008672 80ccf643 fmadd.s          f12, f25, f12, f16  f12=xxxxxxxx f25:3f7b14be f12:40c03ae0 f16:3ff7a173
15698877ns          264177 1c008676 5876f6c3 fmadd.s          f13, f13, f7, f11   f13=xxxxxxxx f13:411eaa07  f7:bf7b14be f11:3f96023f
15698896ns          264178 1c00867a 00c72023 sw               x12, 0(x14)         x12:40fa71aa x14:10001ec4  PA:10001ec4
15698916ns          264179 1c00867c 00d7a023 sw               x13, 0(x15)         x13:c108dd48 x15:10001e90  PA:10001e90
15698936ns          264180 1c00867e 053d5763 bge              x26, x19, 78        x26:00000002 x19:00000003
15698956ns          264181 1c008682 02412683 lw               x13, 36(x2)         x13=00000004  x2:10001dc8  PA:10001dec
15698976ns          264182 1c008684 219c93d3 fsgnjn.s         f7, f25, f25         f7=xxxxxxxx f25:3f7b14be f25:3f7b14be
15698996ns          264183 1c008688 ffc68893 addi             x17, x13, -4        x17=00000000 x13:00000004
15699016ns          264184 1c00868c 0028d893 srli             x17, x17, 0x2       x17=00000000 x17:00000000
15699056ns          264186 1c008690 20a51ed3 fsgnjn.s         f29, f10, f10       f29=xxxxxxxx f10:3e47c5bd f10:3e47c5bd
15699095ns          264188 1c008694 01648e33 add              x28, x9, x22        x28=10001fc8  x9:fffffffc x22:10001fcc
15699115ns          264189 1c008698 00800333 add              x6, x0, x8           x6=10001f9c  x8:10001f9c
15699135ns          264190 1c00869a 00188893 addi             x17, x17, 1         x17=00000001 x17:00000000
15699155ns          264191 1c00869c 0178c0fb lp.setup         0x1, x17, 0x17      x17:00000001
15699175ns          264192 1c0086a0 0043278b p.lw             x15, 4(x6!)         x15=00000012  x6=10001fa0  x6:10001f9c  PA:10001f9c
15699195ns          264193 1c0086a4 ffce270b p.lw             x14, -4(x28!)       x14=0000001d x28=10001fc4 x28:10001fc8  PA:10001fc8
15699215ns          264194 1c0086a8 00279793 slli             x15, x15, 0x2       x15=00000048 x15:00000012
15699235ns          264195 1c0086aa 00271713 slli             x14, x14, 0x2       x14=00000074 x14:0000001d
15699254ns          264196 1c0086ac 017787b3 add              x15, x15, x23       x15=10001e94 x15:00000048 x23:10001e4c
15699274ns          264197 1c0086ae 01770733 add              x14, x14, x23       x14=10001ec0 x14:00000074 x23:10001e4c
15699294ns          264198 1c0086b0 0007a683 lw               x13, 0(x15)         x13=40064011 x15:10001e94  PA:10001e94
15699314ns          264199 1c0086b2 00072603 lw               x12, 0(x14)         x12=c0a1cd8c x14:10001ec0  PA:10001ec0
15699334ns          264200 1c0086b4 1076f853 fmul.s           f16, f13, f7        f16=xxxxxxxx f13:40064011  f7:bf7b14be
15699354ns          264201 1c0086b8 20c615d3 fsgnjn.s         f11, f12, f12       f11=xxxxxxxx f12:c0a1cd8c f12:c0a1cd8c
15699374ns          264202 1c0086bc 1195f5d3 fmul.s           f11, f11, f25       f11=xxxxxxxx f11:40a1cd8c f25:3f7b14be
15699414ns          264204 1c0086c0 80c57643 fmadd.s          f12, f10, f12, f16  f12=xxxxxxxx f10:3e47c5bd f12:c0a1cd8c f16:c003abb1
15699453ns          264206 1c0086c4 59d6f6c3 fmadd.s          f13, f13, f29, f11  f13=xxxxxxxx f13:40064011 f29:be47c5bd f11:409eb1a4
15699473ns          264207 1c0086c8 00c72023 sw               x12, 0(x14)         x12:c042cd92 x14:10001ec0  PA:10001ec0
15699493ns          264208 1c0086ca 00d7a023 sw               x13, 0(x15)         x13:40919934 x15:10001e94  PA:10001e94
15699513ns          264209 1c0086cc 00812703 lw               x14, 8(x2)          x14=00000004  x2:10001dc8  PA:10001dd0
15699533ns          264210 1c0086ce 01412783 lw               x15, 20(x2)         x15=00000010  x2:10001dc8  PA:10001ddc
15699553ns          264211 1c0086d0 00c12683 lw               x13, 12(x2)         x13=00000006  x2:10001dc8  PA:10001dd4
15699573ns          264212 1c0086d2 00ed0d33 add              x26, x26, x14       x26=00000006 x26:00000002 x14:00000004
15699593ns          264213 1c0086d4 001d8d93 addi             x27, x27, 1         x27=00000005 x27:00000004
15699613ns          264214 1c0086d6 00f40433 add              x8, x8, x15          x8=10001fac  x8:10001f9c x15:00000010
15699632ns          264215 1c0086d8 012b0b33 add              x22, x22, x18       x22=10001fbc x22:10001fcc x18:fffffff0
15699652ns          264216 1c0086da 014d09b3 add              x19, x26, x20       x19=00000007 x26:00000006 x20:00000001
15699672ns          264217 1c0086de f1b698e3 bne              x13, x27, -240      x13:00000006 x27:00000005
15699772ns          264222 1c0085ee 01812783 lw               x15, 24(x2)         x15=ffffffff  x2:10001dc8  PA:10001de0
15699811ns          264224 1c0085f0 00000713 addi             x14, x0, 0          x14=00000000
15699831ns          264225 1c0085f2 01a78ab3 add              x21, x15, x26       x21=00000005 x15:ffffffff x26:00000006
15699851ns          264226 1c0085f6 01b007b3 add              x15, x0, x27        x15=00000005 x27:00000005
15699871ns          264227 1c0085f8 00f006b3 add              x13, x0, x15        x13=00000005 x15:00000005
15699891ns          264228 1c0085fa fc1726b3 p.insert         x13, x14, 30, 1     x13=00000001 x13:00000005 x14:00000000
15699911ns          264229 1c0085fe 4017d793 srai             x15, x15, 0x401     x15=00000002 x15:00000005
15699931ns          264230 1c008600 00d00733 add              x14, x0, x13        x14=00000001 x13:00000001
15699951ns          264231 1c008602 fe079be3 bne              x15, x0, -10        x15:00000002
15700010ns          264234 1c0085f8 00f006b3 add              x13, x0, x15        x13=00000002 x15:00000002
15700030ns          264235 1c0085fa fc1726b3 p.insert         x13, x14, 30, 1     x13=00000002 x13:00000002 x14:00000001
15700050ns          264236 1c0085fe 4017d793 srai             x15, x15, 0x401     x15=00000001 x15:00000002
15700070ns          264237 1c008600 00d00733 add              x14, x0, x13        x14=00000002 x13:00000002
15700090ns          264238 1c008602 fe079be3 bne              x15, x0, -10        x15:00000001
15700150ns          264241 1c0085f8 00f006b3 add              x13, x0, x15        x13=00000001 x15:00000001
15700169ns          264242 1c0085fa fc1726b3 p.insert         x13, x14, 30, 1     x13=00000005 x13:00000001 x14:00000002
15700189ns          264243 1c0085fe 4017d793 srai             x15, x15, 0x401     x15=00000000 x15:00000001
15700209ns          264244 1c008600 00d00733 add              x14, x0, x13        x14=00000005 x13:00000005
15700229ns          264245 1c008602 fe079be3 bne              x15, x0, -10        x15:00000000
15700249ns          264246 1c008604 1c0007b7 lui              x15, 0x1c000000     x15=1c000000
15700269ns          264247 1c008608 d006f753 fcvt.s.w         f14, x13            f14=xxxxxxxx x13:00000005
15700289ns          264248 1c00860c 01c78793 addi             x15, x15, 28        x15=1c00001c x15:1c000000
15700309ns          264249 1c008610 0007a783 lw               x15, 0(x15)         x15=3ec90fdb x15:1c00001c  PA:1c00001c
15700607ns          264264 1c008612 01012683 lw               x13, 16(x2)         x13=40000000  x2:10001dc8  PA:10001dd8
15700627ns          264265 1c008614 10f77753 fmul.s           f14, f14, f15       f14=xxxxxxxx f14:40a00000 f15:3ec90fdb
15700647ns          264266 1c008618 18d77c53 fdiv.s           f24, f14, f13       f24=xxxxxxxx f14:3ffb53d2 f13:40000000
15701005ns          264284 1c00861c 01800533 add              x10, x0, x24        x10=3f7b53d2 x24:3f7b53d2
15701025ns          264285 1c00861e 7f6000ef jal              x1, 2038             x1=1c008622
15701065ns          264287 1c008e14 a0a527d3 feq.s            x15, f10, f10       x15=00000001 f10:3f7b53d2 f10:3f7b53d2
15701084ns          264288 1c008e18 0a078b63 beq              x15, x0, 182        x15:00000001
15701104ns          264289 1c008e1a e00517d3 fclass.s         x15, f10            x15=00000040 f10:3f7b53d2
15701124ns          264290 1c008e1e 0817f793 andi             x15, x15, 129       x15=00000000 x15:00000040
15701144ns          264291 1c008e22 0a079663 bne              x15, x0, 172        x15:00000000
15701164ns          264292 1c008e24 00000793 addi             x15, x0, 0          x15=00000000
15701184ns          264293 1c008e28 a0f517d3 flt.s            x15, f10, f15       x15=00000000 f10:3f7b53d2 f15:00000000
15701204ns          264294 1c008e2c 0a079663 bne              x15, x0, 172        x15:00000000
15701224ns          264295 1c008e2e 1c000737 lui              x14, 0x1c000000     x14=1c000000
15701244ns          264296 1c008e32 16072783 lw               x15, 352(x14)       x15=40c90fdb x14:1c000000  PA:1c000160
15701582ns          264313 1c008e36 a0a797d3 flt.s            x15, f15, f10       x15=00000000 f15:40c90fdb f10:3f7b53d2
15701602ns          264314 1c008e3a 00078b63 beq              x15, x0, 22         x15:00000000
15701661ns          264317 1c008e50 00000793 addi             x15, x0, 0          x15=00000000
15701681ns          264318 1c008e54 a0f517d3 flt.s            x15, f10, f15       x15=00000000 f10:3f7b53d2 f15:00000000
15701701ns          264319 1c008e58 08079a63 bne              x15, x0, 148        x15:00000000
15701721ns          264320 1c008e5a 1c0007b7 lui              x15, 0x1c000000     x15=1c000000
15701781ns          264323 1c008e5e 0207a783 lw               x15, 32(x15)        x15=3fc90fdb x15:1c000000  PA:1c000020
15702119ns          264340 1c008e62 a0f517d3 flt.s            x15, f10, f15       x15=00000001 f10:3f7b53d2 f15:3fc90fdb
15702139ns          264341 1c008e66 02079563 bne              x15, x0, 42         x15:00000001
15702198ns          264344 1c008e90 10a57553 fmul.s           f10, f10, f10       f10=xxxxxxxx f10:3f7b53d2 f10:3f7b53d2
15702218ns          264345 1c008e94 1c0007b7 lui              x15, 0x1c000000     x15=1c000000
15702238ns          264346 1c008e98 1c000737 lui              x14, 0x1c000000     x14=1c000000
15702258ns          264347 1c008e9c 16872703 lw               x14, 360(x14)       x14=bab59551 x14:1c000000  PA:1c000168
15702556ns          264362 1c008ea0 1647a783 lw               x15, 356(x15)       x15=37c23ab1 x15:1c000000  PA:1c000164
15702875ns          264378 1c008ea4 70f577c3 fmadd.s          f15, f10, f15, f14  f15=xxxxxxxx f10:3f76bd79 f15:37c23ab1 f14:bab59551
15702894ns          264379 1c008ea8 1c000737 lui              x14, 0x1c000000     x14=1c000000
15702914ns          264380 1c008eac 16c72703 lw               x14, 364(x14)       x14=3d2aa76f x14:1c000000  PA:1c00016c
15703253ns          264397 1c008eb0 70f577c3 fmadd.s          f15, f10, f15, f14  f15=xxxxxxxx f10:3f76bd79 f15:bab2a880 f14:3d2aa76f
15703272ns          264398 1c008eb4 1c000737 lui              x14, 0x1c000000     x14=1c000000
15703292ns          264399 1c008eb8 17072703 lw               x14, 368(x14)       x14=beffffe0 x14:1c000000  PA:1c000170
15703611ns          264415 1c008ebc 70f577c3 fmadd.s          f15, f10, f15, f14  f15=xxxxxxxx f10:3f76bd79 f15:3d2545de f14:beffffe0
15703630ns          264416 1c008ec0 1c000737 lui              x14, 0x1c000000     x14=1c000000
15703650ns          264417 1c008ec4 19c72703 lw               x14, 412(x14)       x14=3f7fffff x14:1c000000  PA:1c00019c
15703988ns          264434 1c008ec8 70f57543 fmadd.s          f10, f10, f15, f14  f10=xxxxxxxx f10:3f76bd79 f15:beec1671 f14:3f7fffff
15704008ns          264435 1c008ecc 00008067 jalr             x0, x1, 0            x1:1c008622
15704068ns          264438 1c008622 1c000737 lui              x14, 0x1c000000     x14=1c000000
15704088ns          264439 1c008626 02070713 addi             x14, x14, 32        x14=1c000020 x14:1c000000
15704108ns          264440 1c00862a 00072703 lw               x14, 0(x14)         x14=3fc90fdb x14:1c000020  PA:1c000020
15704406ns          264455 1c00862c 00a00cb3 add              x25, x0, x10        x25=3f0e39d9 x10:3f0e39d9
15704426ns          264456 1c00862e 09877553 fsub.s           f10, f14, f24       f10=xxxxxxxx f14:3fc90fdb f24:3f7b53d2
15704446ns          264457 1c008632 7e2000ef jal              x1, 2018             x1=1c008636
15704486ns          264459 1c008e14 a0a527d3 feq.s            x15, f10, f10       x15=00000001 f10:3f16cbe4 f10:3f16cbe4
15704506ns          264460 1c008e18 0a078b63 beq              x15, x0, 182        x15:00000001
15704526ns          264461 1c008e1a e00517d3 fclass.s         x15, f10            x15=00000040 f10:3f16cbe4
15704545ns          264462 1c008e1e 0817f793 andi             x15, x15, 129       x15=00000000 x15:00000040
15704565ns          264463 1c008e22 0a079663 bne              x15, x0, 172        x15:00000000
15704585ns          264464 1c008e24 00000793 addi             x15, x0, 0          x15=00000000
15704605ns          264465 1c008e28 a0f517d3 flt.s            x15, f10, f15       x15=00000000 f10:3f16cbe4 f15:00000000
15704625ns          264466 1c008e2c 0a079663 bne              x15, x0, 172        x15:00000000
15704645ns          264467 1c008e2e 1c000737 lui              x14, 0x1c000000     x14=1c000000
15704665ns          264468 1c008e32 16072783 lw               x15, 352(x14)       x15=40c90fdb x14:1c000000  PA:1c000160
15705003ns          264485 1c008e36 a0a797d3 flt.s            x15, f15, f10       x15=00000000 f15:40c90fdb f10:3f16cbe4
15705023ns          264486 1c008e3a 00078b63 beq              x15, x0, 22         x15:00000000
15705082ns          264489 1c008e50 00000793 addi             x15, x0, 0          x15=00000000
15705102ns          264490 1c008e54 a0f517d3 flt.s            x15, f10, f15       x15=00000000 f10:3f16cbe4 f15:00000000
15705122ns          264491 1c008e58 08079a63 bne              x15, x0, 148        x15:00000000
15705142ns          264492 1c008e5a 1c0007b7 lui              x15, 0x1c000000     x15=1c000000
15705162ns          264493 1c008e5e 0207a783 lw               x15, 32(x15)        x15=3fc90fdb x15:1c000000  PA:1c000020
15705480ns          264509 1c008e62 a0f517d3 flt.s            x15, f10, f15       x15=00000001 f10:3f16cbe4 f15:3fc90fdb
15705500ns          264510 1c008e66 02079563 bne              x15, x0, 42         x15:00000001
15705560ns          264513 1c008e90 10a57553 fmul.s           f10, f10, f10       f10=xxxxxxxx f10:3f16cbe4 f10:3f16cbe4
15705580ns          264514 1c008e94 1c0007b7 lui              x15, 0x1c000000     x15=1c000000
15705600ns          264515 1c008e98 1c000737 lui              x14, 0x1c000000     x14=1c000000
15705620ns          264516 1c008e9c 16872703 lw               x14, 360(x14)       x14=bab59551 x14:1c000000  PA:1c000168
15705958ns          264533 1c008ea0 1647a783 lw               x15, 356(x15)       x15=37c23ab1 x15:1c000000  PA:1c000164
15706276ns          264549 1c008ea4 70f577c3 fmadd.s          f15, f10, f15, f14  f15=xxxxxxxx f10:3eb1a723 f15:37c23ab1 f14:bab59551
15706296ns          264550 1c008ea8 1c000737 lui              x14, 0x1c000000     x14=1c000000
15706316ns          264551 1c008eac 16c72703 lw               x14, 364(x14)       x14=3d2aa76f x14:1c000000  PA:1c00016c
15706654ns          264568 1c008eb0 70f577c3 fmadd.s          f15, f10, f15, f14  f15=xxxxxxxx f10:3eb1a723 f15:bab487be f14:3d2aa76f
15706674ns          264569 1c008eb4 1c000737 lui              x14, 0x1c000000     x14=1c000000
15706694ns          264570 1c008eb8 17072703 lw               x14, 368(x14)       x14=beffffe0 x14:1c000000  PA:1c000170
15707012ns          264586 1c008ebc 70f577c3 fmadd.s          f15, f10, f15, f14  f15=xxxxxxxx f10:3eb1a723 f15:3d28b250 f14:beffffe0
15707032ns          264587 1c008ec0 1c000737 lui              x14, 0x1c000000     x14=1c000000
15707052ns          264588 1c008ec4 19c72703 lw               x14, 412(x14)       x14=3f7fffff x14:1c000000  PA:1c00019c
15707370ns          264604 1c008ec8 70f57543 fmadd.s          f10, f10, f15, f14  f10=xxxxxxxx f10:3eb1a723 f15:bef8aec9 f14:3f7fffff
15707390ns          264605 1c008ecc 00008067 jalr             x0, x1, 0            x1:1c008636
15707449ns          264608 1c008636 05aad463 bge              x21, x26, 72        x21:00000005 x26:00000006
15707469ns          264609 1c00863a 02012783 lw               x15, 32(x2)         x15=00000000  x2:10001dc8  PA:10001de8
15707489ns          264610 1c00863c 219c93d3 fsgnjn.s         f7, f25, f25         f7=xxxxxxxx f25:3f0e39d9 f25:3f0e39d9
15707509ns          264611 1c008640 409788b3 sub              x17, x15, x9        x17=00000004 x15:00000000  x9:fffffffc
15707529ns          264612 1c008644 ffc88893 addi             x17, x17, -4        x17=00000000 x17:00000004
15707549ns          264613 1c008646 0028d893 srli             x17, x17, 0x2       x17=00000000 x17:00000000
15707569ns          264614 1c00864a 00848e33 add              x28, x9, x8         x28=10001fa8  x9:fffffffc  x8:10001fac
15707589ns          264615 1c00864e 01600333 add              x6, x0, x22          x6=10001fbc x22:10001fbc
15707609ns          264616 1c008650 00188893 addi             x17, x17, 1         x17=00000001 x17:00000000
15707628ns          264617 1c008652 0158c0fb lp.setup         0x1, x17, 0x15      x17:00000001
15707648ns          264618 1c008656 004e278b p.lw             x15, 4(x28!)        x15=00000015 x28=10001fac x28:10001fa8  PA:10001fa8
15707668ns          264619 1c00865a ffc3270b p.lw             x14, -4(x6!)        x14=0000001a  x6=10001fb8  x6:10001fbc  PA:10001fbc
15707688ns          264620 1c00865e 00279793 slli             x15, x15, 0x2       x15=00000054 x15:00000015
15707728ns          264622 1c008660 017787b3 add              x15, x15, x23       x15=10001ea0 x15:00000054 x23:10001e4c
15707748ns          264623 1c008662 00271713 slli             x14, x14, 0x2       x14=00000068 x14:0000001a
15707768ns          264624 1c008664 0007a683 lw               x13, 0(x15)         x13=4033ef79 x15:10001ea0  PA:10001ea0
15707788ns          264625 1c008666 01770733 add              x14, x14, x23       x14=10001eb4 x14:00000068 x23:10001e4c
15707808ns          264626 1c008668 00072603 lw               x12, 0(x14)         x12=414729ed x14:10001eb4  PA:10001eb4
15707827ns          264627 1c00866a 10d57853 fmul.s           f16, f10, f13       f16=xxxxxxxx f10:3f54db32 f13:4033ef79
15707847ns          264628 1c00866e 10c575d3 fmul.s           f11, f10, f12       f11=xxxxxxxx f10:3f54db32 f12:414729ed
15707867ns          264629 1c008672 80ccf643 fmadd.s          f12, f25, f12, f16  f12=xxxxxxxx f25:3f0e39d9 f12:414729ed f16:40159c61
15707887ns          264630 1c008676 5876f6c3 fmadd.s          f13, f13, f7, f11   f13=xxxxxxxx f13:4033ef79  f7:bf0e39d9 f11:41259940
15707907ns          264631 1c00867a 00c72023 sw               x12, 0(x14)         x12:41140d5b x14:10001eb4  PA:10001eb4
15707927ns          264632 1c00867c 00d7a023 sw               x13, 0(x15)         x13:410c9b61 x15:10001ea0  PA:10001ea0
15707947ns          264633 1c00867e 053d5763 bge              x26, x19, 78        x26:00000006 x19:00000007
15707967ns          264634 1c008682 02412683 lw               x13, 36(x2)         x13=00000004  x2:10001dc8  PA:10001dec
15707987ns          264635 1c008684 219c93d3 fsgnjn.s         f7, f25, f25         f7=xxxxxxxx f25:3f0e39d9 f25:3f0e39d9
15708006ns          264636 1c008688 ffc68893 addi             x17, x13, -4        x17=00000000 x13:00000004
15708026ns          264637 1c00868c 0028d893 srli             x17, x17, 0x2       x17=00000000 x17:00000000
15708046ns          264638 1c008690 20a51ed3 fsgnjn.s         f29, f10, f10       f29=xxxxxxxx f10:3f54db32 f10:3f54db32
15708066ns          264639 1c008694 01648e33 add              x28, x9, x22        x28=10001fb8  x9:fffffffc x22:10001fbc
15708086ns          264640 1c008698 00800333 add              x6, x0, x8           x6=10001fac  x8:10001fac
15708106ns          264641 1c00869a 00188893 addi             x17, x17, 1         x17=00000001 x17:00000000
15708126ns          264642 1c00869c 0178c0fb lp.setup         0x1, x17, 0x17      x17:00000001
15708146ns          264643 1c0086a0 0043278b p.lw             x15, 4(x6!)         x15=00000016  x6=10001fb0  x6:10001fac  PA:10001fac
15708185ns          264645 1c0086a4 ffce270b p.lw             x14, -4(x28!)       x14=00000019 x28=10001fb4 x28:10001fb8  PA:10001fb8
15708205ns          264646 1c0086a8 00279793 slli             x15, x15, 0x2       x15=00000058 x15:00000016
15708225ns          264647 1c0086aa 00271713 slli             x14, x14, 0x2       x14=00000064 x14:00000019
15708245ns          264648 1c0086ac 017787b3 add              x15, x15, x23       x15=10001ea4 x15:00000058 x23:10001e4c
15708265ns          264649 1c0086ae 01770733 add              x14, x14, x23       x14=10001eb0 x14:00000064 x23:10001e4c
15708285ns          264650 1c0086b0 0007a683 lw               x13, 0(x15)         x13=4079d56b x15:10001ea4  PA:10001ea4
15708305ns          264651 1c0086b2 00072603 lw               x12, 0(x14)         x12=c0c1fabe x14:10001eb0  PA:10001eb0
15708325ns          264652 1c0086b4 1076f853 fmul.s           f16, f13, f7        f16=xxxxxxxx f13:4079d56b  f7:bf0e39d9
15708345ns          264653 1c0086b8 20c615d3 fsgnjn.s         f11, f12, f12       f11=xxxxxxxx f12:c0c1fabe f12:c0c1fabe
15708364ns          264654 1c0086bc 1195f5d3 fmul.s           f11, f11, f25       f11=xxxxxxxx f11:40c1fabe f25:3f0e39d9
15708384ns          264655 1c0086c0 80c57643 fmadd.s          f12, f10, f12, f16  f12=xxxxxxxx f10:3f54db32 f12:c0c1fabe f16:c00accd6
15708404ns          264656 1c0086c4 59d6f6c3 fmadd.s          f13, f13, f29, f11  f13=xxxxxxxx f13:4079d56b f29:bf54db32 f11:405789d5
15708424ns          264657 1c0086c8 00c72023 sw               x12, 0(x14)         x12:c0e6b028 x14:10001eb0  PA:10001eb0
15708444ns          264658 1c0086ca 00d7a023 sw               x13, 0(x15)         x13:3df9e5c1 x15:10001ea4  PA:10001ea4
15708464ns          264659 1c0086cc 00812703 lw               x14, 8(x2)          x14=00000004  x2:10001dc8  PA:10001dd0
15708484ns          264660 1c0086ce 01412783 lw               x15, 20(x2)         x15=00000010  x2:10001dc8  PA:10001ddc
15708504ns          264661 1c0086d0 00c12683 lw               x13, 12(x2)         x13=00000006  x2:10001dc8  PA:10001dd4
15708524ns          264662 1c0086d2 00ed0d33 add              x26, x26, x14       x26=0000000a x26:00000006 x14:00000004
15708543ns          264663 1c0086d4 001d8d93 addi             x27, x27, 1         x27=00000006 x27:00000005
15708563ns          264664 1c0086d6 00f40433 add              x8, x8, x15          x8=10001fbc  x8:10001fac x15:00000010
15708583ns          264665 1c0086d8 012b0b33 add              x22, x22, x18       x22=10001fac x22:10001fbc x18:fffffff0
15708603ns          264666 1c0086da 014d09b3 add              x19, x26, x20       x19=0000000b x26:0000000a x20:00000001
15708623ns          264667 1c0086de f1b698e3 bne              x13, x27, -240      x13:00000006 x27:00000006
15708643ns          264668 1c0086e2 02c12883 lw               x17, 44(x2)         x17=00000004  x2:10001dc8  PA:10001df4
15708663ns          264669 1c0086e4 03012703 lw               x14, 48(x2)         x14=00000004  x2:10001dc8  PA:10001df8
15708703ns          264671 1c0086e6 dae8cde3 blt              x17, x14, -582      x17:00000004 x14:00000004
15708722ns          264672 1c0086ea 01c12783 lw               x15, 28(x2)         x15=00000010  x2:10001dc8  PA:10001de4
15708762ns          264674 1c0086ec 06f05363 bge              x0, x15, 102        x15:00000010
15708782ns          264675 1c0086f0 fff78893 addi             x17, x15, -1        x17=0000000f x15:00000010
15708802ns          264676 1c0086f4 02812683 lw               x13, 40(x2)         x13=10001f54  x2:10001dc8  PA:10001df0
15708822ns          264677 1c0086f6 00279813 slli             x16, x15, 0x2       x16=00000040 x15:00000010
15708842ns          264678 1c0086fa 0028d893 srli             x17, x17, 0x2       x17=00000003 x17:0000000f
15708862ns          264679 1c0086fe 00378793 addi             x15, x15, 3         x15=00000013 x15:00000010
15708882ns          264680 1c008700 00400713 addi             x14, x0, 4          x14=00000004
15708901ns          264681 1c008702 00d80833 add              x16, x16, x13       x16=10001f94 x16:00000040 x13:10001f54
15708921ns          264682 1c008704 00188893 addi             x17, x17, 1         x17=00000004 x17:00000003
15708941ns          264683 1c008706 10e7c663 blt              x15, x14, 268       x15:00000013 x14:00000004
15708961ns          264684 1c00870a 0238c0fb lp.setup         0x1, x17, 0x23      x17:00000004
15709001ns          264686 1c00870e 00082683 lw               x13, 0(x16)         x13=00000010 x16:10001f94  PA:10001f94
15709041ns          264688 1c008712 00482603 lw               x12, 4(x16)         x12=00000011 x16:10001f94  PA:10001f98
15709061ns          264689 1c008716 00269693 slli             x13, x13, 0x2       x13=00000040 x13:00000010
15709081ns          264690 1c008718 00261613 slli             x12, x12, 0x2       x12=00000044 x12:00000011
15709100ns          264691 1c00871a 017686b3 add              x13, x13, x23       x13=10001e8c x13:00000040 x23:10001e4c
15709120ns          264692 1c00871c 01760633 add              x12, x12, x23       x12=10001e90 x12:00000044 x23:10001e4c
15709140ns          264693 1c00871e 0006a583 lw               x11, 0(x13)         x11=40ad74dc x13:10001e8c  PA:10001e8c
15709160ns          264694 1c008720 00062503 lw               x10, 0(x12)         x10=c108dd48 x12:10001e90  PA:10001e90
15709180ns          264695 1c008722 00c82703 lw               x14, 12(x16)        x14=00000013 x16:10001f94  PA:10001fa0
15709200ns          264696 1c008726 08a5f353 fsub.s           f6, f11, f10         f6=xxxxxxxx f11:40ad74dc f10:c108dd48
15709220ns          264697 1c00872a 00882783 lw               x15, 8(x16)         x15=00000012 x16:10001f94  PA:10001f9c
15709279ns          264700 1c00872e 00a5f5d3 fadd.s           f11, f11, f10       f11=xxxxxxxx f11:40ad74dc f10:c108dd48
15709319ns          264702 1c008732 00662023 sw               x6, 0(x12)           x6:415f97b6 x12:10001e90  PA:10001e90
15709339ns          264703 1c008736 00271713 slli             x14, x14, 0x2       x14=0000004c x14:00000013
15709359ns          264704 1c008738 00279793 slli             x15, x15, 0x2       x15=00000048 x15:00000012
15709379ns          264705 1c00873a 00b6a023 sw               x11, 0(x13)         x11:c0488b68 x13:10001e8c  PA:10001e8c
15709399ns          264706 1c00873c 01770733 add              x14, x14, x23       x14=10001e98 x14:0000004c x23:10001e4c
15709419ns          264707 1c00873e 017787b3 add              x15, x15, x23       x15=10001e94 x15:00000048 x23:10001e4c
15709439ns          264708 1c008740 00072683 lw               x13, 0(x14)         x13=c13ec2d2 x14:10001e98  PA:10001e98
15709458ns          264709 1c008742 0007a603 lw               x12, 0(x15)         x12=40919934 x15:10001e94  PA:10001e94
15709478ns          264710 1c008744 01080813 addi             x16, x16, 16        x16=10001fa4 x16:10001f94
15709498ns          264711 1c008746 00c6f5d3 fadd.s           f11, f13, f12       f11=xxxxxxxx f13:c13ec2d2 f12:40919934
15709518ns          264712 1c00874a 08c6f6d3 fsub.s           f13, f13, f12       f13=xxxxxxxx f13:c13ec2d2 f12:40919934
15709538ns          264713 1c00874e 00b72023 sw               x11, 0(x14)         x11:c0ebec70 x14:10001e98  PA:10001e98
15709558ns          264714 1c008750 00d7a023 sw               x13, 0(x15)         x13:c183c7b6 x15:10001e94  PA:10001e94
15709618ns          264717 1c00870e 00082683 lw               x13, 0(x16)         x13=00000014 x16:10001fa4  PA:10001fa4
15709637ns          264718 1c008712 00482603 lw               x12, 4(x16)         x12=00000015 x16:10001fa4  PA:10001fa8
15709657ns          264719 1c008716 00269693 slli             x13, x13, 0x2       x13=00000050 x13:00000014
15709677ns          264720 1c008718 00261613 slli             x12, x12, 0x2       x12=00000054 x12:00000015
15709697ns          264721 1c00871a 017686b3 add              x13, x13, x23       x13=10001e9c x13:00000050 x23:10001e4c
15709717ns          264722 1c00871c 01760633 add              x12, x12, x23       x12=10001ea0 x12:00000054 x23:10001e4c
15709737ns          264723 1c00871e 0006a583 lw               x11, 0(x13)         x11=40853f5b x13:10001e9c  PA:10001e9c
15709757ns          264724 1c008720 00062503 lw               x10, 0(x12)         x10=410c9b61 x12:10001ea0  PA:10001ea0
15709777ns          264725 1c008722 00c82703 lw               x14, 12(x16)        x14=00000017 x16:10001fa4  PA:10001fb0
15709797ns          264726 1c008726 08a5f353 fsub.s           f6, f11, f10         f6=xxxxxxxx f11:40853f5b f10:410c9b61
15709816ns          264727 1c00872a 00882783 lw               x15, 8(x16)         x15=00000016 x16:10001fa4  PA:10001fac
15709836ns          264728 1c00872e 00a5f5d3 fadd.s           f11, f11, f10       f11=xxxxxxxx f11:40853f5b f10:410c9b61
15709856ns          264729 1c008732 00662023 sw               x6, 0(x12)           x6:c093f767 x12:10001ea0  PA:10001ea0
15709876ns          264730 1c008736 00271713 slli             x14, x14, 0x2       x14=0000005c x14:00000017
15709896ns          264731 1c008738 00279793 slli             x15, x15, 0x2       x15=00000058 x15:00000016
15709916ns          264732 1c00873a 00b6a023 sw               x11, 0(x13)         x11:414f3b0e x13:10001e9c  PA:10001e9c
15709936ns          264733 1c00873c 01770733 add              x14, x14, x23       x14=10001ea8 x14:0000005c x23:10001e4c
15709956ns          264734 1c00873e 017787b3 add              x15, x15, x23       x15=10001ea4 x15:00000058 x23:10001e4c
15709976ns          264735 1c008740 00072683 lw               x13, 0(x14)         x13=40e63995 x14:10001ea8  PA:10001ea8
15709995ns          264736 1c008742 0007a603 lw               x12, 0(x15)         x12=3df9e5c1 x15:10001ea4  PA:10001ea4
15710015ns          264737 1c008744 01080813 addi             x16, x16, 16        x16=10001fb4 x16:10001fa4
15710035ns          264738 1c008746 00c6f5d3 fadd.s           f11, f13, f12       f11=xxxxxxxx f13:40e63995 f12:3df9e5c1
15710055ns          264739 1c00874a 08c6f6d3 fsub.s           f13, f13, f12       f13=xxxxxxxx f13:40e63995 f12:3df9e5c1
15710075ns          264740 1c00874e 00b72023 sw               x11, 0(x14)         x11:40ea212c x14:10001ea8  PA:10001ea8
15710095ns          264741 1c008750 00d7a023 sw               x13, 0(x15)         x13:40e251fe x15:10001ea4  PA:10001ea4
15710135ns          264743 1c00870e 00082683 lw               x13, 0(x16)         x13=00000018 x16:10001fb4  PA:10001fb4
15710155ns          264744 1c008712 00482603 lw               x12, 4(x16)         x12=00000019 x16:10001fb4  PA:10001fb8
15710175ns          264745 1c008716 00269693 slli             x13, x13, 0x2       x13=00000060 x13:00000018
15710194ns          264746 1c008718 00261613 slli             x12, x12, 0x2       x12=00000064 x12:00000019
15710214ns          264747 1c00871a 017686b3 add              x13, x13, x23       x13=10001eac x13:00000060 x23:10001e4c
15710234ns          264748 1c00871c 01760633 add              x12, x12, x23       x12=10001eb0 x12:00000064 x23:10001e4c
15710254ns          264749 1c00871e 0006a583 lw               x11, 0(x13)         x11=c0685772 x13:10001eac  PA:10001eac
15710274ns          264750 1c008720 00062503 lw               x10, 0(x12)         x10=c0e6b028 x12:10001eb0  PA:10001eb0
15710294ns          264751 1c008722 00c82703 lw               x14, 12(x16)        x14=0000001b x16:10001fb4  PA:10001fc0
15710314ns          264752 1c008726 08a5f353 fsub.s           f6, f11, f10         f6=xxxxxxxx f11:c0685772 f10:c0e6b028
15710334ns          264753 1c00872a 00882783 lw               x15, 8(x16)         x15=0000001a x16:10001fb4  PA:10001fbc
15710354ns          264754 1c00872e 00a5f5d3 fadd.s           f11, f11, f10       f11=xxxxxxxx f11:c0685772 f10:c0e6b028
15710373ns          264755 1c008732 00662023 sw               x6, 0(x12)           x6:406508de x12:10001eb0  PA:10001eb0
15710393ns          264756 1c008736 00271713 slli             x14, x14, 0x2       x14=0000006c x14:0000001b
15710413ns          264757 1c008738 00279793 slli             x15, x15, 0x2       x15=00000068 x15:0000001a
15710433ns          264758 1c00873a 00b6a023 sw               x11, 0(x13)         x11:c12d6df0 x13:10001eac  PA:10001eac
15710453ns          264759 1c00873c 01770733 add              x14, x14, x23       x14=10001eb8 x14:0000006c x23:10001e4c
15710473ns          264760 1c00873e 017787b3 add              x15, x15, x23       x15=10001eb4 x15:00000068 x23:10001e4c
15710493ns          264761 1c008740 00072683 lw               x13, 0(x14)         x13=414fa648 x14:10001eb8  PA:10001eb8
15710513ns          264762 1c008742 0007a603 lw               x12, 0(x15)         x12=41140d5b x15:10001eb4  PA:10001eb4
15710533ns          264763 1c008744 01080813 addi             x16, x16, 16        x16=10001fc4 x16:10001fb4
15710552ns          264764 1c008746 00c6f5d3 fadd.s           f11, f13, f12       f11=xxxxxxxx f13:414fa648 f12:41140d5b
15710572ns          264765 1c00874a 08c6f6d3 fsub.s           f13, f13, f12       f13=xxxxxxxx f13:414fa648 f12:41140d5b
15710592ns          264766 1c00874e 00b72023 sw               x11, 0(x14)         x11:41b1d9d2 x14:10001eb8  PA:10001eb8
15710612ns          264767 1c008750 00d7a023 sw               x13, 0(x15)         x13:406e63b4 x15:10001eb4  PA:10001eb4
15710652ns          264769 1c00870e 00082683 lw               x13, 0(x16)         x13=0000001c x16:10001fc4  PA:10001fc4
15710672ns          264770 1c008712 00482603 lw               x12, 4(x16)         x12=0000001d x16:10001fc4  PA:10001fc8
15710692ns          264771 1c008716 00269693 slli             x13, x13, 0x2       x13=00000070 x13:0000001c
15710712ns          264772 1c008718 00261613 slli             x12, x12, 0x2       x12=00000074 x12:0000001d
15710731ns          264773 1c00871a 017686b3 add              x13, x13, x23       x13=10001ebc x13:00000070 x23:10001e4c
15710751ns          264774 1c00871c 01760633 add              x12, x12, x23       x12=10001ec0 x12:00000074 x23:10001e4c
15710771ns          264775 1c00871e 0006a583 lw               x11, 0(x13)         x11=c0a38fde x13:10001ebc  PA:10001ebc
15710791ns          264776 1c008720 00062503 lw               x10, 0(x12)         x10=c042cd92 x12:10001ec0  PA:10001ec0
15710811ns          264777 1c008722 00c82703 lw               x14, 12(x16)        x14=0000001f x16:10001fc4  PA:10001fd0
15710831ns          264778 1c008726 08a5f353 fsub.s           f6, f11, f10         f6=xxxxxxxx f11:c0a38fde f10:c042cd92
15710851ns          264779 1c00872a 00882783 lw               x15, 8(x16)         x15=0000001e x16:10001fc4  PA:10001fcc
15710871ns          264780 1c00872e 00a5f5d3 fadd.s           f11, f11, f10       f11=xxxxxxxx f11:c0a38fde f10:c042cd92
15710891ns          264781 1c008732 00662023 sw               x6, 0(x12)           x6:c004522a x12:10001ec0  PA:10001ec0
15710910ns          264782 1c008736 00271713 slli             x14, x14, 0x2       x14=0000007c x14:0000001f
15710930ns          264783 1c008738 00279793 slli             x15, x15, 0x2       x15=00000078 x15:0000001e
15710950ns          264784 1c00873a 00b6a023 sw               x11, 0(x13)         x11:c1027b54 x13:10001ebc  PA:10001ebc
15710970ns          264785 1c00873c 01770733 add              x14, x14, x23       x14=10001ec8 x14:0000007c x23:10001e4c
15710990ns          264786 1c00873e 017787b3 add              x15, x15, x23       x15=10001ec4 x15:00000078 x23:10001e4c
15711010ns          264787 1c008740 00072683 lw               x13, 0(x14)         x13=3fbce7ce x14:10001ec8  PA:10001ec8
15711030ns          264788 1c008742 0007a603 lw               x12, 0(x15)         x12=40fa71aa x15:10001ec4  PA:10001ec4
15711050ns          264789 1c008744 01080813 addi             x16, x16, 16        x16=10001fd4 x16:10001fc4
15711070ns          264790 1c008746 00c6f5d3 fadd.s           f11, f13, f12       f11=xxxxxxxx f13:3fbce7ce f12:40fa71aa
15711089ns          264791 1c00874a 08c6f6d3 fsub.s           f13, f13, f12       f13=xxxxxxxx f13:3fbce7ce f12:40fa71aa
15711109ns          264792 1c00874e 00b72023 sw               x11, 0(x14)         x11:4114d5cf x14:10001ec8  PA:10001ec8
15711129ns          264793 1c008750 00d7a023 sw               x13, 0(x15)         x13:c0cb37b6 x15:10001ec4  PA:10001ec4
15711149ns          264794 1c008752 03c12703 lw               x14, 60(x2)         x14=00000008  x2:10001dc8  PA:10001e04
15711189ns          264796 1c008754 08e05963 bge              x0, x14, 146        x14:00000008
15711209ns          264797 1c008758 03412783 lw               x15, 52(x2)         x15=00000020  x2:10001dc8  PA:10001dfc
15711229ns          264798 1c00875a 01c12b03 lw               x22, 28(x2)         x22=00000010  x2:10001dc8  PA:10001de4
15711249ns          264799 1c00875c 00279c13 slli             x24, x15, 0x2       x24=00000080 x15:00000020
15711268ns          264800 1c008760 1c000737 lui              x14, 0x1c000000     x14=1c000000
15711288ns          264801 1c008764 1c0007b7 lui              x15, 0x1c000000     x15=1c000000
15711308ns          264802 1c008768 02472a03 lw               x20, 36(x14)        x20=3f490fdb x14:1c000000  PA:1c000024
15711627ns          264818 1c00876c 0207a903 lw               x18, 32(x15)        x18=3fc90fdb x15:1c000000  PA:1c000020
15711925ns          264833 1c008770 02812703 lw               x14, 40(x2)         x14=10001f54  x2:10001dc8  PA:10001df0
15711945ns          264834 1c008772 03c12783 lw               x15, 60(x2)         x15=00000008  x2:10001dc8  PA:10001e04
15711965ns          264835 1c008774 d00b79d3 fcvt.s.w         f19, x22            f19=xxxxxxxx x22:00000010
15711985ns          264836 1c008778 002b1693 slli             x13, x22, 0x2       x13=00000040 x22:00000010
15712004ns          264837 1c00877c ffcc0c13 addi             x24, x24, -4        x24=0000007c x24:00000080
15712044ns          264839 1c00877e 00d70cb3 add              x25, x14, x13       x25=10001f94 x14:10001f54 x13:00000040
15712064ns          264840 1c008782 00ec0c33 add              x24, x24, x14       x24=10001fd0 x24:0000007c x14:10001f54
15712084ns          264841 1c008784 01678ab3 add              x21, x15, x22       x21=00000018 x15:00000008 x22:00000010
15712104ns          264842 1c008788 016007b3 add              x15, x0, x22        x15=00000010 x22:00000010
15712124ns          264843 1c00878a 060b0d63 beq              x22, x0, 122        x22:00000010
15712144ns          264844 1c00878e 00000713 addi             x14, x0, 0          x14=00000000
15712183ns          264846 1c008790 00f006b3 add              x13, x0, x15        x13=00000010 x15:00000010
15712223ns          264848 1c008792 fc1726b3 p.insert         x13, x14, 30, 1     x13=00000000 x13:00000010 x14:00000000
15712243ns          264849 1c008796 4017d793 srai             x15, x15, 0x401     x15=00000008 x15:00000010
15712263ns          264850 1c008798 00d00733 add              x14, x0, x13        x14=00000000 x13:00000000
15712283ns          264851 1c00879a fe079be3 bne              x15, x0, -10        x15:00000008
15712362ns          264855 1c008790 00f006b3 add              x13, x0, x15        x13=00000008 x15:00000008
15712382ns          264856 1c008792 fc1726b3 p.insert         x13, x14, 30, 1     x13=00000000 x13:00000008 x14:00000000
15712402ns          264857 1c008796 4017d793 srai             x15, x15, 0x401     x15=00000004 x15:00000008
15712422ns          264858 1c008798 00d00733 add              x14, x0, x13        x14=00000000 x13:00000000
15712442ns          264859 1c00879a fe079be3 bne              x15, x0, -10        x15:00000004
15712502ns          264862 1c008790 00f006b3 add              x13, x0, x15        x13=00000004 x15:00000004
15712522ns          264863 1c008792 fc1726b3 p.insert         x13, x14, 30, 1     x13=00000000 x13:00000004 x14:00000000
15712542ns          264864 1c008796 4017d793 srai             x15, x15, 0x401     x15=00000002 x15:00000004
15712561ns          264865 1c008798 00d00733 add              x14, x0, x13        x14=00000000 x13:00000000
15712581ns          264866 1c00879a fe079be3 bne              x15, x0, -10        x15:00000002
15712641ns          264869 1c008790 00f006b3 add              x13, x0, x15        x13=00000002 x15:00000002
15712661ns          264870 1c008792 fc1726b3 p.insert         x13, x14, 30, 1     x13=00000000 x13:00000002 x14:00000000
15712681ns          264871 1c008796 4017d793 srai             x15, x15, 0x401     x15=00000001 x15:00000002
15712701ns          264872 1c008798 00d00733 add              x14, x0, x13        x14=00000000 x13:00000000
15712721ns          264873 1c00879a fe079be3 bne              x15, x0, -10        x15:00000001
15712780ns          264876 1c008790 00f006b3 add              x13, x0, x15        x13=00000001 x15:00000001
15712800ns          264877 1c008792 fc1726b3 p.insert         x13, x14, 30, 1     x13=00000001 x13:00000001 x14:00000000
15712820ns          264878 1c008796 4017d793 srai             x15, x15, 0x401     x15=00000000 x15:00000001
15712840ns          264879 1c008798 00d00733 add              x14, x0, x13        x14=00000001 x13:00000001
15712860ns          264880 1c00879a fe079be3 bne              x15, x0, -10        x15:00000000
15712880ns          264881 1c00879c d006f453 fcvt.s.w         f8, x13              f8=xxxxxxxx x13:00000001
15712900ns          264882 1c0087a0 11447453 fmul.s           f8, f8, f20          f8=xxxxxxxx  f8:3f800000 f20:3f490fdb
15712919ns          264883 1c0087a4 19347453 fdiv.s           f8, f8, f19          f8=xxxxxxxx  f8:3f490fdb f19:41800000
15713297ns          264902 1c0087a8 00800533 add              x10, x0, x8         x10=3d490fdb  x8:3d490fdb
15713317ns          264903 1c0087aa 66a000ef jal              x1, 1642             x1=1c0087ac
15713397ns          264907 1c008e14 a0a527d3 feq.s            x15, f10, f10       x15=00000001 f10:3d490fdb f10:3d490fdb
15713437ns          264909 1c008e18 0a078b63 beq              x15, x0, 182        x15:00000001
15713456ns          264910 1c008e1a e00517d3 fclass.s         x15, f10            x15=00000040 f10:3d490fdb
15713516ns          264913 1c008e1e 0817f793 andi             x15, x15, 129       x15=00000000 x15:00000040
15713536ns          264914 1c008e22 0a079663 bne              x15, x0, 172        x15:00000000
15713556ns          264915 1c008e24 00000793 addi             x15, x0, 0          x15=00000000
15713576ns          264916 1c008e28 a0f517d3 flt.s            x15, f10, f15       x15=00000000 f10:3d490fdb f15:00000000
15713596ns          264917 1c008e2c 0a079663 bne              x15, x0, 172        x15:00000000
15713655ns          264920 1c008e2e 1c000737 lui              x14, 0x1c000000     x14=1c000000
15713695ns          264922 1c008e32 16072783 lw               x15, 352(x14)       x15=40c90fdb x14:1c000000  PA:1c000160
15714013ns          264938 1c008e36 a0a797d3 flt.s            x15, f15, f10       x15=00000000 f15:40c90fdb f10:3d490fdb
15714033ns          264939 1c008e3a 00078b63 beq              x15, x0, 22         x15:00000000
15714093ns          264942 1c008e50 00000793 addi             x15, x0, 0          x15=00000000
15714113ns          264943 1c008e54 a0f517d3 flt.s            x15, f10, f15       x15=00000000 f10:3d490fdb f15:00000000
15714133ns          264944 1c008e58 08079a63 bne              x15, x0, 148        x15:00000000
15714153ns          264945 1c008e5a 1c0007b7 lui              x15, 0x1c000000     x15=1c000000
15714173ns          264946 1c008e5e 0207a783 lw               x15, 32(x15)        x15=3fc90fdb x15:1c000000  PA:1c000020
15714491ns          264962 1c008e62 a0f517d3 flt.s            x15, f10, f15       x15=00000001 f10:3d490fdb f15:3fc90fdb
15714511ns          264963 1c008e66 02079563 bne              x15, x0, 42         x15:00000001
15714570ns          264966 1c008e90 10a57553 fmul.s           f10, f10, f10       f10=xxxxxxxx f10:3d490fdb f10:3d490fdb
15714590ns          264967 1c008e94 1c0007b7 lui              x15, 0x1c000000     x15=1c000000
15714610ns          264968 1c008e98 1c000737 lui              x14, 0x1c000000     x14=1c000000
15714630ns          264969 1c008e9c 16872703 lw               x14, 360(x14)       x14=bab59551 x14:1c000000  PA:1c000168
15714968ns          264986 1c008ea0 1647a783 lw               x15, 356(x15)       x15=37c23ab1 x15:1c000000  PA:1c000164
15715286ns          265002 1c008ea4 70f577c3 fmadd.s          f15, f10, f15, f14  f15=xxxxxxxx f10:3b1de9e7 f15:37c23ab1 f14:bab59551
15715306ns          265003 1c008ea8 1c000737 lui              x14, 0x1c000000     x14=1c000000
15715326ns          265004 1c008eac 16c72703 lw               x14, 364(x14)       x14=3d2aa76f x14:1c000000  PA:1c00016c
15715664ns          265021 1c008eb0 70f577c3 fmadd.s          f15, f10, f15, f14  f15=xxxxxxxx f10:3b1de9e7 f15:bab59372 f14:3d2aa76f
15715684ns          265022 1c008eb4 1c000737 lui              x14, 0x1c000000     x14=1c000000
15715704ns          265023 1c008eb8 17072703 lw               x14, 368(x14)       x14=beffffe0 x14:1c000000  PA:1c000170
15716022ns          265039 1c008ebc 70f577c3 fmadd.s          f15, f10, f15, f14  f15=xxxxxxxx f10:3b1de9e7 f15:3d2aa3ef f14:beffffe0
15716042ns          265040 1c008ec0 1c000737 lui              x14, 0x1c000000     x14=1c000000
15716062ns          265041 1c008ec4 19c72703 lw               x14, 412(x14)       x14=3f7fffff x14:1c000000  PA:1c00019c
15716380ns          265057 1c008ec8 70f57543 fmadd.s          f10, f10, f15, f14  f10=xxxxxxxx f10:3b1de9e7 f15:befff2b8 f14:3f7fffff
15716400ns          265058 1c008ecc 00008067 jalr             x0, x1, 0            x1:1c0087ac
15716480ns          265062 1c0087ac 00a004b3 add              x9, x0, x10          x9=3f7fb10e x10:3f7fb10e
15716559ns          265066 1c0087ae 08897553 fsub.s           f10, f18, f8        f10=xxxxxxxx f18:3fc90fdb  f8:3d490fdb
15716579ns          265067 1c0087b2 001b0b13 addi             x22, x22, 1         x22=00000011 x22:00000010
15716599ns          265068 1c0087b4 660000ef jal              x1, 1632             x1=1c0087b6
15716639ns          265070 1c008e14 a0a527d3 feq.s            x15, f10, f10       x15=00000001 f10:3fc2c75c f10:3fc2c75c
15716659ns          265071 1c008e18 0a078b63 beq              x15, x0, 182        x15:00000001
15716679ns          265072 1c008e1a e00517d3 fclass.s         x15, f10            x15=00000040 f10:3fc2c75c
15716738ns          265075 1c008e1e 0817f793 andi             x15, x15, 129       x15=00000000 x15:00000040
15716758ns          265076 1c008e22 0a079663 bne              x15, x0, 172        x15:00000000
15716778ns          265077 1c008e24 00000793 addi             x15, x0, 0          x15=00000000
15716798ns          265078 1c008e28 a0f517d3 flt.s            x15, f10, f15       x15=00000000 f10:3fc2c75c f15:00000000
15716818ns          265079 1c008e2c 0a079663 bne              x15, x0, 172        x15:00000000
15716878ns          265082 1c008e2e 1c000737 lui              x14, 0x1c000000     x14=1c000000
15716917ns          265084 1c008e32 16072783 lw               x15, 352(x14)       x15=40c90fdb x14:1c000000  PA:1c000160
15717256ns          265101 1c008e36 a0a797d3 flt.s            x15, f15, f10       x15=00000000 f15:40c90fdb f10:3fc2c75c
15717276ns          265102 1c008e3a 00078b63 beq              x15, x0, 22         x15:00000000
15717375ns          265107 1c008e50 00000793 addi             x15, x0, 0          x15=00000000
15717415ns          265109 1c008e54 a0f517d3 flt.s            x15, f10, f15       x15=00000000 f10:3fc2c75c f15:00000000
15717435ns          265110 1c008e58 08079a63 bne              x15, x0, 148        x15:00000000
15717455ns          265111 1c008e5a 1c0007b7 lui              x15, 0x1c000000     x15=1c000000
15717474ns          265112 1c008e5e 0207a783 lw               x15, 32(x15)        x15=3fc90fdb x15:1c000000  PA:1c000020
15717793ns          265128 1c008e62 a0f517d3 flt.s            x15, f10, f15       x15=00000001 f10:3fc2c75c f15:3fc90fdb
15717813ns          265129 1c008e66 02079563 bne              x15, x0, 42         x15:00000001
15717872ns          265132 1c008e90 10a57553 fmul.s           f10, f10, f10       f10=xxxxxxxx f10:3fc2c75c f10:3fc2c75c
15717892ns          265133 1c008e94 1c0007b7 lui              x15, 0x1c000000     x15=1c000000
15717912ns          265134 1c008e98 1c000737 lui              x14, 0x1c000000     x14=1c000000
15717932ns          265135 1c008e9c 16872703 lw               x14, 360(x14)       x14=bab59551 x14:1c000000  PA:1c000168
15718230ns          265150 1c008ea0 1647a783 lw               x15, 356(x15)       x15=37c23ab1 x15:1c000000  PA:1c000164
15718568ns          265167 1c008ea4 70f577c3 fmadd.s          f15, f10, f15, f14  f15=xxxxxxxx f10:401432c3 f15:37c23ab1 f14:bab59551
15718588ns          265168 1c008ea8 1c000737 lui              x14, 0x1c000000     x14=1c000000
15718608ns          265169 1c008eac 16c72703 lw               x14, 364(x14)       x14=3d2aa76f x14:1c000000  PA:1c00016c
15718946ns          265186 1c008eb0 70f577c3 fmadd.s          f15, f10, f15, f14  f15=xxxxxxxx f10:401432c3 f15:baae8e4a f14:3d2aa76f
15718966ns          265187 1c008eb4 1c000737 lui              x14, 0x1c000000     x14=1c000000
15718986ns          265188 1c008eb8 17072703 lw               x14, 368(x14)       x14=beffffe0 x14:1c000000  PA:1c000170
15719304ns          265204 1c008ebc 70f577c3 fmadd.s          f15, f10, f15, f14  f15=xxxxxxxx f10:401432c3 f15:3d1e05d3 f14:beffffe0
15719324ns          265205 1c008ec0 1c000737 lui              x14, 0x1c000000     x14=1c000000
15719344ns          265206 1c008ec4 19c72703 lw               x14, 412(x14)       x14=3f7fffff x14:1c000000  PA:1c00019c
15719682ns          265223 1c008ec8 70f57543 fmadd.s          f10, f10, f15, f14  f10=xxxxxxxx f10:401432c3 f15:bed24286 f14:3f7fffff
15719702ns          265224 1c008ecc 00008067 jalr             x0, x1, 0            x1:1c0087b6
15719762ns          265227 1c0087b6 004ca78b p.lw             x15, 4(x25!)        x15=00000010 x25=10001f98 x25:10001f94  PA:10001f94
15719782ns          265228 1c0087ba ffcc270b p.lw             x14, -4(x24!)       x14=0000001f x24=10001fcc x24:10001fd0  PA:10001fd0
15719802ns          265229 1c0087be 00279793 slli             x15, x15, 0x2       x15=00000040 x15:00000010
15719841ns          265231 1c0087c0 017787b3 add              x15, x15, x23       x15=10001e8c x15:00000040 x23:10001e4c
15719861ns          265232 1c0087c2 00271713 slli             x14, x14, 0x2       x14=0000007c x14:0000001f
15719881ns          265233 1c0087c4 0007a583 lw               x11, 0(x15)         x11=c0488b68 x15:10001e8c  PA:10001e8c
15719921ns          265235 1c0087c6 01770733 add              x14, x14, x23       x14=10001ec8 x14:0000007c x23:10001e4c
15719941ns          265236 1c0087c8 00072683 lw               x13, 0(x14)         x13=4114d5cf x14:10001ec8  PA:10001ec8
15719961ns          265237 1c0087ca 20949653 fsgnjn.s         f12, f9, f9         f12=xxxxxxxx  f9:3f7fb10e  f9:3f7fb10e
15719981ns          265238 1c0087ce 10b67653 fmul.s           f12, f12, f11       f12=xxxxxxxx f12:bf7fb10e f11:c0488b68
15720020ns          265240 1c0087d2 10d4f4d3 fmul.s           f9, f9, f13          f9=xxxxxxxx  f9:3f7fb10e f13:4114d5cf
15720040ns          265241 1c0087d6 60d576c3 fmadd.s          f13, f10, f13, f12  f13=xxxxxxxx f10:3d48fb1c f13:4114d5cf f12:40484d90
15720060ns          265242 1c0087da 48b57543 fmadd.s          f10, f10, f11, f9   f10=xxxxxxxx f10:3d48fb1c f11:c0488b68  f9:4114a7e9
15720080ns          265243 1c0087de 00d72023 sw               x13, 0(x14)         x13:406583d2 x14:10001ec8  PA:10001ec8
15720120ns          265245 1c0087e0 00a7a023 sw               x10, 0(x15)         x10:41123223 x15:10001e8c  PA:10001e8c
15720160ns          265247 1c0087e2 fb5b13e3 bne              x22, x21, -90       x22:00000011 x21:00000018
15720219ns          265250 1c008788 016007b3 add              x15, x0, x22        x15=00000011 x22:00000011
15720239ns          265251 1c00878a 060b0d63 beq              x22, x0, 122        x22:00000011
15720259ns          265252 1c00878e 00000713 addi             x14, x0, 0          x14=00000000
15720279ns          265253 1c008790 00f006b3 add              x13, x0, x15        x13=00000011 x15:00000011
15720299ns          265254 1c008792 fc1726b3 p.insert         x13, x14, 30, 1     x13=00000001 x13:00000011 x14:00000000
15720319ns          265255 1c008796 4017d793 srai             x15, x15, 0x401     x15=00000008 x15:00000011
15720339ns          265256 1c008798 00d00733 add              x14, x0, x13        x14=00000001 x13:00000001
15720359ns          265257 1c00879a fe079be3 bne              x15, x0, -10        x15:00000008
15720418ns          265260 1c008790 00f006b3 add              x13, x0, x15        x13=00000008 x15:00000008
15720438ns          265261 1c008792 fc1726b3 p.insert         x13, x14, 30, 1     x13=00000002 x13:00000008 x14:00000001
15720458ns          265262 1c008796 4017d793 srai             x15, x15, 0x401     x15=00000004 x15:00000008
15720478ns          265263 1c008798 00d00733 add              x14, x0, x13        x14=00000002 x13:00000002
15720498ns          265264 1c00879a fe079be3 bne              x15, x0, -10        x15:00000004
15720557ns          265267 1c008790 00f006b3 add              x13, x0, x15        x13=00000004 x15:00000004
15720577ns          265268 1c008792 fc1726b3 p.insert         x13, x14, 30, 1     x13=00000004 x13:00000004 x14:00000002
15720597ns          265269 1c008796 4017d793 srai             x15, x15, 0x401     x15=00000002 x15:00000004
15720617ns          265270 1c008798 00d00733 add              x14, x0, x13        x14=00000004 x13:00000004
15720637ns          265271 1c00879a fe079be3 bne              x15, x0, -10        x15:00000002
15720697ns          265274 1c008790 00f006b3 add              x13, x0, x15        x13=00000002 x15:00000002
15720717ns          265275 1c008792 fc1726b3 p.insert         x13, x14, 30, 1     x13=00000008 x13:00000002 x14:00000004
15720736ns          265276 1c008796 4017d793 srai             x15, x15, 0x401     x15=00000001 x15:00000002
15720756ns          265277 1c008798 00d00733 add              x14, x0, x13        x14=00000008 x13:00000008
15720776ns          265278 1c00879a fe079be3 bne              x15, x0, -10        x15:00000001
15720836ns          265281 1c008790 00f006b3 add              x13, x0, x15        x13=00000001 x15:00000001
15720856ns          265282 1c008792 fc1726b3 p.insert         x13, x14, 30, 1     x13=00000011 x13:00000001 x14:00000008
15720876ns          265283 1c008796 4017d793 srai             x15, x15, 0x401     x15=00000000 x15:00000001
15720896ns          265284 1c008798 00d00733 add              x14, x0, x13        x14=00000011 x13:00000011
15720916ns          265285 1c00879a fe079be3 bne              x15, x0, -10        x15:00000000
15720935ns          265286 1c00879c d006f453 fcvt.s.w         f8, x13              f8=xxxxxxxx x13:00000011
15720955ns          265287 1c0087a0 11447453 fmul.s           f8, f8, f20          f8=xxxxxxxx  f8:41880000 f20:3f490fdb
15720975ns          265288 1c0087a4 19347453 fdiv.s           f8, f8, f19          f8=xxxxxxxx  f8:4155a0d9 f19:41800000
15721293ns          265304 1c0087a8 00800533 add              x10, x0, x8         x10=3f55a0d9  x8:3f55a0d9
15721313ns          265305 1c0087aa 66a000ef jal              x1, 1642             x1=1c0087ac
15721353ns          265307 1c008e14 a0a527d3 feq.s            x15, f10, f10       x15=00000001 f10:3f55a0d9 f10:3f55a0d9
15721373ns          265308 1c008e18 0a078b63 beq              x15, x0, 182        x15:00000001
15721393ns          265309 1c008e1a e00517d3 fclass.s         x15, f10            x15=00000040 f10:3f55a0d9
15721413ns          265310 1c008e1e 0817f793 andi             x15, x15, 129       x15=00000000 x15:00000040
15721433ns          265311 1c008e22 0a079663 bne              x15, x0, 172        x15:00000000
15721453ns          265312 1c008e24 00000793 addi             x15, x0, 0          x15=00000000
15721472ns          265313 1c008e28 a0f517d3 flt.s            x15, f10, f15       x15=00000000 f10:3f55a0d9 f15:00000000
15721492ns          265314 1c008e2c 0a079663 bne              x15, x0, 172        x15:00000000
15721512ns          265315 1c008e2e 1c000737 lui              x14, 0x1c000000     x14=1c000000
15721532ns          265316 1c008e32 16072783 lw               x15, 352(x14)       x15=40c90fdb x14:1c000000  PA:1c000160
15721850ns          265332 1c008e36 a0a797d3 flt.s            x15, f15, f10       x15=00000000 f15:40c90fdb f10:3f55a0d9
15721870ns          265333 1c008e3a 00078b63 beq              x15, x0, 22         x15:00000000
15721930ns          265336 1c008e50 00000793 addi             x15, x0, 0          x15=00000000
15721950ns          265337 1c008e54 a0f517d3 flt.s            x15, f10, f15       x15=00000000 f10:3f55a0d9 f15:00000000
15721970ns          265338 1c008e58 08079a63 bne              x15, x0, 148        x15:00000000
15721990ns          265339 1c008e5a 1c0007b7 lui              x15, 0x1c000000     x15=1c000000
15722010ns          265340 1c008e5e 0207a783 lw               x15, 32(x15)        x15=3fc90fdb x15:1c000000  PA:1c000020
15722407ns          265360 1c008e62 a0f517d3 flt.s            x15, f10, f15       x15=00000001 f10:3f55a0d9 f15:3fc90fdb
15722427ns          265361 1c008e66 02079563 bne              x15, x0, 42         x15:00000001
15722487ns          265364 1c008e90 10a57553 fmul.s           f10, f10, f10       f10=xxxxxxxx f10:3f55a0d9 f10:3f55a0d9
15722507ns          265365 1c008e94 1c0007b7 lui              x15, 0x1c000000     x15=1c000000
15722527ns          265366 1c008e98 1c000737 lui              x14, 0x1c000000     x14=1c000000
15722547ns          265367 1c008e9c 16872703 lw               x14, 360(x14)       x14=bab59551 x14:1c000000  PA:1c000168
15722845ns          265382 1c008ea0 1647a783 lw               x15, 356(x15)       x15=37c23ab1 x15:1c000000  PA:1c000164
15723163ns          265398 1c008ea4 70f577c3 fmadd.s          f15, f10, f15, f14  f15=xxxxxxxx f10:3f32450e f15:37c23ab1 f14:bab59551
15723183ns          265399 1c008ea8 1c000737 lui              x14, 0x1c000000     x14=1c000000
15723203ns          265400 1c008eac 16c72703 lw               x14, 364(x14)       x14=3d2aa76f x14:1c000000  PA:1c00016c
15723521ns          265416 1c008eb0 70f577c3 fmadd.s          f15, f10, f15, f14  f15=xxxxxxxx f10:3f32450e f15:bab3784c f14:3d2aa76f
15723541ns          265417 1c008eb4 1c000737 lui              x14, 0x1c000000     x14=1c000000
15723561ns          265418 1c008eb8 17072703 lw               x14, 368(x14)       x14=beffffe0 x14:1c000000  PA:1c000170
15723879ns          265434 1c008ebc 70f577c3 fmadd.s          f15, f10, f15, f14  f15=xxxxxxxx f10:3f32450e f15:3d26bf9f f14:beffffe0
15723899ns          265435 1c008ec0 1c000737 lui              x14, 0x1c000000     x14=1c000000
15723919ns          265436 1c008ec4 19c72703 lw               x14, 412(x14)       x14=3f7fffff x14:1c000000  PA:1c00019c
15724277ns          265454 1c008ec8 70f57543 fmadd.s          f10, f10, f15, f14  f10=xxxxxxxx f10:3f32450e f15:bef17c19 f14:3f7fffff
15724297ns          265455 1c008ecc 00008067 jalr             x0, x1, 0            x1:1c0087ac
15724337ns          265457 1c0087ac 00a004b3 add              x9, x0, x10          x9=3f2beb48 x10:3f2beb48
15724357ns          265458 1c0087ae 08897553 fsub.s           f10, f18, f8        f10=xxxxxxxx f18:3fc90fdb  f8:3f55a0d9
15724376ns          265459 1c0087b2 001b0b13 addi             x22, x22, 1         x22=00000012 x22:00000011
15724396ns          265460 1c0087b4 660000ef jal              x1, 1632             x1=1c0087b6
15724436ns          265462 1c008e14 a0a527d3 feq.s            x15, f10, f10       x15=00000001 f10:3f3c7edd f10:3f3c7edd
15724456ns          265463 1c008e18 0a078b63 beq              x15, x0, 182        x15:00000001
15724476ns          265464 1c008e1a e00517d3 fclass.s         x15, f10            x15=00000040 f10:3f3c7edd
15724496ns          265465 1c008e1e 0817f793 andi             x15, x15, 129       x15=00000000 x15:00000040
15724516ns          265466 1c008e22 0a079663 bne              x15, x0, 172        x15:00000000
15724536ns          265467 1c008e24 00000793 addi             x15, x0, 0          x15=00000000
15724556ns          265468 1c008e28 a0f517d3 flt.s            x15, f10, f15       x15=00000000 f10:3f3c7edd f15:00000000
15724575ns          265469 1c008e2c 0a079663 bne              x15, x0, 172        x15:00000000
15724595ns          265470 1c008e2e 1c000737 lui              x14, 0x1c000000     x14=1c000000
15724615ns          265471 1c008e32 16072783 lw               x15, 352(x14)       x15=40c90fdb x14:1c000000  PA:1c000160
15724953ns          265488 1c008e36 a0a797d3 flt.s            x15, f15, f10       x15=00000000 f15:40c90fdb f10:3f3c7edd
15724973ns          265489 1c008e3a 00078b63 beq              x15, x0, 22         x15:00000000
15725033ns          265492 1c008e50 00000793 addi             x15, x0, 0          x15=00000000
15725053ns          265493 1c008e54 a0f517d3 flt.s            x15, f10, f15       x15=00000000 f10:3f3c7edd f15:00000000
15725073ns          265494 1c008e58 08079a63 bne              x15, x0, 148        x15:00000000
15725093ns          265495 1c008e5a 1c0007b7 lui              x15, 0x1c000000     x15=1c000000
15725112ns          265496 1c008e5e 0207a783 lw               x15, 32(x15)        x15=3fc90fdb x15:1c000000  PA:1c000020
15725451ns          265513 1c008e62 a0f517d3 flt.s            x15, f10, f15       x15=00000001 f10:3f3c7edd f15:3fc90fdb
15725470ns          265514 1c008e66 02079563 bne              x15, x0, 42         x15:00000001
15725530ns          265517 1c008e90 10a57553 fmul.s           f10, f10, f10       f10=xxxxxxxx f10:3f3c7edd f10:3f3c7edd
15725550ns          265518 1c008e94 1c0007b7 lui              x15, 0x1c000000     x15=1c000000
15725570ns          265519 1c008e98 1c000737 lui              x14, 0x1c000000     x14=1c000000
15725590ns          265520 1c008e9c 16872703 lw               x14, 360(x14)       x14=bab59551 x14:1c000000  PA:1c000168
15725888ns          265535 1c008ea0 1647a783 lw               x15, 356(x15)       x15=37c23ab1 x15:1c000000  PA:1c000164
15726206ns          265551 1c008ea4 70f577c3 fmadd.s          f15, f10, f15, f14  f15=xxxxxxxx f10:3f0aca93 f15:37c23ab1 f14:bab59551
15726226ns          265552 1c008ea8 1c000737 lui              x14, 0x1c000000     x14=1c000000
15726246ns          265553 1c008eac 16c72703 lw               x14, 364(x14)       x14=3d2aa76f x14:1c000000  PA:1c00016c
15726564ns          265569 1c008eb0 70f577c3 fmadd.s          f15, f10, f15, f14  f15=xxxxxxxx f10:3f0aca93 f15:bab3f01c f14:3d2aa76f
15726584ns          265570 1c008eb4 1c000737 lui              x14, 0x1c000000     x14=1c000000
15726604ns          265571 1c008eb8 17072703 lw               x14, 368(x14)       x14=beffffe0 x14:1c000000  PA:1c000170
15726923ns          265587 1c008ebc 70f577c3 fmadd.s          f15, f10, f15, f14  f15=xxxxxxxx f10:3f0aca93 f15:3d279b00 f14:beffffe0
15726942ns          265588 1c008ec0 1c000737 lui              x14, 0x1c000000     x14=1c000000
15726962ns          265589 1c008ec4 19c72703 lw               x14, 412(x14)       x14=3f7fffff x14:1c000000  PA:1c00019c
15727281ns          265605 1c008ec8 70f57543 fmadd.s          f10, f10, f15, f14  f10=xxxxxxxx f10:3f0aca93 f15:bef4a41a f14:3f7fffff
15727300ns          265606 1c008ecc 00008067 jalr             x0, x1, 0            x1:1c0087b6
15727360ns          265609 1c0087b6 004ca78b p.lw             x15, 4(x25!)        x15=00000011 x25=10001f9c x25:10001f98  PA:10001f98
15727380ns          265610 1c0087ba ffcc270b p.lw             x14, -4(x24!)       x14=0000001e x24=10001fc8 x24:10001fcc  PA:10001fcc
15727400ns          265611 1c0087be 00279793 slli             x15, x15, 0x2       x15=00000044 x15:00000011
15727420ns          265612 1c0087c0 017787b3 add              x15, x15, x23       x15=10001e90 x15:00000044 x23:10001e4c
15727440ns          265613 1c0087c2 00271713 slli             x14, x14, 0x2       x14=00000078 x14:0000001e
15727460ns          265614 1c0087c4 0007a583 lw               x11, 0(x15)         x11=415f97b6 x15:10001e90  PA:10001e90
15727479ns          265615 1c0087c6 01770733 add              x14, x14, x23       x14=10001ec4 x14:00000078 x23:10001e4c
15727499ns          265616 1c0087c8 00072683 lw               x13, 0(x14)         x13=c0cb37b6 x14:10001ec4  PA:10001ec4
15727519ns          265617 1c0087ca 20949653 fsgnjn.s         f12, f9, f9         f12=xxxxxxxx  f9:3f2beb48  f9:3f2beb48
15727539ns          265618 1c0087ce 10b67653 fmul.s           f12, f12, f11       f12=xxxxxxxx f12:bf2beb48 f11:415f97b6
15727559ns          265619 1c0087d2 10d4f4d3 fmul.s           f9, f9, f13          f9=xxxxxxxx  f9:3f2beb48 f13:c0cb37b6
15727579ns          265620 1c0087d6 60d576c3 fmadd.s          f13, f10, f13, f12  f13=xxxxxxxx f10:3f3daef9 f13:c0cb37b6 f12:c11627d6
15727599ns          265621 1c0087da 48b57543 fmadd.s          f10, f10, f11, f9   f10=xxxxxxxx f10:3f3daef9 f11:415f97b6  f9:c08878fc
15727619ns          265622 1c0087de 00d72023 sw               x13, 0(x14)         x13:c1617159 x14:10001ec4  PA:10001ec4
15727639ns          265623 1c0087e0 00a7a023 sw               x10, 0(x15)         x10:40c2deac x15:10001e90  PA:10001e90
15727658ns          265624 1c0087e2 fb5b13e3 bne              x22, x21, -90       x22:00000012 x21:00000018
15727778ns          265630 1c008788 016007b3 add              x15, x0, x22        x15=00000012 x22:00000012
15727798ns          265631 1c00878a 060b0d63 beq              x22, x0, 122        x22:00000012
15727818ns          265632 1c00878e 00000713 addi             x14, x0, 0          x14=00000000
15727837ns          265633 1c008790 00f006b3 add              x13, x0, x15        x13=00000012 x15:00000012
15727857ns          265634 1c008792 fc1726b3 p.insert         x13, x14, 30, 1     x13=00000000 x13:00000012 x14:00000000
15727877ns          265635 1c008796 4017d793 srai             x15, x15, 0x401     x15=00000009 x15:00000012
15727897ns          265636 1c008798 00d00733 add              x14, x0, x13        x14=00000000 x13:00000000
15727917ns          265637 1c00879a fe079be3 bne              x15, x0, -10        x15:00000009
15727977ns          265640 1c008790 00f006b3 add              x13, x0, x15        x13=00000009 x15:00000009
15727997ns          265641 1c008792 fc1726b3 p.insert         x13, x14, 30, 1     x13=00000001 x13:00000009 x14:00000000
15728017ns          265642 1c008796 4017d793 srai             x15, x15, 0x401     x15=00000004 x15:00000009
15728036ns          265643 1c008798 00d00733 add              x14, x0, x13        x14=00000001 x13:00000001
15728056ns          265644 1c00879a fe079be3 bne              x15, x0, -10        x15:00000004
15728116ns          265647 1c008790 00f006b3 add              x13, x0, x15        x13=00000004 x15:00000004
15728136ns          265648 1c008792 fc1726b3 p.insert         x13, x14, 30, 1     x13=00000002 x13:00000004 x14:00000001
15728156ns          265649 1c008796 4017d793 srai             x15, x15, 0x401     x15=00000002 x15:00000004
15728176ns          265650 1c008798 00d00733 add              x14, x0, x13        x14=00000002 x13:00000002
15728196ns          265651 1c00879a fe079be3 bne              x15, x0, -10        x15:00000002
15728255ns          265654 1c008790 00f006b3 add              x13, x0, x15        x13=00000002 x15:00000002
15728275ns          265655 1c008792 fc1726b3 p.insert         x13, x14, 30, 1     x13=00000004 x13:00000002 x14:00000002
15728295ns          265656 1c008796 4017d793 srai             x15, x15, 0x401     x15=00000001 x15:00000002
15728315ns          265657 1c008798 00d00733 add              x14, x0, x13        x14=00000004 x13:00000004
15728335ns          265658 1c00879a fe079be3 bne              x15, x0, -10        x15:00000001
15728394ns          265661 1c008790 00f006b3 add              x13, x0, x15        x13=00000001 x15:00000001
15728414ns          265662 1c008792 fc1726b3 p.insert         x13, x14, 30, 1     x13=00000009 x13:00000001 x14:00000004
15728434ns          265663 1c008796 4017d793 srai             x15, x15, 0x401     x15=00000000 x15:00000001
15728454ns          265664 1c008798 00d00733 add              x14, x0, x13        x14=00000009 x13:00000009
15728474ns          265665 1c00879a fe079be3 bne              x15, x0, -10        x15:00000000
15728494ns          265666 1c00879c d006f453 fcvt.s.w         f8, x13              f8=xxxxxxxx x13:00000009
15728514ns          265667 1c0087a0 11447453 fmul.s           f8, f8, f20          f8=xxxxxxxx  f8:41100000 f20:3f490fdb
15728534ns          265668 1c0087a4 19347453 fdiv.s           f8, f8, f19          f8=xxxxxxxx  f8:40e231d6 f19:41800000
15728812ns          265682 1c0087a8 00800533 add              x10, x0, x8         x10=3ee231d6  x8:3ee231d6
15728832ns          265683 1c0087aa 66a000ef jal              x1, 1642             x1=1c0087ac
15728872ns          265685 1c008e14 a0a527d3 feq.s            x15, f10, f10       x15=00000001 f10:3ee231d6 f10:3ee231d6
15728892ns          265686 1c008e18 0a078b63 beq              x15, x0, 182        x15:00000001
15728912ns          265687 1c008e1a e00517d3 fclass.s         x15, f10            x15=00000040 f10:3ee231d6
15728931ns          265688 1c008e1e 0817f793 andi             x15, x15, 129       x15=00000000 x15:00000040
15728951ns          265689 1c008e22 0a079663 bne              x15, x0, 172        x15:00000000
15728971ns          265690 1c008e24 00000793 addi             x15, x0, 0          x15=00000000
15728991ns          265691 1c008e28 a0f517d3 flt.s            x15, f10, f15       x15=00000000 f10:3ee231d6 f15:00000000
15729011ns          265692 1c008e2c 0a079663 bne              x15, x0, 172        x15:00000000
15729031ns          265693 1c008e2e 1c000737 lui              x14, 0x1c000000     x14=1c000000
15729051ns          265694 1c008e32 16072783 lw               x15, 352(x14)       x15=40c90fdb x14:1c000000  PA:1c000160
15729389ns          265711 1c008e36 a0a797d3 flt.s            x15, f15, f10       x15=00000000 f15:40c90fdb f10:3ee231d6
15729409ns          265712 1c008e3a 00078b63 beq              x15, x0, 22         x15:00000000
15729469ns          265715 1c008e50 00000793 addi             x15, x0, 0          x15=00000000
15729488ns          265716 1c008e54 a0f517d3 flt.s            x15, f10, f15       x15=00000000 f10:3ee231d6 f15:00000000
15729508ns          265717 1c008e58 08079a63 bne              x15, x0, 148        x15:00000000
15729528ns          265718 1c008e5a 1c0007b7 lui              x15, 0x1c000000     x15=1c000000
15729548ns          265719 1c008e5e 0207a783 lw               x15, 32(x15)        x15=3fc90fdb x15:1c000000  PA:1c000020
15729886ns          265736 1c008e62 a0f517d3 flt.s            x15, f10, f15       x15=00000001 f10:3ee231d6 f15:3fc90fdb
15729906ns          265737 1c008e66 02079563 bne              x15, x0, 42         x15:00000001
15729966ns          265740 1c008e90 10a57553 fmul.s           f10, f10, f10       f10=xxxxxxxx f10:3ee231d6 f10:3ee231d6
15729986ns          265741 1c008e94 1c0007b7 lui              x15, 0x1c000000     x15=1c000000
15730006ns          265742 1c008e98 1c000737 lui              x14, 0x1c000000     x14=1c000000
15730025ns          265743 1c008e9c 16872703 lw               x14, 360(x14)       x14=bab59551 x14:1c000000  PA:1c000168
15730344ns          265759 1c008ea0 1647a783 lw               x15, 356(x15)       x15=37c23ab1 x15:1c000000  PA:1c000164
15730662ns          265775 1c008ea4 70f577c3 fmadd.s          f15, f10, f15, f14  f15=xxxxxxxx f10:3e47dc08 f15:37c23ab1 f14:bab59551
15730682ns          265776 1c008ea8 1c000737 lui              x14, 0x1c000000     x14=1c000000
15730702ns          265777 1c008eac 16c72703 lw               x14, 364(x14)       x14=3d2aa76f x14:1c000000  PA:1c00016c
15731020ns          265793 1c008eb0 70f577c3 fmadd.s          f15, f10, f15, f14  f15=xxxxxxxx f10:3e47dc08 f15:bab4fdae f14:3d2aa76f
15731040ns          265794 1c008eb4 1c000737 lui              x14, 0x1c000000     x14=1c000000
15731060ns          265795 1c008eb8 17072703 lw               x14, 368(x14)       x14=beffffe0 x14:1c000000  PA:1c000170
15731398ns          265812 1c008ebc 70f577c3 fmadd.s          f15, f10, f15, f14  f15=xxxxxxxx f10:3e47dc08 f15:3d298cd5 f14:beffffe0
15731418ns          265813 1c008ec0 1c000737 lui              x14, 0x1c000000     x14=1c000000
15731438ns          265814 1c008ec4 19c72703 lw               x14, 412(x14)       x14=3f7fffff x14:1c000000  PA:1c00019c
15731756ns          265830 1c008ec8 70f57543 fmadd.s          f10, f10, f15, f14  f10=xxxxxxxx f10:3e47dc08 f15:befbdcee f14:3f7fffff
15731776ns          265831 1c008ecc 00008067 jalr             x0, x1, 0            x1:1c0087ac
15731816ns          265833 1c0087ac 00a004b3 add              x9, x0, x10          x9=3f676bd8 x10:3f676bd8
15731836ns          265834 1c0087ae 08897553 fsub.s           f10, f18, f8        f10=xxxxxxxx f18:3fc90fdb  f8:3ee231d6
15731855ns          265835 1c0087b2 001b0b13 addi             x22, x22, 1         x22=00000013 x22:00000012
15731875ns          265836 1c0087b4 660000ef jal              x1, 1632             x1=1c0087b6
15731915ns          265838 1c008e14 a0a527d3 feq.s            x15, f10, f10       x15=00000001 f10:3f908366 f10:3f908366
15731935ns          265839 1c008e18 0a078b63 beq              x15, x0, 182        x15:00000001
15731955ns          265840 1c008e1a e00517d3 fclass.s         x15, f10            x15=00000040 f10:3f908366
15731975ns          265841 1c008e1e 0817f793 andi             x15, x15, 129       x15=00000000 x15:00000040
15731995ns          265842 1c008e22 0a079663 bne              x15, x0, 172        x15:00000000
15732015ns          265843 1c008e24 00000793 addi             x15, x0, 0          x15=00000000
15732034ns          265844 1c008e28 a0f517d3 flt.s            x15, f10, f15       x15=00000000 f10:3f908366 f15:00000000
15732054ns          265845 1c008e2c 0a079663 bne              x15, x0, 172        x15:00000000
15732074ns          265846 1c008e2e 1c000737 lui              x14, 0x1c000000     x14=1c000000
15732094ns          265847 1c008e32 16072783 lw               x15, 352(x14)       x15=40c90fdb x14:1c000000  PA:1c000160
15732412ns          265863 1c008e36 a0a797d3 flt.s            x15, f15, f10       x15=00000000 f15:40c90fdb f10:3f908366
15732432ns          265864 1c008e3a 00078b63 beq              x15, x0, 22         x15:00000000
15732492ns          265867 1c008e50 00000793 addi             x15, x0, 0          x15=00000000
15732512ns          265868 1c008e54 a0f517d3 flt.s            x15, f10, f15       x15=00000000 f10:3f908366 f15:00000000
15732532ns          265869 1c008e58 08079a63 bne              x15, x0, 148        x15:00000000
15732552ns          265870 1c008e5a 1c0007b7 lui              x15, 0x1c000000     x15=1c000000
15732571ns          265871 1c008e5e 0207a783 lw               x15, 32(x15)        x15=3fc90fdb x15:1c000000  PA:1c000020
15732930ns          265889 1c008e62 a0f517d3 flt.s            x15, f10, f15       x15=00000001 f10:3f908366 f15:3fc90fdb
15732949ns          265890 1c008e66 02079563 bne              x15, x0, 42         x15:00000001
15733009ns          265893 1c008e90 10a57553 fmul.s           f10, f10, f10       f10=xxxxxxxx f10:3f908366 f10:3f908366
15733029ns          265894 1c008e94 1c0007b7 lui              x15, 0x1c000000     x15=1c000000
15733049ns          265895 1c008e98 1c000737 lui              x14, 0x1c000000     x14=1c000000
15733069ns          265896 1c008e9c 16872703 lw               x14, 360(x14)       x14=bab59551 x14:1c000000  PA:1c000168
15733367ns          265911 1c008ea0 1647a783 lw               x15, 356(x15)       x15=37c23ab1 x15:1c000000  PA:1c000164
15733685ns          265927 1c008ea4 70f577c3 fmadd.s          f15, f10, f15, f14  f15=xxxxxxxx f10:3fa3282c f15:37c23ab1 f14:bab59551
15733705ns          265928 1c008ea8 1c000737 lui              x14, 0x1c000000     x14=1c000000
15733725ns          265929 1c008eac 16c72703 lw               x14, 364(x14)       x14=3d2aa76f x14:1c000000  PA:1c00016c
15734043ns          265945 1c008eb0 70f577c3 fmadd.s          f15, f10, f15, f14  f15=xxxxxxxx f10:3fa3282c f15:bab1b702 f14:3d2aa76f
15734063ns          265946 1c008eb4 1c000737 lui              x14, 0x1c000000     x14=1c000000
15734083ns          265947 1c008eb8 17072703 lw               x14, 368(x14)       x14=beffffe0 x14:1c000000  PA:1c000170
15734401ns          265963 1c008ebc 70f577c3 fmadd.s          f15, f10, f15, f14  f15=xxxxxxxx f10:3fa3282c f15:3d239338 f14:beffffe0
15734421ns          265964 1c008ec0 1c000737 lui              x14, 0x1c000000     x14=1c000000
15734441ns          265965 1c008ec4 19c72703 lw               x14, 412(x14)       x14=3f7fffff x14:1c000000  PA:1c00019c
15734759ns          265981 1c008ec8 70f57543 fmadd.s          f10, f10, f15, f14  f10=xxxxxxxx f10:3fa3282c f15:bee5efc6 f14:3f7fffff
15734779ns          265982 1c008ecc 00008067 jalr             x0, x1, 0            x1:1c0087b6
15734839ns          265985 1c0087b6 004ca78b p.lw             x15, 4(x25!)        x15=00000012 x25=10001fa0 x25:10001f9c  PA:10001f9c
15734859ns          265986 1c0087ba ffcc270b p.lw             x14, -4(x24!)       x14=0000001d x24=10001fc4 x24:10001fc8  PA:10001fc8
15734879ns          265987 1c0087be 00279793 slli             x15, x15, 0x2       x15=00000048 x15:00000012
15734899ns          265988 1c0087c0 017787b3 add              x15, x15, x23       x15=10001e94 x15:00000048 x23:10001e4c
15734919ns          265989 1c0087c2 00271713 slli             x14, x14, 0x2       x14=00000074 x14:0000001d
15734938ns          265990 1c0087c4 0007a583 lw               x11, 0(x15)         x11=c183c7b6 x15:10001e94  PA:10001e94
15734958ns          265991 1c0087c6 01770733 add              x14, x14, x23       x14=10001ec0 x14:00000074 x23:10001e4c
15734978ns          265992 1c0087c8 00072683 lw               x13, 0(x14)         x13=c004522a x14:10001ec0  PA:10001ec0
15734998ns          265993 1c0087ca 20949653 fsgnjn.s         f12, f9, f9         f12=xxxxxxxx  f9:3f676bd8  f9:3f676bd8
15735018ns          265994 1c0087ce 10b67653 fmul.s           f12, f12, f11       f12=xxxxxxxx f12:bf676bd8 f11:c183c7b6
15735038ns          265995 1c0087d2 10d4f4d3 fmul.s           f9, f9, f13          f9=xxxxxxxx  f9:3f676bd8 f13:c004522a
15735058ns          265996 1c0087d6 60d576c3 fmadd.s          f13, f10, f13, f12  f13=xxxxxxxx f10:3edae87e f13:c004522a f12:416e4172
15735078ns          265997 1c0087da 48b57543 fmadd.s          f10, f10, f11, f9   f10=xxxxxxxx f10:3edae87e f11:c183c7b6  f9:bfef3bc4
15735098ns          265998 1c0087de 00d72023 sw               x13, 0(x14)         x13:41601cae x14:10001ec0  PA:10001ec0
15735118ns          265999 1c0087e0 00a7a023 sw               x10, 0(x15)         x10:c10e9737 x15:10001e94  PA:10001e94
15735137ns          266000 1c0087e2 fb5b13e3 bne              x22, x21, -90       x22:00000013 x21:00000018
15735197ns          266003 1c008788 016007b3 add              x15, x0, x22        x15=00000013 x22:00000013
15735217ns          266004 1c00878a 060b0d63 beq              x22, x0, 122        x22:00000013
15735237ns          266005 1c00878e 00000713 addi             x14, x0, 0          x14=00000000
15735257ns          266006 1c008790 00f006b3 add              x13, x0, x15        x13=00000013 x15:00000013
15735277ns          266007 1c008792 fc1726b3 p.insert         x13, x14, 30, 1     x13=00000001 x13:00000013 x14:00000000
15735297ns          266008 1c008796 4017d793 srai             x15, x15, 0x401     x15=00000009 x15:00000013
15735316ns          266009 1c008798 00d00733 add              x14, x0, x13        x14=00000001 x13:00000001
15735336ns          266010 1c00879a fe079be3 bne              x15, x0, -10        x15:00000009
15735396ns          266013 1c008790 00f006b3 add              x13, x0, x15        x13=00000009 x15:00000009
15735416ns          266014 1c008792 fc1726b3 p.insert         x13, x14, 30, 1     x13=00000003 x13:00000009 x14:00000001
15735436ns          266015 1c008796 4017d793 srai             x15, x15, 0x401     x15=00000004 x15:00000009
15735456ns          266016 1c008798 00d00733 add              x14, x0, x13        x14=00000003 x13:00000003
15735476ns          266017 1c00879a fe079be3 bne              x15, x0, -10        x15:00000004
15735535ns          266020 1c008790 00f006b3 add              x13, x0, x15        x13=00000004 x15:00000004
15735555ns          266021 1c008792 fc1726b3 p.insert         x13, x14, 30, 1     x13=00000006 x13:00000004 x14:00000003
15735575ns          266022 1c008796 4017d793 srai             x15, x15, 0x401     x15=00000002 x15:00000004
15735595ns          266023 1c008798 00d00733 add              x14, x0, x13        x14=00000006 x13:00000006
15735615ns          266024 1c00879a fe079be3 bne              x15, x0, -10        x15:00000002
15735674ns          266027 1c008790 00f006b3 add              x13, x0, x15        x13=00000002 x15:00000002
15735694ns          266028 1c008792 fc1726b3 p.insert         x13, x14, 30, 1     x13=0000000c x13:00000002 x14:00000006
15735714ns          266029 1c008796 4017d793 srai             x15, x15, 0x401     x15=00000001 x15:00000002
15735734ns          266030 1c008798 00d00733 add              x14, x0, x13        x14=0000000c x13:0000000c
15735754ns          266031 1c00879a fe079be3 bne              x15, x0, -10        x15:00000001
15735814ns          266034 1c008790 00f006b3 add              x13, x0, x15        x13=00000001 x15:00000001
15735834ns          266035 1c008792 fc1726b3 p.insert         x13, x14, 30, 1     x13=00000019 x13:00000001 x14:0000000c
15735853ns          266036 1c008796 4017d793 srai             x15, x15, 0x401     x15=00000000 x15:00000001
15735873ns          266037 1c008798 00d00733 add              x14, x0, x13        x14=00000019 x13:00000019
15735893ns          266038 1c00879a fe079be3 bne              x15, x0, -10        x15:00000000
15735913ns          266039 1c00879c d006f453 fcvt.s.w         f8, x13              f8=xxxxxxxx x13:00000019
15735933ns          266040 1c0087a0 11447453 fmul.s           f8, f8, f20          f8=xxxxxxxx  f8:41c80000 f20:3f490fdb
15735953ns          266041 1c0087a4 19347453 fdiv.s           f8, f8, f19          f8=xxxxxxxx  f8:419d1463 f19:41800000
15736251ns          266056 1c0087a8 00800533 add              x10, x0, x8         x10=3f9d1463  x8:3f9d1463
15736271ns          266057 1c0087aa 66a000ef jal              x1, 1642             x1=1c0087ac
15736311ns          266059 1c008e14 a0a527d3 feq.s            x15, f10, f10       x15=00000001 f10:3f9d1463 f10:3f9d1463
15736331ns          266060 1c008e18 0a078b63 beq              x15, x0, 182        x15:00000001
15736351ns          266061 1c008e1a e00517d3 fclass.s         x15, f10            x15=00000040 f10:3f9d1463
15736371ns          266062 1c008e1e 0817f793 andi             x15, x15, 129       x15=00000000 x15:00000040
15736391ns          266063 1c008e22 0a079663 bne              x15, x0, 172        x15:00000000
15736410ns          266064 1c008e24 00000793 addi             x15, x0, 0          x15=00000000
15736430ns          266065 1c008e28 a0f517d3 flt.s            x15, f10, f15       x15=00000000 f10:3f9d1463 f15:00000000
15736450ns          266066 1c008e2c 0a079663 bne              x15, x0, 172        x15:00000000
15736470ns          266067 1c008e2e 1c000737 lui              x14, 0x1c000000     x14=1c000000
15736490ns          266068 1c008e32 16072783 lw               x15, 352(x14)       x15=40c90fdb x14:1c000000  PA:1c000160
15736808ns          266084 1c008e36 a0a797d3 flt.s            x15, f15, f10       x15=00000000 f15:40c90fdb f10:3f9d1463
15736828ns          266085 1c008e3a 00078b63 beq              x15, x0, 22         x15:00000000
15736888ns          266088 1c008e50 00000793 addi             x15, x0, 0          x15=00000000
15736908ns          266089 1c008e54 a0f517d3 flt.s            x15, f10, f15       x15=00000000 f10:3f9d1463 f15:00000000
15736928ns          266090 1c008e58 08079a63 bne              x15, x0, 148        x15:00000000
15736947ns          266091 1c008e5a 1c0007b7 lui              x15, 0x1c000000     x15=1c000000
15736967ns          266092 1c008e5e 0207a783 lw               x15, 32(x15)        x15=3fc90fdb x15:1c000000  PA:1c000020
15737286ns          266108 1c008e62 a0f517d3 flt.s            x15, f10, f15       x15=00000001 f10:3f9d1463 f15:3fc90fdb
15737305ns          266109 1c008e66 02079563 bne              x15, x0, 42         x15:00000001
15737365ns          266112 1c008e90 10a57553 fmul.s           f10, f10, f10       f10=xxxxxxxx f10:3f9d1463 f10:3f9d1463
15737385ns          266113 1c008e94 1c0007b7 lui              x15, 0x1c000000     x15=1c000000
15737405ns          266114 1c008e98 1c000737 lui              x14, 0x1c000000     x14=1c000000
15737425ns          266115 1c008e9c 16872703 lw               x14, 360(x14)       x14=bab59551 x14:1c000000  PA:1c000168
15737723ns          266130 1c008ea0 1647a783 lw               x15, 356(x15)       x15=37c23ab1 x15:1c000000  PA:1c000164
15738041ns          266146 1c008ea4 70f577c3 fmadd.s          f15, f10, f15, f14  f15=xxxxxxxx f10:3fc0c406 f15:37c23ab1 f14:bab59551
15738061ns          266147 1c008ea8 1c000737 lui              x14, 0x1c000000     x14=1c000000
15738081ns          266148 1c008eac 16c72703 lw               x14, 364(x14)       x14=3d2aa76f x14:1c000000  PA:1c00016c
15738419ns          266165 1c008eb0 70f577c3 fmadd.s          f15, f10, f15, f14  f15=xxxxxxxx f10:3fc0c406 f15:bab1034b f14:3d2aa76f
15738439ns          266166 1c008eb4 1c000737 lui              x14, 0x1c000000     x14=1c000000
15738459ns          266167 1c008eb8 17072703 lw               x14, 368(x14)       x14=beffffe0 x14:1c000000  PA:1c000170
15738777ns          266183 1c008ebc 70f577c3 fmadd.s          f15, f10, f15, f14  f15=xxxxxxxx f10:3fc0c406 f15:3d2252cf f14:beffffe0
15738797ns          266184 1c008ec0 1c000737 lui              x14, 0x1c000000     x14=1c000000
15738817ns          266185 1c008ec4 19c72703 lw               x14, 412(x14)       x14=3f7fffff x14:1c000000  PA:1c00019c
15739135ns          266201 1c008ec8 70f57543 fmadd.s          f10, f10, f15, f14  f10=xxxxxxxx f10:3fc0c406 f15:bee17146 f14:3f7fffff
15739155ns          266202 1c008ecc 00008067 jalr             x0, x1, 0            x1:1c0087ac
15739195ns          266204 1c0087ac 00a004b3 add              x9, x0, x10          x9=3eac7cd5 x10:3eac7cd5
15739215ns          266205 1c0087ae 08897553 fsub.s           f10, f18, f8        f10=xxxxxxxx f18:3fc90fdb  f8:3f9d1463
15739235ns          266206 1c0087b2 001b0b13 addi             x22, x22, 1         x22=00000014 x22:00000013
15739255ns          266207 1c0087b4 660000ef jal              x1, 1632             x1=1c0087b6
15739295ns          266209 1c008e14 a0a527d3 feq.s            x15, f10, f10       x15=00000001 f10:3eafede0 f10:3eafede0
15739314ns          266210 1c008e18 0a078b63 beq              x15, x0, 182        x15:00000001
15739334ns          266211 1c008e1a e00517d3 fclass.s         x15, f10            x15=00000040 f10:3eafede0
15739354ns          266212 1c008e1e 0817f793 andi             x15, x15, 129       x15=00000000 x15:00000040
15739374ns          266213 1c008e22 0a079663 bne              x15, x0, 172        x15:00000000
15739394ns          266214 1c008e24 00000793 addi             x15, x0, 0          x15=00000000
15739414ns          266215 1c008e28 a0f517d3 flt.s            x15, f10, f15       x15=00000000 f10:3eafede0 f15:00000000
15739434ns          266216 1c008e2c 0a079663 bne              x15, x0, 172        x15:00000000
15739454ns          266217 1c008e2e 1c000737 lui              x14, 0x1c000000     x14=1c000000
15739474ns          266218 1c008e32 16072783 lw               x15, 352(x14)       x15=40c90fdb x14:1c000000  PA:1c000160
15739792ns          266234 1c008e36 a0a797d3 flt.s            x15, f15, f10       x15=00000000 f15:40c90fdb f10:3eafede0
15739812ns          266235 1c008e3a 00078b63 beq              x15, x0, 22         x15:00000000
15739871ns          266238 1c008e50 00000793 addi             x15, x0, 0          x15=00000000
15739891ns          266239 1c008e54 a0f517d3 flt.s            x15, f10, f15       x15=00000000 f10:3eafede0 f15:00000000
15739911ns          266240 1c008e58 08079a63 bne              x15, x0, 148        x15:00000000
15739931ns          266241 1c008e5a 1c0007b7 lui              x15, 0x1c000000     x15=1c000000
15739951ns          266242 1c008e5e 0207a783 lw               x15, 32(x15)        x15=3fc90fdb x15:1c000000  PA:1c000020
15740269ns          266258 1c008e62 a0f517d3 flt.s            x15, f10, f15       x15=00000001 f10:3eafede0 f15:3fc90fdb
15740289ns          266259 1c008e66 02079563 bne              x15, x0, 42         x15:00000001
15740349ns          266262 1c008e90 10a57553 fmul.s           f10, f10, f10       f10=xxxxxxxx f10:3eafede0 f10:3eafede0
15740369ns          266263 1c008e94 1c0007b7 lui              x15, 0x1c000000     x15=1c000000
15740389ns          266264 1c008e98 1c000737 lui              x14, 0x1c000000     x14=1c000000
15740408ns          266265 1c008e9c 16872703 lw               x14, 360(x14)       x14=bab59551 x14:1c000000  PA:1c000168
15740707ns          266280 1c008ea0 1647a783 lw               x15, 356(x15)       x15=37c23ab1 x15:1c000000  PA:1c000164
15741065ns          266298 1c008ea4 70f577c3 fmadd.s          f15, f10, f15, f14  f15=xxxxxxxx f10:3df1ce2b f15:37c23ab1 f14:bab59551
15741085ns          266299 1c008ea8 1c000737 lui              x14, 0x1c000000     x14=1c000000
15741105ns          266300 1c008eac 16c72703 lw               x14, 364(x14)       x14=3d2aa76f x14:1c000000  PA:1c00016c
15741423ns          266316 1c008eb0 70f577c3 fmadd.s          f15, f10, f15, f14  f15=xxxxxxxx f10:3df1ce2b f15:bab53996 f14:3d2aa76f
15741443ns          266317 1c008eb4 1c000737 lui              x14, 0x1c000000     x14=1c000000
15741463ns          266318 1c008eb8 17072703 lw               x14, 368(x14)       x14=beffffe0 x14:1c000000  PA:1c000170
15741781ns          266334 1c008ebc 70f577c3 fmadd.s          f15, f10, f15, f14  f15=xxxxxxxx f10:3df1ce2b f15:3d29fc42 f14:beffffe0
15741801ns          266335 1c008ec0 1c000737 lui              x14, 0x1c000000     x14=1c000000
15741821ns          266336 1c008ec4 19c72703 lw               x14, 412(x14)       x14=3f7fffff x14:1c000000  PA:1c00019c
15742159ns          266353 1c008ec8 70f57543 fmadd.s          f10, f10, f15, f14  f10=xxxxxxxx f10:3df1ce2b f15:befd7da3 f14:3f7fffff
15742179ns          266354 1c008ecc 00008067 jalr             x0, x1, 0            x1:1c0087b6
15742238ns          266357 1c0087b6 004ca78b p.lw             x15, 4(x25!)        x15=00000013 x25=10001fa4 x25:10001fa0  PA:10001fa0
15742258ns          266358 1c0087ba ffcc270b p.lw             x14, -4(x24!)       x14=0000001c x24=10001fc0 x24:10001fc4  PA:10001fc4
15742278ns          266359 1c0087be 00279793 slli             x15, x15, 0x2       x15=0000004c x15:00000013
15742298ns          266360 1c0087c0 017787b3 add              x15, x15, x23       x15=10001e98 x15:0000004c x23:10001e4c
15742318ns          266361 1c0087c2 00271713 slli             x14, x14, 0x2       x14=00000070 x14:0000001c
15742338ns          266362 1c0087c4 0007a583 lw               x11, 0(x15)         x11=c0ebec70 x15:10001e98  PA:10001e98
15742358ns          266363 1c0087c6 01770733 add              x14, x14, x23       x14=10001ebc x14:00000070 x23:10001e4c
15742378ns          266364 1c0087c8 00072683 lw               x13, 0(x14)         x13=c1027b54 x14:10001ebc  PA:10001ebc
15742398ns          266365 1c0087ca 20949653 fsgnjn.s         f12, f9, f9         f12=xxxxxxxx  f9:3eac7cd5  f9:3eac7cd5
15742417ns          266366 1c0087ce 10b67653 fmul.s           f12, f12, f11       f12=xxxxxxxx f12:beac7cd5 f11:c0ebec70
15742437ns          266367 1c0087d2 10d4f4d3 fmul.s           f9, f9, f13          f9=xxxxxxxx  f9:3eac7cd5 f13:c1027b54
15742457ns          266368 1c0087d6 60d576c3 fmadd.s          f13, f10, f13, f12  f13=xxxxxxxx f10:3f710908 f13:c1027b54 f12:401ef5e6
15742477ns          266369 1c0087da 48b57543 fmadd.s          f10, f10, f11, f9   f10=xxxxxxxx f10:3f710908 f11:c0ebec70  f9:c02fd4f9
15742497ns          266370 1c0087de 00d72023 sw               x13, 0(x14)         x13:c0a63a76 x14:10001ebc  PA:10001ebc
15742517ns          266371 1c0087e0 00a7a023 sw               x10, 0(x15)         x10:c11b0632 x15:10001e98  PA:10001e98
15742537ns          266372 1c0087e2 fb5b13e3 bne              x22, x21, -90       x22:00000014 x21:00000018
15742596ns          266375 1c008788 016007b3 add              x15, x0, x22        x15=00000014 x22:00000014
15742616ns          266376 1c00878a 060b0d63 beq              x22, x0, 122        x22:00000014
15742636ns          266377 1c00878e 00000713 addi             x14, x0, 0          x14=00000000
15742656ns          266378 1c008790 00f006b3 add              x13, x0, x15        x13=00000014 x15:00000014
15742676ns          266379 1c008792 fc1726b3 p.insert         x13, x14, 30, 1     x13=00000000 x13:00000014 x14:00000000
15742696ns          266380 1c008796 4017d793 srai             x15, x15, 0x401     x15=0000000a x15:00000014
15742716ns          266381 1c008798 00d00733 add              x14, x0, x13        x14=00000000 x13:00000000
15742736ns          266382 1c00879a fe079be3 bne              x15, x0, -10        x15:0000000a
15742795ns          266385 1c008790 00f006b3 add              x13, x0, x15        x13=0000000a x15:0000000a
15742815ns          266386 1c008792 fc1726b3 p.insert         x13, x14, 30, 1     x13=00000000 x13:0000000a x14:00000000
15742835ns          266387 1c008796 4017d793 srai             x15, x15, 0x401     x15=00000005 x15:0000000a
15742855ns          266388 1c008798 00d00733 add              x14, x0, x13        x14=00000000 x13:00000000
15742875ns          266389 1c00879a fe079be3 bne              x15, x0, -10        x15:00000005
15742935ns          266392 1c008790 00f006b3 add              x13, x0, x15        x13=00000005 x15:00000005
15742954ns          266393 1c008792 fc1726b3 p.insert         x13, x14, 30, 1     x13=00000001 x13:00000005 x14:00000000
15742974ns          266394 1c008796 4017d793 srai             x15, x15, 0x401     x15=00000002 x15:00000005
15742994ns          266395 1c008798 00d00733 add              x14, x0, x13        x14=00000001 x13:00000001
15743014ns          266396 1c00879a fe079be3 bne              x15, x0, -10        x15:00000002
15743074ns          266399 1c008790 00f006b3 add              x13, x0, x15        x13=00000002 x15:00000002
15743094ns          266400 1c008792 fc1726b3 p.insert         x13, x14, 30, 1     x13=00000002 x13:00000002 x14:00000001
15743114ns          266401 1c008796 4017d793 srai             x15, x15, 0x401     x15=00000001 x15:00000002
15743133ns          266402 1c008798 00d00733 add              x14, x0, x13        x14=00000002 x13:00000002
15743153ns          266403 1c00879a fe079be3 bne              x15, x0, -10        x15:00000001
15743213ns          266406 1c008790 00f006b3 add              x13, x0, x15        x13=00000001 x15:00000001
15743233ns          266407 1c008792 fc1726b3 p.insert         x13, x14, 30, 1     x13=00000005 x13:00000001 x14:00000002
15743253ns          266408 1c008796 4017d793 srai             x15, x15, 0x401     x15=00000000 x15:00000001
15743273ns          266409 1c008798 00d00733 add              x14, x0, x13        x14=00000005 x13:00000005
15743293ns          266410 1c00879a fe079be3 bne              x15, x0, -10        x15:00000000
15743312ns          266411 1c00879c d006f453 fcvt.s.w         f8, x13              f8=xxxxxxxx x13:00000005
15743332ns          266412 1c0087a0 11447453 fmul.s           f8, f8, f20          f8=xxxxxxxx  f8:40a00000 f20:3f490fdb
15743352ns          266413 1c0087a4 19347453 fdiv.s           f8, f8, f19          f8=xxxxxxxx  f8:407b53d2 f19:41800000
15743671ns          266429 1c0087a8 00800533 add              x10, x0, x8         x10=3e7b53d2  x8:3e7b53d2
15743690ns          266430 1c0087aa 66a000ef jal              x1, 1642             x1=1c0087ac
15743730ns          266432 1c008e14 a0a527d3 feq.s            x15, f10, f10       x15=00000001 f10:3e7b53d2 f10:3e7b53d2
15743750ns          266433 1c008e18 0a078b63 beq              x15, x0, 182        x15:00000001
15743770ns          266434 1c008e1a e00517d3 fclass.s         x15, f10            x15=00000040 f10:3e7b53d2
15743790ns          266435 1c008e1e 0817f793 andi             x15, x15, 129       x15=00000000 x15:00000040
15743810ns          266436 1c008e22 0a079663 bne              x15, x0, 172        x15:00000000
15743830ns          266437 1c008e24 00000793 addi             x15, x0, 0          x15=00000000
15743850ns          266438 1c008e28 a0f517d3 flt.s            x15, f10, f15       x15=00000000 f10:3e7b53d2 f15:00000000
15743869ns          266439 1c008e2c 0a079663 bne              x15, x0, 172        x15:00000000
15743889ns          266440 1c008e2e 1c000737 lui              x14, 0x1c000000     x14=1c000000
15743909ns          266441 1c008e32 16072783 lw               x15, 352(x14)       x15=40c90fdb x14:1c000000  PA:1c000160
15744247ns          266458 1c008e36 a0a797d3 flt.s            x15, f15, f10       x15=00000000 f15:40c90fdb f10:3e7b53d2
15744267ns          266459 1c008e3a 00078b63 beq              x15, x0, 22         x15:00000000
15744327ns          266462 1c008e50 00000793 addi             x15, x0, 0          x15=00000000
15744347ns          266463 1c008e54 a0f517d3 flt.s            x15, f10, f15       x15=00000000 f10:3e7b53d2 f15:00000000
15744367ns          266464 1c008e58 08079a63 bne              x15, x0, 148        x15:00000000
15744387ns          266465 1c008e5a 1c0007b7 lui              x15, 0x1c000000     x15=1c000000
15744406ns          266466 1c008e5e 0207a783 lw               x15, 32(x15)        x15=3fc90fdb x15:1c000000  PA:1c000020
15744725ns          266482 1c008e62 a0f517d3 flt.s            x15, f10, f15       x15=00000001 f10:3e7b53d2 f15:3fc90fdb
15744745ns          266483 1c008e66 02079563 bne              x15, x0, 42         x15:00000001
15744804ns          266486 1c008e90 10a57553 fmul.s           f10, f10, f10       f10=xxxxxxxx f10:3e7b53d2 f10:3e7b53d2
15744824ns          266487 1c008e94 1c0007b7 lui              x15, 0x1c000000     x15=1c000000
15744844ns          266488 1c008e98 1c000737 lui              x14, 0x1c000000     x14=1c000000
15744864ns          266489 1c008e9c 16872703 lw               x14, 360(x14)       x14=bab59551 x14:1c000000  PA:1c000168
15745182ns          266505 1c008ea0 1647a783 lw               x15, 356(x15)       x15=37c23ab1 x15:1c000000  PA:1c000164
15745540ns          266523 1c008ea4 70f577c3 fmadd.s          f15, f10, f15, f14  f15=xxxxxxxx f10:3d76bd79 f15:37c23ab1 f14:bab59551
15745560ns          266524 1c008ea8 1c000737 lui              x14, 0x1c000000     x14=1c000000
15745580ns          266525 1c008eac 16c72703 lw               x14, 364(x14)       x14=3d2aa76f x14:1c000000  PA:1c00016c
15745898ns          266541 1c008eb0 70f577c3 fmadd.s          f15, f10, f15, f14  f15=xxxxxxxx f10:3d76bd79 f15:bab56684 f14:3d2aa76f
15745918ns          266542 1c008eb4 1c000737 lui              x14, 0x1c000000     x14=1c000000
15745938ns          266543 1c008eb8 17072703 lw               x14, 368(x14)       x14=beffffe0 x14:1c000000  PA:1c000170
15746276ns          266560 1c008ebc 70f577c3 fmadd.s          f15, f10, f15, f14  f15=xxxxxxxx f10:3d76bd79 f15:3d2a5004 f14:beffffe0
15746296ns          266561 1c008ec0 1c000737 lui              x14, 0x1c000000     x14=1c000000
15746316ns          266562 1c008ec4 19c72703 lw               x14, 412(x14)       x14=3f7fffff x14:1c000000  PA:1c00019c
15746654ns          266579 1c008ec8 70f57543 fmadd.s          f10, f10, f15, f14  f10=xxxxxxxx f10:3d76bd79 f15:befeb792 f14:3f7fffff
15746674ns          266580 1c008ecc 00008067 jalr             x0, x1, 0            x1:1c0087ac
15746714ns          266582 1c0087ac 00a004b3 add              x9, x0, x10          x9=3f7853f8 x10:3f7853f8
15746734ns          266583 1c0087ae 08897553 fsub.s           f10, f18, f8        f10=xxxxxxxx f18:3fc90fdb  f8:3e7b53d2
15746754ns          266584 1c0087b2 001b0b13 addi             x22, x22, 1         x22=00000015 x22:00000014
15746773ns          266585 1c0087b4 660000ef jal              x1, 1632             x1=1c0087b6
15746813ns          266587 1c008e14 a0a527d3 feq.s            x15, f10, f10       x15=00000001 f10:3fa9a561 f10:3fa9a561
15746833ns          266588 1c008e18 0a078b63 beq              x15, x0, 182        x15:00000001
15746853ns          266589 1c008e1a e00517d3 fclass.s         x15, f10            x15=00000040 f10:3fa9a561
15746873ns          266590 1c008e1e 0817f793 andi             x15, x15, 129       x15=00000000 x15:00000040
15746893ns          266591 1c008e22 0a079663 bne              x15, x0, 172        x15:00000000
15746913ns          266592 1c008e24 00000793 addi             x15, x0, 0          x15=00000000
15746933ns          266593 1c008e28 a0f517d3 flt.s            x15, f10, f15       x15=00000000 f10:3fa9a561 f15:00000000
15746953ns          266594 1c008e2c 0a079663 bne              x15, x0, 172        x15:00000000
15746972ns          266595 1c008e2e 1c000737 lui              x14, 0x1c000000     x14=1c000000
15746992ns          266596 1c008e32 16072783 lw               x15, 352(x14)       x15=40c90fdb x14:1c000000  PA:1c000160
15747311ns          266612 1c008e36 a0a797d3 flt.s            x15, f15, f10       x15=00000000 f15:40c90fdb f10:3fa9a561
15747330ns          266613 1c008e3a 00078b63 beq              x15, x0, 22         x15:00000000
15747390ns          266616 1c008e50 00000793 addi             x15, x0, 0          x15=00000000
15747410ns          266617 1c008e54 a0f517d3 flt.s            x15, f10, f15       x15=00000000 f10:3fa9a561 f15:00000000
15747430ns          266618 1c008e58 08079a63 bne              x15, x0, 148        x15:00000000
15747450ns          266619 1c008e5a 1c0007b7 lui              x15, 0x1c000000     x15=1c000000
15747470ns          266620 1c008e5e 0207a783 lw               x15, 32(x15)        x15=3fc90fdb x15:1c000000  PA:1c000020
15747788ns          266636 1c008e62 a0f517d3 flt.s            x15, f10, f15       x15=00000001 f10:3fa9a561 f15:3fc90fdb
15747808ns          266637 1c008e66 02079563 bne              x15, x0, 42         x15:00000001
15747867ns          266640 1c008e90 10a57553 fmul.s           f10, f10, f10       f10=xxxxxxxx f10:3fa9a561 f10:3fa9a561
15747887ns          266641 1c008e94 1c0007b7 lui              x15, 0x1c000000     x15=1c000000
15747907ns          266642 1c008e98 1c000737 lui              x14, 0x1c000000     x14=1c000000
15747927ns          266643 1c008e9c 16872703 lw               x14, 360(x14)       x14=bab59551 x14:1c000000  PA:1c000168
15748245ns          266659 1c008ea0 1647a783 lw               x15, 356(x15)       x15=37c23ab1 x15:1c000000  PA:1c000164
15748564ns          266675 1c008ea4 70f577c3 fmadd.s          f15, f10, f15, f14  f15=xxxxxxxx f10:3fe0d78a f15:37c23ab1 f14:bab59551
15748584ns          266676 1c008ea8 1c000737 lui              x14, 0x1c000000     x14=1c000000
15748603ns          266677 1c008eac 16c72703 lw               x14, 364(x14)       x14=3d2aa76f x14:1c000000  PA:1c00016c
15748942ns          266694 1c008eb0 70f577c3 fmadd.s          f15, f10, f15, f14  f15=xxxxxxxx f10:3fe0d78a f15:bab0409a f14:3d2aa76f
15748961ns          266695 1c008eb4 1c000737 lui              x14, 0x1c000000     x14=1c000000
15748981ns          266696 1c008eb8 17072703 lw               x14, 368(x14)       x14=beffffe0 x14:1c000000  PA:1c000170
15749300ns          266712 1c008ebc 70f577c3 fmadd.s          f15, f10, f15, f14  f15=xxxxxxxx f10:3fe0d78a f15:3d20faa0 f14:beffffe0
15749320ns          266713 1c008ec0 1c000737 lui              x14, 0x1c000000     x14=1c000000
15749339ns          266714 1c008ec4 19c72703 lw               x14, 412(x14)       x14=3f7fffff x14:1c000000  PA:1c00019c
15749678ns          266731 1c008ec8 70f57543 fmadd.s          f10, f10, f15, f14  f10=xxxxxxxx f10:3fe0d78a f15:bedca72b f14:3f7fffff
15749697ns          266732 1c008ecc 00008067 jalr             x0, x1, 0            x1:1c0087b6
15749757ns          266735 1c0087b6 004ca78b p.lw             x15, 4(x25!)        x15=00000014 x25=10001fa8 x25:10001fa4  PA:10001fa4
15749777ns          266736 1c0087ba ffcc270b p.lw             x14, -4(x24!)       x14=0000001b x24=10001fbc x24:10001fc0  PA:10001fc0
15749797ns          266737 1c0087be 00279793 slli             x15, x15, 0x2       x15=00000050 x15:00000014
15749817ns          266738 1c0087c0 017787b3 add              x15, x15, x23       x15=10001e9c x15:00000050 x23:10001e4c
15749837ns          266739 1c0087c2 00271713 slli             x14, x14, 0x2       x14=0000006c x14:0000001b
15749857ns          266740 1c0087c4 0007a583 lw               x11, 0(x15)         x11=414f3b0e x15:10001e9c  PA:10001e9c
15749876ns          266741 1c0087c6 01770733 add              x14, x14, x23       x14=10001eb8 x14:0000006c x23:10001e4c
15749896ns          266742 1c0087c8 00072683 lw               x13, 0(x14)         x13=41b1d9d2 x14:10001eb8  PA:10001eb8
15749916ns          266743 1c0087ca 20949653 fsgnjn.s         f12, f9, f9         f12=xxxxxxxx  f9:3f7853f8  f9:3f7853f8
15749936ns          266744 1c0087ce 10b67653 fmul.s           f12, f12, f11       f12=xxxxxxxx f12:bf7853f8 f11:414f3b0e
15749956ns          266745 1c0087d2 10d4f4d3 fmul.s           f9, f9, f13          f9=xxxxxxxx  f9:3f7853f8 f13:41b1d9d2
15749976ns          266746 1c0087d6 60d576c3 fmadd.s          f13, f10, f13, f12  f13=xxxxxxxx f10:3e78cfc8 f13:41b1d9d2 f12:c149052e
15749996ns          266747 1c0087da 48b57543 fmadd.s          f10, f10, f11, f9   f10=xxxxxxxx f10:3e78cfc8 f11:414f3b0e  f9:41ac8559
15750016ns          266748 1c0087de 00d72023 sw               x13, 0(x14)         x13:c0e52efe x14:10001eb8  PA:10001eb8
15750036ns          266749 1c0087e0 00a7a023 sw               x10, 0(x15)         x10:41c5b286 x15:10001e9c  PA:10001e9c
15750055ns          266750 1c0087e2 fb5b13e3 bne              x22, x21, -90       x22:00000015 x21:00000018
15750115ns          266753 1c008788 016007b3 add              x15, x0, x22        x15=00000015 x22:00000015
15750135ns          266754 1c00878a 060b0d63 beq              x22, x0, 122        x22:00000015
15750155ns          266755 1c00878e 00000713 addi             x14, x0, 0          x14=00000000
15750175ns          266756 1c008790 00f006b3 add              x13, x0, x15        x13=00000015 x15:00000015
15750195ns          266757 1c008792 fc1726b3 p.insert         x13, x14, 30, 1     x13=00000001 x13:00000015 x14:00000000
15750215ns          266758 1c008796 4017d793 srai             x15, x15, 0x401     x15=0000000a x15:00000015
15750234ns          266759 1c008798 00d00733 add              x14, x0, x13        x14=00000001 x13:00000001
15750254ns          266760 1c00879a fe079be3 bne              x15, x0, -10        x15:0000000a
15750314ns          266763 1c008790 00f006b3 add              x13, x0, x15        x13=0000000a x15:0000000a
15750334ns          266764 1c008792 fc1726b3 p.insert         x13, x14, 30, 1     x13=00000002 x13:0000000a x14:00000001
15750354ns          266765 1c008796 4017d793 srai             x15, x15, 0x401     x15=00000005 x15:0000000a
15750374ns          266766 1c008798 00d00733 add              x14, x0, x13        x14=00000002 x13:00000002
15750394ns          266767 1c00879a fe079be3 bne              x15, x0, -10        x15:00000005
15750453ns          266770 1c008790 00f006b3 add              x13, x0, x15        x13=00000005 x15:00000005
15750473ns          266771 1c008792 fc1726b3 p.insert         x13, x14, 30, 1     x13=00000005 x13:00000005 x14:00000002
15750493ns          266772 1c008796 4017d793 srai             x15, x15, 0x401     x15=00000002 x15:00000005
15750513ns          266773 1c008798 00d00733 add              x14, x0, x13        x14=00000005 x13:00000005
15750533ns          266774 1c00879a fe079be3 bne              x15, x0, -10        x15:00000002
15750593ns          266777 1c008790 00f006b3 add              x13, x0, x15        x13=00000002 x15:00000002
15750612ns          266778 1c008792 fc1726b3 p.insert         x13, x14, 30, 1     x13=0000000a x13:00000002 x14:00000005
15750632ns          266779 1c008796 4017d793 srai             x15, x15, 0x401     x15=00000001 x15:00000002
15750652ns          266780 1c008798 00d00733 add              x14, x0, x13        x14=0000000a x13:0000000a
15750672ns          266781 1c00879a fe079be3 bne              x15, x0, -10        x15:00000001
15750732ns          266784 1c008790 00f006b3 add              x13, x0, x15        x13=00000001 x15:00000001
15750752ns          266785 1c008792 fc1726b3 p.insert         x13, x14, 30, 1     x13=00000015 x13:00000001 x14:0000000a
15750772ns          266786 1c008796 4017d793 srai             x15, x15, 0x401     x15=00000000 x15:00000001
15750791ns          266787 1c008798 00d00733 add              x14, x0, x13        x14=00000015 x13:00000015
15750811ns          266788 1c00879a fe079be3 bne              x15, x0, -10        x15:00000000
15750831ns          266789 1c00879c d006f453 fcvt.s.w         f8, x13              f8=xxxxxxxx x13:00000015
15750851ns          266790 1c0087a0 11447453 fmul.s           f8, f8, f20          f8=xxxxxxxx  f8:41a80000 f20:3f490fdb
15750871ns          266791 1c0087a4 19347453 fdiv.s           f8, f8, f19          f8=xxxxxxxx  f8:4183f268 f19:41800000
15751149ns          266805 1c0087a8 00800533 add              x10, x0, x8         x10=3f83f268  x8:3f83f268
15751169ns          266806 1c0087aa 66a000ef jal              x1, 1642             x1=1c0087ac
15751209ns          266808 1c008e14 a0a527d3 feq.s            x15, f10, f10       x15=00000001 f10:3f83f268 f10:3f83f268
15751229ns          266809 1c008e18 0a078b63 beq              x15, x0, 182        x15:00000001
15751249ns          266810 1c008e1a e00517d3 fclass.s         x15, f10            x15=00000040 f10:3f83f268
15751269ns          266811 1c008e1e 0817f793 andi             x15, x15, 129       x15=00000000 x15:00000040
15751289ns          266812 1c008e22 0a079663 bne              x15, x0, 172        x15:00000000
15751309ns          266813 1c008e24 00000793 addi             x15, x0, 0          x15=00000000
15751328ns          266814 1c008e28 a0f517d3 flt.s            x15, f10, f15       x15=00000000 f10:3f83f268 f15:00000000
15751348ns          266815 1c008e2c 0a079663 bne              x15, x0, 172        x15:00000000
15751368ns          266816 1c008e2e 1c000737 lui              x14, 0x1c000000     x14=1c000000
15751388ns          266817 1c008e32 16072783 lw               x15, 352(x14)       x15=40c90fdb x14:1c000000  PA:1c000160
15751726ns          266834 1c008e36 a0a797d3 flt.s            x15, f15, f10       x15=00000000 f15:40c90fdb f10:3f83f268
15751746ns          266835 1c008e3a 00078b63 beq              x15, x0, 22         x15:00000000
15751806ns          266838 1c008e50 00000793 addi             x15, x0, 0          x15=00000000
15751826ns          266839 1c008e54 a0f517d3 flt.s            x15, f10, f15       x15=00000000 f10:3f83f268 f15:00000000
15751846ns          266840 1c008e58 08079a63 bne              x15, x0, 148        x15:00000000
15751866ns          266841 1c008e5a 1c0007b7 lui              x15, 0x1c000000     x15=1c000000
15751885ns          266842 1c008e5e 0207a783 lw               x15, 32(x15)        x15=3fc90fdb x15:1c000000  PA:1c000020
15752224ns          266859 1c008e62 a0f517d3 flt.s            x15, f10, f15       x15=00000001 f10:3f83f268 f15:3fc90fdb
15752243ns          266860 1c008e66 02079563 bne              x15, x0, 42         x15:00000001
15752303ns          266863 1c008e90 10a57553 fmul.s           f10, f10, f10       f10=xxxxxxxx f10:3f83f268 f10:3f83f268
15752323ns          266864 1c008e94 1c0007b7 lui              x15, 0x1c000000     x15=1c000000
15752343ns          266865 1c008e98 1c000737 lui              x14, 0x1c000000     x14=1c000000
15752363ns          266866 1c008e9c 16872703 lw               x14, 360(x14)       x14=bab59551 x14:1c000000  PA:1c000168
15752661ns          266881 1c008ea0 1647a783 lw               x15, 356(x15)       x15=37c23ab1 x15:1c000000  PA:1c000164
15752999ns          266898 1c008ea4 70f577c3 fmadd.s          f15, f10, f15, f14  f15=xxxxxxxx f10:3f8803f8 f15:37c23ab1 f14:bab59551
15753019ns          266899 1c008ea8 1c000737 lui              x14, 0x1c000000     x14=1c000000
15753039ns          266900 1c008eac 16c72703 lw               x14, 364(x14)       x14=3d2aa76f x14:1c000000  PA:1c00016c
15753397ns          266918 1c008eb0 70f577c3 fmadd.s          f15, f10, f15, f14  f15=xxxxxxxx f10:3f8803f8 f15:bab25bbf f14:3d2aa76f
15753417ns          266919 1c008eb4 1c000737 lui              x14, 0x1c000000     x14=1c000000
15753437ns          266920 1c008eb8 17072703 lw               x14, 368(x14)       x14=beffffe0 x14:1c000000  PA:1c000170
15753755ns          266936 1c008ebc 70f577c3 fmadd.s          f15, f10, f15, f14  f15=xxxxxxxx f10:3f8803f8 f15:3d24bb37 f14:beffffe0
15753775ns          266937 1c008ec0 1c000737 lui              x14, 0x1c000000     x14=1c000000
15753795ns          266938 1c008ec4 19c72703 lw               x14, 412(x14)       x14=3f7fffff x14:1c000000  PA:1c00019c
15754113ns          266954 1c008ec8 70f57543 fmadd.s          f10, f10, f15, f14  f10=xxxxxxxx f10:3f8803f8 f15:beea1e5f f14:3f7fffff
15754133ns          266955 1c008ecc 00008067 jalr             x0, x1, 0            x1:1c0087ac
15754173ns          266957 1c0087ac 00a004b3 add              x9, x0, x10          x9=3f039c3b x10:3f039c3b
15754193ns          266958 1c0087ae 08897553 fsub.s           f10, f18, f8        f10=xxxxxxxx f18:3fc90fdb  f8:3f83f268
15754213ns          266959 1c0087b2 001b0b13 addi             x22, x22, 1         x22=00000016 x22:00000015
15754233ns          266960 1c0087b4 660000ef jal              x1, 1632             x1=1c0087b6
15754272ns          266962 1c008e14 a0a527d3 feq.s            x15, f10, f10       x15=00000001 f10:3f0a3ae6 f10:3f0a3ae6
15754292ns          266963 1c008e18 0a078b63 beq              x15, x0, 182        x15:00000001
15754312ns          266964 1c008e1a e00517d3 fclass.s         x15, f10            x15=00000040 f10:3f0a3ae6
15754332ns          266965 1c008e1e 0817f793 andi             x15, x15, 129       x15=00000000 x15:00000040
15754352ns          266966 1c008e22 0a079663 bne              x15, x0, 172        x15:00000000
15754372ns          266967 1c008e24 00000793 addi             x15, x0, 0          x15=00000000
15754392ns          266968 1c008e28 a0f517d3 flt.s            x15, f10, f15       x15=00000000 f10:3f0a3ae6 f15:00000000
15754412ns          266969 1c008e2c 0a079663 bne              x15, x0, 172        x15:00000000
15754431ns          266970 1c008e2e 1c000737 lui              x14, 0x1c000000     x14=1c000000
15754451ns          266971 1c008e32 16072783 lw               x15, 352(x14)       x15=40c90fdb x14:1c000000  PA:1c000160
15754770ns          266987 1c008e36 a0a797d3 flt.s            x15, f15, f10       x15=00000000 f15:40c90fdb f10:3f0a3ae6
15754789ns          266988 1c008e3a 00078b63 beq              x15, x0, 22         x15:00000000
15754849ns          266991 1c008e50 00000793 addi             x15, x0, 0          x15=00000000
15754869ns          266992 1c008e54 a0f517d3 flt.s            x15, f10, f15       x15=00000000 f10:3f0a3ae6 f15:00000000
15754889ns          266993 1c008e58 08079a63 bne              x15, x0, 148        x15:00000000
15754909ns          266994 1c008e5a 1c0007b7 lui              x15, 0x1c000000     x15=1c000000
15754929ns          266995 1c008e5e 0207a783 lw               x15, 32(x15)        x15=3fc90fdb x15:1c000000  PA:1c000020
15755247ns          267011 1c008e62 a0f517d3 flt.s            x15, f10, f15       x15=00000001 f10:3f0a3ae6 f15:3fc90fdb
15755267ns          267012 1c008e66 02079563 bne              x15, x0, 42         x15:00000001
15755327ns          267015 1c008e90 10a57553 fmul.s           f10, f10, f10       f10=xxxxxxxx f10:3f0a3ae6 f10:3f0a3ae6
15755346ns          267016 1c008e94 1c0007b7 lui              x15, 0x1c000000     x15=1c000000
15755366ns          267017 1c008e98 1c000737 lui              x14, 0x1c000000     x14=1c000000
15755386ns          267018 1c008e9c 16872703 lw               x14, 360(x14)       x14=bab59551 x14:1c000000  PA:1c000168
15755685ns          267033 1c008ea0 1647a783 lw               x15, 356(x15)       x15=37c23ab1 x15:1c000000  PA:1c000164
15756043ns          267051 1c008ea4 70f577c3 fmadd.s          f15, f10, f15, f14  f15=xxxxxxxx f10:3e95471b f15:37c23ab1 f14:bab59551
15756062ns          267052 1c008ea8 1c000737 lui              x14, 0x1c000000     x14=1c000000
15756082ns          267053 1c008eac 16c72703 lw               x14, 364(x14)       x14=3d2aa76f x14:1c000000  PA:1c00016c
15756401ns          267069 1c008eb0 70f577c3 fmadd.s          f15, f10, f15, f14  f15=xxxxxxxx f10:3e95471b f15:bab4b2cd f14:3d2aa76f
15756421ns          267070 1c008eb4 1c000737 lui              x14, 0x1c000000     x14=1c000000
15756440ns          267071 1c008eb8 17072703 lw               x14, 368(x14)       x14=beffffe0 x14:1c000000  PA:1c000170
15756759ns          267087 1c008ebc 70f577c3 fmadd.s          f15, f10, f15, f14  f15=xxxxxxxx f10:3e95471b f15:3d2901f6 f14:beffffe0
15756779ns          267088 1c008ec0 1c000737 lui              x14, 0x1c000000     x14=1c000000
15756798ns          267089 1c008ec4 19c72703 lw               x14, 412(x14)       x14=3f7fffff x14:1c000000  PA:1c00019c
15757117ns          267105 1c008ec8 70f57543 fmadd.s          f10, f10, f15, f14  f10=xxxxxxxx f10:3e95471b f15:bef9d70f f14:3f7fffff
15757137ns          267106 1c008ecc 00008067 jalr             x0, x1, 0            x1:1c0087b6
15757196ns          267109 1c0087b6 004ca78b p.lw             x15, 4(x25!)        x15=00000015 x25=10001fac x25:10001fa8  PA:10001fa8
15757216ns          267110 1c0087ba ffcc270b p.lw             x14, -4(x24!)       x14=0000001a x24=10001fb8 x24:10001fbc  PA:10001fbc
15757236ns          267111 1c0087be 00279793 slli             x15, x15, 0x2       x15=00000054 x15:00000015
15757256ns          267112 1c0087c0 017787b3 add              x15, x15, x23       x15=10001ea0 x15:00000054 x23:10001e4c
15757276ns          267113 1c0087c2 00271713 slli             x14, x14, 0x2       x14=00000068 x14:0000001a
15757296ns          267114 1c0087c4 0007a583 lw               x11, 0(x15)         x11=c093f767 x15:10001ea0  PA:10001ea0
15757316ns          267115 1c0087c6 01770733 add              x14, x14, x23       x14=10001eb4 x14:00000068 x23:10001e4c
15757335ns          267116 1c0087c8 00072683 lw               x13, 0(x14)         x13=406e63b4 x14:10001eb4  PA:10001eb4
15757355ns          267117 1c0087ca 20949653 fsgnjn.s         f12, f9, f9         f12=xxxxxxxx  f9:3f039c3b  f9:3f039c3b
15757375ns          267118 1c0087ce 10b67653 fmul.s           f12, f12, f11       f12=xxxxxxxx f12:bf039c3b f11:c093f767
15757395ns          267119 1c0087d2 10d4f4d3 fmul.s           f9, f9, f13          f9=xxxxxxxx  f9:3f039c3b f13:406e63b4
15757415ns          267120 1c0087d6 60d576c3 fmadd.s          f13, f10, f13, f12  f13=xxxxxxxx f10:3f5b941b f13:406e63b4 f12:401823cd
15757435ns          267121 1c0087da 48b57543 fmadd.s          f10, f10, f11, f9   f10=xxxxxxxx f10:3f5b941b f11:c093f767  f9:3ff51d02
15757455ns          267122 1c0087de 00d72023 sw               x13, 0(x14)         x13:40b24e81 x14:10001eb4  PA:10001eb4
15757475ns          267123 1c0087e0 00a7a023 sw               x10, 0(x15)         x10:c00345fe x15:10001ea0  PA:10001ea0
15757495ns          267124 1c0087e2 fb5b13e3 bne              x22, x21, -90       x22:00000016 x21:00000018
15757554ns          267127 1c008788 016007b3 add              x15, x0, x22        x15=00000016 x22:00000016
15757574ns          267128 1c00878a 060b0d63 beq              x22, x0, 122        x22:00000016
15757594ns          267129 1c00878e 00000713 addi             x14, x0, 0          x14=00000000
15757614ns          267130 1c008790 00f006b3 add              x13, x0, x15        x13=00000016 x15:00000016
15757634ns          267131 1c008792 fc1726b3 p.insert         x13, x14, 30, 1     x13=00000000 x13:00000016 x14:00000000
15757654ns          267132 1c008796 4017d793 srai             x15, x15, 0x401     x15=0000000b x15:00000016
15757674ns          267133 1c008798 00d00733 add              x14, x0, x13        x14=00000000 x13:00000000
15757694ns          267134 1c00879a fe079be3 bne              x15, x0, -10        x15:0000000b
15757753ns          267137 1c008790 00f006b3 add              x13, x0, x15        x13=0000000b x15:0000000b
15757773ns          267138 1c008792 fc1726b3 p.insert         x13, x14, 30, 1     x13=00000001 x13:0000000b x14:00000000
15757793ns          267139 1c008796 4017d793 srai             x15, x15, 0x401     x15=00000005 x15:0000000b
15757813ns          267140 1c008798 00d00733 add              x14, x0, x13        x14=00000001 x13:00000001
15757833ns          267141 1c00879a fe079be3 bne              x15, x0, -10        x15:00000005
15757892ns          267144 1c008790 00f006b3 add              x13, x0, x15        x13=00000005 x15:00000005
15757912ns          267145 1c008792 fc1726b3 p.insert         x13, x14, 30, 1     x13=00000003 x13:00000005 x14:00000001
15757932ns          267146 1c008796 4017d793 srai             x15, x15, 0x401     x15=00000002 x15:00000005
15757952ns          267147 1c008798 00d00733 add              x14, x0, x13        x14=00000003 x13:00000003
15757972ns          267148 1c00879a fe079be3 bne              x15, x0, -10        x15:00000002
15758032ns          267151 1c008790 00f006b3 add              x13, x0, x15        x13=00000002 x15:00000002
15758052ns          267152 1c008792 fc1726b3 p.insert         x13, x14, 30, 1     x13=00000006 x13:00000002 x14:00000003
15758071ns          267153 1c008796 4017d793 srai             x15, x15, 0x401     x15=00000001 x15:00000002
15758091ns          267154 1c008798 00d00733 add              x14, x0, x13        x14=00000006 x13:00000006
15758111ns          267155 1c00879a fe079be3 bne              x15, x0, -10        x15:00000001
15758171ns          267158 1c008790 00f006b3 add              x13, x0, x15        x13=00000001 x15:00000001
15758191ns          267159 1c008792 fc1726b3 p.insert         x13, x14, 30, 1     x13=0000000d x13:00000001 x14:00000006
15758211ns          267160 1c008796 4017d793 srai             x15, x15, 0x401     x15=00000000 x15:00000001
15758231ns          267161 1c008798 00d00733 add              x14, x0, x13        x14=0000000d x13:0000000d
15758250ns          267162 1c00879a fe079be3 bne              x15, x0, -10        x15:00000000
15758270ns          267163 1c00879c d006f453 fcvt.s.w         f8, x13              f8=xxxxxxxx x13:0000000d
15758290ns          267164 1c0087a0 11447453 fmul.s           f8, f8, f20          f8=xxxxxxxx  f8:41500000 f20:3f490fdb
15758310ns          267165 1c0087a4 19347453 fdiv.s           f8, f8, f19          f8=xxxxxxxx  f8:41235ce2 f19:41800000
15758589ns          267179 1c0087a8 00800533 add              x10, x0, x8         x10=3f235ce2  x8:3f235ce2
15758608ns          267180 1c0087aa 66a000ef jal              x1, 1642             x1=1c0087ac
15758648ns          267182 1c008e14 a0a527d3 feq.s            x15, f10, f10       x15=00000001 f10:3f235ce2 f10:3f235ce2
15758668ns          267183 1c008e18 0a078b63 beq              x15, x0, 182        x15:00000001
15758688ns          267184 1c008e1a e00517d3 fclass.s         x15, f10            x15=00000040 f10:3f235ce2
15758708ns          267185 1c008e1e 0817f793 andi             x15, x15, 129       x15=00000000 x15:00000040
15758728ns          267186 1c008e22 0a079663 bne              x15, x0, 172        x15:00000000
15758748ns          267187 1c008e24 00000793 addi             x15, x0, 0          x15=00000000
15758768ns          267188 1c008e28 a0f517d3 flt.s            x15, f10, f15       x15=00000000 f10:3f235ce2 f15:00000000
15758788ns          267189 1c008e2c 0a079663 bne              x15, x0, 172        x15:00000000
15758807ns          267190 1c008e2e 1c000737 lui              x14, 0x1c000000     x14=1c000000
15758827ns          267191 1c008e32 16072783 lw               x15, 352(x14)       x15=40c90fdb x14:1c000000  PA:1c000160
15759146ns          267207 1c008e36 a0a797d3 flt.s            x15, f15, f10       x15=00000000 f15:40c90fdb f10:3f235ce2
15759165ns          267208 1c008e3a 00078b63 beq              x15, x0, 22         x15:00000000
15759225ns          267211 1c008e50 00000793 addi             x15, x0, 0          x15=00000000
15759245ns          267212 1c008e54 a0f517d3 flt.s            x15, f10, f15       x15=00000000 f10:3f235ce2 f15:00000000
15759265ns          267213 1c008e58 08079a63 bne              x15, x0, 148        x15:00000000
15759285ns          267214 1c008e5a 1c0007b7 lui              x15, 0x1c000000     x15=1c000000
15759305ns          267215 1c008e5e 0207a783 lw               x15, 32(x15)        x15=3fc90fdb x15:1c000000  PA:1c000020
15759643ns          267232 1c008e62 a0f517d3 flt.s            x15, f10, f15       x15=00000001 f10:3f235ce2 f15:3fc90fdb
15759663ns          267233 1c008e66 02079563 bne              x15, x0, 42         x15:00000001
15759722ns          267236 1c008e90 10a57553 fmul.s           f10, f10, f10       f10=xxxxxxxx f10:3f235ce2 f10:3f235ce2
15759742ns          267237 1c008e94 1c0007b7 lui              x15, 0x1c000000     x15=1c000000
15759762ns          267238 1c008e98 1c000737 lui              x14, 0x1c000000     x14=1c000000
15759782ns          267239 1c008e9c 16872703 lw               x14, 360(x14)       x14=bab59551 x14:1c000000  PA:1c000168
15760080ns          267254 1c008ea0 1647a783 lw               x15, 356(x15)       x15=37c23ab1 x15:1c000000  PA:1c000164
15760438ns          267272 1c008ea4 70f577c3 fmadd.s          f15, f10, f15, f14  f15=xxxxxxxx f10:3ed07ed3 f15:37c23ab1 f14:bab59551
15760458ns          267273 1c008ea8 1c000737 lui              x14, 0x1c000000     x14=1c000000
15760478ns          267274 1c008eac 16c72703 lw               x14, 364(x14)       x14=3d2aa76f x14:1c000000  PA:1c00016c
15760796ns          267290 1c008eb0 70f577c3 fmadd.s          f15, f10, f15, f14  f15=xxxxxxxx f10:3ed07ed3 f15:bab458f1 f14:3d2aa76f
15760816ns          267291 1c008eb4 1c000737 lui              x14, 0x1c000000     x14=1c000000
15760836ns          267292 1c008eb8 17072703 lw               x14, 368(x14)       x14=beffffe0 x14:1c000000  PA:1c000170
15761155ns          267308 1c008ebc 70f577c3 fmadd.s          f15, f10, f15, f14  f15=xxxxxxxx f10:3ed07ed3 f15:3d285be9 f14:beffffe0
15761174ns          267309 1c008ec0 1c000737 lui              x14, 0x1c000000     x14=1c000000
15761194ns          267310 1c008ec4 19c72703 lw               x14, 412(x14)       x14=3f7fffff x14:1c000000  PA:1c00019c
15761513ns          267326 1c008ec8 70f57543 fmadd.s          f10, f10, f15, f14  f10=xxxxxxxx f10:3ed07ed3 f15:bef76dff f14:3f7fffff
15761532ns          267327 1c008ecc 00008067 jalr             x0, x1, 0            x1:1c0087ac
15761572ns          267329 1c0087ac 00a004b3 add              x9, x0, x10          x9=3f4d9f02 x10:3f4d9f02
15761592ns          267330 1c0087ae 08897553 fsub.s           f10, f18, f8        f10=xxxxxxxx f18:3fc90fdb  f8:3f235ce2
15761612ns          267331 1c0087b2 001b0b13 addi             x22, x22, 1         x22=00000017 x22:00000016
15761632ns          267332 1c0087b4 660000ef jal              x1, 1632             x1=1c0087b6
15761672ns          267334 1c008e14 a0a527d3 feq.s            x15, f10, f10       x15=00000001 f10:3f6ec2d4 f10:3f6ec2d4
15761692ns          267335 1c008e18 0a078b63 beq              x15, x0, 182        x15:00000001
15761711ns          267336 1c008e1a e00517d3 fclass.s         x15, f10            x15=00000040 f10:3f6ec2d4
15761731ns          267337 1c008e1e 0817f793 andi             x15, x15, 129       x15=00000000 x15:00000040
15761751ns          267338 1c008e22 0a079663 bne              x15, x0, 172        x15:00000000
15761771ns          267339 1c008e24 00000793 addi             x15, x0, 0          x15=00000000
15761791ns          267340 1c008e28 a0f517d3 flt.s            x15, f10, f15       x15=00000000 f10:3f6ec2d4 f15:00000000
15761811ns          267341 1c008e2c 0a079663 bne              x15, x0, 172        x15:00000000
15761831ns          267342 1c008e2e 1c000737 lui              x14, 0x1c000000     x14=1c000000
15761851ns          267343 1c008e32 16072783 lw               x15, 352(x14)       x15=40c90fdb x14:1c000000  PA:1c000160
15762169ns          267359 1c008e36 a0a797d3 flt.s            x15, f15, f10       x15=00000000 f15:40c90fdb f10:3f6ec2d4
15762189ns          267360 1c008e3a 00078b63 beq              x15, x0, 22         x15:00000000
15762248ns          267363 1c008e50 00000793 addi             x15, x0, 0          x15=00000000
15762268ns          267364 1c008e54 a0f517d3 flt.s            x15, f10, f15       x15=00000000 f10:3f6ec2d4 f15:00000000
15762288ns          267365 1c008e58 08079a63 bne              x15, x0, 148        x15:00000000
15762308ns          267366 1c008e5a 1c0007b7 lui              x15, 0x1c000000     x15=1c000000
15762328ns          267367 1c008e5e 0207a783 lw               x15, 32(x15)        x15=3fc90fdb x15:1c000000  PA:1c000020
15762646ns          267383 1c008e62 a0f517d3 flt.s            x15, f10, f15       x15=00000001 f10:3f6ec2d4 f15:3fc90fdb
15762666ns          267384 1c008e66 02079563 bne              x15, x0, 42         x15:00000001
15762726ns          267387 1c008e90 10a57553 fmul.s           f10, f10, f10       f10=xxxxxxxx f10:3f6ec2d4 f10:3f6ec2d4
15762746ns          267388 1c008e94 1c0007b7 lui              x15, 0x1c000000     x15=1c000000
15762766ns          267389 1c008e98 1c000737 lui              x14, 0x1c000000     x14=1c000000
15762786ns          267390 1c008e9c 16872703 lw               x14, 360(x14)       x14=bab59551 x14:1c000000  PA:1c000168
15763084ns          267405 1c008ea0 1647a783 lw               x15, 356(x15)       x15=37c23ab1 x15:1c000000  PA:1c000164
15763402ns          267421 1c008ea4 70f577c3 fmadd.s          f15, f10, f15, f14  f15=xxxxxxxx f10:3f5eaed6 f15:37c23ab1 f14:bab59551
15763422ns          267422 1c008ea8 1c000737 lui              x14, 0x1c000000     x14=1c000000
15763442ns          267423 1c008eac 16c72703 lw               x14, 364(x14)       x14=3d2aa76f x14:1c000000  PA:1c00016c
15763760ns          267439 1c008eb0 70f577c3 fmadd.s          f15, f10, f15, f14  f15=xxxxxxxx f10:3f5eaed6 f15:bab2f183 f14:3d2aa76f
15763780ns          267440 1c008eb4 1c000737 lui              x14, 0x1c000000     x14=1c000000
15763800ns          267441 1c008eb8 17072703 lw               x14, 368(x14)       x14=beffffe0 x14:1c000000  PA:1c000170
15764118ns          267457 1c008ebc 70f577c3 fmadd.s          f15, f10, f15, f14  f15=xxxxxxxx f10:3f5eaed6 f15:3d25ca32 f14:beffffe0
15764138ns          267458 1c008ec0 1c000737 lui              x14, 0x1c000000     x14=1c000000
15764158ns          267459 1c008ec4 19c72703 lw               x14, 412(x14)       x14=3f7fffff x14:1c000000  PA:1c00019c
15764496ns          267476 1c008ec8 70f57543 fmadd.s          f10, f10, f15, f14  f10=xxxxxxxx f10:3f5eaed6 f15:beedf90e f14:3f7fffff
15764516ns          267477 1c008ecc 00008067 jalr             x0, x1, 0            x1:1c0087b6
15764576ns          267480 1c0087b6 004ca78b p.lw             x15, 4(x25!)        x15=00000016 x25=10001fb0 x25:10001fac  PA:10001fac
15764596ns          267481 1c0087ba ffcc270b p.lw             x14, -4(x24!)       x14=00000019 x24=10001fb4 x24:10001fb8  PA:10001fb8
15764615ns          267482 1c0087be 00279793 slli             x15, x15, 0x2       x15=00000058 x15:00000016
15764635ns          267483 1c0087c0 017787b3 add              x15, x15, x23       x15=10001ea4 x15:00000058 x23:10001e4c
15764655ns          267484 1c0087c2 00271713 slli             x14, x14, 0x2       x14=00000064 x14:00000019
15764675ns          267485 1c0087c4 0007a583 lw               x11, 0(x15)         x11=40e251fe x15:10001ea4  PA:10001ea4
15764695ns          267486 1c0087c6 01770733 add              x14, x14, x23       x14=10001eb0 x14:00000064 x23:10001e4c
15764715ns          267487 1c0087c8 00072683 lw               x13, 0(x14)         x13=406508de x14:10001eb0  PA:10001eb0
15764735ns          267488 1c0087ca 20949653 fsgnjn.s         f12, f9, f9         f12=xxxxxxxx  f9:3f4d9f02  f9:3f4d9f02
15764755ns          267489 1c0087ce 10b67653 fmul.s           f12, f12, f11       f12=xxxxxxxx f12:bf4d9f02 f11:40e251fe
15764775ns          267490 1c0087d2 10d4f4d3 fmul.s           f9, f9, f13          f9=xxxxxxxx  f9:3f4d9f02 f13:406508de
15764795ns          267491 1c0087d6 60d576c3 fmadd.s          f13, f10, f13, f12  f13=xxxxxxxx f10:3f187fbf f13:406508de f12:c0b5c83b
15764814ns          267492 1c0087da 48b57543 fmadd.s          f10, f10, f11, f9   f10=xxxxxxxx f10:3f187fbf f11:40e251fe  f9:4037f65c
15764834ns          267493 1c0087de 00d72023 sw               x13, 0(x14)         x13:c06320e8 x14:10001eb0  PA:10001eb0
15764854ns          267494 1c0087e0 00a7a023 sw               x10, 0(x15)         x10:40e2cccc x15:10001ea4  PA:10001ea4
15764874ns          267495 1c0087e2 fb5b13e3 bne              x22, x21, -90       x22:00000017 x21:00000018
15764934ns          267498 1c008788 016007b3 add              x15, x0, x22        x15=00000017 x22:00000017
15764954ns          267499 1c00878a 060b0d63 beq              x22, x0, 122        x22:00000017
15764974ns          267500 1c00878e 00000713 addi             x14, x0, 0          x14=00000000
15764993ns          267501 1c008790 00f006b3 add              x13, x0, x15        x13=00000017 x15:00000017
15765013ns          267502 1c008792 fc1726b3 p.insert         x13, x14, 30, 1     x13=00000001 x13:00000017 x14:00000000
15765033ns          267503 1c008796 4017d793 srai             x15, x15, 0x401     x15=0000000b x15:00000017
15765053ns          267504 1c008798 00d00733 add              x14, x0, x13        x14=00000001 x13:00000001
15765073ns          267505 1c00879a fe079be3 bne              x15, x0, -10        x15:0000000b
15765133ns          267508 1c008790 00f006b3 add              x13, x0, x15        x13=0000000b x15:0000000b
15765153ns          267509 1c008792 fc1726b3 p.insert         x13, x14, 30, 1     x13=00000003 x13:0000000b x14:00000001
15765172ns          267510 1c008796 4017d793 srai             x15, x15, 0x401     x15=00000005 x15:0000000b
15765192ns          267511 1c008798 00d00733 add              x14, x0, x13        x14=00000003 x13:00000003
15765212ns          267512 1c00879a fe079be3 bne              x15, x0, -10        x15:00000005
15765272ns          267515 1c008790 00f006b3 add              x13, x0, x15        x13=00000005 x15:00000005
15765292ns          267516 1c008792 fc1726b3 p.insert         x13, x14, 30, 1     x13=00000007 x13:00000005 x14:00000003
15765312ns          267517 1c008796 4017d793 srai             x15, x15, 0x401     x15=00000002 x15:00000005
15765332ns          267518 1c008798 00d00733 add              x14, x0, x13        x14=00000007 x13:00000007
15765351ns          267519 1c00879a fe079be3 bne              x15, x0, -10        x15:00000002
15765411ns          267522 1c008790 00f006b3 add              x13, x0, x15        x13=00000002 x15:00000002
15765431ns          267523 1c008792 fc1726b3 p.insert         x13, x14, 30, 1     x13=0000000e x13:00000002 x14:00000007
15765451ns          267524 1c008796 4017d793 srai             x15, x15, 0x401     x15=00000001 x15:00000002
15765471ns          267525 1c008798 00d00733 add              x14, x0, x13        x14=0000000e x13:0000000e
15765491ns          267526 1c00879a fe079be3 bne              x15, x0, -10        x15:00000001
15765550ns          267529 1c008790 00f006b3 add              x13, x0, x15        x13=00000001 x15:00000001
15765570ns          267530 1c008792 fc1726b3 p.insert         x13, x14, 30, 1     x13=0000001d x13:00000001 x14:0000000e
15765590ns          267531 1c008796 4017d793 srai             x15, x15, 0x401     x15=00000000 x15:00000001
15765610ns          267532 1c008798 00d00733 add              x14, x0, x13        x14=0000001d x13:0000001d
15765630ns          267533 1c00879a fe079be3 bne              x15, x0, -10        x15:00000000
15765650ns          267534 1c00879c d006f453 fcvt.s.w         f8, x13              f8=xxxxxxxx x13:0000001d
15765670ns          267535 1c0087a0 11447453 fmul.s           f8, f8, f20          f8=xxxxxxxx  f8:41e80000 f20:3f490fdb
15765690ns          267536 1c0087a4 19347453 fdiv.s           f8, f8, f19          f8=xxxxxxxx  f8:41b6365e f19:41800000
15765968ns          267550 1c0087a8 00800533 add              x10, x0, x8         x10=3fb6365e  x8:3fb6365e
15765988ns          267551 1c0087aa 66a000ef jal              x1, 1642             x1=1c0087ac
15766028ns          267553 1c008e14 a0a527d3 feq.s            x15, f10, f10       x15=00000001 f10:3fb6365e f10:3fb6365e
15766048ns          267554 1c008e18 0a078b63 beq              x15, x0, 182        x15:00000001
15766068ns          267555 1c008e1a e00517d3 fclass.s         x15, f10            x15=00000040 f10:3fb6365e
15766087ns          267556 1c008e1e 0817f793 andi             x15, x15, 129       x15=00000000 x15:00000040
15766107ns          267557 1c008e22 0a079663 bne              x15, x0, 172        x15:00000000
15766127ns          267558 1c008e24 00000793 addi             x15, x0, 0          x15=00000000
15766147ns          267559 1c008e28 a0f517d3 flt.s            x15, f10, f15       x15=00000000 f10:3fb6365e f15:00000000
15766167ns          267560 1c008e2c 0a079663 bne              x15, x0, 172        x15:00000000
15766187ns          267561 1c008e2e 1c000737 lui              x14, 0x1c000000     x14=1c000000
15766207ns          267562 1c008e32 16072783 lw               x15, 352(x14)       x15=40c90fdb x14:1c000000  PA:1c000160
15766525ns          267578 1c008e36 a0a797d3 flt.s            x15, f15, f10       x15=00000000 f15:40c90fdb f10:3fb6365e
15766545ns          267579 1c008e3a 00078b63 beq              x15, x0, 22         x15:00000000
15766605ns          267582 1c008e50 00000793 addi             x15, x0, 0          x15=00000000
15766624ns          267583 1c008e54 a0f517d3 flt.s            x15, f10, f15       x15=00000000 f10:3fb6365e f15:00000000
15766644ns          267584 1c008e58 08079a63 bne              x15, x0, 148        x15:00000000
15766664ns          267585 1c008e5a 1c0007b7 lui              x15, 0x1c000000     x15=1c000000
15766684ns          267586 1c008e5e 0207a783 lw               x15, 32(x15)        x15=3fc90fdb x15:1c000000  PA:1c000020
15767002ns          267602 1c008e62 a0f517d3 flt.s            x15, f10, f15       x15=00000001 f10:3fb6365e f15:3fc90fdb
15767022ns          267603 1c008e66 02079563 bne              x15, x0, 42         x15:00000001
15767082ns          267606 1c008e90 10a57553 fmul.s           f10, f10, f10       f10=xxxxxxxx f10:3fb6365e f10:3fb6365e
15767102ns          267607 1c008e94 1c0007b7 lui              x15, 0x1c000000     x15=1c000000
15767122ns          267608 1c008e98 1c000737 lui              x14, 0x1c000000     x14=1c000000
15767142ns          267609 1c008e9c 16872703 lw               x14, 360(x14)       x14=bab59551 x14:1c000000  PA:1c000168
15767440ns          267624 1c008ea0 1647a783 lw               x15, 356(x15)       x15=37c23ab1 x15:1c000000  PA:1c000164
15767758ns          267640 1c008ea4 70f577c3 fmadd.s          f15, f10, f15, f14  f15=xxxxxxxx f10:4001b159 f15:37c23ab1 f14:bab59551
15767778ns          267641 1c008ea8 1c000737 lui              x14, 0x1c000000     x14=1c000000
15767798ns          267642 1c008eac 16c72703 lw               x14, 364(x14)       x14=3d2aa76f x14:1c000000  PA:1c00016c
15768116ns          267658 1c008eb0 70f577c3 fmadd.s          f15, f10, f15, f14  f15=xxxxxxxx f10:4001b159 f15:baaf6eef f14:3d2aa76f
15768136ns          267659 1c008eb4 1c000737 lui              x14, 0x1c000000     x14=1c000000
15768156ns          267660 1c008eb8 17072703 lw               x14, 368(x14)       x14=beffffe0 x14:1c000000  PA:1c000170
15768494ns          267677 1c008ebc 70f577c3 fmadd.s          f15, f10, f15, f14  f15=xxxxxxxx f10:4001b159 f15:3d1f8b61 f14:beffffe0
15768514ns          267678 1c008ec0 1c000737 lui              x14, 0x1c000000     x14=1c000000
15768534ns          267679 1c008ec4 19c72703 lw               x14, 412(x14)       x14=3f7fffff x14:1c000000  PA:1c00019c
15768852ns          267695 1c008ec8 70f57543 fmadd.s          f10, f10, f15, f14  f10=xxxxxxxx f10:4001b159 f15:bed795ff f14:3f7fffff
15768872ns          267696 1c008ecc 00008067 jalr             x0, x1, 0            x1:1c0087ac
15768912ns          267698 1c0087ac 00a004b3 add              x9, x0, x10          x9=3e164083 x10:3e164083
15768932ns          267699 1c0087ae 08897553 fsub.s           f10, f18, f8        f10=xxxxxxxx f18:3fc90fdb  f8:3fb6365e
15768952ns          267700 1c0087b2 001b0b13 addi             x22, x22, 1         x22=00000018 x22:00000017
15768972ns          267701 1c0087b4 660000ef jal              x1, 1632             x1=1c0087b6
15769011ns          267703 1c008e14 a0a527d3 feq.s            x15, f10, f10       x15=00000001 f10:3e16cbe8 f10:3e16cbe8
15769031ns          267704 1c008e18 0a078b63 beq              x15, x0, 182        x15:00000001
15769051ns          267705 1c008e1a e00517d3 fclass.s         x15, f10            x15=00000040 f10:3e16cbe8
15769071ns          267706 1c008e1e 0817f793 andi             x15, x15, 129       x15=00000000 x15:00000040
15769091ns          267707 1c008e22 0a079663 bne              x15, x0, 172        x15:00000000
15769111ns          267708 1c008e24 00000793 addi             x15, x0, 0          x15=00000000
15769131ns          267709 1c008e28 a0f517d3 flt.s            x15, f10, f15       x15=00000000 f10:3e16cbe8 f15:00000000
15769151ns          267710 1c008e2c 0a079663 bne              x15, x0, 172        x15:00000000
15769170ns          267711 1c008e2e 1c000737 lui              x14, 0x1c000000     x14=1c000000
15769190ns          267712 1c008e32 16072783 lw               x15, 352(x14)       x15=40c90fdb x14:1c000000  PA:1c000160
15769509ns          267728 1c008e36 a0a797d3 flt.s            x15, f15, f10       x15=00000000 f15:40c90fdb f10:3e16cbe8
15769529ns          267729 1c008e3a 00078b63 beq              x15, x0, 22         x15:00000000
15769588ns          267732 1c008e50 00000793 addi             x15, x0, 0          x15=00000000
15769608ns          267733 1c008e54 a0f517d3 flt.s            x15, f10, f15       x15=00000000 f10:3e16cbe8 f15:00000000
15769628ns          267734 1c008e58 08079a63 bne              x15, x0, 148        x15:00000000
15769648ns          267735 1c008e5a 1c0007b7 lui              x15, 0x1c000000     x15=1c000000
15769668ns          267736 1c008e5e 0207a783 lw               x15, 32(x15)        x15=3fc90fdb x15:1c000000  PA:1c000020
15769986ns          267752 1c008e62 a0f517d3 flt.s            x15, f10, f15       x15=00000001 f10:3e16cbe8 f15:3fc90fdb
15770006ns          267753 1c008e66 02079563 bne              x15, x0, 42         x15:00000001
15770066ns          267756 1c008e90 10a57553 fmul.s           f10, f10, f10       f10=xxxxxxxx f10:3e16cbe8 f10:3e16cbe8
15770085ns          267757 1c008e94 1c0007b7 lui              x15, 0x1c000000     x15=1c000000
15770105ns          267758 1c008e98 1c000737 lui              x14, 0x1c000000     x14=1c000000
15770125ns          267759 1c008e9c 16872703 lw               x14, 360(x14)       x14=bab59551 x14:1c000000  PA:1c000168
15770424ns          267774 1c008ea0 1647a783 lw               x15, 356(x15)       x15=37c23ab1 x15:1c000000  PA:1c000164
15770802ns          267793 1c008ea4 70f577c3 fmadd.s          f15, f10, f15, f14  f15=xxxxxxxx f10:3cb1a72d f15:37c23ab1 f14:bab59551
15770821ns          267794 1c008ea8 1c000737 lui              x14, 0x1c000000     x14=1c000000
15770841ns          267795 1c008eac 16c72703 lw               x14, 364(x14)       x14=3d2aa76f x14:1c000000  PA:1c00016c
15771160ns          267811 1c008eb0 70f577c3 fmadd.s          f15, f10, f15, f14  f15=xxxxxxxx f10:3cb1a72d f15:bab58478 f14:3d2aa76f
15771179ns          267812 1c008eb4 1c000737 lui              x14, 0x1c000000     x14=1c000000
15771199ns          267813 1c008eb8 17072703 lw               x14, 368(x14)       x14=beffffe0 x14:1c000000  PA:1c000170
15771518ns          267829 1c008ebc 70f577c3 fmadd.s          f15, f10, f15, f14  f15=xxxxxxxx f10:3cb1a72d f15:3d2a87f1 f14:beffffe0
15771537ns          267830 1c008ec0 1c000737 lui              x14, 0x1c000000     x14=1c000000
15771557ns          267831 1c008ec4 19c72703 lw               x14, 412(x14)       x14=3f7fffff x14:1c000000  PA:1c00019c
15771876ns          267847 1c008ec8 70f57543 fmadd.s          f10, f10, f15, f14  f10=xxxxxxxx f10:3cb1a72d f15:beff8989 f14:3f7fffff
15771896ns          267848 1c008ecc 00008067 jalr             x0, x1, 0            x1:1c0087b6
15771955ns          267851 1c0087b6 004ca78b p.lw             x15, 4(x25!)        x15=00000017 x25=10001fb4 x25:10001fb0  PA:10001fb0
15771995ns          267853 1c0087ba ffcc270b p.lw             x14, -4(x24!)       x14=00000018 x24=10001fb0 x24:10001fb4  PA:10001fb4
15772015ns          267854 1c0087be 00279793 slli             x15, x15, 0x2       x15=0000005c x15:00000017
15772035ns          267855 1c0087c0 017787b3 add              x15, x15, x23       x15=10001ea8 x15:0000005c x23:10001e4c
15772055ns          267856 1c0087c2 00271713 slli             x14, x14, 0x2       x14=00000060 x14:00000018
15772075ns          267857 1c0087c4 0007a583 lw               x11, 0(x15)         x11=40ea212c x15:10001ea8  PA:10001ea8
15772094ns          267858 1c0087c6 01770733 add              x14, x14, x23       x14=10001eac x14:00000060 x23:10001e4c
15772114ns          267859 1c0087c8 00072683 lw               x13, 0(x14)         x13=c12d6df0 x14:10001eac  PA:10001eac
15772134ns          267860 1c0087ca 20949653 fsgnjn.s         f12, f9, f9         f12=xxxxxxxx  f9:3e164083  f9:3e164083
15772154ns          267861 1c0087ce 10b67653 fmul.s           f12, f12, f11       f12=xxxxxxxx f12:be164083 f11:40ea212c
15772174ns          267862 1c0087d2 10d4f4d3 fmul.s           f9, f9, f13          f9=xxxxxxxx  f9:3e164083 f13:c12d6df0
15772194ns          267863 1c0087d6 60d576c3 fmadd.s          f13, f10, f13, f12  f13=xxxxxxxx f10:3f7d3aab f13:c12d6df0 f12:bf896a70
15772214ns          267864 1c0087da 48b57543 fmadd.s          f10, f10, f11, f9   f10=xxxxxxxx f10:3f7d3aab f11:40ea212c  f9:bfcb943e
15772234ns          267865 1c0087de 00d72023 sw               x13, 0(x14)         x13:c13cbab3 x14:10001eac  PA:10001eac
15772254ns          267866 1c0087e0 00a7a023 sw               x10, 0(x15)         x10:40b4b361 x15:10001ea8  PA:10001ea8
15772273ns          267867 1c0087e2 fb5b13e3 bne              x22, x21, -90       x22:00000018 x21:00000018
15772293ns          267868 1c0087e6 07c12083 lw               x1, 124(x2)          x1=1c0088cc  x2:10001dc8  PA:10001e44
15772313ns          267869 1c0087e8 07812403 lw               x8, 120(x2)          x8=xxxxxxxx  x2:10001dc8  PA:10001e40
15772333ns          267870 1c0087ea 07412483 lw               x9, 116(x2)          x9=00000003  x2:10001dc8  PA:10001e3c
15772353ns          267871 1c0087ec 07012903 lw               x18, 112(x2)        x18=1c010000  x2:10001dc8  PA:10001e38
15772373ns          267872 1c0087ee 06c12983 lw               x19, 108(x2)        x19=xxxxxxxx  x2:10001dc8  PA:10001e34
15772393ns          267873 1c0087f0 06812a03 lw               x20, 104(x2)        x20=xxxxxxxx  x2:10001dc8  PA:10001e30
15772413ns          267874 1c0087f2 06412a83 lw               x21, 100(x2)        x21=xxxxxxxx  x2:10001dc8  PA:10001e2c
15772433ns          267875 1c0087f4 06012b03 lw               x22, 96(x2)         x22=xxxxxxxx  x2:10001dc8  PA:10001e28
15772452ns          267876 1c0087f6 05c12b83 lw               x23, 92(x2)         x23=xxxxxxxx  x2:10001dc8  PA:10001e24
15772472ns          267877 1c0087f8 05812c03 lw               x24, 88(x2)         x24=xxxxxxxx  x2:10001dc8  PA:10001e20
15772492ns          267878 1c0087fa 05412c83 lw               x25, 84(x2)         x25=xxxxxxxx  x2:10001dc8  PA:10001e1c
15772512ns          267879 1c0087fc 05012d03 lw               x26, 80(x2)         x26=xxxxxxxx  x2:10001dc8  PA:10001e18
15772532ns          267880 1c0087fe 04c12d83 lw               x27, 76(x2)         x27=xxxxxxxx  x2:10001dc8  PA:10001e14
15772552ns          267881 1c008800 08010113 addi             x2, x2, 128          x2=10001e48  x2:10001dc8
15772572ns          267882 1c008802 00008067 jalr             x0, x1, 0            x1:1c0088cc
15772651ns          267886 1c0088cc 00000693 addi             x13, x0, 0          x13=00000000
15772671ns          267887 1c0088ce 00100613 addi             x12, x0, 1          x12=00000001
15772930ns          267900 1c0088d0 02000593 addi             x11, x0, 32         x11=00000020
15772970ns          267902 1c0088d4 00410513 addi             x10, x2, 4          x10=10001e4c  x2:10001e48
15772989ns          267903 1c0088d6 869ff0ef jal              x1, -1944            x1=1c0088d8
15773069ns          267907 1c00813e 00100793 addi             x15, x0, 1          x15=00000001
15773149ns          267911 1c008140 06b7da63 bge              x15, x11, 116       x15:00000001 x11:00000020
15773188ns          267913 1c008144 00000813 addi             x16, x0, 0          x16=00000000
15773208ns          267914 1c008146 4015de13 srai             x28, x11, 0x401     x28=00000010 x11:00000020
15773228ns          267915 1c00814a 00c68333 add              x6, x13, x12         x6=00000001 x13:00000000 x12:00000001
15773288ns          267918 1c00814e fff84793 xori             x15, x16, -1        x15=ffffffff x16:00000000
15773308ns          267919 1c008152 00231313 slli             x6, x6, 0x2          x6=00000004  x6:00000001
15773328ns          267920 1c008154 01c7f7b3 and              x15, x15, x28       x15=00000010 x15:ffffffff x28:00000010
15773348ns          267921 1c008158 fff58e93 addi             x29, x11, -1        x29=0000001f x11:00000020
15773367ns          267922 1c00815c 00261f13 slli             x30, x12, 0x2       x30=00000004 x12:00000001
15773447ns          267926 1c008160 00a30333 add              x6, x6, x10          x6=10001e50  x6:00000004 x10:10001e4c
15773467ns          267927 1c008162 00000893 addi             x17, x0, 0          x17=00000000
15773487ns          267928 1c008164 01c845b3 xor              x11, x16, x28       x11=00000010 x16:00000000 x28:00000010
15773507ns          267929 1c008168 04079263 bne              x15, x0, 68         x15:00000010
15774442ns          267976 1c0081ac 00188893 addi             x17, x17, 1         x17=00000001 x17:00000000
15774461ns          267977 1c0081ae 00b00833 add              x16, x0, x11        x16=00000010 x11:00000010
15774521ns          267980 1c0081b0 fd1e99e3 bne              x29, x17, -46       x29:0000001f x17:00000001
15775038ns          268006 1c008182 0108dd63 bge              x17, x16, 26        x17:00000001 x16:00000010
15775058ns          268007 1c008186 00d007b3 add              x15, x0, x13        x15=00000000 x13:00000000
15775078ns          268008 1c008188 430607b3 p.mac            x15, x12, x16       x15=00000010 x15:00000000 x12:00000001 x16:00000010
15775098ns          268009 1c00818c 00279793 slli             x15, x15, 0x2       x15=00000040 x15:00000010
15775118ns          268010 1c00818e 00a787b3 add              x15, x15, x10       x15=10001e8c x15:00000040 x10:10001e4c
15775496ns          268029 1c008190 0007a583 lw               x11, 0(x15)         x11=41123223 x15:10001e8c  PA:10001e8c
15775555ns          268032 1c008192 00032703 lw               x14, 0(x6)          x14=411fe609  x6:10001e50  PA:10001e50
15775575ns          268033 1c008196 00b32023 sw               x11, 0(x6)          x11:41123223  x6:10001e50  PA:10001e50
15775595ns          268034 1c00819a 00e7a023 sw               x14, 0(x15)         x14:411fe609 x15:10001e8c  PA:10001e8c
15775615ns          268035 1c00819c fff84793 xori             x15, x16, -1        x15=ffffffef x16:00000010
15775635ns          268036 1c0081a0 01c7f7b3 and              x15, x15, x28       x15=00000000 x15:ffffffef x28:00000010
15775655ns          268037 1c0081a4 01e30333 add              x6, x6, x30          x6=10001e54  x6:10001e50 x30:00000004
15775675ns          268038 1c0081a6 01c845b3 xor              x11, x16, x28       x11=00000000 x16:00000010 x28:00000010
15775695ns          268039 1c0081aa fc0780e3 beq              x15, x0, -64        x15:00000000
15775754ns          268042 1c00816a 01c007b3 add              x15, x0, x28        x15=00000010 x28:00000010
15775774ns          268043 1c00816c 4017d793 srai             x15, x15, 0x401     x15=00000008 x15:00000010
15775794ns          268044 1c00816e fff5c713 xori             x14, x11, -1        x14=ffffffff x11:00000000
15775814ns          268045 1c008172 00b7c833 xor              x16, x15, x11       x16=00000008 x15:00000008 x11:00000000
15775834ns          268046 1c008176 00f77733 and              x14, x14, x15       x14=00000008 x14:ffffffff x15:00000008
15775854ns          268047 1c008178 010005b3 add              x11, x0, x16        x11=00000008 x16:00000008
15775874ns          268048 1c00817a fe0709e3 beq              x14, x0, -14        x14:00000008
15775894ns          268049 1c00817c 00188893 addi             x17, x17, 1         x17=00000002 x17:00000001
15775913ns          268050 1c00817e 031e8b63 beq              x29, x17, 54        x29:0000001f x17:00000002
15775933ns          268051 1c008182 0108dd63 bge              x17, x16, 26        x17:00000002 x16:00000008
15775953ns          268052 1c008186 00d007b3 add              x15, x0, x13        x15=00000000 x13:00000000
15775973ns          268053 1c008188 430607b3 p.mac            x15, x12, x16       x15=00000008 x15:00000000 x12:00000001 x16:00000008
15775993ns          268054 1c00818c 00279793 slli             x15, x15, 0x2       x15=00000020 x15:00000008
15776013ns          268055 1c00818e 00a787b3 add              x15, x15, x10       x15=10001e6c x15:00000020 x10:10001e4c
15776033ns          268056 1c008190 0007a583 lw               x11, 0(x15)         x11=41613104 x15:10001e6c  PA:10001e6c
15776053ns          268057 1c008192 00032703 lw               x14, 0(x6)          x14=c1b0c8fe  x6:10001e54  PA:10001e54
15776092ns          268059 1c008196 00b32023 sw               x11, 0(x6)          x11:41613104  x6:10001e54  PA:10001e54
15776112ns          268060 1c00819a 00e7a023 sw               x14, 0(x15)         x14:c1b0c8fe x15:10001e6c  PA:10001e6c
15776132ns          268061 1c00819c fff84793 xori             x15, x16, -1        x15=fffffff7 x16:00000008
15776152ns          268062 1c0081a0 01c7f7b3 and              x15, x15, x28       x15=00000010 x15:fffffff7 x28:00000010
15776172ns          268063 1c0081a4 01e30333 add              x6, x6, x30          x6=10001e58  x6:10001e54 x30:00000004
15776192ns          268064 1c0081a6 01c845b3 xor              x11, x16, x28       x11=00000018 x16:00000008 x28:00000010
15776212ns          268065 1c0081aa fc0780e3 beq              x15, x0, -64        x15:00000010
15776232ns          268066 1c0081ac 00188893 addi             x17, x17, 1         x17=00000003 x17:00000002
15776252ns          268067 1c0081ae 00b00833 add              x16, x0, x11        x16=00000018 x11:00000018
15776271ns          268068 1c0081b0 fd1e99e3 bne              x29, x17, -46       x29:0000001f x17:00000003
15776411ns          268075 1c008182 0108dd63 bge              x17, x16, 26        x17:00000003 x16:00000018
15776431ns          268076 1c008186 00d007b3 add              x15, x0, x13        x15=00000000 x13:00000000
15776450ns          268077 1c008188 430607b3 p.mac            x15, x12, x16       x15=00000018 x15:00000000 x12:00000001 x16:00000018
15776470ns          268078 1c00818c 00279793 slli             x15, x15, 0x2       x15=00000060 x15:00000018
15776490ns          268079 1c00818e 00a787b3 add              x15, x15, x10       x15=10001eac x15:00000060 x10:10001e4c
15776510ns          268080 1c008190 0007a583 lw               x11, 0(x15)         x11=c13cbab3 x15:10001eac  PA:10001eac
15776530ns          268081 1c008192 00032703 lw               x14, 0(x6)          x14=40fbe091  x6:10001e58  PA:10001e58
15776570ns          268083 1c008196 00b32023 sw               x11, 0(x6)          x11:c13cbab3  x6:10001e58  PA:10001e58
15776590ns          268084 1c00819a 00e7a023 sw               x14, 0(x15)         x14:40fbe091 x15:10001eac  PA:10001eac
15776610ns          268085 1c00819c fff84793 xori             x15, x16, -1        x15=ffffffe7 x16:00000018
15776630ns          268086 1c0081a0 01c7f7b3 and              x15, x15, x28       x15=00000000 x15:ffffffe7 x28:00000010
15776649ns          268087 1c0081a4 01e30333 add              x6, x6, x30          x6=10001e5c  x6:10001e58 x30:00000004
15776669ns          268088 1c0081a6 01c845b3 xor              x11, x16, x28       x11=00000008 x16:00000018 x28:00000010
15776689ns          268089 1c0081aa fc0780e3 beq              x15, x0, -64        x15:00000000
15776749ns          268092 1c00816a 01c007b3 add              x15, x0, x28        x15=00000010 x28:00000010
15776769ns          268093 1c00816c 4017d793 srai             x15, x15, 0x401     x15=00000008 x15:00000010
15776789ns          268094 1c00816e fff5c713 xori             x14, x11, -1        x14=fffffff7 x11:00000008
15776809ns          268095 1c008172 00b7c833 xor              x16, x15, x11       x16=00000000 x15:00000008 x11:00000008
15776828ns          268096 1c008176 00f77733 and              x14, x14, x15       x14=00000000 x14:fffffff7 x15:00000008
15776848ns          268097 1c008178 010005b3 add              x11, x0, x16        x11=00000000 x16:00000000
15776868ns          268098 1c00817a fe0709e3 beq              x14, x0, -14        x14:00000000
15776928ns          268101 1c00816c 4017d793 srai             x15, x15, 0x401     x15=00000004 x15:00000008
15776948ns          268102 1c00816e fff5c713 xori             x14, x11, -1        x14=ffffffff x11:00000000
15776968ns          268103 1c008172 00b7c833 xor              x16, x15, x11       x16=00000004 x15:00000004 x11:00000000
15776988ns          268104 1c008176 00f77733 and              x14, x14, x15       x14=00000004 x14:ffffffff x15:00000004
15777007ns          268105 1c008178 010005b3 add              x11, x0, x16        x11=00000004 x16:00000004
15777027ns          268106 1c00817a fe0709e3 beq              x14, x0, -14        x14:00000004
15777047ns          268107 1c00817c 00188893 addi             x17, x17, 1         x17=00000004 x17:00000003
15777067ns          268108 1c00817e 031e8b63 beq              x29, x17, 54        x29:0000001f x17:00000004
15777087ns          268109 1c008182 0108dd63 bge              x17, x16, 26        x17:00000004 x16:00000004
15777147ns          268112 1c00819c fff84793 xori             x15, x16, -1        x15=fffffffb x16:00000004
15777167ns          268113 1c0081a0 01c7f7b3 and              x15, x15, x28       x15=00000010 x15:fffffffb x28:00000010
15777186ns          268114 1c0081a4 01e30333 add              x6, x6, x30          x6=10001e60  x6:10001e5c x30:00000004
15777206ns          268115 1c0081a6 01c845b3 xor              x11, x16, x28       x11=00000014 x16:00000004 x28:00000010
15777226ns          268116 1c0081aa fc0780e3 beq              x15, x0, -64        x15:00000010
15777246ns          268117 1c0081ac 00188893 addi             x17, x17, 1         x17=00000005 x17:00000004
15777266ns          268118 1c0081ae 00b00833 add              x16, x0, x11        x16=00000014 x11:00000014
15777286ns          268119 1c0081b0 fd1e99e3 bne              x29, x17, -46       x29:0000001f x17:00000005
15777365ns          268123 1c008182 0108dd63 bge              x17, x16, 26        x17:00000005 x16:00000014
15777385ns          268124 1c008186 00d007b3 add              x15, x0, x13        x15=00000000 x13:00000000
15777405ns          268125 1c008188 430607b3 p.mac            x15, x12, x16       x15=00000014 x15:00000000 x12:00000001 x16:00000014
15777425ns          268126 1c00818c 00279793 slli             x15, x15, 0x2       x15=00000050 x15:00000014
15777445ns          268127 1c00818e 00a787b3 add              x15, x15, x10       x15=10001e9c x15:00000050 x10:10001e4c
15777465ns          268128 1c008190 0007a583 lw               x11, 0(x15)         x11=41c5b286 x15:10001e9c  PA:10001e9c
15777485ns          268129 1c008192 00032703 lw               x14, 0(x6)          x14=c16942b9  x6:10001e60  PA:10001e60
15777525ns          268131 1c008196 00b32023 sw               x11, 0(x6)          x11:41c5b286  x6:10001e60  PA:10001e60
15777544ns          268132 1c00819a 00e7a023 sw               x14, 0(x15)         x14:c16942b9 x15:10001e9c  PA:10001e9c
15777564ns          268133 1c00819c fff84793 xori             x15, x16, -1        x15=ffffffeb x16:00000014
15777584ns          268134 1c0081a0 01c7f7b3 and              x15, x15, x28       x15=00000000 x15:ffffffeb x28:00000010
15777604ns          268135 1c0081a4 01e30333 add              x6, x6, x30          x6=10001e64  x6:10001e60 x30:00000004
15777624ns          268136 1c0081a6 01c845b3 xor              x11, x16, x28       x11=00000004 x16:00000014 x28:00000010
15777644ns          268137 1c0081aa fc0780e3 beq              x15, x0, -64        x15:00000000
15777704ns          268140 1c00816a 01c007b3 add              x15, x0, x28        x15=00000010 x28:00000010
15777723ns          268141 1c00816c 4017d793 srai             x15, x15, 0x401     x15=00000008 x15:00000010
15777743ns          268142 1c00816e fff5c713 xori             x14, x11, -1        x14=fffffffb x11:00000004
15777763ns          268143 1c008172 00b7c833 xor              x16, x15, x11       x16=0000000c x15:00000008 x11:00000004
15777783ns          268144 1c008176 00f77733 and              x14, x14, x15       x14=00000008 x14:fffffffb x15:00000008
15777803ns          268145 1c008178 010005b3 add              x11, x0, x16        x11=0000000c x16:0000000c
15777823ns          268146 1c00817a fe0709e3 beq              x14, x0, -14        x14:00000008
15777843ns          268147 1c00817c 00188893 addi             x17, x17, 1         x17=00000006 x17:00000005
15777863ns          268148 1c00817e 031e8b63 beq              x29, x17, 54        x29:0000001f x17:00000006
15777883ns          268149 1c008182 0108dd63 bge              x17, x16, 26        x17:00000006 x16:0000000c
15777903ns          268150 1c008186 00d007b3 add              x15, x0, x13        x15=00000000 x13:00000000
15777922ns          268151 1c008188 430607b3 p.mac            x15, x12, x16       x15=0000000c x15:00000000 x12:00000001 x16:0000000c
15777942ns          268152 1c00818c 00279793 slli             x15, x15, 0x2       x15=00000030 x15:0000000c
15777962ns          268153 1c00818e 00a787b3 add              x15, x15, x10       x15=10001e7c x15:00000030 x10:10001e4c
15777982ns          268154 1c008190 0007a583 lw               x11, 0(x15)         x11=bf67ca94 x15:10001e7c  PA:10001e7c
15778002ns          268155 1c008192 00032703 lw               x14, 0(x6)          x14=c0cdc270  x6:10001e64  PA:10001e64
15778042ns          268157 1c008196 00b32023 sw               x11, 0(x6)          x11:bf67ca94  x6:10001e64  PA:10001e64
15778062ns          268158 1c00819a 00e7a023 sw               x14, 0(x15)         x14:c0cdc270 x15:10001e7c  PA:10001e7c
15778082ns          268159 1c00819c fff84793 xori             x15, x16, -1        x15=fffffff3 x16:0000000c
15778101ns          268160 1c0081a0 01c7f7b3 and              x15, x15, x28       x15=00000010 x15:fffffff3 x28:00000010
15778121ns          268161 1c0081a4 01e30333 add              x6, x6, x30          x6=10001e68  x6:10001e64 x30:00000004
15778141ns          268162 1c0081a6 01c845b3 xor              x11, x16, x28       x11=0000001c x16:0000000c x28:00000010
15778161ns          268163 1c0081aa fc0780e3 beq              x15, x0, -64        x15:00000010
15778181ns          268164 1c0081ac 00188893 addi             x17, x17, 1         x17=00000007 x17:00000006
15778201ns          268165 1c0081ae 00b00833 add              x16, x0, x11        x16=0000001c x11:0000001c
15778221ns          268166 1c0081b0 fd1e99e3 bne              x29, x17, -46       x29:0000001f x17:00000007
15778300ns          268170 1c008182 0108dd63 bge              x17, x16, 26        x17:00000007 x16:0000001c
15778320ns          268171 1c008186 00d007b3 add              x15, x0, x13        x15=00000000 x13:00000000
15778340ns          268172 1c008188 430607b3 p.mac            x15, x12, x16       x15=0000001c x15:00000000 x12:00000001 x16:0000001c
15778360ns          268173 1c00818c 00279793 slli             x15, x15, 0x2       x15=00000070 x15:0000001c
15778380ns          268174 1c00818e 00a787b3 add              x15, x15, x10       x15=10001ebc x15:00000070 x10:10001e4c
15778400ns          268175 1c008190 0007a583 lw               x11, 0(x15)         x11=c0a63a76 x15:10001ebc  PA:10001ebc
15778420ns          268176 1c008192 00032703 lw               x14, 0(x6)          x14=c15830a3  x6:10001e68  PA:10001e68
15778459ns          268178 1c008196 00b32023 sw               x11, 0(x6)          x11:c0a63a76  x6:10001e68  PA:10001e68
15778479ns          268179 1c00819a 00e7a023 sw               x14, 0(x15)         x14:c15830a3 x15:10001ebc  PA:10001ebc
15778499ns          268180 1c00819c fff84793 xori             x15, x16, -1        x15=ffffffe3 x16:0000001c
15778519ns          268181 1c0081a0 01c7f7b3 and              x15, x15, x28       x15=00000000 x15:ffffffe3 x28:00000010
15778539ns          268182 1c0081a4 01e30333 add              x6, x6, x30          x6=10001e6c  x6:10001e68 x30:00000004
15778559ns          268183 1c0081a6 01c845b3 xor              x11, x16, x28       x11=0000000c x16:0000001c x28:00000010
15778579ns          268184 1c0081aa fc0780e3 beq              x15, x0, -64        x15:00000000
15778638ns          268187 1c00816a 01c007b3 add              x15, x0, x28        x15=00000010 x28:00000010
15778658ns          268188 1c00816c 4017d793 srai             x15, x15, 0x401     x15=00000008 x15:00000010
15778678ns          268189 1c00816e fff5c713 xori             x14, x11, -1        x14=fffffff3 x11:0000000c
15778698ns          268190 1c008172 00b7c833 xor              x16, x15, x11       x16=00000004 x15:00000008 x11:0000000c
15778718ns          268191 1c008176 00f77733 and              x14, x14, x15       x14=00000000 x14:fffffff3 x15:00000008
15778738ns          268192 1c008178 010005b3 add              x11, x0, x16        x11=00000004 x16:00000004
15778758ns          268193 1c00817a fe0709e3 beq              x14, x0, -14        x14:00000000
15778817ns          268196 1c00816c 4017d793 srai             x15, x15, 0x401     x15=00000004 x15:00000008
15778837ns          268197 1c00816e fff5c713 xori             x14, x11, -1        x14=fffffffb x11:00000004
15778857ns          268198 1c008172 00b7c833 xor              x16, x15, x11       x16=00000000 x15:00000004 x11:00000004
15778877ns          268199 1c008176 00f77733 and              x14, x14, x15       x14=00000000 x14:fffffffb x15:00000004
15778897ns          268200 1c008178 010005b3 add              x11, x0, x16        x11=00000000 x16:00000000
15778917ns          268201 1c00817a fe0709e3 beq              x14, x0, -14        x14:00000000
15778977ns          268204 1c00816c 4017d793 srai             x15, x15, 0x401     x15=00000002 x15:00000004
15778997ns          268205 1c00816e fff5c713 xori             x14, x11, -1        x14=ffffffff x11:00000000
15779016ns          268206 1c008172 00b7c833 xor              x16, x15, x11       x16=00000002 x15:00000002 x11:00000000
15779036ns          268207 1c008176 00f77733 and              x14, x14, x15       x14=00000002 x14:ffffffff x15:00000002
15779056ns          268208 1c008178 010005b3 add              x11, x0, x16        x11=00000002 x16:00000002
15779076ns          268209 1c00817a fe0709e3 beq              x14, x0, -14        x14:00000002
15779096ns          268210 1c00817c 00188893 addi             x17, x17, 1         x17=00000008 x17:00000007
15779116ns          268211 1c00817e 031e8b63 beq              x29, x17, 54        x29:0000001f x17:00000008
15779136ns          268212 1c008182 0108dd63 bge              x17, x16, 26        x17:00000008 x16:00000002
15779195ns          268215 1c00819c fff84793 xori             x15, x16, -1        x15=fffffffd x16:00000002
15779215ns          268216 1c0081a0 01c7f7b3 and              x15, x15, x28       x15=00000010 x15:fffffffd x28:00000010
15779235ns          268217 1c0081a4 01e30333 add              x6, x6, x30          x6=10001e70  x6:10001e6c x30:00000004
15779255ns          268218 1c0081a6 01c845b3 xor              x11, x16, x28       x11=00000012 x16:00000002 x28:00000010
15779275ns          268219 1c0081aa fc0780e3 beq              x15, x0, -64        x15:00000010
15779295ns          268220 1c0081ac 00188893 addi             x17, x17, 1         x17=00000009 x17:00000008
15779315ns          268221 1c0081ae 00b00833 add              x16, x0, x11        x16=00000012 x11:00000012
15779335ns          268222 1c0081b0 fd1e99e3 bne              x29, x17, -46       x29:0000001f x17:00000009
15779414ns          268226 1c008182 0108dd63 bge              x17, x16, 26        x17:00000009 x16:00000012
15779434ns          268227 1c008186 00d007b3 add              x15, x0, x13        x15=00000000 x13:00000000
15779454ns          268228 1c008188 430607b3 p.mac            x15, x12, x16       x15=00000012 x15:00000000 x12:00000001 x16:00000012
15779474ns          268229 1c00818c 00279793 slli             x15, x15, 0x2       x15=00000048 x15:00000012
15779494ns          268230 1c00818e 00a787b3 add              x15, x15, x10       x15=10001e94 x15:00000048 x10:10001e4c
15779514ns          268231 1c008190 0007a583 lw               x11, 0(x15)         x11=c10e9737 x15:10001e94  PA:10001e94
15779534ns          268232 1c008192 00032703 lw               x14, 0(x6)          x14=c1df4443  x6:10001e70  PA:10001e70
15779573ns          268234 1c008196 00b32023 sw               x11, 0(x6)          x11:c10e9737  x6:10001e70  PA:10001e70
15779593ns          268235 1c00819a 00e7a023 sw               x14, 0(x15)         x14:c1df4443 x15:10001e94  PA:10001e94
15779613ns          268236 1c00819c fff84793 xori             x15, x16, -1        x15=ffffffed x16:00000012
15779633ns          268237 1c0081a0 01c7f7b3 and              x15, x15, x28       x15=00000000 x15:ffffffed x28:00000010
15779653ns          268238 1c0081a4 01e30333 add              x6, x6, x30          x6=10001e74  x6:10001e70 x30:00000004
15779673ns          268239 1c0081a6 01c845b3 xor              x11, x16, x28       x11=00000002 x16:00000012 x28:00000010
15779693ns          268240 1c0081aa fc0780e3 beq              x15, x0, -64        x15:00000000
15779752ns          268243 1c00816a 01c007b3 add              x15, x0, x28        x15=00000010 x28:00000010
15779772ns          268244 1c00816c 4017d793 srai             x15, x15, 0x401     x15=00000008 x15:00000010
15779792ns          268245 1c00816e fff5c713 xori             x14, x11, -1        x14=fffffffd x11:00000002
15779812ns          268246 1c008172 00b7c833 xor              x16, x15, x11       x16=0000000a x15:00000008 x11:00000002
15779832ns          268247 1c008176 00f77733 and              x14, x14, x15       x14=00000008 x14:fffffffd x15:00000008
15779852ns          268248 1c008178 010005b3 add              x11, x0, x16        x11=0000000a x16:0000000a
15779872ns          268249 1c00817a fe0709e3 beq              x14, x0, -14        x14:00000008
15779892ns          268250 1c00817c 00188893 addi             x17, x17, 1         x17=0000000a x17:00000009
15779911ns          268251 1c00817e 031e8b63 beq              x29, x17, 54        x29:0000001f x17:0000000a
15779931ns          268252 1c008182 0108dd63 bge              x17, x16, 26        x17:0000000a x16:0000000a
15779991ns          268255 1c00819c fff84793 xori             x15, x16, -1        x15=fffffff5 x16:0000000a
15780011ns          268256 1c0081a0 01c7f7b3 and              x15, x15, x28       x15=00000010 x15:fffffff5 x28:00000010
15780031ns          268257 1c0081a4 01e30333 add              x6, x6, x30          x6=10001e78  x6:10001e74 x30:00000004
15780051ns          268258 1c0081a6 01c845b3 xor              x11, x16, x28       x11=0000001a x16:0000000a x28:00000010
15780071ns          268259 1c0081aa fc0780e3 beq              x15, x0, -64        x15:00000010
15780090ns          268260 1c0081ac 00188893 addi             x17, x17, 1         x17=0000000b x17:0000000a
15780110ns          268261 1c0081ae 00b00833 add              x16, x0, x11        x16=0000001a x11:0000001a
15780130ns          268262 1c0081b0 fd1e99e3 bne              x29, x17, -46       x29:0000001f x17:0000000b
15780210ns          268266 1c008182 0108dd63 bge              x17, x16, 26        x17:0000000b x16:0000001a
15780230ns          268267 1c008186 00d007b3 add              x15, x0, x13        x15=00000000 x13:00000000
15780250ns          268268 1c008188 430607b3 p.mac            x15, x12, x16       x15=0000001a x15:00000000 x12:00000001 x16:0000001a
15780270ns          268269 1c00818c 00279793 slli             x15, x15, 0x2       x15=00000068 x15:0000001a
15780289ns          268270 1c00818e 00a787b3 add              x15, x15, x10       x15=10001eb4 x15:00000068 x10:10001e4c
15780309ns          268271 1c008190 0007a583 lw               x11, 0(x15)         x11=40b24e81 x15:10001eb4  PA:10001eb4
15780329ns          268272 1c008192 00032703 lw               x14, 0(x6)          x14=c121d90e  x6:10001e78  PA:10001e78
15780369ns          268274 1c008196 00b32023 sw               x11, 0(x6)          x11:40b24e81  x6:10001e78  PA:10001e78
15780389ns          268275 1c00819a 00e7a023 sw               x14, 0(x15)         x14:c121d90e x15:10001eb4  PA:10001eb4
15780409ns          268276 1c00819c fff84793 xori             x15, x16, -1        x15=ffffffe5 x16:0000001a
15780429ns          268277 1c0081a0 01c7f7b3 and              x15, x15, x28       x15=00000000 x15:ffffffe5 x28:00000010
15780449ns          268278 1c0081a4 01e30333 add              x6, x6, x30          x6=10001e7c  x6:10001e78 x30:00000004
15780468ns          268279 1c0081a6 01c845b3 xor              x11, x16, x28       x11=0000000a x16:0000001a x28:00000010
15780488ns          268280 1c0081aa fc0780e3 beq              x15, x0, -64        x15:00000000
15780548ns          268283 1c00816a 01c007b3 add              x15, x0, x28        x15=00000010 x28:00000010
15780568ns          268284 1c00816c 4017d793 srai             x15, x15, 0x401     x15=00000008 x15:00000010
15780588ns          268285 1c00816e fff5c713 xori             x14, x11, -1        x14=fffffff5 x11:0000000a
15780608ns          268286 1c008172 00b7c833 xor              x16, x15, x11       x16=00000002 x15:00000008 x11:0000000a
15780628ns          268287 1c008176 00f77733 and              x14, x14, x15       x14=00000000 x14:fffffff5 x15:00000008
15780647ns          268288 1c008178 010005b3 add              x11, x0, x16        x11=00000002 x16:00000002
15780667ns          268289 1c00817a fe0709e3 beq              x14, x0, -14        x14:00000000
15780727ns          268292 1c00816c 4017d793 srai             x15, x15, 0x401     x15=00000004 x15:00000008
15780747ns          268293 1c00816e fff5c713 xori             x14, x11, -1        x14=fffffffd x11:00000002
15780767ns          268294 1c008172 00b7c833 xor              x16, x15, x11       x16=00000006 x15:00000004 x11:00000002
15780787ns          268295 1c008176 00f77733 and              x14, x14, x15       x14=00000004 x14:fffffffd x15:00000004
15780807ns          268296 1c008178 010005b3 add              x11, x0, x16        x11=00000006 x16:00000006
15780826ns          268297 1c00817a fe0709e3 beq              x14, x0, -14        x14:00000004
15780846ns          268298 1c00817c 00188893 addi             x17, x17, 1         x17=0000000c x17:0000000b
15780866ns          268299 1c00817e 031e8b63 beq              x29, x17, 54        x29:0000001f x17:0000000c
15780886ns          268300 1c008182 0108dd63 bge              x17, x16, 26        x17:0000000c x16:00000006
15780946ns          268303 1c00819c fff84793 xori             x15, x16, -1        x15=fffffff9 x16:00000006
15780966ns          268304 1c0081a0 01c7f7b3 and              x15, x15, x28       x15=00000010 x15:fffffff9 x28:00000010
15780986ns          268305 1c0081a4 01e30333 add              x6, x6, x30          x6=10001e80  x6:10001e7c x30:00000004
15781005ns          268306 1c0081a6 01c845b3 xor              x11, x16, x28       x11=00000016 x16:00000006 x28:00000010
15781025ns          268307 1c0081aa fc0780e3 beq              x15, x0, -64        x15:00000010
15781045ns          268308 1c0081ac 00188893 addi             x17, x17, 1         x17=0000000d x17:0000000c
15781065ns          268309 1c0081ae 00b00833 add              x16, x0, x11        x16=00000016 x11:00000016
15781085ns          268310 1c0081b0 fd1e99e3 bne              x29, x17, -46       x29:0000001f x17:0000000d
15781165ns          268314 1c008182 0108dd63 bge              x17, x16, 26        x17:0000000d x16:00000016
15781184ns          268315 1c008186 00d007b3 add              x15, x0, x13        x15=00000000 x13:00000000
15781204ns          268316 1c008188 430607b3 p.mac            x15, x12, x16       x15=00000016 x15:00000000 x12:00000001 x16:00000016
15781224ns          268317 1c00818c 00279793 slli             x15, x15, 0x2       x15=00000058 x15:00000016
15781244ns          268318 1c00818e 00a787b3 add              x15, x15, x10       x15=10001ea4 x15:00000058 x10:10001e4c
15781264ns          268319 1c008190 0007a583 lw               x11, 0(x15)         x11=40e2cccc x15:10001ea4  PA:10001ea4
15781284ns          268320 1c008192 00032703 lw               x14, 0(x6)          x14=bca01ae3  x6:10001e80  PA:10001e80
15781324ns          268322 1c008196 00b32023 sw               x11, 0(x6)          x11:40e2cccc  x6:10001e80  PA:10001e80
15781344ns          268323 1c00819a 00e7a023 sw               x14, 0(x15)         x14:bca01ae3 x15:10001ea4  PA:10001ea4
15781364ns          268324 1c00819c fff84793 xori             x15, x16, -1        x15=ffffffe9 x16:00000016
15781383ns          268325 1c0081a0 01c7f7b3 and              x15, x15, x28       x15=00000000 x15:ffffffe9 x28:00000010
15781403ns          268326 1c0081a4 01e30333 add              x6, x6, x30          x6=10001e84  x6:10001e80 x30:00000004
15781423ns          268327 1c0081a6 01c845b3 xor              x11, x16, x28       x11=00000006 x16:00000016 x28:00000010
15781443ns          268328 1c0081aa fc0780e3 beq              x15, x0, -64        x15:00000000
15781503ns          268331 1c00816a 01c007b3 add              x15, x0, x28        x15=00000010 x28:00000010
15781523ns          268332 1c00816c 4017d793 srai             x15, x15, 0x401     x15=00000008 x15:00000010
15781543ns          268333 1c00816e fff5c713 xori             x14, x11, -1        x14=fffffff9 x11:00000006
15781562ns          268334 1c008172 00b7c833 xor              x16, x15, x11       x16=0000000e x15:00000008 x11:00000006
15781582ns          268335 1c008176 00f77733 and              x14, x14, x15       x14=00000008 x14:fffffff9 x15:00000008
15781602ns          268336 1c008178 010005b3 add              x11, x0, x16        x11=0000000e x16:0000000e
15781622ns          268337 1c00817a fe0709e3 beq              x14, x0, -14        x14:00000008
15781642ns          268338 1c00817c 00188893 addi             x17, x17, 1         x17=0000000e x17:0000000d
15781662ns          268339 1c00817e 031e8b63 beq              x29, x17, 54        x29:0000001f x17:0000000e
15781682ns          268340 1c008182 0108dd63 bge              x17, x16, 26        x17:0000000e x16:0000000e
15781741ns          268343 1c00819c fff84793 xori             x15, x16, -1        x15=fffffff1 x16:0000000e
15781761ns          268344 1c0081a0 01c7f7b3 and              x15, x15, x28       x15=00000010 x15:fffffff1 x28:00000010
15781781ns          268345 1c0081a4 01e30333 add              x6, x6, x30          x6=10001e88  x6:10001e84 x30:00000004
15781801ns          268346 1c0081a6 01c845b3 xor              x11, x16, x28       x11=0000001e x16:0000000e x28:00000010
15781821ns          268347 1c0081aa fc0780e3 beq              x15, x0, -64        x15:00000010
15781841ns          268348 1c0081ac 00188893 addi             x17, x17, 1         x17=0000000f x17:0000000e
15781861ns          268349 1c0081ae 00b00833 add              x16, x0, x11        x16=0000001e x11:0000001e
15781881ns          268350 1c0081b0 fd1e99e3 bne              x29, x17, -46       x29:0000001f x17:0000000f
15781960ns          268354 1c008182 0108dd63 bge              x17, x16, 26        x17:0000000f x16:0000001e
15781980ns          268355 1c008186 00d007b3 add              x15, x0, x13        x15=00000000 x13:00000000
15782000ns          268356 1c008188 430607b3 p.mac            x15, x12, x16       x15=0000001e x15:00000000 x12:00000001 x16:0000001e
15782020ns          268357 1c00818c 00279793 slli             x15, x15, 0x2       x15=00000078 x15:0000001e
15782040ns          268358 1c00818e 00a787b3 add              x15, x15, x10       x15=10001ec4 x15:00000078 x10:10001e4c
15782060ns          268359 1c008190 0007a583 lw               x11, 0(x15)         x11=c1617159 x15:10001ec4  PA:10001ec4
15782080ns          268360 1c008192 00032703 lw               x14, 0(x6)          x14=4172b368  x6:10001e88  PA:10001e88
15782119ns          268362 1c008196 00b32023 sw               x11, 0(x6)          x11:c1617159  x6:10001e88  PA:10001e88
15782139ns          268363 1c00819a 00e7a023 sw               x14, 0(x15)         x14:4172b368 x15:10001ec4  PA:10001ec4
15782159ns          268364 1c00819c fff84793 xori             x15, x16, -1        x15=ffffffe1 x16:0000001e
15782179ns          268365 1c0081a0 01c7f7b3 and              x15, x15, x28       x15=00000000 x15:ffffffe1 x28:00000010
15782199ns          268366 1c0081a4 01e30333 add              x6, x6, x30          x6=10001e8c  x6:10001e88 x30:00000004
15782219ns          268367 1c0081a6 01c845b3 xor              x11, x16, x28       x11=0000000e x16:0000001e x28:00000010
15782239ns          268368 1c0081aa fc0780e3 beq              x15, x0, -64        x15:00000000
15782298ns          268371 1c00816a 01c007b3 add              x15, x0, x28        x15=00000010 x28:00000010
15782318ns          268372 1c00816c 4017d793 srai             x15, x15, 0x401     x15=00000008 x15:00000010
15782338ns          268373 1c00816e fff5c713 xori             x14, x11, -1        x14=fffffff1 x11:0000000e
15782358ns          268374 1c008172 00b7c833 xor              x16, x15, x11       x16=00000006 x15:00000008 x11:0000000e
15782378ns          268375 1c008176 00f77733 and              x14, x14, x15       x14=00000000 x14:fffffff1 x15:00000008
15782398ns          268376 1c008178 010005b3 add              x11, x0, x16        x11=00000006 x16:00000006
15782418ns          268377 1c00817a fe0709e3 beq              x14, x0, -14        x14:00000000
15782477ns          268380 1c00816c 4017d793 srai             x15, x15, 0x401     x15=00000004 x15:00000008
15782497ns          268381 1c00816e fff5c713 xori             x14, x11, -1        x14=fffffff9 x11:00000006
15782517ns          268382 1c008172 00b7c833 xor              x16, x15, x11       x16=00000002 x15:00000004 x11:00000006
15782537ns          268383 1c008176 00f77733 and              x14, x14, x15       x14=00000000 x14:fffffff9 x15:00000004
15782557ns          268384 1c008178 010005b3 add              x11, x0, x16        x11=00000002 x16:00000002
15782577ns          268385 1c00817a fe0709e3 beq              x14, x0, -14        x14:00000000
15782637ns          268388 1c00816c 4017d793 srai             x15, x15, 0x401     x15=00000002 x15:00000004
15782656ns          268389 1c00816e fff5c713 xori             x14, x11, -1        x14=fffffffd x11:00000002
15782676ns          268390 1c008172 00b7c833 xor              x16, x15, x11       x16=00000000 x15:00000002 x11:00000002
15782696ns          268391 1c008176 00f77733 and              x14, x14, x15       x14=00000000 x14:fffffffd x15:00000002
15782716ns          268392 1c008178 010005b3 add              x11, x0, x16        x11=00000000 x16:00000000
15782736ns          268393 1c00817a fe0709e3 beq              x14, x0, -14        x14:00000000
15782796ns          268396 1c00816c 4017d793 srai             x15, x15, 0x401     x15=00000001 x15:00000002
15782816ns          268397 1c00816e fff5c713 xori             x14, x11, -1        x14=ffffffff x11:00000000
15782835ns          268398 1c008172 00b7c833 xor              x16, x15, x11       x16=00000001 x15:00000001 x11:00000000
15782855ns          268399 1c008176 00f77733 and              x14, x14, x15       x14=00000001 x14:ffffffff x15:00000001
15782875ns          268400 1c008178 010005b3 add              x11, x0, x16        x11=00000001 x16:00000001
15782895ns          268401 1c00817a fe0709e3 beq              x14, x0, -14        x14:00000001
15782915ns          268402 1c00817c 00188893 addi             x17, x17, 1         x17=00000010 x17:0000000f
15782935ns          268403 1c00817e 031e8b63 beq              x29, x17, 54        x29:0000001f x17:00000010
15782955ns          268404 1c008182 0108dd63 bge              x17, x16, 26        x17:00000010 x16:00000001
15783014ns          268407 1c00819c fff84793 xori             x15, x16, -1        x15=fffffffe x16:00000001
15783034ns          268408 1c0081a0 01c7f7b3 and              x15, x15, x28       x15=00000010 x15:fffffffe x28:00000010
15783054ns          268409 1c0081a4 01e30333 add              x6, x6, x30          x6=10001e90  x6:10001e8c x30:00000004
15783074ns          268410 1c0081a6 01c845b3 xor              x11, x16, x28       x11=00000011 x16:00000001 x28:00000010
15783094ns          268411 1c0081aa fc0780e3 beq              x15, x0, -64        x15:00000010
15783114ns          268412 1c0081ac 00188893 addi             x17, x17, 1         x17=00000011 x17:00000010
15783134ns          268413 1c0081ae 00b00833 add              x16, x0, x11        x16=00000011 x11:00000011
15783154ns          268414 1c0081b0 fd1e99e3 bne              x29, x17, -46       x29:0000001f x17:00000011
15783233ns          268418 1c008182 0108dd63 bge              x17, x16, 26        x17:00000011 x16:00000011
15783293ns          268421 1c00819c fff84793 xori             x15, x16, -1        x15=ffffffee x16:00000011
15783313ns          268422 1c0081a0 01c7f7b3 and              x15, x15, x28       x15=00000000 x15:ffffffee x28:00000010
15783333ns          268423 1c0081a4 01e30333 add              x6, x6, x30          x6=10001e94  x6:10001e90 x30:00000004
15783353ns          268424 1c0081a6 01c845b3 xor              x11, x16, x28       x11=00000001 x16:00000011 x28:00000010
15783372ns          268425 1c0081aa fc0780e3 beq              x15, x0, -64        x15:00000000
15783432ns          268428 1c00816a 01c007b3 add              x15, x0, x28        x15=00000010 x28:00000010
15783452ns          268429 1c00816c 4017d793 srai             x15, x15, 0x401     x15=00000008 x15:00000010
15783472ns          268430 1c00816e fff5c713 xori             x14, x11, -1        x14=fffffffe x11:00000001
15783492ns          268431 1c008172 00b7c833 xor              x16, x15, x11       x16=00000009 x15:00000008 x11:00000001
15783512ns          268432 1c008176 00f77733 and              x14, x14, x15       x14=00000008 x14:fffffffe x15:00000008
15783532ns          268433 1c008178 010005b3 add              x11, x0, x16        x11=00000009 x16:00000009
15783551ns          268434 1c00817a fe0709e3 beq              x14, x0, -14        x14:00000008
15783571ns          268435 1c00817c 00188893 addi             x17, x17, 1         x17=00000012 x17:00000011
15783591ns          268436 1c00817e 031e8b63 beq              x29, x17, 54        x29:0000001f x17:00000012
15783611ns          268437 1c008182 0108dd63 bge              x17, x16, 26        x17:00000012 x16:00000009
15783671ns          268440 1c00819c fff84793 xori             x15, x16, -1        x15=fffffff6 x16:00000009
15783691ns          268441 1c0081a0 01c7f7b3 and              x15, x15, x28       x15=00000010 x15:fffffff6 x28:00000010
15783711ns          268442 1c0081a4 01e30333 add              x6, x6, x30          x6=10001e98  x6:10001e94 x30:00000004
15783731ns          268443 1c0081a6 01c845b3 xor              x11, x16, x28       x11=00000019 x16:00000009 x28:00000010
15783750ns          268444 1c0081aa fc0780e3 beq              x15, x0, -64        x15:00000010
15783770ns          268445 1c0081ac 00188893 addi             x17, x17, 1         x17=00000013 x17:00000012
15783790ns          268446 1c0081ae 00b00833 add              x16, x0, x11        x16=00000019 x11:00000019
15783810ns          268447 1c0081b0 fd1e99e3 bne              x29, x17, -46       x29:0000001f x17:00000013
15783890ns          268451 1c008182 0108dd63 bge              x17, x16, 26        x17:00000013 x16:00000019
15783910ns          268452 1c008186 00d007b3 add              x15, x0, x13        x15=00000000 x13:00000000
15783929ns          268453 1c008188 430607b3 p.mac            x15, x12, x16       x15=00000019 x15:00000000 x12:00000001 x16:00000019
15783949ns          268454 1c00818c 00279793 slli             x15, x15, 0x2       x15=00000064 x15:00000019
15783969ns          268455 1c00818e 00a787b3 add              x15, x15, x10       x15=10001eb0 x15:00000064 x10:10001e4c
15783989ns          268456 1c008190 0007a583 lw               x11, 0(x15)         x11=c06320e8 x15:10001eb0  PA:10001eb0
15784009ns          268457 1c008192 00032703 lw               x14, 0(x6)          x14=c11b0632  x6:10001e98  PA:10001e98
15784049ns          268459 1c008196 00b32023 sw               x11, 0(x6)          x11:c06320e8  x6:10001e98  PA:10001e98
15784069ns          268460 1c00819a 00e7a023 sw               x14, 0(x15)         x14:c11b0632 x15:10001eb0  PA:10001eb0
15784089ns          268461 1c00819c fff84793 xori             x15, x16, -1        x15=ffffffe6 x16:00000019
15784108ns          268462 1c0081a0 01c7f7b3 and              x15, x15, x28       x15=00000000 x15:ffffffe6 x28:00000010
15784128ns          268463 1c0081a4 01e30333 add              x6, x6, x30          x6=10001e9c  x6:10001e98 x30:00000004
15784148ns          268464 1c0081a6 01c845b3 xor              x11, x16, x28       x11=00000009 x16:00000019 x28:00000010
15784168ns          268465 1c0081aa fc0780e3 beq              x15, x0, -64        x15:00000000
15784228ns          268468 1c00816a 01c007b3 add              x15, x0, x28        x15=00000010 x28:00000010
15784248ns          268469 1c00816c 4017d793 srai             x15, x15, 0x401     x15=00000008 x15:00000010
15784268ns          268470 1c00816e fff5c713 xori             x14, x11, -1        x14=fffffff6 x11:00000009
15784287ns          268471 1c008172 00b7c833 xor              x16, x15, x11       x16=00000001 x15:00000008 x11:00000009
15784307ns          268472 1c008176 00f77733 and              x14, x14, x15       x14=00000000 x14:fffffff6 x15:00000008
15784327ns          268473 1c008178 010005b3 add              x11, x0, x16        x11=00000001 x16:00000001
15784347ns          268474 1c00817a fe0709e3 beq              x14, x0, -14        x14:00000000
15784407ns          268477 1c00816c 4017d793 srai             x15, x15, 0x401     x15=00000004 x15:00000008
15784427ns          268478 1c00816e fff5c713 xori             x14, x11, -1        x14=fffffffe x11:00000001
15784447ns          268479 1c008172 00b7c833 xor              x16, x15, x11       x16=00000005 x15:00000004 x11:00000001
15784466ns          268480 1c008176 00f77733 and              x14, x14, x15       x14=00000004 x14:fffffffe x15:00000004
15784486ns          268481 1c008178 010005b3 add              x11, x0, x16        x11=00000005 x16:00000005
15784506ns          268482 1c00817a fe0709e3 beq              x14, x0, -14        x14:00000004
15784526ns          268483 1c00817c 00188893 addi             x17, x17, 1         x17=00000014 x17:00000013
15784546ns          268484 1c00817e 031e8b63 beq              x29, x17, 54        x29:0000001f x17:00000014
15784566ns          268485 1c008182 0108dd63 bge              x17, x16, 26        x17:00000014 x16:00000005
15784626ns          268488 1c00819c fff84793 xori             x15, x16, -1        x15=fffffffa x16:00000005
15784645ns          268489 1c0081a0 01c7f7b3 and              x15, x15, x28       x15=00000010 x15:fffffffa x28:00000010
15784665ns          268490 1c0081a4 01e30333 add              x6, x6, x30          x6=10001ea0  x6:10001e9c x30:00000004
15784685ns          268491 1c0081a6 01c845b3 xor              x11, x16, x28       x11=00000015 x16:00000005 x28:00000010
15784705ns          268492 1c0081aa fc0780e3 beq              x15, x0, -64        x15:00000010
15784725ns          268493 1c0081ac 00188893 addi             x17, x17, 1         x17=00000015 x17:00000014
15784745ns          268494 1c0081ae 00b00833 add              x16, x0, x11        x16=00000015 x11:00000015
15784765ns          268495 1c0081b0 fd1e99e3 bne              x29, x17, -46       x29:0000001f x17:00000015
15784844ns          268499 1c008182 0108dd63 bge              x17, x16, 26        x17:00000015 x16:00000015
15784904ns          268502 1c00819c fff84793 xori             x15, x16, -1        x15=ffffffea x16:00000015
15784924ns          268503 1c0081a0 01c7f7b3 and              x15, x15, x28       x15=00000000 x15:ffffffea x28:00000010
15784944ns          268504 1c0081a4 01e30333 add              x6, x6, x30          x6=10001ea4  x6:10001ea0 x30:00000004
15784964ns          268505 1c0081a6 01c845b3 xor              x11, x16, x28       x11=00000005 x16:00000015 x28:00000010
15784984ns          268506 1c0081aa fc0780e3 beq              x15, x0, -64        x15:00000000
15785043ns          268509 1c00816a 01c007b3 add              x15, x0, x28        x15=00000010 x28:00000010
15785063ns          268510 1c00816c 4017d793 srai             x15, x15, 0x401     x15=00000008 x15:00000010
15785083ns          268511 1c00816e fff5c713 xori             x14, x11, -1        x14=fffffffa x11:00000005
15785103ns          268512 1c008172 00b7c833 xor              x16, x15, x11       x16=0000000d x15:00000008 x11:00000005
15785123ns          268513 1c008176 00f77733 and              x14, x14, x15       x14=00000008 x14:fffffffa x15:00000008
15785143ns          268514 1c008178 010005b3 add              x11, x0, x16        x11=0000000d x16:0000000d
15785163ns          268515 1c00817a fe0709e3 beq              x14, x0, -14        x14:00000008
15785183ns          268516 1c00817c 00188893 addi             x17, x17, 1         x17=00000016 x17:00000015
15785202ns          268517 1c00817e 031e8b63 beq              x29, x17, 54        x29:0000001f x17:00000016
15785222ns          268518 1c008182 0108dd63 bge              x17, x16, 26        x17:00000016 x16:0000000d
15785282ns          268521 1c00819c fff84793 xori             x15, x16, -1        x15=fffffff2 x16:0000000d
15785302ns          268522 1c0081a0 01c7f7b3 and              x15, x15, x28       x15=00000010 x15:fffffff2 x28:00000010
15785322ns          268523 1c0081a4 01e30333 add              x6, x6, x30          x6=10001ea8  x6:10001ea4 x30:00000004
15785342ns          268524 1c0081a6 01c845b3 xor              x11, x16, x28       x11=0000001d x16:0000000d x28:00000010
15785362ns          268525 1c0081aa fc0780e3 beq              x15, x0, -64        x15:00000010
15785381ns          268526 1c0081ac 00188893 addi             x17, x17, 1         x17=00000017 x17:00000016
15785401ns          268527 1c0081ae 00b00833 add              x16, x0, x11        x16=0000001d x11:0000001d
15785421ns          268528 1c0081b0 fd1e99e3 bne              x29, x17, -46       x29:0000001f x17:00000017
15785501ns          268532 1c008182 0108dd63 bge              x17, x16, 26        x17:00000017 x16:0000001d
15785521ns          268533 1c008186 00d007b3 add              x15, x0, x13        x15=00000000 x13:00000000
15785541ns          268534 1c008188 430607b3 p.mac            x15, x12, x16       x15=0000001d x15:00000000 x12:00000001 x16:0000001d
15785560ns          268535 1c00818c 00279793 slli             x15, x15, 0x2       x15=00000074 x15:0000001d
15785580ns          268536 1c00818e 00a787b3 add              x15, x15, x10       x15=10001ec0 x15:00000074 x10:10001e4c
15785600ns          268537 1c008190 0007a583 lw               x11, 0(x15)         x11=41601cae x15:10001ec0  PA:10001ec0
15785620ns          268538 1c008192 00032703 lw               x14, 0(x6)          x14=40b4b361  x6:10001ea8  PA:10001ea8
15785660ns          268540 1c008196 00b32023 sw               x11, 0(x6)          x11:41601cae  x6:10001ea8  PA:10001ea8
15785680ns          268541 1c00819a 00e7a023 sw               x14, 0(x15)         x14:40b4b361 x15:10001ec0  PA:10001ec0
15785700ns          268542 1c00819c fff84793 xori             x15, x16, -1        x15=ffffffe2 x16:0000001d
15785720ns          268543 1c0081a0 01c7f7b3 and              x15, x15, x28       x15=00000000 x15:ffffffe2 x28:00000010
15785739ns          268544 1c0081a4 01e30333 add              x6, x6, x30          x6=10001eac  x6:10001ea8 x30:00000004
15785759ns          268545 1c0081a6 01c845b3 xor              x11, x16, x28       x11=0000000d x16:0000001d x28:00000010
15785779ns          268546 1c0081aa fc0780e3 beq              x15, x0, -64        x15:00000000
15785839ns          268549 1c00816a 01c007b3 add              x15, x0, x28        x15=00000010 x28:00000010
15785859ns          268550 1c00816c 4017d793 srai             x15, x15, 0x401     x15=00000008 x15:00000010
15785879ns          268551 1c00816e fff5c713 xori             x14, x11, -1        x14=fffffff2 x11:0000000d
15785899ns          268552 1c008172 00b7c833 xor              x16, x15, x11       x16=00000005 x15:00000008 x11:0000000d
15785918ns          268553 1c008176 00f77733 and              x14, x14, x15       x14=00000000 x14:fffffff2 x15:00000008
15785938ns          268554 1c008178 010005b3 add              x11, x0, x16        x11=00000005 x16:00000005
15785958ns          268555 1c00817a fe0709e3 beq              x14, x0, -14        x14:00000000
15786018ns          268558 1c00816c 4017d793 srai             x15, x15, 0x401     x15=00000004 x15:00000008
15786038ns          268559 1c00816e fff5c713 xori             x14, x11, -1        x14=fffffffa x11:00000005
15786058ns          268560 1c008172 00b7c833 xor              x16, x15, x11       x16=00000001 x15:00000004 x11:00000005
15786078ns          268561 1c008176 00f77733 and              x14, x14, x15       x14=00000000 x14:fffffffa x15:00000004
15786098ns          268562 1c008178 010005b3 add              x11, x0, x16        x11=00000001 x16:00000001
15786117ns          268563 1c00817a fe0709e3 beq              x14, x0, -14        x14:00000000
15786177ns          268566 1c00816c 4017d793 srai             x15, x15, 0x401     x15=00000002 x15:00000004
15786197ns          268567 1c00816e fff5c713 xori             x14, x11, -1        x14=fffffffe x11:00000001
15786217ns          268568 1c008172 00b7c833 xor              x16, x15, x11       x16=00000003 x15:00000002 x11:00000001
15786237ns          268569 1c008176 00f77733 and              x14, x14, x15       x14=00000002 x14:fffffffe x15:00000002
15786257ns          268570 1c008178 010005b3 add              x11, x0, x16        x11=00000003 x16:00000003
15786277ns          268571 1c00817a fe0709e3 beq              x14, x0, -14        x14:00000002
15786296ns          268572 1c00817c 00188893 addi             x17, x17, 1         x17=00000018 x17:00000017
15786316ns          268573 1c00817e 031e8b63 beq              x29, x17, 54        x29:0000001f x17:00000018
15786336ns          268574 1c008182 0108dd63 bge              x17, x16, 26        x17:00000018 x16:00000003
15786396ns          268577 1c00819c fff84793 xori             x15, x16, -1        x15=fffffffc x16:00000003
15786416ns          268578 1c0081a0 01c7f7b3 and              x15, x15, x28       x15=00000010 x15:fffffffc x28:00000010
15786436ns          268579 1c0081a4 01e30333 add              x6, x6, x30          x6=10001eb0  x6:10001eac x30:00000004
15786456ns          268580 1c0081a6 01c845b3 xor              x11, x16, x28       x11=00000013 x16:00000003 x28:00000010
15786475ns          268581 1c0081aa fc0780e3 beq              x15, x0, -64        x15:00000010
15786495ns          268582 1c0081ac 00188893 addi             x17, x17, 1         x17=00000019 x17:00000018
15786515ns          268583 1c0081ae 00b00833 add              x16, x0, x11        x16=00000013 x11:00000013
15786535ns          268584 1c0081b0 fd1e99e3 bne              x29, x17, -46       x29:0000001f x17:00000019
15786615ns          268588 1c008182 0108dd63 bge              x17, x16, 26        x17:00000019 x16:00000013
15786674ns          268591 1c00819c fff84793 xori             x15, x16, -1        x15=ffffffec x16:00000013
15786694ns          268592 1c0081a0 01c7f7b3 and              x15, x15, x28       x15=00000000 x15:ffffffec x28:00000010
15786714ns          268593 1c0081a4 01e30333 add              x6, x6, x30          x6=10001eb4  x6:10001eb0 x30:00000004
15786734ns          268594 1c0081a6 01c845b3 xor              x11, x16, x28       x11=00000003 x16:00000013 x28:00000010
15786754ns          268595 1c0081aa fc0780e3 beq              x15, x0, -64        x15:00000000
15786814ns          268598 1c00816a 01c007b3 add              x15, x0, x28        x15=00000010 x28:00000010
15786833ns          268599 1c00816c 4017d793 srai             x15, x15, 0x401     x15=00000008 x15:00000010
15786853ns          268600 1c00816e fff5c713 xori             x14, x11, -1        x14=fffffffc x11:00000003
15786873ns          268601 1c008172 00b7c833 xor              x16, x15, x11       x16=0000000b x15:00000008 x11:00000003
15786893ns          268602 1c008176 00f77733 and              x14, x14, x15       x14=00000008 x14:fffffffc x15:00000008
15786913ns          268603 1c008178 010005b3 add              x11, x0, x16        x11=0000000b x16:0000000b
15786933ns          268604 1c00817a fe0709e3 beq              x14, x0, -14        x14:00000008
15786953ns          268605 1c00817c 00188893 addi             x17, x17, 1         x17=0000001a x17:00000019
15786973ns          268606 1c00817e 031e8b63 beq              x29, x17, 54        x29:0000001f x17:0000001a
15786993ns          268607 1c008182 0108dd63 bge              x17, x16, 26        x17:0000001a x16:0000000b
15787052ns          268610 1c00819c fff84793 xori             x15, x16, -1        x15=fffffff4 x16:0000000b
15787072ns          268611 1c0081a0 01c7f7b3 and              x15, x15, x28       x15=00000010 x15:fffffff4 x28:00000010
15787092ns          268612 1c0081a4 01e30333 add              x6, x6, x30          x6=10001eb8  x6:10001eb4 x30:00000004
15787112ns          268613 1c0081a6 01c845b3 xor              x11, x16, x28       x11=0000001b x16:0000000b x28:00000010
15787132ns          268614 1c0081aa fc0780e3 beq              x15, x0, -64        x15:00000010
15787152ns          268615 1c0081ac 00188893 addi             x17, x17, 1         x17=0000001b x17:0000001a
15787172ns          268616 1c0081ae 00b00833 add              x16, x0, x11        x16=0000001b x11:0000001b
15787191ns          268617 1c0081b0 fd1e99e3 bne              x29, x17, -46       x29:0000001f x17:0000001b
15787271ns          268621 1c008182 0108dd63 bge              x17, x16, 26        x17:0000001b x16:0000001b
15787331ns          268624 1c00819c fff84793 xori             x15, x16, -1        x15=ffffffe4 x16:0000001b
15787351ns          268625 1c0081a0 01c7f7b3 and              x15, x15, x28       x15=00000000 x15:ffffffe4 x28:00000010
15787371ns          268626 1c0081a4 01e30333 add              x6, x6, x30          x6=10001ebc  x6:10001eb8 x30:00000004
15787390ns          268627 1c0081a6 01c845b3 xor              x11, x16, x28       x11=0000000b x16:0000001b x28:00000010
15787410ns          268628 1c0081aa fc0780e3 beq              x15, x0, -64        x15:00000000
15787470ns          268631 1c00816a 01c007b3 add              x15, x0, x28        x15=00000010 x28:00000010
15787490ns          268632 1c00816c 4017d793 srai             x15, x15, 0x401     x15=00000008 x15:00000010
15787510ns          268633 1c00816e fff5c713 xori             x14, x11, -1        x14=fffffff4 x11:0000000b
15787530ns          268634 1c008172 00b7c833 xor              x16, x15, x11       x16=00000003 x15:00000008 x11:0000000b
15787550ns          268635 1c008176 00f77733 and              x14, x14, x15       x14=00000000 x14:fffffff4 x15:00000008
15787569ns          268636 1c008178 010005b3 add              x11, x0, x16        x11=00000003 x16:00000003
15787589ns          268637 1c00817a fe0709e3 beq              x14, x0, -14        x14:00000000
15787649ns          268640 1c00816c 4017d793 srai             x15, x15, 0x401     x15=00000004 x15:00000008
15787669ns          268641 1c00816e fff5c713 xori             x14, x11, -1        x14=fffffffc x11:00000003
15787689ns          268642 1c008172 00b7c833 xor              x16, x15, x11       x16=00000007 x15:00000004 x11:00000003
15787709ns          268643 1c008176 00f77733 and              x14, x14, x15       x14=00000004 x14:fffffffc x15:00000004
15787729ns          268644 1c008178 010005b3 add              x11, x0, x16        x11=00000007 x16:00000007
15787748ns          268645 1c00817a fe0709e3 beq              x14, x0, -14        x14:00000004
15787768ns          268646 1c00817c 00188893 addi             x17, x17, 1         x17=0000001c x17:0000001b
15787788ns          268647 1c00817e 031e8b63 beq              x29, x17, 54        x29:0000001f x17:0000001c
15787808ns          268648 1c008182 0108dd63 bge              x17, x16, 26        x17:0000001c x16:00000007
15787868ns          268651 1c00819c fff84793 xori             x15, x16, -1        x15=fffffff8 x16:00000007
15787888ns          268652 1c0081a0 01c7f7b3 and              x15, x15, x28       x15=00000010 x15:fffffff8 x28:00000010
15787908ns          268653 1c0081a4 01e30333 add              x6, x6, x30          x6=10001ec0  x6:10001ebc x30:00000004
15787927ns          268654 1c0081a6 01c845b3 xor              x11, x16, x28       x11=00000017 x16:00000007 x28:00000010
15787947ns          268655 1c0081aa fc0780e3 beq              x15, x0, -64        x15:00000010
15787967ns          268656 1c0081ac 00188893 addi             x17, x17, 1         x17=0000001d x17:0000001c
15787987ns          268657 1c0081ae 00b00833 add              x16, x0, x11        x16=00000017 x11:00000017
15788007ns          268658 1c0081b0 fd1e99e3 bne              x29, x17, -46       x29:0000001f x17:0000001d
15788087ns          268662 1c008182 0108dd63 bge              x17, x16, 26        x17:0000001d x16:00000017
15788146ns          268665 1c00819c fff84793 xori             x15, x16, -1        x15=ffffffe8 x16:00000017
15788166ns          268666 1c0081a0 01c7f7b3 and              x15, x15, x28       x15=00000000 x15:ffffffe8 x28:00000010
15788186ns          268667 1c0081a4 01e30333 add              x6, x6, x30          x6=10001ec4  x6:10001ec0 x30:00000004
15788206ns          268668 1c0081a6 01c845b3 xor              x11, x16, x28       x11=00000007 x16:00000017 x28:00000010
15788226ns          268669 1c0081aa fc0780e3 beq              x15, x0, -64        x15:00000000
15788285ns          268672 1c00816a 01c007b3 add              x15, x0, x28        x15=00000010 x28:00000010
15788305ns          268673 1c00816c 4017d793 srai             x15, x15, 0x401     x15=00000008 x15:00000010
15788325ns          268674 1c00816e fff5c713 xori             x14, x11, -1        x14=fffffff8 x11:00000007
15788345ns          268675 1c008172 00b7c833 xor              x16, x15, x11       x16=0000000f x15:00000008 x11:00000007
15788365ns          268676 1c008176 00f77733 and              x14, x14, x15       x14=00000008 x14:fffffff8 x15:00000008
15788385ns          268677 1c008178 010005b3 add              x11, x0, x16        x11=0000000f x16:0000000f
15788405ns          268678 1c00817a fe0709e3 beq              x14, x0, -14        x14:00000008
15788425ns          268679 1c00817c 00188893 addi             x17, x17, 1         x17=0000001e x17:0000001d
15788445ns          268680 1c00817e 031e8b63 beq              x29, x17, 54        x29:0000001f x17:0000001e
15788465ns          268681 1c008182 0108dd63 bge              x17, x16, 26        x17:0000001e x16:0000000f
15788524ns          268684 1c00819c fff84793 xori             x15, x16, -1        x15=fffffff0 x16:0000000f
15788544ns          268685 1c0081a0 01c7f7b3 and              x15, x15, x28       x15=00000010 x15:fffffff0 x28:00000010
15788564ns          268686 1c0081a4 01e30333 add              x6, x6, x30          x6=10001ec8  x6:10001ec4 x30:00000004
15788584ns          268687 1c0081a6 01c845b3 xor              x11, x16, x28       x11=0000001f x16:0000000f x28:00000010
15788604ns          268688 1c0081aa fc0780e3 beq              x15, x0, -64        x15:00000010
15788624ns          268689 1c0081ac 00188893 addi             x17, x17, 1         x17=0000001f x17:0000001e
15788644ns          268690 1c0081ae 00b00833 add              x16, x0, x11        x16=0000001f x11:0000001f
15788663ns          268691 1c0081b0 fd1e99e3 bne              x29, x17, -46       x29:0000001f x17:0000001f
15788683ns          268692 1c0081b4 00008067 jalr             x0, x1, 0            x1:1c0088d8
15788723ns          268694 1c0088d8 18c12603 lw               x12, 396(x2)        x12=3e800000  x2:10001e48  PA:10001fd4
15788743ns          268695 1c0088dc 00410413 addi             x8, x2, 4            x8=10001e4c  x2:10001e48
15788763ns          268696 1c0088de 08410693 addi             x13, x2, 132        x13=10001ecc  x2:10001e48
15788982ns          268707 1c0088e0 0203d0fb lp.setupi        0x1, 0x20, 0x7     
15789021ns          268709 1c0088e4 00042783 lw               x15, 0(x8)          x15=42f9920c  x8:10001e4c  PA:10001e4c
15789061ns          268711 1c0088e6 10c7f7d3 fmul.s           f15, f15, f12       f15=xxxxxxxx f15:42f9920c f12:3e800000
15789081ns          268712 1c0088ea 00f6a22b p.sw             x15, 4(x13!)        x13=10001ed0 x15:41f9920c x13:10001ecc  PA:10001ecc
15789479ns          268732 1c0088ee 00f4222b p.sw             x15, 4(x8!)          x8=10001e50 x15:41f9920c  x8:10001e4c  PA:10001e4c
15789519ns          268734 1c0088e4 00042783 lw               x15, 0(x8)          x15=41123223  x8:10001e50  PA:10001e50
15789578ns          268737 1c0088e6 10c7f7d3 fmul.s           f15, f15, f12       f15=xxxxxxxx f15:41123223 f12:3e800000
15789598ns          268738 1c0088ea 00f6a22b p.sw             x15, 4(x13!)        x13=10001ed4 x15:40123223 x13:10001ed0  PA:10001ed0
15789638ns          268740 1c0088ee 00f4222b p.sw             x15, 4(x8!)          x8=10001e54 x15:40123223  x8:10001e50  PA:10001e50
15789658ns          268741 1c0088e4 00042783 lw               x15, 0(x8)          x15=41613104  x8:10001e54  PA:10001e54
15789698ns          268743 1c0088e6 10c7f7d3 fmul.s           f15, f15, f12       f15=xxxxxxxx f15:41613104 f12:3e800000
15789718ns          268744 1c0088ea 00f6a22b p.sw             x15, 4(x13!)        x13=10001ed8 x15:40613104 x13:10001ed4  PA:10001ed4
15789757ns          268746 1c0088ee 00f4222b p.sw             x15, 4(x8!)          x8=10001e58 x15:40613104  x8:10001e54  PA:10001e54
15789817ns          268749 1c0088e4 00042783 lw               x15, 0(x8)          x15=c13cbab3  x8:10001e58  PA:10001e58
15789857ns          268751 1c0088e6 10c7f7d3 fmul.s           f15, f15, f12       f15=xxxxxxxx f15:c13cbab3 f12:3e800000
15789877ns          268752 1c0088ea 00f6a22b p.sw             x15, 4(x13!)        x13=10001edc x15:c03cbab3 x13:10001ed8  PA:10001ed8
15789917ns          268754 1c0088ee 00f4222b p.sw             x15, 4(x8!)          x8=10001e5c x15:c03cbab3  x8:10001e58  PA:10001e58
15789956ns          268756 1c0088e4 00042783 lw               x15, 0(x8)          x15=3fe0133c  x8:10001e5c  PA:10001e5c
15790016ns          268759 1c0088e6 10c7f7d3 fmul.s           f15, f15, f12       f15=xxxxxxxx f15:3fe0133c f12:3e800000
15790036ns          268760 1c0088ea 00f6a22b p.sw             x15, 4(x13!)        x13=10001ee0 x15:3ee0133c x13:10001edc  PA:10001edc
15790056ns          268761 1c0088ee 00f4222b p.sw             x15, 4(x8!)          x8=10001e60 x15:3ee0133c  x8:10001e5c  PA:10001e5c
15790076ns          268762 1c0088e4 00042783 lw               x15, 0(x8)          x15=41c5b286  x8:10001e60  PA:10001e60
15790135ns          268765 1c0088e6 10c7f7d3 fmul.s           f15, f15, f12       f15=xxxxxxxx f15:41c5b286 f12:3e800000
15790155ns          268766 1c0088ea 00f6a22b p.sw             x15, 4(x13!)        x13=10001ee4 x15:40c5b286 x13:10001ee0  PA:10001ee0
15790175ns          268767 1c0088ee 00f4222b p.sw             x15, 4(x8!)          x8=10001e64 x15:40c5b286  x8:10001e60  PA:10001e60
15790195ns          268768 1c0088e4 00042783 lw               x15, 0(x8)          x15=bf67ca94  x8:10001e64  PA:10001e64
15790255ns          268771 1c0088e6 10c7f7d3 fmul.s           f15, f15, f12       f15=xxxxxxxx f15:bf67ca94 f12:3e800000
15790275ns          268772 1c0088ea 00f6a22b p.sw             x15, 4(x13!)        x13=10001ee8 x15:be67ca94 x13:10001ee4  PA:10001ee4
15790294ns          268773 1c0088ee 00f4222b p.sw             x15, 4(x8!)          x8=10001e68 x15:be67ca94  x8:10001e64  PA:10001e64
15790314ns          268774 1c0088e4 00042783 lw               x15, 0(x8)          x15=c0a63a76  x8:10001e68  PA:10001e68
15790374ns          268777 1c0088e6 10c7f7d3 fmul.s           f15, f15, f12       f15=xxxxxxxx f15:c0a63a76 f12:3e800000
15790394ns          268778 1c0088ea 00f6a22b p.sw             x15, 4(x13!)        x13=10001eec x15:bfa63a76 x13:10001ee8  PA:10001ee8
15790414ns          268779 1c0088ee 00f4222b p.sw             x15, 4(x8!)          x8=10001e6c x15:bfa63a76  x8:10001e68  PA:10001e68
15790434ns          268780 1c0088e4 00042783 lw               x15, 0(x8)          x15=c1b0c8fe  x8:10001e6c  PA:10001e6c
15790493ns          268783 1c0088e6 10c7f7d3 fmul.s           f15, f15, f12       f15=xxxxxxxx f15:c1b0c8fe f12:3e800000
15790513ns          268784 1c0088ea 00f6a22b p.sw             x15, 4(x13!)        x13=10001ef0 x15:c0b0c8fe x13:10001eec  PA:10001eec
15790533ns          268785 1c0088ee 00f4222b p.sw             x15, 4(x8!)          x8=10001e70 x15:c0b0c8fe  x8:10001e6c  PA:10001e6c
15790553ns          268786 1c0088e4 00042783 lw               x15, 0(x8)          x15=c10e9737  x8:10001e70  PA:10001e70
15790613ns          268789 1c0088e6 10c7f7d3 fmul.s           f15, f15, f12       f15=xxxxxxxx f15:c10e9737 f12:3e800000
15790633ns          268790 1c0088ea 00f6a22b p.sw             x15, 4(x13!)        x13=10001ef4 x15:c00e9737 x13:10001ef0  PA:10001ef0
15790652ns          268791 1c0088ee 00f4222b p.sw             x15, 4(x8!)          x8=10001e74 x15:c00e9737  x8:10001e70  PA:10001e70
15790672ns          268792 1c0088e4 00042783 lw               x15, 0(x8)          x15=4033fe68  x8:10001e74  PA:10001e74
15790732ns          268795 1c0088e6 10c7f7d3 fmul.s           f15, f15, f12       f15=xxxxxxxx f15:4033fe68 f12:3e800000
15790752ns          268796 1c0088ea 00f6a22b p.sw             x15, 4(x13!)        x13=10001ef8 x15:3f33fe68 x13:10001ef4  PA:10001ef4
15790772ns          268797 1c0088ee 00f4222b p.sw             x15, 4(x8!)          x8=10001e78 x15:3f33fe68  x8:10001e74  PA:10001e74
15790792ns          268798 1c0088e4 00042783 lw               x15, 0(x8)          x15=40b24e81  x8:10001e78  PA:10001e78
15790851ns          268801 1c0088e6 10c7f7d3 fmul.s           f15, f15, f12       f15=xxxxxxxx f15:40b24e81 f12:3e800000
15790871ns          268802 1c0088ea 00f6a22b p.sw             x15, 4(x13!)        x13=10001efc x15:3fb24e81 x13:10001ef8  PA:10001ef8
15790891ns          268803 1c0088ee 00f4222b p.sw             x15, 4(x8!)          x8=10001e7c x15:3fb24e81  x8:10001e78  PA:10001e78
15790911ns          268804 1c0088e4 00042783 lw               x15, 0(x8)          x15=c0cdc270  x8:10001e7c  PA:10001e7c
15790971ns          268807 1c0088e6 10c7f7d3 fmul.s           f15, f15, f12       f15=xxxxxxxx f15:c0cdc270 f12:3e800000
15790991ns          268808 1c0088ea 00f6a22b p.sw             x15, 4(x13!)        x13=10001f00 x15:bfcdc270 x13:10001efc  PA:10001efc
15791011ns          268809 1c0088ee 00f4222b p.sw             x15, 4(x8!)          x8=10001e80 x15:bfcdc270  x8:10001e7c  PA:10001e7c
15791030ns          268810 1c0088e4 00042783 lw               x15, 0(x8)          x15=40e2cccc  x8:10001e80  PA:10001e80
15791090ns          268813 1c0088e6 10c7f7d3 fmul.s           f15, f15, f12       f15=xxxxxxxx f15:40e2cccc f12:3e800000
15791110ns          268814 1c0088ea 00f6a22b p.sw             x15, 4(x13!)        x13=10001f04 x15:3fe2cccc x13:10001f00  PA:10001f00
15791130ns          268815 1c0088ee 00f4222b p.sw             x15, 4(x8!)          x8=10001e84 x15:3fe2cccc  x8:10001e80  PA:10001e80
15791150ns          268816 1c0088e4 00042783 lw               x15, 0(x8)          x15=40bd547e  x8:10001e84  PA:10001e84
15791209ns          268819 1c0088e6 10c7f7d3 fmul.s           f15, f15, f12       f15=xxxxxxxx f15:40bd547e f12:3e800000
15791229ns          268820 1c0088ea 00f6a22b p.sw             x15, 4(x13!)        x13=10001f08 x15:3fbd547e x13:10001f04  PA:10001f04
15791249ns          268821 1c0088ee 00f4222b p.sw             x15, 4(x8!)          x8=10001e88 x15:3fbd547e  x8:10001e84  PA:10001e84
15791269ns          268822 1c0088e4 00042783 lw               x15, 0(x8)          x15=c1617159  x8:10001e88  PA:10001e88
15791329ns          268825 1c0088e6 10c7f7d3 fmul.s           f15, f15, f12       f15=xxxxxxxx f15:c1617159 f12:3e800000
15791349ns          268826 1c0088ea 00f6a22b p.sw             x15, 4(x13!)        x13=10001f0c x15:c0617159 x13:10001f08  PA:10001f08
15791369ns          268827 1c0088ee 00f4222b p.sw             x15, 4(x8!)          x8=10001e8c x15:c0617159  x8:10001e88  PA:10001e88
15791388ns          268828 1c0088e4 00042783 lw               x15, 0(x8)          x15=411fe609  x8:10001e8c  PA:10001e8c
15791448ns          268831 1c0088e6 10c7f7d3 fmul.s           f15, f15, f12       f15=xxxxxxxx f15:411fe609 f12:3e800000
15791468ns          268832 1c0088ea 00f6a22b p.sw             x15, 4(x13!)        x13=10001f10 x15:401fe609 x13:10001f0c  PA:10001f0c
15791488ns          268833 1c0088ee 00f4222b p.sw             x15, 4(x8!)          x8=10001e90 x15:401fe609  x8:10001e8c  PA:10001e8c
15791508ns          268834 1c0088e4 00042783 lw               x15, 0(x8)          x15=40c2deac  x8:10001e90  PA:10001e90
15791567ns          268837 1c0088e6 10c7f7d3 fmul.s           f15, f15, f12       f15=xxxxxxxx f15:40c2deac f12:3e800000
15791587ns          268838 1c0088ea 00f6a22b p.sw             x15, 4(x13!)        x13=10001f14 x15:3fc2deac x13:10001f10  PA:10001f10
15791607ns          268839 1c0088ee 00f4222b p.sw             x15, 4(x8!)          x8=10001e94 x15:3fc2deac  x8:10001e90  PA:10001e90
15791627ns          268840 1c0088e4 00042783 lw               x15, 0(x8)          x15=c1df4443  x8:10001e94  PA:10001e94
15791687ns          268843 1c0088e6 10c7f7d3 fmul.s           f15, f15, f12       f15=xxxxxxxx f15:c1df4443 f12:3e800000
15791707ns          268844 1c0088ea 00f6a22b p.sw             x15, 4(x13!)        x13=10001f18 x15:c0df4443 x13:10001f14  PA:10001f14
15791727ns          268845 1c0088ee 00f4222b p.sw             x15, 4(x8!)          x8=10001e98 x15:c0df4443  x8:10001e94  PA:10001e94
15791746ns          268846 1c0088e4 00042783 lw               x15, 0(x8)          x15=c06320e8  x8:10001e98  PA:10001e98
15791806ns          268849 1c0088e6 10c7f7d3 fmul.s           f15, f15, f12       f15=xxxxxxxx f15:c06320e8 f12:3e800000
15791826ns          268850 1c0088ea 00f6a22b p.sw             x15, 4(x13!)        x13=10001f1c x15:bf6320e8 x13:10001f18  PA:10001f18
15791846ns          268851 1c0088ee 00f4222b p.sw             x15, 4(x8!)          x8=10001e9c x15:bf6320e8  x8:10001e98  PA:10001e98
15791866ns          268852 1c0088e4 00042783 lw               x15, 0(x8)          x15=c16942b9  x8:10001e9c  PA:10001e9c
15791925ns          268855 1c0088e6 10c7f7d3 fmul.s           f15, f15, f12       f15=xxxxxxxx f15:c16942b9 f12:3e800000
15791945ns          268856 1c0088ea 00f6a22b p.sw             x15, 4(x13!)        x13=10001f20 x15:c06942b9 x13:10001f1c  PA:10001f1c
15791965ns          268857 1c0088ee 00f4222b p.sw             x15, 4(x8!)          x8=10001ea0 x15:c06942b9  x8:10001e9c  PA:10001e9c
15791985ns          268858 1c0088e4 00042783 lw               x15, 0(x8)          x15=c00345fe  x8:10001ea0  PA:10001ea0
15792045ns          268861 1c0088e6 10c7f7d3 fmul.s           f15, f15, f12       f15=xxxxxxxx f15:c00345fe f12:3e800000
15792065ns          268862 1c0088ea 00f6a22b p.sw             x15, 4(x13!)        x13=10001f24 x15:bf0345fe x13:10001f20  PA:10001f20
15792085ns          268863 1c0088ee 00f4222b p.sw             x15, 4(x8!)          x8=10001ea4 x15:bf0345fe  x8:10001ea0  PA:10001ea0
15792105ns          268864 1c0088e4 00042783 lw               x15, 0(x8)          x15=bca01ae3  x8:10001ea4  PA:10001ea4
15792164ns          268867 1c0088e6 10c7f7d3 fmul.s           f15, f15, f12       f15=xxxxxxxx f15:bca01ae3 f12:3e800000
15792184ns          268868 1c0088ea 00f6a22b p.sw             x15, 4(x13!)        x13=10001f28 x15:bba01ae3 x13:10001f24  PA:10001f24
15792204ns          268869 1c0088ee 00f4222b p.sw             x15, 4(x8!)          x8=10001ea8 x15:bba01ae3  x8:10001ea4  PA:10001ea4
15792224ns          268870 1c0088e4 00042783 lw               x15, 0(x8)          x15=41601cae  x8:10001ea8  PA:10001ea8
15792284ns          268873 1c0088e6 10c7f7d3 fmul.s           f15, f15, f12       f15=xxxxxxxx f15:41601cae f12:3e800000
15792303ns          268874 1c0088ea 00f6a22b p.sw             x15, 4(x13!)        x13=10001f2c x15:40601cae x13:10001f28  PA:10001f28
15792323ns          268875 1c0088ee 00f4222b p.sw             x15, 4(x8!)          x8=10001eac x15:40601cae  x8:10001ea8  PA:10001ea8
15792343ns          268876 1c0088e4 00042783 lw               x15, 0(x8)          x15=40fbe091  x8:10001eac  PA:10001eac
15792403ns          268879 1c0088e6 10c7f7d3 fmul.s           f15, f15, f12       f15=xxxxxxxx f15:40fbe091 f12:3e800000
15792423ns          268880 1c0088ea 00f6a22b p.sw             x15, 4(x13!)        x13=10001f30 x15:3ffbe091 x13:10001f2c  PA:10001f2c
15792443ns          268881 1c0088ee 00f4222b p.sw             x15, 4(x8!)          x8=10001eb0 x15:3ffbe091  x8:10001eac  PA:10001eac
15792463ns          268882 1c0088e4 00042783 lw               x15, 0(x8)          x15=c11b0632  x8:10001eb0  PA:10001eb0
15792522ns          268885 1c0088e6 10c7f7d3 fmul.s           f15, f15, f12       f15=xxxxxxxx f15:c11b0632 f12:3e800000
15792542ns          268886 1c0088ea 00f6a22b p.sw             x15, 4(x13!)        x13=10001f34 x15:c01b0632 x13:10001f30  PA:10001f30
15792562ns          268887 1c0088ee 00f4222b p.sw             x15, 4(x8!)          x8=10001eb4 x15:c01b0632  x8:10001eb0  PA:10001eb0
15792582ns          268888 1c0088e4 00042783 lw               x15, 0(x8)          x15=c121d90e  x8:10001eb4  PA:10001eb4
15792642ns          268891 1c0088e6 10c7f7d3 fmul.s           f15, f15, f12       f15=xxxxxxxx f15:c121d90e f12:3e800000
15792661ns          268892 1c0088ea 00f6a22b p.sw             x15, 4(x13!)        x13=10001f38 x15:c021d90e x13:10001f34  PA:10001f34
15792681ns          268893 1c0088ee 00f4222b p.sw             x15, 4(x8!)          x8=10001eb8 x15:c021d90e  x8:10001eb4  PA:10001eb4
15792701ns          268894 1c0088e4 00042783 lw               x15, 0(x8)          x15=c0e52efe  x8:10001eb8  PA:10001eb8
15792761ns          268897 1c0088e6 10c7f7d3 fmul.s           f15, f15, f12       f15=xxxxxxxx f15:c0e52efe f12:3e800000
15792781ns          268898 1c0088ea 00f6a22b p.sw             x15, 4(x13!)        x13=10001f3c x15:bfe52efe x13:10001f38  PA:10001f38
15792801ns          268899 1c0088ee 00f4222b p.sw             x15, 4(x8!)          x8=10001ebc x15:bfe52efe  x8:10001eb8  PA:10001eb8
15792821ns          268900 1c0088e4 00042783 lw               x15, 0(x8)          x15=c15830a3  x8:10001ebc  PA:10001ebc
15792880ns          268903 1c0088e6 10c7f7d3 fmul.s           f15, f15, f12       f15=xxxxxxxx f15:c15830a3 f12:3e800000
15792900ns          268904 1c0088ea 00f6a22b p.sw             x15, 4(x13!)        x13=10001f40 x15:c05830a3 x13:10001f3c  PA:10001f3c
15792920ns          268905 1c0088ee 00f4222b p.sw             x15, 4(x8!)          x8=10001ec0 x15:c05830a3  x8:10001ebc  PA:10001ebc
15792940ns          268906 1c0088e4 00042783 lw               x15, 0(x8)          x15=40b4b361  x8:10001ec0  PA:10001ec0
15793000ns          268909 1c0088e6 10c7f7d3 fmul.s           f15, f15, f12       f15=xxxxxxxx f15:40b4b361 f12:3e800000
15793019ns          268910 1c0088ea 00f6a22b p.sw             x15, 4(x13!)        x13=10001f44 x15:3fb4b361 x13:10001f40  PA:10001f40
15793039ns          268911 1c0088ee 00f4222b p.sw             x15, 4(x8!)          x8=10001ec4 x15:3fb4b361  x8:10001ec0  PA:10001ec0
15793059ns          268912 1c0088e4 00042783 lw               x15, 0(x8)          x15=4172b368  x8:10001ec4  PA:10001ec4
15793119ns          268915 1c0088e6 10c7f7d3 fmul.s           f15, f15, f12       f15=xxxxxxxx f15:4172b368 f12:3e800000
15793139ns          268916 1c0088ea 00f6a22b p.sw             x15, 4(x13!)        x13=10001f48 x15:4072b368 x13:10001f44  PA:10001f44
15793159ns          268917 1c0088ee 00f4222b p.sw             x15, 4(x8!)          x8=10001ec8 x15:4072b368  x8:10001ec4  PA:10001ec4
15793179ns          268918 1c0088e4 00042783 lw               x15, 0(x8)          x15=406583d2  x8:10001ec8  PA:10001ec8
15793238ns          268921 1c0088e6 10c7f7d3 fmul.s           f15, f15, f12       f15=xxxxxxxx f15:406583d2 f12:3e800000
15793258ns          268922 1c0088ea 00f6a22b p.sw             x15, 4(x13!)        x13=10001f4c x15:3f6583d2 x13:10001f48  PA:10001f48
15793278ns          268923 1c0088ee 00f4222b p.sw             x15, 4(x8!)          x8=10001ecc x15:3f6583d2  x8:10001ec8  PA:10001ec8
15793298ns          268924 1c0088f2 7d7010ef jal              x1, 8150             x1=1c0088f6
15793378ns          268928 1c00a8c8 f14027f3 csrrs            x15, x0, 0xf14      x15=00000003
15793417ns          268930 1c00a8cc 01f00713 addi             x14, x0, 31         x14=0000001f
15793477ns          268933 1c00a8ce ca5797b3 p.extractu       x15, x15, 5, 5      x15=00000000 x15:00000003
15793517ns          268935 1c00a8d2 00e78863 beq              x15, x14, 16        x15:00000000 x14:0000001f
15793537ns          268936 1c00a8d6 002047b7 lui              x15, 0x204000       x15=00204000
15793557ns          268937 1c00a8da 20078793 addi             x15, x15, 512       x15=00204200 x15:00204000
15793616ns          268940 1c00a8de 01c7e703 p.elw            x14, 28(x15)        x14=00010000 x15:00204200  PA:0020421c
15793775ns          268948 1c00a8e2 00008067 jalr             x0, x1, 0            x1:1c0088f6
15793835ns          268951 1c0088f6 f14027f3 csrrs            x15, x0, 0xf14      x15=00000003
15793855ns          268952 1c0088fa f457b7b3 p.bclr           x15, x15, 26, 5     x15=00000003 x15:00000003
15793875ns          268953 1c0088fe 00079d63 bne              x15, x0, 26         x15:00000003
15794810ns          269000 1c008918 7b1010ef jal              x1, 8112             x1=1c00891c
15794849ns          269002 1c00a8c8 f14027f3 csrrs            x15, x0, 0xf14      x15=00000003
15794869ns          269003 1c00a8cc 01f00713 addi             x14, x0, 31         x14=0000001f
15794889ns          269004 1c00a8ce ca5797b3 p.extractu       x15, x15, 5, 5      x15=00000000 x15:00000003
15794909ns          269005 1c00a8d2 00e78863 beq              x15, x14, 16        x15:00000000 x14:0000001f
15794929ns          269006 1c00a8d6 002047b7 lui              x15, 0x204000       x15=00204000
15794949ns          269007 1c00a8da 20078793 addi             x15, x15, 512       x15=00204200 x15:00204000
15794969ns          269008 1c00a8de 01c7e703 p.elw            x14, 28(x15)        x14=00010000 x15:00204200  PA:0020421c
16438232ns          301299 1c00a8e2 00008067 jalr             x0, x1, 0            x1:1c00891c
16438273ns          301301 1c00891c 00412603 lw               x12, 4(x2)          x12=41f9920c  x2:10001e48  PA:10001e4c
16438353ns          301305 1c00891e 00810593 addi             x11, x2, 8          x11=10001e50  x2:10001e48
16438714ns          301323 1c008920 08412983 lw               x19, 132(x2)        x19=41f9920c  x2:10001e48  PA:10001ecc
16438734ns          301324 1c008922 08810513 addi             x10, x2, 136        x10=10001ed0  x2:10001e48
16438754ns          301325 1c008924 00b006b3 add              x13, x0, x11        x13=10001e50 x11:10001e50
16438774ns          301326 1c008926 00c00733 add              x14, x0, x12        x14=41f9920c x12:41f9920c
16438794ns          301327 1c008928 01f450fb lp.setupi        0x1, 0x1f, 0x8     
16438814ns          301328 1c00892c 0045288b p.lw             x17, 4(x10!)        x17=40123223 x10=10001ed4 x10:10001ed0  PA:10001ed0
16439236ns          301349 1c008930 0046a80b p.lw             x16, 4(x13!)        x16=40123223 x13=10001e54 x13:10001e50  PA:10001e50
16439276ns          301351 1c008934 0119f9d3 fadd.s           f19, f19, f17       f19=xxxxxxxx f19:41f9920c f17:40123223
16439296ns          301352 1c008938 01077753 fadd.s           f14, f14, f16       f14=xxxxxxxx f14:41f9920c f16:40123223
16439316ns          301353 1c00892c 0045288b p.lw             x17, 4(x10!)        x17=40613104 x10=10001ed8 x10:10001ed4  PA:10001ed4
16439336ns          301354 1c008930 0046a80b p.lw             x16, 4(x13!)        x16=40613104 x13=10001e58 x13:10001e54  PA:10001e54
16439356ns          301355 1c008934 0119f9d3 fadd.s           f19, f19, f17       f19=xxxxxxxx f19:4205ec28 f17:40613104
16439376ns          301356 1c008938 01077753 fadd.s           f14, f14, f16       f14=xxxxxxxx f14:4205ec28 f16:40613104
16439396ns          301357 1c00892c 0045288b p.lw             x17, 4(x10!)        x17=c03cbab3 x10=10001edc x10:10001ed8  PA:10001ed8
16439416ns          301358 1c008930 0046a80b p.lw             x16, 4(x13!)        x16=c03cbab3 x13=10001e5c x13:10001e58  PA:10001e58
16439436ns          301359 1c008934 0119f9d3 fadd.s           f19, f19, f17       f19=xxxxxxxx f19:4213ff38 f17:c03cbab3
16439456ns          301360 1c008938 01077753 fadd.s           f14, f14, f16       f14=xxxxxxxx f14:4213ff38 f16:c03cbab3
16439477ns          301361 1c00892c 0045288b p.lw             x17, 4(x10!)        x17=3ee0133c x10=10001ee0 x10:10001edc  PA:10001edc
16439497ns          301362 1c008930 0046a80b p.lw             x16, 4(x13!)        x16=3ee0133c x13=10001e60 x13:10001e5c  PA:10001e5c
16439517ns          301363 1c008934 0119f9d3 fadd.s           f19, f19, f17       f19=xxxxxxxx f19:4208338d f17:3ee0133c
16439537ns          301364 1c008938 01077753 fadd.s           f14, f14, f16       f14=xxxxxxxx f14:4208338d f16:3ee0133c
16439557ns          301365 1c00892c 0045288b p.lw             x17, 4(x10!)        x17=40c5b286 x10=10001ee4 x10:10001ee0  PA:10001ee0
16439577ns          301366 1c008930 0046a80b p.lw             x16, 4(x13!)        x16=40c5b286 x13=10001e64 x13:10001e60  PA:10001e60
16439597ns          301367 1c008934 0119f9d3 fadd.s           f19, f19, f17       f19=xxxxxxxx f19:4209f3b3 f17:40c5b286
16439617ns          301368 1c008938 01077753 fadd.s           f14, f14, f16       f14=xxxxxxxx f14:4209f3b3 f16:40c5b286
16439637ns          301369 1c00892c 0045288b p.lw             x17, 4(x10!)        x17=be67ca94 x10=10001ee8 x10:10001ee4  PA:10001ee4
16439657ns          301370 1c008930 0046a80b p.lw             x16, 4(x13!)        x16=be67ca94 x13=10001e68 x13:10001e64  PA:10001e64
16439677ns          301371 1c008934 0119f9d3 fadd.s           f19, f19, f17       f19=xxxxxxxx f19:4222aa04 f17:be67ca94
16439697ns          301372 1c008938 01077753 fadd.s           f14, f14, f16       f14=xxxxxxxx f14:4222aa04 f16:be67ca94
16439717ns          301373 1c00892c 0045288b p.lw             x17, 4(x10!)        x17=bfa63a76 x10=10001eec x10:10001ee8  PA:10001ee8
16439737ns          301374 1c008930 0046a80b p.lw             x16, 4(x13!)        x16=bfa63a76 x13=10001e6c x13:10001e68  PA:10001e68
16439757ns          301375 1c008934 0119f9d3 fadd.s           f19, f19, f17       f19=xxxxxxxx f19:4221c239 f17:bfa63a76
16439778ns          301376 1c008938 01077753 fadd.s           f14, f14, f16       f14=xxxxxxxx f14:4221c239 f16:bfa63a76
16439798ns          301377 1c00892c 0045288b p.lw             x17, 4(x10!)        x17=c0b0c8fe x10=10001ef0 x10:10001eec  PA:10001eec
16439818ns          301378 1c008930 0046a80b p.lw             x16, 4(x13!)        x16=c0b0c8fe x13=10001e70 x13:10001e6c  PA:10001e6c
16439838ns          301379 1c008934 0119f9d3 fadd.s           f19, f19, f17       f19=xxxxxxxx f19:421c9065 f17:c0b0c8fe
16439858ns          301380 1c008938 01077753 fadd.s           f14, f14, f16       f14=xxxxxxxx f14:421c9065 f16:c0b0c8fe
16439878ns          301381 1c00892c 0045288b p.lw             x17, 4(x10!)        x17=c00e9737 x10=10001ef4 x10:10001ef0  PA:10001ef0
16439898ns          301382 1c008930 0046a80b p.lw             x16, 4(x13!)        x16=c00e9737 x13=10001e74 x13:10001e70  PA:10001e70
16439918ns          301383 1c008934 0119f9d3 fadd.s           f19, f19, f17       f19=xxxxxxxx f19:42067745 f17:c00e9737
16439938ns          301384 1c008938 01077753 fadd.s           f14, f14, f16       f14=xxxxxxxx f14:42067745 f16:c00e9737
16439958ns          301385 1c00892c 0045288b p.lw             x17, 4(x10!)        x17=3f33fe68 x10=10001ef8 x10:10001ef4  PA:10001ef4
16439978ns          301386 1c008930 0046a80b p.lw             x16, 4(x13!)        x16=3f33fe68 x13=10001e78 x13:10001e74  PA:10001e74
16439998ns          301387 1c008934 0119f9d3 fadd.s           f19, f19, f17       f19=xxxxxxxx f19:41fb1ba3 f17:3f33fe68
16440018ns          301388 1c008938 01077753 fadd.s           f14, f14, f16       f14=xxxxxxxx f14:41fb1ba3 f16:3f33fe68
16440038ns          301389 1c00892c 0045288b p.lw             x17, 4(x10!)        x17=3fb24e81 x10=10001efc x10:10001ef8  PA:10001ef8
16440058ns          301390 1c008930 0046a80b p.lw             x16, 4(x13!)        x16=3fb24e81 x13=10001e7c x13:10001e78  PA:10001e78
16440079ns          301391 1c008934 0119f9d3 fadd.s           f19, f19, f17       f19=xxxxxxxx f19:42005dcb f17:3fb24e81
16440099ns          301392 1c008938 01077753 fadd.s           f14, f14, f16       f14=xxxxxxxx f14:42005dcb f16:3fb24e81
16440119ns          301393 1c00892c 0045288b p.lw             x17, 4(x10!)        x17=bfcdc270 x10=10001f00 x10:10001efc  PA:10001efc
16440139ns          301394 1c008930 0046a80b p.lw             x16, 4(x13!)        x16=bfcdc270 x13=10001e80 x13:10001e7c  PA:10001e7c
16440159ns          301395 1c008934 0119f9d3 fadd.s           f19, f19, f17       f19=xxxxxxxx f19:4205f03f f17:bfcdc270
16440179ns          301396 1c008938 01077753 fadd.s           f14, f14, f16       f14=xxxxxxxx f14:4205f03f f16:bfcdc270
16440199ns          301397 1c00892c 0045288b p.lw             x17, 4(x10!)        x17=3fe2cccc x10=10001f04 x10:10001f00  PA:10001f00
16440219ns          301398 1c008930 0046a80b p.lw             x16, 4(x13!)        x16=3fe2cccc x13=10001e84 x13:10001e80  PA:10001e80
16440239ns          301399 1c008934 0119f9d3 fadd.s           f19, f19, f17       f19=xxxxxxxx f19:41ff0457 f17:3fe2cccc
16440259ns          301400 1c008938 01077753 fadd.s           f14, f14, f16       f14=xxxxxxxx f14:41ff0457 f16:3fe2cccc
16440279ns          301401 1c00892c 0045288b p.lw             x17, 4(x10!)        x17=3fbd547e x10=10001f08 x10:10001f04  PA:10001f04
16440299ns          301402 1c008930 0046a80b p.lw             x16, 4(x13!)        x16=3fbd547e x13=10001e88 x13:10001e84  PA:10001e84
16440319ns          301403 1c008934 0119f9d3 fadd.s           f19, f19, f17       f19=xxxxxxxx f19:42069892 f17:3fbd547e
16440339ns          301404 1c008938 01077753 fadd.s           f14, f14, f16       f14=xxxxxxxx f14:42069892 f16:3fbd547e
16440359ns          301405 1c00892c 0045288b p.lw             x17, 4(x10!)        x17=c0617159 x10=10001f0c x10:10001f08  PA:10001f08
16440379ns          301406 1c008930 0046a80b p.lw             x16, 4(x13!)        x16=c0617159 x13=10001e8c x13:10001e88  PA:10001e88
16440400ns          301407 1c008934 0119f9d3 fadd.s           f19, f19, f17       f19=xxxxxxxx f19:420c8336 f17:c0617159
16440420ns          301408 1c008938 01077753 fadd.s           f14, f14, f16       f14=xxxxxxxx f14:420c8336 f16:c0617159
16440440ns          301409 1c00892c 0045288b p.lw             x17, 4(x10!)        x17=401fe609 x10=10001f10 x10:10001f0c  PA:10001f0c
16440460ns          301410 1c008930 0046a80b p.lw             x16, 4(x13!)        x16=401fe609 x13=10001e90 x13:10001e8c  PA:10001e8c
16440480ns          301411 1c008934 0119f9d3 fadd.s           f19, f19, f17       f19=xxxxxxxx f19:41fcd841 f17:401fe609
16440500ns          301412 1c008938 01077753 fadd.s           f14, f14, f16       f14=xxxxxxxx f14:41fcd841 f16:401fe609
16440520ns          301413 1c00892c 0045288b p.lw             x17, 4(x10!)        x17=3fc2deac x10=10001f14 x10:10001f10  PA:10001f10
16440540ns          301414 1c008930 0046a80b p.lw             x16, 4(x13!)        x16=3fc2deac x13=10001e94 x13:10001e90  PA:10001e90
16440560ns          301415 1c008934 0119f9d3 fadd.s           f19, f19, f17       f19=xxxxxxxx f19:42086a81 f17:3fc2deac
16440580ns          301416 1c008938 01077753 fadd.s           f14, f14, f16       f14=xxxxxxxx f14:42086a81 f16:3fc2deac
16440600ns          301417 1c00892c 0045288b p.lw             x17, 4(x10!)        x17=c0df4443 x10=10001f18 x10:10001f14  PA:10001f14
16440620ns          301418 1c008930 0046a80b p.lw             x16, 4(x13!)        x16=c0df4443 x13=10001e98 x13:10001e94  PA:10001e94
16440640ns          301419 1c008934 0119f9d3 fadd.s           f19, f19, f17       f19=xxxxxxxx f19:420e8176 f17:c0df4443
16440660ns          301420 1c008938 01077753 fadd.s           f14, f14, f16       f14=xxxxxxxx f14:420e8176 f16:c0df4443
16440680ns          301421 1c00892c 0045288b p.lw             x17, 4(x10!)        x17=bf6320e8 x10=10001f1c x10:10001f18  PA:10001f18
16440701ns          301422 1c008930 0046a80b p.lw             x16, 4(x13!)        x16=bf6320e8 x13=10001e9c x13:10001e98  PA:10001e98
16440721ns          301423 1c008934 0119f9d3 fadd.s           f19, f19, f17       f19=xxxxxxxx f19:41e531db f17:bf6320e8
16440741ns          301424 1c008938 01077753 fadd.s           f14, f14, f16       f14=xxxxxxxx f14:41e531db f16:bf6320e8
16440761ns          301425 1c00892c 0045288b p.lw             x17, 4(x10!)        x17=c06942b9 x10=10001f20 x10:10001f1c  PA:10001f1c
16440781ns          301426 1c008930 0046a80b p.lw             x16, 4(x13!)        x16=c06942b9 x13=10001ea0 x13:10001e9c  PA:10001e9c
16440801ns          301427 1c008934 0119f9d3 fadd.s           f19, f19, f17       f19=xxxxxxxx f19:41de18d4 f17:c06942b9
16440821ns          301428 1c008938 01077753 fadd.s           f14, f14, f16       f14=xxxxxxxx f14:41de18d4 f16:c06942b9
16440841ns          301429 1c00892c 0045288b p.lw             x17, 4(x10!)        x17=bf0345fe x10=10001f24 x10:10001f20  PA:10001f20
16440861ns          301430 1c008930 0046a80b p.lw             x16, 4(x13!)        x16=bf0345fe x13=10001ea4 x13:10001ea0  PA:10001ea0
16440881ns          301431 1c008934 0119f9d3 fadd.s           f19, f19, f17       f19=xxxxxxxx f19:41c0f07d f17:bf0345fe
16440901ns          301432 1c008938 01077753 fadd.s           f14, f14, f16       f14=xxxxxxxx f14:41c0f07d f16:bf0345fe
16440921ns          301433 1c00892c 0045288b p.lw             x17, 4(x10!)        x17=bba01ae3 x10=10001f28 x10:10001f24  PA:10001f24
16440941ns          301434 1c008930 0046a80b p.lw             x16, 4(x13!)        x16=bba01ae3 x13=10001ea8 x13:10001ea4  PA:10001ea4
16440961ns          301435 1c008934 0119f9d3 fadd.s           f19, f19, f17       f19=xxxxxxxx f19:41bcd64d f17:bba01ae3
16440981ns          301436 1c008938 01077753 fadd.s           f14, f14, f16       f14=xxxxxxxx f14:41bcd64d f16:bba01ae3
16441002ns          301437 1c00892c 0045288b p.lw             x17, 4(x10!)        x17=40601cae x10=10001f2c x10:10001f28  PA:10001f28
16441022ns          301438 1c008930 0046a80b p.lw             x16, 4(x13!)        x16=40601cae x13=10001eac x13:10001ea8  PA:10001ea8
16441042ns          301439 1c008934 0119f9d3 fadd.s           f19, f19, f17       f19=xxxxxxxx f19:41bccc4b f17:40601cae
16441062ns          301440 1c008938 01077753 fadd.s           f14, f14, f16       f14=xxxxxxxx f14:41bccc4b f16:40601cae
16441082ns          301441 1c00892c 0045288b p.lw             x17, 4(x10!)        x17=3ffbe091 x10=10001f30 x10:10001f2c  PA:10001f2c
16441102ns          301442 1c008930 0046a80b p.lw             x16, 4(x13!)        x16=3ffbe091 x13=10001eb0 x13:10001eac  PA:10001eac
16441122ns          301443 1c008934 0119f9d3 fadd.s           f19, f19, f17       f19=xxxxxxxx f19:41d8cfe1 f17:3ffbe091
16441142ns          301444 1c008938 01077753 fadd.s           f14, f14, f16       f14=xxxxxxxx f14:41d8cfe1 f16:3ffbe091
16441162ns          301445 1c00892c 0045288b p.lw             x17, 4(x10!)        x17=c01b0632 x10=10001f34 x10:10001f30  PA:10001f30
16441182ns          301446 1c008930 0046a80b p.lw             x16, 4(x13!)        x16=c01b0632 x13=10001eb4 x13:10001eb0  PA:10001eb0
16441202ns          301447 1c008934 0119f9d3 fadd.s           f19, f19, f17       f19=xxxxxxxx f19:41e88dea f17:c01b0632
16441222ns          301448 1c008938 01077753 fadd.s           f14, f14, f16       f14=xxxxxxxx f14:41e88dea f16:c01b0632
16441242ns          301449 1c00892c 0045288b p.lw             x17, 4(x10!)        x17=c021d90e x10=10001f38 x10:10001f34  PA:10001f34
16441262ns          301450 1c008930 0046a80b p.lw             x16, 4(x13!)        x16=c021d90e x13=10001eb8 x13:10001eb4  PA:10001eb4
16441282ns          301451 1c008934 0119f9d3 fadd.s           f19, f19, f17       f19=xxxxxxxx f19:41d52d24 f17:c021d90e
16441302ns          301452 1c008938 01077753 fadd.s           f14, f14, f16       f14=xxxxxxxx f14:41d52d24 f16:c021d90e
16441323ns          301453 1c00892c 0045288b p.lw             x17, 4(x10!)        x17=bfe52efe x10=10001f3c x10:10001f38  PA:10001f38
16441343ns          301454 1c008930 0046a80b p.lw             x16, 4(x13!)        x16=bfe52efe x13=10001ebc x13:10001eb8  PA:10001eb8
16441363ns          301455 1c008934 0119f9d3 fadd.s           f19, f19, f17       f19=xxxxxxxx f19:41c0f202 f17:bfe52efe
16441383ns          301456 1c008938 01077753 fadd.s           f14, f14, f16       f14=xxxxxxxx f14:41c0f202 f16:bfe52efe
16441403ns          301457 1c00892c 0045288b p.lw             x17, 4(x10!)        x17=c05830a3 x10=10001f40 x10:10001f3c  PA:10001f3c
16441423ns          301458 1c008930 0046a80b p.lw             x16, 4(x13!)        x16=c05830a3 x13=10001ec0 x13:10001ebc  PA:10001ebc
16441443ns          301459 1c008934 0119f9d3 fadd.s           f19, f19, f17       f19=xxxxxxxx f19:41b29f12 f17:c05830a3
16441463ns          301460 1c008938 01077753 fadd.s           f14, f14, f16       f14=xxxxxxxx f14:41b29f12 f16:c05830a3
16441483ns          301461 1c00892c 0045288b p.lw             x17, 4(x10!)        x17=3fb4b361 x10=10001f44 x10:10001f40  PA:10001f40
16441503ns          301462 1c008930 0046a80b p.lw             x16, 4(x13!)        x16=3fb4b361 x13=10001ec4 x13:10001ec0  PA:10001ec0
16441523ns          301463 1c008934 0119f9d3 fadd.s           f19, f19, f17       f19=xxxxxxxx f19:419798fe f17:3fb4b361
16441543ns          301464 1c008938 01077753 fadd.s           f14, f14, f16       f14=xxxxxxxx f14:419798fe f16:3fb4b361
16441563ns          301465 1c00892c 0045288b p.lw             x17, 4(x10!)        x17=4072b368 x10=10001f48 x10:10001f44  PA:10001f44
16441583ns          301466 1c008930 0046a80b p.lw             x16, 4(x13!)        x16=4072b368 x13=10001ec8 x13:10001ec4  PA:10001ec4
16441603ns          301467 1c008934 0119f9d3 fadd.s           f19, f19, f17       f19=xxxxxxxx f19:41a2e434 f17:4072b368
16441624ns          301468 1c008938 01077753 fadd.s           f14, f14, f16       f14=xxxxxxxx f14:41a2e434 f16:4072b368
16441644ns          301469 1c00892c 0045288b p.lw             x17, 4(x10!)        x17=3f6583d2 x10=10001f4c x10:10001f48  PA:10001f48
16441664ns          301470 1c008930 0046a80b p.lw             x16, 4(x13!)        x16=3f6583d2 x13=10001ecc x13:10001ec8  PA:10001ec8
16441684ns          301471 1c008934 0119f9d3 fadd.s           f19, f19, f17       f19=xxxxxxxx f19:41c13aa1 f17:3f6583d2
16441704ns          301472 1c008938 01077753 fadd.s           f14, f14, f16       f14=xxxxxxxx f14:41c13aa1 f16:3f6583d2
16441724ns          301473 1c00893c 1c0006b7 lui              x13, 0x1c000000     x13=1c000000
16442165ns          301495 1c008940 0506a683 lw               x13, 80(x13)        x13=3d000000 x13:1c000000  PA:1c000050
16442526ns          301513 1c008944 40b407b3 sub              x15, x8, x11        x15=0000007c  x8:10001ecc x11:10001e50
16442547ns          301514 1c008948 10d776d3 fmul.s           f13, f14, f13       f13=xxxxxxxx f14:41c866c0 f13:3d000000
16442567ns          301515 1c00894c ffc78793 addi             x15, x15, -4        x15=00000078 x15:0000007c
16442587ns          301516 1c00894e 0027d793 srli             x15, x15, 0x2       x15=0000001e x15:00000078
16442747ns          301524 1c008950 08d67653 fsub.s           f12, f12, f13       f12=xxxxxxxx f12:41f9920c f13:3f4866c0
16442787ns          301526 1c008954 00178793 addi             x15, x15, 1         x15=0000001f x15:0000001e
16442807ns          301527 1c008956 10c67653 fmul.s           f12, f12, f12       f12=xxxxxxxx f12:41f34ed6 f12:41f34ed6
16442827ns          301528 1c00895a 0067c0fb lp.setup         0x1, x15, 0x6       x15:0000001f
16443269ns          301550 1c00895e 0045a70b p.lw             x14, 4(x11!)        x14=40123223 x11=10001e54 x11:10001e50  PA:10001e50
16443309ns          301552 1c008962 08d77753 fsub.s           f14, f14, f13       f14=xxxxxxxx f14:40123223 f13:3f4866c0
16443329ns          301553 1c008966 60e77643 fmadd.s          f12, f14, f14, f12  f12=xxxxxxxx f14:3fc030e6 f14:3fc030e6 f12:44673ec3
16443369ns          301555 1c00895e 0045a70b p.lw             x14, 4(x11!)        x14=40613104 x11=10001e58 x11:10001e54  PA:10001e54
16443409ns          301557 1c008962 08d77753 fsub.s           f14, f14, f13       f14=xxxxxxxx f14:40613104 f13:3f4866c0
16443429ns          301558 1c008966 60e77643 fmadd.s          f12, f14, f14, f12  f12=xxxxxxxx f14:402f1754 f14:402f1754 f12:4467cf0c
16443449ns          301559 1c00895e 0045a70b p.lw             x14, 4(x11!)        x14=c03cbab3 x11=10001e5c x11:10001e58  PA:10001e58
16443490ns          301561 1c008962 08d77753 fsub.s           f14, f14, f13       f14=xxxxxxxx f14:c03cbab3 f13:3f4866c0
16443510ns          301562 1c008966 60e77643 fmadd.s          f12, f14, f14, f12  f12=xxxxxxxx f14:c06ed463 f14:c06ed463 f12:4469ae10
16443530ns          301563 1c00895e 0045a70b p.lw             x14, 4(x11!)        x14=3ee0133c x11=10001e60 x11:10001e5c  PA:10001e5c
16443570ns          301565 1c008962 08d77753 fsub.s           f14, f14, f13       f14=xxxxxxxx f14:3ee0133c f13:3f4866c0
16443590ns          301566 1c008966 60e77643 fmadd.s          f12, f14, f14, f12  f12=xxxxxxxx f14:beb0ba44 f14:beb0ba44 f12:446d294e
16443610ns          301567 1c00895e 0045a70b p.lw             x14, 4(x11!)        x14=40c5b286 x11=10001e64 x11:10001e60  PA:10001e60
16443650ns          301569 1c008962 08d77753 fsub.s           f14, f14, f13       f14=xxxxxxxx f14:40c5b286 f13:3f4866c0
16443670ns          301570 1c008966 60e77643 fmadd.s          f12, f14, f14, f12  f12=xxxxxxxx f14:40aca5ae f14:40aca5ae f12:446d30ee
16443690ns          301571 1c00895e 0045a70b p.lw             x14, 4(x11!)        x14=be67ca94 x11=10001e68 x11:10001e64  PA:10001e64
16443730ns          301573 1c008962 08d77753 fsub.s           f14, f14, f13       f14=xxxxxxxx f14:be67ca94 f13:3f4866c0
16443750ns          301574 1c008966 60e77643 fmadd.s          f12, f14, f14, f12  f12=xxxxxxxx f14:bf812cb2 f14:bf812cb2 f12:447477df
16443771ns          301575 1c00895e 0045a70b p.lw             x14, 4(x11!)        x14=bfa63a76 x11=10001e6c x11:10001e68  PA:10001e68
16443811ns          301577 1c008962 08d77753 fsub.s           f14, f14, f13       f14=xxxxxxxx f14:bfa63a76 f13:3f4866c0
16443831ns          301578 1c008966 60e77643 fmadd.s          f12, f14, f14, f12  f12=xxxxxxxx f14:c00536eb f14:c00536eb f12:4474b90d
16443851ns          301579 1c00895e 0045a70b p.lw             x14, 4(x11!)        x14=c0b0c8fe x11=10001e70 x11:10001e6c  PA:10001e6c
16443891ns          301581 1c008962 08d77753 fsub.s           f14, f14, f13       f14=xxxxxxxx f14:c0b0c8fe f13:3f4866c0
16443911ns          301582 1c008966 60e77643 fmadd.s          f12, f14, f14, f12  f12=xxxxxxxx f14:c0c9d5d6 f14:c0c9d5d6 f12:4475ce55
16443931ns          301583 1c00895e 0045a70b p.lw             x14, 4(x11!)        x14=c00e9737 x11=10001e74 x11:10001e70  PA:10001e70
16443971ns          301585 1c008962 08d77753 fsub.s           f14, f14, f13       f14=xxxxxxxx f14:c00e9737 f13:3f4866c0
16443991ns          301586 1c008966 60e77643 fmadd.s          f12, f14, f14, f12  f12=xxxxxxxx f14:c040b0e7 f14:c040b0e7 f12:447fc06d
16444011ns          301587 1c00895e 0045a70b p.lw             x14, 4(x11!)        x14=3f33fe68 x11=10001e78 x11:10001e74  PA:10001e74
16444051ns          301589 1c008962 08d77753 fsub.s           f14, f14, f13       f14=xxxxxxxx f14:3f33fe68 f13:3f4866c0
16444072ns          301590 1c008966 60e77643 fmadd.s          f12, f14, f14, f12  f12=xxxxxxxx f14:bda342c0 f14:bda342c0 f12:4481024a
16444092ns          301591 1c00895e 0045a70b p.lw             x14, 4(x11!)        x14=3fb24e81 x11=10001e7c x11:10001e78  PA:10001e78
16444132ns          301593 1c008962 08d77753 fsub.s           f14, f14, f13       f14=xxxxxxxx f14:3fb24e81 f13:3f4866c0
16444152ns          301594 1c008966 60e77643 fmadd.s          f12, f14, f14, f12  f12=xxxxxxxx f14:3f1c3642 f14:3f1c3642 f12:4481027e
16444172ns          301595 1c00895e 0045a70b p.lw             x14, 4(x11!)        x14=bfcdc270 x11=10001e80 x11:10001e7c  PA:10001e7c
16444212ns          301597 1c008962 08d77753 fsub.s           f14, f14, f13       f14=xxxxxxxx f14:bfcdc270 f13:3f4866c0
16444232ns          301598 1c008966 60e77643 fmadd.s          f12, f14, f14, f12  f12=xxxxxxxx f14:c018fae8 f14:c018fae8 f12:44810e68
16444252ns          301599 1c00895e 0045a70b p.lw             x14, 4(x11!)        x14=3fe2cccc x11=10001e84 x11:10001e80  PA:10001e80
16444292ns          301601 1c008962 08d77753 fsub.s           f14, f14, f13       f14=xxxxxxxx f14:3fe2cccc f13:3f4866c0
16444312ns          301602 1c008966 60e77643 fmadd.s          f12, f14, f14, f12  f12=xxxxxxxx f14:3f7d32d8 f14:3f7d32d8 f12:4481c53e
16444332ns          301603 1c00895e 0045a70b p.lw             x14, 4(x11!)        x14=3fbd547e x11=10001e88 x11:10001e84  PA:10001e84
16444372ns          301605 1c008962 08d77753 fsub.s           f14, f14, f13       f14=xxxxxxxx f14:3fbd547e f13:3f4866c0
16444393ns          301606 1c008966 60e77643 fmadd.s          f12, f14, f14, f12  f12=xxxxxxxx f14:3f32423c f14:3f32423c f12:4481e48c
16444413ns          301607 1c00895e 0045a70b p.lw             x14, 4(x11!)        x14=c0617159 x11=10001e8c x11:10001e88  PA:10001e88
16444453ns          301609 1c008962 08d77753 fsub.s           f14, f14, f13       f14=xxxxxxxx f14:c0617159 f13:3f4866c0
16444473ns          301610 1c008966 60e77643 fmadd.s          f12, f14, f14, f12  f12=xxxxxxxx f14:c089c584 f14:c089c584 f12:4481f410
16444493ns          301611 1c00895e 0045a70b p.lw             x14, 4(x11!)        x14=401fe609 x11=10001e90 x11:10001e8c  PA:10001e8c
16444533ns          301613 1c008962 08d77753 fsub.s           f14, f14, f13       f14=xxxxxxxx f14:401fe609 f13:3f4866c0
16444553ns          301614 1c008966 60e77643 fmadd.s          f12, f14, f14, f12  f12=xxxxxxxx f14:3fdb98b2 f14:3fdb98b2 f12:44844538
16444573ns          301615 1c00895e 0045a70b p.lw             x14, 4(x11!)        x14=3fc2deac x11=10001e94 x11:10001e90  PA:10001e90
16444613ns          301617 1c008962 08d77753 fsub.s           f14, f14, f13       f14=xxxxxxxx f14:3fc2deac f13:3f4866c0
16444633ns          301618 1c008966 60e77643 fmadd.s          f12, f14, f14, f12  f12=xxxxxxxx f14:3f3d5698 f14:3f3d5698 f12:4484a367
16444653ns          301619 1c00895e 0045a70b p.lw             x14, 4(x11!)        x14=c0df4443 x11=10001e98 x11:10001e94  PA:10001e94
16444694ns          301621 1c008962 08d77753 fsub.s           f14, f14, f13       f14=xxxxxxxx f14:c0df4443 f13:3f4866c0
16444714ns          301622 1c008966 60e77643 fmadd.s          f12, f14, f14, f12  f12=xxxxxxxx f14:c0f8511b f14:c0f8511b f12:4484b4e8
16444734ns          301623 1c00895e 0045a70b p.lw             x14, 4(x11!)        x14=bf6320e8 x11=10001e9c x11:10001e98  PA:10001e98
16444774ns          301625 1c008962 08d77753 fsub.s           f14, f14, f13       f14=xxxxxxxx f14:bf6320e8 f13:3f4866c0
16444794ns          301626 1c008966 60e77643 fmadd.s          f12, f14, f14, f12  f12=xxxxxxxx f14:bfd5c3d4 f14:bfd5c3d4 f12:448c3bd2
16444814ns          301627 1c00895e 0045a70b p.lw             x14, 4(x11!)        x14=c06942b9 x11=10001ea0 x11:10001e9c  PA:10001e9c
16444854ns          301629 1c008962 08d77753 fsub.s           f14, f14, f13       f14=xxxxxxxx f14:c06942b9 f13:3f4866c0
16444874ns          301630 1c008966 60e77643 fmadd.s          f12, f14, f14, f12  f12=xxxxxxxx f14:c08dae34 f14:c08dae34 f12:448c9512
16444894ns          301631 1c00895e 0045a70b p.lw             x14, 4(x11!)        x14=bf0345fe x11=10001ea4 x11:10001ea0  PA:10001ea0
16444934ns          301633 1c008962 08d77753 fsub.s           f14, f14, f13       f14=xxxxxxxx f14:bf0345fe f13:3f4866c0
16444954ns          301634 1c008966 60e77643 fmadd.s          f12, f14, f14, f12  f12=xxxxxxxx f14:bfa5d65f f14:bfa5d65f f12:448f085d
16444974ns          301635 1c00895e 0045a70b p.lw             x14, 4(x11!)        x14=bba01ae3 x11=10001ea8 x11:10001ea4  PA:10001ea4
16445015ns          301637 1c008962 08d77753 fsub.s           f14, f14, f13       f14=xxxxxxxx f14:bba01ae3 f13:3f4866c0
16445035ns          301638 1c008966 60e77643 fmadd.s          f12, f14, f14, f12  f12=xxxxxxxx f14:bf49a6f6 f14:bf49a6f6 f12:448f3e14
16445055ns          301639 1c00895e 0045a70b p.lw             x14, 4(x11!)        x14=40601cae x11=10001eac x11:10001ea8  PA:10001ea8
16445095ns          301641 1c008962 08d77753 fsub.s           f14, f14, f13       f14=xxxxxxxx f14:40601cae f13:3f4866c0
16445115ns          301642 1c008966 60e77643 fmadd.s          f12, f14, f14, f12  f12=xxxxxxxx f14:402e02fe f14:402e02fe f12:448f51ef
16445135ns          301643 1c00895e 0045a70b p.lw             x14, 4(x11!)        x14=3ffbe091 x11=10001eb0 x11:10001eac  PA:10001eac
16445175ns          301645 1c008962 08d77753 fsub.s           f14, f14, f13       f14=xxxxxxxx f14:3ffbe091 f13:3f4866c0
16445195ns          301646 1c008966 60e77643 fmadd.s          f12, f14, f14, f12  f12=xxxxxxxx f14:3f97ad31 f14:3f97ad31 f12:44903e7f
16445215ns          301647 1c00895e 0045a70b p.lw             x14, 4(x11!)        x14=c01b0632 x11=10001eb4 x11:10001eb0  PA:10001eb0
16445255ns          301649 1c008962 08d77753 fsub.s           f14, f14, f13       f14=xxxxxxxx f14:c01b0632 f13:3f4866c0
16445275ns          301650 1c008966 60e77643 fmadd.s          f12, f14, f14, f12  f12=xxxxxxxx f14:c04d1fe2 f14:c04d1fe2 f12:44906b6e
16445296ns          301651 1c00895e 0045a70b p.lw             x14, 4(x11!)        x14=c021d90e x11=10001eb8 x11:10001eb4  PA:10001eb4
16445336ns          301653 1c008962 08d77753 fsub.s           f14, f14, f13       f14=xxxxxxxx f14:c021d90e f13:3f4866c0
16445356ns          301654 1c008966 60e77643 fmadd.s          f12, f14, f14, f12  f12=xxxxxxxx f14:c053f2be f14:c053f2be f12:4491b426
16445376ns          301655 1c00895e 0045a70b p.lw             x14, 4(x11!)        x14=bfe52efe x11=10001ebc x11:10001eb8  PA:10001eb8
16445416ns          301657 1c008962 08d77753 fsub.s           f14, f14, f13       f14=xxxxxxxx f14:bfe52efe f13:3f4866c0
16445436ns          301658 1c008966 60e77643 fmadd.s          f12, f14, f14, f12  f12=xxxxxxxx f14:c024b12f f14:c024b12f f12:4493131a
16445456ns          301659 1c00895e 0045a70b p.lw             x14, 4(x11!)        x14=c05830a3 x11=10001ec0 x11:10001ebc  PA:10001ebc
16445496ns          301661 1c008962 08d77753 fsub.s           f14, f14, f13       f14=xxxxxxxx f14:c05830a3 f13:3f4866c0
16445516ns          301662 1c008966 60e77643 fmadd.s          f12, f14, f14, f12  f12=xxxxxxxx f14:c085252a f14:c085252a f12:4493e701
16445536ns          301663 1c00895e 0045a70b p.lw             x14, 4(x11!)        x14=3fb4b361 x11=10001ec4 x11:10001ec0  PA:10001ec0
16445576ns          301665 1c008962 08d77753 fsub.s           f14, f14, f13       f14=xxxxxxxx f14:3fb4b361 f13:3f4866c0
16445596ns          301666 1c008966 60e77643 fmadd.s          f12, f14, f14, f12  f12=xxxxxxxx f14:3f210002 f14:3f210002 f12:449610fe
16445617ns          301667 1c00895e 0045a70b p.lw             x14, 4(x11!)        x14=4072b368 x11=10001ec8 x11:10001ec4  PA:10001ec4
16445657ns          301669 1c008962 08d77753 fsub.s           f14, f14, f13       f14=xxxxxxxx f14:4072b368 f13:3f4866c0
16445677ns          301670 1c008966 60e77643 fmadd.s          f12, f14, f14, f12  f12=xxxxxxxx f14:404099b8 f14:404099b8 f12:44961da6
16445697ns          301671 1c00895e 0045a70b p.lw             x14, 4(x11!)        x14=3f6583d2 x11=10001ecc x11:10001ec8  PA:10001ec8
16445737ns          301673 1c008962 08d77753 fsub.s           f14, f14, f13       f14=xxxxxxxx f14:3f6583d2 f13:3f4866c0
16445757ns          301674 1c008966 60e77643 fmadd.s          f12, f14, f14, f12  f12=xxxxxxxx f14:3de8e890 f14:3de8e890 f12:44973f74
16445777ns          301675 1c00896a 00449a93 slli             x21, x9, 0x4        x21=00000030  x9:00000003
16446198ns          301696 1c00896e 21597a83 lw               x21, x21(x18)       x21=41c86748 x21:00000030 x18:1c010000  PA:1c010030
16446540ns          301713 1c008972 00249a13 slli             x20, x9, 0x2        x20=0000000c  x9:00000003
16446560ns          301714 1c008976 1c0006b7 lui              x13, 0x1c000000     x13=1c000000
16446580ns          301715 1c00897a a1598753 fle.s            x14, f19, f21       x14=00000001 f19:41c866c0 f21:41c86748
16447021ns          301737 1c00897e 001a0793 addi             x15, x20, 1         x15=0000000d x20:0000000c
16447061ns          301739 1c008982 0546a403 lw               x8, 84(x13)          x8=3d042108 x13:1c000000  PA:1c000054
16447362ns          301754 1c008986 00279793 slli             x15, x15, 0x2       x15=00000034 x15:0000000d
16447382ns          301755 1c008988 10867453 fmul.s           f8, f12, f8          f8=xxxxxxxx f12:44973fde  f8:3d042108
16447402ns          301756 1c00898c 20f97483 lw               x9, x15(x18)         x9=41c86641 x15:00000034 x18:1c010000  PA:1c010034
16447723ns          301772 1c008990 00070663 beq              x14, x0, 12         x14:00000001
16447743ns          301773 1c008992 a13487d3 fle.s            x15, f9, f19        x15=00000001  f9:41c86641 f19:41c866c0
16447764ns          301774 1c008996 00100713 addi             x14, x0, 1          x14=00000001
16447784ns          301775 1c008998 14079b63 bne              x15, x0, 342        x15:00000001
16449188ns          301845 1c008aee 002a0993 addi             x19, x20, 2         x19=0000000e x20:0000000c
16449208ns          301846 1c008af2 00299993 slli             x19, x19, 0x2       x19=00000038 x19:0000000e
16449228ns          301847 1c008af4 21397983 lw               x19, x19(x18)       x19=421c214d x19:00000038 x18:1c010000  PA:1c010038
16449529ns          301862 1c008af8 003a0493 addi             x9, x20, 3           x9=0000000f x20:0000000c
16449549ns          301863 1c008afc a13407d3 fle.s            x15, f8, f19        x15=00000001  f8:421c20e5 f19:421c214d
16449730ns          301872 1c008b00 00249493 slli             x9, x9, 0x2          x9=0000003c  x9:0000000f
16449770ns          301874 1c008b02 20997903 lw               x18, x9(x18)        x18=421c2080  x9:0000003c x18:1c010000  PA:1c01003c
16450071ns          301889 1c008b06 06078963 beq              x15, x0, 114        x15:00000001
16450091ns          301890 1c008b08 a08907d3 fle.s            x15, f18, f8        x15=00000001 f18:421c2080  f8:421c20e5
16450111ns          301891 1c008b0c 06078663 beq              x15, x0, 108        x15:00000001
16450272ns          301899 1c008b0e f14025f3 csrrs            x11, x0, 0xf14      x11=00000003
16450312ns          301901 1c008b12 f455b5b3 p.bclr           x11, x11, 26, 5     x11=00000003 x11:00000003
16450332ns          301902 1c008b16 1a070d63 beq              x14, x0, 442        x14:00000001
16450352ns          301903 1c008b1a 1c000537 lui              x10, 0x1c000000     x10=1c000000
16450412ns          301906 1c008b1e 0f450513 addi             x10, x10, 244       x10=1c0000f4 x10:1c000000
16450452ns          301908 1c008b22 1f1000ef jal              x1, 2544             x1=1c008b26
16450533ns          301912 1c009512 fc010113 addi             x2, x2, -64          x2=10001e08  x2:10001e48
16450573ns          301914 1c009514 02410313 addi             x6, x2, 36           x6=10001e2c  x2:10001e08
16450593ns          301915 1c009518 02c12423 sw               x12, 40(x2)         x12:44973fde  x2:10001e08  PA:10001e30
16450613ns          301916 1c00951a 00a00633 add              x12, x0, x10        x12=1c0000f4 x10:1c0000f4
16450633ns          301917 1c00951c 1c009537 lui              x10, 0x1c009000     x10=1c009000
16451054ns          301938 1c009520 02b12223 sw               x11, 36(x2)         x11:00000003  x2:10001e08  PA:10001e2c
16451074ns          301939 1c009522 02d12623 sw               x13, 44(x2)         x13:1c000000  x2:10001e08  PA:10001e34
16451094ns          301940 1c009524 00200593 addi             x11, x0, 2          x11=00000002
16451114ns          301941 1c009526 006006b3 add              x13, x0, x6         x13=10001e2c  x6:10001e2c
16451135ns          301942 1c009528 4a650513 addi             x10, x10, 1190      x10=1c0094a6 x10:1c009000
16451155ns          301943 1c00952c 00112e23 sw               x1, 28(x2)           x1:1c008b26  x2:10001e08  PA:10001e24
16451175ns          301944 1c00952e 02e12823 sw               x14, 48(x2)         x14:00000001  x2:10001e08  PA:10001e38
16451195ns          301945 1c009530 02f12a23 sw               x15, 52(x2)         x15:00000001  x2:10001e08  PA:10001e3c
16451215ns          301946 1c009532 03012c23 sw               x16, 56(x2)         x16:3f6583d2  x2:10001e08  PA:10001e40
16451235ns          301947 1c009534 03112e23 sw               x17, 60(x2)         x17:3f6583d2  x2:10001e08  PA:10001e44
16451255ns          301948 1c009536 00612623 sw               x6, 12(x2)           x6:10001e2c  x2:10001e08  PA:10001e14
16451275ns          301949 1c009538 fbfff0ef jal              x1, -66              x1=1c00953a
16451415ns          301956 1c0094f6 04a0006f jal              x0, 74             
16451456ns          301958 1c009540 ed010113 addi             x2, x2, -304         x2=10001cd8  x2:10001e08
16451476ns          301959 1c009542 12812423 sw               x8, 296(x2)          x8:421c20e5  x2:10001cd8  PA:10001e00
16451496ns          301960 1c009546 00000413 addi             x8, x0, 0            x8=00000000
16451516ns          301961 1c009548 11612823 sw               x22, 272(x2)        x22:xxxxxxxx  x2:10001cd8  PA:10001de8
16451536ns          301962 1c00954c 11712623 sw               x23, 268(x2)        x23:xxxxxxxx  x2:10001cd8  PA:10001de4
16451957ns          301983 1c009550 11812423 sw               x24, 264(x2)        x24:xxxxxxxx  x2:10001cd8  PA:10001de0
16451997ns          301985 1c009554 11912223 sw               x25, 260(x2)        x25:xxxxxxxx  x2:10001cd8  PA:10001ddc
16452017ns          301986 1c009558 11a12023 sw               x26, 256(x2)        x26:xxxxxxxx  x2:10001cd8  PA:10001dd8
16452037ns          301987 1c00955c 0fb12e23 sw               x27, 252(x2)        x27:xxxxxxxx  x2:10001cd8  PA:10001dd4
16452098ns          301990 1c00955e 12112623 sw               x1, 300(x2)          x1:1c00953a  x2:10001cd8  PA:10001e04
16452118ns          301991 1c009562 00800db3 add              x27, x0, x8         x27=00000000  x8:00000000
16452138ns          301992 1c009564 12912223 sw               x9, 292(x2)          x9:0000003c  x2:10001cd8  PA:10001dfc
16452158ns          301993 1c009568 13212023 sw               x18, 288(x2)        x18:421c2080  x2:10001cd8  PA:10001df8
16452178ns          301994 1c00956c 11312e23 sw               x19, 284(x2)        x19:421c214d  x2:10001cd8  PA:10001df4
16452238ns          301997 1c009570 11412c23 sw               x20, 280(x2)        x20:0000000c  x2:10001cd8  PA:10001df0
16452278ns          301999 1c009574 11512a23 sw               x21, 276(x2)        x21:41c86748  x2:10001cd8  PA:10001dec
16452298ns          302000 1c009578 00a00b33 add              x22, x0, x10        x22=1c0094a6 x10:1c0094a6
16452318ns          302001 1c00957a 00b00d33 add              x26, x0, x11        x26=00000002 x11:00000002
16452338ns          302002 1c00957c 00d00c33 add              x24, x0, x13        x24=10001e2c x13:10001e2c
16452760ns          302023 1c00957e 1c000bb7 lui              x23, 0x1c000000     x23=1c000000
16452800ns          302025 1c009582 02410c93 addi             x25, x2, 36         x25=10001cfc  x2:10001cd8
16452820ns          302026 1c009586 00c00433 add              x8, x0, x12          x8=1c0000f4 x12:1c0000f4
16452840ns          302027 1c009588 00044503 lbu              x10, 0(x8)          x10=0000006b  x8:1c0000f4  PA:1c0000f4
16453141ns          302042 1c00958c 00140413 addi             x8, x8, 1            x8=1c0000f5  x8:1c0000f4
16453161ns          302043 1c00958e 00050e63 beq              x10, x0, 28         x10:0000006b
16453181ns          302044 1c009590 02500793 addi             x15, x0, 37         x15=00000025
16453201ns          302045 1c009594 04f50863 beq              x10, x15, 80        x10:0000006b x15:00000025
16453221ns          302046 1c009598 01a005b3 add              x11, x0, x26        x11=00000002 x26:00000002
16453241ns          302047 1c00959a 000b00e7 jalr             x1, x22, 0           x1=1c00959c x22:1c0094a6
16453382ns          302054 1c0094a6 000026b7 lui              x13, 0x2000         x13=00002000
16453422ns          302056 1c0094a8 f14027f3 csrrs            x15, x0, 0xf14      x15=00000003
16453442ns          302057 1c0094ac f8068693 addi             x13, x13, -128      x13=00001f80 x13:00002000
16453502ns          302060 1c0094b0 00379713 slli             x14, x15, 0x3       x14=00000018 x15:00000003
16453542ns          302062 1c0094b4 00279793 slli             x15, x15, 0x2       x15=0000000c x15:00000003
16453562ns          302063 1c0094b6 00d7f7b3 and              x15, x15, x13       x15=00000000 x15:0000000c x13:00001f80
16453582ns          302064 1c0094b8 ee873733 p.bclr           x14, x14, 23, 8     x14=00000018 x14:00000018
16453603ns          302065 1c0094bc 1a10f6b7 lui              x13, 0x1a10f000     x13=1a10f000
16453643ns          302067 1c0094c0 0ff57513 andi             x10, x10, 255       x10=0000006b x10:0000006b
16453683ns          302069 1c0094c4 00d70733 add              x14, x14, x13       x14=1a10f018 x14:00000018 x13:1a10f000
16453703ns          302070 1c0094c6 00a7e723 p.sw             x10, x0(x15)        x10:0000006b x15:00000000  PA:1a10f018
16454024ns          302086 1c0094ca 00000513 addi             x10, x0, 0          x10=00000000
16454044ns          302087 1c0094cc 00008067 jalr             x0, x1, 0            x1:1c00959c
16454084ns          302089 1c00959c 31f52563 p.beqimm         x10, 778            x10:00000000
16454104ns          302090 1c0095a0 001d8d93 addi             x27, x27, 1         x27=00000001 x27:00000000
16454124ns          302091 1c0095a2 00044503 lbu              x10, 0(x8)          x10=00000065  x8:1c0000f5  PA:1c0000f5
16454445ns          302107 1c0095a6 00140413 addi             x8, x8, 1            x8=1c0000f6  x8:1c0000f5
16454465ns          302108 1c0095a8 fe0514e3 bne              x10, x0, -24        x10:00000065
16454526ns          302111 1c009590 02500793 addi             x15, x0, 37         x15=00000025
16454546ns          302112 1c009594 04f50863 beq              x10, x15, 80        x10:00000065 x15:00000025
16454566ns          302113 1c009598 01a005b3 add              x11, x0, x26        x11=00000002 x26:00000002
16454586ns          302114 1c00959a 000b00e7 jalr             x1, x22, 0           x1=1c00959c x22:1c0094a6
16454626ns          302116 1c0094a6 000026b7 lui              x13, 0x2000         x13=00002000
16454646ns          302117 1c0094a8 f14027f3 csrrs            x15, x0, 0xf14      x15=00000003
16454666ns          302118 1c0094ac f8068693 addi             x13, x13, -128      x13=00001f80 x13:00002000
16454726ns          302121 1c0094b0 00379713 slli             x14, x15, 0x3       x14=00000018 x15:00000003
16454766ns          302123 1c0094b4 00279793 slli             x15, x15, 0x2       x15=0000000c x15:00000003
16454786ns          302124 1c0094b6 00d7f7b3 and              x15, x15, x13       x15=00000000 x15:0000000c x13:00001f80
16454806ns          302125 1c0094b8 ee873733 p.bclr           x14, x14, 23, 8     x14=00000018 x14:00000018
16454827ns          302126 1c0094bc 1a10f6b7 lui              x13, 0x1a10f000     x13=1a10f000
16454847ns          302127 1c0094c0 0ff57513 andi             x10, x10, 255       x10=00000065 x10:00000065
16454867ns          302128 1c0094c4 00d70733 add              x14, x14, x13       x14=1a10f018 x14:00000018 x13:1a10f000
16454887ns          302129 1c0094c6 00a7e723 p.sw             x10, x0(x15)        x10:00000065 x15:00000000  PA:1a10f018
16455208ns          302145 1c0094ca 00000513 addi             x10, x0, 0          x10=00000000
16455228ns          302146 1c0094cc 00008067 jalr             x0, x1, 0            x1:1c00959c
16455268ns          302148 1c00959c 31f52563 p.beqimm         x10, 778            x10:00000000
16455288ns          302149 1c0095a0 001d8d93 addi             x27, x27, 1         x27=00000002 x27:00000001
16455308ns          302150 1c0095a2 00044503 lbu              x10, 0(x8)          x10=00000072  x8:1c0000f6  PA:1c0000f6
16455609ns          302165 1c0095a6 00140413 addi             x8, x8, 1            x8=1c0000f7  x8:1c0000f6
16455629ns          302166 1c0095a8 fe0514e3 bne              x10, x0, -24        x10:00000072
16455689ns          302169 1c009590 02500793 addi             x15, x0, 37         x15=00000025
16455709ns          302170 1c009594 04f50863 beq              x10, x15, 80        x10:00000072 x15:00000025
16455729ns          302171 1c009598 01a005b3 add              x11, x0, x26        x11=00000002 x26:00000002
16455750ns          302172 1c00959a 000b00e7 jalr             x1, x22, 0           x1=1c00959c x22:1c0094a6
16455790ns          302174 1c0094a6 000026b7 lui              x13, 0x2000         x13=00002000
16455810ns          302175 1c0094a8 f14027f3 csrrs            x15, x0, 0xf14      x15=00000003
16455830ns          302176 1c0094ac f8068693 addi             x13, x13, -128      x13=00001f80 x13:00002000
16455890ns          302179 1c0094b0 00379713 slli             x14, x15, 0x3       x14=00000018 x15:00000003
16455930ns          302181 1c0094b4 00279793 slli             x15, x15, 0x2       x15=0000000c x15:00000003
16455950ns          302182 1c0094b6 00d7f7b3 and              x15, x15, x13       x15=00000000 x15:0000000c x13:00001f80
16455970ns          302183 1c0094b8 ee873733 p.bclr           x14, x14, 23, 8     x14=00000018 x14:00000018
16455990ns          302184 1c0094bc 1a10f6b7 lui              x13, 0x1a10f000     x13=1a10f000
16456010ns          302185 1c0094c0 0ff57513 andi             x10, x10, 255       x10=00000072 x10:00000072
16456030ns          302186 1c0094c4 00d70733 add              x14, x14, x13       x14=1a10f018 x14:00000018 x13:1a10f000
16456051ns          302187 1c0094c6 00a7e723 p.sw             x10, x0(x15)        x10:00000072 x15:00000000  PA:1a10f018
16456372ns          302203 1c0094ca 00000513 addi             x10, x0, 0          x10=00000000
16456392ns          302204 1c0094cc 00008067 jalr             x0, x1, 0            x1:1c00959c
16456432ns          302206 1c00959c 31f52563 p.beqimm         x10, 778            x10:00000000
16456452ns          302207 1c0095a0 001d8d93 addi             x27, x27, 1         x27=00000003 x27:00000002
16456472ns          302208 1c0095a2 00044503 lbu              x10, 0(x8)          x10=0000006e  x8:1c0000f7  PA:1c0000f7
16456773ns          302223 1c0095a6 00140413 addi             x8, x8, 1            x8=1c0000f8  x8:1c0000f7
16456793ns          302224 1c0095a8 fe0514e3 bne              x10, x0, -24        x10:0000006e
16456853ns          302227 1c009590 02500793 addi             x15, x0, 37         x15=00000025
16456873ns          302228 1c009594 04f50863 beq              x10, x15, 80        x10:0000006e x15:00000025
16456893ns          302229 1c009598 01a005b3 add              x11, x0, x26        x11=00000002 x26:00000002
16456913ns          302230 1c00959a 000b00e7 jalr             x1, x22, 0           x1=1c00959c x22:1c0094a6
16456953ns          302232 1c0094a6 000026b7 lui              x13, 0x2000         x13=00002000
16456974ns          302233 1c0094a8 f14027f3 csrrs            x15, x0, 0xf14      x15=00000003
16456994ns          302234 1c0094ac f8068693 addi             x13, x13, -128      x13=00001f80 x13:00002000
16457014ns          302235 1c0094b0 00379713 slli             x14, x15, 0x3       x14=00000018 x15:00000003
16457034ns          302236 1c0094b4 00279793 slli             x15, x15, 0x2       x15=0000000c x15:00000003
16457054ns          302237 1c0094b6 00d7f7b3 and              x15, x15, x13       x15=00000000 x15:0000000c x13:00001f80
16457074ns          302238 1c0094b8 ee873733 p.bclr           x14, x14, 23, 8     x14=00000018 x14:00000018
16457094ns          302239 1c0094bc 1a10f6b7 lui              x13, 0x1a10f000     x13=1a10f000
16457114ns          302240 1c0094c0 0ff57513 andi             x10, x10, 255       x10=0000006e x10:0000006e
16457134ns          302241 1c0094c4 00d70733 add              x14, x14, x13       x14=1a10f018 x14:00000018 x13:1a10f000
16457154ns          302242 1c0094c6 00a7e723 p.sw             x10, x0(x15)        x10:0000006e x15:00000000  PA:1a10f018
16457495ns          302259 1c0094ca 00000513 addi             x10, x0, 0          x10=00000000
16457515ns          302260 1c0094cc 00008067 jalr             x0, x1, 0            x1:1c00959c
16457555ns          302262 1c00959c 31f52563 p.beqimm         x10, 778            x10:00000000
16457576ns          302263 1c0095a0 001d8d93 addi             x27, x27, 1         x27=00000004 x27:00000003
16457596ns          302264 1c0095a2 00044503 lbu              x10, 0(x8)          x10=00000065  x8:1c0000f8  PA:1c0000f8
16457897ns          302279 1c0095a6 00140413 addi             x8, x8, 1            x8=1c0000f9  x8:1c0000f8
16457917ns          302280 1c0095a8 fe0514e3 bne              x10, x0, -24        x10:00000065
16457977ns          302283 1c009590 02500793 addi             x15, x0, 37         x15=00000025
16457997ns          302284 1c009594 04f50863 beq              x10, x15, 80        x10:00000065 x15:00000025
16458017ns          302285 1c009598 01a005b3 add              x11, x0, x26        x11=00000002 x26:00000002
16458037ns          302286 1c00959a 000b00e7 jalr             x1, x22, 0           x1=1c00959c x22:1c0094a6
16458077ns          302288 1c0094a6 000026b7 lui              x13, 0x2000         x13=00002000
16458097ns          302289 1c0094a8 f14027f3 csrrs            x15, x0, 0xf14      x15=00000003
16458117ns          302290 1c0094ac f8068693 addi             x13, x13, -128      x13=00001f80 x13:00002000
16458137ns          302291 1c0094b0 00379713 slli             x14, x15, 0x3       x14=00000018 x15:00000003
16458157ns          302292 1c0094b4 00279793 slli             x15, x15, 0x2       x15=0000000c x15:00000003
16458177ns          302293 1c0094b6 00d7f7b3 and              x15, x15, x13       x15=00000000 x15:0000000c x13:00001f80
16458198ns          302294 1c0094b8 ee873733 p.bclr           x14, x14, 23, 8     x14=00000018 x14:00000018
16458218ns          302295 1c0094bc 1a10f6b7 lui              x13, 0x1a10f000     x13=1a10f000
16458238ns          302296 1c0094c0 0ff57513 andi             x10, x10, 255       x10=00000065 x10:00000065
16458258ns          302297 1c0094c4 00d70733 add              x14, x14, x13       x14=1a10f018 x14:00000018 x13:1a10f000
16458278ns          302298 1c0094c6 00a7e723 p.sw             x10, x0(x15)        x10:00000065 x15:00000000  PA:1a10f018
16458599ns          302314 1c0094ca 00000513 addi             x10, x0, 0          x10=00000000
16458619ns          302315 1c0094cc 00008067 jalr             x0, x1, 0            x1:1c00959c
16458659ns          302317 1c00959c 31f52563 p.beqimm         x10, 778            x10:00000000
16458679ns          302318 1c0095a0 001d8d93 addi             x27, x27, 1         x27=00000005 x27:00000004
16458699ns          302319 1c0095a2 00044503 lbu              x10, 0(x8)          x10=0000006c  x8:1c0000f9  PA:1c0000f9
16459020ns          302335 1c0095a6 00140413 addi             x8, x8, 1            x8=1c0000fa  x8:1c0000f9
16459040ns          302336 1c0095a8 fe0514e3 bne              x10, x0, -24        x10:0000006c
16459100ns          302339 1c009590 02500793 addi             x15, x0, 37         x15=00000025
16459121ns          302340 1c009594 04f50863 beq              x10, x15, 80        x10:0000006c x15:00000025
16459141ns          302341 1c009598 01a005b3 add              x11, x0, x26        x11=00000002 x26:00000002
16459161ns          302342 1c00959a 000b00e7 jalr             x1, x22, 0           x1=1c00959c x22:1c0094a6
16459201ns          302344 1c0094a6 000026b7 lui              x13, 0x2000         x13=00002000
16459221ns          302345 1c0094a8 f14027f3 csrrs            x15, x0, 0xf14      x15=00000003
16459241ns          302346 1c0094ac f8068693 addi             x13, x13, -128      x13=00001f80 x13:00002000
16459261ns          302347 1c0094b0 00379713 slli             x14, x15, 0x3       x14=00000018 x15:00000003
16459281ns          302348 1c0094b4 00279793 slli             x15, x15, 0x2       x15=0000000c x15:00000003
16459301ns          302349 1c0094b6 00d7f7b3 and              x15, x15, x13       x15=00000000 x15:0000000c x13:00001f80
16459321ns          302350 1c0094b8 ee873733 p.bclr           x14, x14, 23, 8     x14=00000018 x14:00000018
16459341ns          302351 1c0094bc 1a10f6b7 lui              x13, 0x1a10f000     x13=1a10f000
16459361ns          302352 1c0094c0 0ff57513 andi             x10, x10, 255       x10=0000006c x10:0000006c
16459381ns          302353 1c0094c4 00d70733 add              x14, x14, x13       x14=1a10f018 x14:00000018 x13:1a10f000
16459401ns          302354 1c0094c6 00a7e723 p.sw             x10, x0(x15)        x10:0000006c x15:00000000  PA:1a10f018
16459722ns          302370 1c0094ca 00000513 addi             x10, x0, 0          x10=00000000
16459743ns          302371 1c0094cc 00008067 jalr             x0, x1, 0            x1:1c00959c
16459783ns          302373 1c00959c 31f52563 p.beqimm         x10, 778            x10:00000000
16459803ns          302374 1c0095a0 001d8d93 addi             x27, x27, 1         x27=00000006 x27:00000005
16459823ns          302375 1c0095a2 00044503 lbu              x10, 0(x8)          x10=00000020  x8:1c0000fa  PA:1c0000fa
16460124ns          302390 1c0095a6 00140413 addi             x8, x8, 1            x8=1c0000fb  x8:1c0000fa
16460144ns          302391 1c0095a8 fe0514e3 bne              x10, x0, -24        x10:00000020
16460204ns          302394 1c009590 02500793 addi             x15, x0, 37         x15=00000025
16460224ns          302395 1c009594 04f50863 beq              x10, x15, 80        x10:00000020 x15:00000025
16460244ns          302396 1c009598 01a005b3 add              x11, x0, x26        x11=00000002 x26:00000002
16460264ns          302397 1c00959a 000b00e7 jalr             x1, x22, 0           x1=1c00959c x22:1c0094a6
16460304ns          302399 1c0094a6 000026b7 lui              x13, 0x2000         x13=00002000
16460324ns          302400 1c0094a8 f14027f3 csrrs            x15, x0, 0xf14      x15=00000003
16460345ns          302401 1c0094ac f8068693 addi             x13, x13, -128      x13=00001f80 x13:00002000
16460365ns          302402 1c0094b0 00379713 slli             x14, x15, 0x3       x14=00000018 x15:00000003
16460385ns          302403 1c0094b4 00279793 slli             x15, x15, 0x2       x15=0000000c x15:00000003
16460405ns          302404 1c0094b6 00d7f7b3 and              x15, x15, x13       x15=00000000 x15:0000000c x13:00001f80
16460425ns          302405 1c0094b8 ee873733 p.bclr           x14, x14, 23, 8     x14=00000018 x14:00000018
16460445ns          302406 1c0094bc 1a10f6b7 lui              x13, 0x1a10f000     x13=1a10f000
16460465ns          302407 1c0094c0 0ff57513 andi             x10, x10, 255       x10=00000020 x10:00000020
16460485ns          302408 1c0094c4 00d70733 add              x14, x14, x13       x14=1a10f018 x14:00000018 x13:1a10f000
16460505ns          302409 1c0094c6 00a7e723 p.sw             x10, x0(x15)        x10:00000020 x15:00000000  PA:1a10f018
16460826ns          302425 1c0094ca 00000513 addi             x10, x0, 0          x10=00000000
16460846ns          302426 1c0094cc 00008067 jalr             x0, x1, 0            x1:1c00959c
16460886ns          302428 1c00959c 31f52563 p.beqimm         x10, 778            x10:00000000
16460906ns          302429 1c0095a0 001d8d93 addi             x27, x27, 1         x27=00000007 x27:00000006
16460926ns          302430 1c0095a2 00044503 lbu              x10, 0(x8)          x10=00000070  x8:1c0000fb  PA:1c0000fb
16461227ns          302445 1c0095a6 00140413 addi             x8, x8, 1            x8=1c0000fc  x8:1c0000fb
16461247ns          302446 1c0095a8 fe0514e3 bne              x10, x0, -24        x10:00000070
16461308ns          302449 1c009590 02500793 addi             x15, x0, 37         x15=00000025
16461328ns          302450 1c009594 04f50863 beq              x10, x15, 80        x10:00000070 x15:00000025
16461348ns          302451 1c009598 01a005b3 add              x11, x0, x26        x11=00000002 x26:00000002
16461368ns          302452 1c00959a 000b00e7 jalr             x1, x22, 0           x1=1c00959c x22:1c0094a6
16461408ns          302454 1c0094a6 000026b7 lui              x13, 0x2000         x13=00002000
16461428ns          302455 1c0094a8 f14027f3 csrrs            x15, x0, 0xf14      x15=00000003
16461448ns          302456 1c0094ac f8068693 addi             x13, x13, -128      x13=00001f80 x13:00002000
16461468ns          302457 1c0094b0 00379713 slli             x14, x15, 0x3       x14=00000018 x15:00000003
16461488ns          302458 1c0094b4 00279793 slli             x15, x15, 0x2       x15=0000000c x15:00000003
16461508ns          302459 1c0094b6 00d7f7b3 and              x15, x15, x13       x15=00000000 x15:0000000c x13:00001f80
16461528ns          302460 1c0094b8 ee873733 p.bclr           x14, x14, 23, 8     x14=00000018 x14:00000018
16461548ns          302461 1c0094bc 1a10f6b7 lui              x13, 0x1a10f000     x13=1a10f000
16461569ns          302462 1c0094c0 0ff57513 andi             x10, x10, 255       x10=00000070 x10:00000070
16461589ns          302463 1c0094c4 00d70733 add              x14, x14, x13       x14=1a10f018 x14:00000018 x13:1a10f000
16461609ns          302464 1c0094c6 00a7e723 p.sw             x10, x0(x15)        x10:00000070 x15:00000000  PA:1a10f018
16461930ns          302480 1c0094ca 00000513 addi             x10, x0, 0          x10=00000000
16461950ns          302481 1c0094cc 00008067 jalr             x0, x1, 0            x1:1c00959c
16461990ns          302483 1c00959c 31f52563 p.beqimm         x10, 778            x10:00000000
16462010ns          302484 1c0095a0 001d8d93 addi             x27, x27, 1         x27=00000008 x27:00000007
16462030ns          302485 1c0095a2 00044503 lbu              x10, 0(x8)          x10=00000061  x8:1c0000fc  PA:1c0000fc
16462331ns          302500 1c0095a6 00140413 addi             x8, x8, 1            x8=1c0000fd  x8:1c0000fc
16462351ns          302501 1c0095a8 fe0514e3 bne              x10, x0, -24        x10:00000061
16462411ns          302504 1c009590 02500793 addi             x15, x0, 37         x15=00000025
16462431ns          302505 1c009594 04f50863 beq              x10, x15, 80        x10:00000061 x15:00000025
16462451ns          302506 1c009598 01a005b3 add              x11, x0, x26        x11=00000002 x26:00000002
16462471ns          302507 1c00959a 000b00e7 jalr             x1, x22, 0           x1=1c00959c x22:1c0094a6
16462512ns          302509 1c0094a6 000026b7 lui              x13, 0x2000         x13=00002000
16462532ns          302510 1c0094a8 f14027f3 csrrs            x15, x0, 0xf14      x15=00000003
16462552ns          302511 1c0094ac f8068693 addi             x13, x13, -128      x13=00001f80 x13:00002000
16462572ns          302512 1c0094b0 00379713 slli             x14, x15, 0x3       x14=00000018 x15:00000003
16462592ns          302513 1c0094b4 00279793 slli             x15, x15, 0x2       x15=0000000c x15:00000003
16462612ns          302514 1c0094b6 00d7f7b3 and              x15, x15, x13       x15=00000000 x15:0000000c x13:00001f80
16462632ns          302515 1c0094b8 ee873733 p.bclr           x14, x14, 23, 8     x14=00000018 x14:00000018
16462652ns          302516 1c0094bc 1a10f6b7 lui              x13, 0x1a10f000     x13=1a10f000
16462672ns          302517 1c0094c0 0ff57513 andi             x10, x10, 255       x10=00000061 x10:00000061
16462692ns          302518 1c0094c4 00d70733 add              x14, x14, x13       x14=1a10f018 x14:00000018 x13:1a10f000
16462712ns          302519 1c0094c6 00a7e723 p.sw             x10, x0(x15)        x10:00000061 x15:00000000  PA:1a10f018
16463033ns          302535 1c0094ca 00000513 addi             x10, x0, 0          x10=00000000
16463053ns          302536 1c0094cc 00008067 jalr             x0, x1, 0            x1:1c00959c
16463093ns          302538 1c00959c 31f52563 p.beqimm         x10, 778            x10:00000000
16463114ns          302539 1c0095a0 001d8d93 addi             x27, x27, 1         x27=00000009 x27:00000008
16463134ns          302540 1c0095a2 00044503 lbu              x10, 0(x8)          x10=00000073  x8:1c0000fd  PA:1c0000fd
16463435ns          302555 1c0095a6 00140413 addi             x8, x8, 1            x8=1c0000fe  x8:1c0000fd
16463455ns          302556 1c0095a8 fe0514e3 bne              x10, x0, -24        x10:00000073
16463515ns          302559 1c009590 02500793 addi             x15, x0, 37         x15=00000025
16463535ns          302560 1c009594 04f50863 beq              x10, x15, 80        x10:00000073 x15:00000025
16463555ns          302561 1c009598 01a005b3 add              x11, x0, x26        x11=00000002 x26:00000002
16463575ns          302562 1c00959a 000b00e7 jalr             x1, x22, 0           x1=1c00959c x22:1c0094a6
16463615ns          302564 1c0094a6 000026b7 lui              x13, 0x2000         x13=00002000
16463635ns          302565 1c0094a8 f14027f3 csrrs            x15, x0, 0xf14      x15=00000003
16463655ns          302566 1c0094ac f8068693 addi             x13, x13, -128      x13=00001f80 x13:00002000
16463675ns          302567 1c0094b0 00379713 slli             x14, x15, 0x3       x14=00000018 x15:00000003
16463695ns          302568 1c0094b4 00279793 slli             x15, x15, 0x2       x15=0000000c x15:00000003
16463716ns          302569 1c0094b6 00d7f7b3 and              x15, x15, x13       x15=00000000 x15:0000000c x13:00001f80
16463736ns          302570 1c0094b8 ee873733 p.bclr           x14, x14, 23, 8     x14=00000018 x14:00000018
16463756ns          302571 1c0094bc 1a10f6b7 lui              x13, 0x1a10f000     x13=1a10f000
16463776ns          302572 1c0094c0 0ff57513 andi             x10, x10, 255       x10=00000073 x10:00000073
16463796ns          302573 1c0094c4 00d70733 add              x14, x14, x13       x14=1a10f018 x14:00000018 x13:1a10f000
16463816ns          302574 1c0094c6 00a7e723 p.sw             x10, x0(x15)        x10:00000073 x15:00000000  PA:1a10f018
16464137ns          302590 1c0094ca 00000513 addi             x10, x0, 0          x10=00000000
16464157ns          302591 1c0094cc 00008067 jalr             x0, x1, 0            x1:1c00959c
16464197ns          302593 1c00959c 31f52563 p.beqimm         x10, 778            x10:00000000
16464217ns          302594 1c0095a0 001d8d93 addi             x27, x27, 1         x27=0000000a x27:00000009
16464237ns          302595 1c0095a2 00044503 lbu              x10, 0(x8)          x10=00000073  x8:1c0000fe  PA:1c0000fe
16464538ns          302610 1c0095a6 00140413 addi             x8, x8, 1            x8=1c0000ff  x8:1c0000fe
16464558ns          302611 1c0095a8 fe0514e3 bne              x10, x0, -24        x10:00000073
16464618ns          302614 1c009590 02500793 addi             x15, x0, 37         x15=00000025
16464639ns          302615 1c009594 04f50863 beq              x10, x15, 80        x10:00000073 x15:00000025
16464659ns          302616 1c009598 01a005b3 add              x11, x0, x26        x11=00000002 x26:00000002
16464679ns          302617 1c00959a 000b00e7 jalr             x1, x22, 0           x1=1c00959c x22:1c0094a6
16464719ns          302619 1c0094a6 000026b7 lui              x13, 0x2000         x13=00002000
16464739ns          302620 1c0094a8 f14027f3 csrrs            x15, x0, 0xf14      x15=00000003
16464759ns          302621 1c0094ac f8068693 addi             x13, x13, -128      x13=00001f80 x13:00002000
16464779ns          302622 1c0094b0 00379713 slli             x14, x15, 0x3       x14=00000018 x15:00000003
16464799ns          302623 1c0094b4 00279793 slli             x15, x15, 0x2       x15=0000000c x15:00000003
16464819ns          302624 1c0094b6 00d7f7b3 and              x15, x15, x13       x15=00000000 x15:0000000c x13:00001f80
16464839ns          302625 1c0094b8 ee873733 p.bclr           x14, x14, 23, 8     x14=00000018 x14:00000018
16464859ns          302626 1c0094bc 1a10f6b7 lui              x13, 0x1a10f000     x13=1a10f000
16464879ns          302627 1c0094c0 0ff57513 andi             x10, x10, 255       x10=00000073 x10:00000073
16464899ns          302628 1c0094c4 00d70733 add              x14, x14, x13       x14=1a10f018 x14:00000018 x13:1a10f000
16464919ns          302629 1c0094c6 00a7e723 p.sw             x10, x0(x15)        x10:00000073 x15:00000000  PA:1a10f018
16465240ns          302645 1c0094ca 00000513 addi             x10, x0, 0          x10=00000000
16465261ns          302646 1c0094cc 00008067 jalr             x0, x1, 0            x1:1c00959c
16465301ns          302648 1c00959c 31f52563 p.beqimm         x10, 778            x10:00000000
16465321ns          302649 1c0095a0 001d8d93 addi             x27, x27, 1         x27=0000000b x27:0000000a
16465341ns          302650 1c0095a2 00044503 lbu              x10, 0(x8)          x10=00000065  x8:1c0000ff  PA:1c0000ff
16465642ns          302665 1c0095a6 00140413 addi             x8, x8, 1            x8=1c000100  x8:1c0000ff
16465662ns          302666 1c0095a8 fe0514e3 bne              x10, x0, -24        x10:00000065
16465722ns          302669 1c009590 02500793 addi             x15, x0, 37         x15=00000025
16465742ns          302670 1c009594 04f50863 beq              x10, x15, 80        x10:00000065 x15:00000025
16465762ns          302671 1c009598 01a005b3 add              x11, x0, x26        x11=00000002 x26:00000002
16465782ns          302672 1c00959a 000b00e7 jalr             x1, x22, 0           x1=1c00959c x22:1c0094a6
16465822ns          302674 1c0094a6 000026b7 lui              x13, 0x2000         x13=00002000
16465842ns          302675 1c0094a8 f14027f3 csrrs            x15, x0, 0xf14      x15=00000003
16465862ns          302676 1c0094ac f8068693 addi             x13, x13, -128      x13=00001f80 x13:00002000
16465883ns          302677 1c0094b0 00379713 slli             x14, x15, 0x3       x14=00000018 x15:00000003
16465903ns          302678 1c0094b4 00279793 slli             x15, x15, 0x2       x15=0000000c x15:00000003
16465923ns          302679 1c0094b6 00d7f7b3 and              x15, x15, x13       x15=00000000 x15:0000000c x13:00001f80
16465943ns          302680 1c0094b8 ee873733 p.bclr           x14, x14, 23, 8     x14=00000018 x14:00000018
16465963ns          302681 1c0094bc 1a10f6b7 lui              x13, 0x1a10f000     x13=1a10f000
16465983ns          302682 1c0094c0 0ff57513 andi             x10, x10, 255       x10=00000065 x10:00000065
16466003ns          302683 1c0094c4 00d70733 add              x14, x14, x13       x14=1a10f018 x14:00000018 x13:1a10f000
16466023ns          302684 1c0094c6 00a7e723 p.sw             x10, x0(x15)        x10:00000065 x15:00000000  PA:1a10f018
16466344ns          302700 1c0094ca 00000513 addi             x10, x0, 0          x10=00000000
16466364ns          302701 1c0094cc 00008067 jalr             x0, x1, 0            x1:1c00959c
16466404ns          302703 1c00959c 31f52563 p.beqimm         x10, 778            x10:00000000
16466424ns          302704 1c0095a0 001d8d93 addi             x27, x27, 1         x27=0000000c x27:0000000b
16466444ns          302705 1c0095a2 00044503 lbu              x10, 0(x8)          x10=00000064  x8:1c000100  PA:1c000100
16466745ns          302720 1c0095a6 00140413 addi             x8, x8, 1            x8=1c000101  x8:1c000100
16466765ns          302721 1c0095a8 fe0514e3 bne              x10, x0, -24        x10:00000064
16466826ns          302724 1c009590 02500793 addi             x15, x0, 37         x15=00000025
16466846ns          302725 1c009594 04f50863 beq              x10, x15, 80        x10:00000064 x15:00000025
16466866ns          302726 1c009598 01a005b3 add              x11, x0, x26        x11=00000002 x26:00000002
16466886ns          302727 1c00959a 000b00e7 jalr             x1, x22, 0           x1=1c00959c x22:1c0094a6
16466926ns          302729 1c0094a6 000026b7 lui              x13, 0x2000         x13=00002000
16466946ns          302730 1c0094a8 f14027f3 csrrs            x15, x0, 0xf14      x15=00000003
16466966ns          302731 1c0094ac f8068693 addi             x13, x13, -128      x13=00001f80 x13:00002000
16466986ns          302732 1c0094b0 00379713 slli             x14, x15, 0x3       x14=00000018 x15:00000003
16467006ns          302733 1c0094b4 00279793 slli             x15, x15, 0x2       x15=0000000c x15:00000003
16467026ns          302734 1c0094b6 00d7f7b3 and              x15, x15, x13       x15=00000000 x15:0000000c x13:00001f80
16467046ns          302735 1c0094b8 ee873733 p.bclr           x14, x14, 23, 8     x14=00000018 x14:00000018
16467066ns          302736 1c0094bc 1a10f6b7 lui              x13, 0x1a10f000     x13=1a10f000
16467086ns          302737 1c0094c0 0ff57513 andi             x10, x10, 255       x10=00000064 x10:00000064
16467107ns          302738 1c0094c4 00d70733 add              x14, x14, x13       x14=1a10f018 x14:00000018 x13:1a10f000
16467127ns          302739 1c0094c6 00a7e723 p.sw             x10, x0(x15)        x10:00000064 x15:00000000  PA:1a10f018
16467448ns          302755 1c0094ca 00000513 addi             x10, x0, 0          x10=00000000
16467468ns          302756 1c0094cc 00008067 jalr             x0, x1, 0            x1:1c00959c
16467508ns          302758 1c00959c 31f52563 p.beqimm         x10, 778            x10:00000000
16467528ns          302759 1c0095a0 001d8d93 addi             x27, x27, 1         x27=0000000d x27:0000000c
16467548ns          302760 1c0095a2 00044503 lbu              x10, 0(x8)          x10=00000020  x8:1c000101  PA:1c000101
16467849ns          302775 1c0095a6 00140413 addi             x8, x8, 1            x8=1c000102  x8:1c000101
16467869ns          302776 1c0095a8 fe0514e3 bne              x10, x0, -24        x10:00000020
16467929ns          302779 1c009590 02500793 addi             x15, x0, 37         x15=00000025
16467949ns          302780 1c009594 04f50863 beq              x10, x15, 80        x10:00000020 x15:00000025
16467969ns          302781 1c009598 01a005b3 add              x11, x0, x26        x11=00000002 x26:00000002
16467989ns          302782 1c00959a 000b00e7 jalr             x1, x22, 0           x1=1c00959c x22:1c0094a6
16468030ns          302784 1c0094a6 000026b7 lui              x13, 0x2000         x13=00002000
16468050ns          302785 1c0094a8 f14027f3 csrrs            x15, x0, 0xf14      x15=00000003
16468070ns          302786 1c0094ac f8068693 addi             x13, x13, -128      x13=00001f80 x13:00002000
16468090ns          302787 1c0094b0 00379713 slli             x14, x15, 0x3       x14=00000018 x15:00000003
16468110ns          302788 1c0094b4 00279793 slli             x15, x15, 0x2       x15=0000000c x15:00000003
16468130ns          302789 1c0094b6 00d7f7b3 and              x15, x15, x13       x15=00000000 x15:0000000c x13:00001f80
16468150ns          302790 1c0094b8 ee873733 p.bclr           x14, x14, 23, 8     x14=00000018 x14:00000018
16468170ns          302791 1c0094bc 1a10f6b7 lui              x13, 0x1a10f000     x13=1a10f000
16468190ns          302792 1c0094c0 0ff57513 andi             x10, x10, 255       x10=00000020 x10:00000020
16468210ns          302793 1c0094c4 00d70733 add              x14, x14, x13       x14=1a10f018 x14:00000018 x13:1a10f000
16468230ns          302794 1c0094c6 00a7e723 p.sw             x10, x0(x15)        x10:00000020 x15:00000000  PA:1a10f018
16468551ns          302810 1c0094ca 00000513 addi             x10, x0, 0          x10=00000000
16468571ns          302811 1c0094cc 00008067 jalr             x0, x1, 0            x1:1c00959c
16468611ns          302813 1c00959c 31f52563 p.beqimm         x10, 778            x10:00000000
16468632ns          302814 1c0095a0 001d8d93 addi             x27, x27, 1         x27=0000000e x27:0000000d
16468652ns          302815 1c0095a2 00044503 lbu              x10, 0(x8)          x10=0000006f  x8:1c000102  PA:1c000102
16468953ns          302830 1c0095a6 00140413 addi             x8, x8, 1            x8=1c000103  x8:1c000102
16468973ns          302831 1c0095a8 fe0514e3 bne              x10, x0, -24        x10:0000006f
16469033ns          302834 1c009590 02500793 addi             x15, x0, 37         x15=00000025
16469053ns          302835 1c009594 04f50863 beq              x10, x15, 80        x10:0000006f x15:00000025
16469073ns          302836 1c009598 01a005b3 add              x11, x0, x26        x11=00000002 x26:00000002
16469093ns          302837 1c00959a 000b00e7 jalr             x1, x22, 0           x1=1c00959c x22:1c0094a6
16469133ns          302839 1c0094a6 000026b7 lui              x13, 0x2000         x13=00002000
16469153ns          302840 1c0094a8 f14027f3 csrrs            x15, x0, 0xf14      x15=00000003
16469173ns          302841 1c0094ac f8068693 addi             x13, x13, -128      x13=00001f80 x13:00002000
16469193ns          302842 1c0094b0 00379713 slli             x14, x15, 0x3       x14=00000018 x15:00000003
16469213ns          302843 1c0094b4 00279793 slli             x15, x15, 0x2       x15=0000000c x15:00000003
16469233ns          302844 1c0094b6 00d7f7b3 and              x15, x15, x13       x15=00000000 x15:0000000c x13:00001f80
16469254ns          302845 1c0094b8 ee873733 p.bclr           x14, x14, 23, 8     x14=00000018 x14:00000018
16469274ns          302846 1c0094bc 1a10f6b7 lui              x13, 0x1a10f000     x13=1a10f000
16469294ns          302847 1c0094c0 0ff57513 andi             x10, x10, 255       x10=0000006f x10:0000006f
16469314ns          302848 1c0094c4 00d70733 add              x14, x14, x13       x14=1a10f018 x14:00000018 x13:1a10f000
16469334ns          302849 1c0094c6 00a7e723 p.sw             x10, x0(x15)        x10:0000006f x15:00000000  PA:1a10f018
16469655ns          302865 1c0094ca 00000513 addi             x10, x0, 0          x10=00000000
16469675ns          302866 1c0094cc 00008067 jalr             x0, x1, 0            x1:1c00959c
16469715ns          302868 1c00959c 31f52563 p.beqimm         x10, 778            x10:00000000
16469735ns          302869 1c0095a0 001d8d93 addi             x27, x27, 1         x27=0000000f x27:0000000e
16469755ns          302870 1c0095a2 00044503 lbu              x10, 0(x8)          x10=0000006e  x8:1c000103  PA:1c000103
16470056ns          302885 1c0095a6 00140413 addi             x8, x8, 1            x8=1c000104  x8:1c000103
16470076ns          302886 1c0095a8 fe0514e3 bne              x10, x0, -24        x10:0000006e
16470136ns          302889 1c009590 02500793 addi             x15, x0, 37         x15=00000025
16470156ns          302890 1c009594 04f50863 beq              x10, x15, 80        x10:0000006e x15:00000025
16470177ns          302891 1c009598 01a005b3 add              x11, x0, x26        x11=00000002 x26:00000002
16470197ns          302892 1c00959a 000b00e7 jalr             x1, x22, 0           x1=1c00959c x22:1c0094a6
16470237ns          302894 1c0094a6 000026b7 lui              x13, 0x2000         x13=00002000
16470257ns          302895 1c0094a8 f14027f3 csrrs            x15, x0, 0xf14      x15=00000003
16470277ns          302896 1c0094ac f8068693 addi             x13, x13, -128      x13=00001f80 x13:00002000
16470297ns          302897 1c0094b0 00379713 slli             x14, x15, 0x3       x14=00000018 x15:00000003
16470317ns          302898 1c0094b4 00279793 slli             x15, x15, 0x2       x15=0000000c x15:00000003
16470337ns          302899 1c0094b6 00d7f7b3 and              x15, x15, x13       x15=00000000 x15:0000000c x13:00001f80
16470357ns          302900 1c0094b8 ee873733 p.bclr           x14, x14, 23, 8     x14=00000018 x14:00000018
16470377ns          302901 1c0094bc 1a10f6b7 lui              x13, 0x1a10f000     x13=1a10f000
16470397ns          302902 1c0094c0 0ff57513 andi             x10, x10, 255       x10=0000006e x10:0000006e
16470417ns          302903 1c0094c4 00d70733 add              x14, x14, x13       x14=1a10f018 x14:00000018 x13:1a10f000
16470437ns          302904 1c0094c6 00a7e723 p.sw             x10, x0(x15)        x10:0000006e x15:00000000  PA:1a10f018
16470779ns          302921 1c0094ca 00000513 addi             x10, x0, 0          x10=00000000
16470799ns          302922 1c0094cc 00008067 jalr             x0, x1, 0            x1:1c00959c
16470839ns          302924 1c00959c 31f52563 p.beqimm         x10, 778            x10:00000000
16470859ns          302925 1c0095a0 001d8d93 addi             x27, x27, 1         x27=00000010 x27:0000000f
16470879ns          302926 1c0095a2 00044503 lbu              x10, 0(x8)          x10=00000020  x8:1c000104  PA:1c000104
16471180ns          302941 1c0095a6 00140413 addi             x8, x8, 1            x8=1c000105  x8:1c000104
16471200ns          302942 1c0095a8 fe0514e3 bne              x10, x0, -24        x10:00000020
16471260ns          302945 1c009590 02500793 addi             x15, x0, 37         x15=00000025
16471280ns          302946 1c009594 04f50863 beq              x10, x15, 80        x10:00000020 x15:00000025
16471300ns          302947 1c009598 01a005b3 add              x11, x0, x26        x11=00000002 x26:00000002
16471320ns          302948 1c00959a 000b00e7 jalr             x1, x22, 0           x1=1c00959c x22:1c0094a6
16471360ns          302950 1c0094a6 000026b7 lui              x13, 0x2000         x13=00002000
16471380ns          302951 1c0094a8 f14027f3 csrrs            x15, x0, 0xf14      x15=00000003
16471401ns          302952 1c0094ac f8068693 addi             x13, x13, -128      x13=00001f80 x13:00002000
16471421ns          302953 1c0094b0 00379713 slli             x14, x15, 0x3       x14=00000018 x15:00000003
16471441ns          302954 1c0094b4 00279793 slli             x15, x15, 0x2       x15=0000000c x15:00000003
16471461ns          302955 1c0094b6 00d7f7b3 and              x15, x15, x13       x15=00000000 x15:0000000c x13:00001f80
16471481ns          302956 1c0094b8 ee873733 p.bclr           x14, x14, 23, 8     x14=00000018 x14:00000018
16471501ns          302957 1c0094bc 1a10f6b7 lui              x13, 0x1a10f000     x13=1a10f000
16471521ns          302958 1c0094c0 0ff57513 andi             x10, x10, 255       x10=00000020 x10:00000020
16471541ns          302959 1c0094c4 00d70733 add              x14, x14, x13       x14=1a10f018 x14:00000018 x13:1a10f000
16471561ns          302960 1c0094c6 00a7e723 p.sw             x10, x0(x15)        x10:00000020 x15:00000000  PA:1a10f018
16471902ns          302977 1c0094ca 00000513 addi             x10, x0, 0          x10=00000000
16471922ns          302978 1c0094cc 00008067 jalr             x0, x1, 0            x1:1c00959c
16471962ns          302980 1c00959c 31f52563 p.beqimm         x10, 778            x10:00000000
16471982ns          302981 1c0095a0 001d8d93 addi             x27, x27, 1         x27=00000011 x27:00000010
16472002ns          302982 1c0095a2 00044503 lbu              x10, 0(x8)          x10=00000063  x8:1c000105  PA:1c000105
16472303ns          302997 1c0095a6 00140413 addi             x8, x8, 1            x8=1c000106  x8:1c000105
16472324ns          302998 1c0095a8 fe0514e3 bne              x10, x0, -24        x10:00000063
16472384ns          303001 1c009590 02500793 addi             x15, x0, 37         x15=00000025
16472404ns          303002 1c009594 04f50863 beq              x10, x15, 80        x10:00000063 x15:00000025
16472424ns          303003 1c009598 01a005b3 add              x11, x0, x26        x11=00000002 x26:00000002
16472444ns          303004 1c00959a 000b00e7 jalr             x1, x22, 0           x1=1c00959c x22:1c0094a6
16472484ns          303006 1c0094a6 000026b7 lui              x13, 0x2000         x13=00002000
16472504ns          303007 1c0094a8 f14027f3 csrrs            x15, x0, 0xf14      x15=00000003
16472524ns          303008 1c0094ac f8068693 addi             x13, x13, -128      x13=00001f80 x13:00002000
16472544ns          303009 1c0094b0 00379713 slli             x14, x15, 0x3       x14=00000018 x15:00000003
16472564ns          303010 1c0094b4 00279793 slli             x15, x15, 0x2       x15=0000000c x15:00000003
16472584ns          303011 1c0094b6 00d7f7b3 and              x15, x15, x13       x15=00000000 x15:0000000c x13:00001f80
16472604ns          303012 1c0094b8 ee873733 p.bclr           x14, x14, 23, 8     x14=00000018 x14:00000018
16472625ns          303013 1c0094bc 1a10f6b7 lui              x13, 0x1a10f000     x13=1a10f000
16472645ns          303014 1c0094c0 0ff57513 andi             x10, x10, 255       x10=00000063 x10:00000063
16472665ns          303015 1c0094c4 00d70733 add              x14, x14, x13       x14=1a10f018 x14:00000018 x13:1a10f000
16472685ns          303016 1c0094c6 00a7e723 p.sw             x10, x0(x15)        x10:00000063 x15:00000000  PA:1a10f018
16473026ns          303033 1c0094ca 00000513 addi             x10, x0, 0          x10=00000000
16473046ns          303034 1c0094cc 00008067 jalr             x0, x1, 0            x1:1c00959c
16473086ns          303036 1c00959c 31f52563 p.beqimm         x10, 778            x10:00000000
16473106ns          303037 1c0095a0 001d8d93 addi             x27, x27, 1         x27=00000012 x27:00000011
16473126ns          303038 1c0095a2 00044503 lbu              x10, 0(x8)          x10=0000006f  x8:1c000106  PA:1c000106
16473447ns          303054 1c0095a6 00140413 addi             x8, x8, 1            x8=1c000107  x8:1c000106
16473467ns          303055 1c0095a8 fe0514e3 bne              x10, x0, -24        x10:0000006f
16473527ns          303058 1c009590 02500793 addi             x15, x0, 37         x15=00000025
16473548ns          303059 1c009594 04f50863 beq              x10, x15, 80        x10:0000006f x15:00000025
16473568ns          303060 1c009598 01a005b3 add              x11, x0, x26        x11=00000002 x26:00000002
16473588ns          303061 1c00959a 000b00e7 jalr             x1, x22, 0           x1=1c00959c x22:1c0094a6
16473628ns          303063 1c0094a6 000026b7 lui              x13, 0x2000         x13=00002000
16473648ns          303064 1c0094a8 f14027f3 csrrs            x15, x0, 0xf14      x15=00000003
16473668ns          303065 1c0094ac f8068693 addi             x13, x13, -128      x13=00001f80 x13:00002000
16473688ns          303066 1c0094b0 00379713 slli             x14, x15, 0x3       x14=00000018 x15:00000003
16473708ns          303067 1c0094b4 00279793 slli             x15, x15, 0x2       x15=0000000c x15:00000003
16473728ns          303068 1c0094b6 00d7f7b3 and              x15, x15, x13       x15=00000000 x15:0000000c x13:00001f80
16473748ns          303069 1c0094b8 ee873733 p.bclr           x14, x14, 23, 8     x14=00000018 x14:00000018
16473768ns          303070 1c0094bc 1a10f6b7 lui              x13, 0x1a10f000     x13=1a10f000
16473788ns          303071 1c0094c0 0ff57513 andi             x10, x10, 255       x10=0000006f x10:0000006f
16473808ns          303072 1c0094c4 00d70733 add              x14, x14, x13       x14=1a10f018 x14:00000018 x13:1a10f000
16473828ns          303073 1c0094c6 00a7e723 p.sw             x10, x0(x15)        x10:0000006f x15:00000000  PA:1a10f018
16474149ns          303089 1c0094ca 00000513 addi             x10, x0, 0          x10=00000000
16474170ns          303090 1c0094cc 00008067 jalr             x0, x1, 0            x1:1c00959c
16474210ns          303092 1c00959c 31f52563 p.beqimm         x10, 778            x10:00000000
16474230ns          303093 1c0095a0 001d8d93 addi             x27, x27, 1         x27=00000013 x27:00000012
16474250ns          303094 1c0095a2 00044503 lbu              x10, 0(x8)          x10=00000072  x8:1c000107  PA:1c000107
16474551ns          303109 1c0095a6 00140413 addi             x8, x8, 1            x8=1c000108  x8:1c000107
16474571ns          303110 1c0095a8 fe0514e3 bne              x10, x0, -24        x10:00000072
16474631ns          303113 1c009590 02500793 addi             x15, x0, 37         x15=00000025
16474651ns          303114 1c009594 04f50863 beq              x10, x15, 80        x10:00000072 x15:00000025
16474671ns          303115 1c009598 01a005b3 add              x11, x0, x26        x11=00000002 x26:00000002
16474691ns          303116 1c00959a 000b00e7 jalr             x1, x22, 0           x1=1c00959c x22:1c0094a6
16474731ns          303118 1c0094a6 000026b7 lui              x13, 0x2000         x13=00002000
16474751ns          303119 1c0094a8 f14027f3 csrrs            x15, x0, 0xf14      x15=00000003
16474772ns          303120 1c0094ac f8068693 addi             x13, x13, -128      x13=00001f80 x13:00002000
16474792ns          303121 1c0094b0 00379713 slli             x14, x15, 0x3       x14=00000018 x15:00000003
16474812ns          303122 1c0094b4 00279793 slli             x15, x15, 0x2       x15=0000000c x15:00000003
16474832ns          303123 1c0094b6 00d7f7b3 and              x15, x15, x13       x15=00000000 x15:0000000c x13:00001f80
16474852ns          303124 1c0094b8 ee873733 p.bclr           x14, x14, 23, 8     x14=00000018 x14:00000018
16474872ns          303125 1c0094bc 1a10f6b7 lui              x13, 0x1a10f000     x13=1a10f000
16474892ns          303126 1c0094c0 0ff57513 andi             x10, x10, 255       x10=00000072 x10:00000072
16474912ns          303127 1c0094c4 00d70733 add              x14, x14, x13       x14=1a10f018 x14:00000018 x13:1a10f000
16474932ns          303128 1c0094c6 00a7e723 p.sw             x10, x0(x15)        x10:00000072 x15:00000000  PA:1a10f018
16475253ns          303144 1c0094ca 00000513 addi             x10, x0, 0          x10=00000000
16475273ns          303145 1c0094cc 00008067 jalr             x0, x1, 0            x1:1c00959c
16475313ns          303147 1c00959c 31f52563 p.beqimm         x10, 778            x10:00000000
16475333ns          303148 1c0095a0 001d8d93 addi             x27, x27, 1         x27=00000014 x27:00000013
16475353ns          303149 1c0095a2 00044503 lbu              x10, 0(x8)          x10=00000065  x8:1c000108  PA:1c000108
16475654ns          303164 1c0095a6 00140413 addi             x8, x8, 1            x8=1c000109  x8:1c000108
16475674ns          303165 1c0095a8 fe0514e3 bne              x10, x0, -24        x10:00000065
16475735ns          303168 1c009590 02500793 addi             x15, x0, 37         x15=00000025
16475755ns          303169 1c009594 04f50863 beq              x10, x15, 80        x10:00000065 x15:00000025
16475775ns          303170 1c009598 01a005b3 add              x11, x0, x26        x11=00000002 x26:00000002
16475795ns          303171 1c00959a 000b00e7 jalr             x1, x22, 0           x1=1c00959c x22:1c0094a6
16475835ns          303173 1c0094a6 000026b7 lui              x13, 0x2000         x13=00002000
16475855ns          303174 1c0094a8 f14027f3 csrrs            x15, x0, 0xf14      x15=00000003
16475875ns          303175 1c0094ac f8068693 addi             x13, x13, -128      x13=00001f80 x13:00002000
16475895ns          303176 1c0094b0 00379713 slli             x14, x15, 0x3       x14=00000018 x15:00000003
16475915ns          303177 1c0094b4 00279793 slli             x15, x15, 0x2       x15=0000000c x15:00000003
16475935ns          303178 1c0094b6 00d7f7b3 and              x15, x15, x13       x15=00000000 x15:0000000c x13:00001f80
16475955ns          303179 1c0094b8 ee873733 p.bclr           x14, x14, 23, 8     x14=00000018 x14:00000018
16475975ns          303180 1c0094bc 1a10f6b7 lui              x13, 0x1a10f000     x13=1a10f000
16475996ns          303181 1c0094c0 0ff57513 andi             x10, x10, 255       x10=00000065 x10:00000065
16476016ns          303182 1c0094c4 00d70733 add              x14, x14, x13       x14=1a10f018 x14:00000018 x13:1a10f000
16476036ns          303183 1c0094c6 00a7e723 p.sw             x10, x0(x15)        x10:00000065 x15:00000000  PA:1a10f018
16476357ns          303199 1c0094ca 00000513 addi             x10, x0, 0          x10=00000000
16476377ns          303200 1c0094cc 00008067 jalr             x0, x1, 0            x1:1c00959c
16476417ns          303202 1c00959c 31f52563 p.beqimm         x10, 778            x10:00000000
16476437ns          303203 1c0095a0 001d8d93 addi             x27, x27, 1         x27=00000015 x27:00000014
16476457ns          303204 1c0095a2 00044503 lbu              x10, 0(x8)          x10=00000020  x8:1c000109  PA:1c000109
16476758ns          303219 1c0095a6 00140413 addi             x8, x8, 1            x8=1c00010a  x8:1c000109
16476778ns          303220 1c0095a8 fe0514e3 bne              x10, x0, -24        x10:00000020
16476838ns          303223 1c009590 02500793 addi             x15, x0, 37         x15=00000025
16476858ns          303224 1c009594 04f50863 beq              x10, x15, 80        x10:00000020 x15:00000025
16476878ns          303225 1c009598 01a005b3 add              x11, x0, x26        x11=00000002 x26:00000002
16476898ns          303226 1c00959a 000b00e7 jalr             x1, x22, 0           x1=1c00959c x22:1c0094a6
16476939ns          303228 1c0094a6 000026b7 lui              x13, 0x2000         x13=00002000
16476959ns          303229 1c0094a8 f14027f3 csrrs            x15, x0, 0xf14      x15=00000003
16476979ns          303230 1c0094ac f8068693 addi             x13, x13, -128      x13=00001f80 x13:00002000
16476999ns          303231 1c0094b0 00379713 slli             x14, x15, 0x3       x14=00000018 x15:00000003
16477019ns          303232 1c0094b4 00279793 slli             x15, x15, 0x2       x15=0000000c x15:00000003
16477039ns          303233 1c0094b6 00d7f7b3 and              x15, x15, x13       x15=00000000 x15:0000000c x13:00001f80
16477059ns          303234 1c0094b8 ee873733 p.bclr           x14, x14, 23, 8     x14=00000018 x14:00000018
16477079ns          303235 1c0094bc 1a10f6b7 lui              x13, 0x1a10f000     x13=1a10f000
16477099ns          303236 1c0094c0 0ff57513 andi             x10, x10, 255       x10=00000020 x10:00000020
16477119ns          303237 1c0094c4 00d70733 add              x14, x14, x13       x14=1a10f018 x14:00000018 x13:1a10f000
16477139ns          303238 1c0094c6 00a7e723 p.sw             x10, x0(x15)        x10:00000020 x15:00000000  PA:1a10f018
16477460ns          303254 1c0094ca 00000513 addi             x10, x0, 0          x10=00000000
16477480ns          303255 1c0094cc 00008067 jalr             x0, x1, 0            x1:1c00959c
16477520ns          303257 1c00959c 31f52563 p.beqimm         x10, 778            x10:00000000
16477541ns          303258 1c0095a0 001d8d93 addi             x27, x27, 1         x27=00000016 x27:00000015
16477561ns          303259 1c0095a2 00044503 lbu              x10, 0(x8)          x10=00000020  x8:1c00010a  PA:1c00010a
16477862ns          303274 1c0095a6 00140413 addi             x8, x8, 1            x8=1c00010b  x8:1c00010a
16477882ns          303275 1c0095a8 fe0514e3 bne              x10, x0, -24        x10:00000020
16477942ns          303278 1c009590 02500793 addi             x15, x0, 37         x15=00000025
16477962ns          303279 1c009594 04f50863 beq              x10, x15, 80        x10:00000020 x15:00000025
16477982ns          303280 1c009598 01a005b3 add              x11, x0, x26        x11=00000002 x26:00000002
16478002ns          303281 1c00959a 000b00e7 jalr             x1, x22, 0           x1=1c00959c x22:1c0094a6
16478042ns          303283 1c0094a6 000026b7 lui              x13, 0x2000         x13=00002000
16478062ns          303284 1c0094a8 f14027f3 csrrs            x15, x0, 0xf14      x15=00000003
16478082ns          303285 1c0094ac f8068693 addi             x13, x13, -128      x13=00001f80 x13:00002000
16478102ns          303286 1c0094b0 00379713 slli             x14, x15, 0x3       x14=00000018 x15:00000003
16478122ns          303287 1c0094b4 00279793 slli             x15, x15, 0x2       x15=0000000c x15:00000003
16478142ns          303288 1c0094b6 00d7f7b3 and              x15, x15, x13       x15=00000000 x15:0000000c x13:00001f80
16478163ns          303289 1c0094b8 ee873733 p.bclr           x14, x14, 23, 8     x14=00000018 x14:00000018
16478183ns          303290 1c0094bc 1a10f6b7 lui              x13, 0x1a10f000     x13=1a10f000
16478203ns          303291 1c0094c0 0ff57513 andi             x10, x10, 255       x10=00000020 x10:00000020
16478223ns          303292 1c0094c4 00d70733 add              x14, x14, x13       x14=1a10f018 x14:00000018 x13:1a10f000
16478243ns          303293 1c0094c6 00a7e723 p.sw             x10, x0(x15)        x10:00000020 x15:00000000  PA:1a10f018
16478584ns          303310 1c0094ca 00000513 addi             x10, x0, 0          x10=00000000
16478604ns          303311 1c0094cc 00008067 jalr             x0, x1, 0            x1:1c00959c
16478644ns          303313 1c00959c 31f52563 p.beqimm         x10, 778            x10:00000000
16478664ns          303314 1c0095a0 001d8d93 addi             x27, x27, 1         x27=00000017 x27:00000016
16478684ns          303315 1c0095a2 00044503 lbu              x10, 0(x8)          x10=00000025  x8:1c00010b  PA:1c00010b
16478985ns          303330 1c0095a6 00140413 addi             x8, x8, 1            x8=1c00010c  x8:1c00010b
16479005ns          303331 1c0095a8 fe0514e3 bne              x10, x0, -24        x10:00000025
16479066ns          303334 1c009590 02500793 addi             x15, x0, 37         x15=00000025
16479086ns          303335 1c009594 04f50863 beq              x10, x15, 80        x10:00000025 x15:00000025
16479186ns          303340 1c0095e4 00044483 lbu              x9, 0(x8)            x9=00000064  x8:1c00010c  PA:1c00010c
16479507ns          303356 1c0095e8 02000693 addi             x13, x0, 32         x13=00000020
16479527ns          303357 1c0095ec 00140a93 addi             x21, x8, 1          x21=1c00010d  x8:1c00010c
16479547ns          303358 1c0095f0 009005b3 add              x11, x0, x9         x11=00000064  x9:00000064
16479567ns          303359 1c0095f2 1ccb8513 addi             x10, x23, 460       x10=1c0001cc x23:1c000000
16479587ns          303360 1c0095f6 00d12823 sw               x13, 16(x2)         x13:00000020  x2:10001cd8  PA:10001ce8
16479607ns          303361 1c0095f8 00012c23 sw               x0, 24(x2)           x2:10001cd8  PA:10001cf0
16479627ns          303362 1c0095fa 00012a23 sw               x0, 20(x2)           x2:10001cd8  PA:10001cec
16479647ns          303363 1c0095fc 00012e23 sw               x0, 28(x2)           x2:10001cd8  PA:10001cf4
16479667ns          303364 1c0095fe 00012623 sw               x0, 12(x2)           x2:10001cd8  PA:10001ce4
16479688ns          303365 1c009600 02300913 addi             x18, x0, 35         x18=00000023
16479708ns          303366 1c009604 02d00a13 addi             x20, x0, 45         x20=0000002d
16479728ns          303367 1c009608 015009b3 add              x19, x0, x21        x19=1c00010d x21:1c00010d
16479748ns          303368 1c00960a e1dff0ef jal              x1, -484             x1=1c00960c
16479908ns          303376 1c009426 00054783 lbu              x15, 0(x10)         x15=0000002d x10:1c0001cc  PA:1c0001cc
16480209ns          303391 1c00942a 0ff5f593 andi             x11, x11, 255       x11=00000064 x11:00000064
16480229ns          303392 1c00942e 00b78c63 beq              x15, x11, 24        x15:0000002d x11:00000064
16480249ns          303393 1c009432 00078b63 beq              x15, x0, 22         x15:0000002d
16480269ns          303394 1c009434 00150793 addi             x15, x10, 1         x15=1c0001cd x10:1c0001cc
16480289ns          303395 1c009438 0040006f jal              x0, 4              
16480390ns          303400 1c00943c 00f00533 add              x10, x0, x15        x10=1c0001cd x15:1c0001cd
16480410ns          303401 1c00943e 0017c70b p.lbu            x14, 1(x15!)        x14=0000002b x15=1c0001ce x15:1c0001cd  PA:1c0001cd
16480731ns          303417 1c009442 feb71ce3 bne              x14, x11, -8        x14:0000002b x11:00000064
16480791ns          303420 1c00943a 00070763 beq              x14, x0, 14         x14:0000002b
16480811ns          303421 1c00943c 00f00533 add              x10, x0, x15        x10=1c0001ce x15:1c0001ce
16480831ns          303422 1c00943e 0017c70b p.lbu            x14, 1(x15!)        x14=00000020 x15=1c0001cf x15:1c0001ce  PA:1c0001ce
16481152ns          303438 1c009442 feb71ce3 bne              x14, x11, -8        x14:00000020 x11:00000064
16481212ns          303441 1c00943a 00070763 beq              x14, x0, 14         x14:00000020
16481233ns          303442 1c00943c 00f00533 add              x10, x0, x15        x10=1c0001cf x15:1c0001cf
16481253ns          303443 1c00943e 0017c70b p.lbu            x14, 1(x15!)        x14=00000023 x15=1c0001d0 x15:1c0001cf  PA:1c0001cf
16481574ns          303459 1c009442 feb71ce3 bne              x14, x11, -8        x14:00000023 x11:00000064
16481634ns          303462 1c00943a 00070763 beq              x14, x0, 14         x14:00000023
16481654ns          303463 1c00943c 00f00533 add              x10, x0, x15        x10=1c0001d0 x15:1c0001d0
16481674ns          303464 1c00943e 0017c70b p.lbu            x14, 1(x15!)        x14=00000030 x15=1c0001d1 x15:1c0001d0  PA:1c0001d0
16481995ns          303480 1c009442 feb71ce3 bne              x14, x11, -8        x14:00000030 x11:00000064
16482055ns          303483 1c00943a 00070763 beq              x14, x0, 14         x14:00000030
16482075ns          303484 1c00943c 00f00533 add              x10, x0, x15        x10=1c0001d1 x15:1c0001d1
16482095ns          303485 1c00943e 0017c70b p.lbu            x14, 1(x15!)        x14=00000000 x15=1c0001d2 x15:1c0001d1  PA:1c0001d1
16482416ns          303501 1c009442 feb71ce3 bne              x14, x11, -8        x14:00000000 x11:00000064
16482477ns          303504 1c00943a 00070763 beq              x14, x0, 14         x14:00000000
16482537ns          303507 1c009448 0015b593 sltiu            x11, x11, 1         x11=00000000 x11:00000064
16482557ns          303508 1c00944c 40b005b3 sub              x11, x0, x11        x11=00000000 x11:00000000
16482577ns          303509 1c009450 00b57533 and              x10, x10, x11       x10=00000000 x10:1c0001d1 x11:00000000
16482597ns          303510 1c009452 00008067 jalr             x0, x1, 0            x1:1c00960c
16482637ns          303512 1c00960c 02050a63 beq              x10, x0, 52         x10:00000000
16482737ns          303517 1c009640 02a00613 addi             x12, x0, 42         x12=0000002a
16482778ns          303519 1c009644 2ac48663 beq              x9, x12, 684         x9:00000064 x12:0000002a
16482798ns          303520 1c009648 fd048613 addi             x12, x9, -48        x12=00000034  x9:00000064
16482818ns          303521 1c00964c 00900593 addi             x11, x0, 9          x11=00000009
16482838ns          303522 1c00964e 00000913 addi             x18, x0, 0          x18=00000000
16482878ns          303524 1c009650 28c5f063 bgeu             x11, x12, 640       x11:00000009 x12:00000034
16482918ns          303526 1c009654 02e00693 addi             x13, x0, 46         x13=0000002e
16482938ns          303527 1c009658 fff00a13 addi             x20, x0, -1         x20=ffffffff
16482958ns          303528 1c00965a 2ed48363 beq              x9, x13, 742         x9:00000064 x13:0000002e
16483018ns          303531 1c00965e 1c0007b7 lui              x15, 0x1c000000     x15=1c000000
16483038ns          303532 1c009662 009005b3 add              x11, x0, x9         x11=00000064  x9:00000064
16483059ns          303533 1c009664 1d478513 addi             x10, x15, 468       x10=1c0001d4 x15:1c000000
16483079ns          303534 1c009668 dbfff0ef jal              x1, -578             x1=1c00966a
16483139ns          303537 1c009426 00054783 lbu              x15, 0(x10)         x15=00000068 x10:1c0001d4  PA:1c0001d4
16483480ns          303554 1c00942a 0ff5f593 andi             x11, x11, 255       x11=00000064 x11:00000064
16483500ns          303555 1c00942e 00b78c63 beq              x15, x11, 24        x15:00000068 x11:00000064
16483520ns          303556 1c009432 00078b63 beq              x15, x0, 22         x15:00000068
16483540ns          303557 1c009434 00150793 addi             x15, x10, 1         x15=1c0001d5 x10:1c0001d4
16483560ns          303558 1c009438 0040006f jal              x0, 4              
16483600ns          303560 1c00943c 00f00533 add              x10, x0, x15        x10=1c0001d5 x15:1c0001d5
16483620ns          303561 1c00943e 0017c70b p.lbu            x14, 1(x15!)        x14=0000006c x15=1c0001d6 x15:1c0001d5  PA:1c0001d5
16483941ns          303577 1c009442 feb71ce3 bne              x14, x11, -8        x14:0000006c x11:00000064
16484002ns          303580 1c00943a 00070763 beq              x14, x0, 14         x14:0000006c
16484022ns          303581 1c00943c 00f00533 add              x10, x0, x15        x10=1c0001d6 x15:1c0001d6
16484042ns          303582 1c00943e 0017c70b p.lbu            x14, 1(x15!)        x14=0000004c x15=1c0001d7 x15:1c0001d6  PA:1c0001d6
16484363ns          303598 1c009442 feb71ce3 bne              x14, x11, -8        x14:0000004c x11:00000064
16484423ns          303601 1c00943a 00070763 beq              x14, x0, 14         x14:0000004c
16484443ns          303602 1c00943c 00f00533 add              x10, x0, x15        x10=1c0001d7 x15:1c0001d7
16484463ns          303603 1c00943e 0017c70b p.lbu            x14, 1(x15!)        x14=0000007a x15=1c0001d8 x15:1c0001d7  PA:1c0001d7
16484784ns          303619 1c009442 feb71ce3 bne              x14, x11, -8        x14:0000007a x11:00000064
16484844ns          303622 1c00943a 00070763 beq              x14, x0, 14         x14:0000007a
16484864ns          303623 1c00943c 00f00533 add              x10, x0, x15        x10=1c0001d8 x15:1c0001d8
16484884ns          303624 1c00943e 0017c70b p.lbu            x14, 1(x15!)        x14=00000000 x15=1c0001d9 x15:1c0001d8  PA:1c0001d8
16485206ns          303640 1c009442 feb71ce3 bne              x14, x11, -8        x14:00000000 x11:00000064
16485266ns          303643 1c00943a 00070763 beq              x14, x0, 14         x14:00000000
16485326ns          303646 1c009448 0015b593 sltiu            x11, x11, 1         x11=00000000 x11:00000064
16485346ns          303647 1c00944c 40b005b3 sub              x11, x0, x11        x11=00000000 x11:00000000
16485366ns          303648 1c009450 00b57533 and              x10, x10, x11       x10=00000000 x10:1c0001d8 x11:00000000
16485386ns          303649 1c009452 00008067 jalr             x0, x1, 0            x1:1c00966a
16485426ns          303651 1c00966a 01300433 add              x8, x0, x19          x8=1c00010d x19:1c00010d
16485446ns          303652 1c00966c 00050563 beq              x10, x0, 10         x10:00000000
16485567ns          303658 1c009676 06700693 addi             x13, x0, 103        x13=00000067
16485587ns          303659 1c00967a 2896d963 bge              x13, x9, 658        x13:00000067  x9:00000064
16485747ns          303667 1c00990c 06500693 addi             x13, x0, 101        x13=00000065
16485828ns          303671 1c009910 12d4d563 bge              x9, x13, 298         x9:00000064 x13:00000065
16485868ns          303673 1c009914 04700693 addi             x13, x0, 71         x13=00000047
16485888ns          303674 1c009918 dc96cbe3 blt              x13, x9, -554       x13:00000047  x9:00000064
16486169ns          303688 1c0096ee 06300693 addi             x13, x0, 99         x13=00000063
16486209ns          303690 1c0096f2 0ad488e3 beq              x9, x13, 2224        x9:00000064 x13:00000063
16486229ns          303691 1c0096f6 0096c9e3 blt              x13, x9, 2066       x13:00000063  x9:00000064
16486389ns          303699 1c009f08 000c2583 lw               x11, 0(x24)         x11=00000003 x24:10001e2c  PA:10001e2c
16486429ns          303701 1c009f0c 004c0c13 addi             x24, x24, 4         x24=10001e30 x24:10001e2c
16486490ns          303704 1c009f0e 3405cc63 blt              x11, x0, 856        x11:00000003
16486510ns          303705 1c009f12 01412603 lw               x12, 20(x2)         x12=00000000  x2:10001cd8  PA:10001cec
16486530ns          303706 1c009f14 00b006b3 add              x13, x0, x11        x13=00000003 x11:00000003
16486550ns          303707 1c009f16 2e061863 bne              x12, x0, 752        x12:00000000
16486570ns          303708 1c009f1a 01812703 lw               x14, 24(x2)         x14=00000000  x2:10001cd8  PA:10001cf0
16486590ns          303709 1c009f1c 019007b3 add              x15, x0, x25        x15=10001cfc x25:10001cfc
16486610ns          303710 1c009f1e 00070763 beq              x14, x0, 14         x14:00000000
16486670ns          303713 1c009f2c 00f00733 add              x14, x0, x15        x14=10001cfc x15:10001cfc
16486690ns          303714 1c009f2e 00a00513 addi             x10, x0, 10         x10=0000000a
16486730ns          303716 1c009f30 02a6f633 remu             x12, x13, x10       x12=00000003 x13:00000003 x10:0000000a
16487373ns          303748 1c009f34 02a6d6b3 divu             x13, x13, x10       x13=00000000 x13:00000003 x10:0000000a
16487995ns          303779 1c009f38 03060613 addi             x12, x12, 48        x12=00000033 x12:00000003
16488015ns          303780 1c009f3c 00c700ab p.sb             x12, 1(x14!)        x14=10001cfd x12:00000033 x14:10001cfc  PA:10001cfc
16488035ns          303781 1c009f40 fe0698e3 bne              x13, x0, -16        x13:00000000
16488055ns          303782 1c009f42 40f706b3 sub              x13, x14, x15       x13=00000001 x14:10001cfd x15:10001cfc
16488075ns          303783 1c009f46 0146dc63 bge              x13, x20, 24        x13:00000001 x20:ffffffff
16488195ns          303789 1c009f5e 00e006b3 add              x13, x0, x14        x13=10001cfd x14:10001cfd
16488255ns          303792 1c009f60 fe068fab p.sb             x0, -1(x13!)        x13=10001cfc x13:10001cfd  PA:10001cfd
16488296ns          303794 1c009f64 00d7fc63 bgeu             x15, x13, 24        x15:10001cfc x13:10001cfc
16488396ns          303799 1c009f7c 01412783 lw               x15, 20(x2)         x15=00000000  x2:10001cd8  PA:10001cec
16488416ns          303800 1c009f7e 01812603 lw               x12, 24(x2)         x12=00000000  x2:10001cd8  PA:10001cf0
16488476ns          303803 1c009f80 419704b3 sub              x9, x14, x25         x9=00000001 x14:10001cfd x25:10001cfc
16488516ns          303805 1c009f84 00c7e7b3 or               x15, x15, x12       x15=00000000 x15:00000000 x12:00000000
16488536ns          303806 1c009f86 00f12623 sw               x15, 12(x2)         x15:00000000  x2:10001cd8  PA:10001ce4
16488556ns          303807 1c009f88 00079363 bne              x15, x0, 6          x15:00000000
16488576ns          303808 1c009f8a 01f5d593 srli             x11, x11, 0x1f      x11=00000000 x11:00000003
16488597ns          303809 1c009f8c 00b12623 sw               x11, 12(x2)         x11:00000000  x2:10001cd8  PA:10001ce4
16488617ns          303810 1c009f8e e3fa28e3 p.beqimm         x20, -464           x20:ffffffff
16488797ns          303819 1c009dbe 0c800793 addi             x15, x0, 200        x15=000000c8
16488837ns          303821 1c009dc2 9e97d0e3 bge              x15, x9, -1568      x15:000000c8  x9:00000001
16488978ns          303828 1c0097a2 0f24d163 bge              x9, x18, 226         x9:00000001 x18:00000000
16489078ns          303833 1c009884 d00482e3 beq              x9, x0, -764         x9:00000001
16489118ns          303835 1c009888 01900933 add              x18, x0, x25        x18=10001cfc x25:10001cfc
16489138ns          303836 1c00988a 419d8db3 sub              x27, x27, x25       x27=efffe31b x27:00000017 x25:10001cfc
16489158ns          303837 1c00988e 00a0006f jal              x0, 10             
16489239ns          303841 1c009898 0019450b p.lbu            x10, 1(x18!)        x10=00000033 x18=10001cfd x18:10001cfc  PA:10001cfc
16489259ns          303842 1c00989c 01a005b3 add              x11, x0, x26        x11=00000002 x26:00000002
16489279ns          303843 1c00989e 000b00e7 jalr             x1, x22, 0           x1=1c0098a0 x22:1c0094a6
16489419ns          303850 1c0094a6 000026b7 lui              x13, 0x2000         x13=00002000
16489459ns          303852 1c0094a8 f14027f3 csrrs            x15, x0, 0xf14      x15=00000003
16489479ns          303853 1c0094ac f8068693 addi             x13, x13, -128      x13=00001f80 x13:00002000
16489499ns          303854 1c0094b0 00379713 slli             x14, x15, 0x3       x14=00000018 x15:00000003
16489520ns          303855 1c0094b4 00279793 slli             x15, x15, 0x2       x15=0000000c x15:00000003
16489540ns          303856 1c0094b6 00d7f7b3 and              x15, x15, x13       x15=00000000 x15:0000000c x13:00001f80
16489560ns          303857 1c0094b8 ee873733 p.bclr           x14, x14, 23, 8     x14=00000018 x14:00000018
16489580ns          303858 1c0094bc 1a10f6b7 lui              x13, 0x1a10f000     x13=1a10f000
16489620ns          303860 1c0094c0 0ff57513 andi             x10, x10, 255       x10=00000033 x10:00000033
16489660ns          303862 1c0094c4 00d70733 add              x14, x14, x13       x14=1a10f018 x14:00000018 x13:1a10f000
16489680ns          303863 1c0094c6 00a7e723 p.sw             x10, x0(x15)        x10:00000033 x15:00000000  PA:1a10f018
16490001ns          303879 1c0094ca 00000513 addi             x10, x0, 0          x10=00000000
16490021ns          303880 1c0094cc 00008067 jalr             x0, x1, 0            x1:1c0098a0
16490061ns          303882 1c0098a0 fff48493 addi             x9, x9, -1           x9=00000000  x9:00000001
16490081ns          303883 1c0098a2 fff537e3 p.bneimm         x10, -18            x10:00000000
16490142ns          303886 1c009890 012d8733 add              x14, x27, x18       x14=00000018 x27:efffe31b x18:10001cfd
16490162ns          303887 1c009894 5a048b63 beq              x9, x0, 1462         x9:00000000
16490262ns          303892 1c009e4a 00e00db3 add              x27, x0, x14        x27=00000018 x14:00000018
16490302ns          303894 1c009e4c f3cff06f jal              x0, -2244          
16490443ns          303901 1c009588 00044503 lbu              x10, 0(x8)          x10=0000000a  x8:1c00010d  PA:1c00010d
16490764ns          303917 1c00958c 00140413 addi             x8, x8, 1            x8=1c00010e  x8:1c00010d
16490784ns          303918 1c00958e 00050e63 beq              x10, x0, 28         x10:0000000a
16490804ns          303919 1c009590 02500793 addi             x15, x0, 37         x15=00000025
16490824ns          303920 1c009594 04f50863 beq              x10, x15, 80        x10:0000000a x15:00000025
16490844ns          303921 1c009598 01a005b3 add              x11, x0, x26        x11=00000002 x26:00000002
16490864ns          303922 1c00959a 000b00e7 jalr             x1, x22, 0           x1=1c00959c x22:1c0094a6
16491004ns          303929 1c0094a6 000026b7 lui              x13, 0x2000         x13=00002000
16491045ns          303931 1c0094a8 f14027f3 csrrs            x15, x0, 0xf14      x15=00000003
16491065ns          303932 1c0094ac f8068693 addi             x13, x13, -128      x13=00001f80 x13:00002000
16491085ns          303933 1c0094b0 00379713 slli             x14, x15, 0x3       x14=00000018 x15:00000003
16491105ns          303934 1c0094b4 00279793 slli             x15, x15, 0x2       x15=0000000c x15:00000003
16491125ns          303935 1c0094b6 00d7f7b3 and              x15, x15, x13       x15=00000000 x15:0000000c x13:00001f80
16491145ns          303936 1c0094b8 ee873733 p.bclr           x14, x14, 23, 8     x14=00000018 x14:00000018
16491165ns          303937 1c0094bc 1a10f6b7 lui              x13, 0x1a10f000     x13=1a10f000
16491185ns          303938 1c0094c0 0ff57513 andi             x10, x10, 255       x10=0000000a x10:0000000a
16491205ns          303939 1c0094c4 00d70733 add              x14, x14, x13       x14=1a10f018 x14:00000018 x13:1a10f000
16491225ns          303940 1c0094c6 00a7e723 p.sw             x10, x0(x15)        x10:0000000a x15:00000000  PA:1a10f018
16491546ns          303956 1c0094ca 00000513 addi             x10, x0, 0          x10=00000000
16491566ns          303957 1c0094cc 00008067 jalr             x0, x1, 0            x1:1c00959c
16491606ns          303959 1c00959c 31f52563 p.beqimm         x10, 778            x10:00000000
16491626ns          303960 1c0095a0 001d8d93 addi             x27, x27, 1         x27=00000019 x27:00000018
16491646ns          303961 1c0095a2 00044503 lbu              x10, 0(x8)          x10=00000000  x8:1c00010e  PA:1c00010e
16491947ns          303976 1c0095a6 00140413 addi             x8, x8, 1            x8=1c00010f  x8:1c00010e
16491968ns          303977 1c0095a8 fe0514e3 bne              x10, x0, -24        x10:00000000
16491988ns          303978 1c0095aa 01b00433 add              x8, x0, x27          x8=00000019 x27:00000019
16492008ns          303979 1c0095ac 00800533 add              x10, x0, x8         x10=00000019  x8:00000019
16492028ns          303980 1c0095ae 12c12083 lw               x1, 300(x2)          x1=1c00953a  x2:10001cd8  PA:10001e04
16492048ns          303981 1c0095b2 12812403 lw               x8, 296(x2)          x8=421c20e5  x2:10001cd8  PA:10001e00
16492068ns          303982 1c0095b6 12412483 lw               x9, 292(x2)          x9=0000003c  x2:10001cd8  PA:10001dfc
16492088ns          303983 1c0095ba 12012903 lw               x18, 288(x2)        x18=421c2080  x2:10001cd8  PA:10001df8
16492148ns          303986 1c0095be 11c12983 lw               x19, 284(x2)        x19=421c214d  x2:10001cd8  PA:10001df4
16492188ns          303988 1c0095c2 11812a03 lw               x20, 280(x2)        x20=0000000c  x2:10001cd8  PA:10001df0
16492208ns          303989 1c0095c6 11412a83 lw               x21, 276(x2)        x21=41c86748  x2:10001cd8  PA:10001dec
16492228ns          303990 1c0095ca 11012b03 lw               x22, 272(x2)        x22=xxxxxxxx  x2:10001cd8  PA:10001de8
16492289ns          303993 1c0095ce 10c12b83 lw               x23, 268(x2)        x23=xxxxxxxx  x2:10001cd8  PA:10001de4
16492329ns          303995 1c0095d2 10812c03 lw               x24, 264(x2)        x24=xxxxxxxx  x2:10001cd8  PA:10001de0
16492349ns          303996 1c0095d6 10412c83 lw               x25, 260(x2)        x25=xxxxxxxx  x2:10001cd8  PA:10001ddc
16492369ns          303997 1c0095da 10012d03 lw               x26, 256(x2)        x26=xxxxxxxx  x2:10001cd8  PA:10001dd8
16492389ns          303998 1c0095de 0fc12d83 lw               x27, 252(x2)        x27=xxxxxxxx  x2:10001cd8  PA:10001dd4
16492429ns          304000 1c0095e0 13010113 addi             x2, x2, 304          x2=10001e08  x2:10001cd8
16492449ns          304001 1c0095e2 00008067 jalr             x0, x1, 0            x1:1c00953a
16492529ns          304005 1c00953a 01c12083 lw               x1, 28(x2)           x1=1c008b26  x2:10001e08  PA:10001e24
16492569ns          304007 1c00953c 04010113 addi             x2, x2, 64           x2=10001e48  x2:10001e08
16492590ns          304008 1c00953e 00008067 jalr             x0, x1, 0            x1:1c008b26
16492710ns          304014 1c008b26 00100513 addi             x10, x0, 1          x10=00000001
16492750ns          304016 1c008b28 00154513 xori             x10, x10, 1         x10=00000000 x10:00000001
16492770ns          304017 1c008b2c 0280006f jal              x0, 40             
16492951ns          304026 1c008b54 1ac12083 lw               x1, 428(x2)          x1=1c00a7d8  x2:10001e48  PA:10001ff4
16492991ns          304028 1c008b58 1a812403 lw               x8, 424(x2)          x8=xxxxxxxx  x2:10001e48  PA:10001ff0
16493011ns          304029 1c008b5c 1a412483 lw               x9, 420(x2)          x9=xxxxxxxx  x2:10001e48  PA:10001fec
16493452ns          304051 1c008b60 1a012903 lw               x18, 416(x2)        x18=xxxxxxxx  x2:10001e48  PA:10001fe8
16493492ns          304053 1c008b64 19c12983 lw               x19, 412(x2)        x19=xxxxxxxx  x2:10001e48  PA:10001fe4
16493513ns          304054 1c008b68 19812a03 lw               x20, 408(x2)        x20=xxxxxxxx  x2:10001e48  PA:10001fe0
16493533ns          304055 1c008b6c 19412a83 lw               x21, 404(x2)        x21=xxxxxxxx  x2:10001e48  PA:10001fdc
16493974ns          304077 1c008b70 19012b03 lw               x22, 400(x2)        x22=xxxxxxxx  x2:10001e48  PA:10001fd8
16494014ns          304079 1c008b74 1b010113 addi             x2, x2, 432          x2=10001ff8  x2:10001e48
16494034ns          304080 1c008b76 00008067 jalr             x0, x1, 0            x1:1c00a7d8
16494496ns          304103 1c00a7d8 f14027f3 csrrs            x15, x0, 0xf14      x15=00000003
16494536ns          304105 1c00a7dc f457b7b3 p.bclr           x15, x15, 26, 5     x15=00000003 x15:00000003
16494977ns          304127 1c00a7e0 00079963 bne              x15, x0, 18         x15:00000003
16495499ns          304153 1c00a7f2 002047b7 lui              x15, 0x204000       x15=00204000
16495519ns          304154 1c00a7f6 fff00713 addi             x14, x0, -1         x14=ffffffff
16495539ns          304155 1c00a7f8 00e7a223 sw               x14, 4(x15)         x14:ffffffff x15:00204000  PA:00204004
